[I 2026-03-31 11:33:41,658] Trial 392 finished with value: 2901.6266077724385 and parameters: {'alpha_0': 0.0007949554381204507, 'alpha_1': 9.425032386252931e-05, 'alpha_2': 0.00024497202104314453, 'beta_0': 0.22528670263476874, 'beta_1': 0.8532222992060574, 'beta_2': 0.26283096974545384, 'beta_3': 0.0011555594736747173, 'beta_4': 5.440801749825884e-08, 'beta_5': 0.778742266465122, 'beta_6': 2.0666773760833568e-05, 'beta_7': 0.02008630369222602, 'beta_8': 0.028961591491496814, 'beta_9': 8.65327088324717e-05, 'beta_10': 1.6558526356596697e-07}. Best is trial 328 with value: 2590.2417125419443.Best trial: 328. Best value: 2590.24:  78%|███████▊  | 392/500 [15:43<02:43,  1.51s/it]Best trial: 328. Best value: 2590.24:  78%|███████▊  | 392/500 [15:43<02:43,  1.51s/it]Best trial: 328. Best value: 2590.24:  79%|███████▊  | 393/500 [15:43<02:40,  1.50s/it]                                                                                       Best trial: 328. Best value: 2590.24:  79%|███████▊  | 393/500 [15:44<02:40,  1.50s/it]Best trial: 328. Best value: 2590.24:  79%|███████▊  | 393/500 [15:44<02:40,  1.50s/it]Best trial: 328. Best value: 2590.24:  79%|███████▉  | 394/500 [15:44<02:35,  1.46s/it]                                                                                       Best trial: 328. Best value: 2590.24:  79%|███████▉  | 394/500 [15:46<02:35,  1.46s/it]Best trial: 328. Best value: 2590.24:  79%|███████▉  | 394/500 [15:46<02:35,  1.46s/it]Best trial: 328. Best value: 2590.24:  79%|███████▉  | 395/500 [15:46<02:36,  1.49s/it]                                                                                       Best trial: 328. Best value: 2590.24:  79%|███████▉  | 395/500 [15:47<02:36,  1.49s/it]Best trial: 328. Best value: 2590.24:  79%|███████▉  | 395/500 [15:47<02:36,  1.49s/it]Best trial: 328. Best value: 2590.24:  79%|███████▉  | 396/500 [15:47<02:32,  1.47s/it]                                                                                       Best trial: 328. Best value: 2590.24:  79%|███████▉  | 396/500 [15:48<02:32,  1.47s/it]Best trial: 328. Best value: 2590.24:  79%|███████▉  | 396/500 [15:49<02:32,  1.47s/it]Best trial: 328. Best value: 2590.24:  79%|███████▉  | 397/500 [15:49<02:30,  1.46s/it]                                                                                       Best trial: 328. Best value: 2590.24:  79%|███████▉  | 397/500 [15:50<02:30,  1.46s/it]Best trial: 328. Best value: 2590.24:  79%|███████▉  | 397/500 [15:50<02:30,  1.46s/it]Best trial: 328. Best value: 2590.24:  80%|███████▉  | 398/500 [15:50<02:26,  1.44s/it]                                                                                       Best trial: 328. Best value: 2590.24:  80%|███████▉  | 398/500 [15:51<02:26,  1.44s/it]Best trial: 328. Best value: 2590.24:  80%|███████▉  | 398/500 [15:52<02:26,  1.44s/it]Best trial: 328. Best value: 2590.24:  80%|███████▉  | 399/500 [15:52<02:29,  1.48s/it]                                                                                       Best trial: 328. Best value: 2590.24:  80%|███████▉  | 399/500 [15:53<02:29,  1.48s/it]Best trial: 328. Best value: 2590.24:  80%|███████▉  | 399/500 [15:53<02:29,  1.48s/it]Best trial: 328. Best value: 2590.24:  80%|████████  | 400/500 [15:53<02:30,  1.51s/it]                                                                                       Best trial: 328. Best value: 2590.24:  80%|████████  | 400/500 [15:54<02:30,  1.51s/it]Best trial: 328. Best value: 2590.24:  80%|████████  | 400/500 [15:54<02:30,  1.51s/it]Best trial: 328. Best value: 2590.24:  80%|████████  | 401/500 [15:54<02:25,  1.47s/it]                                                                                       Best trial: 328. Best value: 2590.24:  80%|████████  | 401/500 [15:56<02:25,  1.47s/it]Best trial: 328. Best value: 2590.24:  80%|████████  | 401/500 [15:56<02:25,  1.47s/it]Best trial: 328. Best value: 2590.24:  80%|████████  | 402/500 [15:56<02:24,  1.48s/it]                                                                                       Best trial: 328. Best value: 2590.24:  80%|████████  | 402/500 [15:57<02:24,  1.48s/it]Best trial: 328. Best value: 2590.24:  80%|████████  | 402/500 [15:57<02:24,  1.48s/it]Best trial: 328. Best value: 2590.24:  81%|████████  | 403/500 [15:57<02:22,  1.47s/it]                                                                                       Best trial: 328. Best value: 2590.24:  81%|████████  | 403/500 [15:59<02:22,  1.47s/it]Best trial: 328. Best value: 2590.24:  81%|████████  | 403/500 [15:59<02:22,  1.47s/it]Best trial: 328. Best value: 2590.24:  81%|████████  | 404/500 [15:59<02:20,  1.47s/it]                                                                                       Best trial: 328. Best value: 2590.24:  81%|████████  | 404/500 [16:00<02:20,  1.47s/it]Best trial: 328. Best value: 2590.24:  81%|████████  | 404/500 [16:00<02:20,  1.47s/it]Best trial: 328. Best value: 2590.24:  81%|████████  | 405/500 [16:00<02:17,  1.45s/it]                                                                                       Best trial: 328. Best value: 2590.24:  81%|████████  | 405/500 [16:02<02:17,  1.45s/it]Best trial: 328. Best value: 2590.24:  81%|████████  | 405/500 [16:02<02:17,  1.45s/it]Best trial: 328. Best value: 2590.24:  81%|████████  | 406/500 [16:02<02:13,  1.42s/it]                                                                                       
[I 2026-03-31 11:33:43,032] Trial 393 finished with value: 2843.3852595821227 and parameters: {'alpha_0': 0.0007142250867687658, 'alpha_1': 0.00010839139818202067, 'alpha_2': 0.00024065829202690308, 'beta_0': 0.21627290556802467, 'beta_1': 0.8258484262012679, 'beta_2': 0.30293960165232714, 'beta_3': 0.0008491662498293539, 'beta_4': 2.2537066206098699e-07, 'beta_5': 0.7436900198894963, 'beta_6': 2.5949431782627358e-05, 'beta_7': 0.024875129664983574, 'beta_8': 0.02999974623009884, 'beta_9': 3.618682898733166e-05, 'beta_10': 1.0039007452002643e-07}. Best is trial 328 with value: 2590.2417125419443.
[I 2026-03-31 11:33:44,604] Trial 394 finished with value: 3285.017692763193 and parameters: {'alpha_0': 0.0008723895186408365, 'alpha_1': 0.00010028778448628414, 'alpha_2': 0.00023384063234127203, 'beta_0': 0.22912943055600413, 'beta_1': 0.8843486582271471, 'beta_2': 0.3263063611700916, 'beta_3': 0.00097547306601826, 'beta_4': 1.4170157825252483e-07, 'beta_5': 0.7875666310620145, 'beta_6': 2.3798987364602298e-05, 'beta_7': 0.02182945865809054, 'beta_8': 0.028640527274632878, 'beta_9': 8.808060241306093e-05, 'beta_10': 2.041249801593222e-07}. Best is trial 328 with value: 2590.2417125419443.
[I 2026-03-31 11:33:46,006] Trial 395 finished with value: 2738.2854770627528 and parameters: {'alpha_0': 0.0005832824926511489, 'alpha_1': 8.55321582996807e-05, 'alpha_2': 0.0002446004673491123, 'beta_0': 0.23409612498747598, 'beta_1': 0.8274376645928883, 'beta_2': 0.25414065568361216, 'beta_3': 0.0012127106290370118, 'beta_4': 3.271994063439029e-07, 'beta_5': 0.7710161028155152, 'beta_6': 1.919593496979557e-05, 'beta_7': 0.026360429813621418, 'beta_8': 0.029471859176405317, 'beta_9': 8.370783782981897e-05, 'beta_10': 1.535524162184715e-07}. Best is trial 328 with value: 2590.2417125419443.
[I 2026-03-31 11:33:47,451] Trial 396 finished with value: 2796.429124325743 and parameters: {'alpha_0': 0.0006596981095708917, 'alpha_1': 9.283791251788942e-05, 'alpha_2': 0.00023745081447858996, 'beta_0': 0.2474738070814108, 'beta_1': 1.1781047698821678, 'beta_2': 0.27749138108899846, 'beta_3': 0.0008012569900201893, 'beta_4': 2.5120203663378827e-07, 'beta_5': 0.7531557336485264, 'beta_6': 2.4813148829442075e-05, 'beta_7': 0.023491788926848892, 'beta_8': 0.02913150526002998, 'beta_9': 9.638380071649987e-05, 'beta_10': 1.9082653658048145e-07}. Best is trial 328 with value: 2590.2417125419443.
[I 2026-03-31 11:33:48,838] Trial 397 finished with value: 2721.885881789859 and parameters: {'alpha_0': 0.0009779323242248544, 'alpha_1': 0.00010129626394725724, 'alpha_2': 0.0002307150083450051, 'beta_0': 0.23894933854493866, 'beta_1': 0.8580773246731789, 'beta_2': 0.17637848433840939, 'beta_3': 0.0013449136991083952, 'beta_4': 4.3532630627393693e-07, 'beta_5': 0.8048499173263535, 'beta_6': 2.6665695036939558e-05, 'beta_7': 0.021624711076185816, 'beta_8': 0.02954226858592754, 'beta_9': 8.14523736001238e-05, 'beta_10': 2.742657615372237e-07}. Best is trial 328 with value: 2590.2417125419443.
[I 2026-03-31 11:33:50,430] Trial 398 finished with value: 3485.528607555049 and parameters: {'alpha_0': 0.0007791245670734474, 'alpha_1': 0.00011070839921514621, 'alpha_2': 0.0002411873769115017, 'beta_0': 0.22100030582760585, 'beta_1': 0.920682478977983, 'beta_2': 0.20144047301124876, 'beta_3': 0.0010351600238075343, 'beta_4': 1.3662899555914422e-07, 'beta_5': 0.7364244917390869, 'beta_6': 2.1714030674592297e-05, 'beta_7': 0.027296351312175077, 'beta_8': 0.028390719657618253, 'beta_9': 9.047893536767283e-05, 'beta_10': 1.3782089577137127e-07}. Best is trial 328 with value: 2590.2417125419443.
[I 2026-03-31 11:33:51,997] Trial 399 finished with value: 3140.3049414248662 and parameters: {'alpha_0': 0.0008702681533841977, 'alpha_1': 8.840521993516499e-05, 'alpha_2': 0.0002448484036820501, 'beta_0': 0.21213487656594904, 'beta_1': 0.8980619217703325, 'beta_2': 0.311607687513083, 'beta_3': 0.001278354879338629, 'beta_4': 3.3034532392847317e-07, 'beta_5': 0.7667530768388249, 'beta_6': 2.432032564521569e-05, 'beta_7': 0.020070149603142542, 'beta_8': 0.029106794690987595, 'beta_9': 9.378352791188702e-05, 'beta_10': 2.3513880135866611e-07}. Best is trial 328 with value: 2590.2417125419443.
[I 2026-03-31 11:33:53,357] Trial 400 finished with value: 2655.1828189241073 and parameters: {'alpha_0': 0.0005966237014496443, 'alpha_1': 9.673510801626806e-05, 'alpha_2': 0.00023498421031511774, 'beta_0': 0.22589167524346548, 'beta_1': 0.826142014225829, 'beta_2': 0.23372016161541362, 'beta_3': 0.0008942420598728682, 'beta_4': 2.1655887926430574e-07, 'beta_5': 0.8020701820847815, 'beta_6': 2.328873553875761e-05, 'beta_7': 0.024179840187451014, 'beta_8': 0.02997770924251859, 'beta_9': 7.975503183567827e-05, 'beta_10': 1.6583362142607753e-07}. Best is trial 328 with value: 2590.2417125419443.
[I 2026-03-31 11:33:54,867] Trial 401 finished with value: 3487.2172547255645 and parameters: {'alpha_0': 0.0007367107300850851, 'alpha_1': 0.00010305767017001239, 'alpha_2': 0.000246200661062835, 'beta_0': 0.21920053405617318, 'beta_1': 0.8640595015316545, 'beta_2': 0.28873247069460717, 'beta_3': 0.00111277495097671, 'beta_4': 1.3144833472501353e-07, 'beta_5': 0.7861755669049995, 'beta_6': 2.2428175870814032e-05, 'beta_7': 0.022806348401152494, 'beta_8': 0.02939071372437814, 'beta_9': 8.665197127307258e-05, 'beta_10': 1.0391937817103042e-06}. Best is trial 328 with value: 2590.2417125419443.
[I 2026-03-31 11:33:56,328] Trial 402 finished with value: 3027.3270101443577 and parameters: {'alpha_0': 0.000662022794539345, 'alpha_1': 0.00012361021276737164, 'alpha_2': 0.00022728387484390852, 'beta_0': 0.23114743354560968, 'beta_1': 0.9502265050313697, 'beta_2': 0.33164537250714815, 'beta_3': 0.0013549109247861844, 'beta_4': 4.344246822522904e-07, 'beta_5': 0.748502131663226, 'beta_6': 2.1299830106033988e-05, 'beta_7': 0.08630198349764412, 'beta_8': 0.02865596921443448, 'beta_9': 8.261505358345864e-05, 'beta_10': 1.0471197004583985e-07}. Best is trial 328 with value: 2590.2417125419443.
[I 2026-03-31 11:33:57,787] Trial 403 finished with value: 2822.0722746683523 and parameters: {'alpha_0': 0.000829441387371908, 'alpha_1': 8.702684509907057e-05, 'alpha_2': 0.00024999873365310704, 'beta_0': 0.2426735707805404, 'beta_1': 0.8438135073404367, 'beta_2': 0.2509386466826734, 'beta_3': 0.0013084948021019227, 'beta_4': 2.2708778080625921e-07, 'beta_5': 0.7104384053211289, 'beta_6': 3.404205049998424e-05, 'beta_7': 0.02538824873476009, 'beta_8': 0.029992166643847316, 'beta_9': 8.553893146930905e-05, 'beta_10': 1.9372191303964609e-07}. Best is trial 328 with value: 2590.2417125419443.
[I 2026-03-31 11:33:59,190] Trial 404 finished with value: 2702.4175994926904 and parameters: {'alpha_0': 0.0009665251293068032, 'alpha_1': 9.205436015521297e-05, 'alpha_2': 0.00023873567057941896, 'beta_0': 0.23523824937889593, 'beta_1': 0.8776478187034649, 'beta_2': 0.26686703898697534, 'beta_3': 0.0012499891425593534, 'beta_4': 5.688948132103737e-08, 'beta_5': 0.759657749322729, 'beta_6': 3.579603709959639e-05, 'beta_7': 0.022490814958142577, 'beta_8': 0.029422897718688966, 'beta_9': 9.199720645882517e-05, 'beta_10': 1.3004092143348123e-07}. Best is trial 328 with value: 2590.2417125419443.
[I 2026-03-31 11:34:00,533] Trial 405 finished with value: 3899.656288874785 and parameters: {'alpha_0': 0.0005011993359032284, 'alpha_1': 8.432495523342018e-05, 'alpha_2': 0.00023267681053137928, 'beta_0': 0.2149550631135194, 'beta_1': 0.8227082832991355, 'beta_2': 0.3078725764874274, 'beta_3': 0.0009949617178613697, 'beta_4': 3.2848251739870906e-07, 'beta_5': 0.804129051082292, 'beta_6': 2.041634289752922e-05, 'beta_7': 0.02717644841317219, 'beta_8': 0.028176435315860466, 'beta_9': 8.81544885375445e-05, 'beta_10': 1.646380661587537e-07}. Best is trial 328 with value: 2590.2417125419443.
[I 2026-03-31 11:34:09,906] Trial 406 finished with value: 8288.575949116726 and parameters: {'alpha_0': 0.0007112261851954049, 'alpha_1': 0.00010447778597275297, 'alpha_2': 0.0002415997108312498, 'beta_0': 0.22374360186901365, 'beta_1': 0.9210934683239582, 'beta_2': 0.21836274369029363, 'beta_3': 0.001073303476925658, 'beta_4': 5.159062367918208e-08, 'beta_5': 0.7371609151615163, 'beta_6': 2.6004473120826134e-05, 'beta_7': 0.020022740480815527, 'beta_8': 0.019993238257667363, 'beta_9': 9.92907253999294e-05, 'beta_10': 1.0007827404866831e-07}. Best is trial 328 with value: 2590.2417125419443.Best trial: 328. Best value: 2590.24:  81%|████████  | 406/500 [16:11<02:13,  1.42s/it]Best trial: 328. Best value: 2590.24:  81%|████████  | 406/500 [16:11<02:13,  1.42s/it]Best trial: 328. Best value: 2590.24:  81%|████████▏ | 407/500 [16:11<05:53,  3.81s/it]                                                                                       Best trial: 328. Best value: 2590.24:  81%|████████▏ | 407/500 [16:12<05:53,  3.81s/it]Best trial: 328. Best value: 2590.24:  81%|████████▏ | 407/500 [16:12<05:53,  3.81s/it]Best trial: 328. Best value: 2590.24:  82%|████████▏ | 408/500 [16:12<04:44,  3.09s/it]                                                                                       Best trial: 328. Best value: 2590.24:  82%|████████▏ | 408/500 [16:14<04:44,  3.09s/it]Best trial: 328. Best value: 2590.24:  82%|████████▏ | 408/500 [16:14<04:44,  3.09s/it]Best trial: 328. Best value: 2590.24:  82%|████████▏ | 409/500 [16:14<03:54,  2.57s/it]                                                                                       Best trial: 328. Best value: 2590.24:  82%|████████▏ | 409/500 [16:23<03:54,  2.57s/it]Best trial: 328. Best value: 2590.24:  82%|████████▏ | 409/500 [16:23<03:54,  2.57s/it]Best trial: 328. Best value: 2590.24:  82%|████████▏ | 410/500 [16:23<07:01,  4.68s/it]                                                                                       Best trial: 328. Best value: 2590.24:  82%|████████▏ | 410/500 [16:25<07:01,  4.68s/it]Best trial: 328. Best value: 2590.24:  82%|████████▏ | 410/500 [16:25<07:01,  4.68s/it]Best trial: 328. Best value: 2590.24:  82%|████████▏ | 411/500 [16:25<05:31,  3.72s/it]                                                                                       Best trial: 328. Best value: 2590.24:  82%|████████▏ | 411/500 [16:26<05:31,  3.72s/it]Best trial: 328. Best value: 2590.24:  82%|████████▏ | 411/500 [16:26<05:31,  3.72s/it]Best trial: 328. Best value: 2590.24:  82%|████████▏ | 412/500 [16:26<04:30,  3.07s/it]                                                                                       Best trial: 328. Best value: 2590.24:  82%|████████▏ | 412/500 [16:28<04:30,  3.07s/it]Best trial: 328. Best value: 2590.24:  82%|████████▏ | 412/500 [16:28<04:30,  3.07s/it]Best trial: 328. Best value: 2590.24:  83%|████████▎ | 413/500 [16:28<03:44,  2.58s/it]Best trial: 328. Best value: 2590.24:  83%|████████▎ | 413/500 [16:28<03:28,  2.39s/it]

[I 2026-03-31 11:34:11,332] Trial 407 finished with value: 2907.8187295849966 and parameters: {'alpha_0': 0.0006079494247598795, 'alpha_1': 9.546400003305047e-05, 'alpha_2': 0.00023734198333129333, 'beta_0': 0.2181158983638263, 'beta_1': 0.851015559516415, 'beta_2': 0.33023237959960683, 'beta_3': 0.0009299339110129735, 'beta_4': 1.936053815856285e-07, 'beta_5': 0.7783780512824947, 'beta_6': 1.8482751056179157e-05, 'beta_7': 0.024900496116097896, 'beta_8': 0.029018371115288585, 'beta_9': 8.366597492750507e-05, 'beta_10': 2.3238635688542775e-07}. Best is trial 328 with value: 2590.2417125419443.
[I 2026-03-31 11:34:12,695] Trial 408 finished with value: 2699.273148399037 and parameters: {'alpha_0': 0.000777128705249259, 'alpha_1': 0.00011166705493398775, 'alpha_2': 0.0002458952581352142, 'beta_0': 0.22834421243641057, 'beta_1': 0.9732568765417198, 'beta_2': 1.0632443891871455, 'beta_3': 0.0013736392577505681, 'beta_4': 4.329339600905726e-07, 'beta_5': 0.794231576670745, 'beta_6': 2.1940482340576317e-05, 'beta_7': 0.0222773492663519, 'beta_8': 0.029573446127058124, 'beta_9': 8.043533684771063e-05, 'beta_10': 1.970191658075489e-07}. Best is trial 328 with value: 2590.2417125419443.
[I 2026-03-31 11:34:22,296] Trial 409 finished with value: 11276.491506956445 and parameters: {'alpha_0': 0.0008447952873442549, 'alpha_1': 9.849356529782046e-05, 'alpha_2': 0.00022977570339431885, 'beta_0': 0.2385084853106473, 'beta_1': 0.8243770557160373, 'beta_2': 0.2872186010989251, 'beta_3': 0.001211163971879103, 'beta_4': 1.3857270888303278e-07, 'beta_5': 0.7246728346233156, 'beta_6': 2.5259605179169672e-05, 'beta_7': 0.02425140665804785, 'beta_8': 0.02320372429256035, 'beta_9': 8.920472375878743e-05, 'beta_10': 1.4560320523809952e-07}. Best is trial 328 with value: 2590.2417125419443.
[I 2026-03-31 11:34:23,779] Trial 410 finished with value: 2749.095512946536 and parameters: {'alpha_0': 0.0005659547889795298, 'alpha_1': 9.191963373981404e-05, 'alpha_2': 4.474666597878229e-05, 'beta_0': 0.23120274691463621, 'beta_1': 0.8919314078730083, 'beta_2': 0.2969035603133555, 'beta_3': 0.0013199834691160874, 'beta_4': 2.913549564105068e-07, 'beta_5': 0.7624836374535493, 'beta_6': 2.2879040329176605e-05, 'beta_7': 0.02554293145782259, 'beta_8': 0.029999852522608693, 'beta_9': 9.511410841968378e-05, 'beta_10': 1.0001803839644498e-07}. Best is trial 328 with value: 2590.2417125419443.
[I 2026-03-31 11:34:25,337] Trial 411 finished with value: 3207.2610277828335 and parameters: {'alpha_0': 0.0006677083994099158, 'alpha_1': 8.49085720376535e-05, 'alpha_2': 0.00024083072988479855, 'beta_0': 0.2110209727300027, 'beta_1': 0.8482660977588659, 'beta_2': 0.25612114142691567, 'beta_3': 0.001143242452647276, 'beta_4': 2.291998980615465e-07, 'beta_5': 0.8061937409203257, 'beta_6': 2.101617826886237e-05, 'beta_7': 0.021756948998367737, 'beta_8': 0.02908218084551684, 'beta_9': 7.839115754502321e-05, 'beta_10': 1.6525411935793433e-07}. Best is trial 328 with value: 2590.2417125419443.
