[I 2026-03-31 11:24:53,895] Trial 118 finished with value: 3225.670446236819 and parameters: {'alpha_0': 0.003276335875300699, 'alpha_1': 5.438649072664737e-05, 'alpha_2': 0.00015936757485794268, 'beta_0': 0.26841336140819044, 'beta_1': 1.159863688209661, 'beta_2': 0.24185825606313943, 'beta_3': 0.002407226852925895, 'beta_4': 2.0268137645487694e-07, 'beta_5': 0.7598657131939194, 'beta_6': 1.2542687939657434e-05, 'beta_7': 0.051384567862794175, 'beta_8': 0.02857535840092933, 'beta_9': 6.93959941136253e-05, 'beta_10': 9.342993135484538e-07}. Best is trial 96 with value: 3025.72841870304.
[I 2026-03-31 11:24:55,405] Trial 119 finished with value: 3666.216961407364 and parameters: {'alpha_0': 0.003036100418697662, 'alpha_1': 5.33246874501533e-05, 'alpha_2': 0.0001655907729969296, 'beta_0': 0.2676508077244585, 'beta_1': 1.1317185522795954, 'beta_2': 0.2304872619733869, 'beta_3': 0.002448055388385968, 'beta_4': 2.0154948635694846e-07, 'beta_5': 0.7559426579778222, 'beta_6': 1.207203028217017e-05, 'beta_7': 0.05332208666748313, 'beta_8': 0.027358162536002553, 'beta_9': 6.939974603056749e-05, 'beta_10': 9.431573638887626e-07}. Best is trial 96 with value: 3025.72841870304.
[I 2026-03-31 11:24:56,733] Trial 120 finished with value: 3345.945677179109 and parameters: {'alpha_0': 0.0029090154215878654, 'alpha_1': 5.788753790854907e-05, 'alpha_2': 0.00015934997874863174, 'beta_0': 0.28480961288210455, 'beta_1': 1.3337645658838526, 'beta_2': 0.2311455154080382, 'beta_3': 0.002399646326569578, 'beta_4': 5.4812447495669104e-08, 'beta_5': 0.8580447612098931, 'beta_6': 1.0486222998609481e-05, 'beta_7': 0.061485827097385405, 'beta_8': 0.028262885630513705, 'beta_9': 6.615421649571883e-05, 'beta_10': 1.1149536427134028e-06}. Best is trial 96 with value: 3025.72841870304.
[I 2026-03-31 11:24:58,161] Trial 121 finished with value: 3658.9653575983602 and parameters: {'alpha_0': 0.0032289776299040474, 'alpha_1': 7.092073859337886e-05, 'alpha_2': 0.0001473637153897083, 'beta_0': 0.2799980432091931, 'beta_1': 1.1915935668000825, 'beta_2': 0.3605581974637586, 'beta_3': 0.002373381292801174, 'beta_4': 4.4610525298757413e-07, 'beta_5': 0.8146440819866614, 'beta_6': 1.272465850136143e-05, 'beta_7': 0.049899877335256124, 'beta_8': 0.02861324284698197, 'beta_9': 7.211293779957427e-05, 'beta_10': 1.199379793129183e-06}. Best is trial 96 with value: 3025.72841870304.
[I 2026-03-31 11:24:59,465] Trial 122 finished with value: 3042.86701289739 and parameters: {'alpha_0': 0.0027603873811779616, 'alpha_1': 7.526265210541174e-05, 'alpha_2': 0.00012118348522597402, 'beta_0': 0.1529669297726677, 'beta_1': 1.124605793474196, 'beta_2': 0.2745066822437671, 'beta_3': 0.0024500298078541536, 'beta_4': 2.991365720773484e-07, 'beta_5': 0.7702361866308187, 'beta_6': 1.4683815281297805e-05, 'beta_7': 0.046611605456838144, 'beta_8': 0.02928652976505432, 'beta_9': 6.331714781548472e-05, 'beta_10': 7.788612853517265e-07}. Best is trial 96 with value: 3025.72841870304.
[I 2026-03-31 11:25:00,789] Trial 123 finished with value: 3098.3530596590854 and parameters: {'alpha_0': 0.0023345481300090167, 'alpha_1': 7.398411247731995e-05, 'alpha_2': 0.00012145241209044649, 'beta_0': 0.2632208511193518, 'beta_1': 1.0772369647696594, 'beta_2': 0.2941010823724595, 'beta_3': 0.002441298662980635, 'beta_4': 2.8704923607437235e-07, 'beta_5': 0.7750682887432954, 'beta_6': 1.4766673030361804e-05, 'beta_7': 0.045477211920354005, 'beta_8': 0.029351010591686773, 'beta_9': 5.8037778189393946e-05, 'beta_10': 8.08780077732317e-07}. Best is trial 96 with value: 3025.72841870304.
[I 2026-03-31 11:25:02,111] Trial 124 finished with value: 3051.2014419092397 and parameters: {'alpha_0': 0.002279425125065711, 'alpha_1': 6.677933955125882e-05, 'alpha_2': 0.00012146590381034585, 'beta_0': 0.2510567147180986, 'beta_1': 1.059880182192626, 'beta_2': 0.29210357115091495, 'beta_3': 0.002444135626027086, 'beta_4': 3.0076335325429553e-07, 'beta_5': 0.7808319103918829, 'beta_6': 1.4829354275855348e-05, 'beta_7': 0.035292159138629396, 'beta_8': 0.029351793445373676, 'beta_9': 5.893796141442977e-05, 'beta_10': 7.998594609100362e-07}. Best is trial 96 with value: 3025.72841870304.
[I 2026-03-31 11:25:03,419] Trial 125 finished with value: 3305.873513948013 and parameters: {'alpha_0': 0.0022218408556227975, 'alpha_1': 7.354014362697338e-05, 'alpha_2': 0.00012156755743226259, 'beta_0': 0.18058400791106147, 'beta_1': 1.0857222595208214, 'beta_2': 0.27804533192068853, 'beta_3': 0.0023503926462617006, 'beta_4': 2.9932080029249233e-07, 'beta_5': 0.7743117557316312, 'beta_6': 1.3322932568714636e-05, 'beta_7': 0.03313757901171621, 'beta_8': 0.029264448012245977, 'beta_9': 5.740540183519376e-05, 'beta_10': 8.193912436044311e-07}. Best is trial 96 with value: 3025.72841870304.
[I 2026-03-31 11:25:04,722] Trial 126 finished with value: 3024.3874809330737 and parameters: {'alpha_0': 0.0023752157838644967, 'alpha_1': 8.360667765173044e-05, 'alpha_2': 0.00013663946541779627, 'beta_0': 0.2571022011523295, 'beta_1': 1.0599856136404897, 'beta_2': 0.28302952663397035, 'beta_3': 0.002498433379669261, 'beta_4': 3.747116388060672e-07, 'beta_5': 0.8039802226237344, 'beta_6': 1.489513784115214e-05, 'beta_7': 0.038008574863060245, 'beta_8': 0.029421802798027075, 'beta_9': 6.149381687007434e-05, 'beta_10': 6.813401970580894e-07}. Best is trial 126 with value: 3024.3874809330737.Best trial: 96. Best value: 3025.73:  25%|██▌       | 126/500 [07:06<09:22,  1.50s/it]Best trial: 126. Best value: 3024.39:  25%|██▌       | 126/500 [07:06<09:22,  1.50s/it]Best trial: 126. Best value: 3024.39:  25%|██▌       | 127/500 [07:06<08:58,  1.44s/it]                                                                                       Best trial: 126. Best value: 3024.39:  25%|██▌       | 127/500 [07:07<08:58,  1.44s/it]Best trial: 126. Best value: 3024.39:  25%|██▌       | 127/500 [07:07<08:58,  1.44s/it]Best trial: 126. Best value: 3024.39:  26%|██▌       | 128/500 [07:07<08:39,  1.40s/it]                                                                                       Best trial: 126. Best value: 3024.39:  26%|██▌       | 128/500 [07:08<08:39,  1.40s/it]Best trial: 126. Best value: 3024.39:  26%|██▌       | 128/500 [07:08<08:39,  1.40s/it]Best trial: 126. Best value: 3024.39:  26%|██▌       | 129/500 [07:08<08:28,  1.37s/it]                                                                                       Best trial: 126. Best value: 3024.39:  26%|██▌       | 129/500 [07:10<08:28,  1.37s/it]Best trial: 126. Best value: 3024.39:  26%|██▌       | 129/500 [07:10<08:28,  1.37s/it]Best trial: 126. Best value: 3024.39:  26%|██▌       | 130/500 [07:10<08:27,  1.37s/it]                                                                                       Best trial: 126. Best value: 3024.39:  26%|██▌       | 130/500 [07:11<08:27,  1.37s/it]Best trial: 126. Best value: 3024.39:  26%|██▌       | 130/500 [07:11<08:27,  1.37s/it]Best trial: 126. Best value: 3024.39:  26%|██▌       | 131/500 [07:11<08:17,  1.35s/it]                                                                                       Best trial: 126. Best value: 3024.39:  26%|██▌       | 131/500 [07:12<08:17,  1.35s/it]Best trial: 126. Best value: 3024.39:  26%|██▌       | 131/500 [07:12<08:17,  1.35s/it]Best trial: 126. Best value: 3024.39:  26%|██▋       | 132/500 [07:12<08:08,  1.33s/it]                                                                                       Best trial: 126. Best value: 3024.39:  26%|██▋       | 132/500 [07:14<08:08,  1.33s/it]Best trial: 132. Best value: 2980.42:  26%|██▋       | 132/500 [07:14<08:08,  1.33s/it]Best trial: 132. Best value: 2980.42:  27%|██▋       | 133/500 [07:14<08:08,  1.33s/it]                                                                                       Best trial: 132. Best value: 2980.42:  27%|██▋       | 133/500 [07:15<08:08,  1.33s/it]Best trial: 132. Best value: 2980.42:  27%|██▋       | 133/500 [07:15<08:08,  1.33s/it]Best trial: 132. Best value: 2980.42:  27%|██▋       | 134/500 [07:15<08:08,  1.34s/it]                                                                                       Best trial: 132. Best value: 2980.42:  27%|██▋       | 134/500 [07:16<08:08,  1.34s/it]Best trial: 132. Best value: 2980.42:  27%|██▋       | 134/500 [07:16<08:08,  1.34s/it]Best trial: 132. Best value: 2980.42:  27%|██▋       | 135/500 [07:16<08:07,  1.34s/it]                                                                                       Best trial: 132. Best value: 2980.42:  27%|██▋       | 135/500 [07:18<08:07,  1.34s/it]Best trial: 132. Best value: 2980.42:  27%|██▋       | 135/500 [07:18<08:07,  1.34s/it]Best trial: 132. Best value: 2980.42:  27%|██▋       | 136/500 [07:18<08:16,  1.36s/it]                                                                                       Best trial: 132. Best value: 2980.42:  27%|██▋       | 136/500 [07:42<08:16,  1.36s/it]Best trial: 132. Best value: 2980.42:  27%|██▋       | 136/500 [07:42<08:16,  1.36s/it]Best trial: 132. Best value: 2980.42:  27%|██▋       | 137/500 [07:42<50:37,  8.37s/it]                                                                                       Best trial: 132. Best value: 2980.42:  27%|██▋       | 137/500 [07:44<50:37,  8.37s/it]Best trial: 132. Best value: 2980.42:  27%|██▋       | 137/500 [07:44<50:37,  8.37s/it]Best trial: 132. Best value: 2980.42:  28%|██▊       | 138/500 [07:44<37:47,  6.26s/it]                                                                                       Best trial: 132. Best value: 2980.42:  28%|██▊       | 138/500 [07:45<37:47,  6.26s/it]Best trial: 132. Best value: 2980.42:  28%|██▊       | 138/500 [07:45<37:47,  6.26s/it]Best trial: 132. Best value: 2980.42:  28%|██▊       | 139/500 [07:45<28:49,  4.79s/it]                                                                                       Best trial: 132. Best value: 2980.42:  28%|██▊       | 139/500 [07:46<28:49,  4.79s/it]Best trial: 132. Best value: 2980.42:  28%|██▊       | 139/500 [07:46<28:49,  4.79s/it]Best trial: 132. Best value: 2980.42:  28%|██▊       | 140/500 [07:46<22:29,  3.75s/it]                                                                                       
[I 2026-03-31 11:25:06,005] Trial 127 finished with value: 3149.018784993822 and parameters: {'alpha_0': 0.002359734606962677, 'alpha_1': 0.00010167561901062182, 'alpha_2': 0.00013768467772099099, 'beta_0': 0.2591937841090417, 'beta_1': 1.021076660326145, 'beta_2': 0.2896245157099655, 'beta_3': 0.002449651851312278, 'beta_4': 3.9662628884366314e-07, 'beta_5': 0.8103511646736715, 'beta_6': 1.4874268655712064e-05, 'beta_7': 0.027909291264418913, 'beta_8': 0.029342237259246364, 'beta_9': 5.757722818756022e-05, 'beta_10': 6.762949572406228e-07}. Best is trial 126 with value: 3024.3874809330737.
[I 2026-03-31 11:25:07,323] Trial 128 finished with value: 3024.8893915866593 and parameters: {'alpha_0': 0.0023348416185598863, 'alpha_1': 0.00010149891656486862, 'alpha_2': 0.00013928595390577778, 'beta_0': 0.2540960465001031, 'beta_1': 1.0603479313775117, 'beta_2': 0.20924704130218444, 'beta_3': 0.0024492329901747902, 'beta_4': 3.8402043150036454e-07, 'beta_5': 0.7968676640718265, 'beta_6': 1.5128044803652355e-05, 'beta_7': 0.03745605999294914, 'beta_8': 0.029468506321865668, 'beta_9': 5.7355254332778276e-05, 'beta_10': 6.786895691475448e-07}. Best is trial 126 with value: 3024.3874809330737.
[I 2026-03-31 11:25:08,692] Trial 129 finished with value: 3186.540828200005 and parameters: {'alpha_0': 0.002263847049322659, 'alpha_1': 0.00010271259310662371, 'alpha_2': 0.00013896966105944155, 'beta_0': 0.2529293865346233, 'beta_1': 1.02097019719061, 'beta_2': 0.2039964658643051, 'beta_3': 0.002450033431364984, 'beta_4': 3.5014258566403825e-07, 'beta_5': 0.8126127172476747, 'beta_6': 1.547027423921764e-05, 'beta_7': 0.027411918006344106, 'beta_8': 0.029026210109669458, 'beta_9': 5.831036396884384e-05, 'beta_10': 8.098730630194147e-07}. Best is trial 126 with value: 3024.3874809330737.
[I 2026-03-31 11:25:09,986] Trial 130 finished with value: 3106.9667956717717 and parameters: {'alpha_0': 0.0020626088764730184, 'alpha_1': 8.456727989249059e-05, 'alpha_2': 0.00013713408751978278, 'beta_0': 0.2559319359189176, 'beta_1': 0.9709698950707902, 'beta_2': 0.18488438795494763, 'beta_3': 0.0022537649943648605, 'beta_4': 4.05794039360548e-07, 'beta_5': 0.7952935328810107, 'beta_6': 1.4382787794421407e-05, 'beta_7': 0.02650789489299909, 'beta_8': 0.029452317285453177, 'beta_9': 5.03029745235592e-05, 'beta_10': 6.743325048293553e-07}. Best is trial 126 with value: 3024.3874809330737.
[I 2026-03-31 11:25:11,265] Trial 131 finished with value: 3111.0010741540655 and parameters: {'alpha_0': 0.0020708349634731803, 'alpha_1': 8.57585075535474e-05, 'alpha_2': 0.0001361878198289494, 'beta_0': 0.256766069483646, 'beta_1': 0.9403358625147977, 'beta_2': 0.19446341388996674, 'beta_3': 0.0022387005797782685, 'beta_4': 4.185147929751464e-07, 'beta_5': 0.7955305350939988, 'beta_6': 1.4313510028831014e-05, 'beta_7': 0.03766779843747522, 'beta_8': 0.02950185241569106, 'beta_9': 5.3049152527683375e-05, 'beta_10': 6.667980540300047e-07}. Best is trial 126 with value: 3024.3874809330737.
[I 2026-03-31 11:25:12,607] Trial 132 finished with value: 2980.416052806296 and parameters: {'alpha_0': 0.001997657120265095, 'alpha_1': 8.29560868869902e-05, 'alpha_2': 0.00014220827035736524, 'beta_0': 0.2514164256513303, 'beta_1': 0.9588574394895655, 'beta_2': 0.16551765981618663, 'beta_3': 0.0022086625729405463, 'beta_4': 3.0420545491560516e-07, 'beta_5': 0.787789584953831, 'beta_6': 1.4084444945505522e-05, 'beta_7': 0.03715116964239637, 'beta_8': 0.028857101204195202, 'beta_9': 5.2857962821126625e-05, 'beta_10': 6.391081669080898e-07}. Best is trial 132 with value: 2980.416052806296.
[I 2026-03-31 11:25:13,952] Trial 133 finished with value: 3060.9092432621455 and parameters: {'alpha_0': 0.001855910075785295, 'alpha_1': 8.480144599125196e-05, 'alpha_2': 0.00014852731320301124, 'beta_0': 0.2516941098069005, 'beta_1': 0.934604722991146, 'beta_2': 0.17819549309660482, 'beta_3': 0.0022139713950261493, 'beta_4': 5.421719703852344e-07, 'beta_5': 0.787286856720555, 'beta_6': 1.3960788334439827e-05, 'beta_7': 0.03627711365123857, 'beta_8': 0.028861468151662607, 'beta_9': 5.124557681338225e-05, 'beta_10': 6.4357123919459e-07}. Best is trial 132 with value: 2980.416052806296.
[I 2026-03-31 11:25:15,287] Trial 134 finished with value: 3065.5979063920113 and parameters: {'alpha_0': 0.0020577109597044317, 'alpha_1': 8.679928642923025e-05, 'alpha_2': 0.00015129049274832578, 'beta_0': 0.25007128472608464, 'beta_1': 0.9574565311427209, 'beta_2': 0.19639130465255314, 'beta_3': 0.0022175685114072955, 'beta_4': 5.843086789655794e-07, 'beta_5': 0.7884879983152298, 'beta_6': 1.4624298926772967e-05, 'beta_7': 0.03620425304712316, 'beta_8': 0.02838109423687015, 'beta_9': 5.217249315380025e-05, 'beta_10': 6.432263802768346e-07}. Best is trial 132 with value: 2980.416052806296.
[I 2026-03-31 11:25:16,719] Trial 135 finished with value: 3219.5143768278385 and parameters: {'alpha_0': 0.0020453967331509767, 'alpha_1': 7.483063316796046e-05, 'alpha_2': 0.00015127235423864117, 'beta_0': 0.25077093384890803, 'beta_1': 0.9470574507040064, 'beta_2': 0.18732080790109917, 'beta_3': 0.002231668582829559, 'beta_4': 5.579749324356006e-07, 'beta_5': 0.7890921955762326, 'beta_6': 1.4379631094461928e-05, 'beta_7': 0.03603710170070194, 'beta_8': 0.028223078100127433, 'beta_9': 5.090218416853913e-05, 'beta_10': 5.963881304795882e-07}. Best is trial 132 with value: 2980.416052806296.
[I 2026-03-31 11:25:41,427] Trial 136 finished with value: 8333.39045444671 and parameters: {'alpha_0': 0.0017533638803920353, 'alpha_1': 8.859311645763486e-05, 'alpha_2': 0.00014347425796005004, 'beta_0': 0.2410336355274618, 'beta_1': 0.8457863227205062, 'beta_2': 0.17181213963515687, 'beta_3': 0.0021069908788547004, 'beta_4': 6.910136613766133e-07, 'beta_5': 0.7743668066295283, 'beta_6': 1.3879473821680788e-05, 'beta_7': 0.037139590447394656, 'beta_8': 0.007608210952539506, 'beta_9': 5.283137562158754e-05, 'beta_10': 6.424189451173598e-07}. Best is trial 132 with value: 2980.416052806296.
[I 2026-03-31 11:25:42,778] Trial 137 finished with value: 4141.713636472787 and parameters: {'alpha_0': 0.0021442734406811425, 'alpha_1': 7.852668884430973e-05, 'alpha_2': 0.00017306098313629926, 'beta_0': 0.2564538302413657, 'beta_1': 0.8997317076528072, 'beta_2': 0.20184482838647932, 'beta_3': 0.0021431162196084612, 'beta_4': 4.909359177430952e-07, 'beta_5': 0.7475249230236717, 'beta_6': 1.4724438922077618e-05, 'beta_7': 0.04590388281547128, 'beta_8': 0.027023518622522294, 'beta_9': 4.824774758027156e-05, 'beta_10': 6.634545845513961e-07}. Best is trial 132 with value: 2980.416052806296.
[I 2026-03-31 11:25:44,133] Trial 138 finished with value: 3002.0632206068067 and parameters: {'alpha_0': 0.0018758794172115097, 'alpha_1': 9.43637369671567e-05, 'alpha_2': 0.00015586277702473578, 'beta_0': 0.25113427312072667, 'beta_1': 1.0627252820731852, 'beta_2': 0.25832719966731316, 'beta_3': 0.002211560659748237, 'beta_4': 5.795268340911045e-07, 'beta_5': 0.8010662445959966, 'beta_6': 1.5726365214595286e-05, 'beta_7': 0.03498673460392727, 'beta_8': 0.02867872888970038, 'beta_9': 5.480136991085889e-05, 'beta_10': 6.164183176067409e-07}. Best is trial 132 with value: 2980.416052806296.
[I 2026-03-31 11:25:45,449] Trial 139 finished with value: 3127.1131941080366 and parameters: {'alpha_0': 0.0018872489694553311, 'alpha_1': 9.601389555314772e-05, 'alpha_2': 0.00015750466908295981, 'beta_0': 0.2297305487572953, 'beta_1': 0.9805786366295893, 'beta_2': 0.2542120237710851, 'beta_3': 0.0021919426143727706, 'beta_4': 5.816224268395684e-07, 'beta_5': 0.7704058776547008, 'beta_6': 1.6775593782662787e-05, 'beta_7': 0.03133335520790533, 'beta_8': 0.02847286335976101, 'beta_9': 4.382527243374184e-05, 'beta_10': 6.128430222626104e-07}. Best is trial 132 with value: 2980.416052806296.
