[I 2026-03-31 11:17:58,459] A new study created in memory with name: iter12_evolved
======================================================================
INNER LOOP SETUP
======================================================================

Iteration: 12
Backend: evolved
Reasoning: Iteration 12: Memory Bandwidth Saturation via Widened β₃' Bounds (SIMPLIFIED DESIGN)

**ORIGINAL HYPOTHESIS (REJECTED)**: Split β₆ → β₆ₐ (fixed) + β₁₁ (queueing delay per token)
- Profiling data showed queueing delay does NOT scale linearly with tokens
- Cold-start dominates (2-7× higher TTFT), steady-state weakly correlated with sequence length
- β₆ = 60-100ms is CORRECT (captures cold-start + batch formation), expected range was WRONG

**SECOND HYPOTHESIS (REJECTED)**: Add β₁₁ (bandwidth penalty) separate from β₃'
- β₁₁ and β₃' would have IDENTICAL basis function: Σ(prefillTokens × numLayers)
- Creates collinearity problem - optimizer cannot distinguish CPU-side (β₃') from GPU-side (β₁₁)
- Overly complex solution for single underlying mechanism

**FINAL SIMPLIFIED HYPOTHESIS**: Widen β₃' bounds to capture BOTH mechanisms

Profiling data analysis (Scout general/roleplay, Llama-3.1, Qwen2.5):
  - Cold-start effect: First 4-10 requests have 2-7× higher TTFT, then stabilizes
  - Steady-state TTFT: 25-120ms (weakly correlated with tokens, NOT linear)
  - β₆ = 99ms (iter9) captures AVERAGE across cold/warm requests → NOT inflation

Root cause analysis (iter9 coefficient explosions):
  - β₂ (TP comm): 0.82 vs 0.25-0.60 expected (3× high)
  - β₃ (KV mgmt): 9.6ms vs 0.4-1.5ms expected (6× high)
  - β₆ (scheduler): 99ms vs 15-40ms expected (2.5-6× high, but profiling shows 40-100ms is correct)
  - **Pattern**: All three exploded TOGETHER in iter9 when β₉ (FP8) rejected

Hypothesis: Single root cause = memory bandwidth saturation during long-sequence prefill
  - Long sequences (500 tokens × 56 layers) generate ~420 MB memory traffic
  - Saturates H100 HBM bandwidth (2.0-2.3 TB/s effective during prefill)
  - Slows down ALL memory operations simultaneously:
    → TP communication stalls (β₂ inflates)
    → KV cache access stalls (β₃ inflates)
    → Scheduler waits for memory (β₆ inflates)

Iter12 simplified strategy: Widen β₃' bounds to capture BOTH KV allocation + bandwidth penalty
  - β₃' already exists from iter11 (basis function: Σ(prefillTokens × numLayers))
  - Original role: CPU-side KV cache block allocation (PagedAttention)
  - Extended role: ALSO captures GPU-side HBM bandwidth saturation penalty
  - Solution: Widen bounds from [0.05-2.0μs] to [0.05-5.0μs] (2.5× increase)
  - Advantage: Single term, no collinearity, simpler than adding β₁₁

Changes from iter11:
  - Widen β₃' bounds: [0.05-2.0μs] → [0.05-5.0μs] (to capture bandwidth penalty)
  - Update β₆ expected range: 15-40ms → 40-100ms (based on profiling data)
  - Warm-start from iter9 (NOT iter10/11 catastrophic failures)
  - Total coefficients: 3 alpha + 11 beta (β₀-β₈, β₁₀, β₃') - SAME as iter11

Expected outcome: Cascading stabilization triggers β₂ (0.82 → 0.25-0.60), β₃ (9.6ms → 0.4-1.5ms),
β₃' (0.252μs → 1-3μs), β₆ (99ms → 40-100ms or accept as correct), overall loss improves to <120%
(25% improvement from iter9's 160.6%)

**Why simplified**: Avoids collinearity by using single term with wider bounds instead of adding
separate β₁₁ term that would compete with β₃' for same variance

Modified files: ['sim/latency/evolved_model.go']

Verifying declared files...
  ✓ sim/latency/evolved_model.go

Running pre-flight validation...
🔍 Validating backend 'evolved' integration...

  ✅ Backend registered in sim/bundle.go
  ✅ Auto-fetch block found in cmd/root.go
  ✅ Backend in analytical backends config loading condition
  ✅ BLIS binary is up-to-date

  🧪 Running test simulation with backend 'evolved'...
  📋 Using coefficients from iteration 12:
     Alpha: 3 coefficients
     Beta: 11 coefficients
  ✅ Test simulation succeeded

======================================================================
✅ ALL VALIDATION CHECKS PASSED
======================================================================

Backend 'evolved' is properly integrated and ready for optimization!


Coefficient bounds loaded:
  Alpha: 3 coefficients
  Beta: 11 coefficients

Python executable: /Users/dipanwitaguhathakurta/Downloads/inference-sim-package/inference-sim/.inference-sim-env/bin/python3

Compiling BLIS...
  ✓ Compilation successful (0.1s)

Setup complete. Ready to optimize evolved.
======================================================================

======================================================================
BAYESIAN OPTIMIZATION (up to 500 trials)
Early stopping: >1% improvement required in 200-trial window
Random seed: 42 (deterministic)
======================================================================
  Warm-start: Enqueued initial trial with suggested values
  0%|          | 0/500 [00:00<?, ?it/s]/Users/dipanwitaguhathakurta/Downloads/inference-sim-package/inference-sim/.inference-sim-env/lib/python3.13/site-packages/optuna/trial/_trial.py:656: UserWarning: Fixed parameter 'alpha_0' with value 0.000351 is out of range for distribution FloatDistribution(high=0.005, log=False, low=0.0005, step=None).
  warnings.warn(
/Users/dipanwitaguhathakurta/Downloads/inference-sim-package/inference-sim/.inference-sim-env/lib/python3.13/site-packages/optuna/trial/_trial.py:656: UserWarning: Fixed parameter 'beta_3' with value 0.00959 is out of range for distribution FloatDistribution(high=0.0025, log=False, low=0.0002, step=None).
  warnings.warn(
/Users/dipanwitaguhathakurta/Downloads/inference-sim-package/inference-sim/.inference-sim-env/lib/python3.13/site-packages/optuna/trial/_trial.py:656: UserWarning: Fixed parameter 'beta_6' with value 0.0198 is out of range for distribution FloatDistribution(high=4e-05, log=False, low=1e-05, step=None).
  warnings.warn(
                                         0%|          | 0/500 [00:09<?, ?it/s]Best trial: 0. Best value: 9129.08:   0%|          | 0/500 [00:09<?, ?it/s]Best trial: 0. Best value: 9129.08:   0%|          | 1/500 [00:09<1:16:55,  9.25s/it]                                                                                     Best trial: 0. Best value: 9129.08:   0%|          | 1/500 [00:10<1:16:55,  9.25s/it]Best trial: 1. Best value: 4427.11:   0%|          | 1/500 [00:10<1:16:55,  9.25s/it]Best trial: 1. Best value: 4427.11:   0%|          | 2/500 [00:10<37:47,  4.55s/it]                                                                                     Best trial: 1. Best value: 4427.11:   0%|          | 2/500 [00:12<37:47,  4.55s/it]Best trial: 1. Best value: 4427.11:   0%|          | 2/500 [00:12<37:47,  4.55s/it]Best trial: 1. Best value: 4427.11:   1%|          | 3/500 [00:12<26:50,  3.24s/it]                                                                                   Best trial: 1. Best value: 4427.11:   1%|          | 3/500 [00:21<26:50,  3.24s/it]Best trial: 1. Best value: 4427.11:   1%|          | 3/500 [00:21<26:50,  3.24s/it]Best trial: 1. Best value: 4427.11:   1%|          | 4/500 [00:21<45:59,  5.56s/it]                                                                                   Best trial: 1. Best value: 4427.11:   1%|          | 4/500 [00:22<45:59,  5.56s/it]Best trial: 1. Best value: 4427.11:   1%|          | 4/500 [00:22<45:59,  5.56s/it]Best trial: 1. Best value: 4427.11:   1%|          | 5/500 [00:22<33:22,  4.05s/it]                                                                                   Best trial: 1. Best value: 4427.11:   1%|          | 5/500 [00:24<33:22,  4.05s/it]Best trial: 1. Best value: 4427.11:   1%|          | 5/500 [00:24<33:22,  4.05s/it]Best trial: 1. Best value: 4427.11:   1%|          | 6/500 [00:24<26:05,  3.17s/it]                                                                                   Best trial: 1. Best value: 4427.11:   1%|          | 6/500 [00:33<26:05,  3.17s/it]Best trial: 1. Best value: 4427.11:   1%|          | 6/500 [00:33<26:05,  3.17s/it]Best trial: 1. Best value: 4427.11:   1%|▏         | 7/500 [00:33<42:21,  5.16s/it]                                                                                   Best trial: 1. Best value: 4427.11:   1%|▏         | 7/500 [00:42<42:21,  5.16s/it]Best trial: 1. Best value: 4427.11:   1%|▏         | 7/500 [00:42<42:21,  5.16s/it]Best trial: 1. Best value: 4427.11:   2%|▏         | 8/500 [00:42<52:54,  6.45s/it]                                                                                   Best trial: 1. Best value: 4427.11:   2%|▏         | 8/500 [01:13<52:54,  6.45s/it]Best trial: 1. Best value: 4427.11:   2%|▏         | 8/500 [01:13<52:54,  6.45s/it]Best trial: 1. Best value: 4427.11:   2%|▏         | 9/500 [01:13<1:55:24, 14.10s/it]                                                                                     Best trial: 1. Best value: 4427.11:   2%|▏         | 9/500 [01:31<1:55:24, 14.10s/it]Best trial: 1. Best value: 4427.11:   2%|▏         | 9/500 [01:31<1:55:24, 14.10s/it]Best trial: 1. Best value: 4427.11:   2%|▏         | 10/500 [01:31<2:04:50, 15.29s/it]                                                                                      Best trial: 1. Best value: 4427.11:   2%|▏         | 10/500 [01:32<2:04:50, 15.29s/it]Best trial: 1. Best value: 4427.11:   2%|▏         | 10/500 [01:32<2:04:50, 15.29s/it]Best trial: 1. Best value: 4427.11:   2%|▏         | 11/500 [01:32<1:30:06, 11.06s/it]                                                                                      Best trial: 1. Best value: 4427.11:   2%|▏         | 11/500 [01:34<1:30:06, 11.06s/it]Best trial: 11. Best value: 4156.58:   2%|▏         | 11/500 [01:34<1:30:06, 11.06s/it]Best trial: 11. Best value: 4156.58:   2%|▏         | 12/500 [01:34<1:05:42,  8.08s/it]                                                                                       Best trial: 11. Best value: 4156.58:   2%|▏         | 12/500 [01:35<1:05:42,  8.08s/it]Best trial: 11. Best value: 4156.58:   2%|▏         | 12/500 [01:35<1:05:42,  8.08s/it]Best trial: 11. Best value: 4156.58:   3%|▎         | 13/500 [01:35<48:55,  6.03s/it]                                                                                       Best trial: 11. Best value: 4156.58:   3%|▎         | 13/500 [01:44<48:55,  6.03s/it]Best trial: 11. Best value: 4156.58:   3%|▎         | 13/500 [01:44<48:55,  6.03s/it]Best trial: 11. Best value: 4156.58:   3%|▎         | 14/500 [01:44<56:37,  6.99s/it]                                                                                     [I 2026-03-31 11:18:07,722] Trial 0 finished with value: 9129.08222187095 and parameters: {'alpha_0': 0.000351, 'alpha_1': 6.5e-05, 'alpha_2': 4.85e-05, 'beta_0': 0.162, 'beta_1': 1.361, 'beta_2': 0.817, 'beta_3': 0.00959, 'beta_4': 2.52e-07, 'beta_5': 0.466, 'beta_6': 0.0198, 'beta_7': 0.0993, 'beta_8': 0.011, 'beta_9': 7.28e-05, 'beta_10': 9.5e-07}. Best is trial 0 with value: 9129.08222187095.
[I 2026-03-31 11:18:08,986] Trial 1 finished with value: 4427.10776009123 and parameters: {'alpha_0': 0.002185430534813131, 'alpha_1': 0.000287678576602479, 'alpha_2': 0.0001937187277803951, 'beta_0': 0.21973169683940733, 'beta_1': 0.9872223685309238, 'beta_2': 0.3137942463530128, 'beta_3': 0.00033359230798685874, 'beta_4': 4.337571921585929e-06, 'beta_5': 0.6407247576330858, 'beta_6': 3.124217733388137e-05, 'beta_7': 0.022058449429580244, 'beta_8': 0.029247746304049856, 'beta_9': 0.00010240647728404429, 'beta_10': 5.034443102887247e-07}. Best is trial 1 with value: 4427.10776009123.
[I 2026-03-31 11:18:10,663] Trial 2 finished with value: 11990.593730721303 and parameters: {'alpha_0': 0.0013182123524319528, 'alpha_1': 9.585112746335845e-05, 'alpha_2': 0.00010389087102150293, 'beta_0': 0.20495128632644757, 'beta_1': 1.3183340223705389, 'beta_2': 0.455790597207944, 'beta_3': 0.0016072616578614728, 'beta_4': 7.40494610227607e-07, 'beta_5': 0.4398940215478918, 'beta_6': 2.0990855298810753e-05, 'beta_7': 0.06560699842170359, 'beta_8': 0.024629399034825337, 'beta_9': 3.5965747126627775e-05, 'beta_10': 1.0770454329858621e-06}. Best is trial 1 with value: 4427.10776009123.
[I 2026-03-31 11:18:19,787] Trial 3 finished with value: 9202.738721271422 and parameters: {'alpha_0': 0.0031658655598791915, 'alpha_1': 6.161260317999943e-05, 'alpha_2': 0.00016758441889930207, 'beta_0': 0.1341048247374583, 'beta_1': 0.8780619115823355, 'beta_2': 1.1463298141159999, 'beta_3': 0.0024209536760714865, 'beta_4': 4.051566873176483e-06, 'beta_5': 0.44799894996269096, 'beta_6': 1.2930163420191518e-05, 'beta_7': 0.08842330265121569, 'beta_8': 0.01600381234349003, 'beta_9': 2.7814014658701778e-05, 'beta_10': 1.0408361292114134e-06}. Best is trial 1 with value: 4427.10776009123.
[I 2026-03-31 11:18:21,141] Trial 4 finished with value: 6138.098603737919 and parameters: {'alpha_0': 0.0006547483450184828, 'alpha_1': 0.0002773301005196955, 'alpha_2': 9.434379613600356e-05, 'beta_0': 0.23250445687079638, 'beta_1': 1.1740532913072932, 'beta_2': 0.6960714222367014, 'beta_3': 0.001457433642489543, 'beta_4': 9.650295548513589e-07, 'beta_5': 0.880230008046963, 'beta_6': 3.325398470083344e-05, 'beta_7': 0.1139498941564189, 'beta_8': 0.027370683760691218, 'beta_9': 7.777949777516394e-05, 'beta_10': 1.851561046543922e-06}. Best is trial 1 with value: 4427.10776009123.
[I 2026-03-31 11:18:22,610] Trial 5 finished with value: 11376.210878537959 and parameters: {'alpha_0': 0.0008982162592336378, 'alpha_1': 9.89957156047863e-05, 'alpha_2': 4.9497730671213e-05, 'beta_0': 0.16506606615265287, 'beta_1': 1.2664127476273785, 'beta_2': 0.4349164833625907, 'beta_3': 0.0021060962710494377, 'beta_4': 1.8159289671332669e-06, 'beta_5': 0.4326074312967975, 'beta_6': 2.6280882494747457e-05, 'beta_7': 0.034092422497476266, 'beta_8': 0.02505492451885099, 'beta_9': 2.2827817586375937e-05, 'beta_10': 1.975085179540983e-06}. Best is trial 1 with value: 4427.10776009123.
[I 2026-03-31 11:18:31,855] Trial 6 finished with value: 9619.420706142073 and parameters: {'alpha_0': 0.003975101461834959, 'alpha_1': 9.967892038354309e-05, 'alpha_2': 4.115964459595651e-05, 'beta_0': 0.2630922856909668, 'beta_1': 1.6482288126171405, 'beta_2': 0.9154575264430367, 'beta_3': 0.001973921797377675, 'beta_4': 4.165210260837473e-07, 'beta_5': 0.4830027235537772, 'beta_6': 1.3476071785753893e-05, 'beta_7': 0.10631034258755935, 'beta_8': 0.020582453170688946, 'beta_9': 4.9744292609528164e-05, 'beta_10': 2.207608655434449e-07}. Best is trial 1 with value: 4427.10776009123.
[I 2026-03-31 11:18:41,086] Trial 7 finished with value: 9018.417242436684 and parameters: {'alpha_0': 0.00189942044772048, 'alpha_1': 0.00013129583050668675, 'alpha_2': 0.00019321729745099347, 'beta_0': 0.2275114942710426, 'beta_1': 1.864655291091592, 'beta_2': 0.6458256714200468, 'beta_3': 0.0004750667656580939, 'beta_4': 3.5805616967538255e-06, 'beta_5': 0.7445102816009833, 'beta_6': 2.683831592708489e-05, 'beta_7': 0.09709671799545609, 'beta_8': 0.01734488990910977, 'beta_9': 6.988694708510938e-05, 'beta_10': 9.123279348812443e-07}. Best is trial 1 with value: 4427.10776009123.
[I 2026-03-31 11:19:12,007] Trial 8 finished with value: 8106.14126382578 and parameters: {'alpha_0': 0.0006143860703484283, 'alpha_1': 7.697285674832611e-05, 'alpha_2': 4.6600128994214196e-05, 'beta_0': 0.22728208225275606, 'beta_1': 1.177227177291592, 'beta_2': 0.6839992257229379, 'beta_3': 0.002287402890030014, 'beta_4': 1.283996534286931e-06, 'beta_5': 0.5167488999731593, 'beta_6': 3.2666534156291466e-05, 'beta_7': 0.042879816549162245, 'beta_8': 0.006924497745719824, 'beta_9': 4.5423902555945646e-05, 'beta_10': 4.063204457826084e-07}. Best is trial 1 with value: 4427.10776009123.
[I 2026-03-31 11:19:29,944] Trial 9 finished with value: 10530.32153828833 and parameters: {'alpha_0': 0.004683639435541579, 'alpha_1': 0.0002520300948911042, 'alpha_2': 0.00017301478886718895, 'beta_0': 0.27429211803754355, 'beta_1': 1.7644064922789373, 'beta_2': 0.3458985618303376, 'beta_3': 0.002252885696526949, 'beta_4': 2.719744097482471e-06, 'beta_5': 0.7748361008566407, 'beta_6': 3.6882738997704803e-05, 'beta_7': 0.051800347497186386, 'beta_8': 0.007751298113191919, 'beta_9': 3.893319206690388e-05, 'beta_10': 9.11504798389887e-07}. Best is trial 1 with value: 4427.10776009123.
[I 2026-03-31 11:19:31,411] Trial 10 finished with value: 4599.37101142748 and parameters: {'alpha_0': 0.0024384742460417264, 'alpha_1': 0.00022107651703699694, 'alpha_2': 0.00024360279326545188, 'beta_0': 0.1035923751229639, 'beta_1': 0.8184412847937252, 'beta_2': 0.1906614599592421, 'beta_3': 0.00023483174533634084, 'beta_4': 4.881892504297077e-06, 'beta_5': 0.31302970683638165, 'beta_6': 3.913734520795948e-05, 'beta_7': 0.022699147583606957, 'beta_8': 0.028645242999342832, 'beta_9': 0.0001117872708383748, 'beta_10': 4.442174647287493e-07}. Best is trial 1 with value: 4427.10776009123.
[I 2026-03-31 11:19:32,682] Trial 11 finished with value: 4156.575213959184 and parameters: {'alpha_0': 0.002357088795452372, 'alpha_1': 0.0002165470657931653, 'alpha_2': 0.00024889911100315243, 'beta_0': 0.10156404472993363, 'beta_1': 0.809904806241158, 'beta_2': 0.1541066803995565, 'beta_3': 0.0003404631923263977, 'beta_4': 4.993646074250917e-06, 'beta_5': 0.2725692879620493, 'beta_6': 3.857070191520908e-05, 'beta_7': 0.0227289774560206, 'beta_8': 0.02976065073401526, 'beta_9': 0.00011909586932501417, 'beta_10': 5.315641221366694e-07}. Best is trial 11 with value: 4156.575213959184.
[I 2026-03-31 11:19:33,991] Trial 12 finished with value: 4270.184173606176 and parameters: {'alpha_0': 0.002814003154279349, 'alpha_1': 0.00019908476550622772, 'alpha_2': 0.0002498661121147258, 'beta_0': 0.1761777317086715, 'beta_1': 0.983553466572505, 'beta_2': 0.18939338111192947, 'beta_3': 0.0007621680105345098, 'beta_4': 4.994856214837648e-06, 'beta_5': 0.6273592627655942, 'beta_6': 3.896013838196367e-05, 'beta_7': 0.022575784874798315, 'beta_8': 0.02990042473403034, 'beta_9': 0.00011994411303367487, 'beta_10': 6.097617432428934e-07}. Best is trial 11 with value: 4156.575213959184.
[I 2026-03-31 11:19:43,205] Trial 13 finished with value: 11923.923470026934 and parameters: {'alpha_0': 0.0032202018097363615, 'alpha_1': 0.0001820701559867877, 'alpha_2': 0.00023843734663759288, 'beta_0': 0.10989180049742053, 'beta_1': 1.0318629506542305, 'beta_2': 0.15183400637149685, 'beta_3': 0.0008325722018192865, 'beta_4': 4.870071597822591e-06, 'beta_5': 0.6358207353023301, 'beta_6': 3.941301350699307e-05, 'beta_7': 0.06394415253190938, 'beta_8': 0.02210766187070145, 'beta_9': 9.408999744064504e-05, 'beta_10': 6.2257720994353e-07}. Best is trial 11 with value: 4156.575213959184.
