[I 2026-03-31 11:32:57,248] Trial 370 finished with value: 3138.970233197167 and parameters: {'alpha_0': 0.0007940227904668911, 'alpha_1': 0.00011285422198793197, 'alpha_2': 0.0002436208901389855, 'beta_0': 0.23643371535156057, 'beta_1': 0.9796103503771989, 'beta_2': 0.26903999836580555, 'beta_3': 0.000865707400083948, 'beta_4': 1.909514676092436e-07, 'beta_5': 0.7412870998208455, 'beta_6': 2.1599476200601305e-05, 'beta_7': 0.02343325701091019, 'beta_8': 0.02883038963198286, 'beta_9': 8.77387065214901e-05, 'beta_10': 1.2931435916547344e-07}. Best is trial 328 with value: 2590.2417125419443.
[I 2026-03-31 11:32:58,578] Trial 371 finished with value: 4032.014641305188 and parameters: {'alpha_0': 0.0006130807108558066, 'alpha_1': 0.0001016774527357432, 'alpha_2': 0.00023282366521147838, 'beta_0': 0.24536419486690697, 'beta_1': 0.8456804577570632, 'beta_2': 0.2154389387876278, 'beta_3': 0.0009323879584642561, 'beta_4': 1.2881283131333856e-07, 'beta_5': 0.7543433222113155, 'beta_6': 2.8405011660363847e-05, 'beta_7': 0.02169923865905471, 'beta_8': 0.02826502283384197, 'beta_9': 8.67149870219398e-05, 'beta_10': 1.9024739004688016e-07}. Best is trial 328 with value: 2590.2417125419443.
[I 2026-03-31 11:33:03,406] Trial 372 finished with value: 8695.10645623038 and parameters: {'alpha_0': 0.0007269766418031963, 'alpha_1': 9.04317206460721e-05, 'alpha_2': 0.00023628238128260812, 'beta_0': 0.22807307326118426, 'beta_1': 0.9063258529396868, 'beta_2': 0.9459107234677029, 'beta_3': 0.0010901922349372765, 'beta_4': 5.2780527496641813e-08, 'beta_5': 0.6974881512491375, 'beta_6': 2.48933601097393e-05, 'beta_7': 0.020134105742059216, 'beta_8': 0.02371549413880255, 'beta_9': 8.92677282035805e-05, 'beta_10': 1.0157587426518172e-07}. Best is trial 328 with value: 2590.2417125419443.
[I 2026-03-31 11:33:04,774] Trial 373 finished with value: 2673.8231826394754 and parameters: {'alpha_0': 0.0008607577658322559, 'alpha_1': 0.00010756815192366233, 'alpha_2': 0.000242785638425656, 'beta_0': 0.23332757141102256, 'beta_1': 0.8748992985292102, 'beta_2': 0.2972288319717366, 'beta_3': 0.000837138092784801, 'beta_4': 3.0705557677216613e-07, 'beta_5': 0.7291121127017847, 'beta_6': 2.254905839749771e-05, 'beta_7': 0.023842553236599926, 'beta_8': 0.029986961553355805, 'beta_9': 9.51904913251845e-05, 'beta_10': 1.666981343541769e-07}. Best is trial 328 with value: 2590.2417125419443.
[I 2026-03-31 11:33:06,321] Trial 374 finished with value: 3117.098348792686 and parameters: {'alpha_0': 0.0005795352858151115, 'alpha_1': 9.572012893512115e-05, 'alpha_2': 0.00023790143786360388, 'beta_0': 0.2402421459673379, 'beta_1': 0.9543447349483086, 'beta_2': 0.2492974662234817, 'beta_3': 0.00098278609456623, 'beta_4': 1.9685740499955932e-07, 'beta_5': 0.7786651253814136, 'beta_6': 2.708374813281318e-05, 'beta_7': 0.0238371236023262, 'beta_8': 0.029272595736744567, 'beta_9': 8.496684522019529e-05, 'beta_10': 2.3437799058504923e-07}. Best is trial 328 with value: 2590.2417125419443.
[I 2026-03-31 11:33:07,831] Trial 375 finished with value: 3134.9441599797283 and parameters: {'alpha_0': 0.0006612393541789207, 'alpha_1': 9.869202640539536e-05, 'alpha_2': 0.0002436668187508244, 'beta_0': 0.22968704339001453, 'beta_1': 0.8381266343631052, 'beta_2': 1.1939458514653845, 'beta_3': 0.0007235298884847838, 'beta_4': 2.8712837625764433e-07, 'beta_5': 0.7613375501411508, 'beta_6': 2.1072549328860707e-05, 'beta_7': 0.021894262397672816, 'beta_8': 0.02902204426863282, 'beta_9': 8.983296877323466e-05, 'beta_10': 1.3903512459965004e-07}. Best is trial 328 with value: 2590.2417125419443.
[I 2026-03-31 11:33:09,254] Trial 376 finished with value: 2696.6827565833664 and parameters: {'alpha_0': 0.0008062651277559207, 'alpha_1': 8.857957536045762e-05, 'alpha_2': 0.00023224938598985043, 'beta_0': 0.23411074335604246, 'beta_1': 0.8608298942827459, 'beta_2': 0.18383978098583265, 'beta_3': 0.0011394754705168746, 'beta_4': 5.325655407023292e-08, 'beta_5': 0.745451327383808, 'beta_6': 2.5538291703287337e-05, 'beta_7': 0.02005703004416341, 'beta_8': 0.02998798863716718, 'beta_9': 9.244475563076218e-05, 'beta_10': 1.922028725718132e-07}. Best is trial 328 with value: 2590.2417125419443.
[I 2026-03-31 11:33:10,616] Trial 377 finished with value: 2767.2414131880855 and parameters: {'alpha_0': 0.0007404776754512248, 'alpha_1': 0.00010284348661119557, 'alpha_2': 0.00024009024440477245, 'beta_0': 0.22802641062346274, 'beta_1': 0.8907960045433491, 'beta_2': 0.30752923100153123, 'beta_3': 0.001313028326619524, 'beta_4': 2.2462799348712425e-07, 'beta_5': 0.7227760744788848, 'beta_6': 2.925742340545054e-05, 'beta_7': 0.024349990364241188, 'beta_8': 0.02947407009787476, 'beta_9': 0.00010032348260752655, 'beta_10': 2.5973460461769987e-07}. Best is trial 328 with value: 2590.2417125419443.
[I 2026-03-31 11:33:20,540] Trial 378 finished with value: 8100.791326674359 and parameters: {'alpha_0': 0.0009360860708598983, 'alpha_1': 8.821681804247805e-05, 'alpha_2': 0.00024426598807273146, 'beta_0': 0.2435288520502097, 'beta_1': 0.836956343484804, 'beta_2': 0.2807386967811003, 'beta_3': 0.001055538399460002, 'beta_4': 1.4355248987398889e-07, 'beta_5': 0.7892701386833492, 'beta_6': 2.173646703234461e-05, 'beta_7': 0.02578885082677422, 'beta_8': 0.014513051510954401, 'beta_9': 0.00010797024657789452, 'beta_10': 1.3594935130647507e-07}. Best is trial 328 with value: 2590.2417125419443.Best trial: 328. Best value: 2590.24:  76%|███████▌  | 378/500 [15:22<03:14,  1.60s/it]Best trial: 328. Best value: 2590.24:  76%|███████▌  | 378/500 [15:22<03:14,  1.60s/it]Best trial: 328. Best value: 2590.24:  76%|███████▌  | 379/500 [15:22<08:15,  4.10s/it]                                                                                       Best trial: 328. Best value: 2590.24:  76%|███████▌  | 379/500 [15:23<08:15,  4.10s/it]Best trial: 328. Best value: 2590.24:  76%|███████▌  | 379/500 [15:23<08:15,  4.10s/it]Best trial: 328. Best value: 2590.24:  76%|███████▌  | 380/500 [15:23<06:36,  3.30s/it]                                                                                       Best trial: 328. Best value: 2590.24:  76%|███████▌  | 380/500 [15:25<06:36,  3.30s/it]Best trial: 328. Best value: 2590.24:  76%|███████▌  | 380/500 [15:25<06:36,  3.30s/it]Best trial: 328. Best value: 2590.24:  76%|███████▌  | 381/500 [15:25<05:27,  2.76s/it]                                                                                       Best trial: 328. Best value: 2590.24:  76%|███████▌  | 381/500 [15:26<05:27,  2.76s/it]Best trial: 328. Best value: 2590.24:  76%|███████▌  | 381/500 [15:26<05:27,  2.76s/it]Best trial: 328. Best value: 2590.24:  76%|███████▋  | 382/500 [15:26<04:48,  2.44s/it]                                                                                       Best trial: 328. Best value: 2590.24:  76%|███████▋  | 382/500 [15:28<04:48,  2.44s/it]Best trial: 328. Best value: 2590.24:  76%|███████▋  | 382/500 [15:28<04:48,  2.44s/it]Best trial: 328. Best value: 2590.24:  77%|███████▋  | 383/500 [15:28<04:11,  2.15s/it]                                                                                       Best trial: 328. Best value: 2590.24:  77%|███████▋  | 383/500 [15:29<04:11,  2.15s/it]Best trial: 328. Best value: 2590.24:  77%|███████▋  | 383/500 [15:29<04:11,  2.15s/it]Best trial: 328. Best value: 2590.24:  77%|███████▋  | 384/500 [15:29<03:42,  1.92s/it]                                                                                       Best trial: 328. Best value: 2590.24:  77%|███████▋  | 384/500 [15:31<03:42,  1.92s/it]Best trial: 328. Best value: 2590.24:  77%|███████▋  | 384/500 [15:31<03:42,  1.92s/it]Best trial: 328. Best value: 2590.24:  77%|███████▋  | 385/500 [15:31<03:24,  1.77s/it]                                                                                       Best trial: 328. Best value: 2590.24:  77%|███████▋  | 385/500 [15:32<03:24,  1.77s/it]Best trial: 328. Best value: 2590.24:  77%|███████▋  | 385/500 [15:32<03:24,  1.77s/it]Best trial: 328. Best value: 2590.24:  77%|███████▋  | 386/500 [15:32<03:14,  1.71s/it]                                                                                       Best trial: 328. Best value: 2590.24:  77%|███████▋  | 386/500 [15:34<03:14,  1.71s/it]Best trial: 328. Best value: 2590.24:  77%|███████▋  | 386/500 [15:34<03:14,  1.71s/it]Best trial: 328. Best value: 2590.24:  77%|███████▋  | 387/500 [15:34<03:05,  1.65s/it]                                                                                       Best trial: 328. Best value: 2590.24:  77%|███████▋  | 387/500 [15:35<03:05,  1.65s/it]Best trial: 328. Best value: 2590.24:  77%|███████▋  | 387/500 [15:35<03:05,  1.65s/it]Best trial: 328. Best value: 2590.24:  78%|███████▊  | 388/500 [15:35<03:09,  1.70s/it]                                                                                       Best trial: 328. Best value: 2590.24:  78%|███████▊  | 388/500 [15:37<03:09,  1.70s/it]Best trial: 328. Best value: 2590.24:  78%|███████▊  | 388/500 [15:37<03:09,  1.70s/it]Best trial: 328. Best value: 2590.24:  78%|███████▊  | 389/500 [15:37<03:02,  1.64s/it]                                                                                       Best trial: 328. Best value: 2590.24:  78%|███████▊  | 389/500 [15:38<03:02,  1.64s/it]Best trial: 328. Best value: 2590.24:  78%|███████▊  | 389/500 [15:38<03:02,  1.64s/it]Best trial: 328. Best value: 2590.24:  78%|███████▊  | 390/500 [15:38<02:55,  1.60s/it]                                                                                       Best trial: 328. Best value: 2590.24:  78%|███████▊  | 390/500 [15:40<02:55,  1.60s/it]Best trial: 328. Best value: 2590.24:  78%|███████▊  | 390/500 [15:40<02:55,  1.60s/it]Best trial: 328. Best value: 2590.24:  78%|███████▊  | 391/500 [15:40<02:46,  1.53s/it]                                                                                       Best trial: 328. Best value: 2590.24:  78%|███████▊  | 391/500 [15:41<02:46,  1.53s/it]Best trial: 328. Best value: 2590.24:  78%|███████▊  | 391/500 [15:41<02:46,  1.53s/it]Best trial: 328. Best value: 2590.24:  78%|███████▊  | 392/500 [15:41<02:43,  1.51s/it]                                                                                       
[I 2026-03-31 11:33:22,000] Trial 379 finished with value: 3514.491682805806 and parameters: {'alpha_0': 0.0005023912152431692, 'alpha_1': 0.00012631299437101728, 'alpha_2': 0.00023504242883183046, 'beta_0': 0.2381354518859762, 'beta_1': 0.920186232953518, 'beta_2': 0.24459610000707319, 'beta_3': 0.0012395991527204254, 'beta_4': 2.594980205216681e-06, 'beta_5': 0.7725151355703905, 'beta_6': 2.6438394685355023e-05, 'beta_7': 0.022056175848285148, 'beta_8': 0.028985297166217616, 'beta_9': 8.667500418709294e-05, 'beta_10': 2.0965849799573015e-07}. Best is trial 328 with value: 2590.2417125419443.
[I 2026-03-31 11:33:23,477] Trial 380 finished with value: 2872.2838657757147 and parameters: {'alpha_0': 0.0006614021481552248, 'alpha_1': 9.673744189803152e-05, 'alpha_2': 0.00023038379850980946, 'beta_0': 0.21268992943273635, 'beta_1': 0.8432888829688482, 'beta_2': 0.303244508270224, 'beta_3': 0.0009649048047808292, 'beta_4': 3.011990189073395e-07, 'beta_5': 0.7556666199078801, 'beta_6': 1.976675050609654e-05, 'beta_7': 0.024053487347886503, 'beta_8': 0.029508830615947813, 'beta_9': 8.375581126818284e-05, 'beta_10': 1.0045495547758807e-07}. Best is trial 328 with value: 2590.2417125419443.
[I 2026-03-31 11:33:25,184] Trial 381 finished with value: 3737.139631903451 and parameters: {'alpha_0': 0.0008353654097762375, 'alpha_1': 0.00010562837559977058, 'alpha_2': 0.00024017454874083552, 'beta_0': 0.2469913633390572, 'beta_1': 0.8651704673571314, 'beta_2': 0.26451270848096337, 'beta_3': 0.0009213478428333068, 'beta_4': 1.4437215824108845e-07, 'beta_5': 0.7378514622710802, 'beta_6': 2.3996950317872414e-05, 'beta_7': 0.021908144087875572, 'beta_8': 0.02853983042272283, 'beta_9': 8.72254199810049e-05, 'beta_10': 1.6934645567590314e-07}. Best is trial 328 with value: 2590.2417125419443.
[I 2026-03-31 11:33:26,664] Trial 382 finished with value: 2815.151576063622 and parameters: {'alpha_0': 0.0005824747073156602, 'alpha_1': 0.00011293316835714861, 'alpha_2': 0.0002447997944308377, 'beta_0': 0.22588371657981104, 'beta_1': 0.8974866398554107, 'beta_2': 0.21107220459112824, 'beta_3': 0.0013094401951585033, 'beta_4': 2.116650164459427e-07, 'beta_5': 0.7868315196053746, 'beta_6': 2.0413869079443498e-05, 'beta_7': 0.025856344480941592, 'beta_8': 0.029983803189003476, 'beta_9': 9.451645020670552e-05, 'beta_10': 1.6039116188461397e-07}. Best is trial 328 with value: 2590.2417125419443.
[I 2026-03-31 11:33:28,048] Trial 383 finished with value: 2744.1567746947467 and parameters: {'alpha_0': 0.0007556796531697496, 'alpha_1': 9.16383596308644e-05, 'alpha_2': 0.00023607280545092776, 'beta_0': 0.23237090240872912, 'beta_1': 1.2809193018710603, 'beta_2': 0.2877202332268939, 'beta_3': 0.001217059246035674, 'beta_4': 3.2626118204415324e-07, 'beta_5': 0.7647148846459975, 'beta_6': 2.3163583280207782e-05, 'beta_7': 0.023624116825343537, 'beta_8': 0.029446048133902537, 'beta_9': 8.43045494564469e-05, 'beta_10': 2.1399148816014153e-07}. Best is trial 328 with value: 2590.2417125419443.
[I 2026-03-31 11:33:29,477] Trial 384 finished with value: 2714.1430723020985 and parameters: {'alpha_0': 0.0006343001922180496, 'alpha_1': 0.00010247332981776093, 'alpha_2': 0.00022769022017763506, 'beta_0': 0.21601452656697284, 'beta_1': 0.8326205875017627, 'beta_2': 0.23957873283882422, 'beta_3': 0.0010072554859866098, 'beta_4': 5.15202711414661e-08, 'beta_5': 0.7484560756498448, 'beta_6': 2.223977068831469e-05, 'beta_7': 0.021740020831847964, 'beta_8': 0.028986681552807418, 'beta_9': 9.074457847920865e-05, 'beta_10': 1.7231138081461566e-07}. Best is trial 328 with value: 2590.2417125419443.
[I 2026-03-31 11:33:31,035] Trial 385 finished with value: 3362.3983512279683 and parameters: {'alpha_0': 0.0008824433785272973, 'alpha_1': 8.79683138617108e-05, 'alpha_2': 0.0002399532354498734, 'beta_0': 0.22587030093784136, 'beta_1': 0.872347627385651, 'beta_2': 0.31272899646229124, 'beta_3': 0.0011173557164710366, 'beta_4': 2.3241989365740058e-07, 'beta_5': 0.7166783169133428, 'beta_6': 2.4860194312269206e-05, 'beta_7': 0.020021037510611003, 'beta_8': 0.028279921428455923, 'beta_9': 8.519636772425674e-05, 'beta_10': 1.3347006565549028e-07}. Best is trial 328 with value: 2590.2417125419443.
[I 2026-03-31 11:33:32,525] Trial 386 finished with value: 2812.1072648881386 and parameters: {'alpha_0': 0.0007012133998043383, 'alpha_1': 9.877521722883747e-05, 'alpha_2': 0.00024525637529565134, 'beta_0': 0.2339078160306332, 'beta_1': 0.9402598539853665, 'beta_2': 0.2699295054927381, 'beta_3': 0.0012570851043476098, 'beta_4': 1.482381433294027e-07, 'beta_5': 0.7756519640099634, 'beta_6': 3.263050705547937e-05, 'beta_7': 0.026271423234496365, 'beta_8': 0.029998349864985993, 'beta_9': 9.795733538695403e-05, 'beta_10': 2.5998355366224636e-07}. Best is trial 328 with value: 2590.2417125419443.
[I 2026-03-31 11:33:34,341] Trial 387 finished with value: 11680.850771635596 and parameters: {'alpha_0': 0.0007884200869099304, 'alpha_1': 0.00014536130197495423, 'alpha_2': 0.00023251459412529528, 'beta_0': 0.24148652550072258, 'beta_1': 0.8348836001533274, 'beta_2': 0.23491322817978946, 'beta_3': 0.0013378007113673393, 'beta_4': 3.215782180672903e-07, 'beta_5': 0.7914183195076075, 'beta_6': 2.121551802892033e-05, 'beta_7': 0.02396781349608512, 'beta_8': 0.024983278673734503, 'beta_9': 8.913834132252227e-05, 'beta_10': 2.1098198137591736e-07}. Best is trial 328 with value: 2590.2417125419443.
[I 2026-03-31 11:33:35,860] Trial 388 finished with value: 3237.312116502659 and parameters: {'alpha_0': 0.0009428981593561354, 'alpha_1': 0.00010758688838098946, 'alpha_2': 0.00024528446518670786, 'beta_0': 0.2169534033250234, 'beta_1': 0.9112752811233412, 'beta_2': 0.31272503285050274, 'beta_3': 0.0010630626449954995, 'beta_4': 2.229041496878657e-06, 'beta_5': 0.6844685749049846, 'beta_6': 2.7682187236113204e-05, 'beta_7': 0.025048950296056784, 'beta_8': 0.02937965204990572, 'beta_9': 9.219914727453403e-05, 'beta_10': 1.3113969806816586e-07}. Best is trial 328 with value: 2590.2417125419443.
[I 2026-03-31 11:33:37,351] Trial 389 finished with value: 3016.332197387075 and parameters: {'alpha_0': 0.0005920328958496733, 'alpha_1': 9.483772532909246e-05, 'alpha_2': 0.00024034557001626874, 'beta_0': 0.229661623680215, 'beta_1': 0.8560403632717348, 'beta_2': 0.5596527070713742, 'beta_3': 0.0009281967992032513, 'beta_4': 1.4089342321535925e-07, 'beta_5': 0.7592908207964015, 'beta_6': 2.211228089354119e-05, 'beta_7': 0.02226074434991256, 'beta_8': 0.028909678846782017, 'beta_9': 0.00010442099334047145, 'beta_10': 1.776615416446706e-07}. Best is trial 328 with value: 2590.2417125419443.
[I 2026-03-31 11:33:38,715] Trial 390 finished with value: 2673.5893492303035 and parameters: {'alpha_0': 0.0006794155006072806, 'alpha_1': 8.821929764280117e-05, 'alpha_2': 0.0002361732590036934, 'beta_0': 0.21049883139382805, 'beta_1': 0.8849766530833929, 'beta_2': 0.28549144332449516, 'beta_3': 0.00128904993566527, 'beta_4': 2.3523565284196344e-07, 'beta_5': 0.7280717585058023, 'beta_6': 2.5405808959805184e-05, 'beta_7': 0.026885793145388574, 'beta_8': 0.029524850044982044, 'beta_9': 8.380816147563342e-05, 'beta_10': 2.32233402473168e-07}. Best is trial 328 with value: 2590.2417125419443.
[I 2026-03-31 11:33:40,183] Trial 391 finished with value: 3113.3238773947824 and parameters: {'alpha_0': 0.0005015357285644104, 'alpha_1': 0.00011596335662871994, 'alpha_2': 0.00022627733167510393, 'beta_0': 0.23727149221829363, 'beta_1': 0.8273719453848114, 'beta_2': 0.22070937477684538, 'beta_3': 0.0002780747777109331, 'beta_4': 3.701541846234049e-07, 'beta_5': 0.7982704773459073, 'beta_6': 2.280505193888134e-05, 'beta_7': 0.023557440925751585, 'beta_8': 0.029560631162109777, 'beta_9': 0.00010169011754268458, 'beta_10': 1.3048169414827e-07}. Best is trial 328 with value: 2590.2417125419443.
