[I 2026-03-31 11:34:26,778] Trial 412 finished with value: 2942.3273111325548 and parameters: {'alpha_0': 0.0009238430441150286, 'alpha_1': 0.00013410194335670639, 'alpha_2': 0.000246191323241656, 'beta_0': 0.22313612167785485, 'beta_1': 0.8741638181581529, 'beta_2': 0.3242464845674409, 'beta_3': 0.0010382861329281186, 'beta_4': 5.185752853428572e-08, 'beta_5': 0.7478572012124443, 'beta_6': 2.4346885154062016e-05, 'beta_7': 0.07047827031309446, 'beta_8': 0.02950412191679252, 'beta_9': 8.158056517496408e-05, 'beta_10': 2.216590012911768e-07}. Best is trial 328 with value: 2590.2417125419443.

[Convergence] Stopping at trial 413/500
[Convergence] Best loss 200 trials ago: 2598.314818
[Convergence] Current best loss: 2590.241713
[Convergence] Improvement: 0.31% (threshold: >1.00%)

======================================================================
OPTIMIZATION COMPLETE
======================================================================

Best loss: 2590.241713
Best alpha: [0.00077191273015217, 0.0001003398270362574, 0.0002496381975582318]
Best beta: [0.22315581110688662, 0.8629516517037559, 0.2836785516361818, 0.0011572674700501928, 6.384371251631959e-08, 0.7970476113584795, 2.238450010999992e-05, 0.022002539665155328, 0.029990099891537374, 8.697939287062156e-05, 1.5883927226941145e-07]
Trials completed: 413/500
Status: Converged early (no >1% improvement in last 200 trials)
Optimization time: 988.4s
Time per trial: 2.39s

======================================================================
POST-CONVERGENCE EVALUATION
======================================================================

Per-experiment metrics:
  /Users/dipanwitaguhathakurta/Downloads/inference-sim-package/inference-sim/training/trainval_data/62-mistral-nemo-12b-tp2-general-lite-2-1: TTFT APE=3718.133%, E2E APE=3404.890%
  /Users/dipanwitaguhathakurta/Downloads/inference-sim-package/inference-sim/training/trainval_data/20260217-155451-llama-2-7b-tp1-codegen: TTFT APE=1679.008%, E2E APE=1794.480%
  /Users/dipanwitaguhathakurta/Downloads/inference-sim-package/inference-sim/training/trainval_data/63-mistral-nemo-12b-tp1-codegen-1-1: TTFT APE=1437.246%, E2E APE=1435.683%
  /Users/dipanwitaguhathakurta/Downloads/inference-sim-package/inference-sim/training/trainval_data/65-01-ai-yi-34b-tp2-general-lite-2-1: TTFT APE=1207.829%, E2E APE=1290.861%
  /Users/dipanwitaguhathakurta/Downloads/inference-sim-package/inference-sim/training/trainval_data/64-qwen2-5-7b-instruct-tp1-roleplay-1-1: TTFT APE=1233.318%, E2E APE=899.811%
  /Users/dipanwitaguhathakurta/Downloads/inference-sim-package/inference-sim/training/trainval_data/60-llama-3-1-70b-tp4-general-lite-4-1: TTFT APE=1020.640%, E2E APE=1101.663%
  /Users/dipanwitaguhathakurta/Downloads/inference-sim-package/inference-sim/training/trainval_data/20260217-162547-llama-2-7b-tp1-roleplay: TTFT APE=1206.426%, E2E APE=755.447%
  /Users/dipanwitaguhathakurta/Downloads/inference-sim-package/inference-sim/training/trainval_data/17-llama-4-scout-17b-16e-tp2-general-lite-2-1: TTFT APE=890.086%, E2E APE=925.872%
  /Users/dipanwitaguhathakurta/Downloads/inference-sim-package/inference-sim/training/trainval_data/20260217-231439-llama-2-7b-tp1-general: TTFT APE=1101.735%, E2E APE=479.925%
  /Users/dipanwitaguhathakurta/Downloads/inference-sim-package/inference-sim/training/trainval_data/61-llama-3-1-70b-tp4-codegen-4-1: TTFT APE=761.643%, E2E APE=715.461%
  /Users/dipanwitaguhathakurta/Downloads/inference-sim-package/inference-sim/training/trainval_data/20-llama-4-scout-17b-16e-tp2-codegen-2: TTFT APE=575.971%, E2E APE=531.621%
  /Users/dipanwitaguhathakurta/Downloads/inference-sim-package/inference-sim/training/trainval_data/21-llama-4-scout-17b-16e-tp2-roleplay-2: TTFT APE=430.949%, E2E APE=205.083%
  /Users/dipanwitaguhathakurta/Downloads/inference-sim-package/inference-sim/training/trainval_data/48-llama-4-scout-17b-16e-tp2-reasoning-lite-2-1: TTFT APE=100.000%, E2E APE=100.000%
  /Users/dipanwitaguhathakurta/Downloads/inference-sim-package/inference-sim/training/trainval_data/66-qwen2-5-7b-instruct-tp1-reasoning-lite-1-1: TTFT APE=100.000%, E2E APE=100.000%
  /Users/dipanwitaguhathakurta/Downloads/inference-sim-package/inference-sim/training/trainval_data/67-llama-2-7b-hf-tp1-reasoning-lite-1-1: TTFT APE=100.000%, E2E APE=100.000%

Results saved to: iterations/iter12/inner_loop_results.json

======================================================================
INNER LOOP COMPLETE
======================================================================
