[I 2026-03-31 11:26:42,377] Trial 182 finished with value: 2820.611780814969 and parameters: {'alpha_0': 0.001265367766414522, 'alpha_1': 5.542242437364735e-05, 'alpha_2': 0.00020833438087233694, 'beta_0': 0.21637670366252873, 'beta_1': 0.8644008974859275, 'beta_2': 0.40791235218715827, 'beta_3': 0.00172267650288417, 'beta_4': 7.673283228257649e-07, 'beta_5': 0.8508754981522335, 'beta_6': 1.1103193256463541e-05, 'beta_7': 0.022115691901572015, 'beta_8': 0.02937391773332464, 'beta_9': 6.28735613674821e-05, 'beta_10': 3.815297362031178e-07}. Best is trial 175 with value: 2798.6596454643695.Best trial: 175. Best value: 2798.66:  36%|███▋      | 182/500 [08:43<07:09,  1.35s/it]Best trial: 175. Best value: 2798.66:  36%|███▋      | 182/500 [08:43<07:09,  1.35s/it]Best trial: 175. Best value: 2798.66:  37%|███▋      | 183/500 [08:43<07:03,  1.34s/it]                                                                                       Best trial: 175. Best value: 2798.66:  37%|███▋      | 183/500 [08:45<07:03,  1.34s/it]Best trial: 175. Best value: 2798.66:  37%|███▋      | 183/500 [08:45<07:03,  1.34s/it]Best trial: 175. Best value: 2798.66:  37%|███▋      | 184/500 [08:45<07:00,  1.33s/it]                                                                                       Best trial: 175. Best value: 2798.66:  37%|███▋      | 184/500 [08:46<07:00,  1.33s/it]Best trial: 175. Best value: 2798.66:  37%|███▋      | 184/500 [08:46<07:00,  1.33s/it]Best trial: 175. Best value: 2798.66:  37%|███▋      | 185/500 [08:46<06:59,  1.33s/it]                                                                                       Best trial: 175. Best value: 2798.66:  37%|███▋      | 185/500 [08:47<06:59,  1.33s/it]Best trial: 185. Best value: 2783.73:  37%|███▋      | 185/500 [08:47<06:59,  1.33s/it]Best trial: 185. Best value: 2783.73:  37%|███▋      | 186/500 [08:47<06:55,  1.32s/it]                                                                                       Best trial: 185. Best value: 2783.73:  37%|███▋      | 186/500 [08:49<06:55,  1.32s/it]Best trial: 185. Best value: 2783.73:  37%|███▋      | 186/500 [08:49<06:55,  1.32s/it]Best trial: 185. Best value: 2783.73:  37%|███▋      | 187/500 [08:49<07:08,  1.37s/it]                                                                                       Best trial: 185. Best value: 2783.73:  37%|███▋      | 187/500 [08:50<07:08,  1.37s/it]Best trial: 187. Best value: 2692.44:  37%|███▋      | 187/500 [08:50<07:08,  1.37s/it]Best trial: 187. Best value: 2692.44:  38%|███▊      | 188/500 [08:50<07:01,  1.35s/it]                                                                                       Best trial: 187. Best value: 2692.44:  38%|███▊      | 188/500 [08:51<07:01,  1.35s/it]Best trial: 187. Best value: 2692.44:  38%|███▊      | 188/500 [08:51<07:01,  1.35s/it]Best trial: 187. Best value: 2692.44:  38%|███▊      | 189/500 [08:51<06:55,  1.34s/it]                                                                                       Best trial: 187. Best value: 2692.44:  38%|███▊      | 189/500 [08:53<06:55,  1.34s/it]Best trial: 189. Best value: 2681.65:  38%|███▊      | 189/500 [08:53<06:55,  1.34s/it]Best trial: 189. Best value: 2681.65:  38%|███▊      | 190/500 [08:53<06:51,  1.33s/it]                                                                                       Best trial: 189. Best value: 2681.65:  38%|███▊      | 190/500 [08:54<06:51,  1.33s/it]Best trial: 189. Best value: 2681.65:  38%|███▊      | 190/500 [08:54<06:51,  1.33s/it]Best trial: 189. Best value: 2681.65:  38%|███▊      | 191/500 [08:54<07:17,  1.42s/it]                                                                                       Best trial: 189. Best value: 2681.65:  38%|███▊      | 191/500 [08:56<07:17,  1.42s/it]Best trial: 189. Best value: 2681.65:  38%|███▊      | 191/500 [08:56<07:17,  1.42s/it]Best trial: 189. Best value: 2681.65:  38%|███▊      | 192/500 [08:56<07:10,  1.40s/it]                                                                                       Best trial: 189. Best value: 2681.65:  38%|███▊      | 192/500 [08:57<07:10,  1.40s/it]Best trial: 189. Best value: 2681.65:  38%|███▊      | 192/500 [08:57<07:10,  1.40s/it]Best trial: 189. Best value: 2681.65:  39%|███▊      | 193/500 [08:57<07:02,  1.37s/it]                                                                                       Best trial: 189. Best value: 2681.65:  39%|███▊      | 193/500 [08:58<07:02,  1.37s/it]Best trial: 189. Best value: 2681.65:  39%|███▊      | 193/500 [08:58<07:02,  1.37s/it]Best trial: 189. Best value: 2681.65:  39%|███▉      | 194/500 [08:58<06:54,  1.35s/it]                                                                                       Best trial: 189. Best value: 2681.65:  39%|███▉      | 194/500 [09:00<06:54,  1.35s/it]Best trial: 189. Best value: 2681.65:  39%|███▉      | 194/500 [09:00<06:54,  1.35s/it]Best trial: 189. Best value: 2681.65:  39%|███▉      | 195/500 [09:00<06:49,  1.34s/it]                                                                                       Best trial: 189. Best value: 2681.65:  39%|███▉      | 195/500 [09:01<06:49,  1.34s/it]Best trial: 189. Best value: 2681.65:  39%|███▉      | 195/500 [09:01<06:49,  1.34s/it]Best trial: 189. Best value: 2681.65:  39%|███▉      | 196/500 [09:01<06:44,  1.33s/it]                                                                                       
[I 2026-03-31 11:26:43,693] Trial 183 finished with value: 2839.769322378962 and parameters: {'alpha_0': 0.0012624625703723709, 'alpha_1': 5.47371714632204e-05, 'alpha_2': 0.00020741042039493885, 'beta_0': 0.21671569004369545, 'beta_1': 0.86205449654263, 'beta_2': 0.4067620978382967, 'beta_3': 0.001625477637761304, 'beta_4': 8.222915935662162e-07, 'beta_5': 0.8533246555367578, 'beta_6': 1.0952818848031107e-05, 'beta_7': 0.020211918293152522, 'beta_8': 0.02925434101332341, 'beta_9': 6.35336328687331e-05, 'beta_10': 3.819663560054162e-07}. Best is trial 175 with value: 2798.6596454643695.
[I 2026-03-31 11:26:45,028] Trial 184 finished with value: 2860.977324113046 and parameters: {'alpha_0': 0.0012215142335117906, 'alpha_1': 5.425671191052947e-05, 'alpha_2': 0.0002062208812845063, 'beta_0': 0.2117772225905363, 'beta_1': 0.8586021601291994, 'beta_2': 0.4029717035974357, 'beta_3': 0.001624714126820744, 'beta_4': 8.266172623976551e-07, 'beta_5': 0.8531431746315514, 'beta_6': 1.1339583802531103e-05, 'beta_7': 0.022767617459072322, 'beta_8': 0.0293139379693753, 'beta_9': 6.275845992603179e-05, 'beta_10': 3.7899439927367534e-07}. Best is trial 175 with value: 2798.6596454643695.
[I 2026-03-31 11:26:46,330] Trial 185 finished with value: 2783.73259567708 and parameters: {'alpha_0': 0.0012520465739113288, 'alpha_1': 5.484028721221959e-05, 'alpha_2': 0.00020616945413595467, 'beta_0': 0.21059143122609397, 'beta_1': 0.8679317104200509, 'beta_2': 0.41098510655045467, 'beta_3': 0.0016174401683386947, 'beta_4': 7.360241987881118e-07, 'beta_5': 0.8513385799106103, 'beta_6': 1.1209119762263102e-05, 'beta_7': 0.022678122600052288, 'beta_8': 0.029168773654378945, 'beta_9': 6.559228225695627e-05, 'beta_10': 3.7767693808783847e-07}. Best is trial 185 with value: 2783.73259567708.
[I 2026-03-31 11:26:47,803] Trial 186 finished with value: 3281.240091574456 and parameters: {'alpha_0': 0.0012460499642923941, 'alpha_1': 5.534076048027994e-05, 'alpha_2': 0.00020587328518066345, 'beta_0': 0.21151517157460684, 'beta_1': 0.8603683746595217, 'beta_2': 0.4099583445797838, 'beta_3': 0.0015578901768215092, 'beta_4': 7.389330320537213e-07, 'beta_5': 0.8469305240987622, 'beta_6': 1.1742252141602653e-05, 'beta_7': 0.022940858703033622, 'beta_8': 0.028175654136740717, 'beta_9': 7.122398708347177e-05, 'beta_10': 3.6508049045292907e-07}. Best is trial 185 with value: 2783.73259567708.
[I 2026-03-31 11:26:49,110] Trial 187 finished with value: 2692.435149850674 and parameters: {'alpha_0': 0.0010344331887196636, 'alpha_1': 6.303397208392692e-05, 'alpha_2': 0.00022171267744240734, 'beta_0': 0.21550525220086686, 'beta_1': 0.8127366275769354, 'beta_2': 0.415160139885213, 'beta_3': 0.0015298356783507723, 'beta_4': 7.695996133809454e-07, 'beta_5': 0.8544133404036709, 'beta_6': 1.133274672864053e-05, 'beta_7': 0.02248144811246392, 'beta_8': 0.02925758500009662, 'beta_9': 6.699783736053303e-05, 'beta_10': 2.5380579561649584e-07}. Best is trial 187 with value: 2692.435149850674.
[I 2026-03-31 11:26:50,413] Trial 188 finished with value: 2760.554720222267 and parameters: {'alpha_0': 0.0010609376753336678, 'alpha_1': 6.45525515562385e-05, 'alpha_2': 0.00022316851357294534, 'beta_0': 0.2161407004846497, 'beta_1': 0.8250643546693978, 'beta_2': 0.4182479523502427, 'beta_3': 0.0016390611535529577, 'beta_4': 7.865664354230798e-07, 'beta_5': 0.8503324418146622, 'beta_6': 1.132946777616704e-05, 'beta_7': 0.02930249816506014, 'beta_8': 0.02925798398986012, 'beta_9': 6.79388987063848e-05, 'beta_10': 2.394453961910272e-07}. Best is trial 187 with value: 2692.435149850674.
[I 2026-03-31 11:26:51,723] Trial 189 finished with value: 2681.653828808798 and parameters: {'alpha_0': 0.001065710294599526, 'alpha_1': 6.343497518663415e-05, 'alpha_2': 0.0002193971404202663, 'beta_0': 0.2043676068666174, 'beta_1': 0.8159219647354474, 'beta_2': 0.4203648727843162, 'beta_3': 0.001525241461299153, 'beta_4': 7.609751853734192e-07, 'beta_5': 0.8526143920419317, 'beta_6': 1.1326684921330509e-05, 'beta_7': 0.029270171489336052, 'beta_8': 0.029266945117530117, 'beta_9': 6.695938537805879e-05, 'beta_10': 2.4349592865329865e-07}. Best is trial 189 with value: 2681.653828808798.
[I 2026-03-31 11:26:53,348] Trial 190 finished with value: 3573.122101244963 and parameters: {'alpha_0': 0.0010540894592292738, 'alpha_1': 6.419401663598805e-05, 'alpha_2': 0.00022370579236955635, 'beta_0': 0.20505392199269443, 'beta_1': 0.8146047205456115, 'beta_2': 0.41716842658286407, 'beta_3': 0.0015026033243509425, 'beta_4': 7.7826805622464e-07, 'beta_5': 0.8456646413065427, 'beta_6': 1.121571612463959e-05, 'beta_7': 0.02865804073083274, 'beta_8': 0.027903696961103796, 'beta_9': 6.768235794974814e-05, 'beta_10': 2.441165657583266e-07}. Best is trial 189 with value: 2681.653828808798.
[I 2026-03-31 11:26:54,698] Trial 191 finished with value: 2808.897527859015 and parameters: {'alpha_0': 0.0012802075200658652, 'alpha_1': 5.407320747188735e-05, 'alpha_2': 0.00021443390805590218, 'beta_0': 0.21784490993635441, 'beta_1': 0.8692657588287869, 'beta_2': 0.4283165622396166, 'beta_3': 0.0016260199024180034, 'beta_4': 7.780839782069843e-07, 'beta_5': 0.8517391466059249, 'beta_6': 1.0053868534934442e-05, 'beta_7': 0.02262009827806097, 'beta_8': 0.029328951802588828, 'beta_9': 6.637607537982454e-05, 'beta_10': 3.2945520326303936e-07}. Best is trial 189 with value: 2681.653828808798.
[I 2026-03-31 11:26:56,022] Trial 192 finished with value: 2810.3624569022045 and parameters: {'alpha_0': 0.0012981326015181545, 'alpha_1': 5.468899195033739e-05, 'alpha_2': 0.00021517651458991593, 'beta_0': 0.2168905638152951, 'beta_1': 0.8710115199437959, 'beta_2': 0.4280976785246764, 'beta_3': 0.0016204462346480811, 'beta_4': 7.538715088897703e-07, 'beta_5': 0.8504611414957888, 'beta_6': 1.0002442530116326e-05, 'beta_7': 0.022437046552848394, 'beta_8': 0.02924457695546671, 'beta_9': 6.978692324774666e-05, 'beta_10': 3.318025328324469e-07}. Best is trial 189 with value: 2681.653828808798.
[I 2026-03-31 11:26:57,326] Trial 193 finished with value: 2734.1885464140387 and parameters: {'alpha_0': 0.0012578114000495275, 'alpha_1': 5.385076991469692e-05, 'alpha_2': 0.00021448602211565206, 'beta_0': 0.2180790139229976, 'beta_1': 0.8704896918262095, 'beta_2': 0.4269569276516056, 'beta_3': 0.001629049374080744, 'beta_4': 7.232737234548029e-07, 'beta_5': 0.8481969357246933, 'beta_6': 1.0146776539612283e-05, 'beta_7': 0.022223065896185407, 'beta_8': 0.029286974074702085, 'beta_9': 6.66667918165273e-05, 'beta_10': 3.338675269257009e-07}. Best is trial 189 with value: 2681.653828808798.
[I 2026-03-31 11:26:58,643] Trial 194 finished with value: 2692.5386258633243 and parameters: {'alpha_0': 0.0012766331760971318, 'alpha_1': 5.4087352647891146e-05, 'alpha_2': 0.00021783878168954462, 'beta_0': 0.2191126044289884, 'beta_1': 0.8588643939338944, 'beta_2': 0.4234106024798862, 'beta_3': 0.0016210495151300383, 'beta_4': 7.108415081740397e-07, 'beta_5': 0.8519059877608907, 'beta_6': 1.0100500274160546e-05, 'beta_7': 0.022562377291124612, 'beta_8': 0.029286532320335994, 'beta_9': 7.006111145706148e-05, 'beta_10': 3.205367419134614e-07}. Best is trial 189 with value: 2681.653828808798.
[I 2026-03-31 11:26:59,950] Trial 195 finished with value: 2954.2055660257415 and parameters: {'alpha_0': 0.001276450100355672, 'alpha_1': 5.2988087459843345e-05, 'alpha_2': 0.00021542140893524776, 'beta_0': 0.21849283622992607, 'beta_1': 0.8719022828942583, 'beta_2': 0.4238435292477509, 'beta_3': 0.0015863361387070884, 'beta_4': 7.109024501458549e-07, 'beta_5': 0.8511851541560255, 'beta_6': 1.0146842017474733e-05, 'beta_7': 0.022930248368215864, 'beta_8': 0.0284277185627557, 'beta_9': 7.076465595233734e-05, 'beta_10': 3.275511816260229e-07}. Best is trial 189 with value: 2681.653828808798.
[I 2026-03-31 11:27:01,260] Trial 196 finished with value: 2759.0870653719694 and parameters: {'alpha_0': 0.0010749630676997785, 'alpha_1': 5.388955639294751e-05, 'alpha_2': 0.00023389938031266258, 'beta_0': 0.21445602586637116, 'beta_1': 0.8314010374613405, 'beta_2': 0.40916745099356533, 'beta_3': 0.0016299643257627833, 'beta_4': 7.833062023321932e-07, 'beta_5': 0.8288593399847259, 'beta_6': 1.0167589417916778e-05, 'beta_7': 0.029167153751855975, 'beta_8': 0.029366906087158386, 'beta_9': 6.70265468928436e-05, 'beta_10': 2.5449605910125353e-07}. Best is trial 189 with value: 2681.653828808798.Best trial: 189. Best value: 2681.65:  39%|███▉      | 196/500 [09:02<06:44,  1.33s/it]Best trial: 189. Best value: 2681.65:  39%|███▉      | 196/500 [09:02<06:44,  1.33s/it]Best trial: 189. Best value: 2681.65:  39%|███▉      | 197/500 [09:02<06:41,  1.33s/it]                                                                                       Best trial: 189. Best value: 2681.65:  39%|███▉      | 197/500 [09:04<06:41,  1.33s/it]Best trial: 189. Best value: 2681.65:  39%|███▉      | 197/500 [09:04<06:41,  1.33s/it]Best trial: 189. Best value: 2681.65:  40%|███▉      | 198/500 [09:04<06:36,  1.31s/it]                                                                                       Best trial: 189. Best value: 2681.65:  40%|███▉      | 198/500 [09:05<06:36,  1.31s/it]Best trial: 189. Best value: 2681.65:  40%|███▉      | 198/500 [09:05<06:36,  1.31s/it]Best trial: 189. Best value: 2681.65:  40%|███▉      | 199/500 [09:05<06:40,  1.33s/it]                                                                                       Best trial: 189. Best value: 2681.65:  40%|███▉      | 199/500 [09:06<06:40,  1.33s/it]Best trial: 189. Best value: 2681.65:  40%|███▉      | 199/500 [09:06<06:40,  1.33s/it]Best trial: 189. Best value: 2681.65:  40%|████      | 200/500 [09:06<06:45,  1.35s/it]                                                                                       Best trial: 189. Best value: 2681.65:  40%|████      | 200/500 [09:08<06:45,  1.35s/it]Best trial: 200. Best value: 2677.92:  40%|████      | 200/500 [09:08<06:45,  1.35s/it]Best trial: 200. Best value: 2677.92:  40%|████      | 201/500 [09:08<06:40,  1.34s/it]                                                                                       Best trial: 200. Best value: 2677.92:  40%|████      | 201/500 [09:09<06:40,  1.34s/it]Best trial: 201. Best value: 2669.88:  40%|████      | 201/500 [09:09<06:40,  1.34s/it]Best trial: 201. Best value: 2669.88:  40%|████      | 202/500 [09:09<06:38,  1.34s/it]                                                                                       Best trial: 201. Best value: 2669.88:  40%|████      | 202/500 [09:10<06:38,  1.34s/it]Best trial: 201. Best value: 2669.88:  40%|████      | 202/500 [09:10<06:38,  1.34s/it]Best trial: 201. Best value: 2669.88:  41%|████      | 203/500 [09:10<06:44,  1.36s/it]                                                                                       Best trial: 201. Best value: 2669.88:  41%|████      | 203/500 [09:12<06:44,  1.36s/it]Best trial: 201. Best value: 2669.88:  41%|████      | 203/500 [09:12<06:44,  1.36s/it]Best trial: 201. Best value: 2669.88:  41%|████      | 204/500 [09:12<07:00,  1.42s/it]                                                                                       Best trial: 201. Best value: 2669.88:  41%|████      | 204/500 [09:13<07:00,  1.42s/it]Best trial: 201. Best value: 2669.88:  41%|████      | 204/500 [09:13<07:00,  1.42s/it]Best trial: 201. Best value: 2669.88:  41%|████      | 205/500 [09:13<06:47,  1.38s/it]                                                                                       Best trial: 201. Best value: 2669.88:  41%|████      | 205/500 [09:15<06:47,  1.38s/it]Best trial: 201. Best value: 2669.88:  41%|████      | 205/500 [09:15<06:47,  1.38s/it]Best trial: 201. Best value: 2669.88:  41%|████      | 206/500 [09:15<06:40,  1.36s/it]                                                                                       Best trial: 201. Best value: 2669.88:  41%|████      | 206/500 [09:24<06:40,  1.36s/it]Best trial: 201. Best value: 2669.88:  41%|████      | 206/500 [09:24<06:40,  1.36s/it]Best trial: 201. Best value: 2669.88:  41%|████▏     | 207/500 [09:24<18:59,  3.89s/it]                                                                                       Best trial: 201. Best value: 2669.88:  41%|████▏     | 207/500 [09:26<18:59,  3.89s/it]Best trial: 201. Best value: 2669.88:  41%|████▏     | 207/500 [09:26<18:59,  3.89s/it]Best trial: 201. Best value: 2669.88:  42%|████▏     | 208/500 [09:26<15:09,  3.12s/it]                                                                                       Best trial: 201. Best value: 2669.88:  42%|████▏     | 208/500 [09:27<15:09,  3.12s/it]Best trial: 201. Best value: 2669.88:  42%|████▏     | 208/500 [09:27<15:09,  3.12s/it]Best trial: 201. Best value: 2669.88:  42%|████▏     | 209/500 [09:27<12:38,  2.61s/it]                                                                                       Best trial: 201. Best value: 2669.88:  42%|████▏     | 209/500 [09:28<12:38,  2.61s/it]Best trial: 209. Best value: 2658.15:  42%|████▏     | 209/500 [09:28<12:38,  2.61s/it]Best trial: 209. Best value: 2658.15:  42%|████▏     | 210/500 [09:28<10:47,  2.23s/it]                                                                                       
[I 2026-03-31 11:27:02,542] Trial 197 finished with value: 2859.6278216318715 and parameters: {'alpha_0': 0.0010709284746318352, 'alpha_1': 6.465912796598951e-05, 'alpha_2': 0.00021292670512376924, 'beta_0': 0.2128768772490254, 'beta_1': 0.8334390291399949, 'beta_2': 0.43560143129124207, 'beta_3': 0.0016295368320287057, 'beta_4': 7.205006847993531e-07, 'beta_5': 0.8324827591129178, 'beta_6': 1.0046611811978314e-05, 'beta_7': 0.022510961769532916, 'beta_8': 0.02836303346717299, 'beta_9': 6.673985987615662e-05, 'beta_10': 2.5652359431481365e-07}. Best is trial 189 with value: 2681.653828808798.
[I 2026-03-31 11:27:03,918] Trial 198 finished with value: 2912.047832264607 and parameters: {'alpha_0': 0.001053380589403788, 'alpha_1': 6.371472900847551e-05, 'alpha_2': 0.0002316029238236767, 'beta_0': 0.19827746929880483, 'beta_1': 0.8277038191668543, 'beta_2': 0.4359486995636199, 'beta_3': 0.001630144169720049, 'beta_4': 6.880383941918246e-07, 'beta_5': 0.8292035643042746, 'beta_6': 1.0069924348221073e-05, 'beta_7': 0.02236386803967076, 'beta_8': 0.028474490014475124, 'beta_9': 6.713376035614017e-05, 'beta_10': 2.6731414377755954e-07}. Best is trial 189 with value: 2681.653828808798.
[I 2026-03-31 11:27:05,321] Trial 199 finished with value: 3544.5236035504277 and parameters: {'alpha_0': 0.0011086135841659988, 'alpha_1': 5.271835391316084e-05, 'alpha_2': 0.00021527211763591243, 'beta_0': 0.2117855066169994, 'beta_1': 0.8038189506043373, 'beta_2': 0.45921150688932394, 'beta_3': 0.0015081400829206363, 'beta_4': 7.466937119048016e-07, 'beta_5': 0.8359482921609451, 'beta_6': 1.0090618845101835e-05, 'beta_7': 0.030391006613188516, 'beta_8': 0.0278606205689368, 'beta_9': 6.93558445840467e-05, 'beta_10': 1.7832879618724432e-07}. Best is trial 189 with value: 2681.653828808798.
[I 2026-03-31 11:27:06,620] Trial 200 finished with value: 2677.919992493226 and parameters: {'alpha_0': 0.00089439834302263, 'alpha_1': 6.502313336642298e-05, 'alpha_2': 0.00021158955133887672, 'beta_0': 0.2066115302415962, 'beta_1': 0.8433479601866396, 'beta_2': 0.4023400851062934, 'beta_3': 0.0016293816152729748, 'beta_4': 8.153836446244608e-07, 'beta_5': 0.8376231510372126, 'beta_6': 1.1297726456042444e-05, 'beta_7': 0.028635329477537802, 'beta_8': 0.029165205899700068, 'beta_9': 6.615491606974212e-05, 'beta_10': 2.1741930041924928e-07}. Best is trial 200 with value: 2677.919992493226.
[I 2026-03-31 11:27:07,953] Trial 201 finished with value: 2669.8823524300874 and parameters: {'alpha_0': 0.001180209713517672, 'alpha_1': 6.40751081414651e-05, 'alpha_2': 0.0002201329284687006, 'beta_0': 0.20578226454097048, 'beta_1': 0.8385490558145694, 'beta_2': 0.39885451452669257, 'beta_3': 0.001626665637557542, 'beta_4': 6.800967604734128e-07, 'beta_5': 0.8376905575593987, 'beta_6': 1.1147628315783403e-05, 'beta_7': 0.02894822063368732, 'beta_8': 0.02917871888582385, 'beta_9': 6.672857750618815e-05, 'beta_10': 2.2945187369025583e-07}. Best is trial 201 with value: 2669.8823524300874.
