[I 2026-03-31 11:26:13,556] Trial 160 finished with value: 3006.438066951987 and parameters: {'alpha_0': 0.0016623349046146958, 'alpha_1': 5.801066271108068e-05, 'alpha_2': 0.00018965030828259615, 'beta_0': 0.23352511421368172, 'beta_1': 1.0218929038519602, 'beta_2': 0.315167100670231, 'beta_3': 0.0018999904456979196, 'beta_4': 9.578397912359107e-07, 'beta_5': 0.8795390372880224, 'beta_6': 1.2761889886932296e-05, 'beta_7': 0.02589233996889234, 'beta_8': 0.029953640902535092, 'beta_9': 5.5704400931490035e-05, 'beta_10': 4.5931683164613945e-07}. Best is trial 149 with value: 2865.1815361461804.
[I 2026-03-31 11:26:14,835] Trial 161 finished with value: 3011.8437730688174 and parameters: {'alpha_0': 0.0017669472534722242, 'alpha_1': 5.828240088809721e-05, 'alpha_2': 0.0001903635235216173, 'beta_0': 0.23315335659394393, 'beta_1': 1.0109615657767108, 'beta_2': 0.3198497230682404, 'beta_3': 0.0019092785926107117, 'beta_4': 1.012204597825058e-06, 'beta_5': 0.8817441725661863, 'beta_6': 1.2769580544122643e-05, 'beta_7': 0.02557271172656043, 'beta_8': 0.029875731453898574, 'beta_9': 5.5566118381336055e-05, 'beta_10': 4.6044848043740026e-07}. Best is trial 149 with value: 2865.1815361461804.
[I 2026-03-31 11:26:16,127] Trial 162 finished with value: 3021.912563630167 and parameters: {'alpha_0': 0.0017157560682719835, 'alpha_1': 5.0166973701680544e-05, 'alpha_2': 0.0001907644627553102, 'beta_0': 0.23462678813236754, 'beta_1': 1.0094387824985098, 'beta_2': 0.3171034255164249, 'beta_3': 0.0018955936451427206, 'beta_4': 1.0933141706003684e-06, 'beta_5': 0.8918318330382303, 'beta_6': 1.250378825193487e-05, 'beta_7': 0.0255851438685454, 'beta_8': 0.02990238196642404, 'beta_9': 5.491031198117185e-05, 'beta_10': 5.037019118815214e-07}. Best is trial 149 with value: 2865.1815361461804.
[I 2026-03-31 11:26:17,399] Trial 163 finished with value: 3002.7619757058105 and parameters: {'alpha_0': 0.0016974694712098256, 'alpha_1': 5.025112018851844e-05, 'alpha_2': 0.00019200044801655206, 'beta_0': 0.23270996795798643, 'beta_1': 1.0231412092457577, 'beta_2': 0.32564541006648284, 'beta_3': 0.001907978928802748, 'beta_4': 9.716521823956018e-07, 'beta_5': 0.8874952311353753, 'beta_6': 1.179395754834604e-05, 'beta_7': 0.02616491539186678, 'beta_8': 0.0299178479325928, 'beta_9': 5.4071265443371654e-05, 'beta_10': 4.5795483126509537e-07}. Best is trial 149 with value: 2865.1815361461804.
[I 2026-03-31 11:26:18,684] Trial 164 finished with value: 3024.82426701663 and parameters: {'alpha_0': 0.0017015162056897922, 'alpha_1': 5.1055372947994195e-05, 'alpha_2': 0.0001894055607619858, 'beta_0': 0.2227340923647891, 'beta_1': 1.0041217750000928, 'beta_2': 0.31685258815690487, 'beta_3': 0.0019190033443806354, 'beta_4': 1.0432402443443743e-06, 'beta_5': 0.885405782180236, 'beta_6': 1.1896591293308793e-05, 'beta_7': 0.026035026997651565, 'beta_8': 0.0299020926000934, 'beta_9': 5.55275644865381e-05, 'beta_10': 4.598369379297012e-07}. Best is trial 149 with value: 2865.1815361461804.
[I 2026-03-31 11:26:19,979] Trial 165 finished with value: 2960.247395040298 and parameters: {'alpha_0': 0.0014439141020029735, 'alpha_1': 5.753912170650462e-05, 'alpha_2': 0.00019630592731206443, 'beta_0': 0.23398412685382072, 'beta_1': 1.005624231479642, 'beta_2': 0.3783669687961698, 'beta_3': 0.0017955666091183133, 'beta_4': 9.394236328620828e-07, 'beta_5': 0.8792516208453242, 'beta_6': 1.2692465368369711e-05, 'beta_7': 0.021957676676263718, 'beta_8': 0.02964178066450634, 'beta_9': 5.443949111409849e-05, 'beta_10': 4.910600033028197e-07}. Best is trial 149 with value: 2865.1815361461804.
[I 2026-03-31 11:26:21,242] Trial 166 finished with value: 2956.541526671831 and parameters: {'alpha_0': 0.0014728151491164372, 'alpha_1': 5.775635691745515e-05, 'alpha_2': 0.00019629831182988935, 'beta_0': 0.23180678956663525, 'beta_1': 0.9825651769758086, 'beta_2': 0.37778711376055585, 'beta_3': 0.0017875435387743862, 'beta_4': 9.77655058066824e-07, 'beta_5': 0.8697715021734023, 'beta_6': 1.0782345868991572e-05, 'beta_7': 0.02010056607923314, 'beta_8': 0.029995645121795658, 'beta_9': 5.530696915967027e-05, 'beta_10': 4.3854941766713503e-07}. Best is trial 149 with value: 2865.1815361461804.
[I 2026-03-31 11:26:22,558] Trial 167 finished with value: 2880.4705398883034 and parameters: {'alpha_0': 0.0015250825262786976, 'alpha_1': 5.852646527526946e-05, 'alpha_2': 0.00019993904778349005, 'beta_0': 0.2304983283239004, 'beta_1': 1.0268166702915993, 'beta_2': 0.38334399175403966, 'beta_3': 0.0017984520006321869, 'beta_4': 9.52139748242803e-07, 'beta_5': 0.8687243223166078, 'beta_6': 1.1462599870417418e-05, 'beta_7': 0.020680117852020813, 'beta_8': 0.02904721068170211, 'beta_9': 4.8337008705904434e-05, 'beta_10': 4.3703599310952657e-07}. Best is trial 149 with value: 2865.1815361461804.
[I 2026-03-31 11:26:23,795] Trial 168 finished with value: 2993.3192671324346 and parameters: {'alpha_0': 0.0014085566760127957, 'alpha_1': 5.867467018618865e-05, 'alpha_2': 0.00019768228113466383, 'beta_0': 0.2306769641701413, 'beta_1': 0.9105073621206412, 'beta_2': 0.36462305642389686, 'beta_3': 0.0018004228110200956, 'beta_4': 1.0061029012327967e-06, 'beta_5': 0.8676143857622719, 'beta_6': 1.0581350139991344e-05, 'beta_7': 0.02188903873791228, 'beta_8': 0.029950221510506737, 'beta_9': 6.460462575185461e-05, 'beta_10': 4.3725145501799946e-07}. Best is trial 149 with value: 2865.1815361461804.Best trial: 149. Best value: 2865.18:  34%|███▎      | 168/500 [08:25<07:08,  1.29s/it]Best trial: 149. Best value: 2865.18:  34%|███▎      | 168/500 [08:25<07:08,  1.29s/it]Best trial: 149. Best value: 2865.18:  34%|███▍      | 169/500 [08:25<07:02,  1.28s/it]                                                                                       Best trial: 149. Best value: 2865.18:  34%|███▍      | 169/500 [08:26<07:02,  1.28s/it]Best trial: 149. Best value: 2865.18:  34%|███▍      | 169/500 [08:26<07:02,  1.28s/it]Best trial: 149. Best value: 2865.18:  34%|███▍      | 170/500 [08:26<07:05,  1.29s/it]                                                                                       Best trial: 149. Best value: 2865.18:  34%|███▍      | 170/500 [08:27<07:05,  1.29s/it]Best trial: 149. Best value: 2865.18:  34%|███▍      | 170/500 [08:27<07:05,  1.29s/it]Best trial: 149. Best value: 2865.18:  34%|███▍      | 171/500 [08:27<07:05,  1.29s/it]                                                                                       Best trial: 149. Best value: 2865.18:  34%|███▍      | 171/500 [08:29<07:05,  1.29s/it]Best trial: 149. Best value: 2865.18:  34%|███▍      | 171/500 [08:29<07:05,  1.29s/it]Best trial: 149. Best value: 2865.18:  34%|███▍      | 172/500 [08:29<07:04,  1.29s/it]                                                                                       Best trial: 149. Best value: 2865.18:  34%|███▍      | 172/500 [08:30<07:04,  1.29s/it]Best trial: 149. Best value: 2865.18:  34%|███▍      | 172/500 [08:30<07:04,  1.29s/it]Best trial: 149. Best value: 2865.18:  35%|███▍      | 173/500 [08:30<07:02,  1.29s/it]                                                                                       Best trial: 149. Best value: 2865.18:  35%|███▍      | 173/500 [08:31<07:02,  1.29s/it]Best trial: 173. Best value: 2827.23:  35%|███▍      | 173/500 [08:31<07:02,  1.29s/it]Best trial: 173. Best value: 2827.23:  35%|███▍      | 174/500 [08:31<07:03,  1.30s/it]                                                                                       Best trial: 173. Best value: 2827.23:  35%|███▍      | 174/500 [08:33<07:03,  1.30s/it]Best trial: 174. Best value: 2803.15:  35%|███▍      | 174/500 [08:33<07:03,  1.30s/it]Best trial: 174. Best value: 2803.15:  35%|███▌      | 175/500 [08:33<07:03,  1.30s/it]                                                                                       Best trial: 174. Best value: 2803.15:  35%|███▌      | 175/500 [08:34<07:03,  1.30s/it]Best trial: 175. Best value: 2798.66:  35%|███▌      | 175/500 [08:34<07:03,  1.30s/it]Best trial: 175. Best value: 2798.66:  35%|███▌      | 176/500 [08:34<07:03,  1.31s/it]                                                                                       Best trial: 175. Best value: 2798.66:  35%|███▌      | 176/500 [08:35<07:03,  1.31s/it]Best trial: 175. Best value: 2798.66:  35%|███▌      | 176/500 [08:35<07:03,  1.31s/it]Best trial: 175. Best value: 2798.66:  35%|███▌      | 177/500 [08:35<07:03,  1.31s/it]                                                                                       Best trial: 175. Best value: 2798.66:  35%|███▌      | 177/500 [08:37<07:03,  1.31s/it]Best trial: 175. Best value: 2798.66:  35%|███▌      | 177/500 [08:37<07:03,  1.31s/it]Best trial: 175. Best value: 2798.66:  36%|███▌      | 178/500 [08:37<07:04,  1.32s/it]                                                                                       Best trial: 175. Best value: 2798.66:  36%|███▌      | 178/500 [08:38<07:04,  1.32s/it]Best trial: 175. Best value: 2798.66:  36%|███▌      | 178/500 [08:38<07:04,  1.32s/it]Best trial: 175. Best value: 2798.66:  36%|███▌      | 179/500 [08:38<07:17,  1.36s/it]                                                                                       Best trial: 175. Best value: 2798.66:  36%|███▌      | 179/500 [08:39<07:17,  1.36s/it]Best trial: 175. Best value: 2798.66:  36%|███▌      | 179/500 [08:39<07:17,  1.36s/it]Best trial: 175. Best value: 2798.66:  36%|███▌      | 180/500 [08:39<07:11,  1.35s/it]                                                                                       Best trial: 175. Best value: 2798.66:  36%|███▌      | 180/500 [08:41<07:11,  1.35s/it]Best trial: 175. Best value: 2798.66:  36%|███▌      | 180/500 [08:41<07:11,  1.35s/it]Best trial: 175. Best value: 2798.66:  36%|███▌      | 181/500 [08:41<07:07,  1.34s/it]                                                                                       Best trial: 175. Best value: 2798.66:  36%|███▌      | 181/500 [08:42<07:07,  1.34s/it]Best trial: 175. Best value: 2798.66:  36%|███▌      | 181/500 [08:42<07:07,  1.34s/it]Best trial: 175. Best value: 2798.66:  36%|███▋      | 182/500 [08:42<07:09,  1.35s/it]                                                                                       
[I 2026-03-31 11:26:25,114] Trial 169 finished with value: 3003.5105841665345 and parameters: {'alpha_0': 0.001439164919718107, 'alpha_1': 5.883110197100712e-05, 'alpha_2': 0.00019780467656180017, 'beta_0': 0.22657122327742285, 'beta_1': 0.9691845796243819, 'beta_2': 0.3828046125119569, 'beta_3': 0.0016800893835973731, 'beta_4': 9.761290802657383e-07, 'beta_5': 0.863586689790895, 'beta_6': 1.0148396731183263e-05, 'beta_7': 0.021081322249993865, 'beta_8': 0.029079240047996013, 'beta_9': 6.397849289673648e-05, 'beta_10': 4.211881927799811e-07}. Best is trial 149 with value: 2865.1815361461804.
[I 2026-03-31 11:26:26,416] Trial 170 finished with value: 2922.6587825209936 and parameters: {'alpha_0': 0.001443109618552984, 'alpha_1': 5.8759033143998604e-05, 'alpha_2': 0.00019765894354433985, 'beta_0': 0.2247208426777888, 'beta_1': 0.8946832820526054, 'beta_2': 0.36579566696830623, 'beta_3': 0.0017134502470555325, 'beta_4': 9.835008309038202e-07, 'beta_5': 0.8573260715114981, 'beta_6': 1.0763896426071202e-05, 'beta_7': 0.02007245417080208, 'beta_8': 0.02900963024230491, 'beta_9': 6.451765200507735e-05, 'beta_10': 4.2034422572146406e-07}. Best is trial 149 with value: 2865.1815361461804.
[I 2026-03-31 11:26:27,710] Trial 171 finished with value: 2902.6924135660574 and parameters: {'alpha_0': 0.0014542337295964294, 'alpha_1': 6.0293701569634764e-05, 'alpha_2': 0.00019770718671251961, 'beta_0': 0.22535334744616295, 'beta_1': 0.9097292605121386, 'beta_2': 0.3787978692102972, 'beta_3': 0.0016615996573106692, 'beta_4': 9.076996302194051e-07, 'beta_5': 0.8623083647621774, 'beta_6': 1.065903075352267e-05, 'beta_7': 0.020257297751030207, 'beta_8': 0.029025920970560767, 'beta_9': 6.396580465321225e-05, 'beta_10': 4.1954866663533866e-07}. Best is trial 149 with value: 2865.1815361461804.
[I 2026-03-31 11:26:29,003] Trial 172 finished with value: 3033.83102282443 and parameters: {'alpha_0': 0.001385573892847555, 'alpha_1': 6.060268164459119e-05, 'alpha_2': 0.00019763203820858947, 'beta_0': 0.22543264520616874, 'beta_1': 0.8957755146922723, 'beta_2': 0.37787146223990575, 'beta_3': 0.0016759470793730586, 'beta_4': 1.1586345414094003e-06, 'beta_5': 0.8622344908328278, 'beta_6': 1.0632383319855233e-05, 'beta_7': 0.020232504195642736, 'beta_8': 0.029045551008335335, 'beta_9': 6.493854261818183e-05, 'beta_10': 4.190178049359782e-07}. Best is trial 149 with value: 2865.1815361461804.
[I 2026-03-31 11:26:30,316] Trial 173 finished with value: 2827.225295168155 and parameters: {'alpha_0': 0.001469176228848311, 'alpha_1': 5.5808702733768276e-05, 'alpha_2': 0.00020737851685374443, 'beta_0': 0.24053983446947838, 'beta_1': 0.8589798755327008, 'beta_2': 0.3780069929676618, 'beta_3': 0.0017617693823348125, 'beta_4': 9.094024422011534e-07, 'beta_5': 0.8521275770043625, 'beta_6': 1.1303525766269082e-05, 'beta_7': 0.02205166404351526, 'beta_8': 0.02903564852444773, 'beta_9': 6.396302220997309e-05, 'beta_10': 3.6142981550045114e-07}. Best is trial 173 with value: 2827.225295168155.
[I 2026-03-31 11:26:31,632] Trial 174 finished with value: 2803.1540915471687 and parameters: {'alpha_0': 0.0012603877858383204, 'alpha_1': 5.387124242876274e-05, 'alpha_2': 0.00021007041917038715, 'beta_0': 0.23939862123586028, 'beta_1': 0.8531687449499982, 'beta_2': 0.41488266671102314, 'beta_3': 0.0017919359501662724, 'beta_4': 7.711863839853074e-07, 'beta_5': 0.851165873959998, 'beta_6': 1.1417589801694898e-05, 'beta_7': 0.022319865720940232, 'beta_8': 0.02902689833710223, 'beta_9': 6.308654268896982e-05, 'beta_10': 3.5770820601023094e-07}. Best is trial 174 with value: 2803.1540915471687.
[I 2026-03-31 11:26:32,948] Trial 175 finished with value: 2798.6596454643695 and parameters: {'alpha_0': 0.0015571207922689299, 'alpha_1': 5.491204690909701e-05, 'alpha_2': 0.00020671114841643224, 'beta_0': 0.23955734565718023, 'beta_1': 0.8524054741475227, 'beta_2': 0.41661405287634784, 'beta_3': 0.0017910578931311927, 'beta_4': 7.758517521651957e-07, 'beta_5': 0.8531087816284738, 'beta_6': 1.1036352904089329e-05, 'beta_7': 0.02267590102513656, 'beta_8': 0.029028639552101054, 'beta_9': 6.337515612662855e-05, 'beta_10': 3.6574847284570455e-07}. Best is trial 175 with value: 2798.6596454643695.
[I 2026-03-31 11:26:34,266] Trial 176 finished with value: 2825.797350281463 and parameters: {'alpha_0': 0.0012094697590089207, 'alpha_1': 5.659111026793478e-05, 'alpha_2': 0.00021028951731124666, 'beta_0': 0.23842450014565564, 'beta_1': 0.8508318253244924, 'beta_2': 0.3706844307077829, 'beta_3': 0.0017291085282461873, 'beta_4': 7.868257672470865e-07, 'beta_5': 0.8546006874999031, 'beta_6': 1.0870806587312179e-05, 'beta_7': 0.02247616342265578, 'beta_8': 0.029368335580150604, 'beta_9': 6.709674034623635e-05, 'beta_10': 3.5471914303726453e-07}. Best is trial 175 with value: 2798.6596454643695.
[I 2026-03-31 11:26:35,600] Trial 177 finished with value: 2816.272262545387 and parameters: {'alpha_0': 0.0012355452109718895, 'alpha_1': 5.4648907781324194e-05, 'alpha_2': 0.00021071297875790973, 'beta_0': 0.239884538256185, 'beta_1': 0.8545379017681258, 'beta_2': 0.40527693580888774, 'beta_3': 0.0017771936539230859, 'beta_4': 7.931078217818877e-07, 'beta_5': 0.8492710047636147, 'beta_6': 1.0927058302775236e-05, 'beta_7': 0.02202399330288477, 'beta_8': 0.029267854631460075, 'beta_9': 6.290780707099495e-05, 'beta_10': 3.6128784533626636e-07}. Best is trial 175 with value: 2798.6596454643695.
[I 2026-03-31 11:26:37,072] Trial 178 finished with value: 3379.648138014436 and parameters: {'alpha_0': 0.0011968053813300387, 'alpha_1': 6.19496638351762e-05, 'alpha_2': 0.00021135013563091266, 'beta_0': 0.23957359487161373, 'beta_1': 0.8439827484360143, 'beta_2': 0.41723531977552675, 'beta_3': 0.0017636699490849463, 'beta_4': 8.196578654903382e-07, 'beta_5': 0.8475244884201205, 'beta_6': 1.125946472854371e-05, 'beta_7': 0.02250603121342839, 'beta_8': 0.027873078651407927, 'beta_9': 6.765272660742318e-05, 'beta_10': 3.556048194079916e-07}. Best is trial 175 with value: 2798.6596454643695.
[I 2026-03-31 11:26:38,381] Trial 179 finished with value: 2843.8580877670183 and parameters: {'alpha_0': 0.0012781990990825489, 'alpha_1': 5.515746926610051e-05, 'alpha_2': 0.00020814167406724173, 'beta_0': 0.2192912367062528, 'beta_1': 0.8649531991453474, 'beta_2': 0.40876657566629304, 'beta_3': 0.0016272489241745116, 'beta_4': 7.990089130501464e-07, 'beta_5': 0.8489817376069371, 'beta_6': 1.0953934228816667e-05, 'beta_7': 0.022204738746773964, 'beta_8': 0.029373792079179027, 'beta_9': 6.0856842595677145e-05, 'beta_10': 3.763885900297492e-07}. Best is trial 175 with value: 2798.6596454643695.
[I 2026-03-31 11:26:39,700] Trial 180 finished with value: 2842.5952230884386 and parameters: {'alpha_0': 0.001182316022169304, 'alpha_1': 5.537624538539031e-05, 'alpha_2': 0.00020745585919413438, 'beta_0': 0.21601303618321632, 'beta_1': 0.8625605307380146, 'beta_2': 0.41119822975584847, 'beta_3': 0.0016373306658063328, 'beta_4': 8.036183797916635e-07, 'beta_5': 0.8516961606965626, 'beta_6': 1.096250511292635e-05, 'beta_7': 0.022248752918733808, 'beta_8': 0.029469193078786517, 'beta_9': 6.270430482582936e-05, 'beta_10': 3.7552048168644637e-07}. Best is trial 175 with value: 2798.6596454643695.
[I 2026-03-31 11:26:41,075] Trial 181 finished with value: 2871.3302320501743 and parameters: {'alpha_0': 0.0012511389087865629, 'alpha_1': 5.625644136068058e-05, 'alpha_2': 0.00020684965527759564, 'beta_0': 0.2177328126754864, 'beta_1': 0.8662224204529675, 'beta_2': 0.4068614655065966, 'beta_3': 0.001717697968963907, 'beta_4': 8.125114936291655e-07, 'beta_5': 0.852476710924929, 'beta_6': 1.0977307299668534e-05, 'beta_7': 0.022510942772529116, 'beta_8': 0.029415393932990898, 'beta_9': 6.329655982474513e-05, 'beta_10': 3.771583481331777e-07}. Best is trial 175 with value: 2798.6596454643695.
