[I 2026-03-31 11:23:11,034] Trial 76 finished with value: 3873.3496331384113 and parameters: {'alpha_0': 0.003317485174221121, 'alpha_1': 0.0002540291939698022, 'alpha_2': 0.00012561449338593852, 'beta_0': 0.1781321983354662, 'beta_1': 1.963888259220844, 'beta_2': 0.5216418564630896, 'beta_3': 0.0022101051584802805, 'beta_4': 1.3687746657037095e-06, 'beta_5': 0.4064355448648358, 'beta_6': 2.185874712309094e-05, 'beta_7': 0.1145397908935033, 'beta_8': 0.027502469079365297, 'beta_9': 9.066630311285547e-05, 'beta_10': 3.1696878410188535e-07}. Best is trial 45 with value: 3184.328144803887.
[I 2026-03-31 11:23:12,434] Trial 77 finished with value: 10639.014726481633 and parameters: {'alpha_0': 0.003838550775891571, 'alpha_1': 0.0002614758296750971, 'alpha_2': 0.00011975839986342347, 'beta_0': 0.1672791026896957, 'beta_1': 1.8173102294748698, 'beta_2': 0.6008126955039215, 'beta_3': 0.0020771408533196626, 'beta_4': 1.815732171874011e-06, 'beta_5': 0.34220871281598514, 'beta_6': 1.9548288683689726e-05, 'beta_7': 0.10140042466778812, 'beta_8': 0.02549860579793873, 'beta_9': 8.412183290499617e-05, 'beta_10': 3.79930417130449e-07}. Best is trial 45 with value: 3184.328144803887.
[I 2026-03-31 11:23:14,221] Trial 78 finished with value: 10446.767585244808 and parameters: {'alpha_0': 0.003985318651936525, 'alpha_1': 0.0001809846123375881, 'alpha_2': 8.835605012724385e-05, 'beta_0': 0.15749822026525245, 'beta_1': 1.7554582360341608, 'beta_2': 0.5491819149194676, 'beta_3': 0.0018554938785670656, 'beta_4': 4.403137931016161e-07, 'beta_5': 0.5523640241687392, 'beta_6': 2.0669707305321156e-05, 'beta_7': 0.1181809009737932, 'beta_8': 0.024125262028805026, 'beta_9': 4.202862219399895e-05, 'beta_10': 4.1804057796117453e-07}. Best is trial 45 with value: 3184.328144803887.
[I 2026-03-31 11:23:23,367] Trial 79 finished with value: 11791.25810672206 and parameters: {'alpha_0': 0.0035168645897571934, 'alpha_1': 0.0002335248703263761, 'alpha_2': 0.00011374811430085235, 'beta_0': 0.135637409198457, 'beta_1': 1.9967617769836055, 'beta_2': 0.4751699925102402, 'beta_3': 0.0024238528896759343, 'beta_4': 1.1238258817001141e-06, 'beta_5': 0.5137832681568909, 'beta_6': 1.841914949826481e-05, 'beta_7': 0.11178844934460659, 'beta_8': 0.021952112277139717, 'beta_9': 3.0837884679031085e-05, 'beta_10': 4.7623050722366933e-07}. Best is trial 45 with value: 3184.328144803887.
[I 2026-03-31 11:23:25,802] Trial 80 finished with value: 8529.81892987999 and parameters: {'alpha_0': 0.003915062585449484, 'alpha_1': 0.0002485790684098447, 'alpha_2': 0.0001387293572385292, 'beta_0': 0.1680466925935192, 'beta_1': 1.912539799179023, 'beta_2': 0.6410925783070887, 'beta_3': 0.0023152374640758714, 'beta_4': 1.7372616485698868e-06, 'beta_5': 0.44347377477108096, 'beta_6': 1.716224868503235e-05, 'beta_7': 0.0941989150641615, 'beta_8': 0.02282643304435706, 'beta_9': 8.847384589730873e-05, 'beta_10': 2.781803443071871e-07}. Best is trial 45 with value: 3184.328144803887.
[I 2026-03-31 11:23:27,090] Trial 81 finished with value: 3482.832179478166 and parameters: {'alpha_0': 0.0030070803682085362, 'alpha_1': 0.00022009452150055476, 'alpha_2': 0.00010847351162059657, 'beta_0': 0.12626812330904352, 'beta_1': 1.8625672463010887, 'beta_2': 0.5881750045148915, 'beta_3': 0.0020140706880303473, 'beta_4': 1.570066448080218e-06, 'beta_5': 0.5022111162886409, 'beta_6': 1.5848359045785943e-05, 'beta_7': 0.09864273322128647, 'beta_8': 0.02997720366512812, 'beta_9': 0.0001038417941442581, 'beta_10': 5.350856064274684e-07}. Best is trial 45 with value: 3184.328144803887.
[I 2026-03-31 11:23:28,555] Trial 82 finished with value: 3765.4891477082842 and parameters: {'alpha_0': 0.0036076208970966346, 'alpha_1': 0.00022755688403931263, 'alpha_2': 8.275374736553049e-05, 'beta_0': 0.1537338771329986, 'beta_1': 1.9631258588521772, 'beta_2': 0.4020464684887595, 'beta_3': 0.002066818699415313, 'beta_4': 6.396436172683719e-07, 'beta_5': 0.4768332451881296, 'beta_6': 1.8913014424863824e-05, 'beta_7': 0.10878175791663641, 'beta_8': 0.028495723687217697, 'beta_9': 0.00011261108575454626, 'beta_10': 7.51285841401168e-07}. Best is trial 45 with value: 3184.328144803887.
[I 2026-03-31 11:23:30,183] Trial 83 finished with value: 5228.9193618184 and parameters: {'alpha_0': 0.004184273380024214, 'alpha_1': 0.00024339115972102997, 'alpha_2': 9.745401927524173e-05, 'beta_0': 0.14848409197564083, 'beta_1': 1.9304140535749597, 'beta_2': 0.7312613886266033, 'beta_3': 0.0022726136562242595, 'beta_4': 1.2588950746766087e-06, 'beta_5': 0.49384620010455166, 'beta_6': 2.326246981001167e-05, 'beta_7': 0.10351851727343558, 'beta_8': 0.02630531735281836, 'beta_9': 0.00010638045915928895, 'beta_10': 3.415609286863908e-07}. Best is trial 45 with value: 3184.328144803887.
[I 2026-03-31 11:23:31,495] Trial 84 finished with value: 3594.907093643894 and parameters: {'alpha_0': 0.0044282618104726276, 'alpha_1': 0.00018696413691658936, 'alpha_2': 0.00013256087388349762, 'beta_0': 0.13196608755459913, 'beta_1': 1.8323814087046881, 'beta_2': 0.7986910174042774, 'beta_3': 0.002175091431243076, 'beta_4': 1.3895716079125662e-06, 'beta_5': 0.5402348145476756, 'beta_6': 1.2444482299234248e-05, 'beta_7': 0.10047665520377183, 'beta_8': 0.028085118950998095, 'beta_9': 9.278578297488901e-05, 'beta_10': 5.933886547353101e-07}. Best is trial 45 with value: 3184.328144803887.Best trial: 45. Best value: 3184.33:  17%|█▋        | 84/500 [05:33<15:04,  2.18s/it]Best trial: 45. Best value: 3184.33:  17%|█▋        | 84/500 [05:33<15:04,  2.18s/it]Best trial: 45. Best value: 3184.33:  17%|█▋        | 85/500 [05:33<13:15,  1.92s/it]                                                                                     Best trial: 45. Best value: 3184.33:  17%|█▋        | 85/500 [05:34<13:15,  1.92s/it]Best trial: 45. Best value: 3184.33:  17%|█▋        | 85/500 [05:34<13:15,  1.92s/it]Best trial: 45. Best value: 3184.33:  17%|█▋        | 86/500 [05:34<12:01,  1.74s/it]                                                                                     Best trial: 45. Best value: 3184.33:  17%|█▋        | 86/500 [05:35<12:01,  1.74s/it]Best trial: 45. Best value: 3184.33:  17%|█▋        | 86/500 [05:35<12:01,  1.74s/it]Best trial: 45. Best value: 3184.33:  17%|█▋        | 87/500 [05:35<11:11,  1.63s/it]                                                                                     Best trial: 45. Best value: 3184.33:  17%|█▋        | 87/500 [05:36<11:11,  1.63s/it]Best trial: 45. Best value: 3184.33:  17%|█▋        | 87/500 [05:36<11:11,  1.63s/it]Best trial: 45. Best value: 3184.33:  18%|█▊        | 88/500 [05:36<10:26,  1.52s/it]                                                                                     Best trial: 45. Best value: 3184.33:  18%|█▊        | 88/500 [05:38<10:26,  1.52s/it]Best trial: 45. Best value: 3184.33:  18%|█▊        | 88/500 [05:38<10:26,  1.52s/it]Best trial: 45. Best value: 3184.33:  18%|█▊        | 89/500 [05:38<10:23,  1.52s/it]                                                                                     Best trial: 45. Best value: 3184.33:  18%|█▊        | 89/500 [05:47<10:23,  1.52s/it]Best trial: 45. Best value: 3184.33:  18%|█▊        | 89/500 [05:47<10:23,  1.52s/it]Best trial: 45. Best value: 3184.33:  18%|█▊        | 90/500 [05:47<26:15,  3.84s/it]                                                                                     Best trial: 45. Best value: 3184.33:  18%|█▊        | 90/500 [05:49<26:15,  3.84s/it]Best trial: 45. Best value: 3184.33:  18%|█▊        | 90/500 [05:49<26:15,  3.84s/it]Best trial: 45. Best value: 3184.33:  18%|█▊        | 91/500 [05:49<20:55,  3.07s/it]                                                                                     Best trial: 45. Best value: 3184.33:  18%|█▊        | 91/500 [05:50<20:55,  3.07s/it]Best trial: 45. Best value: 3184.33:  18%|█▊        | 91/500 [05:50<20:55,  3.07s/it]Best trial: 45. Best value: 3184.33:  18%|█▊        | 92/500 [05:50<17:13,  2.53s/it]                                                                                     Best trial: 45. Best value: 3184.33:  18%|█▊        | 92/500 [05:51<17:13,  2.53s/it]Best trial: 45. Best value: 3184.33:  18%|█▊        | 92/500 [05:51<17:13,  2.53s/it]Best trial: 45. Best value: 3184.33:  19%|█▊        | 93/500 [05:51<14:47,  2.18s/it]                                                                                     Best trial: 45. Best value: 3184.33:  19%|█▊        | 93/500 [05:53<14:47,  2.18s/it]Best trial: 45. Best value: 3184.33:  19%|█▊        | 93/500 [05:53<14:47,  2.18s/it]Best trial: 45. Best value: 3184.33:  19%|█▉        | 94/500 [05:53<13:21,  1.97s/it]                                                                                     Best trial: 45. Best value: 3184.33:  19%|█▉        | 94/500 [05:54<13:21,  1.97s/it]Best trial: 45. Best value: 3184.33:  19%|█▉        | 94/500 [05:54<13:21,  1.97s/it]Best trial: 45. Best value: 3184.33:  19%|█▉        | 95/500 [05:54<11:55,  1.77s/it]                                                                                     Best trial: 45. Best value: 3184.33:  19%|█▉        | 95/500 [05:55<11:55,  1.77s/it]Best trial: 95. Best value: 3103.26:  19%|█▉        | 95/500 [05:55<11:55,  1.77s/it]Best trial: 95. Best value: 3103.26:  19%|█▉        | 96/500 [05:55<11:02,  1.64s/it]                                                                                     Best trial: 95. Best value: 3103.26:  19%|█▉        | 96/500 [05:57<11:02,  1.64s/it]Best trial: 96. Best value: 3025.73:  19%|█▉        | 96/500 [05:57<11:02,  1.64s/it]Best trial: 96. Best value: 3025.73:  19%|█▉        | 97/500 [05:57<10:23,  1.55s/it]                                                                                     Best trial: 96. Best value: 3025.73:  19%|█▉        | 97/500 [05:58<10:23,  1.55s/it]Best trial: 96. Best value: 3025.73:  19%|█▉        | 97/500 [05:58<10:23,  1.55s/it]Best trial: 96. Best value: 3025.73:  20%|█▉        | 98/500 [05:58<10:24,  1.55s/it]                                                                                     
[I 2026-03-31 11:23:32,833] Trial 85 finished with value: 3498.4207047588143 and parameters: {'alpha_0': 0.004052449047431186, 'alpha_1': 0.00022341097023540916, 'alpha_2': 7.833134932873459e-05, 'beta_0': 0.13770864183718332, 'beta_1': 1.9036665397775734, 'beta_2': 0.46800906835377426, 'beta_3': 0.0019492210564923782, 'beta_4': 1.0092060811330375e-06, 'beta_5': 0.45569710012676556, 'beta_6': 1.6417735666950323e-05, 'beta_7': 0.11075398565152048, 'beta_8': 0.028834715775916796, 'beta_9': 0.00011630022656460415, 'beta_10': 6.66707643392012e-07}. Best is trial 45 with value: 3184.328144803887.
[I 2026-03-31 11:23:34,188] Trial 86 finished with value: 3500.0657133568175 and parameters: {'alpha_0': 0.0033892581633249617, 'alpha_1': 0.0001997655646349667, 'alpha_2': 0.00010599255975041506, 'beta_0': 0.12264279994153161, 'beta_1': 1.8706524729588694, 'beta_2': 0.6586254313977641, 'beta_3': 0.0024336040988593133, 'beta_4': 9.406579387098508e-07, 'beta_5': 0.4240794220724362, 'beta_6': 1.4837229021464998e-05, 'beta_7': 0.09387574173834151, 'beta_8': 0.027789482036885155, 'beta_9': 5.385402758864917e-05, 'beta_10': 4.20479656021209e-07}. Best is trial 45 with value: 3184.328144803887.
[I 2026-03-31 11:23:35,460] Trial 87 finished with value: 3512.802813393814 and parameters: {'alpha_0': 0.0030058880386794806, 'alpha_1': 0.0002519390780836999, 'alpha_2': 9.012696730938366e-05, 'beta_0': 0.1564568390458404, 'beta_1': 1.7994421202426667, 'beta_2': 0.5514695879688865, 'beta_3': 0.002106078161407115, 'beta_4': 1.483089171199575e-06, 'beta_5': 0.4874498873679505, 'beta_6': 2.0491647920676096e-05, 'beta_7': 0.06562371070487469, 'beta_8': 0.029356786326504358, 'beta_9': 9.891765919348681e-05, 'beta_10': 4.962983644625404e-07}. Best is trial 45 with value: 3184.328144803887.
[I 2026-03-31 11:23:36,969] Trial 88 finished with value: 5273.2872283329525 and parameters: {'alpha_0': 0.0036694816330453627, 'alpha_1': 0.0002378346422153034, 'alpha_2': 0.00012583423227049815, 'beta_0': 0.17260473592168718, 'beta_1': 1.9576720554186078, 'beta_2': 0.7231590260186973, 'beta_3': 0.00184261881816989, 'beta_4': 1.1514202924450608e-06, 'beta_5': 0.8992278027391438, 'beta_6': 2.8680153139520152e-05, 'beta_7': 0.10588996711656214, 'beta_8': 0.026854455653432658, 'beta_9': 7.49593227384022e-05, 'beta_10': 1.630988074527214e-07}. Best is trial 45 with value: 3184.328144803887.
[I 2026-03-31 11:23:46,242] Trial 89 finished with value: 10980.501637577088 and parameters: {'alpha_0': 0.004352940158027672, 'alpha_1': 0.0002635448253587399, 'alpha_2': 9.9793791162861e-05, 'beta_0': 0.1459383069930213, 'beta_1': 1.8377216690207172, 'beta_2': 0.34485401786323133, 'beta_3': 0.0024195976567662225, 'beta_4': 4.4484338907606e-07, 'beta_5': 0.6034037541479461, 'beta_6': 2.1980565219923836e-05, 'beta_7': 0.06105141168370554, 'beta_8': 0.020675086515876014, 'beta_9': 2.4138777875133655e-05, 'beta_10': 5.247742255608066e-07}. Best is trial 45 with value: 3184.328144803887.
[I 2026-03-31 11:23:47,503] Trial 90 finished with value: 4442.929020457979 and parameters: {'alpha_0': 0.004874271720693545, 'alpha_1': 0.00014296260214425991, 'alpha_2': 0.00011847028615490427, 'beta_0': 0.1199490451382095, 'beta_1': 1.9125821659891709, 'beta_2': 0.7489543849716819, 'beta_3': 0.0022401798871725686, 'beta_4': 1.3569544013331793e-06, 'beta_5': 0.5203263721262694, 'beta_6': 1.8052870875500965e-05, 'beta_7': 0.09853514220046637, 'beta_8': 0.027564890226497076, 'beta_9': 0.00010290505877849126, 'beta_10': 1.6250134483565602e-06}. Best is trial 45 with value: 3184.328144803887.
[I 2026-03-31 11:23:48,785] Trial 91 finished with value: 3441.7947202650475 and parameters: {'alpha_0': 0.004508375529669607, 'alpha_1': 0.00020257207608351897, 'alpha_2': 9.504342861415265e-05, 'beta_0': 0.13909053731819324, 'beta_1': 1.8570432529375005, 'beta_2': 0.7055460384074823, 'beta_3': 0.002356836588726135, 'beta_4': 8.112406124658864e-07, 'beta_5': 0.5851881633823002, 'beta_6': 1.1356025330828333e-05, 'beta_7': 0.08841102939139374, 'beta_8': 0.02929246026619009, 'beta_9': 8.473417005017559e-05, 'beta_10': 6.421500053273703e-07}. Best is trial 45 with value: 3184.328144803887.
[I 2026-03-31 11:23:50,144] Trial 92 finished with value: 3344.4641024902585 and parameters: {'alpha_0': 0.003813957103964281, 'alpha_1': 0.00021832749402832602, 'alpha_2': 9.135553695233831e-05, 'beta_0': 0.12877373627110072, 'beta_1': 1.573203665774962, 'beta_2': 0.6161488557297442, 'beta_3': 0.002313965596112289, 'beta_4': 6.715303367020423e-07, 'beta_5': 0.6351123789713408, 'beta_6': 1.439884138908037e-05, 'beta_7': 0.10226976345691477, 'beta_8': 0.02861913620117645, 'beta_9': 9.567135182857132e-05, 'beta_10': 6.102748192162536e-07}. Best is trial 45 with value: 3184.328144803887.
[I 2026-03-31 11:23:51,634] Trial 93 finished with value: 3426.8168907278923 and parameters: {'alpha_0': 0.003779895792163443, 'alpha_1': 0.00021689399134220436, 'alpha_2': 0.00010958583684233912, 'beta_0': 0.12782192624268035, 'beta_1': 1.7694029119558996, 'beta_2': 0.6308584056642537, 'beta_3': 0.0021659178232220516, 'beta_4': 3.4936665088954493e-07, 'beta_5': 0.6442155085385562, 'beta_6': 1.4146823989515544e-05, 'beta_7': 0.10222007846866166, 'beta_8': 0.028325990769092518, 'beta_9': 7.992834666172569e-05, 'beta_10': 3.8913570274715276e-07}. Best is trial 45 with value: 3184.328144803887.
[I 2026-03-31 11:23:52,917] Trial 94 finished with value: 3315.9144492770342 and parameters: {'alpha_0': 0.003403742762680541, 'alpha_1': 0.00019277078167519954, 'alpha_2': 0.00010349379225731241, 'beta_0': 0.13369744344321927, 'beta_1': 1.9735307907333435, 'beta_2': 0.6047145273400497, 'beta_3': 0.002306072407691901, 'beta_4': 6.153821928873683e-07, 'beta_5': 0.5553191579233452, 'beta_6': 1.605823163321823e-05, 'beta_7': 0.06685534148084436, 'beta_8': 0.029864883424698296, 'beta_9': 9.009191350636283e-05, 'beta_10': 7.325864169521777e-07}. Best is trial 45 with value: 3184.328144803887.
[I 2026-03-31 11:23:54,266] Trial 95 finished with value: 3103.2608261049 and parameters: {'alpha_0': 0.0034396678048612085, 'alpha_1': 9.148617559306973e-05, 'alpha_2': 0.00011637550153121908, 'beta_0': 0.1327545066094754, 'beta_1': 1.9714716191978268, 'beta_2': 0.5983911730765208, 'beta_3': 0.0022885122761074073, 'beta_4': 6.512424710581143e-07, 'beta_5': 0.554349040695498, 'beta_6': 1.5097008980841949e-05, 'beta_7': 0.056456295584768425, 'beta_8': 0.028729727411067916, 'beta_9': 8.955063704256564e-05, 'beta_10': 6.968636787350509e-07}. Best is trial 95 with value: 3103.2608261049.
[I 2026-03-31 11:23:55,595] Trial 96 finished with value: 3025.72841870304 and parameters: {'alpha_0': 0.003415857858292369, 'alpha_1': 7.37251911769288e-05, 'alpha_2': 0.00014697169985156242, 'beta_0': 0.13517524624066574, 'beta_1': 1.5577913878898326, 'beta_2': 0.49655631066574724, 'beta_3': 0.0023152050263410915, 'beta_4': 1.6109602737791288e-07, 'beta_5': 0.6326221246202197, 'beta_6': 1.484719459856665e-05, 'beta_7': 0.053704722667146175, 'beta_8': 0.028637143136495315, 'beta_9': 9.010583828792998e-05, 'beta_10': 7.475343191608466e-07}. Best is trial 96 with value: 3025.72841870304.
[I 2026-03-31 11:23:57,163] Trial 97 finished with value: 4863.237911773581 and parameters: {'alpha_0': 0.0034609067446324535, 'alpha_1': 7.971413300394231e-05, 'alpha_2': 0.00014845271695028027, 'beta_0': 0.13506535919478213, 'beta_1': 1.4236808432519024, 'beta_2': 0.6102022302232395, 'beta_3': 0.002304841569750863, 'beta_4': 6.247903260558735e-07, 'beta_5': 0.7001936728885603, 'beta_6': 1.523242473273664e-05, 'beta_7': 0.04961385464957926, 'beta_8': 0.026292480970162874, 'beta_9': 9.184722588535692e-05, 'beta_10': 7.633542298112659e-07}. Best is trial 96 with value: 3025.72841870304.
