[I 2026-03-31 11:19:45,092] Trial 14 finished with value: 10723.338993763358 and parameters: {'alpha_0': 0.0031261503478235125, 'alpha_1': 0.00018962118027216846, 'alpha_2': 0.00021651281026294553, 'beta_0': 0.17398841732140297, 'beta_1': 1.5885743651930737, 'beta_2': 0.25214571995459834, 'beta_3': 0.0008501662082754901, 'beta_4': 3.027068883461297e-06, 'beta_5': 0.25968197210973765, 'beta_6': 3.923611519509932e-05, 'beta_7': 0.03870993656130413, 'beta_8': 0.024910447643682325, 'beta_9': 0.00011990714926404085, 'beta_10': 1.3420482701038731e-06}. Best is trial 11 with value: 4156.575213959184.Best trial: 11. Best value: 4156.58:   3%|▎         | 14/500 [01:46<56:37,  6.99s/it]Best trial: 11. Best value: 4156.58:   3%|▎         | 14/500 [01:46<56:37,  6.99s/it]Best trial: 11. Best value: 4156.58:   3%|▎         | 15/500 [01:46<44:04,  5.45s/it]                                                                                     Best trial: 11. Best value: 4156.58:   3%|▎         | 15/500 [01:47<44:04,  5.45s/it]Best trial: 15. Best value: 3649.44:   3%|▎         | 15/500 [01:47<44:04,  5.45s/it]Best trial: 15. Best value: 3649.44:   3%|▎         | 16/500 [01:47<33:56,  4.21s/it]                                                                                     Best trial: 15. Best value: 3649.44:   3%|▎         | 16/500 [01:58<33:56,  4.21s/it]Best trial: 15. Best value: 3649.44:   3%|▎         | 16/500 [01:58<33:56,  4.21s/it]Best trial: 15. Best value: 3649.44:   3%|▎         | 17/500 [01:58<49:41,  6.17s/it]                                                                                     Best trial: 15. Best value: 3649.44:   3%|▎         | 17/500 [02:07<49:41,  6.17s/it]Best trial: 15. Best value: 3649.44:   3%|▎         | 17/500 [02:07<49:41,  6.17s/it]Best trial: 15. Best value: 3649.44:   4%|▎         | 18/500 [02:07<57:01,  7.10s/it]                                                                                     Best trial: 15. Best value: 3649.44:   4%|▎         | 18/500 [02:17<57:01,  7.10s/it]Best trial: 15. Best value: 3649.44:   4%|▎         | 18/500 [02:17<57:01,  7.10s/it]Best trial: 15. Best value: 3649.44:   4%|▍         | 19/500 [02:17<1:02:29,  7.80s/it]                                                                                       Best trial: 15. Best value: 3649.44:   4%|▍         | 19/500 [02:18<1:02:29,  7.80s/it]Best trial: 15. Best value: 3649.44:   4%|▍         | 19/500 [02:18<1:02:29,  7.80s/it]Best trial: 15. Best value: 3649.44:   4%|▍         | 20/500 [02:18<47:05,  5.89s/it]                                                                                       Best trial: 15. Best value: 3649.44:   4%|▍         | 20/500 [02:28<47:05,  5.89s/it]Best trial: 15. Best value: 3649.44:   4%|▍         | 20/500 [02:28<47:05,  5.89s/it]Best trial: 15. Best value: 3649.44:   4%|▍         | 21/500 [02:28<56:37,  7.09s/it]                                                                                     Best trial: 15. Best value: 3649.44:   4%|▍         | 21/500 [02:29<56:37,  7.09s/it]Best trial: 15. Best value: 3649.44:   4%|▍         | 21/500 [02:29<56:37,  7.09s/it]Best trial: 15. Best value: 3649.44:   4%|▍         | 22/500 [02:29<42:34,  5.34s/it]                                                                                     Best trial: 15. Best value: 3649.44:   4%|▍         | 22/500 [02:31<42:34,  5.34s/it]Best trial: 15. Best value: 3649.44:   4%|▍         | 22/500 [02:31<42:34,  5.34s/it]Best trial: 15. Best value: 3649.44:   5%|▍         | 23/500 [02:31<33:11,  4.18s/it]                                                                                     Best trial: 15. Best value: 3649.44:   5%|▍         | 23/500 [02:32<33:11,  4.18s/it]Best trial: 15. Best value: 3649.44:   5%|▍         | 23/500 [02:32<33:11,  4.18s/it]Best trial: 15. Best value: 3649.44:   5%|▍         | 24/500 [02:32<26:52,  3.39s/it]                                                                                     Best trial: 15. Best value: 3649.44:   5%|▍         | 24/500 [02:34<26:52,  3.39s/it]Best trial: 15. Best value: 3649.44:   5%|▍         | 24/500 [02:34<26:52,  3.39s/it]Best trial: 15. Best value: 3649.44:   5%|▌         | 25/500 [02:34<22:22,  2.83s/it]                                                                                     Best trial: 15. Best value: 3649.44:   5%|▌         | 25/500 [02:43<22:22,  2.83s/it]Best trial: 15. Best value: 3649.44:   5%|▌         | 25/500 [02:43<22:22,  2.83s/it]Best trial: 15. Best value: 3649.44:   5%|▌         | 26/500 [02:43<37:32,  4.75s/it]                                                                                     Best trial: 15. Best value: 3649.44:   5%|▌         | 26/500 [02:45<37:32,  4.75s/it]Best trial: 15. Best value: 3649.44:   5%|▌         | 26/500 [02:45<37:32,  4.75s/it]Best trial: 15. Best value: 3649.44:   5%|▌         | 27/500 [02:45<30:59,  3.93s/it]                                                                                     Best trial: 15. Best value: 3649.44:   5%|▌         | 27/500 [02:47<30:59,  3.93s/it]Best trial: 15. Best value: 3649.44:   5%|▌         | 27/500 [02:47<30:59,  3.93s/it]Best trial: 15. Best value: 3649.44:   6%|▌         | 28/500 [02:47<24:48,  3.15s/it]                                                                                     
[I 2026-03-31 11:19:46,411] Trial 15 finished with value: 3649.4358810361455 and parameters: {'alpha_0': 0.0016551812253624257, 'alpha_1': 0.0002217670282510375, 'alpha_2': 0.0002498178982708019, 'beta_0': 0.1332550996905172, 'beta_1': 1.0011297746377934, 'beta_2': 0.48313321918663404, 'beta_3': 0.0007629262280686349, 'beta_4': 3.692574859552464e-06, 'beta_5': 0.6165835543639315, 'beta_6': 3.4471895119286285e-05, 'beta_7': 0.08154400330162023, 'beta_8': 0.029923309219305798, 'beta_9': 9.033226729775429e-05, 'beta_10': 1.487236405865909e-07}. Best is trial 15 with value: 3649.4358810361455.
[I 2026-03-31 11:19:57,151] Trial 16 finished with value: 9133.944475269856 and parameters: {'alpha_0': 0.0016415007233392719, 'alpha_1': 0.00014718896600609388, 'alpha_2': 0.00021778992207759884, 'beta_0': 0.1376790930800646, 'beta_1': 1.084209946833798, 'beta_2': 0.5338662211519359, 'beta_3': 0.0010505039400595508, 'beta_4': 3.4871670082119336e-06, 'beta_5': 0.34571988378341756, 'beta_6': 3.5194625353645504e-05, 'beta_7': 0.08628126665727366, 'beta_8': 0.012968564899903917, 'beta_9': 8.830014720056717e-05, 'beta_10': 1.2207982709235036e-07}. Best is trial 15 with value: 3649.4358810361455.
[I 2026-03-31 11:20:06,409] Trial 17 finished with value: 12091.466469427334 and parameters: {'alpha_0': 0.0015188518223462053, 'alpha_1': 0.00024380706979190096, 'alpha_2': 0.00012063968267864484, 'beta_0': 0.13753443737148785, 'beta_1': 0.8191446857384526, 'beta_2': 0.5459510682496873, 'beta_3': 0.000582627853119826, 'beta_4': 4.1878645375927195e-06, 'beta_5': 0.5590078796512542, 'beta_6': 2.975606341519965e-05, 'beta_7': 0.07503883053505048, 'beta_8': 0.023075603682910013, 'beta_9': 0.00010067363507864166, 'beta_10': 2.8714976911772274e-07}. Best is trial 15 with value: 3649.4358810361455.
[I 2026-03-31 11:20:15,825] Trial 18 finished with value: 9281.218608513958 and parameters: {'alpha_0': 0.0037772948857813025, 'alpha_1': 0.00022000874835625782, 'alpha_2': 0.0002204949091402022, 'beta_0': 0.2994939656961947, 'beta_1': 1.4761896242339951, 'beta_2': 0.9141244313547713, 'beta_3': 0.0012828795986813768, 'beta_4': 2.2291295356568216e-06, 'beta_5': 0.761653980098127, 'beta_6': 2.2311909601399312e-05, 'beta_7': 0.05413521579745094, 'beta_8': 0.018961809955330533, 'beta_9': 5.806825257738443e-05, 'beta_10': 7.208461323766213e-07}. Best is trial 15 with value: 3649.4358810361455.
[I 2026-03-31 11:20:17,260] Trial 19 finished with value: 12116.958314550368 and parameters: {'alpha_0': 0.0023013519965894014, 'alpha_1': 0.00015349655210067543, 'alpha_2': 0.00014824865084021212, 'beta_0': 0.12242427023871821, 'beta_1': 0.9240614156330175, 'beta_2': 0.37803974166572374, 'beta_3': 0.001072938290491981, 'beta_4': 3.5567998783128205e-06, 'beta_5': 0.7094414036614769, 'beta_6': 3.582465749169079e-05, 'beta_7': 0.07313732024696695, 'beta_8': 0.02643564651912037, 'beta_9': 8.631717131989872e-05, 'beta_10': 1.3456573379642121e-06}. Best is trial 15 with value: 3649.4358810361455.
[I 2026-03-31 11:20:27,168] Trial 20 finished with value: 9481.859700424426 and parameters: {'alpha_0': 0.0013555878679728695, 'alpha_1': 0.0002567850305601247, 'alpha_2': 0.00019765532966214419, 'beta_0': 0.10047329473610248, 'beta_1': 1.1360774978549406, 'beta_2': 1.1401881078125649, 'beta_3': 0.0005636125888993713, 'beta_4': 4.391412877662004e-06, 'beta_5': 0.3777446998945505, 'beta_6': 2.9026824855695425e-05, 'beta_7': 0.0864403296714236, 'beta_8': 0.014036433514767292, 'beta_9': 0.00010686766516508869, 'beta_10': 1.1596205791441724e-07}. Best is trial 15 with value: 3649.4358810361455.
[I 2026-03-31 11:20:28,435] Trial 21 finished with value: 4294.441361184248 and parameters: {'alpha_0': 0.002756016964483655, 'alpha_1': 0.00020630014388691318, 'alpha_2': 0.00024045305848562954, 'beta_0': 0.18250714317383218, 'beta_1': 0.962944715989268, 'beta_2': 0.2638793668867616, 'beta_3': 0.0007486938570811528, 'beta_4': 4.82244190423086e-06, 'beta_5': 0.5925165820230237, 'beta_6': 3.7393645107514695e-05, 'beta_7': 0.03172745942277807, 'beta_8': 0.029229489047372038, 'beta_9': 0.00011287995362872994, 'beta_10': 6.384720894031673e-07}. Best is trial 15 with value: 3649.4358810361455.
[I 2026-03-31 11:20:29,884] Trial 22 finished with value: 4118.655555346404 and parameters: {'alpha_0': 0.002684481914912514, 'alpha_1': 0.000202787493288838, 'alpha_2': 0.000246625940123348, 'beta_0': 0.15643549267901918, 'beta_1': 0.8055820347659751, 'beta_2': 0.163450956446278, 'beta_3': 0.0004192573117299652, 'beta_4': 3.934526188126981e-06, 'beta_5': 0.6736278368230687, 'beta_6': 3.917944757176394e-05, 'beta_7': 0.04892170350198662, 'beta_8': 0.029974705968163658, 'beta_9': 0.00011860569463504166, 'beta_10': 3.488740608178192e-07}. Best is trial 15 with value: 3649.4358810361455.
[I 2026-03-31 11:20:31,433] Trial 23 finished with value: 10567.540221474093 and parameters: {'alpha_0': 0.0019408110579711801, 'alpha_1': 0.000227195707321394, 'alpha_2': 0.00022694363304778855, 'beta_0': 0.15451839772103518, 'beta_1': 0.8016553978010498, 'beta_2': 0.2769113904933484, 'beta_3': 0.000366384918059513, 'beta_4': 3.931064374585442e-06, 'beta_5': 0.8363193098639884, 'beta_6': 3.4241713705084845e-05, 'beta_7': 0.051431613029637654, 'beta_8': 0.026976052484235676, 'beta_9': 9.691825065780304e-05, 'beta_10': 3.194077615070359e-07}. Best is trial 15 with value: 3649.4358810361455.
[I 2026-03-31 11:20:32,948] Trial 24 finished with value: 11790.643714038597 and parameters: {'alpha_0': 0.003732042619288906, 'alpha_1': 0.00015933559611941395, 'alpha_2': 0.0002093505680975939, 'beta_0': 0.12255761690117781, 'beta_1': 0.9010060853477264, 'beta_2': 0.504510177032609, 'beta_3': 0.0002069829501465463, 'beta_4': 3.092121039809696e-06, 'beta_5': 0.6785107873960864, 'beta_6': 3.657528623123084e-05, 'beta_7': 0.043939738617097795, 'beta_8': 0.02715646369767168, 'beta_9': 8.493833197969194e-05, 'beta_10': 2.6830670595110747e-07}. Best is trial 15 with value: 3649.4358810361455.
[I 2026-03-31 11:20:42,193] Trial 25 finished with value: 10738.630359987572 and parameters: {'alpha_0': 0.0026354562409799318, 'alpha_1': 0.00017271310894586834, 'alpha_2': 0.0002296759099300777, 'beta_0': 0.15211280692445475, 'beta_1': 1.0563300092673975, 'beta_2': 0.15057236738520177, 'beta_3': 0.0006023258772722785, 'beta_4': 4.48967433948699e-06, 'beta_5': 0.5456654295150922, 'beta_6': 3.943168984953106e-05, 'beta_7': 0.06126807888453963, 'beta_8': 0.02159470482777267, 'beta_9': 0.00010998687289862744, 'beta_10': 7.857045378924426e-07}. Best is trial 15 with value: 3649.4358810361455.
[I 2026-03-31 11:20:44,208] Trial 26 finished with value: 8875.908322601726 and parameters: {'alpha_0': 0.0019509117164864902, 'alpha_1': 0.0002677003268552424, 'alpha_2': 0.00017562418180900466, 'beta_0': 0.12343101988070564, 'beta_1': 1.234639574589868, 'beta_2': 0.3704870640230651, 'beta_3': 0.0009719927995554705, 'beta_4': 3.850374201737189e-06, 'beta_5': 0.6933322768681046, 'beta_6': 1.823551417505713e-05, 'beta_7': 0.07786232870690694, 'beta_8': 0.024009300336895332, 'beta_9': 6.075031541476289e-05, 'beta_10': 4.958113742411283e-07}. Best is trial 15 with value: 3649.4358810361455.
[I 2026-03-31 11:20:45,548] Trial 27 finished with value: 3732.491103802435 and parameters: {'alpha_0': 0.0011017263666318238, 'alpha_1': 0.00029968226720103165, 'alpha_2': 0.00020246512946761597, 'beta_0': 0.19030772344945182, 'beta_1': 1.9983691190711435, 'beta_2': 0.6073212176572808, 'beta_3': 0.00043319150016836406, 'beta_4': 3.2227879880984294e-06, 'beta_5': 0.5955348759129666, 'beta_6': 3.133095368971551e-05, 'beta_7': 0.0299284853837675, 'beta_8': 0.02974631013772573, 'beta_9': 7.998199455063735e-05, 'beta_10': 1.206729899015723e-07}. Best is trial 15 with value: 3649.4358810361455.
[I 2026-03-31 11:20:47,128] Trial 28 finished with value: 12416.721322952697 and parameters: {'alpha_0': 0.0011287517457029951, 'alpha_1': 0.0002917344493333863, 'alpha_2': 0.00020370218267360405, 'beta_0': 0.19525609625055954, 'beta_1': 1.9813213519689723, 'beta_2': 0.5959497007110393, 'beta_3': 0.0004972413664443495, 'beta_4': 3.103191582704816e-06, 'beta_5': 0.5928861166152523, 'beta_6': 3.110564221558144e-05, 'beta_7': 0.03183828381503351, 'beta_8': 0.02617800897421127, 'beta_9': 7.705424912512823e-05, 'beta_10': 1.5801593820566925e-07}. Best is trial 15 with value: 3649.4358810361455.Best trial: 15. Best value: 3649.44:   6%|▌         | 28/500 [02:48<24:48,  3.15s/it]Best trial: 15. Best value: 3649.44:   6%|▌         | 28/500 [02:48<24:48,  3.15s/it]Best trial: 15. Best value: 3649.44:   6%|▌         | 29/500 [02:48<21:02,  2.68s/it]                                                                                     Best trial: 15. Best value: 3649.44:   6%|▌         | 29/500 [02:50<21:02,  2.68s/it]Best trial: 15. Best value: 3649.44:   6%|▌         | 29/500 [02:50<21:02,  2.68s/it]Best trial: 15. Best value: 3649.44:   6%|▌         | 30/500 [02:50<18:09,  2.32s/it]                                                                                     Best trial: 15. Best value: 3649.44:   6%|▌         | 30/500 [03:03<18:09,  2.32s/it]Best trial: 15. Best value: 3649.44:   6%|▌         | 30/500 [03:03<18:09,  2.32s/it]Best trial: 15. Best value: 3649.44:   6%|▌         | 31/500 [03:03<44:32,  5.70s/it]                                                                                     Best trial: 15. Best value: 3649.44:   6%|▌         | 31/500 [03:05<44:32,  5.70s/it]Best trial: 15. Best value: 3649.44:   6%|▌         | 31/500 [03:05<44:32,  5.70s/it]Best trial: 15. Best value: 3649.44:   6%|▋         | 32/500 [03:05<34:19,  4.40s/it]                                                                                     Best trial: 15. Best value: 3649.44:   6%|▋         | 32/500 [03:06<34:19,  4.40s/it]Best trial: 15. Best value: 3649.44:   6%|▋         | 32/500 [03:06<34:19,  4.40s/it]Best trial: 15. Best value: 3649.44:   7%|▋         | 33/500 [03:06<27:27,  3.53s/it]                                                                                     Best trial: 15. Best value: 3649.44:   7%|▋         | 33/500 [03:08<27:27,  3.53s/it]Best trial: 15. Best value: 3649.44:   7%|▋         | 33/500 [03:08<27:27,  3.53s/it]Best trial: 15. Best value: 3649.44:   7%|▋         | 34/500 [03:08<22:38,  2.92s/it]                                                                                     Best trial: 15. Best value: 3649.44:   7%|▋         | 34/500 [03:09<22:38,  2.92s/it]Best trial: 15. Best value: 3649.44:   7%|▋         | 34/500 [03:09<22:38,  2.92s/it]Best trial: 15. Best value: 3649.44:   7%|▋         | 35/500 [03:09<19:29,  2.52s/it]                                                                                     Best trial: 15. Best value: 3649.44:   7%|▋         | 35/500 [03:11<19:29,  2.52s/it]Best trial: 15. Best value: 3649.44:   7%|▋         | 35/500 [03:11<19:29,  2.52s/it]Best trial: 15. Best value: 3649.44:   7%|▋         | 36/500 [03:11<18:41,  2.42s/it]                                                                                     Best trial: 15. Best value: 3649.44:   7%|▋         | 36/500 [03:13<18:41,  2.42s/it]Best trial: 15. Best value: 3649.44:   7%|▋         | 36/500 [03:13<18:41,  2.42s/it]Best trial: 15. Best value: 3649.44:   7%|▋         | 37/500 [03:13<16:37,  2.15s/it]                                                                                     Best trial: 15. Best value: 3649.44:   7%|▋         | 37/500 [03:14<16:37,  2.15s/it]Best trial: 15. Best value: 3649.44:   7%|▋         | 37/500 [03:14<16:37,  2.15s/it]Best trial: 15. Best value: 3649.44:   8%|▊         | 38/500 [03:14<15:01,  1.95s/it]                                                                                     Best trial: 15. Best value: 3649.44:   8%|▊         | 38/500 [03:16<15:01,  1.95s/it]Best trial: 15. Best value: 3649.44:   8%|▊         | 38/500 [03:16<15:01,  1.95s/it]Best trial: 15. Best value: 3649.44:   8%|▊         | 39/500 [03:16<14:03,  1.83s/it]                                                                                     Best trial: 15. Best value: 3649.44:   8%|▊         | 39/500 [03:17<14:03,  1.83s/it]Best trial: 15. Best value: 3649.44:   8%|▊         | 39/500 [03:17<14:03,  1.83s/it]Best trial: 15. Best value: 3649.44:   8%|▊         | 40/500 [03:17<13:02,  1.70s/it]                                                                                     Best trial: 15. Best value: 3649.44:   8%|▊         | 40/500 [03:27<13:02,  1.70s/it]Best trial: 15. Best value: 3649.44:   8%|▊         | 40/500 [03:27<13:02,  1.70s/it]Best trial: 15. Best value: 3649.44:   8%|▊         | 41/500 [03:27<30:26,  3.98s/it]                                                                                     Best trial: 15. Best value: 3649.44:   8%|▊         | 41/500 [03:28<30:26,  3.98s/it]Best trial: 15. Best value: 3649.44:   8%|▊         | 41/500 [03:28<30:26,  3.98s/it]Best trial: 15. Best value: 3649.44:   8%|▊         | 42/500 [03:28<24:47,  3.25s/it]                                                                                     
[I 2026-03-31 11:20:48,598] Trial 29 finished with value: 4009.5339459008023 and parameters: {'alpha_0': 0.0011514454828393198, 'alpha_1': 0.00024136245312838953, 'alpha_2': 0.00015766171449151532, 'beta_0': 0.20237664480580633, 'beta_1': 1.4926490170241198, 'beta_2': 0.7924522058262149, 'beta_3': 0.001314655692771841, 'beta_4': 2.3741510160249255e-06, 'beta_5': 0.8006898996181673, 'beta_6': 2.930698922055761e-05, 'beta_7': 0.05756994623850176, 'beta_8': 0.027947511170901294, 'beta_9': 6.325677455888973e-05, 'beta_10': 3.486357340478723e-07}. Best is trial 15 with value: 3649.4358810361455.
[I 2026-03-31 11:21:02,183] Trial 30 finished with value: 11642.24106015339 and parameters: {'alpha_0': 0.0009397874511238974, 'alpha_1': 0.000235488673541938, 'alpha_2': 0.00013610465608075075, 'beta_0': 0.20233277940777328, 'beta_1': 1.433112144286833, 'beta_2': 0.7742167697366398, 'beta_3': 0.001706301912711964, 'beta_4': 2.3160768398857484e-06, 'beta_5': 0.81484977872309, 'beta_6': 2.825634073165441e-05, 'beta_7': 0.08046272674289885, 'beta_8': 0.009931466886242251, 'beta_9': 6.361860749906155e-05, 'beta_10': 1.3566695163342191e-06}. Best is trial 15 with value: 3649.4358810361455.
[I 2026-03-31 11:21:03,553] Trial 31 finished with value: 3949.7234122085747 and parameters: {'alpha_0': 0.0016008084587567824, 'alpha_1': 0.00027159283554040734, 'alpha_2': 0.00018688745187520428, 'beta_0': 0.18616262771990413, 'beta_1': 1.5220053695090383, 'beta_2': 0.8018943575032993, 'beta_3': 0.0012176074335801743, 'beta_4': 2.6843185284631057e-06, 'beta_5': 0.716887703577676, 'beta_6': 3.195319447347192e-05, 'beta_7': 0.055202809771847015, 'beta_8': 0.028150788081614187, 'beta_9': 7.259084180698657e-05, 'beta_10': 3.7144039814283015e-07}. Best is trial 15 with value: 3649.4358810361455.
[I 2026-03-31 11:21:05,043] Trial 32 finished with value: 3888.259078799987 and parameters: {'alpha_0': 0.0016227739646527484, 'alpha_1': 0.00027287245563740575, 'alpha_2': 0.0001580682846825525, 'beta_0': 0.1889467971829936, 'beta_1': 1.524635239169891, 'beta_2': 0.8224168587324345, 'beta_3': 0.0014089017762652382, 'beta_4': 1.6732602831735521e-06, 'beta_5': 0.7218468078463911, 'beta_6': 3.127550393864672e-05, 'beta_7': 0.0586356850535327, 'beta_8': 0.027976333371145617, 'beta_9': 7.687945908536652e-05, 'beta_10': 2.1779491817006123e-07}. Best is trial 15 with value: 3649.4358810361455.
[I 2026-03-31 11:21:06,531] Trial 33 finished with value: 11663.403995727927 and parameters: {'alpha_0': 0.001596039980827833, 'alpha_1': 0.00027838490103967214, 'alpha_2': 0.00018218136506945073, 'beta_0': 0.1873634733623711, 'beta_1': 1.598215308789842, 'beta_2': 0.8929085131952416, 'beta_3': 0.0011510125580788332, 'beta_4': 1.6940680900639951e-06, 'beta_5': 0.727243758442668, 'beta_6': 3.163315552403256e-05, 'beta_7': 0.06782821009309552, 'beta_8': 0.025863443685802165, 'beta_9': 7.386563536693639e-05, 'beta_10': 2.3985333693611715e-07}. Best is trial 15 with value: 3649.4358810361455.
