[I 2026-03-31 11:22:17,096] Trial 56 finished with value: 8524.47689827853 and parameters: {'alpha_0': 0.0005011520241422962, 'alpha_1': 0.00021213757622614706, 'alpha_2': 6.0147892032489255e-05, 'beta_0': 0.14190100026488045, 'beta_1': 1.6173155685565204, 'beta_2': 0.712803396792156, 'beta_3': 0.0023466372438344964, 'beta_4': 6.881173364142447e-08, 'beta_5': 0.564092394751261, 'beta_6': 1.1878438962353913e-05, 'beta_7': 0.06428946288791601, 'beta_8': 0.025760930321490516, 'beta_9': 0.00010778002453968025, 'beta_10': 8.640673383519263e-07}. Best is trial 45 with value: 3184.328144803887.Best trial: 45. Best value: 3184.33:  11%|█         | 56/500 [04:18<14:02,  1.90s/it]Best trial: 45. Best value: 3184.33:  11%|█         | 56/500 [04:18<14:02,  1.90s/it]Best trial: 45. Best value: 3184.33:  11%|█▏        | 57/500 [04:18<12:59,  1.76s/it]                                                                                     Best trial: 45. Best value: 3184.33:  11%|█▏        | 57/500 [04:20<12:59,  1.76s/it]Best trial: 45. Best value: 3184.33:  11%|█▏        | 57/500 [04:20<12:59,  1.76s/it]Best trial: 45. Best value: 3184.33:  12%|█▏        | 58/500 [04:20<12:13,  1.66s/it]                                                                                     Best trial: 45. Best value: 3184.33:  12%|█▏        | 58/500 [04:29<12:13,  1.66s/it]Best trial: 45. Best value: 3184.33:  12%|█▏        | 58/500 [04:29<12:13,  1.66s/it]Best trial: 45. Best value: 3184.33:  12%|█▏        | 59/500 [04:29<29:14,  3.98s/it]                                                                                     Best trial: 45. Best value: 3184.33:  12%|█▏        | 59/500 [04:30<29:14,  3.98s/it]Best trial: 45. Best value: 3184.33:  12%|█▏        | 59/500 [04:30<29:14,  3.98s/it]Best trial: 45. Best value: 3184.33:  12%|█▏        | 60/500 [04:30<23:49,  3.25s/it]                                                                                     Best trial: 45. Best value: 3184.33:  12%|█▏        | 60/500 [04:32<23:49,  3.25s/it]Best trial: 45. Best value: 3184.33:  12%|█▏        | 60/500 [04:32<23:49,  3.25s/it]Best trial: 45. Best value: 3184.33:  12%|█▏        | 61/500 [04:32<19:31,  2.67s/it]                                                                                     Best trial: 45. Best value: 3184.33:  12%|█▏        | 61/500 [04:33<19:31,  2.67s/it]Best trial: 45. Best value: 3184.33:  12%|█▏        | 61/500 [04:33<19:31,  2.67s/it]Best trial: 45. Best value: 3184.33:  12%|█▏        | 62/500 [04:33<16:30,  2.26s/it]                                                                                     Best trial: 45. Best value: 3184.33:  12%|█▏        | 62/500 [04:35<16:30,  2.26s/it]Best trial: 45. Best value: 3184.33:  12%|█▏        | 62/500 [04:35<16:30,  2.26s/it]Best trial: 45. Best value: 3184.33:  13%|█▎        | 63/500 [04:35<14:48,  2.03s/it]                                                                                     Best trial: 45. Best value: 3184.33:  13%|█▎        | 63/500 [04:36<14:48,  2.03s/it]Best trial: 45. Best value: 3184.33:  13%|█▎        | 63/500 [04:36<14:48,  2.03s/it]Best trial: 45. Best value: 3184.33:  13%|█▎        | 64/500 [04:36<13:20,  1.84s/it]                                                                                     Best trial: 45. Best value: 3184.33:  13%|█▎        | 64/500 [04:37<13:20,  1.84s/it]Best trial: 45. Best value: 3184.33:  13%|█▎        | 64/500 [04:37<13:20,  1.84s/it]Best trial: 45. Best value: 3184.33:  13%|█▎        | 65/500 [04:37<12:07,  1.67s/it]                                                                                     Best trial: 45. Best value: 3184.33:  13%|█▎        | 65/500 [04:39<12:07,  1.67s/it]Best trial: 45. Best value: 3184.33:  13%|█▎        | 65/500 [04:39<12:07,  1.67s/it]Best trial: 45. Best value: 3184.33:  13%|█▎        | 66/500 [04:39<11:50,  1.64s/it]                                                                                     Best trial: 45. Best value: 3184.33:  13%|█▎        | 66/500 [04:40<11:50,  1.64s/it]Best trial: 45. Best value: 3184.33:  13%|█▎        | 66/500 [04:40<11:50,  1.64s/it]Best trial: 45. Best value: 3184.33:  13%|█▎        | 67/500 [04:40<11:44,  1.63s/it]                                                                                     Best trial: 45. Best value: 3184.33:  13%|█▎        | 67/500 [04:52<11:44,  1.63s/it]Best trial: 45. Best value: 3184.33:  13%|█▎        | 67/500 [04:52<11:44,  1.63s/it]Best trial: 45. Best value: 3184.33:  14%|█▎        | 68/500 [04:52<33:24,  4.64s/it]                                                                                     Best trial: 45. Best value: 3184.33:  14%|█▎        | 68/500 [04:53<33:24,  4.64s/it]Best trial: 45. Best value: 3184.33:  14%|█▎        | 68/500 [04:53<33:24,  4.64s/it]Best trial: 45. Best value: 3184.33:  14%|█▍        | 69/500 [04:53<26:05,  3.63s/it]                                                                                     Best trial: 45. Best value: 3184.33:  14%|█▍        | 69/500 [05:03<26:05,  3.63s/it]Best trial: 45. Best value: 3184.33:  14%|█▍        | 69/500 [05:03<26:05,  3.63s/it]Best trial: 45. Best value: 3184.33:  14%|█▍        | 70/500 [05:03<38:06,  5.32s/it]                                                                                     
[I 2026-03-31 11:22:18,522] Trial 57 finished with value: 3537.5096304793624 and parameters: {'alpha_0': 0.0009273016620215922, 'alpha_1': 0.00016738076696885885, 'alpha_2': 6.724870602385821e-05, 'beta_0': 0.16160545214525932, 'beta_1': 1.8861811715363785, 'beta_2': 0.570453210212201, 'beta_3': 0.0021210531235537934, 'beta_4': 1.0286004888187226e-06, 'beta_5': 0.5304987227785204, 'beta_6': 1.4750156008605392e-05, 'beta_7': 0.07636055185406065, 'beta_8': 0.029093762486203975, 'beta_9': 0.00011516222796980756, 'beta_10': 7.095096261758603e-07}. Best is trial 45 with value: 3184.328144803887.
[I 2026-03-31 11:22:27,912] Trial 58 finished with value: 7440.222509091451 and parameters: {'alpha_0': 0.0007298969687195334, 'alpha_1': 0.00019152681383298028, 'alpha_2': 7.987485837607268e-05, 'beta_0': 0.12921900057119365, 'beta_1': 1.7951587983586823, 'beta_2': 0.5121115921649241, 'beta_3': 0.0021285105212111377, 'beta_4': 7.349744099111874e-07, 'beta_5': 0.4701640361319216, 'beta_6': 1.733016643584087e-05, 'beta_7': 0.08494071070763315, 'beta_8': 0.015017042050204049, 'beta_9': 0.00010035353189092195, 'beta_10': 9.824071618802762e-07}. Best is trial 45 with value: 3184.328144803887.
[I 2026-03-31 11:22:29,458] Trial 59 finished with value: 3920.2233886043277 and parameters: {'alpha_0': 0.0009854813138262726, 'alpha_1': 0.0001312789759677503, 'alpha_2': 5.1481269808991186e-05, 'beta_0': 0.1481293685555787, 'beta_1': 1.629951798824743, 'beta_2': 0.6280578363561871, 'beta_3': 0.0024957385597509907, 'beta_4': 3.827956631942328e-07, 'beta_5': 0.6219994667202766, 'beta_6': 1.186404490749753e-05, 'beta_7': 0.09481542817068075, 'beta_8': 0.027102088507012054, 'beta_9': 9.414947941286333e-05, 'beta_10': 7.945112000790846e-07}. Best is trial 45 with value: 3184.328144803887.
[I 2026-03-31 11:22:30,770] Trial 60 finished with value: 3434.6936677850817 and parameters: {'alpha_0': 0.004516400674264441, 'alpha_1': 0.00020856181658120913, 'alpha_2': 9.395204061618802e-05, 'beta_0': 0.11403874648064352, 'beta_1': 1.6974716674330286, 'beta_2': 0.6864927964000559, 'beta_3': 0.00237081250737411, 'beta_4': 8.020080990047715e-07, 'beta_5': 0.575082043837769, 'beta_6': 1.3024912356246666e-05, 'beta_7': 0.08989275254057498, 'beta_8': 0.02921909671196927, 'beta_9': 9.625206091788087e-05, 'beta_10': 6.279037571081787e-07}. Best is trial 45 with value: 3184.328144803887.
[I 2026-03-31 11:22:32,081] Trial 61 finished with value: 3484.7700965990034 and parameters: {'alpha_0': 0.004127982737775928, 'alpha_1': 0.00020743196964451336, 'alpha_2': 0.00010064375747206968, 'beta_0': 0.11586765565349431, 'beta_1': 1.7162114982280545, 'beta_2': 0.6803570966125542, 'beta_3': 0.0023524965531101657, 'beta_4': 8.695526472150695e-07, 'beta_5': 0.5769174840959671, 'beta_6': 1.0069439718785744e-05, 'beta_7': 0.09122433328201121, 'beta_8': 0.029289464917633883, 'beta_9': 9.741639038253431e-05, 'beta_10': 6.754461416663872e-07}. Best is trial 45 with value: 3184.328144803887.
[I 2026-03-31 11:22:33,586] Trial 62 finished with value: 3916.366671767698 and parameters: {'alpha_0': 0.004695424577078909, 'alpha_1': 0.00020747869286583207, 'alpha_2': 0.00010242184472771668, 'beta_0': 0.11307556226757104, 'beta_1': 1.716671557858694, 'beta_2': 0.6915125849329969, 'beta_3': 0.0023648371353552095, 'beta_4': 7.192334794082883e-07, 'beta_5': 0.6644101245412568, 'beta_6': 1.2929035103842463e-05, 'beta_7': 0.09055581024817207, 'beta_8': 0.027337553330701665, 'beta_9': 9.415857246689945e-05, 'beta_10': 6.460418709008285e-07}. Best is trial 45 with value: 3184.328144803887.
[I 2026-03-31 11:22:34,959] Trial 63 finished with value: 3374.256440923956 and parameters: {'alpha_0': 0.004232227578577982, 'alpha_1': 0.00023627640915229337, 'alpha_2': 9.85247606417127e-05, 'beta_0': 0.12770705861074447, 'beta_1': 1.9192489156359498, 'beta_2': 0.7595263189903998, 'beta_3': 0.0022028338858682997, 'beta_4': 5.36574595491484e-07, 'beta_5': 0.5801443609536597, 'beta_6': 1.610643290254195e-05, 'beta_7': 0.10218053644171336, 'beta_8': 0.028945155646498757, 'beta_9': 0.00010562596852053223, 'beta_10': 5.739330194149093e-07}. Best is trial 45 with value: 3184.328144803887.
[I 2026-03-31 11:22:36,250] Trial 64 finished with value: 3408.5073683280307 and parameters: {'alpha_0': 0.0049693356945580795, 'alpha_1': 0.00022811422382934063, 'alpha_2': 9.727605251090522e-05, 'beta_0': 0.12655955750225656, 'beta_1': 1.9334021533851753, 'beta_2': 0.7529377270041011, 'beta_3': 0.0020220193040822133, 'beta_4': 1.2434568959087614e-06, 'beta_5': 0.491576472481974, 'beta_6': 1.6188360392666256e-05, 'beta_7': 0.09878616800273118, 'beta_8': 0.029996669456093722, 'beta_9': 0.00010583738885550493, 'beta_10': 5.606170137211769e-07}. Best is trial 45 with value: 3184.328144803887.
[I 2026-03-31 11:22:37,804] Trial 65 finished with value: 5547.656469551105 and parameters: {'alpha_0': 0.004995981321111353, 'alpha_1': 0.0002285899414255372, 'alpha_2': 0.00011677208994220153, 'beta_0': 0.1244772338887571, 'beta_1': 1.924045303729673, 'beta_2': 0.7554774362925712, 'beta_3': 0.002041757879209389, 'beta_4': 1.204361183505141e-06, 'beta_5': 0.5223134789397073, 'beta_6': 1.7567043742603957e-05, 'beta_7': 0.1010163227317148, 'beta_8': 0.026557787976541833, 'beta_9': 0.00011450137766347162, 'beta_10': 5.66825795929996e-07}. Best is trial 45 with value: 3184.328144803887.
[I 2026-03-31 11:22:39,409] Trial 66 finished with value: 4047.9936241969617 and parameters: {'alpha_0': 0.004477251296200266, 'alpha_1': 0.00023749576031217853, 'alpha_2': 9.40302645857625e-05, 'beta_0': 0.13688550993580012, 'beta_1': 1.853076254816429, 'beta_2': 0.7077274592482973, 'beta_3': 0.002247019544301714, 'beta_4': 1.4654085987677198e-06, 'beta_5': 0.389605338559959, 'beta_6': 1.5753355139474306e-05, 'beta_7': 0.10728163503886867, 'beta_8': 0.027540505596235176, 'beta_9': 0.00010595443074260171, 'beta_10': 4.920642083822921e-07}. Best is trial 45 with value: 3184.328144803887.
[I 2026-03-31 11:22:51,081] Trial 67 finished with value: 9932.026515705697 and parameters: {'alpha_0': 0.004991364102009035, 'alpha_1': 5.242466738764767e-05, 'alpha_2': 7.305897279644655e-05, 'beta_0': 0.10878005361188811, 'beta_1': 1.9437087311383032, 'beta_2': 0.6478515838410119, 'beta_3': 0.0019993334766827344, 'beta_4': 5.522825573973526e-07, 'beta_5': 0.49678541171401636, 'beta_6': 2.0920161117637975e-05, 'beta_7': 0.09747194911276764, 'beta_8': 0.012066411511103266, 'beta_9': 0.00011021769879249809, 'beta_10': 6.000278706305789e-07}. Best is trial 45 with value: 3184.328144803887.
[I 2026-03-31 11:22:52,358] Trial 68 finished with value: 3404.3288010919105 and parameters: {'alpha_0': 0.004226541189768866, 'alpha_1': 0.0002502197074499638, 'alpha_2': 0.00010860551664397612, 'beta_0': 0.1273669777794728, 'beta_1': 1.8769156788410015, 'beta_2': 0.5361358805059181, 'beta_3': 0.002190772620943645, 'beta_4': 1.2061525911540436e-06, 'beta_5': 0.443799328066018, 'beta_6': 1.933575554220331e-05, 'beta_7': 0.10985448733193819, 'beta_8': 0.02993765132110849, 'beta_9': 4.0208233779041046e-05, 'beta_10': 4.808657251537867e-07}. Best is trial 45 with value: 3184.328144803887.
[I 2026-03-31 11:23:01,608] Trial 69 finished with value: 9011.0393592209 and parameters: {'alpha_0': 0.004235098856439338, 'alpha_1': 0.0002481100409786635, 'alpha_2': 0.00011271793541621355, 'beta_0': 0.12915442613077774, 'beta_1': 1.8825797726021147, 'beta_2': 0.4293454024624257, 'beta_3': 0.002193897183334487, 'beta_4': 1.1723262314148885e-06, 'beta_5': 0.391278337105479, 'beta_6': 1.9581144184420467e-05, 'beta_7': 0.11140325194005188, 'beta_8': 0.017445916290206726, 'beta_9': 3.3831909080833244e-05, 'beta_10': 4.4551057780077166e-07}. Best is trial 45 with value: 3184.328144803887.
[I 2026-03-31 11:23:02,960] Trial 70 finished with value: 3606.966127896004 and parameters: {'alpha_0': 0.00472344774623327, 'alpha_1': 0.0002236056255181506, 'alpha_2': 0.0001239972506454736, 'beta_0': 0.1047911677297566, 'beta_1': 1.9401197673937172, 'beta_2': 0.5293831430998307, 'beta_3': 0.002393127655099579, 'beta_4': 1.8767273428840174e-06, 'beta_5': 0.4546962482254252, 'beta_6': 1.661300609904771e-05, 'beta_7': 0.11486766299540761, 'beta_8': 0.028703637199711547, 'beta_9': 4.672113310561888e-05, 'beta_10': 4.5674921034319594e-07}. Best is trial 45 with value: 3184.328144803887.Best trial: 45. Best value: 3184.33:  14%|█▍        | 70/500 [05:04<38:06,  5.32s/it]Best trial: 45. Best value: 3184.33:  14%|█▍        | 70/500 [05:04<38:06,  5.32s/it]Best trial: 45. Best value: 3184.33:  14%|█▍        | 71/500 [05:04<29:30,  4.13s/it]                                                                                     Best trial: 45. Best value: 3184.33:  14%|█▍        | 71/500 [05:05<29:30,  4.13s/it]Best trial: 45. Best value: 3184.33:  14%|█▍        | 71/500 [05:05<29:30,  4.13s/it]Best trial: 45. Best value: 3184.33:  14%|█▍        | 72/500 [05:05<23:19,  3.27s/it]                                                                                     Best trial: 45. Best value: 3184.33:  14%|█▍        | 72/500 [05:07<23:19,  3.27s/it]Best trial: 45. Best value: 3184.33:  14%|█▍        | 72/500 [05:07<23:19,  3.27s/it]Best trial: 45. Best value: 3184.33:  15%|█▍        | 73/500 [05:07<19:01,  2.67s/it]                                                                                     Best trial: 45. Best value: 3184.33:  15%|█▍        | 73/500 [05:08<19:01,  2.67s/it]Best trial: 45. Best value: 3184.33:  15%|█▍        | 73/500 [05:08<19:01,  2.67s/it]Best trial: 45. Best value: 3184.33:  15%|█▍        | 74/500 [05:08<16:05,  2.27s/it]                                                                                     Best trial: 45. Best value: 3184.33:  15%|█▍        | 74/500 [05:09<16:05,  2.27s/it]Best trial: 45. Best value: 3184.33:  15%|█▍        | 74/500 [05:09<16:05,  2.27s/it]Best trial: 45. Best value: 3184.33:  15%|█▌        | 75/500 [05:09<14:03,  1.98s/it]                                                                                     Best trial: 45. Best value: 3184.33:  15%|█▌        | 75/500 [05:11<14:03,  1.98s/it]Best trial: 45. Best value: 3184.33:  15%|█▌        | 75/500 [05:11<14:03,  1.98s/it]Best trial: 45. Best value: 3184.33:  15%|█▌        | 76/500 [05:11<12:45,  1.81s/it]                                                                                     Best trial: 45. Best value: 3184.33:  15%|█▌        | 76/500 [05:12<12:45,  1.81s/it]Best trial: 45. Best value: 3184.33:  15%|█▌        | 76/500 [05:12<12:45,  1.81s/it]Best trial: 45. Best value: 3184.33:  15%|█▌        | 77/500 [05:12<12:04,  1.71s/it]                                                                                     Best trial: 45. Best value: 3184.33:  15%|█▌        | 77/500 [05:13<12:04,  1.71s/it]Best trial: 45. Best value: 3184.33:  15%|█▌        | 77/500 [05:13<12:04,  1.71s/it]Best trial: 45. Best value: 3184.33:  16%|█▌        | 78/500 [05:13<11:22,  1.62s/it]                                                                                     Best trial: 45. Best value: 3184.33:  16%|█▌        | 78/500 [05:15<11:22,  1.62s/it]Best trial: 45. Best value: 3184.33:  16%|█▌        | 78/500 [05:15<11:22,  1.62s/it]Best trial: 45. Best value: 3184.33:  16%|█▌        | 79/500 [05:15<11:42,  1.67s/it]                                                                                     Best trial: 45. Best value: 3184.33:  16%|█▌        | 79/500 [05:24<11:42,  1.67s/it]Best trial: 45. Best value: 3184.33:  16%|█▌        | 79/500 [05:24<11:42,  1.67s/it]Best trial: 45. Best value: 3184.33:  16%|█▌        | 80/500 [05:24<27:23,  3.91s/it]                                                                                     Best trial: 45. Best value: 3184.33:  16%|█▌        | 80/500 [05:27<27:23,  3.91s/it]Best trial: 45. Best value: 3184.33:  16%|█▌        | 80/500 [05:27<27:23,  3.91s/it]Best trial: 45. Best value: 3184.33:  16%|█▌        | 81/500 [05:27<24:13,  3.47s/it]                                                                                     Best trial: 45. Best value: 3184.33:  16%|█▌        | 81/500 [05:28<24:13,  3.47s/it]Best trial: 45. Best value: 3184.33:  16%|█▌        | 81/500 [05:28<24:13,  3.47s/it]Best trial: 45. Best value: 3184.33:  16%|█▋        | 82/500 [05:28<19:36,  2.81s/it]                                                                                     Best trial: 45. Best value: 3184.33:  16%|█▋        | 82/500 [05:30<19:36,  2.81s/it]Best trial: 45. Best value: 3184.33:  16%|█▋        | 82/500 [05:30<19:36,  2.81s/it]Best trial: 45. Best value: 3184.33:  17%|█▋        | 83/500 [05:30<16:44,  2.41s/it]                                                                                     Best trial: 45. Best value: 3184.33:  17%|█▋        | 83/500 [05:31<16:44,  2.41s/it]Best trial: 45. Best value: 3184.33:  17%|█▋        | 83/500 [05:31<16:44,  2.41s/it]Best trial: 45. Best value: 3184.33:  17%|█▋        | 84/500 [05:31<15:04,  2.18s/it]                                                                                     
[I 2026-03-31 11:23:04,232] Trial 71 finished with value: 3552.817203861332 and parameters: {'alpha_0': 0.004304629250441336, 'alpha_1': 0.00023996174498435994, 'alpha_2': 9.716244372393124e-05, 'beta_0': 0.11922420167677322, 'beta_1': 1.8645951733716732, 'beta_2': 0.7664711904508754, 'beta_3': 0.0022957378069500068, 'beta_4': 1.5339274813418742e-06, 'beta_5': 0.4372721892480743, 'beta_6': 1.419594898356854e-05, 'beta_7': 0.10916629352799441, 'beta_8': 0.0297247255923561, 'beta_9': 0.0001092873457021511, 'beta_10': 5.609853106301296e-07}. Best is trial 45 with value: 3184.328144803887.
[I 2026-03-31 11:23:05,507] Trial 72 finished with value: 3405.011782488286 and parameters: {'alpha_0': 0.003943888392451946, 'alpha_1': 0.0001994328427167075, 'alpha_2': 0.00010794430616131904, 'beta_0': 0.1577552804038973, 'beta_1': 1.9061186370133907, 'beta_2': 0.5959493818316842, 'beta_3': 0.0024245588375845424, 'beta_4': 8.275602457951235e-07, 'beta_5': 0.5536175330633487, 'beta_6': 1.2302090934140358e-05, 'beta_7': 0.10246860534354235, 'beta_8': 0.029987209431471908, 'beta_9': 0.00010394899733362282, 'beta_10': 6.727897198592064e-07}. Best is trial 45 with value: 3184.328144803887.
[I 2026-03-31 11:23:06,823] Trial 73 finished with value: 3389.081448024969 and parameters: {'alpha_0': 0.003552971745378804, 'alpha_1': 0.0001982167296474103, 'alpha_2': 9.113561527499567e-05, 'beta_0': 0.15784297265604874, 'beta_1': 1.911069752407714, 'beta_2': 0.6243593245140605, 'beta_3': 0.0020333312314547236, 'beta_4': 1.3597814287113788e-06, 'beta_5': 0.4814741195929865, 'beta_6': 1.912140550369485e-05, 'beta_7': 0.10322827807340468, 'beta_8': 0.028672860921019706, 'beta_9': 8.63787497010182e-05, 'beta_10': 3.1084141691982103e-07}. Best is trial 45 with value: 3184.328144803887.
[I 2026-03-31 11:23:08,152] Trial 74 finished with value: 3292.9142656542444 and parameters: {'alpha_0': 0.003538690319261124, 'alpha_1': 0.000252620297376472, 'alpha_2': 0.00011090208219757862, 'beta_0': 0.16063641637754328, 'beta_1': 1.9039175241200395, 'beta_2': 0.6244038002811867, 'beta_3': 0.002064981655074767, 'beta_4': 1.356045419464684e-06, 'beta_5': 0.48251721537128445, 'beta_6': 1.926683629587866e-05, 'beta_7': 0.10043518472013124, 'beta_8': 0.028656521444926916, 'beta_9': 8.788589490788781e-05, 'beta_10': 2.8263342595809153e-07}. Best is trial 45 with value: 3184.328144803887.
[I 2026-03-31 11:23:09,539] Trial 75 finished with value: 3729.4616156796883 and parameters: {'alpha_0': 0.0035725373279212277, 'alpha_1': 0.00019745258737293998, 'alpha_2': 0.00010836450850359704, 'beta_0': 0.160095689319499, 'beta_1': 1.8985396895909283, 'beta_2': 0.6208088059738673, 'beta_3': 0.0019311188168976902, 'beta_4': 2.0823476820154786e-06, 'beta_5': 0.47162953808106983, 'beta_6': 1.9327766369852175e-05, 'beta_7': 0.10476528348585988, 'beta_8': 0.02852591612557284, 'beta_9': 8.708529458945904e-05, 'beta_10': 2.9864291324761156e-07}. Best is trial 45 with value: 3184.328144803887.
