[I 2026-03-31 11:32:28,206] Trial 350 finished with value: 3349.1018168347373 and parameters: {'alpha_0': 0.0005914016988865971, 'alpha_1': 0.0001061265418369329, 'alpha_2': 0.00023199389120694648, 'beta_0': 0.24270091510332284, 'beta_1': 0.9125367626004339, 'beta_2': 0.2068643058288684, 'beta_3': 0.0007905513497004676, 'beta_4': 1.2867743176972767e-07, 'beta_5': 0.7332499988830802, 'beta_6': 2.0727427686086568e-05, 'beta_7': 0.022745839522642485, 'beta_8': 0.02865134016198642, 'beta_9': 9.106743204214846e-05, 'beta_10': 1.0339196810828834e-07}. Best is trial 328 with value: 2590.2417125419443.Best trial: 328. Best value: 2590.24:  70%|███████   | 350/500 [14:29<03:26,  1.38s/it]Best trial: 328. Best value: 2590.24:  70%|███████   | 350/500 [14:29<03:26,  1.38s/it]Best trial: 328. Best value: 2590.24:  70%|███████   | 351/500 [14:29<03:33,  1.43s/it]                                                                                       Best trial: 328. Best value: 2590.24:  70%|███████   | 351/500 [14:31<03:33,  1.43s/it]Best trial: 328. Best value: 2590.24:  70%|███████   | 351/500 [14:31<03:33,  1.43s/it]Best trial: 328. Best value: 2590.24:  70%|███████   | 352/500 [14:31<03:36,  1.46s/it]                                                                                       Best trial: 328. Best value: 2590.24:  70%|███████   | 352/500 [14:32<03:36,  1.46s/it]Best trial: 328. Best value: 2590.24:  70%|███████   | 352/500 [14:32<03:36,  1.46s/it]Best trial: 328. Best value: 2590.24:  71%|███████   | 353/500 [14:32<03:33,  1.45s/it]                                                                                       Best trial: 328. Best value: 2590.24:  71%|███████   | 353/500 [14:34<03:33,  1.45s/it]Best trial: 328. Best value: 2590.24:  71%|███████   | 353/500 [14:34<03:33,  1.45s/it]Best trial: 328. Best value: 2590.24:  71%|███████   | 354/500 [14:34<03:36,  1.48s/it]                                                                                       Best trial: 328. Best value: 2590.24:  71%|███████   | 354/500 [14:35<03:36,  1.48s/it]Best trial: 328. Best value: 2590.24:  71%|███████   | 354/500 [14:35<03:36,  1.48s/it]Best trial: 328. Best value: 2590.24:  71%|███████   | 355/500 [14:35<03:36,  1.49s/it]                                                                                       Best trial: 328. Best value: 2590.24:  71%|███████   | 355/500 [14:37<03:36,  1.49s/it]Best trial: 328. Best value: 2590.24:  71%|███████   | 355/500 [14:37<03:36,  1.49s/it]Best trial: 328. Best value: 2590.24:  71%|███████   | 356/500 [14:37<03:29,  1.46s/it]                                                                                       Best trial: 328. Best value: 2590.24:  71%|███████   | 356/500 [14:38<03:29,  1.46s/it]Best trial: 328. Best value: 2590.24:  71%|███████   | 356/500 [14:38<03:29,  1.46s/it]Best trial: 328. Best value: 2590.24:  71%|███████▏  | 357/500 [14:38<03:30,  1.47s/it]                                                                                       Best trial: 328. Best value: 2590.24:  71%|███████▏  | 357/500 [14:40<03:30,  1.47s/it]Best trial: 328. Best value: 2590.24:  71%|███████▏  | 357/500 [14:40<03:30,  1.47s/it]Best trial: 328. Best value: 2590.24:  72%|███████▏  | 358/500 [14:40<03:26,  1.45s/it]                                                                                       Best trial: 328. Best value: 2590.24:  72%|███████▏  | 358/500 [14:41<03:26,  1.45s/it]Best trial: 328. Best value: 2590.24:  72%|███████▏  | 358/500 [14:41<03:26,  1.45s/it]Best trial: 328. Best value: 2590.24:  72%|███████▏  | 359/500 [14:41<03:26,  1.46s/it]                                                                                       Best trial: 328. Best value: 2590.24:  72%|███████▏  | 359/500 [14:43<03:26,  1.46s/it]Best trial: 328. Best value: 2590.24:  72%|███████▏  | 359/500 [14:43<03:26,  1.46s/it]Best trial: 328. Best value: 2590.24:  72%|███████▏  | 360/500 [14:43<03:27,  1.48s/it]                                                                                       Best trial: 328. Best value: 2590.24:  72%|███████▏  | 360/500 [14:44<03:27,  1.48s/it]Best trial: 328. Best value: 2590.24:  72%|███████▏  | 360/500 [14:44<03:27,  1.48s/it]Best trial: 328. Best value: 2590.24:  72%|███████▏  | 361/500 [14:44<03:26,  1.49s/it]                                                                                       Best trial: 328. Best value: 2590.24:  72%|███████▏  | 361/500 [14:46<03:26,  1.49s/it]Best trial: 328. Best value: 2590.24:  72%|███████▏  | 361/500 [14:46<03:26,  1.49s/it]Best trial: 328. Best value: 2590.24:  72%|███████▏  | 362/500 [14:46<03:23,  1.47s/it]                                                                                       Best trial: 328. Best value: 2590.24:  72%|███████▏  | 362/500 [14:47<03:23,  1.47s/it]Best trial: 328. Best value: 2590.24:  72%|███████▏  | 362/500 [14:47<03:23,  1.47s/it]Best trial: 328. Best value: 2590.24:  73%|███████▎  | 363/500 [14:47<03:16,  1.44s/it]                                                                                       Best trial: 328. Best value: 2590.24:  73%|███████▎  | 363/500 [14:48<03:16,  1.44s/it]Best trial: 328. Best value: 2590.24:  73%|███████▎  | 363/500 [14:48<03:16,  1.44s/it]Best trial: 328. Best value: 2590.24:  73%|███████▎  | 364/500 [14:48<03:18,  1.46s/it]                                                                                       
[I 2026-03-31 11:32:29,751] Trial 351 finished with value: 3072.1707416187733 and parameters: {'alpha_0': 0.0006911657506848581, 'alpha_1': 0.00012073200597478761, 'alpha_2': 0.00023566237021237075, 'beta_0': 0.2363213425630871, 'beta_1': 0.9676461465415813, 'beta_2': 0.24094581550750369, 'beta_3': 0.0009761721072357849, 'beta_4': 2.6191927567340016e-07, 'beta_5': 0.7431625556728161, 'beta_6': 2.1984738360772956e-05, 'beta_7': 0.02009006494352255, 'beta_8': 0.02919232515129782, 'beta_9': 9.601055974522827e-05, 'beta_10': 1.547374691340664e-07}. Best is trial 328 with value: 2590.2417125419443.
[I 2026-03-31 11:32:31,169] Trial 352 finished with value: 3544.529546888565 and parameters: {'alpha_0': 0.0005440209106671039, 'alpha_1': 0.00012613805017428829, 'alpha_2': 0.0002356029880288134, 'beta_0': 0.23689837962425622, 'beta_1': 0.9289873652324762, 'beta_2': 0.22459152885205558, 'beta_3': 0.0009081866752561229, 'beta_4': 1.5353196323988614e-07, 'beta_5': 0.7113166245863017, 'beta_6': 2.2016228697894455e-05, 'beta_7': 0.022951312775662494, 'beta_8': 0.029389109831909323, 'beta_9': 9.832243112165442e-05, 'beta_10': 1.448717170744654e-06}. Best is trial 328 with value: 2590.2417125419443.
[I 2026-03-31 11:32:32,720] Trial 353 finished with value: 3125.2269391868685 and parameters: {'alpha_0': 0.0005050318029014323, 'alpha_1': 0.00010161804840355469, 'alpha_2': 0.00023140431700170272, 'beta_0': 0.24086732670125743, 'beta_1': 0.954278782819245, 'beta_2': 0.26639242093352655, 'beta_3': 0.0010183549376963361, 'beta_4': 2.3338725908533186e-07, 'beta_5': 0.7687904855986629, 'beta_6': 2.039248015408739e-05, 'beta_7': 0.022209517598478088, 'beta_8': 0.028639618761039362, 'beta_9': 9.7019725856273e-05, 'beta_10': 1.6603704023221827e-07}. Best is trial 328 with value: 2590.2417125419443.
[I 2026-03-31 11:32:34,233] Trial 354 finished with value: 4232.724389383726 and parameters: {'alpha_0': 0.0006642332133031814, 'alpha_1': 0.00011216834318801204, 'alpha_2': 0.0002382070181540786, 'beta_0': 0.23466268857638034, 'beta_1': 0.9177826467936244, 'beta_2': 0.24321128828457125, 'beta_3': 0.000909440930718113, 'beta_4': 1.4835179473036578e-07, 'beta_5': 0.7411379338293448, 'beta_6': 1.9652682716027582e-05, 'beta_7': 0.022988839932116204, 'beta_8': 0.029347919712759407, 'beta_9': 9.380954864074233e-05, 'beta_10': 1.7481658918593589e-06}. Best is trial 328 with value: 2590.2417125419443.
[I 2026-03-31 11:32:35,607] Trial 355 finished with value: 2618.7918605806267 and parameters: {'alpha_0': 0.0009058173871966939, 'alpha_1': 0.00010638374843107441, 'alpha_2': 0.00022968354723352082, 'beta_0': 0.2417562357434858, 'beta_1': 0.893074407934856, 'beta_2': 0.21388213602708572, 'beta_3': 0.001033940653059531, 'beta_4': 5.3257663261764635e-08, 'beta_5': 0.7597657446681498, 'beta_6': 2.0888231551717145e-05, 'beta_7': 0.022926807948501132, 'beta_8': 0.0299862550956914, 'beta_9': 0.00010203277532761307, 'beta_10': 1.376966946431409e-07}. Best is trial 328 with value: 2590.2417125419443.
[I 2026-03-31 11:32:37,114] Trial 356 finished with value: 2981.9863436637042 and parameters: {'alpha_0': 0.0009223348672165601, 'alpha_1': 0.00010674301856078205, 'alpha_2': 0.0002291857059171045, 'beta_0': 0.2419657077591812, 'beta_1': 0.9282561900650563, 'beta_2': 0.22142961890178176, 'beta_3': 0.0009413429128787786, 'beta_4': 5.323626098733457e-08, 'beta_5': 0.7655939610242081, 'beta_6': 2.2218839269596823e-05, 'beta_7': 0.02022133546674052, 'beta_8': 0.02900264599260937, 'beta_9': 0.00010049536049883291, 'beta_10': 1.0049189471850615e-07}. Best is trial 328 with value: 2590.2417125419443.
[I 2026-03-31 11:32:38,532] Trial 357 finished with value: 2698.2727023215157 and parameters: {'alpha_0': 0.0008212426740714247, 'alpha_1': 0.00010035132071248036, 'alpha_2': 0.0002328561130634825, 'beta_0': 0.23224288724894412, 'beta_1': 0.9002273343982043, 'beta_2': 0.20122780330276874, 'beta_3': 0.0007003559944306976, 'beta_4': 5.153314640793561e-08, 'beta_5': 0.7534851564829044, 'beta_6': 1.882845440388077e-05, 'beta_7': 0.023093753411824295, 'beta_8': 0.029999883812752152, 'beta_9': 0.00010170623163477266, 'beta_10': 1.3423317646240157e-07}. Best is trial 328 with value: 2590.2417125419443.
[I 2026-03-31 11:32:40,018] Trial 358 finished with value: 2872.648386041835 and parameters: {'alpha_0': 0.0008828991267773354, 'alpha_1': 9.759207163399103e-05, 'alpha_2': 0.000228675658583899, 'beta_0': 0.2321637169784465, 'beta_1': 0.9556790667633087, 'beta_2': 0.2646463339788961, 'beta_3': 0.0009815791814745702, 'beta_4': 2.6735288084481175e-07, 'beta_5': 0.7655874839598198, 'beta_6': 2.0586516935563744e-05, 'beta_7': 0.020019527726845208, 'beta_8': 0.02942954660862815, 'beta_9': 9.656865607774685e-05, 'beta_10': 2.179096999620852e-07}. Best is trial 328 with value: 2590.2417125419443.
[I 2026-03-31 11:32:41,550] Trial 359 finished with value: 3237.3597632980855 and parameters: {'alpha_0': 0.0006105211784400013, 'alpha_1': 0.00010554489884757286, 'alpha_2': 0.00023458375245808256, 'beta_0': 0.2440827574722081, 'beta_1': 0.9029573613634617, 'beta_2': 0.27938147394328744, 'beta_3': 0.0010607684035725557, 'beta_4': 1.5595156884403383e-07, 'beta_5': 0.7364649738867304, 'beta_6': 2.2489146038543693e-05, 'beta_7': 0.023440786809069553, 'beta_8': 0.028527275544169943, 'beta_9': 9.932877453674414e-05, 'beta_10': 1.73623676411928e-07}. Best is trial 328 with value: 2590.2417125419443.
[I 2026-03-31 11:32:43,050] Trial 360 finished with value: 3040.44611995176 and parameters: {'alpha_0': 0.0007770586027627355, 'alpha_1': 0.00010183896771836122, 'alpha_2': 0.00023882859984086655, 'beta_0': 0.23743576375185224, 'beta_1': 0.9185778631670195, 'beta_2': 0.2933232877333101, 'beta_3': 0.0010500673495652654, 'beta_4': 2.986102850040278e-07, 'beta_5': 0.754114748065503, 'beta_6': 2.128511653628006e-05, 'beta_7': 0.021798793436014686, 'beta_8': 0.029410981168755405, 'beta_9': 8.865023176790015e-05, 'beta_10': 2.296005356638058e-07}. Best is trial 328 with value: 2590.2417125419443.
[I 2026-03-31 11:32:44,480] Trial 361 finished with value: 2961.416619485863 and parameters: {'alpha_0': 0.0009355060237079857, 'alpha_1': 0.00011114839427855928, 'alpha_2': 0.00024303574981209786, 'beta_0': 0.24008472459405186, 'beta_1': 0.8823213890767254, 'beta_2': 0.25742920694249727, 'beta_3': 0.0009567953877759076, 'beta_4': 1.4525230191987692e-07, 'beta_5': 0.7752998998032063, 'beta_6': 2.0022257461399557e-05, 'beta_7': 0.023485034074667482, 'beta_8': 0.029002063101286286, 'beta_9': 8.764463079263208e-05, 'beta_10': 1.3186457834802363e-07}. Best is trial 328 with value: 2590.2417125419443.
[I 2026-03-31 11:32:45,834] Trial 362 finished with value: 2728.130026676367 and parameters: {'alpha_0': 0.0006965431397528166, 'alpha_1': 9.624249573988352e-05, 'alpha_2': 0.00024060783138478328, 'beta_0': 0.23245418134078402, 'beta_1': 0.9351367658616138, 'beta_2': 0.22391870634014305, 'beta_3': 0.0008178100109233436, 'beta_4': 1.4279496675150728e-07, 'beta_5': 0.758217035440704, 'beta_6': 3.815693517850818e-05, 'beta_7': 0.023574653097203073, 'beta_8': 0.02996867835385218, 'beta_9': 9.345315983274903e-05, 'beta_10': 1.74258214433293e-07}. Best is trial 328 with value: 2590.2417125419443.
[I 2026-03-31 11:32:47,344] Trial 363 finished with value: 2911.38994077635 and parameters: {'alpha_0': 0.0005880206595216305, 'alpha_1': 9.312921542124265e-05, 'alpha_2': 0.0002342085883312696, 'beta_0': 0.22985155599674084, 'beta_1': 0.891041610473617, 'beta_2': 0.29033847321668105, 'beta_3': 0.0008806363565053055, 'beta_4': 2.9448950471583187e-07, 'beta_5': 0.7294917639755998, 'beta_6': 2.171198359060291e-05, 'beta_7': 0.021610082902790522, 'beta_8': 0.02947816119052392, 'beta_9': 9.539247687755651e-05, 'beta_10': 1.0028849850439062e-07}. Best is trial 328 with value: 2590.2417125419443.
[I 2026-03-31 11:32:48,812] Trial 364 finished with value: 3056.515743571016 and parameters: {'alpha_0': 0.0008262886123366, 'alpha_1': 0.0001009428180937549, 'alpha_2': 0.00022908988995973042, 'beta_0': 0.24346656290751406, 'beta_1': 0.8994743928518824, 'beta_2': 0.19608778361246604, 'beta_3': 0.001084141841977321, 'beta_4': 2.3761018930329343e-07, 'beta_5': 0.7739702444902179, 'beta_6': 2.0845811951670417e-05, 'beta_7': 0.02170480258268468, 'beta_8': 0.028758937570640325, 'beta_9': 9.809277237874325e-05, 'beta_10': 2.2061528338283493e-07}. Best is trial 328 with value: 2590.2417125419443.Best trial: 328. Best value: 2590.24:  73%|███████▎  | 364/500 [14:50<03:18,  1.46s/it]Best trial: 328. Best value: 2590.24:  73%|███████▎  | 364/500 [14:50<03:18,  1.46s/it]Best trial: 328. Best value: 2590.24:  73%|███████▎  | 365/500 [14:50<03:17,  1.46s/it]                                                                                       Best trial: 328. Best value: 2590.24:  73%|███████▎  | 365/500 [14:51<03:17,  1.46s/it]Best trial: 328. Best value: 2590.24:  73%|███████▎  | 365/500 [14:51<03:17,  1.46s/it]Best trial: 328. Best value: 2590.24:  73%|███████▎  | 366/500 [14:51<03:16,  1.46s/it]                                                                                       Best trial: 328. Best value: 2590.24:  73%|███████▎  | 366/500 [14:53<03:16,  1.46s/it]Best trial: 328. Best value: 2590.24:  73%|███████▎  | 366/500 [14:53<03:16,  1.46s/it]Best trial: 328. Best value: 2590.24:  73%|███████▎  | 367/500 [14:53<03:10,  1.43s/it]                                                                                       Best trial: 328. Best value: 2590.24:  73%|███████▎  | 367/500 [14:54<03:10,  1.43s/it]Best trial: 328. Best value: 2590.24:  73%|███████▎  | 367/500 [14:54<03:10,  1.43s/it]Best trial: 328. Best value: 2590.24:  74%|███████▎  | 368/500 [14:54<03:05,  1.41s/it]                                                                                       Best trial: 328. Best value: 2590.24:  74%|███████▎  | 368/500 [14:55<03:05,  1.41s/it]Best trial: 328. Best value: 2590.24:  74%|███████▎  | 368/500 [14:55<03:05,  1.41s/it]Best trial: 328. Best value: 2590.24:  74%|███████▍  | 369/500 [14:55<03:02,  1.39s/it]                                                                                       Best trial: 328. Best value: 2590.24:  74%|███████▍  | 369/500 [14:57<03:02,  1.39s/it]Best trial: 328. Best value: 2590.24:  74%|███████▍  | 369/500 [14:57<03:02,  1.39s/it]Best trial: 328. Best value: 2590.24:  74%|███████▍  | 370/500 [14:57<03:00,  1.39s/it]                                                                                       Best trial: 328. Best value: 2590.24:  74%|███████▍  | 370/500 [14:58<03:00,  1.39s/it]Best trial: 328. Best value: 2590.24:  74%|███████▍  | 370/500 [14:58<03:00,  1.39s/it]Best trial: 328. Best value: 2590.24:  74%|███████▍  | 371/500 [14:58<03:04,  1.43s/it]                                                                                       Best trial: 328. Best value: 2590.24:  74%|███████▍  | 371/500 [15:00<03:04,  1.43s/it]Best trial: 328. Best value: 2590.24:  74%|███████▍  | 371/500 [15:00<03:04,  1.43s/it]Best trial: 328. Best value: 2590.24:  74%|███████▍  | 372/500 [15:00<02:59,  1.40s/it]                                                                                       Best trial: 328. Best value: 2590.24:  74%|███████▍  | 372/500 [15:04<02:59,  1.40s/it]Best trial: 328. Best value: 2590.24:  74%|███████▍  | 372/500 [15:04<02:59,  1.40s/it]Best trial: 328. Best value: 2590.24:  75%|███████▍  | 373/500 [15:04<05:08,  2.43s/it]                                                                                       Best trial: 328. Best value: 2590.24:  75%|███████▍  | 373/500 [15:06<05:08,  2.43s/it]Best trial: 328. Best value: 2590.24:  75%|███████▍  | 373/500 [15:06<05:08,  2.43s/it]Best trial: 328. Best value: 2590.24:  75%|███████▍  | 374/500 [15:06<04:25,  2.11s/it]                                                                                       Best trial: 328. Best value: 2590.24:  75%|███████▍  | 374/500 [15:07<04:25,  2.11s/it]Best trial: 328. Best value: 2590.24:  75%|███████▍  | 374/500 [15:07<04:25,  2.11s/it]Best trial: 328. Best value: 2590.24:  75%|███████▌  | 375/500 [15:07<04:02,  1.94s/it]                                                                                       Best trial: 328. Best value: 2590.24:  75%|███████▌  | 375/500 [15:09<04:02,  1.94s/it]Best trial: 328. Best value: 2590.24:  75%|███████▌  | 375/500 [15:09<04:02,  1.94s/it]Best trial: 328. Best value: 2590.24:  75%|███████▌  | 376/500 [15:09<03:44,  1.81s/it]                                                                                       Best trial: 328. Best value: 2590.24:  75%|███████▌  | 376/500 [15:10<03:44,  1.81s/it]Best trial: 328. Best value: 2590.24:  75%|███████▌  | 376/500 [15:10<03:44,  1.81s/it]Best trial: 328. Best value: 2590.24:  75%|███████▌  | 377/500 [15:10<03:28,  1.69s/it]                                                                                       Best trial: 328. Best value: 2590.24:  75%|███████▌  | 377/500 [15:12<03:28,  1.69s/it]Best trial: 328. Best value: 2590.24:  75%|███████▌  | 377/500 [15:12<03:28,  1.69s/it]Best trial: 328. Best value: 2590.24:  76%|███████▌  | 378/500 [15:12<03:14,  1.60s/it]                                                                                       
[I 2026-03-31 11:32:50,281] Trial 365 finished with value: 2852.35193658099 and parameters: {'alpha_0': 0.000503318790690821, 'alpha_1': 0.00010701588993258368, 'alpha_2': 0.0002405969984153551, 'beta_0': 0.23591588426083746, 'beta_1': 0.8735750036606987, 'beta_2': 0.25282104848452264, 'beta_3': 0.0009421023811232723, 'beta_4': 5.4954688379725146e-08, 'beta_5': 0.7430717380306818, 'beta_6': 2.270878670709645e-05, 'beta_7': 0.020067007373096253, 'beta_8': 0.029477112472498464, 'beta_9': 8.920855644095762e-05, 'beta_10': 1.3620948774234803e-07}. Best is trial 328 with value: 2590.2417125419443.
[I 2026-03-31 11:32:51,635] Trial 366 finished with value: 2612.472961354532 and parameters: {'alpha_0': 0.0007458116886134364, 'alpha_1': 9.414141346475567e-05, 'alpha_2': 0.00023593289323502303, 'beta_0': 0.23946096711537196, 'beta_1': 0.8432905686829943, 'beta_2': 0.27763089528728446, 'beta_3': 0.0009766374626029855, 'beta_4': 1.6923247730764573e-07, 'beta_5': 0.7623774407314047, 'beta_6': 2.463405427644441e-05, 'beta_7': 0.023167700573552982, 'beta_8': 0.029997700672958785, 'beta_9': 8.656974380357882e-05, 'beta_10': 1.7700476526639351e-07}. Best is trial 328 with value: 2590.2417125419443.
[I 2026-03-31 11:32:52,988] Trial 367 finished with value: 3346.5410443289366 and parameters: {'alpha_0': 0.0007394692986849233, 'alpha_1': 9.306976590454518e-05, 'alpha_2': 0.00023649531341176305, 'beta_0': 0.24131746502540166, 'beta_1': 0.9300120892396545, 'beta_2': 0.2732775371159855, 'beta_3': 0.001016110364833624, 'beta_4': 3.5118065497796904e-06, 'beta_5': 0.7695210797006498, 'beta_6': 2.4409199008810434e-05, 'beta_7': 0.023396196856217757, 'beta_8': 0.02952357870666009, 'beta_9': 0.00010302371688382722, 'beta_10': 1.724386826537081e-07}. Best is trial 328 with value: 2590.2417125419443.
[I 2026-03-31 11:32:54,342] Trial 368 finished with value: 2654.667129032583 and parameters: {'alpha_0': 0.0006220442875602662, 'alpha_1': 9.748915037019904e-05, 'alpha_2': 0.0002425358962912419, 'beta_0': 0.23795602543173192, 'beta_1': 0.8495814389718033, 'beta_2': 0.23744752240497538, 'beta_3': 0.000991100923633047, 'beta_4': 1.5489029779205249e-07, 'beta_5': 0.7626623692053957, 'beta_6': 2.4414179484138276e-05, 'beta_7': 0.02396957254232587, 'beta_8': 0.029959562589806102, 'beta_9': 8.610714537394909e-05, 'beta_10': 1.344461235231703e-07}. Best is trial 328 with value: 2590.2417125419443.
[I 2026-03-31 11:32:55,717] Trial 369 finished with value: 2665.8318456823745 and parameters: {'alpha_0': 0.0006986770128058728, 'alpha_1': 9.224273139740763e-05, 'alpha_2': 0.0002386822480541424, 'beta_0': 0.2304338964837504, 'beta_1': 0.873093395092217, 'beta_2': 0.29520627428663204, 'beta_3': 0.00103501973209003, 'beta_4': 2.9775542077844345e-07, 'beta_5': 0.7832209763889073, 'beta_6': 2.371450864558846e-05, 'beta_7': 0.021967837980759842, 'beta_8': 0.029985295327934928, 'beta_9': 9.155205247697256e-05, 'beta_10': 1.7530882392394597e-07}. Best is trial 328 with value: 2590.2417125419443.
