[I 2026-03-31 11:27:09,370] Trial 202 finished with value: 2986.8591808264246 and parameters: {'alpha_0': 0.0009003190095482276, 'alpha_1': 6.303972444280532e-05, 'alpha_2': 0.00022026089341950172, 'beta_0': 0.2069651319440225, 'beta_1': 0.8278693581864176, 'beta_2': 0.43158399840496164, 'beta_3': 0.0014239199793976316, 'beta_4': 7.023177279179348e-07, 'beta_5': 0.8381225792924505, 'beta_6': 1.0573136397350685e-05, 'beta_7': 0.02886551070669041, 'beta_8': 0.029054746152835435, 'beta_9': 6.618212173592853e-05, 'beta_10': 2.1810605055016233e-07}. Best is trial 201 with value: 2669.8823524300874.
[I 2026-03-31 11:27:10,923] Trial 203 finished with value: 3127.946199184763 and parameters: {'alpha_0': 0.00115301648667022, 'alpha_1': 6.47459124633368e-05, 'alpha_2': 0.00021194942470211477, 'beta_0': 0.21564416943087952, 'beta_1': 0.8364086112541068, 'beta_2': 0.3982709630629739, 'beta_3': 0.0015462039171357472, 'beta_4': 6.311844658848966e-07, 'beta_5': 0.8234647085480659, 'beta_6': 1.1076446967065533e-05, 'beta_7': 0.027944451864345486, 'beta_8': 0.028376361859186194, 'beta_9': 6.98223028427795e-05, 'beta_10': 2.875229420559778e-07}. Best is trial 201 with value: 2669.8823524300874.
[I 2026-03-31 11:27:12,214] Trial 204 finished with value: 2859.0371818045332 and parameters: {'alpha_0': 0.0009780920742336972, 'alpha_1': 5.03090593595363e-05, 'alpha_2': 0.00022836880923861831, 'beta_0': 0.2084498020679512, 'beta_1': 0.8803914062467444, 'beta_2': 0.47445805098239774, 'beta_3': 0.0016290908582478286, 'beta_4': 7.731469793359285e-07, 'beta_5': 0.8380173048635697, 'beta_6': 1.0077599743740248e-05, 'beta_7': 0.029339253944158844, 'beta_8': 0.02908847355027735, 'beta_9': 6.655386566699083e-05, 'beta_10': 2.4642821621028493e-07}. Best is trial 201 with value: 2669.8823524300874.
[I 2026-03-31 11:27:13,533] Trial 205 finished with value: 2754.811214995869 and parameters: {'alpha_0': 0.0013219778440956196, 'alpha_1': 5.003642614509681e-05, 'alpha_2': 0.00023396320906395154, 'beta_0': 0.2023907049605048, 'beta_1': 0.877147463882923, 'beta_2': 0.4717671447687259, 'beta_3': 0.001597537969095385, 'beta_4': 8.057543725287694e-07, 'beta_5': 0.846782497838351, 'beta_6': 1.1595454791527853e-05, 'beta_7': 0.032410384031777734, 'beta_8': 0.029188752747833353, 'beta_9': 7.28375788277292e-05, 'beta_10': 3.193309544757456e-07}. Best is trial 201 with value: 2669.8823524300874.
[I 2026-03-31 11:27:23,314] Trial 206 finished with value: 7776.389446336089 and parameters: {'alpha_0': 0.0013569598101550182, 'alpha_1': 5.39337174756861e-05, 'alpha_2': 0.00023908789902642296, 'beta_0': 0.19656278353794332, 'beta_1': 0.8031788225860524, 'beta_2': 0.4171375450066087, 'beta_3': 0.0015602083665503701, 'beta_4': 6.504563921062919e-07, 'beta_5': 0.8501989964734887, 'beta_6': 1.1614969556284045e-05, 'beta_7': 0.03183153252525857, 'beta_8': 0.013531879300410318, 'beta_9': 7.28312787557075e-05, 'beta_10': 3.14903151741374e-07}. Best is trial 201 with value: 2669.8823524300874.
[I 2026-03-31 11:27:24,626] Trial 207 finished with value: 2721.9785742710196 and parameters: {'alpha_0': 0.0013120045038367283, 'alpha_1': 5.456090148988674e-05, 'alpha_2': 0.00021927086361260713, 'beta_0': 0.2029797892656023, 'beta_1': 0.8750975680637573, 'beta_2': 0.3950205272547367, 'beta_3': 0.0017318134911214545, 'beta_4': 8.31307686402387e-07, 'beta_5': 0.8970271662587697, 'beta_6': 1.0853208045484842e-05, 'beta_7': 0.027731164882434482, 'beta_8': 0.02929297346369964, 'beta_9': 6.898530403747177e-05, 'beta_10': 1.9373009991364342e-07}. Best is trial 201 with value: 2669.8823524300874.
[I 2026-03-31 11:27:26,040] Trial 208 finished with value: 3098.5028274017036 and parameters: {'alpha_0': 0.0013133848850535594, 'alpha_1': 6.976706929584365e-05, 'alpha_2': 0.0002347267348367503, 'beta_0': 0.20361469543323407, 'beta_1': 0.8827715345059978, 'beta_2': 0.39904270091594957, 'beta_3': 0.0017324330319346583, 'beta_4': 8.232171250620252e-07, 'beta_5': 0.8226321075118834, 'beta_6': 1.162502851620443e-05, 'beta_7': 0.030027150539719175, 'beta_8': 0.028762963680662723, 'beta_9': 6.936487905719116e-05, 'beta_10': 2.0736299646079608e-07}. Best is trial 201 with value: 2669.8823524300874.
[I 2026-03-31 11:27:27,401] Trial 209 finished with value: 2658.1488404821835 and parameters: {'alpha_0': 0.0011930176783133803, 'alpha_1': 6.328109505885595e-05, 'alpha_2': 0.00022318473991779074, 'beta_0': 0.20297342872127058, 'beta_1': 0.8485360961564776, 'beta_2': 0.45683222503688115, 'beta_3': 0.0016792431547127612, 'beta_4': 6.983917013694838e-07, 'beta_5': 0.8974613317572738, 'beta_6': 1.0615932606250949e-05, 'beta_7': 0.02844805548383128, 'beta_8': 0.02926460155362611, 'beta_9': 7.175056256535141e-05, 'beta_10': 1.4023948717894048e-07}. Best is trial 209 with value: 2658.1488404821835.
[I 2026-03-31 11:27:28,768] Trial 210 finished with value: 3346.324680773537 and parameters: {'alpha_0': 0.0008842113327740667, 'alpha_1': 6.372070112861444e-05, 'alpha_2': 0.0002239007724461461, 'beta_0': 0.19261146657952136, 'beta_1': 0.8431768836881802, 'beta_2': 0.44664181830814165, 'beta_3': 0.0016904781541504901, 'beta_4': 2.909591986901074e-06, 'beta_5': 0.8890498517466183, 'beta_6': 1.0769099788036198e-05, 'beta_7': 0.027867841506747097, 'beta_8': 0.02879531639675133, 'beta_9': 7.324296613019691e-05, 'beta_10': 1.5930010301685392e-07}. Best is trial 209 with value: 2658.1488404821835.Best trial: 209. Best value: 2658.15:  42%|████▏     | 210/500 [09:30<10:47,  2.23s/it]Best trial: 209. Best value: 2658.15:  42%|████▏     | 210/500 [09:30<10:47,  2.23s/it]Best trial: 209. Best value: 2658.15:  42%|████▏     | 211/500 [09:30<09:29,  1.97s/it]                                                                                       Best trial: 209. Best value: 2658.15:  42%|████▏     | 211/500 [09:31<09:29,  1.97s/it]Best trial: 209. Best value: 2658.15:  42%|████▏     | 211/500 [09:31<09:29,  1.97s/it]Best trial: 209. Best value: 2658.15:  42%|████▏     | 212/500 [09:31<08:32,  1.78s/it]                                                                                       Best trial: 209. Best value: 2658.15:  42%|████▏     | 212/500 [09:33<08:32,  1.78s/it]Best trial: 212. Best value: 2598.31:  42%|████▏     | 212/500 [09:33<08:32,  1.78s/it]Best trial: 212. Best value: 2598.31:  43%|████▎     | 213/500 [09:33<07:56,  1.66s/it]                                                                                       Best trial: 212. Best value: 2598.31:  43%|████▎     | 213/500 [09:34<07:56,  1.66s/it]Best trial: 212. Best value: 2598.31:  43%|████▎     | 213/500 [09:34<07:56,  1.66s/it]Best trial: 212. Best value: 2598.31:  43%|████▎     | 214/500 [09:34<07:30,  1.57s/it]                                                                                       Best trial: 212. Best value: 2598.31:  43%|████▎     | 214/500 [09:35<07:30,  1.57s/it]Best trial: 212. Best value: 2598.31:  43%|████▎     | 214/500 [09:35<07:30,  1.57s/it]Best trial: 212. Best value: 2598.31:  43%|████▎     | 215/500 [09:35<07:09,  1.51s/it]                                                                                       Best trial: 212. Best value: 2598.31:  43%|████▎     | 215/500 [09:37<07:09,  1.51s/it]Best trial: 212. Best value: 2598.31:  43%|████▎     | 215/500 [09:37<07:09,  1.51s/it]Best trial: 212. Best value: 2598.31:  43%|████▎     | 216/500 [09:37<06:55,  1.46s/it]                                                                                       Best trial: 212. Best value: 2598.31:  43%|████▎     | 216/500 [09:38<06:55,  1.46s/it]Best trial: 212. Best value: 2598.31:  43%|████▎     | 216/500 [09:38<06:55,  1.46s/it]Best trial: 212. Best value: 2598.31:  43%|████▎     | 217/500 [09:38<07:00,  1.48s/it]                                                                                       Best trial: 212. Best value: 2598.31:  43%|████▎     | 217/500 [09:40<07:00,  1.48s/it]Best trial: 212. Best value: 2598.31:  43%|████▎     | 217/500 [09:40<07:00,  1.48s/it]Best trial: 212. Best value: 2598.31:  44%|████▎     | 218/500 [09:40<06:56,  1.48s/it]                                                                                       Best trial: 212. Best value: 2598.31:  44%|████▎     | 218/500 [09:41<06:56,  1.48s/it]Best trial: 212. Best value: 2598.31:  44%|████▎     | 218/500 [09:41<06:56,  1.48s/it]Best trial: 212. Best value: 2598.31:  44%|████▍     | 219/500 [09:41<06:49,  1.46s/it]                                                                                       Best trial: 212. Best value: 2598.31:  44%|████▍     | 219/500 [09:42<06:49,  1.46s/it]Best trial: 212. Best value: 2598.31:  44%|████▍     | 219/500 [09:42<06:49,  1.46s/it]Best trial: 212. Best value: 2598.31:  44%|████▍     | 220/500 [09:42<06:47,  1.46s/it]                                                                                       Best trial: 212. Best value: 2598.31:  44%|████▍     | 220/500 [09:44<06:47,  1.46s/it]Best trial: 212. Best value: 2598.31:  44%|████▍     | 220/500 [09:44<06:47,  1.46s/it]Best trial: 212. Best value: 2598.31:  44%|████▍     | 221/500 [09:44<07:25,  1.60s/it]                                                                                       Best trial: 212. Best value: 2598.31:  44%|████▍     | 221/500 [09:46<07:25,  1.60s/it]Best trial: 212. Best value: 2598.31:  44%|████▍     | 221/500 [09:46<07:25,  1.60s/it]Best trial: 212. Best value: 2598.31:  44%|████▍     | 222/500 [09:46<07:12,  1.56s/it]                                                                                       Best trial: 212. Best value: 2598.31:  44%|████▍     | 222/500 [09:47<07:12,  1.56s/it]Best trial: 212. Best value: 2598.31:  44%|████▍     | 222/500 [09:47<07:12,  1.56s/it]Best trial: 212. Best value: 2598.31:  45%|████▍     | 223/500 [09:47<07:03,  1.53s/it]                                                                                       Best trial: 212. Best value: 2598.31:  45%|████▍     | 223/500 [09:49<07:03,  1.53s/it]Best trial: 212. Best value: 2598.31:  45%|████▍     | 223/500 [09:49<07:03,  1.53s/it]Best trial: 212. Best value: 2598.31:  45%|████▍     | 224/500 [09:49<06:45,  1.47s/it]                                                                                       
[I 2026-03-31 11:27:30,105] Trial 211 finished with value: 2796.8587106407267 and parameters: {'alpha_0': 0.0011649339605676167, 'alpha_1': 5.373999603713047e-05, 'alpha_2': 0.00021849025859852714, 'beta_0': 0.2004317813392848, 'beta_1': 0.9212380082137135, 'beta_2': 0.4715773627235529, 'beta_3': 0.0018451571185987793, 'beta_4': 6.677532532604557e-07, 'beta_5': 0.8983157140188822, 'beta_6': 1.1283814247161346e-05, 'beta_7': 0.032633358229826256, 'beta_8': 0.029264886520532753, 'beta_9': 6.877832537064058e-05, 'beta_10': 3.265770879882331e-07}. Best is trial 209 with value: 2658.1488404821835.
[I 2026-03-31 11:27:31,480] Trial 212 finished with value: 2598.3148183348794 and parameters: {'alpha_0': 0.0011283497080408105, 'alpha_1': 5.0396500535180743e-05, 'alpha_2': 0.00021955520472258358, 'beta_0': 0.20127606970207157, 'beta_1': 0.923508155987885, 'beta_2': 0.4678239149196129, 'beta_3': 0.0017584492485853212, 'beta_4': 6.565659589265152e-07, 'beta_5': 0.8964810047065572, 'beta_6': 1.2002386636807864e-05, 'beta_7': 0.029782991611759835, 'beta_8': 0.02922658227329957, 'beta_9': 7.038905793732869e-05, 'beta_10': 1.3038815116934124e-07}. Best is trial 212 with value: 2598.3148183348794.
[I 2026-03-31 11:27:32,856] Trial 213 finished with value: 2802.6978822686115 and parameters: {'alpha_0': 0.0011246731610215683, 'alpha_1': 5.0532216789678037e-05, 'alpha_2': 0.00021952797391584545, 'beta_0': 0.19988028855477022, 'beta_1': 0.9150243474899888, 'beta_2': 0.4775031838306511, 'beta_3': 0.0018387503582347165, 'beta_4': 6.472784959923787e-07, 'beta_5': 0.8911392946740839, 'beta_6': 1.1938935378769843e-05, 'beta_7': 0.03268070859511691, 'beta_8': 0.02809385063061129, 'beta_9': 7.015652300573613e-05, 'beta_10': 1.1263826835312784e-07}. Best is trial 212 with value: 2598.3148183348794.
[I 2026-03-31 11:27:34,201] Trial 214 finished with value: 2801.526481819994 and parameters: {'alpha_0': 0.0010154460381492708, 'alpha_1': 5.006391177940981e-05, 'alpha_2': 0.0002196857900962853, 'beta_0': 0.20117875450729622, 'beta_1': 0.9150621381026923, 'beta_2': 0.4530132403688868, 'beta_3': 0.0018517927987247973, 'beta_4': 6.411658944407138e-07, 'beta_5': 0.8957787430756858, 'beta_6': 1.1774173289109063e-05, 'beta_7': 0.03323854104245804, 'beta_8': 0.028144726288372796, 'beta_9': 7.126016293670758e-05, 'beta_10': 1.4798482834153588e-07}. Best is trial 212 with value: 2598.3148183348794.
[I 2026-03-31 11:27:35,563] Trial 215 finished with value: 2797.2661708023657 and parameters: {'alpha_0': 0.0010063540499322078, 'alpha_1': 5.11310986317583e-05, 'alpha_2': 0.00021782008686781359, 'beta_0': 0.2008317368361303, 'beta_1': 0.9300065124625785, 'beta_2': 0.4688731743386299, 'beta_3': 0.0018408211816268866, 'beta_4': 6.47737530732742e-07, 'beta_5': 0.8988883057396823, 'beta_6': 1.1976206004624302e-05, 'beta_7': 0.03258750065386164, 'beta_8': 0.028105101033758458, 'beta_9': 7.157739366168623e-05, 'beta_10': 1.22092913933655e-07}. Best is trial 212 with value: 2598.3148183348794.
[I 2026-03-31 11:27:37,099] Trial 216 finished with value: 3439.807241915816 and parameters: {'alpha_0': 0.0010061168570280256, 'alpha_1': 5.0683441456058275e-05, 'alpha_2': 0.0002199040891102639, 'beta_0': 0.2013124080563786, 'beta_1': 0.9318442061134651, 'beta_2': 0.4764079408200067, 'beta_3': 0.0018409301350198806, 'beta_4': 5.997384527745016e-07, 'beta_5': 0.8983464565517559, 'beta_6': 1.1695549899372655e-05, 'beta_7': 0.033262699998348355, 'beta_8': 0.027690081797530033, 'beta_9': 7.13935073341931e-05, 'beta_10': 1.1227456293859961e-07}. Best is trial 212 with value: 2598.3148183348794.
[I 2026-03-31 11:27:38,562] Trial 217 finished with value: 3171.6132340879894 and parameters: {'alpha_0': 0.0011360633165064798, 'alpha_1': 6.220259498090207e-05, 'alpha_2': 0.00021711547626044185, 'beta_0': 0.19986370518769705, 'beta_1': 0.9186871620161805, 'beta_2': 0.46940421436764307, 'beta_3': 0.0018495527549647925, 'beta_4': 6.670830753131519e-07, 'beta_5': 0.8947042702604366, 'beta_6': 1.2020393241714587e-05, 'beta_7': 0.029862615521857733, 'beta_8': 0.02791025137510253, 'beta_9': 7.20519831529026e-05, 'beta_10': 1.3846880749599932e-07}. Best is trial 212 with value: 2598.3148183348794.
[I 2026-03-31 11:27:39,975] Trial 218 finished with value: 3067.0955589536106 and parameters: {'alpha_0': 0.0009345274936458858, 'alpha_1': 5.0386770124318424e-05, 'alpha_2': 0.0002249620575168363, 'beta_0': 0.20676013271696417, 'beta_1': 0.8909076071725961, 'beta_2': 0.457553428028743, 'beta_3': 0.0015283424912635566, 'beta_4': 6.376121231383603e-07, 'beta_5': 0.8977145099283967, 'beta_6': 1.214919829630564e-05, 'beta_7': 0.03239929140954577, 'beta_8': 0.028319695643224358, 'beta_9': 6.895988617007092e-05, 'beta_10': 1.8259746216444122e-07}. Best is trial 212 with value: 2598.3148183348794.
[I 2026-03-31 11:27:41,424] Trial 219 finished with value: 3016.326290304186 and parameters: {'alpha_0': 0.0008435299395311712, 'alpha_1': 5.0167966416335727e-05, 'alpha_2': 0.00022003226619616062, 'beta_0': 0.19400458443296265, 'beta_1': 0.8172182811547565, 'beta_2': 0.4834821818564931, 'beta_3': 0.0018343022339682377, 'beta_4': 5.51207929813139e-07, 'beta_5': 0.880150886617062, 'beta_6': 1.0501488886512397e-05, 'beta_7': 0.03210660190324312, 'beta_8': 0.028495109224478114, 'beta_9': 7.379787385090351e-05, 'beta_10': 1.3029047050111358e-07}. Best is trial 212 with value: 2598.3148183348794.
[I 2026-03-31 11:27:43,346] Trial 220 finished with value: 5647.566568807075 and parameters: {'alpha_0': 0.0007180444442864515, 'alpha_1': 6.321902945802043e-05, 'alpha_2': 0.00023245441222201376, 'beta_0': 0.20040900353570903, 'beta_1': 0.8900495147900638, 'beta_2': 0.5244223608075432, 'beta_3': 0.0014658730663319386, 'beta_4': 6.633545570499389e-07, 'beta_5': 0.8998230047405947, 'beta_6': 1.1684977295407563e-05, 'beta_7': 0.030360651017443053, 'beta_8': 0.027453215754280193, 'beta_9': 7.727124204553204e-05, 'beta_10': 2.0205648870843492e-07}. Best is trial 212 with value: 2598.3148183348794.
[I 2026-03-31 11:27:44,804] Trial 221 finished with value: 3019.6591053356083 and parameters: {'alpha_0': 0.001105045285710334, 'alpha_1': 6.122612061530642e-05, 'alpha_2': 0.00022673328874216875, 'beta_0': 0.20396422337489756, 'beta_1': 0.9151131191036369, 'beta_2': 0.4362340443724405, 'beta_3': 0.0015894780303759822, 'beta_4': 7.149981029690166e-07, 'beta_5': 0.8775230587200721, 'beta_6': 1.132467745199387e-05, 'beta_7': 0.027248196779336823, 'beta_8': 0.028776861950528816, 'beta_9': 6.959451090715182e-05, 'beta_10': 2.899052627989807e-07}. Best is trial 212 with value: 2598.3148183348794.
[I 2026-03-31 11:27:46,276] Trial 222 finished with value: 3131.627981646846 and parameters: {'alpha_0': 0.0010149447281248593, 'alpha_1': 7.054400732333242e-05, 'alpha_2': 0.0002165100478835732, 'beta_0': 0.2095039097590297, 'beta_1': 0.8315882387771906, 'beta_2': 0.45656450564629936, 'beta_3': 0.001689583177808939, 'beta_4': 5.984245918275037e-07, 'beta_5': 0.8742883651471812, 'beta_6': 1.0437908240958738e-05, 'beta_7': 0.03400984475293077, 'beta_8': 0.028150228644548622, 'beta_9': 7.122727912313278e-05, 'beta_10': 1.008826250396723e-07}. Best is trial 212 with value: 2598.3148183348794.
[I 2026-03-31 11:27:47,608] Trial 223 finished with value: 2792.331393334619 and parameters: {'alpha_0': 0.0013270448518841178, 'alpha_1': 5.38654731916796e-05, 'alpha_2': 0.00022376963144903669, 'beta_0': 0.1959721494716315, 'beta_1': 0.8792812812904104, 'beta_2': 0.4303054083598496, 'beta_3': 0.0017487078899924313, 'beta_4': 7.237994303601206e-07, 'beta_5': 0.8895806174849943, 'beta_6': 1.202520301110988e-05, 'beta_7': 0.028913105660649543, 'beta_8': 0.028835352756147466, 'beta_9': 6.836615332773201e-05, 'beta_10': 2.3056370445502982e-07}. Best is trial 212 with value: 2598.3148183348794.
