[I 2026-03-31 11:31:49,501] Trial 328 finished with value: 2590.2417125419443 and parameters: {'alpha_0': 0.00077191273015217, 'alpha_1': 0.0001003398270362574, 'alpha_2': 0.0002496381975582318, 'beta_0': 0.22315581110688662, 'beta_1': 0.8629516517037559, 'beta_2': 0.2836785516361818, 'beta_3': 0.0011572674700501928, 'beta_4': 6.384371251631959e-08, 'beta_5': 0.7970476113584795, 'beta_6': 2.238450010999992e-05, 'beta_7': 0.022002539665155328, 'beta_8': 0.029990099891537374, 'beta_9': 8.697939287062156e-05, 'beta_10': 1.5883927226941145e-07}. Best is trial 328 with value: 2590.2417125419443.
[I 2026-03-31 11:31:50,875] Trial 329 finished with value: 2617.9489202934556 and parameters: {'alpha_0': 0.0008314817865143819, 'alpha_1': 0.00010069988327353461, 'alpha_2': 0.00024330665291728704, 'beta_0': 0.22076384031515586, 'beta_1': 0.8616215833543108, 'beta_2': 0.2785728130479381, 'beta_3': 0.0011387477880580488, 'beta_4': 6.751402125582105e-08, 'beta_5': 0.760548387613225, 'beta_6': 2.1245833065924218e-05, 'beta_7': 0.021297682518757334, 'beta_8': 0.029946379957318185, 'beta_9': 8.673366098343377e-05, 'beta_10': 1.343966885678749e-07}. Best is trial 328 with value: 2590.2417125419443.
[I 2026-03-31 11:31:52,260] Trial 330 finished with value: 2672.329958385199 and parameters: {'alpha_0': 0.0008523860040416736, 'alpha_1': 0.0001034802739581498, 'alpha_2': 0.0002496135338092045, 'beta_0': 0.21527203790638474, 'beta_1': 0.8672403703417471, 'beta_2': 0.2794523276601834, 'beta_3': 0.0012037488300483301, 'beta_4': 6.571064959313662e-08, 'beta_5': 0.7660818149376618, 'beta_6': 2.1431827231051527e-05, 'beta_7': 0.021629940365074252, 'beta_8': 0.029940591552787346, 'beta_9': 9.137693567549429e-05, 'beta_10': 1.4746045244565656e-07}. Best is trial 328 with value: 2590.2417125419443.
[I 2026-03-31 11:31:53,819] Trial 331 finished with value: 3046.03861400001 and parameters: {'alpha_0': 0.0007799553576587561, 'alpha_1': 0.0001091630739265647, 'alpha_2': 0.00023476062690987832, 'beta_0': 0.22039919735654687, 'beta_1': 0.860072814058672, 'beta_2': 0.25304145465254, 'beta_3': 0.0011300703082491015, 'beta_4': 5.226223395193212e-08, 'beta_5': 0.7948138366843831, 'beta_6': 2.0086067777991123e-05, 'beta_7': 0.020098835987242256, 'beta_8': 0.029056074832514513, 'beta_9': 8.807617327092818e-05, 'beta_10': 1.3079321153411433e-07}. Best is trial 328 with value: 2590.2417125419443.
[I 2026-03-31 11:32:03,158] Trial 332 finished with value: 7164.589531393667 and parameters: {'alpha_0': 0.000843450320142115, 'alpha_1': 9.7470970690489e-05, 'alpha_2': 0.00024226569029237147, 'beta_0': 0.2176526416463196, 'beta_1': 0.8679845797883372, 'beta_2': 0.2751317031802941, 'beta_3': 0.001161297819411431, 'beta_4': 1.397632085905032e-07, 'beta_5': 0.7978431339043626, 'beta_6': 2.0849533990441335e-05, 'beta_7': 0.020288822377545333, 'beta_8': 0.016554164846926393, 'beta_9': 8.586101323299224e-05, 'beta_10': 1.0526651745171003e-07}. Best is trial 328 with value: 2590.2417125419443.
[I 2026-03-31 11:32:04,583] Trial 333 finished with value: 2954.2726279604803 and parameters: {'alpha_0': 0.0007476299617586888, 'alpha_1': 9.869702017950055e-05, 'alpha_2': 0.0002419318894377628, 'beta_0': 0.21100132763757512, 'beta_1': 0.8474708580694024, 'beta_2': 0.2906188588679862, 'beta_3': 0.0013723758990110539, 'beta_4': 1.7184818015681379e-07, 'beta_5': 0.7803869386069261, 'beta_6': 2.232201520179274e-05, 'beta_7': 0.02172686497113176, 'beta_8': 0.029136118751112498, 'beta_9': 8.664088644259355e-05, 'beta_10': 1.6097300376555087e-07}. Best is trial 328 with value: 2590.2417125419443.
[I 2026-03-31 11:32:05,931] Trial 334 finished with value: 2654.7601003688987 and parameters: {'alpha_0': 0.0007424377323160243, 'alpha_1': 9.284658445101429e-05, 'alpha_2': 0.00024991292284951716, 'beta_0': 0.22246723914232025, 'beta_1': 0.8667915541518716, 'beta_2': 0.26596406672693995, 'beta_3': 0.0011687756904889706, 'beta_4': 5.133897601236276e-08, 'beta_5': 0.7557181044666639, 'beta_6': 2.204921208847923e-05, 'beta_7': 0.021336615766654167, 'beta_8': 0.02998126319578999, 'beta_9': 8.365107038242537e-05, 'beta_10': 1.0307845721986226e-07}. Best is trial 328 with value: 2590.2417125419443.
[I 2026-03-31 11:32:07,313] Trial 335 finished with value: 2654.1357912664103 and parameters: {'alpha_0': 0.0007530203773032005, 'alpha_1': 0.0001160032121310233, 'alpha_2': 0.00023852481380471404, 'beta_0': 0.22407807489464163, 'beta_1': 0.8762285749313479, 'beta_2': 0.2603976648157822, 'beta_3': 0.0011042215524011702, 'beta_4': 5.115796088326616e-08, 'beta_5': 0.7528826003776121, 'beta_6': 2.1215279678923178e-05, 'beta_7': 0.021622815622771456, 'beta_8': 0.02995431645399968, 'beta_9': 8.992080571517636e-05, 'beta_10': 1.2422202201512442e-07}. Best is trial 328 with value: 2590.2417125419443.
[I 2026-03-31 11:32:08,684] Trial 336 finished with value: 2598.614590355536 and parameters: {'alpha_0': 0.0007234870582991285, 'alpha_1': 9.6515119000656e-05, 'alpha_2': 0.00023702975568720016, 'beta_0': 0.23479569523943453, 'beta_1': 0.8756556036494794, 'beta_2': 0.2511826632584493, 'beta_3': 0.0010852395337658791, 'beta_4': 5.1861104844438535e-08, 'beta_5': 0.7544701529800099, 'beta_6': 2.212431750442061e-05, 'beta_7': 0.021412791411287088, 'beta_8': 0.02996975134409904, 'beta_9': 9.163010420883243e-05, 'beta_10': 1.0877679198720931e-07}. Best is trial 328 with value: 2590.2417125419443.Best trial: 328. Best value: 2590.24:  67%|██████▋   | 336/500 [14:10<06:03,  2.21s/it]Best trial: 328. Best value: 2590.24:  67%|██████▋   | 336/500 [14:10<06:03,  2.21s/it]Best trial: 328. Best value: 2590.24:  67%|██████▋   | 337/500 [14:10<05:19,  1.96s/it]                                                                                       Best trial: 328. Best value: 2590.24:  67%|██████▋   | 337/500 [14:11<05:19,  1.96s/it]Best trial: 328. Best value: 2590.24:  67%|██████▋   | 337/500 [14:11<05:19,  1.96s/it]Best trial: 328. Best value: 2590.24:  68%|██████▊   | 338/500 [14:11<04:48,  1.78s/it]                                                                                       Best trial: 328. Best value: 2590.24:  68%|██████▊   | 338/500 [14:12<04:48,  1.78s/it]Best trial: 328. Best value: 2590.24:  68%|██████▊   | 338/500 [14:12<04:48,  1.78s/it]Best trial: 328. Best value: 2590.24:  68%|██████▊   | 339/500 [14:12<04:27,  1.66s/it]                                                                                       Best trial: 328. Best value: 2590.24:  68%|██████▊   | 339/500 [14:14<04:27,  1.66s/it]Best trial: 328. Best value: 2590.24:  68%|██████▊   | 339/500 [14:14<04:27,  1.66s/it]Best trial: 328. Best value: 2590.24:  68%|██████▊   | 340/500 [14:14<04:11,  1.57s/it]                                                                                       Best trial: 328. Best value: 2590.24:  68%|██████▊   | 340/500 [14:15<04:11,  1.57s/it]Best trial: 328. Best value: 2590.24:  68%|██████▊   | 340/500 [14:15<04:11,  1.57s/it]Best trial: 328. Best value: 2590.24:  68%|██████▊   | 341/500 [14:15<04:00,  1.51s/it]                                                                                       Best trial: 328. Best value: 2590.24:  68%|██████▊   | 341/500 [14:17<04:00,  1.51s/it]Best trial: 328. Best value: 2590.24:  68%|██████▊   | 341/500 [14:17<04:00,  1.51s/it]Best trial: 328. Best value: 2590.24:  68%|██████▊   | 342/500 [14:17<03:53,  1.48s/it]                                                                                       Best trial: 328. Best value: 2590.24:  68%|██████▊   | 342/500 [14:18<03:53,  1.48s/it]Best trial: 328. Best value: 2590.24:  68%|██████▊   | 342/500 [14:18<03:53,  1.48s/it]Best trial: 328. Best value: 2590.24:  69%|██████▊   | 343/500 [14:18<03:49,  1.46s/it]                                                                                       Best trial: 328. Best value: 2590.24:  69%|██████▊   | 343/500 [14:19<03:49,  1.46s/it]Best trial: 328. Best value: 2590.24:  69%|██████▊   | 343/500 [14:19<03:49,  1.46s/it]Best trial: 328. Best value: 2590.24:  69%|██████▉   | 344/500 [14:19<03:43,  1.43s/it]                                                                                       Best trial: 328. Best value: 2590.24:  69%|██████▉   | 344/500 [14:21<03:43,  1.43s/it]Best trial: 328. Best value: 2590.24:  69%|██████▉   | 344/500 [14:21<03:43,  1.43s/it]Best trial: 328. Best value: 2590.24:  69%|██████▉   | 345/500 [14:21<03:38,  1.41s/it]                                                                                       Best trial: 328. Best value: 2590.24:  69%|██████▉   | 345/500 [14:22<03:38,  1.41s/it]Best trial: 328. Best value: 2590.24:  69%|██████▉   | 345/500 [14:22<03:38,  1.41s/it]Best trial: 328. Best value: 2590.24:  69%|██████▉   | 346/500 [14:22<03:36,  1.40s/it]                                                                                       Best trial: 328. Best value: 2590.24:  69%|██████▉   | 346/500 [14:24<03:36,  1.40s/it]Best trial: 328. Best value: 2590.24:  69%|██████▉   | 346/500 [14:24<03:36,  1.40s/it]Best trial: 328. Best value: 2590.24:  69%|██████▉   | 347/500 [14:24<03:39,  1.44s/it]                                                                                       Best trial: 328. Best value: 2590.24:  69%|██████▉   | 347/500 [14:25<03:39,  1.44s/it]Best trial: 328. Best value: 2590.24:  69%|██████▉   | 347/500 [14:25<03:39,  1.44s/it]Best trial: 328. Best value: 2590.24:  70%|██████▉   | 348/500 [14:25<03:34,  1.41s/it]                                                                                       Best trial: 328. Best value: 2590.24:  70%|██████▉   | 348/500 [14:26<03:34,  1.41s/it]Best trial: 328. Best value: 2590.24:  70%|██████▉   | 348/500 [14:26<03:34,  1.41s/it]Best trial: 328. Best value: 2590.24:  70%|██████▉   | 349/500 [14:26<03:30,  1.40s/it]                                                                                       Best trial: 328. Best value: 2590.24:  70%|██████▉   | 349/500 [14:28<03:30,  1.40s/it]Best trial: 328. Best value: 2590.24:  70%|██████▉   | 349/500 [14:28<03:30,  1.40s/it]Best trial: 328. Best value: 2590.24:  70%|███████   | 350/500 [14:28<03:26,  1.38s/it]                                                                                       
[I 2026-03-31 11:32:10,048] Trial 337 finished with value: 2748.275605186388 and parameters: {'alpha_0': 0.0007253568795811779, 'alpha_1': 0.00010275384106375983, 'alpha_2': 0.00023724178115560416, 'beta_0': 0.23677313113797216, 'beta_1': 0.8750418606150905, 'beta_2': 0.264218338681545, 'beta_3': 0.0010857606568188646, 'beta_4': 7.025865150445792e-08, 'beta_5': 0.7233998259835469, 'beta_6': 2.0240010307626788e-05, 'beta_7': 0.020009549487865, 'beta_8': 0.02985109380648652, 'beta_9': 9.076174278683679e-05, 'beta_10': 1.0021958648812936e-07}. Best is trial 328 with value: 2590.2417125419443.
[I 2026-03-31 11:32:11,427] Trial 338 finished with value: 2636.475871124262 and parameters: {'alpha_0': 0.0008576254205600776, 'alpha_1': 9.351912605226167e-05, 'alpha_2': 0.00023485113370416832, 'beta_0': 0.23400553652779135, 'beta_1': 0.8721458265835007, 'beta_2': 0.2766355348090904, 'beta_3': 0.0010387190543241936, 'beta_4': 1.4457044387485374e-07, 'beta_5': 0.7528271059957928, 'beta_6': 2.1423804186901297e-05, 'beta_7': 0.021723412838270298, 'beta_8': 0.02999721214033103, 'beta_9': 9.163435303290315e-05, 'beta_10': 1.2868967088604934e-07}. Best is trial 328 with value: 2590.2417125419443.
[I 2026-03-31 11:32:12,796] Trial 339 finished with value: 2743.8094699124185 and parameters: {'alpha_0': 0.000864547706593484, 'alpha_1': 9.301101701892537e-05, 'alpha_2': 0.00023435393039106023, 'beta_0': 0.23643481040147635, 'beta_1': 0.8838763383343893, 'beta_2': 0.24408856408395146, 'beta_3': 0.0010350420754187198, 'beta_4': 6.730366545794886e-08, 'beta_5': 0.7504335233657783, 'beta_6': 2.147567905502198e-05, 'beta_7': 0.021428888642680107, 'beta_8': 0.0299765162492042, 'beta_9': 9.29953664425519e-05, 'beta_10': 1.0176807888770454e-07}. Best is trial 328 with value: 2590.2417125419443.
[I 2026-03-31 11:32:14,168] Trial 340 finished with value: 2643.666225589808 and parameters: {'alpha_0': 0.0008450366150087965, 'alpha_1': 0.00010019992755946213, 'alpha_2': 0.0002388819338119825, 'beta_0': 0.2323970307040652, 'beta_1': 0.9020266222924843, 'beta_2': 0.2548230879097775, 'beta_3': 0.0009927328756696285, 'beta_4': 1.287494389484751e-07, 'beta_5': 0.7466709319299125, 'beta_6': 2.2012515667453083e-05, 'beta_7': 0.02024923020994785, 'beta_8': 0.02999226541810435, 'beta_9': 9.001836382443182e-05, 'beta_10': 1.3594850046356235e-07}. Best is trial 328 with value: 2590.2417125419443.
[I 2026-03-31 11:32:15,564] Trial 341 finished with value: 2737.6444961357947 and parameters: {'alpha_0': 0.000863948309902413, 'alpha_1': 0.0001054427840821161, 'alpha_2': 0.0002339966380526095, 'beta_0': 0.23304236807522957, 'beta_1': 0.8993240068807704, 'beta_2': 0.2513992311484531, 'beta_3': 0.0009528616913924252, 'beta_4': 1.4886219475568112e-07, 'beta_5': 0.7301360651175788, 'beta_6': 2.1975252384539465e-05, 'beta_7': 0.021899615293952797, 'beta_8': 0.029935549838611013, 'beta_9': 8.940880368353778e-05, 'beta_10': 1.4240736684037804e-07}. Best is trial 328 with value: 2590.2417125419443.
[I 2026-03-31 11:32:16,996] Trial 342 finished with value: 2812.957191955105 and parameters: {'alpha_0': 0.0008491775806520102, 'alpha_1': 9.994186797587753e-05, 'alpha_2': 0.000239096845659129, 'beta_0': 0.23231117171940965, 'beta_1': 0.8737372086632811, 'beta_2': 0.2828103886250936, 'beta_3': 0.0008454928565654187, 'beta_4': 1.7790049872644193e-07, 'beta_5': 0.7453423152708875, 'beta_6': 2.140603256613627e-05, 'beta_7': 0.020008112693514397, 'beta_8': 0.029045822244074596, 'beta_9': 9.279029118013232e-05, 'beta_10': 1.3306554431396853e-07}. Best is trial 328 with value: 2590.2417125419443.
[I 2026-03-31 11:32:18,348] Trial 343 finished with value: 2649.206644696982 and parameters: {'alpha_0': 0.0006997684984136536, 'alpha_1': 0.00011957486936757031, 'alpha_2': 0.0002380433504712762, 'beta_0': 0.2370170993108633, 'beta_1': 0.9002260041253798, 'beta_2': 0.24271331985309458, 'beta_3': 0.00101594724464672, 'beta_4': 2.1806540244751015e-07, 'beta_5': 0.7107751106971434, 'beta_6': 2.0987679029562488e-05, 'beta_7': 0.022440473327796237, 'beta_8': 0.02999853320646485, 'beta_9': 9.095056809425622e-05, 'beta_10': 1.5327989480603842e-07}. Best is trial 328 with value: 2590.2417125419443.
[I 2026-03-31 11:32:19,707] Trial 344 finished with value: 2623.773258958134 and parameters: {'alpha_0': 0.0007156323692759588, 'alpha_1': 0.00011336341948340846, 'alpha_2': 0.00023485185198945385, 'beta_0': 0.236611130261459, 'beta_1': 0.9128670066161735, 'beta_2': 0.2558677965356337, 'beta_3': 0.0009167553725942461, 'beta_4': 1.9723451230796552e-07, 'beta_5': 0.7357364964723577, 'beta_6': 2.105263958292587e-05, 'beta_7': 0.022339540891152122, 'beta_8': 0.029961890327746595, 'beta_9': 9.079422573433568e-05, 'beta_10': 1.4850043060014996e-07}. Best is trial 328 with value: 2590.2417125419443.
[I 2026-03-31 11:32:21,096] Trial 345 finished with value: 2636.613954282373 and parameters: {'alpha_0': 0.0006503382394788978, 'alpha_1': 0.0001134177164215505, 'alpha_2': 0.00023256657994878178, 'beta_0': 0.23809489641553572, 'beta_1': 0.9073890629072513, 'beta_2': 0.2403266859922846, 'beta_3': 0.0008844087897708734, 'beta_4': 2.018495643367205e-07, 'beta_5': 0.7376132569973044, 'beta_6': 2.088274295176971e-05, 'beta_7': 0.02297835872449426, 'beta_8': 0.029969467441876892, 'beta_9': 9.330809960514941e-05, 'beta_10': 1.5838452631507262e-07}. Best is trial 328 with value: 2590.2417125419443.
[I 2026-03-31 11:32:22,610] Trial 346 finished with value: 2937.474952622396 and parameters: {'alpha_0': 0.0008526495115758899, 'alpha_1': 0.00011429504813879317, 'alpha_2': 0.00023294382575200805, 'beta_0': 0.24151500590944103, 'beta_1': 0.9012272323438226, 'beta_2': 0.22668669817671486, 'beta_3': 0.0008888488021329724, 'beta_4': 2.294973221787811e-07, 'beta_5': 0.7215384121860039, 'beta_6': 1.9989814131212998e-05, 'beta_7': 0.0222983530264311, 'beta_8': 0.02920281255519004, 'beta_9': 9.410327766603744e-05, 'beta_10': 1.6369040593616833e-07}. Best is trial 328 with value: 2590.2417125419443.
[I 2026-03-31 11:32:23,952] Trial 347 finished with value: 2642.495329686066 and parameters: {'alpha_0': 0.0005714793638723223, 'alpha_1': 0.00010514015144063697, 'alpha_2': 0.0002340205775882221, 'beta_0': 0.2386719683522055, 'beta_1': 0.9199764632499854, 'beta_2': 0.24800331513692014, 'beta_3': 0.0009700145285148648, 'beta_4': 1.632225751230753e-07, 'beta_5': 0.7633379150288542, 'beta_6': 2.0733493772885196e-05, 'beta_7': 0.020175789899819774, 'beta_8': 0.02999747576818284, 'beta_9': 9.799105840701928e-05, 'beta_10': 1.6093878145710078e-07}. Best is trial 328 with value: 2590.2417125419443.
[I 2026-03-31 11:32:25,314] Trial 348 finished with value: 2641.337006334881 and parameters: {'alpha_0': 0.0005596460597210991, 'alpha_1': 0.00010359990237879316, 'alpha_2': 0.00023274653904859063, 'beta_0': 0.2411662385971452, 'beta_1': 0.9264937335488506, 'beta_2': 0.23425436471534616, 'beta_3': 0.0009027658997881977, 'beta_4': 2.447291599827499e-07, 'beta_5': 0.7066083109766657, 'beta_6': 2.0781782199169808e-05, 'beta_7': 0.020360980127528017, 'beta_8': 0.029972149032552305, 'beta_9': 9.764853135715634e-05, 'beta_10': 1.6014531250426754e-07}. Best is trial 328 with value: 2590.2417125419443.
[I 2026-03-31 11:32:26,658] Trial 349 finished with value: 2652.40181674068 and parameters: {'alpha_0': 0.0005233782342690497, 'alpha_1': 0.00010998781955844437, 'alpha_2': 0.00023240821873307858, 'beta_0': 0.23687387483430886, 'beta_1': 0.9477475855274061, 'beta_2': 0.23525726230079355, 'beta_3': 0.0008884110768878496, 'beta_4': 2.360182834310239e-07, 'beta_5': 0.7081065228076698, 'beta_6': 2.0773466915559702e-05, 'beta_7': 0.020045622578193353, 'beta_8': 0.029982824932454605, 'beta_9': 9.200145220420922e-05, 'beta_10': 1.617018083337123e-07}. Best is trial 328 with value: 2590.2417125419443.
