[I 2026-03-31 11:23:58,514] Trial 98 finished with value: 3080.859655761559 and parameters: {'alpha_0': 0.0032281310621070816, 'alpha_1': 7.86351747819519e-05, 'alpha_2': 0.00014511732889893576, 'beta_0': 0.1514648142061803, 'beta_1': 1.5706433619994256, 'beta_2': 0.4955014965534351, 'beta_3': 0.0024926010649002355, 'beta_4': 1.4052074032287623e-07, 'beta_5': 0.6116098212147827, 'beta_6': 1.436964096266962e-05, 'beta_7': 0.06639157921008881, 'beta_8': 0.02861599749298543, 'beta_9': 8.842131069432198e-05, 'beta_10': 7.255750078989784e-07}. Best is trial 96 with value: 3025.72841870304.Best trial: 96. Best value: 3025.73:  20%|█▉        | 98/500 [06:00<10:24,  1.55s/it]Best trial: 96. Best value: 3025.73:  20%|█▉        | 98/500 [06:00<10:24,  1.55s/it]Best trial: 96. Best value: 3025.73:  20%|█▉        | 99/500 [06:00<09:58,  1.49s/it]                                                                                     Best trial: 96. Best value: 3025.73:  20%|█▉        | 99/500 [06:01<09:58,  1.49s/it]Best trial: 96. Best value: 3025.73:  20%|█▉        | 99/500 [06:01<09:58,  1.49s/it]Best trial: 96. Best value: 3025.73:  20%|██        | 100/500 [06:01<10:04,  1.51s/it]                                                                                      Best trial: 96. Best value: 3025.73:  20%|██        | 100/500 [06:02<10:04,  1.51s/it]Best trial: 96. Best value: 3025.73:  20%|██        | 100/500 [06:02<10:04,  1.51s/it]Best trial: 96. Best value: 3025.73:  20%|██        | 101/500 [06:02<09:36,  1.45s/it]                                                                                      Best trial: 96. Best value: 3025.73:  20%|██        | 101/500 [06:04<09:36,  1.45s/it]Best trial: 96. Best value: 3025.73:  20%|██        | 101/500 [06:04<09:36,  1.45s/it]Best trial: 96. Best value: 3025.73:  20%|██        | 102/500 [06:04<09:27,  1.43s/it]                                                                                      Best trial: 96. Best value: 3025.73:  20%|██        | 102/500 [06:05<09:27,  1.43s/it]Best trial: 96. Best value: 3025.73:  20%|██        | 102/500 [06:05<09:27,  1.43s/it]Best trial: 96. Best value: 3025.73:  21%|██        | 103/500 [06:05<09:32,  1.44s/it]                                                                                      Best trial: 96. Best value: 3025.73:  21%|██        | 103/500 [06:07<09:32,  1.44s/it]Best trial: 96. Best value: 3025.73:  21%|██        | 103/500 [06:07<09:32,  1.44s/it]Best trial: 96. Best value: 3025.73:  21%|██        | 104/500 [06:07<09:11,  1.39s/it]                                                                                      Best trial: 96. Best value: 3025.73:  21%|██        | 104/500 [06:16<09:11,  1.39s/it]Best trial: 96. Best value: 3025.73:  21%|██        | 104/500 [06:16<09:11,  1.39s/it]Best trial: 96. Best value: 3025.73:  21%|██        | 105/500 [06:16<24:57,  3.79s/it]                                                                                      Best trial: 96. Best value: 3025.73:  21%|██        | 105/500 [06:17<24:57,  3.79s/it]Best trial: 96. Best value: 3025.73:  21%|██        | 105/500 [06:17<24:57,  3.79s/it]Best trial: 96. Best value: 3025.73:  21%|██        | 106/500 [06:17<19:57,  3.04s/it]                                                                                      Best trial: 96. Best value: 3025.73:  21%|██        | 106/500 [06:19<19:57,  3.04s/it]Best trial: 96. Best value: 3025.73:  21%|██        | 106/500 [06:19<19:57,  3.04s/it]Best trial: 96. Best value: 3025.73:  21%|██▏       | 107/500 [06:19<16:34,  2.53s/it]                                                                                      Best trial: 96. Best value: 3025.73:  21%|██▏       | 107/500 [06:20<16:34,  2.53s/it]Best trial: 96. Best value: 3025.73:  21%|██▏       | 107/500 [06:20<16:34,  2.53s/it]Best trial: 96. Best value: 3025.73:  22%|██▏       | 108/500 [06:20<14:12,  2.17s/it]                                                                                      Best trial: 96. Best value: 3025.73:  22%|██▏       | 108/500 [06:21<14:12,  2.17s/it]Best trial: 96. Best value: 3025.73:  22%|██▏       | 108/500 [06:21<14:12,  2.17s/it]Best trial: 96. Best value: 3025.73:  22%|██▏       | 109/500 [06:21<12:42,  1.95s/it]                                                                                      Best trial: 96. Best value: 3025.73:  22%|██▏       | 109/500 [06:23<12:42,  1.95s/it]Best trial: 96. Best value: 3025.73:  22%|██▏       | 109/500 [06:23<12:42,  1.95s/it]Best trial: 96. Best value: 3025.73:  22%|██▏       | 110/500 [06:23<11:32,  1.78s/it]                                                                                      Best trial: 96. Best value: 3025.73:  22%|██▏       | 110/500 [06:24<11:32,  1.78s/it]Best trial: 96. Best value: 3025.73:  22%|██▏       | 110/500 [06:24<11:32,  1.78s/it]Best trial: 96. Best value: 3025.73:  22%|██▏       | 111/500 [06:24<10:36,  1.64s/it]                                                                                      Best trial: 96. Best value: 3025.73:  22%|██▏       | 111/500 [06:25<10:36,  1.64s/it]Best trial: 96. Best value: 3025.73:  22%|██▏       | 111/500 [06:25<10:36,  1.64s/it]Best trial: 96. Best value: 3025.73:  22%|██▏       | 112/500 [06:25<10:10,  1.57s/it]                                                                                      
[I 2026-03-31 11:24:00,065] Trial 99 finished with value: 12960.69313561199 and parameters: {'alpha_0': 0.003263085119664156, 'alpha_1': 7.897701589819263e-05, 'alpha_2': 0.000145326450396637, 'beta_0': 0.15018999750716364, 'beta_1': 1.5638846718001136, 'beta_2': 0.5016095623779913, 'beta_3': 0.0024991747944393076, 'beta_4': 1.440667544948012e-07, 'beta_5': 0.6126448730021604, 'beta_6': 1.4275061169566606e-05, 'beta_7': 0.05569762471377323, 'beta_8': 0.025274700822642996, 'beta_9': 8.917517976869079e-05, 'beta_10': 9.05537567464085e-07}. Best is trial 96 with value: 3025.72841870304.
[I 2026-03-31 11:24:01,359] Trial 100 finished with value: 3293.134155012204 and parameters: {'alpha_0': 0.0031325015009589074, 'alpha_1': 9.600294897451578e-05, 'alpha_2': 0.0001337501032152591, 'beta_0': 0.13397525163371193, 'beta_1': 1.4727583141158116, 'beta_2': 0.39218855047679835, 'beta_3': 0.00231852532740722, 'beta_4': 7.719960859670785e-08, 'beta_5': 0.6359043236763228, 'beta_6': 1.3755139288252303e-05, 'beta_7': 0.06654650675289533, 'beta_8': 0.02783751773834588, 'beta_9': 8.270683683216066e-05, 'beta_10': 7.221111748435919e-07}. Best is trial 96 with value: 3025.72841870304.
[I 2026-03-31 11:24:02,738] Trial 101 finished with value: 3446.6628850270026 and parameters: {'alpha_0': 0.0031016247957133284, 'alpha_1': 9.282133690578899e-05, 'alpha_2': 0.00015293101648837987, 'beta_0': 0.14034507056804243, 'beta_1': 1.4695987305125426, 'beta_2': 0.39558217637565996, 'beta_3': 0.0023136629016410042, 'beta_4': 1.7321187676099598e-07, 'beta_5': 0.6361088733156653, 'beta_6': 1.3709566083014726e-05, 'beta_7': 0.07167809918251548, 'beta_8': 0.02790595039418874, 'beta_9': 8.188922164385797e-05, 'beta_10': 7.299003784672859e-07}. Best is trial 96 with value: 3025.72841870304.
[I 2026-03-31 11:24:04,220] Trial 102 finished with value: 3688.030783521851 and parameters: {'alpha_0': 0.0025791789186115, 'alpha_1': 7.082883360235455e-05, 'alpha_2': 0.00013324646772141821, 'beta_0': 0.13279501138220776, 'beta_1': 1.587179177219243, 'beta_2': 0.31300750856742615, 'beta_3': 0.0023892677491543827, 'beta_4': 2.5781424179027585e-07, 'beta_5': 0.6590942262650423, 'beta_6': 1.678056118026038e-05, 'beta_7': 0.06707777808143434, 'beta_8': 0.027301794697489404, 'beta_9': 7.817923505080191e-05, 'beta_10': 8.991647228843792e-07}. Best is trial 96 with value: 3025.72841870304.
[I 2026-03-31 11:24:05,499] Trial 103 finished with value: 3171.4317831042267 and parameters: {'alpha_0': 0.0029097406159393456, 'alpha_1': 0.00011136296855453124, 'alpha_2': 0.00012283469543233343, 'beta_0': 0.14636732327280083, 'beta_1': 1.5541817841044334, 'beta_2': 0.441572052465084, 'beta_3': 0.0024460375035250006, 'beta_4': 4.905244780980998e-07, 'beta_5': 0.6285099807885832, 'beta_6': 1.4880821570220473e-05, 'beta_7': 0.05992947785106916, 'beta_8': 0.02932706116449951, 'beta_9': 9.492445056272538e-05, 'beta_10': 6.966686008808393e-07}. Best is trial 96 with value: 3025.72841870304.
[I 2026-03-31 11:24:14,887] Trial 104 finished with value: 7775.156903784195 and parameters: {'alpha_0': 0.0029409179830355557, 'alpha_1': 0.00010363173733936164, 'alpha_2': 0.00013710154469974856, 'beta_0': 0.14349016103473072, 'beta_1': 1.5510357338032126, 'beta_2': 0.3668273886669441, 'beta_3': 0.002460712948118787, 'beta_4': 3.8072814323897095e-07, 'beta_5': 0.6699722808513103, 'beta_6': 1.0865681232354378e-05, 'beta_7': 0.05930768141587385, 'beta_8': 0.01654590768163746, 'beta_9': 9.449811606498633e-05, 'beta_10': 6.977166248309983e-07}. Best is trial 96 with value: 3025.72841870304.
[I 2026-03-31 11:24:16,172] Trial 105 finished with value: 3130.6099802074405 and parameters: {'alpha_0': 0.0031601269599513477, 'alpha_1': 0.00010860772134365668, 'alpha_2': 0.0001290062193226394, 'beta_0': 0.14772600121929205, 'beta_1': 1.467449428344786, 'beta_2': 0.45150854768302734, 'beta_3': 0.0022652706060662096, 'beta_4': 6.741340773833762e-08, 'beta_5': 0.6833433317134406, 'beta_6': 1.5353969954675515e-05, 'beta_7': 0.0537902413364951, 'beta_8': 0.02938677071361297, 'beta_9': 8.40182618145858e-05, 'beta_10': 7.86909222086132e-07}. Best is trial 96 with value: 3025.72841870304.
[I 2026-03-31 11:24:17,513] Trial 106 finished with value: 3390.6384099619463 and parameters: {'alpha_0': 0.0028327781014757677, 'alpha_1': 0.0001113732799208557, 'alpha_2': 0.00013001718092462935, 'beta_0': 0.14672169193508383, 'beta_1': 1.5011469172680207, 'beta_2': 0.45893446461687454, 'beta_3': 0.002254140599720196, 'beta_4': 1.895401662798048e-07, 'beta_5': 0.7362091622705257, 'beta_6': 1.5258065312668419e-05, 'beta_7': 0.052622772885464554, 'beta_8': 0.02941275609019086, 'beta_9': 8.335856504262693e-05, 'beta_10': 1.025840180931982e-06}. Best is trial 96 with value: 3025.72841870304.
[I 2026-03-31 11:24:18,855] Trial 107 finished with value: 3037.0248550872434 and parameters: {'alpha_0': 0.0031636733789052736, 'alpha_1': 8.502559999258195e-05, 'alpha_2': 0.00014133421114398146, 'beta_0': 0.15355054818423566, 'beta_1': 1.3548923122801695, 'beta_2': 0.4448588465469978, 'beta_3': 0.002319827810640185, 'beta_4': 3.1071356894847587e-07, 'beta_5': 0.7847881514901262, 'beta_6': 1.2872194277103385e-05, 'beta_7': 0.04757271594744098, 'beta_8': 0.028421926971024615, 'beta_9': 8.756389289789045e-05, 'beta_10': 8.029758804100765e-07}. Best is trial 96 with value: 3025.72841870304.
[I 2026-03-31 11:24:20,282] Trial 108 finished with value: 3786.4444708498486 and parameters: {'alpha_0': 0.0031686200790721794, 'alpha_1': 9.02401768444799e-05, 'alpha_2': 0.00014118874235685572, 'beta_0': 0.1507438964828298, 'beta_1': 1.3726630054016293, 'beta_2': 0.432274267171404, 'beta_3': 0.0023760005598495444, 'beta_4': 4.7604721140488654e-07, 'beta_5': 0.6799954261820038, 'beta_6': 1.2769623478981053e-05, 'beta_7': 0.04607217168115679, 'beta_8': 0.026891142946516466, 'beta_9': 8.717670917942458e-05, 'beta_10': 8.105190344939287e-07}. Best is trial 96 with value: 3025.72841870304.
[I 2026-03-31 11:24:21,656] Trial 109 finished with value: 3381.0039148611004 and parameters: {'alpha_0': 0.0034008704129629194, 'alpha_1': 0.00011728215690692867, 'alpha_2': 0.0001520816827221352, 'beta_0': 0.16468590786482384, 'beta_1': 1.4381102713058675, 'beta_2': 0.4049717792169404, 'beta_3': 0.0024566714100056116, 'beta_4': 1.2458686194304278e-07, 'beta_5': 0.6940102751102618, 'beta_6': 1.3490728148303842e-05, 'beta_7': 0.048147462028708995, 'beta_8': 0.028134511481658263, 'beta_9': 7.921921056737407e-05, 'beta_10': 9.503121972059531e-07}. Best is trial 96 with value: 3025.72841870304.
[I 2026-03-31 11:24:22,967] Trial 110 finished with value: 3113.465215977125 and parameters: {'alpha_0': 0.00285297666148099, 'alpha_1': 8.46411944890829e-05, 'alpha_2': 0.00012281926159782002, 'beta_0': 0.15389956610927547, 'beta_1': 1.3264965681905463, 'beta_2': 0.45370478868461267, 'beta_3': 0.002494469917147293, 'beta_4': 3.275942436371187e-07, 'beta_5': 0.812038173138683, 'beta_6': 1.1824324928657887e-05, 'beta_7': 0.060982235179187626, 'beta_8': 0.029327390611847574, 'beta_9': 7.528679695712143e-05, 'beta_10': 7.660507656010294e-07}. Best is trial 96 with value: 3025.72841870304.
[I 2026-03-31 11:24:24,392] Trial 111 finished with value: 3298.8373314489145 and parameters: {'alpha_0': 0.002861324931309531, 'alpha_1': 8.524447644146832e-05, 'alpha_2': 0.00012245727793968128, 'beta_0': 0.1535373435731351, 'beta_1': 1.3029695154019472, 'beta_2': 0.4929073655495304, 'beta_3': 0.0023288446132002792, 'beta_4': 6.93857760734542e-08, 'beta_5': 0.7938514111672134, 'beta_6': 1.1183383403795795e-05, 'beta_7': 0.05721170949125336, 'beta_8': 0.02908885720324716, 'beta_9': 7.414932212720884e-05, 'beta_10': 8.737776536255732e-07}. Best is trial 96 with value: 3025.72841870304.
[I 2026-03-31 11:24:33,736] Trial 112 finished with value: 8672.798914434967 and parameters: {'alpha_0': 0.00252764677666965, 'alpha_1': 8.456897041086522e-05, 'alpha_2': 0.0001439530688495761, 'beta_0': 0.16314802306420856, 'beta_1': 1.3103859315885555, 'beta_2': 0.44721320396402076, 'beta_3': 0.002483945491685285, 'beta_4': 3.047678724306462e-07, 'beta_5': 0.7822616156188106, 'beta_6': 1.1614169524499518e-05, 'beta_7': 0.05699127773489746, 'beta_8': 0.01835775515636479, 'beta_9': 7.565199583430812e-05, 'beta_10': 8.661709878510186e-07}. Best is trial 96 with value: 3025.72841870304.Best trial: 96. Best value: 3025.73:  22%|██▏       | 112/500 [06:35<10:10,  1.57s/it]Best trial: 96. Best value: 3025.73:  22%|██▏       | 112/500 [06:35<10:10,  1.57s/it]Best trial: 96. Best value: 3025.73:  23%|██▎       | 113/500 [06:35<25:11,  3.90s/it]                                                                                      Best trial: 96. Best value: 3025.73:  23%|██▎       | 113/500 [06:36<25:11,  3.90s/it]Best trial: 96. Best value: 3025.73:  23%|██▎       | 113/500 [06:36<25:11,  3.90s/it]Best trial: 96. Best value: 3025.73:  23%|██▎       | 114/500 [06:36<20:19,  3.16s/it]                                                                                      Best trial: 96. Best value: 3025.73:  23%|██▎       | 114/500 [06:38<20:19,  3.16s/it]Best trial: 96. Best value: 3025.73:  23%|██▎       | 114/500 [06:38<20:19,  3.16s/it]Best trial: 96. Best value: 3025.73:  23%|██▎       | 115/500 [06:38<16:46,  2.61s/it]                                                                                      Best trial: 96. Best value: 3025.73:  23%|██▎       | 115/500 [06:39<16:46,  2.61s/it]Best trial: 96. Best value: 3025.73:  23%|██▎       | 115/500 [06:39<16:46,  2.61s/it]Best trial: 96. Best value: 3025.73:  23%|██▎       | 116/500 [06:39<14:15,  2.23s/it]                                                                                      Best trial: 96. Best value: 3025.73:  23%|██▎       | 116/500 [06:52<14:15,  2.23s/it]Best trial: 96. Best value: 3025.73:  23%|██▎       | 116/500 [06:52<14:15,  2.23s/it]Best trial: 96. Best value: 3025.73:  23%|██▎       | 117/500 [06:52<35:30,  5.56s/it]                                                                                      Best trial: 96. Best value: 3025.73:  23%|██▎       | 117/500 [06:54<35:30,  5.56s/it]Best trial: 96. Best value: 3025.73:  23%|██▎       | 117/500 [06:54<35:30,  5.56s/it]Best trial: 96. Best value: 3025.73:  24%|██▎       | 118/500 [06:54<27:27,  4.31s/it]                                                                                      Best trial: 96. Best value: 3025.73:  24%|██▎       | 118/500 [06:55<27:27,  4.31s/it]Best trial: 96. Best value: 3025.73:  24%|██▎       | 118/500 [06:55<27:27,  4.31s/it]Best trial: 96. Best value: 3025.73:  24%|██▍       | 119/500 [06:55<21:42,  3.42s/it]                                                                                      Best trial: 96. Best value: 3025.73:  24%|██▍       | 119/500 [06:56<21:42,  3.42s/it]Best trial: 96. Best value: 3025.73:  24%|██▍       | 119/500 [06:56<21:42,  3.42s/it]Best trial: 96. Best value: 3025.73:  24%|██▍       | 120/500 [06:56<18:01,  2.85s/it]                                                                                      Best trial: 96. Best value: 3025.73:  24%|██▍       | 120/500 [06:58<18:01,  2.85s/it]Best trial: 96. Best value: 3025.73:  24%|██▍       | 120/500 [06:58<18:01,  2.85s/it]Best trial: 96. Best value: 3025.73:  24%|██▍       | 121/500 [06:58<15:06,  2.39s/it]                                                                                      Best trial: 96. Best value: 3025.73:  24%|██▍       | 121/500 [06:59<15:06,  2.39s/it]Best trial: 96. Best value: 3025.73:  24%|██▍       | 121/500 [06:59<15:06,  2.39s/it]Best trial: 96. Best value: 3025.73:  24%|██▍       | 122/500 [06:59<13:14,  2.10s/it]                                                                                      Best trial: 96. Best value: 3025.73:  24%|██▍       | 122/500 [07:00<13:14,  2.10s/it]Best trial: 96. Best value: 3025.73:  24%|██▍       | 122/500 [07:01<13:14,  2.10s/it]Best trial: 96. Best value: 3025.73:  25%|██▍       | 123/500 [07:01<11:42,  1.86s/it]                                                                                      Best trial: 96. Best value: 3025.73:  25%|██▍       | 123/500 [07:02<11:42,  1.86s/it]Best trial: 96. Best value: 3025.73:  25%|██▍       | 123/500 [07:02<11:42,  1.86s/it]Best trial: 96. Best value: 3025.73:  25%|██▍       | 124/500 [07:02<10:39,  1.70s/it]                                                                                      Best trial: 96. Best value: 3025.73:  25%|██▍       | 124/500 [07:03<10:39,  1.70s/it]Best trial: 96. Best value: 3025.73:  25%|██▍       | 124/500 [07:03<10:39,  1.70s/it]Best trial: 96. Best value: 3025.73:  25%|██▌       | 125/500 [07:03<09:55,  1.59s/it]                                                                                      Best trial: 96. Best value: 3025.73:  25%|██▌       | 125/500 [07:04<09:55,  1.59s/it]Best trial: 96. Best value: 3025.73:  25%|██▌       | 125/500 [07:04<09:55,  1.59s/it]Best trial: 96. Best value: 3025.73:  25%|██▌       | 126/500 [07:04<09:22,  1.50s/it]                                                                                      
[I 2026-03-31 11:24:35,157] Trial 113 finished with value: 3114.940470427231 and parameters: {'alpha_0': 0.0028352049143405863, 'alpha_1': 6.32322759873407e-05, 'alpha_2': 0.00012281071045543322, 'beta_0': 0.153982516092035, 'beta_1': 1.22888204380748, 'beta_2': 0.5044032576474557, 'beta_3': 0.0023944577811065176, 'beta_4': 7.516441968906806e-08, 'beta_5': 0.8459377681792086, 'beta_6': 1.105304662532298e-05, 'beta_7': 0.040517541976615584, 'beta_8': 0.028975310125571786, 'beta_9': 6.820011881336606e-05, 'beta_10': 7.766837028107449e-07}. Best is trial 96 with value: 3025.72841870304.
[I 2026-03-31 11:24:36,497] Trial 114 finished with value: 3225.4463101538786 and parameters: {'alpha_0': 0.0027117248874356467, 'alpha_1': 6.384563758833666e-05, 'alpha_2': 0.0001273607636577863, 'beta_0': 0.28588129101166065, 'beta_1': 1.3322147231179784, 'beta_2': 0.35186729302969344, 'beta_3': 0.00239417842285005, 'beta_4': 2.1108601083796776e-07, 'beta_5': 0.8355887341252636, 'beta_6': 1.2270690911730788e-05, 'beta_7': 0.05328432415023421, 'beta_8': 0.027709580847650822, 'beta_9': 6.625894088478596e-05, 'beta_10': 7.793229646676881e-07}. Best is trial 96 with value: 3025.72841870304.
[I 2026-03-31 11:24:37,824] Trial 115 finished with value: 3179.150029275099 and parameters: {'alpha_0': 0.0026685162168532898, 'alpha_1': 6.34709751324905e-05, 'alpha_2': 0.00012792469327396614, 'beta_0': 0.1686774965145877, 'beta_1': 1.2277488147646602, 'beta_2': 0.34225983951776984, 'beta_3': 0.0023963387009747444, 'beta_4': 1.9781550340550588e-07, 'beta_5': 0.8423440817793016, 'beta_6': 1.232031292550071e-05, 'beta_7': 0.0406197650146528, 'beta_8': 0.02772789040235875, 'beta_9': 6.300604344515488e-05, 'beta_10': 7.589404663567144e-07}. Best is trial 96 with value: 3025.72841870304.
[I 2026-03-31 11:24:51,164] Trial 116 finished with value: 10927.653487496316 and parameters: {'alpha_0': 0.002712738686343892, 'alpha_1': 6.178449479110547e-05, 'alpha_2': 0.00012768707441959375, 'beta_0': 0.16897856027008173, 'beta_1': 1.2180030101605634, 'beta_2': 0.34634780802237136, 'beta_3': 0.0023912489930018603, 'beta_4': 2.4400280939531805e-07, 'beta_5': 0.8373211253742092, 'beta_6': 1.2120493791453306e-05, 'beta_7': 0.03941799302824872, 'beta_8': 0.010263292836346513, 'beta_9': 6.547097312048871e-05, 'beta_10': 7.781021112606394e-07}. Best is trial 96 with value: 3025.72841870304.
[I 2026-03-31 11:24:52,567] Trial 117 finished with value: 8017.6669050108485 and parameters: {'alpha_0': 0.0024426089979030187, 'alpha_1': 6.841105747273314e-05, 'alpha_2': 0.00011623653204691435, 'beta_0': 0.29171122968822477, 'beta_1': 1.2610498724948627, 'beta_2': 0.3018763008502657, 'beta_3': 0.0022701434770978192, 'beta_4': 3.507974581082034e-07, 'beta_5': 0.8327856230938824, 'beta_6': 1.3007735783891501e-05, 'beta_7': 0.042026839440991115, 'beta_8': 0.025993861583739647, 'beta_9': 6.115097427263193e-05, 'beta_10': 8.257012413874923e-07}. Best is trial 96 with value: 3025.72841870304.
