[I 2026-03-31 11:30:25,266] Trial 286 finished with value: 2650.6854970834975 and parameters: {'alpha_0': 0.0006336445700413308, 'alpha_1': 7.57741745205519e-05, 'alpha_2': 0.0002496476905352164, 'beta_0': 0.2202838866057806, 'beta_1': 0.8257357456723331, 'beta_2': 0.33651658542410545, 'beta_3': 0.0014654802549658216, 'beta_4': 1.598595201537091e-07, 'beta_5': 0.8139998549774967, 'beta_6': 2.344800956374e-05, 'beta_7': 0.024827644830186103, 'beta_8': 0.029545504279315234, 'beta_9': 8.512449330235905e-05, 'beta_10': 2.025202014035901e-07}. Best is trial 212 with value: 2598.3148183348794.
[I 2026-03-31 11:30:34,670] Trial 287 finished with value: 9298.153838207098 and parameters: {'alpha_0': 0.0006260131333986728, 'alpha_1': 7.76773914314128e-05, 'alpha_2': 0.0002495779431218954, 'beta_0': 0.2213831556734673, 'beta_1': 0.8238006429679054, 'beta_2': 0.338301607800216, 'beta_3': 0.0014599510611175836, 'beta_4': 9.627873031165404e-08, 'beta_5': 0.8142986179809373, 'beta_6': 2.3442338758364303e-05, 'beta_7': 0.024323314694230047, 'beta_8': 0.02115151121232896, 'beta_9': 8.608872433318354e-05, 'beta_10': 2.0347261002912946e-07}. Best is trial 212 with value: 2598.3148183348794.
[I 2026-03-31 11:30:44,005] Trial 288 finished with value: 10752.745521255307 and parameters: {'alpha_0': 0.0005022160682877818, 'alpha_1': 8.324991902592566e-05, 'alpha_2': 0.00024149093993878657, 'beta_0': 0.22957633677859007, 'beta_1': 0.8020044271811171, 'beta_2': 0.3375574462904989, 'beta_3': 0.0011971690337590796, 'beta_4': 1.6251103157902275e-07, 'beta_5': 0.8243999416094603, 'beta_6': 2.531673468909194e-05, 'beta_7': 0.026892394616944253, 'beta_8': 0.022481876479758696, 'beta_9': 8.260506058285031e-05, 'beta_10': 1.7404914102656217e-07}. Best is trial 212 with value: 2598.3148183348794.
[I 2026-03-31 11:30:45,348] Trial 289 finished with value: 2705.263328204951 and parameters: {'alpha_0': 0.0007743948903827564, 'alpha_1': 9.196711376017136e-05, 'alpha_2': 0.0002457127314671844, 'beta_0': 0.22500496764725558, 'beta_1': 0.8337314629157694, 'beta_2': 0.3405497045732848, 'beta_3': 0.0012557824106100403, 'beta_4': 2.9064426294068775e-07, 'beta_5': 0.8073791312766182, 'beta_6': 2.427162096295851e-05, 'beta_7': 0.024640060764974894, 'beta_8': 0.0295253076693784, 'beta_9': 8.037837334745547e-05, 'beta_10': 1.411003410988359e-07}. Best is trial 212 with value: 2598.3148183348794.
[I 2026-03-31 11:30:46,727] Trial 290 finished with value: 2777.4532381090976 and parameters: {'alpha_0': 0.0006622094374717867, 'alpha_1': 7.567907737864068e-05, 'alpha_2': 0.00024933040418605564, 'beta_0': 0.22016689466095013, 'beta_1': 0.8221657464716646, 'beta_2': 0.3698123482950263, 'beta_3': 0.0010662135831338126, 'beta_4': 3.3512490090573803e-07, 'beta_5': 0.8368610869039695, 'beta_6': 2.2980270182588227e-05, 'beta_7': 0.027036966334049645, 'beta_8': 0.029559026633078456, 'beta_9': 8.454631462402022e-05, 'beta_10': 2.157134048241233e-07}. Best is trial 212 with value: 2598.3148183348794.
[I 2026-03-31 11:30:48,162] Trial 291 finished with value: 2877.35263502302 and parameters: {'alpha_0': 0.0006278643660521687, 'alpha_1': 0.00013424477663731788, 'alpha_2': 0.0002447921479303276, 'beta_0': 0.22843427481464737, 'beta_1': 0.8004628126608524, 'beta_2': 0.3575532909702698, 'beta_3': 0.001385382188084857, 'beta_4': 2.3080335248255526e-07, 'beta_5': 0.2508720126198867, 'beta_6': 2.1577127743528612e-05, 'beta_7': 0.024256076057331412, 'beta_8': 0.029997682673140423, 'beta_9': 7.887597527783507e-05, 'beta_10': 1.9101406128586158e-07}. Best is trial 212 with value: 2598.3148183348794.
[I 2026-03-31 11:30:49,519] Trial 292 finished with value: 2590.2802901772475 and parameters: {'alpha_0': 0.0007744721422330122, 'alpha_1': 8.566444944374666e-05, 'alpha_2': 0.00024031540412420608, 'beta_0': 0.2246263254743019, 'beta_1': 0.842178495472606, 'beta_2': 0.3371110379650677, 'beta_3': 0.001307569698093639, 'beta_4': 5.503010334507139e-08, 'beta_5': 0.827967755124118, 'beta_6': 2.644878355642766e-05, 'beta_7': 0.02708236047604765, 'beta_8': 0.029604729016526, 'beta_9': 8.182743251032844e-05, 'beta_10': 1.4720727317194183e-07}. Best is trial 292 with value: 2590.2802901772475.
[I 2026-03-31 11:30:50,876] Trial 293 finished with value: 2696.7633615448694 and parameters: {'alpha_0': 0.0007814404056368045, 'alpha_1': 8.758539583542109e-05, 'alpha_2': 0.0002402488660454577, 'beta_0': 0.22413681471794636, 'beta_1': 0.8459591088670418, 'beta_2': 0.3322654497078156, 'beta_3': 0.001115395370577227, 'beta_4': 1.0630982945088466e-07, 'beta_5': 0.8206334815665356, 'beta_6': 2.6129534151585407e-05, 'beta_7': 0.027379174658717184, 'beta_8': 0.029632415939594734, 'beta_9': 8.267903692227971e-05, 'beta_10': 1.4439726744323612e-07}. Best is trial 292 with value: 2590.2802901772475.
[I 2026-03-31 11:30:52,340] Trial 294 finished with value: 2781.409952341339 and parameters: {'alpha_0': 0.0005764613345970159, 'alpha_1': 8.435967567558148e-05, 'alpha_2': 0.000244394957699371, 'beta_0': 0.2208047566402825, 'beta_1': 0.8414921114821158, 'beta_2': 0.2959366607841476, 'beta_3': 0.001298854418631871, 'beta_4': 5.01141077008675e-08, 'beta_5': 0.8363309554462798, 'beta_6': 2.813387104296995e-05, 'beta_7': 0.026098659282126593, 'beta_8': 0.02999197654232238, 'beta_9': 8.611665589674066e-05, 'beta_10': 1.7177999575768363e-07}. Best is trial 292 with value: 2590.2802901772475.Best trial: 292. Best value: 2590.28:  59%|█████▉    | 294/500 [12:53<07:15,  2.12s/it]Best trial: 292. Best value: 2590.28:  59%|█████▉    | 294/500 [12:53<07:15,  2.12s/it]Best trial: 292. Best value: 2590.28:  59%|█████▉    | 295/500 [12:53<06:33,  1.92s/it]                                                                                       Best trial: 292. Best value: 2590.28:  59%|█████▉    | 295/500 [12:55<06:33,  1.92s/it]Best trial: 292. Best value: 2590.28:  59%|█████▉    | 295/500 [12:55<06:33,  1.92s/it]Best trial: 292. Best value: 2590.28:  59%|█████▉    | 296/500 [12:55<05:56,  1.75s/it]                                                                                       Best trial: 292. Best value: 2590.28:  59%|█████▉    | 296/500 [12:56<05:56,  1.75s/it]Best trial: 292. Best value: 2590.28:  59%|█████▉    | 296/500 [12:56<05:56,  1.75s/it]Best trial: 292. Best value: 2590.28:  59%|█████▉    | 297/500 [12:56<05:28,  1.62s/it]                                                                                       Best trial: 292. Best value: 2590.28:  59%|█████▉    | 297/500 [12:57<05:28,  1.62s/it]Best trial: 292. Best value: 2590.28:  59%|█████▉    | 297/500 [12:57<05:28,  1.62s/it]Best trial: 292. Best value: 2590.28:  60%|█████▉    | 298/500 [12:57<05:10,  1.54s/it]                                                                                       Best trial: 292. Best value: 2590.28:  60%|█████▉    | 298/500 [12:59<05:10,  1.54s/it]Best trial: 292. Best value: 2590.28:  60%|█████▉    | 298/500 [12:59<05:10,  1.54s/it]Best trial: 292. Best value: 2590.28:  60%|█████▉    | 299/500 [12:59<05:02,  1.51s/it]                                                                                       Best trial: 292. Best value: 2590.28:  60%|█████▉    | 299/500 [13:00<05:02,  1.51s/it]Best trial: 292. Best value: 2590.28:  60%|█████▉    | 299/500 [13:00<05:02,  1.51s/it]Best trial: 292. Best value: 2590.28:  60%|██████    | 300/500 [13:00<04:51,  1.46s/it]                                                                                       Best trial: 292. Best value: 2590.28:  60%|██████    | 300/500 [13:02<04:51,  1.46s/it]Best trial: 292. Best value: 2590.28:  60%|██████    | 300/500 [13:02<04:51,  1.46s/it]Best trial: 292. Best value: 2590.28:  60%|██████    | 301/500 [13:02<04:43,  1.43s/it]                                                                                       Best trial: 292. Best value: 2590.28:  60%|██████    | 301/500 [13:03<04:43,  1.43s/it]Best trial: 292. Best value: 2590.28:  60%|██████    | 301/500 [13:03<04:43,  1.43s/it]Best trial: 292. Best value: 2590.28:  60%|██████    | 302/500 [13:03<04:43,  1.43s/it]                                                                                       Best trial: 292. Best value: 2590.28:  60%|██████    | 302/500 [13:04<04:43,  1.43s/it]Best trial: 292. Best value: 2590.28:  60%|██████    | 302/500 [13:04<04:43,  1.43s/it]Best trial: 292. Best value: 2590.28:  61%|██████    | 303/500 [13:04<04:36,  1.41s/it]                                                                                       Best trial: 292. Best value: 2590.28:  61%|██████    | 303/500 [13:06<04:36,  1.41s/it]Best trial: 292. Best value: 2590.28:  61%|██████    | 303/500 [13:06<04:36,  1.41s/it]Best trial: 292. Best value: 2590.28:  61%|██████    | 304/500 [13:06<04:32,  1.39s/it]                                                                                       Best trial: 292. Best value: 2590.28:  61%|██████    | 304/500 [13:07<04:32,  1.39s/it]Best trial: 292. Best value: 2590.28:  61%|██████    | 304/500 [13:07<04:32,  1.39s/it]Best trial: 292. Best value: 2590.28:  61%|██████    | 305/500 [13:07<04:33,  1.40s/it]                                                                                       Best trial: 292. Best value: 2590.28:  61%|██████    | 305/500 [13:09<04:33,  1.40s/it]Best trial: 292. Best value: 2590.28:  61%|██████    | 305/500 [13:09<04:33,  1.40s/it]Best trial: 292. Best value: 2590.28:  61%|██████    | 306/500 [13:09<04:39,  1.44s/it]                                                                                       Best trial: 292. Best value: 2590.28:  61%|██████    | 306/500 [13:10<04:39,  1.44s/it]Best trial: 292. Best value: 2590.28:  61%|██████    | 306/500 [13:10<04:39,  1.44s/it]Best trial: 292. Best value: 2590.28:  61%|██████▏   | 307/500 [13:10<04:33,  1.42s/it]                                                                                       Best trial: 292. Best value: 2590.28:  61%|██████▏   | 307/500 [13:12<04:33,  1.42s/it]Best trial: 292. Best value: 2590.28:  61%|██████▏   | 307/500 [13:12<04:33,  1.42s/it]Best trial: 292. Best value: 2590.28:  62%|██████▏   | 308/500 [13:12<04:38,  1.45s/it]                                                                                       
[I 2026-03-31 11:30:53,686] Trial 295 finished with value: 2805.816193049971 and parameters: {'alpha_0': 0.0007014826371264754, 'alpha_1': 7.860480373014798e-05, 'alpha_2': 0.0002495306823047483, 'beta_0': 0.23082174881716452, 'beta_1': 0.8286723854406521, 'beta_2': 0.3075098038563895, 'beta_3': 0.0013339501764408697, 'beta_4': 1.7278475320144778e-07, 'beta_5': 0.8104415823184487, 'beta_6': 2.4784280509096323e-05, 'beta_7': 0.02701358571981207, 'beta_8': 0.029521123612509036, 'beta_9': 7.952233419958266e-05, 'beta_10': 1.021821674761403e-07}. Best is trial 292 with value: 2590.2802901772475.
[I 2026-03-31 11:30:54,994] Trial 296 finished with value: 3992.5512248649657 and parameters: {'alpha_0': 0.0007773353883292739, 'alpha_1': 7.423266386952408e-05, 'alpha_2': 0.00023897597577834416, 'beta_0': 0.22565369982085345, 'beta_1': 0.8232794923844573, 'beta_2': 0.37622948203617645, 'beta_3': 0.0014580944745250096, 'beta_4': 3.597386331770727e-07, 'beta_5': 0.8283333324582736, 'beta_6': 2.418003363078078e-05, 'beta_7': 0.02518730618340261, 'beta_8': 0.028527704888171062, 'beta_9': 8.389760859874139e-05, 'beta_10': 1.9046648728439847e-06}. Best is trial 292 with value: 2590.2802901772475.
[I 2026-03-31 11:30:56,346] Trial 297 finished with value: 2807.8725493141446 and parameters: {'alpha_0': 0.0006864350679252176, 'alpha_1': 0.00016842561492405063, 'alpha_2': 0.00024261568301636494, 'beta_0': 0.21962819132583944, 'beta_1': 0.8476480284896717, 'beta_2': 0.3416767554491702, 'beta_3': 0.001398059789710885, 'beta_4': 2.5819044648549773e-07, 'beta_5': 0.8005711645610709, 'beta_6': 2.522783254743198e-05, 'beta_7': 0.027885526202849634, 'beta_8': 0.02944146749353334, 'beta_9': 7.749841280940987e-05, 'beta_10': 2.178520247282003e-07}. Best is trial 292 with value: 2590.2802901772475.
[I 2026-03-31 11:30:57,783] Trial 298 finished with value: 3060.635837758162 and parameters: {'alpha_0': 0.0005702364748662648, 'alpha_1': 8.000486571041087e-05, 'alpha_2': 0.0002469830122958591, 'beta_0': 0.22786045966721954, 'beta_1': 0.8182780976522341, 'beta_2': 0.3663986804912408, 'beta_3': 0.0012710931424990462, 'beta_4': 3.6459587232078766e-07, 'beta_5': 0.8382432887543676, 'beta_6': 2.6973040371610535e-05, 'beta_7': 0.024248811085171088, 'beta_8': 0.028623723110113415, 'beta_9': 8.224803813447351e-05, 'beta_10': 1.4020569292286034e-07}. Best is trial 292 with value: 2590.2802901772475.
[I 2026-03-31 11:30:59,128] Trial 299 finished with value: 2672.3851434844837 and parameters: {'alpha_0': 0.0007827879940880143, 'alpha_1': 9.063100272276381e-05, 'alpha_2': 0.00024081694110052353, 'beta_0': 0.2143429341672419, 'beta_1': 0.845678306008249, 'beta_2': 0.3055506055544764, 'beta_3': 0.0013532363165094372, 'beta_4': 1.7196703922841078e-07, 'beta_5': 0.8207353233851249, 'beta_6': 2.3712536339739642e-05, 'beta_7': 0.02781615433456589, 'beta_8': 0.02956211047247958, 'beta_9': 8.038542913653312e-05, 'beta_10': 1.8700722579197514e-07}. Best is trial 292 with value: 2590.2802901772475.
[I 2026-03-31 11:31:00,477] Trial 300 finished with value: 2601.407753829044 and parameters: {'alpha_0': 0.000803922193989636, 'alpha_1': 9.521342056665419e-05, 'alpha_2': 0.00024047619700009695, 'beta_0': 0.21434272202840912, 'beta_1': 0.8000341364407043, 'beta_2': 0.31437442240693075, 'beta_3': 0.0013321064438460044, 'beta_4': 1.8444590483966257e-07, 'beta_5': 0.8178261900995222, 'beta_6': 2.2388975983301812e-05, 'beta_7': 0.025558114521748113, 'beta_8': 0.02960930847965651, 'beta_9': 8.082521217750618e-05, 'beta_10': 1.7530674762589912e-07}. Best is trial 292 with value: 2590.2802901772475.
[I 2026-03-31 11:31:01,926] Trial 301 finished with value: 2792.234497861252 and parameters: {'alpha_0': 0.0007743814658076204, 'alpha_1': 9.301895604236411e-05, 'alpha_2': 0.00024199317844373377, 'beta_0': 0.21372135026311664, 'beta_1': 0.8005204721270295, 'beta_2': 0.3031929237236542, 'beta_3': 0.001333776342519085, 'beta_4': 5.434736223700328e-08, 'beta_5': 0.8140374693525942, 'beta_6': 2.3775363650312555e-05, 'beta_7': 0.025692385739042475, 'beta_8': 0.02997373977280878, 'beta_9': 7.952783509985798e-05, 'beta_10': 1.74725835684228e-07}. Best is trial 292 with value: 2590.2802901772475.
[I 2026-03-31 11:31:03,269] Trial 302 finished with value: 2624.6545654534425 and parameters: {'alpha_0': 0.0006466495531036093, 'alpha_1': 9.825121480859527e-05, 'alpha_2': 0.0002396279601762068, 'beta_0': 0.21493908016017452, 'beta_1': 0.8008548972660267, 'beta_2': 0.32379361059046796, 'beta_3': 0.0013567883486190384, 'beta_4': 1.6791536432664934e-07, 'beta_5': 0.2928801843302365, 'beta_6': 2.6484000952454806e-05, 'beta_7': 0.02403460090743469, 'beta_8': 0.02963940569383987, 'beta_9': 8.052946459167935e-05, 'beta_10': 1.0082225123840187e-07}. Best is trial 292 with value: 2590.2802901772475.
[I 2026-03-31 11:31:04,626] Trial 303 finished with value: 2682.3933760257123 and parameters: {'alpha_0': 0.0006838991120198556, 'alpha_1': 9.872613472090768e-05, 'alpha_2': 0.0002389609915247654, 'beta_0': 0.21451294320987804, 'beta_1': 0.8458011805047877, 'beta_2': 0.31204474705873014, 'beta_3': 0.0013938109465584908, 'beta_4': 2.2810575357860074e-07, 'beta_5': 0.8034065969821772, 'beta_6': 2.6300188788648328e-05, 'beta_7': 0.023753436835527022, 'beta_8': 0.029683728236380172, 'beta_9': 7.72835740907883e-05, 'beta_10': 1.0768639913308465e-07}. Best is trial 292 with value: 2590.2802901772475.
[I 2026-03-31 11:31:06,048] Trial 304 finished with value: 2773.3016588624114 and parameters: {'alpha_0': 0.0005083172468398179, 'alpha_1': 9.569367991445711e-05, 'alpha_2': 0.00024064111408612758, 'beta_0': 0.21932160353461239, 'beta_1': 0.827203966459696, 'beta_2': 0.33185234720996803, 'beta_3': 0.0013490943427959033, 'beta_4': 1.648298443874244e-07, 'beta_5': 0.8140627497475585, 'beta_6': 2.251703711054685e-05, 'beta_7': 0.026988357328196343, 'beta_8': 0.029991609249596745, 'beta_9': 8.113154893553137e-05, 'beta_10': 1.430121231972615e-07}. Best is trial 292 with value: 2590.2802901772475.
[I 2026-03-31 11:31:07,576] Trial 305 finished with value: 2962.507428647614 and parameters: {'alpha_0': 0.0007974044241876477, 'alpha_1': 8.920408348398425e-05, 'alpha_2': 0.0002497446698755146, 'beta_0': 0.22218114707506365, 'beta_1': 0.8532474686874798, 'beta_2': 0.28830343415420073, 'beta_3': 0.0013030906872969256, 'beta_4': 1.4298312656619588e-07, 'beta_5': 0.8218927638041703, 'beta_6': 2.4572019918311007e-05, 'beta_7': 0.020082519820950637, 'beta_8': 0.028987723540441098, 'beta_9': 8.7323023339294e-05, 'beta_10': 1.0201199876202283e-07}. Best is trial 292 with value: 2590.2802901772475.
[I 2026-03-31 11:31:08,944] Trial 306 finished with value: 2596.7045635586464 and parameters: {'alpha_0': 0.000667701506899017, 'alpha_1': 8.694681343845535e-05, 'alpha_2': 0.00024503702178686184, 'beta_0': 0.21465820845743022, 'beta_1': 0.826031852448098, 'beta_2': 0.3271539657367989, 'beta_3': 0.0014363760473977032, 'beta_4': 2.394165954310656e-07, 'beta_5': 0.8009492306330073, 'beta_6': 2.6650966701287464e-05, 'beta_7': 0.023809103257478075, 'beta_8': 0.029560102548154454, 'beta_9': 8.482537044906334e-05, 'beta_10': 1.434784589730193e-07}. Best is trial 292 with value: 2590.2802901772475.
[I 2026-03-31 11:31:10,476] Trial 307 finished with value: 3122.077406487506 and parameters: {'alpha_0': 0.0006590430360546729, 'alpha_1': 8.537101417995813e-05, 'alpha_2': 0.0002449133327212389, 'beta_0': 0.2173891468257345, 'beta_1': 0.8208290336036846, 'beta_2': 0.3348025056040193, 'beta_3': 0.0011863015706889497, 'beta_4': 2.7193479642211146e-07, 'beta_5': 0.2883820095273731, 'beta_6': 2.672686915568054e-05, 'beta_7': 0.02367828119237708, 'beta_8': 0.028584919350440337, 'beta_9': 8.454036860255721e-05, 'beta_10': 1.4559078565799466e-07}. Best is trial 292 with value: 2590.2802901772475.
