[I 2026-03-31 11:25:46,891] Trial 140 finished with value: 3276.790451667922 and parameters: {'alpha_0': 0.001845995475790706, 'alpha_1': 6.83853869810978e-05, 'alpha_2': 0.00015434540767373297, 'beta_0': 0.23965381676440484, 'beta_1': 1.0416186192257548, 'beta_2': 0.16633852147788, 'beta_3': 0.0023406937906601, 'beta_4': 6.452185140815061e-07, 'beta_5': 0.8256782076725057, 'beta_6': 1.5776506437883017e-05, 'beta_7': 0.035203496562847075, 'beta_8': 0.028071341844325276, 'beta_9': 5.4688647997278444e-05, 'beta_10': 6.982396293923937e-07}. Best is trial 132 with value: 2980.416052806296.Best trial: 132. Best value: 2980.42:  28%|██▊       | 140/500 [07:48<22:29,  3.75s/it]Best trial: 132. Best value: 2980.42:  28%|██▊       | 140/500 [07:48<22:29,  3.75s/it]Best trial: 132. Best value: 2980.42:  28%|██▊       | 141/500 [07:48<18:17,  3.06s/it]                                                                                       Best trial: 132. Best value: 2980.42:  28%|██▊       | 141/500 [07:49<18:17,  3.06s/it]Best trial: 132. Best value: 2980.42:  28%|██▊       | 141/500 [07:49<18:17,  3.06s/it]Best trial: 132. Best value: 2980.42:  28%|██▊       | 142/500 [07:49<15:17,  2.56s/it]                                                                                       Best trial: 132. Best value: 2980.42:  28%|██▊       | 142/500 [07:51<15:17,  2.56s/it]Best trial: 132. Best value: 2980.42:  28%|██▊       | 142/500 [07:51<15:17,  2.56s/it]Best trial: 132. Best value: 2980.42:  29%|██▊       | 143/500 [07:51<13:05,  2.20s/it]                                                                                       Best trial: 132. Best value: 2980.42:  29%|██▊       | 143/500 [07:52<13:05,  2.20s/it]Best trial: 132. Best value: 2980.42:  29%|██▊       | 143/500 [07:52<13:05,  2.20s/it]Best trial: 132. Best value: 2980.42:  29%|██▉       | 144/500 [07:52<11:34,  1.95s/it]                                                                                       Best trial: 132. Best value: 2980.42:  29%|██▉       | 144/500 [07:53<11:34,  1.95s/it]Best trial: 132. Best value: 2980.42:  29%|██▉       | 144/500 [07:53<11:34,  1.95s/it]Best trial: 132. Best value: 2980.42:  29%|██▉       | 145/500 [07:53<10:32,  1.78s/it]                                                                                       Best trial: 132. Best value: 2980.42:  29%|██▉       | 145/500 [07:55<10:32,  1.78s/it]Best trial: 132. Best value: 2980.42:  29%|██▉       | 145/500 [07:55<10:32,  1.78s/it]Best trial: 132. Best value: 2980.42:  29%|██▉       | 146/500 [07:55<10:02,  1.70s/it]                                                                                       Best trial: 132. Best value: 2980.42:  29%|██▉       | 146/500 [07:56<10:02,  1.70s/it]Best trial: 132. Best value: 2980.42:  29%|██▉       | 146/500 [07:56<10:02,  1.70s/it]Best trial: 132. Best value: 2980.42:  29%|██▉       | 147/500 [07:56<09:23,  1.60s/it]                                                                                       Best trial: 132. Best value: 2980.42:  29%|██▉       | 147/500 [07:58<09:23,  1.60s/it]Best trial: 132. Best value: 2980.42:  29%|██▉       | 147/500 [07:58<09:23,  1.60s/it]Best trial: 132. Best value: 2980.42:  30%|██▉       | 148/500 [07:58<09:05,  1.55s/it]                                                                                       Best trial: 132. Best value: 2980.42:  30%|██▉       | 148/500 [07:59<09:05,  1.55s/it]Best trial: 132. Best value: 2980.42:  30%|██▉       | 148/500 [07:59<09:05,  1.55s/it]Best trial: 132. Best value: 2980.42:  30%|██▉       | 149/500 [07:59<08:35,  1.47s/it]                                                                                       Best trial: 132. Best value: 2980.42:  30%|██▉       | 149/500 [08:00<08:35,  1.47s/it]Best trial: 149. Best value: 2865.18:  30%|██▉       | 149/500 [08:00<08:35,  1.47s/it]Best trial: 149. Best value: 2865.18:  30%|███       | 150/500 [08:00<08:10,  1.40s/it]                                                                                       Best trial: 149. Best value: 2865.18:  30%|███       | 150/500 [08:02<08:10,  1.40s/it]Best trial: 149. Best value: 2865.18:  30%|███       | 150/500 [08:02<08:10,  1.40s/it]Best trial: 149. Best value: 2865.18:  30%|███       | 151/500 [08:02<07:58,  1.37s/it]                                                                                       Best trial: 149. Best value: 2865.18:  30%|███       | 151/500 [08:03<07:58,  1.37s/it]Best trial: 149. Best value: 2865.18:  30%|███       | 151/500 [08:03<07:58,  1.37s/it]Best trial: 149. Best value: 2865.18:  30%|███       | 152/500 [08:03<07:48,  1.35s/it]                                                                                       Best trial: 149. Best value: 2865.18:  30%|███       | 152/500 [08:04<07:48,  1.35s/it]Best trial: 149. Best value: 2865.18:  30%|███       | 152/500 [08:04<07:48,  1.35s/it]Best trial: 149. Best value: 2865.18:  31%|███       | 153/500 [08:04<07:42,  1.33s/it]                                                                                       Best trial: 149. Best value: 2865.18:  31%|███       | 153/500 [08:05<07:42,  1.33s/it]Best trial: 149. Best value: 2865.18:  31%|███       | 153/500 [08:05<07:42,  1.33s/it]Best trial: 149. Best value: 2865.18:  31%|███       | 154/500 [08:05<07:37,  1.32s/it]                                                                                       
[I 2026-03-31 11:25:48,299] Trial 141 finished with value: 2996.1062775022647 and parameters: {'alpha_0': 0.002009829230439416, 'alpha_1': 8.200319308458414e-05, 'alpha_2': 0.0001491868571806397, 'beta_0': 0.2468893217551413, 'beta_1': 1.087158416776027, 'beta_2': 0.22391288613120763, 'beta_3': 0.002269481842123645, 'beta_4': 4.2321114535963125e-07, 'beta_5': 0.800990728630611, 'beta_6': 1.4003278689531243e-05, 'beta_7': 0.02469812876019717, 'beta_8': 0.02890238279245485, 'beta_9': 5.089189338740721e-05, 'beta_10': 6.358685224935725e-07}. Best is trial 132 with value: 2980.416052806296.
[I 2026-03-31 11:25:49,655] Trial 142 finished with value: 3015.345873914511 and parameters: {'alpha_0': 0.002016787028249283, 'alpha_1': 8.226498220276444e-05, 'alpha_2': 0.00014776181013970112, 'beta_0': 0.24928283152404737, 'beta_1': 1.0904173782231525, 'beta_2': 0.22093571842517015, 'beta_3': 0.0021458867906072026, 'beta_4': 7.553749467768325e-07, 'beta_5': 0.7972762098128658, 'beta_6': 1.3593723176793507e-05, 'beta_7': 0.026911168612800934, 'beta_8': 0.02876938452691432, 'beta_9': 5.033873924603286e-05, 'beta_10': 6.342845008622783e-07}. Best is trial 132 with value: 2980.416052806296.
[I 2026-03-31 11:25:51,025] Trial 143 finished with value: 3111.9255931152993 and parameters: {'alpha_0': 0.0019614933843180842, 'alpha_1': 8.10258881643064e-05, 'alpha_2': 0.00014836621415992177, 'beta_0': 0.24786758782698962, 'beta_1': 1.0820352012916405, 'beta_2': 0.22110159152706588, 'beta_3': 0.002280335308950073, 'beta_4': 7.558594257944099e-07, 'beta_5': 0.7806822557444297, 'beta_6': 1.3396578519974522e-05, 'beta_7': 0.043490399212203906, 'beta_8': 0.0288045791651754, 'beta_9': 6.021450431545777e-05, 'beta_10': 6.266529637153778e-07}. Best is trial 132 with value: 2980.416052806296.
[I 2026-03-31 11:25:52,413] Trial 144 finished with value: 4960.630625371038 and parameters: {'alpha_0': 0.0023197848702295005, 'alpha_1': 9.160119571976394e-05, 'alpha_2': 0.00014210337845235087, 'beta_0': 0.26422887824760094, 'beta_1': 1.1227100281078761, 'beta_2': 0.2644962911236101, 'beta_3': 0.0021459997406784253, 'beta_4': 2.836045026424567e-07, 'beta_5': 0.8035895823811262, 'beta_6': 1.5143386734663793e-05, 'beta_7': 0.023775466078910835, 'beta_8': 0.02663923471268254, 'beta_9': 4.608897207840821e-05, 'beta_10': 5.265569719977818e-07}. Best is trial 132 with value: 2980.416052806296.
[I 2026-03-31 11:25:53,928] Trial 145 finished with value: 3607.842419954237 and parameters: {'alpha_0': 0.002410745766860559, 'alpha_1': 7.73145426706776e-05, 'alpha_2': 0.0001629336351280798, 'beta_0': 0.24503669063030115, 'beta_1': 1.0640686750776398, 'beta_2': 0.2158985949539833, 'beta_3': 0.0023277213042422235, 'beta_4': 5.180991242104977e-07, 'beta_5': 0.7641123516461312, 'beta_6': 1.6129206926952286e-05, 'beta_7': 0.033519909968568365, 'beta_8': 0.02740803989929484, 'beta_9': 5.585803172658695e-05, 'beta_10': 7.084811595419861e-07}. Best is trial 132 with value: 2980.416052806296.
[I 2026-03-31 11:25:55,281] Trial 146 finished with value: 3170.2871884881024 and parameters: {'alpha_0': 0.002169311294201223, 'alpha_1': 9.70097840048878e-05, 'alpha_2': 0.0001500562142449489, 'beta_0': 0.262045165756654, 'beta_1': 1.1024475350110057, 'beta_2': 0.2586993770350256, 'beta_3': 0.002219932775318825, 'beta_4': 6.90336212201844e-07, 'beta_5': 0.8234578176394571, 'beta_6': 1.7730177863194894e-05, 'beta_7': 0.02073584682021591, 'beta_8': 0.0288043031559642, 'beta_9': 4.871092144396102e-05, 'beta_10': 7.372818361203116e-07}. Best is trial 132 with value: 2980.416052806296.
[I 2026-03-31 11:25:56,721] Trial 147 finished with value: 3310.8968349863244 and parameters: {'alpha_0': 0.001492217752426929, 'alpha_1': 7.481723950779214e-05, 'alpha_2': 0.00015700719520789076, 'beta_0': 0.2359592029846604, 'beta_1': 0.9950513591703657, 'beta_2': 0.15413027931070514, 'beta_3': 0.0021898187113048562, 'beta_4': 5.907475303866374e-07, 'beta_5': 0.7379844302397579, 'beta_6': 1.3855347433544562e-05, 'beta_7': 0.03091686302739163, 'beta_8': 0.028219587371247794, 'beta_9': 5.1107632518284586e-05, 'beta_10': 5.965923285791408e-07}. Best is trial 132 with value: 2980.416052806296.
[I 2026-03-31 11:25:57,995] Trial 148 finished with value: 3038.0771301453406 and parameters: {'alpha_0': 0.0019339510546724605, 'alpha_1': 8.907117348435922e-05, 'alpha_2': 0.00017069800488839443, 'beta_0': 0.2513977012186611, 'beta_1': 1.0527781652884567, 'beta_2': 0.3273279341916117, 'beta_3': 0.0022876817827414916, 'beta_4': 8.702832366463377e-07, 'beta_5': 0.7902178371133939, 'beta_6': 1.3266061856990522e-05, 'beta_7': 0.028939810560868272, 'beta_8': 0.02999653861210445, 'beta_9': 5.949594885783465e-05, 'beta_10': 6.301298031979761e-07}. Best is trial 132 with value: 2980.416052806296.
[I 2026-03-31 11:25:59,247] Trial 149 finished with value: 2865.1815361461804 and parameters: {'alpha_0': 0.001975656219935945, 'alpha_1': 8.149750372332595e-05, 'alpha_2': 0.00016907223240502956, 'beta_0': 0.2501173138364001, 'beta_1': 1.040803180155883, 'beta_2': 0.3167004068727663, 'beta_3': 0.002096349908805047, 'beta_4': 2.92756644636671e-07, 'beta_5': 0.7854236825209866, 'beta_6': 1.307945225448575e-05, 'beta_7': 0.024504368520897848, 'beta_8': 0.029687805653095152, 'beta_9': 6.011766337090923e-05, 'beta_10': 5.490990542329005e-07}. Best is trial 149 with value: 2865.1815361461804.
[I 2026-03-31 11:26:00,544] Trial 150 finished with value: 2871.553716919958 and parameters: {'alpha_0': 0.00199974054837643, 'alpha_1': 6.777420601081441e-05, 'alpha_2': 0.0001681204667553838, 'beta_0': 0.2518845615904939, 'beta_1': 1.0496116723979227, 'beta_2': 0.27866695240254274, 'beta_3': 0.0020871877093147344, 'beta_4': 4.659248058484963e-07, 'beta_5': 0.8026198140850718, 'beta_6': 1.3167062746852357e-05, 'beta_7': 0.02419281330676189, 'beta_8': 0.029920194606572716, 'beta_9': 5.57382899066397e-05, 'beta_10': 5.551737788277833e-07}. Best is trial 149 with value: 2865.1815361461804.
[I 2026-03-31 11:26:01,831] Trial 151 finished with value: 2979.1683687157674 and parameters: {'alpha_0': 0.001954502808807337, 'alpha_1': 6.811209965440018e-05, 'alpha_2': 0.00017730751627894725, 'beta_0': 0.2499043433941004, 'beta_1': 1.0371085862233773, 'beta_2': 0.24413076062015238, 'beta_3': 0.0020833573592434883, 'beta_4': 4.703157282389723e-07, 'beta_5': 0.7857718124357981, 'beta_6': 1.302061664635606e-05, 'beta_7': 0.024806111669696547, 'beta_8': 0.029776571115100653, 'beta_9': 6.017564123923177e-05, 'beta_10': 5.502860392399038e-07}. Best is trial 149 with value: 2865.1815361461804.
[I 2026-03-31 11:26:03,135] Trial 152 finished with value: 3038.2339461536203 and parameters: {'alpha_0': 0.0019837882233969283, 'alpha_1': 6.784325020583308e-05, 'alpha_2': 0.00017892913554810516, 'beta_0': 0.24996645119894192, 'beta_1': 1.0516008525259928, 'beta_2': 0.27729467181889983, 'beta_3': 0.0020989796347093484, 'beta_4': 8.545707697094383e-07, 'beta_5': 0.7874866057748895, 'beta_6': 1.3418517078961043e-05, 'beta_7': 0.023828539882624053, 'beta_8': 0.029728779803668004, 'beta_9': 6.179011949614616e-05, 'beta_10': 5.552309619152845e-07}. Best is trial 149 with value: 2865.1815361461804.
[I 2026-03-31 11:26:04,435] Trial 153 finished with value: 2885.919632979231 and parameters: {'alpha_0': 0.001970830617006645, 'alpha_1': 5.809314157680342e-05, 'alpha_2': 0.0001780724853257438, 'beta_0': 0.24573703643344572, 'beta_1': 1.047116672800155, 'beta_2': 0.32148502016522235, 'beta_3': 0.0021294529866593306, 'beta_4': 8.129582855640074e-07, 'beta_5': 0.804440784560155, 'beta_6': 1.3590644598776505e-05, 'beta_7': 0.024737943281557883, 'beta_8': 0.029898563469837054, 'beta_9': 6.0852009387376706e-05, 'beta_10': 5.545245810964585e-07}. Best is trial 149 with value: 2865.1815361461804.
[I 2026-03-31 11:26:05,750] Trial 154 finished with value: 3031.264862323878 and parameters: {'alpha_0': 0.001968996581408376, 'alpha_1': 6.7177265045137e-05, 'alpha_2': 0.00018060387662279732, 'beta_0': 0.24595980388120048, 'beta_1': 1.0504775433476838, 'beta_2': 0.3249934436435436, 'beta_3': 0.0019893509046347573, 'beta_4': 8.705364242430931e-07, 'beta_5': 0.8232405755231975, 'beta_6': 1.3366398753059459e-05, 'beta_7': 0.02414402219011322, 'beta_8': 0.02989907777810167, 'beta_9': 6.111117428713645e-05, 'beta_10': 5.535081744755137e-07}. Best is trial 149 with value: 2865.1815361461804.Best trial: 149. Best value: 2865.18:  31%|███       | 154/500 [08:07<07:37,  1.32s/it]Best trial: 149. Best value: 2865.18:  31%|███       | 154/500 [08:07<07:37,  1.32s/it]Best trial: 149. Best value: 2865.18:  31%|███       | 155/500 [08:07<07:36,  1.32s/it]                                                                                       Best trial: 149. Best value: 2865.18:  31%|███       | 155/500 [08:08<07:36,  1.32s/it]Best trial: 149. Best value: 2865.18:  31%|███       | 155/500 [08:08<07:36,  1.32s/it]Best trial: 149. Best value: 2865.18:  31%|███       | 156/500 [08:08<07:31,  1.31s/it]                                                                                       Best trial: 149. Best value: 2865.18:  31%|███       | 156/500 [08:09<07:31,  1.31s/it]Best trial: 149. Best value: 2865.18:  31%|███       | 156/500 [08:09<07:31,  1.31s/it]Best trial: 149. Best value: 2865.18:  31%|███▏      | 157/500 [08:09<07:31,  1.32s/it]                                                                                       Best trial: 149. Best value: 2865.18:  31%|███▏      | 157/500 [08:11<07:31,  1.32s/it]Best trial: 149. Best value: 2865.18:  31%|███▏      | 157/500 [08:11<07:31,  1.32s/it]Best trial: 149. Best value: 2865.18:  32%|███▏      | 158/500 [08:11<07:29,  1.32s/it]                                                                                       Best trial: 149. Best value: 2865.18:  32%|███▏      | 158/500 [08:12<07:29,  1.32s/it]Best trial: 149. Best value: 2865.18:  32%|███▏      | 158/500 [08:12<07:29,  1.32s/it]Best trial: 149. Best value: 2865.18:  32%|███▏      | 159/500 [08:12<07:25,  1.31s/it]                                                                                       Best trial: 149. Best value: 2865.18:  32%|███▏      | 159/500 [08:13<07:25,  1.31s/it]Best trial: 149. Best value: 2865.18:  32%|███▏      | 159/500 [08:13<07:25,  1.31s/it]Best trial: 149. Best value: 2865.18:  32%|███▏      | 160/500 [08:13<07:24,  1.31s/it]                                                                                       Best trial: 149. Best value: 2865.18:  32%|███▏      | 160/500 [08:15<07:24,  1.31s/it]Best trial: 149. Best value: 2865.18:  32%|███▏      | 160/500 [08:15<07:24,  1.31s/it]Best trial: 149. Best value: 2865.18:  32%|███▏      | 161/500 [08:15<07:20,  1.30s/it]                                                                                       Best trial: 149. Best value: 2865.18:  32%|███▏      | 161/500 [08:16<07:20,  1.30s/it]Best trial: 149. Best value: 2865.18:  32%|███▏      | 161/500 [08:16<07:20,  1.30s/it]Best trial: 149. Best value: 2865.18:  32%|███▏      | 162/500 [08:16<07:16,  1.29s/it]                                                                                       Best trial: 149. Best value: 2865.18:  32%|███▏      | 162/500 [08:17<07:16,  1.29s/it]Best trial: 149. Best value: 2865.18:  32%|███▏      | 162/500 [08:17<07:16,  1.29s/it]Best trial: 149. Best value: 2865.18:  33%|███▎      | 163/500 [08:17<07:15,  1.29s/it]                                                                                       Best trial: 149. Best value: 2865.18:  33%|███▎      | 163/500 [08:18<07:15,  1.29s/it]Best trial: 149. Best value: 2865.18:  33%|███▎      | 163/500 [08:18<07:15,  1.29s/it]Best trial: 149. Best value: 2865.18:  33%|███▎      | 164/500 [08:18<07:12,  1.29s/it]                                                                                       Best trial: 149. Best value: 2865.18:  33%|███▎      | 164/500 [08:20<07:12,  1.29s/it]Best trial: 149. Best value: 2865.18:  33%|███▎      | 164/500 [08:20<07:12,  1.29s/it]Best trial: 149. Best value: 2865.18:  33%|███▎      | 165/500 [08:20<07:10,  1.29s/it]                                                                                       Best trial: 149. Best value: 2865.18:  33%|███▎      | 165/500 [08:21<07:10,  1.29s/it]Best trial: 149. Best value: 2865.18:  33%|███▎      | 165/500 [08:21<07:10,  1.29s/it]Best trial: 149. Best value: 2865.18:  33%|███▎      | 166/500 [08:21<07:10,  1.29s/it]                                                                                       Best trial: 149. Best value: 2865.18:  33%|███▎      | 166/500 [08:22<07:10,  1.29s/it]Best trial: 149. Best value: 2865.18:  33%|███▎      | 166/500 [08:22<07:10,  1.29s/it]Best trial: 149. Best value: 2865.18:  33%|███▎      | 167/500 [08:22<07:06,  1.28s/it]                                                                                       Best trial: 149. Best value: 2865.18:  33%|███▎      | 167/500 [08:24<07:06,  1.28s/it]Best trial: 149. Best value: 2865.18:  33%|███▎      | 167/500 [08:24<07:06,  1.28s/it]Best trial: 149. Best value: 2865.18:  34%|███▎      | 168/500 [08:24<07:08,  1.29s/it]                                                                                       
[I 2026-03-31 11:26:07,042] Trial 155 finished with value: 2950.5574141787984 and parameters: {'alpha_0': 0.0017257024065985436, 'alpha_1': 5.001688519016391e-05, 'alpha_2': 0.0001795353807173776, 'beta_0': 0.24521612070188056, 'beta_1': 1.0429477743916555, 'beta_2': 0.3212381762919382, 'beta_3': 0.00196452058549807, 'beta_4': 8.948323909909052e-07, 'beta_5': 0.8639787583368631, 'beta_6': 1.2915621050380222e-05, 'beta_7': 0.024754834209055634, 'beta_8': 0.02994911165934312, 'beta_9': 6.26356179288509e-05, 'beta_10': 5.399443381083691e-07}. Best is trial 149 with value: 2865.1815361461804.
[I 2026-03-31 11:26:08,370] Trial 156 finished with value: 2907.949451546547 and parameters: {'alpha_0': 0.0019762966071648212, 'alpha_1': 5.963493407397048e-05, 'alpha_2': 0.00017802842566556104, 'beta_0': 0.24600045766429887, 'beta_1': 1.0388326778276205, 'beta_2': 0.3324987670209118, 'beta_3': 0.0019833297372975874, 'beta_4': 9.004744739906829e-07, 'beta_5': 0.8721470719959964, 'beta_6': 1.3203230901506574e-05, 'beta_7': 0.024271356426892945, 'beta_8': 0.029988330976116574, 'beta_9': 6.080960092979963e-05, 'beta_10': 5.462156373826148e-07}. Best is trial 149 with value: 2865.1815361461804.
[I 2026-03-31 11:26:09,682] Trial 157 finished with value: 3007.504043300132 and parameters: {'alpha_0': 0.0017152455764487275, 'alpha_1': 5.011610196406235e-05, 'alpha_2': 0.0001897795465549659, 'beta_0': 0.24547722045842213, 'beta_1': 1.0167084936469601, 'beta_2': 0.3239643040608686, 'beta_3': 0.002012065859357093, 'beta_4': 9.643849792542844e-07, 'beta_5': 0.8679761522282873, 'beta_6': 1.3112539369431348e-05, 'beta_7': 0.025892613948452967, 'beta_8': 0.02989778649505079, 'beta_9': 5.607999589537595e-05, 'beta_10': 5.28043051951466e-07}. Best is trial 149 with value: 2865.1815361461804.
[I 2026-03-31 11:26:10,966] Trial 158 finished with value: 2895.7251866263223 and parameters: {'alpha_0': 0.0016951621241437424, 'alpha_1': 5.7167498711367325e-05, 'alpha_2': 0.00019220666181231624, 'beta_0': 0.23362646418047744, 'beta_1': 0.9992407380973092, 'beta_2': 0.3323957354313052, 'beta_3': 0.001917593645767646, 'beta_4': 9.394247321194127e-07, 'beta_5': 0.8781116557985957, 'beta_6': 1.268614846066501e-05, 'beta_7': 0.025869736533501067, 'beta_8': 0.029810270292600662, 'beta_9': 5.5538719478533645e-05, 'beta_10': 5.129635707607789e-07}. Best is trial 149 with value: 2865.1815361461804.
[I 2026-03-31 11:26:12,277] Trial 159 finished with value: 3020.572488117451 and parameters: {'alpha_0': 0.001712242868657938, 'alpha_1': 5.73814366098399e-05, 'alpha_2': 0.00019008200532783252, 'beta_0': 0.24473026650714355, 'beta_1': 0.999107481331166, 'beta_2': 0.32421621895046976, 'beta_3': 0.0019362211655697954, 'beta_4': 1.0537364506889519e-06, 'beta_5': 0.8814397003170715, 'beta_6': 1.2917362968362291e-05, 'beta_7': 0.026195341243845087, 'beta_8': 0.029976944807975296, 'beta_9': 5.563641831256243e-05, 'beta_10': 5.196702035420408e-07}. Best is trial 149 with value: 2865.1815361461804.
