[I 2026-03-31 11:29:44,005] Trial 266 finished with value: 2615.466530021443 and parameters: {'alpha_0': 0.0006435510748280279, 'alpha_1': 7.964805748664333e-05, 'alpha_2': 0.0002477119246517044, 'beta_0': 0.22011007817217906, 'beta_1': 0.804915913649156, 'beta_2': 0.3533041059855049, 'beta_3': 0.001378558572096258, 'beta_4': 3.734146773788106e-07, 'beta_5': 0.8390587405889769, 'beta_6': 2.493495244080371e-05, 'beta_7': 0.025524008665961197, 'beta_8': 0.029597624716313945, 'beta_9': 8.033213707429417e-05, 'beta_10': 1.7819397399874253e-07}. Best is trial 212 with value: 2598.3148183348794.Best trial: 212. Best value: 2598.31:  53%|█████▎    | 266/500 [11:45<05:48,  1.49s/it]Best trial: 212. Best value: 2598.31:  53%|█████▎    | 266/500 [11:45<05:48,  1.49s/it]Best trial: 212. Best value: 2598.31:  53%|█████▎    | 267/500 [11:45<05:37,  1.45s/it]                                                                                       Best trial: 212. Best value: 2598.31:  53%|█████▎    | 267/500 [11:46<05:37,  1.45s/it]Best trial: 212. Best value: 2598.31:  53%|█████▎    | 267/500 [11:46<05:37,  1.45s/it]Best trial: 212. Best value: 2598.31:  54%|█████▎    | 268/500 [11:46<05:28,  1.42s/it]                                                                                       Best trial: 212. Best value: 2598.31:  54%|█████▎    | 268/500 [11:48<05:28,  1.42s/it]Best trial: 212. Best value: 2598.31:  54%|█████▎    | 268/500 [11:48<05:28,  1.42s/it]Best trial: 212. Best value: 2598.31:  54%|█████▍    | 269/500 [11:48<05:22,  1.40s/it]                                                                                       Best trial: 212. Best value: 2598.31:  54%|█████▍    | 269/500 [11:49<05:22,  1.40s/it]Best trial: 212. Best value: 2598.31:  54%|█████▍    | 269/500 [11:49<05:22,  1.40s/it]Best trial: 212. Best value: 2598.31:  54%|█████▍    | 270/500 [11:49<05:18,  1.38s/it]                                                                                       Best trial: 212. Best value: 2598.31:  54%|█████▍    | 270/500 [11:50<05:18,  1.38s/it]Best trial: 212. Best value: 2598.31:  54%|█████▍    | 270/500 [11:50<05:18,  1.38s/it]Best trial: 212. Best value: 2598.31:  54%|█████▍    | 271/500 [11:50<05:16,  1.38s/it]                                                                                       Best trial: 212. Best value: 2598.31:  54%|█████▍    | 271/500 [11:52<05:16,  1.38s/it]Best trial: 212. Best value: 2598.31:  54%|█████▍    | 271/500 [11:52<05:16,  1.38s/it]Best trial: 212. Best value: 2598.31:  54%|█████▍    | 272/500 [11:52<05:19,  1.40s/it]                                                                                       Best trial: 212. Best value: 2598.31:  54%|█████▍    | 272/500 [11:53<05:19,  1.40s/it]Best trial: 212. Best value: 2598.31:  54%|█████▍    | 272/500 [11:53<05:19,  1.40s/it]Best trial: 212. Best value: 2598.31:  55%|█████▍    | 273/500 [11:53<05:21,  1.41s/it]                                                                                       Best trial: 212. Best value: 2598.31:  55%|█████▍    | 273/500 [11:55<05:21,  1.41s/it]Best trial: 212. Best value: 2598.31:  55%|█████▍    | 273/500 [11:55<05:21,  1.41s/it]Best trial: 212. Best value: 2598.31:  55%|█████▍    | 274/500 [11:55<05:14,  1.39s/it]                                                                                       Best trial: 212. Best value: 2598.31:  55%|█████▍    | 274/500 [11:56<05:14,  1.39s/it]Best trial: 212. Best value: 2598.31:  55%|█████▍    | 274/500 [11:56<05:14,  1.39s/it]Best trial: 212. Best value: 2598.31:  55%|█████▌    | 275/500 [11:56<05:15,  1.40s/it]                                                                                       Best trial: 212. Best value: 2598.31:  55%|█████▌    | 275/500 [11:57<05:15,  1.40s/it]Best trial: 212. Best value: 2598.31:  55%|█████▌    | 275/500 [11:57<05:15,  1.40s/it]Best trial: 212. Best value: 2598.31:  55%|█████▌    | 276/500 [11:57<05:10,  1.39s/it]                                                                                       Best trial: 212. Best value: 2598.31:  55%|█████▌    | 276/500 [11:59<05:10,  1.39s/it]Best trial: 212. Best value: 2598.31:  55%|█████▌    | 276/500 [11:59<05:10,  1.39s/it]Best trial: 212. Best value: 2598.31:  55%|█████▌    | 277/500 [11:59<05:06,  1.37s/it]                                                                                       Best trial: 212. Best value: 2598.31:  55%|█████▌    | 277/500 [12:00<05:06,  1.37s/it]Best trial: 212. Best value: 2598.31:  55%|█████▌    | 277/500 [12:00<05:06,  1.37s/it]Best trial: 212. Best value: 2598.31:  56%|█████▌    | 278/500 [12:00<05:03,  1.37s/it]                                                                                       Best trial: 212. Best value: 2598.31:  56%|█████▌    | 278/500 [12:02<05:03,  1.37s/it]Best trial: 212. Best value: 2598.31:  56%|█████▌    | 278/500 [12:02<05:03,  1.37s/it]Best trial: 212. Best value: 2598.31:  56%|█████▌    | 279/500 [12:02<05:00,  1.36s/it]                                                                                       Best trial: 212. Best value: 2598.31:  56%|█████▌    | 279/500 [12:03<05:00,  1.36s/it]Best trial: 212. Best value: 2598.31:  56%|█████▌    | 279/500 [12:03<05:00,  1.36s/it]Best trial: 212. Best value: 2598.31:  56%|█████▌    | 280/500 [12:03<05:06,  1.39s/it]                                                                                       
[I 2026-03-31 11:29:45,341] Trial 267 finished with value: 2655.4666993708024 and parameters: {'alpha_0': 0.0005997249305159812, 'alpha_1': 7.777905801203393e-05, 'alpha_2': 0.00024654556858581106, 'beta_0': 0.2260807452820065, 'beta_1': 0.8014953584520894, 'beta_2': 0.3550434620778293, 'beta_3': 0.0013725571689516415, 'beta_4': 3.6749054510586565e-07, 'beta_5': 0.839109203448313, 'beta_6': 2.3064788480693173e-05, 'beta_7': 0.025171514130106404, 'beta_8': 0.02967002432662758, 'beta_9': 8.198488287771067e-05, 'beta_10': 1.900723106373318e-07}. Best is trial 212 with value: 2598.3148183348794.
[I 2026-03-31 11:29:46,698] Trial 268 finished with value: 2668.3623370916876 and parameters: {'alpha_0': 0.0005942827900326279, 'alpha_1': 8.059073362963137e-05, 'alpha_2': 0.0002469491385642803, 'beta_0': 0.22824121763585967, 'beta_1': 0.8003036830992688, 'beta_2': 0.35159990704514893, 'beta_3': 0.0012840078072194278, 'beta_4': 3.6641105243375166e-07, 'beta_5': 0.8366348958889616, 'beta_6': 2.513318785585878e-05, 'beta_7': 0.025071124601454643, 'beta_8': 0.029569648779028984, 'beta_9': 8.126556329583e-05, 'beta_10': 1.8984025240888512e-07}. Best is trial 212 with value: 2598.3148183348794.
[I 2026-03-31 11:29:48,053] Trial 269 finished with value: 2673.15784938832 and parameters: {'alpha_0': 0.000588431933962945, 'alpha_1': 7.957766747560128e-05, 'alpha_2': 0.0002474268240321069, 'beta_0': 0.22730287722061054, 'beta_1': 0.8000975057290708, 'beta_2': 0.358510748604594, 'beta_3': 0.0012665731351685092, 'beta_4': 3.1438156555765865e-07, 'beta_5': 0.82435743465668, 'beta_6': 2.4119231693417792e-05, 'beta_7': 0.024826473652910235, 'beta_8': 0.02960409098066631, 'beta_9': 8.248772480440477e-05, 'beta_10': 1.8393336521183099e-07}. Best is trial 212 with value: 2598.3148183348794.
[I 2026-03-31 11:29:49,432] Trial 270 finished with value: 2601.469411090611 and parameters: {'alpha_0': 0.0005374986631881958, 'alpha_1': 7.910789150005561e-05, 'alpha_2': 0.00024784300451640914, 'beta_0': 0.2268756130261433, 'beta_1': 0.8000002851042106, 'beta_2': 0.3484193828404416, 'beta_3': 0.001298092255663292, 'beta_4': 3.51265358919945e-07, 'beta_5': 0.8193464461417855, 'beta_6': 2.3841660208528937e-05, 'beta_7': 0.024777520247569407, 'beta_8': 0.029706445568232927, 'beta_9': 8.196138901671016e-05, 'beta_10': 1.8204685522309145e-07}. Best is trial 212 with value: 2598.3148183348794.
[I 2026-03-31 11:29:50,879] Trial 271 finished with value: 2811.1168377397853 and parameters: {'alpha_0': 0.0005182718007565378, 'alpha_1': 7.964882053574023e-05, 'alpha_2': 0.0002466917510143452, 'beta_0': 0.22864640529347932, 'beta_1': 0.8038686133169979, 'beta_2': 0.34681008566449806, 'beta_3': 0.001258891569738731, 'beta_4': 3.5216494772978717e-07, 'beta_5': 0.8277759693161785, 'beta_6': 2.4312756206265606e-05, 'beta_7': 0.024239543605537053, 'beta_8': 0.029999589194986288, 'beta_9': 8.216437398838821e-05, 'beta_10': 1.8658669058309022e-07}. Best is trial 212 with value: 2598.3148183348794.
[I 2026-03-31 11:29:52,323] Trial 272 finished with value: 4276.052121514646 and parameters: {'alpha_0': 0.0005841358694848354, 'alpha_1': 7.773379663632059e-05, 'alpha_2': 0.0002484058090669962, 'beta_0': 0.22724193026218684, 'beta_1': 0.801247613871549, 'beta_2': 0.37146464697117776, 'beta_3': 0.0013708296856708975, 'beta_4': 3.6639834137942366e-07, 'beta_5': 0.8172380082794342, 'beta_6': 2.403150529828974e-05, 'beta_7': 0.0243441911130947, 'beta_8': 0.02963402195810041, 'beta_9': 8.540519686437006e-05, 'beta_10': 1.9906999424573887e-06}. Best is trial 212 with value: 2598.3148183348794.
[I 2026-03-31 11:29:53,660] Trial 273 finished with value: 2620.8968768945215 and parameters: {'alpha_0': 0.0006668072125011829, 'alpha_1': 7.94276848565485e-05, 'alpha_2': 0.00024398196678884358, 'beta_0': 0.22506569278861438, 'beta_1': 0.8054981539309435, 'beta_2': 0.34567329704889677, 'beta_3': 0.0013044757627047431, 'beta_4': 2.877906077169231e-07, 'beta_5': 0.8340958327527735, 'beta_6': 2.4883359628279778e-05, 'beta_7': 0.0258333535509344, 'beta_8': 0.029599304900619447, 'beta_9': 8.144747772887944e-05, 'beta_10': 1.6502532379263315e-07}. Best is trial 212 with value: 2598.3148183348794.
[I 2026-03-31 11:29:55,093] Trial 274 finished with value: 3783.10558264629 and parameters: {'alpha_0': 0.0005092339500903226, 'alpha_1': 8.167488152948066e-05, 'alpha_2': 0.00024346498367301494, 'beta_0': 0.22558374081216298, 'beta_1': 0.8007091656043881, 'beta_2': 0.3472096984720778, 'beta_3': 0.0012283845941714643, 'beta_4': 2.4289353735085925e-07, 'beta_5': 0.839390067246308, 'beta_6': 2.501635892530557e-05, 'beta_7': 0.025408996019027984, 'beta_8': 0.029967333512881278, 'beta_9': 8.080513859770018e-05, 'beta_10': 1.5295722520849653e-06}. Best is trial 212 with value: 2598.3148183348794.
[I 2026-03-31 11:29:56,439] Trial 275 finished with value: 2638.922469234665 and parameters: {'alpha_0': 0.0006701139986938246, 'alpha_1': 7.872825703107292e-05, 'alpha_2': 0.00024913092574771755, 'beta_0': 0.22116270342292485, 'beta_1': 0.8190795420319262, 'beta_2': 0.3622930025145804, 'beta_3': 0.0012835046097698774, 'beta_4': 2.23338760841935e-07, 'beta_5': 0.8186947247319514, 'beta_6': 2.5451648606658034e-05, 'beta_7': 0.025425312440179065, 'beta_8': 0.02957948752336431, 'beta_9': 8.450294083310194e-05, 'beta_10': 1.8388917757881636e-07}. Best is trial 212 with value: 2598.3148183348794.
[I 2026-03-31 11:29:57,786] Trial 276 finished with value: 2648.265843729261 and parameters: {'alpha_0': 0.0006562926329759292, 'alpha_1': 7.862791890997416e-05, 'alpha_2': 0.0002488728444963598, 'beta_0': 0.22106056429394824, 'beta_1': 0.8015069215441863, 'beta_2': 0.35360824080754677, 'beta_3': 0.0012820543190360566, 'beta_4': 2.1016531241119434e-07, 'beta_5': 0.8143853171421548, 'beta_6': 2.560577128259071e-05, 'beta_7': 0.024612109248111958, 'beta_8': 0.029625841049096723, 'beta_9': 8.232695151615685e-05, 'beta_10': 1.8797352339422147e-07}. Best is trial 212 with value: 2598.3148183348794.
[I 2026-03-31 11:29:59,138] Trial 277 finished with value: 2664.0530413090532 and parameters: {'alpha_0': 0.000642552827460791, 'alpha_1': 7.97427337309023e-05, 'alpha_2': 0.0002495996838638484, 'beta_0': 0.2237672851996377, 'beta_1': 0.8024266546540237, 'beta_2': 0.3589095858568196, 'beta_3': 0.001277241931461517, 'beta_4': 2.6096086976003907e-07, 'beta_5': 0.8164546485864338, 'beta_6': 2.326056253305058e-05, 'beta_7': 0.02505296320957056, 'beta_8': 0.029681351887135058, 'beta_9': 8.191738221697455e-05, 'beta_10': 1.8711375013372277e-07}. Best is trial 212 with value: 2598.3148183348794.
[I 2026-03-31 11:30:00,476] Trial 278 finished with value: 2626.496408652727 and parameters: {'alpha_0': 0.0006385240493562273, 'alpha_1': 8.920028922510043e-05, 'alpha_2': 0.0002496094556560797, 'beta_0': 0.2247812548879891, 'beta_1': 0.8218143874948218, 'beta_2': 0.36359680740865624, 'beta_3': 0.0013035102063822194, 'beta_4': 1.9071431748007644e-07, 'beta_5': 0.8116788327133905, 'beta_6': 2.2816435799587674e-05, 'beta_7': 0.02483022882261761, 'beta_8': 0.02971516521557637, 'beta_9': 8.300159162274653e-05, 'beta_10': 1.747670584538338e-07}. Best is trial 212 with value: 2598.3148183348794.
[I 2026-03-31 11:30:01,944] Trial 279 finished with value: 2784.876229530868 and parameters: {'alpha_0': 0.0006216917598729744, 'alpha_1': 8.855754405164957e-05, 'alpha_2': 0.0002491233391720426, 'beta_0': 0.2237436762203281, 'beta_1': 0.8217687817430483, 'beta_2': 0.36222617685988806, 'beta_3': 0.001278926859258706, 'beta_4': 1.7746842536225669e-07, 'beta_5': 0.822767767194071, 'beta_6': 2.2686043701224537e-05, 'beta_7': 0.025135270816181634, 'beta_8': 0.029954141662669687, 'beta_9': 8.346826260891551e-05, 'beta_10': 1.707701704213466e-07}. Best is trial 212 with value: 2598.3148183348794.
[I 2026-03-31 11:30:03,333] Trial 280 finished with value: 2652.764984803776 and parameters: {'alpha_0': 0.0006566961888089802, 'alpha_1': 8.067290872305845e-05, 'alpha_2': 0.00024267596885401208, 'beta_0': 0.22770785246927783, 'beta_1': 0.8218383226701389, 'beta_2': 0.3615491608764053, 'beta_3': 0.0011789001951586174, 'beta_4': 2.057271934323083e-07, 'beta_5': 0.817500994813988, 'beta_6': 2.5565533714072208e-05, 'beta_7': 0.024644705165863708, 'beta_8': 0.02998178507577178, 'beta_9': 8.201818783067509e-05, 'beta_10': 1.402001940286786e-07}. Best is trial 212 with value: 2598.3148183348794.Best trial: 212. Best value: 2598.31:  56%|█████▌    | 280/500 [12:04<05:06,  1.39s/it]Best trial: 212. Best value: 2598.31:  56%|█████▌    | 280/500 [12:04<05:06,  1.39s/it]Best trial: 212. Best value: 2598.31:  56%|█████▌    | 281/500 [12:04<05:04,  1.39s/it]                                                                                       Best trial: 212. Best value: 2598.31:  56%|█████▌    | 281/500 [12:19<05:04,  1.39s/it]Best trial: 212. Best value: 2598.31:  56%|█████▌    | 281/500 [12:19<05:04,  1.39s/it]Best trial: 212. Best value: 2598.31:  56%|█████▋    | 282/500 [12:19<19:48,  5.45s/it]                                                                                       Best trial: 212. Best value: 2598.31:  56%|█████▋    | 282/500 [12:21<19:48,  5.45s/it]Best trial: 212. Best value: 2598.31:  56%|█████▋    | 282/500 [12:21<19:48,  5.45s/it]Best trial: 212. Best value: 2598.31:  57%|█████▋    | 283/500 [12:21<15:20,  4.24s/it]                                                                                       Best trial: 212. Best value: 2598.31:  57%|█████▋    | 283/500 [12:22<15:20,  4.24s/it]Best trial: 212. Best value: 2598.31:  57%|█████▋    | 283/500 [12:22<15:20,  4.24s/it]Best trial: 212. Best value: 2598.31:  57%|█████▋    | 284/500 [12:22<12:07,  3.37s/it]                                                                                       Best trial: 212. Best value: 2598.31:  57%|█████▋    | 284/500 [12:23<12:07,  3.37s/it]Best trial: 212. Best value: 2598.31:  57%|█████▋    | 284/500 [12:24<12:07,  3.37s/it]Best trial: 212. Best value: 2598.31:  57%|█████▋    | 285/500 [12:24<10:00,  2.79s/it]                                                                                       Best trial: 212. Best value: 2598.31:  57%|█████▋    | 285/500 [12:25<10:00,  2.79s/it]Best trial: 212. Best value: 2598.31:  57%|█████▋    | 285/500 [12:25<10:00,  2.79s/it]Best trial: 212. Best value: 2598.31:  57%|█████▋    | 286/500 [12:25<08:32,  2.39s/it]                                                                                       Best trial: 212. Best value: 2598.31:  57%|█████▋    | 286/500 [12:26<08:32,  2.39s/it]Best trial: 212. Best value: 2598.31:  57%|█████▋    | 286/500 [12:26<08:32,  2.39s/it]Best trial: 212. Best value: 2598.31:  57%|█████▋    | 287/500 [12:26<07:22,  2.08s/it]                                                                                       Best trial: 212. Best value: 2598.31:  57%|█████▋    | 287/500 [12:36<07:22,  2.08s/it]Best trial: 212. Best value: 2598.31:  57%|█████▋    | 287/500 [12:36<07:22,  2.08s/it]Best trial: 212. Best value: 2598.31:  58%|█████▊    | 288/500 [12:36<15:06,  4.28s/it]                                                                                       Best trial: 212. Best value: 2598.31:  58%|█████▊    | 288/500 [12:45<15:06,  4.28s/it]Best trial: 212. Best value: 2598.31:  58%|█████▊    | 288/500 [12:45<15:06,  4.28s/it]Best trial: 212. Best value: 2598.31:  58%|█████▊    | 289/500 [12:45<20:22,  5.79s/it]                                                                                       Best trial: 212. Best value: 2598.31:  58%|█████▊    | 289/500 [12:46<20:22,  5.79s/it]Best trial: 212. Best value: 2598.31:  58%|█████▊    | 289/500 [12:46<20:22,  5.79s/it]Best trial: 212. Best value: 2598.31:  58%|█████▊    | 290/500 [12:46<15:36,  4.46s/it]                                                                                       Best trial: 212. Best value: 2598.31:  58%|█████▊    | 290/500 [12:48<15:36,  4.46s/it]Best trial: 212. Best value: 2598.31:  58%|█████▊    | 290/500 [12:48<15:36,  4.46s/it]Best trial: 212. Best value: 2598.31:  58%|█████▊    | 291/500 [12:48<12:18,  3.53s/it]                                                                                       Best trial: 212. Best value: 2598.31:  58%|█████▊    | 291/500 [12:49<12:18,  3.53s/it]Best trial: 212. Best value: 2598.31:  58%|█████▊    | 291/500 [12:49<12:18,  3.53s/it]Best trial: 212. Best value: 2598.31:  58%|█████▊    | 292/500 [12:49<10:04,  2.90s/it]                                                                                       Best trial: 212. Best value: 2598.31:  58%|█████▊    | 292/500 [12:51<10:04,  2.90s/it]Best trial: 292. Best value: 2590.28:  58%|█████▊    | 292/500 [12:51<10:04,  2.90s/it]Best trial: 292. Best value: 2590.28:  59%|█████▊    | 293/500 [12:51<08:25,  2.44s/it]                                                                                       Best trial: 292. Best value: 2590.28:  59%|█████▊    | 293/500 [12:52<08:25,  2.44s/it]Best trial: 292. Best value: 2590.28:  59%|█████▊    | 293/500 [12:52<08:25,  2.44s/it]Best trial: 292. Best value: 2590.28:  59%|█████▉    | 294/500 [12:52<07:15,  2.12s/it]                                                                                       
[I 2026-03-31 11:30:18,267] Trial 281 finished with value: 8705.229808665572 and parameters: {'alpha_0': 0.0006638638893110394, 'alpha_1': 8.057681500454113e-05, 'alpha_2': 0.00024298059502900774, 'beta_0': 0.22973005714988085, 'beta_1': 0.8002761465968548, 'beta_2': 0.3415489389565974, 'beta_3': 0.0013021607621164998, 'beta_4': 2.1145487123392304e-07, 'beta_5': 0.8106900033821169, 'beta_6': 2.5677194926930664e-05, 'beta_7': 0.02471967317849573, 'beta_8': 0.009069016069387448, 'beta_9': 8.213301468224765e-05, 'beta_10': 1.2115456798249095e-07}. Best is trial 212 with value: 2598.3148183348794.
[I 2026-03-31 11:30:19,679] Trial 282 finished with value: 2709.7561494243587 and parameters: {'alpha_0': 0.0006024561844256174, 'alpha_1': 8.89151622354887e-05, 'alpha_2': 0.00024961738022575745, 'beta_0': 0.22783196541208003, 'beta_1': 0.8221445267609506, 'beta_2': 0.36668254186276017, 'beta_3': 0.001154358904655461, 'beta_4': 2.1899572606645492e-07, 'beta_5': 0.8152269181502413, 'beta_6': 2.3262123437855076e-05, 'beta_7': 0.025064716493326568, 'beta_8': 0.02998274982829959, 'beta_9': 8.521863189863446e-05, 'beta_10': 2.0515322661498407e-07}. Best is trial 212 with value: 2598.3148183348794.
[I 2026-03-31 11:30:21,015] Trial 283 finished with value: 2877.190000994278 and parameters: {'alpha_0': 0.0006904215243523377, 'alpha_1': 7.988558086984831e-05, 'alpha_2': 0.0002436736618194107, 'beta_0': 0.2221663572097649, 'beta_1': 0.8205034119046732, 'beta_2': 0.3017803748066913, 'beta_3': 0.001213647235198066, 'beta_4': 3.0091744419764806e-07, 'beta_5': 0.8095121377489459, 'beta_6': 2.4857280572232923e-05, 'beta_7': 0.026436271046601612, 'beta_8': 0.029566978592757285, 'beta_9': 8.022600826459939e-05, 'beta_10': 1.0186180679161088e-07}. Best is trial 212 with value: 2598.3148183348794.
[I 2026-03-31 11:30:22,466] Trial 284 finished with value: 2789.147874744874 and parameters: {'alpha_0': 0.0005395696187209912, 'alpha_1': 8.557587581455057e-05, 'alpha_2': 0.00024229436876560504, 'beta_0': 0.22403070094437189, 'beta_1': 0.8006416075494224, 'beta_2': 0.36478267450273605, 'beta_3': 0.0013173740029192576, 'beta_4': 1.2921926020198856e-07, 'beta_5': 0.8170856854817529, 'beta_6': 2.7264865713910144e-05, 'beta_7': 0.024337987927789104, 'beta_8': 0.029974143062416404, 'beta_9': 8.356467721834615e-05, 'beta_10': 1.716172021833258e-07}. Best is trial 212 with value: 2598.3148183348794.
[I 2026-03-31 11:30:23,923] Trial 285 finished with value: 2801.5480914098935 and parameters: {'alpha_0': 0.000732255628473693, 'alpha_1': 8.075575387857408e-05, 'alpha_2': 0.00024604730629742915, 'beta_0': 0.22675715881232164, 'beta_1': 0.8247188962867349, 'beta_2': 0.36303706003862346, 'beta_3': 0.0013744051074379168, 'beta_4': 2.516663466237171e-07, 'beta_5': 0.830852672089707, 'beta_6': 2.6019295109455003e-05, 'beta_7': 0.026514808215736436, 'beta_8': 0.029991749803676693, 'beta_9': 8.1324916669139e-05, 'beta_10': 1.3613402459763355e-07}. Best is trial 212 with value: 2598.3148183348794.
