[I 2026-03-31 11:31:11,879] Trial 308 finished with value: 3000.823520344137 and parameters: {'alpha_0': 0.0006028275759911474, 'alpha_1': 8.643440037958752e-05, 'alpha_2': 0.00023730359293390024, 'beta_0': 0.2239166855388514, 'beta_1': 0.8021906660716737, 'beta_2': 0.34903360039040954, 'beta_3': 0.0014367993189057153, 'beta_4': 3.872745521676056e-07, 'beta_5': 0.8010088311546785, 'beta_6': 2.7679451236688325e-05, 'beta_7': 0.02389946797805483, 'beta_8': 0.029084108221360497, 'beta_9': 7.82467211197125e-05, 'beta_10': 1.4265885405398867e-07}. Best is trial 292 with value: 2590.2802901772475.Best trial: 292. Best value: 2590.28:  62%|██████▏   | 308/500 [13:13<04:38,  1.45s/it]Best trial: 292. Best value: 2590.28:  62%|██████▏   | 308/500 [13:13<04:38,  1.45s/it]Best trial: 292. Best value: 2590.28:  62%|██████▏   | 309/500 [13:13<04:34,  1.44s/it]                                                                                       Best trial: 292. Best value: 2590.28:  62%|██████▏   | 309/500 [13:22<04:34,  1.44s/it]Best trial: 292. Best value: 2590.28:  62%|██████▏   | 309/500 [13:22<04:34,  1.44s/it]Best trial: 292. Best value: 2590.28:  62%|██████▏   | 310/500 [13:22<12:04,  3.82s/it]                                                                                       Best trial: 292. Best value: 2590.28:  62%|██████▏   | 310/500 [13:24<12:04,  3.82s/it]Best trial: 292. Best value: 2590.28:  62%|██████▏   | 310/500 [13:24<12:04,  3.82s/it]Best trial: 292. Best value: 2590.28:  62%|██████▏   | 311/500 [13:24<09:41,  3.08s/it]                                                                                       Best trial: 292. Best value: 2590.28:  62%|██████▏   | 311/500 [13:25<09:41,  3.08s/it]Best trial: 292. Best value: 2590.28:  62%|██████▏   | 311/500 [13:25<09:41,  3.08s/it]Best trial: 292. Best value: 2590.28:  62%|██████▏   | 312/500 [13:25<08:09,  2.61s/it]                                                                                       Best trial: 292. Best value: 2590.28:  62%|██████▏   | 312/500 [13:26<08:09,  2.61s/it]Best trial: 292. Best value: 2590.28:  62%|██████▏   | 312/500 [13:27<08:09,  2.61s/it]Best trial: 292. Best value: 2590.28:  63%|██████▎   | 313/500 [13:27<06:57,  2.23s/it]                                                                                       Best trial: 292. Best value: 2590.28:  63%|██████▎   | 313/500 [13:28<06:57,  2.23s/it]Best trial: 292. Best value: 2590.28:  63%|██████▎   | 313/500 [13:28<06:57,  2.23s/it]Best trial: 292. Best value: 2590.28:  63%|██████▎   | 314/500 [13:28<06:13,  2.01s/it]                                                                                       Best trial: 292. Best value: 2590.28:  63%|██████▎   | 314/500 [13:30<06:13,  2.01s/it]Best trial: 292. Best value: 2590.28:  63%|██████▎   | 314/500 [13:30<06:13,  2.01s/it]Best trial: 292. Best value: 2590.28:  63%|██████▎   | 315/500 [13:30<05:47,  1.88s/it]                                                                                       Best trial: 292. Best value: 2590.28:  63%|██████▎   | 315/500 [13:31<05:47,  1.88s/it]Best trial: 292. Best value: 2590.28:  63%|██████▎   | 315/500 [13:31<05:47,  1.88s/it]Best trial: 292. Best value: 2590.28:  63%|██████▎   | 316/500 [13:31<05:17,  1.73s/it]                                                                                       Best trial: 292. Best value: 2590.28:  63%|██████▎   | 316/500 [13:32<05:17,  1.73s/it]Best trial: 292. Best value: 2590.28:  63%|██████▎   | 316/500 [13:32<05:17,  1.73s/it]Best trial: 292. Best value: 2590.28:  63%|██████▎   | 317/500 [13:32<05:01,  1.65s/it]                                                                                       Best trial: 292. Best value: 2590.28:  63%|██████▎   | 317/500 [13:34<05:01,  1.65s/it]Best trial: 292. Best value: 2590.28:  63%|██████▎   | 317/500 [13:34<05:01,  1.65s/it]Best trial: 292. Best value: 2590.28:  64%|██████▎   | 318/500 [13:34<04:55,  1.62s/it]                                                                                       Best trial: 292. Best value: 2590.28:  64%|██████▎   | 318/500 [13:36<04:55,  1.62s/it]Best trial: 292. Best value: 2590.28:  64%|██████▎   | 318/500 [13:36<04:55,  1.62s/it]Best trial: 292. Best value: 2590.28:  64%|██████▍   | 319/500 [13:36<05:35,  1.85s/it]                                                                                       Best trial: 292. Best value: 2590.28:  64%|██████▍   | 319/500 [13:38<05:35,  1.85s/it]Best trial: 292. Best value: 2590.28:  64%|██████▍   | 319/500 [13:38<05:35,  1.85s/it]Best trial: 292. Best value: 2590.28:  64%|██████▍   | 320/500 [13:38<05:07,  1.71s/it]                                                                                       Best trial: 292. Best value: 2590.28:  64%|██████▍   | 320/500 [13:39<05:07,  1.71s/it]Best trial: 292. Best value: 2590.28:  64%|██████▍   | 320/500 [13:39<05:07,  1.71s/it]Best trial: 292. Best value: 2590.28:  64%|██████▍   | 321/500 [13:39<04:49,  1.62s/it]                                                                                       Best trial: 292. Best value: 2590.28:  64%|██████▍   | 321/500 [13:41<04:49,  1.62s/it]Best trial: 292. Best value: 2590.28:  64%|██████▍   | 321/500 [13:41<04:49,  1.62s/it]Best trial: 292. Best value: 2590.28:  64%|██████▍   | 322/500 [13:41<04:39,  1.57s/it]                                                                                       
[I 2026-03-31 11:31:21,243] Trial 309 finished with value: 8025.328490262376 and parameters: {'alpha_0': 0.0007205679252666582, 'alpha_1': 7.71121572032402e-05, 'alpha_2': 0.0002449259196013831, 'beta_0': 0.23423912371085848, 'beta_1': 0.8007389923161997, 'beta_2': 0.32329929045360756, 'beta_3': 0.0012347385109771855, 'beta_4': 5.270502609970418e-08, 'beta_5': 0.3256715463230145, 'beta_6': 2.5490097208663616e-05, 'beta_7': 0.02585085601028133, 'beta_8': 0.01830113725697868, 'beta_9': 8.511960081208816e-05, 'beta_10': 2.130404984522976e-07}. Best is trial 292 with value: 2590.2802901772475.
[I 2026-03-31 11:31:22,600] Trial 310 finished with value: 2716.4292741156905 and parameters: {'alpha_0': 0.0006500459112809716, 'alpha_1': 0.00010658989785920993, 'alpha_2': 0.00024993271504899074, 'beta_0': 0.21819466759919529, 'beta_1': 0.8303396533146257, 'beta_2': 0.3783642095663655, 'beta_3': 0.0014587821997480745, 'beta_4': 2.5540297533613853e-07, 'beta_5': 0.8316266108425509, 'beta_6': 2.6145246771219342e-05, 'beta_7': 0.026073369161189214, 'beta_8': 0.029528225294761054, 'beta_9': 8.120613574080344e-05, 'beta_10': 1.0057679031179632e-07}. Best is trial 292 with value: 2590.2802901772475.
[I 2026-03-31 11:31:24,105] Trial 311 finished with value: 3055.6373202376567 and parameters: {'alpha_0': 0.0008206193097905437, 'alpha_1': 9.429078518792814e-05, 'alpha_2': 0.0002441913614641018, 'beta_0': 0.21358627087303975, 'beta_1': 0.8520844625816266, 'beta_2': 0.34203980265396355, 'beta_3': 0.0013953081702681137, 'beta_4': 3.628992507929896e-07, 'beta_5': 0.7997986929636418, 'beta_6': 2.6633762993832307e-05, 'beta_7': 0.023507737113904536, 'beta_8': 0.028964870967375187, 'beta_9': 8.779886281782977e-05, 'beta_10': 1.6491756852609956e-07}. Best is trial 292 with value: 2590.2802901772475.
[I 2026-03-31 11:31:25,466] Trial 312 finished with value: 2622.7430642298614 and parameters: {'alpha_0': 0.0007097641768332702, 'alpha_1': 8.32880930191946e-05, 'alpha_2': 0.00023767921181212985, 'beta_0': 0.2221385079036817, 'beta_1': 0.8265866114278839, 'beta_2': 0.3179233020113863, 'beta_3': 0.0013056593930605906, 'beta_4': 1.7029791768020017e-07, 'beta_5': 0.8374707668456712, 'beta_6': 2.2102532830573655e-05, 'beta_7': 0.021187825431092634, 'beta_8': 0.029558729760833045, 'beta_9': 8.351449576285452e-05, 'beta_10': 2.007925905257681e-07}. Best is trial 292 with value: 2590.2802901772475.
[I 2026-03-31 11:31:26,959] Trial 313 finished with value: 2998.245538511338 and parameters: {'alpha_0': 0.0005024033433086558, 'alpha_1': 8.413462800111604e-05, 'alpha_2': 0.00023671794905357545, 'beta_0': 0.22375051393437242, 'beta_1': 0.8314679031962579, 'beta_2': 0.32191316022502103, 'beta_3': 0.0013167048140514995, 'beta_4': 1.6315727517611589e-07, 'beta_5': 0.8078815922336661, 'beta_6': 2.1574819856369128e-05, 'beta_7': 0.020978341605277888, 'beta_8': 0.028479497193156973, 'beta_9': 8.459470749680075e-05, 'beta_10': 1.576958218823589e-07}. Best is trial 292 with value: 2590.2802901772475.
[I 2026-03-31 11:31:28,528] Trial 314 finished with value: 3072.593472298192 and parameters: {'alpha_0': 0.0005986480595151628, 'alpha_1': 8.964044591968256e-05, 'alpha_2': 0.00024047044736888234, 'beta_0': 0.22936609987420908, 'beta_1': 0.8533773442701884, 'beta_2': 0.30007534916535566, 'beta_3': 0.0011171331350783183, 'beta_4': 2.4798569365203165e-07, 'beta_5': 0.36341193979459585, 'beta_6': 2.254960425847692e-05, 'beta_7': 0.02123128396735775, 'beta_8': 0.02906959204198563, 'beta_9': 8.28540421603525e-05, 'beta_10': 2.0476444475804336e-07}. Best is trial 292 with value: 2590.2802901772475.
[I 2026-03-31 11:31:29,899] Trial 315 finished with value: 2754.028098230415 and parameters: {'alpha_0': 0.0007161588063888045, 'alpha_1': 8.236289576595156e-05, 'alpha_2': 0.00023718005715503648, 'beta_0': 0.21659582070305355, 'beta_1': 0.8269114777002435, 'beta_2': 0.32401442244057893, 'beta_3': 0.0012688377854104312, 'beta_4': 1.407710809206271e-07, 'beta_5': 0.8392893585928088, 'beta_6': 2.2046586772966084e-05, 'beta_7': 0.02791896889168894, 'beta_8': 0.02957501818107713, 'beta_9': 7.981487911641247e-05, 'beta_10': 1.3700587743503772e-07}. Best is trial 292 with value: 2590.2802901772475.
[I 2026-03-31 11:31:31,364] Trial 316 finished with value: 3713.514160738514 and parameters: {'alpha_0': 0.0008331273731803049, 'alpha_1': 7.241287615596674e-05, 'alpha_2': 0.0002462102156383921, 'beta_0': 0.22517953411294256, 'beta_1': 0.8260528800058985, 'beta_2': 0.3753780457920046, 'beta_3': 0.0014899276948598457, 'beta_4': 3.039991663240888e-07, 'beta_5': 0.8212871965886951, 'beta_6': 2.5763396177522426e-05, 'beta_7': 0.02339383905462603, 'beta_8': 0.029948899938888295, 'beta_9': 8.352793337111487e-05, 'beta_10': 1.2668778773733562e-06}. Best is trial 292 with value: 2590.2802901772475.
[I 2026-03-31 11:31:32,933] Trial 317 finished with value: 3163.091862497685 and parameters: {'alpha_0': 0.0005885482358498288, 'alpha_1': 0.0001587389772804436, 'alpha_2': 0.00024994355875195245, 'beta_0': 0.21229533770376618, 'beta_1': 0.8000530036667054, 'beta_2': 0.35514340225467067, 'beta_3': 0.001300717203598073, 'beta_4': 1.8829192843715855e-07, 'beta_5': 0.8411838384254122, 'beta_6': 2.3233034464124387e-05, 'beta_7': 0.026350742393887284, 'beta_8': 0.02907823735592917, 'beta_9': 8.6372480326784e-05, 'beta_10': 1.8949566874815835e-07}. Best is trial 292 with value: 2590.2802901772475.
[I 2026-03-31 11:31:35,320] Trial 318 finished with value: 7737.58001819678 and parameters: {'alpha_0': 0.0006659043563984578, 'alpha_1': 8.323241116956608e-05, 'alpha_2': 0.00024215897479271892, 'beta_0': 0.23261425207154152, 'beta_1': 0.8550677564808102, 'beta_2': 0.2790674603195367, 'beta_3': 0.0010048752711425987, 'beta_4': 4.054709736850253e-07, 'beta_5': 0.8267580676562067, 'beta_6': 2.4784897271232573e-05, 'beta_7': 0.020103160086980692, 'beta_8': 0.024307313074906026, 'beta_9': 8.170599106254391e-05, 'beta_10': 1.4160939388046174e-07}. Best is trial 292 with value: 2590.2802901772475.
[I 2026-03-31 11:31:36,699] Trial 319 finished with value: 2912.429824654128 and parameters: {'alpha_0': 0.0007501152424189507, 'alpha_1': 9.63122826417881e-05, 'alpha_2': 0.00024580607043409903, 'beta_0': 0.22100902859912316, 'beta_1': 0.8255306357818456, 'beta_2': 0.315464420903897, 'beta_3': 0.001420380551900712, 'beta_4': 2.834396837985801e-07, 'beta_5': 0.8116485949167503, 'beta_6': 2.7599764011769144e-05, 'beta_7': 0.027947327064755834, 'beta_8': 0.02851678692915535, 'beta_9': 7.873125403510516e-05, 'beta_10': 2.2638042215359957e-07}. Best is trial 292 with value: 2590.2802901772475.
[I 2026-03-31 11:31:38,091] Trial 320 finished with value: 3308.539808279361 and parameters: {'alpha_0': 0.000829600766368616, 'alpha_1': 0.00011866715199257373, 'alpha_2': 0.00023853958851643685, 'beta_0': 0.21895148481295326, 'beta_1': 0.8575767611530171, 'beta_2': 0.33972746324521486, 'beta_3': 0.0012217683881999934, 'beta_4': 3.2974472032261546e-06, 'beta_5': 0.7957996517561934, 'beta_6': 2.5192762916572556e-05, 'beta_7': 0.023333857890385057, 'beta_8': 0.02955709518459364, 'beta_9': 8.879266212563473e-05, 'beta_10': 1.7704179848321727e-07}. Best is trial 292 with value: 2590.2802901772475.
[I 2026-03-31 11:31:39,549] Trial 321 finished with value: 3481.0307508929886 and parameters: {'alpha_0': 0.0005773248459978098, 'alpha_1': 7.468624117977461e-05, 'alpha_2': 0.00024155622329552246, 'beta_0': 0.22484798482149657, 'beta_1': 0.8005946260157338, 'beta_2': 0.37744845042389, 'beta_3': 0.0013660097730279765, 'beta_4': 3.790121930756216e-06, 'beta_5': 0.8293377763660834, 'beta_6': 2.3675810525628334e-05, 'beta_7': 0.025330571302980723, 'beta_8': 0.02998696931824884, 'beta_9': 7.664268132839818e-05, 'beta_10': 1.4023405604451145e-07}. Best is trial 292 with value: 2590.2802901772475.
[I 2026-03-31 11:31:41,066] Trial 322 finished with value: 3050.8395600700187 and parameters: {'alpha_0': 0.0006659621161468029, 'alpha_1': 8.745504041857949e-05, 'alpha_2': 0.00024666186913678464, 'beta_0': 0.21521458629877982, 'beta_1': 0.8379851623154, 'beta_2': 0.3547628923078305, 'beta_3': 0.0013278509311887093, 'beta_4': 1.1140804753060175e-07, 'beta_5': 0.8414182881490192, 'beta_6': 2.6873264758330255e-05, 'beta_7': 0.02323568426160756, 'beta_8': 0.029069980816277194, 'beta_9': 8.106435810730417e-05, 'beta_10': 2.0504707578105078e-07}. Best is trial 292 with value: 2590.2802901772475.Best trial: 292. Best value: 2590.28:  64%|██████▍   | 322/500 [13:42<04:39,  1.57s/it]Best trial: 292. Best value: 2590.28:  64%|██████▍   | 322/500 [13:42<04:39,  1.57s/it]Best trial: 292. Best value: 2590.28:  65%|██████▍   | 323/500 [13:42<04:34,  1.55s/it]                                                                                       Best trial: 292. Best value: 2590.28:  65%|██████▍   | 323/500 [13:44<04:34,  1.55s/it]Best trial: 292. Best value: 2590.28:  65%|██████▍   | 323/500 [13:44<04:34,  1.55s/it]Best trial: 292. Best value: 2590.28:  65%|██████▍   | 324/500 [13:44<04:34,  1.56s/it]                                                                                       Best trial: 292. Best value: 2590.28:  65%|██████▍   | 324/500 [13:45<04:34,  1.56s/it]Best trial: 292. Best value: 2590.28:  65%|██████▍   | 324/500 [13:45<04:34,  1.56s/it]Best trial: 292. Best value: 2590.28:  65%|██████▌   | 325/500 [13:45<04:23,  1.50s/it]                                                                                       Best trial: 292. Best value: 2590.28:  65%|██████▌   | 325/500 [13:46<04:23,  1.50s/it]Best trial: 292. Best value: 2590.28:  65%|██████▌   | 325/500 [13:46<04:23,  1.50s/it]Best trial: 292. Best value: 2590.28:  65%|██████▌   | 326/500 [13:46<04:15,  1.47s/it]                                                                                       Best trial: 292. Best value: 2590.28:  65%|██████▌   | 326/500 [13:48<04:15,  1.47s/it]Best trial: 292. Best value: 2590.28:  65%|██████▌   | 326/500 [13:48<04:15,  1.47s/it]Best trial: 292. Best value: 2590.28:  65%|██████▌   | 327/500 [13:48<04:08,  1.44s/it]                                                                                       Best trial: 292. Best value: 2590.28:  65%|██████▌   | 327/500 [13:49<04:08,  1.44s/it]Best trial: 292. Best value: 2590.28:  65%|██████▌   | 327/500 [13:49<04:08,  1.44s/it]Best trial: 292. Best value: 2590.28:  66%|██████▌   | 328/500 [13:49<04:03,  1.42s/it]                                                                                       Best trial: 292. Best value: 2590.28:  66%|██████▌   | 328/500 [13:51<04:03,  1.42s/it]Best trial: 328. Best value: 2590.24:  66%|██████▌   | 328/500 [13:51<04:03,  1.42s/it]Best trial: 328. Best value: 2590.24:  66%|██████▌   | 329/500 [13:51<03:59,  1.40s/it]                                                                                       Best trial: 328. Best value: 2590.24:  66%|██████▌   | 329/500 [13:52<03:59,  1.40s/it]Best trial: 328. Best value: 2590.24:  66%|██████▌   | 329/500 [13:52<03:59,  1.40s/it]Best trial: 328. Best value: 2590.24:  66%|██████▌   | 330/500 [13:52<03:56,  1.39s/it]                                                                                       Best trial: 328. Best value: 2590.24:  66%|██████▌   | 330/500 [13:53<03:56,  1.39s/it]Best trial: 328. Best value: 2590.24:  66%|██████▌   | 330/500 [13:53<03:56,  1.39s/it]Best trial: 328. Best value: 2590.24:  66%|██████▌   | 331/500 [13:53<03:55,  1.39s/it]                                                                                       Best trial: 328. Best value: 2590.24:  66%|██████▌   | 331/500 [13:55<03:55,  1.39s/it]Best trial: 328. Best value: 2590.24:  66%|██████▌   | 331/500 [13:55<03:55,  1.39s/it]Best trial: 328. Best value: 2590.24:  66%|██████▋   | 332/500 [13:55<04:02,  1.44s/it]                                                                                       Best trial: 328. Best value: 2590.24:  66%|██████▋   | 332/500 [14:04<04:02,  1.44s/it]Best trial: 328. Best value: 2590.24:  66%|██████▋   | 332/500 [14:04<04:02,  1.44s/it]Best trial: 328. Best value: 2590.24:  67%|██████▋   | 333/500 [14:04<10:36,  3.81s/it]                                                                                       Best trial: 328. Best value: 2590.24:  67%|██████▋   | 333/500 [14:06<10:36,  3.81s/it]Best trial: 328. Best value: 2590.24:  67%|██████▋   | 333/500 [14:06<10:36,  3.81s/it]Best trial: 328. Best value: 2590.24:  67%|██████▋   | 334/500 [14:06<08:33,  3.09s/it]                                                                                       Best trial: 328. Best value: 2590.24:  67%|██████▋   | 334/500 [14:07<08:33,  3.09s/it]Best trial: 328. Best value: 2590.24:  67%|██████▋   | 334/500 [14:07<08:33,  3.09s/it]Best trial: 328. Best value: 2590.24:  67%|██████▋   | 335/500 [14:07<07:04,  2.57s/it]                                                                                       Best trial: 328. Best value: 2590.24:  67%|██████▋   | 335/500 [14:08<07:04,  2.57s/it]Best trial: 328. Best value: 2590.24:  67%|██████▋   | 335/500 [14:08<07:04,  2.57s/it]Best trial: 328. Best value: 2590.24:  67%|██████▋   | 336/500 [14:08<06:03,  2.21s/it]                                                                                       
[I 2026-03-31 11:31:42,644] Trial 323 finished with value: 3010.84194063099 and parameters: {'alpha_0': 0.0005078039258732, 'alpha_1': 7.960469433528377e-05, 'alpha_2': 0.00023714349445754746, 'beta_0': 0.23051949641197775, 'beta_1': 0.8238496867924042, 'beta_2': 0.29861909675266946, 'beta_3': 0.0014751182287387381, 'beta_4': 2.194024247569258e-07, 'beta_5': 0.8125982159175522, 'beta_6': 2.597699727691902e-05, 'beta_7': 0.027781473482882457, 'beta_8': 0.02871788090900173, 'beta_9': 8.441194245725986e-05, 'beta_10': 1.019454322277235e-07}. Best is trial 292 with value: 2590.2802901772475.
[I 2026-03-31 11:31:44,014] Trial 324 finished with value: 2655.3081324387836 and parameters: {'alpha_0': 0.000760231142937737, 'alpha_1': 7.299097775360339e-05, 'alpha_2': 0.0002497674315992369, 'beta_0': 0.22239716006742744, 'beta_1': 0.8601867811914015, 'beta_2': 0.32965421477925233, 'beta_3': 0.0014094687795693649, 'beta_4': 3.844256213982382e-07, 'beta_5': 0.8406680788170809, 'beta_6': 2.280792232474463e-05, 'beta_7': 0.025469569354578253, 'beta_8': 0.029482855473754666, 'beta_9': 7.913259721002987e-05, 'beta_10': 1.773635490978738e-07}. Best is trial 292 with value: 2590.2802901772475.
[I 2026-03-31 11:31:45,401] Trial 325 finished with value: 2639.534987446994 and parameters: {'alpha_0': 0.0008266907852023984, 'alpha_1': 7.459868646968511e-05, 'alpha_2': 0.00024592480817512547, 'beta_0': 0.22207756104829687, 'beta_1': 0.8587545187449753, 'beta_2': 0.3265352198218815, 'beta_3': 0.0013827234337776301, 'beta_4': 4.026724881208858e-07, 'beta_5': 0.7929681487093285, 'beta_6': 2.471978623477833e-05, 'beta_7': 0.021567444360515577, 'beta_8': 0.029580368250991144, 'beta_9': 7.889172248990836e-05, 'beta_10': 1.6471630183179052e-07}. Best is trial 292 with value: 2590.2802901772475.
[I 2026-03-31 11:31:46,772] Trial 326 finished with value: 2686.9718180644422 and parameters: {'alpha_0': 0.0008240469658273782, 'alpha_1': 7.239611867313744e-05, 'alpha_2': 0.0002466134162191923, 'beta_0': 0.22716935335265515, 'beta_1': 0.8633393073528889, 'beta_2': 0.31049322945812385, 'beta_3': 0.001250138628522445, 'beta_4': 3.1922217377081043e-07, 'beta_5': 0.781334835941365, 'beta_6': 2.2888998070402436e-05, 'beta_7': 0.022762550112275477, 'beta_8': 0.029516246240808473, 'beta_9': 7.620953011288285e-05, 'beta_10': 1.2929257827846618e-07}. Best is trial 292 with value: 2590.2802901772475.
[I 2026-03-31 11:31:48,135] Trial 327 finished with value: 2649.3645505102295 and parameters: {'alpha_0': 0.0007558009622214625, 'alpha_1': 8.34620869004525e-05, 'alpha_2': 0.0002496571067313428, 'beta_0': 0.2228325695503449, 'beta_1': 0.856334182104705, 'beta_2': 0.31979454335484064, 'beta_3': 0.0011811022587521318, 'beta_4': 4.253465108143946e-07, 'beta_5': 0.7940590508440294, 'beta_6': 2.1232691804774795e-05, 'beta_7': 0.020940158885398626, 'beta_8': 0.029977577394445964, 'beta_9': 8.24048420767088e-05, 'beta_10': 1.5346534466940416e-07}. Best is trial 292 with value: 2590.2802901772475.
