[I 2026-03-31 11:21:08,115] Trial 34 finished with value: 4333.439360428369 and parameters: {'alpha_0': 0.0017418725615124192, 'alpha_1': 0.00029869166197273175, 'alpha_2': 0.00018496546311376496, 'beta_0': 0.24432866023755506, 'beta_1': 1.3638288455617342, 'beta_2': 1.012572050896127, 'beta_3': 0.0015775616547416811, 'beta_4': 2.8170667279711248e-06, 'beta_5': 0.6458195615037176, 'beta_6': 2.4766306991650714e-05, 'beta_7': 0.09595006406189277, 'beta_8': 0.028118499769186338, 'beta_9': 8.079823040606538e-05, 'beta_10': 1.1779811023983692e-07}. Best is trial 15 with value: 3649.4358810361455.
[I 2026-03-31 11:21:10,303] Trial 35 finished with value: 8737.918550620081 and parameters: {'alpha_0': 0.0021075327033685714, 'alpha_1': 0.00026679257141546677, 'alpha_2': 0.00015380567407001936, 'beta_0': 0.20851014365842718, 'beta_1': 1.7376512105057742, 'beta_2': 0.7344647668173371, 'beta_3': 0.00174062439727535, 'beta_4': 1.9885611106379273e-06, 'beta_5': 0.5996310205962672, 'beta_6': 3.354185228758296e-05, 'beta_7': 0.058951286647843784, 'beta_8': 0.023589965531455502, 'beta_9': 9.206039224717461e-05, 'beta_10': 4.294780178935144e-07}. Best is trial 15 with value: 3649.4358810361455.
[I 2026-03-31 11:21:11,842] Trial 36 finished with value: 3889.940536058565 and parameters: {'alpha_0': 0.0013124387690248592, 'alpha_1': 0.00028003376030624885, 'alpha_2': 0.00013204888047602722, 'beta_0': 0.21594928646254866, 'beta_1': 1.9594417068370253, 'beta_2': 0.8485125686585654, 'beta_3': 0.0011769274100284983, 'beta_4': 1.2991187953315703e-06, 'beta_5': 0.5033954254105013, 'beta_6': 3.169848499346813e-05, 'beta_7': 0.0694595936069876, 'beta_8': 0.028178443654128367, 'beta_9': 7.0814906314944e-05, 'beta_10': 1.9578671848384654e-07}. Best is trial 15 with value: 3649.4358810361455.
[I 2026-03-31 11:21:13,322] Trial 37 finished with value: 11782.078541917756 and parameters: {'alpha_0': 0.0005747702198918689, 'alpha_1': 0.00028565261934357253, 'alpha_2': 8.545631838148151e-05, 'beta_0': 0.21579292184388663, 'beta_1': 1.9864185362708024, 'beta_2': 0.9813786289790702, 'beta_3': 0.0014816446885778502, 'beta_4': 1.4434408694548505e-06, 'beta_5': 0.5020564759517663, 'beta_6': 3.066130511992868e-05, 'beta_7': 0.0686143326700718, 'beta_8': 0.025471377816410977, 'beta_9': 5.377733769984153e-05, 'beta_10': 2.143314141122659e-07}. Best is trial 15 with value: 3649.4358810361455.
[I 2026-03-31 11:21:14,866] Trial 38 finished with value: 4949.780673513262 and parameters: {'alpha_0': 0.0013210010927364418, 'alpha_1': 0.00025736098669105074, 'alpha_2': 0.00012908363296891312, 'beta_0': 0.24398168153658897, 'beta_1': 1.9241683397530742, 'beta_2': 0.6141909838090737, 'beta_3': 0.0009444959684928135, 'beta_4': 9.103367242582158e-07, 'beta_5': 0.5146802307091576, 'beta_6': 2.566259675945506e-05, 'beta_7': 0.10623482556500236, 'beta_8': 0.028418845720792413, 'beta_9': 6.828639281353478e-05, 'beta_10': 1.7909707475951471e-06}. Best is trial 15 with value: 3649.4358810361455.
[I 2026-03-31 11:21:16,265] Trial 39 finished with value: 9098.873564437086 and parameters: {'alpha_0': 0.0009905935437076574, 'alpha_1': 0.00029774311963252296, 'alpha_2': 0.00011242575447086426, 'beta_0': 0.21304723409681958, 'beta_1': 1.8404001984164378, 'beta_2': 0.8776985873114632, 'beta_3': 0.0014000623265338276, 'beta_4': 1.4261108323541268e-07, 'beta_5': 0.45495610458128827, 'beta_6': 2.7175974983947056e-05, 'beta_7': 0.09137464813453515, 'beta_8': 0.026647094987078988, 'beta_9': 8.224073804474205e-05, 'beta_10': 1.1242422483632896e-06}. Best is trial 15 with value: 3649.4358810361455.
[I 2026-03-31 11:21:25,562] Trial 40 finished with value: 8740.826940512605 and parameters: {'alpha_0': 0.0007893467301054611, 'alpha_1': 0.00028302573262399615, 'alpha_2': 7.44933380407167e-05, 'beta_0': 0.1646799959768547, 'beta_1': 1.7594849775474555, 'beta_2': 0.4539824077225192, 'beta_3': 0.001782972971866809, 'beta_4': 5.713475028620809e-07, 'beta_5': 0.42413571212535606, 'beta_6': 3.5108398916549245e-05, 'beta_7': 0.08313514852220799, 'beta_8': 0.019252215339870277, 'beta_9': 7.694571640693744e-05, 'beta_10': 2.0441814268835452e-07}. Best is trial 15 with value: 3649.4358810361455.
[I 2026-03-31 11:21:27,099] Trial 41 finished with value: 4272.8033953966615 and parameters: {'alpha_0': 0.0013789340001866563, 'alpha_1': 0.000270478381245957, 'alpha_2': 0.00016459093296319405, 'beta_0': 0.19155244968723575, 'beta_1': 1.669717749803403, 'beta_2': 0.8327612632239864, 'beta_3': 0.0011503353078335685, 'beta_4': 3.367269251530358e-06, 'beta_5': 0.6553784269038992, 'beta_6': 3.210562907813047e-05, 'beta_7': 0.07133398333594462, 'beta_8': 0.028247840472198426, 'beta_9': 7.208593711632788e-05, 'beta_10': 1.0090295798119368e-07}. Best is trial 15 with value: 3649.4358810361455.
[I 2026-03-31 11:21:28,669] Trial 42 finished with value: 5347.817574165745 and parameters: {'alpha_0': 0.0017498202636559638, 'alpha_1': 0.0002605600923781095, 'alpha_2': 0.00019170998064911804, 'beta_0': 0.23746641240297017, 'beta_1': 1.8279737081314984, 'beta_2': 0.8289638390644937, 'beta_3': 0.0012327431864766062, 'beta_4': 1.2830648210778455e-06, 'beta_5': 0.5446286420802494, 'beta_6': 3.323406957385319e-05, 'beta_7': 0.0444228286439716, 'beta_8': 0.02774651830898207, 'beta_9': 9.008974449230374e-05, 'beta_10': 3.904551836433629e-07}. Best is trial 15 with value: 3649.4358810361455.Best trial: 15. Best value: 3649.44:   8%|▊         | 42/500 [03:30<24:47,  3.25s/it]Best trial: 15. Best value: 3649.44:   8%|▊         | 42/500 [03:30<24:47,  3.25s/it]Best trial: 15. Best value: 3649.44:   9%|▊         | 43/500 [03:30<20:53,  2.74s/it]                                                                                     Best trial: 15. Best value: 3649.44:   9%|▊         | 43/500 [03:31<20:53,  2.74s/it]Best trial: 15. Best value: 3649.44:   9%|▊         | 43/500 [03:31<20:53,  2.74s/it]Best trial: 15. Best value: 3649.44:   9%|▉         | 44/500 [03:31<17:56,  2.36s/it]                                                                                     Best trial: 15. Best value: 3649.44:   9%|▉         | 44/500 [03:33<17:56,  2.36s/it]Best trial: 15. Best value: 3649.44:   9%|▉         | 44/500 [03:33<17:56,  2.36s/it]Best trial: 15. Best value: 3649.44:   9%|▉         | 45/500 [03:33<16:10,  2.13s/it]                                                                                     Best trial: 15. Best value: 3649.44:   9%|▉         | 45/500 [03:34<16:10,  2.13s/it]Best trial: 45. Best value: 3184.33:   9%|▉         | 45/500 [03:34<16:10,  2.13s/it]Best trial: 45. Best value: 3184.33:   9%|▉         | 46/500 [03:34<14:06,  1.86s/it]                                                                                     Best trial: 45. Best value: 3184.33:   9%|▉         | 46/500 [03:35<14:06,  1.86s/it]Best trial: 45. Best value: 3184.33:   9%|▉         | 46/500 [03:35<14:06,  1.86s/it]Best trial: 45. Best value: 3184.33:   9%|▉         | 47/500 [03:35<12:41,  1.68s/it]                                                                                     Best trial: 45. Best value: 3184.33:   9%|▉         | 47/500 [04:06<12:41,  1.68s/it]Best trial: 45. Best value: 3184.33:   9%|▉         | 47/500 [04:06<12:41,  1.68s/it]Best trial: 45. Best value: 3184.33:  10%|▉         | 48/500 [04:06<1:18:27, 10.41s/it]                                                                                       Best trial: 45. Best value: 3184.33:  10%|▉         | 48/500 [04:07<1:18:27, 10.41s/it]Best trial: 45. Best value: 3184.33:  10%|▉         | 48/500 [04:07<1:18:27, 10.41s/it]Best trial: 45. Best value: 3184.33:  10%|▉         | 49/500 [04:07<57:36,  7.66s/it]                                                                                       Best trial: 45. Best value: 3184.33:  10%|▉         | 49/500 [04:09<57:36,  7.66s/it]Best trial: 45. Best value: 3184.33:  10%|▉         | 49/500 [04:09<57:36,  7.66s/it]Best trial: 45. Best value: 3184.33:  10%|█         | 50/500 [04:09<43:00,  5.73s/it]                                                                                     Best trial: 45. Best value: 3184.33:  10%|█         | 50/500 [04:10<43:00,  5.73s/it]Best trial: 45. Best value: 3184.33:  10%|█         | 50/500 [04:10<43:00,  5.73s/it]Best trial: 45. Best value: 3184.33:  10%|█         | 51/500 [04:10<33:01,  4.41s/it]                                                                                     Best trial: 45. Best value: 3184.33:  10%|█         | 51/500 [04:11<33:01,  4.41s/it]Best trial: 45. Best value: 3184.33:  10%|█         | 51/500 [04:11<33:01,  4.41s/it]Best trial: 45. Best value: 3184.33:  10%|█         | 52/500 [04:11<25:54,  3.47s/it]                                                                                     Best trial: 45. Best value: 3184.33:  10%|█         | 52/500 [04:12<25:54,  3.47s/it]Best trial: 45. Best value: 3184.33:  10%|█         | 52/500 [04:12<25:54,  3.47s/it]Best trial: 45. Best value: 3184.33:  11%|█         | 53/500 [04:12<20:58,  2.82s/it]                                                                                     Best trial: 45. Best value: 3184.33:  11%|█         | 53/500 [04:14<20:58,  2.82s/it]Best trial: 45. Best value: 3184.33:  11%|█         | 53/500 [04:14<20:58,  2.82s/it]Best trial: 45. Best value: 3184.33:  11%|█         | 54/500 [04:14<17:53,  2.41s/it]                                                                                     Best trial: 45. Best value: 3184.33:  11%|█         | 54/500 [04:15<17:53,  2.41s/it]Best trial: 45. Best value: 3184.33:  11%|█         | 54/500 [04:15<17:53,  2.41s/it]Best trial: 45. Best value: 3184.33:  11%|█         | 55/500 [04:15<15:39,  2.11s/it]                                                                                     Best trial: 45. Best value: 3184.33:  11%|█         | 55/500 [04:17<15:39,  2.11s/it]Best trial: 45. Best value: 3184.33:  11%|█         | 55/500 [04:17<15:39,  2.11s/it]Best trial: 45. Best value: 3184.33:  11%|█         | 56/500 [04:17<14:02,  1.90s/it]                                                                                     
[I 2026-03-31 11:21:30,139] Trial 43 finished with value: 4141.67192018286 and parameters: {'alpha_0': 0.0011526166520094672, 'alpha_1': 0.0002785497636173415, 'alpha_2': 0.00014187969512836047, 'beta_0': 0.17251882929570372, 'beta_1': 1.2981272138919018, 'beta_2': 0.7362797927306779, 'beta_3': 0.001587489593038517, 'beta_4': 2.590049823794269e-06, 'beta_5': 0.8669822965569979, 'beta_6': 2.3700525907649975e-05, 'beta_7': 0.11969624694901179, 'beta_8': 0.028751368900106884, 'beta_9': 6.744978623819378e-05, 'beta_10': 5.035287619064626e-07}. Best is trial 15 with value: 3649.4358810361455.
[I 2026-03-31 11:21:31,735] Trial 44 finished with value: 11701.821050044324 and parameters: {'alpha_0': 0.0020772198655596794, 'alpha_1': 0.000247009978218927, 'alpha_2': 0.00016452426695639624, 'beta_0': 0.22123170127919398, 'beta_1': 1.5334423686999397, 'beta_2': 0.979344123282532, 'beta_3': 0.0018863225809343034, 'beta_4': 1.9994510522008353e-06, 'beta_5': 0.6145729632891551, 'beta_6': 2.751391138123773e-05, 'beta_7': 0.03704614390538196, 'beta_8': 0.024734127189060484, 'beta_9': 8.192315869976879e-05, 'beta_10': 2.357998792972998e-07}. Best is trial 15 with value: 3649.4358810361455.
[I 2026-03-31 11:21:32,974] Trial 45 finished with value: 3184.328144803887 and parameters: {'alpha_0': 0.0015584120423027326, 'alpha_1': 0.0002338634655259179, 'alpha_2': 0.00012794711474373098, 'beta_0': 0.14543065162343774, 'beta_1': 1.6912656839103104, 'beta_2': 0.6554330616450974, 'beta_3': 0.002496981183219317, 'beta_4': 1.5388981757697004e-06, 'beta_5': 0.7253489980426154, 'beta_6': 3.0457367476522647e-05, 'beta_7': 0.06420800808614564, 'beta_8': 0.02985578069422378, 'beta_9': 7.407346541427326e-05, 'beta_10': 3.111543592184158e-07}. Best is trial 45 with value: 3184.328144803887.
[I 2026-03-31 11:21:34,230] Trial 46 finished with value: 3370.9127523949646 and parameters: {'alpha_0': 0.0005816339672493427, 'alpha_1': 0.00023555787733134154, 'alpha_2': 0.0001064481534618167, 'beta_0': 0.1406142418721915, 'beta_1': 1.9085822171953235, 'beta_2': 0.6574626134288758, 'beta_3': 0.0024229359834327434, 'beta_4': 1.5348289195970948e-06, 'beta_5': 0.5700923293248784, 'beta_6': 2.9738528963153477e-05, 'beta_7': 0.06348258092112197, 'beta_8': 0.029835578277231455, 'beta_9': 9.769678740465924e-05, 'beta_10': 5.585788712704148e-07}. Best is trial 45 with value: 3184.328144803887.
[I 2026-03-31 11:22:05,020] Trial 47 finished with value: 7257.053884161689 and parameters: {'alpha_0': 0.0006168174392202359, 'alpha_1': 0.00023164364203142004, 'alpha_2': 0.00010503648028522915, 'beta_0': 0.15083833350390516, 'beta_1': 1.8936769169076282, 'beta_2': 0.6521331562299092, 'beta_3': 0.002474279277598075, 'beta_4': 1.6216424124933272e-06, 'beta_5': 0.7459552431448235, 'beta_6': 3.0110652948629143e-05, 'beta_7': 0.06292302321594498, 'beta_8': 0.005089138932870154, 'beta_9': 9.730179318060196e-05, 'beta_10': 5.609982987361429e-07}. Best is trial 45 with value: 3184.328144803887.
[I 2026-03-31 11:22:06,266] Trial 48 finished with value: 3531.188980400755 and parameters: {'alpha_0': 0.00080454988281683, 'alpha_1': 0.00021659493376574717, 'alpha_2': 6.305584731060331e-05, 'beta_0': 0.145025737744939, 'beta_1': 1.6627742573080901, 'beta_2': 0.5761515466521292, 'beta_3': 0.0024885244994410963, 'beta_4': 1.0083880619804078e-06, 'beta_5': 0.5737637049401728, 'beta_6': 1.0003596710830806e-05, 'beta_7': 0.0759091058208135, 'beta_8': 0.029659554001310838, 'beta_9': 9.99067375354401e-05, 'beta_10': 7.852438767046541e-07}. Best is trial 45 with value: 3184.328144803887.
[I 2026-03-31 11:22:07,495] Trial 49 finished with value: 3441.2324010821503 and parameters: {'alpha_0': 0.0005123438493241262, 'alpha_1': 0.00020911264360606348, 'alpha_2': 5.399752381451147e-05, 'beta_0': 0.14230866755080346, 'beta_1': 1.7078434973572008, 'beta_2': 0.5752435800179643, 'beta_3': 0.0024712500759547108, 'beta_4': 8.732175395680939e-07, 'beta_5': 0.573161027097461, 'beta_6': 1.0131668643861149e-05, 'beta_7': 0.09130130591267084, 'beta_8': 0.02970532103446766, 'beta_9': 0.00010185319521257964, 'beta_10': 8.453471266550857e-07}. Best is trial 45 with value: 3184.328144803887.
[I 2026-03-31 11:22:08,827] Trial 50 finished with value: 3794.939967277401 and parameters: {'alpha_0': 0.0007428489663561817, 'alpha_1': 0.00021473608371688142, 'alpha_2': 6.565938975209624e-05, 'beta_0': 0.1441590203076593, 'beta_1': 1.6863161372623805, 'beta_2': 0.5642922787355845, 'beta_3': 0.0024274741249821472, 'beta_4': 7.541853569190898e-07, 'beta_5': 0.5691264329631018, 'beta_6': 1.0390460416392302e-05, 'beta_7': 0.09085553036288516, 'beta_8': 0.02916699445055782, 'beta_9': 0.00010021911847120436, 'beta_10': 8.271029249151222e-07}. Best is trial 45 with value: 3184.328144803887.
[I 2026-03-31 11:22:10,099] Trial 51 finished with value: 3294.2417865889947 and parameters: {'alpha_0': 0.0005747851153920002, 'alpha_1': 0.00019615741835811193, 'alpha_2': 6.476098851442614e-05, 'beta_0': 0.1301166070171511, 'beta_1': 1.813323703786879, 'beta_2': 0.48178652478685063, 'beta_3': 0.0024998867381753114, 'beta_4': 5.270915110704263e-07, 'beta_5': 0.5337531504213542, 'beta_6': 1.1163201918004516e-05, 'beta_7': 0.07656390465129313, 'beta_8': 0.02973649885149015, 'beta_9': 0.00010442563553079558, 'beta_10': 7.229256784988842e-07}. Best is trial 45 with value: 3184.328144803887.
[I 2026-03-31 11:22:11,388] Trial 52 finished with value: 3679.8937974769133 and parameters: {'alpha_0': 0.0006112452696747904, 'alpha_1': 0.00018835267680059758, 'alpha_2': 5.57920699767379e-05, 'beta_0': 0.13097429432825036, 'beta_1': 1.8188305531114284, 'beta_2': 0.48926779828317357, 'beta_3': 0.0022973698004781617, 'beta_4': 1.0806603723434265e-06, 'beta_5': 0.4811669038731822, 'beta_6': 1.1276785256267486e-05, 'beta_7': 0.07841199392544193, 'beta_8': 0.02991464872600926, 'beta_9': 0.0001046994952682767, 'beta_10': 9.856351262602577e-07}. Best is trial 45 with value: 3184.328144803887.
[I 2026-03-31 11:22:12,838] Trial 53 finished with value: 3955.0668331044226 and parameters: {'alpha_0': 0.0005110123526400761, 'alpha_1': 0.00019637515568124208, 'alpha_2': 8.862968430123816e-05, 'beta_0': 0.11721171319112345, 'beta_1': 1.7176628019400373, 'beta_2': 0.4232309865846237, 'beta_3': 0.0024978231465919093, 'beta_4': 5.359898390085484e-07, 'beta_5': 0.5353812163770919, 'beta_6': 1.5293661672050915e-05, 'beta_7': 0.10317578552696002, 'beta_8': 0.026946654856531842, 'beta_9': 1.6648242462248176e-05, 'beta_10': 7.125315205195776e-07}. Best is trial 45 with value: 3184.328144803887.
[I 2026-03-31 11:22:14,260] Trial 54 finished with value: 3516.999534300498 and parameters: {'alpha_0': 0.0008094686157893772, 'alpha_1': 0.000208749468192937, 'alpha_2': 6.107790335831174e-05, 'beta_0': 0.14177804686984372, 'beta_1': 1.7945676017151835, 'beta_2': 0.6710202093704694, 'beta_3': 0.002158278565647992, 'beta_4': 2.609570325249666e-07, 'beta_5': 0.5718155405058015, 'beta_6': 1.3402981664034342e-05, 'beta_7': 0.07464423754488762, 'beta_8': 0.029093561919054954, 'beta_9': 9.56751236474264e-05, 'beta_10': 8.498593803527635e-07}. Best is trial 45 with value: 3184.328144803887.
[I 2026-03-31 11:22:15,663] Trial 55 finished with value: 3780.6883145545494 and parameters: {'alpha_0': 0.0008055706076645667, 'alpha_1': 0.00017711429746377987, 'alpha_2': 4.089208865162e-05, 'beta_0': 0.10988733088580982, 'beta_1': 1.7840947846745396, 'beta_2': 0.6698545453905768, 'beta_3': 0.0022324614176233086, 'beta_4': 2.8611103825066724e-07, 'beta_5': 0.4241008070892602, 'beta_6': 1.3655885482235714e-05, 'beta_7': 0.0739040594346915, 'beta_8': 0.028956031316048327, 'beta_9': 0.00010293577929929202, 'beta_10': 1.1418036641400992e-06}. Best is trial 45 with value: 3184.328144803887.
