[I 2026-03-31 11:28:54,131] Trial 244 finished with value: 2792.7781031991544 and parameters: {'alpha_0': 0.0010297455564547318, 'alpha_1': 7.021047014007555e-05, 'alpha_2': 0.00022858311425823943, 'beta_0': 0.20926886034441994, 'beta_1': 0.8844405650218011, 'beta_2': 0.4258010865338996, 'beta_3': 0.0017495418004081192, 'beta_4': 5.005802418149217e-07, 'beta_5': 0.8669790355645038, 'beta_6': 1.1240521558376529e-05, 'beta_7': 0.03100807357709442, 'beta_8': 0.029013111116709827, 'beta_9': 6.836267680707145e-05, 'beta_10': 1.8962165719582102e-07}. Best is trial 212 with value: 2598.3148183348794.
[I 2026-03-31 11:29:03,478] Trial 245 finished with value: 6841.879093572105 and parameters: {'alpha_0': 0.0007895948247488187, 'alpha_1': 7.117235711919774e-05, 'alpha_2': 0.00022834346483612984, 'beta_0': 0.21029313085217446, 'beta_1': 0.8899933384556277, 'beta_2': 0.43349130734307406, 'beta_3': 0.0017458898857210443, 'beta_4': 5.101404686998651e-07, 'beta_5': 0.8845525877871246, 'beta_6': 1.0527066785565023e-05, 'beta_7': 0.03130307457990476, 'beta_8': 0.015293136332088828, 'beta_9': 6.869072898607494e-05, 'beta_10': 1.8490279571743566e-07}. Best is trial 212 with value: 2598.3148183348794.
[I 2026-03-31 11:29:04,866] Trial 246 finished with value: 3664.0308670768545 and parameters: {'alpha_0': 0.0010704423703394423, 'alpha_1': 7.270705938240441e-05, 'alpha_2': 0.00023363950640268203, 'beta_0': 0.20599007573431136, 'beta_1': 0.8228272615588804, 'beta_2': 0.3915904577007542, 'beta_3': 0.0016765853117301503, 'beta_4': 4.68126259063962e-06, 'beta_5': 0.8659350783872924, 'beta_6': 1.234004169404251e-05, 'beta_7': 0.028129787694676674, 'beta_8': 0.029482433606045716, 'beta_9': 7.781823914524974e-05, 'beta_10': 1.0268332464514373e-07}. Best is trial 212 with value: 2598.3148183348794.
[I 2026-03-31 11:29:06,358] Trial 247 finished with value: 2971.93706535834 and parameters: {'alpha_0': 0.0009707511419273882, 'alpha_1': 6.0882004156268595e-05, 'alpha_2': 0.0002442750540756217, 'beta_0': 0.19577642015448596, 'beta_1': 0.9462844320814909, 'beta_2': 0.4833960750563078, 'beta_3': 0.0015788807700029823, 'beta_4': 4.80266436467537e-07, 'beta_5': 0.8828667999224791, 'beta_6': 1.1276942582537098e-05, 'beta_7': 0.029788738917226918, 'beta_8': 0.02876946629125065, 'beta_9': 6.608747195506598e-05, 'beta_10': 2.2979203551912144e-07}. Best is trial 212 with value: 2598.3148183348794.
[I 2026-03-31 11:29:07,727] Trial 248 finished with value: 2807.973332674081 and parameters: {'alpha_0': 0.0011900685113280813, 'alpha_1': 6.565961678878758e-05, 'alpha_2': 0.0002265971345229351, 'beta_0': 0.21185473121962925, 'beta_1': 0.901298450479315, 'beta_2': 0.4334479157519125, 'beta_3': 0.001529691036418434, 'beta_4': 7.101122431314515e-07, 'beta_5': 0.8725411944745507, 'beta_6': 1.22669299864045e-05, 'beta_7': 0.03159784988107606, 'beta_8': 0.0293721303943966, 'beta_9': 7.00474528981219e-05, 'beta_10': 3.024781546231094e-07}. Best is trial 212 with value: 2598.3148183348794.
[I 2026-03-31 11:29:09,074] Trial 249 finished with value: 2831.6727353402684 and parameters: {'alpha_0': 0.0010508206540872217, 'alpha_1': 5.990467609696376e-05, 'alpha_2': 0.00022307232218147762, 'beta_0': 0.2044245251267384, 'beta_1': 0.878257583900649, 'beta_2': 0.4575218276808641, 'beta_3': 0.0016691221581494916, 'beta_4': 8.688811340076718e-07, 'beta_5': 0.8983493781159807, 'beta_6': 1.0664821658592654e-05, 'beta_7': 0.027238916979330764, 'beta_8': 0.028907661151441763, 'beta_9': 6.768652734988781e-05, 'beta_10': 2.0214770552331438e-07}. Best is trial 212 with value: 2598.3148183348794.
[I 2026-03-31 11:29:10,508] Trial 250 finished with value: 2773.349533474967 and parameters: {'alpha_0': 0.0009450812963118825, 'alpha_1': 6.964613499161828e-05, 'alpha_2': 0.00023021188603261947, 'beta_0': 0.19899594958552821, 'beta_1': 0.840189325495086, 'beta_2': 0.42381270879350164, 'beta_3': 0.001751389925867638, 'beta_4': 5.81977237965905e-07, 'beta_5': 0.8998666438292087, 'beta_6': 1.1394603225955465e-05, 'beta_7': 0.030069542941109768, 'beta_8': 0.029425662253435722, 'beta_9': 7.434619501015989e-05, 'beta_10': 1.550103911631253e-07}. Best is trial 212 with value: 2598.3148183348794.
[I 2026-03-31 11:29:11,874] Trial 251 finished with value: 2788.4521800378825 and parameters: {'alpha_0': 0.0009413518204011908, 'alpha_1': 7.326694040255219e-05, 'alpha_2': 0.0002397596487118145, 'beta_0': 0.18292135390247338, 'beta_1': 0.8239999640295508, 'beta_2': 0.3941499546930694, 'beta_3': 0.0017246535280842825, 'beta_4': 5.648039765882869e-07, 'beta_5': 0.8653601800697786, 'beta_6': 1.1313132120569229e-05, 'beta_7': 0.029700582789031458, 'beta_8': 0.029414502216716966, 'beta_9': 7.437742023531522e-05, 'beta_10': 2.635084635591587e-07}. Best is trial 212 with value: 2598.3148183348794.
[I 2026-03-31 11:29:13,324] Trial 252 finished with value: 2850.5012237595633 and parameters: {'alpha_0': 0.0008893867372686242, 'alpha_1': 7.480916326481453e-05, 'alpha_2': 0.0002386350116613686, 'beta_0': 0.1837323682690021, 'beta_1': 0.8154719685423708, 'beta_2': 0.390797077718264, 'beta_3': 0.0017238573927159664, 'beta_4': 4.2083420342602506e-07, 'beta_5': 0.8653688219858883, 'beta_6': 1.0582775381382864e-05, 'beta_7': 0.028799036486995683, 'beta_8': 0.029501605455474582, 'beta_9': 7.462345358012522e-05, 'beta_10': 2.5612904065434123e-07}. Best is trial 212 with value: 2598.3148183348794.Best trial: 212. Best value: 2598.31:  50%|█████     | 252/500 [11:14<07:05,  1.71s/it]Best trial: 212. Best value: 2598.31:  50%|█████     | 252/500 [11:14<07:05,  1.71s/it]Best trial: 212. Best value: 2598.31:  51%|█████     | 253/500 [11:14<06:43,  1.64s/it]                                                                                       Best trial: 212. Best value: 2598.31:  51%|█████     | 253/500 [11:16<06:43,  1.64s/it]Best trial: 212. Best value: 2598.31:  51%|█████     | 253/500 [11:16<06:43,  1.64s/it]Best trial: 212. Best value: 2598.31:  51%|█████     | 254/500 [11:16<06:30,  1.59s/it]                                                                                       Best trial: 212. Best value: 2598.31:  51%|█████     | 254/500 [11:17<06:30,  1.59s/it]Best trial: 212. Best value: 2598.31:  51%|█████     | 254/500 [11:17<06:30,  1.59s/it]Best trial: 212. Best value: 2598.31:  51%|█████     | 255/500 [11:17<06:10,  1.51s/it]                                                                                       Best trial: 212. Best value: 2598.31:  51%|█████     | 255/500 [11:30<06:10,  1.51s/it]Best trial: 212. Best value: 2598.31:  51%|█████     | 255/500 [11:30<06:10,  1.51s/it]Best trial: 212. Best value: 2598.31:  51%|█████     | 256/500 [11:30<19:56,  4.90s/it]                                                                                       Best trial: 212. Best value: 2598.31:  51%|█████     | 256/500 [11:31<19:56,  4.90s/it]Best trial: 212. Best value: 2598.31:  51%|█████     | 256/500 [11:31<19:56,  4.90s/it]Best trial: 212. Best value: 2598.31:  51%|█████▏    | 257/500 [11:31<15:32,  3.84s/it]                                                                                       Best trial: 212. Best value: 2598.31:  51%|█████▏    | 257/500 [11:33<15:32,  3.84s/it]Best trial: 212. Best value: 2598.31:  51%|█████▏    | 257/500 [11:33<15:32,  3.84s/it]Best trial: 212. Best value: 2598.31:  52%|█████▏    | 258/500 [11:33<12:33,  3.11s/it]                                                                                       Best trial: 212. Best value: 2598.31:  52%|█████▏    | 258/500 [11:34<12:33,  3.11s/it]Best trial: 212. Best value: 2598.31:  52%|█████▏    | 258/500 [11:34<12:33,  3.11s/it]Best trial: 212. Best value: 2598.31:  52%|█████▏    | 259/500 [11:34<10:22,  2.58s/it]                                                                                       Best trial: 212. Best value: 2598.31:  52%|█████▏    | 259/500 [11:35<10:22,  2.58s/it]Best trial: 212. Best value: 2598.31:  52%|█████▏    | 259/500 [11:35<10:22,  2.58s/it]Best trial: 212. Best value: 2598.31:  52%|█████▏    | 260/500 [11:35<08:51,  2.21s/it]                                                                                       Best trial: 212. Best value: 2598.31:  52%|█████▏    | 260/500 [11:37<08:51,  2.21s/it]Best trial: 212. Best value: 2598.31:  52%|█████▏    | 260/500 [11:37<08:51,  2.21s/it]Best trial: 212. Best value: 2598.31:  52%|█████▏    | 261/500 [11:37<07:45,  1.95s/it]                                                                                       Best trial: 212. Best value: 2598.31:  52%|█████▏    | 261/500 [11:38<07:45,  1.95s/it]Best trial: 212. Best value: 2598.31:  52%|█████▏    | 261/500 [11:38<07:45,  1.95s/it]Best trial: 212. Best value: 2598.31:  52%|█████▏    | 262/500 [11:38<07:00,  1.77s/it]                                                                                       Best trial: 212. Best value: 2598.31:  52%|█████▏    | 262/500 [11:39<07:00,  1.77s/it]Best trial: 212. Best value: 2598.31:  52%|█████▏    | 262/500 [11:40<07:00,  1.77s/it]Best trial: 212. Best value: 2598.31:  53%|█████▎    | 263/500 [11:40<06:30,  1.65s/it]                                                                                       Best trial: 212. Best value: 2598.31:  53%|█████▎    | 263/500 [11:41<06:30,  1.65s/it]Best trial: 212. Best value: 2598.31:  53%|█████▎    | 263/500 [11:41<06:30,  1.65s/it]Best trial: 212. Best value: 2598.31:  53%|█████▎    | 264/500 [11:41<06:09,  1.57s/it]                                                                                       Best trial: 212. Best value: 2598.31:  53%|█████▎    | 264/500 [11:42<06:09,  1.57s/it]Best trial: 212. Best value: 2598.31:  53%|█████▎    | 264/500 [11:42<06:09,  1.57s/it]Best trial: 212. Best value: 2598.31:  53%|█████▎    | 265/500 [11:42<05:53,  1.50s/it]                                                                                       Best trial: 212. Best value: 2598.31:  53%|█████▎    | 265/500 [11:44<05:53,  1.50s/it]Best trial: 212. Best value: 2598.31:  53%|█████▎    | 265/500 [11:44<05:53,  1.50s/it]Best trial: 212. Best value: 2598.31:  53%|█████▎    | 266/500 [11:44<05:48,  1.49s/it]                                                                                       
[I 2026-03-31 11:29:14,795] Trial 253 finished with value: 2874.2038115420014 and parameters: {'alpha_0': 0.0006648167192094996, 'alpha_1': 7.05008191796305e-05, 'alpha_2': 0.00023187367234449958, 'beta_0': 0.20888069267943224, 'beta_1': 0.8416750368324578, 'beta_2': 0.4269715133608824, 'beta_3': 0.0017614708142572521, 'beta_4': 5.505945047531316e-07, 'beta_5': 0.8783773571166474, 'beta_6': 1.132249866036663e-05, 'beta_7': 0.027011244971613488, 'beta_8': 0.028691596027470914, 'beta_9': 7.664492611046484e-05, 'beta_10': 1.6915286784261705e-07}. Best is trial 212 with value: 2598.3148183348794.
[I 2026-03-31 11:29:16,132] Trial 254 finished with value: 2648.9981113640497 and parameters: {'alpha_0': 0.000922716998333746, 'alpha_1': 6.655419207173876e-05, 'alpha_2': 0.000228530866668333, 'beta_0': 0.20606097556586908, 'beta_1': 0.8423220393524321, 'beta_2': 0.3912777049033618, 'beta_3': 0.0016659726927236533, 'beta_4': 5.384485552652442e-07, 'beta_5': 0.8629953049124197, 'beta_6': 1.0555177155783749e-05, 'beta_7': 0.030046424179684224, 'beta_8': 0.029367961523334075, 'beta_9': 7.932725457586944e-05, 'beta_10': 2.184998036761422e-07}. Best is trial 212 with value: 2598.3148183348794.
[I 2026-03-31 11:29:28,945] Trial 255 finished with value: 12078.6271825873 and parameters: {'alpha_0': 0.000807220373757143, 'alpha_1': 6.71774276660176e-05, 'alpha_2': 0.0002367724254635, 'beta_0': 0.21368765668252007, 'beta_1': 0.8315340941993262, 'beta_2': 0.3901415089249812, 'beta_3': 0.001656944919034342, 'beta_4': 2.3793322171735114e-06, 'beta_5': 0.8358474505158076, 'beta_6': 1.058286302491505e-05, 'beta_7': 0.02968757708858833, 'beta_8': 0.011976101457910738, 'beta_9': 7.887402017207204e-05, 'beta_10': 2.1894410630136029e-07}. Best is trial 212 with value: 2598.3148183348794.
[I 2026-03-31 11:29:30,302] Trial 256 finished with value: 2766.1629278234323 and parameters: {'alpha_0': 0.0009284247715407975, 'alpha_1': 7.514909783009158e-05, 'alpha_2': 0.0002399902246558463, 'beta_0': 0.22154450362139333, 'beta_1': 0.8520307537420732, 'beta_2': 0.35121623193154416, 'beta_3': 0.0015840424089565122, 'beta_4': 4.89903508818967e-07, 'beta_5': 0.8645879173217149, 'beta_6': 1.0461186823813739e-05, 'beta_7': 0.02687657348050721, 'beta_8': 0.029510437987690187, 'beta_9': 7.361633818400751e-05, 'beta_10': 2.8753369035285166e-07}. Best is trial 212 with value: 2598.3148183348794.
[I 2026-03-31 11:29:31,729] Trial 257 finished with value: 2813.4195426161086 and parameters: {'alpha_0': 0.0009130538800902465, 'alpha_1': 7.564386483332332e-05, 'alpha_2': 0.00023090366657086713, 'beta_0': 0.22258567067865334, 'beta_1': 0.8494596552334904, 'beta_2': 0.38966070175849205, 'beta_3': 0.0015837548436223804, 'beta_4': 4.666800796062762e-07, 'beta_5': 0.8621021454204444, 'beta_6': 1.1756850544185003e-05, 'beta_7': 0.026697452634894727, 'beta_8': 0.029576523083013142, 'beta_9': 8.083959634029824e-05, 'beta_10': 2.7839371002588893e-07}. Best is trial 212 with value: 2598.3148183348794.
[I 2026-03-31 11:29:33,069] Trial 258 finished with value: 2660.7278446509054 and parameters: {'alpha_0': 0.0008063855575940313, 'alpha_1': 7.121997405581718e-05, 'alpha_2': 0.0002496590074130986, 'beta_0': 0.22019940447999167, 'beta_1': 0.8073672515994602, 'beta_2': 0.36292483004222353, 'beta_3': 0.0014534782744511868, 'beta_4': 4.2864015069692195e-07, 'beta_5': 0.8366552202005954, 'beta_6': 1.0681059188264175e-05, 'beta_7': 0.028815746497069535, 'beta_8': 0.029534151934687294, 'beta_9': 7.562730115489685e-05, 'beta_10': 1.9167796682797705e-07}. Best is trial 212 with value: 2598.3148183348794.
[I 2026-03-31 11:29:34,426] Trial 259 finished with value: 2654.29306760263 and parameters: {'alpha_0': 0.0007339255025353963, 'alpha_1': 7.448806189210767e-05, 'alpha_2': 0.0002462397643518103, 'beta_0': 0.22122356442737773, 'beta_1': 0.8050671569924757, 'beta_2': 0.3547647343531316, 'beta_3': 0.0014585684796677345, 'beta_4': 4.07388038531017e-07, 'beta_5': 0.861975891014351, 'beta_6': 1.0590423333796661e-05, 'beta_7': 0.026199516894519166, 'beta_8': 0.02960455615633062, 'beta_9': 7.52831345475124e-05, 'beta_10': 2.49738515597537e-07}. Best is trial 212 with value: 2598.3148183348794.
[I 2026-03-31 11:29:35,752] Trial 260 finished with value: 2704.2931118824863 and parameters: {'alpha_0': 0.0007532286228001542, 'alpha_1': 7.611516014569504e-05, 'alpha_2': 0.0002461591434815589, 'beta_0': 0.21914285331414618, 'beta_1': 0.8018158421470247, 'beta_2': 0.3500980745646357, 'beta_3': 0.0014228074323836665, 'beta_4': 3.982847333211526e-07, 'beta_5': 0.8346677075190128, 'beta_6': 1.0692494189855772e-05, 'beta_7': 0.026141091038799275, 'beta_8': 0.029527627944322444, 'beta_9': 7.852653908901704e-05, 'beta_10': 2.547111662848553e-07}. Best is trial 212 with value: 2598.3148183348794.
[I 2026-03-31 11:29:37,092] Trial 261 finished with value: 2663.7156134281645 and parameters: {'alpha_0': 0.00066719014940945, 'alpha_1': 7.789043362886279e-05, 'alpha_2': 0.00024578524950596216, 'beta_0': 0.22261947945430438, 'beta_1': 0.8007357676134261, 'beta_2': 0.3559935217389778, 'beta_3': 0.0014231296763551867, 'beta_4': 3.7944772114151286e-07, 'beta_5': 0.818446730445435, 'beta_6': 2.6090603131484354e-05, 'beta_7': 0.025648723122920002, 'beta_8': 0.029584753523448186, 'beta_9': 7.845805337992807e-05, 'beta_10': 1.9734386281307068e-07}. Best is trial 212 with value: 2598.3148183348794.
[I 2026-03-31 11:29:38,457] Trial 262 finished with value: 2668.5679226573066 and parameters: {'alpha_0': 0.0006708507439650881, 'alpha_1': 7.69695560909306e-05, 'alpha_2': 0.00024201329417998022, 'beta_0': 0.21910841421377678, 'beta_1': 0.8029005458801202, 'beta_2': 0.35047232800885725, 'beta_3': 0.001421029987308911, 'beta_4': 4.024737504847284e-07, 'beta_5': 0.8368673033592877, 'beta_6': 1.0592109360706327e-05, 'beta_7': 0.025937876712730335, 'beta_8': 0.029571222734873344, 'beta_9': 7.981469018455616e-05, 'beta_10': 1.9786526372034406e-07}. Best is trial 212 with value: 2598.3148183348794.
[I 2026-03-31 11:29:39,840] Trial 263 finished with value: 3644.3724185584174 and parameters: {'alpha_0': 0.000631713412787165, 'alpha_1': 7.83262772635916e-05, 'alpha_2': 0.0002498363896730004, 'beta_0': 0.22228047627305453, 'beta_1': 0.807948041057164, 'beta_2': 0.3520822355511189, 'beta_3': 0.0014209852877390815, 'beta_4': 4.194539031061647e-06, 'beta_5': 0.8208640849104853, 'beta_6': 2.6435445871715525e-05, 'beta_7': 0.026194579200517702, 'beta_8': 0.029644628095814144, 'beta_9': 7.997810896086239e-05, 'beta_10': 2.0202788751215837e-07}. Best is trial 212 with value: 2598.3148183348794.
[I 2026-03-31 11:29:41,195] Trial 264 finished with value: 2671.4441459165887 and parameters: {'alpha_0': 0.000709663365410563, 'alpha_1': 6.606942947139078e-05, 'alpha_2': 0.00024460749326482686, 'beta_0': 0.220796899628506, 'beta_1': 0.8037519894428486, 'beta_2': 0.3516703707638936, 'beta_3': 0.001361171587009057, 'beta_4': 4.073160854668689e-07, 'beta_5': 0.8356409053757575, 'beta_6': 1.0476948380612431e-05, 'beta_7': 0.024764467611849892, 'beta_8': 0.029570966177803318, 'beta_9': 7.723055007663481e-05, 'beta_10': 2.4657227494026545e-07}. Best is trial 212 with value: 2598.3148183348794.
[I 2026-03-31 11:29:42,658] Trial 265 finished with value: 2875.656478766059 and parameters: {'alpha_0': 0.0007121033554125083, 'alpha_1': 7.489207122765789e-05, 'alpha_2': 0.0002459316604352985, 'beta_0': 0.22101195111174626, 'beta_1': 0.802259371543204, 'beta_2': 0.3561042084532305, 'beta_3': 0.0013353412399185775, 'beta_4': 3.9522301859385597e-07, 'beta_5': 0.8323747946995078, 'beta_6': 2.5549730702905533e-05, 'beta_7': 0.024864973813935227, 'beta_8': 0.029967142159553935, 'beta_9': 7.802005365641022e-05, 'beta_10': 2.8102570293100853e-07}. Best is trial 212 with value: 2598.3148183348794.
