[I 2026-03-31 11:27:49,096] Trial 224 finished with value: 3001.826378723406 and parameters: {'alpha_0': 0.0011186486793936072, 'alpha_1': 5.419061370304333e-05, 'alpha_2': 0.00022101363965962948, 'beta_0': 0.18729267773056557, 'beta_1': 0.8014806236357312, 'beta_2': 0.431756299820847, 'beta_3': 0.0015831509993376024, 'beta_4': 5.439486313524637e-07, 'beta_5': 0.888562587284424, 'beta_6': 1.2170172622156363e-05, 'beta_7': 0.03185771772396315, 'beta_8': 0.028746797575777538, 'beta_9': 6.788735092177206e-05, 'beta_10': 1.5588843527228085e-07}. Best is trial 212 with value: 2598.3148183348794.Best trial: 212. Best value: 2598.31:  45%|████▍     | 224/500 [09:50<06:45,  1.47s/it]Best trial: 212. Best value: 2598.31:  45%|████▍     | 224/500 [09:50<06:45,  1.47s/it]Best trial: 212. Best value: 2598.31:  45%|████▌     | 225/500 [09:50<06:45,  1.48s/it]                                                                                       Best trial: 212. Best value: 2598.31:  45%|████▌     | 225/500 [09:51<06:45,  1.48s/it]Best trial: 212. Best value: 2598.31:  45%|████▌     | 225/500 [09:51<06:45,  1.48s/it]Best trial: 212. Best value: 2598.31:  45%|████▌     | 226/500 [09:51<06:31,  1.43s/it]                                                                                       Best trial: 212. Best value: 2598.31:  45%|████▌     | 226/500 [09:53<06:31,  1.43s/it]Best trial: 212. Best value: 2598.31:  45%|████▌     | 226/500 [09:53<06:31,  1.43s/it]Best trial: 212. Best value: 2598.31:  45%|████▌     | 227/500 [09:53<06:36,  1.45s/it]                                                                                       Best trial: 212. Best value: 2598.31:  45%|████▌     | 227/500 [09:54<06:36,  1.45s/it]Best trial: 212. Best value: 2598.31:  45%|████▌     | 227/500 [09:54<06:36,  1.45s/it]Best trial: 212. Best value: 2598.31:  46%|████▌     | 228/500 [09:54<06:27,  1.43s/it]                                                                                       Best trial: 212. Best value: 2598.31:  46%|████▌     | 228/500 [09:56<06:27,  1.43s/it]Best trial: 212. Best value: 2598.31:  46%|████▌     | 228/500 [09:56<06:27,  1.43s/it]Best trial: 212. Best value: 2598.31:  46%|████▌     | 229/500 [09:56<06:29,  1.44s/it]                                                                                       Best trial: 212. Best value: 2598.31:  46%|████▌     | 229/500 [09:57<06:29,  1.44s/it]Best trial: 212. Best value: 2598.31:  46%|████▌     | 229/500 [09:57<06:29,  1.44s/it]Best trial: 212. Best value: 2598.31:  46%|████▌     | 230/500 [09:57<06:20,  1.41s/it]                                                                                       Best trial: 212. Best value: 2598.31:  46%|████▌     | 230/500 [09:59<06:20,  1.41s/it]Best trial: 212. Best value: 2598.31:  46%|████▌     | 230/500 [09:59<06:20,  1.41s/it]Best trial: 212. Best value: 2598.31:  46%|████▌     | 231/500 [09:59<06:25,  1.43s/it]                                                                                       Best trial: 212. Best value: 2598.31:  46%|████▌     | 231/500 [10:00<06:25,  1.43s/it]Best trial: 212. Best value: 2598.31:  46%|████▌     | 231/500 [10:00<06:25,  1.43s/it]Best trial: 212. Best value: 2598.31:  46%|████▋     | 232/500 [10:00<06:17,  1.41s/it]                                                                                       Best trial: 212. Best value: 2598.31:  46%|████▋     | 232/500 [10:01<06:17,  1.41s/it]Best trial: 212. Best value: 2598.31:  46%|████▋     | 232/500 [10:01<06:17,  1.41s/it]Best trial: 212. Best value: 2598.31:  47%|████▋     | 233/500 [10:01<06:11,  1.39s/it]                                                                                       Best trial: 212. Best value: 2598.31:  47%|████▋     | 233/500 [10:03<06:11,  1.39s/it]Best trial: 212. Best value: 2598.31:  47%|████▋     | 233/500 [10:03<06:11,  1.39s/it]Best trial: 212. Best value: 2598.31:  47%|████▋     | 234/500 [10:03<06:05,  1.37s/it]                                                                                       Best trial: 212. Best value: 2598.31:  47%|████▋     | 234/500 [10:33<06:05,  1.37s/it]Best trial: 212. Best value: 2598.31:  47%|████▋     | 234/500 [10:33<06:05,  1.37s/it]Best trial: 212. Best value: 2598.31:  47%|████▋     | 235/500 [10:33<44:56, 10.17s/it]                                                                                       Best trial: 212. Best value: 2598.31:  47%|████▋     | 235/500 [10:35<44:56, 10.17s/it]Best trial: 212. Best value: 2598.31:  47%|████▋     | 235/500 [10:35<44:56, 10.17s/it]Best trial: 212. Best value: 2598.31:  47%|████▋     | 236/500 [10:35<33:05,  7.52s/it]                                                                                       Best trial: 212. Best value: 2598.31:  47%|████▋     | 236/500 [10:36<33:05,  7.52s/it]Best trial: 212. Best value: 2598.31:  47%|████▋     | 236/500 [10:36<33:05,  7.52s/it]Best trial: 212. Best value: 2598.31:  47%|████▋     | 237/500 [10:36<24:53,  5.68s/it]                                                                                       Best trial: 212. Best value: 2598.31:  47%|████▋     | 237/500 [10:38<24:53,  5.68s/it]Best trial: 212. Best value: 2598.31:  47%|████▋     | 237/500 [10:38<24:53,  5.68s/it]Best trial: 212. Best value: 2598.31:  48%|████▊     | 238/500 [10:38<19:15,  4.41s/it]                                                                                       
[I 2026-03-31 11:27:50,415] Trial 225 finished with value: 2772.9622861664807 and parameters: {'alpha_0': 0.0009786996320969893, 'alpha_1': 5.0285435644993736e-05, 'alpha_2': 0.00021469449817964863, 'beta_0': 0.1970165122465452, 'beta_1': 0.8847061643889156, 'beta_2': 0.47013812352692913, 'beta_3': 0.0017643111542560662, 'beta_4': 6.535271469168298e-07, 'beta_5': 0.8994320066354533, 'beta_6': 1.1913000703218284e-05, 'beta_7': 0.028845489064134172, 'beta_8': 0.028875391834932297, 'beta_9': 7.567943473246421e-05, 'beta_10': 2.374471499216481e-07}. Best is trial 212 with value: 2598.3148183348794.
[I 2026-03-31 11:27:51,917] Trial 226 finished with value: 2950.0556310087777 and parameters: {'alpha_0': 0.0009694337999962169, 'alpha_1': 5.0199026198121714e-05, 'alpha_2': 0.00024272451038039473, 'beta_0': 0.19613975492685393, 'beta_1': 0.8905906738201096, 'beta_2': 0.4733364960773035, 'beta_3': 0.001675362739766857, 'beta_4': 6.932119796316608e-07, 'beta_5': 0.8959952728849964, 'beta_6': 1.2069465108882609e-05, 'beta_7': 0.028638478575335188, 'beta_8': 0.028156234441884368, 'beta_9': 7.475626333421182e-05, 'beta_10': 2.2955016983178007e-07}. Best is trial 212 with value: 2598.3148183348794.
[I 2026-03-31 11:27:53,284] Trial 227 finished with value: 2947.4533202550483 and parameters: {'alpha_0': 0.0013374308725622643, 'alpha_1': 6.217876101566516e-05, 'alpha_2': 0.00022304017971985627, 'beta_0': 0.2025970529298426, 'beta_1': 0.9293856468636585, 'beta_2': 0.5017234022235059, 'beta_3': 0.0017470660849986201, 'beta_4': 6.428300038184782e-07, 'beta_5': 0.8722495196210904, 'beta_6': 1.1584255426784146e-05, 'beta_7': 0.030200251785111508, 'beta_8': 0.028759453160265923, 'beta_9': 7.110912176988985e-05, 'beta_10': 1.913027893039909e-07}. Best is trial 212 with value: 2598.3148183348794.
[I 2026-03-31 11:27:54,748] Trial 228 finished with value: 3166.7076709336793 and parameters: {'alpha_0': 0.001032889504858472, 'alpha_1': 6.666585732203693e-05, 'alpha_2': 0.00022823348661239268, 'beta_0': 0.19160328875882982, 'beta_1': 0.8296456383403169, 'beta_2': 0.44839175245461393, 'beta_3': 0.0013541475058965915, 'beta_4': 5.383559817722661e-07, 'beta_5': 0.8894359260821257, 'beta_6': 1.0448082445785237e-05, 'beta_7': 0.028038730899162926, 'beta_8': 0.028466963962412075, 'beta_9': 7.606060447475401e-05, 'beta_10': 2.7335892091915654e-07}. Best is trial 212 with value: 2598.3148183348794.
[I 2026-03-31 11:27:56,096] Trial 229 finished with value: 2700.7642884539027 and parameters: {'alpha_0': 0.0011526361426764894, 'alpha_1': 6.128157875871643e-05, 'alpha_2': 0.00023547847746259736, 'beta_0': 0.19797565618161733, 'beta_1': 0.8837140402771004, 'beta_2': 0.43104060408382594, 'beta_3': 0.001829708689454585, 'beta_4': 6.884062452780108e-07, 'beta_5': 0.8994667553248771, 'beta_6': 1.0050813053624625e-05, 'beta_7': 0.03218008716785018, 'beta_8': 0.029022272072799563, 'beta_9': 6.884260212073211e-05, 'beta_10': 2.366830287893961e-07}. Best is trial 212 with value: 2598.3148183348794.
[I 2026-03-31 11:27:57,577] Trial 230 finished with value: 3488.482722630495 and parameters: {'alpha_0': 0.0011437649270560168, 'alpha_1': 6.0715788529958516e-05, 'alpha_2': 0.00023609026549611625, 'beta_0': 0.19801986263548593, 'beta_1': 0.9123729825223653, 'beta_2': 0.45972898719975447, 'beta_3': 0.0018115962052813466, 'beta_4': 8.760115283974741e-07, 'beta_5': 0.8800560236988283, 'beta_6': 1.2012638021667789e-05, 'beta_7': 0.03328749580862518, 'beta_8': 0.027535115194072576, 'beta_9': 7.324687466016581e-05, 'beta_10': 2.1593502816574116e-07}. Best is trial 212 with value: 2598.3148183348794.
[I 2026-03-31 11:27:58,933] Trial 231 finished with value: 2793.953058401323 and parameters: {'alpha_0': 0.0011681555392982423, 'alpha_1': 5.032416042630574e-05, 'alpha_2': 0.00021312053023840724, 'beta_0': 0.2074819989389285, 'beta_1': 0.8853636564943763, 'beta_2': 0.43137827938979484, 'beta_3': 0.0018683010605193048, 'beta_4': 7.101237318630905e-07, 'beta_5': 0.8692187574626054, 'beta_6': 1.0025111955643715e-05, 'beta_7': 0.031356029748521724, 'beta_8': 0.0290215174988022, 'beta_9': 6.86345949649454e-05, 'beta_10': 3.208529924828483e-07}. Best is trial 212 with value: 2598.3148183348794.
[I 2026-03-31 11:28:00,285] Trial 232 finished with value: 2840.11593901551 and parameters: {'alpha_0': 0.0010745604253848068, 'alpha_1': 5.044772621719402e-05, 'alpha_2': 0.0002179125298737653, 'beta_0': 0.20686945389382955, 'beta_1': 0.8861769118682188, 'beta_2': 0.48479703618640846, 'beta_3': 0.0018600170150065852, 'beta_4': 6.80388554867505e-07, 'beta_5': 0.8958513756125955, 'beta_6': 1.0006843280063668e-05, 'beta_7': 0.031621648439359586, 'beta_8': 0.028811261233731074, 'beta_9': 6.648421134189769e-05, 'beta_10': 2.442740343564016e-07}. Best is trial 212 with value: 2598.3148183348794.
[I 2026-03-31 11:28:01,614] Trial 233 finished with value: 2696.674809713112 and parameters: {'alpha_0': 0.00116366468794704, 'alpha_1': 5.943153736635426e-05, 'alpha_2': 0.00022980213299925268, 'beta_0': 0.20201283765377895, 'beta_1': 0.8405892778330787, 'beta_2': 0.4528604777321747, 'beta_3': 0.0017565653185506508, 'beta_4': 5.499197461139474e-07, 'beta_5': 0.8670344013532629, 'beta_6': 1.1402926130494108e-05, 'beta_7': 0.03426247250208131, 'beta_8': 0.029309347715094677, 'beta_9': 6.851610131772799e-05, 'beta_10': 1.67053470278349e-07}. Best is trial 212 with value: 2598.3148183348794.
[I 2026-03-31 11:28:32,321] Trial 234 finished with value: 6213.667054287904 and parameters: {'alpha_0': 0.001159564093661081, 'alpha_1': 5.969677651879066e-05, 'alpha_2': 0.00022928808650609395, 'beta_0': 0.20196811171292425, 'beta_1': 0.8394538692434034, 'beta_2': 0.4499135196295935, 'beta_3': 0.0017691415843796641, 'beta_4': 6.36852786959417e-07, 'beta_5': 0.8674357938644415, 'beta_6': 1.1487331422194046e-05, 'beta_7': 0.034269834524459905, 'beta_8': 0.005785968531451097, 'beta_9': 6.80853635865094e-05, 'beta_10': 1.6457642003762546e-07}. Best is trial 212 with value: 2598.3148183348794.
[I 2026-03-31 11:28:33,650] Trial 235 finished with value: 2753.3120959414873 and parameters: {'alpha_0': 0.0009000168310515988, 'alpha_1': 6.728515901475413e-05, 'alpha_2': 0.0002246212327329469, 'beta_0': 0.1958035494822873, 'beta_1': 0.9046099285082533, 'beta_2': 0.46844880262805216, 'beta_3': 0.0018652050264868793, 'beta_4': 5.322820398265044e-07, 'beta_5': 0.8866051309902171, 'beta_6': 1.1314513749804268e-05, 'beta_7': 0.03078937333007323, 'beta_8': 0.028899051913382615, 'beta_9': 7.084113963241817e-05, 'beta_10': 1.4588802333100408e-07}. Best is trial 212 with value: 2598.3148183348794.
[I 2026-03-31 11:28:35,040] Trial 236 finished with value: 2770.076636200738 and parameters: {'alpha_0': 0.0009012738946346023, 'alpha_1': 6.895549949045408e-05, 'alpha_2': 0.00022479191130856126, 'beta_0': 0.19595716823034326, 'beta_1': 0.9368993094726451, 'beta_2': 0.5190322294733519, 'beta_3': 0.0018667438808573694, 'beta_4': 5.083862320877318e-07, 'beta_5': 0.8992838148160053, 'beta_6': 1.2176520068208606e-05, 'beta_7': 0.030919135590862817, 'beta_8': 0.028075262551756137, 'beta_9': 7.206015840841057e-05, 'beta_10': 1.3225493078277716e-07}. Best is trial 212 with value: 2598.3148183348794.
[I 2026-03-31 11:28:36,482] Trial 237 finished with value: 2952.872489105851 and parameters: {'alpha_0': 0.0008778609398761724, 'alpha_1': 6.809696493260813e-05, 'alpha_2': 0.00022517528238604498, 'beta_0': 0.18913958426256378, 'beta_1': 0.9395702525063799, 'beta_2': 0.5154862958224387, 'beta_3': 0.001865612441602549, 'beta_4': 6.026414739536568e-07, 'beta_5': 0.8815336587717173, 'beta_6': 1.102653743322315e-05, 'beta_7': 0.030212368300479076, 'beta_8': 0.028540631388304028, 'beta_9': 7.244948853488943e-05, 'beta_10': 1.7182920100368548e-07}. Best is trial 212 with value: 2598.3148183348794.
[I 2026-03-31 11:28:45,876] Trial 238 finished with value: 8344.003082275032 and parameters: {'alpha_0': 0.0007254196424453998, 'alpha_1': 7.189137419302824e-05, 'alpha_2': 0.0002314784321967411, 'beta_0': 0.19627463492644925, 'beta_1': 0.8857680798332466, 'beta_2': 0.4419942909203323, 'beta_3': 0.0016766560204665149, 'beta_4': 5.629326936656223e-07, 'beta_5': 0.8969665634956097, 'beta_6': 1.08422068521812e-05, 'beta_7': 0.030734945745817834, 'beta_8': 0.019785128527667097, 'beta_9': 6.857793251155549e-05, 'beta_10': 2.0112961437744e-07}. Best is trial 212 with value: 2598.3148183348794.Best trial: 212. Best value: 2598.31:  48%|████▊     | 238/500 [10:47<19:15,  4.41s/it]Best trial: 212. Best value: 2598.31:  48%|████▊     | 238/500 [10:47<19:15,  4.41s/it]Best trial: 212. Best value: 2598.31:  48%|████▊     | 239/500 [10:47<25:41,  5.90s/it]                                                                                       Best trial: 212. Best value: 2598.31:  48%|████▊     | 239/500 [10:48<25:41,  5.90s/it]Best trial: 212. Best value: 2598.31:  48%|████▊     | 239/500 [10:48<25:41,  5.90s/it]Best trial: 212. Best value: 2598.31:  48%|████▊     | 240/500 [10:48<19:40,  4.54s/it]                                                                                       Best trial: 212. Best value: 2598.31:  48%|████▊     | 240/500 [10:50<19:40,  4.54s/it]Best trial: 212. Best value: 2598.31:  48%|████▊     | 240/500 [10:50<19:40,  4.54s/it]Best trial: 212. Best value: 2598.31:  48%|████▊     | 241/500 [10:50<15:28,  3.58s/it]                                                                                       Best trial: 212. Best value: 2598.31:  48%|████▊     | 241/500 [10:51<15:28,  3.58s/it]Best trial: 212. Best value: 2598.31:  48%|████▊     | 241/500 [10:51<15:28,  3.58s/it]Best trial: 212. Best value: 2598.31:  48%|████▊     | 242/500 [10:51<12:32,  2.92s/it]                                                                                       Best trial: 212. Best value: 2598.31:  48%|████▊     | 242/500 [10:52<12:32,  2.92s/it]Best trial: 212. Best value: 2598.31:  48%|████▊     | 242/500 [10:52<12:32,  2.92s/it]Best trial: 212. Best value: 2598.31:  49%|████▊     | 243/500 [10:52<10:36,  2.48s/it]                                                                                       Best trial: 212. Best value: 2598.31:  49%|████▊     | 243/500 [10:54<10:36,  2.48s/it]Best trial: 212. Best value: 2598.31:  49%|████▊     | 243/500 [10:54<10:36,  2.48s/it]Best trial: 212. Best value: 2598.31:  49%|████▉     | 244/500 [10:54<09:08,  2.14s/it]                                                                                       Best trial: 212. Best value: 2598.31:  49%|████▉     | 244/500 [10:55<09:08,  2.14s/it]Best trial: 212. Best value: 2598.31:  49%|████▉     | 244/500 [10:55<09:08,  2.14s/it]Best trial: 212. Best value: 2598.31:  49%|████▉     | 245/500 [10:55<08:07,  1.91s/it]                                                                                       Best trial: 212. Best value: 2598.31:  49%|████▉     | 245/500 [11:05<08:07,  1.91s/it]Best trial: 212. Best value: 2598.31:  49%|████▉     | 245/500 [11:05<08:07,  1.91s/it]Best trial: 212. Best value: 2598.31:  49%|████▉     | 246/500 [11:05<17:32,  4.14s/it]                                                                                       Best trial: 212. Best value: 2598.31:  49%|████▉     | 246/500 [11:06<17:32,  4.14s/it]Best trial: 212. Best value: 2598.31:  49%|████▉     | 246/500 [11:06<17:32,  4.14s/it]Best trial: 212. Best value: 2598.31:  49%|████▉     | 247/500 [11:06<13:58,  3.32s/it]                                                                                       Best trial: 212. Best value: 2598.31:  49%|████▉     | 247/500 [11:07<13:58,  3.32s/it]Best trial: 212. Best value: 2598.31:  49%|████▉     | 247/500 [11:07<13:58,  3.32s/it]Best trial: 212. Best value: 2598.31:  50%|████▉     | 248/500 [11:07<11:37,  2.77s/it]                                                                                       Best trial: 212. Best value: 2598.31:  50%|████▉     | 248/500 [11:09<11:37,  2.77s/it]Best trial: 212. Best value: 2598.31:  50%|████▉     | 248/500 [11:09<11:37,  2.77s/it]Best trial: 212. Best value: 2598.31:  50%|████▉     | 249/500 [11:09<09:49,  2.35s/it]                                                                                       Best trial: 212. Best value: 2598.31:  50%|████▉     | 249/500 [11:10<09:49,  2.35s/it]Best trial: 212. Best value: 2598.31:  50%|████▉     | 249/500 [11:10<09:49,  2.35s/it]Best trial: 212. Best value: 2598.31:  50%|█████     | 250/500 [11:10<08:32,  2.05s/it]                                                                                       Best trial: 212. Best value: 2598.31:  50%|█████     | 250/500 [11:12<08:32,  2.05s/it]Best trial: 212. Best value: 2598.31:  50%|█████     | 250/500 [11:12<08:32,  2.05s/it]Best trial: 212. Best value: 2598.31:  50%|█████     | 251/500 [11:12<07:44,  1.86s/it]                                                                                       Best trial: 212. Best value: 2598.31:  50%|█████     | 251/500 [11:13<07:44,  1.86s/it]Best trial: 212. Best value: 2598.31:  50%|█████     | 251/500 [11:13<07:44,  1.86s/it]Best trial: 212. Best value: 2598.31:  50%|█████     | 252/500 [11:13<07:05,  1.71s/it]                                                                                       
[I 2026-03-31 11:28:47,231] Trial 239 finished with value: 2641.9549897063107 and parameters: {'alpha_0': 0.0009470481004500786, 'alpha_1': 6.493177723882974e-05, 'alpha_2': 0.0002242680827962109, 'beta_0': 0.2057270010380028, 'beta_1': 0.8136802364444466, 'beta_2': 0.46417735297352253, 'beta_3': 0.001728427463324881, 'beta_4': 4.844760379772587e-07, 'beta_5': 0.8698108088532732, 'beta_6': 1.2097501399869953e-05, 'beta_7': 0.028198533717571216, 'beta_8': 0.02940692824712191, 'beta_9': 7.551342669394704e-05, 'beta_10': 1.4654975070322948e-07}. Best is trial 212 with value: 2598.3148183348794.
[I 2026-03-31 11:28:48,583] Trial 240 finished with value: 2855.9047547357286 and parameters: {'alpha_0': 0.0009109384255427732, 'alpha_1': 6.709766801191268e-05, 'alpha_2': 0.00023616780161029628, 'beta_0': 0.20850400605555533, 'beta_1': 0.8008902189263426, 'beta_2': 1.1123781563219075, 'beta_3': 0.0017336165812399987, 'beta_4': 5.291584719527212e-07, 'beta_5': 0.8697707760219735, 'beta_6': 1.2370606921220497e-05, 'beta_7': 0.027768655666011905, 'beta_8': 0.029436415364801388, 'beta_9': 7.577962082444119e-05, 'beta_10': 2.6856453607695237e-07}. Best is trial 212 with value: 2598.3148183348794.
[I 2026-03-31 11:28:49,941] Trial 241 finished with value: 2820.9339547302616 and parameters: {'alpha_0': 0.0009649726778993806, 'alpha_1': 6.105902108728442e-05, 'alpha_2': 0.00022417139993202606, 'beta_0': 0.20445647813096113, 'beta_1': 0.8235272261598814, 'beta_2': 0.46391250145712964, 'beta_3': 0.0017041578486722848, 'beta_4': 4.6414405472903656e-07, 'beta_5': 0.883348430538757, 'beta_6': 1.1527412071516774e-05, 'beta_7': 0.02925508158719817, 'beta_8': 0.02891675871999184, 'beta_9': 7.189233500983417e-05, 'beta_10': 1.467520344911835e-07}. Best is trial 212 with value: 2598.3148183348794.
[I 2026-03-31 11:28:51,392] Trial 242 finished with value: 2833.41335410338 and parameters: {'alpha_0': 0.0008308655963454069, 'alpha_1': 6.574044451480583e-05, 'alpha_2': 0.00022142828725598294, 'beta_0': 0.1927175202108112, 'beta_1': 0.8415472389559755, 'beta_2': 0.4963796280671962, 'beta_3': 0.0018129490631335597, 'beta_4': 4.866048903774695e-07, 'beta_5': 0.8730563546407204, 'beta_6': 1.0611146030086451e-05, 'beta_7': 0.034453864868547505, 'beta_8': 0.0294279805450292, 'beta_9': 7.366081145645666e-05, 'beta_10': 2.3525985789450646e-07}. Best is trial 212 with value: 2598.3148183348794.
[I 2026-03-31 11:28:52,761] Trial 243 finished with value: 2794.150561823297 and parameters: {'alpha_0': 0.0010330842442286367, 'alpha_1': 5.976040662778433e-05, 'alpha_2': 0.0002279470493078895, 'beta_0': 0.20499592470162445, 'beta_1': 0.9062746775930707, 'beta_2': 0.42917177168159854, 'beta_3': 0.0017490548056578975, 'beta_4': 6.959261059228624e-07, 'beta_5': 0.8989986366742452, 'beta_6': 1.126610136702817e-05, 'beta_7': 0.03157103451293672, 'beta_8': 0.028945240621604633, 'beta_9': 7.032751433614122e-05, 'beta_10': 1.4864546804428465e-07}. Best is trial 212 with value: 2598.3148183348794.
