Best trial: 848. Best value: 71.8721:  47%|████▋     | 936/2000 [1:07:54<1:00:13,  3.40s/it]Best trial: 848. Best value: 71.8721:  47%|████▋     | 936/2000 [1:07:54<1:00:13,  3.40s/it]                                                                                            Best trial: 848. Best value: 71.8721:  47%|████▋     | 937/2000 [1:07:55<1:00:10,  3.40s/it]                                                                                            Best trial: 848. Best value: 71.8721:  47%|████▋     | 937/2000 [1:07:55<1:00:10,  3.40s/it]Best trial: 848. Best value: 71.8721:  47%|████▋     | 937/2000 [1:07:55<1:00:10,  3.40s/it]Best trial: 848. Best value: 71.8721:  47%|████▋     | 938/2000 [1:07:55<44:56,  2.54s/it]  Best trial: 848. Best value: 71.8721:  47%|████▋     | 938/2000 [1:07:55<44:56,  2.54s/it]                                                                                          Best trial: 848. Best value: 71.8721:  47%|████▋     | 939/2000 [1:07:56<44:54,  2.54s/it]Best trial: 848. Best value: 71.8721:  47%|████▋     | 939/2000 [1:07:56<44:54,  2.54s/it]Best trial: 848. Best value: 71.8721:  47%|████▋     | 940/2000 [1:07:56<34:36,  1.96s/it]Best trial: 848. Best value: 71.8721:  47%|████▋     | 940/2000 [1:08:11<34:36,  1.96s/it]                                                                                          Best trial: 848. Best value: 71.8721:  47%|████▋     | 940/2000 [1:08:37<34:36,  1.96s/it]Best trial: 848. Best value: 71.8721:  47%|████▋     | 940/2000 [1:08:37<34:36,  1.96s/it]Best trial: 848. Best value: 71.8721:  47%|████▋     | 941/2000 [1:08:37<2:29:24,  8.46s/it]                                                                                            Best trial: 848. Best value: 71.8721:  47%|████▋     | 941/2000 [1:08:37<2:29:24,  8.46s/it]Best trial: 848. Best value: 71.8721:  47%|████▋     | 941/2000 [1:08:37<2:29:24,  8.46s/it]                                                                                            Best trial: 848. Best value: 71.8721:  47%|████▋     | 942/2000 [1:08:37<2:29:15,  8.46s/it]Best trial: 848. Best value: 71.8721:  47%|████▋     | 942/2000 [1:08:37<2:29:15,  8.46s/it]                                                                                            Best trial: 848. Best value: 71.8721:  47%|████▋     | 943/2000 [1:08:37<2:29:07,  8.46s/it]Best trial: 848. Best value: 71.8721:  47%|████▋     | 943/2000 [1:08:37<2:29:07,  8.46s/it]Best trial: 848. Best value: 71.8721:  47%|████▋     | 944/2000 [1:08:37<1:28:06,  5.01s/it]                                                                                            Best trial: 848. Best value: 71.8721:  47%|████▋     | 944/2000 [1:08:38<1:28:06,  5.01s/it]                                                                                            Best trial: 848. Best value: 71.8721:  47%|████▋     | 944/2000 [1:08:38<1:28:06,  5.01s/it]Best trial: 848. Best value: 71.8721:  47%|████▋     | 944/2000 [1:08:38<1:28:06,  5.01s/it]Best trial: 848. Best value: 71.8721:  47%|████▋     | 945/2000 [1:08:38<1:28:01,  5.01s/it]Best trial: 848. Best value: 71.8721:  47%|████▋     | 946/2000 [1:08:38<1:03:26,  3.61s/it]                                                                                            Best trial: 848. Best value: 71.8721:  47%|████▋     | 946/2000 [1:08:38<1:03:26,  3.61s/it]                                                                                            Best trial: 848. Best value: 71.8721:  47%|████▋     | 946/2000 [1:08:38<1:03:26,  3.61s/it]Best trial: 848. Best value: 71.8721:  47%|████▋     | 946/2000 [1:08:38<1:03:26,  3.61s/it]                                                                                            Best trial: 848. Best value: 71.8721:  47%|████▋     | 947/2000 [1:08:38<1:03:22,  3.61s/it]Best trial: 848. Best value: 71.8721:  47%|████▋     | 947/2000 [1:08:38<1:03:22,  3.61s/it]Best trial: 848. Best value: 71.8721:  47%|████▋     | 948/2000 [1:08:38<45:59,  2.62s/it]  Best trial: 848. Best value: 71.8721:  47%|████▋     | 948/2000 [1:08:38<45:59,  2.62s/it]                                                                                          Best trial: 848. Best value: 71.8721:  47%|████▋     | 949/2000 [1:08:38<45:56,  2.62s/it]Best trial: 848. Best value: 71.8721:  47%|████▋     | 949/2000 [1:08:38<45:56,  2.62s/it]Best trial: 848. Best value: 71.8721:  48%|████▊     | 950/2000 [1:08:38<33:54,  1.94s/it]                                                                                          Best trial: 848. Best value: 71.8721:  48%|████▊     | 950/2000 [1:09:21<33:54,  1.94s/it]Best trial: 848. Best value: 71.8721:  48%|████▊     | 950/2000 [1:09:21<33:54,  1.94s/it]Best trial: 848. Best value: 71.8721:  48%|████▊     | 951/2000 [1:09:21<2:37:34,  9.01s/it]                                                                                            Best trial: 848. Best value: 71.8721:  48%|████▊     | 951/2000 [1:09:22<2:37:34,  9.01s/it]Best trial: 848. Best value: 71.8721:  48%|████▊     | 951/2000 [1:09:22<2:37:34,  9.01s/it]Best trial: 848. Best value: 71.8721:  48%|████▊     | 952/2000 [1:09:22<2:07:28,  7.30s/it]                                                                                            Best trial: 848. Best value: 71.8721:  48%|████▊     | 952/2000 [1:09:22<2:07:28,  7.30s/it]Best trial: 848. Best value: 71.8721:  48%|████▊     | 952/2000 [1:09:22<2:07:28,  7.30s/it]                                                                                            Best trial: 848. Best value: 71.8721:  48%|████▊     | 953/2000 [1:09:22<2:07:21,  7.30s/it]                                                                                            [I 2026-04-01 12:13:15,796] Trial 934 finished with value: 124.87285137796682 and parameters: {'alpha_0': 13821.363812862228, 'alpha_1': 731.210065553485, 'alpha_2': 48.37445078476018, 'beta_0': 0.5205535636032128, 'beta_1': 1.4777642168974703, 'beta_2': 1.5925314113913542, 'beta_3': 0.4775274470628595, 'beta_4': 32.704100184199895, 'beta_5': 44.12421927878677, 'beta_6': 153.29217488699487}. Best is trial 848 with value: 71.87210838672198.
[I 2026-04-01 12:13:16,047] Trial 937 finished with value: 79.62875753120832 and parameters: {'alpha_0': 13801.134488576225, 'alpha_1': 514.7316602223138, 'alpha_2': 48.97180199506169, 'beta_0': 0.3213482272275682, 'beta_1': 1.4746324657694727, 'beta_2': 1.616894878832677, 'beta_3': 0.48251301945206015, 'beta_4': 39.10069841620203, 'beta_5': 12.953186440627551, 'beta_6': 153.70298196127166}. Best is trial 848 with value: 71.87210838672198.
[I 2026-04-01 12:13:16,061] Trial 930 finished with value: 148.82448006833414 and parameters: {'alpha_0': 12860.777234312996, 'alpha_1': 709.205957454881, 'alpha_2': 48.36591237085116, 'beta_0': 0.5932997611082347, 'beta_1': 1.5559625826179404, 'beta_2': 1.6196176930695834, 'beta_3': 0.4726560421866179, 'beta_4': 31.51432948111923, 'beta_5': 40.271497816857895, 'beta_6': 152.1843028245049}. Best is trial 848 with value: 71.87210838672198.
[I 2026-04-01 12:13:16,931] Trial 939 finished with value: 81.76342729176972 and parameters: {'alpha_0': 13943.204935787538, 'alpha_1': 516.3154090578915, 'alpha_2': 43.04789345593183, 'beta_0': 0.3258331678667481, 'beta_1': 1.489924262955497, 'beta_2': 1.4824499693900113, 'beta_3': 0.49438647004860603, 'beta_4': 36.171287440933575, 'beta_5': 44.39458888657981, 'beta_6': 134.90823899887152}. Best is trial 848 with value: 71.87210838672198.
[I 2026-04-01 12:13:58,416] Trial 942 finished with value: 74.55732764625668 and parameters: {'alpha_0': 14792.482486844621, 'alpha_1': 459.9459256053418, 'alpha_2': 47.95859861006493, 'beta_0': 0.24495193953986197, 'beta_1': 1.5268751080045755, 'beta_2': 1.2491658367523675, 'beta_3': 0.5515671109551198, 'beta_4': 41.52802206397944, 'beta_5': 93.61865678905266, 'beta_6': 137.51641919947411}. Best is trial 848 with value: 71.87210838672198.
[I 2026-04-01 12:13:58,437] Trial 940 finished with value: 86.44070240347205 and parameters: {'alpha_0': 14140.808192110999, 'alpha_1': 527.8265613439193, 'alpha_2': 43.453793866503005, 'beta_0': 0.3231617516391637, 'beta_1': 1.5036322437616811, 'beta_2': 1.4747854053392908, 'beta_3': 0.5008316760297149, 'beta_4': 35.13383195835158, 'beta_5': 88.39286508093171, 'beta_6': 134.61506505854214}. Best is trial 848 with value: 71.87210838672198.
[I 2026-04-01 12:13:58,480] Trial 944 finished with value: 74.69632925875335 and parameters: {'alpha_0': 14558.14087282394, 'alpha_1': 437.04708204604975, 'alpha_2': 47.94236865796447, 'beta_0': 0.2444765927515657, 'beta_1': 1.5081573133366113, 'beta_2': 1.2524282901809276, 'beta_3': 0.5400766978634225, 'beta_4': 67.9877530395377, 'beta_5': 90.5608542614657, 'beta_6': 135.31962013500734}. Best is trial 848 with value: 71.87210838672198.
[I 2026-04-01 12:13:58,725] Trial 941 finished with value: 72.94576628153659 and parameters: {'alpha_0': 14317.706581543893, 'alpha_1': 496.53406780900946, 'alpha_2': 48.832838151525706, 'beta_0': 0.2590817972240269, 'beta_1': 1.524184769113464, 'beta_2': 1.4640723675462608, 'beta_3': 0.4855549536258338, 'beta_4': 36.14541390254382, 'beta_5': 12.225691980061594, 'beta_6': 164.8500608348113}. Best is trial 848 with value: 71.87210838672198.
[I 2026-04-01 12:13:58,861] Trial 943 finished with value: 78.3900819471055 and parameters: {'alpha_0': 11531.226681452172, 'alpha_1': 447.4985133681163, 'alpha_2': 47.76315148584468, 'beta_0': 0.24716911128756405, 'beta_1': 1.5180535464111313, 'beta_2': 1.2494010757006793, 'beta_3': 0.5516022285346058, 'beta_4': 41.49179075570439, 'beta_5': 10.452169807596148, 'beta_6': 137.51184653819217}. Best is trial 848 with value: 71.87210838672198.
[I 2026-04-01 12:13:58,865] Trial 945 finished with value: 101.26768640803374 and parameters: {'alpha_0': 14563.117567691063, 'alpha_1': 420.0484616202932, 'alpha_2': 47.95703021250611, 'beta_0': 0.24874486129410345, 'beta_1': 1.5276641865885334, 'beta_2': 1.2446104220390581, 'beta_3': 0.5369377388977089, 'beta_4': 42.055935195125535, 'beta_5': 359.7543457396015, 'beta_6': 136.13689098794288}. Best is trial 848 with value: 71.87210838672198.
[I 2026-04-01 12:13:59,183] Trial 946 finished with value: 76.4699343052078 and parameters: {'alpha_0': 14930.783304823184, 'alpha_1': 413.5829220465727, 'alpha_2': 49.17458109992507, 'beta_0': 0.2573847329113466, 'beta_1': 1.4963773008154293, 'beta_2': 1.4756298942021209, 'beta_3': 0.5492343900585587, 'beta_4': 40.16984384194018, 'beta_5': 90.56670489226211, 'beta_6': 138.11644687979862}. Best is trial 848 with value: 71.87210838672198.
[I 2026-04-01 12:13:59,188] Trial 949 finished with value: 75.40040749621717 and parameters: {'alpha_0': 14839.298168575628, 'alpha_1': 400.4221986362046, 'alpha_2': 47.7954587761493, 'beta_0': 0.24873432025211534, 'beta_1': 1.506174057218499, 'beta_2': 1.2365076737505871, 'beta_3': 0.5532557417672248, 'beta_4': 66.01935129702588, 'beta_5': 93.50043118165573, 'beta_6': 135.58787426249648}. Best is trial 848 with value: 71.87210838672198.
[I 2026-04-01 12:13:59,205] Trial 947 finished with value: 928.9469947813226 and parameters: {'alpha_0': 14699.041334707295, 'alpha_1': 433.7351893919636, 'alpha_2': 47.597999821181396, 'beta_0': 2.007156640061911, 'beta_1': 1.5085945332704962, 'beta_2': 1.2480916642102489, 'beta_3': 0.5243048494120285, 'beta_4': 55.304924804199956, 'beta_5': 89.75794786387927, 'beta_6': 135.95249313780943}. Best is trial 848 with value: 71.87210838672198.
[I 2026-04-01 12:13:59,754] Trial 948 finished with value: 988.8609194151577 and parameters: {'alpha_0': 14841.47050961373, 'alpha_1': 401.23895472197273, 'alpha_2': 47.60747336293711, 'beta_0': 2.13169691073327, 'beta_1': 1.5472453166325955, 'beta_2': 1.2567025845263382, 'beta_3': 0.5305477578789706, 'beta_4': 67.47847845865041, 'beta_5': 87.92309489344566, 'beta_6': 135.8822269853273}. Best is trial 848 with value: 71.87210838672198.
[I 2026-04-01 12:14:42,782] Trial 951 finished with value: 76.56909131656707 and parameters: {'alpha_0': 11492.805329013936, 'alpha_1': 333.3724325091706, 'alpha_2': 49.335086818444935, 'beta_0': 0.24149779069692348, 'beta_1': 1.6142263788820101, 'beta_2': 1.3549909151480732, 'beta_3': 0.4019379218192494, 'beta_4': 53.49787788330731, 'beta_5': 58.30337069976028, 'beta_6': 168.58755821322262}. Best is trial 848 with value: 71.87210838672198.
[I 2026-04-01 12:14:43,107] Trial 953 finished with value: 77.76197015591775 and parameters: {'alpha_0': 15666.570677132244, 'alpha_1': 349.8909452996768, 'alpha_2': 45.79250106654157, 'beta_0': 0.24404989495675564, 'beta_1': 1.6239719781892972, 'beta_2': 1.349251893113813, 'beta_3': 0.5490318744890128, 'beta_4': 17.34389501488912, 'beta_5': 11.807460297932916, 'beta_6': 350.58975331245824}. Best is trial 848 with value: 71.87210838672198.
[I 2026-04-01 12:14:43,204] Trial 952 finished with value: 74.73005881051509 and parameters: {'alpha_0': 11447.158764612188, 'alpha_1': 362.91119689936204, 'alpha_2': 45.92519683784834, 'beta_0': 0.2500722768170054, 'beta_1': 1.613922588004115, 'beta_2': 1.3485950217160918, 'beta_3': 0.40734046386593087, 'beta_4': 53.43780213431675, 'beta_5': 56.471376162316865, 'beta_6': 167.5568257560332}. Best is trial 848 with value: 71.87210838672198.
[I 2026-04-01 12:14:43,306] Trial 950 finished with value: 74.24645055375424 and parameters: {'alpha_0': 11597.236625570762, 'alpha_1': 324.2211161241429, 'alpha_2': 46.998959472214885, 'beta_0': 0.20076196762164453, 'beta_1': 1.6209081687661198, 'beta_2': 1.3534809962747325, 'beta_3': 0.5415532950328361, 'beta_4': 54.21473377630064, 'beta_5': 0.5921954625407171, 'beta_6': 165.82179074096575}. Best is trial 848 with value: 71.87210838672198.
Best trial: 848. Best value: 71.8721:  48%|████▊     | 953/2000 [1:09:22<2:07:21,  7.30s/it]Best trial: 848. Best value: 71.8721:  48%|████▊     | 953/2000 [1:09:22<2:07:21,  7.30s/it]Best trial: 848. Best value: 71.8721:  48%|████▊     | 954/2000 [1:09:22<1:22:05,  4.71s/it]Best trial: 848. Best value: 71.8721:  48%|████▊     | 954/2000 [1:09:22<1:22:05,  4.71s/it]                                                                                            Best trial: 848. Best value: 71.8721:  48%|████▊     | 955/2000 [1:09:22<1:22:00,  4.71s/it]Best trial: 848. Best value: 71.8721:  48%|████▊     | 955/2000 [1:09:22<1:22:00,  4.71s/it]Best trial: 848. Best value: 71.8721:  48%|████▊     | 956/2000 [1:09:22<54:30,  3.13s/it]                                                                                            Best trial: 848. Best value: 71.8721:  48%|████▊     | 956/2000 [1:09:22<54:30,  3.13s/it]Best trial: 848. Best value: 71.8721:  48%|████▊     | 956/2000 [1:09:22<54:30,  3.13s/it]Best trial: 848. Best value: 71.8721:  48%|████▊     | 957/2000 [1:09:22<44:21,  2.55s/it]                                                                                          Best trial: 848. Best value: 71.8721:  48%|████▊     | 957/2000 [1:09:23<44:21,  2.55s/it]Best trial: 958. Best value: 71.7279:  48%|████▊     | 957/2000 [1:09:23<44:21,  2.55s/it]Best trial: 958. Best value: 71.7279:  48%|████▊     | 958/2000 [1:09:23<35:51,  2.07s/it]                                                                                          Best trial: 958. Best value: 71.7279:  48%|████▊     | 958/2000 [1:09:23<35:51,  2.07s/it]Best trial: 957. Best value: 71.3843:  48%|████▊     | 958/2000 [1:09:23<35:51,  2.07s/it]Best trial: 957. Best value: 71.3843:  48%|████▊     | 959/2000 [1:09:23<28:00,  1.61s/it]                                                                                          Best trial: 957. Best value: 71.3843:  48%|████▊     | 959/2000 [1:09:23<28:00,  1.61s/it]Best trial: 957. Best value: 71.3843:  48%|████▊     | 959/2000 [1:09:23<28:00,  1.61s/it]Best trial: 957. Best value: 71.3843:  48%|████▊     | 960/2000 [1:09:23<21:23,  1.23s/it]                                                                                          Best trial: 957. Best value: 71.3843:  48%|████▊     | 960/2000 [1:10:07<21:23,  1.23s/it]Best trial: 957. Best value: 71.3843:  48%|████▊     | 960/2000 [1:10:07<21:23,  1.23s/it]Best trial: 957. Best value: 71.3843:  48%|████▊     | 961/2000 [1:10:07<3:40:41, 12.74s/it]                                                                                            Best trial: 957. Best value: 71.3843:  48%|████▊     | 961/2000 [1:10:07<3:40:41, 12.74s/it]                                                                                            Best trial: 957. Best value: 71.3843:  48%|████▊     | 961/2000 [1:10:07<3:40:41, 12.74s/it]Best trial: 957. Best value: 71.3843:  48%|████▊     | 961/2000 [1:10:07<3:40:41, 12.74s/it]Best trial: 957. Best value: 71.3843:  48%|████▊     | 962/2000 [1:10:07<3:40:28, 12.74s/it]                                                                                            Best trial: 957. Best value: 71.3843:  48%|████▊     | 963/2000 [1:10:08<3:40:15, 12.74s/it]Best trial: 957. Best value: 71.3843:  48%|████▊     | 963/2000 [1:10:08<3:40:15, 12.74s/it]Best trial: 957. Best value: 71.3843:  48%|████▊     | 964/2000 [1:10:08<1:43:11,  5.98s/it]                                                                                            Best trial: 957. Best value: 71.3843:  48%|████▊     | 964/2000 [1:10:08<1:43:11,  5.98s/it]                                                                                            Best trial: 957. Best value: 71.3843:  48%|████▊     | 964/2000 [1:10:08<1:43:11,  5.98s/it]Best trial: 957. Best value: 71.3843:  48%|████▊     | 964/2000 [1:10:08<1:43:11,  5.98s/it]Best trial: 957. Best value: 71.3843:  48%|████▊     | 965/2000 [1:10:08<1:43:05,  5.98s/it]                                                                                            Best trial: 957. Best value: 71.3843:  48%|████▊     | 966/2000 [1:10:08<1:42:59,  5.98s/it]Best trial: 957. Best value: 71.3843:  48%|████▊     | 966/2000 [1:10:08<1:42:59,  5.98s/it]Best trial: 957. Best value: 71.3843:  48%|████▊     | 967/2000 [1:10:08<59:03,  3.43s/it]                                                                                            Best trial: 957. Best value: 71.3843:  48%|████▊     | 967/2000 [1:10:08<59:03,  3.43s/it]Best trial: 957. Best value: 71.3843:  48%|████▊     | 967/2000 [1:10:08<59:03,  3.43s/it]                                                                                          Best trial: 957. Best value: 71.3843:  48%|████▊     | 968/2000 [1:10:08<59:00,  3.43s/it]Best trial: 957. Best value: 71.3843:  48%|████▊     | 968/2000 [1:10:08<59:00,  3.43s/it]Best trial: 957. Best value: 71.3843:  48%|████▊     | 969/2000 [1:10:08<42:19,  2.46s/it]                                                                                          Best trial: 957. Best value: 71.3843:  48%|████▊     | 969/2000 [1:10:08<42:19,  2.46s/it]Best trial: 957. Best value: 71.3843:  48%|████▊     | 969/2000 [1:10:08<42:19,  2.46s/it]Best trial: 957. Best value: 71.3843:  48%|████▊     | 970/2000 [1:10:21<42:17,  2.46s/it]                                                                                          Best trial: 957. Best value: 71.3843:  48%|████▊     | 970/2000 [1:10:52<42:17,  2.46s/it]Best trial: 957. Best value: 71.3843:  48%|████▊     | 970/2000 [1:10:52<42:17,  2.46s/it]Best trial: 957. Best value: 71.3843:  49%|████▊     | 971/2000 [1:10:52<2:19:54,  8.16s/it]                                                                                            Best trial: 957. Best value: 71.3843:  49%|████▊     | 971/2000 [1:10:52<2:19:54,  8.16s/it]Best trial: 957. Best value: 71.3843:  49%|████▊     | 971/2000 [1:10:52<2:19:54,  8.16s/it]                                                                                            [I 2026-04-01 12:14:43,320] Trial 954 finished with value: 80.67744799976211 and parameters: {'alpha_0': 15900.684749135655, 'alpha_1': 306.70348011589715, 'alpha_2': 46.19809952559805, 'beta_0': 0.2488056976949862, 'beta_1': 1.7591955857587582, 'beta_2': 1.7331321769918064, 'beta_3': 0.443519700857906, 'beta_4': 67.93729899877756, 'beta_5': 9.603401886609568, 'beta_6': 167.63153868358776}. Best is trial 848 with value: 71.87210838672198.
[I 2026-04-01 12:14:43,489] Trial 956 finished with value: 73.86608427004492 and parameters: {'alpha_0': 15806.06905764399, 'alpha_1': 834.4496055755617, 'alpha_2': 45.675681641080615, 'beta_0': 0.24603158307854478, 'beta_1': 1.6185424949515583, 'beta_2': 1.3745611238958186, 'beta_3': 0.40835486290563716, 'beta_4': 62.41972480890061, 'beta_5': 10.405407824363282, 'beta_6': 167.98450456703046}. Best is trial 848 with value: 71.87210838672198.
[I 2026-04-01 12:14:43,638] Trial 955 finished with value: 90.0363787124073 and parameters: {'alpha_0': 28866.082176656226, 'alpha_1': 342.76324481693473, 'alpha_2': 46.20925241708519, 'beta_0': 0.2597737114707934, 'beta_1': 1.6230095381494591, 'beta_2': 1.3624103313562355, 'beta_3': 0.3934546882659217, 'beta_4': 27.45888716186909, 'beta_5': 0.37524574877958017, 'beta_6': 169.07922231517884}. Best is trial 848 with value: 71.87210838672198.
[I 2026-04-01 12:14:43,968] Trial 958 finished with value: 71.72793235475223 and parameters: {'alpha_0': 16110.81291246399, 'alpha_1': 241.6577426716272, 'alpha_2': 45.85271862743241, 'beta_0': 0.20324401549471613, 'beta_1': 1.7634555895062363, 'beta_2': 1.342025615612975, 'beta_3': 0.44155676318498016, 'beta_4': 62.70411216534717, 'beta_5': 7.146008131924461, 'beta_6': 168.81438819955926}. Best is trial 958 with value: 71.72793235475223.
