Best trial: 214. Best value: 74.2289:  12%|█▏        | 234/2000 [16:55<5:59:30, 12.21s/it]Best trial: 214. Best value: 74.2289:  12%|█▏        | 234/2000 [16:55<5:59:30, 12.21s/it]Best trial: 214. Best value: 74.2289:  12%|█▏        | 235/2000 [16:55<3:31:27,  7.19s/it]                                                                                          Best trial: 214. Best value: 74.2289:  12%|█▏        | 235/2000 [16:55<3:31:27,  7.19s/it]Best trial: 214. Best value: 74.2289:  12%|█▏        | 235/2000 [16:55<3:31:27,  7.19s/it]                                                                                          Best trial: 214. Best value: 74.2289:  12%|█▏        | 236/2000 [16:55<3:31:20,  7.19s/it]                                                                                          Best trial: 214. Best value: 74.2289:  12%|█▏        | 236/2000 [16:55<3:31:20,  7.19s/it]Best trial: 214. Best value: 74.2289:  12%|█▏        | 236/2000 [16:55<3:31:20,  7.19s/it]Best trial: 214. Best value: 74.2289:  12%|█▏        | 237/2000 [16:55<2:32:15,  5.18s/it]Best trial: 214. Best value: 74.2289:  12%|█▏        | 237/2000 [16:55<2:32:15,  5.18s/it]                                                                                          Best trial: 214. Best value: 74.2289:  12%|█▏        | 238/2000 [16:55<2:32:10,  5.18s/it]Best trial: 214. Best value: 74.2289:  12%|█▏        | 238/2000 [16:55<2:32:10,  5.18s/it]Best trial: 214. Best value: 74.2289:  12%|█▏        | 239/2000 [16:55<1:48:58,  3.71s/it]                                                                                          Best trial: 214. Best value: 74.2289:  12%|█▏        | 239/2000 [16:55<1:48:58,  3.71s/it]Best trial: 214. Best value: 74.2289:  12%|█▏        | 239/2000 [16:55<1:48:58,  3.71s/it]Best trial: 214. Best value: 74.2289:  12%|█▏        | 240/2000 [17:10<1:48:54,  3.71s/it]                                                                                          Best trial: 214. Best value: 74.2289:  12%|█▏        | 240/2000 [17:35<1:48:54,  3.71s/it]Best trial: 214. Best value: 74.2289:  12%|█▏        | 240/2000 [17:35<1:48:54,  3.71s/it]Best trial: 214. Best value: 74.2289:  12%|█▏        | 241/2000 [17:35<4:07:45,  8.45s/it]                                                                                          Best trial: 214. Best value: 74.2289:  12%|█▏        | 241/2000 [17:35<4:07:45,  8.45s/it]Best trial: 214. Best value: 74.2289:  12%|█▏        | 241/2000 [17:35<4:07:45,  8.45s/it]Best trial: 214. Best value: 74.2289:  12%|█▏        | 242/2000 [17:35<3:25:56,  7.03s/it]                                                                                          Best trial: 214. Best value: 74.2289:  12%|█▏        | 242/2000 [17:35<3:25:56,  7.03s/it]Best trial: 214. Best value: 74.2289:  12%|█▏        | 242/2000 [17:35<3:25:56,  7.03s/it]                                                                                          Best trial: 214. Best value: 74.2289:  12%|█▏        | 243/2000 [17:35<3:25:49,  7.03s/it]                                                                                          Best trial: 214. Best value: 74.2289:  12%|█▏        | 243/2000 [17:35<3:25:49,  7.03s/it]Best trial: 214. Best value: 74.2289:  12%|█▏        | 243/2000 [17:35<3:25:49,  7.03s/it]Best trial: 214. Best value: 74.2289:  12%|█▏        | 244/2000 [17:35<3:25:42,  7.03s/it]                                                                                          Best trial: 214. Best value: 74.2289:  12%|█▏        | 245/2000 [17:36<3:25:35,  7.03s/it]Best trial: 214. Best value: 74.2289:  12%|█▏        | 245/2000 [17:36<3:25:35,  7.03s/it]Best trial: 214. Best value: 74.2289:  12%|█▏        | 246/2000 [17:36<1:44:27,  3.57s/it]                                                                                          Best trial: 214. Best value: 74.2289:  12%|█▏        | 246/2000 [17:36<1:44:27,  3.57s/it]Best trial: 214. Best value: 74.2289:  12%|█▏        | 246/2000 [17:36<1:44:27,  3.57s/it]                                                                                          Best trial: 214. Best value: 74.2289:  12%|█▏        | 247/2000 [17:36<1:44:23,  3.57s/it]Best trial: 214. Best value: 74.2289:  12%|█▏        | 247/2000 [17:36<1:44:23,  3.57s/it]Best trial: 214. Best value: 74.2289:  12%|█▏        | 248/2000 [17:36<1:18:06,  2.68s/it]                                                                                          Best trial: 214. Best value: 74.2289:  12%|█▏        | 248/2000 [17:36<1:18:06,  2.68s/it]Best trial: 214. Best value: 74.2289:  12%|█▏        | 248/2000 [17:36<1:18:06,  2.68s/it]                                                                                          Best trial: 214. Best value: 74.2289:  12%|█▏        | 249/2000 [17:36<1:18:04,  2.68s/it]Best trial: 214. Best value: 74.2289:  12%|█▏        | 249/2000 [17:36<1:18:04,  2.68s/it]Best trial: 214. Best value: 74.2289:  12%|█▎        | 250/2000 [17:36<57:25,  1.97s/it]  Best trial: 214. Best value: 74.2289:  12%|█▎        | 250/2000 [17:50<57:25,  1.97s/it]                                                                                        Best trial: 214. Best value: 74.2289:  12%|█▎        | 250/2000 [18:16<57:25,  1.97s/it]Best trial: 214. Best value: 74.2289:  12%|█▎        | 250/2000 [18:16<57:25,  1.97s/it]Best trial: 214. Best value: 74.2289:  13%|█▎        | 251/2000 [18:16<3:59:37,  8.22s/it]                                                                                          Best trial: 214. Best value: 74.2289:  13%|█▎        | 251/2000 [18:16<3:59:37,  8.22s/it]Best trial: 214. Best value: 74.2289:  13%|█▎        | 251/2000 [18:16<3:59:37,  8.22s/it]                                                                                          [I 2026-04-01 11:22:16,098] Trial 238 finished with value: 76.20670336621441 and parameters: {'alpha_0': 18397.925740976363, 'alpha_1': 1132.133387416141, 'alpha_2': 21.415368849587363, 'beta_0': 0.20406740043831753, 'beta_1': 0.703774078336306, 'beta_2': 0.9091068976717732, 'beta_3': 1.180102745424647, 'beta_4': 66.30775242764643, 'beta_5': 163.1728892514952, 'beta_6': 84.28199421102384}. Best is trial 214 with value: 74.22893415223656.
[I 2026-04-01 11:22:16,275] Trial 234 finished with value: 76.34793873700099 and parameters: {'alpha_0': 18473.76292037787, 'alpha_1': 225.69307792914313, 'alpha_2': 20.865056592166987, 'beta_0': 0.2031264865304027, 'beta_1': 0.7097641175742311, 'beta_2': 0.9276510840167199, 'beta_3': 1.0721418235394304, 'beta_4': 102.92606809884686, 'beta_5': 166.3521797933391, 'beta_6': 86.73351375042571}. Best is trial 214 with value: 74.22893415223656.
[I 2026-04-01 11:22:16,296] Trial 233 finished with value: 75.60313980098528 and parameters: {'alpha_0': 17412.187542933985, 'alpha_1': 182.8447580188879, 'alpha_2': 20.60672145523579, 'beta_0': 0.20077278365483797, 'beta_1': 0.721314807967972, 'beta_2': 0.9240540726236063, 'beta_3': 1.1605467029536756, 'beta_4': 102.56019435868096, 'beta_5': 166.27664951724245, 'beta_6': 85.32675296509964}. Best is trial 214 with value: 74.22893415223656.
[I 2026-04-01 11:22:16,313] Trial 239 finished with value: 76.45424545798227 and parameters: {'alpha_0': 18443.585633545394, 'alpha_1': 1099.5152451505107, 'alpha_2': 20.877497850460998, 'beta_0': 0.2116543855165393, 'beta_1': 0.7028573696236622, 'beta_2': 0.9223734107452941, 'beta_3': 1.162811947483509, 'beta_4': 111.34467226135554, 'beta_5': 164.0708332686221, 'beta_6': 85.94336787329388}. Best is trial 214 with value: 74.22893415223656.
[I 2026-04-01 11:22:16,436] Trial 232 finished with value: 76.68197872028674 and parameters: {'alpha_0': 18673.485953519954, 'alpha_1': 1085.4237990928666, 'alpha_2': 23.87737483681899, 'beta_0': 0.2015927409645552, 'beta_1': 0.704330862978037, 'beta_2': 0.9272034853787107, 'beta_3': 1.0696477649021985, 'beta_4': 102.7914642057785, 'beta_5': 165.65801225979644, 'beta_6': 12.541076347343282}. Best is trial 214 with value: 74.22893415223656.
[I 2026-04-01 11:22:16,492] Trial 235 finished with value: 76.22716433771697 and parameters: {'alpha_0': 18276.9240184548, 'alpha_1': 97.6393688313654, 'alpha_2': 20.61805347516371, 'beta_0': 0.20562542183240956, 'beta_1': 0.7130141477311893, 'beta_2': 0.9302505900174814, 'beta_3': 1.0725214389749937, 'beta_4': 102.30880382954699, 'beta_5': 167.13181700362807, 'beta_6': 87.83933829698067}. Best is trial 214 with value: 74.22893415223656.
[I 2026-04-01 11:22:56,436] Trial 242 finished with value: 75.97491335809164 and parameters: {'alpha_0': 18418.88495649657, 'alpha_1': 1070.1311896048528, 'alpha_2': 20.760937951363275, 'beta_0': 0.20221421175595192, 'beta_1': 0.7856633978434345, 'beta_2': 0.9144808596033044, 'beta_3': 1.147513920241676, 'beta_4': 102.8577175949141, 'beta_5': 160.5151445844267, 'beta_6': 8.811531951105325}. Best is trial 214 with value: 74.22893415223656.
[I 2026-04-01 11:22:56,622] Trial 245 finished with value: 76.18689879344666 and parameters: {'alpha_0': 17915.290069800118, 'alpha_1': 18.14885426256643, 'alpha_2': 20.591596777960245, 'beta_0': 0.21651162082784017, 'beta_1': 0.921058458013537, 'beta_2': 0.9109746084714764, 'beta_3': 1.1723720276455172, 'beta_4': 110.86025821880095, 'beta_5': 165.60259963291188, 'beta_6': 12.87212790726322}. Best is trial 214 with value: 74.22893415223656.
[I 2026-04-01 11:22:56,661] Trial 240 finished with value: 76.30300487647398 and parameters: {'alpha_0': 18183.36165720995, 'alpha_1': 107.90825106253854, 'alpha_2': 20.57821374364984, 'beta_0': 0.2052459877708169, 'beta_1': 0.706417192738537, 'beta_2': 0.9266967062031779, 'beta_3': 1.17821689577418, 'beta_4': 105.00800867782543, 'beta_5': 163.81372080835575, 'beta_6': 88.94414850080881}. Best is trial 214 with value: 74.22893415223656.
[I 2026-04-01 11:22:56,680] Trial 241 finished with value: 76.66617333523475 and parameters: {'alpha_0': 18574.511182093574, 'alpha_1': 184.3868881692979, 'alpha_2': 20.942466312344063, 'beta_0': 0.20430676227686612, 'beta_1': 0.7173058553767253, 'beta_2': 0.9265684222622916, 'beta_3': 1.073895288793138, 'beta_4': 102.98439625592393, 'beta_5': 165.99392093334524, 'beta_6': 85.90107171878373}. Best is trial 214 with value: 74.22893415223656.
[I 2026-04-01 11:22:56,681] Trial 247 finished with value: 76.35148036386877 and parameters: {'alpha_0': 17707.488708701378, 'alpha_1': 125.47780931635693, 'alpha_2': 20.30310665861664, 'beta_0': 0.20377922169257626, 'beta_1': 0.9186221312490052, 'beta_2': 0.9124222486255334, 'beta_3': 1.1809736941942697, 'beta_4': 112.30029824402754, 'beta_5': 164.57014524821636, 'beta_6': 4.829079972363772}. Best is trial 214 with value: 74.22893415223656.
[I 2026-04-01 11:22:56,865] Trial 243 finished with value: 75.78850938148265 and parameters: {'alpha_0': 18364.77399832645, 'alpha_1': 18.651417151587395, 'alpha_2': 20.44768837632041, 'beta_0': 0.20120345135047896, 'beta_1': 0.7713352374604563, 'beta_2': 0.9241279203935808, 'beta_3': 1.1584891463935585, 'beta_4': 110.74405096190918, 'beta_5': 163.2164416738418, 'beta_6': 11.933598089334309}. Best is trial 214 with value: 74.22893415223656.
[I 2026-04-01 11:22:57,082] Trial 244 finished with value: 75.94736789825922 and parameters: {'alpha_0': 17928.36070532331, 'alpha_1': 1107.9785013182748, 'alpha_2': 20.298915418757208, 'beta_0': 0.2043653932702787, 'beta_1': 0.9241176485383852, 'beta_2': 0.9215834877232846, 'beta_3': 1.1782839385391688, 'beta_4': 111.87817696007266, 'beta_5': 163.81440856721522, 'beta_6': 9.607959638946248}. Best is trial 214 with value: 74.22893415223656.
[I 2026-04-01 11:22:57,139] Trial 246 finished with value: 75.70014281192007 and parameters: {'alpha_0': 17769.12533075372, 'alpha_1': 627.5159206421773, 'alpha_2': 20.492753082304585, 'beta_0': 0.2092626565184814, 'beta_1': 0.7843198569617491, 'beta_2': 0.9109363015656821, 'beta_3': 1.1492555751357707, 'beta_4': 110.70634616809157, 'beta_5': 162.134736631548, 'beta_6': 12.317635048261875}. Best is trial 214 with value: 74.22893415223656.
[I 2026-04-01 11:22:57,287] Trial 249 finished with value: 78.29052195086496 and parameters: {'alpha_0': 16784.84601873416, 'alpha_1': 107.06081141001346, 'alpha_2': 20.44602827278357, 'beta_0': 0.20623529813050137, 'beta_1': 0.9454817882022819, 'beta_2': 0.9712237695894806, 'beta_3': 1.132415562414397, 'beta_4': 113.78881469175748, 'beta_5': 161.9293001632983, 'beta_6': 82.16299423751843}. Best is trial 214 with value: 74.22893415223656.
[I 2026-04-01 11:22:57,299] Trial 248 finished with value: 185.98971510918517 and parameters: {'alpha_0': 16774.292815228186, 'alpha_1': 65.02886793223831, 'alpha_2': 20.59926385898563, 'beta_0': 0.2010589245719771, 'beta_1': 0.7912173419981616, 'beta_2': 2.7202453571789373, 'beta_3': 1.1742652336442332, 'beta_4': 113.0633833602888, 'beta_5': 166.6676651396894, 'beta_6': 85.51213651184474}. Best is trial 214 with value: 74.22893415223656.
[I 2026-04-01 11:23:37,697] Trial 256 finished with value: 77.14304184933582 and parameters: {'alpha_0': 16611.62479278943, 'alpha_1': 111.55908736758056, 'alpha_2': 17.18514390609126, 'beta_0': 0.2005550031620776, 'beta_1': 0.7922817191390034, 'beta_2': 0.9790038673550384, 'beta_3': 1.1409089178345766, 'beta_4': 110.71016265744899, 'beta_5': 159.69527963942323, 'beta_6': 0.018029944963299016}. Best is trial 214 with value: 74.22893415223656.
[I 2026-04-01 11:23:37,748] Trial 253 finished with value: 79.72839275518241 and parameters: {'alpha_0': 16993.257950662904, 'alpha_1': 61.83040914543635, 'alpha_2': 20.365933251905087, 'beta_0': 0.23924326533829218, 'beta_1': 0.8154724346284206, 'beta_2': 0.8366963174258596, 'beta_3': 1.1718176240157236, 'beta_4': 109.65815789253129, 'beta_5': 158.89469033265345, 'beta_6': 0.8631699737124379}. Best is trial 214 with value: 74.22893415223656.
Best trial: 214. Best value: 74.2289:  13%|█▎        | 252/2000 [18:16<3:59:29,  8.22s/it]                                                                                          Best trial: 214. Best value: 74.2289:  13%|█▎        | 252/2000 [18:16<3:59:29,  8.22s/it]Best trial: 214. Best value: 74.2289:  13%|█▎        | 252/2000 [18:16<3:59:29,  8.22s/it]Best trial: 214. Best value: 74.2289:  13%|█▎        | 253/2000 [18:16<2:43:52,  5.63s/it]Best trial: 214. Best value: 74.2289:  13%|█▎        | 253/2000 [18:16<2:43:52,  5.63s/it]                                                                                          Best trial: 214. Best value: 74.2289:  13%|█▎        | 254/2000 [18:17<2:43:46,  5.63s/it]                                                                                          Best trial: 214. Best value: 74.2289:  13%|█▎        | 254/2000 [18:17<2:43:46,  5.63s/it]Best trial: 214. Best value: 74.2289:  13%|█▎        | 254/2000 [18:17<2:43:46,  5.63s/it]Best trial: 214. Best value: 74.2289:  13%|█▎        | 255/2000 [18:17<1:53:08,  3.89s/it]Best trial: 214. Best value: 74.2289:  13%|█▎        | 255/2000 [18:17<1:53:08,  3.89s/it]                                                                                          Best trial: 214. Best value: 74.2289:  13%|█▎        | 256/2000 [18:17<1:53:04,  3.89s/it]Best trial: 214. Best value: 74.2289:  13%|█▎        | 256/2000 [18:17<1:53:04,  3.89s/it]                                                                                          Best trial: 214. Best value: 74.2289:  13%|█▎        | 257/2000 [18:17<1:18:43,  2.71s/it]Best trial: 214. Best value: 74.2289:  13%|█▎        | 257/2000 [18:17<1:18:43,  2.71s/it]Best trial: 214. Best value: 74.2289:  13%|█▎        | 257/2000 [18:17<1:18:43,  2.71s/it]                                                                                          Best trial: 214. Best value: 74.2289:  13%|█▎        | 258/2000 [18:17<1:18:40,  2.71s/it]Best trial: 214. Best value: 74.2289:  13%|█▎        | 258/2000 [18:17<1:18:40,  2.71s/it]Best trial: 214. Best value: 74.2289:  13%|█▎        | 259/2000 [18:17<55:46,  1.92s/it]                                                                                          Best trial: 214. Best value: 74.2289:  13%|█▎        | 259/2000 [18:17<55:46,  1.92s/it]Best trial: 214. Best value: 74.2289:  13%|█▎        | 259/2000 [18:17<55:46,  1.92s/it]Best trial: 214. Best value: 74.2289:  13%|█▎        | 260/2000 [18:30<55:44,  1.92s/it]                                                                                        Best trial: 214. Best value: 74.2289:  13%|█▎        | 260/2000 [18:58<55:44,  1.92s/it]Best trial: 214. Best value: 74.2289:  13%|█▎        | 260/2000 [18:58<55:44,  1.92s/it]Best trial: 214. Best value: 74.2289:  13%|█▎        | 261/2000 [18:58<3:37:42,  7.51s/it]                                                                                          Best trial: 214. Best value: 74.2289:  13%|█▎        | 261/2000 [18:58<3:37:42,  7.51s/it]Best trial: 214. Best value: 74.2289:  13%|█▎        | 261/2000 [18:58<3:37:42,  7.51s/it]                                                                                          Best trial: 214. Best value: 74.2289:  13%|█▎        | 262/2000 [18:58<3:37:34,  7.51s/it]Best trial: 214. Best value: 74.2289:  13%|█▎        | 262/2000 [18:58<3:37:34,  7.51s/it]Best trial: 214. Best value: 74.2289:  13%|█▎        | 263/2000 [18:58<2:32:11,  5.26s/it]                                                                                          Best trial: 214. Best value: 74.2289:  13%|█▎        | 263/2000 [18:58<2:32:11,  5.26s/it]Best trial: 214. Best value: 74.2289:  13%|█▎        | 263/2000 [18:58<2:32:11,  5.26s/it]                                                                                          Best trial: 214. Best value: 74.2289:  13%|█▎        | 264/2000 [18:58<2:32:06,  5.26s/it]Best trial: 214. Best value: 74.2289:  13%|█▎        | 264/2000 [18:58<2:32:06,  5.26s/it]Best trial: 214. Best value: 74.2289:  13%|█▎        | 265/2000 [18:58<1:46:40,  3.69s/it]                                                                                          Best trial: 214. Best value: 74.2289:  13%|█▎        | 265/2000 [18:58<1:46:40,  3.69s/it]Best trial: 214. Best value: 74.2289:  13%|█▎        | 265/2000 [18:58<1:46:40,  3.69s/it]                                                                                          Best trial: 214. Best value: 74.2289:  13%|█▎        | 266/2000 [18:58<1:46:37,  3.69s/it]Best trial: 214. Best value: 74.2289:  13%|█▎        | 266/2000 [18:58<1:46:37,  3.69s/it]Best trial: 214. Best value: 74.2289:  13%|█▎        | 267/2000 [18:58<1:15:46,  2.62s/it]                                                                                          Best trial: 214. Best value: 74.2289:  13%|█▎        | 267/2000 [18:58<1:15:46,  2.62s/it]Best trial: 214. Best value: 74.2289:  13%|█▎        | 267/2000 [18:58<1:15:46,  2.62s/it]                                                                                          Best trial: 214. Best value: 74.2289:  13%|█▎        | 268/2000 [18:58<1:15:44,  2.62s/it]Best trial: 214. Best value: 74.2289:  13%|█▎        | 268/2000 [18:58<1:15:44,  2.62s/it]Best trial: 214. Best value: 74.2289:  13%|█▎        | 269/2000 [18:58<54:02,  1.87s/it]                                                                                          Best trial: 214. Best value: 74.2289:  13%|█▎        | 269/2000 [18:59<54:02,  1.87s/it]Best trial: 214. Best value: 74.2289:  13%|█▎        | 269/2000 [18:59<54:02,  1.87s/it]Best trial: 214. Best value: 74.2289:  14%|█▎        | 270/2000 [19:10<54:00,  1.87s/it]                                                                                        [I 2026-04-01 11:23:37,783] Trial 250 finished with value: 76.84925753021899 and parameters: {'alpha_0': 17039.310184800135, 'alpha_1': 665.1210761939535, 'alpha_2': 20.434746338513147, 'beta_0': 0.2420708955249896, 'beta_1': 0.7997468452414465, 'beta_2': 0.9610509204240084, 'beta_3': 1.163251593090834, 'beta_4': 103.01479362566107, 'beta_5': 163.28077677611228, 'beta_6': 102.04895463702414}. Best is trial 214 with value: 74.22893415223656.
[I 2026-04-01 11:23:37,791] Trial 258 finished with value: 84.79191628583676 and parameters: {'alpha_0': 20295.952728954886, 'alpha_1': 651.8367874081714, 'alpha_2': 17.51515059050175, 'beta_0': 0.25199433101979923, 'beta_1': 0.8414803777536606, 'beta_2': 0.8313004524881209, 'beta_3': 1.2247333082897067, 'beta_4': 109.85037824581755, 'beta_5': 157.49136640721798, 'beta_6': 9.835570112256377}. Best is trial 214 with value: 74.22893415223656.
[I 2026-04-01 11:23:37,908] Trial 259 finished with value: 82.37550072298694 and parameters: {'alpha_0': 20564.651333961283, 'alpha_1': 307.37394794918606, 'alpha_2': 17.803158625840183, 'beta_0': 0.251293430890556, 'beta_1': 0.845355965936796, 'beta_2': 0.8385723562596207, 'beta_3': 1.2091069173305613, 'beta_4': 109.43006901327996, 'beta_5': 158.42242200702663, 'beta_6': 9.243280863344744}. Best is trial 214 with value: 74.22893415223656.
[I 2026-04-01 11:23:37,910] Trial 252 finished with value: 77.25195029358501 and parameters: {'alpha_0': 16688.848646125305, 'alpha_1': 293.8497758656189, 'alpha_2': 19.762717628209757, 'beta_0': 0.20047890774069693, 'beta_1': 0.927935118382157, 'beta_2': 0.9736329255885361, 'beta_3': 1.184986389494025, 'beta_4': 114.41426017820787, 'beta_5': 158.46797845616723, 'beta_6': 7.976479043338313}. Best is trial 214 with value: 74.22893415223656.
