Best trial: 1590. Best value: 71.3826:  84%|████████▍ | 1687/2000 [2:30:13<14:02,  2.69s/it]                                                                                            Best trial: 1590. Best value: 71.3826:  84%|████████▍ | 1687/2000 [2:30:13<14:02,  2.69s/it]Best trial: 1590. Best value: 71.3826:  84%|████████▍ | 1687/2000 [2:30:13<14:02,  2.69s/it]Best trial: 1590. Best value: 71.3826:  84%|████████▍ | 1688/2000 [2:30:13<14:00,  2.69s/it]Best trial: 1590. Best value: 71.3826:  84%|████████▍ | 1689/2000 [2:30:13<09:19,  1.80s/it]                                                                                            Best trial: 1590. Best value: 71.3826:  84%|████████▍ | 1689/2000 [2:30:13<09:19,  1.80s/it]Best trial: 1590. Best value: 71.3826:  84%|████████▍ | 1689/2000 [2:30:14<09:19,  1.80s/it]Best trial: 1590. Best value: 71.3826:  84%|████████▍ | 1690/2000 [2:30:14<07:36,  1.47s/it]                                                                                            Best trial: 1590. Best value: 71.3826:  84%|████████▍ | 1690/2000 [2:31:07<07:36,  1.47s/it]Best trial: 1590. Best value: 71.3826:  84%|████████▍ | 1690/2000 [2:31:07<07:36,  1.47s/it]Best trial: 1590. Best value: 71.3826:  85%|████████▍ | 1691/2000 [2:31:07<1:08:11, 13.24s/it]                                                                                              Best trial: 1590. Best value: 71.3826:  85%|████████▍ | 1691/2000 [2:31:08<1:08:11, 13.24s/it]Best trial: 1590. Best value: 71.3826:  85%|████████▍ | 1691/2000 [2:31:08<1:08:11, 13.24s/it]Best trial: 1590. Best value: 71.3826:  85%|████████▍ | 1692/2000 [2:31:08<52:12, 10.17s/it]                                                                                              Best trial: 1590. Best value: 71.3826:  85%|████████▍ | 1692/2000 [2:31:08<52:12, 10.17s/it]Best trial: 1590. Best value: 71.3826:  85%|████████▍ | 1692/2000 [2:31:08<52:12, 10.17s/it]                                                                                            Best trial: 1590. Best value: 71.3826:  85%|████████▍ | 1693/2000 [2:31:08<52:01, 10.17s/it]                                                                                            Best trial: 1590. Best value: 71.3826:  85%|████████▍ | 1693/2000 [2:31:08<52:01, 10.17s/it]Best trial: 1590. Best value: 71.3826:  85%|████████▍ | 1693/2000 [2:31:08<52:01, 10.17s/it]Best trial: 1590. Best value: 71.3826:  85%|████████▍ | 1694/2000 [2:31:08<30:48,  6.04s/it]Best trial: 1590. Best value: 71.3826:  85%|████████▍ | 1694/2000 [2:31:08<30:48,  6.04s/it]                                                                                            Best trial: 1590. Best value: 71.3826:  85%|████████▍ | 1695/2000 [2:31:08<30:42,  6.04s/it]Best trial: 1590. Best value: 71.3826:  85%|████████▍ | 1695/2000 [2:31:08<30:42,  6.04s/it]Best trial: 1590. Best value: 71.3826:  85%|████████▍ | 1696/2000 [2:31:08<19:26,  3.84s/it]                                                                                            Best trial: 1590. Best value: 71.3826:  85%|████████▍ | 1696/2000 [2:31:08<19:26,  3.84s/it]                                                                                            Best trial: 1590. Best value: 71.3826:  85%|████████▍ | 1696/2000 [2:31:08<19:26,  3.84s/it]Best trial: 1590. Best value: 71.3826:  85%|████████▍ | 1696/2000 [2:31:08<19:26,  3.84s/it]Best trial: 1590. Best value: 71.3826:  85%|████████▍ | 1697/2000 [2:31:08<15:29,  3.07s/it]Best trial: 1590. Best value: 71.3826:  85%|████████▍ | 1697/2000 [2:31:09<15:29,  3.07s/it]                                                                                            Best trial: 1590. Best value: 71.3826:  85%|████████▍ | 1698/2000 [2:31:09<15:26,  3.07s/it]Best trial: 1590. Best value: 71.3826:  85%|████████▍ | 1698/2000 [2:31:09<15:26,  3.07s/it]Best trial: 1590. Best value: 71.3826:  85%|████████▍ | 1699/2000 [2:31:09<09:54,  1.98s/it]                                                                                            Best trial: 1590. Best value: 71.3826:  85%|████████▍ | 1699/2000 [2:31:09<09:54,  1.98s/it]Best trial: 1590. Best value: 71.3826:  85%|████████▍ | 1699/2000 [2:31:09<09:54,  1.98s/it]Best trial: 1590. Best value: 71.3826:  85%|████████▌ | 1700/2000 [2:31:09<08:01,  1.60s/it]                                                                                            Best trial: 1590. Best value: 71.3826:  85%|████████▌ | 1700/2000 [2:31:59<08:01,  1.60s/it]Best trial: 1590. Best value: 71.3826:  85%|████████▌ | 1700/2000 [2:31:59<08:01,  1.60s/it]Best trial: 1590. Best value: 71.3826:  85%|████████▌ | 1701/2000 [2:31:59<1:04:01, 12.85s/it]                                                                                              Best trial: 1590. Best value: 71.3826:  85%|████████▌ | 1701/2000 [2:32:00<1:04:01, 12.85s/it]Best trial: 1590. Best value: 71.3826:  85%|████████▌ | 1701/2000 [2:32:00<1:04:01, 12.85s/it]Best trial: 1590. Best value: 71.3826:  85%|████████▌ | 1702/2000 [2:32:00<48:38,  9.79s/it]                                                                                              Best trial: 1590. Best value: 71.3826:  85%|████████▌ | 1702/2000 [2:32:00<48:38,  9.79s/it]Best trial: 1590. Best value: 71.3826:  85%|████████▌ | 1702/2000 [2:32:00<48:38,  9.79s/it]Best trial: 1590. Best value: 71.3826:  85%|████████▌ | 1703/2000 [2:32:00<35:58,  7.27s/it]                                                                                            Best trial: 1590. Best value: 71.3826:  85%|████████▌ | 1703/2000 [2:32:00<35:58,  7.27s/it]Best trial: 1590. Best value: 71.3826:  85%|████████▌ | 1703/2000 [2:32:00<35:58,  7.27s/it]Best trial: 1590. Best value: 71.3826:  85%|████████▌ | 1704/2000 [2:32:00<26:14,  5.32s/it]                                                                                            Best trial: 1590. Best value: 71.3826:  85%|████████▌ | 1704/2000 [2:32:00<26:14,  5.32s/it]Best trial: 1590. Best value: 71.3826:  85%|████████▌ | 1704/2000 [2:32:00<26:14,  5.32s/it]                                                                                            [I 2026-04-01 13:35:34,693] Trial 1685 finished with value: 97.09086484988156 and parameters: {'alpha_0': 14258.820074628746, 'alpha_1': 3942.4258928920967, 'alpha_2': 48.042727064388934, 'beta_0': 0.40055037731718474, 'beta_1': 2.4227145986013485, 'beta_2': 1.4922752997921924, 'beta_3': 0.3992134693086355, 'beta_4': 58.08288895524521, 'beta_5': 15.020377715297872, 'beta_6': 119.81918180833767}. Best is trial 1590 with value: 71.38264104367624.
[I 2026-04-01 13:35:34,706] Trial 1682 finished with value: 71.866429932918 and parameters: {'alpha_0': 14056.284364519828, 'alpha_1': 3721.7014808929257, 'alpha_2': 48.11893189758925, 'beta_0': 0.2007045387016847, 'beta_1': 1.974833932148481, 'beta_2': 1.4189142120465918, 'beta_3': 0.40651404735488667, 'beta_4': 77.8838627478775, 'beta_5': 0.024329664625905592, 'beta_6': 145.93888251772216}. Best is trial 1590 with value: 71.38264104367624.
[I 2026-04-01 13:35:34,853] Trial 1687 finished with value: 123.77763169959731 and parameters: {'alpha_0': 14308.672646731178, 'alpha_1': 3820.470011667303, 'alpha_2': 47.80976868379834, 'beta_0': 0.2511140514094457, 'beta_1': 1.962872888429997, 'beta_2': 2.569826946531801, 'beta_3': 0.41053302144694365, 'beta_4': 69.99334064023486, 'beta_5': 16.06513008598015, 'beta_6': 140.5976544717808}. Best is trial 1590 with value: 71.38264104367624.
[I 2026-04-01 13:36:28,734] Trial 1690 finished with value: 80.48812645651441 and parameters: {'alpha_0': 14305.026317526448, 'alpha_1': 3701.6818482131193, 'alpha_2': 47.50483742220741, 'beta_0': 0.29037795052650234, 'beta_1': 1.9927329355741517, 'beta_2': 1.5005519925447728, 'beta_3': 0.4085485355732985, 'beta_4': 76.46259500235186, 'beta_5': 15.657616912146793, 'beta_6': 145.42915416517027}. Best is trial 1590 with value: 71.38264104367624.
[I 2026-04-01 13:36:29,345] Trial 1696 finished with value: 76.40036538321499 and parameters: {'alpha_0': 16014.910930074571, 'alpha_1': 4128.866278819353, 'alpha_2': 47.96280481833917, 'beta_0': 0.29842308503342446, 'beta_1': 1.9928456299844757, 'beta_2': 1.4079369060819389, 'beta_3': 0.40692241724082273, 'beta_4': 69.67493558601784, 'beta_5': 23.848306599531213, 'beta_6': 120.20066000108943}. Best is trial 1590 with value: 71.38264104367624.
[I 2026-04-01 13:36:29,386] Trial 1692 finished with value: 77.39898167040462 and parameters: {'alpha_0': 15865.588211252225, 'alpha_1': 4055.9613809787415, 'alpha_2': 47.59930859234378, 'beta_0': 0.29235734011628967, 'beta_1': 2.401316549880086, 'beta_2': 1.4107062616936268, 'beta_3': 0.41567871415514795, 'beta_4': 75.5901104633414, 'beta_5': 17.624255616534523, 'beta_6': 124.82975341199115}. Best is trial 1590 with value: 71.38264104367624.
[I 2026-04-01 13:36:29,504] Trial 1693 finished with value: 80.39381921506254 and parameters: {'alpha_0': 16076.797744182197, 'alpha_1': 3939.7151646830994, 'alpha_2': 46.97788100132189, 'beta_0': 0.301866144445886, 'beta_1': 2.0229956525092714, 'beta_2': 1.3967536918458294, 'beta_3': 0.410512877479283, 'beta_4': 78.02542965375658, 'beta_5': 20.276580515762863, 'beta_6': 117.9080213813854}. Best is trial 1590 with value: 71.38264104367624.
[I 2026-04-01 13:36:29,532] Trial 1698 finished with value: 77.39659751964905 and parameters: {'alpha_0': 13193.246038607485, 'alpha_1': 3874.604532286742, 'alpha_2': 48.214291994466976, 'beta_0': 0.3014493621091672, 'beta_1': 1.9605142061950311, 'beta_2': 1.4225260045759627, 'beta_3': 0.39469150067633907, 'beta_4': 74.88373940026541, 'beta_5': 23.768921503677202, 'beta_6': 149.45111882160154}. Best is trial 1590 with value: 71.38264104367624.
[I 2026-04-01 13:36:29,643] Trial 1699 finished with value: 207.70882772860287 and parameters: {'alpha_0': 12880.42333913734, 'alpha_1': 4184.480611332105, 'alpha_2': 48.555334086910335, 'beta_0': 0.7470641882428315, 'beta_1': 2.0000265636045618, 'beta_2': 1.3881928649199764, 'beta_3': 0.4009046222200301, 'beta_4': 77.01795150652569, 'beta_5': 23.198176052425573, 'beta_6': 118.7235297488814}. Best is trial 1590 with value: 71.38264104367624.
[I 2026-04-01 13:36:29,797] Trial 1697 finished with value: 77.33772226566364 and parameters: {'alpha_0': 13260.148190415257, 'alpha_1': 3660.4965434597625, 'alpha_2': 48.564987294754324, 'beta_0': 0.29767735339543266, 'beta_1': 1.9757862009142297, 'beta_2': 1.3927453764666304, 'beta_3': 0.3986771460188803, 'beta_4': 75.88203476226293, 'beta_5': 23.55954942726168, 'beta_6': 172.64900200057482}. Best is trial 1590 with value: 71.38264104367624.
[I 2026-04-01 13:36:29,824] Trial 1691 finished with value: 104.04940466076906 and parameters: {'alpha_0': 15999.990736869624, 'alpha_1': 3987.0229789900595, 'alpha_2': 48.05832299743105, 'beta_0': 0.2903522513377689, 'beta_1': 1.8779263418004095, 'beta_2': 1.4205452241239696, 'beta_3': 0.4225212216205057, 'beta_4': 57.61522186672816, 'beta_5': 286.7931142239878, 'beta_6': 119.02939628903401}. Best is trial 1590 with value: 71.38264104367624.
[I 2026-04-01 13:36:30,059] Trial 1695 finished with value: 237.4152819141025 and parameters: {'alpha_0': 15997.679384500085, 'alpha_1': 4159.1721214163235, 'alpha_2': 48.447729435459905, 'beta_0': 0.7758403627387898, 'beta_1': 2.2907927393644565, 'beta_2': 1.4030707232993473, 'beta_3': 0.39730374459088147, 'beta_4': 73.48228992930946, 'beta_5': 23.62608347221448, 'beta_6': 119.20041587701559}. Best is trial 1590 with value: 71.38264104367624.
[I 2026-04-01 13:36:30,255] Trial 1694 finished with value: 270.89731607140925 and parameters: {'alpha_0': 15968.219147014535, 'alpha_1': 4071.899705668847, 'alpha_2': 48.34974698502809, 'beta_0': 0.627399909392502, 'beta_1': 2.3208180454875342, 'beta_2': 2.3057679137351212, 'beta_3': 0.4076659331007125, 'beta_4': 76.33741136775373, 'beta_5': 21.87593532319878, 'beta_6': 121.79738457274712}. Best is trial 1590 with value: 71.38264104367624.
[I 2026-04-01 13:37:20,554] Trial 1701 finished with value: 73.03095428852762 and parameters: {'alpha_0': 12947.41248131201, 'alpha_1': 4329.593243029893, 'alpha_2': 48.521768528756, 'beta_0': 0.20085183729057754, 'beta_1': 1.9449799369903615, 'beta_2': 1.3857768130533872, 'beta_3': 0.3926658520695333, 'beta_4': 78.89769130915971, 'beta_5': 22.593016581665093, 'beta_6': 128.34942689864167}. Best is trial 1590 with value: 71.38264104367624.
[I 2026-04-01 13:37:21,102] Trial 1705 finished with value: 83.66608475130576 and parameters: {'alpha_0': 3106.8075195035417, 'alpha_1': 4235.488190371007, 'alpha_2': 48.51534547653645, 'beta_0': 0.3598556545309533, 'beta_1': 1.8725966645580838, 'beta_2': 1.3785695755827492, 'beta_3': 0.4380228502162938, 'beta_4': 77.84397356553876, 'beta_5': 0.19219533183144222, 'beta_6': 172.93813171518545}. Best is trial 1590 with value: 71.38264104367624.
[I 2026-04-01 13:37:21,251] Trial 1703 finished with value: 72.71890463346088 and parameters: {'alpha_0': 13128.704695344104, 'alpha_1': 4215.554916723379, 'alpha_2': 48.54031697994449, 'beta_0': 0.2014262067102494, 'beta_1': 2.3458228943830717, 'beta_2': 1.3860332940014257, 'beta_3': 0.443236208926808, 'beta_4': 77.69242251412545, 'beta_5': 10.123797401710119, 'beta_6': 174.71108058151054}. Best is trial 1590 with value: 71.38264104367624.
[I 2026-04-01 13:37:21,345] Trial 1708 finished with value: 81.8340957115121 and parameters: {'alpha_0': 3075.653371325283, 'alpha_1': 4236.744375237716, 'alpha_2': 48.39640721141693, 'beta_0': 0.24543923674935364, 'beta_1': 2.359792959301596, 'beta_2': 1.376897206212085, 'beta_3': 0.445548364982451, 'beta_4': 77.59336945455686, 'beta_5': 9.322039510135287, 'beta_6': 170.32212452429937}. Best is trial 1590 with value: 71.38264104367624.
[I 2026-04-01 13:37:21,387] Trial 1702 finished with value: 72.25399059968868 and parameters: {'alpha_0': 13269.70644499909, 'alpha_1': 4318.588647332352, 'alpha_2': 48.64652807057149, 'beta_0': 0.20082552781053026, 'beta_1': 1.942684467232132, 'beta_2': 1.387293252135659, 'beta_3': 0.3904366018613495, 'beta_4': 77.91562126738509, 'beta_5': 8.419706873559573, 'beta_6': 172.44517305626326}. Best is trial 1590 with value: 71.38264104367624.
Best trial: 1590. Best value: 71.3826:  85%|████████▌ | 1705/2000 [2:32:00<26:09,  5.32s/it]Best trial: 1590. Best value: 71.3826:  85%|████████▌ | 1705/2000 [2:32:00<26:09,  5.32s/it]Best trial: 1590. Best value: 71.3826:  85%|████████▌ | 1706/2000 [2:32:00<14:51,  3.03s/it]                                                                                            Best trial: 1590. Best value: 71.3826:  85%|████████▌ | 1706/2000 [2:32:00<14:51,  3.03s/it]                                                                                            Best trial: 1590. Best value: 71.3826:  85%|████████▌ | 1706/2000 [2:32:00<14:51,  3.03s/it]Best trial: 1590. Best value: 71.3826:  85%|████████▌ | 1706/2000 [2:32:00<14:51,  3.03s/it]Best trial: 1590. Best value: 71.3826:  85%|████████▌ | 1707/2000 [2:32:00<11:25,  2.34s/it]Best trial: 1590. Best value: 71.3826:  85%|████████▌ | 1708/2000 [2:32:00<06:53,  1.42s/it]Best trial: 1590. Best value: 71.3826:  85%|████████▌ | 1708/2000 [2:32:00<06:53,  1.42s/it]                                                                                            Best trial: 1590. Best value: 71.3826:  85%|████████▌ | 1708/2000 [2:32:01<06:53,  1.42s/it]Best trial: 1590. Best value: 71.3826:  85%|████████▌ | 1708/2000 [2:32:01<06:53,  1.42s/it]                                                                                            Best trial: 1590. Best value: 71.3826:  85%|████████▌ | 1709/2000 [2:32:04<06:52,  1.42s/it]Best trial: 1590. Best value: 71.3826:  85%|████████▌ | 1709/2000 [2:32:04<06:52,  1.42s/it]Best trial: 1590. Best value: 71.3826:  86%|████████▌ | 1710/2000 [2:32:04<07:13,  1.49s/it]                                                                                            Best trial: 1590. Best value: 71.3826:  86%|████████▌ | 1710/2000 [2:32:51<07:13,  1.49s/it]Best trial: 1590. Best value: 71.3826:  86%|████████▌ | 1710/2000 [2:32:51<07:13,  1.49s/it]Best trial: 1590. Best value: 71.3826:  86%|████████▌ | 1711/2000 [2:32:51<52:55, 10.99s/it]                                                                                            Best trial: 1590. Best value: 71.3826:  86%|████████▌ | 1711/2000 [2:32:51<52:55, 10.99s/it]Best trial: 1590. Best value: 71.3826:  86%|████████▌ | 1711/2000 [2:32:51<52:55, 10.99s/it]Best trial: 1590. Best value: 71.3826:  86%|████████▌ | 1712/2000 [2:32:51<40:58,  8.54s/it]                                                                                            Best trial: 1590. Best value: 71.3826:  86%|████████▌ | 1712/2000 [2:32:51<40:58,  8.54s/it]Best trial: 1590. Best value: 71.3826:  86%|████████▌ | 1712/2000 [2:32:51<40:58,  8.54s/it]Best trial: 1590. Best value: 71.3826:  86%|████████▌ | 1713/2000 [2:32:51<30:57,  6.47s/it]                                                                                            Best trial: 1590. Best value: 71.3826:  86%|████████▌ | 1713/2000 [2:32:51<30:57,  6.47s/it]                                                                                            Best trial: 1590. Best value: 71.3826:  86%|████████▌ | 1713/2000 [2:32:51<30:57,  6.47s/it]Best trial: 1590. Best value: 71.3826:  86%|████████▌ | 1713/2000 [2:32:51<30:57,  6.47s/it]Best trial: 1590. Best value: 71.3826:  86%|████████▌ | 1714/2000 [2:32:51<30:51,  6.47s/it]                                                                                            Best trial: 1590. Best value: 71.3826:  86%|████████▌ | 1715/2000 [2:32:51<30:44,  6.47s/it]Best trial: 1590. Best value: 71.3826:  86%|████████▌ | 1715/2000 [2:32:51<30:44,  6.47s/it]Best trial: 1590. Best value: 71.3826:  86%|████████▌ | 1716/2000 [2:32:51<15:06,  3.19s/it]                                                                                            Best trial: 1590. Best value: 71.3826:  86%|████████▌ | 1716/2000 [2:32:52<15:06,  3.19s/it]Best trial: 1590. Best value: 71.3826:  86%|████████▌ | 1716/2000 [2:32:52<15:06,  3.19s/it]Best trial: 1590. Best value: 71.3826:  86%|████████▌ | 1717/2000 [2:32:52<12:16,  2.60s/it]                                                                                            Best trial: 1590. Best value: 71.3826:  86%|████████▌ | 1717/2000 [2:32:52<12:16,  2.60s/it]Best trial: 1590. Best value: 71.3826:  86%|████████▌ | 1717/2000 [2:32:52<12:16,  2.60s/it]Best trial: 1590. Best value: 71.3826:  86%|████████▌ | 1718/2000 [2:32:52<09:40,  2.06s/it]                                                                                            Best trial: 1590. Best value: 71.3826:  86%|████████▌ | 1718/2000 [2:32:52<09:40,  2.06s/it]Best trial: 1590. Best value: 71.3826:  86%|████████▌ | 1718/2000 [2:32:52<09:40,  2.06s/it]Best trial: 1590. Best value: 71.3826:  86%|████████▌ | 1719/2000 [2:32:52<07:50,  1.68s/it]                                                                                            Best trial: 1590. Best value: 71.3826:  86%|████████▌ | 1719/2000 [2:32:54<07:50,  1.68s/it]Best trial: 1590. Best value: 71.3826:  86%|████████▌ | 1719/2000 [2:32:54<07:50,  1.68s/it]Best trial: 1590. Best value: 71.3826:  86%|████████▌ | 1720/2000 [2:32:54<07:53,  1.69s/it]/opt/homebrew/Cellar/python@3.11/3.11.6_1/Frameworks/Python.framework/Versions/3.11/lib/python3.11/multiprocessing/resource_tracker.py:254: UserWarning: resource_tracker: There appear to be 1 leaked semaphore objects to clean up at shutdown
  warnings.warn('resource_tracker: There appear to be %d '
