[I 2026-04-01 11:54:42,152] Trial 681 finished with value: 87.08119692411009 and parameters: {'alpha_0': 14667.12639639372, 'alpha_1': 337.0053004515558, 'alpha_2': 30.84735541916882, 'beta_0': 0.3575889765336426, 'beta_1': 1.2709753825582635, 'beta_2': 1.1845326613760325, 'beta_3': 0.19928970271921653, 'beta_4': 78.49302928472531, 'beta_5': 84.68589440963697, 'beta_6': 105.59086056177861}. Best is trial 576 with value: 73.41078608586943.
[I 2026-04-01 11:54:42,305] Trial 687 finished with value: 75.95186850969272 and parameters: {'alpha_0': 13190.216965922595, 'alpha_1': 1146.7715975877315, 'alpha_2': 29.54598950709822, 'beta_0': 0.25168974914747594, 'beta_1': 1.0508157104414166, 'beta_2': 1.1069047736235258, 'beta_3': 0.891556901280618, 'beta_4': 87.92391881815867, 'beta_5': 110.0951280780831, 'beta_6': 105.34910024686914}. Best is trial 576 with value: 73.41078608586943.
[I 2026-04-01 11:55:27,139] Trial 694 finished with value: 76.3372020456379 and parameters: {'alpha_0': 15643.333595268065, 'alpha_1': 842.8863060145668, 'alpha_2': 33.79014853004883, 'beta_0': 0.20070221732249488, 'beta_1': 0.50213408784237, 'beta_2': 0.9851784366369033, 'beta_3': 0.9045443282097996, 'beta_4': 87.64343713780575, 'beta_5': 123.72593700792402, 'beta_6': 100.81703506780954}. Best is trial 576 with value: 73.41078608586943.
[I 2026-04-01 11:55:27,218] Trial 690 finished with value: 88.4387120831882 and parameters: {'alpha_0': 25619.850841608964, 'alpha_1': 1159.9462699276323, 'alpha_2': 28.91075278181679, 'beta_0': 0.2472551412835888, 'beta_1': 1.0272562522114745, 'beta_2': 1.1325000602582946, 'beta_3': 0.903732660604137, 'beta_4': 89.89894271903125, 'beta_5': 108.22474751998865, 'beta_6': 102.01921257491863}. Best is trial 576 with value: 73.41078608586943.
[I 2026-04-01 11:55:27,491] Trial 693 finished with value: 73.75910813989992 and parameters: {'alpha_0': 13164.546127143614, 'alpha_1': 829.2915789503704, 'alpha_2': 29.10726799626036, 'beta_0': 0.2006772203563464, 'beta_1': 1.0667626646709145, 'beta_2': 1.1416380073845813, 'beta_3': 0.560973800845276, 'beta_4': 86.90961027150601, 'beta_5': 123.75325338239698, 'beta_6': 97.90000319053102}. Best is trial 576 with value: 73.41078608586943.
[I 2026-04-01 11:55:27,565] Trial 692 finished with value: 75.79697374729622 and parameters: {'alpha_0': 13422.249734537945, 'alpha_1': 799.7613960453723, 'alpha_2': 29.14539786303398, 'beta_0': 0.24894504214976876, 'beta_1': 1.0415714760946808, 'beta_2': 0.9749461134653201, 'beta_3': 1.477319739287108, 'beta_4': 87.45445366944305, 'beta_5': 128.12114903998244, 'beta_6': 370.52127165800914}. Best is trial 576 with value: 73.41078608586943.
[I 2026-04-01 11:55:27,673] Trial 691 finished with value: 76.8496576417178 and parameters: {'alpha_0': 12897.92101162207, 'alpha_1': 1164.716763271768, 'alpha_2': 28.892746000262065, 'beta_0': 0.24624196263280973, 'beta_1': 0.9846418250554401, 'beta_2': 1.1587931006476813, 'beta_3': 1.4811994415894407, 'beta_4': 88.03865953145011, 'beta_5': 90.13075180797762, 'beta_6': 194.48267820897263}. Best is trial 576 with value: 73.41078608586943.
[I 2026-04-01 11:55:27,700] Trial 697 finished with value: 74.69087075169554 and parameters: {'alpha_0': 13012.90419888457, 'alpha_1': 898.10910113911, 'alpha_2': 29.131346165765628, 'beta_0': 0.24714138537234648, 'beta_1': 1.074993170938585, 'beta_2': 0.9762464743574107, 'beta_3': 1.863424945421614, 'beta_4': 87.72863064805813, 'beta_5': 126.94936707452635, 'beta_6': 99.79765206883116}. Best is trial 576 with value: 73.41078608586943.
[I 2026-04-01 11:55:27,741] Trial 696 finished with value: 74.12026970930177 and parameters: {'alpha_0': 13106.546711527246, 'alpha_1': 931.1558665573598, 'alpha_2': 29.047216381696153, 'beta_0': 0.24644639826513026, 'beta_1': 1.2103066705489727, 'beta_2': 0.9905643749996629, 'beta_3': 1.8440394392748602, 'beta_4': 88.20109381601783, 'beta_5': 104.27526830739508, 'beta_6': 100.45461184283798}. Best is trial 576 with value: 73.41078608586943.
[I 2026-04-01 11:55:27,767] Trial 699 finished with value: 74.0485810956658 and parameters: {'alpha_0': 13128.505946548752, 'alpha_1': 843.7321231325855, 'alpha_2': 28.938523825590426, 'beta_0': 0.2036284461952761, 'beta_1': 1.0234902135666752, 'beta_2': 0.986136338249553, 'beta_3': 1.8507195999011024, 'beta_4': 86.94684931687405, 'beta_5': 122.56798928610729, 'beta_6': 99.45861238116959}. Best is trial 576 with value: 73.41078608586943.
[I 2026-04-01 11:55:27,998] Trial 698 finished with value: 76.9767775925246 and parameters: {'alpha_0': 13022.886214883138, 'alpha_1': 932.189071951395, 'alpha_2': 29.527338942766864, 'beta_0': 0.24868210287009046, 'beta_1': 1.0173715581265914, 'beta_2': 0.9849852614147069, 'beta_3': 1.5235967504948151, 'beta_4': 87.46183513014472, 'beta_5': 105.62628197965324, 'beta_6': 99.52381402593679}. Best is trial 576 with value: 73.41078608586943.
[I 2026-04-01 11:55:28,025] Trial 695 finished with value: 92.84300104416387 and parameters: {'alpha_0': 25498.192481488957, 'alpha_1': 791.1011999504, 'alpha_2': 29.14823384769729, 'beta_0': 0.24278658200512507, 'beta_1': 0.5012761988580434, 'beta_2': 1.1246547703872578, 'beta_3': 1.8497915448260422, 'beta_4': 88.01840441645827, 'beta_5': 109.59271846052042, 'beta_6': 198.92202502257248}. Best is trial 576 with value: 73.41078608586943.
[I 2026-04-01 11:56:18,329] Trial 707 finished with value: 77.00651043455254 and parameters: {'alpha_0': 11467.017680522165, 'alpha_1': 913.5109861641291, 'alpha_2': 28.752811437646844, 'beta_0': 0.2918742305942338, 'beta_1': 1.3528248618502963, 'beta_2': 0.986034533387298, 'beta_3': 1.84153994459711, 'beta_4': 85.74367618478152, 'beta_5': 120.01215862828056, 'beta_6': 98.40097910377423}. Best is trial 576 with value: 73.41078608586943.
[I 2026-04-01 11:56:18,350] Trial 706 finished with value: 78.13259580559367 and parameters: {'alpha_0': 11249.966066947194, 'alpha_1': 904.8487956057207, 'alpha_2': 28.649004132036048, 'beta_0': 0.2947349745807495, 'beta_1': 1.084712048678637, 'beta_2': 0.9843968813251178, 'beta_3': 1.8797852907906423, 'beta_4': 91.41764643449093, 'beta_5': 102.42616796844908, 'beta_6': 98.56411334504027}. Best is trial 576 with value: 73.41078608586943.
Best trial: 576. Best value: 73.4108:  35%|███▌      | 702/2000 [50:57<3:39:54, 10.16s/it]Best trial: 576. Best value: 73.4108:  35%|███▌      | 702/2000 [50:57<3:39:54, 10.16s/it]Best trial: 576. Best value: 73.4108:  35%|███▌      | 703/2000 [50:57<2:27:58,  6.85s/it]                                                                                          Best trial: 576. Best value: 73.4108:  35%|███▌      | 703/2000 [50:57<2:27:58,  6.85s/it]Best trial: 576. Best value: 73.4108:  35%|███▌      | 703/2000 [50:57<2:27:58,  6.85s/it]                                                                                          Best trial: 576. Best value: 73.4108:  35%|███▌      | 704/2000 [50:57<2:27:51,  6.85s/it]Best trial: 576. Best value: 73.4108:  35%|███▌      | 704/2000 [50:57<2:27:51,  6.85s/it]Best trial: 576. Best value: 73.4108:  35%|███▌      | 705/2000 [50:57<1:40:56,  4.68s/it]                                                                                          Best trial: 576. Best value: 73.4108:  35%|███▌      | 705/2000 [50:57<1:40:56,  4.68s/it]Best trial: 576. Best value: 73.4108:  35%|███▌      | 705/2000 [50:57<1:40:56,  4.68s/it]                                                                                          Best trial: 576. Best value: 73.4108:  35%|███▌      | 706/2000 [50:57<1:40:51,  4.68s/it]Best trial: 576. Best value: 73.4108:  35%|███▌      | 706/2000 [50:57<1:40:51,  4.68s/it]Best trial: 576. Best value: 73.4108:  35%|███▌      | 707/2000 [50:57<1:09:57,  3.25s/it]                                                                                          Best trial: 576. Best value: 73.4108:  35%|███▌      | 707/2000 [50:58<1:09:57,  3.25s/it]                                                                                          Best trial: 576. Best value: 73.4108:  35%|███▌      | 707/2000 [50:58<1:09:57,  3.25s/it]Best trial: 576. Best value: 73.4108:  35%|███▌      | 707/2000 [50:58<1:09:57,  3.25s/it]Best trial: 576. Best value: 73.4108:  35%|███▌      | 708/2000 [50:58<1:09:54,  3.25s/it]                                                                                          Best trial: 576. Best value: 73.4108:  35%|███▌      | 709/2000 [50:58<1:09:51,  3.25s/it]Best trial: 576. Best value: 73.4108:  35%|███▌      | 709/2000 [50:58<1:09:51,  3.25s/it]Best trial: 576. Best value: 73.4108:  36%|███▌      | 710/2000 [50:58<42:14,  1.96s/it]  Best trial: 576. Best value: 73.4108:  36%|███▌      | 710/2000 [51:11<42:14,  1.96s/it]                                                                                        Best trial: 576. Best value: 73.4108:  36%|███▌      | 710/2000 [51:49<42:14,  1.96s/it]Best trial: 576. Best value: 73.4108:  36%|███▌      | 710/2000 [51:49<42:14,  1.96s/it]Best trial: 576. Best value: 73.4108:  36%|███▌      | 711/2000 [51:49<3:32:06,  9.87s/it]                                                                                          Best trial: 576. Best value: 73.4108:  36%|███▌      | 711/2000 [51:49<3:32:06,  9.87s/it]Best trial: 576. Best value: 73.4108:  36%|███▌      | 711/2000 [51:49<3:32:06,  9.87s/it]Best trial: 576. Best value: 73.4108:  36%|███▌      | 712/2000 [51:49<2:53:08,  8.07s/it]                                                                                          Best trial: 576. Best value: 73.4108:  36%|███▌      | 712/2000 [51:49<2:53:08,  8.07s/it]Best trial: 576. Best value: 73.4108:  36%|███▌      | 712/2000 [51:49<2:53:08,  8.07s/it]                                                                                          Best trial: 576. Best value: 73.4108:  36%|███▌      | 713/2000 [51:49<2:52:59,  8.07s/it]Best trial: 576. Best value: 73.4108:  36%|███▌      | 713/2000 [51:49<2:52:59,  8.07s/it]Best trial: 576. Best value: 73.4108:  36%|███▌      | 714/2000 [51:49<1:53:20,  5.29s/it]                                                                                          Best trial: 576. Best value: 73.4108:  36%|███▌      | 714/2000 [51:50<1:53:20,  5.29s/it]Best trial: 576. Best value: 73.4108:  36%|███▌      | 714/2000 [51:50<1:53:20,  5.29s/it]                                                                                          Best trial: 576. Best value: 73.4108:  36%|███▌      | 715/2000 [51:50<1:53:14,  5.29s/it]Best trial: 576. Best value: 73.4108:  36%|███▌      | 715/2000 [51:50<1:53:14,  5.29s/it]Best trial: 576. Best value: 73.4108:  36%|███▌      | 716/2000 [51:50<1:18:07,  3.65s/it]                                                                                          Best trial: 576. Best value: 73.4108:  36%|███▌      | 716/2000 [51:50<1:18:07,  3.65s/it]Best trial: 576. Best value: 73.4108:  36%|███▌      | 716/2000 [51:50<1:18:07,  3.65s/it]Best trial: 576. Best value: 73.4108:  36%|███▌      | 717/2000 [51:50<1:04:31,  3.02s/it]                                                                                          Best trial: 576. Best value: 73.4108:  36%|███▌      | 717/2000 [51:50<1:04:31,  3.02s/it]Best trial: 576. Best value: 73.4108:  36%|███▌      | 717/2000 [51:50<1:04:31,  3.02s/it]Best trial: 576. Best value: 73.4108:  36%|███▌      | 718/2000 [51:50<51:42,  2.42s/it]                                                                                          Best trial: 576. Best value: 73.4108:  36%|███▌      | 718/2000 [51:51<51:42,  2.42s/it]Best trial: 576. Best value: 73.4108:  36%|███▌      | 718/2000 [51:51<51:42,  2.42s/it]Best trial: 576. Best value: 73.4108:  36%|███▌      | 719/2000 [51:51<40:36,  1.90s/it]                                                                                        Best trial: 576. Best value: 73.4108:  36%|███▌      | 719/2000 [51:51<40:36,  1.90s/it]Best trial: 576. Best value: 73.4108:  36%|███▌      | 719/2000 [51:51<40:36,  1.90s/it]Best trial: 576. Best value: 73.4108:  36%|███▌      | 720/2000 [51:51<31:40,  1.48s/it]                                                                                        [I 2026-04-01 11:56:18,464] Trial 703 finished with value: 74.3116719583473 and parameters: {'alpha_0': 12920.565037263823, 'alpha_1': 1063.4184020736004, 'alpha_2': 28.83150265186308, 'beta_0': 0.20479087282917902, 'beta_1': 1.1691680216903788, 'beta_2': 0.9852294966704845, 'beta_3': 1.446057658481736, 'beta_4': 92.02121141831972, 'beta_5': 123.71054771975761, 'beta_6': 168.2171550320469}. Best is trial 576 with value: 73.41078608586943.
[I 2026-04-01 11:56:18,542] Trial 704 finished with value: 74.67168339901174 and parameters: {'alpha_0': 11537.096966701829, 'alpha_1': 889.69725576705, 'alpha_2': 28.839236983280568, 'beta_0': 0.20553080449651914, 'beta_1': 1.1957924143740568, 'beta_2': 0.9856867320565353, 'beta_3': 0.578910986706982, 'beta_4': 91.30976312036015, 'beta_5': 117.08293917752637, 'beta_6': 94.73549382022561}. Best is trial 576 with value: 73.41078608586943.
[I 2026-04-01 11:56:18,575] Trial 705 finished with value: 75.02326573713432 and parameters: {'alpha_0': 11356.133039294135, 'alpha_1': 932.2066791886107, 'alpha_2': 28.309522749588297, 'beta_0': 0.2965725878856045, 'beta_1': 1.1676825752284266, 'beta_2': 0.9785353611037085, 'beta_3': 1.8709265590493005, 'beta_4': 84.8830191958105, 'beta_5': 119.24371876809298, 'beta_6': 132.04048270944244}. Best is trial 576 with value: 73.41078608586943.
[I 2026-04-01 11:56:18,662] Trial 702 finished with value: 77.85142568631517 and parameters: {'alpha_0': 10246.878462557306, 'alpha_1': 920.7288264522118, 'alpha_2': 28.665819748992757, 'beta_0': 0.254257775902339, 'beta_1': 0.9888291454191149, 'beta_2': 0.9811793061131701, 'beta_3': 1.5228603227291813, 'beta_4': 91.7717782629772, 'beta_5': 129.61142274453218, 'beta_6': 96.5785899601039}. Best is trial 576 with value: 73.41078608586943.
[I 2026-04-01 11:56:18,779] Trial 701 finished with value: 75.68947835764806 and parameters: {'alpha_0': 13045.15047786555, 'alpha_1': 874.0902723988684, 'alpha_2': 28.916522839892856, 'beta_0': 0.2518596339297918, 'beta_1': 1.0325956172228012, 'beta_2': 0.9947931419740601, 'beta_3': 0.8832940423438737, 'beta_4': 70.6628779428139, 'beta_5': 125.28890166526621, 'beta_6': 97.26793133854171}. Best is trial 576 with value: 73.41078608586943.
[I 2026-04-01 11:56:18,864] Trial 708 finished with value: 78.90247172625155 and parameters: {'alpha_0': 11340.264582287913, 'alpha_1': 1027.6717185699913, 'alpha_2': 28.24928530670357, 'beta_0': 0.30124203754930023, 'beta_1': 1.1229263847696185, 'beta_2': 0.9901523814405172, 'beta_3': 1.8908793927021772, 'beta_4': 90.58546038903505, 'beta_5': 123.48754221897747, 'beta_6': 97.46723819304424}. Best is trial 576 with value: 73.41078608586943.
[I 2026-04-01 11:56:18,866] Trial 700 finished with value: 74.8141108727272 and parameters: {'alpha_0': 12941.013783489672, 'alpha_1': 1049.704044285904, 'alpha_2': 32.17730226868423, 'beta_0': 0.25559114993338794, 'beta_1': 1.1082615314743576, 'beta_2': 0.975994018601682, 'beta_3': 1.8982778994064267, 'beta_4': 91.09749614826518, 'beta_5': 124.04693152622, 'beta_6': 96.18955964322349}. Best is trial 576 with value: 73.41078608586943.
[I 2026-04-01 11:56:18,956] Trial 709 finished with value: 75.23746077738706 and parameters: {'alpha_0': 10869.44414753615, 'alpha_1': 940.3447943118877, 'alpha_2': 28.41004410412645, 'beta_0': 0.2995999505732861, 'beta_1': 1.1841207392441557, 'beta_2': 0.97828787532213, 'beta_3': 1.8617657683233355, 'beta_4': 85.46311066455966, 'beta_5': 117.58436920813983, 'beta_6': 97.8796374747735}. Best is trial 576 with value: 73.41078608586943.
[I 2026-04-01 11:57:10,197] Trial 719 finished with value: 85.71884478435754 and parameters: {'alpha_0': 10683.78178367934, 'alpha_1': 752.030960179832, 'alpha_2': 29.407909321128795, 'beta_0': 0.40350067380090093, 'beta_1': 1.2202673180319457, 'beta_2': 1.0414163101081528, 'beta_3': 1.8263915521550549, 'beta_4': 97.11237636197805, 'beta_5': 108.31177360411219, 'beta_6': 129.2922717860764}. Best is trial 576 with value: 73.41078608586943.
[I 2026-04-01 11:57:10,381] Trial 715 finished with value: 93.90525046200867 and parameters: {'alpha_0': 11958.436313387147, 'alpha_1': 746.8819676181884, 'alpha_2': 29.518320591274797, 'beta_0': 0.424046717607072, 'beta_1': 1.2209180418269125, 'beta_2': 1.063625636807209, 'beta_3': 1.931376466635199, 'beta_4': 92.0636340232709, 'beta_5': 114.48499263704456, 'beta_6': 91.44225589807218}. Best is trial 576 with value: 73.41078608586943.
[I 2026-04-01 11:57:10,463] Trial 710 finished with value: 98.15583542934529 and parameters: {'alpha_0': 10289.082497813959, 'alpha_1': 980.5871054918451, 'alpha_2': 28.187942700479788, 'beta_0': 0.426124779589638, 'beta_1': 1.1291400050806084, 'beta_2': 0.963283640615866, 'beta_3': 1.927008419764781, 'beta_4': 91.25310091512299, 'beta_5': 119.05262615379594, 'beta_6': 93.18801370591724}. Best is trial 576 with value: 73.41078608586943.
[I 2026-04-01 11:57:10,528] Trial 714 finished with value: 75.43076038495553 and parameters: {'alpha_0': 11074.010405748053, 'alpha_1': 997.6328785307743, 'alpha_2': 29.34473998920801, 'beta_0': 0.2033800267455579, 'beta_1': 1.1904951944525575, 'beta_2': 1.0292169351065026, 'beta_3': 1.966668639732059, 'beta_4': 90.56125020399107, 'beta_5': 115.92615884937935, 'beta_6': 94.2888712535241}. Best is trial 576 with value: 73.41078608586943.
[I 2026-04-01 11:57:10,942] Trial 712 finished with value: 775.6687824864844 and parameters: {'alpha_0': 11657.984435168037, 'alpha_1': 4307.800730097281, 'alpha_2': 28.241665563989677, 'beta_0': 1.7489017230552046, 'beta_1': 1.1705366364118848, 'beta_2': 1.045162807813967, 'beta_3': 1.8821533230443963, 'beta_4': 90.90614290029417, 'beta_5': 118.80128228107345, 'beta_6': 173.70621841918054}. Best is trial 576 with value: 73.41078608586943.
[I 2026-04-01 11:57:11,249] Trial 717 finished with value: 643.6497153593668 and parameters: {'alpha_0': 9883.3526035687, 'alpha_1': 713.3511076388157, 'alpha_2': 29.379132223241182, 'beta_0': 1.5321318036699225, 'beta_1': 1.2238689143381178, 'beta_2': 1.094918784005954, 'beta_3': 0.49080630142015935, 'beta_4': 97.07102352407136, 'beta_5': 101.33795164932717, 'beta_6': 172.5186033316392}. Best is trial 576 with value: 73.41078608586943.
[I 2026-04-01 11:57:11,596] Trial 711 finished with value: 772.6820575870852 and parameters: {'alpha_0': 10321.75999495807, 'alpha_1': 996.0779447238725, 'alpha_2': 28.379555182620255, 'beta_0': 1.773065044531279, 'beta_1': 1.1490723078184646, 'beta_2': 0.9805868902603383, 'beta_3': 1.8756665738053149, 'beta_4': 91.27635339761714, 'beta_5': 118.33660291762226, 'beta_6': 131.0315386151783}. Best is trial 576 with value: 73.41078608586943.
[I 2026-04-01 11:57:11,832] Trial 716 finished with value: 742.761360261262 and parameters: {'alpha_0': 10762.291486522696, 'alpha_1': 789.6509737402278, 'alpha_2': 29.626566534519572, 'beta_0': 1.7290728667446864, 'beta_1': 1.1807226418214165, 'beta_2': 1.0591905095543597, 'beta_3': 0.4861154984495802, 'beta_4': 86.29244476998537, 'beta_5': 120.24944738329842, 'beta_6': 127.61278514722335}. Best is trial 576 with value: 73.41078608586943.
[I 2026-04-01 11:57:12,049] Trial 718 finished with value: 790.8480306481435 and parameters: {'alpha_0': 9918.794094787041, 'alpha_1': 763.3987290021776, 'alpha_2': 29.16426878423967, 'beta_0': 1.7389184945551102, 'beta_1': 1.1272103419743351, 'beta_2': 1.0718311107130414, 'beta_3': 1.9445816104990636, 'beta_4': 97.53237704242311, 'beta_5': 113.19220548481786, 'beta_6': 89.06344942736605}. Best is trial 576 with value: 73.41078608586943.
[I 2026-04-01 11:57:12,288] Trial 713 finished with value: 474.9067632750051 and parameters: {'alpha_0': 10313.684334631562, 'alpha_1': 998.6245238587514, 'alpha_2': 29.500954043184116, 'beta_0': 1.2601134187972172, 'beta_1': 1.193846607873535, 'beta_2': 1.0545312460665202, 'beta_3': 1.8948609593549655, 'beta_4': 91.22449694228135, 'beta_5': 116.77342528973135, 'beta_6': 93.74184066017526}. Best is trial 576 with value: 73.41078608586943.
