Best trial: 957. Best value: 71.3843:  68%|██████▊   | 1368/2000 [1:38:43<20:47,  1.97s/it]Best trial: 957. Best value: 71.3843:  68%|██████▊   | 1368/2000 [1:38:43<20:47,  1.97s/it]Best trial: 957. Best value: 71.3843:  68%|██████▊   | 1369/2000 [1:38:43<13:09,  1.25s/it]                                                                                           Best trial: 957. Best value: 71.3843:  68%|██████▊   | 1369/2000 [1:38:43<13:09,  1.25s/it]Best trial: 957. Best value: 71.3843:  68%|██████▊   | 1369/2000 [1:38:43<13:09,  1.25s/it]Best trial: 957. Best value: 71.3843:  68%|██████▊   | 1370/2000 [1:38:43<11:36,  1.11s/it]                                                                                           Best trial: 957. Best value: 71.3843:  68%|██████▊   | 1370/2000 [1:39:23<11:36,  1.11s/it]Best trial: 957. Best value: 71.3843:  68%|██████▊   | 1370/2000 [1:39:23<11:36,  1.11s/it]Best trial: 957. Best value: 71.3843:  69%|██████▊   | 1371/2000 [1:39:23<1:51:17, 10.62s/it]                                                                                             Best trial: 957. Best value: 71.3843:  69%|██████▊   | 1371/2000 [1:39:23<1:51:17, 10.62s/it]Best trial: 957. Best value: 71.3843:  69%|██████▊   | 1371/2000 [1:39:23<1:51:17, 10.62s/it]                                                                                             Best trial: 957. Best value: 71.3843:  69%|██████▊   | 1372/2000 [1:39:24<1:51:07, 10.62s/it]Best trial: 957. Best value: 71.3843:  69%|██████▊   | 1372/2000 [1:39:24<1:51:07, 10.62s/it]Best trial: 957. Best value: 71.3843:  69%|██████▊   | 1373/2000 [1:39:24<1:05:58,  6.31s/it]                                                                                             Best trial: 957. Best value: 71.3843:  69%|██████▊   | 1373/2000 [1:39:24<1:05:58,  6.31s/it]Best trial: 957. Best value: 71.3843:  69%|██████▊   | 1373/2000 [1:39:24<1:05:58,  6.31s/it]                                                                                             Best trial: 957. Best value: 71.3843:  69%|██████▊   | 1374/2000 [1:39:24<1:05:51,  6.31s/it]Best trial: 957. Best value: 71.3843:  69%|██████▊   | 1374/2000 [1:39:24<1:05:51,  6.31s/it]Best trial: 957. Best value: 71.3843:  69%|██████▉   | 1375/2000 [1:39:24<41:39,  4.00s/it]                                                                                             Best trial: 957. Best value: 71.3843:  69%|██████▉   | 1375/2000 [1:39:24<41:39,  4.00s/it]Best trial: 957. Best value: 71.3843:  69%|██████▉   | 1375/2000 [1:39:24<41:39,  4.00s/it]Best trial: 957. Best value: 71.3843:  69%|██████▉   | 1376/2000 [1:39:24<33:15,  3.20s/it]                                                                                           Best trial: 957. Best value: 71.3843:  69%|██████▉   | 1376/2000 [1:39:24<33:15,  3.20s/it]Best trial: 957. Best value: 71.3843:  69%|██████▉   | 1376/2000 [1:39:24<33:15,  3.20s/it]Best trial: 957. Best value: 71.3843:  69%|██████▉   | 1377/2000 [1:39:24<26:06,  2.51s/it]                                                                                           Best trial: 957. Best value: 71.3843:  69%|██████▉   | 1377/2000 [1:39:24<26:06,  2.51s/it]Best trial: 957. Best value: 71.3843:  69%|██████▉   | 1377/2000 [1:39:24<26:06,  2.51s/it]                                                                                           Best trial: 957. Best value: 71.3843:  69%|██████▉   | 1378/2000 [1:39:24<26:04,  2.51s/it]Best trial: 957. Best value: 71.3843:  69%|██████▉   | 1378/2000 [1:39:24<26:04,  2.51s/it]Best trial: 957. Best value: 71.3843:  69%|██████▉   | 1379/2000 [1:39:24<16:11,  1.56s/it]                                                                                           Best trial: 957. Best value: 71.3843:  69%|██████▉   | 1379/2000 [1:39:25<16:11,  1.56s/it]Best trial: 957. Best value: 71.3843:  69%|██████▉   | 1379/2000 [1:39:25<16:11,  1.56s/it]Best trial: 957. Best value: 71.3843:  69%|██████▉   | 1380/2000 [1:39:25<14:27,  1.40s/it]                                                                                           Best trial: 957. Best value: 71.3843:  69%|██████▉   | 1380/2000 [1:40:05<14:27,  1.40s/it]Best trial: 957. Best value: 71.3843:  69%|██████▉   | 1380/2000 [1:40:05<14:27,  1.40s/it]Best trial: 957. Best value: 71.3843:  69%|██████▉   | 1381/2000 [1:40:05<1:48:58, 10.56s/it]                                                                                             Best trial: 957. Best value: 71.3843:  69%|██████▉   | 1381/2000 [1:40:05<1:48:58, 10.56s/it]Best trial: 957. Best value: 71.3843:  69%|██████▉   | 1381/2000 [1:40:05<1:48:58, 10.56s/it]Best trial: 957. Best value: 71.3843:  69%|██████▉   | 1382/2000 [1:40:05<1:21:35,  7.92s/it]                                                                                             Best trial: 957. Best value: 71.3843:  69%|██████▉   | 1382/2000 [1:40:05<1:21:35,  7.92s/it]                                                                                             Best trial: 957. Best value: 71.3843:  69%|██████▉   | 1382/2000 [1:40:05<1:21:35,  7.92s/it]Best trial: 957. Best value: 71.3843:  69%|██████▉   | 1382/2000 [1:40:05<1:21:35,  7.92s/it]Best trial: 957. Best value: 71.3843:  69%|██████▉   | 1383/2000 [1:40:05<1:21:27,  7.92s/it]                                                                                             Best trial: 957. Best value: 71.3843:  69%|██████▉   | 1384/2000 [1:40:05<1:21:19,  7.92s/it]Best trial: 957. Best value: 71.3843:  69%|██████▉   | 1384/2000 [1:40:05<1:21:19,  7.92s/it]Best trial: 957. Best value: 71.3843:  69%|██████▉   | 1385/2000 [1:40:05<38:57,  3.80s/it]                                                                                             Best trial: 957. Best value: 71.3843:  69%|██████▉   | 1385/2000 [1:40:05<38:57,  3.80s/it]Best trial: 957. Best value: 71.3843:  69%|██████▉   | 1385/2000 [1:40:05<38:57,  3.80s/it]                                                                                           [I 2026-04-01 12:44:04,182] Trial 1369 finished with value: 76.99381375989827 and parameters: {'alpha_0': 14139.260990575183, 'alpha_1': 4976.861222037111, 'alpha_2': 48.38099955336179, 'beta_0': 0.3186358600719757, 'beta_1': 1.8315478666447047, 'beta_2': 1.2847808103769403, 'beta_3': 0.4271135941332222, 'beta_4': 65.22905174610553, 'beta_5': 6.845943665364219, 'beta_6': 366.0044893354473}. Best is trial 957 with value: 71.38427157687855.
[I 2026-04-01 12:44:04,794] Trial 1368 finished with value: 314.4364521241732 and parameters: {'alpha_0': 14178.379211896001, 'alpha_1': 5063.509228445208, 'alpha_2': 49.083461292259265, 'beta_0': 1.0267412454191218, 'beta_1': 1.8469033974231133, 'beta_2': 1.2702481062949857, 'beta_3': 0.42977290671454393, 'beta_4': 65.58532593559656, 'beta_5': 0.6061587207473789, 'beta_6': 325.1216582274591}. Best is trial 957 with value: 71.38427157687855.
[I 2026-04-01 12:44:44,633] Trial 1375 finished with value: 75.10757612562881 and parameters: {'alpha_0': 14031.421884444102, 'alpha_1': 5239.015156941183, 'alpha_2': 49.227402349482354, 'beta_0': 0.2830595640783171, 'beta_1': 1.822930900535676, 'beta_2': 1.2857440398698887, 'beta_3': 0.31596279855598713, 'beta_4': 62.27118328379016, 'beta_5': 20.63892542801129, 'beta_6': 334.1795326031361}. Best is trial 957 with value: 71.38427157687855.
[I 2026-04-01 12:44:44,685] Trial 1370 finished with value: 72.50672729171855 and parameters: {'alpha_0': 13946.955694308685, 'alpha_1': 4965.51570481497, 'alpha_2': 48.53784092506583, 'beta_0': 0.2020251025626855, 'beta_1': 1.8404565962237993, 'beta_2': 1.3028613191745548, 'beta_3': 0.42079852749366603, 'beta_4': 66.57722455319875, 'beta_5': 0.8930591433393379, 'beta_6': 455.0289472012787}. Best is trial 957 with value: 71.38427157687855.
[I 2026-04-01 12:44:44,989] Trial 1373 finished with value: 130.07374471911353 and parameters: {'alpha_0': 13925.788685914682, 'alpha_1': 5114.314483172454, 'alpha_2': 49.032650797309046, 'beta_0': 0.4979923568431892, 'beta_1': 1.8240765301948532, 'beta_2': 1.2921073079040495, 'beta_3': 0.4290460092209342, 'beta_4': 66.21788309483986, 'beta_5': 19.975069262320094, 'beta_6': 330.5194588738012}. Best is trial 957 with value: 71.38427157687855.
[I 2026-04-01 12:44:45,049] Trial 1372 finished with value: 72.08083676840673 and parameters: {'alpha_0': 14074.559144729148, 'alpha_1': 5265.205946700877, 'alpha_2': 49.27131896807666, 'beta_0': 0.20012252023227123, 'beta_1': 1.834341543722461, 'beta_2': 1.2875399233676723, 'beta_3': 0.4030268065479833, 'beta_4': 66.25615278301866, 'beta_5': 0.5011034908869165, 'beta_6': 365.4946821747676}. Best is trial 957 with value: 71.38427157687855.
[I 2026-04-01 12:44:45,131] Trial 1377 finished with value: 79.46584947006252 and parameters: {'alpha_0': 16161.781590111894, 'alpha_1': 5519.150834759749, 'alpha_2': 48.94658329238311, 'beta_0': 0.3044260973065016, 'beta_1': 1.7207715317909407, 'beta_2': 1.3865951481479053, 'beta_3': 0.4326682938941509, 'beta_4': 61.88074440180144, 'beta_5': 20.875743169377863, 'beta_6': 368.6705643022745}. Best is trial 957 with value: 71.38427157687855.
[I 2026-04-01 12:44:45,300] Trial 1374 finished with value: 77.72677402440708 and parameters: {'alpha_0': 13910.192538116298, 'alpha_1': 4909.245913093835, 'alpha_2': 48.8320844068775, 'beta_0': 0.3009905960659093, 'beta_1': 1.9085768695005887, 'beta_2': 1.276704856853236, 'beta_3': 0.4208286415046819, 'beta_4': 62.16236297372786, 'beta_5': 0.3249556984832349, 'beta_6': 370.54595086504855}. Best is trial 957 with value: 71.38427157687855.
[I 2026-04-01 12:44:45,532] Trial 1376 finished with value: 73.56761789537416 and parameters: {'alpha_0': 16273.099425762251, 'alpha_1': 5152.152316703712, 'alpha_2': 46.86819456395463, 'beta_0': 0.20044763746649222, 'beta_1': 1.721790554163111, 'beta_2': 1.3920531715256017, 'beta_3': 0.4229834372582688, 'beta_4': 62.18056990633503, 'beta_5': 22.297539763479616, 'beta_6': 396.1515131303577}. Best is trial 957 with value: 71.38427157687855.
[I 2026-04-01 12:44:45,563] Trial 1371 finished with value: 132.74681348923835 and parameters: {'alpha_0': 14029.263636946056, 'alpha_1': 5134.960903008674, 'alpha_2': 48.40649723162353, 'beta_0': 0.20142960387526931, 'beta_1': 1.828473706388911, 'beta_2': 1.2877066131373607, 'beta_3': 0.44137799087996765, 'beta_4': 65.03504157675088, 'beta_5': 439.9657206599803, 'beta_6': 370.47227251540346}. Best is trial 957 with value: 71.38427157687855.
[I 2026-04-01 12:44:45,776] Trial 1378 finished with value: 76.85100890187823 and parameters: {'alpha_0': 15984.867868967282, 'alpha_1': 5268.148498077286, 'alpha_2': 46.89748398100199, 'beta_0': 0.29389298741922487, 'beta_1': 1.706100895179714, 'beta_2': 1.3925379195949144, 'beta_3': 0.41772816122726925, 'beta_4': 60.96273400423934, 'beta_5': 20.18498045168434, 'beta_6': 330.1859651995841}. Best is trial 957 with value: 71.38427157687855.
[I 2026-04-01 12:44:46,589] Trial 1379 finished with value: 72.72404500373631 and parameters: {'alpha_0': 15921.15951528281, 'alpha_1': 5247.085506182371, 'alpha_2': 47.01932069460938, 'beta_0': 0.20208463448928327, 'beta_1': 1.7182873940208379, 'beta_2': 1.3951504300424848, 'beta_3': 0.390805593833141, 'beta_4': 61.698954346579555, 'beta_5': 19.7557168942503, 'beta_6': 398.2115712634231}. Best is trial 957 with value: 71.38427157687855.
[I 2026-04-01 12:45:26,205] Trial 1386 finished with value: 73.3518149665132 and parameters: {'alpha_0': 15118.56951376491, 'alpha_1': 5437.917508464681, 'alpha_2': 47.55659810899712, 'beta_0': 0.2514115673734761, 'beta_1': 1.5572340796119117, 'beta_2': 1.2316257716912928, 'beta_3': 0.38068383142850076, 'beta_4': 60.03601562944124, 'beta_5': 30.034329941695148, 'beta_6': 353.4731318533645}. Best is trial 957 with value: 71.38427157687855.
[I 2026-04-01 12:45:26,408] Trial 1388 finished with value: 73.95665248092693 and parameters: {'alpha_0': 15020.554731836964, 'alpha_1': 5476.3457825548085, 'alpha_2': 47.87019300309583, 'beta_0': 0.2571188550422865, 'beta_1': 1.5717873832362252, 'beta_2': 1.2030928317056375, 'beta_3': 0.38279472781257984, 'beta_4': 56.74995117382117, 'beta_5': 31.53889396601879, 'beta_6': 334.8637826847907}. Best is trial 957 with value: 71.38427157687855.
[I 2026-04-01 12:45:26,415] Trial 1382 finished with value: 76.48541258055225 and parameters: {'alpha_0': 16336.299203087588, 'alpha_1': 5625.2820706008815, 'alpha_2': 46.50055747343701, 'beta_0': 0.24915320370316454, 'beta_1': 1.7164932640215707, 'beta_2': 1.3952014648118116, 'beta_3': 0.38309230992634413, 'beta_4': 61.78167162647967, 'beta_5': 30.477304641483542, 'beta_6': 455.8078493857985}. Best is trial 957 with value: 71.38427157687855.
[I 2026-04-01 12:45:26,430] Trial 1381 finished with value: 76.28317621740912 and parameters: {'alpha_0': 16164.545478970253, 'alpha_1': 5210.971287499829, 'alpha_2': 46.4556551416778, 'beta_0': 0.25160451919108395, 'beta_1': 1.7244600290152103, 'beta_2': 1.391165905654556, 'beta_3': 0.3760528150634568, 'beta_4': 61.53337482190284, 'beta_5': 21.178330647768718, 'beta_6': 401.2127628131496}. Best is trial 957 with value: 71.38427157687855.
[I 2026-04-01 12:45:26,489] Trial 1380 finished with value: 76.19043885254041 and parameters: {'alpha_0': 16212.400550946948, 'alpha_1': 5342.830171651247, 'alpha_2': 46.97325994267366, 'beta_0': 0.2558622205672971, 'beta_1': 1.7198341250114144, 'beta_2': 1.39996833816807, 'beta_3': 0.4055952239227782, 'beta_4': 62.26892874343393, 'beta_5': 18.79296865236344, 'beta_6': 358.74176654906285}. Best is trial 957 with value: 71.38427157687855.
[I 2026-04-01 12:45:26,719] Trial 1387 finished with value: 73.19695421696765 and parameters: {'alpha_0': 15110.619731657616, 'alpha_1': 5243.4669850563205, 'alpha_2': 49.667746291092435, 'beta_0': 0.2501789083834056, 'beta_1': 1.5547404850796787, 'beta_2': 1.197710905204833, 'beta_3': 0.3894935789591445, 'beta_4': 60.96083835014585, 'beta_5': 30.41750983025352, 'beta_6': 404.203157919599}. Best is trial 957 with value: 71.38427157687855.
Best trial: 957. Best value: 71.3843:  69%|██████▉   | 1386/2000 [1:40:05<38:53,  3.80s/it]Best trial: 957. Best value: 71.3843:  69%|██████▉   | 1386/2000 [1:40:05<38:53,  3.80s/it]Best trial: 957. Best value: 71.3843:  69%|██████▉   | 1387/2000 [1:40:05<26:26,  2.59s/it]                                                                                           Best trial: 957. Best value: 71.3843:  69%|██████▉   | 1387/2000 [1:40:06<26:26,  2.59s/it]Best trial: 957. Best value: 71.3843:  69%|██████▉   | 1387/2000 [1:40:06<26:26,  2.59s/it]                                                                                           Best trial: 957. Best value: 71.3843:  69%|██████▉   | 1388/2000 [1:40:06<26:23,  2.59s/it]Best trial: 957. Best value: 71.3843:  69%|██████▉   | 1388/2000 [1:40:06<26:23,  2.59s/it]Best trial: 957. Best value: 71.3843:  69%|██████▉   | 1389/2000 [1:40:06<18:30,  1.82s/it]                                                                                           Best trial: 957. Best value: 71.3843:  69%|██████▉   | 1389/2000 [1:40:06<18:30,  1.82s/it]Best trial: 957. Best value: 71.3843:  69%|██████▉   | 1389/2000 [1:40:06<18:30,  1.82s/it]Best trial: 957. Best value: 71.3843:  70%|██████▉   | 1390/2000 [1:40:06<15:33,  1.53s/it]                                                                                           Best trial: 957. Best value: 71.3843:  70%|██████▉   | 1390/2000 [1:40:46<15:33,  1.53s/it]Best trial: 957. Best value: 71.3843:  70%|██████▉   | 1390/2000 [1:40:46<15:33,  1.53s/it]Best trial: 957. Best value: 71.3843:  70%|██████▉   | 1391/2000 [1:40:46<1:37:47,  9.63s/it]                                                                                             Best trial: 957. Best value: 71.3843:  70%|██████▉   | 1391/2000 [1:40:47<1:37:47,  9.63s/it]Best trial: 957. Best value: 71.3843:  70%|██████▉   | 1391/2000 [1:40:47<1:37:47,  9.63s/it]Best trial: 957. Best value: 71.3843:  70%|██████▉   | 1392/2000 [1:40:47<1:16:02,  7.50s/it]                                                                                             Best trial: 957. Best value: 71.3843:  70%|██████▉   | 1392/2000 [1:40:47<1:16:02,  7.50s/it]Best trial: 957. Best value: 71.3843:  70%|██████▉   | 1392/2000 [1:40:47<1:16:02,  7.50s/it]Best trial: 957. Best value: 71.3843:  70%|██████▉   | 1393/2000 [1:40:47<57:26,  5.68s/it]                                                                                             Best trial: 957. Best value: 71.3843:  70%|██████▉   | 1393/2000 [1:40:47<57:26,  5.68s/it]                                                                                           Best trial: 957. Best value: 71.3843:  70%|██████▉   | 1393/2000 [1:40:47<57:26,  5.68s/it]Best trial: 957. Best value: 71.3843:  70%|██████▉   | 1393/2000 [1:40:47<57:26,  5.68s/it]Best trial: 957. Best value: 71.3843:  70%|██████▉   | 1394/2000 [1:40:47<43:02,  4.26s/it]Best trial: 957. Best value: 71.3843:  70%|██████▉   | 1394/2000 [1:40:47<43:02,  4.26s/it]                                                                                           Best trial: 957. Best value: 71.3843:  70%|██████▉   | 1395/2000 [1:40:47<42:58,  4.26s/it]Best trial: 957. Best value: 71.3843:  70%|██████▉   | 1395/2000 [1:40:47<42:58,  4.26s/it]                                                                                           Best trial: 957. Best value: 71.3843:  70%|██████▉   | 1396/2000 [1:40:47<42:54,  4.26s/it]Best trial: 957. Best value: 71.3843:  70%|██████▉   | 1396/2000 [1:40:47<42:54,  4.26s/it]Best trial: 957. Best value: 71.3843:  70%|██████▉   | 1397/2000 [1:40:47<20:26,  2.03s/it]                                                                                           Best trial: 957. Best value: 71.3843:  70%|██████▉   | 1397/2000 [1:40:47<20:26,  2.03s/it]Best trial: 957. Best value: 71.3843:  70%|██████▉   | 1397/2000 [1:40:47<20:26,  2.03s/it]Best trial: 957. Best value: 71.3843:  70%|██████▉   | 1398/2000 [1:40:47<16:33,  1.65s/it]                                                                                           Best trial: 957. Best value: 71.3843:  70%|██████▉   | 1398/2000 [1:40:48<16:33,  1.65s/it]Best trial: 957. Best value: 71.3843:  70%|██████▉   | 1398/2000 [1:40:48<16:33,  1.65s/it]Best trial: 957. Best value: 71.3843:  70%|██████▉   | 1399/2000 [1:40:48<13:29,  1.35s/it]                                                                                           Best trial: 957. Best value: 71.3843:  70%|██████▉   | 1399/2000 [1:40:48<13:29,  1.35s/it]Best trial: 957. Best value: 71.3843:  70%|██████▉   | 1399/2000 [1:40:48<13:29,  1.35s/it]                                                                                           Best trial: 957. Best value: 71.3843:  70%|███████   | 1400/2000 [1:41:27<13:28,  1.35s/it]Best trial: 957. Best value: 71.3843:  70%|███████   | 1400/2000 [1:41:27<13:28,  1.35s/it]Best trial: 957. Best value: 71.3843:  70%|███████   | 1401/2000 [1:41:27<1:25:42,  8.59s/it]                                                                                             Best trial: 957. Best value: 71.3843:  70%|███████   | 1401/2000 [1:41:28<1:25:42,  8.59s/it]Best trial: 957. Best value: 71.3843:  70%|███████   | 1401/2000 [1:41:28<1:25:42,  8.59s/it]Best trial: 957. Best value: 71.3843:  70%|███████   | 1402/2000 [1:41:28<1:08:26,  6.87s/it]                                                                                             Best trial: 957. Best value: 71.3843:  70%|███████   | 1402/2000 [1:41:28<1:08:26,  6.87s/it]Best trial: 957. Best value: 71.3843:  70%|███████   | 1402/2000 [1:41:28<1:08:26,  6.87s/it]                                                                                             Best trial: 957. Best value: 71.3843:  70%|███████   | 1403/2000 [1:41:28<1:08:19,  6.87s/it]Best trial: 957. Best value: 71.3843:  70%|███████   | 1403/2000 [1:41:28<1:08:19,  6.87s/it]Best trial: 957. Best value: 71.3843:  70%|███████   | 1404/2000 [1:41:28<42:22,  4.27s/it]                                                                                             [I 2026-04-01 12:45:26,757] Trial 1383 finished with value: 76.58974583728866 and parameters: {'alpha_0': 15641.749160403524, 'alpha_1': 5444.469157067193, 'alpha_2': 49.985780787131354, 'beta_0': 0.29185947828617936, 'beta_1': 1.7203951286402819, 'beta_2': 1.231497610918398, 'beta_3': 0.39716194009737454, 'beta_4': 61.791728096660854, 'beta_5': 45.7427515826064, 'beta_6': 347.9672835164418}. Best is trial 957 with value: 71.38427157687855.
[I 2026-04-01 12:45:26,957] Trial 1385 finished with value: 72.80997900836677 and parameters: {'alpha_0': 15212.457461370792, 'alpha_1': 5303.678628195791, 'alpha_2': 49.66407527362135, 'beta_0': 0.25041085328491675, 'beta_1': 1.5600603817639442, 'beta_2': 1.2236828263432578, 'beta_3': 0.4609926393858872, 'beta_4': 60.44667151166261, 'beta_5': 28.208885644608916, 'beta_6': 344.3864924550446}. Best is trial 957 with value: 71.38427157687855.
[I 2026-04-01 12:45:27,199] Trial 1384 finished with value: 72.99326146471765 and parameters: {'alpha_0': 15150.370943000054, 'alpha_1': 5497.433620380524, 'alpha_2': 49.72260936893868, 'beta_0': 0.2007018071235129, 'beta_1': 1.7207308456101322, 'beta_2': 1.2311966966921515, 'beta_3': 0.38282166535683043, 'beta_4': 61.02754184037621, 'beta_5': 30.75582752323287, 'beta_6': 357.02854767900527}. Best is trial 957 with value: 71.38427157687855.
