Best trial: 957. Best value: 71.3843:  55%|█████▍    | 1097/2000 [1:19:37<31:12,  2.07s/it]Best trial: 957. Best value: 71.3843:  55%|█████▍    | 1097/2000 [1:19:37<31:12,  2.07s/it]Best trial: 957. Best value: 71.3843:  55%|█████▍    | 1098/2000 [1:19:37<31:10,  2.07s/it]                                                                                           Best trial: 957. Best value: 71.3843:  55%|█████▍    | 1099/2000 [1:19:38<31:08,  2.07s/it]Best trial: 957. Best value: 71.3843:  55%|█████▍    | 1099/2000 [1:19:38<31:08,  2.07s/it]Best trial: 957. Best value: 71.3843:  55%|█████▌    | 1100/2000 [1:19:38<18:03,  1.20s/it]                                                                                           Best trial: 957. Best value: 71.3843:  55%|█████▌    | 1100/2000 [1:20:17<18:03,  1.20s/it]Best trial: 957. Best value: 71.3843:  55%|█████▌    | 1100/2000 [1:20:17<18:03,  1.20s/it]Best trial: 957. Best value: 71.3843:  55%|█████▌    | 1101/2000 [1:20:17<2:09:42,  8.66s/it]                                                                                             Best trial: 957. Best value: 71.3843:  55%|█████▌    | 1101/2000 [1:20:17<2:09:42,  8.66s/it]                                                                                             Best trial: 957. Best value: 71.3843:  55%|█████▌    | 1101/2000 [1:20:17<2:09:42,  8.66s/it]Best trial: 957. Best value: 71.3843:  55%|█████▌    | 1101/2000 [1:20:17<2:09:42,  8.66s/it]Best trial: 957. Best value: 71.3843:  55%|█████▌    | 1102/2000 [1:20:17<2:09:33,  8.66s/it]                                                                                             Best trial: 957. Best value: 71.3843:  55%|█████▌    | 1103/2000 [1:20:17<2:09:24,  8.66s/it]Best trial: 957. Best value: 71.3843:  55%|█████▌    | 1103/2000 [1:20:17<2:09:24,  8.66s/it]Best trial: 957. Best value: 71.3843:  55%|█████▌    | 1104/2000 [1:20:17<1:10:58,  4.75s/it]                                                                                             Best trial: 957. Best value: 71.3843:  55%|█████▌    | 1104/2000 [1:20:18<1:10:58,  4.75s/it]Best trial: 957. Best value: 71.3843:  55%|█████▌    | 1104/2000 [1:20:18<1:10:58,  4.75s/it]Best trial: 957. Best value: 71.3843:  55%|█████▌    | 1105/2000 [1:20:18<58:41,  3.94s/it]                                                                                             Best trial: 957. Best value: 71.3843:  55%|█████▌    | 1105/2000 [1:20:18<58:41,  3.94s/it]Best trial: 957. Best value: 71.3843:  55%|█████▌    | 1105/2000 [1:20:18<58:41,  3.94s/it]                                                                                           Best trial: 957. Best value: 71.3843:  55%|█████▌    | 1106/2000 [1:20:18<58:37,  3.94s/it]Best trial: 957. Best value: 71.3843:  55%|█████▌    | 1106/2000 [1:20:18<58:37,  3.94s/it]Best trial: 957. Best value: 71.3843:  55%|█████▌    | 1107/2000 [1:20:18<39:55,  2.68s/it]                                                                                           Best trial: 957. Best value: 71.3843:  55%|█████▌    | 1107/2000 [1:20:18<39:55,  2.68s/it]Best trial: 957. Best value: 71.3843:  55%|█████▌    | 1107/2000 [1:20:18<39:55,  2.68s/it]                                                                                           Best trial: 957. Best value: 71.3843:  55%|█████▌    | 1108/2000 [1:20:18<39:52,  2.68s/it]Best trial: 957. Best value: 71.3843:  55%|█████▌    | 1108/2000 [1:20:18<39:52,  2.68s/it]Best trial: 957. Best value: 71.3843:  55%|█████▌    | 1109/2000 [1:20:18<27:14,  1.83s/it]                                                                                           Best trial: 957. Best value: 71.3843:  55%|█████▌    | 1109/2000 [1:20:18<27:14,  1.83s/it]Best trial: 957. Best value: 71.3843:  55%|█████▌    | 1109/2000 [1:20:18<27:14,  1.83s/it]Best trial: 957. Best value: 71.3843:  56%|█████▌    | 1110/2000 [1:20:18<22:46,  1.54s/it]                                                                                           Best trial: 957. Best value: 71.3843:  56%|█████▌    | 1110/2000 [1:20:58<22:46,  1.54s/it]Best trial: 957. Best value: 71.3843:  56%|█████▌    | 1110/2000 [1:20:58<22:46,  1.54s/it]Best trial: 957. Best value: 71.3843:  56%|█████▌    | 1111/2000 [1:20:58<2:23:06,  9.66s/it]                                                                                             Best trial: 957. Best value: 71.3843:  56%|█████▌    | 1111/2000 [1:20:58<2:23:06,  9.66s/it]Best trial: 957. Best value: 71.3843:  56%|█████▌    | 1111/2000 [1:20:58<2:23:06,  9.66s/it]                                                                                             Best trial: 957. Best value: 71.3843:  56%|█████▌    | 1112/2000 [1:20:58<2:22:56,  9.66s/it]Best trial: 957. Best value: 71.3843:  56%|█████▌    | 1112/2000 [1:20:58<2:22:56,  9.66s/it]Best trial: 957. Best value: 71.3843:  56%|█████▌    | 1113/2000 [1:20:58<1:29:25,  6.05s/it]                                                                                             Best trial: 957. Best value: 71.3843:  56%|█████▌    | 1113/2000 [1:20:59<1:29:25,  6.05s/it]Best trial: 957. Best value: 71.3843:  56%|█████▌    | 1113/2000 [1:20:59<1:29:25,  6.05s/it]                                                                                             Best trial: 957. Best value: 71.3843:  56%|█████▌    | 1114/2000 [1:20:59<1:29:19,  6.05s/it]Best trial: 957. Best value: 71.3843:  56%|█████▌    | 1114/2000 [1:20:59<1:29:19,  6.05s/it]Best trial: 957. Best value: 71.3843:  56%|█████▌    | 1115/2000 [1:20:59<59:20,  4.02s/it]                                                                                             Best trial: 957. Best value: 71.3843:  56%|█████▌    | 1115/2000 [1:20:59<59:20,  4.02s/it]Best trial: 957. Best value: 71.3843:  56%|█████▌    | 1115/2000 [1:20:59<59:20,  4.02s/it]                                                                                           [I 2026-04-01 12:24:58,079] Trial 1094 finished with value: 72.95278767156051 and parameters: {'alpha_0': 17548.62341284953, 'alpha_1': 822.9911425118289, 'alpha_2': 44.86186357689263, 'beta_0': 0.2002609331559562, 'beta_1': 1.6560372318510967, 'beta_2': 1.319926449712899, 'beta_3': 0.351641035636244, 'beta_4': 50.86791734243734, 'beta_5': 25.688926551974596, 'beta_6': 145.64882024814588}. Best is trial 957 with value: 71.38427157687855.
[I 2026-04-01 12:24:59,149] Trial 1099 finished with value: 77.74994738597786 and parameters: {'alpha_0': 17579.227561988104, 'alpha_1': 876.6194443589851, 'alpha_2': 44.714891636836015, 'beta_0': 0.2495493098982203, 'beta_1': 1.705687237316216, 'beta_2': 1.6286793408181006, 'beta_3': 0.29649302483073087, 'beta_4': 49.799061634514175, 'beta_5': 29.211917113730703, 'beta_6': 152.34573963969046}. Best is trial 957 with value: 71.38427157687855.
[I 2026-04-01 12:25:38,582] Trial 1100 finished with value: 76.1261798158227 and parameters: {'alpha_0': 17612.289610503914, 'alpha_1': 855.80580579504, 'alpha_2': 44.5550768265455, 'beta_0': 0.2564217764824596, 'beta_1': 1.6452421700639284, 'beta_2': 1.6197308253023188, 'beta_3': 0.31288170254136116, 'beta_4': 49.88849223627199, 'beta_5': 28.16114192823973, 'beta_6': 147.32487269602314}. Best is trial 957 with value: 71.38427157687855.
[I 2026-04-01 12:25:38,605] Trial 1102 finished with value: 75.4118358319866 and parameters: {'alpha_0': 15912.990893251708, 'alpha_1': 800.1543879600332, 'alpha_2': 43.39939921569291, 'beta_0': 0.296919569948087, 'beta_1': 1.665743873858289, 'beta_2': 1.6429453938332357, 'beta_3': 0.3053055885316289, 'beta_4': 3.807368474641649, 'beta_5': 35.33152034532728, 'beta_6': 143.79179540808644}. Best is trial 957 with value: 71.38427157687855.
[I 2026-04-01 12:25:38,609] Trial 1101 finished with value: 77.06088479925964 and parameters: {'alpha_0': 17876.862566846743, 'alpha_1': 861.4208903984158, 'alpha_2': 43.480490007442896, 'beta_0': 0.25273736346754483, 'beta_1': 1.712726604032103, 'beta_2': 1.562254608167613, 'beta_3': 0.3060649875848105, 'beta_4': 56.17167383867918, 'beta_5': 34.110605792650404, 'beta_6': 151.23273166115223}. Best is trial 957 with value: 71.38427157687855.
[I 2026-04-01 12:25:38,794] Trial 1106 finished with value: 80.59984918274333 and parameters: {'alpha_0': 15696.559145553287, 'alpha_1': 828.6077875576035, 'alpha_2': 43.94257124911713, 'beta_0': 0.3071973909316209, 'beta_1': 1.63233270193887, 'beta_2': 1.3590755038739508, 'beta_3': 0.21908852238232376, 'beta_4': 57.339084181469005, 'beta_5': 40.10207570091021, 'beta_6': 157.25529543441354}. Best is trial 957 with value: 71.38427157687855.
[I 2026-04-01 12:25:38,985] Trial 1108 finished with value: 106.54712500527421 and parameters: {'alpha_0': 26677.908981091507, 'alpha_1': 886.0705765667088, 'alpha_2': 43.2526867257894, 'beta_0': 0.3014192305434152, 'beta_1': 1.737431203103001, 'beta_2': 1.7278015771310344, 'beta_3': 0.21328781432833, 'beta_4': 56.71903524472884, 'beta_5': 37.90235278717641, 'beta_6': 156.69168899659218}. Best is trial 957 with value: 71.38427157687855.
[I 2026-04-01 12:25:39,045] Trial 1103 finished with value: 103.65267825662691 and parameters: {'alpha_0': 15871.225986139198, 'alpha_1': 874.9826479433838, 'alpha_2': 43.205683566985854, 'beta_0': 0.3013491853791391, 'beta_1': 1.6430945564657964, 'beta_2': 1.3375469957974635, 'beta_3': 0.30715017484170304, 'beta_4': 163.9884509575006, 'beta_5': 32.78811652456464, 'beta_6': 142.50575306144225}. Best is trial 957 with value: 71.38427157687855.
[I 2026-04-01 12:25:39,428] Trial 1104 finished with value: 112.96593490551552 and parameters: {'alpha_0': 15789.084737976327, 'alpha_1': 878.177124107023, 'alpha_2': 43.39369107105083, 'beta_0': 0.29104059032018553, 'beta_1': 1.6676004066951413, 'beta_2': 1.664088498713048, 'beta_3': 0.28608495365990827, 'beta_4': 3.8372593871006444, 'beta_5': 333.266324490292, 'beta_6': 144.58278803103815}. Best is trial 957 with value: 71.38427157687855.
[I 2026-04-01 12:25:39,493] Trial 1107 finished with value: 81.50353725441525 and parameters: {'alpha_0': 15883.306803076082, 'alpha_1': 6367.223876438519, 'alpha_2': 43.34165372922205, 'beta_0': 0.30136054509191523, 'beta_1': 1.73303998601959, 'beta_2': 1.5610281951137623, 'beta_3': 0.20395264467689758, 'beta_4': 56.85665526119019, 'beta_5': 35.93455415661345, 'beta_6': 157.7867237156765}. Best is trial 957 with value: 71.38427157687855.
[I 2026-04-01 12:25:39,573] Trial 1105 finished with value: 80.10360687616617 and parameters: {'alpha_0': 15808.059445546942, 'alpha_1': 881.5304017634745, 'alpha_2': 43.054543684421304, 'beta_0': 0.2909665163985833, 'beta_1': 1.6410152820810269, 'beta_2': 1.564704982510336, 'beta_3': 0.33173811871980724, 'beta_4': 56.30967069845559, 'beta_5': 37.95760130461929, 'beta_6': 155.60870095319044}. Best is trial 957 with value: 71.38427157687855.
[I 2026-04-01 12:25:39,826] Trial 1109 finished with value: 82.60189662470532 and parameters: {'alpha_0': 15987.785137455397, 'alpha_1': 844.423343708682, 'alpha_2': 43.449301837812136, 'beta_0': 0.30822868707464596, 'beta_1': 1.749856568358304, 'beta_2': 1.5677432611287818, 'beta_3': 0.4255900658657083, 'beta_4': 55.7432448029788, 'beta_5': 36.87934790840293, 'beta_6': 157.54284636640966}. Best is trial 957 with value: 71.38427157687855.
[I 2026-04-01 12:26:19,650] Trial 1115 finished with value: 81.0779500810284 and parameters: {'alpha_0': 15076.022187775503, 'alpha_1': 486.9764644781259, 'alpha_2': 45.727723066652345, 'beta_0': 0.3123767030077702, 'beta_1': 1.7906873181001484, 'beta_2': 1.6935612090099854, 'beta_3': 0.12472509197772433, 'beta_4': 61.465918664814986, 'beta_5': 16.51567871055931, 'beta_6': 164.2087044757216}. Best is trial 957 with value: 71.38427157687855.
[I 2026-04-01 12:26:19,659] Trial 1114 finished with value: 75.25463697941514 and parameters: {'alpha_0': 15149.006969963995, 'alpha_1': 454.0823549803557, 'alpha_2': 45.57642265809268, 'beta_0': 0.3011899774606027, 'beta_1': 1.7965313175648179, 'beta_2': 1.5558972149037944, 'beta_3': 0.36623230950292346, 'beta_4': 61.07888560898095, 'beta_5': 15.2289368867179, 'beta_6': 169.62141672069674}. Best is trial 957 with value: 71.38427157687855.
[I 2026-04-01 12:26:19,840] Trial 1110 finished with value: 72.17827291111765 and parameters: {'alpha_0': 15343.09294591486, 'alpha_1': 523.2631044557791, 'alpha_2': 43.41976614522076, 'beta_0': 0.20102617907940967, 'beta_1': 1.7560002088900164, 'beta_2': 1.352905518133329, 'beta_3': 0.20590709519057343, 'beta_4': 56.42146189830065, 'beta_5': 16.048906959499025, 'beta_6': 421.45136064112296}. Best is trial 957 with value: 71.38427157687855.
[I 2026-04-01 12:26:19,924] Trial 1116 finished with value: 90.32383884918897 and parameters: {'alpha_0': 30359.40999137078, 'alpha_1': 461.2423815481785, 'alpha_2': 45.57430051634542, 'beta_0': 0.2044363130398284, 'beta_1': 1.7744008877967017, 'beta_2': 1.3604252260587508, 'beta_3': 0.4347973576708188, 'beta_4': 61.89628325936984, 'beta_5': 15.386401035461592, 'beta_6': 167.90965138864246}. Best is trial 957 with value: 71.38427157687855.
[I 2026-04-01 12:26:20,373] Trial 1111 finished with value: 79.81803741079032 and parameters: {'alpha_0': 15757.236410184494, 'alpha_1': 422.25343307576406, 'alpha_2': 43.276171249996, 'beta_0': 0.3103299477426993, 'beta_1': 1.7603802697593192, 'beta_2': 1.6885454484763696, 'beta_3': 0.21830023849812794, 'beta_4': 57.38690711074916, 'beta_5': 15.906650722823452, 'beta_6': 169.44001444973674}. Best is trial 957 with value: 71.38427157687855.
[I 2026-04-01 12:26:20,463] Trial 1112 finished with value: 77.89143726710273 and parameters: {'alpha_0': 15821.033083095892, 'alpha_1': 437.65478713612674, 'alpha_2': 43.09095529555197, 'beta_0': 0.31020370797746527, 'beta_1': 1.7671820428652094, 'beta_2': 1.3579371256404167, 'beta_3': 0.21382605056183054, 'beta_4': 56.42308731272736, 'beta_5': 15.082538200075806, 'beta_6': 166.62071529072827}. Best is trial 957 with value: 71.38427157687855.
Best trial: 957. Best value: 71.3843:  56%|█████▌    | 1116/2000 [1:20:59<59:16,  4.02s/it]Best trial: 957. Best value: 71.3843:  56%|█████▌    | 1116/2000 [1:20:59<59:16,  4.02s/it]Best trial: 957. Best value: 71.3843:  56%|█████▌    | 1117/2000 [1:20:59<39:55,  2.71s/it]                                                                                           Best trial: 957. Best value: 71.3843:  56%|█████▌    | 1117/2000 [1:20:59<39:55,  2.71s/it]Best trial: 957. Best value: 71.3843:  56%|█████▌    | 1117/2000 [1:20:59<39:55,  2.71s/it]                                                                                           Best trial: 957. Best value: 71.3843:  56%|█████▌    | 1118/2000 [1:21:00<39:52,  2.71s/it]Best trial: 957. Best value: 71.3843:  56%|█████▌    | 1118/2000 [1:21:00<39:52,  2.71s/it]Best trial: 957. Best value: 71.3843:  56%|█████▌    | 1119/2000 [1:21:00<27:41,  1.89s/it]                                                                                           Best trial: 957. Best value: 71.3843:  56%|█████▌    | 1119/2000 [1:21:00<27:41,  1.89s/it]Best trial: 957. Best value: 71.3843:  56%|█████▌    | 1119/2000 [1:21:00<27:41,  1.89s/it]Best trial: 957. Best value: 71.3843:  56%|█████▌    | 1120/2000 [1:21:00<23:14,  1.58s/it]                                                                                           Best trial: 957. Best value: 71.3843:  56%|█████▌    | 1120/2000 [1:21:41<23:14,  1.58s/it]Best trial: 957. Best value: 71.3843:  56%|█████▌    | 1120/2000 [1:21:41<23:14,  1.58s/it]Best trial: 957. Best value: 71.3843:  56%|█████▌    | 1121/2000 [1:21:41<2:24:39,  9.87s/it]                                                                                             Best trial: 957. Best value: 71.3843:  56%|█████▌    | 1121/2000 [1:21:41<2:24:39,  9.87s/it]Best trial: 957. Best value: 71.3843:  56%|█████▌    | 1121/2000 [1:21:41<2:24:39,  9.87s/it]                                                                                             Best trial: 957. Best value: 71.3843:  56%|█████▌    | 1122/2000 [1:21:41<2:24:30,  9.87s/it]Best trial: 957. Best value: 71.3843:  56%|█████▌    | 1122/2000 [1:21:41<2:24:30,  9.87s/it]Best trial: 957. Best value: 71.3843:  56%|█████▌    | 1123/2000 [1:21:41<1:30:19,  6.18s/it]                                                                                             Best trial: 957. Best value: 71.3843:  56%|█████▌    | 1123/2000 [1:21:41<1:30:19,  6.18s/it]Best trial: 957. Best value: 71.3843:  56%|█████▌    | 1123/2000 [1:21:41<1:30:19,  6.18s/it]Best trial: 957. Best value: 71.3843:  56%|█████▌    | 1124/2000 [1:21:41<1:11:49,  4.92s/it]                                                                                             Best trial: 957. Best value: 71.3843:  56%|█████▌    | 1124/2000 [1:21:41<1:11:49,  4.92s/it]Best trial: 957. Best value: 71.3843:  56%|█████▌    | 1124/2000 [1:21:41<1:11:49,  4.92s/it]Best trial: 957. Best value: 71.3843:  56%|█████▋    | 1125/2000 [1:21:41<55:39,  3.82s/it]                                                                                             Best trial: 957. Best value: 71.3843:  56%|█████▋    | 1125/2000 [1:21:41<55:39,  3.82s/it]Best trial: 957. Best value: 71.3843:  56%|█████▋    | 1125/2000 [1:21:41<55:39,  3.82s/it]Best trial: 957. Best value: 71.3843:  56%|█████▋    | 1126/2000 [1:21:41<42:08,  2.89s/it]                                                                                           Best trial: 957. Best value: 71.3843:  56%|█████▋    | 1126/2000 [1:21:41<42:08,  2.89s/it]Best trial: 957. Best value: 71.3843:  56%|█████▋    | 1126/2000 [1:21:41<42:08,  2.89s/it]                                                                                           Best trial: 957. Best value: 71.3843:  56%|█████▋    | 1127/2000 [1:21:41<42:05,  2.89s/it]Best trial: 957. Best value: 71.3843:  56%|█████▋    | 1127/2000 [1:21:41<42:05,  2.89s/it]                                                                                           Best trial: 957. Best value: 71.3843:  56%|█████▋    | 1128/2000 [1:21:41<42:02,  2.89s/it]Best trial: 957. Best value: 71.3843:  56%|█████▋    | 1128/2000 [1:21:41<42:02,  2.89s/it]Best trial: 957. Best value: 71.3843:  56%|█████▋    | 1129/2000 [1:21:41<20:37,  1.42s/it]                                                                                           Best trial: 957. Best value: 71.3843:  56%|█████▋    | 1129/2000 [1:21:41<20:37,  1.42s/it]Best trial: 957. Best value: 71.3843:  56%|█████▋    | 1129/2000 [1:21:42<20:37,  1.42s/it]Best trial: 957. Best value: 71.3843:  56%|█████▋    | 1130/2000 [1:21:52<20:36,  1.42s/it]                                                                                           Best trial: 957. Best value: 71.3843:  56%|█████▋    | 1130/2000 [1:22:22<20:36,  1.42s/it]Best trial: 957. Best value: 71.3843:  56%|█████▋    | 1130/2000 [1:22:22<20:36,  1.42s/it]Best trial: 957. Best value: 71.3843:  57%|█████▋    | 1131/2000 [1:22:22<1:51:48,  7.72s/it]                                                                                             Best trial: 957. Best value: 71.3843:  57%|█████▋    | 1131/2000 [1:22:23<1:51:48,  7.72s/it]Best trial: 957. Best value: 71.3843:  57%|█████▋    | 1131/2000 [1:22:23<1:51:48,  7.72s/it]Best trial: 957. Best value: 71.3843:  57%|█████▋    | 1132/2000 [1:22:23<1:32:29,  6.39s/it]                                                                                             Best trial: 957. Best value: 71.3843:  57%|█████▋    | 1132/2000 [1:22:23<1:32:29,  6.39s/it]                                                                                             Best trial: 957. Best value: 71.3843:  57%|█████▋    | 1132/2000 [1:22:23<1:32:29,  6.39s/it]Best trial: 957. Best value: 71.3843:  57%|█████▋    | 1132/2000 [1:22:23<1:32:29,  6.39s/it]Best trial: 957. Best value: 71.3843:  57%|█████▋    | 1133/2000 [1:22:23<1:13:19,  5.07s/it]Best trial: 957. Best value: 71.3843:  57%|█████▋    | 1133/2000 [1:22:23<1:13:19,  5.07s/it]                                                                                             [I 2026-04-01 12:26:20,553] Trial 1113 finished with value: 141.13961680364497 and parameters: {'alpha_0': 30050.966174253652, 'alpha_1': 471.98242593384856, 'alpha_2': 43.104197958447024, 'beta_0': 0.3148156706960824, 'beta_1': 1.7769754088222482, 'beta_2': 1.3430535571787812, 'beta_3': 0.42479270021810334, 'beta_4': 56.0692993276997, 'beta_5': 288.1045216433907, 'beta_6': 167.04382139156183}. Best is trial 957 with value: 71.38427157687855.
[I 2026-04-01 12:26:20,624] Trial 1118 finished with value: 71.94577806171031 and parameters: {'alpha_0': 15085.519032852037, 'alpha_1': 460.30706259552426, 'alpha_2': 45.50156339381715, 'beta_0': 0.20110667027694018, 'beta_1': 1.7972637175734327, 'beta_2': 1.3790763026170973, 'beta_3': 0.4328374654563859, 'beta_4': 61.06097772808109, 'beta_5': 11.639938132942083, 'beta_6': 168.7770641467266}. Best is trial 957 with value: 71.38427157687855.
[I 2026-04-01 12:26:20,863] Trial 1117 finished with value: 85.73811045500165 and parameters: {'alpha_0': 15029.326003693854, 'alpha_1': 3793.747618920537, 'alpha_2': 45.567608529453096, 'beta_0': 0.2465349339724841, 'beta_1': 1.7531886312402314, 'beta_2': 1.354853154578747, 'beta_3': 0.37226025807045027, 'beta_4': 134.68265314376558, 'beta_5': 15.878255860750091, 'beta_6': 168.4680842195287}. Best is trial 957 with value: 71.38427157687855.
