Best trial: 341. Best value: 73.8033:  22%|██▎       | 450/2000 [32:07<36:33,  1.41s/it]Best trial: 341. Best value: 73.8033:  22%|██▎       | 450/2000 [32:07<36:33,  1.41s/it]Best trial: 341. Best value: 73.8033:  23%|██▎       | 451/2000 [32:07<3:34:12,  8.30s/it]                                                                                          Best trial: 341. Best value: 73.8033:  23%|██▎       | 451/2000 [32:07<3:34:12,  8.30s/it]Best trial: 341. Best value: 73.8033:  23%|██▎       | 451/2000 [32:07<3:34:12,  8.30s/it]                                                                                          Best trial: 341. Best value: 73.8033:  23%|██▎       | 452/2000 [32:08<3:34:03,  8.30s/it]Best trial: 341. Best value: 73.8033:  23%|██▎       | 452/2000 [32:08<3:34:03,  8.30s/it]Best trial: 341. Best value: 73.8033:  23%|██▎       | 453/2000 [32:08<2:22:04,  5.51s/it]                                                                                          Best trial: 341. Best value: 73.8033:  23%|██▎       | 453/2000 [32:08<2:22:04,  5.51s/it]Best trial: 341. Best value: 73.8033:  23%|██▎       | 453/2000 [32:08<2:22:04,  5.51s/it]Best trial: 341. Best value: 73.8033:  23%|██▎       | 454/2000 [32:08<1:55:07,  4.47s/it]                                                                                          Best trial: 341. Best value: 73.8033:  23%|██▎       | 454/2000 [32:09<1:55:07,  4.47s/it]Best trial: 341. Best value: 73.8033:  23%|██▎       | 454/2000 [32:09<1:55:07,  4.47s/it]Best trial: 341. Best value: 73.8033:  23%|██▎       | 455/2000 [32:09<1:31:54,  3.57s/it]                                                                                          Best trial: 341. Best value: 73.8033:  23%|██▎       | 455/2000 [32:09<1:31:54,  3.57s/it]Best trial: 341. Best value: 73.8033:  23%|██▎       | 455/2000 [32:09<1:31:54,  3.57s/it]Best trial: 341. Best value: 73.8033:  23%|██▎       | 456/2000 [32:09<1:10:25,  2.74s/it]                                                                                          Best trial: 341. Best value: 73.8033:  23%|██▎       | 456/2000 [32:09<1:10:25,  2.74s/it]Best trial: 341. Best value: 73.8033:  23%|██▎       | 456/2000 [32:09<1:10:25,  2.74s/it]Best trial: 341. Best value: 73.8033:  23%|██▎       | 457/2000 [32:09<53:17,  2.07s/it]                                                                                          Best trial: 341. Best value: 73.8033:  23%|██▎       | 457/2000 [32:10<53:17,  2.07s/it]Best trial: 341. Best value: 73.8033:  23%|██▎       | 457/2000 [32:10<53:17,  2.07s/it]Best trial: 341. Best value: 73.8033:  23%|██▎       | 458/2000 [32:10<46:06,  1.79s/it]                                                                                        Best trial: 341. Best value: 73.8033:  23%|██▎       | 458/2000 [32:10<46:06,  1.79s/it]Best trial: 341. Best value: 73.8033:  23%|██▎       | 458/2000 [32:10<46:06,  1.79s/it]                                                                                        Best trial: 341. Best value: 73.8033:  23%|██▎       | 459/2000 [32:10<46:04,  1.79s/it]Best trial: 341. Best value: 73.8033:  23%|██▎       | 459/2000 [32:10<46:04,  1.79s/it]Best trial: 341. Best value: 73.8033:  23%|██▎       | 460/2000 [32:10<28:05,  1.09s/it]                                                                                        Best trial: 341. Best value: 73.8033:  23%|██▎       | 460/2000 [32:51<28:05,  1.09s/it]Best trial: 341. Best value: 73.8033:  23%|██▎       | 460/2000 [32:51<28:05,  1.09s/it]Best trial: 341. Best value: 73.8033:  23%|██▎       | 461/2000 [32:51<4:26:44, 10.40s/it]                                                                                          Best trial: 341. Best value: 73.8033:  23%|██▎       | 461/2000 [32:51<4:26:44, 10.40s/it]Best trial: 341. Best value: 73.8033:  23%|██▎       | 461/2000 [32:51<4:26:44, 10.40s/it]Best trial: 341. Best value: 73.8033:  23%|██▎       | 462/2000 [32:51<3:20:05,  7.81s/it]                                                                                          Best trial: 341. Best value: 73.8033:  23%|██▎       | 462/2000 [32:51<3:20:05,  7.81s/it]Best trial: 341. Best value: 73.8033:  23%|██▎       | 462/2000 [32:51<3:20:05,  7.81s/it]Best trial: 341. Best value: 73.8033:  23%|██▎       | 463/2000 [32:51<2:28:54,  5.81s/it]                                                                                          Best trial: 341. Best value: 73.8033:  23%|██▎       | 463/2000 [32:51<2:28:54,  5.81s/it]Best trial: 341. Best value: 73.8033:  23%|██▎       | 463/2000 [32:51<2:28:54,  5.81s/it]                                                                                          Best trial: 341. Best value: 73.8033:  23%|██▎       | 464/2000 [32:51<2:28:48,  5.81s/it]Best trial: 341. Best value: 73.8033:  23%|██▎       | 464/2000 [32:51<2:28:48,  5.81s/it]Best trial: 341. Best value: 73.8033:  23%|██▎       | 465/2000 [32:51<1:25:40,  3.35s/it]                                                                                          Best trial: 341. Best value: 73.8033:  23%|██▎       | 465/2000 [32:52<1:25:40,  3.35s/it]Best trial: 341. Best value: 73.8033:  23%|██▎       | 465/2000 [32:52<1:25:40,  3.35s/it]Best trial: 341. Best value: 73.8033:  23%|██▎       | 466/2000 [32:52<1:07:23,  2.64s/it]                                                                                          Best trial: 341. Best value: 73.8033:  23%|██▎       | 466/2000 [32:52<1:07:23,  2.64s/it]Best trial: 341. Best value: 73.8033:  23%|██▎       | 466/2000 [32:52<1:07:23,  2.64s/it]                                                                                          Best trial: 341. Best value: 73.8033:  23%|██▎       | 467/2000 [32:52<1:07:21,  2.64s/it]Best trial: 341. Best value: 73.8033:  23%|██▎       | 467/2000 [32:52<1:07:21,  2.64s/it]Best trial: 341. Best value: 73.8033:  23%|██▎       | 468/2000 [32:52<40:45,  1.60s/it]                                                                                          [I 2026-04-01 11:37:28,779] Trial 451 finished with value: 106.29669873177167 and parameters: {'alpha_0': 17806.916460972294, 'alpha_1': 1400.3835174663948, 'alpha_2': 22.333781801560008, 'beta_0': 0.3720697849488732, 'beta_1': 0.6340481292972493, 'beta_2': 0.9036194769038709, 'beta_3': 1.1418039773445892, 'beta_4': 118.65480955086517, 'beta_5': 199.31505877540047, 'beta_6': 76.96885966259946}. Best is trial 341 with value: 73.80326667868428.
[I 2026-04-01 11:37:28,833] Trial 450 finished with value: 77.36357133333013 and parameters: {'alpha_0': 12871.933474051206, 'alpha_1': 1203.2129711311866, 'alpha_2': 22.31105122868195, 'beta_0': 0.2609980197855305, 'beta_1': 0.49807965138912863, 'beta_2': 0.8978749529023112, 'beta_3': 1.2179232686781338, 'beta_4': 103.09535310292051, 'beta_5': 153.40318619386363, 'beta_6': 75.395558656233}. Best is trial 341 with value: 73.80326667868428.
[I 2026-04-01 11:37:29,353] Trial 452 finished with value: 77.68611311163171 and parameters: {'alpha_0': 12794.726885791162, 'alpha_1': 1526.3359448102792, 'alpha_2': 22.4014532926755, 'beta_0': 0.25152356575925605, 'beta_1': 0.632649565372786, 'beta_2': 0.9139954208668413, 'beta_3': 1.1557523530215912, 'beta_4': 102.01370110599093, 'beta_5': 151.92302025046007, 'beta_6': 34.72643853682469}. Best is trial 341 with value: 73.80326667868428.
[I 2026-04-01 11:37:29,626] Trial 453 finished with value: 84.16288048473544 and parameters: {'alpha_0': 12699.275159638295, 'alpha_1': 1493.2864282031592, 'alpha_2': 23.1363123752009, 'beta_0': 0.3385811440708768, 'beta_1': 0.6396776490039713, 'beta_2': 0.9597822526608609, 'beta_3': 1.143194941514858, 'beta_4': 103.40493482983659, 'beta_5': 153.33099538884204, 'beta_6': 67.42328401266678}. Best is trial 341 with value: 73.80326667868428.
[I 2026-04-01 11:37:30,032] Trial 454 finished with value: 103.05624283351315 and parameters: {'alpha_0': 12682.438161945885, 'alpha_1': 1461.341853951795, 'alpha_2': 21.608032116335668, 'beta_0': 0.37006263994133604, 'beta_1': 0.6445829544932729, 'beta_2': 0.9545974168442258, 'beta_3': 1.1533451488299176, 'beta_4': 118.67931660929081, 'beta_5': 199.86316654666564, 'beta_6': 32.93475113692856}. Best is trial 341 with value: 73.80326667868428.
[I 2026-04-01 11:37:30,138] Trial 458 finished with value: 157.83776526555994 and parameters: {'alpha_0': 48330.33248018153, 'alpha_1': 1569.5164699378406, 'alpha_2': 21.37632893055377, 'beta_0': 0.3738684470350063, 'beta_1': 0.6350443341692871, 'beta_2': 0.9716841998086602, 'beta_3': 1.1228221223391819, 'beta_4': 97.05510803554446, 'beta_5': 163.9541673167972, 'beta_6': 66.12820017623724}. Best is trial 341 with value: 73.80326667868428.
[I 2026-04-01 11:37:30,277] Trial 455 finished with value: 103.84958880506005 and parameters: {'alpha_0': 16358.635492039453, 'alpha_1': 1636.7957176469313, 'alpha_2': 23.207048130434956, 'beta_0': 0.3744682658593884, 'beta_1': 0.8926620937624257, 'beta_2': 0.9516687507331332, 'beta_3': 1.1376869053500966, 'beta_4': 101.81900754555863, 'beta_5': 202.29998337276533, 'beta_6': 34.10727638376633}. Best is trial 341 with value: 73.80326667868428.
[I 2026-04-01 11:37:31,305] Trial 456 finished with value: 76.64286720118523 and parameters: {'alpha_0': 16219.577819461865, 'alpha_1': 1605.635589608611, 'alpha_2': 23.257367330041276, 'beta_0': 0.20192149981375077, 'beta_1': 0.8982630614578836, 'beta_2': 0.9545346309222997, 'beta_3': 1.1106963558463585, 'beta_4': 101.29698112735564, 'beta_5': 203.02721378779034, 'beta_6': 33.10507371973584}. Best is trial 341 with value: 73.80326667868428.
[I 2026-04-01 11:37:31,355] Trial 457 finished with value: 96.71916627711717 and parameters: {'alpha_0': 16175.689788624748, 'alpha_1': 1492.279293468383, 'alpha_2': 23.138792939894355, 'beta_0': 0.35429528104819297, 'beta_1': 0.9063431614010693, 'beta_2': 0.9846046751332573, 'beta_3': 1.1334179400545707, 'beta_4': 100.32041639286291, 'beta_5': 163.68623927285168, 'beta_6': 24.69721023248524}. Best is trial 341 with value: 73.80326667868428.
[I 2026-04-01 11:37:31,665] Trial 459 finished with value: 145.11182647227508 and parameters: {'alpha_0': 16331.047906199625, 'alpha_1': 1573.1905188126889, 'alpha_2': 21.369419380225015, 'beta_0': 0.3671201131719088, 'beta_1': 0.6308631785831069, 'beta_2': 1.8368233329942365, 'beta_3': 1.1306545517229576, 'beta_4': 95.22858262839387, 'beta_5': 169.4092971404185, 'beta_6': 32.59579404500021}. Best is trial 341 with value: 73.80326667868428.
[I 2026-04-01 11:38:12,141] Trial 460 finished with value: 91.28290043177395 and parameters: {'alpha_0': 15999.134443178633, 'alpha_1': 1647.4039039305678, 'alpha_2': 27.211876678099642, 'beta_0': 0.36157793403190003, 'beta_1': 0.8057695560164236, 'beta_2': 0.9598123854410827, 'beta_3': 1.123017399851467, 'beta_4': 96.00940588801213, 'beta_5': 164.66567215007035, 'beta_6': 22.18631994361556}. Best is trial 341 with value: 73.80326667868428.
[I 2026-04-01 11:38:12,263] Trial 461 finished with value: 94.14219076326626 and parameters: {'alpha_0': 16296.265192636616, 'alpha_1': 1639.0617935427197, 'alpha_2': 21.4292921440243, 'beta_0': 0.37886536097189893, 'beta_1': 0.8859877725991384, 'beta_2': 0.9516032746192921, 'beta_3': 1.1219033842282287, 'beta_4': 96.02122496153316, 'beta_5': 165.18121276796262, 'beta_6': 21.22036259395834}. Best is trial 341 with value: 73.80326667868428.
[I 2026-04-01 11:38:12,549] Trial 462 finished with value: 136.52149552161114 and parameters: {'alpha_0': 16164.977310854181, 'alpha_1': 1694.9342894721253, 'alpha_2': 27.094878013189714, 'beta_0': 0.35844719300154393, 'beta_1': 0.8952266765778383, 'beta_2': 1.8137248156749899, 'beta_3': 1.0234933126311567, 'beta_4': 94.750627428659, 'beta_5': 168.1974082724506, 'beta_6': 61.000086418079434}. Best is trial 341 with value: 73.80326667868428.
[I 2026-04-01 11:38:12,615] Trial 464 finished with value: 82.5366842612269 and parameters: {'alpha_0': 16238.86265129591, 'alpha_1': 1840.5822412255382, 'alpha_2': 27.355222210848826, 'beta_0': 0.30316926572705494, 'beta_1': 0.8887991713960506, 'beta_2': 0.9794550607238525, 'beta_3': 1.0206782012789921, 'beta_4': 94.97228627994524, 'beta_5': 164.7760152572985, 'beta_6': 21.486151965016358}. Best is trial 341 with value: 73.80326667868428.
[I 2026-04-01 11:38:12,737] Trial 466 finished with value: 77.81243005513474 and parameters: {'alpha_0': 16141.14355209274, 'alpha_1': 520.1821207673291, 'alpha_2': 24.597776259482988, 'beta_0': 0.30745164862719443, 'beta_1': 0.8159488228009009, 'beta_2': 0.852599678769095, 'beta_3': 1.0146112593906604, 'beta_4': 94.39121319514177, 'beta_5': 165.52733869927502, 'beta_6': 104.19407096971484}. Best is trial 341 with value: 73.80326667868428.
[I 2026-04-01 11:38:13,057] Trial 465 finished with value: 82.03738909095486 and parameters: {'alpha_0': 16039.189135155946, 'alpha_1': 1810.4967893913547, 'alpha_2': 27.13063414065739, 'beta_0': 0.3069212661605751, 'beta_1': 0.8921675563135195, 'beta_2': 0.856543143610436, 'beta_3': 1.0133200890349359, 'beta_4': 94.13620521244064, 'beta_5': 168.84058363690053, 'beta_6': 28.01961884759963}. Best is trial 341 with value: 73.80326667868428.
[I 2026-04-01 11:38:13,141] Trial 467 finished with value: 78.04408287346735 and parameters: {'alpha_0': 16905.14013214715, 'alpha_1': 6625.63845635057, 'alpha_2': 19.530067032332948, 'beta_0': 0.3040440202996515, 'beta_1': 0.8068694353657991, 'beta_2': 0.8514478301338871, 'beta_3': 1.0107657302790167, 'beta_4': 94.45547132533186, 'beta_5': 167.81609467083183, 'beta_6': 22.671161566423088}. Best is trial 341 with value: 73.80326667868428.
[I 2026-04-01 11:38:13,155] Trial 463 finished with value: 104.68700580695744 and parameters: {'alpha_0': 16212.877916219366, 'alpha_1': 1742.9376774245266, 'alpha_2': 27.0854671137121, 'beta_0': 0.3807523624724345, 'beta_1': 0.8822825118142206, 'beta_2': 0.9804527774635842, 'beta_3': 1.011498714263096, 'beta_4': 96.23113301904844, 'beta_5': 235.00990413479292, 'beta_6': 65.16916831334412}. Best is trial 341 with value: 73.80326667868428.
Best trial: 341. Best value: 73.8033:  23%|██▎       | 468/2000 [32:52<40:45,  1.60s/it]Best trial: 341. Best value: 73.8033:  23%|██▎       | 468/2000 [32:52<40:45,  1.60s/it]Best trial: 341. Best value: 73.8033:  23%|██▎       | 469/2000 [32:52<32:24,  1.27s/it]                                                                                        Best trial: 341. Best value: 73.8033:  23%|██▎       | 469/2000 [32:53<32:24,  1.27s/it]Best trial: 341. Best value: 73.8033:  23%|██▎       | 469/2000 [32:53<32:24,  1.27s/it]Best trial: 341. Best value: 73.8033:  24%|██▎       | 470/2000 [32:53<28:06,  1.10s/it]                                                                                        Best trial: 341. Best value: 73.8033:  24%|██▎       | 470/2000 [33:34<28:06,  1.10s/it]Best trial: 341. Best value: 73.8033:  24%|██▎       | 470/2000 [33:34<28:06,  1.10s/it]Best trial: 341. Best value: 73.8033:  24%|██▎       | 471/2000 [33:34<4:50:20, 11.39s/it]                                                                                          Best trial: 341. Best value: 73.8033:  24%|██▎       | 471/2000 [33:35<4:50:20, 11.39s/it]Best trial: 341. Best value: 73.8033:  24%|██▎       | 471/2000 [33:35<4:50:20, 11.39s/it]Best trial: 341. Best value: 73.8033:  24%|██▎       | 472/2000 [33:35<3:40:16,  8.65s/it]                                                                                          Best trial: 341. Best value: 73.8033:  24%|██▎       | 472/2000 [33:35<3:40:16,  8.65s/it]Best trial: 341. Best value: 73.8033:  24%|██▎       | 472/2000 [33:35<3:40:16,  8.65s/it]                                                                                          Best trial: 341. Best value: 73.8033:  24%|██▎       | 473/2000 [33:35<3:40:07,  8.65s/it]Best trial: 341. Best value: 73.8033:  24%|██▎       | 473/2000 [33:35<3:40:07,  8.65s/it]Best trial: 341. Best value: 73.8033:  24%|██▎       | 474/2000 [33:35<2:05:35,  4.94s/it]                                                                                          Best trial: 341. Best value: 73.8033:  24%|██▎       | 474/2000 [33:35<2:05:35,  4.94s/it]                                                                                          Best trial: 341. Best value: 73.8033:  24%|██▎       | 474/2000 [33:35<2:05:35,  4.94s/it]Best trial: 341. Best value: 73.8033:  24%|██▎       | 474/2000 [33:35<2:05:35,  4.94s/it]Best trial: 341. Best value: 73.8033:  24%|██▍       | 475/2000 [33:35<1:36:51,  3.81s/it]Best trial: 341. Best value: 73.8033:  24%|██▍       | 475/2000 [33:35<1:36:51,  3.81s/it]                                                                                          Best trial: 341. Best value: 73.8033:  24%|██▍       | 476/2000 [33:36<1:36:48,  3.81s/it]Best trial: 341. Best value: 73.8033:  24%|██▍       | 476/2000 [33:36<1:36:48,  3.81s/it]Best trial: 341. Best value: 73.8033:  24%|██▍       | 477/2000 [33:36<59:34,  2.35s/it]                                                                                          Best trial: 341. Best value: 73.8033:  24%|██▍       | 477/2000 [33:36<59:34,  2.35s/it]Best trial: 341. Best value: 73.8033:  24%|██▍       | 477/2000 [33:36<59:34,  2.35s/it]Best trial: 341. Best value: 73.8033:  24%|██▍       | 478/2000 [33:36<47:43,  1.88s/it]                                                                                        Best trial: 341. Best value: 73.8033:  24%|██▍       | 478/2000 [33:36<47:43,  1.88s/it]Best trial: 341. Best value: 73.8033:  24%|██▍       | 478/2000 [33:36<47:43,  1.88s/it]                                                                                        Best trial: 341. Best value: 73.8033:  24%|██▍       | 479/2000 [33:38<47:41,  1.88s/it]Best trial: 341. Best value: 73.8033:  24%|██▍       | 479/2000 [33:38<47:41,  1.88s/it]Best trial: 341. Best value: 73.8033:  24%|██▍       | 480/2000 [33:38<38:53,  1.54s/it]                                                                                        Best trial: 341. Best value: 73.8033:  24%|██▍       | 480/2000 [34:20<38:53,  1.54s/it]Best trial: 341. Best value: 73.8033:  24%|██▍       | 480/2000 [34:20<38:53,  1.54s/it]Best trial: 341. Best value: 73.8033:  24%|██▍       | 481/2000 [34:20<4:22:21, 10.36s/it]                                                                                          Best trial: 341. Best value: 73.8033:  24%|██▍       | 481/2000 [34:21<4:22:21, 10.36s/it]Best trial: 341. Best value: 73.8033:  24%|██▍       | 481/2000 [34:21<4:22:21, 10.36s/it]Best trial: 341. Best value: 73.8033:  24%|██▍       | 482/2000 [34:21<3:25:53,  8.14s/it]                                                                                          Best trial: 341. Best value: 73.8033:  24%|██▍       | 482/2000 [34:21<3:25:53,  8.14s/it]Best trial: 341. Best value: 73.8033:  24%|██▍       | 482/2000 [34:21<3:25:53,  8.14s/it]                                                                                          Best trial: 341. Best value: 73.8033:  24%|██▍       | 483/2000 [34:21<3:25:45,  8.14s/it]Best trial: 341. Best value: 73.8033:  24%|██▍       | 483/2000 [34:21<3:25:45,  8.14s/it]Best trial: 341. Best value: 73.8033:  24%|██▍       | 484/2000 [34:21<2:03:13,  4.88s/it]                                                                                          Best trial: 341. Best value: 73.8033:  24%|██▍       | 484/2000 [34:21<2:03:13,  4.88s/it]Best trial: 341. Best value: 73.8033:  24%|██▍       | 484/2000 [34:21<2:03:13,  4.88s/it]Best trial: 341. Best value: 73.8033:  24%|██▍       | 485/2000 [34:21<1:36:08,  3.81s/it]                                                                                          Best trial: 341. Best value: 73.8033:  24%|██▍       | 485/2000 [34:21<1:36:08,  3.81s/it]Best trial: 341. Best value: 73.8033:  24%|██▍       | 485/2000 [34:21<1:36:08,  3.81s/it]                                                                                          [I 2026-04-01 11:38:13,291] Trial 469 finished with value: 127.5571567771892 and parameters: {'alpha_0': 40166.42574568076, 'alpha_1': 598.8894088491236, 'alpha_2': 27.242748102885944, 'beta_0': 0.2997653050509333, 'beta_1': 0.8003750569801563, 'beta_2': 0.8529796571063156, 'beta_3': 1.0103830882835207, 'beta_4': 95.78470922918119, 'beta_5': 176.37730389570066, 'beta_6': 20.59366066809291}. Best is trial 341 with value: 73.80326667868428.
[I 2026-04-01 11:38:13,868] Trial 468 finished with value: 83.53665840193757 and parameters: {'alpha_0': 17220.402678562736, 'alpha_1': 1858.175651298065, 'alpha_2': 24.64496016522591, 'beta_0': 0.2985391127704631, 'beta_1': 0.820168620985518, 'beta_2': 1.1538878981799072, 'beta_3': 1.0116449850997271, 'beta_4': 10.270406377304298, 'beta_5': 169.9926614228823, 'beta_6': 20.092339352307658}. Best is trial 341 with value: 73.80326667868428.
[I 2026-04-01 11:38:55,066] Trial 470 finished with value: 82.42018958344161 and parameters: {'alpha_0': 17402.354407274728, 'alpha_1': 568.0239738379772, 'alpha_2': 19.66243767514763, 'beta_0': 0.2978546520763095, 'beta_1': 1.5560693985584417, 'beta_2': 0.8343207914846129, 'beta_3': 1.0212865892307446, 'beta_4': 45.66087314139503, 'beta_5': 174.6153264544602, 'beta_6': 103.20979542071981}. Best is trial 341 with value: 73.80326667868428.
