Best trial: 957. Best value: 71.3843:  74%|███████▍  | 1475/2000 [1:50:33<1:18:52,  9.01s/it]Best trial: 957. Best value: 71.3843:  74%|███████▍  | 1475/2000 [1:50:33<1:18:52,  9.01s/it]Best trial: 957. Best value: 71.3843:  74%|███████▍  | 1476/2000 [1:50:33<59:43,  6.84s/it]  Best trial: 957. Best value: 71.3843:  74%|███████▍  | 1476/2000 [1:50:33<59:43,  6.84s/it]                                                                                           Best trial: 957. Best value: 71.3843:  74%|███████▍  | 1477/2000 [1:50:34<59:36,  6.84s/it]Best trial: 957. Best value: 71.3843:  74%|███████▍  | 1477/2000 [1:50:34<59:36,  6.84s/it]Best trial: 957. Best value: 71.3843:  74%|███████▍  | 1478/2000 [1:50:34<36:51,  4.24s/it]                                                                                           Best trial: 957. Best value: 71.3843:  74%|███████▍  | 1478/2000 [1:50:34<36:51,  4.24s/it]Best trial: 957. Best value: 71.3843:  74%|███████▍  | 1478/2000 [1:50:34<36:51,  4.24s/it]Best trial: 957. Best value: 71.3843:  74%|███████▍  | 1479/2000 [1:50:34<28:46,  3.31s/it]                                                                                           Best trial: 957. Best value: 71.3843:  74%|███████▍  | 1479/2000 [1:50:36<28:46,  3.31s/it]Best trial: 957. Best value: 71.3843:  74%|███████▍  | 1479/2000 [1:50:36<28:46,  3.31s/it]Best trial: 957. Best value: 71.3843:  74%|███████▍  | 1480/2000 [1:50:36<24:21,  2.81s/it]                                                                                           Best trial: 957. Best value: 71.3843:  74%|███████▍  | 1480/2000 [1:52:21<24:21,  2.81s/it]                                                                                           Best trial: 957. Best value: 71.3843:  74%|███████▍  | 1480/2000 [1:52:21<24:21,  2.81s/it]Best trial: 957. Best value: 71.3843:  74%|███████▍  | 1480/2000 [1:52:21<24:21,  2.81s/it]Best trial: 957. Best value: 71.3843:  74%|███████▍  | 1481/2000 [1:52:21<4:15:33, 29.55s/it]Best trial: 957. Best value: 71.3843:  74%|███████▍  | 1481/2000 [1:52:21<4:15:33, 29.55s/it]                                                                                             Best trial: 957. Best value: 71.3843:  74%|███████▍  | 1482/2000 [1:52:21<4:15:04, 29.55s/it]Best trial: 957. Best value: 71.3843:  74%|███████▍  | 1482/2000 [1:52:21<4:15:04, 29.55s/it]Best trial: 957. Best value: 71.3843:  74%|███████▍  | 1483/2000 [1:52:21<2:26:27, 17.00s/it]                                                                                             Best trial: 957. Best value: 71.3843:  74%|███████▍  | 1483/2000 [1:52:22<2:26:27, 17.00s/it]Best trial: 957. Best value: 71.3843:  74%|███████▍  | 1483/2000 [1:52:22<2:26:27, 17.00s/it]Best trial: 957. Best value: 71.3843:  74%|███████▍  | 1484/2000 [1:52:22<1:52:27, 13.08s/it]                                                                                             Best trial: 957. Best value: 71.3843:  74%|███████▍  | 1484/2000 [1:52:22<1:52:27, 13.08s/it]Best trial: 957. Best value: 71.3843:  74%|███████▍  | 1484/2000 [1:52:22<1:52:27, 13.08s/it]Best trial: 957. Best value: 71.3843:  74%|███████▍  | 1485/2000 [1:52:22<1:24:36,  9.86s/it]                                                                                             Best trial: 957. Best value: 71.3843:  74%|███████▍  | 1485/2000 [1:52:22<1:24:36,  9.86s/it]Best trial: 957. Best value: 71.3843:  74%|███████▍  | 1485/2000 [1:52:22<1:24:36,  9.86s/it]Best trial: 957. Best value: 71.3843:  74%|███████▍  | 1486/2000 [1:52:22<1:02:27,  7.29s/it]                                                                                             Best trial: 957. Best value: 71.3843:  74%|███████▍  | 1486/2000 [1:52:22<1:02:27,  7.29s/it]Best trial: 957. Best value: 71.3843:  74%|███████▍  | 1486/2000 [1:52:22<1:02:27,  7.29s/it]Best trial: 957. Best value: 71.3843:  74%|███████▍  | 1487/2000 [1:52:22<46:13,  5.41s/it]                                                                                             Best trial: 957. Best value: 71.3843:  74%|███████▍  | 1487/2000 [1:52:22<46:13,  5.41s/it]Best trial: 957. Best value: 71.3843:  74%|███████▍  | 1487/2000 [1:52:22<46:13,  5.41s/it]Best trial: 957. Best value: 71.3843:  74%|███████▍  | 1488/2000 [1:52:22<33:39,  3.94s/it]                                                                                           Best trial: 957. Best value: 71.3843:  74%|███████▍  | 1488/2000 [1:52:24<33:39,  3.94s/it]Best trial: 957. Best value: 71.3843:  74%|███████▍  | 1488/2000 [1:52:24<33:39,  3.94s/it]Best trial: 957. Best value: 71.3843:  74%|███████▍  | 1489/2000 [1:52:24<27:03,  3.18s/it]                                                                                           Best trial: 957. Best value: 71.3843:  74%|███████▍  | 1489/2000 [1:52:24<27:03,  3.18s/it]Best trial: 957. Best value: 71.3843:  74%|███████▍  | 1489/2000 [1:52:24<27:03,  3.18s/it]Best trial: 957. Best value: 71.3843:  74%|███████▍  | 1490/2000 [1:52:24<20:51,  2.45s/it]                                                                                           Best trial: 957. Best value: 71.3843:  74%|███████▍  | 1490/2000 [2:14:21<20:51,  2.45s/it]                                                                                           Best trial: 957. Best value: 71.3843:  74%|███████▍  | 1490/2000 [2:14:21<20:51,  2.45s/it]Best trial: 957. Best value: 71.3843:  74%|███████▍  | 1490/2000 [2:14:21<20:51,  2.45s/it]Best trial: 957. Best value: 71.3843:  75%|███████▍  | 1491/2000 [2:14:21<54:50:14, 387.85s/it]Best trial: 957. Best value: 71.3843:  75%|███████▍  | 1491/2000 [2:14:21<54:50:14, 387.85s/it]                                                                                               [I 2026-04-01 12:55:54,359] Trial 1473 finished with value: 76.03662505958695 and parameters: {'alpha_0': 15560.12535673159, 'alpha_1': 5174.874639638793, 'alpha_2': 46.46187583347651, 'beta_0': 0.2935681039638411, 'beta_1': 1.5951923965369155, 'beta_2': 1.3718355243823097, 'beta_3': 0.3380655058299732, 'beta_4': 44.061323365620055, 'beta_5': 19.59065023722379, 'beta_6': 387.2277613551808}. Best is trial 957 with value: 71.38427157687855.
[I 2026-04-01 12:55:55,615] Trial 1477 finished with value: 105.3917867610416 and parameters: {'alpha_0': 13438.253569841308, 'alpha_1': 3466.103468535553, 'alpha_2': 46.8127044853962, 'beta_0': 0.2541762234089921, 'beta_1': 1.6059766633164139, 'beta_2': 1.371788320644903, 'beta_3': 0.3290653897109127, 'beta_4': 44.235201901879826, 'beta_5': 340.2110715556526, 'beta_6': 395.7942075189392}. Best is trial 957 with value: 71.38427157687855.
[I 2026-04-01 12:55:55,817] Trial 1478 finished with value: 74.9397407659574 and parameters: {'alpha_0': 13648.956459228173, 'alpha_1': 3365.182702074633, 'alpha_2': 46.81191604207716, 'beta_0': 0.2564647085837232, 'beta_1': 1.783805796826806, 'beta_2': 1.3665141161009302, 'beta_3': 0.3171807307427046, 'beta_4': 45.66924828209997, 'beta_5': 19.21293008229106, 'beta_6': 482.2868239032166}. Best is trial 957 with value: 71.38427157687855.
[I 2026-04-01 12:55:57,111] Trial 1479 finished with value: 73.64538757308765 and parameters: {'alpha_0': 13327.709748967747, 'alpha_1': 5064.523640167337, 'alpha_2': 46.88687722973424, 'beta_0': 0.2489968799448503, 'beta_1': 1.5891623035297557, 'beta_2': 1.381208373870642, 'beta_3': 0.44427327112060255, 'beta_4': 56.83681000920169, 'beta_5': 17.901682721414467, 'beta_6': 480.2254771815579}. Best is trial 957 with value: 71.38427157687855.
[I 2026-04-01 12:57:42,330] Trial 1483 finished with value: 73.42215707849178 and parameters: {'alpha_0': 13523.088679690416, 'alpha_1': 4979.681035344455, 'alpha_2': 43.234527225518896, 'beta_0': 0.25145702764309047, 'beta_1': 1.7935347543870725, 'beta_2': 1.2476556056905088, 'beta_3': 0.13630777530766808, 'beta_4': 56.81712422728303, 'beta_5': 23.200973948171118, 'beta_6': 444.5286226846478}. Best is trial 957 with value: 71.38427157687855.
[I 2026-04-01 12:57:42,332] Trial 1481 finished with value: 74.31586269734706 and parameters: {'alpha_0': 13241.620010240042, 'alpha_1': 5123.087468489438, 'alpha_2': 42.69813705146889, 'beta_0': 0.25180159845755823, 'beta_1': 1.5602215521054943, 'beta_2': 1.449025825462209, 'beta_3': 0.4537504493643166, 'beta_4': 57.76724314168206, 'beta_5': 20.845714204829697, 'beta_6': 423.0622597276147}. Best is trial 957 with value: 71.38427157687855.
[I 2026-04-01 12:57:42,650] Trial 1480 finished with value: 83.64456359677587 and parameters: {'alpha_0': 13561.323115179706, 'alpha_1': 5145.646907295865, 'alpha_2': 46.5549078707174, 'beta_0': 0.20016625835154966, 'beta_1': 1.5907567160689948, 'beta_2': 1.3678399295247052, 'beta_3': 0.4441814717985913, 'beta_4': 129.519765742745, 'beta_5': 17.935046527324694, 'beta_6': 484.1665359425697}. Best is trial 957 with value: 71.38427157687855.
[I 2026-04-01 12:57:42,906] Trial 1487 finished with value: 73.21367071533004 and parameters: {'alpha_0': 13636.46252439724, 'alpha_1': 5676.681438327662, 'alpha_2': 42.89568988070034, 'beta_0': 0.25741379417350585, 'beta_1': 1.7065404321450026, 'beta_2': 1.4606220252780269, 'beta_3': 0.12929625155892632, 'beta_4': 56.94418948327548, 'beta_5': 0.36406892587272427, 'beta_6': 409.54290589800354}. Best is trial 957 with value: 71.38427157687855.
[I 2026-04-01 12:57:43,100] Trial 1482 finished with value: 74.25898874508476 and parameters: {'alpha_0': 13337.460561041013, 'alpha_1': 4313.9603798433845, 'alpha_2': 42.85393690720464, 'beta_0': 0.26137235775598255, 'beta_1': 1.5794528411880084, 'beta_2': 1.4641416553441513, 'beta_3': 0.14024674884166055, 'beta_4': 56.46718374576982, 'beta_5': 21.816406168502837, 'beta_6': 288.63334358532404}. Best is trial 957 with value: 71.38427157687855.
[I 2026-04-01 12:57:43,194] Trial 1486 finished with value: 72.26538510674845 and parameters: {'alpha_0': 13749.380741368448, 'alpha_1': 4965.27880225736, 'alpha_2': 43.09762869305003, 'beta_0': 0.20011624363818067, 'beta_1': 1.694464638672036, 'beta_2': 1.452725267047661, 'beta_3': 0.12715755834536754, 'beta_4': 57.90920631567335, 'beta_5': 0.17997649588360076, 'beta_6': 421.2788154007122}. Best is trial 957 with value: 71.38427157687855.
[I 2026-04-01 12:57:43,596] Trial 1485 finished with value: 92.41732569769795 and parameters: {'alpha_0': 13592.665108060668, 'alpha_1': 5758.7374175791265, 'alpha_2': 42.84515463633486, 'beta_0': 0.24596431834695925, 'beta_1': 1.6957238608020777, 'beta_2': 1.4613801844738676, 'beta_3': 0.14760935221890453, 'beta_4': 128.89481922309105, 'beta_5': 44.42382023150822, 'beta_6': 425.9723830507493}. Best is trial 957 with value: 71.38427157687855.
[I 2026-04-01 12:57:43,834] Trial 1488 finished with value: 74.94856714392611 and parameters: {'alpha_0': 18739.693840643118, 'alpha_1': 5671.57976423985, 'alpha_2': 42.710071556431785, 'beta_0': 0.2002430486262178, 'beta_1': 1.6902619259274947, 'beta_2': 1.4409643770360405, 'beta_3': 0.4325515180674492, 'beta_4': 57.24682474873842, 'beta_5': 43.49602279593267, 'beta_6': 422.051585019532}. Best is trial 957 with value: 71.38427157687855.
[I 2026-04-01 12:57:45,105] Trial 1489 finished with value: 77.35906041162616 and parameters: {'alpha_0': 18572.825674578642, 'alpha_1': 5757.932029611142, 'alpha_2': 42.846260701033, 'beta_0': 0.247870284511845, 'beta_1': 1.693836512844767, 'beta_2': 1.4302456637788097, 'beta_3': 0.14136121948470906, 'beta_4': 58.56492709182652, 'beta_5': 42.03081429416879, 'beta_6': 420.60141705624625}. Best is trial 957 with value: 71.38427157687855.
[I 2026-04-01 12:57:45,799] Trial 1484 finished with value: 422.0043318711728 and parameters: {'alpha_0': 13297.131023186173, 'alpha_1': 4201.625193251044, 'alpha_2': 42.713537941983795, 'beta_0': 1.1336106135480493, 'beta_1': 1.5561797964490136, 'beta_2': 1.4614326093836636, 'beta_3': 0.4414932397909747, 'beta_4': 58.088541051913936, 'beta_5': 24.501767541069224, 'beta_6': 473.2064178473545}. Best is trial 957 with value: 71.38427157687855.

⚠ Timeout: alpha=[18327.901530709463, 5749.185490982874, 48.75942077449211], beta=[0.20289907218861394, 1.6904170716413771, 1.4288522822066048, 0.1470964001142348, 49.86968928314499, 0.472068218576684, 290.7587734860587]

⚠ Timeout: alpha=[18556.04364789719, 5698.375357335347, 41.80343258475889], beta=[0.24700161614591856, 1.713328254846847, 1.4439066180679048, 0.14180983824039592, 50.071621736045536, 0.17282660792023244, 244.35778567920454]
[I 2026-04-01 13:19:42,828] Trial 1491 finished with value: 1000000.0 and parameters: {'alpha_0': 18556.04364789719, 'alpha_1': 5698.375357335347, 'alpha_2': 41.80343258475889, 'beta_0': 0.24700161614591856, 'beta_1': 1.713328254846847, 'beta_2': 1.4439066180679048, 'beta_3': 0.14180983824039592, 'beta_4': 50.071621736045536, 'beta_5': 0.17282660792023244, 'beta_6': 244.35778567920454}. Best is trial 957 with value: 71.38427157687855.
[I 2026-04-01 13:19:42,831] Trial 1490 finished with value: 1000000.0 and parameters: {'alpha_0': 18327.901530709463, 'alpha_1': 5749.185490982874, 'alpha_2': 48.75942077449211, 'beta_0': 0.20289907218861394, 'beta_1': 1.6904170716413771, 'beta_2': 1.4288522822066048, 'beta_3': 0.1470964001142348, 'beta_4': 49.86968928314499, 'beta_5': 0.472068218576684, 'beta_6': 290.7587734860587}. Best is trial 957 with value: 71.38427157687855.

⚠ Timeout: alpha=[16606.442411243373, 5753.990449176707, 48.46059890169483], beta=[0.2505679759313534, 1.6854621735728155, 1.4610496273879086, 0.28356422513493273, 76.91090747319032, 7.990834896555912, 471.0445322275566]
Best trial: 957. Best value: 71.3843:  75%|███████▍  | 1492/2000 [2:14:22<54:43:46, 387.85s/it]Best trial: 957. Best value: 71.3843:  75%|███████▍  | 1492/2000 [2:14:22<54:43:46, 387.85s/it]Best trial: 957. Best value: 71.3843:  75%|███████▍  | 1493/2000 [2:14:22<29:43:42, 211.09s/it]                                                                                               Best trial: 957. Best value: 71.3843:  75%|███████▍  | 1493/2000 [2:14:22<29:43:42, 211.09s/it]Best trial: 957. Best value: 71.3843:  75%|███████▍  | 1493/2000 [2:14:22<29:43:42, 211.09s/it]Best trial: 957. Best value: 71.3843:  75%|███████▍  | 1494/2000 [2:14:22<22:23:43, 159.33s/it]                                                                                               Best trial: 957. Best value: 71.3843:  75%|███████▍  | 1494/2000 [2:14:22<22:23:43, 159.33s/it]Best trial: 957. Best value: 71.3843:  75%|███████▍  | 1494/2000 [2:14:22<22:23:43, 159.33s/it]Best trial: 957. Best value: 71.3843:  75%|███████▍  | 1495/2000 [2:14:22<16:33:25, 118.03s/it]                                                                                               Best trial: 957. Best value: 71.3843:  75%|███████▍  | 1495/2000 [2:14:22<16:33:25, 118.03s/it]Best trial: 957. Best value: 71.3843:  75%|███████▍  | 1495/2000 [2:14:22<16:33:25, 118.03s/it]Best trial: 957. Best value: 71.3843:  75%|███████▍  | 1496/2000 [2:14:22<12:03:26, 86.12s/it]                                                                                               Best trial: 957. Best value: 71.3843:  75%|███████▍  | 1496/2000 [2:14:23<12:03:26, 86.12s/it]Best trial: 957. Best value: 71.3843:  75%|███████▍  | 1496/2000 [2:14:23<12:03:26, 86.12s/it]Best trial: 957. Best value: 71.3843:  75%|███████▍  | 1497/2000 [2:14:23<8:41:08, 62.16s/it]                                                                                              Best trial: 957. Best value: 71.3843:  75%|███████▍  | 1497/2000 [2:14:23<8:41:08, 62.16s/it]Best trial: 957. Best value: 71.3843:  75%|███████▍  | 1497/2000 [2:14:23<8:41:08, 62.16s/it]Best trial: 957. Best value: 71.3843:  75%|███████▍  | 1498/2000 [2:14:23<6:12:32, 44.53s/it]                                                                                             Best trial: 957. Best value: 71.3843:  75%|███████▍  | 1498/2000 [2:14:24<6:12:32, 44.53s/it]Best trial: 957. Best value: 71.3843:  75%|███████▍  | 1498/2000 [2:14:24<6:12:32, 44.53s/it]Best trial: 957. Best value: 71.3843:  75%|███████▍  | 1499/2000 [2:14:24<4:26:55, 31.97s/it]                                                                                             Best trial: 957. Best value: 71.3843:  75%|███████▍  | 1499/2000 [2:14:25<4:26:55, 31.97s/it]Best trial: 957. Best value: 71.3843:  75%|███████▍  | 1499/2000 [2:14:25<4:26:55, 31.97s/it]Best trial: 957. Best value: 71.3843:  75%|███████▌  | 1500/2000 [2:14:25<3:10:10, 22.82s/it]                                                                                             Best trial: 957. Best value: 71.3843:  75%|███████▌  | 1500/2000 [2:16:10<3:10:10, 22.82s/it]Best trial: 957. Best value: 71.3843:  75%|███████▌  | 1500/2000 [2:16:10<3:10:10, 22.82s/it]Best trial: 957. Best value: 71.3843:  75%|███████▌  | 1501/2000 [2:16:10<6:31:42, 47.10s/it]                                                                                             Best trial: 957. Best value: 71.3843:  75%|███████▌  | 1501/2000 [2:16:10<6:31:42, 47.10s/it]Best trial: 957. Best value: 71.3843:  75%|███████▌  | 1501/2000 [2:16:10<6:31:42, 47.10s/it]                                                                                             Best trial: 957. Best value: 71.3843:  75%|███████▌  | 1502/2000 [2:16:10<6:30:55, 47.10s/it]Best trial: 957. Best value: 71.3843:  75%|███████▌  | 1502/2000 [2:16:10<6:30:55, 47.10s/it]Best trial: 957. Best value: 71.3843:  75%|███████▌  | 1503/2000 [2:16:10<3:32:08, 25.61s/it]                                                                                             Best trial: 957. Best value: 71.3843:  75%|███████▌  | 1503/2000 [2:16:10<3:32:08, 25.61s/it]Best trial: 957. Best value: 71.3843:  75%|███████▌  | 1503/2000 [2:16:10<3:32:08, 25.61s/it]Best trial: 957. Best value: 71.3843:  75%|███████▌  | 1504/2000 [2:16:10<2:39:59, 19.35s/it]                                                                                             Best trial: 957. Best value: 71.3843:  75%|███████▌  | 1504/2000 [2:16:10<2:39:59, 19.35s/it]Best trial: 957. Best value: 71.3843:  75%|███████▌  | 1504/2000 [2:16:10<2:39:59, 19.35s/it]Best trial: 957. Best value: 71.3843:  75%|███████▌  | 1505/2000 [2:16:10<1:58:21, 14.35s/it]                                                                                             Best trial: 957. Best value: 71.3843:  75%|███████▌  | 1505/2000 [2:16:10<1:58:21, 14.35s/it]                                                                                             Best trial: 957. Best value: 71.3843:  75%|███████▌  | 1505/2000 [2:16:10<1:58:21, 14.35s/it]                                                                                             [I 2026-04-01 13:19:42,969] Trial 1492 finished with value: 1000000.0 and parameters: {'alpha_0': 16606.442411243373, 'alpha_1': 5753.990449176707, 'alpha_2': 48.46059890169483, 'beta_0': 0.2505679759313534, 'beta_1': 1.6854621735728155, 'beta_2': 1.4610496273879086, 'beta_3': 0.28356422513493273, 'beta_4': 76.91090747319032, 'beta_5': 7.990834896555912, 'beta_6': 471.0445322275566}. Best is trial 957 with value: 71.38427157687855.

⚠ Timeout: alpha=[16651.49199777744, 5642.657548668387, 41.922455395094794], beta=[0.24675734865803825, 1.6842166711549176, 1.4468292701493808, 0.29450153480976177, 49.634294926882454, 43.82112963646633, 294.04100843765957]
[I 2026-04-01 13:19:43,300] Trial 1493 finished with value: 1000000.0 and parameters: {'alpha_0': 16651.49199777744, 'alpha_1': 5642.657548668387, 'alpha_2': 41.922455395094794, 'beta_0': 0.24675734865803825, 'beta_1': 1.6842166711549176, 'beta_2': 1.4468292701493808, 'beta_3': 0.29450153480976177, 'beta_4': 49.634294926882454, 'beta_5': 43.82112963646633, 'beta_6': 294.04100843765957}. Best is trial 957 with value: 71.38427157687855.

⚠ Timeout: alpha=[16624.319247295618, 5752.53714260921, 44.120835172580826], beta=[0.33341133670074574, 1.6855102351728537, 1.2552200232840836, 0.22194549197990415, 51.3587110259943, 45.48284196343195, 247.72739629920747]
[I 2026-04-01 13:19:43,662] Trial 1494 finished with value: 1000000.0 and parameters: {'alpha_0': 16624.319247295618, 'alpha_1': 5752.53714260921, 'alpha_2': 44.120835172580826, 'beta_0': 0.33341133670074574, 'beta_1': 1.6855102351728537, 'beta_2': 1.2552200232840836, 'beta_3': 0.22194549197990415, 'beta_4': 51.3587110259943, 'beta_5': 45.48284196343195, 'beta_6': 247.72739629920747}. Best is trial 957 with value: 71.38427157687855.

⚠ Timeout: alpha=[16654.35082543957, 4727.441493962634, 44.180603098671305], beta=[1.523865666355623, 1.669069048565537, 1.2497918959094292, 0.2871124711189032, 49.99010332006409, 42.72559558223193, 173.87176372122732]
[I 2026-04-01 13:19:43,790] Trial 1495 finished with value: 1000000.0 and parameters: {'alpha_0': 16654.35082543957, 'alpha_1': 4727.441493962634, 'alpha_2': 44.180603098671305, 'beta_0': 1.523865666355623, 'beta_1': 1.669069048565537, 'beta_2': 1.2497918959094292, 'beta_3': 0.2871124711189032, 'beta_4': 49.99010332006409, 'beta_5': 42.72559558223193, 'beta_6': 173.87176372122732}. Best is trial 957 with value: 71.38427157687855.

⚠ Timeout: alpha=[16703.03337327213, 5533.078136903379, 38.33476594084359], beta=[0.2002697513294764, 1.7632555028889603, 1.2555176320325223, 0.2837881132893074, 49.94899858787791, 0.03418742870010649, 468.09803824414416]
