[I 2026-04-01 11:23:38,030] Trial 255 finished with value: 77.45456967142582 and parameters: {'alpha_0': 16826.710690361466, 'alpha_1': 4.174309574123569, 'alpha_2': 20.312850282258406, 'beta_0': 0.20107633847082473, 'beta_1': 0.7872036595673562, 'beta_2': 0.9681465906593558, 'beta_3': 1.1858123859938083, 'beta_4': 110.74624804116678, 'beta_5': 158.61078017318266, 'beta_6': 8.531755683411504}. Best is trial 214 with value: 74.22893415223656.
[I 2026-04-01 11:23:38,036] Trial 251 finished with value: 77.63061165140752 and parameters: {'alpha_0': 17021.234562757603, 'alpha_1': 92.07207358631103, 'alpha_2': 20.28544911159629, 'beta_0': 0.20090532886522303, 'beta_1': 0.9132468671026627, 'beta_2': 0.9631238801456798, 'beta_3': 1.1685618555333173, 'beta_4': 112.60384347801813, 'beta_5': 165.50031572717353, 'beta_6': 82.92372680876048}. Best is trial 214 with value: 74.22893415223656.
[I 2026-04-01 11:23:38,299] Trial 257 finished with value: 77.57425822124065 and parameters: {'alpha_0': 16601.0362631574, 'alpha_1': 314.4226636535673, 'alpha_2': 19.735599951942767, 'beta_0': 0.24748568878093, 'beta_1': 0.7944151744076335, 'beta_2': 0.838442812538728, 'beta_3': 1.2266657550996054, 'beta_4': 111.71229296279355, 'beta_5': 157.10878048600762, 'beta_6': 16.049349907961528}. Best is trial 214 with value: 74.22893415223656.
[I 2026-04-01 11:23:38,818] Trial 254 finished with value: 1115.513361333974 and parameters: {'alpha_0': 16626.526043655645, 'alpha_1': 346.59144750599336, 'alpha_2': 20.33496130233113, 'beta_0': 2.260183879873139, 'beta_1': 0.923442583892026, 'beta_2': 0.9669161170868104, 'beta_3': 1.1742806234188579, 'beta_4': 114.81866883426804, 'beta_5': 159.33394996366175, 'beta_6': 9.18667185339892}. Best is trial 214 with value: 74.22893415223656.
[I 2026-04-01 11:24:18,919] Trial 263 finished with value: 97.51796503831315 and parameters: {'alpha_0': 19575.862512744006, 'alpha_1': 407.34558800130253, 'alpha_2': 19.638525818639394, 'beta_0': 0.31878415370823093, 'beta_1': 0.761881707241575, 'beta_2': 0.8889844396510934, 'beta_3': 1.2423661983903973, 'beta_4': 122.79661316245998, 'beta_5': 154.80131271542535, 'beta_6': 18.727925716746313}. Best is trial 214 with value: 74.22893415223656.
[I 2026-04-01 11:24:18,994] Trial 261 finished with value: 87.33665747434122 and parameters: {'alpha_0': 20861.013277343045, 'alpha_1': 340.5706637039697, 'alpha_2': 19.675368662857952, 'beta_0': 0.3235104869264471, 'beta_1': 0.8402041577902833, 'beta_2': 0.8371816073740208, 'beta_3': 1.2205628497019525, 'beta_4': 105.97232781338344, 'beta_5': 154.06547993045024, 'beta_6': 15.22877640794059}. Best is trial 214 with value: 74.22893415223656.
[I 2026-04-01 11:24:19,045] Trial 266 finished with value: 96.57267390350293 and parameters: {'alpha_0': 19291.59238695829, 'alpha_1': 401.36578243124757, 'alpha_2': 21.97995354090277, 'beta_0': 0.3228912761317109, 'beta_1': 0.7523087101339381, 'beta_2': 0.8938747183418596, 'beta_3': 1.27090414103265, 'beta_4': 105.38251925442783, 'beta_5': 186.1537954974592, 'beta_6': 124.19892414371893}. Best is trial 214 with value: 74.22893415223656.
[I 2026-04-01 11:24:19,145] Trial 262 finished with value: 92.15893181125571 and parameters: {'alpha_0': 19572.839312579064, 'alpha_1': 343.5071693492922, 'alpha_2': 19.690368531514597, 'beta_0': 0.31269061300163475, 'beta_1': 0.7619404947922518, 'beta_2': 0.8945676961975734, 'beta_3': 1.2305890305033378, 'beta_4': 121.7235300847175, 'beta_5': 184.72824343881203, 'beta_6': 120.03867271159508}. Best is trial 214 with value: 74.22893415223656.
[I 2026-04-01 11:24:19,173] Trial 268 finished with value: 103.77841724193183 and parameters: {'alpha_0': 19641.127526035525, 'alpha_1': 614.2794343215639, 'alpha_2': 21.767377636694352, 'beta_0': 0.31377986015490744, 'beta_1': 0.7638516917212818, 'beta_2': 0.9022705244024916, 'beta_3': 1.1223496583423327, 'beta_4': 105.59669319116493, 'beta_5': 185.48371966732913, 'beta_6': 119.54391511489601}. Best is trial 214 with value: 74.22893415223656.
[I 2026-04-01 11:24:19,419] Trial 260 finished with value: 81.7786747910994 and parameters: {'alpha_0': 20417.694409734417, 'alpha_1': 329.61231769669877, 'alpha_2': 18.030346217382682, 'beta_0': 0.2512968434514431, 'beta_1': 0.866366369055327, 'beta_2': 0.8316159949494222, 'beta_3': 1.2470482858818122, 'beta_4': 107.28939541125538, 'beta_5': 160.05610064559343, 'beta_6': 12.056660118729647}. Best is trial 214 with value: 74.22893415223656.
[I 2026-04-01 11:24:19,477] Trial 265 finished with value: 91.37219745307854 and parameters: {'alpha_0': 19585.76849864484, 'alpha_1': 346.50623185531543, 'alpha_2': 21.7319688388444, 'beta_0': 0.3323543178658477, 'beta_1': 0.7652208807913208, 'beta_2': 0.889270320058502, 'beta_3': 1.2727766945426398, 'beta_4': 120.9454193670857, 'beta_5': 183.88218499074222, 'beta_6': 22.560103500632888}. Best is trial 214 with value: 74.22893415223656.
[I 2026-04-01 11:24:19,516] Trial 264 finished with value: 90.48936256908055 and parameters: {'alpha_0': 15791.569303282984, 'alpha_1': 10.463637059366874, 'alpha_2': 21.95773903030153, 'beta_0': 0.3291020391697983, 'beta_1': 0.7703381046722495, 'beta_2': 0.891160686537103, 'beta_3': 1.1186992623697571, 'beta_4': 106.02151061245314, 'beta_5': 184.1201237105968, 'beta_6': 20.186345259727684}. Best is trial 214 with value: 74.22893415223656.
[I 2026-04-01 11:24:19,744] Trial 269 finished with value: 97.04452679177882 and parameters: {'alpha_0': 19682.17009545336, 'alpha_1': 722.795357795467, 'alpha_2': 21.72168884950331, 'beta_0': 0.3382443526485197, 'beta_1': 0.7415142478961837, 'beta_2': 0.8813363832949099, 'beta_3': 1.2779472598049963, 'beta_4': 122.13798458729431, 'beta_5': 184.75117003302415, 'beta_6': 22.152881634726786}. Best is trial 214 with value: 74.22893415223656.
[I 2026-04-01 11:24:19,918] Trial 267 finished with value: 97.31073126571607 and parameters: {'alpha_0': 19698.7007462478, 'alpha_1': 372.111127898404, 'alpha_2': 21.806179877422448, 'beta_0': 0.3212899797310843, 'beta_1': 0.7758791603619761, 'beta_2': 0.8948975803366136, 'beta_3': 1.2789585175362808, 'beta_4': 105.68459360434262, 'beta_5': 184.71961677445722, 'beta_6': 22.69655403879468}. Best is trial 214 with value: 74.22893415223656.
Best trial: 214. Best value: 74.2289:  14%|█▎        | 270/2000 [19:43<54:00,  1.87s/it]Best trial: 214. Best value: 74.2289:  14%|█▎        | 270/2000 [19:43<54:00,  1.87s/it]Best trial: 214. Best value: 74.2289:  14%|█▎        | 271/2000 [19:43<3:49:37,  7.97s/it]                                                                                          Best trial: 214. Best value: 74.2289:  14%|█▎        | 271/2000 [19:43<3:49:37,  7.97s/it]Best trial: 214. Best value: 74.2289:  14%|█▎        | 271/2000 [19:43<3:49:37,  7.97s/it]Best trial: 214. Best value: 74.2289:  14%|█▎        | 272/2000 [19:43<3:10:07,  6.60s/it]                                                                                          Best trial: 214. Best value: 74.2289:  14%|█▎        | 272/2000 [19:43<3:10:07,  6.60s/it]Best trial: 214. Best value: 74.2289:  14%|█▎        | 272/2000 [19:43<3:10:07,  6.60s/it]                                                                                          Best trial: 214. Best value: 74.2289:  14%|█▎        | 273/2000 [19:43<3:10:00,  6.60s/it]Best trial: 214. Best value: 74.2289:  14%|█▎        | 273/2000 [19:43<3:10:00,  6.60s/it]                                                                                          Best trial: 214. Best value: 74.2289:  14%|█▎        | 274/2000 [19:43<3:09:54,  6.60s/it]Best trial: 214. Best value: 74.2289:  14%|█▎        | 274/2000 [19:43<3:09:54,  6.60s/it]Best trial: 214. Best value: 74.2289:  14%|█▍        | 275/2000 [19:43<1:49:05,  3.79s/it]                                                                                          Best trial: 214. Best value: 74.2289:  14%|█▍        | 275/2000 [19:43<1:49:05,  3.79s/it]Best trial: 214. Best value: 74.2289:  14%|█▍        | 275/2000 [19:43<1:49:05,  3.79s/it]                                                                                          Best trial: 214. Best value: 74.2289:  14%|█▍        | 276/2000 [19:43<1:49:01,  3.79s/it]Best trial: 214. Best value: 74.2289:  14%|█▍        | 276/2000 [19:43<1:49:01,  3.79s/it]Best trial: 214. Best value: 74.2289:  14%|█▍        | 277/2000 [19:43<1:18:27,  2.73s/it]                                                                                          Best trial: 214. Best value: 74.2289:  14%|█▍        | 277/2000 [19:44<1:18:27,  2.73s/it]Best trial: 214. Best value: 74.2289:  14%|█▍        | 277/2000 [19:44<1:18:27,  2.73s/it]Best trial: 214. Best value: 74.2289:  14%|█▍        | 278/2000 [19:44<1:06:23,  2.31s/it]                                                                                          Best trial: 214. Best value: 74.2289:  14%|█▍        | 278/2000 [19:44<1:06:23,  2.31s/it]Best trial: 214. Best value: 74.2289:  14%|█▍        | 278/2000 [19:44<1:06:23,  2.31s/it]Best trial: 214. Best value: 74.2289:  14%|█▍        | 279/2000 [19:44<57:15,  2.00s/it]                                                                                          Best trial: 214. Best value: 74.2289:  14%|█▍        | 279/2000 [19:45<57:15,  2.00s/it]Best trial: 214. Best value: 74.2289:  14%|█▍        | 279/2000 [19:45<57:15,  2.00s/it]Best trial: 214. Best value: 74.2289:  14%|█▍        | 280/2000 [19:45<47:21,  1.65s/it]                                                                                        Best trial: 214. Best value: 74.2289:  14%|█▍        | 280/2000 [20:29<47:21,  1.65s/it]Best trial: 214. Best value: 74.2289:  14%|█▍        | 280/2000 [20:29<47:21,  1.65s/it]Best trial: 214. Best value: 74.2289:  14%|█▍        | 281/2000 [20:29<5:40:25, 11.88s/it]                                                                                          Best trial: 214. Best value: 74.2289:  14%|█▍        | 281/2000 [20:30<5:40:25, 11.88s/it]Best trial: 214. Best value: 74.2289:  14%|█▍        | 281/2000 [20:30<5:40:25, 11.88s/it]Best trial: 214. Best value: 74.2289:  14%|█▍        | 282/2000 [20:30<4:15:46,  8.93s/it]                                                                                          Best trial: 214. Best value: 74.2289:  14%|█▍        | 282/2000 [20:30<4:15:46,  8.93s/it]Best trial: 214. Best value: 74.2289:  14%|█▍        | 282/2000 [20:30<4:15:46,  8.93s/it]Best trial: 214. Best value: 74.2289:  14%|█▍        | 283/2000 [20:30<3:10:00,  6.64s/it]                                                                                          Best trial: 214. Best value: 74.2289:  14%|█▍        | 283/2000 [20:30<3:10:00,  6.64s/it]Best trial: 214. Best value: 74.2289:  14%|█▍        | 283/2000 [20:30<3:10:00,  6.64s/it]Best trial: 214. Best value: 74.2289:  14%|█▍        | 284/2000 [20:30<2:19:12,  4.87s/it]                                                                                          Best trial: 214. Best value: 74.2289:  14%|█▍        | 284/2000 [20:30<2:19:12,  4.87s/it]Best trial: 214. Best value: 74.2289:  14%|█▍        | 284/2000 [20:30<2:19:12,  4.87s/it]Best trial: 214. Best value: 74.2289:  14%|█▍        | 285/2000 [20:30<1:40:57,  3.53s/it]                                                                                          Best trial: 214. Best value: 74.2289:  14%|█▍        | 285/2000 [20:30<1:40:57,  3.53s/it]Best trial: 214. Best value: 74.2289:  14%|█▍        | 285/2000 [20:30<1:40:57,  3.53s/it]                                                                                          Best trial: 214. Best value: 74.2289:  14%|█▍        | 286/2000 [20:31<1:40:53,  3.53s/it]Best trial: 214. Best value: 74.2289:  14%|█▍        | 286/2000 [20:31<1:40:53,  3.53s/it]Best trial: 214. Best value: 74.2289:  14%|█▍        | 287/2000 [20:31<57:00,  2.00s/it]                                                                                          Best trial: 214. Best value: 74.2289:  14%|█▍        | 287/2000 [20:31<57:00,  2.00s/it]                                                                                        [I 2026-04-01 11:25:04,038] Trial 270 finished with value: 95.27647297061995 and parameters: {'alpha_0': 19106.415472710465, 'alpha_1': 640.6975662980204, 'alpha_2': 21.832042838893543, 'beta_0': 0.3184341510211993, 'beta_1': 0.7700083817401986, 'beta_2': 0.8885470587959191, 'beta_3': 1.1197412032687257, 'beta_4': 105.57680869526214, 'beta_5': 186.54735632377782, 'beta_6': 123.79945873788981}. Best is trial 214 with value: 74.22893415223656.
[I 2026-04-01 11:25:04,275] Trial 278 finished with value: 81.87002937898313 and parameters: {'alpha_0': 17937.55202909168, 'alpha_1': 970.8101960723723, 'alpha_2': 18.593814698985316, 'beta_0': 0.2559562240441209, 'beta_1': 0.6697715700670867, 'beta_2': 1.1138083659992846, 'beta_3': 1.1096477220715255, 'beta_4': 99.27963347790863, 'beta_5': 170.1266301646759, 'beta_6': 38.56580759088213}. Best is trial 214 with value: 74.22893415223656.
[I 2026-04-01 11:25:04,315] Trial 272 finished with value: 93.0609007742715 and parameters: {'alpha_0': 15536.841852128957, 'alpha_1': 656.3543798706294, 'alpha_2': 21.809302262678134, 'beta_0': 0.31066480778851524, 'beta_1': 0.7519247172412664, 'beta_2': 1.1306077340547136, 'beta_3': 1.1305574166924814, 'beta_4': 99.49745712585005, 'beta_5': 183.22724377432982, 'beta_6': 40.18617712523811}. Best is trial 214 with value: 74.22893415223656.
[I 2026-04-01 11:25:04,331] Trial 275 finished with value: 77.62918646890923 and parameters: {'alpha_0': 15703.022264299148, 'alpha_1': 905.9541785174678, 'alpha_2': 21.986218938005475, 'beta_0': 0.2631228153957146, 'beta_1': 0.684285442181389, 'beta_2': 0.9806525261143573, 'beta_3': 1.11330310251123, 'beta_4': 98.88877045558176, 'beta_5': 172.28661363580204, 'beta_6': 42.39008706532719}. Best is trial 214 with value: 74.22893415223656.
[I 2026-04-01 11:25:04,537] Trial 271 finished with value: 84.1781283606813 and parameters: {'alpha_0': 19397.996207020376, 'alpha_1': 604.0940744133609, 'alpha_2': 21.810613853635658, 'beta_0': 0.316457143192002, 'beta_1': 0.7589646546135402, 'beta_2': 0.8962367426684984, 'beta_3': 1.1190324829193485, 'beta_4': 99.57881180932041, 'beta_5': 186.2986749706344, 'beta_6': 118.99019030453107}. Best is trial 214 with value: 74.22893415223656.
[I 2026-04-01 11:25:04,560] Trial 276 finished with value: 82.3121148634371 and parameters: {'alpha_0': 15828.525183800066, 'alpha_1': 658.7956084405175, 'alpha_2': 18.45881224131636, 'beta_0': 0.26235417333490163, 'beta_1': 0.6660722359420164, 'beta_2': 1.0596251519584563, 'beta_3': 1.111294479603758, 'beta_4': 99.44958870080018, 'beta_5': 175.14173862619552, 'beta_6': 35.27964596497665}. Best is trial 214 with value: 74.22893415223656.
[I 2026-04-01 11:25:04,831] Trial 274 finished with value: 78.13660359218184 and parameters: {'alpha_0': 15747.853595851215, 'alpha_1': 682.226494377182, 'alpha_2': 21.783650838340623, 'beta_0': 0.2618799021266057, 'beta_1': 0.6659455117494077, 'beta_2': 0.8896592650067292, 'beta_3': 1.1219238191271381, 'beta_4': 98.67221626725784, 'beta_5': 174.290556025601, 'beta_6': 21.246573496329866}. Best is trial 214 with value: 74.22893415223656.
[I 2026-04-01 11:25:05,128] Trial 273 finished with value: 79.37995742733187 and parameters: {'alpha_0': 15618.462329750208, 'alpha_1': 613.7202915883324, 'alpha_2': 21.56330205417371, 'beta_0': 0.268893531279313, 'beta_1': 0.6744811383697634, 'beta_2': 0.8961505056614532, 'beta_3': 1.1183008526769471, 'beta_4': 104.07715936838844, 'beta_5': 182.21548602335264, 'beta_6': 24.097485446955808}. Best is trial 214 with value: 74.22893415223656.
[I 2026-04-01 11:25:05,834] Trial 277 finished with value: 83.69875039218432 and parameters: {'alpha_0': 17688.017903575186, 'alpha_1': 870.9557700156648, 'alpha_2': 22.941143312419456, 'beta_0': 0.25975762565448623, 'beta_1': 0.6623694696538578, 'beta_2': 1.0674423397862955, 'beta_3': 1.1205735063460198, 'beta_4': 100.01439015596198, 'beta_5': 171.22457392338015, 'beta_6': 40.17188653112824}. Best is trial 214 with value: 74.22893415223656.
[I 2026-04-01 11:25:06,266] Trial 279 finished with value: 80.02201497260245 and parameters: {'alpha_0': 15736.973916999612, 'alpha_1': 912.5573529780526, 'alpha_2': 23.361565174878386, 'beta_0': 0.2519525110862324, 'beta_1': 0.6672131410153885, 'beta_2': 1.1075959679848508, 'beta_3': 1.1174872188652978, 'beta_4': 99.07805579195573, 'beta_5': 171.60012706187382, 'beta_6': 43.9873747712833}. Best is trial 214 with value: 74.22893415223656.
[I 2026-04-01 11:25:50,711] Trial 288 finished with value: 75.63798290105535 and parameters: {'alpha_0': 18006.01657204202, 'alpha_1': 1239.5633671828975, 'alpha_2': 22.585704838117977, 'beta_0': 0.20074342249576013, 'beta_1': 0.9747727898287125, 'beta_2': 0.9760372583917374, 'beta_3': 1.1582857235212767, 'beta_4': 95.19724747044754, 'beta_5': 152.2474194335813, 'beta_6': 74.38737197570183}. Best is trial 214 with value: 74.22893415223656.
[I 2026-04-01 11:25:51,008] Trial 281 finished with value: 76.11934554666757 and parameters: {'alpha_0': 15755.887604507074, 'alpha_1': 1209.6574709241377, 'alpha_2': 23.335217310098503, 'beta_0': 0.26108177719224773, 'beta_1': 0.6650703138911922, 'beta_2': 0.9838841494430595, 'beta_3': 1.102538342127903, 'beta_4': 98.21926001137639, 'beta_5': 171.7401755823214, 'beta_6': 69.64597658019643}. Best is trial 214 with value: 74.22893415223656.
[I 2026-04-01 11:25:51,342] Trial 286 finished with value: 78.03851225659358 and parameters: {'alpha_0': 17814.910260687546, 'alpha_1': 1218.517966058428, 'alpha_2': 23.30876322372866, 'beta_0': 0.25041278921718835, 'beta_1': 0.6311776308069685, 'beta_2': 0.9572791081824493, 'beta_3': 1.1557364396517957, 'beta_4': 95.0547246728758, 'beta_5': 171.2787107723915, 'beta_6': 68.18294170794667}. Best is trial 214 with value: 74.22893415223656.
[I 2026-04-01 11:25:51,560] Trial 280 finished with value: 82.16167436534984 and parameters: {'alpha_0': 17915.366908071297, 'alpha_1': 1275.434852762844, 'alpha_2': 23.267837923605203, 'beta_0': 0.2571728110517808, 'beta_1': 0.6602575833458657, 'beta_2': 1.114876035302859, 'beta_3': 1.1148339407957084, 'beta_4': 99.1708403033022, 'beta_5': 172.97770180319054, 'beta_6': 40.88754715617231}. Best is trial 214 with value: 74.22893415223656.
[I 2026-04-01 11:25:51,700] Trial 283 finished with value: 78.0502584336725 and parameters: {'alpha_0': 17700.6325452878, 'alpha_1': 1205.860618707471, 'alpha_2': 22.7991430015274, 'beta_0': 0.2555521566073244, 'beta_1': 0.6575877187221075, 'beta_2': 0.9775356683585914, 'beta_3': 1.1075799200774668, 'beta_4': 95.24065892126156, 'beta_5': 172.29508749226568, 'beta_6': 72.90339632760653}. Best is trial 214 with value: 74.22893415223656.
[I 2026-04-01 11:25:51,744] Trial 287 finished with value: 84.1577676468993 and parameters: {'alpha_0': 17686.925833075544, 'alpha_1': 2543.826972624094, 'alpha_2': 22.867067365703686, 'beta_0': 0.24768084197766585, 'beta_1': 0.6092230031022361, 'beta_2': 0.9788914993029163, 'beta_3': 1.1673094080038962, 'beta_4': 116.07030973016053, 'beta_5': 148.96602138847066, 'beta_6': 64.82691154816463}. Best is trial 214 with value: 74.22893415223656.
[I 2026-04-01 11:25:51,881] Trial 284 finished with value: 697.4284568512375 and parameters: {'alpha_0': 17505.070542537196, 'alpha_1': 1239.8591043245294, 'alpha_2': 23.068038411904947, 'beta_0': 1.5793674421702681, 'beta_1': 0.6609545178531606, 'beta_2': 0.982068080053899, 'beta_3': 1.1417625682902643, 'beta_4': 94.43257111287272, 'beta_5': 149.24028615105354, 'beta_6': 66.88803311909125}. Best is trial 214 with value: 74.22893415223656.
[I 2026-04-01 11:25:51,900] Trial 285 finished with value: 80.37355689055163 and parameters: {'alpha_0': 17794.606495104115, 'alpha_1': 1092.097958793382, 'alpha_2': 22.88617457958186, 'beta_0': 0.25803910698585336, 'beta_1': 0.6662003268184856, 'beta_2': 0.9496881309893813, 'beta_3': 1.1394026805988442, 'beta_4': 95.70628681504746, 'beta_5': 147.92882941174994, 'beta_6': 69.61547823165571}. Best is trial 214 with value: 74.22893415223656.
