Best trial: 576. Best value: 73.4108:  36%|███▌      | 720/2000 [52:32<31:40,  1.48s/it]Best trial: 576. Best value: 73.4108:  36%|███▌      | 720/2000 [52:32<31:40,  1.48s/it]Best trial: 576. Best value: 73.4108:  36%|███▌      | 721/2000 [52:32<4:16:45, 12.04s/it]                                                                                          Best trial: 576. Best value: 73.4108:  36%|███▌      | 721/2000 [52:32<4:16:45, 12.04s/it]Best trial: 576. Best value: 73.4108:  36%|███▌      | 721/2000 [52:32<4:16:45, 12.04s/it]                                                                                          Best trial: 576. Best value: 73.4108:  36%|███▌      | 722/2000 [52:33<4:16:33, 12.04s/it]Best trial: 576. Best value: 73.4108:  36%|███▌      | 722/2000 [52:33<4:16:33, 12.04s/it]Best trial: 576. Best value: 73.4108:  36%|███▌      | 723/2000 [52:33<2:28:08,  6.96s/it]                                                                                          Best trial: 576. Best value: 73.4108:  36%|███▌      | 723/2000 [52:33<2:28:08,  6.96s/it]                                                                                          Best trial: 576. Best value: 73.4108:  36%|███▌      | 723/2000 [52:33<2:28:08,  6.96s/it]Best trial: 576. Best value: 73.4108:  36%|███▌      | 723/2000 [52:33<2:28:08,  6.96s/it]Best trial: 576. Best value: 73.4108:  36%|███▌      | 724/2000 [52:33<2:28:01,  6.96s/it]                                                                                          Best trial: 576. Best value: 73.4108:  36%|███▋      | 725/2000 [52:33<2:27:54,  6.96s/it]Best trial: 576. Best value: 73.4108:  36%|███▋      | 725/2000 [52:33<2:27:54,  6.96s/it]Best trial: 576. Best value: 73.4108:  36%|███▋      | 726/2000 [52:33<1:17:16,  3.64s/it]                                                                                          Best trial: 576. Best value: 73.4108:  36%|███▋      | 726/2000 [52:33<1:17:16,  3.64s/it]Best trial: 576. Best value: 73.4108:  36%|███▋      | 726/2000 [52:33<1:17:16,  3.64s/it]                                                                                          Best trial: 576. Best value: 73.4108:  36%|███▋      | 727/2000 [52:33<1:17:12,  3.64s/it]Best trial: 576. Best value: 73.4108:  36%|███▋      | 727/2000 [52:33<1:17:12,  3.64s/it]Best trial: 576. Best value: 73.4108:  36%|███▋      | 728/2000 [52:33<53:41,  2.53s/it]                                                                                          Best trial: 576. Best value: 73.4108:  36%|███▋      | 728/2000 [52:33<53:41,  2.53s/it]Best trial: 576. Best value: 73.4108:  36%|███▋      | 728/2000 [52:33<53:41,  2.53s/it]                                                                                        Best trial: 576. Best value: 73.4108:  36%|███▋      | 729/2000 [52:33<53:39,  2.53s/it]Best trial: 576. Best value: 73.4108:  36%|███▋      | 729/2000 [52:33<53:39,  2.53s/it]Best trial: 576. Best value: 73.4108:  36%|███▋      | 730/2000 [52:33<38:06,  1.80s/it]                                                                                        Best trial: 576. Best value: 73.4108:  36%|███▋      | 730/2000 [53:16<38:06,  1.80s/it]Best trial: 576. Best value: 73.4108:  36%|███▋      | 730/2000 [53:16<38:06,  1.80s/it]Best trial: 576. Best value: 73.4108:  37%|███▋      | 731/2000 [53:16<3:13:37,  9.16s/it]                                                                                          Best trial: 576. Best value: 73.4108:  37%|███▋      | 731/2000 [53:16<3:13:37,  9.16s/it]Best trial: 576. Best value: 73.4108:  37%|███▋      | 731/2000 [53:16<3:13:37,  9.16s/it]                                                                                          Best trial: 576. Best value: 73.4108:  37%|███▋      | 732/2000 [53:16<3:13:28,  9.16s/it]Best trial: 576. Best value: 73.4108:  37%|███▋      | 732/2000 [53:16<3:13:28,  9.16s/it]Best trial: 576. Best value: 73.4108:  37%|███▋      | 733/2000 [53:16<2:07:58,  6.06s/it]                                                                                          Best trial: 576. Best value: 73.4108:  37%|███▋      | 733/2000 [53:16<2:07:58,  6.06s/it]Best trial: 576. Best value: 73.4108:  37%|███▋      | 733/2000 [53:16<2:07:58,  6.06s/it]                                                                                          Best trial: 576. Best value: 73.4108:  37%|███▋      | 734/2000 [53:16<2:07:52,  6.06s/it]Best trial: 576. Best value: 73.4108:  37%|███▋      | 734/2000 [53:16<2:07:52,  6.06s/it]Best trial: 576. Best value: 73.4108:  37%|███▋      | 735/2000 [53:16<1:26:32,  4.10s/it]                                                                                          Best trial: 576. Best value: 73.4108:  37%|███▋      | 735/2000 [53:16<1:26:32,  4.10s/it]Best trial: 576. Best value: 73.4108:  37%|███▋      | 735/2000 [53:16<1:26:32,  4.10s/it]                                                                                          Best trial: 576. Best value: 73.4108:  37%|███▋      | 736/2000 [53:17<1:26:28,  4.10s/it]Best trial: 576. Best value: 73.4108:  37%|███▋      | 736/2000 [53:17<1:26:28,  4.10s/it]Best trial: 576. Best value: 73.4108:  37%|███▋      | 737/2000 [53:17<1:00:01,  2.85s/it]                                                                                          Best trial: 576. Best value: 73.4108:  37%|███▋      | 737/2000 [53:17<1:00:01,  2.85s/it]Best trial: 576. Best value: 73.4108:  37%|███▋      | 737/2000 [53:17<1:00:01,  2.85s/it]Best trial: 576. Best value: 73.4108:  37%|███▋      | 738/2000 [53:17<49:49,  2.37s/it]                                                                                          [I 2026-04-01 11:57:53,754] Trial 727 finished with value: 74.08687528811976 and parameters: {'alpha_0': 12318.16599374999, 'alpha_1': 1230.1860140245035, 'alpha_2': 29.68518139196068, 'beta_0': 0.2047892273035497, 'beta_1': 1.3279519746783561, 'beta_2': 1.0749624414818415, 'beta_3': 1.7938690849400571, 'beta_4': 81.9480229815013, 'beta_5': 108.75648470134404, 'beta_6': 118.26495701576393}. Best is trial 576 with value: 73.41078608586943.
[I 2026-04-01 11:57:53,849] Trial 725 finished with value: 76.51195468911709 and parameters: {'alpha_0': 12210.218995705283, 'alpha_1': 1221.5477683100123, 'alpha_2': 30.01833560372689, 'beta_0': 0.30598066489696, 'beta_1': 1.3004003434886628, 'beta_2': 1.0573848798131815, 'beta_3': 0.5350875741212087, 'beta_4': 84.19970808566546, 'beta_5': 100.88770836114278, 'beta_6': 117.35743376420987}. Best is trial 576 with value: 73.41078608586943.
[I 2026-04-01 11:57:54,200] Trial 721 finished with value: 79.49443311265183 and parameters: {'alpha_0': 12109.281702739863, 'alpha_1': 1134.1086781101799, 'alpha_2': 29.58686592983943, 'beta_0': 0.29880371238047276, 'beta_1': 1.191396487139792, 'beta_2': 1.0604275482237457, 'beta_3': 1.9125821325788246, 'beta_4': 86.74276188400567, 'beta_5': 110.68951839000957, 'beta_6': 89.85667558761244}. Best is trial 576 with value: 73.41078608586943.
[I 2026-04-01 11:57:54,238] Trial 723 finished with value: 79.73952635982734 and parameters: {'alpha_0': 11901.723286361965, 'alpha_1': 1198.9788739085816, 'alpha_2': 29.81709650793778, 'beta_0': 0.29945803100434276, 'beta_1': 1.212330314759371, 'beta_2': 1.0293695463789436, 'beta_3': 0.5521321862147718, 'beta_4': 86.06022495521557, 'beta_5': 117.37892013056333, 'beta_6': 127.8649096134778}. Best is trial 576 with value: 73.41078608586943.
[I 2026-04-01 11:57:54,241] Trial 720 finished with value: 76.09092158729675 and parameters: {'alpha_0': 12145.540257471679, 'alpha_1': 4278.048326441482, 'alpha_2': 29.37205605817502, 'beta_0': 0.20551104946031473, 'beta_1': 1.176931331495888, 'beta_2': 1.0243520473055607, 'beta_3': 1.928819031700876, 'beta_4': 92.96771283786049, 'beta_5': 113.42221134968455, 'beta_6': 172.11537352989774}. Best is trial 576 with value: 73.41078608586943.
[I 2026-04-01 11:57:54,262] Trial 724 finished with value: 73.9524842144506 and parameters: {'alpha_0': 12779.469583730848, 'alpha_1': 1191.7109277152344, 'alpha_2': 30.177510306368667, 'beta_0': 0.20393629388993004, 'beta_1': 1.235931639335699, 'beta_2': 1.065627955606895, 'beta_3': 0.5663339910916871, 'beta_4': 97.44233762914708, 'beta_5': 100.33224990791922, 'beta_6': 119.35448336025442}. Best is trial 576 with value: 73.41078608586943.
[I 2026-04-01 11:57:54,333] Trial 728 finished with value: 74.42718875362328 and parameters: {'alpha_0': 12750.536613461521, 'alpha_1': 1200.9582643264293, 'alpha_2': 29.894311346777926, 'beta_0': 0.20129708038707583, 'beta_1': 1.2019094856697266, 'beta_2': 1.0197827389185181, 'beta_3': 0.5389169044454714, 'beta_4': 85.31815466383681, 'beta_5': 98.98014473584577, 'beta_6': 115.2064972777538}. Best is trial 576 with value: 73.41078608586943.
[I 2026-04-01 11:57:54,521] Trial 729 finished with value: 76.17499751058142 and parameters: {'alpha_0': 12237.105560001277, 'alpha_1': 1231.6156549714005, 'alpha_2': 29.95962454339816, 'beta_0': 0.2912987717730243, 'beta_1': 1.324519145195975, 'beta_2': 1.0261163359255623, 'beta_3': 1.8266841084190404, 'beta_4': 83.0250880502181, 'beta_5': 97.75885789680142, 'beta_6': 164.94444048643865}. Best is trial 576 with value: 73.41078608586943.
[I 2026-04-01 11:57:54,567] Trial 726 finished with value: 696.7133123142257 and parameters: {'alpha_0': 12669.854940950168, 'alpha_1': 1193.5531605974757, 'alpha_2': 29.62345485536901, 'beta_0': 1.6417573334418984, 'beta_1': 1.1763470182855655, 'beta_2': 1.0322282673482779, 'beta_3': 0.5456367018512365, 'beta_4': 83.89124347841292, 'beta_5': 104.67737392328908, 'beta_6': 112.37516957370167}. Best is trial 576 with value: 73.41078608586943.
[I 2026-04-01 11:57:54,854] Trial 722 finished with value: 74.09552010339621 and parameters: {'alpha_0': 12312.329414228258, 'alpha_1': 1182.2675310208488, 'alpha_2': 29.592324781972714, 'beta_0': 0.2049541590730313, 'beta_1': 1.1759868671171163, 'beta_2': 1.0625965078647033, 'beta_3': 1.4282787757642286, 'beta_4': 86.70999475768171, 'beta_5': 97.52411718574118, 'beta_6': 129.58201263129365}. Best is trial 576 with value: 73.41078608586943.
[I 2026-04-01 11:58:37,296] Trial 731 finished with value: 75.06474406118346 and parameters: {'alpha_0': 12499.743521362981, 'alpha_1': 1214.9016925168542, 'alpha_2': 30.364480933327293, 'beta_0': 0.20407542724633265, 'beta_1': 1.2438978400753105, 'beta_2': 1.0201723479754694, 'beta_3': 1.4311513200522317, 'beta_4': 80.85443082888108, 'beta_5': 95.37035006079869, 'beta_6': 145.6451141326888}. Best is trial 576 with value: 73.41078608586943.
[I 2026-04-01 11:58:37,390] Trial 733 finished with value: 86.28601598117919 and parameters: {'alpha_0': 9324.887139251687, 'alpha_1': 1265.9384524033321, 'alpha_2': 30.607161824432207, 'beta_0': 0.36326749799376346, 'beta_1': 1.3057908101768798, 'beta_2': 1.130502784005147, 'beta_3': 1.8365760244266525, 'beta_4': 85.40775353996932, 'beta_5': 98.51529955069076, 'beta_6': 116.85453568285823}. Best is trial 576 with value: 73.41078608586943.
[I 2026-04-01 11:58:37,449] Trial 732 finished with value: 89.4552177008832 and parameters: {'alpha_0': 12469.523120551263, 'alpha_1': 1210.5168096640757, 'alpha_2': 30.817429137469713, 'beta_0': 0.3641280775125689, 'beta_1': 1.2760360764939798, 'beta_2': 1.0256697943633433, 'beta_3': 1.843480787653506, 'beta_4': 81.9443931383457, 'beta_5': 88.76954669525846, 'beta_6': 112.56518118868789}. Best is trial 576 with value: 73.41078608586943.
[I 2026-04-01 11:58:37,603] Trial 735 finished with value: 86.67526997083371 and parameters: {'alpha_0': 12731.355769852533, 'alpha_1': 1307.5716599521243, 'alpha_2': 30.348284320368847, 'beta_0': 0.36052547214227726, 'beta_1': 1.3195155760136033, 'beta_2': 1.0978690556367554, 'beta_3': 0.4593280286333397, 'beta_4': 81.03899805500596, 'beta_5': 61.63839607998977, 'beta_6': 121.61613231206648}. Best is trial 576 with value: 73.41078608586943.
[I 2026-04-01 11:58:37,615] Trial 737 finished with value: 76.33225260664749 and parameters: {'alpha_0': 9144.443629917061, 'alpha_1': 1321.98642815622, 'alpha_2': 31.09881943091841, 'beta_0': 0.2530343838430371, 'beta_1': 1.262848529979305, 'beta_2': 1.1201222523380132, 'beta_3': 0.584474718852131, 'beta_4': 80.53177657757, 'beta_5': 82.50879604316972, 'beta_6': 142.85605727528795}. Best is trial 576 with value: 73.41078608586943.
[I 2026-04-01 11:58:37,853] Trial 730 finished with value: 75.31187530935526 and parameters: {'alpha_0': 12310.08940778141, 'alpha_1': 1209.1722977670188, 'alpha_2': 30.195975714933866, 'beta_0': 0.20139007983708684, 'beta_1': 1.3036808964192028, 'beta_2': 1.0323776086517398, 'beta_3': 1.8333623356613897, 'beta_4': 80.93342850378544, 'beta_5': 97.94504207862224, 'beta_6': 116.60745145410684}. Best is trial 576 with value: 73.41078608586943.
[I 2026-04-01 11:58:37,971] Trial 738 finished with value: 73.76113387852693 and parameters: {'alpha_0': 12892.675347689192, 'alpha_1': 1314.339446438009, 'alpha_2': 31.554765649867992, 'beta_0': 0.20023523897767295, 'beta_1': 1.3556681038338165, 'beta_2': 1.1090246676001387, 'beta_3': 0.5691407377053019, 'beta_4': 79.36798894700915, 'beta_5': 92.82640266324202, 'beta_6': 185.73235104559103}. Best is trial 576 with value: 73.41078608586943.
[I 2026-04-01 11:58:38,217] Trial 739 finished with value: 82.44325099040313 and parameters: {'alpha_0': 13101.030959371968, 'alpha_1': 1344.7709385351372, 'alpha_2': 30.8410380070828, 'beta_0': 0.36008407338078674, 'beta_1': 1.271461625859678, 'beta_2': 1.1506941140392357, 'beta_3': 1.4215516292432009, 'beta_4': 79.7380156960454, 'beta_5': 76.64172106966714, 'beta_6': 128.23061193116698}. Best is trial 576 with value: 73.41078608586943.
Best trial: 576. Best value: 73.4108:  37%|███▋      | 738/2000 [53:17<49:49,  2.37s/it]Best trial: 576. Best value: 73.4108:  37%|███▋      | 738/2000 [53:17<49:49,  2.37s/it]                                                                                        Best trial: 576. Best value: 73.4108:  37%|███▋      | 739/2000 [53:18<49:46,  2.37s/it]Best trial: 576. Best value: 73.4108:  37%|███▋      | 739/2000 [53:18<49:46,  2.37s/it]Best trial: 576. Best value: 73.4108:  37%|███▋      | 740/2000 [53:18<34:53,  1.66s/it]                                                                                        Best trial: 576. Best value: 73.4108:  37%|███▋      | 740/2000 [54:00<34:53,  1.66s/it]                                                                                        Best trial: 576. Best value: 73.4108:  37%|███▋      | 740/2000 [54:00<34:53,  1.66s/it]Best trial: 576. Best value: 73.4108:  37%|███▋      | 740/2000 [54:00<34:53,  1.66s/it]Best trial: 576. Best value: 73.4108:  37%|███▋      | 741/2000 [54:00<3:23:37,  9.70s/it]Best trial: 576. Best value: 73.4108:  37%|███▋      | 741/2000 [54:00<3:23:37,  9.70s/it]                                                                                          Best trial: 576. Best value: 73.4108:  37%|███▋      | 742/2000 [54:00<3:23:27,  9.70s/it]                                                                                          Best trial: 576. Best value: 73.4108:  37%|███▋      | 742/2000 [54:00<3:23:27,  9.70s/it]Best trial: 576. Best value: 73.4108:  37%|███▋      | 742/2000 [54:00<3:23:27,  9.70s/it]Best trial: 576. Best value: 73.4108:  37%|███▋      | 743/2000 [54:00<3:23:17,  9.70s/it]                                                                                          Best trial: 576. Best value: 73.4108:  37%|███▋      | 744/2000 [54:00<3:23:08,  9.70s/it]                                                                                          Best trial: 576. Best value: 73.4108:  37%|███▋      | 744/2000 [54:00<3:23:08,  9.70s/it]Best trial: 576. Best value: 73.4108:  37%|███▋      | 744/2000 [54:00<3:23:08,  9.70s/it]Best trial: 576. Best value: 73.4108:  37%|███▋      | 745/2000 [54:00<1:35:39,  4.57s/it]Best trial: 576. Best value: 73.4108:  37%|███▋      | 745/2000 [54:00<1:35:39,  4.57s/it]                                                                                          Best trial: 576. Best value: 73.4108:  37%|███▋      | 746/2000 [54:00<1:35:34,  4.57s/it]Best trial: 576. Best value: 73.4108:  37%|███▋      | 746/2000 [54:00<1:35:34,  4.57s/it]                                                                                          Best trial: 576. Best value: 73.4108:  37%|███▋      | 747/2000 [54:00<1:35:30,  4.57s/it]Best trial: 576. Best value: 73.4108:  37%|███▋      | 747/2000 [54:00<1:35:30,  4.57s/it]Best trial: 576. Best value: 73.4108:  37%|███▋      | 748/2000 [54:00<1:01:19,  2.94s/it]                                                                                          Best trial: 576. Best value: 73.4108:  37%|███▋      | 748/2000 [54:00<1:01:19,  2.94s/it]Best trial: 749. Best value: 73.3066:  37%|███▋      | 748/2000 [54:00<1:01:19,  2.94s/it]                                                                                          Best trial: 749. Best value: 73.3066:  37%|███▋      | 749/2000 [54:01<1:01:16,  2.94s/it]Best trial: 749. Best value: 73.3066:  37%|███▋      | 749/2000 [54:01<1:01:16,  2.94s/it]Best trial: 749. Best value: 73.3066:  38%|███▊      | 750/2000 [54:01<47:56,  2.30s/it]                                                                                          Best trial: 749. Best value: 73.3066:  38%|███▊      | 750/2000 [54:44<47:56,  2.30s/it]Best trial: 749. Best value: 73.3066:  38%|███▊      | 750/2000 [54:44<47:56,  2.30s/it]Best trial: 749. Best value: 73.3066:  38%|███▊      | 751/2000 [54:44<2:59:16,  8.61s/it]                                                                                          Best trial: 749. Best value: 73.3066:  38%|███▊      | 751/2000 [54:44<2:59:16,  8.61s/it]Best trial: 749. Best value: 73.3066:  38%|███▊      | 751/2000 [54:44<2:59:16,  8.61s/it]Best trial: 749. Best value: 73.3066:  38%|███▊      | 752/2000 [54:44<2:27:41,  7.10s/it]                                                                                          Best trial: 749. Best value: 73.3066:  38%|███▊      | 752/2000 [54:45<2:27:41,  7.10s/it]Best trial: 749. Best value: 73.3066:  38%|███▊      | 752/2000 [54:45<2:27:41,  7.10s/it]Best trial: 749. Best value: 73.3066:  38%|███▊      | 753/2000 [54:45<1:58:51,  5.72s/it]                                                                                          Best trial: 749. Best value: 73.3066:  38%|███▊      | 753/2000 [54:45<1:58:51,  5.72s/it]Best trial: 749. Best value: 73.3066:  38%|███▊      | 753/2000 [54:45<1:58:51,  5.72s/it]                                                                                          Best trial: 749. Best value: 73.3066:  38%|███▊      | 754/2000 [54:45<1:58:45,  5.72s/it]                                                                                          Best trial: 749. Best value: 73.3066:  38%|███▊      | 754/2000 [54:45<1:58:45,  5.72s/it]Best trial: 749. Best value: 73.3066:  38%|███▊      | 754/2000 [54:45<1:58:45,  5.72s/it]Best trial: 749. Best value: 73.3066:  38%|███▊      | 755/2000 [54:45<1:15:25,  3.64s/it]Best trial: 749. Best value: 73.3066:  38%|███▊      | 755/2000 [54:45<1:15:25,  3.64s/it]                                                                                          [I 2026-04-01 11:58:38,274] Trial 736 finished with value: 100.57986947163312 and parameters: {'alpha_0': 12488.457553752856, 'alpha_1': 1246.3963408877883, 'alpha_2': 30.81990267911231, 'beta_0': 0.20167267235725073, 'beta_1': 1.298629035379002, 'beta_2': 2.0286968058249903, 'beta_3': 0.44020511301640153, 'beta_4': 79.96745968970386, 'beta_5': 95.88104144883599, 'beta_6': 142.97914427426053}. Best is trial 576 with value: 73.41078608586943.
[I 2026-04-01 11:58:38,873] Trial 734 finished with value: 704.5609704456144 and parameters: {'alpha_0': 13035.17739149731, 'alpha_1': 1254.4898578488146, 'alpha_2': 30.405732831863112, 'beta_0': 1.6538357389008647, 'beta_1': 1.276767274424079, 'beta_2': 0.9538132449477158, 'beta_3': 1.8260636708130669, 'beta_4': 82.29180886535654, 'beta_5': 93.93363485211583, 'beta_6': 120.12675944872149}. Best is trial 576 with value: 73.41078608586943.
[I 2026-04-01 11:59:21,082] Trial 744 finished with value: 75.9763418527157 and parameters: {'alpha_0': 12988.713984822522, 'alpha_1': 1359.7099977355278, 'alpha_2': 31.305489459609763, 'beta_0': 0.25390854689356623, 'beta_1': 1.3024522693825276, 'beta_2': 1.1662754811053992, 'beta_3': 0.4386162410655797, 'beta_4': 96.4547459438028, 'beta_5': 80.74187174992542, 'beta_6': 128.4163351528902}. Best is trial 576 with value: 73.41078608586943.
[I 2026-04-01 11:59:21,086] Trial 748 finished with value: 80.56421960318707 and parameters: {'alpha_0': 13270.296089487461, 'alpha_1': 4802.129171381462, 'alpha_2': 31.38374819691368, 'beta_0': 0.2860139225123121, 'beta_1': 1.3980923151132434, 'beta_2': 1.1662630202324986, 'beta_3': 0.4949100883052159, 'beta_4': 74.12611069603238, 'beta_5': 92.99158252679413, 'beta_6': 151.81044145228756}. Best is trial 576 with value: 73.41078608586943.
[I 2026-04-01 11:59:21,104] Trial 747 finished with value: 75.03065050693738 and parameters: {'alpha_0': 13553.46874402293, 'alpha_1': 1074.7501340927693, 'alpha_2': 31.30444318069332, 'beta_0': 0.25939335675492486, 'beta_1': 1.3846986082477075, 'beta_2': 1.09801585120835, 'beta_3': 0.5070778177488001, 'beta_4': 72.2155621874169, 'beta_5': 57.97158227862336, 'beta_6': 154.36961183229604}. Best is trial 576 with value: 73.41078608586943.
