[I 2026-04-01 12:11:06,160] Trial 903 finished with value: 80.27140622396149 and parameters: {'alpha_0': 14302.487638132825, 'alpha_1': 84.69256556057397, 'alpha_2': 46.55044727828162, 'beta_0': 0.3497181161233107, 'beta_1': 1.830598385472823, 'beta_2': 1.3023247430600327, 'beta_3': 0.3373744628742584, 'beta_4': 58.726546124028346, 'beta_5': 11.524308169618049, 'beta_6': 181.87898783977195}. Best is trial 848 with value: 71.87210838672198.
[I 2026-04-01 12:11:06,195] Trial 902 finished with value: 137.40066985432958 and parameters: {'alpha_0': 43822.86048657963, 'alpha_1': 2.3235962195652498, 'alpha_2': 46.68380778834312, 'beta_0': 0.35072183768514775, 'beta_1': 2.1050622866726907, 'beta_2': 1.2973298332580776, 'beta_3': 0.33729065568321137, 'beta_4': 57.85883041770583, 'beta_5': 16.783539024014644, 'beta_6': 179.0916177393983}. Best is trial 848 with value: 71.87210838672198.
[I 2026-04-01 12:11:06,389] Trial 905 finished with value: 75.90577999967998 and parameters: {'alpha_0': 10153.007683539829, 'alpha_1': 239.47753717715074, 'alpha_2': 47.711381930064874, 'beta_0': 0.25888860188547275, 'beta_1': 1.6560407233825736, 'beta_2': 1.2894220227014497, 'beta_3': 0.36027168343845833, 'beta_4': 58.204931671130325, 'beta_5': 0.32351191953474157, 'beta_6': 179.8784927848846}. Best is trial 848 with value: 71.87210838672198.
[I 2026-04-01 12:11:06,510] Trial 909 finished with value: 81.6772890842095 and parameters: {'alpha_0': 14220.53146360227, 'alpha_1': 234.2201664422875, 'alpha_2': 47.83113799140926, 'beta_0': 0.2823449841159917, 'beta_1': 1.6518122795941725, 'beta_2': 1.297411125174384, 'beta_3': 0.06677033630252903, 'beta_4': 59.26867460959839, 'beta_5': 66.81991659289022, 'beta_6': 181.19871599653624}. Best is trial 848 with value: 71.87210838672198.
[I 2026-04-01 12:11:06,630] Trial 908 finished with value: 507.0464861735598 and parameters: {'alpha_0': 10498.274825297365, 'alpha_1': 280.30594401254814, 'alpha_2': 47.22668716877111, 'beta_0': 1.3930413109279236, 'beta_1': 1.6536901373436845, 'beta_2': 1.2930324502191128, 'beta_3': 0.06262386010348227, 'beta_4': 58.39800088437558, 'beta_5': 1.0781546703666685, 'beta_6': 179.67250218979135}. Best is trial 848 with value: 71.87210838672198.
[I 2026-04-01 12:11:06,703] Trial 907 finished with value: 112.49343126496575 and parameters: {'alpha_0': 38552.11821886553, 'alpha_1': 229.36588714806396, 'alpha_2': 47.26883382080325, 'beta_0': 0.28037044039611625, 'beta_1': 1.6463084230616527, 'beta_2': 1.294264684913813, 'beta_3': 0.054529975548874926, 'beta_4': 57.95250381121571, 'beta_5': 13.827712973825887, 'beta_6': 180.58195659959796}. Best is trial 848 with value: 71.87210838672198.
[I 2026-04-01 12:11:49,662] Trial 910 finished with value: 73.60476357323236 and parameters: {'alpha_0': 14354.683011350548, 'alpha_1': 197.79931146894862, 'alpha_2': 47.51801182915032, 'beta_0': 0.27636834639165997, 'beta_1': 1.5910653243047563, 'beta_2': 1.3001509133329432, 'beta_3': 0.06652960607010913, 'beta_4': 57.66539737689075, 'beta_5': 11.678938407981502, 'beta_6': 181.3066489645468}. Best is trial 848 with value: 71.87210838672198.
[I 2026-04-01 12:11:49,679] Trial 911 finished with value: 79.1183566368107 and parameters: {'alpha_0': 14204.09556667936, 'alpha_1': 233.63769324990238, 'alpha_2': 37.43621921330034, 'beta_0': 0.2631854248034443, 'beta_1': 1.6645224662100553, 'beta_2': 1.3078714635506912, 'beta_3': 0.10165938675393327, 'beta_4': 57.91270995945468, 'beta_5': 65.09711855465181, 'beta_6': 180.2056141523091}. Best is trial 848 with value: 71.87210838672198.
[I 2026-04-01 12:11:49,726] Trial 918 finished with value: 77.9698274800279 and parameters: {'alpha_0': 12694.49438184475, 'alpha_1': 706.6072641864679, 'alpha_2': 45.373527773243936, 'beta_0': 0.2537162023924224, 'beta_1': 1.597805736600384, 'beta_2': 1.5116782897723064, 'beta_3': 0.12245682169455681, 'beta_4': 63.62184304927624, 'beta_5': 74.07961535760383, 'beta_6': 139.496036325834}. Best is trial 848 with value: 71.87210838672198.
[I 2026-04-01 12:11:49,791] Trial 913 finished with value: 76.69549851200024 and parameters: {'alpha_0': 14170.034725822545, 'alpha_1': 307.35487161226075, 'alpha_2': 37.37415868445916, 'beta_0': 0.25884877918049864, 'beta_1': 1.649237934093983, 'beta_2': 1.5115847395269701, 'beta_3': 0.0878989952908502, 'beta_4': 63.149997669018546, 'beta_5': 65.81687463103427, 'beta_6': 151.1662590691114}. Best is trial 848 with value: 71.87210838672198.
[I 2026-04-01 12:11:49,878] Trial 915 finished with value: 77.07854508369246 and parameters: {'alpha_0': 12760.59224472781, 'alpha_1': 6196.002458102632, 'alpha_2': 47.7229260624396, 'beta_0': 0.2565584686008594, 'beta_1': 1.67318719731318, 'beta_2': 1.5385901279387741, 'beta_3': 0.053413086634213874, 'beta_4': 63.94295708414276, 'beta_5': 62.436842255718105, 'beta_6': 140.29919839980457}. Best is trial 848 with value: 71.87210838672198.
[I 2026-04-01 12:11:49,879] Trial 914 finished with value: 75.49645931210108 and parameters: {'alpha_0': 14230.56391470614, 'alpha_1': 726.2992287227439, 'alpha_2': 37.709071264132405, 'beta_0': 0.2586364241024282, 'beta_1': 1.6642607451566798, 'beta_2': 1.521540587029449, 'beta_3': 0.058333742983255055, 'beta_4': 38.65639833444344, 'beta_5': 67.0615670911807, 'beta_6': 139.41643817084423}. Best is trial 848 with value: 71.87210838672198.
[I 2026-04-01 12:11:50,012] Trial 917 finished with value: 73.60023185368686 and parameters: {'alpha_0': 14235.711380754592, 'alpha_1': 701.593799261789, 'alpha_2': 47.730266497897226, 'beta_0': 0.2555546334442896, 'beta_1': 1.602735247823613, 'beta_2': 1.4963556124328479, 'beta_3': 0.47775894271887376, 'beta_4': 37.5135846324314, 'beta_5': 45.647219400505776, 'beta_6': 150.60266622595094}. Best is trial 848 with value: 71.87210838672198.
[I 2026-04-01 12:11:50,266] Trial 919 finished with value: 73.35743235989403 and parameters: {'alpha_0': 12504.396084093492, 'alpha_1': 671.4261203520533, 'alpha_2': 48.846711475489926, 'beta_0': 0.24380958006268444, 'beta_1': 1.5733818742105274, 'beta_2': 1.475698398919638, 'beta_3': 0.48325049508711404, 'beta_4': 38.16480682726344, 'beta_5': 74.68001986384064, 'beta_6': 150.61424110325225}. Best is trial 848 with value: 71.87210838672198.
Best trial: 848. Best value: 71.8721:  46%|████▌     | 918/2000 [1:06:29<45:43,  2.54s/it]Best trial: 848. Best value: 71.8721:  46%|████▌     | 918/2000 [1:06:29<45:43,  2.54s/it]                                                                                          Best trial: 848. Best value: 71.8721:  46%|████▌     | 919/2000 [1:06:30<45:41,  2.54s/it]Best trial: 848. Best value: 71.8721:  46%|████▌     | 919/2000 [1:06:30<45:41,  2.54s/it]Best trial: 848. Best value: 71.8721:  46%|████▌     | 920/2000 [1:06:30<33:34,  1.86s/it]                                                                                          Best trial: 848. Best value: 71.8721:  46%|████▌     | 920/2000 [1:07:11<33:34,  1.86s/it]                                                                                          Best trial: 848. Best value: 71.8721:  46%|████▌     | 920/2000 [1:07:11<33:34,  1.86s/it]Best trial: 848. Best value: 71.8721:  46%|████▌     | 920/2000 [1:07:11<33:34,  1.86s/it]Best trial: 848. Best value: 71.8721:  46%|████▌     | 921/2000 [1:07:11<2:41:38,  8.99s/it]Best trial: 848. Best value: 71.8721:  46%|████▌     | 921/2000 [1:07:11<2:41:38,  8.99s/it]                                                                                            Best trial: 848. Best value: 71.8721:  46%|████▌     | 922/2000 [1:07:11<2:41:29,  8.99s/it]Best trial: 848. Best value: 71.8721:  46%|████▌     | 922/2000 [1:07:11<2:41:29,  8.99s/it]                                                                                            Best trial: 848. Best value: 71.8721:  46%|████▌     | 923/2000 [1:07:11<2:41:20,  8.99s/it]                                                                                            Best trial: 848. Best value: 71.8721:  46%|████▌     | 923/2000 [1:07:12<2:41:20,  8.99s/it]Best trial: 848. Best value: 71.8721:  46%|████▌     | 923/2000 [1:07:12<2:41:20,  8.99s/it]Best trial: 848. Best value: 71.8721:  46%|████▌     | 924/2000 [1:07:12<2:41:11,  8.99s/it]                                                                                            Best trial: 848. Best value: 71.8721:  46%|████▋     | 925/2000 [1:07:12<2:41:02,  8.99s/it]Best trial: 848. Best value: 71.8721:  46%|████▋     | 925/2000 [1:07:12<2:41:02,  8.99s/it]Best trial: 848. Best value: 71.8721:  46%|████▋     | 926/2000 [1:07:12<1:11:10,  3.98s/it]                                                                                            Best trial: 848. Best value: 71.8721:  46%|████▋     | 926/2000 [1:07:12<1:11:10,  3.98s/it]Best trial: 848. Best value: 71.8721:  46%|████▋     | 926/2000 [1:07:12<1:11:10,  3.98s/it]                                                                                            Best trial: 848. Best value: 71.8721:  46%|████▋     | 927/2000 [1:07:12<1:11:06,  3.98s/it]Best trial: 848. Best value: 71.8721:  46%|████▋     | 927/2000 [1:07:12<1:11:06,  3.98s/it]Best trial: 848. Best value: 71.8721:  46%|████▋     | 928/2000 [1:07:12<54:27,  3.05s/it]                                                                                            Best trial: 848. Best value: 71.8721:  46%|████▋     | 928/2000 [1:07:13<54:27,  3.05s/it]Best trial: 848. Best value: 71.8721:  46%|████▋     | 928/2000 [1:07:13<54:27,  3.05s/it]                                                                                          Best trial: 848. Best value: 71.8721:  46%|████▋     | 929/2000 [1:07:13<54:23,  3.05s/it]Best trial: 848. Best value: 71.8721:  46%|████▋     | 929/2000 [1:07:13<54:23,  3.05s/it]Best trial: 848. Best value: 71.8721:  46%|████▋     | 930/2000 [1:07:13<43:49,  2.46s/it]                                                                                          Best trial: 848. Best value: 71.8721:  46%|████▋     | 930/2000 [1:07:54<43:49,  2.46s/it]Best trial: 848. Best value: 71.8721:  46%|████▋     | 930/2000 [1:07:54<43:49,  2.46s/it]Best trial: 848. Best value: 71.8721:  47%|████▋     | 931/2000 [1:07:54<2:29:35,  8.40s/it]                                                                                            Best trial: 848. Best value: 71.8721:  47%|████▋     | 931/2000 [1:07:54<2:29:35,  8.40s/it]Best trial: 848. Best value: 71.8721:  47%|████▋     | 931/2000 [1:07:54<2:29:35,  8.40s/it]Best trial: 848. Best value: 71.8721:  47%|████▋     | 932/2000 [1:07:54<2:02:40,  6.89s/it]                                                                                            Best trial: 848. Best value: 71.8721:  47%|████▋     | 932/2000 [1:07:54<2:02:40,  6.89s/it]                                                                                            Best trial: 848. Best value: 71.8721:  47%|████▋     | 932/2000 [1:07:54<2:02:40,  6.89s/it]Best trial: 848. Best value: 71.8721:  47%|████▋     | 932/2000 [1:07:54<2:02:40,  6.89s/it]                                                                                            Best trial: 848. Best value: 71.8721:  47%|████▋     | 933/2000 [1:07:54<2:02:33,  6.89s/it]Best trial: 848. Best value: 71.8721:  47%|████▋     | 933/2000 [1:07:54<2:02:33,  6.89s/it]                                                                                            Best trial: 848. Best value: 71.8721:  47%|████▋     | 934/2000 [1:07:54<2:02:26,  6.89s/it]Best trial: 848. Best value: 71.8721:  47%|████▋     | 934/2000 [1:07:54<2:02:26,  6.89s/it]Best trial: 848. Best value: 71.8721:  47%|████▋     | 935/2000 [1:07:54<2:02:19,  6.89s/it]Best trial: 848. Best value: 71.8721:  47%|████▋     | 936/2000 [1:07:54<1:00:13,  3.40s/it]                                                                                            [I 2026-04-01 12:11:50,731] Trial 912 finished with value: 78.76016810015693 and parameters: {'alpha_0': 12522.554221377426, 'alpha_1': 278.8607713321171, 'alpha_2': 47.25828944903789, 'beta_0': 0.2587739667279706, 'beta_1': 1.6689135708794975, 'beta_2': 1.5462577681994096, 'beta_3': 0.06965700055558771, 'beta_4': 59.12066012278796, 'beta_5': 74.37491821854141, 'beta_6': 177.96331671957117}. Best is trial 848 with value: 71.87210838672198.
[I 2026-04-01 12:11:50,910] Trial 916 finished with value: 75.49946700634543 and parameters: {'alpha_0': 14259.922389027177, 'alpha_1': 739.192330050321, 'alpha_2': 45.148211404625975, 'beta_0': 0.2543154144902569, 'beta_1': 1.5713750182899069, 'beta_2': 1.5048396141005613, 'beta_3': 0.12062417757341737, 'beta_4': 62.391810531916924, 'beta_5': 65.1633553270112, 'beta_6': 142.17484759310886}. Best is trial 848 with value: 71.87210838672198.
[I 2026-04-01 12:12:32,805] Trial 921 finished with value: 84.81274984317281 and parameters: {'alpha_0': 12743.206255071093, 'alpha_1': 698.3619166748176, 'alpha_2': 45.084799761923456, 'beta_0': 0.2525934220265134, 'beta_1': 1.6265623911681801, 'beta_2': 1.6488012122795106, 'beta_3': 0.03829613996472908, 'beta_4': 64.14772192120832, 'beta_5': 75.53933240565877, 'beta_6': 142.17049743646828}. Best is trial 848 with value: 71.87210838672198.
[I 2026-04-01 12:12:32,809] Trial 924 finished with value: 74.82320195483965 and parameters: {'alpha_0': 12713.231980666147, 'alpha_1': 682.3281108157636, 'alpha_2': 44.76258630457612, 'beta_0': 0.25154275931462805, 'beta_1': 1.5811220727806516, 'beta_2': 1.2420765545291619, 'beta_3': 0.4757532344639168, 'beta_4': 67.74831916289469, 'beta_5': 82.18852105046093, 'beta_6': 149.4896305821491}. Best is trial 848 with value: 71.87210838672198.
[I 2026-04-01 12:12:32,831] Trial 920 finished with value: 78.21153818879307 and parameters: {'alpha_0': 14199.658202548393, 'alpha_1': 565.164056325342, 'alpha_2': 44.670837007049116, 'beta_0': 0.2635584357429125, 'beta_1': 1.5579100157829784, 'beta_2': 1.531550457811074, 'beta_3': 0.15726542745232694, 'beta_4': 63.2366413347229, 'beta_5': 71.90926766735438, 'beta_6': 147.6914172217504}. Best is trial 848 with value: 71.87210838672198.
[I 2026-04-01 12:12:32,859] Trial 925 finished with value: 78.61670823795694 and parameters: {'alpha_0': 12649.725855857698, 'alpha_1': 681.2068410570059, 'alpha_2': 45.272450551181024, 'beta_0': 0.30356417040183564, 'beta_1': 1.575923186079873, 'beta_2': 1.3525756225492527, 'beta_3': 0.16249026853621296, 'beta_4': 52.70845392759425, 'beta_5': 78.3429225682748, 'beta_6': 149.88672134871308}. Best is trial 848 with value: 71.87210838672198.
[I 2026-04-01 12:12:32,874] Trial 928 finished with value: 82.8003808129939 and parameters: {'alpha_0': 12764.985825928654, 'alpha_1': 705.0145476554568, 'alpha_2': 44.61993997622559, 'beta_0': 0.3419571461856563, 'beta_1': 1.5646626577749119, 'beta_2': 1.460784759494947, 'beta_3': 0.4866758887883693, 'beta_4': 25.866351651281256, 'beta_5': 48.288289501529626, 'beta_6': 149.3229995977685}. Best is trial 848 with value: 71.87210838672198.
[I 2026-04-01 12:12:32,926] Trial 923 finished with value: 89.17246429500852 and parameters: {'alpha_0': 12602.263450339638, 'alpha_1': 673.5502403014565, 'alpha_2': 44.87197961185716, 'beta_0': 0.3126943092808571, 'beta_1': 1.6024734209005205, 'beta_2': 1.6390793313726069, 'beta_3': 0.2250164962712473, 'beta_4': 65.84072591739688, 'beta_5': 76.80611711979537, 'beta_6': 143.54516373990612}. Best is trial 848 with value: 71.87210838672198.
[I 2026-04-01 12:12:33,215] Trial 927 finished with value: 78.50855950259712 and parameters: {'alpha_0': 12789.321763695829, 'alpha_1': 744.1794665436662, 'alpha_2': 47.84368812455911, 'beta_0': 0.3198261069698502, 'beta_1': 1.5675427026212867, 'beta_2': 1.5524628369530382, 'beta_3': 0.1497680291063808, 'beta_4': 37.250820813475684, 'beta_5': 45.41235818846333, 'beta_6': 149.65382956384968}. Best is trial 848 with value: 71.87210838672198.
[I 2026-04-01 12:12:33,260] Trial 922 finished with value: 403.70014781902495 and parameters: {'alpha_0': 12747.033344975682, 'alpha_1': 678.5278906756445, 'alpha_2': 44.77302094408233, 'beta_0': 1.0350940007659204, 'beta_1': 1.5959005309204977, 'beta_2': 1.530053612831038, 'beta_3': 0.1497094171941304, 'beta_4': 38.616817929079076, 'beta_5': 76.83217087857933, 'beta_6': 151.36835819312438}. Best is trial 848 with value: 71.87210838672198.
[I 2026-04-01 12:12:34,014] Trial 926 finished with value: 80.86137257320208 and parameters: {'alpha_0': 12475.591769054736, 'alpha_1': 723.9570852724644, 'alpha_2': 45.24943045865846, 'beta_0': 0.3224033282590738, 'beta_1': 1.575574878282003, 'beta_2': 1.5460756894100687, 'beta_3': 0.16806768969147962, 'beta_4': 32.80991452427493, 'beta_5': 43.32828318991575, 'beta_6': 153.24787024254223}. Best is trial 848 with value: 71.87210838672198.
[I 2026-04-01 12:12:34,765] Trial 929 finished with value: 77.86383196414623 and parameters: {'alpha_0': 13127.715663503226, 'alpha_1': 698.8976655775793, 'alpha_2': 47.99639486160168, 'beta_0': 0.3155325248899577, 'beta_1': 1.5653773400046282, 'beta_2': 1.632046654629878, 'beta_3': 0.47919862921552575, 'beta_4': 33.211936443650316, 'beta_5': 80.43417955342817, 'beta_6': 148.95673113524737}. Best is trial 848 with value: 71.87210838672198.
[I 2026-04-01 12:13:15,492] Trial 935 finished with value: 81.84503828902645 and parameters: {'alpha_0': 13699.906216657755, 'alpha_1': 782.7600790663045, 'alpha_2': 48.837178461224994, 'beta_0': 0.3221958781169056, 'beta_1': 1.46783731405181, 'beta_2': 1.5966868169869448, 'beta_3': 0.463916670854755, 'beta_4': 68.07369306072138, 'beta_5': 8.916465262427314, 'beta_6': 154.17596544016428}. Best is trial 848 with value: 71.87210838672198.
[I 2026-04-01 12:13:15,597] Trial 938 finished with value: 80.65895737455051 and parameters: {'alpha_0': 13750.391636082166, 'alpha_1': 446.9882666670446, 'alpha_2': 43.19690953552533, 'beta_0': 0.3125027374387034, 'beta_1': 1.4771998682569374, 'beta_2': 1.447824057119178, 'beta_3': 0.48863572795376076, 'beta_4': 29.78139877979894, 'beta_5': 86.38743834905799, 'beta_6': 166.6836726631974}. Best is trial 848 with value: 71.87210838672198.
[I 2026-04-01 12:13:15,668] Trial 932 finished with value: 77.02578195356044 and parameters: {'alpha_0': 12859.714577470233, 'alpha_1': 745.6395683566709, 'alpha_2': 42.913247915167595, 'beta_0': 0.316527011796348, 'beta_1': 1.5851413039649882, 'beta_2': 1.5987139244182655, 'beta_3': 0.47994050285264833, 'beta_4': 31.39617543942839, 'beta_5': 46.87225129767933, 'beta_6': 155.56462113784116}. Best is trial 848 with value: 71.87210838672198.
[I 2026-04-01 12:13:15,672] Trial 931 finished with value: 81.96540823854906 and parameters: {'alpha_0': 12785.330032119133, 'alpha_1': 680.1487877782303, 'alpha_2': 48.22044825977733, 'beta_0': 0.3318935141824428, 'beta_1': 1.5801234277520866, 'beta_2': 1.6317733351423684, 'beta_3': 0.4893704184872273, 'beta_4': 36.818354462486944, 'beta_5': 41.35106612736429, 'beta_6': 153.72017864073388}. Best is trial 848 with value: 71.87210838672198.
[I 2026-04-01 12:13:15,675] Trial 933 finished with value: 77.01290149279296 and parameters: {'alpha_0': 13712.895358031294, 'alpha_1': 757.8882299485268, 'alpha_2': 48.83306109207668, 'beta_0': 0.3268914863210869, 'beta_1': 1.481168276481458, 'beta_2': 1.4797261686292478, 'beta_3': 0.0031464081858520107, 'beta_4': 40.91161593742698, 'beta_5': 44.40052876417191, 'beta_6': 154.9930641304907}. Best is trial 848 with value: 71.87210838672198.
[I 2026-04-01 12:13:15,693] Trial 936 finished with value: 140.01892960337352 and parameters: {'alpha_0': 13917.93948784007, 'alpha_1': 506.296902465748, 'alpha_2': 48.80458374387528, 'beta_0': 0.5499193087540051, 'beta_1': 1.4711806106685934, 'beta_2': 1.4594366422396992, 'beta_3': 0.4819807277624666, 'beta_4': 34.955433113509464, 'beta_5': 46.92225615134322, 'beta_6': 157.2142516678046}. Best is trial 848 with value: 71.87210838672198.
