[I 2026-04-01 11:12:26,271] Trial 97 finished with value: 148.5628444379657 and parameters: {'alpha_0': 9814.583881102239, 'alpha_1': 4.466291064952884, 'alpha_2': 30.00905027797353, 'beta_0': 0.5767111454467957, 'beta_1': 2.1185213528147733, 'beta_2': 0.9908113911467378, 'beta_3': 0.6278831425960502, 'beta_4': 77.69656735086048, 'beta_5': 191.91816578767737, 'beta_6': 292.4667604944527}. Best is trial 85 with value: 77.63577203710547.
[I 2026-04-01 11:12:26,278] Trial 94 finished with value: 125.93159799331875 and parameters: {'alpha_0': 15772.433545492117, 'alpha_1': 716.3481081020881, 'alpha_2': 26.06531891249336, 'beta_0': 0.4368349338634817, 'beta_1': 2.2997066860491295, 'beta_2': 0.9768117439790974, 'beta_3': 1.0637673382643174, 'beta_4': 70.63051285495412, 'beta_5': 185.56861933930844, 'beta_6': 320.60290519420045}. Best is trial 85 with value: 77.63577203710547.
[I 2026-04-01 11:12:26,513] Trial 93 finished with value: 492.55778357052014 and parameters: {'alpha_0': 7522.194238158138, 'alpha_1': 8836.897039474632, 'alpha_2': 26.41647220190734, 'beta_0': 1.264713267568263, 'beta_1': 1.5218322244668558, 'beta_2': 0.9515263611472786, 'beta_3': 1.0481853580652225, 'beta_4': 77.25519318693323, 'beta_5': 181.9979417373205, 'beta_6': 288.60514648227854}. Best is trial 85 with value: 77.63577203710547.
[I 2026-04-01 11:12:26,536] Trial 95 finished with value: 101.02120010050285 and parameters: {'alpha_0': 15655.126963008759, 'alpha_1': 783.7673342413484, 'alpha_2': 25.98723253114012, 'beta_0': 0.4322129188387851, 'beta_1': 2.1229443922927476, 'beta_2': 1.0080508029159891, 'beta_3': 1.057147827940181, 'beta_4': 77.11428976829637, 'beta_5': 185.8547258718405, 'beta_6': 286.77652138782287}. Best is trial 85 with value: 77.63577203710547.
[I 2026-04-01 11:12:27,444] Trial 99 finished with value: 174.52177784612604 and parameters: {'alpha_0': 15726.738943567987, 'alpha_1': 132.68935462619834, 'alpha_2': 30.310799585125146, 'beta_0': 0.5977929298211659, 'beta_1': 2.1464693481124026, 'beta_2': 0.9817197366031148, 'beta_3': 1.0632261575277036, 'beta_4': 46.38487472840748, 'beta_5': 111.2130880507915, 'beta_6': 236.41300301756237}. Best is trial 85 with value: 77.63577203710547.
[I 2026-04-01 11:13:06,871] Trial 100 finished with value: 148.78559024501052 and parameters: {'alpha_0': 15446.876074403635, 'alpha_1': 296.6341501765007, 'alpha_2': 30.180349694111975, 'beta_0': 0.572912478594054, 'beta_1': 2.1300366134909314, 'beta_2': 0.8524418477214015, 'beta_3': 0.6389547845432775, 'beta_4': 77.11080371129485, 'beta_5': 96.94645085792624, 'beta_6': 285.26033374609756}. Best is trial 85 with value: 77.63577203710547.
[I 2026-04-01 11:13:07,344] Trial 102 finished with value: 153.38821150956852 and parameters: {'alpha_0': 15425.468876290975, 'alpha_1': 268.40999915233306, 'alpha_2': 29.293914422816393, 'beta_0': 0.5833030262596626, 'beta_1': 2.1511419749897427, 'beta_2': 0.8239146102195636, 'beta_3': 0.6459564412807965, 'beta_4': 33.635206702655694, 'beta_5': 106.99242941394544, 'beta_6': 284.0584644148893}. Best is trial 85 with value: 77.63577203710547.
[I 2026-04-01 11:13:07,347] Trial 104 finished with value: 87.86317888286487 and parameters: {'alpha_0': 9597.387715970559, 'alpha_1': 979.6195728395678, 'alpha_2': 30.193777625563346, 'beta_0': 0.3031734158642092, 'beta_1': 2.3308172755500776, 'beta_2': 1.2049112740241514, 'beta_3': 1.0751546874547149, 'beta_4': 73.93821878015058, 'beta_5': 198.56213406926497, 'beta_6': 235.71352813147652}. Best is trial 85 with value: 77.63577203710547.
[I 2026-04-01 11:13:07,356] Trial 101 finished with value: 150.34295403835281 and parameters: {'alpha_0': 15310.28404953357, 'alpha_1': 138.46544696869114, 'alpha_2': 29.862456248015736, 'beta_0': 0.5602577692012379, 'beta_1': 2.115988184943144, 'beta_2': 0.8672276285486452, 'beta_3': 0.6276874766075105, 'beta_4': 39.91938352347749, 'beta_5': 116.39262786375548, 'beta_6': 289.8258509065292}. Best is trial 85 with value: 77.63577203710547.
[I 2026-04-01 11:13:07,389] Trial 107 finished with value: 85.53704803369915 and parameters: {'alpha_0': 9847.150486869323, 'alpha_1': 1919.7128031855916, 'alpha_2': 27.623908928326543, 'beta_0': 0.29237233399926393, 'beta_1': 1.916133674719456, 'beta_2': 0.8270995750313775, 'beta_3': 0.7491511129553892, 'beta_4': 44.63731246828744, 'beta_5': 155.48878432569444, 'beta_6': 269.4896953451505}. Best is trial 85 with value: 77.63577203710547.
[I 2026-04-01 11:13:08,055] Trial 108 finished with value: 90.62819901336601 and parameters: {'alpha_0': 7797.001448177289, 'alpha_1': 1021.3796140381146, 'alpha_2': 27.275943430462693, 'beta_0': 0.30055752142998304, 'beta_1': 2.186948427346018, 'beta_2': 0.8299497901432972, 'beta_3': 0.7489453024012879, 'beta_4': 27.209636450990004, 'beta_5': 208.29403697195778, 'beta_6': 238.0463335841831}. Best is trial 85 with value: 77.63577203710547.
[I 2026-04-01 11:13:08,160] Trial 106 finished with value: 80.91735533950616 and parameters: {'alpha_0': 7688.070146544656, 'alpha_1': 1036.664631829548, 'alpha_2': 27.67813846175714, 'beta_0': 0.28648941189982435, 'beta_1': 2.191262064033646, 'beta_2': 1.215042591593548, 'beta_3': 0.7057853529096393, 'beta_4': 84.4596889382472, 'beta_5': 134.64677322761978, 'beta_6': 236.82033768144643}. Best is trial 85 with value: 77.63577203710547.
[I 2026-04-01 11:13:08,193] Trial 103 finished with value: 468.61141027416136 and parameters: {'alpha_0': 7916.267148175699, 'alpha_1': 30.423773211007756, 'alpha_2': 30.376980233356495, 'beta_0': 1.3001431475936367, 'beta_1': 2.154317253824761, 'beta_2': 0.8563757914066727, 'beta_3': 0.6410723308110537, 'beta_4': 48.70415244939214, 'beta_5': 156.2798819786, 'beta_6': 279.8819585066646}. Best is trial 85 with value: 77.63577203710547.
Best trial: 85. Best value: 77.6358:   5%|▌         | 108/2000 [07:47<1:23:41,  2.65s/it]Best trial: 85. Best value: 77.6358:   5%|▌         | 108/2000 [07:47<1:23:41,  2.65s/it]                                                                                         Best trial: 85. Best value: 77.6358:   5%|▌         | 109/2000 [07:48<1:23:38,  2.65s/it]Best trial: 85. Best value: 77.6358:   5%|▌         | 109/2000 [07:48<1:23:38,  2.65s/it]Best trial: 85. Best value: 77.6358:   6%|▌         | 110/2000 [07:48<52:30,  1.67s/it]                                                                                         Best trial: 85. Best value: 77.6358:   6%|▌         | 110/2000 [08:27<52:30,  1.67s/it]Best trial: 85. Best value: 77.6358:   6%|▌         | 110/2000 [08:27<52:30,  1.67s/it]Best trial: 85. Best value: 77.6358:   6%|▌         | 111/2000 [08:27<4:06:40,  7.84s/it]                                                                                         Best trial: 85. Best value: 77.6358:   6%|▌         | 111/2000 [08:27<4:06:40,  7.84s/it]Best trial: 85. Best value: 77.6358:   6%|▌         | 111/2000 [08:27<4:06:40,  7.84s/it]Best trial: 85. Best value: 77.6358:   6%|▌         | 112/2000 [08:27<3:22:36,  6.44s/it]                                                                                         Best trial: 85. Best value: 77.6358:   6%|▌         | 112/2000 [08:27<3:22:36,  6.44s/it]Best trial: 85. Best value: 77.6358:   6%|▌         | 112/2000 [08:27<3:22:36,  6.44s/it]                                                                                         Best trial: 85. Best value: 77.6358:   6%|▌         | 113/2000 [08:27<3:22:30,  6.44s/it]Best trial: 85. Best value: 77.6358:   6%|▌         | 113/2000 [08:27<3:22:30,  6.44s/it]Best trial: 85. Best value: 77.6358:   6%|▌         | 114/2000 [08:27<2:12:42,  4.22s/it]                                                                                         Best trial: 85. Best value: 77.6358:   6%|▌         | 114/2000 [08:27<2:12:42,  4.22s/it]Best trial: 85. Best value: 77.6358:   6%|▌         | 114/2000 [08:28<2:12:42,  4.22s/it]                                                                                         Best trial: 85. Best value: 77.6358:   6%|▌         | 115/2000 [08:28<2:12:38,  4.22s/it]Best trial: 85. Best value: 77.6358:   6%|▌         | 115/2000 [08:28<2:12:38,  4.22s/it]                                                                                         Best trial: 85. Best value: 77.6358:   6%|▌         | 116/2000 [08:28<2:12:33,  4.22s/it]Best trial: 85. Best value: 77.6358:   6%|▌         | 116/2000 [08:28<2:12:33,  4.22s/it]Best trial: 85. Best value: 77.6358:   6%|▌         | 117/2000 [08:28<1:17:27,  2.47s/it]                                                                                         Best trial: 85. Best value: 77.6358:   6%|▌         | 117/2000 [08:28<1:17:27,  2.47s/it]Best trial: 85. Best value: 77.6358:   6%|▌         | 117/2000 [08:28<1:17:27,  2.47s/it]                                                                                         Best trial: 85. Best value: 77.6358:   6%|▌         | 118/2000 [08:28<1:17:25,  2.47s/it]Best trial: 85. Best value: 77.6358:   6%|▌         | 118/2000 [08:28<1:17:25,  2.47s/it]Best trial: 85. Best value: 77.6358:   6%|▌         | 119/2000 [08:28<55:43,  1.78s/it]                                                                                         Best trial: 85. Best value: 77.6358:   6%|▌         | 119/2000 [08:28<55:43,  1.78s/it]Best trial: 85. Best value: 77.6358:   6%|▌         | 119/2000 [08:28<55:43,  1.78s/it]Best trial: 85. Best value: 77.6358:   6%|▌         | 120/2000 [08:28<47:10,  1.51s/it]                                                                                       Best trial: 85. Best value: 77.6358:   6%|▌         | 120/2000 [09:09<47:10,  1.51s/it]                                                                                       Best trial: 85. Best value: 77.6358:   6%|▌         | 120/2000 [09:09<47:10,  1.51s/it]Best trial: 121. Best value: 76.5824:   6%|▌         | 120/2000 [09:09<47:10,  1.51s/it]Best trial: 121. Best value: 76.5824:   6%|▌         | 121/2000 [09:09<4:51:32,  9.31s/it]Best trial: 121. Best value: 76.5824:   6%|▌         | 122/2000 [09:09<6:57:58, 13.35s/it]Best trial: 121. Best value: 76.5824:   6%|▌         | 122/2000 [09:09<6:57:58, 13.35s/it]                                                                                          Best trial: 121. Best value: 76.5824:   6%|▌         | 122/2000 [09:09<6:57:58, 13.35s/it]Best trial: 121. Best value: 76.5824:   6%|▌         | 122/2000 [09:09<6:57:58, 13.35s/it]Best trial: 121. Best value: 76.5824:   6%|▌         | 123/2000 [09:09<5:32:51, 10.64s/it]                                                                                          Best trial: 121. Best value: 76.5824:   6%|▌         | 123/2000 [09:10<5:32:51, 10.64s/it]Best trial: 121. Best value: 76.5824:   6%|▌         | 123/2000 [09:10<5:32:51, 10.64s/it]Best trial: 121. Best value: 76.5824:   6%|▌         | 124/2000 [09:10<4:18:06,  8.26s/it]                                                                                          Best trial: 121. Best value: 76.5824:   6%|▌         | 124/2000 [09:10<4:18:06,  8.26s/it]Best trial: 121. Best value: 76.5824:   6%|▌         | 124/2000 [09:10<4:18:06,  8.26s/it]Best trial: 121. Best value: 76.5824:   6%|▋         | 125/2000 [09:10<3:17:14,  6.31s/it]                                                                                          Best trial: 121. Best value: 76.5824:   6%|▋         | 125/2000 [09:10<3:17:14,  6.31s/it]Best trial: 121. Best value: 76.5824:   6%|▋         | 125/2000 [09:10<3:17:14,  6.31s/it]Best trial: 121. Best value: 76.5824:   6%|▋         | 126/2000 [09:10<2:27:00,  4.71s/it]                                                                                          [I 2026-04-01 11:13:08,233] Trial 105 finished with value: 84.72221609693503 and parameters: {'alpha_0': 7826.228973554858, 'alpha_1': 959.3997908394285, 'alpha_2': 27.439003880989315, 'beta_0': 0.28808580203483775, 'beta_1': 1.9259802987759966, 'beta_2': 0.834503700405888, 'beta_3': 0.7273917132496175, 'beta_4': 62.210439939304564, 'beta_5': 146.9063184605056, 'beta_6': 186.7378705295029}. Best is trial 85 with value: 77.63577203710547.
[I 2026-04-01 11:13:09,014] Trial 109 finished with value: 1556.8407045409185 and parameters: {'alpha_0': 19586.28521021643, 'alpha_1': 971.2638318088731, 'alpha_2': 27.523927339750156, 'beta_0': 2.981750806926969, 'beta_1': 2.3367666807697365, 'beta_2': 0.8266773514444032, 'beta_3': 0.8619807071972148, 'beta_4': 84.49186834521288, 'beta_5': 150.10248856530262, 'beta_6': 267.2837042652044}. Best is trial 85 with value: 77.63577203710547.
[I 2026-04-01 11:13:47,939] Trial 110 finished with value: 118.86970881271861 and parameters: {'alpha_0': 20285.720310384, 'alpha_1': 1012.9145738494657, 'alpha_2': 27.68810384331983, 'beta_0': 0.29360369924744434, 'beta_1': 2.331146819627017, 'beta_2': 0.7101974499314404, 'beta_3': 0.972861716449313, 'beta_4': 176.87048031955973, 'beta_5': 204.1259587813047, 'beta_6': 239.10502926241784}. Best is trial 85 with value: 77.63577203710547.
[I 2026-04-01 11:13:48,475] Trial 114 finished with value: 101.6108192760862 and parameters: {'alpha_0': 7833.369223008594, 'alpha_1': 1931.1331353038954, 'alpha_2': 36.02973853875015, 'beta_0': 0.27992132950911797, 'beta_1': 1.9522932504002923, 'beta_2': 0.7518472936088441, 'beta_3': 0.7440312438577742, 'beta_4': 18.1375405808314, 'beta_5': 150.89177457277165, 'beta_6': 263.97862672991045}. Best is trial 85 with value: 77.63577203710547.
[I 2026-04-01 11:13:48,513] Trial 111 finished with value: 81.7559422254288 and parameters: {'alpha_0': 7599.544574359484, 'alpha_1': 7730.906115379003, 'alpha_2': 36.125249710188854, 'beta_0': 0.2794759213426079, 'beta_1': 2.476747278458115, 'beta_2': 0.7256720617677628, 'beta_3': 1.2025346561757202, 'beta_4': 95.52564114348715, 'beta_5': 150.39429332377836, 'beta_6': 265.59375003622955}. Best is trial 85 with value: 77.63577203710547.
[I 2026-04-01 11:13:48,804] Trial 113 finished with value: 92.04313229421845 and parameters: {'alpha_0': 7842.332164788218, 'alpha_1': 1544.648833437319, 'alpha_2': 28.009481222236634, 'beta_0': 0.2674034311689677, 'beta_1': 2.47181172628434, 'beta_2': 0.7001060941420045, 'beta_3': 0.7656344994942678, 'beta_4': 49.9607970056295, 'beta_5': 140.98541576742113, 'beta_6': 264.09129490736484}. Best is trial 85 with value: 77.63577203710547.
[I 2026-04-01 11:13:48,842] Trial 115 finished with value: 90.4481605483954 and parameters: {'alpha_0': 13634.610900315463, 'alpha_1': 1526.1959349944834, 'alpha_2': 36.0299263391545, 'beta_0': 0.38718341548926133, 'beta_1': 1.8918538881409641, 'beta_2': 0.7393267011782895, 'beta_3': 0.9793463670893415, 'beta_4': 107.18283835438966, 'beta_5': 130.45809171546088, 'beta_6': 273.1805736965495}. Best is trial 85 with value: 77.63577203710547.
[I 2026-04-01 11:13:48,864] Trial 112 finished with value: 79.52982760921373 and parameters: {'alpha_0': 19384.799321853297, 'alpha_1': 1863.0817246997858, 'alpha_2': 36.06643141756705, 'beta_0': 0.27172998710245017, 'beta_1': 1.8915986137235836, 'beta_2': 0.7054780298926676, 'beta_3': 0.7480451695163182, 'beta_4': 84.68664482557352, 'beta_5': 130.99614974868987, 'beta_6': 265.4816059760311}. Best is trial 85 with value: 77.63577203710547.
[I 2026-04-01 11:13:49,261] Trial 116 finished with value: 84.47418672114554 and parameters: {'alpha_0': 20644.463978610118, 'alpha_1': 2011.4136082206392, 'alpha_2': 24.11321356454096, 'beta_0': 0.25805367654450795, 'beta_1': 2.476114989054601, 'beta_2': 1.073578858615561, 'beta_3': 0.40865398059977415, 'beta_4': 84.22334378173339, 'beta_5': 134.75250760849377, 'beta_6': 271.6741197377607}. Best is trial 85 with value: 77.63577203710547.
[I 2026-04-01 11:13:49,291] Trial 117 finished with value: 98.3813881285256 and parameters: {'alpha_0': 19642.87704438666, 'alpha_1': 2062.181755316993, 'alpha_2': 27.454933830812838, 'beta_0': 0.38963391190321484, 'beta_1': 1.875160553591071, 'beta_2': 1.0984778390500096, 'beta_3': 0.5709233046881201, 'beta_4': 61.71129378189012, 'beta_5': 132.20685240382326, 'beta_6': 179.6871072931228}. Best is trial 85 with value: 77.63577203710547.
[I 2026-04-01 11:13:49,450] Trial 118 finished with value: 87.56576225614073 and parameters: {'alpha_0': 10298.620532315093, 'alpha_1': 1826.0464959948504, 'alpha_2': 22.449612781431917, 'beta_0': 0.38127650726275325, 'beta_1': 1.951511865224911, 'beta_2': 1.1060214708869038, 'beta_3': 0.43894225616330823, 'beta_4': 59.196252291938, 'beta_5': 137.8644286408442, 'beta_6': 265.39105042800975}. Best is trial 85 with value: 77.63577203710547.
[I 2026-04-01 11:13:49,648] Trial 119 finished with value: 584.5687474466208 and parameters: {'alpha_0': 13748.981121997767, 'alpha_1': 1833.4011446597142, 'alpha_2': 22.613463106350476, 'beta_0': 1.498347835322182, 'beta_1': 1.9366906323504298, 'beta_2': 1.0802267607587923, 'beta_3': 0.4230674822074284, 'beta_4': 63.37414943372198, 'beta_5': 127.76103220155291, 'beta_6': 98.81083484728649}. Best is trial 85 with value: 77.63577203710547.
[I 2026-04-01 11:14:30,692] Trial 121 finished with value: 76.58244477304876 and parameters: {'alpha_0': 13798.647649210652, 'alpha_1': 1507.4708126977348, 'alpha_2': 22.573015575394912, 'beta_0': 0.2479470457127793, 'beta_1': 2.0391562539623247, 'beta_2': 1.0694913147354883, 'beta_3': 0.6954448719233302, 'beta_4': 57.912104710791425, 'beta_5': 128.22492049132927, 'beta_6': 181.60366695270247}. Best is trial 121 with value: 76.58244477304876.
[I 2026-04-01 11:14:30,698] Trial 120 finished with value: 85.63576161672114 and parameters: {'alpha_0': 12748.658673487604, 'alpha_1': 1937.4612116602307, 'alpha_2': 23.83362580430424, 'beta_0': 0.3903378584282009, 'beta_1': 2.0533471792294016, 'beta_2': 1.093102645884047, 'beta_3': 0.49796229925020047, 'beta_4': 59.451618340355424, 'beta_5': 128.82150539812613, 'beta_6': 188.9816473122209}. Best is trial 121 with value: 76.58244477304876.
[I 2026-04-01 11:14:30,762] Trial 123 finished with value: 99.29134724898384 and parameters: {'alpha_0': 14137.261846691801, 'alpha_1': 7331.776766508732, 'alpha_2': 23.54546042850953, 'beta_0': 0.37451047238802365, 'beta_1': 2.0437105611252298, 'beta_2': 1.4415822553747073, 'beta_3': 0.4747768980061574, 'beta_4': 64.54759736908866, 'beta_5': 122.817507884832, 'beta_6': 141.07374495933263}. Best is trial 121 with value: 76.58244477304876.
[I 2026-04-01 11:14:30,908] Trial 126 finished with value: 92.43262070517576 and parameters: {'alpha_0': 13143.029608450837, 'alpha_1': 7701.902087120443, 'alpha_2': 23.98980750508775, 'beta_0': 0.3884574358667736, 'beta_1': 2.0401354240012037, 'beta_2': 1.0574254206193978, 'beta_3': 0.4287622046745282, 'beta_4': 60.807133297277026, 'beta_5': 129.19288476062945, 'beta_6': 180.83286747555238}. Best is trial 121 with value: 76.58244477304876.
[I 2026-04-01 11:14:31,209] Trial 122 finished with value: 109.64568883183942 and parameters: {'alpha_0': 13265.964126404171, 'alpha_1': 7704.64443876125, 'alpha_2': 23.881225821362378, 'beta_0': 0.3950365560120701, 'beta_1': 2.478998099185832, 'beta_2': 1.4506262504135634, 'beta_3': 0.5010456722955935, 'beta_4': 65.26326802455306, 'beta_5': 130.76484688264313, 'beta_6': 176.15959046209565}. Best is trial 121 with value: 76.58244477304876.
[I 2026-04-01 11:14:31,315] Trial 125 finished with value: 86.86940154081742 and parameters: {'alpha_0': 10311.474324786068, 'alpha_1': 7677.158595562478, 'alpha_2': 37.27287099217532, 'beta_0': 0.387984954766715, 'beta_1': 2.040374050855228, 'beta_2': 1.1093333526533458, 'beta_3': 0.4897667926790604, 'beta_4': 61.57464512074147, 'beta_5': 127.72062962120825, 'beta_6': 305.8923213401428}. Best is trial 121 with value: 76.58244477304876.
