Best trial: 957. Best value: 71.3843:  52%|█████▏    | 1044/2000 [1:16:01<1:44:23,  6.55s/it]Best trial: 957. Best value: 71.3843:  52%|█████▏    | 1044/2000 [1:16:01<1:44:23,  6.55s/it]                                                                                             Best trial: 957. Best value: 71.3843:  52%|█████▏    | 1045/2000 [1:16:01<1:44:16,  6.55s/it]Best trial: 957. Best value: 71.3843:  52%|█████▏    | 1045/2000 [1:16:01<1:44:16,  6.55s/it]Best trial: 957. Best value: 71.3843:  52%|█████▏    | 1046/2000 [1:16:01<56:14,  3.54s/it]                                                                                             Best trial: 957. Best value: 71.3843:  52%|█████▏    | 1046/2000 [1:16:01<56:14,  3.54s/it]Best trial: 957. Best value: 71.3843:  52%|█████▏    | 1046/2000 [1:16:01<56:14,  3.54s/it]Best trial: 957. Best value: 71.3843:  52%|█████▏    | 1047/2000 [1:16:01<46:39,  2.94s/it]                                                                                           Best trial: 957. Best value: 71.3843:  52%|█████▏    | 1047/2000 [1:16:02<46:39,  2.94s/it]Best trial: 957. Best value: 71.3843:  52%|█████▏    | 1047/2000 [1:16:02<46:39,  2.94s/it]Best trial: 957. Best value: 71.3843:  52%|█████▏    | 1048/2000 [1:16:02<37:24,  2.36s/it]                                                                                           Best trial: 957. Best value: 71.3843:  52%|█████▏    | 1048/2000 [1:16:02<37:24,  2.36s/it]Best trial: 957. Best value: 71.3843:  52%|█████▏    | 1048/2000 [1:16:02<37:24,  2.36s/it]Best trial: 957. Best value: 71.3843:  52%|█████▏    | 1049/2000 [1:16:02<29:14,  1.84s/it]                                                                                           Best trial: 957. Best value: 71.3843:  52%|█████▏    | 1049/2000 [1:16:04<29:14,  1.84s/it]Best trial: 957. Best value: 71.3843:  52%|█████▏    | 1049/2000 [1:16:04<29:14,  1.84s/it]Best trial: 957. Best value: 71.3843:  52%|█████▎    | 1050/2000 [1:16:04<32:36,  2.06s/it]                                                                                           Best trial: 957. Best value: 71.3843:  52%|█████▎    | 1050/2000 [1:16:44<32:36,  2.06s/it]Best trial: 957. Best value: 71.3843:  52%|█████▎    | 1050/2000 [1:16:44<32:36,  2.06s/it]Best trial: 957. Best value: 71.3843:  53%|█████▎    | 1051/2000 [1:16:44<3:05:28, 11.73s/it]                                                                                             Best trial: 957. Best value: 71.3843:  53%|█████▎    | 1051/2000 [1:16:44<3:05:28, 11.73s/it]Best trial: 957. Best value: 71.3843:  53%|█████▎    | 1051/2000 [1:16:44<3:05:28, 11.73s/it]                                                                                             Best trial: 957. Best value: 71.3843:  53%|█████▎    | 1052/2000 [1:16:44<3:05:16, 11.73s/it]                                                                                             Best trial: 957. Best value: 71.3843:  53%|█████▎    | 1052/2000 [1:16:44<3:05:16, 11.73s/it]Best trial: 957. Best value: 71.3843:  53%|█████▎    | 1052/2000 [1:16:44<3:05:16, 11.73s/it]Best trial: 957. Best value: 71.3843:  53%|█████▎    | 1053/2000 [1:16:44<1:46:38,  6.76s/it]Best trial: 957. Best value: 71.3843:  53%|█████▎    | 1053/2000 [1:16:44<1:46:38,  6.76s/it]                                                                                             Best trial: 957. Best value: 71.3843:  53%|█████▎    | 1054/2000 [1:16:44<1:46:31,  6.76s/it]Best trial: 957. Best value: 71.3843:  53%|█████▎    | 1054/2000 [1:16:44<1:46:31,  6.76s/it]Best trial: 957. Best value: 71.3843:  53%|█████▎    | 1055/2000 [1:16:44<1:06:29,  4.22s/it]                                                                                             Best trial: 957. Best value: 71.3843:  53%|█████▎    | 1055/2000 [1:16:44<1:06:29,  4.22s/it]Best trial: 957. Best value: 71.3843:  53%|█████▎    | 1055/2000 [1:16:44<1:06:29,  4.22s/it]                                                                                             Best trial: 957. Best value: 71.3843:  53%|█████▎    | 1056/2000 [1:16:44<1:06:25,  4.22s/it]Best trial: 957. Best value: 71.3843:  53%|█████▎    | 1056/2000 [1:16:44<1:06:25,  4.22s/it]Best trial: 957. Best value: 71.3843:  53%|█████▎    | 1057/2000 [1:16:44<43:53,  2.79s/it]                                                                                             Best trial: 957. Best value: 71.3843:  53%|█████▎    | 1057/2000 [1:16:44<43:53,  2.79s/it]Best trial: 957. Best value: 71.3843:  53%|█████▎    | 1057/2000 [1:16:44<43:53,  2.79s/it]                                                                                           Best trial: 957. Best value: 71.3843:  53%|█████▎    | 1058/2000 [1:16:44<43:50,  2.79s/it]Best trial: 957. Best value: 71.3843:  53%|█████▎    | 1058/2000 [1:16:44<43:50,  2.79s/it]Best trial: 957. Best value: 71.3843:  53%|█████▎    | 1059/2000 [1:16:44<29:30,  1.88s/it]                                                                                           Best trial: 957. Best value: 71.3843:  53%|█████▎    | 1059/2000 [1:16:49<29:30,  1.88s/it]Best trial: 957. Best value: 71.3843:  53%|█████▎    | 1059/2000 [1:16:49<29:30,  1.88s/it]Best trial: 957. Best value: 71.3843:  53%|█████▎    | 1060/2000 [1:17:02<29:28,  1.88s/it]                                                                                           Best trial: 957. Best value: 71.3843:  53%|█████▎    | 1060/2000 [1:17:29<29:28,  1.88s/it]Best trial: 957. Best value: 71.3843:  53%|█████▎    | 1060/2000 [1:17:29<29:28,  1.88s/it]Best trial: 957. Best value: 71.3843:  53%|█████▎    | 1061/2000 [1:17:29<2:11:44,  8.42s/it]                                                                                             Best trial: 957. Best value: 71.3843:  53%|█████▎    | 1061/2000 [1:17:29<2:11:44,  8.42s/it]                                                                                             [I 2026-04-01 12:21:22,419] Trial 1048 finished with value: 77.034651132487 and parameters: {'alpha_0': 18143.540304445287, 'alpha_1': 517.1519874761107, 'alpha_2': 41.267887400379195, 'beta_0': 0.2533975466620549, 'beta_1': 1.7039789402961294, 'beta_2': 1.335358384719651, 'beta_3': 0.32166973444440683, 'beta_4': 29.14636130906859, 'beta_5': 0.38008981028255473, 'beta_6': 164.1890360834699}. Best is trial 957 with value: 71.38427157687855.
[I 2026-04-01 12:21:22,546] Trial 1045 finished with value: 74.36099932753808 and parameters: {'alpha_0': 16955.690745723634, 'alpha_1': 443.91982474336623, 'alpha_2': 41.1538357711857, 'beta_0': 0.25018430668192326, 'beta_1': 1.6868788604673128, 'beta_2': 1.339583144263161, 'beta_3': 0.3182355550656148, 'beta_4': 64.83389211917107, 'beta_5': 32.40566775173208, 'beta_6': 163.75615916661644}. Best is trial 957 with value: 71.38427157687855.
[I 2026-04-01 12:21:22,831] Trial 1046 finished with value: 581.1973298249052 and parameters: {'alpha_0': 16969.366661037177, 'alpha_1': 509.4711980367131, 'alpha_2': 40.87505746721155, 'beta_0': 1.5541970354045358, 'beta_1': 1.6965780503465278, 'beta_2': 1.3184398228226761, 'beta_3': 0.33278019125810865, 'beta_4': 29.11265294594187, 'beta_5': 29.638325115654673, 'beta_6': 163.93795273387218}. Best is trial 957 with value: 71.38427157687855.
[I 2026-04-01 12:21:22,957] Trial 1043 finished with value: 74.25412626410531 and parameters: {'alpha_0': 17136.497050857903, 'alpha_1': 361.5442659183125, 'alpha_2': 45.4718410658957, 'beta_0': 0.25079946200165876, 'beta_1': 1.6946281263642575, 'beta_2': 1.3329903526813702, 'beta_3': 0.26436427342799385, 'beta_4': 65.3181545360841, 'beta_5': 32.72180592336365, 'beta_6': 170.60433433732413}. Best is trial 957 with value: 71.38427157687855.
[I 2026-04-01 12:21:23,056] Trial 1044 finished with value: 74.7271162701049 and parameters: {'alpha_0': 17037.766239549583, 'alpha_1': 460.5424248217744, 'alpha_2': 41.01099516385194, 'beta_0': 0.2525723316188358, 'beta_1': 1.7002167409154876, 'beta_2': 1.3291943368616002, 'beta_3': 0.2717598457838325, 'beta_4': 64.58990574452208, 'beta_5': 32.990513116957196, 'beta_6': 172.51904990817127}. Best is trial 957 with value: 71.38427157687855.
[I 2026-04-01 12:21:25,780] Trial 1049 finished with value: 76.1371238263014 and parameters: {'alpha_0': 18284.989998004527, 'alpha_1': 542.6408784918859, 'alpha_2': 40.91392651597979, 'beta_0': 0.2438907599142135, 'beta_1': 1.6883892446839603, 'beta_2': 1.3312128306113769, 'beta_3': 0.17926853244946098, 'beta_4': 31.493500809041244, 'beta_5': 36.14347718545132, 'beta_6': 164.07603332240413}. Best is trial 957 with value: 71.38427157687855.
[I 2026-04-01 12:22:05,097] Trial 1051 finished with value: 76.31758540774126 and parameters: {'alpha_0': 17036.33045478025, 'alpha_1': 549.267092329796, 'alpha_2': 44.339384038238364, 'beta_0': 0.20272092406577916, 'beta_1': 1.7681575069213396, 'beta_2': 1.3239666496175628, 'beta_3': 0.4025638327272867, 'beta_4': 28.95443551942801, 'beta_5': 0.4074521639290695, 'beta_6': 163.58401236544984}. Best is trial 957 with value: 71.38427157687855.
[I 2026-04-01 12:22:05,137] Trial 1054 finished with value: 74.8988068507042 and parameters: {'alpha_0': 15322.961583982204, 'alpha_1': 587.9300636463121, 'alpha_2': 46.020844540452835, 'beta_0': 0.2458628824014613, 'beta_1': 2.00251163605008, 'beta_2': 1.4545398869153316, 'beta_3': 0.40461909221751946, 'beta_4': 14.852723219684352, 'beta_5': 22.67853152964901, 'beta_6': 162.3189473504269}. Best is trial 957 with value: 71.38427157687855.
[I 2026-04-01 12:22:05,183] Trial 1055 finished with value: 75.76393787532294 and parameters: {'alpha_0': 15406.016425685626, 'alpha_1': 551.5358178119398, 'alpha_2': 45.43351076380989, 'beta_0': 0.20116777060554114, 'beta_1': 1.74338960420828, 'beta_2': 1.4455451804664434, 'beta_3': 0.18986936130251986, 'beta_4': 9.458431195458378, 'beta_5': 22.73537400511126, 'beta_6': 166.59541337552804}. Best is trial 957 with value: 71.38427157687855.
[I 2026-04-01 12:22:05,196] Trial 1052 finished with value: 75.10476352630948 and parameters: {'alpha_0': 18253.51271764319, 'alpha_1': 551.0220520561011, 'alpha_2': 41.127340612374034, 'beta_0': 0.201550790387236, 'beta_1': 1.763474668325991, 'beta_2': 1.3389447197405386, 'beta_3': 0.1896169621270413, 'beta_4': 29.60451143124595, 'beta_5': 32.12591644652786, 'beta_6': 163.3767050160613}. Best is trial 957 with value: 71.38427157687855.
[I 2026-04-01 12:22:05,293] Trial 1050 finished with value: 76.82191244786259 and parameters: {'alpha_0': 17769.41421630126, 'alpha_1': 533.403229299252, 'alpha_2': 41.15911495633863, 'beta_0': 0.24736001237842886, 'beta_1': 1.6931977540815752, 'beta_2': 1.3364934815915863, 'beta_3': 0.3244633215615187, 'beta_4': 28.8935263131824, 'beta_5': 33.9871247304969, 'beta_6': 167.10404560628518}. Best is trial 957 with value: 71.38427157687855.
[I 2026-04-01 12:22:05,348] Trial 1057 finished with value: 72.7651414427412 and parameters: {'alpha_0': 18171.539014680322, 'alpha_1': 2.7149594400168553, 'alpha_2': 46.1646438020923, 'beta_0': 0.20089084225815884, 'beta_1': 1.7660510909298839, 'beta_2': 1.446129225018457, 'beta_3': 0.17148425935989578, 'beta_4': 60.096863907071544, 'beta_5': 0.6943430474430281, 'beta_6': 161.6147526664642}. Best is trial 957 with value: 71.38427157687855.
[I 2026-04-01 12:22:05,599] Trial 1056 finished with value: 77.6339485851424 and parameters: {'alpha_0': 15351.292278997007, 'alpha_1': 10.950675464022735, 'alpha_2': 45.20177370045685, 'beta_0': 0.2533949709223361, 'beta_1': 1.7671226347579514, 'beta_2': 1.4600984114586315, 'beta_3': 0.39095090349762074, 'beta_4': 4.712736893888458, 'beta_5': 21.76243198496894, 'beta_6': 171.151830636075}. Best is trial 957 with value: 71.38427157687855.
[I 2026-04-01 12:22:05,630] Trial 1058 finished with value: 74.20470024016404 and parameters: {'alpha_0': 15166.21294901201, 'alpha_1': 594.9504213573956, 'alpha_2': 44.74410651268343, 'beta_0': 0.20392779781057388, 'beta_1': 1.7768739614549685, 'beta_2': 1.4547205409748336, 'beta_3': 0.40385106217056715, 'beta_4': 17.497210267762746, 'beta_5': 18.205991137665748, 'beta_6': 161.66718799085763}. Best is trial 957 with value: 71.38427157687855.
[I 2026-04-01 12:22:05,695] Trial 1053 finished with value: 76.48534897719176 and parameters: {'alpha_0': 15380.707467933016, 'alpha_1': 533.5990114318272, 'alpha_2': 41.24015573398406, 'beta_0': 0.24836760494835033, 'beta_1': 1.7575080506591714, 'beta_2': 1.4550695681346084, 'beta_3': 0.3993357529979565, 'beta_4': 13.66964998521868, 'beta_5': 22.14088892740162, 'beta_6': 163.89401406564724}. Best is trial 957 with value: 71.38427157687855.
[I 2026-04-01 12:22:10,079] Trial 1059 finished with value: 76.25055826140104 and parameters: {'alpha_0': 15414.642714726833, 'alpha_1': 3.468203795738077, 'alpha_2': 44.741529459312645, 'beta_0': 0.24840008336584765, 'beta_1': 1.7527696554210161, 'beta_2': 1.4424471950164628, 'beta_3': 0.18196631970064514, 'beta_4': 16.119763843432516, 'beta_5': 20.957864489424523, 'beta_6': 195.04732284296392}. Best is trial 957 with value: 71.38427157687855.
[I 2026-04-01 12:22:49,973] Trial 1061 finished with value: 77.60668059080137 and parameters: {'alpha_0': 15388.475301272074, 'alpha_1': 4.33583794074074, 'alpha_2': 44.828765083235346, 'beta_0': 0.20075829837844536, 'beta_1': 1.7570913424389845, 'beta_2': 1.3915393466108759, 'beta_3': 0.4066101345934099, 'beta_4': 13.143471377285707, 'beta_5': 17.385818155581223, 'beta_6': 195.58085554943878}. Best is trial 957 with value: 71.38427157687855.
[I 2026-04-01 12:22:49,992] Trial 1062 finished with value: 77.43384126358649 and parameters: {'alpha_0': 15157.866067746645, 'alpha_1': 171.34693658578456, 'alpha_2': 38.827433256680706, 'beta_0': 0.2511409267296401, 'beta_1': 1.7583298363292628, 'beta_2': 1.403913700579744, 'beta_3': 0.3972293209633198, 'beta_4': 17.854590307729268, 'beta_5': 0.7156554880080801, 'beta_6': 191.982116788677}. Best is trial 957 with value: 71.38427157687855.
Best trial: 957. Best value: 71.3843:  53%|█████▎    | 1061/2000 [1:17:29<2:11:44,  8.42s/it]Best trial: 957. Best value: 71.3843:  53%|█████▎    | 1061/2000 [1:17:29<2:11:44,  8.42s/it]Best trial: 957. Best value: 71.3843:  53%|█████▎    | 1062/2000 [1:17:29<2:11:35,  8.42s/it]                                                                                             Best trial: 957. Best value: 71.3843:  53%|█████▎    | 1063/2000 [1:17:29<2:11:27,  8.42s/it]                                                                                             Best trial: 957. Best value: 71.3843:  53%|█████▎    | 1063/2000 [1:17:29<2:11:27,  8.42s/it]Best trial: 957. Best value: 71.3843:  53%|█████▎    | 1063/2000 [1:17:29<2:11:27,  8.42s/it]Best trial: 957. Best value: 71.3843:  53%|█████▎    | 1064/2000 [1:17:29<1:17:56,  5.00s/it]Best trial: 957. Best value: 71.3843:  53%|█████▎    | 1064/2000 [1:17:29<1:17:56,  5.00s/it]                                                                                             Best trial: 957. Best value: 71.3843:  53%|█████▎    | 1065/2000 [1:17:29<1:17:51,  5.00s/it]Best trial: 957. Best value: 71.3843:  53%|█████▎    | 1065/2000 [1:17:29<1:17:51,  5.00s/it]Best trial: 957. Best value: 71.3843:  53%|█████▎    | 1066/2000 [1:17:29<56:13,  3.61s/it]                                                                                             Best trial: 957. Best value: 71.3843:  53%|█████▎    | 1066/2000 [1:17:29<56:13,  3.61s/it]Best trial: 957. Best value: 71.3843:  53%|█████▎    | 1066/2000 [1:17:29<56:13,  3.61s/it]                                                                                           Best trial: 957. Best value: 71.3843:  53%|█████▎    | 1067/2000 [1:17:29<56:09,  3.61s/it]Best trial: 957. Best value: 71.3843:  53%|█████▎    | 1067/2000 [1:17:29<56:09,  3.61s/it]Best trial: 957. Best value: 71.3843:  53%|█████▎    | 1068/2000 [1:17:29<40:38,  2.62s/it]                                                                                           Best trial: 957. Best value: 71.3843:  53%|█████▎    | 1068/2000 [1:17:29<40:38,  2.62s/it]Best trial: 957. Best value: 71.3843:  53%|█████▎    | 1068/2000 [1:17:29<40:38,  2.62s/it]                                                                                           Best trial: 957. Best value: 71.3843:  53%|█████▎    | 1069/2000 [1:17:32<40:36,  2.62s/it]Best trial: 957. Best value: 71.3843:  53%|█████▎    | 1069/2000 [1:17:32<40:36,  2.62s/it]Best trial: 957. Best value: 71.3843:  54%|█████▎    | 1070/2000 [1:17:32<34:15,  2.21s/it]                                                                                           Best trial: 957. Best value: 71.3843:  54%|█████▎    | 1070/2000 [1:18:11<34:15,  2.21s/it]Best trial: 957. Best value: 71.3843:  54%|█████▎    | 1070/2000 [1:18:11<34:15,  2.21s/it]Best trial: 957. Best value: 71.3843:  54%|█████▎    | 1071/2000 [1:18:11<2:13:14,  8.61s/it]                                                                                             Best trial: 957. Best value: 71.3843:  54%|█████▎    | 1071/2000 [1:18:11<2:13:14,  8.61s/it]Best trial: 957. Best value: 71.3843:  54%|█████▎    | 1071/2000 [1:18:11<2:13:14,  8.61s/it]Best trial: 957. Best value: 71.3843:  54%|█████▎    | 1072/2000 [1:18:11<1:48:08,  6.99s/it]                                                                                             Best trial: 957. Best value: 71.3843:  54%|█████▎    | 1072/2000 [1:18:12<1:48:08,  6.99s/it]                                                                                             Best trial: 957. Best value: 71.3843:  54%|█████▎    | 1072/2000 [1:18:12<1:48:08,  6.99s/it]Best trial: 957. Best value: 71.3843:  54%|█████▎    | 1072/2000 [1:18:12<1:48:08,  6.99s/it]Best trial: 957. Best value: 71.3843:  54%|█████▎    | 1073/2000 [1:18:12<1:25:21,  5.52s/it]Best trial: 957. Best value: 71.3843:  54%|█████▎    | 1073/2000 [1:18:12<1:25:21,  5.52s/it]                                                                                             Best trial: 957. Best value: 71.3843:  54%|█████▎    | 1074/2000 [1:18:12<1:25:15,  5.52s/it]Best trial: 957. Best value: 71.3843:  54%|█████▎    | 1074/2000 [1:18:12<1:25:15,  5.52s/it]Best trial: 957. Best value: 71.3843:  54%|█████▍    | 1075/2000 [1:18:12<53:23,  3.46s/it]                                                                                             Best trial: 957. Best value: 71.3843:  54%|█████▍    | 1075/2000 [1:18:12<53:23,  3.46s/it]Best trial: 957. Best value: 71.3843:  54%|█████▍    | 1075/2000 [1:18:12<53:23,  3.46s/it]Best trial: 957. Best value: 71.3843:  54%|█████▍    | 1076/2000 [1:18:12<42:19,  2.75s/it]                                                                                           Best trial: 957. Best value: 71.3843:  54%|█████▍    | 1076/2000 [1:18:12<42:19,  2.75s/it]Best trial: 957. Best value: 71.3843:  54%|█████▍    | 1076/2000 [1:18:12<42:19,  2.75s/it]Best trial: 957. Best value: 71.3843:  54%|█████▍    | 1077/2000 [1:18:12<32:44,  2.13s/it]                                                                                           Best trial: 957. Best value: 71.3843:  54%|█████▍    | 1077/2000 [1:18:12<32:44,  2.13s/it]Best trial: 957. Best value: 71.3843:  54%|█████▍    | 1077/2000 [1:18:12<32:44,  2.13s/it]                                                                                           Best trial: 957. Best value: 71.3843:  54%|█████▍    | 1078/2000 [1:18:13<32:42,  2.13s/it]Best trial: 957. Best value: 71.3843:  54%|█████▍    | 1078/2000 [1:18:13<32:42,  2.13s/it]Best trial: 957. Best value: 71.3843:  54%|█████▍    | 1079/2000 [1:18:13<20:02,  1.31s/it]                                                                                           Best trial: 957. Best value: 71.3843:  54%|█████▍    | 1079/2000 [1:18:14<20:02,  1.31s/it]Best trial: 957. Best value: 71.3843:  54%|█████▍    | 1079/2000 [1:18:14<20:02,  1.31s/it]Best trial: 957. Best value: 71.3843:  54%|█████▍    | 1080/2000 [1:18:14<19:58,  1.30s/it]                                                                                           [I 2026-04-01 12:22:49,994] Trial 1060 finished with value: 73.78471926949445 and parameters: {'alpha_0': 15509.511183632923, 'alpha_1': 12.544149336722256, 'alpha_2': 45.841858638750146, 'beta_0': 0.2026298570203473, 'beta_1': 1.9907819315925463, 'beta_2': 1.4559764575478344, 'beta_3': 0.3976245543903398, 'beta_4': 20.206389199115797, 'beta_5': 19.93381935477024, 'beta_6': 197.63526037467514}. Best is trial 957 with value: 71.38427157687855.
[I 2026-04-01 12:22:50,123] Trial 1064 finished with value: 77.70740049547152 and parameters: {'alpha_0': 15487.969197121194, 'alpha_1': 95.5624105963085, 'alpha_2': 46.39802330118611, 'beta_0': 0.28455616720453963, 'beta_1': 1.8894193882606694, 'beta_2': 1.4015803154314121, 'beta_3': 0.3996456548452834, 'beta_4': 17.13507346203378, 'beta_5': 7.44043467163076, 'beta_6': 159.50997089873928}. Best is trial 957 with value: 71.38427157687855.
[I 2026-04-01 12:22:50,127] Trial 1066 finished with value: 77.35843461101766 and parameters: {'alpha_0': 15121.001894285599, 'alpha_1': 8027.226848687573, 'alpha_2': 46.40794335740705, 'beta_0': 0.2915560624685274, 'beta_1': 1.756523339321588, 'beta_2': 1.3958320889614766, 'beta_3': 0.4082459771780439, 'beta_4': 21.621549898011224, 'beta_5': 0.9372526308915532, 'beta_6': 156.7892240793316}. Best is trial 957 with value: 71.38427157687855.
