[I 2026-04-01 12:30:42,520] Trial 1172 finished with value: 72.6220035712096 and parameters: {'alpha_0': 15941.896148104968, 'alpha_1': 241.28582746982386, 'alpha_2': 43.8637321371761, 'beta_0': 0.2033511473833299, 'beta_1': 1.7429359663982658, 'beta_2': 1.4170597255472983, 'beta_3': 0.2209674922644574, 'beta_4': 60.64971916604136, 'beta_5': 13.19221725583805, 'beta_6': 392.95681163751186}. Best is trial 957 with value: 71.38427157687855.
[I 2026-04-01 12:30:42,548] Trial 1176 finished with value: 93.53641212966056 and parameters: {'alpha_0': 5545.795039335095, 'alpha_1': 6408.794278012707, 'alpha_2': 42.82154785714185, 'beta_0': 0.42123423146916394, 'beta_1': 1.6638282895196608, 'beta_2': 1.302292709481045, 'beta_3': 0.23750499420479845, 'beta_4': 61.41214051755074, 'beta_5': 24.056462489475443, 'beta_6': 442.43442023865936}. Best is trial 957 with value: 71.38427157687855.
[I 2026-04-01 12:30:42,703] Trial 1175 finished with value: 101.52886094327877 and parameters: {'alpha_0': 16065.28976713638, 'alpha_1': 5959.111015559255, 'alpha_2': 43.683107835291814, 'beta_0': 0.42215345985462116, 'beta_1': 1.7333194114735997, 'beta_2': 1.2859860361951214, 'beta_3': 0.23367204374734987, 'beta_4': 61.04791318088366, 'beta_5': 23.570695074116898, 'beta_6': 439.8640653693128}. Best is trial 957 with value: 71.38427157687855.
[I 2026-04-01 12:30:42,874] Trial 1173 finished with value: 76.00568448995386 and parameters: {'alpha_0': 15823.001345035642, 'alpha_1': 7116.749005548749, 'alpha_2': 43.669780123268445, 'beta_0': 0.24667149366213173, 'beta_1': 1.6646718384411774, 'beta_2': 1.406787499495487, 'beta_3': 0.2437317145509218, 'beta_4': 64.23888494267408, 'beta_5': 22.825654763220047, 'beta_6': 394.2576497354062}. Best is trial 957 with value: 71.38427157687855.
[I 2026-04-01 12:30:43,055] Trial 1177 finished with value: 72.46258594431274 and parameters: {'alpha_0': 15334.117451995142, 'alpha_1': 5809.099202184226, 'alpha_2': 42.76395329710409, 'beta_0': 0.20081516191059265, 'beta_1': 1.6577357229218683, 'beta_2': 1.2800154081297848, 'beta_3': 0.23113177878119828, 'beta_4': 60.65778432579071, 'beta_5': 22.126016903627693, 'beta_6': 427.53424706606006}. Best is trial 957 with value: 71.38427157687855.
[I 2026-04-01 12:30:43,069] Trial 1170 finished with value: 139.90236630166768 and parameters: {'alpha_0': 15916.340617272701, 'alpha_1': 6026.897609607409, 'alpha_2': 43.633658195892856, 'beta_0': 0.20161550629119726, 'beta_1': 1.7595121654089225, 'beta_2': 2.857135481636073, 'beta_3': 0.21997467317026378, 'beta_4': 62.861173286374736, 'beta_5': 12.889177077996285, 'beta_6': 426.2566739707598}. Best is trial 957 with value: 71.38427157687855.
[I 2026-04-01 12:30:43,247] Trial 1179 finished with value: 75.0070881261377 and parameters: {'alpha_0': 15766.236592395991, 'alpha_1': 6489.138857105054, 'alpha_2': 42.882202663413906, 'beta_0': 0.2456604979756028, 'beta_1': 1.6547891780194346, 'beta_2': 1.438470619008999, 'beta_3': 0.2604519947181993, 'beta_4': 59.56865645079653, 'beta_5': 24.8998563633576, 'beta_6': 427.7489749139384}. Best is trial 957 with value: 71.38427157687855.
[I 2026-04-01 12:31:28,857] Trial 1183 finished with value: 73.9008830649449 and parameters: {'alpha_0': 14844.90501973272, 'alpha_1': 5451.456590030827, 'alpha_2': 42.14526057322589, 'beta_0': 0.25467327562130404, 'beta_1': 1.6668311066772017, 'beta_2': 1.2011462771305366, 'beta_3': 0.20220442123098717, 'beta_4': 58.68517915535763, 'beta_5': 24.695234779291727, 'beta_6': 426.6767027516895}. Best is trial 957 with value: 71.38427157687855.
[I 2026-04-01 12:31:28,901] Trial 1181 finished with value: 74.10617819041961 and parameters: {'alpha_0': 15040.663562668702, 'alpha_1': 6633.933199447409, 'alpha_2': 41.72728398101714, 'beta_0': 0.24949544939740514, 'beta_1': 1.6682815379134905, 'beta_2': 1.4495912416959955, 'beta_3': 0.24146180803164538, 'beta_4': 58.80242570900309, 'beta_5': 22.008092705855997, 'beta_6': 447.6014133730931}. Best is trial 957 with value: 71.38427157687855.
[I 2026-04-01 12:31:28,967] Trial 1182 finished with value: 75.25957200499835 and parameters: {'alpha_0': 15266.956990007415, 'alpha_1': 6360.996210242242, 'alpha_2': 41.45241391195801, 'beta_0': 0.25881677135337056, 'beta_1': 1.6592711860815608, 'beta_2': 1.2871567650011553, 'beta_3': 0.25371514954007135, 'beta_4': 60.75980101505047, 'beta_5': 24.94657224469261, 'beta_6': 429.8840601157901}. Best is trial 957 with value: 71.38427157687855.
[I 2026-04-01 12:31:28,981] Trial 1180 finished with value: 74.49008299328767 and parameters: {'alpha_0': 15163.715797769562, 'alpha_1': 6789.557241956902, 'alpha_2': 42.89177207953851, 'beta_0': 0.25598646605293707, 'beta_1': 1.6721651282047352, 'beta_2': 1.2967622865271347, 'beta_3': 0.2592617163607185, 'beta_4': 59.57130851970783, 'beta_5': 23.040879354733914, 'beta_6': 459.0751876572458}. Best is trial 957 with value: 71.38427157687855.
[I 2026-04-01 12:31:29,252] Trial 1186 finished with value: 73.12401960153213 and parameters: {'alpha_0': 14866.659425032254, 'alpha_1': 6175.3374475485925, 'alpha_2': 42.37385465198808, 'beta_0': 0.2002635963321276, 'beta_1': 1.6681205529328964, 'beta_2': 1.2277707155784843, 'beta_3': 0.19194502837630806, 'beta_4': 58.27329025854233, 'beta_5': 11.33591002343049, 'beta_6': 425.3212492959593}. Best is trial 957 with value: 71.38427157687855.
[I 2026-04-01 12:31:29,656] Trial 1187 finished with value: 74.28592327375836 and parameters: {'alpha_0': 15026.809921512448, 'alpha_1': 6594.290785190371, 'alpha_2': 39.92868044249327, 'beta_0': 0.2604235961473277, 'beta_1': 1.6660009597998806, 'beta_2': 1.2077043642209817, 'beta_3': 0.2767696813383259, 'beta_4': 56.879583620976824, 'beta_5': 28.802161628790863, 'beta_6': 457.58908373576753}. Best is trial 957 with value: 71.38427157687855.
[I 2026-04-01 12:31:30,088] Trial 1185 finished with value: 218.47055235489105 and parameters: {'alpha_0': 14801.088378412262, 'alpha_1': 5382.045859309623, 'alpha_2': 41.72503919779114, 'beta_0': 0.7456307400659317, 'beta_1': 1.6428865141710687, 'beta_2': 1.2399084539770384, 'beta_3': 0.1957997309132684, 'beta_4': 58.33139516224818, 'beta_5': 11.86418121974637, 'beta_6': 387.5103950201425}. Best is trial 957 with value: 71.38427157687855.
[I 2026-04-01 12:31:30,313] Trial 1188 finished with value: 112.6190641285636 and parameters: {'alpha_0': 15344.074542656817, 'alpha_1': 6645.676960192195, 'alpha_2': 41.8864135006589, 'beta_0': 0.25696027916254965, 'beta_1': 1.6176905397470926, 'beta_2': 1.2373043217691, 'beta_3': 0.27724260730704475, 'beta_4': 199.5247136352381, 'beta_5': 28.165910924996265, 'beta_6': 423.6680949238089}. Best is trial 957 with value: 71.38427157687855.
Best trial: 957. Best value: 71.3843:  59%|█████▉    | 1188/2000 [1:26:09<30:06,  2.22s/it]Best trial: 957. Best value: 71.3843:  59%|█████▉    | 1188/2000 [1:26:09<30:06,  2.22s/it]Best trial: 957. Best value: 71.3843:  59%|█████▉    | 1189/2000 [1:26:09<22:54,  1.69s/it]                                                                                           Best trial: 957. Best value: 71.3843:  59%|█████▉    | 1189/2000 [1:26:09<22:54,  1.69s/it]Best trial: 957. Best value: 71.3843:  59%|█████▉    | 1189/2000 [1:26:09<22:54,  1.69s/it]Best trial: 957. Best value: 71.3843:  60%|█████▉    | 1190/2000 [1:26:09<17:17,  1.28s/it]                                                                                           Best trial: 957. Best value: 71.3843:  60%|█████▉    | 1190/2000 [1:26:51<17:17,  1.28s/it]Best trial: 957. Best value: 71.3843:  60%|█████▉    | 1190/2000 [1:26:51<17:17,  1.28s/it]Best trial: 957. Best value: 71.3843:  60%|█████▉    | 1191/2000 [1:26:51<2:49:32, 12.57s/it]                                                                                             Best trial: 957. Best value: 71.3843:  60%|█████▉    | 1191/2000 [1:26:52<2:49:32, 12.57s/it]Best trial: 957. Best value: 71.3843:  60%|█████▉    | 1191/2000 [1:26:52<2:49:32, 12.57s/it]Best trial: 957. Best value: 71.3843:  60%|█████▉    | 1192/2000 [1:26:52<2:03:18,  9.16s/it]                                                                                             Best trial: 957. Best value: 71.3843:  60%|█████▉    | 1192/2000 [1:26:52<2:03:18,  9.16s/it]Best trial: 957. Best value: 71.3843:  60%|█████▉    | 1192/2000 [1:26:52<2:03:18,  9.16s/it]                                                                                             Best trial: 957. Best value: 71.3843:  60%|█████▉    | 1193/2000 [1:26:52<2:03:09,  9.16s/it]Best trial: 957. Best value: 71.3843:  60%|█████▉    | 1193/2000 [1:26:52<2:03:09,  9.16s/it]Best trial: 957. Best value: 71.3843:  60%|█████▉    | 1194/2000 [1:26:52<1:08:33,  5.10s/it]                                                                                             Best trial: 957. Best value: 71.3843:  60%|█████▉    | 1194/2000 [1:26:52<1:08:33,  5.10s/it]Best trial: 957. Best value: 71.3843:  60%|█████▉    | 1194/2000 [1:26:52<1:08:33,  5.10s/it]                                                                                             Best trial: 957. Best value: 71.3843:  60%|█████▉    | 1195/2000 [1:26:52<1:08:28,  5.10s/it]Best trial: 957. Best value: 71.3843:  60%|█████▉    | 1195/2000 [1:26:52<1:08:28,  5.10s/it]Best trial: 957. Best value: 71.3843:  60%|█████▉    | 1196/2000 [1:26:52<41:59,  3.13s/it]                                                                                             Best trial: 957. Best value: 71.3843:  60%|█████▉    | 1196/2000 [1:26:52<41:59,  3.13s/it]Best trial: 957. Best value: 71.3843:  60%|█████▉    | 1196/2000 [1:26:52<41:59,  3.13s/it]                                                                                           Best trial: 957. Best value: 71.3843:  60%|█████▉    | 1197/2000 [1:26:52<41:56,  3.13s/it]Best trial: 957. Best value: 71.3843:  60%|█████▉    | 1197/2000 [1:26:52<41:56,  3.13s/it]Best trial: 957. Best value: 71.3843:  60%|█████▉    | 1198/2000 [1:26:52<27:33,  2.06s/it]                                                                                           Best trial: 957. Best value: 71.3843:  60%|█████▉    | 1198/2000 [1:26:53<27:33,  2.06s/it]Best trial: 957. Best value: 71.3843:  60%|█████▉    | 1198/2000 [1:26:53<27:33,  2.06s/it]Best trial: 957. Best value: 71.3843:  60%|█████▉    | 1199/2000 [1:26:53<22:29,  1.68s/it]                                                                                           Best trial: 957. Best value: 71.3843:  60%|█████▉    | 1199/2000 [1:26:53<22:29,  1.68s/it]Best trial: 957. Best value: 71.3843:  60%|█████▉    | 1199/2000 [1:26:53<22:29,  1.68s/it]Best trial: 957. Best value: 71.3843:  60%|██████    | 1200/2000 [1:26:53<19:12,  1.44s/it]                                                                                           Best trial: 957. Best value: 71.3843:  60%|██████    | 1200/2000 [1:27:33<19:12,  1.44s/it]Best trial: 957. Best value: 71.3843:  60%|██████    | 1200/2000 [1:27:33<19:12,  1.44s/it]Best trial: 957. Best value: 71.3843:  60%|██████    | 1201/2000 [1:27:33<2:24:07, 10.82s/it]                                                                                             Best trial: 957. Best value: 71.3843:  60%|██████    | 1201/2000 [1:27:33<2:24:07, 10.82s/it]Best trial: 957. Best value: 71.3843:  60%|██████    | 1201/2000 [1:27:33<2:24:07, 10.82s/it]Best trial: 957. Best value: 71.3843:  60%|██████    | 1202/2000 [1:27:33<1:47:19,  8.07s/it]                                                                                             Best trial: 957. Best value: 71.3843:  60%|██████    | 1202/2000 [1:27:33<1:47:19,  8.07s/it]Best trial: 957. Best value: 71.3843:  60%|██████    | 1202/2000 [1:27:33<1:47:19,  8.07s/it]Best trial: 957. Best value: 71.3843:  60%|██████    | 1203/2000 [1:27:33<1:18:43,  5.93s/it]                                                                                             Best trial: 957. Best value: 71.3843:  60%|██████    | 1203/2000 [1:27:34<1:18:43,  5.93s/it]Best trial: 957. Best value: 71.3843:  60%|██████    | 1203/2000 [1:27:34<1:18:43,  5.93s/it]Best trial: 957. Best value: 71.3843:  60%|██████    | 1204/2000 [1:27:34<57:39,  4.35s/it]                                                                                             Best trial: 957. Best value: 71.3843:  60%|██████    | 1204/2000 [1:27:34<57:39,  4.35s/it]Best trial: 957. Best value: 71.3843:  60%|██████    | 1204/2000 [1:27:34<57:39,  4.35s/it]                                                                                           Best trial: 957. Best value: 71.3843:  60%|██████    | 1205/2000 [1:27:34<57:34,  4.35s/it]                                                                                           [I 2026-04-01 12:31:30,456] Trial 1184 finished with value: 472.1145672614276 and parameters: {'alpha_0': 14747.88055806465, 'alpha_1': 6033.443625789214, 'alpha_2': 41.533639105669344, 'beta_0': 1.0822640261616892, 'beta_1': 1.6667114813515187, 'beta_2': 2.3495164335055136, 'beta_3': 0.2715754729740104, 'beta_4': 58.86237399078081, 'beta_5': 26.758942356483754, 'beta_6': 388.50362529899}. Best is trial 957 with value: 71.38427157687855.
[I 2026-04-01 12:31:30,611] Trial 1189 finished with value: 73.10572634208575 and parameters: {'alpha_0': 15009.97409923389, 'alpha_1': 6249.42427124004, 'alpha_2': 41.119941467732616, 'beta_0': 0.25080845782626054, 'beta_1': 1.6313548969453835, 'beta_2': 1.2280455604047464, 'beta_3': 0.19430884108701196, 'beta_4': 56.81965103458529, 'beta_5': 28.054793059857126, 'beta_6': 424.94010017240026}. Best is trial 957 with value: 71.38427157687855.
[I 2026-04-01 12:32:12,733] Trial 1193 finished with value: 77.62134630681075 and parameters: {'alpha_0': 14863.808178848309, 'alpha_1': 5965.937668749606, 'alpha_2': 40.182784012176775, 'beta_0': 0.31233251170808174, 'beta_1': 1.6180181170736403, 'beta_2': 1.2047917990180461, 'beta_3': 0.20178822154054984, 'beta_4': 53.77371469626058, 'beta_5': 9.12059942266248, 'beta_6': 418.3982489182783}. Best is trial 957 with value: 71.38427157687855.
[I 2026-04-01 12:32:13,240] Trial 1194 finished with value: 78.42391771245948 and parameters: {'alpha_0': 14782.04740997203, 'alpha_1': 6057.394772945207, 'alpha_2': 40.830274090889816, 'beta_0': 0.31285566791344205, 'beta_1': 1.5910303048741412, 'beta_2': 1.228634657872426, 'beta_3': 0.28551939837045714, 'beta_4': 57.28702767251929, 'beta_5': 9.510841986067664, 'beta_6': 411.5001424272697}. Best is trial 957 with value: 71.38427157687855.
[I 2026-04-01 12:32:13,281] Trial 1190 finished with value: 258.23909691627705 and parameters: {'alpha_0': 14822.61509687155, 'alpha_1': 6047.261149630285, 'alpha_2': 40.179261726316916, 'beta_0': 0.934947085437569, 'beta_1': 1.6045638839804504, 'beta_2': 1.2345387118803437, 'beta_3': 0.2737467234278244, 'beta_4': 57.239940484939176, 'beta_5': 11.32401765920918, 'beta_6': 421.0533635566794}. Best is trial 957 with value: 71.38427157687855.
[I 2026-04-01 12:32:13,422] Trial 1196 finished with value: 81.52447158184088 and parameters: {'alpha_0': 14892.599295159749, 'alpha_1': 6234.091743090811, 'alpha_2': 42.603803754872395, 'beta_0': 0.3199723345928911, 'beta_1': 1.6091587212751017, 'beta_2': 1.2751102666856067, 'beta_3': 0.2876009926806789, 'beta_4': 54.03589893643324, 'beta_5': 10.909068712706222, 'beta_6': 411.46523498531434}. Best is trial 957 with value: 71.38427157687855.
[I 2026-04-01 12:32:13,473] Trial 1197 finished with value: 73.09384298587807 and parameters: {'alpha_0': 17051.9205338908, 'alpha_1': 5814.326356827793, 'alpha_2': 41.12417149266192, 'beta_0': 0.20114236276107084, 'beta_1': 1.5931388165825158, 'beta_2': 1.260063108371631, 'beta_3': 0.3178573637977457, 'beta_4': 52.229850190085926, 'beta_5': 10.430355859641946, 'beta_6': 416.7217082756205}. Best is trial 957 with value: 71.38427157687855.
[I 2026-04-01 12:32:13,494] Trial 1191 finished with value: 78.23820650095229 and parameters: {'alpha_0': 15130.100588217596, 'alpha_1': 5379.585873064546, 'alpha_2': 41.15434543773368, 'beta_0': 0.3171648384573954, 'beta_1': 1.6170863052705338, 'beta_2': 1.2154609829243417, 'beta_3': 0.18211580373102468, 'beta_4': 53.08926133252588, 'beta_5': 9.897784046724839, 'beta_6': 433.3896260625433}. Best is trial 957 with value: 71.38427157687855.
[I 2026-04-01 12:32:13,758] Trial 1192 finished with value: 248.53586700497135 and parameters: {'alpha_0': 14662.697219148662, 'alpha_1': 6200.161494281036, 'alpha_2': 41.25953773885669, 'beta_0': 0.8317001165455244, 'beta_1': 1.6059367276747818, 'beta_2': 1.197434875544785, 'beta_3': 0.28529715659367594, 'beta_4': 56.26306603071682, 'beta_5': 10.814155085213992, 'beta_6': 409.09348563994206}. Best is trial 957 with value: 71.38427157687855.
[I 2026-04-01 12:32:13,779] Trial 1195 finished with value: 224.9910934060388 and parameters: {'alpha_0': 14862.884554288623, 'alpha_1': 6493.011469611042, 'alpha_2': 40.0934954499009, 'beta_0': 0.818482512459707, 'beta_1': 1.6275501526633396, 'beta_2': 1.2092537271456094, 'beta_3': 0.29271232640829603, 'beta_4': 52.72953554627989, 'beta_5': 10.919939342305126, 'beta_6': 441.8283634256567}. Best is trial 957 with value: 71.38427157687855.
[I 2026-04-01 12:32:14,006] Trial 1198 finished with value: 80.7815198159056 and parameters: {'alpha_0': 16981.094510227005, 'alpha_1': 6238.477152860106, 'alpha_2': 40.60123741439048, 'beta_0': 0.31771273698113556, 'beta_1': 1.611366767137815, 'beta_2': 1.261124631955024, 'beta_3': 0.3196289475279247, 'beta_4': 52.858304909046375, 'beta_5': 8.305092177718079, 'beta_6': 405.3080105962656}. Best is trial 957 with value: 71.38427157687855.
[I 2026-04-01 12:32:14,613] Trial 1199 finished with value: 253.361363040583 and parameters: {'alpha_0': 17132.622719438623, 'alpha_1': 6108.913436850146, 'alpha_2': 40.73361518127674, 'beta_0': 0.9347552084407228, 'beta_1': 1.6061775967067047, 'beta_2': 1.3084234679328905, 'beta_3': 0.32423120262577476, 'beta_4': 52.74075171138041, 'beta_5': 9.256187109368291, 'beta_6': 418.37826026522606}. Best is trial 957 with value: 71.38427157687855.
[I 2026-04-01 12:32:54,593] Trial 1200 finished with value: 72.19728600705793 and parameters: {'alpha_0': 17175.189246136844, 'alpha_1': 6110.404256091315, 'alpha_2': 42.76924336117083, 'beta_0': 0.20018661717724345, 'beta_1': 1.5988517974557694, 'beta_2': 1.3062167890672678, 'beta_3': 0.31816339217131123, 'beta_4': 54.089087641609304, 'beta_5': 10.426113776368751, 'beta_6': 405.51252120265156}. Best is trial 957 with value: 71.38427157687855.
[I 2026-04-01 12:32:54,745] Trial 1203 finished with value: 92.51715013447847 and parameters: {'alpha_0': 32099.690969737472, 'alpha_1': 5387.46771025418, 'alpha_2': 43.291338556971375, 'beta_0': 0.20275416126180268, 'beta_1': 1.704566102385525, 'beta_2': 1.293436138855869, 'beta_3': 0.3218032315368196, 'beta_4': 52.14905875029301, 'beta_5': 0.040603203310851654, 'beta_6': 436.5796789346944}. Best is trial 957 with value: 71.38427157687855.
[I 2026-04-01 12:32:54,848] Trial 1206 finished with value: 72.71109449479133 and parameters: {'alpha_0': 16996.45673828105, 'alpha_1': 5671.68527067703, 'alpha_2': 43.35521075375331, 'beta_0': 0.20170614419452376, 'beta_1': 1.7162549249894627, 'beta_2': 1.323715156562367, 'beta_3': 0.3399937377805705, 'beta_4': 48.194585689364345, 'beta_5': 0.24390230459718334, 'beta_6': 469.4928879285451}. Best is trial 957 with value: 71.38427157687855.
[I 2026-04-01 12:32:55,095] Trial 1208 finished with value: 94.53288483261682 and parameters: {'alpha_0': 16855.48840178451, 'alpha_1': 5711.716705777187, 'alpha_2': 43.165882998987264, 'beta_0': 0.3882287569187629, 'beta_1': 1.7070210313554792, 'beta_2': 1.3167840370855566, 'beta_3': 0.33377497639564785, 'beta_4': 65.4205782543612, 'beta_5': 40.370105175445936, 'beta_6': 443.5413261275224}. Best is trial 957 with value: 71.38427157687855.
[I 2026-04-01 12:32:55,145] Trial 1205 finished with value: 80.75778235641829 and parameters: {'alpha_0': 16704.059340073123, 'alpha_1': 6490.825818926527, 'alpha_2': 43.422029679028334, 'beta_0': 0.2953836688614723, 'beta_1': 1.7063410513799262, 'beta_2': 1.3137101220151355, 'beta_3': 0.3163095870543239, 'beta_4': 49.7645600897971, 'beta_5': 37.423435301520946, 'beta_6': 363.0928698381596}. Best is trial 957 with value: 71.38427157687855.
[I 2026-04-01 12:32:55,209] Trial 1204 finished with value: 73.30678242729593 and parameters: {'alpha_0': 17242.428709474723, 'alpha_1': 5803.552482476783, 'alpha_2': 43.79153496128005, 'beta_0': 0.2008856669663559, 'beta_1': 1.7136591232860532, 'beta_2': 1.3028490427887411, 'beta_3': 0.29891474057965933, 'beta_4': 47.78926682216404, 'beta_5': 38.711270453634185, 'beta_6': 430.1038408665515}. Best is trial 957 with value: 71.38427157687855.
