Best trial: 957. Best value: 71.3843:  79%|███████▉  | 1578/2000 [2:21:59<19:24,  2.76s/it]Best trial: 957. Best value: 71.3843:  79%|███████▉  | 1578/2000 [2:21:59<19:24,  2.76s/it]Best trial: 957. Best value: 71.3843:  79%|███████▉  | 1579/2000 [2:21:59<19:22,  2.76s/it]Best trial: 957. Best value: 71.3843:  79%|███████▉  | 1580/2000 [2:21:59<13:00,  1.86s/it]Best trial: 957. Best value: 71.3843:  79%|███████▉  | 1580/2000 [2:22:16<13:00,  1.86s/it]                                                                                           Best trial: 957. Best value: 71.3843:  79%|███████▉  | 1580/2000 [2:22:39<13:00,  1.86s/it]Best trial: 957. Best value: 71.3843:  79%|███████▉  | 1580/2000 [2:22:39<13:00,  1.86s/it]Best trial: 957. Best value: 71.3843:  79%|███████▉  | 1581/2000 [2:22:39<49:27,  7.08s/it]                                                                                           Best trial: 957. Best value: 71.3843:  79%|███████▉  | 1581/2000 [2:22:39<49:27,  7.08s/it]                                                                                           Best trial: 957. Best value: 71.3843:  79%|███████▉  | 1581/2000 [2:22:39<49:27,  7.08s/it]Best trial: 957. Best value: 71.3843:  79%|███████▉  | 1581/2000 [2:22:39<49:27,  7.08s/it]Best trial: 957. Best value: 71.3843:  79%|███████▉  | 1582/2000 [2:22:39<49:20,  7.08s/it]                                                                                           Best trial: 957. Best value: 71.3843:  79%|███████▉  | 1583/2000 [2:22:39<49:13,  7.08s/it]                                                                                           Best trial: 957. Best value: 71.3843:  79%|███████▉  | 1583/2000 [2:22:39<49:13,  7.08s/it]Best trial: 957. Best value: 71.3843:  79%|███████▉  | 1583/2000 [2:22:39<49:13,  7.08s/it]Best trial: 957. Best value: 71.3843:  79%|███████▉  | 1584/2000 [2:22:39<31:03,  4.48s/it]Best trial: 957. Best value: 71.3843:  79%|███████▉  | 1584/2000 [2:22:39<31:03,  4.48s/it]                                                                                           Best trial: 957. Best value: 71.3843:  79%|███████▉  | 1585/2000 [2:22:39<30:59,  4.48s/it]Best trial: 957. Best value: 71.3843:  79%|███████▉  | 1585/2000 [2:22:39<30:59,  4.48s/it]                                                                                           Best trial: 957. Best value: 71.3843:  79%|███████▉  | 1586/2000 [2:22:40<30:54,  4.48s/it]                                                                                           Best trial: 957. Best value: 71.3843:  79%|███████▉  | 1586/2000 [2:22:40<30:54,  4.48s/it]                                                                                           Best trial: 957. Best value: 71.3843:  79%|███████▉  | 1586/2000 [2:22:40<30:54,  4.48s/it]Best trial: 957. Best value: 71.3843:  79%|███████▉  | 1586/2000 [2:22:40<30:54,  4.48s/it]Best trial: 957. Best value: 71.3843:  79%|███████▉  | 1587/2000 [2:22:40<20:18,  2.95s/it]Best trial: 957. Best value: 71.3843:  79%|███████▉  | 1587/2000 [2:22:40<20:18,  2.95s/it]Best trial: 957. Best value: 71.3843:  79%|███████▉  | 1588/2000 [2:22:40<20:16,  2.95s/it]                                                                                           Best trial: 957. Best value: 71.3843:  79%|███████▉  | 1589/2000 [2:22:40<20:13,  2.95s/it]Best trial: 957. Best value: 71.3843:  79%|███████▉  | 1589/2000 [2:22:40<20:13,  2.95s/it]Best trial: 957. Best value: 71.3843:  80%|███████▉  | 1590/2000 [2:22:40<13:49,  2.02s/it]Best trial: 957. Best value: 71.3843:  80%|███████▉  | 1590/2000 [2:22:56<13:49,  2.02s/it]                                                                                           Best trial: 957. Best value: 71.3843:  80%|███████▉  | 1590/2000 [2:23:20<13:49,  2.02s/it]Best trial: 957. Best value: 71.3843:  80%|███████▉  | 1590/2000 [2:23:20<13:49,  2.02s/it]Best trial: 957. Best value: 71.3843:  80%|███████▉  | 1591/2000 [2:23:20<48:42,  7.14s/it]                                                                                           Best trial: 957. Best value: 71.3843:  80%|███████▉  | 1591/2000 [2:23:20<48:42,  7.14s/it]Best trial: 957. Best value: 71.3843:  80%|███████▉  | 1591/2000 [2:23:20<48:42,  7.14s/it]Best trial: 957. Best value: 71.3843:  80%|███████▉  | 1592/2000 [2:23:20<40:48,  6.00s/it]                                                                                           Best trial: 957. Best value: 71.3843:  80%|███████▉  | 1592/2000 [2:23:20<40:48,  6.00s/it]Best trial: 957. Best value: 71.3843:  80%|███████▉  | 1592/2000 [2:23:20<40:48,  6.00s/it]                                                                                           Best trial: 957. Best value: 71.3843:  80%|███████▉  | 1593/2000 [2:23:20<40:42,  6.00s/it]Best trial: 957. Best value: 71.3843:  80%|███████▉  | 1593/2000 [2:23:20<40:42,  6.00s/it]Best trial: 957. Best value: 71.3843:  80%|███████▉  | 1594/2000 [2:23:20<28:16,  4.18s/it]                                                                                           Best trial: 957. Best value: 71.3843:  80%|███████▉  | 1594/2000 [2:23:20<28:16,  4.18s/it]                                                                                           Best trial: 957. Best value: 71.3843:  80%|███████▉  | 1594/2000 [2:23:20<28:16,  4.18s/it]Best trial: 1590. Best value: 71.3826:  80%|███████▉  | 1594/2000 [2:23:20<28:16,  4.18s/it]Best trial: 1590. Best value: 71.3826:  80%|███████▉  | 1595/2000 [2:23:20<28:11,  4.18s/it]Best trial: 1590. Best value: 71.3826:  80%|███████▉  | 1596/2000 [2:23:20<19:29,  2.89s/it]                                                                                            Best trial: 1590. Best value: 71.3826:  80%|███████▉  | 1596/2000 [2:23:20<19:29,  2.89s/it]Best trial: 1590. Best value: 71.3826:  80%|███████▉  | 1596/2000 [2:23:20<19:29,  2.89s/it]                                                                                            [I 2026-04-01 13:27:20,526] Trial 1571 finished with value: 74.46099503487389 and parameters: {'alpha_0': 15180.935891593743, 'alpha_1': 3952.0376665866715, 'alpha_2': 44.28409494390596, 'beta_0': 0.24902992887833997, 'beta_1': 1.8087366128853142, 'beta_2': 1.4856727549931765, 'beta_3': 0.35671059585856363, 'beta_4': 53.0696704250698, 'beta_5': 21.42061366606236, 'beta_6': 143.54273030934863}. Best is trial 957 with value: 71.38427157687855.
[I 2026-04-01 13:28:00,642] Trial 1582 finished with value: 77.38998952456606 and parameters: {'alpha_0': 13761.903347748234, 'alpha_1': 3563.177135607942, 'alpha_2': 49.16707955479299, 'beta_0': 0.3028792000373879, 'beta_1': 1.9801635755024103, 'beta_2': 1.4522770097517685, 'beta_3': 0.4145568509960873, 'beta_4': 63.00182402731133, 'beta_5': 8.982425849967305, 'beta_6': 162.65811564189747}. Best is trial 957 with value: 71.38427157687855.
[I 2026-04-01 13:28:00,663] Trial 1588 finished with value: 80.4296210555145 and parameters: {'alpha_0': 13696.338228000131, 'alpha_1': 3397.529842691964, 'alpha_2': 46.637168334950914, 'beta_0': 0.3315090880031989, 'beta_1': 2.0510133475605934, 'beta_2': 1.657982209000873, 'beta_3': 0.44420664605262017, 'beta_4': 63.161869322924254, 'beta_5': 11.337060121196918, 'beta_6': 163.64268560936424}. Best is trial 957 with value: 71.38427157687855.
[I 2026-04-01 13:28:00,677] Trial 1583 finished with value: 76.85591042257624 and parameters: {'alpha_0': 14138.578161632868, 'alpha_1': 3812.3447579285416, 'alpha_2': 44.73553102110126, 'beta_0': 0.2981683011634714, 'beta_1': 1.9811139924212755, 'beta_2': 1.4336784568748175, 'beta_3': 0.43423737468485496, 'beta_4': 62.11520181122457, 'beta_5': 10.192173502508854, 'beta_6': 165.31628350488654}. Best is trial 957 with value: 71.38427157687855.
[I 2026-04-01 13:28:00,735] Trial 1581 finished with value: 108.93058335986605 and parameters: {'alpha_0': 34687.75759969319, 'alpha_1': 4085.6940438784495, 'alpha_2': 44.3148118168116, 'beta_0': 0.28602754362432414, 'beta_1': 2.0067978281763597, 'beta_2': 1.5391003526778197, 'beta_3': 0.43091111600074855, 'beta_4': 62.08584910914463, 'beta_5': 9.252819085287337, 'beta_6': 151.55334228312122}. Best is trial 957 with value: 71.38427157687855.
[I 2026-04-01 13:28:00,745] Trial 1584 finished with value: 72.40723245460782 and parameters: {'alpha_0': 13726.634538255703, 'alpha_1': 3632.798005241234, 'alpha_2': 44.5229834518926, 'beta_0': 0.20014397530443515, 'beta_1': 1.9980562195005638, 'beta_2': 1.4587121252487334, 'beta_3': 0.41985766294736676, 'beta_4': 62.358853058556896, 'beta_5': 6.8065057787676135, 'beta_6': 165.49197703398144}. Best is trial 957 with value: 71.38427157687855.
[I 2026-04-01 13:28:00,792] Trial 1589 finished with value: 113.260843785252 and parameters: {'alpha_0': 31115.888430174196, 'alpha_1': 3668.1299701918347, 'alpha_2': 49.04793237970026, 'beta_0': 0.3361280758044347, 'beta_1': 2.0954242424541114, 'beta_2': 1.563528897250687, 'beta_3': 0.3972179459343623, 'beta_4': 63.46123250277169, 'beta_5': 8.92923659758622, 'beta_6': 164.7081746717778}. Best is trial 957 with value: 71.38427157687855.
[I 2026-04-01 13:28:00,878] Trial 1586 finished with value: 83.87847718922265 and parameters: {'alpha_0': 14097.992137203039, 'alpha_1': 398.9863617365546, 'alpha_2': 48.98998672321281, 'beta_0': 0.3464053914033994, 'beta_1': 1.879955572549461, 'beta_2': 1.451126511565154, 'beta_3': 0.42520623039134003, 'beta_4': 62.12983315892738, 'beta_5': 8.263068352271585, 'beta_6': 162.5701565618221}. Best is trial 957 with value: 71.38427157687855.
[I 2026-04-01 13:28:00,883] Trial 1580 finished with value: 78.10546761042052 and parameters: {'alpha_0': 13996.650883781944, 'alpha_1': 3271.069041423088, 'alpha_2': 44.46533843201111, 'beta_0': 0.29616775751107416, 'beta_1': 2.054991852782908, 'beta_2': 1.6796396090636792, 'beta_3': 0.4274820653101956, 'beta_4': 56.85428175006705, 'beta_5': 9.412384891762574, 'beta_6': 147.5118324077246}. Best is trial 957 with value: 71.38427157687855.
[I 2026-04-01 13:28:00,904] Trial 1587 finished with value: 82.79501340833228 and parameters: {'alpha_0': 13550.422234075271, 'alpha_1': 4066.392788237845, 'alpha_2': 48.99935299053528, 'beta_0': 0.3444031018367347, 'beta_1': 1.9713523462799614, 'beta_2': 1.5610397993708012, 'beta_3': 0.43228586892743753, 'beta_4': 62.3702354576233, 'beta_5': 9.38653276935805, 'beta_6': 164.66173621736604}. Best is trial 957 with value: 71.38427157687855.
[I 2026-04-01 13:28:01,278] Trial 1585 finished with value: 186.39142833411967 and parameters: {'alpha_0': 13942.827548748703, 'alpha_1': 4172.861925103865, 'alpha_2': 46.433456453490344, 'beta_0': 0.32261645813294504, 'beta_1': 2.01145226704569, 'beta_2': 1.6566893783059147, 'beta_3': 0.4187715090753013, 'beta_4': 62.60783945560093, 'beta_5': 463.17053305052747, 'beta_6': 161.12593711026096}. Best is trial 957 with value: 71.38427157687855.
[I 2026-04-01 13:28:41,052] Trial 1594 finished with value: 71.84117056105251 and parameters: {'alpha_0': 15279.106411812347, 'alpha_1': 3723.458686612251, 'alpha_2': 46.3402217689814, 'beta_0': 0.20082982218199089, 'beta_1': 1.9010561572506735, 'beta_2': 1.4431267338463476, 'beta_3': 0.4690298124285145, 'beta_4': 67.24944605881005, 'beta_5': 1.0103049927232544, 'beta_6': 140.07983245893183}. Best is trial 957 with value: 71.38427157687855.
[I 2026-04-01 13:28:41,165] Trial 1598 finished with value: 73.48363983635662 and parameters: {'alpha_0': 15291.591081370609, 'alpha_1': 3823.5743888448155, 'alpha_2': 46.838153171488585, 'beta_0': 0.24948402871375963, 'beta_1': 2.0691207718273668, 'beta_2': 1.4460918242534533, 'beta_3': 0.45725268478189235, 'beta_4': 67.13714591564528, 'beta_5': 9.7032288824833, 'beta_6': 138.11483954794033}. Best is trial 957 with value: 71.38427157687855.
[I 2026-04-01 13:28:41,562] Trial 1591 finished with value: 90.06083184092338 and parameters: {'alpha_0': 14078.896838737057, 'alpha_1': 4397.997406123019, 'alpha_2': 46.61967422382619, 'beta_0': 0.37943345608390217, 'beta_1': 2.083084244676204, 'beta_2': 1.540546177199571, 'beta_3': 0.4511105801217575, 'beta_4': 61.454674724586546, 'beta_5': 0.17563022424759112, 'beta_6': 174.59998622020356}. Best is trial 957 with value: 71.38427157687855.
[I 2026-04-01 13:28:41,677] Trial 1596 finished with value: 72.14177772736235 and parameters: {'alpha_0': 14945.858673884459, 'alpha_1': 3667.345292733896, 'alpha_2': 46.50452778260481, 'beta_0': 0.20088450411961664, 'beta_1': 2.052133151319492, 'beta_2': 1.4395867188920812, 'beta_3': 0.466487656512652, 'beta_4': 67.28061488813208, 'beta_5': 6.871044239067123, 'beta_6': 136.3507832908544}. Best is trial 957 with value: 71.38427157687855.
[I 2026-04-01 13:28:41,763] Trial 1590 finished with value: 71.38264104367624 and parameters: {'alpha_0': 14346.433472572882, 'alpha_1': 3585.6678576118748, 'alpha_2': 45.081446103059704, 'beta_0': 0.20143974697300873, 'beta_1': 2.0204996577916274, 'beta_2': 1.54265302418843, 'beta_3': 0.4441477583257713, 'beta_4': 61.61777177735535, 'beta_5': 8.168846320001126, 'beta_6': 137.09671332446146}. Best is trial 1590 with value: 71.38264104367624.
[I 2026-04-01 13:28:41,780] Trial 1592 finished with value: 93.45134287031375 and parameters: {'alpha_0': 14466.079538281507, 'alpha_1': 3221.844591587071, 'alpha_2': 46.53435183726494, 'beta_0': 0.3934455820035647, 'beta_1': 2.0446312158503424, 'beta_2': 1.5376869703225753, 'beta_3': 0.46708037770600097, 'beta_4': 66.9284574031486, 'beta_5': 8.858688066173945, 'beta_6': 139.7097571111639}. Best is trial 1590 with value: 71.38264104367624.
[I 2026-04-01 13:28:41,809] Trial 1597 finished with value: 72.16356733278514 and parameters: {'alpha_0': 15277.264849721474, 'alpha_1': 3377.1903636400248, 'alpha_2': 46.57535117862353, 'beta_0': 0.20051273578546022, 'beta_1': 2.0969212083135322, 'beta_2': 1.4403818521242338, 'beta_3': 0.46660492093255335, 'beta_4': 66.10301694697229, 'beta_5': 0.8688710969139368, 'beta_6': 135.40737772863085}. Best is trial 1590 with value: 71.38264104367624.
Best trial: 1590. Best value: 71.3826:  80%|███████▉  | 1597/2000 [2:23:21<19:26,  2.89s/it]Best trial: 1590. Best value: 71.3826:  80%|███████▉  | 1597/2000 [2:23:21<19:26,  2.89s/it]Best trial: 1590. Best value: 71.3826:  80%|███████▉  | 1598/2000 [2:23:21<13:41,  2.04s/it]                                                                                            Best trial: 1590. Best value: 71.3826:  80%|███████▉  | 1598/2000 [2:23:21<13:41,  2.04s/it]Best trial: 1590. Best value: 71.3826:  80%|███████▉  | 1598/2000 [2:23:21<13:41,  2.04s/it]                                                                                            Best trial: 1590. Best value: 71.3826:  80%|███████▉  | 1599/2000 [2:23:21<13:39,  2.04s/it]Best trial: 1590. Best value: 71.3826:  80%|███████▉  | 1599/2000 [2:23:21<13:39,  2.04s/it]Best trial: 1590. Best value: 71.3826:  80%|████████  | 1600/2000 [2:23:21<09:45,  1.46s/it]                                                                                            Best trial: 1590. Best value: 71.3826:  80%|████████  | 1600/2000 [2:24:01<09:45,  1.46s/it]Best trial: 1590. Best value: 71.3826:  80%|████████  | 1600/2000 [2:24:01<09:45,  1.46s/it]Best trial: 1590. Best value: 71.3826:  80%|████████  | 1601/2000 [2:24:01<55:49,  8.40s/it]                                                                                            Best trial: 1590. Best value: 71.3826:  80%|████████  | 1601/2000 [2:24:01<55:49,  8.40s/it]Best trial: 1590. Best value: 71.3826:  80%|████████  | 1601/2000 [2:24:01<55:49,  8.40s/it]Best trial: 1590. Best value: 71.3826:  80%|████████  | 1602/2000 [2:24:01<44:37,  6.73s/it]                                                                                            Best trial: 1590. Best value: 71.3826:  80%|████████  | 1602/2000 [2:24:02<44:37,  6.73s/it]Best trial: 1590. Best value: 71.3826:  80%|████████  | 1602/2000 [2:24:02<44:37,  6.73s/it]Best trial: 1590. Best value: 71.3826:  80%|████████  | 1603/2000 [2:24:02<34:46,  5.26s/it]                                                                                            Best trial: 1590. Best value: 71.3826:  80%|████████  | 1603/2000 [2:24:02<34:46,  5.26s/it]Best trial: 1590. Best value: 71.3826:  80%|████████  | 1603/2000 [2:24:02<34:46,  5.26s/it]                                                                                            Best trial: 1590. Best value: 71.3826:  80%|████████  | 1604/2000 [2:24:02<34:41,  5.26s/it]Best trial: 1590. Best value: 71.3826:  80%|████████  | 1604/2000 [2:24:02<34:41,  5.26s/it]Best trial: 1590. Best value: 71.3826:  80%|████████  | 1605/2000 [2:24:02<21:15,  3.23s/it]                                                                                            Best trial: 1590. Best value: 71.3826:  80%|████████  | 1605/2000 [2:24:02<21:15,  3.23s/it]                                                                                            Best trial: 1590. Best value: 71.3826:  80%|████████  | 1605/2000 [2:24:02<21:15,  3.23s/it]Best trial: 1590. Best value: 71.3826:  80%|████████  | 1605/2000 [2:24:02<21:15,  3.23s/it]Best trial: 1590. Best value: 71.3826:  80%|████████  | 1606/2000 [2:24:02<16:44,  2.55s/it]Best trial: 1590. Best value: 71.3826:  80%|████████  | 1606/2000 [2:24:02<16:44,  2.55s/it]                                                                                            Best trial: 1590. Best value: 71.3826:  80%|████████  | 1607/2000 [2:24:02<16:41,  2.55s/it]Best trial: 1590. Best value: 71.3826:  80%|████████  | 1607/2000 [2:24:02<16:41,  2.55s/it]Best trial: 1590. Best value: 71.3826:  80%|████████  | 1608/2000 [2:24:02<10:32,  1.61s/it]                                                                                            Best trial: 1590. Best value: 71.3826:  80%|████████  | 1608/2000 [2:24:02<10:32,  1.61s/it]                                                                                            Best trial: 1590. Best value: 71.3826:  80%|████████  | 1608/2000 [2:24:02<10:32,  1.61s/it]Best trial: 1590. Best value: 71.3826:  80%|████████  | 1608/2000 [2:24:02<10:32,  1.61s/it]Best trial: 1590. Best value: 71.3826:  80%|████████  | 1609/2000 [2:24:02<10:30,  1.61s/it]Best trial: 1590. Best value: 71.3826:  80%|████████  | 1610/2000 [2:24:02<06:53,  1.06s/it]Best trial: 1590. Best value: 71.3826:  80%|████████  | 1610/2000 [2:24:16<06:53,  1.06s/it]                                                                                            Best trial: 1590. Best value: 71.3826:  80%|████████  | 1610/2000 [2:24:42<06:53,  1.06s/it]Best trial: 1590. Best value: 71.3826:  80%|████████  | 1610/2000 [2:24:42<06:53,  1.06s/it]Best trial: 1590. Best value: 71.3826:  81%|████████  | 1611/2000 [2:24:42<57:08,  8.81s/it]                                                                                            Best trial: 1590. Best value: 71.3826:  81%|████████  | 1611/2000 [2:24:42<57:08,  8.81s/it]Best trial: 1590. Best value: 71.3826:  81%|████████  | 1611/2000 [2:24:42<57:08,  8.81s/it]Best trial: 1590. Best value: 71.3826:  81%|████████  | 1612/2000 [2:24:42<44:23,  6.86s/it]                                                                                            Best trial: 1590. Best value: 71.3826:  81%|████████  | 1612/2000 [2:24:42<44:23,  6.86s/it]Best trial: 1590. Best value: 71.3826:  81%|████████  | 1612/2000 [2:24:42<44:23,  6.86s/it]                                                                                            Best trial: 1590. Best value: 71.3826:  81%|████████  | 1613/2000 [2:24:42<44:16,  6.86s/it]Best trial: 1590. Best value: 71.3826:  81%|████████  | 1613/2000 [2:24:42<44:16,  6.86s/it]Best trial: 1590. Best value: 71.3826:  81%|████████  | 1614/2000 [2:24:42<27:21,  4.25s/it]                                                                                            Best trial: 1590. Best value: 71.3826:  81%|████████  | 1614/2000 [2:24:42<27:21,  4.25s/it]Best trial: 1590. Best value: 71.3826:  81%|████████  | 1614/2000 [2:24:42<27:21,  4.25s/it]                                                                                            [I 2026-04-01 13:28:42,031] Trial 1593 finished with value: 72.78688879243325 and parameters: {'alpha_0': 14308.017183233389, 'alpha_1': 3682.098661768786, 'alpha_2': 46.60826695906478, 'beta_0': 0.25041913365869306, 'beta_1': 1.9235863170535388, 'beta_2': 1.5507383343189456, 'beta_3': 0.4520862914708245, 'beta_4': 65.6088202883412, 'beta_5': 0.020672872888811256, 'beta_6': 135.00818062357862}. Best is trial 1590 with value: 71.38264104367624.
[I 2026-04-01 13:28:42,078] Trial 1595 finished with value: 75.46641944506086 and parameters: {'alpha_0': 15313.35662865192, 'alpha_1': 3488.127766829557, 'alpha_2': 46.480572741588254, 'beta_0': 0.2461411142645, 'beta_1': 1.9257927378514177, 'beta_2': 1.6320216542113082, 'beta_3': 0.476178452167914, 'beta_4': 65.81341680239497, 'beta_5': 0.09651062723435722, 'beta_6': 356.17715954756403}. Best is trial 1590 with value: 71.38264104367624.
[I 2026-04-01 13:28:42,357] Trial 1599 finished with value: 73.49723869302028 and parameters: {'alpha_0': 15282.937122917523, 'alpha_1': 3720.068616709663, 'alpha_2': 46.42129843063112, 'beta_0': 0.25153844322615304, 'beta_1': 2.0892413872049125, 'beta_2': 1.4403130975586358, 'beta_3': 0.46797554040354833, 'beta_4': 66.93580202738667, 'beta_5': 9.854022060894618, 'beta_6': 176.36247232716175}. Best is trial 1590 with value: 71.38264104367624.
