Best trial: 28. Best value: 82.3386:   4%|▎         | 72/2000 [05:42<4:27:48,  8.33s/it]Best trial: 28. Best value: 82.3386:   4%|▎         | 72/2000 [05:42<4:27:48,  8.33s/it]Best trial: 28. Best value: 82.3386:   4%|▎         | 73/2000 [05:42<3:17:15,  6.14s/it]                                                                                        Best trial: 28. Best value: 82.3386:   4%|▎         | 73/2000 [05:42<3:17:15,  6.14s/it]Best trial: 28. Best value: 82.3386:   4%|▎         | 73/2000 [05:42<3:17:15,  6.14s/it]                                                                                        Best trial: 28. Best value: 82.3386:   4%|▎         | 74/2000 [05:43<3:17:09,  6.14s/it]                                                                                        Best trial: 28. Best value: 82.3386:   4%|▎         | 74/2000 [05:43<3:17:09,  6.14s/it]Best trial: 78. Best value: 80.3411:   4%|▎         | 74/2000 [05:43<3:17:09,  6.14s/it]Best trial: 78. Best value: 80.3411:   4%|▍         | 75/2000 [05:43<1:53:57,  3.55s/it]Best trial: 78. Best value: 80.3411:   4%|▍         | 75/2000 [05:43<1:53:57,  3.55s/it]                                                                                        Best trial: 78. Best value: 80.3411:   4%|▍         | 76/2000 [05:43<1:53:53,  3.55s/it]Best trial: 78. Best value: 80.3411:   4%|▍         | 76/2000 [05:43<1:53:53,  3.55s/it]                                                                                        Best trial: 78. Best value: 80.3411:   4%|▍         | 77/2000 [05:43<1:53:50,  3.55s/it]Best trial: 78. Best value: 80.3411:   4%|▍         | 77/2000 [05:43<1:53:50,  3.55s/it]Best trial: 78. Best value: 80.3411:   4%|▍         | 78/2000 [05:43<59:37,  1.86s/it]                                                                                        Best trial: 78. Best value: 80.3411:   4%|▍         | 78/2000 [05:43<59:37,  1.86s/it]Best trial: 78. Best value: 80.3411:   4%|▍         | 78/2000 [05:43<59:37,  1.86s/it]Best trial: 78. Best value: 80.3411:   4%|▍         | 79/2000 [05:43<50:14,  1.57s/it]                                                                                      Best trial: 78. Best value: 80.3411:   4%|▍         | 79/2000 [05:44<50:14,  1.57s/it]Best trial: 78. Best value: 80.3411:   4%|▍         | 79/2000 [05:44<50:14,  1.57s/it]Best trial: 78. Best value: 80.3411:   4%|▍         | 80/2000 [05:44<41:12,  1.29s/it]                                                                                      Best trial: 78. Best value: 80.3411:   4%|▍         | 80/2000 [06:23<41:12,  1.29s/it]Best trial: 78. Best value: 80.3411:   4%|▍         | 80/2000 [06:23<41:12,  1.29s/it]Best trial: 78. Best value: 80.3411:   4%|▍         | 81/2000 [06:23<5:21:30, 10.05s/it]                                                                                        Best trial: 78. Best value: 80.3411:   4%|▍         | 81/2000 [06:23<5:21:30, 10.05s/it]Best trial: 78. Best value: 80.3411:   4%|▍         | 81/2000 [06:23<5:21:30, 10.05s/it]                                                                                        Best trial: 78. Best value: 80.3411:   4%|▍         | 82/2000 [06:23<5:21:20, 10.05s/it]Best trial: 78. Best value: 80.3411:   4%|▍         | 82/2000 [06:23<5:21:20, 10.05s/it]Best trial: 78. Best value: 80.3411:   4%|▍         | 83/2000 [06:23<3:14:29,  6.09s/it]                                                                                        Best trial: 78. Best value: 80.3411:   4%|▍         | 83/2000 [06:23<3:14:29,  6.09s/it]Best trial: 78. Best value: 80.3411:   4%|▍         | 83/2000 [06:23<3:14:29,  6.09s/it]Best trial: 78. Best value: 80.3411:   4%|▍         | 84/2000 [06:23<2:33:09,  4.80s/it]                                                                                        Best trial: 78. Best value: 80.3411:   4%|▍         | 84/2000 [06:23<2:33:09,  4.80s/it]Best trial: 78. Best value: 80.3411:   4%|▍         | 84/2000 [06:23<2:33:09,  4.80s/it]                                                                                        Best trial: 78. Best value: 80.3411:   4%|▍         | 85/2000 [06:23<2:33:05,  4.80s/it]Best trial: 85. Best value: 77.6358:   4%|▍         | 85/2000 [06:23<2:33:05,  4.80s/it]Best trial: 85. Best value: 77.6358:   4%|▍         | 86/2000 [06:23<1:36:03,  3.01s/it]                                                                                        Best trial: 85. Best value: 77.6358:   4%|▍         | 86/2000 [06:24<1:36:03,  3.01s/it]Best trial: 85. Best value: 77.6358:   4%|▍         | 86/2000 [06:24<1:36:03,  3.01s/it]Best trial: 85. Best value: 77.6358:   4%|▍         | 87/2000 [06:24<1:17:22,  2.43s/it]                                                                                        Best trial: 85. Best value: 77.6358:   4%|▍         | 87/2000 [06:24<1:17:22,  2.43s/it]Best trial: 85. Best value: 77.6358:   4%|▍         | 87/2000 [06:24<1:17:22,  2.43s/it]Best trial: 85. Best value: 77.6358:   4%|▍         | 88/2000 [06:24<1:00:37,  1.90s/it]                                                                                        Best trial: 85. Best value: 77.6358:   4%|▍         | 88/2000 [06:24<1:00:37,  1.90s/it]Best trial: 85. Best value: 77.6358:   4%|▍         | 88/2000 [06:24<1:00:37,  1.90s/it]Best trial: 85. Best value: 77.6358:   4%|▍         | 89/2000 [06:24<46:34,  1.46s/it]                                                                                        Best trial: 85. Best value: 77.6358:   4%|▍         | 89/2000 [06:24<46:34,  1.46s/it]Best trial: 85. Best value: 77.6358:   4%|▍         | 89/2000 [06:24<46:34,  1.46s/it]                                                                                      [I 2026-04-01 11:11:03,640] Trial 76 finished with value: 86.29856128882898 and parameters: {'alpha_0': 5637.735179509713, 'alpha_1': 1526.9852898057366, 'alpha_2': 34.32965723295963, 'beta_0': 0.29213553282447347, 'beta_1': 2.2589559733526556, 'beta_2': 0.6952417637951525, 'beta_3': 1.1239923589702527, 'beta_4': 102.02934562883742, 'beta_5': 220.03410677353267, 'beta_6': 393.59243224590784}. Best is trial 28 with value: 82.33862453040055.
[I 2026-04-01 11:11:03,671] Trial 74 finished with value: 152.14979104439877 and parameters: {'alpha_0': 49466.61111588939, 'alpha_1': 1287.858933913658, 'alpha_2': 34.7528108418462, 'beta_0': 0.2704633587447524, 'beta_1': 2.52718005169116, 'beta_2': 0.6816627499021954, 'beta_3': 1.1339092382037568, 'beta_4': 105.09434077165112, 'beta_5': 222.8238879023873, 'beta_6': 389.18057575174396}. Best is trial 28 with value: 82.33862453040055.
[I 2026-04-01 11:11:04,141] Trial 78 finished with value: 80.3411089074518 and parameters: {'alpha_0': 11918.641981797857, 'alpha_1': 1667.812454141202, 'alpha_2': 34.03802350301629, 'beta_0': 0.25682214190250097, 'beta_1': 2.9875304470245148, 'beta_2': 0.6938530324091188, 'beta_3': 1.1377671832500076, 'beta_4': 100.1555138734496, 'beta_5': 220.61771951530258, 'beta_6': 382.36775380782564}. Best is trial 78 with value: 80.3411089074518.
[I 2026-04-01 11:11:04,150] Trial 72 finished with value: 728.3011681132512 and parameters: {'alpha_0': 5572.754086069976, 'alpha_1': 4641.108391246072, 'alpha_2': 34.65058767837473, 'beta_0': 1.6945076548336104, 'beta_1': 2.5591196603968105, 'beta_2': 0.43246303584979556, 'beta_3': 1.1316149561416653, 'beta_4': 104.09309327287035, 'beta_5': 223.47328761889668, 'beta_6': 379.5023552267629}. Best is trial 78 with value: 80.3411089074518.
[I 2026-04-01 11:11:04,208] Trial 75 finished with value: 1041.4921088317778 and parameters: {'alpha_0': 5678.1302159375555, 'alpha_1': 1337.7528672498188, 'alpha_2': 34.43512520814569, 'beta_0': 2.0955241004510827, 'beta_1': 2.985187860126408, 'beta_2': 0.7020148781057979, 'beta_3': 1.1459161691179842, 'beta_4': 97.0764346039577, 'beta_5': 220.54888156835682, 'beta_6': 382.24436292633715}. Best is trial 78 with value: 80.3411089074518.
[I 2026-04-01 11:11:04,357] Trial 79 finished with value: 127.60872740800838 and parameters: {'alpha_0': 5782.875734399249, 'alpha_1': 9325.11961018596, 'alpha_2': 34.91130572121914, 'beta_0': 0.27064311720648554, 'beta_1': 2.9923448947230473, 'beta_2': 1.640720094577754, 'beta_3': 1.1381420970184224, 'beta_4': 103.16058537729559, 'beta_5': 222.6204930534193, 'beta_6': 384.68266675027775}. Best is trial 78 with value: 80.3411089074518.
[I 2026-04-01 11:11:04,664] Trial 77 finished with value: 942.5518316254618 and parameters: {'alpha_0': 5690.856978157238, 'alpha_1': 1409.683583875962, 'alpha_2': 31.544528369751024, 'beta_0': 1.8188646385305658, 'beta_1': 2.5418255072676246, 'beta_2': 1.3653162116765367, 'beta_3': 1.1377262638813799, 'beta_4': 94.06463880483938, 'beta_5': 222.51034876653935, 'beta_6': 384.3763911910488}. Best is trial 78 with value: 80.3411089074518.
[I 2026-04-01 11:11:04,902] Trial 73 finished with value: 1047.522615326928 and parameters: {'alpha_0': 29690.440385511618, 'alpha_1': 4545.938721957898, 'alpha_2': 32.07079655592389, 'beta_0': 2.048950451722693, 'beta_1': 2.553042332826005, 'beta_2': 1.3182527292166801, 'beta_3': 1.0991165603873347, 'beta_4': 88.62094589836178, 'beta_5': 326.06993846957363, 'beta_6': 392.2972291957083}. Best is trial 78 with value: 80.3411089074518.
[I 2026-04-01 11:11:43,967] Trial 83 finished with value: 93.9665837477339 and parameters: {'alpha_0': 5827.258299710773, 'alpha_1': 9029.538199087125, 'alpha_2': 33.153035947034496, 'beta_0': 0.26946155840634867, 'beta_1': 2.2513700005903994, 'beta_2': 1.3078096444371345, 'beta_3': 0.9255028175259308, 'beta_4': 89.54669778250766, 'beta_5': 218.62194144069133, 'beta_6': 254.23196081357665}. Best is trial 78 with value: 80.3411089074518.
[I 2026-04-01 11:11:44,005] Trial 81 finished with value: 85.46540495011374 and parameters: {'alpha_0': 5390.489112922729, 'alpha_1': 9120.014402957768, 'alpha_2': 36.14211434461497, 'beta_0': 0.268547446120839, 'beta_1': 2.560094478079094, 'beta_2': 0.6908614684338097, 'beta_3': 1.1220511928293786, 'beta_4': 103.77327354384593, 'beta_5': 224.4128966335311, 'beta_6': 390.2897771623576}. Best is trial 78 with value: 80.3411089074518.
[I 2026-04-01 11:11:44,177] Trial 80 finished with value: 100.58780433187152 and parameters: {'alpha_0': 5592.201322410944, 'alpha_1': 9036.297704430764, 'alpha_2': 32.999245510929825, 'beta_0': 0.28132547574153166, 'beta_1': 2.546277265647834, 'beta_2': 1.291341133484033, 'beta_3': 1.1370067064564393, 'beta_4': 100.11522031945364, 'beta_5': 226.1627831561135, 'beta_6': 383.4282626100838}. Best is trial 78 with value: 80.3411089074518.
[I 2026-04-01 11:11:44,442] Trial 84 finished with value: 96.68009402506418 and parameters: {'alpha_0': 11176.641299401079, 'alpha_1': 1118.5663726486691, 'alpha_2': 32.17821816345692, 'beta_0': 0.20146531288013125, 'beta_1': 2.24998976009713, 'beta_2': 1.409948270147729, 'beta_3': 0.9293655153186507, 'beta_4': 89.0083293002004, 'beta_5': 222.4239580954632, 'beta_6': 356.994455241162}. Best is trial 78 with value: 80.3411089074518.
[I 2026-04-01 11:11:44,508] Trial 82 finished with value: 86.86434062718011 and parameters: {'alpha_0': 5589.441646138916, 'alpha_1': 918.835146884527, 'alpha_2': 32.52312571733475, 'beta_0': 0.30883257754698296, 'beta_1': 2.268568559816116, 'beta_2': 0.6638782982445824, 'beta_3': 1.090292574558537, 'beta_4': 100.09634479577139, 'beta_5': 220.72080600558934, 'beta_6': 386.8729720953998}. Best is trial 78 with value: 80.3411089074518.
[I 2026-04-01 11:11:44,823] Trial 85 finished with value: 77.63577203710547 and parameters: {'alpha_0': 12348.079556307079, 'alpha_1': 1474.5147525880611, 'alpha_2': 32.95480723578698, 'beta_0': 0.20805007782206372, 'beta_1': 2.2435514253805673, 'beta_2': 0.7048924313147137, 'beta_3': 1.0848083153819315, 'beta_4': 85.22622731421787, 'beta_5': 222.93344750582202, 'beta_6': 246.27919517513456}. Best is trial 85 with value: 77.63577203710547.
[I 2026-04-01 11:11:45,143] Trial 89 finished with value: 250.66504943822454 and parameters: {'alpha_0': 12152.921895632293, 'alpha_1': 710.5727602308277, 'alpha_2': 25.88899432475577, 'beta_0': 0.4377647269551829, 'beta_1': 2.247470645719559, 'beta_2': 1.8768203737398632, 'beta_3': 1.0474962600999724, 'beta_4': 65.26881847892366, 'beta_5': 495.90394099974253, 'beta_6': 360.39568445419883}. Best is trial 85 with value: 77.63577203710547.
[I 2026-04-01 11:11:45,352] Trial 88 finished with value: 130.16069504759378 and parameters: {'alpha_0': 11073.405485152052, 'alpha_1': 687.340836554893, 'alpha_2': 32.38849769621506, 'beta_0': 0.4429247074439421, 'beta_1': 2.2578354659719113, 'beta_2': 1.0163481832559143, 'beta_3': 0.942048299904308, 'beta_4': 79.78242071893902, 'beta_5': 259.98358217569864, 'beta_6': 362.30026172149724}. Best is trial 85 with value: 77.63577203710547.
[I 2026-04-01 11:11:45,511] Trial 87 finished with value: 86.02338315482402 and parameters: {'alpha_0': 15195.140789146199, 'alpha_1': 1721.6600633814214, 'alpha_2': 32.11791028666951, 'beta_0': 0.20065601285495194, 'beta_1': 2.2265792165492027, 'beta_2': 1.3123396193917727, 'beta_3': 0.9519454311771071, 'beta_4': 84.00788358093584, 'beta_5': 184.18062769085586, 'beta_6': 250.41458339886194}. Best is trial 85 with value: 77.63577203710547.
[I 2026-04-01 11:11:45,580] Trial 86 finished with value: 78.66574684871172 and parameters: {'alpha_0': 10594.44603609293, 'alpha_1': 961.7872847989076, 'alpha_2': 32.18100463673608, 'beta_0': 0.2175250484050371, 'beta_1': 2.3105914267701944, 'beta_2': 1.3856054630418166, 'beta_3': 0.9311006507808224, 'beta_4': 69.10202509901617, 'beta_5': 122.75097468098743, 'beta_6': 246.4678154698526}. Best is trial 85 with value: 77.63577203710547.
Best trial: 85. Best value: 77.6358:   4%|▍         | 90/2000 [07:04<46:33,  1.46s/it]Best trial: 85. Best value: 77.6358:   4%|▍         | 90/2000 [07:04<46:33,  1.46s/it]Best trial: 85. Best value: 77.6358:   5%|▍         | 91/2000 [07:04<4:52:02,  9.18s/it]                                                                                        Best trial: 85. Best value: 77.6358:   5%|▍         | 91/2000 [07:04<4:52:02,  9.18s/it]Best trial: 85. Best value: 77.6358:   5%|▍         | 91/2000 [07:04<4:52:02,  9.18s/it]Best trial: 85. Best value: 77.6358:   5%|▍         | 92/2000 [07:04<3:47:24,  7.15s/it]                                                                                        Best trial: 85. Best value: 77.6358:   5%|▍         | 92/2000 [07:05<3:47:24,  7.15s/it]Best trial: 85. Best value: 77.6358:   5%|▍         | 92/2000 [07:05<3:47:24,  7.15s/it]Best trial: 85. Best value: 77.6358:   5%|▍         | 93/2000 [07:05<2:53:13,  5.45s/it]                                                                                        Best trial: 85. Best value: 77.6358:   5%|▍         | 93/2000 [07:05<2:53:13,  5.45s/it]Best trial: 85. Best value: 77.6358:   5%|▍         | 93/2000 [07:05<2:53:13,  5.45s/it]Best trial: 85. Best value: 77.6358:   5%|▍         | 94/2000 [07:05<2:09:39,  4.08s/it]                                                                                        Best trial: 85. Best value: 77.6358:   5%|▍         | 94/2000 [07:05<2:09:39,  4.08s/it]Best trial: 85. Best value: 77.6358:   5%|▍         | 94/2000 [07:05<2:09:39,  4.08s/it]                                                                                        Best trial: 85. Best value: 77.6358:   5%|▍         | 95/2000 [07:05<2:09:35,  4.08s/it]                                                                                        Best trial: 85. Best value: 77.6358:   5%|▍         | 95/2000 [07:05<2:09:35,  4.08s/it]Best trial: 85. Best value: 77.6358:   5%|▍         | 95/2000 [07:05<2:09:35,  4.08s/it]Best trial: 85. Best value: 77.6358:   5%|▍         | 96/2000 [07:05<1:15:10,  2.37s/it]Best trial: 85. Best value: 77.6358:   5%|▍         | 96/2000 [07:05<1:15:10,  2.37s/it]                                                                                        Best trial: 85. Best value: 77.6358:   5%|▍         | 97/2000 [07:05<1:15:07,  2.37s/it]Best trial: 85. Best value: 77.6358:   5%|▍         | 97/2000 [07:05<1:15:07,  2.37s/it]Best trial: 85. Best value: 77.6358:   5%|▍         | 98/2000 [07:05<48:01,  1.52s/it]                                                                                        Best trial: 85. Best value: 77.6358:   5%|▍         | 98/2000 [07:05<48:01,  1.52s/it]Best trial: 85. Best value: 77.6358:   5%|▍         | 98/2000 [07:05<48:01,  1.52s/it]                                                                                      Best trial: 85. Best value: 77.6358:   5%|▍         | 99/2000 [07:06<48:00,  1.52s/it]Best trial: 85. Best value: 77.6358:   5%|▍         | 99/2000 [07:06<48:00,  1.52s/it]Best trial: 85. Best value: 77.6358:   5%|▌         | 100/2000 [07:06<36:17,  1.15s/it]                                                                                       Best trial: 85. Best value: 77.6358:   5%|▌         | 100/2000 [07:46<36:17,  1.15s/it]Best trial: 85. Best value: 77.6358:   5%|▌         | 100/2000 [07:46<36:17,  1.15s/it]Best trial: 85. Best value: 77.6358:   5%|▌         | 101/2000 [07:46<4:39:19,  8.83s/it]                                                                                         Best trial: 85. Best value: 77.6358:   5%|▌         | 101/2000 [07:46<4:39:19,  8.83s/it]                                                                                         Best trial: 85. Best value: 77.6358:   5%|▌         | 101/2000 [07:46<4:39:19,  8.83s/it]Best trial: 85. Best value: 77.6358:   5%|▌         | 101/2000 [07:46<4:39:19,  8.83s/it]Best trial: 85. Best value: 77.6358:   5%|▌         | 102/2000 [07:46<3:40:20,  6.97s/it]Best trial: 85. Best value: 77.6358:   5%|▌         | 102/2000 [07:46<3:40:20,  6.97s/it]                                                                                         Best trial: 85. Best value: 77.6358:   5%|▌         | 103/2000 [07:46<3:40:13,  6.97s/it]Best trial: 85. Best value: 77.6358:   5%|▌         | 103/2000 [07:46<3:40:13,  6.97s/it]                                                                                         Best trial: 85. Best value: 77.6358:   5%|▌         | 104/2000 [07:46<3:40:06,  6.97s/it]Best trial: 85. Best value: 77.6358:   5%|▌         | 104/2000 [07:46<3:40:06,  6.97s/it]                                                                                         Best trial: 85. Best value: 77.6358:   5%|▌         | 105/2000 [07:47<3:39:59,  6.97s/it]Best trial: 85. Best value: 77.6358:   5%|▌         | 105/2000 [07:47<3:39:59,  6.97s/it]Best trial: 85. Best value: 77.6358:   5%|▌         | 106/2000 [07:47<1:39:53,  3.16s/it]                                                                                         Best trial: 85. Best value: 77.6358:   5%|▌         | 106/2000 [07:47<1:39:53,  3.16s/it]Best trial: 85. Best value: 77.6358:   5%|▌         | 106/2000 [07:47<1:39:53,  3.16s/it]Best trial: 85. Best value: 77.6358:   5%|▌         | 107/2000 [07:47<1:23:44,  2.65s/it]                                                                                         Best trial: 85. Best value: 77.6358:   5%|▌         | 107/2000 [07:47<1:23:44,  2.65s/it]Best trial: 85. Best value: 77.6358:   5%|▌         | 107/2000 [07:47<1:23:44,  2.65s/it]                                                                                         [I 2026-04-01 11:12:25,254] Trial 91 finished with value: 79.78818944522743 and parameters: {'alpha_0': 7525.425908377949, 'alpha_1': 8926.85611692156, 'alpha_2': 26.838380682699963, 'beta_0': 0.2113809710318772, 'beta_1': 2.278585302993291, 'beta_2': 0.9636487001282426, 'beta_3': 0.9545634954760771, 'beta_4': 76.6748131403894, 'beta_5': 185.8819324914776, 'beta_6': 252.20460808706423}. Best is trial 85 with value: 77.63577203710547.
[I 2026-04-01 11:12:25,635] Trial 90 finished with value: 131.32233102632006 and parameters: {'alpha_0': 12242.39071900676, 'alpha_1': 1684.8682257783864, 'alpha_2': 24.86029766251468, 'beta_0': 0.21002886555113065, 'beta_1': 2.2345313772748607, 'beta_2': 1.8878135723678378, 'beta_3': 0.9405560665593633, 'beta_4': 74.98029873724683, 'beta_5': 256.4743184521461, 'beta_6': 250.62705658476017}. Best is trial 85 with value: 77.63577203710547.
[I 2026-04-01 11:12:25,917] Trial 92 finished with value: 108.46631675831762 and parameters: {'alpha_0': 15505.439736106116, 'alpha_1': 630.4464951767623, 'alpha_2': 25.650269967171514, 'beta_0': 0.4337700778627802, 'beta_1': 2.269045948851599, 'beta_2': 0.9514593953767043, 'beta_3': 0.9320481852639593, 'beta_4': 68.54465539406971, 'beta_5': 184.30697656088347, 'beta_6': 253.59648118353974}. Best is trial 85 with value: 77.63577203710547.
[I 2026-04-01 11:12:26,131] Trial 98 finished with value: 167.5463300663232 and parameters: {'alpha_0': 16216.407302900103, 'alpha_1': 1670.9059387623338, 'alpha_2': 29.66072213286362, 'beta_0': 0.5840724147116068, 'beta_1': 1.5451684724489034, 'beta_2': 0.9488276068773049, 'beta_3': 1.0608376781199653, 'beta_4': 56.67917624171506, 'beta_5': 115.6759278479848, 'beta_6': 289.57452829015284}. Best is trial 85 with value: 77.63577203710547.
[I 2026-04-01 11:12:26,169] Trial 96 finished with value: 103.46899736877003 and parameters: {'alpha_0': 15306.879077284693, 'alpha_1': 634.348059263883, 'alpha_2': 29.089772233711496, 'beta_0': 0.44418254298070403, 'beta_1': 2.1250029664484047, 'beta_2': 0.9849588619047317, 'beta_3': 0.6469223088114854, 'beta_4': 80.98513196684421, 'beta_5': 183.6721361251308, 'beta_6': 287.96497435319395}. Best is trial 85 with value: 77.63577203710547.
