Best trial: 121. Best value: 76.5824:   6%|▋         | 126/2000 [09:10<2:27:00,  4.71s/it]Best trial: 121. Best value: 76.5824:   6%|▋         | 126/2000 [09:10<2:27:00,  4.71s/it]Best trial: 121. Best value: 76.5824:   6%|▋         | 127/2000 [09:10<1:48:15,  3.47s/it]                                                                                          Best trial: 121. Best value: 76.5824:   6%|▋         | 127/2000 [09:10<1:48:15,  3.47s/it]Best trial: 121. Best value: 76.5824:   6%|▋         | 127/2000 [09:10<1:48:15,  3.47s/it]Best trial: 121. Best value: 76.5824:   6%|▋         | 128/2000 [09:10<1:19:18,  2.54s/it]                                                                                          Best trial: 121. Best value: 76.5824:   6%|▋         | 128/2000 [09:10<1:19:18,  2.54s/it]Best trial: 121. Best value: 76.5824:   6%|▋         | 128/2000 [09:10<1:19:18,  2.54s/it]Best trial: 121. Best value: 76.5824:   6%|▋         | 129/2000 [09:10<58:14,  1.87s/it]                                                                                          Best trial: 121. Best value: 76.5824:   6%|▋         | 129/2000 [09:11<58:14,  1.87s/it]Best trial: 121. Best value: 76.5824:   6%|▋         | 129/2000 [09:11<58:14,  1.87s/it]Best trial: 121. Best value: 76.5824:   6%|▋         | 130/2000 [09:11<50:31,  1.62s/it]                                                                                        Best trial: 121. Best value: 76.5824:   6%|▋         | 130/2000 [09:50<50:31,  1.62s/it]Best trial: 121. Best value: 76.5824:   6%|▋         | 130/2000 [09:50<50:31,  1.62s/it]Best trial: 121. Best value: 76.5824:   7%|▋         | 131/2000 [09:50<6:31:32, 12.57s/it]                                                                                          Best trial: 121. Best value: 76.5824:   7%|▋         | 131/2000 [09:51<6:31:32, 12.57s/it]Best trial: 121. Best value: 76.5824:   7%|▋         | 131/2000 [09:51<6:31:32, 12.57s/it]Best trial: 121. Best value: 76.5824:   7%|▋         | 132/2000 [09:51<4:37:11,  8.90s/it]                                                                                          Best trial: 121. Best value: 76.5824:   7%|▋         | 132/2000 [09:51<4:37:11,  8.90s/it]Best trial: 121. Best value: 76.5824:   7%|▋         | 132/2000 [09:51<4:37:11,  8.90s/it]Best trial: 121. Best value: 76.5824:   7%|▋         | 133/2000 [09:51<3:17:02,  6.33s/it]                                                                                          Best trial: 121. Best value: 76.5824:   7%|▋         | 133/2000 [09:51<3:17:02,  6.33s/it]Best trial: 121. Best value: 76.5824:   7%|▋         | 133/2000 [09:51<3:17:02,  6.33s/it]                                                                                          Best trial: 121. Best value: 76.5824:   7%|▋         | 134/2000 [09:51<3:16:56,  6.33s/it]Best trial: 121. Best value: 76.5824:   7%|▋         | 134/2000 [09:51<3:16:56,  6.33s/it]Best trial: 121. Best value: 76.5824:   7%|▋         | 135/2000 [09:51<1:47:46,  3.47s/it]                                                                                          Best trial: 121. Best value: 76.5824:   7%|▋         | 135/2000 [09:51<1:47:46,  3.47s/it]Best trial: 121. Best value: 76.5824:   7%|▋         | 135/2000 [09:51<1:47:46,  3.47s/it]                                                                                          Best trial: 121. Best value: 76.5824:   7%|▋         | 136/2000 [09:51<1:47:42,  3.47s/it]Best trial: 121. Best value: 76.5824:   7%|▋         | 136/2000 [09:51<1:47:42,  3.47s/it]Best trial: 121. Best value: 76.5824:   7%|▋         | 137/2000 [09:51<1:06:42,  2.15s/it]                                                                                          Best trial: 121. Best value: 76.5824:   7%|▋         | 137/2000 [09:51<1:06:42,  2.15s/it]Best trial: 121. Best value: 76.5824:   7%|▋         | 137/2000 [09:51<1:06:42,  2.15s/it]                                                                                          Best trial: 121. Best value: 76.5824:   7%|▋         | 138/2000 [09:51<1:06:39,  2.15s/it]Best trial: 121. Best value: 76.5824:   7%|▋         | 138/2000 [09:51<1:06:39,  2.15s/it]Best trial: 121. Best value: 76.5824:   7%|▋         | 139/2000 [09:51<43:20,  1.40s/it]                                                                                          Best trial: 121. Best value: 76.5824:   7%|▋         | 139/2000 [09:52<43:20,  1.40s/it]Best trial: 121. Best value: 76.5824:   7%|▋         | 139/2000 [09:52<43:20,  1.40s/it]Best trial: 121. Best value: 76.5824:   7%|▋         | 140/2000 [09:52<40:32,  1.31s/it]                                                                                        Best trial: 121. Best value: 76.5824:   7%|▋         | 140/2000 [10:32<40:32,  1.31s/it]Best trial: 121. Best value: 76.5824:   7%|▋         | 140/2000 [10:32<40:32,  1.31s/it]Best trial: 121. Best value: 76.5824:   7%|▋         | 141/2000 [10:32<5:08:27,  9.96s/it]                                                                                          Best trial: 121. Best value: 76.5824:   7%|▋         | 141/2000 [10:32<5:08:27,  9.96s/it]Best trial: 121. Best value: 76.5824:   7%|▋         | 141/2000 [10:32<5:08:27,  9.96s/it]Best trial: 121. Best value: 76.5824:   7%|▋         | 142/2000 [10:32<3:53:56,  7.55s/it]                                                                                          Best trial: 121. Best value: 76.5824:   7%|▋         | 142/2000 [10:32<3:53:56,  7.55s/it]Best trial: 121. Best value: 76.5824:   7%|▋         | 142/2000 [10:32<3:53:56,  7.55s/it]                                                                                          Best trial: 121. Best value: 76.5824:   7%|▋         | 143/2000 [10:32<3:53:48,  7.55s/it]Best trial: 121. Best value: 76.5824:   7%|▋         | 143/2000 [10:32<3:53:48,  7.55s/it]Best trial: 121. Best value: 76.5824:   7%|▋         | 144/2000 [10:32<2:18:27,  4.48s/it]                                                                                          [I 2026-04-01 11:14:31,435] Trial 124 finished with value: 606.2770954054262 and parameters: {'alpha_0': 10282.25599405753, 'alpha_1': 7844.29735621382, 'alpha_2': 37.84713499196145, 'beta_0': 1.5021158834398234, 'beta_1': 1.9848509913462709, 'beta_2': 1.07109722400396, 'beta_3': 0.7001981650550988, 'beta_4': 64.1543470037766, 'beta_5': 129.23369167942712, 'beta_6': 187.57201237710066}. Best is trial 121 with value: 76.58244477304876.
[I 2026-04-01 11:14:31,574] Trial 127 finished with value: 125.68969487283266 and parameters: {'alpha_0': 23382.16730374669, 'alpha_1': 7537.4095517169, 'alpha_2': 23.27002580180959, 'beta_0': 0.48263983566834867, 'beta_1': 2.054990495634306, 'beta_2': 1.0915006304457449, 'beta_3': 0.2311868759993958, 'beta_4': 94.10927134670047, 'beta_5': 53.37050664951596, 'beta_6': 193.7323451903816}. Best is trial 121 with value: 76.58244477304876.
[I 2026-04-01 11:14:31,746] Trial 129 finished with value: 134.71286729136256 and parameters: {'alpha_0': 8850.30762814164, 'alpha_1': 7834.248317690178, 'alpha_2': 24.216807685995015, 'beta_0': 0.49090683063043905, 'beta_1': 2.0448961739045544, 'beta_2': 1.203487905068491, 'beta_3': 0.250167798250423, 'beta_4': 94.27413801847385, 'beta_5': 169.42834998625523, 'beta_6': 136.5234768819599}. Best is trial 121 with value: 76.58244477304876.
[I 2026-04-01 11:14:32,759] Trial 128 finished with value: 1280.8655102399528 and parameters: {'alpha_0': 23703.9843269684, 'alpha_1': 7840.763868880833, 'alpha_2': 19.044981844614306, 'beta_0': 2.4497671501641682, 'beta_1': 2.039433677765951, 'beta_2': 1.241904077703448, 'beta_3': 0.30113173038439606, 'beta_4': 93.4143036682667, 'beta_5': 166.74002856705414, 'beta_6': 136.78864657998074}. Best is trial 121 with value: 76.58244477304876.
[I 2026-04-01 11:15:11,853] Trial 130 finished with value: 150.44449378564246 and parameters: {'alpha_0': 22175.772811286057, 'alpha_1': 5728.190381963925, 'alpha_2': 24.889723592142555, 'beta_0': 0.48626229670575905, 'beta_1': 2.4904294070688344, 'beta_2': 1.1698769941940739, 'beta_3': 0.2366354120854619, 'beta_4': 93.789097277884, 'beta_5': 167.7826035763524, 'beta_6': 137.57600055500313}. Best is trial 121 with value: 76.58244477304876.
[I 2026-04-01 11:15:11,973] Trial 131 finished with value: 125.6343433633462 and parameters: {'alpha_0': 22648.583091221237, 'alpha_1': 6303.531994246605, 'alpha_2': 37.07959682476028, 'beta_0': 0.48545662536458223, 'beta_1': 1.7690751930642485, 'beta_2': 0.6389712277826165, 'beta_3': 0.30747230414410387, 'beta_4': 90.35000981961782, 'beta_5': 79.08576072868931, 'beta_6': 303.11916363771866}. Best is trial 121 with value: 76.58244477304876.
[I 2026-04-01 11:15:12,195] Trial 136 finished with value: 104.4674634245896 and parameters: {'alpha_0': 9068.549306323057, 'alpha_1': 5673.097447661357, 'alpha_2': 33.99039801369813, 'beta_0': 0.4998822137528054, 'beta_1': 2.8904090030697773, 'beta_2': 1.1599296512982191, 'beta_3': 0.24595637046263677, 'beta_4': 92.41416635305434, 'beta_5': 78.5447600770498, 'beta_6': 213.95230376526382}. Best is trial 121 with value: 76.58244477304876.
[I 2026-04-01 11:15:12,255] Trial 135 finished with value: 124.80443133886766 and parameters: {'alpha_0': 22387.266071180504, 'alpha_1': 6402.69386010358, 'alpha_2': 19.899866279986302, 'beta_0': 0.49471020670567734, 'beta_1': 1.800892902087789, 'beta_2': 1.2264214347851807, 'beta_3': 0.7073625082101441, 'beta_4': 93.19715714222095, 'beta_5': 81.04980068561653, 'beta_6': 214.19905563899965}. Best is trial 121 with value: 76.58244477304876.
[I 2026-04-01 11:15:12,353] Trial 134 finished with value: 93.19806145800084 and parameters: {'alpha_0': 24646.03373604942, 'alpha_1': 6434.2827636119355, 'alpha_2': 19.10899596925785, 'beta_0': 0.2463795978429385, 'beta_1': 1.7455743919440954, 'beta_2': 1.1656711010798597, 'beta_3': 0.7163322213745897, 'beta_4': 94.80668470615416, 'beta_5': 78.28936412016938, 'beta_6': 304.3521641264323}. Best is trial 121 with value: 76.58244477304876.
[I 2026-04-01 11:15:12,417] Trial 133 finished with value: 160.22928701525075 and parameters: {'alpha_0': 25037.42399263684, 'alpha_1': 8420.611716488267, 'alpha_2': 19.002270169763683, 'beta_0': 0.490324272899219, 'beta_1': 2.404626565603133, 'beta_2': 1.2633755838381706, 'beta_3': 0.705002758539686, 'beta_4': 95.42900685924518, 'beta_5': 85.93550268979503, 'beta_6': 308.66413183322874}. Best is trial 121 with value: 76.58244477304876.
[I 2026-04-01 11:15:12,622] Trial 138 finished with value: 92.40455500461297 and parameters: {'alpha_0': 27662.319443635766, 'alpha_1': 8587.315126368678, 'alpha_2': 18.976153481962434, 'beta_0': 0.24077712988445793, 'beta_1': 2.3937877087855988, 'beta_2': 0.6292574484127038, 'beta_3': 0.33289662874161957, 'beta_4': 52.627854800801664, 'beta_5': 167.42633093205922, 'beta_6': 215.6718427719703}. Best is trial 121 with value: 76.58244477304876.
[I 2026-04-01 11:15:12,656] Trial 132 finished with value: 149.95846550626695 and parameters: {'alpha_0': 11300.969123891831, 'alpha_1': 7816.652833733935, 'alpha_2': 17.73568438465901, 'beta_0': 0.49919135898729416, 'beta_1': 1.7622487514329317, 'beta_2': 1.6068957941579836, 'beta_3': 0.7057346141926053, 'beta_4': 94.23978560826177, 'beta_5': 74.75676202995761, 'beta_6': 213.7088126480806}. Best is trial 121 with value: 76.58244477304876.
[I 2026-04-01 11:15:12,759] Trial 137 finished with value: 105.28751041372257 and parameters: {'alpha_0': 25934.079836179513, 'alpha_1': 5799.436341591873, 'alpha_2': 18.938608654296644, 'beta_0': 0.2480503328390033, 'beta_1': 2.382470262234939, 'beta_2': 1.2477026595749918, 'beta_3': 0.061146621712727445, 'beta_4': 92.92269111793652, 'beta_5': 167.06770939805267, 'beta_6': 210.59074934066382}. Best is trial 121 with value: 76.58244477304876.
[I 2026-04-01 11:15:13,719] Trial 139 finished with value: 93.98965769430492 and parameters: {'alpha_0': 11443.96497337001, 'alpha_1': 8562.158049080146, 'alpha_2': 40.32705687477853, 'beta_0': 0.23826966647813078, 'beta_1': 1.7593220917379178, 'beta_2': 0.6250133636957547, 'beta_3': 0.8336224001832407, 'beta_4': 54.37648389235087, 'beta_5': 91.46212827547302, 'beta_6': 225.82116711387891}. Best is trial 121 with value: 76.58244477304876.
[I 2026-04-01 11:15:53,199] Trial 140 finished with value: 93.42840861495644 and parameters: {'alpha_0': 11490.848929140919, 'alpha_1': 8626.453431992495, 'alpha_2': 33.32739959828664, 'beta_0': 0.246984581929918, 'beta_1': 1.742443336993243, 'beta_2': 0.6213703598154242, 'beta_3': 0.8253110387408974, 'beta_4': 54.17161894837996, 'beta_5': 101.72645321006257, 'beta_6': 211.3739379415606}. Best is trial 121 with value: 76.58244477304876.
[I 2026-04-01 11:15:53,334] Trial 142 finished with value: 86.30693142551455 and parameters: {'alpha_0': 7200.211117148643, 'alpha_1': 1247.3229205106227, 'alpha_2': 19.16304373545008, 'beta_0': 0.25708242924207636, 'beta_1': 2.619444994373382, 'beta_2': 0.9025464887455483, 'beta_3': 0.7033158912973579, 'beta_4': 53.2827864666271, 'beta_5': 100.24253857140936, 'beta_6': 257.4659984950677}. Best is trial 121 with value: 76.58244477304876.
[I 2026-04-01 11:15:53,364] Trial 145 finished with value: 85.53913158957565 and parameters: {'alpha_0': 6781.225095685453, 'alpha_1': 1275.9645361733078, 'alpha_2': 40.12085903898953, 'beta_0': 0.2235990116450919, 'beta_1': 2.1955127633651603, 'beta_2': 0.9298962429820925, 'beta_3': 0.03895332617500691, 'beta_4': 52.9385160805798, 'beta_5': 149.42960753923708, 'beta_6': 204.05874341712507}. Best is trial 121 with value: 76.58244477304876.
[I 2026-04-01 11:15:53,473] Trial 141 finished with value: 96.29577244591223 and parameters: {'alpha_0': 25835.68080803236, 'alpha_1': 8670.507827337922, 'alpha_2': 33.76015249100148, 'beta_0': 0.2540395553726386, 'beta_1': 2.3824743388660226, 'beta_2': 0.8938955417828632, 'beta_3': 1.1888589138839003, 'beta_4': 0.9128535997005969, 'beta_5': 97.75532029563482, 'beta_6': 217.60562698232303}. Best is trial 121 with value: 76.58244477304876.
Best trial: 121. Best value: 76.5824:   7%|▋         | 144/2000 [10:32<2:18:27,  4.48s/it]Best trial: 121. Best value: 76.5824:   7%|▋         | 144/2000 [10:32<2:18:27,  4.48s/it]Best trial: 121. Best value: 76.5824:   7%|▋         | 145/2000 [10:32<1:48:01,  3.49s/it]                                                                                          Best trial: 121. Best value: 76.5824:   7%|▋         | 145/2000 [10:32<1:48:01,  3.49s/it]Best trial: 121. Best value: 76.5824:   7%|▋         | 145/2000 [10:32<1:48:01,  3.49s/it]                                                                                          Best trial: 121. Best value: 76.5824:   7%|▋         | 146/2000 [10:32<1:47:57,  3.49s/it]Best trial: 121. Best value: 76.5824:   7%|▋         | 146/2000 [10:32<1:47:57,  3.49s/it]Best trial: 121. Best value: 76.5824:   7%|▋         | 147/2000 [10:32<1:06:45,  2.16s/it]                                                                                          Best trial: 121. Best value: 76.5824:   7%|▋         | 147/2000 [10:33<1:06:45,  2.16s/it]Best trial: 121. Best value: 76.5824:   7%|▋         | 147/2000 [10:33<1:06:45,  2.16s/it]                                                                                          Best trial: 121. Best value: 76.5824:   7%|▋         | 148/2000 [10:33<1:06:42,  2.16s/it]Best trial: 121. Best value: 76.5824:   7%|▋         | 148/2000 [10:33<1:06:42,  2.16s/it]Best trial: 121. Best value: 76.5824:   7%|▋         | 149/2000 [10:33<46:42,  1.51s/it]                                                                                          Best trial: 121. Best value: 76.5824:   7%|▋         | 149/2000 [10:33<46:42,  1.51s/it]Best trial: 121. Best value: 76.5824:   7%|▋         | 149/2000 [10:33<46:42,  1.51s/it]Best trial: 121. Best value: 76.5824:   8%|▊         | 150/2000 [10:33<38:50,  1.26s/it]                                                                                        Best trial: 121. Best value: 76.5824:   8%|▊         | 150/2000 [11:13<38:50,  1.26s/it]Best trial: 121. Best value: 76.5824:   8%|▊         | 150/2000 [11:13<38:50,  1.26s/it]Best trial: 121. Best value: 76.5824:   8%|▊         | 151/2000 [11:13<5:06:58,  9.96s/it]                                                                                          Best trial: 121. Best value: 76.5824:   8%|▊         | 151/2000 [11:14<5:06:58,  9.96s/it]Best trial: 121. Best value: 76.5824:   8%|▊         | 151/2000 [11:14<5:06:58,  9.96s/it]Best trial: 121. Best value: 76.5824:   8%|▊         | 152/2000 [11:14<3:58:05,  7.73s/it]                                                                                          Best trial: 121. Best value: 76.5824:   8%|▊         | 152/2000 [11:14<3:58:05,  7.73s/it]Best trial: 121. Best value: 76.5824:   8%|▊         | 152/2000 [11:14<3:58:05,  7.73s/it]                                                                                          Best trial: 121. Best value: 76.5824:   8%|▊         | 153/2000 [11:14<3:57:57,  7.73s/it]Best trial: 121. Best value: 76.5824:   8%|▊         | 153/2000 [11:14<3:57:57,  7.73s/it]                                                                                          Best trial: 121. Best value: 76.5824:   8%|▊         | 154/2000 [11:14<3:57:50,  7.73s/it]Best trial: 121. Best value: 76.5824:   8%|▊         | 154/2000 [11:14<3:57:50,  7.73s/it]Best trial: 121. Best value: 76.5824:   8%|▊         | 155/2000 [11:14<1:56:50,  3.80s/it]                                                                                          Best trial: 121. Best value: 76.5824:   8%|▊         | 155/2000 [11:14<1:56:50,  3.80s/it]Best trial: 121. Best value: 76.5824:   8%|▊         | 155/2000 [11:14<1:56:50,  3.80s/it]                                                                                          Best trial: 121. Best value: 76.5824:   8%|▊         | 156/2000 [11:14<1:56:46,  3.80s/it]Best trial: 121. Best value: 76.5824:   8%|▊         | 156/2000 [11:14<1:56:46,  3.80s/it]Best trial: 121. Best value: 76.5824:   8%|▊         | 157/2000 [11:14<1:19:31,  2.59s/it]                                                                                          Best trial: 121. Best value: 76.5824:   8%|▊         | 157/2000 [11:15<1:19:31,  2.59s/it]                                                                                          Best trial: 121. Best value: 76.5824:   8%|▊         | 157/2000 [11:15<1:19:31,  2.59s/it]Best trial: 121. Best value: 76.5824:   8%|▊         | 157/2000 [11:15<1:19:31,  2.59s/it]Best trial: 121. Best value: 76.5824:   8%|▊         | 158/2000 [11:15<1:19:29,  2.59s/it]Best trial: 121. Best value: 76.5824:   8%|▊         | 159/2000 [11:15<55:29,  1.81s/it]                                                                                          Best trial: 121. Best value: 76.5824:   8%|▊         | 159/2000 [11:15<55:29,  1.81s/it]Best trial: 121. Best value: 76.5824:   8%|▊         | 159/2000 [11:15<55:29,  1.81s/it]Best trial: 121. Best value: 76.5824:   8%|▊         | 160/2000 [11:15<46:58,  1.53s/it]                                                                                        Best trial: 121. Best value: 76.5824:   8%|▊         | 160/2000 [11:57<46:58,  1.53s/it]Best trial: 121. Best value: 76.5824:   8%|▊         | 160/2000 [11:57<46:58,  1.53s/it]Best trial: 121. Best value: 76.5824:   8%|▊         | 161/2000 [11:57<5:05:39,  9.97s/it]                                                                                          Best trial: 121. Best value: 76.5824:   8%|▊         | 161/2000 [11:57<5:05:39,  9.97s/it]Best trial: 121. Best value: 76.5824:   8%|▊         | 161/2000 [11:57<5:05:39,  9.97s/it]                                                                                          [I 2026-04-01 11:15:53,623] Trial 147 finished with value: 93.11135713861583 and parameters: {'alpha_0': 17439.03635848447, 'alpha_1': 1214.0450407612148, 'alpha_2': 35.129037898882395, 'beta_0': 0.3283321368382847, 'beta_1': 2.2046179675969793, 'beta_2': 0.4782192047876574, 'beta_3': 0.008476842918880734, 'beta_4': 80.97381267828806, 'beta_5': 102.5885725897224, 'beta_6': 228.43010503718725}. Best is trial 121 with value: 76.58244477304876.
[I 2026-04-01 11:15:53,682] Trial 143 finished with value: 85.81702589008182 and parameters: {'alpha_0': 25824.550382108322, 'alpha_1': 8610.796706651392, 'alpha_2': 40.275037937373945, 'beta_0': 0.2497207488926975, 'beta_1': 2.389577523268075, 'beta_2': 0.9131745972610951, 'beta_3': 0.09482531209949663, 'beta_4': 70.01107676057772, 'beta_5': 101.95720674763503, 'beta_6': 226.52689020938735}. Best is trial 121 with value: 76.58244477304876.
[I 2026-04-01 11:15:53,839] Trial 144 finished with value: 78.28635110586515 and parameters: {'alpha_0': 11488.871511422936, 'alpha_1': 2278.008705362539, 'alpha_2': 35.496795119540955, 'beta_0': 0.24988524885893335, 'beta_1': 2.3996702751349455, 'beta_2': 0.7759599746467074, 'beta_3': 0.829542607696547, 'beta_4': 83.26401387055938, 'beta_5': 147.73622567108555, 'beta_6': 243.43170099980858}. Best is trial 121 with value: 76.58244477304876.
[I 2026-04-01 11:15:53,908] Trial 146 finished with value: 98.26513400814872 and parameters: {'alpha_0': 7015.947578874768, 'alpha_1': 1251.932967190116, 'alpha_2': 35.30390926581668, 'beta_0': 0.32657826062848117, 'beta_1': 2.1823176814777385, 'beta_2': 0.4860878954663109, 'beta_3': 0.04887057172896703, 'beta_4': 70.57326105670975, 'beta_5': 99.7121732779576, 'beta_6': 224.97842902600914}. Best is trial 121 with value: 76.58244477304876.
