[I 2026-04-01 11:46:58,860] Trial 581 finished with value: 82.06856111016974 and parameters: {'alpha_0': 14407.708900035163, 'alpha_1': 933.0848581244989, 'alpha_2': 31.71450578084834, 'beta_0': 0.30833928627432783, 'beta_1': 0.7193247805254546, 'beta_2': 0.9429438713096799, 'beta_3': 0.958781137535304, 'beta_4': 87.61268014988326, 'beta_5': 159.203657325964, 'beta_6': 99.43829388768373}. Best is trial 576 with value: 73.41078608586943.
[I 2026-04-01 11:46:58,920] Trial 585 finished with value: 83.71701679741578 and parameters: {'alpha_0': 14077.486378446916, 'alpha_1': 1480.8695223706013, 'alpha_2': 31.519305578685707, 'beta_0': 0.3103253378489117, 'beta_1': 0.737210960624529, 'beta_2': 1.0731211347275789, 'beta_3': 0.7216142708953338, 'beta_4': 83.60744198634477, 'beta_5': 146.24586890160205, 'beta_6': 107.69065551797217}. Best is trial 576 with value: 73.41078608586943.
[I 2026-04-01 11:46:58,921] Trial 588 finished with value: 81.12331536030914 and parameters: {'alpha_0': 14135.445427667793, 'alpha_1': 1537.2302719429817, 'alpha_2': 34.16594789901661, 'beta_0': 0.321888652326919, 'beta_1': 0.730314916194833, 'beta_2': 1.0463973368873143, 'beta_3': 0.7235989315364522, 'beta_4': 89.21517342360178, 'beta_5': 145.73629238134626, 'beta_6': 109.5183200831313}. Best is trial 576 with value: 73.41078608586943.
[I 2026-04-01 11:46:58,921] Trial 582 finished with value: 82.62541713196188 and parameters: {'alpha_0': 14562.204008841083, 'alpha_1': 1175.1192526758084, 'alpha_2': 34.283888730745325, 'beta_0': 0.31342000450943075, 'beta_1': 0.7056982301851569, 'beta_2': 0.9456079464006459, 'beta_3': 0.693021298222933, 'beta_4': 86.84177355639824, 'beta_5': 158.8686368693201, 'beta_6': 102.14558763104738}. Best is trial 576 with value: 73.41078608586943.
[I 2026-04-01 11:46:58,956] Trial 586 finished with value: 86.49967701505088 and parameters: {'alpha_0': 14283.160618569505, 'alpha_1': 1553.324116468908, 'alpha_2': 31.006616506331248, 'beta_0': 0.31238958859371946, 'beta_1': 0.7284706445841516, 'beta_2': 1.057953787929057, 'beta_3': 0.6657847204723617, 'beta_4': 82.05895225540975, 'beta_5': 146.70729125796967, 'beta_6': 105.47691359359028}. Best is trial 576 with value: 73.41078608586943.
[I 2026-04-01 11:46:58,994] Trial 583 finished with value: 77.3488335847781 and parameters: {'alpha_0': 14367.042473349677, 'alpha_1': 1558.4727322191277, 'alpha_2': 31.781007080777954, 'beta_0': 0.2713788689417679, 'beta_1': 0.7147026116236632, 'beta_2': 1.0589856814344845, 'beta_3': 0.9633543552007802, 'beta_4': 84.49654342271165, 'beta_5': 144.87172934981524, 'beta_6': 96.55800362810989}. Best is trial 576 with value: 73.41078608586943.
[I 2026-04-01 11:46:59,103] Trial 580 finished with value: 77.71376792225885 and parameters: {'alpha_0': 14347.31624809918, 'alpha_1': 1233.437783871273, 'alpha_2': 32.4095761188094, 'beta_0': 0.29825690600403854, 'beta_1': 0.7069448179874389, 'beta_2': 0.9389295989307023, 'beta_3': 0.8123418032769969, 'beta_4': 87.19771804494948, 'beta_5': 160.26181018532418, 'beta_6': 99.26958801742214}. Best is trial 576 with value: 73.41078608586943.
[I 2026-04-01 11:46:59,157] Trial 587 finished with value: 85.79513146003933 and parameters: {'alpha_0': 14543.650574343596, 'alpha_1': 1598.910346599308, 'alpha_2': 33.633605081297965, 'beta_0': 0.3245330001596883, 'beta_1': 0.72599500833897, 'beta_2': 1.0327081979047326, 'beta_3': 0.7015332136502538, 'beta_4': 82.2771991409626, 'beta_5': 141.76333512362578, 'beta_6': 111.16538778620072}. Best is trial 576 with value: 73.41078608586943.
[I 2026-04-01 11:46:59,614] Trial 584 finished with value: 82.49013237562278 and parameters: {'alpha_0': 14911.462540579025, 'alpha_1': 1532.3982688654398, 'alpha_2': 24.120745043171745, 'beta_0': 0.3161024038813948, 'beta_1': 0.7309351521204941, 'beta_2': 1.0690963000524534, 'beta_3': 0.7282592693027312, 'beta_4': 86.65142364994855, 'beta_5': 157.82450149604998, 'beta_6': 97.04957775576977}. Best is trial 576 with value: 73.41078608586943.
[I 2026-04-01 11:46:59,680] Trial 589 finished with value: 80.4005209114002 and parameters: {'alpha_0': 14050.30656040396, 'alpha_1': 1556.523756676622, 'alpha_2': 33.18310075426649, 'beta_0': 0.3128074287928049, 'beta_1': 0.739365040249223, 'beta_2': 1.0378254720876245, 'beta_3': 0.6179476356437813, 'beta_4': 80.05550898251425, 'beta_5': 143.81422413049683, 'beta_6': 110.51649920336926}. Best is trial 576 with value: 73.41078608586943.
[I 2026-04-01 11:47:44,187] Trial 590 finished with value: 80.08577459828871 and parameters: {'alpha_0': 13704.99615314627, 'alpha_1': 1653.3980504243775, 'alpha_2': 33.53846466209715, 'beta_0': 0.3050549991071954, 'beta_1': 0.7555034665209608, 'beta_2': 0.766757163963568, 'beta_3': 0.6303607527511339, 'beta_4': 80.60492031797747, 'beta_5': 145.13467293193386, 'beta_6': 109.17044183079186}. Best is trial 576 with value: 73.41078608586943.
[I 2026-04-01 11:47:44,443] Trial 592 finished with value: 80.58283583372264 and parameters: {'alpha_0': 13030.124811852354, 'alpha_1': 1636.3933055574648, 'alpha_2': 33.78296049376447, 'beta_0': 0.27055706668004437, 'beta_1': 0.5623224919046504, 'beta_2': 0.7726036536164544, 'beta_3': 0.6436735176725149, 'beta_4': 80.39904360464487, 'beta_5': 142.9630665010705, 'beta_6': 119.70118382898544}. Best is trial 576 with value: 73.41078608586943.
[I 2026-04-01 11:47:44,507] Trial 597 finished with value: 78.9606333255314 and parameters: {'alpha_0': 12832.873276808723, 'alpha_1': 1641.5321080295853, 'alpha_2': 33.00691243942757, 'beta_0': 0.20121161920684447, 'beta_1': 0.5656649154519623, 'beta_2': 0.7826193535566113, 'beta_3': 0.606117743815819, 'beta_4': 80.71205808527077, 'beta_5': 149.54931781780854, 'beta_6': 147.06793206588063}. Best is trial 576 with value: 73.41078608586943.
[I 2026-04-01 11:47:44,559] Trial 595 finished with value: 82.07949722514515 and parameters: {'alpha_0': 13379.438768505224, 'alpha_1': 1693.124328175615, 'alpha_2': 33.420475723601804, 'beta_0': 0.20056988961372416, 'beta_1': 0.6082145968644482, 'beta_2': 0.6515081834403347, 'beta_3': 0.6569053976366335, 'beta_4': 81.52358496886545, 'beta_5': 152.74831875326467, 'beta_6': 117.75690687263253}. Best is trial 576 with value: 73.41078608586943.
Best trial: 576. Best value: 73.4108:  30%|██▉       | 594/2000 [42:23<1:46:33,  4.55s/it]Best trial: 576. Best value: 73.4108:  30%|██▉       | 594/2000 [42:23<1:46:33,  4.55s/it]                                                                                          Best trial: 576. Best value: 73.4108:  30%|██▉       | 595/2000 [42:23<1:46:29,  4.55s/it]Best trial: 576. Best value: 73.4108:  30%|██▉       | 595/2000 [42:23<1:46:29,  4.55s/it]Best trial: 576. Best value: 73.4108:  30%|██▉       | 596/2000 [42:23<1:13:55,  3.16s/it]                                                                                          Best trial: 576. Best value: 73.4108:  30%|██▉       | 596/2000 [42:24<1:13:55,  3.16s/it]Best trial: 576. Best value: 73.4108:  30%|██▉       | 596/2000 [42:24<1:13:55,  3.16s/it]                                                                                          Best trial: 576. Best value: 73.4108:  30%|██▉       | 597/2000 [42:24<1:13:52,  3.16s/it]Best trial: 576. Best value: 73.4108:  30%|██▉       | 597/2000 [42:24<1:13:52,  3.16s/it]Best trial: 576. Best value: 73.4108:  30%|██▉       | 598/2000 [42:24<52:41,  2.26s/it]                                                                                          Best trial: 576. Best value: 73.4108:  30%|██▉       | 598/2000 [42:24<52:41,  2.26s/it]                                                                                        Best trial: 576. Best value: 73.4108:  30%|██▉       | 598/2000 [42:24<52:41,  2.26s/it]Best trial: 576. Best value: 73.4108:  30%|██▉       | 598/2000 [42:24<52:41,  2.26s/it]Best trial: 576. Best value: 73.4108:  30%|██▉       | 599/2000 [42:24<52:39,  2.26s/it]                                                                                        Best trial: 576. Best value: 73.4108:  30%|███       | 600/2000 [43:08<52:37,  2.26s/it]Best trial: 576. Best value: 73.4108:  30%|███       | 600/2000 [43:08<52:37,  2.26s/it]Best trial: 576. Best value: 73.4108:  30%|███       | 601/2000 [43:08<2:47:17,  7.17s/it]                                                                                          Best trial: 576. Best value: 73.4108:  30%|███       | 601/2000 [43:08<2:47:17,  7.17s/it]Best trial: 576. Best value: 73.4108:  30%|███       | 601/2000 [43:08<2:47:17,  7.17s/it]Best trial: 576. Best value: 73.4108:  30%|███       | 602/2000 [43:08<2:21:07,  6.06s/it]                                                                                          Best trial: 576. Best value: 73.4108:  30%|███       | 602/2000 [43:08<2:21:07,  6.06s/it]Best trial: 576. Best value: 73.4108:  30%|███       | 602/2000 [43:08<2:21:07,  6.06s/it]                                                                                          Best trial: 576. Best value: 73.4108:  30%|███       | 603/2000 [43:08<2:21:01,  6.06s/it]Best trial: 576. Best value: 73.4108:  30%|███       | 603/2000 [43:08<2:21:01,  6.06s/it]Best trial: 576. Best value: 73.4108:  30%|███       | 604/2000 [43:08<1:37:53,  4.21s/it]                                                                                          Best trial: 576. Best value: 73.4108:  30%|███       | 604/2000 [43:08<1:37:53,  4.21s/it]Best trial: 576. Best value: 73.4108:  30%|███       | 604/2000 [43:08<1:37:53,  4.21s/it]                                                                                          Best trial: 576. Best value: 73.4108:  30%|███       | 605/2000 [43:09<1:37:49,  4.21s/it]Best trial: 576. Best value: 73.4108:  30%|███       | 605/2000 [43:09<1:37:49,  4.21s/it]Best trial: 576. Best value: 73.4108:  30%|███       | 606/2000 [43:09<1:08:47,  2.96s/it]                                                                                          Best trial: 576. Best value: 73.4108:  30%|███       | 606/2000 [43:09<1:08:47,  2.96s/it]Best trial: 576. Best value: 73.4108:  30%|███       | 606/2000 [43:09<1:08:47,  2.96s/it]Best trial: 576. Best value: 73.4108:  30%|███       | 607/2000 [43:09<58:16,  2.51s/it]                                                                                          Best trial: 576. Best value: 73.4108:  30%|███       | 607/2000 [43:09<58:16,  2.51s/it]Best trial: 576. Best value: 73.4108:  30%|███       | 607/2000 [43:09<58:16,  2.51s/it]                                                                                        Best trial: 576. Best value: 73.4108:  30%|███       | 608/2000 [43:09<58:14,  2.51s/it]Best trial: 576. Best value: 73.4108:  30%|███       | 608/2000 [43:09<58:14,  2.51s/it]Best trial: 576. Best value: 73.4108:  30%|███       | 609/2000 [43:09<39:23,  1.70s/it]                                                                                        Best trial: 576. Best value: 73.4108:  30%|███       | 609/2000 [43:09<39:23,  1.70s/it]Best trial: 576. Best value: 73.4108:  30%|███       | 609/2000 [43:09<39:23,  1.70s/it]                                                                                        Best trial: 576. Best value: 73.4108:  30%|███       | 610/2000 [43:52<39:21,  1.70s/it]Best trial: 576. Best value: 73.4108:  30%|███       | 610/2000 [43:52<39:21,  1.70s/it]Best trial: 576. Best value: 73.4108:  31%|███       | 611/2000 [43:52<3:07:26,  8.10s/it]                                                                                          Best trial: 576. Best value: 73.4108:  31%|███       | 611/2000 [43:52<3:07:26,  8.10s/it]Best trial: 576. Best value: 73.4108:  31%|███       | 611/2000 [43:52<3:07:26,  8.10s/it]                                                                                          [I 2026-04-01 11:47:44,581] Trial 598 finished with value: 87.71844887433956 and parameters: {'alpha_0': 12706.534598736678, 'alpha_1': 1664.0570901004846, 'alpha_2': 33.36774556939098, 'beta_0': 0.26281253408417277, 'beta_1': 0.5684982535507502, 'beta_2': 1.4623971678401047, 'beta_3': 0.6511150804809759, 'beta_4': 90.69110136822219, 'beta_5': 150.89548083928221, 'beta_6': 116.2143037406164}. Best is trial 576 with value: 73.41078608586943.
[I 2026-04-01 11:47:44,781] Trial 593 finished with value: 79.27651513140029 and parameters: {'alpha_0': 14668.709085273338, 'alpha_1': 1567.2157002251367, 'alpha_2': 33.3924991682578, 'beta_0': 0.26161621205618146, 'beta_1': 0.6188287589643611, 'beta_2': 0.7680878398027935, 'beta_3': 0.6113576013051499, 'beta_4': 79.84649246331793, 'beta_5': 155.18722944018214, 'beta_6': 86.87033659027244}. Best is trial 576 with value: 73.41078608586943.
[I 2026-04-01 11:47:45,035] Trial 594 finished with value: 127.69621566280367 and parameters: {'alpha_0': 12764.780409044986, 'alpha_1': 1567.2237795598203, 'alpha_2': 33.404575579259706, 'beta_0': 0.2638832378604877, 'beta_1': 0.5684520214852175, 'beta_2': 2.2046537498236134, 'beta_3': 0.6559622632060853, 'beta_4': 79.66602667845717, 'beta_5': 148.4584356850749, 'beta_6': 118.04988259856992}. Best is trial 576 with value: 73.41078608586943.
[I 2026-04-01 11:47:45,248] Trial 591 finished with value: 80.01458362813756 and parameters: {'alpha_0': 13302.474650447337, 'alpha_1': 1606.6802372966367, 'alpha_2': 32.62489155168308, 'beta_0': 0.2654215802373712, 'beta_1': 0.5618953601237671, 'beta_2': 0.7685651684910021, 'beta_3': 0.7592260173915641, 'beta_4': 82.34670873541677, 'beta_5': 141.87306607070082, 'beta_6': 113.11015403086957}. Best is trial 576 with value: 73.41078608586943.
[I 2026-04-01 11:47:45,299] Trial 596 finished with value: 787.7350592561812 and parameters: {'alpha_0': 13844.580364752213, 'alpha_1': 1586.6749423347069, 'alpha_2': 31.40886423864262, 'beta_0': 1.840626074742864, 'beta_1': 0.5574333095049133, 'beta_2': 0.7573670447715732, 'beta_3': 0.5928831003036635, 'beta_4': 78.11858928265596, 'beta_5': 152.9333166605936, 'beta_6': 87.85112503183507}. Best is trial 576 with value: 73.41078608586943.
[I 2026-04-01 11:47:45,299] Trial 599 finished with value: 78.69411066890906 and parameters: {'alpha_0': 12501.516949420999, 'alpha_1': 1603.3932748180064, 'alpha_2': 32.2178458974263, 'beta_0': 0.259282774654388, 'beta_1': 0.5738021225882481, 'beta_2': 0.8693114232639055, 'beta_3': 0.6052135590011573, 'beta_4': 79.87592954852671, 'beta_5': 197.19919668354473, 'beta_6': 87.06451124149257}. Best is trial 576 with value: 73.41078608586943.
[I 2026-04-01 11:48:29,073] Trial 604 finished with value: 76.27074988385874 and parameters: {'alpha_0': 15438.416883945954, 'alpha_1': 947.1997924253376, 'alpha_2': 30.413074740497844, 'beta_0': 0.2548630788850055, 'beta_1': 0.6402097027528654, 'beta_2': 0.8769330291570132, 'beta_3': 0.78045969667603, 'beta_4': 90.80623297162221, 'beta_5': 167.70789229999895, 'beta_6': 82.1546701707339}. Best is trial 576 with value: 73.41078608586943.
[I 2026-04-01 11:48:29,236] Trial 603 finished with value: 79.68960896653061 and parameters: {'alpha_0': 15059.733836226671, 'alpha_1': 931.9366846838216, 'alpha_2': 31.935009655677042, 'beta_0': 0.2532151287074398, 'beta_1': 0.6357800301146425, 'beta_2': 0.8815298588991846, 'beta_3': 0.693148962898929, 'beta_4': 89.28558728224503, 'beta_5': 197.41620404874152, 'beta_6': 86.0369858489486}. Best is trial 576 with value: 73.41078608586943.
[I 2026-04-01 11:48:29,266] Trial 600 finished with value: 75.0356876971845 and parameters: {'alpha_0': 12801.445895938985, 'alpha_1': 1763.184267731223, 'alpha_2': 33.17869075795712, 'beta_0': 0.20087959159423474, 'beta_1': 0.5837324060114959, 'beta_2': 0.8694971830619359, 'beta_3': 0.7228410474859325, 'beta_4': 91.20700198598934, 'beta_5': 169.97963635115934, 'beta_6': 84.65642884202815}. Best is trial 576 with value: 73.41078608586943.
[I 2026-04-01 11:48:29,531] Trial 606 finished with value: 74.97235524158035 and parameters: {'alpha_0': 16378.448613431116, 'alpha_1': 969.2040706383491, 'alpha_2': 34.648360314864824, 'beta_0': 0.20011620788091225, 'beta_1': 0.6367822551884721, 'beta_2': 0.8630075950826419, 'beta_3': 0.8129051008064743, 'beta_4': 91.1222068987367, 'beta_5': 168.1155526132553, 'beta_6': 82.79742401466777}. Best is trial 576 with value: 73.41078608586943.
[I 2026-04-01 11:48:29,593] Trial 601 finished with value: 80.15617721970187 and parameters: {'alpha_0': 12955.726223436073, 'alpha_1': 1743.4864471085857, 'alpha_2': 31.806891560795165, 'beta_0': 0.2533106793220308, 'beta_1': 0.6233188937094571, 'beta_2': 0.6677017991379627, 'beta_3': 0.5342896681546483, 'beta_4': 90.33724822652063, 'beta_5': 198.48243356925056, 'beta_6': 87.70268989843977}. Best is trial 576 with value: 73.41078608586943.
[I 2026-04-01 11:48:29,875] Trial 608 finished with value: 74.38737887482071 and parameters: {'alpha_0': 16394.16194261845, 'alpha_1': 965.4230473930813, 'alpha_2': 30.43687795415321, 'beta_0': 0.20288108851772763, 'beta_1': 0.7932973381839697, 'beta_2': 0.8772411073982281, 'beta_3': 0.804992443406234, 'beta_4': 89.89235063673284, 'beta_5': 168.06259536609488, 'beta_6': 78.22892248615554}. Best is trial 576 with value: 73.41078608586943.
[I 2026-04-01 11:48:30,343] Trial 602 finished with value: 815.8378255284152 and parameters: {'alpha_0': 9843.614290119476, 'alpha_1': 1799.9720297224674, 'alpha_2': 30.980634244843507, 'beta_0': 1.8517274267926476, 'beta_1': 0.6428012429806029, 'beta_2': 0.8704479179419826, 'beta_3': 0.7972727708785773, 'beta_4': 90.03186952459276, 'beta_5': 169.6427555568457, 'beta_6': 86.03013396898831}. Best is trial 576 with value: 73.41078608586943.
[I 2026-04-01 11:48:30,415] Trial 605 finished with value: 77.9315119404827 and parameters: {'alpha_0': 16550.001129481803, 'alpha_1': 942.0715601858891, 'alpha_2': 31.988286173481846, 'beta_0': 0.2555735814209815, 'beta_1': 0.7907903230921342, 'beta_2': 0.8735176794364246, 'beta_3': 0.80435669984727, 'beta_4': 90.3784846138637, 'beta_5': 197.05690631994239, 'beta_6': 80.66900529085298}. Best is trial 576 with value: 73.41078608586943.
[I 2026-04-01 11:48:30,600] Trial 609 finished with value: 78.63526292422131 and parameters: {'alpha_0': 10039.433374898696, 'alpha_1': 962.4807419147056, 'alpha_2': 31.33203716373476, 'beta_0': 0.24551790454026992, 'beta_1': 0.8033918777002641, 'beta_2': 0.8817881139521868, 'beta_3': 0.8452373721567809, 'beta_4': 92.22780957833886, 'beta_5': 169.47654199963966, 'beta_6': 78.48896023889438}. Best is trial 576 with value: 73.41078608586943.
[I 2026-04-01 11:48:30,607] Trial 607 finished with value: 77.5208219652429 and parameters: {'alpha_0': 16250.21713161786, 'alpha_1': 891.9055987823685, 'alpha_2': 30.307866935879915, 'beta_0': 0.2506434238312605, 'beta_1': 0.6392975892696009, 'beta_2': 0.8705960889194341, 'beta_3': 0.7838732856183059, 'beta_4': 90.66829552309368, 'beta_5': 169.65100991586544, 'beta_6': 81.9272408718565}. Best is trial 576 with value: 73.41078608586943.
[I 2026-04-01 11:49:13,091] Trial 612 finished with value: 94.56682453440516 and parameters: {'alpha_0': 31571.467490022234, 'alpha_1': 1829.8410876623407, 'alpha_2': 36.48255756312597, 'beta_0': 0.20178609108016182, 'beta_1': 0.7860088369508885, 'beta_2': 0.882182403387745, 'beta_3': 0.8203649201431573, 'beta_4': 86.71545906070287, 'beta_5': 168.53525139951876, 'beta_6': 76.99180417605491}. Best is trial 576 with value: 73.41078608586943.
[I 2026-04-01 11:49:13,093] Trial 615 finished with value: 84.97821685384574 and parameters: {'alpha_0': 16406.067331600745, 'alpha_1': 1114.8552195768816, 'alpha_2': 34.80694986315256, 'beta_0': 0.3481142990238133, 'beta_1': 0.7922454422011239, 'beta_2': 0.8387388165583891, 'beta_3': 0.7545118625953903, 'beta_4': 86.23068542191746, 'beta_5': 171.17571927367928, 'beta_6': 74.92016283928882}. Best is trial 576 with value: 73.41078608586943.
