[I 2026-04-01 12:45:27,479] Trial 1389 finished with value: 73.34217394989541 and parameters: {'alpha_0': 15133.876629241351, 'alpha_1': 5473.954754864901, 'alpha_2': 49.30918765802893, 'beta_0': 0.24966043332666923, 'beta_1': 1.5434089774505066, 'beta_2': 1.232216615694695, 'beta_3': 0.38217229481170406, 'beta_4': 56.003755087251726, 'beta_5': 33.78280291823137, 'beta_6': 360.7078486624281}. Best is trial 957 with value: 71.38427157687855.
[I 2026-04-01 12:46:07,465] Trial 1390 finished with value: 75.08179395695137 and parameters: {'alpha_0': 14947.401521755428, 'alpha_1': 5340.429344446183, 'alpha_2': 49.6987524737331, 'beta_0': 0.25292881061444983, 'beta_1': 2.026835624991401, 'beta_2': 1.1927144365998688, 'beta_3': 0.3820585858412752, 'beta_4': 56.68032335530256, 'beta_5': 45.37740812078205, 'beta_6': 341.44961646825465}. Best is trial 957 with value: 71.38427157687855.
[I 2026-04-01 12:46:07,891] Trial 1393 finished with value: 580.2854655269107 and parameters: {'alpha_0': 14912.194386335055, 'alpha_1': 4825.509926517995, 'alpha_2': 49.484101480538286, 'beta_0': 1.6774921517264494, 'beta_1': 1.6215070639438505, 'beta_2': 1.2511721084922538, 'beta_3': 0.3214766883196216, 'beta_4': 55.24398201241033, 'beta_5': 12.5581540311189, 'beta_6': 350.38536437203214}. Best is trial 957 with value: 71.38427157687855.
[I 2026-04-01 12:46:08,044] Trial 1394 finished with value: 81.26257947021043 and parameters: {'alpha_0': 14926.504952301217, 'alpha_1': 5397.767409625207, 'alpha_2': 49.68227319423053, 'beta_0': 0.3596060081411342, 'beta_1': 2.021366187478857, 'beta_2': 1.2332817039193098, 'beta_3': 0.46610860244644664, 'beta_4': 55.77553552241586, 'beta_5': 46.55616971176319, 'beta_6': 344.82653015549647}. Best is trial 957 with value: 71.38427157687855.
[I 2026-04-01 12:46:08,313] Trial 1398 finished with value: 80.41524115884602 and parameters: {'alpha_0': 13616.945090324978, 'alpha_1': 5491.835802529232, 'alpha_2': 38.248988156496395, 'beta_0': 0.3286168712078438, 'beta_1': 2.019343482554694, 'beta_2': 1.3423350547522996, 'beta_3': 0.3123610696028038, 'beta_4': 55.430573094135134, 'beta_5': 12.812320685525803, 'beta_6': 350.1623651355341}. Best is trial 957 with value: 71.38427157687855.
[I 2026-04-01 12:46:08,317] Trial 1395 finished with value: 143.98718850936643 and parameters: {'alpha_0': 45920.30357051265, 'alpha_1': 5547.37037403454, 'alpha_2': 48.34183017321709, 'beta_0': 0.35579049237201976, 'beta_1': 2.0308124980318594, 'beta_2': 1.3385990886698242, 'beta_3': 0.45615315703389964, 'beta_4': 54.94236850887193, 'beta_5': 13.677408794539987, 'beta_6': 354.2899394408704}. Best is trial 957 with value: 71.38427157687855.
[I 2026-04-01 12:46:08,379] Trial 1396 finished with value: 84.79734775108928 and parameters: {'alpha_0': 13581.4810676116, 'alpha_1': 5527.450084761852, 'alpha_2': 48.3542956236045, 'beta_0': 0.352438500829845, 'beta_1': 1.6359284853261689, 'beta_2': 1.3388435344217104, 'beta_3': 0.3194367244554392, 'beta_4': 55.6700577759226, 'beta_5': 13.782199899076069, 'beta_6': 382.29697050583786}. Best is trial 957 with value: 71.38427157687855.
[I 2026-04-01 12:46:08,465] Trial 1397 finished with value: 89.76720505857097 and parameters: {'alpha_0': 13514.179141571578, 'alpha_1': 5589.069960080211, 'alpha_2': 48.34770359912166, 'beta_0': 0.3619686044741266, 'beta_1': 1.6272871860312035, 'beta_2': 1.34061697718197, 'beta_3': 0.47157798956458197, 'beta_4': 56.214102434628764, 'beta_5': 12.334447672671555, 'beta_6': 380.3481060474502}. Best is trial 957 with value: 71.38427157687855.
[I 2026-04-01 12:46:08,556] Trial 1391 finished with value: 77.71586183630268 and parameters: {'alpha_0': 15298.89453005134, 'alpha_1': 5445.860890941638, 'alpha_2': 47.88483732761962, 'beta_0': 0.2928694667739028, 'beta_1': 1.618371120825861, 'beta_2': 1.2448605565337973, 'beta_3': 0.46171980082880393, 'beta_4': 55.59556261601454, 'beta_5': 46.89768642017228, 'beta_6': 352.78413735089737}. Best is trial 957 with value: 71.38427157687855.
[I 2026-04-01 12:46:08,887] Trial 1392 finished with value: 77.16381506135497 and parameters: {'alpha_0': 14925.026241895766, 'alpha_1': 5421.969202036152, 'alpha_2': 48.66435304872378, 'beta_0': 0.29282315637752027, 'beta_1': 1.6082516996958385, 'beta_2': 1.169631551207663, 'beta_3': 0.4686330672442416, 'beta_4': 56.118549570242166, 'beta_5': 14.785049917499789, 'beta_6': 357.61319413515}. Best is trial 957 with value: 71.38427157687855.
[I 2026-04-01 12:46:08,908] Trial 1399 finished with value: 81.72109499279844 and parameters: {'alpha_0': 14098.12612486263, 'alpha_1': 5598.229319004498, 'alpha_2': 48.493312620849, 'beta_0': 0.337317310469585, 'beta_1': 2.0223131356433663, 'beta_2': 1.3413986365036543, 'beta_3': 0.3265883446802319, 'beta_4': 54.63590159342511, 'beta_5': 12.740781795149594, 'beta_6': 374.2797598912937}. Best is trial 957 with value: 71.38427157687855.
[I 2026-04-01 12:46:48,758] Trial 1400 finished with value: 81.81604475640425 and parameters: {'alpha_0': 13597.186603457565, 'alpha_1': 4685.854090033153, 'alpha_2': 48.69120451719828, 'beta_0': 0.356667842509426, 'beta_1': 1.653096320102721, 'beta_2': 1.3528592032269662, 'beta_3': 0.4621367749968217, 'beta_4': 53.92329564316309, 'beta_5': 13.933488236416169, 'beta_6': 391.9665697402331}. Best is trial 957 with value: 71.38427157687855.
[I 2026-04-01 12:46:49,442] Trial 1402 finished with value: 72.43403570828394 and parameters: {'alpha_0': 13902.649674919252, 'alpha_1': 5657.371998716014, 'alpha_2': 48.421654670880756, 'beta_0': 0.20067308420495594, 'beta_1': 1.6612769823760438, 'beta_2': 1.3580486170871005, 'beta_3': 0.4514484235946841, 'beta_4': 68.2391928408741, 'beta_5': 13.719413576812318, 'beta_6': 384.3347445667589}. Best is trial 957 with value: 71.38427157687855.
[I 2026-04-01 12:46:49,477] Trial 1407 finished with value: 79.45430437611077 and parameters: {'alpha_0': 16967.096531268344, 'alpha_1': 5792.031142345525, 'alpha_2': 47.31176454546943, 'beta_0': 0.29594470353571894, 'beta_1': 1.9070053123992383, 'beta_2': 1.359235200753457, 'beta_3': 0.35620057573905006, 'beta_4': 68.83192741804706, 'beta_5': 0.5262875846043134, 'beta_6': 310.4129483752596}. Best is trial 957 with value: 71.38427157687855.
[I 2026-04-01 12:46:49,602] Trial 1401 finished with value: 91.23259991105213 and parameters: {'alpha_0': 13547.705817788707, 'alpha_1': 4657.817734838068, 'alpha_2': 48.13757772229512, 'beta_0': 0.37802014006376705, 'beta_1': 1.9295514204034934, 'beta_2': 1.346329571444516, 'beta_3': 0.4606338089331205, 'beta_4': 69.09963407603504, 'beta_5': 12.122541697371643, 'beta_6': 438.78144685663415}. Best is trial 957 with value: 71.38427157687855.
Best trial: 957. Best value: 71.3843:  70%|███████   | 1404/2000 [1:41:28<42:22,  4.27s/it]Best trial: 957. Best value: 71.3843:  70%|███████   | 1404/2000 [1:41:28<42:22,  4.27s/it]Best trial: 957. Best value: 71.3843:  70%|███████   | 1405/2000 [1:41:28<33:34,  3.39s/it]                                                                                           Best trial: 957. Best value: 71.3843:  70%|███████   | 1405/2000 [1:41:28<33:34,  3.39s/it]Best trial: 957. Best value: 71.3843:  70%|███████   | 1405/2000 [1:41:28<33:34,  3.39s/it]                                                                                           Best trial: 957. Best value: 71.3843:  70%|███████   | 1406/2000 [1:41:29<33:30,  3.39s/it]                                                                                           Best trial: 957. Best value: 71.3843:  70%|███████   | 1406/2000 [1:41:29<33:30,  3.39s/it]Best trial: 957. Best value: 71.3843:  70%|███████   | 1406/2000 [1:41:29<33:30,  3.39s/it]Best trial: 957. Best value: 71.3843:  70%|███████   | 1407/2000 [1:41:29<21:07,  2.14s/it]Best trial: 957. Best value: 71.3843:  70%|███████   | 1407/2000 [1:41:29<21:07,  2.14s/it]                                                                                           Best trial: 957. Best value: 71.3843:  70%|███████   | 1408/2000 [1:41:29<21:05,  2.14s/it]Best trial: 957. Best value: 71.3843:  70%|███████   | 1408/2000 [1:41:29<21:05,  2.14s/it]Best trial: 957. Best value: 71.3843:  70%|███████   | 1409/2000 [1:41:29<14:48,  1.50s/it]                                                                                           Best trial: 957. Best value: 71.3843:  70%|███████   | 1409/2000 [1:41:30<14:48,  1.50s/it]Best trial: 957. Best value: 71.3843:  70%|███████   | 1409/2000 [1:41:30<14:48,  1.50s/it]Best trial: 957. Best value: 71.3843:  70%|███████   | 1410/2000 [1:41:30<13:17,  1.35s/it]                                                                                           Best trial: 957. Best value: 71.3843:  70%|███████   | 1410/2000 [1:42:09<13:17,  1.35s/it]Best trial: 957. Best value: 71.3843:  70%|███████   | 1410/2000 [1:42:09<13:17,  1.35s/it]Best trial: 957. Best value: 71.3843:  71%|███████   | 1411/2000 [1:42:09<1:36:17,  9.81s/it]                                                                                             Best trial: 957. Best value: 71.3843:  71%|███████   | 1411/2000 [1:42:10<1:36:17,  9.81s/it]Best trial: 957. Best value: 71.3843:  71%|███████   | 1411/2000 [1:42:10<1:36:17,  9.81s/it]Best trial: 957. Best value: 71.3843:  71%|███████   | 1412/2000 [1:42:10<1:13:22,  7.49s/it]                                                                                             Best trial: 957. Best value: 71.3843:  71%|███████   | 1412/2000 [1:42:10<1:13:22,  7.49s/it]Best trial: 957. Best value: 71.3843:  71%|███████   | 1412/2000 [1:42:10<1:13:22,  7.49s/it]Best trial: 957. Best value: 71.3843:  71%|███████   | 1413/2000 [1:42:10<54:45,  5.60s/it]                                                                                             Best trial: 957. Best value: 71.3843:  71%|███████   | 1413/2000 [1:42:10<54:45,  5.60s/it]Best trial: 957. Best value: 71.3843:  71%|███████   | 1413/2000 [1:42:10<54:45,  5.60s/it]Best trial: 957. Best value: 71.3843:  71%|███████   | 1414/2000 [1:42:10<40:27,  4.14s/it]                                                                                           Best trial: 957. Best value: 71.3843:  71%|███████   | 1414/2000 [1:42:10<40:27,  4.14s/it]Best trial: 957. Best value: 71.3843:  71%|███████   | 1414/2000 [1:42:10<40:27,  4.14s/it]                                                                                           Best trial: 957. Best value: 71.3843:  71%|███████   | 1415/2000 [1:42:10<40:23,  4.14s/it]Best trial: 957. Best value: 71.3843:  71%|███████   | 1415/2000 [1:42:10<40:23,  4.14s/it]Best trial: 957. Best value: 71.3843:  71%|███████   | 1416/2000 [1:42:10<23:12,  2.38s/it]                                                                                           Best trial: 957. Best value: 71.3843:  71%|███████   | 1416/2000 [1:42:10<23:12,  2.38s/it]                                                                                           Best trial: 957. Best value: 71.3843:  71%|███████   | 1416/2000 [1:42:10<23:12,  2.38s/it]Best trial: 957. Best value: 71.3843:  71%|███████   | 1416/2000 [1:42:10<23:12,  2.38s/it]Best trial: 957. Best value: 71.3843:  71%|███████   | 1417/2000 [1:42:10<18:03,  1.86s/it]Best trial: 957. Best value: 71.3843:  71%|███████   | 1417/2000 [1:42:10<18:03,  1.86s/it]                                                                                           Best trial: 957. Best value: 71.3843:  71%|███████   | 1418/2000 [1:42:10<18:01,  1.86s/it]Best trial: 957. Best value: 71.3843:  71%|███████   | 1418/2000 [1:42:10<18:01,  1.86s/it]Best trial: 957. Best value: 71.3843:  71%|███████   | 1419/2000 [1:42:10<11:09,  1.15s/it]                                                                                           Best trial: 957. Best value: 71.3843:  71%|███████   | 1419/2000 [1:42:11<11:09,  1.15s/it]Best trial: 957. Best value: 71.3843:  71%|███████   | 1419/2000 [1:42:11<11:09,  1.15s/it]Best trial: 957. Best value: 71.3843:  71%|███████   | 1420/2000 [1:42:11<09:47,  1.01s/it]                                                                                           Best trial: 957. Best value: 71.3843:  71%|███████   | 1420/2000 [1:42:51<09:47,  1.01s/it]Best trial: 957. Best value: 71.3843:  71%|███████   | 1420/2000 [1:42:51<09:47,  1.01s/it]Best trial: 957. Best value: 71.3843:  71%|███████   | 1421/2000 [1:42:51<1:40:26, 10.41s/it]                                                                                             Best trial: 957. Best value: 71.3843:  71%|███████   | 1421/2000 [1:42:51<1:40:26, 10.41s/it]Best trial: 957. Best value: 71.3843:  71%|███████   | 1421/2000 [1:42:51<1:40:26, 10.41s/it]                                                                                             [I 2026-04-01 12:46:49,780] Trial 1403 finished with value: 113.91758480051863 and parameters: {'alpha_0': 41675.1060795559, 'alpha_1': 5777.846470332086, 'alpha_2': 48.10963809232372, 'beta_0': 0.20031864544428785, 'beta_1': 1.8998416622401528, 'beta_2': 1.341039018781683, 'beta_3': 0.3426066339573842, 'beta_4': 49.607674838014994, 'beta_5': 0.14320698870697957, 'beta_6': 317.2934792711771}. Best is trial 957 with value: 71.38427157687855.
[I 2026-04-01 12:46:49,828] Trial 1404 finished with value: 76.16394307532865 and parameters: {'alpha_0': 13672.68209251942, 'alpha_1': 5720.166534220003, 'alpha_2': 48.192656061987684, 'beta_0': 0.28849403696762754, 'beta_1': 1.9041763051917784, 'beta_2': 1.351427862262996, 'beta_3': 0.3417008197008078, 'beta_4': 50.070128365319505, 'beta_5': 9.222079629946306, 'beta_6': 372.62972349078893}. Best is trial 957 with value: 71.38427157687855.
[I 2026-04-01 12:46:49,956] Trial 1406 finished with value: 1031.7314807099679 and parameters: {'alpha_0': 17237.02637862049, 'alpha_1': 5716.3577841415945, 'alpha_2': 47.920993060327206, 'beta_0': 2.3521471588872984, 'beta_1': 1.9294490152215604, 'beta_2': 1.355425862960834, 'beta_3': 0.34777053076969466, 'beta_4': 68.57557786507846, 'beta_5': 8.717959056994177, 'beta_6': 396.0996762066619}. Best is trial 957 with value: 71.38427157687855.
[I 2026-04-01 12:46:49,989] Trial 1409 finished with value: 72.19184275365754 and parameters: {'alpha_0': 16947.397617450708, 'alpha_1': 5100.065253852278, 'alpha_2': 47.29259863592575, 'beta_0': 0.20230422430535927, 'beta_1': 1.9204895976450447, 'beta_2': 1.3010260037543129, 'beta_3': 0.30754961583742424, 'beta_4': 66.96736605014272, 'beta_5': 0.732953280463926, 'beta_6': 392.5959689568456}. Best is trial 957 with value: 71.38427157687855.
[I 2026-04-01 12:46:50,665] Trial 1405 finished with value: 221.07037779424786 and parameters: {'alpha_0': 42310.16080049413, 'alpha_1': 4828.383779783095, 'alpha_2': 47.686801552814444, 'beta_0': 0.20019759018158426, 'beta_1': 1.921602645199432, 'beta_2': 1.359580071643149, 'beta_3': 0.4566674651355454, 'beta_4': 69.15281654741023, 'beta_5': 488.0905099181074, 'beta_6': 375.48216291961364}. Best is trial 957 with value: 71.38427157687855.
[I 2026-04-01 12:46:51,415] Trial 1408 finished with value: 796.0352279641661 and parameters: {'alpha_0': 17116.171615215157, 'alpha_1': 4684.216291307504, 'alpha_2': 47.232689865033926, 'beta_0': 1.9008448341638975, 'beta_1': 1.678757267343043, 'beta_2': 1.2930207092030561, 'beta_3': 0.3444688904718764, 'beta_4': 68.87880417081296, 'beta_5': 0.10667237546330421, 'beta_6': 304.11556324049985}. Best is trial 957 with value: 71.38427157687855.
[I 2026-04-01 12:47:30,670] Trial 1410 finished with value: 73.60706203509048 and parameters: {'alpha_0': 17211.973574960135, 'alpha_1': 5040.4117564698945, 'alpha_2': 47.111212421708395, 'beta_0': 0.24995400885676217, 'beta_1': 1.7818826391950005, 'beta_2': 1.2909183762395053, 'beta_3': 0.35145632904893376, 'beta_4': 67.05464031697485, 'beta_5': 8.487787107314151, 'beta_6': 389.5347610460081}. Best is trial 957 with value: 71.38427157687855.
[I 2026-04-01 12:47:30,882] Trial 1411 finished with value: 74.31970499490384 and parameters: {'alpha_0': 16977.245181328974, 'alpha_1': 4795.878578117632, 'alpha_2': 47.148552064798984, 'beta_0': 0.2501419145777626, 'beta_1': 1.8893678373222713, 'beta_2': 1.3017508102955533, 'beta_3': 0.33875634532752863, 'beta_4': 48.08240657675455, 'beta_5': 7.103601319896391, 'beta_6': 317.009472075342}. Best is trial 957 with value: 71.38427157687855.
[I 2026-04-01 12:47:31,002] Trial 1414 finished with value: 73.01466373990823 and parameters: {'alpha_0': 16859.195492418796, 'alpha_1': 5029.478919728216, 'alpha_2': 45.87794950466293, 'beta_0': 0.20009377062085454, 'beta_1': 1.7873018322022745, 'beta_2': 1.284112001234455, 'beta_3': 0.30482651828108837, 'beta_4': 74.02158334900658, 'beta_5': 0.055662976197352165, 'beta_6': 408.31079367950053}. Best is trial 957 with value: 71.38427157687855.
[I 2026-04-01 12:47:31,178] Trial 1417 finished with value: 74.43385875615155 and parameters: {'alpha_0': 17200.347702586423, 'alpha_1': 4554.724450918445, 'alpha_2': 47.228806270833445, 'beta_0': 0.24745558708889737, 'beta_1': 1.9701256845580322, 'beta_2': 1.2922522023084486, 'beta_3': 0.2953737531450412, 'beta_4': 75.48104588971404, 'beta_5': 0.8551687514665467, 'beta_6': 384.9781431505012}. Best is trial 957 with value: 71.38427157687855.
[I 2026-04-01 12:47:31,241] Trial 1416 finished with value: 96.19339732756475 and parameters: {'alpha_0': 19434.204267801266, 'alpha_1': 5210.079388342783, 'alpha_2': 46.90810589255974, 'beta_0': 0.24845498535227814, 'beta_1': 1.8834503270051355, 'beta_2': 0.4462783800810839, 'beta_3': 0.2967036385846293, 'beta_4': 71.64109515575947, 'beta_5': 0.12036771279457703, 'beta_6': 389.7048170364976}. Best is trial 957 with value: 71.38427157687855.
[I 2026-04-01 12:47:31,357] Trial 1412 finished with value: 73.08547178772548 and parameters: {'alpha_0': 16950.706021023463, 'alpha_1': 5100.370912112621, 'alpha_2': 46.264528050151085, 'beta_0': 0.2002847323849666, 'beta_1': 1.7850781010780397, 'beta_2': 1.2893082740328161, 'beta_3': 0.306865268613678, 'beta_4': 50.09469938008589, 'beta_5': 8.027967677815898, 'beta_6': 395.5828808342048}. Best is trial 957 with value: 71.38427157687855.
[I 2026-04-01 12:47:31,504] Trial 1418 finished with value: 79.9036716302221 and parameters: {'alpha_0': 22276.874512955685, 'alpha_1': 5116.082807135366, 'alpha_2': 46.410144792454545, 'beta_0': 0.2530009623591084, 'beta_1': 1.9593149572982744, 'beta_2': 1.276072230925289, 'beta_3': 0.29293184673566997, 'beta_4': 75.9198340106797, 'beta_5': 0.15404902761258654, 'beta_6': 389.68849175719953}. Best is trial 957 with value: 71.38427157687855.
[I 2026-04-01 12:47:31,519] Trial 1415 finished with value: 73.11567924351897 and parameters: {'alpha_0': 17271.032184429925, 'alpha_1': 5144.67676623435, 'alpha_2': 45.99935843298128, 'beta_0': 0.20181495129013652, 'beta_1': 1.7840191192101296, 'beta_2': 1.289236549322816, 'beta_3': 0.3112078776081501, 'beta_4': 47.21619647888685, 'beta_5': 24.032397411424093, 'beta_6': 387.06044327783724}. Best is trial 957 with value: 71.38427157687855.
[I 2026-04-01 12:47:31,721] Trial 1413 finished with value: 231.25674937668202 and parameters: {'alpha_0': 39913.342952045394, 'alpha_1': 4961.3541887348065, 'alpha_2': 46.243699481236426, 'beta_0': 0.46897881175741585, 'beta_1': 1.782625336142209, 'beta_2': 1.2873030469599969, 'beta_3': 0.3062039669877246, 'beta_4': 167.78412517475113, 'beta_5': 24.734010845353207, 'beta_6': 408.5309372681175}. Best is trial 957 with value: 71.38427157687855.
[I 2026-04-01 12:47:32,266] Trial 1419 finished with value: 144.60830679581258 and parameters: {'alpha_0': 21558.781785702435, 'alpha_1': 5390.83611801402, 'alpha_2': 46.643438497336334, 'beta_0': 0.24803423960202728, 'beta_1': 1.8669792773844813, 'beta_2': 1.2757923793986439, 'beta_3': 0.30331499826684705, 'beta_4': 66.95833529913963, 'beta_5': 405.3505662297798, 'beta_6': 404.39894131807614}. Best is trial 957 with value: 71.38427157687855.
[I 2026-04-01 12:48:12,081] Trial 1420 finished with value: 74.3175471474122 and parameters: {'alpha_0': 16553.09371247799, 'alpha_1': 5073.490106269445, 'alpha_2': 46.235165039073586, 'beta_0': 0.2507731808690262, 'beta_1': 2.091145458554394, 'beta_2': 1.280413840442924, 'beta_3': 0.2940734388106728, 'beta_4': 71.47017243138681, 'beta_5': 0.059596521830428406, 'beta_6': 394.51359238451374}. Best is trial 957 with value: 71.38427157687855.
[I 2026-04-01 12:48:12,098] Trial 1421 finished with value: 117.16279683359681 and parameters: {'alpha_0': 15736.203228747698, 'alpha_1': 5104.705161012291, 'alpha_2': 46.604245563537056, 'beta_0': 0.4533926334397101, 'beta_1': 1.892569852546791, 'beta_2': 1.1684094307740438, 'beta_3': 0.2927696497812749, 'beta_4': 72.64964954888435, 'beta_5': 0.11298468378427806, 'beta_6': 384.8543732607421}. Best is trial 957 with value: 71.38427157687855.
