[I 2026-04-01 12:41:58,119] Trial 1336 finished with value: 79.20693553764517 and parameters: {'alpha_0': 18167.696488024907, 'alpha_1': 5046.967877733341, 'alpha_2': 39.408464512089125, 'beta_0': 0.2911354755193104, 'beta_1': 1.608984840094266, 'beta_2': 1.457285290495772, 'beta_3': 0.0083985947221136, 'beta_4': 46.998836691152235, 'beta_5': 24.513319401385914, 'beta_6': 461.25531253939835}. Best is trial 957 with value: 71.38427157687855.
[I 2026-04-01 12:41:58,262] Trial 1334 finished with value: 81.08233872452232 and parameters: {'alpha_0': 18849.38672823636, 'alpha_1': 4733.783928870866, 'alpha_2': 40.22619963694715, 'beta_0': 0.29825822994299944, 'beta_1': 1.604051781151802, 'beta_2': 1.45150881587569, 'beta_3': 0.0864377922159838, 'beta_4': 41.614651258123445, 'beta_5': 24.028767082999785, 'beta_6': 225.65891081296115}. Best is trial 957 with value: 71.38427157687855.
[I 2026-04-01 12:41:58,341] Trial 1335 finished with value: 77.67522449698762 and parameters: {'alpha_0': 18773.651650102398, 'alpha_1': 4293.807722096718, 'alpha_2': 40.37257659917866, 'beta_0': 0.2940191776530936, 'beta_1': 1.608700483762855, 'beta_2': 1.4632259340299707, 'beta_3': 0.0301594154965523, 'beta_4': 50.83381889998915, 'beta_5': 16.586183833802913, 'beta_6': 253.38204373427106}. Best is trial 957 with value: 71.38427157687855.
[I 2026-04-01 12:41:58,630] Trial 1337 finished with value: 74.506640546332 and parameters: {'alpha_0': 18042.868992654745, 'alpha_1': 5186.901929400644, 'alpha_2': 40.56534819242682, 'beta_0': 0.20022108845394743, 'beta_1': 1.614291523359059, 'beta_2': 1.4508388661897533, 'beta_3': 0.055581839895748504, 'beta_4': 52.12728500487803, 'beta_5': 24.257926699988182, 'beta_6': 472.85202542131395}. Best is trial 957 with value: 71.38427157687855.
[I 2026-04-01 12:41:58,971] Trial 1339 finished with value: 78.88411509439109 and parameters: {'alpha_0': 18734.376765486733, 'alpha_1': 4922.240200512543, 'alpha_2': 41.08446742348684, 'beta_0': 0.29068563485511684, 'beta_1': 1.7669705270505498, 'beta_2': 1.5158157062752167, 'beta_3': 0.003354621987919762, 'beta_4': 52.91556289676212, 'beta_5': 25.387474127524214, 'beta_6': 261.62185796135714}. Best is trial 957 with value: 71.38427157687855.
[I 2026-04-01 12:42:38,823] Trial 1340 finished with value: 80.96310138419994 and parameters: {'alpha_0': 18087.093471472333, 'alpha_1': 9416.821811949583, 'alpha_2': 40.759777959752256, 'beta_0': 0.288310794111525, 'beta_1': 1.775876670692988, 'beta_2': 1.513055033609818, 'beta_3': 0.025580526178070107, 'beta_4': 40.83024748446048, 'beta_5': 20.922578745711256, 'beta_6': 462.3269442182999}. Best is trial 957 with value: 71.38427157687855.
[I 2026-04-01 12:42:39,432] Trial 1348 finished with value: 74.44049976414036 and parameters: {'alpha_0': 17211.9494535282, 'alpha_1': 5010.126317211997, 'alpha_2': 41.996995224887684, 'beta_0': 0.25377829076371844, 'beta_1': 1.7637014214938713, 'beta_2': 1.4975392843515025, 'beta_3': 0.11713950585116716, 'beta_4': 56.86386118537233, 'beta_5': 11.273709061787935, 'beta_6': 271.6008905949769}. Best is trial 957 with value: 71.38427157687855.
[I 2026-04-01 12:42:39,478] Trial 1341 finished with value: 94.40785351032719 and parameters: {'alpha_0': 26534.648398806778, 'alpha_1': 5033.713078209168, 'alpha_2': 39.73195957314438, 'beta_0': 0.29455666485594684, 'beta_1': 1.7467198191575535, 'beta_2': 1.4631675903431618, 'beta_3': 0.09340957861059315, 'beta_4': 52.16700852404263, 'beta_5': 24.830149230097437, 'beta_6': 188.69077155056797}. Best is trial 957 with value: 71.38427157687855.
[I 2026-04-01 12:42:39,529] Trial 1342 finished with value: 77.91386212740277 and parameters: {'alpha_0': 17934.604916397642, 'alpha_1': 5367.91830716061, 'alpha_2': 39.5914025174849, 'beta_0': 0.290945660737666, 'beta_1': 1.7770545426444002, 'beta_2': 1.5075188552440695, 'beta_3': 0.09639479642670784, 'beta_4': 41.252079142137134, 'beta_5': 19.05501138649828, 'beta_6': 231.77287164692734}. Best is trial 957 with value: 71.38427157687855.
[I 2026-04-01 12:42:39,695] Trial 1343 finished with value: 85.06741416805033 and parameters: {'alpha_0': 26562.652069187294, 'alpha_1': 5146.878952108948, 'alpha_2': 40.31168959358801, 'beta_0': 0.20006077476348819, 'beta_1': 1.7533151634087225, 'beta_2': 1.513271738673836, 'beta_3': 0.10839349839149129, 'beta_4': 52.59944202599815, 'beta_5': 12.189394172565008, 'beta_6': 466.39301293867123}. Best is trial 957 with value: 71.38427157687855.
[I 2026-04-01 12:42:39,696] Trial 1344 finished with value: 75.12928197343723 and parameters: {'alpha_0': 17497.485459645064, 'alpha_1': 5160.570857462421, 'alpha_2': 40.41387941720945, 'beta_0': 0.25252157641168105, 'beta_1': 1.7646654085686506, 'beta_2': 1.5051525271533193, 'beta_3': 0.11075045213581051, 'beta_4': 46.15466411082148, 'beta_5': 13.592125067033393, 'beta_6': 264.1028897897717}. Best is trial 957 with value: 71.38427157687855.
[I 2026-04-01 12:42:39,739] Trial 1346 finished with value: 78.86022823988148 and parameters: {'alpha_0': 4700.936327499527, 'alpha_1': 5333.178262685318, 'alpha_2': 40.430156256857764, 'beta_0': 0.24983456753443276, 'beta_1': 1.7631619189027568, 'beta_2': 1.5433813696173697, 'beta_3': 0.12217857583919656, 'beta_4': 52.84577478914175, 'beta_5': 14.767637860635, 'beta_6': 464.45705160680274}. Best is trial 957 with value: 71.38427157687855.
[I 2026-04-01 12:42:39,739] Trial 1347 finished with value: 74.4564186116734 and parameters: {'alpha_0': 17192.123529100594, 'alpha_1': 5271.110812587297, 'alpha_2': 40.948262591877075, 'beta_0': 0.2508317456822852, 'beta_1': 1.7793182755846637, 'beta_2': 1.5186736205682423, 'beta_3': 0.42406429107526633, 'beta_4': 54.198616347806556, 'beta_5': 12.139931620400162, 'beta_6': 194.43279765475546}. Best is trial 957 with value: 71.38427157687855.
[I 2026-04-01 12:42:39,836] Trial 1349 finished with value: 74.48491260789498 and parameters: {'alpha_0': 17640.451065051817, 'alpha_1': 4925.459798993999, 'alpha_2': 43.77485217849555, 'beta_0': 0.2547901540176273, 'beta_1': 1.7598126036338897, 'beta_2': 1.5309180305643417, 'beta_3': 0.14355218195496158, 'beta_4': 57.26674661545421, 'beta_5': 10.775053639727977, 'beta_6': 311.4255162769698}. Best is trial 957 with value: 71.38427157687855.
[I 2026-04-01 12:42:40,514] Trial 1345 finished with value: 75.4322300759988 and parameters: {'alpha_0': 17618.92194120525, 'alpha_1': 4566.421637934631, 'alpha_2': 40.23780854850163, 'beta_0': 0.25168477730585825, 'beta_1': 1.7544713597764001, 'beta_2': 1.5136258461311392, 'beta_3': 0.030822437034874542, 'beta_4': 51.860805885171764, 'beta_5': 15.356018586339896, 'beta_6': 465.07182727675445}. Best is trial 957 with value: 71.38427157687855.
Best trial: 957. Best value: 71.3843:  68%|██████▊   | 1350/2000 [1:37:59<20:57,  1.94s/it]Best trial: 957. Best value: 71.3843:  68%|██████▊   | 1350/2000 [1:37:59<20:57,  1.94s/it]Best trial: 957. Best value: 71.3843:  68%|██████▊   | 1351/2000 [1:37:59<1:11:41,  6.63s/it]                                                                                             Best trial: 957. Best value: 71.3843:  68%|██████▊   | 1351/2000 [1:38:00<1:11:41,  6.63s/it]Best trial: 957. Best value: 71.3843:  68%|██████▊   | 1351/2000 [1:38:00<1:11:41,  6.63s/it]Best trial: 957. Best value: 71.3843:  68%|██████▊   | 1352/2000 [1:38:00<1:01:31,  5.70s/it]                                                                                             Best trial: 957. Best value: 71.3843:  68%|██████▊   | 1352/2000 [1:38:00<1:01:31,  5.70s/it]Best trial: 957. Best value: 71.3843:  68%|██████▊   | 1352/2000 [1:38:00<1:01:31,  5.70s/it]Best trial: 957. Best value: 71.3843:  68%|██████▊   | 1353/2000 [1:38:00<51:01,  4.73s/it]                                                                                             Best trial: 957. Best value: 71.3843:  68%|██████▊   | 1353/2000 [1:38:00<51:01,  4.73s/it]                                                                                           Best trial: 957. Best value: 71.3843:  68%|██████▊   | 1353/2000 [1:38:00<51:01,  4.73s/it]                                                                                           Best trial: 957. Best value: 71.3843:  68%|██████▊   | 1353/2000 [1:38:00<51:01,  4.73s/it]Best trial: 957. Best value: 71.3843:  68%|██████▊   | 1353/2000 [1:38:00<51:01,  4.73s/it]Best trial: 957. Best value: 71.3843:  68%|██████▊   | 1354/2000 [1:38:00<40:46,  3.79s/it]Best trial: 957. Best value: 71.3843:  68%|██████▊   | 1354/2000 [1:38:00<40:46,  3.79s/it]Best trial: 957. Best value: 71.3843:  68%|██████▊   | 1355/2000 [1:38:00<40:42,  3.79s/it]                                                                                           Best trial: 957. Best value: 71.3843:  68%|██████▊   | 1356/2000 [1:38:00<40:39,  3.79s/it]Best trial: 957. Best value: 71.3843:  68%|██████▊   | 1356/2000 [1:38:00<40:39,  3.79s/it]                                                                                           Best trial: 957. Best value: 71.3843:  68%|██████▊   | 1357/2000 [1:38:01<40:35,  3.79s/it]Best trial: 957. Best value: 71.3843:  68%|██████▊   | 1357/2000 [1:38:01<40:35,  3.79s/it]Best trial: 957. Best value: 71.3843:  68%|██████▊   | 1358/2000 [1:38:01<19:10,  1.79s/it]                                                                                           Best trial: 957. Best value: 71.3843:  68%|██████▊   | 1358/2000 [1:38:02<19:10,  1.79s/it]Best trial: 957. Best value: 71.3843:  68%|██████▊   | 1358/2000 [1:38:02<19:10,  1.79s/it]Best trial: 957. Best value: 71.3843:  68%|██████▊   | 1359/2000 [1:38:02<18:16,  1.71s/it]                                                                                           Best trial: 957. Best value: 71.3843:  68%|██████▊   | 1359/2000 [1:38:02<18:16,  1.71s/it]Best trial: 957. Best value: 71.3843:  68%|██████▊   | 1359/2000 [1:38:02<18:16,  1.71s/it]Best trial: 957. Best value: 71.3843:  68%|██████▊   | 1360/2000 [1:38:02<15:07,  1.42s/it]                                                                                           Best trial: 957. Best value: 71.3843:  68%|██████▊   | 1360/2000 [1:38:41<15:07,  1.42s/it]Best trial: 957. Best value: 71.3843:  68%|██████▊   | 1360/2000 [1:38:41<15:07,  1.42s/it]Best trial: 957. Best value: 71.3843:  68%|██████▊   | 1361/2000 [1:38:41<1:38:38,  9.26s/it]                                                                                             Best trial: 957. Best value: 71.3843:  68%|██████▊   | 1361/2000 [1:38:42<1:38:38,  9.26s/it]Best trial: 957. Best value: 71.3843:  68%|██████▊   | 1361/2000 [1:38:42<1:38:38,  9.26s/it]Best trial: 957. Best value: 71.3843:  68%|██████▊   | 1362/2000 [1:38:42<1:18:29,  7.38s/it]                                                                                             Best trial: 957. Best value: 71.3843:  68%|██████▊   | 1362/2000 [1:38:42<1:18:29,  7.38s/it]Best trial: 957. Best value: 71.3843:  68%|██████▊   | 1362/2000 [1:38:42<1:18:29,  7.38s/it]Best trial: 957. Best value: 71.3843:  68%|██████▊   | 1363/2000 [1:38:42<59:08,  5.57s/it]                                                                                             Best trial: 957. Best value: 71.3843:  68%|██████▊   | 1363/2000 [1:38:42<59:08,  5.57s/it]Best trial: 957. Best value: 71.3843:  68%|██████▊   | 1363/2000 [1:38:42<59:08,  5.57s/it]                                                                                           Best trial: 957. Best value: 71.3843:  68%|██████▊   | 1364/2000 [1:38:42<59:03,  5.57s/it]Best trial: 957. Best value: 71.3843:  68%|██████▊   | 1364/2000 [1:38:42<59:03,  5.57s/it]Best trial: 957. Best value: 71.3843:  68%|██████▊   | 1365/2000 [1:38:42<34:46,  3.29s/it]                                                                                           Best trial: 957. Best value: 71.3843:  68%|██████▊   | 1365/2000 [1:38:42<34:46,  3.29s/it]Best trial: 957. Best value: 71.3843:  68%|██████▊   | 1365/2000 [1:38:42<34:46,  3.29s/it]Best trial: 957. Best value: 71.3843:  68%|██████▊   | 1366/2000 [1:38:42<27:09,  2.57s/it]                                                                                           Best trial: 957. Best value: 71.3843:  68%|██████▊   | 1366/2000 [1:38:42<27:09,  2.57s/it]Best trial: 957. Best value: 71.3843:  68%|██████▊   | 1366/2000 [1:38:42<27:09,  2.57s/it]Best trial: 957. Best value: 71.3843:  68%|██████▊   | 1367/2000 [1:38:42<20:49,  1.97s/it]                                                                                           Best trial: 957. Best value: 71.3843:  68%|██████▊   | 1367/2000 [1:38:42<20:49,  1.97s/it]Best trial: 957. Best value: 71.3843:  68%|██████▊   | 1367/2000 [1:38:42<20:49,  1.97s/it]                                                                                           [I 2026-04-01 12:43:20,682] Trial 1350 finished with value: 72.4367755999822 and parameters: {'alpha_0': 17248.132629361484, 'alpha_1': 6371.604887308231, 'alpha_2': 47.960633107830645, 'beta_0': 0.20097394656742074, 'beta_1': 1.7527563765064187, 'beta_2': 1.53114643333544, 'beta_3': 0.1290535343202711, 'beta_4': 58.03544363007186, 'beta_5': 11.917520895637304, 'beta_6': 187.6316143639474}. Best is trial 957 with value: 71.38427157687855.
[I 2026-04-01 12:43:21,249] Trial 1358 finished with value: 94.44642016382146 and parameters: {'alpha_0': 15792.095875462486, 'alpha_1': 6411.805004260224, 'alpha_2': 47.94177017391929, 'beta_0': 0.3523697382268391, 'beta_1': 1.6567457057565467, 'beta_2': 1.3514456131666883, 'beta_3': 0.36607382102959996, 'beta_4': 58.43790420027687, 'beta_5': 9.78000015070914, 'beta_6': 443.3281420042336}. Best is trial 957 with value: 71.38427157687855.
[I 2026-04-01 12:43:21,585] Trial 1354 finished with value: 87.27439490463719 and parameters: {'alpha_0': 15185.40845750219, 'alpha_1': 6050.406326736429, 'alpha_2': 43.80772597814845, 'beta_0': 0.3457178974515571, 'beta_1': 1.8519596736062502, 'beta_2': 1.3629113079546844, 'beta_3': 0.32255238513382833, 'beta_4': 58.53343415268769, 'beta_5': 8.212073040096461, 'beta_6': 447.69398105278407}. Best is trial 957 with value: 71.38427157687855.
[I 2026-04-01 12:43:21,673] Trial 1353 finished with value: 74.00930570390874 and parameters: {'alpha_0': 15204.658795484229, 'alpha_1': 5194.0645025991, 'alpha_2': 47.82170344488653, 'beta_0': 0.24801769578637906, 'beta_1': 1.6494078740349598, 'beta_2': 1.345688367836449, 'beta_3': 0.4341460244649231, 'beta_4': 46.62836917845488, 'beta_5': 0.1383898448680796, 'beta_6': 308.38940922887053}. Best is trial 957 with value: 71.38427157687855.
[I 2026-04-01 12:43:21,679] Trial 1356 finished with value: 114.97471184028086 and parameters: {'alpha_0': 15327.536671313179, 'alpha_1': 8586.815025631213, 'alpha_2': 43.85005707683432, 'beta_0': 0.24945553109984073, 'beta_1': 1.6578725774201746, 'beta_2': 1.6070950494613492, 'beta_3': 0.3557954969626173, 'beta_4': 59.06001176150729, 'beta_5': 276.6561370156421, 'beta_6': 449.9934056491377}. Best is trial 957 with value: 71.38427157687855.
[I 2026-04-01 12:43:21,694] Trial 1351 finished with value: 72.8834451749905 and parameters: {'alpha_0': 15021.842124205285, 'alpha_1': 5324.409056116346, 'alpha_2': 43.65493703289107, 'beta_0': 0.24943109749154835, 'beta_1': 1.6516102277846327, 'beta_2': 1.5191537746725763, 'beta_3': 0.14363846433093572, 'beta_4': 56.873846975284884, 'beta_5': 12.329863059760713, 'beta_6': 215.26581087089838}. Best is trial 957 with value: 71.38427157687855.
[I 2026-04-01 12:43:21,748] Trial 1352 finished with value: 72.77042979258815 and parameters: {'alpha_0': 15113.260292282233, 'alpha_1': 5340.899852710937, 'alpha_2': 47.83433721717811, 'beta_0': 0.2489216983791328, 'beta_1': 1.6491917017912665, 'beta_2': 1.5185824449318615, 'beta_3': 0.13365459208754799, 'beta_4': 45.19761340508163, 'beta_5': 10.672222587429204, 'beta_6': 194.6833887202161}. Best is trial 957 with value: 71.38427157687855.
[I 2026-04-01 12:43:22,020] Trial 1357 finished with value: 71.85906647455016 and parameters: {'alpha_0': 15415.703920669746, 'alpha_1': 5229.480261482558, 'alpha_2': 47.953856170183194, 'beta_0': 0.20159919083193725, 'beta_1': 1.6540780473866634, 'beta_2': 1.3441104451267551, 'beta_3': 0.35988235904126753, 'beta_4': 59.434887656577715, 'beta_5': 7.370380648438074, 'beta_6': 368.1376605859331}. Best is trial 957 with value: 71.38427157687855.
[I 2026-04-01 12:43:23,324] Trial 1355 finished with value: 268.5243342566556 and parameters: {'alpha_0': 15261.418155047368, 'alpha_1': 4629.694173875376, 'alpha_2': 47.99038204768055, 'beta_0': 0.6830711169237971, 'beta_1': 1.9049101766431447, 'beta_2': 1.3427530930023113, 'beta_3': 0.35547049950345266, 'beta_4': 58.54910813274006, 'beta_5': 275.1761163109105, 'beta_6': 219.39323088741497}. Best is trial 957 with value: 71.38427157687855.
[I 2026-04-01 12:43:23,469] Trial 1359 finished with value: 90.75650379761726 and parameters: {'alpha_0': 15214.855824787392, 'alpha_1': 4969.499298239825, 'alpha_2': 47.607261117123436, 'beta_0': 0.34359005266776255, 'beta_1': 1.6488777665472716, 'beta_2': 1.3472996684028244, 'beta_3': 0.3560490593512283, 'beta_4': 58.95938414384737, 'beta_5': 8.096074551640564, 'beta_6': 440.7654886053684}. Best is trial 957 with value: 71.38427157687855.
[I 2026-04-01 12:44:02,039] Trial 1360 finished with value: 79.77699769362704 and parameters: {'alpha_0': 15182.952536973165, 'alpha_1': 7715.55426683435, 'alpha_2': 43.99483928257512, 'beta_0': 0.3446035846211867, 'beta_1': 1.6422974086700564, 'beta_2': 1.3582845593141741, 'beta_3': 0.3403289803992199, 'beta_4': 45.879463804665754, 'beta_5': 0.8565070747973405, 'beta_6': 363.39919150545114}. Best is trial 957 with value: 71.38427157687855.
[I 2026-04-01 12:44:03,188] Trial 1361 finished with value: 83.44369050102578 and parameters: {'alpha_0': 15032.467844009916, 'alpha_1': 4983.658785490213, 'alpha_2': 43.85284255890865, 'beta_0': 0.3381013005164244, 'beta_1': 1.8426319199326924, 'beta_2': 1.3042119239156529, 'beta_3': 0.34091614861891806, 'beta_4': 46.73626393632272, 'beta_5': 7.756730653420057, 'beta_6': 201.98896567723187}. Best is trial 957 with value: 71.38427157687855.
[I 2026-04-01 12:44:03,289] Trial 1365 finished with value: 179.66709835972338 and parameters: {'alpha_0': 14163.34096680082, 'alpha_1': 5657.410684779353, 'alpha_2': 42.350070660038796, 'beta_0': 0.7071279286030985, 'beta_1': 1.8752790515726134, 'beta_2': 1.307011071024757, 'beta_3': 0.20682064061986596, 'beta_4': 65.09370422555925, 'beta_5': 7.010591844362717, 'beta_6': 191.32527364727613}. Best is trial 957 with value: 71.38427157687855.
[I 2026-04-01 12:44:03,319] Trial 1364 finished with value: 72.77499863231016 and parameters: {'alpha_0': 14052.525669399267, 'alpha_1': 6133.6474499897, 'alpha_2': 42.26991914588126, 'beta_0': 0.20011833944164895, 'beta_1': 2.6906434487031143, 'beta_2': 1.3157563038076465, 'beta_3': 0.36107551980561575, 'beta_4': 65.72851648222998, 'beta_5': 0.4993846290391488, 'beta_6': 186.32669978487195}. Best is trial 957 with value: 71.38427157687855.
[I 2026-04-01 12:44:03,424] Trial 1362 finished with value: 85.29505038041711 and parameters: {'alpha_0': 2342.681727549998, 'alpha_1': 7689.545939811183, 'alpha_2': 42.20475505996446, 'beta_0': 0.24631476530062235, 'beta_1': 1.8350264093806645, 'beta_2': 1.3022913077499751, 'beta_3': 0.3548710604396368, 'beta_4': 64.5903356740437, 'beta_5': 0.9841492808357053, 'beta_6': 214.36278601658603}. Best is trial 957 with value: 71.38427157687855.
[I 2026-04-01 12:44:03,582] Trial 1366 finished with value: 72.82213891947929 and parameters: {'alpha_0': 13919.971662900216, 'alpha_1': 4917.691926788734, 'alpha_2': 46.27295978522048, 'beta_0': 0.20089004774245878, 'beta_1': 1.9130778083910525, 'beta_2': 1.3097643726838963, 'beta_3': 0.21898671740731487, 'beta_4': 67.24840513260098, 'beta_5': 7.312267610672118, 'beta_6': 395.284557212527}. Best is trial 957 with value: 71.38427157687855.
[I 2026-04-01 12:44:03,736] Trial 1363 finished with value: 296.3521315894077 and parameters: {'alpha_0': 14050.822147448533, 'alpha_1': 5656.23947738202, 'alpha_2': 42.10550796035495, 'beta_0': 0.9945410236561008, 'beta_1': 1.829031739394136, 'beta_2': 1.2897727658768905, 'beta_3': 0.22269531933493275, 'beta_4': 65.28551410366009, 'beta_5': 0.5697766193356708, 'beta_6': 438.45061780841786}. Best is trial 957 with value: 71.38427157687855.
[I 2026-04-01 12:44:03,771] Trial 1367 finished with value: 85.59310538579902 and parameters: {'alpha_0': 14188.599591253613, 'alpha_1': 4940.154675651527, 'alpha_2': 49.19917729716969, 'beta_0': 0.3403288560253581, 'beta_1': 1.8391400674759655, 'beta_2': 1.298402510127016, 'beta_3': 0.42679721989573965, 'beta_4': 65.90194127018076, 'beta_5': 1.0788070474616227, 'beta_6': 379.95003029012736}. Best is trial 957 with value: 71.38427157687855.
