[I 2026-04-01 11:31:21,494] Trial 368 finished with value: 99.6307146351242 and parameters: {'alpha_0': 16158.982925262513, 'alpha_1': 1676.9384601093511, 'alpha_2': 8.357194197798345, 'beta_0': 0.40420695581908667, 'beta_1': 0.8720875358544788, 'beta_2': 0.6913297825678972, 'beta_3': 1.0317174119997188, 'beta_4': 95.53802986833075, 'beta_5': 146.93177852810905, 'beta_6': 102.6881978572786}. Best is trial 341 with value: 73.80326667868428.
[I 2026-04-01 11:31:21,871] Trial 365 finished with value: 109.10265643714726 and parameters: {'alpha_0': 16031.915125299356, 'alpha_1': 1637.2386889338568, 'alpha_2': 9.700474140675242, 'beta_0': 0.4301382428540252, 'beta_1': 0.8726340063317769, 'beta_2': 0.7907422815915703, 'beta_3': 1.029749483786194, 'beta_4': 95.31928124124745, 'beta_5': 145.55881390090974, 'beta_6': 98.49759953050469}. Best is trial 341 with value: 73.80326667868428.
[I 2026-04-01 11:31:21,991] Trial 366 finished with value: 95.06946087803692 and parameters: {'alpha_0': 16178.299117847324, 'alpha_1': 1629.7744124427368, 'alpha_2': 6.171183722311518, 'beta_0': 0.4124818612403973, 'beta_1': 0.8676653466437284, 'beta_2': 0.7337843061973025, 'beta_3': 1.0358218215568558, 'beta_4': 95.27477997406925, 'beta_5': 145.7548290714975, 'beta_6': 101.67429076228913}. Best is trial 341 with value: 73.80326667868428.
[I 2026-04-01 11:31:22,047] Trial 364 finished with value: 98.28749466693941 and parameters: {'alpha_0': 16170.018251411988, 'alpha_1': 1582.4612342846879, 'alpha_2': 8.786657339126677, 'beta_0': 0.40555763490747254, 'beta_1': 0.879926503784952, 'beta_2': 0.7827995301262716, 'beta_3': 0.896806439306058, 'beta_4': 93.01562681045212, 'beta_5': 145.76694876770281, 'beta_6': 99.63430178235282}. Best is trial 341 with value: 73.80326667868428.
[I 2026-04-01 11:32:01,447] Trial 373 finished with value: 84.57447785901547 and parameters: {'alpha_0': 17662.37549168408, 'alpha_1': 1861.8757944582699, 'alpha_2': 25.845283598401835, 'beta_0': 0.28937728679860236, 'beta_1': 0.6175399035648266, 'beta_2': 0.8468855148509241, 'beta_3': 0.9652880061431393, 'beta_4': 98.92706107375665, 'beta_5': 145.34664268364847, 'beta_6': 61.84171131005664}. Best is trial 341 with value: 73.80326667868428.
[I 2026-04-01 11:32:01,453] Trial 374 finished with value: 79.9811992448507 and parameters: {'alpha_0': 13196.36160336599, 'alpha_1': 1864.2629435999397, 'alpha_2': 10.228745976644966, 'beta_0': 0.28375920125646203, 'beta_1': 0.6367229231678984, 'beta_2': 0.8386789096755689, 'beta_3': 0.9659213093001091, 'beta_4': 97.53461150792519, 'beta_5': 147.87220069117126, 'beta_6': 62.63813670046076}. Best is trial 341 with value: 73.80326667868428.
[I 2026-04-01 11:32:01,483] Trial 379 finished with value: 87.15940771939086 and parameters: {'alpha_0': 13408.953849872301, 'alpha_1': 1859.2913411014451, 'alpha_2': 26.09349627375774, 'beta_0': 0.27985877439648293, 'beta_1': 0.6185819013551711, 'beta_2': 0.8630734646770336, 'beta_3': 0.977843925343377, 'beta_4': 34.520686760102166, 'beta_5': 157.1781506518518, 'beta_6': 74.69247825670178}. Best is trial 341 with value: 73.80326667868428.
[I 2026-04-01 11:32:01,487] Trial 371 finished with value: 108.4562913966001 and parameters: {'alpha_0': 16304.2019680857, 'alpha_1': 1820.7247706933622, 'alpha_2': 9.495365878408375, 'beta_0': 0.4164095180869664, 'beta_1': 0.6007490354866216, 'beta_2': 0.8477052814168202, 'beta_3': 0.9205294137472115, 'beta_4': 95.64353367859016, 'beta_5': 146.59357180376026, 'beta_6': 100.60138768425318}. Best is trial 341 with value: 73.80326667868428.
[I 2026-04-01 11:32:01,550] Trial 372 finished with value: 85.8548810302196 and parameters: {'alpha_0': 17815.32244193237, 'alpha_1': 1475.2064558105071, 'alpha_2': 6.351840869699492, 'beta_0': 0.28488830077780564, 'beta_1': 0.6902733959466286, 'beta_2': 0.8392389842510132, 'beta_3': 1.0339128450756108, 'beta_4': 97.13607266746168, 'beta_5': 148.4267251939604, 'beta_6': 64.0005912504599}. Best is trial 341 with value: 73.80326667868428.
[I 2026-04-01 11:32:01,628] Trial 376 finished with value: 79.53734669225221 and parameters: {'alpha_0': 17579.730224451385, 'alpha_1': 1816.9082441716137, 'alpha_2': 6.534541563309573, 'beta_0': 0.28333085596670926, 'beta_1': 0.6194734298197796, 'beta_2': 0.848622251018685, 'beta_3': 0.9749093421316304, 'beta_4': 98.5068517244512, 'beta_5': 152.8320514130487, 'beta_6': 77.84237798246727}. Best is trial 341 with value: 73.80326667868428.
[I 2026-04-01 11:32:01,877] Trial 378 finished with value: 113.43745757280172 and parameters: {'alpha_0': 36236.19963924738, 'alpha_1': 1891.7768412459257, 'alpha_2': 6.035725561179804, 'beta_0': 0.2867653771674731, 'beta_1': 0.6080136757737881, 'beta_2': 0.8400792386443148, 'beta_3': 0.9637633512988143, 'beta_4': 100.02115601981278, 'beta_5': 152.5477922267412, 'beta_6': 64.86178348997137}. Best is trial 341 with value: 73.80326667868428.
[I 2026-04-01 11:32:01,882] Trial 375 finished with value: 78.00139144231977 and parameters: {'alpha_0': 13398.835023762425, 'alpha_1': 1858.66953277592, 'alpha_2': 26.187262605143154, 'beta_0': 0.287666626773285, 'beta_1': 0.6269467347064578, 'beta_2': 0.8504384106106941, 'beta_3': 0.9436437497427611, 'beta_4': 97.81517783228959, 'beta_5': 152.0675942532687, 'beta_6': 61.64606079841616}. Best is trial 341 with value: 73.80326667868428.
Best trial: 341. Best value: 73.8033:  19%|█▉        | 378/2000 [26:41<1:15:12,  2.78s/it]                                                                                          Best trial: 341. Best value: 73.8033:  19%|█▉        | 378/2000 [26:41<1:15:12,  2.78s/it]Best trial: 341. Best value: 73.8033:  19%|█▉        | 378/2000 [26:41<1:15:12,  2.78s/it]Best trial: 341. Best value: 73.8033:  19%|█▉        | 379/2000 [26:41<1:15:09,  2.78s/it]Best trial: 341. Best value: 73.8033:  19%|█▉        | 380/2000 [26:41<57:43,  2.14s/it]  Best trial: 341. Best value: 73.8033:  19%|█▉        | 380/2000 [27:00<57:43,  2.14s/it]                                                                                        Best trial: 341. Best value: 73.8033:  19%|█▉        | 380/2000 [27:20<57:43,  2.14s/it]Best trial: 341. Best value: 73.8033:  19%|█▉        | 380/2000 [27:21<57:43,  2.14s/it]Best trial: 341. Best value: 73.8033:  19%|█▉        | 381/2000 [27:21<3:25:30,  7.62s/it]                                                                                          Best trial: 341. Best value: 73.8033:  19%|█▉        | 381/2000 [27:21<3:25:30,  7.62s/it]Best trial: 341. Best value: 73.8033:  19%|█▉        | 381/2000 [27:21<3:25:30,  7.62s/it]Best trial: 341. Best value: 73.8033:  19%|█▉        | 382/2000 [27:21<2:50:39,  6.33s/it]                                                                                          Best trial: 341. Best value: 73.8033:  19%|█▉        | 382/2000 [27:21<2:50:39,  6.33s/it]Best trial: 341. Best value: 73.8033:  19%|█▉        | 382/2000 [27:21<2:50:39,  6.33s/it]                                                                                          Best trial: 341. Best value: 73.8033:  19%|█▉        | 383/2000 [27:21<2:50:32,  6.33s/it]Best trial: 341. Best value: 73.8033:  19%|█▉        | 383/2000 [27:21<2:50:32,  6.33s/it]Best trial: 341. Best value: 73.8033:  19%|█▉        | 384/2000 [27:21<1:55:15,  4.28s/it]                                                                                          Best trial: 341. Best value: 73.8033:  19%|█▉        | 384/2000 [27:21<1:55:15,  4.28s/it]                                                                                          Best trial: 341. Best value: 73.8033:  19%|█▉        | 384/2000 [27:21<1:55:15,  4.28s/it]                                                                                          Best trial: 341. Best value: 73.8033:  19%|█▉        | 384/2000 [27:21<1:55:15,  4.28s/it]Best trial: 341. Best value: 73.8033:  19%|█▉        | 384/2000 [27:21<1:55:15,  4.28s/it]Best trial: 341. Best value: 73.8033:  19%|█▉        | 385/2000 [27:21<1:55:11,  4.28s/it]                                                                                          Best trial: 341. Best value: 73.8033:  19%|█▉        | 386/2000 [27:21<1:55:06,  4.28s/it]Best trial: 341. Best value: 73.8033:  19%|█▉        | 386/2000 [27:21<1:55:06,  4.28s/it]Best trial: 341. Best value: 73.8033:  19%|█▉        | 387/2000 [27:21<1:55:02,  4.28s/it]Best trial: 341. Best value: 73.8033:  19%|█▉        | 388/2000 [27:21<59:35,  2.22s/it]                                                                                          Best trial: 341. Best value: 73.8033:  19%|█▉        | 388/2000 [27:21<59:35,  2.22s/it]Best trial: 341. Best value: 73.8033:  19%|█▉        | 388/2000 [27:21<59:35,  2.22s/it]                                                                                        Best trial: 341. Best value: 73.8033:  19%|█▉        | 389/2000 [27:21<59:33,  2.22s/it]Best trial: 341. Best value: 73.8033:  19%|█▉        | 389/2000 [27:21<59:33,  2.22s/it]Best trial: 341. Best value: 73.8033:  20%|█▉        | 390/2000 [27:21<45:12,  1.68s/it]Best trial: 341. Best value: 73.8033:  20%|█▉        | 390/2000 [27:40<45:12,  1.68s/it]                                                                                        Best trial: 341. Best value: 73.8033:  20%|█▉        | 390/2000 [28:02<45:12,  1.68s/it]Best trial: 341. Best value: 73.8033:  20%|█▉        | 390/2000 [28:02<45:12,  1.68s/it]Best trial: 341. Best value: 73.8033:  20%|█▉        | 391/2000 [28:02<3:29:03,  7.80s/it]                                                                                          Best trial: 341. Best value: 73.8033:  20%|█▉        | 391/2000 [28:02<3:29:03,  7.80s/it]                                                                                          Best trial: 341. Best value: 73.8033:  20%|█▉        | 391/2000 [28:02<3:29:03,  7.80s/it]                                                                                          Best trial: 341. Best value: 73.8033:  20%|█▉        | 391/2000 [28:02<3:29:03,  7.80s/it]Best trial: 341. Best value: 73.8033:  20%|█▉        | 391/2000 [28:02<3:29:03,  7.80s/it]                                                                                          Best trial: 341. Best value: 73.8033:  20%|█▉        | 392/2000 [28:02<3:28:55,  7.80s/it]Best trial: 341. Best value: 73.8033:  20%|█▉        | 392/2000 [28:02<3:28:55,  7.80s/it]Best trial: 341. Best value: 73.8033:  20%|█▉        | 393/2000 [28:02<3:28:47,  7.80s/it]                                                                                          Best trial: 341. Best value: 73.8033:  20%|█▉        | 394/2000 [28:02<3:28:40,  7.80s/it]                                                                                          [I 2026-04-01 11:32:01,996] Trial 370 finished with value: 113.05521336125096 and parameters: {'alpha_0': 16189.950050752226, 'alpha_1': 1794.9877679821093, 'alpha_2': 7.931098984906467, 'beta_0': 0.43371461928781624, 'beta_1': 0.5992993936061712, 'beta_2': 0.8363422303798835, 'beta_3': 1.0313806473370892, 'beta_4': 96.2249414778006, 'beta_5': 146.05493783854448, 'beta_6': 99.3734049970525}. Best is trial 341 with value: 73.80326667868428.
[I 2026-04-01 11:32:02,003] Trial 377 finished with value: 77.99054840190198 and parameters: {'alpha_0': 13602.13401190096, 'alpha_1': 1834.357669199486, 'alpha_2': 5.979598185356593, 'beta_0': 0.28462497842017154, 'beta_1': 0.6133772146662515, 'beta_2': 0.8510424256256018, 'beta_3': 0.9717610291637239, 'beta_4': 98.82092904498754, 'beta_5': 152.25726967458007, 'beta_6': 64.64408128231636}. Best is trial 341 with value: 73.80326667868428.
[I 2026-04-01 11:32:41,859] Trial 380 finished with value: 81.25347856910274 and parameters: {'alpha_0': 17672.986201010586, 'alpha_1': 1381.048326672951, 'alpha_2': 4.4575416795516505, 'beta_0': 0.2604063326454983, 'beta_1': 0.6941228137092609, 'beta_2': 0.8509193318882878, 'beta_3': 1.0408034646887137, 'beta_4': 105.42007554020469, 'beta_5': 166.94476627336866, 'beta_6': 79.98691010121173}. Best is trial 341 with value: 73.80326667868428.
[I 2026-04-01 11:32:41,987] Trial 385 finished with value: 235.66691969467288 and parameters: {'alpha_0': 49885.4960521929, 'alpha_1': 1365.5555267267287, 'alpha_2': 22.55473578021747, 'beta_0': 0.20007599865404477, 'beta_1': 0.7047539173203932, 'beta_2': 2.9759419140412886, 'beta_3': 1.0605292635130774, 'beta_4': 19.729913966110317, 'beta_5': 169.18851069208264, 'beta_6': 82.84074304062594}. Best is trial 341 with value: 73.80326667868428.
[I 2026-04-01 11:32:42,171] Trial 386 finished with value: 92.83191143634116 and parameters: {'alpha_0': 14908.848764500894, 'alpha_1': 1375.18232437868, 'alpha_2': 4.257352045823483, 'beta_0': 0.35144302838956054, 'beta_1': 0.6912211665509883, 'beta_2': 0.8815095090212639, 'beta_3': 1.0646275051603038, 'beta_4': 102.66182134811294, 'beta_5': 167.0702079685047, 'beta_6': 79.55949167187333}. Best is trial 341 with value: 73.80326667868428.
[I 2026-04-01 11:32:42,200] Trial 387 finished with value: 93.93114312494086 and parameters: {'alpha_0': 14835.588761554005, 'alpha_1': 2243.4683365612823, 'alpha_2': 4.285540004365896, 'beta_0': 0.351949157153029, 'beta_1': 0.6827786670486775, 'beta_2': 0.8875871302379534, 'beta_3': 1.0610562060296562, 'beta_4': 102.33980834287331, 'beta_5': 167.41953241483492, 'beta_6': 80.88662642608641}. Best is trial 341 with value: 73.80326667868428.
[I 2026-04-01 11:32:42,257] Trial 388 finished with value: 86.80345430447905 and parameters: {'alpha_0': 14837.778694662135, 'alpha_1': 2185.9783453916207, 'alpha_2': 22.374654422162145, 'beta_0': 0.3503020949713094, 'beta_1': 0.7142151969556071, 'beta_2': 0.8794182078209062, 'beta_3': 1.0785224939312723, 'beta_4': 102.08021462534595, 'beta_5': 166.58117314025378, 'beta_6': 84.52952629075395}. Best is trial 341 with value: 73.80326667868428.
[I 2026-04-01 11:32:42,257] Trial 381 finished with value: 80.88502200205798 and parameters: {'alpha_0': 14614.651197414105, 'alpha_1': 2227.5208288590416, 'alpha_2': 23.50346892133327, 'beta_0': 0.2604003118649328, 'beta_1': 0.727383774171654, 'beta_2': 0.8649192523443344, 'beta_3': 1.0440926213807065, 'beta_4': 100.54822968920915, 'beta_5': 167.38708267405892, 'beta_6': 87.93361151917965}. Best is trial 341 with value: 73.80326667868428.
[I 2026-04-01 11:32:42,265] Trial 384 finished with value: 105.0307974284316 and parameters: {'alpha_0': 19049.039163747257, 'alpha_1': 1359.182619639651, 'alpha_2': 3.8155163023813228, 'beta_0': 0.35228900604007196, 'beta_1': 0.6874063840519279, 'beta_2': 0.8752793168069621, 'beta_3': 1.0648941012131106, 'beta_4': 102.2077834586363, 'beta_5': 168.20112969984373, 'beta_6': 79.64332694221245}. Best is trial 341 with value: 73.80326667868428.
[I 2026-04-01 11:32:42,285] Trial 389 finished with value: 86.04109057023533 and parameters: {'alpha_0': 15122.952664484414, 'alpha_1': 1357.7256443314934, 'alpha_2': 23.49634171636448, 'beta_0': 0.34384904205598776, 'beta_1': 0.7025920837169337, 'beta_2': 0.8876086460050286, 'beta_3': 1.0735093713504773, 'beta_4': 106.0055035467449, 'beta_5': 167.34664866216704, 'beta_6': 88.21335344495408}. Best is trial 341 with value: 73.80326667868428.
[I 2026-04-01 11:32:42,354] Trial 383 finished with value: 1071.6036858258315 and parameters: {'alpha_0': 18824.734763479566, 'alpha_1': 1301.7854986086586, 'alpha_2': 22.227859700317456, 'beta_0': 2.221299599108287, 'beta_1': 0.6929619527662312, 'beta_2': 0.8657125710557881, 'beta_3': 0.9853559814967948, 'beta_4': 101.40950141012641, 'beta_5': 166.2841985721341, 'beta_6': 81.23723225912751}. Best is trial 341 with value: 73.80326667868428.
[I 2026-04-01 11:32:42,606] Trial 382 finished with value: 1038.9481716356913 and parameters: {'alpha_0': 17809.99363447063, 'alpha_1': 2211.1782242576, 'alpha_2': 3.958937253729743, 'beta_0': 2.1820663446578377, 'beta_1': 0.7036536920052873, 'beta_2': 0.8648443060246699, 'beta_3': 1.045348364284342, 'beta_4': 101.99616755111693, 'beta_5': 132.9053779949557, 'beta_6': 82.716083205245}. Best is trial 341 with value: 73.80326667868428.
[I 2026-04-01 11:33:23,652] Trial 391 finished with value: 88.00862707683302 and parameters: {'alpha_0': 18746.131578789118, 'alpha_1': 2240.781921266966, 'alpha_2': 2.904892507223732, 'beta_0': 0.3472711130614964, 'beta_1': 0.7463272147188086, 'beta_2': 0.7925742343594581, 'beta_3': 1.936467800888757, 'beta_4': 101.99625084732199, 'beta_5': 133.18448917716677, 'beta_6': 82.34075787325959}. Best is trial 341 with value: 73.80326667868428.
[I 2026-04-01 11:33:23,664] Trial 393 finished with value: 81.06988715821551 and parameters: {'alpha_0': 18449.278420030314, 'alpha_1': 2123.865563159803, 'alpha_2': 23.52322278514585, 'beta_0': 0.2511891710823246, 'beta_1': 0.756113428978016, 'beta_2': 0.7888066951636289, 'beta_3': 1.006187274374186, 'beta_4': 116.07387402114979, 'beta_5': 133.89712270382793, 'beta_6': 87.92447321899226}. Best is trial 341 with value: 73.80326667868428.
[I 2026-04-01 11:33:23,682] Trial 394 finished with value: 78.12173064991643 and parameters: {'alpha_0': 18068.507424774583, 'alpha_1': 1165.3950250557134, 'alpha_2': 27.435510870603977, 'beta_0': 0.24314455023621884, 'beta_1': 0.7722625512834277, 'beta_2': 1.0108766764786052, 'beta_3': 1.013084159757276, 'beta_4': 106.59394092464198, 'beta_5': 134.96457024695746, 'beta_6': 72.4676165447615}. Best is trial 341 with value: 73.80326667868428.
[I 2026-04-01 11:33:23,683] Trial 390 finished with value: 98.28550068203025 and parameters: {'alpha_0': 18987.3259220622, 'alpha_1': 2120.3502098106173, 'alpha_2': 23.39006446626641, 'beta_0': 0.3535842316121567, 'beta_1': 0.7494558657372725, 'beta_2': 0.7884372628701879, 'beta_3': 1.073336793598343, 'beta_4': 101.64834154797488, 'beta_5': 167.3256836492132, 'beta_6': 85.37300938576342}. Best is trial 341 with value: 73.80326667868428.
[I 2026-04-01 11:33:23,684] Trial 399 finished with value: 76.84877682266489 and parameters: {'alpha_0': 18849.08036114964, 'alpha_1': 1144.2908421633497, 'alpha_2': 27.085425791448152, 'beta_0': 0.2013761998345421, 'beta_1': 0.7760109774893623, 'beta_2': 0.7805452687731669, 'beta_3': 0.9980979761257989, 'beta_4': 118.02172310489041, 'beta_5': 133.47001512220652, 'beta_6': 116.45884738660824}. Best is trial 341 with value: 73.80326667868428.
[I 2026-04-01 11:33:23,684] Trial 398 finished with value: 86.54600833229551 and parameters: {'alpha_0': 17950.234072292315, 'alpha_1': 1151.991893534525, 'alpha_2': 27.22122825275441, 'beta_0': 0.2477778769772498, 'beta_1': 0.7671660625243152, 'beta_2': 0.988251444657494, 'beta_3': 1.0109840185680312, 'beta_4': 116.71869640238693, 'beta_5': 132.47901674716562, 'beta_6': 108.43959517880704}. Best is trial 341 with value: 73.80326667868428.
