[I 2026-04-01 13:32:47,443] Trial 1656 finished with value: 79.63989489356693 and parameters: {'alpha_0': 12993.897044765425, 'alpha_1': 3290.3941307887876, 'alpha_2': 48.97990482239245, 'beta_0': 0.3340797660463146, 'beta_1': 2.2831772990784405, 'beta_2': 1.5061256996292969, 'beta_3': 0.5030812299345853, 'beta_4': 67.52250397960182, 'beta_5': 28.48185257863245, 'beta_6': 153.36802890215458}. Best is trial 1590 with value: 71.38264104367624.
[I 2026-04-01 13:32:47,533] Trial 1657 finished with value: 78.08921595100783 and parameters: {'alpha_0': 12806.933795081386, 'alpha_1': 3787.3555634304084, 'alpha_2': 48.991851861073826, 'beta_0': 0.3331631927477959, 'beta_1': 2.209717065629526, 'beta_2': 1.4973190190026122, 'beta_3': 0.4168648918887091, 'beta_4': 68.04387507958437, 'beta_5': 29.483300235647356, 'beta_6': 150.77395968943998}. Best is trial 1590 with value: 71.38264104367624.
[I 2026-04-01 13:32:47,533] Trial 1655 finished with value: 71.89977703709573 and parameters: {'alpha_0': 13056.205625038807, 'alpha_1': 2967.3429444348094, 'alpha_2': 49.81975636978919, 'beta_0': 0.20012286574487367, 'beta_1': 2.236460847565208, 'beta_2': 1.5106223098311207, 'beta_3': 0.5080672567105539, 'beta_4': 66.20425726464477, 'beta_5': 0.10760930637944754, 'beta_6': 153.58402904169324}. Best is trial 1590 with value: 71.38264104367624.
[I 2026-04-01 13:32:47,653] Trial 1658 finished with value: 81.77374012548627 and parameters: {'alpha_0': 13366.884392694037, 'alpha_1': 3477.2608887088886, 'alpha_2': 47.40159204949481, 'beta_0': 0.33780783758663635, 'beta_1': 1.981413312922998, 'beta_2': 1.5139556051993273, 'beta_3': 0.5159513412712609, 'beta_4': 67.70530546732898, 'beta_5': 29.551155856103158, 'beta_6': 156.16689804001956}. Best is trial 1590 with value: 71.38264104367624.
[I 2026-04-01 13:32:47,794] Trial 1654 finished with value: 122.9916770300853 and parameters: {'alpha_0': 12947.793793266548, 'alpha_1': 3664.1017265474743, 'alpha_2': 49.41330745024044, 'beta_0': 0.33434516973551687, 'beta_1': 2.177624459111334, 'beta_2': 1.5434634362642157, 'beta_3': 0.5867712358893022, 'beta_4': 67.28811771523152, 'beta_5': 262.4820139836995, 'beta_6': 155.01861369098998}. Best is trial 1590 with value: 71.38264104367624.
[I 2026-04-01 13:32:48,219] Trial 1659 finished with value: 84.23761998230313 and parameters: {'alpha_0': 13111.018728435523, 'alpha_1': 3248.0675362788647, 'alpha_2': 49.07515825127749, 'beta_0': 0.3393785507435835, 'beta_1': 2.248101524952738, 'beta_2': 1.4654970862677386, 'beta_3': 0.4246318879782604, 'beta_4': 66.96693464636334, 'beta_5': 30.592333592024367, 'beta_6': 153.2850447512329}. Best is trial 1590 with value: 71.38264104367624.
[I 2026-04-01 13:33:38,471] Trial 1660 finished with value: 152.01344410721293 and parameters: {'alpha_0': 47967.35296144585, 'alpha_1': 2936.895306061366, 'alpha_2': 48.83534573269622, 'beta_0': 0.3346505539471122, 'beta_1': 2.2206568750785594, 'beta_2': 1.4959217084783705, 'beta_3': 0.5217199731494634, 'beta_4': 65.56064484381339, 'beta_5': 27.498962330975285, 'beta_6': 130.11216740780668}. Best is trial 1590 with value: 71.38264104367624.
[I 2026-04-01 13:33:39,300] Trial 1669 finished with value: 75.14434625774757 and parameters: {'alpha_0': 11832.978060503323, 'alpha_1': 3413.504159877619, 'alpha_2': 48.68920523352285, 'beta_0': 0.2001984086535969, 'beta_1': 1.9789334126570735, 'beta_2': 1.627750430096266, 'beta_3': 0.41189595217810093, 'beta_4': 76.26233239351528, 'beta_5': 7.59478196998555, 'beta_6': 160.72875905939082}. Best is trial 1590 with value: 71.38264104367624.
[I 2026-04-01 13:33:39,625] Trial 1662 finished with value: 72.56102059118729 and parameters: {'alpha_0': 16062.913121838877, 'alpha_1': 3471.4912238084707, 'alpha_2': 46.12370655081132, 'beta_0': 0.20033407727123637, 'beta_1': 2.1017806239010217, 'beta_2': 1.4377647260534652, 'beta_3': 0.41397649981838874, 'beta_4': 63.92399657655064, 'beta_5': 0.21342781771047292, 'beta_6': 134.83093526665414}. Best is trial 1590 with value: 71.38264104367624.
[I 2026-04-01 13:33:40,048] Trial 1666 finished with value: 76.90513276041362 and parameters: {'alpha_0': 12071.308375700386, 'alpha_1': 3546.895622907238, 'alpha_2': 49.795997765983365, 'beta_0': 0.3061885097201413, 'beta_1': 2.166041693807119, 'beta_2': 1.4318160397362545, 'beta_3': 0.5525066195628344, 'beta_4': 65.15172575140073, 'beta_5': 0.4475123195566386, 'beta_6': 156.93197035134415}. Best is trial 1590 with value: 71.38264104367624.
[I 2026-04-01 13:33:40,318] Trial 1661 finished with value: 78.51486234197557 and parameters: {'alpha_0': 13095.962843255214, 'alpha_1': 3362.5534503517797, 'alpha_2': 46.330173091419105, 'beta_0': 0.32765018102080995, 'beta_1': 2.0990642105649178, 'beta_2': 1.462900716664102, 'beta_3': 0.49611531819707044, 'beta_4': 65.0194318644653, 'beta_5': 32.152189910681294, 'beta_6': 132.9069841378234}. Best is trial 1590 with value: 71.38264104367624.
[I 2026-04-01 13:33:40,569] Trial 1663 finished with value: 72.58063367165838 and parameters: {'alpha_0': 16004.354336242039, 'alpha_1': 3426.865929749972, 'alpha_2': 46.344984156742726, 'beta_0': 0.20005212253548044, 'beta_1': 2.1897959309071546, 'beta_2': 1.4365602784513587, 'beta_3': 0.4107043616375546, 'beta_4': 64.00402125869155, 'beta_5': 28.529151516061987, 'beta_6': 135.64061443739791}. Best is trial 1590 with value: 71.38264104367624.
[I 2026-04-01 13:33:40,685] Trial 1668 finished with value: 78.17757097378475 and parameters: {'alpha_0': 12313.145576026422, 'alpha_1': 2957.1860848900587, 'alpha_2': 49.2438414941624, 'beta_0': 0.2978309662547173, 'beta_1': 2.5890943837127876, 'beta_2': 1.6261456816747661, 'beta_3': 0.5364645218224434, 'beta_4': 63.70600117941261, 'beta_5': 1.2619308606506028, 'beta_6': 134.14797071647067}. Best is trial 1590 with value: 71.38264104367624.
[I 2026-04-01 13:33:40,896] Trial 1664 finished with value: 73.10784692035514 and parameters: {'alpha_0': 12219.606666121585, 'alpha_1': 3465.8416947949586, 'alpha_2': 49.49236234508453, 'beta_0': 0.200510852000972, 'beta_1': 2.3612224463251907, 'beta_2': 1.6104109070418737, 'beta_3': 0.5241267663224699, 'beta_4': 63.96114865791606, 'beta_5': 1.1029697751977299, 'beta_6': 160.54767338550135}. Best is trial 1590 with value: 71.38264104367624.
[I 2026-04-01 13:33:41,074] Trial 1665 finished with value: 148.06733445108304 and parameters: {'alpha_0': 47818.64159942571, 'alpha_1': 3743.5627409782146, 'alpha_2': 48.97467651656717, 'beta_0': 0.31196772873767736, 'beta_1': 2.1921541174396295, 'beta_2': 1.6200563918570543, 'beta_3': 0.4994301538964147, 'beta_4': 63.99259861037986, 'beta_5': 1.2441624557491986, 'beta_6': 161.09408490166643}. Best is trial 1590 with value: 71.38264104367624.
Best trial: 1590. Best value: 71.3826:  83%|████████▎ | 1669/2000 [2:28:21<06:23,  1.16s/it]Best trial: 1590. Best value: 71.3826:  83%|████████▎ | 1669/2000 [2:28:21<06:23,  1.16s/it]Best trial: 1590. Best value: 71.3826:  84%|████████▎ | 1670/2000 [2:28:21<06:00,  1.09s/it]                                                                                            Best trial: 1590. Best value: 71.3826:  84%|████████▎ | 1670/2000 [2:29:19<06:00,  1.09s/it]Best trial: 1590. Best value: 71.3826:  84%|████████▎ | 1670/2000 [2:29:19<06:00,  1.09s/it]Best trial: 1590. Best value: 71.3826:  84%|████████▎ | 1671/2000 [2:29:19<1:37:41, 17.82s/it]                                                                                              Best trial: 1590. Best value: 71.3826:  84%|████████▎ | 1671/2000 [2:29:19<1:37:41, 17.82s/it]Best trial: 1590. Best value: 71.3826:  84%|████████▎ | 1671/2000 [2:29:19<1:37:41, 17.82s/it]Best trial: 1590. Best value: 71.3826:  84%|████████▎ | 1672/2000 [2:29:19<1:09:06, 12.64s/it]                                                                                              Best trial: 1590. Best value: 71.3826:  84%|████████▎ | 1672/2000 [2:29:19<1:09:06, 12.64s/it]Best trial: 1590. Best value: 71.3826:  84%|████████▎ | 1672/2000 [2:29:19<1:09:06, 12.64s/it]Best trial: 1590. Best value: 71.3826:  84%|████████▎ | 1673/2000 [2:29:19<48:46,  8.95s/it]                                                                                              Best trial: 1590. Best value: 71.3826:  84%|████████▎ | 1673/2000 [2:29:19<48:46,  8.95s/it]                                                                                            Best trial: 1590. Best value: 71.3826:  84%|████████▎ | 1673/2000 [2:29:20<48:46,  8.95s/it]Best trial: 1590. Best value: 71.3826:  84%|████████▎ | 1673/2000 [2:29:20<48:46,  8.95s/it]Best trial: 1590. Best value: 71.3826:  84%|████████▎ | 1674/2000 [2:29:20<34:20,  6.32s/it]                                                                                            Best trial: 1590. Best value: 71.3826:  84%|████████▎ | 1674/2000 [2:29:20<34:20,  6.32s/it]Best trial: 1590. Best value: 71.3826:  84%|████████▎ | 1674/2000 [2:29:20<34:20,  6.32s/it]Best trial: 1590. Best value: 71.3826:  84%|████████▍ | 1675/2000 [2:29:20<34:14,  6.32s/it]                                                                                            Best trial: 1590. Best value: 71.3826:  84%|████████▍ | 1676/2000 [2:29:20<34:07,  6.32s/it]Best trial: 1590. Best value: 71.3826:  84%|████████▍ | 1676/2000 [2:29:20<34:07,  6.32s/it]Best trial: 1590. Best value: 71.3826:  84%|████████▍ | 1677/2000 [2:29:20<15:07,  2.81s/it]                                                                                            Best trial: 1590. Best value: 71.3826:  84%|████████▍ | 1677/2000 [2:29:20<15:07,  2.81s/it]Best trial: 1590. Best value: 71.3826:  84%|████████▍ | 1677/2000 [2:29:20<15:07,  2.81s/it]Best trial: 1590. Best value: 71.3826:  84%|████████▍ | 1678/2000 [2:29:20<12:18,  2.29s/it]                                                                                            Best trial: 1590. Best value: 71.3826:  84%|████████▍ | 1678/2000 [2:29:20<12:18,  2.29s/it]Best trial: 1590. Best value: 71.3826:  84%|████████▍ | 1678/2000 [2:29:20<12:18,  2.29s/it]Best trial: 1590. Best value: 71.3826:  84%|████████▍ | 1679/2000 [2:29:20<09:36,  1.79s/it]                                                                                            Best trial: 1590. Best value: 71.3826:  84%|████████▍ | 1679/2000 [2:29:21<09:36,  1.79s/it]Best trial: 1590. Best value: 71.3826:  84%|████████▍ | 1679/2000 [2:29:21<09:36,  1.79s/it]Best trial: 1590. Best value: 71.3826:  84%|████████▍ | 1680/2000 [2:29:21<07:46,  1.46s/it]                                                                                            Best trial: 1590. Best value: 71.3826:  84%|████████▍ | 1680/2000 [2:30:12<07:46,  1.46s/it]Best trial: 1590. Best value: 71.3826:  84%|████████▍ | 1680/2000 [2:30:12<07:46,  1.46s/it]Best trial: 1590. Best value: 71.3826:  84%|████████▍ | 1681/2000 [2:30:12<1:17:18, 14.54s/it]                                                                                              Best trial: 1590. Best value: 71.3826:  84%|████████▍ | 1681/2000 [2:30:12<1:17:18, 14.54s/it]Best trial: 1590. Best value: 71.3826:  84%|████████▍ | 1681/2000 [2:30:12<1:17:18, 14.54s/it]Best trial: 1590. Best value: 71.3826:  84%|████████▍ | 1682/2000 [2:30:12<56:28, 10.66s/it]                                                                                              Best trial: 1590. Best value: 71.3826:  84%|████████▍ | 1682/2000 [2:30:13<56:28, 10.66s/it]Best trial: 1590. Best value: 71.3826:  84%|████████▍ | 1682/2000 [2:30:13<56:28, 10.66s/it]Best trial: 1590. Best value: 71.3826:  84%|████████▍ | 1683/2000 [2:30:13<41:12,  7.80s/it]                                                                                            Best trial: 1590. Best value: 71.3826:  84%|████████▍ | 1683/2000 [2:30:13<41:12,  7.80s/it]Best trial: 1590. Best value: 71.3826:  84%|████████▍ | 1683/2000 [2:30:13<41:12,  7.80s/it]                                                                                            Best trial: 1590. Best value: 71.3826:  84%|████████▍ | 1684/2000 [2:30:13<41:04,  7.80s/it]Best trial: 1590. Best value: 71.3826:  84%|████████▍ | 1684/2000 [2:30:13<41:04,  7.80s/it]Best trial: 1590. Best value: 71.3826:  84%|████████▍ | 1685/2000 [2:30:13<22:54,  4.36s/it]                                                                                            Best trial: 1590. Best value: 71.3826:  84%|████████▍ | 1685/2000 [2:30:13<22:54,  4.36s/it]                                                                                            Best trial: 1590. Best value: 71.3826:  84%|████████▍ | 1685/2000 [2:30:13<22:54,  4.36s/it]Best trial: 1590. Best value: 71.3826:  84%|████████▍ | 1685/2000 [2:30:13<22:54,  4.36s/it]Best trial: 1590. Best value: 71.3826:  84%|████████▍ | 1686/2000 [2:30:13<22:50,  4.36s/it]Best trial: 1590. Best value: 71.3826:  84%|████████▍ | 1687/2000 [2:30:13<14:02,  2.69s/it]                                                                                            [I 2026-04-01 13:33:42,001] Trial 1667 finished with value: 80.67766139656769 and parameters: {'alpha_0': 11323.090478041107, 'alpha_1': 2854.9911084152363, 'alpha_2': 49.11554616909122, 'beta_0': 0.3068722047705945, 'beta_1': 2.2182453919904574, 'beta_2': 1.6149656368824714, 'beta_3': 0.5643558812621859, 'beta_4': 78.23798369060316, 'beta_5': 0.12339471292130177, 'beta_6': 131.09105004729284}. Best is trial 1590 with value: 71.38264104367624.
[I 2026-04-01 13:34:40,344] Trial 1670 finished with value: 119.71528102696476 and parameters: {'alpha_0': 12711.515730346951, 'alpha_1': 3436.153437405396, 'alpha_2': 49.77246001691559, 'beta_0': 0.24893791487521272, 'beta_1': 2.223507746230018, 'beta_2': 1.6205825608053448, 'beta_3': 0.4980040330370886, 'beta_4': 192.18996656959348, 'beta_5': 0.8129132886724992, 'beta_6': 158.77979324782936}. Best is trial 1590 with value: 71.38264104367624.
[I 2026-04-01 13:34:40,589] Trial 1671 finished with value: 79.54827598312394 and parameters: {'alpha_0': 13981.348848728165, 'alpha_1': 2927.159759813442, 'alpha_2': 49.422623262029475, 'beta_0': 0.2487966402826352, 'beta_1': 2.177075545145994, 'beta_2': 1.6807271213286037, 'beta_3': 0.5029405950552005, 'beta_4': 64.01857906515464, 'beta_5': 15.768509865809344, 'beta_6': 160.33924764706632}. Best is trial 1590 with value: 71.38264104367624.
[I 2026-04-01 13:34:40,761] Trial 1676 finished with value: 77.04341635964039 and parameters: {'alpha_0': 12119.64167853516, 'alpha_1': 3661.8081304427496, 'alpha_2': 49.97262766021911, 'beta_0': 0.2590272424897692, 'beta_1': 2.2508662331474674, 'beta_2': 1.6019351865751454, 'beta_3': 0.4931193924857942, 'beta_4': 70.61091555431126, 'beta_5': 16.080083359125332, 'beta_6': 161.40686369720657}. Best is trial 1590 with value: 71.38264104367624.
[I 2026-04-01 13:34:40,861] Trial 1678 finished with value: 74.59461725369957 and parameters: {'alpha_0': 11750.079716096023, 'alpha_1': 3695.897857539192, 'alpha_2': 49.75476274253761, 'beta_0': 0.24888824117979677, 'beta_1': 2.501683532883477, 'beta_2': 1.4123369682425102, 'beta_3': 0.5038811652210069, 'beta_4': 70.91361972653574, 'beta_5': 14.160011420248395, 'beta_6': 158.83477086963413}. Best is trial 1590 with value: 71.38264104367624.
[I 2026-04-01 13:34:40,862] Trial 1672 finished with value: 80.0875795378384 and parameters: {'alpha_0': 12210.874249070399, 'alpha_1': 3576.7923139251984, 'alpha_2': 49.08350484163637, 'beta_0': 0.2871907044783513, 'beta_1': 2.389834608991715, 'beta_2': 1.6958709100257652, 'beta_3': 0.5551582958309126, 'beta_4': 64.23070506852825, 'beta_5': 0.907561535054065, 'beta_6': 158.71689632131057}. Best is trial 1590 with value: 71.38264104367624.
[I 2026-04-01 13:34:40,890] Trial 1673 finished with value: 73.24783233948807 and parameters: {'alpha_0': 12045.820298774297, 'alpha_1': 2851.6635952876504, 'alpha_2': 49.92833872805166, 'beta_0': 0.20126172334596332, 'beta_1': 2.228811977556182, 'beta_2': 1.6291903143759028, 'beta_3': 0.5054728771204897, 'beta_4': 63.48180751321853, 'beta_5': 0.5066435740192592, 'beta_6': 158.9616558480106}. Best is trial 1590 with value: 71.38264104367624.
[I 2026-04-01 13:34:41,001] Trial 1675 finished with value: 75.37594065487401 and parameters: {'alpha_0': 11483.450510226456, 'alpha_1': 3788.508718230517, 'alpha_2': 49.952443788490285, 'beta_0': 0.2516942379087113, 'beta_1': 1.9359809986935146, 'beta_2': 1.6154508808298165, 'beta_3': 0.5020750533844752, 'beta_4': 78.32690474543018, 'beta_5': 0.37071254687236177, 'beta_6': 161.16774927274741}. Best is trial 1590 with value: 71.38264104367624.
[I 2026-04-01 13:34:41,307] Trial 1674 finished with value: 73.19055482111474 and parameters: {'alpha_0': 11960.85317351772, 'alpha_1': 3818.064523232853, 'alpha_2': 49.480548273391804, 'beta_0': 0.20022858319144454, 'beta_1': 1.9649801266178732, 'beta_2': 1.6145665678326544, 'beta_3': 0.5383951989982769, 'beta_4': 63.02855867980312, 'beta_5': 0.08291702985991334, 'beta_6': 160.80846960948267}. Best is trial 1590 with value: 71.38264104367624.
[I 2026-04-01 13:34:41,522] Trial 1677 finished with value: 72.22958167130389 and parameters: {'alpha_0': 14349.444957518986, 'alpha_1': 3689.684875893063, 'alpha_2': 49.94904181764528, 'beta_0': 0.2000137943530848, 'beta_1': 1.9262144808179418, 'beta_2': 1.4249875496233142, 'beta_3': 0.49125821095768263, 'beta_4': 71.51925429315804, 'beta_5': 15.729727848705908, 'beta_6': 159.37498412671698}. Best is trial 1590 with value: 71.38264104367624.
[I 2026-04-01 13:34:41,967] Trial 1679 finished with value: 74.98036874244035 and parameters: {'alpha_0': 14051.100501541978, 'alpha_1': 3898.0429584773306, 'alpha_2': 49.82261501124846, 'beta_0': 0.25034781111532056, 'beta_1': 2.306530108325083, 'beta_2': 1.4310178629522023, 'beta_3': 0.49584250229336946, 'beta_4': 71.81558664016968, 'beta_5': 16.318678530370548, 'beta_6': 157.89616206826682}. Best is trial 1590 with value: 71.38264104367624.
[I 2026-04-01 13:35:33,374] Trial 1689 finished with value: 93.50264417308006 and parameters: {'alpha_0': 16081.963796438129, 'alpha_1': 4111.0782212336235, 'alpha_2': 48.06458238821281, 'beta_0': 0.39671420726489237, 'beta_1': 1.9666024608155241, 'beta_2': 1.5045505124817988, 'beta_3': 0.41247159075617656, 'beta_4': 58.11438478348186, 'beta_5': 13.977218314196922, 'beta_6': 169.44762523331124}. Best is trial 1590 with value: 71.38264104367624.
[I 2026-04-01 13:35:33,656] Trial 1684 finished with value: 75.11568446214426 and parameters: {'alpha_0': 14198.151503112238, 'alpha_1': 3837.2486713304056, 'alpha_2': 48.17769828534173, 'beta_0': 0.2504767450469601, 'beta_1': 1.9738932381239196, 'beta_2': 1.4971286723315458, 'beta_3': 1.2951013788929808, 'beta_4': 72.55784995412813, 'beta_5': 15.682931572953029, 'beta_6': 141.9674441925016}. Best is trial 1590 with value: 71.38264104367624.
[I 2026-04-01 13:35:34,108] Trial 1683 finished with value: 72.00050733480212 and parameters: {'alpha_0': 14036.637992944521, 'alpha_1': 3891.3725643621665, 'alpha_2': 47.91506496759441, 'beta_0': 0.20070927007172454, 'beta_1': 1.9475180450378975, 'beta_2': 1.4230403536205012, 'beta_3': 0.41324841660962014, 'beta_4': 71.02945741555655, 'beta_5': 16.25125511567067, 'beta_6': 140.761838623378}. Best is trial 1590 with value: 71.38264104367624.
[I 2026-04-01 13:35:34,148] Trial 1681 finished with value: 74.00061868604425 and parameters: {'alpha_0': 14251.73788226533, 'alpha_1': 3831.104001487886, 'alpha_2': 47.70024266037843, 'beta_0': 0.25296974210839906, 'beta_1': 2.2714168634046867, 'beta_2': 1.4254981348717934, 'beta_3': 0.4767209150969333, 'beta_4': 71.123507800275, 'beta_5': 14.849828774592597, 'beta_6': 139.14839219369475}. Best is trial 1590 with value: 71.38264104367624.
[I 2026-04-01 13:35:34,225] Trial 1688 finished with value: 73.11553523446058 and parameters: {'alpha_0': 14098.355218730396, 'alpha_1': 3835.9046764784785, 'alpha_2': 47.94158570024639, 'beta_0': 0.2539122310259106, 'beta_1': 1.9928579628032637, 'beta_2': 1.5125536490567855, 'beta_3': 0.41452263976102777, 'beta_4': 58.837246602462045, 'beta_5': 13.955687054178826, 'beta_6': 144.1674336289417}. Best is trial 1590 with value: 71.38264104367624.
[I 2026-04-01 13:35:34,288] Trial 1686 finished with value: 91.50591552100164 and parameters: {'alpha_0': 14171.481948867158, 'alpha_1': 3820.204723480624, 'alpha_2': 47.538396815589444, 'beta_0': 0.4092462844004341, 'beta_1': 2.8483331779190277, 'beta_2': 1.5044128797004406, 'beta_3': 0.4207516256567484, 'beta_4': 57.278978083207576, 'beta_5': 15.727047512736384, 'beta_6': 142.08969617735394}. Best is trial 1590 with value: 71.38264104367624.
[I 2026-04-01 13:35:34,341] Trial 1680 finished with value: 73.07238591097985 and parameters: {'alpha_0': 14221.702484551924, 'alpha_1': 3767.809610298444, 'alpha_2': 47.87635198492026, 'beta_0': 0.2501442689038223, 'beta_1': 1.967151037401192, 'beta_2': 1.4152752683549685, 'beta_3': 0.4912404473838088, 'beta_4': 72.25256438886632, 'beta_5': 13.50979673965288, 'beta_6': 142.48887200526403}. Best is trial 1590 with value: 71.38264104367624.
