[I 2026-04-01 13:29:22,505] Trial 1600 finished with value: 73.34883646960762 and parameters: {'alpha_0': 14861.778906634847, 'alpha_1': 3429.127743387779, 'alpha_2': 46.74715515032024, 'beta_0': 0.252937451231578, 'beta_1': 1.9417729907800374, 'beta_2': 1.5315589874576727, 'beta_3': 0.506416149074076, 'beta_4': 66.61782034372534, 'beta_5': 8.383740249112948, 'beta_6': 138.25703377104827}. Best is trial 1590 with value: 71.38264104367624.
[I 2026-04-01 13:29:22,719] Trial 1605 finished with value: 73.28000104734133 and parameters: {'alpha_0': 13021.9221696779, 'alpha_1': 3662.9114443630533, 'alpha_2': 46.50030776183895, 'beta_0': 0.20106342811891553, 'beta_1': 2.0556737097619378, 'beta_2': 1.6142177686857837, 'beta_3': 0.5013482056661343, 'beta_4': 70.17020022709686, 'beta_5': 0.8124982786961432, 'beta_6': 132.82622208180715}. Best is trial 1590 with value: 71.38264104367624.
[I 2026-04-01 13:29:22,922] Trial 1601 finished with value: 73.61371624375136 and parameters: {'alpha_0': 14978.76823746357, 'alpha_1': 3704.91337504555, 'alpha_2': 46.40944671810405, 'beta_0': 0.2546391656025478, 'beta_1': 2.043215363895632, 'beta_2': 1.5308626320647303, 'beta_3': 0.5072808592555197, 'beta_4': 69.44140170682947, 'beta_5': 0.06439776013450071, 'beta_6': 130.14814142283183}. Best is trial 1590 with value: 71.38264104367624.
[I 2026-04-01 13:29:22,960] Trial 1603 finished with value: 75.03804807176905 and parameters: {'alpha_0': 15279.312053704656, 'alpha_1': 3666.4360295785427, 'alpha_2': 46.7946590602437, 'beta_0': 0.2573708771568449, 'beta_1': 2.18120097489599, 'beta_2': 1.5747567541227723, 'beta_3': 0.4625589762240663, 'beta_4': 71.22593340228623, 'beta_5': 0.49641460561094064, 'beta_6': 120.98892085804127}. Best is trial 1590 with value: 71.38264104367624.
[I 2026-04-01 13:29:23,081] Trial 1602 finished with value: 75.48758736100046 and parameters: {'alpha_0': 15145.249222337765, 'alpha_1': 751.544407869117, 'alpha_2': 46.66234470933277, 'beta_0': 0.24931262979946045, 'beta_1': 1.9172351948377055, 'beta_2': 1.6362541532440338, 'beta_3': 0.495422883078677, 'beta_4': 68.88270985855303, 'beta_5': 0.49636271020320244, 'beta_6': 126.42269902094623}. Best is trial 1590 with value: 71.38264104367624.
[I 2026-04-01 13:29:23,188] Trial 1604 finished with value: 78.23748054550313 and parameters: {'alpha_0': 12555.892926311004, 'alpha_1': 3680.5965052294755, 'alpha_2': 46.356663751688984, 'beta_0': 0.25183186809019603, 'beta_1': 2.143216305252524, 'beta_2': 1.6671305233959026, 'beta_3': 0.4434236760934435, 'beta_4': 70.8049167764359, 'beta_5': 7.79039245033746, 'beta_6': 124.43181794209912}. Best is trial 1590 with value: 71.38264104367624.
[I 2026-04-01 13:29:23,189] Trial 1609 finished with value: 73.55403649943027 and parameters: {'alpha_0': 12664.442573853863, 'alpha_1': 3652.503152784001, 'alpha_2': 45.366189077616525, 'beta_0': 0.251226031725312, 'beta_1': 2.1930408319942454, 'beta_2': 1.6175171042258432, 'beta_3': 0.5112141288486379, 'beta_4': 67.69913018030711, 'beta_5': 0.5054135061785461, 'beta_6': 124.06785252897691}. Best is trial 1590 with value: 71.38264104367624.
[I 2026-04-01 13:29:23,425] Trial 1608 finished with value: 76.71930172013256 and parameters: {'alpha_0': 13272.525419714451, 'alpha_1': 3670.7419452736767, 'alpha_2': 45.549239168378335, 'beta_0': 0.2530742546137614, 'beta_1': 2.0645051366423077, 'beta_2': 1.646580529337868, 'beta_3': 0.5267078002995413, 'beta_4': 70.77547524387418, 'beta_5': 11.34321674114437, 'beta_6': 129.90445771241934}. Best is trial 1590 with value: 71.38264104367624.
[I 2026-04-01 13:29:23,511] Trial 1607 finished with value: 75.10925440395623 and parameters: {'alpha_0': 12184.90626948023, 'alpha_1': 3467.1160528105133, 'alpha_2': 45.47918397686285, 'beta_0': 0.25163852160399325, 'beta_1': 2.1956390466474462, 'beta_2': 1.52081066766723, 'beta_3': 0.5065427418682443, 'beta_4': 70.67636946064192, 'beta_5': 8.740805112980684, 'beta_6': 119.12781454280069}. Best is trial 1590 with value: 71.38264104367624.
[I 2026-04-01 13:29:23,511] Trial 1606 finished with value: 74.0055640820448 and parameters: {'alpha_0': 12377.102192869575, 'alpha_1': 3675.2253236883084, 'alpha_2': 46.486415247252566, 'beta_0': 0.20092654994658968, 'beta_1': 2.116508804211647, 'beta_2': 1.6606275275414928, 'beta_3': 0.4983009963703023, 'beta_4': 69.07929590241169, 'beta_5': 0.8620183935836458, 'beta_6': 126.08514903245852}. Best is trial 1590 with value: 71.38264104367624.
[I 2026-04-01 13:30:02,976] Trial 1610 finished with value: 72.95358434067285 and parameters: {'alpha_0': 12390.97939370933, 'alpha_1': 3884.759663136702, 'alpha_2': 45.27905064675588, 'beta_0': 0.2016825308898335, 'beta_1': 2.1117372733847004, 'beta_2': 1.549416596699056, 'beta_3': 0.5058488979988747, 'beta_4': 70.99338492747867, 'beta_5': 0.5625427866746726, 'beta_6': 120.42507447422278}. Best is trial 1590 with value: 71.38264104367624.
[I 2026-04-01 13:30:03,078] Trial 1611 finished with value: 79.0306332051286 and parameters: {'alpha_0': 12680.42671526652, 'alpha_1': 3682.255333643728, 'alpha_2': 47.85448224460041, 'beta_0': 0.292693481757001, 'beta_1': 2.1244538351671163, 'beta_2': 1.6020226169337364, 'beta_3': 0.511059899046354, 'beta_4': 77.29806467752101, 'beta_5': 8.804681473989822, 'beta_6': 126.65377990620784}. Best is trial 1590 with value: 71.38264104367624.
[I 2026-04-01 13:30:03,281] Trial 1612 finished with value: 76.78337590663169 and parameters: {'alpha_0': 12456.074698275055, 'alpha_1': 3737.806853086815, 'alpha_2': 45.55427386795705, 'beta_0': 0.28738273630318933, 'beta_1': 2.0742062181948957, 'beta_2': 1.6029162437665514, 'beta_3': 0.5246341435806446, 'beta_4': 70.41505181831062, 'beta_5': 12.553537685445356, 'beta_6': 121.37179705031944}. Best is trial 1590 with value: 71.38264104367624.
[I 2026-04-01 13:30:03,425] Trial 1614 finished with value: 74.01873560181389 and parameters: {'alpha_0': 12595.618901900141, 'alpha_1': 3380.8910956406894, 'alpha_2': 45.34692904434711, 'beta_0': 0.20135174787177137, 'beta_1': 2.2089354654398936, 'beta_2': 1.608060429079932, 'beta_3': 0.5047213912486798, 'beta_4': 69.53855450384653, 'beta_5': 10.308342329362748, 'beta_6': 121.92377982913547}. Best is trial 1590 with value: 71.38264104367624.
[I 2026-04-01 13:30:03,480] Trial 1615 finished with value: 73.99004686486728 and parameters: {'alpha_0': 12935.010965802498, 'alpha_1': 3490.8544381398383, 'alpha_2': 48.106517175693256, 'beta_0': 0.20011555652008461, 'beta_1': 2.151726589354148, 'beta_2': 1.5472813746746803, 'beta_3': 0.5192881042799556, 'beta_4': 76.28826378384667, 'beta_5': 13.81938219976622, 'beta_6': 122.87669720820686}. Best is trial 1590 with value: 71.38264104367624.
Best trial: 1590. Best value: 71.3826:  81%|████████  | 1615/2000 [2:24:42<27:17,  4.25s/it]Best trial: 1590. Best value: 71.3826:  81%|████████  | 1615/2000 [2:24:42<27:17,  4.25s/it]Best trial: 1590. Best value: 71.3826:  81%|████████  | 1616/2000 [2:24:42<17:53,  2.80s/it]                                                                                            Best trial: 1590. Best value: 71.3826:  81%|████████  | 1616/2000 [2:24:43<17:53,  2.80s/it]Best trial: 1590. Best value: 71.3826:  81%|████████  | 1616/2000 [2:24:43<17:53,  2.80s/it]Best trial: 1590. Best value: 71.3826:  81%|████████  | 1617/2000 [2:24:43<14:24,  2.26s/it]                                                                                            Best trial: 1590. Best value: 71.3826:  81%|████████  | 1617/2000 [2:24:43<14:24,  2.26s/it]Best trial: 1590. Best value: 71.3826:  81%|████████  | 1617/2000 [2:24:43<14:24,  2.26s/it]                                                                                            Best trial: 1590. Best value: 71.3826:  81%|████████  | 1618/2000 [2:24:43<14:22,  2.26s/it]Best trial: 1590. Best value: 71.3826:  81%|████████  | 1618/2000 [2:24:43<14:22,  2.26s/it]Best trial: 1590. Best value: 71.3826:  81%|████████  | 1619/2000 [2:24:43<09:31,  1.50s/it]                                                                                            Best trial: 1590. Best value: 71.3826:  81%|████████  | 1619/2000 [2:24:43<09:31,  1.50s/it]Best trial: 1590. Best value: 71.3826:  81%|████████  | 1619/2000 [2:24:43<09:31,  1.50s/it]Best trial: 1590. Best value: 71.3826:  81%|████████  | 1620/2000 [2:24:43<07:41,  1.21s/it]                                                                                            Best trial: 1590. Best value: 71.3826:  81%|████████  | 1620/2000 [2:25:22<07:41,  1.21s/it]Best trial: 1590. Best value: 71.3826:  81%|████████  | 1620/2000 [2:25:22<07:41,  1.21s/it]Best trial: 1590. Best value: 71.3826:  81%|████████  | 1621/2000 [2:25:22<1:02:40,  9.92s/it]                                                                                              Best trial: 1590. Best value: 71.3826:  81%|████████  | 1621/2000 [2:25:22<1:02:40,  9.92s/it]Best trial: 1590. Best value: 71.3826:  81%|████████  | 1621/2000 [2:25:22<1:02:40,  9.92s/it]                                                                                              Best trial: 1590. Best value: 71.3826:  81%|████████  | 1622/2000 [2:25:22<1:02:30,  9.92s/it]Best trial: 1590. Best value: 71.3826:  81%|████████  | 1622/2000 [2:25:22<1:02:30,  9.92s/it]                                                                                              Best trial: 1590. Best value: 71.3826:  81%|████████  | 1623/2000 [2:25:22<1:02:20,  9.92s/it]Best trial: 1590. Best value: 71.3826:  81%|████████  | 1623/2000 [2:25:22<1:02:20,  9.92s/it]Best trial: 1590. Best value: 71.3826:  81%|████████  | 1624/2000 [2:25:22<31:32,  5.03s/it]                                                                                              Best trial: 1590. Best value: 71.3826:  81%|████████  | 1624/2000 [2:25:23<31:32,  5.03s/it]Best trial: 1590. Best value: 71.3826:  81%|████████  | 1624/2000 [2:25:23<31:32,  5.03s/it]                                                                                            Best trial: 1590. Best value: 71.3826:  81%|████████▏ | 1625/2000 [2:25:23<31:27,  5.03s/it]Best trial: 1590. Best value: 71.3826:  81%|████████▏ | 1625/2000 [2:25:23<31:27,  5.03s/it]Best trial: 1590. Best value: 71.3826:  81%|████████▏ | 1626/2000 [2:25:23<21:35,  3.46s/it]                                                                                            Best trial: 1590. Best value: 71.3826:  81%|████████▏ | 1626/2000 [2:25:23<21:35,  3.46s/it]Best trial: 1590. Best value: 71.3826:  81%|████████▏ | 1626/2000 [2:25:23<21:35,  3.46s/it]Best trial: 1590. Best value: 71.3826:  81%|████████▏ | 1627/2000 [2:25:23<17:55,  2.88s/it]                                                                                            Best trial: 1590. Best value: 71.3826:  81%|████████▏ | 1627/2000 [2:25:23<17:55,  2.88s/it]Best trial: 1590. Best value: 71.3826:  81%|████████▏ | 1627/2000 [2:25:23<17:55,  2.88s/it]Best trial: 1590. Best value: 71.3826:  81%|████████▏ | 1628/2000 [2:25:23<14:32,  2.35s/it]                                                                                            Best trial: 1590. Best value: 71.3826:  81%|████████▏ | 1628/2000 [2:25:23<14:32,  2.35s/it]Best trial: 1590. Best value: 71.3826:  81%|████████▏ | 1628/2000 [2:25:23<14:32,  2.35s/it]                                                                                            Best trial: 1590. Best value: 71.3826:  81%|████████▏ | 1629/2000 [2:25:24<14:30,  2.35s/it]Best trial: 1590. Best value: 71.3826:  81%|████████▏ | 1629/2000 [2:25:24<14:30,  2.35s/it]Best trial: 1590. Best value: 71.3826:  82%|████████▏ | 1630/2000 [2:25:24<09:31,  1.54s/it]                                                                                            Best trial: 1590. Best value: 71.3826:  82%|████████▏ | 1630/2000 [2:26:03<09:31,  1.54s/it]Best trial: 1590. Best value: 71.3826:  82%|████████▏ | 1630/2000 [2:26:03<09:31,  1.54s/it]Best trial: 1590. Best value: 71.3826:  82%|████████▏ | 1631/2000 [2:26:03<58:10,  9.46s/it]                                                                                            Best trial: 1590. Best value: 71.3826:  82%|████████▏ | 1631/2000 [2:26:03<58:10,  9.46s/it]Best trial: 1590. Best value: 71.3826:  82%|████████▏ | 1631/2000 [2:26:03<58:10,  9.46s/it]Best trial: 1590. Best value: 71.3826:  82%|████████▏ | 1632/2000 [2:26:03<44:42,  7.29s/it]                                                                                            Best trial: 1590. Best value: 71.3826:  82%|████████▏ | 1632/2000 [2:26:03<44:42,  7.29s/it]Best trial: 1590. Best value: 71.3826:  82%|████████▏ | 1632/2000 [2:26:03<44:42,  7.29s/it]Best trial: 1590. Best value: 71.3826:  82%|████████▏ | 1633/2000 [2:26:03<33:43,  5.51s/it]                                                                                            [I 2026-04-01 13:30:03,797] Trial 1613 finished with value: 83.29257298588954 and parameters: {'alpha_0': 12359.543606026271, 'alpha_1': 3549.9729136040296, 'alpha_2': 45.59946295829505, 'beta_0': 0.2901123354041958, 'beta_1': 2.147811248503565, 'beta_2': 1.6357429612937302, 'beta_3': 0.4800109741717577, 'beta_4': 77.71010484972808, 'beta_5': 12.389303075841458, 'beta_6': 125.1671094960994}. Best is trial 1590 with value: 71.38264104367624.
[I 2026-04-01 13:30:03,945] Trial 1618 finished with value: 76.66560956049625 and parameters: {'alpha_0': 13724.215388710838, 'alpha_1': 3293.5836676496306, 'alpha_2': 48.21792156579821, 'beta_0': 0.3050559652436117, 'beta_1': 2.099786692818455, 'beta_2': 1.5825075133447577, 'beta_3': 0.5572760624341819, 'beta_4': 66.25944519157576, 'beta_5': 16.301060091077417, 'beta_6': 134.80174922066627}. Best is trial 1590 with value: 71.38264104367624.
[I 2026-04-01 13:30:03,974] Trial 1617 finished with value: 80.4623348681423 and parameters: {'alpha_0': 12620.89541796474, 'alpha_1': 3909.175566545153, 'alpha_2': 47.79922309227036, 'beta_0': 0.31834732444990305, 'beta_1': 2.1417550308763467, 'beta_2': 1.5519140994424234, 'beta_3': 0.5216938254127548, 'beta_4': 77.73172669058587, 'beta_5': 16.305086316893473, 'beta_6': 125.31904773119338}. Best is trial 1590 with value: 71.38264104367624.
[I 2026-04-01 13:30:04,349] Trial 1616 finished with value: 73.60665584554384 and parameters: {'alpha_0': 13515.532740008615, 'alpha_1': 3874.605872856018, 'alpha_2': 48.46215562110802, 'beta_0': 0.20198667299989176, 'beta_1': 2.0989033676481306, 'beta_2': 1.5712506297403768, 'beta_3': 0.5168295562094468, 'beta_4': 70.37619677505847, 'beta_5': 15.588991758267952, 'beta_6': 133.37042308963024}. Best is trial 1590 with value: 71.38264104367624.
[I 2026-04-01 13:30:04,468] Trial 1619 finished with value: 72.43195152435726 and parameters: {'alpha_0': 13852.000002662942, 'alpha_1': 3321.5643692802996, 'alpha_2': 48.08806822524364, 'beta_0': 0.20120089792986678, 'beta_1': 2.094070165035658, 'beta_2': 1.5179730825555426, 'beta_3': 0.5257865704842217, 'beta_4': 65.22414370595595, 'beta_5': 14.642994036468773, 'beta_6': 129.35614011534875}. Best is trial 1590 with value: 71.38264104367624.
[I 2026-04-01 13:30:43,689] Trial 1622 finished with value: 90.53697669486783 and parameters: {'alpha_0': 13857.920751788812, 'alpha_1': 3484.921485630091, 'alpha_2': 45.456572543764516, 'beta_0': 0.383411604234844, 'beta_1': 2.0746472770340496, 'beta_2': 1.4882060860027373, 'beta_3': 0.4719369184304326, 'beta_4': 65.03654726668466, 'beta_5': 15.479314249494553, 'beta_6': 129.9810815672091}. Best is trial 1590 with value: 71.38264104367624.
[I 2026-04-01 13:30:43,719] Trial 1620 finished with value: 76.54829055308888 and parameters: {'alpha_0': 13771.3583233017, 'alpha_1': 3231.2531345230923, 'alpha_2': 48.24623439333703, 'beta_0': 0.3128836577121665, 'beta_1': 2.1104576931781036, 'beta_2': 1.5820748004266139, 'beta_3': 0.5457218091133902, 'beta_4': 64.70588420673415, 'beta_5': 16.485292913189674, 'beta_6': 126.71185281117221}. Best is trial 1590 with value: 71.38264104367624.
[I 2026-04-01 13:30:43,736] Trial 1623 finished with value: 79.1855830466371 and parameters: {'alpha_0': 13929.670875386491, 'alpha_1': 3342.107901067066, 'alpha_2': 48.47180592030858, 'beta_0': 0.3353257824121651, 'beta_1': 2.108671524430188, 'beta_2': 1.4821726349174462, 'beta_3': 0.5538602718465869, 'beta_4': 65.62967953249247, 'beta_5': 18.08854693934005, 'beta_6': 127.69136402564753}. Best is trial 1590 with value: 71.38264104367624.
[I 2026-04-01 13:30:43,816] Trial 1625 finished with value: 101.75116212181018 and parameters: {'alpha_0': 13743.503072748284, 'alpha_1': 3924.3224395698217, 'alpha_2': 48.04238716769968, 'beta_0': 0.38706352936361604, 'beta_1': 2.140283792035781, 'beta_2': 1.714354579900471, 'beta_3': 0.5670910592531323, 'beta_4': 65.28197727264046, 'beta_5': 20.419332286159523, 'beta_6': 138.76351214162366}. Best is trial 1590 with value: 71.38264104367624.
[I 2026-04-01 13:30:43,933] Trial 1624 finished with value: 84.72177585487654 and parameters: {'alpha_0': 14183.38239474931, 'alpha_1': 3212.9666172165, 'alpha_2': 48.08461185468512, 'beta_0': 0.345699067960312, 'beta_1': 2.1319742867176976, 'beta_2': 1.5091497028866716, 'beta_3': 0.5654924600393914, 'beta_4': 65.82016572524965, 'beta_5': 18.245209079745976, 'beta_6': 136.8565375901838}. Best is trial 1590 with value: 71.38264104367624.
[I 2026-04-01 13:30:44,120] Trial 1621 finished with value: 77.868296337359 and parameters: {'alpha_0': 6084.357561557004, 'alpha_1': 3466.393112379801, 'alpha_2': 48.01138972654021, 'beta_0': 0.20076936710511234, 'beta_1': 2.1313733847325524, 'beta_2': 1.5372591610282575, 'beta_3': 0.5408762631295272, 'beta_4': 62.11713423031477, 'beta_5': 16.41052218768239, 'beta_6': 138.89476843822158}. Best is trial 1590 with value: 71.38264104367624.
[I 2026-04-01 13:30:44,479] Trial 1628 finished with value: 85.11578270690804 and parameters: {'alpha_0': 14180.466357010351, 'alpha_1': 3209.690274000306, 'alpha_2': 47.71106995852557, 'beta_0': 0.36127056637101085, 'beta_1': 2.1293531397716023, 'beta_2': 1.4856558254842833, 'beta_3': 0.4721612925105763, 'beta_4': 63.75346672169282, 'beta_5': 21.533593441958203, 'beta_6': 136.91710828783465}. Best is trial 1590 with value: 71.38264104367624.
[I 2026-04-01 13:30:44,807] Trial 1626 finished with value: 146.3589600610303 and parameters: {'alpha_0': 13987.577937462265, 'alpha_1': 3343.7809055829207, 'alpha_2': 48.32711398561116, 'beta_0': 0.5371487190230848, 'beta_1': 2.0717470529168525, 'beta_2': 1.4643966930227117, 'beta_3': 0.4857854884555355, 'beta_4': 65.89128261172037, 'beta_5': 24.66404691741876, 'beta_6': 140.01180200060531}. Best is trial 1590 with value: 71.38264104367624.
[I 2026-04-01 13:30:44,842] Trial 1627 finished with value: 131.60297527173623 and parameters: {'alpha_0': 13464.0888327969, 'alpha_1': 3333.2285663707944, 'alpha_2': 48.12626691846052, 'beta_0': 0.38823049404633886, 'beta_1': 2.131447270110313, 'beta_2': 1.5032808246226077, 'beta_3': 0.45971936036069394, 'beta_4': 137.3734185259747, 'beta_5': 23.91068126601446, 'beta_6': 137.7853962375873}. Best is trial 1590 with value: 71.38264104367624.
[I 2026-04-01 13:30:45,219] Trial 1629 finished with value: 94.61490633074223 and parameters: {'alpha_0': 14295.06724845759, 'alpha_1': 3516.501711393144, 'alpha_2': 47.29605732658547, 'beta_0': 0.39452946935191757, 'beta_1': 2.2595645646464817, 'beta_2': 1.4811065629110471, 'beta_3': 0.46262079112579313, 'beta_4': 65.19843517070849, 'beta_5': 22.491251815326855, 'beta_6': 134.02528421821376}. Best is trial 1590 with value: 71.38264104367624.
[I 2026-04-01 13:31:24,219] Trial 1634 finished with value: 72.178488513656 and parameters: {'alpha_0': 14547.182203316606, 'alpha_1': 3029.5533453189873, 'alpha_2': 45.35158064928413, 'beta_0': 0.20152378047825334, 'beta_1': 2.021705631640193, 'beta_2': 1.4553801108010123, 'beta_3': 0.4727555148085075, 'beta_4': 60.34063360259732, 'beta_5': 27.13838550532082, 'beta_6': 145.26825978553282}. Best is trial 1590 with value: 71.38264104367624.
[I 2026-04-01 13:31:24,317] Trial 1632 finished with value: 194.3610618836031 and parameters: {'alpha_0': 23537.6649676204, 'alpha_1': 4008.1540464961067, 'alpha_2': 45.38099846083785, 'beta_0': 0.385739005855806, 'beta_1': 2.0214323278096398, 'beta_2': 1.4631809669080489, 'beta_3': 0.43008329745199414, 'beta_4': 60.22894785212719, 'beta_5': 432.34190344422973, 'beta_6': 139.53962932813423}. Best is trial 1590 with value: 71.38264104367624.
[I 2026-04-01 13:31:24,470] Trial 1633 finished with value: 79.06303219789066 and parameters: {'alpha_0': 14389.817681652272, 'alpha_1': 4094.4621882595175, 'alpha_2': 45.27197728473317, 'beta_0': 0.29173546351893515, 'beta_1': 2.0619769045136165, 'beta_2': 1.4763364784351591, 'beta_3': 0.47994800608691374, 'beta_4': 60.44302302203023, 'beta_5': 26.207021121135327, 'beta_6': 139.42923433438295}. Best is trial 1590 with value: 71.38264104367624.
