[I 2026-04-01 12:14:44,141] Trial 957 finished with value: 71.38427157687855 and parameters: {'alpha_0': 15569.495449697066, 'alpha_1': 815.0556502348827, 'alpha_2': 45.705744318725586, 'beta_0': 0.20081681581824434, 'beta_1': 1.6173961192042448, 'beta_2': 1.3603417361920076, 'beta_3': 0.39579536655780084, 'beta_4': 62.19421689224744, 'beta_5': 2.937563498958273, 'beta_6': 169.37780505091155}. Best is trial 957 with value: 71.38427157687855.
[I 2026-04-01 12:14:44,256] Trial 959 finished with value: 77.50148216977769 and parameters: {'alpha_0': 15766.957876452296, 'alpha_1': 808.7972066147122, 'alpha_2': 46.0384100749482, 'beta_0': 0.2475112331926962, 'beta_1': 1.767232515217759, 'beta_2': 1.3615114062194311, 'beta_3': 0.4431996585808844, 'beta_4': 19.337827307523458, 'beta_5': 10.185305934385472, 'beta_6': 169.6835672563739}. Best is trial 957 with value: 71.38427157687855.
[I 2026-04-01 12:15:28,785] Trial 962 finished with value: 71.82389543232325 and parameters: {'alpha_0': 15910.244195146524, 'alpha_1': 818.9832357118174, 'alpha_2': 46.50873373795405, 'beta_0': 0.20130653903624612, 'beta_1': 1.7621328034718844, 'beta_2': 1.3968804789213456, 'beta_3': 0.4431913332199373, 'beta_4': 61.45890452197205, 'beta_5': 2.7470925159013078, 'beta_6': 166.83948931688317}. Best is trial 957 with value: 71.38427157687855.
[I 2026-04-01 12:15:28,805] Trial 960 finished with value: 256.3325974587429 and parameters: {'alpha_0': 15427.487750118602, 'alpha_1': 824.290645916008, 'alpha_2': 41.02230152797384, 'beta_0': 0.8830009753599336, 'beta_1': 1.7754265020989808, 'beta_2': 1.3409690446701628, 'beta_3': 0.44299287367701146, 'beta_4': 69.74504162482049, 'beta_5': 5.435163329230374, 'beta_6': 166.73600792931086}. Best is trial 957 with value: 71.38427157687855.
[I 2026-04-01 12:15:28,805] Trial 964 finished with value: 73.67832777107769 and parameters: {'alpha_0': 15584.879893271233, 'alpha_1': 807.6507155642636, 'alpha_2': 40.82449358578114, 'beta_0': 0.20329615300580817, 'beta_1': 1.6811400370845266, 'beta_2': 1.4120565322716112, 'beta_3': 0.44567129175778225, 'beta_4': 24.89371518943168, 'beta_5': 25.86153430346045, 'beta_6': 166.5460340152432}. Best is trial 957 with value: 71.38427157687855.
[I 2026-04-01 12:15:28,871] Trial 967 finished with value: 73.37965423829434 and parameters: {'alpha_0': 15876.57970826582, 'alpha_1': 874.8406557952625, 'alpha_2': 40.80145429187086, 'beta_0': 0.20169616266768153, 'beta_1': 1.719223622814996, 'beta_2': 1.4258453144779315, 'beta_3': 0.4477692857957204, 'beta_4': 61.855900518319984, 'beta_5': 24.180682266256838, 'beta_6': 161.37436525374025}. Best is trial 957 with value: 71.38427157687855.
[I 2026-04-01 12:15:28,909] Trial 963 finished with value: 75.42545766691887 and parameters: {'alpha_0': 16048.853373485668, 'alpha_1': 811.6506501443332, 'alpha_2': 40.70397995765906, 'beta_0': 0.29587484192931013, 'beta_1': 1.6894652959572691, 'beta_2': 1.4120152142797953, 'beta_3': 0.449572703833047, 'beta_4': 35.6501505752929, 'beta_5': 23.934036281243436, 'beta_6': 166.2411211945269}. Best is trial 957 with value: 71.38427157687855.
[I 2026-04-01 12:15:28,932] Trial 965 finished with value: 72.60979960364575 and parameters: {'alpha_0': 15914.963450315394, 'alpha_1': 7.045390467630682, 'alpha_2': 49.37478895283006, 'beta_0': 0.20232042630346944, 'beta_1': 1.6871903971378883, 'beta_2': 1.4146972560534339, 'beta_3': 0.4451099392926767, 'beta_4': 27.565987328000098, 'beta_5': 27.93931671373221, 'beta_6': 164.24300614078572}. Best is trial 957 with value: 71.38427157687855.
[I 2026-04-01 12:15:29,091] Trial 961 finished with value: 73.5758824271989 and parameters: {'alpha_0': 15971.951562983279, 'alpha_1': 866.7484383909562, 'alpha_2': 36.01095415074963, 'beta_0': 0.20252845063373015, 'beta_1': 1.6956947890810696, 'beta_2': 1.4236175986213317, 'beta_3': 0.444868547277944, 'beta_4': 62.608234150587165, 'beta_5': 27.234498742610512, 'beta_6': 167.7470949353836}. Best is trial 957 with value: 71.38427157687855.
[I 2026-04-01 12:15:29,292] Trial 968 finished with value: 72.88248582635126 and parameters: {'alpha_0': 16098.368934362072, 'alpha_1': 842.5844498634567, 'alpha_2': 44.14926661038596, 'beta_0': 0.20069722083767755, 'beta_1': 1.6909965121039294, 'beta_2': 1.4212171743819146, 'beta_3': 0.4390388108459501, 'beta_4': 62.61302237028211, 'beta_5': 22.792965983791344, 'beta_6': 166.31091360858102}. Best is trial 957 with value: 71.38427157687855.
[I 2026-04-01 12:15:29,337] Trial 966 finished with value: 82.85380856001542 and parameters: {'alpha_0': 15568.704646316803, 'alpha_1': 5641.583152407112, 'alpha_2': 49.936849211182334, 'beta_0': 0.3659164502406598, 'beta_1': 1.6827622986331257, 'beta_2': 1.4133085645582741, 'beta_3': 0.4496069867211031, 'beta_4': 23.364622859268206, 'beta_5': 27.770555439176196, 'beta_6': 164.62595128214355}. Best is trial 957 with value: 71.38427157687855.
[I 2026-04-01 12:15:29,425] Trial 969 finished with value: 72.63983759692373 and parameters: {'alpha_0': 16007.296631355257, 'alpha_1': 839.0302989540651, 'alpha_2': 43.16202924754495, 'beta_0': 0.2046525223868074, 'beta_1': 1.7169242638944595, 'beta_2': 1.4532658099893156, 'beta_3': 0.28233611162029426, 'beta_4': 62.55293425473281, 'beta_5': 22.722220561395574, 'beta_6': 163.06250034631518}. Best is trial 957 with value: 71.38427157687855.
[I 2026-04-01 12:16:13,040] Trial 972 finished with value: 71.96023901451503 and parameters: {'alpha_0': 16375.864727271612, 'alpha_1': 848.5766780113487, 'alpha_2': 43.241349285415, 'beta_0': 0.200425011637722, 'beta_1': 1.7048109902650697, 'beta_2': 1.416670984057993, 'beta_3': 0.2909603013881029, 'beta_4': 62.38008807796146, 'beta_5': 3.2374057128030804, 'beta_6': 161.22075882441396}. Best is trial 957 with value: 71.38427157687855.
[I 2026-04-01 12:16:13,100] Trial 977 finished with value: 72.52923543298338 and parameters: {'alpha_0': 15980.233514785143, 'alpha_1': 52.45699837057862, 'alpha_2': 43.71679897408891, 'beta_0': 0.2114950477164708, 'beta_1': 1.757441970774248, 'beta_2': 1.4398304630240664, 'beta_3': 0.3959529167854156, 'beta_4': 27.165286168138444, 'beta_5': 18.89643047059031, 'beta_6': 192.21553444729625}. Best is trial 957 with value: 71.38427157687855.
Best trial: 957. Best value: 71.3843:  49%|████▊     | 972/2000 [1:10:52<2:19:46,  8.16s/it]Best trial: 957. Best value: 71.3843:  49%|████▊     | 972/2000 [1:10:52<2:19:46,  8.16s/it]Best trial: 957. Best value: 71.3843:  49%|████▊     | 973/2000 [1:10:52<1:39:03,  5.79s/it]                                                                                            Best trial: 957. Best value: 71.3843:  49%|████▊     | 973/2000 [1:10:52<1:39:03,  5.79s/it]Best trial: 957. Best value: 71.3843:  49%|████▊     | 973/2000 [1:10:52<1:39:03,  5.79s/it]                                                                                            Best trial: 957. Best value: 71.3843:  49%|████▊     | 974/2000 [1:10:52<1:38:57,  5.79s/it]Best trial: 957. Best value: 71.3843:  49%|████▊     | 974/2000 [1:10:52<1:38:57,  5.79s/it]                                                                                            Best trial: 957. Best value: 71.3843:  49%|████▉     | 975/2000 [1:10:52<1:38:51,  5.79s/it]Best trial: 957. Best value: 71.3843:  49%|████▉     | 975/2000 [1:10:52<1:38:51,  5.79s/it]Best trial: 957. Best value: 71.3843:  49%|████▉     | 976/2000 [1:10:52<1:01:04,  3.58s/it]                                                                                            Best trial: 957. Best value: 71.3843:  49%|████▉     | 976/2000 [1:10:53<1:01:04,  3.58s/it]Best trial: 957. Best value: 71.3843:  49%|████▉     | 976/2000 [1:10:53<1:01:04,  3.58s/it]                                                                                            Best trial: 957. Best value: 71.3843:  49%|████▉     | 977/2000 [1:10:53<1:01:00,  3.58s/it]Best trial: 957. Best value: 71.3843:  49%|████▉     | 977/2000 [1:10:53<1:01:00,  3.58s/it]Best trial: 957. Best value: 71.3843:  49%|████▉     | 978/2000 [1:10:53<45:52,  2.69s/it]                                                                                            Best trial: 957. Best value: 71.3843:  49%|████▉     | 978/2000 [1:10:53<45:52,  2.69s/it]Best trial: 957. Best value: 71.3843:  49%|████▉     | 978/2000 [1:10:53<45:52,  2.69s/it]                                                                                          Best trial: 957. Best value: 71.3843:  49%|████▉     | 979/2000 [1:10:54<45:49,  2.69s/it]Best trial: 957. Best value: 71.3843:  49%|████▉     | 979/2000 [1:10:54<45:49,  2.69s/it]Best trial: 957. Best value: 71.3843:  49%|████▉     | 980/2000 [1:10:54<35:02,  2.06s/it]                                                                                          Best trial: 957. Best value: 71.3843:  49%|████▉     | 980/2000 [1:11:35<35:02,  2.06s/it]Best trial: 957. Best value: 71.3843:  49%|████▉     | 980/2000 [1:11:35<35:02,  2.06s/it]Best trial: 957. Best value: 71.3843:  49%|████▉     | 981/2000 [1:11:35<2:24:11,  8.49s/it]                                                                                            Best trial: 957. Best value: 71.3843:  49%|████▉     | 981/2000 [1:11:35<2:24:11,  8.49s/it]Best trial: 957. Best value: 71.3843:  49%|████▉     | 981/2000 [1:11:35<2:24:11,  8.49s/it]                                                                                            Best trial: 957. Best value: 71.3843:  49%|████▉     | 982/2000 [1:11:35<2:24:02,  8.49s/it]Best trial: 957. Best value: 71.3843:  49%|████▉     | 982/2000 [1:11:35<2:24:02,  8.49s/it]                                                                                            Best trial: 957. Best value: 71.3843:  49%|████▉     | 983/2000 [1:11:35<2:23:54,  8.49s/it]Best trial: 957. Best value: 71.3843:  49%|████▉     | 983/2000 [1:11:35<2:23:54,  8.49s/it]                                                                                            Best trial: 957. Best value: 71.3843:  49%|████▉     | 984/2000 [1:11:35<2:23:45,  8.49s/it]Best trial: 957. Best value: 71.3843:  49%|████▉     | 984/2000 [1:11:35<2:23:45,  8.49s/it]Best trial: 957. Best value: 71.3843:  49%|████▉     | 985/2000 [1:11:35<1:14:16,  4.39s/it]                                                                                            Best trial: 957. Best value: 71.3843:  49%|████▉     | 985/2000 [1:11:35<1:14:16,  4.39s/it]Best trial: 957. Best value: 71.3843:  49%|████▉     | 985/2000 [1:11:35<1:14:16,  4.39s/it]Best trial: 957. Best value: 71.3843:  49%|████▉     | 986/2000 [1:11:35<1:03:34,  3.76s/it]                                                                                            Best trial: 957. Best value: 71.3843:  49%|████▉     | 986/2000 [1:11:35<1:03:34,  3.76s/it]                                                                                            Best trial: 957. Best value: 71.3843:  49%|████▉     | 986/2000 [1:11:35<1:03:34,  3.76s/it]Best trial: 957. Best value: 71.3843:  49%|████▉     | 986/2000 [1:11:35<1:03:34,  3.76s/it]Best trial: 957. Best value: 71.3843:  49%|████▉     | 987/2000 [1:11:35<1:03:30,  3.76s/it]                                                                                            Best trial: 957. Best value: 71.3843:  49%|████▉     | 988/2000 [1:11:35<1:03:26,  3.76s/it]Best trial: 957. Best value: 71.3843:  49%|████▉     | 988/2000 [1:11:35<1:03:26,  3.76s/it]Best trial: 957. Best value: 71.3843:  49%|████▉     | 989/2000 [1:11:35<39:46,  2.36s/it]                                                                                            Best trial: 957. Best value: 71.3843:  49%|████▉     | 989/2000 [1:11:35<39:46,  2.36s/it]Best trial: 957. Best value: 71.3843:  49%|████▉     | 989/2000 [1:11:35<39:46,  2.36s/it]Best trial: 957. Best value: 71.3843:  50%|████▉     | 990/2000 [1:11:35<33:50,  2.01s/it]                                                                                          [I 2026-04-01 12:16:13,321] Trial 973 finished with value: 73.12693839445707 and parameters: {'alpha_0': 16205.503108313274, 'alpha_1': 78.6919401796693, 'alpha_2': 38.81083652856526, 'beta_0': 0.20139569355366954, 'beta_1': 1.780630978863647, 'beta_2': 1.4225514426594867, 'beta_3': 0.38376248171493765, 'beta_4': 64.30051063059652, 'beta_5': 17.5229516972463, 'beta_6': 160.2126289359331}. Best is trial 957 with value: 71.38427157687855.
[I 2026-04-01 12:16:13,352] Trial 974 finished with value: 72.22197476761053 and parameters: {'alpha_0': 16310.406561053656, 'alpha_1': 21.59099557703246, 'alpha_2': 41.97764145680835, 'beta_0': 0.20431408848130303, 'beta_1': 1.7865373891851095, 'beta_2': 1.4093981392469361, 'beta_3': 0.38936180578596397, 'beta_4': 63.13718890725742, 'beta_5': 4.242529425480863, 'beta_6': 190.36416429505923}. Best is trial 957 with value: 71.38427157687855.
[I 2026-04-01 12:16:13,366] Trial 970 finished with value: 71.93269159705333 and parameters: {'alpha_0': 15220.750468620512, 'alpha_1': 830.2444033500782, 'alpha_2': 44.13853621614894, 'beta_0': 0.21005020970481109, 'beta_1': 1.7198037867806606, 'beta_2': 1.4259065245862257, 'beta_3': 0.2916960213925269, 'beta_4': 63.126731020196495, 'beta_5': 4.7385127824207505, 'beta_6': 159.4877938365764}. Best is trial 957 with value: 71.38427157687855.
[I 2026-04-01 12:16:13,596] Trial 975 finished with value: 73.56570524181282 and parameters: {'alpha_0': 15786.153937737809, 'alpha_1': 10.560058365417387, 'alpha_2': 38.787286557422256, 'beta_0': 0.20854260821186302, 'beta_1': 1.7716507653853977, 'beta_2': 1.4098338042275445, 'beta_3': 0.3825165025574063, 'beta_4': 27.952719065965475, 'beta_5': 17.613790491455724, 'beta_6': 192.3490235941674}. Best is trial 957 with value: 71.38427157687855.
[I 2026-04-01 12:16:13,962] Trial 971 finished with value: 71.86710808915112 and parameters: {'alpha_0': 16072.751309005847, 'alpha_1': 743.7906000768842, 'alpha_2': 43.620075853932946, 'beta_0': 0.20020337276683356, 'beta_1': 1.7736894757624384, 'beta_2': 1.4046304033936283, 'beta_3': 0.2898870020318832, 'beta_4': 62.70597324514316, 'beta_5': 0.3813181257247127, 'beta_6': 158.07786715598357}. Best is trial 957 with value: 71.38427157687855.
[I 2026-04-01 12:16:14,196] Trial 978 finished with value: 73.25515029697424 and parameters: {'alpha_0': 16362.475695325098, 'alpha_1': 152.27643070575348, 'alpha_2': 42.11094543122927, 'beta_0': 0.20097981991457542, 'beta_1': 1.7741982556440874, 'beta_2': 1.4337475416272982, 'beta_3': 0.27680486830162887, 'beta_4': 27.47539436226334, 'beta_5': 0.6249064302060479, 'beta_6': 172.38534326387895}. Best is trial 957 with value: 71.38427157687855.
[I 2026-04-01 12:16:14,280] Trial 979 finished with value: 73.27448956263994 and parameters: {'alpha_0': 16406.347458681295, 'alpha_1': 830.487433139521, 'alpha_2': 43.85504447257163, 'beta_0': 0.22989306625064065, 'beta_1': 1.7784195834888397, 'beta_2': 1.3932052286258698, 'beta_3': 0.2693942991941341, 'beta_4': 65.11029672839348, 'beta_5': 15.930572015092203, 'beta_6': 190.73701841606055}. Best is trial 957 with value: 71.38427157687855.
[I 2026-04-01 12:16:15,041] Trial 976 finished with value: 339.46988062033984 and parameters: {'alpha_0': 16652.194410644344, 'alpha_1': 85.2643398937308, 'alpha_2': 43.75089736638158, 'beta_0': 0.7808134075489056, 'beta_1': 1.7354337123152523, 'beta_2': 1.414285202955834, 'beta_3': 0.39085435817243414, 'beta_4': 14.498642876831749, 'beta_5': 490.33736229262456, 'beta_6': 160.77801950472957}. Best is trial 957 with value: 71.38427157687855.
[I 2026-04-01 12:16:55,877] Trial 985 finished with value: 75.63544159395798 and parameters: {'alpha_0': 16518.679061612616, 'alpha_1': 34.71938592784386, 'alpha_2': 42.66470868643119, 'beta_0': 0.20260639361277252, 'beta_1': 1.8230375397713494, 'beta_2': 1.456631367318799, 'beta_3': 0.26449865604792416, 'beta_4': 15.8561495639156, 'beta_5': 8.52764271927153, 'beta_6': 210.84917161658836}. Best is trial 957 with value: 71.38427157687855.
[I 2026-04-01 12:16:55,906] Trial 988 finished with value: 73.52721609922462 and parameters: {'alpha_0': 16619.514223263446, 'alpha_1': 73.79002062516287, 'alpha_2': 42.52052314209322, 'beta_0': 0.2041392866798575, 'beta_1': 1.8090824930064175, 'beta_2': 1.412651367481041, 'beta_3': 0.25425019126264703, 'beta_4': 27.343358853084197, 'beta_5': 5.998340629096912, 'beta_6': 190.5814160666909}. Best is trial 957 with value: 71.38427157687855.
[I 2026-04-01 12:16:55,928] Trial 981 finished with value: 73.27179660775572 and parameters: {'alpha_0': 16342.675379277192, 'alpha_1': 34.1224919322376, 'alpha_2': 43.65213851705866, 'beta_0': 0.20080274105993903, 'beta_1': 1.7886763841139417, 'beta_2': 1.4364662878473413, 'beta_3': 0.29849658793424566, 'beta_4': 24.779703761629666, 'beta_5': 1.419981905613314, 'beta_6': 194.0149596707597}. Best is trial 957 with value: 71.38427157687855.
[I 2026-04-01 12:16:55,955] Trial 983 finished with value: 75.16813608032382 and parameters: {'alpha_0': 16442.911063653286, 'alpha_1': 33.83131004784302, 'alpha_2': 42.60553059454429, 'beta_0': 0.20347101608773555, 'beta_1': 1.8005770532973613, 'beta_2': 1.43987152588123, 'beta_3': 0.2272396358197895, 'beta_4': 15.153834817031399, 'beta_5': 1.0357062646550284, 'beta_6': 204.91724873643633}. Best is trial 957 with value: 71.38427157687855.
[I 2026-04-01 12:16:56,102] Trial 987 finished with value: 75.74400794495493 and parameters: {'alpha_0': 16400.264293335204, 'alpha_1': 6.270618715425826, 'alpha_2': 42.672077202946355, 'beta_0': 0.2006903108197775, 'beta_1': 1.8119459881128466, 'beta_2': 1.4307555442160735, 'beta_3': 0.25243582838979917, 'beta_4': 20.37501265539686, 'beta_5': 2.1244845379729385, 'beta_6': 190.83200510853266}. Best is trial 957 with value: 71.38427157687855.
[I 2026-04-01 12:16:56,270] Trial 980 finished with value: 998.0201606247043 and parameters: {'alpha_0': 16429.12150537582, 'alpha_1': 2.5479806382219836, 'alpha_2': 43.03196156582425, 'beta_0': 2.2655613470556286, 'beta_1': 1.7670225441370837, 'beta_2': 1.4183378876033388, 'beta_3': 0.254882043051577, 'beta_4': 64.05180869463153, 'beta_5': 1.5139973159106321, 'beta_6': 187.1865119008965}. Best is trial 957 with value: 71.38427157687855.
[I 2026-04-01 12:16:56,320] Trial 982 finished with value: 74.48112647984627 and parameters: {'alpha_0': 16464.923954042475, 'alpha_1': 27.2254436738948, 'alpha_2': 42.10214784269357, 'beta_0': 0.20179388538617943, 'beta_1': 1.781409962334748, 'beta_2': 1.4263846912127796, 'beta_3': 0.29677148599529746, 'beta_4': 22.07468122613203, 'beta_5': 0.4476734609007562, 'beta_6': 178.9732647016853}. Best is trial 957 with value: 71.38427157687855.
[I 2026-04-01 12:16:56,321] Trial 984 finished with value: 75.64970768250274 and parameters: {'alpha_0': 16805.236585585324, 'alpha_1': 169.4940687267643, 'alpha_2': 42.431951868595185, 'beta_0': 0.2002051852804178, 'beta_1': 1.8109138884110545, 'beta_2': 1.4373022639254966, 'beta_3': 0.2555353245362228, 'beta_4': 15.555828185322303, 'beta_5': 1.9009033878340986, 'beta_6': 205.44512720136385}. Best is trial 957 with value: 71.38427157687855.
[I 2026-04-01 12:16:56,727] Trial 986 finished with value: 72.33528328452564 and parameters: {'alpha_0': 16487.77144629931, 'alpha_1': 11.316366758634711, 'alpha_2': 43.707236487306176, 'beta_0': 0.2012526848976732, 'beta_1': 1.8130761910986555, 'beta_2': 1.420639806395178, 'beta_3': 0.30268045266322285, 'beta_4': 65.75322734855744, 'beta_5': 1.4686452787058244, 'beta_6': 185.91297592748577}. Best is trial 957 with value: 71.38427157687855.
[I 2026-04-01 12:16:56,833] Trial 989 finished with value: 75.565656659516 and parameters: {'alpha_0': 16042.593797154686, 'alpha_1': 47.14429077564665, 'alpha_2': 42.43134546685176, 'beta_0': 0.2895331585281349, 'beta_1': 1.807460508991744, 'beta_2': 1.454576366051545, 'beta_3': 0.25617365641861495, 'beta_4': 22.148461245452598, 'beta_5': 0.9125717208300971, 'beta_6': 193.53247038822397}. Best is trial 957 with value: 71.38427157687855.
