Best trial: 957. Best value: 71.3843:  60%|██████    | 1205/2000 [1:27:34<57:34,  4.35s/it]Best trial: 957. Best value: 71.3843:  60%|██████    | 1205/2000 [1:27:34<57:34,  4.35s/it]Best trial: 957. Best value: 71.3843:  60%|██████    | 1206/2000 [1:27:34<32:25,  2.45s/it]Best trial: 957. Best value: 71.3843:  60%|██████    | 1206/2000 [1:27:34<32:25,  2.45s/it]                                                                                           Best trial: 957. Best value: 71.3843:  60%|██████    | 1207/2000 [1:27:34<32:23,  2.45s/it]Best trial: 957. Best value: 71.3843:  60%|██████    | 1207/2000 [1:27:34<32:23,  2.45s/it]Best trial: 957. Best value: 71.3843:  60%|██████    | 1208/2000 [1:27:34<20:17,  1.54s/it]                                                                                           Best trial: 957. Best value: 71.3843:  60%|██████    | 1208/2000 [1:27:34<20:17,  1.54s/it]Best trial: 957. Best value: 71.3843:  60%|██████    | 1208/2000 [1:27:34<20:17,  1.54s/it]Best trial: 957. Best value: 71.3843:  60%|██████    | 1209/2000 [1:27:34<16:12,  1.23s/it]                                                                                           Best trial: 957. Best value: 71.3843:  60%|██████    | 1209/2000 [1:27:34<16:12,  1.23s/it]Best trial: 957. Best value: 71.3843:  60%|██████    | 1209/2000 [1:27:34<16:12,  1.23s/it]Best trial: 957. Best value: 71.3843:  60%|██████    | 1210/2000 [1:27:34<12:55,  1.02it/s]                                                                                           Best trial: 957. Best value: 71.3843:  60%|██████    | 1210/2000 [1:28:16<12:55,  1.02it/s]Best trial: 957. Best value: 71.3843:  60%|██████    | 1210/2000 [1:28:16<12:55,  1.02it/s]Best trial: 957. Best value: 71.3843:  61%|██████    | 1211/2000 [1:28:16<2:27:03, 11.18s/it]                                                                                             Best trial: 957. Best value: 71.3843:  61%|██████    | 1211/2000 [1:28:16<2:27:03, 11.18s/it]Best trial: 957. Best value: 71.3843:  61%|██████    | 1211/2000 [1:28:16<2:27:03, 11.18s/it]                                                                                             Best trial: 957. Best value: 71.3843:  61%|██████    | 1212/2000 [1:28:16<2:26:52, 11.18s/it]Best trial: 957. Best value: 71.3843:  61%|██████    | 1212/2000 [1:28:16<2:26:52, 11.18s/it]                                                                                             Best trial: 957. Best value: 71.3843:  61%|██████    | 1213/2000 [1:28:16<2:26:41, 11.18s/it]Best trial: 957. Best value: 71.3843:  61%|██████    | 1213/2000 [1:28:16<2:26:41, 11.18s/it]Best trial: 957. Best value: 71.3843:  61%|██████    | 1214/2000 [1:28:16<1:10:56,  5.42s/it]                                                                                             Best trial: 957. Best value: 71.3843:  61%|██████    | 1214/2000 [1:28:16<1:10:56,  5.42s/it]                                                                                             Best trial: 957. Best value: 71.3843:  61%|██████    | 1214/2000 [1:28:16<1:10:56,  5.42s/it]Best trial: 957. Best value: 71.3843:  61%|██████    | 1214/2000 [1:28:16<1:10:56,  5.42s/it]Best trial: 957. Best value: 71.3843:  61%|██████    | 1215/2000 [1:28:16<57:30,  4.40s/it]  Best trial: 957. Best value: 71.3843:  61%|██████    | 1215/2000 [1:28:16<57:30,  4.40s/it]                                                                                           Best trial: 957. Best value: 71.3843:  61%|██████    | 1216/2000 [1:28:16<57:26,  4.40s/it]                                                                                           Best trial: 957. Best value: 71.3843:  61%|██████    | 1216/2000 [1:28:16<57:26,  4.40s/it]Best trial: 957. Best value: 71.3843:  61%|██████    | 1216/2000 [1:28:16<57:26,  4.40s/it]Best trial: 957. Best value: 71.3843:  61%|██████    | 1217/2000 [1:28:16<57:21,  4.40s/it]                                                                                           Best trial: 957. Best value: 71.3843:  61%|██████    | 1218/2000 [1:28:16<57:17,  4.40s/it]Best trial: 957. Best value: 71.3843:  61%|██████    | 1218/2000 [1:28:16<57:17,  4.40s/it]                                                                                           Best trial: 957. Best value: 71.3843:  61%|██████    | 1219/2000 [1:28:17<57:13,  4.40s/it]Best trial: 957. Best value: 71.3843:  61%|██████    | 1219/2000 [1:28:17<57:13,  4.40s/it]Best trial: 957. Best value: 71.3843:  61%|██████    | 1220/2000 [1:28:17<24:28,  1.88s/it]                                                                                           Best trial: 957. Best value: 71.3843:  61%|██████    | 1220/2000 [1:28:58<24:28,  1.88s/it]Best trial: 957. Best value: 71.3843:  61%|██████    | 1220/2000 [1:28:58<24:28,  1.88s/it]Best trial: 957. Best value: 71.3843:  61%|██████    | 1221/2000 [1:28:58<1:37:31,  7.51s/it]                                                                                             Best trial: 957. Best value: 71.3843:  61%|██████    | 1221/2000 [1:28:58<1:37:31,  7.51s/it]Best trial: 957. Best value: 71.3843:  61%|██████    | 1221/2000 [1:28:58<1:37:31,  7.51s/it]                                                                                             Best trial: 957. Best value: 71.3843:  61%|██████    | 1222/2000 [1:28:58<1:37:23,  7.51s/it]                                                                                             Best trial: 957. Best value: 71.3843:  61%|██████    | 1222/2000 [1:28:58<1:37:23,  7.51s/it]Best trial: 957. Best value: 71.3843:  61%|██████    | 1222/2000 [1:28:58<1:37:23,  7.51s/it]Best trial: 957. Best value: 71.3843:  61%|██████    | 1223/2000 [1:28:58<1:09:36,  5.37s/it]Best trial: 957. Best value: 71.3843:  61%|██████    | 1223/2000 [1:28:58<1:09:36,  5.37s/it]                                                                                             [I 2026-04-01 12:32:55,211] Trial 1202 finished with value: 77.43205403235326 and parameters: {'alpha_0': 17024.365425974647, 'alpha_1': 5472.3541431493995, 'alpha_2': 42.909966739095346, 'beta_0': 0.3134361100899925, 'beta_1': 1.6971072133788707, 'beta_2': 1.3087441180087098, 'beta_3': 0.3091131728617415, 'beta_4': 52.231177500846506, 'beta_5': 36.494642953127716, 'beta_6': 434.2042023035752}. Best is trial 957 with value: 71.38427157687855.
[I 2026-04-01 12:32:55,407] Trial 1207 finished with value: 73.47343977379882 and parameters: {'alpha_0': 17064.918637808336, 'alpha_1': 5832.362160248121, 'alpha_2': 43.344095859160554, 'beta_0': 0.2018634269544264, 'beta_1': 1.698060676459739, 'beta_2': 1.3146973923432956, 'beta_3': 0.32921834707027614, 'beta_4': 48.06570390577941, 'beta_5': 39.89572416038782, 'beta_6': 435.2623700737968}. Best is trial 957 with value: 71.38427157687855.
[I 2026-04-01 12:32:55,517] Trial 1201 finished with value: 460.62739614256225 and parameters: {'alpha_0': 17047.061201194527, 'alpha_1': 6248.2310007488695, 'alpha_2': 43.04104188036655, 'beta_0': 1.3542274414217537, 'beta_1': 1.7084750898291132, 'beta_2': 1.2927203454564142, 'beta_3': 0.32495735862761643, 'beta_4': 51.168418039785635, 'beta_5': 8.880627637688665, 'beta_6': 432.9899190448564}. Best is trial 957 with value: 71.38427157687855.
[I 2026-04-01 12:32:55,707] Trial 1209 finished with value: 100.53204078517368 and parameters: {'alpha_0': 16823.307610907537, 'alpha_1': 5830.33032385539, 'alpha_2': 43.48726841666162, 'beta_0': 0.38894177104473904, 'beta_1': 1.70764766951881, 'beta_2': 1.3208675511435308, 'beta_3': 0.15127975129568916, 'beta_4': 66.35660617441782, 'beta_5': 39.10266591850491, 'beta_6': 456.5050001307147}. Best is trial 957 with value: 71.38427157687855.
[I 2026-04-01 12:33:37,099] Trial 1210 finished with value: 93.2594064596004 and parameters: {'alpha_0': 17019.924018391706, 'alpha_1': 5793.853967625255, 'alpha_2': 42.833947154458684, 'beta_0': 0.379026530468619, 'beta_1': 1.7127324976365381, 'beta_2': 1.3040043074048528, 'beta_3': 0.3292325733495781, 'beta_4': 46.54238325335072, 'beta_5': 19.994005520670395, 'beta_6': 434.98851225928377}. Best is trial 957 with value: 71.38427157687855.
[I 2026-04-01 12:33:37,129] Trial 1215 finished with value: 75.1326546294143 and parameters: {'alpha_0': 16376.3520576791, 'alpha_1': 5850.734404292678, 'alpha_2': 42.3634931157812, 'beta_0': 0.2533280619710655, 'beta_1': 1.865429986467292, 'beta_2': 1.3406676719573498, 'beta_3': 0.16911157177736985, 'beta_4': 65.26782675784028, 'beta_5': 18.280409012491383, 'beta_6': 454.0450948021682}. Best is trial 957 with value: 71.38427157687855.
[I 2026-04-01 12:33:37,172] Trial 1214 finished with value: 91.88942079571258 and parameters: {'alpha_0': 17012.671258932216, 'alpha_1': 6102.208708635823, 'alpha_2': 42.39268967988822, 'beta_0': 0.25887596297272075, 'beta_1': 1.8484481882123964, 'beta_2': 1.3235842329351848, 'beta_3': 0.19451594550003032, 'beta_4': 142.13521241948098, 'beta_5': 0.1403296395311715, 'beta_6': 372.88630960257}. Best is trial 957 with value: 71.38427157687855.
[I 2026-04-01 12:33:37,298] Trial 1212 finished with value: 77.15376126962833 and parameters: {'alpha_0': 17234.34106914336, 'alpha_1': 5941.066301671054, 'alpha_2': 42.44787967047013, 'beta_0': 0.2928739586005069, 'beta_1': 1.8532307549091167, 'beta_2': 1.331422528743979, 'beta_3': 0.1643848348748967, 'beta_4': 46.69277951590914, 'beta_5': 17.9608574115008, 'beta_6': 450.5345115401938}. Best is trial 957 with value: 71.38427157687855.
[I 2026-04-01 12:33:37,620] Trial 1211 finished with value: 144.44437494823742 and parameters: {'alpha_0': 16984.32369216531, 'alpha_1': 5976.901910187079, 'alpha_2': 42.802614133427085, 'beta_0': 0.37871885155838236, 'beta_1': 1.7117021855366705, 'beta_2': 2.2064217339818875, 'beta_3': 0.3351342207499065, 'beta_4': 66.2483232783064, 'beta_5': 0.3730196245898867, 'beta_6': 403.8224353278207}. Best is trial 957 with value: 71.38427157687855.
[I 2026-04-01 12:33:37,626] Trial 1218 finished with value: 110.33510188996604 and parameters: {'alpha_0': 35662.40348947136, 'alpha_1': 6492.281163600259, 'alpha_2': 42.10496741067023, 'beta_0': 0.2613445767268185, 'beta_1': 1.8736696691571508, 'beta_2': 1.339572812170872, 'beta_3': 0.14431582436684873, 'beta_4': 66.19369468866005, 'beta_5': 18.42022130715526, 'beta_6': 401.4034542990932}. Best is trial 957 with value: 71.38427157687855.
[I 2026-04-01 12:33:37,640] Trial 1219 finished with value: 110.77480990383964 and parameters: {'alpha_0': 37344.531361094254, 'alpha_1': 6378.340201705216, 'alpha_2': 42.078616876157675, 'beta_0': 0.25300452319464495, 'beta_1': 1.8497347604496077, 'beta_2': 1.3579163107231373, 'beta_3': 0.1925861722624836, 'beta_4': 59.47072579970302, 'beta_5': 17.997722858015038, 'beta_6': 447.1427831983285}. Best is trial 957 with value: 71.38427157687855.
[I 2026-04-01 12:33:37,648] Trial 1217 finished with value: 89.39197535441932 and parameters: {'alpha_0': 16052.251349622109, 'alpha_1': 5892.944284304969, 'alpha_2': 42.545820219278184, 'beta_0': 0.2571655160827262, 'beta_1': 1.7477707702442664, 'beta_2': 1.275982425375927, 'beta_3': 0.15695625149992576, 'beta_4': 141.7500580907346, 'beta_5': 17.89267506739015, 'beta_6': 397.36648901704837}. Best is trial 957 with value: 71.38427157687855.
[I 2026-04-01 12:33:37,689] Trial 1213 finished with value: 77.74081958086146 and parameters: {'alpha_0': 16891.119093574107, 'alpha_1': 6409.936088153285, 'alpha_2': 42.57238293936843, 'beta_0': 0.29056839749188823, 'beta_1': 1.8634979353878407, 'beta_2': 1.3217115249870737, 'beta_3': 0.249948537494903, 'beta_4': 47.63384597643296, 'beta_5': 18.34693372582063, 'beta_6': 432.8086785622846}. Best is trial 957 with value: 71.38427157687855.
[I 2026-04-01 12:33:38,172] Trial 1216 finished with value: 1451.9710503180715 and parameters: {'alpha_0': 16400.80853692224, 'alpha_1': 5787.016233457345, 'alpha_2': 42.531211593708925, 'beta_0': 2.9144040826371436, 'beta_1': 1.8535077873398689, 'beta_2': 1.3446009958651992, 'beta_3': 0.1579845268951368, 'beta_4': 65.71188356836859, 'beta_5': 18.906425526281357, 'beta_6': 401.2936594654497}. Best is trial 957 with value: 71.38427157687855.
[I 2026-04-01 12:34:19,288] Trial 1222 finished with value: 75.99785208680657 and parameters: {'alpha_0': 15935.126971641903, 'alpha_1': 4201.315701859817, 'alpha_2': 42.18922868863182, 'beta_0': 0.29112636777237844, 'beta_1': 1.8510235868991525, 'beta_2': 1.3750591437939952, 'beta_3': 0.2584601337959237, 'beta_4': 60.506937625579546, 'beta_5': 14.497802300265512, 'beta_6': 401.9055566160719}. Best is trial 957 with value: 71.38427157687855.
[I 2026-04-01 12:34:19,325] Trial 1221 finished with value: 74.17368782184553 and parameters: {'alpha_0': 16002.408249302745, 'alpha_1': 6471.082238946023, 'alpha_2': 44.23948294463292, 'beta_0': 0.25492340132613156, 'beta_1': 1.8547376629168726, 'beta_2': 1.356193833519455, 'beta_3': 0.2499741225400843, 'beta_4': 60.19650316036508, 'beta_5': 18.246173458325945, 'beta_6': 405.94774203426203}. Best is trial 957 with value: 71.38427157687855.
[I 2026-04-01 12:34:19,611] Trial 1223 finished with value: 73.82321156243405 and parameters: {'alpha_0': 15331.469921059028, 'alpha_1': 6431.688990899762, 'alpha_2': 44.07440277069703, 'beta_0': 0.2552635431508654, 'beta_1': 1.7614071813471164, 'beta_2': 1.26583995868053, 'beta_3': 0.24469620420673183, 'beta_4': 59.930739757314385, 'beta_5': 15.878948121956075, 'beta_6': 381.4880665640433}. Best is trial 957 with value: 71.38427157687855.
[I 2026-04-01 12:34:19,613] Trial 1226 finished with value: 72.98629253351815 and parameters: {'alpha_0': 15750.715295954556, 'alpha_1': 6179.886808885274, 'alpha_2': 44.18625280221172, 'beta_0': 0.25018166737919056, 'beta_1': 1.7857636443549454, 'beta_2': 1.2572360643459082, 'beta_3': 0.25378002573534547, 'beta_4': 61.67687221586388, 'beta_5': 7.414721382839494, 'beta_6': 305.72245765748255}. Best is trial 957 with value: 71.38427157687855.
Best trial: 957. Best value: 71.3843:  61%|██████    | 1224/2000 [1:28:58<1:09:30,  5.37s/it]Best trial: 957. Best value: 71.3843:  61%|██████    | 1224/2000 [1:28:58<1:09:30,  5.37s/it]Best trial: 957. Best value: 71.3843:  61%|██████▏   | 1225/2000 [1:28:58<49:21,  3.82s/it]                                                                                             Best trial: 957. Best value: 71.3843:  61%|██████▏   | 1225/2000 [1:28:59<49:21,  3.82s/it]Best trial: 957. Best value: 71.3843:  61%|██████▏   | 1225/2000 [1:28:59<49:21,  3.82s/it]Best trial: 957. Best value: 71.3843:  61%|██████▏   | 1226/2000 [1:28:59<41:23,  3.21s/it]                                                                                           Best trial: 957. Best value: 71.3843:  61%|██████▏   | 1226/2000 [1:28:59<41:23,  3.21s/it]Best trial: 957. Best value: 71.3843:  61%|██████▏   | 1226/2000 [1:28:59<41:23,  3.21s/it]Best trial: 957. Best value: 71.3843:  61%|██████▏   | 1227/2000 [1:28:59<33:23,  2.59s/it]                                                                                           Best trial: 957. Best value: 71.3843:  61%|██████▏   | 1227/2000 [1:28:59<33:23,  2.59s/it]Best trial: 957. Best value: 71.3843:  61%|██████▏   | 1227/2000 [1:28:59<33:23,  2.59s/it]Best trial: 957. Best value: 71.3843:  61%|██████▏   | 1228/2000 [1:28:59<26:22,  2.05s/it]                                                                                           Best trial: 957. Best value: 71.3843:  61%|██████▏   | 1228/2000 [1:28:59<26:22,  2.05s/it]Best trial: 957. Best value: 71.3843:  61%|██████▏   | 1228/2000 [1:28:59<26:22,  2.05s/it]Best trial: 957. Best value: 71.3843:  61%|██████▏   | 1229/2000 [1:28:59<21:42,  1.69s/it]                                                                                           Best trial: 957. Best value: 71.3843:  61%|██████▏   | 1229/2000 [1:29:00<21:42,  1.69s/it]Best trial: 957. Best value: 71.3843:  61%|██████▏   | 1229/2000 [1:29:00<21:42,  1.69s/it]Best trial: 957. Best value: 71.3843:  62%|██████▏   | 1230/2000 [1:29:00<17:13,  1.34s/it]                                                                                           Best trial: 957. Best value: 71.3843:  62%|██████▏   | 1230/2000 [1:29:40<17:13,  1.34s/it]Best trial: 957. Best value: 71.3843:  62%|██████▏   | 1230/2000 [1:29:40<17:13,  1.34s/it]Best trial: 957. Best value: 71.3843:  62%|██████▏   | 1231/2000 [1:29:40<2:29:00, 11.63s/it]                                                                                             Best trial: 957. Best value: 71.3843:  62%|██████▏   | 1231/2000 [1:29:40<2:29:00, 11.63s/it]Best trial: 957. Best value: 71.3843:  62%|██████▏   | 1231/2000 [1:29:40<2:29:00, 11.63s/it]                                                                                             Best trial: 957. Best value: 71.3843:  62%|██████▏   | 1232/2000 [1:29:40<2:28:49, 11.63s/it]Best trial: 957. Best value: 71.3843:  62%|██████▏   | 1232/2000 [1:29:40<2:28:49, 11.63s/it]Best trial: 957. Best value: 71.3843:  62%|██████▏   | 1233/2000 [1:29:40<1:25:08,  6.66s/it]                                                                                             Best trial: 957. Best value: 71.3843:  62%|██████▏   | 1233/2000 [1:29:40<1:25:08,  6.66s/it]Best trial: 957. Best value: 71.3843:  62%|██████▏   | 1233/2000 [1:29:40<1:25:08,  6.66s/it]Best trial: 957. Best value: 71.3843:  62%|██████▏   | 1234/2000 [1:29:40<1:05:31,  5.13s/it]                                                                                             Best trial: 957. Best value: 71.3843:  62%|██████▏   | 1234/2000 [1:29:40<1:05:31,  5.13s/it]Best trial: 957. Best value: 71.3843:  62%|██████▏   | 1234/2000 [1:29:40<1:05:31,  5.13s/it]                                                                                             Best trial: 957. Best value: 71.3843:  62%|██████▏   | 1235/2000 [1:29:40<1:05:26,  5.13s/it]Best trial: 957. Best value: 71.3843:  62%|██████▏   | 1235/2000 [1:29:40<1:05:26,  5.13s/it]Best trial: 957. Best value: 71.3843:  62%|██████▏   | 1236/2000 [1:29:40<39:43,  3.12s/it]                                                                                             Best trial: 957. Best value: 71.3843:  62%|██████▏   | 1236/2000 [1:29:40<39:43,  3.12s/it]Best trial: 957. Best value: 71.3843:  62%|██████▏   | 1236/2000 [1:29:40<39:43,  3.12s/it]                                                                                           Best trial: 957. Best value: 71.3843:  62%|██████▏   | 1237/2000 [1:29:41<39:40,  3.12s/it]Best trial: 957. Best value: 71.3843:  62%|██████▏   | 1237/2000 [1:29:41<39:40,  3.12s/it]Best trial: 957. Best value: 71.3843:  62%|██████▏   | 1238/2000 [1:29:41<25:43,  2.03s/it]                                                                                           Best trial: 957. Best value: 71.3843:  62%|██████▏   | 1238/2000 [1:29:41<25:43,  2.03s/it]Best trial: 957. Best value: 71.3843:  62%|██████▏   | 1238/2000 [1:29:41<25:43,  2.03s/it]                                                                                           Best trial: 957. Best value: 71.3843:  62%|██████▏   | 1239/2000 [1:29:41<25:41,  2.03s/it]Best trial: 957. Best value: 71.3843:  62%|██████▏   | 1239/2000 [1:29:41<25:41,  2.03s/it]Best trial: 957. Best value: 71.3843:  62%|██████▏   | 1240/2000 [1:29:41<17:13,  1.36s/it]                                                                                           Best trial: 957. Best value: 71.3843:  62%|██████▏   | 1240/2000 [1:30:22<17:13,  1.36s/it]Best trial: 957. Best value: 71.3843:  62%|██████▏   | 1240/2000 [1:30:22<17:13,  1.36s/it]Best trial: 957. Best value: 71.3843:  62%|██████▏   | 1241/2000 [1:30:22<1:55:06,  9.10s/it]                                                                                             Best trial: 957. Best value: 71.3843:  62%|██████▏   | 1241/2000 [1:30:22<1:55:06,  9.10s/it]Best trial: 957. Best value: 71.3843:  62%|██████▏   | 1241/2000 [1:30:22<1:55:06,  9.10s/it]                                                                                             [I 2026-04-01 12:34:19,771] Trial 1224 finished with value: 72.05173978862842 and parameters: {'alpha_0': 15949.293512643277, 'alpha_1': 5633.189513545328, 'alpha_2': 44.37161241070161, 'beta_0': 0.2006062386040719, 'beta_1': 1.6589774506223218, 'beta_2': 1.2644435899362911, 'beta_3': 0.26367584114196513, 'beta_4': 61.00564866775557, 'beta_5': 8.497672505336269, 'beta_6': 304.76159215842125}. Best is trial 957 with value: 71.38427157687855.
[I 2026-04-01 12:34:20,053] Trial 1228 finished with value: 72.42885978844193 and parameters: {'alpha_0': 15706.826964209267, 'alpha_1': 5610.857243928903, 'alpha_2': 44.268775320119786, 'beta_0': 0.20036883358675683, 'beta_1': 1.7654527188597968, 'beta_2': 1.2598834485241996, 'beta_3': 0.2519825642459684, 'beta_4': 61.500958467990266, 'beta_5': 8.609454748850096, 'beta_6': 418.6752903805861}. Best is trial 957 with value: 71.38427157687855.
[I 2026-04-01 12:34:20,146] Trial 1229 finished with value: 96.75811281836695 and parameters: {'alpha_0': 15542.323992546566, 'alpha_1': 6157.040631393733, 'alpha_2': 44.22242791521824, 'beta_0': 0.2499665634799651, 'beta_1': 1.654401497044804, 'beta_2': 1.2687510805376525, 'beta_3': 0.25268489367974706, 'beta_4': 173.46783681941238, 'beta_5': 8.624370198870972, 'beta_6': 308.23807683222884}. Best is trial 957 with value: 71.38427157687855.
