[I 2026-04-01 13:19:43,988] Trial 1496 finished with value: 1000000.0 and parameters: {'alpha_0': 16703.03337327213, 'alpha_1': 5533.078136903379, 'alpha_2': 38.33476594084359, 'beta_0': 0.2002697513294764, 'beta_1': 1.7632555028889603, 'beta_2': 1.2555176320325223, 'beta_3': 0.2837881132893074, 'beta_4': 49.94899858787791, 'beta_5': 0.03418742870010649, 'beta_6': 468.09803824414416}. Best is trial 957 with value: 71.38427157687855.

⚠ Timeout: alpha=[16590.4485349724, 5473.372128186825, 48.57750694119597], beta=[0.3294581005335627, 1.7631057340051717, 1.2644859192764046, 0.22049011383057399, 50.04662511434433, 0.33121945727222, 467.30098530705567]
[I 2026-04-01 13:19:44,173] Trial 1497 finished with value: 1000000.0 and parameters: {'alpha_0': 16590.4485349724, 'alpha_1': 5473.372128186825, 'alpha_2': 48.57750694119597, 'beta_0': 0.3294581005335627, 'beta_1': 1.7631057340051717, 'beta_2': 1.2644859192764046, 'beta_3': 0.22049011383057399, 'beta_4': 50.04662511434433, 'beta_5': 0.33121945727222, 'beta_6': 467.30098530705567}. Best is trial 957 with value: 71.38427157687855.

⚠ Timeout: alpha=[16736.862213330412, 4766.21658455886, 48.614777097485735], beta=[0.20092871677114302, 1.7663258147116503, 1.2447224460875503, 0.2931743055400698, 50.47281687176238, 8.99629887297776, 465.27670605332935]
[I 2026-04-01 13:19:45,342] Trial 1498 finished with value: 1000000.0 and parameters: {'alpha_0': 16736.862213330412, 'alpha_1': 4766.21658455886, 'alpha_2': 48.614777097485735, 'beta_0': 0.20092871677114302, 'beta_1': 1.7663258147116503, 'beta_2': 1.2447224460875503, 'beta_3': 0.2931743055400698, 'beta_4': 50.47281687176238, 'beta_5': 8.99629887297776, 'beta_6': 465.27670605332935}. Best is trial 957 with value: 71.38427157687855.

⚠ Timeout: alpha=[16756.79596308879, 5512.374450407384, 48.56872452186081], beta=[0.2002097144918629, 1.7725971491736463, 2.983691163971752, 0.2889602868160741, 75.77760072219381, 0.09492806231925677, 172.02540633607322]
[I 2026-04-01 13:19:46,029] Trial 1499 finished with value: 1000000.0 and parameters: {'alpha_0': 16756.79596308879, 'alpha_1': 5512.374450407384, 'alpha_2': 48.56872452186081, 'beta_0': 0.2002097144918629, 'beta_1': 1.7725971491736463, 'beta_2': 2.983691163971752, 'beta_3': 0.2889602868160741, 'beta_4': 75.77760072219381, 'beta_5': 0.09492806231925677, 'beta_6': 172.02540633607322}. Best is trial 957 with value: 71.38427157687855.
[I 2026-04-01 13:21:31,253] Trial 1501 finished with value: 80.88355682739223 and parameters: {'alpha_0': 16863.362429267367, 'alpha_1': 4811.464383170036, 'alpha_2': 44.03783020394008, 'beta_0': 0.3310539433334875, 'beta_1': 1.7686211995121122, 'beta_2': 1.249802871286851, 'beta_3': 0.30269551613363554, 'beta_4': 63.70192044222361, 'beta_5': 9.407611214602962, 'beta_6': 463.93484231887044}. Best is trial 957 with value: 71.38427157687855.
[I 2026-04-01 13:21:31,273] Trial 1506 finished with value: 78.21068380231424 and parameters: {'alpha_0': 15028.652510489232, 'alpha_1': 686.515873935844, 'alpha_2': 48.25642050795156, 'beta_0': 0.3219769027928973, 'beta_1': 1.7773152422613414, 'beta_2': 1.2678946527892712, 'beta_3': 0.019660397316067252, 'beta_4': 63.41138951567654, 'beta_5': 9.402597127865661, 'beta_6': 446.97601615922196}. Best is trial 957 with value: 71.38427157687855.
[I 2026-04-01 13:21:31,422] Trial 1508 finished with value: 77.86333211710986 and parameters: {'alpha_0': 14660.469592854592, 'alpha_1': 6099.626892727623, 'alpha_2': 45.94887717028903, 'beta_0': 0.3218601619089482, 'beta_1': 1.832973769763488, 'beta_2': 1.217196259230148, 'beta_3': 0.00854343928800426, 'beta_4': 64.46648035274228, 'beta_5': 10.305507619088448, 'beta_6': 446.10843416154705}. Best is trial 957 with value: 71.38427157687855.
[I 2026-04-01 13:21:31,559] Trial 1503 finished with value: 76.6938564891204 and parameters: {'alpha_0': 14936.142662993125, 'alpha_1': 5437.189210205799, 'alpha_2': 43.922223701879204, 'beta_0': 0.3225705949027978, 'beta_1': 1.752765411747509, 'beta_2': 1.2472887605932481, 'beta_3': 0.22870979107920628, 'beta_4': 64.60520897442177, 'beta_5': 9.663177673357975, 'beta_6': 175.39269529714957}. Best is trial 957 with value: 71.38427157687855.
[I 2026-04-01 13:21:31,665] Trial 1504 finished with value: 125.58166493800539 and parameters: {'alpha_0': 14891.950292540947, 'alpha_1': 5488.780330511095, 'alpha_2': 48.22376997183107, 'beta_0': 0.33996693040178105, 'beta_1': 1.7848146005472931, 'beta_2': 1.2529242845686468, 'beta_3': 0.22167840846646292, 'beta_4': 63.37325802083105, 'beta_5': 307.3714111612387, 'beta_6': 175.04207692670116}. Best is trial 957 with value: 71.38427157687855.
[I 2026-04-01 13:21:31,727] Trial 1502 finished with value: 100.5231134814713 and parameters: {'alpha_0': 16603.837625610908, 'alpha_1': 6104.948801428581, 'alpha_2': 44.16810327858774, 'beta_0': 0.2002850297109301, 'beta_1': 1.7811271375512416, 'beta_2': 1.2499426607955282, 'beta_3': 0.22770482378736495, 'beta_4': 63.67019523020453, 'beta_5': 315.2461262067524, 'beta_6': 171.36715282516676}. Best is trial 957 with value: 71.38427157687855.
[I 2026-04-01 13:21:31,753] Trial 1507 finished with value: 100.89118783962638 and parameters: {'alpha_0': 14905.78591428273, 'alpha_1': 733.8395462058081, 'alpha_2': 44.31571487078933, 'beta_0': 0.3222016337663287, 'beta_1': 1.8159749950174624, 'beta_2': 1.3615031385245793, 'beta_3': 0.026270713214360586, 'beta_4': 63.28489668341895, 'beta_5': 240.39735370774383, 'beta_6': 448.0400436825539}. Best is trial 957 with value: 71.38427157687855.
Best trial: 957. Best value: 71.3843:  75%|███████▌  | 1505/2000 [2:16:10<1:58:21, 14.35s/it]                                                                                             Best trial: 957. Best value: 71.3843:  75%|███████▌  | 1505/2000 [2:16:10<1:58:21, 14.35s/it]Best trial: 957. Best value: 71.3843:  75%|███████▌  | 1505/2000 [2:16:10<1:58:21, 14.35s/it]Best trial: 957. Best value: 71.3843:  75%|███████▌  | 1506/2000 [2:16:10<1:58:07, 14.35s/it]Best trial: 957. Best value: 71.3843:  75%|███████▌  | 1507/2000 [2:16:10<1:07:49,  8.25s/it]Best trial: 957. Best value: 71.3843:  75%|███████▌  | 1507/2000 [2:16:11<1:07:49,  8.25s/it]Best trial: 957. Best value: 71.3843:  75%|███████▌  | 1508/2000 [2:16:11<1:07:41,  8.25s/it]                                                                                             Best trial: 957. Best value: 71.3843:  75%|███████▌  | 1509/2000 [2:16:11<1:07:32,  8.25s/it]Best trial: 957. Best value: 71.3843:  75%|███████▌  | 1509/2000 [2:16:11<1:07:32,  8.25s/it]Best trial: 957. Best value: 71.3843:  76%|███████▌  | 1510/2000 [2:16:11<36:05,  4.42s/it]                                                                                             Best trial: 957. Best value: 71.3843:  76%|███████▌  | 1510/2000 [2:17:38<36:05,  4.42s/it]Best trial: 957. Best value: 71.3843:  76%|███████▌  | 1510/2000 [2:17:38<36:05,  4.42s/it]Best trial: 957. Best value: 71.3843:  76%|███████▌  | 1511/2000 [2:17:38<2:40:52, 19.74s/it]                                                                                             Best trial: 957. Best value: 71.3843:  76%|███████▌  | 1511/2000 [2:17:38<2:40:52, 19.74s/it]Best trial: 957. Best value: 71.3843:  76%|███████▌  | 1511/2000 [2:17:38<2:40:52, 19.74s/it]Best trial: 957. Best value: 71.3843:  76%|███████▌  | 1512/2000 [2:17:38<2:07:13, 15.64s/it]                                                                                             Best trial: 957. Best value: 71.3843:  76%|███████▌  | 1512/2000 [2:17:39<2:07:13, 15.64s/it]Best trial: 957. Best value: 71.3843:  76%|███████▌  | 1512/2000 [2:17:39<2:07:13, 15.64s/it]Best trial: 957. Best value: 71.3843:  76%|███████▌  | 1513/2000 [2:17:39<1:37:58, 12.07s/it]                                                                                             Best trial: 957. Best value: 71.3843:  76%|███████▌  | 1513/2000 [2:17:39<1:37:58, 12.07s/it]Best trial: 957. Best value: 71.3843:  76%|███████▌  | 1513/2000 [2:17:39<1:37:58, 12.07s/it]Best trial: 957. Best value: 71.3843:  76%|███████▌  | 1514/2000 [2:17:39<1:15:08,  9.28s/it]                                                                                             Best trial: 957. Best value: 71.3843:  76%|███████▌  | 1514/2000 [2:17:39<1:15:08,  9.28s/it]Best trial: 957. Best value: 71.3843:  76%|███████▌  | 1514/2000 [2:17:39<1:15:08,  9.28s/it]Best trial: 957. Best value: 71.3843:  76%|███████▌  | 1515/2000 [2:17:39<55:37,  6.88s/it]                                                                                             Best trial: 957. Best value: 71.3843:  76%|███████▌  | 1515/2000 [2:17:39<55:37,  6.88s/it]Best trial: 957. Best value: 71.3843:  76%|███████▌  | 1515/2000 [2:17:40<55:37,  6.88s/it]                                                                                           Best trial: 957. Best value: 71.3843:  76%|███████▌  | 1516/2000 [2:17:40<55:30,  6.88s/it]Best trial: 957. Best value: 71.3843:  76%|███████▌  | 1516/2000 [2:17:40<55:30,  6.88s/it]Best trial: 957. Best value: 71.3843:  76%|███████▌  | 1517/2000 [2:17:40<32:16,  4.01s/it]                                                                                           Best trial: 957. Best value: 71.3843:  76%|███████▌  | 1517/2000 [2:17:40<32:16,  4.01s/it]Best trial: 957. Best value: 71.3843:  76%|███████▌  | 1517/2000 [2:17:40<32:16,  4.01s/it]Best trial: 957. Best value: 71.3843:  76%|███████▌  | 1518/2000 [2:17:40<25:10,  3.13s/it]                                                                                           Best trial: 957. Best value: 71.3843:  76%|███████▌  | 1518/2000 [2:17:40<25:10,  3.13s/it]Best trial: 957. Best value: 71.3843:  76%|███████▌  | 1518/2000 [2:17:40<25:10,  3.13s/it]Best trial: 957. Best value: 71.3843:  76%|███████▌  | 1519/2000 [2:17:40<19:09,  2.39s/it]                                                                                           Best trial: 957. Best value: 71.3843:  76%|███████▌  | 1519/2000 [2:17:41<19:09,  2.39s/it]Best trial: 957. Best value: 71.3843:  76%|███████▌  | 1519/2000 [2:17:41<19:09,  2.39s/it]Best trial: 957. Best value: 71.3843:  76%|███████▌  | 1520/2000 [2:17:41<16:17,  2.04s/it]                                                                                           Best trial: 957. Best value: 71.3843:  76%|███████▌  | 1520/2000 [2:18:36<16:17,  2.04s/it]Best trial: 957. Best value: 71.3843:  76%|███████▌  | 1520/2000 [2:18:37<16:17,  2.04s/it]Best trial: 957. Best value: 71.3843:  76%|███████▌  | 1521/2000 [2:18:37<2:12:28, 16.59s/it]                                                                                             Best trial: 957. Best value: 71.3843:  76%|███████▌  | 1521/2000 [2:18:37<2:12:28, 16.59s/it]Best trial: 957. Best value: 71.3843:  76%|███████▌  | 1521/2000 [2:18:37<2:12:28, 16.59s/it]Best trial: 957. Best value: 71.3843:  76%|███████▌  | 1522/2000 [2:18:37<1:35:45, 12.02s/it]                                                                                             Best trial: 957. Best value: 71.3843:  76%|███████▌  | 1522/2000 [2:18:37<1:35:45, 12.02s/it]Best trial: 957. Best value: 71.3843:  76%|███████▌  | 1522/2000 [2:18:37<1:35:45, 12.02s/it]Best trial: 957. Best value: 71.3843:  76%|███████▌  | 1523/2000 [2:18:37<1:09:09,  8.70s/it]                                                                                             Best trial: 957. Best value: 71.3843:  76%|███████▌  | 1523/2000 [2:18:37<1:09:09,  8.70s/it]Best trial: 957. Best value: 71.3843:  76%|███████▌  | 1523/2000 [2:18:38<1:09:09,  8.70s/it]Best trial: 957. Best value: 71.3843:  76%|███████▌  | 1524/2000 [2:18:38<49:35,  6.25s/it]                                                                                             Best trial: 957. Best value: 71.3843:  76%|███████▌  | 1524/2000 [2:18:38<49:35,  6.25s/it]Best trial: 957. Best value: 71.3843:  76%|███████▌  | 1524/2000 [2:18:38<49:35,  6.25s/it]                                                                                           [I 2026-04-01 13:21:31,779] Trial 1509 finished with value: 82.77426887853149 and parameters: {'alpha_0': 15041.066392325843, 'alpha_1': 648.6547983301216, 'alpha_2': 45.90797472809811, 'beta_0': 0.32683462765478105, 'beta_1': 1.833804602556454, 'beta_2': 1.3621050451959607, 'beta_3': 0.3882187775236753, 'beta_4': 63.67157501583179, 'beta_5': 26.249821185075405, 'beta_6': 379.8235650731446}. Best is trial 957 with value: 71.38427157687855.
[I 2026-04-01 13:21:31,799] Trial 1500 finished with value: 81.06899891005631 and parameters: {'alpha_0': 16614.70383878944, 'alpha_1': 725.3207502566702, 'alpha_2': 44.14978043955665, 'beta_0': 0.32995605106738124, 'beta_1': 1.7708451455383996, 'beta_2': 1.2600467659748227, 'beta_3': 0.22583156502514828, 'beta_4': 63.91331297140547, 'beta_5': 10.081399595430181, 'beta_6': 448.22949889253164}. Best is trial 957 with value: 71.38427157687855.
[I 2026-04-01 13:21:32,307] Trial 1505 finished with value: 152.62856554043375 and parameters: {'alpha_0': 14658.413130589071, 'alpha_1': 4794.567829475184, 'alpha_2': 13.795696627721984, 'beta_0': 0.5680230782127998, 'beta_1': 1.8238661131898883, 'beta_2': 1.255693647037144, 'beta_3': 0.38686162295125304, 'beta_4': 64.91852372679685, 'beta_5': 9.616559820446906, 'beta_6': 176.77228237758726}. Best is trial 957 with value: 71.38427157687855.
[I 2026-04-01 13:22:59,624] Trial 1511 finished with value: 78.00218737520787 and parameters: {'alpha_0': 14640.9317810301, 'alpha_1': 708.4094577128501, 'alpha_2': 45.63804122132761, 'beta_0': 0.2925328259010078, 'beta_1': 1.823632399649629, 'beta_2': 1.357525789498609, 'beta_3': 0.3890325090204933, 'beta_4': 64.76742737896829, 'beta_5': 26.750740882365807, 'beta_6': 326.576465843412}. Best is trial 957 with value: 71.38427157687855.
[I 2026-04-01 13:22:59,781] Trial 1512 finished with value: 75.40240849833418 and parameters: {'alpha_0': 14765.357436284194, 'alpha_1': 903.6321050036559, 'alpha_2': 45.93099851461063, 'beta_0': 0.28628089655688044, 'beta_1': 1.6359712650443645, 'beta_2': 1.3631518242907126, 'beta_3': 0.24055857146489024, 'beta_4': 62.08949342785436, 'beta_5': 29.605249380850374, 'beta_6': 336.7748778216897}. Best is trial 957 with value: 71.38427157687855.
[I 2026-04-01 13:22:59,898] Trial 1515 finished with value: 75.59232879867068 and parameters: {'alpha_0': 15644.276433373532, 'alpha_1': 878.6097218088809, 'alpha_2': 41.4648064170446, 'beta_0': 0.2560617200029738, 'beta_1': 1.6303998858667241, 'beta_2': 1.3243995433564693, 'beta_3': 0.37776536600160515, 'beta_4': 72.92905887532396, 'beta_5': 28.479598717807065, 'beta_6': 335.04932672602996}. Best is trial 957 with value: 71.38427157687855.
[I 2026-04-01 13:23:00,683] Trial 1519 finished with value: 75.4397294297583 and parameters: {'alpha_0': 15417.451597940633, 'alpha_1': 933.6463773660107, 'alpha_2': 45.87123313140886, 'beta_0': 0.2533381705903033, 'beta_1': 1.6301068671788856, 'beta_2': 1.3882096946287026, 'beta_3': 0.08427567565450222, 'beta_4': 73.71269764316268, 'beta_5': 27.295916971681155, 'beta_6': 160.28228755758687}. Best is trial 957 with value: 71.38427157687855.
[I 2026-04-01 13:23:00,788] Trial 1516 finished with value: 74.29280675310841 and parameters: {'alpha_0': 15504.446746492285, 'alpha_1': 946.9074969730993, 'alpha_2': 41.33284579008832, 'beta_0': 0.25698735595243777, 'beta_1': 1.5255475716765297, 'beta_2': 1.3107746587566549, 'beta_3': 0.3986057521179532, 'beta_4': 73.20060744475776, 'beta_5': 23.247259814592933, 'beta_6': 158.9624319495657}. Best is trial 957 with value: 71.38427157687855.
[I 2026-04-01 13:23:00,840] Trial 1514 finished with value: 73.38061770309434 and parameters: {'alpha_0': 14465.483485757588, 'alpha_1': 926.6420045763775, 'alpha_2': 41.66922448398534, 'beta_0': 0.25376173229889104, 'beta_1': 1.6241103725666615, 'beta_2': 1.3328574813268408, 'beta_3': 0.3893846670917332, 'beta_4': 74.09298118259298, 'beta_5': 25.905129118065716, 'beta_6': 162.57708915247048}. Best is trial 957 with value: 71.38427157687855.
[I 2026-04-01 13:23:01,027] Trial 1510 finished with value: 121.74213895216903 and parameters: {'alpha_0': 14664.442655540239, 'alpha_1': 717.2161797205654, 'alpha_2': 45.933385766810616, 'beta_0': 0.29657478003073945, 'beta_1': 1.8284882531461326, 'beta_2': 2.4071093580948393, 'beta_3': 0.3848996551895179, 'beta_4': 63.61895035396328, 'beta_5': 26.368895017578115, 'beta_6': 180.2802579217745}. Best is trial 957 with value: 71.38427157687855.
[I 2026-04-01 13:23:01,345] Trial 1518 finished with value: 88.77244632639449 and parameters: {'alpha_0': 18346.341140964603, 'alpha_1': 919.1519169696616, 'alpha_2': 41.29398299926151, 'beta_0': 0.25538293381987737, 'beta_1': 1.935884685997677, 'beta_2': 1.8433956169754553, 'beta_3': 0.09221954761743918, 'beta_4': 53.780061717225536, 'beta_5': 28.887992189273493, 'beta_6': 338.356795669536}. Best is trial 957 with value: 71.38427157687855.
[I 2026-04-01 13:23:01,445] Trial 1517 finished with value: 76.54271290277472 and parameters: {'alpha_0': 18111.758277942914, 'alpha_1': 978.0784668253716, 'alpha_2': 45.805090968838435, 'beta_0': 0.2561991381103273, 'beta_1': 1.636862815770549, 'beta_2': 1.3435804744936237, 'beta_3': 0.3883145896514801, 'beta_4': 73.44068062448522, 'beta_5': 28.558339528033287, 'beta_6': 497.9584153710715}. Best is trial 957 with value: 71.38427157687855.
[I 2026-04-01 13:23:02,588] Trial 1513 finished with value: 387.84048397280935 and parameters: {'alpha_0': 14540.671084463325, 'alpha_1': 902.2968648352403, 'alpha_2': 41.42678291970765, 'beta_0': 0.8894134924888237, 'beta_1': 1.832458434897745, 'beta_2': 2.4186430223320183, 'beta_3': 0.39214005222789816, 'beta_4': 73.53221560282736, 'beta_5': 24.608589402807237, 'beta_6': 409.4490221789083}. Best is trial 957 with value: 71.38427157687855.
[I 2026-04-01 13:23:57,860] Trial 1521 finished with value: 79.113352719537 and parameters: {'alpha_0': 18478.844412700946, 'alpha_1': 5265.14356357848, 'alpha_2': 41.768128816283095, 'beta_0': 0.2526499971554359, 'beta_1': 1.9281971500625845, 'beta_2': 1.3218744293728715, 'beta_3': 0.41295950389420566, 'beta_4': 73.09089424289483, 'beta_5': 17.34170130736844, 'beta_6': 405.91549538009235}. Best is trial 957 with value: 71.38427157687855.
[I 2026-04-01 13:23:58,168] Trial 1520 finished with value: 75.45071533836182 and parameters: {'alpha_0': 18262.988229297443, 'alpha_1': 6353.793356056729, 'alpha_2': 41.63651533018071, 'beta_0': 0.2487418839155803, 'beta_1': 1.6479101313014468, 'beta_2': 1.3176908391268558, 'beta_3': 0.4153032595537861, 'beta_4': 59.93211936915439, 'beta_5': 26.80464033919811, 'beta_6': 403.1859370948506}. Best is trial 957 with value: 71.38427157687855.
[I 2026-04-01 13:23:58,595] Trial 1522 finished with value: 74.28202406731899 and parameters: {'alpha_0': 18228.102268979896, 'alpha_1': 5269.036494433674, 'alpha_2': 47.63495630567387, 'beta_0': 0.2003894220405283, 'beta_1': 1.6336424717723752, 'beta_2': 1.4084889855552076, 'beta_3': 0.08485584503638287, 'beta_4': 74.14146929592408, 'beta_5': 18.164019486312135, 'beta_6': 406.55300057874626}. Best is trial 957 with value: 71.38427157687855.
[I 2026-04-01 13:23:58,861] Trial 1526 finished with value: 74.73222155502667 and parameters: {'alpha_0': 18338.439851292504, 'alpha_1': 5177.947485579468, 'alpha_2': 47.49709681239485, 'beta_0': 0.20091274834116352, 'beta_1': 1.9454711960057174, 'beta_2': 1.3985503267945856, 'beta_3': 0.49574334003091036, 'beta_4': 59.381912990215696, 'beta_5': 15.935925709059227, 'beta_6': 401.5261856071794}. Best is trial 957 with value: 71.38427157687855.
[I 2026-04-01 13:23:58,897] Trial 1525 finished with value: 76.23993605873522 and parameters: {'alpha_0': 18583.891636931206, 'alpha_1': 5184.8832789737535, 'alpha_2': 47.26649405233687, 'beta_0': 0.25446458895797364, 'beta_1': 1.7358405615115444, 'beta_2': 1.1918595390703242, 'beta_3': 0.4856085533604846, 'beta_4': 53.87129136526285, 'beta_5': 16.428488414233826, 'beta_6': 402.50576483109216}. Best is trial 957 with value: 71.38427157687855.
