[I 2026-04-01 12:50:58,095] Trial 1441 finished with value: 76.65961739950278 and parameters: {'alpha_0': 18019.21192833354, 'alpha_1': 5923.638862568419, 'alpha_2': 47.16163468403415, 'beta_0': 0.25551653063399365, 'beta_1': 1.81662999578029, 'beta_2': 1.4014879995549017, 'beta_3': 0.4003272162273189, 'beta_4': 61.30215713838089, 'beta_5': 9.585720444743323, 'beta_6': 414.9606562202698}. Best is trial 957 with value: 71.38427157687855.
[I 2026-04-01 12:50:58,165] Trial 1443 finished with value: 72.62137838404175 and parameters: {'alpha_0': 14901.038276646821, 'alpha_1': 5859.741853003807, 'alpha_2': 47.696704864020376, 'beta_0': 0.20149005125413877, 'beta_1': 1.8062042722355558, 'beta_2': 1.4198440677985082, 'beta_3': 0.41025724867535224, 'beta_4': 60.652292379259315, 'beta_5': 9.065194077987409, 'beta_6': 375.82146162218595}. Best is trial 957 with value: 71.38427157687855.
[I 2026-04-01 12:50:58,354] Trial 1444 finished with value: 74.18157417019353 and parameters: {'alpha_0': 14663.92904446813, 'alpha_1': 5890.58696057653, 'alpha_2': 47.497768020872506, 'beta_0': 0.2580193188078891, 'beta_1': 1.7503962421783268, 'beta_2': 1.4066520260443225, 'beta_3': 0.1431551501539225, 'beta_4': 60.20992800666875, 'beta_5': 36.39422720695354, 'beta_6': 416.4839098415809}. Best is trial 957 with value: 71.38427157687855.
[I 2026-04-01 12:50:58,909] Trial 1448 finished with value: 92.07327268570523 and parameters: {'alpha_0': 14841.484369702064, 'alpha_1': 5852.778711331504, 'alpha_2': 48.838379085501536, 'beta_0': 0.3893026017442054, 'beta_1': 1.7452590824602867, 'beta_2': 1.4132823601824709, 'beta_3': 0.1461093193577353, 'beta_4': 61.01737727350259, 'beta_5': 35.36441148111364, 'beta_6': 429.68441144080674}. Best is trial 957 with value: 71.38427157687855.
[I 2026-04-01 12:50:59,076] Trial 1446 finished with value: 75.65586339572597 and parameters: {'alpha_0': 14542.109452148119, 'alpha_1': 6015.750427849472, 'alpha_2': 49.07502900167608, 'beta_0': 0.25406306138136414, 'beta_1': 1.748856359892942, 'beta_2': 1.409993947499122, 'beta_3': 0.37078942407919396, 'beta_4': 59.24409574271397, 'beta_5': 28.63644193683384, 'beta_6': 477.11590568287244}. Best is trial 957 with value: 71.38427157687855.
[I 2026-04-01 12:50:59,206] Trial 1445 finished with value: 76.5872806396757 and parameters: {'alpha_0': 14539.872697022276, 'alpha_1': 5901.585413151043, 'alpha_2': 47.762080627164465, 'beta_0': 0.24714685237505232, 'beta_1': 1.7514449837995287, 'beta_2': 1.3956904810528568, 'beta_3': 0.4169710131639602, 'beta_4': 59.296839124461776, 'beta_5': 32.68232216381227, 'beta_6': 415.6467921951388}. Best is trial 957 with value: 71.38427157687855.
[I 2026-04-01 12:51:00,386] Trial 1449 finished with value: 75.80761229730143 and parameters: {'alpha_0': 14575.628349521981, 'alpha_1': 5639.313562870342, 'alpha_2': 48.57835731649267, 'beta_0': 0.24613100279810468, 'beta_1': 1.7536866844089858, 'beta_2': 1.4143147845230393, 'beta_3': 0.0669569967670128, 'beta_4': 59.42252191313666, 'beta_5': 31.773619537871888, 'beta_6': 239.55955508706626}. Best is trial 957 with value: 71.38427157687855.
[I 2026-04-01 12:52:34,604] Trial 1450 finished with value: 98.44129954076541 and parameters: {'alpha_0': 17512.871002921514, 'alpha_1': 6038.34964742719, 'alpha_2': 44.744964735601584, 'beta_0': 0.3793604929574294, 'beta_1': 1.7385577166304935, 'beta_2': 1.4156570447512982, 'beta_3': 0.06724260080327145, 'beta_4': 58.73014412917135, 'beta_5': 38.18406985695392, 'beta_6': 469.73951637422147}. Best is trial 957 with value: 71.38427157687855.
[I 2026-04-01 12:52:35,408] Trial 1451 finished with value: 99.83963316614944 and parameters: {'alpha_0': 17697.78231421709, 'alpha_1': 6050.276039417886, 'alpha_2': 49.955936341075244, 'beta_0': 0.38775559792355363, 'beta_1': 1.7467227702519035, 'beta_2': 1.3930938154875754, 'beta_3': 0.07136789611441319, 'beta_4': 69.38061473324613, 'beta_5': 32.63770109016804, 'beta_6': 436.1607386291732}. Best is trial 957 with value: 71.38427157687855.
[I 2026-04-01 12:52:35,830] Trial 1452 finished with value: 128.3381907932124 and parameters: {'alpha_0': 17683.7938424417, 'alpha_1': 4607.188950410931, 'alpha_2': 49.97735343665833, 'beta_0': 0.38789291659998093, 'beta_1': 1.727173275187995, 'beta_2': 2.0509736118153543, 'beta_3': 0.1299923288899485, 'beta_4': 60.421889845350826, 'beta_5': 29.436994004768756, 'beta_6': 430.0228864871357}. Best is trial 957 with value: 71.38427157687855.
[I 2026-04-01 12:52:35,847] Trial 1458 finished with value: 90.00715853402563 and parameters: {'alpha_0': 17547.20846077834, 'alpha_1': 4655.585204007672, 'alpha_2': 44.80302570632578, 'beta_0': 0.36626040427774115, 'beta_1': 1.6704472362548737, 'beta_2': 1.3239077805343107, 'beta_3': 0.2589617505458225, 'beta_4': 69.56445274229131, 'beta_5': 26.712730228704828, 'beta_6': 441.02635126766154}. Best is trial 957 with value: 71.38427157687855.
[I 2026-04-01 12:52:35,991] Trial 1456 finished with value: 83.20346688090098 and parameters: {'alpha_0': 17310.261139648046, 'alpha_1': 5635.511599073711, 'alpha_2': 48.74602197786238, 'beta_0': 0.35690428078705455, 'beta_1': 1.727008507731941, 'beta_2': 1.3527966809311807, 'beta_3': 0.26426373226237126, 'beta_4': 70.6811352300341, 'beta_5': 27.52899531708315, 'beta_6': 438.36191785664926}. Best is trial 957 with value: 71.38427157687855.
[I 2026-04-01 12:52:36,073] Trial 1455 finished with value: 72.98758608643747 and parameters: {'alpha_0': 17278.69836032445, 'alpha_1': 5717.21511879527, 'alpha_2': 49.35691852890742, 'beta_0': 0.20105674032373733, 'beta_1': 1.6861078906271767, 'beta_2': 1.3221650822135123, 'beta_3': 0.2650019384236228, 'beta_4': 69.84086949924817, 'beta_5': 0.015690704808925204, 'beta_6': 456.10730611472644}. Best is trial 957 with value: 71.38427157687855.
[I 2026-04-01 12:52:36,412] Trial 1454 finished with value: 98.53178845780283 and parameters: {'alpha_0': 17584.38805076706, 'alpha_1': 5579.554031740447, 'alpha_2': 49.95872842155187, 'beta_0': 0.3890073744074437, 'beta_1': 1.7341117491390918, 'beta_2': 1.321162359051394, 'beta_3': 0.2647523320123927, 'beta_4': 68.03985250968805, 'beta_5': 32.55411654234702, 'beta_6': 455.0575207204733}. Best is trial 957 with value: 71.38427157687855.
[I 2026-04-01 12:52:37,175] Trial 1457 finished with value: 94.74154575875093 and parameters: {'alpha_0': 17634.18750016218, 'alpha_1': 4556.754903827953, 'alpha_2': 44.767806521625594, 'beta_0': 0.3978311670323731, 'beta_1': 1.672716510569462, 'beta_2': 1.3260803359694968, 'beta_3': 0.06633646440263676, 'beta_4': 68.05373654167542, 'beta_5': 27.528294075413708, 'beta_6': 433.9244873654969}. Best is trial 957 with value: 71.38427157687855.
Best trial: 957. Best value: 71.3843:  73%|███████▎  | 1458/2000 [1:47:16<36:27,  4.04s/it]Best trial: 957. Best value: 71.3843:  73%|███████▎  | 1458/2000 [1:47:16<36:27,  4.04s/it]Best trial: 957. Best value: 71.3843:  73%|███████▎  | 1459/2000 [1:47:16<28:25,  3.15s/it]                                                                                           Best trial: 957. Best value: 71.3843:  73%|███████▎  | 1459/2000 [1:47:17<28:25,  3.15s/it]Best trial: 957. Best value: 71.3843:  73%|███████▎  | 1459/2000 [1:47:17<28:25,  3.15s/it]Best trial: 957. Best value: 71.3843:  73%|███████▎  | 1460/2000 [1:47:17<22:11,  2.46s/it]                                                                                           Best trial: 957. Best value: 71.3843:  73%|███████▎  | 1460/2000 [1:48:47<22:11,  2.46s/it]Best trial: 957. Best value: 71.3843:  73%|███████▎  | 1460/2000 [1:48:47<22:11,  2.46s/it]Best trial: 957. Best value: 71.3843:  73%|███████▎  | 1461/2000 [1:48:47<3:53:18, 25.97s/it]                                                                                             Best trial: 957. Best value: 71.3843:  73%|███████▎  | 1461/2000 [1:48:47<3:53:18, 25.97s/it]Best trial: 957. Best value: 71.3843:  73%|███████▎  | 1461/2000 [1:48:47<3:53:18, 25.97s/it]                                                                                             Best trial: 957. Best value: 71.3843:  73%|███████▎  | 1462/2000 [1:48:48<3:52:53, 25.97s/it]Best trial: 957. Best value: 71.3843:  73%|███████▎  | 1462/2000 [1:48:48<3:52:53, 25.97s/it]Best trial: 957. Best value: 71.3843:  73%|███████▎  | 1463/2000 [1:48:48<2:12:35, 14.82s/it]                                                                                             Best trial: 957. Best value: 71.3843:  73%|███████▎  | 1463/2000 [1:48:48<2:12:35, 14.82s/it]Best trial: 957. Best value: 71.3843:  73%|███████▎  | 1463/2000 [1:48:48<2:12:35, 14.82s/it]                                                                                             Best trial: 957. Best value: 71.3843:  73%|███████▎  | 1464/2000 [1:48:48<1:41:32, 11.37s/it]Best trial: 957. Best value: 71.3843:  73%|███████▎  | 1464/2000 [1:48:48<1:41:32, 11.37s/it]                                                                                             Best trial: 957. Best value: 71.3843:  73%|███████▎  | 1464/2000 [1:48:48<1:41:32, 11.37s/it]Best trial: 957. Best value: 71.3843:  73%|███████▎  | 1464/2000 [1:48:48<1:41:32, 11.37s/it]Best trial: 957. Best value: 71.3843:  73%|███████▎  | 1465/2000 [1:48:48<1:41:21, 11.37s/it]                                                                                             Best trial: 957. Best value: 71.3843:  73%|███████▎  | 1466/2000 [1:48:48<1:41:10, 11.37s/it]Best trial: 957. Best value: 71.3843:  73%|███████▎  | 1466/2000 [1:48:48<1:41:10, 11.37s/it]Best trial: 957. Best value: 71.3843:  73%|███████▎  | 1467/2000 [1:48:48<50:40,  5.70s/it]                                                                                             Best trial: 957. Best value: 71.3843:  73%|███████▎  | 1467/2000 [1:48:49<50:40,  5.70s/it]Best trial: 957. Best value: 71.3843:  73%|███████▎  | 1467/2000 [1:48:49<50:40,  5.70s/it]Best trial: 957. Best value: 71.3843:  73%|███████▎  | 1468/2000 [1:48:49<41:55,  4.73s/it]                                                                                           Best trial: 957. Best value: 71.3843:  73%|███████▎  | 1468/2000 [1:48:50<41:55,  4.73s/it]Best trial: 957. Best value: 71.3843:  73%|███████▎  | 1468/2000 [1:48:50<41:55,  4.73s/it]Best trial: 957. Best value: 71.3843:  73%|███████▎  | 1469/2000 [1:48:50<34:45,  3.93s/it]                                                                                           Best trial: 957. Best value: 71.3843:  73%|███████▎  | 1469/2000 [1:48:52<34:45,  3.93s/it]Best trial: 957. Best value: 71.3843:  73%|███████▎  | 1469/2000 [1:48:52<34:45,  3.93s/it]Best trial: 957. Best value: 71.3843:  74%|███████▎  | 1470/2000 [1:48:52<29:59,  3.39s/it]                                                                                           Best trial: 957. Best value: 71.3843:  74%|███████▎  | 1470/2000 [1:50:32<29:59,  3.39s/it]Best trial: 957. Best value: 71.3843:  74%|███████▎  | 1470/2000 [1:50:32<29:59,  3.39s/it]Best trial: 957. Best value: 71.3843:  74%|███████▎  | 1471/2000 [1:50:32<4:06:06, 27.91s/it]                                                                                             Best trial: 957. Best value: 71.3843:  74%|███████▎  | 1471/2000 [1:50:32<4:06:06, 27.91s/it]Best trial: 957. Best value: 71.3843:  74%|███████▎  | 1471/2000 [1:50:32<4:06:06, 27.91s/it]Best trial: 957. Best value: 71.3843:  74%|███████▎  | 1472/2000 [1:50:32<3:01:09, 20.59s/it]                                                                                             Best trial: 957. Best value: 71.3843:  74%|███████▎  | 1472/2000 [1:50:32<3:01:09, 20.59s/it]                                                                                             Best trial: 957. Best value: 71.3843:  74%|███████▎  | 1472/2000 [1:50:32<3:01:09, 20.59s/it]Best trial: 957. Best value: 71.3843:  74%|███████▎  | 1472/2000 [1:50:32<3:01:09, 20.59s/it]Best trial: 957. Best value: 71.3843:  74%|███████▎  | 1473/2000 [1:50:33<3:00:49, 20.59s/it]Best trial: 957. Best value: 71.3843:  74%|███████▎  | 1474/2000 [1:50:33<1:42:57, 11.75s/it]                                                                                             Best trial: 957. Best value: 71.3843:  74%|███████▎  | 1474/2000 [1:50:33<1:42:57, 11.75s/it]Best trial: 957. Best value: 71.3843:  74%|███████▎  | 1474/2000 [1:50:33<1:42:57, 11.75s/it]Best trial: 957. Best value: 71.3843:  74%|███████▍  | 1475/2000 [1:50:33<1:18:52,  9.01s/it]                                                                                             Best trial: 957. Best value: 71.3843:  74%|███████▍  | 1475/2000 [1:50:33<1:18:52,  9.01s/it]                                                                                             [I 2026-04-01 12:52:37,501] Trial 1453 finished with value: 163.51219171627898 and parameters: {'alpha_0': 17247.417941010593, 'alpha_1': 4669.5748706978575, 'alpha_2': 49.90285794051931, 'beta_0': 0.38499275039503345, 'beta_1': 1.676370981980801, 'beta_2': 1.326575284691973, 'beta_3': 0.2558244883579492, 'beta_4': 69.16260836285272, 'beta_5': 378.51918379208155, 'beta_6': 432.96245102347234}. Best is trial 957 with value: 71.38427157687855.
[I 2026-04-01 12:52:37,943] Trial 1459 finished with value: 94.00277704031924 and parameters: {'alpha_0': 17813.341147422394, 'alpha_1': 6200.616193728519, 'alpha_2': 49.221648823188126, 'beta_0': 0.36221644238668815, 'beta_1': 1.6765153590103774, 'beta_2': 1.3236972314523243, 'beta_3': 0.237427780808241, 'beta_4': 68.76306428767492, 'beta_5': 0.05320031351997123, 'beta_6': 436.22230009656704}. Best is trial 957 with value: 71.38427157687855.
[I 2026-04-01 12:54:08,764] Trial 1460 finished with value: 86.93362037503252 and parameters: {'alpha_0': 16944.62177369023, 'alpha_1': 4625.82932968486, 'alpha_2': 45.17748889960465, 'beta_0': 0.3456831089500386, 'beta_1': 1.6673433902838868, 'beta_2': 1.3091158729359722, 'beta_3': 0.24529031512992802, 'beta_4': 69.85323890259677, 'beta_5': 0.1300442517670377, 'beta_6': 460.7156426160878}. Best is trial 957 with value: 71.38427157687855.
[I 2026-04-01 12:54:08,835] Trial 1463 finished with value: 73.24089415798727 and parameters: {'alpha_0': 16620.48091256389, 'alpha_1': 5559.694579057103, 'alpha_2': 45.12272884583092, 'beta_0': 0.2015908915093441, 'beta_1': 1.8694814057997973, 'beta_2': 1.3023262608718944, 'beta_3': 0.2720597976560079, 'beta_4': 69.84763586835408, 'beta_5': 7.96099885057451, 'beta_6': 454.0725959499551}. Best is trial 957 with value: 71.38427157687855.
[I 2026-04-01 12:54:09,009] Trial 1461 finished with value: 90.77466971120495 and parameters: {'alpha_0': 16752.091641030274, 'alpha_1': 6358.592247919083, 'alpha_2': 45.047292045734785, 'beta_0': 0.3514347350704987, 'beta_1': 1.6924580105824276, 'beta_2': 1.3250944067473975, 'beta_3': 0.2618430000973296, 'beta_4': 69.01702574804024, 'beta_5': 8.45667057872592, 'beta_6': 454.547536862409}. Best is trial 957 with value: 71.38427157687855.
[I 2026-04-01 12:54:09,196] Trial 1466 finished with value: 73.78208368732115 and parameters: {'alpha_0': 15808.537660798047, 'alpha_1': 6282.856626792176, 'alpha_2': 44.72824014087834, 'beta_0': 0.2000711924724419, 'beta_1': 1.8705787880608093, 'beta_2': 1.326699928937971, 'beta_3': 0.35256736519891224, 'beta_4': 39.57596836622194, 'beta_5': 6.925326493850859, 'beta_6': 364.1724798818287}. Best is trial 957 with value: 71.38427157687855.
[I 2026-04-01 12:54:09,234] Trial 1468 finished with value: 74.50184245365227 and parameters: {'alpha_0': 15643.199887600696, 'alpha_1': 5476.449829798174, 'alpha_2': 45.393442354422575, 'beta_0': 0.29615418465302384, 'beta_1': 1.8884454117756937, 'beta_2': 1.298046092094394, 'beta_3': 0.36534623669538285, 'beta_4': 52.15850615515131, 'beta_5': 9.256104938841304, 'beta_6': 265.8210349298429}. Best is trial 957 with value: 71.38427157687855.
[I 2026-04-01 12:54:09,237] Trial 1462 finished with value: 94.72420750609615 and parameters: {'alpha_0': 417.61216145592334, 'alpha_1': 8377.486248415113, 'alpha_2': 45.38873395789956, 'beta_0': 0.2021188790840261, 'beta_1': 1.8673543580768102, 'beta_2': 1.3143640196481483, 'beta_3': 0.24210932852038897, 'beta_4': 39.28519581289421, 'beta_5': 0.3032149118578227, 'beta_6': 363.1103054615678}. Best is trial 957 with value: 71.38427157687855.
[I 2026-04-01 12:54:09,496] Trial 1465 finished with value: 79.32602855180485 and parameters: {'alpha_0': 15844.952693570356, 'alpha_1': 5488.436514916597, 'alpha_2': 44.849586903552314, 'beta_0': 0.3173064202962017, 'beta_1': 1.8757697281447017, 'beta_2': 1.3146334766043684, 'beta_3': 0.3633180667180777, 'beta_4': 69.0798471727081, 'beta_5': 8.602900759886525, 'beta_6': 276.4655387599007}. Best is trial 957 with value: 71.38427157687855.
[I 2026-04-01 12:54:10,183] Trial 1467 finished with value: 75.7299537941994 and parameters: {'alpha_0': 15646.241374669396, 'alpha_1': 6278.244223424059, 'alpha_2': 45.15538476723873, 'beta_0': 0.3086758793526586, 'beta_1': 1.8823967575182303, 'beta_2': 1.3068154099709466, 'beta_3': 0.3476136912493928, 'beta_4': 53.6126649351626, 'beta_5': 8.766998613213948, 'beta_6': 265.6844634677883}. Best is trial 957 with value: 71.38427157687855.
[I 2026-04-01 12:54:11,198] Trial 1469 finished with value: 74.49242453307798 and parameters: {'alpha_0': 15762.68804097812, 'alpha_1': 6241.076106224271, 'alpha_2': 45.1826847196092, 'beta_0': 0.2842706680458326, 'beta_1': 1.860294905998765, 'beta_2': 1.275828584237027, 'beta_3': 0.3521736689921705, 'beta_4': 52.35277139516614, 'beta_5': 9.397718256905172, 'beta_6': 398.0319167496956}. Best is trial 957 with value: 71.38427157687855.
[I 2026-04-01 12:54:12,870] Trial 1464 finished with value: 649.1112290556391 and parameters: {'alpha_0': 15854.90127096226, 'alpha_1': 3859.8454832991933, 'alpha_2': 44.705942826945495, 'beta_0': 1.3069851628915252, 'beta_1': 1.8705781072274625, 'beta_2': 1.3079682596167024, 'beta_3': 0.34976320193510385, 'beta_4': 39.72542593377866, 'beta_5': 377.18380244385907, 'beta_6': 392.36469358110685}. Best is trial 957 with value: 71.38427157687855.
[I 2026-04-01 12:55:53,514] Trial 1475 finished with value: 77.34081571251451 and parameters: {'alpha_0': 15753.598502586925, 'alpha_1': 5292.44586542688, 'alpha_2': 46.9445652643834, 'beta_0': 0.2892564546068341, 'beta_1': 1.614158644433287, 'beta_2': 1.378031910122887, 'beta_3': 0.32551776238347585, 'beta_4': 52.204686125791035, 'beta_5': 17.03372291017492, 'beta_6': 393.16037799660404}. Best is trial 957 with value: 71.38427157687855.
[I 2026-04-01 12:55:53,748] Trial 1470 finished with value: 72.66713096968995 and parameters: {'alpha_0': 15750.389837403969, 'alpha_1': 5351.771446270937, 'alpha_2': 44.536233698113904, 'beta_0': 0.20143370291584664, 'beta_1': 1.8915140697475372, 'beta_2': 1.3623388577974254, 'beta_3': 0.3559948803826236, 'beta_4': 44.19332582754689, 'beta_5': 10.114519551454391, 'beta_6': 272.952451955325}. Best is trial 957 with value: 71.38427157687855.
[I 2026-04-01 12:55:53,795] Trial 1472 finished with value: 76.5996472058707 and parameters: {'alpha_0': 15550.8731934908, 'alpha_1': 5387.168866896903, 'alpha_2': 46.49146010353441, 'beta_0': 0.2887409419569228, 'beta_1': 1.8841345675083772, 'beta_2': 1.363452237740317, 'beta_3': 0.34964457587951314, 'beta_4': 40.387281588148966, 'beta_5': 15.62453357061845, 'beta_6': 389.90593583562315}. Best is trial 957 with value: 71.38427157687855.
[I 2026-04-01 12:55:53,803] Trial 1471 finished with value: 72.28242055655353 and parameters: {'alpha_0': 15837.3416799382, 'alpha_1': 8062.305511448496, 'alpha_2': 46.86304969377272, 'beta_0': 0.20037241133582448, 'beta_1': 1.6027281165861376, 'beta_2': 1.3664039929369596, 'beta_3': 0.35010226697802793, 'beta_4': 43.84265613955723, 'beta_5': 15.637439065610609, 'beta_6': 363.2588263368406}. Best is trial 957 with value: 71.38427157687855.
[I 2026-04-01 12:55:53,913] Trial 1474 finished with value: 75.22911234222707 and parameters: {'alpha_0': 13550.456114376007, 'alpha_1': 5219.33647699189, 'alpha_2': 46.39960596023279, 'beta_0': 0.2927609592383217, 'beta_1': 1.5989646795044399, 'beta_2': 1.3685844421699882, 'beta_3': 0.3375930656943992, 'beta_4': 44.861488681936706, 'beta_5': 18.13235679931002, 'beta_6': 280.85194258468476}. Best is trial 957 with value: 71.38427157687855.
[I 2026-04-01 12:55:54,292] Trial 1476 finished with value: 77.21100850228339 and parameters: {'alpha_0': 13212.030394812646, 'alpha_1': 4284.912740647802, 'alpha_2': 46.806472218935966, 'beta_0': 0.2894339403596281, 'beta_1': 1.7827086046586726, 'beta_2': 1.26011838323063, 'beta_3': 0.345319861524929, 'beta_4': 44.652451093979074, 'beta_5': 18.98121452374149, 'beta_6': 396.31822088506055}. Best is trial 957 with value: 71.38427157687855.
