[I 2026-04-01 11:50:42,789] Trial 638 finished with value: 80.43308802860764 and parameters: {'alpha_0': 18251.30084375901, 'alpha_1': 1455.257412044988, 'alpha_2': 29.873874455778257, 'beta_0': 0.2572400046274389, 'beta_1': 0.6646918315784478, 'beta_2': 0.6931772819746603, 'beta_3': 0.8574897476202059, 'beta_4': 95.35184962743224, 'beta_5': 160.26472568378247, 'beta_6': 59.459017720080574}. Best is trial 576 with value: 73.41078608586943.
[I 2026-04-01 11:50:42,793] Trial 633 finished with value: 81.57201936362858 and parameters: {'alpha_0': 14774.840708161933, 'alpha_1': 1393.8174317412686, 'alpha_2': 29.77760098571451, 'beta_0': 0.29018701245390643, 'beta_1': 0.67186283525719, 'beta_2': 0.939345789634931, 'beta_3': 0.7972598226653902, 'beta_4': 94.69635732208626, 'beta_5': 160.51125119807, 'beta_6': 134.90908932167713}. Best is trial 576 with value: 73.41078608586943.
[I 2026-04-01 11:50:42,816] Trial 639 finished with value: 77.85039903162682 and parameters: {'alpha_0': 18595.063348609812, 'alpha_1': 9579.016816522639, 'alpha_2': 34.01997361948933, 'beta_0': 0.20067913287608216, 'beta_1': 0.6745840321736022, 'beta_2': 0.68925651429755, 'beta_3': 0.8251480429307686, 'beta_4': 89.41621540428483, 'beta_5': 161.64133267613474, 'beta_6': 62.870465471393935}. Best is trial 576 with value: 73.41078608586943.
[I 2026-04-01 11:50:43,470] Trial 632 finished with value: 173.15625897022954 and parameters: {'alpha_0': 14462.680624884619, 'alpha_1': 1366.7872378413458, 'alpha_2': 30.04634561558432, 'beta_0': 0.6271779686255674, 'beta_1': 0.6749645367419839, 'beta_2': 0.9292489868569798, 'beta_3': 0.8120433391114386, 'beta_4': 93.80982745472814, 'beta_5': 160.51857942263598, 'beta_6': 63.38701063092109}. Best is trial 576 with value: 73.41078608586943.
[I 2026-04-01 11:50:44,643] Trial 635 finished with value: 1201.8858787657489 and parameters: {'alpha_0': 45177.378408849254, 'alpha_1': 1417.9576762870126, 'alpha_2': 29.91383152558142, 'beta_0': 2.3190637161635204, 'beta_1': 0.944429442051388, 'beta_2': 1.2188030208139735, 'beta_3': 0.37627898189900033, 'beta_4': 94.30072937819786, 'beta_5': 159.588487127855, 'beta_6': 64.165210007669}. Best is trial 576 with value: 73.41078608586943.
[I 2026-04-01 11:51:33,642] Trial 647 finished with value: 74.7166523212697 and parameters: {'alpha_0': 14020.606528878769, 'alpha_1': 1042.8257747494174, 'alpha_2': 5.0688495645741884, 'beta_0': 0.20372674156286014, 'beta_1': 0.7257517322034983, 'beta_2': 0.9944606903658869, 'beta_3': 0.8482839886695841, 'beta_4': 90.14581362679753, 'beta_5': 138.6629547290421, 'beta_6': 106.08455014099694}. Best is trial 576 with value: 73.41078608586943.
[I 2026-04-01 11:51:34,225] Trial 641 finished with value: 75.42269003209992 and parameters: {'alpha_0': 13461.06212437193, 'alpha_1': 1043.9454593419193, 'alpha_2': 29.907947560844885, 'beta_0': 0.20234280475339406, 'beta_1': 0.7452935367238696, 'beta_2': 1.0045744997136279, 'beta_3': 0.8557040267792693, 'beta_4': 89.74010249428476, 'beta_5': 159.12754504749054, 'beta_6': 65.41563137846109}. Best is trial 576 with value: 73.41078608586943.
[I 2026-04-01 11:51:34,378] Trial 648 finished with value: 88.06688877196693 and parameters: {'alpha_0': 13747.312026403033, 'alpha_1': 1055.883957235218, 'alpha_2': 31.50834291748658, 'beta_0': 0.20243801755860735, 'beta_1': 0.7373388280932303, 'beta_2': 1.5875759790953796, 'beta_3': 0.8361186543003555, 'beta_4': 87.57753388771447, 'beta_5': 136.50208682403303, 'beta_6': 105.87272823035521}. Best is trial 576 with value: 73.41078608586943.
[I 2026-04-01 11:51:34,787] Trial 643 finished with value: 98.51038212244218 and parameters: {'alpha_0': 14240.75124627374, 'alpha_1': 1045.3128766791265, 'alpha_2': 5.226436726626172, 'beta_0': 0.2496189968034155, 'beta_1': 0.7462905019731768, 'beta_2': 1.39037824607383, 'beta_3': 0.8344947110190162, 'beta_4': 89.54040554434312, 'beta_5': 231.90069101023246, 'beta_6': 67.48359813130158}. Best is trial 576 with value: 73.41078608586943.
[I 2026-04-01 11:51:34,804] Trial 646 finished with value: 73.78470895178165 and parameters: {'alpha_0': 13833.084713407477, 'alpha_1': 1012.0746133584412, 'alpha_2': 31.600004200175057, 'beta_0': 0.20211934492762515, 'beta_1': 1.1596144682936285, 'beta_2': 1.0002949400715586, 'beta_3': 0.83884247382539, 'beta_4': 89.3666174716999, 'beta_5': 137.96086738145968, 'beta_6': 105.92573228505903}. Best is trial 576 with value: 73.41078608586943.
[I 2026-04-01 11:51:35,162] Trial 644 finished with value: 74.25308273800928 and parameters: {'alpha_0': 14021.337119676897, 'alpha_1': 1000.060783419308, 'alpha_2': 30.694858626802176, 'beta_0': 0.2007956915222609, 'beta_1': 0.7431724004395921, 'beta_2': 1.0020368518474014, 'beta_3': 1.6628690043816778, 'beta_4': 89.00207685546673, 'beta_5': 137.24224944142406, 'beta_6': 106.70634983473077}. Best is trial 576 with value: 73.41078608586943.
[I 2026-04-01 11:51:35,347] Trial 642 finished with value: 1118.9410076928261 and parameters: {'alpha_0': 33957.53810512316, 'alpha_1': 1006.3762587335121, 'alpha_2': 30.071377869926533, 'beta_0': 2.319087083014123, 'beta_1': 0.7298684889736183, 'beta_2': 1.0009887566641074, 'beta_3': 0.6658002556821401, 'beta_4': 89.31979262132802, 'beta_5': 137.4163379679268, 'beta_6': 83.84456805625123}. Best is trial 576 with value: 73.41078608586943.
[I 2026-04-01 11:51:36,219] Trial 649 finished with value: 75.35146923589738 and parameters: {'alpha_0': 13507.058382317291, 'alpha_1': 1006.5857001921969, 'alpha_2': 32.787566921689084, 'beta_0': 0.2486809365213306, 'beta_1': 0.7393221911944722, 'beta_2': 1.0197282505087482, 'beta_3': 0.8447485526715068, 'beta_4': 88.63904155189472, 'beta_5': 136.27217881927226, 'beta_6': 85.00618462902482}. Best is trial 576 with value: 73.41078608586943.
Best trial: 576. Best value: 73.4108:  32%|███▏      | 648/2000 [46:15<48:32,  2.15s/it]Best trial: 576. Best value: 73.4108:  32%|███▏      | 648/2000 [46:15<48:32,  2.15s/it]Best trial: 576. Best value: 73.4108:  32%|███▏      | 649/2000 [46:15<38:39,  1.72s/it]                                                                                        Best trial: 576. Best value: 73.4108:  32%|███▏      | 649/2000 [46:15<38:39,  1.72s/it]Best trial: 576. Best value: 73.4108:  32%|███▏      | 649/2000 [46:15<38:39,  1.72s/it]Best trial: 576. Best value: 73.4108:  32%|███▎      | 650/2000 [46:15<29:46,  1.32s/it]                                                                                        Best trial: 576. Best value: 73.4108:  32%|███▎      | 650/2000 [46:59<29:46,  1.32s/it]Best trial: 576. Best value: 73.4108:  32%|███▎      | 650/2000 [46:59<29:46,  1.32s/it]Best trial: 576. Best value: 73.4108:  33%|███▎      | 651/2000 [46:59<4:43:06, 12.59s/it]                                                                                          Best trial: 576. Best value: 73.4108:  33%|███▎      | 651/2000 [46:59<4:43:06, 12.59s/it]Best trial: 576. Best value: 73.4108:  33%|███▎      | 651/2000 [46:59<4:43:06, 12.59s/it]Best trial: 576. Best value: 73.4108:  33%|███▎      | 652/2000 [46:59<3:25:07,  9.13s/it]                                                                                          Best trial: 576. Best value: 73.4108:  33%|███▎      | 652/2000 [47:00<3:25:07,  9.13s/it]Best trial: 576. Best value: 73.4108:  33%|███▎      | 652/2000 [47:00<3:25:07,  9.13s/it]Best trial: 576. Best value: 73.4108:  33%|███▎      | 653/2000 [47:00<2:31:22,  6.74s/it]                                                                                          Best trial: 576. Best value: 73.4108:  33%|███▎      | 653/2000 [47:00<2:31:22,  6.74s/it]Best trial: 576. Best value: 73.4108:  33%|███▎      | 653/2000 [47:00<2:31:22,  6.74s/it]                                                                                          Best trial: 576. Best value: 73.4108:  33%|███▎      | 654/2000 [47:00<2:31:16,  6.74s/it]Best trial: 576. Best value: 73.4108:  33%|███▎      | 654/2000 [47:00<2:31:16,  6.74s/it]Best trial: 576. Best value: 73.4108:  33%|███▎      | 655/2000 [47:00<1:24:39,  3.78s/it]                                                                                          Best trial: 576. Best value: 73.4108:  33%|███▎      | 655/2000 [47:00<1:24:39,  3.78s/it]                                                                                          Best trial: 576. Best value: 73.4108:  33%|███▎      | 655/2000 [47:00<1:24:39,  3.78s/it]Best trial: 576. Best value: 73.4108:  33%|███▎      | 655/2000 [47:00<1:24:39,  3.78s/it]Best trial: 576. Best value: 73.4108:  33%|███▎      | 656/2000 [47:00<1:24:35,  3.78s/it]                                                                                          Best trial: 576. Best value: 73.4108:  33%|███▎      | 657/2000 [47:00<1:24:31,  3.78s/it]Best trial: 576. Best value: 73.4108:  33%|███▎      | 657/2000 [47:00<1:24:31,  3.78s/it]Best trial: 576. Best value: 73.4108:  33%|███▎      | 658/2000 [47:00<44:57,  2.01s/it]                                                                                          Best trial: 576. Best value: 73.4108:  33%|███▎      | 658/2000 [47:01<44:57,  2.01s/it]Best trial: 576. Best value: 73.4108:  33%|███▎      | 658/2000 [47:01<44:57,  2.01s/it]Best trial: 576. Best value: 73.4108:  33%|███▎      | 659/2000 [47:01<38:13,  1.71s/it]                                                                                        Best trial: 576. Best value: 73.4108:  33%|███▎      | 659/2000 [47:01<38:13,  1.71s/it]Best trial: 576. Best value: 73.4108:  33%|███▎      | 659/2000 [47:01<38:13,  1.71s/it]Best trial: 576. Best value: 73.4108:  33%|███▎      | 660/2000 [47:01<33:07,  1.48s/it]                                                                                        Best trial: 576. Best value: 73.4108:  33%|███▎      | 660/2000 [47:45<33:07,  1.48s/it]Best trial: 576. Best value: 73.4108:  33%|███▎      | 660/2000 [47:45<33:07,  1.48s/it]Best trial: 576. Best value: 73.4108:  33%|███▎      | 661/2000 [47:45<4:13:55, 11.38s/it]                                                                                          Best trial: 576. Best value: 73.4108:  33%|███▎      | 661/2000 [47:45<4:13:55, 11.38s/it]Best trial: 576. Best value: 73.4108:  33%|███▎      | 661/2000 [47:45<4:13:55, 11.38s/it]                                                                                          Best trial: 576. Best value: 73.4108:  33%|███▎      | 662/2000 [47:45<4:13:44, 11.38s/it]Best trial: 576. Best value: 73.4108:  33%|███▎      | 662/2000 [47:45<4:13:44, 11.38s/it]                                                                                          Best trial: 576. Best value: 73.4108:  33%|███▎      | 663/2000 [47:46<4:13:33, 11.38s/it]Best trial: 576. Best value: 73.4108:  33%|███▎      | 663/2000 [47:46<4:13:33, 11.38s/it]Best trial: 576. Best value: 73.4108:  33%|███▎      | 664/2000 [47:46<2:08:02,  5.75s/it]                                                                                          Best trial: 576. Best value: 73.4108:  33%|███▎      | 664/2000 [47:46<2:08:02,  5.75s/it]Best trial: 576. Best value: 73.4108:  33%|███▎      | 664/2000 [47:46<2:08:02,  5.75s/it]Best trial: 576. Best value: 73.4108:  33%|███▎      | 665/2000 [47:46<1:46:15,  4.78s/it]                                                                                          Best trial: 576. Best value: 73.4108:  33%|███▎      | 665/2000 [47:46<1:46:15,  4.78s/it]Best trial: 576. Best value: 73.4108:  33%|███▎      | 665/2000 [47:46<1:46:15,  4.78s/it]                                                                                          [I 2026-04-01 11:51:36,567] Trial 645 finished with value: 1505.3065434517277 and parameters: {'alpha_0': 14059.101941739747, 'alpha_1': 1018.2316938067719, 'alpha_2': 31.16325511621244, 'beta_0': 2.984820263313747, 'beta_1': 0.7466861632764135, 'beta_2': 1.014403788175917, 'beta_3': 0.6434375707092588, 'beta_4': 89.7081301031978, 'beta_5': 139.97212296059345, 'beta_6': 82.30186209344355}. Best is trial 576 with value: 73.41078608586943.
[I 2026-04-01 11:51:36,751] Trial 640 finished with value: 1522.9758225400217 and parameters: {'alpha_0': 34836.73971442367, 'alpha_1': 982.713960035811, 'alpha_2': 29.895376007305376, 'beta_0': 2.997830259355778, 'beta_1': 1.158564071151426, 'beta_2': 0.7516854328593298, 'beta_3': 0.8478960779095053, 'beta_4': 92.76127603941018, 'beta_5': 159.97911640941356, 'beta_6': 65.02554003751041}. Best is trial 576 with value: 73.41078608586943.
[I 2026-04-01 11:52:20,048] Trial 650 finished with value: 74.30297060228965 and parameters: {'alpha_0': 13542.581023792618, 'alpha_1': 1022.244086763625, 'alpha_2': 32.018758938803536, 'beta_0': 0.2013754980756211, 'beta_1': 0.7355200934182751, 'beta_2': 1.0147444076587242, 'beta_3': 1.6355882003690234, 'beta_4': 89.11326289778691, 'beta_5': 106.2954343330529, 'beta_6': 106.79602376251131}. Best is trial 576 with value: 73.41078608586943.
[I 2026-04-01 11:52:20,136] Trial 652 finished with value: 79.49374583122679 and parameters: {'alpha_0': 12975.381021860501, 'alpha_1': 1123.363270805966, 'alpha_2': 31.157968189249733, 'beta_0': 0.2516160228353029, 'beta_1': 0.5924503855328893, 'beta_2': 1.145717198954099, 'beta_3': 0.8854280184309412, 'beta_4': 88.33188975728878, 'beta_5': 138.56868524621632, 'beta_6': 109.64022591013494}. Best is trial 576 with value: 73.41078608586943.
[I 2026-04-01 11:52:20,870] Trial 655 finished with value: 111.88874850809151 and parameters: {'alpha_0': 13369.164068091939, 'alpha_1': 890.6096255737878, 'alpha_2': 31.143693851762578, 'beta_0': 0.43353036591545724, 'beta_1': 0.6246649267275569, 'beta_2': 1.0956770762140589, 'beta_3': 1.5306605555799833, 'beta_4': 75.92910379854195, 'beta_5': 103.23663065913739, 'beta_6': 126.42624574627276}. Best is trial 576 with value: 73.41078608586943.
[I 2026-04-01 11:52:20,937] Trial 651 finished with value: 87.48574790877885 and parameters: {'alpha_0': 13720.375192751, 'alpha_1': 986.6313665130601, 'alpha_2': 5.2941428860803255, 'beta_0': 0.24790216507000723, 'beta_1': 0.7476149419716263, 'beta_2': 1.1284771119035002, 'beta_3': 0.8413823856801513, 'beta_4': 88.97722855146209, 'beta_5': 230.37204578841948, 'beta_6': 83.58964141411722}. Best is trial 576 with value: 73.41078608586943.
[I 2026-04-01 11:52:21,100] Trial 657 finished with value: 97.98466539524907 and parameters: {'alpha_0': 13786.87327323398, 'alpha_1': 885.3955810336853, 'alpha_2': 31.530526458274093, 'beta_0': 0.4241611261827767, 'beta_1': 1.0051554050963505, 'beta_2': 1.112115514553234, 'beta_3': 1.3777944576838936, 'beta_4': 81.80996869281296, 'beta_5': 119.65106847627959, 'beta_6': 130.56690106386756}. Best is trial 576 with value: 73.41078608586943.
[I 2026-04-01 11:52:21,128] Trial 656 finished with value: 76.97224006743929 and parameters: {'alpha_0': 13805.959329587973, 'alpha_1': 940.1538199715548, 'alpha_2': 31.931231244453247, 'beta_0': 0.25309409783071496, 'beta_1': 0.6083577452886109, 'beta_2': 1.1096729337849012, 'beta_3': 1.3640711453716112, 'beta_4': 85.05304255616473, 'beta_5': 116.63817594437842, 'beta_6': 123.30600999908873}. Best is trial 576 with value: 73.41078608586943.
[I 2026-04-01 11:52:21,130] Trial 654 finished with value: 327.7447819544268 and parameters: {'alpha_0': 13083.188207885622, 'alpha_1': 879.3386633241478, 'alpha_2': 30.692466839694895, 'beta_0': 0.9684289439198899, 'beta_1': 1.1460655234925026, 'beta_2': 1.0407271932357827, 'beta_3': 0.7720797068386117, 'beta_4': 83.92634415161544, 'beta_5': 138.02867388104326, 'beta_6': 106.24615635218292}. Best is trial 576 with value: 73.41078608586943.
[I 2026-04-01 11:52:21,607] Trial 653 finished with value: 75.09680291559721 and parameters: {'alpha_0': 14002.347318756967, 'alpha_1': 891.2819148502322, 'alpha_2': 32.03139097705124, 'beta_0': 0.2533867362953556, 'beta_1': 1.0478753319955458, 'beta_2': 1.0918990245470042, 'beta_3': 0.7743482742571632, 'beta_4': 83.09456940909608, 'beta_5': 101.28011392967258, 'beta_6': 107.6397757195672}. Best is trial 576 with value: 73.41078608586943.
[I 2026-04-01 11:52:22,031] Trial 659 finished with value: 74.79858164081327 and parameters: {'alpha_0': 13181.262717925709, 'alpha_1': 555.648111085121, 'alpha_2': 31.454983803110604, 'beta_0': 0.252468279094879, 'beta_1': 1.0207617901146961, 'beta_2': 1.1118927729699986, 'beta_3': 0.8888411877492668, 'beta_4': 83.44808970776288, 'beta_5': 125.89476908375045, 'beta_6': 110.57953927788063}. Best is trial 576 with value: 73.41078608586943.
[I 2026-04-01 11:52:22,670] Trial 658 finished with value: 267.1409858380435 and parameters: {'alpha_0': 13031.014213873985, 'alpha_1': 846.3974660642593, 'alpha_2': 29.085066635108202, 'beta_0': 0.8460159076043651, 'beta_1': 1.1220225658932086, 'beta_2': 1.1455095370977673, 'beta_3': 1.9767636192186404, 'beta_4': 74.2987891215048, 'beta_5': 106.9447970847679, 'beta_6': 124.22997458410072}. Best is trial 576 with value: 73.41078608586943.
[I 2026-04-01 11:53:06,625] Trial 664 finished with value: 80.07480149552204 and parameters: {'alpha_0': 12099.202307839512, 'alpha_1': 665.2800687006287, 'alpha_2': 31.714797902620216, 'beta_0': 0.30343353597480394, 'beta_1': 0.6305355139373356, 'beta_2': 1.0572506470986458, 'beta_3': 1.6630943929504423, 'beta_4': 83.52367625909564, 'beta_5': 98.44746566345954, 'beta_6': 106.02841507834536}. Best is trial 576 with value: 73.41078608586943.
[I 2026-04-01 11:53:06,660] Trial 667 finished with value: 81.90149554479754 and parameters: {'alpha_0': 12131.815434989196, 'alpha_1': 642.7398380143355, 'alpha_2': 32.034520082308596, 'beta_0': 0.321974810980804, 'beta_1': 0.6269857336554095, 'beta_2': 1.037187080468625, 'beta_3': 1.6484000027515402, 'beta_4': 76.7000607501022, 'beta_5': 115.18328779267915, 'beta_6': 140.65216155123306}. Best is trial 576 with value: 73.41078608586943.
[I 2026-04-01 11:53:06,674] Trial 660 finished with value: 92.35901607172303 and parameters: {'alpha_0': 12475.080795718815, 'alpha_1': 723.9481997324486, 'alpha_2': 31.550171508144853, 'beta_0': 0.4156744678806138, 'beta_1': 1.024439604672545, 'beta_2': 1.094360865214182, 'beta_3': 1.6361456934603626, 'beta_4': 83.85490982314141, 'beta_5': 95.73480519982064, 'beta_6': 124.8087205304991}. Best is trial 576 with value: 73.41078608586943.
[I 2026-04-01 11:53:06,968] Trial 661 finished with value: 94.90511475406363 and parameters: {'alpha_0': 12557.854482408095, 'alpha_1': 5861.598564303291, 'alpha_2': 31.366249440301665, 'beta_0': 0.4192252656681412, 'beta_1': 0.6311357998820528, 'beta_2': 1.100817046684979, 'beta_3': 1.6728421979810697, 'beta_4': 86.2974066476945, 'beta_5': 103.86799984289087, 'beta_6': 120.27515951828218}. Best is trial 576 with value: 73.41078608586943.
[I 2026-04-01 11:53:07,646] Trial 665 finished with value: 80.59034616595063 and parameters: {'alpha_0': 12298.708877974444, 'alpha_1': 669.8830397748588, 'alpha_2': 32.58962865878121, 'beta_0': 0.299121074852936, 'beta_1': 1.0331781357874235, 'beta_2': 1.0675195420306847, 'beta_3': 1.7271989539488422, 'beta_4': 83.2632331749837, 'beta_5': 193.06474744167897, 'beta_6': 117.38027556213758}. Best is trial 576 with value: 73.41078608586943.
[I 2026-04-01 11:53:07,670] Trial 663 finished with value: 81.91416279504364 and parameters: {'alpha_0': 12479.07497403986, 'alpha_1': 602.1713952576629, 'alpha_2': 32.65702657716072, 'beta_0': 0.30202350132247163, 'beta_1': 0.6268191195131824, 'beta_2': 1.0485227659787606, 'beta_3': 1.5780708730922592, 'beta_4': 84.25677744287891, 'beta_5': 117.14805438799911, 'beta_6': 141.319467820692}. Best is trial 576 with value: 73.41078608586943.
