Best trial: 341. Best value: 73.8033:  17%|█▋        | 342/2000 [24:37<4:12:11,  9.13s/it]Best trial: 341. Best value: 73.8033:  17%|█▋        | 342/2000 [24:37<4:12:11,  9.13s/it]                                                                                          Best trial: 341. Best value: 73.8033:  17%|█▋        | 343/2000 [24:37<4:12:01,  9.13s/it]Best trial: 341. Best value: 73.8033:  17%|█▋        | 343/2000 [24:37<4:12:01,  9.13s/it]Best trial: 341. Best value: 73.8033:  17%|█▋        | 344/2000 [24:37<2:15:00,  4.89s/it]                                                                                          Best trial: 341. Best value: 73.8033:  17%|█▋        | 344/2000 [24:37<2:15:00,  4.89s/it]Best trial: 341. Best value: 73.8033:  17%|█▋        | 344/2000 [24:37<2:15:00,  4.89s/it]                                                                                          Best trial: 341. Best value: 73.8033:  17%|█▋        | 345/2000 [24:37<2:14:55,  4.89s/it]                                                                                          Best trial: 341. Best value: 73.8033:  17%|█▋        | 345/2000 [24:37<2:14:55,  4.89s/it]Best trial: 341. Best value: 73.8033:  17%|█▋        | 345/2000 [24:37<2:14:55,  4.89s/it]Best trial: 341. Best value: 73.8033:  17%|█▋        | 346/2000 [24:37<1:34:05,  3.41s/it]Best trial: 341. Best value: 73.8033:  17%|█▋        | 346/2000 [24:37<1:34:05,  3.41s/it]                                                                                          Best trial: 341. Best value: 73.8033:  17%|█▋        | 347/2000 [24:37<1:34:01,  3.41s/it]Best trial: 341. Best value: 73.8033:  17%|█▋        | 347/2000 [24:37<1:34:01,  3.41s/it]                                                                                          Best trial: 341. Best value: 73.8033:  17%|█▋        | 348/2000 [24:38<1:33:58,  3.41s/it]Best trial: 341. Best value: 73.8033:  17%|█▋        | 348/2000 [24:38<1:33:58,  3.41s/it]Best trial: 341. Best value: 73.8033:  17%|█▋        | 349/2000 [24:38<59:02,  2.15s/it]                                                                                          Best trial: 341. Best value: 73.8033:  17%|█▋        | 349/2000 [24:38<59:02,  2.15s/it]Best trial: 341. Best value: 73.8033:  17%|█▋        | 349/2000 [24:38<59:02,  2.15s/it]                                                                                        Best trial: 341. Best value: 73.8033:  18%|█▊        | 350/2000 [25:18<59:00,  2.15s/it]Best trial: 341. Best value: 73.8033:  18%|█▊        | 350/2000 [25:18<59:00,  2.15s/it]                                                                                        Best trial: 341. Best value: 73.8033:  18%|█▊        | 351/2000 [25:18<3:12:33,  7.01s/it]Best trial: 341. Best value: 73.8033:  18%|█▊        | 351/2000 [25:18<3:12:33,  7.01s/it]                                                                                          Best trial: 341. Best value: 73.8033:  18%|█▊        | 351/2000 [25:18<3:12:33,  7.01s/it]                                                                                          Best trial: 341. Best value: 73.8033:  18%|█▊        | 351/2000 [25:18<3:12:33,  7.01s/it]Best trial: 341. Best value: 73.8033:  18%|█▊        | 351/2000 [25:18<3:12:33,  7.01s/it]                                                                                          Best trial: 341. Best value: 73.8033:  18%|█▊        | 352/2000 [25:18<3:12:26,  7.01s/it]Best trial: 341. Best value: 73.8033:  18%|█▊        | 352/2000 [25:18<3:12:26,  7.01s/it]                                                                                          Best trial: 341. Best value: 73.8033:  18%|█▊        | 353/2000 [25:18<3:12:19,  7.01s/it]Best trial: 341. Best value: 73.8033:  18%|█▊        | 353/2000 [25:18<3:12:19,  7.01s/it]Best trial: 341. Best value: 73.8033:  18%|█▊        | 354/2000 [25:18<3:12:12,  7.01s/it]                                                                                          Best trial: 341. Best value: 73.8033:  18%|█▊        | 355/2000 [25:18<3:12:05,  7.01s/it]                                                                                          Best trial: 341. Best value: 73.8033:  18%|█▊        | 355/2000 [25:18<3:12:05,  7.01s/it]Best trial: 341. Best value: 73.8033:  18%|█▊        | 355/2000 [25:18<3:12:05,  7.01s/it]Best trial: 341. Best value: 73.8033:  18%|█▊        | 356/2000 [25:18<3:11:57,  7.01s/it]Best trial: 341. Best value: 73.8033:  18%|█▊        | 357/2000 [25:18<3:11:50,  7.01s/it]Best trial: 341. Best value: 73.8033:  18%|█▊        | 358/2000 [25:18<1:21:04,  2.96s/it]                                                                                          Best trial: 341. Best value: 73.8033:  18%|█▊        | 358/2000 [25:18<1:21:04,  2.96s/it]Best trial: 341. Best value: 73.8033:  18%|█▊        | 358/2000 [25:18<1:21:04,  2.96s/it]                                                                                          Best trial: 341. Best value: 73.8033:  18%|█▊        | 359/2000 [25:18<1:21:01,  2.96s/it]Best trial: 341. Best value: 73.8033:  18%|█▊        | 359/2000 [25:18<1:21:01,  2.96s/it]Best trial: 341. Best value: 73.8033:  18%|█▊        | 360/2000 [25:30<1:20:58,  2.96s/it]                                                                                          [I 2026-04-01 11:29:58,379] Trial 342 finished with value: 76.2949679213292 and parameters: {'alpha_0': 17126.741402238633, 'alpha_1': 1501.7325599770045, 'alpha_2': 1.7574880793190282, 'beta_0': 0.2593432116208386, 'beta_1': 0.7772480958014206, 'beta_2': 0.8632281056161433, 'beta_3': 0.9152465009310651, 'beta_4': 97.00952860576957, 'beta_5': 158.2905698800451, 'beta_6': 78.97860741466204}. Best is trial 341 with value: 73.80326667868428.
[I 2026-04-01 11:29:58,517] Trial 347 finished with value: 74.65496906508044 and parameters: {'alpha_0': 17036.400061530607, 'alpha_1': 1505.702466939852, 'alpha_2': 27.484120905679895, 'beta_0': 0.2001167737079345, 'beta_1': 0.7860031075939458, 'beta_2': 0.8570132142148503, 'beta_3': 1.046150390708898, 'beta_4': 93.75314717877593, 'beta_5': 156.62918881846502, 'beta_6': 78.4308210380451}. Best is trial 341 with value: 73.80326667868428.
[I 2026-04-01 11:29:58,650] Trial 343 finished with value: 74.05067884960434 and parameters: {'alpha_0': 17185.22008859261, 'alpha_1': 1402.33705641288, 'alpha_2': 19.64807507932048, 'beta_0': 0.20039004981417108, 'beta_1': 0.7832892171036441, 'beta_2': 0.8730909348126221, 'beta_3': 0.9300913190581602, 'beta_4': 97.86202426708884, 'beta_5': 158.52889008083886, 'beta_6': 78.57786586106616}. Best is trial 341 with value: 73.80326667868428.
[I 2026-04-01 11:29:58,682] Trial 340 finished with value: 76.20696085587616 and parameters: {'alpha_0': 17317.57784182287, 'alpha_1': 1461.607297263051, 'alpha_2': 14.307396180207729, 'beta_0': 0.25445527819352237, 'beta_1': 0.7458453896448043, 'beta_2': 0.878865286264358, 'beta_3': 0.9250363312011987, 'beta_4': 96.15374656059231, 'beta_5': 159.5436030766824, 'beta_6': 86.6073878521093}. Best is trial 341 with value: 73.80326667868428.
[I 2026-04-01 11:29:58,693] Trial 345 finished with value: 74.60645615157983 and parameters: {'alpha_0': 17030.83275234473, 'alpha_1': 1489.8948566439317, 'alpha_2': 27.572375206913463, 'beta_0': 0.2007960733046194, 'beta_1': 0.7326847268438025, 'beta_2': 0.857251513087186, 'beta_3': 0.9159353566935756, 'beta_4': 96.21130405936084, 'beta_5': 158.45045996940704, 'beta_6': 79.12225870893718}. Best is trial 341 with value: 73.80326667868428.
[I 2026-04-01 11:29:58,729] Trial 344 finished with value: 76.00438696935217 and parameters: {'alpha_0': 17182.899170051038, 'alpha_1': 1801.9157233039346, 'alpha_2': 27.587470384743323, 'beta_0': 0.24420511636353337, 'beta_1': 0.7324575421628774, 'beta_2': 0.8548141919071793, 'beta_3': 1.32581031138962, 'beta_4': 96.56747382539444, 'beta_5': 157.87449698728057, 'beta_6': 77.12697705461888}. Best is trial 341 with value: 73.80326667868428.
[I 2026-04-01 11:29:59,365] Trial 348 finished with value: 81.30216994432567 and parameters: {'alpha_0': 17010.733650283793, 'alpha_1': 1441.15785854082, 'alpha_2': 29.489828859264616, 'beta_0': 0.25036247059331557, 'beta_1': 0.6115636355636531, 'beta_2': 0.8545256637902949, 'beta_3': 0.8562860250712511, 'beta_4': 94.02970870752769, 'beta_5': 154.2477764610504, 'beta_6': 81.46599488448196}. Best is trial 341 with value: 73.80326667868428.
[I 2026-04-01 11:29:59,444] Trial 349 finished with value: 75.60633488569087 and parameters: {'alpha_0': 17147.643611251104, 'alpha_1': 1814.5119761248638, 'alpha_2': 23.605832595080066, 'beta_0': 0.25659477673691694, 'beta_1': 0.6139495141320427, 'beta_2': 0.8568808249895328, 'beta_3': 0.9268991588163888, 'beta_4': 96.6452001110562, 'beta_5': 168.72351735140518, 'beta_6': 93.8705047563285}. Best is trial 341 with value: 73.80326667868428.
[I 2026-04-01 11:30:39,061] Trial 350 finished with value: 76.09060295434776 and parameters: {'alpha_0': 17130.29918497224, 'alpha_1': 1847.2406145070267, 'alpha_2': 22.515192982903624, 'beta_0': 0.2052856497495518, 'beta_1': 0.7874832941331369, 'beta_2': 0.857440395063313, 'beta_3': 1.035263736894306, 'beta_4': 94.22731350792948, 'beta_5': 150.08283554732478, 'beta_6': 78.36225453612127}. Best is trial 341 with value: 73.80326667868428.
[I 2026-04-01 11:30:39,065] Trial 353 finished with value: 75.8108108396539 and parameters: {'alpha_0': 17327.219673422158, 'alpha_1': 1397.1201902527368, 'alpha_2': 7.939570217874502, 'beta_0': 0.20063517272844297, 'beta_1': 0.8168143509390019, 'beta_2': 0.8464828280604437, 'beta_3': 0.8705014575937869, 'beta_4': 94.74075622875327, 'beta_5': 150.22337195275236, 'beta_6': 96.85226264550302}. Best is trial 341 with value: 73.80326667868428.
[I 2026-04-01 11:30:39,077] Trial 352 finished with value: 75.03613844729598 and parameters: {'alpha_0': 17341.757069527925, 'alpha_1': 1407.8864632540435, 'alpha_2': 22.3317808884696, 'beta_0': 0.202752923075814, 'beta_1': 0.8001121041985781, 'beta_2': 0.8692112073534962, 'beta_3': 1.0402676197811827, 'beta_4': 94.1753066562669, 'beta_5': 149.2502132834213, 'beta_6': 92.75810173992934}. Best is trial 341 with value: 73.80326667868428.
[I 2026-04-01 11:30:39,080] Trial 354 finished with value: 79.25333235871092 and parameters: {'alpha_0': 19861.111126338987, 'alpha_1': 1768.8057495928028, 'alpha_2': 29.50059034529086, 'beta_0': 0.202394831288191, 'beta_1': 0.7964585056007096, 'beta_2': 0.6703743853154985, 'beta_3': 0.8665698853610404, 'beta_4': 92.38277891547467, 'beta_5': 127.97986338061366, 'beta_6': 90.49655602118096}. Best is trial 341 with value: 73.80326667868428.
[I 2026-04-01 11:30:39,080] Trial 355 finished with value: 76.42266064199063 and parameters: {'alpha_0': 20163.569731540443, 'alpha_1': 1573.528817572616, 'alpha_2': 28.150941873803365, 'beta_0': 0.2006145545051905, 'beta_1': 0.7969877660051423, 'beta_2': 0.7940379621738769, 'beta_3': 0.8576617666335766, 'beta_4': 92.5481384419578, 'beta_5': 147.79406641020287, 'beta_6': 90.0262413383929}. Best is trial 341 with value: 73.80326667868428.
[I 2026-04-01 11:30:39,081] Trial 351 finished with value: 75.13736797876047 and parameters: {'alpha_0': 17291.768826244184, 'alpha_1': 1813.1330130340634, 'alpha_2': 9.015715357752953, 'beta_0': 0.2008758640388519, 'beta_1': 0.7968161400598003, 'beta_2': 0.84449083990833, 'beta_3': 1.0397577199633081, 'beta_4': 94.57465245994489, 'beta_5': 147.72888825019515, 'beta_6': 88.63290281116184}. Best is trial 341 with value: 73.80326667868428.
[I 2026-04-01 11:30:39,114] Trial 359 finished with value: 90.68019633868023 and parameters: {'alpha_0': 20142.414645823927, 'alpha_1': 1724.67495597672, 'alpha_2': 4.025143015721993, 'beta_0': 0.32903765352646086, 'beta_1': 0.8115114844873399, 'beta_2': 0.7832702838450346, 'beta_3': 0.9622283790480607, 'beta_4': 91.72210917079965, 'beta_5': 127.29433688319162, 'beta_6': 93.878521001805}. Best is trial 341 with value: 73.80326667868428.
[I 2026-04-01 11:30:39,137] Trial 356 finished with value: 104.3638163954565 and parameters: {'alpha_0': 17094.27687327834, 'alpha_1': 1357.7911513673532, 'alpha_2': 28.060255264899258, 'beta_0': 0.33529596885698676, 'beta_1': 0.7971037378216095, 'beta_2': 0.7094050989542486, 'beta_3': 0.8386920743919377, 'beta_4': 92.90450394852827, 'beta_5': 387.7808996682739, 'beta_6': 106.72472935345002}. Best is trial 341 with value: 73.80326667868428.
[I 2026-04-01 11:30:39,226] Trial 357 finished with value: 77.21498333056405 and parameters: {'alpha_0': 19938.658181276278, 'alpha_1': 1322.178117284322, 'alpha_2': 29.164344750587976, 'beta_0': 0.20126275316482642, 'beta_1': 0.8012925969387564, 'beta_2': 0.8043448244128151, 'beta_3': 0.8745114674054327, 'beta_4': 92.79894857470204, 'beta_5': 123.67260748273412, 'beta_6': 93.59170943019757}. Best is trial 341 with value: 73.80326667868428.
[I 2026-04-01 11:30:39,428] Trial 358 finished with value: 78.2492316815782 and parameters: {'alpha_0': 20057.081908825952, 'alpha_1': 1363.9183534424037, 'alpha_2': 6.525641356243453, 'beta_0': 0.2028056070987291, 'beta_1': 0.8052661424884338, 'beta_2': 0.7157912989878, 'beta_3': 1.0337324535882226, 'beta_4': 93.6171700948854, 'beta_5': 125.34948682286098, 'beta_6': 108.02024656848103}. Best is trial 341 with value: 73.80326667868428.
Best trial: 341. Best value: 73.8033:  18%|█▊        | 360/2000 [26:00<1:20:58,  2.96s/it]Best trial: 341. Best value: 73.8033:  18%|█▊        | 360/2000 [26:00<1:20:58,  2.96s/it]Best trial: 341. Best value: 73.8033:  18%|█▊        | 361/2000 [26:00<2:39:44,  5.85s/it]                                                                                          Best trial: 341. Best value: 73.8033:  18%|█▊        | 361/2000 [26:00<2:39:44,  5.85s/it]Best trial: 341. Best value: 73.8033:  18%|█▊        | 361/2000 [26:00<2:39:44,  5.85s/it]                                                                                          Best trial: 341. Best value: 73.8033:  18%|█▊        | 362/2000 [26:00<2:39:39,  5.85s/it]Best trial: 341. Best value: 73.8033:  18%|█▊        | 362/2000 [26:00<2:39:39,  5.85s/it]Best trial: 341. Best value: 73.8033:  18%|█▊        | 363/2000 [26:00<2:08:02,  4.69s/it]                                                                                          Best trial: 341. Best value: 73.8033:  18%|█▊        | 363/2000 [26:00<2:08:02,  4.69s/it]                                                                                          Best trial: 341. Best value: 73.8033:  18%|█▊        | 363/2000 [26:00<2:08:02,  4.69s/it]Best trial: 341. Best value: 73.8033:  18%|█▊        | 363/2000 [26:00<2:08:02,  4.69s/it]Best trial: 341. Best value: 73.8033:  18%|█▊        | 364/2000 [26:00<2:07:57,  4.69s/it]                                                                                          Best trial: 341. Best value: 73.8033:  18%|█▊        | 365/2000 [26:00<2:07:53,  4.69s/it]                                                                                          Best trial: 341. Best value: 73.8033:  18%|█▊        | 365/2000 [26:00<2:07:53,  4.69s/it]Best trial: 341. Best value: 73.8033:  18%|█▊        | 365/2000 [26:00<2:07:53,  4.69s/it]Best trial: 341. Best value: 73.8033:  18%|█▊        | 366/2000 [26:00<1:30:08,  3.31s/it]Best trial: 341. Best value: 73.8033:  18%|█▊        | 366/2000 [26:00<1:30:08,  3.31s/it]                                                                                          Best trial: 341. Best value: 73.8033:  18%|█▊        | 367/2000 [26:01<1:30:05,  3.31s/it]Best trial: 341. Best value: 73.8033:  18%|█▊        | 367/2000 [26:01<1:30:05,  3.31s/it]Best trial: 341. Best value: 73.8033:  18%|█▊        | 368/2000 [26:01<1:11:10,  2.62s/it]                                                                                          Best trial: 341. Best value: 73.8033:  18%|█▊        | 368/2000 [26:01<1:11:10,  2.62s/it]Best trial: 341. Best value: 73.8033:  18%|█▊        | 368/2000 [26:01<1:11:10,  2.62s/it]                                                                                          Best trial: 341. Best value: 73.8033:  18%|█▊        | 369/2000 [26:01<1:11:08,  2.62s/it]Best trial: 341. Best value: 73.8033:  18%|█▊        | 369/2000 [26:01<1:11:08,  2.62s/it]Best trial: 341. Best value: 73.8033:  18%|█▊        | 370/2000 [26:01<54:34,  2.01s/it]  Best trial: 341. Best value: 73.8033:  18%|█▊        | 370/2000 [26:20<54:34,  2.01s/it]                                                                                        Best trial: 341. Best value: 73.8033:  18%|█▊        | 370/2000 [26:40<54:34,  2.01s/it]                                                                                        Best trial: 341. Best value: 73.8033:  18%|█▊        | 370/2000 [26:40<54:34,  2.01s/it]Best trial: 341. Best value: 73.8033:  18%|█▊        | 370/2000 [26:40<54:34,  2.01s/it]Best trial: 341. Best value: 73.8033:  19%|█▊        | 371/2000 [26:40<3:23:27,  7.49s/it]Best trial: 341. Best value: 73.8033:  19%|█▊        | 371/2000 [26:40<3:23:27,  7.49s/it]                                                                                          Best trial: 341. Best value: 73.8033:  19%|█▊        | 372/2000 [26:40<3:23:20,  7.49s/it]                                                                                          Best trial: 341. Best value: 73.8033:  19%|█▊        | 372/2000 [26:40<3:23:20,  7.49s/it]Best trial: 341. Best value: 73.8033:  19%|█▊        | 372/2000 [26:40<3:23:20,  7.49s/it]Best trial: 341. Best value: 73.8033:  19%|█▊        | 373/2000 [26:40<3:23:12,  7.49s/it]                                                                                          Best trial: 341. Best value: 73.8033:  19%|█▊        | 374/2000 [26:40<3:23:05,  7.49s/it]Best trial: 341. Best value: 73.8033:  19%|█▊        | 374/2000 [26:40<3:23:05,  7.49s/it]Best trial: 341. Best value: 73.8033:  19%|█▉        | 375/2000 [26:40<1:50:46,  4.09s/it]                                                                                          Best trial: 341. Best value: 73.8033:  19%|█▉        | 375/2000 [26:40<1:50:46,  4.09s/it]Best trial: 341. Best value: 73.8033:  19%|█▉        | 375/2000 [26:40<1:50:46,  4.09s/it]                                                                                          Best trial: 341. Best value: 73.8033:  19%|█▉        | 376/2000 [26:41<1:50:42,  4.09s/it]                                                                                          Best trial: 341. Best value: 73.8033:  19%|█▉        | 376/2000 [26:41<1:50:42,  4.09s/it]Best trial: 341. Best value: 73.8033:  19%|█▉        | 376/2000 [26:41<1:50:42,  4.09s/it]Best trial: 341. Best value: 73.8033:  19%|█▉        | 377/2000 [26:41<1:50:38,  4.09s/it]Best trial: 341. Best value: 73.8033:  19%|█▉        | 378/2000 [26:41<1:15:12,  2.78s/it]                                                                                          [I 2026-04-01 11:31:21,166] Trial 369 finished with value: 80.53176818753205 and parameters: {'alpha_0': 16671.179540777743, 'alpha_1': 1612.7405095282625, 'alpha_2': 2.5027141287435217, 'beta_0': 0.3113689447026689, 'beta_1': 0.8821090090958714, 'beta_2': 0.7705680608340316, 'beta_3': 0.9657015023186649, 'beta_4': 96.21596936377077, 'beta_5': 148.01091804021544, 'beta_6': 97.22373689631023}. Best is trial 341 with value: 73.80326667868428.
[I 2026-04-01 11:31:21,172] Trial 362 finished with value: 79.94707759844916 and parameters: {'alpha_0': 16037.837758891334, 'alpha_1': 1601.0486924889487, 'alpha_2': 9.312867193257775, 'beta_0': 0.30515720716585304, 'beta_1': 0.8741009273457085, 'beta_2': 0.7852687744434345, 'beta_3': 0.883534229644834, 'beta_4': 93.98358035098208, 'beta_5': 143.77464395922684, 'beta_6': 92.76535899377586}. Best is trial 341 with value: 73.80326667868428.
[I 2026-04-01 11:31:21,256] Trial 360 finished with value: 88.49575889706412 and parameters: {'alpha_0': 16240.592433730582, 'alpha_1': 1692.0723335690036, 'alpha_2': 7.463880788246728, 'beta_0': 0.3464960182782666, 'beta_1': 0.8118998010710201, 'beta_2': 0.7837162528037354, 'beta_3': 0.8874381532153801, 'beta_4': 92.18109060828698, 'beta_5': 127.6538090901646, 'beta_6': 97.71596534011466}. Best is trial 341 with value: 73.80326667868428.
[I 2026-04-01 11:31:21,337] Trial 363 finished with value: 81.24223510864925 and parameters: {'alpha_0': 16477.23498916668, 'alpha_1': 1650.1934907942361, 'alpha_2': 8.36210927959677, 'beta_0': 0.29983941697584465, 'beta_1': 0.866868553542073, 'beta_2': 0.6991508866313324, 'beta_3': 1.0390883915371514, 'beta_4': 93.18379107090057, 'beta_5': 131.26328742264113, 'beta_6': 100.72687928051431}. Best is trial 341 with value: 73.80326667868428.
[I 2026-04-01 11:31:21,341] Trial 361 finished with value: 89.83577079267411 and parameters: {'alpha_0': 16283.837371314125, 'alpha_1': 1598.6028117109468, 'alpha_2': 8.757818744289374, 'beta_0': 0.41391258417983934, 'beta_1': 0.8654211346507946, 'beta_2': 0.6992600132002019, 'beta_3': 0.9034227178829435, 'beta_4': 92.9872085830827, 'beta_5': 144.45924198011267, 'beta_6': 98.48961537683716}. Best is trial 341 with value: 73.80326667868428.
[I 2026-04-01 11:31:21,471] Trial 367 finished with value: 100.05129993826102 and parameters: {'alpha_0': 16591.216343878234, 'alpha_1': 1617.4208301829967, 'alpha_2': 7.999803768135461, 'beta_0': 0.41862608338675056, 'beta_1': 0.8708817222459401, 'beta_2': 0.7182380814787561, 'beta_3': 0.898372052008565, 'beta_4': 93.3572605671538, 'beta_5': 146.25941737230357, 'beta_6': 92.8545626541953}. Best is trial 341 with value: 73.80326667868428.
