Best trial: 848. Best value: 71.8721:  44%|████▍     | 882/2000 [1:04:16<2:38:20,  8.50s/it]Best trial: 848. Best value: 71.8721:  44%|████▍     | 882/2000 [1:04:16<2:38:20,  8.50s/it]                                                                                            Best trial: 848. Best value: 71.8721:  44%|████▍     | 883/2000 [1:04:16<2:38:11,  8.50s/it]Best trial: 848. Best value: 71.8721:  44%|████▍     | 883/2000 [1:04:16<2:38:11,  8.50s/it]Best trial: 848. Best value: 71.8721:  44%|████▍     | 884/2000 [1:04:16<1:33:54,  5.05s/it]                                                                                            Best trial: 848. Best value: 71.8721:  44%|████▍     | 884/2000 [1:04:17<1:33:54,  5.05s/it]Best trial: 848. Best value: 71.8721:  44%|████▍     | 884/2000 [1:04:17<1:33:54,  5.05s/it]                                                                                            Best trial: 848. Best value: 71.8721:  44%|████▍     | 885/2000 [1:04:17<1:33:49,  5.05s/it]Best trial: 848. Best value: 71.8721:  44%|████▍     | 885/2000 [1:04:17<1:33:49,  5.05s/it]Best trial: 848. Best value: 71.8721:  44%|████▍     | 886/2000 [1:04:17<1:08:52,  3.71s/it]                                                                                            Best trial: 848. Best value: 71.8721:  44%|████▍     | 886/2000 [1:04:17<1:08:52,  3.71s/it]Best trial: 848. Best value: 71.8721:  44%|████▍     | 886/2000 [1:04:17<1:08:52,  3.71s/it]                                                                                            Best trial: 848. Best value: 71.8721:  44%|████▍     | 887/2000 [1:04:17<1:08:48,  3.71s/it]Best trial: 848. Best value: 71.8721:  44%|████▍     | 887/2000 [1:04:17<1:08:48,  3.71s/it]Best trial: 848. Best value: 71.8721:  44%|████▍     | 888/2000 [1:04:17<49:45,  2.68s/it]                                                                                            Best trial: 848. Best value: 71.8721:  44%|████▍     | 888/2000 [1:04:18<49:45,  2.68s/it]Best trial: 848. Best value: 71.8721:  44%|████▍     | 888/2000 [1:04:18<49:45,  2.68s/it]Best trial: 848. Best value: 71.8721:  44%|████▍     | 889/2000 [1:04:18<42:23,  2.29s/it]                                                                                          Best trial: 848. Best value: 71.8721:  44%|████▍     | 889/2000 [1:04:18<42:23,  2.29s/it]Best trial: 848. Best value: 71.8721:  44%|████▍     | 889/2000 [1:04:18<42:23,  2.29s/it]Best trial: 848. Best value: 71.8721:  44%|████▍     | 890/2000 [1:04:18<35:39,  1.93s/it]                                                                                          Best trial: 848. Best value: 71.8721:  44%|████▍     | 890/2000 [1:05:00<35:39,  1.93s/it]Best trial: 848. Best value: 71.8721:  44%|████▍     | 890/2000 [1:05:00<35:39,  1.93s/it]Best trial: 848. Best value: 71.8721:  45%|████▍     | 891/2000 [1:05:00<3:17:45, 10.70s/it]                                                                                            Best trial: 848. Best value: 71.8721:  45%|████▍     | 891/2000 [1:05:00<3:17:45, 10.70s/it]Best trial: 848. Best value: 71.8721:  45%|████▍     | 891/2000 [1:05:00<3:17:45, 10.70s/it]Best trial: 848. Best value: 71.8721:  45%|████▍     | 892/2000 [1:05:00<2:31:10,  8.19s/it]                                                                                            Best trial: 848. Best value: 71.8721:  45%|████▍     | 892/2000 [1:05:00<2:31:10,  8.19s/it]Best trial: 848. Best value: 71.8721:  45%|████▍     | 892/2000 [1:05:00<2:31:10,  8.19s/it]                                                                                            Best trial: 848. Best value: 71.8721:  45%|████▍     | 893/2000 [1:05:01<2:31:02,  8.19s/it]Best trial: 848. Best value: 71.8721:  45%|████▍     | 893/2000 [1:05:01<2:31:02,  8.19s/it]Best trial: 848. Best value: 71.8721:  45%|████▍     | 894/2000 [1:05:01<1:30:46,  4.92s/it]                                                                                            Best trial: 848. Best value: 71.8721:  45%|████▍     | 894/2000 [1:05:01<1:30:46,  4.92s/it]Best trial: 848. Best value: 71.8721:  45%|████▍     | 894/2000 [1:05:01<1:30:46,  4.92s/it]Best trial: 848. Best value: 71.8721:  45%|████▍     | 895/2000 [1:05:01<1:11:44,  3.90s/it]                                                                                            Best trial: 848. Best value: 71.8721:  45%|████▍     | 895/2000 [1:05:01<1:11:44,  3.90s/it]Best trial: 848. Best value: 71.8721:  45%|████▍     | 895/2000 [1:05:01<1:11:44,  3.90s/it]Best trial: 848. Best value: 71.8721:  45%|████▍     | 896/2000 [1:05:01<54:47,  2.98s/it]                                                                                            Best trial: 848. Best value: 71.8721:  45%|████▍     | 896/2000 [1:05:01<54:47,  2.98s/it]Best trial: 848. Best value: 71.8721:  45%|████▍     | 896/2000 [1:05:01<54:47,  2.98s/it]                                                                                          Best trial: 848. Best value: 71.8721:  45%|████▍     | 897/2000 [1:05:01<54:44,  2.98s/it]Best trial: 848. Best value: 71.8721:  45%|████▍     | 897/2000 [1:05:01<54:44,  2.98s/it]Best trial: 848. Best value: 71.8721:  45%|████▍     | 898/2000 [1:05:01<33:20,  1.82s/it]                                                                                          Best trial: 848. Best value: 71.8721:  45%|████▍     | 898/2000 [1:05:02<33:20,  1.82s/it]Best trial: 848. Best value: 71.8721:  45%|████▍     | 898/2000 [1:05:02<33:20,  1.82s/it]Best trial: 848. Best value: 71.8721:  45%|████▍     | 899/2000 [1:05:02<27:58,  1.52s/it]                                                                                          Best trial: 848. Best value: 71.8721:  45%|████▍     | 899/2000 [1:05:02<27:58,  1.52s/it]Best trial: 848. Best value: 71.8721:  45%|████▍     | 899/2000 [1:05:02<27:58,  1.52s/it]Best trial: 848. Best value: 71.8721:  45%|████▌     | 900/2000 [1:05:02<21:37,  1.18s/it]                                                                                          [I 2026-04-01 12:09:37,622] Trial 882 finished with value: 90.30738687985233 and parameters: {'alpha_0': 14553.621680365892, 'alpha_1': 437.57372488205704, 'alpha_2': 45.66117297591957, 'beta_0': 0.40118764116094485, 'beta_1': 1.955011710538768, 'beta_2': 1.3675192602882964, 'beta_3': 0.4565297972436414, 'beta_4': 50.3195964629303, 'beta_5': 39.26900022338164, 'beta_6': 148.81374022807873}. Best is trial 848 with value: 71.87210838672198.
[I 2026-04-01 12:09:37,815] Trial 886 finished with value: 93.76589000118943 and parameters: {'alpha_0': 15135.07244449227, 'alpha_1': 507.2829320516472, 'alpha_2': 48.81087660595275, 'beta_0': 0.40573678930484575, 'beta_1': 1.9259317044356172, 'beta_2': 1.385905105575677, 'beta_3': 0.429874520654747, 'beta_4': 48.54541522073735, 'beta_5': 34.805586976593105, 'beta_6': 162.20604945931566}. Best is trial 848 with value: 71.87210838672198.
[I 2026-04-01 12:09:38,289] Trial 885 finished with value: 72.89944087016818 and parameters: {'alpha_0': 14186.051093765738, 'alpha_1': 540.6059668906847, 'alpha_2': 45.382133618529984, 'beta_0': 0.25384878595317845, 'beta_1': 1.9590616642176373, 'beta_2': 1.4141197316645018, 'beta_3': 0.4223529158122157, 'beta_4': 46.86189754092263, 'beta_5': 30.22570317044231, 'beta_6': 149.12455908682858}. Best is trial 848 with value: 71.87210838672198.
[I 2026-04-01 12:09:38,369] Trial 889 finished with value: 99.3216019469433 and parameters: {'alpha_0': 15298.719907575061, 'alpha_1': 470.75955500017636, 'alpha_2': 48.72737316194947, 'beta_0': 0.4158278902680719, 'beta_1': 1.958847058785946, 'beta_2': 1.398560105688794, 'beta_3': 0.42610943236886945, 'beta_4': 50.16618986561364, 'beta_5': 25.54600960731067, 'beta_6': 216.19501169605445}. Best is trial 848 with value: 71.87210838672198.
[I 2026-04-01 12:09:38,584] Trial 883 finished with value: 104.46904361546879 and parameters: {'alpha_0': 14452.104052791647, 'alpha_1': 454.53577685911284, 'alpha_2': 45.83679655121142, 'beta_0': 0.42625326540920283, 'beta_1': 1.4978804900675804, 'beta_2': 1.3676056419291018, 'beta_3': 0.4337660844646913, 'beta_4': 49.74193964954551, 'beta_5': 34.70581792368661, 'beta_6': 145.92622662014753}. Best is trial 848 with value: 71.87210838672198.
[I 2026-04-01 12:09:38,631] Trial 884 finished with value: 94.93668360201686 and parameters: {'alpha_0': 14154.253631802736, 'alpha_1': 468.74289914688006, 'alpha_2': 45.57039425393106, 'beta_0': 0.40212619619544704, 'beta_1': 1.511736822439011, 'beta_2': 1.394782578809852, 'beta_3': 0.43395851128784924, 'beta_4': 68.35078583685872, 'beta_5': 33.1449362129317, 'beta_6': 150.26439022163999}. Best is trial 848 with value: 71.87210838672198.
[I 2026-04-01 12:09:38,986] Trial 887 finished with value: 108.72654791854463 and parameters: {'alpha_0': 15295.938131436578, 'alpha_1': 478.5718541384882, 'alpha_2': 45.56963566149045, 'beta_0': 0.43282054647648405, 'beta_1': 1.889609024622135, 'beta_2': 1.3784209797600704, 'beta_3': 0.4188622076925813, 'beta_4': 46.41787949630641, 'beta_5': 35.18115949359994, 'beta_6': 162.51282202529154}. Best is trial 848 with value: 71.87210838672198.
[I 2026-04-01 12:09:39,422] Trial 888 finished with value: 565.4276099191445 and parameters: {'alpha_0': 15371.184171164765, 'alpha_1': 429.58955863016746, 'alpha_2': 48.69122170223925, 'beta_0': 1.4691404410123154, 'beta_1': 1.9109840030939111, 'beta_2': 1.3874707356153007, 'beta_3': 0.4285759206448763, 'beta_4': 46.97405296521444, 'beta_5': 34.53987356953477, 'beta_6': 161.49771649991246}. Best is trial 848 with value: 71.87210838672198.
[I 2026-04-01 12:10:21,584] Trial 896 finished with value: 93.25256741795542 and parameters: {'alpha_0': 15498.551888620448, 'alpha_1': 650.1340199736359, 'alpha_2': 46.596366441580884, 'beta_0': 0.37704808680149393, 'beta_1': 2.03646878106883, 'beta_2': 1.4358263268415463, 'beta_3': 0.3085735198970615, 'beta_4': 46.65208229846691, 'beta_5': 40.522522574928715, 'beta_6': 163.31037600394723}. Best is trial 848 with value: 71.87210838672198.
[I 2026-04-01 12:10:21,703] Trial 892 finished with value: 101.27718302668299 and parameters: {'alpha_0': 15418.614977628451, 'alpha_1': 505.0515952995251, 'alpha_2': 48.73027581614345, 'beta_0': 0.411284546368762, 'beta_1': 1.934585324722323, 'beta_2': 1.4236377134390525, 'beta_3': 0.4072724059240961, 'beta_4': 44.50904985807074, 'beta_5': 26.184510758227134, 'beta_6': 157.09713765467276}. Best is trial 848 with value: 71.87210838672198.
[I 2026-04-01 12:10:21,785] Trial 893 finished with value: 95.29573859517748 and parameters: {'alpha_0': 15382.295598658395, 'alpha_1': 479.7763375720969, 'alpha_2': 48.56240269878952, 'beta_0': 0.4004993315885458, 'beta_1': 1.8800973142623083, 'beta_2': 1.4239798893329043, 'beta_3': 0.31039304553040836, 'beta_4': 46.153655828207555, 'beta_5': 28.643305428281167, 'beta_6': 162.02782394872114}. Best is trial 848 with value: 71.87210838672198.
[I 2026-04-01 12:10:21,935] Trial 890 finished with value: 92.93027860274881 and parameters: {'alpha_0': 15625.159878964858, 'alpha_1': 506.61336205273443, 'alpha_2': 48.79656811770258, 'beta_0': 0.4000769480884705, 'beta_1': 1.9817657000593458, 'beta_2': 1.3931513711683632, 'beta_3': 0.41707303532973905, 'beta_4': 48.221047529424084, 'beta_5': 31.063476197122835, 'beta_6': 161.18498020090024}. Best is trial 848 with value: 71.87210838672198.
[I 2026-04-01 12:10:22,268] Trial 894 finished with value: 99.54732233616193 and parameters: {'alpha_0': 15528.58762610383, 'alpha_1': 8.01162786847658, 'alpha_2': 45.69640105139804, 'beta_0': 0.40741642459239985, 'beta_1': 1.8813453511169689, 'beta_2': 1.4289373783296642, 'beta_3': 0.3412478372069302, 'beta_4': 46.784844634268396, 'beta_5': 39.86616951994421, 'beta_6': 160.34636053851665}. Best is trial 848 with value: 71.87210838672198.
[I 2026-04-01 12:10:22,372] Trial 898 finished with value: 90.60602361372649 and parameters: {'alpha_0': 15371.70934536452, 'alpha_1': 2.0812031963474737, 'alpha_2': 46.74127143622064, 'beta_0': 0.37777997772642835, 'beta_1': 1.888895917186685, 'beta_2': 1.448935945396296, 'beta_3': 0.2962964906780567, 'beta_4': 42.13976473212591, 'beta_5': 1.3239304238380072, 'beta_6': 195.51569464955548}. Best is trial 848 with value: 71.87210838672198.
[I 2026-04-01 12:10:22,421] Trial 891 finished with value: 98.48858389992333 and parameters: {'alpha_0': 15380.493778312906, 'alpha_1': 491.96668601545616, 'alpha_2': 48.94687247566308, 'beta_0': 0.40064327772573316, 'beta_1': 1.7973233909548758, 'beta_2': 1.419844980452474, 'beta_3': 0.42028502888046854, 'beta_4': 45.752232009906514, 'beta_5': 23.614187971740915, 'beta_6': 161.56039787694806}. Best is trial 848 with value: 71.87210838672198.
[I 2026-04-01 12:10:22,654] Trial 897 finished with value: 140.62951830783237 and parameters: {'alpha_0': 43801.1193539392, 'alpha_1': 636.7298250370189, 'alpha_2': 46.51905822443683, 'beta_0': 0.3698671708814065, 'beta_1': 2.0072209833443613, 'beta_2': 1.4316393058710903, 'beta_3': 0.3968885709020876, 'beta_4': 44.4456823114287, 'beta_5': 26.745044739738095, 'beta_6': 161.22035808935127}. Best is trial 848 with value: 71.87210838672198.
[I 2026-04-01 12:10:23,184] Trial 895 finished with value: 93.1866347222836 and parameters: {'alpha_0': 15481.494007034651, 'alpha_1': 19.503286705461562, 'alpha_2': 46.53623810359485, 'beta_0': 0.3836792561147812, 'beta_1': 1.8291265550819236, 'beta_2': 1.4331654756392838, 'beta_3': 0.40853148562622166, 'beta_4': 45.6362384195034, 'beta_5': 23.597646585335184, 'beta_6': 161.6544546925827}. Best is trial 848 with value: 71.87210838672198.
[I 2026-04-01 12:10:23,291] Trial 899 finished with value: 82.27837027718357 and parameters: {'alpha_0': 10256.826467567014, 'alpha_1': 680.1335314499388, 'alpha_2': 46.60699445028886, 'beta_0': 0.35695117043507063, 'beta_1': 2.039328842536454, 'beta_2': 1.4699954054391806, 'beta_3': 0.35826337485723386, 'beta_4': 44.92925854115457, 'beta_5': 20.512845453896436, 'beta_6': 196.29177703685178}. Best is trial 848 with value: 71.87210838672198.
Best trial: 848. Best value: 71.8721:  45%|████▌     | 900/2000 [1:05:44<21:37,  1.18s/it]Best trial: 848. Best value: 71.8721:  45%|████▌     | 900/2000 [1:05:44<21:37,  1.18s/it]Best trial: 848. Best value: 71.8721:  45%|████▌     | 901/2000 [1:05:44<3:36:24, 11.81s/it]                                                                                            Best trial: 848. Best value: 71.8721:  45%|████▌     | 901/2000 [1:05:44<3:36:24, 11.81s/it]Best trial: 848. Best value: 71.8721:  45%|████▌     | 901/2000 [1:05:44<3:36:24, 11.81s/it]Best trial: 848. Best value: 71.8721:  45%|████▌     | 902/2000 [1:05:44<2:38:25,  8.66s/it]                                                                                            Best trial: 848. Best value: 71.8721:  45%|████▌     | 902/2000 [1:05:45<2:38:25,  8.66s/it]Best trial: 848. Best value: 71.8721:  45%|████▌     | 902/2000 [1:05:45<2:38:25,  8.66s/it]Best trial: 848. Best value: 71.8721:  45%|████▌     | 903/2000 [1:05:45<1:55:04,  6.29s/it]                                                                                            Best trial: 848. Best value: 71.8721:  45%|████▌     | 903/2000 [1:05:45<1:55:04,  6.29s/it]Best trial: 848. Best value: 71.8721:  45%|████▌     | 903/2000 [1:05:45<1:55:04,  6.29s/it]                                                                                            Best trial: 848. Best value: 71.8721:  45%|████▌     | 904/2000 [1:05:45<1:54:58,  6.29s/it]Best trial: 848. Best value: 71.8721:  45%|████▌     | 904/2000 [1:05:45<1:54:58,  6.29s/it]Best trial: 848. Best value: 71.8721:  45%|████▌     | 905/2000 [1:05:45<1:05:10,  3.57s/it]                                                                                            Best trial: 848. Best value: 71.8721:  45%|████▌     | 905/2000 [1:05:45<1:05:10,  3.57s/it]Best trial: 848. Best value: 71.8721:  45%|████▌     | 905/2000 [1:05:45<1:05:10,  3.57s/it]                                                                                            Best trial: 848. Best value: 71.8721:  45%|████▌     | 906/2000 [1:05:45<1:05:06,  3.57s/it]Best trial: 848. Best value: 71.8721:  45%|████▌     | 906/2000 [1:05:45<1:05:06,  3.57s/it]Best trial: 848. Best value: 71.8721:  45%|████▌     | 907/2000 [1:05:45<40:39,  2.23s/it]                                                                                            Best trial: 848. Best value: 71.8721:  45%|████▌     | 907/2000 [1:05:45<40:39,  2.23s/it]Best trial: 848. Best value: 71.8721:  45%|████▌     | 907/2000 [1:05:45<40:39,  2.23s/it]Best trial: 848. Best value: 71.8721:  45%|████▌     | 908/2000 [1:05:45<32:17,  1.77s/it]                                                                                          Best trial: 848. Best value: 71.8721:  45%|████▌     | 908/2000 [1:05:45<32:17,  1.77s/it]Best trial: 848. Best value: 71.8721:  45%|████▌     | 908/2000 [1:05:45<32:17,  1.77s/it]Best trial: 848. Best value: 71.8721:  45%|████▌     | 909/2000 [1:05:45<25:09,  1.38s/it]                                                                                          Best trial: 848. Best value: 71.8721:  45%|████▌     | 909/2000 [1:05:45<25:09,  1.38s/it]Best trial: 848. Best value: 71.8721:  45%|████▌     | 909/2000 [1:05:45<25:09,  1.38s/it]                                                                                          Best trial: 848. Best value: 71.8721:  46%|████▌     | 910/2000 [1:06:28<25:08,  1.38s/it]Best trial: 848. Best value: 71.8721:  46%|████▌     | 910/2000 [1:06:28<25:08,  1.38s/it]Best trial: 848. Best value: 71.8721:  46%|████▌     | 911/2000 [1:06:28<2:52:26,  9.50s/it]                                                                                            Best trial: 848. Best value: 71.8721:  46%|████▌     | 911/2000 [1:06:28<2:52:26,  9.50s/it]Best trial: 848. Best value: 71.8721:  46%|████▌     | 911/2000 [1:06:28<2:52:26,  9.50s/it]                                                                                            Best trial: 848. Best value: 71.8721:  46%|████▌     | 912/2000 [1:06:28<2:52:16,  9.50s/it]Best trial: 848. Best value: 71.8721:  46%|████▌     | 912/2000 [1:06:28<2:52:16,  9.50s/it]                                                                                            Best trial: 848. Best value: 71.8721:  46%|████▌     | 913/2000 [1:06:28<2:52:07,  9.50s/it]Best trial: 848. Best value: 71.8721:  46%|████▌     | 913/2000 [1:06:28<2:52:07,  9.50s/it]Best trial: 848. Best value: 71.8721:  46%|████▌     | 914/2000 [1:06:28<1:32:38,  5.12s/it]                                                                                            Best trial: 848. Best value: 71.8721:  46%|████▌     | 914/2000 [1:06:29<1:32:38,  5.12s/it]                                                                                            Best trial: 848. Best value: 71.8721:  46%|████▌     | 914/2000 [1:06:29<1:32:38,  5.12s/it]Best trial: 848. Best value: 71.8721:  46%|████▌     | 914/2000 [1:06:29<1:32:38,  5.12s/it]Best trial: 848. Best value: 71.8721:  46%|████▌     | 915/2000 [1:06:29<1:32:33,  5.12s/it]Best trial: 848. Best value: 71.8721:  46%|████▌     | 916/2000 [1:06:29<1:04:27,  3.57s/it]                                                                                            Best trial: 848. Best value: 71.8721:  46%|████▌     | 916/2000 [1:06:29<1:04:27,  3.57s/it]Best trial: 848. Best value: 71.8721:  46%|████▌     | 916/2000 [1:06:29<1:04:27,  3.57s/it]                                                                                            Best trial: 848. Best value: 71.8721:  46%|████▌     | 917/2000 [1:06:29<1:04:24,  3.57s/it]Best trial: 848. Best value: 71.8721:  46%|████▌     | 917/2000 [1:06:29<1:04:24,  3.57s/it]Best trial: 848. Best value: 71.8721:  46%|████▌     | 918/2000 [1:06:29<45:43,  2.54s/it]                                                                                            [I 2026-04-01 12:11:05,593] Trial 901 finished with value: 141.3529073901165 and parameters: {'alpha_0': 43767.2761970219, 'alpha_1': 149.3301721618824, 'alpha_2': 46.627096936670796, 'beta_0': 0.35566947380190805, 'beta_1': 1.8724558755064844, 'beta_2': 1.2975675413967431, 'beta_3': 0.35848792735014773, 'beta_4': 61.12316967949603, 'beta_5': 19.802338282046957, 'beta_6': 195.16501902316114}. Best is trial 848 with value: 71.87210838672198.
[I 2026-04-01 12:11:05,706] Trial 906 finished with value: 76.2688364936955 and parameters: {'alpha_0': 10779.021193956758, 'alpha_1': 690.2638622926213, 'alpha_2': 46.73748974180924, 'beta_0': 0.27918246922385076, 'beta_1': 2.10404121522591, 'beta_2': 1.2860601780914667, 'beta_3': 0.3711925575452532, 'beta_4': 59.40932101862015, 'beta_5': 17.92011009956137, 'beta_6': 180.7618844291769}. Best is trial 848 with value: 71.87210838672198.
[I 2026-04-01 12:11:05,870] Trial 900 finished with value: 74.13890954630328 and parameters: {'alpha_0': 10555.00392317478, 'alpha_1': 163.016629570306, 'alpha_2': 46.56588963275836, 'beta_0': 0.28133853025815253, 'beta_1': 1.8788135669153028, 'beta_2': 1.300063086220404, 'beta_3': 0.34563748120291876, 'beta_4': 57.54429595892136, 'beta_5': 3.7746104616135883, 'beta_6': 180.47557154597496}. Best is trial 848 with value: 71.87210838672198.
[I 2026-04-01 12:11:05,933] Trial 904 finished with value: 75.1581387551611 and parameters: {'alpha_0': 10304.387165992313, 'alpha_1': 224.42931667985147, 'alpha_2': 47.07071883243162, 'beta_0': 0.27963038589028305, 'beta_1': 1.7957921590179493, 'beta_2': 1.2912753956081462, 'beta_3': 0.008917436516001215, 'beta_4': 58.2758757039533, 'beta_5': 17.67234205344433, 'beta_6': 193.74770946284642}. Best is trial 848 with value: 71.87210838672198.
