Best trial: 576. Best value: 73.4108:  31%|███       | 612/2000 [43:52<3:07:18,  8.10s/it]Best trial: 576. Best value: 73.4108:  31%|███       | 612/2000 [43:52<3:07:18,  8.10s/it]                                                                                          Best trial: 576. Best value: 73.4108:  31%|███       | 613/2000 [43:52<3:07:10,  8.10s/it]Best trial: 576. Best value: 73.4108:  31%|███       | 613/2000 [43:52<3:07:10,  8.10s/it]Best trial: 576. Best value: 73.4108:  31%|███       | 614/2000 [43:52<1:50:21,  4.78s/it]                                                                                          Best trial: 576. Best value: 73.4108:  31%|███       | 614/2000 [43:52<1:50:21,  4.78s/it]Best trial: 576. Best value: 73.4108:  31%|███       | 614/2000 [43:52<1:50:21,  4.78s/it]                                                                                          Best trial: 576. Best value: 73.4108:  31%|███       | 615/2000 [43:52<1:50:16,  4.78s/it]Best trial: 576. Best value: 73.4108:  31%|███       | 615/2000 [43:52<1:50:16,  4.78s/it]Best trial: 576. Best value: 73.4108:  31%|███       | 616/2000 [43:52<1:20:33,  3.49s/it]                                                                                          Best trial: 576. Best value: 73.4108:  31%|███       | 616/2000 [43:52<1:20:33,  3.49s/it]Best trial: 576. Best value: 73.4108:  31%|███       | 616/2000 [43:52<1:20:33,  3.49s/it]                                                                                          Best trial: 576. Best value: 73.4108:  31%|███       | 617/2000 [43:53<1:20:29,  3.49s/it]Best trial: 576. Best value: 73.4108:  31%|███       | 617/2000 [43:53<1:20:29,  3.49s/it]Best trial: 576. Best value: 73.4108:  31%|███       | 618/2000 [43:53<58:15,  2.53s/it]                                                                                          Best trial: 576. Best value: 73.4108:  31%|███       | 618/2000 [43:53<58:15,  2.53s/it]Best trial: 576. Best value: 73.4108:  31%|███       | 618/2000 [43:53<58:15,  2.53s/it]Best trial: 576. Best value: 73.4108:  31%|███       | 619/2000 [43:53<49:46,  2.16s/it]                                                                                        Best trial: 576. Best value: 73.4108:  31%|███       | 619/2000 [43:53<49:46,  2.16s/it]Best trial: 576. Best value: 73.4108:  31%|███       | 619/2000 [43:53<49:46,  2.16s/it]                                                                                        Best trial: 576. Best value: 73.4108:  31%|███       | 620/2000 [44:34<49:43,  2.16s/it]Best trial: 576. Best value: 73.4108:  31%|███       | 620/2000 [44:34<49:43,  2.16s/it]Best trial: 576. Best value: 73.4108:  31%|███       | 621/2000 [44:34<3:09:22,  8.24s/it]                                                                                          Best trial: 576. Best value: 73.4108:  31%|███       | 621/2000 [44:35<3:09:22,  8.24s/it]Best trial: 576. Best value: 73.4108:  31%|███       | 621/2000 [44:35<3:09:22,  8.24s/it]Best trial: 576. Best value: 73.4108:  31%|███       | 622/2000 [44:35<2:34:43,  6.74s/it]                                                                                          Best trial: 576. Best value: 73.4108:  31%|███       | 622/2000 [44:35<2:34:43,  6.74s/it]Best trial: 576. Best value: 73.4108:  31%|███       | 622/2000 [44:35<2:34:43,  6.74s/it]                                                                                          Best trial: 576. Best value: 73.4108:  31%|███       | 623/2000 [44:35<2:34:36,  6.74s/it]Best trial: 576. Best value: 73.4108:  31%|███       | 623/2000 [44:35<2:34:36,  6.74s/it]                                                                                          Best trial: 576. Best value: 73.4108:  31%|███       | 624/2000 [44:35<2:34:29,  6.74s/it]                                                                                          Best trial: 576. Best value: 73.4108:  31%|███       | 624/2000 [44:35<2:34:29,  6.74s/it]Best trial: 576. Best value: 73.4108:  31%|███       | 624/2000 [44:35<2:34:29,  6.74s/it]Best trial: 576. Best value: 73.4108:  31%|███▏      | 625/2000 [44:35<1:25:38,  3.74s/it]                                                                                          Best trial: 576. Best value: 73.4108:  31%|███▏      | 625/2000 [44:35<1:25:38,  3.74s/it]Best trial: 576. Best value: 73.4108:  31%|███▏      | 625/2000 [44:35<1:25:38,  3.74s/it]Best trial: 576. Best value: 73.4108:  31%|███▏      | 626/2000 [44:35<1:25:34,  3.74s/it]                                                                                          Best trial: 576. Best value: 73.4108:  31%|███▏      | 627/2000 [44:35<1:25:30,  3.74s/it]Best trial: 576. Best value: 73.4108:  31%|███▏      | 627/2000 [44:35<1:25:30,  3.74s/it]Best trial: 576. Best value: 73.4108:  31%|███▏      | 628/2000 [44:35<52:36,  2.30s/it]                                                                                          Best trial: 576. Best value: 73.4108:  31%|███▏      | 628/2000 [44:35<52:36,  2.30s/it]Best trial: 576. Best value: 73.4108:  31%|███▏      | 628/2000 [44:35<52:36,  2.30s/it]                                                                                        Best trial: 576. Best value: 73.4108:  31%|███▏      | 629/2000 [44:35<52:34,  2.30s/it]Best trial: 576. Best value: 73.4108:  31%|███▏      | 629/2000 [44:35<52:34,  2.30s/it]Best trial: 576. Best value: 73.4108:  32%|███▏      | 630/2000 [44:35<39:08,  1.71s/it]Best trial: 576. Best value: 73.4108:  32%|███▏      | 630/2000 [44:51<39:08,  1.71s/it]                                                                                        [I 2026-04-01 11:49:13,122] Trial 613 finished with value: 75.19131702643003 and parameters: {'alpha_0': 16249.441026413151, 'alpha_1': 1133.9097244429074, 'alpha_2': 36.27836719208146, 'beta_0': 0.2026354927602411, 'beta_1': 0.7944738450114017, 'beta_2': 0.834090495351964, 'beta_3': 0.7342332013829804, 'beta_4': 85.71530566515955, 'beta_5': 173.2472031420766, 'beta_6': 77.08277689781573}. Best is trial 576 with value: 73.41078608586943.
[I 2026-04-01 11:49:13,187] Trial 611 finished with value: 83.25026224883484 and parameters: {'alpha_0': 16267.189408520035, 'alpha_1': 1827.7623344628082, 'alpha_2': 30.91436036258707, 'beta_0': 0.202378012071162, 'beta_1': 0.7971329541224014, 'beta_2': 0.8717340483191527, 'beta_3': 0.7047228961656703, 'beta_4': 92.14250125302691, 'beta_5': 304.61220522393484, 'beta_6': 317.20591204037646}. Best is trial 576 with value: 73.41078608586943.
[I 2026-04-01 11:49:13,624] Trial 614 finished with value: 92.15031425300171 and parameters: {'alpha_0': 30678.322038462276, 'alpha_1': 768.6369197911696, 'alpha_2': 35.43282645097846, 'beta_0': 0.20271656945736463, 'beta_1': 0.7907474105559121, 'beta_2': 0.8483533204228796, 'beta_3': 0.7456708075047715, 'beta_4': 86.66863695760782, 'beta_5': 171.67373303092418, 'beta_6': 76.06432672507908}. Best is trial 576 with value: 73.41078608586943.
[I 2026-04-01 11:49:13,662] Trial 619 finished with value: 86.74686348643787 and parameters: {'alpha_0': 15344.961711040369, 'alpha_1': 745.2452367929902, 'alpha_2': 34.636701084512985, 'beta_0': 0.34117278782240323, 'beta_1': 0.787024287565425, 'beta_2': 0.8236658240461809, 'beta_3': 0.7384332232611578, 'beta_4': 86.31904083521691, 'beta_5': 181.3490825891763, 'beta_6': 71.87625325339994}. Best is trial 576 with value: 73.41078608586943.
[I 2026-04-01 11:49:13,709] Trial 617 finished with value: 92.57508184870841 and parameters: {'alpha_0': 15825.28750216709, 'alpha_1': 749.773283083697, 'alpha_2': 35.43538709792023, 'beta_0': 0.2028091801245771, 'beta_1': 0.7867637978700447, 'beta_2': 0.8385033018139082, 'beta_3': 0.7545442840703601, 'beta_4': 87.9144348858877, 'beta_5': 402.40494812775864, 'beta_6': 72.35855518729281}. Best is trial 576 with value: 73.41078608586943.
[I 2026-04-01 11:49:13,939] Trial 618 finished with value: 90.66526248100308 and parameters: {'alpha_0': 15487.210209502973, 'alpha_1': 802.0645217136491, 'alpha_2': 35.00688218514135, 'beta_0': 0.3469052888519103, 'beta_1': 0.8396251036887105, 'beta_2': 0.8142843451065285, 'beta_3': 0.7364725162351905, 'beta_4': 84.22167864475566, 'beta_5': 180.84809669168436, 'beta_6': 74.21570998007076}. Best is trial 576 with value: 73.41078608586943.
[I 2026-04-01 11:49:14,312] Trial 610 finished with value: 1181.8426082858282 and parameters: {'alpha_0': 16702.263436454403, 'alpha_1': 1793.2495321505362, 'alpha_2': 30.48242160624, 'beta_0': 2.493172077822791, 'beta_1': 0.7881055248398022, 'beta_2': 0.868258078682046, 'beta_3': 0.5151320591153266, 'beta_4': 89.93356575763164, 'beta_5': 169.75220587873747, 'beta_6': 74.80875060793755}. Best is trial 576 with value: 73.41078608586943.
[I 2026-04-01 11:49:14,371] Trial 616 finished with value: 1238.0078357159337 and parameters: {'alpha_0': 16164.394127391837, 'alpha_1': 3764.052109612814, 'alpha_2': 38.127449994995146, 'beta_0': 2.520791286219621, 'beta_1': 0.7770035434059777, 'beta_2': 0.8525948347339249, 'beta_3': 0.7200891154210152, 'beta_4': 85.04744399363756, 'beta_5': 181.06276035549465, 'beta_6': 74.48000815547358}. Best is trial 576 with value: 73.41078608586943.
[I 2026-04-01 11:49:55,788] Trial 623 finished with value: 88.56819153992518 and parameters: {'alpha_0': 15489.776031134266, 'alpha_1': 753.8623023425823, 'alpha_2': 35.10517798263268, 'beta_0': 0.34221894613802095, 'beta_1': 0.8660112078408115, 'beta_2': 0.8129652922043287, 'beta_3': 0.7811984613957152, 'beta_4': 86.10624503712717, 'beta_5': 183.60834852727731, 'beta_6': 94.90743209729801}. Best is trial 576 with value: 73.41078608586943.
[I 2026-04-01 11:49:56,093] Trial 620 finished with value: 88.6672917102814 and parameters: {'alpha_0': 15378.014843818897, 'alpha_1': 1173.5449246636272, 'alpha_2': 35.609101642509, 'beta_0': 0.3358916442902436, 'beta_1': 0.8547726473549214, 'beta_2': 0.8057303963391401, 'beta_3': 0.7463931471212438, 'beta_4': 84.43039771606114, 'beta_5': 181.81036312481712, 'beta_6': 95.01523417303397}. Best is trial 576 with value: 73.41078608586943.
[I 2026-04-01 11:49:56,112] Trial 626 finished with value: 76.8157510695714 and parameters: {'alpha_0': 17263.465323932975, 'alpha_1': 1221.6622480958217, 'alpha_2': 32.64746667911902, 'beta_0': 0.2893978001744074, 'beta_1': 0.852721548674823, 'beta_2': 0.9364772492184661, 'beta_3': 0.6776104082574189, 'beta_4': 93.49700512052783, 'beta_5': 128.13777770476472, 'beta_6': 98.29817420727677}. Best is trial 576 with value: 73.41078608586943.
[I 2026-04-01 11:49:56,134] Trial 625 finished with value: 75.47197910811013 and parameters: {'alpha_0': 17292.752938329715, 'alpha_1': 1188.288397184373, 'alpha_2': 34.70268991451172, 'beta_0': 0.20039903617533625, 'beta_1': 0.8597579889191184, 'beta_2': 0.7876963887048766, 'beta_3': 0.6925232002930037, 'beta_4': 94.2415698148888, 'beta_5': 128.5392832338684, 'beta_6': 95.08311992381252}. Best is trial 576 with value: 73.41078608586943.
[I 2026-04-01 11:49:56,180] Trial 629 finished with value: 78.13759481698943 and parameters: {'alpha_0': 17485.002173930923, 'alpha_1': 1241.6851548586565, 'alpha_2': 32.45713049121164, 'beta_0': 0.2953424230598798, 'beta_1': 0.6872785792400197, 'beta_2': 0.9311200966286384, 'beta_3': 0.7992240060968971, 'beta_4': 95.62685434100935, 'beta_5': 129.8825869405058, 'beta_6': 95.84177704273266}. Best is trial 576 with value: 73.41078608586943.
[I 2026-04-01 11:49:56,221] Trial 621 finished with value: 89.04508011435632 and parameters: {'alpha_0': 15294.151648034627, 'alpha_1': 3394.6696299466653, 'alpha_2': 35.40213001752482, 'beta_0': 0.34629788721507715, 'beta_1': 0.8626001948205114, 'beta_2': 0.7944022904780385, 'beta_3': 0.7317711834301303, 'beta_4': 93.52477525604722, 'beta_5': 184.2278085132365, 'beta_6': 65.92415074097015}. Best is trial 576 with value: 73.41078608586943.
[I 2026-04-01 11:49:56,221] Trial 622 finished with value: 88.24322248762309 and parameters: {'alpha_0': 14999.50964504303, 'alpha_1': 755.4904772486362, 'alpha_2': 30.233608423727205, 'beta_0': 0.3408626778080148, 'beta_1': 0.845444362796615, 'beta_2': 0.8297557773528638, 'beta_3': 0.7445923238569954, 'beta_4': 93.8229598959476, 'beta_5': 184.9080027345494, 'beta_6': 93.89637259512607}. Best is trial 576 with value: 73.41078608586943.
[I 2026-04-01 11:49:56,351] Trial 624 finished with value: 86.88296112585408 and parameters: {'alpha_0': 15240.300444246242, 'alpha_1': 777.8970597292699, 'alpha_2': 34.890067209551454, 'beta_0': 0.3314746003465407, 'beta_1': 0.8506230278491832, 'beta_2': 0.7871256068121802, 'beta_3': 0.7281253354194571, 'beta_4': 84.59122534435218, 'beta_5': 181.1551119378983, 'beta_6': 93.08195935899123}. Best is trial 576 with value: 73.41078608586943.
[I 2026-04-01 11:49:56,481] Trial 627 finished with value: 76.87742831848244 and parameters: {'alpha_0': 17157.00249826773, 'alpha_1': 1229.6258826808144, 'alpha_2': 33.08711992057873, 'beta_0': 0.2814742883553187, 'beta_1': 0.923848920604923, 'beta_2': 0.9315969465894312, 'beta_3': 0.7992859280312234, 'beta_4': 94.12819662672342, 'beta_5': 124.94677494267765, 'beta_6': 97.46109316771317}. Best is trial 576 with value: 73.41078608586943.
[I 2026-04-01 11:49:56,663] Trial 628 finished with value: 80.64548169821623 and parameters: {'alpha_0': 17298.50596977469, 'alpha_1': 1308.1322107627586, 'alpha_2': 32.74270839048581, 'beta_0': 0.29433308633079336, 'beta_1': 0.6572055763794049, 'beta_2': 0.9318269336931629, 'beta_3': 0.7874938297717953, 'beta_4': 93.9823044433132, 'beta_5': 131.26082296373286, 'beta_6': 93.47533117953483}. Best is trial 576 with value: 73.41078608586943.
Best trial: 576. Best value: 73.4108:  32%|███▏      | 630/2000 [45:21<39:08,  1.71s/it]                                                                                        Best trial: 576. Best value: 73.4108:  32%|███▏      | 630/2000 [45:21<39:08,  1.71s/it]Best trial: 576. Best value: 73.4108:  32%|███▏      | 630/2000 [45:21<39:08,  1.71s/it]Best trial: 576. Best value: 73.4108:  32%|███▏      | 631/2000 [45:21<3:22:48,  8.89s/it]                                                                                          Best trial: 576. Best value: 73.4108:  32%|███▏      | 631/2000 [45:21<3:22:48,  8.89s/it]Best trial: 576. Best value: 73.4108:  32%|███▏      | 631/2000 [45:21<3:22:48,  8.89s/it]                                                                                          Best trial: 576. Best value: 73.4108:  32%|███▏      | 632/2000 [45:21<3:22:40,  8.89s/it]Best trial: 576. Best value: 73.4108:  32%|███▏      | 632/2000 [45:21<3:22:40,  8.89s/it]Best trial: 576. Best value: 73.4108:  32%|███▏      | 633/2000 [45:21<3:22:31,  8.89s/it]                                                                                          Best trial: 576. Best value: 73.4108:  32%|███▏      | 634/2000 [45:21<3:22:22,  8.89s/it]Best trial: 576. Best value: 73.4108:  32%|███▏      | 634/2000 [45:21<3:22:22,  8.89s/it]                                                                                          Best trial: 576. Best value: 73.4108:  32%|███▏      | 635/2000 [45:21<1:45:24,  4.63s/it]Best trial: 576. Best value: 73.4108:  32%|███▏      | 635/2000 [45:21<1:45:24,  4.63s/it]                                                                                          Best trial: 576. Best value: 73.4108:  32%|███▏      | 635/2000 [45:21<1:45:24,  4.63s/it]                                                                                          Best trial: 576. Best value: 73.4108:  32%|███▏      | 635/2000 [45:21<1:45:24,  4.63s/it]Best trial: 576. Best value: 73.4108:  32%|███▏      | 635/2000 [45:21<1:45:24,  4.63s/it]Best trial: 576. Best value: 73.4108:  32%|███▏      | 636/2000 [45:22<1:45:20,  4.63s/it]Best trial: 576. Best value: 73.4108:  32%|███▏      | 637/2000 [45:22<1:45:15,  4.63s/it]                                                                                          Best trial: 576. Best value: 73.4108:  32%|███▏      | 638/2000 [45:22<1:45:10,  4.63s/it]Best trial: 576. Best value: 73.4108:  32%|███▏      | 638/2000 [45:22<1:45:10,  4.63s/it]Best trial: 576. Best value: 73.4108:  32%|███▏      | 639/2000 [45:22<1:03:52,  2.82s/it]                                                                                          Best trial: 576. Best value: 73.4108:  32%|███▏      | 639/2000 [45:23<1:03:52,  2.82s/it]Best trial: 576. Best value: 73.4108:  32%|███▏      | 639/2000 [45:23<1:03:52,  2.82s/it]Best trial: 576. Best value: 73.4108:  32%|███▏      | 640/2000 [45:41<1:03:49,  2.82s/it]                                                                                          Best trial: 576. Best value: 73.4108:  32%|███▏      | 640/2000 [46:12<1:03:49,  2.82s/it]Best trial: 576. Best value: 73.4108:  32%|███▏      | 640/2000 [46:12<1:03:49,  2.82s/it]Best trial: 576. Best value: 73.4108:  32%|███▏      | 641/2000 [46:12<2:57:28,  7.84s/it]                                                                                          Best trial: 576. Best value: 73.4108:  32%|███▏      | 641/2000 [46:13<2:57:28,  7.84s/it]Best trial: 576. Best value: 73.4108:  32%|███▏      | 641/2000 [46:13<2:57:28,  7.84s/it]Best trial: 576. Best value: 73.4108:  32%|███▏      | 642/2000 [46:13<2:34:33,  6.83s/it]                                                                                          Best trial: 576. Best value: 73.4108:  32%|███▏      | 642/2000 [46:13<2:34:33,  6.83s/it]Best trial: 576. Best value: 73.4108:  32%|███▏      | 642/2000 [46:13<2:34:33,  6.83s/it]Best trial: 576. Best value: 73.4108:  32%|███▏      | 643/2000 [46:13<2:09:29,  5.73s/it]                                                                                          Best trial: 576. Best value: 73.4108:  32%|███▏      | 643/2000 [46:13<2:09:29,  5.73s/it]Best trial: 576. Best value: 73.4108:  32%|███▏      | 643/2000 [46:13<2:09:29,  5.73s/it]Best trial: 576. Best value: 73.4108:  32%|███▏      | 644/2000 [46:13<1:46:27,  4.71s/it]                                                                                          Best trial: 576. Best value: 73.4108:  32%|███▏      | 644/2000 [46:13<1:46:27,  4.71s/it]Best trial: 576. Best value: 73.4108:  32%|███▏      | 644/2000 [46:13<1:46:27,  4.71s/it]                                                                                          Best trial: 576. Best value: 73.4108:  32%|███▏      | 645/2000 [46:14<1:46:22,  4.71s/it]Best trial: 576. Best value: 73.4108:  32%|███▏      | 645/2000 [46:14<1:46:22,  4.71s/it]Best trial: 576. Best value: 73.4108:  32%|███▏      | 646/2000 [46:14<1:10:14,  3.11s/it]                                                                                          Best trial: 576. Best value: 73.4108:  32%|███▏      | 646/2000 [46:14<1:10:14,  3.11s/it]Best trial: 576. Best value: 73.4108:  32%|███▏      | 646/2000 [46:14<1:10:14,  3.11s/it]Best trial: 576. Best value: 73.4108:  32%|███▏      | 647/2000 [46:14<56:53,  2.52s/it]                                                                                          Best trial: 576. Best value: 73.4108:  32%|███▏      | 647/2000 [46:15<56:53,  2.52s/it]Best trial: 576. Best value: 73.4108:  32%|███▏      | 647/2000 [46:15<56:53,  2.52s/it]Best trial: 576. Best value: 73.4108:  32%|███▏      | 648/2000 [46:15<48:32,  2.15s/it]                                                                                        [I 2026-04-01 11:50:42,616] Trial 636 finished with value: 86.53593337827218 and parameters: {'alpha_0': 18427.634130779126, 'alpha_1': 1349.39891058189, 'alpha_2': 33.046470356805536, 'beta_0': 0.2586461178977822, 'beta_1': 0.9356575203153596, 'beta_2': 1.207285130415475, 'beta_3': 0.6965667018589613, 'beta_4': 95.69880535537636, 'beta_5': 157.53501929018952, 'beta_6': 132.311310675309}. Best is trial 576 with value: 73.41078608586943.
[I 2026-04-01 11:50:42,623] Trial 631 finished with value: 78.3527578551154 and parameters: {'alpha_0': 14700.7023558016, 'alpha_1': 1370.4935114616214, 'alpha_2': 36.96640907768296, 'beta_0': 0.27473665466365305, 'beta_1': 0.681225037538328, 'beta_2': 0.930493974223684, 'beta_3': 0.8082973057840318, 'beta_4': 96.27182331370346, 'beta_5': 161.81902788375157, 'beta_6': 64.5395577130439}. Best is trial 576 with value: 73.41078608586943.
[I 2026-04-01 11:50:42,636] Trial 634 finished with value: 79.02506295610752 and parameters: {'alpha_0': 18274.82681788152, 'alpha_1': 1407.7768769617085, 'alpha_2': 29.908771644774223, 'beta_0': 0.2582282944970312, 'beta_1': 0.6756487666146029, 'beta_2': 0.6968308328125427, 'beta_3': 0.806893492267201, 'beta_4': 95.71516406357209, 'beta_5': 161.9302254375326, 'beta_6': 64.04130859092878}. Best is trial 576 with value: 73.41078608586943.
[I 2026-04-01 11:50:42,637] Trial 637 finished with value: 81.38022916176183 and parameters: {'alpha_0': 18473.629857864133, 'alpha_1': 1370.187991681748, 'alpha_2': 33.59545960550412, 'beta_0': 0.2706337956162861, 'beta_1': 0.6695355231353074, 'beta_2': 0.6872671935662475, 'beta_3': 1.397434247080903, 'beta_4': 96.16106217677581, 'beta_5': 158.54995967032346, 'beta_6': 86.27019474098772}. Best is trial 576 with value: 73.41078608586943.
[I 2026-04-01 11:50:42,731] Trial 630 finished with value: 84.28560689500492 and parameters: {'alpha_0': 17770.27333617208, 'alpha_1': 3520.0218175231867, 'alpha_2': 33.990997303217966, 'beta_0': 0.2864426490975239, 'beta_1': 0.672055769927861, 'beta_2': 0.9277475191201002, 'beta_3': 0.6841714162546321, 'beta_4': 93.97167020908752, 'beta_5': 160.465689658777, 'beta_6': 94.88372187865475}. Best is trial 576 with value: 73.41078608586943.
