Best trial: 957. Best value: 71.3843:  71%|███████   | 1422/2000 [1:42:51<1:40:16, 10.41s/it]Best trial: 957. Best value: 71.3843:  71%|███████   | 1422/2000 [1:42:51<1:40:16, 10.41s/it]Best trial: 957. Best value: 71.3843:  71%|███████   | 1423/2000 [1:42:51<59:28,  6.19s/it]                                                                                             Best trial: 957. Best value: 71.3843:  71%|███████   | 1423/2000 [1:42:51<59:28,  6.19s/it]Best trial: 957. Best value: 71.3843:  71%|███████   | 1423/2000 [1:42:51<59:28,  6.19s/it]                                                                                           Best trial: 957. Best value: 71.3843:  71%|███████   | 1424/2000 [1:42:51<59:22,  6.19s/it]Best trial: 957. Best value: 71.3843:  71%|███████   | 1424/2000 [1:42:51<59:22,  6.19s/it]Best trial: 957. Best value: 71.3843:  71%|███████▏  | 1425/2000 [1:42:51<37:48,  3.95s/it]                                                                                           Best trial: 957. Best value: 71.3843:  71%|███████▏  | 1425/2000 [1:42:51<37:48,  3.95s/it]Best trial: 957. Best value: 71.3843:  71%|███████▏  | 1425/2000 [1:42:51<37:48,  3.95s/it]Best trial: 957. Best value: 71.3843:  71%|███████▏  | 1426/2000 [1:42:51<30:39,  3.20s/it]                                                                                           Best trial: 957. Best value: 71.3843:  71%|███████▏  | 1426/2000 [1:42:52<30:39,  3.20s/it]Best trial: 957. Best value: 71.3843:  71%|███████▏  | 1426/2000 [1:42:52<30:39,  3.20s/it]                                                                                           Best trial: 957. Best value: 71.3843:  71%|███████▏  | 1427/2000 [1:42:52<30:35,  3.20s/it]Best trial: 957. Best value: 71.3843:  71%|███████▏  | 1427/2000 [1:42:52<30:35,  3.20s/it]Best trial: 957. Best value: 71.3843:  71%|███████▏  | 1428/2000 [1:42:52<19:33,  2.05s/it]                                                                                           Best trial: 957. Best value: 71.3843:  71%|███████▏  | 1428/2000 [1:42:52<19:33,  2.05s/it]Best trial: 957. Best value: 71.3843:  71%|███████▏  | 1428/2000 [1:42:52<19:33,  2.05s/it]                                                                                           Best trial: 957. Best value: 71.3843:  71%|███████▏  | 1429/2000 [1:42:52<19:31,  2.05s/it]Best trial: 957. Best value: 71.3843:  71%|███████▏  | 1429/2000 [1:42:52<19:31,  2.05s/it]Best trial: 957. Best value: 71.3843:  72%|███████▏  | 1430/2000 [1:42:52<13:51,  1.46s/it]                                                                                           Best trial: 957. Best value: 71.3843:  72%|███████▏  | 1430/2000 [1:43:58<13:51,  1.46s/it]Best trial: 957. Best value: 71.3843:  72%|███████▏  | 1430/2000 [1:43:58<13:51,  1.46s/it]Best trial: 957. Best value: 71.3843:  72%|███████▏  | 1431/2000 [1:43:58<2:13:57, 14.12s/it]                                                                                             Best trial: 957. Best value: 71.3843:  72%|███████▏  | 1431/2000 [1:43:58<2:13:57, 14.12s/it]Best trial: 957. Best value: 71.3843:  72%|███████▏  | 1431/2000 [1:43:58<2:13:57, 14.12s/it]Best trial: 957. Best value: 71.3843:  72%|███████▏  | 1432/2000 [1:43:58<1:44:54, 11.08s/it]                                                                                             Best trial: 957. Best value: 71.3843:  72%|███████▏  | 1432/2000 [1:43:58<1:44:54, 11.08s/it]Best trial: 957. Best value: 71.3843:  72%|███████▏  | 1432/2000 [1:43:58<1:44:54, 11.08s/it]Best trial: 957. Best value: 71.3843:  72%|███████▏  | 1433/2000 [1:43:58<1:19:54,  8.46s/it]                                                                                             Best trial: 957. Best value: 71.3843:  72%|███████▏  | 1433/2000 [1:43:58<1:19:54,  8.46s/it]Best trial: 957. Best value: 71.3843:  72%|███████▏  | 1433/2000 [1:43:58<1:19:54,  8.46s/it]                                                                                             Best trial: 957. Best value: 71.3843:  72%|███████▏  | 1434/2000 [1:43:58<1:19:45,  8.46s/it]Best trial: 957. Best value: 71.3843:  72%|███████▏  | 1434/2000 [1:43:58<1:19:45,  8.46s/it]Best trial: 957. Best value: 71.3843:  72%|███████▏  | 1435/2000 [1:43:58<47:57,  5.09s/it]                                                                                             Best trial: 957. Best value: 71.3843:  72%|███████▏  | 1435/2000 [1:43:59<47:57,  5.09s/it]Best trial: 957. Best value: 71.3843:  72%|███████▏  | 1435/2000 [1:43:59<47:57,  5.09s/it]Best trial: 957. Best value: 71.3843:  72%|███████▏  | 1436/2000 [1:43:59<37:22,  3.98s/it]                                                                                           Best trial: 957. Best value: 71.3843:  72%|███████▏  | 1436/2000 [1:43:59<37:22,  3.98s/it]Best trial: 957. Best value: 71.3843:  72%|███████▏  | 1436/2000 [1:43:59<37:22,  3.98s/it]Best trial: 957. Best value: 71.3843:  72%|███████▏  | 1437/2000 [1:43:59<29:01,  3.09s/it]                                                                                           Best trial: 957. Best value: 71.3843:  72%|███████▏  | 1437/2000 [1:43:59<29:01,  3.09s/it]Best trial: 957. Best value: 71.3843:  72%|███████▏  | 1437/2000 [1:43:59<29:01,  3.09s/it]Best trial: 957. Best value: 71.3843:  72%|███████▏  | 1438/2000 [1:43:59<22:00,  2.35s/it]                                                                                           Best trial: 957. Best value: 71.3843:  72%|███████▏  | 1438/2000 [1:44:00<22:00,  2.35s/it]Best trial: 957. Best value: 71.3843:  72%|███████▏  | 1438/2000 [1:44:00<22:00,  2.35s/it]Best trial: 957. Best value: 71.3843:  72%|███████▏  | 1439/2000 [1:44:00<17:21,  1.86s/it]                                                                                           Best trial: 957. Best value: 71.3843:  72%|███████▏  | 1439/2000 [1:44:01<17:21,  1.86s/it]Best trial: 957. Best value: 71.3843:  72%|███████▏  | 1439/2000 [1:44:01<17:21,  1.86s/it]Best trial: 957. Best value: 71.3843:  72%|███████▏  | 1440/2000 [1:44:01<15:34,  1.67s/it]                                                                                           [I 2026-04-01 12:48:12,236] Trial 1424 finished with value: 107.5705840794354 and parameters: {'alpha_0': 15790.333607671584, 'alpha_1': 5083.694856640185, 'alpha_2': 45.86170922527477, 'beta_0': 0.46518176258285504, 'beta_1': 2.077562393857824, 'beta_2': 1.1475624262394346, 'beta_3': 0.05250753215839974, 'beta_4': 74.34823860149366, 'beta_5': 22.296690684305666, 'beta_6': 401.04809857744027}. Best is trial 957 with value: 71.38427157687855.
[I 2026-04-01 12:48:12,333] Trial 1426 finished with value: 79.7601128843657 and parameters: {'alpha_0': 16016.541543497366, 'alpha_1': 4976.4697781312225, 'alpha_2': 15.42672079514016, 'beta_0': 0.3028147378867198, 'beta_1': 2.062491510928816, 'beta_2': 1.174970685054542, 'beta_3': 0.23925807072479988, 'beta_4': 74.09204360663746, 'beta_5': 21.070734813898, 'beta_6': 406.67412629014893}. Best is trial 957 with value: 71.38427157687855.
[I 2026-04-01 12:48:12,444] Trial 1422 finished with value: 76.82646696336232 and parameters: {'alpha_0': 15921.42830635212, 'alpha_1': 5020.597774503053, 'alpha_2': 46.48820053169041, 'beta_0': 0.29483793311309425, 'beta_1': 1.8864472211200591, 'beta_2': 1.1566888667292377, 'beta_3': 0.18748223264821767, 'beta_4': 76.66582480692037, 'beta_5': 0.538021728460716, 'beta_6': 388.17401068394815}. Best is trial 957 with value: 71.38427157687855.
[I 2026-04-01 12:48:12,854] Trial 1427 finished with value: 77.38892907767332 and parameters: {'alpha_0': 16102.600468430046, 'alpha_1': 4851.3722835184435, 'alpha_2': 45.962025400036765, 'beta_0': 0.3020356506023201, 'beta_1': 1.9834002641985604, 'beta_2': 1.1472439820082327, 'beta_3': 0.18624407702620066, 'beta_4': 73.43979981568255, 'beta_5': 21.369393407672007, 'beta_6': 403.7303423651635}. Best is trial 957 with value: 71.38427157687855.
[I 2026-04-01 12:48:12,896] Trial 1428 finished with value: 78.99286522379975 and parameters: {'alpha_0': 7163.521494929068, 'alpha_1': 4914.717617741223, 'alpha_2': 45.78405807659368, 'beta_0': 0.3029021809017873, 'beta_1': 1.9693640343720822, 'beta_2': 1.157763600321282, 'beta_3': 0.1899392441845585, 'beta_4': 65.6261933482684, 'beta_5': 18.972935317022937, 'beta_6': 403.0463931044047}. Best is trial 957 with value: 71.38427157687855.
[I 2026-04-01 12:48:13,087] Trial 1425 finished with value: 77.44516567693054 and parameters: {'alpha_0': 15748.682420288664, 'alpha_1': 4876.767732187951, 'alpha_2': 46.033045623095795, 'beta_0': 0.305400190893654, 'beta_1': 1.9942037774436714, 'beta_2': 1.156413405469307, 'beta_3': 0.19270679285497394, 'beta_4': 64.6631959538907, 'beta_5': 0.1215927941379551, 'beta_6': 385.487263610961}. Best is trial 957 with value: 71.38427157687855.
[I 2026-04-01 12:48:13,163] Trial 1423 finished with value: 73.16375700987726 and parameters: {'alpha_0': 16033.519645285975, 'alpha_1': 5148.819611224837, 'alpha_2': 46.47803099591413, 'beta_0': 0.20056418562566378, 'beta_1': 1.9467932201558211, 'beta_2': 1.1571889810795346, 'beta_3': 0.19627213574639268, 'beta_4': 65.62905446604333, 'beta_5': 22.9421215658553, 'beta_6': 404.0341756467627}. Best is trial 957 with value: 71.38427157687855.
[I 2026-04-01 12:48:13,780] Trial 1429 finished with value: 528.9893920097485 and parameters: {'alpha_0': 16056.726911051512, 'alpha_1': 4898.805193961845, 'alpha_2': 46.301715380629446, 'beta_0': 1.4041157914184939, 'beta_1': 1.87647709145938, 'beta_2': 1.163033612411361, 'beta_3': 0.17816269176177268, 'beta_4': 73.08958762330796, 'beta_5': 18.732817873002162, 'beta_6': 410.36618740332176}. Best is trial 957 with value: 71.38427157687855.
[I 2026-04-01 12:49:18,887] Trial 1432 finished with value: 78.80828098355431 and parameters: {'alpha_0': 19617.41640082276, 'alpha_1': 5244.37315678124, 'alpha_2': 45.6167663730634, 'beta_0': 0.3015407123542746, 'beta_1': 1.987369814800834, 'beta_2': 1.1844581236973675, 'beta_3': 0.18553395879750886, 'beta_4': 64.54551006418018, 'beta_5': 20.048510045716224, 'beta_6': 412.1616382818613}. Best is trial 957 with value: 71.38427157687855.
[I 2026-04-01 12:49:19,262] Trial 1430 finished with value: 78.6367718816555 and parameters: {'alpha_0': 7007.161269358185, 'alpha_1': 4907.860001872813, 'alpha_2': 45.40100649452039, 'beta_0': 0.2979602148428011, 'beta_1': 1.9469709966312918, 'beta_2': 1.1693154742000915, 'beta_3': 0.1917211954366818, 'beta_4': 64.50055231050575, 'beta_5': 19.1405001056888, 'beta_6': 403.03848892903176}. Best is trial 957 with value: 71.38427157687855.
[I 2026-04-01 12:49:19,399] Trial 1435 finished with value: 74.06066544738262 and parameters: {'alpha_0': 19714.882424331576, 'alpha_1': 5299.6315787636495, 'alpha_2': 45.398566845302994, 'beta_0': 0.20071697860449086, 'beta_1': 1.941424510270309, 'beta_2': 1.236434629453356, 'beta_3': 0.2365950345052121, 'beta_4': 64.64423864341629, 'beta_5': 11.005766561123227, 'beta_6': 410.6420387270372}. Best is trial 957 with value: 71.38427157687855.
[I 2026-04-01 12:49:19,455] Trial 1433 finished with value: 77.80775993660238 and parameters: {'alpha_0': 18109.816288338898, 'alpha_1': 5290.084942955798, 'alpha_2': 47.06561340839889, 'beta_0': 0.30736133321587494, 'beta_1': 1.821416803180652, 'beta_2': 1.2108036165178486, 'beta_3': 0.2010272557613051, 'beta_4': 65.61783327002577, 'beta_5': 16.856084640474993, 'beta_6': 374.7886637729326}. Best is trial 957 with value: 71.38427157687855.
[I 2026-04-01 12:49:19,792] Trial 1436 finished with value: 73.14472867482377 and parameters: {'alpha_0': 17940.38692978492, 'alpha_1': 5328.230843441503, 'alpha_2': 47.94231634313113, 'beta_0': 0.2000242150956564, 'beta_1': 1.8308709370975267, 'beta_2': 1.2386910802335005, 'beta_3': 0.4036396778888385, 'beta_4': 62.996622151831566, 'beta_5': 10.334770316930793, 'beta_6': 365.1557935926529}. Best is trial 957 with value: 71.38427157687855.
[I 2026-04-01 12:49:19,910] Trial 1434 finished with value: 78.77180817801258 and parameters: {'alpha_0': 14515.261020252268, 'alpha_1': 4858.966334459609, 'alpha_2': 45.62259325898601, 'beta_0': 0.3142964710709866, 'beta_1': 1.9746642164726071, 'beta_2': 1.238508190941724, 'beta_3': 0.182706231926347, 'beta_4': 64.92780931102813, 'beta_5': 15.910551915202563, 'beta_6': 372.70317439381415}. Best is trial 957 with value: 71.38427157687855.
[I 2026-04-01 12:49:20,268] Trial 1438 finished with value: 73.348115684095 and parameters: {'alpha_0': 14372.86026252125, 'alpha_1': 5257.199743388253, 'alpha_2': 47.37065262197694, 'beta_0': 0.2529185656236258, 'beta_1': 1.81220580723785, 'beta_2': 1.2424094734284343, 'beta_3': 0.416470478166108, 'beta_4': 63.372079109268384, 'beta_5': 10.114018701070526, 'beta_6': 418.75320794503824}. Best is trial 957 with value: 71.38427157687855.
[I 2026-04-01 12:49:20,496] Trial 1431 finished with value: 79.29841293533045 and parameters: {'alpha_0': 19799.963442987017, 'alpha_1': 4851.0423081347435, 'alpha_2': 45.32792381547594, 'beta_0': 0.29577785817868485, 'beta_1': 1.8167535446056704, 'beta_2': 1.2019429346463095, 'beta_3': 0.23804192600469629, 'beta_4': 65.8397965153142, 'beta_5': 19.441554480065925, 'beta_6': 397.0179170142688}. Best is trial 957 with value: 71.38427157687855.
[I 2026-04-01 12:49:21,012] Trial 1439 finished with value: 73.84810382472183 and parameters: {'alpha_0': 19446.87049589576, 'alpha_1': 4352.135002088702, 'alpha_2': 47.649075230728194, 'beta_0': 0.20078224228798638, 'beta_1': 1.8091272330623527, 'beta_2': 1.2355508894880185, 'beta_3': 0.38699133619603165, 'beta_4': 63.61185008071283, 'beta_5': 10.121835369743227, 'beta_6': 410.4352615029614}. Best is trial 957 with value: 71.38427157687855.
[I 2026-04-01 12:49:22,191] Trial 1437 finished with value: 75.30653108302499 and parameters: {'alpha_0': 19421.895933884476, 'alpha_1': 5274.477290395022, 'alpha_2': 44.98466022460792, 'beta_0': 0.2527504334517484, 'beta_1': 1.8066759224138118, 'beta_2': 1.2364984493619149, 'beta_3': 0.40697593881369437, 'beta_4': 63.819576120805074, 'beta_5': 9.673760931728893, 'beta_6': 375.86265049714376}. Best is trial 957 with value: 71.38427157687855.
Best trial: 957. Best value: 71.3843:  72%|███████▏  | 1440/2000 [1:45:36<15:34,  1.67s/it]Best trial: 957. Best value: 71.3843:  72%|███████▏  | 1440/2000 [1:45:36<15:34,  1.67s/it]Best trial: 957. Best value: 71.3843:  72%|███████▏  | 1441/2000 [1:45:36<4:22:12, 28.14s/it]                                                                                             Best trial: 957. Best value: 71.3843:  72%|███████▏  | 1441/2000 [1:45:37<4:22:12, 28.14s/it]Best trial: 957. Best value: 71.3843:  72%|███████▏  | 1441/2000 [1:45:37<4:22:12, 28.14s/it]Best trial: 957. Best value: 71.3843:  72%|███████▏  | 1442/2000 [1:45:37<3:08:28, 20.27s/it]                                                                                             Best trial: 957. Best value: 71.3843:  72%|███████▏  | 1442/2000 [1:45:37<3:08:28, 20.27s/it]Best trial: 957. Best value: 71.3843:  72%|███████▏  | 1442/2000 [1:45:37<3:08:28, 20.27s/it]                                                                                             Best trial: 957. Best value: 71.3843:  72%|███████▏  | 1443/2000 [1:45:37<3:08:07, 20.27s/it]Best trial: 957. Best value: 71.3843:  72%|███████▏  | 1443/2000 [1:45:37<3:08:07, 20.27s/it]Best trial: 957. Best value: 71.3843:  72%|███████▏  | 1444/2000 [1:45:37<1:43:24, 11.16s/it]                                                                                             Best trial: 957. Best value: 71.3843:  72%|███████▏  | 1444/2000 [1:45:37<1:43:24, 11.16s/it]Best trial: 957. Best value: 71.3843:  72%|███████▏  | 1444/2000 [1:45:37<1:43:24, 11.16s/it]                                                                                             Best trial: 957. Best value: 71.3843:  72%|███████▏  | 1445/2000 [1:45:37<1:43:13, 11.16s/it]Best trial: 957. Best value: 71.3843:  72%|███████▏  | 1445/2000 [1:45:37<1:43:13, 11.16s/it]Best trial: 957. Best value: 71.3843:  72%|███████▏  | 1446/2000 [1:45:37<1:03:03,  6.83s/it]                                                                                             Best trial: 957. Best value: 71.3843:  72%|███████▏  | 1446/2000 [1:45:38<1:03:03,  6.83s/it]Best trial: 957. Best value: 71.3843:  72%|███████▏  | 1446/2000 [1:45:38<1:03:03,  6.83s/it]Best trial: 957. Best value: 71.3843:  72%|███████▏  | 1447/2000 [1:45:38<50:16,  5.45s/it]                                                                                             Best trial: 957. Best value: 71.3843:  72%|███████▏  | 1447/2000 [1:45:38<50:16,  5.45s/it]Best trial: 957. Best value: 71.3843:  72%|███████▏  | 1447/2000 [1:45:38<50:16,  5.45s/it]Best trial: 957. Best value: 71.3843:  72%|███████▏  | 1448/2000 [1:45:38<38:36,  4.20s/it]                                                                                           Best trial: 957. Best value: 71.3843:  72%|███████▏  | 1448/2000 [1:45:38<38:36,  4.20s/it]Best trial: 957. Best value: 71.3843:  72%|███████▏  | 1448/2000 [1:45:38<38:36,  4.20s/it]Best trial: 957. Best value: 71.3843:  72%|███████▏  | 1449/2000 [1:45:38<28:59,  3.16s/it]                                                                                           Best trial: 957. Best value: 71.3843:  72%|███████▏  | 1449/2000 [1:45:39<28:59,  3.16s/it]Best trial: 957. Best value: 71.3843:  72%|███████▏  | 1449/2000 [1:45:39<28:59,  3.16s/it]Best trial: 957. Best value: 71.3843:  72%|███████▎  | 1450/2000 [1:45:39<24:06,  2.63s/it]                                                                                           Best trial: 957. Best value: 71.3843:  72%|███████▎  | 1450/2000 [1:47:13<24:06,  2.63s/it]Best trial: 957. Best value: 71.3843:  72%|███████▎  | 1450/2000 [1:47:13<24:06,  2.63s/it]Best trial: 957. Best value: 71.3843:  73%|███████▎  | 1451/2000 [1:47:13<4:14:55, 27.86s/it]                                                                                             Best trial: 957. Best value: 71.3843:  73%|███████▎  | 1451/2000 [1:47:14<4:14:55, 27.86s/it]Best trial: 957. Best value: 71.3843:  73%|███████▎  | 1451/2000 [1:47:14<4:14:55, 27.86s/it]Best trial: 957. Best value: 71.3843:  73%|███████▎  | 1452/2000 [1:47:14<3:04:40, 20.22s/it]                                                                                             Best trial: 957. Best value: 71.3843:  73%|███████▎  | 1452/2000 [1:47:14<3:04:40, 20.22s/it]                                                                                             Best trial: 957. Best value: 71.3843:  73%|███████▎  | 1452/2000 [1:47:14<3:04:40, 20.22s/it]Best trial: 957. Best value: 71.3843:  73%|███████▎  | 1452/2000 [1:47:14<3:04:40, 20.22s/it]Best trial: 957. Best value: 71.3843:  73%|███████▎  | 1453/2000 [1:47:14<2:12:29, 14.53s/it]Best trial: 957. Best value: 71.3843:  73%|███████▎  | 1453/2000 [1:47:15<2:12:29, 14.53s/it]                                                                                             Best trial: 957. Best value: 71.3843:  73%|███████▎  | 1454/2000 [1:47:15<2:12:14, 14.53s/it]Best trial: 957. Best value: 71.3843:  73%|███████▎  | 1454/2000 [1:47:15<2:12:14, 14.53s/it]Best trial: 957. Best value: 71.3843:  73%|███████▎  | 1455/2000 [1:47:15<1:12:49,  8.02s/it]                                                                                             Best trial: 957. Best value: 71.3843:  73%|███████▎  | 1455/2000 [1:47:15<1:12:49,  8.02s/it]Best trial: 957. Best value: 71.3843:  73%|███████▎  | 1455/2000 [1:47:15<1:12:49,  8.02s/it]                                                                                             Best trial: 957. Best value: 71.3843:  73%|███████▎  | 1456/2000 [1:47:15<1:12:41,  8.02s/it]Best trial: 957. Best value: 71.3843:  73%|███████▎  | 1456/2000 [1:47:15<1:12:41,  8.02s/it]Best trial: 957. Best value: 71.3843:  73%|███████▎  | 1457/2000 [1:47:15<44:52,  4.96s/it]                                                                                             Best trial: 957. Best value: 71.3843:  73%|███████▎  | 1457/2000 [1:47:16<44:52,  4.96s/it]Best trial: 957. Best value: 71.3843:  73%|███████▎  | 1457/2000 [1:47:16<44:52,  4.96s/it]Best trial: 957. Best value: 71.3843:  73%|███████▎  | 1458/2000 [1:47:16<36:27,  4.04s/it]                                                                                           [I 2026-04-01 12:50:57,040] Trial 1440 finished with value: 74.06435375459625 and parameters: {'alpha_0': 14573.142127950134, 'alpha_1': 5301.7904061153995, 'alpha_2': 47.77523173699145, 'beta_0': 0.24911621678542767, 'beta_1': 1.804203382198095, 'beta_2': 1.412344190634721, 'beta_3': 0.4151761816419429, 'beta_4': 60.57673837929983, 'beta_5': 11.029686649970326, 'beta_6': 374.53190959826713}. Best is trial 957 with value: 71.38427157687855.
[I 2026-04-01 12:50:57,896] Trial 1447 finished with value: 75.0859642304618 and parameters: {'alpha_0': 14808.210228021606, 'alpha_1': 5985.560380695421, 'alpha_2': 47.66922365287148, 'beta_0': 0.25244923422751775, 'beta_1': 1.7424602291796598, 'beta_2': 1.4110851140201504, 'beta_3': 0.3754891909450729, 'beta_4': 59.04419908770579, 'beta_5': 36.922990304906236, 'beta_6': 468.13149005072904}. Best is trial 957 with value: 71.38427157687855.
[I 2026-04-01 12:50:57,986] Trial 1442 finished with value: 73.7772899648391 and parameters: {'alpha_0': 14247.906893330179, 'alpha_1': 5930.865617262418, 'alpha_2': 47.765351957573266, 'beta_0': 0.255836929079656, 'beta_1': 1.7950957684639082, 'beta_2': 1.4110266714796915, 'beta_3': 0.39833073977199984, 'beta_4': 59.40125014191999, 'beta_5': 9.971675874060356, 'beta_6': 416.15502473199194}. Best is trial 957 with value: 71.38427157687855.
