[I 2026-04-01 12:34:20,297] Trial 1220 finished with value: 105.01879625051865 and parameters: {'alpha_0': 16294.836164207156, 'alpha_1': 5902.938892225403, 'alpha_2': 42.1241898204624, 'beta_0': 0.257064915263467, 'beta_1': 1.8324523240039268, 'beta_2': 2.212854052004864, 'beta_3': 0.17099778224950757, 'beta_4': 61.731773117377024, 'beta_5': 0.4049219383755567, 'beta_6': 410.02695347184175}. Best is trial 957 with value: 71.38427157687855.
[I 2026-04-01 12:34:20,844] Trial 1227 finished with value: 103.86790337366902 and parameters: {'alpha_0': 15772.364261855111, 'alpha_1': 4195.129844095334, 'alpha_2': 44.45146136108439, 'beta_0': 0.2498210717419184, 'beta_1': 1.647651502479167, 'beta_2': 1.380281178715147, 'beta_3': 0.24617692964038282, 'beta_4': 177.06565655045725, 'beta_5': 0.4015079854096051, 'beta_6': 414.93390084828314}. Best is trial 957 with value: 71.38427157687855.
[I 2026-04-01 12:34:21,171] Trial 1225 finished with value: 1346.3468202271708 and parameters: {'alpha_0': 48954.916380072376, 'alpha_1': 5649.884217240449, 'alpha_2': 44.24850106430416, 'beta_0': 2.8100728450260464, 'beta_1': 1.659755762034307, 'beta_2': 1.2571796547573348, 'beta_3': 0.24853309059384118, 'beta_4': 61.87976430898717, 'beta_5': 0.2059254834039539, 'beta_6': 420.23783464052156}. Best is trial 957 with value: 71.38427157687855.
[I 2026-04-01 12:35:01,006] Trial 1232 finished with value: 93.85060564282381 and parameters: {'alpha_0': 14877.673281980782, 'alpha_1': 6568.910470664888, 'alpha_2': 44.53413926084752, 'beta_0': 0.3312525949374948, 'beta_1': 1.6570731820404492, 'beta_2': 1.1877459785922986, 'beta_3': 0.20104825104002644, 'beta_4': 148.83801654119128, 'beta_5': 0.6120929953962309, 'beta_6': 428.48402960476767}. Best is trial 957 with value: 71.38427157687855.
[I 2026-04-01 12:35:01,038] Trial 1231 finished with value: 71.95614433603092 and parameters: {'alpha_0': 15508.42070550772, 'alpha_1': 6035.435278267534, 'alpha_2': 44.64338221209074, 'beta_0': 0.20243698617100517, 'beta_1': 1.7672301566235515, 'beta_2': 1.2385125992212234, 'beta_3': 0.37326149420259513, 'beta_4': 70.1817528592809, 'beta_5': 9.522452708284384, 'beta_6': 416.4685070647944}. Best is trial 957 with value: 71.38427157687855.
[I 2026-04-01 12:35:01,307] Trial 1230 finished with value: 122.15819068709239 and parameters: {'alpha_0': 15555.686406045232, 'alpha_1': 5650.812232016139, 'alpha_2': 44.31510460099994, 'beta_0': 0.25036039763679735, 'beta_1': 1.6512661452435669, 'beta_2': 2.477995764539628, 'beta_3': 0.3666939470013792, 'beta_4': 70.00389206107938, 'beta_5': 8.222150618588115, 'beta_6': 417.15461247758867}. Best is trial 957 with value: 71.38427157687855.
[I 2026-04-01 12:35:01,510] Trial 1235 finished with value: 77.67231744522059 and parameters: {'alpha_0': 14537.533804909188, 'alpha_1': 5657.261669128528, 'alpha_2': 44.3173182646469, 'beta_0': 0.3248609943254385, 'beta_1': 1.5696809972400654, 'beta_2': 1.2253221361305122, 'beta_3': 0.2726237220171178, 'beta_4': 55.53973321739743, 'beta_5': 0.11046501626988547, 'beta_6': 324.71003422551297}. Best is trial 957 with value: 71.38427157687855.
[I 2026-04-01 12:35:01,606] Trial 1234 finished with value: 78.17949806984342 and parameters: {'alpha_0': 14789.98462167921, 'alpha_1': 6078.708918845087, 'alpha_2': 44.18416913821541, 'beta_0': 0.32435864150401605, 'beta_1': 1.5886317794134273, 'beta_2': 1.224701986978582, 'beta_3': 0.3579883728815584, 'beta_4': 55.58030131969632, 'beta_5': 28.963595707332875, 'beta_6': 321.1784376430903}. Best is trial 957 with value: 71.38427157687855.
[I 2026-04-01 12:35:01,782] Trial 1236 finished with value: 74.81257620736139 and parameters: {'alpha_0': 14479.57359395366, 'alpha_1': 5657.830027118029, 'alpha_2': 44.5260669440482, 'beta_0': 0.20074504548002425, 'beta_1': 1.57466565852303, 'beta_2': 1.1847815297998794, 'beta_3': 0.27686387508343835, 'beta_4': 56.025235314506645, 'beta_5': 29.16520736197491, 'beta_6': 295.05175500290824}. Best is trial 957 with value: 71.38427157687855.
[I 2026-04-01 12:35:01,839] Trial 1233 finished with value: 129.7394249193631 and parameters: {'alpha_0': 14760.825931714691, 'alpha_1': 5559.818730305975, 'alpha_2': 44.24564929845057, 'beta_0': 0.5032481660585821, 'beta_1': 1.663620116281162, 'beta_2': 1.1914907634027518, 'beta_3': 0.3531982706394438, 'beta_4': 70.3542049659212, 'beta_5': 8.399367180091936, 'beta_6': 327.17310988536804}. Best is trial 957 with value: 71.38427157687855.
[I 2026-04-01 12:35:02,033] Trial 1237 finished with value: 81.65896445619197 and parameters: {'alpha_0': 14560.267711339142, 'alpha_1': 5586.01381644242, 'alpha_2': 44.670592088006686, 'beta_0': 0.3343551665398199, 'beta_1': 1.6016577450732947, 'beta_2': 1.1773474374825152, 'beta_3': 0.28242937633629933, 'beta_4': 54.42993108094055, 'beta_5': 28.435413627843133, 'beta_6': 332.95922359714604}. Best is trial 957 with value: 71.38427157687855.
[I 2026-04-01 12:35:02,083] Trial 1238 finished with value: 73.69747826945661 and parameters: {'alpha_0': 14904.5805773378, 'alpha_1': 5614.227754359656, 'alpha_2': 45.36048170094442, 'beta_0': 0.2005883565282563, 'beta_1': 1.5864692042243782, 'beta_2': 1.1951975983125016, 'beta_3': 0.2836645519429005, 'beta_4': 56.98426219217387, 'beta_5': 31.640980836633894, 'beta_6': 352.82384315098386}. Best is trial 957 with value: 71.38427157687855.
[I 2026-04-01 12:35:02,161] Trial 1239 finished with value: 81.03461771415007 and parameters: {'alpha_0': 14798.681376124676, 'alpha_1': 5505.329667815024, 'alpha_2': 45.39182807430388, 'beta_0': 0.32153115005312494, 'beta_1': 1.5580744005826923, 'beta_2': 1.1862095923917524, 'beta_3': 0.28082313389051006, 'beta_4': 54.56135231694071, 'beta_5': 28.786005022560865, 'beta_6': 421.51687641123135}. Best is trial 957 with value: 71.38427157687855.
[I 2026-04-01 12:35:42,898] Trial 1242 finished with value: 84.3678625656622 and parameters: {'alpha_0': 14602.345309213815, 'alpha_1': 5513.565450878392, 'alpha_2': 45.53480916420156, 'beta_0': 0.33363352703075, 'beta_1': 1.7983228505841626, 'beta_2': 1.194943960073694, 'beta_3': 0.28698607091965467, 'beta_4': 74.48069617788647, 'beta_5': 9.360632541748977, 'beta_6': 391.63617407628163}. Best is trial 957 with value: 71.38427157687855.
[I 2026-04-01 12:35:42,916] Trial 1247 finished with value: 77.96697032703634 and parameters: {'alpha_0': 17840.824667044595, 'alpha_1': 5438.10875874567, 'alpha_2': 45.45031758210855, 'beta_0': 0.2892753572750868, 'beta_1': 1.7954119487175275, 'beta_2': 1.2036857865161015, 'beta_3': 0.2898124076089695, 'beta_4': 75.66774545220368, 'beta_5': 9.886140231416235, 'beta_6': 384.72877583411724}. Best is trial 957 with value: 71.38427157687855.
Best trial: 957. Best value: 71.3843:  62%|██████▏   | 1242/2000 [1:30:22<1:54:57,  9.10s/it]Best trial: 957. Best value: 71.3843:  62%|██████▏   | 1242/2000 [1:30:22<1:54:57,  9.10s/it]                                                                                             Best trial: 957. Best value: 71.3843:  62%|██████▏   | 1243/2000 [1:30:22<1:54:48,  9.10s/it]Best trial: 957. Best value: 71.3843:  62%|██████▏   | 1243/2000 [1:30:22<1:54:48,  9.10s/it]Best trial: 957. Best value: 71.3843:  62%|██████▏   | 1244/2000 [1:30:22<1:02:36,  4.97s/it]                                                                                             Best trial: 957. Best value: 71.3843:  62%|██████▏   | 1244/2000 [1:30:22<1:02:36,  4.97s/it]Best trial: 957. Best value: 71.3843:  62%|██████▏   | 1244/2000 [1:30:22<1:02:36,  4.97s/it]                                                                                             Best trial: 957. Best value: 71.3843:  62%|██████▏   | 1245/2000 [1:30:22<1:02:31,  4.97s/it]                                                                                             Best trial: 957. Best value: 71.3843:  62%|██████▏   | 1245/2000 [1:30:22<1:02:31,  4.97s/it]Best trial: 957. Best value: 71.3843:  62%|██████▏   | 1245/2000 [1:30:22<1:02:31,  4.97s/it]Best trial: 957. Best value: 71.3843:  62%|██████▏   | 1246/2000 [1:30:22<44:08,  3.51s/it]                                                                                             Best trial: 957. Best value: 71.3843:  62%|██████▏   | 1246/2000 [1:30:22<44:08,  3.51s/it]Best trial: 957. Best value: 71.3843:  62%|██████▏   | 1246/2000 [1:30:22<44:08,  3.51s/it]Best trial: 957. Best value: 71.3843:  62%|██████▏   | 1247/2000 [1:30:22<44:04,  3.51s/it]                                                                                           Best trial: 957. Best value: 71.3843:  62%|██████▏   | 1248/2000 [1:30:22<44:01,  3.51s/it]Best trial: 957. Best value: 71.3843:  62%|██████▏   | 1248/2000 [1:30:22<44:01,  3.51s/it]Best trial: 957. Best value: 71.3843:  62%|██████▏   | 1249/2000 [1:30:22<26:57,  2.15s/it]                                                                                           Best trial: 957. Best value: 71.3843:  62%|██████▏   | 1249/2000 [1:30:24<26:57,  2.15s/it]Best trial: 957. Best value: 71.3843:  62%|██████▏   | 1249/2000 [1:30:24<26:57,  2.15s/it]Best trial: 957. Best value: 71.3843:  62%|██████▎   | 1250/2000 [1:30:42<26:55,  2.15s/it]                                                                                           Best trial: 957. Best value: 71.3843:  62%|██████▎   | 1250/2000 [1:31:03<26:55,  2.15s/it]Best trial: 957. Best value: 71.3843:  62%|██████▎   | 1250/2000 [1:31:03<26:55,  2.15s/it]Best trial: 957. Best value: 71.3843:  63%|██████▎   | 1251/2000 [1:31:03<1:29:28,  7.17s/it]                                                                                             Best trial: 957. Best value: 71.3843:  63%|██████▎   | 1251/2000 [1:31:03<1:29:28,  7.17s/it]Best trial: 957. Best value: 71.3843:  63%|██████▎   | 1251/2000 [1:31:03<1:29:28,  7.17s/it]Best trial: 957. Best value: 71.3843:  63%|██████▎   | 1252/2000 [1:31:03<1:15:00,  6.02s/it]                                                                                             Best trial: 957. Best value: 71.3843:  63%|██████▎   | 1252/2000 [1:31:03<1:15:00,  6.02s/it]Best trial: 957. Best value: 71.3843:  63%|██████▎   | 1252/2000 [1:31:03<1:15:00,  6.02s/it]                                                                                             Best trial: 957. Best value: 71.3843:  63%|██████▎   | 1253/2000 [1:31:04<1:14:54,  6.02s/it]Best trial: 957. Best value: 71.3843:  63%|██████▎   | 1253/2000 [1:31:04<1:14:54,  6.02s/it]Best trial: 957. Best value: 71.3843:  63%|██████▎   | 1254/2000 [1:31:04<51:21,  4.13s/it]                                                                                             Best trial: 957. Best value: 71.3843:  63%|██████▎   | 1254/2000 [1:31:04<51:21,  4.13s/it]                                                                                           Best trial: 957. Best value: 71.3843:  63%|██████▎   | 1254/2000 [1:31:04<51:21,  4.13s/it]Best trial: 957. Best value: 71.3843:  63%|██████▎   | 1254/2000 [1:31:04<51:21,  4.13s/it]Best trial: 957. Best value: 71.3843:  63%|██████▎   | 1255/2000 [1:31:04<51:17,  4.13s/it]Best trial: 957. Best value: 71.3843:  63%|██████▎   | 1256/2000 [1:31:04<35:29,  2.86s/it]                                                                                           Best trial: 957. Best value: 71.3843:  63%|██████▎   | 1256/2000 [1:31:04<35:29,  2.86s/it]Best trial: 957. Best value: 71.3843:  63%|██████▎   | 1256/2000 [1:31:04<35:29,  2.86s/it]                                                                                           Best trial: 957. Best value: 71.3843:  63%|██████▎   | 1257/2000 [1:31:04<35:26,  2.86s/it]Best trial: 957. Best value: 71.3843:  63%|██████▎   | 1257/2000 [1:31:04<35:26,  2.86s/it]Best trial: 957. Best value: 71.3843:  63%|██████▎   | 1258/2000 [1:31:04<25:14,  2.04s/it]                                                                                           Best trial: 957. Best value: 71.3843:  63%|██████▎   | 1258/2000 [1:31:04<25:14,  2.04s/it]Best trial: 957. Best value: 71.3843:  63%|██████▎   | 1258/2000 [1:31:04<25:14,  2.04s/it]Best trial: 957. Best value: 71.3843:  63%|██████▎   | 1259/2000 [1:31:04<21:07,  1.71s/it]                                                                                           Best trial: 957. Best value: 71.3843:  63%|██████▎   | 1259/2000 [1:31:05<21:07,  1.71s/it]Best trial: 957. Best value: 71.3843:  63%|██████▎   | 1259/2000 [1:31:05<21:07,  1.71s/it]Best trial: 957. Best value: 71.3843:  63%|██████▎   | 1260/2000 [1:31:05<18:09,  1.47s/it]                                                                                           [I 2026-04-01 12:35:42,948] Trial 1240 finished with value: 75.10387447551587 and parameters: {'alpha_0': 14282.645556510928, 'alpha_1': 5720.8416010063165, 'alpha_2': 45.25423948335641, 'beta_0': 0.20041307736083822, 'beta_1': 1.5652428893133117, 'beta_2': 1.1910634147618415, 'beta_3': 0.2777734155607703, 'beta_4': 54.15233381475674, 'beta_5': 27.881370100120662, 'beta_6': 294.9613742531383}. Best is trial 957 with value: 71.38427157687855.
[I 2026-04-01 12:35:43,094] Trial 1246 finished with value: 78.28580164138586 and parameters: {'alpha_0': 17878.885835451176, 'alpha_1': 5475.811995860956, 'alpha_2': 45.585949817138584, 'beta_0': 0.3009392569616671, 'beta_1': 1.9331039385651887, 'beta_2': 1.252324427248604, 'beta_3': 0.28889825085335086, 'beta_4': 72.84494217411446, 'beta_5': 10.241828588966737, 'beta_6': 413.16879946857404}. Best is trial 957 with value: 71.38427157687855.
[I 2026-04-01 12:35:43,230] Trial 1245 finished with value: 78.09393470198233 and parameters: {'alpha_0': 17949.166082341086, 'alpha_1': 5437.895430669431, 'alpha_2': 45.562961431205366, 'beta_0': 0.2984025644152303, 'beta_1': 1.7926386871748143, 'beta_2': 1.2215581835481464, 'beta_3': 0.29144825439715233, 'beta_4': 71.65143961563726, 'beta_5': 9.342232432780175, 'beta_6': 392.6399629690554}. Best is trial 957 with value: 71.38427157687855.
[I 2026-04-01 12:35:43,437] Trial 1241 finished with value: 108.99387589845063 and parameters: {'alpha_0': 14457.216797520985, 'alpha_1': 5615.3197204078015, 'alpha_2': 45.10281899207132, 'beta_0': 0.2004690111275599, 'beta_1': 1.5835349399471004, 'beta_2': 1.2132240421225022, 'beta_3': 0.3625022883027971, 'beta_4': 70.60060948909963, 'beta_5': 352.1634527025326, 'beta_6': 412.83312509437144}. Best is trial 957 with value: 71.38427157687855.
[I 2026-04-01 12:35:43,444] Trial 1244 finished with value: 78.47730200107623 and parameters: {'alpha_0': 17891.934293816827, 'alpha_1': 5667.19486998235, 'alpha_2': 45.2734600371231, 'beta_0': 0.3042534116768574, 'beta_1': 1.7996112967996996, 'beta_2': 1.1713665385662069, 'beta_3': 0.29860308968479926, 'beta_4': 71.57275246181896, 'beta_5': 10.459580772155704, 'beta_6': 376.39039541070065}. Best is trial 957 with value: 71.38427157687855.
[I 2026-04-01 12:35:43,449] Trial 1249 finished with value: 73.19092484797451 and parameters: {'alpha_0': 17836.434301171965, 'alpha_1': 6001.485880584931, 'alpha_2': 45.86278723590525, 'beta_0': 0.2015082734231781, 'beta_1': 1.7941860493367279, 'beta_2': 1.1777140132343171, 'beta_3': 0.31259355175896425, 'beta_4': 70.62472000670321, 'beta_5': 8.65839683161996, 'beta_6': 268.3154210907835}. Best is trial 957 with value: 71.38427157687855.
[I 2026-04-01 12:35:43,588] Trial 1243 finished with value: 73.08002452314093 and parameters: {'alpha_0': 17831.97469598336, 'alpha_1': 5536.734571278635, 'alpha_2': 45.49165476257654, 'beta_0': 0.20222698697448632, 'beta_1': 1.9459933972413577, 'beta_2': 1.199147770523652, 'beta_3': 0.3644127661750798, 'beta_4': 74.84411688705568, 'beta_5': 9.213850643995467, 'beta_6': 414.9204914416718}. Best is trial 957 with value: 71.38427157687855.
[I 2026-04-01 12:35:45,095] Trial 1248 finished with value: 1570.6118889021773 and parameters: {'alpha_0': 17252.131749092863, 'alpha_1': 5982.2661817404205, 'alpha_2': 45.584499891038774, 'beta_0': 2.7031262481744185, 'beta_1': 1.7929600963950172, 'beta_2': 1.7982768615358156, 'beta_3': 0.3690102058774934, 'beta_4': 73.0417126131584, 'beta_5': 378.0116299818207, 'beta_6': 396.0309641976697}. Best is trial 957 with value: 71.38427157687855.
[I 2026-04-01 12:36:24,700] Trial 1252 finished with value: 77.65826267305843 and parameters: {'alpha_0': 17851.796885521006, 'alpha_1': 6010.08558303513, 'alpha_2': 45.208530671925544, 'beta_0': 0.29349422972594164, 'beta_1': 1.75176524096405, 'beta_2': 1.2414005315788554, 'beta_3': 0.360167135365564, 'beta_4': 69.66607192727594, 'beta_5': 11.48316098511179, 'beta_6': 266.30870857589747}. Best is trial 957 with value: 71.38427157687855.
[I 2026-04-01 12:36:24,806] Trial 1254 finished with value: 75.8424905239694 and parameters: {'alpha_0': 18911.158504329524, 'alpha_1': 6028.14434785815, 'alpha_2': 46.0211246428682, 'beta_0': 0.24812308276897577, 'beta_1': 1.7516038994894254, 'beta_2': 1.2820185509015596, 'beta_3': 0.3498720387097778, 'beta_4': 69.75460515685883, 'beta_5': 18.730690472232713, 'beta_6': 402.54450214727933}. Best is trial 957 with value: 71.38427157687855.
[I 2026-04-01 12:36:24,839] Trial 1251 finished with value: 80.71059287415643 and parameters: {'alpha_0': 24817.416188318723, 'alpha_1': 5266.2375417629555, 'alpha_2': 45.794319833282294, 'beta_0': 0.20156832689616963, 'beta_1': 1.756420301033724, 'beta_2': 1.2569592556433733, 'beta_3': 0.3632208672323021, 'beta_4': 70.59716425590564, 'beta_5': 10.352349143735466, 'beta_6': 414.5270652967415}. Best is trial 957 with value: 71.38427157687855.
[I 2026-04-01 12:36:24,969] Trial 1255 finished with value: 72.49767909117986 and parameters: {'alpha_0': 16204.27520217779, 'alpha_1': 6006.935741563881, 'alpha_2': 46.123895928418655, 'beta_0': 0.20125114727665927, 'beta_1': 1.7434010739708674, 'beta_2': 1.279069661790456, 'beta_3': 0.20967199191284897, 'beta_4': 62.97097765562188, 'beta_5': 16.9272849168725, 'beta_6': 405.9865634930952}. Best is trial 957 with value: 71.38427157687855.
[I 2026-04-01 12:36:25,105] Trial 1253 finished with value: 77.36391842816988 and parameters: {'alpha_0': 19036.958754493156, 'alpha_1': 6078.933660383799, 'alpha_2': 45.81127062392796, 'beta_0': 0.2777016257501715, 'beta_1': 1.7503160433193714, 'beta_2': 1.2540117225444603, 'beta_3': 0.37422494647935833, 'beta_4': 69.63187681522078, 'beta_5': 16.175010026485797, 'beta_6': 374.40532265686477}. Best is trial 957 with value: 71.38427157687855.
[I 2026-04-01 12:36:25,111] Trial 1257 finished with value: 73.95304909203786 and parameters: {'alpha_0': 16259.292386316669, 'alpha_1': 6124.946096580102, 'alpha_2': 43.356674491749416, 'beta_0': 0.2549671435521598, 'beta_1': 1.7434072780233258, 'beta_2': 1.265013128479717, 'beta_3': 0.3464434103117575, 'beta_4': 63.09853689986947, 'beta_5': 18.524690975006983, 'beta_6': 407.67064880709694}. Best is trial 957 with value: 71.38427157687855.
[I 2026-04-01 12:36:25,252] Trial 1250 finished with value: 104.2920356342855 and parameters: {'alpha_0': 17643.351418664755, 'alpha_1': 5981.701429210018, 'alpha_2': 45.282832923137526, 'beta_0': 0.29638585301795634, 'beta_1': 1.7820498999905612, 'beta_2': 1.2466340242966452, 'beta_3': 0.3684001863224605, 'beta_4': 70.62143266099851, 'beta_5': 258.8976040924866, 'beta_6': 418.5774119411793}. Best is trial 957 with value: 71.38427157687855.
[I 2026-04-01 12:36:25,514] Trial 1256 finished with value: 76.37140509411185 and parameters: {'alpha_0': 19029.90472292767, 'alpha_1': 5170.530808394383, 'alpha_2': 43.492505595582, 'beta_0': 0.2522824809893191, 'beta_1': 1.7375439911603585, 'beta_2': 1.262567087736927, 'beta_3': 0.37256381797965543, 'beta_4': 63.666050460761504, 'beta_5': 18.280512586432817, 'beta_6': 476.82234576405006}. Best is trial 957 with value: 71.38427157687855.
[I 2026-04-01 12:36:25,725] Trial 1258 finished with value: 558.7387228615383 and parameters: {'alpha_0': 19074.953118157013, 'alpha_1': 6644.599485106956, 'alpha_2': 43.62617720923898, 'beta_0': 1.4783466119854234, 'beta_1': 1.7435752203971977, 'beta_2': 1.2608046022189587, 'beta_3': 0.3744621062926635, 'beta_4': 63.01607732167214, 'beta_5': 17.668724073731845, 'beta_6': 422.9918340778263}. Best is trial 957 with value: 71.38427157687855.
[I 2026-04-01 12:36:26,277] Trial 1259 finished with value: 74.50683643594215 and parameters: {'alpha_0': 16074.833627088386, 'alpha_1': 6215.475159079676, 'alpha_2': 43.509982108886895, 'beta_0': 0.2525347408148725, 'beta_1': 1.7429143363410367, 'beta_2': 1.2668322900854287, 'beta_3': 0.2066063896898337, 'beta_4': 63.863997717791605, 'beta_5': 18.79187060657225, 'beta_6': 406.6616479154951}. Best is trial 957 with value: 71.38427157687855.
