Best trial: 214. Best value: 74.2289:  14%|█▍        | 287/2000 [20:31<57:00,  2.00s/it]Best trial: 214. Best value: 74.2289:  14%|█▍        | 287/2000 [20:31<57:00,  2.00s/it]Best trial: 214. Best value: 74.2289:  14%|█▍        | 288/2000 [20:31<56:58,  2.00s/it]                                                                                        Best trial: 214. Best value: 74.2289:  14%|█▍        | 289/2000 [20:31<56:56,  2.00s/it]Best trial: 214. Best value: 74.2289:  14%|█▍        | 289/2000 [20:31<56:56,  2.00s/it]Best trial: 214. Best value: 74.2289:  14%|█▍        | 290/2000 [20:31<33:10,  1.16s/it]                                                                                        Best trial: 214. Best value: 74.2289:  14%|█▍        | 290/2000 [21:11<33:10,  1.16s/it]Best trial: 214. Best value: 74.2289:  14%|█▍        | 290/2000 [21:11<33:10,  1.16s/it]Best trial: 214. Best value: 74.2289:  15%|█▍        | 291/2000 [21:11<4:02:16,  8.51s/it]                                                                                          Best trial: 214. Best value: 74.2289:  15%|█▍        | 291/2000 [21:12<4:02:16,  8.51s/it]Best trial: 214. Best value: 74.2289:  15%|█▍        | 291/2000 [21:12<4:02:16,  8.51s/it]Best trial: 214. Best value: 74.2289:  15%|█▍        | 292/2000 [21:12<3:11:33,  6.73s/it]                                                                                          Best trial: 214. Best value: 74.2289:  15%|█▍        | 292/2000 [21:12<3:11:33,  6.73s/it]Best trial: 214. Best value: 74.2289:  15%|█▍        | 292/2000 [21:12<3:11:33,  6.73s/it]Best trial: 214. Best value: 74.2289:  15%|█▍        | 293/2000 [21:12<2:28:05,  5.21s/it]                                                                                          Best trial: 214. Best value: 74.2289:  15%|█▍        | 293/2000 [21:12<2:28:05,  5.21s/it]Best trial: 214. Best value: 74.2289:  15%|█▍        | 293/2000 [21:12<2:28:05,  5.21s/it]                                                                                          Best trial: 214. Best value: 74.2289:  15%|█▍        | 294/2000 [21:12<2:28:00,  5.21s/it]Best trial: 214. Best value: 74.2289:  15%|█▍        | 294/2000 [21:12<2:28:00,  5.21s/it]Best trial: 214. Best value: 74.2289:  15%|█▍        | 295/2000 [21:12<1:29:33,  3.15s/it]                                                                                          Best trial: 214. Best value: 74.2289:  15%|█▍        | 295/2000 [21:12<1:29:33,  3.15s/it]Best trial: 214. Best value: 74.2289:  15%|█▍        | 295/2000 [21:12<1:29:33,  3.15s/it]                                                                                          Best trial: 214. Best value: 74.2289:  15%|█▍        | 296/2000 [21:12<1:29:30,  3.15s/it]Best trial: 295. Best value: 74.1036:  15%|█▍        | 296/2000 [21:12<1:29:30,  3.15s/it]Best trial: 295. Best value: 74.1036:  15%|█▍        | 297/2000 [21:12<57:43,  2.03s/it]                                                                                          Best trial: 295. Best value: 74.1036:  15%|█▍        | 297/2000 [21:12<57:43,  2.03s/it]Best trial: 295. Best value: 74.1036:  15%|█▍        | 297/2000 [21:12<57:43,  2.03s/it]                                                                                        Best trial: 295. Best value: 74.1036:  15%|█▍        | 298/2000 [21:12<57:41,  2.03s/it]Best trial: 295. Best value: 74.1036:  15%|█▍        | 298/2000 [21:12<57:41,  2.03s/it]Best trial: 295. Best value: 74.1036:  15%|█▍        | 299/2000 [21:12<39:45,  1.40s/it]                                                                                        Best trial: 295. Best value: 74.1036:  15%|█▍        | 299/2000 [21:13<39:45,  1.40s/it]Best trial: 295. Best value: 74.1036:  15%|█▍        | 299/2000 [21:13<39:45,  1.40s/it]Best trial: 295. Best value: 74.1036:  15%|█▌        | 300/2000 [21:13<34:42,  1.23s/it]                                                                                        Best trial: 295. Best value: 74.1036:  15%|█▌        | 300/2000 [21:52<34:42,  1.23s/it]Best trial: 295. Best value: 74.1036:  15%|█▌        | 300/2000 [21:52<34:42,  1.23s/it]Best trial: 295. Best value: 74.1036:  15%|█▌        | 301/2000 [21:52<4:27:44,  9.46s/it]                                                                                          Best trial: 295. Best value: 74.1036:  15%|█▌        | 301/2000 [21:52<4:27:44,  9.46s/it]Best trial: 295. Best value: 74.1036:  15%|█▌        | 301/2000 [21:52<4:27:44,  9.46s/it]Best trial: 295. Best value: 74.1036:  15%|█▌        | 302/2000 [21:52<3:26:38,  7.30s/it]                                                                                          Best trial: 295. Best value: 74.1036:  15%|█▌        | 302/2000 [21:52<3:26:38,  7.30s/it]Best trial: 295. Best value: 74.1036:  15%|█▌        | 302/2000 [21:52<3:26:38,  7.30s/it]Best trial: 295. Best value: 74.1036:  15%|█▌        | 303/2000 [21:52<2:35:55,  5.51s/it]                                                                                          Best trial: 295. Best value: 74.1036:  15%|█▌        | 303/2000 [21:52<2:35:55,  5.51s/it]Best trial: 295. Best value: 74.1036:  15%|█▌        | 303/2000 [21:52<2:35:55,  5.51s/it]                                                                                          Best trial: 295. Best value: 74.1036:  15%|█▌        | 304/2000 [21:53<2:35:50,  5.51s/it]Best trial: 295. Best value: 74.1036:  15%|█▌        | 304/2000 [21:53<2:35:50,  5.51s/it]Best trial: 295. Best value: 74.1036:  15%|█▌        | 305/2000 [21:53<1:30:58,  3.22s/it]                                                                                          Best trial: 295. Best value: 74.1036:  15%|█▌        | 305/2000 [21:53<1:30:58,  3.22s/it]Best trial: 295. Best value: 74.1036:  15%|█▌        | 305/2000 [21:53<1:30:58,  3.22s/it]Best trial: 295. Best value: 74.1036:  15%|█▌        | 306/2000 [21:53<1:10:59,  2.51s/it]                                                                                          [I 2026-04-01 11:25:51,937] Trial 282 finished with value: 83.0052252908584 and parameters: {'alpha_0': 17713.194968278847, 'alpha_1': 1226.483543665985, 'alpha_2': 23.0986803012849, 'beta_0': 0.26035080213573825, 'beta_1': 0.6589217841659151, 'beta_2': 1.0722823727078235, 'beta_3': 1.1045950483454403, 'beta_4': 96.93878122336169, 'beta_5': 174.99063619354916, 'beta_6': 73.19155365856459}. Best is trial 214 with value: 74.22893415223656.
[I 2026-04-01 11:25:52,776] Trial 289 finished with value: 678.0385443466557 and parameters: {'alpha_0': 17648.009572458708, 'alpha_1': 1156.300139615868, 'alpha_2': 6.928712320570142, 'beta_0': 1.5724262543674543, 'beta_1': 0.30130455333029427, 'beta_2': 0.9808950950405012, 'beta_3': 1.1641322535051062, 'beta_4': 94.69014275630644, 'beta_5': 143.81349286984016, 'beta_6': 69.2429572554554}. Best is trial 214 with value: 74.22893415223656.
[I 2026-04-01 11:26:32,799] Trial 291 finished with value: 77.23295610620195 and parameters: {'alpha_0': 17769.85206861799, 'alpha_1': 1238.6741122601034, 'alpha_2': 24.391268842606205, 'beta_0': 0.25715987561083475, 'beta_1': 0.8655659789018333, 'beta_2': 0.9840658986013123, 'beta_3': 1.1612104653644282, 'beta_4': 95.31946511720811, 'beta_5': 148.82286033220825, 'beta_6': 66.20893710082959}. Best is trial 214 with value: 74.22893415223656.
[I 2026-04-01 11:26:32,949] Trial 299 finished with value: 82.07101108280422 and parameters: {'alpha_0': 16439.76020470014, 'alpha_1': 1371.9673122245988, 'alpha_2': 16.351089411091728, 'beta_0': 0.3024388640331896, 'beta_1': 0.9946030363590893, 'beta_2': 0.8303963435895879, 'beta_3': 1.0860182903436986, 'beta_4': 102.28928706852548, 'beta_5': 151.62895445367323, 'beta_6': 98.1093691048897}. Best is trial 214 with value: 74.22893415223656.
[I 2026-04-01 11:26:33,133] Trial 294 finished with value: 74.79967898670171 and parameters: {'alpha_0': 16236.356565868733, 'alpha_1': 2554.7219094703682, 'alpha_2': 4.856541870232242, 'beta_0': 0.20495299313245086, 'beta_1': 0.8473587263856294, 'beta_2': 0.8236039916850924, 'beta_3': 1.0616474882045353, 'beta_4': 102.6011397589835, 'beta_5': 148.00567129819595, 'beta_6': 75.62638560708194}. Best is trial 214 with value: 74.22893415223656.
[I 2026-04-01 11:26:33,200] Trial 290 finished with value: 463.78716665778296 and parameters: {'alpha_0': 17898.264499072146, 'alpha_1': 1230.9016085154565, 'alpha_2': 22.911321825982668, 'beta_0': 1.1875136688195675, 'beta_1': 0.9910160776651421, 'beta_2': 0.9846902031542598, 'beta_3': 1.0654214438941294, 'beta_4': 96.27147051941213, 'beta_5': 151.8446904402314, 'beta_6': 69.88672257336822}. Best is trial 214 with value: 74.22893415223656.
[I 2026-04-01 11:26:33,267] Trial 292 finished with value: 82.53025558567285 and parameters: {'alpha_0': 17752.84742809965, 'alpha_1': 1275.0437313372918, 'alpha_2': 22.910174564094966, 'beta_0': 0.24322502543245375, 'beta_1': 0.8817960845913692, 'beta_2': 0.9799110831243792, 'beta_3': 1.0777392066490883, 'beta_4': 117.95091348326952, 'beta_5': 145.80197010946569, 'beta_6': 70.30403793754775}. Best is trial 214 with value: 74.22893415223656.
[I 2026-04-01 11:26:33,354] Trial 298 finished with value: 79.57889412650614 and parameters: {'alpha_0': 21557.401282312272, 'alpha_1': 978.7353820363261, 'alpha_2': 24.626308297674605, 'beta_0': 0.20604002891216722, 'beta_1': 0.6057052327593051, 'beta_2': 0.8287914534359727, 'beta_3': 1.0676587012016863, 'beta_4': 102.90180849225119, 'beta_5': 153.04278012918726, 'beta_6': 29.593348248061865}. Best is trial 214 with value: 74.22893415223656.
[I 2026-04-01 11:26:33,401] Trial 295 finished with value: 74.10357450418728 and parameters: {'alpha_0': 17404.543379001905, 'alpha_1': 1090.820132521673, 'alpha_2': 24.378510410814368, 'beta_0': 0.20085836946022947, 'beta_1': 0.8473133614190144, 'beta_2': 0.8318353532236313, 'beta_3': 1.0660808248706897, 'beta_4': 102.54797883013607, 'beta_5': 151.96458553152914, 'beta_6': 77.7693113355162}. Best is trial 295 with value: 74.10357450418728.
[I 2026-04-01 11:26:33,679] Trial 297 finished with value: 77.2739193518934 and parameters: {'alpha_0': 21513.217924018907, 'alpha_1': 1368.8327197281021, 'alpha_2': 19.06119072228066, 'beta_0': 0.20087200007714784, 'beta_1': 1.1153770619857566, 'beta_2': 0.8202294518664779, 'beta_3': 1.065215750396338, 'beta_4': 102.5255582149608, 'beta_5': 151.6388777404962, 'beta_6': 98.11513498092675}. Best is trial 295 with value: 74.10357450418728.
[I 2026-04-01 11:26:33,782] Trial 293 finished with value: 501.57190433278436 and parameters: {'alpha_0': 17490.714777289755, 'alpha_1': 1110.004329203536, 'alpha_2': 22.592610672403065, 'beta_0': 1.1568729384416443, 'beta_1': 1.0285877494855722, 'beta_2': 0.979368787711121, 'beta_3': 1.0583513027296365, 'beta_4': 118.2730805012564, 'beta_5': 167.63014736582466, 'beta_6': 71.94138271230793}. Best is trial 295 with value: 74.10357450418728.
[I 2026-04-01 11:26:34,288] Trial 296 finished with value: 459.5370938014844 and parameters: {'alpha_0': 21400.136073601567, 'alpha_1': 1048.1727656526907, 'alpha_2': 21.179128504540344, 'beta_0': 1.184947414701772, 'beta_1': 0.9719096267326598, 'beta_2': 0.8270516445907699, 'beta_3': 1.0598065002590702, 'beta_4': 102.61443780209329, 'beta_5': 154.5419557089611, 'beta_6': 107.51937286520374}. Best is trial 295 with value: 74.10357450418728.
[I 2026-04-01 11:27:13,108] Trial 300 finished with value: 79.21290359736446 and parameters: {'alpha_0': 21764.94933641324, 'alpha_1': 911.7179185322756, 'alpha_2': 21.032217683607026, 'beta_0': 0.20247521093661228, 'beta_1': 1.0081671531077256, 'beta_2': 0.8611959589541305, 'beta_3': 1.0671373842022787, 'beta_4': 58.527340809242496, 'beta_5': 153.73935910341956, 'beta_6': 97.43877800875426}. Best is trial 295 with value: 74.10357450418728.
[I 2026-04-01 11:27:13,523] Trial 301 finished with value: 115.96363919410038 and parameters: {'alpha_0': 21151.701031391585, 'alpha_1': 889.6825919968371, 'alpha_2': 18.94670910437332, 'beta_0': 0.2065484469674941, 'beta_1': 0.8734742651686347, 'beta_2': 1.9709986168007596, 'beta_3': 1.0547738787956313, 'beta_4': 62.449920421565636, 'beta_5': 165.5635630013575, 'beta_6': 106.47991165714032}. Best is trial 295 with value: 74.10357450418728.
[I 2026-04-01 11:27:13,782] Trial 306 finished with value: 75.56946577554949 and parameters: {'alpha_0': 16379.381835971044, 'alpha_1': 2624.5595986616286, 'alpha_2': 10.245517215890946, 'beta_0': 0.2019567622975206, 'beta_1': 0.8355157756929773, 'beta_2': 0.8133634896091949, 'beta_3': 1.0595803704323292, 'beta_4': 109.03235886203798, 'beta_5': 136.9383478064609, 'beta_6': 3.56066613832553}. Best is trial 295 with value: 74.10357450418728.
[I 2026-04-01 11:27:13,837] Trial 304 finished with value: 78.96946122744936 and parameters: {'alpha_0': 16581.43937199869, 'alpha_1': 2084.2352994461344, 'alpha_2': 27.79616574042959, 'beta_0': 0.20150445876044684, 'beta_1': 1.1401470901218056, 'beta_2': 0.8202653477724458, 'beta_3': 1.0515636515804179, 'beta_4': 58.46295253845109, 'beta_5': 163.33281183600266, 'beta_6': 27.68847408250366}. Best is trial 295 with value: 74.10357450418728.
[I 2026-04-01 11:27:13,892] Trial 305 finished with value: 78.31462230393035 and parameters: {'alpha_0': 16279.171456198064, 'alpha_1': 3080.601111184226, 'alpha_2': 4.968610744043392, 'beta_0': 0.202764227240607, 'beta_1': 0.8194920157493091, 'beta_2': 0.8241209106538461, 'beta_3': 1.2001020637316413, 'beta_4': 61.755497984308576, 'beta_5': 164.5929271418496, 'beta_6': 0.006355326825085328}. Best is trial 295 with value: 74.10357450418728.
[I 2026-04-01 11:27:14,063] Trial 302 finished with value: 78.72337172277861 and parameters: {'alpha_0': 21383.854180504663, 'alpha_1': 984.1239857202628, 'alpha_2': 23.960551279355478, 'beta_0': 0.20117876016282615, 'beta_1': 1.35987175032244, 'beta_2': 0.8216916991389135, 'beta_3': 1.0582616829711344, 'beta_4': 109.75685925039078, 'beta_5': 152.8501462033777, 'beta_6': 80.54757115467554}. Best is trial 295 with value: 74.10357450418728.
Best trial: 295. Best value: 74.1036:  15%|█▌        | 306/2000 [21:53<1:10:59,  2.51s/it]Best trial: 295. Best value: 74.1036:  15%|█▌        | 306/2000 [21:53<1:10:59,  2.51s/it]Best trial: 295. Best value: 74.1036:  15%|█▌        | 307/2000 [21:53<54:41,  1.94s/it]                                                                                          Best trial: 295. Best value: 74.1036:  15%|█▌        | 307/2000 [21:53<54:41,  1.94s/it]Best trial: 295. Best value: 74.1036:  15%|█▌        | 307/2000 [21:53<54:41,  1.94s/it]                                                                                        Best trial: 295. Best value: 74.1036:  15%|█▌        | 308/2000 [21:53<54:39,  1.94s/it]                                                                                        Best trial: 295. Best value: 74.1036:  15%|█▌        | 308/2000 [21:53<54:39,  1.94s/it]Best trial: 295. Best value: 74.1036:  15%|█▌        | 308/2000 [21:53<54:39,  1.94s/it]Best trial: 295. Best value: 74.1036:  15%|█▌        | 309/2000 [21:53<33:49,  1.20s/it]Best trial: 295. Best value: 74.1036:  16%|█▌        | 310/2000 [21:53<19:18,  1.46it/s]Best trial: 295. Best value: 74.1036:  16%|█▌        | 310/2000 [21:53<19:18,  1.46it/s]                                                                                        Best trial: 295. Best value: 74.1036:  16%|█▌        | 310/2000 [22:33<19:18,  1.46it/s]Best trial: 295. Best value: 74.1036:  16%|█▌        | 310/2000 [22:33<19:18,  1.46it/s]Best trial: 295. Best value: 74.1036:  16%|█▌        | 311/2000 [22:33<3:39:00,  7.78s/it]                                                                                          Best trial: 295. Best value: 74.1036:  16%|█▌        | 311/2000 [22:33<3:39:00,  7.78s/it]Best trial: 295. Best value: 74.1036:  16%|█▌        | 311/2000 [22:33<3:39:00,  7.78s/it]Best trial: 295. Best value: 74.1036:  16%|█▌        | 312/2000 [22:33<2:54:44,  6.21s/it]                                                                                          Best trial: 295. Best value: 74.1036:  16%|█▌        | 312/2000 [22:33<2:54:44,  6.21s/it]Best trial: 295. Best value: 74.1036:  16%|█▌        | 312/2000 [22:33<2:54:44,  6.21s/it]Best trial: 295. Best value: 74.1036:  16%|█▌        | 313/2000 [22:33<2:15:32,  4.82s/it]                                                                                          Best trial: 295. Best value: 74.1036:  16%|█▌        | 313/2000 [22:33<2:15:32,  4.82s/it]Best trial: 295. Best value: 74.1036:  16%|█▌        | 313/2000 [22:33<2:15:32,  4.82s/it]                                                                                          Best trial: 295. Best value: 74.1036:  16%|█▌        | 314/2000 [22:33<2:15:27,  4.82s/it]Best trial: 295. Best value: 74.1036:  16%|█▌        | 314/2000 [22:33<2:15:27,  4.82s/it]Best trial: 295. Best value: 74.1036:  16%|█▌        | 315/2000 [22:33<1:24:10,  3.00s/it]                                                                                          Best trial: 295. Best value: 74.1036:  16%|█▌        | 315/2000 [22:34<1:24:10,  3.00s/it]Best trial: 295. Best value: 74.1036:  16%|█▌        | 315/2000 [22:34<1:24:10,  3.00s/it]Best trial: 295. Best value: 74.1036:  16%|█▌        | 316/2000 [22:34<1:06:38,  2.37s/it]                                                                                          Best trial: 295. Best value: 74.1036:  16%|█▌        | 316/2000 [22:34<1:06:38,  2.37s/it]Best trial: 295. Best value: 74.1036:  16%|█▌        | 316/2000 [22:34<1:06:38,  2.37s/it]                                                                                          Best trial: 295. Best value: 74.1036:  16%|█▌        | 317/2000 [22:34<1:06:36,  2.37s/it]Best trial: 295. Best value: 74.1036:  16%|█▌        | 317/2000 [22:34<1:06:36,  2.37s/it]                                                                                          Best trial: 295. Best value: 74.1036:  16%|█▌        | 318/2000 [22:34<1:06:33,  2.37s/it]Best trial: 295. Best value: 74.1036:  16%|█▌        | 318/2000 [22:34<1:06:33,  2.37s/it]Best trial: 295. Best value: 74.1036:  16%|█▌        | 319/2000 [22:34<34:53,  1.25s/it]                                                                                          Best trial: 295. Best value: 74.1036:  16%|█▌        | 319/2000 [22:34<34:53,  1.25s/it]Best trial: 295. Best value: 74.1036:  16%|█▌        | 319/2000 [22:34<34:53,  1.25s/it]Best trial: 295. Best value: 74.1036:  16%|█▌        | 320/2000 [22:50<34:52,  1.25s/it]                                                                                        Best trial: 295. Best value: 74.1036:  16%|█▌        | 320/2000 [23:16<34:52,  1.25s/it]Best trial: 295. Best value: 74.1036:  16%|█▌        | 320/2000 [23:16<34:52,  1.25s/it]Best trial: 295. Best value: 74.1036:  16%|█▌        | 321/2000 [23:16<3:32:31,  7.59s/it]                                                                                          Best trial: 295. Best value: 74.1036:  16%|█▌        | 321/2000 [23:17<3:32:31,  7.59s/it]Best trial: 295. Best value: 74.1036:  16%|█▌        | 321/2000 [23:17<3:32:31,  7.59s/it]Best trial: 295. Best value: 74.1036:  16%|█▌        | 322/2000 [23:17<2:53:58,  6.22s/it]                                                                                          Best trial: 295. Best value: 74.1036:  16%|█▌        | 322/2000 [23:17<2:53:58,  6.22s/it]Best trial: 295. Best value: 74.1036:  16%|█▌        | 322/2000 [23:17<2:53:58,  6.22s/it]                                                                                          Best trial: 295. Best value: 74.1036:  16%|█▌        | 323/2000 [23:17<2:53:52,  6.22s/it]Best trial: 295. Best value: 74.1036:  16%|█▌        | 323/2000 [23:17<2:53:52,  6.22s/it]Best trial: 295. Best value: 74.1036:  16%|█▌        | 324/2000 [23:17<1:54:22,  4.09s/it]                                                                                          [I 2026-04-01 11:27:14,257] Trial 308 finished with value: 144.01650357469936 and parameters: {'alpha_0': 16298.09736324596, 'alpha_1': 3172.535169443521, 'alpha_2': 24.45322521162587, 'beta_0': 0.30828749356080476, 'beta_1': 0.8562786339972858, 'beta_2': 1.9581716515225722, 'beta_3': 0.9974941341318178, 'beta_4': 107.89906447052249, 'beta_5': 136.76159142290123, 'beta_6': 1.2261309604387307}. Best is trial 295 with value: 74.10357450418728.
[I 2026-04-01 11:27:14,295] Trial 307 finished with value: 146.86865495062028 and parameters: {'alpha_0': 16260.893929190388, 'alpha_1': 2800.5653675631993, 'alpha_2': 15.302817354692005, 'beta_0': 0.31127015229777977, 'beta_1': 0.8338335480669122, 'beta_2': 2.0725773174444075, 'beta_3': 1.0426017832380146, 'beta_4': 109.1516391382713, 'beta_5': 138.26816688561928, 'beta_6': 7.691113080020539}. Best is trial 295 with value: 74.10357450418728.
[I 2026-04-01 11:27:14,564] Trial 309 finished with value: 82.2735905736933 and parameters: {'alpha_0': 16437.765504503623, 'alpha_1': 2750.0125611904314, 'alpha_2': 13.2375292257138, 'beta_0': 0.3063970007397601, 'beta_1': 0.8274752273192876, 'beta_2': 0.8088528233184733, 'beta_3': 1.0024040184748189, 'beta_4': 108.81524793111238, 'beta_5': 138.75810131697568, 'beta_6': 2.508614872857933}. Best is trial 295 with value: 74.10357450418728.
