Best trial: 15. Best value: 118.591:   1%|          | 18/2000 [01:30<57:55,  1.75s/it]Best trial: 15. Best value: 118.591:   1%|          | 18/2000 [01:30<57:55,  1.75s/it]Best trial: 15. Best value: 118.591:   1%|          | 19/2000 [01:30<44:23,  1.34s/it]                                                                                      Best trial: 15. Best value: 118.591:   1%|          | 19/2000 [01:31<44:23,  1.34s/it]Best trial: 15. Best value: 118.591:   1%|          | 19/2000 [01:31<44:23,  1.34s/it]Best trial: 15. Best value: 118.591:   1%|          | 20/2000 [01:31<39:40,  1.20s/it]                                                                                      Best trial: 15. Best value: 118.591:   1%|          | 20/2000 [02:12<39:40,  1.20s/it]                                                                                      Best trial: 15. Best value: 118.591:   1%|          | 20/2000 [02:12<39:40,  1.20s/it]Best trial: 25. Best value: 105.935:   1%|          | 20/2000 [02:12<39:40,  1.20s/it]Best trial: 25. Best value: 105.935:   1%|          | 21/2000 [02:12<6:38:58, 12.10s/it]Best trial: 25. Best value: 105.935:   1%|          | 21/2000 [02:12<6:38:58, 12.10s/it]                                                                                        Best trial: 25. Best value: 105.935:   1%|          | 22/2000 [02:12<6:38:46, 12.10s/it]Best trial: 25. Best value: 105.935:   1%|          | 22/2000 [02:12<6:38:46, 12.10s/it]                                                                                        Best trial: 25. Best value: 105.935:   1%|          | 23/2000 [02:12<6:38:34, 12.10s/it]Best trial: 26. Best value: 83.4797:   1%|          | 23/2000 [02:12<6:38:34, 12.10s/it]                                                                                        Best trial: 26. Best value: 83.4797:   1%|          | 24/2000 [02:12<6:38:22, 12.10s/it]Best trial: 28. Best value: 82.3386:   1%|          | 24/2000 [02:12<6:38:22, 12.10s/it]Best trial: 28. Best value: 82.3386:   1%|▏         | 25/2000 [02:12<2:34:49,  4.70s/it]                                                                                        Best trial: 28. Best value: 82.3386:   1%|▏         | 25/2000 [02:12<2:34:49,  4.70s/it]Best trial: 28. Best value: 82.3386:   1%|▏         | 25/2000 [02:12<2:34:49,  4.70s/it]Best trial: 28. Best value: 82.3386:   1%|▏         | 26/2000 [02:12<2:07:38,  3.88s/it]                                                                                        Best trial: 28. Best value: 82.3386:   1%|▏         | 26/2000 [02:12<2:07:38,  3.88s/it]Best trial: 28. Best value: 82.3386:   1%|▏         | 26/2000 [02:12<2:07:38,  3.88s/it]Best trial: 28. Best value: 82.3386:   1%|▏         | 27/2000 [02:12<1:42:36,  3.12s/it]                                                                                        Best trial: 28. Best value: 82.3386:   1%|▏         | 27/2000 [02:12<1:42:36,  3.12s/it]Best trial: 28. Best value: 82.3386:   1%|▏         | 27/2000 [02:12<1:42:36,  3.12s/it]                                                                                        Best trial: 28. Best value: 82.3386:   1%|▏         | 28/2000 [02:12<1:42:33,  3.12s/it]Best trial: 28. Best value: 82.3386:   1%|▏         | 28/2000 [02:12<1:42:33,  3.12s/it]Best trial: 28. Best value: 82.3386:   1%|▏         | 29/2000 [02:12<1:05:54,  2.01s/it]                                                                                        Best trial: 28. Best value: 82.3386:   1%|▏         | 29/2000 [02:13<1:05:54,  2.01s/it]Best trial: 28. Best value: 82.3386:   1%|▏         | 29/2000 [02:13<1:05:54,  2.01s/it]Best trial: 28. Best value: 82.3386:   2%|▏         | 30/2000 [02:13<54:42,  1.67s/it]                                                                                        Best trial: 28. Best value: 82.3386:   2%|▏         | 30/2000 [02:54<54:42,  1.67s/it]Best trial: 28. Best value: 82.3386:   2%|▏         | 30/2000 [02:54<54:42,  1.67s/it]Best trial: 28. Best value: 82.3386:   2%|▏         | 31/2000 [02:54<5:51:44, 10.72s/it]                                                                                        Best trial: 28. Best value: 82.3386:   2%|▏         | 31/2000 [02:54<5:51:44, 10.72s/it]Best trial: 28. Best value: 82.3386:   2%|▏         | 31/2000 [02:54<5:51:44, 10.72s/it]Best trial: 28. Best value: 82.3386:   2%|▏         | 32/2000 [02:54<4:26:58,  8.14s/it]                                                                                        Best trial: 28. Best value: 82.3386:   2%|▏         | 32/2000 [02:54<4:26:58,  8.14s/it]Best trial: 28. Best value: 82.3386:   2%|▏         | 32/2000 [02:54<4:26:58,  8.14s/it]                                                                                        Best trial: 28. Best value: 82.3386:   2%|▏         | 33/2000 [02:54<4:26:50,  8.14s/it]Best trial: 28. Best value: 82.3386:   2%|▏         | 33/2000 [02:54<4:26:50,  8.14s/it]                                                                                        Best trial: 28. Best value: 82.3386:   2%|▏         | 34/2000 [02:54<4:26:42,  8.14s/it]Best trial: 28. Best value: 82.3386:   2%|▏         | 34/2000 [02:54<4:26:42,  8.14s/it]Best trial: 28. Best value: 82.3386:   2%|▏         | 35/2000 [02:54<2:10:26,  3.98s/it]                                                                                        Best trial: 28. Best value: 82.3386:   2%|▏         | 35/2000 [02:54<2:10:26,  3.98s/it]Best trial: 28. Best value: 82.3386:   2%|▏         | 35/2000 [02:54<2:10:26,  3.98s/it]Best trial: 28. Best value: 82.3386:   2%|▏         | 36/2000 [02:54<1:45:33,  3.22s/it]                                                                                        [I 2026-04-01 11:06:51,620] Trial 16 finished with value: 1700.8063703346008 and parameters: {'alpha_0': 978.3108317813561, 'alpha_1': 2027.551681561024, 'alpha_2': 42.07318498832576, 'beta_0': 2.845084132713062, 'beta_1': 2.9215725144984903, 'beta_2': 1.9138444887380008, 'beta_3': 0.5890589570139346, 'beta_4': 157.78724265359688, 'beta_5': 371.47978177963586, 'beta_6': 345.89146533166263}. Best is trial 15 with value: 118.59088403873163.
[I 2026-04-01 11:06:52,435] Trial 18 finished with value: 1105.64403378819 and parameters: {'alpha_0': 5912.63798867895, 'alpha_1': 5388.376499628097, 'alpha_2': 38.03700455586242, 'beta_0': 1.9361783108916357, 'beta_1': 2.8692272293922696, 'beta_2': 2.565614535118417, 'beta_3': 1.552199847260298, 'beta_4': 198.25770583491905, 'beta_5': 93.83419925490588, 'beta_6': 196.7602433705794}. Best is trial 15 with value: 118.59088403873163.
[I 2026-04-01 11:07:32,862] Trial 25 finished with value: 105.93450429425911 and parameters: {'alpha_0': 7031.584177093202, 'alpha_1': 6166.938449849684, 'alpha_2': 49.09026384191712, 'beta_0': 0.22724270068381958, 'beta_1': 2.189282959193069, 'beta_2': 1.118428218553945, 'beta_3': 0.8591861966835748, 'beta_4': 154.35910018148888, 'beta_5': 209.49607033125417, 'beta_6': 270.98540718234426}. Best is trial 25 with value: 105.93450429425911.
[I 2026-04-01 11:07:32,867] Trial 20 finished with value: 368.8467680729897 and parameters: {'alpha_0': 13386.907866938234, 'alpha_1': 7401.120832828987, 'alpha_2': 33.07376377066118, 'beta_0': 0.8860819184542617, 'beta_1': 1.0811868814432661, 'beta_2': 0.5113986607265528, 'beta_3': 1.0765573417968142, 'beta_4': 199.42764715554802, 'beta_5': 208.86411161727122, 'beta_6': 296.86346987222356}. Best is trial 25 with value: 105.93450429425911.
[I 2026-04-01 11:07:32,892] Trial 23 finished with value: 239.8683729461192 and parameters: {'alpha_0': 9527.358359092772, 'alpha_1': 6730.279492165597, 'alpha_2': 2.145776501145569, 'beta_0': 0.7445758299962079, 'beta_1': 2.2601316054060105, 'beta_2': 0.3390212441707, 'beta_3': 0.8886750944910105, 'beta_4': 191.0252815168069, 'beta_5': 201.821205778617, 'beta_6': 267.1355251483903}. Best is trial 25 with value: 105.93450429425911.
[I 2026-04-01 11:07:32,944] Trial 26 finished with value: 83.47974309114858 and parameters: {'alpha_0': 7144.600873752346, 'alpha_1': 6090.109818021455, 'alpha_2': 39.18924184582411, 'beta_0': 0.24565594854349085, 'beta_1': 2.169008853117915, 'beta_2': 0.3569506413347172, 'beta_3': 0.9089497638436301, 'beta_4': 162.48168799525132, 'beta_5': 206.28526743631448, 'beta_6': 261.8094023259053}. Best is trial 26 with value: 83.47974309114858.
[I 2026-04-01 11:07:33,027] Trial 28 finished with value: 82.33862453040055 and parameters: {'alpha_0': 9294.70676514631, 'alpha_1': 6212.367993427675, 'alpha_2': 27.893009969016294, 'beta_0': 0.24789374472017298, 'beta_1': 2.144736563071862, 'beta_2': 0.34689993581268874, 'beta_3': 0.9215884587701257, 'beta_4': 161.27713594541842, 'beta_5': 213.86311400255673, 'beta_6': 297.31004582958536}. Best is trial 28 with value: 82.33862453040055.
[I 2026-04-01 11:07:33,165] Trial 21 finished with value: 457.6076780369539 and parameters: {'alpha_0': 10481.523666401, 'alpha_1': 7041.98198201346, 'alpha_2': 0.2826069026132281, 'beta_0': 0.7918659163431182, 'beta_1': 1.2566614716352649, 'beta_2': 2.947345851507345, 'beta_3': 1.0666424827856318, 'beta_4': 184.1017269990821, 'beta_5': 194.75284694530112, 'beta_6': 279.1278304334296}. Best is trial 28 with value: 82.33862453040055.
[I 2026-04-01 11:07:33,330] Trial 27 finished with value: 102.03736619542389 and parameters: {'alpha_0': 9097.531645704577, 'alpha_1': 6911.366308180806, 'alpha_2': 49.45410049004931, 'beta_0': 0.2101716029277949, 'beta_1': 2.0379559775066602, 'beta_2': 1.0338202101629312, 'beta_3': 0.8281286158664998, 'beta_4': 153.4249911593114, 'beta_5': 207.8169802666784, 'beta_6': 292.93212215938877}. Best is trial 28 with value: 82.33862453040055.
[I 2026-04-01 11:07:33,400] Trial 24 finished with value: 304.07472366602474 and parameters: {'alpha_0': 8752.183043176434, 'alpha_1': 6644.835291286577, 'alpha_2': 0.7996303050410043, 'beta_0': 0.779803594031599, 'beta_1': 2.1358533378623465, 'beta_2': 1.0561018663729975, 'beta_3': 1.974372280697631, 'beta_4': 193.20143822143754, 'beta_5': 196.37593932479535, 'beta_6': 250.6999792955229}. Best is trial 28 with value: 82.33862453040055.
[I 2026-04-01 11:07:33,525] Trial 22 finished with value: 299.4167772690412 and parameters: {'alpha_0': 11911.054863505522, 'alpha_1': 6889.591542704144, 'alpha_2': 0.565666906653302, 'beta_0': 0.7894253208665214, 'beta_1': 1.2946780772901694, 'beta_2': 0.3648481287755757, 'beta_3': 1.9938631406942904, 'beta_4': 199.14656887245013, 'beta_5': 207.89500988785522, 'beta_6': 498.69398374835754}. Best is trial 28 with value: 82.33862453040055.
[I 2026-04-01 11:07:33,902] Trial 29 finished with value: 127.57797610852978 and parameters: {'alpha_0': 11023.258311668167, 'alpha_1': 6524.772276667425, 'alpha_2': 27.532196273821945, 'beta_0': 0.3671403512796092, 'beta_1': 2.153523177880341, 'beta_2': 1.1051630332389841, 'beta_3': 0.8974586005988303, 'beta_4': 161.1022788111344, 'beta_5': 197.76078782619985, 'beta_6': 271.7214190447403}. Best is trial 28 with value: 82.33862453040055.
[I 2026-04-01 11:08:15,025] Trial 31 finished with value: 126.85995271114291 and parameters: {'alpha_0': 6530.950296855195, 'alpha_1': 6042.709587531655, 'alpha_2': 49.36937483084548, 'beta_0': 0.45081719437405865, 'beta_1': 2.065519521760268, 'beta_2': 1.1489190163439291, 'beta_3': 0.886234159273274, 'beta_4': 168.02310610232277, 'beta_5': 6.629490086283198, 'beta_6': 303.7878168547539}. Best is trial 28 with value: 82.33862453040055.
[I 2026-04-01 11:08:15,297] Trial 37 finished with value: 156.94116609197147 and parameters: {'alpha_0': 17916.415567325705, 'alpha_1': 6034.56473626965, 'alpha_2': 49.42393833040699, 'beta_0': 0.5011651280976965, 'beta_1': 1.7636365615459142, 'beta_2': 0.8018084449814439, 'beta_3': 0.7471007452059022, 'beta_4': 167.98883201108924, 'beta_5': 144.04445909253266, 'beta_6': 206.7706987874531}. Best is trial 28 with value: 82.33862453040055.
[I 2026-04-01 11:08:15,318] Trial 34 finished with value: 164.53746424622557 and parameters: {'alpha_0': 8277.573846137208, 'alpha_1': 6092.220417428151, 'alpha_2': 48.117313970986416, 'beta_0': 0.5114250931131205, 'beta_1': 1.9765574779992097, 'beta_2': 0.9173642826489968, 'beta_3': 0.8205025931534919, 'beta_4': 162.70205978727395, 'beta_5': 173.21755732871944, 'beta_6': 223.9019883129837}. Best is trial 28 with value: 82.33862453040055.
[I 2026-04-01 11:08:15,354] Trial 33 finished with value: 145.18853421628842 and parameters: {'alpha_0': 8635.24850396573, 'alpha_1': 6059.454406628998, 'alpha_2': 47.91577410084143, 'beta_0': 0.5082784630141152, 'beta_1': 2.002125448336524, 'beta_2': 0.8534824425255281, 'beta_3': 0.8568998916274719, 'beta_4': 162.53136300581866, 'beta_5': 193.63634141621299, 'beta_6': 228.55292735629115}. Best is trial 28 with value: 82.33862453040055.
[I 2026-04-01 11:08:15,459] Trial 32 finished with value: 137.432709816878 and parameters: {'alpha_0': 8355.161172540202, 'alpha_1': 6213.304142503041, 'alpha_2': 48.40554230657557, 'beta_0': 0.5027593588615179, 'beta_1': 2.0245211610196603, 'beta_2': 1.1519003635062481, 'beta_3': 0.8504730866308027, 'beta_4': 162.13343459081585, 'beta_5': 14.344115352458289, 'beta_6': 218.1066838464043}. Best is trial 28 with value: 82.33862453040055.
[I 2026-04-01 11:08:15,586] Trial 30 finished with value: 105.53657315657912 and parameters: {'alpha_0': 6671.932624108599, 'alpha_1': 6014.846086052204, 'alpha_2': 49.261708664155734, 'beta_0': 0.22861985714094582, 'beta_1': 1.9800683384243567, 'beta_2': 1.1433334286073142, 'beta_3': 0.8570160601414216, 'beta_4': 157.62457800516572, 'beta_5': 185.33976528826105, 'beta_6': 304.2882267018745}. Best is trial 28 with value: 82.33862453040055.
Best trial: 28. Best value: 82.3386:   2%|▏         | 36/2000 [02:55<1:45:33,  3.22s/it]Best trial: 28. Best value: 82.3386:   2%|▏         | 36/2000 [02:55<1:45:33,  3.22s/it]Best trial: 28. Best value: 82.3386:   2%|▏         | 37/2000 [02:55<1:24:52,  2.59s/it]                                                                                        Best trial: 28. Best value: 82.3386:   2%|▏         | 37/2000 [02:55<1:24:52,  2.59s/it]Best trial: 28. Best value: 82.3386:   2%|▏         | 37/2000 [02:55<1:24:52,  2.59s/it]                                                                                        Best trial: 28. Best value: 82.3386:   2%|▏         | 38/2000 [02:55<1:24:49,  2.59s/it]Best trial: 28. Best value: 82.3386:   2%|▏         | 38/2000 [02:55<1:24:49,  2.59s/it]                                                                                        Best trial: 28. Best value: 82.3386:   2%|▏         | 39/2000 [02:56<1:24:47,  2.59s/it]Best trial: 28. Best value: 82.3386:   2%|▏         | 39/2000 [02:56<1:24:47,  2.59s/it]Best trial: 28. Best value: 82.3386:   2%|▏         | 40/2000 [02:56<48:53,  1.50s/it]                                                                                        Best trial: 28. Best value: 82.3386:   2%|▏         | 40/2000 [03:35<48:53,  1.50s/it]Best trial: 28. Best value: 82.3386:   2%|▏         | 40/2000 [03:35<48:53,  1.50s/it]Best trial: 28. Best value: 82.3386:   2%|▏         | 41/2000 [03:35<4:43:42,  8.69s/it]                                                                                        Best trial: 28. Best value: 82.3386:   2%|▏         | 41/2000 [03:36<4:43:42,  8.69s/it]Best trial: 28. Best value: 82.3386:   2%|▏         | 41/2000 [03:36<4:43:42,  8.69s/it]Best trial: 28. Best value: 82.3386:   2%|▏         | 42/2000 [03:36<3:46:55,  6.95s/it]                                                                                        Best trial: 28. Best value: 82.3386:   2%|▏         | 42/2000 [03:36<3:46:55,  6.95s/it]Best trial: 28. Best value: 82.3386:   2%|▏         | 42/2000 [03:36<3:46:55,  6.95s/it]Best trial: 28. Best value: 82.3386:   2%|▏         | 43/2000 [03:36<2:55:57,  5.39s/it]                                                                                        Best trial: 28. Best value: 82.3386:   2%|▏         | 43/2000 [03:36<2:55:57,  5.39s/it]Best trial: 28. Best value: 82.3386:   2%|▏         | 43/2000 [03:36<2:55:57,  5.39s/it]Best trial: 28. Best value: 82.3386:   2%|▏         | 44/2000 [03:36<2:14:30,  4.13s/it]                                                                                        Best trial: 28. Best value: 82.3386:   2%|▏         | 44/2000 [03:36<2:14:30,  4.13s/it]Best trial: 28. Best value: 82.3386:   2%|▏         | 44/2000 [03:36<2:14:30,  4.13s/it]                                                                                        Best trial: 28. Best value: 82.3386:   2%|▏         | 45/2000 [03:37<2:14:26,  4.13s/it]Best trial: 28. Best value: 82.3386:   2%|▏         | 45/2000 [03:37<2:14:26,  4.13s/it]Best trial: 28. Best value: 82.3386:   2%|▏         | 46/2000 [03:37<1:20:02,  2.46s/it]                                                                                        Best trial: 28. Best value: 82.3386:   2%|▏         | 46/2000 [03:37<1:20:02,  2.46s/it]Best trial: 28. Best value: 82.3386:   2%|▏         | 46/2000 [03:37<1:20:02,  2.46s/it]Best trial: 28. Best value: 82.3386:   2%|▏         | 47/2000 [03:37<1:04:41,  1.99s/it]                                                                                        Best trial: 28. Best value: 82.3386:   2%|▏         | 47/2000 [03:37<1:04:41,  1.99s/it]Best trial: 28. Best value: 82.3386:   2%|▏         | 47/2000 [03:37<1:04:41,  1.99s/it]                                                                                        Best trial: 28. Best value: 82.3386:   2%|▏         | 48/2000 [03:37<1:04:39,  1.99s/it]Best trial: 28. Best value: 82.3386:   2%|▏         | 48/2000 [03:37<1:04:39,  1.99s/it]Best trial: 28. Best value: 82.3386:   2%|▏         | 49/2000 [03:37<39:48,  1.22s/it]                                                                                        Best trial: 28. Best value: 82.3386:   2%|▏         | 49/2000 [03:37<39:48,  1.22s/it]Best trial: 28. Best value: 82.3386:   2%|▏         | 49/2000 [03:37<39:48,  1.22s/it]Best trial: 28. Best value: 82.3386:   2%|▎         | 50/2000 [03:37<33:20,  1.03s/it]                                                                                      Best trial: 28. Best value: 82.3386:   2%|▎         | 50/2000 [04:17<33:20,  1.03s/it]Best trial: 28. Best value: 82.3386:   2%|▎         | 50/2000 [04:17<33:20,  1.03s/it]Best trial: 28. Best value: 82.3386:   3%|▎         | 51/2000 [04:17<5:36:21, 10.35s/it]                                                                                        Best trial: 28. Best value: 82.3386:   3%|▎         | 51/2000 [04:18<5:36:21, 10.35s/it]Best trial: 28. Best value: 82.3386:   3%|▎         | 51/2000 [04:18<5:36:21, 10.35s/it]Best trial: 28. Best value: 82.3386:   3%|▎         | 52/2000 [04:18<4:11:57,  7.76s/it]                                                                                        Best trial: 28. Best value: 82.3386:   3%|▎         | 52/2000 [04:18<4:11:57,  7.76s/it]Best trial: 28. Best value: 82.3386:   3%|▎         | 52/2000 [04:18<4:11:57,  7.76s/it]Best trial: 28. Best value: 82.3386:   3%|▎         | 53/2000 [04:18<3:08:24,  5.81s/it]                                                                                        Best trial: 28. Best value: 82.3386:   3%|▎         | 53/2000 [04:18<3:08:24,  5.81s/it]Best trial: 28. Best value: 82.3386:   3%|▎         | 53/2000 [04:18<3:08:24,  5.81s/it]Best trial: 28. Best value: 82.3386:   3%|▎         | 54/2000 [04:18<2:18:22,  4.27s/it]                                                                                        [I 2026-04-01 11:08:15,935] Trial 39 finished with value: 169.9358782034553 and parameters: {'alpha_0': 4302.928497544987, 'alpha_1': 4013.455039386532, 'alpha_2': 45.8786490557376, 'beta_0': 0.5542957294045003, 'beta_1': 1.8339963204559824, 'beta_2': 0.7709991848025235, 'beta_3': 0.78732023755159, 'beta_4': 173.91075702518154, 'beta_5': 162.8590963898546, 'beta_6': 208.1476935434811}. Best is trial 28 with value: 82.33862453040055.
[I 2026-04-01 11:08:15,967] Trial 38 finished with value: 144.37943547205356 and parameters: {'alpha_0': 4276.259995690258, 'alpha_1': 3570.530565489654, 'alpha_2': 28.333815142767225, 'beta_0': 0.5123606523866532, 'beta_1': 1.8146143268781372, 'beta_2': 0.7625524961530827, 'beta_3': 0.7910464307700668, 'beta_4': 171.97470720388796, 'beta_5': 176.51860630310037, 'beta_6': 219.5568982206353}. Best is trial 28 with value: 82.33862453040055.
[I 2026-04-01 11:08:16,000] Trial 35 finished with value: 132.25800756100762 and parameters: {'alpha_0': 6619.3492565438055, 'alpha_1': 6024.171647005594, 'alpha_2': 49.98442894034325, 'beta_0': 0.4737591119053238, 'beta_1': 2.0780147062101384, 'beta_2': 0.8979467073408784, 'beta_3': 0.8006674986232923, 'beta_4': 154.31316700143174, 'beta_5': 170.7609437229743, 'beta_6': 231.91272387085414}. Best is trial 28 with value: 82.33862453040055.
[I 2026-04-01 11:08:16,922] Trial 36 finished with value: 202.735941056238 and parameters: {'alpha_0': 18011.957663636815, 'alpha_1': 3890.060365806499, 'alpha_2': 49.76767322170136, 'beta_0': 0.5325884676246443, 'beta_1': 1.922238091671704, 'beta_2': 0.8990937065617739, 'beta_3': 0.7898560776966252, 'beta_4': 165.22914727545145, 'beta_5': 313.68877100442415, 'beta_6': 220.3531916489497}. Best is trial 28 with value: 82.33862453040055.
