[I 2026-04-01 11:38:56,232] Trial 474 finished with value: 125.85383485504357 and parameters: {'alpha_0': 40737.02524960933, 'alpha_1': 1967.31164681212, 'alpha_2': 19.177380602290736, 'beta_0': 0.28930932215690675, 'beta_1': 0.7951944937274101, 'beta_2': 0.8503092749515255, 'beta_3': 0.9569825315729813, 'beta_4': 86.39135624275771, 'beta_5': 144.1976619142496, 'beta_6': 99.67704616834605}. Best is trial 341 with value: 73.80326667868428.
[I 2026-04-01 11:38:56,259] Trial 471 finished with value: 82.62854351772775 and parameters: {'alpha_0': 17392.00121974665, 'alpha_1': 1859.755257199131, 'alpha_2': 24.82280833874874, 'beta_0': 0.30449363902399595, 'beta_1': 0.7941155637150921, 'beta_2': 0.8475368754442156, 'beta_3': 1.012833090241313, 'beta_4': 108.11168440635309, 'beta_5': 177.7993416170221, 'beta_6': 101.14532932367888}. Best is trial 341 with value: 73.80326667868428.
[I 2026-04-01 11:38:56,425] Trial 473 finished with value: 83.90842939524796 and parameters: {'alpha_0': 17182.599273825523, 'alpha_1': 504.37789949794376, 'alpha_2': 24.764027900633412, 'beta_0': 0.2942574365176309, 'beta_1': 0.8111619386209088, 'beta_2': 1.1590378475345127, 'beta_3': 0.8336296704012843, 'beta_4': 86.73696193703675, 'beta_5': 146.2915880068444, 'beta_6': 49.06140797506527}. Best is trial 341 with value: 73.80326667868428.
[I 2026-04-01 11:38:56,592] Trial 472 finished with value: 79.7149541614093 and parameters: {'alpha_0': 17268.95990794873, 'alpha_1': 1847.8182633791132, 'alpha_2': 24.786649430013117, 'beta_0': 0.29187191830773995, 'beta_1': 0.8373308788361125, 'beta_2': 0.8384161094968087, 'beta_3': 1.0224301307880912, 'beta_4': 108.0068354220959, 'beta_5': 178.16212932164305, 'beta_6': 65.77721732519531}. Best is trial 341 with value: 73.80326667868428.
[I 2026-04-01 11:38:56,600] Trial 478 finished with value: 79.17743614300366 and parameters: {'alpha_0': 17337.65779694691, 'alpha_1': 1022.6974122516183, 'alpha_2': 16.898265219592105, 'beta_0': 0.2539018626117836, 'beta_1': 0.6895612704110168, 'beta_2': 1.162159579743823, 'beta_3': 0.8972223463615051, 'beta_4': 85.92011051997828, 'beta_5': 145.44898716708443, 'beta_6': 51.18111797833161}. Best is trial 341 with value: 73.80326667868428.
[I 2026-04-01 11:38:56,963] Trial 476 finished with value: 78.0267534743893 and parameters: {'alpha_0': 17442.420682316308, 'alpha_1': 1078.2326045987218, 'alpha_2': 24.876481679224412, 'beta_0': 0.2586236375743881, 'beta_1': 0.7900808912607198, 'beta_2': 1.096728789891026, 'beta_3': 0.9501268192989707, 'beta_4': 46.56706230466769, 'beta_5': 144.99003948902836, 'beta_6': 168.0230533142873}. Best is trial 341 with value: 73.80326667868428.
[I 2026-04-01 11:38:57,227] Trial 477 finished with value: 91.29533701333318 and parameters: {'alpha_0': 17313.95769670441, 'alpha_1': 1070.9728710410952, 'alpha_2': 17.09589284736052, 'beta_0': 0.2594214484438518, 'beta_1': 0.6880440008288323, 'beta_2': 1.0665284769443348, 'beta_3': 0.9634116615842447, 'beta_4': 125.11638018494908, 'beta_5': 144.96314481566117, 'beta_6': 53.10383108254389}. Best is trial 341 with value: 73.80326667868428.
[I 2026-04-01 11:38:57,273] Trial 475 finished with value: 92.75496478124849 and parameters: {'alpha_0': 17289.2308313326, 'alpha_1': 540.4470817145492, 'alpha_2': 19.137920113210303, 'beta_0': 0.28606273454433423, 'beta_1': 0.7911077782317443, 'beta_2': 1.1394187644083305, 'beta_3': 0.9574076729286985, 'beta_4': 109.59212184968274, 'beta_5': 177.79468906866748, 'beta_6': 48.844497746697066}. Best is trial 341 with value: 73.80326667868428.
[I 2026-04-01 11:38:59,214] Trial 479 finished with value: 1284.1827541889647 and parameters: {'alpha_0': 14795.60130465951, 'alpha_1': 1080.8782414496243, 'alpha_2': 24.895105877900573, 'beta_0': 2.6500125563185506, 'beta_1': 0.6992449726668298, 'beta_2': 1.0286461472369082, 'beta_3': 0.9517772385048022, 'beta_4': 86.02208035960761, 'beta_5': 147.93066373005405, 'beta_6': 50.716789348163445}. Best is trial 341 with value: 73.80326667868428.
[I 2026-04-01 11:39:41,273] Trial 480 finished with value: 79.7686990332706 and parameters: {'alpha_0': 15233.973227722205, 'alpha_1': 1072.3413010880931, 'alpha_2': 25.025476372180734, 'beta_0': 0.24774309334671935, 'beta_1': 0.6830241886301807, 'beta_2': 1.084381600007263, 'beta_3': 0.9599182039775533, 'beta_4': 108.57382796100748, 'beta_5': 144.6477763152766, 'beta_6': 82.04061099723404}. Best is trial 341 with value: 73.80326667868428.
[I 2026-04-01 11:39:42,261] Trial 483 finished with value: 79.59764986018567 and parameters: {'alpha_0': 14889.562009811838, 'alpha_1': 1110.242806877543, 'alpha_2': 17.048140071506424, 'beta_0': 0.24247889811544637, 'beta_1': 0.7682159646014006, 'beta_2': 1.0575780798890908, 'beta_3': 1.0889795543455936, 'beta_4': 109.01785257275107, 'beta_5': 132.7938544018719, 'beta_6': 80.21372877678726}. Best is trial 341 with value: 73.80326667868428.
[I 2026-04-01 11:39:42,305] Trial 482 finished with value: 100.56428235564675 and parameters: {'alpha_0': 15301.212692267583, 'alpha_1': 1122.0656119437144, 'alpha_2': 24.95399189436454, 'beta_0': 0.24091247335018962, 'beta_1': 0.6887758629258619, 'beta_2': 1.097539092979271, 'beta_3': 1.0920020628052765, 'beta_4': 109.02475047871245, 'beta_5': 314.93633675164926, 'beta_6': 52.52186836128325}. Best is trial 341 with value: 73.80326667868428.
[I 2026-04-01 11:39:42,392] Trial 484 finished with value: 75.82349184025495 and parameters: {'alpha_0': 14940.237061053464, 'alpha_1': 1040.0119351476583, 'alpha_2': 23.809469701787652, 'beta_0': 0.20206221821931353, 'beta_1': 0.6884418853960845, 'beta_2': 1.0833367891885626, 'beta_3': 1.0810735301351033, 'beta_4': 105.22859123181277, 'beta_5': 131.97450088621483, 'beta_6': 77.93207340637875}. Best is trial 341 with value: 73.80326667868428.
[I 2026-04-01 11:39:42,487] Trial 487 finished with value: 76.47306743390777 and parameters: {'alpha_0': 15146.99334634524, 'alpha_1': 2095.1388635049225, 'alpha_2': 24.107979931492395, 'beta_0': 0.20111142205173294, 'beta_1': 0.7066169859033284, 'beta_2': 1.0241392372041278, 'beta_3': 1.086762950333349, 'beta_4': 110.10046188046981, 'beta_5': 133.9074359603655, 'beta_6': 128.5283382550449}. Best is trial 341 with value: 73.80326667868428.
[I 2026-04-01 11:39:42,503] Trial 485 finished with value: 86.2865576098615 and parameters: {'alpha_0': 14840.353641693364, 'alpha_1': 1073.3620974387923, 'alpha_2': 30.517275233767442, 'beta_0': 0.24570360888623058, 'beta_1': 0.6905344494224247, 'beta_2': 1.3474930771996032, 'beta_3': 1.7927557964879839, 'beta_4': 106.10611331786659, 'beta_5': 127.53719308892009, 'beta_6': 80.36048882068039}. Best is trial 341 with value: 73.80326667868428.
Best trial: 341. Best value: 73.8033:  24%|██▍       | 486/2000 [34:21<1:36:04,  3.81s/it]Best trial: 341. Best value: 73.8033:  24%|██▍       | 486/2000 [34:21<1:36:04,  3.81s/it]Best trial: 341. Best value: 73.8033:  24%|██▍       | 487/2000 [34:21<59:31,  2.36s/it]                                                                                          Best trial: 341. Best value: 73.8033:  24%|██▍       | 487/2000 [34:21<59:31,  2.36s/it]                                                                                        Best trial: 341. Best value: 73.8033:  24%|██▍       | 487/2000 [34:21<59:31,  2.36s/it]Best trial: 341. Best value: 73.8033:  24%|██▍       | 487/2000 [34:21<59:31,  2.36s/it]Best trial: 341. Best value: 73.8033:  24%|██▍       | 488/2000 [34:21<59:29,  2.36s/it]                                                                                        Best trial: 341. Best value: 73.8033:  24%|██▍       | 489/2000 [34:23<59:26,  2.36s/it]Best trial: 341. Best value: 73.8033:  24%|██▍       | 489/2000 [34:23<59:26,  2.36s/it]Best trial: 341. Best value: 73.8033:  24%|██▍       | 490/2000 [34:23<38:09,  1.52s/it]                                                                                        Best trial: 341. Best value: 73.8033:  24%|██▍       | 490/2000 [35:03<38:09,  1.52s/it]Best trial: 341. Best value: 73.8033:  24%|██▍       | 490/2000 [35:03<38:09,  1.52s/it]Best trial: 341. Best value: 73.8033:  25%|██▍       | 491/2000 [35:03<3:29:21,  8.32s/it]                                                                                          Best trial: 341. Best value: 73.8033:  25%|██▍       | 491/2000 [35:03<3:29:21,  8.32s/it]Best trial: 341. Best value: 73.8033:  25%|██▍       | 491/2000 [35:03<3:29:21,  8.32s/it]Best trial: 341. Best value: 73.8033:  25%|██▍       | 492/2000 [35:03<2:47:57,  6.68s/it]                                                                                          Best trial: 341. Best value: 73.8033:  25%|██▍       | 492/2000 [35:03<2:47:57,  6.68s/it]Best trial: 341. Best value: 73.8033:  25%|██▍       | 492/2000 [35:03<2:47:57,  6.68s/it]Best trial: 341. Best value: 73.8033:  25%|██▍       | 493/2000 [35:03<2:11:27,  5.23s/it]                                                                                          Best trial: 341. Best value: 73.8033:  25%|██▍       | 493/2000 [35:03<2:11:27,  5.23s/it]Best trial: 341. Best value: 73.8033:  25%|██▍       | 493/2000 [35:03<2:11:27,  5.23s/it]Best trial: 341. Best value: 73.8033:  25%|██▍       | 494/2000 [35:03<1:40:37,  4.01s/it]                                                                                          Best trial: 341. Best value: 73.8033:  25%|██▍       | 494/2000 [35:03<1:40:37,  4.01s/it]Best trial: 341. Best value: 73.8033:  25%|██▍       | 494/2000 [35:03<1:40:37,  4.01s/it]                                                                                          Best trial: 341. Best value: 73.8033:  25%|██▍       | 495/2000 [35:03<1:40:33,  4.01s/it]Best trial: 341. Best value: 73.8033:  25%|██▍       | 495/2000 [35:03<1:40:33,  4.01s/it]                                                                                          Best trial: 341. Best value: 73.8033:  25%|██▍       | 496/2000 [35:03<1:40:29,  4.01s/it]                                                                                          Best trial: 341. Best value: 73.8033:  25%|██▍       | 496/2000 [35:03<1:40:29,  4.01s/it]Best trial: 341. Best value: 73.8033:  25%|██▍       | 496/2000 [35:03<1:40:29,  4.01s/it]Best trial: 341. Best value: 73.8033:  25%|██▍       | 497/2000 [35:03<50:09,  2.00s/it]  Best trial: 341. Best value: 73.8033:  25%|██▍       | 497/2000 [35:03<50:09,  2.00s/it]                                                                                        Best trial: 341. Best value: 73.8033:  25%|██▍       | 498/2000 [35:04<50:07,  2.00s/it]Best trial: 341. Best value: 73.8033:  25%|██▍       | 498/2000 [35:04<50:07,  2.00s/it]Best trial: 341. Best value: 73.8033:  25%|██▍       | 499/2000 [35:04<35:09,  1.41s/it]                                                                                        Best trial: 341. Best value: 73.8033:  25%|██▍       | 499/2000 [35:04<35:09,  1.41s/it]Best trial: 341. Best value: 73.8033:  25%|██▍       | 499/2000 [35:04<35:09,  1.41s/it]                                                                                        Best trial: 341. Best value: 73.8033:  25%|██▌       | 500/2000 [35:45<35:08,  1.41s/it]Best trial: 341. Best value: 73.8033:  25%|██▌       | 500/2000 [35:45<35:08,  1.41s/it]Best trial: 341. Best value: 73.8033:  25%|██▌       | 501/2000 [35:45<3:06:51,  7.48s/it]                                                                                          Best trial: 341. Best value: 73.8033:  25%|██▌       | 501/2000 [35:45<3:06:51,  7.48s/it]Best trial: 341. Best value: 73.8033:  25%|██▌       | 501/2000 [35:45<3:06:51,  7.48s/it]Best trial: 341. Best value: 73.8033:  25%|██▌       | 502/2000 [35:45<2:33:06,  6.13s/it]                                                                                          Best trial: 341. Best value: 73.8033:  25%|██▌       | 502/2000 [35:45<2:33:06,  6.13s/it]Best trial: 341. Best value: 73.8033:  25%|██▌       | 502/2000 [35:45<2:33:06,  6.13s/it]                                                                                          Best trial: 341. Best value: 73.8033:  25%|██▌       | 503/2000 [35:45<2:33:00,  6.13s/it]Best trial: 341. Best value: 73.8033:  25%|██▌       | 503/2000 [35:45<2:33:00,  6.13s/it]Best trial: 341. Best value: 73.8033:  25%|██▌       | 504/2000 [35:45<1:41:44,  4.08s/it]                                                                                          [I 2026-04-01 11:39:42,700] Trial 486 finished with value: 76.86163539461153 and parameters: {'alpha_0': 14789.86986336649, 'alpha_1': 1111.2130667280792, 'alpha_2': 23.859904180180095, 'beta_0': 0.20036016643750965, 'beta_1': 0.6998476030577696, 'beta_2': 0.8820156977580694, 'beta_3': 1.0860340727701434, 'beta_4': 125.78447835781822, 'beta_5': 129.28344793596415, 'beta_6': 78.928110818984}. Best is trial 341 with value: 73.80326667868428.
[I 2026-04-01 11:39:42,747] Trial 488 finished with value: 97.7625120491879 and parameters: {'alpha_0': 14869.642802255834, 'alpha_1': 2583.3393272175067, 'alpha_2': 21.111503050016562, 'beta_0': 0.2023975047269496, 'beta_1': 0.6940958869597418, 'beta_2': 1.6642160172593476, 'beta_3': 1.0851459554798017, 'beta_4': 105.51047978179686, 'beta_5': 129.96500203700344, 'beta_6': 84.5912105061217}. Best is trial 341 with value: 73.80326667868428.
[I 2026-04-01 11:39:42,748] Trial 481 finished with value: 538.6892719851576 and parameters: {'alpha_0': 15032.927521311716, 'alpha_1': 1143.30779505396, 'alpha_2': 24.623161829537565, 'beta_0': 1.2455735776329475, 'beta_1': 0.6925762078498349, 'beta_2': 1.0734190255120617, 'beta_3': 0.8342525375035958, 'beta_4': 108.30477048870775, 'beta_5': 146.72439648713322, 'beta_6': 83.8093721882484}. Best is trial 341 with value: 73.80326667868428.
[I 2026-04-01 11:39:44,218] Trial 489 finished with value: 80.26921240576971 and parameters: {'alpha_0': 19032.174861634292, 'alpha_1': 2110.0586724919153, 'alpha_2': 23.776855686762453, 'beta_0': 0.23500459184458392, 'beta_1': 0.5802286188982795, 'beta_2': 0.6744868227770124, 'beta_3': 1.0697433983198175, 'beta_4': 100.19568438391639, 'beta_5': 128.02532834169193, 'beta_6': 83.07026009960033}. Best is trial 341 with value: 73.80326667868428.
[I 2026-04-01 11:40:23,938] Trial 490 finished with value: 78.78416599662638 and parameters: {'alpha_0': 19072.425070608017, 'alpha_1': 2082.6297931207187, 'alpha_2': 23.81916576053188, 'beta_0': 0.23943853239887727, 'beta_1': 0.5942450113129966, 'beta_2': 1.0229488077945041, 'beta_3': 1.0808174760515115, 'beta_4': 105.2060499057166, 'beta_5': 131.41769635789467, 'beta_6': 118.00151979070863}. Best is trial 341 with value: 73.80326667868428.
[I 2026-04-01 11:40:24,172] Trial 491 finished with value: 74.51349184363029 and parameters: {'alpha_0': 18876.26683346413, 'alpha_1': 2597.1897201561555, 'alpha_2': 23.80492814635019, 'beta_0': 0.20489894521066343, 'beta_1': 0.5673738791212648, 'beta_2': 0.8778308452232583, 'beta_3': 1.0816261505377942, 'beta_4': 99.9438985910958, 'beta_5': 157.87710853288152, 'beta_6': 0.5152836996910057}. Best is trial 341 with value: 73.80326667868428.
[I 2026-04-01 11:40:24,407] Trial 492 finished with value: 78.8055286081703 and parameters: {'alpha_0': 18828.66894676691, 'alpha_1': 2633.553253898729, 'alpha_2': 23.716338772874245, 'beta_0': 0.24062808401803978, 'beta_1': 0.5848852741122292, 'beta_2': 0.9060501753826351, 'beta_3': 1.0927703514122635, 'beta_4': 100.2935750077503, 'beta_5': 159.2840084015643, 'beta_6': 130.61359924102044}. Best is trial 341 with value: 73.80326667868428.
[I 2026-04-01 11:40:24,604] Trial 495 finished with value: 75.22521270268435 and parameters: {'alpha_0': 19073.646727823852, 'alpha_1': 1988.4238849919243, 'alpha_2': 21.345015643100208, 'beta_0': 0.20401712982324302, 'beta_1': 0.5845776470299198, 'beta_2': 0.8841898658101972, 'beta_3': 0.8902135564565432, 'beta_4': 100.12787049022694, 'beta_5': 156.6576937298099, 'beta_6': 0.9176326600201907}. Best is trial 341 with value: 73.80326667868428.
[I 2026-04-01 11:40:24,632] Trial 493 finished with value: 77.02203192575976 and parameters: {'alpha_0': 19243.340403724276, 'alpha_1': 2146.443376069766, 'alpha_2': 30.271080337804676, 'beta_0': 0.2087892834329293, 'beta_1': 1.3135279115536713, 'beta_2': 0.8898964615462952, 'beta_3': 1.0865041046639576, 'beta_4': 100.16007107534341, 'beta_5': 157.79528575816823, 'beta_6': 86.4152581311702}. Best is trial 341 with value: 73.80326667868428.
[I 2026-04-01 11:40:24,686] Trial 497 finished with value: 76.2066219166859 and parameters: {'alpha_0': 19345.194943384497, 'alpha_1': 2107.8903141637334, 'alpha_2': 14.479082176871234, 'beta_0': 0.20329184990755225, 'beta_1': 0.7478100292538014, 'beta_2': 0.7968446140328218, 'beta_3': 0.8916534851983793, 'beta_4': 99.45022006105457, 'beta_5': 160.67233659707253, 'beta_6': 0.9076407767746635}. Best is trial 341 with value: 73.80326667868428.
[I 2026-04-01 11:40:24,815] Trial 496 finished with value: 80.42929667819368 and parameters: {'alpha_0': 19037.303105016323, 'alpha_1': 2048.162199009348, 'alpha_2': 20.879388968618727, 'beta_0': 0.24736690482710616, 'beta_1': 0.5920663983722249, 'beta_2': 0.8027650822117385, 'beta_3': 0.8913561421545497, 'beta_4': 100.10764534457101, 'beta_5': 157.49840164025386, 'beta_6': 119.71034574186871}. Best is trial 341 with value: 73.80326667868428.
[I 2026-04-01 11:40:24,823] Trial 494 finished with value: 76.11129515973491 and parameters: {'alpha_0': 19156.86150676436, 'alpha_1': 2153.0795197450398, 'alpha_2': 21.183461273403292, 'beta_0': 0.2011272195204855, 'beta_1': 0.5843761987947924, 'beta_2': 0.8823285913674183, 'beta_3': 1.0825550429362247, 'beta_4': 100.770431644436, 'beta_5': 157.45118510750717, 'beta_6': 116.63980993427872}. Best is trial 341 with value: 73.80326667868428.
[I 2026-04-01 11:40:25,184] Trial 498 finished with value: 78.92844401982761 and parameters: {'alpha_0': 17916.606027179238, 'alpha_1': 2219.605156284712, 'alpha_2': 21.09929894395926, 'beta_0': 0.24667234165300628, 'beta_1': 0.5652409511113455, 'beta_2': 0.6717558014463991, 'beta_3': 0.89721852716793, 'beta_4': 100.15066019280292, 'beta_5': 159.95039830533804, 'beta_6': 66.95448136101766}. Best is trial 341 with value: 73.80326667868428.
[I 2026-04-01 11:40:25,223] Trial 499 finished with value: 74.63153254262478 and parameters: {'alpha_0': 18721.082803168658, 'alpha_1': 712.5298285303188, 'alpha_2': 20.922371529863337, 'beta_0': 0.2000557324555345, 'beta_1': 0.5765691971986645, 'beta_2': 0.8845964989817585, 'beta_3': 0.8935423389577178, 'beta_4': 99.25227510671343, 'beta_5': 156.83366222576467, 'beta_6': 68.68619004800611}. Best is trial 341 with value: 73.80326667868428.
[I 2026-04-01 11:41:06,148] Trial 500 finished with value: 77.19474132694663 and parameters: {'alpha_0': 18964.20577174612, 'alpha_1': 771.3482034646122, 'alpha_2': 28.277845934093833, 'beta_0': 0.20218616295492814, 'beta_1': 1.342269942714068, 'beta_2': 0.7973246882183658, 'beta_3': 0.9150665224928041, 'beta_4': 99.40281162423814, 'beta_5': 156.73213520867023, 'beta_6': 68.49513828054158}. Best is trial 341 with value: 73.80326667868428.
[I 2026-04-01 11:41:06,358] Trial 501 finished with value: 76.05478953679892 and parameters: {'alpha_0': 19107.46820980383, 'alpha_1': 2845.2615558349817, 'alpha_2': 26.41251529183061, 'beta_0': 0.20164931531427413, 'beta_1': 0.592173673244526, 'beta_2': 0.7994390163437529, 'beta_3': 0.8864757178324628, 'beta_4': 99.71521070396844, 'beta_5': 157.57202686182416, 'beta_6': 65.58615921413838}. Best is trial 341 with value: 73.80326667868428.
[I 2026-04-01 11:41:06,413] Trial 503 finished with value: 77.60322095232522 and parameters: {'alpha_0': 20715.213078595094, 'alpha_1': 2862.48408857325, 'alpha_2': 26.35933675402753, 'beta_0': 0.20114146299647956, 'beta_1': 0.5396757226577612, 'beta_2': 0.8061219206058873, 'beta_3': 0.8764702444631743, 'beta_4': 100.03771943141783, 'beta_5': 192.05986282532174, 'beta_6': 4.193651698417954}. Best is trial 341 with value: 73.80326667868428.
[I 2026-04-01 11:41:06,769] Trial 504 finished with value: 123.47637453033482 and parameters: {'alpha_0': 21186.863336156137, 'alpha_1': 2584.9420917001958, 'alpha_2': 26.358013131381618, 'beta_0': 0.4610047259048584, 'beta_1': 0.5197194789750224, 'beta_2': 0.8068892085132623, 'beta_3': 0.8954537464922852, 'beta_4': 99.80792151622339, 'beta_5': 188.55541376683095, 'beta_6': 5.866991607631881}. Best is trial 341 with value: 73.80326667868428.
