[I 2026-04-01 12:06:43,021] Trial 848 finished with value: 71.87210838672198 and parameters: {'alpha_0': 15200.947276861141, 'alpha_1': 525.9342503676108, 'alpha_2': 48.66642605970557, 'beta_0': 0.20250874231626945, 'beta_1': 1.4588847682903876, 'beta_2': 1.4500066353309469, 'beta_3': 0.5603795175356001, 'beta_4': 52.902743273221915, 'beta_5': 18.111082277764496, 'beta_6': 154.96143986127203}. Best is trial 848 with value: 71.87210838672198.
[I 2026-04-01 12:07:25,229] Trial 850 finished with value: 86.2574009437799 and parameters: {'alpha_0': 1319.2913761234304, 'alpha_1': 621.9319720915804, 'alpha_2': 48.9670661937023, 'beta_0': 0.20089583304640693, 'beta_1': 1.4565770912824938, 'beta_2': 1.4806338259154315, 'beta_3': 0.5855130195787637, 'beta_4': 60.07930117962756, 'beta_5': 88.70367899923446, 'beta_6': 161.17156795358036}. Best is trial 848 with value: 71.87210838672198.
[I 2026-04-01 12:07:25,398] Trial 856 finished with value: 77.3592970944695 and parameters: {'alpha_0': 9387.463724132129, 'alpha_1': 614.2654162202713, 'alpha_2': 48.27281135143685, 'beta_0': 0.2979452655097839, 'beta_1': 1.4521657245616197, 'beta_2': 1.4957400180805742, 'beta_3': 0.01563699272282866, 'beta_4': 23.240298350488008, 'beta_5': 70.3147993762419, 'beta_6': 172.88098095681917}. Best is trial 848 with value: 71.87210838672198.
[I 2026-04-01 12:07:25,514] Trial 859 finished with value: 83.91861819536385 and parameters: {'alpha_0': 9868.355563125431, 'alpha_1': 605.3172703822154, 'alpha_2': 48.47315814400831, 'beta_0': 0.43559808421793444, 'beta_1': 1.4771159571812804, 'beta_2': 1.5103356053973347, 'beta_3': 0.02909559872053106, 'beta_4': 29.976408295956823, 'beta_5': 5.732163745327682, 'beta_6': 158.11024144329505}. Best is trial 848 with value: 71.87210838672198.
[I 2026-04-01 12:07:25,695] Trial 858 finished with value: 113.0400490297378 and parameters: {'alpha_0': 11504.708437799134, 'alpha_1': 602.7336893695583, 'alpha_2': 49.27726377627681, 'beta_0': 0.4779908832501964, 'beta_1': 1.484634593391512, 'beta_2': 1.5108729909420773, 'beta_3': 0.12903267251766518, 'beta_4': 59.629804942973806, 'beta_5': 5.750280520487739, 'beta_6': 159.00173418935168}. Best is trial 848 with value: 71.87210838672198.
[I 2026-04-01 12:07:25,959] Trial 851 finished with value: 73.56918794649204 and parameters: {'alpha_0': 14928.43436737225, 'alpha_1': 621.068292081911, 'alpha_2': 48.45216929962, 'beta_0': 0.2549847688064915, 'beta_1': 1.5944316097403477, 'beta_2': 1.4789514158003727, 'beta_3': 0.5505363822085038, 'beta_4': 53.24222841440374, 'beta_5': 20.321085072355174, 'beta_6': 161.02602943545452}. Best is trial 848 with value: 71.87210838672198.
[I 2026-04-01 12:07:26,059] Trial 854 finished with value: 119.2091241950775 and parameters: {'alpha_0': 12352.564621242333, 'alpha_1': 637.5979380406613, 'alpha_2': 47.693831720586566, 'beta_0': 0.4723979773571157, 'beta_1': 1.8328816267661991, 'beta_2': 1.2383080448644403, 'beta_3': 0.5188940437529919, 'beta_4': 60.325496610546864, 'beta_5': 8.353526480864225, 'beta_6': 143.61469914016462}. Best is trial 848 with value: 71.87210838672198.
[I 2026-04-01 12:07:26,064] Trial 853 finished with value: 109.82527024856418 and parameters: {'alpha_0': 15193.332249583353, 'alpha_1': 623.5134902666784, 'alpha_2': 48.16684317619395, 'beta_0': 0.4484175982435682, 'beta_1': 1.5734709072698676, 'beta_2': 1.473421753956484, 'beta_3': 0.5738199057341814, 'beta_4': 60.021722949048666, 'beta_5': 0.8464375931578338, 'beta_6': 157.16066134261146}. Best is trial 848 with value: 71.87210838672198.
[I 2026-04-01 12:07:26,272] Trial 852 finished with value: 74.12475762598149 and parameters: {'alpha_0': 15082.6664913096, 'alpha_1': 646.1757065632885, 'alpha_2': 47.176328772253, 'beta_0': 0.20104197225613707, 'beta_1': 1.5976128939261085, 'beta_2': 1.255940792644898, 'beta_3': 0.0055791401406831975, 'beta_4': 60.46785015510774, 'beta_5': 91.62387186629795, 'beta_6': 159.70976854333628}. Best is trial 848 with value: 71.87210838672198.
[I 2026-04-01 12:07:26,506] Trial 857 finished with value: 77.6141952598424 and parameters: {'alpha_0': 8765.465433434709, 'alpha_1': 595.5641857203716, 'alpha_2': 48.81484971678423, 'beta_0': 0.20056190935707055, 'beta_1': 1.4781081977332322, 'beta_2': 1.6738481855627172, 'beta_3': 0.32522373764862356, 'beta_4': 59.850082394395336, 'beta_5': 69.69068171128008, 'beta_6': 158.09672816532316}. Best is trial 848 with value: 71.87210838672198.
[I 2026-04-01 12:07:26,764] Trial 855 finished with value: 107.85025581846722 and parameters: {'alpha_0': 9214.376285656112, 'alpha_1': 600.4739242383404, 'alpha_2': 48.23123451412372, 'beta_0': 0.4758759137405619, 'beta_1': 1.5756013870563712, 'beta_2': 1.490164531751272, 'beta_3': 0.30550081577231153, 'beta_4': 63.38205065297928, 'beta_5': 6.557238430771832, 'beta_6': 154.8834097295957}. Best is trial 848 with value: 71.87210838672198.
[I 2026-04-01 12:08:08,483] Trial 860 finished with value: 75.85316159243568 and parameters: {'alpha_0': 9752.402506576644, 'alpha_1': 601.8378254958994, 'alpha_2': 48.41903088955202, 'beta_0': 0.30463312344747223, 'beta_1': 1.4850026986442628, 'beta_2': 1.5012890298689876, 'beta_3': 0.0345602764059279, 'beta_4': 31.79654666241051, 'beta_5': 11.994170687572954, 'beta_6': 158.888049033612}. Best is trial 848 with value: 71.87210838672198.
[I 2026-04-01 12:08:08,533] Trial 861 finished with value: 75.80256928210602 and parameters: {'alpha_0': 9046.876138140327, 'alpha_1': 567.5915343419296, 'alpha_2': 47.76114467432535, 'beta_0': 0.2967592583712352, 'beta_1': 1.578610427739673, 'beta_2': 1.5606265455101083, 'beta_3': 0.11566474248275796, 'beta_4': 55.58850807804339, 'beta_5': 11.635003154394727, 'beta_6': 157.35859911013807}. Best is trial 848 with value: 71.87210838672198.
[I 2026-04-01 12:08:08,607] Trial 862 finished with value: 75.63243890209462 and parameters: {'alpha_0': 8358.478229858867, 'alpha_1': 238.35433674718774, 'alpha_2': 47.24891129422345, 'beta_0': 0.2993490964373654, 'beta_1': 1.3997340667407057, 'beta_2': 1.5847388080886986, 'beta_3': 0.5286341447586107, 'beta_4': 55.25294377689258, 'beta_5': 12.51862982552203, 'beta_6': 143.84261365502365}. Best is trial 848 with value: 71.87210838672198.
[I 2026-04-01 12:08:08,797] Trial 863 finished with value: 75.05311788444293 and parameters: {'alpha_0': 8504.128639894567, 'alpha_1': 249.6016153734577, 'alpha_2': 47.68271839928226, 'beta_0': 0.29448056704447867, 'beta_1': 1.4018376601706821, 'beta_2': 1.4771094469487154, 'beta_3': 0.5212063178015274, 'beta_4': 55.15533419245993, 'beta_5': 16.41414507628768, 'beta_6': 145.12173412221887}. Best is trial 848 with value: 71.87210838672198.
Best trial: 848. Best value: 71.8721:  43%|████▎     | 864/2000 [1:02:48<1:37:39,  5.16s/it]Best trial: 848. Best value: 71.8721:  43%|████▎     | 864/2000 [1:02:48<1:37:39,  5.16s/it]Best trial: 848. Best value: 71.8721:  43%|████▎     | 865/2000 [1:02:48<1:14:10,  3.92s/it]                                                                                            Best trial: 848. Best value: 71.8721:  43%|████▎     | 865/2000 [1:02:48<1:14:10,  3.92s/it]Best trial: 848. Best value: 71.8721:  43%|████▎     | 865/2000 [1:02:48<1:14:10,  3.92s/it]Best trial: 848. Best value: 71.8721:  43%|████▎     | 866/2000 [1:02:48<55:02,  2.91s/it]                                                                                            Best trial: 848. Best value: 71.8721:  43%|████▎     | 866/2000 [1:02:48<55:02,  2.91s/it]Best trial: 848. Best value: 71.8721:  43%|████▎     | 866/2000 [1:02:48<55:02,  2.91s/it]                                                                                          Best trial: 848. Best value: 71.8721:  43%|████▎     | 867/2000 [1:02:48<54:59,  2.91s/it]Best trial: 848. Best value: 71.8721:  43%|████▎     | 867/2000 [1:02:48<54:59,  2.91s/it]                                                                                          Best trial: 848. Best value: 71.8721:  43%|████▎     | 868/2000 [1:02:48<54:57,  2.91s/it]Best trial: 848. Best value: 71.8721:  43%|████▎     | 868/2000 [1:02:48<54:57,  2.91s/it]Best trial: 848. Best value: 71.8721:  43%|████▎     | 869/2000 [1:02:48<26:50,  1.42s/it]                                                                                          Best trial: 848. Best value: 71.8721:  43%|████▎     | 869/2000 [1:02:48<26:50,  1.42s/it]Best trial: 848. Best value: 71.8721:  43%|████▎     | 869/2000 [1:02:48<26:50,  1.42s/it]                                                                                          Best trial: 848. Best value: 71.8721:  44%|████▎     | 870/2000 [1:03:29<26:48,  1.42s/it]Best trial: 848. Best value: 71.8721:  44%|████▎     | 870/2000 [1:03:29<26:48,  1.42s/it]Best trial: 848. Best value: 71.8721:  44%|████▎     | 871/2000 [1:03:29<2:26:15,  7.77s/it]                                                                                            Best trial: 848. Best value: 71.8721:  44%|████▎     | 871/2000 [1:03:29<2:26:15,  7.77s/it]Best trial: 848. Best value: 71.8721:  44%|████▎     | 871/2000 [1:03:29<2:26:15,  7.77s/it]Best trial: 848. Best value: 71.8721:  44%|████▎     | 872/2000 [1:03:29<1:58:36,  6.31s/it]                                                                                            Best trial: 848. Best value: 71.8721:  44%|████▎     | 872/2000 [1:03:29<1:58:36,  6.31s/it]Best trial: 848. Best value: 71.8721:  44%|████▎     | 872/2000 [1:03:29<1:58:36,  6.31s/it]Best trial: 848. Best value: 71.8721:  44%|████▎     | 873/2000 [1:03:29<1:33:16,  4.97s/it]                                                                                            Best trial: 848. Best value: 71.8721:  44%|████▎     | 873/2000 [1:03:29<1:33:16,  4.97s/it]Best trial: 848. Best value: 71.8721:  44%|████▎     | 873/2000 [1:03:29<1:33:16,  4.97s/it]                                                                                            Best trial: 848. Best value: 71.8721:  44%|████▎     | 874/2000 [1:03:29<1:33:11,  4.97s/it]                                                                                            Best trial: 848. Best value: 71.8721:  44%|████▎     | 874/2000 [1:03:29<1:33:11,  4.97s/it]Best trial: 848. Best value: 71.8721:  44%|████▎     | 874/2000 [1:03:29<1:33:11,  4.97s/it]Best trial: 848. Best value: 71.8721:  44%|████▍     | 875/2000 [1:03:29<57:58,  3.09s/it]  Best trial: 848. Best value: 71.8721:  44%|████▍     | 875/2000 [1:03:29<57:58,  3.09s/it]                                                                                          Best trial: 848. Best value: 71.8721:  44%|████▍     | 876/2000 [1:03:29<57:54,  3.09s/it]Best trial: 848. Best value: 71.8721:  44%|████▍     | 876/2000 [1:03:29<57:54,  3.09s/it]Best trial: 848. Best value: 71.8721:  44%|████▍     | 877/2000 [1:03:29<37:47,  2.02s/it]                                                                                          Best trial: 848. Best value: 71.8721:  44%|████▍     | 877/2000 [1:03:29<37:47,  2.02s/it]Best trial: 848. Best value: 71.8721:  44%|████▍     | 877/2000 [1:03:29<37:47,  2.02s/it]                                                                                          Best trial: 848. Best value: 71.8721:  44%|████▍     | 878/2000 [1:03:29<37:45,  2.02s/it]                                                                                          Best trial: 848. Best value: 71.8721:  44%|████▍     | 878/2000 [1:03:29<37:45,  2.02s/it]Best trial: 848. Best value: 71.8721:  44%|████▍     | 878/2000 [1:03:29<37:45,  2.02s/it]Best trial: 848. Best value: 71.8721:  44%|████▍     | 879/2000 [1:03:29<25:26,  1.36s/it]Best trial: 848. Best value: 71.8721:  44%|████▍     | 879/2000 [1:03:29<25:26,  1.36s/it]Best trial: 848. Best value: 71.8721:  44%|████▍     | 880/2000 [1:03:41<25:25,  1.36s/it]                                                                                          Best trial: 848. Best value: 71.8721:  44%|████▍     | 880/2000 [1:04:16<25:25,  1.36s/it]Best trial: 848. Best value: 71.8721:  44%|████▍     | 880/2000 [1:04:16<25:25,  1.36s/it]Best trial: 848. Best value: 71.8721:  44%|████▍     | 881/2000 [1:04:16<2:38:28,  8.50s/it]                                                                                            Best trial: 848. Best value: 71.8721:  44%|████▍     | 881/2000 [1:04:16<2:38:28,  8.50s/it]Best trial: 848. Best value: 71.8721:  44%|████▍     | 881/2000 [1:04:16<2:38:28,  8.50s/it]                                                                                            [I 2026-04-01 12:08:09,044] Trial 865 finished with value: 81.5183364055838 and parameters: {'alpha_0': 4040.55192424137, 'alpha_1': 469.8529034850615, 'alpha_2': 47.15046778153313, 'beta_0': 0.3203729926436558, 'beta_1': 1.3999698996631573, 'beta_2': 1.426078172844743, 'beta_3': 0.5289377019278225, 'beta_4': 54.14835688910954, 'beta_5': 18.784603962242254, 'beta_6': 169.53668484981492}. Best is trial 848 with value: 71.87210838672198.
[I 2026-04-01 12:08:09,148] Trial 868 finished with value: 82.14455422217063 and parameters: {'alpha_0': 12035.288975994707, 'alpha_1': 224.3414352386877, 'alpha_2': 47.2212739143386, 'beta_0': 0.3271573404441063, 'beta_1': 1.402166851097789, 'beta_2': 1.4474013848700962, 'beta_3': 0.46049947788329937, 'beta_4': 55.792187619238206, 'beta_5': 8.761614283694682, 'beta_6': 145.13136879850734}. Best is trial 848 with value: 71.87210838672198.
[I 2026-04-01 12:08:09,164] Trial 867 finished with value: 75.60561233824396 and parameters: {'alpha_0': 12291.991140746202, 'alpha_1': 196.8989693765888, 'alpha_2': 49.7857376703955, 'beta_0': 0.3071441517258626, 'beta_1': 1.3955123718574958, 'beta_2': 1.620287676662137, 'beta_3': 0.5263045033311033, 'beta_4': 54.84828234638766, 'beta_5': 19.62731528199549, 'beta_6': 171.86364823197246}. Best is trial 848 with value: 71.87210838672198.
[I 2026-04-01 12:08:09,197] Trial 864 finished with value: 75.68938658708845 and parameters: {'alpha_0': 8905.60140773441, 'alpha_1': 253.2148534721091, 'alpha_2': 47.56440170735081, 'beta_0': 0.3125206879649987, 'beta_1': 1.5872162384471573, 'beta_2': 1.511661514789465, 'beta_3': 0.5278012317340469, 'beta_4': 55.87124555121791, 'beta_5': 22.32952191122873, 'beta_6': 143.47751855943903}. Best is trial 848 with value: 71.87210838672198.
[I 2026-04-01 12:08:09,479] Trial 866 finished with value: 346.0510261289871 and parameters: {'alpha_0': 3360.903425596114, 'alpha_1': 260.36741797918245, 'alpha_2': 49.76287667903697, 'beta_0': 0.9598239614074883, 'beta_1': 1.407166346539636, 'beta_2': 1.6933509918133434, 'beta_3': 0.5137537255514741, 'beta_4': 54.373733498989104, 'beta_5': 20.1141089147582, 'beta_6': 173.50165316694506}. Best is trial 848 with value: 71.87210838672198.
[I 2026-04-01 12:08:09,528] Trial 869 finished with value: 74.6905722083497 and parameters: {'alpha_0': 11396.503333619188, 'alpha_1': 256.8695827912937, 'alpha_2': 49.98041920268312, 'beta_0': 0.3173820878850966, 'beta_1': 1.3868838721403807, 'beta_2': 1.579234359399665, 'beta_3': 0.6099647841221298, 'beta_4': 53.33297442422444, 'beta_5': 28.652845929926542, 'beta_6': 171.38438267955974}. Best is trial 848 with value: 71.87210838672198.
[I 2026-04-01 12:08:50,124] Trial 874 finished with value: 73.91497729851994 and parameters: {'alpha_0': 11718.41948812922, 'alpha_1': 238.12454919847644, 'alpha_2': 49.49719187626726, 'beta_0': 0.25299158911067465, 'beta_1': 1.5346513768900802, 'beta_2': 1.3319413031585157, 'beta_3': 0.6093359619618985, 'beta_4': 54.17897202740138, 'beta_5': 19.655660820389173, 'beta_6': 175.0955753231617}. Best is trial 848 with value: 71.87210838672198.
[I 2026-04-01 12:08:50,334] Trial 875 finished with value: 256.0536837914146 and parameters: {'alpha_0': 47422.972262686206, 'alpha_1': 395.1688929963366, 'alpha_2': 49.85757428487065, 'beta_0': 0.6743901206664236, 'beta_1': 1.524112695553297, 'beta_2': 1.3279066725489468, 'beta_3': 0.5870818681555487, 'beta_4': 48.54242858400853, 'beta_5': 30.120708675660687, 'beta_6': 169.36411550208558}. Best is trial 848 with value: 71.87210838672198.
[I 2026-04-01 12:08:50,441] Trial 870 finished with value: 75.8177921711791 and parameters: {'alpha_0': 11711.71755138496, 'alpha_1': 243.27441621740303, 'alpha_2': 49.98333269356249, 'beta_0': 0.29752193724625103, 'beta_1': 1.4101913092040197, 'beta_2': 1.3400241022535406, 'beta_3': 0.5098859035490672, 'beta_4': 55.020805359042676, 'beta_5': 23.1799448472826, 'beta_6': 170.976005192543}. Best is trial 848 with value: 71.87210838672198.
[I 2026-04-01 12:08:50,480] Trial 872 finished with value: 83.66354221582827 and parameters: {'alpha_0': 11799.481805799278, 'alpha_1': 259.7093009045961, 'alpha_2': 49.995374081978966, 'beta_0': 0.34526522933622084, 'beta_1': 1.4103749982299716, 'beta_2': 1.4508357513798251, 'beta_3': 0.51840912870106, 'beta_4': 51.597361653851976, 'beta_5': 35.923933831801, 'beta_6': 172.53239023634436}. Best is trial 848 with value: 71.87210838672198.
[I 2026-04-01 12:08:50,545] Trial 871 finished with value: 79.93247932167316 and parameters: {'alpha_0': 11520.632852318684, 'alpha_1': 258.6665059917285, 'alpha_2': 49.810552318842056, 'beta_0': 0.33351957794452225, 'beta_1': 1.4117406825879475, 'beta_2': 1.5779160962762004, 'beta_3': 0.5346451187732035, 'beta_4': 51.99926692974847, 'beta_5': 16.447551834742693, 'beta_6': 175.0024775746283}. Best is trial 848 with value: 71.87210838672198.
[I 2026-04-01 12:08:50,564] Trial 878 finished with value: 73.66353658072032 and parameters: {'alpha_0': 14218.776698059639, 'alpha_1': 431.76624871367915, 'alpha_2': 48.65001246855651, 'beta_0': 0.2554585790048181, 'beta_1': 1.519014015357024, 'beta_2': 1.3584628768035856, 'beta_3': 0.43325340090843806, 'beta_4': 50.55840287236178, 'beta_5': 24.778005285877096, 'beta_6': 174.06489606943373}. Best is trial 848 with value: 71.87210838672198.
[I 2026-04-01 12:08:50,645] Trial 873 finished with value: 143.60393961534453 and parameters: {'alpha_0': 46849.176278383515, 'alpha_1': 206.52025076067218, 'alpha_2': 49.67212568578198, 'beta_0': 0.3500636124864442, 'beta_1': 1.3942913078221828, 'beta_2': 1.3375796247402345, 'beta_3': 0.46234111632733405, 'beta_4': 51.73392525554458, 'beta_5': 17.69734986788484, 'beta_6': 172.08237711374434}. Best is trial 848 with value: 71.87210838672198.
[I 2026-04-01 12:08:50,686] Trial 876 finished with value: 89.82704140316996 and parameters: {'alpha_0': 11371.164059831623, 'alpha_1': 370.9872313728925, 'alpha_2': 48.02585310391651, 'beta_0': 0.37423967441257305, 'beta_1': 1.5194629434833384, 'beta_2': 1.351280788092978, 'beta_3': 0.5873959945215323, 'beta_4': 51.190372920130585, 'beta_5': 32.30773438303992, 'beta_6': 174.49558976734073}. Best is trial 848 with value: 71.87210838672198.
[I 2026-04-01 12:08:50,754] Trial 877 finished with value: 73.63972629805315 and parameters: {'alpha_0': 11388.773222936608, 'alpha_1': 405.12227960897616, 'alpha_2': 49.989476263207585, 'beta_0': 0.25366365468463714, 'beta_1': 1.8925472509502443, 'beta_2': 1.3359707670059477, 'beta_3': 0.6086622852908364, 'beta_4': 49.39157152095718, 'beta_5': 77.07842124062287, 'beta_6': 170.9462147001364}. Best is trial 848 with value: 71.87210838672198.
[I 2026-04-01 12:08:50,754] Trial 879 finished with value: 73.57875614127666 and parameters: {'alpha_0': 14346.122270209056, 'alpha_1': 439.5009841433206, 'alpha_2': 49.003029564974355, 'beta_0': 0.25460281257226763, 'beta_1': 1.5262136332968548, 'beta_2': 1.3431759345190888, 'beta_3': 0.44779720691369057, 'beta_4': 49.99755609570068, 'beta_5': 31.40491544294984, 'beta_6': 171.87047113761466}. Best is trial 848 with value: 71.87210838672198.
[I 2026-04-01 12:09:37,580] Trial 880 finished with value: 74.50197536548544 and parameters: {'alpha_0': 14482.05291619594, 'alpha_1': 439.5031130211745, 'alpha_2': 39.98947020897021, 'beta_0': 0.2513841746714485, 'beta_1': 1.5246469324822447, 'beta_2': 1.3833456343029593, 'beta_3': 0.4591693604497826, 'beta_4': 48.1338152057373, 'beta_5': 33.13103723996025, 'beta_6': 217.8782175065599}. Best is trial 848 with value: 71.87210838672198.
[I 2026-04-01 12:09:37,606] Trial 881 finished with value: 121.10653107891906 and parameters: {'alpha_0': 41641.38688656804, 'alpha_1': 452.46312264662026, 'alpha_2': 39.95471738073091, 'beta_0': 0.25069891042384396, 'beta_1': 1.4796464051946447, 'beta_2': 1.3592908548177072, 'beta_3': 0.5650942197036548, 'beta_4': 50.241421264994, 'beta_5': 34.2003074322127, 'beta_6': 146.7086157746992}. Best is trial 848 with value: 71.87210838672198.
