Best trial: 341. Best value: 73.8033:  25%|██▌       | 504/2000 [35:45<1:41:44,  4.08s/it]Best trial: 341. Best value: 73.8033:  25%|██▌       | 504/2000 [35:45<1:41:44,  4.08s/it]                                                                                          Best trial: 341. Best value: 73.8033:  25%|██▌       | 505/2000 [35:46<1:41:40,  4.08s/it]Best trial: 341. Best value: 73.8033:  25%|██▌       | 505/2000 [35:46<1:41:40,  4.08s/it]Best trial: 341. Best value: 73.8033:  25%|██▌       | 506/2000 [35:46<1:08:32,  2.75s/it]                                                                                          Best trial: 341. Best value: 73.8033:  25%|██▌       | 506/2000 [35:46<1:08:32,  2.75s/it]Best trial: 341. Best value: 73.8033:  25%|██▌       | 506/2000 [35:46<1:08:32,  2.75s/it]Best trial: 341. Best value: 73.8033:  25%|██▌       | 507/2000 [35:46<56:11,  2.26s/it]                                                                                          Best trial: 341. Best value: 73.8033:  25%|██▌       | 507/2000 [35:46<56:11,  2.26s/it]Best trial: 341. Best value: 73.8033:  25%|██▌       | 507/2000 [35:46<56:11,  2.26s/it]                                                                                        Best trial: 341. Best value: 73.8033:  25%|██▌       | 508/2000 [35:46<56:09,  2.26s/it]Best trial: 341. Best value: 73.8033:  25%|██▌       | 508/2000 [35:46<56:09,  2.26s/it]Best trial: 341. Best value: 73.8033:  25%|██▌       | 509/2000 [35:46<37:08,  1.49s/it]                                                                                        Best trial: 341. Best value: 73.8033:  25%|██▌       | 509/2000 [35:46<37:08,  1.49s/it]Best trial: 341. Best value: 73.8033:  25%|██▌       | 509/2000 [35:46<37:08,  1.49s/it]                                                                                        Best trial: 341. Best value: 73.8033:  26%|██▌       | 510/2000 [36:27<37:06,  1.49s/it]Best trial: 341. Best value: 73.8033:  26%|██▌       | 510/2000 [36:27<37:06,  1.49s/it]Best trial: 341. Best value: 73.8033:  26%|██▌       | 511/2000 [36:27<3:16:10,  7.90s/it]                                                                                          Best trial: 341. Best value: 73.8033:  26%|██▌       | 511/2000 [36:27<3:16:10,  7.90s/it]Best trial: 341. Best value: 73.8033:  26%|██▌       | 511/2000 [36:27<3:16:10,  7.90s/it]                                                                                          Best trial: 341. Best value: 73.8033:  26%|██▌       | 512/2000 [36:27<3:16:02,  7.90s/it]Best trial: 341. Best value: 73.8033:  26%|██▌       | 512/2000 [36:27<3:16:02,  7.90s/it]                                                                                          Best trial: 341. Best value: 73.8033:  26%|██▌       | 513/2000 [36:27<3:15:54,  7.90s/it]Best trial: 341. Best value: 73.8033:  26%|██▌       | 513/2000 [36:27<3:15:54,  7.90s/it]Best trial: 341. Best value: 73.8033:  26%|██▌       | 514/2000 [36:27<1:54:31,  4.62s/it]                                                                                          Best trial: 341. Best value: 73.8033:  26%|██▌       | 514/2000 [36:27<1:54:31,  4.62s/it]                                                                                          Best trial: 341. Best value: 73.8033:  26%|██▌       | 514/2000 [36:27<1:54:31,  4.62s/it]Best trial: 341. Best value: 73.8033:  26%|██▌       | 514/2000 [36:27<1:54:31,  4.62s/it]Best trial: 341. Best value: 73.8033:  26%|██▌       | 515/2000 [36:27<1:54:27,  4.62s/it]                                                                                          Best trial: 341. Best value: 73.8033:  26%|██▌       | 516/2000 [36:27<1:54:22,  4.62s/it]                                                                                          Best trial: 341. Best value: 73.8033:  26%|██▌       | 516/2000 [36:28<1:54:22,  4.62s/it]                                                                                          Best trial: 341. Best value: 73.8033:  26%|██▌       | 516/2000 [36:28<1:54:22,  4.62s/it]Best trial: 341. Best value: 73.8033:  26%|██▌       | 516/2000 [36:28<1:54:22,  4.62s/it]Best trial: 341. Best value: 73.8033:  26%|██▌       | 517/2000 [36:28<1:12:14,  2.92s/it]Best trial: 341. Best value: 73.8033:  26%|██▌       | 517/2000 [36:28<1:12:14,  2.92s/it]Best trial: 341. Best value: 73.8033:  26%|██▌       | 518/2000 [36:28<1:12:11,  2.92s/it]                                                                                          Best trial: 341. Best value: 73.8033:  26%|██▌       | 519/2000 [36:28<1:12:08,  2.92s/it]Best trial: 341. Best value: 73.8033:  26%|██▌       | 519/2000 [36:28<1:12:08,  2.92s/it]Best trial: 341. Best value: 73.8033:  26%|██▌       | 520/2000 [36:28<47:47,  1.94s/it]  Best trial: 341. Best value: 73.8033:  26%|██▌       | 520/2000 [36:40<47:47,  1.94s/it]                                                                                        Best trial: 341. Best value: 73.8033:  26%|██▌       | 520/2000 [37:12<47:47,  1.94s/it]Best trial: 341. Best value: 73.8033:  26%|██▌       | 520/2000 [37:12<47:47,  1.94s/it]Best trial: 341. Best value: 73.8033:  26%|██▌       | 521/2000 [37:12<3:15:45,  7.94s/it]                                                                                          Best trial: 341. Best value: 73.8033:  26%|██▌       | 521/2000 [37:12<3:15:45,  7.94s/it]Best trial: 341. Best value: 73.8033:  26%|██▌       | 521/2000 [37:12<3:15:45,  7.94s/it]                                                                                          [I 2026-04-01 11:41:06,808] Trial 508 finished with value: 112.38537858895322 and parameters: {'alpha_0': 20567.609450850377, 'alpha_1': 2623.914764735132, 'alpha_2': 28.167410408473184, 'beta_0': 0.45997777496217457, 'beta_1': 0.44437933493487003, 'beta_2': 0.7728725389199256, 'beta_3': 0.8350697781993319, 'beta_4': 103.18588534069053, 'beta_5': 6.476116214820564, 'beta_6': 0.04986805146484663}. Best is trial 341 with value: 73.80326667868428.
[I 2026-04-01 11:41:06,883] Trial 505 finished with value: 110.86480596210134 and parameters: {'alpha_0': 33249.82543809642, 'alpha_1': 2735.5299293613084, 'alpha_2': 26.340976655496604, 'beta_0': 0.28444023038422045, 'beta_1': 0.564747548046655, 'beta_2': 0.7926580725445855, 'beta_3': 0.7779862394481569, 'beta_4': 91.80294105363103, 'beta_5': 190.04559922451944, 'beta_6': 4.477355220554344}. Best is trial 341 with value: 73.80326667868428.
[I 2026-04-01 11:41:07,064] Trial 502 finished with value: 74.79313146019467 and parameters: {'alpha_0': 18509.22299819487, 'alpha_1': 2809.9644499101464, 'alpha_2': 28.23142305773656, 'beta_0': 0.20203150948982385, 'beta_1': 0.5674111956975324, 'beta_2': 0.8004666543694543, 'beta_3': 0.9158509685380328, 'beta_4': 91.0955362322045, 'beta_5': 159.69944837534888, 'beta_6': 65.61903280980484}. Best is trial 341 with value: 73.80326667868428.
[I 2026-04-01 11:41:07,135] Trial 506 finished with value: 127.16778450913071 and parameters: {'alpha_0': 20855.996381627574, 'alpha_1': 2773.041875274305, 'alpha_2': 28.11239621345462, 'beta_0': 0.4650183740303681, 'beta_1': 0.5174975365211573, 'beta_2': 0.7858117822306543, 'beta_3': 0.8534397585045728, 'beta_4': 90.78470164041173, 'beta_5': 189.22866364530583, 'beta_6': 0.5310797846191697}. Best is trial 341 with value: 73.80326667868428.
[I 2026-04-01 11:41:07,260] Trial 507 finished with value: 128.31136980620732 and parameters: {'alpha_0': 21244.930855038598, 'alpha_1': 2702.146710051901, 'alpha_2': 26.53114630925505, 'beta_0': 0.46638373239717795, 'beta_1': 0.542756975027129, 'beta_2': 0.7783048521721633, 'beta_3': 0.8649274630951834, 'beta_4': 91.31924575129062, 'beta_5': 193.70833028157904, 'beta_6': 0.07086859868930162}. Best is trial 341 with value: 73.80326667868428.
[I 2026-04-01 11:41:07,286] Trial 509 finished with value: 403.7525240296851 and parameters: {'alpha_0': 22142.287081198498, 'alpha_1': 2782.866375729515, 'alpha_2': 28.366092003184537, 'beta_0': 1.076377479401662, 'beta_1': 0.6376468798036485, 'beta_2': 0.7843909331760339, 'beta_3': 0.787681325225886, 'beta_4': 91.57624254495155, 'beta_5': 183.2815201575362, 'beta_6': 13.86975975962459}. Best is trial 341 with value: 73.80326667868428.
[I 2026-04-01 11:41:48,475] Trial 514 finished with value: 105.87541665581156 and parameters: {'alpha_0': 20716.018765697965, 'alpha_1': 2362.1579646192213, 'alpha_2': 20.118964509533733, 'beta_0': 0.31876314979338477, 'beta_1': 0.376796785676064, 'beta_2': 0.9355037574689651, 'beta_3': 0.8103118348433626, 'beta_4': 2.429592204925811, 'beta_5': 141.9489210617217, 'beta_6': 13.53914801165752}. Best is trial 341 with value: 73.80326667868428.
[I 2026-04-01 11:41:48,528] Trial 513 finished with value: 86.35671756947522 and parameters: {'alpha_0': 18266.548618099245, 'alpha_1': 2430.9918313361004, 'alpha_2': 28.321227335903934, 'beta_0': 0.3156678483989027, 'beta_1': 0.43693703427952574, 'beta_2': 0.9331419782871739, 'beta_3': 0.7891553027378773, 'beta_4': 90.94824765928443, 'beta_5': 179.0563231709817, 'beta_6': 10.72013286488785}. Best is trial 341 with value: 73.80326667868428.
[I 2026-04-01 11:41:48,543] Trial 512 finished with value: 122.49475657155227 and parameters: {'alpha_0': 21924.13874887567, 'alpha_1': 2557.8632346834743, 'alpha_2': 19.922703994084255, 'beta_0': 0.46626508037034864, 'beta_1': 0.5665515115657586, 'beta_2': 0.9407084712672483, 'beta_3': 0.8300231634814593, 'beta_4': 91.91297416392759, 'beta_5': 180.13702958251415, 'beta_6': 443.964539383291}. Best is trial 341 with value: 73.80326667868428.
[I 2026-04-01 11:41:48,605] Trial 510 finished with value: 129.06324910089918 and parameters: {'alpha_0': 20641.73493990487, 'alpha_1': 2976.552880859597, 'alpha_2': 26.354008198975855, 'beta_0': 0.31874852691262817, 'beta_1': 0.5312762345537028, 'beta_2': 0.9438571756005706, 'beta_3': 0.8293238526446016, 'beta_4': 195.97664699445855, 'beta_5': 180.0159297084491, 'beta_6': 1.576389867950951}. Best is trial 341 with value: 73.80326667868428.
[I 2026-04-01 11:41:48,703] Trial 518 finished with value: 89.40932308338354 and parameters: {'alpha_0': 18286.484330901305, 'alpha_1': 3159.868379334692, 'alpha_2': 29.060908555302504, 'beta_0': 0.3256834510244886, 'beta_1': 0.6378538460384809, 'beta_2': 0.6996420280798371, 'beta_3': 0.9603877105533841, 'beta_4': 91.59829228080855, 'beta_5': 141.70272308366734, 'beta_6': 10.245053031071294}. Best is trial 341 with value: 73.80326667868428.
[I 2026-04-01 11:41:48,724] Trial 511 finished with value: 96.66021712279063 and parameters: {'alpha_0': 22650.144976876814, 'alpha_1': 2703.410731567237, 'alpha_2': 26.612854036938156, 'beta_0': 0.3287700963746365, 'beta_1': 0.35941312450785806, 'beta_2': 0.9429852917381953, 'beta_3': 0.8461515028281554, 'beta_4': 91.10048840097642, 'beta_5': 182.83062319344, 'beta_6': 1.6105538634348595}. Best is trial 341 with value: 73.80326667868428.
[I 2026-04-01 11:41:48,846] Trial 515 finished with value: 170.70659832881705 and parameters: {'alpha_0': 20704.23356586811, 'alpha_1': 2414.0963027611087, 'alpha_2': 19.897299436083184, 'beta_0': 0.30499230280652195, 'beta_1': 0.35600621286466183, 'beta_2': 2.1248083018893573, 'beta_3': 0.9815726295022722, 'beta_4': 104.47800898041251, 'beta_5': 176.71736002389338, 'beta_6': 440.30358271466525}. Best is trial 341 with value: 73.80326667868428.
[I 2026-04-01 11:41:48,861] Trial 519 finished with value: 86.38365726971915 and parameters: {'alpha_0': 18323.439863781954, 'alpha_1': 2438.2713949700938, 'alpha_2': 29.133262642297375, 'beta_0': 0.32262032794417767, 'beta_1': 0.5369277757021037, 'beta_2': 0.8628217248590598, 'beta_3': 0.9281196276743379, 'beta_4': 88.44337039526597, 'beta_5': 139.77611012364412, 'beta_6': 14.03136644121218}. Best is trial 341 with value: 73.80326667868428.
[I 2026-04-01 11:41:48,862] Trial 517 finished with value: 85.57832351111293 and parameters: {'alpha_0': 18349.80964986676, 'alpha_1': 2457.656871374343, 'alpha_2': 29.859374777788105, 'beta_0': 0.323245655881985, 'beta_1': 0.4269157188678321, 'beta_2': 0.8604641122588497, 'beta_3': 0.8237267302309282, 'beta_4': 88.53181667904353, 'beta_5': 139.8084332616222, 'beta_6': 58.03742711421214}. Best is trial 341 with value: 73.80326667868428.
[I 2026-04-01 11:41:49,100] Trial 516 finished with value: 90.11213703297676 and parameters: {'alpha_0': 20859.972382358563, 'alpha_1': 3119.6464522680008, 'alpha_2': 29.02853966098763, 'beta_0': 0.31143514056869503, 'beta_1': 0.4222439811889752, 'beta_2': 0.8551474925810727, 'beta_3': 0.8045657348599632, 'beta_4': 89.6184282721815, 'beta_5': 139.77663441555936, 'beta_6': 13.586756126675729}. Best is trial 341 with value: 73.80326667868428.
[I 2026-04-01 11:42:33,307] Trial 520 finished with value: 87.68089061797463 and parameters: {'alpha_0': 18392.21719997238, 'alpha_1': 3176.428020057182, 'alpha_2': 29.28215770333279, 'beta_0': 0.322503287572527, 'beta_1': 0.47429691946156577, 'beta_2': 0.6751657843049115, 'beta_3': 0.9594880809622318, 'beta_4': 89.87536099584625, 'beta_5': 249.89984371161043, 'beta_6': 62.95087623953547}. Best is trial 341 with value: 73.80326667868428.
[I 2026-04-01 11:42:33,346] Trial 521 finished with value: 80.25672237935896 and parameters: {'alpha_0': 13403.995039626949, 'alpha_1': 3003.9781828722225, 'alpha_2': 29.153780921710613, 'beta_0': 0.2860261584962571, 'beta_1': 0.4423777848391378, 'beta_2': 0.6920889517563995, 'beta_3': 0.9689044549362165, 'beta_4': 104.59853554180029, 'beta_5': 149.61317971428696, 'beta_6': 58.46921250593043}. Best is trial 341 with value: 73.80326667868428.
Best trial: 341. Best value: 73.8033:  26%|██▌       | 522/2000 [37:12<3:15:37,  7.94s/it]Best trial: 341. Best value: 73.8033:  26%|██▌       | 522/2000 [37:12<3:15:37,  7.94s/it]Best trial: 341. Best value: 73.8033:  26%|██▌       | 523/2000 [37:12<2:19:25,  5.66s/it]                                                                                          Best trial: 341. Best value: 73.8033:  26%|██▌       | 523/2000 [37:12<2:19:25,  5.66s/it]Best trial: 341. Best value: 73.8033:  26%|██▌       | 523/2000 [37:12<2:19:25,  5.66s/it]                                                                                          Best trial: 341. Best value: 73.8033:  26%|██▌       | 524/2000 [37:12<2:19:20,  5.66s/it]Best trial: 341. Best value: 73.8033:  26%|██▌       | 524/2000 [37:12<2:19:20,  5.66s/it]Best trial: 341. Best value: 73.8033:  26%|██▋       | 525/2000 [37:12<1:39:41,  4.06s/it]                                                                                          Best trial: 341. Best value: 73.8033:  26%|██▋       | 525/2000 [37:13<1:39:41,  4.06s/it]Best trial: 341. Best value: 73.8033:  26%|██▋       | 525/2000 [37:13<1:39:41,  4.06s/it]                                                                                          Best trial: 341. Best value: 73.8033:  26%|██▋       | 526/2000 [37:13<1:39:37,  4.06s/it]Best trial: 341. Best value: 73.8033:  26%|██▋       | 526/2000 [37:13<1:39:37,  4.06s/it]Best trial: 341. Best value: 73.8033:  26%|██▋       | 527/2000 [37:13<1:12:02,  2.93s/it]                                                                                          Best trial: 341. Best value: 73.8033:  26%|██▋       | 527/2000 [37:13<1:12:02,  2.93s/it]Best trial: 341. Best value: 73.8033:  26%|██▋       | 527/2000 [37:13<1:12:02,  2.93s/it]                                                                                          Best trial: 341. Best value: 73.8033:  26%|██▋       | 528/2000 [37:13<1:11:59,  2.93s/it]Best trial: 341. Best value: 73.8033:  26%|██▋       | 528/2000 [37:13<1:11:59,  2.93s/it]Best trial: 341. Best value: 73.8033:  26%|██▋       | 529/2000 [37:13<51:16,  2.09s/it]                                                                                          Best trial: 341. Best value: 73.8033:  26%|██▋       | 529/2000 [37:14<51:16,  2.09s/it]Best trial: 341. Best value: 73.8033:  26%|██▋       | 529/2000 [37:14<51:16,  2.09s/it]Best trial: 341. Best value: 73.8033:  26%|██▋       | 530/2000 [37:14<47:04,  1.92s/it]                                                                                        Best trial: 341. Best value: 73.8033:  26%|██▋       | 530/2000 [37:56<47:04,  1.92s/it]Best trial: 341. Best value: 73.8033:  26%|██▋       | 530/2000 [37:56<47:04,  1.92s/it]Best trial: 341. Best value: 73.8033:  27%|██▋       | 531/2000 [37:56<4:01:05,  9.85s/it]                                                                                          Best trial: 341. Best value: 73.8033:  27%|██▋       | 531/2000 [37:56<4:01:05,  9.85s/it]Best trial: 341. Best value: 73.8033:  27%|██▋       | 531/2000 [37:56<4:01:05,  9.85s/it]                                                                                          Best trial: 341. Best value: 73.8033:  27%|██▋       | 532/2000 [37:56<4:00:55,  9.85s/it]Best trial: 341. Best value: 73.8033:  27%|██▋       | 532/2000 [37:56<4:00:55,  9.85s/it]Best trial: 341. Best value: 73.8033:  27%|██▋       | 533/2000 [37:56<2:33:56,  6.30s/it]                                                                                          Best trial: 341. Best value: 73.8033:  27%|██▋       | 533/2000 [37:56<2:33:56,  6.30s/it]Best trial: 341. Best value: 73.8033:  27%|██▋       | 533/2000 [37:56<2:33:56,  6.30s/it]Best trial: 341. Best value: 73.8033:  27%|██▋       | 534/2000 [37:56<2:04:21,  5.09s/it]                                                                                          Best trial: 341. Best value: 73.8033:  27%|██▋       | 534/2000 [37:56<2:04:21,  5.09s/it]Best trial: 341. Best value: 73.8033:  27%|██▋       | 534/2000 [37:56<2:04:21,  5.09s/it]Best trial: 341. Best value: 73.8033:  27%|██▋       | 535/2000 [37:56<1:36:37,  3.96s/it]                                                                                          Best trial: 341. Best value: 73.8033:  27%|██▋       | 535/2000 [37:57<1:36:37,  3.96s/it]Best trial: 341. Best value: 73.8033:  27%|██▋       | 535/2000 [37:57<1:36:37,  3.96s/it]Best trial: 341. Best value: 73.8033:  27%|██▋       | 536/2000 [37:57<1:14:53,  3.07s/it]                                                                                          Best trial: 341. Best value: 73.8033:  27%|██▋       | 536/2000 [37:57<1:14:53,  3.07s/it]Best trial: 341. Best value: 73.8033:  27%|██▋       | 536/2000 [37:57<1:14:53,  3.07s/it]Best trial: 341. Best value: 73.8033:  27%|██▋       | 537/2000 [37:57<56:51,  2.33s/it]                                                                                          Best trial: 341. Best value: 73.8033:  27%|██▋       | 537/2000 [37:57<56:51,  2.33s/it]Best trial: 341. Best value: 73.8033:  27%|██▋       | 537/2000 [37:57<56:51,  2.33s/it]Best trial: 341. Best value: 73.8033:  27%|██▋       | 538/2000 [37:57<43:04,  1.77s/it]                                                                                        Best trial: 341. Best value: 73.8033:  27%|██▋       | 538/2000 [37:57<43:04,  1.77s/it]Best trial: 341. Best value: 73.8033:  27%|██▋       | 538/2000 [37:57<43:04,  1.77s/it]                                                                                        Best trial: 341. Best value: 73.8033:  27%|██▋       | 539/2000 [37:58<43:02,  1.77s/it]Best trial: 341. Best value: 73.8033:  27%|██▋       | 539/2000 [37:58<43:02,  1.77s/it]Best trial: 341. Best value: 73.8033:  27%|██▋       | 540/2000 [37:58<26:09,  1.08s/it]                                                                                        [I 2026-04-01 11:42:33,399] Trial 523 finished with value: 75.4799757364488 and parameters: {'alpha_0': 11582.024715375615, 'alpha_1': 2413.2664350144187, 'alpha_2': 29.108057209899332, 'beta_0': 0.26925372257417013, 'beta_1': 0.4855129000201803, 'beta_2': 0.8683617688398396, 'beta_3': 0.9374191815806842, 'beta_4': 103.71122264335538, 'beta_5': 152.90588701748894, 'beta_6': 60.18991366535775}. Best is trial 341 with value: 73.80326667868428.
[I 2026-04-01 11:42:33,664] Trial 527 finished with value: 92.67066492519311 and parameters: {'alpha_0': 13875.160476763333, 'alpha_1': 3047.115327409756, 'alpha_2': 27.38487628864083, 'beta_0': 0.25714849369199155, 'beta_1': 0.6395732597875119, 'beta_2': 0.720949255484363, 'beta_3': 0.9289138329144563, 'beta_4': 37.72523000027971, 'beta_5': 150.4923653388484, 'beta_6': 63.84957672796384}. Best is trial 341 with value: 73.80326667868428.
[I 2026-04-01 11:42:33,744] Trial 526 finished with value: 76.00425632260982 and parameters: {'alpha_0': 13485.667177088115, 'alpha_1': 1919.014845844411, 'alpha_2': 27.339413169834238, 'beta_0': 0.26200723446399665, 'beta_1': 0.6222175482619846, 'beta_2': 0.8656738108712834, 'beta_3': 0.9372925863743713, 'beta_4': 95.78367455997895, 'beta_5': 154.84307236559133, 'beta_6': 63.424150918120624}. Best is trial 341 with value: 73.80326667868428.
[I 2026-04-01 11:42:34,145] Trial 528 finished with value: 77.76320935610715 and parameters: {'alpha_0': 13317.824284014045, 'alpha_1': 1929.6990046449473, 'alpha_2': 27.239916181347418, 'beta_0': 0.26105920988145187, 'beta_1': 0.4736803369379171, 'beta_2': 0.7309621774308813, 'beta_3': 0.92794648389099, 'beta_4': 96.82405527594601, 'beta_5': 151.50565175280266, 'beta_6': 59.292272005257125}. Best is trial 341 with value: 73.80326667868428.
