[I 2026-04-01 12:26:21,133] Trial 1119 finished with value: 105.00946346180714 and parameters: {'alpha_0': 14907.697310528225, 'alpha_1': 450.40339440121016, 'alpha_2': 45.75780911792733, 'beta_0': 0.20228606331567958, 'beta_1': 1.7659320531117606, 'beta_2': 1.378490832529685, 'beta_3': 0.1271367710882158, 'beta_4': 189.73005989736131, 'beta_5': 15.217946763483392, 'beta_6': 169.40467381828773}. Best is trial 957 with value: 71.38427157687855.
[I 2026-04-01 12:27:01,988] Trial 1123 finished with value: 74.1759009250107 and parameters: {'alpha_0': 16783.019032234126, 'alpha_1': 455.62750912322053, 'alpha_2': 42.489372135212626, 'beta_0': 0.24479568956246123, 'beta_1': 1.785569372007168, 'beta_2': 1.3011165143356644, 'beta_3': 0.2423750743363639, 'beta_4': 72.06238884519102, 'beta_5': 9.378933575241476, 'beta_6': 403.90286594155066}. Best is trial 957 with value: 71.38427157687855.
[I 2026-04-01 12:27:02,005] Trial 1122 finished with value: 74.38621541015496 and parameters: {'alpha_0': 16766.34812377632, 'alpha_1': 473.4336439806154, 'alpha_2': 42.81100134613747, 'beta_0': 0.2489530065523099, 'beta_1': 1.7906841991975022, 'beta_2': 1.2880398252807015, 'beta_3': 0.24673038544363715, 'beta_4': 62.15937826440753, 'beta_5': 11.561618126536924, 'beta_6': 485.22679829543415}. Best is trial 957 with value: 71.38427157687855.
[I 2026-04-01 12:27:02,102] Trial 1125 finished with value: 72.24957960640015 and parameters: {'alpha_0': 16841.765286943704, 'alpha_1': 4823.785399646438, 'alpha_2': 42.442834061318194, 'beta_0': 0.20190654219224038, 'beta_1': 1.7146368181657823, 'beta_2': 1.305749215497339, 'beta_3': 0.12209911856664685, 'beta_4': 70.579302551618, 'beta_5': 9.754919976892609, 'beta_6': 187.8868292461989}. Best is trial 957 with value: 71.38427157687855.
[I 2026-04-01 12:27:02,329] Trial 1121 finished with value: 74.23493134501336 and parameters: {'alpha_0': 20186.297839462695, 'alpha_1': 397.8474261049517, 'alpha_2': 45.32415015804712, 'beta_0': 0.20020579951297, 'beta_1': 1.7635767285253952, 'beta_2': 1.3580393220247373, 'beta_3': 0.4317227084763058, 'beta_4': 61.82714558655923, 'beta_5': 11.861441055482311, 'beta_6': 173.5227584683055}. Best is trial 957 with value: 71.38427157687855.
[I 2026-04-01 12:27:02,498] Trial 1120 finished with value: 72.70534965835057 and parameters: {'alpha_0': 16718.297823565914, 'alpha_1': 470.1366224307222, 'alpha_2': 45.570730577312546, 'beta_0': 0.2000167883717526, 'beta_1': 1.768351098462109, 'beta_2': 1.3600106441350135, 'beta_3': 0.4302867292897605, 'beta_4': 71.76856472320321, 'beta_5': 11.147631720556713, 'beta_6': 170.8735123618274}. Best is trial 957 with value: 71.38427157687855.
[I 2026-04-01 12:27:02,609] Trial 1129 finished with value: 75.75362489416273 and parameters: {'alpha_0': 19781.850664277532, 'alpha_1': 634.6284721426592, 'alpha_2': 42.10424271362119, 'beta_0': 0.24869239527960207, 'beta_1': 1.81338914566482, 'beta_2': 1.2739399990115152, 'beta_3': 0.26567673012069226, 'beta_4': 70.88140164155449, 'beta_5': 7.536460580631258, 'beta_6': 188.9021083701727}. Best is trial 957 with value: 71.38427157687855.
[I 2026-04-01 12:27:02,624] Trial 1128 finished with value: 73.64592003771742 and parameters: {'alpha_0': 16749.094766332084, 'alpha_1': 9642.4353534062, 'alpha_2': 42.05364236949227, 'beta_0': 0.24633456182889418, 'beta_1': 1.8115261815187151, 'beta_2': 1.2869143249193242, 'beta_3': 0.250910844003708, 'beta_4': 70.72735978505925, 'beta_5': 7.504719470463261, 'beta_6': 185.97566653896507}. Best is trial 957 with value: 71.38427157687855.
[I 2026-04-01 12:27:02,673] Trial 1126 finished with value: 72.39456613985712 and parameters: {'alpha_0': 15083.828834994069, 'alpha_1': 601.7135560449207, 'alpha_2': 44.505743387690934, 'beta_0': 0.2004122039847442, 'beta_1': 1.7070727165628896, 'beta_2': 1.2634162760497902, 'beta_3': 0.25340681709599766, 'beta_4': 70.06835508771833, 'beta_5': 8.844532549273397, 'beta_6': 473.9763307630297}. Best is trial 957 with value: 71.38427157687855.
[I 2026-04-01 12:27:02,709] Trial 1127 finished with value: 72.8344193396525 and parameters: {'alpha_0': 16671.36094941676, 'alpha_1': 355.15644153972477, 'alpha_2': 44.40130698374708, 'beta_0': 0.2006775383444836, 'beta_1': 1.8141169353018365, 'beta_2': 1.3683787150989606, 'beta_3': 0.25123371740223044, 'beta_4': 69.43183852878573, 'beta_5': 8.334654879402361, 'beta_6': 423.9731909592955}. Best is trial 957 with value: 71.38427157687855.
[I 2026-04-01 12:27:02,849] Trial 1124 finished with value: 75.6859313109984 and parameters: {'alpha_0': 19715.72411559036, 'alpha_1': 414.0093653177672, 'alpha_2': 42.28194436932343, 'beta_0': 0.2440109690803487, 'beta_1': 1.7012301183432774, 'beta_2': 1.2892931793854487, 'beta_3': 0.2422347816246277, 'beta_4': 61.38963419111567, 'beta_5': 9.185790637998405, 'beta_6': 484.1807891650534}. Best is trial 957 with value: 71.38427157687855.
[I 2026-04-01 12:27:43,796] Trial 1130 finished with value: 74.71675269035411 and parameters: {'alpha_0': 20074.20094617895, 'alpha_1': 692.0892213521765, 'alpha_2': 44.194448563721735, 'beta_0': 0.24657522110606506, 'beta_1': 1.7023795814785307, 'beta_2': 1.2912849005288316, 'beta_3': 0.2602300479631059, 'beta_4': 71.05555859344697, 'beta_5': 0.5286310598908699, 'beta_6': 182.89696193474117}. Best is trial 957 with value: 71.38427157687855.
[I 2026-04-01 12:27:44,555] Trial 1131 finished with value: 74.73322560884068 and parameters: {'alpha_0': 16595.634772694757, 'alpha_1': 656.154505383502, 'alpha_2': 43.97503885379084, 'beta_0': 0.2460809348417845, 'beta_1': 1.71314019661374, 'beta_2': 1.3031860299426747, 'beta_3': 0.26844359715267085, 'beta_4': 67.91810552613212, 'beta_5': 7.6103672537279365, 'beta_6': 463.7931184932004}. Best is trial 957 with value: 71.38427157687855.
[I 2026-04-01 12:27:44,776] Trial 1132 finished with value: 74.89151859208785 and parameters: {'alpha_0': 19493.233423348207, 'alpha_1': 337.25835826160016, 'alpha_2': 41.91314533761468, 'beta_0': 0.2022832313396644, 'beta_1': 1.7143162082149743, 'beta_2': 1.28882501901722, 'beta_3': 0.11504390223289135, 'beta_4': 71.12572430543665, 'beta_5': 7.63925686830316, 'beta_6': 473.8764821074486}. Best is trial 957 with value: 71.38427157687855.
[I 2026-04-01 12:27:44,783] Trial 1134 finished with value: 75.73782218762915 and parameters: {'alpha_0': 19738.028048901382, 'alpha_1': 5916.084793283623, 'alpha_2': 46.96457634129968, 'beta_0': 0.2605579888275231, 'beta_1': 1.8202902044161007, 'beta_2': 1.2856888511824176, 'beta_3': 0.10677807187610872, 'beta_4': 71.48849131725368, 'beta_5': 8.25860044933048, 'beta_6': 181.19358630501824}. Best is trial 957 with value: 71.38427157687855.
Best trial: 957. Best value: 71.3843:  57%|█████▋    | 1134/2000 [1:22:23<1:13:14,  5.07s/it]Best trial: 957. Best value: 71.3843:  57%|█████▋    | 1134/2000 [1:22:23<1:13:14,  5.07s/it]                                                                                             Best trial: 957. Best value: 71.3843:  57%|█████▋    | 1135/2000 [1:22:24<1:13:09,  5.07s/it]                                                                                             Best trial: 957. Best value: 71.3843:  57%|█████▋    | 1135/2000 [1:22:24<1:13:09,  5.07s/it]Best trial: 957. Best value: 71.3843:  57%|█████▋    | 1135/2000 [1:22:24<1:13:09,  5.07s/it]Best trial: 957. Best value: 71.3843:  57%|█████▋    | 1136/2000 [1:22:24<38:31,  2.68s/it]  Best trial: 957. Best value: 71.3843:  57%|█████▋    | 1136/2000 [1:22:24<38:31,  2.68s/it]                                                                                           Best trial: 957. Best value: 71.3843:  57%|█████▋    | 1137/2000 [1:22:24<38:28,  2.68s/it]Best trial: 957. Best value: 71.3843:  57%|█████▋    | 1137/2000 [1:22:24<38:28,  2.68s/it]Best trial: 957. Best value: 71.3843:  57%|█████▋    | 1138/2000 [1:22:24<27:03,  1.88s/it]                                                                                           Best trial: 957. Best value: 71.3843:  57%|█████▋    | 1138/2000 [1:22:24<27:03,  1.88s/it]Best trial: 957. Best value: 71.3843:  57%|█████▋    | 1138/2000 [1:22:24<27:03,  1.88s/it]                                                                                           Best trial: 957. Best value: 71.3843:  57%|█████▋    | 1139/2000 [1:22:24<27:01,  1.88s/it]Best trial: 957. Best value: 71.3843:  57%|█████▋    | 1139/2000 [1:22:24<27:01,  1.88s/it]Best trial: 957. Best value: 71.3843:  57%|█████▋    | 1140/2000 [1:22:24<19:05,  1.33s/it]                                                                                           Best trial: 957. Best value: 71.3843:  57%|█████▋    | 1140/2000 [1:23:06<19:05,  1.33s/it]Best trial: 957. Best value: 71.3843:  57%|█████▋    | 1140/2000 [1:23:06<19:05,  1.33s/it]Best trial: 957. Best value: 71.3843:  57%|█████▋    | 1141/2000 [1:23:06<2:03:48,  8.65s/it]                                                                                             Best trial: 957. Best value: 71.3843:  57%|█████▋    | 1141/2000 [1:23:06<2:03:48,  8.65s/it]Best trial: 957. Best value: 71.3843:  57%|█████▋    | 1141/2000 [1:23:06<2:03:48,  8.65s/it]                                                                                             Best trial: 957. Best value: 71.3843:  57%|█████▋    | 1142/2000 [1:23:06<2:03:40,  8.65s/it]Best trial: 957. Best value: 71.3843:  57%|█████▋    | 1142/2000 [1:23:06<2:03:40,  8.65s/it]Best trial: 957. Best value: 71.3843:  57%|█████▋    | 1143/2000 [1:23:06<1:21:42,  5.72s/it]                                                                                             Best trial: 957. Best value: 71.3843:  57%|█████▋    | 1143/2000 [1:23:06<1:21:42,  5.72s/it]Best trial: 957. Best value: 71.3843:  57%|█████▋    | 1143/2000 [1:23:06<1:21:42,  5.72s/it]                                                                                             Best trial: 957. Best value: 71.3843:  57%|█████▋    | 1144/2000 [1:23:06<1:21:36,  5.72s/it]                                                                                             Best trial: 957. Best value: 71.3843:  57%|█████▋    | 1144/2000 [1:23:06<1:21:36,  5.72s/it]Best trial: 957. Best value: 71.3843:  57%|█████▋    | 1144/2000 [1:23:06<1:21:36,  5.72s/it]Best trial: 957. Best value: 71.3843:  57%|█████▋    | 1145/2000 [1:23:06<55:59,  3.93s/it]  Best trial: 957. Best value: 71.3843:  57%|█████▋    | 1145/2000 [1:23:06<55:59,  3.93s/it]                                                                                           Best trial: 957. Best value: 71.3843:  57%|█████▋    | 1146/2000 [1:23:07<55:55,  3.93s/it]Best trial: 957. Best value: 71.3843:  57%|█████▋    | 1146/2000 [1:23:07<55:55,  3.93s/it]                                                                                           Best trial: 957. Best value: 71.3843:  57%|█████▋    | 1147/2000 [1:23:07<38:24,  2.70s/it]Best trial: 957. Best value: 71.3843:  57%|█████▋    | 1147/2000 [1:23:07<38:24,  2.70s/it]Best trial: 957. Best value: 71.3843:  57%|█████▋    | 1147/2000 [1:23:07<38:24,  2.70s/it]                                                                                           Best trial: 957. Best value: 71.3843:  57%|█████▋    | 1148/2000 [1:23:07<38:22,  2.70s/it]Best trial: 957. Best value: 71.3843:  57%|█████▋    | 1148/2000 [1:23:07<38:22,  2.70s/it]Best trial: 957. Best value: 71.3843:  57%|█████▋    | 1149/2000 [1:23:07<27:12,  1.92s/it]                                                                                           Best trial: 957. Best value: 71.3843:  57%|█████▋    | 1149/2000 [1:23:07<27:12,  1.92s/it]Best trial: 957. Best value: 71.3843:  57%|█████▋    | 1149/2000 [1:23:07<27:12,  1.92s/it]Best trial: 957. Best value: 71.3843:  57%|█████▊    | 1150/2000 [1:23:07<22:56,  1.62s/it]                                                                                           Best trial: 957. Best value: 71.3843:  57%|█████▊    | 1150/2000 [1:23:53<22:56,  1.62s/it]Best trial: 957. Best value: 71.3843:  57%|█████▊    | 1150/2000 [1:23:53<22:56,  1.62s/it]Best trial: 957. Best value: 71.3843:  58%|█████▊    | 1151/2000 [1:23:53<2:31:36, 10.71s/it]                                                                                             Best trial: 957. Best value: 71.3843:  58%|█████▊    | 1151/2000 [1:23:53<2:31:36, 10.71s/it]Best trial: 957. Best value: 71.3843:  58%|█████▊    | 1151/2000 [1:23:53<2:31:36, 10.71s/it]Best trial: 957. Best value: 71.3843:  58%|█████▊    | 1152/2000 [1:23:53<1:57:35,  8.32s/it]                                                                                             [I 2026-04-01 12:27:44,855] Trial 1133 finished with value: 72.95444738151286 and parameters: {'alpha_0': 19215.001663675306, 'alpha_1': 4949.5997431504575, 'alpha_2': 42.20708510004318, 'beta_0': 0.2010509417818584, 'beta_1': 1.7162998310385387, 'beta_2': 1.2976467219700816, 'beta_3': 0.11888692228706468, 'beta_4': 66.56243718872922, 'beta_5': 7.89371205623677, 'beta_6': 289.4785498951892}. Best is trial 957 with value: 71.38427157687855.
[I 2026-04-01 12:27:44,948] Trial 1135 finished with value: 74.5876669065384 and parameters: {'alpha_0': 19657.296384247056, 'alpha_1': 4566.193559284597, 'alpha_2': 46.858063689285295, 'beta_0': 0.20192029681592394, 'beta_1': 1.7217701051474974, 'beta_2': 1.2857097425286141, 'beta_3': 0.15377294478923217, 'beta_4': 68.49173899478672, 'beta_5': 8.551825437599994, 'beta_6': 463.61567791757295}. Best is trial 957 with value: 71.38427157687855.
[I 2026-04-01 12:27:44,954] Trial 1138 finished with value: 72.54498542174309 and parameters: {'alpha_0': 16479.797274622568, 'alpha_1': 4872.900949110151, 'alpha_2': 46.75704369832566, 'beta_0': 0.20011867193108873, 'beta_1': 1.7097367588351946, 'beta_2': 1.3229805705834814, 'beta_3': 0.15478548241328968, 'beta_4': 66.14696979960536, 'beta_5': 1.10580394941984, 'beta_6': 430.93306592301525}. Best is trial 957 with value: 71.38427157687855.
[I 2026-04-01 12:27:45,252] Trial 1137 finished with value: 72.91269632589429 and parameters: {'alpha_0': 16425.96529947879, 'alpha_1': 4017.6697238004376, 'alpha_2': 46.943605838321425, 'beta_0': 0.20101401987136458, 'beta_1': 1.7094522207932323, 'beta_2': 1.288375028882954, 'beta_3': 0.15508465378823247, 'beta_4': 72.28435702167486, 'beta_5': 1.6602887131905435, 'beta_6': 434.3474899171441}. Best is trial 957 with value: 71.38427157687855.
[I 2026-04-01 12:27:45,344] Trial 1136 finished with value: 72.11474239480617 and parameters: {'alpha_0': 16572.213573917987, 'alpha_1': 332.45148072191637, 'alpha_2': 46.874802885054294, 'beta_0': 0.20066968481446015, 'beta_1': 1.7030937319199793, 'beta_2': 1.277245510580294, 'beta_3': 0.2641485398255401, 'beta_4': 70.3697643929658, 'beta_5': 0.19434009686674564, 'beta_6': 411.3251255385602}. Best is trial 957 with value: 71.38427157687855.
[I 2026-04-01 12:27:45,402] Trial 1139 finished with value: 97.42642406212502 and parameters: {'alpha_0': 16793.89474903454, 'alpha_1': 7222.339660999094, 'alpha_2': 46.87637543364544, 'beta_0': 0.3570985520351928, 'beta_1': 1.7143740313796951, 'beta_2': 1.282059101321079, 'beta_3': 0.17257967449707015, 'beta_4': 73.41274209229368, 'beta_5': 6.843202321246897, 'beta_6': 401.4913683502555}. Best is trial 957 with value: 71.38427157687855.
[I 2026-04-01 12:28:27,250] Trial 1140 finished with value: 93.77691139671697 and parameters: {'alpha_0': 16696.481330121896, 'alpha_1': 4631.637477696958, 'alpha_2': 46.65685030043175, 'beta_0': 0.3431334144722765, 'beta_1': 1.711658843332239, 'beta_2': 1.2632251838850344, 'beta_3': 0.10136406525183259, 'beta_4': 72.89130690972587, 'beta_5': 7.91685041764609, 'beta_6': 489.41074404672463}. Best is trial 957 with value: 71.38427157687855.
[I 2026-04-01 12:28:27,312] Trial 1142 finished with value: 83.29742365456276 and parameters: {'alpha_0': 16582.183925585086, 'alpha_1': 641.0882839326204, 'alpha_2': 46.978435846792685, 'beta_0': 0.3457474701978591, 'beta_1': 1.6965360791105413, 'beta_2': 1.2546443274190378, 'beta_3': 0.1762188100791027, 'beta_4': 67.46885546532293, 'beta_5': 0.24126814548074504, 'beta_6': 462.8052030133043}. Best is trial 957 with value: 71.38427157687855.
[I 2026-04-01 12:28:27,347] Trial 1141 finished with value: 72.24604628974467 and parameters: {'alpha_0': 16593.767718580522, 'alpha_1': 6037.369574566209, 'alpha_2': 46.91037497053446, 'beta_0': 0.2000115256140608, 'beta_1': 1.6985266230422371, 'beta_2': 1.2786513435570284, 'beta_3': 0.1817265549286602, 'beta_4': 66.74445714301214, 'beta_5': 0.865989707681976, 'beta_6': 445.3977698848071}. Best is trial 957 with value: 71.38427157687855.
[I 2026-04-01 12:28:27,455] Trial 1147 finished with value: 86.52427222664495 and parameters: {'alpha_0': 15074.5094018573, 'alpha_1': 4735.299986933631, 'alpha_2': 47.06802611547174, 'beta_0': 0.3521478855739848, 'beta_1': 1.9016281485436535, 'beta_2': 1.3326884072804634, 'beta_3': 0.17684608597912882, 'beta_4': 67.04613622751366, 'beta_5': 17.77109925668113, 'beta_6': 477.43457460789193}. Best is trial 957 with value: 71.38427157687855.
[I 2026-04-01 12:28:27,843] Trial 1148 finished with value: 94.5731836172042 and parameters: {'alpha_0': 18205.34422284741, 'alpha_1': 5093.016861580289, 'alpha_2': 46.143719163034866, 'beta_0': 0.3487467814223123, 'beta_1': 1.8920701504207758, 'beta_2': 1.3293449918183085, 'beta_3': 0.2200935182331337, 'beta_4': 74.10918694666582, 'beta_5': 2.3631509923664247, 'beta_6': 453.33510558119747}. Best is trial 957 with value: 71.38427157687855.
[I 2026-04-01 12:28:27,851] Trial 1144 finished with value: 87.01674981012955 and parameters: {'alpha_0': 16709.746847723753, 'alpha_1': 7139.128071231176, 'alpha_2': 46.79559833148264, 'beta_0': 0.33529472559470797, 'beta_1': 1.8876663021947577, 'beta_2': 1.241560396595703, 'beta_3': 0.18329936411841388, 'beta_4': 0.40261691167199487, 'beta_5': 0.5830629731284902, 'beta_6': 401.9598460392092}. Best is trial 957 with value: 71.38427157687855.
[I 2026-04-01 12:28:27,986] Trial 1143 finished with value: 87.50601862471574 and parameters: {'alpha_0': 16518.72511461821, 'alpha_1': 606.7947162939846, 'alpha_2': 46.83697020116321, 'beta_0': 0.3582114438002315, 'beta_1': 1.8968056085182088, 'beta_2': 1.2533223643701514, 'beta_3': 0.18542869786789262, 'beta_4': 73.164784061078, 'beta_5': 20.008916268499945, 'beta_6': 495.03947966100696}. Best is trial 957 with value: 71.38427157687855.
[I 2026-04-01 12:28:28,009] Trial 1145 finished with value: 82.20301278569542 and parameters: {'alpha_0': 15069.75916315759, 'alpha_1': 8304.404099620479, 'alpha_2': 46.43614815342146, 'beta_0': 0.3459079109773995, 'beta_1': 1.909533684394676, 'beta_2': 1.230609712558863, 'beta_3': 0.1719036511817837, 'beta_4': 66.7309333836879, 'beta_5': 19.747184809218282, 'beta_6': 445.7509773268026}. Best is trial 957 with value: 71.38427157687855.
[I 2026-04-01 12:28:28,339] Trial 1146 finished with value: 84.30569425534114 and parameters: {'alpha_0': 15007.387757880422, 'alpha_1': 4427.846342392458, 'alpha_2': 46.45252554476885, 'beta_0': 0.34824044799884035, 'beta_1': 1.6179825575162654, 'beta_2': 1.2361730743621622, 'beta_3': 0.18205948855296286, 'beta_4': 72.37853878540616, 'beta_5': 2.1683430758537217, 'beta_6': 432.22013506134954}. Best is trial 957 with value: 71.38427157687855.
[I 2026-04-01 12:28:28,681] Trial 1149 finished with value: 86.06299866409772 and parameters: {'alpha_0': 16938.071622599877, 'alpha_1': 4959.981687942901, 'alpha_2': 46.695084657178164, 'beta_0': 0.3326050106430191, 'beta_1': 1.8906586945791952, 'beta_2': 1.3482379949616343, 'beta_3': 0.19986087281658613, 'beta_4': 72.51688830908144, 'beta_5': 0.2596660600311824, 'beta_6': 442.8354420327736}. Best is trial 957 with value: 71.38427157687855.
[I 2026-04-01 12:29:14,255] Trial 1150 finished with value: 87.48496184115345 and parameters: {'alpha_0': 18319.363476642342, 'alpha_1': 7927.525906222094, 'alpha_2': 46.075767924119475, 'beta_0': 0.3383370543073062, 'beta_1': 1.615528037872143, 'beta_2': 1.339924343560406, 'beta_3': 0.1955087250612612, 'beta_4': 67.12680286909966, 'beta_5': 19.19418610125754, 'beta_6': 496.15095013668645}. Best is trial 957 with value: 71.38427157687855.
[I 2026-04-01 12:29:14,476] Trial 1153 finished with value: 80.11684092908973 and parameters: {'alpha_0': 17941.118651080476, 'alpha_1': 5287.6278006697785, 'alpha_2': 45.950676810045174, 'beta_0': 0.2853764636314945, 'beta_1': 1.8194094609597615, 'beta_2': 1.2157970898662525, 'beta_3': 0.11333704622166174, 'beta_4': 72.53115395984277, 'beta_5': 0.27138628158808586, 'beta_6': 472.0843744172822}. Best is trial 957 with value: 71.38427157687855.
