Best trial: 121. Best value: 76.5824:   9%|▉         | 180/2000 [13:24<54:06,  1.78s/it]Best trial: 121. Best value: 76.5824:   9%|▉         | 180/2000 [13:24<54:06,  1.78s/it]Best trial: 121. Best value: 76.5824:   9%|▉         | 181/2000 [13:24<4:49:30,  9.55s/it]                                                                                          Best trial: 121. Best value: 76.5824:   9%|▉         | 181/2000 [13:24<4:49:30,  9.55s/it]Best trial: 121. Best value: 76.5824:   9%|▉         | 181/2000 [13:24<4:49:30,  9.55s/it]Best trial: 121. Best value: 76.5824:   9%|▉         | 182/2000 [13:24<3:44:55,  7.42s/it]                                                                                          Best trial: 121. Best value: 76.5824:   9%|▉         | 182/2000 [13:24<3:44:55,  7.42s/it]                                                                                          Best trial: 184. Best value: 76.4111:   9%|▉         | 182/2000 [13:24<3:44:55,  7.42s/it]Best trial: 184. Best value: 76.4111:   9%|▉         | 182/2000 [13:24<3:44:55,  7.42s/it]Best trial: 184. Best value: 76.4111:   9%|▉         | 183/2000 [13:24<3:44:47,  7.42s/it]                                                                                          Best trial: 184. Best value: 76.4111:   9%|▉         | 184/2000 [13:24<3:44:40,  7.42s/it]Best trial: 184. Best value: 76.4111:   9%|▉         | 184/2000 [13:24<3:44:40,  7.42s/it]Best trial: 184. Best value: 76.4111:   9%|▉         | 185/2000 [13:24<1:55:58,  3.83s/it]                                                                                          Best trial: 184. Best value: 76.4111:   9%|▉         | 185/2000 [13:24<1:55:58,  3.83s/it]Best trial: 184. Best value: 76.4111:   9%|▉         | 185/2000 [13:24<1:55:58,  3.83s/it]                                                                                          Best trial: 184. Best value: 76.4111:   9%|▉         | 186/2000 [13:24<1:55:54,  3.83s/it]Best trial: 184. Best value: 76.4111:   9%|▉         | 186/2000 [13:24<1:55:54,  3.83s/it]Best trial: 184. Best value: 76.4111:   9%|▉         | 187/2000 [13:24<1:20:08,  2.65s/it]                                                                                          Best trial: 184. Best value: 76.4111:   9%|▉         | 187/2000 [13:25<1:20:08,  2.65s/it]Best trial: 184. Best value: 76.4111:   9%|▉         | 187/2000 [13:25<1:20:08,  2.65s/it]Best trial: 184. Best value: 76.4111:   9%|▉         | 188/2000 [13:25<1:07:15,  2.23s/it]                                                                                          Best trial: 184. Best value: 76.4111:   9%|▉         | 188/2000 [13:25<1:07:15,  2.23s/it]Best trial: 184. Best value: 76.4111:   9%|▉         | 188/2000 [13:25<1:07:15,  2.23s/it]Best trial: 184. Best value: 76.4111:   9%|▉         | 189/2000 [13:25<57:49,  1.92s/it]                                                                                          Best trial: 184. Best value: 76.4111:   9%|▉         | 189/2000 [13:26<57:49,  1.92s/it]Best trial: 184. Best value: 76.4111:   9%|▉         | 189/2000 [13:26<57:49,  1.92s/it]                                                                                        Best trial: 184. Best value: 76.4111:  10%|▉         | 190/2000 [14:07<57:47,  1.92s/it]Best trial: 184. Best value: 76.4111:  10%|▉         | 190/2000 [14:07<57:47,  1.92s/it]Best trial: 184. Best value: 76.4111:  10%|▉         | 191/2000 [14:07<4:28:44,  8.91s/it]                                                                                          Best trial: 184. Best value: 76.4111:  10%|▉         | 191/2000 [14:07<4:28:44,  8.91s/it]Best trial: 184. Best value: 76.4111:  10%|▉         | 191/2000 [14:07<4:28:44,  8.91s/it]                                                                                          Best trial: 184. Best value: 76.4111:  10%|▉         | 192/2000 [14:07<4:28:35,  8.91s/it]Best trial: 184. Best value: 76.4111:  10%|▉         | 192/2000 [14:07<4:28:35,  8.91s/it]Best trial: 184. Best value: 76.4111:  10%|▉         | 193/2000 [14:07<2:55:47,  5.84s/it]                                                                                          Best trial: 184. Best value: 76.4111:  10%|▉         | 193/2000 [14:07<2:55:47,  5.84s/it]Best trial: 184. Best value: 76.4111:  10%|▉         | 193/2000 [14:07<2:55:47,  5.84s/it]Best trial: 184. Best value: 76.4111:  10%|▉         | 194/2000 [14:07<2:22:13,  4.72s/it]                                                                                          Best trial: 184. Best value: 76.4111:  10%|▉         | 194/2000 [14:07<2:22:13,  4.72s/it]Best trial: 184. Best value: 76.4111:  10%|▉         | 194/2000 [14:07<2:22:13,  4.72s/it]                                                                                          Best trial: 184. Best value: 76.4111:  10%|▉         | 195/2000 [14:07<2:22:08,  4.72s/it]Best trial: 196. Best value: 76.0345:  10%|▉         | 195/2000 [14:07<2:22:08,  4.72s/it]Best trial: 196. Best value: 76.0345:  10%|▉         | 196/2000 [14:07<1:31:18,  3.04s/it]                                                                                          Best trial: 196. Best value: 76.0345:  10%|▉         | 196/2000 [14:07<1:31:18,  3.04s/it]Best trial: 196. Best value: 76.0345:  10%|▉         | 196/2000 [14:07<1:31:18,  3.04s/it]                                                                                          Best trial: 196. Best value: 76.0345:  10%|▉         | 197/2000 [14:08<1:31:15,  3.04s/it]Best trial: 196. Best value: 76.0345:  10%|▉         | 197/2000 [14:08<1:31:15,  3.04s/it]Best trial: 196. Best value: 76.0345:  10%|▉         | 198/2000 [14:08<1:02:39,  2.09s/it]                                                                                          [I 2026-04-01 11:18:45,040] Trial 183 finished with value: 78.10913720933101 and parameters: {'alpha_0': 10706.748726895172, 'alpha_1': 525.867927561244, 'alpha_2': 45.82503176350496, 'beta_0': 0.28538369096118765, 'beta_1': 0.6526553218389987, 'beta_2': 0.8618532307111558, 'beta_3': 0.9696535311151239, 'beta_4': 88.25848202128586, 'beta_5': 180.44149379009082, 'beta_6': 235.83085555322236}. Best is trial 121 with value: 76.58244477304876.
[I 2026-04-01 11:18:45,151] Trial 185 finished with value: 77.41289186460786 and parameters: {'alpha_0': 10384.265441826332, 'alpha_1': 1660.5380882257377, 'alpha_2': 26.69690316538869, 'beta_0': 0.2848509179184436, 'beta_1': 0.6298649280809114, 'beta_2': 1.0237225673042585, 'beta_3': 0.9662343489699521, 'beta_4': 75.61251612777252, 'beta_5': 177.6644880220035, 'beta_6': 60.97467891459243}. Best is trial 121 with value: 76.58244477304876.
[I 2026-04-01 11:18:45,218] Trial 184 finished with value: 76.41113407035735 and parameters: {'alpha_0': 10272.645849432007, 'alpha_1': 1696.470384763834, 'alpha_2': 26.749989000104875, 'beta_0': 0.27842595719976093, 'beta_1': 0.6140691854734703, 'beta_2': 0.8773765332099319, 'beta_3': 1.0233284718476383, 'beta_4': 89.04493262283076, 'beta_5': 176.68844721474207, 'beta_6': 99.54257083214047}. Best is trial 184 with value: 76.41113407035735.
[I 2026-04-01 11:18:45,228] Trial 182 finished with value: 81.91239200720815 and parameters: {'alpha_0': 10677.019234351676, 'alpha_1': 1657.2558486178882, 'alpha_2': 47.19730297896197, 'beta_0': 0.2866387370213271, 'beta_1': 0.6439225194115995, 'beta_2': 0.8571201931213347, 'beta_3': 0.9773397780407795, 'beta_4': 76.41926774523877, 'beta_5': 192.03586169723806, 'beta_6': 113.46199004039875}. Best is trial 184 with value: 76.41113407035735.
[I 2026-04-01 11:18:45,499] Trial 180 finished with value: 79.04805690249214 and parameters: {'alpha_0': 10346.85345524601, 'alpha_1': 1655.271341323049, 'alpha_2': 26.453631216979016, 'beta_0': 0.28674906540626427, 'beta_1': 0.6011160131962873, 'beta_2': 0.836013311521058, 'beta_3': 0.9690604263887943, 'beta_4': 88.65793135933868, 'beta_5': 171.97362611592067, 'beta_6': 276.2592652426106}. Best is trial 184 with value: 76.41113407035735.
[I 2026-04-01 11:18:45,525] Trial 181 finished with value: 78.00246389962672 and parameters: {'alpha_0': 10589.969283567822, 'alpha_1': 461.3604683347677, 'alpha_2': 26.878974844742515, 'beta_0': 0.2938460316204974, 'beta_1': 0.5428805512269292, 'beta_2': 0.8864351832414288, 'beta_3': 0.9744720980649965, 'beta_4': 88.61781541985421, 'beta_5': 176.84751077777256, 'beta_6': 276.1370974387779}. Best is trial 184 with value: 76.41113407035735.
[I 2026-04-01 11:18:45,751] Trial 187 finished with value: 78.07814075422382 and parameters: {'alpha_0': 12129.707539172588, 'alpha_1': 1680.5938965860914, 'alpha_2': 26.54668562416396, 'beta_0': 0.27289141211931994, 'beta_1': 0.6416534525997424, 'beta_2': 1.0180976908561394, 'beta_3': 0.9849707518257884, 'beta_4': 88.89441348457186, 'beta_5': 175.75340262833444, 'beta_6': 107.91149814375493}. Best is trial 184 with value: 76.41113407035735.
[I 2026-04-01 11:18:46,113] Trial 186 finished with value: 79.54053884722742 and parameters: {'alpha_0': 14361.779274981018, 'alpha_1': 1487.7430332068034, 'alpha_2': 26.597590126282853, 'beta_0': 0.28593631232520234, 'beta_1': 0.6126557168934677, 'beta_2': 0.8530750745195705, 'beta_3': 0.9653295928277522, 'beta_4': 77.51538763228972, 'beta_5': 195.06420024253924, 'beta_6': 50.075155092929975}. Best is trial 184 with value: 76.41113407035735.
[I 2026-04-01 11:18:46,853] Trial 188 finished with value: 79.25502617560502 and parameters: {'alpha_0': 14387.335451649862, 'alpha_1': 2454.3919052429605, 'alpha_2': 26.583240555514767, 'beta_0': 0.28403049061820906, 'beta_1': 0.6356378295209347, 'beta_2': 0.955589470045467, 'beta_3': 0.9441336086141513, 'beta_4': 88.97952337298024, 'beta_5': 191.57499097979706, 'beta_6': 24.676747319414574}. Best is trial 184 with value: 76.41113407035735.
[I 2026-04-01 11:18:46,895] Trial 189 finished with value: 78.41589278044461 and parameters: {'alpha_0': 14403.102106470138, 'alpha_1': 834.1385171592923, 'alpha_2': 26.668364888941394, 'beta_0': 0.27695321768750986, 'beta_1': 0.6533740436485594, 'beta_2': 0.963637431677008, 'beta_3': 0.9612734336016964, 'beta_4': 89.3858165035088, 'beta_5': 201.3750849172863, 'beta_6': 31.350456230892064}. Best is trial 184 with value: 76.41113407035735.
[I 2026-04-01 11:19:28,064] Trial 193 finished with value: 79.66735315415971 and parameters: {'alpha_0': 11612.755490826517, 'alpha_1': 837.9514270068174, 'alpha_2': 26.217354833602037, 'beta_0': 0.2733049330443539, 'beta_1': 0.6288908291772468, 'beta_2': 0.9448036007909292, 'beta_3': 1.0231834959175676, 'beta_4': 89.36638757722172, 'beta_5': 195.11838726587155, 'beta_6': 74.0325500302045}. Best is trial 184 with value: 76.41113407035735.
[I 2026-04-01 11:19:28,070] Trial 190 finished with value: 84.2983627594482 and parameters: {'alpha_0': 9549.488355239746, 'alpha_1': 853.2721759162607, 'alpha_2': 26.28692911567856, 'beta_0': 0.29132480844748987, 'beta_1': 0.57378560142123, 'beta_2': 0.9558588616980028, 'beta_3': 0.95340205306865, 'beta_4': 89.02110316142789, 'beta_5': 200.43315330472598, 'beta_6': 230.91829691381832}. Best is trial 184 with value: 76.41113407035735.
[I 2026-04-01 11:19:28,239] Trial 191 finished with value: 80.81533056711439 and parameters: {'alpha_0': 11786.629984029154, 'alpha_1': 1767.411844924921, 'alpha_2': 47.417733536263405, 'beta_0': 0.2807500724939845, 'beta_1': 0.6503780002066412, 'beta_2': 0.9944600940330164, 'beta_3': 0.9607084010055958, 'beta_4': 88.99212757910522, 'beta_5': 195.3343693197316, 'beta_6': 20.599189129913967}. Best is trial 184 with value: 76.41113407035735.
[I 2026-04-01 11:19:28,495] Trial 194 finished with value: 82.69052218213227 and parameters: {'alpha_0': 11862.90920659174, 'alpha_1': 1461.8083636781294, 'alpha_2': 26.237891667492818, 'beta_0': 0.2661353395559012, 'beta_1': 0.48863626121868686, 'beta_2': 0.9565820482536822, 'beta_3': 1.0251628584583914, 'beta_4': 99.22905671262805, 'beta_5': 196.57992717422798, 'beta_6': 95.72354865540551}. Best is trial 184 with value: 76.41113407035735.
[I 2026-04-01 11:19:28,509] Trial 192 finished with value: 78.65968286128424 and parameters: {'alpha_0': 14268.635779492124, 'alpha_1': 851.2881052424098, 'alpha_2': 26.746597699404926, 'beta_0': 0.2752220016091429, 'beta_1': 0.5910795207643164, 'beta_2': 1.015887000436058, 'beta_3': 0.9464388489168228, 'beta_4': 89.57606023990861, 'beta_5': 176.5422565653467, 'beta_6': 57.03719960829124}. Best is trial 184 with value: 76.41113407035735.
[I 2026-04-01 11:19:28,635] Trial 196 finished with value: 76.0344611527489 and parameters: {'alpha_0': 14413.340787882873, 'alpha_1': 1838.7213913435785, 'alpha_2': 24.700021330190363, 'beta_0': 0.2011848073950501, 'beta_1': 0.5301807527393231, 'beta_2': 0.9604021440904253, 'beta_3': 1.0212482470884927, 'beta_4': 98.73171344953684, 'beta_5': 196.97616280986054, 'beta_6': 42.86696720701027}. Best is trial 196 with value: 76.0344611527489.
[I 2026-04-01 11:19:28,702] Trial 195 finished with value: 76.2907718790394 and parameters: {'alpha_0': 14459.87027530739, 'alpha_1': 867.6008669764796, 'alpha_2': 26.384941623719318, 'beta_0': 0.2072404555690022, 'beta_1': 0.47975843565798876, 'beta_2': 1.0020785428954508, 'beta_3': 1.025056779469783, 'beta_4': 90.2592108155873, 'beta_5': 194.04838914818328, 'beta_6': 56.3392793573494}. Best is trial 196 with value: 76.0344611527489.
[I 2026-04-01 11:19:29,141] Trial 197 finished with value: 84.69935676302332 and parameters: {'alpha_0': 14337.814365587892, 'alpha_1': 1764.2247345204503, 'alpha_2': 25.22480736596487, 'beta_0': 0.2651367232827158, 'beta_1': 0.4653046272240486, 'beta_2': 1.0241700617678844, 'beta_3': 1.0242250945664169, 'beta_4': 89.57814245075716, 'beta_5': 198.817294677468, 'beta_6': 51.961699032684564}. Best is trial 196 with value: 76.0344611527489.
Best trial: 196. Best value: 76.0345:  10%|▉         | 198/2000 [14:08<1:02:39,  2.09s/it]Best trial: 196. Best value: 76.0345:  10%|▉         | 198/2000 [14:08<1:02:39,  2.09s/it]Best trial: 196. Best value: 76.0345:  10%|▉         | 199/2000 [14:08<54:22,  1.81s/it]                                                                                          Best trial: 196. Best value: 76.0345:  10%|▉         | 199/2000 [14:09<54:22,  1.81s/it]Best trial: 196. Best value: 76.0345:  10%|▉         | 199/2000 [14:09<54:22,  1.81s/it]Best trial: 196. Best value: 76.0345:  10%|█         | 200/2000 [14:09<45:43,  1.52s/it]                                                                                        Best trial: 196. Best value: 76.0345:  10%|█         | 200/2000 [14:49<45:43,  1.52s/it]Best trial: 196. Best value: 76.0345:  10%|█         | 200/2000 [14:49<45:43,  1.52s/it]Best trial: 196. Best value: 76.0345:  10%|█         | 201/2000 [14:49<5:22:10, 10.75s/it]                                                                                          Best trial: 196. Best value: 76.0345:  10%|█         | 201/2000 [14:50<5:22:10, 10.75s/it]Best trial: 196. Best value: 76.0345:  10%|█         | 201/2000 [14:50<5:22:10, 10.75s/it]Best trial: 196. Best value: 76.0345:  10%|█         | 202/2000 [14:50<4:02:49,  8.10s/it]                                                                                          Best trial: 196. Best value: 76.0345:  10%|█         | 202/2000 [14:50<4:02:49,  8.10s/it]Best trial: 196. Best value: 76.0345:  10%|█         | 202/2000 [14:50<4:02:49,  8.10s/it]Best trial: 196. Best value: 76.0345:  10%|█         | 203/2000 [14:50<3:00:00,  6.01s/it]                                                                                          Best trial: 196. Best value: 76.0345:  10%|█         | 203/2000 [14:50<3:00:00,  6.01s/it]Best trial: 196. Best value: 76.0345:  10%|█         | 203/2000 [14:50<3:00:00,  6.01s/it]                                                                                          Best trial: 196. Best value: 76.0345:  10%|█         | 204/2000 [14:50<2:59:54,  6.01s/it]Best trial: 196. Best value: 76.0345:  10%|█         | 204/2000 [14:50<2:59:54,  6.01s/it]Best trial: 196. Best value: 76.0345:  10%|█         | 205/2000 [14:50<1:42:47,  3.44s/it]                                                                                          Best trial: 196. Best value: 76.0345:  10%|█         | 205/2000 [14:50<1:42:47,  3.44s/it]Best trial: 196. Best value: 76.0345:  10%|█         | 205/2000 [14:50<1:42:47,  3.44s/it]Best trial: 196. Best value: 76.0345:  10%|█         | 206/2000 [14:50<1:20:21,  2.69s/it]                                                                                          Best trial: 196. Best value: 76.0345:  10%|█         | 206/2000 [14:51<1:20:21,  2.69s/it]Best trial: 196. Best value: 76.0345:  10%|█         | 206/2000 [14:51<1:20:21,  2.69s/it]Best trial: 196. Best value: 76.0345:  10%|█         | 207/2000 [14:51<1:03:41,  2.13s/it]                                                                                          Best trial: 196. Best value: 76.0345:  10%|█         | 207/2000 [14:51<1:03:41,  2.13s/it]                                                                                          Best trial: 196. Best value: 76.0345:  10%|█         | 207/2000 [14:51<1:03:41,  2.13s/it]Best trial: 196. Best value: 76.0345:  10%|█         | 207/2000 [14:51<1:03:41,  2.13s/it]Best trial: 196. Best value: 76.0345:  10%|█         | 208/2000 [14:51<1:03:39,  2.13s/it]                                                                                          Best trial: 196. Best value: 76.0345:  10%|█         | 209/2000 [14:51<1:03:37,  2.13s/it]Best trial: 196. Best value: 76.0345:  10%|█         | 209/2000 [14:51<1:03:37,  2.13s/it]Best trial: 196. Best value: 76.0345:  10%|█         | 210/2000 [14:51<31:53,  1.07s/it]                                                                                          Best trial: 196. Best value: 76.0345:  10%|█         | 210/2000 [15:33<31:53,  1.07s/it]Best trial: 196. Best value: 76.0345:  10%|█         | 210/2000 [15:33<31:53,  1.07s/it]Best trial: 196. Best value: 76.0345:  11%|█         | 211/2000 [15:33<4:32:01,  9.12s/it]                                                                                          Best trial: 196. Best value: 76.0345:  11%|█         | 211/2000 [15:33<4:32:01,  9.12s/it]                                                                                          Best trial: 196. Best value: 76.0345:  11%|█         | 211/2000 [15:33<4:32:01,  9.12s/it]Best trial: 214. Best value: 74.2289:  11%|█         | 211/2000 [15:33<4:32:01,  9.12s/it]Best trial: 215. Best value: 74.2289:  11%|█         | 212/2000 [15:33<4:31:52,  9.12s/it]                                                                                          Best trial: 215. Best value: 74.2289:  11%|█         | 213/2000 [15:33<4:31:43,  9.12s/it]Best trial: 214. Best value: 74.2289:  11%|█         | 213/2000 [15:33<4:31:43,  9.12s/it]Best trial: 214. Best value: 74.2289:  11%|█         | 214/2000 [15:33<2:27:52,  4.97s/it]                                                                                          Best trial: 214. Best value: 74.2289:  11%|█         | 214/2000 [15:33<2:27:52,  4.97s/it]Best trial: 214. Best value: 74.2289:  11%|█         | 214/2000 [15:33<2:27:52,  4.97s/it]                                                                                          Best trial: 214. Best value: 74.2289:  11%|█         | 215/2000 [15:33<2:27:47,  4.97s/it]Best trial: 214. Best value: 74.2289:  11%|█         | 215/2000 [15:33<2:27:47,  4.97s/it]Best trial: 214. Best value: 74.2289:  11%|█         | 216/2000 [15:33<1:44:32,  3.52s/it]                                                                                          [I 2026-04-01 11:19:29,828] Trial 199 finished with value: 82.2665647337401 and parameters: {'alpha_0': 14203.858614521549, 'alpha_1': 785.7700287231569, 'alpha_2': 24.985906701287938, 'beta_0': 0.27510580486217273, 'beta_1': 0.5095384398018874, 'beta_2': 1.0059548553023423, 'beta_3': 1.0265260838748482, 'beta_4': 89.60233535203928, 'beta_5': 198.44142011903082, 'beta_6': 31.091649027960838}. Best is trial 196 with value: 76.0344611527489.
[I 2026-04-01 11:19:30,324] Trial 198 finished with value: 77.85521939405243 and parameters: {'alpha_0': 14332.352397389754, 'alpha_1': 1808.3876201257947, 'alpha_2': 25.37152740343006, 'beta_0': 0.26445250094561107, 'beta_1': 0.49289757538425283, 'beta_2': 0.9844032020320137, 'beta_3': 1.032593194149316, 'beta_4': 89.11506402440799, 'beta_5': 200.028203169142, 'beta_6': 30.873513434610715}. Best is trial 196 with value: 76.0344611527489.
[I 2026-04-01 11:20:10,575] Trial 202 finished with value: 103.87353499566588 and parameters: {'alpha_0': 14206.514798286824, 'alpha_1': 1424.7389623687695, 'alpha_2': 25.235179923735274, 'beta_0': 0.38573545447432656, 'beta_1': 0.5298202741871615, 'beta_2': 1.0123950545893032, 'beta_3': 1.0268860757422482, 'beta_4': 89.35999580591717, 'beta_5': 189.67637758892954, 'beta_6': 51.272118672342785}. Best is trial 196 with value: 76.0344611527489.
[I 2026-04-01 11:20:10,912] Trial 206 finished with value: 107.39983217960824 and parameters: {'alpha_0': 14216.448707929743, 'alpha_1': 1423.498613018632, 'alpha_2': 25.26428037302677, 'beta_0': 0.3923921029041779, 'beta_1': 0.38382034952037686, 'beta_2': 1.062234609990105, 'beta_3': 0.9926324147659038, 'beta_4': 97.67445716179544, 'beta_5': 213.40022730488556, 'beta_6': 40.8040695259933}. Best is trial 196 with value: 76.0344611527489.
