[I 2026-04-01 13:25:19,455] Trial 1547 finished with value: 79.48210809594006 and parameters: {'alpha_0': 14059.752246731125, 'alpha_1': 454.99768115714863, 'alpha_2': 45.43864956600193, 'beta_0': 0.30443226523544936, 'beta_1': 1.8434028468560022, 'beta_2': 1.4886420431401788, 'beta_3': 0.2740818114957267, 'beta_4': 59.68325950047692, 'beta_5': 0.350420413257293, 'beta_6': 155.53254850162458}. Best is trial 957 with value: 71.38427157687855.
[I 2026-04-01 13:25:19,580] Trial 1544 finished with value: 77.0200218421004 and parameters: {'alpha_0': 14203.374121754823, 'alpha_1': 427.6456582381151, 'alpha_2': 45.224420488245805, 'beta_0': 0.2970174240146252, 'beta_1': 1.84745170277116, 'beta_2': 1.5885143349994193, 'beta_3': 0.27230390243587543, 'beta_4': 60.78030744534166, 'beta_5': 0.08637150589239306, 'beta_6': 154.12673085063685}. Best is trial 957 with value: 71.38427157687855.
[I 2026-04-01 13:25:19,672] Trial 1549 finished with value: 77.36001919337792 and parameters: {'alpha_0': 14378.482258525351, 'alpha_1': 5995.817603203865, 'alpha_2': 45.4140657934, 'beta_0': 0.29194869215323016, 'beta_1': 1.8099434944863249, 'beta_2': 1.6113815320807938, 'beta_3': 0.25616806892078015, 'beta_4': 60.00650049125918, 'beta_5': 0.2543710710190483, 'beta_6': 167.04478566468498}. Best is trial 957 with value: 71.38427157687855.
[I 2026-04-01 13:25:20,269] Trial 1548 finished with value: 75.21029774239513 and parameters: {'alpha_0': 14665.786706805104, 'alpha_1': 5920.68848881802, 'alpha_2': 45.28593605524249, 'beta_0': 0.29269459894912286, 'beta_1': 1.8376958542595743, 'beta_2': 1.5506650991931519, 'beta_3': 0.2637904557198376, 'beta_4': 60.100136915223665, 'beta_5': 1.1274363591183867, 'beta_6': 164.38388868566088}. Best is trial 957 with value: 71.38427157687855.
[I 2026-04-01 13:25:58,944] Trial 1550 finished with value: 85.60530273338634 and parameters: {'alpha_0': 14092.434628946416, 'alpha_1': 451.4153478926898, 'alpha_2': 45.787486283962245, 'beta_0': 0.352584346444933, 'beta_1': 1.8383555252117092, 'beta_2': 1.5821136389783466, 'beta_3': 0.26855278033729085, 'beta_4': 59.59647813783363, 'beta_5': 0.39368242005585996, 'beta_6': 169.69845148360073}. Best is trial 957 with value: 71.38427157687855.
[I 2026-04-01 13:25:59,013] Trial 1553 finished with value: 85.6234645994882 and parameters: {'alpha_0': 14241.650095699313, 'alpha_1': 3144.34611803212, 'alpha_2': 45.8418521702968, 'beta_0': 0.350922296318556, 'beta_1': 1.6585857785485962, 'beta_2': 1.4957344873685288, 'beta_3': 0.33805008324565794, 'beta_4': 47.93184789426223, 'beta_5': 36.398665885024116, 'beta_6': 167.99971690469746}. Best is trial 957 with value: 71.38427157687855.
[I 2026-04-01 13:25:59,104] Trial 1552 finished with value: 75.00047769522715 and parameters: {'alpha_0': 14302.341977584081, 'alpha_1': 3932.5170706272456, 'alpha_2': 45.96447881609155, 'beta_0': 0.2001505685711566, 'beta_1': 1.5492876100253719, 'beta_2': 1.6002658419484561, 'beta_3': 0.2700285821227789, 'beta_4': 60.68663074833498, 'beta_5': 39.266203337232525, 'beta_6': 432.96291239641204}. Best is trial 957 with value: 71.38427157687855.
[I 2026-04-01 13:25:59,177] Trial 1555 finished with value: 82.41820141168117 and parameters: {'alpha_0': 13850.700512400821, 'alpha_1': 3998.678963145532, 'alpha_2': 45.480622836382615, 'beta_0': 0.33290317360003757, 'beta_1': 1.9016509822948844, 'beta_2': 1.5776986613128254, 'beta_3': 0.31948914350017876, 'beta_4': 47.172473833752605, 'beta_5': 38.78461618399709, 'beta_6': 129.29097311287364}. Best is trial 957 with value: 71.38427157687855.
[I 2026-04-01 13:25:59,482] Trial 1556 finished with value: 85.02665293548273 and parameters: {'alpha_0': 13211.341673112494, 'alpha_1': 3083.566074054403, 'alpha_2': 46.19746151999047, 'beta_0': 0.3559041630871944, 'beta_1': 1.9152015530665, 'beta_2': 1.5695139232715638, 'beta_3': 0.3322538413606645, 'beta_4': 46.888689630485274, 'beta_5': 35.46442258032117, 'beta_6': 143.5815119952269}. Best is trial 957 with value: 71.38427157687855.
[I 2026-04-01 13:25:59,488] Trial 1554 finished with value: 83.96649347090985 and parameters: {'alpha_0': 13341.585405581807, 'alpha_1': 3844.790019984742, 'alpha_2': 45.72571714312131, 'beta_0': 0.35034553611295155, 'beta_1': 1.9125363204739212, 'beta_2': 1.6000543966502314, 'beta_3': 0.3202586742621874, 'beta_4': 46.87207474887594, 'beta_5': 32.924369229702876, 'beta_6': 138.8287797557494}. Best is trial 957 with value: 71.38427157687855.
[I 2026-04-01 13:25:59,742] Trial 1559 finished with value: 84.76436349748222 and parameters: {'alpha_0': 13282.861562372364, 'alpha_1': 337.0796733943182, 'alpha_2': 46.11153002014498, 'beta_0': 0.36693169121624336, 'beta_1': 1.9245626048540174, 'beta_2': 1.5927227650648952, 'beta_3': 0.32973607518503323, 'beta_4': 46.669455247611694, 'beta_5': 39.81077492988912, 'beta_6': 364.28774311186487}. Best is trial 957 with value: 71.38427157687855.
[I 2026-04-01 13:25:59,948] Trial 1551 finished with value: 982.4894959390618 and parameters: {'alpha_0': 14293.818221240308, 'alpha_1': 3033.2789533314417, 'alpha_2': 45.80730605314849, 'beta_0': 2.0498315033756547, 'beta_1': 1.8465593432936773, 'beta_2': 1.595083910323657, 'beta_3': 0.27224520186131884, 'beta_4': 61.09720123286192, 'beta_5': 36.28185342080397, 'beta_6': 169.5321859918553}. Best is trial 957 with value: 71.38427157687855.
[I 2026-04-01 13:26:00,047] Trial 1558 finished with value: 75.03869087897971 and parameters: {'alpha_0': 14510.881954719911, 'alpha_1': 338.14876899795763, 'alpha_2': 45.942899694388984, 'beta_0': 0.25071468311906275, 'beta_1': 1.9215114467180179, 'beta_2': 1.5404876553726357, 'beta_3': 0.3397812464288633, 'beta_4': 49.43576670034494, 'beta_5': 34.96004865235039, 'beta_6': 129.11307856244017}. Best is trial 957 with value: 71.38427157687855.
[I 2026-04-01 13:26:00,065] Trial 1557 finished with value: 72.52381299303957 and parameters: {'alpha_0': 13134.674245089995, 'alpha_1': 4281.321891488988, 'alpha_2': 45.81867083671838, 'beta_0': 0.2006108725220902, 'beta_1': 1.867856695227167, 'beta_2': 1.5973921426897664, 'beta_3': 0.3181250175866747, 'beta_4': 45.75257660778773, 'beta_5': 37.02167026306298, 'beta_6': 131.51895273558648}. Best is trial 957 with value: 71.38427157687855.
[I 2026-04-01 13:26:38,786] Trial 1560 finished with value: 73.7730861936526 and parameters: {'alpha_0': 13122.769808024277, 'alpha_1': 3277.9457807784693, 'alpha_2': 46.028125393832966, 'beta_0': 0.24618705087867698, 'beta_1': 1.9745305076230537, 'beta_2': 1.5885279066849904, 'beta_3': 0.33365755817841164, 'beta_4': 47.12453406408305, 'beta_5': 31.746685822711562, 'beta_6': 132.3517983715637}. Best is trial 957 with value: 71.38427157687855.
Best trial: 957. Best value: 71.3843:  78%|███████▊  | 1561/2000 [2:21:18<1:00:46,  8.31s/it]Best trial: 957. Best value: 71.3843:  78%|███████▊  | 1561/2000 [2:21:18<1:00:46,  8.31s/it]Best trial: 957. Best value: 71.3843:  78%|███████▊  | 1562/2000 [2:21:18<48:45,  6.68s/it]                                                                                             Best trial: 957. Best value: 71.3843:  78%|███████▊  | 1562/2000 [2:21:18<48:45,  6.68s/it]Best trial: 957. Best value: 71.3843:  78%|███████▊  | 1562/2000 [2:21:18<48:45,  6.68s/it]                                                                                           Best trial: 957. Best value: 71.3843:  78%|███████▊  | 1563/2000 [2:21:18<48:38,  6.68s/it]Best trial: 957. Best value: 71.3843:  78%|███████▊  | 1563/2000 [2:21:18<48:38,  6.68s/it]                                                                                           Best trial: 957. Best value: 71.3843:  78%|███████▊  | 1564/2000 [2:21:18<48:32,  6.68s/it]Best trial: 957. Best value: 71.3843:  78%|███████▊  | 1564/2000 [2:21:18<48:32,  6.68s/it]Best trial: 957. Best value: 71.3843:  78%|███████▊  | 1565/2000 [2:21:18<25:09,  3.47s/it]                                                                                           Best trial: 957. Best value: 71.3843:  78%|███████▊  | 1565/2000 [2:21:18<25:09,  3.47s/it]Best trial: 957. Best value: 71.3843:  78%|███████▊  | 1565/2000 [2:21:18<25:09,  3.47s/it]                                                                                           Best trial: 957. Best value: 71.3843:  78%|███████▊  | 1566/2000 [2:21:19<25:05,  3.47s/it]Best trial: 957. Best value: 71.3843:  78%|███████▊  | 1566/2000 [2:21:19<25:05,  3.47s/it]Best trial: 957. Best value: 71.3843:  78%|███████▊  | 1567/2000 [2:21:19<17:22,  2.41s/it]                                                                                           Best trial: 957. Best value: 71.3843:  78%|███████▊  | 1567/2000 [2:21:19<17:22,  2.41s/it]                                                                                           Best trial: 957. Best value: 71.3843:  78%|███████▊  | 1567/2000 [2:21:19<17:22,  2.41s/it]Best trial: 957. Best value: 71.3843:  78%|███████▊  | 1567/2000 [2:21:19<17:22,  2.41s/it]Best trial: 957. Best value: 71.3843:  78%|███████▊  | 1568/2000 [2:21:19<17:20,  2.41s/it]Best trial: 957. Best value: 71.3843:  78%|███████▊  | 1569/2000 [2:21:19<12:04,  1.68s/it]                                                                                           Best trial: 957. Best value: 71.3843:  78%|███████▊  | 1569/2000 [2:21:19<12:04,  1.68s/it]Best trial: 957. Best value: 71.3843:  78%|███████▊  | 1569/2000 [2:21:19<12:04,  1.68s/it]Best trial: 957. Best value: 71.3843:  78%|███████▊  | 1570/2000 [2:21:36<12:03,  1.68s/it]                                                                                           Best trial: 957. Best value: 71.3843:  78%|███████▊  | 1570/2000 [2:21:58<12:03,  1.68s/it]Best trial: 957. Best value: 71.3843:  78%|███████▊  | 1570/2000 [2:21:58<12:03,  1.68s/it]Best trial: 957. Best value: 71.3843:  79%|███████▊  | 1571/2000 [2:21:58<51:56,  7.27s/it]                                                                                           Best trial: 957. Best value: 71.3843:  79%|███████▊  | 1571/2000 [2:21:58<51:56,  7.27s/it]Best trial: 957. Best value: 71.3843:  79%|███████▊  | 1571/2000 [2:21:58<51:56,  7.27s/it]                                                                                           Best trial: 957. Best value: 71.3843:  79%|███████▊  | 1572/2000 [2:21:59<51:49,  7.27s/it]Best trial: 957. Best value: 71.3843:  79%|███████▊  | 1572/2000 [2:21:59<51:49,  7.27s/it]Best trial: 957. Best value: 71.3843:  79%|███████▊  | 1573/2000 [2:21:59<36:24,  5.12s/it]                                                                                           Best trial: 957. Best value: 71.3843:  79%|███████▊  | 1573/2000 [2:21:59<36:24,  5.12s/it]Best trial: 957. Best value: 71.3843:  79%|███████▊  | 1573/2000 [2:21:59<36:24,  5.12s/it]                                                                                           Best trial: 957. Best value: 71.3843:  79%|███████▊  | 1574/2000 [2:21:59<36:19,  5.12s/it]                                                                                           Best trial: 957. Best value: 71.3843:  79%|███████▊  | 1574/2000 [2:21:59<36:19,  5.12s/it]Best trial: 957. Best value: 71.3843:  79%|███████▊  | 1574/2000 [2:21:59<36:19,  5.12s/it]Best trial: 957. Best value: 71.3843:  79%|███████▉  | 1575/2000 [2:21:59<36:14,  5.12s/it]                                                                                           Best trial: 957. Best value: 71.3843:  79%|███████▉  | 1576/2000 [2:21:59<36:09,  5.12s/it]                                                                                           Best trial: 957. Best value: 71.3843:  79%|███████▉  | 1576/2000 [2:21:59<36:09,  5.12s/it]Best trial: 957. Best value: 71.3843:  79%|███████▉  | 1576/2000 [2:21:59<36:09,  5.12s/it]Best trial: 957. Best value: 71.3843:  79%|███████▉  | 1577/2000 [2:21:59<19:27,  2.76s/it]                                                                                           Best trial: 957. Best value: 71.3843:  79%|███████▉  | 1577/2000 [2:21:59<19:27,  2.76s/it]Best trial: 957. Best value: 71.3843:  79%|███████▉  | 1577/2000 [2:21:59<19:27,  2.76s/it]                                                                                           [I 2026-04-01 13:26:39,624] Trial 1562 finished with value: 75.28515781499675 and parameters: {'alpha_0': 13290.664346746478, 'alpha_1': 4312.602499155524, 'alpha_2': 43.413004440146736, 'beta_0': 0.2520521014030236, 'beta_1': 1.8878751725873608, 'beta_2': 1.680685026420267, 'beta_3': 0.32861539501644577, 'beta_4': 48.505187964244826, 'beta_5': 36.95436531987223, 'beta_6': 127.56263725169644}. Best is trial 957 with value: 71.38427157687855.
[I 2026-04-01 13:26:39,631] Trial 1561 finished with value: 75.95984907006434 and parameters: {'alpha_0': 12877.759720762442, 'alpha_1': 673.6045998489906, 'alpha_2': 43.504079180864316, 'beta_0': 0.2576206039300702, 'beta_1': 1.8482247349832135, 'beta_2': 1.747463131196723, 'beta_3': 0.32038210594484373, 'beta_4': 47.298998915153575, 'beta_5': 35.73564795326449, 'beta_6': 136.51694531704172}. Best is trial 957 with value: 71.38427157687855.
[I 2026-04-01 13:26:39,686] Trial 1566 finished with value: 73.44690508724017 and parameters: {'alpha_0': 12953.120521009967, 'alpha_1': 3827.145977799067, 'alpha_2': 43.35762991120584, 'beta_0': 0.2517473923677759, 'beta_1': 1.8924097480046373, 'beta_2': 1.4848233038680416, 'beta_3': 0.31096039878044024, 'beta_4': 56.170867011556886, 'beta_5': 21.99962605947178, 'beta_6': 141.2447566602645}. Best is trial 957 with value: 71.38427157687855.
[I 2026-04-01 13:26:39,705] Trial 1565 finished with value: 73.02418052502178 and parameters: {'alpha_0': 13076.339163616209, 'alpha_1': 4115.045098043434, 'alpha_2': 43.11113120232496, 'beta_0': 0.24772831747728083, 'beta_1': 1.9269210575385807, 'beta_2': 1.4855880796745344, 'beta_3': 0.3550178142228546, 'beta_4': 57.55423175022972, 'beta_5': 22.58032047733404, 'beta_6': 131.82760432446693}. Best is trial 957 with value: 71.38427157687855.
[I 2026-04-01 13:26:39,818] Trial 1564 finished with value: 111.3297583755745 and parameters: {'alpha_0': 12968.618528014173, 'alpha_1': 722.293213105952, 'alpha_2': 43.337304419395025, 'beta_0': 0.24947261601654433, 'beta_1': 1.906081654303049, 'beta_2': 1.495505463788095, 'beta_3': 0.35881725462680203, 'beta_4': 182.87286869096653, 'beta_5': 23.435590136508324, 'beta_6': 130.3573044946296}. Best is trial 957 with value: 71.38427157687855.
[I 2026-04-01 13:26:39,884] Trial 1563 finished with value: 74.27879021307022 and parameters: {'alpha_0': 12975.019130452514, 'alpha_1': 3492.326212471762, 'alpha_2': 43.38056321504402, 'beta_0': 0.24767932539169132, 'beta_1': 1.9247382092310028, 'beta_2': 1.5098601354460273, 'beta_3': 0.3394586514749528, 'beta_4': 47.36593123178525, 'beta_5': 34.30166448597528, 'beta_6': 144.74653025777394}. Best is trial 957 with value: 71.38427157687855.
[I 2026-04-01 13:26:39,971] Trial 1567 finished with value: 72.22579470834751 and parameters: {'alpha_0': 13135.4194643994, 'alpha_1': 3170.4782394446856, 'alpha_2': 43.38346723717802, 'beta_0': 0.20000979982365605, 'beta_1': 1.981317185174399, 'beta_2': 1.489122446752603, 'beta_3': 0.3654648910888934, 'beta_4': 55.36670543690382, 'beta_5': 23.012395356787632, 'beta_6': 150.67934001908844}. Best is trial 957 with value: 71.38427157687855.
[I 2026-04-01 13:26:40,020] Trial 1569 finished with value: 74.30365142614986 and parameters: {'alpha_0': 13131.594060568408, 'alpha_1': 4079.002125424988, 'alpha_2': 43.48889203893474, 'beta_0': 0.2604833134261111, 'beta_1': 2.0006756447390415, 'beta_2': 1.5150367585292763, 'beta_3': 0.3694856924814761, 'beta_4': 56.28619975652583, 'beta_5': 21.759652367847895, 'beta_6': 145.483233654986}. Best is trial 957 with value: 71.38427157687855.
[I 2026-04-01 13:26:40,401] Trial 1568 finished with value: 72.31998202971135 and parameters: {'alpha_0': 15099.489485337963, 'alpha_1': 3656.6354590412875, 'alpha_2': 43.126560461742, 'beta_0': 0.20028803745336096, 'beta_1': 1.7932925267599364, 'beta_2': 1.4865594654103145, 'beta_3': 0.2962744619618484, 'beta_4': 55.9792471543831, 'beta_5': 23.86154551411378, 'beta_6': 493.39545896748115}. Best is trial 957 with value: 71.38427157687855.
[I 2026-04-01 13:27:19,787] Trial 1573 finished with value: 72.34660042566153 and parameters: {'alpha_0': 15119.488431368125, 'alpha_1': 3400.042866855563, 'alpha_2': 44.560420282750286, 'beta_0': 0.2000721121398872, 'beta_1': 1.7831737593681352, 'beta_2': 1.4950121842521997, 'beta_3': 0.36551156249517536, 'beta_4': 51.71838337873899, 'beta_5': 16.562498677489778, 'beta_6': 147.9920280283797}. Best is trial 957 with value: 71.38427157687855.
[I 2026-04-01 13:27:19,812] Trial 1570 finished with value: 72.99632576425358 and parameters: {'alpha_0': 15301.825174536923, 'alpha_1': 2884.965138969532, 'alpha_2': 43.04289399446887, 'beta_0': 0.24824860464310866, 'beta_1': 2.01221030699319, 'beta_2': 1.4912880170568537, 'beta_3': 0.3686643854390153, 'beta_4': 56.71811353660269, 'beta_5': 20.873108386700988, 'beta_6': 142.43140452067027}. Best is trial 957 with value: 71.38427157687855.
[I 2026-04-01 13:27:20,227] Trial 1574 finished with value: 75.03264930490906 and parameters: {'alpha_0': 14820.825956356977, 'alpha_1': 3349.2773265935903, 'alpha_2': 37.15634996219667, 'beta_0': 0.25124441651973334, 'beta_1': 2.0053396194764166, 'beta_2': 1.4914308707876804, 'beta_3': 0.3713901497027614, 'beta_4': 53.40232551838409, 'beta_5': 18.733291667834855, 'beta_6': 151.78314546551888}. Best is trial 957 with value: 71.38427157687855.
[I 2026-04-01 13:27:20,235] Trial 1575 finished with value: 77.21270831898389 and parameters: {'alpha_0': 15101.047741705337, 'alpha_1': 686.58863672214, 'alpha_2': 44.32662752812646, 'beta_0': 0.2933291939085508, 'beta_1': 1.7783566078252804, 'beta_2': 1.4661739789825348, 'beta_3': 0.37394490407253994, 'beta_4': 53.13322142561966, 'beta_5': 17.018762807467045, 'beta_6': 302.1621081112023}. Best is trial 957 with value: 71.38427157687855.
[I 2026-04-01 13:27:20,261] Trial 1579 finished with value: 72.7089678936367 and parameters: {'alpha_0': 14245.609125817458, 'alpha_1': 624.3917015063817, 'alpha_2': 44.71918508396565, 'beta_0': 0.20041526127652134, 'beta_1': 2.1755312284773, 'beta_2': 1.5336287022889339, 'beta_3': 0.44243335403259626, 'beta_4': 52.81578546373391, 'beta_5': 51.26724732354602, 'beta_6': 150.1187193725344}. Best is trial 957 with value: 71.38427157687855.
[I 2026-04-01 13:27:20,281] Trial 1576 finished with value: 74.12702462588845 and parameters: {'alpha_0': 14186.41691618849, 'alpha_1': 3512.8417819802735, 'alpha_2': 44.55542985313084, 'beta_0': 0.2869386639121141, 'beta_1': 1.992765276044739, 'beta_2': 1.5432152649804098, 'beta_3': 0.3722724553354478, 'beta_4': 57.782023116840584, 'beta_5': 17.899506061587104, 'beta_6': 148.31243004569885}. Best is trial 957 with value: 71.38427157687855.
[I 2026-04-01 13:27:20,409] Trial 1577 finished with value: 71.86402265502554 and parameters: {'alpha_0': 14386.765321320745, 'alpha_1': 4047.6467472839454, 'alpha_2': 44.376549518351126, 'beta_0': 0.20294263163284826, 'beta_1': 1.9845657439252475, 'beta_2': 1.5420024663448657, 'beta_3': 0.4246650433160452, 'beta_4': 56.91468573235093, 'beta_5': 14.058240230554222, 'beta_6': 144.48042893481397}. Best is trial 957 with value: 71.38427157687855.
[I 2026-04-01 13:27:20,420] Trial 1572 finished with value: 73.95947268586308 and parameters: {'alpha_0': 15088.030244176214, 'alpha_1': 3724.4800452067975, 'alpha_2': 44.566499179955514, 'beta_0': 0.2452673768812028, 'beta_1': 1.7816465561437675, 'beta_2': 1.500692940376793, 'beta_3': 0.37311596421000737, 'beta_4': 56.27422679731722, 'beta_5': 20.25168217637918, 'beta_6': 499.0041844899221}. Best is trial 957 with value: 71.38427157687855.
[I 2026-04-01 13:27:20,504] Trial 1578 finished with value: 78.19755943227935 and parameters: {'alpha_0': 14804.482839377282, 'alpha_1': 3856.924269016942, 'alpha_2': 44.38562089755359, 'beta_0': 0.2994967702754448, 'beta_1': 1.979226061456546, 'beta_2': 1.5235630073490547, 'beta_3': 0.3751060639655439, 'beta_4': 57.00026497949065, 'beta_5': 16.145026093332874, 'beta_6': 147.65740295185114}. Best is trial 957 with value: 71.38427157687855.
