[I 2026-04-01 11:59:21,106] Trial 740 finished with value: 74.44555837951788 and parameters: {'alpha_0': 13250.288681719547, 'alpha_1': 1361.0891898426514, 'alpha_2': 31.066184975390676, 'beta_0': 0.2565665281075238, 'beta_1': 1.2990993917278606, 'beta_2': 1.1119970227877538, 'beta_3': 1.7708569755577963, 'beta_4': 79.94682916338236, 'beta_5': 84.51598297201544, 'beta_6': 135.2875939078448}. Best is trial 576 with value: 73.41078608586943.
[I 2026-04-01 11:59:21,238] Trial 742 finished with value: 73.70369803723047 and parameters: {'alpha_0': 13337.3013927565, 'alpha_1': 1383.326559936532, 'alpha_2': 31.534602510647673, 'beta_0': 0.20338438580969237, 'beta_1': 1.37515853471477, 'beta_2': 1.0810193478821286, 'beta_3': 0.5013519146073608, 'beta_4': 81.09118838542335, 'beta_5': 104.67334487410454, 'beta_6': 137.68667178879613}. Best is trial 576 with value: 73.41078608586943.
[I 2026-04-01 11:59:21,245] Trial 741 finished with value: 75.50957549049616 and parameters: {'alpha_0': 13379.305660915674, 'alpha_1': 1356.7533105960615, 'alpha_2': 31.287763949281477, 'beta_0': 0.2513742625114036, 'beta_1': 1.2683620942367666, 'beta_2': 1.1213328531861608, 'beta_3': 0.4733647139438623, 'beta_4': 71.28737046158817, 'beta_5': 77.57804605087836, 'beta_6': 137.03046892917638}. Best is trial 576 with value: 73.41078608586943.
[I 2026-04-01 11:59:21,293] Trial 746 finished with value: 76.63965159881445 and parameters: {'alpha_0': 13501.686694198668, 'alpha_1': 1402.2198635590426, 'alpha_2': 31.177161656725858, 'beta_0': 0.2853932177786249, 'beta_1': 1.3902589571319959, 'beta_2': 1.1683413617537617, 'beta_3': 1.6670468693749159, 'beta_4': 74.84244668647543, 'beta_5': 75.9690647546801, 'beta_6': 145.44089534853288}. Best is trial 576 with value: 73.41078608586943.
[I 2026-04-01 11:59:21,465] Trial 743 finished with value: 75.75835214426314 and parameters: {'alpha_0': 13563.372548422874, 'alpha_1': 1387.5257902833523, 'alpha_2': 30.768318314395074, 'beta_0': 0.25267462198037693, 'beta_1': 1.284358403916464, 'beta_2': 1.1472002598866797, 'beta_3': 1.4177228962935133, 'beta_4': 72.88679231803481, 'beta_5': 81.08390860885254, 'beta_6': 138.49062892307916}. Best is trial 576 with value: 73.41078608586943.
[I 2026-04-01 11:59:21,501] Trial 749 finished with value: 73.30655277472133 and parameters: {'alpha_0': 13710.694314783983, 'alpha_1': 1069.528456195008, 'alpha_2': 31.392352913320046, 'beta_0': 0.20066706214665841, 'beta_1': 1.3511506859312188, 'beta_2': 1.1667901768299316, 'beta_3': 0.4986594406533865, 'beta_4': 70.89641516388076, 'beta_5': 80.37464373532195, 'beta_6': 133.1963272385777}. Best is trial 749 with value: 73.30655277472133.
[I 2026-04-01 11:59:22,381] Trial 745 finished with value: 74.02848533723761 and parameters: {'alpha_0': 13339.527947310533, 'alpha_1': 1414.6777862424635, 'alpha_2': 31.219366903801074, 'beta_0': 0.20159758354990961, 'beta_1': 1.2558855466022945, 'beta_2': 1.1289096506667826, 'beta_3': 1.7701967803750256, 'beta_4': 73.2336753769855, 'beta_5': 76.93361503338754, 'beta_6': 134.4725490626057}. Best is trial 749 with value: 73.30655277472133.
[I 2026-04-01 12:00:05,404] Trial 750 finished with value: 82.10135661191943 and parameters: {'alpha_0': 11439.58919566006, 'alpha_1': 1457.7495145200155, 'alpha_2': 31.448862995696796, 'beta_0': 0.3035307076574234, 'beta_1': 1.383521932134486, 'beta_2': 1.2501595192977095, 'beta_3': 1.7864884143054742, 'beta_4': 71.43117842564199, 'beta_5': 73.3463835798835, 'beta_6': 162.6698963567367}. Best is trial 749 with value: 73.30655277472133.
[I 2026-04-01 12:00:05,679] Trial 755 finished with value: 87.23875054463461 and parameters: {'alpha_0': 11446.211861028069, 'alpha_1': 1021.6092656241235, 'alpha_2': 32.189738474699396, 'beta_0': 0.3280033835865058, 'beta_1': 1.2680310469141376, 'beta_2': 1.2942689989701246, 'beta_3': 1.7489283878596453, 'beta_4': 78.20094060322701, 'beta_5': 89.50358971970564, 'beta_6': 163.52670764291778}. Best is trial 749 with value: 73.30655277472133.
[I 2026-04-01 12:00:06,057] Trial 752 finished with value: 77.11725835158774 and parameters: {'alpha_0': 10893.880458704693, 'alpha_1': 1409.6590936144278, 'alpha_2': 31.953081513054098, 'beta_0': 0.3051742653820532, 'beta_1': 1.2299810375139137, 'beta_2': 1.2703380999213392, 'beta_3': 1.6872598818310152, 'beta_4': 71.51070534530011, 'beta_5': 69.2616725340618, 'beta_6': 163.07449852457248}. Best is trial 749 with value: 73.30655277472133.
[I 2026-04-01 12:00:06,063] Trial 751 finished with value: 78.36544580165011 and parameters: {'alpha_0': 10945.685347848696, 'alpha_1': 1469.6261301097036, 'alpha_2': 31.651389966930605, 'beta_0': 0.30193994956985637, 'beta_1': 1.3855588183721086, 'beta_2': 1.1023031135097154, 'beta_3': 1.7829774344450242, 'beta_4': 70.29831273585158, 'beta_5': 74.91207583523988, 'beta_6': 137.1442064159715}. Best is trial 749 with value: 73.30655277472133.
[I 2026-04-01 12:00:06,237] Trial 759 finished with value: 77.45930020846725 and parameters: {'alpha_0': 11070.872879994276, 'alpha_1': 1141.5770003071493, 'alpha_2': 32.16236086186462, 'beta_0': 0.33123506225538146, 'beta_1': 1.3323207490798161, 'beta_2': 1.1312051678254822, 'beta_3': 1.7170285599820805, 'beta_4': 75.77098591232496, 'beta_5': 86.91079071921337, 'beta_6': 140.48874309499956}. Best is trial 749 with value: 73.30655277472133.
[I 2026-04-01 12:00:06,239] Trial 756 finished with value: 79.91222223650038 and parameters: {'alpha_0': 11366.550648829036, 'alpha_1': 1087.7384893244878, 'alpha_2': 32.74068758129692, 'beta_0': 0.32746939061740904, 'beta_1': 1.4224817318833967, 'beta_2': 1.0947347436692751, 'beta_3': 1.3256596478470368, 'beta_4': 76.99976694752165, 'beta_5': 85.92657481449402, 'beta_6': 182.99313454514194}. Best is trial 749 with value: 73.30655277472133.
Best trial: 749. Best value: 73.3066:  38%|███▊      | 756/2000 [54:45<1:15:22,  3.64s/it]                                                                                          Best trial: 749. Best value: 73.3066:  38%|███▊      | 756/2000 [54:45<1:15:22,  3.64s/it]Best trial: 749. Best value: 73.3066:  38%|███▊      | 756/2000 [54:45<1:15:22,  3.64s/it]Best trial: 749. Best value: 73.3066:  38%|███▊      | 757/2000 [54:45<1:15:18,  3.64s/it]                                                                                          Best trial: 749. Best value: 73.3066:  38%|███▊      | 758/2000 [54:45<1:15:14,  3.64s/it]Best trial: 749. Best value: 73.3066:  38%|███▊      | 758/2000 [54:45<1:15:14,  3.64s/it]Best trial: 749. Best value: 73.3066:  38%|███▊      | 759/2000 [54:45<37:23,  1.81s/it]                                                                                          Best trial: 749. Best value: 73.3066:  38%|███▊      | 759/2000 [54:45<37:23,  1.81s/it]Best trial: 749. Best value: 73.3066:  38%|███▊      | 759/2000 [54:45<37:23,  1.81s/it]Best trial: 749. Best value: 73.3066:  38%|███▊      | 760/2000 [54:45<32:15,  1.56s/it]                                                                                        Best trial: 749. Best value: 73.3066:  38%|███▊      | 760/2000 [55:27<32:15,  1.56s/it]                                                                                        Best trial: 749. Best value: 73.3066:  38%|███▊      | 760/2000 [55:27<32:15,  1.56s/it]Best trial: 749. Best value: 73.3066:  38%|███▊      | 760/2000 [55:27<32:15,  1.56s/it]Best trial: 749. Best value: 73.3066:  38%|███▊      | 761/2000 [55:27<3:01:29,  8.79s/it]Best trial: 749. Best value: 73.3066:  38%|███▊      | 761/2000 [55:27<3:01:29,  8.79s/it]                                                                                          Best trial: 749. Best value: 73.3066:  38%|███▊      | 762/2000 [55:27<3:01:21,  8.79s/it]Best trial: 749. Best value: 73.3066:  38%|███▊      | 762/2000 [55:27<3:01:21,  8.79s/it]Best trial: 749. Best value: 73.3066:  38%|███▊      | 763/2000 [55:27<1:59:59,  5.82s/it]                                                                                          Best trial: 749. Best value: 73.3066:  38%|███▊      | 763/2000 [55:27<1:59:59,  5.82s/it]                                                                                          Best trial: 749. Best value: 73.3066:  38%|███▊      | 763/2000 [55:27<1:59:59,  5.82s/it]                                                                                          Best trial: 749. Best value: 73.3066:  38%|███▊      | 763/2000 [55:27<1:59:59,  5.82s/it]                                                                                          Best trial: 749. Best value: 73.3066:  38%|███▊      | 763/2000 [55:27<1:59:59,  5.82s/it]Best trial: 765. Best value: 73.1828:  38%|███▊      | 763/2000 [55:27<1:59:59,  5.82s/it]Best trial: 765. Best value: 73.1828:  38%|███▊      | 764/2000 [55:27<1:37:46,  4.75s/it]Best trial: 765. Best value: 73.1828:  38%|███▊      | 764/2000 [55:27<1:37:46,  4.75s/it]Best trial: 765. Best value: 73.1828:  38%|███▊      | 765/2000 [55:27<1:37:41,  4.75s/it]Best trial: 765. Best value: 73.1828:  38%|███▊      | 766/2000 [55:27<1:37:36,  4.75s/it]                                                                                          Best trial: 765. Best value: 73.1828:  38%|███▊      | 767/2000 [55:28<1:37:32,  4.75s/it]Best trial: 765. Best value: 73.1828:  38%|███▊      | 767/2000 [55:28<1:37:32,  4.75s/it]Best trial: 765. Best value: 73.1828:  38%|███▊      | 768/2000 [55:28<47:42,  2.32s/it]                                                                                          Best trial: 765. Best value: 73.1828:  38%|███▊      | 768/2000 [55:28<47:42,  2.32s/it]Best trial: 765. Best value: 73.1828:  38%|███▊      | 768/2000 [55:28<47:42,  2.32s/it]                                                                                        Best trial: 765. Best value: 73.1828:  38%|███▊      | 769/2000 [55:28<47:39,  2.32s/it]Best trial: 765. Best value: 73.1828:  38%|███▊      | 769/2000 [55:28<47:39,  2.32s/it]Best trial: 765. Best value: 73.1828:  38%|███▊      | 770/2000 [55:28<35:41,  1.74s/it]                                                                                        Best trial: 765. Best value: 73.1828:  38%|███▊      | 770/2000 [56:10<35:41,  1.74s/it]                                                                                        Best trial: 765. Best value: 73.1828:  38%|███▊      | 770/2000 [56:10<35:41,  1.74s/it]Best trial: 765. Best value: 73.1828:  38%|███▊      | 770/2000 [56:10<35:41,  1.74s/it]Best trial: 765. Best value: 73.1828:  39%|███▊      | 771/2000 [56:10<2:50:25,  8.32s/it]                                                                                          Best trial: 765. Best value: 73.1828:  39%|███▊      | 771/2000 [56:10<2:50:25,  8.32s/it]Best trial: 765. Best value: 73.1828:  39%|███▊      | 771/2000 [56:10<2:50:25,  8.32s/it]Best trial: 765. Best value: 73.1828:  39%|███▊      | 772/2000 [56:10<2:50:16,  8.32s/it]                                                                                          Best trial: 765. Best value: 73.1828:  39%|███▊      | 773/2000 [56:10<2:50:08,  8.32s/it]Best trial: 765. Best value: 73.1828:  39%|███▊      | 773/2000 [56:10<2:50:08,  8.32s/it]Best trial: 765. Best value: 73.1828:  39%|███▊      | 774/2000 [56:10<1:40:12,  4.90s/it]                                                                                          [I 2026-04-01 12:00:06,272] Trial 758 finished with value: 76.95370210888265 and parameters: {'alpha_0': 11112.46928262835, 'alpha_1': 1066.800766587691, 'alpha_2': 32.222229282003596, 'beta_0': 0.3123291638432126, 'beta_1': 1.4765753520341935, 'beta_2': 1.1898058294829597, 'beta_3': 0.5455802650119567, 'beta_4': 69.46430592113867, 'beta_5': 71.23657489640847, 'beta_6': 163.6306476589821}. Best is trial 749 with value: 73.30655277472133.
[I 2026-04-01 12:00:06,273] Trial 753 finished with value: 77.77140476268224 and parameters: {'alpha_0': 11376.146472039962, 'alpha_1': 8225.544585322334, 'alpha_2': 31.785265066548103, 'beta_0': 0.3136335883541475, 'beta_1': 1.3645797344324706, 'beta_2': 1.120335767649045, 'beta_3': 1.7756144756718037, 'beta_4': 80.65905636747283, 'beta_5': 82.18091831727385, 'beta_6': 139.38414705533003}. Best is trial 749 with value: 73.30655277472133.
[I 2026-04-01 12:00:06,508] Trial 754 finished with value: 81.38992282375193 and parameters: {'alpha_0': 11210.120263892572, 'alpha_1': 1051.2187971484645, 'alpha_2': 32.56884683440037, 'beta_0': 0.32771896199006867, 'beta_1': 1.4205268442400478, 'beta_2': 1.3177430535090255, 'beta_3': 1.7786351321959226, 'beta_4': 78.12981765246148, 'beta_5': 83.02856887508605, 'beta_6': 128.00759311497953}. Best is trial 749 with value: 73.30655277472133.
[I 2026-04-01 12:00:06,774] Trial 757 finished with value: 139.31812832276972 and parameters: {'alpha_0': 11627.485487433232, 'alpha_1': 1080.8366877256783, 'alpha_2': 32.20597203262634, 'beta_0': 0.5162464527626485, 'beta_1': 1.3388267382032544, 'beta_2': 1.2354519772074664, 'beta_3': 0.5293188216013087, 'beta_4': 71.35199157695764, 'beta_5': 62.97539675861652, 'beta_6': 185.06269311482447}. Best is trial 749 with value: 73.30655277472133.
[I 2026-04-01 12:00:48,187] Trial 760 finished with value: 81.96525563819563 and parameters: {'alpha_0': 12008.89518002342, 'alpha_1': 1049.7244678622249, 'alpha_2': 32.29284522985899, 'beta_0': 0.3174952542396319, 'beta_1': 1.3793043113197028, 'beta_2': 1.3244381134496244, 'beta_3': 1.6990439802772666, 'beta_4': 65.38312411409882, 'beta_5': 82.70098521067396, 'beta_6': 157.39059916310308}. Best is trial 749 with value: 73.30655277472133.
[I 2026-04-01 12:00:48,189] Trial 761 finished with value: 79.32747745923339 and parameters: {'alpha_0': 11818.546825189771, 'alpha_1': 1113.3602988566138, 'alpha_2': 32.23749744829395, 'beta_0': 0.30126133539583144, 'beta_1': 1.359562537569037, 'beta_2': 1.261828762705621, 'beta_3': 0.5299163551905475, 'beta_4': 67.87460794638085, 'beta_5': 67.23800604901444, 'beta_6': 134.26430553008353}. Best is trial 749 with value: 73.30655277472133.
[I 2026-04-01 12:00:48,370] Trial 763 finished with value: 74.83447987294139 and parameters: {'alpha_0': 11929.425094659331, 'alpha_1': 1133.5420184705013, 'alpha_2': 32.34380760528704, 'beta_0': 0.25633318897222984, 'beta_1': 1.4550637408071385, 'beta_2': 1.2030881120355725, 'beta_3': 0.5496620488243356, 'beta_4': 65.19454582623597, 'beta_5': 55.11696179098128, 'beta_6': 135.57233691704872}. Best is trial 749 with value: 73.30655277472133.
[I 2026-04-01 12:00:48,693] Trial 765 finished with value: 73.1827637013827 and parameters: {'alpha_0': 13663.447091815808, 'alpha_1': 1081.4823986800684, 'alpha_2': 29.943745872613835, 'beta_0': 0.2004519268859964, 'beta_1': 1.2259342186427642, 'beta_2': 1.1730311088352432, 'beta_3': 0.520968980410913, 'beta_4': 73.83097344083247, 'beta_5': 93.18938012498339, 'beta_6': 136.36114698781356}. Best is trial 765 with value: 73.1827637013827.
[I 2026-04-01 12:00:48,701] Trial 764 finished with value: 74.80578864026862 and parameters: {'alpha_0': 13822.99426399244, 'alpha_1': 1101.4939707073324, 'alpha_2': 30.563134932897587, 'beta_0': 0.2608030087260853, 'beta_1': 1.3415163380777861, 'beta_2': 1.2254118104663045, 'beta_3': 0.4128366670645729, 'beta_4': 74.89050085598652, 'beta_5': 58.834319413767865, 'beta_6': 148.4924297987443}. Best is trial 765 with value: 73.1827637013827.
[I 2026-04-01 12:00:48,709] Trial 767 finished with value: 73.28663076912287 and parameters: {'alpha_0': 13810.753797588228, 'alpha_1': 1072.4326192538351, 'alpha_2': 30.251574690737257, 'beta_0': 0.2023512752334974, 'beta_1': 1.4301206020979642, 'beta_2': 1.2376973050945475, 'beta_3': 0.5036872795725527, 'beta_4': 67.79746295741862, 'beta_5': 94.91047912823359, 'beta_6': 146.1826247295641}. Best is trial 765 with value: 73.1827637013827.
[I 2026-04-01 12:00:48,712] Trial 762 finished with value: 75.49893439160891 and parameters: {'alpha_0': 12384.252313919369, 'alpha_1': 1069.843370658323, 'alpha_2': 33.099220686458146, 'beta_0': 0.25508135818327826, 'beta_1': 1.470156982422153, 'beta_2': 1.168537071758588, 'beta_3': 0.3854829939177834, 'beta_4': 71.4739718314332, 'beta_5': 61.75122351562313, 'beta_6': 188.05209566937197}. Best is trial 765 with value: 73.1827637013827.
[I 2026-04-01 12:00:49,352] Trial 769 finished with value: 426.5796689043238 and parameters: {'alpha_0': 13629.047719271317, 'alpha_1': 849.2485833828206, 'alpha_2': 30.30670181511517, 'beta_0': 1.1311796200101534, 'beta_1': 1.2415766759347868, 'beta_2': 1.1906310855440385, 'beta_3': 0.581157496817265, 'beta_4': 75.59260575733539, 'beta_5': 90.87629430146151, 'beta_6': 150.15451182682864}. Best is trial 765 with value: 73.1827637013827.
[I 2026-04-01 12:00:49,434] Trial 768 finished with value: 74.48698357937442 and parameters: {'alpha_0': 13786.574152216377, 'alpha_1': 1082.9774105519944, 'alpha_2': 30.270525176134747, 'beta_0': 0.2527755200149651, 'beta_1': 1.33012410476386, 'beta_2': 1.211181769293412, 'beta_3': 0.39631251229638287, 'beta_4': 63.70900667231872, 'beta_5': 92.57699505267242, 'beta_6': 133.84629279483485}. Best is trial 765 with value: 73.1827637013827.
[I 2026-04-01 12:00:49,750] Trial 766 finished with value: 415.9077766107266 and parameters: {'alpha_0': 13727.082190535579, 'alpha_1': 1067.254700463708, 'alpha_2': 30.421892205208277, 'beta_0': 1.1203482858564549, 'beta_1': 1.2230656872517933, 'beta_2': 1.2177821378995686, 'beta_3': 0.38224812241054923, 'beta_4': 69.26858450253025, 'beta_5': 60.418934656634235, 'beta_6': 134.03769323032952}. Best is trial 765 with value: 73.1827637013827.
[I 2026-04-01 12:01:31,682] Trial 770 finished with value: 75.57104982296822 and parameters: {'alpha_0': 13766.44907789315, 'alpha_1': 763.3119776545009, 'alpha_2': 29.93631406653641, 'beta_0': 0.20069270611207438, 'beta_1': 1.242606209575334, 'beta_2': 1.200001607405833, 'beta_3': 0.458794771178624, 'beta_4': 74.47144143473928, 'beta_5': 90.19564325317326, 'beta_6': 145.26373291125168}. Best is trial 765 with value: 73.1827637013827.
[I 2026-04-01 12:01:31,686] Trial 776 finished with value: 77.61498882141464 and parameters: {'alpha_0': 13752.006145487268, 'alpha_1': 844.4291001211984, 'alpha_2': 30.153396914966073, 'beta_0': 0.24663946509470042, 'beta_1': 1.4793350830261731, 'beta_2': 1.2280789179214533, 'beta_3': 0.47997269815249305, 'beta_4': 62.035066513483024, 'beta_5': 93.1905507734837, 'beta_6': 132.39657925144405}. Best is trial 765 with value: 73.1827637013827.
[I 2026-04-01 12:01:31,697] Trial 779 finished with value: 73.24867847384442 and parameters: {'alpha_0': 13965.856119644994, 'alpha_1': 782.4779035692272, 'alpha_2': 33.789896076321604, 'beta_0': 0.20151225728732064, 'beta_1': 1.2449856718680732, 'beta_2': 1.276863653844221, 'beta_3': 0.4869632266904058, 'beta_4': 61.56767923588769, 'beta_5': 102.05714041052937, 'beta_6': 154.24633643910576}. Best is trial 765 with value: 73.1827637013827.
[I 2026-04-01 12:01:31,771] Trial 773 finished with value: 78.66525089148374 and parameters: {'alpha_0': 13800.818073293272, 'alpha_1': 769.9977934629611, 'alpha_2': 30.340119027827956, 'beta_0': 0.24356599198635628, 'beta_1': 1.2480167449668398, 'beta_2': 1.2523507568807657, 'beta_3': 0.4825322789992525, 'beta_4': 65.92031907131312, 'beta_5': 90.73995952458776, 'beta_6': 146.44766548748052}. Best is trial 765 with value: 73.1827637013827.
