[I 2026-04-01 12:38:30,339] Trial 1282 finished with value: 131.3771697665949 and parameters: {'alpha_0': 17323.1052085673, 'alpha_1': 4449.006567441567, 'alpha_2': 46.72923852353479, 'beta_0': 0.2560849942987802, 'beta_1': 1.8982460617894577, 'beta_2': 2.6406449236557634, 'beta_3': 0.32320696766790774, 'beta_4': 55.156369585696375, 'beta_5': 0.15369677842046636, 'beta_6': 473.0676205207908}. Best is trial 957 with value: 71.38427157687855.
[I 2026-04-01 12:38:30,354] Trial 1286 finished with value: 108.08509956213268 and parameters: {'alpha_0': 18843.187885068284, 'alpha_1': 5444.365692012934, 'alpha_2': 46.52514230510148, 'beta_0': 0.2544164847569142, 'beta_1': 1.9692872391818144, 'beta_2': 0.34677076244768346, 'beta_3': 0.33624781205399795, 'beta_4': 46.00788624974574, 'beta_5': 8.818960188950426, 'beta_6': 458.4746541418301}. Best is trial 957 with value: 71.38427157687855.
[I 2026-04-01 12:38:30,487] Trial 1281 finished with value: 75.27415515593665 and parameters: {'alpha_0': 17439.30733641297, 'alpha_1': 5095.009958208201, 'alpha_2': 47.32510795209501, 'beta_0': 0.25838240559030196, 'beta_1': 1.9072243605779235, 'beta_2': 1.4765086791063082, 'beta_3': 0.33192631038719206, 'beta_4': 43.417519278724, 'beta_5': 8.161654831562135, 'beta_6': 471.21484985432545}. Best is trial 957 with value: 71.38427157687855.
[I 2026-04-01 12:38:30,701] Trial 1283 finished with value: 77.12630406307328 and parameters: {'alpha_0': 17784.62340193426, 'alpha_1': 5284.081519527095, 'alpha_2': 46.937350700285926, 'beta_0': 0.256899036120373, 'beta_1': 1.9530713394297483, 'beta_2': 1.4881389391756148, 'beta_3': 0.3374233471946554, 'beta_4': 45.53047759437207, 'beta_5': 8.784885372522751, 'beta_6': 463.1933602512913}. Best is trial 957 with value: 71.38427157687855.
[I 2026-04-01 12:38:30,766] Trial 1284 finished with value: 75.20191509183172 and parameters: {'alpha_0': 17445.243144440174, 'alpha_1': 5772.187417635048, 'alpha_2': 47.353105231300134, 'beta_0': 0.26138806861835634, 'beta_1': 1.8731451917112827, 'beta_2': 1.4795850337904657, 'beta_3': 0.33767716970407347, 'beta_4': 43.87103231352349, 'beta_5': 9.171948111859969, 'beta_6': 461.6455966443601}. Best is trial 957 with value: 71.38427157687855.
[I 2026-04-01 12:38:30,860] Trial 1289 finished with value: 82.35029329840941 and parameters: {'alpha_0': 18991.871516718697, 'alpha_1': 5226.148533029347, 'alpha_2': 47.74113060996568, 'beta_0': 0.29743488434537274, 'beta_1': 1.9521012758325407, 'beta_2': 1.5085584462040456, 'beta_3': 0.38456173631093316, 'beta_4': 41.84337286919472, 'beta_5': 10.531900267464184, 'beta_6': 476.7102909923695}. Best is trial 957 with value: 71.38427157687855.
[I 2026-04-01 12:38:30,888] Trial 1287 finished with value: 77.45812150572652 and parameters: {'alpha_0': 17867.095040793403, 'alpha_1': 5690.4287119140445, 'alpha_2': 46.4059007875382, 'beta_0': 0.2893574367664514, 'beta_1': 1.9746271934273811, 'beta_2': 1.498373824054179, 'beta_3': 0.35093810309454976, 'beta_4': 42.81082907924453, 'beta_5': 0.9674995499994762, 'beta_6': 470.8054180615931}. Best is trial 957 with value: 71.38427157687855.
[I 2026-04-01 12:38:31,269] Trial 1288 finished with value: 821.9935193905612 and parameters: {'alpha_0': 18815.155803715457, 'alpha_1': 5315.923357060667, 'alpha_2': 46.53920401262694, 'beta_0': 1.7952713882458864, 'beta_1': 1.9731044075815363, 'beta_2': 1.5057999145687633, 'beta_3': 0.39072288181176573, 'beta_4': 47.27467152531317, 'beta_5': 8.675511337523687, 'beta_6': 484.2194255027351}. Best is trial 957 with value: 71.38427157687855.
[I 2026-04-01 12:39:11,946] Trial 1290 finished with value: 76.06093842257177 and parameters: {'alpha_0': 17465.699556879146, 'alpha_1': 5475.05787496761, 'alpha_2': 46.310457158305546, 'beta_0': 0.295856750070023, 'beta_1': 1.969121089475364, 'beta_2': 1.4091824427245656, 'beta_3': 0.3901287930756119, 'beta_4': 43.71701506318771, 'beta_5': 9.915236781587062, 'beta_6': 488.4397172840127}. Best is trial 957 with value: 71.38427157687855.
[I 2026-04-01 12:39:12,102] Trial 1294 finished with value: 75.97793786250159 and parameters: {'alpha_0': 14181.628631734304, 'alpha_1': 5896.529528794548, 'alpha_2': 41.75843838608169, 'beta_0': 0.29499677610181646, 'beta_1': 1.6251147504928487, 'beta_2': 1.418616011673863, 'beta_3': 0.3827706687991683, 'beta_4': 44.28397704907819, 'beta_5': 15.051947702333084, 'beta_6': 459.0485692661681}. Best is trial 957 with value: 71.38427157687855.
[I 2026-04-01 12:39:12,132] Trial 1291 finished with value: 78.82401204429688 and parameters: {'alpha_0': 17644.132418912348, 'alpha_1': 5189.082803932861, 'alpha_2': 46.27810346911256, 'beta_0': 0.2969499942970569, 'beta_1': 1.8725449511590164, 'beta_2': 1.3512183972911842, 'beta_3': 0.39048925223076913, 'beta_4': 42.66512762810128, 'beta_5': 10.879805317701503, 'beta_6': 485.6131793104598}. Best is trial 957 with value: 71.38427157687855.
[I 2026-04-01 12:39:12,599] Trial 1299 finished with value: 80.83886397539953 and parameters: {'alpha_0': 14430.973875577685, 'alpha_1': 5019.370012183177, 'alpha_2': 41.38615005093674, 'beta_0': 0.330135692428343, 'beta_1': 1.641619061341676, 'beta_2': 1.4109794619678349, 'beta_3': 0.26442918697823786, 'beta_4': 56.51288162445767, 'beta_5': 24.59072285374216, 'beta_6': 445.2506011898616}. Best is trial 957 with value: 71.38427157687855.
[I 2026-04-01 12:39:12,623] Trial 1297 finished with value: 82.22441384927757 and parameters: {'alpha_0': 14328.115256598596, 'alpha_1': 5602.416762539017, 'alpha_2': 41.74275355524597, 'beta_0': 0.3320842055811432, 'beta_1': 1.640764877451266, 'beta_2': 1.4165756711173236, 'beta_3': 0.40592525082385056, 'beta_4': 56.78058101010901, 'beta_5': 29.894171039553427, 'beta_6': 487.66397286426275}. Best is trial 957 with value: 71.38427157687855.
[I 2026-04-01 12:39:12,653] Trial 1292 finished with value: 75.60251417834765 and parameters: {'alpha_0': 14206.743115841453, 'alpha_1': 5037.5592739575095, 'alpha_2': 46.14970111839303, 'beta_0': 0.30375607275022687, 'beta_1': 1.8815824202246105, 'beta_2': 1.4184850059727374, 'beta_3': 0.3960052591019285, 'beta_4': 43.79618278986719, 'beta_5': 9.85074372395862, 'beta_6': 341.29192991041964}. Best is trial 957 with value: 71.38427157687855.
Best trial: 957. Best value: 71.3843:  65%|██████▍   | 1295/2000 [1:33:51<52:52,  4.50s/it]                                                                                           Best trial: 957. Best value: 71.3843:  65%|██████▍   | 1295/2000 [1:33:51<52:52,  4.50s/it]Best trial: 957. Best value: 71.3843:  65%|██████▍   | 1295/2000 [1:33:51<52:52,  4.50s/it]Best trial: 957. Best value: 71.3843:  65%|██████▍   | 1296/2000 [1:33:51<52:48,  4.50s/it]Best trial: 957. Best value: 71.3843:  65%|██████▍   | 1297/2000 [1:33:51<52:43,  4.50s/it]                                                                                           Best trial: 957. Best value: 71.3843:  65%|██████▍   | 1298/2000 [1:33:52<52:39,  4.50s/it]Best trial: 957. Best value: 71.3843:  65%|██████▍   | 1298/2000 [1:33:52<52:39,  4.50s/it]Best trial: 957. Best value: 71.3843:  65%|██████▍   | 1299/2000 [1:33:52<22:31,  1.93s/it]                                                                                           Best trial: 957. Best value: 71.3843:  65%|██████▍   | 1299/2000 [1:33:52<22:31,  1.93s/it]Best trial: 957. Best value: 71.3843:  65%|██████▍   | 1299/2000 [1:33:52<22:31,  1.93s/it]Best trial: 957. Best value: 71.3843:  65%|██████▌   | 1300/2000 [1:33:52<19:29,  1.67s/it]                                                                                           Best trial: 957. Best value: 71.3843:  65%|██████▌   | 1300/2000 [1:34:32<19:29,  1.67s/it]Best trial: 957. Best value: 71.3843:  65%|██████▌   | 1300/2000 [1:34:32<19:29,  1.67s/it]Best trial: 957. Best value: 71.3843:  65%|██████▌   | 1301/2000 [1:34:32<1:35:48,  8.22s/it]                                                                                             Best trial: 957. Best value: 71.3843:  65%|██████▌   | 1301/2000 [1:34:32<1:35:48,  8.22s/it]Best trial: 957. Best value: 71.3843:  65%|██████▌   | 1301/2000 [1:34:32<1:35:48,  8.22s/it]Best trial: 957. Best value: 71.3843:  65%|██████▌   | 1302/2000 [1:34:32<1:17:21,  6.65s/it]                                                                                             Best trial: 957. Best value: 71.3843:  65%|██████▌   | 1302/2000 [1:34:32<1:17:21,  6.65s/it]                                                                                             Best trial: 957. Best value: 71.3843:  65%|██████▌   | 1302/2000 [1:34:32<1:17:21,  6.65s/it]Best trial: 957. Best value: 71.3843:  65%|██████▌   | 1302/2000 [1:34:32<1:17:21,  6.65s/it]Best trial: 957. Best value: 71.3843:  65%|██████▌   | 1303/2000 [1:34:32<1:17:15,  6.65s/it]                                                                                             Best trial: 957. Best value: 71.3843:  65%|██████▌   | 1304/2000 [1:34:32<1:17:08,  6.65s/it]Best trial: 957. Best value: 71.3843:  65%|██████▌   | 1304/2000 [1:34:32<1:17:08,  6.65s/it]Best trial: 957. Best value: 71.3843:  65%|██████▌   | 1305/2000 [1:34:32<42:14,  3.65s/it]                                                                                             Best trial: 957. Best value: 71.3843:  65%|██████▌   | 1305/2000 [1:34:33<42:14,  3.65s/it]Best trial: 957. Best value: 71.3843:  65%|██████▌   | 1305/2000 [1:34:33<42:14,  3.65s/it]                                                                                           Best trial: 957. Best value: 71.3843:  65%|██████▌   | 1306/2000 [1:34:33<42:10,  3.65s/it]Best trial: 957. Best value: 71.3843:  65%|██████▌   | 1306/2000 [1:34:33<42:10,  3.65s/it]Best trial: 957. Best value: 71.3843:  65%|██████▌   | 1307/2000 [1:34:33<30:18,  2.62s/it]                                                                                           Best trial: 957. Best value: 71.3843:  65%|██████▌   | 1307/2000 [1:34:33<30:18,  2.62s/it]Best trial: 957. Best value: 71.3843:  65%|██████▌   | 1307/2000 [1:34:33<30:18,  2.62s/it]                                                                                           Best trial: 957. Best value: 71.3843:  65%|██████▌   | 1308/2000 [1:34:33<30:16,  2.62s/it]Best trial: 957. Best value: 71.3843:  65%|██████▌   | 1308/2000 [1:34:33<30:16,  2.62s/it]Best trial: 957. Best value: 71.3843:  65%|██████▌   | 1309/2000 [1:34:33<21:40,  1.88s/it]                                                                                           Best trial: 957. Best value: 71.3843:  65%|██████▌   | 1309/2000 [1:34:34<21:40,  1.88s/it]Best trial: 957. Best value: 71.3843:  65%|██████▌   | 1309/2000 [1:34:34<21:40,  1.88s/it]Best trial: 957. Best value: 71.3843:  66%|██████▌   | 1310/2000 [1:34:34<19:53,  1.73s/it]                                                                                           Best trial: 957. Best value: 71.3843:  66%|██████▌   | 1310/2000 [1:35:14<19:53,  1.73s/it]Best trial: 957. Best value: 71.3843:  66%|██████▌   | 1310/2000 [1:35:14<19:53,  1.73s/it]Best trial: 957. Best value: 71.3843:  66%|██████▌   | 1311/2000 [1:35:14<1:47:24,  9.35s/it]                                                                                             Best trial: 957. Best value: 71.3843:  66%|██████▌   | 1311/2000 [1:35:14<1:47:24,  9.35s/it]Best trial: 957. Best value: 71.3843:  66%|██████▌   | 1311/2000 [1:35:14<1:47:24,  9.35s/it]Best trial: 957. Best value: 71.3843:  66%|██████▌   | 1312/2000 [1:35:14<1:23:39,  7.30s/it]                                                                                             Best trial: 957. Best value: 71.3843:  66%|██████▌   | 1312/2000 [1:35:14<1:23:39,  7.30s/it]Best trial: 957. Best value: 71.3843:  66%|██████▌   | 1312/2000 [1:35:14<1:23:39,  7.30s/it]Best trial: 957. Best value: 71.3843:  66%|██████▌   | 1313/2000 [1:35:14<1:03:36,  5.55s/it]                                                                                             Best trial: 957. Best value: 71.3843:  66%|██████▌   | 1313/2000 [1:35:14<1:03:36,  5.55s/it]Best trial: 957. Best value: 71.3843:  66%|██████▌   | 1313/2000 [1:35:14<1:03:36,  5.55s/it]                                                                                             [I 2026-04-01 12:39:12,662] Trial 1296 finished with value: 79.07078530035545 and parameters: {'alpha_0': 14462.201149429335, 'alpha_1': 5129.130590718192, 'alpha_2': 44.73873933548501, 'beta_0': 0.31242962449189116, 'beta_1': 1.6315985513007945, 'beta_2': 1.3357097381780196, 'beta_3': 0.3988625886148647, 'beta_4': 55.95720691193263, 'beta_5': 25.017166753481767, 'beta_6': 453.92139527925264}. Best is trial 957 with value: 71.38427157687855.
[I 2026-04-01 12:39:12,662] Trial 1295 finished with value: 79.4309894952489 and parameters: {'alpha_0': 14403.742040223035, 'alpha_1': 5082.742012143283, 'alpha_2': 41.59931163510985, 'beta_0': 0.31406917524616085, 'beta_1': 1.6275552353068918, 'beta_2': 1.419922060565696, 'beta_3': 0.3932296478840186, 'beta_4': 56.56852265992581, 'beta_5': 30.88355865258174, 'beta_6': 238.46712046688504}. Best is trial 957 with value: 71.38427157687855.
[I 2026-04-01 12:39:12,881] Trial 1293 finished with value: 78.66808770053426 and parameters: {'alpha_0': 14308.571127749776, 'alpha_1': 5205.21609983858, 'alpha_2': 46.339482975451645, 'beta_0': 0.3015247372086968, 'beta_1': 1.8694411026630307, 'beta_2': 1.4142576260405342, 'beta_3': 0.3937965019544714, 'beta_4': 46.58512882758676, 'beta_5': 11.664672840083584, 'beta_6': 343.5005241134134}. Best is trial 957 with value: 71.38427157687855.
[I 2026-04-01 12:39:12,964] Trial 1298 finished with value: 83.83827252998324 and parameters: {'alpha_0': 14264.019048029926, 'alpha_1': 5077.597431894936, 'alpha_2': 41.86364076848413, 'beta_0': 0.33357858757949993, 'beta_1': 1.8153039477891975, 'beta_2': 1.4113440092401643, 'beta_3': 0.39920436967158046, 'beta_4': 55.2244185661568, 'beta_5': 28.354454437308604, 'beta_6': 486.4303291246971}. Best is trial 957 with value: 71.38427157687855.
[I 2026-04-01 12:39:53,540] Trial 1300 finished with value: 77.99585502611981 and parameters: {'alpha_0': 14431.115769930553, 'alpha_1': 5085.500418486671, 'alpha_2': 41.65925051244431, 'beta_0': 0.3316989838070872, 'beta_1': 1.6288765023323069, 'beta_2': 1.3357877704301993, 'beta_3': 0.26272358091303155, 'beta_4': 55.34617297532628, 'beta_5': 31.18486187428612, 'beta_6': 448.05761365010187}. Best is trial 957 with value: 71.38427157687855.
[I 2026-04-01 12:39:53,660] Trial 1306 finished with value: 73.1656978397904 and parameters: {'alpha_0': 15477.929415659928, 'alpha_1': 5836.609899118926, 'alpha_2': 44.8906316535073, 'beta_0': 0.2448413075986777, 'beta_1': 1.8020622940672704, 'beta_2': 1.333401162702486, 'beta_3': 0.2723630369611133, 'beta_4': 54.383723999076864, 'beta_5': 20.117332170636004, 'beta_6': 439.81558148716266}. Best is trial 957 with value: 71.38427157687855.
[I 2026-04-01 12:39:53,714] Trial 1308 finished with value: 104.20892932337858 and parameters: {'alpha_0': 20601.026174571103, 'alpha_1': 5901.344638164039, 'alpha_2': 44.82003640064645, 'beta_0': 0.20246543116157506, 'beta_1': 1.7959909834737409, 'beta_2': 1.3343259570995407, 'beta_3': 0.281870864474616, 'beta_4': 59.77518862160783, 'beta_5': 298.7802795450973, 'beta_6': 451.4827397456668}. Best is trial 957 with value: 71.38427157687855.
[I 2026-04-01 12:39:53,715] Trial 1302 finished with value: 81.50465915872037 and parameters: {'alpha_0': 14312.39296381624, 'alpha_1': 3313.055871180816, 'alpha_2': 44.99075581710763, 'beta_0': 0.34708240093078463, 'beta_1': 1.8083904102537975, 'beta_2': 1.3269882892041527, 'beta_3': 0.27416129576403664, 'beta_4': 55.58076758079732, 'beta_5': 29.356175876493822, 'beta_6': 448.2396551021479}. Best is trial 957 with value: 71.38427157687855.
[I 2026-04-01 12:39:53,746] Trial 1304 finished with value: 77.6751717288503 and parameters: {'alpha_0': 20201.627044076533, 'alpha_1': 5870.356270590367, 'alpha_2': 44.69949762385531, 'beta_0': 0.25479810881479603, 'beta_1': 1.8084155072395074, 'beta_2': 1.325383189036073, 'beta_3': 0.270628785952271, 'beta_4': 53.573725468320454, 'beta_5': 20.46599473994219, 'beta_6': 358.9741800810602}. Best is trial 957 with value: 71.38427157687855.
[I 2026-04-01 12:39:54,107] Trial 1301 finished with value: 72.20783203137375 and parameters: {'alpha_0': 14905.995156056362, 'alpha_1': 5091.687331691132, 'alpha_2': 44.725103980151886, 'beta_0': 0.20058312202999884, 'beta_1': 1.8003220117952283, 'beta_2': 1.3307474706204232, 'beta_3': 0.27118612266567266, 'beta_4': 56.1562366851089, 'beta_5': 26.882157718410504, 'beta_6': 281.4846680561643}. Best is trial 957 with value: 71.38427157687855.
[I 2026-04-01 12:39:54,296] Trial 1309 finished with value: 75.65304857207761 and parameters: {'alpha_0': 20351.149829108093, 'alpha_1': 5819.3128217294125, 'alpha_2': 44.95369320460152, 'beta_0': 0.24651385517947014, 'beta_1': 1.7971393239989277, 'beta_2': 1.3281272612353194, 'beta_3': 0.28249696066678026, 'beta_4': 53.97628572709244, 'beta_5': 0.026266725953925985, 'beta_6': 383.82964551172205}. Best is trial 957 with value: 71.38427157687855.
[I 2026-04-01 12:39:54,322] Trial 1303 finished with value: 100.55206451212715 and parameters: {'alpha_0': 33404.876449605785, 'alpha_1': 5398.767094756455, 'alpha_2': 45.11384101122574, 'beta_0': 0.25479396271239335, 'beta_1': 1.8078115464266369, 'beta_2': 1.3234426470565472, 'beta_3': 0.26989878379856747, 'beta_4': 54.23719557597852, 'beta_5': 30.82080731516912, 'beta_6': 344.6853649983182}. Best is trial 957 with value: 71.38427157687855.
[I 2026-04-01 12:39:54,625] Trial 1307 finished with value: 74.53373114432145 and parameters: {'alpha_0': 15230.912000215681, 'alpha_1': 5407.044807155521, 'alpha_2': 44.69144715245055, 'beta_0': 0.24455694225486435, 'beta_1': 1.80254722140486, 'beta_2': 1.3263953718340238, 'beta_3': 0.27519396705066074, 'beta_4': 53.51902036938985, 'beta_5': 20.26018417989814, 'beta_6': 452.4903478785183}. Best is trial 957 with value: 71.38427157687855.
[I 2026-04-01 12:39:55,644] Trial 1305 finished with value: 1063.3899087033865 and parameters: {'alpha_0': 15287.175614578762, 'alpha_1': 3586.023769394979, 'alpha_2': 44.82081777962043, 'beta_0': 2.104894449981958, 'beta_1': 1.7982021880184014, 'beta_2': 2.925661928633894, 'beta_3': 0.2712234726502582, 'beta_4': 54.01460125420144, 'beta_5': 19.34547932961341, 'beta_6': 281.8690841258847}. Best is trial 957 with value: 71.38427157687855.
[I 2026-04-01 12:40:35,121] Trial 1311 finished with value: 74.69394530312445 and parameters: {'alpha_0': 20444.60195919277, 'alpha_1': 5952.145537865949, 'alpha_2': 44.93416953695166, 'beta_0': 0.2020962059657992, 'beta_1': 1.6864412670361324, 'beta_2': 1.3232190369051167, 'beta_3': 0.2658470001173352, 'beta_4': 57.34927246209952, 'beta_5': 20.073202305648287, 'beta_6': 455.31726644753326}. Best is trial 957 with value: 71.38427157687855.
[I 2026-04-01 12:40:35,286] Trial 1310 finished with value: 73.04905629686567 and parameters: {'alpha_0': 15607.357179433222, 'alpha_1': 5900.558772468532, 'alpha_2': 39.621391213888735, 'beta_0': 0.24484893806750901, 'beta_1': 1.806107880963637, 'beta_2': 1.3339624344858085, 'beta_3': 0.28522752205031593, 'beta_4': 59.16707206873923, 'beta_5': 18.822475046278747, 'beta_6': 444.2958463726279}. Best is trial 957 with value: 71.38427157687855.
[I 2026-04-01 12:40:35,399] Trial 1317 finished with value: 89.22443294772688 and parameters: {'alpha_0': 28207.45388603798, 'alpha_1': 9114.306356667614, 'alpha_2': 42.68934179055144, 'beta_0': 0.2014114256579132, 'beta_1': 1.690966791007592, 'beta_2': 1.5522780505016902, 'beta_3': 0.3450697994954765, 'beta_4': 47.90099454956651, 'beta_5': 41.117389107513056, 'beta_6': 272.02755756000204}. Best is trial 957 with value: 71.38427157687855.
[I 2026-04-01 12:40:35,474] Trial 1313 finished with value: 74.16665128847083 and parameters: {'alpha_0': 16538.348840101007, 'alpha_1': 6052.35802764088, 'alpha_2': 42.746446506942675, 'beta_0': 0.2472223702424922, 'beta_1': 1.687768757822402, 'beta_2': 1.3672402824220684, 'beta_3': 0.0970723036162672, 'beta_4': 59.25782067426892, 'beta_5': 19.239171202183456, 'beta_6': 456.754932314002}. Best is trial 957 with value: 71.38427157687855.
