[I 2026-04-01 11:34:47,000] Trial 415 finished with value: 531.0520061731695 and parameters: {'alpha_0': 16858.471205708905, 'alpha_1': 795.3299130904321, 'alpha_2': 28.19264796640232, 'beta_0': 1.339077232047504, 'beta_1': 0.962202562405597, 'beta_2': 0.7468392403971242, 'beta_3': 0.9348454708786671, 'beta_4': 99.5052994970614, 'beta_5': 117.2119374634291, 'beta_6': 110.93676008673702}. Best is trial 341 with value: 73.80326667868428.
[I 2026-04-01 11:34:47,616] Trial 417 finished with value: 1552.7582445230098 and parameters: {'alpha_0': 27883.264554353962, 'alpha_1': 844.6807153519866, 'alpha_2': 28.30036205025962, 'beta_0': 2.773684090414484, 'beta_1': 1.0668013702294608, 'beta_2': 0.7487999927511082, 'beta_3': 0.9871045162662774, 'beta_4': 98.58197506411597, 'beta_5': 422.1325874562035, 'beta_6': 91.46036452209383}. Best is trial 341 with value: 73.80326667868428.
[I 2026-04-01 11:35:25,997] Trial 420 finished with value: 86.0739432886973 and parameters: {'alpha_0': 15672.425681484918, 'alpha_1': 1512.0137788827744, 'alpha_2': 25.89885374124546, 'beta_0': 0.28774978902350956, 'beta_1': 1.4201157167333032, 'beta_2': 0.7576181880872228, 'beta_3': 0.9843053630794377, 'beta_4': 151.01110322366245, 'beta_5': 119.22387725487494, 'beta_6': 92.64634183944838}. Best is trial 341 with value: 73.80326667868428.
[I 2026-04-01 11:35:26,488] Trial 424 finished with value: 82.12561116513879 and parameters: {'alpha_0': 16062.995662945435, 'alpha_1': 1508.852658012391, 'alpha_2': 29.526823483533608, 'beta_0': 0.31540930025155134, 'beta_1': 0.5861127614069012, 'beta_2': 0.7430634631665927, 'beta_3': 0.9958529734188687, 'beta_4': 86.31775050389446, 'beta_5': 141.2382768157035, 'beta_6': 90.74256875758651}. Best is trial 341 with value: 73.80326667868428.
[I 2026-04-01 11:35:26,859] Trial 427 finished with value: 180.6682947681502 and parameters: {'alpha_0': 15401.918554468166, 'alpha_1': 2596.0722267706005, 'alpha_2': 25.939777092478906, 'beta_0': 0.3307061130385691, 'beta_1': 0.5718536596268087, 'beta_2': 2.51891107642234, 'beta_3': 1.0400890021117106, 'beta_4': 91.45264830816006, 'beta_5': 140.59229538190203, 'beta_6': 90.61269657071801}. Best is trial 341 with value: 73.80326667868428.
[I 2026-04-01 11:35:26,926] Trial 425 finished with value: 101.88897561729921 and parameters: {'alpha_0': 27274.904649442313, 'alpha_1': 2320.514206266335, 'alpha_2': 28.69268542749773, 'beta_0': 0.31066927165007796, 'beta_1': 1.4234492119169437, 'beta_2': 0.8058091822020698, 'beta_3': 0.9876793039348583, 'beta_4': 91.33883665769966, 'beta_5': 142.57326923908835, 'beta_6': 90.07432817196681}. Best is trial 341 with value: 73.80326667868428.
[I 2026-04-01 11:35:26,945] Trial 421 finished with value: 1406.804388076338 and parameters: {'alpha_0': 15668.217844375402, 'alpha_1': 931.4128574149229, 'alpha_2': 29.48193033728899, 'beta_0': 2.8126024220685935, 'beta_1': 1.4883955442955625, 'beta_2': 0.7379616109012905, 'beta_3': 0.9952091911723927, 'beta_4': 102.79316064585177, 'beta_5': 120.75135203854734, 'beta_6': 89.5940697688718}. Best is trial 341 with value: 73.80326667868428.
[I 2026-04-01 11:35:27,041] Trial 422 finished with value: 158.4333673130905 and parameters: {'alpha_0': 15666.13512475455, 'alpha_1': 928.2579499077856, 'alpha_2': 25.757975047072666, 'beta_0': 0.31567830071065284, 'beta_1': 0.5669618434373204, 'beta_2': 2.4300867922800093, 'beta_3': 0.9881458058033552, 'beta_4': 90.59406686657397, 'beta_5': 122.63701625825213, 'beta_6': 93.01796085520726}. Best is trial 341 with value: 73.80326667868428.
[I 2026-04-01 11:35:27,370] Trial 426 finished with value: 103.26009201310603 and parameters: {'alpha_0': 27177.64838652574, 'alpha_1': 2348.4697042917874, 'alpha_2': 25.89659579821314, 'beta_0': 0.3124231140072435, 'beta_1': 1.072248687722987, 'beta_2': 0.8229774120659292, 'beta_3': 1.0400040525972827, 'beta_4': 85.97323902699648, 'beta_5': 139.48823332741307, 'beta_6': 478.47533337138407}. Best is trial 341 with value: 73.80326667868428.
[I 2026-04-01 11:35:27,376] Trial 423 finished with value: 386.90329295547264 and parameters: {'alpha_0': 15344.735695981019, 'alpha_1': 966.6868931499744, 'alpha_2': 25.7553606264953, 'beta_0': 1.0027331581686076, 'beta_1': 0.7428903191278299, 'beta_2': 0.801378183772782, 'beta_3': 0.9893249229700201, 'beta_4': 102.4051198361195, 'beta_5': 174.18671889596655, 'beta_6': 91.36920748020994}. Best is trial 341 with value: 73.80326667868428.
[I 2026-04-01 11:35:28,166] Trial 428 finished with value: 1114.599149071786 and parameters: {'alpha_0': 28810.99986553497, 'alpha_1': 2280.9205390286447, 'alpha_2': 25.94078228606841, 'beta_0': 2.3895491474617163, 'beta_1': 0.5698164252195995, 'beta_2': 0.8055821961720956, 'beta_3': 1.0446460948934873, 'beta_4': 91.1793786547174, 'beta_5': 138.958008484909, 'beta_6': 90.15835911753774}. Best is trial 341 with value: 73.80326667868428.
[I 2026-04-01 11:35:29,096] Trial 429 finished with value: 703.0770863389894 and parameters: {'alpha_0': 15689.274015975308, 'alpha_1': 1069.3294707711975, 'alpha_2': 25.732548469035727, 'beta_0': 1.6451975598922906, 'beta_1': 0.5642596503782387, 'beta_2': 0.8172209240034437, 'beta_3': 1.0521340677159392, 'beta_4': 91.06406836096251, 'beta_5': 139.71541747543918, 'beta_6': 89.09638922630182}. Best is trial 341 with value: 73.80326667868428.
[I 2026-04-01 11:36:06,770] Trial 430 finished with value: 110.04137086944067 and parameters: {'alpha_0': 14808.660926389672, 'alpha_1': 2360.440590037375, 'alpha_2': 26.257561456953475, 'beta_0': 0.3236804501918572, 'beta_1': 0.7550632710216446, 'beta_2': 0.8183598794557893, 'beta_3': 1.0459883714545202, 'beta_4': 180.71761307341563, 'beta_5': 173.018111734901, 'beta_6': 44.00149778694357}. Best is trial 341 with value: 73.80326667868428.
[I 2026-04-01 11:36:07,274] Trial 431 finished with value: 104.23511023645534 and parameters: {'alpha_0': 14982.878863695048, 'alpha_1': 2383.2196722049475, 'alpha_2': 25.781472081808488, 'beta_0': 0.3074778843171308, 'beta_1': 0.7249717668999693, 'beta_2': 0.8060725678090525, 'beta_3': 1.0432519259824875, 'beta_4': 185.97951729904165, 'beta_5': 173.65992068716875, 'beta_6': 54.81176356172092}. Best is trial 341 with value: 73.80326667868428.
Best trial: 341. Best value: 73.8033:  22%|██▏       | 432/2000 [30:46<3:20:52,  7.69s/it]Best trial: 341. Best value: 73.8033:  22%|██▏       | 432/2000 [30:46<3:20:52,  7.69s/it]Best trial: 341. Best value: 73.8033:  22%|██▏       | 433/2000 [30:46<2:29:36,  5.73s/it]                                                                                          Best trial: 341. Best value: 73.8033:  22%|██▏       | 433/2000 [30:46<2:29:36,  5.73s/it]Best trial: 341. Best value: 73.8033:  22%|██▏       | 433/2000 [30:46<2:29:36,  5.73s/it]                                                                                          Best trial: 341. Best value: 73.8033:  22%|██▏       | 434/2000 [30:46<2:29:30,  5.73s/it]Best trial: 341. Best value: 73.8033:  22%|██▏       | 434/2000 [30:46<2:29:30,  5.73s/it]                                                                                          Best trial: 341. Best value: 73.8033:  22%|██▏       | 435/2000 [30:47<2:29:25,  5.73s/it]Best trial: 341. Best value: 73.8033:  22%|██▏       | 435/2000 [30:47<2:29:25,  5.73s/it]Best trial: 341. Best value: 73.8033:  22%|██▏       | 436/2000 [30:47<1:11:18,  2.74s/it]                                                                                          Best trial: 341. Best value: 73.8033:  22%|██▏       | 436/2000 [30:47<1:11:18,  2.74s/it]Best trial: 341. Best value: 73.8033:  22%|██▏       | 436/2000 [30:47<1:11:18,  2.74s/it]Best trial: 341. Best value: 73.8033:  22%|██▏       | 437/2000 [30:47<58:56,  2.26s/it]                                                                                          Best trial: 341. Best value: 73.8033:  22%|██▏       | 437/2000 [30:47<58:56,  2.26s/it]Best trial: 341. Best value: 73.8033:  22%|██▏       | 437/2000 [30:47<58:56,  2.26s/it]Best trial: 341. Best value: 73.8033:  22%|██▏       | 438/2000 [30:47<46:33,  1.79s/it]                                                                                        Best trial: 341. Best value: 73.8033:  22%|██▏       | 438/2000 [30:47<46:33,  1.79s/it]Best trial: 341. Best value: 73.8033:  22%|██▏       | 438/2000 [30:47<46:33,  1.79s/it]                                                                                        Best trial: 341. Best value: 73.8033:  22%|██▏       | 439/2000 [30:48<46:31,  1.79s/it]Best trial: 341. Best value: 73.8033:  22%|██▏       | 439/2000 [30:48<46:31,  1.79s/it]Best trial: 341. Best value: 73.8033:  22%|██▏       | 440/2000 [30:48<31:17,  1.20s/it]                                                                                        Best trial: 341. Best value: 73.8033:  22%|██▏       | 440/2000 [31:27<31:17,  1.20s/it]Best trial: 341. Best value: 73.8033:  22%|██▏       | 440/2000 [31:27<31:17,  1.20s/it]Best trial: 341. Best value: 73.8033:  22%|██▏       | 441/2000 [31:27<4:04:32,  9.41s/it]                                                                                          Best trial: 341. Best value: 73.8033:  22%|██▏       | 441/2000 [31:27<4:04:32,  9.41s/it]Best trial: 341. Best value: 73.8033:  22%|██▏       | 441/2000 [31:27<4:04:32,  9.41s/it]Best trial: 341. Best value: 73.8033:  22%|██▏       | 442/2000 [31:27<3:06:56,  7.20s/it]                                                                                          Best trial: 341. Best value: 73.8033:  22%|██▏       | 442/2000 [31:28<3:06:56,  7.20s/it]Best trial: 341. Best value: 73.8033:  22%|██▏       | 442/2000 [31:28<3:06:56,  7.20s/it]Best trial: 341. Best value: 73.8033:  22%|██▏       | 443/2000 [31:28<2:25:31,  5.61s/it]                                                                                          Best trial: 341. Best value: 73.8033:  22%|██▏       | 443/2000 [31:28<2:25:31,  5.61s/it]Best trial: 341. Best value: 73.8033:  22%|██▏       | 443/2000 [31:28<2:25:31,  5.61s/it]                                                                                          Best trial: 341. Best value: 73.8033:  22%|██▏       | 444/2000 [31:28<2:25:25,  5.61s/it]Best trial: 341. Best value: 73.8033:  22%|██▏       | 444/2000 [31:28<2:25:25,  5.61s/it]                                                                                          Best trial: 341. Best value: 73.8033:  22%|██▏       | 445/2000 [31:28<2:25:19,  5.61s/it]                                                                                          Best trial: 341. Best value: 73.8033:  22%|██▏       | 445/2000 [31:28<2:25:19,  5.61s/it]Best trial: 341. Best value: 73.8033:  22%|██▏       | 445/2000 [31:28<2:25:19,  5.61s/it]Best trial: 341. Best value: 73.8033:  22%|██▏       | 446/2000 [31:28<1:10:18,  2.71s/it]Best trial: 341. Best value: 73.8033:  22%|██▏       | 446/2000 [31:28<1:10:18,  2.71s/it]                                                                                          Best trial: 341. Best value: 73.8033:  22%|██▏       | 447/2000 [31:28<1:10:15,  2.71s/it]Best trial: 341. Best value: 73.8033:  22%|██▏       | 447/2000 [31:28<1:10:15,  2.71s/it]Best trial: 341. Best value: 73.8033:  22%|██▏       | 448/2000 [31:28<47:29,  1.84s/it]                                                                                          Best trial: 341. Best value: 73.8033:  22%|██▏       | 448/2000 [31:29<47:29,  1.84s/it]Best trial: 341. Best value: 73.8033:  22%|██▏       | 448/2000 [31:29<47:29,  1.84s/it]                                                                                        Best trial: 341. Best value: 73.8033:  22%|██▏       | 449/2000 [31:29<47:27,  1.84s/it]Best trial: 341. Best value: 73.8033:  22%|██▏       | 449/2000 [31:29<47:27,  1.84s/it]Best trial: 341. Best value: 73.8033:  22%|██▎       | 450/2000 [31:29<36:33,  1.41s/it]                                                                                        [I 2026-04-01 11:36:07,735] Trial 435 finished with value: 76.89877346492983 and parameters: {'alpha_0': 14214.629299174812, 'alpha_1': 4396.253117238763, 'alpha_2': 12.534702067398525, 'beta_0': 0.20030304274238764, 'beta_1': 0.7531843938809601, 'beta_2': 1.010755572243241, 'beta_3': 1.0518597505835814, 'beta_4': 112.28893226786204, 'beta_5': 172.89396714082983, 'beta_6': 60.34118576432303}. Best is trial 341 with value: 73.80326667868428.
[I 2026-04-01 11:36:07,759] Trial 432 finished with value: 77.36166107857835 and parameters: {'alpha_0': 14707.063205355184, 'alpha_1': 1735.1858686666546, 'alpha_2': 3.3282737002446003, 'beta_0': 0.25103670559002583, 'beta_1': 0.7358876142992172, 'beta_2': 0.815048271067625, 'beta_3': 1.0486852437228866, 'beta_4': 91.23143197203869, 'beta_5': 173.52685917742622, 'beta_6': 59.25755578167963}. Best is trial 341 with value: 73.80326667868428.
[I 2026-04-01 11:36:07,811] Trial 433 finished with value: 80.63565663825175 and parameters: {'alpha_0': 14066.345343485185, 'alpha_1': 1712.8746656923947, 'alpha_2': 3.1097184035375562, 'beta_0': 0.2539334417419365, 'beta_1': 0.7358553309699878, 'beta_2': 0.8133857353206209, 'beta_3': 1.0567232633261343, 'beta_4': 112.10715951581422, 'beta_5': 186.29639500508588, 'beta_6': 481.66547821736333}. Best is trial 341 with value: 73.80326667868428.
[I 2026-04-01 11:36:08,213] Trial 436 finished with value: 81.87549578148744 and parameters: {'alpha_0': 13948.932234548662, 'alpha_1': 1266.2295892330812, 'alpha_2': 24.181157557400574, 'beta_0': 0.25512914211233106, 'beta_1': 0.7396291298390503, 'beta_2': 0.9966348725550254, 'beta_3': 1.0699460782678578, 'beta_4': 111.39571472635522, 'beta_5': 186.21970380038877, 'beta_6': 57.34007159794589}. Best is trial 341 with value: 73.80326667868428.
[I 2026-04-01 11:36:08,625] Trial 434 finished with value: 74.99792765648878 and parameters: {'alpha_0': 13911.879891000941, 'alpha_1': 1733.0418912509194, 'alpha_2': 23.946601160911683, 'beta_0': 0.20052056257199438, 'beta_1': 0.7432336453298539, 'beta_2': 0.8987806756107668, 'beta_3': 1.05024456986167, 'beta_4': 111.90529501423684, 'beta_5': 173.15786580862562, 'beta_6': 44.05277555989567}. Best is trial 341 with value: 73.80326667868428.
[I 2026-04-01 11:36:08,784] Trial 438 finished with value: 84.52519511957772 and parameters: {'alpha_0': 13999.946529111554, 'alpha_1': 4849.418014334995, 'alpha_2': 12.583988899496948, 'beta_0': 0.2525768646371341, 'beta_1': 0.7413528202293869, 'beta_2': 1.0183594742830018, 'beta_3': 1.077264496381796, 'beta_4': 113.75012018532006, 'beta_5': 186.92686141615977, 'beta_6': 40.3472388367767}. Best is trial 341 with value: 73.80326667868428.
[I 2026-04-01 11:36:08,822] Trial 437 finished with value: 826.9484967069471 and parameters: {'alpha_0': 17932.19665670993, 'alpha_1': 1732.564692254436, 'alpha_2': 23.948901646111903, 'beta_0': 1.7433879853896996, 'beta_1': 0.735448225406046, 'beta_2': 0.9038948709391719, 'beta_3': 1.054270439029869, 'beta_4': 113.73841873417686, 'beta_5': 182.35580157085477, 'beta_6': 57.912135724706474}. Best is trial 341 with value: 73.80326667868428.
[I 2026-04-01 11:36:09,376] Trial 439 finished with value: 91.89530612306908 and parameters: {'alpha_0': 14053.408540387587, 'alpha_1': 1294.0976305571362, 'alpha_2': 3.1704879942332234, 'beta_0': 0.2521703524673208, 'beta_1': 0.7222441666598247, 'beta_2': 1.0005508733685806, 'beta_3': 1.1757583369863094, 'beta_4': 139.0055093717703, 'beta_5': 187.90425153488633, 'beta_6': 44.30881459212889}. Best is trial 341 with value: 73.80326667868428.
[I 2026-04-01 11:36:48,120] Trial 440 finished with value: 133.4293612501175 and parameters: {'alpha_0': 13953.18538403574, 'alpha_1': 1735.293000412889, 'alpha_2': 12.292800444404156, 'beta_0': 0.20070456398927727, 'beta_1': 0.7200586538248348, 'beta_2': 1.0057526757460855, 'beta_3': 1.0830882093493033, 'beta_4': 113.11542385064828, 'beta_5': 474.95836311308256, 'beta_6': 57.05507654720277}. Best is trial 341 with value: 73.80326667868428.
[I 2026-04-01 11:36:48,237] Trial 441 finished with value: 77.55306446258912 and parameters: {'alpha_0': 13617.590459776502, 'alpha_1': 1281.6341105210063, 'alpha_2': 24.184954098752282, 'beta_0': 0.2554603112923787, 'beta_1': 0.7375206036541692, 'beta_2': 0.906545978930684, 'beta_3': 1.1884441361904758, 'beta_4': 115.68344266716412, 'beta_5': 155.25220562598324, 'beta_6': 76.91067151731909}. Best is trial 341 with value: 73.80326667868428.
[I 2026-04-01 11:36:49,163] Trial 442 finished with value: 79.86984792838336 and parameters: {'alpha_0': 18329.33189098034, 'alpha_1': 1278.701898134235, 'alpha_2': 3.0658147072610795, 'beta_0': 0.259204459383124, 'beta_1': 0.36795475931878513, 'beta_2': 0.8990119912257708, 'beta_3': 1.1992922290055728, 'beta_4': 103.74934463186112, 'beta_5': 185.45871641316876, 'beta_6': 79.863629401196}. Best is trial 341 with value: 73.80326667868428.
[I 2026-04-01 11:36:49,210] Trial 443 finished with value: 80.91558914229336 and parameters: {'alpha_0': 18067.593000744404, 'alpha_1': 1278.734008242615, 'alpha_2': 24.021614763105706, 'beta_0': 0.20037125544603807, 'beta_1': 0.4966576349241989, 'beta_2': 0.9125227366555799, 'beta_3': 1.2216975459732091, 'beta_4': 114.84128932445333, 'beta_5': 186.0189774295996, 'beta_6': 77.77867267827034}. Best is trial 341 with value: 73.80326667868428.
[I 2026-04-01 11:36:49,232] Trial 446 finished with value: 78.24503063373362 and parameters: {'alpha_0': 12842.802798570376, 'alpha_1': 1213.949013554237, 'alpha_2': 22.509455686971027, 'beta_0': 0.253829302377505, 'beta_1': 0.6728077715659526, 'beta_2': 0.9012927847024899, 'beta_3': 1.14544635668142, 'beta_4': 114.27958849871602, 'beta_5': 156.50367562129475, 'beta_6': 42.30623891494591}. Best is trial 341 with value: 73.80326667868428.
[I 2026-04-01 11:36:49,296] Trial 444 finished with value: 84.24491254218051 and parameters: {'alpha_0': 18282.156134014836, 'alpha_1': 1277.1533782800207, 'alpha_2': 22.39035661463225, 'beta_0': 0.20146364833416044, 'beta_1': 0.6534150962059806, 'beta_2': 0.9102891989762393, 'beta_3': 1.185839092011201, 'beta_4': 28.868039488436388, 'beta_5': 155.0237392311277, 'beta_6': 75.78110684350067}. Best is trial 341 with value: 73.80326667868428.
[I 2026-04-01 11:36:49,322] Trial 445 finished with value: 80.57821274024673 and parameters: {'alpha_0': 18178.151244621782, 'alpha_1': 1399.5039477954779, 'alpha_2': 22.358638965169767, 'beta_0': 0.25560267457957453, 'beta_1': 0.492434985800151, 'beta_2': 0.9021965197940147, 'beta_3': 1.14851904719204, 'beta_4': 103.61497786710163, 'beta_5': 154.00102162148957, 'beta_6': 78.57997703025424}. Best is trial 341 with value: 73.80326667868428.
[I 2026-04-01 11:36:49,421] Trial 447 finished with value: 75.88459753241358 and parameters: {'alpha_0': 12366.68185179344, 'alpha_1': 1379.0634434506455, 'alpha_2': 22.527218878534626, 'beta_0': 0.2005176621658383, 'beta_1': 0.5114437132236881, 'beta_2': 0.9061404628922062, 'beta_3': 1.1990188296238407, 'beta_4': 102.76233719922244, 'beta_5': 201.02493616191256, 'beta_6': 37.0259355365028}. Best is trial 341 with value: 73.80326667868428.
[I 2026-04-01 11:36:49,933] Trial 448 finished with value: 77.3162977208672 and parameters: {'alpha_0': 16223.236484796254, 'alpha_1': 1340.7390733690852, 'alpha_2': 22.823118985495228, 'beta_0': 0.24855899151966687, 'beta_1': 0.49032841510064035, 'beta_2': 0.8960734619355064, 'beta_3': 1.1682890112114903, 'beta_4': 119.26978963957052, 'beta_5': 154.75419509382922, 'beta_6': 46.08881040023671}. Best is trial 341 with value: 73.80326667868428.
[I 2026-04-01 11:36:50,509] Trial 449 finished with value: 125.19840775509209 and parameters: {'alpha_0': 12458.329325253793, 'alpha_1': 1462.2179228864447, 'alpha_2': 22.427989649224116, 'beta_0': 0.2014734167761472, 'beta_1': 0.47635260698958176, 'beta_2': 0.909489658463885, 'beta_3': 1.2251534621280002, 'beta_4': 119.17110683720941, 'beta_5': 468.89019204099077, 'beta_6': 74.2455631205861}. Best is trial 341 with value: 73.80326667868428.
