Best trial: 829. Best value: 72.1445:  41%|████▏     | 828/2000 [59:49<1:07:18,  3.45s/it]Best trial: 829. Best value: 72.1445:  41%|████▏     | 828/2000 [59:49<1:07:18,  3.45s/it]Best trial: 829. Best value: 72.1445:  41%|████▏     | 829/2000 [59:49<50:54,  2.61s/it]                                                                                          Best trial: 829. Best value: 72.1445:  41%|████▏     | 829/2000 [59:50<50:54,  2.61s/it]Best trial: 829. Best value: 72.1445:  41%|████▏     | 829/2000 [59:50<50:54,  2.61s/it]Best trial: 829. Best value: 72.1445:  42%|████▏     | 830/2000 [1:00:01<50:51,  2.61s/it]                                                                                          Best trial: 829. Best value: 72.1445:  42%|████▏     | 830/2000 [1:00:37<50:51,  2.61s/it]Best trial: 829. Best value: 72.1445:  42%|████▏     | 830/2000 [1:00:37<50:51,  2.61s/it]Best trial: 829. Best value: 72.1445:  42%|████▏     | 831/2000 [1:00:37<2:41:21,  8.28s/it]                                                                                            Best trial: 829. Best value: 72.1445:  42%|████▏     | 831/2000 [1:00:38<2:41:21,  8.28s/it]Best trial: 829. Best value: 72.1445:  42%|████▏     | 831/2000 [1:00:38<2:41:21,  8.28s/it]Best trial: 829. Best value: 72.1445:  42%|████▏     | 832/2000 [1:00:38<2:16:31,  7.01s/it]                                                                                            Best trial: 829. Best value: 72.1445:  42%|████▏     | 832/2000 [1:00:38<2:16:31,  7.01s/it]Best trial: 829. Best value: 72.1445:  42%|████▏     | 832/2000 [1:00:38<2:16:31,  7.01s/it]                                                                                            Best trial: 829. Best value: 72.1445:  42%|████▏     | 833/2000 [1:00:38<2:16:24,  7.01s/it]Best trial: 829. Best value: 72.1445:  42%|████▏     | 833/2000 [1:00:38<2:16:24,  7.01s/it]Best trial: 829. Best value: 72.1445:  42%|████▏     | 834/2000 [1:00:38<1:34:39,  4.87s/it]                                                                                            Best trial: 829. Best value: 72.1445:  42%|████▏     | 834/2000 [1:00:38<1:34:39,  4.87s/it]Best trial: 829. Best value: 72.1445:  42%|████▏     | 834/2000 [1:00:38<1:34:39,  4.87s/it]Best trial: 829. Best value: 72.1445:  42%|████▏     | 835/2000 [1:00:38<1:17:46,  4.01s/it]                                                                                            Best trial: 829. Best value: 72.1445:  42%|████▏     | 835/2000 [1:00:38<1:17:46,  4.01s/it]Best trial: 829. Best value: 72.1445:  42%|████▏     | 835/2000 [1:00:38<1:17:46,  4.01s/it]                                                                                            Best trial: 829. Best value: 72.1445:  42%|████▏     | 836/2000 [1:00:38<1:17:42,  4.01s/it]                                                                                            Best trial: 829. Best value: 72.1445:  42%|████▏     | 836/2000 [1:00:38<1:17:42,  4.01s/it]Best trial: 829. Best value: 72.1445:  42%|████▏     | 836/2000 [1:00:38<1:17:42,  4.01s/it]Best trial: 829. Best value: 72.1445:  42%|████▏     | 837/2000 [1:00:38<52:15,  2.70s/it]  Best trial: 829. Best value: 72.1445:  42%|████▏     | 837/2000 [1:00:38<52:15,  2.70s/it]                                                                                          Best trial: 829. Best value: 72.1445:  42%|████▏     | 838/2000 [1:00:38<52:13,  2.70s/it]Best trial: 829. Best value: 72.1445:  42%|████▏     | 838/2000 [1:00:38<52:13,  2.70s/it]                                                                                          Best trial: 829. Best value: 72.1445:  42%|████▏     | 839/2000 [1:00:39<52:10,  2.70s/it]Best trial: 829. Best value: 72.1445:  42%|████▏     | 839/2000 [1:00:39<52:10,  2.70s/it]Best trial: 829. Best value: 72.1445:  42%|████▏     | 840/2000 [1:00:39<31:46,  1.64s/it]                                                                                          Best trial: 829. Best value: 72.1445:  42%|████▏     | 840/2000 [1:01:20<31:46,  1.64s/it]                                                                                          Best trial: 829. Best value: 72.1445:  42%|████▏     | 840/2000 [1:01:20<31:46,  1.64s/it]Best trial: 829. Best value: 72.1445:  42%|████▏     | 840/2000 [1:01:20<31:46,  1.64s/it]Best trial: 829. Best value: 72.1445:  42%|████▏     | 841/2000 [1:01:20<2:40:13,  8.29s/it]Best trial: 829. Best value: 72.1445:  42%|████▏     | 841/2000 [1:01:20<2:40:13,  8.29s/it]                                                                                            Best trial: 829. Best value: 72.1445:  42%|████▏     | 842/2000 [1:01:20<2:40:05,  8.29s/it]Best trial: 829. Best value: 72.1445:  42%|████▏     | 842/2000 [1:01:20<2:40:05,  8.29s/it]Best trial: 829. Best value: 72.1445:  42%|████▏     | 843/2000 [1:01:20<1:48:37,  5.63s/it]                                                                                            Best trial: 829. Best value: 72.1445:  42%|████▏     | 843/2000 [1:01:21<1:48:37,  5.63s/it]Best trial: 829. Best value: 72.1445:  42%|████▏     | 843/2000 [1:01:21<1:48:37,  5.63s/it]Best trial: 829. Best value: 72.1445:  42%|████▏     | 844/2000 [1:01:21<1:28:42,  4.60s/it]                                                                                            Best trial: 829. Best value: 72.1445:  42%|████▏     | 844/2000 [1:01:21<1:28:42,  4.60s/it]Best trial: 829. Best value: 72.1445:  42%|████▏     | 844/2000 [1:01:21<1:28:42,  4.60s/it]Best trial: 829. Best value: 72.1445:  42%|████▏     | 845/2000 [1:01:21<1:11:20,  3.71s/it]                                                                                            Best trial: 829. Best value: 72.1445:  42%|████▏     | 845/2000 [1:01:21<1:11:20,  3.71s/it]Best trial: 829. Best value: 72.1445:  42%|████▏     | 845/2000 [1:01:21<1:11:20,  3.71s/it]                                                                                            [I 2026-04-01 12:05:10,419] Trial 826 finished with value: 75.41820463658912 and parameters: {'alpha_0': 13359.011632434178, 'alpha_1': 304.2827420480879, 'alpha_2': 46.93895422106635, 'beta_0': 0.2570675879788532, 'beta_1': 1.5219585048630433, 'beta_2': 1.5664715075834328, 'beta_3': 0.4817110913370885, 'beta_4': 48.67304592420672, 'beta_5': 41.775303441001014, 'beta_6': 201.80819829024446}. Best is trial 829 with value: 72.14448373486943.
[I 2026-04-01 12:05:11,164] Trial 827 finished with value: 1044.99049396003 and parameters: {'alpha_0': 13667.324270476061, 'alpha_1': 320.50474542622385, 'alpha_2': 46.323917519555884, 'beta_0': 2.433242514597818, 'beta_1': 1.517583153364115, 'beta_2': 1.282252093015902, 'beta_3': 0.22582592520546824, 'beta_4': 44.33140496975496, 'beta_5': 32.74024009039344, 'beta_6': 189.23077225496542}. Best is trial 829 with value: 72.14448373486943.
[I 2026-04-01 12:05:58,615] Trial 838 finished with value: 88.86041588858683 and parameters: {'alpha_0': 10329.937080264313, 'alpha_1': 425.2646191487114, 'alpha_2': 43.643936875231134, 'beta_0': 0.3929385277677343, 'beta_1': 1.7815616021362817, 'beta_2': 1.3876694795524038, 'beta_3': 0.5118025225277164, 'beta_4': 44.233333447819646, 'beta_5': 25.928372080723506, 'beta_6': 188.83987638196527}. Best is trial 829 with value: 72.14448373486943.
[I 2026-04-01 12:05:58,910] Trial 832 finished with value: 76.94827603940018 and parameters: {'alpha_0': 10813.775967919468, 'alpha_1': 319.0599365834669, 'alpha_2': 44.60565337918853, 'beta_0': 0.25550120680548816, 'beta_1': 1.5549652619859216, 'beta_2': 1.3856633538579708, 'beta_3': 0.20156497087867714, 'beta_4': 62.24147322095716, 'beta_5': 51.73609267451299, 'beta_6': 184.2861036189499}. Best is trial 829 with value: 72.14448373486943.
[I 2026-04-01 12:05:59,116] Trial 834 finished with value: 80.4383663433255 and parameters: {'alpha_0': 10810.304608390994, 'alpha_1': 408.1192378063797, 'alpha_2': 41.683546489635525, 'beta_0': 0.3330041799968222, 'beta_1': 1.724677699206314, 'beta_2': 1.412823401687624, 'beta_3': 0.1372284148807671, 'beta_4': 40.890496810194826, 'beta_5': 48.500557522173764, 'beta_6': 184.69707949471933}. Best is trial 829 with value: 72.14448373486943.
[I 2026-04-01 12:05:59,196] Trial 830 finished with value: 79.80299386998226 and parameters: {'alpha_0': 13902.655181247528, 'alpha_1': 3.8704086601313747, 'alpha_2': 44.480909223487515, 'beta_0': 0.3041497227977201, 'beta_1': 1.7319756991270543, 'beta_2': 1.53717854582952, 'beta_3': 0.4731854181454947, 'beta_4': 40.22370450783218, 'beta_5': 78.18991065251772, 'beta_6': 147.31565497305994}. Best is trial 829 with value: 72.14448373486943.
[I 2026-04-01 12:05:59,307] Trial 839 finished with value: 83.30880662578178 and parameters: {'alpha_0': 10765.086922341256, 'alpha_1': 426.5913486277704, 'alpha_2': 43.66003778235086, 'beta_0': 0.3385698888247558, 'beta_1': 1.7306203432027094, 'beta_2': 1.3935065570064062, 'beta_3': 0.0810601201842671, 'beta_4': 53.62233089207872, 'beta_5': 50.23818513209462, 'beta_6': 183.91611254694197}. Best is trial 829 with value: 72.14448373486943.
[I 2026-04-01 12:05:59,403] Trial 833 finished with value: 90.47225215423543 and parameters: {'alpha_0': 10782.63218691593, 'alpha_1': 21.826962924341224, 'alpha_2': 41.90399528643478, 'beta_0': 0.38265122808736035, 'beta_1': 1.688875371883497, 'beta_2': 1.3714633052819847, 'beta_3': 0.19235772757853287, 'beta_4': 60.26544159380528, 'beta_5': 82.50568393416363, 'beta_6': 147.23851189747572}. Best is trial 829 with value: 72.14448373486943.
[I 2026-04-01 12:05:59,691] Trial 837 finished with value: 95.88577266544522 and parameters: {'alpha_0': 11970.425409011194, 'alpha_1': 368.2833094983988, 'alpha_2': 44.489780425763556, 'beta_0': 0.38524301838710673, 'beta_1': 1.7235539358116767, 'beta_2': 1.5939838310335623, 'beta_3': 0.1778792149601191, 'beta_4': 41.65514872201174, 'beta_5': 13.861239030065171, 'beta_6': 188.65185029910683}. Best is trial 829 with value: 72.14448373486943.
[I 2026-04-01 12:05:59,696] Trial 831 finished with value: 74.87987790256815 and parameters: {'alpha_0': 12076.018136900078, 'alpha_1': 417.6808466938455, 'alpha_2': 44.44442229222365, 'beta_0': 0.25442210101557267, 'beta_1': 1.4790701763612217, 'beta_2': 1.3821060940761365, 'beta_3': 0.054008075653710796, 'beta_4': 40.778667222157026, 'beta_5': 50.26619213363885, 'beta_6': 187.93858328229595}. Best is trial 829 with value: 72.14448373486943.
[I 2026-04-01 12:05:59,721] Trial 836 finished with value: 84.94029702096114 and parameters: {'alpha_0': 10453.931562767837, 'alpha_1': 421.40424895895103, 'alpha_2': 47.2564991275585, 'beta_0': 0.3806685459601394, 'beta_1': 1.6957320562371014, 'beta_2': 1.5242477579106908, 'beta_3': 0.0487217042877968, 'beta_4': 42.104945876638396, 'beta_5': 46.825672888537866, 'beta_6': 184.34090077699867}. Best is trial 829 with value: 72.14448373486943.
[I 2026-04-01 12:06:00,318] Trial 835 finished with value: 1086.4105770287945 and parameters: {'alpha_0': 10796.059610921824, 'alpha_1': 365.08962681576566, 'alpha_2': 43.86033849105273, 'beta_0': 2.4027539388322428, 'beta_1': 1.7662049358458825, 'beta_2': 1.377108410725435, 'beta_3': 0.06076541415273882, 'beta_4': 44.82419110774072, 'beta_5': 49.928156522303254, 'beta_6': 179.43045738103677}. Best is trial 829 with value: 72.14448373486943.
[I 2026-04-01 12:06:41,610] Trial 842 finished with value: 75.6557878907473 and parameters: {'alpha_0': 12212.744217410258, 'alpha_1': 510.0176660408381, 'alpha_2': 40.98878842354141, 'beta_0': 0.31375905100891777, 'beta_1': 1.7045921774532637, 'beta_2': 1.4377260193809358, 'beta_3': 0.10349972402121436, 'beta_4': 36.10449247195283, 'beta_5': 83.55611471657951, 'beta_6': 151.4442493145119}. Best is trial 829 with value: 72.14448373486943.
[I 2026-04-01 12:06:41,618] Trial 840 finished with value: 78.5115521936522 and parameters: {'alpha_0': 12062.07461597973, 'alpha_1': 12.795390353679295, 'alpha_2': 43.27142625114221, 'beta_0': 0.33053323311464156, 'beta_1': 1.716547431730819, 'beta_2': 1.4159359981960287, 'beta_3': 0.09099873087875852, 'beta_4': 38.43992035075681, 'beta_5': 52.98635166933862, 'beta_6': 184.49366392546804}. Best is trial 829 with value: 72.14448373486943.
[I 2026-04-01 12:06:41,774] Trial 847 finished with value: 77.77095283712295 and parameters: {'alpha_0': 14910.02636006987, 'alpha_1': 581.9066921975683, 'alpha_2': 48.817616874958816, 'beta_0': 0.25881285712132646, 'beta_1': 1.4404361519097735, 'beta_2': 1.4218677727197244, 'beta_3': 0.09811637114151833, 'beta_4': 53.39612212756249, 'beta_5': 88.20038603145808, 'beta_6': 151.83325754988127}. Best is trial 829 with value: 72.14448373486943.
[I 2026-04-01 12:06:41,927] Trial 843 finished with value: 73.5142968602434 and parameters: {'alpha_0': 12005.219891572171, 'alpha_1': 540.3694963715815, 'alpha_2': 48.49824452288895, 'beta_0': 0.2575222577219224, 'beta_1': 1.6627552994715071, 'beta_2': 1.4651673224448527, 'beta_3': 0.06829616006452172, 'beta_4': 59.62404172536657, 'beta_5': 10.0563449030262, 'beta_6': 155.6362571533573}. Best is trial 829 with value: 72.14448373486943.
[I 2026-04-01 12:06:42,290] Trial 849 finished with value: 75.08437810293255 and parameters: {'alpha_0': 15145.736290928311, 'alpha_1': 607.0110151175655, 'alpha_2': 45.43182728686551, 'beta_0': 0.25004238949131063, 'beta_1': 1.4322732535472693, 'beta_2': 1.4505473850295922, 'beta_3': 0.5699252594102955, 'beta_4': 54.30519290876252, 'beta_5': 90.39264235104419, 'beta_6': 156.07376017857206}. Best is trial 829 with value: 72.14448373486943.
[I 2026-04-01 12:06:42,388] Trial 844 finished with value: 73.4857095423595 and parameters: {'alpha_0': 12117.706576197754, 'alpha_1': 532.8300985667553, 'alpha_2': 40.50977880844255, 'beta_0': 0.20113691511391474, 'beta_1': 1.4548092484773034, 'beta_2': 1.4419945783536836, 'beta_3': 0.05654750339338618, 'beta_4': 37.41759606335835, 'beta_5': 90.11232058386607, 'beta_6': 152.46063110808484}. Best is trial 829 with value: 72.14448373486943.
Best trial: 829. Best value: 72.1445:  42%|████▏     | 846/2000 [1:01:21<1:11:16,  3.71s/it]                                                                                            Best trial: 829. Best value: 72.1445:  42%|████▏     | 846/2000 [1:01:21<1:11:16,  3.71s/it]                                                                                            Best trial: 829. Best value: 72.1445:  42%|████▏     | 846/2000 [1:01:21<1:11:16,  3.71s/it]Best trial: 829. Best value: 72.1445:  42%|████▏     | 846/2000 [1:01:21<1:11:16,  3.71s/it]Best trial: 829. Best value: 72.1445:  42%|████▏     | 847/2000 [1:01:21<45:00,  2.34s/it]  Best trial: 829. Best value: 72.1445:  42%|████▏     | 847/2000 [1:01:21<45:00,  2.34s/it]Best trial: 829. Best value: 72.1445:  42%|████▏     | 848/2000 [1:01:21<44:57,  2.34s/it]                                                                                          Best trial: 829. Best value: 72.1445:  42%|████▏     | 849/2000 [1:01:22<44:55,  2.34s/it]Best trial: 848. Best value: 71.8721:  42%|████▏     | 849/2000 [1:01:22<44:55,  2.34s/it]Best trial: 848. Best value: 71.8721:  42%|████▎     | 850/2000 [1:01:22<26:26,  1.38s/it]                                                                                          Best trial: 848. Best value: 71.8721:  42%|████▎     | 850/2000 [1:02:04<26:26,  1.38s/it]Best trial: 848. Best value: 71.8721:  42%|████▎     | 850/2000 [1:02:04<26:26,  1.38s/it]Best trial: 848. Best value: 71.8721:  43%|████▎     | 851/2000 [1:02:04<2:43:33,  8.54s/it]                                                                                            Best trial: 848. Best value: 71.8721:  43%|████▎     | 851/2000 [1:02:04<2:43:33,  8.54s/it]Best trial: 848. Best value: 71.8721:  43%|████▎     | 851/2000 [1:02:04<2:43:33,  8.54s/it]Best trial: 848. Best value: 71.8721:  43%|████▎     | 852/2000 [1:02:04<2:11:18,  6.86s/it]                                                                                            Best trial: 848. Best value: 71.8721:  43%|████▎     | 852/2000 [1:02:04<2:11:18,  6.86s/it]Best trial: 848. Best value: 71.8721:  43%|████▎     | 852/2000 [1:02:04<2:11:18,  6.86s/it]Best trial: 848. Best value: 71.8721:  43%|████▎     | 853/2000 [1:02:04<1:42:29,  5.36s/it]                                                                                            Best trial: 848. Best value: 71.8721:  43%|████▎     | 853/2000 [1:02:04<1:42:29,  5.36s/it]Best trial: 848. Best value: 71.8721:  43%|████▎     | 853/2000 [1:02:04<1:42:29,  5.36s/it]Best trial: 848. Best value: 71.8721:  43%|████▎     | 854/2000 [1:02:04<1:18:31,  4.11s/it]                                                                                            Best trial: 848. Best value: 71.8721:  43%|████▎     | 854/2000 [1:02:05<1:18:31,  4.11s/it]Best trial: 848. Best value: 71.8721:  43%|████▎     | 854/2000 [1:02:05<1:18:31,  4.11s/it]Best trial: 848. Best value: 71.8721:  43%|████▎     | 855/2000 [1:02:05<59:38,  3.13s/it]                                                                                            Best trial: 848. Best value: 71.8721:  43%|████▎     | 855/2000 [1:02:05<59:38,  3.13s/it]                                                                                          Best trial: 848. Best value: 71.8721:  43%|████▎     | 855/2000 [1:02:05<59:38,  3.13s/it]Best trial: 848. Best value: 71.8721:  43%|████▎     | 855/2000 [1:02:05<59:38,  3.13s/it]Best trial: 848. Best value: 71.8721:  43%|████▎     | 856/2000 [1:02:05<44:09,  2.32s/it]Best trial: 848. Best value: 71.8721:  43%|████▎     | 856/2000 [1:02:05<44:09,  2.32s/it]                                                                                          Best trial: 848. Best value: 71.8721:  43%|████▎     | 857/2000 [1:02:05<44:06,  2.32s/it]Best trial: 848. Best value: 71.8721:  43%|████▎     | 857/2000 [1:02:05<44:06,  2.32s/it]Best trial: 848. Best value: 71.8721:  43%|████▎     | 858/2000 [1:02:05<25:49,  1.36s/it]                                                                                          Best trial: 848. Best value: 71.8721:  43%|████▎     | 858/2000 [1:02:05<25:49,  1.36s/it]Best trial: 848. Best value: 71.8721:  43%|████▎     | 858/2000 [1:02:05<25:49,  1.36s/it]Best trial: 848. Best value: 71.8721:  43%|████▎     | 859/2000 [1:02:05<20:44,  1.09s/it]                                                                                          Best trial: 848. Best value: 71.8721:  43%|████▎     | 859/2000 [1:02:05<20:44,  1.09s/it]Best trial: 848. Best value: 71.8721:  43%|████▎     | 859/2000 [1:02:05<20:44,  1.09s/it]Best trial: 848. Best value: 71.8721:  43%|████▎     | 860/2000 [1:02:05<16:45,  1.13it/s]                                                                                          Best trial: 848. Best value: 71.8721:  43%|████▎     | 860/2000 [1:02:47<16:45,  1.13it/s]Best trial: 848. Best value: 71.8721:  43%|████▎     | 860/2000 [1:02:47<16:45,  1.13it/s]Best trial: 848. Best value: 71.8721:  43%|████▎     | 861/2000 [1:02:47<3:42:14, 11.71s/it]                                                                                            Best trial: 848. Best value: 71.8721:  43%|████▎     | 861/2000 [1:02:47<3:42:14, 11.71s/it]Best trial: 848. Best value: 71.8721:  43%|████▎     | 861/2000 [1:02:47<3:42:14, 11.71s/it]                                                                                            Best trial: 848. Best value: 71.8721:  43%|████▎     | 862/2000 [1:02:47<3:42:03, 11.71s/it]Best trial: 848. Best value: 71.8721:  43%|████▎     | 862/2000 [1:02:47<3:42:03, 11.71s/it]Best trial: 848. Best value: 71.8721:  43%|████▎     | 863/2000 [1:02:47<2:06:48,  6.69s/it]                                                                                            Best trial: 848. Best value: 71.8721:  43%|████▎     | 863/2000 [1:02:47<2:06:48,  6.69s/it]Best trial: 848. Best value: 71.8721:  43%|████▎     | 863/2000 [1:02:47<2:06:48,  6.69s/it]Best trial: 848. Best value: 71.8721:  43%|████▎     | 864/2000 [1:02:47<1:37:39,  5.16s/it]                                                                                            [I 2026-04-01 12:06:42,461] Trial 846 finished with value: 72.79095491043452 and parameters: {'alpha_0': 14973.797590284503, 'alpha_1': 621.9839569442211, 'alpha_2': 48.16893411710009, 'beta_0': 0.20112427559844614, 'beta_1': 1.432161633135023, 'beta_2': 1.2585308913179092, 'beta_3': 0.5821423525368242, 'beta_4': 53.983928460739776, 'beta_5': 91.09998057941891, 'beta_6': 158.3394542257669}. Best is trial 829 with value: 72.14448373486943.
[I 2026-04-01 12:06:42,461] Trial 845 finished with value: 73.62959070289764 and parameters: {'alpha_0': 12122.64366248878, 'alpha_1': 526.0158982869085, 'alpha_2': 48.57527012003372, 'beta_0': 0.2512616624042856, 'beta_1': 1.4624806710914906, 'beta_2': 1.4810672081951788, 'beta_3': 0.08070243457687917, 'beta_4': 55.32457371909008, 'beta_5': 88.96561561777216, 'beta_6': 155.46307892312086}. Best is trial 829 with value: 72.14448373486943.
[I 2026-04-01 12:06:42,461] Trial 841 finished with value: 83.87678340896414 and parameters: {'alpha_0': 11778.038565298895, 'alpha_1': 405.43990532037975, 'alpha_2': 44.71204270697548, 'beta_0': 0.347690316638229, 'beta_1': 1.7444272359994752, 'beta_2': 1.4545593394942393, 'beta_3': 0.07956780296634783, 'beta_4': 35.44078099110564, 'beta_5': 89.59893553024797, 'beta_6': 188.1579608877003}. Best is trial 829 with value: 72.14448373486943.
