[I 2026-04-01 11:15:54,564] Trial 148 finished with value: 80.84648482331724 and parameters: {'alpha_0': 11403.53318265004, 'alpha_1': 1237.8403786859767, 'alpha_2': 40.384405532524184, 'beta_0': 0.3285746541829385, 'beta_1': 2.6414426271471227, 'beta_2': 0.7769197564968849, 'beta_3': 0.8931228991238878, 'beta_4': 70.3674295144092, 'beta_5': 148.5465176717852, 'beta_6': 227.35669024639768}. Best is trial 121 with value: 76.58244477304876.
[I 2026-04-01 11:15:54,834] Trial 149 finished with value: 83.8400131514518 and parameters: {'alpha_0': 6952.572173150223, 'alpha_1': 1152.7564368147775, 'alpha_2': 33.6553846317042, 'beta_0': 0.34158110680670783, 'beta_1': 2.634573439308632, 'beta_2': 0.7747744487710604, 'beta_3': 1.1972159125010002, 'beta_4': 71.86866909369331, 'beta_5': 144.27800218417977, 'beta_6': 248.32878418792058}. Best is trial 121 with value: 76.58244477304876.
[I 2026-04-01 11:16:34,584] Trial 150 finished with value: 82.71045463828578 and parameters: {'alpha_0': 6869.0664150348575, 'alpha_1': 1226.2143711132596, 'alpha_2': 28.534305199981066, 'beta_0': 0.33914009806838924, 'beta_1': 2.204787852607896, 'beta_2': 0.9061890456576558, 'beta_3': 0.5624531846514575, 'beta_4': 71.58879756094042, 'beta_5': 154.57886282999976, 'beta_6': 257.0093192516369}. Best is trial 121 with value: 76.58244477304876.
[I 2026-04-01 11:16:35,407] Trial 153 finished with value: 88.12400348863014 and parameters: {'alpha_0': 16926.286810178946, 'alpha_1': 5010.509908019501, 'alpha_2': 41.57985417932835, 'beta_0': 0.3487274425114182, 'beta_1': 1.8993287988388408, 'beta_2': 0.7695567660670994, 'beta_3': 0.10568123582801481, 'beta_4': 40.495942832107716, 'beta_5': 148.20095895017013, 'beta_6': 243.627215297116}. Best is trial 121 with value: 76.58244477304876.
[I 2026-04-01 11:16:35,463] Trial 155 finished with value: 87.36102477670424 and parameters: {'alpha_0': 6825.780527795938, 'alpha_1': 5068.6846114170885, 'alpha_2': 41.58525156825847, 'beta_0': 0.3315780724286329, 'beta_1': 2.3085412382570696, 'beta_2': 0.7833220940976738, 'beta_3': 0.8837034663531086, 'beta_4': 85.98352434586778, 'beta_5': 147.87782885621456, 'beta_6': 239.91670691080583}. Best is trial 121 with value: 76.58244477304876.
[I 2026-04-01 11:16:35,475] Trial 156 finished with value: 85.04200360405196 and parameters: {'alpha_0': 9010.038741849283, 'alpha_1': 2397.404757608261, 'alpha_2': 28.56694560922336, 'beta_0': 0.3252360244963667, 'beta_1': 2.3085467648744036, 'beta_2': 0.7743331006302057, 'beta_3': 0.8932660050484563, 'beta_4': 85.84119616913071, 'beta_5': 155.66945461993953, 'beta_6': 243.7402516045536}. Best is trial 121 with value: 76.58244477304876.
[I 2026-04-01 11:16:35,523] Trial 157 finished with value: 81.45368710717335 and parameters: {'alpha_0': 9099.273833759386, 'alpha_1': 2213.8345778030257, 'alpha_2': 28.594795368807468, 'beta_0': 0.32889976359143, 'beta_1': 1.8777475588558579, 'beta_2': 0.7900172265052817, 'beta_3': 0.8870649663986953, 'beta_4': 83.8188292539466, 'beta_5': 143.71894206767715, 'beta_6': 240.79336896937664}. Best is trial 121 with value: 76.58244477304876.
[I 2026-04-01 11:16:35,578] Trial 154 finished with value: 85.51723376048082 and parameters: {'alpha_0': 6885.2079363202365, 'alpha_1': 9268.621613791134, 'alpha_2': 42.330555142098504, 'beta_0': 0.34384699723980594, 'beta_1': 2.1943383176844278, 'beta_2': 0.787618999243373, 'beta_3': 0.781706461494734, 'beta_4': 71.99584998406864, 'beta_5': 146.56467499262752, 'beta_6': 244.87974298159753}. Best is trial 121 with value: 76.58244477304876.
[I 2026-04-01 11:16:35,739] Trial 159 finished with value: 80.96040966420607 and parameters: {'alpha_0': 8761.102649728282, 'alpha_1': 2198.1753850354444, 'alpha_2': 42.48541309123669, 'beta_0': 0.3317652183717261, 'beta_1': 0.8374128473208851, 'beta_2': 0.8103326312035654, 'beta_3': 0.8974659222871724, 'beta_4': 84.73511660858074, 'beta_5': 140.06758109310317, 'beta_6': 245.8821009858137}. Best is trial 121 with value: 76.58244477304876.
[I 2026-04-01 11:16:36,007] Trial 152 finished with value: 87.09588541171266 and parameters: {'alpha_0': 6687.147559348403, 'alpha_1': 1482.1777870083654, 'alpha_2': 42.20889292551821, 'beta_0': 0.3284296192914, 'beta_1': 2.211390402268803, 'beta_2': 0.7652608936431308, 'beta_3': 0.16269703121693535, 'beta_4': 71.14929463256448, 'beta_5': 140.88883295466908, 'beta_6': 151.39153900804837}. Best is trial 121 with value: 76.58244477304876.
[I 2026-04-01 11:16:36,011] Trial 158 finished with value: 83.14768548102109 and parameters: {'alpha_0': 9111.000492624786, 'alpha_1': 2297.826307050079, 'alpha_2': 31.265938396919857, 'beta_0': 0.33344334024997946, 'beta_1': 2.6195341212595826, 'beta_2': 0.7804745346540257, 'beta_3': 0.8985001388364255, 'beta_4': 86.17314252279779, 'beta_5': 141.86779017860374, 'beta_6': 245.9940908307121}. Best is trial 121 with value: 76.58244477304876.
[I 2026-04-01 11:16:36,337] Trial 151 finished with value: 85.09338461829049 and parameters: {'alpha_0': 12597.143198853664, 'alpha_1': 2199.718262599014, 'alpha_2': 31.298004188045564, 'beta_0': 0.33389312932481974, 'beta_1': 2.1994937013726266, 'beta_2': 0.766657031226142, 'beta_3': 0.8946951359528473, 'beta_4': 82.61821091091154, 'beta_5': 144.24552198474004, 'beta_6': 197.54227137261688}. Best is trial 121 with value: 76.58244477304876.
[I 2026-04-01 11:17:18,171] Trial 162 finished with value: 80.7878286426125 and parameters: {'alpha_0': 8641.602818105686, 'alpha_1': 457.0844352905515, 'alpha_2': 26.53934426863394, 'beta_0': 0.2009809079450749, 'beta_1': 2.4460107945093355, 'beta_2': 0.8044191442719207, 'beta_3': 0.5637897044852123, 'beta_4': 81.4244625928102, 'beta_5': 138.08498626548362, 'beta_6': 255.74044900845473}. Best is trial 121 with value: 76.58244477304876.
[I 2026-04-01 11:17:18,208] Trial 161 finished with value: 80.63878007124825 and parameters: {'alpha_0': 8585.275326519479, 'alpha_1': 2367.587494654602, 'alpha_2': 28.421303268577734, 'beta_0': 0.20071033964770413, 'beta_1': 2.3262355159972956, 'beta_2': 0.78569260105765, 'beta_3': 0.8946362811952109, 'beta_4': 84.88711718482668, 'beta_5': 156.3048789887952, 'beta_6': 247.11399862759393}. Best is trial 121 with value: 76.58244477304876.
Best trial: 121. Best value: 76.5824:   8%|▊         | 162/2000 [11:57<5:05:29,  9.97s/it]Best trial: 121. Best value: 76.5824:   8%|▊         | 162/2000 [11:57<5:05:29,  9.97s/it]                                                                                          Best trial: 121. Best value: 76.5824:   8%|▊         | 163/2000 [11:57<5:05:19,  9.97s/it]Best trial: 121. Best value: 76.5824:   8%|▊         | 163/2000 [11:57<5:05:19,  9.97s/it]Best trial: 121. Best value: 76.5824:   8%|▊         | 164/2000 [11:57<2:41:23,  5.27s/it]                                                                                          Best trial: 121. Best value: 76.5824:   8%|▊         | 164/2000 [11:57<2:41:23,  5.27s/it]Best trial: 121. Best value: 76.5824:   8%|▊         | 164/2000 [11:57<2:41:23,  5.27s/it]                                                                                          Best trial: 121. Best value: 76.5824:   8%|▊         | 165/2000 [11:57<2:41:18,  5.27s/it]Best trial: 121. Best value: 76.5824:   8%|▊         | 165/2000 [11:57<2:41:18,  5.27s/it]                                                                                          Best trial: 121. Best value: 76.5824:   8%|▊         | 166/2000 [11:57<1:52:16,  3.67s/it]Best trial: 121. Best value: 76.5824:   8%|▊         | 166/2000 [11:57<1:52:16,  3.67s/it]Best trial: 121. Best value: 76.5824:   8%|▊         | 166/2000 [11:57<1:52:16,  3.67s/it]                                                                                          Best trial: 121. Best value: 76.5824:   8%|▊         | 167/2000 [11:58<1:52:12,  3.67s/it]Best trial: 121. Best value: 76.5824:   8%|▊         | 167/2000 [11:58<1:52:12,  3.67s/it]Best trial: 121. Best value: 76.5824:   8%|▊         | 168/2000 [11:58<1:20:01,  2.62s/it]                                                                                          Best trial: 121. Best value: 76.5824:   8%|▊         | 168/2000 [11:58<1:20:01,  2.62s/it]Best trial: 121. Best value: 76.5824:   8%|▊         | 168/2000 [11:58<1:20:01,  2.62s/it]Best trial: 121. Best value: 76.5824:   8%|▊         | 169/2000 [11:58<1:08:17,  2.24s/it]                                                                                          Best trial: 121. Best value: 76.5824:   8%|▊         | 169/2000 [11:58<1:08:17,  2.24s/it]Best trial: 121. Best value: 76.5824:   8%|▊         | 169/2000 [11:58<1:08:17,  2.24s/it]Best trial: 121. Best value: 76.5824:   8%|▊         | 170/2000 [11:58<55:48,  1.83s/it]                                                                                          Best trial: 121. Best value: 76.5824:   8%|▊         | 170/2000 [12:41<55:48,  1.83s/it]Best trial: 121. Best value: 76.5824:   8%|▊         | 170/2000 [12:41<55:48,  1.83s/it]Best trial: 121. Best value: 76.5824:   9%|▊         | 171/2000 [12:41<5:40:06, 11.16s/it]                                                                                          Best trial: 121. Best value: 76.5824:   9%|▊         | 171/2000 [12:41<5:40:06, 11.16s/it]Best trial: 121. Best value: 76.5824:   9%|▊         | 171/2000 [12:42<5:40:06, 11.16s/it]                                                                                          Best trial: 121. Best value: 76.5824:   9%|▊         | 172/2000 [12:42<5:39:55, 11.16s/it]Best trial: 121. Best value: 76.5824:   9%|▊         | 172/2000 [12:42<5:39:55, 11.16s/it]Best trial: 121. Best value: 76.5824:   9%|▊         | 173/2000 [12:42<3:27:29,  6.81s/it]                                                                                          Best trial: 121. Best value: 76.5824:   9%|▊         | 173/2000 [12:42<3:27:29,  6.81s/it]Best trial: 121. Best value: 76.5824:   9%|▊         | 173/2000 [12:42<3:27:29,  6.81s/it]                                                                                          Best trial: 121. Best value: 76.5824:   9%|▊         | 174/2000 [12:42<3:27:22,  6.81s/it]Best trial: 121. Best value: 76.5824:   9%|▊         | 174/2000 [12:42<3:27:22,  6.81s/it]Best trial: 121. Best value: 76.5824:   9%|▉         | 175/2000 [12:42<2:13:25,  4.39s/it]                                                                                          Best trial: 121. Best value: 76.5824:   9%|▉         | 175/2000 [12:42<2:13:25,  4.39s/it]Best trial: 121. Best value: 76.5824:   9%|▉         | 175/2000 [12:42<2:13:25,  4.39s/it]                                                                                          Best trial: 121. Best value: 76.5824:   9%|▉         | 176/2000 [12:42<2:13:20,  4.39s/it]Best trial: 121. Best value: 76.5824:   9%|▉         | 176/2000 [12:42<2:13:20,  4.39s/it]Best trial: 121. Best value: 76.5824:   9%|▉         | 177/2000 [12:42<1:30:37,  2.98s/it]                                                                                          Best trial: 121. Best value: 76.5824:   9%|▉         | 177/2000 [12:43<1:30:37,  2.98s/it]Best trial: 121. Best value: 76.5824:   9%|▉         | 177/2000 [12:43<1:30:37,  2.98s/it]Best trial: 121. Best value: 76.5824:   9%|▉         | 178/2000 [12:43<1:15:17,  2.48s/it]                                                                                          Best trial: 121. Best value: 76.5824:   9%|▉         | 178/2000 [12:43<1:15:17,  2.48s/it]Best trial: 121. Best value: 76.5824:   9%|▉         | 178/2000 [12:43<1:15:17,  2.48s/it]                                                                                          Best trial: 121. Best value: 76.5824:   9%|▉         | 179/2000 [12:44<1:15:15,  2.48s/it]Best trial: 121. Best value: 76.5824:   9%|▉         | 179/2000 [12:44<1:15:15,  2.48s/it]Best trial: 121. Best value: 76.5824:   9%|▉         | 180/2000 [12:44<54:06,  1.78s/it]                                                                                          [I 2026-04-01 11:17:18,245] Trial 165 finished with value: 83.77105049184152 and parameters: {'alpha_0': 8767.257843843652, 'alpha_1': 2942.2351085055566, 'alpha_2': 31.2933882251824, 'beta_0': 0.2023117199985246, 'beta_1': 2.501555141702623, 'beta_2': 0.7248728595757352, 'beta_3': 0.5857825739498315, 'beta_4': 82.55523911417396, 'beta_5': 118.52176226318701, 'beta_6': 256.36555746794943}. Best is trial 121 with value: 76.58244477304876.
[I 2026-04-01 11:17:18,264] Trial 160 finished with value: 85.13157648919045 and parameters: {'alpha_0': 8712.128904361154, 'alpha_1': 2265.8324602364296, 'alpha_2': 31.140125939058652, 'beta_0': 0.3384909414731941, 'beta_1': 2.4924076996934534, 'beta_2': 0.7828426619062965, 'beta_3': 0.8797828695670933, 'beta_4': 85.66162585434266, 'beta_5': 157.56958474364677, 'beta_6': 246.03500844274407}. Best is trial 121 with value: 76.58244477304876.
[I 2026-04-01 11:17:18,328] Trial 166 finished with value: 85.39243789011398 and parameters: {'alpha_0': 8730.09022046698, 'alpha_1': 2823.2874991696917, 'alpha_2': 31.27803920644345, 'beta_0': 0.21453378797689832, 'beta_1': 0.7294850609425652, 'beta_2': 0.7282574876121939, 'beta_3': 1.0087222031588308, 'beta_4': 80.20201280138134, 'beta_5': 116.22081135122625, 'beta_6': 256.7426043917195}. Best is trial 121 with value: 76.58244477304876.
[I 2026-04-01 11:17:18,493] Trial 163 finished with value: 92.10950117551818 and parameters: {'alpha_0': 4706.765392733587, 'alpha_1': 2217.2716113581714, 'alpha_2': 30.73179131900458, 'beta_0': 0.20227011307125198, 'beta_1': 2.6488090646704365, 'beta_2': 0.7279659044577798, 'beta_3': 0.798662517072721, 'beta_4': 73.98431736292585, 'beta_5': 117.10162658590508, 'beta_6': 252.99296825269556}. Best is trial 121 with value: 76.58244477304876.
[I 2026-04-01 11:17:18,530] Trial 167 finished with value: 77.19870649324716 and parameters: {'alpha_0': 12311.87602018118, 'alpha_1': 2222.4740199958487, 'alpha_2': 31.326172960198917, 'beta_0': 0.20369548769027143, 'beta_1': 0.7095631363983651, 'beta_2': 0.8762378410293971, 'beta_3': 0.9112572527678798, 'beta_4': 81.35222911780228, 'beta_5': 118.56453718024031, 'beta_6': 255.2673307738997}. Best is trial 121 with value: 76.58244477304876.
[I 2026-04-01 11:17:19,028] Trial 168 finished with value: 115.39273181627709 and parameters: {'alpha_0': 12112.350620658748, 'alpha_1': 2177.9781381263033, 'alpha_2': 31.867060694382563, 'beta_0': 0.4216860475782785, 'beta_1': 0.8680220849250085, 'beta_2': 0.6697809106321948, 'beta_3': 0.8092093559073277, 'beta_4': 80.51423563953277, 'beta_5': 114.80468360737399, 'beta_6': 250.23084848367478}. Best is trial 121 with value: 76.58244477304876.
[I 2026-04-01 11:17:19,518] Trial 169 finished with value: 96.41158426148198 and parameters: {'alpha_0': 8526.64991512555, 'alpha_1': 474.3460347970338, 'alpha_2': 28.87648062833601, 'beta_0': 0.21409736006423624, 'beta_1': 2.839341674783369, 'beta_2': 1.772014418565524, 'beta_3': 0.8132394596578265, 'beta_4': 79.08807991226591, 'beta_5': 120.2837618730112, 'beta_6': 256.2259642234362}. Best is trial 121 with value: 76.58244477304876.
[I 2026-04-01 11:17:19,760] Trial 164 finished with value: 128.70075393679656 and parameters: {'alpha_0': 12462.038655275996, 'alpha_1': 2231.817813125025, 'alpha_2': 30.967825912496895, 'beta_0': 0.20391856327291477, 'beta_1': 2.601479454326655, 'beta_2': 2.2590990059968257, 'beta_3': 1.2798483198564614, 'beta_4': 72.47214291482375, 'beta_5': 140.5670909353578, 'beta_6': 253.48363908385318}. Best is trial 121 with value: 76.58244477304876.
[I 2026-04-01 11:18:02,840] Trial 178 finished with value: 79.17794443901269 and parameters: {'alpha_0': 9722.407014403743, 'alpha_1': 1688.87474236487, 'alpha_2': 26.71955287975486, 'beta_0': 0.20241009635312743, 'beta_1': 0.5686894749449005, 'beta_2': 0.8801214725886405, 'beta_3': 0.5495267207919221, 'beta_4': 75.67165838082181, 'beta_5': 176.2385485634706, 'beta_6': 110.39376313982352}. Best is trial 121 with value: 76.58244477304876.
[I 2026-04-01 11:18:02,859] Trial 172 finished with value: 78.71649957320149 and parameters: {'alpha_0': 10666.42017727726, 'alpha_1': 509.5910999355089, 'alpha_2': 46.437641001819465, 'beta_0': 0.2082782936382024, 'beta_1': 0.774681954852267, 'beta_2': 0.8759395181183787, 'beta_3': 1.016451886139842, 'beta_4': 79.11674870038426, 'beta_5': 176.89199074372138, 'beta_6': 276.2386957162752}. Best is trial 121 with value: 76.58244477304876.
[I 2026-04-01 11:18:03,026] Trial 179 finished with value: 80.01089423702561 and parameters: {'alpha_0': 10731.7416016645, 'alpha_1': 1626.6931067665375, 'alpha_2': 26.580502609325194, 'beta_0': 0.28751148493972156, 'beta_1': 1.1911305574747484, 'beta_2': 0.8666591587312299, 'beta_3': 0.9569624643378345, 'beta_4': 88.3760928515393, 'beta_5': 176.09630949039123, 'beta_6': 278.7607436393475}. Best is trial 121 with value: 76.58244477304876.
[I 2026-04-01 11:18:03,062] Trial 177 finished with value: 80.89358169394637 and parameters: {'alpha_0': 9593.573978237897, 'alpha_1': 446.80308295937505, 'alpha_2': 28.762281643410457, 'beta_0': 0.2839175964849532, 'beta_1': 0.6835016263876171, 'beta_2': 0.8778584445649642, 'beta_3': 0.9694563085126673, 'beta_4': 77.04737216114749, 'beta_5': 176.51033159707234, 'beta_6': 233.85767302286044}. Best is trial 121 with value: 76.58244477304876.
[I 2026-04-01 11:18:03,134] Trial 170 finished with value: 95.23291832929601 and parameters: {'alpha_0': 9154.649283533163, 'alpha_1': 492.5017554405193, 'alpha_2': 45.92744438761691, 'beta_0': 0.21226604410921024, 'beta_1': 0.8157277808417877, 'beta_2': 1.7402224339230474, 'beta_3': 0.5859466151458471, 'beta_4': 80.05423366178313, 'beta_5': 175.3227879747405, 'beta_6': 257.85321527354046}. Best is trial 121 with value: 76.58244477304876.
[I 2026-04-01 11:18:03,227] Trial 171 finished with value: 87.76993055572389 and parameters: {'alpha_0': 10661.612107480858, 'alpha_1': 447.5536236042178, 'alpha_2': 46.91832875756711, 'beta_0': 0.4369205427627132, 'beta_1': 0.7756577370921546, 'beta_2': 0.8759835398442659, 'beta_3': 1.0109822694380912, 'beta_4': 87.03334866955115, 'beta_5': 159.39241981899792, 'beta_6': 276.09631281776325}. Best is trial 121 with value: 76.58244477304876.
[I 2026-04-01 11:18:03,629] Trial 176 finished with value: 174.5874087815651 and parameters: {'alpha_0': 10783.287591618304, 'alpha_1': 1671.627963029493, 'alpha_2': 46.4926433879108, 'beta_0': 0.2889688109313106, 'beta_1': 0.6045860753842728, 'beta_2': 1.754302142060721, 'beta_3': 0.553020715617874, 'beta_4': 76.30432211987666, 'beta_5': 439.7607281815731, 'beta_6': 3.7509918716806396}. Best is trial 121 with value: 76.58244477304876.
[I 2026-04-01 11:18:04,033] Trial 173 finished with value: 101.96206123073603 and parameters: {'alpha_0': 10548.361839614457, 'alpha_1': 519.4580263352802, 'alpha_2': 28.687836457910056, 'beta_0': 0.41631905703095695, 'beta_1': 1.0446957014677316, 'beta_2': 0.8907013793541404, 'beta_3': 0.8102356567876389, 'beta_4': 75.07079131168408, 'beta_5': 160.25332716766042, 'beta_6': 233.09980557569875}. Best is trial 121 with value: 76.58244477304876.
[I 2026-04-01 11:18:04,108] Trial 174 finished with value: 188.46252655927157 and parameters: {'alpha_0': 10143.368086237122, 'alpha_1': 496.44374795166004, 'alpha_2': 29.01688221830576, 'beta_0': 0.4302025115018203, 'beta_1': 1.010830406944241, 'beta_2': 2.2643348939265993, 'beta_3': 0.8149529853898947, 'beta_4': 76.54931231072351, 'beta_5': 178.51797970795275, 'beta_6': 276.23143640540724}. Best is trial 121 with value: 76.58244477304876.
[I 2026-04-01 11:18:05,106] Trial 175 finished with value: 1572.3708443290036 and parameters: {'alpha_0': 10522.603397465333, 'alpha_1': 1584.4547653825116, 'alpha_2': 28.855517717736433, 'beta_0': 2.734094126900346, 'beta_1': 2.446579124375362, 'beta_2': 0.8725303260916242, 'beta_3': 0.8573341581113489, 'beta_4': 77.1112530050268, 'beta_5': 431.98186945536094, 'beta_6': 276.29266205790844}. Best is trial 121 with value: 76.58244477304876.
