Best trial: 957. Best value: 71.3843:  76%|███████▋  | 1525/2000 [2:18:38<49:28,  6.25s/it]Best trial: 957. Best value: 71.3843:  76%|███████▋  | 1525/2000 [2:18:38<49:28,  6.25s/it]                                                                                           Best trial: 957. Best value: 71.3843:  76%|███████▋  | 1526/2000 [2:18:38<49:22,  6.25s/it]Best trial: 957. Best value: 71.3843:  76%|███████▋  | 1526/2000 [2:18:38<49:22,  6.25s/it]Best trial: 957. Best value: 71.3843:  76%|███████▋  | 1527/2000 [2:18:38<22:07,  2.81s/it]                                                                                           Best trial: 957. Best value: 71.3843:  76%|███████▋  | 1527/2000 [2:18:38<22:07,  2.81s/it]Best trial: 957. Best value: 71.3843:  76%|███████▋  | 1527/2000 [2:18:38<22:07,  2.81s/it]                                                                                           Best trial: 957. Best value: 71.3843:  76%|███████▋  | 1528/2000 [2:18:38<22:04,  2.81s/it]Best trial: 957. Best value: 71.3843:  76%|███████▋  | 1528/2000 [2:18:38<22:04,  2.81s/it]Best trial: 957. Best value: 71.3843:  76%|███████▋  | 1529/2000 [2:18:38<15:02,  1.92s/it]                                                                                           Best trial: 957. Best value: 71.3843:  76%|███████▋  | 1529/2000 [2:18:38<15:02,  1.92s/it]Best trial: 957. Best value: 71.3843:  76%|███████▋  | 1529/2000 [2:18:38<15:02,  1.92s/it]                                                                                           Best trial: 957. Best value: 71.3843:  76%|███████▋  | 1530/2000 [2:19:16<15:00,  1.92s/it]Best trial: 957. Best value: 71.3843:  76%|███████▋  | 1530/2000 [2:19:16<15:00,  1.92s/it]Best trial: 957. Best value: 71.3843:  77%|███████▋  | 1531/2000 [2:19:16<59:04,  7.56s/it]                                                                                           Best trial: 957. Best value: 71.3843:  77%|███████▋  | 1531/2000 [2:19:17<59:04,  7.56s/it]Best trial: 957. Best value: 71.3843:  77%|███████▋  | 1531/2000 [2:19:17<59:04,  7.56s/it]Best trial: 957. Best value: 71.3843:  77%|███████▋  | 1532/2000 [2:19:17<48:50,  6.26s/it]                                                                                           Best trial: 957. Best value: 71.3843:  77%|███████▋  | 1532/2000 [2:19:17<48:50,  6.26s/it]Best trial: 957. Best value: 71.3843:  77%|███████▋  | 1532/2000 [2:19:17<48:50,  6.26s/it]Best trial: 957. Best value: 71.3843:  77%|███████▋  | 1533/2000 [2:19:17<38:30,  4.95s/it]                                                                                           Best trial: 957. Best value: 71.3843:  77%|███████▋  | 1533/2000 [2:19:17<38:30,  4.95s/it]Best trial: 957. Best value: 71.3843:  77%|███████▋  | 1533/2000 [2:19:17<38:30,  4.95s/it]                                                                                           Best trial: 957. Best value: 71.3843:  77%|███████▋  | 1534/2000 [2:19:17<38:25,  4.95s/it]Best trial: 957. Best value: 71.3843:  77%|███████▋  | 1534/2000 [2:19:17<38:25,  4.95s/it]Best trial: 957. Best value: 71.3843:  77%|███████▋  | 1535/2000 [2:19:17<24:07,  3.11s/it]                                                                                           Best trial: 957. Best value: 71.3843:  77%|███████▋  | 1535/2000 [2:19:17<24:07,  3.11s/it]Best trial: 957. Best value: 71.3843:  77%|███████▋  | 1535/2000 [2:19:17<24:07,  3.11s/it]Best trial: 957. Best value: 71.3843:  77%|███████▋  | 1536/2000 [2:19:17<19:17,  2.50s/it]                                                                                           Best trial: 957. Best value: 71.3843:  77%|███████▋  | 1536/2000 [2:19:17<19:17,  2.50s/it]Best trial: 957. Best value: 71.3843:  77%|███████▋  | 1536/2000 [2:19:17<19:17,  2.50s/it]                                                                                           Best trial: 957. Best value: 71.3843:  77%|███████▋  | 1537/2000 [2:19:18<19:15,  2.50s/it]Best trial: 957. Best value: 71.3843:  77%|███████▋  | 1537/2000 [2:19:18<19:15,  2.50s/it]Best trial: 957. Best value: 71.3843:  77%|███████▋  | 1538/2000 [2:19:18<12:22,  1.61s/it]                                                                                           Best trial: 957. Best value: 71.3843:  77%|███████▋  | 1538/2000 [2:19:18<12:22,  1.61s/it]Best trial: 957. Best value: 71.3843:  77%|███████▋  | 1538/2000 [2:19:18<12:22,  1.61s/it]Best trial: 957. Best value: 71.3843:  77%|███████▋  | 1539/2000 [2:19:18<10:10,  1.32s/it]                                                                                           Best trial: 957. Best value: 71.3843:  77%|███████▋  | 1539/2000 [2:19:18<10:10,  1.32s/it]Best trial: 957. Best value: 71.3843:  77%|███████▋  | 1539/2000 [2:19:18<10:10,  1.32s/it]Best trial: 957. Best value: 71.3843:  77%|███████▋  | 1540/2000 [2:19:18<08:14,  1.07s/it]                                                                                           Best trial: 957. Best value: 71.3843:  77%|███████▋  | 1540/2000 [2:19:57<08:14,  1.07s/it]Best trial: 957. Best value: 71.3843:  77%|███████▋  | 1540/2000 [2:19:57<08:14,  1.07s/it]Best trial: 957. Best value: 71.3843:  77%|███████▋  | 1541/2000 [2:19:57<1:20:41, 10.55s/it]                                                                                             Best trial: 957. Best value: 71.3843:  77%|███████▋  | 1541/2000 [2:19:57<1:20:41, 10.55s/it]Best trial: 957. Best value: 71.3843:  77%|███████▋  | 1541/2000 [2:19:57<1:20:41, 10.55s/it]Best trial: 957. Best value: 71.3843:  77%|███████▋  | 1542/2000 [2:19:57<59:48,  7.83s/it]                                                                                             Best trial: 957. Best value: 71.3843:  77%|███████▋  | 1542/2000 [2:19:58<59:48,  7.83s/it]Best trial: 957. Best value: 71.3843:  77%|███████▋  | 1542/2000 [2:19:58<59:48,  7.83s/it]Best trial: 957. Best value: 71.3843:  77%|███████▋  | 1543/2000 [2:19:58<43:35,  5.72s/it]                                                                                           [I 2026-04-01 13:23:58,912] Trial 1524 finished with value: 73.98698764056154 and parameters: {'alpha_0': 18257.170079037565, 'alpha_1': 6448.948956259057, 'alpha_2': 47.41406214472358, 'beta_0': 0.20157048470279318, 'beta_1': 1.947841922225234, 'beta_2': 1.4016199025107121, 'beta_3': 0.31804391871404103, 'beta_4': 54.73492690484453, 'beta_5': 17.302001277686177, 'beta_6': 404.7526247238082}. Best is trial 957 with value: 71.38427157687855.
[I 2026-04-01 13:23:58,973] Trial 1527 finished with value: 73.19434239765769 and parameters: {'alpha_0': 16207.965477173382, 'alpha_1': 5139.169063968642, 'alpha_2': 47.47049898509915, 'beta_0': 0.20087856683666597, 'beta_1': 1.7299404478372729, 'beta_2': 1.409130167528841, 'beta_3': 0.30877038856743394, 'beta_4': 67.91792853499629, 'beta_5': 16.466212521832936, 'beta_6': 379.15368416311645}. Best is trial 957 with value: 71.38427157687855.
[I 2026-04-01 13:23:58,992] Trial 1528 finished with value: 89.73016436581497 and parameters: {'alpha_0': 29486.11817291203, 'alpha_1': 5167.91809735853, 'alpha_2': 47.26495218581686, 'beta_0': 0.20171945693032384, 'beta_1': 1.7255526524639386, 'beta_2': 1.4122340371598325, 'beta_3': 0.4731285942967647, 'beta_4': 54.82579211705347, 'beta_5': 17.260933772606904, 'beta_6': 400.05285780602725}. Best is trial 957 with value: 71.38427157687855.
[I 2026-04-01 13:23:59,431] Trial 1529 finished with value: 74.08945190319236 and parameters: {'alpha_0': 16097.394532274484, 'alpha_1': 5066.930709933929, 'alpha_2': 47.23227966435262, 'beta_0': 0.2511041993403989, 'beta_1': 1.9306764091230875, 'beta_2': 1.4136951611080477, 'beta_3': 0.4938539494134076, 'beta_4': 53.04636795454307, 'beta_5': 15.239029148888045, 'beta_6': 379.03151837715717}. Best is trial 957 with value: 71.38427157687855.
[I 2026-04-01 13:23:59,487] Trial 1523 finished with value: 1178.6578503269545 and parameters: {'alpha_0': 18747.96047664594, 'alpha_1': 5322.354837742237, 'alpha_2': 47.49305152019866, 'beta_0': 2.5794303081840795, 'beta_1': 1.5358572918794138, 'beta_2': 1.412504823041328, 'beta_3': 0.422030604803401, 'beta_4': 53.66868028864213, 'beta_5': 17.64046816986041, 'beta_6': 406.68265637999315}. Best is trial 957 with value: 71.38427157687855.
[I 2026-04-01 13:24:37,413] Trial 1530 finished with value: 72.67156479139669 and parameters: {'alpha_0': 16113.407912745033, 'alpha_1': 6408.971743512991, 'alpha_2': 47.6463552080382, 'beta_0': 0.2005255867934589, 'beta_1': 1.7250152420875489, 'beta_2': 1.412770156429312, 'beta_3': 0.4969666589612741, 'beta_4': 54.25531556495368, 'beta_5': 14.777531391226022, 'beta_6': 402.0878421639712}. Best is trial 957 with value: 71.38427157687855.
[I 2026-04-01 13:24:38,181] Trial 1532 finished with value: 75.9247304676068 and parameters: {'alpha_0': 16060.979594942202, 'alpha_1': 577.8310979537298, 'alpha_2': 47.17341964156343, 'beta_0': 0.25145120379933017, 'beta_1': 1.7267610298648743, 'beta_2': 1.1959344761369644, 'beta_3': 0.31604237774975286, 'beta_4': 53.66915634744, 'beta_5': 14.315283647090283, 'beta_6': 382.4850490858363}. Best is trial 957 with value: 71.38427157687855.
[I 2026-04-01 13:24:38,315] Trial 1531 finished with value: 117.64732559802508 and parameters: {'alpha_0': 15952.092572532954, 'alpha_1': 5055.83884411707, 'alpha_2': 47.71048047062096, 'beta_0': 0.4448966570291336, 'beta_1': 2.1551130179378295, 'beta_2': 1.4032534825994296, 'beta_3': 0.49142806373910647, 'beta_4': 53.88966741391103, 'beta_5': 14.847470050449893, 'beta_6': 133.31376718308644}. Best is trial 957 with value: 71.38427157687855.
[I 2026-04-01 13:24:38,381] Trial 1537 finished with value: 111.22627854651094 and parameters: {'alpha_0': 15465.7553937285, 'alpha_1': 6126.898005876505, 'alpha_2': 44.505081167264635, 'beta_0': 0.42596066494162876, 'beta_1': 1.727534756255688, 'beta_2': 1.2939297151079403, 'beta_3': 0.18607621297413443, 'beta_4': 67.72331317622469, 'beta_5': 8.028411735914775, 'beta_6': 186.74605635102918}. Best is trial 957 with value: 71.38427157687855.
[I 2026-04-01 13:24:38,543] Trial 1535 finished with value: 72.05325584188374 and parameters: {'alpha_0': 15927.162067270396, 'alpha_1': 3645.712006695656, 'alpha_2': 44.36835386063346, 'beta_0': 0.20163511114088783, 'beta_1': 1.721344146500013, 'beta_2': 1.479342712731002, 'beta_3': 0.3084811739964696, 'beta_4': 67.04701433605159, 'beta_5': 9.202679562689537, 'beta_6': 185.2168302653139}. Best is trial 957 with value: 71.38427157687855.
[I 2026-04-01 13:24:38,766] Trial 1538 finished with value: 77.88723935440989 and parameters: {'alpha_0': 15631.824196705602, 'alpha_1': 513.971907429145, 'alpha_2': 44.31396198329361, 'beta_0': 0.29585863114421646, 'beta_1': 1.724800504807995, 'beta_2': 1.1943932625416729, 'beta_3': 0.18850689409887822, 'beta_4': 67.80535066661058, 'beta_5': 9.401468462020171, 'beta_6': 183.3990884870814}. Best is trial 957 with value: 71.38427157687855.
[I 2026-04-01 13:24:38,833] Trial 1539 finished with value: 109.4858116668066 and parameters: {'alpha_0': 15769.719474598565, 'alpha_1': 3620.545889827228, 'alpha_2': 44.09600714636981, 'beta_0': 0.4488302076040001, 'beta_1': 1.7261206871974482, 'beta_2': 1.4875077322692694, 'beta_3': 0.18985912069222083, 'beta_4': 68.01888746071144, 'beta_5': 0.3776654099759984, 'beta_6': 183.0081482999614}. Best is trial 957 with value: 71.38427157687855.
[I 2026-04-01 13:24:39,068] Trial 1534 finished with value: 115.07826284384778 and parameters: {'alpha_0': 15652.649667281607, 'alpha_1': 550.0539880046625, 'alpha_2': 44.44276299371449, 'beta_0': 0.44629353233221747, 'beta_1': 1.7244899174292416, 'beta_2': 1.421632361527651, 'beta_3': 0.3066104119615746, 'beta_4': 54.70896562934768, 'beta_5': 9.722536049287015, 'beta_6': 155.26626656560862}. Best is trial 957 with value: 71.38427157687855.
[I 2026-04-01 13:24:39,348] Trial 1536 finished with value: 78.54900846702081 and parameters: {'alpha_0': 15739.0979020509, 'alpha_1': 6082.2845365516405, 'alpha_2': 44.74195720130298, 'beta_0': 0.2981900419180989, 'beta_1': 1.7294355948913314, 'beta_2': 1.1984882054771442, 'beta_3': 0.1744817834067127, 'beta_4': 67.50820874445989, 'beta_5': 9.036767199339067, 'beta_6': 183.14224301515614}. Best is trial 957 with value: 71.38427157687855.
[I 2026-04-01 13:24:39,598] Trial 1533 finished with value: 85.7733774299275 and parameters: {'alpha_0': 16009.402693181337, 'alpha_1': 8857.558037796147, 'alpha_2': 47.455719969959674, 'beta_0': 0.20036799657486443, 'beta_1': 1.7346463190882522, 'beta_2': 1.2091336562773076, 'beta_3': 0.3110781352282963, 'beta_4': 157.6842038909943, 'beta_5': 9.212835266536997, 'beta_6': 155.61965016238645}. Best is trial 957 with value: 71.38427157687855.
[I 2026-04-01 13:25:18,578] Trial 1545 finished with value: 74.8491635489755 and parameters: {'alpha_0': 13973.730587769616, 'alpha_1': 5993.373687166842, 'alpha_2': 45.28591057659425, 'beta_0': 0.29401917412882816, 'beta_1': 1.795681830031835, 'beta_2': 1.5588091030841424, 'beta_3': 0.26027578949628627, 'beta_4': 59.60381948751601, 'beta_5': 1.1717880183707337, 'beta_6': 158.81989029799016}. Best is trial 957 with value: 71.38427157687855.
[I 2026-04-01 13:25:18,813] Trial 1540 finished with value: 217.18070461285038 and parameters: {'alpha_0': 16034.206258462686, 'alpha_1': 6123.5086066533895, 'alpha_2': 44.69005400999382, 'beta_0': 0.4469910375958139, 'beta_1': 1.7202587071678739, 'beta_2': 2.805521731257391, 'beta_3': 0.19640180328175055, 'beta_4': 58.28550128111904, 'beta_5': 10.227425397430622, 'beta_6': 157.34838199560463}. Best is trial 957 with value: 71.38427157687855.
[I 2026-04-01 13:25:18,922] Trial 1541 finished with value: 110.42079046124827 and parameters: {'alpha_0': 17259.206977400325, 'alpha_1': 6048.6390012792, 'alpha_2': 44.37541130299477, 'beta_0': 0.4291405532375309, 'beta_1': 1.8506174789592007, 'beta_2': 1.4844091651088676, 'beta_3': 0.19750740707766185, 'beta_4': 67.45723449352116, 'beta_5': 8.783389580576184, 'beta_6': 155.46359092158514}. Best is trial 957 with value: 71.38427157687855.
Best trial: 957. Best value: 71.3843:  77%|███████▋  | 1543/2000 [2:19:58<43:35,  5.72s/it]Best trial: 957. Best value: 71.3843:  77%|███████▋  | 1543/2000 [2:19:58<43:35,  5.72s/it]Best trial: 957. Best value: 71.3843:  77%|███████▋  | 1544/2000 [2:19:58<31:40,  4.17s/it]                                                                                           Best trial: 957. Best value: 71.3843:  77%|███████▋  | 1544/2000 [2:19:58<31:40,  4.17s/it]Best trial: 957. Best value: 71.3843:  77%|███████▋  | 1544/2000 [2:19:58<31:40,  4.17s/it]Best trial: 957. Best value: 71.3843:  77%|███████▋  | 1545/2000 [2:19:58<22:51,  3.01s/it]                                                                                           Best trial: 957. Best value: 71.3843:  77%|███████▋  | 1545/2000 [2:19:58<22:51,  3.01s/it]Best trial: 957. Best value: 71.3843:  77%|███████▋  | 1545/2000 [2:19:58<22:51,  3.01s/it]                                                                                           Best trial: 957. Best value: 71.3843:  77%|███████▋  | 1546/2000 [2:19:58<22:48,  3.01s/it]Best trial: 957. Best value: 71.3843:  77%|███████▋  | 1546/2000 [2:19:58<22:48,  3.01s/it]Best trial: 957. Best value: 71.3843:  77%|███████▋  | 1547/2000 [2:19:58<12:53,  1.71s/it]                                                                                           Best trial: 957. Best value: 71.3843:  77%|███████▋  | 1547/2000 [2:19:58<12:53,  1.71s/it]Best trial: 957. Best value: 71.3843:  77%|███████▋  | 1547/2000 [2:19:58<12:53,  1.71s/it]Best trial: 957. Best value: 71.3843:  77%|███████▋  | 1548/2000 [2:19:58<09:57,  1.32s/it]                                                                                           Best trial: 957. Best value: 71.3843:  77%|███████▋  | 1548/2000 [2:19:58<09:57,  1.32s/it]Best trial: 957. Best value: 71.3843:  77%|███████▋  | 1548/2000 [2:19:58<09:57,  1.32s/it]Best trial: 957. Best value: 71.3843:  77%|███████▋  | 1549/2000 [2:19:58<07:34,  1.01s/it]                                                                                           Best trial: 957. Best value: 71.3843:  77%|███████▋  | 1549/2000 [2:19:59<07:34,  1.01s/it]Best trial: 957. Best value: 71.3843:  77%|███████▋  | 1549/2000 [2:19:59<07:34,  1.01s/it]Best trial: 957. Best value: 71.3843:  78%|███████▊  | 1550/2000 [2:19:59<06:42,  1.12it/s]                                                                                           Best trial: 957. Best value: 71.3843:  78%|███████▊  | 1550/2000 [2:20:38<06:42,  1.12it/s]Best trial: 957. Best value: 71.3843:  78%|███████▊  | 1550/2000 [2:20:38<06:42,  1.12it/s]Best trial: 957. Best value: 71.3843:  78%|███████▊  | 1551/2000 [2:20:38<1:25:12, 11.39s/it]                                                                                             Best trial: 957. Best value: 71.3843:  78%|███████▊  | 1551/2000 [2:20:38<1:25:12, 11.39s/it]Best trial: 957. Best value: 71.3843:  78%|███████▊  | 1551/2000 [2:20:38<1:25:12, 11.39s/it]                                                                                             Best trial: 957. Best value: 71.3843:  78%|███████▊  | 1552/2000 [2:20:38<1:25:01, 11.39s/it]Best trial: 957. Best value: 71.3843:  78%|███████▊  | 1552/2000 [2:20:38<1:25:01, 11.39s/it]Best trial: 957. Best value: 71.3843:  78%|███████▊  | 1553/2000 [2:20:38<47:35,  6.39s/it]                                                                                             Best trial: 957. Best value: 71.3843:  78%|███████▊  | 1553/2000 [2:20:38<47:35,  6.39s/it]Best trial: 957. Best value: 71.3843:  78%|███████▊  | 1553/2000 [2:20:38<47:35,  6.39s/it]                                                                                           Best trial: 957. Best value: 71.3843:  78%|███████▊  | 1554/2000 [2:20:38<47:29,  6.39s/it]                                                                                           Best trial: 957. Best value: 71.3843:  78%|███████▊  | 1554/2000 [2:20:38<47:29,  6.39s/it]Best trial: 957. Best value: 71.3843:  78%|███████▊  | 1554/2000 [2:20:38<47:29,  6.39s/it]Best trial: 957. Best value: 71.3843:  78%|███████▊  | 1555/2000 [2:20:38<29:33,  3.99s/it]Best trial: 957. Best value: 71.3843:  78%|███████▊  | 1556/2000 [2:20:38<16:32,  2.23s/it]Best trial: 957. Best value: 71.3843:  78%|███████▊  | 1556/2000 [2:20:38<16:32,  2.23s/it]                                                                                           Best trial: 957. Best value: 71.3843:  78%|███████▊  | 1556/2000 [2:20:38<16:32,  2.23s/it]Best trial: 957. Best value: 71.3843:  78%|███████▊  | 1556/2000 [2:20:38<16:32,  2.23s/it]Best trial: 957. Best value: 71.3843:  78%|███████▊  | 1557/2000 [2:20:38<13:53,  1.88s/it]                                                                                           Best trial: 957. Best value: 71.3843:  78%|███████▊  | 1557/2000 [2:20:39<13:53,  1.88s/it]Best trial: 957. Best value: 71.3843:  78%|███████▊  | 1557/2000 [2:20:39<13:53,  1.88s/it]Best trial: 957. Best value: 71.3843:  78%|███████▊  | 1558/2000 [2:20:39<11:21,  1.54s/it]                                                                                           Best trial: 957. Best value: 71.3843:  78%|███████▊  | 1558/2000 [2:20:39<11:21,  1.54s/it]Best trial: 957. Best value: 71.3843:  78%|███████▊  | 1558/2000 [2:20:39<11:21,  1.54s/it]Best trial: 957. Best value: 71.3843:  78%|███████▊  | 1559/2000 [2:20:39<08:57,  1.22s/it]                                                                                           Best trial: 957. Best value: 71.3843:  78%|███████▊  | 1559/2000 [2:20:39<08:57,  1.22s/it]Best trial: 957. Best value: 71.3843:  78%|███████▊  | 1559/2000 [2:20:39<08:57,  1.22s/it]                                                                                           Best trial: 957. Best value: 71.3843:  78%|███████▊  | 1560/2000 [2:21:17<08:56,  1.22s/it]Best trial: 957. Best value: 71.3843:  78%|███████▊  | 1560/2000 [2:21:17<08:56,  1.22s/it]Best trial: 957. Best value: 71.3843:  78%|███████▊  | 1561/2000 [2:21:17<1:00:46,  8.31s/it]                                                                                             [I 2026-04-01 13:25:19,097] Trial 1543 finished with value: 78.8039607082604 and parameters: {'alpha_0': 17338.24681310405, 'alpha_1': 429.38731256821245, 'alpha_2': 43.63766436484135, 'beta_0': 0.2926803774666886, 'beta_1': 1.854797662719177, 'beta_2': 1.4825754824716753, 'beta_3': 0.26939557450176466, 'beta_4': 59.3491123160249, 'beta_5': 8.639529852603037, 'beta_6': 152.9034153394787}. Best is trial 957 with value: 71.38427157687855.
[I 2026-04-01 13:25:19,237] Trial 1542 finished with value: 76.2360211820407 and parameters: {'alpha_0': 17444.05298152371, 'alpha_1': 6058.275933395986, 'alpha_2': 44.016854254742846, 'beta_0': 0.29645056265741876, 'beta_1': 1.85586234286466, 'beta_2': 1.291127492921877, 'beta_3': 0.178489968857726, 'beta_4': 60.46898624804909, 'beta_5': 0.009977162945837836, 'beta_6': 181.06839018267718}. Best is trial 957 with value: 71.38427157687855.
[I 2026-04-01 13:25:19,257] Trial 1546 finished with value: 72.16360177119799 and parameters: {'alpha_0': 14046.78123357119, 'alpha_1': 3612.4885467732956, 'alpha_2': 45.9063698163846, 'beta_0': 0.20004930580752722, 'beta_1': 1.8518931705008017, 'beta_2': 1.4836132676815235, 'beta_3': 0.26646175890934415, 'beta_4': 59.8333577160406, 'beta_5': 7.82984594204707, 'beta_6': 153.86482209984064}. Best is trial 957 with value: 71.38427157687855.
