Best trial: 765. Best value: 73.1828:  39%|███▊      | 774/2000 [56:11<1:40:12,  4.90s/it]                                                                                          Best trial: 765. Best value: 73.1828:  39%|███▊      | 774/2000 [56:11<1:40:12,  4.90s/it]Best trial: 765. Best value: 73.1828:  39%|███▊      | 774/2000 [56:11<1:40:12,  4.90s/it]Best trial: 765. Best value: 73.1828:  39%|███▉      | 775/2000 [56:11<1:40:07,  4.90s/it]Best trial: 765. Best value: 73.1828:  39%|███▉      | 776/2000 [56:11<1:12:17,  3.54s/it]                                                                                          Best trial: 765. Best value: 73.1828:  39%|███▉      | 776/2000 [56:11<1:12:17,  3.54s/it]                                                                                          Best trial: 765. Best value: 73.1828:  39%|███▉      | 776/2000 [56:11<1:12:17,  3.54s/it]Best trial: 771. Best value: 72.8399:  39%|███▉      | 776/2000 [56:11<1:12:17,  3.54s/it]                                                                                          Best trial: 771. Best value: 72.8399:  39%|███▉      | 777/2000 [56:11<1:12:13,  3.54s/it]Best trial: 771. Best value: 72.8399:  39%|███▉      | 777/2000 [56:11<1:12:13,  3.54s/it]Best trial: 771. Best value: 72.8399:  39%|███▉      | 778/2000 [56:11<51:47,  2.54s/it]  Best trial: 771. Best value: 72.8399:  39%|███▉      | 778/2000 [56:11<51:47,  2.54s/it]                                                                                        Best trial: 771. Best value: 72.8399:  39%|███▉      | 779/2000 [56:11<51:44,  2.54s/it]Best trial: 771. Best value: 72.8399:  39%|███▉      | 779/2000 [56:11<51:44,  2.54s/it]Best trial: 771. Best value: 72.8399:  39%|███▉      | 780/2000 [56:11<38:41,  1.90s/it]Best trial: 771. Best value: 72.8399:  39%|███▉      | 780/2000 [56:31<38:41,  1.90s/it]                                                                                        Best trial: 771. Best value: 72.8399:  39%|███▉      | 780/2000 [56:53<38:41,  1.90s/it]Best trial: 771. Best value: 72.8399:  39%|███▉      | 780/2000 [56:53<38:41,  1.90s/it]Best trial: 771. Best value: 72.8399:  39%|███▉      | 781/2000 [56:53<2:58:40,  8.79s/it]                                                                                          Best trial: 771. Best value: 72.8399:  39%|███▉      | 781/2000 [56:53<2:58:40,  8.79s/it]                                                                                          Best trial: 771. Best value: 72.8399:  39%|███▉      | 781/2000 [56:53<2:58:40,  8.79s/it]Best trial: 771. Best value: 72.8399:  39%|███▉      | 781/2000 [56:53<2:58:40,  8.79s/it]Best trial: 771. Best value: 72.8399:  39%|███▉      | 782/2000 [56:53<2:58:31,  8.79s/it]                                                                                          Best trial: 771. Best value: 72.8399:  39%|███▉      | 783/2000 [56:53<2:58:22,  8.79s/it]Best trial: 771. Best value: 72.8399:  39%|███▉      | 783/2000 [56:53<2:58:22,  8.79s/it]                                                                                          Best trial: 771. Best value: 72.8399:  39%|███▉      | 784/2000 [56:54<2:58:13,  8.79s/it]                                                                                          Best trial: 771. Best value: 72.8399:  39%|███▉      | 784/2000 [56:54<2:58:13,  8.79s/it]Best trial: 771. Best value: 72.8399:  39%|███▉      | 784/2000 [56:54<2:58:13,  8.79s/it]Best trial: 771. Best value: 72.8399:  39%|███▉      | 785/2000 [56:54<1:30:34,  4.47s/it]Best trial: 771. Best value: 72.8399:  39%|███▉      | 785/2000 [56:54<1:30:34,  4.47s/it]                                                                                          Best trial: 771. Best value: 72.8399:  39%|███▉      | 786/2000 [56:54<1:30:29,  4.47s/it]Best trial: 771. Best value: 72.8399:  39%|███▉      | 786/2000 [56:54<1:30:29,  4.47s/it]                                                                                          Best trial: 771. Best value: 72.8399:  39%|███▉      | 787/2000 [56:54<1:30:25,  4.47s/it]Best trial: 771. Best value: 72.7665:  39%|███▉      | 787/2000 [56:54<1:30:25,  4.47s/it]                                                                                          Best trial: 771. Best value: 72.7665:  39%|███▉      | 788/2000 [56:54<59:29,  2.95s/it]Best trial: 771. Best value: 72.7665:  39%|███▉      | 788/2000 [56:54<59:29,  2.95s/it]Best trial: 786. Best value: 72.7665:  39%|███▉      | 788/2000 [56:54<59:29,  2.95s/it]                                                                                        Best trial: 786. Best value: 72.7665:  39%|███▉      | 789/2000 [56:54<59:26,  2.95s/it]Best trial: 786. Best value: 72.7665:  39%|███▉      | 789/2000 [56:54<59:26,  2.95s/it]Best trial: 786. Best value: 72.7665:  40%|███▉      | 790/2000 [56:54<45:54,  2.28s/it]                                                                                        Best trial: 786. Best value: 72.7665:  40%|███▉      | 790/2000 [57:35<45:54,  2.28s/it]Best trial: 786. Best value: 72.7665:  40%|███▉      | 790/2000 [57:35<45:54,  2.28s/it]Best trial: 786. Best value: 72.7665:  40%|███▉      | 791/2000 [57:35<2:42:57,  8.09s/it]                                                                                          Best trial: 786. Best value: 72.7665:  40%|███▉      | 791/2000 [57:35<2:42:57,  8.09s/it]                                                                                          [I 2026-04-01 12:01:31,917] Trial 772 finished with value: 77.86169393211864 and parameters: {'alpha_0': 13789.335143884206, 'alpha_1': 850.0708145198064, 'alpha_2': 30.101355929780095, 'beta_0': 0.2507527267886452, 'beta_1': 1.2358232368310527, 'beta_2': 1.1673704975847572, 'beta_3': 0.4825521992024228, 'beta_4': 72.69850653955541, 'beta_5': 99.73760905753285, 'beta_6': 144.817003935302}. Best is trial 765 with value: 73.1827637013827.
[I 2026-04-01 12:01:31,924] Trial 774 finished with value: 73.67943331463088 and parameters: {'alpha_0': 13724.973821353424, 'alpha_1': 820.9805270511356, 'alpha_2': 48.40578176955537, 'beta_0': 0.20213319143336933, 'beta_1': 1.4435873299890556, 'beta_2': 1.2251985947877662, 'beta_3': 0.4622038723811012, 'beta_4': 70.22893185072353, 'beta_5': 90.56483671373101, 'beta_6': 148.05551480998406}. Best is trial 765 with value: 73.1827637013827.
[I 2026-04-01 12:01:32,016] Trial 771 finished with value: 72.83988564517558 and parameters: {'alpha_0': 13905.408277456794, 'alpha_1': 895.5672692475755, 'alpha_2': 30.27314575156137, 'beta_0': 0.20022683609576847, 'beta_1': 1.2332034563566239, 'beta_2': 1.1507051668885673, 'beta_3': 0.38954615299924344, 'beta_4': 71.23466682450089, 'beta_5': 94.51458918460399, 'beta_6': 148.87009990665757}. Best is trial 771 with value: 72.83988564517558.
[I 2026-04-01 12:01:32,040] Trial 777 finished with value: 73.50807034634084 and parameters: {'alpha_0': 13779.294521020325, 'alpha_1': 802.3066853283045, 'alpha_2': 30.562918326778764, 'beta_0': 0.20376279557663238, 'beta_1': 1.52848814866755, 'beta_2': 1.2312540742633582, 'beta_3': 0.4614166235994993, 'beta_4': 68.7442537326935, 'beta_5': 100.67600879071252, 'beta_6': 156.82682395933165}. Best is trial 771 with value: 72.83988564517558.
[I 2026-04-01 12:01:32,059] Trial 778 finished with value: 73.85804108268135 and parameters: {'alpha_0': 13847.430945748389, 'alpha_1': 796.6223978413873, 'alpha_2': 33.91234679168798, 'beta_0': 0.2009469024066921, 'beta_1': 1.2367892352567231, 'beta_2': 1.1665677586998577, 'beta_3': 0.4841700496189187, 'beta_4': 63.85255098486033, 'beta_5': 106.52191215456348, 'beta_6': 152.33298789937416}. Best is trial 771 with value: 72.83988564517558.
[I 2026-04-01 12:01:32,745] Trial 775 finished with value: 1249.0799391270543 and parameters: {'alpha_0': 13977.190935215416, 'alpha_1': 886.6882155446121, 'alpha_2': 30.36023125342542, 'beta_0': 2.621591918776709, 'beta_1': 1.2254028685158944, 'beta_2': 1.2286984497840836, 'beta_3': 0.44970333589539835, 'beta_4': 67.3910757343992, 'beta_5': 93.3937816908366, 'beta_6': 153.3429964676002}. Best is trial 771 with value: 72.83988564517558.
[I 2026-04-01 12:02:14,708] Trial 782 finished with value: 72.94233678273285 and parameters: {'alpha_0': 12545.777330874687, 'alpha_1': 764.1051138444587, 'alpha_2': 34.08818259694468, 'beta_0': 0.2015456067218912, 'beta_1': 1.5231641694854792, 'beta_2': 1.4243937079207334, 'beta_3': 0.49752026944552286, 'beta_4': 57.60823917152396, 'beta_5': 104.77143689414773, 'beta_6': 154.10516588358894}. Best is trial 771 with value: 72.83988564517558.
[I 2026-04-01 12:02:14,713] Trial 789 finished with value: 74.45941735245268 and parameters: {'alpha_0': 12658.066996007148, 'alpha_1': 645.2128038473145, 'alpha_2': 40.936334796037166, 'beta_0': 0.2004796717934554, 'beta_1': 1.4319925060608374, 'beta_2': 1.366181797950142, 'beta_3': 0.4271319586165803, 'beta_4': 54.1244076875418, 'beta_5': 74.45697429637508, 'beta_6': 163.99778967774165}. Best is trial 771 with value: 72.83988564517558.
[I 2026-04-01 12:02:14,722] Trial 784 finished with value: 104.58034329426263 and parameters: {'alpha_0': 12587.616620947538, 'alpha_1': 596.3672550077423, 'alpha_2': 44.11413279185385, 'beta_0': 0.41486575537447357, 'beta_1': 1.5150591836721563, 'beta_2': 1.4088785209762573, 'beta_3': 0.44843462255542293, 'beta_4': 65.42558261398356, 'beta_5': 104.02051350635381, 'beta_6': 154.3500332946605}. Best is trial 771 with value: 72.83988564517558.
[I 2026-04-01 12:02:14,746] Trial 788 finished with value: 101.14311883269218 and parameters: {'alpha_0': 12649.193356527005, 'alpha_1': 507.5023666532272, 'alpha_2': 38.55991813839759, 'beta_0': 0.3953772011268972, 'beta_1': 1.507804805512635, 'beta_2': 1.2677545449825274, 'beta_3': 0.43792820291917284, 'beta_4': 71.97555274312407, 'beta_5': 100.79153984527653, 'beta_6': 155.1314631938825}. Best is trial 771 with value: 72.83988564517558.
[I 2026-04-01 12:02:15,011] Trial 787 finished with value: 73.49051090134176 and parameters: {'alpha_0': 12523.313448744837, 'alpha_1': 576.9518352122019, 'alpha_2': 33.57460791002296, 'beta_0': 0.201919375876174, 'beta_1': 1.53361452027792, 'beta_2': 1.3847693294609325, 'beta_3': 0.35045946355843194, 'beta_4': 61.200849457903544, 'beta_5': 74.3764821239294, 'beta_6': 152.66618227597345}. Best is trial 771 with value: 72.83988564517558.
[I 2026-04-01 12:02:15,015] Trial 781 finished with value: 79.85760394097383 and parameters: {'alpha_0': 12558.745583585922, 'alpha_1': 729.7211657142478, 'alpha_2': 33.419389588225364, 'beta_0': 0.25119754440730446, 'beta_1': 1.1503774872029526, 'beta_2': 1.270223515011446, 'beta_3': 0.44021216569361854, 'beta_4': 59.09357836830119, 'beta_5': 102.79939953402334, 'beta_6': 149.73513119490417}. Best is trial 771 with value: 72.83988564517558.
[I 2026-04-01 12:02:15,040] Trial 783 finished with value: 90.41148800983594 and parameters: {'alpha_0': 12647.678056685576, 'alpha_1': 621.9716557506159, 'alpha_2': 33.40073996493401, 'beta_0': 0.39026317528151366, 'beta_1': 1.141345453614735, 'beta_2': 1.2508268296737206, 'beta_3': 0.4362061816812744, 'beta_4': 61.296734245056165, 'beta_5': 102.04697290761011, 'beta_6': 156.04240771895013}. Best is trial 771 with value: 72.83988564517558.
[I 2026-04-01 12:02:15,168] Trial 780 finished with value: 74.64218455121429 and parameters: {'alpha_0': 12715.954254206887, 'alpha_1': 635.6956316677298, 'alpha_2': 33.617731362654, 'beta_0': 0.20072851312261078, 'beta_1': 1.1695105546561448, 'beta_2': 1.156885191889756, 'beta_3': 0.44254467657718677, 'beta_4': 58.60275492066384, 'beta_5': 102.2126382175845, 'beta_6': 157.00198716376073}. Best is trial 771 with value: 72.83988564517558.
[I 2026-04-01 12:02:15,222] Trial 786 finished with value: 72.76648626742873 and parameters: {'alpha_0': 12680.493721300621, 'alpha_1': 554.8233905520585, 'alpha_2': 47.29285985757876, 'beta_0': 0.20372938174506008, 'beta_1': 1.5668398265723773, 'beta_2': 1.3817478954984233, 'beta_3': 0.34756317247820945, 'beta_4': 62.864885598002544, 'beta_5': 102.28643228049656, 'beta_6': 157.30922643571753}. Best is trial 786 with value: 72.76648626742873.
[I 2026-04-01 12:02:15,724] Trial 785 finished with value: 1238.3086174833177 and parameters: {'alpha_0': 14207.735934630624, 'alpha_1': 521.186037743718, 'alpha_2': 33.55654756427317, 'beta_0': 2.597358989364319, 'beta_1': 1.4340050139766904, 'beta_2': 1.2245957982944105, 'beta_3': 0.5022007966000611, 'beta_4': 60.99970229397428, 'beta_5': 100.76159187296659, 'beta_6': 151.74321810513845}. Best is trial 786 with value: 72.76648626742873.
[I 2026-04-01 12:02:56,576] Trial 790 finished with value: 75.0335806816083 and parameters: {'alpha_0': 14555.780720549928, 'alpha_1': 590.5850786893805, 'alpha_2': 34.34129461985684, 'beta_0': 0.25889008354646453, 'beta_1': 1.449163696037705, 'beta_2': 1.3251129135051534, 'beta_3': 0.4160075510219611, 'beta_4': 57.29664407991428, 'beta_5': 84.84043402248619, 'beta_6': 151.54493758841707}. Best is trial 786 with value: 72.76648626742873.
[I 2026-04-01 12:02:56,635] Trial 792 finished with value: 77.15535176163277 and parameters: {'alpha_0': 14458.89496936593, 'alpha_1': 7330.385570216502, 'alpha_2': 39.29079427312918, 'beta_0': 0.2565547825390694, 'beta_1': 1.5985587006784405, 'beta_2': 1.2777987485861069, 'beta_3': 0.5045993232039092, 'beta_4': 58.56361250470437, 'beta_5': 80.31348247820898, 'beta_6': 153.18686857323473}. Best is trial 786 with value: 72.76648626742873.
Best trial: 786. Best value: 72.7665:  40%|███▉      | 791/2000 [57:35<2:42:57,  8.09s/it]Best trial: 786. Best value: 72.7665:  40%|███▉      | 791/2000 [57:35<2:42:57,  8.09s/it]Best trial: 786. Best value: 72.7665:  40%|███▉      | 792/2000 [57:35<2:42:49,  8.09s/it]                                                                                          Best trial: 786. Best value: 72.7665:  40%|███▉      | 793/2000 [57:35<2:42:41,  8.09s/it]Best trial: 786. Best value: 72.7665:  40%|███▉      | 793/2000 [57:35<2:42:41,  8.09s/it]Best trial: 786. Best value: 72.7665:  40%|███▉      | 794/2000 [57:35<1:39:16,  4.94s/it]                                                                                          Best trial: 786. Best value: 72.7665:  40%|███▉      | 794/2000 [57:35<1:39:16,  4.94s/it]                                                                                          Best trial: 786. Best value: 72.7665:  40%|███▉      | 794/2000 [57:35<1:39:16,  4.94s/it]Best trial: 786. Best value: 72.7665:  40%|███▉      | 794/2000 [57:36<1:39:16,  4.94s/it]Best trial: 786. Best value: 72.7665:  40%|███▉      | 795/2000 [57:36<1:39:11,  4.94s/it]Best trial: 786. Best value: 72.7665:  40%|███▉      | 796/2000 [57:36<1:12:26,  3.61s/it]                                                                                          Best trial: 786. Best value: 72.7665:  40%|███▉      | 796/2000 [57:36<1:12:26,  3.61s/it]                                                                                          Best trial: 786. Best value: 72.7665:  40%|███▉      | 796/2000 [57:36<1:12:26,  3.61s/it]                                                                                          Best trial: 786. Best value: 72.7665:  40%|███▉      | 796/2000 [57:36<1:12:26,  3.61s/it]Best trial: 786. Best value: 72.7665:  40%|███▉      | 796/2000 [57:36<1:12:26,  3.61s/it]Best trial: 786. Best value: 72.7665:  40%|███▉      | 797/2000 [57:36<1:12:23,  3.61s/it]Best trial: 786. Best value: 72.7665:  40%|███▉      | 798/2000 [57:36<52:29,  2.62s/it]  Best trial: 786. Best value: 72.7665:  40%|███▉      | 799/2000 [57:36<33:09,  1.66s/it]Best trial: 786. Best value: 72.7665:  40%|███▉      | 799/2000 [57:36<33:09,  1.66s/it]                                                                                        Best trial: 786. Best value: 72.7665:  40%|███▉      | 799/2000 [57:36<33:09,  1.66s/it]Best trial: 786. Best value: 72.7665:  40%|███▉      | 799/2000 [57:36<33:09,  1.66s/it]Best trial: 786. Best value: 72.7665:  40%|████      | 800/2000 [57:51<33:07,  1.66s/it]                                                                                        Best trial: 786. Best value: 72.7665:  40%|████      | 800/2000 [58:18<33:07,  1.66s/it]Best trial: 786. Best value: 72.7665:  40%|████      | 800/2000 [58:18<33:07,  1.66s/it]Best trial: 786. Best value: 72.7665:  40%|████      | 801/2000 [58:18<2:15:00,  6.76s/it]                                                                                          Best trial: 786. Best value: 72.7665:  40%|████      | 801/2000 [58:18<2:15:00,  6.76s/it]Best trial: 786. Best value: 72.7665:  40%|████      | 801/2000 [58:18<2:15:00,  6.76s/it]                                                                                          Best trial: 786. Best value: 72.7665:  40%|████      | 802/2000 [58:18<2:14:54,  6.76s/it]Best trial: 786. Best value: 72.7665:  40%|████      | 802/2000 [58:18<2:14:54,  6.76s/it]                                                                                          Best trial: 786. Best value: 72.7665:  40%|████      | 803/2000 [58:18<2:14:47,  6.76s/it]Best trial: 786. Best value: 72.7665:  40%|████      | 803/2000 [58:18<2:14:47,  6.76s/it]Best trial: 786. Best value: 72.7665:  40%|████      | 804/2000 [58:18<1:26:57,  4.36s/it]                                                                                          Best trial: 786. Best value: 72.7665:  40%|████      | 804/2000 [58:18<1:26:57,  4.36s/it]Best trial: 786. Best value: 72.7665:  40%|████      | 804/2000 [58:18<1:26:57,  4.36s/it]                                                                                          Best trial: 786. Best value: 72.7665:  40%|████      | 805/2000 [58:18<1:26:53,  4.36s/it]                                                                                          Best trial: 786. Best value: 72.7665:  40%|████      | 805/2000 [58:18<1:26:53,  4.36s/it]Best trial: 786. Best value: 72.7665:  40%|████      | 805/2000 [58:18<1:26:53,  4.36s/it]Best trial: 786. Best value: 72.7665:  40%|████      | 806/2000 [58:18<1:05:08,  3.27s/it]Best trial: 786. Best value: 72.7665:  40%|████      | 806/2000 [58:18<1:05:08,  3.27s/it]                                                                                          Best trial: 786. Best value: 72.7665:  40%|████      | 807/2000 [58:18<1:05:05,  3.27s/it]Best trial: 786. Best value: 72.7665:  40%|████      | 807/2000 [58:18<1:05:05,  3.27s/it]Best trial: 786. Best value: 72.7665:  40%|████      | 808/2000 [58:18<48:06,  2.42s/it]                                                                                          Best trial: 786. Best value: 72.7665:  40%|████      | 808/2000 [58:19<48:06,  2.42s/it]Best trial: 786. Best value: 72.7665:  40%|████      | 808/2000 [58:19<48:06,  2.42s/it]                                                                                        Best trial: 786. Best value: 72.7665:  40%|████      | 809/2000 [58:19<48:04,  2.42s/it]Best trial: 786. Best value: 72.7665:  40%|████      | 809/2000 [58:19<48:04,  2.42s/it]Best trial: 786. Best value: 72.7665:  40%|████      | 810/2000 [58:19<37:02,  1.87s/it]                                                                                        [I 2026-04-01 12:02:56,645] Trial 791 finished with value: 73.2406848207579 and parameters: {'alpha_0': 14561.550974637228, 'alpha_1': 494.922036850451, 'alpha_2': 42.963882078683326, 'beta_0': 0.2004116300642379, 'beta_1': 1.6385429615182243, 'beta_2': 1.316865737001333, 'beta_3': 0.5139698102062424, 'beta_4': 61.82143039374442, 'beta_5': 80.1062281036204, 'beta_6': 176.58374335802495}. Best is trial 786 with value: 72.76648626742873.
[I 2026-04-01 12:02:56,746] Trial 796 finished with value: 77.96311777930404 and parameters: {'alpha_0': 14489.429837489059, 'alpha_1': 411.2756937543165, 'alpha_2': 48.75296211539923, 'beta_0': 0.2803320181756505, 'beta_1': 1.6012446564074483, 'beta_2': 1.3566276605781293, 'beta_3': 0.30026286217991727, 'beta_4': 57.74146362218197, 'beta_5': 46.84955599418761, 'beta_6': 162.52139746947788}. Best is trial 786 with value: 72.76648626742873.
[I 2026-04-01 12:02:56,845] Trial 793 finished with value: 74.99490549185484 and parameters: {'alpha_0': 14361.44395680865, 'alpha_1': 477.3139000653291, 'alpha_2': 33.996737127644664, 'beta_0': 0.2560683131838689, 'beta_1': 1.6615921649836953, 'beta_2': 1.3283067271146072, 'beta_3': 0.5099566768158638, 'beta_4': 59.11266756090639, 'beta_5': 82.86633210188228, 'beta_6': 154.3505836339941}. Best is trial 786 with value: 72.76648626742873.
[I 2026-04-01 12:02:56,855] Trial 798 finished with value: 74.46381501744827 and parameters: {'alpha_0': 14074.5457379681, 'alpha_1': 239.74227633126839, 'alpha_2': 49.64200149333177, 'beta_0': 0.28427903664532317, 'beta_1': 1.4785622552128328, 'beta_2': 1.4830401826336537, 'beta_3': 0.3157672964617127, 'beta_4': 55.61870296701206, 'beta_5': 79.19790769927769, 'beta_6': 173.59230358362566}. Best is trial 786 with value: 72.76648626742873.
[I 2026-04-01 12:02:56,983] Trial 794 finished with value: 79.3629357685509 and parameters: {'alpha_0': 14363.741758461285, 'alpha_1': 441.8705985491978, 'alpha_2': 48.36210528095384, 'beta_0': 0.27209777366401594, 'beta_1': 1.5494496580556716, 'beta_2': 1.4606618916631988, 'beta_3': 0.2723146838727944, 'beta_4': 56.033252998706374, 'beta_5': 75.9067223126209, 'beta_6': 159.51000928061012}. Best is trial 786 with value: 72.76648626742873.
