Best trial: 957. Best value: 71.3843:  50%|████▉     | 990/2000 [1:12:18<33:50,  2.01s/it]Best trial: 957. Best value: 71.3843:  50%|████▉     | 990/2000 [1:12:18<33:50,  2.01s/it]Best trial: 957. Best value: 71.3843:  50%|████▉     | 991/2000 [1:12:18<2:37:06,  9.34s/it]                                                                                            Best trial: 957. Best value: 71.3843:  50%|████▉     | 991/2000 [1:12:18<2:37:06,  9.34s/it]Best trial: 957. Best value: 71.3843:  50%|████▉     | 991/2000 [1:12:18<2:37:06,  9.34s/it]                                                                                            Best trial: 957. Best value: 71.3843:  50%|████▉     | 992/2000 [1:12:18<2:36:57,  9.34s/it]Best trial: 957. Best value: 71.3843:  50%|████▉     | 992/2000 [1:12:18<2:36:57,  9.34s/it]Best trial: 957. Best value: 71.3843:  50%|████▉     | 993/2000 [1:12:18<1:43:26,  6.16s/it]                                                                                            Best trial: 957. Best value: 71.3843:  50%|████▉     | 993/2000 [1:12:18<1:43:26,  6.16s/it]Best trial: 957. Best value: 71.3843:  50%|████▉     | 993/2000 [1:12:18<1:43:26,  6.16s/it]                                                                                            Best trial: 957. Best value: 71.3843:  50%|████▉     | 994/2000 [1:12:18<1:43:19,  6.16s/it]Best trial: 957. Best value: 71.3843:  50%|████▉     | 994/2000 [1:12:18<1:43:19,  6.16s/it]Best trial: 957. Best value: 71.3843:  50%|████▉     | 995/2000 [1:12:18<1:10:53,  4.23s/it]                                                                                            Best trial: 957. Best value: 71.3843:  50%|████▉     | 995/2000 [1:12:18<1:10:53,  4.23s/it]Best trial: 957. Best value: 71.3843:  50%|████▉     | 995/2000 [1:12:18<1:10:53,  4.23s/it]                                                                                            Best trial: 957. Best value: 71.3843:  50%|████▉     | 996/2000 [1:12:19<1:10:48,  4.23s/it]Best trial: 957. Best value: 71.3843:  50%|████▉     | 996/2000 [1:12:19<1:10:48,  4.23s/it]Best trial: 957. Best value: 71.3843:  50%|████▉     | 997/2000 [1:12:19<48:25,  2.90s/it]                                                                                            Best trial: 957. Best value: 71.3843:  50%|████▉     | 997/2000 [1:12:19<48:25,  2.90s/it]Best trial: 957. Best value: 71.3843:  50%|████▉     | 997/2000 [1:12:19<48:25,  2.90s/it]                                                                                          Best trial: 957. Best value: 71.3843:  50%|████▉     | 998/2000 [1:12:19<48:22,  2.90s/it]                                                                                          Best trial: 957. Best value: 71.3843:  50%|████▉     | 998/2000 [1:12:19<48:22,  2.90s/it]Best trial: 957. Best value: 71.3843:  50%|████▉     | 998/2000 [1:12:19<48:22,  2.90s/it]Best trial: 957. Best value: 71.3843:  50%|████▉     | 999/2000 [1:12:19<34:27,  2.07s/it]Best trial: 957. Best value: 71.3843:  50%|████▉     | 999/2000 [1:12:19<34:27,  2.07s/it]                                                                                          Best trial: 957. Best value: 71.3843:  50%|█████     | 1000/2000 [1:13:03<34:25,  2.07s/it]                                                                                           Best trial: 957. Best value: 71.3843:  50%|█████     | 1000/2000 [1:13:03<34:25,  2.07s/it]Best trial: 957. Best value: 71.3843:  50%|█████     | 1000/2000 [1:13:03<34:25,  2.07s/it]Best trial: 957. Best value: 71.3843:  50%|█████     | 1001/2000 [1:13:03<2:16:13,  8.18s/it]                                                                                             Best trial: 957. Best value: 71.3843:  50%|█████     | 1001/2000 [1:13:03<2:16:13,  8.18s/it]Best trial: 957. Best value: 71.3843:  50%|█████     | 1001/2000 [1:13:03<2:16:13,  8.18s/it]Best trial: 957. Best value: 71.3843:  50%|█████     | 1002/2000 [1:13:03<2:16:04,  8.18s/it]                                                                                             Best trial: 957. Best value: 71.3843:  50%|█████     | 1003/2000 [1:13:03<2:15:56,  8.18s/it]Best trial: 957. Best value: 71.3843:  50%|█████     | 1003/2000 [1:13:03<2:15:56,  8.18s/it]Best trial: 957. Best value: 71.3843:  50%|█████     | 1004/2000 [1:13:03<1:22:23,  4.96s/it]                                                                                             Best trial: 957. Best value: 71.3843:  50%|█████     | 1004/2000 [1:13:03<1:22:23,  4.96s/it]Best trial: 957. Best value: 71.3843:  50%|█████     | 1004/2000 [1:13:03<1:22:23,  4.96s/it]                                                                                             Best trial: 957. Best value: 71.3843:  50%|█████     | 1005/2000 [1:13:03<1:22:18,  4.96s/it]                                                                                             Best trial: 957. Best value: 71.3843:  50%|█████     | 1005/2000 [1:13:03<1:22:18,  4.96s/it]Best trial: 957. Best value: 71.3843:  50%|█████     | 1005/2000 [1:13:03<1:22:18,  4.96s/it]Best trial: 957. Best value: 71.3843:  50%|█████     | 1006/2000 [1:13:03<1:00:00,  3.62s/it]Best trial: 957. Best value: 71.3843:  50%|█████     | 1006/2000 [1:13:03<1:00:00,  3.62s/it]                                                                                             Best trial: 957. Best value: 71.3843:  50%|█████     | 1007/2000 [1:13:03<59:56,  3.62s/it]Best trial: 957. Best value: 71.3843:  50%|█████     | 1007/2000 [1:13:03<59:56,  3.62s/it]Best trial: 957. Best value: 71.3843:  50%|█████     | 1008/2000 [1:13:03<43:23,  2.62s/it]                                                                                           [I 2026-04-01 12:17:39,089] Trial 992 finished with value: 75.94889229626128 and parameters: {'alpha_0': 16312.812754949358, 'alpha_1': 24.32625423664797, 'alpha_2': 41.98841995838802, 'beta_0': 0.29697481472521337, 'beta_1': 1.827795855382929, 'beta_2': 1.499182480581687, 'beta_3': 0.28753169015272984, 'beta_4': 25.241728303072904, 'beta_5': 0.1711267219149497, 'beta_6': 195.2371122351805}. Best is trial 957 with value: 71.38427157687855.
[I 2026-04-01 12:17:39,105] Trial 994 finished with value: 73.96413147837876 and parameters: {'alpha_0': 16633.76412307078, 'alpha_1': 84.03807218892143, 'alpha_2': 41.6653500376432, 'beta_0': 0.29386779578226113, 'beta_1': 1.7614465487414863, 'beta_2': 1.5005699996755966, 'beta_3': 0.30304716849917157, 'beta_4': 23.9886572283848, 'beta_5': 3.617792771851185, 'beta_6': 209.3999419191965}. Best is trial 957 with value: 71.38427157687855.
[I 2026-04-01 12:17:39,203] Trial 993 finished with value: 76.94963504522673 and parameters: {'alpha_0': 16615.783843721838, 'alpha_1': 54.35505329563938, 'alpha_2': 41.75766360026683, 'beta_0': 0.2904610817646175, 'beta_1': 1.8543609923110493, 'beta_2': 1.5168663767711792, 'beta_3': 0.2911417852316261, 'beta_4': 24.42010543789994, 'beta_5': 0.3263891168707893, 'beta_6': 189.59531016032525}. Best is trial 957 with value: 71.38427157687855.
[I 2026-04-01 12:17:39,390] Trial 999 finished with value: 76.46983464202928 and parameters: {'alpha_0': 16477.015596450008, 'alpha_1': 37.425027944252975, 'alpha_2': 41.75424369526927, 'beta_0': 0.2911898447575948, 'beta_1': 1.7422735702910173, 'beta_2': 1.5446713848824034, 'beta_3': 0.3022391525863891, 'beta_4': 64.8057566113671, 'beta_5': 14.446748263611735, 'beta_6': 175.6612928008454}. Best is trial 957 with value: 71.38427157687855.
[I 2026-04-01 12:17:39,770] Trial 996 finished with value: 75.07208364172169 and parameters: {'alpha_0': 16473.803568175685, 'alpha_1': 137.76650068023883, 'alpha_2': 41.63177373670605, 'beta_0': 0.2960485492534905, 'beta_1': 1.8563169081324595, 'beta_2': 1.5308595027991025, 'beta_3': 0.3172616876596002, 'beta_4': 22.988990737610433, 'beta_5': 0.8283421860810045, 'beta_6': 223.23823489655632}. Best is trial 957 with value: 71.38427157687855.
[I 2026-04-01 12:17:39,786] Trial 998 finished with value: 75.90552199266953 and parameters: {'alpha_0': 16626.156955493578, 'alpha_1': 155.26939180127974, 'alpha_2': 41.54257928807972, 'beta_0': 0.2844869418273697, 'beta_1': 1.839855188854611, 'beta_2': 1.5373977283385687, 'beta_3': 0.2971932388028507, 'beta_4': 65.35825108008505, 'beta_5': 0.273982927914876, 'beta_6': 193.17332355284304}. Best is trial 957 with value: 71.38427157687855.
[I 2026-04-01 12:17:39,862] Trial 991 finished with value: 73.13721558537488 and parameters: {'alpha_0': 16603.63412277503, 'alpha_1': 113.62737453995521, 'alpha_2': 41.916258143248754, 'beta_0': 0.20147252720205147, 'beta_1': 1.8409311497084528, 'beta_2': 1.461616372108699, 'beta_3': 0.28157716495746243, 'beta_4': 23.547146001977893, 'beta_5': 0.43773702925511015, 'beta_6': 198.05811086831181}. Best is trial 957 with value: 71.38427157687855.
[I 2026-04-01 12:17:40,265] Trial 990 finished with value: 449.81371956417394 and parameters: {'alpha_0': 16509.648128485907, 'alpha_1': 12.981257739397153, 'alpha_2': 42.08495705827381, 'beta_0': 1.1969139403741997, 'beta_1': 1.7850940679782954, 'beta_2': 1.5326474198151725, 'beta_3': 0.27729969758863227, 'beta_4': 64.89159819548544, 'beta_5': 0.03121719450377114, 'beta_6': 194.51989815873773}. Best is trial 957 with value: 71.38427157687855.
[I 2026-04-01 12:17:40,342] Trial 997 finished with value: 77.78494355094568 and parameters: {'alpha_0': 16552.341522916275, 'alpha_1': 77.21914716586679, 'alpha_2': 43.81147343642875, 'beta_0': 0.29524583600662146, 'beta_1': 1.8501422086160761, 'beta_2': 1.5435470797742836, 'beta_3': 0.30771072613463446, 'beta_4': 25.3753669816388, 'beta_5': 13.655140106660635, 'beta_6': 192.85000189350714}. Best is trial 957 with value: 71.38427157687855.
[I 2026-04-01 12:17:40,342] Trial 995 finished with value: 76.75493294638966 and parameters: {'alpha_0': 16568.297347589, 'alpha_1': 44.099627187362636, 'alpha_2': 43.78255780974078, 'beta_0': 0.2920179055119951, 'beta_1': 1.7391967699877156, 'beta_2': 1.5345941265469387, 'beta_3': 0.30848399467735915, 'beta_4': 26.073097092853228, 'beta_5': 14.02406714556502, 'beta_6': 217.66966167548406}. Best is trial 957 with value: 71.38427157687855.
[I 2026-04-01 12:18:24,024] Trial 1001 finished with value: 80.25302223522377 and parameters: {'alpha_0': 17292.006643499004, 'alpha_1': 171.33428202769392, 'alpha_2': 43.82047434679509, 'beta_0': 0.2891767230692683, 'beta_1': 1.845137301320689, 'beta_2': 1.5532495406275808, 'beta_3': 0.3297437704460936, 'beta_4': 64.66041052132992, 'beta_5': 15.763675942107271, 'beta_6': 178.13157266421976}. Best is trial 957 with value: 71.38427157687855.
[I 2026-04-01 12:18:24,054] Trial 1000 finished with value: 78.66522109971908 and parameters: {'alpha_0': 17158.86716120584, 'alpha_1': 175.06044725035525, 'alpha_2': 44.2557430255137, 'beta_0': 0.2857316124601966, 'beta_1': 1.855150663933098, 'beta_2': 1.5555655479094512, 'beta_3': 0.3002740523863714, 'beta_4': 61.995461492702994, 'beta_5': 15.15040914770958, 'beta_6': 181.3149577329251}. Best is trial 957 with value: 71.38427157687855.
[I 2026-04-01 12:18:24,073] Trial 1002 finished with value: 73.14606318686533 and parameters: {'alpha_0': 17146.165325250797, 'alpha_1': 207.2468939510596, 'alpha_2': 43.712453310198946, 'beta_0': 0.20028860977591617, 'beta_1': 1.7120492602195219, 'beta_2': 1.5324924793745607, 'beta_3': 0.31283455571323804, 'beta_4': 65.01976132103252, 'beta_5': 17.115155727085973, 'beta_6': 178.5463321946854}. Best is trial 957 with value: 71.38427157687855.
[I 2026-04-01 12:18:24,371] Trial 1005 finished with value: 73.21604077449494 and parameters: {'alpha_0': 17117.85234238808, 'alpha_1': 241.61541505209811, 'alpha_2': 43.87743263782771, 'beta_0': 0.24715935357682983, 'beta_1': 1.7343887388464583, 'beta_2': 1.3782176896251428, 'beta_3': 0.23087644791329476, 'beta_4': 61.62601188811924, 'beta_5': 14.168541000706838, 'beta_6': 178.10108160220724}. Best is trial 957 with value: 71.38427157687855.
[I 2026-04-01 12:18:24,462] Trial 1006 finished with value: 74.60871352839297 and parameters: {'alpha_0': 17500.289446967985, 'alpha_1': 243.3101801026507, 'alpha_2': 44.1924036410855, 'beta_0': 0.26138916111410815, 'beta_1': 1.7360063291789156, 'beta_2': 1.3784123742125116, 'beta_3': 0.3290316623010095, 'beta_4': 61.163836469054964, 'beta_5': 17.85350691620219, 'beta_6': 202.4732005203157}. Best is trial 957 with value: 71.38427157687855.
[I 2026-04-01 12:18:24,537] Trial 1009 finished with value: 74.82265891986418 and parameters: {'alpha_0': 17747.65203604453, 'alpha_1': 201.50249560447583, 'alpha_2': 43.879468311968054, 'beta_0': 0.257343130004247, 'beta_1': 1.7315875223588522, 'beta_2': 1.3724858812199419, 'beta_3': 0.19704902227190235, 'beta_4': 60.81125254530028, 'beta_5': 17.73856484264956, 'beta_6': 210.1398032499339}. Best is trial 957 with value: 71.38427157687855.
[I 2026-04-01 12:18:24,548] Trial 1003 finished with value: 1180.0625218695345 and parameters: {'alpha_0': 17257.24458107085, 'alpha_1': 186.81998922272305, 'alpha_2': 43.71325885819579, 'beta_0': 2.70467792528364, 'beta_1': 1.7370190000014014, 'beta_2': 1.3796756208215077, 'beta_3': 0.3149782086843842, 'beta_4': 62.08705395089881, 'beta_5': 13.321598669048871, 'beta_6': 223.98434379454397}. Best is trial 957 with value: 71.38427157687855.
[I 2026-04-01 12:18:24,704] Trial 1004 finished with value: 72.8274957654582 and parameters: {'alpha_0': 17397.97404349521, 'alpha_1': 198.00133434806057, 'alpha_2': 43.93510005890794, 'beta_0': 0.20285637420854652, 'beta_1': 1.7331137839527024, 'beta_2': 1.3789713106323325, 'beta_3': 0.21830421901469896, 'beta_4': 62.74634047245211, 'beta_5': 19.101390376342597, 'beta_6': 177.03414627139466}. Best is trial 957 with value: 71.38427157687855.
Best trial: 957. Best value: 71.3843:  50%|█████     | 1008/2000 [1:13:04<43:23,  2.62s/it]Best trial: 957. Best value: 71.3843:  50%|█████     | 1008/2000 [1:13:04<43:23,  2.62s/it]                                                                                           Best trial: 957. Best value: 71.3843:  50%|█████     | 1009/2000 [1:13:04<43:20,  2.62s/it]Best trial: 957. Best value: 71.3843:  50%|█████     | 1009/2000 [1:13:04<43:20,  2.62s/it]Best trial: 957. Best value: 71.3843:  50%|█████     | 1010/2000 [1:13:04<32:08,  1.95s/it]                                                                                           Best trial: 957. Best value: 71.3843:  50%|█████     | 1010/2000 [1:13:47<32:08,  1.95s/it]Best trial: 957. Best value: 71.3843:  50%|█████     | 1010/2000 [1:13:47<32:08,  1.95s/it]Best trial: 957. Best value: 71.3843:  51%|█████     | 1011/2000 [1:13:47<2:27:33,  8.95s/it]                                                                                             Best trial: 957. Best value: 71.3843:  51%|█████     | 1011/2000 [1:13:47<2:27:33,  8.95s/it]Best trial: 957. Best value: 71.3843:  51%|█████     | 1011/2000 [1:13:47<2:27:33,  8.95s/it]                                                                                             Best trial: 957. Best value: 71.3843:  51%|█████     | 1012/2000 [1:13:47<2:27:24,  8.95s/it]                                                                                             Best trial: 957. Best value: 71.3843:  51%|█████     | 1012/2000 [1:13:47<2:27:24,  8.95s/it]Best trial: 957. Best value: 71.3843:  51%|█████     | 1012/2000 [1:13:47<2:27:24,  8.95s/it]Best trial: 957. Best value: 71.3843:  51%|█████     | 1013/2000 [1:13:47<2:27:15,  8.95s/it]                                                                                             Best trial: 957. Best value: 71.3843:  51%|█████     | 1014/2000 [1:13:47<2:27:06,  8.95s/it]                                                                                             Best trial: 957. Best value: 71.3843:  51%|█████     | 1014/2000 [1:13:47<2:27:06,  8.95s/it]Best trial: 957. Best value: 71.3843:  51%|█████     | 1014/2000 [1:13:47<2:27:06,  8.95s/it]Best trial: 957. Best value: 71.3843:  51%|█████     | 1015/2000 [1:13:47<1:15:19,  4.59s/it]                                                                                             Best trial: 957. Best value: 71.3843:  51%|█████     | 1015/2000 [1:13:47<1:15:19,  4.59s/it]Best trial: 957. Best value: 71.3843:  51%|█████     | 1015/2000 [1:13:47<1:15:19,  4.59s/it]Best trial: 957. Best value: 71.3843:  51%|█████     | 1016/2000 [1:13:47<1:15:15,  4.59s/it]                                                                                             Best trial: 957. Best value: 71.3843:  51%|█████     | 1017/2000 [1:13:48<1:15:10,  4.59s/it]Best trial: 957. Best value: 71.3843:  51%|█████     | 1017/2000 [1:13:48<1:15:10,  4.59s/it]Best trial: 957. Best value: 71.3843:  51%|█████     | 1018/2000 [1:13:48<49:33,  3.03s/it]                                                                                             Best trial: 957. Best value: 71.3843:  51%|█████     | 1018/2000 [1:13:48<49:33,  3.03s/it]Best trial: 957. Best value: 71.3843:  51%|█████     | 1018/2000 [1:13:48<49:33,  3.03s/it]                                                                                           Best trial: 957. Best value: 71.3843:  51%|█████     | 1019/2000 [1:13:48<49:30,  3.03s/it]Best trial: 957. Best value: 71.3843:  51%|█████     | 1019/2000 [1:13:48<49:30,  3.03s/it]Best trial: 957. Best value: 71.3843:  51%|█████     | 1020/2000 [1:13:48<38:47,  2.38s/it]                                                                                           Best trial: 957. Best value: 71.3843:  51%|█████     | 1020/2000 [1:14:32<38:47,  2.38s/it]Best trial: 957. Best value: 71.3843:  51%|█████     | 1020/2000 [1:14:32<38:47,  2.38s/it]Best trial: 957. Best value: 71.3843:  51%|█████     | 1021/2000 [1:14:32<2:19:57,  8.58s/it]                                                                                             Best trial: 957. Best value: 71.3843:  51%|█████     | 1021/2000 [1:14:32<2:19:57,  8.58s/it]Best trial: 957. Best value: 71.3843:  51%|█████     | 1021/2000 [1:14:32<2:19:57,  8.58s/it]                                                                                             Best trial: 957. Best value: 71.3843:  51%|█████     | 1022/2000 [1:14:32<2:19:48,  8.58s/it]                                                                                             Best trial: 957. Best value: 71.3843:  51%|█████     | 1022/2000 [1:14:32<2:19:48,  8.58s/it]Best trial: 957. Best value: 71.3843:  51%|█████     | 1022/2000 [1:14:32<2:19:48,  8.58s/it]Best trial: 957. Best value: 71.3843:  51%|█████     | 1023/2000 [1:14:32<1:38:12,  6.03s/it]Best trial: 957. Best value: 71.3843:  51%|█████     | 1023/2000 [1:14:32<1:38:12,  6.03s/it]                                                                                             Best trial: 957. Best value: 71.3843:  51%|█████     | 1024/2000 [1:14:32<1:38:06,  6.03s/it]Best trial: 957. Best value: 71.3843:  51%|█████     | 1024/2000 [1:14:32<1:38:06,  6.03s/it]                                                                                             Best trial: 957. Best value: 71.3843:  51%|█████▏    | 1025/2000 [1:14:32<1:38:00,  6.03s/it]Best trial: 957. Best value: 71.3843:  51%|█████▏    | 1025/2000 [1:14:32<1:38:00,  6.03s/it]Best trial: 957. Best value: 71.3843:  51%|█████▏    | 1026/2000 [1:14:32<59:56,  3.69s/it]                                                                                             [I 2026-04-01 12:18:24,886] Trial 1007 finished with value: 73.18051982938536 and parameters: {'alpha_0': 17477.664790506533, 'alpha_1': 239.46476703455812, 'alpha_2': 43.90332361358467, 'beta_0': 0.20089606404461358, 'beta_1': 1.7385304592309536, 'beta_2': 1.3624104541045918, 'beta_3': 0.32759004392611984, 'beta_4': 60.9702337163526, 'beta_5': 15.260764488739056, 'beta_6': 209.78073910266906}. Best is trial 957 with value: 71.38427157687855.
[I 2026-04-01 12:18:25,256] Trial 1008 finished with value: 73.89346857310196 and parameters: {'alpha_0': 17395.332397809652, 'alpha_1': 198.35705883719174, 'alpha_2': 44.093929978691484, 'beta_0': 0.25174022043898336, 'beta_1': 1.7310089919371512, 'beta_2': 1.364850961659205, 'beta_3': 0.20996274269039567, 'beta_4': 63.145013565202994, 'beta_5': 16.581641311793177, 'beta_6': 181.0098740134585}. Best is trial 957 with value: 71.38427157687855.
[I 2026-04-01 12:19:08,344] Trial 1012 finished with value: 74.76799163162698 and parameters: {'alpha_0': 17672.186227625887, 'alpha_1': 245.0992350644727, 'alpha_2': 45.14435311615658, 'beta_0': 0.2502323967981991, 'beta_1': 1.7104848405385105, 'beta_2': 1.4816660784303615, 'beta_3': 0.2218006575240365, 'beta_4': 67.94732721061023, 'beta_5': 18.524583275153162, 'beta_6': 210.02282918008126}. Best is trial 957 with value: 71.38427157687855.
[I 2026-04-01 12:19:08,388] Trial 1015 finished with value: 89.90568366948511 and parameters: {'alpha_0': 17507.604071742808, 'alpha_1': 5239.2009541002, 'alpha_2': 44.540101125176136, 'beta_0': 0.3515282360119302, 'beta_1': 1.922624091397857, 'beta_2': 1.4841379937572277, 'beta_3': 0.20691584496565116, 'beta_4': 67.03274487172914, 'beta_5': 22.78243496999418, 'beta_6': 185.80324531535078}. Best is trial 957 with value: 71.38427157687855.
[I 2026-04-01 12:19:08,413] Trial 1013 finished with value: 74.54897468504046 and parameters: {'alpha_0': 17403.79155069482, 'alpha_1': 125.3014386868063, 'alpha_2': 44.119710194466414, 'beta_0': 0.24351545449825102, 'beta_1': 1.7299043835822892, 'beta_2': 1.481370120079548, 'beta_3': 0.20445204670437225, 'beta_4': 69.78753277461536, 'beta_5': 20.013792431365104, 'beta_6': 200.3387076516914}. Best is trial 957 with value: 71.38427157687855.
