[I 2026-04-01 11:42:34,238] Trial 525 finished with value: 78.24306088831773 and parameters: {'alpha_0': 18309.408117253595, 'alpha_1': 2423.6030409563286, 'alpha_2': 29.792724900214925, 'beta_0': 0.27496588025767077, 'beta_1': 0.6250678664303394, 'beta_2': 0.8642589484268198, 'beta_3': 0.9175276956299276, 'beta_4': 104.54505620104705, 'beta_5': 154.47497137828114, 'beta_6': 59.6253703593408}. Best is trial 341 with value: 73.80326667868428.
[I 2026-04-01 11:42:34,242] Trial 524 finished with value: 87.23102015376915 and parameters: {'alpha_0': 13244.165958317528, 'alpha_1': 2458.893980123494, 'alpha_2': 29.815729758989963, 'beta_0': 0.26168124186510855, 'beta_1': 0.6232040721214924, 'beta_2': 0.8649670423444601, 'beta_3': 0.940790160336164, 'beta_4': 104.80681788799752, 'beta_5': 249.40843082055454, 'beta_6': 56.2126550312022}. Best is trial 341 with value: 73.80326667868428.
[I 2026-04-01 11:42:34,413] Trial 529 finished with value: 80.69913711483404 and parameters: {'alpha_0': 13653.995377661608, 'alpha_1': 1929.0250429283412, 'alpha_2': 11.404322005310165, 'beta_0': 0.25855682365329186, 'beta_1': 0.6402364243922837, 'beta_2': 0.7311402325769643, 'beta_3': 1.0429836418462664, 'beta_4': 96.91798167300828, 'beta_5': 151.35571084595463, 'beta_6': 61.159854553529726}. Best is trial 341 with value: 73.80326667868428.
[I 2026-04-01 11:42:35,535] Trial 522 finished with value: 911.3660142989337 and parameters: {'alpha_0': 18305.87202509678, 'alpha_1': 2277.2533328228296, 'alpha_2': 27.67099441508299, 'beta_0': 1.9321944151615917, 'beta_1': 0.4599294796329588, 'beta_2': 0.8570628498556047, 'beta_3': 0.9358191168214209, 'beta_4': 104.70572996425015, 'beta_5': 154.6619123597363, 'beta_6': 56.652105295205914}. Best is trial 341 with value: 73.80326667868428.
[I 2026-04-01 11:43:17,159] Trial 530 finished with value: 79.0910173302272 and parameters: {'alpha_0': 13545.548358297388, 'alpha_1': 1928.702492916603, 'alpha_2': 27.805325455906168, 'beta_0': 0.25473067186112747, 'beta_1': 0.6244981729598968, 'beta_2': 0.7376986112697375, 'beta_3': 1.0368573125459226, 'beta_4': 96.52838897443819, 'beta_5': 149.6102242970929, 'beta_6': 42.45608480990957}. Best is trial 341 with value: 73.80326667868428.
[I 2026-04-01 11:43:17,163] Trial 531 finished with value: 77.88809737874979 and parameters: {'alpha_0': 19428.386398800743, 'alpha_1': 1862.8270777080459, 'alpha_2': 27.451698368289165, 'beta_0': 0.255769039051938, 'beta_1': 0.6477466459537264, 'beta_2': 0.8692857314168334, 'beta_3': 0.9185127862945193, 'beta_4': 97.23021907329758, 'beta_5': 149.88985027767154, 'beta_6': 42.294044648838785}. Best is trial 341 with value: 73.80326667868428.
[I 2026-04-01 11:43:17,297] Trial 533 finished with value: 78.11778095260665 and parameters: {'alpha_0': 13393.563349577535, 'alpha_1': 2296.381226880354, 'alpha_2': 30.208023787451378, 'beta_0': 0.25928385145311317, 'beta_1': 0.530645823343435, 'beta_2': 0.8585272368630377, 'beta_3': 0.9151957589318227, 'beta_4': 95.65906025063988, 'beta_5': 150.08049687852767, 'beta_6': 42.36944955041281}. Best is trial 341 with value: 73.80326667868428.
[I 2026-04-01 11:43:17,741] Trial 536 finished with value: 78.57226352405965 and parameters: {'alpha_0': 19817.212007505703, 'alpha_1': 2274.2408956576655, 'alpha_2': 30.883541119274632, 'beta_0': 0.20229139138427085, 'beta_1': 0.4936054847266186, 'beta_2': 0.7318457524220232, 'beta_3': 0.9899631930446412, 'beta_4': 94.64724283928379, 'beta_5': 163.95184309566326, 'beta_6': 45.49885017494542}. Best is trial 341 with value: 73.80326667868428.
[I 2026-04-01 11:43:17,849] Trial 532 finished with value: 77.7588488942922 and parameters: {'alpha_0': 13607.610453206347, 'alpha_1': 2291.1887583769812, 'alpha_2': 27.67337727498322, 'beta_0': 0.26666447873166343, 'beta_1': 0.4689886603893805, 'beta_2': 0.7304191127371852, 'beta_3': 0.9137532907928632, 'beta_4': 96.16762771394706, 'beta_5': 151.12059420170831, 'beta_6': 42.6384395455987}. Best is trial 341 with value: 73.80326667868428.
[I 2026-04-01 11:43:18,185] Trial 534 finished with value: 79.76228083835613 and parameters: {'alpha_0': 11620.858768838254, 'alpha_1': 2285.7629349913077, 'alpha_2': 30.790888097473772, 'beta_0': 0.2515479914776545, 'beta_1': 0.49995099318625186, 'beta_2': 0.7416250212768691, 'beta_3': 0.9242171279694003, 'beta_4': 95.87864070934135, 'beta_5': 153.67573740982417, 'beta_6': 51.920387107367354}. Best is trial 341 with value: 73.80326667868428.
[I 2026-04-01 11:43:18,410] Trial 535 finished with value: 81.07555931029432 and parameters: {'alpha_0': 24084.646812353367, 'alpha_1': 2374.8949173910287, 'alpha_2': 27.967105149735207, 'beta_0': 0.20057196319962825, 'beta_1': 0.5814085948153542, 'beta_2': 0.83896312201005, 'beta_3': 0.8964924352793541, 'beta_4': 104.5546436653635, 'beta_5': 162.74703231042764, 'beta_6': 42.886400273467686}. Best is trial 341 with value: 73.80326667868428.
[I 2026-04-01 11:43:18,653] Trial 538 finished with value: 76.62246107485691 and parameters: {'alpha_0': 11760.41484651978, 'alpha_1': 2254.2988788178336, 'alpha_2': 31.31694783279696, 'beta_0': 0.20246776045283385, 'beta_1': 0.5038316408127985, 'beta_2': 0.8304830837115147, 'beta_3': 0.8674358356650994, 'beta_4': 95.45181817000731, 'beta_5': 165.66995649252462, 'beta_6': 49.218292681306565}. Best is trial 341 with value: 73.80326667868428.
[I 2026-04-01 11:43:18,754] Trial 537 finished with value: 896.6209056586633 and parameters: {'alpha_0': 11210.184573796181, 'alpha_1': 2175.36817273233, 'alpha_2': 30.666271549461825, 'beta_0': 1.979471366102585, 'beta_1': 0.5287794773542658, 'beta_2': 0.838306794337345, 'beta_3': 0.8697179407182697, 'beta_4': 96.75549009137578, 'beta_5': 162.11381905217155, 'beta_6': 70.93850430907665}. Best is trial 341 with value: 73.80326667868428.
[I 2026-04-01 11:43:19,013] Trial 539 finished with value: 82.13418745982894 and parameters: {'alpha_0': 11325.898022523448, 'alpha_1': 2245.295315341036, 'alpha_2': 25.37962863456489, 'beta_0': 0.20532900704258966, 'beta_1': 0.5119239168208566, 'beta_2': 0.7508135867857545, 'beta_3': 0.8656688240755378, 'beta_4': 170.35353068335044, 'beta_5': 163.020568870531, 'beta_6': 36.7775347912262}. Best is trial 341 with value: 73.80326667868428.
Best trial: 341. Best value: 73.8033:  27%|██▋       | 540/2000 [38:41<26:09,  1.08s/it]Best trial: 341. Best value: 73.8033:  27%|██▋       | 540/2000 [38:41<26:09,  1.08s/it]Best trial: 341. Best value: 73.8033:  27%|██▋       | 541/2000 [38:41<4:32:25, 11.20s/it]                                                                                          Best trial: 341. Best value: 73.8033:  27%|██▋       | 541/2000 [38:42<4:32:25, 11.20s/it]Best trial: 341. Best value: 73.8033:  27%|██▋       | 541/2000 [38:42<4:32:25, 11.20s/it]Best trial: 341. Best value: 73.8033:  27%|██▋       | 542/2000 [38:42<3:24:57,  8.43s/it]                                                                                          Best trial: 341. Best value: 73.8033:  27%|██▋       | 542/2000 [38:42<3:24:57,  8.43s/it]Best trial: 341. Best value: 73.8033:  27%|██▋       | 542/2000 [38:42<3:24:57,  8.43s/it]                                                                                          Best trial: 341. Best value: 73.8033:  27%|██▋       | 543/2000 [38:42<3:24:48,  8.43s/it]                                                                                          Best trial: 341. Best value: 73.8033:  27%|██▋       | 543/2000 [38:42<3:24:48,  8.43s/it]Best trial: 341. Best value: 73.8033:  27%|██▋       | 543/2000 [38:42<3:24:48,  8.43s/it]Best trial: 341. Best value: 73.8033:  27%|██▋       | 544/2000 [38:42<2:01:31,  5.01s/it]Best trial: 341. Best value: 73.8033:  27%|██▋       | 544/2000 [38:42<2:01:31,  5.01s/it]                                                                                          Best trial: 341. Best value: 73.8033:  27%|██▋       | 545/2000 [38:42<2:01:26,  5.01s/it]Best trial: 341. Best value: 73.8033:  27%|██▋       | 545/2000 [38:42<2:01:26,  5.01s/it]Best trial: 341. Best value: 73.8033:  27%|██▋       | 546/2000 [38:42<1:16:47,  3.17s/it]                                                                                          Best trial: 341. Best value: 73.8033:  27%|██▋       | 546/2000 [38:43<1:16:47,  3.17s/it]Best trial: 341. Best value: 73.8033:  27%|██▋       | 546/2000 [38:43<1:16:47,  3.17s/it]Best trial: 341. Best value: 73.8033:  27%|██▋       | 547/2000 [38:43<1:02:28,  2.58s/it]                                                                                          Best trial: 341. Best value: 73.8033:  27%|██▋       | 547/2000 [38:43<1:02:28,  2.58s/it]Best trial: 341. Best value: 73.8033:  27%|██▋       | 547/2000 [38:43<1:02:28,  2.58s/it]Best trial: 341. Best value: 73.8033:  27%|██▋       | 548/2000 [38:43<48:54,  2.02s/it]                                                                                          Best trial: 341. Best value: 73.8033:  27%|██▋       | 548/2000 [38:43<48:54,  2.02s/it]Best trial: 341. Best value: 73.8033:  27%|██▋       | 548/2000 [38:43<48:54,  2.02s/it]Best trial: 341. Best value: 73.8033:  27%|██▋       | 549/2000 [38:43<37:32,  1.55s/it]                                                                                        Best trial: 341. Best value: 73.8033:  27%|██▋       | 549/2000 [38:43<37:32,  1.55s/it]Best trial: 341. Best value: 73.8033:  27%|██▋       | 549/2000 [38:43<37:32,  1.55s/it]                                                                                        Best trial: 341. Best value: 73.8033:  28%|██▊       | 550/2000 [39:26<37:30,  1.55s/it]                                                                                        Best trial: 341. Best value: 73.8033:  28%|██▊       | 550/2000 [39:26<37:30,  1.55s/it]Best trial: 341. Best value: 73.8033:  28%|██▊       | 550/2000 [39:26<37:30,  1.55s/it]Best trial: 341. Best value: 73.8033:  28%|██▊       | 551/2000 [39:26<3:54:54,  9.73s/it]Best trial: 341. Best value: 73.8033:  28%|██▊       | 551/2000 [39:26<3:54:54,  9.73s/it]                                                                                          Best trial: 341. Best value: 73.8033:  28%|██▊       | 552/2000 [39:26<3:54:44,  9.73s/it]                                                                                          Best trial: 341. Best value: 73.8033:  28%|██▊       | 552/2000 [39:26<3:54:44,  9.73s/it]Best trial: 341. Best value: 73.8033:  28%|██▊       | 552/2000 [39:26<3:54:44,  9.73s/it]Best trial: 341. Best value: 73.8033:  28%|██▊       | 553/2000 [39:26<3:54:34,  9.73s/it]                                                                                          Best trial: 341. Best value: 73.8033:  28%|██▊       | 554/2000 [39:26<3:54:24,  9.73s/it]                                                                                          Best trial: 341. Best value: 73.8033:  28%|██▊       | 554/2000 [39:26<3:54:24,  9.73s/it]Best trial: 341. Best value: 73.8033:  28%|██▊       | 554/2000 [39:26<3:54:24,  9.73s/it]Best trial: 341. Best value: 73.8033:  28%|██▊       | 555/2000 [39:26<1:47:31,  4.46s/it]                                                                                          Best trial: 341. Best value: 73.8033:  28%|██▊       | 555/2000 [39:26<1:47:31,  4.46s/it]Best trial: 341. Best value: 73.8033:  28%|██▊       | 555/2000 [39:26<1:47:31,  4.46s/it]                                                                                          Best trial: 341. Best value: 73.8033:  28%|██▊       | 556/2000 [39:26<1:47:27,  4.46s/it]Best trial: 341. Best value: 73.8033:  28%|██▊       | 556/2000 [39:26<1:47:27,  4.46s/it]Best trial: 341. Best value: 73.8033:  28%|██▊       | 557/2000 [39:26<1:47:22,  4.46s/it]Best trial: 341. Best value: 73.8033:  28%|██▊       | 558/2000 [39:26<1:08:16,  2.84s/it]                                                                                          [I 2026-04-01 11:44:02,747] Trial 541 finished with value: 84.9503653471952 and parameters: {'alpha_0': 24197.66878079172, 'alpha_1': 2160.839961634477, 'alpha_2': 25.778897610311798, 'beta_0': 0.24747470761054113, 'beta_1': 0.50427495198897, 'beta_2': 0.8206787607848912, 'beta_3': 0.9848568696754344, 'beta_4': 101.99882586620717, 'beta_5': 163.57049822438972, 'beta_6': 42.920829614555394}. Best is trial 341 with value: 73.80326667868428.
[I 2026-04-01 11:44:03,020] Trial 542 finished with value: 76.72539717961655 and parameters: {'alpha_0': 12235.156754447022, 'alpha_1': 2254.1540583748847, 'alpha_2': 25.30930494733991, 'beta_0': 0.20485161492524928, 'beta_1': 1.6761454471146018, 'beta_2': 0.8195572173507495, 'beta_3': 0.9932357155107056, 'beta_4': 83.05915162748727, 'beta_5': 164.09181697040637, 'beta_6': 68.57802276864192}. Best is trial 341 with value: 73.80326667868428.
[I 2026-04-01 11:44:03,083] Trial 540 finished with value: 75.25578285973447 and parameters: {'alpha_0': 11682.265735752286, 'alpha_1': 2226.125928177538, 'alpha_2': 30.80559085733414, 'beta_0': 0.20667012307580612, 'beta_1': 0.5356255894131937, 'beta_2': 0.8324539231191825, 'beta_3': 0.8683176777017885, 'beta_4': 102.26390234087785, 'beta_5': 163.28029028768853, 'beta_6': 35.495379016167426}. Best is trial 341 with value: 73.80326667868428.
[I 2026-04-01 11:44:03,559] Trial 543 finished with value: 91.87709558683261 and parameters: {'alpha_0': 12353.629951684023, 'alpha_1': 2605.445814869841, 'alpha_2': 25.25759437585265, 'beta_0': 0.3888901670215622, 'beta_1': 0.5227637658902554, 'beta_2': 0.82048435724286, 'beta_3': 0.87332695287606, 'beta_4': 82.26678595797428, 'beta_5': 163.98937739615107, 'beta_6': 70.95936463301737}. Best is trial 341 with value: 73.80326667868428.
[I 2026-04-01 11:44:03,562] Trial 544 finished with value: 90.73765087212925 and parameters: {'alpha_0': 16813.320335799846, 'alpha_1': 1765.6407101055327, 'alpha_2': 25.453719178146823, 'beta_0': 0.39480348599235643, 'beta_1': 0.5471128420891562, 'beta_2': 0.8256682009766594, 'beta_3': 0.8739972625290036, 'beta_4': 101.21915283882065, 'beta_5': 164.07165049299894, 'beta_6': 68.89043594895563}. Best is trial 341 with value: 73.80326667868428.
[I 2026-04-01 11:44:03,771] Trial 547 finished with value: 91.98453438287183 and parameters: {'alpha_0': 16838.987511201904, 'alpha_1': 1731.967816063051, 'alpha_2': 25.520848423835588, 'beta_0': 0.3878248860819276, 'beta_1': 0.7544850778730883, 'beta_2': 0.903524015403054, 'beta_3': 0.99124281347767, 'beta_4': 101.59992578762116, 'beta_5': 122.86247059928552, 'beta_6': 24.640188435215126}. Best is trial 341 with value: 73.80326667868428.
[I 2026-04-01 11:44:04,151] Trial 545 finished with value: 90.76142721986588 and parameters: {'alpha_0': 11858.324059492295, 'alpha_1': 1697.0542989022013, 'alpha_2': 25.529615243293957, 'beta_0': 0.3890253405224444, 'beta_1': 0.549649202618933, 'beta_2': 0.819197837482474, 'beta_3': 0.8714651813997124, 'beta_4': 102.1823350397163, 'beta_5': 166.27272149729313, 'beta_6': 70.50164188934119}. Best is trial 341 with value: 73.80326667868428.
[I 2026-04-01 11:44:04,319] Trial 546 finished with value: 85.55467824860027 and parameters: {'alpha_0': 12167.522707086322, 'alpha_1': 1752.8451682129094, 'alpha_2': 25.747412395110807, 'beta_0': 0.3652872015826565, 'beta_1': 0.7565147675042602, 'beta_2': 0.8062974519154307, 'beta_3': 0.9963099197331352, 'beta_4': 82.60899208825232, 'beta_5': 139.07370288752847, 'beta_6': 23.7312778136058}. Best is trial 341 with value: 73.80326667868428.
[I 2026-04-01 11:44:04,451] Trial 548 finished with value: 88.83473615608203 and parameters: {'alpha_0': 12121.09769403543, 'alpha_1': 2628.943629638286, 'alpha_2': 25.407556870059178, 'beta_0': 0.39086174120752104, 'beta_1': 0.8544235326212584, 'beta_2': 0.8970613220402379, 'beta_3': 0.9881603300952762, 'beta_4': 110.4986679041596, 'beta_5': 122.66211866895429, 'beta_6': 22.982138623930222}. Best is trial 341 with value: 73.80326667868428.
[I 2026-04-01 11:44:04,510] Trial 549 finished with value: 98.18540996055354 and parameters: {'alpha_0': 16618.65594670239, 'alpha_1': 1698.9889885201212, 'alpha_2': 25.971555350641857, 'beta_0': 0.3750690486498214, 'beta_1': 0.8515996009697595, 'beta_2': 0.9023734294024929, 'beta_3': 0.9782199035963931, 'beta_4': 111.4397278721956, 'beta_5': 135.60339612357427, 'beta_6': 25.797854667710745}. Best is trial 341 with value: 73.80326667868428.
[I 2026-04-01 11:44:46,907] Trial 555 finished with value: 74.72782252843842 and parameters: {'alpha_0': 12331.142107650934, 'alpha_1': 1540.5895041705771, 'alpha_2': 28.559737272291397, 'beta_0': 0.20140091006650057, 'beta_1': 0.5671767288153912, 'beta_2': 0.9825344010269412, 'beta_3': 1.0406514828039786, 'beta_4': 99.865133113381, 'beta_5': 176.52624366732678, 'beta_6': 74.51908714624855}. Best is trial 341 with value: 73.80326667868428.
[I 2026-04-01 11:44:46,911] Trial 554 finished with value: 84.02952804150003 and parameters: {'alpha_0': 11258.495437673697, 'alpha_1': 1687.3395503294746, 'alpha_2': 33.047424763882525, 'beta_0': 0.35385868650114494, 'beta_1': 0.5604160894324387, 'beta_2': 0.9036106761467313, 'beta_3': 0.9832594929781955, 'beta_4': 102.67910501167069, 'beta_5': 173.8026693952787, 'beta_6': 30.84155089765777}. Best is trial 341 with value: 73.80326667868428.
[I 2026-04-01 11:44:46,937] Trial 551 finished with value: 110.39273720099945 and parameters: {'alpha_0': 16934.157510734425, 'alpha_1': 1736.0231274123707, 'alpha_2': 23.192695926291428, 'beta_0': 0.3845280179439865, 'beta_1': 0.8405118244398576, 'beta_2': 0.9093923414742545, 'beta_3': 1.0415092844143576, 'beta_4': 108.60961546573101, 'beta_5': 137.01126629861687, 'beta_6': 20.450512805012018}. Best is trial 341 with value: 73.80326667868428.
[I 2026-04-01 11:44:46,937] Trial 556 finished with value: 83.45036453623797 and parameters: {'alpha_0': 11318.184883218879, 'alpha_1': 1460.4572079962913, 'alpha_2': 28.70117093488685, 'beta_0': 0.2909729676868277, 'beta_1': 0.3843481514169942, 'beta_2': 0.5480126687855884, 'beta_3': 1.0364017796442297, 'beta_4': 99.79882076701801, 'beta_5': 174.45050874231222, 'beta_6': 33.72101042570766}. Best is trial 341 with value: 73.80326667868428.
[I 2026-04-01 11:44:47,005] Trial 553 finished with value: 95.20230559877959 and parameters: {'alpha_0': 11187.488340186606, 'alpha_1': 1619.5415096164643, 'alpha_2': 28.838560228113153, 'beta_0': 0.35582118488819575, 'beta_1': 0.409500743831511, 'beta_2': 0.9018697694915315, 'beta_3': 0.7656267456753242, 'beta_4': 100.86201128504189, 'beta_5': 175.87342429305022, 'beta_6': 28.5994422735115}. Best is trial 341 with value: 73.80326667868428.
[I 2026-04-01 11:44:47,034] Trial 550 finished with value: 105.15251547972234 and parameters: {'alpha_0': 16926.692328312012, 'alpha_1': 2629.8467615656878, 'alpha_2': 25.832313334118115, 'beta_0': 0.3722321360168118, 'beta_1': 0.7595623460595029, 'beta_2': 0.9061161702643338, 'beta_3': 1.046386003459201, 'beta_4': 110.35904747737834, 'beta_5': 138.0302866769331, 'beta_6': 72.99510700695258}. Best is trial 341 with value: 73.80326667868428.
[I 2026-04-01 11:44:47,047] Trial 557 finished with value: 81.3593080416422 and parameters: {'alpha_0': 11243.802399155536, 'alpha_1': 1457.2371888656373, 'alpha_2': 29.4882796549889, 'beta_0': 0.2968932182283277, 'beta_1': 0.4194662708314597, 'beta_2': 1.0093606453682533, 'beta_3': 0.7607185045541708, 'beta_4': 106.19085482550153, 'beta_5': 173.55281955616505, 'beta_6': 33.66793867346274}. Best is trial 341 with value: 73.80326667868428.
[I 2026-04-01 11:44:47,102] Trial 558 finished with value: 86.3278695716658 and parameters: {'alpha_0': 19488.675059592402, 'alpha_1': 1437.2636265886058, 'alpha_2': 32.41841817296473, 'beta_0': 0.2866252698118269, 'beta_1': 0.4004655842757524, 'beta_2': 0.9933194674149817, 'beta_3': 0.7596591660670131, 'beta_4': 99.57308263951758, 'beta_5': 177.15094701716941, 'beta_6': 29.109209494909123}. Best is trial 341 with value: 73.80326667868428.
