Best trial: 341. Best value: 73.8033:  28%|██▊       | 558/2000 [39:26<1:08:16,  2.84s/it]Best trial: 341. Best value: 73.8033:  28%|██▊       | 558/2000 [39:26<1:08:16,  2.84s/it]                                                                                          Best trial: 341. Best value: 73.8033:  28%|██▊       | 559/2000 [39:26<1:08:14,  2.84s/it]Best trial: 341. Best value: 73.8033:  28%|██▊       | 559/2000 [39:27<1:08:14,  2.84s/it]Best trial: 341. Best value: 73.8033:  28%|██▊       | 560/2000 [39:27<52:35,  2.19s/it]  Best trial: 341. Best value: 73.8033:  28%|██▊       | 560/2000 [39:41<52:35,  2.19s/it]                                                                                        Best trial: 341. Best value: 73.8033:  28%|██▊       | 560/2000 [40:08<52:35,  2.19s/it]Best trial: 341. Best value: 73.8033:  28%|██▊       | 560/2000 [40:08<52:35,  2.19s/it]Best trial: 341. Best value: 73.8033:  28%|██▊       | 561/2000 [40:08<3:21:12,  8.39s/it]                                                                                          Best trial: 341. Best value: 73.8033:  28%|██▊       | 561/2000 [40:09<3:21:12,  8.39s/it]Best trial: 341. Best value: 73.8033:  28%|██▊       | 561/2000 [40:09<3:21:12,  8.39s/it]Best trial: 341. Best value: 73.8033:  28%|██▊       | 562/2000 [40:09<2:45:24,  6.90s/it]                                                                                          Best trial: 341. Best value: 73.8033:  28%|██▊       | 562/2000 [40:09<2:45:24,  6.90s/it]Best trial: 341. Best value: 73.8033:  28%|██▊       | 562/2000 [40:09<2:45:24,  6.90s/it]                                                                                          Best trial: 341. Best value: 73.8033:  28%|██▊       | 563/2000 [40:09<2:45:17,  6.90s/it]Best trial: 341. Best value: 73.8033:  28%|██▊       | 563/2000 [40:09<2:45:17,  6.90s/it]Best trial: 341. Best value: 73.8033:  28%|██▊       | 564/2000 [40:09<1:49:09,  4.56s/it]                                                                                          Best trial: 341. Best value: 73.8033:  28%|██▊       | 564/2000 [40:09<1:49:09,  4.56s/it]Best trial: 341. Best value: 73.8033:  28%|██▊       | 564/2000 [40:09<1:49:09,  4.56s/it]                                                                                          Best trial: 341. Best value: 73.8033:  28%|██▊       | 565/2000 [40:09<1:49:04,  4.56s/it]Best trial: 341. Best value: 73.8033:  28%|██▊       | 565/2000 [40:09<1:49:04,  4.56s/it]Best trial: 341. Best value: 73.8033:  28%|██▊       | 566/2000 [40:09<1:13:58,  3.10s/it]                                                                                          Best trial: 341. Best value: 73.8033:  28%|██▊       | 566/2000 [40:09<1:13:58,  3.10s/it]Best trial: 341. Best value: 73.8033:  28%|██▊       | 566/2000 [40:09<1:13:58,  3.10s/it]                                                                                          Best trial: 341. Best value: 73.8033:  28%|██▊       | 567/2000 [40:09<1:13:55,  3.10s/it]Best trial: 341. Best value: 73.8033:  28%|██▊       | 567/2000 [40:09<1:13:55,  3.10s/it]Best trial: 341. Best value: 73.8033:  28%|██▊       | 568/2000 [40:09<50:44,  2.13s/it]                                                                                          Best trial: 341. Best value: 73.8033:  28%|██▊       | 568/2000 [40:10<50:44,  2.13s/it]Best trial: 341. Best value: 73.8033:  28%|██▊       | 568/2000 [40:10<50:44,  2.13s/it]                                                                                        Best trial: 341. Best value: 73.8033:  28%|██▊       | 569/2000 [40:10<50:42,  2.13s/it]Best trial: 341. Best value: 73.8033:  28%|██▊       | 569/2000 [40:10<50:42,  2.13s/it]Best trial: 341. Best value: 73.8033:  28%|██▊       | 570/2000 [40:10<37:33,  1.58s/it]                                                                                        Best trial: 341. Best value: 73.8033:  28%|██▊       | 570/2000 [40:53<37:33,  1.58s/it]Best trial: 341. Best value: 73.8033:  28%|██▊       | 570/2000 [40:53<37:33,  1.58s/it]Best trial: 341. Best value: 73.8033:  29%|██▊       | 571/2000 [40:53<3:37:16,  9.12s/it]                                                                                          Best trial: 341. Best value: 73.8033:  29%|██▊       | 571/2000 [40:53<3:37:16,  9.12s/it]Best trial: 341. Best value: 73.8033:  29%|██▊       | 571/2000 [40:53<3:37:16,  9.12s/it]                                                                                          Best trial: 341. Best value: 73.8033:  29%|██▊       | 572/2000 [40:53<3:37:07,  9.12s/it]Best trial: 341. Best value: 73.8033:  29%|██▊       | 572/2000 [40:53<3:37:07,  9.12s/it]Best trial: 341. Best value: 73.8033:  29%|██▊       | 573/2000 [40:53<2:24:16,  6.07s/it]                                                                                          Best trial: 341. Best value: 73.8033:  29%|██▊       | 573/2000 [40:53<2:24:16,  6.07s/it]Best trial: 341. Best value: 73.8033:  29%|██▊       | 573/2000 [40:53<2:24:16,  6.07s/it]                                                                                          Best trial: 341. Best value: 73.8033:  29%|██▊       | 574/2000 [40:53<2:24:10,  6.07s/it]Best trial: 341. Best value: 73.8033:  29%|██▊       | 574/2000 [40:53<2:24:10,  6.07s/it]Best trial: 341. Best value: 73.8033:  29%|██▉       | 575/2000 [40:53<1:37:06,  4.09s/it]                                                                                          Best trial: 341. Best value: 73.8033:  29%|██▉       | 575/2000 [40:53<1:37:06,  4.09s/it]                                                                                          [I 2026-04-01 11:44:47,300] Trial 552 finished with value: 119.64787811120266 and parameters: {'alpha_0': 11650.867508751582, 'alpha_1': 5294.802733077891, 'alpha_2': 28.897646591120118, 'beta_0': 0.39812921859017186, 'beta_1': 0.5656080550085153, 'beta_2': 0.9015025350440139, 'beta_3': 0.8667203436645643, 'beta_4': 158.31461566077647, 'beta_5': 172.69025143371218, 'beta_6': 24.009066585217724}. Best is trial 341 with value: 73.80326667868428.
[I 2026-04-01 11:44:47,859] Trial 559 finished with value: 80.93460325466071 and parameters: {'alpha_0': 11338.047795904258, 'alpha_1': 1498.668192793768, 'alpha_2': 23.210414758664527, 'beta_0': 0.27786593715432595, 'beta_1': 0.41992588561920086, 'beta_2': 1.01422763900138, 'beta_3': 0.7663210983842986, 'beta_4': 99.00571410426677, 'beta_5': 169.28118516793782, 'beta_6': 74.44324720399858}. Best is trial 341 with value: 73.80326667868428.
[I 2026-04-01 11:45:29,708] Trial 560 finished with value: 74.48192122989997 and parameters: {'alpha_0': 15725.169959719093, 'alpha_1': 1423.4462107308507, 'alpha_2': 32.165889602211685, 'beta_0': 0.20098629492724335, 'beta_1': 0.6627859890523052, 'beta_2': 1.0013054546971873, 'beta_3': 0.7578121298987543, 'beta_4': 92.66356740506664, 'beta_5': 174.2734017496699, 'beta_6': 78.23177850294742}. Best is trial 341 with value: 73.80326667868428.
[I 2026-04-01 11:45:29,944] Trial 564 finished with value: 75.75193322563348 and parameters: {'alpha_0': 15597.693187158318, 'alpha_1': 1359.5600667437216, 'alpha_2': 26.90908694574125, 'beta_0': 0.20118625192262724, 'beta_1': 0.5932553251772716, 'beta_2': 0.980998500983588, 'beta_3': 1.0425915761564106, 'beta_4': 93.05566192253922, 'beta_5': 190.44050644762433, 'beta_6': 83.26015421969282}. Best is trial 341 with value: 73.80326667868428.
[I 2026-04-01 11:45:30,002] Trial 568 finished with value: 78.97613251843458 and parameters: {'alpha_0': 15530.49759963997, 'alpha_1': 1984.0416141854478, 'alpha_2': 23.311556491542, 'beta_0': 0.24980268033099418, 'beta_1': 0.6616711850037111, 'beta_2': 0.9852187815040292, 'beta_3': 1.0538719442636315, 'beta_4': 92.33118820168059, 'beta_5': 217.13671027865672, 'beta_6': 80.19886552510675}. Best is trial 341 with value: 73.80326667868428.
[I 2026-04-01 11:45:30,078] Trial 561 finished with value: 85.31299497003089 and parameters: {'alpha_0': 17855.11681394637, 'alpha_1': 1322.022231398519, 'alpha_2': 32.09800173068691, 'beta_0': 0.2508863915521298, 'beta_1': 0.5938797100639372, 'beta_2': 1.0041079914804871, 'beta_3': 1.0450144832855734, 'beta_4': 99.11491399952952, 'beta_5': 175.69086610285288, 'beta_6': 74.2217753302885}. Best is trial 341 with value: 73.80326667868428.
[I 2026-04-01 11:45:30,148] Trial 562 finished with value: 77.22235961680252 and parameters: {'alpha_0': 19456.9056479076, 'alpha_1': 1448.694973709008, 'alpha_2': 26.840687168728476, 'beta_0': 0.20247561458484073, 'beta_1': 0.6050138431826158, 'beta_2': 0.9985036821678456, 'beta_3': 1.041475964276224, 'beta_4': 98.9247422065669, 'beta_5': 173.4570900149784, 'beta_6': 72.93779268828591}. Best is trial 341 with value: 73.80326667868428.
[I 2026-04-01 11:45:30,260] Trial 563 finished with value: 79.13488182430618 and parameters: {'alpha_0': 19536.908980863216, 'alpha_1': 1359.9105052056984, 'alpha_2': 26.88628655745503, 'beta_0': 0.2007767681766838, 'beta_1': 0.5993327812290146, 'beta_2': 1.0040672110386473, 'beta_3': 1.0610150366301514, 'beta_4': 92.77908806245635, 'beta_5': 209.83121891676487, 'beta_6': 73.31574563667746}. Best is trial 341 with value: 73.80326667868428.
[I 2026-04-01 11:45:30,351] Trial 566 finished with value: 80.44664163275827 and parameters: {'alpha_0': 17697.630179517346, 'alpha_1': 1321.425665224652, 'alpha_2': 0.0048355692345734, 'beta_0': 0.24892983684822445, 'beta_1': 0.5969342769630477, 'beta_2': 0.988729766207041, 'beta_3': 1.0436960874900234, 'beta_4': 92.83948206284762, 'beta_5': 215.20404331919156, 'beta_6': 86.2304804827822}. Best is trial 341 with value: 73.80326667868428.
[I 2026-04-01 11:45:30,401] Trial 567 finished with value: 82.69398211849617 and parameters: {'alpha_0': 17763.58630037211, 'alpha_1': 1996.3336435278084, 'alpha_2': 27.01926294543396, 'beta_0': 0.2509955807881654, 'beta_1': 0.6039945099960179, 'beta_2': 1.012727301410254, 'beta_3': 1.0464530756158321, 'beta_4': 93.23706938684657, 'beta_5': 216.38923197304817, 'beta_6': 83.42543311727525}. Best is trial 341 with value: 73.80326667868428.
[I 2026-04-01 11:45:30,970] Trial 565 finished with value: 74.82209022805905 and parameters: {'alpha_0': 15538.637633719578, 'alpha_1': 1370.5275424052581, 'alpha_2': 27.183295680288442, 'beta_0': 0.20177316615042518, 'beta_1': 0.662188590318001, 'beta_2': 0.9829095815376436, 'beta_3': 1.0431190471446867, 'beta_4': 94.22847312367435, 'beta_5': 169.80555638714048, 'beta_6': 85.63557648085663}. Best is trial 341 with value: 73.80326667868428.
[I 2026-04-01 11:45:31,160] Trial 569 finished with value: 75.63740823051309 and parameters: {'alpha_0': 15527.34812440048, 'alpha_1': 1981.1650103420598, 'alpha_2': 26.770280633782072, 'beta_0': 0.20287643619226597, 'beta_1': 0.6663729129387491, 'beta_2': 0.9463158864421325, 'beta_3': 1.042868838406675, 'beta_4': 92.94340817368247, 'beta_5': 190.07161267501036, 'beta_6': 90.44843369002467}. Best is trial 341 with value: 73.80326667868428.
[I 2026-04-01 11:46:13,989] Trial 571 finished with value: 75.57952408244611 and parameters: {'alpha_0': 15665.090554897424, 'alpha_1': 1346.754446389792, 'alpha_2': 27.11296290822817, 'beta_0': 0.20252619289139118, 'beta_1': 0.6678822663784, 'beta_2': 0.9827691469269199, 'beta_3': 0.6829638451749318, 'beta_4': 88.64072242838247, 'beta_5': 182.09159660292846, 'beta_6': 91.74362400553996}. Best is trial 341 with value: 73.80326667868428.
[I 2026-04-01 11:46:14,038] Trial 570 finished with value: 86.10440792516715 and parameters: {'alpha_0': 15683.740800857915, 'alpha_1': 1353.788380176792, 'alpha_2': 32.49479428337893, 'beta_0': 0.24760905701525227, 'beta_1': 0.6564386018899736, 'beta_2': 0.9837017788471563, 'beta_3': 1.0429423030268075, 'beta_4': 87.88576341376701, 'beta_5': 269.53736643492886, 'beta_6': 85.81640089608129}. Best is trial 341 with value: 73.80326667868428.
[I 2026-04-01 11:46:14,429] Trial 575 finished with value: 74.08246797835059 and parameters: {'alpha_0': 14490.575634099996, 'alpha_1': 1546.8763272062429, 'alpha_2': 32.22357534367624, 'beta_0': 0.20069396363053105, 'beta_1': 0.6716556591990187, 'beta_2': 0.9184282109486929, 'beta_3': 0.68345296175378, 'beta_4': 86.60177590003532, 'beta_5': 158.87292790993627, 'beta_6': 98.88677268189224}. Best is trial 341 with value: 73.80326667868428.
[I 2026-04-01 11:46:14,478] Trial 574 finished with value: 76.08190257764383 and parameters: {'alpha_0': 15596.85729677013, 'alpha_1': 1219.4346706281556, 'alpha_2': 34.43563218593031, 'beta_0': 0.2466631628393453, 'beta_1': 0.7237606084167042, 'beta_2': 0.9534556847413723, 'beta_3': 0.6457263585177151, 'beta_4': 86.79249379973109, 'beta_5': 160.49291311736113, 'beta_6': 95.63509039121253}. Best is trial 341 with value: 73.80326667868428.
[I 2026-04-01 11:46:14,529] Trial 573 finished with value: 77.80626926760111 and parameters: {'alpha_0': 15729.383245397128, 'alpha_1': 1309.7790980891737, 'alpha_2': 34.86427823747286, 'beta_0': 0.24493338795762945, 'beta_1': 0.6709557390430668, 'beta_2': 0.9567278810228705, 'beta_3': 0.8179143314902009, 'beta_4': 92.91812236208413, 'beta_5': 181.2111264237424, 'beta_6': 102.91248784582692}. Best is trial 341 with value: 73.80326667868428.
[I 2026-04-01 11:46:14,622] Trial 576 finished with value: 73.41078608586943 and parameters: {'alpha_0': 15509.884825529933, 'alpha_1': 1538.3532039992479, 'alpha_2': 31.097841728268833, 'beta_0': 0.20273719745262253, 'beta_1': 0.6676015067729617, 'beta_2': 0.9280976124708175, 'beta_3': 0.8395709055296374, 'beta_4': 87.34221764395554, 'beta_5': 159.25439774905104, 'beta_6': 95.066003978743}. Best is trial 576 with value: 73.41078608586943.
Best trial: 341. Best value: 73.8033:  29%|██▉       | 575/2000 [40:53<1:37:06,  4.09s/it]Best trial: 576. Best value: 73.4108:  29%|██▉       | 575/2000 [40:53<1:37:06,  4.09s/it]                                                                                          Best trial: 576. Best value: 73.4108:  29%|██▉       | 576/2000 [40:53<1:37:02,  4.09s/it]Best trial: 576. Best value: 73.4108:  29%|██▉       | 576/2000 [40:53<1:37:02,  4.09s/it]Best trial: 576. Best value: 73.4108:  29%|██▉       | 577/2000 [40:53<1:06:22,  2.80s/it]Best trial: 576. Best value: 73.4108:  29%|██▉       | 577/2000 [40:53<1:06:22,  2.80s/it]                                                                                          Best trial: 576. Best value: 73.4108:  29%|██▉       | 578/2000 [40:54<1:06:19,  2.80s/it]Best trial: 576. Best value: 73.4108:  29%|██▉       | 578/2000 [40:54<1:06:19,  2.80s/it]Best trial: 576. Best value: 73.4108:  29%|██▉       | 579/2000 [40:54<47:22,  2.00s/it]                                                                                          Best trial: 576. Best value: 73.4108:  29%|██▉       | 579/2000 [40:54<47:22,  2.00s/it]Best trial: 576. Best value: 73.4108:  29%|██▉       | 579/2000 [40:54<47:22,  2.00s/it]Best trial: 576. Best value: 73.4108:  29%|██▉       | 580/2000 [41:11<47:20,  2.00s/it]                                                                                        Best trial: 576. Best value: 73.4108:  29%|██▉       | 580/2000 [41:37<47:20,  2.00s/it]Best trial: 576. Best value: 73.4108:  29%|██▉       | 580/2000 [41:38<47:20,  2.00s/it]Best trial: 576. Best value: 73.4108:  29%|██▉       | 581/2000 [41:38<3:12:33,  8.14s/it]                                                                                          Best trial: 576. Best value: 73.4108:  29%|██▉       | 581/2000 [41:38<3:12:33,  8.14s/it]                                                                                          Best trial: 576. Best value: 73.4108:  29%|██▉       | 581/2000 [41:38<3:12:33,  8.14s/it]                                                                                          Best trial: 576. Best value: 73.4108:  29%|██▉       | 581/2000 [41:38<3:12:33,  8.14s/it]Best trial: 576. Best value: 73.4108:  29%|██▉       | 581/2000 [41:38<3:12:33,  8.14s/it]Best trial: 576. Best value: 73.4108:  29%|██▉       | 582/2000 [41:38<3:12:25,  8.14s/it]Best trial: 576. Best value: 73.4108:  29%|██▉       | 583/2000 [41:38<3:12:17,  8.14s/it]                                                                                          Best trial: 576. Best value: 73.4108:  29%|██▉       | 584/2000 [41:38<3:12:09,  8.14s/it]                                                                                          Best trial: 576. Best value: 73.4108:  29%|██▉       | 584/2000 [41:38<3:12:09,  8.14s/it]Best trial: 576. Best value: 73.4108:  29%|██▉       | 584/2000 [41:38<3:12:09,  8.14s/it]Best trial: 576. Best value: 73.4108:  29%|██▉       | 585/2000 [41:38<1:42:18,  4.34s/it]Best trial: 576. Best value: 73.4108:  29%|██▉       | 585/2000 [41:38<1:42:18,  4.34s/it]                                                                                          Best trial: 576. Best value: 73.4108:  29%|██▉       | 586/2000 [41:38<1:42:14,  4.34s/it]                                                                                          Best trial: 576. Best value: 73.4108:  29%|██▉       | 586/2000 [41:38<1:42:14,  4.34s/it]Best trial: 576. Best value: 73.4108:  29%|██▉       | 586/2000 [41:38<1:42:14,  4.34s/it]Best trial: 576. Best value: 73.4108:  29%|██▉       | 587/2000 [41:38<1:17:01,  3.27s/it]Best trial: 576. Best value: 73.4108:  29%|██▉       | 587/2000 [41:38<1:17:01,  3.27s/it]                                                                                          Best trial: 576. Best value: 73.4108:  29%|██▉       | 588/2000 [41:38<1:16:58,  3.27s/it]Best trial: 576. Best value: 73.4108:  29%|██▉       | 588/2000 [41:38<1:16:58,  3.27s/it]Best trial: 576. Best value: 73.4108:  29%|██▉       | 589/2000 [41:38<57:59,  2.47s/it]                                                                                          Best trial: 576. Best value: 73.4108:  29%|██▉       | 589/2000 [41:38<57:59,  2.47s/it]Best trial: 576. Best value: 73.4108:  29%|██▉       | 589/2000 [41:38<57:59,  2.47s/it]Best trial: 576. Best value: 73.4108:  30%|██▉       | 590/2000 [41:51<57:56,  2.47s/it]                                                                                        Best trial: 576. Best value: 73.4108:  30%|██▉       | 590/2000 [42:23<57:56,  2.47s/it]Best trial: 576. Best value: 73.4108:  30%|██▉       | 590/2000 [42:23<57:56,  2.47s/it]Best trial: 576. Best value: 73.4108:  30%|██▉       | 591/2000 [42:23<3:05:21,  7.89s/it]                                                                                          Best trial: 576. Best value: 73.4108:  30%|██▉       | 591/2000 [42:23<3:05:21,  7.89s/it]Best trial: 576. Best value: 73.4108:  30%|██▉       | 591/2000 [42:23<3:05:21,  7.89s/it]Best trial: 576. Best value: 73.4108:  30%|██▉       | 592/2000 [42:23<2:35:54,  6.64s/it]                                                                                          Best trial: 576. Best value: 73.4108:  30%|██▉       | 592/2000 [42:23<2:35:54,  6.64s/it]Best trial: 576. Best value: 73.4108:  30%|██▉       | 592/2000 [42:23<2:35:54,  6.64s/it]                                                                                          Best trial: 576. Best value: 73.4108:  30%|██▉       | 593/2000 [42:23<2:35:47,  6.64s/it]Best trial: 576. Best value: 73.4108:  30%|██▉       | 593/2000 [42:23<2:35:47,  6.64s/it]Best trial: 576. Best value: 73.4108:  30%|██▉       | 594/2000 [42:23<1:46:33,  4.55s/it]                                                                                          [I 2026-04-01 11:46:14,625] Trial 572 finished with value: 79.08013886660603 and parameters: {'alpha_0': 17727.405141096093, 'alpha_1': 1268.5514875993822, 'alpha_2': 32.71275734334278, 'beta_0': 0.20315561848754082, 'beta_1': 0.672620006327094, 'beta_2': 0.9562634103217369, 'beta_3': 0.729598705710178, 'beta_4': 87.8191369170311, 'beta_5': 269.64867680799034, 'beta_6': 98.18243291556757}. Best is trial 576 with value: 73.41078608586943.
[I 2026-04-01 11:46:14,645] Trial 579 finished with value: 76.90504869080323 and parameters: {'alpha_0': 14414.342908224653, 'alpha_1': 1319.5639582653391, 'alpha_2': 31.691306792179688, 'beta_0': 0.30616353009075603, 'beta_1': 0.670723048258178, 'beta_2': 0.949102012830408, 'beta_3': 0.8362544825648937, 'beta_4': 85.8020030949229, 'beta_5': 159.36227719104406, 'beta_6': 99.13767869979695}. Best is trial 576 with value: 73.41078608586943.
[I 2026-04-01 11:46:15,149] Trial 577 finished with value: 169.12692067338833 and parameters: {'alpha_0': 15740.601193727147, 'alpha_1': 1239.592346653041, 'alpha_2': 28.22242763780092, 'beta_0': 0.20170813696978707, 'beta_1': 0.6662847795127845, 'beta_2': 2.7426024922338264, 'beta_3': 0.6764441445360452, 'beta_4': 85.51521702615025, 'beta_5': 184.09218097288942, 'beta_6': 97.84659939005645}. Best is trial 576 with value: 73.41078608586943.
[I 2026-04-01 11:46:15,245] Trial 578 finished with value: 74.79598114333538 and parameters: {'alpha_0': 14294.215715491688, 'alpha_1': 1243.4352336628274, 'alpha_2': 33.189531846065044, 'beta_0': 0.20124498898082416, 'beta_1': 0.6683222518775038, 'beta_2': 0.9454681877240461, 'beta_3': 0.6533695361425077, 'beta_4': 89.83322297166852, 'beta_5': 181.83772381213166, 'beta_6': 100.3995124962227}. Best is trial 576 with value: 73.41078608586943.
