Best trial: 957. Best value: 71.3843:  66%|██████▌   | 1314/2000 [1:35:14<1:03:30,  5.55s/it]Best trial: 957. Best value: 71.3843:  66%|██████▌   | 1314/2000 [1:35:14<1:03:30,  5.55s/it]Best trial: 957. Best value: 71.3843:  66%|██████▌   | 1315/2000 [1:35:14<37:59,  3.33s/it]                                                                                             Best trial: 957. Best value: 71.3843:  66%|██████▌   | 1315/2000 [1:35:15<37:59,  3.33s/it]Best trial: 957. Best value: 71.3843:  66%|██████▌   | 1315/2000 [1:35:15<37:59,  3.33s/it]Best trial: 957. Best value: 71.3843:  66%|██████▌   | 1316/2000 [1:35:15<30:18,  2.66s/it]                                                                                           Best trial: 957. Best value: 71.3843:  66%|██████▌   | 1316/2000 [1:35:15<30:18,  2.66s/it]Best trial: 957. Best value: 71.3843:  66%|██████▌   | 1316/2000 [1:35:15<30:18,  2.66s/it]                                                                                           Best trial: 957. Best value: 71.3843:  66%|██████▌   | 1317/2000 [1:35:15<30:15,  2.66s/it]Best trial: 957. Best value: 71.3843:  66%|██████▌   | 1317/2000 [1:35:15<30:15,  2.66s/it]Best trial: 957. Best value: 71.3843:  66%|██████▌   | 1318/2000 [1:35:15<18:48,  1.66s/it]                                                                                           Best trial: 957. Best value: 71.3843:  66%|██████▌   | 1318/2000 [1:35:15<18:48,  1.66s/it]Best trial: 957. Best value: 71.3843:  66%|██████▌   | 1318/2000 [1:35:15<18:48,  1.66s/it]                                                                                           Best trial: 957. Best value: 71.3843:  66%|██████▌   | 1319/2000 [1:35:16<18:47,  1.66s/it]Best trial: 957. Best value: 71.3843:  66%|██████▌   | 1319/2000 [1:35:16<18:47,  1.66s/it]Best trial: 957. Best value: 71.3843:  66%|██████▌   | 1320/2000 [1:35:16<13:46,  1.21s/it]                                                                                           Best trial: 957. Best value: 71.3843:  66%|██████▌   | 1320/2000 [1:35:55<13:46,  1.21s/it]Best trial: 957. Best value: 71.3843:  66%|██████▌   | 1320/2000 [1:35:55<13:46,  1.21s/it]Best trial: 957. Best value: 71.3843:  66%|██████▌   | 1321/2000 [1:35:55<1:42:08,  9.03s/it]                                                                                             Best trial: 957. Best value: 71.3843:  66%|██████▌   | 1321/2000 [1:35:55<1:42:08,  9.03s/it]Best trial: 957. Best value: 71.3843:  66%|██████▌   | 1321/2000 [1:35:55<1:42:08,  9.03s/it]Best trial: 957. Best value: 71.3843:  66%|██████▌   | 1322/2000 [1:35:55<1:19:23,  7.03s/it]                                                                                             Best trial: 957. Best value: 71.3843:  66%|██████▌   | 1322/2000 [1:35:56<1:19:23,  7.03s/it]Best trial: 957. Best value: 71.3843:  66%|██████▌   | 1322/2000 [1:35:56<1:19:23,  7.03s/it]Best trial: 957. Best value: 71.3843:  66%|██████▌   | 1323/2000 [1:35:56<1:00:32,  5.37s/it]                                                                                             Best trial: 957. Best value: 71.3843:  66%|██████▌   | 1323/2000 [1:35:56<1:00:32,  5.37s/it]Best trial: 957. Best value: 71.3843:  66%|██████▌   | 1323/2000 [1:35:56<1:00:32,  5.37s/it]Best trial: 957. Best value: 71.3843:  66%|██████▌   | 1324/2000 [1:35:56<45:26,  4.03s/it]                                                                                             Best trial: 957. Best value: 71.3843:  66%|██████▌   | 1324/2000 [1:35:56<45:26,  4.03s/it]Best trial: 957. Best value: 71.3843:  66%|██████▌   | 1324/2000 [1:35:56<45:26,  4.03s/it]                                                                                           Best trial: 957. Best value: 71.3843:  66%|██████▋   | 1325/2000 [1:35:56<33:31,  2.98s/it]Best trial: 957. Best value: 71.3843:  66%|██████▋   | 1325/2000 [1:35:56<33:31,  2.98s/it]Best trial: 957. Best value: 71.3843:  66%|██████▋   | 1325/2000 [1:35:56<33:31,  2.98s/it]                                                                                           Best trial: 957. Best value: 71.3843:  66%|██████▋   | 1326/2000 [1:35:56<33:28,  2.98s/it]Best trial: 957. Best value: 71.3843:  66%|██████▋   | 1326/2000 [1:35:56<33:28,  2.98s/it]Best trial: 957. Best value: 71.3843:  66%|██████▋   | 1327/2000 [1:35:56<19:17,  1.72s/it]                                                                                           Best trial: 957. Best value: 71.3843:  66%|██████▋   | 1327/2000 [1:35:56<19:17,  1.72s/it]Best trial: 957. Best value: 71.3843:  66%|██████▋   | 1327/2000 [1:35:56<19:17,  1.72s/it]Best trial: 957. Best value: 71.3843:  66%|██████▋   | 1328/2000 [1:35:56<15:03,  1.34s/it]                                                                                           Best trial: 957. Best value: 71.3843:  66%|██████▋   | 1328/2000 [1:35:57<15:03,  1.34s/it]Best trial: 957. Best value: 71.3843:  66%|██████▋   | 1328/2000 [1:35:57<15:03,  1.34s/it]Best trial: 957. Best value: 71.3843:  66%|██████▋   | 1329/2000 [1:35:57<12:23,  1.11s/it]                                                                                           Best trial: 957. Best value: 71.3843:  66%|██████▋   | 1329/2000 [1:35:57<12:23,  1.11s/it]Best trial: 957. Best value: 71.3843:  66%|██████▋   | 1329/2000 [1:35:57<12:23,  1.11s/it]Best trial: 957. Best value: 71.3843:  66%|██████▋   | 1330/2000 [1:35:57<09:42,  1.15it/s]                                                                                           Best trial: 957. Best value: 71.3843:  66%|██████▋   | 1330/2000 [1:36:36<09:42,  1.15it/s]Best trial: 957. Best value: 71.3843:  66%|██████▋   | 1330/2000 [1:36:36<09:42,  1.15it/s]Best trial: 957. Best value: 71.3843:  67%|██████▋   | 1331/2000 [1:36:36<2:07:30, 11.44s/it]                                                                                             Best trial: 957. Best value: 71.3843:  67%|██████▋   | 1331/2000 [1:36:36<2:07:30, 11.44s/it]Best trial: 957. Best value: 71.3843:  67%|██████▋   | 1331/2000 [1:36:36<2:07:30, 11.44s/it]Best trial: 957. Best value: 71.3843:  67%|██████▋   | 1332/2000 [1:36:36<1:32:20,  8.29s/it]                                                                                             [I 2026-04-01 12:40:35,623] Trial 1318 finished with value: 73.29479820646932 and parameters: {'alpha_0': 16150.921085266647, 'alpha_1': 4754.541152515977, 'alpha_2': 45.971899210489, 'beta_0': 0.20099599342216437, 'beta_1': 1.6830563418454343, 'beta_2': 1.5434108723151232, 'beta_3': 0.3124249240548522, 'beta_4': 49.662002829310325, 'beta_5': 36.563804970614896, 'beta_6': 242.67154512388743}. Best is trial 957 with value: 71.38427157687855.
[I 2026-04-01 12:40:35,991] Trial 1314 finished with value: 76.27969988963466 and parameters: {'alpha_0': 15441.524240296752, 'alpha_1': 6063.722460839338, 'alpha_2': 44.58756040488654, 'beta_0': 0.2482559974674669, 'beta_1': 1.6946995898019246, 'beta_2': 1.5700653440928656, 'beta_3': 0.2546039671404436, 'beta_4': 66.3599008182079, 'beta_5': 16.535505992903865, 'beta_6': 384.9400618134409}. Best is trial 957 with value: 71.38427157687855.
[I 2026-04-01 12:40:36,043] Trial 1312 finished with value: 73.84399725953055 and parameters: {'alpha_0': 16553.028800194807, 'alpha_1': 5394.573674478375, 'alpha_2': 42.702822746031465, 'beta_0': 0.25197543425858987, 'beta_1': 1.6878572449395117, 'beta_2': 1.5523098483541586, 'beta_3': 0.1870405208495205, 'beta_4': 59.058139399463776, 'beta_5': 0.059687054490025204, 'beta_6': 451.27791298091216}. Best is trial 957 with value: 71.38427157687855.
[I 2026-04-01 12:40:36,192] Trial 1316 finished with value: 1056.0726225564492 and parameters: {'alpha_0': 15470.732351007844, 'alpha_1': 4715.025452272145, 'alpha_2': 43.03502069942946, 'beta_0': 2.205687082615656, 'beta_1': 1.6922979618580551, 'beta_2': 1.3754284516669915, 'beta_3': 0.34755359755312837, 'beta_4': 48.128207816718145, 'beta_5': 36.660406279110276, 'beta_6': 315.2424933222565}. Best is trial 957 with value: 71.38427157687855.
[I 2026-04-01 12:40:36,271] Trial 1315 finished with value: 1051.1307603621897 and parameters: {'alpha_0': 33261.05980838337, 'alpha_1': 4976.903929269276, 'alpha_2': 42.89781461959227, 'beta_0': 2.226940627348135, 'beta_1': 1.703609057800997, 'beta_2': 1.369907100241734, 'beta_3': 0.293054308923423, 'beta_4': 49.26720434752108, 'beta_5': 19.6469999424739, 'beta_6': 298.63052332193723}. Best is trial 957 with value: 71.38427157687855.
[I 2026-04-01 12:40:37,056] Trial 1319 finished with value: 72.2325274807877 and parameters: {'alpha_0': 16546.55208835342, 'alpha_1': 4918.912683427678, 'alpha_2': 39.24111872335788, 'beta_0': 0.20242533866939297, 'beta_1': 1.6935196714960896, 'beta_2': 1.3944707309297428, 'beta_3': 0.08065897823786758, 'beta_4': 47.63931112853515, 'beta_5': 19.422176520649344, 'beta_6': 465.47030743591324}. Best is trial 957 with value: 71.38427157687855.
[I 2026-04-01 12:41:16,519] Trial 1324 finished with value: 99.04928740064457 and parameters: {'alpha_0': 16654.31993562553, 'alpha_1': 3957.9849153502373, 'alpha_2': 46.06468826863006, 'beta_0': 0.4005588452448513, 'beta_1': 1.7118644517274197, 'beta_2': 1.4025837631377807, 'beta_3': 0.16805448796912006, 'beta_4': 67.15164961426716, 'beta_5': 0.18936257466633877, 'beta_6': 253.18532551791148}. Best is trial 957 with value: 71.38427157687855.
[I 2026-04-01 12:41:16,690] Trial 1323 finished with value: 72.90933491848948 and parameters: {'alpha_0': 16299.800022022475, 'alpha_1': 4627.45377315928, 'alpha_2': 45.68263550539262, 'beta_0': 0.20067496644987137, 'beta_1': 1.6930460968807088, 'beta_2': 1.3875246588415049, 'beta_3': 0.17358390594198828, 'beta_4': 49.73328036217455, 'beta_5': 40.79997253197879, 'beta_6': 298.14006023144896}. Best is trial 957 with value: 71.38427157687855.
[I 2026-04-01 12:41:16,909] Trial 1325 finished with value: 73.57552096016732 and parameters: {'alpha_0': 16451.523208908126, 'alpha_1': 5395.654674362739, 'alpha_2': 42.95832183808729, 'beta_0': 0.20154874949632084, 'beta_1': 1.5744109800989972, 'beta_2': 1.3954310139909336, 'beta_3': 0.08508433533015544, 'beta_4': 75.98758001861022, 'beta_5': 31.459485527471376, 'beta_6': 278.7199179179895}. Best is trial 957 with value: 71.38427157687855.
[I 2026-04-01 12:41:17,120] Trial 1321 finished with value: 99.60512598281824 and parameters: {'alpha_0': 16466.170871189657, 'alpha_1': 4778.9934180939445, 'alpha_2': 42.73577321234241, 'beta_0': 0.4154873050107838, 'beta_1': 1.6937060575265208, 'beta_2': 1.3838151910539593, 'beta_3': 0.3635894868965795, 'beta_4': 48.26380772850995, 'beta_5': 35.654007107607114, 'beta_6': 304.1199441492942}. Best is trial 957 with value: 71.38427157687855.
[I 2026-04-01 12:41:17,241] Trial 1320 finished with value: 1002.7070851238619 and parameters: {'alpha_0': 16678.293568696972, 'alpha_1': 4491.365949872672, 'alpha_2': 42.7178780774229, 'beta_0': 2.2278668122311984, 'beta_1': 1.70741411540242, 'beta_2': 1.386806220806935, 'beta_3': 0.08820221388742606, 'beta_4': 59.681774895727294, 'beta_5': 36.216229728078595, 'beta_6': 289.08549151399467}. Best is trial 957 with value: 71.38427157687855.
[I 2026-04-01 12:41:17,252] Trial 1326 finished with value: 103.8291465200717 and parameters: {'alpha_0': 16672.95038135345, 'alpha_1': 4721.857360791105, 'alpha_2': 47.79337426496684, 'beta_0': 0.41502443211585877, 'beta_1': 1.8684043677846145, 'beta_2': 1.37936631843758, 'beta_3': 0.07938042676170853, 'beta_4': 47.491230152283514, 'beta_5': 31.866857813863845, 'beta_6': 288.7892046806179}. Best is trial 957 with value: 71.38427157687855.
[I 2026-04-01 12:41:17,396] Trial 1328 finished with value: 103.58999707645793 and parameters: {'alpha_0': 16281.490674437113, 'alpha_1': 4456.176686045111, 'alpha_2': 48.12251897423025, 'beta_0': 0.41259885239995076, 'beta_1': 1.8524430943599932, 'beta_2': 1.4202269527678921, 'beta_3': 0.1474568260049764, 'beta_4': 59.09464393070036, 'beta_5': 0.25327349933442456, 'beta_6': 250.0023112016458}. Best is trial 957 with value: 71.38427157687855.
[I 2026-04-01 12:41:17,543] Trial 1322 finished with value: 1013.5439562498791 and parameters: {'alpha_0': 16465.022094491196, 'alpha_1': 5233.538091308658, 'alpha_2': 45.88209878488996, 'beta_0': 2.2147317936712234, 'beta_1': 1.7211820688714972, 'beta_2': 1.3861816632682544, 'beta_3': 0.09550578654351274, 'beta_4': 50.28420482136387, 'beta_5': 39.03377299873645, 'beta_6': 317.6738383636307}. Best is trial 957 with value: 71.38427157687855.
[I 2026-04-01 12:41:17,961] Trial 1327 finished with value: 110.83010893312542 and parameters: {'alpha_0': 16606.517869812684, 'alpha_1': 4839.270834252539, 'alpha_2': 45.979571244746786, 'beta_0': 0.41457792737245086, 'beta_1': 1.5990247864035423, 'beta_2': 1.4377690189260255, 'beta_3': 0.15103351031661888, 'beta_4': 75.49312560281716, 'beta_5': 10.772837872579254, 'beta_6': 476.09892849342987}. Best is trial 957 with value: 71.38427157687855.
[I 2026-04-01 12:41:18,172] Trial 1329 finished with value: 140.1953190485775 and parameters: {'alpha_0': 18013.624203178202, 'alpha_1': 4493.297149355689, 'alpha_2': 41.49303774506832, 'beta_0': 0.4049118981091948, 'beta_1': 1.5731864885594113, 'beta_2': 1.4380328515635092, 'beta_3': 0.1725447915916738, 'beta_4': 153.77187212888919, 'beta_5': 40.78741531977388, 'beta_6': 278.4287796445828}. Best is trial 957 with value: 71.38427157687855.
[I 2026-04-01 12:41:57,467] Trial 1330 finished with value: 74.30198068370679 and parameters: {'alpha_0': 18753.85581883473, 'alpha_1': 4731.732907053082, 'alpha_2': 41.38535476058009, 'beta_0': 0.20121309053626346, 'beta_1': 1.5587489425422132, 'beta_2': 1.4437852130845068, 'beta_3': 0.052807519971722984, 'beta_4': 49.30752417016874, 'beta_5': 37.57192270251828, 'beta_6': 297.1511063428386}. Best is trial 957 with value: 71.38427157687855.
[I 2026-04-01 12:41:57,763] Trial 1331 finished with value: 74.03448367912499 and parameters: {'alpha_0': 18475.692890472557, 'alpha_1': 4485.515716123962, 'alpha_2': 39.11180250888717, 'beta_0': 0.2001950298895969, 'beta_1': 1.5735280592496872, 'beta_2': 1.4606071792347832, 'beta_3': 0.42709651659019177, 'beta_4': 49.40132055109722, 'beta_5': 34.39258407953358, 'beta_6': 258.48941585522215}. Best is trial 957 with value: 71.38427157687855.
Best trial: 957. Best value: 71.3843:  67%|██████▋   | 1332/2000 [1:36:37<1:32:20,  8.29s/it]Best trial: 957. Best value: 71.3843:  67%|██████▋   | 1332/2000 [1:36:37<1:32:20,  8.29s/it]Best trial: 957. Best value: 71.3843:  67%|██████▋   | 1333/2000 [1:36:37<1:06:33,  5.99s/it]                                                                                             Best trial: 957. Best value: 71.3843:  67%|██████▋   | 1333/2000 [1:36:37<1:06:33,  5.99s/it]Best trial: 957. Best value: 71.3843:  67%|██████▋   | 1333/2000 [1:36:37<1:06:33,  5.99s/it]                                                                                             Best trial: 957. Best value: 71.3843:  67%|██████▋   | 1334/2000 [1:36:37<1:06:27,  5.99s/it]                                                                                             Best trial: 957. Best value: 71.3843:  67%|██████▋   | 1334/2000 [1:36:37<1:06:27,  5.99s/it]Best trial: 957. Best value: 71.3843:  67%|██████▋   | 1334/2000 [1:36:37<1:06:27,  5.99s/it]Best trial: 957. Best value: 71.3843:  67%|██████▋   | 1335/2000 [1:36:37<1:06:21,  5.99s/it]Best trial: 957. Best value: 71.3843:  67%|██████▋   | 1336/2000 [1:36:37<29:56,  2.71s/it]                                                                                             Best trial: 957. Best value: 71.3843:  67%|██████▋   | 1336/2000 [1:36:37<29:56,  2.71s/it]Best trial: 957. Best value: 71.3843:  67%|██████▋   | 1336/2000 [1:36:37<29:56,  2.71s/it]                                                                                           Best trial: 957. Best value: 71.3843:  67%|██████▋   | 1337/2000 [1:36:37<29:53,  2.71s/it]Best trial: 957. Best value: 71.3843:  67%|██████▋   | 1337/2000 [1:36:37<29:53,  2.71s/it]Best trial: 957. Best value: 71.3843:  67%|██████▋   | 1338/2000 [1:36:37<20:00,  1.81s/it]                                                                                           Best trial: 957. Best value: 71.3843:  67%|██████▋   | 1338/2000 [1:36:37<20:00,  1.81s/it]Best trial: 957. Best value: 71.3843:  67%|██████▋   | 1338/2000 [1:36:37<20:00,  1.81s/it]                                                                                           Best trial: 957. Best value: 71.3843:  67%|██████▋   | 1339/2000 [1:36:38<19:59,  1.81s/it]Best trial: 957. Best value: 71.3843:  67%|██████▋   | 1339/2000 [1:36:38<19:59,  1.81s/it]Best trial: 957. Best value: 71.3843:  67%|██████▋   | 1340/2000 [1:36:38<14:27,  1.31s/it]                                                                                           Best trial: 957. Best value: 71.3843:  67%|██████▋   | 1340/2000 [1:37:17<14:27,  1.31s/it]Best trial: 957. Best value: 71.3843:  67%|██████▋   | 1340/2000 [1:37:17<14:27,  1.31s/it]Best trial: 957. Best value: 71.3843:  67%|██████▋   | 1341/2000 [1:37:17<1:35:07,  8.66s/it]                                                                                             Best trial: 957. Best value: 71.3843:  67%|██████▋   | 1341/2000 [1:37:18<1:35:07,  8.66s/it]Best trial: 957. Best value: 71.3843:  67%|██████▋   | 1341/2000 [1:37:18<1:35:07,  8.66s/it]Best trial: 957. Best value: 71.3843:  67%|██████▋   | 1342/2000 [1:37:18<1:16:04,  6.94s/it]                                                                                             Best trial: 957. Best value: 71.3843:  67%|██████▋   | 1342/2000 [1:37:18<1:16:04,  6.94s/it]Best trial: 957. Best value: 71.3843:  67%|██████▋   | 1342/2000 [1:37:18<1:16:04,  6.94s/it]                                                                                             Best trial: 957. Best value: 71.3843:  67%|██████▋   | 1343/2000 [1:37:18<1:15:57,  6.94s/it]Best trial: 957. Best value: 71.3843:  67%|██████▋   | 1343/2000 [1:37:18<1:15:57,  6.94s/it]                                                                                             Best trial: 957. Best value: 71.3843:  67%|██████▋   | 1344/2000 [1:37:18<1:15:50,  6.94s/it]                                                                                             Best trial: 957. Best value: 71.3843:  67%|██████▋   | 1344/2000 [1:37:18<1:15:50,  6.94s/it]Best trial: 957. Best value: 71.3843:  67%|██████▋   | 1344/2000 [1:37:18<1:15:50,  6.94s/it]Best trial: 957. Best value: 71.3843:  67%|██████▋   | 1345/2000 [1:37:18<39:57,  3.66s/it]  Best trial: 957. Best value: 71.3843:  67%|██████▋   | 1345/2000 [1:37:18<39:57,  3.66s/it]                                                                                           Best trial: 957. Best value: 71.3843:  67%|██████▋   | 1346/2000 [1:37:18<39:54,  3.66s/it]                                                                                           Best trial: 957. Best value: 71.3843:  67%|██████▋   | 1346/2000 [1:37:18<39:54,  3.66s/it]Best trial: 957. Best value: 71.3843:  67%|██████▋   | 1346/2000 [1:37:18<39:54,  3.66s/it]Best trial: 957. Best value: 71.3843:  67%|██████▋   | 1347/2000 [1:37:18<39:50,  3.66s/it]                                                                                           Best trial: 957. Best value: 71.3843:  67%|██████▋   | 1348/2000 [1:37:18<39:46,  3.66s/it]Best trial: 957. Best value: 71.3843:  67%|██████▋   | 1348/2000 [1:37:19<39:46,  3.66s/it]Best trial: 957. Best value: 71.3843:  67%|██████▋   | 1349/2000 [1:37:19<20:59,  1.94s/it]                                                                                           Best trial: 957. Best value: 71.3843:  67%|██████▋   | 1349/2000 [1:37:19<20:59,  1.94s/it]Best trial: 957. Best value: 71.3843:  67%|██████▋   | 1349/2000 [1:37:19<20:59,  1.94s/it]Best trial: 957. Best value: 71.3843:  68%|██████▊   | 1350/2000 [1:37:32<20:57,  1.94s/it]                                                                                           [I 2026-04-01 12:41:58,026] Trial 1332 finished with value: 90.73037804525372 and parameters: {'alpha_0': 18603.495152712218, 'alpha_1': 4974.189773572461, 'alpha_2': 40.350943083135896, 'beta_0': 0.37685468193769855, 'beta_1': 1.8608051561018388, 'beta_2': 1.4366344674119516, 'beta_3': 0.04452641514828964, 'beta_4': 39.993136129051386, 'beta_5': 28.604460468681587, 'beta_6': 284.5393814969176}. Best is trial 957 with value: 71.38427157687855.
[I 2026-04-01 12:41:58,090] Trial 1338 finished with value: 82.925457952298 and parameters: {'alpha_0': 19309.431787533566, 'alpha_1': 9450.756924184248, 'alpha_2': 40.753464158763485, 'beta_0': 0.2974385525997925, 'beta_1': 1.7622496712930444, 'beta_2': 1.4478689190007374, 'beta_3': 0.08070405978554358, 'beta_4': 52.960061762142175, 'beta_5': 23.674783560844148, 'beta_6': 255.9868815537108}. Best is trial 957 with value: 71.38427157687855.
[I 2026-04-01 12:41:58,113] Trial 1333 finished with value: 82.83562980907152 and parameters: {'alpha_0': 18377.629143881244, 'alpha_1': 4787.224790889094, 'alpha_2': 39.46549155186191, 'beta_0': 0.3623978519808668, 'beta_1': 1.8564407985458258, 'beta_2': 1.4425602809647613, 'beta_3': 0.08222473817753398, 'beta_4': 41.08469430243342, 'beta_5': 27.147092210458847, 'beta_6': 285.9726995243279}. Best is trial 957 with value: 71.38427157687855.
