Best trial: 341. Best value: 73.8033:  20%|█▉        | 394/2000 [28:02<3:28:40,  7.80s/it]                                                                                          Best trial: 341. Best value: 73.8033:  20%|█▉        | 394/2000 [28:02<3:28:40,  7.80s/it]Best trial: 341. Best value: 73.8033:  20%|█▉        | 394/2000 [28:02<3:28:40,  7.80s/it]Best trial: 341. Best value: 73.8033:  20%|█▉        | 395/2000 [28:02<3:28:32,  7.80s/it]Best trial: 341. Best value: 73.8033:  20%|█▉        | 396/2000 [28:02<3:28:24,  7.80s/it]                                                                                          Best trial: 341. Best value: 73.8033:  20%|█▉        | 397/2000 [28:02<3:28:16,  7.80s/it]Best trial: 341. Best value: 73.8033:  20%|█▉        | 397/2000 [28:02<3:28:16,  7.80s/it]Best trial: 341. Best value: 73.8033:  20%|█▉        | 398/2000 [28:02<1:21:50,  3.06s/it]Best trial: 341. Best value: 73.8033:  20%|█▉        | 398/2000 [28:02<1:21:50,  3.06s/it]                                                                                          Best trial: 341. Best value: 73.8033:  20%|█▉        | 399/2000 [28:03<1:21:47,  3.06s/it]Best trial: 341. Best value: 73.8033:  20%|█▉        | 399/2000 [28:03<1:21:47,  3.06s/it]Best trial: 341. Best value: 73.8033:  20%|██        | 400/2000 [28:20<1:21:43,  3.06s/it]                                                                                          Best trial: 341. Best value: 73.8033:  20%|██        | 400/2000 [28:44<1:21:43,  3.06s/it]Best trial: 341. Best value: 73.8033:  20%|██        | 400/2000 [28:44<1:21:43,  3.06s/it]Best trial: 341. Best value: 73.8033:  20%|██        | 401/2000 [28:44<2:38:36,  5.95s/it]                                                                                          Best trial: 341. Best value: 73.8033:  20%|██        | 401/2000 [28:44<2:38:36,  5.95s/it]Best trial: 341. Best value: 73.8033:  20%|██        | 401/2000 [28:44<2:38:36,  5.95s/it]                                                                                          Best trial: 341. Best value: 73.8033:  20%|██        | 402/2000 [28:44<2:38:30,  5.95s/it]                                                                                          Best trial: 341. Best value: 73.8033:  20%|██        | 402/2000 [28:44<2:38:30,  5.95s/it]Best trial: 341. Best value: 73.8033:  20%|██        | 402/2000 [28:44<2:38:30,  5.95s/it]                                                                                          Best trial: 341. Best value: 73.8033:  20%|██        | 403/2000 [28:44<2:06:22,  4.75s/it]Best trial: 341. Best value: 73.8033:  20%|██        | 403/2000 [28:44<2:06:22,  4.75s/it]Best trial: 341. Best value: 73.8033:  20%|██        | 403/2000 [28:44<2:06:22,  4.75s/it]Best trial: 341. Best value: 73.8033:  20%|██        | 404/2000 [28:44<2:06:17,  4.75s/it]                                                                                          Best trial: 341. Best value: 73.8033:  20%|██        | 405/2000 [28:44<2:06:13,  4.75s/it]Best trial: 341. Best value: 73.8033:  20%|██        | 405/2000 [28:44<2:06:13,  4.75s/it]Best trial: 341. Best value: 73.8033:  20%|██        | 406/2000 [28:44<1:27:55,  3.31s/it]                                                                                          Best trial: 341. Best value: 73.8033:  20%|██        | 406/2000 [28:44<1:27:55,  3.31s/it]                                                                                          Best trial: 341. Best value: 73.8033:  20%|██        | 406/2000 [28:44<1:27:55,  3.31s/it]Best trial: 341. Best value: 73.8033:  20%|██        | 406/2000 [28:44<1:27:55,  3.31s/it]Best trial: 341. Best value: 73.8033:  20%|██        | 407/2000 [28:44<1:27:51,  3.31s/it]                                                                                          Best trial: 341. Best value: 73.8033:  20%|██        | 408/2000 [28:44<1:27:48,  3.31s/it]Best trial: 341. Best value: 73.8033:  20%|██        | 408/2000 [28:44<1:27:48,  3.31s/it]Best trial: 341. Best value: 73.8033:  20%|██        | 409/2000 [28:44<1:02:05,  2.34s/it]                                                                                          Best trial: 341. Best value: 73.8033:  20%|██        | 409/2000 [28:44<1:02:05,  2.34s/it]Best trial: 341. Best value: 73.8033:  20%|██        | 409/2000 [28:44<1:02:05,  2.34s/it]Best trial: 341. Best value: 73.8033:  20%|██        | 410/2000 [29:00<1:02:03,  2.34s/it]                                                                                          Best trial: 341. Best value: 73.8033:  20%|██        | 410/2000 [29:24<1:02:03,  2.34s/it]Best trial: 341. Best value: 73.8033:  20%|██        | 410/2000 [29:24<1:02:03,  2.34s/it]Best trial: 341. Best value: 73.8033:  21%|██        | 411/2000 [29:24<2:46:00,  6.27s/it]                                                                                          Best trial: 341. Best value: 73.8033:  21%|██        | 411/2000 [29:24<2:46:00,  6.27s/it]                                                                                          Best trial: 341. Best value: 73.8033:  21%|██        | 411/2000 [29:24<2:46:00,  6.27s/it]Best trial: 341. Best value: 73.8033:  21%|██        | 411/2000 [29:24<2:46:00,  6.27s/it]Best trial: 341. Best value: 73.8033:  21%|██        | 412/2000 [29:24<2:23:44,  5.43s/it]Best trial: 341. Best value: 73.8033:  21%|██        | 412/2000 [29:24<2:23:44,  5.43s/it]                                                                                          Best trial: 341. Best value: 73.8033:  21%|██        | 413/2000 [29:24<2:23:38,  5.43s/it]Best trial: 341. Best value: 73.8033:  21%|██        | 413/2000 [29:24<2:23:38,  5.43s/it]Best trial: 341. Best value: 73.8033:  21%|██        | 414/2000 [29:24<1:43:22,  3.91s/it]                                                                                          [I 2026-04-01 11:33:23,685] Trial 396 finished with value: 76.75541045199137 and parameters: {'alpha_0': 18221.628662621282, 'alpha_1': 1208.9807664649193, 'alpha_2': 27.69750161452388, 'beta_0': 0.24662714980690897, 'beta_1': 0.7828767490588631, 'beta_2': 0.7686340955962871, 'beta_3': 1.0152545678469107, 'beta_4': 106.67289204733162, 'beta_5': 136.15403064316027, 'beta_6': 117.23367947560018}. Best is trial 341 with value: 73.80326667868428.
[I 2026-04-01 11:33:23,704] Trial 395 finished with value: 76.65441608736097 and parameters: {'alpha_0': 18095.61872556923, 'alpha_1': 2134.9427977068854, 'alpha_2': 27.554463588073528, 'beta_0': 0.24363216134056012, 'beta_1': 0.784530941843659, 'beta_2': 0.7888958903209045, 'beta_3': 1.0092308885003305, 'beta_4': 107.5784874776956, 'beta_5': 132.38998506108652, 'beta_6': 128.01860699813088}. Best is trial 341 with value: 73.80326667868428.
[I 2026-04-01 11:33:23,766] Trial 392 finished with value: 75.76202975917458 and parameters: {'alpha_0': 18748.493077524952, 'alpha_1': 2182.386277665229, 'alpha_2': 2.829794777839349, 'beta_0': 0.2006857043661715, 'beta_1': 0.7781217307588935, 'beta_2': 0.7843948710305012, 'beta_3': 1.0826140696443283, 'beta_4': 106.77471300028286, 'beta_5': 167.68972177036798, 'beta_6': 87.55747953015268}. Best is trial 341 with value: 73.80326667868428.
[I 2026-04-01 11:33:24,221] Trial 397 finished with value: 75.0112611013064 and parameters: {'alpha_0': 18162.716684409745, 'alpha_1': 1186.3220988775724, 'alpha_2': 27.660996081581843, 'beta_0': 0.20069647872433255, 'beta_1': 0.7575588644620085, 'beta_2': 0.7901603171215548, 'beta_3': 0.9973671895034136, 'beta_4': 107.5079289898573, 'beta_5': 134.17520582475282, 'beta_6': 112.05224595976958}. Best is trial 341 with value: 73.80326667868428.
[I 2026-04-01 11:34:04,891] Trial 406 finished with value: 76.37005326366136 and parameters: {'alpha_0': 19825.67379678514, 'alpha_1': 1936.8053233338003, 'alpha_2': 2.1813089443335985, 'beta_0': 0.20441359009213939, 'beta_1': 0.825591929507175, 'beta_2': 0.6592376922443632, 'beta_3': 1.1040201524038613, 'beta_4': 106.85148176102271, 'beta_5': 177.2581684347194, 'beta_6': 72.87926027419451}. Best is trial 341 with value: 73.80326667868428.
[I 2026-04-01 11:34:04,897] Trial 404 finished with value: 80.65338643236137 and parameters: {'alpha_0': 19560.473813072756, 'alpha_1': 3663.131017895954, 'alpha_2': 24.714045722335282, 'beta_0': 0.20202293344878924, 'beta_1': 0.8296517846387378, 'beta_2': 0.9452692055366556, 'beta_3': 1.1046445959217661, 'beta_4': 108.89475358017886, 'beta_5': 176.25424280847585, 'beta_6': 63.187664399079196}. Best is trial 341 with value: 73.80326667868428.
[I 2026-04-01 11:34:05,069] Trial 402 finished with value: 80.1926803967952 and parameters: {'alpha_0': 19790.18269054654, 'alpha_1': 1963.8558955491262, 'alpha_2': 15.702957240515774, 'beta_0': 0.2000375468149559, 'beta_1': 0.823188164670953, 'beta_2': 0.961159664180674, 'beta_3': 1.121012899525378, 'beta_4': 107.12850942315424, 'beta_5': 176.1952186357492, 'beta_6': 71.35544303447716}. Best is trial 341 with value: 73.80326667868428.
[I 2026-04-01 11:34:05,071] Trial 409 finished with value: 77.04368175129883 and parameters: {'alpha_0': 19745.80557162697, 'alpha_1': 7046.689820826972, 'alpha_2': 0.5406610236885552, 'beta_0': 0.20038728953689153, 'beta_1': 0.8170508956706828, 'beta_2': 0.6237491796505121, 'beta_3': 0.9387317246136406, 'beta_4': 106.7675539346441, 'beta_5': 156.02540752893813, 'beta_6': 61.78367301920108}. Best is trial 341 with value: 73.80326667868428.
[I 2026-04-01 11:34:05,076] Trial 400 finished with value: 178.3270179414016 and parameters: {'alpha_0': 17151.518645118773, 'alpha_1': 1562.3360608280684, 'alpha_2': 24.872245090161698, 'beta_0': 0.20203049169381931, 'beta_1': 0.831071985720016, 'beta_2': 2.8482152052295127, 'beta_3': 0.8593177976334332, 'beta_4': 89.86966909721686, 'beta_5': 158.34160913573655, 'beta_6': 72.56683596976504}. Best is trial 341 with value: 73.80326667868428.
[I 2026-04-01 11:34:05,173] Trial 401 finished with value: 80.22532696351891 and parameters: {'alpha_0': 19523.539890201293, 'alpha_1': 2022.0331701248745, 'alpha_2': 2.4283197651664956, 'beta_0': 0.24506664520582824, 'beta_1': 0.817472564893146, 'beta_2': 0.624803701440347, 'beta_3': 1.107198688050161, 'beta_4': 106.77872270304408, 'beta_5': 111.17678968099031, 'beta_6': 71.0774145920423}. Best is trial 341 with value: 73.80326667868428.
[I 2026-04-01 11:34:05,307] Trial 405 finished with value: 89.23182687652404 and parameters: {'alpha_0': 19607.34175981429, 'alpha_1': 1971.7118524601542, 'alpha_2': 1.6050786269089432, 'beta_0': 0.249901848245634, 'beta_1': 1.2464594403006781, 'beta_2': 0.9511182101980794, 'beta_3': 1.1019380343271512, 'beta_4': 127.71248353448844, 'beta_5': 158.15868542165543, 'beta_6': 72.28880366581421}. Best is trial 341 with value: 73.80326667868428.
[I 2026-04-01 11:34:05,308] Trial 407 finished with value: 77.58378410054921 and parameters: {'alpha_0': 20318.723678019123, 'alpha_1': 3389.183606617542, 'alpha_2': 2.017076116865546, 'beta_0': 0.20400891468049098, 'beta_1': 0.9631208337350088, 'beta_2': 0.6195046521906095, 'beta_3': 1.1050087041057859, 'beta_4': 107.9871022369229, 'beta_5': 158.3004388733791, 'beta_6': 73.14657496765491}. Best is trial 341 with value: 73.80326667868428.
[I 2026-04-01 11:34:05,569] Trial 403 finished with value: 102.04232522805631 and parameters: {'alpha_0': 20033.193239531913, 'alpha_1': 1952.453950135225, 'alpha_2': 1.6120445875444895, 'beta_0': 0.25114463482084076, 'beta_1': 0.9727412869228973, 'beta_2': 0.9536027685440517, 'beta_3': 1.1105445104711837, 'beta_4': 106.98437982307169, 'beta_5': 292.5257501049415, 'beta_6': 60.01803397765609}. Best is trial 341 with value: 73.80326667868428.
[I 2026-04-01 11:34:05,638] Trial 408 finished with value: 86.96791830461159 and parameters: {'alpha_0': 20337.59041495604, 'alpha_1': 2057.707078954008, 'alpha_2': 0.3212994857895217, 'beta_0': 0.25046070991081654, 'beta_1': 0.8188064848990838, 'beta_2': 0.9523125136669566, 'beta_3': 1.5460676130684465, 'beta_4': 112.40373834624397, 'beta_5': 160.41375317659976, 'beta_6': 71.75958081082595}. Best is trial 341 with value: 73.80326667868428.
[I 2026-04-01 11:34:45,243] Trial 412 finished with value: 80.41006611180612 and parameters: {'alpha_0': 17237.522216782105, 'alpha_1': 818.7696262181008, 'alpha_2': 28.392530951133914, 'beta_0': 0.28337848261300347, 'beta_1': 0.9673216516042238, 'beta_2': 0.7301504264156086, 'beta_3': 0.9204134890098781, 'beta_4': 99.17266644295076, 'beta_5': 158.78258086734735, 'beta_6': 109.64434203970717}. Best is trial 341 with value: 73.80326667868428.
[I 2026-04-01 11:34:45,446] Trial 413 finished with value: 83.7734900907445 and parameters: {'alpha_0': 16803.12264885932, 'alpha_1': 2934.702836075774, 'alpha_2': 1.1512984575400416, 'beta_0': 0.300565339423705, 'beta_1': 0.6481242138079536, 'beta_2': 0.7233178408178497, 'beta_3': 1.0891999883189671, 'beta_4': 98.20920424084248, 'beta_5': 107.53892530578577, 'beta_6': 91.84912259683436}. Best is trial 341 with value: 73.80326667868428.
[I 2026-04-01 11:34:45,449] Trial 411 finished with value: 80.56058235500124 and parameters: {'alpha_0': 17108.418688103597, 'alpha_1': 1517.8895498298743, 'alpha_2': 1.7967833445630421, 'beta_0': 0.25557110976417113, 'beta_1': 0.6603230840289787, 'beta_2': 0.5946226308865269, 'beta_3': 0.9255209641117591, 'beta_4': 105.66677011780489, 'beta_5': 111.00590585508313, 'beta_6': 150.90512573094247}. Best is trial 341 with value: 73.80326667868428.
[I 2026-04-01 11:34:45,567] Trial 416 finished with value: 81.83740454535555 and parameters: {'alpha_0': 16898.809738254866, 'alpha_1': 2925.7422033184525, 'alpha_2': 29.861018428216855, 'beta_0': 0.303422101828963, 'beta_1': 0.6634820615214478, 'beta_2': 0.7010460928614017, 'beta_3': 0.9182882686177452, 'beta_4': 97.59861385310037, 'beta_5': 124.09575252008133, 'beta_6': 107.93148026882436}. Best is trial 341 with value: 73.80326667868428.
Best trial: 341. Best value: 73.8033:  21%|██        | 414/2000 [29:24<1:43:22,  3.91s/it]Best trial: 341. Best value: 73.8033:  21%|██        | 414/2000 [29:24<1:43:22,  3.91s/it]                                                                                          Best trial: 341. Best value: 73.8033:  21%|██        | 415/2000 [29:25<1:43:18,  3.91s/it]Best trial: 341. Best value: 73.8033:  21%|██        | 415/2000 [29:25<1:43:18,  3.91s/it]Best trial: 341. Best value: 73.8033:  21%|██        | 416/2000 [29:25<1:16:01,  2.88s/it]                                                                                          Best trial: 341. Best value: 73.8033:  21%|██        | 416/2000 [29:25<1:16:01,  2.88s/it]Best trial: 341. Best value: 73.8033:  21%|██        | 416/2000 [29:25<1:16:01,  2.88s/it]                                                                                          Best trial: 341. Best value: 73.8033:  21%|██        | 417/2000 [29:25<1:15:59,  2.88s/it]Best trial: 341. Best value: 73.8033:  21%|██        | 417/2000 [29:25<1:15:59,  2.88s/it]Best trial: 341. Best value: 73.8033:  21%|██        | 418/2000 [29:25<55:07,  2.09s/it]                                                                                          Best trial: 341. Best value: 73.8033:  21%|██        | 418/2000 [29:26<55:07,  2.09s/it]Best trial: 341. Best value: 73.8033:  21%|██        | 418/2000 [29:26<55:07,  2.09s/it]Best trial: 341. Best value: 73.8033:  21%|██        | 419/2000 [29:26<47:31,  1.80s/it]                                                                                        Best trial: 341. Best value: 73.8033:  21%|██        | 419/2000 [29:26<47:31,  1.80s/it]Best trial: 341. Best value: 73.8033:  21%|██        | 419/2000 [29:26<47:31,  1.80s/it]Best trial: 341. Best value: 73.8033:  21%|██        | 420/2000 [29:26<41:19,  1.57s/it]                                                                                        Best trial: 341. Best value: 73.8033:  21%|██        | 420/2000 [30:05<41:19,  1.57s/it]Best trial: 341. Best value: 73.8033:  21%|██        | 420/2000 [30:05<41:19,  1.57s/it]Best trial: 341. Best value: 73.8033:  21%|██        | 421/2000 [30:05<4:14:29,  9.67s/it]                                                                                          Best trial: 341. Best value: 73.8033:  21%|██        | 421/2000 [30:05<4:14:29,  9.67s/it]Best trial: 341. Best value: 73.8033:  21%|██        | 421/2000 [30:05<4:14:29,  9.67s/it]Best trial: 341. Best value: 73.8033:  21%|██        | 422/2000 [30:05<3:16:36,  7.48s/it]                                                                                          Best trial: 341. Best value: 73.8033:  21%|██        | 422/2000 [30:05<3:16:36,  7.48s/it]Best trial: 341. Best value: 73.8033:  21%|██        | 422/2000 [30:05<3:16:36,  7.48s/it]Best trial: 341. Best value: 73.8033:  21%|██        | 423/2000 [30:05<2:28:54,  5.67s/it]                                                                                          Best trial: 341. Best value: 73.8033:  21%|██        | 423/2000 [30:06<2:28:54,  5.67s/it]Best trial: 341. Best value: 73.8033:  21%|██        | 423/2000 [30:06<2:28:54,  5.67s/it]                                                                                          Best trial: 341. Best value: 73.8033:  21%|██        | 424/2000 [30:06<2:28:48,  5.67s/it]Best trial: 341. Best value: 73.8033:  21%|██        | 424/2000 [30:06<2:28:48,  5.67s/it]Best trial: 341. Best value: 73.8033:  21%|██▏       | 425/2000 [30:06<1:26:39,  3.30s/it]                                                                                          Best trial: 341. Best value: 73.8033:  21%|██▏       | 425/2000 [30:06<1:26:39,  3.30s/it]Best trial: 341. Best value: 73.8033:  21%|██▏       | 425/2000 [30:06<1:26:39,  3.30s/it]Best trial: 341. Best value: 73.8033:  21%|██▏       | 426/2000 [30:06<1:07:13,  2.56s/it]                                                                                          Best trial: 341. Best value: 73.8033:  21%|██▏       | 426/2000 [30:06<1:07:13,  2.56s/it]                                                                                          Best trial: 341. Best value: 73.8033:  21%|██▏       | 426/2000 [30:06<1:07:13,  2.56s/it]Best trial: 341. Best value: 73.8033:  21%|██▏       | 426/2000 [30:06<1:07:13,  2.56s/it]Best trial: 341. Best value: 73.8033:  21%|██▏       | 427/2000 [30:06<52:28,  2.00s/it]  Best trial: 341. Best value: 73.8033:  21%|██▏       | 427/2000 [30:06<52:28,  2.00s/it]                                                                                        Best trial: 341. Best value: 73.8033:  21%|██▏       | 428/2000 [30:07<52:26,  2.00s/it]Best trial: 341. Best value: 73.8033:  21%|██▏       | 428/2000 [30:07<52:26,  2.00s/it]Best trial: 341. Best value: 73.8033:  21%|██▏       | 429/2000 [30:07<34:57,  1.34s/it]                                                                                        Best trial: 341. Best value: 73.8033:  21%|██▏       | 429/2000 [30:08<34:57,  1.34s/it]Best trial: 341. Best value: 73.8033:  21%|██▏       | 429/2000 [30:08<34:57,  1.34s/it]Best trial: 341. Best value: 73.8033:  22%|██▏       | 430/2000 [30:08<32:30,  1.24s/it]                                                                                        Best trial: 341. Best value: 73.8033:  22%|██▏       | 430/2000 [30:45<32:30,  1.24s/it]Best trial: 341. Best value: 73.8033:  22%|██▏       | 430/2000 [30:45<32:30,  1.24s/it]Best trial: 341. Best value: 73.8033:  22%|██▏       | 431/2000 [30:45<4:27:04, 10.21s/it]                                                                                          Best trial: 341. Best value: 73.8033:  22%|██▏       | 431/2000 [30:46<4:27:04, 10.21s/it]Best trial: 341. Best value: 73.8033:  22%|██▏       | 431/2000 [30:46<4:27:04, 10.21s/it]Best trial: 341. Best value: 73.8033:  22%|██▏       | 432/2000 [30:46<3:20:52,  7.69s/it]                                                                                          [I 2026-04-01 11:34:45,801] Trial 410 finished with value: 244.82237581522662 and parameters: {'alpha_0': 17010.20082624705, 'alpha_1': 851.5256249606751, 'alpha_2': 1.2469849187651492, 'beta_0': 0.7268036673888174, 'beta_1': 0.6788127519836344, 'beta_2': 0.7709014645059805, 'beta_3': 0.9495591124314365, 'beta_4': 105.07788288260824, 'beta_5': 113.47758117592352, 'beta_6': 71.70236786657809}. Best is trial 341 with value: 73.80326667868428.
[I 2026-04-01 11:34:46,231] Trial 414 finished with value: 1400.5448983507142 and parameters: {'alpha_0': 17022.887416011723, 'alpha_1': 1536.2800097583804, 'alpha_2': 1.3874392168133063, 'beta_0': 2.9044638005004186, 'beta_1': 0.9577886866094039, 'beta_2': 0.7245753375436554, 'beta_3': 0.9321121533245764, 'beta_4': 98.24904192297102, 'beta_5': 116.40430628001563, 'beta_6': 107.8886691315688}. Best is trial 341 with value: 73.80326667868428.
[I 2026-04-01 11:34:46,490] Trial 418 finished with value: 932.802865468576 and parameters: {'alpha_0': 17006.08559181307, 'alpha_1': 825.0146490282942, 'alpha_2': 28.664566865176223, 'beta_0': 2.0430759729174084, 'beta_1': 0.6656762735116456, 'beta_2': 0.7469093765521085, 'beta_3': 0.9797765280457316, 'beta_4': 97.99650603553518, 'beta_5': 157.6387503452626, 'beta_6': 109.6156149739418}. Best is trial 341 with value: 73.80326667868428.
[I 2026-04-01 11:34:46,576] Trial 419 finished with value: 554.7259310824608 and parameters: {'alpha_0': 23040.87368256859, 'alpha_1': 807.7389138296082, 'alpha_2': 28.621825764414382, 'beta_0': 1.3447421604505827, 'beta_1': 1.4523773582847173, 'beta_2': 0.724761539280403, 'beta_3': 0.9347040042896478, 'beta_4': 97.50757233026357, 'beta_5': 118.16539387419618, 'beta_6': 92.8931681803189}. Best is trial 341 with value: 73.80326667868428.
