[I 2026-04-01 11:20:11,149] Trial 200 finished with value: 81.62946433447739 and parameters: {'alpha_0': 13795.527965526355, 'alpha_1': 1746.116493606582, 'alpha_2': 25.58700236598668, 'beta_0': 0.2605778191377833, 'beta_1': 0.43787697312786344, 'beta_2': 1.0036853845488152, 'beta_3': 1.0289552115368714, 'beta_4': 88.65400098742363, 'beta_5': 210.26970920422795, 'beta_6': 45.07750729203329}. Best is trial 196 with value: 76.0344611527489.
[I 2026-04-01 11:20:11,174] Trial 204 finished with value: 96.00881744281156 and parameters: {'alpha_0': 14450.85116575694, 'alpha_1': 1430.5739624027246, 'alpha_2': 25.658555470623813, 'beta_0': 0.37934819616052573, 'beta_1': 0.41326884915829537, 'beta_2': 1.0161543494989116, 'beta_3': 1.0207961127099852, 'beta_4': 90.14054384195359, 'beta_5': 209.50680526183046, 'beta_6': 53.644491673083955}. Best is trial 196 with value: 76.0344611527489.
[I 2026-04-01 11:20:11,251] Trial 201 finished with value: 82.95421263785462 and parameters: {'alpha_0': 14543.0141132051, 'alpha_1': 1747.8634152117525, 'alpha_2': 25.198172345505565, 'beta_0': 0.25972753742002713, 'beta_1': 0.4669055106295435, 'beta_2': 1.0310711107237314, 'beta_3': 1.0195946327108807, 'beta_4': 89.53103893110371, 'beta_5': 193.72504320052386, 'beta_6': 25.905818763612587}. Best is trial 196 with value: 76.0344611527489.
[I 2026-04-01 11:20:11,511] Trial 203 finished with value: 89.17729563732229 and parameters: {'alpha_0': 14499.605681122403, 'alpha_1': 777.1985144183587, 'alpha_2': 25.18468954596322, 'beta_0': 0.38658470118274013, 'beta_1': 0.5458981155272762, 'beta_2': 1.0371800009200445, 'beta_3': 1.0304825184379436, 'beta_4': 98.25559574789514, 'beta_5': 188.9724996973198, 'beta_6': 62.54164145956834}. Best is trial 196 with value: 76.0344611527489.
[I 2026-04-01 11:20:11,991] Trial 207 finished with value: 103.68556042128054 and parameters: {'alpha_0': 13678.963240433992, 'alpha_1': 1391.799770867964, 'alpha_2': 22.749425364882924, 'beta_0': 0.3780746080006624, 'beta_1': 0.5666140567169299, 'beta_2': 1.0287552248038176, 'beta_3': 1.098859825132199, 'beta_4': 106.7435004251879, 'beta_5': 206.85710204446906, 'beta_6': 32.97684322013008}. Best is trial 196 with value: 76.0344611527489.
[I 2026-04-01 11:20:12,032] Trial 209 finished with value: 91.34655831854869 and parameters: {'alpha_0': 12997.05991935336, 'alpha_1': 1988.0362089573778, 'alpha_2': 21.943454840037028, 'beta_0': 0.37348853468830234, 'beta_1': 0.4159531536833092, 'beta_2': 1.0282379142343814, 'beta_3': 1.0888346581206487, 'beta_4': 108.16363711594784, 'beta_5': 181.5105696988205, 'beta_6': 66.7307506492204}. Best is trial 196 with value: 76.0344611527489.
[I 2026-04-01 11:20:12,040] Trial 208 finished with value: 106.64521533554596 and parameters: {'alpha_0': 14612.90700335157, 'alpha_1': 1911.9098523683656, 'alpha_2': 22.231317239514592, 'beta_0': 0.381710797776468, 'beta_1': 0.4356879783277181, 'beta_2': 1.0345673107661852, 'beta_3': 0.9905052352737107, 'beta_4': 108.16297347603032, 'beta_5': 187.53248667309455, 'beta_6': 57.321914038733496}. Best is trial 196 with value: 76.0344611527489.
[I 2026-04-01 11:20:12,206] Trial 205 finished with value: 351.84611890641935 and parameters: {'alpha_0': 14105.87801403483, 'alpha_1': 781.0891492476428, 'alpha_2': 24.739609327229495, 'beta_0': 0.9032574062227113, 'beta_1': 0.4094097979323949, 'beta_2': 1.0239867659163535, 'beta_3': 1.025235457863831, 'beta_4': 98.70243701225122, 'beta_5': 204.65910233225787, 'beta_6': 55.12882166723168}. Best is trial 196 with value: 76.0344611527489.
[I 2026-04-01 11:20:53,948] Trial 210 finished with value: 105.50472511884256 and parameters: {'alpha_0': 13254.86295114247, 'alpha_1': 1948.6424732588744, 'alpha_2': 21.735449497779662, 'beta_0': 0.36117713398692375, 'beta_1': 0.4419374029338636, 'beta_2': 1.0221793262708847, 'beta_3': 0.9305756007589765, 'beta_4': 98.39087513725434, 'beta_5': 211.14518700220768, 'beta_6': 67.83300692602579}. Best is trial 196 with value: 76.0344611527489.
[I 2026-04-01 11:20:54,005] Trial 215 finished with value: 75.17621723176225 and parameters: {'alpha_0': 16465.70601331366, 'alpha_1': 1991.1971827837845, 'alpha_2': 26.791502572019322, 'beta_0': 0.20023325908875866, 'beta_1': 0.7114736722573394, 'beta_2': 0.9281198758781584, 'beta_3': 1.0772045938695398, 'beta_4': 107.22459197542207, 'beta_5': 172.82861679952683, 'beta_6': 11.387487466130622}. Best is trial 215 with value: 75.17621723176225.
[I 2026-04-01 11:20:54,011] Trial 214 finished with value: 74.22893415223656 and parameters: {'alpha_0': 13022.884121532596, 'alpha_1': 1887.7328820689606, 'alpha_2': 22.323603731394137, 'beta_0': 0.21163618545875135, 'beta_1': 0.5670692675641925, 'beta_2': 0.9550615757982774, 'beta_3': 1.0909942888130288, 'beta_4': 100.03688336714883, 'beta_5': 181.1009742826536, 'beta_6': 65.94718038783131}. Best is trial 214 with value: 74.22893415223656.
[I 2026-04-01 11:20:54,176] Trial 213 finished with value: 75.38960906457541 and parameters: {'alpha_0': 13001.301872396294, 'alpha_1': 1973.6106027782616, 'alpha_2': 22.691496158037335, 'beta_0': 0.2053490249858501, 'beta_1': 0.5649773752650139, 'beta_2': 0.9311556668866355, 'beta_3': 1.0882511989791348, 'beta_4': 98.21474145091737, 'beta_5': 180.34566522599775, 'beta_6': 62.479824348430476}. Best is trial 214 with value: 74.22893415223656.
[I 2026-04-01 11:20:54,270] Trial 216 finished with value: 75.98733735626763 and parameters: {'alpha_0': 17047.76823505366, 'alpha_1': 1968.7938361798963, 'alpha_2': 21.66570733859757, 'beta_0': 0.21675391949336792, 'beta_1': 0.696947837791133, 'beta_2': 0.9320936227336566, 'beta_3': 0.9298844805316113, 'beta_4': 67.35609969170746, 'beta_5': 176.39172127979734, 'beta_6': 68.04813735950395}. Best is trial 214 with value: 74.22893415223656.
[I 2026-04-01 11:20:54,572] Trial 211 finished with value: 363.6463613221643 and parameters: {'alpha_0': 16480.915059677238, 'alpha_1': 1988.6028809323598, 'alpha_2': 22.90301809097693, 'beta_0': 0.9177010399652591, 'beta_1': 0.5661188244638874, 'beta_2': 1.0281906647101717, 'beta_3': 1.0948805172203118, 'beta_4': 107.79424299785553, 'beta_5': 206.27751645745212, 'beta_6': 33.83933678661375}. Best is trial 214 with value: 74.22893415223656.
Best trial: 214. Best value: 74.2289:  11%|█         | 216/2000 [15:33<1:44:32,  3.52s/it]Best trial: 214. Best value: 74.2289:  11%|█         | 216/2000 [15:33<1:44:32,  3.52s/it]                                                                                          Best trial: 214. Best value: 74.2289:  11%|█         | 217/2000 [15:34<1:44:29,  3.52s/it]Best trial: 214. Best value: 74.2289:  11%|█         | 217/2000 [15:34<1:44:29,  3.52s/it]Best trial: 214. Best value: 74.2289:  11%|█         | 218/2000 [15:34<1:14:23,  2.50s/it]                                                                                          Best trial: 214. Best value: 74.2289:  11%|█         | 218/2000 [15:34<1:14:23,  2.50s/it]Best trial: 214. Best value: 74.2289:  11%|█         | 218/2000 [15:34<1:14:23,  2.50s/it]                                                                                          Best trial: 214. Best value: 74.2289:  11%|█         | 219/2000 [15:34<1:14:20,  2.50s/it]Best trial: 214. Best value: 74.2289:  11%|█         | 219/2000 [15:34<1:14:20,  2.50s/it]Best trial: 214. Best value: 74.2289:  11%|█         | 220/2000 [15:34<53:03,  1.79s/it]                                                                                          Best trial: 214. Best value: 74.2289:  11%|█         | 220/2000 [16:13<53:03,  1.79s/it]Best trial: 214. Best value: 74.2289:  11%|█         | 220/2000 [16:13<53:03,  1.79s/it]Best trial: 214. Best value: 74.2289:  11%|█         | 221/2000 [16:13<4:12:12,  8.51s/it]                                                                                          Best trial: 214. Best value: 74.2289:  11%|█         | 221/2000 [16:14<4:12:12,  8.51s/it]Best trial: 214. Best value: 74.2289:  11%|█         | 221/2000 [16:14<4:12:12,  8.51s/it]                                                                                          Best trial: 214. Best value: 74.2289:  11%|█         | 222/2000 [16:14<4:12:03,  8.51s/it]Best trial: 214. Best value: 74.2289:  11%|█         | 222/2000 [16:14<4:12:03,  8.51s/it]Best trial: 214. Best value: 74.2289:  11%|█         | 223/2000 [16:14<2:49:42,  5.73s/it]                                                                                          Best trial: 214. Best value: 74.2289:  11%|█         | 223/2000 [16:14<2:49:42,  5.73s/it]Best trial: 214. Best value: 74.2289:  11%|█         | 223/2000 [16:14<2:49:42,  5.73s/it]                                                                                          Best trial: 214. Best value: 74.2289:  11%|█         | 224/2000 [16:14<2:49:36,  5.73s/it]Best trial: 214. Best value: 74.2289:  11%|█         | 224/2000 [16:14<2:49:36,  5.73s/it]                                                                                          Best trial: 214. Best value: 74.2289:  11%|█▏        | 225/2000 [16:14<2:49:30,  5.73s/it]                                                                                          Best trial: 214. Best value: 74.2289:  11%|█▏        | 225/2000 [16:14<2:49:30,  5.73s/it]Best trial: 214. Best value: 74.2289:  11%|█▏        | 225/2000 [16:14<2:49:30,  5.73s/it]Best trial: 214. Best value: 74.2289:  11%|█▏        | 226/2000 [16:14<1:38:57,  3.35s/it]Best trial: 214. Best value: 74.2289:  11%|█▏        | 226/2000 [16:14<1:38:57,  3.35s/it]                                                                                          Best trial: 214. Best value: 74.2289:  11%|█▏        | 227/2000 [16:14<1:38:54,  3.35s/it]Best trial: 214. Best value: 74.2289:  11%|█▏        | 227/2000 [16:14<1:38:54,  3.35s/it]Best trial: 214. Best value: 74.2289:  11%|█▏        | 228/2000 [16:14<1:11:08,  2.41s/it]                                                                                          Best trial: 214. Best value: 74.2289:  11%|█▏        | 228/2000 [16:14<1:11:08,  2.41s/it]Best trial: 214. Best value: 74.2289:  11%|█▏        | 228/2000 [16:14<1:11:08,  2.41s/it]                                                                                          Best trial: 214. Best value: 74.2289:  11%|█▏        | 229/2000 [16:14<1:11:06,  2.41s/it]Best trial: 214. Best value: 74.2289:  11%|█▏        | 229/2000 [16:14<1:11:06,  2.41s/it]Best trial: 214. Best value: 74.2289:  12%|█▏        | 230/2000 [16:14<51:02,  1.73s/it]  Best trial: 214. Best value: 74.2289:  12%|█▏        | 230/2000 [16:30<51:02,  1.73s/it]                                                                                        Best trial: 214. Best value: 74.2289:  12%|█▏        | 230/2000 [16:55<51:02,  1.73s/it]                                                                                        Best trial: 214. Best value: 74.2289:  12%|█▏        | 230/2000 [16:55<51:02,  1.73s/it]Best trial: 214. Best value: 74.2289:  12%|█▏        | 230/2000 [16:55<51:02,  1.73s/it]Best trial: 214. Best value: 74.2289:  12%|█▏        | 231/2000 [16:55<4:05:44,  8.34s/it]Best trial: 214. Best value: 74.2289:  12%|█▏        | 232/2000 [16:55<5:59:55, 12.21s/it]Best trial: 214. Best value: 74.2289:  12%|█▏        | 232/2000 [16:55<5:59:55, 12.21s/it]                                                                                          Best trial: 214. Best value: 74.2289:  12%|█▏        | 232/2000 [16:55<5:59:55, 12.21s/it]                                                                                          Best trial: 214. Best value: 74.2289:  12%|█▏        | 232/2000 [16:55<5:59:55, 12.21s/it]Best trial: 214. Best value: 74.2289:  12%|█▏        | 232/2000 [16:55<5:59:55, 12.21s/it]Best trial: 214. Best value: 74.2289:  12%|█▏        | 233/2000 [16:55<5:59:43, 12.21s/it]                                                                                          [I 2026-04-01 11:20:54,604] Trial 212 finished with value: 328.3819996251894 and parameters: {'alpha_0': 12845.314856985908, 'alpha_1': 1983.845601059861, 'alpha_2': 22.734053998166527, 'beta_0': 0.9189062645104001, 'beta_1': 0.5700901310136205, 'beta_2': 0.9310750024959122, 'beta_3': 1.093924746326254, 'beta_4': 107.15148979825112, 'beta_5': 180.9887509531527, 'beta_6': 75.58753856513007}. Best is trial 214 with value: 74.22893415223656.
[I 2026-04-01 11:20:54,928] Trial 219 finished with value: 75.8475620040997 and parameters: {'alpha_0': 18446.6664240929, 'alpha_1': 982.1651975009213, 'alpha_2': 27.042242685314708, 'beta_0': 0.20617207988656772, 'beta_1': 0.7039139180141148, 'beta_2': 0.9543949533759637, 'beta_3': 0.9327069847556306, 'beta_4': 66.91565951087439, 'beta_5': 172.47767975157277, 'beta_6': 111.42942625158608}. Best is trial 214 with value: 74.22893415223656.
[I 2026-04-01 11:20:54,982] Trial 218 finished with value: 76.08474812147446 and parameters: {'alpha_0': 16533.448263429193, 'alpha_1': 1044.4100142454936, 'alpha_2': 27.002817318694493, 'beta_0': 0.2027227642984994, 'beta_1': 0.7191368723559282, 'beta_2': 0.9197672859231425, 'beta_3': 0.9281143398552522, 'beta_4': 82.31684340034957, 'beta_5': 175.33599425354453, 'beta_6': 13.079717528067746}. Best is trial 214 with value: 74.22893415223656.
[I 2026-04-01 11:20:55,195] Trial 217 finished with value: 77.6365776602118 and parameters: {'alpha_0': 17191.603129588235, 'alpha_1': 243.67301664810094, 'alpha_2': 26.99767977409131, 'beta_0': 0.22321496994866802, 'beta_1': 0.7269470295622503, 'beta_2': 0.9480830640129354, 'beta_3': 0.9289282722852634, 'beta_4': 67.53918309320252, 'beta_5': 173.3816598829229, 'beta_6': 16.11739045702187}. Best is trial 214 with value: 74.22893415223656.
[I 2026-04-01 11:21:34,833] Trial 221 finished with value: 75.35498121593734 and parameters: {'alpha_0': 16551.43762742724, 'alpha_1': 2431.9118561258574, 'alpha_2': 27.358852788656275, 'beta_0': 0.20628721723454038, 'beta_1': 0.6738039306602739, 'beta_2': 0.8994313057532866, 'beta_3': 1.0689056108428632, 'beta_4': 102.08714488783178, 'beta_5': 172.0353673391546, 'beta_6': 15.900491732958002}. Best is trial 214 with value: 74.22893415223656.
[I 2026-04-01 11:21:34,918] Trial 224 finished with value: 75.59433387765817 and parameters: {'alpha_0': 16788.452551949238, 'alpha_1': 1050.2679822641712, 'alpha_2': 21.323113540440705, 'beta_0': 0.21542505208574908, 'beta_1': 0.713783272520185, 'beta_2': 0.9240095971802779, 'beta_3': 1.0852584379199872, 'beta_4': 103.06295672671811, 'beta_5': 172.05993204461495, 'beta_6': 93.7653271193611}. Best is trial 214 with value: 74.22893415223656.
[I 2026-04-01 11:21:35,343] Trial 229 finished with value: 75.3011170294952 and parameters: {'alpha_0': 17638.654237146824, 'alpha_1': 1088.9035927355621, 'alpha_2': 23.583571090349626, 'beta_0': 0.20170369468469926, 'beta_1': 0.7085010023469289, 'beta_2': 0.9570400510826971, 'beta_3': 0.924350183494867, 'beta_4': 65.69590256566318, 'beta_5': 167.67939286984608, 'beta_6': 15.39351062586277}. Best is trial 214 with value: 74.22893415223656.
[I 2026-04-01 11:21:35,395] Trial 220 finished with value: 76.70971942589816 and parameters: {'alpha_0': 18552.769555814233, 'alpha_1': 1039.0001011875204, 'alpha_2': 26.558224062026184, 'beta_0': 0.2146294890772322, 'beta_1': 0.7055596124928731, 'beta_2': 0.9337696539160385, 'beta_3': 0.9368764080123916, 'beta_4': 82.95512089188135, 'beta_5': 174.54016247965825, 'beta_6': 75.54393293108531}. Best is trial 214 with value: 74.22893415223656.
[I 2026-04-01 11:21:35,417] Trial 222 finished with value: 75.32092883520522 and parameters: {'alpha_0': 16230.566606836492, 'alpha_1': 232.48761312819988, 'alpha_2': 27.19617970753514, 'beta_0': 0.20097916535080101, 'beta_1': 0.7068606042335477, 'beta_2': 0.9328778237202525, 'beta_3': 1.079207847508329, 'beta_4': 101.99133301303416, 'beta_5': 173.1025998902751, 'beta_6': 91.42900712272206}. Best is trial 214 with value: 74.22893415223656.
[I 2026-04-01 11:21:35,448] Trial 225 finished with value: 77.56451094675268 and parameters: {'alpha_0': 12542.907037098943, 'alpha_1': 230.88625962683386, 'alpha_2': 21.335778874187127, 'beta_0': 0.20680267274714456, 'beta_1': 0.6772888324457829, 'beta_2': 0.9264558405684898, 'beta_3': 1.06257600576242, 'beta_4': 66.49912894452011, 'beta_5': 171.4666110864015, 'beta_6': 94.70566119762763}. Best is trial 214 with value: 74.22893415223656.
[I 2026-04-01 11:21:35,465] Trial 226 finished with value: 77.50931411361125 and parameters: {'alpha_0': 18505.61063263334, 'alpha_1': 2053.2771641777417, 'alpha_2': 23.917566793460335, 'beta_0': 0.20842357012170049, 'beta_1': 0.7080900691557156, 'beta_2': 0.9307619273024575, 'beta_3': 1.0660597554078017, 'beta_4': 101.33101918988287, 'beta_5': 172.7469166692179, 'beta_6': 87.97957787349863}. Best is trial 214 with value: 74.22893415223656.
[I 2026-04-01 11:21:35,552] Trial 227 finished with value: 76.4785577535352 and parameters: {'alpha_0': 17950.986553203256, 'alpha_1': 270.69614933071273, 'alpha_2': 23.845020263356425, 'beta_0': 0.2014389716217535, 'beta_1': 0.7239366713074631, 'beta_2': 0.9398322589255126, 'beta_3': 1.074850926632283, 'beta_4': 66.71853639104349, 'beta_5': 166.0924888707537, 'beta_6': 17.07931117360082}. Best is trial 214 with value: 74.22893415223656.
[I 2026-04-01 11:21:35,608] Trial 223 finished with value: 75.3630183259684 and parameters: {'alpha_0': 16289.92670692455, 'alpha_1': 2043.6022667112272, 'alpha_2': 27.171662809168502, 'beta_0': 0.200103120380359, 'beta_1': 0.7451094007390247, 'beta_2': 0.9208267759647436, 'beta_3': 1.0866562496390584, 'beta_4': 102.55801519545285, 'beta_5': 170.39580218575952, 'beta_6': 14.431428320419272}. Best is trial 214 with value: 74.22893415223656.
[I 2026-04-01 11:21:35,697] Trial 228 finished with value: 75.88017577335384 and parameters: {'alpha_0': 17029.095782667104, 'alpha_1': 1030.7651140692715, 'alpha_2': 20.995120611909194, 'beta_0': 0.20619436706397634, 'beta_1': 0.7101963164463317, 'beta_2': 0.9311507242033343, 'beta_3': 1.0598576368917518, 'beta_4': 66.58885412900908, 'beta_5': 167.25355004648247, 'beta_6': 14.719054804931783}. Best is trial 214 with value: 74.22893415223656.
[I 2026-04-01 11:22:15,987] Trial 230 finished with value: 76.87206259888544 and parameters: {'alpha_0': 18600.113518187733, 'alpha_1': 1086.8111638596604, 'alpha_2': 20.81009667210849, 'beta_0': 0.2001789095468022, 'beta_1': 0.7206626777837524, 'beta_2': 0.9313073911488003, 'beta_3': 1.0555632113892972, 'beta_4': 102.683717293764, 'beta_5': 163.78778016710726, 'beta_6': 1.3267734739285562}. Best is trial 214 with value: 74.22893415223656.
[I 2026-04-01 11:22:15,992] Trial 231 finished with value: 76.19510356729515 and parameters: {'alpha_0': 18281.82925084928, 'alpha_1': 235.71287907998186, 'alpha_2': 23.698625229956512, 'beta_0': 0.20361277787677845, 'beta_1': 0.713877295557296, 'beta_2': 0.935473141397797, 'beta_3': 1.0594823051464215, 'beta_4': 102.66782867640507, 'beta_5': 165.29364159882755, 'beta_6': 89.25791173472507}. Best is trial 214 with value: 74.22893415223656.
[I 2026-04-01 11:22:16,042] Trial 237 finished with value: 76.62580146126362 and parameters: {'alpha_0': 18056.933083566015, 'alpha_1': 150.99904513247657, 'alpha_2': 23.68186610452063, 'beta_0': 0.21203864053382895, 'beta_1': 0.7234484771885051, 'beta_2': 0.9051838104306786, 'beta_3': 1.0690973631470948, 'beta_4': 103.14244414794376, 'beta_5': 164.92395944963204, 'beta_6': 10.411050417490884}. Best is trial 214 with value: 74.22893415223656.
[I 2026-04-01 11:22:16,044] Trial 236 finished with value: 76.20666069436388 and parameters: {'alpha_0': 17880.017051579343, 'alpha_1': 188.07272819287255, 'alpha_2': 20.584191863725348, 'beta_0': 0.20368804894510564, 'beta_1': 0.702584622203097, 'beta_2': 0.9254324065479174, 'beta_3': 1.0689121914276227, 'beta_4': 102.24087541282788, 'beta_5': 166.6791833011561, 'beta_6': 14.33534074442801}. Best is trial 214 with value: 74.22893415223656.
