[I 2026-04-01 12:02:56,983] Trial 799 finished with value: 78.61497155955254 and parameters: {'alpha_0': 9572.773706485601, 'alpha_1': 462.125602773625, 'alpha_2': 46.47454237332608, 'beta_0': 0.2863799376436091, 'beta_1': 1.520380989226777, 'beta_2': 1.4296420451529683, 'beta_3': 0.34585763969339667, 'beta_4': 56.704357919089176, 'beta_5': 69.32465675263741, 'beta_6': 179.31563380991716}. Best is trial 786 with value: 72.76648626742873.
[I 2026-04-01 12:02:56,992] Trial 797 finished with value: 75.3050081295876 and parameters: {'alpha_0': 10208.950013025456, 'alpha_1': 301.9722538733739, 'alpha_2': 48.75804837989857, 'beta_0': 0.2006123931194833, 'beta_1': 1.6839217116245282, 'beta_2': 1.4970803831971928, 'beta_3': 0.33698902117842694, 'beta_4': 58.18826899643329, 'beta_5': 80.50775996869938, 'beta_6': 171.02370479428768}. Best is trial 786 with value: 72.76648626742873.
[I 2026-04-01 12:02:57,337] Trial 795 finished with value: 73.40818415023475 and parameters: {'alpha_0': 14556.672395523874, 'alpha_1': 242.66103041614417, 'alpha_2': 48.07880975505523, 'beta_0': 0.2016428628476021, 'beta_1': 1.6283561977078864, 'beta_2': 1.363902172576534, 'beta_3': 0.354298497775679, 'beta_4': 61.934752315482434, 'beta_5': 66.44875356368162, 'beta_6': 168.86600764587948}. Best is trial 786 with value: 72.76648626742873.
[I 2026-04-01 12:03:39,102] Trial 800 finished with value: 74.19766682501607 and parameters: {'alpha_0': 11766.893001486847, 'alpha_1': 459.49905215471097, 'alpha_2': 48.62955664791072, 'beta_0': 0.20069129439539765, 'beta_1': 1.5738585214277976, 'beta_2': 1.3594207349115415, 'beta_3': 0.29658899592740695, 'beta_4': 55.8593277987605, 'beta_5': 72.0674838944785, 'beta_6': 176.3258877917972}. Best is trial 786 with value: 72.76648626742873.
[I 2026-04-01 12:03:39,124] Trial 801 finished with value: 77.09050336225926 and parameters: {'alpha_0': 14901.986051523201, 'alpha_1': 347.7995622700115, 'alpha_2': 47.04408058465157, 'beta_0': 0.28726204189629867, 'beta_1': 1.680175046484153, 'beta_2': 1.4821763458058468, 'beta_3': 0.3301407321693468, 'beta_4': 63.59978404705453, 'beta_5': 43.08125322016134, 'beta_6': 178.13602325330652}. Best is trial 786 with value: 72.76648626742873.
[I 2026-04-01 12:03:39,169] Trial 804 finished with value: 87.69783803793828 and parameters: {'alpha_0': 14957.668579947745, 'alpha_1': 403.42238831443143, 'alpha_2': 47.70656127622121, 'beta_0': 0.3528896108493753, 'beta_1': 1.5642957184130462, 'beta_2': 1.3342572860006232, 'beta_3': 0.3749385236446533, 'beta_4': 62.811452984934164, 'beta_5': 23.854179057193733, 'beta_6': 144.74511221348786}. Best is trial 786 with value: 72.76648626742873.
[I 2026-04-01 12:03:39,449] Trial 805 finished with value: 83.09777385250656 and parameters: {'alpha_0': 12147.54098347035, 'alpha_1': 174.76435663466805, 'alpha_2': 44.73846550429866, 'beta_0': 0.3393486559553448, 'beta_1': 1.7233256160646828, 'beta_2': 1.3895611295596553, 'beta_3': 0.3624267945281419, 'beta_4': 63.83237773640832, 'beta_5': 69.1085039757231, 'beta_6': 170.81907567419012}. Best is trial 786 with value: 72.76648626742873.
[I 2026-04-01 12:03:39,476] Trial 808 finished with value: 74.57760228574172 and parameters: {'alpha_0': 11937.928295499192, 'alpha_1': 215.00025450516006, 'alpha_2': 45.32165143316911, 'beta_0': 0.20213490280631033, 'beta_1': 1.5612553616292464, 'beta_2': 1.4056565390258022, 'beta_3': 0.3710744323931327, 'beta_4': 66.30231650624614, 'beta_5': 67.93544747024261, 'beta_6': 178.0577762456357}. Best is trial 786 with value: 72.76648626742873.
[I 2026-04-01 12:03:39,636] Trial 803 finished with value: 76.25924141807909 and parameters: {'alpha_0': 9552.107033017179, 'alpha_1': 471.0218202839287, 'alpha_2': 47.712356536492145, 'beta_0': 0.2015547647075895, 'beta_1': 1.635637524419127, 'beta_2': 1.4324806143129634, 'beta_3': 0.35823113289027564, 'beta_4': 53.840487298286526, 'beta_5': 73.65767948106958, 'beta_6': 177.95379459833399}. Best is trial 786 with value: 72.76648626742873.
[I 2026-04-01 12:03:39,650] Trial 806 finished with value: 73.46814307712447 and parameters: {'alpha_0': 12137.69468729381, 'alpha_1': 385.94210082125926, 'alpha_2': 43.93382839490452, 'beta_0': 0.2032388583804941, 'beta_1': 1.6195535318084848, 'beta_2': 1.3239526190004414, 'beta_3': 0.3754958984705546, 'beta_4': 48.484851219165236, 'beta_5': 69.55469227226844, 'beta_6': 167.9878124361049}. Best is trial 786 with value: 72.76648626742873.
[I 2026-04-01 12:03:39,788] Trial 802 finished with value: 81.12595046352725 and parameters: {'alpha_0': 14672.77838086187, 'alpha_1': 166.78606513596043, 'alpha_2': 47.396757240207556, 'beta_0': 0.2904483098420938, 'beta_1': 1.7189186679581434, 'beta_2': 1.4712804272059634, 'beta_3': 0.34723340654603907, 'beta_4': 52.22892499349582, 'beta_5': 68.0823222799657, 'beta_6': 177.03038180157125}. Best is trial 786 with value: 72.76648626742873.
[I 2026-04-01 12:03:40,303] Trial 809 finished with value: 73.64253222358367 and parameters: {'alpha_0': 14852.7510282651, 'alpha_1': 235.7088337169942, 'alpha_2': 47.26120360037005, 'beta_0': 0.20004567542398813, 'beta_1': 1.6406796143390037, 'beta_2': 1.3852694940489778, 'beta_3': 0.35962142746172626, 'beta_4': 52.52204099878303, 'beta_5': 53.875959959153604, 'beta_6': 179.87256108701112}. Best is trial 786 with value: 72.76648626742873.
[I 2026-04-01 12:03:40,668] Trial 807 finished with value: 1402.6779063150896 and parameters: {'alpha_0': 11857.677728336863, 'alpha_1': 262.92305614563793, 'alpha_2': 42.910494951682345, 'beta_0': 2.8758194754341164, 'beta_1': 1.6341072095406783, 'beta_2': 1.3925199358077398, 'beta_3': 0.3524078507506252, 'beta_4': 63.33848439841986, 'beta_5': 64.42552877635981, 'beta_6': 180.42699291803876}. Best is trial 786 with value: 72.76648626742873.
Best trial: 786. Best value: 72.7665:  40%|████      | 810/2000 [59:01<37:02,  1.87s/it]                                                                                        Best trial: 786. Best value: 72.7665:  40%|████      | 810/2000 [59:01<37:02,  1.87s/it]Best trial: 786. Best value: 72.7665:  40%|████      | 810/2000 [59:01<37:02,  1.87s/it]Best trial: 786. Best value: 72.7665:  41%|████      | 811/2000 [59:01<2:47:45,  8.47s/it]Best trial: 786. Best value: 72.7665:  41%|████      | 811/2000 [59:01<2:47:45,  8.47s/it]                                                                                          Best trial: 786. Best value: 72.7665:  41%|████      | 812/2000 [59:01<2:47:37,  8.47s/it]Best trial: 786. Best value: 72.7665:  41%|████      | 812/2000 [59:01<2:47:37,  8.47s/it]                                                                                          Best trial: 786. Best value: 72.7665:  41%|████      | 813/2000 [59:01<2:47:28,  8.47s/it]Best trial: 786. Best value: 72.7665:  41%|████      | 813/2000 [59:01<2:47:28,  8.47s/it]Best trial: 786. Best value: 72.7665:  41%|████      | 814/2000 [59:01<1:38:44,  4.99s/it]                                                                                          Best trial: 786. Best value: 72.7665:  41%|████      | 814/2000 [59:02<1:38:44,  4.99s/it]Best trial: 786. Best value: 72.7665:  41%|████      | 814/2000 [59:02<1:38:44,  4.99s/it]                                                                                          Best trial: 786. Best value: 72.7665:  41%|████      | 815/2000 [59:02<1:38:39,  4.99s/it]Best trial: 786. Best value: 72.7665:  41%|████      | 815/2000 [59:02<1:38:39,  4.99s/it]Best trial: 786. Best value: 72.7665:  41%|████      | 816/2000 [59:02<1:11:35,  3.63s/it]                                                                                          Best trial: 786. Best value: 72.7665:  41%|████      | 816/2000 [59:02<1:11:35,  3.63s/it]                                                                                          Best trial: 786. Best value: 72.7665:  41%|████      | 816/2000 [59:02<1:11:35,  3.63s/it]Best trial: 786. Best value: 72.7665:  41%|████      | 816/2000 [59:02<1:11:35,  3.63s/it]Best trial: 786. Best value: 72.7665:  41%|████      | 817/2000 [59:02<1:11:32,  3.63s/it]                                                                                          Best trial: 786. Best value: 72.7665:  41%|████      | 818/2000 [59:02<1:11:28,  3.63s/it]Best trial: 786. Best value: 72.7665:  41%|████      | 818/2000 [59:02<1:11:28,  3.63s/it]Best trial: 786. Best value: 72.7665:  41%|████      | 819/2000 [59:02<45:01,  2.29s/it]                                                                                          Best trial: 786. Best value: 72.7665:  41%|████      | 819/2000 [59:02<45:01,  2.29s/it]Best trial: 786. Best value: 72.7665:  41%|████      | 819/2000 [59:02<45:01,  2.29s/it]Best trial: 786. Best value: 72.7665:  41%|████      | 820/2000 [59:21<44:59,  2.29s/it]                                                                                        Best trial: 786. Best value: 72.7665:  41%|████      | 820/2000 [59:49<44:59,  2.29s/it]Best trial: 786. Best value: 72.7665:  41%|████      | 820/2000 [59:49<44:59,  2.29s/it]Best trial: 786. Best value: 72.7665:  41%|████      | 821/2000 [59:49<2:34:07,  7.84s/it]                                                                                          Best trial: 786. Best value: 72.7665:  41%|████      | 821/2000 [59:49<2:34:07,  7.84s/it]                                                                                          Best trial: 786. Best value: 72.7665:  41%|████      | 821/2000 [59:49<2:34:07,  7.84s/it]                                                                                          Best trial: 786. Best value: 72.7665:  41%|████      | 821/2000 [59:49<2:34:07,  7.84s/it]Best trial: 786. Best value: 72.7665:  41%|████      | 821/2000 [59:49<2:34:07,  7.84s/it]Best trial: 786. Best value: 72.7665:  41%|████      | 822/2000 [59:49<2:33:59,  7.84s/it]                                                                                          Best trial: 786. Best value: 72.7665:  41%|████      | 823/2000 [59:49<2:33:51,  7.84s/it]Best trial: 786. Best value: 72.7665:  41%|████      | 823/2000 [59:49<2:33:51,  7.84s/it]Best trial: 786. Best value: 72.7665:  41%|████      | 824/2000 [59:49<2:33:43,  7.84s/it]Best trial: 786. Best value: 72.7665:  41%|████▏     | 825/2000 [59:49<1:27:46,  4.48s/it]                                                                                          Best trial: 786. Best value: 72.7665:  41%|████▏     | 825/2000 [59:49<1:27:46,  4.48s/it]                                                                                          Best trial: 786. Best value: 72.7665:  41%|████▏     | 825/2000 [59:49<1:27:46,  4.48s/it]                                                                                          Best trial: 786. Best value: 72.7665:  41%|████▏     | 825/2000 [59:49<1:27:46,  4.48s/it]Best trial: 829. Best value: 72.1445:  41%|████▏     | 825/2000 [59:49<1:27:46,  4.48s/it]Best trial: 829. Best value: 72.1445:  41%|████▏     | 826/2000 [59:49<1:27:41,  4.48s/it]Best trial: 829. Best value: 72.1445:  41%|████▏     | 827/2000 [59:49<1:07:22,  3.45s/it]Best trial: 829. Best value: 72.1445:  41%|████▏     | 827/2000 [59:49<1:07:22,  3.45s/it]                                                                                          [I 2026-04-01 12:04:22,543] Trial 812 finished with value: 85.19736915816418 and parameters: {'alpha_0': 14981.525348186853, 'alpha_1': 162.8515692550435, 'alpha_2': 49.85131225310182, 'beta_0': 0.34746107371177104, 'beta_1': 1.6486452050525182, 'beta_2': 1.4308768443843778, 'beta_3': 0.3587951653763232, 'beta_4': 66.49467591397378, 'beta_5': 55.07309282260296, 'beta_6': 162.29847180414393}. Best is trial 786 with value: 72.76648626742873.
[I 2026-04-01 12:04:22,547] Trial 811 finished with value: 81.95510452937319 and parameters: {'alpha_0': 14413.305529558147, 'alpha_1': 207.83655391267735, 'alpha_2': 47.83293960533349, 'beta_0': 0.3443108759412858, 'beta_1': 1.7243600032414013, 'beta_2': 1.3595059870982324, 'beta_3': 0.38067296508569626, 'beta_4': 65.03561523180166, 'beta_5': 52.611404177248, 'beta_6': 167.88647230949064}. Best is trial 786 with value: 72.76648626742873.
[I 2026-04-01 12:04:22,600] Trial 814 finished with value: 75.3752504181449 and parameters: {'alpha_0': 15027.46716946464, 'alpha_1': 104.41897723394698, 'alpha_2': 43.241244237568, 'beta_0': 0.25468440446482454, 'beta_1': 1.6147332622665143, 'beta_2': 1.325406535792267, 'beta_3': 0.4004385478560944, 'beta_4': 67.55001855143726, 'beta_5': 51.345396455699785, 'beta_6': 164.12161695649158}. Best is trial 786 with value: 72.76648626742873.
[I 2026-04-01 12:04:22,785] Trial 813 finished with value: 75.40491704102436 and parameters: {'alpha_0': 14969.047702195581, 'alpha_1': 6833.6235219960745, 'alpha_2': 47.8210221437474, 'beta_0': 0.258401604112018, 'beta_1': 1.5143208204919867, 'beta_2': 1.3180761772443026, 'beta_3': 0.5646841604214187, 'beta_4': 68.61221894994463, 'beta_5': 50.35501837945016, 'beta_6': 168.54866937847967}. Best is trial 786 with value: 72.76648626742873.
[I 2026-04-01 12:04:23,107] Trial 810 finished with value: 84.73229966139466 and parameters: {'alpha_0': 15050.92482153407, 'alpha_1': 164.6323490269549, 'alpha_2': 49.56627670809956, 'beta_0': 0.35034691868041073, 'beta_1': 1.5980692709410154, 'beta_2': 1.4131630032220974, 'beta_3': 0.35807674988745375, 'beta_4': 63.64002376764437, 'beta_5': 30.978729897830583, 'beta_6': 168.34361889316986}. Best is trial 786 with value: 72.76648626742873.
[I 2026-04-01 12:04:23,113] Trial 819 finished with value: 75.03566202266403 and parameters: {'alpha_0': 13358.318908368086, 'alpha_1': 101.10630684043457, 'alpha_2': 45.541943467296115, 'beta_0': 0.26263516174731344, 'beta_1': 1.63566895212051, 'beta_2': 1.3409840839382505, 'beta_3': 0.3975169337280634, 'beta_4': 67.80017984575316, 'beta_5': 62.77486737640341, 'beta_6': 163.5442524950289}. Best is trial 786 with value: 72.76648626742873.
[I 2026-04-01 12:04:23,178] Trial 818 finished with value: 74.02693913845334 and parameters: {'alpha_0': 13416.623522856147, 'alpha_1': 67.09009531247426, 'alpha_2': 42.023638063142364, 'beta_0': 0.262620663842069, 'beta_1': 1.6473454438436312, 'beta_2': 1.3643179502776357, 'beta_3': 0.14818222077813653, 'beta_4': 45.09708805418407, 'beta_5': 57.71154945669162, 'beta_6': 164.9285133706639}. Best is trial 786 with value: 72.76648626742873.
[I 2026-04-01 12:04:23,179] Trial 816 finished with value: 74.38626549774003 and parameters: {'alpha_0': 13306.67983411822, 'alpha_1': 76.5065962820612, 'alpha_2': 42.12517522348172, 'beta_0': 0.28424137366132907, 'beta_1': 1.62111711266572, 'beta_2': 1.3608285867987295, 'beta_3': 0.2572386843544227, 'beta_4': 46.42662656325614, 'beta_5': 89.47233142566033, 'beta_6': 164.58734347593668}. Best is trial 786 with value: 72.76648626742873.
[I 2026-04-01 12:04:23,311] Trial 817 finished with value: 74.19966351315766 and parameters: {'alpha_0': 13197.844038345269, 'alpha_1': 46.31695231986225, 'alpha_2': 48.163829023021364, 'beta_0': 0.2612353862823711, 'beta_1': 1.6224967686717962, 'beta_2': 1.3166418779942428, 'beta_3': 0.3982814555931982, 'beta_4': 49.76842735562025, 'beta_5': 57.67214776777813, 'beta_6': 163.7765196763053}. Best is trial 786 with value: 72.76648626742873.
[I 2026-04-01 12:04:23,584] Trial 815 finished with value: 918.4274021589351 and parameters: {'alpha_0': 13356.927520049945, 'alpha_1': 113.90573630358989, 'alpha_2': 49.66969474497957, 'beta_0': 2.067789578850566, 'beta_1': 1.6392618442042246, 'beta_2': 1.3040287220084483, 'beta_3': 0.3893630670888466, 'beta_4': 49.92956173901488, 'beta_5': 67.73263620248929, 'beta_6': 169.60121072549617}. Best is trial 786 with value: 72.76648626742873.
[I 2026-04-01 12:05:09,950] Trial 825 finished with value: 74.08595149384021 and parameters: {'alpha_0': 13227.656714572477, 'alpha_1': 340.0107766115393, 'alpha_2': 42.426193671300894, 'beta_0': 0.20035107114581088, 'beta_1': 1.53472070532263, 'beta_2': 1.2925274442195251, 'beta_3': 0.26907924445869036, 'beta_4': 46.810083513593646, 'beta_5': 38.298825084724825, 'beta_6': 202.39643095378702}. Best is trial 786 with value: 72.76648626742873.
[I 2026-04-01 12:05:09,977] Trial 821 finished with value: 74.22146712497482 and parameters: {'alpha_0': 13714.991202346491, 'alpha_1': 233.59112677770972, 'alpha_2': 46.01615401116196, 'beta_0': 0.25846830260450837, 'beta_1': 1.5219948936842762, 'beta_2': 1.3053340040572774, 'beta_3': 0.4096221017239031, 'beta_4': 50.65849536925744, 'beta_5': 59.235769638731114, 'beta_6': 199.84799195867993}. Best is trial 786 with value: 72.76648626742873.
[I 2026-04-01 12:05:09,978] Trial 823 finished with value: 75.98202476630802 and parameters: {'alpha_0': 13338.477587167887, 'alpha_1': 291.96970864098427, 'alpha_2': 46.35067479155436, 'beta_0': 0.291639870443633, 'beta_1': 1.8379454650951337, 'beta_2': 1.2968194771275656, 'beta_3': 0.27816808802432313, 'beta_4': 52.51649166878939, 'beta_5': 29.712693640298752, 'beta_6': 203.9714158587431}. Best is trial 786 with value: 72.76648626742873.
[I 2026-04-01 12:05:10,014] Trial 820 finished with value: 74.19405320873854 and parameters: {'alpha_0': 13455.924205682371, 'alpha_1': 18.718068318040764, 'alpha_2': 46.523298513839464, 'beta_0': 0.20041714827827617, 'beta_1': 1.6138277244124177, 'beta_2': 1.2855979263957158, 'beta_3': 0.24201644444496434, 'beta_4': 48.92388690241145, 'beta_5': 41.59558678433957, 'beta_6': 203.2580129517265}. Best is trial 786 with value: 72.76648626742873.
[I 2026-04-01 12:05:10,029] Trial 824 finished with value: 80.45910037197562 and parameters: {'alpha_0': 13309.579277634413, 'alpha_1': 300.4317722609958, 'alpha_2': 46.33700372888869, 'beta_0': 0.29304669451449233, 'beta_1': 1.5338720469517373, 'beta_2': 1.5334527479136604, 'beta_3': 0.4785234451414316, 'beta_4': 44.09184845084914, 'beta_5': 59.698291332414655, 'beta_6': 193.50046076405147}. Best is trial 786 with value: 72.76648626742873.
[I 2026-04-01 12:05:10,122] Trial 829 finished with value: 72.14448373486943 and parameters: {'alpha_0': 13624.548587442465, 'alpha_1': 18.905371451377846, 'alpha_2': 46.47127087533512, 'beta_0': 0.2021728492183166, 'beta_1': 1.805251993745718, 'beta_2': 1.3958205735452807, 'beta_3': 0.10948631580426527, 'beta_4': 50.56057405670474, 'beta_5': 34.400609368637575, 'beta_6': 181.9667052362232}. Best is trial 829 with value: 72.14448373486943.
[I 2026-04-01 12:05:10,174] Trial 822 finished with value: 74.70009968450299 and parameters: {'alpha_0': 13485.90918902921, 'alpha_1': 9.554369400067884, 'alpha_2': 45.959778981850825, 'beta_0': 0.27859891164454387, 'beta_1': 1.5396835784077383, 'beta_2': 1.3059832386931802, 'beta_3': 0.40789533745587264, 'beta_4': 49.96725825220547, 'beta_5': 59.99361209365876, 'beta_6': 167.449404419584}. Best is trial 829 with value: 72.14448373486943.
[I 2026-04-01 12:05:10,184] Trial 828 finished with value: 74.46120914971189 and parameters: {'alpha_0': 13762.974842152578, 'alpha_1': 12.318020549049265, 'alpha_2': 46.20083568445775, 'beta_0': 0.20193203739300516, 'beta_1': 1.8043643945493473, 'beta_2': 1.2703745952242649, 'beta_3': 0.14922935803619752, 'beta_4': 49.753742083335865, 'beta_5': 40.10614596189818, 'beta_6': 202.39568207536914}. Best is trial 829 with value: 72.14448373486943.
