[I 2026-04-01 12:22:50,182] Trial 1065 finished with value: 77.04782543420714 and parameters: {'alpha_0': 15026.696743042145, 'alpha_1': 16.456614643730063, 'alpha_2': 45.75440534646997, 'beta_0': 0.2827323298395401, 'beta_1': 1.8906811385992062, 'beta_2': 1.3996828195377833, 'beta_3': 0.40563141474045183, 'beta_4': 20.152550118501566, 'beta_5': 1.0613890633239724, 'beta_6': 161.98291754354514}. Best is trial 957 with value: 71.38427157687855.
[I 2026-04-01 12:22:50,300] Trial 1063 finished with value: 75.8206564999244 and parameters: {'alpha_0': 15184.705174983406, 'alpha_1': 20.65393034054651, 'alpha_2': 38.63563982328176, 'beta_0': 0.2445106068978397, 'beta_1': 1.7597186640807116, 'beta_2': 1.3930003967470852, 'beta_3': 0.39777508217898533, 'beta_4': 20.879922958718538, 'beta_5': 20.209588931977283, 'beta_6': 336.61750745285116}. Best is trial 957 with value: 71.38427157687855.
[I 2026-04-01 12:22:50,499] Trial 1067 finished with value: 78.27588693188947 and parameters: {'alpha_0': 23570.21954052151, 'alpha_1': 4.302275124837507, 'alpha_2': 46.303379866076405, 'beta_0': 0.20015947423699615, 'beta_1': 1.759806159922855, 'beta_2': 1.3953745579451622, 'beta_3': 0.1578226072452449, 'beta_4': 60.53675109979055, 'beta_5': 2.917715616936011, 'beta_6': 157.21849627824614}. Best is trial 957 with value: 71.38427157687855.
[I 2026-04-01 12:22:50,643] Trial 1068 finished with value: 76.70954352673076 and parameters: {'alpha_0': 15203.0280550679, 'alpha_1': 6.289909314934448, 'alpha_2': 46.388596728461806, 'beta_0': 0.20000585203556748, 'beta_1': 1.9802241028375027, 'beta_2': 1.3957827612186704, 'beta_3': 0.15320039160118126, 'beta_4': 20.13639151290213, 'beta_5': 0.11534338085085594, 'beta_6': 154.5202619556083}. Best is trial 957 with value: 71.38427157687855.
[I 2026-04-01 12:22:52,941] Trial 1069 finished with value: 84.35620820567736 and parameters: {'alpha_0': 19063.54538901952, 'alpha_1': 13.467326139131785, 'alpha_2': 45.954633819458465, 'beta_0': 0.29170244765569275, 'beta_1': 1.869361893093076, 'beta_2': 1.3788286358971058, 'beta_3': 0.40336520776179097, 'beta_4': 60.1702650638377, 'beta_5': 1.5742284023312, 'beta_6': 157.79929422661263}. Best is trial 957 with value: 71.38427157687855.
[I 2026-04-01 12:23:32,416] Trial 1071 finished with value: 94.78103558975492 and parameters: {'alpha_0': 16785.770307531013, 'alpha_1': 186.6661223772432, 'alpha_2': 46.57601797977112, 'beta_0': 0.37263174329036697, 'beta_1': 1.9077202642094055, 'beta_2': 1.392335080724191, 'beta_3': 0.18009882907161912, 'beta_4': 56.48746271543087, 'beta_5': 0.5138029239641035, 'beta_6': 157.29245772231783}. Best is trial 957 with value: 71.38427157687855.
[I 2026-04-01 12:23:32,825] Trial 1073 finished with value: 99.15481480607437 and parameters: {'alpha_0': 18806.2875997648, 'alpha_1': 212.45715144866335, 'alpha_2': 46.785842913716635, 'beta_0': 0.3740507319795806, 'beta_1': 1.8392691597151667, 'beta_2': 1.5120791421812507, 'beta_3': 0.34265399775716326, 'beta_4': 59.93735384622138, 'beta_5': 9.033305469595527, 'beta_6': 181.08579516909535}. Best is trial 957 with value: 71.38427157687855.
[I 2026-04-01 12:23:33,131] Trial 1070 finished with value: 82.04884080233438 and parameters: {'alpha_0': 18495.784908173016, 'alpha_1': 201.50848961647495, 'alpha_2': 45.982130097698956, 'beta_0': 0.29627689230576526, 'beta_1': 1.8393466114292203, 'beta_2': 1.3908757141841914, 'beta_3': 0.1619313946484472, 'beta_4': 58.745232192299326, 'beta_5': 0.25705576510300077, 'beta_6': 153.27354597007138}. Best is trial 957 with value: 71.38427157687855.
[I 2026-04-01 12:23:33,136] Trial 1074 finished with value: 89.3127245385313 and parameters: {'alpha_0': 19010.477365115596, 'alpha_1': 7009.25925881943, 'alpha_2': 46.83808737225612, 'beta_0': 0.341055467807945, 'beta_1': 2.9296734086414657, 'beta_2': 1.3809954367467743, 'beta_3': 0.18049898400967218, 'beta_4': 58.517802254109846, 'beta_5': 0.7758073703484296, 'beta_6': 179.06583820045452}. Best is trial 957 with value: 71.38427157687855.
[I 2026-04-01 12:23:33,487] Trial 1076 finished with value: 100.03179587201282 and parameters: {'alpha_0': 18849.073016697515, 'alpha_1': 240.22286802284864, 'alpha_2': 46.31260064456341, 'beta_0': 0.37443449374919663, 'beta_1': 1.8476213337430207, 'beta_2': 1.5051734402762158, 'beta_3': 0.17395249699702944, 'beta_4': 60.028865955853625, 'beta_5': 1.0877093859697418, 'beta_6': 179.8089234266526}. Best is trial 957 with value: 71.38427157687855.
[I 2026-04-01 12:23:33,639] Trial 1077 finished with value: 101.83502434716522 and parameters: {'alpha_0': 18497.409597590406, 'alpha_1': 240.24675018626846, 'alpha_2': 43.74673938104961, 'beta_0': 0.38211724542917247, 'beta_1': 1.9167552536998622, 'beta_2': 1.5147881904632532, 'beta_3': 0.24923941039135739, 'beta_4': 55.23734677934898, 'beta_5': 10.03582851314417, 'beta_6': 181.78281479028863}. Best is trial 957 with value: 71.38427157687855.
[I 2026-04-01 12:23:33,756] Trial 1075 finished with value: 97.26686568126317 and parameters: {'alpha_0': 16478.354347419536, 'alpha_1': 220.4338030429271, 'alpha_2': 46.66980768176959, 'beta_0': 0.3809992494027057, 'beta_1': 1.8555741579467713, 'beta_2': 1.5044688934371306, 'beta_3': 0.15890901643757002, 'beta_4': 59.22383297102091, 'beta_5': 9.392423434779062, 'beta_6': 179.87382384011198}. Best is trial 957 with value: 71.38427157687855.
[I 2026-04-01 12:23:33,812] Trial 1072 finished with value: 132.50490895187988 and parameters: {'alpha_0': 18885.91922307882, 'alpha_1': 184.26124765116467, 'alpha_2': 46.76659473638177, 'beta_0': 0.3001170234883643, 'beta_1': 1.8415913448540357, 'beta_2': 2.570166864775555, 'beta_3': 0.1691642372334178, 'beta_4': 59.58473333903075, 'beta_5': 0.7654034553281002, 'beta_6': 155.01022755164394}. Best is trial 957 with value: 71.38427157687855.
[I 2026-04-01 12:23:33,904] Trial 1078 finished with value: 102.76071495120607 and parameters: {'alpha_0': 18811.493015771182, 'alpha_1': 213.4588973038688, 'alpha_2': 42.29591775644002, 'beta_0': 0.37191846822065877, 'beta_1': 1.6720827975433432, 'beta_2': 1.5100044177225542, 'beta_3': 0.24898054433390676, 'beta_4': 54.96406205337885, 'beta_5': 10.24146771361831, 'beta_6': 177.62588289254134}. Best is trial 957 with value: 71.38427157687855.
[I 2026-04-01 12:23:35,217] Trial 1079 finished with value: 102.25024421099594 and parameters: {'alpha_0': 16734.981171602296, 'alpha_1': 226.50241110975264, 'alpha_2': 43.930230310812064, 'beta_0': 0.3853178291884789, 'beta_1': 1.8459044084489715, 'beta_2': 1.5021369605905739, 'beta_3': 0.24470631170101964, 'beta_4': 54.65176181839709, 'beta_5': 10.885654320933883, 'beta_6': 181.20414682701846}. Best is trial 957 with value: 71.38427157687855.
Best trial: 957. Best value: 71.3843:  54%|█████▍    | 1080/2000 [1:18:54<19:58,  1.30s/it]Best trial: 957. Best value: 71.3843:  54%|█████▍    | 1080/2000 [1:18:54<19:58,  1.30s/it]Best trial: 957. Best value: 71.3843:  54%|█████▍    | 1081/2000 [1:18:54<2:45:19, 10.79s/it]                                                                                             Best trial: 957. Best value: 71.3843:  54%|█████▍    | 1081/2000 [1:18:54<2:45:19, 10.79s/it]                                                                                             Best trial: 957. Best value: 71.3843:  54%|█████▍    | 1081/2000 [1:18:54<2:45:19, 10.79s/it]Best trial: 957. Best value: 71.3843:  54%|█████▍    | 1081/2000 [1:18:54<2:45:19, 10.79s/it]                                                                                             Best trial: 957. Best value: 71.3843:  54%|█████▍    | 1082/2000 [1:18:54<2:45:08, 10.79s/it]Best trial: 957. Best value: 71.3843:  54%|█████▍    | 1082/2000 [1:18:54<2:45:08, 10.79s/it]Best trial: 957. Best value: 71.3843:  54%|█████▍    | 1083/2000 [1:18:54<2:44:57, 10.79s/it]                                                                                             Best trial: 957. Best value: 71.3843:  54%|█████▍    | 1084/2000 [1:18:55<2:44:46, 10.79s/it]Best trial: 957. Best value: 71.3843:  54%|█████▍    | 1084/2000 [1:18:55<2:44:46, 10.79s/it]Best trial: 957. Best value: 71.3843:  54%|█████▍    | 1085/2000 [1:18:55<1:09:28,  4.56s/it]                                                                                             Best trial: 957. Best value: 71.3843:  54%|█████▍    | 1085/2000 [1:18:55<1:09:28,  4.56s/it]Best trial: 957. Best value: 71.3843:  54%|█████▍    | 1085/2000 [1:18:55<1:09:28,  4.56s/it]                                                                                             Best trial: 957. Best value: 71.3843:  54%|█████▍    | 1086/2000 [1:18:55<1:09:23,  4.56s/it]Best trial: 957. Best value: 71.3843:  54%|█████▍    | 1086/2000 [1:18:55<1:09:23,  4.56s/it]Best trial: 957. Best value: 71.3843:  54%|█████▍    | 1087/2000 [1:18:55<49:56,  3.28s/it]                                                                                             Best trial: 957. Best value: 71.3843:  54%|█████▍    | 1087/2000 [1:18:55<49:56,  3.28s/it]Best trial: 957. Best value: 71.3843:  54%|█████▍    | 1087/2000 [1:18:55<49:56,  3.28s/it]Best trial: 957. Best value: 71.3843:  54%|█████▍    | 1088/2000 [1:18:55<42:03,  2.77s/it]                                                                                           Best trial: 957. Best value: 71.3843:  54%|█████▍    | 1088/2000 [1:18:55<42:03,  2.77s/it]Best trial: 957. Best value: 71.3843:  54%|█████▍    | 1088/2000 [1:18:55<42:03,  2.77s/it]                                                                                           Best trial: 957. Best value: 71.3843:  54%|█████▍    | 1089/2000 [1:18:56<42:00,  2.77s/it]Best trial: 957. Best value: 71.3843:  54%|█████▍    | 1089/2000 [1:18:56<42:00,  2.77s/it]Best trial: 957. Best value: 71.3843:  55%|█████▍    | 1090/2000 [1:18:56<30:40,  2.02s/it]                                                                                           Best trial: 957. Best value: 71.3843:  55%|█████▍    | 1090/2000 [1:19:36<30:40,  2.02s/it]Best trial: 957. Best value: 71.3843:  55%|█████▍    | 1090/2000 [1:19:36<30:40,  2.02s/it]Best trial: 957. Best value: 71.3843:  55%|█████▍    | 1091/2000 [1:19:36<2:18:31,  9.14s/it]                                                                                             Best trial: 957. Best value: 71.3843:  55%|█████▍    | 1091/2000 [1:19:36<2:18:31,  9.14s/it]Best trial: 957. Best value: 71.3843:  55%|█████▍    | 1091/2000 [1:19:36<2:18:31,  9.14s/it]Best trial: 957. Best value: 71.3843:  55%|█████▍    | 1092/2000 [1:19:36<1:49:43,  7.25s/it]                                                                                             Best trial: 957. Best value: 71.3843:  55%|█████▍    | 1092/2000 [1:19:36<1:49:43,  7.25s/it]Best trial: 957. Best value: 71.3843:  55%|█████▍    | 1092/2000 [1:19:36<1:49:43,  7.25s/it]Best trial: 957. Best value: 71.3843:  55%|█████▍    | 1093/2000 [1:19:36<1:24:49,  5.61s/it]                                                                                             Best trial: 957. Best value: 71.3843:  55%|█████▍    | 1093/2000 [1:19:36<1:24:49,  5.61s/it]Best trial: 957. Best value: 71.3843:  55%|█████▍    | 1093/2000 [1:19:36<1:24:49,  5.61s/it]                                                                                             Best trial: 957. Best value: 71.3843:  55%|█████▍    | 1094/2000 [1:19:36<1:24:44,  5.61s/it]Best trial: 957. Best value: 71.3843:  55%|█████▍    | 1094/2000 [1:19:36<1:24:44,  5.61s/it]Best trial: 957. Best value: 71.3843:  55%|█████▍    | 1095/2000 [1:19:36<51:12,  3.39s/it]                                                                                             Best trial: 957. Best value: 71.3843:  55%|█████▍    | 1095/2000 [1:19:36<51:12,  3.39s/it]Best trial: 957. Best value: 71.3843:  55%|█████▍    | 1095/2000 [1:19:36<51:12,  3.39s/it]Best trial: 957. Best value: 71.3843:  55%|█████▍    | 1096/2000 [1:19:37<40:13,  2.67s/it]                                                                                           Best trial: 957. Best value: 71.3843:  55%|█████▍    | 1096/2000 [1:19:37<40:13,  2.67s/it]Best trial: 957. Best value: 71.3843:  55%|█████▍    | 1096/2000 [1:19:37<40:13,  2.67s/it]Best trial: 957. Best value: 71.3843:  55%|█████▍    | 1097/2000 [1:19:37<31:12,  2.07s/it]                                                                                           Best trial: 957. Best value: 71.3843:  55%|█████▍    | 1097/2000 [1:19:37<31:12,  2.07s/it]                                                                                           [I 2026-04-01 12:24:15,760] Trial 1080 finished with value: 86.64710034972622 and parameters: {'alpha_0': 16382.383528640226, 'alpha_1': 251.12006846576892, 'alpha_2': 42.23961056827454, 'beta_0': 0.3545952552660667, 'beta_1': 1.8433421936524328, 'beta_2': 1.5034307058366214, 'beta_3': 0.34094608663316717, 'beta_4': 55.26581572388834, 'beta_5': 10.596021215386209, 'beta_6': 180.75766616283914}. Best is trial 957 with value: 71.38427157687855.
[I 2026-04-01 12:24:15,769] Trial 1084 finished with value: 143.51874844669342 and parameters: {'alpha_0': 16353.933327011697, 'alpha_1': 657.763372196927, 'alpha_2': 43.70350111194228, 'beta_0': 0.20040585776801775, 'beta_1': 1.6565501421798414, 'beta_2': 1.5058616310274038, 'beta_3': 0.25186529973033767, 'beta_4': 53.26273267612293, 'beta_5': 450.8629672009874, 'beta_6': 144.96201019633278}. Best is trial 957 with value: 71.38427157687855.
[I 2026-04-01 12:24:15,785] Trial 1081 finished with value: 79.09913902823597 and parameters: {'alpha_0': 17951.514654030485, 'alpha_1': 7576.176381151972, 'alpha_2': 43.53085971428008, 'beta_0': 0.2979136272618633, 'beta_1': 1.6714980326953977, 'beta_2': 1.5114104500934729, 'beta_3': 0.25025816637816733, 'beta_4': 53.733187915243185, 'beta_5': 11.568410765692176, 'beta_6': 174.2668641947229}. Best is trial 957 with value: 71.38427157687855.
[I 2026-04-01 12:24:15,787] Trial 1082 finished with value: 118.63472301893506 and parameters: {'alpha_0': 16427.273274910873, 'alpha_1': 380.801825126534, 'alpha_2': 43.744104521616286, 'beta_0': 0.450729950496015, 'beta_1': 1.652045360127052, 'beta_2': 1.5027870043599174, 'beta_3': 0.24140036243455132, 'beta_4': 54.73003367628131, 'beta_5': 16.984887374351224, 'beta_6': 145.8922201504617}. Best is trial 957 with value: 71.38427157687855.
[I 2026-04-01 12:24:15,904] Trial 1086 finished with value: 71.41595462990072 and parameters: {'alpha_0': 16361.124672453298, 'alpha_1': 663.5727856066901, 'alpha_2': 43.83949034059996, 'beta_0': 0.20123789370446407, 'beta_1': 1.6599226596836698, 'beta_2': 1.4410448991999938, 'beta_3': 0.34624312184897504, 'beta_4': 53.15259639272584, 'beta_5': 13.251465427301161, 'beta_6': 145.174949726622}. Best is trial 957 with value: 71.38427157687855.
[I 2026-04-01 12:24:16,193] Trial 1088 finished with value: 72.30140132527721 and parameters: {'alpha_0': 16366.847785923594, 'alpha_1': 709.8904248450498, 'alpha_2': 43.68928345150897, 'beta_0': 0.20069292725607188, 'beta_1': 1.6603269753004362, 'beta_2': 1.4561512681094118, 'beta_3': 0.3243407525623942, 'beta_4': 53.124184029080475, 'beta_5': 14.846514782314049, 'beta_6': 143.41123987361746}. Best is trial 957 with value: 71.38427157687855.
[I 2026-04-01 12:24:16,350] Trial 1085 finished with value: 130.13400855871754 and parameters: {'alpha_0': 16492.94848632732, 'alpha_1': 685.0918486623839, 'alpha_2': 42.25103836377265, 'beta_0': 0.45392190786003594, 'beta_1': 1.6600895181230007, 'beta_2': 1.4808261957718614, 'beta_3': 0.3395484066978411, 'beta_4': 52.65146247060544, 'beta_5': 13.316934568590181, 'beta_6': 172.80138331970176}. Best is trial 957 with value: 71.38427157687855.
[I 2026-04-01 12:24:16,643] Trial 1083 finished with value: 72.39146544467434 and parameters: {'alpha_0': 16520.257815925124, 'alpha_1': 329.06712196595976, 'alpha_2': 43.5411481182524, 'beta_0': 0.2006316139592019, 'beta_1': 1.6561739957314783, 'beta_2': 1.5118599053081685, 'beta_3': 0.24209679143325347, 'beta_4': 53.6316923699021, 'beta_5': 12.12251844816554, 'beta_6': 172.86871191356897}. Best is trial 957 with value: 71.38427157687855.
[I 2026-04-01 12:24:16,697] Trial 1087 finished with value: 73.71660047198972 and parameters: {'alpha_0': 16151.57968312334, 'alpha_1': 635.1224237993777, 'alpha_2': 42.03921375024637, 'beta_0': 0.25444568481073504, 'beta_1': 1.6482019024106613, 'beta_2': 1.450541316877699, 'beta_3': 0.34804795783248305, 'beta_4': 53.0336535369899, 'beta_5': 12.555703442688571, 'beta_6': 145.25480943421562}. Best is trial 957 with value: 71.38427157687855.
[I 2026-04-01 12:24:17,686] Trial 1089 finished with value: 73.21614669387671 and parameters: {'alpha_0': 17497.861793395263, 'alpha_1': 669.8392493760534, 'alpha_2': 42.323174487163314, 'beta_0': 0.20020973739121928, 'beta_1': 1.6750174319973117, 'beta_2': 1.4514290056184758, 'beta_3': 0.3532144254928604, 'beta_4': 52.783520249476354, 'beta_5': 21.47067399947748, 'beta_6': 147.00216603547477}. Best is trial 957 with value: 71.38427157687855.
[I 2026-04-01 12:24:56,968] Trial 1093 finished with value: 73.8847713901607 and parameters: {'alpha_0': 17605.983062726988, 'alpha_1': 617.1533389678832, 'alpha_2': 44.99237328959732, 'beta_0': 0.2513856321670711, 'beta_1': 1.7186170897017718, 'beta_2': 1.438223663525178, 'beta_3': 0.3014477834786154, 'beta_4': 51.07096787170361, 'beta_5': 23.73848245946885, 'beta_6': 145.39549603223227}. Best is trial 957 with value: 71.38427157687855.
[I 2026-04-01 12:24:57,282] Trial 1095 finished with value: 74.1079112510482 and parameters: {'alpha_0': 17440.16442579814, 'alpha_1': 809.6122916236299, 'alpha_2': 44.35928763035268, 'beta_0': 0.2555564590460869, 'beta_1': 1.6475348535825847, 'beta_2': 1.3104877944823454, 'beta_3': 0.3426630049286818, 'beta_4': 51.28503477769215, 'beta_5': 26.311002416502472, 'beta_6': 143.50025335203446}. Best is trial 957 with value: 71.38427157687855.
[I 2026-04-01 12:24:57,547] Trial 1092 finished with value: 77.32404391901082 and parameters: {'alpha_0': 17549.646130645793, 'alpha_1': 625.1121693403961, 'alpha_2': 45.036688865442144, 'beta_0': 0.25083479424809035, 'beta_1': 1.718977217892987, 'beta_2': 1.4442507038309422, 'beta_3': 0.2991690661287528, 'beta_4': 61.86869762659779, 'beta_5': 27.254398057052395, 'beta_6': 169.96810242658105}. Best is trial 957 with value: 71.38427157687855.
[I 2026-04-01 12:24:57,559] Trial 1090 finished with value: 74.62228872143706 and parameters: {'alpha_0': 17542.876476000103, 'alpha_1': 651.8850635450157, 'alpha_2': 44.600641071701105, 'beta_0': 0.26014018675862083, 'beta_1': 1.7107774240259501, 'beta_2': 1.4443222947048808, 'beta_3': 0.3065948758316171, 'beta_4': 51.26083582378242, 'beta_5': 23.77092204049823, 'beta_6': 172.44143419549002}. Best is trial 957 with value: 71.38427157687855.
[I 2026-04-01 12:24:57,702] Trial 1098 finished with value: 74.37970652266702 and parameters: {'alpha_0': 17698.06366113266, 'alpha_1': 887.6899372713024, 'alpha_2': 45.11735406098124, 'beta_0': 0.2007540947426307, 'beta_1': 1.7054014612753154, 'beta_2': 1.6308804392349932, 'beta_3': 0.27209974222589506, 'beta_4': 50.023830557742436, 'beta_5': 27.353604702502153, 'beta_6': 146.72054201080152}. Best is trial 957 with value: 71.38427157687855.
[I 2026-04-01 12:24:57,844] Trial 1091 finished with value: 77.29493130947486 and parameters: {'alpha_0': 17369.079123861527, 'alpha_1': 635.8567338791753, 'alpha_2': 45.00290232741492, 'beta_0': 0.2542874763193054, 'beta_1': 1.7148536682229278, 'beta_2': 1.430684948403042, 'beta_3': 0.2941177762462146, 'beta_4': 61.540212781190775, 'beta_5': 25.23649927615037, 'beta_6': 145.73428619752934}. Best is trial 957 with value: 71.38427157687855.
[I 2026-04-01 12:24:58,052] Trial 1097 finished with value: 75.2541613305434 and parameters: {'alpha_0': 17437.201571175567, 'alpha_1': 867.5805323945406, 'alpha_2': 44.63508632659303, 'beta_0': 0.2548203575256385, 'beta_1': 1.6484790707768417, 'beta_2': 1.6272159210218082, 'beta_3': 0.29980446477707334, 'beta_4': 47.92689002974079, 'beta_5': 27.689943580748853, 'beta_6': 145.4559207588896}. Best is trial 957 with value: 71.38427157687855.
[I 2026-04-01 12:24:58,076] Trial 1096 finished with value: 74.21149192049745 and parameters: {'alpha_0': 17695.893192858483, 'alpha_1': 8936.38720372619, 'alpha_2': 44.23348632642954, 'beta_0': 0.25163223988206446, 'beta_1': 1.65246684237024, 'beta_2': 1.3142290231065052, 'beta_3': 0.33688442005175745, 'beta_4': 51.65224449239866, 'beta_5': 31.667063490266102, 'beta_6': 140.73810709486568}. Best is trial 957 with value: 71.38427157687855.
