[I 2026-04-01 11:27:14,570] Trial 303 finished with value: 77.68457318500747 and parameters: {'alpha_0': 21496.526258035694, 'alpha_1': 3100.840227435381, 'alpha_2': 10.395924989815397, 'beta_0': 0.20917888681480007, 'beta_1': 0.8786239426472839, 'beta_2': 0.8149040677178891, 'beta_3': 1.767473878575213, 'beta_4': 109.24533364894441, 'beta_5': 136.22400519659294, 'beta_6': 0.3352713394337812}. Best is trial 295 with value: 74.10357450418728.
[I 2026-04-01 11:27:54,016] Trial 310 finished with value: 78.38644963012057 and parameters: {'alpha_0': 16196.221723311548, 'alpha_1': 4092.886411957864, 'alpha_2': 24.357376121739566, 'beta_0': 0.29907988800015356, 'beta_1': 0.8476356392195328, 'beta_2': 0.8253628156070139, 'beta_3': 1.0031686908592432, 'beta_4': 108.88647243481269, 'beta_5': 140.53787386767084, 'beta_6': 4.488275457908836}. Best is trial 295 with value: 74.10357450418728.
[I 2026-04-01 11:27:54,230] Trial 311 finished with value: 81.7956303053738 and parameters: {'alpha_0': 16425.54123357621, 'alpha_1': 4030.9745191694133, 'alpha_2': 10.590878192294548, 'beta_0': 0.30444684124446364, 'beta_1': 0.8251452401483029, 'beta_2': 0.8178940414841003, 'beta_3': 1.2000630077454588, 'beta_4': 109.39112174574595, 'beta_5': 138.68316076260024, 'beta_6': 1.3489515144996833}. Best is trial 295 with value: 74.10357450418728.
[I 2026-04-01 11:27:54,353] Trial 313 finished with value: 80.0452473629116 and parameters: {'alpha_0': 15473.663491789426, 'alpha_1': 2740.7483678314634, 'alpha_2': 12.30067582524935, 'beta_0': 0.30536965456917275, 'beta_1': 0.8496122515544708, 'beta_2': 0.7594905348505526, 'beta_3': 1.0011285856439083, 'beta_4': 109.57390964749334, 'beta_5': 137.9998481591349, 'beta_6': 9.860752960183266}. Best is trial 295 with value: 74.10357450418728.
[I 2026-04-01 11:27:54,390] Trial 314 finished with value: 79.78238827214577 and parameters: {'alpha_0': 15170.351467727269, 'alpha_1': 2768.899819455349, 'alpha_2': 11.660198200549463, 'beta_0': 0.309768880143947, 'beta_1': 0.8348128415890764, 'beta_2': 0.7611726635675223, 'beta_3': 1.0001336576224527, 'beta_4': 108.99698405864864, 'beta_5': 136.5835058192423, 'beta_6': 8.865250674580295}. Best is trial 295 with value: 74.10357450418728.
[I 2026-04-01 11:27:54,762] Trial 317 finished with value: 88.3551717709883 and parameters: {'alpha_0': 15244.582685958092, 'alpha_1': 2523.856366214392, 'alpha_2': 11.143716036507733, 'beta_0': 0.3613909995109754, 'beta_1': 0.9220208030190864, 'beta_2': 0.7494342255317991, 'beta_3': 1.2056907935476222, 'beta_4': 115.3542619107322, 'beta_5': 178.294838457127, 'beta_6': 13.893747373313708}. Best is trial 295 with value: 74.10357450418728.
[I 2026-04-01 11:27:54,930] Trial 316 finished with value: 84.25104137750128 and parameters: {'alpha_0': 15129.217417978458, 'alpha_1': 2776.4554057144414, 'alpha_2': 3.710133099329677, 'beta_0': 0.3017112580469847, 'beta_1': 0.9032882459557002, 'beta_2': 0.7508689957872343, 'beta_3': 0.9986642626251984, 'beta_4': 109.16127644737209, 'beta_5': 134.02537164460432, 'beta_6': 13.277066207825246}. Best is trial 295 with value: 74.10357450418728.
[I 2026-04-01 11:27:54,995] Trial 319 finished with value: 89.11293977464175 and parameters: {'alpha_0': 15373.058582539186, 'alpha_1': 4002.181339542747, 'alpha_2': 27.819054103873288, 'beta_0': 0.3567108798455801, 'beta_1': 0.9140612323555637, 'beta_2': 0.7544952420406845, 'beta_3': 0.9972217303411697, 'beta_4': 113.34559487952733, 'beta_5': 180.1799748292751, 'beta_6': 13.194863456040629}. Best is trial 295 with value: 74.10357450418728.
[I 2026-04-01 11:27:55,003] Trial 312 finished with value: 79.7746896229964 and parameters: {'alpha_0': 15186.37379117819, 'alpha_1': 2623.794143909778, 'alpha_2': 7.282956113069631, 'beta_0': 0.3065753408458449, 'beta_1': 0.8528515968446211, 'beta_2': 0.7939200311088179, 'beta_3': 1.212651562733976, 'beta_4': 110.40301957464192, 'beta_5': 141.6135720443966, 'beta_6': 1.3443109409357135}. Best is trial 295 with value: 74.10357450418728.
[I 2026-04-01 11:27:55,032] Trial 315 finished with value: 89.80831814295303 and parameters: {'alpha_0': 15146.02887939116, 'alpha_1': 2732.515441184181, 'alpha_2': 3.0660657173321906, 'beta_0': 0.2953715641156749, 'beta_1': 0.8332010557327356, 'beta_2': 1.0520530741343233, 'beta_3': 0.9987944609145449, 'beta_4': 112.0301730500478, 'beta_5': 141.6897969480953, 'beta_6': 7.502480883513895}. Best is trial 295 with value: 74.10357450418728.
[I 2026-04-01 11:27:55,761] Trial 318 finished with value: 874.0497354497153 and parameters: {'alpha_0': 15271.70863784956, 'alpha_1': 2339.865384413339, 'alpha_2': 9.301385280007581, 'beta_0': 1.8387626678826223, 'beta_1': 0.9125546152149917, 'beta_2': 1.0535025024789708, 'beta_3': 1.002204073972418, 'beta_4': 105.88508641267205, 'beta_5': 178.40834772024553, 'beta_6': 14.796475456059806}. Best is trial 295 with value: 74.10357450418728.
[I 2026-04-01 11:28:37,735] Trial 324 finished with value: 106.72196005981445 and parameters: {'alpha_0': 31564.891916526023, 'alpha_1': 2452.7826705985944, 'alpha_2': 5.021452685998793, 'beta_0': 0.26066464037194476, 'beta_1': 0.5404072707583045, 'beta_2': 1.069116196856292, 'beta_3': 1.153250998196245, 'beta_4': 104.57872375062384, 'beta_5': 179.9389948681739, 'beta_6': 28.46724442889615}. Best is trial 295 with value: 74.10357450418728.
[I 2026-04-01 11:28:37,871] Trial 322 finished with value: 102.19335450639973 and parameters: {'alpha_0': 15517.89552267221, 'alpha_1': 2444.920301301805, 'alpha_2': 0.24566844150387102, 'beta_0': 0.3585922595239771, 'beta_1': 0.9230109392965855, 'beta_2': 1.0428622643172119, 'beta_3': 1.0966008921347092, 'beta_4': 105.463154757881, 'beta_5': 177.39889777004572, 'beta_6': 16.23294053189263}. Best is trial 295 with value: 74.10357450418728.
[I 2026-04-01 11:28:37,925] Trial 323 finished with value: 260.3411798466881 and parameters: {'alpha_0': 15166.711030490907, 'alpha_1': 2451.2469028478954, 'alpha_2': 27.736358151756434, 'beta_0': 0.8194449326773365, 'beta_1': 0.5514406647620659, 'beta_2': 1.0505095823979549, 'beta_3': 1.1538481835238814, 'beta_4': 113.04281131193191, 'beta_5': 48.381637993481974, 'beta_6': 27.07122761975355}. Best is trial 295 with value: 74.10357450418728.
[I 2026-04-01 11:28:37,974] Trial 321 finished with value: 94.52290254354341 and parameters: {'alpha_0': 15614.876284856651, 'alpha_1': 2569.850465218447, 'alpha_2': 5.11416053188356, 'beta_0': 0.3747411293176047, 'beta_1': 0.956642139039299, 'beta_2': 0.7411710430813956, 'beta_3': 1.1451648013944657, 'beta_4': 105.35992861115844, 'beta_5': 179.645269364467, 'beta_6': 20.051314375272028}. Best is trial 295 with value: 74.10357450418728.
Best trial: 295. Best value: 74.1036:  16%|█▌        | 324/2000 [23:17<1:54:22,  4.09s/it]Best trial: 295. Best value: 74.1036:  16%|█▌        | 324/2000 [23:17<1:54:22,  4.09s/it]                                                                                          Best trial: 295. Best value: 74.1036:  16%|█▋        | 325/2000 [23:17<1:54:18,  4.09s/it]Best trial: 295. Best value: 74.1036:  16%|█▋        | 325/2000 [23:17<1:54:18,  4.09s/it]Best trial: 295. Best value: 74.1036:  16%|█▋        | 326/2000 [23:17<1:17:08,  2.76s/it]                                                                                          Best trial: 295. Best value: 74.1036:  16%|█▋        | 326/2000 [23:17<1:17:08,  2.76s/it]Best trial: 295. Best value: 74.1036:  16%|█▋        | 326/2000 [23:17<1:17:08,  2.76s/it]                                                                                          Best trial: 295. Best value: 74.1036:  16%|█▋        | 327/2000 [23:17<1:17:05,  2.76s/it]Best trial: 295. Best value: 74.1036:  16%|█▋        | 327/2000 [23:17<1:17:05,  2.76s/it]Best trial: 295. Best value: 74.1036:  16%|█▋        | 328/2000 [23:17<53:07,  1.91s/it]                                                                                          Best trial: 295. Best value: 74.1036:  16%|█▋        | 328/2000 [23:17<53:07,  1.91s/it]Best trial: 295. Best value: 74.1036:  16%|█▋        | 328/2000 [23:17<53:07,  1.91s/it]                                                                                        Best trial: 295. Best value: 74.1036:  16%|█▋        | 329/2000 [23:18<53:05,  1.91s/it]Best trial: 295. Best value: 74.1036:  16%|█▋        | 329/2000 [23:18<53:05,  1.91s/it]Best trial: 295. Best value: 74.1036:  16%|█▋        | 330/2000 [23:18<41:29,  1.49s/it]                                                                                        Best trial: 295. Best value: 74.1036:  16%|█▋        | 330/2000 [23:57<41:29,  1.49s/it]Best trial: 295. Best value: 74.1036:  16%|█▋        | 330/2000 [23:57<41:29,  1.49s/it]Best trial: 295. Best value: 74.1036:  17%|█▋        | 331/2000 [23:57<3:52:00,  8.34s/it]                                                                                          Best trial: 295. Best value: 74.1036:  17%|█▋        | 331/2000 [23:57<3:52:00,  8.34s/it]Best trial: 295. Best value: 74.1036:  17%|█▋        | 331/2000 [23:57<3:52:00,  8.34s/it]Best trial: 295. Best value: 74.1036:  17%|█▋        | 332/2000 [23:57<3:04:22,  6.63s/it]                                                                                          Best trial: 295. Best value: 74.1036:  17%|█▋        | 332/2000 [23:57<3:04:22,  6.63s/it]                                                                                          Best trial: 295. Best value: 74.1036:  17%|█▋        | 332/2000 [23:57<3:04:22,  6.63s/it]Best trial: 295. Best value: 74.1036:  17%|█▋        | 332/2000 [23:57<3:04:22,  6.63s/it]Best trial: 295. Best value: 74.1036:  17%|█▋        | 333/2000 [23:57<3:04:15,  6.63s/it]                                                                                          Best trial: 295. Best value: 74.1036:  17%|█▋        | 334/2000 [23:57<3:04:09,  6.63s/it]Best trial: 295. Best value: 74.1036:  17%|█▋        | 334/2000 [23:57<3:04:09,  6.63s/it]Best trial: 295. Best value: 74.1036:  17%|█▋        | 335/2000 [23:57<1:38:13,  3.54s/it]                                                                                          Best trial: 295. Best value: 74.1036:  17%|█▋        | 335/2000 [23:57<1:38:13,  3.54s/it]Best trial: 295. Best value: 74.1036:  17%|█▋        | 335/2000 [23:57<1:38:13,  3.54s/it]                                                                                          Best trial: 295. Best value: 74.1036:  17%|█▋        | 336/2000 [23:57<1:38:10,  3.54s/it]Best trial: 295. Best value: 74.1036:  17%|█▋        | 336/2000 [23:57<1:38:10,  3.54s/it]Best trial: 295. Best value: 74.1036:  17%|█▋        | 337/2000 [23:57<1:08:39,  2.48s/it]                                                                                          Best trial: 295. Best value: 74.1036:  17%|█▋        | 337/2000 [23:58<1:08:39,  2.48s/it]Best trial: 295. Best value: 74.1036:  17%|█▋        | 337/2000 [23:58<1:08:39,  2.48s/it]                                                                                          Best trial: 295. Best value: 74.1036:  17%|█▋        | 338/2000 [23:58<1:08:37,  2.48s/it]Best trial: 295. Best value: 74.1036:  17%|█▋        | 338/2000 [23:58<1:08:37,  2.48s/it]Best trial: 295. Best value: 74.1036:  17%|█▋        | 339/2000 [23:58<49:54,  1.80s/it]                                                                                          Best trial: 295. Best value: 74.1036:  17%|█▋        | 339/2000 [23:58<49:54,  1.80s/it]Best trial: 295. Best value: 74.1036:  17%|█▋        | 339/2000 [23:58<49:54,  1.80s/it]Best trial: 295. Best value: 74.1036:  17%|█▋        | 340/2000 [23:58<41:46,  1.51s/it]                                                                                        Best trial: 295. Best value: 74.1036:  17%|█▋        | 340/2000 [24:37<41:46,  1.51s/it]Best trial: 341. Best value: 73.8033:  17%|█▋        | 340/2000 [24:37<41:46,  1.51s/it]Best trial: 341. Best value: 73.8033:  17%|█▋        | 341/2000 [24:37<4:12:20,  9.13s/it]                                                                                          Best trial: 341. Best value: 73.8033:  17%|█▋        | 341/2000 [24:37<4:12:20,  9.13s/it]Best trial: 341. Best value: 73.8033:  17%|█▋        | 341/2000 [24:37<4:12:20,  9.13s/it]                                                                                          [I 2026-04-01 11:28:38,023] Trial 326 finished with value: 78.78228937873233 and parameters: {'alpha_0': 18908.83483889491, 'alpha_1': 2439.7292626941144, 'alpha_2': 25.359154006058805, 'beta_0': 0.25418575086528306, 'beta_1': 0.5416226220591286, 'beta_2': 0.9206262218920606, 'beta_3': 1.1419915945606578, 'beta_4': 103.51071897743253, 'beta_5': 179.93725585438236, 'beta_6': 27.23969063997893}. Best is trial 295 with value: 74.10357450418728.
[I 2026-04-01 11:28:38,092] Trial 329 finished with value: 79.70470182205693 and parameters: {'alpha_0': 16871.07012699406, 'alpha_1': 2075.2105174289, 'alpha_2': 25.366032628126867, 'beta_0': 0.25291256112415494, 'beta_1': 0.5274248799628011, 'beta_2': 0.92789289187156, 'beta_3': 1.141917433032064, 'beta_4': 104.20426065126804, 'beta_5': 188.1532861860508, 'beta_6': 29.198751935669694}. Best is trial 295 with value: 74.10357450418728.
[I 2026-04-01 11:28:38,242] Trial 325 finished with value: 113.8231074342348 and parameters: {'alpha_0': 16758.083392145174, 'alpha_1': 2472.0549435545427, 'alpha_2': 25.52740085950192, 'beta_0': 0.2572944577741636, 'beta_1': 0.5322399824257071, 'beta_2': 1.0543916457298663, 'beta_3': 1.1494867279630547, 'beta_4': 104.7749791597455, 'beta_5': 360.6930359624978, 'beta_6': 50.956766424281184}. Best is trial 295 with value: 74.10357450418728.
[I 2026-04-01 11:28:38,262] Trial 327 finished with value: 82.0934443759212 and parameters: {'alpha_0': 18982.258865910804, 'alpha_1': 2027.4999813297131, 'alpha_2': 25.417674140580484, 'beta_0': 0.25845021593099554, 'beta_1': 0.5081219388141672, 'beta_2': 0.9161414948371875, 'beta_3': 1.1478164472639987, 'beta_4': 104.77955919487083, 'beta_5': 188.55422373837908, 'beta_6': 27.001833606682123}. Best is trial 295 with value: 74.10357450418728.
[I 2026-04-01 11:28:38,285] Trial 320 finished with value: 206.5871302284907 and parameters: {'alpha_0': 15760.545465542225, 'alpha_1': 2470.346031546429, 'alpha_2': 5.259812246747867, 'beta_0': 0.36330986096967244, 'beta_1': 0.8118804641241464, 'beta_2': 2.3755556021869633, 'beta_3': 1.0975581835516282, 'beta_4': 113.0602509077656, 'beta_5': 179.90756599159047, 'beta_6': 16.039070055862148}. Best is trial 295 with value: 74.10357450418728.
[I 2026-04-01 11:28:39,447] Trial 328 finished with value: 603.2099742676809 and parameters: {'alpha_0': 18687.058055518366, 'alpha_1': 2374.6342570546226, 'alpha_2': 25.247651842088096, 'beta_0': 1.4290504946029203, 'beta_1': 0.7567819006355213, 'beta_2': 1.5316130651376434, 'beta_3': 1.1512478516608158, 'beta_4': 104.53631780839163, 'beta_5': 35.671227505867535, 'beta_6': 31.39429137957215}. Best is trial 295 with value: 74.10357450418728.
[I 2026-04-01 11:29:18,329] Trial 331 finished with value: 151.7826776298733 and parameters: {'alpha_0': 18856.676329434664, 'alpha_1': 2093.366424770835, 'alpha_2': 24.404540888965503, 'beta_0': 0.7935660327142956, 'beta_1': 0.595104262290701, 'beta_2': 0.9224550034417105, 'beta_3': 1.1346410949683639, 'beta_4': 100.73841335787804, 'beta_5': 28.163028842975706, 'beta_6': 54.25445929722436}. Best is trial 295 with value: 74.10357450418728.
[I 2026-04-01 11:29:18,434] Trial 330 finished with value: 82.3569496654579 and parameters: {'alpha_0': 18812.792542793206, 'alpha_1': 2081.807888997905, 'alpha_2': 24.84573856616681, 'beta_0': 0.26139537602005575, 'beta_1': 0.5869562155158848, 'beta_2': 0.920449805849648, 'beta_3': 1.0961651221230688, 'beta_4': 101.49593281570667, 'beta_5': 192.15890474160264, 'beta_6': 51.244896091407526}. Best is trial 295 with value: 74.10357450418728.
[I 2026-04-01 11:29:18,481] Trial 338 finished with value: 74.94915223910664 and parameters: {'alpha_0': 18986.11472054877, 'alpha_1': 1502.542281074711, 'alpha_2': 24.213656515755712, 'beta_0': 0.20079958836973658, 'beta_1': 0.7627600863160554, 'beta_2': 0.8631757070410024, 'beta_3': 1.087950465352687, 'beta_4': 98.74650706903799, 'beta_5': 158.6131335490691, 'beta_6': 77.65557774149661}. Best is trial 295 with value: 74.10357450418728.
[I 2026-04-01 11:29:18,483] Trial 332 finished with value: 81.33448433100676 and parameters: {'alpha_0': 18750.768844614344, 'alpha_1': 2011.0936511732557, 'alpha_2': 14.256956129714979, 'beta_0': 0.2615051577318507, 'beta_1': 0.7405144476530408, 'beta_2': 0.9262455627348786, 'beta_3': 1.1104169485933926, 'beta_4': 101.59330179625071, 'beta_5': 190.25218871651128, 'beta_6': 51.770428835878725}. Best is trial 295 with value: 74.10357450418728.
[I 2026-04-01 11:29:18,601] Trial 336 finished with value: 78.12857342521889 and parameters: {'alpha_0': 18654.51794532542, 'alpha_1': 1537.9593402195142, 'alpha_2': 24.222021122251533, 'beta_0': 0.25178624090510987, 'beta_1': 0.7762742543521466, 'beta_2': 0.8703294141242636, 'beta_3': 1.107376993812202, 'beta_4': 100.42125692777165, 'beta_5': 159.38714889444165, 'beta_6': 80.6204913444088}. Best is trial 295 with value: 74.10357450418728.
[I 2026-04-01 11:29:18,694] Trial 333 finished with value: 81.44903461802836 and parameters: {'alpha_0': 16945.854645752624, 'alpha_1': 1973.5964796564542, 'alpha_2': 24.49746761147623, 'beta_0': 0.259608357277229, 'beta_1': 0.7549856026170536, 'beta_2': 0.9156951478151012, 'beta_3': 1.0884393869294657, 'beta_4': 100.37153180598213, 'beta_5': 191.8749306582483, 'beta_6': 50.93611114156564}. Best is trial 295 with value: 74.10357450418728.
[I 2026-04-01 11:29:18,829] Trial 339 finished with value: 76.01789954289603 and parameters: {'alpha_0': 17245.95206348885, 'alpha_1': 1434.2835469623622, 'alpha_2': 24.069301515696523, 'beta_0': 0.25333469008224124, 'beta_1': 0.7264369926377446, 'beta_2': 0.8718335652331817, 'beta_3': 1.0974274797586834, 'beta_4': 98.40902584276456, 'beta_5': 158.0399965216746, 'beta_6': 81.59490745119427}. Best is trial 295 with value: 74.10357450418728.
[I 2026-04-01 11:29:19,309] Trial 335 finished with value: 727.6735025939655 and parameters: {'alpha_0': 44292.14192132105, 'alpha_1': 1515.5343149875116, 'alpha_2': 1.7991696824141634, 'beta_0': 1.4254941162579948, 'beta_1': 0.7333647234316985, 'beta_2': 1.5467776441500425, 'beta_3': 1.0981116893289573, 'beta_4': 98.61516593887846, 'beta_5': 159.34103016027822, 'beta_6': 49.024051730249155}. Best is trial 295 with value: 74.10357450418728.
[I 2026-04-01 11:29:19,384] Trial 334 finished with value: 650.1442225040505 and parameters: {'alpha_0': 18729.24702076052, 'alpha_1': 2063.7713350463164, 'alpha_2': 24.34922012251806, 'beta_0': 1.4438589284530137, 'beta_1': 0.7524565166847563, 'beta_2': 0.937085969879305, 'beta_3': 1.1096642287112712, 'beta_4': 100.22572663444507, 'beta_5': 194.5326729693553, 'beta_6': 55.7141168984602}. Best is trial 295 with value: 74.10357450418728.
[I 2026-04-01 11:29:19,558] Trial 337 finished with value: 1260.6075737384683 and parameters: {'alpha_0': 18653.169843981526, 'alpha_1': 1599.3598676347797, 'alpha_2': 1.095718345503267, 'beta_0': 2.569712130939719, 'beta_1': 0.7387936321706816, 'beta_2': 0.8701021039280856, 'beta_3': 1.0928465183681604, 'beta_4': 97.90167917668082, 'beta_5': 157.31986640860637, 'beta_6': 78.0082643632284}. Best is trial 295 with value: 74.10357450418728.
[I 2026-04-01 11:29:58,349] Trial 341 finished with value: 73.80326667868428 and parameters: {'alpha_0': 17094.34284112139, 'alpha_1': 1379.144222666643, 'alpha_2': 23.834839115899264, 'beta_0': 0.2001594264431386, 'beta_1': 0.7304417381530129, 'beta_2': 0.867174798886139, 'beta_3': 0.9281231375935106, 'beta_4': 98.80839344891251, 'beta_5': 160.36914294034327, 'beta_6': 81.5110769760088}. Best is trial 341 with value: 73.80326667868428.
[I 2026-04-01 11:29:58,379] Trial 346 finished with value: 73.85810585901329 and parameters: {'alpha_0': 17062.175688780902, 'alpha_1': 1502.7627412552956, 'alpha_2': 1.5494171113152948, 'beta_0': 0.2032028500434498, 'beta_1': 0.7224358360736238, 'beta_2': 0.867154192163907, 'beta_3': 1.0372582008907516, 'beta_4': 96.08026978490905, 'beta_5': 157.56765038914443, 'beta_6': 77.83855095423436}. Best is trial 341 with value: 73.80326667868428.
