Best trial: 957. Best value: 71.3843:  63%|██████▎   | 1260/2000 [1:31:46<18:09,  1.47s/it]Best trial: 957. Best value: 71.3843:  63%|██████▎   | 1260/2000 [1:31:46<18:09,  1.47s/it]Best trial: 957. Best value: 71.3843:  63%|██████▎   | 1261/2000 [1:31:46<2:07:20, 10.34s/it]                                                                                             Best trial: 957. Best value: 71.3843:  63%|██████▎   | 1261/2000 [1:31:46<2:07:20, 10.34s/it]Best trial: 957. Best value: 71.3843:  63%|██████▎   | 1261/2000 [1:31:46<2:07:20, 10.34s/it]                                                                                             Best trial: 957. Best value: 71.3843:  63%|██████▎   | 1262/2000 [1:31:46<2:07:09, 10.34s/it]Best trial: 957. Best value: 71.3843:  63%|██████▎   | 1262/2000 [1:31:46<2:07:09, 10.34s/it]                                                                                             Best trial: 957. Best value: 71.3843:  63%|██████▎   | 1263/2000 [1:31:46<2:06:59, 10.34s/it]Best trial: 957. Best value: 71.3843:  63%|██████▎   | 1263/2000 [1:31:46<2:06:59, 10.34s/it]Best trial: 957. Best value: 71.3843:  63%|██████▎   | 1264/2000 [1:31:46<1:04:39,  5.27s/it]                                                                                             Best trial: 957. Best value: 71.3843:  63%|██████▎   | 1264/2000 [1:31:46<1:04:39,  5.27s/it]Best trial: 957. Best value: 71.3843:  63%|██████▎   | 1264/2000 [1:31:46<1:04:39,  5.27s/it]                                                                                             Best trial: 957. Best value: 71.3843:  63%|██████▎   | 1265/2000 [1:31:46<1:04:33,  5.27s/it]Best trial: 957. Best value: 71.3843:  63%|██████▎   | 1265/2000 [1:31:46<1:04:33,  5.27s/it]Best trial: 957. Best value: 71.3843:  63%|██████▎   | 1266/2000 [1:31:46<44:23,  3.63s/it]                                                                                             Best trial: 957. Best value: 71.3843:  63%|██████▎   | 1266/2000 [1:31:46<44:23,  3.63s/it]Best trial: 957. Best value: 71.3843:  63%|██████▎   | 1266/2000 [1:31:46<44:23,  3.63s/it]                                                                                           Best trial: 957. Best value: 71.3843:  63%|██████▎   | 1267/2000 [1:31:46<44:19,  3.63s/it]Best trial: 957. Best value: 71.3843:  63%|██████▎   | 1267/2000 [1:31:46<44:19,  3.63s/it]Best trial: 957. Best value: 71.3843:  63%|██████▎   | 1268/2000 [1:31:46<30:56,  2.54s/it]                                                                                           Best trial: 957. Best value: 71.3843:  63%|██████▎   | 1268/2000 [1:31:46<30:56,  2.54s/it]Best trial: 957. Best value: 71.3843:  63%|██████▎   | 1268/2000 [1:31:46<30:56,  2.54s/it]Best trial: 957. Best value: 71.3843:  63%|██████▎   | 1269/2000 [1:31:46<25:46,  2.12s/it]                                                                                           Best trial: 957. Best value: 71.3843:  63%|██████▎   | 1269/2000 [1:31:47<25:46,  2.12s/it]Best trial: 957. Best value: 71.3843:  63%|██████▎   | 1269/2000 [1:31:47<25:46,  2.12s/it]                                                                                           Best trial: 957. Best value: 71.3843:  64%|██████▎   | 1270/2000 [1:32:27<25:44,  2.12s/it]Best trial: 957. Best value: 71.3843:  64%|██████▎   | 1270/2000 [1:32:27<25:44,  2.12s/it]Best trial: 957. Best value: 71.3843:  64%|██████▎   | 1271/2000 [1:32:27<1:41:10,  8.33s/it]                                                                                             Best trial: 957. Best value: 71.3843:  64%|██████▎   | 1271/2000 [1:32:27<1:41:10,  8.33s/it]Best trial: 957. Best value: 71.3843:  64%|██████▎   | 1271/2000 [1:32:27<1:41:10,  8.33s/it]Best trial: 957. Best value: 71.3843:  64%|██████▎   | 1272/2000 [1:32:27<1:22:18,  6.78s/it]                                                                                             Best trial: 957. Best value: 71.3843:  64%|██████▎   | 1272/2000 [1:32:27<1:22:18,  6.78s/it]Best trial: 957. Best value: 71.3843:  64%|██████▎   | 1272/2000 [1:32:27<1:22:18,  6.78s/it]                                                                                             Best trial: 957. Best value: 71.3843:  64%|██████▎   | 1273/2000 [1:32:28<1:22:11,  6.78s/it]                                                                                             Best trial: 957. Best value: 71.3843:  64%|██████▎   | 1273/2000 [1:32:28<1:22:11,  6.78s/it]Best trial: 957. Best value: 71.3843:  64%|██████▎   | 1273/2000 [1:32:28<1:22:11,  6.78s/it]Best trial: 957. Best value: 71.3843:  64%|██████▎   | 1274/2000 [1:32:28<53:02,  4.38s/it]  Best trial: 957. Best value: 71.3843:  64%|██████▎   | 1274/2000 [1:32:28<53:02,  4.38s/it]                                                                                           Best trial: 957. Best value: 71.3843:  64%|██████▍   | 1275/2000 [1:32:28<52:57,  4.38s/it]Best trial: 957. Best value: 71.3843:  64%|██████▍   | 1275/2000 [1:32:28<52:57,  4.38s/it]Best trial: 957. Best value: 71.3843:  64%|██████▍   | 1276/2000 [1:32:28<35:11,  2.92s/it]                                                                                           Best trial: 957. Best value: 71.3843:  64%|██████▍   | 1276/2000 [1:32:28<35:11,  2.92s/it]Best trial: 957. Best value: 71.3843:  64%|██████▍   | 1276/2000 [1:32:28<35:11,  2.92s/it]Best trial: 957. Best value: 71.3843:  64%|██████▍   | 1277/2000 [1:32:28<28:41,  2.38s/it]                                                                                           Best trial: 957. Best value: 71.3843:  64%|██████▍   | 1277/2000 [1:32:28<28:41,  2.38s/it]Best trial: 957. Best value: 71.3843:  64%|██████▍   | 1277/2000 [1:32:28<28:41,  2.38s/it]Best trial: 957. Best value: 71.3843:  64%|██████▍   | 1278/2000 [1:32:28<22:51,  1.90s/it]                                                                                           [I 2026-04-01 12:37:06,880] Trial 1269 finished with value: 155.577155161706 and parameters: {'alpha_0': 15797.476043646286, 'alpha_1': 5885.233791074876, 'alpha_2': 41.62129547979286, 'beta_0': 0.6293731710020333, 'beta_1': 1.690521832805788, 'beta_2': 1.3732318125848615, 'beta_3': 0.24329579035947296, 'beta_4': 49.30820731980842, 'beta_5': 7.233534844885957, 'beta_6': 427.16131963660484}. Best is trial 957 with value: 71.38427157687855.
[I 2026-04-01 12:37:06,905] Trial 1266 finished with value: 85.55287155981188 and parameters: {'alpha_0': 15596.423535336411, 'alpha_1': 5842.655197988268, 'alpha_2': 43.677969762906635, 'beta_0': 0.3657521492384982, 'beta_1': 1.6908563209640926, 'beta_2': 1.3789287106936499, 'beta_3': 0.21411121045826717, 'beta_4': 44.51559118487725, 'beta_5': 0.13457466179668814, 'beta_6': 424.6280089935843}. Best is trial 957 with value: 71.38427157687855.
[I 2026-04-01 12:37:06,923] Trial 1263 finished with value: 96.98926669509069 and parameters: {'alpha_0': 15872.542613998101, 'alpha_1': 6381.55930065001, 'alpha_2': 41.4997776171879, 'beta_0': 0.3872383259606218, 'beta_1': 1.728144057644739, 'beta_2': 1.3887894973454729, 'beta_3': 0.21084687006628444, 'beta_4': 63.40132047093623, 'beta_5': 0.21916403572150847, 'beta_6': 482.1483829285901}. Best is trial 957 with value: 71.38427157687855.
[I 2026-04-01 12:37:07,031] Trial 1268 finished with value: 71.77232956100733 and parameters: {'alpha_0': 15634.321154455414, 'alpha_1': 5740.279209244969, 'alpha_2': 41.518011894571494, 'beta_0': 0.20065051430586078, 'beta_1': 1.6901434788311804, 'beta_2': 1.3759633350245806, 'beta_3': 0.21542322764789304, 'beta_4': 52.44226625254186, 'beta_5': 1.0208370376981968, 'beta_6': 464.2871542733791}. Best is trial 957 with value: 71.38427157687855.
[I 2026-04-01 12:37:07,123] Trial 1260 finished with value: 615.3245837375327 and parameters: {'alpha_0': 24860.983653552612, 'alpha_1': 6253.017670489416, 'alpha_2': 43.5797887608706, 'beta_0': 1.6032948603252244, 'beta_1': 1.7491251690022787, 'beta_2': 1.2556428162125755, 'beta_3': 0.21122152767847072, 'beta_4': 51.32622788274222, 'beta_5': 18.26372793540471, 'beta_6': 477.2006217955143}. Best is trial 957 with value: 71.38427157687855.
[I 2026-04-01 12:37:07,281] Trial 1261 finished with value: 132.6259227022749 and parameters: {'alpha_0': 15916.842510793205, 'alpha_1': 6743.396237375863, 'alpha_2': 43.53072166433678, 'beta_0': 0.2010105279460367, 'beta_1': 1.746023755965144, 'beta_2': 2.741639253482069, 'beta_3': 0.2178995373598514, 'beta_4': 63.2093125437316, 'beta_5': 16.99994546109965, 'beta_6': 474.95452545200635}. Best is trial 957 with value: 71.38427157687855.
[I 2026-04-01 12:37:07,369] Trial 1267 finished with value: 502.24076127052075 and parameters: {'alpha_0': 16029.822364886124, 'alpha_1': 6210.59960578153, 'alpha_2': 43.72771827747281, 'beta_0': 1.617900087837646, 'beta_1': 1.6958727920539933, 'beta_2': 1.3775450406613585, 'beta_3': 0.3207255621097448, 'beta_4': 50.13416781684926, 'beta_5': 0.4898236278043781, 'beta_6': 462.6385540804064}. Best is trial 957 with value: 71.38427157687855.
[I 2026-04-01 12:37:07,560] Trial 1262 finished with value: 1105.5353048470602 and parameters: {'alpha_0': 16003.860862350524, 'alpha_1': 6170.96912762005, 'alpha_2': 43.92301336495572, 'beta_0': 2.4814826996822466, 'beta_1': 1.7373306353632667, 'beta_2': 1.375738947542, 'beta_3': 0.19916573244870497, 'beta_4': 50.87845289521151, 'beta_5': 18.538470994773945, 'beta_6': 482.57919182377464}. Best is trial 957 with value: 71.38427157687855.
[I 2026-04-01 12:37:07,811] Trial 1265 finished with value: 89.74342322383143 and parameters: {'alpha_0': 15948.349839141583, 'alpha_1': 6692.589657351235, 'alpha_2': 43.82593702000419, 'beta_0': 0.3709828760028168, 'beta_1': 1.684502665758629, 'beta_2': 1.3694155086058593, 'beta_3': 0.22232700138084577, 'beta_4': 50.31331305082285, 'beta_5': 0.9309492630270153, 'beta_6': 424.00503082617917}. Best is trial 957 with value: 71.38427157687855.
[I 2026-04-01 12:37:07,878] Trial 1264 finished with value: 432.6688877121535 and parameters: {'alpha_0': 15507.164579398526, 'alpha_1': 6316.898614154574, 'alpha_2': 43.68470893062345, 'beta_0': 1.2325223423388296, 'beta_1': 2.7835971508630326, 'beta_2': 1.3680113820126831, 'beta_3': 0.2119562654979618, 'beta_4': 51.08775310601379, 'beta_5': 0.25259449318457605, 'beta_6': 423.5778511425097}. Best is trial 957 with value: 71.38427157687855.
[I 2026-04-01 12:37:48,243] Trial 1279 finished with value: 72.01426770291752 and parameters: {'alpha_0': 16945.440863757092, 'alpha_1': 5113.958841705931, 'alpha_2': 47.41713353679685, 'beta_0': 0.20036921935353094, 'beta_1': 1.8508097996518447, 'beta_2': 1.4587627884954466, 'beta_3': 0.3168682318254792, 'beta_4': 43.92992236063817, 'beta_5': 6.611461065864006, 'beta_6': 460.7120484389505}. Best is trial 957 with value: 71.38427157687855.
[I 2026-04-01 12:37:48,732] Trial 1272 finished with value: 73.04679274464348 and parameters: {'alpha_0': 16574.00567232518, 'alpha_1': 6260.1042848699535, 'alpha_2': 47.373842880858405, 'beta_0': 0.20037788636826734, 'beta_1': 1.917899500812899, 'beta_2': 1.4676277066818113, 'beta_3': 0.30364106572922256, 'beta_4': 52.06119712822345, 'beta_5': 23.49910627945927, 'beta_6': 457.6181844162621}. Best is trial 957 with value: 71.38427157687855.
[I 2026-04-01 12:37:48,769] Trial 1271 finished with value: 105.80312405452591 and parameters: {'alpha_0': 16590.12109251085, 'alpha_1': 6293.908562731272, 'alpha_2': 47.255554478994426, 'beta_0': 0.4463603085620613, 'beta_1': 1.832894931986135, 'beta_2': 1.4521575358211292, 'beta_3': 0.2990204136790674, 'beta_4': 51.10053071821421, 'beta_5': 25.842864877226717, 'beta_6': 458.5238512309523}. Best is trial 957 with value: 71.38427157687855.
[I 2026-04-01 12:37:48,961] Trial 1275 finished with value: 96.43977062949963 and parameters: {'alpha_0': 16870.827228422408, 'alpha_1': 9897.113801699732, 'alpha_2': 46.996480227268414, 'beta_0': 0.3569824986015864, 'beta_1': 1.8316834252138856, 'beta_2': 1.464413718853774, 'beta_3': 0.30061314131987543, 'beta_4': 49.538493503570756, 'beta_5': 8.153706022806958, 'beta_6': 464.9768463858471}. Best is trial 957 with value: 71.38427157687855.
[I 2026-04-01 12:37:48,964] Trial 1270 finished with value: 98.3495498289497 and parameters: {'alpha_0': 15622.22570068815, 'alpha_1': 5734.1648058387655, 'alpha_2': 47.2396796808856, 'beta_0': 0.3651740914907242, 'beta_1': 1.839459359742076, 'beta_2': 1.9225195471961447, 'beta_3': 0.23180290366237033, 'beta_4': 43.84212510647174, 'beta_5': 0.6055799676487682, 'beta_6': 424.6305939351054}. Best is trial 957 with value: 71.38427157687855.
[I 2026-04-01 12:37:49,069] Trial 1278 finished with value: 91.70258840200921 and parameters: {'alpha_0': 16988.792567903307, 'alpha_1': 5807.153128455847, 'alpha_2': 47.211733448745406, 'beta_0': 0.2561298750220042, 'beta_1': 2.8022536606482795, 'beta_2': 1.8925488551052123, 'beta_3': 0.31753852798458226, 'beta_4': 56.937568003254434, 'beta_5': 8.836375392020425, 'beta_6': 467.5255147096346}. Best is trial 957 with value: 71.38427157687855.
[I 2026-04-01 12:37:49,265] Trial 1274 finished with value: 464.02848309999695 and parameters: {'alpha_0': 22817.116764626495, 'alpha_1': 6193.278832676151, 'alpha_2': 47.25924812329151, 'beta_0': 1.2222719160535367, 'beta_1': 1.8318660053884743, 'beta_2': 1.4782726155445183, 'beta_3': 0.3107247776077537, 'beta_4': 50.382862074764695, 'beta_5': 7.949591213436461, 'beta_6': 447.1843742624805}. Best is trial 957 with value: 71.38427157687855.
[I 2026-04-01 12:37:49,436] Trial 1276 finished with value: 119.22770833264445 and parameters: {'alpha_0': 16982.37552957257, 'alpha_1': 6634.706940443587, 'alpha_2': 40.22964740828178, 'beta_0': 0.42972010421947193, 'beta_1': 1.9056141226732994, 'beta_2': 1.4496170198532794, 'beta_3': 0.31785665779565303, 'beta_4': 50.4082563721844, 'beta_5': 8.730961388540148, 'beta_6': 461.7498337383865}. Best is trial 957 with value: 71.38427157687855.
Best trial: 957. Best value: 71.3843:  64%|██████▍   | 1278/2000 [1:32:28<22:51,  1.90s/it]Best trial: 957. Best value: 71.3843:  64%|██████▍   | 1278/2000 [1:32:28<22:51,  1.90s/it]Best trial: 957. Best value: 71.3843:  64%|██████▍   | 1279/2000 [1:32:28<18:25,  1.53s/it]                                                                                           Best trial: 957. Best value: 71.3843:  64%|██████▍   | 1279/2000 [1:32:29<18:25,  1.53s/it]Best trial: 957. Best value: 71.3843:  64%|██████▍   | 1279/2000 [1:32:29<18:25,  1.53s/it]Best trial: 957. Best value: 71.3843:  64%|██████▍   | 1280/2000 [1:32:29<14:09,  1.18s/it]                                                                                           Best trial: 957. Best value: 71.3843:  64%|██████▍   | 1280/2000 [1:33:09<14:09,  1.18s/it]Best trial: 957. Best value: 71.3843:  64%|██████▍   | 1280/2000 [1:33:09<14:09,  1.18s/it]Best trial: 957. Best value: 71.3843:  64%|██████▍   | 1281/2000 [1:33:09<2:17:47, 11.50s/it]                                                                                             Best trial: 957. Best value: 71.3843:  64%|██████▍   | 1281/2000 [1:33:09<2:17:47, 11.50s/it]Best trial: 957. Best value: 71.3843:  64%|██████▍   | 1281/2000 [1:33:09<2:17:47, 11.50s/it]Best trial: 957. Best value: 71.3843:  64%|██████▍   | 1282/2000 [1:33:09<1:41:01,  8.44s/it]                                                                                             Best trial: 957. Best value: 71.3843:  64%|██████▍   | 1282/2000 [1:33:09<1:41:01,  8.44s/it]                                                                                             Best trial: 957. Best value: 71.3843:  64%|██████▍   | 1282/2000 [1:33:09<1:41:01,  8.44s/it]Best trial: 957. Best value: 71.3843:  64%|██████▍   | 1282/2000 [1:33:09<1:41:01,  8.44s/it]Best trial: 957. Best value: 71.3843:  64%|██████▍   | 1283/2000 [1:33:09<1:40:53,  8.44s/it]                                                                                             Best trial: 957. Best value: 71.3843:  64%|██████▍   | 1284/2000 [1:33:09<1:40:45,  8.44s/it]Best trial: 957. Best value: 71.3843:  64%|██████▍   | 1284/2000 [1:33:09<1:40:45,  8.44s/it]Best trial: 957. Best value: 71.3843:  64%|██████▍   | 1285/2000 [1:33:09<46:33,  3.91s/it]                                                                                             Best trial: 957. Best value: 71.3843:  64%|██████▍   | 1285/2000 [1:33:09<46:33,  3.91s/it]Best trial: 957. Best value: 71.3843:  64%|██████▍   | 1285/2000 [1:33:09<46:33,  3.91s/it]Best trial: 957. Best value: 71.3843:  64%|██████▍   | 1286/2000 [1:33:09<37:25,  3.14s/it]                                                                                           Best trial: 957. Best value: 71.3843:  64%|██████▍   | 1286/2000 [1:33:09<37:25,  3.14s/it]Best trial: 957. Best value: 71.3843:  64%|██████▍   | 1286/2000 [1:33:09<37:25,  3.14s/it]                                                                                           Best trial: 957. Best value: 71.3843:  64%|██████▍   | 1287/2000 [1:33:09<37:22,  3.14s/it]                                                                                           Best trial: 957. Best value: 71.3843:  64%|██████▍   | 1287/2000 [1:33:10<37:22,  3.14s/it]Best trial: 957. Best value: 71.3843:  64%|██████▍   | 1287/2000 [1:33:10<37:22,  3.14s/it]Best trial: 957. Best value: 71.3843:  64%|██████▍   | 1288/2000 [1:33:10<23:56,  2.02s/it]Best trial: 957. Best value: 71.3843:  64%|██████▍   | 1288/2000 [1:33:10<23:56,  2.02s/it]                                                                                           Best trial: 957. Best value: 71.3843:  64%|██████▍   | 1289/2000 [1:33:10<23:54,  2.02s/it]Best trial: 957. Best value: 71.3843:  64%|██████▍   | 1289/2000 [1:33:10<23:54,  2.02s/it]Best trial: 957. Best value: 71.3843:  64%|██████▍   | 1290/2000 [1:33:10<16:24,  1.39s/it]                                                                                           Best trial: 957. Best value: 71.3843:  64%|██████▍   | 1290/2000 [1:33:51<16:24,  1.39s/it]Best trial: 957. Best value: 71.3843:  64%|██████▍   | 1290/2000 [1:33:51<16:24,  1.39s/it]Best trial: 957. Best value: 71.3843:  65%|██████▍   | 1291/2000 [1:33:51<1:48:14,  9.16s/it]                                                                                             Best trial: 957. Best value: 71.3843:  65%|██████▍   | 1291/2000 [1:33:51<1:48:14,  9.16s/it]Best trial: 957. Best value: 71.3843:  65%|██████▍   | 1291/2000 [1:33:51<1:48:14,  9.16s/it]Best trial: 957. Best value: 71.3843:  65%|██████▍   | 1292/2000 [1:33:51<1:24:40,  7.18s/it]                                                                                             Best trial: 957. Best value: 71.3843:  65%|██████▍   | 1292/2000 [1:33:51<1:24:40,  7.18s/it]Best trial: 957. Best value: 71.3843:  65%|██████▍   | 1292/2000 [1:33:51<1:24:40,  7.18s/it]                                                                                             Best trial: 957. Best value: 71.3843:  65%|██████▍   | 1293/2000 [1:33:51<1:24:33,  7.18s/it]Best trial: 957. Best value: 71.3843:  65%|██████▍   | 1293/2000 [1:33:51<1:24:33,  7.18s/it]Best trial: 957. Best value: 71.3843:  65%|██████▍   | 1294/2000 [1:33:51<52:57,  4.50s/it]                                                                                             Best trial: 957. Best value: 71.3843:  65%|██████▍   | 1294/2000 [1:33:51<52:57,  4.50s/it]Best trial: 957. Best value: 71.3843:  65%|██████▍   | 1294/2000 [1:33:51<52:57,  4.50s/it]                                                                                           Best trial: 957. Best value: 71.3843:  65%|██████▍   | 1295/2000 [1:33:51<52:52,  4.50s/it]                                                                                           [I 2026-04-01 12:37:49,796] Trial 1273 finished with value: 874.9673337284689 and parameters: {'alpha_0': 16690.740995075095, 'alpha_1': 6226.031946697325, 'alpha_2': 47.153882203297144, 'beta_0': 1.9765453592027953, 'beta_1': 1.8221948394240146, 'beta_2': 1.457312123881335, 'beta_3': 0.3265339726022383, 'beta_4': 51.09628775584791, 'beta_5': 1.2708809877736105, 'beta_6': 469.55572940859264}. Best is trial 957 with value: 71.38427157687855.
[I 2026-04-01 12:37:49,931] Trial 1277 finished with value: 830.8560919645377 and parameters: {'alpha_0': 16884.67789978741, 'alpha_1': 9811.753921368028, 'alpha_2': 40.25165457677133, 'beta_0': 1.9518320306345187, 'beta_1': 1.8379468168758495, 'beta_2': 1.456677882720086, 'beta_3': 0.32443712202595565, 'beta_4': 44.320554874020246, 'beta_5': 0.7654155532102234, 'beta_6': 468.53755918279313}. Best is trial 957 with value: 71.38427157687855.
[I 2026-04-01 12:38:29,941] Trial 1280 finished with value: 74.57684677855316 and parameters: {'alpha_0': 17611.182622414468, 'alpha_1': 5632.8378373489195, 'alpha_2': 47.613646150568215, 'beta_0': 0.24994723816186595, 'beta_1': 1.9131947932837203, 'beta_2': 1.4804857175890525, 'beta_3': 0.3206653465153269, 'beta_4': 46.95051111821659, 'beta_5': 0.29209476246585453, 'beta_6': 472.0661524332676}. Best is trial 957 with value: 71.38427157687855.
[I 2026-04-01 12:38:30,334] Trial 1285 finished with value: 74.80894849147802 and parameters: {'alpha_0': 18768.67181011778, 'alpha_1': 5471.77723861531, 'alpha_2': 47.3872101092615, 'beta_0': 0.2567466306620128, 'beta_1': 1.9250271309309612, 'beta_2': 1.4785461193356373, 'beta_3': 0.3322495327091288, 'beta_4': 43.236228165209866, 'beta_5': 0.2024725821307065, 'beta_6': 467.9491311643907}. Best is trial 957 with value: 71.38427157687855.
