[I 2026-04-01 12:19:08,414] Trial 1010 finished with value: 73.1373640729893 and parameters: {'alpha_0': 17209.120864778022, 'alpha_1': 218.8891588968649, 'alpha_2': 44.30735378453775, 'beta_0': 0.2003589875927463, 'beta_1': 1.752617938200535, 'beta_2': 1.4765110893069913, 'beta_3': 0.22099893961309838, 'beta_4': 68.75420778231786, 'beta_5': 19.330408385695918, 'beta_6': 209.51958964685807}. Best is trial 957 with value: 71.38427157687855.
[I 2026-04-01 12:19:08,739] Trial 1017 finished with value: 75.65226895276302 and parameters: {'alpha_0': 15888.838824504051, 'alpha_1': 2.634974616619729, 'alpha_2': 44.58152380193346, 'beta_0': 0.20209800513909415, 'beta_1': 1.9584225320149162, 'beta_2': 1.454915462394994, 'beta_3': 0.21462022406272066, 'beta_4': 11.243957086065283, 'beta_5': 23.28292706029654, 'beta_6': 188.9172262760061}. Best is trial 957 with value: 71.38427157687855.
[I 2026-04-01 12:19:08,758] Trial 1016 finished with value: 76.53634495637996 and parameters: {'alpha_0': 17472.71274826522, 'alpha_1': 237.5013381581934, 'alpha_2': 44.65026140255783, 'beta_0': 0.25113189328203156, 'beta_1': 1.9312125738582484, 'beta_2': 1.4853478863172036, 'beta_3': 0.24171335860269894, 'beta_4': 69.55828530888894, 'beta_5': 22.54436372935453, 'beta_6': 179.20024816042317}. Best is trial 957 with value: 71.38427157687855.
[I 2026-04-01 12:19:08,781] Trial 1014 finished with value: 76.53786626891109 and parameters: {'alpha_0': 17974.544087060734, 'alpha_1': 219.46244900519739, 'alpha_2': 44.43025439444201, 'beta_0': 0.20056812412460662, 'beta_1': 1.721066957317743, 'beta_2': 1.4716907655489264, 'beta_3': 0.23211213103244177, 'beta_4': 8.679355698169278, 'beta_5': 20.651094453526802, 'beta_6': 212.28432187368836}. Best is trial 957 with value: 71.38427157687855.
[I 2026-04-01 12:19:08,951] Trial 1011 finished with value: 73.65276833249942 and parameters: {'alpha_0': 17370.317574195582, 'alpha_1': 315.7847594123227, 'alpha_2': 44.14335367333008, 'beta_0': 0.24523072232304102, 'beta_1': 1.7237585546308023, 'beta_2': 1.3772569065356968, 'beta_3': 0.35603245878385065, 'beta_4': 59.74330345178153, 'beta_5': 17.15413262167561, 'beta_6': 208.75632454094975}. Best is trial 957 with value: 71.38427157687855.
[I 2026-04-01 12:19:09,495] Trial 1018 finished with value: 846.3190963620851 and parameters: {'alpha_0': 17781.108610980235, 'alpha_1': 238.26885742897392, 'alpha_2': 45.063841980465064, 'beta_0': 1.8839731473444579, 'beta_1': 1.7030902119869342, 'beta_2': 1.4397344456205172, 'beta_3': 0.22377329053509237, 'beta_4': 67.27609987190515, 'beta_5': 23.336560553098955, 'beta_6': 209.26378091206823}. Best is trial 957 with value: 71.38427157687855.
[I 2026-04-01 12:19:09,766] Trial 1019 finished with value: 78.22946352770978 and parameters: {'alpha_0': 18223.85270185399, 'alpha_1': 259.07168573156133, 'alpha_2': 44.81358392185353, 'beta_0': 0.247608814634704, 'beta_1': 1.9350435983215595, 'beta_2': 1.4914168733174074, 'beta_3': 0.2160811654955735, 'beta_4': 69.0016982168828, 'beta_5': 24.135724044096342, 'beta_6': 202.42663847997056}. Best is trial 957 with value: 71.38427157687855.
[I 2026-04-01 12:19:53,402] Trial 1023 finished with value: 74.9915126699122 and parameters: {'alpha_0': 15951.73089586417, 'alpha_1': 11.00485739693363, 'alpha_2': 42.83263100825074, 'beta_0': 0.25020174862375444, 'beta_1': 1.8005750554597442, 'beta_2': 1.462791326574376, 'beta_3': 0.22272939840534903, 'beta_4': 69.06838787291998, 'beta_5': 29.567214054964126, 'beta_6': 188.61518641000637}. Best is trial 957 with value: 71.38427157687855.
[I 2026-04-01 12:19:53,490] Trial 1024 finished with value: 82.86049327930513 and parameters: {'alpha_0': 15955.608491555096, 'alpha_1': 1.514279871863863, 'alpha_2': 40.01708257508651, 'beta_0': 0.3365604191522929, 'beta_1': 1.8122633617038526, 'beta_2': 1.5796481175163763, 'beta_3': 0.3693175664671539, 'beta_4': 57.01942346968602, 'beta_5': 10.076044160908335, 'beta_6': 200.60546337237108}. Best is trial 957 with value: 71.38427157687855.
[I 2026-04-01 12:19:53,604] Trial 1022 finished with value: 73.49030220931691 and parameters: {'alpha_0': 16233.158285329166, 'alpha_1': 11.122430222500546, 'alpha_2': 42.872325055091686, 'beta_0': 0.20057604709789353, 'beta_1': 1.8088614388397373, 'beta_2': 1.4785022766618683, 'beta_3': 0.21993722718501904, 'beta_4': 70.33307149824499, 'beta_5': 26.95880245045566, 'beta_6': 186.1771591107906}. Best is trial 957 with value: 71.38427157687855.
[I 2026-04-01 12:19:53,608] Trial 1020 finished with value: 73.34330835410984 and parameters: {'alpha_0': 17641.907205811527, 'alpha_1': 10.04516349113689, 'alpha_2': 44.60711134495579, 'beta_0': 0.20073747987084958, 'beta_1': 1.9176326350058877, 'beta_2': 1.4752293144036648, 'beta_3': 0.33990050414108663, 'beta_4': 57.46488403474649, 'beta_5': 26.864467349166667, 'beta_6': 189.28440053591382}. Best is trial 957 with value: 71.38427157687855.
[I 2026-04-01 12:19:53,646] Trial 1025 finished with value: 79.6559454644302 and parameters: {'alpha_0': 16038.95859402694, 'alpha_1': 269.4118797633898, 'alpha_2': 43.00674070963358, 'beta_0': 0.33493708007693723, 'beta_1': 1.8033542783939815, 'beta_2': 1.4168989030220052, 'beta_3': 0.36272513499234177, 'beta_4': 56.44037596702536, 'beta_5': 9.358858389731084, 'beta_6': 184.18190753260495}. Best is trial 957 with value: 71.38427157687855.
[I 2026-04-01 12:19:53,783] Trial 1029 finished with value: 80.86203494022723 and parameters: {'alpha_0': 16586.583331434074, 'alpha_1': 17.28120757057423, 'alpha_2': 43.05035488672796, 'beta_0': 0.3447389607320031, 'beta_1': 1.7926131492999924, 'beta_2': 1.4147122985551686, 'beta_3': 0.36012443605797806, 'beta_4': 56.648646977773616, 'beta_5': 11.257119171029784, 'beta_6': 186.85915382032113}. Best is trial 957 with value: 71.38427157687855.
Best trial: 957. Best value: 71.3843:  51%|█████▏    | 1026/2000 [1:14:33<59:56,  3.69s/it]Best trial: 957. Best value: 71.3843:  51%|█████▏    | 1026/2000 [1:14:33<59:56,  3.69s/it]                                                                                           Best trial: 957. Best value: 71.3843:  51%|█████▏    | 1027/2000 [1:14:33<59:53,  3.69s/it]Best trial: 957. Best value: 71.3843:  51%|█████▏    | 1027/2000 [1:14:33<59:53,  3.69s/it]Best trial: 957. Best value: 71.3843:  51%|█████▏    | 1028/2000 [1:14:33<45:10,  2.79s/it]                                                                                           Best trial: 957. Best value: 71.3843:  51%|█████▏    | 1028/2000 [1:14:33<45:10,  2.79s/it]Best trial: 957. Best value: 71.3843:  51%|█████▏    | 1028/2000 [1:14:33<45:10,  2.79s/it]                                                                                           Best trial: 957. Best value: 71.3843:  51%|█████▏    | 1029/2000 [1:14:37<45:07,  2.79s/it]Best trial: 957. Best value: 71.3843:  51%|█████▏    | 1029/2000 [1:14:37<45:07,  2.79s/it]Best trial: 957. Best value: 71.3843:  52%|█████▏    | 1030/2000 [1:14:37<40:11,  2.49s/it]                                                                                           Best trial: 957. Best value: 71.3843:  52%|█████▏    | 1030/2000 [1:15:16<40:11,  2.49s/it]Best trial: 957. Best value: 71.3843:  52%|█████▏    | 1030/2000 [1:15:16<40:11,  2.49s/it]Best trial: 957. Best value: 71.3843:  52%|█████▏    | 1031/2000 [1:15:16<2:20:17,  8.69s/it]                                                                                             Best trial: 957. Best value: 71.3843:  52%|█████▏    | 1031/2000 [1:15:16<2:20:17,  8.69s/it]Best trial: 957. Best value: 71.3843:  52%|█████▏    | 1031/2000 [1:15:16<2:20:17,  8.69s/it]Best trial: 957. Best value: 71.3843:  52%|█████▏    | 1032/2000 [1:15:16<1:53:35,  7.04s/it]                                                                                             Best trial: 957. Best value: 71.3843:  52%|█████▏    | 1032/2000 [1:15:17<1:53:35,  7.04s/it]Best trial: 957. Best value: 71.3843:  52%|█████▏    | 1032/2000 [1:15:17<1:53:35,  7.04s/it]Best trial: 957. Best value: 71.3843:  52%|█████▏    | 1033/2000 [1:15:17<1:30:02,  5.59s/it]                                                                                             Best trial: 957. Best value: 71.3843:  52%|█████▏    | 1033/2000 [1:15:17<1:30:02,  5.59s/it]Best trial: 957. Best value: 71.3843:  52%|█████▏    | 1033/2000 [1:15:17<1:30:02,  5.59s/it]                                                                                             Best trial: 957. Best value: 71.3843:  52%|█████▏    | 1034/2000 [1:15:17<1:29:57,  5.59s/it]Best trial: 957. Best value: 71.3843:  52%|█████▏    | 1034/2000 [1:15:17<1:29:57,  5.59s/it]Best trial: 957. Best value: 71.3843:  52%|█████▏    | 1035/2000 [1:15:17<56:10,  3.49s/it]                                                                                             Best trial: 957. Best value: 71.3843:  52%|█████▏    | 1035/2000 [1:15:17<56:10,  3.49s/it]Best trial: 957. Best value: 71.3843:  52%|█████▏    | 1035/2000 [1:15:17<56:10,  3.49s/it]Best trial: 957. Best value: 71.3843:  52%|█████▏    | 1036/2000 [1:15:17<45:03,  2.80s/it]                                                                                           Best trial: 957. Best value: 71.3843:  52%|█████▏    | 1036/2000 [1:15:17<45:03,  2.80s/it]Best trial: 957. Best value: 71.3843:  52%|█████▏    | 1036/2000 [1:15:17<45:03,  2.80s/it]Best trial: 957. Best value: 71.3843:  52%|█████▏    | 1037/2000 [1:15:17<34:58,  2.18s/it]                                                                                           Best trial: 957. Best value: 71.3843:  52%|█████▏    | 1037/2000 [1:15:17<34:58,  2.18s/it]Best trial: 957. Best value: 71.3843:  52%|█████▏    | 1037/2000 [1:15:17<34:58,  2.18s/it]                                                                                           Best trial: 957. Best value: 71.3843:  52%|█████▏    | 1038/2000 [1:15:18<34:56,  2.18s/it]Best trial: 957. Best value: 71.3843:  52%|█████▏    | 1038/2000 [1:15:18<34:56,  2.18s/it]Best trial: 957. Best value: 71.3843:  52%|█████▏    | 1039/2000 [1:15:18<21:34,  1.35s/it]                                                                                           Best trial: 957. Best value: 71.3843:  52%|█████▏    | 1039/2000 [1:15:21<21:34,  1.35s/it]Best trial: 957. Best value: 71.3843:  52%|█████▏    | 1039/2000 [1:15:21<21:34,  1.35s/it]Best trial: 957. Best value: 71.3843:  52%|█████▏    | 1040/2000 [1:15:21<27:58,  1.75s/it]                                                                                           Best trial: 957. Best value: 71.3843:  52%|█████▏    | 1040/2000 [1:16:01<27:58,  1.75s/it]Best trial: 957. Best value: 71.3843:  52%|█████▏    | 1040/2000 [1:16:01<27:58,  1.75s/it]Best trial: 957. Best value: 71.3843:  52%|█████▏    | 1041/2000 [1:16:01<2:55:55, 11.01s/it]                                                                                             Best trial: 957. Best value: 71.3843:  52%|█████▏    | 1041/2000 [1:16:01<2:55:55, 11.01s/it]Best trial: 957. Best value: 71.3843:  52%|█████▏    | 1041/2000 [1:16:01<2:55:55, 11.01s/it]                                                                                             Best trial: 957. Best value: 71.3843:  52%|█████▏    | 1042/2000 [1:16:01<2:55:44, 11.01s/it]Best trial: 957. Best value: 71.3843:  52%|█████▏    | 1042/2000 [1:16:01<2:55:44, 11.01s/it]Best trial: 957. Best value: 71.3843:  52%|█████▏    | 1043/2000 [1:16:01<1:44:29,  6.55s/it]                                                                                             Best trial: 957. Best value: 71.3843:  52%|█████▏    | 1043/2000 [1:16:01<1:44:29,  6.55s/it]Best trial: 957. Best value: 71.3843:  52%|█████▏    | 1043/2000 [1:16:01<1:44:29,  6.55s/it]                                                                                             [I 2026-04-01 12:19:54,028] Trial 1026 finished with value: 80.5860633020703 and parameters: {'alpha_0': 16121.38336931724, 'alpha_1': 283.11928526854587, 'alpha_2': 39.65829598162036, 'beta_0': 0.3462875812394176, 'beta_1': 1.8070492286000632, 'beta_2': 1.414776986518714, 'beta_3': 0.3666992541006984, 'beta_4': 58.48634913306792, 'beta_5': 11.155191424982192, 'beta_6': 200.70013466881457}. Best is trial 957 with value: 71.38427157687855.
[I 2026-04-01 12:19:54,518] Trial 1027 finished with value: 81.35289409422967 and parameters: {'alpha_0': 15886.273925979873, 'alpha_1': 144.08335151765263, 'alpha_2': 43.223876611106114, 'beta_0': 0.326714013137339, 'beta_1': 1.7993535713869417, 'beta_2': 1.4326674193715763, 'beta_3': 0.37356823571793024, 'beta_4': 66.8202476357743, 'beta_5': 29.160009120779094, 'beta_6': 200.03502083354428}. Best is trial 957 with value: 71.38427157687855.
[I 2026-04-01 12:19:54,591] Trial 1028 finished with value: 511.67648413950553 and parameters: {'alpha_0': 15653.271390713702, 'alpha_1': 27.675611086881432, 'alpha_2': 42.983004807045376, 'beta_0': 1.2940237806949633, 'beta_1': 1.787299232970808, 'beta_2': 1.5801396640410683, 'beta_3': 0.37434122081707377, 'beta_4': 58.2098316871105, 'beta_5': 8.930586763182722, 'beta_6': 185.64345401033972}. Best is trial 957 with value: 71.38427157687855.
[I 2026-04-01 12:19:57,935] Trial 1021 finished with value: 87.45201570723346 and parameters: {'alpha_0': 16131.453781987431, 'alpha_1': 244.93652974026767, 'alpha_2': 44.96374745011179, 'beta_0': 0.3496926924565182, 'beta_1': 1.8073260364711574, 'beta_2': 1.465433498156314, 'beta_3': 0.22591482329697557, 'beta_4': 69.1459834669248, 'beta_5': 26.224875004719742, 'beta_6': 199.22112294045084}. Best is trial 957 with value: 71.38427157687855.
[I 2026-04-01 12:20:37,669] Trial 1037 finished with value: 76.38188531595539 and parameters: {'alpha_0': 15761.00816691166, 'alpha_1': 307.132528086466, 'alpha_2': 44.965026006357704, 'beta_0': 0.28980584218220523, 'beta_1': 1.8586741485778395, 'beta_2': 1.5676862080266727, 'beta_3': 0.2691763482926894, 'beta_4': 63.29806812394377, 'beta_5': 7.124786157840083, 'beta_6': 174.18637957079378}. Best is trial 957 with value: 71.38427157687855.
[I 2026-04-01 12:20:37,783] Trial 1030 finished with value: 80.91815045356853 and parameters: {'alpha_0': 16003.401678590055, 'alpha_1': 9266.504330155476, 'alpha_2': 39.55293414554796, 'beta_0': 0.3466399786667944, 'beta_1': 1.8188093224344415, 'beta_2': 1.570228508482886, 'beta_3': 0.3724002956092649, 'beta_4': 56.74390576328244, 'beta_5': 9.666474844071683, 'beta_6': 187.11869133667298}. Best is trial 957 with value: 71.38427157687855.
[I 2026-04-01 12:20:38,077] Trial 1031 finished with value: 76.05354451921417 and parameters: {'alpha_0': 15934.783655373067, 'alpha_1': 324.787047141569, 'alpha_2': 43.3587906535639, 'beta_0': 0.2980074983522057, 'beta_1': 1.8593544727471718, 'beta_2': 1.408754390908522, 'beta_3': 0.3684724420350354, 'beta_4': 57.6834214394108, 'beta_5': 9.776798403915528, 'beta_6': 183.86491457182845}. Best is trial 957 with value: 71.38427157687855.
[I 2026-04-01 12:20:38,104] Trial 1034 finished with value: 78.5021395787698 and parameters: {'alpha_0': 15910.12948817245, 'alpha_1': 229.74760087268322, 'alpha_2': 42.93200522868685, 'beta_0': 0.3090481786099124, 'beta_1': 1.8745783219725016, 'beta_2': 1.404992236984468, 'beta_3': 0.27891936480177365, 'beta_4': 65.69425867466506, 'beta_5': 9.533381946663036, 'beta_6': 177.4071209178541}. Best is trial 957 with value: 71.38427157687855.
[I 2026-04-01 12:20:38,256] Trial 1032 finished with value: 79.78177581703395 and parameters: {'alpha_0': 16701.462867071157, 'alpha_1': 281.0028758641936, 'alpha_2': 43.18508822400637, 'beta_0': 0.3126265418420331, 'beta_1': 1.8483165707923932, 'beta_2': 1.4044926194865184, 'beta_3': 0.3838724525690753, 'beta_4': 19.51698293269275, 'beta_5': 9.450111053562246, 'beta_6': 175.4041690332341}. Best is trial 957 with value: 71.38427157687855.
[I 2026-04-01 12:20:38,531] Trial 1036 finished with value: 74.59357024284935 and parameters: {'alpha_0': 15748.023285953805, 'alpha_1': 367.638818935523, 'alpha_2': 45.69981288739404, 'beta_0': 0.2967495531253569, 'beta_1': 1.863478948032194, 'beta_2': 1.5617788492346514, 'beta_3': 0.26932750803609284, 'beta_4': 18.817247346172685, 'beta_5': 9.431239146801632, 'beta_6': 173.7350305391882}. Best is trial 957 with value: 71.38427157687855.
[I 2026-04-01 12:20:38,665] Trial 1035 finished with value: 79.69254648734429 and parameters: {'alpha_0': 16028.745648796554, 'alpha_1': 318.9606301750615, 'alpha_2': 42.9542951055803, 'beta_0': 0.30032029083385947, 'beta_1': 1.8537213404977597, 'beta_2': 1.5768752874486214, 'beta_3': 0.26656194939534866, 'beta_4': 64.82647825944585, 'beta_5': 11.548103070271344, 'beta_6': 174.43328764620858}. Best is trial 957 with value: 71.38427157687855.
[I 2026-04-01 12:20:38,730] Trial 1038 finished with value: 75.23702136869903 and parameters: {'alpha_0': 16900.461457246634, 'alpha_1': 335.36900001267276, 'alpha_2': 45.783474087512374, 'beta_0': 0.28596604675006276, 'beta_1': 1.700750845924021, 'beta_2': 1.5174052735666066, 'beta_3': 0.3259805437679787, 'beta_4': 65.06870373499375, 'beta_5': 10.54215276394258, 'beta_6': 173.8366617441399}. Best is trial 957 with value: 71.38427157687855.
[I 2026-04-01 12:20:38,869] Trial 1033 finished with value: 92.15320634875525 and parameters: {'alpha_0': 15911.746086222265, 'alpha_1': 309.9401973960022, 'alpha_2': 42.81123340404776, 'beta_0': 0.3484704221721394, 'beta_1': 1.7821376319187447, 'beta_2': 1.4037665513094608, 'beta_3': 0.2785106921234693, 'beta_4': 65.56439681196773, 'beta_5': 9.897971151006837, 'beta_6': 173.92416983909143}. Best is trial 957 with value: 71.38427157687855.
[I 2026-04-01 12:20:42,020] Trial 1039 finished with value: 74.82806404173839 and parameters: {'alpha_0': 15626.971913557338, 'alpha_1': 319.5272917419651, 'alpha_2': 45.4809403287226, 'beta_0': 0.3003712037244921, 'beta_1': 1.6732298169265618, 'beta_2': 1.522625913439202, 'beta_3': 0.2828544829746045, 'beta_4': 64.92032412531913, 'beta_5': 10.540070436631307, 'beta_6': 230.58790155133795}. Best is trial 957 with value: 71.38427157687855.
[I 2026-04-01 12:21:22,152] Trial 1040 finished with value: 76.85668826112916 and parameters: {'alpha_0': 16904.957441719707, 'alpha_1': 346.3552367116829, 'alpha_2': 45.760696123232776, 'beta_0': 0.28788361118020633, 'beta_1': 1.6885495274450397, 'beta_2': 1.3354102611215792, 'beta_3': 0.27033961019539865, 'beta_4': 64.51402463283708, 'beta_5': 33.28732395959726, 'beta_6': 175.4434151763131}. Best is trial 957 with value: 71.38427157687855.
[I 2026-04-01 12:21:22,201] Trial 1042 finished with value: 78.81871848851264 and parameters: {'alpha_0': 16995.611894522797, 'alpha_1': 391.39562872961926, 'alpha_2': 45.59613928947806, 'beta_0': 0.25329123843283685, 'beta_1': 1.687246127498708, 'beta_2': 1.5147671312930038, 'beta_3': 0.3214627775834275, 'beta_4': 65.23767372239486, 'beta_5': 33.814980801056336, 'beta_6': 230.57929411138701}. Best is trial 957 with value: 71.38427157687855.
[I 2026-04-01 12:21:22,325] Trial 1041 finished with value: 72.81799925823685 and parameters: {'alpha_0': 16717.707144451102, 'alpha_1': 373.9691806154031, 'alpha_2': 45.47948921584804, 'beta_0': 0.20087532128271074, 'beta_1': 1.6999512654499378, 'beta_2': 1.5083097501759788, 'beta_3': 0.28314180010434153, 'beta_4': 18.731272194409044, 'beta_5': 13.14515444405841, 'beta_6': 173.7236461210556}. Best is trial 957 with value: 71.38427157687855.
[I 2026-04-01 12:21:22,393] Trial 1047 finished with value: 73.75782510863684 and parameters: {'alpha_0': 18342.358867416464, 'alpha_1': 479.4479077275796, 'alpha_2': 45.3058129735236, 'beta_0': 0.2022315723241159, 'beta_1': 1.6852701947002684, 'beta_2': 1.3535092334210497, 'beta_3': 0.32614589993695675, 'beta_4': 30.34095648513628, 'beta_5': 33.14082390885768, 'beta_6': 162.9434099482703}. Best is trial 957 with value: 71.38427157687855.
