[I 2026-04-01 11:05:20,852] A new study created in RDB with name: iter15_evolved
======================================================================
INNER LOOP SETUP
======================================================================

Iteration: 15
Backend: evolved
Reasoning: Iteration 15: Adopt trained-roofline architecture + MoE/quantization fixes.

**What Changed**:
- Complete rewrite of evolved_model.go to use trained-roofline's 7-term formula:
  β₁·max(T_pf_compute, T_pf_kv) + β₂·max(T_dc_compute, T_dc_kv) + β₃·T_weight
  + β₄·T_tp + β₅·L + β₆·batchSize + β₇
- Added InterleaveMoELayerStep/DenseIntermediateDim handling (#877 fix for Scout)
- Added EffectiveWeightBytesPerParam (FP8-aware, Scout uses 1 byte/param not 2)
- Added FP8 peak FLOPS selection for FP8 models on FP8-capable GPUs
- PostDecodeFixedOverhead now returns α₁ (was 0 in iter0-14)
- QueueingTime now returns constant α₀ (was α₀ + α₁×tokens + β₆ in iter0-14)
- Coefficient count: 7 betas + 3 alphas (was 8 betas + 3 alphas in iter14)

**Why This Architecture**:
Diagnostic analysis revealed two structural bugs in iter0-14's evolved model:
1. Missing memory-bandwidth floor: decode used compute-only formula, 13× too low at B=1
2. Per-request overhead accumulation: β₃/β₇ in StepTime accumulated O(N×B) per request
The trained-roofline backend (same codebase, 7% MAPE) avoids both. Iter15 adopts it
with enhancements for the current dataset (MoE interleave, FP8 quantization).

**Previous Iteration (14)**:
- Loss 2319% (catastrophic) — β₅ fix worked but structural E2E bug remained
- E2E RMSE 91% across ALL experiments due to phantom overhead accumulation

Modified files: ['sim/latency/evolved_model.go']

Verifying declared files...
  ✓ sim/latency/evolved_model.go

Running pre-flight validation...
🔍 Validating backend 'evolved' integration...

  ✅ Backend registered in sim/bundle.go
  ✅ Auto-fetch block found in cmd/root.go
  ✅ Backend in analytical backends config loading condition
  ✅ BLIS binary is up-to-date

  🧪 Running test simulation with backend 'evolved'...
  📋 Using coefficients from iteration 15:
     Alpha: 3 coefficients
     Beta: 7 coefficients
  ✅ Test simulation succeeded

======================================================================
✅ ALL VALIDATION CHECKS PASSED
======================================================================

Backend 'evolved' is properly integrated and ready for optimization!


Coefficient bounds loaded:
  Alpha: 3 coefficients
  Beta: 7 coefficients

Python executable: /opt/homebrew/bin/python3

Compiling BLIS...
  ✓ Compilation successful (0.1s)

Setup complete. Ready to optimize evolved.
======================================================================

======================================================================
BAYESIAN OPTIMIZATION (2000 trials)
Random seed: 42 (deterministic)
======================================================================
  SQLite storage: iterations/iter15/iter15_evolved.db (crash-resilient, 10 parallel jobs)
  Warm-start: Skipped enqueue (incompatible with n_jobs=10)
  0%|          | 0/2000 [00:00<?, ?it/s]                                          0%|          | 0/2000 [00:43<?, ?it/s]Best trial: 9. Best value: 308.199:   0%|          | 0/2000 [00:43<?, ?it/s]Best trial: 9. Best value: 308.199:   0%|          | 1/2000 [00:43<24:07:49, 43.46s/it]                                                                                       Best trial: 9. Best value: 308.199:   0%|          | 1/2000 [00:43<24:07:49, 43.46s/it]                                                                                       Best trial: 9. Best value: 308.199:   0%|          | 1/2000 [00:43<24:07:49, 43.46s/it]Best trial: 9. Best value: 308.199:   0%|          | 1/2000 [00:43<24:07:49, 43.46s/it]Best trial: 9. Best value: 308.199:   0%|          | 2/2000 [00:43<10:04:48, 18.16s/it]Best trial: 9. Best value: 308.199:   0%|          | 2/2000 [00:43<10:04:48, 18.16s/it]                                                                                       Best trial: 9. Best value: 308.199:   0%|          | 3/2000 [00:43<10:04:30, 18.16s/it]                                                                                       Best trial: 9. Best value: 308.199:   0%|          | 3/2000 [00:44<10:04:30, 18.16s/it]Best trial: 6. Best value: 179.884:   0%|          | 3/2000 [00:44<10:04:30, 18.16s/it]Best trial: 6. Best value: 179.884:   0%|          | 4/2000 [00:44<10:04:12, 18.16s/it]Best trial: 6. Best value: 179.884:   0%|          | 5/2000 [00:44<2:52:19,  5.18s/it]                                                                                       Best trial: 6. Best value: 179.884:   0%|          | 5/2000 [00:44<2:52:19,  5.18s/it]Best trial: 6. Best value: 179.884:   0%|          | 5/2000 [00:44<2:52:19,  5.18s/it]                                                                                      Best trial: 6. Best value: 179.884:   0%|          | 6/2000 [00:44<2:52:14,  5.18s/it]Best trial: 6. Best value: 179.884:   0%|          | 6/2000 [00:44<2:52:14,  5.18s/it]Best trial: 6. Best value: 179.884:   0%|          | 7/2000 [00:44<1:45:16,  3.17s/it]                                                                                      Best trial: 6. Best value: 179.884:   0%|          | 7/2000 [00:44<1:45:16,  3.17s/it]Best trial: 6. Best value: 179.884:   0%|          | 7/2000 [00:44<1:45:16,  3.17s/it]                                                                                      Best trial: 6. Best value: 179.884:   0%|          | 8/2000 [00:44<1:45:13,  3.17s/it]Best trial: 6. Best value: 179.884:   0%|          | 8/2000 [00:44<1:45:13,  3.17s/it]Best trial: 6. Best value: 179.884:   0%|          | 9/2000 [00:44<1:07:55,  2.05s/it]                                                                                      Best trial: 6. Best value: 179.884:   0%|          | 9/2000 [00:45<1:07:55,  2.05s/it]Best trial: 6. Best value: 179.884:   0%|          | 9/2000 [00:45<1:07:55,  2.05s/it]Best trial: 6. Best value: 179.884:   0%|          | 10/2000 [01:00<1:07:53,  2.05s/it]                                                                                       Best trial: 6. Best value: 179.884:   0%|          | 10/2000 [01:27<1:07:53,  2.05s/it]Best trial: 15. Best value: 118.591:   0%|          | 10/2000 [01:28<1:07:53,  2.05s/it]Best trial: 15. Best value: 118.591:   1%|          | 11/2000 [01:28<4:51:28,  8.79s/it]                                                                                        Best trial: 15. Best value: 118.591:   1%|          | 11/2000 [01:28<4:51:28,  8.79s/it]Best trial: 15. Best value: 118.591:   1%|          | 11/2000 [01:28<4:51:28,  8.79s/it]Best trial: 15. Best value: 118.591:   1%|          | 12/2000 [01:28<3:57:10,  7.16s/it]                                                                                        Best trial: 15. Best value: 118.591:   1%|          | 12/2000 [01:29<3:57:10,  7.16s/it]Best trial: 15. Best value: 118.591:   1%|          | 12/2000 [01:29<3:57:10,  7.16s/it]Best trial: 15. Best value: 118.591:   1%|          | 13/2000 [01:29<3:11:21,  5.78s/it]                                                                                        Best trial: 15. Best value: 118.591:   1%|          | 13/2000 [01:29<3:11:21,  5.78s/it]Best trial: 15. Best value: 118.591:   1%|          | 13/2000 [01:29<3:11:21,  5.78s/it]Best trial: 15. Best value: 118.591:   1%|          | 14/2000 [01:29<2:27:03,  4.44s/it]                                                                                        Best trial: 15. Best value: 118.591:   1%|          | 14/2000 [01:29<2:27:03,  4.44s/it]Best trial: 15. Best value: 118.591:   1%|          | 14/2000 [01:29<2:27:03,  4.44s/it]                                                                                        Best trial: 15. Best value: 118.591:   1%|          | 15/2000 [01:29<2:26:58,  4.44s/it]Best trial: 15. Best value: 118.591:   1%|          | 15/2000 [01:29<2:26:58,  4.44s/it]Best trial: 15. Best value: 118.591:   1%|          | 16/2000 [01:29<1:28:37,  2.68s/it]                                                                                        Best trial: 15. Best value: 118.591:   1%|          | 16/2000 [01:30<1:28:37,  2.68s/it]Best trial: 15. Best value: 118.591:   1%|          | 16/2000 [01:30<1:28:37,  2.68s/it]Best trial: 15. Best value: 118.591:   1%|          | 17/2000 [01:30<1:10:41,  2.14s/it]                                                                                        Best trial: 15. Best value: 118.591:   1%|          | 17/2000 [01:30<1:10:41,  2.14s/it]Best trial: 15. Best value: 118.591:   1%|          | 17/2000 [01:30<1:10:41,  2.14s/it]Best trial: 15. Best value: 118.591:   1%|          | 18/2000 [01:30<57:55,  1.75s/it]                                                                                        [I 2026-04-01 11:06:04,314] Trial 9 finished with value: 308.1991622621571 and parameters: {'alpha_0': 45680.34916250435, 'alpha_1': 4299.091597124261, 'alpha_2': 23.98769295741746, 'beta_0': 0.21980824679563324, 'beta_1': 1.9713695829483968, 'beta_2': 2.0810649012838165, 'beta_3': 0.6793274085757266, 'beta_4': 110.83581211843756, 'beta_5': 442.2376250240818, 'beta_6': 39.86187024119553}. Best is trial 9 with value: 308.1991622621571.
[I 2026-04-01 11:06:04,766] Trial 5 finished with value: 1249.2669875455053 and parameters: {'alpha_0': 46879.7786187458, 'alpha_1': 4584.521721743564, 'alpha_2': 23.249393676713403, 'beta_0': 2.340544804390176, 'beta_1': 1.4310017186184445, 'beta_2': 1.5429336309973722, 'beta_3': 0.16557076422900896, 'beta_4': 142.2858849269906, 'beta_5': 118.59542432808668, 'beta_6': 155.63625979514063}. Best is trial 9 with value: 308.1991622621571.
[I 2026-04-01 11:06:04,771] Trial 7 finished with value: 863.6687738758408 and parameters: {'alpha_0': 47259.91836732951, 'alpha_1': 335.757015727679, 'alpha_2': 15.838187329757702, 'beta_0': 1.6850234440986347, 'beta_1': 0.4873770918879612, 'beta_2': 0.7199558569946303, 'beta_3': 0.1300629626605856, 'beta_4': 98.29850487098585, 'beta_5': 316.0796810004848, 'beta_6': 133.97033279501431}. Best is trial 9 with value: 308.1991622621571.
[I 2026-04-01 11:06:04,857] Trial 2 finished with value: 1428.2203820378295 and parameters: {'alpha_0': 45957.35822172842, 'alpha_1': 2639.51633159902, 'alpha_2': 34.57984799953556, 'beta_0': 2.90000674963049, 'beta_1': 1.6061422240152765, 'beta_2': 1.1971113129897748, 'beta_3': 0.28306806770633464, 'beta_4': 27.140166740668192, 'beta_5': 75.32609623224712, 'beta_6': 424.63553732061575}. Best is trial 9 with value: 308.1991622621571.
[I 2026-04-01 11:06:04,867] Trial 6 finished with value: 179.88448431517384 and parameters: {'alpha_0': 1361.8744018760508, 'alpha_1': 7587.554958018744, 'alpha_2': 1.9678072625900433, 'beta_0': 0.2772790153172386, 'beta_1': 1.3564163552055597, 'beta_2': 2.2841694996225503, 'beta_3': 1.8924458255566667, 'beta_4': 131.93136337564505, 'beta_5': 286.31474137226337, 'beta_6': 55.64172863939781}. Best is trial 6 with value: 179.88448431517384.
[I 2026-04-01 11:06:04,975] Trial 0 finished with value: 744.5558279720639 and parameters: {'alpha_0': 5886.300343410643, 'alpha_1': 1246.8614215596185, 'alpha_2': 9.212777734892002, 'beta_0': 1.5241233321705694, 'beta_1': 0.5273981408850152, 'beta_2': 2.331961175240688, 'beta_3': 0.1720472360090166, 'beta_4': 11.894678013656556, 'beta_5': 244.71731525768692, 'beta_6': 3.836220554652936}. Best is trial 6 with value: 179.88448431517384.
[I 2026-04-01 11:06:05,309] Trial 3 finished with value: 533.1979726046003 and parameters: {'alpha_0': 46818.3840629528, 'alpha_1': 9316.33319358777, 'alpha_2': 45.364929208623735, 'beta_0': 1.151794740974076, 'beta_1': 2.6710477535079677, 'beta_2': 1.7091962756551575, 'beta_3': 1.6773541740648767, 'beta_4': 22.56315195996832, 'beta_5': 116.81549147712728, 'beta_6': 15.443841097205425}. Best is trial 6 with value: 179.88448431517384.
[I 2026-04-01 11:06:05,372] Trial 4 finished with value: 285.4291899353803 and parameters: {'alpha_0': 1508.2455962795182, 'alpha_1': 1689.4987414110963, 'alpha_2': 42.6722230963645, 'beta_0': 0.5368008161682323, 'beta_1': 2.656217757074121, 'beta_2': 2.329458738216602, 'beta_3': 0.47471791576314404, 'beta_4': 60.41825326447536, 'beta_5': 472.9606924095538, 'beta_6': 196.37785245407818}. Best is trial 6 with value: 179.88448431517384.
[I 2026-04-01 11:06:05,526] Trial 8 finished with value: 1473.9884837952518 and parameters: {'alpha_0': 21638.608724734855, 'alpha_1': 4842.17942725642, 'alpha_2': 16.00100818303791, 'beta_0': 2.7109626614641793, 'beta_1': 0.754972495993051, 'beta_2': 1.4923433945462368, 'beta_3': 1.3860279246725087, 'beta_4': 69.36573866074679, 'beta_5': 260.75736443666085, 'beta_6': 354.8007822156383}. Best is trial 6 with value: 179.88448431517384.
[I 2026-04-01 11:06:06,098] Trial 1 finished with value: 1483.8935244933766 and parameters: {'alpha_0': 32490.877790811115, 'alpha_1': 9019.923532456858, 'alpha_2': 35.57048121711637, 'beta_0': 2.534325217054867, 'beta_1': 2.3681132465079324, 'beta_2': 2.650245483282516, 'beta_3': 0.19420392825484845, 'beta_4': 56.389310052075146, 'beta_5': 313.1568115315671, 'beta_6': 268.0196591318292}. Best is trial 6 with value: 179.88448431517384.
[I 2026-04-01 11:06:48,859] Trial 15 finished with value: 118.59088403873163 and parameters: {'alpha_0': 14311.456286466111, 'alpha_1': 8450.963818198226, 'alpha_2': 34.3980931385388, 'beta_0': 0.4786151289619525, 'beta_1': 2.3786533446835207, 'beta_2': 1.2285013503907387, 'beta_3': 0.36155311013064284, 'beta_4': 7.136383693931148, 'beta_5': 240.5118444530256, 'beta_6': 312.37962253061875}. Best is trial 15 with value: 118.59088403873163.
[I 2026-04-01 11:06:49,363] Trial 10 finished with value: 1218.8642591066534 and parameters: {'alpha_0': 17448.241621430858, 'alpha_1': 8962.28345426099, 'alpha_2': 12.626741395467683, 'beta_0': 2.3810014628266183, 'beta_1': 1.8747760328799823, 'beta_2': 0.759250232336256, 'beta_3': 0.572477250273765, 'beta_4': 11.892524473710054, 'beta_5': 371.8770910134417, 'beta_6': 368.78087916618443}. Best is trial 15 with value: 118.59088403873163.
[I 2026-04-01 11:06:50,243] Trial 13 finished with value: 1528.7057802500558 and parameters: {'alpha_0': 28737.638301579984, 'alpha_1': 7721.164857361974, 'alpha_2': 32.98018666203774, 'beta_0': 2.6506578327770125, 'beta_1': 0.8963509067766731, 'beta_2': 2.9157435547463066, 'beta_3': 1.1990009939008213, 'beta_4': 125.93120859784403, 'beta_5': 135.7602327520957, 'beta_6': 365.65912755763463}. Best is trial 15 with value: 118.59088403873163.
[I 2026-04-01 11:06:50,427] Trial 17 finished with value: 536.4134180670717 and parameters: {'alpha_0': 13634.935696269615, 'alpha_1': 345.7837961528232, 'alpha_2': 5.378577166981785, 'beta_0': 1.3165588865900806, 'beta_1': 1.204253182800897, 'beta_2': 1.505690002639665, 'beta_3': 1.4702788306618413, 'beta_4': 84.80425298747294, 'beta_5': 62.410172716251985, 'beta_6': 80.2732879913231}. Best is trial 15 with value: 118.59088403873163.
[I 2026-04-01 11:06:50,436] Trial 14 finished with value: 1195.9967459991562 and parameters: {'alpha_0': 21631.69291891801, 'alpha_1': 7336.000650336419, 'alpha_2': 31.161960850104663, 'beta_0': 2.303407730894974, 'beta_1': 1.4780264875166969, 'beta_2': 2.626019425772704, 'beta_3': 0.2065178379916799, 'beta_4': 42.207441176425185, 'beta_5': 68.3413964283997, 'beta_6': 367.9946890866004}. Best is trial 15 with value: 118.59088403873163.
[I 2026-04-01 11:06:50,627] Trial 19 finished with value: 488.236674684515 and parameters: {'alpha_0': 13583.481887225325, 'alpha_1': 7199.64446290698, 'alpha_2': 2.5620132319335314, 'beta_0': 0.8541457223178863, 'beta_1': 1.1108965037233924, 'beta_2': 2.8434633859758796, 'beta_3': 1.9829670575014382, 'beta_4': 185.28736400318923, 'beta_5': 394.7406302195278, 'beta_6': 493.0296963132796}. Best is trial 15 with value: 118.59088403873163.
[I 2026-04-01 11:06:50,900] Trial 11 finished with value: 767.3136471476821 and parameters: {'alpha_0': 24744.145728081512, 'alpha_1': 5142.3452269755635, 'alpha_2': 8.344891129487436, 'beta_0': 1.405216994062809, 'beta_1': 2.5743574539134197, 'beta_2': 2.128512488418021, 'beta_3': 0.06750586270972603, 'beta_4': 101.77997459561843, 'beta_5': 141.81708514467655, 'beta_6': 373.86689395642725}. Best is trial 15 with value: 118.59088403873163.
[I 2026-04-01 11:06:51,454] Trial 12 finished with value: 895.8928887727911 and parameters: {'alpha_0': 23954.726238156956, 'alpha_1': 702.1953654951651, 'alpha_2': 16.730211489678737, 'beta_0': 1.3753812581757858, 'beta_1': 1.4184400202166463, 'beta_2': 2.6638926976868587, 'beta_3': 0.5280168196470632, 'beta_4': 183.29786067927245, 'beta_5': 461.32935174647685, 'beta_6': 362.1258738950116}. Best is trial 15 with value: 118.59088403873163.
