[I 2026-04-01 11:08:56,788] Trial 40 finished with value: 162.49394232682903 and parameters: {'alpha_0': 4434.91172898414, 'alpha_1': 3538.693479862821, 'alpha_2': 48.520197642984165, 'beta_0': 0.5877794003252272, 'beta_1': 1.840753013071511, 'beta_2': 0.7984505461532346, 'beta_3': 0.7284881584824593, 'beta_4': 148.64987692172537, 'beta_5': 158.80384318658105, 'beta_6': 206.91817342956506}. Best is trial 28 with value: 82.33862453040055.
[I 2026-04-01 11:08:57,260] Trial 43 finished with value: 92.36577494725286 and parameters: {'alpha_0': 3959.1113539754624, 'alpha_1': 9937.134788412128, 'alpha_2': 38.216385759409754, 'beta_0': 0.20545923806730226, 'beta_1': 2.3693346595370777, 'beta_2': 0.6006823289083987, 'beta_3': 1.0217459916678737, 'beta_4': 144.09645079884118, 'beta_5': 253.66558877049957, 'beta_6': 406.2451313892541}. Best is trial 28 with value: 82.33862453040055.
[I 2026-04-01 11:08:57,488] Trial 41 finished with value: 171.4701601708138 and parameters: {'alpha_0': 4100.711097814031, 'alpha_1': 3212.4730995590908, 'alpha_2': 39.36929584942221, 'beta_0': 0.6501072290324794, 'beta_1': 2.3519408415801433, 'beta_2': 0.506666465077993, 'beta_3': 1.1585312991287942, 'beta_4': 145.78889458918627, 'beta_5': 246.1588492452405, 'beta_6': 323.75191402637745}. Best is trial 28 with value: 82.33862453040055.
[I 2026-04-01 11:08:57,784] Trial 46 finished with value: 87.7728382641685 and parameters: {'alpha_0': 3982.0561285353733, 'alpha_1': 3433.4147158295846, 'alpha_2': 39.05901425961936, 'beta_0': 0.2060585373390633, 'beta_1': 1.6355812742094034, 'beta_2': 0.5388247083521994, 'beta_3': 1.2364422514812832, 'beta_4': 142.3476499189136, 'beta_5': 245.43309639201695, 'beta_6': 323.1390413859928}. Best is trial 28 with value: 82.33862453040055.
[I 2026-04-01 11:08:57,836] Trial 42 finished with value: 421.25613549446564 and parameters: {'alpha_0': 4200.504368296879, 'alpha_1': 3434.1761460511616, 'alpha_2': 39.992976046715725, 'beta_0': 1.0602631631148105, 'beta_1': 2.4521643392780974, 'beta_2': 0.5058776822934982, 'beta_3': 1.2544562742247476, 'beta_4': 145.7783477781269, 'beta_5': 243.61854600839888, 'beta_6': 419.9075821070908}. Best is trial 28 with value: 82.33862453040055.
[I 2026-04-01 11:08:58,006] Trial 44 finished with value: 95.9419610457467 and parameters: {'alpha_0': 3858.00623609286, 'alpha_1': 3702.6326142629655, 'alpha_2': 41.525714554487074, 'beta_0': 0.21681537114110133, 'beta_1': 2.4411137472403945, 'beta_2': 0.5829660558700955, 'beta_3': 1.22658357265166, 'beta_4': 145.0146361037656, 'beta_5': 307.58587640318734, 'beta_6': 418.02825397309675}. Best is trial 28 with value: 82.33862453040055.
[I 2026-04-01 11:08:58,409] Trial 47 finished with value: 538.7698689555787 and parameters: {'alpha_0': 36140.89587091133, 'alpha_1': 8179.469702950596, 'alpha_2': 38.60529845897524, 'beta_0': 1.1249481122215153, 'beta_1': 2.414050583290596, 'beta_2': 0.5979005625940282, 'beta_3': 1.001113087786313, 'beta_4': 143.51820528420262, 'beta_5': 241.0585350051722, 'beta_6': 419.5801916378648}. Best is trial 28 with value: 82.33862453040055.
[I 2026-04-01 11:08:58,503] Trial 49 finished with value: 464.13355358104883 and parameters: {'alpha_0': 39082.90267197709, 'alpha_1': 8162.621231609844, 'alpha_2': 38.87786848115621, 'beta_0': 1.0226640738982344, 'beta_1': 1.635735380528759, 'beta_2': 0.539669087194347, 'beta_3': 1.013477584608891, 'beta_4': 139.96765273483055, 'beta_5': 241.87182036699207, 'beta_6': 409.2406095255759}. Best is trial 28 with value: 82.33862453040055.
[I 2026-04-01 11:08:58,511] Trial 45 finished with value: 428.4104260302487 and parameters: {'alpha_0': 3365.6972631771996, 'alpha_1': 3753.621573404187, 'alpha_2': 40.83382985564813, 'beta_0': 1.0814295169680954, 'beta_1': 1.6506960673145648, 'beta_2': 0.5876514135888059, 'beta_3': 1.2371881850914592, 'beta_4': 146.11073572879178, 'beta_5': 240.1220459702447, 'beta_6': 441.5953276106946}. Best is trial 28 with value: 82.33862453040055.
[I 2026-04-01 11:08:58,846] Trial 48 finished with value: 448.79589952928035 and parameters: {'alpha_0': 42499.11076723389, 'alpha_1': 3279.1897925989697, 'alpha_2': 38.88103197408594, 'beta_0': 0.9789832561482672, 'beta_1': 2.4085907978374315, 'beta_2': 0.5288549710026558, 'beta_3': 1.2442175970551472, 'beta_4': 140.02811067915704, 'beta_5': 302.3588314246765, 'beta_6': 426.82923984689444}. Best is trial 28 with value: 82.33862453040055.
[I 2026-04-01 11:09:38,856] Trial 51 finished with value: 130.2249685875846 and parameters: {'alpha_0': 35947.413554611616, 'alpha_1': 9972.431369338537, 'alpha_2': 38.84875738151491, 'beta_0': 0.3198994274259863, 'beta_1': 2.367360845744632, 'beta_2': 0.5614162068831563, 'beta_3': 1.2345229567676372, 'beta_4': 134.90198531179743, 'beta_5': 243.85873953600043, 'beta_6': 406.2267216356694}. Best is trial 28 with value: 82.33862453040055.
[I 2026-04-01 11:09:39,028] Trial 50 finished with value: 91.04701650428024 and parameters: {'alpha_0': 2966.745349408331, 'alpha_1': 5312.091200695722, 'alpha_2': 40.83881228701979, 'beta_0': 0.2088112677010452, 'beta_1': 2.4260842679039887, 'beta_2': 0.5674395827914869, 'beta_3': 1.187176982759932, 'beta_4': 135.27765506887076, 'beta_5': 243.56975072478394, 'beta_6': 328.52070804589204}. Best is trial 28 with value: 82.33862453040055.
[I 2026-04-01 11:09:39,464] Trial 54 finished with value: 97.06061448504045 and parameters: {'alpha_0': 1020.9251573457132, 'alpha_1': 8189.759416530635, 'alpha_2': 21.236574407417127, 'beta_0': 0.34623630010301487, 'beta_1': 1.6983400349433966, 'beta_2': 0.6287411369193794, 'beta_3': 0.9775900754629281, 'beta_4': 129.61806260062363, 'beta_5': 272.16978874822115, 'beta_6': 404.48795035933176}. Best is trial 28 with value: 82.33862453040055.
[I 2026-04-01 11:09:39,691] Trial 55 finished with value: 103.25655944544903 and parameters: {'alpha_0': 1134.874703492038, 'alpha_1': 2990.311218388889, 'alpha_2': 36.67944705149527, 'beta_0': 0.34813406748574555, 'beta_1': 1.6530811139063428, 'beta_2': 0.5118461108391655, 'beta_3': 1.3202946677196052, 'beta_4': 132.51326464824743, 'beta_5': 285.2100759043038, 'beta_6': 434.172478848583}. Best is trial 28 with value: 82.33862453040055.
Best trial: 28. Best value: 82.3386:   3%|▎         | 54/2000 [04:18<2:18:22,  4.27s/it]                                                                                        Best trial: 28. Best value: 82.3386:   3%|▎         | 54/2000 [04:18<2:18:22,  4.27s/it]                                                                                        Best trial: 28. Best value: 82.3386:   3%|▎         | 54/2000 [04:18<2:18:22,  4.27s/it]Best trial: 28. Best value: 82.3386:   3%|▎         | 54/2000 [04:18<2:18:22,  4.27s/it]Best trial: 28. Best value: 82.3386:   3%|▎         | 55/2000 [04:18<2:18:18,  4.27s/it]Best trial: 28. Best value: 82.3386:   3%|▎         | 56/2000 [04:18<2:18:14,  4.27s/it]                                                                                        Best trial: 28. Best value: 82.3386:   3%|▎         | 57/2000 [04:19<2:18:09,  4.27s/it]Best trial: 28. Best value: 82.3386:   3%|▎         | 57/2000 [04:19<2:18:09,  4.27s/it]Best trial: 28. Best value: 82.3386:   3%|▎         | 58/2000 [04:19<55:18,  1.71s/it]                                                                                        Best trial: 28. Best value: 82.3386:   3%|▎         | 58/2000 [04:19<55:18,  1.71s/it]Best trial: 28. Best value: 82.3386:   3%|▎         | 58/2000 [04:19<55:18,  1.71s/it]Best trial: 28. Best value: 82.3386:   3%|▎         | 59/2000 [04:19<46:32,  1.44s/it]                                                                                      Best trial: 28. Best value: 82.3386:   3%|▎         | 59/2000 [04:20<46:32,  1.44s/it]Best trial: 28. Best value: 82.3386:   3%|▎         | 59/2000 [04:20<46:32,  1.44s/it]Best trial: 28. Best value: 82.3386:   3%|▎         | 60/2000 [04:20<44:00,  1.36s/it]                                                                                      Best trial: 28. Best value: 82.3386:   3%|▎         | 60/2000 [04:59<44:00,  1.36s/it]Best trial: 28. Best value: 82.3386:   3%|▎         | 60/2000 [04:59<44:00,  1.36s/it]Best trial: 28. Best value: 82.3386:   3%|▎         | 61/2000 [04:59<5:21:24,  9.95s/it]                                                                                        Best trial: 28. Best value: 82.3386:   3%|▎         | 61/2000 [04:59<5:21:24,  9.95s/it]Best trial: 28. Best value: 82.3386:   3%|▎         | 61/2000 [04:59<5:21:24,  9.95s/it]                                                                                        Best trial: 28. Best value: 82.3386:   3%|▎         | 62/2000 [05:00<5:21:14,  9.95s/it]Best trial: 28. Best value: 82.3386:   3%|▎         | 62/2000 [05:00<5:21:14,  9.95s/it]Best trial: 28. Best value: 82.3386:   3%|▎         | 63/2000 [05:00<3:17:57,  6.13s/it]                                                                                        Best trial: 28. Best value: 82.3386:   3%|▎         | 63/2000 [05:00<3:17:57,  6.13s/it]Best trial: 28. Best value: 82.3386:   3%|▎         | 63/2000 [05:00<3:17:57,  6.13s/it]                                                                                        Best trial: 28. Best value: 82.3386:   3%|▎         | 64/2000 [05:00<3:17:51,  6.13s/it]Best trial: 28. Best value: 82.3386:   3%|▎         | 64/2000 [05:00<3:17:51,  6.13s/it]Best trial: 28. Best value: 82.3386:   3%|▎         | 65/2000 [05:00<2:09:46,  4.02s/it]                                                                                        Best trial: 28. Best value: 82.3386:   3%|▎         | 65/2000 [05:00<2:09:46,  4.02s/it]Best trial: 28. Best value: 82.3386:   3%|▎         | 65/2000 [05:00<2:09:46,  4.02s/it]                                                                                        Best trial: 28. Best value: 82.3386:   3%|▎         | 66/2000 [05:00<2:09:42,  4.02s/it]Best trial: 28. Best value: 82.3386:   3%|▎         | 66/2000 [05:00<2:09:42,  4.02s/it]Best trial: 28. Best value: 82.3386:   3%|▎         | 67/2000 [05:00<1:26:45,  2.69s/it]                                                                                        Best trial: 28. Best value: 82.3386:   3%|▎         | 67/2000 [05:01<1:26:45,  2.69s/it]Best trial: 28. Best value: 82.3386:   3%|▎         | 67/2000 [05:01<1:26:45,  2.69s/it]Best trial: 28. Best value: 82.3386:   3%|▎         | 68/2000 [05:01<1:11:52,  2.23s/it]                                                                                        Best trial: 28. Best value: 82.3386:   3%|▎         | 68/2000 [05:01<1:11:52,  2.23s/it]Best trial: 28. Best value: 82.3386:   3%|▎         | 68/2000 [05:01<1:11:52,  2.23s/it]Best trial: 28. Best value: 82.3386:   3%|▎         | 69/2000 [05:01<59:56,  1.86s/it]                                                                                        Best trial: 28. Best value: 82.3386:   3%|▎         | 69/2000 [05:02<59:56,  1.86s/it]Best trial: 28. Best value: 82.3386:   3%|▎         | 69/2000 [05:02<59:56,  1.86s/it]Best trial: 28. Best value: 82.3386:   4%|▎         | 70/2000 [05:02<51:22,  1.60s/it]                                                                                      Best trial: 28. Best value: 82.3386:   4%|▎         | 70/2000 [05:41<51:22,  1.60s/it]Best trial: 28. Best value: 82.3386:   4%|▎         | 70/2000 [05:41<51:22,  1.60s/it]Best trial: 28. Best value: 82.3386:   4%|▎         | 71/2000 [05:41<5:56:44, 11.10s/it]                                                                                        Best trial: 28. Best value: 82.3386:   4%|▎         | 71/2000 [05:42<5:56:44, 11.10s/it]Best trial: 28. Best value: 82.3386:   4%|▎         | 71/2000 [05:42<5:56:44, 11.10s/it]Best trial: 28. Best value: 82.3386:   4%|▎         | 72/2000 [05:42<4:27:48,  8.33s/it]                                                                                        [I 2026-04-01 11:09:39,739] Trial 59 finished with value: 94.71484638610707 and parameters: {'alpha_0': 288.22679993537804, 'alpha_1': 2649.0566705333345, 'alpha_2': 43.80318096484559, 'beta_0': 0.33418156364669277, 'beta_1': 2.683461274238859, 'beta_2': 0.392917523255062, 'beta_3': 1.3599811241911801, 'beta_4': 111.22457401847022, 'beta_5': 272.62133968306955, 'beta_6': 389.35870263642994}. Best is trial 28 with value: 82.33862453040055.
[I 2026-04-01 11:09:39,760] Trial 52 finished with value: 485.9927432057223 and parameters: {'alpha_0': 39611.571871514454, 'alpha_1': 9724.286554310393, 'alpha_2': 42.891781036479706, 'beta_0': 1.0830895821697055, 'beta_1': 1.6217390378269032, 'beta_2': 0.552564712361787, 'beta_3': 0.99528122313178, 'beta_4': 133.61559934467465, 'beta_5': 233.7639735580204, 'beta_6': 330.30174723747257}. Best is trial 28 with value: 82.33862453040055.
[I 2026-04-01 11:09:39,760] Trial 57 finished with value: 95.03395469631715 and parameters: {'alpha_0': 274.7707838549218, 'alpha_1': 9994.722276110144, 'alpha_2': 21.45804876319195, 'beta_0': 0.31073806785015845, 'beta_1': 2.5877911173335155, 'beta_2': 0.3805375050343483, 'beta_3': 1.3481179582111782, 'beta_4': 126.82053516875192, 'beta_5': 284.4555032573252, 'beta_6': 392.54679976551296}. Best is trial 28 with value: 82.33862453040055.
[I 2026-04-01 11:09:40,037] Trial 56 finished with value: 110.65825528453723 and parameters: {'alpha_0': 393.18414591554756, 'alpha_1': 2594.9879605130254, 'alpha_2': 21.16980277359138, 'beta_0': 0.379875089906725, 'beta_1': 2.7673423486245072, 'beta_2': 0.6461913359459472, 'beta_3': 1.6991970237522764, 'beta_4': 128.06666692309352, 'beta_5': 281.8513455837787, 'beta_6': 459.26815872566635}. Best is trial 28 with value: 82.33862453040055.
[I 2026-04-01 11:09:40,242] Trial 58 finished with value: 95.29022125052906 and parameters: {'alpha_0': 1777.1083393420313, 'alpha_1': 9606.349909286484, 'alpha_2': 36.274828925778195, 'beta_0': 0.3509361231509414, 'beta_1': 2.595591026811346, 'beta_2': 0.3337408125486808, 'beta_3': 1.3295694283661537, 'beta_4': 123.77948922116657, 'beta_5': 296.60562233623307, 'beta_6': 453.2949613436928}. Best is trial 28 with value: 82.33862453040055.
[I 2026-04-01 11:09:41,300] Trial 53 finished with value: 475.2475054406538 and parameters: {'alpha_0': 38386.42757117061, 'alpha_1': 9724.182292691406, 'alpha_2': 37.58447040540984, 'beta_0': 1.0238911895316107, 'beta_1': 1.6153626459901342, 'beta_2': 0.5674494671637155, 'beta_3': 1.292239629639361, 'beta_4': 132.63798061173702, 'beta_5': 279.47654243667114, 'beta_6': 414.5878875545563}. Best is trial 28 with value: 82.33862453040055.
[I 2026-04-01 11:10:20,708] Trial 60 finished with value: 97.77178977446323 and parameters: {'alpha_0': 430.97809259572705, 'alpha_1': 2564.0712805500807, 'alpha_2': 43.999346401584276, 'beta_0': 0.3672903855095895, 'beta_1': 2.6523231935679554, 'beta_2': 0.3021299472164815, 'beta_3': 1.3558817933644576, 'beta_4': 128.4332302749709, 'beta_5': 264.3509053993196, 'beta_6': 160.45191078983373}. Best is trial 28 with value: 82.33862453040055.
[I 2026-04-01 11:10:20,807] Trial 61 finished with value: 102.54357042325753 and parameters: {'alpha_0': 483.77478052117795, 'alpha_1': 5455.265020561437, 'alpha_2': 44.199374876162324, 'beta_0': 0.407061973451747, 'beta_1': 2.701257711699434, 'beta_2': 0.39369074888338584, 'beta_3': 1.4906499335619814, 'beta_4': 125.04662817747943, 'beta_5': 276.762405175932, 'beta_6': 332.8774698638867}. Best is trial 28 with value: 82.33862453040055.
[I 2026-04-01 11:10:21,139] Trial 68 finished with value: 156.85016197167988 and parameters: {'alpha_0': 2643.777880253958, 'alpha_1': 5532.051853364942, 'alpha_2': 44.87512169650836, 'beta_0': 0.6520566427993316, 'beta_1': 0.31904107285134375, 'beta_2': 0.44411265919161846, 'beta_3': 1.488359365418058, 'beta_4': 115.69689894306013, 'beta_5': 261.9135021971548, 'beta_6': 168.23007396051935}. Best is trial 28 with value: 82.33862453040055.
[I 2026-04-01 11:10:21,151] Trial 62 finished with value: 102.45762879400331 and parameters: {'alpha_0': 2540.2301206888815, 'alpha_1': 2671.5291859106046, 'alpha_2': 43.56340178587597, 'beta_0': 0.3669407773199307, 'beta_1': 2.736203413177528, 'beta_2': 0.4033434334267469, 'beta_3': 1.3614688622492817, 'beta_4': 117.05435326613224, 'beta_5': 337.2571582378587, 'beta_6': 342.25479777002715}. Best is trial 28 with value: 82.33862453040055.
[I 2026-04-01 11:10:21,660] Trial 65 finished with value: 215.02652403013715 and parameters: {'alpha_0': 2327.458935195777, 'alpha_1': 2337.8514139503936, 'alpha_2': 43.75677103732913, 'beta_0': 0.6880777318386485, 'beta_1': 2.7627003080796766, 'beta_2': 0.4326057325502522, 'beta_3': 1.5633987310935862, 'beta_4': 118.66949876972281, 'beta_5': 341.28644560135496, 'beta_6': 466.2200300596543}. Best is trial 28 with value: 82.33862453040055.
[I 2026-04-01 11:10:21,665] Trial 64 finished with value: 160.79191541534902 and parameters: {'alpha_0': 2121.686096890354, 'alpha_1': 2172.462734322735, 'alpha_2': 44.538385261404336, 'beta_0': 0.6862339824221162, 'beta_1': 2.8237674883218036, 'beta_2': 0.30677452171829134, 'beta_3': 1.4773581129239037, 'beta_4': 114.4768585748742, 'beta_5': 268.9741918527722, 'beta_6': 467.79399642997856}. Best is trial 28 with value: 82.33862453040055.
[I 2026-04-01 11:10:21,854] Trial 63 finished with value: 170.3433431353862 and parameters: {'alpha_0': 2608.353959971282, 'alpha_1': 4543.217788353189, 'alpha_2': 43.70013410201807, 'beta_0': 0.6757479620640086, 'beta_1': 2.7100936856791358, 'beta_2': 0.3026947677625786, 'beta_3': 1.416938150251536, 'beta_4': 119.86231050128411, 'beta_5': 340.8482967642417, 'beta_6': 466.3034685168968}. Best is trial 28 with value: 82.33862453040055.
[I 2026-04-01 11:10:22,183] Trial 66 finished with value: 195.13880880451097 and parameters: {'alpha_0': 2606.3582049068164, 'alpha_1': 2361.647139436782, 'alpha_2': 44.139913063578646, 'beta_0': 0.6692909904620639, 'beta_1': 2.779792576444482, 'beta_2': 0.30584810712389005, 'beta_3': 1.699395808840927, 'beta_4': 118.27200197355937, 'beta_5': 337.30091405046227, 'beta_6': 465.52205932958515}. Best is trial 28 with value: 82.33862453040055.
[I 2026-04-01 11:10:22,716] Trial 67 finished with value: 956.1083972200441 and parameters: {'alpha_0': 2848.7399686045387, 'alpha_1': 5408.014567180005, 'alpha_2': 44.31483977849981, 'beta_0': 1.9284494346317609, 'beta_1': 2.7031430943716734, 'beta_2': 0.3031631413418824, 'beta_3': 1.4796508645767357, 'beta_4': 118.16164731888719, 'beta_5': 348.1984105519963, 'beta_6': 344.85394975654316}. Best is trial 28 with value: 82.33862453040055.
[I 2026-04-01 11:10:23,462] Trial 69 finished with value: 817.8619942671547 and parameters: {'alpha_0': 2346.331397109394, 'alpha_1': 4626.370108407627, 'alpha_2': 44.67161380512481, 'beta_0': 1.710699504472848, 'beta_1': 2.7352887497828213, 'beta_2': 0.41750827948586633, 'beta_3': 1.4597129603636527, 'beta_4': 117.05760958186536, 'beta_5': 330.556283181587, 'beta_6': 344.6815195383864}. Best is trial 28 with value: 82.33862453040055.
[I 2026-04-01 11:11:02,578] Trial 70 finished with value: 200.27677407517695 and parameters: {'alpha_0': 3043.5091696136533, 'alpha_1': 5386.319035941229, 'alpha_2': 29.99816787148819, 'beta_0': 0.6658403100355037, 'beta_1': 2.808090418300626, 'beta_2': 0.4212312552135766, 'beta_3': 1.4389769674220552, 'beta_4': 112.4511109393668, 'beta_5': 337.7511733984124, 'beta_6': 337.4970173216803}. Best is trial 28 with value: 82.33862453040055.
[I 2026-04-01 11:11:03,276] Trial 71 finished with value: 193.33599977102904 and parameters: {'alpha_0': 2680.731664197422, 'alpha_1': 1957.1007939135352, 'alpha_2': 13.572621856134452, 'beta_0': 0.6526786051607376, 'beta_1': 2.9958798010395555, 'beta_2': 0.43478139456357723, 'beta_3': 1.1293894934242819, 'beta_4': 115.84507939207629, 'beta_5': 325.17693330265035, 'beta_6': 382.28091621650316}. Best is trial 28 with value: 82.33862453040055.
