Best trial: 957. Best value: 71.3843:  58%|█████▊    | 1152/2000 [1:23:53<1:57:35,  8.32s/it]Best trial: 957. Best value: 71.3843:  58%|█████▊    | 1152/2000 [1:23:53<1:57:35,  8.32s/it]Best trial: 957. Best value: 71.3843:  58%|█████▊    | 1153/2000 [1:23:53<1:29:03,  6.31s/it]                                                                                             Best trial: 957. Best value: 71.3843:  58%|█████▊    | 1153/2000 [1:23:54<1:29:03,  6.31s/it]Best trial: 957. Best value: 71.3843:  58%|█████▊    | 1153/2000 [1:23:54<1:29:03,  6.31s/it]Best trial: 957. Best value: 71.3843:  58%|█████▊    | 1154/2000 [1:23:54<1:07:22,  4.78s/it]                                                                                             Best trial: 957. Best value: 71.3843:  58%|█████▊    | 1154/2000 [1:23:54<1:07:22,  4.78s/it]Best trial: 957. Best value: 71.3843:  58%|█████▊    | 1154/2000 [1:23:54<1:07:22,  4.78s/it]                                                                                             Best trial: 957. Best value: 71.3843:  58%|█████▊    | 1155/2000 [1:23:54<1:07:18,  4.78s/it]Best trial: 957. Best value: 71.3843:  58%|█████▊    | 1155/2000 [1:23:54<1:07:18,  4.78s/it]Best trial: 957. Best value: 71.3843:  58%|█████▊    | 1156/2000 [1:23:54<39:54,  2.84s/it]                                                                                             Best trial: 957. Best value: 71.3843:  58%|█████▊    | 1156/2000 [1:23:54<39:54,  2.84s/it]Best trial: 957. Best value: 71.3843:  58%|█████▊    | 1156/2000 [1:23:54<39:54,  2.84s/it]Best trial: 957. Best value: 71.3843:  58%|█████▊    | 1157/2000 [1:23:54<30:54,  2.20s/it]                                                                                           Best trial: 957. Best value: 71.3843:  58%|█████▊    | 1157/2000 [1:23:54<30:54,  2.20s/it]Best trial: 957. Best value: 71.3843:  58%|█████▊    | 1157/2000 [1:23:54<30:54,  2.20s/it]Best trial: 957. Best value: 71.3843:  58%|█████▊    | 1158/2000 [1:23:54<23:43,  1.69s/it]                                                                                           Best trial: 957. Best value: 71.3843:  58%|█████▊    | 1158/2000 [1:23:55<23:43,  1.69s/it]Best trial: 957. Best value: 71.3843:  58%|█████▊    | 1158/2000 [1:23:55<23:43,  1.69s/it]Best trial: 957. Best value: 71.3843:  58%|█████▊    | 1159/2000 [1:23:55<18:27,  1.32s/it]                                                                                           Best trial: 957. Best value: 71.3843:  58%|█████▊    | 1159/2000 [1:23:55<18:27,  1.32s/it]Best trial: 957. Best value: 71.3843:  58%|█████▊    | 1159/2000 [1:23:55<18:27,  1.32s/it]Best trial: 957. Best value: 71.3843:  58%|█████▊    | 1160/2000 [1:23:55<14:27,  1.03s/it]                                                                                           Best trial: 957. Best value: 71.3843:  58%|█████▊    | 1160/2000 [1:24:36<14:27,  1.03s/it]Best trial: 957. Best value: 71.3843:  58%|█████▊    | 1160/2000 [1:24:36<14:27,  1.03s/it]Best trial: 957. Best value: 71.3843:  58%|█████▊    | 1161/2000 [1:24:36<2:52:55, 12.37s/it]                                                                                             Best trial: 957. Best value: 71.3843:  58%|█████▊    | 1161/2000 [1:24:36<2:52:55, 12.37s/it]Best trial: 957. Best value: 71.3843:  58%|█████▊    | 1161/2000 [1:24:36<2:52:55, 12.37s/it]                                                                                             Best trial: 957. Best value: 71.3843:  58%|█████▊    | 1162/2000 [1:24:37<2:52:42, 12.37s/it]Best trial: 957. Best value: 71.3843:  58%|█████▊    | 1162/2000 [1:24:37<2:52:42, 12.37s/it]Best trial: 957. Best value: 71.3843:  58%|█████▊    | 1163/2000 [1:24:37<1:37:16,  6.97s/it]                                                                                             Best trial: 957. Best value: 71.3843:  58%|█████▊    | 1163/2000 [1:24:37<1:37:16,  6.97s/it]Best trial: 957. Best value: 71.3843:  58%|█████▊    | 1163/2000 [1:24:37<1:37:16,  6.97s/it]                                                                                             Best trial: 957. Best value: 71.3843:  58%|█████▊    | 1164/2000 [1:24:37<1:37:09,  6.97s/it]Best trial: 957. Best value: 71.3843:  58%|█████▊    | 1164/2000 [1:24:37<1:37:09,  6.97s/it]Best trial: 957. Best value: 71.3843:  58%|█████▊    | 1165/2000 [1:24:37<59:36,  4.28s/it]                                                                                             Best trial: 957. Best value: 71.3843:  58%|█████▊    | 1165/2000 [1:24:37<59:36,  4.28s/it]Best trial: 957. Best value: 71.3843:  58%|█████▊    | 1165/2000 [1:24:37<59:36,  4.28s/it]Best trial: 957. Best value: 71.3843:  58%|█████▊    | 1166/2000 [1:24:37<47:17,  3.40s/it]                                                                                           Best trial: 957. Best value: 71.3843:  58%|█████▊    | 1166/2000 [1:24:37<47:17,  3.40s/it]Best trial: 957. Best value: 71.3843:  58%|█████▊    | 1166/2000 [1:24:37<47:17,  3.40s/it]Best trial: 957. Best value: 71.3843:  58%|█████▊    | 1167/2000 [1:24:37<36:26,  2.62s/it]                                                                                           Best trial: 957. Best value: 71.3843:  58%|█████▊    | 1167/2000 [1:24:37<36:26,  2.62s/it]                                                                                           Best trial: 957. Best value: 71.3843:  58%|█████▊    | 1167/2000 [1:24:37<36:26,  2.62s/it]Best trial: 957. Best value: 71.3843:  58%|█████▊    | 1167/2000 [1:24:37<36:26,  2.62s/it]Best trial: 957. Best value: 71.3843:  58%|█████▊    | 1168/2000 [1:24:37<36:23,  2.62s/it]                                                                                           Best trial: 957. Best value: 71.3843:  58%|█████▊    | 1169/2000 [1:24:38<36:21,  2.62s/it]Best trial: 957. Best value: 71.3843:  58%|█████▊    | 1169/2000 [1:24:38<36:21,  2.62s/it]Best trial: 957. Best value: 71.3843:  58%|█████▊    | 1170/2000 [1:24:38<18:59,  1.37s/it]                                                                                           [I 2026-04-01 12:29:14,613] Trial 1152 finished with value: 78.02351052825365 and parameters: {'alpha_0': 17205.613492013523, 'alpha_1': 4912.005923754541, 'alpha_2': 45.72882290313122, 'beta_0': 0.28934128749520505, 'beta_1': 1.8124589626859842, 'beta_2': 1.328246274174032, 'beta_3': 0.13296496229445895, 'beta_4': 67.55186382770282, 'beta_5': 18.728186393622067, 'beta_6': 451.42924760702556}. Best is trial 957 with value: 71.38427157687855.
[I 2026-04-01 12:29:15,036] Trial 1151 finished with value: 82.37272909501156 and parameters: {'alpha_0': 18325.43900917034, 'alpha_1': 5120.614005378733, 'alpha_2': 45.899755745430724, 'beta_0': 0.29392218621401767, 'beta_1': 1.6184587939160557, 'beta_2': 1.3317726423995282, 'beta_3': 0.19997433599776077, 'beta_4': 67.71691475865785, 'beta_5': 0.005025765316852393, 'beta_6': 498.50362348716806}. Best is trial 957 with value: 71.38427157687855.
[I 2026-04-01 12:29:15,047] Trial 1154 finished with value: 79.952310743248 and parameters: {'alpha_0': 18145.810214116893, 'alpha_1': 4805.173971874996, 'alpha_2': 44.90916914159648, 'beta_0': 0.2869623831975292, 'beta_1': 1.8059042948090769, 'beta_2': 1.215307503966612, 'beta_3': 0.12915445183414723, 'beta_4': 72.73598862162687, 'beta_5': 0.5338975693800411, 'beta_6': 494.25116059211354}. Best is trial 957 with value: 71.38427157687855.
[I 2026-04-01 12:29:15,479] Trial 1155 finished with value: 78.97159087017762 and parameters: {'alpha_0': 18426.508654654644, 'alpha_1': 4925.637889159696, 'alpha_2': 45.14948605554183, 'beta_0': 0.29100738623942884, 'beta_1': 1.8056647995072896, 'beta_2': 1.2441522037407082, 'beta_3': 0.11828594312981547, 'beta_4': 72.67664899679248, 'beta_5': 20.72450683833292, 'beta_6': 412.9107589436092}. Best is trial 957 with value: 71.38427157687855.
[I 2026-04-01 12:29:15,588] Trial 1158 finished with value: 79.23233103473203 and parameters: {'alpha_0': 18002.562847273093, 'alpha_1': 4655.824809477887, 'alpha_2': 45.049936926022255, 'beta_0': 0.2803982039315496, 'beta_1': 1.8079798604772659, 'beta_2': 1.3630394448013756, 'beta_3': 0.15546124282009643, 'beta_4': 68.36299637603949, 'beta_5': 0.2193673140320607, 'beta_6': 451.1494550032424}. Best is trial 957 with value: 71.38427157687855.
[I 2026-04-01 12:29:15,753] Trial 1159 finished with value: 78.04827441223577 and parameters: {'alpha_0': 17553.09870593536, 'alpha_1': 5235.566207763204, 'alpha_2': 45.10603089247612, 'beta_0': 0.2757573875766194, 'beta_1': 1.8122842761097433, 'beta_2': 1.3326414432223344, 'beta_3': 0.12454422570945155, 'beta_4': 68.51700388703165, 'beta_5': 0.1576842993705132, 'beta_6': 447.30561573220444}. Best is trial 957 with value: 71.38427157687855.
[I 2026-04-01 12:29:16,021] Trial 1156 finished with value: 79.70971500980633 and parameters: {'alpha_0': 18271.761454922926, 'alpha_1': 5515.335529674934, 'alpha_2': 44.98489011880007, 'beta_0': 0.28366380134004476, 'beta_1': 1.808163278322845, 'beta_2': 1.3418711419574938, 'beta_3': 0.14673665021964488, 'beta_4': 68.2838005828077, 'beta_5': 0.0115812277206917, 'beta_6': 410.15682295043086}. Best is trial 957 with value: 71.38427157687855.
[I 2026-04-01 12:29:16,297] Trial 1157 finished with value: 81.31270470130818 and parameters: {'alpha_0': 18648.876384774554, 'alpha_1': 5601.579426122285, 'alpha_2': 45.237952902221814, 'beta_0': 0.2844912598929397, 'beta_1': 1.8029056832506662, 'beta_2': 1.343344854862134, 'beta_3': 0.10865571770965979, 'beta_4': 68.99826619706516, 'beta_5': 18.21279537119842, 'beta_6': 428.5802226050873}. Best is trial 957 with value: 71.38427157687855.
[I 2026-04-01 12:29:57,699] Trial 1161 finished with value: 120.69996544402866 and parameters: {'alpha_0': 18592.44207685542, 'alpha_1': 5179.505288661789, 'alpha_2': 44.806337571599016, 'beta_0': 0.25932427311403844, 'beta_1': 1.8003504922197235, 'beta_2': 1.3715765542178884, 'beta_3': 0.11956978231247045, 'beta_4': 68.38959953244898, 'beta_5': 321.89158616403535, 'beta_6': 423.4744192048316}. Best is trial 957 with value: 71.38427157687855.
[I 2026-04-01 12:29:57,764] Trial 1160 finished with value: 78.48001990614236 and parameters: {'alpha_0': 18154.016427417228, 'alpha_1': 5637.774118926574, 'alpha_2': 44.965565068288264, 'beta_0': 0.2757119239570645, 'beta_1': 1.8115559270530377, 'beta_2': 1.3561939659583049, 'beta_3': 0.1102677695834616, 'beta_4': 64.14456293088728, 'beta_5': 0.8014271813832545, 'beta_6': 420.8544624916775}. Best is trial 957 with value: 71.38427157687855.
[I 2026-04-01 12:29:58,197] Trial 1162 finished with value: 146.5785679825018 and parameters: {'alpha_0': 18228.430254051782, 'alpha_1': 4777.942438673672, 'alpha_2': 44.933499542697966, 'beta_0': 0.26098684771182634, 'beta_1': 1.7658144631821056, 'beta_2': 1.3852675527099256, 'beta_3': 0.10370940462829126, 'beta_4': 67.6135500403914, 'beta_5': 415.6074418819545, 'beta_6': 412.7088103506797}. Best is trial 957 with value: 71.38427157687855.
[I 2026-04-01 12:29:58,287] Trial 1165 finished with value: 74.1287023010853 and parameters: {'alpha_0': 15742.528864135294, 'alpha_1': 7418.1615476390225, 'alpha_2': 44.403100896193656, 'beta_0': 0.2465002648726649, 'beta_1': 1.759527476351381, 'beta_2': 1.3984833838333208, 'beta_3': 0.1295999541921803, 'beta_4': 64.86087373342097, 'beta_5': 13.483760218817393, 'beta_6': 414.5868195217368}. Best is trial 957 with value: 71.38427157687855.
[I 2026-04-01 12:29:58,294] Trial 1166 finished with value: 72.6363846561311 and parameters: {'alpha_0': 15876.459385135797, 'alpha_1': 6906.962524962197, 'alpha_2': 44.28575210173776, 'beta_0': 0.20005874966978937, 'beta_1': 1.7615116028808513, 'beta_2': 1.398475239157814, 'beta_3': 0.2378244474384969, 'beta_4': 64.95819638763581, 'beta_5': 14.968644929658117, 'beta_6': 437.9343511928318}. Best is trial 957 with value: 71.38427157687855.
[I 2026-04-01 12:29:58,523] Trial 1164 finished with value: 136.9137892851905 and parameters: {'alpha_0': 18223.191739880025, 'alpha_1': 6830.408650059054, 'alpha_2': 44.58435013939257, 'beta_0': 0.2002723627975965, 'beta_1': 1.7730435393207022, 'beta_2': 1.3878085629369636, 'beta_3': 0.1409380558257209, 'beta_4': 63.27171215309544, 'beta_5': 419.00593440813503, 'beta_6': 411.5672184945481}. Best is trial 957 with value: 71.38427157687855.
[I 2026-04-01 12:29:58,650] Trial 1163 finished with value: 74.32640506467612 and parameters: {'alpha_0': 16008.176730145038, 'alpha_1': 4814.571527202146, 'alpha_2': 44.72434611187154, 'beta_0': 0.2464015232207898, 'beta_1': 1.7662113463658142, 'beta_2': 1.404690997783998, 'beta_3': 0.1142589402885043, 'beta_4': 64.97807799150985, 'beta_5': 15.902199733594049, 'beta_6': 439.3876920224268}. Best is trial 957 with value: 71.38427157687855.
[I 2026-04-01 12:29:58,694] Trial 1168 finished with value: 143.93292853515402 and parameters: {'alpha_0': 15919.95140975137, 'alpha_1': 6926.847861160857, 'alpha_2': 43.935753933661786, 'beta_0': 0.25619795875014983, 'beta_1': 1.7476046579984355, 'beta_2': 1.4019104501092352, 'beta_3': 0.23120036697438134, 'beta_4': 62.964144485929936, 'beta_5': 392.88631832711894, 'beta_6': 393.706489476381}. Best is trial 957 with value: 71.38427157687855.
[I 2026-04-01 12:29:58,716] Trial 1167 finished with value: 72.68210513051457 and parameters: {'alpha_0': 15855.860558170474, 'alpha_1': 5755.121929857919, 'alpha_2': 44.25765017615239, 'beta_0': 0.2005424018770951, 'beta_1': 1.7484964562373242, 'beta_2': 1.39338011043854, 'beta_3': 0.22324527106379471, 'beta_4': 63.632958349352414, 'beta_5': 13.159454985364725, 'beta_6': 429.31594944218665}. Best is trial 957 with value: 71.38427157687855.
[I 2026-04-01 12:29:59,074] Trial 1169 finished with value: 72.44052197001471 and parameters: {'alpha_0': 15901.763126259824, 'alpha_1': 6590.41312445243, 'alpha_2': 44.06928629956598, 'beta_0': 0.20232974998659653, 'beta_1': 1.7395260037342064, 'beta_2': 1.4071060667920052, 'beta_3': 0.23174883866163368, 'beta_4': 62.964753708215426, 'beta_5': 12.716292779844027, 'beta_6': 418.8899187885553}. Best is trial 957 with value: 71.38427157687855.
Best trial: 957. Best value: 71.3843:  58%|█████▊    | 1170/2000 [1:25:21<18:59,  1.37s/it]Best trial: 957. Best value: 71.3843:  58%|█████▊    | 1170/2000 [1:25:21<18:59,  1.37s/it]Best trial: 957. Best value: 71.3843:  59%|█████▊    | 1171/2000 [1:25:21<2:10:15,  9.43s/it]                                                                                             Best trial: 957. Best value: 71.3843:  59%|█████▊    | 1171/2000 [1:25:21<2:10:15,  9.43s/it]Best trial: 957. Best value: 71.3843:  59%|█████▊    | 1171/2000 [1:25:21<2:10:15,  9.43s/it]Best trial: 957. Best value: 71.3843:  59%|█████▊    | 1172/2000 [1:25:21<1:42:30,  7.43s/it]                                                                                             Best trial: 957. Best value: 71.3843:  59%|█████▊    | 1172/2000 [1:25:21<1:42:30,  7.43s/it]Best trial: 957. Best value: 71.3843:  59%|█████▊    | 1172/2000 [1:25:21<1:42:30,  7.43s/it]Best trial: 957. Best value: 71.3843:  59%|█████▊    | 1173/2000 [1:25:21<1:18:45,  5.71s/it]                                                                                             Best trial: 957. Best value: 71.3843:  59%|█████▊    | 1173/2000 [1:25:21<1:18:45,  5.71s/it]Best trial: 957. Best value: 71.3843:  59%|█████▊    | 1173/2000 [1:25:21<1:18:45,  5.71s/it]                                                                                             Best trial: 957. Best value: 71.3843:  59%|█████▊    | 1174/2000 [1:25:21<1:18:40,  5.71s/it]Best trial: 957. Best value: 71.3843:  59%|█████▊    | 1174/2000 [1:25:21<1:18:40,  5.71s/it]Best trial: 957. Best value: 71.3843:  59%|█████▉    | 1175/2000 [1:25:21<47:11,  3.43s/it]                                                                                             Best trial: 957. Best value: 71.3843:  59%|█████▉    | 1175/2000 [1:25:21<47:11,  3.43s/it]Best trial: 957. Best value: 71.3843:  59%|█████▉    | 1175/2000 [1:25:21<47:11,  3.43s/it]                                                                                           Best trial: 957. Best value: 71.3843:  59%|█████▉    | 1176/2000 [1:25:22<47:07,  3.43s/it]Best trial: 957. Best value: 71.3843:  59%|█████▉    | 1176/2000 [1:25:22<47:07,  3.43s/it]Best trial: 957. Best value: 71.3843:  59%|█████▉    | 1177/2000 [1:25:22<30:41,  2.24s/it]                                                                                           Best trial: 957. Best value: 71.3843:  59%|█████▉    | 1177/2000 [1:25:22<30:41,  2.24s/it]                                                                                           Best trial: 957. Best value: 71.3843:  59%|█████▉    | 1177/2000 [1:25:22<30:41,  2.24s/it]Best trial: 957. Best value: 71.3843:  59%|█████▉    | 1177/2000 [1:25:22<30:41,  2.24s/it]Best trial: 957. Best value: 71.3843:  59%|█████▉    | 1178/2000 [1:25:22<24:51,  1.81s/it]Best trial: 957. Best value: 71.3843:  59%|█████▉    | 1178/2000 [1:25:22<24:51,  1.81s/it]                                                                                           Best trial: 957. Best value: 71.3843:  59%|█████▉    | 1179/2000 [1:25:22<24:49,  1.81s/it]Best trial: 957. Best value: 71.3843:  59%|█████▉    | 1179/2000 [1:25:22<24:49,  1.81s/it]Best trial: 957. Best value: 71.3843:  59%|█████▉    | 1180/2000 [1:25:22<16:08,  1.18s/it]                                                                                           Best trial: 957. Best value: 71.3843:  59%|█████▉    | 1180/2000 [1:26:07<16:08,  1.18s/it]Best trial: 957. Best value: 71.3843:  59%|█████▉    | 1180/2000 [1:26:07<16:08,  1.18s/it]Best trial: 957. Best value: 71.3843:  59%|█████▉    | 1181/2000 [1:26:07<2:23:12, 10.49s/it]                                                                                             Best trial: 957. Best value: 71.3843:  59%|█████▉    | 1181/2000 [1:26:08<2:23:12, 10.49s/it]Best trial: 957. Best value: 71.3843:  59%|█████▉    | 1181/2000 [1:26:08<2:23:12, 10.49s/it]                                                                                             Best trial: 957. Best value: 71.3843:  59%|█████▉    | 1182/2000 [1:26:08<2:23:01, 10.49s/it]                                                                                             Best trial: 957. Best value: 71.3843:  59%|█████▉    | 1182/2000 [1:26:08<2:23:01, 10.49s/it]Best trial: 957. Best value: 71.3843:  59%|█████▉    | 1182/2000 [1:26:08<2:23:01, 10.49s/it]Best trial: 957. Best value: 71.3843:  59%|█████▉    | 1183/2000 [1:26:08<1:29:38,  6.58s/it]Best trial: 957. Best value: 71.3843:  59%|█████▉    | 1183/2000 [1:26:08<1:29:38,  6.58s/it]                                                                                             Best trial: 957. Best value: 71.3843:  59%|█████▉    | 1184/2000 [1:26:08<1:29:32,  6.58s/it]Best trial: 957. Best value: 71.3843:  59%|█████▉    | 1184/2000 [1:26:08<1:29:32,  6.58s/it]Best trial: 957. Best value: 71.3843:  59%|█████▉    | 1185/2000 [1:26:08<58:57,  4.34s/it]                                                                                             Best trial: 957. Best value: 71.3843:  59%|█████▉    | 1185/2000 [1:26:08<58:57,  4.34s/it]Best trial: 957. Best value: 71.3843:  59%|█████▉    | 1185/2000 [1:26:08<58:57,  4.34s/it]Best trial: 957. Best value: 71.3843:  59%|█████▉    | 1186/2000 [1:26:08<48:09,  3.55s/it]                                                                                           Best trial: 957. Best value: 71.3843:  59%|█████▉    | 1186/2000 [1:26:09<48:09,  3.55s/it]Best trial: 957. Best value: 71.3843:  59%|█████▉    | 1186/2000 [1:26:09<48:09,  3.55s/it]Best trial: 957. Best value: 71.3843:  59%|█████▉    | 1187/2000 [1:26:09<38:43,  2.86s/it]                                                                                           Best trial: 957. Best value: 71.3843:  59%|█████▉    | 1187/2000 [1:26:09<38:43,  2.86s/it]Best trial: 957. Best value: 71.3843:  59%|█████▉    | 1187/2000 [1:26:09<38:43,  2.86s/it]Best trial: 957. Best value: 71.3843:  59%|█████▉    | 1188/2000 [1:26:09<30:06,  2.22s/it]                                                                                           [I 2026-04-01 12:30:42,080] Trial 1171 finished with value: 74.70792008695247 and parameters: {'alpha_0': 15806.08126114735, 'alpha_1': 6815.075905673239, 'alpha_2': 44.014087251134164, 'beta_0': 0.24606764419626137, 'beta_1': 1.7500932539629497, 'beta_2': 1.405076173300905, 'beta_3': 0.22787379464402785, 'beta_4': 61.07719565689584, 'beta_5': 13.438658929192272, 'beta_6': 417.1310799944791}. Best is trial 957 with value: 71.38427157687855.
[I 2026-04-01 12:30:42,272] Trial 1174 finished with value: 106.75739810056639 and parameters: {'alpha_0': 16389.12751463646, 'alpha_1': 8734.2081374916, 'alpha_2': 42.75041245910457, 'beta_0': 0.4359167137525553, 'beta_1': 1.6572640674649262, 'beta_2': 1.2752407096788843, 'beta_3': 0.21852499860243269, 'beta_4': 63.75934744469889, 'beta_5': 23.259957265586685, 'beta_6': 437.33914719919386}. Best is trial 957 with value: 71.38427157687855.
[I 2026-04-01 12:30:42,448] Trial 1178 finished with value: 72.47677955760182 and parameters: {'alpha_0': 15150.834303860525, 'alpha_1': 5839.8950977046425, 'alpha_2': 43.330545032965475, 'beta_0': 0.20015591346722672, 'beta_1': 1.6698917952004824, 'beta_2': 1.2893933244559213, 'beta_3': 0.23716640412560522, 'beta_4': 59.463602767435134, 'beta_5': 23.75881783851832, 'beta_6': 433.58809719144057}. Best is trial 957 with value: 71.38427157687855.
