Best trial: 576. Best value: 73.4108:  33%|███▎      | 666/2000 [47:46<1:46:10,  4.78s/it]Best trial: 576. Best value: 73.4108:  33%|███▎      | 666/2000 [47:46<1:46:10,  4.78s/it]Best trial: 576. Best value: 73.4108:  33%|███▎      | 667/2000 [47:46<1:08:59,  3.11s/it]                                                                                          Best trial: 576. Best value: 73.4108:  33%|███▎      | 667/2000 [47:47<1:08:59,  3.11s/it]Best trial: 576. Best value: 73.4108:  33%|███▎      | 667/2000 [47:47<1:08:59,  3.11s/it]Best trial: 576. Best value: 73.4108:  33%|███▎      | 668/2000 [47:47<55:34,  2.50s/it]                                                                                          Best trial: 576. Best value: 73.4108:  33%|███▎      | 668/2000 [47:47<55:34,  2.50s/it]Best trial: 576. Best value: 73.4108:  33%|███▎      | 668/2000 [47:47<55:34,  2.50s/it]                                                                                        Best trial: 576. Best value: 73.4108:  33%|███▎      | 669/2000 [47:47<55:32,  2.50s/it]Best trial: 576. Best value: 73.4108:  33%|███▎      | 669/2000 [47:47<55:32,  2.50s/it]Best trial: 576. Best value: 73.4108:  34%|███▎      | 670/2000 [47:47<37:41,  1.70s/it]                                                                                        Best trial: 576. Best value: 73.4108:  34%|███▎      | 670/2000 [48:33<37:41,  1.70s/it]Best trial: 576. Best value: 73.4108:  34%|███▎      | 670/2000 [48:33<37:41,  1.70s/it]Best trial: 576. Best value: 73.4108:  34%|███▎      | 671/2000 [48:33<3:59:17, 10.80s/it]                                                                                          Best trial: 576. Best value: 73.4108:  34%|███▎      | 671/2000 [48:33<3:59:17, 10.80s/it]Best trial: 576. Best value: 73.4108:  34%|███▎      | 671/2000 [48:33<3:59:17, 10.80s/it]                                                                                          Best trial: 576. Best value: 73.4108:  34%|███▎      | 672/2000 [48:33<3:59:06, 10.80s/it]Best trial: 576. Best value: 73.4108:  34%|███▎      | 672/2000 [48:33<3:59:06, 10.80s/it]Best trial: 576. Best value: 73.4108:  34%|███▎      | 673/2000 [48:33<2:30:50,  6.82s/it]                                                                                          Best trial: 576. Best value: 73.4108:  34%|███▎      | 673/2000 [48:33<2:30:50,  6.82s/it]Best trial: 576. Best value: 73.4108:  34%|███▎      | 673/2000 [48:33<2:30:50,  6.82s/it]                                                                                          Best trial: 576. Best value: 73.4108:  34%|███▎      | 674/2000 [48:33<2:30:43,  6.82s/it]Best trial: 576. Best value: 73.4108:  34%|███▎      | 674/2000 [48:33<2:30:43,  6.82s/it]Best trial: 576. Best value: 73.4108:  34%|███▍      | 675/2000 [48:33<1:38:55,  4.48s/it]                                                                                          Best trial: 576. Best value: 73.4108:  34%|███▍      | 675/2000 [48:33<1:38:55,  4.48s/it]Best trial: 576. Best value: 73.4108:  34%|███▍      | 675/2000 [48:33<1:38:55,  4.48s/it]Best trial: 576. Best value: 73.4108:  34%|███▍      | 676/2000 [48:33<1:20:51,  3.66s/it]                                                                                          Best trial: 576. Best value: 73.4108:  34%|███▍      | 676/2000 [48:34<1:20:51,  3.66s/it]Best trial: 576. Best value: 73.4108:  34%|███▍      | 676/2000 [48:34<1:20:51,  3.66s/it]                                                                                          Best trial: 576. Best value: 73.4108:  34%|███▍      | 677/2000 [48:34<1:20:48,  3.66s/it]Best trial: 576. Best value: 73.4108:  34%|███▍      | 677/2000 [48:34<1:20:48,  3.66s/it]Best trial: 576. Best value: 73.4108:  34%|███▍      | 678/2000 [48:34<52:11,  2.37s/it]                                                                                          Best trial: 576. Best value: 73.4108:  34%|███▍      | 678/2000 [48:34<52:11,  2.37s/it]Best trial: 576. Best value: 73.4108:  34%|███▍      | 678/2000 [48:34<52:11,  2.37s/it]Best trial: 576. Best value: 73.4108:  34%|███▍      | 679/2000 [48:34<42:07,  1.91s/it]                                                                                        Best trial: 576. Best value: 73.4108:  34%|███▍      | 679/2000 [48:34<42:07,  1.91s/it]Best trial: 576. Best value: 73.4108:  34%|███▍      | 679/2000 [48:34<42:07,  1.91s/it]Best trial: 576. Best value: 73.4108:  34%|███▍      | 680/2000 [48:34<33:36,  1.53s/it]                                                                                        Best trial: 576. Best value: 73.4108:  34%|███▍      | 680/2000 [49:20<33:36,  1.53s/it]Best trial: 576. Best value: 73.4108:  34%|███▍      | 680/2000 [49:20<33:36,  1.53s/it]Best trial: 576. Best value: 73.4108:  34%|███▍      | 681/2000 [49:20<4:30:10, 12.29s/it]                                                                                          Best trial: 576. Best value: 73.4108:  34%|███▍      | 681/2000 [49:20<4:30:10, 12.29s/it]Best trial: 576. Best value: 73.4108:  34%|███▍      | 681/2000 [49:20<4:30:10, 12.29s/it]                                                                                          Best trial: 576. Best value: 73.4108:  34%|███▍      | 682/2000 [49:20<3:22:09,  9.20s/it]Best trial: 576. Best value: 73.4108:  34%|███▍      | 682/2000 [49:20<3:22:09,  9.20s/it]Best trial: 576. Best value: 73.4108:  34%|███▍      | 682/2000 [49:20<3:22:09,  9.20s/it]                                                                                          Best trial: 576. Best value: 73.4108:  34%|███▍      | 683/2000 [49:20<3:22:00,  9.20s/it]Best trial: 576. Best value: 73.4108:  34%|███▍      | 683/2000 [49:20<3:22:00,  9.20s/it]                                                                                          [I 2026-04-01 11:53:07,725] Trial 662 finished with value: 74.93882683023487 and parameters: {'alpha_0': 13977.906444268185, 'alpha_1': 641.3718442444115, 'alpha_2': 31.91244598804451, 'beta_0': 0.2500656482904001, 'beta_1': 1.0692755121197097, 'beta_2': 1.1021814313657408, 'beta_3': 0.9007702693408847, 'beta_4': 82.27730092201645, 'beta_5': 104.41429005711112, 'beta_6': 124.61486718589053}. Best is trial 576 with value: 73.41078608586943.
[I 2026-04-01 11:53:07,892] Trial 669 finished with value: 78.14588149702509 and parameters: {'alpha_0': 12097.323978325858, 'alpha_1': 552.939910729993, 'alpha_2': 30.257091057396018, 'beta_0': 0.31165183055040574, 'beta_1': 1.2024551287868004, 'beta_2': 1.0343729014566045, 'beta_3': 1.5807469968929406, 'beta_4': 74.84148045570734, 'beta_5': 88.15304837808605, 'beta_6': 120.9020170127085}. Best is trial 576 with value: 73.41078608586943.
[I 2026-04-01 11:53:07,950] Trial 666 finished with value: 78.46230442844333 and parameters: {'alpha_0': 12008.646452423092, 'alpha_1': 639.6492425324996, 'alpha_2': 32.11805945872374, 'beta_0': 0.30483500295408084, 'beta_1': 1.5782608028309943, 'beta_2': 1.0464604443259018, 'beta_3': 0.8931448597498542, 'beta_4': 83.52042853839666, 'beta_5': 41.80732359397655, 'beta_6': 120.64899531407761}. Best is trial 576 with value: 73.41078608586943.
[I 2026-04-01 11:53:08,520] Trial 668 finished with value: 235.10813187930955 and parameters: {'alpha_0': 11930.941928096452, 'alpha_1': 590.4035746469344, 'alpha_2': 31.630546037943983, 'beta_0': 0.7319257310373406, 'beta_1': 1.122483478998863, 'beta_2': 1.0469754851322648, 'beta_3': 1.6993411854168718, 'beta_4': 83.5537051185182, 'beta_5': 90.476963780317, 'beta_6': 140.5302884251887}. Best is trial 576 with value: 73.41078608586943.
[I 2026-04-01 11:53:54,141] Trial 675 finished with value: 75.22030401208966 and parameters: {'alpha_0': 14632.538132570318, 'alpha_1': 555.170278004585, 'alpha_2': 30.636806817535096, 'beta_0': 0.2420457289019194, 'beta_1': 1.2216850980881644, 'beta_2': 1.0209914603845955, 'beta_3': 1.7508624792991598, 'beta_4': 79.85488921568508, 'beta_5': 130.38504908518033, 'beta_6': 108.31256038811193}. Best is trial 576 with value: 73.41078608586943.
[I 2026-04-01 11:53:54,157] Trial 673 finished with value: 82.46675558218939 and parameters: {'alpha_0': 14674.525695061902, 'alpha_1': 1164.5526065086829, 'alpha_2': 32.914930814670115, 'beta_0': 0.2951784406474308, 'beta_1': 0.9097211274446462, 'beta_2': 1.2943404667073275, 'beta_3': 0.9064126047883315, 'beta_4': 80.61899080299413, 'beta_5': 110.3677538271708, 'beta_6': 122.58923349679125}. Best is trial 576 with value: 73.41078608586943.
[I 2026-04-01 11:53:54,330] Trial 671 finished with value: 78.79352889164898 and parameters: {'alpha_0': 14661.993072874364, 'alpha_1': 431.42668413189404, 'alpha_2': 32.08895555953421, 'beta_0': 0.3007674959104461, 'beta_1': 1.2008533538494486, 'beta_2': 1.0312050489787785, 'beta_3': 1.7585634857472212, 'beta_4': 83.66422923280248, 'beta_5': 84.26792281218201, 'beta_6': 117.0128660660306}. Best is trial 576 with value: 73.41078608586943.
[I 2026-04-01 11:53:54,361] Trial 672 finished with value: 147.5676725944677 and parameters: {'alpha_0': 14642.872310808225, 'alpha_1': 373.60241656124913, 'alpha_2': 32.36815213728586, 'beta_0': 0.5399534151855538, 'beta_1': 0.9986783148917281, 'beta_2': 1.0041345088151326, 'beta_3': 1.5784333962561912, 'beta_4': 83.87567525094721, 'beta_5': 81.59345625991219, 'beta_6': 118.44918251767876}. Best is trial 576 with value: 73.41078608586943.
[I 2026-04-01 11:53:54,451] Trial 678 finished with value: 93.53060804745685 and parameters: {'alpha_0': 14609.38296325439, 'alpha_1': 416.1198986940549, 'alpha_2': 30.595012629532167, 'beta_0': 0.37214564358166036, 'beta_1': 1.1196302425500309, 'beta_2': 1.184739781222829, 'beta_3': 1.7470389451808406, 'beta_4': 79.27054668446323, 'beta_5': 111.04035674974213, 'beta_6': 113.05627920727055}. Best is trial 576 with value: 73.41078608586943.
[I 2026-04-01 11:53:54,857] Trial 679 finished with value: 88.61660706796341 and parameters: {'alpha_0': 14718.25631414961, 'alpha_1': 363.6352155964921, 'alpha_2': 30.725036291099627, 'beta_0': 0.3527608667902631, 'beta_1': 1.1272397916158787, 'beta_2': 1.269073712335385, 'beta_3': 1.8130875382773588, 'beta_4': 75.55009072590974, 'beta_5': 68.43166451471501, 'beta_6': 110.16680001449595}. Best is trial 576 with value: 73.41078608586943.
[I 2026-04-01 11:53:54,927] Trial 670 finished with value: 76.839866192058 and parameters: {'alpha_0': 12301.333524201204, 'alpha_1': 584.51871394045, 'alpha_2': 32.51387930004392, 'beta_0': 0.32655464978236654, 'beta_1': 1.065943061675181, 'beta_2': 1.0411976338207134, 'beta_3': 1.641166780318468, 'beta_4': 75.59726998559104, 'beta_5': 120.95575275154465, 'beta_6': 137.38718989254076}. Best is trial 576 with value: 73.41078608586943.
[I 2026-04-01 11:53:55,022] Trial 677 finished with value: 85.25841468405245 and parameters: {'alpha_0': 14558.005690597927, 'alpha_1': 365.476835358598, 'alpha_2': 30.509193222621164, 'beta_0': 0.36007298628117296, 'beta_1': 0.9251467765023976, 'beta_2': 1.2025107203183227, 'beta_3': 1.6374603321050294, 'beta_4': 77.95526438126784, 'beta_5': 105.58401752904021, 'beta_6': 110.37627686648227}. Best is trial 576 with value: 73.41078608586943.
[I 2026-04-01 11:53:55,179] Trial 676 finished with value: 83.64182425105744 and parameters: {'alpha_0': 14597.65488300437, 'alpha_1': 524.5166114077581, 'alpha_2': 31.213017992481102, 'beta_0': 0.3433360181898747, 'beta_1': 1.0743221580435758, 'beta_2': 1.208633338336487, 'beta_3': 1.5924952036256703, 'beta_4': 78.87390510753075, 'beta_5': 94.63690780177497, 'beta_6': 114.22726882873087}. Best is trial 576 with value: 73.41078608586943.
[I 2026-04-01 11:53:55,387] Trial 674 finished with value: 912.4531900233502 and parameters: {'alpha_0': 14791.629704830733, 'alpha_1': 706.5643969179507, 'alpha_2': 30.30173595015299, 'beta_0': 2.164679239298455, 'beta_1': 0.9591753759487415, 'beta_2': 1.0337014696372213, 'beta_3': 1.6222012681191453, 'beta_4': 76.04664059459938, 'beta_5': 73.1749679120552, 'beta_6': 107.07371195514526}. Best is trial 576 with value: 73.41078608586943.
[I 2026-04-01 11:54:40,885] Trial 680 finished with value: 81.21022567397371 and parameters: {'alpha_0': 14319.392405350414, 'alpha_1': 538.8266074178546, 'alpha_2': 30.7403898721828, 'beta_0': 0.3486411251139303, 'beta_1': 1.2762916125364412, 'beta_2': 1.126586935875681, 'beta_3': 1.772115141274647, 'beta_4': 76.18016436274831, 'beta_5': 95.0398340994061, 'beta_6': 113.31112962358618}. Best is trial 576 with value: 73.41078608586943.
[I 2026-04-01 11:54:41,258] Trial 682 finished with value: 75.0801674209614 and parameters: {'alpha_0': 14505.484633045062, 'alpha_1': 526.9839235657911, 'alpha_2': 30.409840366012627, 'beta_0': 0.25557140488213986, 'beta_1': 0.6912783144519773, 'beta_2': 0.9819064263751841, 'beta_3': 1.805605725933174, 'beta_4': 79.97083484574615, 'beta_5': 111.76542385257184, 'beta_6': 111.29749567568888}. Best is trial 576 with value: 73.41078608586943.
[I 2026-04-01 11:54:41,262] Trial 686 finished with value: 75.61745019528016 and parameters: {'alpha_0': 10894.249869031757, 'alpha_1': 1114.3251417932045, 'alpha_2': 29.130255515929, 'beta_0': 0.2528136751828363, 'beta_1': 0.973659094198577, 'beta_2': 1.1196715725165767, 'beta_3': 0.8904027021410768, 'beta_4': 89.04047419508206, 'beta_5': 115.34286946030915, 'beta_6': 104.72225766213418}. Best is trial 576 with value: 73.41078608586943.
[I 2026-04-01 11:54:41,330] Trial 685 finished with value: 113.75897532512849 and parameters: {'alpha_0': 37344.528492832396, 'alpha_1': 1132.1404407211817, 'alpha_2': 30.606416470494334, 'beta_0': 0.24634379679487095, 'beta_1': 1.0114800785819944, 'beta_2': 1.187450654845061, 'beta_3': 1.7136142544793416, 'beta_4': 76.89492976131247, 'beta_5': 105.7275692281577, 'beta_6': 157.96716769505488}. Best is trial 576 with value: 73.41078608586943.
Best trial: 576. Best value: 73.4108:  34%|███▍      | 684/2000 [49:20<3:21:51,  9.20s/it]Best trial: 576. Best value: 73.4108:  34%|███▍      | 684/2000 [49:20<3:21:51,  9.20s/it]Best trial: 576. Best value: 73.4108:  34%|███▍      | 685/2000 [49:20<1:36:25,  4.40s/it]                                                                                          Best trial: 576. Best value: 73.4108:  34%|███▍      | 685/2000 [49:20<1:36:25,  4.40s/it]Best trial: 576. Best value: 73.4108:  34%|███▍      | 685/2000 [49:20<1:36:25,  4.40s/it]                                                                                          Best trial: 576. Best value: 73.4108:  34%|███▍      | 686/2000 [49:21<1:36:20,  4.40s/it]Best trial: 576. Best value: 73.4108:  34%|███▍      | 686/2000 [49:21<1:36:20,  4.40s/it]Best trial: 576. Best value: 73.4108:  34%|███▍      | 687/2000 [49:21<1:05:46,  3.01s/it]                                                                                          Best trial: 576. Best value: 73.4108:  34%|███▍      | 687/2000 [49:21<1:05:46,  3.01s/it]Best trial: 576. Best value: 73.4108:  34%|███▍      | 687/2000 [49:21<1:05:46,  3.01s/it]                                                                                          Best trial: 576. Best value: 73.4108:  34%|███▍      | 688/2000 [49:21<1:05:43,  3.01s/it]Best trial: 576. Best value: 73.4108:  34%|███▍      | 688/2000 [49:21<1:05:43,  3.01s/it]Best trial: 576. Best value: 73.4108:  34%|███▍      | 689/2000 [49:21<45:15,  2.07s/it]                                                                                          Best trial: 576. Best value: 73.4108:  34%|███▍      | 689/2000 [49:21<45:15,  2.07s/it]Best trial: 576. Best value: 73.4108:  34%|███▍      | 689/2000 [49:21<45:15,  2.07s/it]Best trial: 576. Best value: 73.4108:  34%|███▍      | 690/2000 [49:21<37:22,  1.71s/it]                                                                                        Best trial: 576. Best value: 73.4108:  34%|███▍      | 690/2000 [50:06<37:22,  1.71s/it]Best trial: 576. Best value: 73.4108:  34%|███▍      | 690/2000 [50:06<37:22,  1.71s/it]Best trial: 576. Best value: 73.4108:  35%|███▍      | 691/2000 [50:06<3:56:02, 10.82s/it]                                                                                          Best trial: 576. Best value: 73.4108:  35%|███▍      | 691/2000 [50:06<3:56:02, 10.82s/it]Best trial: 576. Best value: 73.4108:  35%|███▍      | 691/2000 [50:06<3:56:02, 10.82s/it]                                                                                          Best trial: 576. Best value: 73.4108:  35%|███▍      | 692/2000 [50:06<3:55:51, 10.82s/it]Best trial: 576. Best value: 73.4108:  35%|███▍      | 692/2000 [50:06<3:55:51, 10.82s/it]Best trial: 576. Best value: 73.4108:  35%|███▍      | 693/2000 [50:06<2:28:25,  6.81s/it]                                                                                          Best trial: 576. Best value: 73.4108:  35%|███▍      | 693/2000 [50:06<2:28:25,  6.81s/it]Best trial: 576. Best value: 73.4108:  35%|███▍      | 693/2000 [50:06<2:28:25,  6.81s/it]                                                                                          Best trial: 576. Best value: 73.4108:  35%|███▍      | 694/2000 [50:06<2:28:18,  6.81s/it]Best trial: 576. Best value: 73.4108:  35%|███▍      | 694/2000 [50:06<2:28:18,  6.81s/it]Best trial: 576. Best value: 73.4108:  35%|███▍      | 695/2000 [50:06<1:37:04,  4.46s/it]                                                                                          Best trial: 576. Best value: 73.4108:  35%|███▍      | 695/2000 [50:06<1:37:04,  4.46s/it]Best trial: 576. Best value: 73.4108:  35%|███▍      | 695/2000 [50:06<1:37:04,  4.46s/it]                                                                                          Best trial: 576. Best value: 73.4108:  35%|███▍      | 696/2000 [50:06<1:36:59,  4.46s/it]Best trial: 576. Best value: 73.4108:  35%|███▍      | 696/2000 [50:06<1:36:59,  4.46s/it]                                                                                          Best trial: 576. Best value: 73.4108:  35%|███▍      | 697/2000 [50:06<1:36:55,  4.46s/it]Best trial: 576. Best value: 73.4108:  35%|███▍      | 697/2000 [50:06<1:36:55,  4.46s/it]Best trial: 576. Best value: 73.4108:  35%|███▍      | 698/2000 [50:06<55:42,  2.57s/it]                                                                                          Best trial: 576. Best value: 73.4108:  35%|███▍      | 698/2000 [50:07<55:42,  2.57s/it]Best trial: 576. Best value: 73.4108:  35%|███▍      | 698/2000 [50:07<55:42,  2.57s/it]                                                                                        Best trial: 576. Best value: 73.4108:  35%|███▍      | 699/2000 [50:07<55:39,  2.57s/it]Best trial: 576. Best value: 73.4108:  35%|███▍      | 699/2000 [50:07<55:39,  2.57s/it]Best trial: 576. Best value: 73.4108:  35%|███▌      | 700/2000 [50:07<40:18,  1.86s/it]Best trial: 576. Best value: 73.4108:  35%|███▌      | 700/2000 [50:21<40:18,  1.86s/it]                                                                                        Best trial: 576. Best value: 73.4108:  35%|███▌      | 700/2000 [50:57<40:18,  1.86s/it]Best trial: 576. Best value: 73.4108:  35%|███▌      | 700/2000 [50:57<40:18,  1.86s/it]Best trial: 576. Best value: 73.4108:  35%|███▌      | 701/2000 [50:57<3:40:04, 10.16s/it]                                                                                          Best trial: 576. Best value: 73.4108:  35%|███▌      | 701/2000 [50:57<3:40:04, 10.16s/it]Best trial: 576. Best value: 73.4108:  35%|███▌      | 701/2000 [50:57<3:40:04, 10.16s/it]                                                                                          [I 2026-04-01 11:54:41,479] Trial 683 finished with value: 87.95604029466152 and parameters: {'alpha_0': 13346.499539145078, 'alpha_1': 721.8433832694407, 'alpha_2': 30.35345128308717, 'beta_0': 0.34364118447884895, 'beta_1': 0.9338474419972772, 'beta_2': 1.210504113167252, 'beta_3': 0.8928628374824422, 'beta_4': 76.01363931104223, 'beta_5': 88.41979504214429, 'beta_6': 154.19546365082593}. Best is trial 576 with value: 73.41078608586943.
[I 2026-04-01 11:54:41,534] Trial 684 finished with value: 86.40320947369723 and parameters: {'alpha_0': 13679.800212945192, 'alpha_1': 1146.3250078310314, 'alpha_2': 29.029431316528708, 'beta_0': 0.3548374600039337, 'beta_1': 1.1274543875659007, 'beta_2': 1.2072224272066165, 'beta_3': 1.80225431017965, 'beta_4': 77.45964893106313, 'beta_5': 72.2491596609512, 'beta_6': 104.9996845129784}. Best is trial 576 with value: 73.41078608586943.
[I 2026-04-01 11:54:41,930] Trial 689 finished with value: 74.30756097878799 and parameters: {'alpha_0': 13369.363093789547, 'alpha_1': 1116.759403377934, 'alpha_2': 29.668559435519956, 'beta_0': 0.24900853405591455, 'beta_1': 1.1738978318656, 'beta_2': 0.985310897379984, 'beta_3': 1.8833605887785052, 'beta_4': 87.80597757606756, 'beta_5': 109.03357194907912, 'beta_6': 104.78141054278274}. Best is trial 576 with value: 73.41078608586943.
[I 2026-04-01 11:54:41,952] Trial 688 finished with value: 76.41912259516579 and parameters: {'alpha_0': 10639.662453504177, 'alpha_1': 785.1275859484072, 'alpha_2': 30.690744208209857, 'beta_0': 0.25374142459136606, 'beta_1': 1.2529107787472988, 'beta_2': 1.1378347978029504, 'beta_3': 1.9394919798947408, 'beta_4': 87.872712466389, 'beta_5': 95.32937286242472, 'beta_6': 107.41614465790364}. Best is trial 576 with value: 73.41078608586943.
