Best trial: 1590. Best value: 71.3826:  82%|████████▏ | 1633/2000 [2:26:03<33:43,  5.51s/it]                                                                                            Best trial: 1590. Best value: 71.3826:  82%|████████▏ | 1633/2000 [2:26:03<33:43,  5.51s/it]Best trial: 1590. Best value: 71.3826:  82%|████████▏ | 1633/2000 [2:26:03<33:43,  5.51s/it]Best trial: 1590. Best value: 71.3826:  82%|████████▏ | 1634/2000 [2:26:03<33:37,  5.51s/it]                                                                                            Best trial: 1590. Best value: 71.3826:  82%|████████▏ | 1635/2000 [2:26:03<33:32,  5.51s/it]Best trial: 1590. Best value: 71.3826:  82%|████████▏ | 1635/2000 [2:26:03<33:32,  5.51s/it]Best trial: 1590. Best value: 71.3826:  82%|████████▏ | 1636/2000 [2:26:03<16:19,  2.69s/it]                                                                                            Best trial: 1590. Best value: 71.3826:  82%|████████▏ | 1636/2000 [2:26:04<16:19,  2.69s/it]                                                                                            Best trial: 1590. Best value: 71.3826:  82%|████████▏ | 1636/2000 [2:26:04<16:19,  2.69s/it]Best trial: 1590. Best value: 71.3826:  82%|████████▏ | 1636/2000 [2:26:04<16:19,  2.69s/it]Best trial: 1590. Best value: 71.3826:  82%|████████▏ | 1637/2000 [2:26:04<16:16,  2.69s/it]Best trial: 1590. Best value: 71.3826:  82%|████████▏ | 1638/2000 [2:26:04<11:21,  1.88s/it]                                                                                            Best trial: 1590. Best value: 71.3826:  82%|████████▏ | 1638/2000 [2:26:04<11:21,  1.88s/it]Best trial: 1590. Best value: 71.3826:  82%|████████▏ | 1638/2000 [2:26:04<11:21,  1.88s/it]Best trial: 1590. Best value: 71.3826:  82%|████████▏ | 1639/2000 [2:26:04<09:23,  1.56s/it]                                                                                            Best trial: 1590. Best value: 71.3826:  82%|████████▏ | 1639/2000 [2:26:04<09:23,  1.56s/it]Best trial: 1590. Best value: 71.3826:  82%|████████▏ | 1639/2000 [2:26:04<09:23,  1.56s/it]Best trial: 1590. Best value: 71.3826:  82%|████████▏ | 1640/2000 [2:26:04<07:33,  1.26s/it]                                                                                            Best trial: 1590. Best value: 71.3826:  82%|████████▏ | 1640/2000 [2:26:43<07:33,  1.26s/it]Best trial: 1590. Best value: 71.3826:  82%|████████▏ | 1640/2000 [2:26:43<07:33,  1.26s/it]Best trial: 1590. Best value: 71.3826:  82%|████████▏ | 1641/2000 [2:26:43<1:00:44, 10.15s/it]                                                                                              Best trial: 1590. Best value: 71.3826:  82%|████████▏ | 1641/2000 [2:26:44<1:00:44, 10.15s/it]Best trial: 1590. Best value: 71.3826:  82%|████████▏ | 1641/2000 [2:26:44<1:00:44, 10.15s/it]Best trial: 1590. Best value: 71.3826:  82%|████████▏ | 1642/2000 [2:26:44<45:43,  7.66s/it]                                                                                              Best trial: 1590. Best value: 71.3826:  82%|████████▏ | 1642/2000 [2:26:44<45:43,  7.66s/it]Best trial: 1590. Best value: 71.3826:  82%|████████▏ | 1642/2000 [2:26:44<45:43,  7.66s/it]Best trial: 1590. Best value: 71.3826:  82%|████████▏ | 1643/2000 [2:26:44<33:57,  5.71s/it]                                                                                            Best trial: 1590. Best value: 71.3826:  82%|████████▏ | 1643/2000 [2:26:44<33:57,  5.71s/it]Best trial: 1590. Best value: 71.3826:  82%|████████▏ | 1643/2000 [2:26:44<33:57,  5.71s/it]Best trial: 1590. Best value: 71.3826:  82%|████████▏ | 1644/2000 [2:26:44<25:04,  4.23s/it]                                                                                            Best trial: 1590. Best value: 71.3826:  82%|████████▏ | 1644/2000 [2:26:44<25:04,  4.23s/it]Best trial: 1590. Best value: 71.3826:  82%|████████▏ | 1644/2000 [2:26:44<25:04,  4.23s/it]                                                                                            Best trial: 1590. Best value: 71.3826:  82%|████████▏ | 1645/2000 [2:26:44<24:59,  4.23s/it]Best trial: 1590. Best value: 71.3826:  82%|████████▏ | 1645/2000 [2:26:44<24:59,  4.23s/it]Best trial: 1590. Best value: 71.3826:  82%|████████▏ | 1646/2000 [2:26:44<14:08,  2.40s/it]                                                                                            Best trial: 1590. Best value: 71.3826:  82%|████████▏ | 1646/2000 [2:26:44<14:08,  2.40s/it]Best trial: 1590. Best value: 71.3826:  82%|████████▏ | 1646/2000 [2:26:44<14:08,  2.40s/it]                                                                                            Best trial: 1590. Best value: 71.3826:  82%|████████▏ | 1647/2000 [2:26:44<14:06,  2.40s/it]Best trial: 1590. Best value: 71.3826:  82%|████████▏ | 1647/2000 [2:26:44<14:06,  2.40s/it]Best trial: 1590. Best value: 71.3826:  82%|████████▏ | 1648/2000 [2:26:44<08:58,  1.53s/it]                                                                                            Best trial: 1590. Best value: 71.3826:  82%|████████▏ | 1648/2000 [2:26:45<08:58,  1.53s/it]                                                                                            Best trial: 1590. Best value: 71.3826:  82%|████████▏ | 1648/2000 [2:26:45<08:58,  1.53s/it]Best trial: 1590. Best value: 71.3826:  82%|████████▏ | 1648/2000 [2:26:45<08:58,  1.53s/it]Best trial: 1590. Best value: 71.3826:  82%|████████▏ | 1649/2000 [2:26:45<07:16,  1.24s/it]Best trial: 1590. Best value: 71.3826:  82%|████████▏ | 1649/2000 [2:26:45<07:16,  1.24s/it]                                                                                            Best trial: 1590. Best value: 71.3826:  82%|████████▎ | 1650/2000 [2:27:26<07:14,  1.24s/it]Best trial: 1590. Best value: 71.3826:  82%|████████▎ | 1650/2000 [2:27:26<07:14,  1.24s/it]Best trial: 1590. Best value: 71.3826:  83%|████████▎ | 1651/2000 [2:27:26<49:49,  8.56s/it]                                                                                            [I 2026-04-01 13:31:24,509] Trial 1631 finished with value: 74.80124123508612 and parameters: {'alpha_0': 14225.192496766062, 'alpha_1': 2999.57987823079, 'alpha_2': 47.50915885899974, 'beta_0': 0.20086920007095727, 'beta_1': 2.039646038748064, 'beta_2': 1.742182672794267, 'beta_3': 0.4661091596337029, 'beta_4': 59.367586305192596, 'beta_5': 0.2584624098265751, 'beta_6': 136.73746960236446}. Best is trial 1590 with value: 71.38264104367624.
[I 2026-04-01 13:31:24,514] Trial 1630 finished with value: 72.1706666759774 and parameters: {'alpha_0': 14635.700041399043, 'alpha_1': 3244.646046855697, 'alpha_2': 47.311997024154984, 'beta_0': 0.20020197308298582, 'beta_1': 2.080402526891767, 'beta_2': 1.476955376483501, 'beta_3': 0.46595419276211436, 'beta_4': 61.939603667003404, 'beta_5': 22.689638593423165, 'beta_6': 138.8492910106198}. Best is trial 1590 with value: 71.38264104367624.
[I 2026-04-01 13:31:24,608] Trial 1635 finished with value: 77.38817863240703 and parameters: {'alpha_0': 14820.372305212923, 'alpha_1': 4067.772432590572, 'alpha_2': 47.08611821776577, 'beta_0': 0.29099606420743457, 'beta_1': 2.0638414756772896, 'beta_2': 1.4671749152575384, 'beta_3': 0.4482668232501832, 'beta_4': 59.81475950937744, 'beta_5': 29.144996163117693, 'beta_6': 138.9060522630148}. Best is trial 1590 with value: 71.38264104367624.
[I 2026-04-01 13:31:25,059] Trial 1636 finished with value: 76.57367396543275 and parameters: {'alpha_0': 14656.930280627546, 'alpha_1': 4049.109163656772, 'alpha_2': 45.35778269436147, 'beta_0': 0.2844471868119607, 'beta_1': 1.9262595141449261, 'beta_2': 1.453506961812782, 'beta_3': 0.47296727870385036, 'beta_4': 60.52255061055402, 'beta_5': 24.643995982641783, 'beta_6': 129.53480171605213}. Best is trial 1590 with value: 71.38264104367624.
[I 2026-04-01 13:31:25,064] Trial 1638 finished with value: 100.80787772139874 and parameters: {'alpha_0': 14998.829714051373, 'alpha_1': 4063.0883874631572, 'alpha_2': 45.60351295559894, 'beta_0': 0.2845746118163363, 'beta_1': 2.0607153699953398, 'beta_2': 2.1384707876158973, 'beta_3': 0.4671813684212068, 'beta_4': 60.400673166832746, 'beta_5': 0.2399631019420969, 'beta_6': 145.18567206970854}. Best is trial 1590 with value: 71.38264104367624.
[I 2026-04-01 13:31:25,250] Trial 1639 finished with value: 72.53231585865524 and parameters: {'alpha_0': 14828.58698739187, 'alpha_1': 3921.712704977295, 'alpha_2': 45.305493563912954, 'beta_0': 0.2004182633070497, 'beta_1': 2.2558707005619865, 'beta_2': 1.4473988383066132, 'beta_3': 0.4562840304605985, 'beta_4': 59.86414772342191, 'beta_5': 7.752195858563116, 'beta_6': 142.62793591455934}. Best is trial 1590 with value: 71.38264104367624.
[I 2026-04-01 13:31:25,424] Trial 1637 finished with value: 136.89396803991266 and parameters: {'alpha_0': 14864.873855650058, 'alpha_1': 3866.813798294255, 'alpha_2': 45.281629377469535, 'beta_0': 0.20059796680574105, 'beta_1': 2.018743701707043, 'beta_2': 1.4545003391688327, 'beta_3': 0.4269734280212648, 'beta_4': 59.916074859270196, 'beta_5': 427.8430390600281, 'beta_6': 142.43118985241787}. Best is trial 1590 with value: 71.38264104367624.
[I 2026-04-01 13:32:04,669] Trial 1641 finished with value: 76.99457164365745 and parameters: {'alpha_0': 15194.00268572327, 'alpha_1': 3899.0878384423536, 'alpha_2': 46.749362885889234, 'beta_0': 0.28458336237289455, 'beta_1': 2.0348370164386713, 'beta_2': 1.4381975920555936, 'beta_3': 0.45235272314223507, 'beta_4': 59.740828013313134, 'beta_5': 7.118508136217674, 'beta_6': 144.9468737043709}. Best is trial 1590 with value: 71.38264104367624.
[I 2026-04-01 13:32:04,889] Trial 1645 finished with value: 74.77969618289197 and parameters: {'alpha_0': 15326.66143702974, 'alpha_1': 3592.4105398766114, 'alpha_2': 46.71092787767214, 'beta_0': 0.2535336283414847, 'beta_1': 2.163399725723948, 'beta_2': 1.5007107303242229, 'beta_3': 0.46114931494842193, 'beta_4': 73.61714017194221, 'beta_5': 0.312956999757505, 'beta_6': 145.78579284977653}. Best is trial 1590 with value: 71.38264104367624.
[I 2026-04-01 13:32:05,134] Trial 1640 finished with value: 75.04153622097058 and parameters: {'alpha_0': 15152.130690101636, 'alpha_1': 4058.9896263648657, 'alpha_2': 46.089434953654155, 'beta_0': 0.28247521672837683, 'beta_1': 2.0257767590468756, 'beta_2': 1.4352913906244473, 'beta_3': 0.45559815391422737, 'beta_4': 59.437182883969015, 'beta_5': 0.12649208122516775, 'beta_6': 151.980083638587}. Best is trial 1590 with value: 71.38264104367624.
[I 2026-04-01 13:32:05,425] Trial 1647 finished with value: 75.8107784514277 and parameters: {'alpha_0': 15425.311687527696, 'alpha_1': 3829.024473459461, 'alpha_2': 46.83863020427751, 'beta_0': 0.2554905075791404, 'beta_1': 2.0217676865953487, 'beta_2': 1.549515884968355, 'beta_3': 0.4386272815810178, 'beta_4': 67.81772133482755, 'beta_5': 8.243407138870447, 'beta_6': 148.4133820205284}. Best is trial 1590 with value: 71.38264104367624.
[I 2026-04-01 13:32:05,466] Trial 1649 finished with value: 75.64009307959341 and parameters: {'alpha_0': 15731.461698822974, 'alpha_1': 3535.0572138793696, 'alpha_2': 47.02553882669719, 'beta_0': 0.25698261538623873, 'beta_1': 2.19754853774468, 'beta_2': 1.54847405378827, 'beta_3': 0.6264057168739912, 'beta_4': 73.3705354358979, 'beta_5': 7.844443288345959, 'beta_6': 152.90386222916575}. Best is trial 1590 with value: 71.38264104367624.
[I 2026-04-01 13:32:05,528] Trial 1643 finished with value: 1384.129242377238 and parameters: {'alpha_0': 15160.807958987307, 'alpha_1': 3685.691356566034, 'alpha_2': 47.00897058461261, 'beta_0': 2.9296458443752798, 'beta_1': 2.048325635661838, 'beta_2': 1.5334448620855308, 'beta_3': 0.45027563423538686, 'beta_4': 73.86595494337843, 'beta_5': 7.548704271462834, 'beta_6': 146.40095336084528}. Best is trial 1590 with value: 71.38264104367624.
[I 2026-04-01 13:32:05,581] Trial 1648 finished with value: 75.1473390894414 and parameters: {'alpha_0': 15309.024195990536, 'alpha_1': 3584.820571266681, 'alpha_2': 49.268470958103734, 'beta_0': 0.2511915791616292, 'beta_1': 2.0379909545069044, 'beta_2': 1.5505345692670363, 'beta_3': 0.5919457017931979, 'beta_4': 73.20447792940294, 'beta_5': 8.99662691834062, 'beta_6': 148.8592195708881}. Best is trial 1590 with value: 71.38264104367624.
[I 2026-04-01 13:32:05,817] Trial 1644 finished with value: 78.00279105466967 and parameters: {'alpha_0': 15368.875495985143, 'alpha_1': 3522.6985404898255, 'alpha_2': 49.9378870266063, 'beta_0': 0.2854488235935322, 'beta_1': 2.300912384780617, 'beta_2': 1.545662276561685, 'beta_3': 0.45290606197527844, 'beta_4': 74.24572711914944, 'beta_5': 7.695242429314775, 'beta_6': 145.28856889832318}. Best is trial 1590 with value: 71.38264104367624.
[I 2026-04-01 13:32:06,026] Trial 1646 finished with value: 76.75797822023362 and parameters: {'alpha_0': 15193.095075530924, 'alpha_1': 3813.989176372886, 'alpha_2': 49.04966002982628, 'beta_0': 0.25086948789688235, 'beta_1': 2.023626321043082, 'beta_2': 1.5490520312357696, 'beta_3': 0.45981410818721197, 'beta_4': 72.56209434390766, 'beta_5': 8.224480677471668, 'beta_6': 149.3129888373802}. Best is trial 1590 with value: 71.38264104367624.
[I 2026-04-01 13:32:06,031] Trial 1642 finished with value: 1366.9602183482186 and parameters: {'alpha_0': 15066.062760062196, 'alpha_1': 3569.6863264107774, 'alpha_2': 46.870086319636464, 'beta_0': 2.7621243179143957, 'beta_1': 2.200040115706602, 'beta_2': 1.4473167182022404, 'beta_3': 0.4440685691890335, 'beta_4': 59.31889635366416, 'beta_5': 7.2870932446737955, 'beta_6': 148.9480111691872}. Best is trial 1590 with value: 71.38264104367624.
[I 2026-04-01 13:32:46,907] Trial 1650 finished with value: 161.3260123620742 and parameters: {'alpha_0': 13122.287479602623, 'alpha_1': 3135.6918266844636, 'alpha_2': 46.99141958433846, 'beta_0': 0.2542513518259932, 'beta_1': 2.00685008446847, 'beta_2': 1.5518203301542197, 'beta_3': 0.44384939193931505, 'beta_4': 71.93605960596535, 'beta_5': 450.26995677709715, 'beta_6': 148.31998022049757}. Best is trial 1590 with value: 71.38264104367624.
Best trial: 1590. Best value: 71.3826:  83%|████████▎ | 1651/2000 [2:27:26<49:49,  8.56s/it]Best trial: 1590. Best value: 71.3826:  83%|████████▎ | 1651/2000 [2:27:26<49:49,  8.56s/it]                                                                                            Best trial: 1590. Best value: 71.3826:  83%|████████▎ | 1652/2000 [2:27:26<39:36,  6.83s/it]Best trial: 1590. Best value: 71.3826:  83%|████████▎ | 1652/2000 [2:27:26<39:36,  6.83s/it]Best trial: 1590. Best value: 71.3826:  83%|████████▎ | 1652/2000 [2:27:26<39:36,  6.83s/it]                                                                                            Best trial: 1590. Best value: 71.3826:  83%|████████▎ | 1653/2000 [2:27:26<39:29,  6.83s/it]Best trial: 1590. Best value: 71.3826:  83%|████████▎ | 1653/2000 [2:27:26<39:29,  6.83s/it]                                                                                            Best trial: 1590. Best value: 71.3826:  83%|████████▎ | 1654/2000 [2:27:26<39:22,  6.83s/it]Best trial: 1590. Best value: 71.3826:  83%|████████▎ | 1654/2000 [2:27:26<39:22,  6.83s/it]Best trial: 1590. Best value: 71.3826:  83%|████████▎ | 1655/2000 [2:27:26<20:35,  3.58s/it]                                                                                            Best trial: 1590. Best value: 71.3826:  83%|████████▎ | 1655/2000 [2:27:26<20:35,  3.58s/it]                                                                                            Best trial: 1590. Best value: 71.3826:  83%|████████▎ | 1655/2000 [2:27:26<20:35,  3.58s/it]Best trial: 1590. Best value: 71.3826:  83%|████████▎ | 1655/2000 [2:27:26<20:35,  3.58s/it]Best trial: 1590. Best value: 71.3826:  83%|████████▎ | 1656/2000 [2:27:26<20:32,  3.58s/it]Best trial: 1590. Best value: 71.3826:  83%|████████▎ | 1657/2000 [2:27:26<14:09,  2.48s/it]                                                                                            Best trial: 1590. Best value: 71.3826:  83%|████████▎ | 1657/2000 [2:27:26<14:09,  2.48s/it]Best trial: 1590. Best value: 71.3826:  83%|████████▎ | 1657/2000 [2:27:26<14:09,  2.48s/it]                                                                                            Best trial: 1590. Best value: 71.3826:  83%|████████▎ | 1658/2000 [2:27:26<14:06,  2.48s/it]Best trial: 1590. Best value: 71.3826:  83%|████████▎ | 1658/2000 [2:27:26<14:06,  2.48s/it]Best trial: 1590. Best value: 71.3826:  83%|████████▎ | 1659/2000 [2:27:26<09:56,  1.75s/it]                                                                                            Best trial: 1590. Best value: 71.3826:  83%|████████▎ | 1659/2000 [2:27:27<09:56,  1.75s/it]Best trial: 1590. Best value: 71.3826:  83%|████████▎ | 1659/2000 [2:27:27<09:56,  1.75s/it]Best trial: 1590. Best value: 71.3826:  83%|████████▎ | 1660/2000 [2:27:46<09:55,  1.75s/it]                                                                                            Best trial: 1590. Best value: 71.3826:  83%|████████▎ | 1660/2000 [2:28:17<09:55,  1.75s/it]Best trial: 1590. Best value: 71.3826:  83%|████████▎ | 1660/2000 [2:28:17<09:55,  1.75s/it]Best trial: 1590. Best value: 71.3826:  83%|████████▎ | 1661/2000 [2:28:17<50:39,  8.97s/it]                                                                                            Best trial: 1590. Best value: 71.3826:  83%|████████▎ | 1661/2000 [2:28:18<50:39,  8.97s/it]Best trial: 1590. Best value: 71.3826:  83%|████████▎ | 1661/2000 [2:28:18<50:39,  8.97s/it]Best trial: 1590. Best value: 71.3826:  83%|████████▎ | 1662/2000 [2:28:18<42:16,  7.50s/it]                                                                                            Best trial: 1590. Best value: 71.3826:  83%|████████▎ | 1662/2000 [2:28:18<42:16,  7.50s/it]Best trial: 1590. Best value: 71.3826:  83%|████████▎ | 1662/2000 [2:28:18<42:16,  7.50s/it]Best trial: 1590. Best value: 71.3826:  83%|████████▎ | 1663/2000 [2:28:18<33:55,  6.04s/it]                                                                                            Best trial: 1590. Best value: 71.3826:  83%|████████▎ | 1663/2000 [2:28:19<33:55,  6.04s/it]Best trial: 1590. Best value: 71.3826:  83%|████████▎ | 1663/2000 [2:28:19<33:55,  6.04s/it]Best trial: 1590. Best value: 71.3826:  83%|████████▎ | 1664/2000 [2:28:19<26:43,  4.77s/it]                                                                                            Best trial: 1590. Best value: 71.3826:  83%|████████▎ | 1664/2000 [2:28:19<26:43,  4.77s/it]Best trial: 1590. Best value: 71.3826:  83%|████████▎ | 1664/2000 [2:28:19<26:43,  4.77s/it]Best trial: 1590. Best value: 71.3826:  83%|████████▎ | 1665/2000 [2:28:19<20:30,  3.67s/it]                                                                                            Best trial: 1590. Best value: 71.3826:  83%|████████▎ | 1665/2000 [2:28:19<20:30,  3.67s/it]Best trial: 1590. Best value: 71.3826:  83%|████████▎ | 1665/2000 [2:28:19<20:30,  3.67s/it]Best trial: 1590. Best value: 71.3826:  83%|████████▎ | 1666/2000 [2:28:19<15:32,  2.79s/it]                                                                                            Best trial: 1590. Best value: 71.3826:  83%|████████▎ | 1666/2000 [2:28:19<15:32,  2.79s/it]Best trial: 1590. Best value: 71.3826:  83%|████████▎ | 1666/2000 [2:28:19<15:32,  2.79s/it]Best trial: 1590. Best value: 71.3826:  83%|████████▎ | 1667/2000 [2:28:19<11:30,  2.07s/it]                                                                                            Best trial: 1590. Best value: 71.3826:  83%|████████▎ | 1667/2000 [2:28:20<11:30,  2.07s/it]Best trial: 1590. Best value: 71.3826:  83%|████████▎ | 1667/2000 [2:28:20<11:30,  2.07s/it]Best trial: 1590. Best value: 71.3826:  83%|████████▎ | 1668/2000 [2:28:20<08:34,  1.55s/it]                                                                                            Best trial: 1590. Best value: 71.3826:  83%|████████▎ | 1668/2000 [2:28:20<08:34,  1.55s/it]Best trial: 1590. Best value: 71.3826:  83%|████████▎ | 1668/2000 [2:28:20<08:34,  1.55s/it]Best trial: 1590. Best value: 71.3826:  83%|████████▎ | 1669/2000 [2:28:20<06:23,  1.16s/it]                                                                                            [I 2026-04-01 13:32:47,356] Trial 1652 finished with value: 74.68355440856152 and parameters: {'alpha_0': 13356.852970687314, 'alpha_1': 3048.4856058090027, 'alpha_2': 49.28233063680728, 'beta_0': 0.2508628457335337, 'beta_1': 2.23740938605565, 'beta_2': 1.5597848026075936, 'beta_3': 0.6004094589017074, 'beta_4': 67.93637708299802, 'beta_5': 9.210125301628597, 'beta_6': 145.35261513884248}. Best is trial 1590 with value: 71.38264104367624.
[I 2026-04-01 13:32:47,368] Trial 1653 finished with value: 75.53917129076817 and parameters: {'alpha_0': 13375.715689503875, 'alpha_1': 3119.1990995717442, 'alpha_2': 49.218414355148056, 'beta_0': 0.2497758747079577, 'beta_1': 2.0303761026806018, 'beta_2': 1.5581193481313047, 'beta_3': 0.4165852968940515, 'beta_4': 67.68907986646869, 'beta_5': 10.314265518763898, 'beta_6': 154.30558049171182}. Best is trial 1590 with value: 71.38264104367624.
[I 2026-04-01 13:32:47,415] Trial 1651 finished with value: 132.75232144562102 and parameters: {'alpha_0': 13406.71227087014, 'alpha_1': 3179.6493848647315, 'alpha_2': 48.92828568817974, 'beta_0': 0.25165014884385195, 'beta_1': 2.0454490319399543, 'beta_2': 1.5574577645276937, 'beta_3': 0.6091512220600989, 'beta_4': 67.49699193679305, 'beta_5': 366.7383335379726, 'beta_6': 152.34475418713052}. Best is trial 1590 with value: 71.38264104367624.
