[I 2026-03-31 21:56:59,385] Trial 125 finished with value: 6704.4408773626365 and parameters: {'alpha_0': 0.0013154294642634858, 'alpha_1': 8.189902180292334e-05, 'alpha_2': 8.4353251236737e-05, 'beta_0': 0.0801215144023969, 'beta_1': 11.468404642278626, 'beta_2': 0.21402500254944432, 'beta_3': 0.0008366041356102496, 'beta_4': 4.704496642688329, 'beta_5': 30.21055501372708, 'beta_6': 0.05469012775883639, 'beta_7': 0.015937444779067132, 'beta_8': 3.29976825447896e-05, 'beta_9': 8.331453298968152e-07}. Best is trial 73 with value: 6668.35895033413.
[I 2026-03-31 21:57:08,526] Trial 126 finished with value: inf and parameters: {'alpha_0': 0.001350541884527599, 'alpha_1': 8.347407942476235e-05, 'alpha_2': 8.721990743089734e-05, 'beta_0': 0.13703880728952955, 'beta_1': 11.403052471483782, 'beta_2': 0.21467554902256802, 'beta_3': 0.0008163234811032912, 'beta_4': 3.9925941334414548, 'beta_5': 30.581370585982427, 'beta_6': 0.054464277438915985, 'beta_7': 0.017303048843384277, 'beta_8': 3.563939602432365e-05, 'beta_9': 5.354187203368212e-07}. Best is trial 73 with value: 6668.35895033413.
[I 2026-03-31 21:57:17,799] Trial 127 finished with value: 7173.660807682689 and parameters: {'alpha_0': 0.0014680597941653226, 'alpha_1': 8.943786173065033e-05, 'alpha_2': 8.359162327745262e-05, 'beta_0': 0.06263033509592521, 'beta_1': 11.095496926149158, 'beta_2': 0.2121812804549752, 'beta_3': 0.0007955524609094933, 'beta_4': 4.220091610559378, 'beta_5': 29.89635570651216, 'beta_6': 0.05128189949474314, 'beta_7': 0.01670843904606404, 'beta_8': 3.476216918648232e-05, 'beta_9': 8.494592084792673e-07}. Best is trial 73 with value: 6668.35895033413.
[I 2026-03-31 21:57:26,999] Trial 128 finished with value: 6928.535227892121 and parameters: {'alpha_0': 0.0013024524880313603, 'alpha_1': 0.00010186551854906629, 'alpha_2': 8.847645864679518e-05, 'beta_0': 0.12742210076024127, 'beta_1': 11.650414407658277, 'beta_2': 0.21028919140109087, 'beta_3': 0.000837978626918734, 'beta_4': 4.873534638020695, 'beta_5': 26.926080163048077, 'beta_6': 0.047330254397152494, 'beta_7': 0.016377105551742027, 'beta_8': 3.326516872111851e-05, 'beta_9': 7.013444950169299e-07}. Best is trial 73 with value: 6668.35895033413.
[I 2026-03-31 21:57:36,375] Trial 129 finished with value: 7511.743561877742 and parameters: {'alpha_0': 0.0010970722159998657, 'alpha_1': 9.919770443953355e-05, 'alpha_2': 8.597540554283842e-05, 'beta_0': 0.17541627496870354, 'beta_1': 10.690997245940405, 'beta_2': 0.20707382840578598, 'beta_3': 0.0008724307191389553, 'beta_4': 4.724991054908896, 'beta_5': 27.901548591977217, 'beta_6': 0.049263001911987306, 'beta_7': 0.015240352921167426, 'beta_8': 3.712127507081786e-05, 'beta_9': 6.20274333984959e-07}. Best is trial 73 with value: 6668.35895033413.
[I 2026-03-31 21:57:45,572] Trial 130 finished with value: 6681.807414745337 and parameters: {'alpha_0': 0.0010197275760347527, 'alpha_1': 8.230459048446146e-05, 'alpha_2': 9.095680522289929e-05, 'beta_0': 0.07978222233042273, 'beta_1': 11.989960108538108, 'beta_2': 0.21684667399620583, 'beta_3': 0.0007377600265165462, 'beta_4': 5.0381920701129905, 'beta_5': 28.549624566891538, 'beta_6': 0.05544925786577749, 'beta_7': 0.015968945670081284, 'beta_8': 3.4335319500031774e-05, 'beta_9': 6.525565820512949e-07}. Best is trial 73 with value: 6668.35895033413.
[I 2026-03-31 21:57:54,957] Trial 131 finished with value: 6765.588854680674 and parameters: {'alpha_0': 0.0009253851149649145, 'alpha_1': 8.25422288310864e-05, 'alpha_2': 9.301070924027462e-05, 'beta_0': 0.07816238904512356, 'beta_1': 11.998061370468895, 'beta_2': 0.21712117067071643, 'beta_3': 0.0007258320615741903, 'beta_4': 4.983349334765324, 'beta_5': 28.740430180633833, 'beta_6': 0.05521582409368808, 'beta_7': 0.015937267112097902, 'beta_8': 3.409228916959487e-05, 'beta_9': 5.685823844115797e-07}. Best is trial 73 with value: 6668.35895033413.
[I 2026-03-31 21:58:04,296] Trial 132 finished with value: 7366.423830113883 and parameters: {'alpha_0': 0.0010044675776568225, 'alpha_1': 7.984111265766566e-05, 'alpha_2': 9.01535608331879e-05, 'beta_0': 0.14213773961790271, 'beta_1': 11.402763495393685, 'beta_2': 0.2201351377614768, 'beta_3': 0.0007519246288890377, 'beta_4': 5.289086423146895, 'beta_5': 30.23992281013911, 'beta_6': 0.05685915778359268, 'beta_7': 0.01549535513392306, 'beta_8': 3.50191567968958e-05, 'beta_9': 6.46612810217659e-07}. Best is trial 73 with value: 6668.35895033413.
[I 2026-03-31 21:58:13,525] Trial 133 finished with value: 6922.736674907523 and parameters: {'alpha_0': 0.0011590926918089845, 'alpha_1': 8.50277709177671e-05, 'alpha_2': 8.400387326836932e-05, 'beta_0': 0.08106286087071145, 'beta_1': 12.265740013088843, 'beta_2': 0.21417171227000606, 'beta_3': 0.0007762331615875547, 'beta_4': 4.504971934044789, 'beta_5': 26.109318272667213, 'beta_6': 0.05281054325159431, 'beta_7': 0.016499443471290388, 'beta_8': 3.289017618570114e-05, 'beta_9': 6.015895896459167e-07}. Best is trial 73 with value: 6668.35895033413.
[I 2026-03-31 21:58:22,866] Trial 134 finished with value: 6732.840456198856 and parameters: {'alpha_0': 0.0012538104696471729, 'alpha_1': 8.684333145548995e-05, 'alpha_2': 7.826818052126511e-05, 'beta_0': 0.07358247079393357, 'beta_1': 11.736762890907801, 'beta_2': 0.20924478760751375, 'beta_3': 0.0007060143622887718, 'beta_4': 5.441895105448388, 'beta_5': 31.236660441414216, 'beta_6': 0.041876773536136676, 'beta_7': 0.01593204371162666, 'beta_8': 3.353268314108724e-05, 'beta_9': 6.762859042727723e-07}. Best is trial 73 with value: 6668.35895033413.
[I 2026-03-31 21:58:32,036] Trial 135 finished with value: 7211.9301274746595 and parameters: {'alpha_0': 0.0012797521850879158, 'alpha_1': 9.156612572247888e-05, 'alpha_2': 7.8863964566181e-05, 'beta_0': 0.06705069147760148, 'beta_1': 11.773962337063807, 'beta_2': 0.2087789402953571, 'beta_3': 0.000700865469658297, 'beta_4': 5.458347743876732, 'beta_5': 27.299804057567627, 'beta_6': 0.04421945920264849, 'beta_7': 0.01702423405806224, 'beta_8': 3.387667070270334e-05, 'beta_9': 6.747870807496515e-07}. Best is trial 73 with value: 6668.35895033413.Best trial: 73. Best value: 6668.36:   7%|▋         | 135/2000 [19:47<4:49:04,  9.30s/it]Best trial: 73. Best value: 6668.36:   7%|▋         | 135/2000 [19:47<4:49:04,  9.30s/it]Best trial: 73. Best value: 6668.36:   7%|▋         | 136/2000 [19:47<4:47:42,  9.26s/it]                                                                                         Best trial: 73. Best value: 6668.36:   7%|▋         | 136/2000 [19:56<4:47:42,  9.26s/it]Best trial: 73. Best value: 6668.36:   7%|▋         | 136/2000 [19:56<4:47:42,  9.26s/it]Best trial: 73. Best value: 6668.36:   7%|▋         | 137/2000 [19:56<4:48:40,  9.30s/it]                                                                                         Best trial: 73. Best value: 6668.36:   7%|▋         | 137/2000 [20:06<4:48:40,  9.30s/it]Best trial: 73. Best value: 6668.36:   7%|▋         | 137/2000 [20:06<4:48:40,  9.30s/it]Best trial: 73. Best value: 6668.36:   7%|▋         | 138/2000 [20:06<4:49:18,  9.32s/it]                                                                                         Best trial: 73. Best value: 6668.36:   7%|▋         | 138/2000 [20:15<4:49:18,  9.32s/it]Best trial: 73. Best value: 6668.36:   7%|▋         | 138/2000 [20:15<4:49:18,  9.32s/it]Best trial: 73. Best value: 6668.36:   7%|▋         | 139/2000 [20:15<4:49:10,  9.32s/it]                                                                                         Best trial: 73. Best value: 6668.36:   7%|▋         | 139/2000 [20:24<4:49:10,  9.32s/it]Best trial: 73. Best value: 6668.36:   7%|▋         | 139/2000 [20:24<4:49:10,  9.32s/it]Best trial: 73. Best value: 6668.36:   7%|▋         | 140/2000 [20:24<4:48:16,  9.30s/it]                                                                                         Best trial: 73. Best value: 6668.36:   7%|▋         | 140/2000 [20:34<4:48:16,  9.30s/it]Best trial: 73. Best value: 6668.36:   7%|▋         | 140/2000 [20:34<4:48:16,  9.30s/it]Best trial: 73. Best value: 6668.36:   7%|▋         | 141/2000 [20:34<4:50:19,  9.37s/it]                                                                                         Best trial: 73. Best value: 6668.36:   7%|▋         | 141/2000 [20:43<4:50:19,  9.37s/it]Best trial: 141. Best value: 6658.47:   7%|▋         | 141/2000 [20:43<4:50:19,  9.37s/it]Best trial: 141. Best value: 6658.47:   7%|▋         | 142/2000 [20:43<4:49:57,  9.36s/it]                                                                                          Best trial: 141. Best value: 6658.47:   7%|▋         | 142/2000 [20:52<4:49:57,  9.36s/it]Best trial: 141. Best value: 6658.47:   7%|▋         | 142/2000 [20:52<4:49:57,  9.36s/it]Best trial: 141. Best value: 6658.47:   7%|▋         | 143/2000 [20:52<4:48:29,  9.32s/it]                                                                                          Best trial: 141. Best value: 6658.47:   7%|▋         | 143/2000 [21:02<4:48:29,  9.32s/it]Best trial: 141. Best value: 6658.47:   7%|▋         | 143/2000 [21:02<4:48:29,  9.32s/it]Best trial: 141. Best value: 6658.47:   7%|▋         | 144/2000 [21:02<4:48:34,  9.33s/it]                                                                                          Best trial: 141. Best value: 6658.47:   7%|▋         | 144/2000 [21:11<4:48:34,  9.33s/it]Best trial: 141. Best value: 6658.47:   7%|▋         | 144/2000 [21:11<4:48:34,  9.33s/it]Best trial: 141. Best value: 6658.47:   7%|▋         | 145/2000 [21:11<4:47:42,  9.31s/it]                                                                                          Best trial: 141. Best value: 6658.47:   7%|▋         | 145/2000 [21:20<4:47:42,  9.31s/it]Best trial: 141. Best value: 6658.47:   7%|▋         | 145/2000 [21:20<4:47:42,  9.31s/it]Best trial: 141. Best value: 6658.47:   7%|▋         | 146/2000 [21:20<4:48:37,  9.34s/it]                                                                                          Best trial: 141. Best value: 6658.47:   7%|▋         | 146/2000 [21:30<4:48:37,  9.34s/it]Best trial: 141. Best value: 6658.47:   7%|▋         | 146/2000 [21:30<4:48:37,  9.34s/it]Best trial: 141. Best value: 6658.47:   7%|▋         | 147/2000 [21:30<4:47:05,  9.30s/it]                                                                                          Best trial: 141. Best value: 6658.47:   7%|▋         | 147/2000 [21:39<4:47:05,  9.30s/it]Best trial: 141. Best value: 6658.47:   7%|▋         | 147/2000 [21:39<4:47:05,  9.30s/it]Best trial: 141. Best value: 6658.47:   7%|▋         | 148/2000 [21:39<4:51:26,  9.44s/it]                                                                                          Best trial: 141. Best value: 6658.47:   7%|▋         | 148/2000 [21:49<4:51:26,  9.44s/it]Best trial: 141. Best value: 6658.47:   7%|▋         | 148/2000 [21:49<4:51:26,  9.44s/it]Best trial: 141. Best value: 6658.47:   7%|▋         | 149/2000 [21:49<4:49:23,  9.38s/it]                                                                                          Best trial: 141. Best value: 6658.47:   7%|▋         | 149/2000 [21:58<4:49:23,  9.38s/it]Best trial: 141. Best value: 6658.47:   7%|▋         | 149/2000 [21:58<4:49:23,  9.38s/it]Best trial: 141. Best value: 6658.47:   8%|▊         | 150/2000 [21:58<4:48:12,  9.35s/it]                                                                                          
[I 2026-03-31 21:58:41,417] Trial 136 finished with value: 6967.047989553667 and parameters: {'alpha_0': 0.0012466703994666545, 'alpha_1': 7.778719120840351e-05, 'alpha_2': 7.66752623810857e-05, 'beta_0': 0.05959613128873169, 'beta_1': 11.633168806408639, 'beta_2': 0.20098161641300755, 'beta_3': 0.0007360795044525857, 'beta_4': 5.231508755921226, 'beta_5': 31.548281237573903, 'beta_6': 0.041809559183149936, 'beta_7': 0.015741431148740194, 'beta_8': 3.578834144971747e-05, 'beta_9': 7.194963472774421e-07}. Best is trial 73 with value: 6668.35895033413.
[I 2026-03-31 21:58:50,799] Trial 137 finished with value: 6709.35490126516 and parameters: {'alpha_0': 0.0011322935057777412, 'alpha_1': 8.846321283965265e-05, 'alpha_2': 7.832343035953062e-05, 'beta_0': 0.07062548342382853, 'beta_1': 12.052759618397053, 'beta_2': 0.21104138752547447, 'beta_3': 0.0006319965031124203, 'beta_4': 5.545883477532042, 'beta_5': 33.11074767856544, 'beta_6': 0.04434810081429005, 'beta_7': 0.016220727704452678, 'beta_8': 3.341537659275156e-05, 'beta_9': 7.72403898891451e-07}. Best is trial 73 with value: 6668.35895033413.
[I 2026-03-31 21:59:00,124] Trial 138 finished with value: inf and parameters: {'alpha_0': 0.0011206326305303342, 'alpha_1': 9.694453780561036e-05, 'alpha_2': 8.22652607927844e-05, 'beta_0': 0.0932293695484161, 'beta_1': 12.053493058374167, 'beta_2': 0.21189772482931257, 'beta_3': 0.0005845230163676837, 'beta_4': 5.620689004083915, 'beta_5': 33.526121244858274, 'beta_6': 0.04324504157795619, 'beta_7': 0.020140916389594022, 'beta_8': 3.442049200066998e-05, 'beta_9': 7.74777675202339e-07}. Best is trial 73 with value: 6668.35895033413.
[I 2026-03-31 21:59:09,367] Trial 139 finished with value: 6794.476490156102 and parameters: {'alpha_0': 0.0010452986473070075, 'alpha_1': 0.00010506330171852623, 'alpha_2': 7.425351979193967e-05, 'beta_0': 0.07197457169795969, 'beta_1': 13.615798993908589, 'beta_2': 0.21617329587523965, 'beta_3': 0.0006415673880031979, 'beta_4': 3.7123745627949596, 'beta_5': 32.81653285651353, 'beta_6': 0.05172323030569267, 'beta_7': 0.01627980862171226, 'beta_8': 3.1493367387272024e-05, 'beta_9': 8.153943490049882e-07}. Best is trial 73 with value: 6668.35895033413.
[I 2026-03-31 21:59:18,904] Trial 140 finished with value: 7568.034227614757 and parameters: {'alpha_0': 0.0013733473103649007, 'alpha_1': 8.914104172588076e-05, 'alpha_2': 8.00556063972078e-05, 'beta_0': 0.12137749403412557, 'beta_1': 14.413578123260079, 'beta_2': 0.20424357696058246, 'beta_3': 0.0008249390386097261, 'beta_4': 4.303829159238399, 'beta_5': 32.22937861260641, 'beta_6': 0.044923528024730555, 'beta_7': 0.015181646736007118, 'beta_8': 3.499531859228137e-05, 'beta_9': 5.282095151263979e-07}. Best is trial 73 with value: 6668.35895033413.
[I 2026-03-31 21:59:28,251] Trial 141 finished with value: 6658.473723422336 and parameters: {'alpha_0': 0.0012487896714832374, 'alpha_1': 8.704656428882608e-05, 'alpha_2': 7.794468616692162e-05, 'beta_0': 0.07552006644907235, 'beta_1': 11.225203059295373, 'beta_2': 0.20996233981158252, 'beta_3': 0.0006747321276751421, 'beta_4': 5.099207334070627, 'beta_5': 28.724969161862763, 'beta_6': 0.04120506587765313, 'beta_7': 0.016012874488690827, 'beta_8': 3.356280205929373e-05, 'beta_9': 6.399962219276325e-07}. Best is trial 141 with value: 6658.473723422336.
[I 2026-03-31 21:59:37,474] Trial 142 finished with value: 6772.746326639368 and parameters: {'alpha_0': 0.0010957870422172826, 'alpha_1': 8.179914740800045e-05, 'alpha_2': 7.703191003679554e-05, 'beta_0': 0.07701911958543747, 'beta_1': 11.249358519818163, 'beta_2': 0.2125830029783302, 'beta_3': 0.0005201808191637574, 'beta_4': 5.111973684597985, 'beta_5': 29.069981296491385, 'beta_6': 0.040598874467931007, 'beta_7': 0.016590964044239792, 'beta_8': 3.295129538059123e-05, 'beta_9': 6.132979623425645e-07}. Best is trial 141 with value: 6658.473723422336.
[I 2026-03-31 21:59:46,820] Trial 143 finished with value: 7537.193860299654 and parameters: {'alpha_0': 0.0013163578923507395, 'alpha_1': 9.243774222148881e-05, 'alpha_2': 8.032452525080957e-05, 'beta_0': 0.08348246149183812, 'beta_1': 10.915899843517655, 'beta_2': 0.20657740626999013, 'beta_3': 0.0006005246687358319, 'beta_4': 4.776540812360184, 'beta_5': 28.552258737103024, 'beta_6': 0.047111817336312256, 'beta_7': 0.015527326902172896, 'beta_8': 3.419174912465743e-05, 'beta_9': 7.487408350974573e-07}. Best is trial 141 with value: 6658.473723422336.
[I 2026-03-31 21:59:56,072] Trial 144 finished with value: 6826.324106968399 and parameters: {'alpha_0': 0.00113275832922336, 'alpha_1': 8.754691220695482e-05, 'alpha_2': 8.47579756782665e-05, 'beta_0': 0.09102276914061135, 'beta_1': 12.973857528007738, 'beta_2': 0.20988171710766595, 'beta_3': 0.00079502660382578, 'beta_4': 4.890540132699042, 'beta_5': 26.717982849495385, 'beta_6': 0.05484674085626726, 'beta_7': 0.016155402270367457, 'beta_8': 3.3592383347539225e-05, 'beta_9': 5.676905721824119e-07}. Best is trial 141 with value: 6658.473723422336.
[I 2026-03-31 22:00:05,494] Trial 145 finished with value: 7130.109791045574 and parameters: {'alpha_0': 0.0012175794983060111, 'alpha_1': 9.59452057226789e-05, 'alpha_2': 8.24753744214085e-05, 'beta_0': 0.1008727896003507, 'beta_1': 11.481389261430587, 'beta_2': 0.21771898086469935, 'beta_3': 0.0006563261840669616, 'beta_4': 4.0958589591857, 'beta_5': 27.73763996006161, 'beta_6': 0.05000995402646126, 'beta_7': 0.015821538482761213, 'beta_8': 3.089382621828871e-05, 'beta_9': 6.456626956479083e-07}. Best is trial 141 with value: 6658.473723422336.
[I 2026-03-31 22:00:14,686] Trial 146 finished with value: 7146.669310865282 and parameters: {'alpha_0': 0.002325146267739896, 'alpha_1': 0.0001021630581622968, 'alpha_2': 7.335224244722674e-05, 'beta_0': 0.07017004608243155, 'beta_1': 10.418443499582983, 'beta_2': 0.21880132857690351, 'beta_3': 0.0006675895338763988, 'beta_4': 3.521642190507902, 'beta_5': 30.185446945823667, 'beta_6': 0.04257741937517253, 'beta_7': 0.016836311870845708, 'beta_8': 3.268676784264791e-05, 'beta_9': 7.119785086629594e-07}. Best is trial 141 with value: 6658.473723422336.
[I 2026-03-31 22:00:24,468] Trial 147 finished with value: 7957.423713476041 and parameters: {'alpha_0': 0.0009662164724709363, 'alpha_1': 8.07679309172931e-05, 'alpha_2': 7.906800544751196e-05, 'beta_0': 0.06297011595318805, 'beta_1': 11.960101246873975, 'beta_2': 0.2152076756395243, 'beta_3': 0.000774414427518057, 'beta_4': 5.086461029687034, 'beta_5': 25.998533836525745, 'beta_6': 0.057425895648291966, 'beta_7': 0.015011216030287577, 'beta_8': 3.17986735131081e-05, 'beta_9': 7.92302838329948e-07}. Best is trial 141 with value: 6658.473723422336.
[I 2026-03-31 22:00:33,705] Trial 148 finished with value: 7580.068699198015 and parameters: {'alpha_0': 0.0014309254745935025, 'alpha_1': 0.00010683941501808932, 'alpha_2': 9.472929242754681e-05, 'beta_0': 0.10722313244469059, 'beta_1': 12.190779541700362, 'beta_2': 0.21135609285933052, 'beta_3': 0.0006248164795477529, 'beta_4': 4.405322998927212, 'beta_5': 23.234913572375337, 'beta_6': 0.053262367163467064, 'beta_7': 0.015443381224394124, 'beta_8': 3.5122508745341976e-05, 'beta_9': 5.975208472484314e-07}. Best is trial 141 with value: 6658.473723422336.
[I 2026-03-31 22:00:42,974] Trial 149 finished with value: 6938.056817640376 and parameters: {'alpha_0': 0.001973574587466545, 'alpha_1': 9.838744913382611e-05, 'alpha_2': 7.785285520802211e-05, 'beta_0': 0.13253441941508104, 'beta_1': 11.28997189060611, 'beta_2': 0.1609449707900724, 'beta_3': 0.0008432272475740188, 'beta_4': 5.956172651061842, 'beta_5': 34.30077445701623, 'beta_6': 0.050855975933860036, 'beta_7': 0.016425226271942605, 'beta_8': 3.629918618194742e-05, 'beta_9': 5.399833442551659e-07}. Best is trial 141 with value: 6658.473723422336.
