[I 2026-03-31 21:53:53,692] Trial 105 finished with value: 7128.922062319479 and parameters: {'alpha_0': 0.0012120365722019285, 'alpha_1': 8.479158908771549e-05, 'alpha_2': 7.96497740918416e-05, 'beta_0': 0.09745883681355533, 'beta_1': 11.523790396814535, 'beta_2': 0.21133197572742002, 'beta_3': 0.0008522295958749848, 'beta_4': 5.366309364787916, 'beta_5': 22.2761350764796, 'beta_6': 0.06183517946542321, 'beta_7': 0.016542370152919577, 'beta_8': 2.9930972640233843e-05, 'beta_9': 7.789610110598795e-07}. Best is trial 73 with value: 6668.35895033413.Best trial: 73. Best value: 6668.36:   5%|▌         | 105/2000 [15:09<4:24:02,  8.36s/it]Best trial: 73. Best value: 6668.36:   5%|▌         | 105/2000 [15:09<4:24:02,  8.36s/it]Best trial: 73. Best value: 6668.36:   5%|▌         | 106/2000 [15:09<4:33:18,  8.66s/it]                                                                                         Best trial: 73. Best value: 6668.36:   5%|▌         | 106/2000 [15:18<4:33:18,  8.66s/it]Best trial: 73. Best value: 6668.36:   5%|▌         | 106/2000 [15:18<4:33:18,  8.66s/it]Best trial: 73. Best value: 6668.36:   5%|▌         | 107/2000 [15:18<4:39:03,  8.84s/it]                                                                                         Best trial: 73. Best value: 6668.36:   5%|▌         | 107/2000 [15:27<4:39:03,  8.84s/it]Best trial: 73. Best value: 6668.36:   5%|▌         | 107/2000 [15:27<4:39:03,  8.84s/it]Best trial: 73. Best value: 6668.36:   5%|▌         | 108/2000 [15:27<4:42:50,  8.97s/it]                                                                                         Best trial: 73. Best value: 6668.36:   5%|▌         | 108/2000 [15:36<4:42:50,  8.97s/it]Best trial: 73. Best value: 6668.36:   5%|▌         | 108/2000 [15:36<4:42:50,  8.97s/it]Best trial: 73. Best value: 6668.36:   5%|▌         | 109/2000 [15:36<4:45:24,  9.06s/it]                                                                                         Best trial: 73. Best value: 6668.36:   5%|▌         | 109/2000 [15:46<4:45:24,  9.06s/it]Best trial: 73. Best value: 6668.36:   5%|▌         | 109/2000 [15:46<4:45:24,  9.06s/it]Best trial: 73. Best value: 6668.36:   6%|▌         | 110/2000 [15:46<4:48:30,  9.16s/it]                                                                                         Best trial: 73. Best value: 6668.36:   6%|▌         | 110/2000 [15:55<4:48:30,  9.16s/it]Best trial: 73. Best value: 6668.36:   6%|▌         | 110/2000 [15:55<4:48:30,  9.16s/it]Best trial: 73. Best value: 6668.36:   6%|▌         | 111/2000 [15:55<4:49:36,  9.20s/it]                                                                                         Best trial: 73. Best value: 6668.36:   6%|▌         | 111/2000 [16:04<4:49:36,  9.20s/it]Best trial: 73. Best value: 6668.36:   6%|▌         | 111/2000 [16:04<4:49:36,  9.20s/it]Best trial: 73. Best value: 6668.36:   6%|▌         | 112/2000 [16:04<4:49:40,  9.21s/it]                                                                                         Best trial: 73. Best value: 6668.36:   6%|▌         | 112/2000 [16:14<4:49:40,  9.21s/it]Best trial: 73. Best value: 6668.36:   6%|▌         | 112/2000 [16:14<4:49:40,  9.21s/it]Best trial: 73. Best value: 6668.36:   6%|▌         | 113/2000 [16:14<4:49:32,  9.21s/it]                                                                                         Best trial: 73. Best value: 6668.36:   6%|▌         | 113/2000 [16:23<4:49:32,  9.21s/it]Best trial: 73. Best value: 6668.36:   6%|▌         | 113/2000 [16:23<4:49:32,  9.21s/it]Best trial: 73. Best value: 6668.36:   6%|▌         | 114/2000 [16:23<4:50:07,  9.23s/it]                                                                                         Best trial: 73. Best value: 6668.36:   6%|▌         | 114/2000 [16:32<4:50:07,  9.23s/it]Best trial: 73. Best value: 6668.36:   6%|▌         | 114/2000 [16:32<4:50:07,  9.23s/it]Best trial: 73. Best value: 6668.36:   6%|▌         | 115/2000 [16:32<4:49:37,  9.22s/it]                                                                                         Best trial: 73. Best value: 6668.36:   6%|▌         | 115/2000 [16:41<4:49:37,  9.22s/it]Best trial: 73. Best value: 6668.36:   6%|▌         | 115/2000 [16:41<4:49:37,  9.22s/it]Best trial: 73. Best value: 6668.36:   6%|▌         | 116/2000 [16:41<4:49:25,  9.22s/it]                                                                                         Best trial: 73. Best value: 6668.36:   6%|▌         | 116/2000 [16:50<4:49:25,  9.22s/it]Best trial: 73. Best value: 6668.36:   6%|▌         | 116/2000 [16:50<4:49:25,  9.22s/it]Best trial: 73. Best value: 6668.36:   6%|▌         | 117/2000 [16:50<4:49:28,  9.22s/it]                                                                                         Best trial: 73. Best value: 6668.36:   6%|▌         | 117/2000 [17:00<4:49:28,  9.22s/it]Best trial: 73. Best value: 6668.36:   6%|▌         | 117/2000 [17:00<4:49:28,  9.22s/it]Best trial: 73. Best value: 6668.36:   6%|▌         | 118/2000 [17:00<4:49:35,  9.23s/it]                                                                                         Best trial: 73. Best value: 6668.36:   6%|▌         | 118/2000 [17:10<4:49:35,  9.23s/it]Best trial: 73. Best value: 6668.36:   6%|▌         | 118/2000 [17:10<4:49:35,  9.23s/it]Best trial: 73. Best value: 6668.36:   6%|▌         | 119/2000 [17:10<4:54:49,  9.40s/it]                                                                                         Best trial: 73. Best value: 6668.36:   6%|▌         | 119/2000 [17:19<4:54:49,  9.40s/it]Best trial: 73. Best value: 6668.36:   6%|▌         | 119/2000 [17:19<4:54:49,  9.40s/it]Best trial: 73. Best value: 6668.36:   6%|▌         | 120/2000 [17:19<4:53:08,  9.36s/it]                                                                                         
[I 2026-03-31 21:54:02,973] Trial 106 finished with value: 6902.750716576002 and parameters: {'alpha_0': 0.001348193571035465, 'alpha_1': 8.172954060760258e-05, 'alpha_2': 8.834136762124985e-05, 'beta_0': 0.10337922690203546, 'beta_1': 11.26481873566876, 'beta_2': 0.21311688357329703, 'beta_3': 0.0009124777552817422, 'beta_4': 5.053841295204128, 'beta_5': 26.65108617340062, 'beta_6': 0.04074988905996181, 'beta_7': 0.01558637776029111, 'beta_8': 3.1221661521445456e-05, 'beta_9': 7.022027420709633e-07}. Best is trial 73 with value: 6668.35895033413.
[I 2026-03-31 21:54:12,234] Trial 107 finished with value: 6743.373843519126 and parameters: {'alpha_0': 0.0011960291688591742, 'alpha_1': 9.355496712398065e-05, 'alpha_2': 8.176352313086661e-05, 'beta_0': 0.08708433551244191, 'beta_1': 12.401019696205005, 'beta_2': 0.2221247975280132, 'beta_3': 0.0009327476627231763, 'beta_4': 4.62696168781483, 'beta_5': 25.07125803557985, 'beta_6': 0.05851934194001488, 'beta_7': 0.015896819679128288, 'beta_8': 3.245796179580246e-05, 'beta_9': 9.138960233098557e-07}. Best is trial 73 with value: 6668.35895033413.
[I 2026-03-31 21:54:21,491] Trial 108 finished with value: inf and parameters: {'alpha_0': 0.0010833382557808454, 'alpha_1': 9.57800583058808e-05, 'alpha_2': 8.569405621599576e-05, 'beta_0': 0.10786447794512019, 'beta_1': 10.65512888101405, 'beta_2': 0.22012038615682422, 'beta_3': 0.0008234111960023567, 'beta_4': 4.465077282425905, 'beta_5': 28.035333733193166, 'beta_6': 0.05035088542336819, 'beta_7': 0.018347637477255027, 'beta_8': 3.0738056352666534e-05, 'beta_9': 6.892007457622614e-07}. Best is trial 73 with value: 6668.35895033413.
[I 2026-03-31 21:54:30,890] Trial 109 finished with value: 7537.779488700947 and parameters: {'alpha_0': 0.0012723335428210544, 'alpha_1': 7.874241343737463e-05, 'alpha_2': 7.687018213292e-05, 'beta_0': 0.09900597186898132, 'beta_1': 11.869384200181683, 'beta_2': 0.21462690146763239, 'beta_3': 0.0008730823487197686, 'beta_4': 4.662278830156688, 'beta_5': 23.688081642579437, 'beta_6': 0.05368282326901892, 'beta_7': 0.01520109628179541, 'beta_8': 3.5010736435272185e-05, 'beta_9': 7.677048736660601e-07}. Best is trial 73 with value: 6668.35895033413.
[I 2026-03-31 21:54:40,181] Trial 110 finished with value: inf and parameters: {'alpha_0': 0.0014110167846294683, 'alpha_1': 8.812659779116747e-05, 'alpha_2': 8.117733522239105e-05, 'beta_0': 0.06942539869860798, 'beta_1': 11.055048678121272, 'beta_2': 0.2247062265186367, 'beta_3': 0.0008458998343052405, 'beta_4': 4.953509429232433, 'beta_5': 29.124399987406978, 'beta_6': 0.05618900924614945, 'beta_7': 0.017684566896236303, 'beta_8': 3.2113528579379765e-05, 'beta_9': 5.247965703677676e-07}. Best is trial 73 with value: 6668.35895033413.
[I 2026-03-31 21:54:49,403] Trial 111 finished with value: 6730.557198435427 and parameters: {'alpha_0': 0.0011828820072704877, 'alpha_1': 9.442652461299964e-05, 'alpha_2': 8.187742768440944e-05, 'beta_0': 0.08995366179359747, 'beta_1': 12.298473831787721, 'beta_2': 0.2228979624301793, 'beta_3': 0.0009324969974500487, 'beta_4': 5.280511234700877, 'beta_5': 25.285281311940818, 'beta_6': 0.059162187780094334, 'beta_7': 0.01581660039355619, 'beta_8': 3.2139612860104894e-05, 'beta_9': 8.937474274312776e-07}. Best is trial 73 with value: 6668.35895033413.
[I 2026-03-31 21:54:58,612] Trial 112 finished with value: 6927.946651532411 and parameters: {'alpha_0': 0.001022040444385189, 'alpha_1': 9.460542092927308e-05, 'alpha_2': 7.756880489403864e-05, 'beta_0': 0.10476725911233543, 'beta_1': 11.538367684933352, 'beta_2': 0.21780122701015353, 'beta_3': 0.0009658909632756384, 'beta_4': 5.300379318130722, 'beta_5': 27.15702243091932, 'beta_6': 0.059688701632089336, 'beta_7': 0.016338656623295398, 'beta_8': 3.344855807031821e-05, 'beta_9': 9.042564180584017e-07}. Best is trial 73 with value: 6668.35895033413.
[I 2026-03-31 21:55:07,896] Trial 113 finished with value: 7199.6304309873485 and parameters: {'alpha_0': 0.001224226283036924, 'alpha_1': 0.0001008898840844887, 'alpha_2': 7.50632288292848e-05, 'beta_0': 0.08954866023420213, 'beta_1': 12.169720178145674, 'beta_2': 0.2223422963440327, 'beta_3': 0.0009501950398779082, 'beta_4': 3.8691739421247853, 'beta_5': 24.55281229818739, 'beta_6': 0.045894245860418, 'beta_7': 0.015499903000367158, 'beta_8': 3.171691760868761e-05, 'beta_9': 8.235445375193845e-07}. Best is trial 73 with value: 6668.35895033413.
[I 2026-03-31 21:55:17,089] Trial 114 finished with value: inf and parameters: {'alpha_0': 0.001121838387797098, 'alpha_1': 7.755388764285368e-05, 'alpha_2': 7.875174392648959e-05, 'beta_0': 0.13293199565191868, 'beta_1': 12.908927288315327, 'beta_2': 0.20733532551910056, 'beta_3': 0.0008850660857248992, 'beta_4': 5.704447307977563, 'beta_5': 26.431270307377666, 'beta_6': 0.06285407254334135, 'beta_7': 0.021936153903502117, 'beta_8': 2.6782169231061502e-05, 'beta_9': 5.977105362813497e-07}. Best is trial 73 with value: 6668.35895033413.
[I 2026-03-31 21:55:26,302] Trial 115 finished with value: 6766.956386219908 and parameters: {'alpha_0': 0.001179275782194783, 'alpha_1': 9.013361726488684e-05, 'alpha_2': 8.565043807062282e-05, 'beta_0': 0.07586714495737662, 'beta_1': 11.874009063958276, 'beta_2': 0.21099222010247196, 'beta_3': 0.0007870462154446441, 'beta_4': 4.99406647332831, 'beta_5': 28.578855085816393, 'beta_6': 0.056804490165178204, 'beta_7': 0.01586933569257098, 'beta_8': 2.928840991760348e-05, 'beta_9': 6.682972927735556e-07}. Best is trial 73 with value: 6668.35895033413.
[I 2026-03-31 21:55:35,542] Trial 116 finished with value: 7244.036172725417 and parameters: {'alpha_0': 0.0010510316015892387, 'alpha_1': 0.00010437437902270016, 'alpha_2': 8.212152425942764e-05, 'beta_0': 0.1171138555849478, 'beta_1': 12.611001997859509, 'beta_2': 0.203299017548302, 'beta_3': 0.001019564098373098, 'beta_4': 5.522198304452458, 'beta_5': 27.403652831428296, 'beta_6': 0.040188341227923426, 'beta_7': 0.016700310234153484, 'beta_8': 3.553659328903376e-05, 'beta_9': 7.331599840588502e-07}. Best is trial 73 with value: 6668.35895033413.
[I 2026-03-31 21:55:44,794] Trial 117 finished with value: inf and parameters: {'alpha_0': 0.0012648581448292105, 'alpha_1': 8.625709969114741e-05, 'alpha_2': 8.950267785817435e-05, 'beta_0': 0.0823768612864855, 'beta_1': 12.24342008484362, 'beta_2': 0.22003164592575133, 'beta_3': 0.000913998283802775, 'beta_4': 4.131839659438715, 'beta_5': 31.48085676141063, 'beta_6': 0.05376806706458041, 'beta_7': 0.016983766568210663, 'beta_8': 3.3184143918343734e-05, 'beta_9': 8.794841098678441e-07}. Best is trial 73 with value: 6668.35895033413.
[I 2026-03-31 21:55:54,599] Trial 118 finished with value: 7934.529531341465 and parameters: {'alpha_0': 0.0011441156389577981, 'alpha_1': 9.131307994818964e-05, 'alpha_2': 8.484451058054588e-05, 'beta_0': 0.152923562859556, 'beta_1': 11.16872198743906, 'beta_2': 0.2163135519059413, 'beta_3': 0.000824259795273306, 'beta_4': 3.445053148820453, 'beta_5': 26.22619536181202, 'beta_6': 0.06579886019771385, 'beta_7': 0.015003398055057704, 'beta_8': 3.447846469937679e-05, 'beta_9': 8.045414021991308e-07}. Best is trial 73 with value: 6668.35895033413.
[I 2026-03-31 21:56:03,842] Trial 119 finished with value: 6897.695078635979 and parameters: {'alpha_0': 0.0013296809495747955, 'alpha_1': 0.00010023693693941358, 'alpha_2': 7.967904166432547e-05, 'beta_0': 0.1580569378173486, 'beta_1': 11.574644988237015, 'beta_2': 0.22383410246904395, 'beta_3': 0.0008535013611710241, 'beta_4': 5.216671871106932, 'beta_5': 25.252096863539364, 'beta_6': 0.06067984324553159, 'beta_7': 0.01630624544951888, 'beta_8': 3.0325580754940847e-05, 'beta_9': 6.308561110464103e-07}. Best is trial 73 with value: 6668.35895033413.
[I 2026-03-31 21:56:13,198] Trial 120 finished with value: 7216.798743455209 and parameters: {'alpha_0': 0.0016358290287538406, 'alpha_1': 9.713301322724132e-05, 'alpha_2': 7.199929091708563e-05, 'beta_0': 0.09738189563025414, 'beta_1': 10.82315142703853, 'beta_2': 0.21316428876801943, 'beta_3': 0.0007612187326313491, 'beta_4': 4.665581423805143, 'beta_5': 27.97282043843101, 'beta_6': 0.07151953476481783, 'beta_7': 0.015678038088154135, 'beta_8': 3.378907561177305e-05, 'beta_9': 5.008560922913951e-07}. Best is trial 73 with value: 6668.35895033413.Best trial: 73. Best value: 6668.36:   6%|▌         | 120/2000 [17:28<4:53:08,  9.36s/it]Best trial: 73. Best value: 6668.36:   6%|▌         | 120/2000 [17:28<4:53:08,  9.36s/it]Best trial: 73. Best value: 6668.36:   6%|▌         | 121/2000 [17:28<4:52:59,  9.36s/it]                                                                                         Best trial: 73. Best value: 6668.36:   6%|▌         | 121/2000 [17:37<4:52:59,  9.36s/it]Best trial: 73. Best value: 6668.36:   6%|▌         | 121/2000 [17:37<4:52:59,  9.36s/it]Best trial: 73. Best value: 6668.36:   6%|▌         | 122/2000 [17:37<4:51:27,  9.31s/it]                                                                                         Best trial: 73. Best value: 6668.36:   6%|▌         | 122/2000 [17:46<4:51:27,  9.31s/it]Best trial: 73. Best value: 6668.36:   6%|▌         | 122/2000 [17:46<4:51:27,  9.31s/it]Best trial: 73. Best value: 6668.36:   6%|▌         | 123/2000 [17:46<4:49:27,  9.25s/it]                                                                                         Best trial: 73. Best value: 6668.36:   6%|▌         | 123/2000 [17:56<4:49:27,  9.25s/it]Best trial: 73. Best value: 6668.36:   6%|▌         | 123/2000 [17:56<4:49:27,  9.25s/it]Best trial: 73. Best value: 6668.36:   6%|▌         | 124/2000 [17:56<4:49:41,  9.27s/it]                                                                                         Best trial: 73. Best value: 6668.36:   6%|▌         | 124/2000 [18:05<4:49:41,  9.27s/it]Best trial: 73. Best value: 6668.36:   6%|▌         | 124/2000 [18:05<4:49:41,  9.27s/it]Best trial: 73. Best value: 6668.36:   6%|▋         | 125/2000 [18:05<4:50:02,  9.28s/it]                                                                                         Best trial: 73. Best value: 6668.36:   6%|▋         | 125/2000 [18:14<4:50:02,  9.28s/it]Best trial: 73. Best value: 6668.36:   6%|▋         | 125/2000 [18:14<4:50:02,  9.28s/it]Best trial: 73. Best value: 6668.36:   6%|▋         | 126/2000 [18:14<4:49:35,  9.27s/it]                                                                                         Best trial: 73. Best value: 6668.36:   6%|▋         | 126/2000 [18:23<4:49:35,  9.27s/it]Best trial: 73. Best value: 6668.36:   6%|▋         | 126/2000 [18:23<4:49:35,  9.27s/it]Best trial: 73. Best value: 6668.36:   6%|▋         | 127/2000 [18:23<4:48:12,  9.23s/it]                                                                                         Best trial: 73. Best value: 6668.36:   6%|▋         | 127/2000 [18:33<4:48:12,  9.23s/it]Best trial: 73. Best value: 6668.36:   6%|▋         | 127/2000 [18:33<4:48:12,  9.23s/it]Best trial: 73. Best value: 6668.36:   6%|▋         | 128/2000 [18:33<4:48:26,  9.24s/it]                                                                                         Best trial: 73. Best value: 6668.36:   6%|▋         | 128/2000 [18:42<4:48:26,  9.24s/it]Best trial: 73. Best value: 6668.36:   6%|▋         | 128/2000 [18:42<4:48:26,  9.24s/it]Best trial: 73. Best value: 6668.36:   6%|▋         | 129/2000 [18:42<4:47:51,  9.23s/it]                                                                                         Best trial: 73. Best value: 6668.36:   6%|▋         | 129/2000 [18:51<4:47:51,  9.23s/it]Best trial: 73. Best value: 6668.36:   6%|▋         | 129/2000 [18:51<4:47:51,  9.23s/it]Best trial: 73. Best value: 6668.36:   6%|▋         | 130/2000 [18:51<4:49:03,  9.27s/it]                                                                                         Best trial: 73. Best value: 6668.36:   6%|▋         | 130/2000 [19:01<4:49:03,  9.27s/it]Best trial: 73. Best value: 6668.36:   6%|▋         | 130/2000 [19:01<4:49:03,  9.27s/it]Best trial: 73. Best value: 6668.36:   7%|▋         | 131/2000 [19:01<4:48:11,  9.25s/it]                                                                                         Best trial: 73. Best value: 6668.36:   7%|▋         | 131/2000 [19:10<4:48:11,  9.25s/it]Best trial: 73. Best value: 6668.36:   7%|▋         | 131/2000 [19:10<4:48:11,  9.25s/it]Best trial: 73. Best value: 6668.36:   7%|▋         | 132/2000 [19:10<4:49:16,  9.29s/it]                                                                                         Best trial: 73. Best value: 6668.36:   7%|▋         | 132/2000 [19:19<4:49:16,  9.29s/it]Best trial: 73. Best value: 6668.36:   7%|▋         | 132/2000 [19:19<4:49:16,  9.29s/it]Best trial: 73. Best value: 6668.36:   7%|▋         | 133/2000 [19:19<4:49:33,  9.31s/it]                                                                                         Best trial: 73. Best value: 6668.36:   7%|▋         | 133/2000 [19:28<4:49:33,  9.31s/it]Best trial: 73. Best value: 6668.36:   7%|▋         | 133/2000 [19:28<4:49:33,  9.31s/it]Best trial: 73. Best value: 6668.36:   7%|▋         | 134/2000 [19:28<4:48:41,  9.28s/it]                                                                                         Best trial: 73. Best value: 6668.36:   7%|▋         | 134/2000 [19:38<4:48:41,  9.28s/it]Best trial: 73. Best value: 6668.36:   7%|▋         | 134/2000 [19:38<4:48:41,  9.28s/it]Best trial: 73. Best value: 6668.36:   7%|▋         | 135/2000 [19:38<4:49:04,  9.30s/it]                                                                                         
[I 2026-03-31 21:56:22,407] Trial 121 finished with value: 6770.605382526734 and parameters: {'alpha_0': 0.001202429171008238, 'alpha_1': 9.490230804775094e-05, 'alpha_2': 8.098007983777673e-05, 'beta_0': 0.0871177993705511, 'beta_1': 11.925666625902686, 'beta_2': 0.22231805267241447, 'beta_3': 0.0009372952386767587, 'beta_4': 4.5967611064584375, 'beta_5': 24.194810960729637, 'beta_6': 0.05820303579668363, 'beta_7': 0.015708150921269592, 'beta_8': 3.226945507691969e-05, 'beta_9': 9.53866701312747e-07}. Best is trial 73 with value: 6668.35895033413.
[I 2026-03-31 21:56:31,521] Trial 122 finished with value: 6890.67735127265 and parameters: {'alpha_0': 0.001183109259036661, 'alpha_1': 9.341706199905149e-05, 'alpha_2': 8.214934003743772e-05, 'beta_0': 0.09505269363329319, 'beta_1': 12.38406463574533, 'beta_2': 0.21851938468671975, 'beta_3': 0.0008982440156189407, 'beta_4': 4.888579594944842, 'beta_5': 24.91086580459883, 'beta_6': 0.05887267219693716, 'beta_7': 0.016180545708984497, 'beta_8': 3.260843463826842e-05, 'beta_9': 9.169750254781289e-07}. Best is trial 73 with value: 6668.35895033413.
[I 2026-03-31 21:56:40,817] Trial 123 finished with value: 6786.083171009771 and parameters: {'alpha_0': 0.001068353387515319, 'alpha_1': 8.600279729962002e-05, 'alpha_2': 7.540522093807358e-05, 'beta_0': 0.10361712979032801, 'beta_1': 12.659505170199587, 'beta_2': 0.22578850137751172, 'beta_3': 0.0009248131769660832, 'beta_4': 4.439083418980486, 'beta_5': 25.363321793278978, 'beta_6': 0.055855517011315164, 'beta_7': 0.01600990879875583, 'beta_8': 3.1259589221109946e-05, 'beta_9': 5.768986662575607e-07}. Best is trial 73 with value: 6668.35895033413.
[I 2026-03-31 21:56:50,135] Trial 124 finished with value: 7327.9278536502625 and parameters: {'alpha_0': 0.001225122293618324, 'alpha_1': 9.384708185484821e-05, 'alpha_2': 8.054278974460726e-05, 'beta_0': 0.11182776904617678, 'beta_1': 11.74422399427844, 'beta_2': 0.22201270833721834, 'beta_3': 0.0008636991398080215, 'beta_4': 5.126636923578563, 'beta_5': 29.33180403789351, 'beta_6': 0.052884263296336456, 'beta_7': 0.015447068405395205, 'beta_8': 3.210898450930227e-05, 'beta_9': 7.500799348767895e-07}. Best is trial 73 with value: 6668.35895033413.
