[I 2026-03-31 22:03:41,236] Trial 169 finished with value: 7199.442857182977 and parameters: {'alpha_0': 0.00077265357793755, 'alpha_1': 6.23691657985494e-05, 'alpha_2': 7.041162317230427e-05, 'beta_0': 0.05891159650110764, 'beta_1': 12.970444648012633, 'beta_2': 0.1814983356968453, 'beta_3': 0.0006352225534015806, 'beta_4': 4.780591392882794, 'beta_5': 32.25100543902907, 'beta_6': 0.05383547641358467, 'beta_7': 0.015719210296076275, 'beta_8': 3.563558648665462e-05, 'beta_9': 1.0155891940215774e-06}. Best is trial 166 with value: 6636.176825783119.
[I 2026-03-31 22:03:50,694] Trial 170 finished with value: 6813.653633460093 and parameters: {'alpha_0': 0.0010290359919754156, 'alpha_1': 7.160988795853896e-05, 'alpha_2': 7.154947235353547e-05, 'beta_0': 0.05037740861919109, 'beta_1': 12.647585546186543, 'beta_2': 0.18966330004164064, 'beta_3': 0.0005848464675865934, 'beta_4': 4.320918326120055, 'beta_5': 29.803203818256534, 'beta_6': 0.060334439356639596, 'beta_7': 0.01655967078859544, 'beta_8': 3.14325737170613e-05, 'beta_9': 9.788544519767015e-07}. Best is trial 166 with value: 6636.176825783119.
[I 2026-03-31 22:03:59,982] Trial 171 finished with value: 6678.351498346514 and parameters: {'alpha_0': 0.0008929876957739892, 'alpha_1': 7.462143187201818e-05, 'alpha_2': 7.292369866532865e-05, 'beta_0': 0.06585647853766105, 'beta_1': 12.169139256494892, 'beta_2': 0.17964603861537667, 'beta_3': 0.0006784717132988928, 'beta_4': 4.487629070503531, 'beta_5': 31.01996857223396, 'beta_6': 0.055341225144586004, 'beta_7': 0.01611845767923867, 'beta_8': 3.3201744283841416e-05, 'beta_9': 8.103804068991658e-07}. Best is trial 166 with value: 6636.176825783119.
[I 2026-03-31 22:04:09,320] Trial 172 finished with value: 6688.388333212219 and parameters: {'alpha_0': 0.0008860599738371177, 'alpha_1': 7.717892872431119e-05, 'alpha_2': 7.317215465816583e-05, 'beta_0': 0.06332986761082426, 'beta_1': 12.153380416931563, 'beta_2': 0.17629968407079122, 'beta_3': 0.00066477540801044, 'beta_4': 4.499176223318939, 'beta_5': 30.81344495702943, 'beta_6': 0.055762844168165085, 'beta_7': 0.016141908061587117, 'beta_8': 3.384461449534391e-05, 'beta_9': 8.518680574524161e-07}. Best is trial 166 with value: 6636.176825783119.
[I 2026-03-31 22:04:18,632] Trial 173 finished with value: 6732.3839661279035 and parameters: {'alpha_0': 0.0008506633836610187, 'alpha_1': 7.699953024243701e-05, 'alpha_2': 6.427788083132011e-05, 'beta_0': 0.06671659511568247, 'beta_1': 12.252219694424213, 'beta_2': 0.17810040899493268, 'beta_3': 0.0006611469098657169, 'beta_4': 4.452439884951759, 'beta_5': 30.84590421464638, 'beta_6': 0.056060629831269936, 'beta_7': 0.01616404814267171, 'beta_8': 3.4021914798433157e-05, 'beta_9': 8.633481303579114e-07}. Best is trial 166 with value: 6636.176825783119.
[I 2026-03-31 22:04:28,054] Trial 174 finished with value: 7147.647718536467 and parameters: {'alpha_0': 0.0008802191980543114, 'alpha_1': 6.513558684959307e-05, 'alpha_2': 7.382662594745865e-05, 'beta_0': 0.06259984578137417, 'beta_1': 12.12736220206607, 'beta_2': 0.1793990662400592, 'beta_3': 0.0006746713289177858, 'beta_4': 4.582466686490554, 'beta_5': 31.3605880009749, 'beta_6': 0.0582106864529866, 'beta_7': 0.016943634335592248, 'beta_8': 3.292003689636257e-05, 'beta_9': 9.359047138755871e-07}. Best is trial 166 with value: 6636.176825783119.
[I 2026-03-31 22:04:37,347] Trial 175 finished with value: 6815.773513189104 and parameters: {'alpha_0': 0.0009511292220588204, 'alpha_1': 7.479748166412625e-05, 'alpha_2': 7.258763912746872e-05, 'beta_0': 0.06908241609551317, 'beta_1': 12.437951901292266, 'beta_2': 0.17278426627432192, 'beta_3': 0.0006421566774981599, 'beta_4': 4.225878606675071, 'beta_5': 29.558703093861123, 'beta_6': 0.05632189343276327, 'beta_7': 0.016477826995140755, 'beta_8': 3.2184796776237066e-05, 'beta_9': 9.04918189200532e-07}. Best is trial 166 with value: 6636.176825783119.
[I 2026-03-31 22:04:46,570] Trial 176 finished with value: 7132.269211773792 and parameters: {'alpha_0': 0.0009119651076990513, 'alpha_1': 6.91551337171813e-05, 'alpha_2': 7.599422257661132e-05, 'beta_0': 0.060216809070084594, 'beta_1': 12.016502224696247, 'beta_2': 0.17568647377709312, 'beta_3': 0.000708762483332837, 'beta_4': 4.471773506869322, 'beta_5': 31.904184711582204, 'beta_6': 0.054817801534385986, 'beta_7': 0.01571232367363187, 'beta_8': 3.3705509495163036e-05, 'beta_9': 8.947904494952933e-07}. Best is trial 166 with value: 6636.176825783119.
[I 2026-03-31 22:04:55,865] Trial 177 finished with value: 6754.184831670149 and parameters: {'alpha_0': 0.0008167521194618493, 'alpha_1': 7.940272377659405e-05, 'alpha_2': 7.044918110985983e-05, 'beta_0': 0.0645016624325013, 'beta_1': 12.885609419436511, 'beta_2': 0.17760336173443034, 'beta_3': 0.0006855448723488875, 'beta_4': 4.070931923048294, 'beta_5': 33.174124766234144, 'beta_6': 0.05314721979017621, 'beta_7': 0.015983271301292026, 'beta_8': 3.3115438294629374e-05, 'beta_9': 8.441636483019662e-07}. Best is trial 166 with value: 6636.176825783119.
[I 2026-03-31 22:05:05,372] Trial 178 finished with value: 7636.35025508957 and parameters: {'alpha_0': 0.0009773988363503013, 'alpha_1': 7.1291826227033e-05, 'alpha_2': 6.672494518499676e-05, 'beta_0': 0.07155722210637769, 'beta_1': 12.316449381169916, 'beta_2': 0.19930401052985894, 'beta_3': 0.0005566837779579358, 'beta_4': 4.661104848137994, 'beta_5': 30.543527845296392, 'beta_6': 0.055641386713419366, 'beta_7': 0.015366030074436729, 'beta_8': 3.4502918953544386e-05, 'beta_9': 7.762508642151203e-07}. Best is trial 166 with value: 6636.176825783119.
[I 2026-03-31 22:05:14,573] Trial 179 finished with value: 6717.0159620189515 and parameters: {'alpha_0': 0.0007616231354760188, 'alpha_1': 7.617048977727455e-05, 'alpha_2': 7.335487168173625e-05, 'beta_0': 0.07572247261075174, 'beta_1': 12.634357024829939, 'beta_2': 0.18633535822823005, 'beta_3': 0.0006031536468691, 'beta_4': 4.321088853136351, 'beta_5': 29.52412385578533, 'beta_6': 0.0578967827746982, 'beta_7': 0.016236596160690266, 'beta_8': 3.2433678008027284e-05, 'beta_9': 8.724236840892298e-07}. Best is trial 166 with value: 6636.176825783119.
[I 2026-03-31 22:05:23,871] Trial 180 finished with value: 7232.681363735626 and parameters: {'alpha_0': 0.0009275850541469301, 'alpha_1': 7.831757998688831e-05, 'alpha_2': 7.681991836122593e-05, 'beta_0': 0.05602220576774446, 'beta_1': 11.860699396079909, 'beta_2': 0.18391658339338077, 'beta_3': 0.0006279783495369195, 'beta_4': 4.559800949136509, 'beta_5': 31.11764011077914, 'beta_6': 0.061577828021835375, 'beta_7': 0.015742028732377466, 'beta_8': 3.1733836793152276e-05, 'beta_9': 8.385934603512843e-07}. Best is trial 166 with value: 6636.176825783119.Best trial: 166. Best value: 6636.18:   9%|▉         | 180/2000 [26:39<4:42:31,  9.31s/it]Best trial: 166. Best value: 6636.18:   9%|▉         | 180/2000 [26:39<4:42:31,  9.31s/it]Best trial: 166. Best value: 6636.18:   9%|▉         | 181/2000 [26:39<4:42:12,  9.31s/it]                                                                                          Best trial: 166. Best value: 6636.18:   9%|▉         | 181/2000 [26:48<4:42:12,  9.31s/it]Best trial: 166. Best value: 6636.18:   9%|▉         | 181/2000 [26:48<4:42:12,  9.31s/it]Best trial: 166. Best value: 6636.18:   9%|▉         | 182/2000 [26:48<4:40:56,  9.27s/it]                                                                                          Best trial: 166. Best value: 6636.18:   9%|▉         | 182/2000 [26:57<4:40:56,  9.27s/it]Best trial: 166. Best value: 6636.18:   9%|▉         | 182/2000 [26:57<4:40:56,  9.27s/it]Best trial: 166. Best value: 6636.18:   9%|▉         | 183/2000 [26:57<4:41:09,  9.28s/it]                                                                                          Best trial: 166. Best value: 6636.18:   9%|▉         | 183/2000 [27:07<4:41:09,  9.28s/it]Best trial: 166. Best value: 6636.18:   9%|▉         | 183/2000 [27:07<4:41:09,  9.28s/it]Best trial: 166. Best value: 6636.18:   9%|▉         | 184/2000 [27:07<4:40:53,  9.28s/it]                                                                                          Best trial: 166. Best value: 6636.18:   9%|▉         | 184/2000 [27:16<4:40:53,  9.28s/it]Best trial: 166. Best value: 6636.18:   9%|▉         | 184/2000 [27:16<4:40:53,  9.28s/it]Best trial: 166. Best value: 6636.18:   9%|▉         | 185/2000 [27:16<4:41:08,  9.29s/it]                                                                                          Best trial: 166. Best value: 6636.18:   9%|▉         | 185/2000 [27:25<4:41:08,  9.29s/it]Best trial: 166. Best value: 6636.18:   9%|▉         | 185/2000 [27:25<4:41:08,  9.29s/it]Best trial: 166. Best value: 6636.18:   9%|▉         | 186/2000 [27:25<4:40:08,  9.27s/it]                                                                                          Best trial: 166. Best value: 6636.18:   9%|▉         | 186/2000 [27:34<4:40:08,  9.27s/it]Best trial: 166. Best value: 6636.18:   9%|▉         | 186/2000 [27:34<4:40:08,  9.27s/it]Best trial: 166. Best value: 6636.18:   9%|▉         | 187/2000 [27:34<4:40:09,  9.27s/it]                                                                                          Best trial: 166. Best value: 6636.18:   9%|▉         | 187/2000 [27:44<4:40:09,  9.27s/it]Best trial: 166. Best value: 6636.18:   9%|▉         | 187/2000 [27:44<4:40:09,  9.27s/it]Best trial: 166. Best value: 6636.18:   9%|▉         | 188/2000 [27:44<4:40:35,  9.29s/it]                                                                                          Best trial: 166. Best value: 6636.18:   9%|▉         | 188/2000 [27:53<4:40:35,  9.29s/it]Best trial: 166. Best value: 6636.18:   9%|▉         | 188/2000 [27:53<4:40:35,  9.29s/it]Best trial: 166. Best value: 6636.18:   9%|▉         | 189/2000 [27:53<4:40:07,  9.28s/it]                                                                                          Best trial: 166. Best value: 6636.18:   9%|▉         | 189/2000 [28:03<4:40:07,  9.28s/it]Best trial: 166. Best value: 6636.18:   9%|▉         | 189/2000 [28:03<4:40:07,  9.28s/it]Best trial: 166. Best value: 6636.18:  10%|▉         | 190/2000 [28:03<4:42:17,  9.36s/it]                                                                                          Best trial: 166. Best value: 6636.18:  10%|▉         | 190/2000 [28:12<4:42:17,  9.36s/it]Best trial: 166. Best value: 6636.18:  10%|▉         | 190/2000 [28:12<4:42:17,  9.36s/it]Best trial: 166. Best value: 6636.18:  10%|▉         | 191/2000 [28:12<4:40:57,  9.32s/it]                                                                                          Best trial: 166. Best value: 6636.18:  10%|▉         | 191/2000 [28:21<4:40:57,  9.32s/it]Best trial: 166. Best value: 6636.18:  10%|▉         | 191/2000 [28:21<4:40:57,  9.32s/it]Best trial: 166. Best value: 6636.18:  10%|▉         | 192/2000 [28:21<4:40:07,  9.30s/it]                                                                                          Best trial: 166. Best value: 6636.18:  10%|▉         | 192/2000 [28:30<4:40:07,  9.30s/it]Best trial: 166. Best value: 6636.18:  10%|▉         | 192/2000 [28:30<4:40:07,  9.30s/it]Best trial: 166. Best value: 6636.18:  10%|▉         | 193/2000 [28:30<4:39:26,  9.28s/it]                                                                                          Best trial: 166. Best value: 6636.18:  10%|▉         | 193/2000 [28:39<4:39:26,  9.28s/it]Best trial: 166. Best value: 6636.18:  10%|▉         | 193/2000 [28:39<4:39:26,  9.28s/it]Best trial: 166. Best value: 6636.18:  10%|▉         | 194/2000 [28:39<4:38:12,  9.24s/it]                                                                                          Best trial: 166. Best value: 6636.18:  10%|▉         | 194/2000 [28:49<4:38:12,  9.24s/it]Best trial: 166. Best value: 6636.18:  10%|▉         | 194/2000 [28:49<4:38:12,  9.24s/it]Best trial: 166. Best value: 6636.18:  10%|▉         | 195/2000 [28:49<4:39:24,  9.29s/it]                                                                                          
[I 2026-03-31 22:05:33,056] Trial 181 finished with value: 6674.721288425127 and parameters: {'alpha_0': 0.0007806542535917342, 'alpha_1': 7.430764563383813e-05, 'alpha_2': 7.312162376621383e-05, 'beta_0': 0.053894549000111903, 'beta_1': 12.575569796751203, 'beta_2': 0.18749579399452113, 'beta_3': 0.000583743427539596, 'beta_4': 4.364945685363875, 'beta_5': 29.464890690269005, 'beta_6': 0.05816508408142435, 'beta_7': 0.016166943453295946, 'beta_8': 3.235409776434732e-05, 'beta_9': 8.801988848032042e-07}. Best is trial 166 with value: 6636.176825783119.
[I 2026-03-31 22:05:42,369] Trial 182 finished with value: 6760.7108753827715 and parameters: {'alpha_0': 0.0008642962662183017, 'alpha_1': 7.40624927066383e-05, 'alpha_2': 7.127698917296996e-05, 'beta_0': 0.05016734905280642, 'beta_1': 12.549258313495542, 'beta_2': 0.18868730652089816, 'beta_3': 0.0005854584293860378, 'beta_4': 4.390410131663389, 'beta_5': 30.435826708397194, 'beta_6': 0.05918047129453373, 'beta_7': 0.016036560948211195, 'beta_8': 3.345915258323022e-05, 'beta_9': 8.047584376854652e-07}. Best is trial 166 with value: 6636.176825783119.
[I 2026-03-31 22:05:51,642] Trial 183 finished with value: 6811.4395644463 and parameters: {'alpha_0': 0.000712202073466385, 'alpha_1': 6.716486109821226e-05, 'alpha_2': 7.403218111073197e-05, 'beta_0': 0.05692321693421869, 'beta_1': 12.114772899122284, 'beta_2': 0.19112993603629735, 'beta_3': 0.0005127572168050315, 'beta_4': 4.707131419532154, 'beta_5': 28.741207497648766, 'beta_6': 0.057355874001925, 'beta_7': 0.016520326245442026, 'beta_8': 3.419171494307162e-05, 'beta_9': 8.954715752818724e-07}. Best is trial 166 with value: 6636.176825783119.
[I 2026-03-31 22:06:00,967] Trial 184 finished with value: 7488.607745655114 and parameters: {'alpha_0': 0.0008311317689265979, 'alpha_1': 8.063765922606696e-05, 'alpha_2': 7.259484310982614e-05, 'beta_0': 0.054172026891921396, 'beta_1': 12.722435420865137, 'beta_2': 0.17409664477316905, 'beta_3': 0.0006536391645524356, 'beta_4': 4.173700749871106, 'beta_5': 29.791709938236433, 'beta_6': 0.05391372494141827, 'beta_7': 0.015581677890141784, 'beta_8': 3.27067120006341e-05, 'beta_9': 8.474409389700447e-07}. Best is trial 166 with value: 6636.176825783119.
[I 2026-03-31 22:06:10,167] Trial 185 finished with value: 6846.0557343459095 and parameters: {'alpha_0': 0.0007871461274444597, 'alpha_1': 7.166883858999881e-05, 'alpha_2': 7.573641448477465e-05, 'beta_0': 0.061438963696909335, 'beta_1': 12.380253221373376, 'beta_2': 0.18116954105811314, 'beta_3': 0.00048576260906195743, 'beta_4': 4.499579506568731, 'beta_5': 32.421271271728514, 'beta_6': 0.05604040019486128, 'beta_7': 0.016826088551419333, 'beta_8': 3.336353694762175e-05, 'beta_9': 7.70387742345048e-07}. Best is trial 166 with value: 6636.176825783119.
[I 2026-03-31 22:06:19,452] Trial 186 finished with value: 6682.001963019425 and parameters: {'alpha_0': 0.0010452596011352314, 'alpha_1': 6.019429261627931e-05, 'alpha_2': 6.94697068902613e-05, 'beta_0': 0.06696363384497062, 'beta_1': 13.040700591274259, 'beta_2': 0.19215999779832463, 'beta_3': 0.0006170138538885893, 'beta_4': 4.267841880548783, 'beta_5': 29.09704854355333, 'beta_6': 0.05503165933311072, 'beta_7': 0.016254718095345, 'beta_8': 3.193372601517472e-05, 'beta_9': 9.397781369967229e-07}. Best is trial 166 with value: 6636.176825783119.
[I 2026-03-31 22:06:28,788] Trial 187 finished with value: 6729.755633088776 and parameters: {'alpha_0': 0.0009855999314506093, 'alpha_1': 5.8970805368191556e-05, 'alpha_2': 6.924880270798108e-05, 'beta_0': 0.06361892894336273, 'beta_1': 13.03549167470302, 'beta_2': 0.19192042619301233, 'beta_3': 0.0007232399994914374, 'beta_4': 4.295363648303767, 'beta_5': 29.096836872396096, 'beta_6': 0.05457428173275272, 'beta_7': 0.01592197504045645, 'beta_8': 3.0722324488900723e-05, 'beta_9': 9.299634855782452e-07}. Best is trial 166 with value: 6636.176825783119.
[I 2026-03-31 22:06:38,044] Trial 188 finished with value: 6803.10277647565 and parameters: {'alpha_0': 0.000896573922012481, 'alpha_1': 7.510150936971848e-05, 'alpha_2': 6.454501823648097e-05, 'beta_0': 0.06628875006778612, 'beta_1': 13.314538699150917, 'beta_2': 0.1837876589411889, 'beta_3': 0.0006837611590066776, 'beta_4': 3.9602803685163486, 'beta_5': 28.17411125047946, 'beta_6': 0.052767530133193484, 'beta_7': 0.016370854911736846, 'beta_8': 3.17468760919317e-05, 'beta_9': 8.809825556955172e-07}. Best is trial 166 with value: 6636.176825783119.
[I 2026-03-31 22:06:47,581] Trial 189 finished with value: 7637.58151153153 and parameters: {'alpha_0': 0.0007390753567577471, 'alpha_1': 6.058345305657666e-05, 'alpha_2': 6.847031248990285e-05, 'beta_0': 0.08796039140644457, 'beta_1': 12.899997327798795, 'beta_2': 0.18667917197693573, 'beta_3': 0.0006091914787975344, 'beta_4': 4.385239448962998, 'beta_5': 30.185221039841945, 'beta_6': 0.05722211162136329, 'beta_7': 0.015247337124287488, 'beta_8': 3.2241162734557185e-05, 'beta_9': 1.0545713987093025e-06}. Best is trial 166 with value: 6636.176825783119.
[I 2026-03-31 22:06:56,809] Trial 190 finished with value: inf and parameters: {'alpha_0': 0.0010624589095099479, 'alpha_1': 6.362860273504512e-05, 'alpha_2': 6.594362571953137e-05, 'beta_0': 0.054791357798004044, 'beta_1': 12.553806004848848, 'beta_2': 0.19548409465785607, 'beta_3': 0.0006644639697762871, 'beta_4': 4.22329098910166, 'beta_5': 29.378026981850656, 'beta_6': 0.06000622238030618, 'beta_7': 0.01922117002840774, 'beta_8': 3.389272321512426e-05, 'beta_9': 8.371940847440411e-07}. Best is trial 166 with value: 6636.176825783119.
[I 2026-03-31 22:07:06,054] Trial 191 finished with value: 6724.771187375445 and parameters: {'alpha_0': 0.0009553687766735483, 'alpha_1': 7.789143385820899e-05, 'alpha_2': 7.782099931497912e-05, 'beta_0': 0.07255486113447185, 'beta_1': 12.187928423438366, 'beta_2': 0.180098341142566, 'beta_3': 0.0006218524156623982, 'beta_4': 4.58533821450641, 'beta_5': 30.893763834437593, 'beta_6': 0.05518317150437375, 'beta_7': 0.01622183064032671, 'beta_8': 1.4384195775000237e-05, 'beta_9': 8.004492244803752e-07}. Best is trial 166 with value: 6636.176825783119.
[I 2026-03-31 22:07:15,291] Trial 192 finished with value: 6773.759241693746 and parameters: {'alpha_0': 0.0010306355798728488, 'alpha_1': 6.950523891941873e-05, 'alpha_2': 7.071919115264788e-05, 'beta_0': 0.06752892737296466, 'beta_1': 13.132282682659307, 'beta_2': 0.19879809567212997, 'beta_3': 0.0006558079384726224, 'beta_4': 4.454697146156275, 'beta_5': 31.57814986047293, 'beta_6': 0.0583960687933853, 'beta_7': 0.01598886810900915, 'beta_8': 3.300513285687995e-05, 'beta_9': 8.270051984868344e-07}. Best is trial 166 with value: 6636.176825783119.
[I 2026-03-31 22:07:24,451] Trial 193 finished with value: 6817.667755687308 and parameters: {'alpha_0': 0.001066412795027264, 'alpha_1': 8.210573194802804e-05, 'alpha_2': 7.466648354698013e-05, 'beta_0': 0.07479435385350489, 'beta_1': 11.843731573144774, 'beta_2': 0.19294801949350093, 'beta_3': 0.0005923152361745035, 'beta_4': 4.12419623362928, 'beta_5': 28.79709938922712, 'beta_6': 0.05636275284593222, 'beta_7': 0.016595955522950977, 'beta_8': 3.259028497487409e-05, 'beta_9': 9.110436290999051e-07}. Best is trial 166 with value: 6636.176825783119.
[I 2026-03-31 22:07:33,842] Trial 194 finished with value: 7479.434958847581 and parameters: {'alpha_0': 0.000875610065235423, 'alpha_1': 5.520477518461061e-05, 'alpha_2': 7.319766862912773e-05, 'beta_0': 0.07004160005889497, 'beta_1': 12.749736865695574, 'beta_2': 0.18794498935358855, 'beta_3': 0.00056533525949011, 'beta_4': 4.712410351125102, 'beta_5': 27.855350407590905, 'beta_6': 0.053817702887280786, 'beta_7': 0.015602875814644604, 'beta_8': 3.356138099300634e-05, 'beta_9': 8.575588149253507e-07}. Best is trial 166 with value: 6636.176825783119.
