[I 2026-04-01 10:46:20,027] Trial 1834 finished with value: 6693.459376799092 and parameters: {'alpha_0': 0.0005834935802000418, 'alpha_1': 5.518258455039485e-05, 'alpha_2': 4.1750912426438236e-05, 'beta_0': 0.08573057239647594, 'beta_1': 5.536979286543723, 'beta_2': 0.20738797452682442, 'beta_3': 0.0009104414632516703, 'beta_4': 5.44916751671985, 'beta_5': 26.68683227095856, 'beta_6': 0.04215770650952737, 'beta_7': 0.01566530438405637, 'beta_8': 3.95164863294866e-05, 'beta_9': 1.5847231980420032e-06}. Best is trial 691 with value: 6538.461030825155.
[I 2026-04-01 10:46:29,367] Trial 1835 finished with value: 6762.008772738313 and parameters: {'alpha_0': 0.0006567297485403927, 'alpha_1': 5.1764952069608875e-05, 'alpha_2': 0.00010020016118964027, 'beta_0': 0.09066805974932567, 'beta_1': 6.5084721895276925, 'beta_2': 0.23399694135827484, 'beta_3': 0.0010053575619977672, 'beta_4': 6.59010090000363, 'beta_5': 40.61639449564515, 'beta_6': 0.04003703149380413, 'beta_7': 0.01606349579283149, 'beta_8': 3.9978556614106486e-05, 'beta_9': 1.8981014213128777e-06}. Best is trial 691 with value: 6538.461030825155.
[I 2026-04-01 10:46:38,589] Trial 1836 finished with value: 7064.408498853103 and parameters: {'alpha_0': 0.0006230308368813037, 'alpha_1': 5.7950336712261655e-05, 'alpha_2': 4.401753604157998e-05, 'beta_0': 0.24805073021741114, 'beta_1': 5.923788621580415, 'beta_2': 0.21062274457981925, 'beta_3': 0.0009843466730566426, 'beta_4': 6.7174316576427975, 'beta_5': 34.30628044537163, 'beta_6': 0.04293319844080931, 'beta_7': 0.015367978034718536, 'beta_8': 3.853574878963896e-05, 'beta_9': 1.678509940758168e-06}. Best is trial 691 with value: 6538.461030825155.
[I 2026-04-01 10:46:47,802] Trial 1837 finished with value: 6647.391472070617 and parameters: {'alpha_0': 0.0007654662260782335, 'alpha_1': 5.338013721087813e-05, 'alpha_2': 4.249341191438322e-05, 'beta_0': 0.0996972993373865, 'beta_1': 6.342582216004757, 'beta_2': 0.20506412683667144, 'beta_3': 0.0009461357141321971, 'beta_4': 6.637148891205275, 'beta_5': 36.06264521655325, 'beta_6': 0.04451043247872305, 'beta_7': 0.01584548537298304, 'beta_8': 3.912124452508898e-05, 'beta_9': 1.8915505105295316e-06}. Best is trial 691 with value: 6538.461030825155.
[I 2026-04-01 10:46:57,140] Trial 1838 finished with value: 6830.175450320545 and parameters: {'alpha_0': 0.0005817230322651492, 'alpha_1': 8.910642025506814e-05, 'alpha_2': 0.00010512295658905767, 'beta_0': 0.08252544034777605, 'beta_1': 5.721458616970837, 'beta_2': 0.20940719482572098, 'beta_3': 0.0009236492164595897, 'beta_4': 6.880156087265944, 'beta_5': 34.94020216640563, 'beta_6': 0.04184142982064265, 'beta_7': 0.016366305951067948, 'beta_8': 2.8936493118180186e-05, 'beta_9': 1.9397099064710223e-06}. Best is trial 691 with value: 6538.461030825155.
[I 2026-04-01 10:47:06,418] Trial 1839 finished with value: 6712.998573386487 and parameters: {'alpha_0': 0.0006790743918105192, 'alpha_1': 5.50454277639587e-05, 'alpha_2': 5.937845524875459e-05, 'beta_0': 0.23528914971546086, 'beta_1': 6.095046543320645, 'beta_2': 0.1998587511532823, 'beta_3': 0.000959013882500384, 'beta_4': 7.766288982699448, 'beta_5': 33.53762340627811, 'beta_6': 0.04331362453764693, 'beta_7': 0.015508210975013235, 'beta_8': 3.758779901458346e-05, 'beta_9': 1.7079618139133712e-06}. Best is trial 691 with value: 6538.461030825155.
[I 2026-04-01 10:47:15,739] Trial 1840 finished with value: 6568.447465611101 and parameters: {'alpha_0': 0.0006318468225321166, 'alpha_1': 5.162749187621375e-05, 'alpha_2': 4.0044243301076746e-05, 'beta_0': 0.0954765409871594, 'beta_1': 6.4614935861769665, 'beta_2': 0.21375703966454757, 'beta_3': 0.0009347743297823829, 'beta_4': 6.5796472962696555, 'beta_5': 36.88590766610294, 'beta_6': 0.041279316034074205, 'beta_7': 0.015796213787459365, 'beta_8': 3.811359606311364e-05, 'beta_9': 1.4354567010502704e-06}. Best is trial 691 with value: 6538.461030825155.
[I 2026-04-01 10:47:25,141] Trial 1841 finished with value: 7066.509330590767 and parameters: {'alpha_0': 0.0007169960571600795, 'alpha_1': 5.6611948711146816e-05, 'alpha_2': 0.00011124280661406901, 'beta_0': 0.0741426254707043, 'beta_1': 6.278990599342738, 'beta_2': 0.20745784527824718, 'beta_3': 0.0009982342475566895, 'beta_4': 6.7486101284602285, 'beta_5': 37.96870900415982, 'beta_6': 0.042639076681536374, 'beta_7': 0.01651623406088091, 'beta_8': 3.6973299743982585e-05, 'beta_9': 1.8840470422503762e-06}. Best is trial 691 with value: 6538.461030825155.
[I 2026-04-01 10:47:34,389] Trial 1842 finished with value: 6816.62582602027 and parameters: {'alpha_0': 0.0005902917062715527, 'alpha_1': 7.445946554575672e-05, 'alpha_2': 4.432808263800248e-05, 'beta_0': 0.08729084599837228, 'beta_1': 5.882512894268371, 'beta_2': 0.21102525876904552, 'beta_3': 0.0011006601190169986, 'beta_4': 5.3704658895748745, 'beta_5': 45.17011087082435, 'beta_6': 0.04429828808430508, 'beta_7': 0.016209704003109317, 'beta_8': 3.9502289393818346e-05, 'beta_9': 1.4024149093425101e-06}. Best is trial 691 with value: 6538.461030825155.
[I 2026-04-01 10:47:43,806] Trial 1843 finished with value: 7190.540452150466 and parameters: {'alpha_0': 0.0006474193102049074, 'alpha_1': 5.347974276598334e-05, 'alpha_2': 4.167029536392358e-05, 'beta_0': 0.10724385834420468, 'beta_1': 6.078333079177877, 'beta_2': 0.20243107401515087, 'beta_3': 0.0009801630473209332, 'beta_4': 6.954397670595409, 'beta_5': 35.185595637970145, 'beta_6': 0.04191110834595465, 'beta_7': 0.015281438435025252, 'beta_8': 3.998861278325019e-05, 'beta_9': 1.5330923345228708e-06}. Best is trial 691 with value: 6538.461030825155.
[I 2026-04-01 10:47:53,263] Trial 1844 finished with value: 6690.332865445449 and parameters: {'alpha_0': 0.00057279636990087, 'alpha_1': 5.004551592539213e-05, 'alpha_2': 4.328199204290941e-05, 'beta_0': 0.0800612437315667, 'beta_1': 5.428165313486389, 'beta_2': 0.20630143717587393, 'beta_3': 0.0010115380086571965, 'beta_4': 6.831938210455188, 'beta_5': 32.78915447410773, 'beta_6': 0.043566384992744824, 'beta_7': 0.015872113867827553, 'beta_8': 3.869394078347395e-05, 'beta_9': 1.417277059665916e-06}. Best is trial 691 with value: 6538.461030825155.
[I 2026-04-01 10:48:02,780] Trial 1845 finished with value: 6940.680555763676 and parameters: {'alpha_0': 0.000689086124836102, 'alpha_1': 5.457827006972437e-05, 'alpha_2': 9.146982809993406e-05, 'beta_0': 0.09398434362281767, 'beta_1': 6.580337233221309, 'beta_2': 0.20964673163130906, 'beta_3': 0.0009162526874435766, 'beta_4': 5.660527560882111, 'beta_5': 34.339387929909726, 'beta_6': 0.041151234732187306, 'beta_7': 0.015525949093123085, 'beta_8': 3.606377333700362e-05, 'beta_9': 1.8006761738910084e-06}. Best is trial 691 with value: 6538.461030825155.Best trial: 691. Best value: 6538.46:  92%|█████████▏| 1845/2000 [13:09:18<24:12,  9.37s/it]Best trial: 691. Best value: 6538.46:  92%|█████████▏| 1845/2000 [13:09:18<24:12,  9.37s/it]Best trial: 691. Best value: 6538.46:  92%|█████████▏| 1846/2000 [13:09:18<24:10,  9.42s/it]                                                                                            Best trial: 691. Best value: 6538.46:  92%|█████████▏| 1846/2000 [13:09:27<24:10,  9.42s/it]Best trial: 691. Best value: 6538.46:  92%|█████████▏| 1846/2000 [13:09:27<24:10,  9.42s/it]Best trial: 691. Best value: 6538.46:  92%|█████████▏| 1847/2000 [13:09:27<23:50,  9.35s/it]                                                                                            Best trial: 691. Best value: 6538.46:  92%|█████████▏| 1847/2000 [13:09:36<23:50,  9.35s/it]Best trial: 691. Best value: 6538.46:  92%|█████████▏| 1847/2000 [13:09:36<23:50,  9.35s/it]Best trial: 691. Best value: 6538.46:  92%|█████████▏| 1848/2000 [13:09:36<23:40,  9.35s/it]                                                                                            Best trial: 691. Best value: 6538.46:  92%|█████████▏| 1848/2000 [13:09:46<23:40,  9.35s/it]Best trial: 691. Best value: 6538.46:  92%|█████████▏| 1848/2000 [13:09:46<23:40,  9.35s/it]Best trial: 691. Best value: 6538.46:  92%|█████████▏| 1849/2000 [13:09:46<23:28,  9.33s/it]                                                                                            Best trial: 691. Best value: 6538.46:  92%|█████████▏| 1849/2000 [13:09:55<23:28,  9.33s/it]Best trial: 691. Best value: 6538.46:  92%|█████████▏| 1849/2000 [13:09:55<23:28,  9.33s/it]Best trial: 691. Best value: 6538.46:  92%|█████████▎| 1850/2000 [13:09:55<23:20,  9.34s/it]                                                                                            Best trial: 691. Best value: 6538.46:  92%|█████████▎| 1850/2000 [13:10:04<23:20,  9.34s/it]Best trial: 691. Best value: 6538.46:  92%|█████████▎| 1850/2000 [13:10:04<23:20,  9.34s/it]Best trial: 691. Best value: 6538.46:  93%|█████████▎| 1851/2000 [13:10:04<23:09,  9.33s/it]                                                                                            Best trial: 691. Best value: 6538.46:  93%|█████████▎| 1851/2000 [13:10:14<23:09,  9.33s/it]Best trial: 691. Best value: 6538.46:  93%|█████████▎| 1851/2000 [13:10:14<23:09,  9.33s/it]Best trial: 691. Best value: 6538.46:  93%|█████████▎| 1852/2000 [13:10:14<23:04,  9.36s/it]                                                                                            Best trial: 691. Best value: 6538.46:  93%|█████████▎| 1852/2000 [13:10:23<23:04,  9.36s/it]Best trial: 691. Best value: 6538.46:  93%|█████████▎| 1852/2000 [13:10:23<23:04,  9.36s/it]Best trial: 691. Best value: 6538.46:  93%|█████████▎| 1853/2000 [13:10:23<22:54,  9.35s/it]                                                                                            Best trial: 691. Best value: 6538.46:  93%|█████████▎| 1853/2000 [13:10:32<22:54,  9.35s/it]Best trial: 691. Best value: 6538.46:  93%|█████████▎| 1853/2000 [13:10:32<22:54,  9.35s/it]Best trial: 691. Best value: 6538.46:  93%|█████████▎| 1854/2000 [13:10:32<22:44,  9.34s/it]                                                                                            Best trial: 691. Best value: 6538.46:  93%|█████████▎| 1854/2000 [13:10:42<22:44,  9.34s/it]Best trial: 691. Best value: 6538.46:  93%|█████████▎| 1854/2000 [13:10:42<22:44,  9.34s/it]Best trial: 691. Best value: 6538.46:  93%|█████████▎| 1855/2000 [13:10:42<22:35,  9.35s/it]                                                                                            Best trial: 691. Best value: 6538.46:  93%|█████████▎| 1855/2000 [13:10:51<22:35,  9.35s/it]Best trial: 691. Best value: 6538.46:  93%|█████████▎| 1855/2000 [13:10:51<22:35,  9.35s/it]Best trial: 691. Best value: 6538.46:  93%|█████████▎| 1856/2000 [13:10:51<22:24,  9.33s/it]                                                                                            Best trial: 691. Best value: 6538.46:  93%|█████████▎| 1856/2000 [13:11:00<22:24,  9.33s/it]Best trial: 691. Best value: 6538.46:  93%|█████████▎| 1856/2000 [13:11:00<22:24,  9.33s/it]Best trial: 691. Best value: 6538.46:  93%|█████████▎| 1857/2000 [13:11:00<22:12,  9.32s/it]                                                                                            Best trial: 691. Best value: 6538.46:  93%|█████████▎| 1857/2000 [13:11:10<22:12,  9.32s/it]Best trial: 691. Best value: 6538.46:  93%|█████████▎| 1857/2000 [13:11:10<22:12,  9.32s/it]Best trial: 691. Best value: 6538.46:  93%|█████████▎| 1858/2000 [13:11:10<22:06,  9.34s/it]                                                                                            Best trial: 691. Best value: 6538.46:  93%|█████████▎| 1858/2000 [13:11:19<22:06,  9.34s/it]Best trial: 691. Best value: 6538.46:  93%|█████████▎| 1858/2000 [13:11:19<22:06,  9.34s/it]Best trial: 691. Best value: 6538.46:  93%|█████████▎| 1859/2000 [13:11:19<22:01,  9.37s/it]                                                                                            Best trial: 691. Best value: 6538.46:  93%|█████████▎| 1859/2000 [13:11:28<22:01,  9.37s/it]Best trial: 691. Best value: 6538.46:  93%|█████████▎| 1859/2000 [13:11:28<22:01,  9.37s/it]Best trial: 691. Best value: 6538.46:  93%|█████████▎| 1860/2000 [13:11:28<21:50,  9.36s/it]                                                                                            
[I 2026-04-01 10:48:11,984] Trial 1846 finished with value: 7092.188441494107 and parameters: {'alpha_0': 0.0006187883656367144, 'alpha_1': 5.189095408854556e-05, 'alpha_2': 4.185291982262038e-05, 'beta_0': 0.09009755828836352, 'beta_1': 5.677740435797573, 'beta_2': 0.20399553841003454, 'beta_3': 0.0009635660034640021, 'beta_4': 6.697548888383979, 'beta_5': 35.59255106120744, 'beta_6': 0.06304933297047519, 'beta_7': 0.016959626383822743, 'beta_8': 3.9026067737590434e-05, 'beta_9': 1.0922629579002443e-06}. Best is trial 691 with value: 6538.461030825155.
[I 2026-04-01 10:48:21,317] Trial 1847 finished with value: 6739.938540381339 and parameters: {'alpha_0': 0.0006615468601592607, 'alpha_1': 5.777861351365411e-05, 'alpha_2': 4.4064979323051734e-05, 'beta_0': 0.10026600655756246, 'beta_1': 6.272923888372468, 'beta_2': 0.2132684308814701, 'beta_3': 0.0009878325233779095, 'beta_4': 5.210594571181742, 'beta_5': 33.62883917214891, 'beta_6': 0.045592516135228425, 'beta_7': 0.016101304367289997, 'beta_8': 3.823441337870612e-05, 'beta_9': 7.604112653875756e-07}. Best is trial 691 with value: 6538.461030825155.
[I 2026-04-01 10:48:30,595] Trial 1848 finished with value: 6587.259179103614 and parameters: {'alpha_0': 0.0005611097449239603, 'alpha_1': 5.581503885139163e-05, 'alpha_2': 0.00010270298936032458, 'beta_0': 0.09574791569083109, 'beta_1': 6.563165792247352, 'beta_2': 0.20793537505373832, 'beta_3': 0.0009421303523021599, 'beta_4': 7.893901665798107, 'beta_5': 47.91330826098972, 'beta_6': 0.04253055281883622, 'beta_7': 0.015724489172202212, 'beta_8': 3.942863916550681e-05, 'beta_9': 1.4534553262213834e-06}. Best is trial 691 with value: 6538.461030825155.
[I 2026-04-01 10:48:39,952] Trial 1849 finished with value: 7122.576690802096 and parameters: {'alpha_0': 0.0007731214788593583, 'alpha_1': 5.329757920605027e-05, 'alpha_2': 4.155128384951987e-05, 'beta_0': 0.08287488345609852, 'beta_1': 5.992097178114731, 'beta_2': 0.2114637488034594, 'beta_3': 0.0010102960407360998, 'beta_4': 6.5712429514290145, 'beta_5': 36.25708085503975, 'beta_6': 0.04096699035427423, 'beta_7': 0.015284344102772586, 'beta_8': 3.999522614941727e-05, 'beta_9': 1.6117837655785106e-06}. Best is trial 691 with value: 6538.461030825155.
[I 2026-04-01 10:48:49,257] Trial 1850 finished with value: 6702.78831299171 and parameters: {'alpha_0': 0.0006046161420548764, 'alpha_1': 5.192277099856899e-05, 'alpha_2': 9.888745889298948e-05, 'beta_0': 0.07424793953622004, 'beta_1': 6.350804187239963, 'beta_2': 0.2061634438765035, 'beta_3': 0.0009049979763050467, 'beta_4': 7.39659238475974, 'beta_5': 34.3938301439485, 'beta_6': 0.040007283808850914, 'beta_7': 0.015974652474291952, 'beta_8': 3.761453652592833e-05, 'beta_9': 1.6936426021739411e-06}. Best is trial 691 with value: 6538.461030825155.
[I 2026-04-01 10:48:58,679] Trial 1851 finished with value: 6705.821140457103 and parameters: {'alpha_0': 0.0014204995995237815, 'alpha_1': 5.470073281788245e-05, 'alpha_2': 0.00011271227761204507, 'beta_0': 0.08665047206956371, 'beta_1': 6.078189132798845, 'beta_2': 0.20798075373638475, 'beta_3': 0.001214765084008487, 'beta_4': 6.765454399270369, 'beta_5': 32.18598492084633, 'beta_6': 0.08296391557051663, 'beta_7': 0.015505917582635437, 'beta_8': 3.872630425642043e-05, 'beta_9': 1.8985570118390898e-06}. Best is trial 691 with value: 6538.461030825155.
[I 2026-04-01 10:49:08,023] Trial 1852 finished with value: inf and parameters: {'alpha_0': 0.0007379098512823708, 'alpha_1': 5.005228137967538e-05, 'alpha_2': 4.002063432806501e-05, 'beta_0': 0.0786713644259961, 'beta_1': 6.55248035255113, 'beta_2': 0.20130290985848223, 'beta_3': 0.0009567222790252939, 'beta_4': 6.625898685188451, 'beta_5': 35.08705308082752, 'beta_6': 0.04425768307532618, 'beta_7': 0.0216935961847231, 'beta_8': 3.683475916945538e-05, 'beta_9': 7.082710761855698e-07}. Best is trial 691 with value: 6538.461030825155.
[I 2026-04-01 10:49:17,346] Trial 1853 finished with value: 7453.473763165794 and parameters: {'alpha_0': 0.0007059911816405969, 'alpha_1': 5.93279110723517e-05, 'alpha_2': 4.4201997368857885e-05, 'beta_0': 0.09215537560778413, 'beta_1': 5.813157482349701, 'beta_2': 0.2039703940542677, 'beta_3': 0.000975488604583326, 'beta_4': 7.03594911277681, 'beta_5': 33.1217268998946, 'beta_6': 0.04243991999838571, 'beta_7': 0.01501215889017803, 'beta_8': 3.8096077371214323e-05, 'beta_9': 1.5894114696383077e-06}. Best is trial 691 with value: 6538.461030825155.
[I 2026-04-01 10:49:26,715] Trial 1854 finished with value: 7091.527131041659 and parameters: {'alpha_0': 0.0006482616048748094, 'alpha_1': 5.006462464034535e-05, 'alpha_2': 4.505261509729641e-05, 'beta_0': 0.10340970853384675, 'beta_1': 6.253636921132662, 'beta_2': 0.20994506520829756, 'beta_3': 0.001006674208591372, 'beta_4': 6.573840866555822, 'beta_5': 33.74195221952655, 'beta_6': 0.04352556648958653, 'beta_7': 0.016624533728168474, 'beta_8': 3.99999311907609e-05, 'beta_9': 7.104274979155144e-07}. Best is trial 691 with value: 6538.461030825155.
[I 2026-04-01 10:49:36,008] Trial 1855 finished with value: 6777.345560516394 and parameters: {'alpha_0': 0.0005609502714556592, 'alpha_1': 5.3120530338837685e-05, 'alpha_2': 4.261293707193775e-05, 'beta_0': 0.08369511244159196, 'beta_1': 6.708953761012754, 'beta_2': 0.2134815133711344, 'beta_3': 0.0009276977370449796, 'beta_4': 5.510402066009932, 'beta_5': 30.491438385805466, 'beta_6': 0.04177271510043945, 'beta_7': 0.016224008084200284, 'beta_8': 3.9055646566198284e-05, 'beta_9': 6.659708461703979e-07}. Best is trial 691 with value: 6538.461030825155.
[I 2026-04-01 10:49:45,292] Trial 1856 finished with value: 6723.3099614042085 and parameters: {'alpha_0': 0.000612971203634262, 'alpha_1': 0.0001257421898827332, 'alpha_2': 4.1809222930268706e-05, 'beta_0': 0.09795292283907653, 'beta_1': 6.398613091700093, 'beta_2': 0.2050101660279768, 'beta_3': 0.0009588758002099831, 'beta_4': 7.669933565565924, 'beta_5': 35.48189706043089, 'beta_6': 0.04528922295720081, 'beta_7': 0.01572818677128155, 'beta_8': 3.741600645622677e-05, 'beta_9': 1.957704895510391e-06}. Best is trial 691 with value: 6538.461030825155.
[I 2026-04-01 10:49:54,678] Trial 1857 finished with value: 7037.064024734993 and parameters: {'alpha_0': 0.0006795610249762453, 'alpha_1': 0.00010829833596065819, 'alpha_2': 4.47480381318424e-05, 'beta_0': 0.08939640621433188, 'beta_1': 5.617258338591604, 'beta_2': 0.23198180205929023, 'beta_3': 0.0009880836264626175, 'beta_4': 6.882249979466373, 'beta_5': 36.38566102470424, 'beta_6': 0.04002986554034093, 'beta_7': 0.015424492860767965, 'beta_8': 3.855151052226631e-05, 'beta_9': 1.8664798351527898e-06}. Best is trial 691 with value: 6538.461030825155.
[I 2026-04-01 10:50:04,133] Trial 1858 finished with value: 6697.740254355433 and parameters: {'alpha_0': 0.0005388073351463987, 'alpha_1': 5.0008620571487304e-05, 'alpha_2': 4.3070767869404135e-05, 'beta_0': 0.07840500394664437, 'beta_1': 5.945378211013393, 'beta_2': 0.21127394580030445, 'beta_3': 0.0009045790967425742, 'beta_4': 6.6827785793023695, 'beta_5': 34.413123018235474, 'beta_6': 0.04293428372483051, 'beta_7': 0.016020133304811907, 'beta_8': 3.93360302136378e-05, 'beta_9': 7.535852655393706e-07}. Best is trial 691 with value: 6538.461030825155.
[I 2026-04-01 10:50:13,452] Trial 1859 finished with value: 6700.232717499513 and parameters: {'alpha_0': 0.0017270511806782816, 'alpha_1': 5.618595546518368e-05, 'alpha_2': 4.1720632618298967e-05, 'beta_0': 0.09204985620537903, 'beta_1': 6.157975295353577, 'beta_2': 0.20836860438708543, 'beta_3': 0.0009412291979736846, 'beta_4': 7.998452815588726, 'beta_5': 29.633597196174616, 'beta_6': 0.08499427234855879, 'beta_7': 0.015682417639020046, 'beta_8': 3.80884125792883e-05, 'beta_9': 1.7219112495176714e-06}. Best is trial 691 with value: 6538.461030825155.
