[I 2026-03-31 22:17:28,777] Trial 259 finished with value: inf and parameters: {'alpha_0': 0.0010574163655298768, 'alpha_1': 5.6951819410757004e-05, 'alpha_2': 4.00951437240785e-05, 'beta_0': 0.06124512843994877, 'beta_1': 12.839747064661475, 'beta_2': 0.18609748088907496, 'beta_3': 0.0007653817800579703, 'beta_4': 4.201731392209831, 'beta_5': 32.809951124676154, 'beta_6': 0.049203634186034274, 'beta_7': 0.024597473790338564, 'beta_8': 3.709096419183252e-05, 'beta_9': 9.488582929200173e-07}. Best is trial 251 with value: 6615.606706336191.
[I 2026-03-31 22:17:38,042] Trial 260 finished with value: 7044.624721859778 and parameters: {'alpha_0': 0.0011010851027356667, 'alpha_1': 5.364333767811225e-05, 'alpha_2': 4.620084571856374e-05, 'beta_0': 0.06298297561167655, 'beta_1': 12.317823841466069, 'beta_2': 0.184143439749511, 'beta_3': 0.0007308024108342751, 'beta_4': 4.048069809723532, 'beta_5': 33.7269426754574, 'beta_6': 0.049119291945771096, 'beta_7': 0.01574811216127516, 'beta_8': 1.4928037091046929e-05, 'beta_9': 1.0158766830754438e-06}. Best is trial 251 with value: 6615.606706336191.
[I 2026-03-31 22:17:47,329] Trial 261 finished with value: 6837.904722101034 and parameters: {'alpha_0': 0.0010647132970475906, 'alpha_1': 6.0195419620106913e-05, 'alpha_2': 4.5234352815549685e-05, 'beta_0': 0.0674266115992825, 'beta_1': 12.105446924381523, 'beta_2': 0.1802949818594915, 'beta_3': 0.0007144033174403997, 'beta_4': 4.138459698251661, 'beta_5': 34.894926953215055, 'beta_6': 0.047681118457928516, 'beta_7': 0.016554396784366023, 'beta_8': 3.534298781063837e-05, 'beta_9': 9.284834616457941e-07}. Best is trial 251 with value: 6615.606706336191.
[I 2026-03-31 22:17:56,942] Trial 262 finished with value: 7547.1757067366325 and parameters: {'alpha_0': 0.0011473907617009218, 'alpha_1': 6.184459108437731e-05, 'alpha_2': 4.309130679586422e-05, 'beta_0': 0.07003265621038732, 'beta_1': 12.710547893615933, 'beta_2': 0.1826491844915928, 'beta_3': 0.0007756100564782878, 'beta_4': 4.260032169900949, 'beta_5': 34.47863125649772, 'beta_6': 0.04568992057335701, 'beta_7': 0.015203249485045582, 'beta_8': 3.532243900171094e-05, 'beta_9': 9.358438745218412e-07}. Best is trial 251 with value: 6615.606706336191.
[I 2026-03-31 22:18:06,213] Trial 263 finished with value: 6620.094268240355 and parameters: {'alpha_0': 0.0011165837900719176, 'alpha_1': 5.7797854313970175e-05, 'alpha_2': 4.756632659521324e-05, 'beta_0': 0.05900556054938313, 'beta_1': 12.37555416634897, 'beta_2': 0.18557342633851837, 'beta_3': 0.0007412801100790403, 'beta_4': 4.3014636182024475, 'beta_5': 32.644193029117936, 'beta_6': 0.048078494872169274, 'beta_7': 0.01599242078108922, 'beta_8': 3.494331075837284e-05, 'beta_9': 9.804614445789535e-07}. Best is trial 251 with value: 6615.606706336191.
[I 2026-03-31 22:18:15,644] Trial 264 finished with value: 7276.984567053196 and parameters: {'alpha_0': 0.0011105590694129618, 'alpha_1': 5.678614795957123e-05, 'alpha_2': 4.840480093790005e-05, 'beta_0': 0.06210762697794394, 'beta_1': 12.371019765254793, 'beta_2': 0.1852811822745363, 'beta_3': 0.0007431702197018669, 'beta_4': 4.353521543807317, 'beta_5': 34.088833429648126, 'beta_6': 0.04730306012970761, 'beta_7': 0.015598214840281135, 'beta_8': 1.302967393505285e-05, 'beta_9': 9.667704628279906e-07}. Best is trial 251 with value: 6615.606706336191.
[I 2026-03-31 22:18:25,056] Trial 265 finished with value: 6717.951869379894 and parameters: {'alpha_0': 0.0011510790325474146, 'alpha_1': 5.9886513454892565e-05, 'alpha_2': 5.040170371225798e-05, 'beta_0': 0.05779069448118894, 'beta_1': 12.141987539524703, 'beta_2': 0.18782835846881493, 'beta_3': 0.000736810855513445, 'beta_4': 4.190949686005444, 'beta_5': 33.44662020148698, 'beta_6': 0.048774533962506465, 'beta_7': 0.015919734371660145, 'beta_8': 3.5024698494310544e-05, 'beta_9': 1.0104888157184365e-06}. Best is trial 251 with value: 6615.606706336191.
[I 2026-03-31 22:18:34,328] Trial 266 finished with value: 6738.981123941401 and parameters: {'alpha_0': 0.0010904023639092392, 'alpha_1': 5.7242949876644475e-05, 'alpha_2': 4.64703782858411e-05, 'beta_0': 0.06518023558658952, 'beta_1': 12.487492856632993, 'beta_2': 0.18301013894356438, 'beta_3': 0.0007675050075115295, 'beta_4': 4.049230470942675, 'beta_5': 32.57943973404632, 'beta_6': 0.04589436823443771, 'beta_7': 0.01637663434654464, 'beta_8': 3.6040648306627926e-05, 'beta_9': 9.531886671388047e-07}. Best is trial 251 with value: 6615.606706336191.
[I 2026-03-31 22:18:43,620] Trial 267 finished with value: 7057.116041312178 and parameters: {'alpha_0': 0.0010517712762386886, 'alpha_1': 6.243947380012537e-05, 'alpha_2': 4.4963633564243355e-05, 'beta_0': 0.05917851855607298, 'beta_1': 11.97723603789887, 'beta_2': 0.18901424108343245, 'beta_3': 0.0007084841335863277, 'beta_4': 4.30822960205452, 'beta_5': 31.792638862316576, 'beta_6': 0.04798797188179053, 'beta_7': 0.016859343957124732, 'beta_8': 1.750707352877651e-05, 'beta_9': 1.065601765976577e-06}. Best is trial 251 with value: 6615.606706336191.
[I 2026-03-31 22:18:45,383] Trial 268 finished with value: inf and parameters: {'alpha_0': 0.0011273086371280092, 'alpha_1': 5.195942065964043e-05, 'alpha_2': 4.746597200375257e-05, 'beta_0': 0.07315927260171906, 'beta_1': 12.277673010512649, 'beta_2': 0.1859762058684893, 'beta_3': 0.0007449062010759642, 'beta_4': 4.388275122548983, 'beta_5': 32.979459045521374, 'beta_6': 0.047011074780092615, 'beta_7': 0.0254916621694735, 'beta_8': 3.484438142835935e-05, 'beta_9': 9.920769158603163e-07}. Best is trial 251 with value: 6615.606706336191.
[I 2026-03-31 22:18:54,718] Trial 269 finished with value: 7497.484217235424 and parameters: {'alpha_0': 0.0010350474637342787, 'alpha_1': 5.860741072071115e-05, 'alpha_2': 4.385120111407899e-05, 'beta_0': 0.063532342970282, 'beta_1': 12.613897329475616, 'beta_2': 0.19037138760738467, 'beta_3': 0.0007144022004463653, 'beta_4': 4.136792115153744, 'beta_5': 32.31267590708989, 'beta_6': 0.04969980395680945, 'beta_7': 0.015402335663819934, 'beta_8': 3.65392976240894e-05, 'beta_9': 9.215748305971362e-07}. Best is trial 251 with value: 6615.606706336191.
[I 2026-03-31 22:19:03,918] Trial 270 finished with value: 6628.798648576987 and parameters: {'alpha_0': 0.0010933347485211737, 'alpha_1': 6.191014570528494e-05, 'alpha_2': 4.998763875546087e-05, 'beta_0': 0.05553790581569294, 'beta_1': 12.408880282436291, 'beta_2': 0.16591214575441351, 'beta_3': 0.0007691538290423819, 'beta_4': 4.2517881492478855, 'beta_5': 31.871511736779503, 'beta_6': 0.04485281206279975, 'beta_7': 0.01597967054241553, 'beta_8': 3.561900161229163e-05, 'beta_9': 9.758345218471911e-07}. Best is trial 251 with value: 6615.606706336191.Best trial: 251. Best value: 6615.61:  14%|█▎        | 270/2000 [40:19<3:41:33,  7.68s/it]Best trial: 251. Best value: 6615.61:  14%|█▎        | 270/2000 [40:19<3:41:33,  7.68s/it]Best trial: 251. Best value: 6615.61:  14%|█▎        | 271/2000 [40:19<3:54:32,  8.14s/it]                                                                                          Best trial: 251. Best value: 6615.61:  14%|█▎        | 271/2000 [40:28<3:54:32,  8.14s/it]Best trial: 251. Best value: 6615.61:  14%|█▎        | 271/2000 [40:28<3:54:32,  8.14s/it]Best trial: 251. Best value: 6615.61:  14%|█▎        | 272/2000 [40:28<4:04:33,  8.49s/it]                                                                                          Best trial: 251. Best value: 6615.61:  14%|█▎        | 272/2000 [40:38<4:04:33,  8.49s/it]Best trial: 251. Best value: 6615.61:  14%|█▎        | 272/2000 [40:38<4:04:33,  8.49s/it]Best trial: 251. Best value: 6615.61:  14%|█▎        | 273/2000 [40:38<4:11:57,  8.75s/it]                                                                                          Best trial: 251. Best value: 6615.61:  14%|█▎        | 273/2000 [40:47<4:11:57,  8.75s/it]Best trial: 251. Best value: 6615.61:  14%|█▎        | 273/2000 [40:47<4:11:57,  8.75s/it]Best trial: 251. Best value: 6615.61:  14%|█▎        | 274/2000 [40:47<4:16:36,  8.92s/it]                                                                                          Best trial: 251. Best value: 6615.61:  14%|█▎        | 274/2000 [40:56<4:16:36,  8.92s/it]Best trial: 251. Best value: 6615.61:  14%|█▎        | 274/2000 [40:56<4:16:36,  8.92s/it]Best trial: 251. Best value: 6615.61:  14%|█▍        | 275/2000 [40:56<4:22:32,  9.13s/it]                                                                                          Best trial: 251. Best value: 6615.61:  14%|█▍        | 275/2000 [41:06<4:22:32,  9.13s/it]Best trial: 251. Best value: 6615.61:  14%|█▍        | 275/2000 [41:06<4:22:32,  9.13s/it]Best trial: 251. Best value: 6615.61:  14%|█▍        | 276/2000 [41:06<4:23:32,  9.17s/it]                                                                                          Best trial: 251. Best value: 6615.61:  14%|█▍        | 276/2000 [41:07<4:23:32,  9.17s/it]Best trial: 251. Best value: 6615.61:  14%|█▍        | 276/2000 [41:07<4:23:32,  9.17s/it]Best trial: 251. Best value: 6615.61:  14%|█▍        | 277/2000 [41:07<3:17:13,  6.87s/it]                                                                                          Best trial: 251. Best value: 6615.61:  14%|█▍        | 277/2000 [41:17<3:17:13,  6.87s/it]Best trial: 251. Best value: 6615.61:  14%|█▍        | 277/2000 [41:17<3:17:13,  6.87s/it]Best trial: 251. Best value: 6615.61:  14%|█▍        | 278/2000 [41:17<3:37:50,  7.59s/it]                                                                                          Best trial: 251. Best value: 6615.61:  14%|█▍        | 278/2000 [41:26<3:37:50,  7.59s/it]Best trial: 251. Best value: 6615.61:  14%|█▍        | 278/2000 [41:26<3:37:50,  7.59s/it]Best trial: 251. Best value: 6615.61:  14%|█▍        | 279/2000 [41:26<3:51:54,  8.08s/it]                                                                                          Best trial: 251. Best value: 6615.61:  14%|█▍        | 279/2000 [41:35<3:51:54,  8.08s/it]Best trial: 251. Best value: 6615.61:  14%|█▍        | 279/2000 [41:35<3:51:54,  8.08s/it]Best trial: 251. Best value: 6615.61:  14%|█▍        | 280/2000 [41:35<4:04:06,  8.52s/it]                                                                                          Best trial: 251. Best value: 6615.61:  14%|█▍        | 280/2000 [41:44<4:04:06,  8.52s/it]Best trial: 251. Best value: 6615.61:  14%|█▍        | 280/2000 [41:44<4:04:06,  8.52s/it]Best trial: 251. Best value: 6615.61:  14%|█▍        | 281/2000 [41:44<4:10:03,  8.73s/it]                                                                                          Best trial: 251. Best value: 6615.61:  14%|█▍        | 281/2000 [41:54<4:10:03,  8.73s/it]Best trial: 251. Best value: 6615.61:  14%|█▍        | 281/2000 [41:54<4:10:03,  8.73s/it]Best trial: 251. Best value: 6615.61:  14%|█▍        | 282/2000 [41:54<4:14:23,  8.88s/it]                                                                                          Best trial: 251. Best value: 6615.61:  14%|█▍        | 282/2000 [42:03<4:14:23,  8.88s/it]Best trial: 251. Best value: 6615.61:  14%|█▍        | 282/2000 [42:03<4:14:23,  8.88s/it]Best trial: 251. Best value: 6615.61:  14%|█▍        | 283/2000 [42:03<4:17:24,  9.00s/it]                                                                                          Best trial: 251. Best value: 6615.61:  14%|█▍        | 283/2000 [42:12<4:17:24,  9.00s/it]Best trial: 251. Best value: 6615.61:  14%|█▍        | 283/2000 [42:12<4:17:24,  9.00s/it]Best trial: 251. Best value: 6615.61:  14%|█▍        | 284/2000 [42:12<4:20:28,  9.11s/it]                                                                                          Best trial: 251. Best value: 6615.61:  14%|█▍        | 284/2000 [42:22<4:20:28,  9.11s/it]Best trial: 251. Best value: 6615.61:  14%|█▍        | 284/2000 [42:22<4:20:28,  9.11s/it]Best trial: 251. Best value: 6615.61:  14%|█▍        | 285/2000 [42:22<4:22:14,  9.17s/it]                                                                                          
[I 2026-03-31 22:19:13,232] Trial 271 finished with value: 6721.272016294442 and parameters: {'alpha_0': 0.0010931396915567725, 'alpha_1': 6.238916473092684e-05, 'alpha_2': 4.9467583194469604e-05, 'beta_0': 0.05549493459433475, 'beta_1': 12.057813287380817, 'beta_2': 0.16685792278900977, 'beta_3': 0.0007800772957717326, 'beta_4': 4.392353502010938, 'beta_5': 31.92833676266075, 'beta_6': 0.044713288790169135, 'beta_7': 0.015805148909881668, 'beta_8': 3.5668965100091164e-05, 'beta_9': 1.087786361008088e-06}. Best is trial 251 with value: 6615.606706336191.
[I 2026-03-31 22:19:22,598] Trial 272 finished with value: 6658.3062985599245 and parameters: {'alpha_0': 0.001153546559967602, 'alpha_1': 5.421995557000018e-05, 'alpha_2': 4.0261336745181415e-05, 'beta_0': 0.059484570392923146, 'beta_1': 12.403261261810808, 'beta_2': 0.16067779272808994, 'beta_3': 0.0007591608554951982, 'beta_4': 3.8382307374855835, 'beta_5': 31.524856555035583, 'beta_6': 0.04495362945937433, 'beta_7': 0.015960750249827814, 'beta_8': 3.511692255684051e-05, 'beta_9': 9.999481610118977e-07}. Best is trial 251 with value: 6615.606706336191.
[I 2026-03-31 22:19:31,908] Trial 273 finished with value: 7198.315455432181 and parameters: {'alpha_0': 0.0011479746307683399, 'alpha_1': 5.815330920312403e-05, 'alpha_2': 5.1484183551980144e-05, 'beta_0': 0.18070324076066974, 'beta_1': 12.20646893500657, 'beta_2': 0.16032749334088, 'beta_3': 0.0007591607852186905, 'beta_4': 3.846739500576807, 'beta_5': 31.47733307181469, 'beta_6': 0.04630393432109601, 'beta_7': 0.015646611932509623, 'beta_8': 3.6066898977383355e-05, 'beta_9': 9.789881732482893e-07}. Best is trial 251 with value: 6615.606706336191.
[I 2026-03-31 22:19:41,533] Trial 274 finished with value: 7602.2690521713685 and parameters: {'alpha_0': 0.0010720292445931098, 'alpha_1': 5.623476760466469e-05, 'alpha_2': 5.327832131098e-05, 'beta_0': 0.053744869737417975, 'beta_1': 12.391606174404233, 'beta_2': 0.15476296412277935, 'beta_3': 0.0007370985276264085, 'beta_4': 4.312785930031625, 'beta_5': 33.04934055736904, 'beta_6': 0.04689912312074704, 'beta_7': 0.015132015780996839, 'beta_8': 3.504074776455456e-05, 'beta_9': 1.0137739876697355e-06}. Best is trial 251 with value: 6615.606706336191.
[I 2026-03-31 22:19:50,798] Trial 275 finished with value: 6670.895048926456 and parameters: {'alpha_0': 0.0011160439908786096, 'alpha_1': 6.148401216609202e-05, 'alpha_2': 4.035616210451116e-05, 'beta_0': 0.05993877930637976, 'beta_1': 12.469281301054792, 'beta_2': 0.16569318602553498, 'beta_3': 0.0007661047516052506, 'beta_4': 3.963880982786527, 'beta_5': 32.399986880941576, 'beta_6': 0.04311298022301739, 'beta_7': 0.016055913841139552, 'beta_8': 3.659935557758445e-05, 'beta_9': 9.637031153697413e-07}. Best is trial 251 with value: 6615.606706336191.
[I 2026-03-31 22:19:52,291] Trial 276 finished with value: inf and parameters: {'alpha_0': 0.0011320410102931056, 'alpha_1': 5.506224725874677e-05, 'alpha_2': 4.042778999787981e-05, 'beta_0': 0.05825097723227418, 'beta_1': 12.494840247250105, 'beta_2': 0.1641593555487998, 'beta_3': 0.0007680892169265911, 'beta_4': 3.89371067687267, 'beta_5': 32.49781669114492, 'beta_6': 0.04392221576348472, 'beta_7': 0.02953245469078427, 'beta_8': 3.690134900505747e-05, 'beta_9': 9.694962735137068e-07}. Best is trial 251 with value: 6615.606706336191.
[I 2026-03-31 22:20:01,567] Trial 277 finished with value: 6782.901542489948 and parameters: {'alpha_0': 0.0010969508901156448, 'alpha_1': 6.170203076039461e-05, 'alpha_2': 4.029175173811729e-05, 'beta_0': 0.06014933942865787, 'beta_1': 12.410675305733736, 'beta_2': 0.1655899824829412, 'beta_3': 0.0007837054535277586, 'beta_4': 3.766326645040583, 'beta_5': 49.844488450964676, 'beta_6': 0.0455237125694119, 'beta_7': 0.01644479711717411, 'beta_8': 3.625405796854031e-05, 'beta_9': 9.489207908066618e-07}. Best is trial 251 with value: 6615.606706336191.
[I 2026-03-31 22:20:10,805] Trial 278 finished with value: 6699.560114826338 and parameters: {'alpha_0': 0.0010358620758502107, 'alpha_1': 6.42361495244672e-05, 'alpha_2': 4.2113212076093653e-05, 'beta_0': 0.05606077002706423, 'beta_1': 12.667574045128351, 'beta_2': 0.16257022025430815, 'beta_3': 0.0007544457211739187, 'beta_4': 3.6348290347962977, 'beta_5': 32.07456970483197, 'beta_6': 0.04264531158825506, 'beta_7': 0.015933615340375483, 'beta_8': 3.712997251149133e-05, 'beta_9': 1.036233400010714e-06}. Best is trial 251 with value: 6615.606706336191.
[I 2026-03-31 22:20:20,325] Trial 279 finished with value: 7444.734306225244 and parameters: {'alpha_0': 0.0011500873553793702, 'alpha_1': 5.409011622653859e-05, 'alpha_2': 4.5249252019594016e-05, 'beta_0': 0.0678676527225172, 'beta_1': 11.924316695038481, 'beta_2': 0.15582020358309517, 'beta_3': 0.0007300289153632214, 'beta_4': 3.941504344552916, 'beta_5': 34.04632131726191, 'beta_6': 0.043750184928945515, 'beta_7': 0.015402720809819154, 'beta_8': 3.763926560965261e-05, 'beta_9': 9.892686701621505e-07}. Best is trial 251 with value: 6615.606706336191.
[I 2026-03-31 22:20:29,549] Trial 280 finished with value: 6860.777346557268 and parameters: {'alpha_0': 0.0011141895513456072, 'alpha_1': 5.900045763277602e-05, 'alpha_2': 4.3472781609770145e-05, 'beta_0': 0.05267114420540884, 'beta_1': 12.997299342177088, 'beta_2': 0.16788043511074877, 'beta_3': 0.0007940539361151073, 'beta_4': 4.001273165950344, 'beta_5': 31.651731310561388, 'beta_6': 0.04836159547447686, 'beta_7': 0.016603614556316804, 'beta_8': 3.564584141165256e-05, 'beta_9': 9.123529605257488e-07}. Best is trial 251 with value: 6615.606706336191.
[I 2026-03-31 22:20:38,800] Trial 281 finished with value: 6719.111808661764 and parameters: {'alpha_0': 0.0018066254261846, 'alpha_1': 6.116873225785594e-05, 'alpha_2': 4.2381708922706217e-05, 'beta_0': 0.06037726644663746, 'beta_1': 12.343245092685217, 'beta_2': 0.16495670337769275, 'beta_3': 0.0005749283997243026, 'beta_4': 3.7843086773091845, 'beta_5': 33.413793795269825, 'beta_6': 0.045234824856626984, 'beta_7': 0.016081255877178558, 'beta_8': 3.6570459936781095e-05, 'beta_9': 9.499383572548606e-07}. Best is trial 251 with value: 6615.606706336191.
[I 2026-03-31 22:20:48,053] Trial 282 finished with value: 7154.4507231147545 and parameters: {'alpha_0': 0.0010650564605666647, 'alpha_1': 6.575691581901338e-05, 'alpha_2': 4.0064981470490805e-05, 'beta_0': 0.0658048549963029, 'beta_1': 12.46211713259734, 'beta_2': 0.15995032225319827, 'beta_3': 0.0007125448128393947, 'beta_4': 4.174685361023148, 'beta_5': 32.29418066301431, 'beta_6': 0.04782287466483212, 'beta_7': 0.015708828387865737, 'beta_8': 3.532343126878203e-05, 'beta_9': 9.226003356691372e-07}. Best is trial 251 with value: 6615.606706336191.
[I 2026-03-31 22:20:57,422] Trial 283 finished with value: 6761.213588835662 and parameters: {'alpha_0': 0.002174561224671373, 'alpha_1': 6.334436547615246e-05, 'alpha_2': 4.157504431688532e-05, 'beta_0': 0.06986439013855564, 'beta_1': 12.59046488643504, 'beta_2': 0.18453732525244732, 'beta_3': 0.000757477384669864, 'beta_4': 4.067592117748692, 'beta_5': 32.65937218287959, 'beta_6': 0.044063775768383925, 'beta_7': 0.016254753601305193, 'beta_8': 3.449313472467503e-05, 'beta_9': 9.673687043504546e-07}. Best is trial 251 with value: 6615.606706336191.
[I 2026-03-31 22:21:06,753] Trial 284 finished with value: 7113.391522848771 and parameters: {'alpha_0': 0.0010118208473548268, 'alpha_1': 5.1570902859770056e-05, 'alpha_2': 4.69540092635255e-05, 'beta_0': 0.057726456594092625, 'beta_1': 12.217734413369147, 'beta_2': 0.17059956347385888, 'beta_3': 0.000703224397071789, 'beta_4': 4.249372716381002, 'beta_5': 31.181629535143, 'beta_6': 0.0449872101396257, 'beta_7': 0.01694077600891025, 'beta_8': 3.4815990860274315e-05, 'beta_9': 9.011336768984329e-07}. Best is trial 251 with value: 6615.606706336191.
