[I 2026-04-01 10:12:30,500] Trial 1609 finished with value: inf and parameters: {'alpha_0': 0.0005705512921235221, 'alpha_1': 5.321295213605402e-05, 'alpha_2': 5.3575576012353024e-05, 'beta_0': 0.08401110650045901, 'beta_1': 7.215211288804337, 'beta_2': 0.20775921947576917, 'beta_3': 0.0009758126978385954, 'beta_4': 5.630767142542207, 'beta_5': 35.0200593592237, 'beta_6': 0.04673481691089026, 'beta_7': 0.023207292228964525, 'beta_8': 3.733189350320559e-05, 'beta_9': 1.2655883626786071e-06}. Best is trial 691 with value: 6538.461030825155.
[I 2026-04-01 10:12:39,709] Trial 1610 finished with value: 6762.862033128764 and parameters: {'alpha_0': 0.0005008467691804381, 'alpha_1': 5.298979365368294e-05, 'alpha_2': 5.168712582196181e-05, 'beta_0': 0.08948100012592673, 'beta_1': 7.412652080018417, 'beta_2': 0.20661630843621723, 'beta_3': 0.0010053023192348632, 'beta_4': 5.3926616130901674, 'beta_5': 34.119430930249756, 'beta_6': 0.04355478063797367, 'beta_7': 0.016058787615262415, 'beta_8': 3.6828879445279676e-05, 'beta_9': 1.2789235262280212e-06}. Best is trial 691 with value: 6538.461030825155.
[I 2026-04-01 10:12:48,976] Trial 1611 finished with value: 7174.942009637746 and parameters: {'alpha_0': 0.0005605444398887907, 'alpha_1': 5.003557203826116e-05, 'alpha_2': 4.879590750629819e-05, 'beta_0': 0.09477554580726123, 'beta_1': 6.733451198431166, 'beta_2': 0.21157767759656096, 'beta_3': 0.0010212296574185827, 'beta_4': 5.528447160078523, 'beta_5': 49.997312543082266, 'beta_6': 0.044953559706673696, 'beta_7': 0.01646100546714908, 'beta_8': 3.729604780307847e-05, 'beta_9': 1.1904953965715288e-06}. Best is trial 691 with value: 6538.461030825155.
[I 2026-04-01 10:12:58,225] Trial 1612 finished with value: 6718.49666237266 and parameters: {'alpha_0': 0.0005000636092371519, 'alpha_1': 5.0021621766247396e-05, 'alpha_2': 4.944156156944697e-05, 'beta_0': 0.11938425234825918, 'beta_1': 6.998061149973502, 'beta_2': 0.20937676303542802, 'beta_3': 0.001084892123604016, 'beta_4': 5.363241659197249, 'beta_5': 33.46236283482497, 'beta_6': 0.042123046298669135, 'beta_7': 0.015449160712274911, 'beta_8': 3.58669792727393e-05, 'beta_9': 1.2289754667697325e-06}. Best is trial 691 with value: 6538.461030825155.
[I 2026-04-01 10:13:07,454] Trial 1613 finished with value: inf and parameters: {'alpha_0': 0.0005615613775910008, 'alpha_1': 5.328183863552284e-05, 'alpha_2': 8.974874666197087e-05, 'beta_0': 0.08216894198038688, 'beta_1': 6.65718289336983, 'beta_2': 0.20437649388390872, 'beta_3': 0.0009751482673638516, 'beta_4': 5.236558128169231, 'beta_5': 35.62926392485349, 'beta_6': 0.041130059430745755, 'beta_7': 0.019340915487123588, 'beta_8': 3.762677088693677e-05, 'beta_9': 1.303595039414034e-06}. Best is trial 691 with value: 6538.461030825155.
[I 2026-04-01 10:13:16,732] Trial 1614 finished with value: 6586.9265884175675 and parameters: {'alpha_0': 0.0005342735781926807, 'alpha_1': 5.179876243117366e-05, 'alpha_2': 4.8919893713931315e-05, 'beta_0': 0.09140625691203919, 'beta_1': 7.065470228754111, 'beta_2': 0.2065123464501759, 'beta_3': 0.0010334642918074096, 'beta_4': 5.720956622989627, 'beta_5': 33.626694521197436, 'beta_6': 0.04809353432832414, 'beta_7': 0.015686303926207002, 'beta_8': 3.6539563415139755e-05, 'beta_9': 1.2685408101988095e-06}. Best is trial 691 with value: 6538.461030825155.
[I 2026-04-01 10:13:25,951] Trial 1615 finished with value: 6656.024806985408 and parameters: {'alpha_0': 0.0005654993737891348, 'alpha_1': 5.000825087567396e-05, 'alpha_2': 4.951890559204804e-05, 'beta_0': 0.09776903972987529, 'beta_1': 6.720205851213992, 'beta_2': 0.20898694263702622, 'beta_3': 0.0010017337148672334, 'beta_4': 5.164616024210841, 'beta_5': 34.64449292019033, 'beta_6': 0.04326613849577031, 'beta_7': 0.015958121423467964, 'beta_8': 3.7745093995480106e-05, 'beta_9': 1.3253149739721656e-06}. Best is trial 691 with value: 6538.461030825155.
[I 2026-04-01 10:13:35,186] Trial 1616 finished with value: 6854.59507268694 and parameters: {'alpha_0': 0.000533646021013207, 'alpha_1': 5.429952620257789e-05, 'alpha_2': 5.213305017430334e-05, 'beta_0': 0.0859462288502755, 'beta_1': 7.370530020036469, 'beta_2': 0.21220862133778842, 'beta_3': 0.0009767382504442372, 'beta_4': 5.524803503258868, 'beta_5': 36.31567804180783, 'beta_6': 0.06692466625964555, 'beta_7': 0.01625387511628262, 'beta_8': 3.725139338294649e-05, 'beta_9': 1.3496831000451355e-06}. Best is trial 691 with value: 6538.461030825155.
[I 2026-04-01 10:13:44,426] Trial 1617 finished with value: 6806.938842416481 and parameters: {'alpha_0': 0.0005738605661562802, 'alpha_1': 5.337581984120705e-05, 'alpha_2': 5.1136182805009485e-05, 'beta_0': 0.10068595541214262, 'beta_1': 6.707010195953471, 'beta_2': 0.20347222073659288, 'beta_3': 0.001103364151190601, 'beta_4': 5.543541567505513, 'beta_5': 35.3303047136533, 'beta_6': 0.04518934356703545, 'beta_7': 0.01539427853415577, 'beta_8': 3.783556372212261e-05, 'beta_9': 1.2195813762160285e-06}. Best is trial 691 with value: 6538.461030825155.
[I 2026-04-01 10:13:53,769] Trial 1618 finished with value: 6735.705787961767 and parameters: {'alpha_0': 0.0005773503501437638, 'alpha_1': 5.167161422413002e-05, 'alpha_2': 4.9041749419633596e-05, 'beta_0': 0.21267062974145665, 'beta_1': 6.850294578626758, 'beta_2': 0.2058448121151273, 'beta_3': 0.0010673318506058873, 'beta_4': 5.505528419422853, 'beta_5': 34.606534721677185, 'beta_6': 0.04205893263875556, 'beta_7': 0.015905664832062984, 'beta_8': 3.5507542134230775e-05, 'beta_9': 1.194859779091876e-06}. Best is trial 691 with value: 6538.461030825155.
[I 2026-04-01 10:14:03,104] Trial 1619 finished with value: 6726.65154634765 and parameters: {'alpha_0': 0.0005312792524548602, 'alpha_1': 5.457903681737697e-05, 'alpha_2': 4.765458158859132e-05, 'beta_0': 0.09262831577609085, 'beta_1': 6.617853006218273, 'beta_2': 0.2101857180343404, 'beta_3': 0.0009953622541363442, 'beta_4': 5.281648139741695, 'beta_5': 33.71576401595672, 'beta_6': 0.052491679075967995, 'beta_7': 0.015608690609625102, 'beta_8': 3.8131337261784965e-05, 'beta_9': 1.2580341754010822e-06}. Best is trial 691 with value: 6538.461030825155.
[I 2026-04-01 10:14:12,413] Trial 1620 finished with value: 7328.604618171622 and parameters: {'alpha_0': 0.0005701909154673341, 'alpha_1': 5.18732650655444e-05, 'alpha_2': 0.00011980624773712366, 'beta_0': 0.08052267349993805, 'beta_1': 7.050100126831761, 'beta_2': 0.21375089787082752, 'beta_3': 0.0009655450893021004, 'beta_4': 5.643197204229282, 'beta_5': 35.63126772491594, 'beta_6': 0.04095256936572357, 'beta_7': 0.015237751703722886, 'beta_8': 3.7700624564849906e-05, 'beta_9': 1.3348462658699093e-06}. Best is trial 691 with value: 6538.461030825155.Best trial: 691. Best value: 6538.46:  81%|████████  | 1620/2000 [12:35:27<58:50,  9.29s/it]Best trial: 691. Best value: 6538.46:  81%|████████  | 1620/2000 [12:35:27<58:50,  9.29s/it]Best trial: 691. Best value: 6538.46:  81%|████████  | 1621/2000 [12:35:27<58:43,  9.30s/it]                                                                                            Best trial: 691. Best value: 6538.46:  81%|████████  | 1621/2000 [12:35:37<58:43,  9.30s/it]Best trial: 691. Best value: 6538.46:  81%|████████  | 1621/2000 [12:35:37<58:43,  9.30s/it]Best trial: 691. Best value: 6538.46:  81%|████████  | 1622/2000 [12:35:37<58:24,  9.27s/it]                                                                                            Best trial: 691. Best value: 6538.46:  81%|████████  | 1622/2000 [12:35:46<58:24,  9.27s/it]Best trial: 691. Best value: 6538.46:  81%|████████  | 1622/2000 [12:35:46<58:24,  9.27s/it]Best trial: 691. Best value: 6538.46:  81%|████████  | 1623/2000 [12:35:46<58:10,  9.26s/it]                                                                                            Best trial: 691. Best value: 6538.46:  81%|████████  | 1623/2000 [12:35:55<58:10,  9.26s/it]Best trial: 691. Best value: 6538.46:  81%|████████  | 1623/2000 [12:35:55<58:10,  9.26s/it]Best trial: 691. Best value: 6538.46:  81%|████████  | 1624/2000 [12:35:55<58:08,  9.28s/it]                                                                                            Best trial: 691. Best value: 6538.46:  81%|████████  | 1624/2000 [12:36:04<58:08,  9.28s/it]Best trial: 691. Best value: 6538.46:  81%|████████  | 1624/2000 [12:36:04<58:08,  9.28s/it]Best trial: 691. Best value: 6538.46:  81%|████████▏ | 1625/2000 [12:36:04<57:57,  9.27s/it]                                                                                            Best trial: 691. Best value: 6538.46:  81%|████████▏ | 1625/2000 [12:36:14<57:57,  9.27s/it]Best trial: 691. Best value: 6538.46:  81%|████████▏ | 1625/2000 [12:36:14<57:57,  9.27s/it]Best trial: 691. Best value: 6538.46:  81%|████████▏ | 1626/2000 [12:36:14<57:33,  9.23s/it]                                                                                            Best trial: 691. Best value: 6538.46:  81%|████████▏ | 1626/2000 [12:36:23<57:33,  9.23s/it]Best trial: 691. Best value: 6538.46:  81%|████████▏ | 1626/2000 [12:36:23<57:33,  9.23s/it]Best trial: 691. Best value: 6538.46:  81%|████████▏ | 1627/2000 [12:36:23<57:34,  9.26s/it]                                                                                            Best trial: 691. Best value: 6538.46:  81%|████████▏ | 1627/2000 [12:36:32<57:34,  9.26s/it]Best trial: 691. Best value: 6538.46:  81%|████████▏ | 1627/2000 [12:36:32<57:34,  9.26s/it]Best trial: 691. Best value: 6538.46:  81%|████████▏ | 1628/2000 [12:36:32<57:23,  9.26s/it]                                                                                            Best trial: 691. Best value: 6538.46:  81%|████████▏ | 1628/2000 [12:36:33<57:23,  9.26s/it]Best trial: 691. Best value: 6538.46:  81%|████████▏ | 1628/2000 [12:36:33<57:23,  9.26s/it]Best trial: 691. Best value: 6538.46:  81%|████████▏ | 1629/2000 [12:36:33<42:39,  6.90s/it]                                                                                            Best trial: 691. Best value: 6538.46:  81%|████████▏ | 1629/2000 [12:36:43<42:39,  6.90s/it]Best trial: 691. Best value: 6538.46:  81%|████████▏ | 1629/2000 [12:36:43<42:39,  6.90s/it]Best trial: 691. Best value: 6538.46:  82%|████████▏ | 1630/2000 [12:36:43<46:52,  7.60s/it]                                                                                            Best trial: 691. Best value: 6538.46:  82%|████████▏ | 1630/2000 [12:36:52<46:52,  7.60s/it]Best trial: 691. Best value: 6538.46:  82%|████████▏ | 1630/2000 [12:36:52<46:52,  7.60s/it]Best trial: 691. Best value: 6538.46:  82%|████████▏ | 1631/2000 [12:36:52<49:49,  8.10s/it]                                                                                            Best trial: 691. Best value: 6538.46:  82%|████████▏ | 1631/2000 [12:37:01<49:49,  8.10s/it]Best trial: 691. Best value: 6538.46:  82%|████████▏ | 1631/2000 [12:37:01<49:49,  8.10s/it]Best trial: 691. Best value: 6538.46:  82%|████████▏ | 1632/2000 [12:37:01<51:42,  8.43s/it]                                                                                            Best trial: 691. Best value: 6538.46:  82%|████████▏ | 1632/2000 [12:37:10<51:42,  8.43s/it]Best trial: 691. Best value: 6538.46:  82%|████████▏ | 1632/2000 [12:37:10<51:42,  8.43s/it]Best trial: 691. Best value: 6538.46:  82%|████████▏ | 1633/2000 [12:37:10<53:01,  8.67s/it]                                                                                            Best trial: 691. Best value: 6538.46:  82%|████████▏ | 1633/2000 [12:37:20<53:01,  8.67s/it]Best trial: 691. Best value: 6538.46:  82%|████████▏ | 1633/2000 [12:37:20<53:01,  8.67s/it]Best trial: 691. Best value: 6538.46:  82%|████████▏ | 1634/2000 [12:37:20<53:47,  8.82s/it]                                                                                            Best trial: 691. Best value: 6538.46:  82%|████████▏ | 1634/2000 [12:37:29<53:47,  8.82s/it]Best trial: 691. Best value: 6538.46:  82%|████████▏ | 1634/2000 [12:37:29<53:47,  8.82s/it]Best trial: 691. Best value: 6538.46:  82%|████████▏ | 1635/2000 [12:37:29<54:37,  8.98s/it]                                                                                            
[I 2026-04-01 10:14:21,627] Trial 1621 finished with value: 6709.684505827164 and parameters: {'alpha_0': 0.0013100434193159683, 'alpha_1': 5.305810787346843e-05, 'alpha_2': 5.365859832430288e-05, 'beta_0': 0.08776245033081248, 'beta_1': 6.831179257945213, 'beta_2': 0.20806884155961106, 'beta_3': 0.001030962273729702, 'beta_4': 5.43825168252085, 'beta_5': 34.40465490714389, 'beta_6': 0.043872017634696434, 'beta_7': 0.015872768493575225, 'beta_8': 3.6673530820189066e-05, 'beta_9': 1.2872388256596403e-06}. Best is trial 691 with value: 6538.461030825155.
[I 2026-04-01 10:14:30,859] Trial 1622 finished with value: 7074.563158536167 and parameters: {'alpha_0': 0.0005353046572827854, 'alpha_1': 5.012835655444131e-05, 'alpha_2': 0.00010227082089944199, 'beta_0': 0.10506375143372307, 'beta_1': 6.525972616752639, 'beta_2': 0.2114734390155297, 'beta_3': 0.001291520325761799, 'beta_4': 5.738110142329401, 'beta_5': 36.41085312674555, 'beta_6': 0.04254858374779608, 'beta_7': 0.016201514801528587, 'beta_8': 3.729984932269215e-05, 'beta_9': 1.3590188206138997e-06}. Best is trial 691 with value: 6538.461030825155.
[I 2026-04-01 10:14:40,179] Trial 1623 finished with value: 7059.961580721181 and parameters: {'alpha_0': 0.0005036531559242815, 'alpha_1': 5.391419206559297e-05, 'alpha_2': 5.14677452164026e-05, 'beta_0': 0.09723829191507823, 'beta_1': 7.158718399489399, 'beta_2': 0.2038712322813642, 'beta_3': 0.0009940435727166048, 'beta_4': 5.447189775933901, 'beta_5': 35.12997261636549, 'beta_6': 0.04124167328105733, 'beta_7': 0.016558370756600008, 'beta_8': 3.815404990833133e-05, 'beta_9': 1.2385226504450016e-06}. Best is trial 691 with value: 6538.461030825155.
[I 2026-04-01 10:14:49,442] Trial 1624 finished with value: 6815.862221922095 and parameters: {'alpha_0': 0.0018514916607558357, 'alpha_1': 5.5333783245665185e-05, 'alpha_2': 5.4048405626842765e-05, 'beta_0': 0.09377932373516971, 'beta_1': 6.669331879203451, 'beta_2': 0.2074003080457046, 'beta_3': 0.0009701494045200223, 'beta_4': 5.569684918825016, 'beta_5': 33.924014930127875, 'beta_6': 0.0435210204569329, 'beta_7': 0.015530066112907455, 'beta_8': 3.839313085118625e-05, 'beta_9': 1.2559323348016223e-06}. Best is trial 691 with value: 6538.461030825155.
[I 2026-04-01 10:14:58,583] Trial 1625 finished with value: 6614.364667564845 and parameters: {'alpha_0': 0.0006016184096162493, 'alpha_1': 5.0123066507675304e-05, 'alpha_2': 4.8044752325368564e-05, 'beta_0': 0.08983067674089107, 'beta_1': 6.858516060248088, 'beta_2': 0.21464642558615452, 'beta_3': 0.0010477663456640047, 'beta_4': 5.762797845177622, 'beta_5': 33.5635748603115, 'beta_6': 0.040041476048896685, 'beta_7': 0.015792822833003404, 'beta_8': 3.9454292742102754e-05, 'beta_9': 1.3188046577760186e-06}. Best is trial 691 with value: 6538.461030825155.
[I 2026-04-01 10:15:07,909] Trial 1626 finished with value: 6936.153713129468 and parameters: {'alpha_0': 0.0005786155592365264, 'alpha_1': 5.19585581274194e-05, 'alpha_2': 6.789968463791606e-05, 'beta_0': 0.08423535986016532, 'beta_1': 6.605635522110627, 'beta_2': 0.20948235097041584, 'beta_3': 0.0011373839432330638, 'beta_4': 7.754253935128326, 'beta_5': 35.972986277798064, 'beta_6': 0.04181509373517963, 'beta_7': 0.015245682292723791, 'beta_8': 3.7663003111476864e-05, 'beta_9': 1.244148824894138e-06}. Best is trial 691 with value: 6538.461030825155.
[I 2026-04-01 10:15:17,158] Trial 1627 finished with value: 6730.949254043706 and parameters: {'alpha_0': 0.0005354545121325486, 'alpha_1': 5.519575773761006e-05, 'alpha_2': 0.0001007509410288319, 'beta_0': 0.07967537448927206, 'beta_1': 6.534996995465244, 'beta_2': 0.2053916151575926, 'beta_3': 0.001020730578584637, 'beta_4': 5.317942362558254, 'beta_5': 35.088302160528514, 'beta_6': 0.044688870398902236, 'beta_7': 0.01607343946015661, 'beta_8': 3.8796387536814406e-05, 'beta_9': 1.219822823532517e-06}. Best is trial 691 with value: 6538.461030825155.
[I 2026-04-01 10:15:18,555] Trial 1628 finished with value: inf and parameters: {'alpha_0': 0.000500787621396575, 'alpha_1': 5.003592804872001e-05, 'alpha_2': 5.53283625517621e-05, 'beta_0': 0.09569550611098855, 'beta_1': 6.848199081154156, 'beta_2': 0.21202388830950142, 'beta_3': 0.0011694040259784334, 'beta_4': 5.529389093180762, 'beta_5': 43.81583441367668, 'beta_6': 0.04272781400194456, 'beta_7': 0.02853453445666709, 'beta_8': 3.9426112440266284e-05, 'beta_9': 1.695921175710653e-06}. Best is trial 691 with value: 6538.461030825155.
[I 2026-04-01 10:15:27,798] Trial 1629 finished with value: 6730.948152658603 and parameters: {'alpha_0': 0.0005005939158514619, 'alpha_1': 5.3583290907506436e-05, 'alpha_2': 9.097756992312637e-05, 'beta_0': 0.10058289772999718, 'beta_1': 6.632383284723562, 'beta_2': 0.2069746388609889, 'beta_3': 0.0010052656628524717, 'beta_4': 5.652502677408681, 'beta_5': 33.241594314663985, 'beta_6': 0.07248671733217917, 'beta_7': 0.015621813949822995, 'beta_8': 3.830357608984763e-05, 'beta_9': 1.2966750348668508e-06}. Best is trial 691 with value: 6538.461030825155.
[I 2026-04-01 10:15:37,064] Trial 1630 finished with value: 7088.611217620586 and parameters: {'alpha_0': 0.0005897573504199132, 'alpha_1': 5.277373019016164e-05, 'alpha_2': 0.00010607597351253228, 'beta_0': 0.08885003895147132, 'beta_1': 7.03801545265226, 'beta_2': 0.20284792835383852, 'beta_3': 0.0009695742645727676, 'beta_4': 5.649091020636399, 'beta_5': 34.46732701261262, 'beta_6': 0.04617083820775738, 'beta_7': 0.016911384379218845, 'beta_8': 3.946147584361203e-05, 'beta_9': 1.2103044064743117e-06}. Best is trial 691 with value: 6538.461030825155.
[I 2026-04-01 10:15:46,259] Trial 1631 finished with value: 7061.671875433352 and parameters: {'alpha_0': 0.0005640435486864225, 'alpha_1': 5.593346634846146e-05, 'alpha_2': 6.486455886546276e-05, 'beta_0': 0.08659324730751258, 'beta_1': 6.510752036329279, 'beta_2': 0.21002588308699424, 'beta_3': 0.0010814540905596244, 'beta_4': 5.811670060563747, 'beta_5': 35.833046455014795, 'beta_6': 0.04097488803030212, 'beta_7': 0.016352136705663833, 'beta_8': 3.8617819432200486e-05, 'beta_9': 1.1586359277508884e-06}. Best is trial 691 with value: 6538.461030825155.
[I 2026-04-01 10:15:55,484] Trial 1632 finished with value: 6701.696813137547 and parameters: {'alpha_0': 0.0005962774086819457, 'alpha_1': 5.008991495947833e-05, 'alpha_2': 4.8481269658448524e-05, 'beta_0': 0.08320652039775497, 'beta_1': 6.824393906233358, 'beta_2': 0.21805040423814043, 'beta_3': 0.0009958916982899986, 'beta_4': 6.8472923335036135, 'beta_5': 34.17342804897667, 'beta_6': 0.043994804643483876, 'beta_7': 0.0159102444219416, 'beta_8': 3.738938897767403e-05, 'beta_9': 1.3594515559119193e-06}. Best is trial 691 with value: 6538.461030825155.
[I 2026-04-01 10:16:04,654] Trial 1633 finished with value: inf and parameters: {'alpha_0': 0.0005576166523260376, 'alpha_1': 5.2217874554270635e-05, 'alpha_2': 4.1164869183384976e-05, 'beta_0': 0.09348601799911056, 'beta_1': 7.242441421839074, 'beta_2': 0.2053511974552617, 'beta_3': 0.0010500884633029193, 'beta_4': 7.688672387643917, 'beta_5': 35.40891792723244, 'beta_6': 0.041981020050320436, 'beta_7': 0.021931525989807188, 'beta_8': 3.996882756248657e-05, 'beta_9': 1.1921459693027986e-06}. Best is trial 691 with value: 6538.461030825155.
[I 2026-04-01 10:16:14,005] Trial 1634 finished with value: 7092.867309979802 and parameters: {'alpha_0': 0.0006010373819254087, 'alpha_1': 5.731737087052184e-05, 'alpha_2': 0.00010881819437299101, 'beta_0': 0.10633660196011452, 'beta_1': 6.504891089471629, 'beta_2': 0.20812069776588843, 'beta_3': 0.0009630533773110535, 'beta_4': 5.397517573254398, 'beta_5': 34.86798277196847, 'beta_6': 0.043057664800668145, 'beta_7': 0.015427639691811696, 'beta_8': 3.805919136165611e-05, 'beta_9': 1.3143041667071272e-06}. Best is trial 691 with value: 6538.461030825155.
