[I 2026-03-31 22:41:47,705] Trial 420 finished with value: 6929.628160212529 and parameters: {'alpha_0': 0.0010548751008349665, 'alpha_1': 6.506634813347355e-05, 'alpha_2': 5.0758065920713865e-05, 'beta_0': 0.08280531137319877, 'beta_1': 8.637718602198092, 'beta_2': 0.18513214315869128, 'beta_3': 0.0007850757107687381, 'beta_4': 6.381572621999626, 'beta_5': 35.36477284995579, 'beta_6': 0.0422842383077451, 'beta_7': 0.01566333906139906, 'beta_8': 1.7179320210405825e-05, 'beta_9': 8.576583614859271e-07}. Best is trial 381 with value: 6572.730744725488.Best trial: 381. Best value: 6572.73:  21%|██        | 420/2000 [1:03:03<4:05:27,  9.32s/it]Best trial: 381. Best value: 6572.73:  21%|██        | 420/2000 [1:03:03<4:05:27,  9.32s/it]Best trial: 381. Best value: 6572.73:  21%|██        | 421/2000 [1:03:03<4:05:39,  9.33s/it]                                                                                            Best trial: 381. Best value: 6572.73:  21%|██        | 421/2000 [1:03:12<4:05:39,  9.33s/it]Best trial: 381. Best value: 6572.73:  21%|██        | 421/2000 [1:03:12<4:05:39,  9.33s/it]Best trial: 381. Best value: 6572.73:  21%|██        | 422/2000 [1:03:12<4:06:15,  9.36s/it]                                                                                            Best trial: 381. Best value: 6572.73:  21%|██        | 422/2000 [1:03:22<4:06:15,  9.36s/it]Best trial: 381. Best value: 6572.73:  21%|██        | 422/2000 [1:03:22<4:06:15,  9.36s/it]Best trial: 381. Best value: 6572.73:  21%|██        | 423/2000 [1:03:22<4:09:05,  9.48s/it]                                                                                            Best trial: 381. Best value: 6572.73:  21%|██        | 423/2000 [1:03:31<4:09:05,  9.48s/it]Best trial: 381. Best value: 6572.73:  21%|██        | 423/2000 [1:03:31<4:09:05,  9.48s/it]Best trial: 381. Best value: 6572.73:  21%|██        | 424/2000 [1:03:31<4:06:53,  9.40s/it]                                                                                            Best trial: 381. Best value: 6572.73:  21%|██        | 424/2000 [1:03:41<4:06:53,  9.40s/it]Best trial: 381. Best value: 6572.73:  21%|██        | 424/2000 [1:03:41<4:06:53,  9.40s/it]Best trial: 381. Best value: 6572.73:  21%|██▏       | 425/2000 [1:03:41<4:07:26,  9.43s/it]                                                                                            Best trial: 381. Best value: 6572.73:  21%|██▏       | 425/2000 [1:03:50<4:07:26,  9.43s/it]Best trial: 381. Best value: 6572.73:  21%|██▏       | 425/2000 [1:03:50<4:07:26,  9.43s/it]Best trial: 381. Best value: 6572.73:  21%|██▏       | 426/2000 [1:03:50<4:06:42,  9.40s/it]                                                                                            Best trial: 381. Best value: 6572.73:  21%|██▏       | 426/2000 [1:03:59<4:06:42,  9.40s/it]Best trial: 381. Best value: 6572.73:  21%|██▏       | 426/2000 [1:03:59<4:06:42,  9.40s/it]Best trial: 381. Best value: 6572.73:  21%|██▏       | 427/2000 [1:03:59<4:05:38,  9.37s/it]                                                                                            Best trial: 381. Best value: 6572.73:  21%|██▏       | 427/2000 [1:04:08<4:05:38,  9.37s/it]Best trial: 381. Best value: 6572.73:  21%|██▏       | 427/2000 [1:04:08<4:05:38,  9.37s/it]Best trial: 381. Best value: 6572.73:  21%|██▏       | 428/2000 [1:04:08<4:04:07,  9.32s/it]                                                                                            Best trial: 381. Best value: 6572.73:  21%|██▏       | 428/2000 [1:04:18<4:04:07,  9.32s/it]Best trial: 381. Best value: 6572.73:  21%|██▏       | 428/2000 [1:04:18<4:04:07,  9.32s/it]Best trial: 381. Best value: 6572.73:  21%|██▏       | 429/2000 [1:04:18<4:02:48,  9.27s/it]                                                                                            Best trial: 381. Best value: 6572.73:  21%|██▏       | 429/2000 [1:04:27<4:02:48,  9.27s/it]Best trial: 381. Best value: 6572.73:  21%|██▏       | 429/2000 [1:04:27<4:02:48,  9.27s/it]Best trial: 381. Best value: 6572.73:  22%|██▏       | 430/2000 [1:04:27<4:02:49,  9.28s/it]                                                                                            Best trial: 381. Best value: 6572.73:  22%|██▏       | 430/2000 [1:04:36<4:02:49,  9.28s/it]Best trial: 381. Best value: 6572.73:  22%|██▏       | 430/2000 [1:04:36<4:02:49,  9.28s/it]Best trial: 381. Best value: 6572.73:  22%|██▏       | 431/2000 [1:04:36<4:02:27,  9.27s/it]                                                                                            Best trial: 381. Best value: 6572.73:  22%|██▏       | 431/2000 [1:04:45<4:02:27,  9.27s/it]Best trial: 381. Best value: 6572.73:  22%|██▏       | 431/2000 [1:04:45<4:02:27,  9.27s/it]Best trial: 381. Best value: 6572.73:  22%|██▏       | 432/2000 [1:04:45<4:03:15,  9.31s/it]                                                                                            Best trial: 381. Best value: 6572.73:  22%|██▏       | 432/2000 [1:04:55<4:03:15,  9.31s/it]Best trial: 381. Best value: 6572.73:  22%|██▏       | 432/2000 [1:04:55<4:03:15,  9.31s/it]Best trial: 381. Best value: 6572.73:  22%|██▏       | 433/2000 [1:04:55<4:03:05,  9.31s/it]                                                                                            Best trial: 381. Best value: 6572.73:  22%|██▏       | 433/2000 [1:05:04<4:03:05,  9.31s/it]Best trial: 381. Best value: 6572.73:  22%|██▏       | 433/2000 [1:05:04<4:03:05,  9.31s/it]Best trial: 381. Best value: 6572.73:  22%|██▏       | 434/2000 [1:05:04<4:03:03,  9.31s/it]                                                                                            Best trial: 381. Best value: 6572.73:  22%|██▏       | 434/2000 [1:05:13<4:03:03,  9.31s/it]Best trial: 381. Best value: 6572.73:  22%|██▏       | 434/2000 [1:05:13<4:03:03,  9.31s/it]Best trial: 381. Best value: 6572.73:  22%|██▏       | 435/2000 [1:05:13<4:02:14,  9.29s/it]                                                                                            
[I 2026-03-31 22:41:57,136] Trial 421 finished with value: 6765.621015527779 and parameters: {'alpha_0': 0.0010153691351362704, 'alpha_1': 6.69287066052836e-05, 'alpha_2': 4.853484644842681e-05, 'beta_0': 0.06535253274165141, 'beta_1': 8.225782127581573, 'beta_2': 0.189234986495831, 'beta_3': 0.0007362620525260241, 'beta_4': 5.767419686215321, 'beta_5': 37.7900699986382, 'beta_6': 0.04422145569275492, 'beta_7': 0.016171647715863394, 'beta_8': 3.908468631619794e-05, 'beta_9': 8.173661285378893e-07}. Best is trial 381 with value: 6572.730744725488.
[I 2026-03-31 22:42:06,878] Trial 422 finished with value: 7940.360483542021 and parameters: {'alpha_0': 0.0010917143620939262, 'alpha_1': 6.365913300387597e-05, 'alpha_2': 6.395756501030993e-05, 'beta_0': 0.055861422198290066, 'beta_1': 6.787299340406946, 'beta_2': 0.18079909416683448, 'beta_3': 0.0007679641488794714, 'beta_4': 3.1260183744496555, 'beta_5': 36.821314671551555, 'beta_6': 0.06277569392362546, 'beta_7': 0.015029769400132544, 'beta_8': 1.6368328342154375e-05, 'beta_9': 7.859696570359633e-07}. Best is trial 381 with value: 6572.730744725488.
[I 2026-03-31 22:42:16,096] Trial 423 finished with value: 6645.893210228197 and parameters: {'alpha_0': 0.0009540636522991887, 'alpha_1': 6.835442242665605e-05, 'alpha_2': 4.6049316573933794e-05, 'beta_0': 0.06951018062954392, 'beta_1': 7.3238660022878035, 'beta_2': 0.1917900433597601, 'beta_3': 0.000802893356159199, 'beta_4': 3.183073723378052, 'beta_5': 35.705299564030916, 'beta_6': 0.04595911992832031, 'beta_7': 0.015982698500109735, 'beta_8': 1.7858106377285914e-05, 'beta_9': 8.71519028807335e-07}. Best is trial 381 with value: 6572.730744725488.
[I 2026-03-31 22:42:25,585] Trial 424 finished with value: 7500.371313765776 and parameters: {'alpha_0': 0.0009416194627267047, 'alpha_1': 7.135967411527438e-05, 'alpha_2': 4.606436432879274e-05, 'beta_0': 0.07019623691560925, 'beta_1': 7.2842448530425905, 'beta_2': 0.1922555618316143, 'beta_3': 0.0008089053297422046, 'beta_4': 3.2239800624828523, 'beta_5': 35.69971842162555, 'beta_6': 0.04642825377876396, 'beta_7': 0.015371925293302516, 'beta_8': 1.833317422649144e-05, 'beta_9': 8.766558896183833e-07}. Best is trial 381 with value: 6572.730744725488.
[I 2026-03-31 22:42:34,938] Trial 425 finished with value: 7139.728238858683 and parameters: {'alpha_0': 0.0011881995567587086, 'alpha_1': 6.93690053881817e-05, 'alpha_2': 4.437826000258626e-05, 'beta_0': 0.06702555571526815, 'beta_1': 7.062963330756923, 'beta_2': 0.19294493046325092, 'beta_3': 0.0007972395287177903, 'beta_4': 3.0001906934899027, 'beta_5': 35.707730141789355, 'beta_6': 0.045897307647742094, 'beta_7': 0.015688206131400293, 'beta_8': 1.7890940251550314e-05, 'beta_9': 8.939913649163868e-07}. Best is trial 381 with value: 6572.730744725488.
[I 2026-03-31 22:42:44,226] Trial 426 finished with value: 6749.605783751256 and parameters: {'alpha_0': 0.0009514432347019744, 'alpha_1': 6.769117442258204e-05, 'alpha_2': 4.7103857178732473e-05, 'beta_0': 0.06260208619790586, 'beta_1': 7.863324358509931, 'beta_2': 0.19070809147637294, 'beta_3': 0.0008134870268621178, 'beta_4': 3.171575564734752, 'beta_5': 36.313154268704274, 'beta_6': 0.04362994582813472, 'beta_7': 0.01634874987132486, 'beta_8': 1.7665229837686343e-05, 'beta_9': 8.403330738539367e-07}. Best is trial 381 with value: 6572.730744725488.
[I 2026-03-31 22:42:53,424] Trial 427 finished with value: 6741.217312360097 and parameters: {'alpha_0': 0.0013406085077160624, 'alpha_1': 5.9711202710008255e-05, 'alpha_2': 4.50394828006911e-05, 'beta_0': 0.07375256153869662, 'beta_1': 7.547294528725796, 'beta_2': 0.18757048229888748, 'beta_3': 0.00077709183354159, 'beta_4': 3.097924835115631, 'beta_5': 34.394811743220565, 'beta_6': 0.04482797185731419, 'beta_7': 0.015903770818890217, 'beta_8': 1.7046302303092107e-05, 'beta_9': 8.640189000648978e-07}. Best is trial 381 with value: 6572.730744725488.
[I 2026-03-31 22:43:02,593] Trial 428 finished with value: 7250.052227174785 and parameters: {'alpha_0': 0.0011257228277803562, 'alpha_1': 6.615688372677091e-05, 'alpha_2': 4.9159321857059255e-05, 'beta_0': 0.05966194356516929, 'beta_1': 6.658303338656684, 'beta_2': 0.18468359846053412, 'beta_3': 0.0007921182378717152, 'beta_4': 3.1985171156442584, 'beta_5': 35.115433431582424, 'beta_6': 0.046778133147904064, 'beta_7': 0.017076997973399764, 'beta_8': 1.914432705558624e-05, 'beta_9': 9.055805481651823e-07}. Best is trial 381 with value: 6572.730744725488.
[I 2026-03-31 22:43:11,888] Trial 429 finished with value: 6714.253886915487 and parameters: {'alpha_0': 0.001212296737918178, 'alpha_1': 6.16276265112354e-05, 'alpha_2': 5.24111854796905e-05, 'beta_0': 0.06785315873438129, 'beta_1': 7.348189736233875, 'beta_2': 0.18879095735683835, 'beta_3': 0.0008343869769428833, 'beta_4': 6.053366158841812, 'beta_5': 37.08186559329741, 'beta_6': 0.04198418387327724, 'beta_7': 0.016122874753251325, 'beta_8': 1.3938230737504962e-05, 'beta_9': 8.342314941095608e-07}. Best is trial 381 with value: 6572.730744725488.
[I 2026-03-31 22:43:21,140] Trial 430 finished with value: 7111.455110478537 and parameters: {'alpha_0': 0.0010528972662254385, 'alpha_1': 6.872709422093645e-05, 'alpha_2': 4.62129371252439e-05, 'beta_0': 0.06367264322764464, 'beta_1': 6.911833795130072, 'beta_2': 0.18614082354550468, 'beta_3': 0.0007574911860544957, 'beta_4': 3.3103956306342557, 'beta_5': 37.63324899635409, 'beta_6': 0.04015134456219717, 'beta_7': 0.016752243446055425, 'beta_8': 1.5612204698987333e-05, 'beta_9': 8.814417105543077e-07}. Best is trial 381 with value: 6572.730744725488.
[I 2026-03-31 22:43:30,535] Trial 431 finished with value: 7430.463794180183 and parameters: {'alpha_0': 0.0011728316766750689, 'alpha_1': 6.40586339160385e-05, 'alpha_2': 4.427230276615519e-05, 'beta_0': 0.05684618223060882, 'beta_1': 7.58279826187975, 'beta_2': 0.19098373007175648, 'beta_3': 0.0007827428112160776, 'beta_4': 5.876307607583064, 'beta_5': 34.87682304309983, 'beta_6': 0.047359619274875454, 'beta_7': 0.015332044662384954, 'beta_8': 1.8229444460148025e-05, 'beta_9': 9.193229870748674e-07}. Best is trial 381 with value: 6572.730744725488.
[I 2026-03-31 22:43:39,842] Trial 432 finished with value: 6749.366560654171 and parameters: {'alpha_0': 0.0011161149280188814, 'alpha_1': 7.096211640646716e-05, 'alpha_2': 5.003154982472613e-05, 'beta_0': 0.0723294328493255, 'beta_1': 7.1826626374401075, 'beta_2': 0.17750926499080075, 'beta_3': 0.0011226375158417943, 'beta_4': 6.357267727545927, 'beta_5': 36.67293427681456, 'beta_6': 0.04301807518321532, 'beta_7': 0.015766854699823977, 'beta_8': 1.683284840620818e-05, 'beta_9': 1.4945297524646617e-06}. Best is trial 381 with value: 6572.730744725488.
[I 2026-03-31 22:43:49,165] Trial 433 finished with value: 6745.178413127604 and parameters: {'alpha_0': 0.0010350873426391255, 'alpha_1': 6.0186003910405985e-05, 'alpha_2': 4.771216006358256e-05, 'beta_0': 0.061442464142753436, 'beta_1': 7.329826674165871, 'beta_2': 0.18228287650122407, 'beta_3': 0.0008172852938144217, 'beta_4': 3.1032632827446642, 'beta_5': 38.25534434630126, 'beta_6': 0.045506269818398074, 'beta_7': 0.016327878230935445, 'beta_8': 1.6221010466715957e-05, 'beta_9': 8.508357210442211e-07}. Best is trial 381 with value: 6572.730744725488.
[I 2026-03-31 22:43:58,393] Trial 434 finished with value: 6723.54343317565 and parameters: {'alpha_0': 0.0009863871464868108, 'alpha_1': 6.646967203805142e-05, 'alpha_2': 5.38694134979792e-05, 'beta_0': 0.06867946710072453, 'beta_1': 9.812364845964412, 'beta_2': 0.18388389890391788, 'beta_3': 0.000753867856219998, 'beta_4': 3.210588340729814, 'beta_5': 36.03990806710546, 'beta_6': 0.04407282946516984, 'beta_7': 0.015906678315350056, 'beta_8': 1.7275434966728044e-05, 'beta_9': 8.229898750247434e-07}. Best is trial 381 with value: 6572.730744725488.
[I 2026-03-31 22:44:07,626] Trial 435 finished with value: 6792.236187925224 and parameters: {'alpha_0': 0.001081567413699724, 'alpha_1': 5.880864861315781e-05, 'alpha_2': 4.447699264772549e-05, 'beta_0': 0.05208565477112398, 'beta_1': 7.990480389294673, 'beta_2': 0.17967726380246038, 'beta_3': 0.0007765997637572756, 'beta_4': 3.065231958129855, 'beta_5': 37.05034710051175, 'beta_6': 0.04168522798576579, 'beta_7': 0.016507506558469512, 'beta_8': 1.896886959164363e-05, 'beta_9': 8.032877461240876e-07}. Best is trial 381 with value: 6572.730744725488.Best trial: 381. Best value: 6572.73:  22%|██▏       | 435/2000 [1:05:23<4:02:14,  9.29s/it]Best trial: 381. Best value: 6572.73:  22%|██▏       | 435/2000 [1:05:23<4:02:14,  9.29s/it]Best trial: 381. Best value: 6572.73:  22%|██▏       | 436/2000 [1:05:23<4:01:39,  9.27s/it]                                                                                            Best trial: 381. Best value: 6572.73:  22%|██▏       | 436/2000 [1:05:32<4:01:39,  9.27s/it]Best trial: 381. Best value: 6572.73:  22%|██▏       | 436/2000 [1:05:32<4:01:39,  9.27s/it]Best trial: 381. Best value: 6572.73:  22%|██▏       | 437/2000 [1:05:32<4:00:28,  9.23s/it]                                                                                            Best trial: 381. Best value: 6572.73:  22%|██▏       | 437/2000 [1:05:41<4:00:28,  9.23s/it]Best trial: 381. Best value: 6572.73:  22%|██▏       | 437/2000 [1:05:41<4:00:28,  9.23s/it]Best trial: 381. Best value: 6572.73:  22%|██▏       | 438/2000 [1:05:41<4:00:23,  9.23s/it]                                                                                            Best trial: 381. Best value: 6572.73:  22%|██▏       | 438/2000 [1:05:50<4:00:23,  9.23s/it]Best trial: 381. Best value: 6572.73:  22%|██▏       | 438/2000 [1:05:50<4:00:23,  9.23s/it]Best trial: 381. Best value: 6572.73:  22%|██▏       | 439/2000 [1:05:50<4:00:25,  9.24s/it]                                                                                            Best trial: 381. Best value: 6572.73:  22%|██▏       | 439/2000 [1:05:53<4:00:25,  9.24s/it]Best trial: 381. Best value: 6572.73:  22%|██▏       | 439/2000 [1:05:53<4:00:25,  9.24s/it]Best trial: 381. Best value: 6572.73:  22%|██▏       | 440/2000 [1:05:53<3:13:36,  7.45s/it]                                                                                            Best trial: 381. Best value: 6572.73:  22%|██▏       | 440/2000 [1:06:03<3:13:36,  7.45s/it]Best trial: 381. Best value: 6572.73:  22%|██▏       | 440/2000 [1:06:03<3:13:36,  7.45s/it]Best trial: 381. Best value: 6572.73:  22%|██▏       | 441/2000 [1:06:03<3:28:35,  8.03s/it]                                                                                            Best trial: 381. Best value: 6572.73:  22%|██▏       | 441/2000 [1:06:13<3:28:35,  8.03s/it]Best trial: 381. Best value: 6572.73:  22%|██▏       | 441/2000 [1:06:13<3:28:35,  8.03s/it]Best trial: 381. Best value: 6572.73:  22%|██▏       | 442/2000 [1:06:13<3:41:42,  8.54s/it]                                                                                            Best trial: 381. Best value: 6572.73:  22%|██▏       | 442/2000 [1:06:22<3:41:42,  8.54s/it]Best trial: 381. Best value: 6572.73:  22%|██▏       | 442/2000 [1:06:22<3:41:42,  8.54s/it]Best trial: 381. Best value: 6572.73:  22%|██▏       | 443/2000 [1:06:22<3:48:18,  8.80s/it]                                                                                            Best trial: 381. Best value: 6572.73:  22%|██▏       | 443/2000 [1:06:31<3:48:18,  8.80s/it]Best trial: 381. Best value: 6572.73:  22%|██▏       | 443/2000 [1:06:31<3:48:18,  8.80s/it]Best trial: 381. Best value: 6572.73:  22%|██▏       | 444/2000 [1:06:31<3:51:16,  8.92s/it]                                                                                            Best trial: 381. Best value: 6572.73:  22%|██▏       | 444/2000 [1:06:41<3:51:16,  8.92s/it]Best trial: 381. Best value: 6572.73:  22%|██▏       | 444/2000 [1:06:41<3:51:16,  8.92s/it]Best trial: 381. Best value: 6572.73:  22%|██▏       | 445/2000 [1:06:41<3:54:45,  9.06s/it]                                                                                            Best trial: 381. Best value: 6572.73:  22%|██▏       | 445/2000 [1:06:50<3:54:45,  9.06s/it]Best trial: 381. Best value: 6572.73:  22%|██▏       | 445/2000 [1:06:50<3:54:45,  9.06s/it]Best trial: 381. Best value: 6572.73:  22%|██▏       | 446/2000 [1:06:50<3:56:00,  9.11s/it]                                                                                            Best trial: 381. Best value: 6572.73:  22%|██▏       | 446/2000 [1:06:59<3:56:00,  9.11s/it]Best trial: 381. Best value: 6572.73:  22%|██▏       | 446/2000 [1:06:59<3:56:00,  9.11s/it]Best trial: 381. Best value: 6572.73:  22%|██▏       | 447/2000 [1:06:59<3:57:58,  9.19s/it]                                                                                            Best trial: 381. Best value: 6572.73:  22%|██▏       | 447/2000 [1:07:08<3:57:58,  9.19s/it]Best trial: 381. Best value: 6572.73:  22%|██▏       | 447/2000 [1:07:08<3:57:58,  9.19s/it]Best trial: 381. Best value: 6572.73:  22%|██▏       | 448/2000 [1:07:08<3:58:06,  9.21s/it]                                                                                            Best trial: 381. Best value: 6572.73:  22%|██▏       | 448/2000 [1:07:18<3:58:06,  9.21s/it]Best trial: 381. Best value: 6572.73:  22%|██▏       | 448/2000 [1:07:18<3:58:06,  9.21s/it]Best trial: 381. Best value: 6572.73:  22%|██▏       | 449/2000 [1:07:18<3:58:32,  9.23s/it]                                                                                            Best trial: 381. Best value: 6572.73:  22%|██▏       | 449/2000 [1:07:27<3:58:32,  9.23s/it]Best trial: 381. Best value: 6572.73:  22%|██▏       | 449/2000 [1:07:27<3:58:32,  9.23s/it]Best trial: 381. Best value: 6572.73:  22%|██▎       | 450/2000 [1:07:27<3:58:34,  9.23s/it]                                                                                            
[I 2026-03-31 22:44:16,764] Trial 436 finished with value: 6673.537963982144 and parameters: {'alpha_0': 0.0012483079306774424, 'alpha_1': 6.295785360577738e-05, 'alpha_2': 5.140499492929724e-05, 'beta_0': 0.06484891080281213, 'beta_1': 7.691402981665801, 'beta_2': 0.18698244324003016, 'beta_3': 0.0007336025020980719, 'beta_4': 6.701954297615047, 'beta_5': 34.39562358603194, 'beta_6': 0.04780195554143885, 'beta_7': 0.016106281257103006, 'beta_8': 1.6779937403806183e-05, 'beta_9': 8.922391138997934e-07}. Best is trial 381 with value: 6572.730744725488.
[I 2026-03-31 22:44:26,005] Trial 437 finished with value: 7080.901523105755 and parameters: {'alpha_0': 0.0011518978334507275, 'alpha_1': 6.903096280956083e-05, 'alpha_2': 4.6121228869349526e-05, 'beta_0': 0.05014049532247559, 'beta_1': 6.398034905108938, 'beta_2': 0.18902309529051173, 'beta_3': 0.0008047815369662196, 'beta_4': 5.535109505140652, 'beta_5': 45.07148715870191, 'beta_6': 0.04565308575863744, 'beta_7': 0.01559887750277879, 'beta_8': 1.844010983413229e-05, 'beta_9': 7.746940588852322e-07}. Best is trial 381 with value: 6572.730744725488.
[I 2026-03-31 22:44:35,262] Trial 438 finished with value: 6636.392685246371 and parameters: {'alpha_0': 0.0009453900988046125, 'alpha_1': 6.492239559762409e-05, 'alpha_2': 4.8554629672229007e-05, 'beta_0': 0.05732404530396135, 'beta_1': 6.907438130656786, 'beta_2': 0.19249916736630346, 'beta_3': 0.0007545233396699793, 'beta_4': 3.3878967689180484, 'beta_5': 36.4517910245944, 'beta_6': 0.042554412145455286, 'beta_7': 0.016005863457366442, 'beta_8': 1.7541611617813094e-05, 'beta_9': 8.668202492463463e-07}. Best is trial 381 with value: 6572.730744725488.
