[I 2026-03-31 22:35:03,290] Trial 375 finished with value: 6614.293538136819 and parameters: {'alpha_0': 0.001140447557201433, 'alpha_1': 6.268383293965244e-05, 'alpha_2': 4.942577493585966e-05, 'beta_0': 0.06756261359945147, 'beta_1': 8.429189236611553, 'beta_2': 0.1814876440973948, 'beta_3': 0.000753608392745748, 'beta_4': 6.036576360224811, 'beta_5': 37.02712354325286, 'beta_6': 0.04384596405177855, 'beta_7': 0.01590588776528275, 'beta_8': 1.716833718694952e-05, 'beta_9': 8.588697248397867e-07}. Best is trial 304 with value: 6580.791546252956.Best trial: 304. Best value: 6580.79:  19%|█▉        | 375/2000 [56:18<4:11:40,  9.29s/it]Best trial: 304. Best value: 6580.79:  19%|█▉        | 375/2000 [56:18<4:11:40,  9.29s/it]Best trial: 304. Best value: 6580.79:  19%|█▉        | 376/2000 [56:18<4:11:34,  9.29s/it]                                                                                          Best trial: 304. Best value: 6580.79:  19%|█▉        | 376/2000 [56:27<4:11:34,  9.29s/it]Best trial: 304. Best value: 6580.79:  19%|█▉        | 376/2000 [56:27<4:11:34,  9.29s/it]Best trial: 304. Best value: 6580.79:  19%|█▉        | 377/2000 [56:27<4:10:30,  9.26s/it]                                                                                          Best trial: 304. Best value: 6580.79:  19%|█▉        | 377/2000 [56:37<4:10:30,  9.26s/it]Best trial: 304. Best value: 6580.79:  19%|█▉        | 377/2000 [56:37<4:10:30,  9.26s/it]Best trial: 304. Best value: 6580.79:  19%|█▉        | 378/2000 [56:37<4:12:03,  9.32s/it]                                                                                          Best trial: 304. Best value: 6580.79:  19%|█▉        | 378/2000 [56:46<4:12:03,  9.32s/it]Best trial: 304. Best value: 6580.79:  19%|█▉        | 378/2000 [56:46<4:12:03,  9.32s/it]Best trial: 304. Best value: 6580.79:  19%|█▉        | 379/2000 [56:46<4:11:53,  9.32s/it]                                                                                          Best trial: 304. Best value: 6580.79:  19%|█▉        | 379/2000 [56:55<4:11:53,  9.32s/it]Best trial: 304. Best value: 6580.79:  19%|█▉        | 379/2000 [56:55<4:11:53,  9.32s/it]Best trial: 304. Best value: 6580.79:  19%|█▉        | 380/2000 [56:55<4:11:17,  9.31s/it]                                                                                          Best trial: 304. Best value: 6580.79:  19%|█▉        | 380/2000 [57:05<4:11:17,  9.31s/it]Best trial: 304. Best value: 6580.79:  19%|█▉        | 380/2000 [57:05<4:11:17,  9.31s/it]Best trial: 304. Best value: 6580.79:  19%|█▉        | 381/2000 [57:05<4:12:11,  9.35s/it]                                                                                          Best trial: 304. Best value: 6580.79:  19%|█▉        | 381/2000 [57:14<4:12:11,  9.35s/it]Best trial: 381. Best value: 6572.73:  19%|█▉        | 381/2000 [57:14<4:12:11,  9.35s/it]Best trial: 381. Best value: 6572.73:  19%|█▉        | 382/2000 [57:14<4:10:58,  9.31s/it]                                                                                          Best trial: 381. Best value: 6572.73:  19%|█▉        | 382/2000 [57:16<4:10:58,  9.31s/it]Best trial: 381. Best value: 6572.73:  19%|█▉        | 382/2000 [57:16<4:10:58,  9.31s/it]Best trial: 381. Best value: 6572.73:  19%|█▉        | 383/2000 [57:16<3:07:14,  6.95s/it]                                                                                          Best trial: 381. Best value: 6572.73:  19%|█▉        | 383/2000 [57:25<3:07:14,  6.95s/it]Best trial: 381. Best value: 6572.73:  19%|█▉        | 383/2000 [57:25<3:07:14,  6.95s/it]Best trial: 381. Best value: 6572.73:  19%|█▉        | 384/2000 [57:25<3:26:33,  7.67s/it]                                                                                          Best trial: 381. Best value: 6572.73:  19%|█▉        | 384/2000 [57:34<3:26:33,  7.67s/it]Best trial: 381. Best value: 6572.73:  19%|█▉        | 384/2000 [57:34<3:26:33,  7.67s/it]Best trial: 381. Best value: 6572.73:  19%|█▉        | 385/2000 [57:34<3:39:52,  8.17s/it]                                                                                          Best trial: 381. Best value: 6572.73:  19%|█▉        | 385/2000 [57:44<3:39:52,  8.17s/it]Best trial: 381. Best value: 6572.73:  19%|█▉        | 385/2000 [57:44<3:39:52,  8.17s/it]Best trial: 381. Best value: 6572.73:  19%|█▉        | 386/2000 [57:44<3:50:13,  8.56s/it]                                                                                          Best trial: 381. Best value: 6572.73:  19%|█▉        | 386/2000 [57:53<3:50:13,  8.56s/it]Best trial: 381. Best value: 6572.73:  19%|█▉        | 386/2000 [57:53<3:50:13,  8.56s/it]Best trial: 381. Best value: 6572.73:  19%|█▉        | 387/2000 [57:53<3:57:01,  8.82s/it]                                                                                          Best trial: 381. Best value: 6572.73:  19%|█▉        | 387/2000 [58:02<3:57:01,  8.82s/it]Best trial: 381. Best value: 6572.73:  19%|█▉        | 387/2000 [58:02<3:57:01,  8.82s/it]Best trial: 381. Best value: 6572.73:  19%|█▉        | 388/2000 [58:02<4:00:46,  8.96s/it]                                                                                          Best trial: 381. Best value: 6572.73:  19%|█▉        | 388/2000 [58:12<4:00:46,  8.96s/it]Best trial: 381. Best value: 6572.73:  19%|█▉        | 388/2000 [58:12<4:00:46,  8.96s/it]Best trial: 381. Best value: 6572.73:  19%|█▉        | 389/2000 [58:12<4:03:12,  9.06s/it]                                                                                          Best trial: 381. Best value: 6572.73:  19%|█▉        | 389/2000 [58:21<4:03:12,  9.06s/it]Best trial: 381. Best value: 6572.73:  19%|█▉        | 389/2000 [58:21<4:03:12,  9.06s/it]Best trial: 381. Best value: 6572.73:  20%|█▉        | 390/2000 [58:21<4:04:53,  9.13s/it]                                                                                          
[I 2026-03-31 22:35:12,473] Trial 376 finished with value: 6656.110537762799 and parameters: {'alpha_0': 0.0012318247921082619, 'alpha_1': 6.709971761451702e-05, 'alpha_2': 4.917550732772954e-05, 'beta_0': 0.07434131484087664, 'beta_1': 7.716354155083429, 'beta_2': 0.1811867846325967, 'beta_3': 0.0007546359003020241, 'beta_4': 5.8330205052752095, 'beta_5': 37.25090896758186, 'beta_6': 0.04401165687632674, 'beta_7': 0.015905350304889456, 'beta_8': 1.7173275575794012e-05, 'beta_9': 8.502088035742555e-07}. Best is trial 304 with value: 6580.791546252956.
[I 2026-03-31 22:35:21,944] Trial 377 finished with value: 7536.245327237297 and parameters: {'alpha_0': 0.0011431171700080594, 'alpha_1': 6.995081024207801e-05, 'alpha_2': 5.029028360258496e-05, 'beta_0': 0.07187163988727852, 'beta_1': 8.362882927225632, 'beta_2': 0.18063527247997235, 'beta_3': 0.0007503198278752729, 'beta_4': 6.026649967380309, 'beta_5': 37.22802486846971, 'beta_6': 0.04363451133857522, 'beta_7': 0.0151959030192638, 'beta_8': 1.7018764770712004e-05, 'beta_9': 8.191284351349986e-07}. Best is trial 304 with value: 6580.791546252956.
[I 2026-03-31 22:35:31,266] Trial 378 finished with value: 7172.571958316676 and parameters: {'alpha_0': 0.0012211474246826763, 'alpha_1': 6.746680743044876e-05, 'alpha_2': 4.849774533389658e-05, 'beta_0': 0.06613763825364449, 'beta_1': 7.775268962363714, 'beta_2': 0.17700101439191535, 'beta_3': 0.0007691509546136658, 'beta_4': 3.118732448396446, 'beta_5': 37.44396274789767, 'beta_6': 0.04382635243522946, 'beta_7': 0.015694300136324318, 'beta_8': 1.659763546424042e-05, 'beta_9': 8.37464725738595e-07}. Best is trial 304 with value: 6580.791546252956.
[I 2026-03-31 22:35:40,535] Trial 379 finished with value: 6667.661341158322 and parameters: {'alpha_0': 0.0011669209988639593, 'alpha_1': 6.603584261263564e-05, 'alpha_2': 5.494212961068452e-05, 'beta_0': 0.07549558198446799, 'beta_1': 7.466832548567907, 'beta_2': 0.173600078013992, 'beta_3': 0.000753300477836788, 'beta_4': 6.1269738933024245, 'beta_5': 37.76793005543249, 'beta_6': 0.0432530555585075, 'beta_7': 0.015882898883236404, 'beta_8': 2.39636997959116e-05, 'beta_9': 8.499748877462302e-07}. Best is trial 304 with value: 6580.791546252956.
[I 2026-03-31 22:35:49,972] Trial 380 finished with value: 7214.958445352937 and parameters: {'alpha_0': 0.0011056017182448311, 'alpha_1': 6.308368644051736e-05, 'alpha_2': 4.886354525270863e-05, 'beta_0': 0.07112133299753969, 'beta_1': 8.5516190504299, 'beta_2': 0.18184737087062097, 'beta_3': 0.0007254266108529869, 'beta_4': 5.769987665723576, 'beta_5': 38.31546275771998, 'beta_6': 0.04453691996201264, 'beta_7': 0.01552465772495137, 'beta_8': 1.737828106832122e-05, 'beta_9': 7.921478282358949e-07}. Best is trial 304 with value: 6580.791546252956.
[I 2026-03-31 22:35:59,188] Trial 381 finished with value: 6572.730744725488 and parameters: {'alpha_0': 0.001143903864302723, 'alpha_1': 6.954656660227787e-05, 'alpha_2': 4.992138506453527e-05, 'beta_0': 0.06681272977039762, 'beta_1': 7.642938343771987, 'beta_2': 0.17958983907575937, 'beta_3': 0.0007873921717528741, 'beta_4': 6.01341722491596, 'beta_5': 36.308357043486716, 'beta_6': 0.042053032767202896, 'beta_7': 0.01598345064725411, 'beta_8': 1.567409734899426e-05, 'beta_9': 8.605295698354924e-07}. Best is trial 381 with value: 6572.730744725488.
[I 2026-03-31 22:36:00,631] Trial 382 finished with value: inf and parameters: {'alpha_0': 0.0010658532009682898, 'alpha_1': 6.965966509515136e-05, 'alpha_2': 5.282828177257408e-05, 'beta_0': 0.06808162222108961, 'beta_1': 7.98395557834982, 'beta_2': 0.17797359501654375, 'beta_3': 0.0008037631554398461, 'beta_4': 5.981599907066281, 'beta_5': 36.731310626071526, 'beta_6': 0.04232258576988157, 'beta_7': 0.029031397231003155, 'beta_8': 1.53049410898992e-05, 'beta_9': 8.583179928481077e-07}. Best is trial 381 with value: 6572.730744725488.
[I 2026-03-31 22:36:09,984] Trial 383 finished with value: 6828.532324759322 and parameters: {'alpha_0': 0.0011966743368256477, 'alpha_1': 6.747073709205185e-05, 'alpha_2': 5.171720096365512e-05, 'beta_0': 0.07406715245609022, 'beta_1': 7.700015153948966, 'beta_2': 0.17955731717629692, 'beta_3': 0.0007843178599788638, 'beta_4': 5.874195314340423, 'beta_5': 36.11479133680284, 'beta_6': 0.04068667720434278, 'beta_7': 0.01645209288332367, 'beta_8': 1.6147223705652723e-05, 'beta_9': 8.662293933479433e-07}. Best is trial 381 with value: 6572.730744725488.
[I 2026-03-31 22:36:19,319] Trial 384 finished with value: 6681.074641946697 and parameters: {'alpha_0': 0.0011141994858862338, 'alpha_1': 6.973900959357995e-05, 'alpha_2': 4.981376672576205e-05, 'beta_0': 0.06744495970936483, 'beta_1': 7.229879500546376, 'beta_2': 0.181952855373269, 'beta_3': 0.0008105251522041203, 'beta_4': 6.037268069701109, 'beta_5': 35.78832745841165, 'beta_6': 0.04244545976259134, 'beta_7': 0.01605535805864937, 'beta_8': 2.5754059029287237e-05, 'beta_9': 1.285323876637948e-06}. Best is trial 381 with value: 6572.730744725488.
[I 2026-03-31 22:36:28,786] Trial 385 finished with value: 7485.894139237046 and parameters: {'alpha_0': 0.0011413920864967852, 'alpha_1': 6.546098422034411e-05, 'alpha_2': 5.55245069604789e-05, 'beta_0': 0.0647574360258629, 'beta_1': 8.78592889819026, 'beta_2': 0.18394599736205802, 'beta_3': 0.0007806709928028562, 'beta_4': 5.840128555545021, 'beta_5': 36.794043108943704, 'beta_6': 0.043582687057319866, 'beta_7': 0.015290617975325035, 'beta_8': 1.5602047916135473e-05, 'beta_9': 8.020848500965606e-07}. Best is trial 381 with value: 6572.730744725488.
[I 2026-03-31 22:36:38,206] Trial 386 finished with value: 6818.229471358407 and parameters: {'alpha_0': 0.0010675048168527115, 'alpha_1': 6.277910403339239e-05, 'alpha_2': 4.822369415979095e-05, 'beta_0': 0.07749085005266866, 'beta_1': 7.601090088910038, 'beta_2': 0.17547725224010724, 'beta_3': 0.0007404952927286524, 'beta_4': 6.233741091571389, 'beta_5': 35.22172646349459, 'beta_6': 0.04002461013179133, 'beta_7': 0.015739511930506395, 'beta_8': 1.6533268910178277e-05, 'beta_9': 8.927074256327104e-07}. Best is trial 381 with value: 6572.730744725488.
[I 2026-03-31 22:36:47,506] Trial 387 finished with value: 7246.861240286351 and parameters: {'alpha_0': 0.0012360974123603872, 'alpha_1': 0.0001236494950194672, 'alpha_2': 4.927726665295966e-05, 'beta_0': 0.07245697502833191, 'beta_1': 8.023367902624262, 'beta_2': 0.18098743176607907, 'beta_3': 0.0007702858737384718, 'beta_4': 5.716669236097244, 'beta_5': 37.58927002232015, 'beta_6': 0.043008076809198284, 'beta_7': 0.016928577468213038, 'beta_8': 1.7216823792578592e-05, 'beta_9': 8.248304636048774e-07}. Best is trial 381 with value: 6572.730744725488.
[I 2026-03-31 22:36:56,789] Trial 388 finished with value: 6717.388962485224 and parameters: {'alpha_0': 0.0011035805705643044, 'alpha_1': 6.781893324995584e-05, 'alpha_2': 5.168278004493312e-05, 'beta_0': 0.06850324047946593, 'beta_1': 6.990126770285934, 'beta_2': 0.15003755541948913, 'beta_3': 0.0007153048800669367, 'beta_4': 6.118522159872077, 'beta_5': 36.59857474408436, 'beta_6': 0.04414028193102102, 'beta_7': 0.016316495346712197, 'beta_8': 1.790278097742613e-05, 'beta_9': 8.618141542194828e-07}. Best is trial 381 with value: 6572.730744725488.
[I 2026-03-31 22:37:06,075] Trial 389 finished with value: 6617.133032598673 and parameters: {'alpha_0': 0.001178330731821418, 'alpha_1': 6.421140312394589e-05, 'alpha_2': 4.671465427022671e-05, 'beta_0': 0.06274300905826508, 'beta_1': 6.793751403853149, 'beta_2': 0.18258243454798184, 'beta_3': 0.000792943282675606, 'beta_4': 5.948944643046, 'beta_5': 38.1232057114524, 'beta_6': 0.04185796626602445, 'beta_7': 0.016017099906338737, 'beta_8': 1.623996740930591e-05, 'beta_9': 8.854828406937278e-07}. Best is trial 381 with value: 6572.730744725488.
[I 2026-03-31 22:37:15,445] Trial 390 finished with value: inf and parameters: {'alpha_0': 0.0010445734639649327, 'alpha_1': 6.346176566530024e-05, 'alpha_2': 4.695495330183052e-05, 'beta_0': 0.0630165386584087, 'beta_1': 6.550093238469091, 'beta_2': 0.18719291153581225, 'beta_3': 0.0008175874998185729, 'beta_4': 5.938102116333078, 'beta_5': 36.16966354559452, 'beta_6': 0.04161391151010367, 'beta_7': 0.01920742643699074, 'beta_8': 1.4370771557799253e-05, 'beta_9': 8.819013435375023e-07}. Best is trial 381 with value: 6572.730744725488.Best trial: 381. Best value: 6572.73:  20%|█▉        | 390/2000 [58:30<4:04:53,  9.13s/it]Best trial: 381. Best value: 6572.73:  20%|█▉        | 390/2000 [58:30<4:04:53,  9.13s/it]Best trial: 381. Best value: 6572.73:  20%|█▉        | 391/2000 [58:30<4:06:42,  9.20s/it]                                                                                          Best trial: 381. Best value: 6572.73:  20%|█▉        | 391/2000 [58:40<4:06:42,  9.20s/it]Best trial: 381. Best value: 6572.73:  20%|█▉        | 391/2000 [58:40<4:06:42,  9.20s/it]Best trial: 381. Best value: 6572.73:  20%|█▉        | 392/2000 [58:40<4:07:14,  9.23s/it]                                                                                          Best trial: 381. Best value: 6572.73:  20%|█▉        | 392/2000 [58:49<4:07:14,  9.23s/it]Best trial: 381. Best value: 6572.73:  20%|█▉        | 392/2000 [58:49<4:07:14,  9.23s/it]Best trial: 381. Best value: 6572.73:  20%|█▉        | 393/2000 [58:49<4:06:43,  9.21s/it]                                                                                          Best trial: 381. Best value: 6572.73:  20%|█▉        | 393/2000 [58:58<4:06:43,  9.21s/it]Best trial: 381. Best value: 6572.73:  20%|█▉        | 393/2000 [58:58<4:06:43,  9.21s/it]Best trial: 381. Best value: 6572.73:  20%|█▉        | 394/2000 [58:58<4:06:59,  9.23s/it]                                                                                          Best trial: 381. Best value: 6572.73:  20%|█▉        | 394/2000 [59:07<4:06:59,  9.23s/it]Best trial: 381. Best value: 6572.73:  20%|█▉        | 394/2000 [59:07<4:06:59,  9.23s/it]Best trial: 381. Best value: 6572.73:  20%|█▉        | 395/2000 [59:07<4:07:36,  9.26s/it]                                                                                          Best trial: 381. Best value: 6572.73:  20%|█▉        | 395/2000 [59:17<4:07:36,  9.26s/it]Best trial: 381. Best value: 6572.73:  20%|█▉        | 395/2000 [59:17<4:07:36,  9.26s/it]Best trial: 381. Best value: 6572.73:  20%|█▉        | 396/2000 [59:17<4:09:13,  9.32s/it]                                                                                          Best trial: 381. Best value: 6572.73:  20%|█▉        | 396/2000 [59:26<4:09:13,  9.32s/it]Best trial: 381. Best value: 6572.73:  20%|█▉        | 396/2000 [59:26<4:09:13,  9.32s/it]Best trial: 381. Best value: 6572.73:  20%|█▉        | 397/2000 [59:26<4:08:47,  9.31s/it]                                                                                          Best trial: 381. Best value: 6572.73:  20%|█▉        | 397/2000 [59:35<4:08:47,  9.31s/it]Best trial: 381. Best value: 6572.73:  20%|█▉        | 397/2000 [59:35<4:08:47,  9.31s/it]Best trial: 381. Best value: 6572.73:  20%|█▉        | 398/2000 [59:35<4:07:51,  9.28s/it]                                                                                          Best trial: 381. Best value: 6572.73:  20%|█▉        | 398/2000 [59:45<4:07:51,  9.28s/it]Best trial: 381. Best value: 6572.73:  20%|█▉        | 398/2000 [59:45<4:07:51,  9.28s/it]Best trial: 381. Best value: 6572.73:  20%|█▉        | 399/2000 [59:45<4:08:06,  9.30s/it]                                                                                          Best trial: 381. Best value: 6572.73:  20%|█▉        | 399/2000 [59:54<4:08:06,  9.30s/it]Best trial: 381. Best value: 6572.73:  20%|█▉        | 399/2000 [59:54<4:08:06,  9.30s/it]Best trial: 381. Best value: 6572.73:  20%|██        | 400/2000 [59:54<4:08:42,  9.33s/it]                                                                                          Best trial: 381. Best value: 6572.73:  20%|██        | 400/2000 [1:00:04<4:08:42,  9.33s/it]Best trial: 381. Best value: 6572.73:  20%|██        | 400/2000 [1:00:04<4:08:42,  9.33s/it]Best trial: 381. Best value: 6572.73:  20%|██        | 401/2000 [1:00:04<4:08:54,  9.34s/it]                                                                                            Best trial: 381. Best value: 6572.73:  20%|██        | 401/2000 [1:00:13<4:08:54,  9.34s/it]Best trial: 381. Best value: 6572.73:  20%|██        | 401/2000 [1:00:13<4:08:54,  9.34s/it]Best trial: 381. Best value: 6572.73:  20%|██        | 402/2000 [1:00:13<4:08:03,  9.31s/it]                                                                                            Best trial: 381. Best value: 6572.73:  20%|██        | 402/2000 [1:00:22<4:08:03,  9.31s/it]Best trial: 381. Best value: 6572.73:  20%|██        | 402/2000 [1:00:22<4:08:03,  9.31s/it]Best trial: 381. Best value: 6572.73:  20%|██        | 403/2000 [1:00:22<4:09:33,  9.38s/it]                                                                                            Best trial: 381. Best value: 6572.73:  20%|██        | 403/2000 [1:00:24<4:09:33,  9.38s/it]Best trial: 381. Best value: 6572.73:  20%|██        | 403/2000 [1:00:24<4:09:33,  9.38s/it]Best trial: 381. Best value: 6572.73:  20%|██        | 404/2000 [1:00:24<3:08:57,  7.10s/it]                                                                                            Best trial: 381. Best value: 6572.73:  20%|██        | 404/2000 [1:00:33<3:08:57,  7.10s/it]Best trial: 381. Best value: 6572.73:  20%|██        | 404/2000 [1:00:33<3:08:57,  7.10s/it]Best trial: 381. Best value: 6572.73:  20%|██        | 405/2000 [1:00:33<3:26:52,  7.78s/it]                                                                                            
[I 2026-03-31 22:37:24,730] Trial 391 finished with value: 6742.373612760705 and parameters: {'alpha_0': 0.0011738989406793225, 'alpha_1': 6.194532598615104e-05, 'alpha_2': 4.7248305444630166e-05, 'beta_0': 0.05690971757911836, 'beta_1': 6.84763574588193, 'beta_2': 0.18439645127219786, 'beta_3': 0.0007957236944458078, 'beta_4': 5.467773597334538, 'beta_5': 37.50139028461366, 'beta_6': 0.04121568910898451, 'beta_7': 0.016299671708441096, 'beta_8': 1.5800419445787098e-05, 'beta_9': 8.987194247478452e-07}. Best is trial 381 with value: 6572.730744725488.
[I 2026-03-31 22:37:33,910] Trial 392 finished with value: 7037.0511878887355 and parameters: {'alpha_0': 0.0015245525482939512, 'alpha_1': 6.391992061324029e-05, 'alpha_2': 4.599510241291891e-05, 'beta_0': 0.05008475722299011, 'beta_1': 7.186601707892752, 'beta_2': 0.18635055782184293, 'beta_3': 0.0007902938891010512, 'beta_4': 3.0213233999581326, 'beta_5': 35.274042940101225, 'beta_6': 0.041841363026343406, 'beta_7': 0.016686773612391907, 'beta_8': 1.6234010991962058e-05, 'beta_9': 9.220561184107259e-07}. Best is trial 381 with value: 6572.730744725488.
[I 2026-03-31 22:37:43,174] Trial 393 finished with value: 6720.433937695039 and parameters: {'alpha_0': 0.0011318187850051392, 'alpha_1': 6.580991629060564e-05, 'alpha_2': 5.0315589783777394e-05, 'beta_0': 0.06322396218966309, 'beta_1': 7.389757907674077, 'beta_2': 0.18389571577758237, 'beta_3': 0.0008063801104718308, 'beta_4': 6.048032079605908, 'beta_5': 38.3814179268735, 'beta_6': 0.04000359728638997, 'beta_7': 0.016099558212145874, 'beta_8': 2.4969781639621677e-05, 'beta_9': 8.880009449414393e-07}. Best is trial 381 with value: 6572.730744725488.
