[I 2026-03-31 23:32:17,576] Trial 754 finished with value: 6793.4804089354175 and parameters: {'alpha_0': 0.0007158049390156138, 'alpha_1': 5.2040688782005135e-05, 'alpha_2': 4.0047061450358424e-05, 'beta_0': 0.07709235584216276, 'beta_1': 5.928566883585199, 'beta_2': 0.2434647690729448, 'beta_3': 0.0009693581799047523, 'beta_4': 6.57751944056315, 'beta_5': 34.1055624984193, 'beta_6': 0.04369006466723849, 'beta_7': 0.015510192975438031, 'beta_8': 3.94706040820472e-05, 'beta_9': 7.751349716552133e-07}. Best is trial 691 with value: 6538.461030825155.
[I 2026-03-31 23:32:26,888] Trial 755 finished with value: 7048.393987558344 and parameters: {'alpha_0': 0.0005799323478225301, 'alpha_1': 5.0018900965162916e-05, 'alpha_2': 4.3308617240325243e-05, 'beta_0': 0.09229241158010662, 'beta_1': 6.2426744532001806, 'beta_2': 0.20900204823295576, 'beta_3': 0.0010863776129478404, 'beta_4': 6.477548876558714, 'beta_5': 32.90895802053216, 'beta_6': 0.04005773049804778, 'beta_7': 0.015266955717222891, 'beta_8': 3.999523663301675e-05, 'beta_9': 7.052202114405377e-07}. Best is trial 691 with value: 6538.461030825155.
[I 2026-03-31 23:32:36,176] Trial 756 finished with value: 6592.697179273291 and parameters: {'alpha_0': 0.000758979723355316, 'alpha_1': 5.437207011560064e-05, 'alpha_2': 4.214260670890973e-05, 'beta_0': 0.08184737890549584, 'beta_1': 5.2541325151752645, 'beta_2': 0.20531835900596307, 'beta_3': 0.000939568537189289, 'beta_4': 6.299200652170067, 'beta_5': 33.79175401915122, 'beta_6': 0.04109501264040238, 'beta_7': 0.0157686714552794, 'beta_8': 3.8911448100917816e-05, 'beta_9': 6.327972581816618e-07}. Best is trial 691 with value: 6538.461030825155.
[I 2026-03-31 23:32:45,498] Trial 757 finished with value: 6825.254546069158 and parameters: {'alpha_0': 0.0006877456233788234, 'alpha_1': 5.3404278781847066e-05, 'alpha_2': 4.358152075217399e-05, 'beta_0': 0.09789025947783939, 'beta_1': 5.593024689037762, 'beta_2': 0.2121179849839066, 'beta_3': 0.0010224961787562924, 'beta_4': 6.669792547215314, 'beta_5': 32.41958706128341, 'beta_6': 0.0432747248565695, 'beta_7': 0.01614956992204562, 'beta_8': 3.7549438437922784e-05, 'beta_9': 7.332177441395247e-07}. Best is trial 691 with value: 6538.461030825155.
[I 2026-03-31 23:32:54,767] Trial 758 finished with value: 7132.553115949463 and parameters: {'alpha_0': 0.0005388426758191052, 'alpha_1': 0.00012248169362078794, 'alpha_2': 4.1499542606991365e-05, 'beta_0': 0.08463962676550278, 'beta_1': 6.522319841452135, 'beta_2': 0.20336028174025572, 'beta_3': 0.0009893778820398037, 'beta_4': 6.178425834495416, 'beta_5': 31.526852199505818, 'beta_6': 0.04182553937775313, 'beta_7': 0.016376732092234815, 'beta_8': 3.8481737356580626e-05, 'beta_9': 5.744631531841912e-07}. Best is trial 691 with value: 6538.461030825155.
[I 2026-03-31 23:33:04,082] Trial 759 finished with value: 6597.014981795401 and parameters: {'alpha_0': 0.0006351879241883086, 'alpha_1': 5.2026150221371536e-05, 'alpha_2': 9.994225114302903e-05, 'beta_0': 0.10293757286014454, 'beta_1': 6.036219525794753, 'beta_2': 0.20700399197489872, 'beta_3': 0.0010611322975884988, 'beta_4': 6.39079838300796, 'beta_5': 33.307291288665404, 'beta_6': 0.04104535049254927, 'beta_7': 0.015607915104343386, 'beta_8': 3.937945428404235e-05, 'beta_9': 6.68771098882616e-07}. Best is trial 691 with value: 6538.461030825155.
[I 2026-03-31 23:33:05,590] Trial 760 finished with value: inf and parameters: {'alpha_0': 0.0006039593204534262, 'alpha_1': 5.6605828426723844e-05, 'alpha_2': 4.0050321727406446e-05, 'beta_0': 0.09123415873244015, 'beta_1': 5.016055732029648, 'beta_2': 0.20975626581308582, 'beta_3': 0.0009209656340582397, 'beta_4': 7.028742001867132, 'beta_5': 32.04505182404337, 'beta_6': 0.04272359841030939, 'beta_7': 0.026106200235644996, 'beta_8': 3.7963791072651215e-05, 'beta_9': 6.922709463559269e-07}. Best is trial 691 with value: 6538.461030825155.
[I 2026-03-31 23:33:14,857] Trial 761 finished with value: 6679.825980070362 and parameters: {'alpha_0': 0.0006700172309121881, 'alpha_1': 5.5163684003317555e-05, 'alpha_2': 4.415611352943169e-05, 'beta_0': 0.07805627954830162, 'beta_1': 5.50793197275472, 'beta_2': 0.20046025893078304, 'beta_3': 0.000891598746784545, 'beta_4': 6.5090173181164666, 'beta_5': 30.769338533323936, 'beta_6': 0.04117363017148475, 'beta_7': 0.01596595621777556, 'beta_8': 3.6856468016918136e-05, 'beta_9': 7.748827358326503e-07}. Best is trial 691 with value: 6538.461030825155.
[I 2026-03-31 23:33:24,223] Trial 762 finished with value: 7077.86970846168 and parameters: {'alpha_0': 0.0007119783029092854, 'alpha_1': 5.226176207142808e-05, 'alpha_2': 4.5478526449252356e-05, 'beta_0': 0.08716920444179671, 'beta_1': 6.335421178611628, 'beta_2': 0.21309935132929858, 'beta_3': 0.0009605735121889701, 'beta_4': 6.867125160679797, 'beta_5': 32.80843887837636, 'beta_6': 0.044066963185761684, 'beta_7': 0.015371744790440017, 'beta_8': 3.8763691817612896e-05, 'beta_9': 6.156252856863023e-07}. Best is trial 691 with value: 6538.461030825155.
[I 2026-03-31 23:33:33,566] Trial 763 finished with value: 7260.612139444735 and parameters: {'alpha_0': 0.0005721248824362735, 'alpha_1': 5.4015959522364026e-05, 'alpha_2': 4.225779569909263e-05, 'beta_0': 0.0810927428584652, 'beta_1': 5.832209819096032, 'beta_2': 0.20651334888872172, 'beta_3': 0.0010108261999466437, 'beta_4': 6.267599310172373, 'beta_5': 34.521634587703524, 'beta_6': 0.04220557343005191, 'beta_7': 0.016747785018770882, 'beta_8': 3.9975382676053425e-05, 'beta_9': 7.137692447125785e-07}. Best is trial 691 with value: 6538.461030825155.
[I 2026-03-31 23:33:42,858] Trial 764 finished with value: 6655.497026513707 and parameters: {'alpha_0': 0.0006580318552496417, 'alpha_1': 5.17245062562684e-05, 'alpha_2': 4.2605244053587875e-05, 'beta_0': 0.09447824676939752, 'beta_1': 6.1395747389785145, 'beta_2': 0.20842737128150418, 'beta_3': 0.000943088700554365, 'beta_4': 6.588121490440874, 'beta_5': 33.806688054758666, 'beta_6': 0.06662706650063585, 'beta_7': 0.015706294316301907, 'beta_8': 3.7500579643220754e-05, 'beta_9': 7.531298045269682e-07}. Best is trial 691 with value: 6538.461030825155.
[I 2026-03-31 23:33:52,101] Trial 765 finished with value: 6852.210262591616 and parameters: {'alpha_0': 0.0007375108695104743, 'alpha_1': 0.00010706629627806202, 'alpha_2': 4.148534606898239e-05, 'beta_0': 0.08386233068016072, 'beta_1': 5.6856942041586285, 'beta_2': 0.21509381134588526, 'beta_3': 0.0009921470679576784, 'beta_4': 6.430412745019205, 'beta_5': 32.68291215093062, 'beta_6': 0.043023347157705824, 'beta_7': 0.016086951647857048, 'beta_8': 3.835285202087275e-05, 'beta_9': 6.491645396990707e-07}. Best is trial 691 with value: 6538.461030825155.Best trial: 691. Best value: 6538.46:  38%|███▊      | 765/2000 [1:55:07<3:00:06,  8.75s/it]Best trial: 691. Best value: 6538.46:  38%|███▊      | 765/2000 [1:55:07<3:00:06,  8.75s/it]Best trial: 691. Best value: 6538.46:  38%|███▊      | 766/2000 [1:55:07<3:03:00,  8.90s/it]                                                                                            Best trial: 691. Best value: 6538.46:  38%|███▊      | 766/2000 [1:55:16<3:03:00,  8.90s/it]Best trial: 691. Best value: 6538.46:  38%|███▊      | 766/2000 [1:55:16<3:03:00,  8.90s/it]Best trial: 691. Best value: 6538.46:  38%|███▊      | 767/2000 [1:55:16<3:05:40,  9.04s/it]                                                                                            Best trial: 691. Best value: 6538.46:  38%|███▊      | 767/2000 [1:55:26<3:05:40,  9.04s/it]Best trial: 691. Best value: 6538.46:  38%|███▊      | 767/2000 [1:55:26<3:05:40,  9.04s/it]Best trial: 691. Best value: 6538.46:  38%|███▊      | 768/2000 [1:55:26<3:06:59,  9.11s/it]                                                                                            Best trial: 691. Best value: 6538.46:  38%|███▊      | 768/2000 [1:55:35<3:06:59,  9.11s/it]Best trial: 691. Best value: 6538.46:  38%|███▊      | 768/2000 [1:55:35<3:06:59,  9.11s/it]Best trial: 691. Best value: 6538.46:  38%|███▊      | 769/2000 [1:55:35<3:07:40,  9.15s/it]                                                                                            Best trial: 691. Best value: 6538.46:  38%|███▊      | 769/2000 [1:55:44<3:07:40,  9.15s/it]Best trial: 691. Best value: 6538.46:  38%|███▊      | 769/2000 [1:55:44<3:07:40,  9.15s/it]Best trial: 691. Best value: 6538.46:  38%|███▊      | 770/2000 [1:55:44<3:08:38,  9.20s/it]                                                                                            Best trial: 691. Best value: 6538.46:  38%|███▊      | 770/2000 [1:55:54<3:08:38,  9.20s/it]Best trial: 691. Best value: 6538.46:  38%|███▊      | 770/2000 [1:55:54<3:08:38,  9.20s/it]Best trial: 691. Best value: 6538.46:  39%|███▊      | 771/2000 [1:55:54<3:09:02,  9.23s/it]                                                                                            Best trial: 691. Best value: 6538.46:  39%|███▊      | 771/2000 [1:56:03<3:09:02,  9.23s/it]Best trial: 691. Best value: 6538.46:  39%|███▊      | 771/2000 [1:56:03<3:09:02,  9.23s/it]Best trial: 691. Best value: 6538.46:  39%|███▊      | 772/2000 [1:56:03<3:10:06,  9.29s/it]                                                                                            Best trial: 691. Best value: 6538.46:  39%|███▊      | 772/2000 [1:56:12<3:10:06,  9.29s/it]Best trial: 691. Best value: 6538.46:  39%|███▊      | 772/2000 [1:56:12<3:10:06,  9.29s/it]Best trial: 691. Best value: 6538.46:  39%|███▊      | 773/2000 [1:56:12<3:10:02,  9.29s/it]                                                                                            Best trial: 691. Best value: 6538.46:  39%|███▊      | 773/2000 [1:56:16<3:10:02,  9.29s/it]Best trial: 691. Best value: 6538.46:  39%|███▊      | 773/2000 [1:56:16<3:10:02,  9.29s/it]Best trial: 691. Best value: 6538.46:  39%|███▊      | 774/2000 [1:56:16<2:33:01,  7.49s/it]                                                                                            Best trial: 691. Best value: 6538.46:  39%|███▊      | 774/2000 [1:56:17<2:33:01,  7.49s/it]Best trial: 691. Best value: 6538.46:  39%|███▊      | 774/2000 [1:56:17<2:33:01,  7.49s/it]Best trial: 691. Best value: 6538.46:  39%|███▉      | 775/2000 [1:56:17<1:56:35,  5.71s/it]                                                                                            Best trial: 691. Best value: 6538.46:  39%|███▉      | 775/2000 [1:56:26<1:56:35,  5.71s/it]Best trial: 691. Best value: 6538.46:  39%|███▉      | 775/2000 [1:56:26<1:56:35,  5.71s/it]Best trial: 691. Best value: 6538.46:  39%|███▉      | 776/2000 [1:56:26<2:18:03,  6.77s/it]                                                                                            Best trial: 691. Best value: 6538.46:  39%|███▉      | 776/2000 [1:56:36<2:18:03,  6.77s/it]Best trial: 691. Best value: 6538.46:  39%|███▉      | 776/2000 [1:56:36<2:18:03,  6.77s/it]Best trial: 691. Best value: 6538.46:  39%|███▉      | 777/2000 [1:56:36<2:33:14,  7.52s/it]                                                                                            Best trial: 691. Best value: 6538.46:  39%|███▉      | 777/2000 [1:56:45<2:33:14,  7.52s/it]Best trial: 691. Best value: 6538.46:  39%|███▉      | 777/2000 [1:56:45<2:33:14,  7.52s/it]Best trial: 691. Best value: 6538.46:  39%|███▉      | 778/2000 [1:56:45<2:44:03,  8.06s/it]                                                                                            Best trial: 691. Best value: 6538.46:  39%|███▉      | 778/2000 [1:56:54<2:44:03,  8.06s/it]Best trial: 691. Best value: 6538.46:  39%|███▉      | 778/2000 [1:56:54<2:44:03,  8.06s/it]Best trial: 691. Best value: 6538.46:  39%|███▉      | 779/2000 [1:56:54<2:51:37,  8.43s/it]                                                                                            Best trial: 691. Best value: 6538.46:  39%|███▉      | 779/2000 [1:57:04<2:51:37,  8.43s/it]Best trial: 691. Best value: 6538.46:  39%|███▉      | 779/2000 [1:57:04<2:51:37,  8.43s/it]Best trial: 691. Best value: 6538.46:  39%|███▉      | 780/2000 [1:57:04<2:56:45,  8.69s/it]                                                                                            
[I 2026-03-31 23:34:01,457] Trial 766 finished with value: 7263.514575329693 and parameters: {'alpha_0': 0.0006141083316422251, 'alpha_1': 5.743037603250891e-05, 'alpha_2': 4.527793512354613e-05, 'beta_0': 0.07718210692118156, 'beta_1': 5.957461300037435, 'beta_2': 0.20360029746596425, 'beta_3': 0.0009193279547335626, 'beta_4': 6.684100636987176, 'beta_5': 31.759109836587925, 'beta_6': 0.040972625593912244, 'beta_7': 0.015297309617388967, 'beta_8': 3.920769739596958e-05, 'beta_9': 6.854970701772409e-07}. Best is trial 691 with value: 6538.461030825155.
[I 2026-03-31 23:34:10,730] Trial 767 finished with value: 7009.373574053841 and parameters: {'alpha_0': 0.0006825496313202858, 'alpha_1': 0.0001450124496986523, 'alpha_2': 4.341444176396375e-05, 'beta_0': 0.10036500928667103, 'beta_1': 5.385315658330452, 'beta_2': 0.210794200401606, 'beta_3': 0.0008947844042175467, 'beta_4': 6.332500286630265, 'beta_5': 33.336283008007435, 'beta_6': 0.040079281656344584, 'beta_7': 0.016416168788249922, 'beta_8': 3.882727408737416e-05, 'beta_9': 7.420099404106294e-07}. Best is trial 691 with value: 6538.461030825155.
[I 2026-03-31 23:34:19,973] Trial 768 finished with value: 6651.4502727130075 and parameters: {'alpha_0': 0.0005214417278628146, 'alpha_1': 5.498324064526241e-05, 'alpha_2': 4.136471214588808e-05, 'beta_0': 0.08811633805419171, 'beta_1': 6.299028272458784, 'beta_2': 0.2054131779870555, 'beta_3': 0.001046233491221374, 'beta_4': 6.1791157120772215, 'beta_5': 32.33707536331968, 'beta_6': 0.042051893610305216, 'beta_7': 0.015785968376800026, 'beta_8': 3.805601043082425e-05, 'beta_9': 6.541617045734344e-07}. Best is trial 691 with value: 6538.461030825155.
[I 2026-03-31 23:34:29,301] Trial 769 finished with value: 6700.924100146037 and parameters: {'alpha_0': 0.0006301718609743537, 'alpha_1': 5.187509470351947e-05, 'alpha_2': 4.3054783449451044e-05, 'beta_0': 0.08044872515460338, 'beta_1': 6.102915110005014, 'beta_2': 0.20850190631774296, 'beta_3': 0.0009729370952934607, 'beta_4': 6.528893740854268, 'beta_5': 33.169859177224346, 'beta_6': 0.04340535140682679, 'beta_7': 0.015616121389697785, 'beta_8': 3.947973551629882e-05, 'beta_9': 7.786502710148054e-07}. Best is trial 691 with value: 6538.461030825155.
[I 2026-03-31 23:34:38,594] Trial 770 finished with value: 6721.468208579519 and parameters: {'alpha_0': 0.0007570635355138902, 'alpha_1': 5.340336000609891e-05, 'alpha_2': 4.146433284438506e-05, 'beta_0': 0.09232327462942214, 'beta_1': 6.549891305885912, 'beta_2': 0.2108888883721488, 'beta_3': 0.0009472310166488178, 'beta_4': 6.780682593992804, 'beta_5': 34.26089395495654, 'beta_6': 0.04110837628287449, 'beta_7': 0.01605227523334257, 'beta_8': 3.703281470971089e-05, 'beta_9': 7.122428275598857e-07}. Best is trial 691 with value: 6538.461030825155.
[I 2026-03-31 23:34:48,021] Trial 771 finished with value: 7505.3192335083 and parameters: {'alpha_0': 0.0005957509889086055, 'alpha_1': 5.017988844968633e-05, 'alpha_2': 4.4032987338944355e-05, 'beta_0': 0.07637631508221228, 'beta_1': 5.815105729040936, 'beta_2': 0.20192613979720228, 'beta_3': 0.0010108389761496527, 'beta_4': 6.430732900242669, 'beta_5': 31.438985972581424, 'beta_6': 0.06341127996223268, 'beta_7': 0.015010247668829423, 'beta_8': 3.8466603070571096e-05, 'beta_9': 6.197714092851991e-07}. Best is trial 691 with value: 6538.461030825155.
[I 2026-03-31 23:34:57,324] Trial 772 finished with value: 7036.9594764446465 and parameters: {'alpha_0': 0.0005592328142997929, 'alpha_1': 5.478042797487768e-05, 'alpha_2': 4.002438924839633e-05, 'beta_0': 0.08740111678606427, 'beta_1': 5.210098725375789, 'beta_2': 0.20763563709235833, 'beta_3': 0.0009244949900661803, 'beta_4': 6.270995195742361, 'beta_5': 32.859439008159875, 'beta_6': 0.04213505813993017, 'beta_7': 0.015444202253044857, 'beta_8': 3.907894807774036e-05, 'beta_9': 6.745333146263868e-07}. Best is trial 691 with value: 6538.461030825155.
[I 2026-03-31 23:35:00,605] Trial 773 finished with value: inf and parameters: {'alpha_0': 0.0007092738560419401, 'alpha_1': 5.002566013349183e-05, 'alpha_2': 4.002494212913704e-05, 'beta_0': 0.09660854276239758, 'beta_1': 5.6995905828675655, 'beta_2': 0.2124869429690219, 'beta_3': 0.0010335188129839343, 'beta_4': 6.604893794633048, 'beta_5': 32.1022561346243, 'beta_6': 0.04439478358154943, 'beta_7': 0.023706920529124716, 'beta_8': 3.756901690675537e-05, 'beta_9': 7.095589438427126e-07}. Best is trial 691 with value: 6538.461030825155.
[I 2026-03-31 23:35:02,166] Trial 774 finished with value: inf and parameters: {'alpha_0': 0.0006650956542366153, 'alpha_1': 5.600177181036545e-05, 'alpha_2': 4.267651508170357e-05, 'beta_0': 0.08467426421464594, 'beta_1': 5.485250143913658, 'beta_2': 0.20490418008375805, 'beta_3': 0.000978851164414598, 'beta_4': 6.476939508562495, 'beta_5': 33.76581952994474, 'beta_6': 0.04001765993267383, 'beta_7': 0.028375242968635354, 'beta_8': 3.999719587673448e-05, 'beta_9': 7.839240364705205e-07}. Best is trial 691 with value: 6538.461030825155.
[I 2026-03-31 23:35:11,401] Trial 775 finished with value: 6565.999131521619 and parameters: {'alpha_0': 0.0005003615934704101, 'alpha_1': 5.304541915991558e-05, 'alpha_2': 4.5588239908901906e-05, 'beta_0': 0.09178874578775739, 'beta_1': 5.909672430093203, 'beta_2': 0.2092715069343521, 'beta_3': 0.0009063352918217207, 'beta_4': 6.367071551597436, 'beta_5': 32.613353556181934, 'beta_6': 0.04298475573281229, 'beta_7': 0.015839676074150728, 'beta_8': 3.8290196631874636e-05, 'beta_9': 7.46093086289192e-07}. Best is trial 691 with value: 6538.461030825155.
[I 2026-03-31 23:35:20,668] Trial 776 finished with value: 6797.91222120674 and parameters: {'alpha_0': 0.000531303644146642, 'alpha_1': 5.8001414607083694e-05, 'alpha_2': 4.544343425529578e-05, 'beta_0': 0.08962267212244815, 'beta_1': 6.364448061664844, 'beta_2': 0.21409035188119202, 'beta_3': 0.0008984164646530879, 'beta_4': 6.13162348273937, 'beta_5': 33.5427890445039, 'beta_6': 0.044083273896159576, 'beta_7': 0.016393561488910243, 'beta_8': 3.775990493073516e-05, 'beta_9': 1.8328106287172252e-06}. Best is trial 691 with value: 6538.461030825155.
[I 2026-03-31 23:35:29,977] Trial 777 finished with value: 6738.652381687757 and parameters: {'alpha_0': 0.0005272019703825816, 'alpha_1': 5.706140279657352e-05, 'alpha_2': 4.5152886250806924e-05, 'beta_0': 0.08209637332278588, 'beta_1': 6.071020859017004, 'beta_2': 0.21023638095162106, 'beta_3': 0.0008954374328880055, 'beta_4': 6.321156357099316, 'beta_5': 32.760015374074975, 'beta_6': 0.042965775220410556, 'beta_7': 0.016132492186364086, 'beta_8': 3.926490421729958e-05, 'beta_9': 7.595709808275911e-07}. Best is trial 691 with value: 6538.461030825155.
[I 2026-03-31 23:35:39,294] Trial 778 finished with value: 6678.044573155181 and parameters: {'alpha_0': 0.0005159509641766536, 'alpha_1': 5.3418236261188106e-05, 'alpha_2': 4.414157568532331e-05, 'beta_0': 0.12510803576228696, 'beta_1': 6.2475100386478415, 'beta_2': 0.20598214084795377, 'beta_3': 0.0009152745659034246, 'beta_4': 6.369108633480811, 'beta_5': 33.39279126326388, 'beta_6': 0.04432384917019359, 'beta_7': 0.015936867671307146, 'beta_8': 3.637177764251911e-05, 'beta_9': 6.350821061810511e-07}. Best is trial 691 with value: 6538.461030825155.
[I 2026-03-31 23:35:48,591] Trial 779 finished with value: 7132.323394767869 and parameters: {'alpha_0': 0.0005627226527753675, 'alpha_1': 5.6115131413587356e-05, 'alpha_2': 4.55715699074816e-05, 'beta_0': 0.08510365637172546, 'beta_1': 5.963541926657296, 'beta_2': 0.21643974562965138, 'beta_3': 0.0009313259411462069, 'beta_4': 6.195941912832305, 'beta_5': 34.53271785410948, 'beta_6': 0.04000809189540679, 'beta_7': 0.01666858319254662, 'beta_8': 3.82754543656047e-05, 'beta_9': 6.878506458922879e-07}. Best is trial 691 with value: 6538.461030825155.
