[I 2026-04-01 10:32:38,065] Trial 1744 finished with value: 6776.603850615869 and parameters: {'alpha_0': 0.0006005926709226557, 'alpha_1': 6.132601945413504e-05, 'alpha_2': 5.040341011291629e-05, 'beta_0': 0.0848226649746374, 'beta_1': 6.384301819199505, 'beta_2': 0.20074153622826538, 'beta_3': 0.0010230514772480261, 'beta_4': 7.750854170424565, 'beta_5': 33.34674940647762, 'beta_6': 0.041132115625765575, 'beta_7': 0.01609213339022628, 'beta_8': 3.933640030272194e-05, 'beta_9': 1.2590080326455658e-06}. Best is trial 691 with value: 6538.461030825155.
[I 2026-04-01 10:32:47,436] Trial 1745 finished with value: 6864.785584123022 and parameters: {'alpha_0': 0.0006329073348253928, 'alpha_1': 5.579581973833115e-05, 'alpha_2': 4.982812414013967e-05, 'beta_0': 0.08946075137600555, 'beta_1': 6.232382959814697, 'beta_2': 0.2122512156324112, 'beta_3': 0.0009977628305302606, 'beta_4': 7.709185718369103, 'beta_5': 34.35178742986024, 'beta_6': 0.04270079717742662, 'beta_7': 0.015419007655908248, 'beta_8': 3.997997559787258e-05, 'beta_9': 5.815508355304104e-07}. Best is trial 691 with value: 6538.461030825155.
[I 2026-04-01 10:32:56,712] Trial 1746 finished with value: 7105.775650214595 and parameters: {'alpha_0': 0.0005597404092731002, 'alpha_1': 5.348517306727684e-05, 'alpha_2': 6.621589842793711e-05, 'beta_0': 0.08278593048712699, 'beta_1': 5.79480754040858, 'beta_2': 0.20655192934447913, 'beta_3': 0.001095905138819616, 'beta_4': 6.897902672965932, 'beta_5': 32.687787102377804, 'beta_6': 0.04412368326163022, 'beta_7': 0.016363767495763817, 'beta_8': 3.8482393558047366e-05, 'beta_9': 6.477013061617425e-07}. Best is trial 691 with value: 6538.461030825155.
[I 2026-04-01 10:33:05,899] Trial 1747 finished with value: 6711.9015732157495 and parameters: {'alpha_0': 0.0005963497763232654, 'alpha_1': 5.207259013662713e-05, 'alpha_2': 0.00011080719348124653, 'beta_0': 0.09745709033407779, 'beta_1': 6.084416314917626, 'beta_2': 0.20334308634191578, 'beta_3': 0.0011559698316138932, 'beta_4': 7.855524392757, 'beta_5': 33.823532790878645, 'beta_6': 0.042537792555007954, 'beta_7': 0.015726587976358015, 'beta_8': 3.9430872908462744e-05, 'beta_9': 5.755874475939036e-07}. Best is trial 691 with value: 6538.461030825155.
[I 2026-04-01 10:33:15,116] Trial 1748 finished with value: 6784.467499534034 and parameters: {'alpha_0': 0.0006343239537499511, 'alpha_1': 5.8597887597203894e-05, 'alpha_2': 5.754880908164732e-05, 'beta_0': 0.09181578092828953, 'beta_1': 6.400742267930934, 'beta_2': 0.2089666181211414, 'beta_3': 0.0010642519733641176, 'beta_4': 7.991270468121124, 'beta_5': 34.345486446891705, 'beta_6': 0.04116326124249523, 'beta_7': 0.015948589695146172, 'beta_8': 3.821454829589484e-05, 'beta_9': 6.168555378973986e-07}. Best is trial 691 with value: 6538.461030825155.
[I 2026-04-01 10:33:24,422] Trial 1749 finished with value: 6771.738827238556 and parameters: {'alpha_0': 0.0005361170839279961, 'alpha_1': 5.51029437973862e-05, 'alpha_2': 0.00010779872023730891, 'beta_0': 0.07870723631212485, 'beta_1': 5.546306098834717, 'beta_2': 0.2052847999232997, 'beta_3': 0.0009325584403567814, 'beta_4': 7.7181257027033405, 'beta_5': 33.290462178606994, 'beta_6': 0.07453974878371285, 'beta_7': 0.015544453064570214, 'beta_8': 3.890253626373979e-05, 'beta_9': 1.2253756263463165e-06}. Best is trial 691 with value: 6538.461030825155.
[I 2026-04-01 10:33:33,544] Trial 1750 finished with value: 7136.815173254095 and parameters: {'alpha_0': 0.000571014649024247, 'alpha_1': 5.002416032730488e-05, 'alpha_2': 4.834259247435762e-05, 'beta_0': 0.08630508744252373, 'beta_1': 6.289322024703078, 'beta_2': 0.21062714112224426, 'beta_3': 0.0009807347451390891, 'beta_4': 7.962241027258507, 'beta_5': 32.61021035452478, 'beta_6': 0.044913445098806605, 'beta_7': 0.016588555813849437, 'beta_8': 3.9981535079697315e-05, 'beta_9': 6.556616447154752e-07}. Best is trial 691 with value: 6538.461030825155.
[I 2026-04-01 10:33:42,776] Trial 1751 finished with value: 6766.743100413494 and parameters: {'alpha_0': 0.0006461115347150755, 'alpha_1': 5.3135984408901995e-05, 'alpha_2': 0.00010225645011697716, 'beta_0': 0.09457664307467917, 'beta_1': 5.884593082929054, 'beta_2': 0.2126323124716444, 'beta_3': 0.0009500771628214382, 'beta_4': 7.782975035835984, 'beta_5': 34.43840906240599, 'beta_6': 0.04352980954037294, 'beta_7': 0.01614663104710178, 'beta_8': 3.838746239661568e-05, 'beta_9': 5.675192115691418e-07}. Best is trial 691 with value: 6538.461030825155.
[I 2026-04-01 10:33:52,021] Trial 1752 finished with value: 6978.6425157993 and parameters: {'alpha_0': 0.000601060142216553, 'alpha_1': 5.1811769891469826e-05, 'alpha_2': 5.2847916480405324e-05, 'beta_0': 0.08928593974494733, 'beta_1': 6.137887681853581, 'beta_2': 0.20645297328794976, 'beta_3': 0.001010329523484263, 'beta_4': 7.680484189745676, 'beta_5': 33.81999508247917, 'beta_6': 0.04106974065943602, 'beta_7': 0.01534470097189714, 'beta_8': 3.901688277910299e-05, 'beta_9': 5.971839271115858e-07}. Best is trial 691 with value: 6538.461030825155.
[I 2026-04-01 10:34:01,357] Trial 1753 finished with value: 6676.574887410126 and parameters: {'alpha_0': 0.000541459888842295, 'alpha_1': 5.682237555294658e-05, 'alpha_2': 4.000089840747923e-05, 'beta_0': 0.09799459394163956, 'beta_1': 6.448028941825258, 'beta_2': 0.2005748368275888, 'beta_3': 0.0010348798449936363, 'beta_4': 7.923002499355538, 'beta_5': 33.30033170987001, 'beta_6': 0.0422777788196608, 'beta_7': 0.01577320184434305, 'beta_8': 3.945555629507627e-05, 'beta_9': 1.2739498070152577e-06}. Best is trial 691 with value: 6538.461030825155.
[I 2026-04-01 10:34:10,627] Trial 1754 finished with value: 6811.598722737589 and parameters: {'alpha_0': 0.0006213680646396587, 'alpha_1': 5.4351299676748527e-05, 'alpha_2': 7.98736446734022e-05, 'beta_0': 0.08300024230230328, 'beta_1': 5.93104149240398, 'beta_2': 0.20968752252193607, 'beta_3': 0.0009779344479830562, 'beta_4': 7.981834825791753, 'beta_5': 34.69632723707927, 'beta_6': 0.04447148348488326, 'beta_7': 0.016260256691749554, 'beta_8': 3.79514915324764e-05, 'beta_9': 1.1688375499736433e-06}. Best is trial 691 with value: 6538.461030825155.
[I 2026-04-01 10:34:19,968] Trial 1755 finished with value: 7188.6608636143 and parameters: {'alpha_0': 0.000501829775094943, 'alpha_1': 5.207981397388519e-05, 'alpha_2': 4.957479936122664e-05, 'beta_0': 0.10479769482704962, 'beta_1': 6.422532621119509, 'beta_2': 0.20301944607241668, 'beta_3': 0.0009599405662795138, 'beta_4': 7.539472709421494, 'beta_5': 46.84349385143504, 'beta_6': 0.04618767533284596, 'beta_7': 0.015286052860064634, 'beta_8': 3.907622294418707e-05, 'beta_9': 6.209545278004305e-07}. Best is trial 691 with value: 6538.461030825155.Best trial: 691. Best value: 6538.46:  88%|████████▊ | 1755/2000 [12:55:35<37:49,  9.27s/it]Best trial: 691. Best value: 6538.46:  88%|████████▊ | 1755/2000 [12:55:35<37:49,  9.27s/it]Best trial: 691. Best value: 6538.46:  88%|████████▊ | 1756/2000 [12:55:35<37:46,  9.29s/it]                                                                                            Best trial: 691. Best value: 6538.46:  88%|████████▊ | 1756/2000 [12:55:44<37:46,  9.29s/it]Best trial: 691. Best value: 6538.46:  88%|████████▊ | 1756/2000 [12:55:44<37:46,  9.29s/it]Best trial: 691. Best value: 6538.46:  88%|████████▊ | 1757/2000 [12:55:44<37:34,  9.28s/it]                                                                                            Best trial: 691. Best value: 6538.46:  88%|████████▊ | 1757/2000 [12:55:53<37:34,  9.28s/it]Best trial: 691. Best value: 6538.46:  88%|████████▊ | 1757/2000 [12:55:53<37:34,  9.28s/it]Best trial: 691. Best value: 6538.46:  88%|████████▊ | 1758/2000 [12:55:53<37:21,  9.26s/it]                                                                                            Best trial: 691. Best value: 6538.46:  88%|████████▊ | 1758/2000 [12:56:03<37:21,  9.26s/it]Best trial: 691. Best value: 6538.46:  88%|████████▊ | 1758/2000 [12:56:03<37:21,  9.26s/it]Best trial: 691. Best value: 6538.46:  88%|████████▊ | 1759/2000 [12:56:03<37:10,  9.25s/it]                                                                                            Best trial: 691. Best value: 6538.46:  88%|████████▊ | 1759/2000 [12:56:12<37:10,  9.25s/it]Best trial: 691. Best value: 6538.46:  88%|████████▊ | 1759/2000 [12:56:12<37:10,  9.25s/it]Best trial: 691. Best value: 6538.46:  88%|████████▊ | 1760/2000 [12:56:12<36:56,  9.24s/it]                                                                                            Best trial: 691. Best value: 6538.46:  88%|████████▊ | 1760/2000 [12:56:21<36:56,  9.24s/it]Best trial: 691. Best value: 6538.46:  88%|████████▊ | 1760/2000 [12:56:21<36:56,  9.24s/it]Best trial: 691. Best value: 6538.46:  88%|████████▊ | 1761/2000 [12:56:21<36:42,  9.22s/it]                                                                                            Best trial: 691. Best value: 6538.46:  88%|████████▊ | 1761/2000 [12:56:30<36:42,  9.22s/it]Best trial: 691. Best value: 6538.46:  88%|████████▊ | 1761/2000 [12:56:30<36:42,  9.22s/it]Best trial: 691. Best value: 6538.46:  88%|████████▊ | 1762/2000 [12:56:30<36:29,  9.20s/it]                                                                                            Best trial: 691. Best value: 6538.46:  88%|████████▊ | 1762/2000 [12:56:39<36:29,  9.20s/it]Best trial: 691. Best value: 6538.46:  88%|████████▊ | 1762/2000 [12:56:39<36:29,  9.20s/it]Best trial: 691. Best value: 6538.46:  88%|████████▊ | 1763/2000 [12:56:39<36:23,  9.21s/it]                                                                                            Best trial: 691. Best value: 6538.46:  88%|████████▊ | 1763/2000 [12:56:49<36:23,  9.21s/it]Best trial: 691. Best value: 6538.46:  88%|████████▊ | 1763/2000 [12:56:49<36:23,  9.21s/it]Best trial: 691. Best value: 6538.46:  88%|████████▊ | 1764/2000 [12:56:49<36:17,  9.22s/it]                                                                                            Best trial: 691. Best value: 6538.46:  88%|████████▊ | 1764/2000 [12:56:58<36:17,  9.22s/it]Best trial: 691. Best value: 6538.46:  88%|████████▊ | 1764/2000 [12:56:58<36:17,  9.22s/it]Best trial: 691. Best value: 6538.46:  88%|████████▊ | 1765/2000 [12:56:58<36:20,  9.28s/it]                                                                                            Best trial: 691. Best value: 6538.46:  88%|████████▊ | 1765/2000 [12:57:07<36:20,  9.28s/it]Best trial: 691. Best value: 6538.46:  88%|████████▊ | 1765/2000 [12:57:07<36:20,  9.28s/it]Best trial: 691. Best value: 6538.46:  88%|████████▊ | 1766/2000 [12:57:07<36:11,  9.28s/it]                                                                                            Best trial: 691. Best value: 6538.46:  88%|████████▊ | 1766/2000 [12:57:17<36:11,  9.28s/it]Best trial: 691. Best value: 6538.46:  88%|████████▊ | 1766/2000 [12:57:17<36:11,  9.28s/it]Best trial: 691. Best value: 6538.46:  88%|████████▊ | 1767/2000 [12:57:17<36:13,  9.33s/it]                                                                                            Best trial: 691. Best value: 6538.46:  88%|████████▊ | 1767/2000 [12:57:26<36:13,  9.33s/it]Best trial: 691. Best value: 6538.46:  88%|████████▊ | 1767/2000 [12:57:26<36:13,  9.33s/it]Best trial: 691. Best value: 6538.46:  88%|████████▊ | 1768/2000 [12:57:26<36:17,  9.39s/it]                                                                                            Best trial: 691. Best value: 6538.46:  88%|████████▊ | 1768/2000 [12:57:36<36:17,  9.39s/it]Best trial: 691. Best value: 6538.46:  88%|████████▊ | 1768/2000 [12:57:36<36:17,  9.39s/it]Best trial: 691. Best value: 6538.46:  88%|████████▊ | 1769/2000 [12:57:36<36:15,  9.42s/it]                                                                                            Best trial: 691. Best value: 6538.46:  88%|████████▊ | 1769/2000 [12:57:45<36:15,  9.42s/it]Best trial: 691. Best value: 6538.46:  88%|████████▊ | 1769/2000 [12:57:45<36:15,  9.42s/it]Best trial: 691. Best value: 6538.46:  88%|████████▊ | 1770/2000 [12:57:45<36:10,  9.44s/it]                                                                                            
[I 2026-04-01 10:34:29,222] Trial 1756 finished with value: 6841.024299959705 and parameters: {'alpha_0': 0.0019510637810154622, 'alpha_1': 6.030066456681083e-05, 'alpha_2': 4.871937682090153e-05, 'beta_0': 0.10983989189852567, 'beta_1': 5.707004040134319, 'beta_2': 0.2081524999069388, 'beta_3': 0.0012576582619465385, 'beta_4': 6.81941446823234, 'beta_5': 34.0842946685969, 'beta_6': 0.043130917702681376, 'beta_7': 0.015957181407981046, 'beta_8': 3.998970525837349e-05, 'beta_9': 1.1321154441321965e-06}. Best is trial 691 with value: 6538.461030825155.
[I 2026-04-01 10:34:38,454] Trial 1757 finished with value: 6644.716934179922 and parameters: {'alpha_0': 0.000574730057128959, 'alpha_1': 5.5774324106493994e-05, 'alpha_2': 5.0994832917596907e-05, 'beta_0': 0.09110889649749043, 'beta_1': 6.166928336364845, 'beta_2': 0.20521189317143795, 'beta_3': 0.0009367695569432313, 'beta_4': 7.797292535704113, 'beta_5': 32.83588295272186, 'beta_6': 0.047343914591411525, 'beta_7': 0.015657746320666046, 'beta_8': 3.8441718877281786e-05, 'beta_9': 1.3181730532825811e-06}. Best is trial 691 with value: 6538.461030825155.
[I 2026-04-01 10:34:47,684] Trial 1758 finished with value: 6699.268659681139 and parameters: {'alpha_0': 0.0005004886622927378, 'alpha_1': 5.1716126713581574e-05, 'alpha_2': 0.00010551653362565198, 'beta_0': 0.1012557217967728, 'beta_1': 6.439318842631452, 'beta_2': 0.23328381278878396, 'beta_3': 0.001010253968997785, 'beta_4': 7.948161341096376, 'beta_5': 34.58955439586193, 'beta_6': 0.0411210070908616, 'beta_7': 0.01550181788767953, 'beta_8': 3.9438305504393204e-05, 'beta_9': 5.776282117711136e-07}. Best is trial 691 with value: 6538.461030825155.
[I 2026-04-01 10:34:56,877] Trial 1759 finished with value: 6871.197445357431 and parameters: {'alpha_0': 0.0017781992026085942, 'alpha_1': 0.00011053436021115915, 'alpha_2': 4.745053286336827e-05, 'beta_0': 0.09467793007606895, 'beta_1': 6.010375386291135, 'beta_2': 0.21301834892498614, 'beta_3': 0.0010471087157835999, 'beta_4': 7.557789269861131, 'beta_5': 33.52093183942303, 'beta_6': 0.041838796917789946, 'beta_7': 0.01595748327181057, 'beta_8': 3.8675102134920365e-05, 'beta_9': 6.398987082706478e-07}. Best is trial 691 with value: 6538.461030825155.
[I 2026-04-01 10:35:06,052] Trial 1760 finished with value: inf and parameters: {'alpha_0': 0.0006520833520901293, 'alpha_1': 5.384689958988964e-05, 'alpha_2': 7.735478775352468e-05, 'beta_0': 0.07985505218318842, 'beta_1': 6.267993114558804, 'beta_2': 0.2478776377536956, 'beta_3': 0.0010750078686672213, 'beta_4': 7.076654784720717, 'beta_5': 40.059187257229325, 'beta_6': 0.04350742734378122, 'beta_7': 0.020426926539606635, 'beta_8': 3.7648406902498426e-05, 'beta_9': 6.062931025913929e-07}. Best is trial 691 with value: 6538.461030825155.
[I 2026-04-01 10:35:15,209] Trial 1761 finished with value: 7117.718441174156 and parameters: {'alpha_0': 0.0005840287989618361, 'alpha_1': 5.002765429238751e-05, 'alpha_2': 0.0001041000624432974, 'beta_0': 0.08644857610103798, 'beta_1': 5.611094410488542, 'beta_2': 0.2069382749423175, 'beta_3': 0.0011173263359842602, 'beta_4': 7.788423146580019, 'beta_5': 32.43731629810648, 'beta_6': 0.04473162340853299, 'beta_7': 0.016366860787731197, 'beta_8': 3.9011475340726066e-05, 'beta_9': 1.2477887256622872e-06}. Best is trial 691 with value: 6538.461030825155.
[I 2026-04-01 10:35:24,455] Trial 1762 finished with value: 7113.698039565923 and parameters: {'alpha_0': 0.0006587489810135383, 'alpha_1': 5.809572529041776e-05, 'alpha_2': 4.3442132364069014e-05, 'beta_0': 0.0991662105029761, 'beta_1': 6.5495942547889765, 'beta_2': 0.21021862513050943, 'beta_3': 0.0009881023242422405, 'beta_4': 7.924069129709935, 'beta_5': 34.11195666661732, 'beta_6': 0.04241048805316727, 'beta_7': 0.015258290026650604, 'beta_8': 3.8159012756345396e-05, 'beta_9': 5.563675038484925e-07}. Best is trial 691 with value: 6538.461030825155.
[I 2026-04-01 10:35:33,706] Trial 1763 finished with value: 6635.029531031179 and parameters: {'alpha_0': 0.0005389677575465734, 'alpha_1': 5.3851315875853214e-05, 'alpha_2': 6.959857926655992e-05, 'beta_0': 0.09124175733741927, 'beta_1': 5.806524370463122, 'beta_2': 0.20180634630159455, 'beta_3': 0.0009292720445213552, 'beta_4': 6.9904922556984905, 'beta_5': 34.831076298256654, 'beta_6': 0.06584733087076579, 'beta_7': 0.01578057235134455, 'beta_8': 3.998326200566718e-05, 'beta_9': 1.1992365073429305e-06}. Best is trial 691 with value: 6538.461030825155.
[I 2026-04-01 10:35:43,104] Trial 1764 finished with value: 6786.9218796563155 and parameters: {'alpha_0': 0.002208276863955315, 'alpha_1': 5.000083277702435e-05, 'alpha_2': 4.920899879831334e-05, 'beta_0': 0.11688063085349994, 'beta_1': 6.106832672952938, 'beta_2': 0.20855610314070008, 'beta_3': 0.0009619595679010082, 'beta_4': 7.991386485218159, 'beta_5': 33.49692756466325, 'beta_6': 0.04111422864749073, 'beta_7': 0.016131384566735418, 'beta_8': 3.95028654365225e-05, 'beta_9': 6.568044322237884e-07}. Best is trial 691 with value: 6538.461030825155.
[I 2026-04-01 10:35:52,397] Trial 1765 finished with value: 6667.733040913843 and parameters: {'alpha_0': 0.000616310002379437, 'alpha_1': 5.645491693130485e-05, 'alpha_2': 4.117037776620837e-05, 'beta_0': 0.08376990788799667, 'beta_1': 6.402837284520882, 'beta_2': 0.2048657033790918, 'beta_3': 0.0010179817953147221, 'beta_4': 6.779857555395837, 'beta_5': 34.85404881801066, 'beta_6': 0.04567498979270008, 'beta_7': 0.015571425526584243, 'beta_8': 3.8522691505496075e-05, 'beta_9': 5.615150374032331e-07}. Best is trial 691 with value: 6538.461030825155.
[I 2026-04-01 10:36:01,831] Trial 1766 finished with value: 7236.084780136362 and parameters: {'alpha_0': 0.0005608278267209048, 'alpha_1': 5.185634387277766e-05, 'alpha_2': 4.758941482853773e-05, 'beta_0': 0.09632591170477652, 'beta_1': 6.248722905856931, 'beta_2': 0.21198708018691487, 'beta_3': 0.000989810356503881, 'beta_4': 6.696617030971221, 'beta_5': 32.837004754115355, 'beta_6': 0.043547237869374984, 'beta_7': 0.016737423002895897, 'beta_8': 3.905858806119821e-05, 'beta_9': 1.28877945472403e-06}. Best is trial 691 with value: 6538.461030825155.
[I 2026-04-01 10:36:11,359] Trial 1767 finished with value: 6767.034886283226 and parameters: {'alpha_0': 0.0006146646733556945, 'alpha_1': 5.486266313793403e-05, 'alpha_2': 4.010173205646927e-05, 'beta_0': 0.1285206588488597, 'beta_1': 6.699654080004378, 'beta_2': 0.20668996199883521, 'beta_3': 0.0010394384430910347, 'beta_4': 6.938159338238469, 'beta_5': 33.95898900218402, 'beta_6': 0.04242563118735533, 'beta_7': 0.0158927152023267, 'beta_8': 3.77350345615843e-05, 'beta_9': 1.3521693322576777e-06}. Best is trial 691 with value: 6538.461030825155.
[I 2026-04-01 10:36:20,849] Trial 1768 finished with value: 7477.941496072239 and parameters: {'alpha_0': 0.0006480891214752595, 'alpha_1': 0.00010531931459047074, 'alpha_2': 4.346033226821762e-05, 'beta_0': 0.09002141201696806, 'beta_1': 5.976398768723345, 'beta_2': 0.21395922282458607, 'beta_3': 0.0009681762267648214, 'beta_4': 7.806325556896431, 'beta_5': 34.478721944011696, 'beta_6': 0.041144870151818586, 'beta_7': 0.015004993893193076, 'beta_8': 3.9363494102534e-05, 'beta_9': 5.785549090005488e-07}. Best is trial 691 with value: 6538.461030825155.
[I 2026-04-01 10:36:30,336] Trial 1769 finished with value: 7057.0095950666455 and parameters: {'alpha_0': 0.00053808598522532, 'alpha_1': 5.321109178633287e-05, 'alpha_2': 5.195074216303565e-05, 'beta_0': 0.10292830213019112, 'beta_1': 6.619174227976428, 'beta_2': 0.20386287574881828, 'beta_3': 0.0009428526082267257, 'beta_4': 6.759562024028568, 'beta_5': 33.47527104394005, 'beta_6': 0.04410752775776572, 'beta_7': 0.015403357449241258, 'beta_8': 3.8509312473364444e-05, 'beta_9': 6.206118064668668e-07}. Best is trial 691 with value: 6538.461030825155.
