[I 2026-04-01 10:50:22,692] Trial 1860 finished with value: 6979.922980192777 and parameters: {'alpha_0': 0.0006310143200365062, 'alpha_1': 5.371601929293504e-05, 'alpha_2': 4.132243017586731e-05, 'beta_0': 0.08631526263772944, 'beta_1': 5.412116221078246, 'beta_2': 0.20669526027430488, 'beta_3': 0.0010230459658166172, 'beta_4': 6.786415109118604, 'beta_5': 31.57112103154325, 'beta_6': 0.04124619209318216, 'beta_7': 0.01648738841658164, 'beta_8': 3.9007690060425686e-05, 'beta_9': 7.383936997321999e-07}. Best is trial 691 with value: 6538.461030825155.Best trial: 691. Best value: 6538.46:  93%|█████████▎| 1860/2000 [13:11:38<21:50,  9.36s/it]Best trial: 691. Best value: 6538.46:  93%|█████████▎| 1860/2000 [13:11:38<21:50,  9.36s/it]Best trial: 691. Best value: 6538.46:  93%|█████████▎| 1861/2000 [13:11:38<21:35,  9.32s/it]                                                                                            Best trial: 691. Best value: 6538.46:  93%|█████████▎| 1861/2000 [13:11:47<21:35,  9.32s/it]Best trial: 691. Best value: 6538.46:  93%|█████████▎| 1861/2000 [13:11:47<21:35,  9.32s/it]Best trial: 691. Best value: 6538.46:  93%|█████████▎| 1862/2000 [13:11:47<21:22,  9.30s/it]                                                                                            Best trial: 691. Best value: 6538.46:  93%|█████████▎| 1862/2000 [13:11:56<21:22,  9.30s/it]Best trial: 691. Best value: 6538.46:  93%|█████████▎| 1862/2000 [13:11:56<21:22,  9.30s/it]Best trial: 691. Best value: 6538.46:  93%|█████████▎| 1863/2000 [13:11:56<21:17,  9.32s/it]                                                                                            Best trial: 691. Best value: 6538.46:  93%|█████████▎| 1863/2000 [13:12:05<21:17,  9.32s/it]Best trial: 691. Best value: 6538.46:  93%|█████████▎| 1863/2000 [13:12:05<21:17,  9.32s/it]Best trial: 691. Best value: 6538.46:  93%|█████████▎| 1864/2000 [13:12:05<21:03,  9.29s/it]                                                                                            Best trial: 691. Best value: 6538.46:  93%|█████████▎| 1864/2000 [13:12:15<21:03,  9.29s/it]Best trial: 691. Best value: 6538.46:  93%|█████████▎| 1864/2000 [13:12:15<21:03,  9.29s/it]Best trial: 691. Best value: 6538.46:  93%|█████████▎| 1865/2000 [13:12:15<20:55,  9.30s/it]                                                                                            Best trial: 691. Best value: 6538.46:  93%|█████████▎| 1865/2000 [13:12:24<20:55,  9.30s/it]Best trial: 691. Best value: 6538.46:  93%|█████████▎| 1865/2000 [13:12:24<20:55,  9.30s/it]Best trial: 691. Best value: 6538.46:  93%|█████████▎| 1866/2000 [13:12:24<20:41,  9.27s/it]                                                                                            Best trial: 691. Best value: 6538.46:  93%|█████████▎| 1866/2000 [13:12:33<20:41,  9.27s/it]Best trial: 691. Best value: 6538.46:  93%|█████████▎| 1866/2000 [13:12:33<20:41,  9.27s/it]Best trial: 691. Best value: 6538.46:  93%|█████████▎| 1867/2000 [13:12:33<20:36,  9.30s/it]                                                                                            Best trial: 691. Best value: 6538.46:  93%|█████████▎| 1867/2000 [13:12:43<20:36,  9.30s/it]Best trial: 691. Best value: 6538.46:  93%|█████████▎| 1867/2000 [13:12:43<20:36,  9.30s/it]Best trial: 691. Best value: 6538.46:  93%|█████████▎| 1868/2000 [13:12:43<20:30,  9.32s/it]                                                                                            Best trial: 691. Best value: 6538.46:  93%|█████████▎| 1868/2000 [13:12:52<20:30,  9.32s/it]Best trial: 691. Best value: 6538.46:  93%|█████████▎| 1868/2000 [13:12:52<20:30,  9.32s/it]Best trial: 691. Best value: 6538.46:  93%|█████████▎| 1869/2000 [13:12:52<20:15,  9.28s/it]                                                                                            Best trial: 691. Best value: 6538.46:  93%|█████████▎| 1869/2000 [13:13:01<20:15,  9.28s/it]Best trial: 691. Best value: 6538.46:  93%|█████████▎| 1869/2000 [13:13:01<20:15,  9.28s/it]Best trial: 691. Best value: 6538.46:  94%|█████████▎| 1870/2000 [13:13:01<20:06,  9.28s/it]                                                                                            Best trial: 691. Best value: 6538.46:  94%|█████████▎| 1870/2000 [13:13:10<20:06,  9.28s/it]Best trial: 691. Best value: 6538.46:  94%|█████████▎| 1870/2000 [13:13:10<20:06,  9.28s/it]Best trial: 691. Best value: 6538.46:  94%|█████████▎| 1871/2000 [13:13:10<19:58,  9.29s/it]                                                                                            Best trial: 691. Best value: 6538.46:  94%|█████████▎| 1871/2000 [13:13:20<19:58,  9.29s/it]Best trial: 691. Best value: 6538.46:  94%|█████████▎| 1871/2000 [13:13:20<19:58,  9.29s/it]Best trial: 691. Best value: 6538.46:  94%|█████████▎| 1872/2000 [13:13:20<19:48,  9.29s/it]                                                                                            Best trial: 691. Best value: 6538.46:  94%|█████████▎| 1872/2000 [13:13:29<19:48,  9.29s/it]Best trial: 691. Best value: 6538.46:  94%|█████████▎| 1872/2000 [13:13:29<19:48,  9.29s/it]Best trial: 691. Best value: 6538.46:  94%|█████████▎| 1873/2000 [13:13:29<19:43,  9.32s/it]                                                                                            Best trial: 691. Best value: 6538.46:  94%|█████████▎| 1873/2000 [13:13:38<19:43,  9.32s/it]Best trial: 691. Best value: 6538.46:  94%|█████████▎| 1873/2000 [13:13:38<19:43,  9.32s/it]Best trial: 691. Best value: 6538.46:  94%|█████████▎| 1874/2000 [13:13:38<19:31,  9.30s/it]                                                                                            Best trial: 691. Best value: 6538.46:  94%|█████████▎| 1874/2000 [13:13:48<19:31,  9.30s/it]Best trial: 691. Best value: 6538.46:  94%|█████████▎| 1874/2000 [13:13:48<19:31,  9.30s/it]Best trial: 691. Best value: 6538.46:  94%|█████████▍| 1875/2000 [13:13:48<19:23,  9.31s/it]                                                                                            
[I 2026-04-01 10:50:31,926] Trial 1861 finished with value: 6766.494827246917 and parameters: {'alpha_0': 0.0005849093310210423, 'alpha_1': 5.175660192526954e-05, 'alpha_2': 4.534537478354161e-05, 'beta_0': 0.09884068819425088, 'beta_1': 6.610037153422807, 'beta_2': 0.2027036355289775, 'beta_3': 0.0011821614235094646, 'beta_4': 6.569590908132932, 'beta_5': 32.625187204301604, 'beta_6': 0.053109224306858514, 'beta_7': 0.015873841303594458, 'beta_8': 3.556902740007214e-05, 'beta_9': 1.6469510009888578e-06}. Best is trial 691 with value: 6538.461030825155.
[I 2026-04-01 10:50:41,310] Trial 1862 finished with value: 7026.587171052608 and parameters: {'alpha_0': 0.0007198700840311294, 'alpha_1': 5.797155126467374e-05, 'alpha_2': 0.0001178642533953335, 'beta_0': 0.07550264751324103, 'beta_1': 6.425551886236448, 'beta_2': 0.2103786604555963, 'beta_3': 0.00114562826442131, 'beta_4': 6.722947248372869, 'beta_5': 34.921921064497255, 'beta_6': 0.044670991736888634, 'beta_7': 0.015223245693283744, 'beta_8': 3.945303488683535e-05, 'beta_9': 6.531357969980807e-07}. Best is trial 691 with value: 6538.461030825155.
[I 2026-04-01 10:50:50,520] Trial 1863 finished with value: 7008.443362218888 and parameters: {'alpha_0': 0.0006606114037793124, 'alpha_1': 0.00014990861832724572, 'alpha_2': 5.336823415980501e-05, 'beta_0': 0.09578462703233125, 'beta_1': 6.832817593334411, 'beta_2': 0.19913786483036697, 'beta_3': 0.0010981664772633085, 'beta_4': 5.701863241240399, 'beta_5': 35.82528875521617, 'beta_6': 0.04198735090412178, 'beta_7': 0.016221205446019356, 'beta_8': 3.8513641449608336e-05, 'beta_9': 1.974943520087453e-06}. Best is trial 691 with value: 6538.461030825155.
[I 2026-04-01 10:50:59,841] Trial 1864 finished with value: 6915.848657116822 and parameters: {'alpha_0': 0.0005336538779211926, 'alpha_1': 5.4932434232491587e-05, 'alpha_2': 4.3239353247004236e-05, 'beta_0': 0.0826853371819294, 'beta_1': 6.175689852749087, 'beta_2': 0.2083772325611042, 'beta_3': 0.0009705709438683661, 'beta_4': 6.943208030522962, 'beta_5': 37.07432746652006, 'beta_6': 0.040034574232369724, 'beta_7': 0.015462247618632697, 'beta_8': 3.7544818129406525e-05, 'beta_9': 1.557269772998151e-06}. Best is trial 691 with value: 6538.461030825155.
[I 2026-04-01 10:51:09,036] Trial 1865 finished with value: 6553.183041486393 and parameters: {'alpha_0': 0.0005733513095820839, 'alpha_1': 5.3436383946600466e-05, 'alpha_2': 4.478862759841269e-05, 'beta_0': 0.0877723493857431, 'beta_1': 5.862479872027887, 'beta_2': 0.21441894703688957, 'beta_3': 0.0010059135914496377, 'beta_4': 6.654117585035085, 'beta_5': 34.00095763035304, 'beta_6': 0.04361782633771196, 'beta_7': 0.01573736414794264, 'beta_8': 3.906792368604008e-05, 'beta_9': 7.857992175702977e-07}. Best is trial 691 with value: 6538.461030825155.
[I 2026-04-01 10:51:18,404] Trial 1866 finished with value: 7203.029726365892 and parameters: {'alpha_0': 0.0006248640667205606, 'alpha_1': 5.70543391819366e-05, 'alpha_2': 4.146176371442247e-05, 'beta_0': 0.08239225484565903, 'beta_1': 5.2974860373978165, 'beta_2': 0.21531495334676284, 'beta_3': 0.0010196034748908506, 'beta_4': 6.830987917853974, 'beta_5': 34.32392277167832, 'beta_6': 0.046486570077990536, 'beta_7': 0.015252688968569112, 'beta_8': 3.949172840192837e-05, 'beta_9': 8.298789387089383e-07}. Best is trial 691 with value: 6538.461030825155.
[I 2026-04-01 10:51:27,772] Trial 1867 finished with value: 7464.597486465564 and parameters: {'alpha_0': 0.0006612902408104902, 'alpha_1': 5.576229494181689e-05, 'alpha_2': 4.287690598173484e-05, 'beta_0': 0.07904954568713114, 'beta_1': 5.613862820006359, 'beta_2': 0.21634450460416935, 'beta_3': 0.0010233667445373208, 'beta_4': 6.67599695187101, 'beta_5': 34.66089854353314, 'beta_6': 0.04583904238176843, 'beta_7': 0.015002284689698964, 'beta_8': 3.953509611286311e-05, 'beta_9': 7.632195980084454e-07}. Best is trial 691 with value: 6538.461030825155.
[I 2026-04-01 10:51:36,958] Trial 1868 finished with value: 6712.788115167911 and parameters: {'alpha_0': 0.0006246255006321459, 'alpha_1': 5.318681603976252e-05, 'alpha_2': 4.377519868705961e-05, 'beta_0': 0.0852207744805602, 'beta_1': 5.145122142676257, 'beta_2': 0.215541644596937, 'beta_3': 0.0010051613804304977, 'beta_4': 6.772240045005134, 'beta_5': 34.17301638559904, 'beta_6': 0.04460120394145077, 'beta_7': 0.015566119594838956, 'beta_8': 3.999126783382594e-05, 'beta_9': 1.3807214978621575e-06}. Best is trial 691 with value: 6538.461030825155.
[I 2026-04-01 10:51:46,244] Trial 1869 finished with value: 6580.120335902548 and parameters: {'alpha_0': 0.0006883581653211712, 'alpha_1': 5.966715817638369e-05, 'alpha_2': 4.140076026035641e-05, 'beta_0': 0.07303682162965439, 'beta_1': 5.792134525225692, 'beta_2': 0.21375150879174526, 'beta_3': 0.0009992757831432885, 'beta_4': 6.726209998060441, 'beta_5': 35.18282569167685, 'beta_6': 0.04377846641577675, 'beta_7': 0.015744588291482165, 'beta_8': 2.9645310061869665e-05, 'beta_9': 7.902926855275411e-07}. Best is trial 691 with value: 6538.461030825155.
[I 2026-04-01 10:51:55,548] Trial 1870 finished with value: 6925.153003519102 and parameters: {'alpha_0': 0.0006073304822494494, 'alpha_1': 5.423432051783341e-05, 'alpha_2': 4.5038350459682614e-05, 'beta_0': 0.08134832724659932, 'beta_1': 6.70633491863168, 'beta_2': 0.21459754085025567, 'beta_3': 0.0010112110310866345, 'beta_4': 6.619055002003561, 'beta_5': 34.015083981651564, 'beta_6': 0.04685354312320296, 'beta_7': 0.01542249877362781, 'beta_8': 3.910381656811495e-05, 'beta_9': 1.4703502120180854e-06}. Best is trial 691 with value: 6538.461030825155.
[I 2026-04-01 10:52:04,838] Trial 1871 finished with value: 6713.92429763994 and parameters: {'alpha_0': 0.0006549960611815409, 'alpha_1': 5.188847227466875e-05, 'alpha_2': 4.0009955492637176e-05, 'beta_0': 0.07619994843990455, 'beta_1': 14.597254473303732, 'beta_2': 0.2134052647929926, 'beta_3': 0.0010299690074641406, 'beta_4': 6.829523069348368, 'beta_5': 35.035510280249134, 'beta_6': 0.0453959764212717, 'beta_7': 0.015896578951302635, 'beta_8': 3.945183899057776e-05, 'beta_9': 1.6819754281992183e-06}. Best is trial 691 with value: 6538.461030825155.
[I 2026-04-01 10:52:14,225] Trial 1872 finished with value: 6626.676074376928 and parameters: {'alpha_0': 0.0006947631217573662, 'alpha_1': 5.757485628362018e-05, 'alpha_2': 4.288071066733471e-05, 'beta_0': 0.08644967939435394, 'beta_1': 6.001914855928964, 'beta_2': 0.2137489344555747, 'beta_3': 0.0009965672379361273, 'beta_4': 6.662151405494283, 'beta_5': 34.707823161071715, 'beta_6': 0.04367019541329301, 'beta_7': 0.015636619704001126, 'beta_8': 3.901668778706392e-05, 'beta_9': 6.345552288948131e-07}. Best is trial 691 with value: 6538.461030825155.
[I 2026-04-01 10:52:23,476] Trial 1873 finished with value: 6786.117117999649 and parameters: {'alpha_0': 0.0006144672759075758, 'alpha_1': 5.56958923815103e-05, 'alpha_2': 7.385050549109803e-05, 'beta_0': 0.0879137194801879, 'beta_1': 6.491826104451092, 'beta_2': 0.21519521094062552, 'beta_3': 0.0010212801220998455, 'beta_4': 6.88037501866726, 'beta_5': 34.00457184243322, 'beta_6': 0.04277353000251534, 'beta_7': 0.016099869996302626, 'beta_8': 3.948623320070735e-05, 'beta_9': 8.222133810746402e-07}. Best is trial 691 with value: 6538.461030825155.
[I 2026-04-01 10:52:32,805] Trial 1874 finished with value: 7488.171216488507 and parameters: {'alpha_0': 0.0007228220426952904, 'alpha_1': 5.171078043320807e-05, 'alpha_2': 4.3681234409880474e-05, 'beta_0': 0.08296480182960081, 'beta_1': 6.206399288927195, 'beta_2': 0.21519950136495433, 'beta_3': 0.0009893047483059162, 'beta_4': 6.7062736845173845, 'beta_5': 35.46559171275812, 'beta_6': 0.040005594252446014, 'beta_7': 0.015000734137902188, 'beta_8': 3.8913434564799684e-05, 'beta_9': 8.06216000666049e-07}. Best is trial 691 with value: 6538.461030825155.
[I 2026-04-01 10:52:34,321] Trial 1875 finished with value: inf and parameters: {'alpha_0': 0.000647505098838942, 'alpha_1': 5.314856474081699e-05, 'alpha_2': 8.450305276490287e-05, 'beta_0': 0.07925302577013747, 'beta_1': 5.766822794271027, 'beta_2': 0.21331278557158337, 'beta_3': 0.0009901041392582747, 'beta_4': 6.765905489897329, 'beta_5': 33.963010020719594, 'beta_6': 0.04468426141051791, 'beta_7': 0.028103865862494037, 'beta_8': 3.947080866588011e-05, 'beta_9': 7.887055914567665e-07}. Best is trial 691 with value: 6538.461030825155.Best trial: 691. Best value: 6538.46:  94%|█████████▍| 1875/2000 [13:13:49<19:23,  9.31s/it]Best trial: 691. Best value: 6538.46:  94%|█████████▍| 1875/2000 [13:13:49<19:23,  9.31s/it]Best trial: 691. Best value: 6538.46:  94%|█████████▍| 1876/2000 [13:13:49<14:24,  6.97s/it]                                                                                            Best trial: 691. Best value: 6538.46:  94%|█████████▍| 1876/2000 [13:13:59<14:24,  6.97s/it]Best trial: 691. Best value: 6538.46:  94%|█████████▍| 1876/2000 [13:13:59<14:24,  6.97s/it]Best trial: 691. Best value: 6538.46:  94%|█████████▍| 1877/2000 [13:13:59<15:44,  7.68s/it]                                                                                            Best trial: 691. Best value: 6538.46:  94%|█████████▍| 1877/2000 [13:14:08<15:44,  7.68s/it]Best trial: 691. Best value: 6538.46:  94%|█████████▍| 1877/2000 [13:14:08<15:44,  7.68s/it]Best trial: 691. Best value: 6538.46:  94%|█████████▍| 1878/2000 [13:14:08<16:37,  8.18s/it]                                                                                            Best trial: 691. Best value: 6538.46:  94%|█████████▍| 1878/2000 [13:14:17<16:37,  8.18s/it]Best trial: 691. Best value: 6538.46:  94%|█████████▍| 1878/2000 [13:14:17<16:37,  8.18s/it]Best trial: 691. Best value: 6538.46:  94%|█████████▍| 1879/2000 [13:14:17<17:08,  8.50s/it]                                                                                            Best trial: 691. Best value: 6538.46:  94%|█████████▍| 1879/2000 [13:14:27<17:08,  8.50s/it]Best trial: 691. Best value: 6538.46:  94%|█████████▍| 1879/2000 [13:14:27<17:08,  8.50s/it]Best trial: 691. Best value: 6538.46:  94%|█████████▍| 1880/2000 [13:14:27<17:31,  8.76s/it]                                                                                            Best trial: 691. Best value: 6538.46:  94%|█████████▍| 1880/2000 [13:14:36<17:31,  8.76s/it]Best trial: 691. Best value: 6538.46:  94%|█████████▍| 1880/2000 [13:14:36<17:31,  8.76s/it]Best trial: 691. Best value: 6538.46:  94%|█████████▍| 1881/2000 [13:14:36<17:39,  8.90s/it]                                                                                            Best trial: 691. Best value: 6538.46:  94%|█████████▍| 1881/2000 [13:14:37<17:39,  8.90s/it]Best trial: 691. Best value: 6538.46:  94%|█████████▍| 1881/2000 [13:14:37<17:39,  8.90s/it]Best trial: 691. Best value: 6538.46:  94%|█████████▍| 1882/2000 [13:14:37<13:07,  6.67s/it]                                                                                            Best trial: 691. Best value: 6538.46:  94%|█████████▍| 1882/2000 [13:14:47<13:07,  6.67s/it]Best trial: 691. Best value: 6538.46:  94%|█████████▍| 1882/2000 [13:14:47<13:07,  6.67s/it]Best trial: 691. Best value: 6538.46:  94%|█████████▍| 1883/2000 [13:14:47<14:32,  7.46s/it]                                                                                            Best trial: 691. Best value: 6538.46:  94%|█████████▍| 1883/2000 [13:14:56<14:32,  7.46s/it]Best trial: 691. Best value: 6538.46:  94%|█████████▍| 1883/2000 [13:14:56<14:32,  7.46s/it]Best trial: 691. Best value: 6538.46:  94%|█████████▍| 1884/2000 [13:14:56<15:24,  7.97s/it]                                                                                            Best trial: 691. Best value: 6538.46:  94%|█████████▍| 1884/2000 [13:15:05<15:24,  7.97s/it]Best trial: 691. Best value: 6538.46:  94%|█████████▍| 1884/2000 [13:15:05<15:24,  7.97s/it]Best trial: 691. Best value: 6538.46:  94%|█████████▍| 1885/2000 [13:15:05<16:00,  8.35s/it]                                                                                            Best trial: 691. Best value: 6538.46:  94%|█████████▍| 1885/2000 [13:15:14<16:00,  8.35s/it]Best trial: 691. Best value: 6538.46:  94%|█████████▍| 1885/2000 [13:15:14<16:00,  8.35s/it]Best trial: 691. Best value: 6538.46:  94%|█████████▍| 1886/2000 [13:15:14<16:30,  8.68s/it]                                                                                            Best trial: 691. Best value: 6538.46:  94%|█████████▍| 1886/2000 [13:15:24<16:30,  8.68s/it]Best trial: 691. Best value: 6538.46:  94%|█████████▍| 1886/2000 [13:15:24<16:30,  8.68s/it]Best trial: 691. Best value: 6538.46:  94%|█████████▍| 1887/2000 [13:15:24<16:45,  8.90s/it]                                                                                            Best trial: 691. Best value: 6538.46:  94%|█████████▍| 1887/2000 [13:15:33<16:45,  8.90s/it]Best trial: 691. Best value: 6538.46:  94%|█████████▍| 1887/2000 [13:15:33<16:45,  8.90s/it]Best trial: 691. Best value: 6538.46:  94%|█████████▍| 1888/2000 [13:15:33<16:47,  8.99s/it]                                                                                            Best trial: 691. Best value: 6538.46:  94%|█████████▍| 1888/2000 [13:15:42<16:47,  8.99s/it]Best trial: 691. Best value: 6538.46:  94%|█████████▍| 1888/2000 [13:15:42<16:47,  8.99s/it]Best trial: 691. Best value: 6538.46:  94%|█████████▍| 1889/2000 [13:15:42<16:53,  9.13s/it]                                                                                            Best trial: 691. Best value: 6538.46:  94%|█████████▍| 1889/2000 [13:15:52<16:53,  9.13s/it]Best trial: 691. Best value: 6538.46:  94%|█████████▍| 1889/2000 [13:15:52<16:53,  9.13s/it]Best trial: 691. Best value: 6538.46:  94%|█████████▍| 1890/2000 [13:15:52<16:48,  9.17s/it]                                                                                            
[I 2026-04-01 10:52:43,646] Trial 1876 finished with value: 6685.135109081457 and parameters: {'alpha_0': 0.0007752347900406635, 'alpha_1': 5.4882080388963736e-05, 'alpha_2': 4.127829438283535e-05, 'beta_0': 0.08883548154085351, 'beta_1': 5.563269870550677, 'beta_2': 0.23657774453256095, 'beta_3': 0.0010090556601217622, 'beta_4': 7.012922854260683, 'beta_5': 34.73760218934421, 'beta_6': 0.041945553190126536, 'beta_7': 0.015489063475406559, 'beta_8': 3.867187951326319e-05, 'beta_9': 6.295815997715884e-07}. Best is trial 691 with value: 6538.461030825155.
[I 2026-04-01 10:52:53,002] Trial 1877 finished with value: 6695.992687526487 and parameters: {'alpha_0': 0.0005918202363706921, 'alpha_1': 5.006889211290019e-05, 'alpha_2': 5.56362561182284e-05, 'beta_0': 0.12289114828502125, 'beta_1': 6.8769549341572205, 'beta_2': 0.21251611104496038, 'beta_3': 0.0010331599133876512, 'beta_4': 6.626842062513995, 'beta_5': 36.02702620999558, 'beta_6': 0.04348302678157623, 'beta_7': 0.01588640623427827, 'beta_8': 3.94624700203488e-05, 'beta_9': 7.814833770554928e-07}. Best is trial 691 with value: 6538.461030825155.
[I 2026-04-01 10:53:02,256] Trial 1878 finished with value: 6792.608157323053 and parameters: {'alpha_0': 0.0006855721547122093, 'alpha_1': 5.17183020998279e-05, 'alpha_2': 0.00011392141950099665, 'beta_0': 0.08364854926365348, 'beta_1': 6.389257503332986, 'beta_2': 0.21278192866646764, 'beta_3': 0.0009800476315219662, 'beta_4': 6.879728587027219, 'beta_5': 34.43119889895555, 'beta_6': 0.0410240351401345, 'beta_7': 0.016284459598449763, 'beta_8': 3.998434531206696e-05, 'beta_9': 6.065524610773595e-07}. Best is trial 691 with value: 6538.461030825155.
