[I 2026-04-01 00:13:08,823] Trial 1024 finished with value: inf and parameters: {'alpha_0': 0.0006397416298302063, 'alpha_1': 5.0003026692605146e-05, 'alpha_2': 4.293183086070027e-05, 'beta_0': 0.09867333413528644, 'beta_1': 5.844990524482571, 'beta_2': 0.20509159622433168, 'beta_3': 0.0009915264803441023, 'beta_4': 6.784711258056554, 'beta_5': 34.54686464097441, 'beta_6': 0.041556708051664185, 'beta_7': 0.021101414438806924, 'beta_8': 3.938017340613036e-05, 'beta_9': 5.743958539847307e-07}. Best is trial 691 with value: 6538.461030825155.
[I 2026-04-01 00:13:18,202] Trial 1025 finished with value: 6604.86436495554 and parameters: {'alpha_0': 0.000571496808451599, 'alpha_1': 5.5827463753708334e-05, 'alpha_2': 4.642899827126681e-05, 'beta_0': 0.08924805534735156, 'beta_1': 5.593676824137958, 'beta_2': 0.2070768904315326, 'beta_3': 0.0009454412958519357, 'beta_4': 6.66022807244592, 'beta_5': 35.395971110492724, 'beta_6': 0.043061996877648896, 'beta_7': 0.01584254995139325, 'beta_8': 3.700614057870985e-05, 'beta_9': 5.85372958232281e-07}. Best is trial 691 with value: 6538.461030825155.
[I 2026-04-01 00:13:19,707] Trial 1026 finished with value: inf and parameters: {'alpha_0': 0.0006043349489818091, 'alpha_1': 5.335610853800701e-05, 'alpha_2': 4.813611902958415e-05, 'beta_0': 0.09373697944309195, 'beta_1': 6.537161657472578, 'beta_2': 0.20914494163493452, 'beta_3': 0.0009243469209158152, 'beta_4': 6.581313342234553, 'beta_5': 33.50782780283066, 'beta_6': 0.07080613173657488, 'beta_7': 0.026266160209817136, 'beta_8': 3.898552280506108e-05, 'beta_9': 6.012476367522715e-07}. Best is trial 691 with value: 6538.461030825155.
[I 2026-04-01 00:13:29,005] Trial 1027 finished with value: 6770.187348557635 and parameters: {'alpha_0': 0.0006925568358359165, 'alpha_1': 5.1975089982198047e-05, 'alpha_2': 4.5130126573531824e-05, 'beta_0': 0.08926039338173399, 'beta_1': 6.325918118519465, 'beta_2': 0.2045016612027735, 'beta_3': 0.0009756275646138287, 'beta_4': 6.706010162349924, 'beta_5': 33.292632458650665, 'beta_6': 0.04124448220269974, 'beta_7': 0.016096002536726356, 'beta_8': 2.2234632210490845e-05, 'beta_9': 5.44157906172208e-07}. Best is trial 691 with value: 6538.461030825155.
[I 2026-04-01 00:13:38,224] Trial 1028 finished with value: 6710.141988312194 and parameters: {'alpha_0': 0.000646741473153346, 'alpha_1': 5.4951013052251604e-05, 'alpha_2': 4.3410211653690315e-05, 'beta_0': 0.08669685854665662, 'beta_1': 5.993670157561662, 'beta_2': 0.20133758598048385, 'beta_3': 0.0010490797458474431, 'beta_4': 6.8541379972572205, 'beta_5': 34.74324824938165, 'beta_6': 0.045444828336868956, 'beta_7': 0.015492413592177857, 'beta_8': 3.8452522026698124e-05, 'beta_9': 5.337186675365548e-07}. Best is trial 691 with value: 6538.461030825155.
[I 2026-04-01 00:13:47,576] Trial 1029 finished with value: 7198.528030177502 and parameters: {'alpha_0': 0.0005636684512218403, 'alpha_1': 5.961665195510604e-05, 'alpha_2': 4.1797321662453034e-05, 'beta_0': 0.1034756744393973, 'beta_1': 6.192004214646331, 'beta_2': 0.20785198500731603, 'beta_3': 0.001009990447139678, 'beta_4': 6.544274768234904, 'beta_5': 33.831620305301, 'beta_6': 0.04100645066138819, 'beta_7': 0.015242927703025513, 'beta_8': 3.7807919677919736e-05, 'beta_9': 5.887592924554709e-07}. Best is trial 691 with value: 6538.461030825155.
[I 2026-04-01 00:13:56,764] Trial 1030 finished with value: 6588.66700686872 and parameters: {'alpha_0': 0.0005991743912618854, 'alpha_1': 5.176862179606131e-05, 'alpha_2': 4.3375576187446134e-05, 'beta_0': 0.09280305016264373, 'beta_1': 5.757161758405859, 'beta_2': 0.20338706433752035, 'beta_3': 0.0009373151378898675, 'beta_4': 7.042509876766729, 'beta_5': 36.705760154239414, 'beta_6': 0.04373274100171425, 'beta_7': 0.015745850049007047, 'beta_8': 3.941611461402706e-05, 'beta_9': 6.259263192484435e-07}. Best is trial 691 with value: 6538.461030825155.
[I 2026-04-01 00:14:06,057] Trial 1031 finished with value: 6948.253003615855 and parameters: {'alpha_0': 0.0007421265325349757, 'alpha_1': 0.00014689703677483995, 'alpha_2': 4.584744580306141e-05, 'beta_0': 0.09803061516475636, 'beta_1': 5.444322053486828, 'beta_2': 0.21011996880248077, 'beta_3': 0.000970959173705764, 'beta_4': 6.47920833610179, 'beta_5': 35.23154150855513, 'beta_6': 0.04268881575687031, 'beta_7': 0.016273355172584922, 'beta_8': 3.867905326916771e-05, 'beta_9': 6.088569032079537e-07}. Best is trial 691 with value: 6538.461030825155.
[I 2026-04-01 00:14:15,353] Trial 1032 finished with value: 6705.735271152218 and parameters: {'alpha_0': 0.0005571030643342559, 'alpha_1': 5.703966038784638e-05, 'alpha_2': 4.1472224545906695e-05, 'beta_0': 0.08825170786671571, 'beta_1': 6.414902690778111, 'beta_2': 0.2061472127555108, 'beta_3': 0.0010186377933221187, 'beta_4': 6.722297922009239, 'beta_5': 34.45035481701799, 'beta_6': 0.042103888296734185, 'beta_7': 0.015545749197841905, 'beta_8': 3.9410769768885715e-05, 'beta_9': 5.535136221101852e-07}. Best is trial 691 with value: 6538.461030825155.
[I 2026-04-01 00:14:24,703] Trial 1033 finished with value: 6747.230785458405 and parameters: {'alpha_0': 0.0006564999014357263, 'alpha_1': 5.399512686464297e-05, 'alpha_2': 4.368828049073759e-05, 'beta_0': 0.08639999878693871, 'beta_1': 5.975187452658493, 'beta_2': 0.19888971107706774, 'beta_3': 0.0009160978511656793, 'beta_4': 6.922698162739322, 'beta_5': 33.19693984885111, 'beta_6': 0.04101851680763074, 'beta_7': 0.016079285778899454, 'beta_8': 3.7719083435261286e-05, 'beta_9': 5.298171488485403e-07}. Best is trial 691 with value: 6538.461030825155.
[I 2026-04-01 00:14:33,995] Trial 1034 finished with value: 6602.671810552642 and parameters: {'alpha_0': 0.0018112129450296348, 'alpha_1': 5.2098365707956975e-05, 'alpha_2': 4.14542865161712e-05, 'beta_0': 0.09392838123556405, 'beta_1': 6.581163171466898, 'beta_2': 0.2022234757152253, 'beta_3': 0.000991101269515484, 'beta_4': 6.597681213753755, 'beta_5': 35.83978386134695, 'beta_6': 0.04629281675936503, 'beta_7': 0.015761629119312073, 'beta_8': 3.8511923154184936e-05, 'beta_9': 6.199716387344751e-07}. Best is trial 691 with value: 6538.461030825155.
[I 2026-04-01 00:14:43,375] Trial 1035 finished with value: 7069.772386815839 and parameters: {'alpha_0': 0.0006187959960596082, 'alpha_1': 5.556646966332459e-05, 'alpha_2': 9.451365352627824e-05, 'beta_0': 0.0848798929800253, 'beta_1': 6.185336102418598, 'beta_2': 0.20773394902290235, 'beta_3': 0.0009607081576620107, 'beta_4': 6.427285230265925, 'beta_5': 33.86327188767935, 'beta_6': 0.04474083314547328, 'beta_7': 0.016589195670178872, 'beta_8': 3.9076287591846086e-05, 'beta_9': 5.693721438107314e-07}. Best is trial 691 with value: 6538.461030825155.Best trial: 691. Best value: 6538.46:  52%|█████▏    | 1035/2000 [2:35:58<2:27:22,  9.16s/it]Best trial: 691. Best value: 6538.46:  52%|█████▏    | 1035/2000 [2:35:58<2:27:22,  9.16s/it]Best trial: 691. Best value: 6538.46:  52%|█████▏    | 1036/2000 [2:35:58<2:28:16,  9.23s/it]                                                                                             Best trial: 691. Best value: 6538.46:  52%|█████▏    | 1036/2000 [2:36:08<2:28:16,  9.23s/it]Best trial: 691. Best value: 6538.46:  52%|█████▏    | 1036/2000 [2:36:08<2:28:16,  9.23s/it]Best trial: 691. Best value: 6538.46:  52%|█████▏    | 1037/2000 [2:36:08<2:28:52,  9.28s/it]                                                                                             Best trial: 691. Best value: 6538.46:  52%|█████▏    | 1037/2000 [2:36:17<2:28:52,  9.28s/it]Best trial: 691. Best value: 6538.46:  52%|█████▏    | 1037/2000 [2:36:17<2:28:52,  9.28s/it]Best trial: 691. Best value: 6538.46:  52%|█████▏    | 1038/2000 [2:36:17<2:28:38,  9.27s/it]                                                                                             Best trial: 691. Best value: 6538.46:  52%|█████▏    | 1038/2000 [2:36:26<2:28:38,  9.27s/it]Best trial: 691. Best value: 6538.46:  52%|█████▏    | 1038/2000 [2:36:26<2:28:38,  9.27s/it]Best trial: 691. Best value: 6538.46:  52%|█████▏    | 1039/2000 [2:36:26<2:28:36,  9.28s/it]                                                                                             Best trial: 691. Best value: 6538.46:  52%|█████▏    | 1039/2000 [2:36:35<2:28:36,  9.28s/it]Best trial: 691. Best value: 6538.46:  52%|█████▏    | 1039/2000 [2:36:35<2:28:36,  9.28s/it]Best trial: 691. Best value: 6538.46:  52%|█████▏    | 1040/2000 [2:36:35<2:28:10,  9.26s/it]                                                                                             Best trial: 691. Best value: 6538.46:  52%|█████▏    | 1040/2000 [2:36:45<2:28:10,  9.26s/it]Best trial: 691. Best value: 6538.46:  52%|█████▏    | 1040/2000 [2:36:45<2:28:10,  9.26s/it]Best trial: 691. Best value: 6538.46:  52%|█████▏    | 1041/2000 [2:36:45<2:28:06,  9.27s/it]                                                                                             Best trial: 691. Best value: 6538.46:  52%|█████▏    | 1041/2000 [2:36:54<2:28:06,  9.27s/it]Best trial: 691. Best value: 6538.46:  52%|█████▏    | 1041/2000 [2:36:54<2:28:06,  9.27s/it]Best trial: 691. Best value: 6538.46:  52%|█████▏    | 1042/2000 [2:36:54<2:27:38,  9.25s/it]                                                                                             Best trial: 691. Best value: 6538.46:  52%|█████▏    | 1042/2000 [2:37:03<2:27:38,  9.25s/it]Best trial: 691. Best value: 6538.46:  52%|█████▏    | 1042/2000 [2:37:03<2:27:38,  9.25s/it]Best trial: 691. Best value: 6538.46:  52%|█████▏    | 1043/2000 [2:37:03<2:27:44,  9.26s/it]                                                                                             Best trial: 691. Best value: 6538.46:  52%|█████▏    | 1043/2000 [2:37:12<2:27:44,  9.26s/it]Best trial: 691. Best value: 6538.46:  52%|█████▏    | 1043/2000 [2:37:12<2:27:44,  9.26s/it]Best trial: 691. Best value: 6538.46:  52%|█████▏    | 1044/2000 [2:37:12<2:27:12,  9.24s/it]                                                                                             Best trial: 691. Best value: 6538.46:  52%|█████▏    | 1044/2000 [2:37:22<2:27:12,  9.24s/it]Best trial: 691. Best value: 6538.46:  52%|█████▏    | 1044/2000 [2:37:22<2:27:12,  9.24s/it]Best trial: 691. Best value: 6538.46:  52%|█████▏    | 1045/2000 [2:37:22<2:27:43,  9.28s/it]                                                                                             Best trial: 691. Best value: 6538.46:  52%|█████▏    | 1045/2000 [2:37:31<2:27:43,  9.28s/it]Best trial: 691. Best value: 6538.46:  52%|█████▏    | 1045/2000 [2:37:31<2:27:43,  9.28s/it]Best trial: 691. Best value: 6538.46:  52%|█████▏    | 1046/2000 [2:37:31<2:27:41,  9.29s/it]                                                                                             Best trial: 691. Best value: 6538.46:  52%|█████▏    | 1046/2000 [2:37:40<2:27:41,  9.29s/it]Best trial: 691. Best value: 6538.46:  52%|█████▏    | 1046/2000 [2:37:40<2:27:41,  9.29s/it]Best trial: 691. Best value: 6538.46:  52%|█████▏    | 1047/2000 [2:37:40<2:27:46,  9.30s/it]                                                                                             Best trial: 691. Best value: 6538.46:  52%|█████▏    | 1047/2000 [2:37:50<2:27:46,  9.30s/it]Best trial: 691. Best value: 6538.46:  52%|█████▏    | 1047/2000 [2:37:50<2:27:46,  9.30s/it]Best trial: 691. Best value: 6538.46:  52%|█████▏    | 1048/2000 [2:37:50<2:27:17,  9.28s/it]                                                                                             Best trial: 691. Best value: 6538.46:  52%|█████▏    | 1048/2000 [2:37:51<2:27:17,  9.28s/it]Best trial: 691. Best value: 6538.46:  52%|█████▏    | 1048/2000 [2:37:51<2:27:17,  9.28s/it]Best trial: 691. Best value: 6538.46:  52%|█████▏    | 1049/2000 [2:37:51<1:49:54,  6.93s/it]                                                                                             Best trial: 691. Best value: 6538.46:  52%|█████▏    | 1049/2000 [2:38:01<1:49:54,  6.93s/it]Best trial: 691. Best value: 6538.46:  52%|█████▏    | 1049/2000 [2:38:01<1:49:54,  6.93s/it]Best trial: 691. Best value: 6538.46:  52%|█████▎    | 1050/2000 [2:38:01<2:01:42,  7.69s/it]                                                                                             
[I 2026-04-01 00:14:52,762] Trial 1036 finished with value: 7332.620849065403 and parameters: {'alpha_0': 0.0006956054407468098, 'alpha_1': 9.266020280998466e-05, 'alpha_2': 4.854163671238263e-05, 'beta_0': 0.09097853421538257, 'beta_1': 5.8419645521708174, 'beta_2': 0.2049152597473174, 'beta_3': 0.0009398955688166751, 'beta_4': 6.799460952162649, 'beta_5': 33.11083337968803, 'beta_6': 0.04301895702891522, 'beta_7': 0.015248799540722563, 'beta_8': 3.947358636907456e-05, 'beta_9': 1.1607118681177783e-06}. Best is trial 691 with value: 6538.461030825155.
[I 2026-04-01 00:15:02,019] Trial 1037 finished with value: 6728.731131139153 and parameters: {'alpha_0': 0.0005437523970208843, 'alpha_1': 5.367194533987743e-05, 'alpha_2': 4.5281966279282116e-05, 'beta_0': 0.09589610574349566, 'beta_1': 6.341343877344696, 'beta_2': 0.20950193237596448, 'beta_3': 0.0009971132041480025, 'beta_4': 6.59216552141355, 'beta_5': 34.28781159261036, 'beta_6': 0.040966267324291185, 'beta_7': 0.015983942551167096, 'beta_8': 3.809655851086505e-05, 'beta_9': 6.116666528977762e-07}. Best is trial 691 with value: 6538.461030825155.
[I 2026-04-01 00:15:11,315] Trial 1038 finished with value: 6946.666770578263 and parameters: {'alpha_0': 0.0005898140496577061, 'alpha_1': 5.161448298138422e-05, 'alpha_2': 4.001605872147523e-05, 'beta_0': 0.1062803984194884, 'beta_1': 6.068379304726064, 'beta_2': 0.20652217322407362, 'beta_3': 0.0009098691987365052, 'beta_4': 6.691452086418106, 'beta_5': 35.19307903425379, 'beta_6': 0.0400593981105727, 'beta_7': 0.015503747182322981, 'beta_8': 3.998971828957796e-05, 'beta_9': 1.251916223565869e-06}. Best is trial 691 with value: 6538.461030825155.
[I 2026-04-01 00:15:20,537] Trial 1039 finished with value: 7007.198510676822 and parameters: {'alpha_0': 0.000635581263338129, 'alpha_1': 5.791686765144141e-05, 'alpha_2': 4.295014616858938e-05, 'beta_0': 0.08832948814640781, 'beta_1': 5.663023588142045, 'beta_2': 0.20375381363830822, 'beta_3': 0.001037077314243442, 'beta_4': 6.4501138424668465, 'beta_5': 33.16736189817086, 'beta_6': 0.04280802383037831, 'beta_7': 0.01634456735947332, 'beta_8': 3.719942751316259e-05, 'beta_9': 6.339591393419918e-07}. Best is trial 691 with value: 6538.461030825155.
[I 2026-04-01 00:15:29,815] Trial 1040 finished with value: 6654.525692713045 and parameters: {'alpha_0': 0.0006751108563549007, 'alpha_1': 0.00010107785384906435, 'alpha_2': 4.672724098492848e-05, 'beta_0': 0.1004811348342657, 'beta_1': 6.336175195716646, 'beta_2': 0.20062674078779333, 'beta_3': 0.0009740012519341305, 'beta_4': 7.2311238652190015, 'beta_5': 33.95436567927226, 'beta_6': 0.04408024704490501, 'beta_7': 0.015748084170954673, 'beta_8': 3.8766082330130744e-05, 'beta_9': 5.986748272945406e-07}. Best is trial 691 with value: 6538.461030825155.
[I 2026-04-01 00:15:39,017] Trial 1041 finished with value: inf and parameters: {'alpha_0': 0.0019207288771633008, 'alpha_1': 5.3748635916696404e-05, 'alpha_2': 4.237691378719724e-05, 'beta_0': 0.08499739439013262, 'beta_1': 6.775273064231055, 'beta_2': 0.21020735518849323, 'beta_3': 0.0009483664915173876, 'beta_4': 6.5248806058465805, 'beta_5': 34.89171657794808, 'beta_6': 0.04211045262660769, 'beta_7': 0.01721386063443479, 'beta_8': 3.946981367001917e-05, 'beta_9': 1.0964305351598534e-06}. Best is trial 691 with value: 6538.461030825155.
[I 2026-04-01 00:15:48,315] Trial 1042 finished with value: 7096.4709987783 and parameters: {'alpha_0': 0.0005679951507698973, 'alpha_1': 5.182436134214512e-05, 'alpha_2': 4.4291429255747626e-05, 'beta_0': 0.08992265721972534, 'beta_1': 6.5878867607245635, 'beta_2': 0.2074179981708519, 'beta_3': 0.0010087627708620687, 'beta_4': 6.646658535824474, 'beta_5': 36.16386045935347, 'beta_6': 0.04111520889894869, 'beta_7': 0.01682411836705959, 'beta_8': 3.830836422314002e-05, 'beta_9': 5.606286605437015e-07}. Best is trial 691 with value: 6538.461030825155.
[I 2026-04-01 00:15:57,499] Trial 1043 finished with value: 6727.020503107062 and parameters: {'alpha_0': 0.0005429985006409718, 'alpha_1': 5.634250581267627e-05, 'alpha_2': 4.1482927010188644e-05, 'beta_0': 0.09477801135496758, 'beta_1': 5.954657700569328, 'beta_2': 0.20510092733061314, 'beta_3': 0.0009321158808641263, 'beta_4': 6.843229210824141, 'beta_5': 33.53060564615989, 'beta_6': 0.04210275835093059, 'beta_7': 0.016052923427289683, 'beta_8': 3.8896057520900845e-05, 'beta_9': 6.440276358557799e-07}. Best is trial 691 with value: 6538.461030825155.
[I 2026-04-01 00:16:06,880] Trial 1044 finished with value: 7311.065609046113 and parameters: {'alpha_0': 0.0007254980734978858, 'alpha_1': 5.8670895953868245e-05, 'alpha_2': 4.281128213368589e-05, 'beta_0': 0.08531250767798802, 'beta_1': 5.221671122634769, 'beta_2': 0.20270483027052766, 'beta_3': 0.00098290414441328, 'beta_4': 6.4041828382336545, 'beta_5': 32.86033491999611, 'beta_6': 0.043575984368869745, 'beta_7': 0.015208532918868777, 'beta_8': 3.7571327720598214e-05, 'beta_9': 1.962203187958357e-06}. Best is trial 691 with value: 6538.461030825155.
[I 2026-04-01 00:16:16,187] Trial 1045 finished with value: 6761.537604025012 and parameters: {'alpha_0': 0.0006192703873034233, 'alpha_1': 5.470544047731647e-05, 'alpha_2': 5.993422880722715e-05, 'beta_0': 0.08995443856562947, 'beta_1': 5.542866931439517, 'beta_2': 0.20813260676013787, 'beta_3': 0.0009575867217049986, 'beta_4': 6.973317353532027, 'beta_5': 34.20993052128788, 'beta_6': 0.040966119533172154, 'beta_7': 0.01552102143378297, 'beta_8': 3.949460181415787e-05, 'beta_9': 5.897821382926404e-07}. Best is trial 691 with value: 6538.461030825155.
[I 2026-04-01 00:16:25,523] Trial 1046 finished with value: 6553.06063912039 and parameters: {'alpha_0': 0.0006551036144589704, 'alpha_1': 5.00888324021857e-05, 'alpha_2': 9.833286749414135e-05, 'beta_0': 0.09705337262239656, 'beta_1': 6.199644412680812, 'beta_2': 0.21120563522671798, 'beta_3': 0.0009135094678213392, 'beta_4': 6.74979364655434, 'beta_5': 35.72222149315324, 'beta_6': 0.04189538879891739, 'beta_7': 0.01581656196550764, 'beta_8': 3.895750320022097e-05, 'beta_9': 6.360315126560672e-07}. Best is trial 691 with value: 6538.461030825155.
[I 2026-04-01 00:16:34,761] Trial 1047 finished with value: 6910.836419141185 and parameters: {'alpha_0': 0.0007319391597587015, 'alpha_1': 5.2065373608816285e-05, 'alpha_2': 0.00011199329465764286, 'beta_0': 0.1031342598948413, 'beta_1': 6.495761457493413, 'beta_2': 0.21057181796837238, 'beta_3': 0.000898169658270907, 'beta_4': 6.900192113197992, 'beta_5': 36.920544555068986, 'beta_6': 0.07564535081287872, 'beta_7': 0.01641099123078554, 'beta_8': 3.943200929215991e-05, 'beta_9': 6.229717152115566e-07}. Best is trial 691 with value: 6538.461030825155.
[I 2026-04-01 00:16:36,213] Trial 1048 finished with value: inf and parameters: {'alpha_0': 0.0006848838246893208, 'alpha_1': 5.599622247774256e-05, 'alpha_2': 4.714778587316388e-05, 'beta_0': 0.10065446987452895, 'beta_1': 5.819718576459169, 'beta_2': 0.21393027781402552, 'beta_3': 0.0009066359951087545, 'beta_4': 6.778578518917997, 'beta_5': 36.549823709010674, 'beta_6': 0.04515499006592391, 'beta_7': 0.026944800160736103, 'beta_8': 3.903614342729973e-05, 'beta_9': 5.232082810085437e-07}. Best is trial 691 with value: 6538.461030825155.
[I 2026-04-01 00:16:45,655] Trial 1049 finished with value: 7649.821385941186 and parameters: {'alpha_0': 0.0007512113157258511, 'alpha_1': 0.00012970670735719408, 'alpha_2': 0.00010718753990293664, 'beta_0': 0.10106291677867202, 'beta_1': 6.288378671103725, 'beta_2': 0.21171296896485853, 'beta_3': 0.0009261615896704497, 'beta_4': 6.740567020888268, 'beta_5': 35.77468931982128, 'beta_6': 0.044302975205164886, 'beta_7': 0.015002180433395455, 'beta_8': 3.802578621565734e-05, 'beta_9': 5.983674608497211e-07}. Best is trial 691 with value: 6538.461030825155.
