[I 2026-03-31 23:15:59,823] Trial 645 finished with value: 7259.745374303045 and parameters: {'alpha_0': 0.0005847985798468008, 'alpha_1': 5.253172837373902e-05, 'alpha_2': 4.004470510037774e-05, 'beta_0': 0.08789308524953415, 'beta_1': 5.428313727621321, 'beta_2': 0.2056750797281505, 'beta_3': 0.0009211781203004903, 'beta_4': 6.472443110092336, 'beta_5': 33.246229182316945, 'beta_6': 0.04006007303938388, 'beta_7': 0.015276402242948135, 'beta_8': 3.811881054493316e-05, 'beta_9': 6.365536154130488e-07}. Best is trial 628 with value: 6559.85146146746.Best trial: 628. Best value: 6559.85:  32%|███▏      | 645/2000 [1:37:15<3:28:39,  9.24s/it]Best trial: 628. Best value: 6559.85:  32%|███▏      | 645/2000 [1:37:15<3:28:39,  9.24s/it]Best trial: 628. Best value: 6559.85:  32%|███▏      | 646/2000 [1:37:15<3:28:58,  9.26s/it]                                                                                            Best trial: 628. Best value: 6559.85:  32%|███▏      | 646/2000 [1:37:24<3:28:58,  9.26s/it]Best trial: 628. Best value: 6559.85:  32%|███▏      | 646/2000 [1:37:24<3:28:58,  9.26s/it]Best trial: 628. Best value: 6559.85:  32%|███▏      | 647/2000 [1:37:24<3:28:53,  9.26s/it]                                                                                            Best trial: 628. Best value: 6559.85:  32%|███▏      | 647/2000 [1:37:33<3:28:53,  9.26s/it]Best trial: 628. Best value: 6559.85:  32%|███▏      | 647/2000 [1:37:33<3:28:53,  9.26s/it]Best trial: 628. Best value: 6559.85:  32%|███▏      | 648/2000 [1:37:33<3:28:25,  9.25s/it]                                                                                            Best trial: 628. Best value: 6559.85:  32%|███▏      | 648/2000 [1:37:42<3:28:25,  9.25s/it]Best trial: 628. Best value: 6559.85:  32%|███▏      | 648/2000 [1:37:42<3:28:25,  9.25s/it]Best trial: 628. Best value: 6559.85:  32%|███▏      | 649/2000 [1:37:42<3:27:51,  9.23s/it]                                                                                            Best trial: 628. Best value: 6559.85:  32%|███▏      | 649/2000 [1:37:52<3:27:51,  9.23s/it]Best trial: 628. Best value: 6559.85:  32%|███▏      | 649/2000 [1:37:52<3:27:51,  9.23s/it]Best trial: 628. Best value: 6559.85:  32%|███▎      | 650/2000 [1:37:52<3:27:17,  9.21s/it]                                                                                            Best trial: 628. Best value: 6559.85:  32%|███▎      | 650/2000 [1:38:01<3:27:17,  9.21s/it]Best trial: 628. Best value: 6559.85:  32%|███▎      | 650/2000 [1:38:01<3:27:17,  9.21s/it]Best trial: 628. Best value: 6559.85:  33%|███▎      | 651/2000 [1:38:01<3:26:46,  9.20s/it]                                                                                            Best trial: 628. Best value: 6559.85:  33%|███▎      | 651/2000 [1:38:10<3:26:46,  9.20s/it]Best trial: 628. Best value: 6559.85:  33%|███▎      | 651/2000 [1:38:10<3:26:46,  9.20s/it]Best trial: 628. Best value: 6559.85:  33%|███▎      | 652/2000 [1:38:10<3:26:54,  9.21s/it]                                                                                            Best trial: 628. Best value: 6559.85:  33%|███▎      | 652/2000 [1:38:12<3:26:54,  9.21s/it]Best trial: 628. Best value: 6559.85:  33%|███▎      | 652/2000 [1:38:12<3:26:54,  9.21s/it]Best trial: 628. Best value: 6559.85:  33%|███▎      | 653/2000 [1:38:12<2:40:26,  7.15s/it]                                                                                            Best trial: 628. Best value: 6559.85:  33%|███▎      | 653/2000 [1:38:22<2:40:26,  7.15s/it]Best trial: 628. Best value: 6559.85:  33%|███▎      | 653/2000 [1:38:22<2:40:26,  7.15s/it]Best trial: 628. Best value: 6559.85:  33%|███▎      | 654/2000 [1:38:22<2:54:11,  7.76s/it]                                                                                            Best trial: 628. Best value: 6559.85:  33%|███▎      | 654/2000 [1:38:23<2:54:11,  7.76s/it]Best trial: 628. Best value: 6559.85:  33%|███▎      | 654/2000 [1:38:23<2:54:11,  7.76s/it]Best trial: 628. Best value: 6559.85:  33%|███▎      | 655/2000 [1:38:23<2:10:50,  5.84s/it]                                                                                            Best trial: 628. Best value: 6559.85:  33%|███▎      | 655/2000 [1:38:32<2:10:50,  5.84s/it]Best trial: 628. Best value: 6559.85:  33%|███▎      | 655/2000 [1:38:32<2:10:50,  5.84s/it]Best trial: 628. Best value: 6559.85:  33%|███▎      | 656/2000 [1:38:32<2:33:58,  6.87s/it]                                                                                            Best trial: 628. Best value: 6559.85:  33%|███▎      | 656/2000 [1:38:41<2:33:58,  6.87s/it]Best trial: 628. Best value: 6559.85:  33%|███▎      | 656/2000 [1:38:41<2:33:58,  6.87s/it]Best trial: 628. Best value: 6559.85:  33%|███▎      | 657/2000 [1:38:41<2:49:25,  7.57s/it]                                                                                            Best trial: 628. Best value: 6559.85:  33%|███▎      | 657/2000 [1:38:51<2:49:25,  7.57s/it]Best trial: 628. Best value: 6559.85:  33%|███▎      | 657/2000 [1:38:51<2:49:25,  7.57s/it]Best trial: 628. Best value: 6559.85:  33%|███▎      | 658/2000 [1:38:51<3:00:12,  8.06s/it]                                                                                            Best trial: 628. Best value: 6559.85:  33%|███▎      | 658/2000 [1:39:00<3:00:12,  8.06s/it]Best trial: 628. Best value: 6559.85:  33%|███▎      | 658/2000 [1:39:00<3:00:12,  8.06s/it]Best trial: 628. Best value: 6559.85:  33%|███▎      | 659/2000 [1:39:00<3:08:03,  8.41s/it]                                                                                            Best trial: 628. Best value: 6559.85:  33%|███▎      | 659/2000 [1:39:09<3:08:03,  8.41s/it]Best trial: 628. Best value: 6559.85:  33%|███▎      | 659/2000 [1:39:09<3:08:03,  8.41s/it]Best trial: 628. Best value: 6559.85:  33%|███▎      | 660/2000 [1:39:09<3:14:01,  8.69s/it]                                                                                            
[I 2026-03-31 23:16:09,093] Trial 646 finished with value: 6586.468797937436 and parameters: {'alpha_0': 0.0006053007151599504, 'alpha_1': 5.2673611010709824e-05, 'alpha_2': 4.201419907159916e-05, 'beta_0': 0.07914792999833466, 'beta_1': 6.258614956968037, 'beta_2': 0.21069975070198088, 'beta_3': 0.0009513802427193034, 'beta_4': 7.494368676119939, 'beta_5': 32.42299350454611, 'beta_6': 0.041303962934833564, 'beta_7': 0.015783172098154493, 'beta_8': 3.865642473962723e-05, 'beta_9': 6.922460133055761e-07}. Best is trial 628 with value: 6559.85146146746.
[I 2026-03-31 23:16:18,310] Trial 647 finished with value: 6761.063009444904 and parameters: {'alpha_0': 0.000560443608742917, 'alpha_1': 5.029234829487724e-05, 'alpha_2': 4.203122015528107e-05, 'beta_0': 0.08159534576476715, 'beta_1': 6.258183692775996, 'beta_2': 0.21296226152694564, 'beta_3': 0.0009562407303530037, 'beta_4': 6.612958828719956, 'beta_5': 32.5738494774332, 'beta_6': 0.041359269444479416, 'beta_7': 0.016343387813609778, 'beta_8': 3.912049984616517e-05, 'beta_9': 7.016724234825932e-07}. Best is trial 628 with value: 6559.85146146746.
[I 2026-03-31 23:16:27,500] Trial 648 finished with value: 6764.3390030084865 and parameters: {'alpha_0': 0.0006165403035607181, 'alpha_1': 5.2505069602635416e-05, 'alpha_2': 4.231164095330355e-05, 'beta_0': 0.07937373425829282, 'beta_1': 5.810461685472613, 'beta_2': 0.20931503132402457, 'beta_3': 0.0009422649387112612, 'beta_4': 7.694082788978792, 'beta_5': 32.25587807635156, 'beta_6': 0.041402941484077666, 'beta_7': 0.016112083937114004, 'beta_8': 3.838543821224887e-05, 'beta_9': 6.608563143471966e-07}. Best is trial 628 with value: 6559.85146146746.
[I 2026-03-31 23:16:36,670] Trial 649 finished with value: 6698.365453285394 and parameters: {'alpha_0': 0.0006950044819184662, 'alpha_1': 5.31331203992518e-05, 'alpha_2': 4.165207300530481e-05, 'beta_0': 0.09068097575710438, 'beta_1': 5.938734122561212, 'beta_2': 0.2059465992730843, 'beta_3': 0.0009810938628814177, 'beta_4': 7.607335045747356, 'beta_5': 33.39231773518257, 'beta_6': 0.041203621190727985, 'beta_7': 0.015872247326769447, 'beta_8': 3.99950056816844e-05, 'beta_9': 7.141007054627401e-07}. Best is trial 628 with value: 6559.85146146746.
[I 2026-03-31 23:16:45,829] Trial 650 finished with value: 6785.210329445292 and parameters: {'alpha_0': 0.0006281778875696118, 'alpha_1': 5.2414509573050466e-05, 'alpha_2': 4.1611760351799865e-05, 'beta_0': 0.10038075281393014, 'beta_1': 5.601636224738309, 'beta_2': 0.21062684989992272, 'beta_3': 0.0009139679379804854, 'beta_4': 7.237289502711854, 'beta_5': 31.431976170562912, 'beta_6': 0.0411644034635214, 'beta_7': 0.016300043647916027, 'beta_8': 3.802245273185221e-05, 'beta_9': 6.467235814598343e-07}. Best is trial 628 with value: 6559.85146146746.
[I 2026-03-31 23:16:55,068] Trial 651 finished with value: 6569.304740426437 and parameters: {'alpha_0': 0.000596389947956888, 'alpha_1': 5.04732819448682e-05, 'alpha_2': 4.006521013185692e-05, 'beta_0': 0.08425765882493223, 'beta_1': 6.310336753628984, 'beta_2': 0.20938802236101314, 'beta_3': 0.0009589698281397712, 'beta_4': 6.427892224261496, 'beta_5': 32.76690023880487, 'beta_6': 0.04010779671600552, 'beta_7': 0.015774597382119816, 'beta_8': 3.887219306327693e-05, 'beta_9': 6.787388712807789e-07}. Best is trial 628 with value: 6559.85146146746.
[I 2026-03-31 23:16:57,401] Trial 652 finished with value: inf and parameters: {'alpha_0': 0.0005289100608617274, 'alpha_1': 5.0233787629685524e-05, 'alpha_2': 4.251555539657698e-05, 'beta_0': 0.08425721194146503, 'beta_1': 6.294679040531551, 'beta_2': 0.21352691029591536, 'beta_3': 0.0009692921644095997, 'beta_4': 7.433900149136822, 'beta_5': 32.09646997010595, 'beta_6': 0.04102119427921575, 'beta_7': 0.024256961498437344, 'beta_8': 3.9337425591074995e-05, 'beta_9': 6.784729522379161e-07}. Best is trial 628 with value: 6559.85146146746.
[I 2026-03-31 23:17:06,608] Trial 653 finished with value: 6588.036676291693 and parameters: {'alpha_0': 0.000593894982129806, 'alpha_1': 5.0249092372680475e-05, 'alpha_2': 4.004742090198696e-05, 'beta_0': 0.09520149108516321, 'beta_1': 6.289509288397531, 'beta_2': 0.20995575094512836, 'beta_3': 0.0009498468153897202, 'beta_4': 6.415813548767195, 'beta_5': 32.78205834887324, 'beta_6': 0.04103522004557141, 'beta_7': 0.01570651072021414, 'beta_8': 3.900835134880741e-05, 'beta_9': 7.05338889777028e-07}. Best is trial 628 with value: 6559.85146146746.
[I 2026-03-31 23:17:07,947] Trial 654 finished with value: inf and parameters: {'alpha_0': 0.0005856399877699965, 'alpha_1': 5.135145593186163e-05, 'alpha_2': 4.010581607581024e-05, 'beta_0': 0.087525413931202, 'beta_1': 6.2836069323714625, 'beta_2': 0.21027804111777476, 'beta_3': 0.0010376479923114427, 'beta_4': 6.4364338723629, 'beta_5': 46.37833829719188, 'beta_6': 0.04006910489255799, 'beta_7': 0.029947733667119766, 'beta_8': 3.886537021283814e-05, 'beta_9': 7.012130522335725e-07}. Best is trial 628 with value: 6559.85146146746.
[I 2026-03-31 23:17:17,240] Trial 655 finished with value: 6616.062376854075 and parameters: {'alpha_0': 0.0005789076068725107, 'alpha_1': 5.021744218532273e-05, 'alpha_2': 4.174222357639868e-05, 'beta_0': 0.09180693873648899, 'beta_1': 5.872523519469601, 'beta_2': 0.20741761760066368, 'beta_3': 0.0010205653777977163, 'beta_4': 6.416134921313903, 'beta_5': 32.76159178072033, 'beta_6': 0.041312945705626096, 'beta_7': 0.015598077462943814, 'beta_8': 3.8868277100926e-05, 'beta_9': 6.522857338548789e-07}. Best is trial 628 with value: 6559.85146146746.
[I 2026-03-31 23:17:26,432] Trial 656 finished with value: 6790.279385619435 and parameters: {'alpha_0': 0.0005453979515794916, 'alpha_1': 5.006996856052257e-05, 'alpha_2': 4.174316729445423e-05, 'beta_0': 0.08407837657116425, 'beta_1': 5.996082515862719, 'beta_2': 0.2088228220381926, 'beta_3': 0.000994136653750995, 'beta_4': 6.557420345391059, 'beta_5': 32.43256033126477, 'beta_6': 0.040011548599005096, 'beta_7': 0.016111078632690925, 'beta_8': 3.929092440281042e-05, 'beta_9': 7.143373663607817e-07}. Best is trial 628 with value: 6559.85146146746.
[I 2026-03-31 23:17:35,628] Trial 657 finished with value: 6562.488392881776 and parameters: {'alpha_0': 0.0006129669484282868, 'alpha_1': 5.225641729527265e-05, 'alpha_2': 4.020925210135379e-05, 'beta_0': 0.08574122992768532, 'beta_1': 6.166253007190178, 'beta_2': 0.21168364180688837, 'beta_3': 0.0009568461582423225, 'beta_4': 7.811734023827198, 'beta_5': 31.590232182600012, 'beta_6': 0.04133233289602878, 'beta_7': 0.01572317143714338, 'beta_8': 3.8028794081761415e-05, 'beta_9': 6.79306060750351e-07}. Best is trial 628 with value: 6559.85146146746.
[I 2026-03-31 23:17:44,875] Trial 658 finished with value: 7109.555218861582 and parameters: {'alpha_0': 0.0006383796937245987, 'alpha_1': 5.22938639614026e-05, 'alpha_2': 4.126318941797629e-05, 'beta_0': 0.09884014971975814, 'beta_1': 6.243978256961131, 'beta_2': 0.21217208679366528, 'beta_3': 0.0009585212650466819, 'beta_4': 7.88152997458326, 'beta_5': 31.469148170914565, 'beta_6': 0.041348018349667455, 'beta_7': 0.01657030622112587, 'beta_8': 3.7717179666444664e-05, 'beta_9': 6.85704913248875e-07}. Best is trial 628 with value: 6559.85146146746.
[I 2026-03-31 23:17:54,200] Trial 659 finished with value: 6727.364546583438 and parameters: {'alpha_0': 0.0006045340763205358, 'alpha_1': 5.0143284601839285e-05, 'alpha_2': 4.030553866752801e-05, 'beta_0': 0.08910619300471578, 'beta_1': 6.031771459735229, 'beta_2': 0.21028221903552938, 'beta_3': 0.0009898266047875263, 'beta_4': 7.727699898034934, 'beta_5': 31.716181559957196, 'beta_6': 0.08728038628757298, 'beta_7': 0.015791314266169972, 'beta_8': 3.775446408324881e-05, 'beta_9': 6.169567457264664e-07}. Best is trial 628 with value: 6559.85146146746.
[I 2026-03-31 23:18:03,536] Trial 660 finished with value: 6761.4124132813695 and parameters: {'alpha_0': 0.0006024004213734215, 'alpha_1': 5.322420401468765e-05, 'alpha_2': 4.153729818362923e-05, 'beta_0': 0.09592968337679211, 'beta_1': 5.073490820349945, 'beta_2': 0.2153837926130395, 'beta_3': 0.0009592945227004286, 'beta_4': 6.876623700918709, 'beta_5': 32.949368151521995, 'beta_6': 0.041705267968355914, 'beta_7': 0.016166471600302205, 'beta_8': 3.845618635959297e-05, 'beta_9': 6.553597091054443e-07}. Best is trial 628 with value: 6559.85146146746.Best trial: 628. Best value: 6559.85:  33%|███▎      | 660/2000 [1:39:18<3:14:01,  8.69s/it]Best trial: 628. Best value: 6559.85:  33%|███▎      | 660/2000 [1:39:18<3:14:01,  8.69s/it]Best trial: 628. Best value: 6559.85:  33%|███▎      | 661/2000 [1:39:18<3:18:13,  8.88s/it]                                                                                            Best trial: 628. Best value: 6559.85:  33%|███▎      | 661/2000 [1:39:28<3:18:13,  8.88s/it]Best trial: 628. Best value: 6559.85:  33%|███▎      | 661/2000 [1:39:28<3:18:13,  8.88s/it]Best trial: 628. Best value: 6559.85:  33%|███▎      | 662/2000 [1:39:28<3:22:03,  9.06s/it]                                                                                            Best trial: 628. Best value: 6559.85:  33%|███▎      | 662/2000 [1:39:37<3:22:03,  9.06s/it]Best trial: 628. Best value: 6559.85:  33%|███▎      | 662/2000 [1:39:37<3:22:03,  9.06s/it]Best trial: 628. Best value: 6559.85:  33%|███▎      | 663/2000 [1:39:37<3:22:28,  9.09s/it]                                                                                            Best trial: 628. Best value: 6559.85:  33%|███▎      | 663/2000 [1:39:46<3:22:28,  9.09s/it]Best trial: 628. Best value: 6559.85:  33%|███▎      | 663/2000 [1:39:46<3:22:28,  9.09s/it]Best trial: 628. Best value: 6559.85:  33%|███▎      | 664/2000 [1:39:46<3:23:14,  9.13s/it]                                                                                            Best trial: 628. Best value: 6559.85:  33%|███▎      | 664/2000 [1:39:56<3:23:14,  9.13s/it]Best trial: 628. Best value: 6559.85:  33%|███▎      | 664/2000 [1:39:56<3:23:14,  9.13s/it]Best trial: 628. Best value: 6559.85:  33%|███▎      | 665/2000 [1:39:56<3:24:10,  9.18s/it]                                                                                            Best trial: 628. Best value: 6559.85:  33%|███▎      | 665/2000 [1:40:05<3:24:10,  9.18s/it]Best trial: 628. Best value: 6559.85:  33%|███▎      | 665/2000 [1:40:05<3:24:10,  9.18s/it]Best trial: 628. Best value: 6559.85:  33%|███▎      | 666/2000 [1:40:05<3:25:38,  9.25s/it]                                                                                            Best trial: 628. Best value: 6559.85:  33%|███▎      | 666/2000 [1:40:14<3:25:38,  9.25s/it]Best trial: 628. Best value: 6559.85:  33%|███▎      | 666/2000 [1:40:14<3:25:38,  9.25s/it]Best trial: 628. Best value: 6559.85:  33%|███▎      | 667/2000 [1:40:14<3:25:54,  9.27s/it]                                                                                            Best trial: 628. Best value: 6559.85:  33%|███▎      | 667/2000 [1:40:16<3:25:54,  9.27s/it]Best trial: 628. Best value: 6559.85:  33%|███▎      | 667/2000 [1:40:16<3:25:54,  9.27s/it]Best trial: 628. Best value: 6559.85:  33%|███▎      | 668/2000 [1:40:16<2:35:56,  7.02s/it]                                                                                            Best trial: 628. Best value: 6559.85:  33%|███▎      | 668/2000 [1:40:25<2:35:56,  7.02s/it]Best trial: 628. Best value: 6559.85:  33%|███▎      | 668/2000 [1:40:25<2:35:56,  7.02s/it]Best trial: 628. Best value: 6559.85:  33%|███▎      | 669/2000 [1:40:25<2:50:38,  7.69s/it]                                                                                            Best trial: 628. Best value: 6559.85:  33%|███▎      | 669/2000 [1:40:35<2:50:38,  7.69s/it]Best trial: 628. Best value: 6559.85:  33%|███▎      | 669/2000 [1:40:35<2:50:38,  7.69s/it]Best trial: 628. Best value: 6559.85:  34%|███▎      | 670/2000 [1:40:35<3:01:37,  8.19s/it]                                                                                            Best trial: 628. Best value: 6559.85:  34%|███▎      | 670/2000 [1:40:44<3:01:37,  8.19s/it]Best trial: 628. Best value: 6559.85:  34%|███▎      | 670/2000 [1:40:44<3:01:37,  8.19s/it]Best trial: 628. Best value: 6559.85:  34%|███▎      | 671/2000 [1:40:44<3:09:12,  8.54s/it]                                                                                            Best trial: 628. Best value: 6559.85:  34%|███▎      | 671/2000 [1:40:53<3:09:12,  8.54s/it]Best trial: 628. Best value: 6559.85:  34%|███▎      | 671/2000 [1:40:53<3:09:12,  8.54s/it]Best trial: 628. Best value: 6559.85:  34%|███▎      | 672/2000 [1:40:53<3:14:28,  8.79s/it]                                                                                            Best trial: 628. Best value: 6559.85:  34%|███▎      | 672/2000 [1:41:03<3:14:28,  8.79s/it]Best trial: 628. Best value: 6559.85:  34%|███▎      | 672/2000 [1:41:03<3:14:28,  8.79s/it]Best trial: 628. Best value: 6559.85:  34%|███▎      | 673/2000 [1:41:03<3:17:13,  8.92s/it]                                                                                            Best trial: 628. Best value: 6559.85:  34%|███▎      | 673/2000 [1:41:12<3:17:13,  8.92s/it]Best trial: 628. Best value: 6559.85:  34%|███▎      | 673/2000 [1:41:12<3:17:13,  8.92s/it]Best trial: 628. Best value: 6559.85:  34%|███▎      | 674/2000 [1:41:12<3:18:47,  9.00s/it]                                                                                            Best trial: 628. Best value: 6559.85:  34%|███▎      | 674/2000 [1:41:21<3:18:47,  9.00s/it]Best trial: 628. Best value: 6559.85:  34%|███▎      | 674/2000 [1:41:21<3:18:47,  9.00s/it]Best trial: 628. Best value: 6559.85:  34%|███▍      | 675/2000 [1:41:21<3:21:14,  9.11s/it]                                                                                            
[I 2026-03-31 23:18:13,014] Trial 661 finished with value: 7059.6537783516105 and parameters: {'alpha_0': 0.0005450943881446694, 'alpha_1': 5.215668708516673e-05, 'alpha_2': 4.255176967638456e-05, 'beta_0': 0.0930525769357643, 'beta_1': 5.77347591194017, 'beta_2': 0.20405147580355684, 'beta_3': 0.0009744741044529046, 'beta_4': 6.40109426492385, 'beta_5': 31.973611154669122, 'beta_6': 0.040045839654958816, 'beta_7': 0.01646680676877823, 'beta_8': 3.945425615699337e-05, 'beta_9': 7.178610931764124e-07}. Best is trial 628 with value: 6559.85146146746.
[I 2026-03-31 23:18:22,159] Trial 662 finished with value: 6645.911196185414 and parameters: {'alpha_0': 0.0006587437244766749, 'alpha_1': 5.20657470518069e-05, 'alpha_2': 4.0190295659556435e-05, 'beta_0': 0.09540976750178619, 'beta_1': 6.391422060641571, 'beta_2': 0.21345240849498717, 'beta_3': 0.0009328119806010721, 'beta_4': 7.52817810889331, 'beta_5': 31.278339476541042, 'beta_6': 0.0413686971015668, 'beta_7': 0.015846027325552355, 'beta_8': 3.999663812511317e-05, 'beta_9': 6.845061791834479e-07}. Best is trial 628 with value: 6559.85146146746.
[I 2026-03-31 23:18:31,383] Trial 663 finished with value: inf and parameters: {'alpha_0': 0.0006124857709682437, 'alpha_1': 5.386249719221148e-05, 'alpha_2': 4.2693831175551454e-05, 'beta_0': 0.0861241114409884, 'beta_1': 5.528515401020744, 'beta_2': 0.20665969447301213, 'beta_3': 0.0009498739301249063, 'beta_4': 6.484496767476797, 'beta_5': 32.496966464250775, 'beta_6': 0.04146658331190559, 'beta_7': 0.020571982533061035, 'beta_8': 3.875997148686225e-05, 'beta_9': 7.309759426975258e-07}. Best is trial 628 with value: 6559.85146146746.
