[I 2026-04-01 11:10:52,305] Trial 1995 finished with value: 6689.5106170129 and parameters: {'alpha_0': 0.0006412794345409228, 'alpha_1': 5.718789316748732e-05, 'alpha_2': 4.469103831234954e-05, 'beta_0': 0.08172995956680268, 'beta_1': 6.079600864107502, 'beta_2': 0.21125377457097672, 'beta_3': 0.0009195813977117465, 'beta_4': 7.000680663577715, 'beta_5': 35.597081621949656, 'beta_6': 0.04722189091860018, 'beta_7': 0.01564673843018983, 'beta_8': 3.8197144356455745e-05, 'beta_9': 1.5170799965264078e-06}. Best is trial 691 with value: 6538.461030825155.Best trial: 691. Best value: 6538.46: 100%|█████████▉| 1995/2000 [13:32:07<00:47,  9.44s/it]Best trial: 691. Best value: 6538.46: 100%|█████████▉| 1995/2000 [13:32:07<00:47,  9.44s/it]Best trial: 691. Best value: 6538.46: 100%|█████████▉| 1996/2000 [13:32:07<00:37,  9.42s/it]                                                                                            Best trial: 691. Best value: 6538.46: 100%|█████████▉| 1996/2000 [13:32:17<00:37,  9.42s/it]Best trial: 691. Best value: 6538.46: 100%|█████████▉| 1996/2000 [13:32:17<00:37,  9.42s/it]Best trial: 691. Best value: 6538.46: 100%|█████████▉| 1997/2000 [13:32:17<00:28,  9.46s/it]                                                                                            Best trial: 691. Best value: 6538.46: 100%|█████████▉| 1997/2000 [13:32:26<00:28,  9.46s/it]Best trial: 691. Best value: 6538.46: 100%|█████████▉| 1997/2000 [13:32:26<00:28,  9.46s/it]Best trial: 691. Best value: 6538.46: 100%|█████████▉| 1998/2000 [13:32:26<00:18,  9.48s/it]                                                                                            Best trial: 691. Best value: 6538.46: 100%|█████████▉| 1998/2000 [13:32:36<00:18,  9.48s/it]Best trial: 691. Best value: 6538.46: 100%|█████████▉| 1998/2000 [13:32:36<00:18,  9.48s/it]Best trial: 691. Best value: 6538.46: 100%|█████████▉| 1999/2000 [13:32:36<00:09,  9.47s/it]                                                                                            Best trial: 691. Best value: 6538.46: 100%|█████████▉| 1999/2000 [13:32:45<00:09,  9.47s/it]Best trial: 691. Best value: 6538.46: 100%|█████████▉| 1999/2000 [13:32:45<00:09,  9.47s/it]Best trial: 691. Best value: 6538.46: 100%|██████████| 2000/2000 [13:32:45<00:00,  9.50s/it]Best trial: 691. Best value: 6538.46: 100%|██████████| 2000/2000 [13:32:45<00:00, 24.38s/it]

[I 2026-04-01 11:11:01,854] Trial 1996 finished with value: 7141.320792879313 and parameters: {'alpha_0': 0.0005345968264838016, 'alpha_1': 5.3351345677091645e-05, 'alpha_2': 5.709189328500502e-05, 'beta_0': 0.09753050084495386, 'beta_1': 6.688484475295938, 'beta_2': 0.23485306449017332, 'beta_3': 0.001303663137877806, 'beta_4': 6.579041659143829, 'beta_5': 33.30733293202248, 'beta_6': 0.0409149452795622, 'beta_7': 0.015006971989130364, 'beta_8': 3.948049169396031e-05, 'beta_9': 6.746074678204051e-07}. Best is trial 691 with value: 6538.461030825155.
[I 2026-04-01 11:11:11,368] Trial 1997 finished with value: 6756.801774278126 and parameters: {'alpha_0': 0.000599661203754293, 'alpha_1': 5.571304288730713e-05, 'alpha_2': 4.843334119226079e-05, 'beta_0': 0.0715846237261204, 'beta_1': 6.273101488626386, 'beta_2': 0.2169257108473849, 'beta_3': 0.0009549879142201091, 'beta_4': 7.697886821014387, 'beta_5': 34.43119880759955, 'beta_6': 0.0444132941729197, 'beta_7': 0.015988648955545998, 'beta_8': 3.870993304930213e-05, 'beta_9': 6.066502315940584e-07}. Best is trial 691 with value: 6538.461030825155.
[I 2026-04-01 11:11:20,805] Trial 1998 finished with value: 7136.725386450897 and parameters: {'alpha_0': 0.0007723629166657413, 'alpha_1': 5.177296326689707e-05, 'alpha_2': 4.1405413660618537e-05, 'beta_0': 0.0917183117849345, 'beta_1': 5.697427342040979, 'beta_2': 0.20104042735412758, 'beta_3': 0.0009814801736563327, 'beta_4': 6.717402368921668, 'beta_5': 36.758789193927214, 'beta_6': 0.04279980873501248, 'beta_7': 0.016592309033529037, 'beta_8': 3.751810981068381e-05, 'beta_9': 5.396542149996478e-07}. Best is trial 691 with value: 6538.461030825155.
[I 2026-04-01 11:11:30,396] Trial 1999 finished with value: inf and parameters: {'alpha_0': 0.0006771176201835966, 'alpha_1': 5.359331278776235e-05, 'alpha_2': 4.33226465933301e-05, 'beta_0': 0.08509493982435652, 'beta_1': 6.0052653777355465, 'beta_2': 0.22418702999555665, 'beta_3': 0.0010049897941719163, 'beta_4': 6.454845457171441, 'beta_5': 35.29481181033123, 'beta_6': 0.040999818555430244, 'beta_7': 0.02292807600653497, 'beta_8': 3.6635153127131876e-05, 'beta_9': 6.436658574556588e-07}. Best is trial 691 with value: 6538.461030825155.

======================================================================
OPTIMIZATION COMPLETE
======================================================================

Best loss: 6538.461031
Best alpha: [0.0006270225604776213, 5.009482605348626e-05, 4.1600861093088436e-05]
Best beta: [0.09197073451522875, 6.397725142524387, 0.20710331074392424, 0.0010052401525536803, 6.470497668201224, 33.56914892682796, 0.042199830198807714, 0.015732416657883434, 3.709823452950479e-05, 7.167428421512639e-07]
Trials completed: 2000/2000
Optimization time: 48765.8s
Time per trial: 24.38s

======================================================================
POST-CONVERGENCE EVALUATION
======================================================================

Per-experiment metrics:
  /Users/dipanwitaguhathakurta/Downloads/inference-sim-package/inference-sim/training/trainval_data/64-qwen2-5-7b-instruct-tp1-roleplay-1-1: TTFT APE=4151.489%, E2E APE=11357.116%
  /Users/dipanwitaguhathakurta/Downloads/inference-sim-package/inference-sim/training/trainval_data/20260217-162547-llama-2-7b-tp1-roleplay: TTFT APE=4123.527%, E2E APE=9711.098%
  /Users/dipanwitaguhathakurta/Downloads/inference-sim-package/inference-sim/training/trainval_data/62-mistral-nemo-12b-tp2-general-lite-2-1: TTFT APE=4167.106%, E2E APE=5164.287%
  /Users/dipanwitaguhathakurta/Downloads/inference-sim-package/inference-sim/training/trainval_data/20260217-155451-llama-2-7b-tp1-codegen: TTFT APE=1847.491%, E2E APE=3758.024%
  /Users/dipanwitaguhathakurta/Downloads/inference-sim-package/inference-sim/training/trainval_data/21-llama-4-scout-17b-16e-tp2-roleplay-2: TTFT APE=1633.500%, E2E APE=3378.067%
  /Users/dipanwitaguhathakurta/Downloads/inference-sim-package/inference-sim/training/trainval_data/63-mistral-nemo-12b-tp1-codegen-1-1: TTFT APE=1436.624%, E2E APE=2582.971%
  /Users/dipanwitaguhathakurta/Downloads/inference-sim-package/inference-sim/training/trainval_data/65-01-ai-yi-34b-tp2-general-lite-2-1: TTFT APE=1295.898%, E2E APE=1876.675%
  /Users/dipanwitaguhathakurta/Downloads/inference-sim-package/inference-sim/training/trainval_data/60-llama-3-1-70b-tp4-general-lite-4-1: TTFT APE=956.352%, E2E APE=1611.242%
  /Users/dipanwitaguhathakurta/Downloads/inference-sim-package/inference-sim/training/trainval_data/20260217-231439-llama-2-7b-tp1-general: TTFT APE=1182.936%, E2E APE=1354.126%
  /Users/dipanwitaguhathakurta/Downloads/inference-sim-package/inference-sim/training/trainval_data/17-llama-4-scout-17b-16e-tp2-general-lite-2-1: TTFT APE=863.164%, E2E APE=1459.860%
  /Users/dipanwitaguhathakurta/Downloads/inference-sim-package/inference-sim/training/trainval_data/20-llama-4-scout-17b-16e-tp2-codegen-2: TTFT APE=708.062%, E2E APE=1334.861%
  /Users/dipanwitaguhathakurta/Downloads/inference-sim-package/inference-sim/training/trainval_data/61-llama-3-1-70b-tp4-codegen-4-1: TTFT APE=786.402%, E2E APE=1229.992%
  /Users/dipanwitaguhathakurta/Downloads/inference-sim-package/inference-sim/training/trainval_data/66-qwen2-5-7b-instruct-tp1-reasoning-lite-1-1: TTFT APE=668.464%, E2E APE=179.935%
  /Users/dipanwitaguhathakurta/Downloads/inference-sim-package/inference-sim/training/trainval_data/67-llama-2-7b-hf-tp1-reasoning-lite-1-1: TTFT APE=237.838%, E2E APE=75.117%
  /Users/dipanwitaguhathakurta/Downloads/inference-sim-package/inference-sim/training/trainval_data/48-llama-4-scout-17b-16e-tp2-reasoning-lite-2-1: TTFT APE=29.533%, E2E APE=27.290%

Results saved to: iterations/iter15/inner_loop_results.json

======================================================================
INNER LOOP COMPLETE
======================================================================
