[I 2026-04-01 09:38:09,882] Trial 1383 finished with value: 6576.748261972077 and parameters: {'alpha_0': 0.0005947784777928435, 'alpha_1': 5.5989320348804065e-05, 'alpha_2': 4.2402660101846344e-05, 'beta_0': 0.0727771618006455, 'beta_1': 6.881332071113784, 'beta_2': 0.21105784832823443, 'beta_3': 0.0009282805828953972, 'beta_4': 6.079406242761237, 'beta_5': 36.28710608250034, 'beta_6': 0.040033695182541296, 'beta_7': 0.015784050480881395, 'beta_8': 3.947341930340231e-05, 'beta_9': 7.451776251836335e-07}. Best is trial 691 with value: 6538.461030825155.
[I 2026-04-01 09:38:19,255] Trial 1384 finished with value: 7404.134118648866 and parameters: {'alpha_0': 0.0007153588637335709, 'alpha_1': 5.863467872703807e-05, 'alpha_2': 4.4157654288567164e-05, 'beta_0': 0.09354902358589767, 'beta_1': 10.364835690481407, 'beta_2': 0.23808830153330707, 'beta_3': 0.0008694850252436625, 'beta_4': 6.569388807243434, 'beta_5': 33.51829710481008, 'beta_6': 0.042129817706641044, 'beta_7': 0.015252653292286148, 'beta_8': 3.788579805536258e-05, 'beta_9': 7.223108071122697e-07}. Best is trial 691 with value: 6538.461030825155.
[I 2026-04-01 09:38:28,512] Trial 1385 finished with value: 6797.335519429238 and parameters: {'alpha_0': 0.0005627285879790211, 'alpha_1': 5.189405877212198e-05, 'alpha_2': 4.1508652198190924e-05, 'beta_0': 0.081800445865174, 'beta_1': 6.001253029214291, 'beta_2': 0.20831911427453575, 'beta_3': 0.0009700431448986678, 'beta_4': 6.226307402329652, 'beta_5': 32.42118672722015, 'beta_6': 0.043811130131895325, 'beta_7': 0.01620515746758824, 'beta_8': 3.892679272459502e-05, 'beta_9': 7.950356040164827e-07}. Best is trial 691 with value: 6538.461030825155.
[I 2026-04-01 09:38:31,440] Trial 1386 finished with value: inf and parameters: {'alpha_0': 0.0006641073669450372, 'alpha_1': 5.4378683089212487e-05, 'alpha_2': 4.579835768540596e-05, 'beta_0': 0.07661081877427235, 'beta_1': 6.357306773148929, 'beta_2': 0.21472416373191833, 'beta_3': 0.0009467275975722991, 'beta_4': 7.856745544497764, 'beta_5': 33.906860463599436, 'beta_6': 0.04164827831482381, 'beta_7': 0.0238499513328245, 'beta_8': 3.8334205004233034e-05, 'beta_9': 6.651651536554782e-07}. Best is trial 691 with value: 6538.461030825155.
[I 2026-04-01 09:38:40,627] Trial 1387 finished with value: 6901.587392270736 and parameters: {'alpha_0': 0.0006162507589480861, 'alpha_1': 5.689895305430935e-05, 'alpha_2': 8.400188983255241e-05, 'beta_0': 0.08806614447460788, 'beta_1': 5.5960440734005505, 'beta_2': 0.21186690456647508, 'beta_3': 0.0008885265076223858, 'beta_4': 6.444138265312743, 'beta_5': 35.179009447369886, 'beta_6': 0.042933452190724884, 'beta_7': 0.01646182144410304, 'beta_8': 3.950891004028497e-05, 'beta_9': 6.892569734001157e-07}. Best is trial 691 with value: 6538.461030825155.
[I 2026-04-01 09:38:49,945] Trial 1388 finished with value: 7023.813523641491 and parameters: {'alpha_0': 0.0005536887345539149, 'alpha_1': 5.160551996027527e-05, 'alpha_2': 0.00010283209735722537, 'beta_0': 0.0996565512376078, 'beta_1': 9.881830566407134, 'beta_2': 0.20654237216170077, 'beta_3': 0.0008512024288803119, 'beta_4': 7.072022918037069, 'beta_5': 31.910779449777714, 'beta_6': 0.040962531017578074, 'beta_7': 0.015493259261147866, 'beta_8': 3.903960703535437e-05, 'beta_9': 6.438319487474261e-07}. Best is trial 691 with value: 6538.461030825155.
[I 2026-04-01 09:38:59,141] Trial 1389 finished with value: 6676.014753982135 and parameters: {'alpha_0': 0.0006406061187996132, 'alpha_1': 5.3818181144153346e-05, 'alpha_2': 4.1622689557161976e-05, 'beta_0': 0.09557399740841438, 'beta_1': 5.787759473710893, 'beta_2': 0.24754390849362748, 'beta_3': 0.0009808106817778086, 'beta_4': 5.361820810764934, 'beta_5': 33.00248276016544, 'beta_6': 0.04486395789950567, 'beta_7': 0.015889343822115917, 'beta_8': 3.747511967747707e-05, 'beta_9': 7.52234453448516e-07}. Best is trial 691 with value: 6538.461030825155.
[I 2026-04-01 09:39:08,303] Trial 1390 finished with value: 6746.839555988943 and parameters: {'alpha_0': 0.0006882722053073447, 'alpha_1': 5.515619124194363e-05, 'alpha_2': 4.003254077944565e-05, 'beta_0': 0.08473255910379482, 'beta_1': 6.176361824239053, 'beta_2': 0.2098101247082657, 'beta_3': 0.0009230612539033396, 'beta_4': 6.637909666087993, 'beta_5': 35.7682827333233, 'beta_6': 0.04207368424617194, 'beta_7': 0.016117379255459436, 'beta_8': 3.954812863321132e-05, 'beta_9': 1.2657487795341043e-06}. Best is trial 691 with value: 6538.461030825155.
[I 2026-04-01 09:39:17,564] Trial 1391 finished with value: 6566.544866162732 and parameters: {'alpha_0': 0.0008166937343217386, 'alpha_1': 5.002260808073096e-05, 'alpha_2': 4.392215245945597e-05, 'beta_0': 0.06980209364201426, 'beta_1': 6.685622368103323, 'beta_2': 0.21728985587455912, 'beta_3': 0.0010612116684550867, 'beta_4': 6.328360335579292, 'beta_5': 34.664087635237074, 'beta_6': 0.043822624809549494, 'beta_7': 0.015710269160516762, 'beta_8': 3.9938598975594536e-05, 'beta_9': 5.70599686743773e-07}. Best is trial 691 with value: 6538.461030825155.
[I 2026-04-01 09:39:26,863] Trial 1392 finished with value: 7123.155229824672 and parameters: {'alpha_0': 0.0008016408646861163, 'alpha_1': 5.185471878489467e-05, 'alpha_2': 4.573670089956815e-05, 'beta_0': 0.06832468361694068, 'beta_1': 7.143057526106142, 'beta_2': 0.21115754223278013, 'beta_3': 0.0010625287797789117, 'beta_4': 5.968082715255404, 'beta_5': 34.981689936548534, 'beta_6': 0.04624060069300028, 'beta_7': 0.015268684701070012, 'beta_8': 3.992132346356587e-05, 'beta_9': 5.41609896562742e-07}. Best is trial 691 with value: 6538.461030825155.
[I 2026-04-01 09:39:36,123] Trial 1393 finished with value: 6628.7421802426 and parameters: {'alpha_0': 0.0007442396255182504, 'alpha_1': 5.324158758536623e-05, 'alpha_2': 4.608076134577199e-05, 'beta_0': 0.06684436933542623, 'beta_1': 7.130961514027793, 'beta_2': 0.21526315997107545, 'beta_3': 0.0010730430437901988, 'beta_4': 6.192546876497001, 'beta_5': 34.79955940880775, 'beta_6': 0.04736347075508818, 'beta_7': 0.015577012626877653, 'beta_8': 3.9917220676462764e-05, 'beta_9': 5.444726349680111e-07}. Best is trial 691 with value: 6538.461030825155.
[I 2026-04-01 09:39:45,454] Trial 1394 finished with value: 7246.973093982213 and parameters: {'alpha_0': 0.0007475919017401345, 'alpha_1': 5.016221833710501e-05, 'alpha_2': 4.4551425635651095e-05, 'beta_0': 0.06490302411155294, 'beta_1': 7.010369156958772, 'beta_2': 0.21786587789392337, 'beta_3': 0.0010261816426823521, 'beta_4': 6.068851071069768, 'beta_5': 35.45294880967307, 'beta_6': 0.04601957227715934, 'beta_7': 0.015226787605199984, 'beta_8': 3.9928699447099944e-05, 'beta_9': 5.684607714224181e-07}. Best is trial 691 with value: 6538.461030825155.
[I 2026-04-01 09:39:54,665] Trial 1395 finished with value: 6689.85871266333 and parameters: {'alpha_0': 0.0008275065066977032, 'alpha_1': 5.9400735914536165e-05, 'alpha_2': 4.533125161137968e-05, 'beta_0': 0.0706511389773224, 'beta_1': 6.86413082967394, 'beta_2': 0.21875980389539998, 'beta_3': 0.0010549736901062385, 'beta_4': 6.285125445430682, 'beta_5': 34.576780268037986, 'beta_6': 0.04533590154307857, 'beta_7': 0.015809122833085068, 'beta_8': 3.996297136243733e-05, 'beta_9': 5.663762722188179e-07}. Best is trial 691 with value: 6538.461030825155.Best trial: 691. Best value: 6538.46:  70%|██████▉   | 1395/2000 [12:01:10<1:32:28,  9.17s/it]Best trial: 691. Best value: 6538.46:  70%|██████▉   | 1395/2000 [12:01:10<1:32:28,  9.17s/it]Best trial: 691. Best value: 6538.46:  70%|██████▉   | 1396/2000 [12:01:10<1:32:26,  9.18s/it]                                                                                              Best trial: 691. Best value: 6538.46:  70%|██████▉   | 1396/2000 [12:01:19<1:32:26,  9.18s/it]Best trial: 691. Best value: 6538.46:  70%|██████▉   | 1396/2000 [12:01:19<1:32:26,  9.18s/it]Best trial: 691. Best value: 6538.46:  70%|██████▉   | 1397/2000 [12:01:19<1:32:24,  9.19s/it]                                                                                              Best trial: 691. Best value: 6538.46:  70%|██████▉   | 1397/2000 [12:01:28<1:32:24,  9.19s/it]Best trial: 691. Best value: 6538.46:  70%|██████▉   | 1397/2000 [12:01:28<1:32:24,  9.19s/it]Best trial: 691. Best value: 6538.46:  70%|██████▉   | 1398/2000 [12:01:28<1:32:20,  9.20s/it]                                                                                              Best trial: 691. Best value: 6538.46:  70%|██████▉   | 1398/2000 [12:01:37<1:32:20,  9.20s/it]Best trial: 691. Best value: 6538.46:  70%|██████▉   | 1398/2000 [12:01:37<1:32:20,  9.20s/it]Best trial: 691. Best value: 6538.46:  70%|██████▉   | 1399/2000 [12:01:37<1:32:19,  9.22s/it]                                                                                              Best trial: 691. Best value: 6538.46:  70%|██████▉   | 1399/2000 [12:01:47<1:32:19,  9.22s/it]Best trial: 691. Best value: 6538.46:  70%|██████▉   | 1399/2000 [12:01:47<1:32:19,  9.22s/it]Best trial: 691. Best value: 6538.46:  70%|███████   | 1400/2000 [12:01:47<1:32:24,  9.24s/it]                                                                                              Best trial: 691. Best value: 6538.46:  70%|███████   | 1400/2000 [12:01:56<1:32:24,  9.24s/it]Best trial: 691. Best value: 6538.46:  70%|███████   | 1400/2000 [12:01:56<1:32:24,  9.24s/it]Best trial: 691. Best value: 6538.46:  70%|███████   | 1401/2000 [12:01:56<1:32:34,  9.27s/it]                                                                                              Best trial: 691. Best value: 6538.46:  70%|███████   | 1401/2000 [12:02:05<1:32:34,  9.27s/it]Best trial: 691. Best value: 6538.46:  70%|███████   | 1401/2000 [12:02:05<1:32:34,  9.27s/it]Best trial: 691. Best value: 6538.46:  70%|███████   | 1402/2000 [12:02:05<1:32:47,  9.31s/it]                                                                                              Best trial: 691. Best value: 6538.46:  70%|███████   | 1402/2000 [12:02:15<1:32:47,  9.31s/it]Best trial: 691. Best value: 6538.46:  70%|███████   | 1402/2000 [12:02:15<1:32:47,  9.31s/it]Best trial: 691. Best value: 6538.46:  70%|███████   | 1403/2000 [12:02:15<1:32:35,  9.31s/it]                                                                                              Best trial: 691. Best value: 6538.46:  70%|███████   | 1403/2000 [12:02:24<1:32:35,  9.31s/it]Best trial: 691. Best value: 6538.46:  70%|███████   | 1403/2000 [12:02:24<1:32:35,  9.31s/it]Best trial: 691. Best value: 6538.46:  70%|███████   | 1404/2000 [12:02:24<1:32:39,  9.33s/it]                                                                                              Best trial: 691. Best value: 6538.46:  70%|███████   | 1404/2000 [12:02:33<1:32:39,  9.33s/it]Best trial: 691. Best value: 6538.46:  70%|███████   | 1404/2000 [12:02:33<1:32:39,  9.33s/it]Best trial: 691. Best value: 6538.46:  70%|███████   | 1405/2000 [12:02:33<1:32:17,  9.31s/it]                                                                                              Best trial: 691. Best value: 6538.46:  70%|███████   | 1405/2000 [12:02:43<1:32:17,  9.31s/it]Best trial: 691. Best value: 6538.46:  70%|███████   | 1405/2000 [12:02:43<1:32:17,  9.31s/it]Best trial: 691. Best value: 6538.46:  70%|███████   | 1406/2000 [12:02:43<1:32:12,  9.31s/it]                                                                                              Best trial: 691. Best value: 6538.46:  70%|███████   | 1406/2000 [12:02:52<1:32:12,  9.31s/it]Best trial: 691. Best value: 6538.46:  70%|███████   | 1406/2000 [12:02:52<1:32:12,  9.31s/it]Best trial: 691. Best value: 6538.46:  70%|███████   | 1407/2000 [12:02:52<1:32:31,  9.36s/it]                                                                                              Best trial: 691. Best value: 6538.46:  70%|███████   | 1407/2000 [12:03:01<1:32:31,  9.36s/it]Best trial: 691. Best value: 6538.46:  70%|███████   | 1407/2000 [12:03:01<1:32:31,  9.36s/it]Best trial: 691. Best value: 6538.46:  70%|███████   | 1408/2000 [12:03:01<1:32:15,  9.35s/it]                                                                                              Best trial: 691. Best value: 6538.46:  70%|███████   | 1408/2000 [12:03:11<1:32:15,  9.35s/it]Best trial: 691. Best value: 6538.46:  70%|███████   | 1408/2000 [12:03:11<1:32:15,  9.35s/it]Best trial: 691. Best value: 6538.46:  70%|███████   | 1409/2000 [12:03:11<1:32:19,  9.37s/it]                                                                                              Best trial: 691. Best value: 6538.46:  70%|███████   | 1409/2000 [12:03:20<1:32:19,  9.37s/it]Best trial: 691. Best value: 6538.46:  70%|███████   | 1409/2000 [12:03:20<1:32:19,  9.37s/it]Best trial: 691. Best value: 6538.46:  70%|███████   | 1410/2000 [12:03:20<1:32:04,  9.36s/it]                                                                                              
[I 2026-04-01 09:40:03,887] Trial 1396 finished with value: 6679.016720533181 and parameters: {'alpha_0': 0.0007938724523246556, 'alpha_1': 5.6705794598881485e-05, 'alpha_2': 4.636269786447409e-05, 'beta_0': 0.06806591031443192, 'beta_1': 6.8178821360357835, 'beta_2': 0.21809233774548573, 'beta_3': 0.0010225676129059175, 'beta_4': 6.1770557250508515, 'beta_5': 35.9745654254923, 'beta_6': 0.044380003513795535, 'beta_7': 0.015522415068960106, 'beta_8': 3.9518154035764135e-05, 'beta_9': 5.177812332268021e-07}. Best is trial 691 with value: 6538.461030825155.
[I 2026-04-01 09:40:13,115] Trial 1397 finished with value: 6796.063387096976 and parameters: {'alpha_0': 0.0007237969169930675, 'alpha_1': 5.161895742388791e-05, 'alpha_2': 4.442134971616819e-05, 'beta_0': 0.07085566050386613, 'beta_1': 6.715112726817494, 'beta_2': 0.2166345878442519, 'beta_3': 0.0010724735439215124, 'beta_4': 6.338913071675838, 'beta_5': 34.89729644561858, 'beta_6': 0.044338511607957265, 'beta_7': 0.01619991375124657, 'beta_8': 3.9461708526757136e-05, 'beta_9': 5.825391759155986e-07}. Best is trial 691 with value: 6538.461030825155.
[I 2026-04-01 09:40:22,362] Trial 1398 finished with value: 7193.815226780068 and parameters: {'alpha_0': 0.0007752245131308175, 'alpha_1': 0.000106526952649256, 'alpha_2': 4.385677009160487e-05, 'beta_0': 0.06576230275779557, 'beta_1': 6.5375008991052574, 'beta_2': 0.2232265006999215, 'beta_3': 0.0011108635562814583, 'beta_4': 6.1041003543920445, 'beta_5': 35.40805576581399, 'beta_6': 0.04516655463014589, 'beta_7': 0.016740909322362083, 'beta_8': 3.9971891544301954e-05, 'beta_9': 5.023889509096036e-07}. Best is trial 691 with value: 6538.461030825155.
[I 2026-04-01 09:40:31,660] Trial 1399 finished with value: 6693.288677163573 and parameters: {'alpha_0': 0.0008147514935504415, 'alpha_1': 6.184374887216672e-05, 'alpha_2': 4.722194706570484e-05, 'beta_0': 0.0718505912558739, 'beta_1': 6.939289999069325, 'beta_2': 0.21876618177041932, 'beta_3': 0.0010644152552670163, 'beta_4': 6.8185865806616155, 'beta_5': 34.423148660435274, 'beta_6': 0.043546352653141045, 'beta_7': 0.01583055060823626, 'beta_8': 3.9989482073724465e-05, 'beta_9': 5.334046769532946e-07}. Best is trial 691 with value: 6538.461030825155.
[I 2026-04-01 09:40:41,008] Trial 1400 finished with value: 7409.242277102021 and parameters: {'alpha_0': 0.0007339516707739263, 'alpha_1': 5.360906494994171e-05, 'alpha_2': 4.48352937591505e-05, 'beta_0': 0.06413718493428473, 'beta_1': 6.741954778200565, 'beta_2': 0.21985984902561634, 'beta_3': 0.001104787683202952, 'beta_4': 6.989637068545898, 'beta_5': 34.271301430553414, 'beta_6': 0.044701338446983076, 'beta_7': 0.015017848635826569, 'beta_8': 3.9973569070563694e-05, 'beta_9': 5.696827982775259e-07}. Best is trial 691 with value: 6538.461030825155.
[I 2026-04-01 09:40:50,402] Trial 1401 finished with value: 6694.112106430022 and parameters: {'alpha_0': 0.0007076767676951858, 'alpha_1': 5.545245884916093e-05, 'alpha_2': 4.378525647939886e-05, 'beta_0': 0.07077901150592321, 'beta_1': 6.6908904993142535, 'beta_2': 0.2211916326369629, 'beta_3': 0.0010586423479434404, 'beta_4': 6.31056906731925, 'beta_5': 36.48399154476068, 'beta_6': 0.0467732551184481, 'beta_7': 0.015463170321311117, 'beta_8': 3.910937946217054e-05, 'beta_9': 5.880590072279952e-07}. Best is trial 691 with value: 6538.461030825155.
[I 2026-04-01 09:40:59,699] Trial 1402 finished with value: 6755.183332103665 and parameters: {'alpha_0': 0.0007798730777493598, 'alpha_1': 5.0073586126053406e-05, 'alpha_2': 4.6535025962736234e-05, 'beta_0': 0.0733872252466004, 'beta_1': 7.001477822782339, 'beta_2': 0.21636860321050846, 'beta_3': 0.0010863049240666695, 'beta_4': 6.226077303147134, 'beta_5': 37.1246890867533, 'beta_6': 0.04460416847865213, 'beta_7': 0.01600417754088557, 'beta_8': 3.902801838405895e-05, 'beta_9': 5.578308152461989e-07}. Best is trial 691 with value: 6538.461030825155.
[I 2026-04-01 09:41:09,078] Trial 1403 finished with value: 7070.563074162999 and parameters: {'alpha_0': 0.0006961787734007779, 'alpha_1': 5.333116130560942e-05, 'alpha_2': 4.343452255135708e-05, 'beta_0': 0.06690535950509553, 'beta_1': 6.616228690081274, 'beta_2': 0.21367543024433744, 'beta_3': 0.0010917046238450023, 'beta_4': 6.348683450446523, 'beta_5': 35.24550608628413, 'beta_6': 0.04358635368205844, 'beta_7': 0.016401058549581217, 'beta_8': 3.9072577562186934e-05, 'beta_9': 5.931487997278355e-07}. Best is trial 691 with value: 6538.461030825155.
[I 2026-04-01 09:41:18,337] Trial 1404 finished with value: 6733.488673622402 and parameters: {'alpha_0': 0.0007479397201415591, 'alpha_1': 5.829191815870683e-05, 'alpha_2': 4.545298779245796e-05, 'beta_0': 0.07431754187289696, 'beta_1': 7.311204213036416, 'beta_2': 0.21581118559387485, 'beta_3': 0.0008165842733588638, 'beta_4': 6.8718317085928895, 'beta_5': 34.701862723150754, 'beta_6': 0.04356696530630664, 'beta_7': 0.01568426548720613, 'beta_8': 3.937538576418454e-05, 'beta_9': 5.3249048379023e-07}. Best is trial 691 with value: 6538.461030825155.
[I 2026-04-01 09:41:27,664] Trial 1405 finished with value: 6840.397140956531 and parameters: {'alpha_0': 0.0006760137544497379, 'alpha_1': 9.078433076142925e-05, 'alpha_2': 4.323240625250033e-05, 'beta_0': 0.07027529325533682, 'beta_1': 5.448740429203673, 'beta_2': 0.21675511823653468, 'beta_3': 0.001040137612797197, 'beta_4': 6.755193011346946, 'beta_5': 35.971055850410565, 'beta_6': 0.04331669467251396, 'beta_7': 0.016038585763758034, 'beta_8': 3.8698345288226337e-05, 'beta_9': 5.459725267063878e-07}. Best is trial 691 with value: 6538.461030825155.
[I 2026-04-01 09:41:37,140] Trial 1406 finished with value: 6909.533976369599 and parameters: {'alpha_0': 0.0006595585032218973, 'alpha_1': 5.164646069830546e-05, 'alpha_2': 4.488189105175113e-05, 'beta_0': 0.0652603725033512, 'beta_1': 5.29648824275889, 'beta_2': 0.21374299138458389, 'beta_3': 0.0011079183900495433, 'beta_4': 6.549800568370346, 'beta_5': 35.52145275888601, 'beta_6': 0.04564177284124027, 'beta_7': 0.015343062742831046, 'beta_8': 3.8496228136593654e-05, 'beta_9': 5.986705304584619e-07}. Best is trial 691 with value: 6538.461030825155.
[I 2026-04-01 09:41:46,466] Trial 1407 finished with value: 6565.844046608753 and parameters: {'alpha_0': 0.0007079327767589369, 'alpha_1': 5.5609758376865574e-05, 'alpha_2': 4.725026803234473e-05, 'beta_0': 0.06273649093727632, 'beta_1': 6.540469855124504, 'beta_2': 0.21371564120916042, 'beta_3': 0.0010969673604574021, 'beta_4': 6.644461275537205, 'beta_5': 34.15582636272877, 'beta_6': 0.04310901997330904, 'beta_7': 0.015668942876020362, 'beta_8': 3.937980569153491e-05, 'beta_9': 5.585116018939792e-07}. Best is trial 691 with value: 6538.461030825155.
[I 2026-04-01 09:41:55,888] Trial 1408 finished with value: 7177.004949207236 and parameters: {'alpha_0': 0.0007749809044715185, 'alpha_1': 6.0475772548689456e-05, 'alpha_2': 4.857306622777475e-05, 'beta_0': 0.0631088405356601, 'beta_1': 6.823925493848547, 'beta_2': 0.21587723683167284, 'beta_3': 0.001087091763631183, 'beta_4': 6.759695300662193, 'beta_5': 34.52895325880747, 'beta_6': 0.04597540892985857, 'beta_7': 0.015196866912190904, 'beta_8': 3.82368624837543e-05, 'beta_9': 5.005421342048778e-07}. Best is trial 691 with value: 6538.461030825155.
[I 2026-04-01 09:42:05,231] Trial 1409 finished with value: 6609.45041046496 and parameters: {'alpha_0': 0.0008379055857077424, 'alpha_1': 5.731771002156544e-05, 'alpha_2': 4.8609410534839625e-05, 'beta_0': 0.06087887657021647, 'beta_1': 6.612639890279177, 'beta_2': 0.21790159352693547, 'beta_3': 0.001095568365508359, 'beta_4': 6.8463540784397034, 'beta_5': 34.91732945915158, 'beta_6': 0.044423548767761625, 'beta_7': 0.015560298437607586, 'beta_8': 3.805762505383366e-05, 'beta_9': 5.596905950321388e-07}. Best is trial 691 with value: 6538.461030825155.
