[I 2026-04-01 10:29:40,455] Trial 1725 finished with value: 7180.269354801452 and parameters: {'alpha_0': 0.000789763983211997, 'alpha_1': 5.169071931053525e-05, 'alpha_2': 4.42002608809509e-05, 'beta_0': 0.10189188846362998, 'beta_1': 6.959170193850589, 'beta_2': 0.2171589561679048, 'beta_3': 0.0010845823118730122, 'beta_4': 5.5954558514446475, 'beta_5': 37.79681356475568, 'beta_6': 0.04866976819283679, 'beta_7': 0.015260850217465056, 'beta_8': 3.810094942337265e-05, 'beta_9': 6.399719864483057e-07}. Best is trial 691 with value: 6538.461030825155.Best trial: 691. Best value: 6538.46:  86%|████████▋ | 1725/2000 [12:50:55<40:32,  8.84s/it]Best trial: 691. Best value: 6538.46:  86%|████████▋ | 1725/2000 [12:50:55<40:32,  8.84s/it]Best trial: 691. Best value: 6538.46:  86%|████████▋ | 1726/2000 [12:50:55<41:08,  9.01s/it]                                                                                            Best trial: 691. Best value: 6538.46:  86%|████████▋ | 1726/2000 [12:51:05<41:08,  9.01s/it]Best trial: 691. Best value: 6538.46:  86%|████████▋ | 1726/2000 [12:51:05<41:08,  9.01s/it]Best trial: 691. Best value: 6538.46:  86%|████████▋ | 1727/2000 [12:51:05<41:36,  9.14s/it]                                                                                            Best trial: 691. Best value: 6538.46:  86%|████████▋ | 1727/2000 [12:51:14<41:36,  9.14s/it]Best trial: 691. Best value: 6538.46:  86%|████████▋ | 1727/2000 [12:51:14<41:36,  9.14s/it]Best trial: 691. Best value: 6538.46:  86%|████████▋ | 1728/2000 [12:51:14<41:49,  9.23s/it]                                                                                            Best trial: 691. Best value: 6538.46:  86%|████████▋ | 1728/2000 [12:51:24<41:49,  9.23s/it]Best trial: 691. Best value: 6538.46:  86%|████████▋ | 1728/2000 [12:51:24<41:49,  9.23s/it]Best trial: 691. Best value: 6538.46:  86%|████████▋ | 1729/2000 [12:51:24<42:01,  9.31s/it]                                                                                            Best trial: 691. Best value: 6538.46:  86%|████████▋ | 1729/2000 [12:51:33<42:01,  9.31s/it]Best trial: 691. Best value: 6538.46:  86%|████████▋ | 1729/2000 [12:51:33<42:01,  9.31s/it]Best trial: 691. Best value: 6538.46:  86%|████████▋ | 1730/2000 [12:51:33<41:59,  9.33s/it]                                                                                            Best trial: 691. Best value: 6538.46:  86%|████████▋ | 1730/2000 [12:51:43<41:59,  9.33s/it]Best trial: 691. Best value: 6538.46:  86%|████████▋ | 1730/2000 [12:51:43<41:59,  9.33s/it]Best trial: 691. Best value: 6538.46:  87%|████████▋ | 1731/2000 [12:51:43<41:54,  9.35s/it]                                                                                            Best trial: 691. Best value: 6538.46:  87%|████████▋ | 1731/2000 [12:51:52<41:54,  9.35s/it]Best trial: 691. Best value: 6538.46:  87%|████████▋ | 1731/2000 [12:51:52<41:54,  9.35s/it]Best trial: 691. Best value: 6538.46:  87%|████████▋ | 1732/2000 [12:51:52<41:52,  9.37s/it]                                                                                            Best trial: 691. Best value: 6538.46:  87%|████████▋ | 1732/2000 [12:52:01<41:52,  9.37s/it]Best trial: 691. Best value: 6538.46:  87%|████████▋ | 1732/2000 [12:52:01<41:52,  9.37s/it]Best trial: 691. Best value: 6538.46:  87%|████████▋ | 1733/2000 [12:52:01<41:45,  9.38s/it]                                                                                            Best trial: 691. Best value: 6538.46:  87%|████████▋ | 1733/2000 [12:52:11<41:45,  9.38s/it]Best trial: 691. Best value: 6538.46:  87%|████████▋ | 1733/2000 [12:52:11<41:45,  9.38s/it]Best trial: 691. Best value: 6538.46:  87%|████████▋ | 1734/2000 [12:52:11<41:27,  9.35s/it]                                                                                            Best trial: 691. Best value: 6538.46:  87%|████████▋ | 1734/2000 [12:52:20<41:27,  9.35s/it]Best trial: 691. Best value: 6538.46:  87%|████████▋ | 1734/2000 [12:52:20<41:27,  9.35s/it]Best trial: 691. Best value: 6538.46:  87%|████████▋ | 1735/2000 [12:52:20<41:21,  9.36s/it]                                                                                            Best trial: 691. Best value: 6538.46:  87%|████████▋ | 1735/2000 [12:52:29<41:21,  9.36s/it]Best trial: 691. Best value: 6538.46:  87%|████████▋ | 1735/2000 [12:52:29<41:21,  9.36s/it]Best trial: 691. Best value: 6538.46:  87%|████████▋ | 1736/2000 [12:52:29<41:16,  9.38s/it]                                                                                            Best trial: 691. Best value: 6538.46:  87%|████████▋ | 1736/2000 [12:52:39<41:16,  9.38s/it]Best trial: 691. Best value: 6538.46:  87%|████████▋ | 1736/2000 [12:52:39<41:16,  9.38s/it]Best trial: 691. Best value: 6538.46:  87%|████████▋ | 1737/2000 [12:52:39<41:14,  9.41s/it]                                                                                            Best trial: 691. Best value: 6538.46:  87%|████████▋ | 1737/2000 [12:52:48<41:14,  9.41s/it]Best trial: 691. Best value: 6538.46:  87%|████████▋ | 1737/2000 [12:52:48<41:14,  9.41s/it]Best trial: 691. Best value: 6538.46:  87%|████████▋ | 1738/2000 [12:52:48<40:53,  9.36s/it]                                                                                            Best trial: 691. Best value: 6538.46:  87%|████████▋ | 1738/2000 [12:52:57<40:53,  9.36s/it]Best trial: 691. Best value: 6538.46:  87%|████████▋ | 1738/2000 [12:52:57<40:53,  9.36s/it]Best trial: 691. Best value: 6538.46:  87%|████████▋ | 1739/2000 [12:52:57<40:30,  9.31s/it]                                                                                            Best trial: 691. Best value: 6538.46:  87%|████████▋ | 1739/2000 [12:53:07<40:30,  9.31s/it]Best trial: 691. Best value: 6538.46:  87%|████████▋ | 1739/2000 [12:53:07<40:30,  9.31s/it]Best trial: 691. Best value: 6538.46:  87%|████████▋ | 1740/2000 [12:53:07<40:20,  9.31s/it]                                                                                            
[I 2026-04-01 10:29:49,913] Trial 1726 finished with value: 6564.667999517942 and parameters: {'alpha_0': 0.0006079049810337252, 'alpha_1': 5.457119187394011e-05, 'alpha_2': 5.2713670245786045e-05, 'beta_0': 0.08558386984785338, 'beta_1': 6.141125779125241, 'beta_2': 0.2121081273549306, 'beta_3': 0.0010489134641426276, 'beta_4': 7.899020284156993, 'beta_5': 33.46501906128149, 'beta_6': 0.044674392639429954, 'beta_7': 0.01564385586639275, 'beta_8': 3.907673299493501e-05, 'beta_9': 5.870790726100035e-07}. Best is trial 691 with value: 6538.461030825155.
[I 2026-04-01 10:29:59,337] Trial 1727 finished with value: 6732.789711665254 and parameters: {'alpha_0': 0.0005927256353711611, 'alpha_1': 5.1772309166092295e-05, 'alpha_2': 5.3885428129780126e-05, 'beta_0': 0.08648092354114559, 'beta_1': 5.8099325922955245, 'beta_2': 0.2104563897755914, 'beta_3': 0.0010383619272290193, 'beta_4': 7.465405123700952, 'beta_5': 33.262200337580545, 'beta_6': 0.04685867529857976, 'beta_7': 0.0154425038338772, 'beta_8': 3.943420405200268e-05, 'beta_9': 6.191468246123011e-07}. Best is trial 691 with value: 6538.461030825155.
[I 2026-04-01 10:30:08,825] Trial 1728 finished with value: 6717.145068805586 and parameters: {'alpha_0': 0.0005650915377697693, 'alpha_1': 5.0016004096652e-05, 'alpha_2': 5.43882184158994e-05, 'beta_0': 0.08296402091972081, 'beta_1': 5.953395792277567, 'beta_2': 0.20856449884312106, 'beta_3': 0.001002758993023169, 'beta_4': 7.864860450533905, 'beta_5': 33.83269258683258, 'beta_6': 0.04571019892281899, 'beta_7': 0.015844098988444858, 'beta_8': 3.947273109822999e-05, 'beta_9': 6.439162746434392e-07}. Best is trial 691 with value: 6538.461030825155.
[I 2026-04-01 10:30:18,215] Trial 1729 finished with value: 6579.5671163083525 and parameters: {'alpha_0': 0.0005981969229926587, 'alpha_1': 5.339455720057162e-05, 'alpha_2': 5.0296298970031966e-05, 'beta_0': 0.08382549465257262, 'beta_1': 6.068042426542222, 'beta_2': 0.21146522953501593, 'beta_3': 0.0010068126462567085, 'beta_4': 7.938204158515747, 'beta_5': 33.42792468808255, 'beta_6': 0.04769881157441353, 'beta_7': 0.015623171610425335, 'beta_8': 3.9201767732864206e-05, 'beta_9': 6.007076600041866e-07}. Best is trial 691 with value: 6538.461030825155.
[I 2026-04-01 10:30:27,606] Trial 1730 finished with value: 7170.596226642103 and parameters: {'alpha_0': 0.0005333149139735991, 'alpha_1': 5.002107932751065e-05, 'alpha_2': 4.9764848647878133e-05, 'beta_0': 0.08592838850014343, 'beta_1': 6.01673580591872, 'beta_2': 0.20905049809066537, 'beta_3': 0.0009951808345080083, 'beta_4': 7.800452988392002, 'beta_5': 33.28183498315087, 'beta_6': 0.04439709238665076, 'beta_7': 0.015249287560768095, 'beta_8': 3.898559598150961e-05, 'beta_9': 1.3703088417745786e-06}. Best is trial 691 with value: 6538.461030825155.
[I 2026-04-01 10:30:37,040] Trial 1731 finished with value: 6860.544415845405 and parameters: {'alpha_0': 0.0006146041985706386, 'alpha_1': 5.6679614611700154e-05, 'alpha_2': 5.360355216254189e-05, 'beta_0': 0.08881636172118634, 'beta_1': 5.793900519966187, 'beta_2': 0.2120272668930592, 'beta_3': 0.0010408616423009322, 'beta_4': 7.9059823416729555, 'beta_5': 33.30475787902441, 'beta_6': 0.04649741032410486, 'beta_7': 0.016250238409320505, 'beta_8': 3.952043189885938e-05, 'beta_9': 6.254569502686176e-07}. Best is trial 691 with value: 6538.461030825155.
[I 2026-04-01 10:30:46,447] Trial 1732 finished with value: 6724.690610615857 and parameters: {'alpha_0': 0.0005676498380872337, 'alpha_1': 5.347456887561541e-05, 'alpha_2': 5.094995387256028e-05, 'beta_0': 0.08481181689831238, 'beta_1': 6.179409667373529, 'beta_2': 0.2075937075905076, 'beta_3': 0.001030239104388023, 'beta_4': 7.681699238870641, 'beta_5': 33.10514362589957, 'beta_6': 0.04499784101151924, 'beta_7': 0.0159356595194047, 'beta_8': 3.882811696636481e-05, 'beta_9': 5.974195854809835e-07}. Best is trial 691 with value: 6538.461030825155.
[I 2026-04-01 10:30:55,723] Trial 1733 finished with value: 6703.858166527525 and parameters: {'alpha_0': 0.0005332775418226349, 'alpha_1': 5.4837941890350515e-05, 'alpha_2': 5.1909184713941686e-05, 'beta_0': 0.08791865094640926, 'beta_1': 5.977195304898663, 'beta_2': 0.21035430662476032, 'beta_3': 0.0009967510120409086, 'beta_4': 7.725280071594019, 'beta_5': 33.830435059067355, 'beta_6': 0.04498662105313039, 'beta_7': 0.015543410734283964, 'beta_8': 3.902582454567307e-05, 'beta_9': 6.228533031453537e-07}. Best is trial 691 with value: 6538.461030825155.
[I 2026-04-01 10:31:05,113] Trial 1734 finished with value: 7128.0457019151945 and parameters: {'alpha_0': 0.0006044062030960757, 'alpha_1': 5.867406020637969e-05, 'alpha_2': 5.6201140504736365e-05, 'beta_0': 0.0842055587928461, 'beta_1': 6.175127670724836, 'beta_2': 0.2044998473535382, 'beta_3': 0.0009864328103945902, 'beta_4': 7.929475631198167, 'beta_5': 32.884900813359174, 'beta_6': 0.04410484477426075, 'beta_7': 0.016480099986084153, 'beta_8': 3.997865310281455e-05, 'beta_9': 5.925160150302901e-07}. Best is trial 691 with value: 6538.461030825155.
[I 2026-04-01 10:31:14,532] Trial 1735 finished with value: 7125.781604595037 and parameters: {'alpha_0': 0.0005644393394007649, 'alpha_1': 5.219593425914422e-05, 'alpha_2': 5.2895937296069224e-05, 'beta_0': 0.09039127399681599, 'beta_1': 5.6020225094618255, 'beta_2': 0.2074938373437435, 'beta_3': 0.0010191737443519208, 'beta_4': 7.879794389797882, 'beta_5': 33.63809789981438, 'beta_6': 0.045012867620352365, 'beta_7': 0.015227717668814486, 'beta_8': 3.955405728103604e-05, 'beta_9': 6.345285413123198e-07}. Best is trial 691 with value: 6538.461030825155.
[I 2026-04-01 10:31:24,005] Trial 1736 finished with value: inf and parameters: {'alpha_0': 0.0006128519444115186, 'alpha_1': 5.195376810626505e-05, 'alpha_2': 4.851547832431077e-05, 'beta_0': 0.09033302841328154, 'beta_1': 5.78837895446564, 'beta_2': 0.20561583428567146, 'beta_3': 0.0009727837097310379, 'beta_4': 7.81146662173765, 'beta_5': 33.64491708003507, 'beta_6': 0.0434727587301606, 'beta_7': 0.01901174046416099, 'beta_8': 3.8803716483478315e-05, 'beta_9': 1.5471387498600817e-06}. Best is trial 691 with value: 6538.461030825155.
[I 2026-04-01 10:31:33,269] Trial 1737 finished with value: 6735.300969593496 and parameters: {'alpha_0': 0.0005353728115621023, 'alpha_1': 5.5970702754513776e-05, 'alpha_2': 5.0903793768618696e-05, 'beta_0': 0.08098667533328639, 'beta_1': 6.072093793959843, 'beta_2': 0.2123304951189206, 'beta_3': 0.0010662554892419982, 'beta_4': 7.877100441162914, 'beta_5': 34.19860738369027, 'beta_6': 0.046132814937337466, 'beta_7': 0.015786066880508494, 'beta_8': 3.950726145619922e-05, 'beta_9': 6.486864725893462e-07}. Best is trial 691 with value: 6538.461030825155.
[I 2026-04-01 10:31:42,462] Trial 1738 finished with value: 6768.08167261858 and parameters: {'alpha_0': 0.0005842556179657199, 'alpha_1': 5.3803833023219895e-05, 'alpha_2': 5.20388398776973e-05, 'beta_0': 0.09335714450342393, 'beta_1': 6.070285163050461, 'beta_2': 0.20979187308578146, 'beta_3': 0.00098951890174148, 'beta_4': 7.860424579411473, 'beta_5': 32.99744542563043, 'beta_6': 0.0419525741608039, 'beta_7': 0.01606292340700635, 'beta_8': 3.8613754357348774e-05, 'beta_9': 5.856585399405631e-07}. Best is trial 691 with value: 6538.461030825155.
[I 2026-04-01 10:31:51,770] Trial 1739 finished with value: 7384.333111234362 and parameters: {'alpha_0': 0.0005016747191643684, 'alpha_1': 5.1801221944996514e-05, 'alpha_2': 5.199748668131901e-05, 'beta_0': 0.08564065498065744, 'beta_1': 6.225533300068579, 'beta_2': 0.20257828387614277, 'beta_3': 0.0010344274503552072, 'beta_4': 7.582127752459305, 'beta_5': 25.90477773658627, 'beta_6': 0.04392103654434975, 'beta_7': 0.015015718783009677, 'beta_8': 3.9459807565665804e-05, 'beta_9': 6.02968122049986e-07}. Best is trial 691 with value: 6538.461030825155.
[I 2026-04-01 10:32:00,997] Trial 1740 finished with value: 6692.218666000522 and parameters: {'alpha_0': 0.0006350587841692409, 'alpha_1': 5.003293131982372e-05, 'alpha_2': 5.1774930252620136e-05, 'beta_0': 0.09621884534821035, 'beta_1': 5.893863881873537, 'beta_2': 0.20758121950897487, 'beta_3': 0.0010099604098934177, 'beta_4': 7.685438986389492, 'beta_5': 33.4934886000517, 'beta_6': 0.04113931813135638, 'beta_7': 0.015516071390979063, 'beta_8': 3.99889668941136e-05, 'beta_9': 5.758182598840876e-07}. Best is trial 691 with value: 6538.461030825155.Best trial: 691. Best value: 6538.46:  87%|████████▋ | 1740/2000 [12:53:16<40:20,  9.31s/it]Best trial: 691. Best value: 6538.46:  87%|████████▋ | 1740/2000 [12:53:16<40:20,  9.31s/it]Best trial: 691. Best value: 6538.46:  87%|████████▋ | 1741/2000 [12:53:16<40:05,  9.29s/it]                                                                                            Best trial: 691. Best value: 6538.46:  87%|████████▋ | 1741/2000 [12:53:25<40:05,  9.29s/it]Best trial: 691. Best value: 6538.46:  87%|████████▋ | 1741/2000 [12:53:25<40:05,  9.29s/it]Best trial: 691. Best value: 6538.46:  87%|████████▋ | 1742/2000 [12:53:25<39:48,  9.26s/it]                                                                                            Best trial: 691. Best value: 6538.46:  87%|████████▋ | 1742/2000 [12:53:34<39:48,  9.26s/it]Best trial: 691. Best value: 6538.46:  87%|████████▋ | 1742/2000 [12:53:34<39:48,  9.26s/it]Best trial: 691. Best value: 6538.46:  87%|████████▋ | 1743/2000 [12:53:34<39:38,  9.26s/it]                                                                                            Best trial: 691. Best value: 6538.46:  87%|████████▋ | 1743/2000 [12:53:44<39:38,  9.26s/it]Best trial: 691. Best value: 6538.46:  87%|████████▋ | 1743/2000 [12:53:44<39:38,  9.26s/it]Best trial: 691. Best value: 6538.46:  87%|████████▋ | 1744/2000 [12:53:44<39:38,  9.29s/it]                                                                                            Best trial: 691. Best value: 6538.46:  87%|████████▋ | 1744/2000 [12:53:53<39:38,  9.29s/it]Best trial: 691. Best value: 6538.46:  87%|████████▋ | 1744/2000 [12:53:53<39:38,  9.29s/it]Best trial: 691. Best value: 6538.46:  87%|████████▋ | 1745/2000 [12:53:53<39:26,  9.28s/it]                                                                                            Best trial: 691. Best value: 6538.46:  87%|████████▋ | 1745/2000 [12:54:02<39:26,  9.28s/it]Best trial: 691. Best value: 6538.46:  87%|████████▋ | 1745/2000 [12:54:02<39:26,  9.28s/it]Best trial: 691. Best value: 6538.46:  87%|████████▋ | 1746/2000 [12:54:02<39:23,  9.31s/it]                                                                                            Best trial: 691. Best value: 6538.46:  87%|████████▋ | 1746/2000 [12:54:12<39:23,  9.31s/it]Best trial: 691. Best value: 6538.46:  87%|████████▋ | 1746/2000 [12:54:12<39:23,  9.31s/it]Best trial: 691. Best value: 6538.46:  87%|████████▋ | 1747/2000 [12:54:12<39:12,  9.30s/it]                                                                                            Best trial: 691. Best value: 6538.46:  87%|████████▋ | 1747/2000 [12:54:21<39:12,  9.30s/it]Best trial: 691. Best value: 6538.46:  87%|████████▋ | 1747/2000 [12:54:21<39:12,  9.30s/it]Best trial: 691. Best value: 6538.46:  87%|████████▋ | 1748/2000 [12:54:21<38:54,  9.26s/it]                                                                                            Best trial: 691. Best value: 6538.46:  87%|████████▋ | 1748/2000 [12:54:30<38:54,  9.26s/it]Best trial: 691. Best value: 6538.46:  87%|████████▋ | 1748/2000 [12:54:30<38:54,  9.26s/it]Best trial: 691. Best value: 6538.46:  87%|████████▋ | 1749/2000 [12:54:30<38:41,  9.25s/it]                                                                                            Best trial: 691. Best value: 6538.46:  87%|████████▋ | 1749/2000 [12:54:39<38:41,  9.25s/it]Best trial: 691. Best value: 6538.46:  87%|████████▋ | 1749/2000 [12:54:39<38:41,  9.25s/it]Best trial: 691. Best value: 6538.46:  88%|████████▊ | 1750/2000 [12:54:39<38:36,  9.27s/it]                                                                                            Best trial: 691. Best value: 6538.46:  88%|████████▊ | 1750/2000 [12:54:48<38:36,  9.27s/it]Best trial: 691. Best value: 6538.46:  88%|████████▊ | 1750/2000 [12:54:48<38:36,  9.27s/it]Best trial: 691. Best value: 6538.46:  88%|████████▊ | 1751/2000 [12:54:48<38:16,  9.22s/it]                                                                                            Best trial: 691. Best value: 6538.46:  88%|████████▊ | 1751/2000 [12:54:58<38:16,  9.22s/it]Best trial: 691. Best value: 6538.46:  88%|████████▊ | 1751/2000 [12:54:58<38:16,  9.22s/it]Best trial: 691. Best value: 6538.46:  88%|████████▊ | 1752/2000 [12:54:58<38:08,  9.23s/it]                                                                                            Best trial: 691. Best value: 6538.46:  88%|████████▊ | 1752/2000 [12:55:07<38:08,  9.23s/it]Best trial: 691. Best value: 6538.46:  88%|████████▊ | 1752/2000 [12:55:07<38:08,  9.23s/it]Best trial: 691. Best value: 6538.46:  88%|████████▊ | 1753/2000 [12:55:07<38:00,  9.23s/it]                                                                                            Best trial: 691. Best value: 6538.46:  88%|████████▊ | 1753/2000 [12:55:16<38:00,  9.23s/it]Best trial: 691. Best value: 6538.46:  88%|████████▊ | 1753/2000 [12:55:16<38:00,  9.23s/it]Best trial: 691. Best value: 6538.46:  88%|████████▊ | 1754/2000 [12:55:16<37:58,  9.26s/it]                                                                                            Best trial: 691. Best value: 6538.46:  88%|████████▊ | 1754/2000 [12:55:26<37:58,  9.26s/it]Best trial: 691. Best value: 6538.46:  88%|████████▊ | 1754/2000 [12:55:26<37:58,  9.26s/it]Best trial: 691. Best value: 6538.46:  88%|████████▊ | 1755/2000 [12:55:26<37:49,  9.27s/it]                                                                                            
[I 2026-04-01 10:32:10,194] Trial 1741 finished with value: 7087.750205368201 and parameters: {'alpha_0': 0.0016351496182078055, 'alpha_1': 5.754171563842456e-05, 'alpha_2': 5.058791852804455e-05, 'beta_0': 0.08835211459134595, 'beta_1': 6.257561057157289, 'beta_2': 0.20448394082109822, 'beta_3': 0.0009716484638063401, 'beta_4': 7.944781065589202, 'beta_5': 33.959418692242714, 'beta_6': 0.04332841096019176, 'beta_7': 0.016939137399964145, 'beta_8': 3.8935761935394924e-05, 'beta_9': 6.421977929584777e-07}. Best is trial 691 with value: 6538.461030825155.
[I 2026-04-01 10:32:19,439] Trial 1742 finished with value: 6749.924254405199 and parameters: {'alpha_0': 0.0005518363070634059, 'alpha_1': 0.00011814917062969852, 'alpha_2': 5.4842471101117265e-05, 'beta_0': 0.08052019880587992, 'beta_1': 5.638481440481292, 'beta_2': 0.21086317722170064, 'beta_3': 0.0010479884298315138, 'beta_4': 7.798268265522256, 'beta_5': 32.94877855803025, 'beta_6': 0.04222981327982499, 'beta_7': 0.015780883091544497, 'beta_8': 3.858527825009741e-05, 'beta_9': 1.310736584036171e-06}. Best is trial 691 with value: 6538.461030825155.
[I 2026-04-01 10:32:28,809] Trial 1743 finished with value: 7468.008845367429 and parameters: {'alpha_0': 0.0005012133324393472, 'alpha_1': 5.4238512907678316e-05, 'alpha_2': 5.298503271914089e-05, 'beta_0': 0.09349634003336695, 'beta_1': 5.9524442023359825, 'beta_2': 0.2081994074386306, 'beta_3': 0.0009561390761276324, 'beta_4': 7.7424463934881125, 'beta_5': 34.09604672393893, 'beta_6': 0.045491186785271184, 'beta_7': 0.015001210062191316, 'beta_8': 3.9045334394692556e-05, 'beta_9': 6.103007107850301e-07}. Best is trial 691 with value: 6538.461030825155.
