[I 2026-03-31 23:45:36,977] Trial 844 finished with value: 6653.235378255332 and parameters: {'alpha_0': 0.0006081214849121209, 'alpha_1': 5.714008561849492e-05, 'alpha_2': 4.471075896321046e-05, 'beta_0': 0.1662026130486463, 'beta_1': 6.273257492225569, 'beta_2': 0.20789938047517464, 'beta_3': 0.0009617840306683325, 'beta_4': 6.280445891959117, 'beta_5': 34.29360110147278, 'beta_6': 0.04211764195971405, 'beta_7': 0.015654157022248396, 'beta_8': 3.9998259523621274e-05, 'beta_9': 6.807748719278178e-07}. Best is trial 691 with value: 6538.461030825155.
[I 2026-03-31 23:45:46,230] Trial 845 finished with value: 6695.248021253842 and parameters: {'alpha_0': 0.0005481796190483366, 'alpha_1': 5.176895663641101e-05, 'alpha_2': 4.259873886149801e-05, 'beta_0': 0.08256387307183263, 'beta_1': 6.145239438719201, 'beta_2': 0.20401260039745328, 'beta_3': 0.0009398580881230644, 'beta_4': 6.404279408203804, 'beta_5': 31.985170941213276, 'beta_6': 0.045379545480466875, 'beta_7': 0.015984450258554668, 'beta_8': 3.878209244068904e-05, 'beta_9': 5.473207649834137e-07}. Best is trial 691 with value: 6538.461030825155.
[I 2026-03-31 23:45:55,498] Trial 846 finished with value: 6906.60711908267 and parameters: {'alpha_0': 0.0006349529590571153, 'alpha_1': 5.442230786321965e-05, 'alpha_2': 4.4456288226372615e-05, 'beta_0': 0.09106012951079286, 'beta_1': 6.633489551634042, 'beta_2': 0.20978931523910327, 'beta_3': 0.0009617091294696225, 'beta_4': 6.2050897488818055, 'beta_5': 34.04086752633074, 'beta_6': 0.04106600488241163, 'beta_7': 0.016390507068289553, 'beta_8': 3.9998041222372025e-05, 'beta_9': 6.813009117723096e-07}. Best is trial 691 with value: 6538.461030825155.
[I 2026-03-31 23:46:04,848] Trial 847 finished with value: 6748.809237685142 and parameters: {'alpha_0': 0.000588381496637097, 'alpha_1': 5.3227612571695074e-05, 'alpha_2': 4.1735831892996634e-05, 'beta_0': 0.18121224477918094, 'beta_1': 6.011447358940196, 'beta_2': 0.2071961055139596, 'beta_3': 0.0009782283773138384, 'beta_4': 6.469737865237496, 'beta_5': 34.88595262032553, 'beta_6': 0.0440269195110343, 'beta_7': 0.015513959995687856, 'beta_8': 3.9347980468075836e-05, 'beta_9': 6.060730400247294e-07}. Best is trial 691 with value: 6538.461030825155.
[I 2026-03-31 23:46:14,075] Trial 848 finished with value: 6647.235761196329 and parameters: {'alpha_0': 0.0006426597937125407, 'alpha_1': 5.6672596836634946e-05, 'alpha_2': 4.3258968325358683e-05, 'beta_0': 0.18443548708890675, 'beta_1': 6.410850627884942, 'beta_2': 0.2120095827641055, 'beta_3': 0.001004645693990848, 'beta_4': 6.623040149564379, 'beta_5': 31.14811206236216, 'beta_6': 0.04006977704118549, 'beta_7': 0.015846807808590997, 'beta_8': 3.860061883636229e-05, 'beta_9': 6.47377603556342e-07}. Best is trial 691 with value: 6538.461030825155.
[I 2026-03-31 23:46:23,345] Trial 849 finished with value: 6759.43185643535 and parameters: {'alpha_0': 0.000542678876784741, 'alpha_1': 5.151320502669443e-05, 'alpha_2': 4.663084504900062e-05, 'beta_0': 0.16737436077837914, 'beta_1': 6.272187698069461, 'beta_2': 0.2150542322821957, 'beta_3': 0.0009340443636113746, 'beta_4': 6.945226174130862, 'beta_5': 32.408179408539986, 'beta_6': 0.04000521321635695, 'beta_7': 0.016102553890756502, 'beta_8': 3.92855459518955e-05, 'beta_9': 7.019867180779619e-07}. Best is trial 691 with value: 6538.461030825155.
[I 2026-03-31 23:46:32,631] Trial 850 finished with value: 6802.549525565646 and parameters: {'alpha_0': 0.0005011301334539374, 'alpha_1': 5.493965267553815e-05, 'alpha_2': 4.469621672433803e-05, 'beta_0': 0.07551448963998425, 'beta_1': 10.072645472520856, 'beta_2': 0.2058315693210346, 'beta_3': 0.0009416152576596728, 'beta_4': 6.34729741492689, 'beta_5': 33.89428801219484, 'beta_6': 0.04304057906018267, 'beta_7': 0.015536645573522436, 'beta_8': 3.875460221741898e-05, 'beta_9': 6.699415980052811e-07}. Best is trial 691 with value: 6538.461030825155.
[I 2026-03-31 23:46:42,061] Trial 851 finished with value: 7164.456175058355 and parameters: {'alpha_0': 0.0006122472832482218, 'alpha_1': 5.166883662251976e-05, 'alpha_2': 4.155469194388867e-05, 'beta_0': 0.09337780035430417, 'beta_1': 5.9540987570395885, 'beta_2': 0.20922230227096633, 'beta_3': 0.0009709685224093355, 'beta_4': 6.557318500210691, 'beta_5': 31.833635330346333, 'beta_6': 0.04236554471042249, 'beta_7': 0.016484151170740903, 'beta_8': 3.925660829593156e-05, 'beta_9': 6.354288224572097e-07}. Best is trial 691 with value: 6538.461030825155.
[I 2026-03-31 23:46:51,373] Trial 852 finished with value: 7202.3716520614635 and parameters: {'alpha_0': 0.0013366556084166109, 'alpha_1': 5.8994939084346734e-05, 'alpha_2': 4.273004636653659e-05, 'beta_0': 0.08185678681461962, 'beta_1': 6.160643536105235, 'beta_2': 0.2051414725199888, 'beta_3': 0.001001664060141887, 'beta_4': 6.134359111907252, 'beta_5': 32.964741314264764, 'beta_6': 0.041688991691813275, 'beta_7': 0.015263619670050202, 'beta_8': 3.8477784438328345e-05, 'beta_9': 7.067799261286825e-07}. Best is trial 691 with value: 6538.461030825155.
[I 2026-03-31 23:47:00,674] Trial 853 finished with value: 6587.215569973732 and parameters: {'alpha_0': 0.0006438165398583095, 'alpha_1': 5.014721021973284e-05, 'alpha_2': 4.414135117522011e-05, 'beta_0': 0.0863751989220509, 'beta_1': 6.510548306800474, 'beta_2': 0.2106586421782345, 'beta_3': 0.0009246393648773676, 'beta_4': 6.685194547193013, 'beta_5': 48.27902238417143, 'beta_6': 0.044484983858833566, 'beta_7': 0.015724120600860043, 'beta_8': 3.946516959693946e-05, 'beta_9': 6.113283735464894e-07}. Best is trial 691 with value: 6538.461030825155.
[I 2026-03-31 23:47:10,015] Trial 854 finished with value: 6756.34399457557 and parameters: {'alpha_0': 0.0005739655743500137, 'alpha_1': 5.391800174086484e-05, 'alpha_2': 4.156031170581956e-05, 'beta_0': 0.07787911524587496, 'beta_1': 5.889904332977698, 'beta_2': 0.16966459381288343, 'beta_3': 0.0009504940672139198, 'beta_4': 6.436828654219178, 'beta_5': 32.284342358339224, 'beta_6': 0.04311607840881739, 'beta_7': 0.01599143816875103, 'beta_8': 3.881629235632301e-05, 'beta_9': 6.801843134890431e-07}. Best is trial 691 with value: 6538.461030825155.
[I 2026-03-31 23:47:19,352] Trial 855 finished with value: inf and parameters: {'alpha_0': 0.0006542171879807995, 'alpha_1': 5.6108465405232635e-05, 'alpha_2': 4.599130797282749e-05, 'beta_0': 0.15546929042764152, 'beta_1': 6.686802476924105, 'beta_2': 0.20718045092720302, 'beta_3': 0.000980789805202134, 'beta_4': 6.269582650760817, 'beta_5': 34.57838470482294, 'beta_6': 0.04124492193395008, 'beta_7': 0.017485075433679012, 'beta_8': 3.9891763518462005e-05, 'beta_9': 7.017371971104302e-07}. Best is trial 691 with value: 6538.461030825155.Best trial: 691. Best value: 6538.46:  43%|████▎     | 855/2000 [2:08:34<2:57:52,  9.32s/it]Best trial: 691. Best value: 6538.46:  43%|████▎     | 855/2000 [2:08:34<2:57:52,  9.32s/it]Best trial: 691. Best value: 6538.46:  43%|████▎     | 856/2000 [2:08:34<2:57:49,  9.33s/it]                                                                                            Best trial: 691. Best value: 6538.46:  43%|████▎     | 856/2000 [2:08:44<2:57:49,  9.33s/it]Best trial: 691. Best value: 6538.46:  43%|████▎     | 856/2000 [2:08:44<2:57:49,  9.33s/it]Best trial: 691. Best value: 6538.46:  43%|████▎     | 857/2000 [2:08:44<2:57:23,  9.31s/it]                                                                                            Best trial: 691. Best value: 6538.46:  43%|████▎     | 857/2000 [2:08:53<2:57:23,  9.31s/it]Best trial: 691. Best value: 6538.46:  43%|████▎     | 857/2000 [2:08:53<2:57:23,  9.31s/it]Best trial: 691. Best value: 6538.46:  43%|████▎     | 858/2000 [2:08:53<2:56:56,  9.30s/it]                                                                                            Best trial: 691. Best value: 6538.46:  43%|████▎     | 858/2000 [2:09:02<2:56:56,  9.30s/it]Best trial: 691. Best value: 6538.46:  43%|████▎     | 858/2000 [2:09:02<2:56:56,  9.30s/it]Best trial: 691. Best value: 6538.46:  43%|████▎     | 859/2000 [2:09:02<2:56:37,  9.29s/it]                                                                                            Best trial: 691. Best value: 6538.46:  43%|████▎     | 859/2000 [2:09:11<2:56:37,  9.29s/it]Best trial: 691. Best value: 6538.46:  43%|████▎     | 859/2000 [2:09:11<2:56:37,  9.29s/it]Best trial: 691. Best value: 6538.46:  43%|████▎     | 860/2000 [2:09:11<2:56:41,  9.30s/it]                                                                                            Best trial: 691. Best value: 6538.46:  43%|████▎     | 860/2000 [2:09:21<2:56:41,  9.30s/it]Best trial: 691. Best value: 6538.46:  43%|████▎     | 860/2000 [2:09:21<2:56:41,  9.30s/it]Best trial: 691. Best value: 6538.46:  43%|████▎     | 861/2000 [2:09:21<2:56:23,  9.29s/it]                                                                                            Best trial: 691. Best value: 6538.46:  43%|████▎     | 861/2000 [2:09:30<2:56:23,  9.29s/it]Best trial: 691. Best value: 6538.46:  43%|████▎     | 861/2000 [2:09:30<2:56:23,  9.29s/it]Best trial: 691. Best value: 6538.46:  43%|████▎     | 862/2000 [2:09:30<2:56:15,  9.29s/it]                                                                                            Best trial: 691. Best value: 6538.46:  43%|████▎     | 862/2000 [2:09:39<2:56:15,  9.29s/it]Best trial: 691. Best value: 6538.46:  43%|████▎     | 862/2000 [2:09:39<2:56:15,  9.29s/it]Best trial: 691. Best value: 6538.46:  43%|████▎     | 863/2000 [2:09:39<2:56:01,  9.29s/it]                                                                                            Best trial: 691. Best value: 6538.46:  43%|████▎     | 863/2000 [2:09:49<2:56:01,  9.29s/it]Best trial: 691. Best value: 6538.46:  43%|████▎     | 863/2000 [2:09:49<2:56:01,  9.29s/it]Best trial: 691. Best value: 6538.46:  43%|████▎     | 864/2000 [2:09:49<2:55:32,  9.27s/it]                                                                                            Best trial: 691. Best value: 6538.46:  43%|████▎     | 864/2000 [2:09:58<2:55:32,  9.27s/it]Best trial: 691. Best value: 6538.46:  43%|████▎     | 864/2000 [2:09:58<2:55:32,  9.27s/it]Best trial: 691. Best value: 6538.46:  43%|████▎     | 865/2000 [2:09:58<2:55:34,  9.28s/it]                                                                                            Best trial: 691. Best value: 6538.46:  43%|████▎     | 865/2000 [2:10:07<2:55:34,  9.28s/it]Best trial: 691. Best value: 6538.46:  43%|████▎     | 865/2000 [2:10:07<2:55:34,  9.28s/it]Best trial: 691. Best value: 6538.46:  43%|████▎     | 866/2000 [2:10:07<2:55:12,  9.27s/it]                                                                                            Best trial: 691. Best value: 6538.46:  43%|████▎     | 866/2000 [2:10:16<2:55:12,  9.27s/it]Best trial: 691. Best value: 6538.46:  43%|████▎     | 866/2000 [2:10:16<2:55:12,  9.27s/it]Best trial: 691. Best value: 6538.46:  43%|████▎     | 867/2000 [2:10:16<2:54:55,  9.26s/it]                                                                                            Best trial: 691. Best value: 6538.46:  43%|████▎     | 867/2000 [2:10:26<2:54:55,  9.26s/it]Best trial: 691. Best value: 6538.46:  43%|████▎     | 867/2000 [2:10:26<2:54:55,  9.26s/it]Best trial: 691. Best value: 6538.46:  43%|████▎     | 868/2000 [2:10:26<2:58:23,  9.46s/it]                                                                                            Best trial: 691. Best value: 6538.46:  43%|████▎     | 868/2000 [2:10:36<2:58:23,  9.46s/it]Best trial: 691. Best value: 6538.46:  43%|████▎     | 868/2000 [2:10:36<2:58:23,  9.46s/it]Best trial: 691. Best value: 6538.46:  43%|████▎     | 869/2000 [2:10:36<2:59:54,  9.54s/it]                                                                                            Best trial: 691. Best value: 6538.46:  43%|████▎     | 869/2000 [2:10:46<2:59:54,  9.54s/it]Best trial: 691. Best value: 6538.46:  43%|████▎     | 869/2000 [2:10:46<2:59:54,  9.54s/it]Best trial: 691. Best value: 6538.46:  44%|████▎     | 870/2000 [2:10:46<2:59:50,  9.55s/it]                                                                                            
[I 2026-03-31 23:47:28,630] Trial 856 finished with value: 6863.11699329134 and parameters: {'alpha_0': 0.0006021550646482883, 'alpha_1': 5.007074736264878e-05, 'alpha_2': 4.304810351072191e-05, 'beta_0': 0.07274791032406618, 'beta_1': 10.93994366417906, 'beta_2': 0.21294256099248715, 'beta_3': 0.0009032598835293137, 'beta_4': 6.555779041425043, 'beta_5': 33.589316134564214, 'beta_6': 0.0921164768115708, 'beta_7': 0.01624811567163048, 'beta_8': 3.859184802460315e-05, 'beta_9': 5.707754491528152e-07}. Best is trial 691 with value: 6538.461030825155.
[I 2026-03-31 23:47:37,890] Trial 857 finished with value: 6750.812625522531 and parameters: {'alpha_0': 0.0005372742872537214, 'alpha_1': 5.338248481563318e-05, 'alpha_2': 4.150811300985578e-05, 'beta_0': 0.08400471950466226, 'beta_1': 6.160809205584179, 'beta_2': 0.20331439117854744, 'beta_3': 0.0009586507733164427, 'beta_4': 6.7463176302494965, 'beta_5': 35.40233839970543, 'beta_6': 0.08287439709023062, 'beta_7': 0.01565805658222557, 'beta_8': 3.938276678913163e-05, 'beta_9': 6.448661109714199e-07}. Best is trial 691 with value: 6538.461030825155.
[I 2026-03-31 23:47:47,158] Trial 858 finished with value: 7175.538169844678 and parameters: {'alpha_0': 0.000675465787508976, 'alpha_1': 5.773471261515505e-05, 'alpha_2': 4.474466427654234e-05, 'beta_0': 0.0796081396895907, 'beta_1': 5.744759985154175, 'beta_2': 0.2086904309027006, 'beta_3': 0.0009262362260700381, 'beta_4': 6.340619153159286, 'beta_5': 30.709490707604523, 'beta_6': 0.04243185798586955, 'beta_7': 0.01674341263992788, 'beta_8': 3.996052534719754e-05, 'beta_9': 7.166431076980268e-07}. Best is trial 691 with value: 6538.461030825155.
[I 2026-03-31 23:47:56,486] Trial 859 finished with value: 7278.7253404343455 and parameters: {'alpha_0': 0.0005695643912066202, 'alpha_1': 0.0001034097109203483, 'alpha_2': 4.3066190173050014e-05, 'beta_0': 0.09022253957986706, 'beta_1': 6.456032715161686, 'beta_2': 0.21073565743316067, 'beta_3': 0.0010095780256663667, 'beta_4': 6.216812116727226, 'beta_5': 31.33480167154293, 'beta_6': 0.041103116928875486, 'beta_7': 0.015266455548413918, 'beta_8': 3.900908868598758e-05, 'beta_9': 6.73011671430718e-07}. Best is trial 691 with value: 6538.461030825155.
[I 2026-03-31 23:48:05,761] Trial 860 finished with value: 6623.690449930751 and parameters: {'alpha_0': 0.000502136783888796, 'alpha_1': 5.326822168601158e-05, 'alpha_2': 4.181087696900928e-05, 'beta_0': 0.07408093196234543, 'beta_1': 6.012728293809253, 'beta_2': 0.2175588212846361, 'beta_3': 0.000979850265104835, 'beta_4': 6.445165165137743, 'beta_5': 32.96153414201403, 'beta_6': 0.04494199194411187, 'beta_7': 0.01583262844588575, 'beta_8': 3.845424443505529e-05, 'beta_9': 6.271970667794021e-07}. Best is trial 691 with value: 6538.461030825155.
[I 2026-03-31 23:48:15,055] Trial 861 finished with value: 6731.29923880655 and parameters: {'alpha_0': 0.0006288831866173716, 'alpha_1': 5.561729435779012e-05, 'alpha_2': 4.711447898966029e-05, 'beta_0': 0.08800197937351179, 'beta_1': 6.360072322011587, 'beta_2': 0.20654568473778884, 'beta_3': 0.0009405839443708412, 'beta_4': 6.128381750511142, 'beta_5': 32.448932447871194, 'beta_6': 0.04339827316666696, 'beta_7': 0.016069563134593994, 'beta_8': 3.9143669965481924e-05, 'beta_9': 7.272232539770535e-07}. Best is trial 691 with value: 6538.461030825155.
[I 2026-03-31 23:48:24,335] Trial 862 finished with value: 7027.592154330377 and parameters: {'alpha_0': 0.0006725793549202631, 'alpha_1': 5.165596284535716e-05, 'alpha_2': 4.3636047822946775e-05, 'beta_0': 0.17468623762129926, 'beta_1': 6.169687735863858, 'beta_2': 0.2085408647754719, 'beta_3': 0.0009131544721156321, 'beta_4': 6.6503990270797715, 'beta_5': 22.475836745561473, 'beta_6': 0.04001095502855337, 'beta_7': 0.015473341566553212, 'beta_8': 3.830153347920158e-05, 'beta_9': 6.892481957191298e-07}. Best is trial 691 with value: 6538.461030825155.
[I 2026-03-31 23:48:33,565] Trial 863 finished with value: 7174.276823536844 and parameters: {'alpha_0': 0.0006092128317992626, 'alpha_1': 5.002076510632528e-05, 'alpha_2': 4.129074726009461e-05, 'beta_0': 0.08303686548312421, 'beta_1': 5.804007157172766, 'beta_2': 0.2044321009377723, 'beta_3': 0.0008938327322135968, 'beta_4': 6.500724577698531, 'beta_5': 34.04851073605842, 'beta_6': 0.04197289140471811, 'beta_7': 0.01657101993220058, 'beta_8': 3.9504670896573945e-05, 'beta_9': 6.697751598277816e-07}. Best is trial 691 with value: 6538.461030825155.
[I 2026-03-31 23:48:42,871] Trial 864 finished with value: inf and parameters: {'alpha_0': 0.0005542020070611177, 'alpha_1': 5.872438794876968e-05, 'alpha_2': 4.551822721924357e-05, 'beta_0': 0.07920625515368414, 'beta_1': 6.018882934812725, 'beta_2': 0.2132410771995163, 'beta_3': 0.001025651495790856, 'beta_4': 6.3439471694827425, 'beta_5': 31.808711796820088, 'beta_6': 0.04106403580919854, 'beta_7': 0.01882148493206979, 'beta_8': 3.997586719569197e-05, 'beta_9': 7.324603294959421e-07}. Best is trial 691 with value: 6538.461030825155.
[I 2026-03-31 23:48:52,114] Trial 865 finished with value: 6550.487058745508 and parameters: {'alpha_0': 0.0005933955976246638, 'alpha_1': 5.3602132218293097e-05, 'alpha_2': 4.132247761103148e-05, 'beta_0': 0.09387574147872522, 'beta_1': 6.667721216099044, 'beta_2': 0.23600357755775492, 'beta_3': 0.0008530469896296299, 'beta_4': 6.830035315909648, 'beta_5': 33.272192589534846, 'beta_6': 0.043914883934735166, 'beta_7': 0.015870749698970284, 'beta_8': 3.8869776037385906e-05, 'beta_9': 6.477175357253357e-07}. Best is trial 691 with value: 6538.461030825155.
[I 2026-03-31 23:49:01,363] Trial 866 finished with value: 6788.103423847169 and parameters: {'alpha_0': 0.0006556229432327225, 'alpha_1': 5.598372061585153e-05, 'alpha_2': 4.150579947211012e-05, 'beta_0': 0.09339157244257439, 'beta_1': 6.746979504383138, 'beta_2': 0.24863430228205882, 'beta_3': 0.0008469827253681753, 'beta_4': 7.001182980258322, 'beta_5': 32.854638239861615, 'beta_6': 0.04550730770923601, 'beta_7': 0.016295327375287844, 'beta_8': 3.814301094039637e-05, 'beta_9': 7.059627294653954e-07}. Best is trial 691 with value: 6538.461030825155.
[I 2026-03-31 23:49:11,267] Trial 867 finished with value: 7058.757991874889 and parameters: {'alpha_0': 0.0006960217933289437, 'alpha_1': 5.9312564815179725e-05, 'alpha_2': 4.009867412402653e-05, 'beta_0': 0.09913668290316117, 'beta_1': 6.4219948331942875, 'beta_2': 0.2402826794537512, 'beta_3': 0.0008480703509715769, 'beta_4': 6.786035743907381, 'beta_5': 33.65648749273018, 'beta_6': 0.044851482638399616, 'beta_7': 0.017065117045850994, 'beta_8': 3.9121529918857425e-05, 'beta_9': 6.541137799865402e-07}. Best is trial 691 with value: 6538.461030825155.
[I 2026-03-31 23:49:21,018] Trial 868 finished with value: 6689.23265719542 and parameters: {'alpha_0': 0.0006050622174508704, 'alpha_1': 5.7707341851632446e-05, 'alpha_2': 4.3614928078104716e-05, 'beta_0': 0.09486739563498485, 'beta_1': 6.723389681650153, 'beta_2': 0.2423684211033885, 'beta_3': 0.0008639372007905162, 'beta_4': 6.665015534273238, 'beta_5': 32.126342670002984, 'beta_6': 0.04374641028371419, 'beta_7': 0.01600093031702491, 'beta_8': 3.874368466782374e-05, 'beta_9': 6.021692659917925e-07}. Best is trial 691 with value: 6538.461030825155.
[I 2026-03-31 23:49:30,579] Trial 869 finished with value: 6778.684723386605 and parameters: {'alpha_0': 0.0006354431885284035, 'alpha_1': 5.49368231368299e-05, 'alpha_2': 4.477617982710371e-05, 'beta_0': 0.07362238702998876, 'beta_1': 6.67596098031338, 'beta_2': 0.24536050618621222, 'beta_3': 0.0008434497290455761, 'beta_4': 6.93125256305239, 'beta_5': 34.436717037322374, 'beta_6': 0.0453280573073723, 'beta_7': 0.016250808065084135, 'beta_8': 3.999643460837982e-05, 'beta_9': 7.402131624286548e-07}. Best is trial 691 with value: 6538.461030825155.
