[I 2026-04-01 10:53:11,616] Trial 1879 finished with value: 7060.637289350696 and parameters: {'alpha_0': 0.0005916216051734758, 'alpha_1': 5.636500427059633e-05, 'alpha_2': 4.536831453670256e-05, 'beta_0': 0.07397064679348551, 'beta_1': 5.99974519815961, 'beta_2': 0.2116295664223422, 'beta_3': 0.0010130358148595768, 'beta_4': 6.719482311744514, 'beta_5': 33.78525068797335, 'beta_6': 0.04205541522697795, 'beta_7': 0.015320770870723841, 'beta_8': 3.8740633656778556e-05, 'beta_9': 6.660579369089296e-07}. Best is trial 691 with value: 6538.461030825155.
[I 2026-04-01 10:53:20,845] Trial 1880 finished with value: 6657.528247513677 and parameters: {'alpha_0': 0.0006434618749963904, 'alpha_1': 8.613459312412708e-05, 'alpha_2': 4.1443431476798636e-05, 'beta_0': 0.1125640469217376, 'beta_1': 6.70397228886135, 'beta_2': 0.21591166939171647, 'beta_3': 0.0009817176556631462, 'beta_4': 6.5985603320061985, 'beta_5': 35.729384501346864, 'beta_6': 0.04952324492565904, 'beta_7': 0.01570339868412812, 'beta_8': 3.8923239082996334e-05, 'beta_9': 1.50943150018144e-06}. Best is trial 691 with value: 6538.461030825155.
[I 2026-04-01 10:53:22,324] Trial 1881 finished with value: inf and parameters: {'alpha_0': 0.00074356743687671, 'alpha_1': 5.8594088379037665e-05, 'alpha_2': 6.218665769620742e-05, 'beta_0': 0.08934282514518921, 'beta_1': 6.26951573621007, 'beta_2': 0.20092851347978893, 'beta_3': 0.0010369336494190273, 'beta_4': 6.81681761963938, 'beta_5': 35.257134742895005, 'beta_6': 0.04354010989444072, 'beta_7': 0.027201332072746255, 'beta_8': 3.839246490948854e-05, 'beta_9': 1.7621891837728683e-06}. Best is trial 691 with value: 6538.461030825155.
[I 2026-04-01 10:53:31,602] Trial 1882 finished with value: 6801.586662194481 and parameters: {'alpha_0': 0.0006170376072654897, 'alpha_1': 5.313621167849355e-05, 'alpha_2': 0.00010965035371975399, 'beta_0': 0.07613788674368417, 'beta_1': 6.508768480486644, 'beta_2': 0.22585730928622483, 'beta_3': 0.0010159803521606827, 'beta_4': 6.567263746592068, 'beta_5': 33.55769260280626, 'beta_6': 0.051437948044339245, 'beta_7': 0.01595467740058403, 'beta_8': 3.9474853864012924e-05, 'beta_9': 1.918263497009962e-06}. Best is trial 691 with value: 6538.461030825155.
[I 2026-04-01 10:53:40,784] Trial 1883 finished with value: 6720.274538253877 and parameters: {'alpha_0': 0.000661293803641269, 'alpha_1': 5.407662016436421e-05, 'alpha_2': 0.00010138771237902516, 'beta_0': 0.08033284870035673, 'beta_1': 5.891660861002616, 'beta_2': 0.24016738832247872, 'beta_3': 0.0009926830530137206, 'beta_4': 7.80729571955251, 'beta_5': 34.55514131523238, 'beta_6': 0.06166095715452899, 'beta_7': 0.01549096625627693, 'beta_8': 3.998895940632569e-05, 'beta_9': 5.463736114847568e-07}. Best is trial 691 with value: 6538.461030825155.
[I 2026-04-01 10:53:50,018] Trial 1884 finished with value: 7006.167288293467 and parameters: {'alpha_0': 0.0007092598740938595, 'alpha_1': 5.171386989740582e-05, 'alpha_2': 4.2682526551888573e-05, 'beta_0': 0.08620273795881804, 'beta_1': 7.027180174977386, 'beta_2': 0.20332880329768035, 'beta_3': 0.0009722735685968942, 'beta_4': 6.933139242869611, 'beta_5': 35.14532951335832, 'beta_6': 0.04541725105138049, 'beta_7': 0.01637975986501, 'beta_8': 3.8995575217766744e-05, 'beta_9': 1.0687516216052148e-06}. Best is trial 691 with value: 6538.461030825155.
[I 2026-04-01 10:53:59,480] Trial 1885 finished with value: inf and parameters: {'alpha_0': 0.0005831148316170011, 'alpha_1': 5.603285498762608e-05, 'alpha_2': 4.4584143851690114e-05, 'beta_0': 0.09184125199436621, 'beta_1': 6.128644800499461, 'beta_2': 0.21302015590695564, 'beta_3': 0.0011162946443062775, 'beta_4': 6.704789750404316, 'beta_5': 36.67621364730261, 'beta_6': 0.04113103863735254, 'beta_7': 0.01830849725250641, 'beta_8': 3.851425514022381e-05, 'beta_9': 6.885022569931422e-07}. Best is trial 691 with value: 6538.461030825155.
[I 2026-04-01 10:54:08,885] Trial 1886 finished with value: 6649.451278737628 and parameters: {'alpha_0': 0.0006341093207666461, 'alpha_1': 6.06565378866182e-05, 'alpha_2': 4.292525638780422e-05, 'beta_0': 0.10667631376425617, 'beta_1': 7.37124916577905, 'beta_2': 0.21498363971235285, 'beta_3': 0.0010837581839457724, 'beta_4': 6.533057297106089, 'beta_5': 34.17111250189307, 'beta_6': 0.04286748625653713, 'beta_7': 0.01572951419896733, 'beta_8': 3.999529079886282e-05, 'beta_9': 5.906375376085029e-07}. Best is trial 691 with value: 6538.461030825155.
[I 2026-04-01 10:54:18,094] Trial 1887 finished with value: inf and parameters: {'alpha_0': 0.0006829207856842676, 'alpha_1': 5.184158177575245e-05, 'alpha_2': 4.140145246072751e-05, 'beta_0': 0.07334122171267088, 'beta_1': 6.572418478896801, 'beta_2': 0.21144549861405268, 'beta_3': 0.0010466644867657318, 'beta_4': 6.793999619915235, 'beta_5': 35.95200035653332, 'beta_6': 0.04451869940778834, 'beta_7': 0.017947732599591735, 'beta_8': 3.810636962785259e-05, 'beta_9': 5.508347244924579e-07}. Best is trial 691 with value: 6538.461030825155.
[I 2026-04-01 10:54:27,536] Trial 1888 finished with value: 7193.305073897685 and parameters: {'alpha_0': 0.0005795361129507167, 'alpha_1': 5.396328877583308e-05, 'alpha_2': 4.012386414567332e-05, 'beta_0': 0.07954977069079755, 'beta_1': 6.340582207842695, 'beta_2': 0.2053102250479902, 'beta_3': 0.0009977657409297666, 'beta_4': 7.111612569978802, 'beta_5': 33.38622330537513, 'beta_6': 0.041968655600414385, 'beta_7': 0.015264754023497718, 'beta_8': 3.94358143560243e-05, 'beta_9': 7.231398782548226e-07}. Best is trial 691 with value: 6538.461030825155.
[I 2026-04-01 10:54:36,803] Trial 1889 finished with value: 6751.974805696313 and parameters: {'alpha_0': 0.0007608901143782225, 'alpha_1': 5.003302094673489e-05, 'alpha_2': 5.13301978292375e-05, 'beta_0': 0.08485306798829687, 'beta_1': 5.76293886601223, 'beta_2': 0.20144402185504787, 'beta_3': 0.000971656663251995, 'beta_4': 6.668091579893876, 'beta_5': 34.85930080578998, 'beta_6': 0.041008547722895146, 'beta_7': 0.016090703553078706, 'beta_8': 3.907944794709874e-05, 'beta_9': 6.262642712555816e-07}. Best is trial 691 with value: 6538.461030825155.
[I 2026-04-01 10:54:46,137] Trial 1890 finished with value: 7248.35546170482 and parameters: {'alpha_0': 0.0006119236609217583, 'alpha_1': 5.7948800148999516e-05, 'alpha_2': 0.00010733227511423853, 'beta_0': 0.09272462506243426, 'beta_1': 5.413319179812104, 'beta_2': 0.21150323600094284, 'beta_3': 0.0010141928586267627, 'beta_4': 5.563698455303925, 'beta_5': 35.368646141747725, 'beta_6': 0.042818778736593954, 'beta_7': 0.016748522560482457, 'beta_8': 3.794176763767258e-05, 'beta_9': 5.767697916791546e-07}. Best is trial 691 with value: 6538.461030825155.Best trial: 691. Best value: 6538.46:  94%|█████████▍| 1890/2000 [13:16:01<16:48,  9.17s/it]Best trial: 691. Best value: 6538.46:  94%|█████████▍| 1890/2000 [13:16:01<16:48,  9.17s/it]Best trial: 691. Best value: 6538.46:  95%|█████████▍| 1891/2000 [13:16:01<16:44,  9.22s/it]                                                                                            Best trial: 691. Best value: 6538.46:  95%|█████████▍| 1891/2000 [13:16:11<16:44,  9.22s/it]Best trial: 691. Best value: 6538.46:  95%|█████████▍| 1891/2000 [13:16:11<16:44,  9.22s/it]Best trial: 691. Best value: 6538.46:  95%|█████████▍| 1892/2000 [13:16:11<16:42,  9.28s/it]                                                                                            Best trial: 691. Best value: 6538.46:  95%|█████████▍| 1892/2000 [13:16:20<16:42,  9.28s/it]Best trial: 691. Best value: 6538.46:  95%|█████████▍| 1892/2000 [13:16:20<16:42,  9.28s/it]Best trial: 691. Best value: 6538.46:  95%|█████████▍| 1893/2000 [13:16:20<16:39,  9.34s/it]                                                                                            Best trial: 691. Best value: 6538.46:  95%|█████████▍| 1893/2000 [13:16:30<16:39,  9.34s/it]Best trial: 691. Best value: 6538.46:  95%|█████████▍| 1893/2000 [13:16:30<16:39,  9.34s/it]Best trial: 691. Best value: 6538.46:  95%|█████████▍| 1894/2000 [13:16:30<16:37,  9.41s/it]                                                                                            Best trial: 691. Best value: 6538.46:  95%|█████████▍| 1894/2000 [13:16:39<16:37,  9.41s/it]Best trial: 691. Best value: 6538.46:  95%|█████████▍| 1894/2000 [13:16:39<16:37,  9.41s/it]Best trial: 691. Best value: 6538.46:  95%|█████████▍| 1895/2000 [13:16:39<16:25,  9.38s/it]                                                                                            Best trial: 691. Best value: 6538.46:  95%|█████████▍| 1895/2000 [13:16:48<16:25,  9.38s/it]Best trial: 691. Best value: 6538.46:  95%|█████████▍| 1895/2000 [13:16:48<16:25,  9.38s/it]Best trial: 691. Best value: 6538.46:  95%|█████████▍| 1896/2000 [13:16:48<16:09,  9.32s/it]                                                                                            Best trial: 691. Best value: 6538.46:  95%|█████████▍| 1896/2000 [13:16:57<16:09,  9.32s/it]Best trial: 691. Best value: 6538.46:  95%|█████████▍| 1896/2000 [13:16:57<16:09,  9.32s/it]Best trial: 691. Best value: 6538.46:  95%|█████████▍| 1897/2000 [13:16:57<16:01,  9.34s/it]                                                                                            Best trial: 691. Best value: 6538.46:  95%|█████████▍| 1897/2000 [13:17:07<16:01,  9.34s/it]Best trial: 691. Best value: 6538.46:  95%|█████████▍| 1897/2000 [13:17:07<16:01,  9.34s/it]Best trial: 691. Best value: 6538.46:  95%|█████████▍| 1898/2000 [13:17:07<15:52,  9.34s/it]                                                                                            Best trial: 691. Best value: 6538.46:  95%|█████████▍| 1898/2000 [13:17:16<15:52,  9.34s/it]Best trial: 691. Best value: 6538.46:  95%|█████████▍| 1898/2000 [13:17:16<15:52,  9.34s/it]Best trial: 691. Best value: 6538.46:  95%|█████████▍| 1899/2000 [13:17:16<15:42,  9.33s/it]                                                                                            Best trial: 691. Best value: 6538.46:  95%|█████████▍| 1899/2000 [13:17:25<15:42,  9.33s/it]Best trial: 691. Best value: 6538.46:  95%|█████████▍| 1899/2000 [13:17:25<15:42,  9.33s/it]Best trial: 691. Best value: 6538.46:  95%|█████████▌| 1900/2000 [13:17:25<15:32,  9.33s/it]                                                                                            Best trial: 691. Best value: 6538.46:  95%|█████████▌| 1900/2000 [13:17:35<15:32,  9.33s/it]Best trial: 691. Best value: 6538.46:  95%|█████████▌| 1900/2000 [13:17:35<15:32,  9.33s/it]Best trial: 691. Best value: 6538.46:  95%|█████████▌| 1901/2000 [13:17:35<15:28,  9.38s/it]                                                                                            Best trial: 691. Best value: 6538.46:  95%|█████████▌| 1901/2000 [13:17:36<15:28,  9.38s/it]Best trial: 691. Best value: 6538.46:  95%|█████████▌| 1901/2000 [13:17:36<15:28,  9.38s/it]Best trial: 691. Best value: 6538.46:  95%|█████████▌| 1902/2000 [13:17:36<11:25,  7.00s/it]                                                                                            Best trial: 691. Best value: 6538.46:  95%|█████████▌| 1902/2000 [13:17:46<11:25,  7.00s/it]Best trial: 691. Best value: 6538.46:  95%|█████████▌| 1902/2000 [13:17:46<11:25,  7.00s/it]Best trial: 691. Best value: 6538.46:  95%|█████████▌| 1903/2000 [13:17:46<12:25,  7.68s/it]                                                                                            Best trial: 691. Best value: 6538.46:  95%|█████████▌| 1903/2000 [13:17:55<12:25,  7.68s/it]Best trial: 691. Best value: 6538.46:  95%|█████████▌| 1903/2000 [13:17:55<12:25,  7.68s/it]Best trial: 691. Best value: 6538.46:  95%|█████████▌| 1904/2000 [13:17:55<13:03,  8.16s/it]                                                                                            Best trial: 691. Best value: 6538.46:  95%|█████████▌| 1904/2000 [13:18:04<13:03,  8.16s/it]Best trial: 691. Best value: 6538.46:  95%|█████████▌| 1904/2000 [13:18:04<13:03,  8.16s/it]Best trial: 691. Best value: 6538.46:  95%|█████████▌| 1905/2000 [13:18:04<13:28,  8.51s/it]                                                                                            
[I 2026-04-01 10:54:55,575] Trial 1891 finished with value: 6638.480584558747 and parameters: {'alpha_0': 0.0006798364919597673, 'alpha_1': 5.33014478907011e-05, 'alpha_2': 0.00010419613480135099, 'beta_0': 0.20582728726909222, 'beta_1': 6.770785662965803, 'beta_2': 0.19870347801664623, 'beta_3': 0.0009801619798640306, 'beta_4': 6.656792517305366, 'beta_5': 33.806233787037, 'beta_6': 0.04417841599393396, 'beta_7': 0.01566433457344071, 'beta_8': 3.8639338100294364e-05, 'beta_9': 1.8245136324179834e-06}. Best is trial 691 with value: 6538.461030825155.
[I 2026-04-01 10:55:05,055] Trial 1892 finished with value: 6749.88120808486 and parameters: {'alpha_0': 0.0005640738970567734, 'alpha_1': 5.574730020925684e-05, 'alpha_2': 4.6130880743227245e-05, 'beta_0': 0.08816019611395984, 'beta_1': 6.116409931658772, 'beta_2': 0.2147786164301054, 'beta_3': 0.0010527235257062916, 'beta_4': 5.336770856440544, 'beta_5': 36.29461417979234, 'beta_6': 0.041020682149874886, 'beta_7': 0.01606940661355541, 'beta_8': 3.944783409938723e-05, 'beta_9': 7.69481191167066e-07}. Best is trial 691 with value: 6538.461030825155.
[I 2026-04-01 10:55:14,623] Trial 1893 finished with value: 7216.40947364828 and parameters: {'alpha_0': 0.0007247628671348723, 'alpha_1': 5.183291808191707e-05, 'alpha_2': 4.4064419622362936e-05, 'beta_0': 0.10038531235326138, 'beta_1': 6.435367036579851, 'beta_2': 0.20406991355099344, 'beta_3': 0.0010007661895159966, 'beta_4': 6.527742971390896, 'beta_5': 34.58565127762448, 'beta_6': 0.04677691725269128, 'beta_7': 0.015228318951766353, 'beta_8': 3.9054669602544225e-05, 'beta_9': 5.406239201397778e-07}. Best is trial 691 with value: 6538.461030825155.
[I 2026-04-01 10:55:23,939] Trial 1894 finished with value: 6724.625259684172 and parameters: {'alpha_0': 0.0006510770745726802, 'alpha_1': 5.008005822291219e-05, 'alpha_2': 4.004266747112755e-05, 'beta_0': 0.09677114630066685, 'beta_1': 5.606582067693464, 'beta_2': 0.20978298323431077, 'beta_3': 0.0010304504120176722, 'beta_4': 7.5041748075239285, 'beta_5': 35.424513980860596, 'beta_6': 0.042694170526410634, 'beta_7': 0.015493471463434555, 'beta_8': 3.8161151248571735e-05, 'beta_9': 6.871281283159681e-07}. Best is trial 691 with value: 6538.461030825155.
[I 2026-04-01 10:55:33,113] Trial 1895 finished with value: 7053.643995947372 and parameters: {'alpha_0': 0.0006020210473895186, 'alpha_1': 5.472798529390511e-05, 'alpha_2': 9.621691032349408e-05, 'beta_0': 0.08991914976283383, 'beta_1': 6.258194169706731, 'beta_2': 0.2073865299452209, 'beta_3': 0.0009680042066630366, 'beta_4': 6.8039213316338705, 'beta_5': 34.22095701666595, 'beta_6': 0.041999259542981796, 'beta_7': 0.016438061998379824, 'beta_8': 3.9447186021131655e-05, 'beta_9': 8.088081040037325e-07}. Best is trial 691 with value: 6538.461030825155.
[I 2026-04-01 10:55:42,488] Trial 1896 finished with value: 6662.868096760518 and parameters: {'alpha_0': 0.0006369746644371723, 'alpha_1': 5.759478611747401e-05, 'alpha_2': 4.3381147332553205e-05, 'beta_0': 0.08304800891467835, 'beta_1': 5.99021776556811, 'beta_2': 0.2056411531043986, 'beta_3': 0.0009880022182483753, 'beta_4': 6.958624519010812, 'beta_5': 33.47436617070292, 'beta_6': 0.04371568183307494, 'beta_7': 0.015873649495275248, 'beta_8': 3.859103271645152e-05, 'beta_9': 6.478648794972829e-07}. Best is trial 691 with value: 6538.461030825155.
[I 2026-04-01 10:55:51,822] Trial 1897 finished with value: inf and parameters: {'alpha_0': 0.000566375137304427, 'alpha_1': 5.3354608833423595e-05, 'alpha_2': 4.551712666131717e-05, 'beta_0': 0.09467260056672182, 'beta_1': 6.5628240980548025, 'beta_2': 0.24932960081328004, 'beta_3': 0.0010708775904416786, 'beta_4': 6.739891205210949, 'beta_5': 37.65633116765133, 'beta_6': 0.045225985801389035, 'beta_7': 0.021266211596909404, 'beta_8': 3.7063846773119194e-05, 'beta_9': 6.042687311200247e-07}. Best is trial 691 with value: 6538.461030825155.
[I 2026-04-01 10:56:01,153] Trial 1898 finished with value: 6803.699733486092 and parameters: {'alpha_0': 0.0007885979668598198, 'alpha_1': 5.173283748732974e-05, 'alpha_2': 4.006166304612089e-05, 'beta_0': 0.14237873547008478, 'beta_1': 6.96019258699196, 'beta_2': 0.2118826927459177, 'beta_3': 0.0010231651703682277, 'beta_4': 6.6037906899340495, 'beta_5': 34.83898425385232, 'beta_6': 0.04111473645564492, 'beta_7': 0.016158927574083812, 'beta_8': 3.895404924329966e-05, 'beta_9': 7.267005332174274e-07}. Best is trial 691 with value: 6538.461030825155.
[I 2026-04-01 10:56:10,463] Trial 1899 finished with value: 6610.5136750692745 and parameters: {'alpha_0': 0.0006962115793951206, 'alpha_1': 5.000392452384556e-05, 'alpha_2': 9.920241228725082e-05, 'beta_0': 0.10250859938497184, 'beta_1': 5.872574228159947, 'beta_2': 0.20216106362298492, 'beta_3': 0.0009680768345144324, 'beta_4': 6.868865716651023, 'beta_5': 48.92938397145605, 'beta_6': 0.04269114576207424, 'beta_7': 0.015702775333252268, 'beta_8': 3.779586181246869e-05, 'beta_9': 5.363733380384662e-07}. Best is trial 691 with value: 6538.461030825155.
[I 2026-04-01 10:56:19,967] Trial 1900 finished with value: 7378.413275767882 and parameters: {'alpha_0': 0.0005988156164770834, 'alpha_1': 5.6135421772682064e-05, 'alpha_2': 4.252255444896864e-05, 'beta_0': 0.0774032163963237, 'beta_1': 6.729467147718739, 'beta_2': 0.20960321450717712, 'beta_3': 0.0009547592806713841, 'beta_4': 5.169020969115689, 'beta_5': 35.767787406669804, 'beta_6': 0.04001011488752063, 'beta_7': 0.015259635240130874, 'beta_8': 3.997009686457822e-05, 'beta_9': 5.681344728570183e-07}. Best is trial 691 with value: 6538.461030825155.
[I 2026-04-01 10:56:21,407] Trial 1901 finished with value: inf and parameters: {'alpha_0': 0.0006432563714014613, 'alpha_1': 5.4946283190385223e-05, 'alpha_2': 8.662720415985625e-05, 'beta_0': 0.08522580037466848, 'beta_1': 7.751946251356356, 'beta_2': 0.21426267041913524, 'beta_3': 0.0010033387753180065, 'beta_4': 5.481740915171867, 'beta_5': 36.74448886099187, 'beta_6': 0.04408414863432377, 'beta_7': 0.029301322405777448, 'beta_8': 3.998460756159107e-05, 'beta_9': 6.173104398275633e-07}. Best is trial 691 with value: 6538.461030825155.
[I 2026-04-01 10:56:30,692] Trial 1902 finished with value: 6715.264674201056 and parameters: {'alpha_0': 0.0007332783202944449, 'alpha_1': 5.343062127152772e-05, 'alpha_2': 4.2050180806927914e-05, 'beta_0': 0.07311800788808458, 'beta_1': 6.287933214742156, 'beta_2': 0.20678089457304108, 'beta_3': 0.001088739783720673, 'beta_4': 6.544003179641461, 'beta_5': 34.01198315643924, 'beta_6': 0.04194979346673363, 'beta_7': 0.015908630510114822, 'beta_8': 3.835188904848086e-05, 'beta_9': 6.654451307545019e-07}. Best is trial 691 with value: 6538.461030825155.
[I 2026-04-01 10:56:39,954] Trial 1903 finished with value: 6761.8599877218085 and parameters: {'alpha_0': 0.0005718097549336666, 'alpha_1': 9.182987667858391e-05, 'alpha_2': 4.447191056301632e-05, 'beta_0': 0.09094540298962712, 'beta_1': 6.050372026674603, 'beta_2': 0.2039942480068315, 'beta_3': 0.0010411792454722054, 'beta_4': 6.676488250436232, 'beta_5': 33.35006091985207, 'beta_6': 0.04794694837979572, 'beta_7': 0.015500942755248505, 'beta_8': 3.906773770035692e-05, 'beta_9': 5.889695520067587e-07}. Best is trial 691 with value: 6538.461030825155.
[I 2026-04-01 10:56:49,291] Trial 1904 finished with value: inf and parameters: {'alpha_0': 0.0006627469535984525, 'alpha_1': 5.9045443876588075e-05, 'alpha_2': 4.696123768901003e-05, 'beta_0': 0.07948869243477362, 'beta_1': 6.6197284725025, 'beta_2': 0.21754098010466177, 'beta_3': 0.0011255961594336622, 'beta_4': 6.770198825839924, 'beta_5': 35.01343335668657, 'beta_6': 0.04593322439575711, 'beta_7': 0.022401757472604897, 'beta_8': 3.6262409784789475e-05, 'beta_9': 6.978320154783288e-07}. Best is trial 691 with value: 6538.461030825155.
