[I 2026-04-01 00:23:45,335] Trial 1095 finished with value: 6612.5911691423535 and parameters: {'alpha_0': 0.002123141748912078, 'alpha_1': 5.353791879720197e-05, 'alpha_2': 0.00010076294711145077, 'beta_0': 0.19569883304615615, 'beta_1': 6.385859943744565, 'beta_2': 0.2082363379476662, 'beta_3': 0.0009635097958909668, 'beta_4': 7.031569114187862, 'beta_5': 35.179909837948934, 'beta_6': 0.04298874954766957, 'beta_7': 0.01571804725243636, 'beta_8': 3.734415838439378e-05, 'beta_9': 1.4142243131443155e-06}. Best is trial 691 with value: 6538.461030825155.Best trial: 691. Best value: 6538.46:  55%|█████▍    | 1095/2000 [2:45:00<1:54:52,  7.62s/it]Best trial: 691. Best value: 6538.46:  55%|█████▍    | 1095/2000 [2:45:00<1:54:52,  7.62s/it]Best trial: 691. Best value: 6538.46:  55%|█████▍    | 1096/2000 [2:45:00<2:02:25,  8.13s/it]                                                                                             Best trial: 691. Best value: 6538.46:  55%|█████▍    | 1096/2000 [2:45:10<2:02:25,  8.13s/it]Best trial: 691. Best value: 6538.46:  55%|█████▍    | 1096/2000 [2:45:10<2:02:25,  8.13s/it]Best trial: 691. Best value: 6538.46:  55%|█████▍    | 1097/2000 [2:45:10<2:08:13,  8.52s/it]                                                                                             Best trial: 691. Best value: 6538.46:  55%|█████▍    | 1097/2000 [2:45:17<2:08:13,  8.52s/it]Best trial: 691. Best value: 6538.46:  55%|█████▍    | 1097/2000 [2:45:17<2:08:13,  8.52s/it]Best trial: 691. Best value: 6538.46:  55%|█████▍    | 1098/2000 [2:45:17<2:01:33,  8.09s/it]                                                                                             Best trial: 691. Best value: 6538.46:  55%|█████▍    | 1098/2000 [2:45:26<2:01:33,  8.09s/it]Best trial: 691. Best value: 6538.46:  55%|█████▍    | 1098/2000 [2:45:26<2:01:33,  8.09s/it]Best trial: 691. Best value: 6538.46:  55%|█████▍    | 1099/2000 [2:45:26<2:07:17,  8.48s/it]                                                                                             Best trial: 691. Best value: 6538.46:  55%|█████▍    | 1099/2000 [2:45:35<2:07:17,  8.48s/it]Best trial: 691. Best value: 6538.46:  55%|█████▍    | 1099/2000 [2:45:35<2:07:17,  8.48s/it]Best trial: 691. Best value: 6538.46:  55%|█████▌    | 1100/2000 [2:45:35<2:10:35,  8.71s/it]                                                                                             Best trial: 691. Best value: 6538.46:  55%|█████▌    | 1100/2000 [2:45:45<2:10:35,  8.71s/it]Best trial: 691. Best value: 6538.46:  55%|█████▌    | 1100/2000 [2:45:45<2:10:35,  8.71s/it]Best trial: 691. Best value: 6538.46:  55%|█████▌    | 1101/2000 [2:45:45<2:13:02,  8.88s/it]                                                                                             Best trial: 691. Best value: 6538.46:  55%|█████▌    | 1101/2000 [2:45:54<2:13:02,  8.88s/it]Best trial: 691. Best value: 6538.46:  55%|█████▌    | 1101/2000 [2:45:54<2:13:02,  8.88s/it]Best trial: 691. Best value: 6538.46:  55%|█████▌    | 1102/2000 [2:45:54<2:15:25,  9.05s/it]                                                                                             Best trial: 691. Best value: 6538.46:  55%|█████▌    | 1102/2000 [2:46:04<2:15:25,  9.05s/it]Best trial: 691. Best value: 6538.46:  55%|█████▌    | 1102/2000 [2:46:04<2:15:25,  9.05s/it]Best trial: 691. Best value: 6538.46:  55%|█████▌    | 1103/2000 [2:46:04<2:16:45,  9.15s/it]                                                                                             Best trial: 691. Best value: 6538.46:  55%|█████▌    | 1103/2000 [2:46:13<2:16:45,  9.15s/it]Best trial: 691. Best value: 6538.46:  55%|█████▌    | 1103/2000 [2:46:13<2:16:45,  9.15s/it]Best trial: 691. Best value: 6538.46:  55%|█████▌    | 1104/2000 [2:46:13<2:17:19,  9.20s/it]                                                                                             Best trial: 691. Best value: 6538.46:  55%|█████▌    | 1104/2000 [2:46:15<2:17:19,  9.20s/it]Best trial: 691. Best value: 6538.46:  55%|█████▌    | 1104/2000 [2:46:15<2:17:19,  9.20s/it]Best trial: 691. Best value: 6538.46:  55%|█████▌    | 1105/2000 [2:46:15<1:45:31,  7.07s/it]                                                                                             Best trial: 691. Best value: 6538.46:  55%|█████▌    | 1105/2000 [2:46:24<1:45:31,  7.07s/it]Best trial: 691. Best value: 6538.46:  55%|█████▌    | 1105/2000 [2:46:24<1:45:31,  7.07s/it]Best trial: 691. Best value: 6538.46:  55%|█████▌    | 1106/2000 [2:46:24<1:55:15,  7.74s/it]                                                                                             Best trial: 691. Best value: 6538.46:  55%|█████▌    | 1106/2000 [2:46:34<1:55:15,  7.74s/it]Best trial: 691. Best value: 6538.46:  55%|█████▌    | 1106/2000 [2:46:34<1:55:15,  7.74s/it]Best trial: 691. Best value: 6538.46:  55%|█████▌    | 1107/2000 [2:46:34<2:02:21,  8.22s/it]                                                                                             Best trial: 691. Best value: 6538.46:  55%|█████▌    | 1107/2000 [2:46:43<2:02:21,  8.22s/it]Best trial: 691. Best value: 6538.46:  55%|█████▌    | 1107/2000 [2:46:43<2:02:21,  8.22s/it]Best trial: 691. Best value: 6538.46:  55%|█████▌    | 1108/2000 [2:46:43<2:06:47,  8.53s/it]                                                                                             Best trial: 691. Best value: 6538.46:  55%|█████▌    | 1108/2000 [2:46:52<2:06:47,  8.53s/it]Best trial: 691. Best value: 6538.46:  55%|█████▌    | 1108/2000 [2:46:52<2:06:47,  8.53s/it]Best trial: 691. Best value: 6538.46:  55%|█████▌    | 1109/2000 [2:46:52<2:11:13,  8.84s/it]                                                                                             Best trial: 691. Best value: 6538.46:  55%|█████▌    | 1109/2000 [2:47:02<2:11:13,  8.84s/it]Best trial: 691. Best value: 6538.46:  55%|█████▌    | 1109/2000 [2:47:02<2:11:13,  8.84s/it]Best trial: 691. Best value: 6538.46:  56%|█████▌    | 1110/2000 [2:47:02<2:13:19,  8.99s/it]                                                                                             
[I 2026-04-01 00:23:54,776] Trial 1096 finished with value: 6780.309503016938 and parameters: {'alpha_0': 0.0007259803967662798, 'alpha_1': 5.523494572621276e-05, 'alpha_2': 4.3038727198635195e-05, 'beta_0': 0.09025712836435376, 'beta_1': 5.360197990940434, 'beta_2': 0.23133038109212112, 'beta_3': 0.0009862770149279925, 'beta_4': 6.684383581835572, 'beta_5': 32.72343005036562, 'beta_6': 0.04124235661336435, 'beta_7': 0.016174521539814624, 'beta_8': 3.7894046779904616e-05, 'beta_9': 6.698085621912475e-07}. Best is trial 691 with value: 6538.461030825155.
[I 2026-04-01 00:24:01,851] Trial 1097 finished with value: inf and parameters: {'alpha_0': 0.0006584776858468351, 'alpha_1': 5.205205380174169e-05, 'alpha_2': 0.00011990847425283305, 'beta_0': 0.09927095979362424, 'beta_1': 5.813178826592226, 'beta_2': 0.20626133183364853, 'beta_3': 0.0009038440510300142, 'beta_4': 6.791330785159133, 'beta_5': 33.795733990170554, 'beta_6': 0.04646953961967852, 'beta_7': 0.023492255739127027, 'beta_8': 3.9995960266513284e-05, 'beta_9': 6.449497928555068e-07}. Best is trial 691 with value: 6538.461030825155.
[I 2026-04-01 00:24:11,239] Trial 1098 finished with value: 7396.096665361249 and parameters: {'alpha_0': 0.0005587262673270474, 'alpha_1': 5.361938576065527e-05, 'alpha_2': 4.484645894262395e-05, 'beta_0': 0.0836668993938874, 'beta_1': 6.211725429315996, 'beta_2': 0.20150373538121388, 'beta_3': 0.0008407198601411206, 'beta_4': 6.573371338951089, 'beta_5': 35.87081209092235, 'beta_6': 0.042777341188986885, 'beta_7': 0.01526936151847345, 'beta_8': 3.897870513674948e-05, 'beta_9': 5.509216480461014e-07}. Best is trial 691 with value: 6538.461030825155.
[I 2026-04-01 00:24:20,478] Trial 1099 finished with value: 7177.020703220447 and parameters: {'alpha_0': 0.0005003501712749774, 'alpha_1': 8.873302424379865e-05, 'alpha_2': 4.6079444073689574e-05, 'beta_0': 0.18324194542886243, 'beta_1': 5.949647722092101, 'beta_2': 0.2102235953323519, 'beta_3': 0.0009337935192717094, 'beta_4': 7.39027146344196, 'beta_5': 36.80658694112307, 'beta_6': 0.04198031573938925, 'beta_7': 0.016547661428315555, 'beta_8': 3.928898367641407e-05, 'beta_9': 6.10391596472791e-07}. Best is trial 691 with value: 6538.461030825155.
[I 2026-04-01 00:24:29,764] Trial 1100 finished with value: 6670.300381640818 and parameters: {'alpha_0': 0.0006111613443274615, 'alpha_1': 5.0031030348378456e-05, 'alpha_2': 4.330876257835832e-05, 'beta_0': 0.0935150431662289, 'beta_1': 6.539959100939575, 'beta_2': 0.20486728642524, 'beta_3': 0.0009777622986116422, 'beta_4': 6.43167678994576, 'beta_5': 32.96607709709896, 'beta_6': 0.045568775295107264, 'beta_7': 0.015874825460692344, 'beta_8': 1.0034577058703175e-05, 'beta_9': 6.766037056144046e-07}. Best is trial 691 with value: 6538.461030825155.
[I 2026-04-01 00:24:39,208] Trial 1101 finished with value: 6831.0758726054355 and parameters: {'alpha_0': 0.0006626937920596321, 'alpha_1': 5.719935203026701e-05, 'alpha_2': 0.00011483902795713245, 'beta_0': 0.08772120402313285, 'beta_1': 6.267742804309805, 'beta_2': 0.21263883547908916, 'beta_3': 0.0009578428793116829, 'beta_4': 6.938952118542058, 'beta_5': 34.37657972959473, 'beta_6': 0.040007414354493114, 'beta_7': 0.015499645625308343, 'beta_8': 3.837355021630914e-05, 'beta_9': 5.875358287159362e-07}. Best is trial 691 with value: 6538.461030825155.
[I 2026-04-01 00:24:48,585] Trial 1102 finished with value: 6725.739137009668 and parameters: {'alpha_0': 0.0005367273983906994, 'alpha_1': 5.536284471917952e-05, 'alpha_2': 6.766343040951766e-05, 'beta_0': 0.09646995365491659, 'beta_1': 5.759996610568686, 'beta_2': 0.19872645310070125, 'beta_3': 0.0008719837593698567, 'beta_4': 6.675793469119454, 'beta_5': 35.256141499645125, 'beta_6': 0.043789613468239466, 'beta_7': 0.016118606108241177, 'beta_8': 3.999799384165763e-05, 'beta_9': 6.516980533645848e-07}. Best is trial 691 with value: 6538.461030825155.
[I 2026-04-01 00:24:57,894] Trial 1103 finished with value: 6699.598123942553 and parameters: {'alpha_0': 0.0007518373950622322, 'alpha_1': 5.180585516249813e-05, 'alpha_2': 0.00010900400682799473, 'beta_0': 0.08297938554607559, 'beta_1': 5.48710100335576, 'beta_2': 0.20755878389240073, 'beta_3': 0.0009089386895018767, 'beta_4': 6.3168007313025045, 'beta_5': 33.91733015184828, 'beta_6': 0.04116840375710481, 'beta_7': 0.01567766996916986, 'beta_8': 3.870645887703699e-05, 'beta_9': 6.816112943585789e-07}. Best is trial 691 with value: 6538.461030825155.
[I 2026-04-01 00:25:00,017] Trial 1104 finished with value: inf and parameters: {'alpha_0': 0.002242017218479809, 'alpha_1': 5.93460372579467e-05, 'alpha_2': 4.875739538063422e-05, 'beta_0': 0.10406158441239585, 'beta_1': 6.024473576346978, 'beta_2': 0.2060406307054894, 'beta_3': 0.0009392026494119497, 'beta_4': 6.541602578142503, 'beta_5': 33.48026627965114, 'beta_6': 0.04248521374836455, 'beta_7': 0.02449865750712603, 'beta_8': 3.785312702262291e-05, 'beta_9': 5.03991573181046e-07}. Best is trial 691 with value: 6538.461030825155.
[I 2026-04-01 00:25:09,296] Trial 1105 finished with value: 6994.462628204143 and parameters: {'alpha_0': 0.0006104744169884969, 'alpha_1': 5.3809744912382143e-05, 'alpha_2': 4.2447415691741454e-05, 'beta_0': 0.09269463394454992, 'beta_1': 6.657464191888832, 'beta_2': 0.21515692409078918, 'beta_3': 0.000990460982521781, 'beta_4': 6.819370895631695, 'beta_5': 34.784435621916494, 'beta_6': 0.04421565075988929, 'beta_7': 0.01639370363553616, 'beta_8': 3.698714972761395e-05, 'beta_9': 6.221112224461682e-07}. Best is trial 691 with value: 6538.461030825155.
[I 2026-04-01 00:25:18,650] Trial 1106 finished with value: 7344.702642736778 and parameters: {'alpha_0': 0.000691115919764345, 'alpha_1': 0.00011461538356110365, 'alpha_2': 9.881758785779966e-05, 'beta_0': 0.08877764351310215, 'beta_1': 6.458352134311004, 'beta_2': 0.20983525878494594, 'beta_3': 0.0009584179748700892, 'beta_4': 6.695454114936243, 'beta_5': 32.7197214103208, 'beta_6': 0.04096419647606073, 'beta_7': 0.015248310283704576, 'beta_8': 3.933164799833516e-05, 'beta_9': 5.611203627083514e-07}. Best is trial 691 with value: 6538.461030825155.
[I 2026-04-01 00:25:27,898] Trial 1107 finished with value: 6660.05124396785 and parameters: {'alpha_0': 0.0005751579116163788, 'alpha_1': 5.188154594438533e-05, 'alpha_2': 4.533388077533688e-05, 'beta_0': 0.24449880395397816, 'beta_1': 6.252134038317322, 'beta_2': 0.20336170462062522, 'beta_3': 0.0008927836639031312, 'beta_4': 6.471680229398791, 'beta_5': 35.87743472486072, 'beta_6': 0.04260985710303579, 'beta_7': 0.015949696690824855, 'beta_8': 3.851693943808693e-05, 'beta_9': 1.312245117663931e-06}. Best is trial 691 with value: 6538.461030825155.
[I 2026-04-01 00:25:37,453] Trial 1108 finished with value: 7543.0732381526705 and parameters: {'alpha_0': 0.0006422173159725132, 'alpha_1': 5.574444885931228e-05, 'alpha_2': 0.00010482747791527527, 'beta_0': 0.08479969453292592, 'beta_1': 5.68620523312263, 'beta_2': 0.2012681755161671, 'beta_3': 0.0009230585295464372, 'beta_4': 6.217768539109972, 'beta_5': 33.18066949336478, 'beta_6': 0.04174990504852778, 'beta_7': 0.015001996089501198, 'beta_8': 2.305132666325232e-05, 'beta_9': 6.896291400983377e-07}. Best is trial 691 with value: 6538.461030825155.
[I 2026-04-01 00:25:46,793] Trial 1109 finished with value: inf and parameters: {'alpha_0': 0.0005859387939518598, 'alpha_1': 5.1622082646641316e-05, 'alpha_2': 4.175531491796205e-05, 'beta_0': 0.09679003224523058, 'beta_1': 9.689848071156446, 'beta_2': 0.20810588809704939, 'beta_3': 0.0009873839441443166, 'beta_4': 6.3763006464988745, 'beta_5': 32.4565739357269, 'beta_6': 0.04002946800746199, 'beta_7': 0.016923434703342042, 'beta_8': 3.9393937511326336e-05, 'beta_9': 6.397265168956745e-07}. Best is trial 691 with value: 6538.461030825155.
[I 2026-04-01 00:25:56,029] Trial 1110 finished with value: 6685.193757740935 and parameters: {'alpha_0': 0.0005361514859671225, 'alpha_1': 5.370559774495946e-05, 'alpha_2': 4.379667603208732e-05, 'beta_0': 0.10207265622183789, 'beta_1': 6.11847131766002, 'beta_2': 0.21181466518658504, 'beta_3': 0.0009714133513808541, 'beta_4': 7.188557531166492, 'beta_5': 34.2968401715311, 'beta_6': 0.04511921869284824, 'beta_7': 0.015548150433873836, 'beta_8': 3.8839719868391566e-05, 'beta_9': 6.55190839067199e-07}. Best is trial 691 with value: 6538.461030825155.Best trial: 691. Best value: 6538.46:  56%|█████▌    | 1110/2000 [2:47:11<2:13:19,  8.99s/it]Best trial: 691. Best value: 6538.46:  56%|█████▌    | 1110/2000 [2:47:11<2:13:19,  8.99s/it]Best trial: 691. Best value: 6538.46:  56%|█████▌    | 1111/2000 [2:47:11<2:14:16,  9.06s/it]                                                                                             Best trial: 691. Best value: 6538.46:  56%|█████▌    | 1111/2000 [2:47:20<2:14:16,  9.06s/it]Best trial: 691. Best value: 6538.46:  56%|█████▌    | 1111/2000 [2:47:20<2:14:16,  9.06s/it]Best trial: 691. Best value: 6538.46:  56%|█████▌    | 1112/2000 [2:47:20<2:14:57,  9.12s/it]                                                                                             Best trial: 691. Best value: 6538.46:  56%|█████▌    | 1112/2000 [2:47:29<2:14:57,  9.12s/it]Best trial: 691. Best value: 6538.46:  56%|█████▌    | 1112/2000 [2:47:29<2:14:57,  9.12s/it]Best trial: 691. Best value: 6538.46:  56%|█████▌    | 1113/2000 [2:47:29<2:15:15,  9.15s/it]                                                                                             Best trial: 691. Best value: 6538.46:  56%|█████▌    | 1113/2000 [2:47:39<2:15:15,  9.15s/it]Best trial: 691. Best value: 6538.46:  56%|█████▌    | 1113/2000 [2:47:39<2:15:15,  9.15s/it]Best trial: 691. Best value: 6538.46:  56%|█████▌    | 1114/2000 [2:47:39<2:15:32,  9.18s/it]                                                                                             Best trial: 691. Best value: 6538.46:  56%|█████▌    | 1114/2000 [2:47:48<2:15:32,  9.18s/it]Best trial: 691. Best value: 6538.46:  56%|█████▌    | 1114/2000 [2:47:48<2:15:32,  9.18s/it]Best trial: 691. Best value: 6538.46:  56%|█████▌    | 1115/2000 [2:47:48<2:16:18,  9.24s/it]                                                                                             Best trial: 691. Best value: 6538.46:  56%|█████▌    | 1115/2000 [2:47:57<2:16:18,  9.24s/it]Best trial: 691. Best value: 6538.46:  56%|█████▌    | 1115/2000 [2:47:57<2:16:18,  9.24s/it]Best trial: 691. Best value: 6538.46:  56%|█████▌    | 1116/2000 [2:47:57<2:16:12,  9.24s/it]                                                                                             Best trial: 691. Best value: 6538.46:  56%|█████▌    | 1116/2000 [2:48:07<2:16:12,  9.24s/it]Best trial: 691. Best value: 6538.46:  56%|█████▌    | 1116/2000 [2:48:07<2:16:12,  9.24s/it]Best trial: 691. Best value: 6538.46:  56%|█████▌    | 1117/2000 [2:48:07<2:16:26,  9.27s/it]                                                                                             Best trial: 691. Best value: 6538.46:  56%|█████▌    | 1117/2000 [2:48:16<2:16:26,  9.27s/it]Best trial: 691. Best value: 6538.46:  56%|█████▌    | 1117/2000 [2:48:16<2:16:26,  9.27s/it]Best trial: 691. Best value: 6538.46:  56%|█████▌    | 1118/2000 [2:48:16<2:16:10,  9.26s/it]                                                                                             Best trial: 691. Best value: 6538.46:  56%|█████▌    | 1118/2000 [2:48:25<2:16:10,  9.26s/it]Best trial: 691. Best value: 6538.46:  56%|█████▌    | 1118/2000 [2:48:25<2:16:10,  9.26s/it]Best trial: 691. Best value: 6538.46:  56%|█████▌    | 1119/2000 [2:48:25<2:16:09,  9.27s/it]                                                                                             Best trial: 691. Best value: 6538.46:  56%|█████▌    | 1119/2000 [2:48:34<2:16:09,  9.27s/it]Best trial: 691. Best value: 6538.46:  56%|█████▌    | 1119/2000 [2:48:34<2:16:09,  9.27s/it]Best trial: 691. Best value: 6538.46:  56%|█████▌    | 1120/2000 [2:48:34<2:16:05,  9.28s/it]                                                                                             Best trial: 691. Best value: 6538.46:  56%|█████▌    | 1120/2000 [2:48:44<2:16:05,  9.28s/it]Best trial: 691. Best value: 6538.46:  56%|█████▌    | 1120/2000 [2:48:44<2:16:05,  9.28s/it]Best trial: 691. Best value: 6538.46:  56%|█████▌    | 1121/2000 [2:48:44<2:16:15,  9.30s/it]                                                                                             Best trial: 691. Best value: 6538.46:  56%|█████▌    | 1121/2000 [2:48:45<2:16:15,  9.30s/it]Best trial: 691. Best value: 6538.46:  56%|█████▌    | 1121/2000 [2:48:45<2:16:15,  9.30s/it]Best trial: 691. Best value: 6538.46:  56%|█████▌    | 1122/2000 [2:48:45<1:42:21,  7.00s/it]                                                                                             Best trial: 691. Best value: 6538.46:  56%|█████▌    | 1122/2000 [2:48:55<1:42:21,  7.00s/it]Best trial: 691. Best value: 6538.46:  56%|█████▌    | 1122/2000 [2:48:55<1:42:21,  7.00s/it]Best trial: 691. Best value: 6538.46:  56%|█████▌    | 1123/2000 [2:48:55<1:52:37,  7.71s/it]                                                                                             Best trial: 691. Best value: 6538.46:  56%|█████▌    | 1123/2000 [2:49:04<1:52:37,  7.71s/it]Best trial: 691. Best value: 6538.46:  56%|█████▌    | 1123/2000 [2:49:04<1:52:37,  7.71s/it]Best trial: 691. Best value: 6538.46:  56%|█████▌    | 1124/2000 [2:49:04<1:59:24,  8.18s/it]                                                                                             Best trial: 691. Best value: 6538.46:  56%|█████▌    | 1124/2000 [2:49:13<1:59:24,  8.18s/it]Best trial: 691. Best value: 6538.46:  56%|█████▌    | 1124/2000 [2:49:13<1:59:24,  8.18s/it]Best trial: 691. Best value: 6538.46:  56%|█████▋    | 1125/2000 [2:49:13<2:04:23,  8.53s/it]                                                                                             
[I 2026-04-01 00:26:05,279] Trial 1111 finished with value: 6670.590704096297 and parameters: {'alpha_0': 0.0007059085422174833, 'alpha_1': 0.0001050954329195338, 'alpha_2': 4.706356851274668e-05, 'beta_0': 0.0917269998253671, 'beta_1': 6.852104907232398, 'beta_2': 0.20512415406225293, 'beta_3': 0.000942406509984415, 'beta_4': 6.604279858069827, 'beta_5': 35.310480681706764, 'beta_6': 0.043641143004892864, 'beta_7': 0.0157866106143041, 'beta_8': 3.802244484452302e-05, 'beta_9': 5.873323760365228e-07}. Best is trial 691 with value: 6538.461030825155.
[I 2026-04-01 00:26:14,500] Trial 1112 finished with value: 6849.021020575185 and parameters: {'alpha_0': 0.0006400003329437785, 'alpha_1': 5.700842548553725e-05, 'alpha_2': 4.2646402580359685e-05, 'beta_0': 0.08689058785490493, 'beta_1': 5.9211761642049945, 'beta_2': 0.20919040728182572, 'beta_3': 0.0010208745717655535, 'beta_4': 6.758309510182068, 'beta_5': 33.61664612075308, 'beta_6': 0.04001500185842335, 'beta_7': 0.016286290519854273, 'beta_8': 3.942223629189934e-05, 'beta_9': 6.126137663305829e-07}. Best is trial 691 with value: 6538.461030825155.
[I 2026-04-01 00:26:23,749] Trial 1113 finished with value: 6729.3436697063735 and parameters: {'alpha_0': 0.0005360528735095692, 'alpha_1': 5.475143968233586e-05, 'alpha_2': 4.1319540266353575e-05, 'beta_0': 0.08364900844065892, 'beta_1': 6.288535021559847, 'beta_2': 0.2039381073620261, 'beta_3': 0.0009162247484759854, 'beta_4': 6.495898548667446, 'beta_5': 36.362548913701254, 'beta_6': 0.04187241100919306, 'beta_7': 0.016036283044455975, 'beta_8': 3.752216078457704e-05, 'beta_9': 6.991343366540227e-07}. Best is trial 691 with value: 6538.461030825155.
