[I 2026-04-01 10:18:56,940] Trial 1654 finished with value: 7246.607246702404 and parameters: {'alpha_0': 0.0015828624700010415, 'alpha_1': 5.4927318933215325e-05, 'alpha_2': 4.5712517721598914e-05, 'beta_0': 0.09172004680018349, 'beta_1': 6.527487639998989, 'beta_2': 0.20464358251411666, 'beta_3': 0.0009495978936087794, 'beta_4': 7.418968840446708, 'beta_5': 34.60973310255635, 'beta_6': 0.041112252188675626, 'beta_7': 0.01675354459483365, 'beta_8': 3.999812174261212e-05, 'beta_9': 1.2353218883440608e-06}. Best is trial 691 with value: 6538.461030825155.
[I 2026-04-01 10:19:06,120] Trial 1655 finished with value: 6813.185293462751 and parameters: {'alpha_0': 0.0005393918798982296, 'alpha_1': 5.1914453197591154e-05, 'alpha_2': 4.121866080034003e-05, 'beta_0': 0.080281080782884, 'beta_1': 6.263965560191919, 'beta_2': 0.2068841321117008, 'beta_3': 0.0009759842072299609, 'beta_4': 5.871492882057134, 'beta_5': 32.8635956348989, 'beta_6': 0.04223666745101898, 'beta_7': 0.01621499466640563, 'beta_8': 3.8053211950353796e-05, 'beta_9': 1.274882789742385e-06}. Best is trial 691 with value: 6538.461030825155.
[I 2026-04-01 10:19:15,387] Trial 1656 finished with value: 6807.0894339646675 and parameters: {'alpha_0': 0.0006351284714984925, 'alpha_1': 5.640250304541914e-05, 'alpha_2': 4.0126059316935995e-05, 'beta_0': 0.09966889369674714, 'beta_1': 7.485915998016443, 'beta_2': 0.20911798680071342, 'beta_3': 0.0010331570539790246, 'beta_4': 5.685717127066267, 'beta_5': 44.68024812329207, 'beta_6': 0.045228138860977166, 'beta_7': 0.015468438025945124, 'beta_8': 3.94735902245395e-05, 'beta_9': 1.3268262892323694e-06}. Best is trial 691 with value: 6538.461030825155.
[I 2026-04-01 10:19:24,677] Trial 1657 finished with value: 6744.5207193027145 and parameters: {'alpha_0': 0.0005772886398514377, 'alpha_1': 5.313321519474066e-05, 'alpha_2': 4.39221458628965e-05, 'beta_0': 0.22223605745817843, 'beta_1': 6.665056355239106, 'beta_2': 0.2115886435448851, 'beta_3': 0.0011181000154237872, 'beta_4': 5.466564595725299, 'beta_5': 35.70628169642793, 'beta_6': 0.043400651415666215, 'beta_7': 0.015942826065970795, 'beta_8': 3.8656764108735734e-05, 'beta_9': 1.2854513625861976e-06}. Best is trial 691 with value: 6538.461030825155.
[I 2026-04-01 10:19:34,003] Trial 1658 finished with value: 6663.413308572137 and parameters: {'alpha_0': 0.0005370540456690192, 'alpha_1': 6.22756753831603e-05, 'alpha_2': 5.077464283699444e-05, 'beta_0': 0.0893722242469467, 'beta_1': 6.831072017618249, 'beta_2': 0.2061627373427997, 'beta_3': 0.0009632657522786959, 'beta_4': 7.020836460360321, 'beta_5': 33.587795745958886, 'beta_6': 0.04191287093787436, 'beta_7': 0.01562874681959265, 'beta_8': 3.6585850515626124e-05, 'beta_9': 1.2278354869878063e-06}. Best is trial 691 with value: 6538.461030825155.
[I 2026-04-01 10:19:43,233] Trial 1659 finished with value: 7403.944329002647 and parameters: {'alpha_0': 0.0006341929783867661, 'alpha_1': 5.4463905340513885e-05, 'alpha_2': 0.00010028190823968329, 'beta_0': 0.0952851177558864, 'beta_1': 7.041077382128384, 'beta_2': 0.20432051442248483, 'beta_3': 0.0011456740292409104, 'beta_4': 5.561762131022574, 'beta_5': 24.180096296323068, 'beta_6': 0.04442473428012616, 'beta_7': 0.01502652848623694, 'beta_8': 3.766265990335555e-05, 'beta_9': 5.221578027576184e-07}. Best is trial 691 with value: 6538.461030825155.
[I 2026-04-01 10:19:52,425] Trial 1660 finished with value: 6816.648850982718 and parameters: {'alpha_0': 0.0024440605719592986, 'alpha_1': 5.959686841267194e-05, 'alpha_2': 4.753687095122923e-05, 'beta_0': 0.08234432836714431, 'beta_1': 6.484846637758665, 'beta_2': 0.21493609723618262, 'beta_3': 0.0010002351306019734, 'beta_4': 5.861432153310241, 'beta_5': 41.0265163361044, 'beta_6': 0.06043570102505069, 'beta_7': 0.01595931547848411, 'beta_8': 3.8938433433459024e-05, 'beta_9': 1.1765875912947836e-06}. Best is trial 691 with value: 6538.461030825155.
[I 2026-04-01 10:20:01,690] Trial 1661 finished with value: 6806.001689574747 and parameters: {'alpha_0': 0.0005028970975877117, 'alpha_1': 5.002876756704775e-05, 'alpha_2': 4.253596729952249e-05, 'beta_0': 0.07658734513700101, 'beta_1': 6.316244073413585, 'beta_2': 0.21221591444206667, 'beta_3': 0.000948761704560152, 'beta_4': 6.878574355703322, 'beta_5': 34.780315795339604, 'beta_6': 0.041047729401122196, 'beta_7': 0.0163588203064681, 'beta_8': 3.99859998662719e-05, 'beta_9': 5.276864238280715e-07}. Best is trial 691 with value: 6538.461030825155.
[I 2026-04-01 10:20:10,958] Trial 1662 finished with value: 6842.592056800944 and parameters: {'alpha_0': 0.0005963812919847389, 'alpha_1': 5.328835858527559e-05, 'alpha_2': 8.303719680573103e-05, 'beta_0': 0.08617760815430645, 'beta_1': 6.695895269879642, 'beta_2': 0.20821542130582182, 'beta_3': 0.0010145648943100652, 'beta_4': 7.135651593978196, 'beta_5': 22.01107317175567, 'beta_6': 0.04297362260602481, 'beta_7': 0.015428428628064976, 'beta_8': 3.819314117128429e-05, 'beta_9': 1.3869845349082828e-06}. Best is trial 691 with value: 6538.461030825155.
[I 2026-04-01 10:20:20,263] Trial 1663 finished with value: 6761.305282887362 and parameters: {'alpha_0': 0.0005603262115877216, 'alpha_1': 5.62776084214439e-05, 'alpha_2': 4.497329914421203e-05, 'beta_0': 0.09174008037758967, 'beta_1': 6.52225701698761, 'beta_2': 0.20214887969514833, 'beta_3': 0.0011982035811737275, 'beta_4': 7.837275646579842, 'beta_5': 35.288110438489774, 'beta_6': 0.041247501361986724, 'beta_7': 0.015785972099790446, 'beta_8': 3.9387948153238385e-05, 'beta_9': 1.24932349028936e-06}. Best is trial 691 with value: 6538.461030825155.
[I 2026-04-01 10:20:29,561] Trial 1664 finished with value: 6796.16464251432 and parameters: {'alpha_0': 0.0006415492421814842, 'alpha_1': 5.1778325168784624e-05, 'alpha_2': 4.339916196294649e-05, 'beta_0': 0.1134104357891414, 'beta_1': 7.209921029723244, 'beta_2': 0.21017754781267298, 'beta_3': 0.0009854714218870534, 'beta_4': 5.631217519284098, 'beta_5': 34.34064923499289, 'beta_6': 0.04379136357460574, 'beta_7': 0.016202657260568236, 'beta_8': 3.9030540974358053e-05, 'beta_9': 5.001303948691609e-07}. Best is trial 691 with value: 6538.461030825155.
[I 2026-04-01 10:20:39,017] Trial 1665 finished with value: 7395.217421350512 and parameters: {'alpha_0': 0.0005369424244547885, 'alpha_1': 5.4503109415381814e-05, 'alpha_2': 4.00339666335622e-05, 'beta_0': 0.10708489748802041, 'beta_1': 6.224468633481473, 'beta_2': 0.20663475458350664, 'beta_3': 0.0010437869450059813, 'beta_4': 7.068022073752963, 'beta_5': 33.141448011981446, 'beta_6': 0.040067011158661736, 'beta_7': 0.01500864028973704, 'beta_8': 3.714282498944666e-05, 'beta_9': 1.3361908643480047e-06}. Best is trial 691 with value: 6538.461030825155.Best trial: 691. Best value: 6538.46:  83%|████████▎ | 1665/2000 [12:41:54<51:47,  9.28s/it]Best trial: 691. Best value: 6538.46:  83%|████████▎ | 1665/2000 [12:41:54<51:47,  9.28s/it]Best trial: 691. Best value: 6538.46:  83%|████████▎ | 1666/2000 [12:41:54<51:56,  9.33s/it]                                                                                            Best trial: 691. Best value: 6538.46:  83%|████████▎ | 1666/2000 [12:42:03<51:56,  9.33s/it]Best trial: 691. Best value: 6538.46:  83%|████████▎ | 1666/2000 [12:42:03<51:56,  9.33s/it]Best trial: 691. Best value: 6538.46:  83%|████████▎ | 1667/2000 [12:42:03<51:29,  9.28s/it]                                                                                            Best trial: 691. Best value: 6538.46:  83%|████████▎ | 1667/2000 [12:42:12<51:29,  9.28s/it]Best trial: 691. Best value: 6538.46:  83%|████████▎ | 1667/2000 [12:42:12<51:29,  9.28s/it]Best trial: 691. Best value: 6538.46:  83%|████████▎ | 1668/2000 [12:42:12<51:27,  9.30s/it]                                                                                            Best trial: 691. Best value: 6538.46:  83%|████████▎ | 1668/2000 [12:42:22<51:27,  9.30s/it]Best trial: 691. Best value: 6538.46:  83%|████████▎ | 1668/2000 [12:42:22<51:27,  9.30s/it]Best trial: 691. Best value: 6538.46:  83%|████████▎ | 1669/2000 [12:42:22<51:07,  9.27s/it]                                                                                            Best trial: 691. Best value: 6538.46:  83%|████████▎ | 1669/2000 [12:42:31<51:07,  9.27s/it]Best trial: 691. Best value: 6538.46:  83%|████████▎ | 1669/2000 [12:42:31<51:07,  9.27s/it]Best trial: 691. Best value: 6538.46:  84%|████████▎ | 1670/2000 [12:42:31<50:51,  9.25s/it]                                                                                            Best trial: 691. Best value: 6538.46:  84%|████████▎ | 1670/2000 [12:42:40<50:51,  9.25s/it]Best trial: 691. Best value: 6538.46:  84%|████████▎ | 1670/2000 [12:42:40<50:51,  9.25s/it]Best trial: 691. Best value: 6538.46:  84%|████████▎ | 1671/2000 [12:42:40<50:46,  9.26s/it]                                                                                            Best trial: 691. Best value: 6538.46:  84%|████████▎ | 1671/2000 [12:42:49<50:46,  9.26s/it]Best trial: 691. Best value: 6538.46:  84%|████████▎ | 1671/2000 [12:42:49<50:46,  9.26s/it]Best trial: 691. Best value: 6538.46:  84%|████████▎ | 1672/2000 [12:42:49<50:36,  9.26s/it]                                                                                            Best trial: 691. Best value: 6538.46:  84%|████████▎ | 1672/2000 [12:42:59<50:36,  9.26s/it]Best trial: 691. Best value: 6538.46:  84%|████████▎ | 1672/2000 [12:42:59<50:36,  9.26s/it]Best trial: 691. Best value: 6538.46:  84%|████████▎ | 1673/2000 [12:42:59<50:34,  9.28s/it]                                                                                            Best trial: 691. Best value: 6538.46:  84%|████████▎ | 1673/2000 [12:43:08<50:34,  9.28s/it]Best trial: 691. Best value: 6538.46:  84%|████████▎ | 1673/2000 [12:43:08<50:34,  9.28s/it]Best trial: 691. Best value: 6538.46:  84%|████████▎ | 1674/2000 [12:43:08<50:22,  9.27s/it]                                                                                            Best trial: 691. Best value: 6538.46:  84%|████████▎ | 1674/2000 [12:43:17<50:22,  9.27s/it]Best trial: 691. Best value: 6538.46:  84%|████████▎ | 1674/2000 [12:43:17<50:22,  9.27s/it]Best trial: 691. Best value: 6538.46:  84%|████████▍ | 1675/2000 [12:43:17<50:31,  9.33s/it]                                                                                            Best trial: 691. Best value: 6538.46:  84%|████████▍ | 1675/2000 [12:43:27<50:31,  9.33s/it]Best trial: 691. Best value: 6538.46:  84%|████████▍ | 1675/2000 [12:43:27<50:31,  9.33s/it]Best trial: 691. Best value: 6538.46:  84%|████████▍ | 1676/2000 [12:43:27<50:11,  9.29s/it]                                                                                            Best trial: 691. Best value: 6538.46:  84%|████████▍ | 1676/2000 [12:43:36<50:11,  9.29s/it]Best trial: 691. Best value: 6538.46:  84%|████████▍ | 1676/2000 [12:43:36<50:11,  9.29s/it]Best trial: 691. Best value: 6538.46:  84%|████████▍ | 1677/2000 [12:43:36<49:57,  9.28s/it]                                                                                            Best trial: 691. Best value: 6538.46:  84%|████████▍ | 1677/2000 [12:43:45<49:57,  9.28s/it]Best trial: 691. Best value: 6538.46:  84%|████████▍ | 1677/2000 [12:43:45<49:57,  9.28s/it]Best trial: 691. Best value: 6538.46:  84%|████████▍ | 1678/2000 [12:43:45<49:51,  9.29s/it]                                                                                            Best trial: 691. Best value: 6538.46:  84%|████████▍ | 1678/2000 [12:43:54<49:51,  9.29s/it]Best trial: 691. Best value: 6538.46:  84%|████████▍ | 1678/2000 [12:43:54<49:51,  9.29s/it]Best trial: 691. Best value: 6538.46:  84%|████████▍ | 1679/2000 [12:43:54<49:37,  9.28s/it]                                                                                            Best trial: 691. Best value: 6538.46:  84%|████████▍ | 1679/2000 [12:44:04<49:37,  9.28s/it]Best trial: 691. Best value: 6538.46:  84%|████████▍ | 1679/2000 [12:44:04<49:37,  9.28s/it]Best trial: 691. Best value: 6538.46:  84%|████████▍ | 1680/2000 [12:44:04<49:29,  9.28s/it]                                                                                            
[I 2026-04-01 10:20:48,173] Trial 1666 finished with value: 6985.062383784196 and parameters: {'alpha_0': 0.0005005698464864095, 'alpha_1': 5.1744451202332087e-05, 'alpha_2': 4.147332728300538e-05, 'beta_0': 0.09860541906905233, 'beta_1': 6.854622221224782, 'beta_2': 0.21740602982222743, 'beta_3': 0.0009427032127495703, 'beta_4': 6.91741884445426, 'beta_5': 36.2264121347936, 'beta_6': 0.04258189569576188, 'beta_7': 0.015459508317201665, 'beta_8': 3.84765915924362e-05, 'beta_9': 1.5001403782678877e-06}. Best is trial 691 with value: 6538.461030825155.
[I 2026-04-01 10:20:57,519] Trial 1667 finished with value: 6598.64662179275 and parameters: {'alpha_0': 0.0005960523109988676, 'alpha_1': 5.784799128803269e-05, 'alpha_2': 4.6258204934987034e-05, 'beta_0': 0.0876934122209297, 'beta_1': 6.329782452718568, 'beta_2': 0.20872399157044239, 'beta_3': 0.0009722191823486593, 'beta_4': 5.735380777594271, 'beta_5': 34.00668827343037, 'beta_6': 0.044937101429482214, 'beta_7': 0.015754682949852893, 'beta_8': 3.9497192062220584e-05, 'beta_9': 1.2043980139491419e-06}. Best is trial 691 with value: 6538.461030825155.
[I 2026-04-01 10:21:06,710] Trial 1668 finished with value: 6778.645106731058 and parameters: {'alpha_0': 0.0006405792495941926, 'alpha_1': 5.002628182124549e-05, 'alpha_2': 4.839476719970239e-05, 'beta_0': 0.10291291484211171, 'beta_1': 6.513833578029562, 'beta_2': 0.21261975853328216, 'beta_3': 0.0010551394545750303, 'beta_4': 6.780107987187599, 'beta_5': 31.479343198938455, 'beta_6': 0.04003556822412761, 'beta_7': 0.016025019576707527, 'beta_8': 3.7860372452999e-05, 'beta_9': 6.343153686260262e-07}. Best is trial 691 with value: 6538.461030825155.
[I 2026-04-01 10:21:15,910] Trial 1669 finished with value: 7172.6243619334045 and parameters: {'alpha_0': 0.0005704123778079227, 'alpha_1': 5.357965939712017e-05, 'alpha_2': 4.422954988526441e-05, 'beta_0': 0.08303701971960882, 'beta_1': 6.18917836737349, 'beta_2': 0.20435365882764592, 'beta_3': 0.0010892488008560613, 'beta_4': 6.338190416034088, 'beta_5': 35.08488446531977, 'beta_6': 0.041862140856187, 'beta_7': 0.016608016295728976, 'beta_8': 3.8635528008419145e-05, 'beta_9': 5.369850453689362e-07}. Best is trial 691 with value: 6538.461030825155.
[I 2026-04-01 10:21:25,206] Trial 1670 finished with value: 7116.220140065216 and parameters: {'alpha_0': 0.000501496145641864, 'alpha_1': 5.576922150821242e-05, 'alpha_2': 0.00010509489792718723, 'beta_0': 0.07484521860763839, 'beta_1': 6.94959333339304, 'beta_2': 0.2154576542170825, 'beta_3': 0.0010096604496284533, 'beta_4': 6.954967054018671, 'beta_5': 48.31606720822922, 'beta_6': 0.04591839247602666, 'beta_7': 0.01529306207560202, 'beta_8': 3.9982248510007756e-05, 'beta_9': 1.2967706298659738e-06}. Best is trial 691 with value: 6538.461030825155.
[I 2026-04-01 10:21:34,459] Trial 1671 finished with value: 6627.697100794687 and parameters: {'alpha_0': 0.0005906589795502867, 'alpha_1': 5.215565602502625e-05, 'alpha_2': 4.238030747715037e-05, 'beta_0': 0.09438037780094434, 'beta_1': 6.72549002564288, 'beta_2': 0.23466246698495416, 'beta_3': 0.0009883147957347042, 'beta_4': 6.760447441950981, 'beta_5': 32.400722563697585, 'beta_6': 0.04312742469295117, 'beta_7': 0.015629148356088585, 'beta_8': 3.909559166142704e-05, 'beta_9': 6.306054528460568e-07}. Best is trial 691 with value: 6538.461030825155.
[I 2026-04-01 10:21:43,788] Trial 1672 finished with value: 6784.825363474888 and parameters: {'alpha_0': 0.0006490985854344376, 'alpha_1': 5.354401813901472e-05, 'alpha_2': 4.574688473642161e-05, 'beta_0': 0.07804889352623386, 'beta_1': 6.404413671119622, 'beta_2': 0.2068173880867564, 'beta_3': 0.0009356470338298411, 'beta_4': 5.191572344281922, 'beta_5': 36.92494345141467, 'beta_6': 0.041878468503477644, 'beta_7': 0.01621464700960181, 'beta_8': 3.738291847272936e-05, 'beta_9': 5.01617833198773e-07}. Best is trial 691 with value: 6538.461030825155.
[I 2026-04-01 10:21:53,036] Trial 1673 finished with value: 6763.283599889573 and parameters: {'alpha_0': 0.0005456444194190963, 'alpha_1': 5.5869362585265614e-05, 'alpha_2': 5.026137451766269e-05, 'beta_0': 0.0905351254645239, 'beta_1': 6.580319317382732, 'beta_2': 0.2202832455706167, 'beta_3': 0.001033356914111671, 'beta_4': 7.996256676112023, 'beta_5': 36.02329899937942, 'beta_6': 0.04787255420373084, 'beta_7': 0.0159092937777304, 'beta_8': 3.81201585094281e-05, 'beta_9': 5.42896509567266e-07}. Best is trial 691 with value: 6538.461030825155.
[I 2026-04-01 10:22:02,498] Trial 1674 finished with value: 7019.434644320283 and parameters: {'alpha_0': 0.0006070037791861102, 'alpha_1': 5.8353881585995226e-05, 'alpha_2': 4.134665107876474e-05, 'beta_0': 0.13352889263758363, 'beta_1': 6.19404282566638, 'beta_2': 0.21084328042609843, 'beta_3': 0.0009662085360466121, 'beta_4': 6.695316167833543, 'beta_5': 33.68708084424773, 'beta_6': 0.04385333084755397, 'beta_7': 0.015437487003061247, 'beta_8': 3.613605594214097e-05, 'beta_9': 5.968436649471643e-07}. Best is trial 691 with value: 6538.461030825155.
[I 2026-04-01 10:22:11,716] Trial 1675 finished with value: 6612.541757447043 and parameters: {'alpha_0': 0.0006497851121637159, 'alpha_1': 5.165931705849173e-05, 'alpha_2': 4.426840493486548e-05, 'beta_0': 0.09714910041583953, 'beta_1': 7.024750123662658, 'beta_2': 0.20256383061755592, 'beta_3': 0.0010653422727738822, 'beta_4': 6.372872943884713, 'beta_5': 34.500507144771454, 'beta_6': 0.040978809490385536, 'beta_7': 0.015709007890987822, 'beta_8': 3.9050843538892925e-05, 'beta_9': 5.547256475032864e-07}. Best is trial 691 with value: 6538.461030825155.
[I 2026-04-01 10:22:20,965] Trial 1676 finished with value: 6773.837901197541 and parameters: {'alpha_0': 0.0005596064987359368, 'alpha_1': 5.001594909579942e-05, 'alpha_2': 0.0001129092395611354, 'beta_0': 0.08406609397342807, 'beta_1': 6.679561315502943, 'beta_2': 0.20908804578683346, 'beta_3': 0.0009426003777965005, 'beta_4': 7.643338020683562, 'beta_5': 35.57871923112661, 'beta_6': 0.042648090432120866, 'beta_7': 0.016140581761659663, 'beta_8': 3.9472361727084874e-05, 'beta_9': 1.2779008042162177e-06}. Best is trial 691 with value: 6538.461030825155.
[I 2026-04-01 10:22:30,275] Trial 1677 finished with value: 7146.254227093263 and parameters: {'alpha_0': 0.0006120288921086431, 'alpha_1': 5.5141173939776915e-05, 'alpha_2': 4.746315204907982e-05, 'beta_0': 0.08779545789970004, 'beta_1': 6.37884168658669, 'beta_2': 0.2138955539525366, 'beta_3': 0.00099421035805333, 'beta_4': 7.296181417927305, 'beta_5': 32.88404732627651, 'beta_6': 0.08901830241801369, 'beta_7': 0.015386103104941132, 'beta_8': 3.8623040271238465e-05, 'beta_9': 1.2384163143549627e-06}. Best is trial 691 with value: 6538.461030825155.
[I 2026-04-01 10:22:39,522] Trial 1678 finished with value: inf and parameters: {'alpha_0': 0.000501692496678195, 'alpha_1': 5.3348856470876884e-05, 'alpha_2': 0.00010976879174623515, 'beta_0': 0.09261583111447609, 'beta_1': 6.078957833417704, 'beta_2': 0.2051682629804343, 'beta_3': 0.0010113382507545678, 'beta_4': 6.934380536646295, 'beta_5': 34.81406599839721, 'beta_6': 0.05037183384566066, 'beta_7': 0.017124589249730933, 'beta_8': 3.8135269158250226e-05, 'beta_9': 6.373806466226175e-07}. Best is trial 691 with value: 6538.461030825155.
[I 2026-04-01 10:22:48,806] Trial 1679 finished with value: 7088.881882965539 and parameters: {'alpha_0': 0.0005768274308936616, 'alpha_1': 5.18024505949752e-05, 'alpha_2': 4.2809776929403614e-05, 'beta_0': 0.10157565023364554, 'beta_1': 6.254157421575809, 'beta_2': 0.20749586208850027, 'beta_3': 0.000970043998554966, 'beta_4': 6.709068636343865, 'beta_5': 33.65763442562613, 'beta_6': 0.040030832912299315, 'beta_7': 0.01653551679516437, 'beta_8': 3.529251371019147e-05, 'beta_9': 5.33976632279911e-07}. Best is trial 691 with value: 6538.461030825155.
