[I 2026-03-31 22:07:43,113] Trial 195 finished with value: 6648.636398531571 and parameters: {'alpha_0': 0.0009274578091708684, 'alpha_1': 6.079748847273813e-05, 'alpha_2': 7.844597252778127e-05, 'beta_0': 0.0827937479261168, 'beta_1': 12.336123791951053, 'beta_2': 0.1859198348188375, 'beta_3': 0.0006238218966914666, 'beta_4': 4.273736396148984, 'beta_5': 30.05897559035438, 'beta_6': 0.052223710132535496, 'beta_7': 0.01615071841985888, 'beta_8': 3.468750729554845e-05, 'beta_9': 6.395859940451859e-07}. Best is trial 166 with value: 6636.176825783119.Best trial: 166. Best value: 6636.18:  10%|▉         | 195/2000 [28:58<4:39:24,  9.29s/it]Best trial: 166. Best value: 6636.18:  10%|▉         | 195/2000 [28:58<4:39:24,  9.29s/it]Best trial: 166. Best value: 6636.18:  10%|▉         | 196/2000 [28:58<4:39:05,  9.28s/it]                                                                                          Best trial: 166. Best value: 6636.18:  10%|▉         | 196/2000 [29:07<4:39:05,  9.28s/it]Best trial: 166. Best value: 6636.18:  10%|▉         | 196/2000 [29:07<4:39:05,  9.28s/it]Best trial: 166. Best value: 6636.18:  10%|▉         | 197/2000 [29:07<4:38:41,  9.27s/it]                                                                                          Best trial: 166. Best value: 6636.18:  10%|▉         | 197/2000 [29:17<4:38:41,  9.27s/it]Best trial: 166. Best value: 6636.18:  10%|▉         | 197/2000 [29:17<4:38:41,  9.27s/it]Best trial: 166. Best value: 6636.18:  10%|▉         | 198/2000 [29:17<4:38:23,  9.27s/it]                                                                                          Best trial: 166. Best value: 6636.18:  10%|▉         | 198/2000 [29:26<4:38:23,  9.27s/it]Best trial: 166. Best value: 6636.18:  10%|▉         | 198/2000 [29:26<4:38:23,  9.27s/it]Best trial: 166. Best value: 6636.18:  10%|▉         | 199/2000 [29:26<4:37:59,  9.26s/it]                                                                                          Best trial: 166. Best value: 6636.18:  10%|▉         | 199/2000 [29:35<4:37:59,  9.26s/it]Best trial: 166. Best value: 6636.18:  10%|▉         | 199/2000 [29:35<4:37:59,  9.26s/it]Best trial: 166. Best value: 6636.18:  10%|█         | 200/2000 [29:35<4:38:22,  9.28s/it]                                                                                          Best trial: 166. Best value: 6636.18:  10%|█         | 200/2000 [29:44<4:38:22,  9.28s/it]Best trial: 166. Best value: 6636.18:  10%|█         | 200/2000 [29:44<4:38:22,  9.28s/it]Best trial: 166. Best value: 6636.18:  10%|█         | 201/2000 [29:44<4:37:26,  9.25s/it]                                                                                          Best trial: 166. Best value: 6636.18:  10%|█         | 201/2000 [29:54<4:37:26,  9.25s/it]Best trial: 166. Best value: 6636.18:  10%|█         | 201/2000 [29:54<4:37:26,  9.25s/it]Best trial: 166. Best value: 6636.18:  10%|█         | 202/2000 [29:54<4:36:56,  9.24s/it]                                                                                          Best trial: 166. Best value: 6636.18:  10%|█         | 202/2000 [30:03<4:36:56,  9.24s/it]Best trial: 166. Best value: 6636.18:  10%|█         | 202/2000 [30:03<4:36:56,  9.24s/it]Best trial: 166. Best value: 6636.18:  10%|█         | 203/2000 [30:03<4:37:39,  9.27s/it]                                                                                          Best trial: 166. Best value: 6636.18:  10%|█         | 203/2000 [30:12<4:37:39,  9.27s/it]Best trial: 166. Best value: 6636.18:  10%|█         | 203/2000 [30:12<4:37:39,  9.27s/it]Best trial: 166. Best value: 6636.18:  10%|█         | 204/2000 [30:12<4:36:38,  9.24s/it]                                                                                          Best trial: 166. Best value: 6636.18:  10%|█         | 204/2000 [30:21<4:36:38,  9.24s/it]Best trial: 166. Best value: 6636.18:  10%|█         | 204/2000 [30:21<4:36:38,  9.24s/it]Best trial: 166. Best value: 6636.18:  10%|█         | 205/2000 [30:21<4:35:52,  9.22s/it]                                                                                          Best trial: 166. Best value: 6636.18:  10%|█         | 205/2000 [30:31<4:35:52,  9.22s/it]Best trial: 166. Best value: 6636.18:  10%|█         | 205/2000 [30:31<4:35:52,  9.22s/it]Best trial: 166. Best value: 6636.18:  10%|█         | 206/2000 [30:31<4:37:11,  9.27s/it]                                                                                          Best trial: 166. Best value: 6636.18:  10%|█         | 206/2000 [30:40<4:37:11,  9.27s/it]Best trial: 166. Best value: 6636.18:  10%|█         | 206/2000 [30:40<4:37:11,  9.27s/it]Best trial: 166. Best value: 6636.18:  10%|█         | 207/2000 [30:40<4:37:20,  9.28s/it]                                                                                          Best trial: 166. Best value: 6636.18:  10%|█         | 207/2000 [30:49<4:37:20,  9.28s/it]Best trial: 166. Best value: 6636.18:  10%|█         | 207/2000 [30:49<4:37:20,  9.28s/it]Best trial: 166. Best value: 6636.18:  10%|█         | 208/2000 [30:49<4:35:46,  9.23s/it]                                                                                          Best trial: 166. Best value: 6636.18:  10%|█         | 208/2000 [30:58<4:35:46,  9.23s/it]Best trial: 166. Best value: 6636.18:  10%|█         | 208/2000 [30:58<4:35:46,  9.23s/it]Best trial: 166. Best value: 6636.18:  10%|█         | 209/2000 [30:58<4:36:27,  9.26s/it]                                                                                          Best trial: 166. Best value: 6636.18:  10%|█         | 209/2000 [31:08<4:36:27,  9.26s/it]Best trial: 166. Best value: 6636.18:  10%|█         | 209/2000 [31:08<4:36:27,  9.26s/it]Best trial: 166. Best value: 6636.18:  10%|█         | 210/2000 [31:08<4:35:36,  9.24s/it]                                                                                          
[I 2026-03-31 22:07:52,368] Trial 196 finished with value: 6992.677836466566 and parameters: {'alpha_0': 0.0009437122434001277, 'alpha_1': 6.071301343837563e-05, 'alpha_2': 7.540514866212684e-05, 'beta_0': 0.059340139825711465, 'beta_1': 12.411059847754771, 'beta_2': 0.1843089042656866, 'beta_3': 0.0006816986782514224, 'beta_4': 4.30425274007724, 'beta_5': 30.176920512076045, 'beta_6': 0.05236111409900368, 'beta_7': 0.015815566956419568, 'beta_8': 3.4878690126519395e-05, 'beta_9': 6.121610403566702e-07}. Best is trial 166 with value: 6636.176825783119.
[I 2026-03-31 22:08:01,627] Trial 197 finished with value: 6804.568635204392 and parameters: {'alpha_0': 0.0008374913923956973, 'alpha_1': 7.327504237191481e-05, 'alpha_2': 7.667910109595381e-05, 'beta_0': 0.08298508636671785, 'beta_1': 12.937094696969803, 'beta_2': 0.19012698047991805, 'beta_3': 0.0007069543016475214, 'beta_4': 4.050849040044471, 'beta_5': 29.248312256956105, 'beta_6': 0.05060664617045552, 'beta_7': 0.01636266241827307, 'beta_8': 3.434124818269029e-05, 'beta_9': 6.437236096046413e-07}. Best is trial 166 with value: 6636.176825783119.
[I 2026-03-31 22:08:10,868] Trial 198 finished with value: 6687.435994764566 and parameters: {'alpha_0': 0.000995816652497076, 'alpha_1': 6.585508404358815e-05, 'alpha_2': 7.157350104804626e-05, 'beta_0': 0.07915399870657112, 'beta_1': 12.331816170545011, 'beta_2': 0.17035733236132017, 'beta_3': 0.0007355850051766592, 'beta_4': 4.4061242963328136, 'beta_5': 30.78283487164935, 'beta_6': 0.05509999304287925, 'beta_7': 0.016044875781569875, 'beta_8': 3.563908856619533e-05, 'beta_9': 6.606653727508906e-07}. Best is trial 166 with value: 6636.176825783119.
[I 2026-03-31 22:08:20,189] Trial 199 finished with value: 7362.215148310504 and parameters: {'alpha_0': 0.0009127690367499093, 'alpha_1': 6.452854949750867e-05, 'alpha_2': 7.198364238843415e-05, 'beta_0': 0.07756721341093413, 'beta_1': 12.26594540796003, 'beta_2': 0.1691130704158143, 'beta_3': 0.0007417634508603054, 'beta_4': 4.49550735144703, 'beta_5': 30.68738980651008, 'beta_6': 0.05157791900062104, 'beta_7': 0.01551624374014793, 'beta_8': 3.577779848208857e-05, 'beta_9': 6.791862154236043e-07}. Best is trial 166 with value: 6636.176825783119.
[I 2026-03-31 22:08:29,382] Trial 200 finished with value: 7056.591027062428 and parameters: {'alpha_0': 0.0008760512680754341, 'alpha_1': 6.154497222993675e-05, 'alpha_2': 6.943860787760633e-05, 'beta_0': 0.08498720906563821, 'beta_1': 11.64212148325218, 'beta_2': 0.17164904557597643, 'beta_3': 0.0006442265078232646, 'beta_4': 4.617384900119835, 'beta_5': 29.9142505601152, 'beta_6': 0.05434976416346123, 'beta_7': 0.0168157181991746, 'beta_8': 3.536148422589127e-05, 'beta_9': 6.446844999736422e-07}. Best is trial 166 with value: 6636.176825783119.
[I 2026-03-31 22:08:38,596] Trial 201 finished with value: 6648.98505496314 and parameters: {'alpha_0': 0.0009955219453707464, 'alpha_1': 6.512322955256324e-05, 'alpha_2': 7.886957206216497e-05, 'beta_0': 0.08138385958508766, 'beta_1': 12.553941699497456, 'beta_2': 0.16594938334650516, 'beta_3': 0.000707600424860543, 'beta_4': 4.384632540858789, 'beta_5': 28.417231129629233, 'beta_6': 0.05579875654051637, 'beta_7': 0.016023992724821787, 'beta_8': 3.4587557969650856e-05, 'beta_9': 5.743125038100279e-07}. Best is trial 166 with value: 6636.176825783119.
[I 2026-03-31 22:08:47,935] Trial 202 finished with value: 6794.37039872606 and parameters: {'alpha_0': 0.0009806436600561144, 'alpha_1': 6.651112422566686e-05, 'alpha_2': 7.895194089673278e-05, 'beta_0': 0.08950667963471337, 'beta_1': 12.484150036444703, 'beta_2': 0.1637242939793615, 'beta_3': 0.0007248511857930783, 'beta_4': 4.408499327963857, 'beta_5': 28.582165534206595, 'beta_6': 0.05516263125622619, 'beta_7': 0.015848455341921704, 'beta_8': 3.424975811147465e-05, 'beta_9': 5.658464861720411e-07}. Best is trial 166 with value: 6636.176825783119.
[I 2026-03-31 22:08:57,109] Trial 203 finished with value: 6717.514458396159 and parameters: {'alpha_0': 0.0009256905459447314, 'alpha_1': 6.316657231394345e-05, 'alpha_2': 7.157071971833492e-05, 'beta_0': 0.08407651882585143, 'beta_1': 12.05687994427021, 'beta_2': 0.1708471792007105, 'beta_3': 0.0007022863431184467, 'beta_4': 4.533513626881457, 'beta_5': 29.603461032084134, 'beta_6': 0.05689345626868031, 'beta_7': 0.016182441669542517, 'beta_8': 3.625625463501515e-05, 'beta_9': 5.961188050804742e-07}. Best is trial 166 with value: 6636.176825783119.
[I 2026-03-31 22:09:06,282] Trial 204 finished with value: 6784.486530619164 and parameters: {'alpha_0': 0.0009809455186801685, 'alpha_1': 5.952181972119546e-05, 'alpha_2': 7.35148220337472e-05, 'beta_0': 0.09526028135787099, 'beta_1': 12.27564985549524, 'beta_2': 0.16671443304271574, 'beta_3': 0.00061619791950051, 'beta_4': 4.342839633786317, 'beta_5': 31.061784003488388, 'beta_6': 0.053506703507555604, 'beta_7': 0.016582805818487745, 'beta_8': 3.485309080868566e-05, 'beta_9': 5.541961307537816e-07}. Best is trial 166 with value: 6636.176825783119.
[I 2026-03-31 22:09:15,668] Trial 205 finished with value: 6774.892361922411 and parameters: {'alpha_0': 0.0009512558040541495, 'alpha_1': 6.734336886444858e-05, 'alpha_2': 6.756070903277287e-05, 'beta_0': 0.07619356260087726, 'beta_1': 11.902090322144453, 'beta_2': 0.16447917098640497, 'beta_3': 0.0006654660823915081, 'beta_4': 4.790136782673863, 'beta_5': 30.38649949536943, 'beta_6': 0.057672275616689236, 'beta_7': 0.01597112222398301, 'beta_8': 3.3957979789386e-05, 'beta_9': 5.01907269752324e-07}. Best is trial 166 with value: 6636.176825783119.
[I 2026-03-31 22:09:24,973] Trial 206 finished with value: 7331.923609958398 and parameters: {'alpha_0': 0.0008155750965744633, 'alpha_1': 6.184713031720636e-05, 'alpha_2': 7.906292029044289e-05, 'beta_0': 0.06283402869585948, 'beta_1': 12.548223923273204, 'beta_2': 0.18617547693372247, 'beta_3': 0.0006438582502058447, 'beta_4': 4.443180555617908, 'beta_5': 31.63139949658105, 'beta_6': 0.055843485911765404, 'beta_7': 0.01563211217543489, 'beta_8': 3.481030965498041e-05, 'beta_9': 6.275414404478406e-07}. Best is trial 166 with value: 6636.176825783119.
[I 2026-03-31 22:09:34,097] Trial 207 finished with value: 6772.263378601199 and parameters: {'alpha_0': 0.0010129793160742588, 'alpha_1': 6.548019587766338e-05, 'alpha_2': 7.468882289669523e-05, 'beta_0': 0.08105252146229751, 'beta_1': 12.851220509350519, 'beta_2': 0.16809868224797211, 'beta_3': 0.0007416679777632147, 'beta_4': 4.634930672088217, 'beta_5': 28.08386548533569, 'beta_6': 0.05301742645514095, 'beta_7': 0.016406618120522583, 'beta_8': 3.122711948297977e-05, 'beta_9': 6.959741976351215e-07}. Best is trial 166 with value: 6636.176825783119.
[I 2026-03-31 22:09:43,423] Trial 208 finished with value: 7543.576797021795 and parameters: {'alpha_0': 0.0008845809623555221, 'alpha_1': 6.869555620185327e-05, 'alpha_2': 8.009814955151653e-05, 'beta_0': 0.05261786038432998, 'beta_1': 12.336335940578737, 'beta_2': 0.17666584699802695, 'beta_3': 0.0007014054103099009, 'beta_4': 4.167207922579541, 'beta_5': 29.11465188782728, 'beta_6': 0.05865294421137356, 'beta_7': 0.015339409850065417, 'beta_8': 3.5351193264335336e-05, 'beta_9': 5.887459213537605e-07}. Best is trial 166 with value: 6636.176825783119.
[I 2026-03-31 22:09:52,607] Trial 209 finished with value: 6749.5438778556 and parameters: {'alpha_0': 0.0007853941386836164, 'alpha_1': 7.244621027057965e-05, 'alpha_2': 7.738044270676003e-05, 'beta_0': 0.05980322550237207, 'beta_1': 12.0685583532652, 'beta_2': 0.18156882970996124, 'beta_3': 0.0005847922893282766, 'beta_4': 4.382676828708687, 'beta_5': 29.942713120677727, 'beta_6': 0.05459297264154017, 'beta_7': 0.01602428735088613, 'beta_8': 3.219936488943744e-05, 'beta_9': 6.683991838573255e-07}. Best is trial 166 with value: 6636.176825783119.
[I 2026-03-31 22:10:01,886] Trial 210 finished with value: 7379.796622532889 and parameters: {'alpha_0': 0.0009323524578734661, 'alpha_1': 7.941207280145217e-05, 'alpha_2': 7.243744388582158e-05, 'beta_0': 0.0748449618738203, 'beta_1': 13.108986140241726, 'beta_2': 0.18847610595231445, 'beta_3': 0.0005470230092511777, 'beta_4': 4.549273636481646, 'beta_5': 45.77963185694004, 'beta_6': 0.05607699766996826, 'beta_7': 0.015734010908570694, 'beta_8': 3.297349256211756e-05, 'beta_9': 6.180066477442853e-07}. Best is trial 166 with value: 6636.176825783119.Best trial: 166. Best value: 6636.18:  10%|█         | 210/2000 [31:17<4:35:36,  9.24s/it]Best trial: 166. Best value: 6636.18:  10%|█         | 210/2000 [31:17<4:35:36,  9.24s/it]Best trial: 166. Best value: 6636.18:  11%|█         | 211/2000 [31:17<4:35:48,  9.25s/it]                                                                                          Best trial: 166. Best value: 6636.18:  11%|█         | 211/2000 [31:26<4:35:48,  9.25s/it]Best trial: 166. Best value: 6636.18:  11%|█         | 211/2000 [31:26<4:35:48,  9.25s/it]Best trial: 166. Best value: 6636.18:  11%|█         | 212/2000 [31:26<4:35:06,  9.23s/it]                                                                                          Best trial: 166. Best value: 6636.18:  11%|█         | 212/2000 [31:35<4:35:06,  9.23s/it]Best trial: 166. Best value: 6636.18:  11%|█         | 212/2000 [31:35<4:35:06,  9.23s/it]Best trial: 166. Best value: 6636.18:  11%|█         | 213/2000 [31:35<4:35:16,  9.24s/it]                                                                                          Best trial: 166. Best value: 6636.18:  11%|█         | 213/2000 [31:45<4:35:16,  9.24s/it]Best trial: 166. Best value: 6636.18:  11%|█         | 213/2000 [31:45<4:35:16,  9.24s/it]Best trial: 166. Best value: 6636.18:  11%|█         | 214/2000 [31:45<4:35:07,  9.24s/it]                                                                                          Best trial: 166. Best value: 6636.18:  11%|█         | 214/2000 [31:54<4:35:07,  9.24s/it]Best trial: 166. Best value: 6636.18:  11%|█         | 214/2000 [31:54<4:35:07,  9.24s/it]Best trial: 166. Best value: 6636.18:  11%|█         | 215/2000 [31:54<4:35:11,  9.25s/it]                                                                                          Best trial: 166. Best value: 6636.18:  11%|█         | 215/2000 [32:03<4:35:11,  9.25s/it]Best trial: 166. Best value: 6636.18:  11%|█         | 215/2000 [32:03<4:35:11,  9.25s/it]Best trial: 166. Best value: 6636.18:  11%|█         | 216/2000 [32:03<4:35:26,  9.26s/it]                                                                                          Best trial: 166. Best value: 6636.18:  11%|█         | 216/2000 [32:12<4:35:26,  9.26s/it]Best trial: 166. Best value: 6636.18:  11%|█         | 216/2000 [32:12<4:35:26,  9.26s/it]Best trial: 166. Best value: 6636.18:  11%|█         | 217/2000 [32:12<4:34:17,  9.23s/it]                                                                                          Best trial: 166. Best value: 6636.18:  11%|█         | 217/2000 [32:22<4:34:17,  9.23s/it]Best trial: 166. Best value: 6636.18:  11%|█         | 217/2000 [32:22<4:34:17,  9.23s/it]Best trial: 166. Best value: 6636.18:  11%|█         | 218/2000 [32:22<4:35:37,  9.28s/it]                                                                                          Best trial: 166. Best value: 6636.18:  11%|█         | 218/2000 [32:31<4:35:37,  9.28s/it]Best trial: 166. Best value: 6636.18:  11%|█         | 218/2000 [32:31<4:35:37,  9.28s/it]Best trial: 166. Best value: 6636.18:  11%|█         | 219/2000 [32:31<4:34:37,  9.25s/it]                                                                                          Best trial: 166. Best value: 6636.18:  11%|█         | 219/2000 [32:40<4:34:37,  9.25s/it]Best trial: 166. Best value: 6636.18:  11%|█         | 219/2000 [32:40<4:34:37,  9.25s/it]Best trial: 166. Best value: 6636.18:  11%|█         | 220/2000 [32:40<4:34:21,  9.25s/it]                                                                                          Best trial: 166. Best value: 6636.18:  11%|█         | 220/2000 [32:49<4:34:21,  9.25s/it]Best trial: 166. Best value: 6636.18:  11%|█         | 220/2000 [32:49<4:34:21,  9.25s/it]Best trial: 166. Best value: 6636.18:  11%|█         | 221/2000 [32:49<4:34:07,  9.25s/it]                                                                                          Best trial: 166. Best value: 6636.18:  11%|█         | 221/2000 [32:59<4:34:07,  9.25s/it]Best trial: 166. Best value: 6636.18:  11%|█         | 221/2000 [32:59<4:34:07,  9.25s/it]Best trial: 166. Best value: 6636.18:  11%|█         | 222/2000 [32:59<4:34:12,  9.25s/it]                                                                                          Best trial: 166. Best value: 6636.18:  11%|█         | 222/2000 [33:08<4:34:12,  9.25s/it]Best trial: 166. Best value: 6636.18:  11%|█         | 222/2000 [33:08<4:34:12,  9.25s/it]Best trial: 166. Best value: 6636.18:  11%|█         | 223/2000 [33:08<4:33:38,  9.24s/it]                                                                                          Best trial: 166. Best value: 6636.18:  11%|█         | 223/2000 [33:17<4:33:38,  9.24s/it]Best trial: 166. Best value: 6636.18:  11%|█         | 223/2000 [33:17<4:33:38,  9.24s/it]Best trial: 166. Best value: 6636.18:  11%|█         | 224/2000 [33:17<4:32:53,  9.22s/it]                                                                                          Best trial: 166. Best value: 6636.18:  11%|█         | 224/2000 [33:26<4:32:53,  9.22s/it]Best trial: 166. Best value: 6636.18:  11%|█         | 224/2000 [33:26<4:32:53,  9.22s/it]Best trial: 166. Best value: 6636.18:  11%|█▏        | 225/2000 [33:26<4:33:56,  9.26s/it]                                                                                          
[I 2026-03-31 22:10:11,075] Trial 211 finished with value: 6713.446926603316 and parameters: {'alpha_0': 0.001020519560989067, 'alpha_1': 7.639218868903271e-05, 'alpha_2': 7.626606937990391e-05, 'beta_0': 0.08296279135982397, 'beta_1': 12.779382662010502, 'beta_2': 0.1618833363112264, 'beta_3': 0.0006952239136770628, 'beta_4': 4.233832062454786, 'beta_5': 27.495463883409634, 'beta_6': 0.05540326125068487, 'beta_7': 0.016090679196128322, 'beta_8': 3.382336061038399e-05, 'beta_9': 8.786833060120785e-07}. Best is trial 166 with value: 6636.176825783119.
[I 2026-03-31 22:10:20,343] Trial 212 finished with value: 6701.17317045147 and parameters: {'alpha_0': 0.0009964642900615669, 'alpha_1': 6.450754990821808e-05, 'alpha_2': 7.05080551246487e-05, 'beta_0': 0.07917861083591655, 'beta_1': 12.511883218834502, 'beta_2': 0.19487743805847324, 'beta_3': 0.000689719208311144, 'beta_4': 4.2709329140418415, 'beta_5': 28.59669747034017, 'beta_6': 0.056531908864438735, 'beta_7': 0.01618321839533662, 'beta_8': 3.3104917344843364e-05, 'beta_9': 8.189586025431672e-07}. Best is trial 166 with value: 6636.176825783119.
[I 2026-03-31 22:10:29,586] Trial 213 finished with value: 6827.382533450251 and parameters: {'alpha_0': 0.000982421561192485, 'alpha_1': 6.582886673257728e-05, 'alpha_2': 6.904630309115104e-05, 'beta_0': 0.08886253342875133, 'beta_1': 12.49154227560405, 'beta_2': 0.19418492668395942, 'beta_3': 0.0006664407241992123, 'beta_4': 4.355981886011775, 'beta_5': 28.39066188969239, 'beta_6': 0.05690132507852753, 'beta_7': 0.016392431826549855, 'beta_8': 3.2760244173272704e-05, 'beta_9': 7.198188356119022e-07}. Best is trial 166 with value: 6636.176825783119.
