[I 2026-04-01 09:58:58,788] Trial 1519 finished with value: 7355.2896883836365 and parameters: {'alpha_0': 0.0005298836471023734, 'alpha_1': 5.337264438670232e-05, 'alpha_2': 4.3710267316341554e-05, 'beta_0': 0.10566358484003978, 'beta_1': 6.180292833369531, 'beta_2': 0.16675978397356253, 'beta_3': 0.001220928479592603, 'beta_4': 6.483831597126738, 'beta_5': 35.47968196643859, 'beta_6': 0.043262105609882404, 'beta_7': 0.016574568335847317, 'beta_8': 3.8350369565953005e-05, 'beta_9': 5.528253540375431e-07}. Best is trial 691 with value: 6538.461030825155.
[I 2026-04-01 09:59:07,986] Trial 1520 finished with value: 6738.068198224187 and parameters: {'alpha_0': 0.0005693486847609935, 'alpha_1': 5.201880000004269e-05, 'alpha_2': 4.217651614925411e-05, 'beta_0': 0.11494493299555267, 'beta_1': 5.647134546714433, 'beta_2': 0.20678900483926485, 'beta_3': 0.0008824930132706202, 'beta_4': 6.903634279356168, 'beta_5': 33.33860988541767, 'beta_6': 0.04580819225180123, 'beta_7': 0.016114577552804685, 'beta_8': 3.8950769381207945e-05, 'beta_9': 1.1508268154332178e-06}. Best is trial 691 with value: 6538.461030825155.
[I 2026-04-01 09:59:17,263] Trial 1521 finished with value: 7202.544889809689 and parameters: {'alpha_0': 0.000764730954848972, 'alpha_1': 5.6507288124324034e-05, 'alpha_2': 7.467781288069524e-05, 'beta_0': 0.08701725379313706, 'beta_1': 5.9045085237861406, 'beta_2': 0.21693693100328965, 'beta_3': 0.0012579912406264404, 'beta_4': 6.713150967217785, 'beta_5': 37.340236677209894, 'beta_6': 0.04224355735948147, 'beta_7': 0.015003215749467273, 'beta_8': 3.706750673933546e-05, 'beta_9': 5.894587524041312e-07}. Best is trial 691 with value: 6538.461030825155.
[I 2026-04-01 09:59:26,485] Trial 1522 finished with value: 6562.087595211709 and parameters: {'alpha_0': 0.0006838603016398548, 'alpha_1': 5.52558483124541e-05, 'alpha_2': 0.0001010238511101568, 'beta_0': 0.07545561051190809, 'beta_1': 6.912699917538516, 'beta_2': 0.2094898059728954, 'beta_3': 0.000990416212501416, 'beta_4': 6.605289320390018, 'beta_5': 46.55894147427443, 'beta_6': 0.041105584391955226, 'beta_7': 0.015759057868418365, 'beta_8': 3.9427188805696914e-05, 'beta_9': 5.247678917084671e-07}. Best is trial 691 with value: 6538.461030825155.
[I 2026-04-01 09:59:35,734] Trial 1523 finished with value: inf and parameters: {'alpha_0': 0.0007806682812793934, 'alpha_1': 5.8354098061140206e-05, 'alpha_2': 0.00010057519472442404, 'beta_0': 0.07053958130011657, 'beta_1': 6.961646554706965, 'beta_2': 0.20742717456381143, 'beta_3': 0.001005346636294007, 'beta_4': 6.823269667038509, 'beta_5': 44.04537278966759, 'beta_6': 0.04092195095322468, 'beta_7': 0.01799683171610584, 'beta_8': 3.9517981147375335e-05, 'beta_9': 5.21922755357274e-07}. Best is trial 691 with value: 6538.461030825155.
[I 2026-04-01 09:59:45,148] Trial 1524 finished with value: 7145.236651883231 and parameters: {'alpha_0': 0.0007425181844878905, 'alpha_1': 5.949290695098944e-05, 'alpha_2': 0.00010172920629845972, 'beta_0': 0.09102028651055029, 'beta_1': 6.923169328462507, 'beta_2': 0.20540383321156686, 'beta_3': 0.0010181976177532925, 'beta_4': 6.755206981282721, 'beta_5': 42.442275217683445, 'beta_6': 0.0401132087469762, 'beta_7': 0.015273537463795622, 'beta_8': 3.9454172985156e-05, 'beta_9': 5.352171777273548e-07}. Best is trial 691 with value: 6538.461030825155.
[I 2026-04-01 09:59:54,524] Trial 1525 finished with value: 6679.306626937298 and parameters: {'alpha_0': 0.0007168146245557361, 'alpha_1': 5.7701490460267935e-05, 'alpha_2': 0.00010121095769573077, 'beta_0': 0.23962063813289983, 'beta_1': 6.78869268717132, 'beta_2': 0.20914822046942397, 'beta_3': 0.0009856256954390284, 'beta_4': 6.652822285255575, 'beta_5': 49.16027424586007, 'beta_6': 0.04136505030683198, 'beta_7': 0.015631356666311463, 'beta_8': 3.9991513404049624e-05, 'beta_9': 5.047397423499861e-07}. Best is trial 691 with value: 6538.461030825155.
[I 2026-04-01 10:00:03,695] Trial 1526 finished with value: 6945.638653907317 and parameters: {'alpha_0': 0.000708328164571941, 'alpha_1': 5.530916158387981e-05, 'alpha_2': 0.00010638558557870924, 'beta_0': 0.06843459388824713, 'beta_1': 7.3228789562132, 'beta_2': 0.20380058045782143, 'beta_3': 0.0009946604786377146, 'beta_4': 6.886940000337213, 'beta_5': 43.25836370853735, 'beta_6': 0.04115038774580302, 'beta_7': 0.015430434999745418, 'beta_8': 3.999294972021989e-05, 'beta_9': 5.258216091072951e-07}. Best is trial 691 with value: 6538.461030825155.
[I 2026-04-01 10:00:12,913] Trial 1527 finished with value: 6681.670758040887 and parameters: {'alpha_0': 0.0008238000220523356, 'alpha_1': 9.306928785167494e-05, 'alpha_2': 9.93432280730455e-05, 'beta_0': 0.0983372365116414, 'beta_1': 6.99617294335281, 'beta_2': 0.2081539203536374, 'beta_3': 0.001031822346581987, 'beta_4': 6.652912807239638, 'beta_5': 45.71060976329533, 'beta_6': 0.040108008618910014, 'beta_7': 0.015736077379874994, 'beta_8': 3.946175311976832e-05, 'beta_9': 5.247423131094793e-07}. Best is trial 691 with value: 6538.461030825155.
[I 2026-04-01 10:00:14,792] Trial 1528 finished with value: inf and parameters: {'alpha_0': 0.0007453283909408363, 'alpha_1': 5.6273192578190395e-05, 'alpha_2': 9.540543047947532e-05, 'beta_0': 0.06411219318913133, 'beta_1': 7.279218603078386, 'beta_2': 0.2057415468556336, 'beta_3': 0.000985903442245779, 'beta_4': 7.022527312816383, 'beta_5': 43.4561932678433, 'beta_6': 0.0410277697618731, 'beta_7': 0.02484020972999822, 'beta_8': 3.9067989812394933e-05, 'beta_9': 5.527755602150941e-07}. Best is trial 691 with value: 6538.461030825155.
[I 2026-04-01 10:00:24,047] Trial 1529 finished with value: 7106.03255226486 and parameters: {'alpha_0': 0.0006876478383447926, 'alpha_1': 5.8931449782110735e-05, 'alpha_2': 0.00010356040181032662, 'beta_0': 0.058168125890028115, 'beta_1': 6.827343198392952, 'beta_2': 0.2095365868000537, 'beta_3': 0.0010084142219356394, 'beta_4': 6.745363451129591, 'beta_5': 26.345958835422948, 'beta_6': 0.04228165656098825, 'beta_7': 0.015298424010058492, 'beta_8': 3.580224529701582e-05, 'beta_9': 5.522203785946845e-07}. Best is trial 691 with value: 6538.461030825155.
[I 2026-04-01 10:00:33,280] Trial 1530 finished with value: 6669.39996493869 and parameters: {'alpha_0': 0.000705472725275475, 'alpha_1': 5.4517637670924744e-05, 'alpha_2': 9.723784663682715e-05, 'beta_0': 0.07761039797155976, 'beta_1': 6.663003745962605, 'beta_2': 0.20408312113488544, 'beta_3': 0.0009747229353567055, 'beta_4': 6.5897596310736715, 'beta_5': 47.67640101812291, 'beta_6': 0.04097760221685396, 'beta_7': 0.015926566664100517, 'beta_8': 3.951847917962228e-05, 'beta_9': 5.264226860557523e-07}. Best is trial 691 with value: 6538.461030825155.Best trial: 691. Best value: 6538.46:  76%|███████▋  | 1530/2000 [12:21:48<1:00:23,  7.71s/it]Best trial: 691. Best value: 6538.46:  76%|███████▋  | 1530/2000 [12:21:48<1:00:23,  7.71s/it]Best trial: 691. Best value: 6538.46:  77%|███████▋  | 1531/2000 [12:21:48<1:03:50,  8.17s/it]                                                                                              Best trial: 691. Best value: 6538.46:  77%|███████▋  | 1531/2000 [12:21:57<1:03:50,  8.17s/it]Best trial: 691. Best value: 6538.46:  77%|███████▋  | 1531/2000 [12:21:57<1:03:50,  8.17s/it]Best trial: 691. Best value: 6538.46:  77%|███████▋  | 1532/2000 [12:21:57<1:06:06,  8.48s/it]                                                                                              Best trial: 691. Best value: 6538.46:  77%|███████▋  | 1532/2000 [12:22:07<1:06:06,  8.48s/it]Best trial: 691. Best value: 6538.46:  77%|███████▋  | 1532/2000 [12:22:07<1:06:06,  8.48s/it]Best trial: 691. Best value: 6538.46:  77%|███████▋  | 1533/2000 [12:22:07<1:07:42,  8.70s/it]                                                                                              Best trial: 691. Best value: 6538.46:  77%|███████▋  | 1533/2000 [12:22:16<1:07:42,  8.70s/it]Best trial: 691. Best value: 6538.46:  77%|███████▋  | 1533/2000 [12:22:16<1:07:42,  8.70s/it]Best trial: 691. Best value: 6538.46:  77%|███████▋  | 1534/2000 [12:22:16<1:09:03,  8.89s/it]                                                                                              Best trial: 691. Best value: 6538.46:  77%|███████▋  | 1534/2000 [12:22:25<1:09:03,  8.89s/it]Best trial: 691. Best value: 6538.46:  77%|███████▋  | 1534/2000 [12:22:25<1:09:03,  8.89s/it]Best trial: 691. Best value: 6538.46:  77%|███████▋  | 1535/2000 [12:22:25<1:09:32,  8.97s/it]                                                                                              Best trial: 691. Best value: 6538.46:  77%|███████▋  | 1535/2000 [12:22:34<1:09:32,  8.97s/it]Best trial: 691. Best value: 6538.46:  77%|███████▋  | 1535/2000 [12:22:34<1:09:32,  8.97s/it]Best trial: 691. Best value: 6538.46:  77%|███████▋  | 1536/2000 [12:22:34<1:10:11,  9.08s/it]                                                                                              Best trial: 691. Best value: 6538.46:  77%|███████▋  | 1536/2000 [12:22:44<1:10:11,  9.08s/it]Best trial: 691. Best value: 6538.46:  77%|███████▋  | 1536/2000 [12:22:44<1:10:11,  9.08s/it]Best trial: 691. Best value: 6538.46:  77%|███████▋  | 1537/2000 [12:22:44<1:10:53,  9.19s/it]                                                                                              Best trial: 691. Best value: 6538.46:  77%|███████▋  | 1537/2000 [12:22:53<1:10:53,  9.19s/it]Best trial: 691. Best value: 6538.46:  77%|███████▋  | 1537/2000 [12:22:53<1:10:53,  9.19s/it]Best trial: 691. Best value: 6538.46:  77%|███████▋  | 1538/2000 [12:22:53<1:10:50,  9.20s/it]                                                                                              Best trial: 691. Best value: 6538.46:  77%|███████▋  | 1538/2000 [12:23:02<1:10:50,  9.20s/it]Best trial: 691. Best value: 6538.46:  77%|███████▋  | 1538/2000 [12:23:02<1:10:50,  9.20s/it]Best trial: 691. Best value: 6538.46:  77%|███████▋  | 1539/2000 [12:23:02<1:10:41,  9.20s/it]                                                                                              Best trial: 691. Best value: 6538.46:  77%|███████▋  | 1539/2000 [12:23:12<1:10:41,  9.20s/it]Best trial: 691. Best value: 6538.46:  77%|███████▋  | 1539/2000 [12:23:12<1:10:41,  9.20s/it]Best trial: 691. Best value: 6538.46:  77%|███████▋  | 1540/2000 [12:23:12<1:10:50,  9.24s/it]                                                                                              Best trial: 691. Best value: 6538.46:  77%|███████▋  | 1540/2000 [12:23:21<1:10:50,  9.24s/it]Best trial: 691. Best value: 6538.46:  77%|███████▋  | 1540/2000 [12:23:21<1:10:50,  9.24s/it]Best trial: 691. Best value: 6538.46:  77%|███████▋  | 1541/2000 [12:23:21<1:10:59,  9.28s/it]                                                                                              Best trial: 691. Best value: 6538.46:  77%|███████▋  | 1541/2000 [12:23:30<1:10:59,  9.28s/it]Best trial: 691. Best value: 6538.46:  77%|███████▋  | 1541/2000 [12:23:30<1:10:59,  9.28s/it]Best trial: 691. Best value: 6538.46:  77%|███████▋  | 1542/2000 [12:23:30<1:10:35,  9.25s/it]                                                                                              Best trial: 691. Best value: 6538.46:  77%|███████▋  | 1542/2000 [12:23:39<1:10:35,  9.25s/it]Best trial: 691. Best value: 6538.46:  77%|███████▋  | 1542/2000 [12:23:39<1:10:35,  9.25s/it]Best trial: 691. Best value: 6538.46:  77%|███████▋  | 1543/2000 [12:23:39<1:10:06,  9.20s/it]                                                                                              Best trial: 691. Best value: 6538.46:  77%|███████▋  | 1543/2000 [12:23:49<1:10:06,  9.20s/it]Best trial: 691. Best value: 6538.46:  77%|███████▋  | 1543/2000 [12:23:49<1:10:06,  9.20s/it]Best trial: 691. Best value: 6538.46:  77%|███████▋  | 1544/2000 [12:23:49<1:09:57,  9.21s/it]                                                                                              Best trial: 691. Best value: 6538.46:  77%|███████▋  | 1544/2000 [12:23:58<1:09:57,  9.21s/it]Best trial: 691. Best value: 6538.46:  77%|███████▋  | 1544/2000 [12:23:58<1:09:57,  9.21s/it]Best trial: 691. Best value: 6538.46:  77%|███████▋  | 1545/2000 [12:23:58<1:10:07,  9.25s/it]                                                                                              
[I 2026-04-01 10:00:42,479] Trial 1531 finished with value: 6810.717185355379 and parameters: {'alpha_0': 0.0007762533816507441, 'alpha_1': 5.0046434478213696e-05, 'alpha_2': 0.00010563454184171967, 'beta_0': 0.07285686354079002, 'beta_1': 7.106426611675325, 'beta_2': 0.20680664591177048, 'beta_3': 0.0010497514070618125, 'beta_4': 6.873958160494749, 'beta_5': 35.009819807775074, 'beta_6': 0.043093118654757435, 'beta_7': 0.01625894890122682, 'beta_8': 3.873078290273255e-05, 'beta_9': 5.535257938165225e-07}. Best is trial 691 with value: 6538.461030825155.
[I 2026-04-01 10:00:51,697] Trial 1532 finished with value: 6655.032698171701 and parameters: {'alpha_0': 0.0006740326516061053, 'alpha_1': 5.190932954657498e-05, 'alpha_2': 0.00010233111281114939, 'beta_0': 0.09229489928590295, 'beta_1': 6.561443296860538, 'beta_2': 0.20913383627774781, 'beta_3': 0.001000173424403987, 'beta_4': 6.760212085637069, 'beta_5': 30.493973277279842, 'beta_6': 0.041900437386304196, 'beta_7': 0.015598843659522552, 'beta_8': 3.94770374526118e-05, 'beta_9': 5.125958427296844e-07}. Best is trial 691 with value: 6538.461030825155.
[I 2026-04-01 10:01:01,040] Trial 1533 finished with value: 6861.206801946897 and parameters: {'alpha_0': 0.0006757814163882405, 'alpha_1': 0.00011301893075867251, 'alpha_2': 9.885217286743863e-05, 'beta_0': 0.08338227801144303, 'beta_1': 6.810943115812472, 'beta_2': 0.20546220894892073, 'beta_3': 0.0009683336040977334, 'beta_4': 6.626530711758813, 'beta_5': 23.723316942603766, 'beta_6': 0.04012993844487353, 'beta_7': 0.01597169995083657, 'beta_8': 3.83680449035398e-05, 'beta_9': 5.008690052518625e-07}. Best is trial 691 with value: 6538.461030825155.
[I 2026-04-01 10:01:10,204] Trial 1534 finished with value: 6596.6151285571395 and parameters: {'alpha_0': 0.0007341455488458111, 'alpha_1': 5.725744420161681e-05, 'alpha_2': 9.959386328189323e-05, 'beta_0': 0.1009033919962706, 'beta_1': 6.662646102954444, 'beta_2': 0.20995900937167686, 'beta_3': 0.0010134699526670068, 'beta_4': 6.563235214130069, 'beta_5': 48.40726026142933, 'beta_6': 0.043577663443021594, 'beta_7': 0.01567302491445695, 'beta_8': 3.8772865841325e-05, 'beta_9': 5.766289349294331e-07}. Best is trial 691 with value: 6538.461030825155.
[I 2026-04-01 10:01:19,519] Trial 1535 finished with value: 6996.679257657295 and parameters: {'alpha_0': 0.0013822502909654176, 'alpha_1': 6.036853702619209e-05, 'alpha_2': 0.00010083896891808452, 'beta_0': 0.08816228336329854, 'beta_1': 7.161735754991728, 'beta_2': 0.20787073943863643, 'beta_3': 0.0010325059013548323, 'beta_4': 5.937490897286664, 'beta_5': 49.14654580472615, 'beta_6': 0.04172437253807854, 'beta_7': 0.015390147364717539, 'beta_8': 3.947393669859188e-05, 'beta_9': 5.435994175637041e-07}. Best is trial 691 with value: 6538.461030825155.
[I 2026-04-01 10:01:28,963] Trial 1536 finished with value: 6931.843085590412 and parameters: {'alpha_0': 0.0007073961006386935, 'alpha_1': 5.482663229696785e-05, 'alpha_2': 9.970352123726916e-05, 'beta_0': 0.06597480953544584, 'beta_1': 6.837096586045175, 'beta_2': 0.17251827511372872, 'beta_3': 0.0009750029329512244, 'beta_4': 7.800965446826332, 'beta_5': 46.05961768670651, 'beta_6': 0.044409597349052414, 'beta_7': 0.01634436228836589, 'beta_8': 3.796729053536254e-05, 'beta_9': 5.772781672328451e-07}. Best is trial 691 with value: 6538.461030825155.
[I 2026-04-01 10:01:38,196] Trial 1537 finished with value: 6652.884228127417 and parameters: {'alpha_0': 0.000815122322364789, 'alpha_1': 5.3246436091385935e-05, 'alpha_2': 0.00010404696991685618, 'beta_0': 0.08227155534856273, 'beta_1': 6.5382702526971705, 'beta_2': 0.20201498135858417, 'beta_3': 0.0009593167927846738, 'beta_4': 6.690391498085289, 'beta_5': 46.52365096295577, 'beta_6': 0.040082527842572754, 'beta_7': 0.015866277172216864, 'beta_8': 3.896934367539592e-05, 'beta_9': 5.553746148338043e-07}. Best is trial 691 with value: 6538.461030825155.
[I 2026-04-01 10:01:47,395] Trial 1538 finished with value: 6769.784193783898 and parameters: {'alpha_0': 0.0006484265008404116, 'alpha_1': 5.193742816428303e-05, 'alpha_2': 9.700438782502295e-05, 'beta_0': 0.09737174514546075, 'beta_1': 7.050680786850729, 'beta_2': 0.2074456142941958, 'beta_3': 0.0010785972198019277, 'beta_4': 6.975516314761265, 'beta_5': 34.7583910105167, 'beta_6': 0.04267390863053312, 'beta_7': 0.016107736219453016, 'beta_8': 3.833064647215952e-05, 'beta_9': 5.013767686063955e-07}. Best is trial 691 with value: 6538.461030825155.
[I 2026-04-01 10:01:56,730] Trial 1539 finished with value: 7183.30517876494 and parameters: {'alpha_0': 0.0006707138075455008, 'alpha_1': 5.614670991525018e-05, 'alpha_2': 0.00010222438330306647, 'beta_0': 0.0751363506633689, 'beta_1': 6.7039154494849615, 'beta_2': 0.20387930652170289, 'beta_3': 0.0009914658108751235, 'beta_4': 6.853304463759978, 'beta_5': 46.50698514701534, 'beta_6': 0.041868383434335035, 'beta_7': 0.015257710001440354, 'beta_8': 3.95426622274685e-05, 'beta_9': 1.2909663066693159e-06}. Best is trial 691 with value: 6538.461030825155.
[I 2026-04-01 10:02:06,101] Trial 1540 finished with value: 6577.5872821297635 and parameters: {'alpha_0': 0.0007624787172099993, 'alpha_1': 5.33451787550649e-05, 'alpha_2': 0.00010029224068662121, 'beta_0': 0.10380781205729621, 'beta_1': 6.427164432669802, 'beta_2': 0.2108307971717364, 'beta_3': 0.0010234948256461329, 'beta_4': 6.521425598058261, 'beta_5': 47.250665410850935, 'beta_6': 0.04004826891068718, 'beta_7': 0.01564445124807274, 'beta_8': 3.760428757343735e-05, 'beta_9': 5.269282968827603e-07}. Best is trial 691 with value: 6538.461030825155.
[I 2026-04-01 10:02:15,275] Trial 1541 finished with value: 7192.3295900578 and parameters: {'alpha_0': 0.0007317480657106843, 'alpha_1': 5.508152287680838e-05, 'alpha_2': 0.00010132819853850728, 'beta_0': 0.09369784627598188, 'beta_1': 8.085126816631092, 'beta_2': 0.23671634497901864, 'beta_3': 0.0009900244447153218, 'beta_4': 6.715902807487309, 'beta_5': 42.942379222976655, 'beta_6': 0.043037448776555326, 'beta_7': 0.016634478819197083, 'beta_8': 2.305080290283044e-05, 'beta_9': 5.875075812686454e-07}. Best is trial 691 with value: 6538.461030825155.
[I 2026-04-01 10:02:24,377] Trial 1542 finished with value: 6773.0549697868255 and parameters: {'alpha_0': 0.0006290477126164399, 'alpha_1': 5.184470884323424e-05, 'alpha_2': 0.00010481595613154758, 'beta_0': 0.06021467990194451, 'beta_1': 7.5995113991963645, 'beta_2': 0.20600489686039433, 'beta_3': 0.0010510200902597024, 'beta_4': 6.621979233594776, 'beta_5': 45.623126631975566, 'beta_6': 0.04482258902508344, 'beta_7': 0.01599819997911073, 'beta_8': 3.895470641697185e-05, 'beta_9': 5.015439793239069e-07}. Best is trial 691 with value: 6538.461030825155.
[I 2026-04-01 10:02:33,585] Trial 1543 finished with value: 6684.463491658592 and parameters: {'alpha_0': 0.0005003044568837748, 'alpha_1': 5.6772472228384195e-05, 'alpha_2': 0.00010086651323775055, 'beta_0': 0.08846660319763831, 'beta_1': 6.876405575786939, 'beta_2': 0.2100037708087343, 'beta_3': 0.0009551040885278244, 'beta_4': 7.62888774220734, 'beta_5': 35.43710978927727, 'beta_6': 0.04111982934545415, 'beta_7': 0.015534439298533929, 'beta_8': 3.94815078920887e-05, 'beta_9': 5.678885786057886e-07}. Best is trial 691 with value: 6538.461030825155.
[I 2026-04-01 10:02:42,928] Trial 1544 finished with value: 7294.096590223864 and parameters: {'alpha_0': 0.0006874592881240418, 'alpha_1': 5.00783827219297e-05, 'alpha_2': 9.951167402878238e-05, 'beta_0': 0.07800937981563413, 'beta_1': 6.572693314306809, 'beta_2': 0.2034708241851741, 'beta_3': 0.0009636269151173494, 'beta_4': 6.571324635119855, 'beta_5': 44.1091093594985, 'beta_6': 0.04643180421097403, 'beta_7': 0.01521781399748147, 'beta_8': 3.8568541557441836e-05, 'beta_9': 5.477645997129434e-07}. Best is trial 691 with value: 6538.461030825155.
