[I 2026-03-31 22:37:52,498] Trial 394 finished with value: inf and parameters: {'alpha_0': 0.0010088576696073326, 'alpha_1': 6.206543389319603e-05, 'alpha_2': 4.690850292714278e-05, 'beta_0': 0.05947803114218004, 'beta_1': 6.736445173344371, 'beta_2': 0.1823153994878779, 'beta_3': 0.0007778948016120527, 'beta_4': 6.256599372539202, 'beta_5': 36.7445393720362, 'beta_6': 0.042509905412357905, 'beta_7': 0.01799051024457567, 'beta_8': 1.5379808679819194e-05, 'beta_9': 8.299315646483185e-07}. Best is trial 381 with value: 6572.730744725488.
[I 2026-03-31 22:38:01,974] Trial 395 finished with value: 7251.175983762014 and parameters: {'alpha_0': 0.001059226765306016, 'alpha_1': 6.516340249528839e-05, 'alpha_2': 4.8091805300071755e-05, 'beta_0': 0.06585928045693276, 'beta_1': 8.947267209540225, 'beta_2': 0.17928852693264855, 'beta_3': 0.0007296485202754958, 'beta_4': 6.159524155014884, 'beta_5': 34.66415018804253, 'beta_6': 0.041464541429325714, 'beta_7': 0.01552024487772231, 'beta_8': 1.64443641687162e-05, 'beta_9': 9.226555803638548e-07}. Best is trial 381 with value: 6572.730744725488.
[I 2026-03-31 22:38:11,262] Trial 396 finished with value: 7047.17733873494 and parameters: {'alpha_0': 0.0011049327892719773, 'alpha_1': 7.069005005210348e-05, 'alpha_2': 4.5674361017601356e-05, 'beta_0': 0.05408680890761398, 'beta_1': 7.065557793754354, 'beta_2': 0.18664094138789494, 'beta_3': 0.0008224093487458665, 'beta_4': 5.948764750125145, 'beta_5': 38.09589858650417, 'beta_6': 0.04258869996378142, 'beta_7': 0.016578831712864946, 'beta_8': 1.789476104627333e-05, 'beta_9': 8.679617286201648e-07}. Best is trial 381 with value: 6572.730744725488.
[I 2026-03-31 22:38:20,478] Trial 397 finished with value: inf and parameters: {'alpha_0': 0.0011711916773675494, 'alpha_1': 6.0994470091256644e-05, 'alpha_2': 5.1328682156208806e-05, 'beta_0': 0.06299504373730418, 'beta_1': 7.205834710063449, 'beta_2': 0.18878777329530344, 'beta_3': 0.0007616144081558065, 'beta_4': 3.0003198987198205, 'beta_5': 39.274028374512724, 'beta_6': 0.044823746266499785, 'beta_7': 0.017560411913282798, 'beta_8': 1.8437826075722166e-05, 'beta_9': 7.908190703907845e-07}. Best is trial 381 with value: 6572.730744725488.
[I 2026-03-31 22:38:29,811] Trial 398 finished with value: 6758.855343456782 and parameters: {'alpha_0': 0.0010801948415339862, 'alpha_1': 6.469796006476576e-05, 'alpha_2': 5.2991542866159884e-05, 'beta_0': 0.06944759024480775, 'beta_1': 6.4526682275159875, 'beta_2': 0.18535681967015602, 'beta_3': 0.0007064857609623218, 'beta_4': 5.966494402986533, 'beta_5': 39.24206022404732, 'beta_6': 0.043753978374293435, 'beta_7': 0.015804690782925762, 'beta_8': 1.477218213322513e-05, 'beta_9': 8.844190058793005e-07}. Best is trial 381 with value: 6572.730744725488.
[I 2026-03-31 22:38:39,203] Trial 399 finished with value: 6754.110562254859 and parameters: {'alpha_0': 0.0010202344723191572, 'alpha_1': 6.870725388902969e-05, 'alpha_2': 4.799117495261805e-05, 'beta_0': 0.05800817155823524, 'beta_1': 6.242736050716831, 'beta_2': 0.1831769818302679, 'beta_3': 0.0007437917600193383, 'beta_4': 5.707628362175991, 'beta_5': 40.25207602339198, 'beta_6': 0.04283764736400048, 'beta_7': 0.016239650822194397, 'beta_8': 1.6874375744257348e-05, 'beta_9': 8.566173195741914e-07}. Best is trial 381 with value: 6572.730744725488.
[I 2026-03-31 22:38:48,574] Trial 400 finished with value: 7118.377307143386 and parameters: {'alpha_0': 0.0011426000392353844, 'alpha_1': 6.0509163804068237e-05, 'alpha_2': 4.5135006275985564e-05, 'beta_0': 0.05387804999758995, 'beta_1': 7.592501404734081, 'beta_2': 0.15323546970083468, 'beta_3': 0.0007965820611609715, 'beta_4': 5.880078790038055, 'beta_5': 35.70775596620837, 'beta_6': 0.04097723693956705, 'beta_7': 0.015546041083691902, 'beta_8': 1.589162207351278e-05, 'beta_9': 9.316671751755705e-07}. Best is trial 381 with value: 6572.730744725488.
[I 2026-03-31 22:38:57,828] Trial 401 finished with value: 6639.010838016303 and parameters: {'alpha_0': 0.0011943359625530973, 'alpha_1': 6.253880261852788e-05, 'alpha_2': 4.612469159442853e-05, 'beta_0': 0.06155311223107489, 'beta_1': 6.991974867966592, 'beta_2': 0.18770521678766067, 'beta_3': 0.0007657713018833504, 'beta_4': 3.121769856616841, 'beta_5': 36.39343907161339, 'beta_6': 0.047450909604752865, 'beta_7': 0.015977573568816128, 'beta_8': 1.730543909615975e-05, 'beta_9': 8.233542488588616e-07}. Best is trial 381 with value: 6572.730744725488.
[I 2026-03-31 22:39:07,350] Trial 402 finished with value: 7557.880969663918 and parameters: {'alpha_0': 0.0011993822556286013, 'alpha_1': 6.397630463987824e-05, 'alpha_2': 4.662559809133994e-05, 'beta_0': 0.06105013870134736, 'beta_1': 6.737560669639768, 'beta_2': 0.18514992991563034, 'beta_3': 0.0007743140351482478, 'beta_4': 3.135081203907643, 'beta_5': 36.155113989361794, 'beta_6': 0.04723853592382602, 'beta_7': 0.015188753192162067, 'beta_8': 1.7374337270991595e-05, 'beta_9': 1.3647890028190616e-06}. Best is trial 381 with value: 6572.730744725488.
[I 2026-03-31 22:39:09,151] Trial 403 finished with value: inf and parameters: {'alpha_0': 0.0012809905990104893, 'alpha_1': 0.00011920009743803852, 'alpha_2': 4.952668431879202e-05, 'beta_0': 0.057904728076597606, 'beta_1': 6.9734088225958395, 'beta_2': 0.1824102774431992, 'beta_3': 0.001493657558678022, 'beta_4': 3.1307313558731567, 'beta_5': 37.0048309360023, 'beta_6': 0.04524700419528729, 'beta_7': 0.026024937087694693, 'beta_8': 1.6630333470695015e-05, 'beta_9': 8.138630984386001e-07}. Best is trial 381 with value: 6572.730744725488.
[I 2026-03-31 22:39:18,516] Trial 404 finished with value: 6690.853328336276 and parameters: {'alpha_0': 0.002038138394699234, 'alpha_1': 6.703471144594198e-05, 'alpha_2': 4.7981996630668665e-05, 'beta_0': 0.06343685838782978, 'beta_1': 7.368167406508426, 'beta_2': 0.18744996850297635, 'beta_3': 0.0008440844886130654, 'beta_4': 3.227914002274208, 'beta_5': 35.000616007666345, 'beta_6': 0.04103878770134493, 'beta_7': 0.015851383806356166, 'beta_8': 1.7739196359985384e-05, 'beta_9': 9.039701250599336e-07}. Best is trial 381 with value: 6572.730744725488.
[I 2026-03-31 22:39:27,843] Trial 405 finished with value: 6784.174834297657 and parameters: {'alpha_0': 0.0012147724360753068, 'alpha_1': 6.283197761048633e-05, 'alpha_2': 4.5714726908607664e-05, 'beta_0': 0.05411870687531196, 'beta_1': 6.652141344865733, 'beta_2': 0.17896314200183477, 'beta_3': 0.0007931671384443977, 'beta_4': 3.0827203145418873, 'beta_5': 36.49488934744227, 'beta_6': 0.049126185970959066, 'beta_7': 0.016383362265978484, 'beta_8': 1.8425771020414713e-05, 'beta_9': 8.104353867351817e-07}. Best is trial 381 with value: 6572.730744725488.Best trial: 381. Best value: 6572.73:  20%|██        | 405/2000 [1:00:43<3:26:52,  7.78s/it]Best trial: 381. Best value: 6572.73:  20%|██        | 405/2000 [1:00:43<3:26:52,  7.78s/it]Best trial: 381. Best value: 6572.73:  20%|██        | 406/2000 [1:00:43<3:39:03,  8.25s/it]                                                                                            Best trial: 381. Best value: 6572.73:  20%|██        | 406/2000 [1:00:52<3:39:03,  8.25s/it]Best trial: 381. Best value: 6572.73:  20%|██        | 406/2000 [1:00:52<3:39:03,  8.25s/it]Best trial: 381. Best value: 6572.73:  20%|██        | 407/2000 [1:00:52<3:46:40,  8.54s/it]                                                                                            Best trial: 381. Best value: 6572.73:  20%|██        | 407/2000 [1:01:01<3:46:40,  8.54s/it]Best trial: 381. Best value: 6572.73:  20%|██        | 407/2000 [1:01:01<3:46:40,  8.54s/it]Best trial: 381. Best value: 6572.73:  20%|██        | 408/2000 [1:01:01<3:52:58,  8.78s/it]                                                                                            Best trial: 381. Best value: 6572.73:  20%|██        | 408/2000 [1:01:11<3:52:58,  8.78s/it]Best trial: 381. Best value: 6572.73:  20%|██        | 408/2000 [1:01:11<3:52:58,  8.78s/it]Best trial: 381. Best value: 6572.73:  20%|██        | 409/2000 [1:01:11<3:56:05,  8.90s/it]                                                                                            Best trial: 381. Best value: 6572.73:  20%|██        | 409/2000 [1:01:20<3:56:05,  8.90s/it]Best trial: 381. Best value: 6572.73:  20%|██        | 409/2000 [1:01:20<3:56:05,  8.90s/it]Best trial: 381. Best value: 6572.73:  20%|██        | 410/2000 [1:01:20<3:59:33,  9.04s/it]                                                                                            Best trial: 381. Best value: 6572.73:  20%|██        | 410/2000 [1:01:29<3:59:33,  9.04s/it]Best trial: 381. Best value: 6572.73:  20%|██        | 410/2000 [1:01:29<3:59:33,  9.04s/it]Best trial: 381. Best value: 6572.73:  21%|██        | 411/2000 [1:01:29<4:02:03,  9.14s/it]                                                                                            Best trial: 381. Best value: 6572.73:  21%|██        | 411/2000 [1:01:39<4:02:03,  9.14s/it]Best trial: 381. Best value: 6572.73:  21%|██        | 411/2000 [1:01:39<4:02:03,  9.14s/it]Best trial: 381. Best value: 6572.73:  21%|██        | 412/2000 [1:01:39<4:02:56,  9.18s/it]                                                                                            Best trial: 381. Best value: 6572.73:  21%|██        | 412/2000 [1:01:48<4:02:56,  9.18s/it]Best trial: 381. Best value: 6572.73:  21%|██        | 412/2000 [1:01:48<4:02:56,  9.18s/it]Best trial: 381. Best value: 6572.73:  21%|██        | 413/2000 [1:01:48<4:03:07,  9.19s/it]                                                                                            Best trial: 381. Best value: 6572.73:  21%|██        | 413/2000 [1:01:57<4:03:07,  9.19s/it]Best trial: 381. Best value: 6572.73:  21%|██        | 413/2000 [1:01:57<4:03:07,  9.19s/it]Best trial: 381. Best value: 6572.73:  21%|██        | 414/2000 [1:01:57<4:04:29,  9.25s/it]                                                                                            Best trial: 381. Best value: 6572.73:  21%|██        | 414/2000 [1:02:06<4:04:29,  9.25s/it]Best trial: 381. Best value: 6572.73:  21%|██        | 414/2000 [1:02:06<4:04:29,  9.25s/it]Best trial: 381. Best value: 6572.73:  21%|██        | 415/2000 [1:02:06<4:05:02,  9.28s/it]                                                                                            Best trial: 381. Best value: 6572.73:  21%|██        | 415/2000 [1:02:16<4:05:02,  9.28s/it]Best trial: 381. Best value: 6572.73:  21%|██        | 415/2000 [1:02:16<4:05:02,  9.28s/it]Best trial: 381. Best value: 6572.73:  21%|██        | 416/2000 [1:02:16<4:05:59,  9.32s/it]                                                                                            Best trial: 381. Best value: 6572.73:  21%|██        | 416/2000 [1:02:25<4:05:59,  9.32s/it]Best trial: 381. Best value: 6572.73:  21%|██        | 416/2000 [1:02:25<4:05:59,  9.32s/it]Best trial: 381. Best value: 6572.73:  21%|██        | 417/2000 [1:02:25<4:06:55,  9.36s/it]                                                                                            Best trial: 381. Best value: 6572.73:  21%|██        | 417/2000 [1:02:35<4:06:55,  9.36s/it]Best trial: 381. Best value: 6572.73:  21%|██        | 417/2000 [1:02:35<4:06:55,  9.36s/it]Best trial: 381. Best value: 6572.73:  21%|██        | 418/2000 [1:02:35<4:06:07,  9.33s/it]                                                                                            Best trial: 381. Best value: 6572.73:  21%|██        | 418/2000 [1:02:44<4:06:07,  9.33s/it]Best trial: 381. Best value: 6572.73:  21%|██        | 418/2000 [1:02:44<4:06:07,  9.33s/it]Best trial: 381. Best value: 6572.73:  21%|██        | 419/2000 [1:02:44<4:06:28,  9.35s/it]                                                                                            Best trial: 381. Best value: 6572.73:  21%|██        | 419/2000 [1:02:53<4:06:28,  9.35s/it]Best trial: 381. Best value: 6572.73:  21%|██        | 419/2000 [1:02:53<4:06:28,  9.35s/it]Best trial: 381. Best value: 6572.73:  21%|██        | 420/2000 [1:02:53<4:05:27,  9.32s/it]                                                                                            
[I 2026-03-31 22:39:37,063] Trial 406 finished with value: 6578.367370558796 and parameters: {'alpha_0': 0.0011646918707394036, 'alpha_1': 6.555123596946231e-05, 'alpha_2': 5.031395579131864e-05, 'beta_0': 0.058503408716030506, 'beta_1': 7.089103268524416, 'beta_2': 0.18659415244862723, 'beta_3': 0.000758293127890329, 'beta_4': 6.369286584202456, 'beta_5': 37.90657527744017, 'beta_6': 0.04352239169239002, 'beta_7': 0.01599148492179399, 'beta_8': 1.7279010126745944e-05, 'beta_9': 8.483635733591286e-07}. Best is trial 381 with value: 6572.730744725488.
[I 2026-03-31 22:39:46,410] Trial 407 finished with value: 7035.977672530824 and parameters: {'alpha_0': 0.001142497962173465, 'alpha_1': 6.627270113877824e-05, 'alpha_2': 5.9278267686974635e-05, 'beta_0': 0.0651346426515684, 'beta_1': 7.086942057231899, 'beta_2': 0.1847861842978284, 'beta_3': 0.0007518657740768229, 'beta_4': 6.570563065964181, 'beta_5': 36.89541465190881, 'beta_6': 0.04351731258706685, 'beta_7': 0.015601302674266258, 'beta_8': 1.6454199424997493e-05, 'beta_9': 8.322214222529821e-07}. Best is trial 381 with value: 6572.730744725488.
[I 2026-03-31 22:39:55,601] Trial 408 finished with value: 7201.0590544779225 and parameters: {'alpha_0': 0.0017392690347127321, 'alpha_1': 6.961736458540891e-05, 'alpha_2': 5.062930294279894e-05, 'beta_0': 0.060486331943119226, 'beta_1': 6.896451825111923, 'beta_2': 0.1877089561638907, 'beta_3': 0.0007675523201143861, 'beta_4': 6.456258602687793, 'beta_5': 38.17341673428241, 'beta_6': 0.042253926431552735, 'beta_7': 0.016923010408923335, 'beta_8': 1.7124361375006133e-05, 'beta_9': 7.859609515049337e-07}. Best is trial 381 with value: 6572.730744725488.
[I 2026-03-31 22:40:04,958] Trial 409 finished with value: 7514.260905705147 and parameters: {'alpha_0': 0.0011081320159138158, 'alpha_1': 6.478034184547994e-05, 'alpha_2': 5.209370709910082e-05, 'beta_0': 0.06646208406242166, 'beta_1': 7.415435224313, 'beta_2': 0.18343204171412125, 'beta_3': 0.0007343131022106425, 'beta_4': 3.003360110644085, 'beta_5': 38.614062802374825, 'beta_6': 0.044770642624385286, 'beta_7': 0.01536749480151787, 'beta_8': 1.790152074768122e-05, 'beta_9': 8.405900813755391e-07}. Best is trial 381 with value: 6572.730744725488.
[I 2026-03-31 22:40:14,332] Trial 410 finished with value: 6704.531249588748 and parameters: {'alpha_0': 0.0011723463664252624, 'alpha_1': 6.778072099560177e-05, 'alpha_2': 4.9109277330006826e-05, 'beta_0': 0.05918971938421581, 'beta_1': 7.1371153990424, 'beta_2': 0.18638976161300164, 'beta_3': 0.0007553491483471453, 'beta_4': 5.495957132598611, 'beta_5': 35.59991024620573, 'beta_6': 0.04004409731506979, 'beta_7': 0.015876699361550305, 'beta_8': 1.5815873184381422e-05, 'beta_9': 8.591532987878498e-07}. Best is trial 381 with value: 6572.730744725488.
[I 2026-03-31 22:40:23,603] Trial 411 finished with value: 6917.363794139537 and parameters: {'alpha_0': 0.0010978578188030874, 'alpha_1': 6.27674894855676e-05, 'alpha_2': 5.379442731847175e-05, 'beta_0': 0.06235981455030204, 'beta_1': 7.339192065044497, 'beta_2': 0.1891735286434994, 'beta_3': 0.0007773221640127768, 'beta_4': 6.287490239090703, 'beta_5': 37.24478102233901, 'beta_6': 0.04331416930358381, 'beta_7': 0.016578916208217293, 'beta_8': 1.7134503944302672e-05, 'beta_9': 8.778656901660323e-07}. Best is trial 381 with value: 6572.730744725488.
[I 2026-03-31 22:40:32,825] Trial 412 finished with value: 6738.726267534084 and parameters: {'alpha_0': 0.0011449393407643046, 'alpha_1': 7.094876136512035e-05, 'alpha_2': 4.767351289364398e-05, 'beta_0': 0.0706515206820492, 'beta_1': 7.015054610828794, 'beta_2': 0.1814108556651487, 'beta_3': 0.0007267236763934667, 'beta_4': 6.159998350675234, 'beta_5': 37.583083482605026, 'beta_6': 0.04212813634416845, 'beta_7': 0.016245744593898697, 'beta_8': 1.4964103886057422e-05, 'beta_9': 8.994762114583051e-07}. Best is trial 381 with value: 6572.730744725488.
[I 2026-03-31 22:40:42,209] Trial 413 finished with value: 6924.675148046852 and parameters: {'alpha_0': 0.001253821662163593, 'alpha_1': 6.543485270284518e-05, 'alpha_2': 4.8996391672877796e-05, 'beta_0': 0.057450733019519924, 'beta_1': 9.214081330064065, 'beta_2': 0.16887845224721587, 'beta_3': 0.0007440969265364006, 'beta_4': 5.773654338244237, 'beta_5': 37.96971111679339, 'beta_6': 0.04521390322650173, 'beta_7': 0.01572935595218692, 'beta_8': 1.8962083863872887e-05, 'beta_9': 8.371576484887841e-07}. Best is trial 381 with value: 6572.730744725488.
[I 2026-03-31 22:40:51,547] Trial 414 finished with value: 6639.712472044526 and parameters: {'alpha_0': 0.0010653277566138749, 'alpha_1': 6.786165569574727e-05, 'alpha_2': 4.5347088750336214e-05, 'beta_0': 0.06631823405257065, 'beta_1': 7.6447406815163275, 'beta_2': 0.18595020796743456, 'beta_3': 0.0007723061086144214, 'beta_4': 3.1755432943550597, 'beta_5': 36.417556518450546, 'beta_6': 0.04384775207356917, 'beta_7': 0.016010852182909523, 'beta_8': 1.8200080264427197e-05, 'beta_9': 7.808703899729881e-07}. Best is trial 381 with value: 6572.730744725488.
[I 2026-03-31 22:41:00,963] Trial 415 finished with value: inf and parameters: {'alpha_0': 0.001040746256667991, 'alpha_1': 6.851517646293631e-05, 'alpha_2': 5.0633026206821253e-05, 'beta_0': 0.06804419287166732, 'beta_1': 8.020678247240049, 'beta_2': 0.18640874768647708, 'beta_3': 0.0007643448151159228, 'beta_4': 5.661776990121551, 'beta_5': 36.05711011552454, 'beta_6': 0.041273523236560916, 'beta_7': 0.01958041878901855, 'beta_8': 1.6773344198459323e-05, 'beta_9': 7.883613098047307e-07}. Best is trial 381 with value: 6572.730744725488.
[I 2026-03-31 22:41:10,417] Trial 416 finished with value: 7363.428430065813 and parameters: {'alpha_0': 0.0010836107051091742, 'alpha_1': 6.704781805005658e-05, 'alpha_2': 4.6369714766639345e-05, 'beta_0': 0.07106765555843929, 'beta_1': 7.647096551004307, 'beta_2': 0.1841935205241505, 'beta_3': 0.0007261661772544217, 'beta_4': 5.4090797021480475, 'beta_5': 38.88244148861128, 'beta_6': 0.04402654240663509, 'beta_7': 0.01549280326083221, 'beta_8': 1.7503990854105e-05, 'beta_9': 8.040802659580607e-07}. Best is trial 381 with value: 6572.730744725488.
[I 2026-03-31 22:41:19,696] Trial 417 finished with value: 6778.253899539191 and parameters: {'alpha_0': 0.0010609862263116644, 'alpha_1': 7.035801938656629e-05, 'alpha_2': 4.495197538269426e-05, 'beta_0': 0.06596601289157936, 'beta_1': 7.786932521539922, 'beta_2': 0.19024139271249735, 'beta_3': 0.0007033845977179973, 'beta_4': 6.0224122471925705, 'beta_5': 36.38295634603354, 'beta_6': 0.042604965858639585, 'beta_7': 0.016373220464458767, 'beta_8': 1.855458622123929e-05, 'beta_9': 8.210189003785427e-07}. Best is trial 381 with value: 6572.730744725488.
[I 2026-03-31 22:41:29,093] Trial 418 finished with value: 6688.504284714132 and parameters: {'alpha_0': 0.0009854860007800887, 'alpha_1': 6.896051801670735e-05, 'alpha_2': 4.739514008195086e-05, 'beta_0': 0.06031218224388295, 'beta_1': 7.4737219021546295, 'beta_2': 0.18726990483783298, 'beta_3': 0.0007458226822273128, 'beta_4': 3.2309962941517365, 'beta_5': 37.185020937479, 'beta_6': 0.04350665973037569, 'beta_7': 0.015957886685385652, 'beta_8': 1.618675979688716e-05, 'beta_9': 8.50259845286522e-07}. Best is trial 381 with value: 6572.730744725488.
[I 2026-03-31 22:41:38,339] Trial 419 finished with value: 7034.269725461446 and parameters: {'alpha_0': 0.0011108355367103243, 'alpha_1': 7.164277391336092e-05, 'alpha_2': 5.718820765344972e-05, 'beta_0': 0.07673034857311557, 'beta_1': 7.178778128780818, 'beta_2': 0.18302442029200544, 'beta_3': 0.0007639509399349306, 'beta_4': 5.604165261809041, 'beta_5': 36.21683603324371, 'beta_6': 0.04123773146475943, 'beta_7': 0.0166296385260503, 'beta_8': 1.528960609696841e-05, 'beta_9': 7.637708376475967e-07}. Best is trial 381 with value: 6572.730744725488.
