[I 2026-04-01 00:41:10,616] Trial 1204 finished with value: 7459.194729124525 and parameters: {'alpha_0': 0.001977289253489815, 'alpha_1': 5.190119944364562e-05, 'alpha_2': 4.008142440179505e-05, 'beta_0': 0.1052185325343834, 'beta_1': 6.211186396758179, 'beta_2': 0.20537530093042164, 'beta_3': 0.000851046676697332, 'beta_4': 6.259552275519586, 'beta_5': 34.888559780428004, 'beta_6': 0.04437677965994468, 'beta_7': 0.015208029257940715, 'beta_8': 2.9981067758065888e-05, 'beta_9': 5.001161071038094e-07}. Best is trial 691 with value: 6538.461030825155.
[I 2026-04-01 00:41:21,530] Trial 1205 finished with value: 6671.131686597955 and parameters: {'alpha_0': 0.000712598030145643, 'alpha_1': 5.4903696149363076e-05, 'alpha_2': 4.004109707442262e-05, 'beta_0': 0.09713181786481255, 'beta_1': 5.97549249194848, 'beta_2': 0.20097425137431657, 'beta_3': 0.0009455266952956635, 'beta_4': 4.973919442327805, 'beta_5': 31.122899808941487, 'beta_6': 0.04254492288636884, 'beta_7': 0.016024963343341497, 'beta_8': 3.8639087030944463e-05, 'beta_9': 5.958890827429204e-07}. Best is trial 691 with value: 6538.461030825155.
[I 2026-04-01 00:41:32,097] Trial 1206 finished with value: 6647.071488569696 and parameters: {'alpha_0': 0.0006496713132698901, 'alpha_1': 5.902402242022309e-05, 'alpha_2': 6.117648008214899e-05, 'beta_0': 0.07751623808301158, 'beta_1': 10.448560740153543, 'beta_2': 0.20375394031189828, 'beta_3': 0.000909312924907176, 'beta_4': 6.697621953165786, 'beta_5': 33.533336223518305, 'beta_6': 0.04616341369967461, 'beta_7': 0.01570117798805236, 'beta_8': 3.890124221468546e-05, 'beta_9': 6.324789813338029e-07}. Best is trial 691 with value: 6538.461030825155.
[I 2026-04-01 00:41:42,766] Trial 1207 finished with value: 6805.746317295974 and parameters: {'alpha_0': 0.0007926609599218689, 'alpha_1': 5.321141414437146e-05, 'alpha_2': 4.282725032026218e-05, 'beta_0': 0.1535347971695694, 'beta_1': 5.729582655956469, 'beta_2': 0.20826762991174483, 'beta_3': 0.0009761933189040602, 'beta_4': 6.50028065285748, 'beta_5': 36.63756657837793, 'beta_6': 0.04108197491178704, 'beta_7': 0.016244892269929322, 'beta_8': 3.728161761517227e-05, 'beta_9': 7.109103917416971e-07}. Best is trial 691 with value: 6538.461030825155.
[I 2026-04-01 00:41:54,073] Trial 1208 finished with value: 7042.8909569049865 and parameters: {'alpha_0': 0.0005571056636999056, 'alpha_1': 5.2030276431353124e-05, 'alpha_2': 4.3340130094979896e-05, 'beta_0': 0.0915919929039909, 'beta_1': 9.861431019508347, 'beta_2': 0.21696629882789092, 'beta_3': 0.0009267073610273256, 'beta_4': 6.409770262431755, 'beta_5': 35.28917651407975, 'beta_6': 0.04360536633658605, 'beta_7': 0.015444245976625366, 'beta_8': 3.795301344949867e-05, 'beta_9': 7.708552343222499e-07}. Best is trial 691 with value: 6538.461030825155.
[I 2026-04-01 00:42:04,832] Trial 1209 finished with value: 6580.153629145119 and parameters: {'alpha_0': 0.0006098072399371748, 'alpha_1': 5.65770487999776e-05, 'alpha_2': 9.701171690689006e-05, 'beta_0': 0.0813590598477728, 'beta_1': 5.422429284767155, 'beta_2': 0.21010901223539616, 'beta_3': 0.0008777607768455684, 'beta_4': 6.004603996127342, 'beta_5': 34.45650824365564, 'beta_6': 0.04198827985191679, 'beta_7': 0.01591652096875561, 'beta_8': 3.934426898855564e-05, 'beta_9': 1.3288094159381483e-06}. Best is trial 691 with value: 6538.461030825155.
[I 2026-04-01 00:42:15,418] Trial 1210 finished with value: 7108.063523991555 and parameters: {'alpha_0': 0.0006434845806477531, 'alpha_1': 5.479796225213886e-05, 'alpha_2': 4.484327446661415e-05, 'beta_0': 0.08795935283836318, 'beta_1': 7.029881564172339, 'beta_2': 0.21295194968113243, 'beta_3': 0.0009659556421428917, 'beta_4': 6.857246946613477, 'beta_5': 32.14944585827157, 'beta_6': 0.0447471875768048, 'beta_7': 0.01653962813939776, 'beta_8': 3.857437560091431e-05, 'beta_9': 6.797349715996855e-07}. Best is trial 691 with value: 6538.461030825155.
[I 2026-04-01 00:42:27,210] Trial 1211 finished with value: 7256.041623347059 and parameters: {'alpha_0': 0.0005394384993372693, 'alpha_1': 5.21859624243187e-05, 'alpha_2': 4.7224045413014495e-05, 'beta_0': 0.10185499996903133, 'beta_1': 6.667888606136167, 'beta_2': 0.2355725214128048, 'beta_3': 0.001002725576156224, 'beta_4': 6.642275228261762, 'beta_5': 32.74597722447963, 'beta_6': 0.0633924176090234, 'beta_7': 0.015212649331004763, 'beta_8': 3.9442672224660145e-05, 'beta_9': 6.422295134754315e-07}. Best is trial 691 with value: 6538.461030825155.
[I 2026-04-01 00:42:37,815] Trial 1212 finished with value: 6585.355420103691 and parameters: {'alpha_0': 0.0007443242719892849, 'alpha_1': 5.362021666581203e-05, 'alpha_2': 4.154152110313589e-05, 'beta_0': 0.07257094848059595, 'beta_1': 6.10236538264781, 'beta_2': 0.20683792116638844, 'beta_3': 0.0009447560699219156, 'beta_4': 7.481724072293685, 'beta_5': 33.81532437224975, 'beta_6': 0.040981580229894246, 'beta_7': 0.015784550929246195, 'beta_8': 3.805207168841022e-05, 'beta_9': 5.800619658043581e-07}. Best is trial 691 with value: 6538.461030825155.
[I 2026-04-01 00:42:48,569] Trial 1213 finished with value: 6764.561121499667 and parameters: {'alpha_0': 0.000579969328004825, 'alpha_1': 5.1785675958489465e-05, 'alpha_2': 4.456721836510183e-05, 'beta_0': 0.08399073712997669, 'beta_1': 6.460366538673803, 'beta_2': 0.2255228353165934, 'beta_3': 0.000898755170727449, 'beta_4': 6.768810244814806, 'beta_5': 35.87581536933135, 'beta_6': 0.04277484421525012, 'beta_7': 0.016165952000046994, 'beta_8': 3.902802858897513e-05, 'beta_9': 1.2838052443864019e-06}. Best is trial 691 with value: 6538.461030825155.
[I 2026-04-01 00:42:59,494] Trial 1214 finished with value: 6694.412597163257 and parameters: {'alpha_0': 0.0006843187894909774, 'alpha_1': 5.8391040730101926e-05, 'alpha_2': 4.2181932404143954e-05, 'beta_0': 0.09233105823244785, 'beta_1': 5.859222772606623, 'beta_2': 0.20398612353372228, 'beta_3': 0.0010415173658954518, 'beta_4': 6.5436915044215045, 'beta_5': 33.31210020647383, 'beta_6': 0.04006959339656993, 'beta_7': 0.01550950074016724, 'beta_8': 3.949172134928198e-05, 'beta_9': 5.248334342046278e-07}. Best is trial 691 with value: 6538.461030825155.
[I 2026-04-01 00:43:10,128] Trial 1215 finished with value: 6676.584931704168 and parameters: {'alpha_0': 0.0018460437068203066, 'alpha_1': 5.009365765502695e-05, 'alpha_2': 0.00010131401310165753, 'beta_0': 0.09688033795894964, 'beta_1': 6.256710555711184, 'beta_2': 0.20916174070398957, 'beta_3': 0.000979364713859575, 'beta_4': 6.319498295828195, 'beta_5': 34.65946231069174, 'beta_6': 0.04371493257037289, 'beta_7': 0.01587708091696169, 'beta_8': 3.742444223816791e-05, 'beta_9': 7.215070225625409e-07}. Best is trial 691 with value: 6538.461030825155.Best trial: 691. Best value: 6538.46:  61%|██████    | 1215/2000 [3:04:25<2:22:41, 10.91s/it]Best trial: 691. Best value: 6538.46:  61%|██████    | 1215/2000 [3:04:25<2:22:41, 10.91s/it]Best trial: 691. Best value: 6538.46:  61%|██████    | 1216/2000 [3:04:25<2:21:26, 10.82s/it]                                                                                             Best trial: 691. Best value: 6538.46:  61%|██████    | 1216/2000 [3:04:36<2:21:26, 10.82s/it]Best trial: 691. Best value: 6538.46:  61%|██████    | 1216/2000 [3:04:36<2:21:26, 10.82s/it]Best trial: 691. Best value: 6538.46:  61%|██████    | 1217/2000 [3:04:36<2:21:31, 10.85s/it]                                                                                             Best trial: 691. Best value: 6538.46:  61%|██████    | 1217/2000 [3:04:46<2:21:31, 10.85s/it]Best trial: 691. Best value: 6538.46:  61%|██████    | 1217/2000 [3:04:46<2:21:31, 10.85s/it]Best trial: 691. Best value: 6538.46:  61%|██████    | 1218/2000 [3:04:46<2:19:47, 10.73s/it]                                                                                             Best trial: 691. Best value: 6538.46:  61%|██████    | 1218/2000 [3:04:58<2:19:47, 10.73s/it]Best trial: 691. Best value: 6538.46:  61%|██████    | 1218/2000 [3:04:58<2:19:47, 10.73s/it]Best trial: 691. Best value: 6538.46:  61%|██████    | 1219/2000 [3:04:58<2:24:54, 11.13s/it]                                                                                             Best trial: 691. Best value: 6538.46:  61%|██████    | 1219/2000 [3:05:11<2:24:54, 11.13s/it]Best trial: 691. Best value: 6538.46:  61%|██████    | 1219/2000 [3:05:11<2:24:54, 11.13s/it]Best trial: 691. Best value: 6538.46:  61%|██████    | 1220/2000 [3:05:11<2:28:46, 11.44s/it]                                                                                             Best trial: 691. Best value: 6538.46:  61%|██████    | 1220/2000 [3:05:22<2:28:46, 11.44s/it]Best trial: 691. Best value: 6538.46:  61%|██████    | 1220/2000 [3:05:22<2:28:46, 11.44s/it]Best trial: 691. Best value: 6538.46:  61%|██████    | 1221/2000 [3:05:22<2:27:00, 11.32s/it]                                                                                             Best trial: 691. Best value: 6538.46:  61%|██████    | 1221/2000 [3:05:31<2:27:00, 11.32s/it]Best trial: 691. Best value: 6538.46:  61%|██████    | 1221/2000 [3:05:31<2:27:00, 11.32s/it]Best trial: 691. Best value: 6538.46:  61%|██████    | 1222/2000 [3:05:31<2:20:54, 10.87s/it]                                                                                             Best trial: 691. Best value: 6538.46:  61%|██████    | 1222/2000 [3:05:42<2:20:54, 10.87s/it]Best trial: 691. Best value: 6538.46:  61%|██████    | 1222/2000 [3:05:42<2:20:54, 10.87s/it]Best trial: 691. Best value: 6538.46:  61%|██████    | 1223/2000 [3:05:42<2:19:00, 10.73s/it]                                                                                             Best trial: 691. Best value: 6538.46:  61%|██████    | 1223/2000 [11:34:27<2:19:00, 10.73s/it]Best trial: 691. Best value: 6538.46:  61%|██████    | 1223/2000 [11:34:27<2:19:00, 10.73s/it]Best trial: 691. Best value: 6538.46:  61%|██████    | 1224/2000 [11:34:27<1975:33:40, 9164.98s/it]                                                                                                   Best trial: 691. Best value: 6538.46:  61%|██████    | 1224/2000 [11:34:36<1975:33:40, 9164.98s/it]Best trial: 691. Best value: 6538.46:  61%|██████    | 1224/2000 [11:34:36<1975:33:40, 9164.98s/it]Best trial: 691. Best value: 6538.46:  61%|██████▏   | 1225/2000 [11:34:36<1381:41:37, 6418.19s/it]                                                                                                   Best trial: 691. Best value: 6538.46:  61%|██████▏   | 1225/2000 [11:34:46<1381:41:37, 6418.19s/it]Best trial: 691. Best value: 6538.46:  61%|██████▏   | 1225/2000 [11:34:46<1381:41:37, 6418.19s/it]Best trial: 691. Best value: 6538.46:  61%|██████▏   | 1226/2000 [11:34:46<966:34:40, 4495.71s/it]                                                                                                   Best trial: 691. Best value: 6538.46:  61%|██████▏   | 1226/2000 [11:34:57<966:34:40, 4495.71s/it]Best trial: 691. Best value: 6538.46:  61%|██████▏   | 1226/2000 [11:34:57<966:34:40, 4495.71s/it]Best trial: 691. Best value: 6538.46:  61%|██████▏   | 1227/2000 [11:34:57<676:27:30, 3150.39s/it]                                                                                                  Best trial: 691. Best value: 6538.46:  61%|██████▏   | 1227/2000 [11:35:07<676:27:30, 3150.39s/it]Best trial: 691. Best value: 6538.46:  61%|██████▏   | 1227/2000 [11:35:07<676:27:30, 3150.39s/it]Best trial: 691. Best value: 6538.46:  61%|██████▏   | 1228/2000 [11:35:07<473:33:22, 2208.29s/it]                                                                                                  Best trial: 691. Best value: 6538.46:  61%|██████▏   | 1228/2000 [11:35:18<473:33:22, 2208.29s/it]Best trial: 691. Best value: 6538.46:  61%|██████▏   | 1228/2000 [11:35:18<473:33:22, 2208.29s/it]Best trial: 691. Best value: 6538.46:  61%|██████▏   | 1229/2000 [11:35:18<331:43:51, 1548.94s/it]                                                                                                  Best trial: 691. Best value: 6538.46:  61%|██████▏   | 1229/2000 [11:35:31<331:43:51, 1548.94s/it]Best trial: 691. Best value: 6538.46:  61%|██████▏   | 1229/2000 [11:35:31<331:43:51, 1548.94s/it]Best trial: 691. Best value: 6538.46:  62%|██████▏   | 1230/2000 [11:35:31<232:45:35, 1088.23s/it]                                                                                                  
[I 2026-04-01 00:43:21,021] Trial 1216 finished with value: 6706.475612093256 and parameters: {'alpha_0': 0.0005349570503219907, 'alpha_1': 5.581971652219278e-05, 'alpha_2': 4.843221356686984e-05, 'beta_0': 0.10916091777510359, 'beta_1': 5.559664904342299, 'beta_2': 0.1992676370728984, 'beta_3': 0.0009240977014960674, 'beta_4': 7.999350122997789, 'beta_5': 33.94859876962188, 'beta_6': 0.041962978784330286, 'beta_7': 0.015605796201158914, 'beta_8': 3.8563498650756425e-05, 'beta_9': 8.023418386381453e-07}. Best is trial 691 with value: 6538.461030825155.
[I 2026-04-01 00:43:31,466] Trial 1217 finished with value: 6757.5867902547325 and parameters: {'alpha_0': 0.0006241364802921042, 'alpha_1': 6.071964752018133e-05, 'alpha_2': 4.620726865099023e-05, 'beta_0': 0.07711707615455345, 'beta_1': 6.028428087872118, 'beta_2': 0.205448197931815, 'beta_3': 0.0009524701344878183, 'beta_4': 6.944916436568698, 'beta_5': 31.648528489799332, 'beta_6': 0.04001675595793521, 'beta_7': 0.016175906541993062, 'beta_8': 3.945020482782541e-05, 'beta_9': 6.918136109377772e-07}. Best is trial 691 with value: 6538.461030825155.
[I 2026-04-01 00:43:43,551] Trial 1218 finished with value: 7405.504586166827 and parameters: {'alpha_0': 0.0005789754786214462, 'alpha_1': 5.382334907163657e-05, 'alpha_2': 0.00010685671696084179, 'beta_0': 0.08738153241311465, 'beta_1': 6.507594078771231, 'beta_2': 0.20232603668755286, 'beta_3': 0.0008685395372546663, 'beta_4': 6.134493932904637, 'beta_5': 35.44383027028894, 'beta_6': 0.04291242562028619, 'beta_7': 0.015274615819646543, 'beta_8': 3.998577376441234e-05, 'beta_9': 7.479667972434314e-07}. Best is trial 691 with value: 6538.461030825155.
[I 2026-04-01 00:43:55,723] Trial 1219 finished with value: 7457.929562228097 and parameters: {'alpha_0': 0.000666864906688671, 'alpha_1': 5.6383506094043435e-05, 'alpha_2': 4.38014212362291e-05, 'beta_0': 0.09329677596485432, 'beta_1': 6.308227763218605, 'beta_2': 0.24716054665986603, 'beta_3': 0.0010185077633352079, 'beta_4': 6.456000710881896, 'beta_5': 37.370840668739525, 'beta_6': 0.04149910658800377, 'beta_7': 0.015013331137870307, 'beta_8': 3.825666306083742e-05, 'beta_9': 6.581485933030486e-07}. Best is trial 691 with value: 6538.461030825155.
[I 2026-04-01 00:44:06,760] Trial 1220 finished with value: 7080.785997388485 and parameters: {'alpha_0': 0.0007172435627887657, 'alpha_1': 5.147071961413288e-05, 'alpha_2': 4.146301259774374e-05, 'beta_0': 0.0839138794065825, 'beta_1': 6.752548408849047, 'beta_2': 0.2074606673674782, 'beta_3': 0.000905671263105784, 'beta_4': 6.6313185436851265, 'beta_5': 36.343195558535385, 'beta_6': 0.045002655079717825, 'beta_7': 0.016562705902519806, 'beta_8': 3.8924206240401055e-05, 'beta_9': 1.3889915964381909e-06}. Best is trial 691 with value: 6538.461030825155.
[I 2026-04-01 00:44:16,563] Trial 1221 finished with value: 6707.337359660589 and parameters: {'alpha_0': 0.0006170281153602328, 'alpha_1': 5.004129231623176e-05, 'alpha_2': 4.266283776400554e-05, 'beta_0': 0.06779835557992366, 'beta_1': 5.786491976428031, 'beta_2': 0.21464963137378437, 'beta_3': 0.000989369941349579, 'beta_4': 6.697485308011496, 'beta_5': 32.455531611804545, 'beta_6': 0.04113961753561807, 'beta_7': 0.0158980036183698, 'beta_8': 3.58784382588617e-05, 'beta_9': 5.61787098163253e-07}. Best is trial 691 with value: 6538.461030825155.
[I 2026-04-01 00:44:26,988] Trial 1222 finished with value: 6701.691335073048 and parameters: {'alpha_0': 0.0005010199376290615, 'alpha_1': 5.3708608148974384e-05, 'alpha_2': 4.0033131316858376e-05, 'beta_0': 0.0797356768224847, 'beta_1': 6.089966886421766, 'beta_2': 0.21087988849325173, 'beta_3': 0.0009354804886587344, 'beta_4': 7.323960691967018, 'beta_5': 32.9548830613842, 'beta_6': 0.04377653643728995, 'beta_7': 0.015546048000178942, 'beta_8': 3.7747901861052245e-05, 'beta_9': 6.347139951871048e-07}. Best is trial 691 with value: 6538.461030825155.
[I 2026-04-01 09:13:11,857] Trial 1223 finished with value: 6819.050859301041 and parameters: {'alpha_0': 0.0005692917103565588, 'alpha_1': 5.8206427128031164e-05, 'alpha_2': 4.001166186568663e-05, 'beta_0': 0.09691657476394745, 'beta_1': 6.393969486184968, 'beta_2': 0.20464232313853, 'beta_3': 0.0009715605844035728, 'beta_4': 6.248067559631195, 'beta_5': 34.82053660783374, 'beta_6': 0.0425600770625846, 'beta_7': 0.01636355982069549, 'beta_8': 3.682398583096391e-05, 'beta_9': 6.119112024872914e-07}. Best is trial 691 with value: 6538.461030825155.
[I 2026-04-01 09:13:20,885] Trial 1224 finished with value: 6653.205113057012 and parameters: {'alpha_0': 0.00064681717425761, 'alpha_1': 5.5370059422396935e-05, 'alpha_2': 4.5333721507166825e-05, 'beta_0': 0.07382977317934794, 'beta_1': 7.000899969950181, 'beta_2': 0.20885365914520532, 'beta_3': 0.0008437156342795698, 'beta_4': 6.550159864198502, 'beta_5': 33.4383046015564, 'beta_6': 0.041918943539867116, 'beta_7': 0.015778708595929745, 'beta_8': 3.8912096627884835e-05, 'beta_9': 7.175553392703939e-07}. Best is trial 691 with value: 6538.461030825155.
[I 2026-04-01 09:13:30,813] Trial 1225 finished with value: 6924.353881515743 and parameters: {'alpha_0': 0.0006902024943943462, 'alpha_1': 5.1966354471989105e-05, 'alpha_2': 4.384170442979466e-05, 'beta_0': 0.10034623411829725, 'beta_1': 5.8736096827238775, 'beta_2': 0.21236751739384874, 'beta_3': 0.0009539486783864688, 'beta_4': 6.855226781489051, 'beta_5': 34.180197259337255, 'beta_6': 0.09799949868232656, 'beta_7': 0.016119815187774743, 'beta_8': 3.936272989117328e-05, 'beta_9': 6.744130624239767e-07}. Best is trial 691 with value: 6538.461030825155.
[I 2026-04-01 09:13:42,115] Trial 1226 finished with value: 7006.696679634337 and parameters: {'alpha_0': 0.0005953519964199817, 'alpha_1': 5.3536078576288255e-05, 'alpha_2': 4.2508534819095376e-05, 'beta_0': 0.08987319498192457, 'beta_1': 6.16514180144539, 'beta_2': 0.2013668142344811, 'beta_3': 0.0008890730312560815, 'beta_4': 6.377110841667805, 'beta_5': 35.62926485487183, 'beta_6': 0.04601734421807918, 'beta_7': 0.015512551166588642, 'beta_8': 3.997847602184474e-05, 'beta_9': 7.604279499254306e-07}. Best is trial 691 with value: 6538.461030825155.
[I 2026-04-01 09:13:52,184] Trial 1227 finished with value: 6692.238662171483 and parameters: {'alpha_0': 0.0007587728056531016, 'alpha_1': 5.002769107287387e-05, 'alpha_2': 4.762481779451194e-05, 'beta_0': 0.08367947583542414, 'beta_1': 6.586329104051418, 'beta_2': 0.20645353289807217, 'beta_3': 0.0009958787852098958, 'beta_4': 6.760040467002482, 'beta_5': 30.84751790562197, 'beta_6': 0.04414220190752498, 'beta_7': 0.015915672424392104, 'beta_8': 3.8302184121972274e-05, 'beta_9': 5.370916278577799e-07}. Best is trial 691 with value: 6538.461030825155.
[I 2026-04-01 09:14:02,628] Trial 1228 finished with value: 6962.767256888941 and parameters: {'alpha_0': 0.0005361184038114558, 'alpha_1': 5.501912896121868e-05, 'alpha_2': 4.555888306700943e-05, 'beta_0': 0.07790409915159842, 'beta_1': 5.640417940089591, 'beta_2': 0.209854766935801, 'beta_3': 0.0009208772051595727, 'beta_4': 6.472252395699158, 'beta_5': 31.95764709457888, 'beta_6': 0.04269304825817016, 'beta_7': 0.01550714666118231, 'beta_8': 3.999509029751695e-05, 'beta_9': 1.2641552479893977e-06}. Best is trial 691 with value: 6538.461030825155.
[I 2026-04-01 09:14:15,867] Trial 1229 finished with value: 6828.2610334089995 and parameters: {'alpha_0': 0.0006352975050015894, 'alpha_1': 5.7392014594313803e-05, 'alpha_2': 4.144155825632532e-05, 'beta_0': 0.08808829598899466, 'beta_1': 5.293535470008014, 'beta_2': 0.2032805267012948, 'beta_3': 0.0010339453862109808, 'beta_4': 6.672444961805132, 'beta_5': 32.82349802308335, 'beta_6': 0.04001303123847523, 'beta_7': 0.016302051928773497, 'beta_8': 3.9075891799130075e-05, 'beta_9': 5.887680202855372e-07}. Best is trial 691 with value: 6538.461030825155.
