[I 2026-04-01 00:26:33,136] Trial 1114 finished with value: 7041.491451230363 and parameters: {'alpha_0': 0.000607912361717035, 'alpha_1': 5.183362717083735e-05, 'alpha_2': 0.00010557193435423379, 'beta_0': 0.09352503221036973, 'beta_1': 6.515611914498268, 'beta_2': 0.20673481752951306, 'beta_3': 0.000858530208889405, 'beta_4': 6.9946487714514305, 'beta_5': 34.791098709070184, 'beta_6': 0.042890773011878096, 'beta_7': 0.015470076462817608, 'beta_8': 3.861904738954725e-05, 'beta_9': 6.712133456168536e-07}. Best is trial 691 with value: 6538.461030825155.
[I 2026-04-01 00:26:42,387] Trial 1115 finished with value: inf and parameters: {'alpha_0': 0.0005013707725785528, 'alpha_1': 5.0028777665660264e-05, 'alpha_2': 4.532342154744869e-05, 'beta_0': 0.09903325682566128, 'beta_1': 5.4570475221962065, 'beta_2': 0.1993100141887146, 'beta_3': 0.0010036437586604745, 'beta_4': 6.614531689554326, 'beta_5': 32.61754142595021, 'beta_6': 0.041073546025671565, 'beta_7': 0.02032173957494452, 'beta_8': 3.939493114341842e-05, 'beta_9': 5.276426094605728e-07}. Best is trial 691 with value: 6538.461030825155.
[I 2026-04-01 00:26:51,720] Trial 1116 finished with value: 6627.824302285856 and parameters: {'alpha_0': 0.0006710809226643738, 'alpha_1': 5.981264755405848e-05, 'alpha_2': 8.82966500355897e-05, 'beta_0': 0.09139564449245677, 'beta_1': 5.960380522316151, 'beta_2': 0.21658260350541053, 'beta_3': 0.0009541169713234386, 'beta_4': 6.892551792726584, 'beta_5': 35.6458839852958, 'beta_6': 0.06879981832488476, 'beta_7': 0.015784559631873748, 'beta_8': 3.8246099368577277e-05, 'beta_9': 6.376047927716266e-07}. Best is trial 691 with value: 6538.461030825155.
[I 2026-04-01 00:27:00,965] Trial 1117 finished with value: 7080.734477088489 and parameters: {'alpha_0': 0.0005765990753519012, 'alpha_1': 5.33091312048118e-05, 'alpha_2': 9.76648219358478e-05, 'beta_0': 0.16609029243573642, 'beta_1': 5.69120645533731, 'beta_2': 0.21124107140428613, 'beta_3': 0.000892870170844385, 'beta_4': 6.303954499334314, 'beta_5': 34.000258104916355, 'beta_6': 0.04485670639669049, 'beta_7': 0.015460936107604104, 'beta_8': 3.904617312810307e-05, 'beta_9': 5.558544749987487e-07}. Best is trial 691 with value: 6538.461030825155.
[I 2026-04-01 00:27:10,262] Trial 1118 finished with value: 6765.485466642426 and parameters: {'alpha_0': 0.000725394833757585, 'alpha_1': 5.6956862031028924e-05, 'alpha_2': 8.317681053781303e-05, 'beta_0': 0.108896442524645, 'beta_1': 6.653755677911539, 'beta_2': 0.20803106074512104, 'beta_3': 0.0009802236460032616, 'beta_4': 6.756372109664294, 'beta_5': 45.23797171137798, 'beta_6': 0.043042157298134855, 'beta_7': 0.016168768075377093, 'beta_8': 3.6876667153317987e-05, 'beta_9': 1.2405783153899562e-06}. Best is trial 691 with value: 6538.461030825155.
[I 2026-04-01 00:27:19,556] Trial 1119 finished with value: 7073.44458444434 and parameters: {'alpha_0': 0.0007682904072454378, 'alpha_1': 5.174925711539913e-05, 'alpha_2': 4.373805876580296e-05, 'beta_0': 0.08294332761983157, 'beta_1': 6.396614282247135, 'beta_2': 0.2130317891016952, 'beta_3': 0.0009283789139873768, 'beta_4': 6.443744393529202, 'beta_5': 33.167778564356084, 'beta_6': 0.04183860434393742, 'beta_7': 0.01654113814742046, 'beta_8': 3.93656424610967e-05, 'beta_9': 6.928596960597715e-07}. Best is trial 691 with value: 6538.461030825155.
[I 2026-04-01 00:27:28,905] Trial 1120 finished with value: 6663.268719893729 and parameters: {'alpha_0': 0.0006300140494855187, 'alpha_1': 5.521485805680847e-05, 'alpha_2': 4.1404850980239026e-05, 'beta_0': 0.17687463062611808, 'beta_1': 6.11136419917542, 'beta_2': 0.23963601183937713, 'beta_3': 0.001059658019671521, 'beta_4': 6.692130277356031, 'beta_5': 36.61185120054933, 'beta_6': 0.0442043492609477, 'beta_7': 0.01578421577730365, 'beta_8': 3.8737131527214737e-05, 'beta_9': 1.199278764862218e-06}. Best is trial 691 with value: 6538.461030825155.
[I 2026-04-01 00:27:30,521] Trial 1121 finished with value: inf and parameters: {'alpha_0': 0.0005601251536935976, 'alpha_1': 5.3681904998479724e-05, 'alpha_2': 4.0000827341884736e-05, 'beta_0': 0.08827299289014856, 'beta_1': 5.862547353198144, 'beta_2': 0.21807404958189136, 'beta_3': 0.0009616901860048877, 'beta_4': 6.5641344460735915, 'beta_5': 34.58238200696554, 'beta_6': 0.04099469455074309, 'beta_7': 0.02560466099254851, 'beta_8': 3.790053146303131e-05, 'beta_9': 6.001285454354484e-07}. Best is trial 691 with value: 6538.461030825155.
[I 2026-04-01 00:27:39,883] Trial 1122 finished with value: 7335.267394071745 and parameters: {'alpha_0': 0.0006883557494448957, 'alpha_1': 5.8057074534142127e-05, 'alpha_2': 4.61677866408174e-05, 'beta_0': 0.09601327285076496, 'beta_1': 7.016891260921514, 'beta_2': 0.20207302210268774, 'beta_3': 0.0009942402847190907, 'beta_4': 6.202389942389151, 'beta_5': 32.35391688101561, 'beta_6': 0.04280100507964711, 'beta_7': 0.015202016985548126, 'beta_8': 3.958955972292411e-05, 'beta_9': 6.685688701289727e-07}. Best is trial 691 with value: 6538.461030825155.
[I 2026-04-01 00:27:49,167] Trial 1123 finished with value: inf and parameters: {'alpha_0': 0.0005997028303702255, 'alpha_1': 5.142586951396588e-05, 'alpha_2': 4.278162215099224e-05, 'beta_0': 0.0801482345136868, 'beta_1': 6.1461428586309275, 'beta_2': 0.20609918297429117, 'beta_3': 0.0008717864337126997, 'beta_4': 5.131022705057096, 'beta_5': 33.51699110024885, 'beta_6': 0.04659052464397643, 'beta_7': 0.021436462811657384, 'beta_8': 3.9956423383067695e-05, 'beta_9': 7.085337639451843e-07}. Best is trial 691 with value: 6538.461030825155.
[I 2026-04-01 00:27:58,516] Trial 1124 finished with value: 6660.429449983565 and parameters: {'alpha_0': 0.0006500424235720662, 'alpha_1': 5.3192864369097756e-05, 'alpha_2': 9.623561237236441e-05, 'beta_0': 0.10058414730181943, 'beta_1': 6.366108309518068, 'beta_2': 0.20364754232840088, 'beta_3': 0.0008361888795579623, 'beta_4': 6.832122736811464, 'beta_5': 35.435101713295374, 'beta_6': 0.04111096431270153, 'beta_7': 0.016038009054428405, 'beta_8': 3.8346872059554406e-05, 'beta_9': 6.313973324822345e-07}. Best is trial 691 with value: 6538.461030825155.
[I 2026-04-01 00:28:07,779] Trial 1125 finished with value: inf and parameters: {'alpha_0': 0.0005503870388259008, 'alpha_1': 5.5160640616722545e-05, 'alpha_2': 4.0027804818804674e-05, 'beta_0': 0.08911597605565598, 'beta_1': 6.7476985853193066, 'beta_2': 0.20877183311472014, 'beta_3': 0.0009119312576094696, 'beta_4': 6.353591529694511, 'beta_5': 34.01566147319617, 'beta_6': 0.0438086598198607, 'beta_7': 0.022272915960238563, 'beta_8': 3.749649581113888e-05, 'beta_9': 5.746772265426697e-07}. Best is trial 691 with value: 6538.461030825155.Best trial: 691. Best value: 6538.46:  56%|█████▋    | 1125/2000 [2:49:23<2:04:23,  8.53s/it]Best trial: 691. Best value: 6538.46:  56%|█████▋    | 1125/2000 [2:49:23<2:04:23,  8.53s/it]Best trial: 691. Best value: 6538.46:  56%|█████▋    | 1126/2000 [2:49:23<2:07:27,  8.75s/it]                                                                                             Best trial: 691. Best value: 6538.46:  56%|█████▋    | 1126/2000 [2:49:32<2:07:27,  8.75s/it]Best trial: 691. Best value: 6538.46:  56%|█████▋    | 1126/2000 [2:49:32<2:07:27,  8.75s/it]Best trial: 691. Best value: 6538.46:  56%|█████▋    | 1127/2000 [2:49:32<2:09:31,  8.90s/it]                                                                                             Best trial: 691. Best value: 6538.46:  56%|█████▋    | 1127/2000 [2:49:41<2:09:31,  8.90s/it]Best trial: 691. Best value: 6538.46:  56%|█████▋    | 1127/2000 [2:49:41<2:09:31,  8.90s/it]Best trial: 691. Best value: 6538.46:  56%|█████▋    | 1128/2000 [2:49:41<2:10:56,  9.01s/it]                                                                                             Best trial: 691. Best value: 6538.46:  56%|█████▋    | 1128/2000 [2:49:51<2:10:56,  9.01s/it]Best trial: 691. Best value: 6538.46:  56%|█████▋    | 1128/2000 [2:49:51<2:10:56,  9.01s/it]Best trial: 691. Best value: 6538.46:  56%|█████▋    | 1129/2000 [2:49:51<2:12:17,  9.11s/it]                                                                                             Best trial: 691. Best value: 6538.46:  56%|█████▋    | 1129/2000 [2:50:00<2:12:17,  9.11s/it]Best trial: 691. Best value: 6538.46:  56%|█████▋    | 1129/2000 [2:50:00<2:12:17,  9.11s/it]Best trial: 691. Best value: 6538.46:  56%|█████▋    | 1130/2000 [2:50:00<2:12:50,  9.16s/it]                                                                                             Best trial: 691. Best value: 6538.46:  56%|█████▋    | 1130/2000 [2:50:09<2:12:50,  9.16s/it]Best trial: 691. Best value: 6538.46:  56%|█████▋    | 1130/2000 [2:50:09<2:12:50,  9.16s/it]Best trial: 691. Best value: 6538.46:  57%|█████▋    | 1131/2000 [2:50:09<2:13:19,  9.21s/it]                                                                                             Best trial: 691. Best value: 6538.46:  57%|█████▋    | 1131/2000 [2:50:18<2:13:19,  9.21s/it]Best trial: 691. Best value: 6538.46:  57%|█████▋    | 1131/2000 [2:50:18<2:13:19,  9.21s/it]Best trial: 691. Best value: 6538.46:  57%|█████▋    | 1132/2000 [2:50:18<2:13:19,  9.22s/it]                                                                                             Best trial: 691. Best value: 6538.46:  57%|█████▋    | 1132/2000 [2:50:28<2:13:19,  9.22s/it]Best trial: 691. Best value: 6538.46:  57%|█████▋    | 1132/2000 [2:50:28<2:13:19,  9.22s/it]Best trial: 691. Best value: 6538.46:  57%|█████▋    | 1133/2000 [2:50:28<2:13:58,  9.27s/it]                                                                                             Best trial: 691. Best value: 6538.46:  57%|█████▋    | 1133/2000 [2:50:37<2:13:58,  9.27s/it]Best trial: 691. Best value: 6538.46:  57%|█████▋    | 1133/2000 [2:50:37<2:13:58,  9.27s/it]Best trial: 691. Best value: 6538.46:  57%|█████▋    | 1134/2000 [2:50:37<2:13:45,  9.27s/it]                                                                                             Best trial: 691. Best value: 6538.46:  57%|█████▋    | 1134/2000 [2:50:46<2:13:45,  9.27s/it]Best trial: 691. Best value: 6538.46:  57%|█████▋    | 1134/2000 [2:50:46<2:13:45,  9.27s/it]Best trial: 691. Best value: 6538.46:  57%|█████▋    | 1135/2000 [2:50:46<2:13:44,  9.28s/it]                                                                                             Best trial: 691. Best value: 6538.46:  57%|█████▋    | 1135/2000 [2:50:56<2:13:44,  9.28s/it]Best trial: 691. Best value: 6538.46:  57%|█████▋    | 1135/2000 [2:50:56<2:13:44,  9.28s/it]Best trial: 691. Best value: 6538.46:  57%|█████▋    | 1136/2000 [2:50:56<2:13:45,  9.29s/it]                                                                                             Best trial: 691. Best value: 6538.46:  57%|█████▋    | 1136/2000 [2:51:05<2:13:45,  9.29s/it]Best trial: 691. Best value: 6538.46:  57%|█████▋    | 1136/2000 [2:51:05<2:13:45,  9.29s/it]Best trial: 691. Best value: 6538.46:  57%|█████▋    | 1137/2000 [2:51:05<2:13:30,  9.28s/it]                                                                                             Best trial: 691. Best value: 6538.46:  57%|█████▋    | 1137/2000 [2:51:14<2:13:30,  9.28s/it]Best trial: 691. Best value: 6538.46:  57%|█████▋    | 1137/2000 [2:51:14<2:13:30,  9.28s/it]Best trial: 691. Best value: 6538.46:  57%|█████▋    | 1138/2000 [2:51:14<2:13:26,  9.29s/it]                                                                                             Best trial: 691. Best value: 6538.46:  57%|█████▋    | 1138/2000 [2:51:23<2:13:26,  9.29s/it]Best trial: 691. Best value: 6538.46:  57%|█████▋    | 1138/2000 [2:51:23<2:13:26,  9.29s/it]Best trial: 691. Best value: 6538.46:  57%|█████▋    | 1139/2000 [2:51:23<2:12:55,  9.26s/it]                                                                                             Best trial: 691. Best value: 6538.46:  57%|█████▋    | 1139/2000 [2:51:33<2:12:55,  9.26s/it]Best trial: 691. Best value: 6538.46:  57%|█████▋    | 1139/2000 [2:51:33<2:12:55,  9.26s/it]Best trial: 691. Best value: 6538.46:  57%|█████▋    | 1140/2000 [2:51:33<2:12:29,  9.24s/it]                                                                                             
[I 2026-04-01 00:28:17,037] Trial 1126 finished with value: 6585.973642988769 and parameters: {'alpha_0': 0.0005003745858676597, 'alpha_1': 5.000087060643123e-05, 'alpha_2': 4.4200487094199567e-05, 'beta_0': 0.08204434550145447, 'beta_1': 5.162402264656852, 'beta_2': 0.22664479063303514, 'beta_3': 0.0010359719567171165, 'beta_4': 6.645154882835374, 'beta_5': 33.03444266971538, 'beta_6': 0.04218333519217632, 'beta_7': 0.015617732675977379, 'beta_8': 3.8903303129455595e-05, 'beta_9': 6.693557898361709e-07}. Best is trial 691 with value: 6538.461030825155.
[I 2026-04-01 00:28:26,299] Trial 1127 finished with value: 6791.070950169848 and parameters: {'alpha_0': 0.0006152362075098751, 'alpha_1': 5.6280454033978705e-05, 'alpha_2': 4.826880083482862e-05, 'beta_0': 0.08582914598521883, 'beta_1': 5.557367829680033, 'beta_2': 0.21067375153244003, 'beta_3': 0.0009396821040326766, 'beta_4': 6.49623253091336, 'beta_5': 34.71509328812855, 'beta_6': 0.04094103086436345, 'beta_7': 0.01625566958865638, 'beta_8': 3.941170611025968e-05, 'beta_9': 7.080835074621517e-07}. Best is trial 691 with value: 6538.461030825155.
[I 2026-04-01 00:28:35,651] Trial 1128 finished with value: 7019.773831529538 and parameters: {'alpha_0': 0.0006667709361525425, 'alpha_1': 5.316520906162584e-05, 'alpha_2': 4.2768417139248566e-05, 'beta_0': 0.09410092462006563, 'beta_1': 5.951619897536552, 'beta_2': 0.20561902104614246, 'beta_3': 0.0009686276485276828, 'beta_4': 6.887138265494121, 'beta_5': 31.927725422580213, 'beta_6': 0.04558926818065401, 'beta_7': 0.015417718921536597, 'beta_8': 3.998093617019279e-05, 'beta_9': 6.085160507241228e-07}. Best is trial 691 with value: 6538.461030825155.
[I 2026-04-01 00:28:44,926] Trial 1129 finished with value: 6598.848001650074 and parameters: {'alpha_0': 0.0007274408657145483, 'alpha_1': 5.917253406053725e-05, 'alpha_2': 4.5070303234029236e-05, 'beta_0': 0.09077868314887097, 'beta_1': 5.3414842067783175, 'beta_2': 0.20051630274133397, 'beta_3': 0.0008989817349165346, 'beta_4': 7.057383088861828, 'beta_5': 36.05875028994833, 'beta_6': 0.04209588497541621, 'beta_7': 0.015845467577342304, 'beta_8': 3.8706499931505595e-05, 'beta_9': 1.2724778598042154e-06}. Best is trial 691 with value: 6538.461030825155.
[I 2026-04-01 00:28:54,234] Trial 1130 finished with value: 7058.716682759454 and parameters: {'alpha_0': 0.0005872789667530427, 'alpha_1': 5.1694785469787794e-05, 'alpha_2': 0.00010632268770103627, 'beta_0': 0.07639118206629528, 'beta_1': 5.69886269952397, 'beta_2': 0.19673784104234954, 'beta_3': 0.0009999995871412275, 'beta_4': 6.385141477242679, 'beta_5': 32.52436840325776, 'beta_6': 0.043624623098823194, 'beta_7': 0.01648485881743463, 'beta_8': 3.8039001108376614e-05, 'beta_9': 5.057601270502274e-07}. Best is trial 691 with value: 6538.461030825155.
[I 2026-04-01 00:29:03,473] Trial 1131 finished with value: 6713.466244206806 and parameters: {'alpha_0': 0.0005374549414891162, 'alpha_1': 5.492734183333873e-05, 'alpha_2': 4.149246079963998e-05, 'beta_0': 0.08031168570626375, 'beta_1': 6.435784884312179, 'beta_2': 0.20736702125660467, 'beta_3': 0.000946596822859334, 'beta_4': 6.766470718973467, 'beta_5': 33.64797260559165, 'beta_6': 0.040956246543433716, 'beta_7': 0.016029893366046835, 'beta_8': 3.9035722618299184e-05, 'beta_9': 5.484803272252443e-07}. Best is trial 691 with value: 6538.461030825155.
[I 2026-04-01 00:29:12,877] Trial 1132 finished with value: 7334.544192663005 and parameters: {'alpha_0': 0.0006348322206780678, 'alpha_1': 5.1778228511640584e-05, 'alpha_2': 4.3855720849712826e-05, 'beta_0': 0.07088241133950575, 'beta_1': 6.095572409985564, 'beta_2': 0.20378549962216988, 'beta_3': 0.0009238295830646833, 'beta_4': 6.621944076776683, 'beta_5': 35.20242861377583, 'beta_6': 0.04284833376324542, 'beta_7': 0.015245165415215074, 'beta_8': 3.741551420248871e-05, 'beta_9': 6.542451662479714e-07}. Best is trial 691 with value: 6538.461030825155.
[I 2026-04-01 00:29:22,132] Trial 1133 finished with value: inf and parameters: {'alpha_0': 0.000699088744699027, 'alpha_1': 0.0001356668863704628, 'alpha_2': 4.6749693744027505e-05, 'beta_0': 0.09761820925681759, 'beta_1': 6.251962334546333, 'beta_2': 0.20990193734694015, 'beta_3': 0.000971239162413182, 'beta_4': 6.492180628479749, 'beta_5': 33.10997180687723, 'beta_6': 0.04434034692737829, 'beta_7': 0.0174888254732971, 'beta_8': 3.662288627479816e-05, 'beta_9': 7.054997766529566e-07}. Best is trial 691 with value: 6538.461030825155.
[I 2026-04-01 00:29:31,432] Trial 1134 finished with value: 6804.946530171399 and parameters: {'alpha_0': 0.0005658126617907107, 'alpha_1': 5.7034716399186796e-05, 'alpha_2': 4.127209823770475e-05, 'beta_0': 0.08517834628069576, 'beta_1': 6.6331156883596645, 'beta_2': 0.21305566064734935, 'beta_3': 0.0008812369959395091, 'beta_4': 6.246687767009866, 'beta_5': 34.262035342977256, 'beta_6': 0.042179445842713964, 'beta_7': 0.01560922308265172, 'beta_8': 3.942784445764804e-05, 'beta_9': 6.288607425610365e-07}. Best is trial 691 with value: 6538.461030825155.
[I 2026-04-01 00:29:40,747] Trial 1135 finished with value: 7030.625507240622 and parameters: {'alpha_0': 0.0006108233983932316, 'alpha_1': 5.3216507236316006e-05, 'alpha_2': 4.264831596796962e-05, 'beta_0': 0.09186060326381558, 'beta_1': 5.809538037987826, 'beta_2': 0.20555360341095755, 'beta_3': 0.0010180984936882516, 'beta_4': 6.702090783988052, 'beta_5': 35.759731541388895, 'beta_6': 0.0409980026830883, 'beta_7': 0.016865847963215722, 'beta_8': 3.835867791328185e-05, 'beta_9': 6.84134482638414e-07}. Best is trial 691 with value: 6538.461030825155.
[I 2026-04-01 00:29:50,015] Trial 1136 finished with value: 6556.45917064805 and parameters: {'alpha_0': 0.0006636160982884932, 'alpha_1': 5.487192955891709e-05, 'alpha_2': 0.00010290151433637276, 'beta_0': 0.1035825924110681, 'beta_1': 6.022090749098824, 'beta_2': 0.20811260157338315, 'beta_3': 0.0009420633544401341, 'beta_4': 6.5536876587807225, 'beta_5': 36.74699730649847, 'beta_6': 0.04320045537216001, 'beta_7': 0.015775057909914365, 'beta_8': 3.901821406374187e-05, 'beta_9': 5.899182449836426e-07}. Best is trial 691 with value: 6538.461030825155.
[I 2026-04-01 00:29:59,317] Trial 1137 finished with value: 6847.898080476953 and parameters: {'alpha_0': 0.0007906111020191367, 'alpha_1': 5.858695288999418e-05, 'alpha_2': 0.00010365287077007596, 'beta_0': 0.10585831066910129, 'beta_1': 6.396644407927112, 'beta_2': 0.21497358185871293, 'beta_3': 0.0009877155563146652, 'beta_4': 6.408470985348933, 'beta_5': 36.95172842483909, 'beta_6': 0.045846556214710156, 'beta_7': 0.016330989210942747, 'beta_8': 3.942730136472405e-05, 'beta_9': 5.731563154017003e-07}. Best is trial 691 with value: 6538.461030825155.
[I 2026-04-01 00:30:08,521] Trial 1138 finished with value: 6757.828785459253 and parameters: {'alpha_0': 0.0007517083026514137, 'alpha_1': 5.94157041241379e-05, 'alpha_2': 0.00010665719125487352, 'beta_0': 0.1050366100698451, 'beta_1': 6.195312511211263, 'beta_2': 0.210235145144819, 'beta_3': 0.0009557419206012119, 'beta_4': 6.5551536827573695, 'beta_5': 36.35018878870194, 'beta_6': 0.04487132588278146, 'beta_7': 0.015986094178457682, 'beta_8': 3.997942071978404e-05, 'beta_9': 5.320123974524275e-07}. Best is trial 691 with value: 6538.461030825155.
[I 2026-04-01 00:30:17,721] Trial 1139 finished with value: 6621.831210780874 and parameters: {'alpha_0': 0.0006791643842408546, 'alpha_1': 5.5760722645638304e-05, 'alpha_2': 0.00010926972673705512, 'beta_0': 0.09962067368080743, 'beta_1': 6.096353819808098, 'beta_2': 0.20901280924575663, 'beta_3': 0.0009089803957614785, 'beta_4': 6.486326229245269, 'beta_5': 36.21273725875648, 'beta_6': 0.04504418431514573, 'beta_7': 0.015776890982448385, 'beta_8': 3.999846434142838e-05, 'beta_9': 6.004640824470518e-07}. Best is trial 691 with value: 6538.461030825155.
