[I 2026-04-01 09:35:22,255] Trial 1365 finished with value: 6599.9022789842475 and parameters: {'alpha_0': 0.00070922552163471, 'alpha_1': 5.1960379146427284e-05, 'alpha_2': 4.43155066106803e-05, 'beta_0': 0.06635048895666877, 'beta_1': 5.42125213727587, 'beta_2': 0.23765217235130265, 'beta_3': 0.000849492187964241, 'beta_4': 5.990783007288907, 'beta_5': 35.81964066185311, 'beta_6': 0.04380977294144647, 'beta_7': 0.015947795476267186, 'beta_8': 3.775098693825691e-05, 'beta_9': 5.251060414704788e-07}. Best is trial 691 with value: 6538.461030825155.Best trial: 691. Best value: 6538.46:  68%|██████▊   | 1365/2000 [11:56:37<1:38:17,  9.29s/it]Best trial: 691. Best value: 6538.46:  68%|██████▊   | 1365/2000 [11:56:37<1:38:17,  9.29s/it]Best trial: 691. Best value: 6538.46:  68%|██████▊   | 1366/2000 [11:56:37<1:38:12,  9.29s/it]                                                                                              Best trial: 691. Best value: 6538.46:  68%|██████▊   | 1366/2000 [11:56:46<1:38:12,  9.29s/it]Best trial: 691. Best value: 6538.46:  68%|██████▊   | 1366/2000 [11:56:46<1:38:12,  9.29s/it]Best trial: 691. Best value: 6538.46:  68%|██████▊   | 1367/2000 [11:56:46<1:37:49,  9.27s/it]                                                                                              Best trial: 691. Best value: 6538.46:  68%|██████▊   | 1367/2000 [11:56:56<1:37:49,  9.27s/it]Best trial: 691. Best value: 6538.46:  68%|██████▊   | 1367/2000 [11:56:56<1:37:49,  9.27s/it]Best trial: 691. Best value: 6538.46:  68%|██████▊   | 1368/2000 [11:56:56<1:37:43,  9.28s/it]                                                                                              Best trial: 691. Best value: 6538.46:  68%|██████▊   | 1368/2000 [11:57:05<1:37:43,  9.28s/it]Best trial: 691. Best value: 6538.46:  68%|██████▊   | 1368/2000 [11:57:05<1:37:43,  9.28s/it]Best trial: 691. Best value: 6538.46:  68%|██████▊   | 1369/2000 [11:57:05<1:37:37,  9.28s/it]                                                                                              Best trial: 691. Best value: 6538.46:  68%|██████▊   | 1369/2000 [11:57:14<1:37:37,  9.28s/it]Best trial: 691. Best value: 6538.46:  68%|██████▊   | 1369/2000 [11:57:14<1:37:37,  9.28s/it]Best trial: 691. Best value: 6538.46:  68%|██████▊   | 1370/2000 [11:57:14<1:37:33,  9.29s/it]                                                                                              Best trial: 691. Best value: 6538.46:  68%|██████▊   | 1370/2000 [11:57:24<1:37:33,  9.29s/it]Best trial: 691. Best value: 6538.46:  68%|██████▊   | 1370/2000 [11:57:24<1:37:33,  9.29s/it]Best trial: 691. Best value: 6538.46:  69%|██████▊   | 1371/2000 [11:57:24<1:37:33,  9.31s/it]                                                                                              Best trial: 691. Best value: 6538.46:  69%|██████▊   | 1371/2000 [11:57:33<1:37:33,  9.31s/it]Best trial: 691. Best value: 6538.46:  69%|██████▊   | 1371/2000 [11:57:33<1:37:33,  9.31s/it]Best trial: 691. Best value: 6538.46:  69%|██████▊   | 1372/2000 [11:57:33<1:37:24,  9.31s/it]                                                                                              Best trial: 691. Best value: 6538.46:  69%|██████▊   | 1372/2000 [11:57:42<1:37:24,  9.31s/it]Best trial: 691. Best value: 6538.46:  69%|██████▊   | 1372/2000 [11:57:42<1:37:24,  9.31s/it]Best trial: 691. Best value: 6538.46:  69%|██████▊   | 1373/2000 [11:57:42<1:37:05,  9.29s/it]                                                                                              Best trial: 691. Best value: 6538.46:  69%|██████▊   | 1373/2000 [11:57:51<1:37:05,  9.29s/it]Best trial: 691. Best value: 6538.46:  69%|██████▊   | 1373/2000 [11:57:51<1:37:05,  9.29s/it]Best trial: 691. Best value: 6538.46:  69%|██████▊   | 1374/2000 [11:57:51<1:36:44,  9.27s/it]                                                                                              Best trial: 691. Best value: 6538.46:  69%|██████▊   | 1374/2000 [11:58:01<1:36:44,  9.27s/it]Best trial: 691. Best value: 6538.46:  69%|██████▊   | 1374/2000 [11:58:01<1:36:44,  9.27s/it]Best trial: 691. Best value: 6538.46:  69%|██████▉   | 1375/2000 [11:58:01<1:36:43,  9.29s/it]                                                                                              Best trial: 691. Best value: 6538.46:  69%|██████▉   | 1375/2000 [11:58:10<1:36:43,  9.29s/it]Best trial: 691. Best value: 6538.46:  69%|██████▉   | 1375/2000 [11:58:10<1:36:43,  9.29s/it]Best trial: 691. Best value: 6538.46:  69%|██████▉   | 1376/2000 [11:58:10<1:36:57,  9.32s/it]                                                                                              Best trial: 691. Best value: 6538.46:  69%|██████▉   | 1376/2000 [11:58:19<1:36:57,  9.32s/it]Best trial: 691. Best value: 6538.46:  69%|██████▉   | 1376/2000 [11:58:19<1:36:57,  9.32s/it]Best trial: 691. Best value: 6538.46:  69%|██████▉   | 1377/2000 [11:58:19<1:36:42,  9.31s/it]                                                                                              Best trial: 691. Best value: 6538.46:  69%|██████▉   | 1377/2000 [11:58:29<1:36:42,  9.31s/it]Best trial: 691. Best value: 6538.46:  69%|██████▉   | 1377/2000 [11:58:29<1:36:42,  9.31s/it]Best trial: 691. Best value: 6538.46:  69%|██████▉   | 1378/2000 [11:58:29<1:36:40,  9.33s/it]                                                                                              Best trial: 691. Best value: 6538.46:  69%|██████▉   | 1378/2000 [11:58:38<1:36:40,  9.33s/it]Best trial: 691. Best value: 6538.46:  69%|██████▉   | 1378/2000 [11:58:38<1:36:40,  9.33s/it]Best trial: 691. Best value: 6538.46:  69%|██████▉   | 1379/2000 [11:58:38<1:36:23,  9.31s/it]                                                                                              Best trial: 691. Best value: 6538.46:  69%|██████▉   | 1379/2000 [11:58:47<1:36:23,  9.31s/it]Best trial: 691. Best value: 6538.46:  69%|██████▉   | 1379/2000 [11:58:47<1:36:23,  9.31s/it]Best trial: 691. Best value: 6538.46:  69%|██████▉   | 1380/2000 [11:58:47<1:36:15,  9.32s/it]                                                                                              
[I 2026-04-01 09:35:31,477] Trial 1366 finished with value: inf and parameters: {'alpha_0': 0.0006289376166846079, 'alpha_1': 5.6230391116517186e-05, 'alpha_2': 4.140250094133428e-05, 'beta_0': 0.07718420157462393, 'beta_1': 6.578662224293902, 'beta_2': 0.2180845525105114, 'beta_3': 0.0008984407514608215, 'beta_4': 7.727120483968584, 'beta_5': 32.21713436862431, 'beta_6': 0.041069978507183136, 'beta_7': 0.020495193004533282, 'beta_8': 3.6992672008024464e-05, 'beta_9': 6.727415120230614e-07}. Best is trial 691 with value: 6538.461030825155.
[I 2026-04-01 09:35:40,766] Trial 1367 finished with value: 6725.836033207108 and parameters: {'alpha_0': 0.0005840280406677695, 'alpha_1': 5.3165845806665954e-05, 'alpha_2': 4.278277432379953e-05, 'beta_0': 0.08872189313493689, 'beta_1': 5.913200440364911, 'beta_2': 0.21188276789784194, 'beta_3': 0.0009651517456661642, 'beta_4': 6.212263965397481, 'beta_5': 33.42973105539391, 'beta_6': 0.04289188118103867, 'beta_7': 0.015619546303143444, 'beta_8': 3.94578401538768e-05, 'beta_9': 7.225505603017225e-07}. Best is trial 691 with value: 6538.461030825155.
[I 2026-04-01 09:35:50,062] Trial 1368 finished with value: 7270.936514326173 and parameters: {'alpha_0': 0.000663691651872414, 'alpha_1': 5.1685298681008126e-05, 'alpha_2': 4.47441607149887e-05, 'beta_0': 0.09962087128279315, 'beta_1': 5.637599301482225, 'beta_2': 0.24099519154504567, 'beta_3': 0.0010359521007389976, 'beta_4': 6.507445543905469, 'beta_5': 35.192200172927684, 'beta_6': 0.048055770877314885, 'beta_7': 0.016701634882548014, 'beta_8': 3.850628780094029e-05, 'beta_9': 7.489319685112234e-07}. Best is trial 691 with value: 6538.461030825155.
[I 2026-04-01 09:35:59,371] Trial 1369 finished with value: 6770.300109928265 and parameters: {'alpha_0': 0.0006165958173238574, 'alpha_1': 5.004302483328329e-05, 'alpha_2': 4.151839696274713e-05, 'beta_0': 0.09506055392071106, 'beta_1': 6.775746267634398, 'beta_2': 0.2140129961832074, 'beta_3': 0.0009246713395985101, 'beta_4': 6.283004000557862, 'beta_5': 36.46421638555951, 'beta_6': 0.04105783989753825, 'beta_7': 0.016265232758642903, 'beta_8': 3.905394004157898e-05, 'beta_9': 7.026486725290408e-07}. Best is trial 691 with value: 6538.461030825155.
[I 2026-04-01 09:36:08,714] Trial 1370 finished with value: 7017.787245620973 and parameters: {'alpha_0': 0.0005749106396209478, 'alpha_1': 5.505890220026232e-05, 'alpha_2': 4.2878145509060996e-05, 'beta_0': 0.10984481854287254, 'beta_1': 6.426616773554539, 'beta_2': 0.2108630828757575, 'beta_3': 0.000990509104940594, 'beta_4': 6.45295266455962, 'beta_5': 32.74827414490609, 'beta_6': 0.04231046581260826, 'beta_7': 0.015406859523669767, 'beta_8': 3.803667814071417e-05, 'beta_9': 6.621457346229289e-07}. Best is trial 691 with value: 6538.461030825155.
[I 2026-04-01 09:36:18,019] Trial 1371 finished with value: 6815.783363429873 and parameters: {'alpha_0': 0.0007002243973279741, 'alpha_1': 5.966515978467541e-05, 'alpha_2': 4.4913807478687134e-05, 'beta_0': 0.07369224757939932, 'beta_1': 7.18037189860625, 'beta_2': 0.22146362872022024, 'beta_3': 0.0011173542657263108, 'beta_4': 7.9932855274260355, 'beta_5': 33.61424546549473, 'beta_6': 0.04414389143490142, 'beta_7': 0.01604294782836334, 'beta_8': 3.9484513193722066e-05, 'beta_9': 1.5512701733765396e-06}. Best is trial 691 with value: 6538.461030825155.
[I 2026-04-01 09:36:27,275] Trial 1372 finished with value: inf and parameters: {'alpha_0': 0.0006453471068711454, 'alpha_1': 5.77789061479115e-05, 'alpha_2': 4.108679443637817e-05, 'beta_0': 0.08224949717826545, 'beta_1': 6.049188127842549, 'beta_2': 0.2100940995224338, 'beta_3': 0.0008687290340323353, 'beta_4': 6.544406642815647, 'beta_5': 36.901276009800874, 'beta_6': 0.04536770223582601, 'beta_7': 0.017188972352979802, 'beta_8': 3.852435274272479e-05, 'beta_9': 7.778599070919595e-07}. Best is trial 691 with value: 6538.461030825155.
[I 2026-04-01 09:36:36,504] Trial 1373 finished with value: 6634.2916671458215 and parameters: {'alpha_0': 0.000564156404048157, 'alpha_1': 7.809239526305762e-05, 'alpha_2': 4.299381258167727e-05, 'beta_0': 0.1173304182604256, 'beta_1': 5.853540809508431, 'beta_2': 0.21312028673563263, 'beta_3': 0.0009471024490679825, 'beta_4': 6.3506378930112675, 'beta_5': 31.81330438090563, 'beta_6': 0.043012690549507945, 'beta_7': 0.015797566426940118, 'beta_8': 3.903909319872446e-05, 'beta_9': 1.5171163476509973e-06}. Best is trial 691 with value: 6538.461030825155.
[I 2026-04-01 09:36:45,823] Trial 1374 finished with value: 6749.556374541862 and parameters: {'alpha_0': 0.0006073772491947352, 'alpha_1': 5.3447878288511985e-05, 'alpha_2': 4.0069738393012274e-05, 'beta_0': 0.0910321540302023, 'beta_1': 5.031761189327725, 'beta_2': 0.20938023888111337, 'beta_3': 0.0010097479946202014, 'beta_4': 6.129345869052795, 'beta_5': 34.76538279000881, 'beta_6': 0.04104889034489795, 'beta_7': 0.015496816590660068, 'beta_8': 2.0183393653590756e-05, 'beta_9': 6.590611069181171e-07}. Best is trial 691 with value: 6538.461030825155.
[I 2026-04-01 09:36:55,233] Trial 1375 finished with value: 6778.527294352783 and parameters: {'alpha_0': 0.0007202401357118995, 'alpha_1': 5.5014145227881653e-05, 'alpha_2': 4.001965219220563e-05, 'beta_0': 0.08645133186553465, 'beta_1': 6.3037187839740545, 'beta_2': 0.21170601066613562, 'beta_3': 0.0008899398658562851, 'beta_4': 6.578590627224095, 'beta_5': 25.66038778381365, 'beta_6': 0.04229714450196898, 'beta_7': 0.016272821840971022, 'beta_8': 3.747963858567814e-05, 'beta_9': 7.50720267205729e-07}. Best is trial 691 with value: 6538.461030825155.
[I 2026-04-01 09:37:04,525] Trial 1376 finished with value: 6581.754485066232 and parameters: {'alpha_0': 0.0006717274110338263, 'alpha_1': 5.0058425643994423e-05, 'alpha_2': 6.691451316062744e-05, 'beta_0': 0.09629804812345101, 'beta_1': 5.554323223654416, 'beta_2': 0.2098867755213905, 'beta_3': 0.0009233376854264491, 'beta_4': 6.416019185249095, 'beta_5': 35.82610252682818, 'beta_6': 0.04004337986668346, 'beta_7': 0.015808625101591672, 'beta_8': 3.948814101420013e-05, 'beta_9': 7.084937312717121e-07}. Best is trial 691 with value: 6538.461030825155.
[I 2026-04-01 09:37:13,878] Trial 1377 finished with value: 6714.78174016168 and parameters: {'alpha_0': 0.0006278663059965195, 'alpha_1': 5.1993539854764125e-05, 'alpha_2': 4.457829140263118e-05, 'beta_0': 0.07966779241664175, 'beta_1': 6.069699839657198, 'beta_2': 0.21541636191294705, 'beta_3': 0.0009710917457655497, 'beta_4': 6.259771771772853, 'beta_5': 34.11218384499999, 'beta_6': 0.043994257786904994, 'beta_7': 0.01603248976930921, 'beta_8': 3.995252577729059e-05, 'beta_9': 1.2402245035909512e-06}. Best is trial 691 with value: 6538.461030825155.
[I 2026-04-01 09:37:23,164] Trial 1378 finished with value: 7208.308112817835 and parameters: {'alpha_0': 0.000762698448369265, 'alpha_1': 5.6921606261434616e-05, 'alpha_2': 0.00010536993274180805, 'beta_0': 0.10151667151638978, 'beta_1': 6.627673639102445, 'beta_2': 0.2089185993273745, 'beta_3': 0.0009500842896675727, 'beta_4': 6.5265726814748515, 'beta_5': 32.57307791836114, 'beta_6': 0.041679464120462986, 'beta_7': 0.015295162079183066, 'beta_8': 2.737362611880653e-05, 'beta_9': 8.17447018943059e-07}. Best is trial 691 with value: 6538.461030825155.
[I 2026-04-01 09:37:32,484] Trial 1379 finished with value: 7070.599053578344 and parameters: {'alpha_0': 0.0005645356346523633, 'alpha_1': 5.311978863025964e-05, 'alpha_2': 4.2769958381022e-05, 'beta_0': 0.09085629687250373, 'beta_1': 5.3140252182304835, 'beta_2': 0.23182355080671227, 'beta_3': 0.000906966410155225, 'beta_4': 6.357774923120944, 'beta_5': 33.24461020099834, 'beta_6': 0.04316696715930922, 'beta_7': 0.01652995508492415, 'beta_8': 3.806488038150019e-05, 'beta_9': 6.834432644744082e-07}. Best is trial 691 with value: 6538.461030825155.
[I 2026-04-01 09:37:41,850] Trial 1380 finished with value: 6595.419057755444 and parameters: {'alpha_0': 0.0006837391468717718, 'alpha_1': 5.4513027440096336e-05, 'alpha_2': 4.5383696096813074e-05, 'beta_0': 0.0858492492731744, 'beta_1': 5.762230356957113, 'beta_2': 0.23493802645671785, 'beta_3': 0.000987111124785832, 'beta_4': 6.628544947032297, 'beta_5': 35.36469316966271, 'beta_6': 0.0410370292398198, 'beta_7': 0.01566700615855573, 'beta_8': 3.885021323871965e-05, 'beta_9': 5.445093761950122e-07}. Best is trial 691 with value: 6538.461030825155.Best trial: 691. Best value: 6538.46:  69%|██████▉   | 1380/2000 [11:58:57<1:36:15,  9.32s/it]Best trial: 691. Best value: 6538.46:  69%|██████▉   | 1380/2000 [11:58:57<1:36:15,  9.32s/it]Best trial: 691. Best value: 6538.46:  69%|██████▉   | 1381/2000 [11:58:57<1:36:15,  9.33s/it]                                                                                              Best trial: 691. Best value: 6538.46:  69%|██████▉   | 1381/2000 [11:59:06<1:36:15,  9.33s/it]Best trial: 691. Best value: 6538.46:  69%|██████▉   | 1381/2000 [11:59:06<1:36:15,  9.33s/it]Best trial: 691. Best value: 6538.46:  69%|██████▉   | 1382/2000 [11:59:06<1:36:01,  9.32s/it]                                                                                              Best trial: 691. Best value: 6538.46:  69%|██████▉   | 1382/2000 [11:59:15<1:36:01,  9.32s/it]Best trial: 691. Best value: 6538.46:  69%|██████▉   | 1382/2000 [11:59:15<1:36:01,  9.32s/it]Best trial: 691. Best value: 6538.46:  69%|██████▉   | 1383/2000 [11:59:15<1:35:52,  9.32s/it]                                                                                              Best trial: 691. Best value: 6538.46:  69%|██████▉   | 1383/2000 [11:59:25<1:35:52,  9.32s/it]Best trial: 691. Best value: 6538.46:  69%|██████▉   | 1383/2000 [11:59:25<1:35:52,  9.32s/it]Best trial: 691. Best value: 6538.46:  69%|██████▉   | 1384/2000 [11:59:25<1:35:57,  9.35s/it]                                                                                              Best trial: 691. Best value: 6538.46:  69%|██████▉   | 1384/2000 [11:59:34<1:35:57,  9.35s/it]Best trial: 691. Best value: 6538.46:  69%|██████▉   | 1384/2000 [11:59:34<1:35:57,  9.35s/it]Best trial: 691. Best value: 6538.46:  69%|██████▉   | 1385/2000 [11:59:34<1:35:53,  9.35s/it]                                                                                              Best trial: 691. Best value: 6538.46:  69%|██████▉   | 1385/2000 [11:59:43<1:35:53,  9.35s/it]Best trial: 691. Best value: 6538.46:  69%|██████▉   | 1385/2000 [11:59:43<1:35:53,  9.35s/it]Best trial: 691. Best value: 6538.46:  69%|██████▉   | 1386/2000 [11:59:43<1:35:25,  9.33s/it]                                                                                              Best trial: 691. Best value: 6538.46:  69%|██████▉   | 1386/2000 [11:59:46<1:35:25,  9.33s/it]Best trial: 691. Best value: 6538.46:  69%|██████▉   | 1386/2000 [11:59:46<1:35:25,  9.33s/it]Best trial: 691. Best value: 6538.46:  69%|██████▉   | 1387/2000 [11:59:46<1:15:40,  7.41s/it]                                                                                              Best trial: 691. Best value: 6538.46:  69%|██████▉   | 1387/2000 [11:59:56<1:15:40,  7.41s/it]Best trial: 691. Best value: 6538.46:  69%|██████▉   | 1387/2000 [11:59:56<1:15:40,  7.41s/it]Best trial: 691. Best value: 6538.46:  69%|██████▉   | 1388/2000 [11:59:56<1:20:59,  7.94s/it]                                                                                              Best trial: 691. Best value: 6538.46:  69%|██████▉   | 1388/2000 [12:00:05<1:20:59,  7.94s/it]Best trial: 691. Best value: 6538.46:  69%|██████▉   | 1388/2000 [12:00:05<1:20:59,  7.94s/it]Best trial: 691. Best value: 6538.46:  69%|██████▉   | 1389/2000 [12:00:05<1:25:04,  8.35s/it]                                                                                              Best trial: 691. Best value: 6538.46:  69%|██████▉   | 1389/2000 [12:00:14<1:25:04,  8.35s/it]Best trial: 691. Best value: 6538.46:  69%|██████▉   | 1389/2000 [12:00:14<1:25:04,  8.35s/it]Best trial: 691. Best value: 6538.46:  70%|██████▉   | 1390/2000 [12:00:14<1:27:29,  8.61s/it]                                                                                              Best trial: 691. Best value: 6538.46:  70%|██████▉   | 1390/2000 [12:00:23<1:27:29,  8.61s/it]Best trial: 691. Best value: 6538.46:  70%|██████▉   | 1390/2000 [12:00:23<1:27:29,  8.61s/it]Best trial: 691. Best value: 6538.46:  70%|██████▉   | 1391/2000 [12:00:23<1:29:02,  8.77s/it]                                                                                              Best trial: 691. Best value: 6538.46:  70%|██████▉   | 1391/2000 [12:00:33<1:29:02,  8.77s/it]Best trial: 691. Best value: 6538.46:  70%|██████▉   | 1391/2000 [12:00:33<1:29:02,  8.77s/it]Best trial: 691. Best value: 6538.46:  70%|██████▉   | 1392/2000 [12:00:33<1:30:23,  8.92s/it]                                                                                              Best trial: 691. Best value: 6538.46:  70%|██████▉   | 1392/2000 [12:00:42<1:30:23,  8.92s/it]Best trial: 691. Best value: 6538.46:  70%|██████▉   | 1392/2000 [12:00:42<1:30:23,  8.92s/it]Best trial: 691. Best value: 6538.46:  70%|██████▉   | 1393/2000 [12:00:42<1:31:23,  9.03s/it]                                                                                              Best trial: 691. Best value: 6538.46:  70%|██████▉   | 1393/2000 [12:00:51<1:31:23,  9.03s/it]Best trial: 691. Best value: 6538.46:  70%|██████▉   | 1393/2000 [12:00:51<1:31:23,  9.03s/it]Best trial: 691. Best value: 6538.46:  70%|██████▉   | 1394/2000 [12:00:51<1:31:55,  9.10s/it]                                                                                              Best trial: 691. Best value: 6538.46:  70%|██████▉   | 1394/2000 [12:01:00<1:31:55,  9.10s/it]Best trial: 691. Best value: 6538.46:  70%|██████▉   | 1394/2000 [12:01:00<1:31:55,  9.10s/it]Best trial: 691. Best value: 6538.46:  70%|██████▉   | 1395/2000 [12:01:00<1:32:28,  9.17s/it]                                                                                              
[I 2026-04-01 09:37:51,153] Trial 1381 finished with value: 6781.3283240156625 and parameters: {'alpha_0': 0.0005943106727888416, 'alpha_1': 5.2001923347428314e-05, 'alpha_2': 4.138247972257641e-05, 'beta_0': 0.06694007509637064, 'beta_1': 6.209693238749161, 'beta_2': 0.21258170070619475, 'beta_3': 0.0010457288578512346, 'beta_4': 6.464831536363739, 'beta_5': 34.40696835630904, 'beta_6': 0.045311029753401226, 'beta_7': 0.016052220425948668, 'beta_8': 3.853770067920083e-05, 'beta_9': 6.387756502397832e-07}. Best is trial 691 with value: 6538.461030825155.
[I 2026-04-01 09:38:00,480] Trial 1382 finished with value: 6677.727437371166 and parameters: {'alpha_0': 0.0006410101263099966, 'alpha_1': 6.098818081847707e-05, 'alpha_2': 4.3493564602731774e-05, 'beta_0': 0.10501331381991985, 'beta_1': 6.516964881680824, 'beta_2': 0.20890428683534404, 'beta_3': 0.0010169335366536126, 'beta_4': 7.396454440734083, 'beta_5': 31.267709507822556, 'beta_6': 0.0467407724201091, 'beta_7': 0.01556157657101416, 'beta_8': 3.6762404934906086e-05, 'beta_9': 5.059208056448448e-07}. Best is trial 691 with value: 6538.461030825155.
