[I 2026-03-31 23:52:34,190] Trial 889 finished with value: 7118.445844553613 and parameters: {'alpha_0': 0.0007159941756275924, 'alpha_1': 5.507862691142125e-05, 'alpha_2': 4.152341854811761e-05, 'beta_0': 0.0902179475422373, 'beta_1': 6.543639273467837, 'beta_2': 0.21072489549664075, 'beta_3': 0.0009621648788269826, 'beta_4': 6.735416751606589, 'beta_5': 32.23888357404507, 'beta_6': 0.041150408019977616, 'beta_7': 0.016864244809950843, 'beta_8': 3.996373632511901e-05, 'beta_9': 7.596548239714516e-07}. Best is trial 691 with value: 6538.461030825155.
[I 2026-03-31 23:52:43,463] Trial 890 finished with value: 6575.813528974357 and parameters: {'alpha_0': 0.0005024729789790618, 'alpha_1': 5.000495586576975e-05, 'alpha_2': 4.418101427669385e-05, 'beta_0': 0.13496189646459653, 'beta_1': 6.785796427036884, 'beta_2': 0.223460564203026, 'beta_3': 0.0009358525958622615, 'beta_4': 7.850025049298419, 'beta_5': 33.7287267279753, 'beta_6': 0.043578300853946504, 'beta_7': 0.015757538806256178, 'beta_8': 3.6349837425115506e-05, 'beta_9': 7.003360563791304e-07}. Best is trial 691 with value: 6538.461030825155.
[I 2026-03-31 23:52:52,837] Trial 891 finished with value: 7237.8093298243 and parameters: {'alpha_0': 0.0005135110365361916, 'alpha_1': 5.007293180573017e-05, 'alpha_2': 4.697036802838088e-05, 'beta_0': 0.1262161442758121, 'beta_1': 11.139880579381057, 'beta_2': 0.2337267621352001, 'beta_3': 0.0009384595463812332, 'beta_4': 7.927350762030434, 'beta_5': 34.18280901492082, 'beta_6': 0.04315555323171715, 'beta_7': 0.015271181447197342, 'beta_8': 3.709869563536334e-05, 'beta_9': 7.036809249022474e-07}. Best is trial 691 with value: 6538.461030825155.
[I 2026-03-31 23:53:02,230] Trial 892 finished with value: 7460.668039282988 and parameters: {'alpha_0': 0.0005276966213714819, 'alpha_1': 5.1528747473652125e-05, 'alpha_2': 4.573195447877405e-05, 'beta_0': 0.1526343653695975, 'beta_1': 10.606518895335588, 'beta_2': 0.22100986356411703, 'beta_3': 0.0008997446718959698, 'beta_4': 7.7944264750553005, 'beta_5': 35.03621579944351, 'beta_6': 0.040048385714764795, 'beta_7': 0.015016138626273528, 'beta_8': 3.640083514643819e-05, 'beta_9': 6.855622062285101e-07}. Best is trial 691 with value: 6538.461030825155.
[I 2026-03-31 23:53:11,606] Trial 893 finished with value: 6662.446247570901 and parameters: {'alpha_0': 0.0005340919321328341, 'alpha_1': 5.2374110941714925e-05, 'alpha_2': 4.460201894354236e-05, 'beta_0': 0.15984668287286338, 'beta_1': 10.860234068047955, 'beta_2': 0.22399211606632824, 'beta_3': 0.00092833913997286, 'beta_4': 7.835907726865313, 'beta_5': 33.752809673108594, 'beta_6': 0.04194691496708344, 'beta_7': 0.015631292626857553, 'beta_8': 3.7133273521782153e-05, 'beta_9': 7.176410683880839e-07}. Best is trial 691 with value: 6538.461030825155.
[I 2026-03-31 23:53:20,748] Trial 894 finished with value: 6616.222098251853 and parameters: {'alpha_0': 0.0005556806842407307, 'alpha_1': 5.182567260156903e-05, 'alpha_2': 4.6850336187844246e-05, 'beta_0': 0.12312951329485797, 'beta_1': 6.843429431094533, 'beta_2': 0.2327403039219943, 'beta_3': 0.0009461615598711667, 'beta_4': 7.889734099764356, 'beta_5': 34.6319427240269, 'beta_6': 0.04405093459969652, 'beta_7': 0.01577595326290892, 'beta_8': 3.618332340487523e-05, 'beta_9': 6.56309306662924e-07}. Best is trial 691 with value: 6538.461030825155.
[I 2026-03-31 23:53:30,055] Trial 895 finished with value: 7250.801569205036 and parameters: {'alpha_0': 0.001576241326408016, 'alpha_1': 5.000655046693564e-05, 'alpha_2': 4.477280900041621e-05, 'beta_0': 0.17750548663817237, 'beta_1': 10.789109760870092, 'beta_2': 0.23003595464361087, 'beta_3': 0.0009717643426444589, 'beta_4': 6.596644874341024, 'beta_5': 33.737142809723785, 'beta_6': 0.04203786961699636, 'beta_7': 0.015279943862234864, 'beta_8': 3.616103848325523e-05, 'beta_9': 7.347092595630936e-07}. Best is trial 691 with value: 6538.461030825155.
[I 2026-03-31 23:53:39,255] Trial 896 finished with value: 6625.556718750206 and parameters: {'alpha_0': 0.0016962084600673716, 'alpha_1': 5.000695970331982e-05, 'alpha_2': 4.364153760933017e-05, 'beta_0': 0.135134099941879, 'beta_1': 6.840266168542101, 'beta_2': 0.23531523778677482, 'beta_3': 0.0009111048159876175, 'beta_4': 7.555392480130573, 'beta_5': 34.289004564875675, 'beta_6': 0.04312066949925162, 'beta_7': 0.01596221710467413, 'beta_8': 1.3071793221073116e-05, 'beta_9': 6.073329943417202e-07}. Best is trial 691 with value: 6538.461030825155.
[I 2026-03-31 23:53:48,601] Trial 897 finished with value: 6825.521320646929 and parameters: {'alpha_0': 0.0005034432234021402, 'alpha_1': 5.312149400402805e-05, 'alpha_2': 4.7629757609265884e-05, 'beta_0': 0.1692503759300054, 'beta_1': 6.6907452557955915, 'beta_2': 0.22386377306639854, 'beta_3': 0.0008848137103865362, 'beta_4': 7.885501558259047, 'beta_5': 33.379487285086086, 'beta_6': 0.08834588109046246, 'beta_7': 0.015578703820689392, 'beta_8': 3.684241090867604e-05, 'beta_9': 6.88549530609105e-07}. Best is trial 691 with value: 6538.461030825155.
[I 2026-03-31 23:53:57,882] Trial 898 finished with value: 6741.2632559636295 and parameters: {'alpha_0': 0.0005071081483335665, 'alpha_1': 5.213975548445704e-05, 'alpha_2': 4.3300315161984376e-05, 'beta_0': 0.10924943099045525, 'beta_1': 11.060626126563639, 'beta_2': 0.21523564051938152, 'beta_3': 0.0009491524572520798, 'beta_4': 7.852739474791508, 'beta_5': 35.557653475668644, 'beta_6': 0.04100612550944185, 'beta_7': 0.016001778268042787, 'beta_8': 3.6455452083970766e-05, 'beta_9': 6.611727844647843e-07}. Best is trial 691 with value: 6538.461030825155.
[I 2026-03-31 23:54:07,235] Trial 899 finished with value: 6802.918078595297 and parameters: {'alpha_0': 0.0005685867939421136, 'alpha_1': 5.3917704595966735e-05, 'alpha_2': 4.562111709540776e-05, 'beta_0': 0.10171790541831702, 'beta_1': 6.630309263428221, 'beta_2': 0.20933771746246427, 'beta_3': 0.0009721963749522081, 'beta_4': 6.470952946112898, 'beta_5': 33.86745382193579, 'beta_6': 0.04492419640345857, 'beta_7': 0.015508385683405838, 'beta_8': 3.7732039363182165e-05, 'beta_9': 7.56977611381591e-07}. Best is trial 691 with value: 6538.461030825155.
[I 2026-03-31 23:54:16,539] Trial 900 finished with value: 6766.9025369703495 and parameters: {'alpha_0': 0.0005708444461807596, 'alpha_1': 5.1950876277160577e-05, 'alpha_2': 4.138929451281193e-05, 'beta_0': 0.1485214822394859, 'beta_1': 6.812033594938751, 'beta_2': 0.2213490310916918, 'beta_3': 0.000930342233351085, 'beta_4': 7.619280332629196, 'beta_5': 33.15635861636888, 'beta_6': 0.04199253797142631, 'beta_7': 0.016246418798903307, 'beta_8': 3.829132981273679e-05, 'beta_9': 7.190431404239557e-07}. Best is trial 691 with value: 6538.461030825155.Best trial: 691. Best value: 6538.46:  45%|████▌     | 900/2000 [2:15:31<2:50:36,  9.31s/it]Best trial: 691. Best value: 6538.46:  45%|████▌     | 900/2000 [2:15:31<2:50:36,  9.31s/it]Best trial: 691. Best value: 6538.46:  45%|████▌     | 901/2000 [2:15:31<2:50:26,  9.31s/it]                                                                                            Best trial: 691. Best value: 6538.46:  45%|████▌     | 901/2000 [2:15:41<2:50:26,  9.31s/it]Best trial: 691. Best value: 6538.46:  45%|████▌     | 901/2000 [2:15:41<2:50:26,  9.31s/it]Best trial: 691. Best value: 6538.46:  45%|████▌     | 902/2000 [2:15:41<2:50:11,  9.30s/it]                                                                                            Best trial: 691. Best value: 6538.46:  45%|████▌     | 902/2000 [2:15:50<2:50:11,  9.30s/it]Best trial: 691. Best value: 6538.46:  45%|████▌     | 902/2000 [2:15:50<2:50:11,  9.30s/it]Best trial: 691. Best value: 6538.46:  45%|████▌     | 903/2000 [2:15:50<2:51:03,  9.36s/it]                                                                                            Best trial: 691. Best value: 6538.46:  45%|████▌     | 903/2000 [2:15:59<2:51:03,  9.36s/it]Best trial: 691. Best value: 6538.46:  45%|████▌     | 903/2000 [2:15:59<2:51:03,  9.36s/it]Best trial: 691. Best value: 6538.46:  45%|████▌     | 904/2000 [2:15:59<2:50:07,  9.31s/it]                                                                                            Best trial: 691. Best value: 6538.46:  45%|████▌     | 904/2000 [2:16:09<2:50:07,  9.31s/it]Best trial: 691. Best value: 6538.46:  45%|████▌     | 904/2000 [2:16:09<2:50:07,  9.31s/it]Best trial: 691. Best value: 6538.46:  45%|████▌     | 905/2000 [2:16:09<2:49:35,  9.29s/it]                                                                                            Best trial: 691. Best value: 6538.46:  45%|████▌     | 905/2000 [2:16:18<2:49:35,  9.29s/it]Best trial: 691. Best value: 6538.46:  45%|████▌     | 905/2000 [2:16:18<2:49:35,  9.29s/it]Best trial: 691. Best value: 6538.46:  45%|████▌     | 906/2000 [2:16:18<2:49:28,  9.29s/it]                                                                                            Best trial: 691. Best value: 6538.46:  45%|████▌     | 906/2000 [2:16:27<2:49:28,  9.29s/it]Best trial: 691. Best value: 6538.46:  45%|████▌     | 906/2000 [2:16:27<2:49:28,  9.29s/it]Best trial: 691. Best value: 6538.46:  45%|████▌     | 907/2000 [2:16:27<2:49:21,  9.30s/it]                                                                                            Best trial: 691. Best value: 6538.46:  45%|████▌     | 907/2000 [2:16:37<2:49:21,  9.30s/it]Best trial: 691. Best value: 6538.46:  45%|████▌     | 907/2000 [2:16:37<2:49:21,  9.30s/it]Best trial: 691. Best value: 6538.46:  45%|████▌     | 908/2000 [2:16:37<2:49:10,  9.30s/it]                                                                                            Best trial: 691. Best value: 6538.46:  45%|████▌     | 908/2000 [2:16:46<2:49:10,  9.30s/it]Best trial: 691. Best value: 6538.46:  45%|████▌     | 908/2000 [2:16:46<2:49:10,  9.30s/it]Best trial: 691. Best value: 6538.46:  45%|████▌     | 909/2000 [2:16:46<2:49:12,  9.31s/it]                                                                                            Best trial: 691. Best value: 6538.46:  45%|████▌     | 909/2000 [2:16:55<2:49:12,  9.31s/it]Best trial: 691. Best value: 6538.46:  45%|████▌     | 909/2000 [2:16:55<2:49:12,  9.31s/it]Best trial: 691. Best value: 6538.46:  46%|████▌     | 910/2000 [2:16:55<2:48:39,  9.28s/it]                                                                                            Best trial: 691. Best value: 6538.46:  46%|████▌     | 910/2000 [2:17:05<2:48:39,  9.28s/it]Best trial: 691. Best value: 6538.46:  46%|████▌     | 910/2000 [2:17:05<2:48:39,  9.28s/it]Best trial: 691. Best value: 6538.46:  46%|████▌     | 911/2000 [2:17:05<2:49:44,  9.35s/it]                                                                                            Best trial: 691. Best value: 6538.46:  46%|████▌     | 911/2000 [2:17:14<2:49:44,  9.35s/it]Best trial: 691. Best value: 6538.46:  46%|████▌     | 911/2000 [2:17:14<2:49:44,  9.35s/it]Best trial: 691. Best value: 6538.46:  46%|████▌     | 912/2000 [2:17:14<2:49:06,  9.33s/it]                                                                                            Best trial: 691. Best value: 6538.46:  46%|████▌     | 912/2000 [2:17:23<2:49:06,  9.33s/it]Best trial: 691. Best value: 6538.46:  46%|████▌     | 912/2000 [2:17:23<2:49:06,  9.33s/it]Best trial: 691. Best value: 6538.46:  46%|████▌     | 913/2000 [2:17:23<2:48:35,  9.31s/it]                                                                                            Best trial: 691. Best value: 6538.46:  46%|████▌     | 913/2000 [2:17:33<2:48:35,  9.31s/it]Best trial: 691. Best value: 6538.46:  46%|████▌     | 913/2000 [2:17:33<2:48:35,  9.31s/it]Best trial: 691. Best value: 6538.46:  46%|████▌     | 914/2000 [2:17:33<2:48:55,  9.33s/it]                                                                                            Best trial: 691. Best value: 6538.46:  46%|████▌     | 914/2000 [2:17:42<2:48:55,  9.33s/it]Best trial: 691. Best value: 6538.46:  46%|████▌     | 914/2000 [2:17:42<2:48:55,  9.33s/it]Best trial: 691. Best value: 6538.46:  46%|████▌     | 915/2000 [2:17:42<2:48:20,  9.31s/it]                                                                                            
[I 2026-03-31 23:54:25,827] Trial 901 finished with value: 6660.618804398979 and parameters: {'alpha_0': 0.0005028532970392819, 'alpha_1': 5.0078483220202497e-05, 'alpha_2': 4.285249880872094e-05, 'beta_0': 0.13050332796773004, 'beta_1': 6.574701644474509, 'beta_2': 0.20314265283677774, 'beta_3': 0.0009924823955774383, 'beta_4': 7.754331103619725, 'beta_5': 35.18563623400676, 'beta_6': 0.043640405604502774, 'beta_7': 0.01579605865680054, 'beta_8': 3.8721893256182486e-05, 'beta_9': 6.931409758166219e-07}. Best is trial 691 with value: 6538.461030825155.
[I 2026-03-31 23:54:35,312] Trial 902 finished with value: 7239.129766435031 and parameters: {'alpha_0': 0.0006111812725389003, 'alpha_1': 5.4169350330990274e-05, 'alpha_2': 0.00010467923757083016, 'beta_0': 0.12175422100170555, 'beta_1': 6.889907188077801, 'beta_2': 0.22630299037599216, 'beta_3': 0.000903389459970608, 'beta_4': 7.9981212806426285, 'beta_5': 33.106851443145, 'beta_6': 0.040971951801776645, 'beta_7': 0.015234235425194519, 'beta_8': 3.999407132690751e-05, 'beta_9': 6.405807070661271e-07}. Best is trial 691 with value: 6538.461030825155.
[I 2026-03-31 23:54:44,527] Trial 903 finished with value: 6717.069163402515 and parameters: {'alpha_0': 0.0005587096867679289, 'alpha_1': 5.204574739735672e-05, 'alpha_2': 4.429490011692202e-05, 'beta_0': 0.14576691327547028, 'beta_1': 10.654097135755988, 'beta_2': 0.2417039638249903, 'beta_3': 0.0008719223266558897, 'beta_4': 7.24218959915876, 'beta_5': 44.21569095631849, 'beta_6': 0.0425715833999536, 'beta_7': 0.015654010166061338, 'beta_8': 3.782881943673593e-05, 'beta_9': 7.358167370461122e-07}. Best is trial 691 with value: 6538.461030825155.
[I 2026-03-31 23:54:53,771] Trial 904 finished with value: 6784.452392680327 and parameters: {'alpha_0': 0.0006046173706385192, 'alpha_1': 5.361531435290601e-05, 'alpha_2': 4.139542752707033e-05, 'beta_0': 0.08460816881692278, 'beta_1': 6.372633146057455, 'beta_2': 0.20658031385450157, 'beta_3': 0.0009483566138233042, 'beta_4': 6.3732953929950655, 'beta_5': 34.30577418615152, 'beta_6': 0.040038982270275594, 'beta_7': 0.016156047299923947, 'beta_8': 3.888749657769858e-05, 'beta_9': 5.957270407429631e-07}. Best is trial 691 with value: 6538.461030825155.
[I 2026-03-31 23:55:03,070] Trial 905 finished with value: 7163.614274361167 and parameters: {'alpha_0': 0.000656754522450687, 'alpha_1': 5.18032637150994e-05, 'alpha_2': 0.00010788433817579408, 'beta_0': 0.11460793857500892, 'beta_1': 6.696566080353306, 'beta_2': 0.21623780213531313, 'beta_3': 0.0011041892735401747, 'beta_4': 6.637482788076469, 'beta_5': 33.7153333149632, 'beta_6': 0.041746620343836194, 'beta_7': 0.01647585655163147, 'beta_8': 3.662446830364129e-05, 'beta_9': 6.709347514106939e-07}. Best is trial 691 with value: 6538.461030825155.
[I 2026-03-31 23:55:12,372] Trial 906 finished with value: inf and parameters: {'alpha_0': 0.0005581159667439392, 'alpha_1': 5.0036301652005885e-05, 'alpha_2': 5.686965794379292e-05, 'beta_0': 0.11768134493952392, 'beta_1': 10.298083136386088, 'beta_2': 0.2108276047582544, 'beta_3': 0.0009224585707626931, 'beta_4': 6.7681745393197055, 'beta_5': 32.715284622956524, 'beta_6': 0.04417379676991762, 'beta_7': 0.02198488196853737, 'beta_8': 3.822331962791951e-05, 'beta_9': 7.619504955366896e-07}. Best is trial 691 with value: 6538.461030825155.
[I 2026-03-31 23:55:21,664] Trial 907 finished with value: 6890.4154103896735 and parameters: {'alpha_0': 0.0006220823513691122, 'alpha_1': 5.519330389076792e-05, 'alpha_2': 4.745963693031059e-05, 'beta_0': 0.0913005433482806, 'beta_1': 10.822395391517894, 'beta_2': 0.20801468039475526, 'beta_3': 0.000965304133803663, 'beta_4': 7.752618289304053, 'beta_5': 35.907348697382325, 'beta_6': 0.04107807843662898, 'beta_7': 0.015447339789976186, 'beta_8': 3.927980648464095e-05, 'beta_9': 7.039074482406566e-07}. Best is trial 691 with value: 6538.461030825155.
[I 2026-03-31 23:55:30,992] Trial 908 finished with value: 6690.860575775301 and parameters: {'alpha_0': 0.0006707989861379748, 'alpha_1': 5.381395286060603e-05, 'alpha_2': 4.0086349672767746e-05, 'beta_0': 0.08407455070463456, 'beta_1': 5.970238671883765, 'beta_2': 0.2197345838440181, 'beta_3': 0.0010563234987859347, 'beta_4': 6.492634819604069, 'beta_5': 33.40564832956773, 'beta_6': 0.04301327001406392, 'beta_7': 0.01586119737192123, 'beta_8': 3.765822650265195e-05, 'beta_9': 6.466262534452936e-07}. Best is trial 691 with value: 6538.461030825155.
[I 2026-03-31 23:55:40,225] Trial 909 finished with value: 6804.499077295632 and parameters: {'alpha_0': 0.0005872655684381984, 'alpha_1': 5.191933680237383e-05, 'alpha_2': 4.5619424127094554e-05, 'beta_0': 0.14101911137162315, 'beta_1': 6.214179573297418, 'beta_2': 0.21267741593040737, 'beta_3': 0.0009884470489998699, 'beta_4': 6.3114078276445795, 'beta_5': 34.49848123472308, 'beta_6': 0.045205292681769454, 'beta_7': 0.01610437653630324, 'beta_8': 3.885814746709687e-05, 'beta_9': 6.159331180362712e-07}. Best is trial 691 with value: 6538.461030825155.
[I 2026-03-31 23:55:49,737] Trial 910 finished with value: 7557.701102166875 and parameters: {'alpha_0': 0.000536892412502807, 'alpha_1': 5.5937265784257806e-05, 'alpha_2': 4.273417497318093e-05, 'beta_0': 0.09752636621967782, 'beta_1': 5.648949755666575, 'beta_2': 0.23837986681213374, 'beta_3': 0.0008843921807229765, 'beta_4': 6.440495366322056, 'beta_5': 32.697177615629116, 'beta_6': 0.04208691873680733, 'beta_7': 0.015021097861807763, 'beta_8': 3.7149804994228536e-05, 'beta_9': 6.791355295343179e-07}. Best is trial 691 with value: 6538.461030825155.
[I 2026-03-31 23:55:59,001] Trial 911 finished with value: 6574.752555713288 and parameters: {'alpha_0': 0.0005023204594126669, 'alpha_1': 5.490003664759668e-05, 'alpha_2': 4.417857846504044e-05, 'beta_0': 0.08041837702083013, 'beta_1': 6.4661895356904395, 'beta_2': 0.20433383435307487, 'beta_3': 0.0010051413978352816, 'beta_4': 6.621595618945832, 'beta_5': 33.79120367303255, 'beta_6': 0.04106097560975266, 'beta_7': 0.01574362142596483, 'beta_8': 3.9487531820611797e-05, 'beta_9': 7.309193036390255e-07}. Best is trial 691 with value: 6538.461030825155.
[I 2026-03-31 23:56:08,261] Trial 912 finished with value: 6994.916892743808 and parameters: {'alpha_0': 0.0005567367979439797, 'alpha_1': 0.0001122867381186627, 'alpha_2': 4.6057121019333785e-05, 'beta_0': 0.07910812863483657, 'beta_1': 6.5327179910067725, 'beta_2': 0.20405514069503622, 'beta_3': 0.0010440046679257911, 'beta_4': 6.884374927064234, 'beta_5': 34.657836914065356, 'beta_6': 0.04114761348369899, 'beta_7': 0.015404089827280294, 'beta_8': 3.953515120238938e-05, 'beta_9': 7.388638158077248e-07}. Best is trial 691 with value: 6538.461030825155.
[I 2026-03-31 23:56:17,657] Trial 913 finished with value: 6598.596823102069 and parameters: {'alpha_0': 0.0005144046814011944, 'alpha_1': 5.413629876644149e-05, 'alpha_2': 4.4726313965582284e-05, 'beta_0': 0.080122674717511, 'beta_1': 6.835653732481056, 'beta_2': 0.2033996407915168, 'beta_3': 0.0010214952605554915, 'beta_4': 6.604647633096568, 'beta_5': 35.23572246611139, 'beta_6': 0.04088097113542243, 'beta_7': 0.015622295541409639, 'beta_8': 3.999064288132262e-05, 'beta_9': 7.224144059041561e-07}. Best is trial 691 with value: 6538.461030825155.
[I 2026-03-31 23:56:26,912] Trial 914 finished with value: 6555.383954917246 and parameters: {'alpha_0': 0.0005053947870018175, 'alpha_1': 5.004344998678343e-05, 'alpha_2': 4.000848415211587e-05, 'beta_0': 0.0825239521410007, 'beta_1': 6.377691267257534, 'beta_2': 0.20160567036686755, 'beta_3': 0.001010467623365522, 'beta_4': 6.683451278875707, 'beta_5': 34.24265580674429, 'beta_6': 0.04080052109044021, 'beta_7': 0.015703852445798767, 'beta_8': 3.934485185285903e-05, 'beta_9': 7.72080960125091e-07}. Best is trial 691 with value: 6538.461030825155.
