[I 2026-03-31 22:44:38,521] Trial 439 finished with value: inf and parameters: {'alpha_0': 0.0010786745233859539, 'alpha_1': 6.563681660899876e-05, 'alpha_2': 4.88975911699999e-05, 'beta_0': 0.0590828871434801, 'beta_1': 6.813789794596911, 'beta_2': 0.19230583500563492, 'beta_3': 0.0007515610558007528, 'beta_4': 3.43831887058609, 'beta_5': 35.49214929115135, 'beta_6': 0.04295665148185067, 'beta_7': 0.02409355188941963, 'beta_8': 1.7551767968827208e-05, 'beta_9': 1.4423857178824443e-06}. Best is trial 381 with value: 6572.730744725488.
[I 2026-03-31 22:44:47,907] Trial 440 finished with value: 6646.088513606572 and parameters: {'alpha_0': 0.0010138245392495948, 'alpha_1': 6.712782567629492e-05, 'alpha_2': 4.763426509578381e-05, 'beta_0': 0.055556874065929095, 'beta_1': 6.565222589747105, 'beta_2': 0.19414651697491242, 'beta_3': 0.0014573618781078947, 'beta_4': 3.366827514121698, 'beta_5': 37.31280365315695, 'beta_6': 0.04121579130732921, 'beta_7': 0.015304997204421753, 'beta_8': 1.8037159162070148e-05, 'beta_9': 9.14286125522656e-07}. Best is trial 381 with value: 6572.730744725488.
[I 2026-03-31 22:44:57,635] Trial 441 finished with value: 7808.075969731568 and parameters: {'alpha_0': 0.0010094024998414757, 'alpha_1': 7.13071387830727e-05, 'alpha_2': 4.825924761969856e-05, 'beta_0': 0.05539386906616907, 'beta_1': 6.615772535126675, 'beta_2': 0.1929173047324328, 'beta_3': 0.0008505665340846219, 'beta_4': 3.4097044274631694, 'beta_5': 39.776648415293266, 'beta_6': 0.04133765526845166, 'beta_7': 0.015000375961040804, 'beta_8': 1.793491957792567e-05, 'beta_9': 9.330846591160524e-07}. Best is trial 381 with value: 6572.730744725488.
[I 2026-03-31 22:45:07,038] Trial 442 finished with value: 7601.4382087143695 and parameters: {'alpha_0': 0.0009386169917620394, 'alpha_1': 0.00013632041373155417, 'alpha_2': 5.031227149066469e-05, 'beta_0': 0.054744269051532096, 'beta_1': 6.242201116924197, 'beta_2': 0.1952589767762241, 'beta_3': 0.0007783855796322237, 'beta_4': 3.5384258502350927, 'beta_5': 37.843427609897326, 'beta_6': 0.040018897161254466, 'beta_7': 0.015288772586746746, 'beta_8': 1.86927012365345e-05, 'beta_9': 8.645625015238414e-07}. Best is trial 381 with value: 6572.730744725488.
[I 2026-03-31 22:45:16,236] Trial 443 finished with value: 6606.353366085608 and parameters: {'alpha_0': 0.000969748801827648, 'alpha_1': 6.815149218403285e-05, 'alpha_2': 4.71934532001945e-05, 'beta_0': 0.05729751275223377, 'beta_1': 6.976409633825407, 'beta_2': 0.19719278970221688, 'beta_3': 0.0014736709659883775, 'beta_4': 3.2646218946761834, 'beta_5': 38.81092687414786, 'beta_6': 0.04225659659113421, 'beta_7': 0.015321764264054506, 'beta_8': 1.7393306171190063e-05, 'beta_9': 9.088279590810105e-07}. Best is trial 381 with value: 6572.730744725488.
[I 2026-03-31 22:45:25,623] Trial 444 finished with value: 7170.088679425919 and parameters: {'alpha_0': 0.0009638057219294589, 'alpha_1': 7.264453698497728e-05, 'alpha_2': 4.592226966408885e-05, 'beta_0': 0.059837798173471735, 'beta_1': 7.0034886311872935, 'beta_2': 0.15190067839902688, 'beta_3': 0.0007994324600882774, 'beta_4': 3.289969756815373, 'beta_5': 39.39980507173727, 'beta_6': 0.04281595005594044, 'beta_7': 0.015615827319250583, 'beta_8': 1.754607916628675e-05, 'beta_9': 8.624484539325419e-07}. Best is trial 381 with value: 6572.730744725488.
[I 2026-03-31 22:45:34,860] Trial 445 finished with value: 6616.058012922198 and parameters: {'alpha_0': 0.0009153988654653318, 'alpha_1': 6.800767525365121e-05, 'alpha_2': 4.9451414475984e-05, 'beta_0': 0.05732725340062791, 'beta_1': 6.912134450882144, 'beta_2': 0.19834491724635725, 'beta_3': 0.0013021411968888593, 'beta_4': 3.261713188578117, 'beta_5': 38.88162769325159, 'beta_6': 0.04441972833135303, 'beta_7': 0.015513744684853897, 'beta_8': 1.641273365647612e-05, 'beta_9': 8.343156071537174e-07}. Best is trial 381 with value: 6572.730744725488.
[I 2026-03-31 22:45:44,245] Trial 446 finished with value: 7232.255816314309 and parameters: {'alpha_0': 0.0009239566723925506, 'alpha_1': 7.020166561043759e-05, 'alpha_2': 5.1877328011347066e-05, 'beta_0': 0.05741441483961359, 'beta_1': 6.959213688606314, 'beta_2': 0.19710275112895442, 'beta_3': 0.0012502285068733683, 'beta_4': 3.3589019960919955, 'beta_5': 38.95400150243299, 'beta_6': 0.04393688908518411, 'beta_7': 0.015132078327396863, 'beta_8': 1.597867381875998e-05, 'beta_9': 7.995753747178742e-07}. Best is trial 381 with value: 6572.730744725488.
[I 2026-03-31 22:45:53,477] Trial 447 finished with value: 6778.528483074906 and parameters: {'alpha_0': 0.0011970192090782828, 'alpha_1': 6.753144233591399e-05, 'alpha_2': 5.0006556525081656e-05, 'beta_0': 0.05220782261401972, 'beta_1': 6.938961270878688, 'beta_2': 0.19736694090660536, 'beta_3': 0.001181033973882147, 'beta_4': 3.2433814366843015, 'beta_5': 40.474979683553016, 'beta_6': 0.04246296008546273, 'beta_7': 0.01542436890248705, 'beta_8': 1.649623181579786e-05, 'beta_9': 8.277115670139386e-07}. Best is trial 381 with value: 6572.730744725488.
[I 2026-03-31 22:46:02,758] Trial 448 finished with value: 7292.052795603946 and parameters: {'alpha_0': 0.0013001953093502681, 'alpha_1': 6.511340616006828e-05, 'alpha_2': 4.909131470790044e-05, 'beta_0': 0.05731469263240664, 'beta_1': 7.085377190160754, 'beta_2': 0.2028895805237566, 'beta_3': 0.0007537018514060163, 'beta_4': 3.310868299075743, 'beta_5': 39.261057500175866, 'beta_6': 0.04394901043474319, 'beta_7': 0.015586198743879716, 'beta_8': 1.5680867231114102e-05, 'beta_9': 8.412976370326148e-07}. Best is trial 381 with value: 6572.730744725488.
[I 2026-03-31 22:46:12,009] Trial 449 finished with value: inf and parameters: {'alpha_0': 0.0011567392760545177, 'alpha_1': 0.00011473230903606571, 'alpha_2': 5.084748499883423e-05, 'beta_0': 0.052727164426763805, 'beta_1': 6.72502015495517, 'beta_2': 0.19782978530469575, 'beta_3': 0.001337053359093779, 'beta_4': 3.452439607297944, 'beta_5': 38.65342126966278, 'beta_6': 0.04247860443425644, 'beta_7': 0.02201413257640589, 'beta_8': 1.6655613398498904e-05, 'beta_9': 8.906195654871214e-07}. Best is trial 381 with value: 6572.730744725488.
[I 2026-03-31 22:46:21,721] Trial 450 finished with value: 8016.5801853270095 and parameters: {'alpha_0': 0.0011218671197510753, 'alpha_1': 6.954038168736076e-05, 'alpha_2': 5.525767551530405e-05, 'beta_0': 0.06120579475823545, 'beta_1': 6.696898145229784, 'beta_2': 0.20049615398095516, 'beta_3': 0.00045594829349957595, 'beta_4': 3.499907499204493, 'beta_5': 39.7931464718648, 'beta_6': 0.04461350782919528, 'beta_7': 0.015264919195968068, 'beta_8': 1.5043190099968546e-05, 'beta_9': 8.08354158686561e-07}. Best is trial 381 with value: 6572.730744725488.Best trial: 381. Best value: 6572.73:  22%|██▎       | 450/2000 [1:07:37<3:58:34,  9.23s/it]Best trial: 381. Best value: 6572.73:  22%|██▎       | 450/2000 [1:07:37<3:58:34,  9.23s/it]Best trial: 381. Best value: 6572.73:  23%|██▎       | 451/2000 [1:07:37<4:02:06,  9.38s/it]                                                                                            Best trial: 381. Best value: 6572.73:  23%|██▎       | 451/2000 [1:07:46<4:02:06,  9.38s/it]Best trial: 381. Best value: 6572.73:  23%|██▎       | 451/2000 [1:07:46<4:02:06,  9.38s/it]Best trial: 381. Best value: 6572.73:  23%|██▎       | 452/2000 [1:07:46<4:01:23,  9.36s/it]                                                                                            Best trial: 381. Best value: 6572.73:  23%|██▎       | 452/2000 [1:07:55<4:01:23,  9.36s/it]Best trial: 381. Best value: 6572.73:  23%|██▎       | 452/2000 [1:07:55<4:01:23,  9.36s/it]Best trial: 381. Best value: 6572.73:  23%|██▎       | 453/2000 [1:07:55<4:00:45,  9.34s/it]                                                                                            Best trial: 381. Best value: 6572.73:  23%|██▎       | 453/2000 [1:08:05<4:00:45,  9.34s/it]Best trial: 381. Best value: 6572.73:  23%|██▎       | 453/2000 [1:08:05<4:00:45,  9.34s/it]Best trial: 381. Best value: 6572.73:  23%|██▎       | 454/2000 [1:08:05<4:01:15,  9.36s/it]                                                                                            Best trial: 381. Best value: 6572.73:  23%|██▎       | 454/2000 [1:08:14<4:01:15,  9.36s/it]Best trial: 381. Best value: 6572.73:  23%|██▎       | 454/2000 [1:08:14<4:01:15,  9.36s/it]Best trial: 381. Best value: 6572.73:  23%|██▎       | 455/2000 [1:08:14<4:00:22,  9.33s/it]                                                                                            Best trial: 381. Best value: 6572.73:  23%|██▎       | 455/2000 [1:08:23<4:00:22,  9.33s/it]Best trial: 381. Best value: 6572.73:  23%|██▎       | 455/2000 [1:08:23<4:00:22,  9.33s/it]Best trial: 381. Best value: 6572.73:  23%|██▎       | 456/2000 [1:08:23<3:59:21,  9.30s/it]                                                                                            Best trial: 381. Best value: 6572.73:  23%|██▎       | 456/2000 [1:08:32<3:59:21,  9.30s/it]Best trial: 381. Best value: 6572.73:  23%|██▎       | 456/2000 [1:08:32<3:59:21,  9.30s/it]Best trial: 381. Best value: 6572.73:  23%|██▎       | 457/2000 [1:08:32<3:58:27,  9.27s/it]                                                                                            Best trial: 381. Best value: 6572.73:  23%|██▎       | 457/2000 [1:08:42<3:58:27,  9.27s/it]Best trial: 381. Best value: 6572.73:  23%|██▎       | 457/2000 [1:08:42<3:58:27,  9.27s/it]Best trial: 381. Best value: 6572.73:  23%|██▎       | 458/2000 [1:08:42<3:57:36,  9.25s/it]                                                                                            Best trial: 381. Best value: 6572.73:  23%|██▎       | 458/2000 [1:08:51<3:57:36,  9.25s/it]Best trial: 381. Best value: 6572.73:  23%|██▎       | 458/2000 [1:08:51<3:57:36,  9.25s/it]Best trial: 381. Best value: 6572.73:  23%|██▎       | 459/2000 [1:08:51<3:58:53,  9.30s/it]                                                                                            Best trial: 381. Best value: 6572.73:  23%|██▎       | 459/2000 [1:09:00<3:58:53,  9.30s/it]Best trial: 381. Best value: 6572.73:  23%|██▎       | 459/2000 [1:09:00<3:58:53,  9.30s/it]Best trial: 381. Best value: 6572.73:  23%|██▎       | 460/2000 [1:09:00<3:59:01,  9.31s/it]                                                                                            Best trial: 381. Best value: 6572.73:  23%|██▎       | 460/2000 [1:09:10<3:59:01,  9.31s/it]Best trial: 381. Best value: 6572.73:  23%|██▎       | 460/2000 [1:09:10<3:59:01,  9.31s/it]Best trial: 381. Best value: 6572.73:  23%|██▎       | 461/2000 [1:09:10<3:58:27,  9.30s/it]                                                                                            Best trial: 381. Best value: 6572.73:  23%|██▎       | 461/2000 [1:09:19<3:58:27,  9.30s/it]Best trial: 381. Best value: 6572.73:  23%|██▎       | 461/2000 [1:09:19<3:58:27,  9.30s/it]Best trial: 381. Best value: 6572.73:  23%|██▎       | 462/2000 [1:09:19<3:57:35,  9.27s/it]                                                                                            Best trial: 381. Best value: 6572.73:  23%|██▎       | 462/2000 [1:09:28<3:57:35,  9.27s/it]Best trial: 381. Best value: 6572.73:  23%|██▎       | 462/2000 [1:09:28<3:57:35,  9.27s/it]Best trial: 381. Best value: 6572.73:  23%|██▎       | 463/2000 [1:09:28<3:57:52,  9.29s/it]                                                                                            Best trial: 381. Best value: 6572.73:  23%|██▎       | 463/2000 [1:09:37<3:57:52,  9.29s/it]Best trial: 381. Best value: 6572.73:  23%|██▎       | 463/2000 [1:09:37<3:57:52,  9.29s/it]Best trial: 381. Best value: 6572.73:  23%|██▎       | 464/2000 [1:09:37<3:56:37,  9.24s/it]                                                                                            Best trial: 381. Best value: 6572.73:  23%|██▎       | 464/2000 [1:09:46<3:56:37,  9.24s/it]Best trial: 381. Best value: 6572.73:  23%|██▎       | 464/2000 [1:09:46<3:56:37,  9.24s/it]Best trial: 381. Best value: 6572.73:  23%|██▎       | 465/2000 [1:09:46<3:55:55,  9.22s/it]                                                                                            
[I 2026-03-31 22:46:31,025] Trial 451 finished with value: 7157.146812473102 and parameters: {'alpha_0': 0.0012273448361309273, 'alpha_1': 6.383402262201477e-05, 'alpha_2': 5.2807985397849084e-05, 'beta_0': 0.05736132086816093, 'beta_1': 7.163484306300312, 'beta_2': 0.19885777062262705, 'beta_3': 0.0007669725460577385, 'beta_4': 3.23724072611164, 'beta_5': 37.821462264240424, 'beta_6': 0.041524751245743785, 'beta_7': 0.015696143719601964, 'beta_8': 1.7048675398356973e-05, 'beta_9': 7.687713516821724e-07}. Best is trial 381 with value: 6572.730744725488.
[I 2026-03-31 22:46:40,321] Trial 452 finished with value: 6813.696753007169 and parameters: {'alpha_0': 0.0009863090802234168, 'alpha_1': 6.678284025003983e-05, 'alpha_2': 4.7520763569439874e-05, 'beta_0': 0.06206049462971123, 'beta_1': 6.40932589297462, 'beta_2': 0.1826984562180176, 'beta_3': 0.0014115945699348467, 'beta_4': 5.6890586774411975, 'beta_5': 38.77123145335424, 'beta_6': 0.04317660741956819, 'beta_7': 0.015807518234422897, 'beta_8': 1.5971026824768057e-05, 'beta_9': 9.378662252455403e-07}. Best is trial 381 with value: 6572.730744725488.
[I 2026-03-31 22:46:49,744] Trial 453 finished with value: 6801.205433294352 and parameters: {'alpha_0': 0.0009096808041218886, 'alpha_1': 6.221695232516095e-05, 'alpha_2': 4.932275945764888e-05, 'beta_0': 0.05378640025996295, 'beta_1': 6.944049681049267, 'beta_2': 0.18008967762607975, 'beta_3': 0.0014637439715332761, 'beta_4': 6.116050094033572, 'beta_5': 38.63861547633124, 'beta_6': 0.04095607913860972, 'beta_7': 0.0150209073171884, 'beta_8': 1.6653700500833705e-05, 'beta_9': 8.423103870961818e-07}. Best is trial 381 with value: 6572.730744725488.
[I 2026-03-31 22:46:59,013] Trial 454 finished with value: 6696.616522831904 and parameters: {'alpha_0': 0.001038037702511968, 'alpha_1': 7.240084783237757e-05, 'alpha_2': 4.774009439473582e-05, 'beta_0': 0.16266542711875698, 'beta_1': 7.520321817529576, 'beta_2': 0.18523535264219154, 'beta_3': 0.0012203729134836242, 'beta_4': 3.1444834194075253, 'beta_5': 36.61900796822783, 'beta_6': 0.044449737942490214, 'beta_7': 0.01547673967245707, 'beta_8': 1.7435362035329634e-05, 'beta_9': 9.139554889485675e-07}. Best is trial 381 with value: 6572.730744725488.
[I 2026-03-31 22:47:08,236] Trial 455 finished with value: 6775.827015745159 and parameters: {'alpha_0': 0.0011802410968554718, 'alpha_1': 6.849240256686603e-05, 'alpha_2': 5.084164437847725e-05, 'beta_0': 0.059678810312600035, 'beta_1': 6.811771642818648, 'beta_2': 0.15027147670337151, 'beta_3': 0.0014368091215270229, 'beta_4': 3.3808926792988205, 'beta_5': 38.40262642778059, 'beta_6': 0.042157509379484606, 'beta_7': 0.01575497250049584, 'beta_8': 1.6347048801795563e-05, 'beta_9': 8.752250522906221e-07}. Best is trial 381 with value: 6572.730744725488.
[I 2026-03-31 22:47:17,440] Trial 456 finished with value: 6599.01578884383 and parameters: {'alpha_0': 0.002456192974469118, 'alpha_1': 6.531332463524291e-05, 'alpha_2': 4.416268900948448e-05, 'beta_0': 0.06468583906072481, 'beta_1': 7.1081994569876406, 'beta_2': 0.18095470349186943, 'beta_3': 0.0013696643861802495, 'beta_4': 3.561966782010053, 'beta_5': 40.871411322320796, 'beta_6': 0.04356316907605398, 'beta_7': 0.015411622766004369, 'beta_8': 1.5553207395163128e-05, 'beta_9': 8.27825622031143e-07}. Best is trial 381 with value: 6572.730744725488.
[I 2026-03-31 22:47:26,623] Trial 457 finished with value: 6763.485158675931 and parameters: {'alpha_0': 0.0009839318358938608, 'alpha_1': 0.00013975811554384513, 'alpha_2': 4.672657598682941e-05, 'beta_0': 0.05077815011309744, 'beta_1': 7.337004935070808, 'beta_2': 0.18173939787764287, 'beta_3': 0.00147443812051518, 'beta_4': 3.547128811968514, 'beta_5': 41.41714541162071, 'beta_6': 0.0435964373534916, 'beta_7': 0.015331727271511487, 'beta_8': 1.5157223321445469e-05, 'beta_9': 8.072740481650581e-07}. Best is trial 381 with value: 6572.730744725488.
[I 2026-03-31 22:47:36,056] Trial 458 finished with value: 6804.7765344644995 and parameters: {'alpha_0': 0.0023845722531757063, 'alpha_1': 6.44081969100731e-05, 'alpha_2': 4.893680330790273e-05, 'beta_0': 0.06265955870785064, 'beta_1': 7.114735218376208, 'beta_2': 0.17411023366604889, 'beta_3': 0.001363549115394408, 'beta_4': 3.6054552823567025, 'beta_5': 42.62134169141559, 'beta_6': 0.04475904264428724, 'beta_7': 0.015212800513604323, 'beta_8': 1.4719476093766283e-05, 'beta_9': 7.519447961374921e-07}. Best is trial 381 with value: 6572.730744725488.
[I 2026-03-31 22:47:45,394] Trial 459 finished with value: 6761.5511029736135 and parameters: {'alpha_0': 0.002413907573410172, 'alpha_1': 6.198586945046346e-05, 'alpha_2': 4.478271883591961e-05, 'beta_0': 0.05697022821853556, 'beta_1': 6.836677618936087, 'beta_2': 0.17736697138452445, 'beta_3': 0.001470000725848612, 'beta_4': 3.456604296242438, 'beta_5': 37.447230734042066, 'beta_6': 0.04300375324794469, 'beta_7': 0.015506753584680563, 'beta_8': 1.565533784803144e-05, 'beta_9': 7.787024829980406e-07}. Best is trial 381 with value: 6572.730744725488.
[I 2026-03-31 22:47:54,653] Trial 460 finished with value: 6674.408618059565 and parameters: {'alpha_0': 0.0023265100528763387, 'alpha_1': 6.540440995319475e-05, 'alpha_2': 5.223829878808077e-05, 'beta_0': 0.0642433414606736, 'beta_1': 6.547379182674913, 'beta_2': 0.17903839716113187, 'beta_3': 0.001389459119552767, 'beta_4': 3.588990155483657, 'beta_5': 36.63270139287619, 'beta_6': 0.0410446269817968, 'beta_7': 0.015508325406148049, 'beta_8': 1.7038920778910955e-05, 'beta_9': 8.189524674894604e-07}. Best is trial 381 with value: 6572.730744725488.
[I 2026-03-31 22:48:03,857] Trial 461 finished with value: 6749.597733448019 and parameters: {'alpha_0': 0.0010425518042778477, 'alpha_1': 6.355132454000318e-05, 'alpha_2': 4.7089676618527614e-05, 'beta_0': 0.050222621372888986, 'beta_1': 7.204487152499713, 'beta_2': 0.18106591640710384, 'beta_3': 0.0013032356774757337, 'beta_4': 3.3143644150216436, 'beta_5': 36.52443314304266, 'beta_6': 0.04242627435754954, 'beta_7': 0.015790593747438464, 'beta_8': 1.6054836409814553e-05, 'beta_9': 8.393227356306827e-07}. Best is trial 381 with value: 6572.730744725488.
[I 2026-03-31 22:48:13,184] Trial 462 finished with value: 7057.588652289043 and parameters: {'alpha_0': 0.0018697675251495489, 'alpha_1': 5.952452916805548e-05, 'alpha_2': 4.460228304103166e-05, 'beta_0': 0.059528560035758696, 'beta_1': 7.032053151254352, 'beta_2': 0.18179705266681012, 'beta_3': 0.0012882208788287828, 'beta_4': 3.684596647432907, 'beta_5': 41.15721430611119, 'beta_6': 0.044122692637465814, 'beta_7': 0.015201301062919967, 'beta_8': 1.534611399589456e-05, 'beta_9': 7.305902687410329e-07}. Best is trial 381 with value: 6572.730744725488.
[I 2026-03-31 22:48:22,327] Trial 463 finished with value: 6721.563793555251 and parameters: {'alpha_0': 0.0010937798235889822, 'alpha_1': 6.666921187249597e-05, 'alpha_2': 4.988987571826186e-05, 'beta_0': 0.05585790000517825, 'beta_1': 7.522267717810648, 'beta_2': 0.18328182843150806, 'beta_3': 0.0009871145022853534, 'beta_4': 5.930936400929461, 'beta_5': 37.58309418968565, 'beta_6': 0.04000531198780869, 'beta_7': 0.01594610041459787, 'beta_8': 1.7089221220444376e-05, 'beta_9': 8.968148458194982e-07}. Best is trial 381 with value: 6572.730744725488.
[I 2026-03-31 22:48:31,499] Trial 464 finished with value: inf and parameters: {'alpha_0': 0.0011274386302662037, 'alpha_1': 6.137795679257208e-05, 'alpha_2': 4.827065558472752e-05, 'beta_0': 0.06389458145211939, 'beta_1': 7.8837776169051015, 'beta_2': 0.18525527653125037, 'beta_3': 0.0008738361851416978, 'beta_4': 3.086053549109467, 'beta_5': 41.91519882382716, 'beta_6': 0.04186559470221809, 'beta_7': 0.020638597684123856, 'beta_8': 1.6426557808628235e-05, 'beta_9': 8.514299670472316e-07}. Best is trial 381 with value: 6572.730744725488.
