[I 2026-04-01 09:28:23,600] Trial 1320 finished with value: 6895.096233453562 and parameters: {'alpha_0': 0.0006375361903442244, 'alpha_1': 5.332751514892775e-05, 'alpha_2': 4.002143097671417e-05, 'beta_0': 0.06770515858161996, 'beta_1': 5.9497864440291774, 'beta_2': 0.21244656015504193, 'beta_3': 0.0008574813278029616, 'beta_4': 6.488495031297096, 'beta_5': 34.30103245714499, 'beta_6': 0.04162389770801947, 'beta_7': 0.015607752174227036, 'beta_8': 3.80417751938823e-05, 'beta_9': 6.416997481229776e-07}. Best is trial 691 with value: 6538.461030825155.Best trial: 691. Best value: 6538.46:  66%|██████▌   | 1320/2000 [11:49:39<1:44:53,  9.26s/it]Best trial: 691. Best value: 6538.46:  66%|██████▌   | 1320/2000 [11:49:39<1:44:53,  9.26s/it]Best trial: 691. Best value: 6538.46:  66%|██████▌   | 1321/2000 [11:49:39<1:44:46,  9.26s/it]                                                                                              Best trial: 691. Best value: 6538.46:  66%|██████▌   | 1321/2000 [11:49:48<1:44:46,  9.26s/it]Best trial: 691. Best value: 6538.46:  66%|██████▌   | 1321/2000 [11:49:48<1:44:46,  9.26s/it]Best trial: 691. Best value: 6538.46:  66%|██████▌   | 1322/2000 [11:49:48<1:44:36,  9.26s/it]                                                                                              Best trial: 691. Best value: 6538.46:  66%|██████▌   | 1322/2000 [11:49:57<1:44:36,  9.26s/it]Best trial: 691. Best value: 6538.46:  66%|██████▌   | 1322/2000 [11:49:57<1:44:36,  9.26s/it]Best trial: 691. Best value: 6538.46:  66%|██████▌   | 1323/2000 [11:49:57<1:44:34,  9.27s/it]                                                                                              Best trial: 691. Best value: 6538.46:  66%|██████▌   | 1323/2000 [11:50:06<1:44:34,  9.27s/it]Best trial: 691. Best value: 6538.46:  66%|██████▌   | 1323/2000 [11:50:06<1:44:34,  9.27s/it]Best trial: 691. Best value: 6538.46:  66%|██████▌   | 1324/2000 [11:50:06<1:44:24,  9.27s/it]                                                                                              Best trial: 691. Best value: 6538.46:  66%|██████▌   | 1324/2000 [11:50:16<1:44:24,  9.27s/it]Best trial: 691. Best value: 6538.46:  66%|██████▌   | 1324/2000 [11:50:16<1:44:24,  9.27s/it]Best trial: 691. Best value: 6538.46:  66%|██████▋   | 1325/2000 [11:50:16<1:44:24,  9.28s/it]                                                                                              Best trial: 691. Best value: 6538.46:  66%|██████▋   | 1325/2000 [11:50:25<1:44:24,  9.28s/it]Best trial: 691. Best value: 6538.46:  66%|██████▋   | 1325/2000 [11:50:25<1:44:24,  9.28s/it]Best trial: 691. Best value: 6538.46:  66%|██████▋   | 1326/2000 [11:50:25<1:44:52,  9.34s/it]                                                                                              Best trial: 691. Best value: 6538.46:  66%|██████▋   | 1326/2000 [11:50:34<1:44:52,  9.34s/it]Best trial: 691. Best value: 6538.46:  66%|██████▋   | 1326/2000 [11:50:34<1:44:52,  9.34s/it]Best trial: 691. Best value: 6538.46:  66%|██████▋   | 1327/2000 [11:50:34<1:44:41,  9.33s/it]                                                                                              Best trial: 691. Best value: 6538.46:  66%|██████▋   | 1327/2000 [11:50:44<1:44:41,  9.33s/it]Best trial: 691. Best value: 6538.46:  66%|██████▋   | 1327/2000 [11:50:44<1:44:41,  9.33s/it]Best trial: 691. Best value: 6538.46:  66%|██████▋   | 1328/2000 [11:50:44<1:44:13,  9.31s/it]                                                                                              Best trial: 691. Best value: 6538.46:  66%|██████▋   | 1328/2000 [11:50:53<1:44:13,  9.31s/it]Best trial: 691. Best value: 6538.46:  66%|██████▋   | 1328/2000 [11:50:53<1:44:13,  9.31s/it]Best trial: 691. Best value: 6538.46:  66%|██████▋   | 1329/2000 [11:50:53<1:43:50,  9.29s/it]                                                                                              Best trial: 691. Best value: 6538.46:  66%|██████▋   | 1329/2000 [11:51:02<1:43:50,  9.29s/it]Best trial: 691. Best value: 6538.46:  66%|██████▋   | 1329/2000 [11:51:02<1:43:50,  9.29s/it]Best trial: 691. Best value: 6538.46:  66%|██████▋   | 1330/2000 [11:51:02<1:43:51,  9.30s/it]                                                                                              Best trial: 691. Best value: 6538.46:  66%|██████▋   | 1330/2000 [11:51:12<1:43:51,  9.30s/it]Best trial: 691. Best value: 6538.46:  66%|██████▋   | 1330/2000 [11:51:12<1:43:51,  9.30s/it]Best trial: 691. Best value: 6538.46:  67%|██████▋   | 1331/2000 [11:51:12<1:43:49,  9.31s/it]                                                                                              Best trial: 691. Best value: 6538.46:  67%|██████▋   | 1331/2000 [11:51:21<1:43:49,  9.31s/it]Best trial: 691. Best value: 6538.46:  67%|██████▋   | 1331/2000 [11:51:21<1:43:49,  9.31s/it]Best trial: 691. Best value: 6538.46:  67%|██████▋   | 1332/2000 [11:51:21<1:43:31,  9.30s/it]                                                                                              Best trial: 691. Best value: 6538.46:  67%|██████▋   | 1332/2000 [11:51:30<1:43:31,  9.30s/it]Best trial: 691. Best value: 6538.46:  67%|██████▋   | 1332/2000 [11:51:30<1:43:31,  9.30s/it]Best trial: 691. Best value: 6538.46:  67%|██████▋   | 1333/2000 [11:51:30<1:43:33,  9.32s/it]                                                                                              Best trial: 691. Best value: 6538.46:  67%|██████▋   | 1333/2000 [11:51:40<1:43:33,  9.32s/it]Best trial: 691. Best value: 6538.46:  67%|██████▋   | 1333/2000 [11:51:40<1:43:33,  9.32s/it]Best trial: 691. Best value: 6538.46:  67%|██████▋   | 1334/2000 [11:51:40<1:43:26,  9.32s/it]                                                                                              Best trial: 691. Best value: 6538.46:  67%|██████▋   | 1334/2000 [11:51:49<1:43:26,  9.32s/it]Best trial: 691. Best value: 6538.46:  67%|██████▋   | 1334/2000 [11:51:49<1:43:26,  9.32s/it]Best trial: 691. Best value: 6538.46:  67%|██████▋   | 1335/2000 [11:51:49<1:43:06,  9.30s/it]                                                                                              
[I 2026-04-01 09:28:32,855] Trial 1321 finished with value: 6582.679545172456 and parameters: {'alpha_0': 0.00069412009423285, 'alpha_1': 5.171509816114537e-05, 'alpha_2': 4.2784472830664666e-05, 'beta_0': 0.09095295078419431, 'beta_1': 6.475617274216319, 'beta_2': 0.20904565196292452, 'beta_3': 0.0009411948528307567, 'beta_4': 6.343498470547786, 'beta_5': 35.0258512529255, 'beta_6': 0.04317004937154987, 'beta_7': 0.01583393971416885, 'beta_8': 3.9456940799502684e-05, 'beta_9': 6.974535343305183e-07}. Best is trial 691 with value: 6538.461030825155.
[I 2026-04-01 09:28:42,146] Trial 1322 finished with value: 6894.4993816603255 and parameters: {'alpha_0': 0.0005645361100349316, 'alpha_1': 5.561670177935558e-05, 'alpha_2': 4.772614857748188e-05, 'beta_0': 0.09805916299511153, 'beta_1': 10.593468780609777, 'beta_2': 0.19973085307596322, 'beta_3': 0.0009708934902421673, 'beta_4': 6.695370479662085, 'beta_5': 31.432089270012128, 'beta_6': 0.04209768161335359, 'beta_7': 0.015468707053726605, 'beta_8': 3.8406522346631977e-05, 'beta_9': 7.402742307537125e-07}. Best is trial 691 with value: 6538.461030825155.
[I 2026-04-01 09:28:51,410] Trial 1323 finished with value: 6793.036715024857 and parameters: {'alpha_0': 0.0006028309722562857, 'alpha_1': 6.052760123993818e-05, 'alpha_2': 4.129098719521773e-05, 'beta_0': 0.08111756746932197, 'beta_1': 5.216446756897116, 'beta_2': 0.2073291685632129, 'beta_3': 0.0008916589680636205, 'beta_4': 6.983345112673119, 'beta_5': 36.37846094151058, 'beta_6': 0.04756726071163063, 'beta_7': 0.01607272915289181, 'beta_8': 3.752105700553992e-05, 'beta_9': 5.570551073146027e-07}. Best is trial 691 with value: 6538.461030825155.
[I 2026-04-01 09:29:00,723] Trial 1324 finished with value: inf and parameters: {'alpha_0': 0.0005360392000807989, 'alpha_1': 0.00013257147133247715, 'alpha_2': 4.504616039742544e-05, 'beta_0': 0.073309549827839, 'beta_1': 6.24638564701901, 'beta_2': 0.2050805151774031, 'beta_3': 0.00102227050516831, 'beta_4': 6.626590360431678, 'beta_5': 49.941084175488385, 'beta_6': 0.040003950513420594, 'beta_7': 0.023041596273125686, 'beta_8': 3.910527215003336e-05, 'beta_9': 5.915459728534179e-07}. Best is trial 691 with value: 6538.461030825155.
[I 2026-04-01 09:29:10,191] Trial 1325 finished with value: 7298.004733237241 and parameters: {'alpha_0': 0.0006627874780618494, 'alpha_1': 5.165733501713476e-05, 'alpha_2': 4.360556816431961e-05, 'beta_0': 0.08750464201103099, 'beta_1': 5.721886149372269, 'beta_2': 0.21036198031483422, 'beta_3': 0.0009170588833235473, 'beta_4': 6.822032654821842, 'beta_5': 32.79638711859054, 'beta_6': 0.04486901196051533, 'beta_7': 0.01525429394521739, 'beta_8': 3.944178001603873e-05, 'beta_9': 6.826674418479823e-07}. Best is trial 691 with value: 6538.461030825155.
[I 2026-04-01 09:29:19,519] Trial 1326 finished with value: 6783.8299919135625 and parameters: {'alpha_0': 0.0007078444791674555, 'alpha_1': 5.432760327441014e-05, 'alpha_2': 5.068236462138229e-05, 'beta_0': 0.0834637835078366, 'beta_1': 6.0839801849897235, 'beta_2': 0.20090952134300388, 'beta_3': 0.0009454079019029338, 'beta_4': 7.8192349445780165, 'beta_5': 33.92295476615368, 'beta_6': 0.04193103581945484, 'beta_7': 0.016308355025862087, 'beta_8': 3.85940808428594e-05, 'beta_9': 7.819254557636719e-07}. Best is trial 691 with value: 6538.461030825155.
[I 2026-04-01 09:29:28,758] Trial 1327 finished with value: 6554.767892887341 and parameters: {'alpha_0': 0.0005751948365766138, 'alpha_1': 5.686039945490663e-05, 'alpha_2': 4.180367215417306e-05, 'beta_0': 0.09543295909007682, 'beta_1': 6.661241082800661, 'beta_2': 0.23477921172393576, 'beta_3': 0.0009824724870395633, 'beta_4': 6.211929924931093, 'beta_5': 35.70985372790086, 'beta_6': 0.04314437300079539, 'beta_7': 0.015747141380343766, 'beta_8': 3.941069850837878e-05, 'beta_9': 7.287232823193582e-07}. Best is trial 691 with value: 6538.461030825155.
[I 2026-04-01 09:29:37,998] Trial 1328 finished with value: 7268.222755631812 and parameters: {'alpha_0': 0.0006311436367772013, 'alpha_1': 5.001087351626785e-05, 'alpha_2': 4.001515785330219e-05, 'beta_0': 0.10170232271623372, 'beta_1': 5.906623405974559, 'beta_2': 0.24239369574654593, 'beta_3': 0.0009624075988351125, 'beta_4': 6.2783277139132405, 'beta_5': 37.48961050144372, 'beta_6': 0.04110379342938247, 'beta_7': 0.016852024792620907, 'beta_8': 3.784610660850227e-05, 'beta_9': 7.481814010054338e-07}. Best is trial 691 with value: 6538.461030825155.
[I 2026-04-01 09:29:47,332] Trial 1329 finished with value: 6752.196002462979 and parameters: {'alpha_0': 0.0006528294356581925, 'alpha_1': 5.0004204350157744e-05, 'alpha_2': 4.1473426363939266e-05, 'beta_0': 0.0962208937339014, 'beta_1': 6.911175627531293, 'beta_2': 0.23831791958826803, 'beta_3': 0.001003435625893398, 'beta_4': 6.405087089197452, 'beta_5': 30.222207412680262, 'beta_6': 0.04361002984297778, 'beta_7': 0.01596233252403548, 'beta_8': 3.694805774641364e-05, 'beta_9': 7.744212153208043e-07}. Best is trial 691 with value: 6538.461030825155.
[I 2026-04-01 09:29:56,673] Trial 1330 finished with value: 6996.541779187955 and parameters: {'alpha_0': 0.0006109333683256092, 'alpha_1': 5.495927827374552e-05, 'alpha_2': 4.148365864812653e-05, 'beta_0': 0.09924551634495776, 'beta_1': 6.365593855667274, 'beta_2': 0.23305725801142502, 'beta_3': 0.000902361171623305, 'beta_4': 6.472025179322183, 'beta_5': 36.792067838645316, 'beta_6': 0.041196124243788566, 'beta_7': 0.01649015414468561, 'beta_8': 3.843167387936322e-05, 'beta_9': 8.057019750759739e-07}. Best is trial 691 with value: 6538.461030825155.
[I 2026-04-01 09:30:05,939] Trial 1331 finished with value: 6709.6100853393955 and parameters: {'alpha_0': 0.0006793923643415994, 'alpha_1': 5.296446459222044e-05, 'alpha_2': 4.0015695250993145e-05, 'beta_0': 0.10719682429100258, 'beta_1': 5.421299453373698, 'beta_2': 0.22876850780264038, 'beta_3': 0.0008686641183698176, 'beta_4': 6.337737484277079, 'beta_5': 35.91984694965065, 'beta_6': 0.04572042584817133, 'beta_7': 0.015699980435652107, 'beta_8': 3.796774581465797e-05, 'beta_9': 7.323256924650969e-07}. Best is trial 691 with value: 6538.461030825155.
[I 2026-04-01 09:30:15,296] Trial 1332 finished with value: 6764.664188799739 and parameters: {'alpha_0': 0.0006078320142316524, 'alpha_1': 5.709701720772663e-05, 'alpha_2': 4.2264639938045575e-05, 'beta_0': 0.09482792190676098, 'beta_1': 6.693141512381554, 'beta_2': 0.24155719499996992, 'beta_3': 0.0009310285503481697, 'beta_4': 6.55100738983745, 'beta_5': 36.88303729131263, 'beta_6': 0.042608766583655526, 'beta_7': 0.016116849254216605, 'beta_8': 3.736987018205018e-05, 'beta_9': 7.513293454662238e-07}. Best is trial 691 with value: 6538.461030825155.
[I 2026-04-01 09:30:24,622] Trial 1333 finished with value: 6687.2018135957005 and parameters: {'alpha_0': 0.000643056183183483, 'alpha_1': 5.3474020752770674e-05, 'alpha_2': 4.1441450956513016e-05, 'beta_0': 0.09990682121444804, 'beta_1': 5.760016680099289, 'beta_2': 0.23425104365909896, 'beta_3': 0.0010646050223360013, 'beta_4': 6.226871732244801, 'beta_5': 32.339030583284504, 'beta_6': 0.04438514193865474, 'beta_7': 0.015466587349745146, 'beta_8': 3.8762393318798455e-05, 'beta_9': 7.77862907909082e-07}. Best is trial 691 with value: 6538.461030825155.
[I 2026-04-01 09:30:33,890] Trial 1334 finished with value: 6629.567353160379 and parameters: {'alpha_0': 0.0007372639671079263, 'alpha_1': 5.198158186663503e-05, 'alpha_2': 4.247029359278722e-05, 'beta_0': 0.09159518621557278, 'beta_1': 6.181694944266234, 'beta_2': 0.23655625762641155, 'beta_3': 0.0009792112853387258, 'beta_4': 6.703162524840316, 'beta_5': 33.22678620219507, 'beta_6': 0.04224755991774574, 'beta_7': 0.01581769821970251, 'beta_8': 3.876986784734127e-05, 'beta_9': 7.13135988320112e-07}. Best is trial 691 with value: 6538.461030825155.
[I 2026-04-01 09:30:43,231] Trial 1335 finished with value: 6788.5929973545835 and parameters: {'alpha_0': 0.0005834583095092322, 'alpha_1': 5.5835837913518514e-05, 'alpha_2': 4.140412602041385e-05, 'beta_0': 0.09450766990010193, 'beta_1': 6.526710026087738, 'beta_2': 0.19768017038325292, 'beta_3': 0.0009425603704758442, 'beta_4': 6.389948335271629, 'beta_5': 35.87073629774474, 'beta_6': 0.04131158519665642, 'beta_7': 0.016259374347650613, 'beta_8': 3.814800515001508e-05, 'beta_9': 1.417841349860922e-06}. Best is trial 691 with value: 6538.461030825155.Best trial: 691. Best value: 6538.46:  67%|██████▋   | 1335/2000 [11:51:58<1:43:06,  9.30s/it]Best trial: 691. Best value: 6538.46:  67%|██████▋   | 1335/2000 [11:51:58<1:43:06,  9.30s/it]Best trial: 691. Best value: 6538.46:  67%|██████▋   | 1336/2000 [11:51:58<1:43:05,  9.31s/it]                                                                                              Best trial: 691. Best value: 6538.46:  67%|██████▋   | 1336/2000 [11:52:07<1:43:05,  9.31s/it]Best trial: 691. Best value: 6538.46:  67%|██████▋   | 1336/2000 [11:52:07<1:43:05,  9.31s/it]Best trial: 691. Best value: 6538.46:  67%|██████▋   | 1337/2000 [11:52:07<1:42:54,  9.31s/it]                                                                                              Best trial: 691. Best value: 6538.46:  67%|██████▋   | 1337/2000 [11:52:17<1:42:54,  9.31s/it]Best trial: 691. Best value: 6538.46:  67%|██████▋   | 1337/2000 [11:52:17<1:42:54,  9.31s/it]Best trial: 691. Best value: 6538.46:  67%|██████▋   | 1338/2000 [11:52:17<1:43:27,  9.38s/it]                                                                                              Best trial: 691. Best value: 6538.46:  67%|██████▋   | 1338/2000 [11:52:26<1:43:27,  9.38s/it]Best trial: 691. Best value: 6538.46:  67%|██████▋   | 1338/2000 [11:52:26<1:43:27,  9.38s/it]Best trial: 691. Best value: 6538.46:  67%|██████▋   | 1339/2000 [11:52:26<1:42:37,  9.31s/it]                                                                                              Best trial: 691. Best value: 6538.46:  67%|██████▋   | 1339/2000 [11:52:36<1:42:37,  9.31s/it]Best trial: 691. Best value: 6538.46:  67%|██████▋   | 1339/2000 [11:52:36<1:42:37,  9.31s/it]Best trial: 691. Best value: 6538.46:  67%|██████▋   | 1340/2000 [11:52:36<1:42:53,  9.35s/it]                                                                                              Best trial: 691. Best value: 6538.46:  67%|██████▋   | 1340/2000 [11:52:45<1:42:53,  9.35s/it]Best trial: 691. Best value: 6538.46:  67%|██████▋   | 1340/2000 [11:52:45<1:42:53,  9.35s/it]Best trial: 691. Best value: 6538.46:  67%|██████▋   | 1341/2000 [11:52:45<1:42:23,  9.32s/it]                                                                                              Best trial: 691. Best value: 6538.46:  67%|██████▋   | 1341/2000 [11:52:54<1:42:23,  9.32s/it]Best trial: 691. Best value: 6538.46:  67%|██████▋   | 1341/2000 [11:52:54<1:42:23,  9.32s/it]Best trial: 691. Best value: 6538.46:  67%|██████▋   | 1342/2000 [11:52:54<1:41:49,  9.28s/it]                                                                                              Best trial: 691. Best value: 6538.46:  67%|██████▋   | 1342/2000 [11:53:03<1:41:49,  9.28s/it]Best trial: 691. Best value: 6538.46:  67%|██████▋   | 1342/2000 [11:53:03<1:41:49,  9.28s/it]Best trial: 691. Best value: 6538.46:  67%|██████▋   | 1343/2000 [11:53:03<1:41:37,  9.28s/it]                                                                                              Best trial: 691. Best value: 6538.46:  67%|██████▋   | 1343/2000 [11:53:13<1:41:37,  9.28s/it]Best trial: 691. Best value: 6538.46:  67%|██████▋   | 1343/2000 [11:53:13<1:41:37,  9.28s/it]Best trial: 691. Best value: 6538.46:  67%|██████▋   | 1344/2000 [11:53:13<1:41:34,  9.29s/it]                                                                                              Best trial: 691. Best value: 6538.46:  67%|██████▋   | 1344/2000 [11:53:22<1:41:34,  9.29s/it]Best trial: 691. Best value: 6538.46:  67%|██████▋   | 1344/2000 [11:53:22<1:41:34,  9.29s/it]Best trial: 691. Best value: 6538.46:  67%|██████▋   | 1345/2000 [11:53:22<1:41:24,  9.29s/it]                                                                                              Best trial: 691. Best value: 6538.46:  67%|██████▋   | 1345/2000 [11:53:31<1:41:24,  9.29s/it]Best trial: 691. Best value: 6538.46:  67%|██████▋   | 1345/2000 [11:53:31<1:41:24,  9.29s/it]Best trial: 691. Best value: 6538.46:  67%|██████▋   | 1346/2000 [11:53:31<1:41:15,  9.29s/it]                                                                                              Best trial: 691. Best value: 6538.46:  67%|██████▋   | 1346/2000 [11:53:41<1:41:15,  9.29s/it]Best trial: 691. Best value: 6538.46:  67%|██████▋   | 1346/2000 [11:53:41<1:41:15,  9.29s/it]Best trial: 691. Best value: 6538.46:  67%|██████▋   | 1347/2000 [11:53:41<1:41:16,  9.30s/it]                                                                                              Best trial: 691. Best value: 6538.46:  67%|██████▋   | 1347/2000 [11:53:50<1:41:16,  9.30s/it]Best trial: 691. Best value: 6538.46:  67%|██████▋   | 1347/2000 [11:53:50<1:41:16,  9.30s/it]Best trial: 691. Best value: 6538.46:  67%|██████▋   | 1348/2000 [11:53:50<1:41:04,  9.30s/it]                                                                                              Best trial: 691. Best value: 6538.46:  67%|██████▋   | 1348/2000 [11:53:59<1:41:04,  9.30s/it]Best trial: 691. Best value: 6538.46:  67%|██████▋   | 1348/2000 [11:53:59<1:41:04,  9.30s/it]Best trial: 691. Best value: 6538.46:  67%|██████▋   | 1349/2000 [11:53:59<1:40:36,  9.27s/it]                                                                                              Best trial: 691. Best value: 6538.46:  67%|██████▋   | 1349/2000 [11:54:08<1:40:36,  9.27s/it]Best trial: 691. Best value: 6538.46:  67%|██████▋   | 1349/2000 [11:54:08<1:40:36,  9.27s/it]Best trial: 691. Best value: 6538.46:  68%|██████▊   | 1350/2000 [11:54:08<1:40:25,  9.27s/it]                                                                                              
[I 2026-04-01 09:30:52,541] Trial 1336 finished with value: inf and parameters: {'alpha_0': 0.0006923225222943015, 'alpha_1': 5.893040852460516e-05, 'alpha_2': 4.2860751264018056e-05, 'beta_0': 0.10444823424274524, 'beta_1': 9.329186069614055, 'beta_2': 0.23520862010351853, 'beta_3': 0.0009679758334218925, 'beta_4': 6.586085602107376, 'beta_5': 31.79579726088121, 'beta_6': 0.04354068530768633, 'beta_7': 0.021749402923689945, 'beta_8': 3.902087337954278e-05, 'beta_9': 7.328246203762201e-07}. Best is trial 691 with value: 6538.461030825155.
[I 2026-04-01 09:31:02,067] Trial 1337 finished with value: 7221.789828571427 and parameters: {'alpha_0': 0.0006285378516866191, 'alpha_1': 5.3587406002166925e-05, 'alpha_2': 4.122168929603277e-05, 'beta_0': 0.09768953143691841, 'beta_1': 6.038339709760605, 'beta_2': 0.23519247529138052, 'beta_3': 0.0009182876022933913, 'beta_4': 6.903364269098394, 'beta_5': 33.59378892807865, 'beta_6': 0.04000045024252666, 'beta_7': 0.015304551531340803, 'beta_8': 3.9372713490738085e-05, 'beta_9': 7.639942889664959e-07}. Best is trial 691 with value: 6538.461030825155.
