[I 2026-03-31 22:48:40,731] Trial 465 finished with value: 7157.449048701342 and parameters: {'alpha_0': 0.0010658524603943836, 'alpha_1': 6.438958820314168e-05, 'alpha_2': 4.367997482441357e-05, 'beta_0': 0.061267865147719716, 'beta_1': 7.316725908625507, 'beta_2': 0.19981194191614957, 'beta_3': 0.0013159735650807144, 'beta_4': 5.834463814621076, 'beta_5': 43.03860982636272, 'beta_6': 0.04498722827197972, 'beta_7': 0.01629201923313242, 'beta_8': 1.7513799969518223e-05, 'beta_9': 9.421925259261537e-07}. Best is trial 381 with value: 6572.730744725488.Best trial: 381. Best value: 6572.73:  23%|██▎       | 465/2000 [1:09:56<3:55:55,  9.22s/it]Best trial: 381. Best value: 6572.73:  23%|██▎       | 465/2000 [1:09:56<3:55:55,  9.22s/it]Best trial: 381. Best value: 6572.73:  23%|██▎       | 466/2000 [1:09:56<3:55:51,  9.23s/it]                                                                                            Best trial: 381. Best value: 6572.73:  23%|██▎       | 466/2000 [1:10:05<3:55:51,  9.23s/it]Best trial: 381. Best value: 6572.73:  23%|██▎       | 466/2000 [1:10:05<3:55:51,  9.23s/it]Best trial: 381. Best value: 6572.73:  23%|██▎       | 467/2000 [1:10:05<3:57:49,  9.31s/it]                                                                                            Best trial: 381. Best value: 6572.73:  23%|██▎       | 467/2000 [1:10:15<3:57:49,  9.31s/it]Best trial: 381. Best value: 6572.73:  23%|██▎       | 467/2000 [1:10:15<3:57:49,  9.31s/it]Best trial: 381. Best value: 6572.73:  23%|██▎       | 468/2000 [1:10:15<3:58:00,  9.32s/it]                                                                                            Best trial: 381. Best value: 6572.73:  23%|██▎       | 468/2000 [1:10:24<3:58:00,  9.32s/it]Best trial: 381. Best value: 6572.73:  23%|██▎       | 468/2000 [1:10:24<3:58:00,  9.32s/it]Best trial: 381. Best value: 6572.73:  23%|██▎       | 469/2000 [1:10:24<3:57:14,  9.30s/it]                                                                                            Best trial: 381. Best value: 6572.73:  23%|██▎       | 469/2000 [1:10:33<3:57:14,  9.30s/it]Best trial: 381. Best value: 6572.73:  23%|██▎       | 469/2000 [1:10:33<3:57:14,  9.30s/it]Best trial: 381. Best value: 6572.73:  24%|██▎       | 470/2000 [1:10:33<3:59:54,  9.41s/it]                                                                                            Best trial: 381. Best value: 6572.73:  24%|██▎       | 470/2000 [1:10:43<3:59:54,  9.41s/it]Best trial: 381. Best value: 6572.73:  24%|██▎       | 470/2000 [1:10:43<3:59:54,  9.41s/it]Best trial: 381. Best value: 6572.73:  24%|██▎       | 471/2000 [1:10:43<3:57:49,  9.33s/it]                                                                                            Best trial: 381. Best value: 6572.73:  24%|██▎       | 471/2000 [1:10:52<3:57:49,  9.33s/it]Best trial: 381. Best value: 6572.73:  24%|██▎       | 471/2000 [1:10:52<3:57:49,  9.33s/it]Best trial: 381. Best value: 6572.73:  24%|██▎       | 472/2000 [1:10:52<3:57:45,  9.34s/it]                                                                                            Best trial: 381. Best value: 6572.73:  24%|██▎       | 472/2000 [1:11:01<3:57:45,  9.34s/it]Best trial: 381. Best value: 6572.73:  24%|██▎       | 472/2000 [1:11:01<3:57:45,  9.34s/it]Best trial: 381. Best value: 6572.73:  24%|██▎       | 473/2000 [1:11:01<3:55:50,  9.27s/it]                                                                                            Best trial: 381. Best value: 6572.73:  24%|██▎       | 473/2000 [1:11:10<3:55:50,  9.27s/it]Best trial: 381. Best value: 6572.73:  24%|██▎       | 473/2000 [1:11:10<3:55:50,  9.27s/it]Best trial: 381. Best value: 6572.73:  24%|██▎       | 474/2000 [1:11:10<3:55:06,  9.24s/it]                                                                                            Best trial: 381. Best value: 6572.73:  24%|██▎       | 474/2000 [1:11:20<3:55:06,  9.24s/it]Best trial: 381. Best value: 6572.73:  24%|██▎       | 474/2000 [1:11:20<3:55:06,  9.24s/it]Best trial: 381. Best value: 6572.73:  24%|██▍       | 475/2000 [1:11:20<3:57:09,  9.33s/it]                                                                                            Best trial: 381. Best value: 6572.73:  24%|██▍       | 475/2000 [1:11:29<3:57:09,  9.33s/it]Best trial: 381. Best value: 6572.73:  24%|██▍       | 475/2000 [1:11:29<3:57:09,  9.33s/it]Best trial: 381. Best value: 6572.73:  24%|██▍       | 476/2000 [1:11:29<3:58:06,  9.37s/it]                                                                                            Best trial: 381. Best value: 6572.73:  24%|██▍       | 476/2000 [1:11:39<3:58:06,  9.37s/it]Best trial: 381. Best value: 6572.73:  24%|██▍       | 476/2000 [1:11:39<3:58:06,  9.37s/it]Best trial: 381. Best value: 6572.73:  24%|██▍       | 477/2000 [1:11:39<3:57:32,  9.36s/it]                                                                                            Best trial: 381. Best value: 6572.73:  24%|██▍       | 477/2000 [1:11:48<3:57:32,  9.36s/it]Best trial: 381. Best value: 6572.73:  24%|██▍       | 477/2000 [1:11:48<3:57:32,  9.36s/it]Best trial: 381. Best value: 6572.73:  24%|██▍       | 478/2000 [1:11:48<3:57:41,  9.37s/it]                                                                                            Best trial: 381. Best value: 6572.73:  24%|██▍       | 478/2000 [1:11:57<3:57:41,  9.37s/it]Best trial: 381. Best value: 6572.73:  24%|██▍       | 478/2000 [1:11:57<3:57:41,  9.37s/it]Best trial: 381. Best value: 6572.73:  24%|██▍       | 479/2000 [1:11:57<3:56:20,  9.32s/it]                                                                                            Best trial: 381. Best value: 6572.73:  24%|██▍       | 479/2000 [1:12:06<3:56:20,  9.32s/it]Best trial: 381. Best value: 6572.73:  24%|██▍       | 479/2000 [1:12:06<3:56:20,  9.32s/it]Best trial: 381. Best value: 6572.73:  24%|██▍       | 480/2000 [1:12:06<3:55:36,  9.30s/it]                                                                                            
[I 2026-03-31 22:48:50,234] Trial 466 finished with value: 6752.633683409134 and parameters: {'alpha_0': 0.000913276200945753, 'alpha_1': 5.844414942906801e-05, 'alpha_2': 5.365034096656625e-05, 'beta_0': 0.05511197511482332, 'beta_1': 6.875728223905612, 'beta_2': 0.18370835645667968, 'beta_3': 0.0014157210686087621, 'beta_4': 3.235728645861119, 'beta_5': 38.148573501857584, 'beta_6': 0.04320778106215057, 'beta_7': 0.015558773661810646, 'beta_8': 1.4420461048951754e-05, 'beta_9': 8.172184964898035e-07}. Best is trial 381 with value: 6572.730744725488.
[I 2026-03-31 22:48:59,586] Trial 467 finished with value: 6764.482848379959 and parameters: {'alpha_0': 0.002173620748033588, 'alpha_1': 6.66255458540607e-05, 'alpha_2': 4.664500347065666e-05, 'beta_0': 0.06446957670918614, 'beta_1': 8.381285748440238, 'beta_2': 0.17874286270952186, 'beta_3': 0.0013773387412400243, 'beta_4': 3.461831121114923, 'beta_5': 39.72211985644825, 'beta_6': 0.0410894022225106, 'beta_7': 0.015793332917301638, 'beta_8': 1.610071040654739e-05, 'beta_9': 8.846034554147339e-07}. Best is trial 381 with value: 6572.730744725488.
[I 2026-03-31 22:49:08,828] Trial 468 finished with value: 7158.392441483518 and parameters: {'alpha_0': 0.001009969140374437, 'alpha_1': 6.279096448808972e-05, 'alpha_2': 5.103893014771253e-05, 'beta_0': 0.058716938456809774, 'beta_1': 7.743876763063828, 'beta_2': 0.18705806253773166, 'beta_3': 0.0014241113765794645, 'beta_4': 6.211308685183278, 'beta_5': 36.142326223795834, 'beta_6': 0.04580424184631209, 'beta_7': 0.01616480912476766, 'beta_8': 1.8511225702672853e-05, 'beta_9': 7.880878306640529e-07}. Best is trial 381 with value: 6572.730744725488.
[I 2026-03-31 22:49:18,495] Trial 469 finished with value: 7782.356314628836 and parameters: {'alpha_0': 0.002120130273105607, 'alpha_1': 6.0927909424221714e-05, 'alpha_2': 4.5866265157301956e-05, 'beta_0': 0.06562372447990839, 'beta_1': 6.059053933305366, 'beta_2': 0.18295019404829665, 'beta_3': 0.0007812089191959065, 'beta_4': 3.3608164240642613, 'beta_5': 37.13368915636098, 'beta_6': 0.04338229047958167, 'beta_7': 0.01506663584174588, 'beta_8': 1.7416014617865275e-05, 'beta_9': 8.54193407973076e-07}. Best is trial 381 with value: 6572.730744725488.
[I 2026-03-31 22:49:27,651] Trial 470 finished with value: 7237.629238959362 and parameters: {'alpha_0': 0.0011116682834652503, 'alpha_1': 6.834534113539365e-05, 'alpha_2': 4.8787539351261677e-05, 'beta_0': 0.060181634963402744, 'beta_1': 8.823502936073767, 'beta_2': 0.18502937103048625, 'beta_3': 0.001352184368549742, 'beta_4': 3.1008533553467625, 'beta_5': 40.77462766601368, 'beta_6': 0.0421293060013343, 'beta_7': 0.016541781828141887, 'beta_8': 1.669587917190714e-05, 'beta_9': 1.958338275588168e-06}. Best is trial 381 with value: 6572.730744725488.
[I 2026-03-31 22:49:36,996] Trial 471 finished with value: 6716.183540774327 and parameters: {'alpha_0': 0.0022320021310010384, 'alpha_1': 6.58589273656634e-05, 'alpha_2': 4.3949438228388475e-05, 'beta_0': 0.054727027518018626, 'beta_1': 8.13238205228245, 'beta_2': 0.1766578573726828, 'beta_3': 0.001094449075314537, 'beta_4': 6.001415588389287, 'beta_5': 33.95397312752915, 'beta_6': 0.044882155963826394, 'beta_7': 0.015452621489742555, 'beta_8': 1.5415245254533544e-05, 'beta_9': 9.1171652423776e-07}. Best is trial 381 with value: 6572.730744725488.
[I 2026-03-31 22:49:46,100] Trial 472 finished with value: 6869.318347381915 and parameters: {'alpha_0': 0.0024572434477726874, 'alpha_1': 6.4013677771093e-05, 'alpha_2': 5.664326349027879e-05, 'beta_0': 0.20235870053157107, 'beta_1': 7.1380082037978685, 'beta_2': 0.1802212815140953, 'beta_3': 0.001388296570748846, 'beta_4': 3.1876081199159896, 'beta_5': 34.87142928327153, 'beta_6': 0.04399171475635498, 'beta_7': 0.015942578481665297, 'beta_8': 1.7960099576828758e-05, 'beta_9': 8.315565361654621e-07}. Best is trial 381 with value: 6572.730744725488.
[I 2026-03-31 22:49:55,290] Trial 473 finished with value: 7130.917829465627 and parameters: {'alpha_0': 0.0013824073349402828, 'alpha_1': 5.826103059085802e-05, 'alpha_2': 4.519365530903086e-05, 'beta_0': 0.0662203995345251, 'beta_1': 6.736616066455639, 'beta_2': 0.18750320223375747, 'beta_3': 0.0013341960759329777, 'beta_4': 5.7557050233718305, 'beta_5': 35.94283705832745, 'beta_6': 0.042317797947987255, 'beta_7': 0.016251833924475108, 'beta_8': 1.2571255439729541e-05, 'beta_9': 8.808826259979158e-07}. Best is trial 381 with value: 6572.730744725488.
[I 2026-03-31 22:50:04,823] Trial 474 finished with value: 7479.826431974876 and parameters: {'alpha_0': 0.0017158633619035826, 'alpha_1': 6.069820070321298e-05, 'alpha_2': 4.9200562522834265e-05, 'beta_0': 0.05800824632158851, 'beta_1': 7.565808024773221, 'beta_2': 0.18166429810168794, 'beta_3': 0.000416171322674638, 'beta_4': 3.287619391141435, 'beta_5': 37.052352654851276, 'beta_6': 0.040902161415403156, 'beta_7': 0.015714185324852657, 'beta_8': 1.9122898935776722e-05, 'beta_9': 9.065753818150834e-07}. Best is trial 381 with value: 6572.730744725488.
[I 2026-03-31 22:50:14,300] Trial 475 finished with value: 7218.65535513433 and parameters: {'alpha_0': 0.0009565614048780018, 'alpha_1': 6.751794037943931e-05, 'alpha_2': 4.682494802309194e-05, 'beta_0': 0.0621375660262027, 'beta_1': 7.404011669176677, 'beta_2': 0.15278582502682456, 'beta_3': 0.0007408167746503222, 'beta_4': 3.5641404286330634, 'beta_5': 38.06923321554769, 'beta_6': 0.04627850250963242, 'beta_7': 0.016807625875153255, 'beta_8': 1.3750322397678043e-05, 'beta_9': 9.585444624472634e-07}. Best is trial 381 with value: 6572.730744725488.
[I 2026-03-31 22:50:23,619] Trial 476 finished with value: 7194.106333571738 and parameters: {'alpha_0': 0.0010657268691959454, 'alpha_1': 6.520259674649752e-05, 'alpha_2': 5.122223241735107e-05, 'beta_0': 0.053121885199979846, 'beta_1': 7.044882226125609, 'beta_2': 0.1844107481766737, 'beta_3': 0.0014378322959398828, 'beta_4': 3.022494669903811, 'beta_5': 36.49237895983506, 'beta_6': 0.043458164206308894, 'beta_7': 0.015000782697853134, 'beta_8': 1.6982318232226437e-05, 'beta_9': 7.921283717726517e-07}. Best is trial 381 with value: 6572.730744725488.
[I 2026-03-31 22:50:33,018] Trial 477 finished with value: 6741.262332145484 and parameters: {'alpha_0': 0.0011471691929330443, 'alpha_1': 5.1963933407850676e-05, 'alpha_2': 4.295714710487857e-05, 'beta_0': 0.06670559229396442, 'beta_1': 10.27418414190673, 'beta_2': 0.1543578802064589, 'beta_3': 0.0010671349563272632, 'beta_4': 3.6880809769336538, 'beta_5': 39.03552785874419, 'beta_6': 0.0448644572053847, 'beta_7': 0.01602608755434055, 'beta_8': 1.606935075140107e-05, 'beta_9': 1.5461638509440058e-06}. Best is trial 381 with value: 6572.730744725488.
[I 2026-03-31 22:50:42,231] Trial 478 finished with value: 6786.913555935121 and parameters: {'alpha_0': 0.0010238771115600302, 'alpha_1': 6.996263221504413e-05, 'alpha_2': 4.779415991900803e-05, 'beta_0': 0.06134538781351556, 'beta_1': 7.217185431924734, 'beta_2': 0.18674450145997856, 'beta_3': 0.0007689589469466083, 'beta_4': 3.1800316434281855, 'beta_5': 42.13227465670623, 'beta_6': 0.0424884549326191, 'beta_7': 0.016475001425331162, 'beta_8': 2.6179856174866567e-05, 'beta_9': 8.559457271374873e-07}. Best is trial 381 with value: 6572.730744725488.
[I 2026-03-31 22:50:51,478] Trial 479 finished with value: 7157.909842168281 and parameters: {'alpha_0': 0.000976362957976544, 'alpha_1': 6.267207151750055e-05, 'alpha_2': 4.4861159005759476e-05, 'beta_0': 0.05657078980062784, 'beta_1': 6.511179905583922, 'beta_2': 0.183114945615764, 'beta_3': 0.0008223860080656663, 'beta_4': 6.563050375992983, 'beta_5': 37.321655020501474, 'beta_6': 0.041158765864777236, 'beta_7': 0.01546719690618391, 'beta_8': 1.8087593493902998e-05, 'beta_9': 9.409185165562088e-07}. Best is trial 381 with value: 6572.730744725488.
[I 2026-03-31 22:51:00,753] Trial 480 finished with value: 6728.993852972053 and parameters: {'alpha_0': 0.0010966414849961925, 'alpha_1': 6.592921465520736e-05, 'alpha_2': 5.2844690790934265e-05, 'beta_0': 0.06405217396982921, 'beta_1': 7.4191525123783455, 'beta_2': 0.1799756956126178, 'beta_3': 0.0011613550410032349, 'beta_4': 6.32892727907331, 'beta_5': 33.95526901673822, 'beta_6': 0.04441966341109868, 'beta_7': 0.015787533277663954, 'beta_8': 1.7502867872496802e-05, 'beta_9': 8.279241425379887e-07}. Best is trial 381 with value: 6572.730744725488.Best trial: 381. Best value: 6572.73:  24%|██▍       | 480/2000 [1:12:16<3:55:36,  9.30s/it]Best trial: 381. Best value: 6572.73:  24%|██▍       | 480/2000 [1:12:16<3:55:36,  9.30s/it]Best trial: 381. Best value: 6572.73:  24%|██▍       | 481/2000 [1:12:16<3:55:15,  9.29s/it]                                                                                            Best trial: 381. Best value: 6572.73:  24%|██▍       | 481/2000 [1:12:25<3:55:15,  9.29s/it]Best trial: 381. Best value: 6572.73:  24%|██▍       | 481/2000 [1:12:25<3:55:15,  9.29s/it]Best trial: 381. Best value: 6572.73:  24%|██▍       | 482/2000 [1:12:25<3:54:36,  9.27s/it]                                                                                            Best trial: 381. Best value: 6572.73:  24%|██▍       | 482/2000 [1:12:34<3:54:36,  9.27s/it]Best trial: 381. Best value: 6572.73:  24%|██▍       | 482/2000 [1:12:34<3:54:36,  9.27s/it]Best trial: 381. Best value: 6572.73:  24%|██▍       | 483/2000 [1:12:34<3:54:26,  9.27s/it]                                                                                            Best trial: 381. Best value: 6572.73:  24%|██▍       | 483/2000 [1:12:43<3:54:26,  9.27s/it]Best trial: 381. Best value: 6572.73:  24%|██▍       | 483/2000 [1:12:43<3:54:26,  9.27s/it]Best trial: 381. Best value: 6572.73:  24%|██▍       | 484/2000 [1:12:43<3:53:42,  9.25s/it]                                                                                            Best trial: 381. Best value: 6572.73:  24%|██▍       | 484/2000 [1:12:53<3:53:42,  9.25s/it]Best trial: 381. Best value: 6572.73:  24%|██▍       | 484/2000 [1:12:53<3:53:42,  9.25s/it]Best trial: 381. Best value: 6572.73:  24%|██▍       | 485/2000 [1:12:53<3:53:33,  9.25s/it]                                                                                            Best trial: 381. Best value: 6572.73:  24%|██▍       | 485/2000 [1:13:02<3:53:33,  9.25s/it]Best trial: 381. Best value: 6572.73:  24%|██▍       | 485/2000 [1:13:02<3:53:33,  9.25s/it]Best trial: 381. Best value: 6572.73:  24%|██▍       | 486/2000 [1:13:02<3:53:30,  9.25s/it]                                                                                            Best trial: 381. Best value: 6572.73:  24%|██▍       | 486/2000 [1:13:11<3:53:30,  9.25s/it]Best trial: 381. Best value: 6572.73:  24%|██▍       | 486/2000 [1:13:11<3:53:30,  9.25s/it]Best trial: 381. Best value: 6572.73:  24%|██▍       | 487/2000 [1:13:11<3:53:52,  9.27s/it]                                                                                            Best trial: 381. Best value: 6572.73:  24%|██▍       | 487/2000 [1:13:20<3:53:52,  9.27s/it]Best trial: 381. Best value: 6572.73:  24%|██▍       | 487/2000 [1:13:20<3:53:52,  9.27s/it]Best trial: 381. Best value: 6572.73:  24%|██▍       | 488/2000 [1:13:20<3:52:52,  9.24s/it]                                                                                            Best trial: 381. Best value: 6572.73:  24%|██▍       | 488/2000 [1:13:30<3:52:52,  9.24s/it]Best trial: 381. Best value: 6572.73:  24%|██▍       | 488/2000 [1:13:30<3:52:52,  9.24s/it]Best trial: 381. Best value: 6572.73:  24%|██▍       | 489/2000 [1:13:30<3:52:48,  9.24s/it]                                                                                            Best trial: 381. Best value: 6572.73:  24%|██▍       | 489/2000 [1:13:39<3:52:48,  9.24s/it]Best trial: 381. Best value: 6572.73:  24%|██▍       | 489/2000 [1:13:39<3:52:48,  9.24s/it]Best trial: 381. Best value: 6572.73:  24%|██▍       | 490/2000 [1:13:39<3:52:15,  9.23s/it]                                                                                            Best trial: 381. Best value: 6572.73:  24%|██▍       | 490/2000 [1:13:48<3:52:15,  9.23s/it]Best trial: 381. Best value: 6572.73:  24%|██▍       | 490/2000 [1:13:48<3:52:15,  9.23s/it]Best trial: 381. Best value: 6572.73:  25%|██▍       | 491/2000 [1:13:48<3:52:55,  9.26s/it]                                                                                            Best trial: 381. Best value: 6572.73:  25%|██▍       | 491/2000 [1:13:57<3:52:55,  9.26s/it]Best trial: 381. Best value: 6572.73:  25%|██▍       | 491/2000 [1:13:57<3:52:55,  9.26s/it]Best trial: 381. Best value: 6572.73:  25%|██▍       | 492/2000 [1:13:57<3:52:33,  9.25s/it]                                                                                            Best trial: 381. Best value: 6572.73:  25%|██▍       | 492/2000 [1:14:07<3:52:33,  9.25s/it]Best trial: 381. Best value: 6572.73:  25%|██▍       | 492/2000 [1:14:07<3:52:33,  9.25s/it]Best trial: 381. Best value: 6572.73:  25%|██▍       | 493/2000 [1:14:07<3:52:13,  9.25s/it]                                                                                            Best trial: 381. Best value: 6572.73:  25%|██▍       | 493/2000 [1:14:16<3:52:13,  9.25s/it]Best trial: 381. Best value: 6572.73:  25%|██▍       | 493/2000 [1:14:16<3:52:13,  9.25s/it]Best trial: 381. Best value: 6572.73:  25%|██▍       | 494/2000 [1:14:16<3:52:07,  9.25s/it]                                                                                            Best trial: 381. Best value: 6572.73:  25%|██▍       | 494/2000 [1:14:25<3:52:07,  9.25s/it]Best trial: 381. Best value: 6572.73:  25%|██▍       | 494/2000 [1:14:25<3:52:07,  9.25s/it]Best trial: 381. Best value: 6572.73:  25%|██▍       | 495/2000 [1:14:25<3:51:53,  9.24s/it]                                                                                            
[I 2026-03-31 22:51:09,981] Trial 481 finished with value: 6734.133328241907 and parameters: {'alpha_0': 0.0011549770379260334, 'alpha_1': 5.9878692927123956e-05, 'alpha_2': 5.007388454293096e-05, 'beta_0': 0.050079450899434025, 'beta_1': 8.520655629507111, 'beta_2': 0.18895432066691292, 'beta_3': 0.0007881308857959955, 'beta_4': 5.60005044232989, 'beta_5': 35.68213835652982, 'beta_6': 0.04002727560218002, 'beta_7': 0.01620638370768026, 'beta_8': 2.3510503934908366e-05, 'beta_9': 1.8731838425050152e-06}. Best is trial 381 with value: 6572.730744725488.
[I 2026-03-31 22:51:19,251] Trial 482 finished with value: 6658.1032493710045 and parameters: {'alpha_0': 0.0010416948783343663, 'alpha_1': 6.839093248409873e-05, 'alpha_2': 4.3335530224921855e-05, 'beta_0': 0.058905716244279885, 'beta_1': 6.812054133522295, 'beta_2': 0.1854826975096107, 'beta_3': 0.001483108182657762, 'beta_4': 5.369298145779777, 'beta_5': 35.255975053949875, 'beta_6': 0.04581944918955448, 'beta_7': 0.01536531926978206, 'beta_8': 1.659773288128997e-05, 'beta_9': 1.1255783809234465e-06}. Best is trial 381 with value: 6572.730744725488.
[I 2026-03-31 22:51:28,448] Trial 483 finished with value: 6832.866406061334 and parameters: {'alpha_0': 0.0011170726681603114, 'alpha_1': 6.273697381130512e-05, 'alpha_2': 4.5948571693896285e-05, 'beta_0': 0.06737179007813231, 'beta_1': 6.991771023169711, 'beta_2': 0.18339982947172898, 'beta_3': 0.0007373195674951368, 'beta_4': 3.4164959584244996, 'beta_5': 40.292494447881865, 'beta_6': 0.08402943890803774, 'beta_7': 0.015935390586701976, 'beta_8': 1.5383584545607483e-05, 'beta_9': 8.769134896750315e-07}. Best is trial 381 with value: 6572.730744725488.
