[I 2026-03-31 23:49:42,415] Trial 870 finished with value: 6993.712161511876 and parameters: {'alpha_0': 0.0006764040287636241, 'alpha_1': 5.696810133032884e-05, 'alpha_2': 4.003066697370648e-05, 'beta_0': 0.1495856662639405, 'beta_1': 6.755070766905739, 'beta_2': 0.1671825650189865, 'beta_3': 0.0008730342267417624, 'beta_4': 7.123957701072362, 'beta_5': 31.33397829268514, 'beta_6': 0.04399566032151481, 'beta_7': 0.015527848612174204, 'beta_8': 3.9396992218498126e-05, 'beta_9': 6.973136538824214e-07}. Best is trial 691 with value: 6538.461030825155.Best trial: 691. Best value: 6538.46:  44%|████▎     | 870/2000 [2:10:57<2:59:50,  9.55s/it]Best trial: 691. Best value: 6538.46:  44%|████▎     | 870/2000 [2:10:57<2:59:50,  9.55s/it]Best trial: 691. Best value: 6538.46:  44%|████▎     | 871/2000 [2:10:57<3:12:35, 10.24s/it]                                                                                            Best trial: 691. Best value: 6538.46:  44%|████▎     | 871/2000 [2:11:07<3:12:35, 10.24s/it]Best trial: 691. Best value: 6538.46:  44%|████▎     | 871/2000 [2:11:07<3:12:35, 10.24s/it]Best trial: 691. Best value: 6538.46:  44%|████▎     | 872/2000 [2:11:07<3:06:35,  9.93s/it]                                                                                            Best trial: 691. Best value: 6538.46:  44%|████▎     | 872/2000 [2:11:16<3:06:35,  9.93s/it]Best trial: 691. Best value: 6538.46:  44%|████▎     | 872/2000 [2:11:16<3:06:35,  9.93s/it]Best trial: 691. Best value: 6538.46:  44%|████▎     | 873/2000 [2:11:16<3:03:25,  9.77s/it]                                                                                            Best trial: 691. Best value: 6538.46:  44%|████▎     | 873/2000 [2:11:28<3:03:25,  9.77s/it]Best trial: 691. Best value: 6538.46:  44%|████▎     | 873/2000 [2:11:28<3:03:25,  9.77s/it]Best trial: 691. Best value: 6538.46:  44%|████▎     | 874/2000 [2:11:28<3:16:55, 10.49s/it]                                                                                            Best trial: 691. Best value: 6538.46:  44%|████▎     | 874/2000 [2:11:30<3:16:55, 10.49s/it]Best trial: 691. Best value: 6538.46:  44%|████▎     | 874/2000 [2:11:30<3:16:55, 10.49s/it]Best trial: 691. Best value: 6538.46:  44%|████▍     | 875/2000 [2:11:30<2:27:12,  7.85s/it]                                                                                            Best trial: 691. Best value: 6538.46:  44%|████▍     | 875/2000 [2:11:39<2:27:12,  7.85s/it]Best trial: 691. Best value: 6538.46:  44%|████▍     | 875/2000 [2:11:39<2:27:12,  7.85s/it]Best trial: 691. Best value: 6538.46:  44%|████▍     | 876/2000 [2:11:39<2:34:58,  8.27s/it]                                                                                            Best trial: 691. Best value: 6538.46:  44%|████▍     | 876/2000 [2:11:48<2:34:58,  8.27s/it]Best trial: 691. Best value: 6538.46:  44%|████▍     | 876/2000 [2:11:48<2:34:58,  8.27s/it]Best trial: 691. Best value: 6538.46:  44%|████▍     | 877/2000 [2:11:48<2:40:48,  8.59s/it]                                                                                            Best trial: 691. Best value: 6538.46:  44%|████▍     | 877/2000 [2:11:58<2:40:48,  8.59s/it]Best trial: 691. Best value: 6538.46:  44%|████▍     | 877/2000 [2:11:58<2:40:48,  8.59s/it]Best trial: 691. Best value: 6538.46:  44%|████▍     | 878/2000 [2:11:58<2:44:36,  8.80s/it]                                                                                            Best trial: 691. Best value: 6538.46:  44%|████▍     | 878/2000 [2:12:07<2:44:36,  8.80s/it]Best trial: 691. Best value: 6538.46:  44%|████▍     | 878/2000 [2:12:07<2:44:36,  8.80s/it]Best trial: 691. Best value: 6538.46:  44%|████▍     | 879/2000 [2:12:07<2:47:19,  8.96s/it]                                                                                            Best trial: 691. Best value: 6538.46:  44%|████▍     | 879/2000 [2:12:16<2:47:19,  8.96s/it]Best trial: 691. Best value: 6538.46:  44%|████▍     | 879/2000 [2:12:16<2:47:19,  8.96s/it]Best trial: 691. Best value: 6538.46:  44%|████▍     | 880/2000 [2:12:16<2:49:05,  9.06s/it]                                                                                            Best trial: 691. Best value: 6538.46:  44%|████▍     | 880/2000 [2:12:26<2:49:05,  9.06s/it]Best trial: 691. Best value: 6538.46:  44%|████▍     | 880/2000 [2:12:26<2:49:05,  9.06s/it]Best trial: 691. Best value: 6538.46:  44%|████▍     | 881/2000 [2:12:26<2:51:28,  9.19s/it]                                                                                            Best trial: 691. Best value: 6538.46:  44%|████▍     | 881/2000 [2:12:35<2:51:28,  9.19s/it]Best trial: 691. Best value: 6538.46:  44%|████▍     | 881/2000 [2:12:35<2:51:28,  9.19s/it]Best trial: 691. Best value: 6538.46:  44%|████▍     | 882/2000 [2:12:35<2:51:07,  9.18s/it]                                                                                            Best trial: 691. Best value: 6538.46:  44%|████▍     | 882/2000 [2:12:44<2:51:07,  9.18s/it]Best trial: 691. Best value: 6538.46:  44%|████▍     | 882/2000 [2:12:44<2:51:07,  9.18s/it]Best trial: 691. Best value: 6538.46:  44%|████▍     | 883/2000 [2:12:44<2:51:42,  9.22s/it]                                                                                            Best trial: 691. Best value: 6538.46:  44%|████▍     | 883/2000 [2:12:54<2:51:42,  9.22s/it]Best trial: 691. Best value: 6538.46:  44%|████▍     | 883/2000 [2:12:54<2:51:42,  9.22s/it]Best trial: 691. Best value: 6538.46:  44%|████▍     | 884/2000 [2:12:54<2:51:28,  9.22s/it]                                                                                            Best trial: 691. Best value: 6538.46:  44%|████▍     | 884/2000 [2:13:03<2:51:28,  9.22s/it]Best trial: 691. Best value: 6538.46:  44%|████▍     | 884/2000 [2:13:03<2:51:28,  9.22s/it]Best trial: 691. Best value: 6538.46:  44%|████▍     | 885/2000 [2:13:03<2:51:01,  9.20s/it]                                                                                            
[I 2026-03-31 23:49:51,616] Trial 871 finished with value: 6617.910732593464 and parameters: {'alpha_0': 0.0006017696960842976, 'alpha_1': 5.406448551964648e-05, 'alpha_2': 4.704992427800365e-05, 'beta_0': 0.09394067139225047, 'beta_1': 6.507033215112499, 'beta_2': 0.23058378753486444, 'beta_3': 0.0008923284616040247, 'beta_4': 6.844262339063299, 'beta_5': 32.96747667359713, 'beta_6': 0.0440190469214002, 'beta_7': 0.01587359229727439, 'beta_8': 3.80981493296965e-05, 'beta_9': 1.4757994895394114e-06}. Best is trial 691 with value: 6538.461030825155.
[I 2026-03-31 23:50:01,008] Trial 872 finished with value: inf and parameters: {'alpha_0': 0.0006490685559814303, 'alpha_1': 5.5213843872703095e-05, 'alpha_2': 4.2707941505057846e-05, 'beta_0': 0.10651265350427218, 'beta_1': 6.50805704529714, 'beta_2': 0.2198672506636285, 'beta_3': 0.0008622502145731588, 'beta_4': 6.826870109841452, 'beta_5': 35.01385137331128, 'beta_6': 0.042954141879100606, 'beta_7': 0.020818021824169163, 'beta_8': 3.0364681533985032e-05, 'beta_9': 6.643775910842595e-07}. Best is trial 691 with value: 6538.461030825155.
[I 2026-03-31 23:50:13,201] Trial 873 finished with value: 7237.573928285186 and parameters: {'alpha_0': 0.0007051815322598189, 'alpha_1': 5.957341380074079e-05, 'alpha_2': 4.13921342923295e-05, 'beta_0': 0.10213578450588892, 'beta_1': 6.328046113061169, 'beta_2': 0.22907510101095516, 'beta_3': 0.0009039323502418964, 'beta_4': 6.767303897436413, 'beta_5': 32.554217295939694, 'beta_6': 0.04329487405644786, 'beta_7': 0.01530673446588851, 'beta_8': 3.8966109836848885e-05, 'beta_9': 7.116960675582482e-07}. Best is trial 691 with value: 6538.461030825155.
[I 2026-03-31 23:50:14,885] Trial 874 finished with value: inf and parameters: {'alpha_0': 0.0005770218925011481, 'alpha_1': 5.39355427235985e-05, 'alpha_2': 4.322571266111909e-05, 'beta_0': 0.072486719513167, 'beta_1': 6.55008286831894, 'beta_2': 0.22533073629246364, 'beta_3': 0.0008522242238076998, 'beta_4': 6.56330218242811, 'beta_5': 35.83089304742656, 'beta_6': 0.044718559743149214, 'beta_7': 0.025604323453062842, 'beta_8': 3.9444155791701924e-05, 'beta_9': 6.185098415958548e-07}. Best is trial 691 with value: 6538.461030825155.
[I 2026-03-31 23:50:24,142] Trial 875 finished with value: 6977.707476462103 and parameters: {'alpha_0': 0.0006188304929189108, 'alpha_1': 5.7133347689932546e-05, 'alpha_2': 4.5469277673785245e-05, 'beta_0': 0.07638846816237913, 'beta_1': 6.323448161468895, 'beta_2': 0.22725854139408025, 'beta_3': 0.0008778494758061943, 'beta_4': 6.219870054546137, 'beta_5': 33.45918562990802, 'beta_6': 0.042599886061033924, 'beta_7': 0.016518715696203914, 'beta_8': 3.831954516318666e-05, 'beta_9': 7.614030060972424e-07}. Best is trial 691 with value: 6538.461030825155.
[I 2026-03-31 23:50:33,478] Trial 876 finished with value: 6624.114255514219 and parameters: {'alpha_0': 0.0006797928583301596, 'alpha_1': 5.269327237540254e-05, 'alpha_2': 4.126847981935102e-05, 'beta_0': 0.08552257408663656, 'beta_1': 6.187465824616036, 'beta_2': 0.22210740098667878, 'beta_3': 0.00091717600709294, 'beta_4': 6.408505317990336, 'beta_5': 31.929819809715514, 'beta_6': 0.042211914612789864, 'beta_7': 0.01572962883091674, 'beta_8': 2.3511227322911406e-05, 'beta_9': 6.863622797035645e-07}. Best is trial 691 with value: 6538.461030825155.
[I 2026-03-31 23:50:42,774] Trial 877 finished with value: 6872.798196597099 and parameters: {'alpha_0': 0.0005375557183272577, 'alpha_1': 0.00012023960417417275, 'alpha_2': 4.400304445094568e-05, 'beta_0': 0.11161835898067096, 'beta_1': 6.783877370203774, 'beta_2': 0.20233369828709008, 'beta_3': 0.000888293991661538, 'beta_4': 6.106002981000274, 'beta_5': 34.24353703535402, 'beta_6': 0.04584478151596817, 'beta_7': 0.016099710040378204, 'beta_8': 3.997274169404994e-05, 'beta_9': 7.325676864472449e-07}. Best is trial 691 with value: 6538.461030825155.
[I 2026-03-31 23:50:52,086] Trial 878 finished with value: 6682.817829340004 and parameters: {'alpha_0': 0.000635604225892777, 'alpha_1': 5.5759305329657776e-05, 'alpha_2': 4.257244384038537e-05, 'beta_0': 0.088088197317909, 'beta_1': 6.639503054813671, 'beta_2': 0.2048315333959324, 'beta_3': 0.0009290537291094375, 'beta_4': 7.990558879396248, 'beta_5': 30.597563614636996, 'beta_6': 0.04342517116508953, 'beta_7': 0.015561073905030594, 'beta_8': 2.9538226358215013e-05, 'beta_9': 6.341384858924611e-07}. Best is trial 691 with value: 6538.461030825155.
[I 2026-03-31 23:51:01,385] Trial 879 finished with value: 6670.853638396863 and parameters: {'alpha_0': 0.0005919843030707197, 'alpha_1': 5.272163900270646e-05, 'alpha_2': 6.518139748794714e-05, 'beta_0': 0.09276641906810332, 'beta_1': 6.222683733593136, 'beta_2': 0.206039860779316, 'beta_3': 0.0009057811413512565, 'beta_4': 6.506725792053623, 'beta_5': 21.37146196272699, 'beta_6': 0.04429335740042309, 'beta_7': 0.015943550994843084, 'beta_8': 3.765902853298098e-05, 'beta_9': 1.3356755734408993e-06}. Best is trial 691 with value: 6538.461030825155.
[I 2026-03-31 23:51:10,896] Trial 880 finished with value: 7565.22878511789 and parameters: {'alpha_0': 0.0006536528548271446, 'alpha_1': 5.3500281380491436e-05, 'alpha_2': 4.576316027119668e-05, 'beta_0': 0.19316098343760993, 'beta_1': 6.480284371820731, 'beta_2': 0.2069898160077666, 'beta_3': 0.0008308695316047632, 'beta_4': 6.3026900446539145, 'beta_5': 33.46926762511604, 'beta_6': 0.04205215584523282, 'beta_7': 0.01502086055852623, 'beta_8': 3.864186158643532e-05, 'beta_9': 6.839043927109495e-07}. Best is trial 691 with value: 6538.461030825155.
[I 2026-03-31 23:51:20,055] Trial 881 finished with value: 6806.322498868114 and parameters: {'alpha_0': 0.0007093675152148892, 'alpha_1': 5.9739098868321264e-05, 'alpha_2': 4.0119910659255544e-05, 'beta_0': 0.15824455840102106, 'beta_1': 11.491734052852136, 'beta_2': 0.20319223560861843, 'beta_3': 0.000948463979850941, 'beta_4': 6.6877475014752745, 'beta_5': 32.55015211279183, 'beta_6': 0.042898075146728165, 'beta_7': 0.016249768130038752, 'beta_8': 3.9294762191202006e-05, 'beta_9': 6.601236039367235e-07}. Best is trial 691 with value: 6538.461030825155.
[I 2026-03-31 23:51:29,372] Trial 882 finished with value: 7141.03929300864 and parameters: {'alpha_0': 0.0005758358579143582, 'alpha_1': 5.671736941092977e-05, 'alpha_2': 4.287150731398938e-05, 'beta_0': 0.08016928505047279, 'beta_1': 6.087325936351891, 'beta_2': 0.1727166697392292, 'beta_3': 0.0008753516621671825, 'beta_4': 6.398492886133098, 'beta_5': 31.642830184513816, 'beta_6': 0.04000407845643844, 'beta_7': 0.015423558695019256, 'beta_8': 3.828265270563549e-05, 'beta_9': 5.751360102735612e-07}. Best is trial 691 with value: 6538.461030825155.
[I 2026-03-31 23:51:38,580] Trial 883 finished with value: 6632.625408623548 and parameters: {'alpha_0': 0.0006158775704816514, 'alpha_1': 5.1986739251899685e-05, 'alpha_2': 4.000638000571268e-05, 'beta_0': 0.07539179593491695, 'beta_1': 5.624831746076969, 'beta_2': 0.23235099166620904, 'beta_3': 0.0008325165702813946, 'beta_4': 6.077716901822636, 'beta_5': 33.165680914925986, 'beta_6': 0.04150921730908448, 'beta_7': 0.01582276277414962, 'beta_8': 3.9117649559114346e-05, 'beta_9': 7.504339154726145e-07}. Best is trial 691 with value: 6538.461030825155.
[I 2026-03-31 23:51:47,745] Trial 884 finished with value: 7196.819910540569 and parameters: {'alpha_0': 0.0005383084279325138, 'alpha_1': 5.473784798075501e-05, 'alpha_2': 4.711016162662307e-05, 'beta_0': 0.09591543714038134, 'beta_1': 6.3852484889129455, 'beta_2': 0.2049074484903859, 'beta_3': 0.0009277460842672864, 'beta_4': 6.55834574825683, 'beta_5': 34.006358342588236, 'beta_6': 0.044205991120127616, 'beta_7': 0.01653353710175453, 'beta_8': 3.732926732374297e-05, 'beta_9': 7.034347939122558e-07}. Best is trial 691 with value: 6538.461030825155.
[I 2026-03-31 23:51:57,025] Trial 885 finished with value: 6732.219493797798 and parameters: {'alpha_0': 0.0013719592989641718, 'alpha_1': 5.7895867645776136e-05, 'alpha_2': 4.486083284927737e-05, 'beta_0': 0.08215278137114684, 'beta_1': 6.007954232520828, 'beta_2': 0.2363178514643914, 'beta_3': 0.0008965308121042813, 'beta_4': 7.044376341488525, 'beta_5': 32.29469004519702, 'beta_6': 0.04204203315477227, 'beta_7': 0.015656410668358718, 'beta_8': 3.8672398427570896e-05, 'beta_9': 7.24280635627759e-07}. Best is trial 691 with value: 6538.461030825155.Best trial: 691. Best value: 6538.46:  44%|████▍     | 885/2000 [2:13:12<2:51:01,  9.20s/it]Best trial: 691. Best value: 6538.46:  44%|████▍     | 885/2000 [2:13:12<2:51:01,  9.20s/it]Best trial: 691. Best value: 6538.46:  44%|████▍     | 886/2000 [2:13:12<2:51:17,  9.23s/it]                                                                                            Best trial: 691. Best value: 6538.46:  44%|████▍     | 886/2000 [2:13:21<2:51:17,  9.23s/it]Best trial: 691. Best value: 6538.46:  44%|████▍     | 886/2000 [2:13:21<2:51:17,  9.23s/it]Best trial: 691. Best value: 6538.46:  44%|████▍     | 887/2000 [2:13:21<2:51:49,  9.26s/it]                                                                                            Best trial: 691. Best value: 6538.46:  44%|████▍     | 887/2000 [2:13:31<2:51:49,  9.26s/it]Best trial: 691. Best value: 6538.46:  44%|████▍     | 887/2000 [2:13:31<2:51:49,  9.26s/it]Best trial: 691. Best value: 6538.46:  44%|████▍     | 888/2000 [2:13:31<2:52:04,  9.28s/it]                                                                                            Best trial: 691. Best value: 6538.46:  44%|████▍     | 888/2000 [2:13:40<2:52:04,  9.28s/it]Best trial: 691. Best value: 6538.46:  44%|████▍     | 888/2000 [2:13:40<2:52:04,  9.28s/it]Best trial: 691. Best value: 6538.46:  44%|████▍     | 889/2000 [2:13:40<2:51:33,  9.27s/it]                                                                                            Best trial: 691. Best value: 6538.46:  44%|████▍     | 889/2000 [2:13:49<2:51:33,  9.27s/it]Best trial: 691. Best value: 6538.46:  44%|████▍     | 889/2000 [2:13:49<2:51:33,  9.27s/it]Best trial: 691. Best value: 6538.46:  44%|████▍     | 890/2000 [2:13:49<2:51:22,  9.26s/it]                                                                                            Best trial: 691. Best value: 6538.46:  44%|████▍     | 890/2000 [2:13:58<2:51:22,  9.26s/it]Best trial: 691. Best value: 6538.46:  44%|████▍     | 890/2000 [2:13:58<2:51:22,  9.26s/it]Best trial: 691. Best value: 6538.46:  45%|████▍     | 891/2000 [2:13:58<2:51:16,  9.27s/it]                                                                                            Best trial: 691. Best value: 6538.46:  45%|████▍     | 891/2000 [2:14:08<2:51:16,  9.27s/it]Best trial: 691. Best value: 6538.46:  45%|████▍     | 891/2000 [2:14:08<2:51:16,  9.27s/it]Best trial: 691. Best value: 6538.46:  45%|████▍     | 892/2000 [2:14:08<2:51:42,  9.30s/it]                                                                                            Best trial: 691. Best value: 6538.46:  45%|████▍     | 892/2000 [2:14:17<2:51:42,  9.30s/it]Best trial: 691. Best value: 6538.46:  45%|████▍     | 892/2000 [2:14:17<2:51:42,  9.30s/it]Best trial: 691. Best value: 6538.46:  45%|████▍     | 893/2000 [2:14:17<2:52:05,  9.33s/it]                                                                                            Best trial: 691. Best value: 6538.46:  45%|████▍     | 893/2000 [2:14:27<2:52:05,  9.33s/it]Best trial: 691. Best value: 6538.46:  45%|████▍     | 893/2000 [2:14:27<2:52:05,  9.33s/it]Best trial: 691. Best value: 6538.46:  45%|████▍     | 894/2000 [2:14:27<2:52:11,  9.34s/it]                                                                                            Best trial: 691. Best value: 6538.46:  45%|████▍     | 894/2000 [2:14:36<2:52:11,  9.34s/it]Best trial: 691. Best value: 6538.46:  45%|████▍     | 894/2000 [2:14:36<2:52:11,  9.34s/it]Best trial: 691. Best value: 6538.46:  45%|████▍     | 895/2000 [2:14:36<2:50:56,  9.28s/it]                                                                                            Best trial: 691. Best value: 6538.46:  45%|████▍     | 895/2000 [2:14:45<2:50:56,  9.28s/it]Best trial: 691. Best value: 6538.46:  45%|████▍     | 895/2000 [2:14:45<2:50:56,  9.28s/it]Best trial: 691. Best value: 6538.46:  45%|████▍     | 896/2000 [2:14:45<2:50:55,  9.29s/it]                                                                                            Best trial: 691. Best value: 6538.46:  45%|████▍     | 896/2000 [2:14:54<2:50:55,  9.29s/it]Best trial: 691. Best value: 6538.46:  45%|████▍     | 896/2000 [2:14:54<2:50:55,  9.29s/it]Best trial: 691. Best value: 6538.46:  45%|████▍     | 897/2000 [2:14:54<2:50:16,  9.26s/it]                                                                                            Best trial: 691. Best value: 6538.46:  45%|████▍     | 897/2000 [2:15:04<2:50:16,  9.26s/it]Best trial: 691. Best value: 6538.46:  45%|████▍     | 897/2000 [2:15:04<2:50:16,  9.26s/it]Best trial: 691. Best value: 6538.46:  45%|████▍     | 898/2000 [2:15:04<2:50:34,  9.29s/it]                                                                                            Best trial: 691. Best value: 6538.46:  45%|████▍     | 898/2000 [2:15:13<2:50:34,  9.29s/it]Best trial: 691. Best value: 6538.46:  45%|████▍     | 898/2000 [2:15:13<2:50:34,  9.29s/it]Best trial: 691. Best value: 6538.46:  45%|████▍     | 899/2000 [2:15:13<2:50:23,  9.29s/it]                                                                                            Best trial: 691. Best value: 6538.46:  45%|████▍     | 899/2000 [2:15:22<2:50:23,  9.29s/it]Best trial: 691. Best value: 6538.46:  45%|████▍     | 899/2000 [2:15:22<2:50:23,  9.29s/it]Best trial: 691. Best value: 6538.46:  45%|████▌     | 900/2000 [2:15:22<2:50:36,  9.31s/it]                                                                                            
[I 2026-03-31 23:52:06,373] Trial 886 finished with value: 6754.722548982618 and parameters: {'alpha_0': 0.0006734862270787486, 'alpha_1': 5.3263839429594094e-05, 'alpha_2': 4.147213671227482e-05, 'beta_0': 0.07119595648626328, 'beta_1': 5.804348180746936, 'beta_2': 0.20763364146086533, 'beta_3': 0.0009555774207361777, 'beta_4': 7.640454630698149, 'beta_5': 32.90871728362175, 'beta_6': 0.04109026073970754, 'beta_7': 0.016019549467798582, 'beta_8': 3.784707129640882e-05, 'beta_9': 6.67428149300068e-07}. Best is trial 691 with value: 6538.461030825155.
[I 2026-03-31 23:52:15,709] Trial 887 finished with value: 7239.587867052773 and parameters: {'alpha_0': 0.0005841952113302887, 'alpha_1': 5.615085799524828e-05, 'alpha_2': 4.3805974668039384e-05, 'beta_0': 0.07658605920823816, 'beta_1': 6.299373022285749, 'beta_2': 0.2384827815160403, 'beta_3': 0.000860210028486918, 'beta_4': 6.204766598117852, 'beta_5': 34.75434728384113, 'beta_6': 0.045493414478833955, 'beta_7': 0.015379030128980998, 'beta_8': 3.935221803238894e-05, 'beta_9': 6.34527703205945e-07}. Best is trial 691 with value: 6538.461030825155.
[I 2026-03-31 23:52:24,930] Trial 888 finished with value: 6795.645382446457 and parameters: {'alpha_0': 0.0006339342842097131, 'alpha_1': 5.1572849073212706e-05, 'alpha_2': 4.239390326768733e-05, 'beta_0': 0.08808631784255744, 'beta_1': 6.165683099557617, 'beta_2': 0.23676647424029168, 'beta_3': 0.0009193753904437932, 'beta_4': 6.891076873369009, 'beta_5': 31.306924819120972, 'beta_6': 0.042804576490933915, 'beta_7': 0.01631838358006996, 'beta_8': 3.949007829700255e-05, 'beta_9': 1.181746462965379e-06}. Best is trial 691 with value: 6538.461030825155.
