[I 2026-04-01 09:56:00,111] Trial 1500 finished with value: inf and parameters: {'alpha_0': 0.000728853099190772, 'alpha_1': 5.7519552189300425e-05, 'alpha_2': 4.963706765495681e-05, 'beta_0': 0.0696903441623906, 'beta_1': 6.350170661855524, 'beta_2': 0.21225736292738714, 'beta_3': 0.0011226295157823639, 'beta_4': 7.46720924308663, 'beta_5': 33.51005798466712, 'beta_6': 0.04200049986185193, 'beta_7': 0.025665328619802367, 'beta_8': 3.833569045161287e-05, 'beta_9': 6.175517023641464e-07}. Best is trial 691 with value: 6538.461030825155.Best trial: 691. Best value: 6538.46:  75%|███████▌  | 1500/2000 [12:17:15<1:17:59,  9.36s/it]Best trial: 691. Best value: 6538.46:  75%|███████▌  | 1500/2000 [12:17:15<1:17:59,  9.36s/it]Best trial: 691. Best value: 6538.46:  75%|███████▌  | 1501/2000 [12:17:15<58:31,  7.04s/it]                                                                                              Best trial: 691. Best value: 6538.46:  75%|███████▌  | 1501/2000 [12:17:24<58:31,  7.04s/it]Best trial: 691. Best value: 6538.46:  75%|███████▌  | 1501/2000 [12:17:24<58:31,  7.04s/it]Best trial: 691. Best value: 6538.46:  75%|███████▌  | 1502/2000 [12:17:24<1:04:15,  7.74s/it]                                                                                              Best trial: 691. Best value: 6538.46:  75%|███████▌  | 1502/2000 [12:17:34<1:04:15,  7.74s/it]Best trial: 691. Best value: 6538.46:  75%|███████▌  | 1502/2000 [12:17:34<1:04:15,  7.74s/it]Best trial: 691. Best value: 6538.46:  75%|███████▌  | 1503/2000 [12:17:34<1:08:19,  8.25s/it]                                                                                              Best trial: 691. Best value: 6538.46:  75%|███████▌  | 1503/2000 [12:17:43<1:08:19,  8.25s/it]Best trial: 691. Best value: 6538.46:  75%|███████▌  | 1503/2000 [12:17:43<1:08:19,  8.25s/it]Best trial: 691. Best value: 6538.46:  75%|███████▌  | 1504/2000 [12:17:43<1:11:01,  8.59s/it]                                                                                              Best trial: 691. Best value: 6538.46:  75%|███████▌  | 1504/2000 [12:17:53<1:11:01,  8.59s/it]Best trial: 691. Best value: 6538.46:  75%|███████▌  | 1504/2000 [12:17:53<1:11:01,  8.59s/it]Best trial: 691. Best value: 6538.46:  75%|███████▌  | 1505/2000 [12:17:53<1:13:02,  8.85s/it]                                                                                              Best trial: 691. Best value: 6538.46:  75%|███████▌  | 1505/2000 [12:18:02<1:13:02,  8.85s/it]Best trial: 691. Best value: 6538.46:  75%|███████▌  | 1505/2000 [12:18:02<1:13:02,  8.85s/it]Best trial: 691. Best value: 6538.46:  75%|███████▌  | 1506/2000 [12:18:02<1:14:03,  8.99s/it]                                                                                              Best trial: 691. Best value: 6538.46:  75%|███████▌  | 1506/2000 [12:18:12<1:14:03,  8.99s/it]Best trial: 691. Best value: 6538.46:  75%|███████▌  | 1506/2000 [12:18:12<1:14:03,  8.99s/it]Best trial: 691. Best value: 6538.46:  75%|███████▌  | 1507/2000 [12:18:12<1:15:08,  9.15s/it]                                                                                              Best trial: 691. Best value: 6538.46:  75%|███████▌  | 1507/2000 [12:18:21<1:15:08,  9.15s/it]Best trial: 691. Best value: 6538.46:  75%|███████▌  | 1507/2000 [12:18:21<1:15:08,  9.15s/it]Best trial: 691. Best value: 6538.46:  75%|███████▌  | 1508/2000 [12:18:21<1:15:30,  9.21s/it]                                                                                              Best trial: 691. Best value: 6538.46:  75%|███████▌  | 1508/2000 [12:18:30<1:15:30,  9.21s/it]Best trial: 691. Best value: 6538.46:  75%|███████▌  | 1508/2000 [12:18:30<1:15:30,  9.21s/it]Best trial: 691. Best value: 6538.46:  75%|███████▌  | 1509/2000 [12:18:30<1:15:37,  9.24s/it]                                                                                              Best trial: 691. Best value: 6538.46:  75%|███████▌  | 1509/2000 [12:18:40<1:15:37,  9.24s/it]Best trial: 691. Best value: 6538.46:  75%|███████▌  | 1509/2000 [12:18:40<1:15:37,  9.24s/it]Best trial: 691. Best value: 6538.46:  76%|███████▌  | 1510/2000 [12:18:40<1:15:46,  9.28s/it]                                                                                              Best trial: 691. Best value: 6538.46:  76%|███████▌  | 1510/2000 [12:18:49<1:15:46,  9.28s/it]Best trial: 691. Best value: 6538.46:  76%|███████▌  | 1510/2000 [12:18:49<1:15:46,  9.28s/it]Best trial: 691. Best value: 6538.46:  76%|███████▌  | 1511/2000 [12:18:49<1:16:25,  9.38s/it]                                                                                              Best trial: 691. Best value: 6538.46:  76%|███████▌  | 1511/2000 [12:18:59<1:16:25,  9.38s/it]Best trial: 691. Best value: 6538.46:  76%|███████▌  | 1511/2000 [12:18:59<1:16:25,  9.38s/it]Best trial: 691. Best value: 6538.46:  76%|███████▌  | 1512/2000 [12:18:59<1:16:05,  9.36s/it]                                                                                              Best trial: 691. Best value: 6538.46:  76%|███████▌  | 1512/2000 [12:19:08<1:16:05,  9.36s/it]Best trial: 691. Best value: 6538.46:  76%|███████▌  | 1512/2000 [12:19:08<1:16:05,  9.36s/it]Best trial: 691. Best value: 6538.46:  76%|███████▌  | 1513/2000 [12:19:08<1:16:11,  9.39s/it]                                                                                              Best trial: 691. Best value: 6538.46:  76%|███████▌  | 1513/2000 [12:19:18<1:16:11,  9.39s/it]Best trial: 691. Best value: 6538.46:  76%|███████▌  | 1513/2000 [12:19:18<1:16:11,  9.39s/it]Best trial: 691. Best value: 6538.46:  76%|███████▌  | 1514/2000 [12:19:18<1:16:45,  9.48s/it]                                                                                              Best trial: 691. Best value: 6538.46:  76%|███████▌  | 1514/2000 [12:19:27<1:16:45,  9.48s/it]Best trial: 691. Best value: 6538.46:  76%|███████▌  | 1514/2000 [12:19:27<1:16:45,  9.48s/it]Best trial: 691. Best value: 6538.46:  76%|███████▌  | 1515/2000 [12:19:27<1:16:23,  9.45s/it]                                                                                              
[I 2026-04-01 09:56:09,502] Trial 1501 finished with value: 6766.335883157535 and parameters: {'alpha_0': 0.0006436679388243775, 'alpha_1': 5.165344120894542e-05, 'alpha_2': 4.480514798857941e-05, 'beta_0': 0.0896653908682646, 'beta_1': 5.937525015137662, 'beta_2': 0.20899487426658386, 'beta_3': 0.001084845757056017, 'beta_4': 6.39051935943734, 'beta_5': 35.010343250504754, 'beta_6': 0.04520903988084235, 'beta_7': 0.015968372053118834, 'beta_8': 3.899848314820765e-05, 'beta_9': 5.866542087609992e-07}. Best is trial 691 with value: 6538.461030825155.
[I 2026-04-01 09:56:18,933] Trial 1502 finished with value: 6789.467377245251 and parameters: {'alpha_0': 0.0020987890826972486, 'alpha_1': 5.362063999565525e-05, 'alpha_2': 7.099388087893985e-05, 'beta_0': 0.09752832632034103, 'beta_1': 6.140722795336125, 'beta_2': 0.21563733411044253, 'beta_3': 0.0009211589201426968, 'beta_4': 6.553367200471755, 'beta_5': 30.086317498673324, 'beta_6': 0.04291759525150799, 'beta_7': 0.016367989183656145, 'beta_8': 3.717004102551629e-05, 'beta_9': 5.347650008362201e-07}. Best is trial 691 with value: 6538.461030825155.
[I 2026-04-01 09:56:28,325] Trial 1503 finished with value: 6612.779331631507 and parameters: {'alpha_0': 0.0005427203918130785, 'alpha_1': 5.6111319836597506e-05, 'alpha_2': 4.315785098469911e-05, 'beta_0': 0.10375548320432236, 'beta_1': 6.54118141344784, 'beta_2': 0.22206983495751512, 'beta_3': 0.0010269556296694227, 'beta_4': 7.998689496128078, 'beta_5': 37.1595211360311, 'beta_6': 0.04136883590171016, 'beta_7': 0.01570763268626289, 'beta_8': 3.9428246679380206e-05, 'beta_9': 1.4409076603213684e-06}. Best is trial 691 with value: 6538.461030825155.
[I 2026-04-01 09:56:37,791] Trial 1504 finished with value: 7366.364515752529 and parameters: {'alpha_0': 0.0005970933288822698, 'alpha_1': 5.183149795580621e-05, 'alpha_2': 0.00011396204065100889, 'beta_0': 0.057891212486893676, 'beta_1': 6.265174508616638, 'beta_2': 0.2353423842367607, 'beta_3': 0.0008929418885960935, 'beta_4': 6.901647319759895, 'beta_5': 34.169776868437054, 'beta_6': 0.08795024225758644, 'beta_7': 0.015312611531704587, 'beta_8': 3.648613524485294e-05, 'beta_9': 5.839848576857121e-07}. Best is trial 691 with value: 6538.461030825155.
[I 2026-04-01 09:56:47,113] Trial 1505 finished with value: 6756.0346382030675 and parameters: {'alpha_0': 0.0008004464689098615, 'alpha_1': 5.841939754053293e-05, 'alpha_2': 4.843757894210319e-05, 'beta_0': 0.09337003471985736, 'beta_1': 5.987426623981671, 'beta_2': 0.17561294214239415, 'beta_3': 0.0009995039740371629, 'beta_4': 6.680010022861966, 'beta_5': 35.52143880433767, 'beta_6': 0.04438168388612473, 'beta_7': 0.015993202425735882, 'beta_8': 3.789982111285963e-05, 'beta_9': 6.257080099029664e-07}. Best is trial 691 with value: 6538.461030825155.
[I 2026-04-01 09:56:56,612] Trial 1506 finished with value: 6803.1032870368435 and parameters: {'alpha_0': 0.0007038910024659906, 'alpha_1': 5.417884673325379e-05, 'alpha_2': 4.287864871025239e-05, 'beta_0': 0.07956478516151314, 'beta_1': 6.765643544865534, 'beta_2': 0.23051460621043696, 'beta_3': 0.0009309995546567618, 'beta_4': 7.278231330534774, 'beta_5': 34.74957315893776, 'beta_6': 0.046001387058310944, 'beta_7': 0.015526634912073472, 'beta_8': 3.999818254799491e-05, 'beta_9': 5.003737928392113e-07}. Best is trial 691 with value: 6538.461030825155.
[I 2026-04-01 09:57:05,966] Trial 1507 finished with value: inf and parameters: {'alpha_0': 0.0007555118167825615, 'alpha_1': 5.1897367938769616e-05, 'alpha_2': 4.6465993639033e-05, 'beta_0': 0.07474528638536285, 'beta_1': 5.75443735664981, 'beta_2': 0.2075239198555062, 'beta_3': 0.0010610251054988535, 'beta_4': 6.258563528074921, 'beta_5': 33.38493250441748, 'beta_6': 0.040020887325240465, 'beta_7': 0.017074161343265393, 'beta_8': 3.8684833390449076e-05, 'beta_9': 5.40506516827521e-07}. Best is trial 691 with value: 6538.461030825155.
[I 2026-04-01 09:57:15,286] Trial 1508 finished with value: 6937.427106742571 and parameters: {'alpha_0': 0.0006673988219905233, 'alpha_1': 0.00014342747612818276, 'alpha_2': 4.274102432952106e-05, 'beta_0': 0.08612073644596067, 'beta_1': 6.49551493274937, 'beta_2': 0.21003275879645947, 'beta_3': 0.0008789494736807483, 'beta_4': 6.478484705690947, 'beta_5': 36.170249802058244, 'beta_6': 0.042481793258712465, 'beta_7': 0.01623708504812569, 'beta_8': 2.5757656623318605e-05, 'beta_9': 1.1803164251591117e-06}. Best is trial 691 with value: 6538.461030825155.
[I 2026-04-01 09:57:24,653] Trial 1509 finished with value: 6668.018402940536 and parameters: {'alpha_0': 0.0016737907888872, 'alpha_1': 5.6157609943992196e-05, 'alpha_2': 4.4917335662171666e-05, 'beta_0': 0.08913934685605159, 'beta_1': 6.219886715256203, 'beta_2': 0.21335569372755395, 'beta_3': 0.0010103224389024401, 'beta_4': 6.797035522710614, 'beta_5': 33.851584041950346, 'beta_6': 0.04375580442242347, 'beta_7': 0.01583540763891808, 'beta_8': 3.8392028883504266e-05, 'beta_9': 5.571102363510883e-07}. Best is trial 691 with value: 6538.461030825155.
[I 2026-04-01 09:57:34,261] Trial 1510 finished with value: 7410.017395649629 and parameters: {'alpha_0': 0.0006177277940904443, 'alpha_1': 5.320506626625326e-05, 'alpha_2': 4.8075314939722606e-05, 'beta_0': 0.10984781685019876, 'beta_1': 5.973689428354612, 'beta_2': 0.2111074971072972, 'beta_3': 0.0009051047827530871, 'beta_4': 6.5884757144846455, 'beta_5': 35.466640760610645, 'beta_6': 0.041133739118291296, 'beta_7': 0.015221623598858905, 'beta_8': 3.937616399338674e-05, 'beta_9': 1.3336069504150983e-06}. Best is trial 691 with value: 6538.461030825155.
[I 2026-04-01 09:57:43,567] Trial 1511 finished with value: 7114.910662328282 and parameters: {'alpha_0': 0.0005693765325990111, 'alpha_1': 5.4719223076811705e-05, 'alpha_2': 4.416145443011963e-05, 'beta_0': 0.06744083203099281, 'beta_1': 7.153785468785643, 'beta_2': 0.215855345038739, 'beta_3': 0.0010422164174300871, 'beta_4': 6.405687275672787, 'beta_5': 34.36232912775261, 'beta_6': 0.042241610685281934, 'beta_7': 0.01648071607845462, 'beta_8': 1.2557528937515805e-05, 'beta_9': 5.999549854387446e-07}. Best is trial 691 with value: 6538.461030825155.
[I 2026-04-01 09:57:53,023] Trial 1512 finished with value: 6658.476382726982 and parameters: {'alpha_0': 0.0006365638347980905, 'alpha_1': 5.228397611299599e-05, 'alpha_2': 5.5553794462749346e-05, 'beta_0': 0.09598202293425985, 'beta_1': 6.890198382887693, 'beta_2': 0.21920723291205113, 'beta_3': 0.0009305630381133363, 'beta_4': 7.732796464380647, 'beta_5': 36.64080088834254, 'beta_6': 0.04760213640896838, 'beta_7': 0.01565916785400928, 'beta_8': 3.771248320941057e-05, 'beta_9': 1.388622560870083e-06}. Best is trial 691 with value: 6538.461030825155.
[I 2026-04-01 09:58:02,706] Trial 1513 finished with value: 7493.420847097259 and parameters: {'alpha_0': 0.0005376041091279818, 'alpha_1': 5.0055501855662985e-05, 'alpha_2': 4.262011495146775e-05, 'beta_0': 0.07209259056235433, 'beta_1': 6.608967510038186, 'beta_2': 0.2428904188918011, 'beta_3': 0.0009427894177011632, 'beta_4': 6.729632584336206, 'beta_5': 33.29429034066532, 'beta_6': 0.041036987586749604, 'beta_7': 0.015008067594659143, 'beta_8': 3.890019268296061e-05, 'beta_9': 6.249800223780258e-07}. Best is trial 691 with value: 6538.461030825155.
[I 2026-04-01 09:58:12,096] Trial 1514 finished with value: 6750.39698119091 and parameters: {'alpha_0': 0.0006978162237332387, 'alpha_1': 5.008639748059632e-05, 'alpha_2': 4.548808029925329e-05, 'beta_0': 0.06243541381877398, 'beta_1': 6.335538992001961, 'beta_2': 0.20831587126964352, 'beta_3': 0.0009983419927282106, 'beta_4': 6.185309749804585, 'beta_5': 47.62838428891456, 'beta_6': 0.04377368924400965, 'beta_7': 0.015965235477980393, 'beta_8': 3.811711772728075e-05, 'beta_9': 1.044618759566904e-06}. Best is trial 691 with value: 6538.461030825155.
[I 2026-04-01 09:58:21,406] Trial 1515 finished with value: 6704.592751776385 and parameters: {'alpha_0': 0.0005937208882393348, 'alpha_1': 5.888580999942185e-05, 'alpha_2': 4.243898289994117e-05, 'beta_0': 0.1259106696592831, 'beta_1': 5.747180097744976, 'beta_2': 0.20675422713833047, 'beta_3': 0.0010266065279501192, 'beta_4': 6.328498514676358, 'beta_5': 35.047678618145824, 'beta_6': 0.04273619419704133, 'beta_7': 0.015514160927399769, 'beta_8': 3.9430541863343726e-05, 'beta_9': 5.234790385414399e-07}. Best is trial 691 with value: 6538.461030825155.Best trial: 691. Best value: 6538.46:  76%|███████▌  | 1515/2000 [12:19:36<1:16:23,  9.45s/it]Best trial: 691. Best value: 6538.46:  76%|███████▌  | 1515/2000 [12:19:36<1:16:23,  9.45s/it]Best trial: 691. Best value: 6538.46:  76%|███████▌  | 1516/2000 [12:19:36<1:15:53,  9.41s/it]                                                                                              Best trial: 691. Best value: 6538.46:  76%|███████▌  | 1516/2000 [12:19:46<1:15:53,  9.41s/it]Best trial: 691. Best value: 6538.46:  76%|███████▌  | 1516/2000 [12:19:46<1:15:53,  9.41s/it]Best trial: 691. Best value: 6538.46:  76%|███████▌  | 1517/2000 [12:19:46<1:15:49,  9.42s/it]                                                                                              Best trial: 691. Best value: 6538.46:  76%|███████▌  | 1517/2000 [12:19:55<1:15:49,  9.42s/it]Best trial: 691. Best value: 6538.46:  76%|███████▌  | 1517/2000 [12:19:55<1:15:49,  9.42s/it]Best trial: 691. Best value: 6538.46:  76%|███████▌  | 1518/2000 [12:19:55<1:15:35,  9.41s/it]                                                                                              Best trial: 691. Best value: 6538.46:  76%|███████▌  | 1518/2000 [12:20:04<1:15:35,  9.41s/it]Best trial: 691. Best value: 6538.46:  76%|███████▌  | 1518/2000 [12:20:04<1:15:35,  9.41s/it]Best trial: 691. Best value: 6538.46:  76%|███████▌  | 1519/2000 [12:20:04<1:15:07,  9.37s/it]                                                                                              Best trial: 691. Best value: 6538.46:  76%|███████▌  | 1519/2000 [12:20:14<1:15:07,  9.37s/it]Best trial: 691. Best value: 6538.46:  76%|███████▌  | 1519/2000 [12:20:14<1:15:07,  9.37s/it]Best trial: 691. Best value: 6538.46:  76%|███████▌  | 1520/2000 [12:20:14<1:14:42,  9.34s/it]                                                                                              Best trial: 691. Best value: 6538.46:  76%|███████▌  | 1520/2000 [12:20:23<1:14:42,  9.34s/it]Best trial: 691. Best value: 6538.46:  76%|███████▌  | 1520/2000 [12:20:23<1:14:42,  9.34s/it]Best trial: 691. Best value: 6538.46:  76%|███████▌  | 1521/2000 [12:20:23<1:14:13,  9.30s/it]                                                                                              Best trial: 691. Best value: 6538.46:  76%|███████▌  | 1521/2000 [12:20:32<1:14:13,  9.30s/it]Best trial: 691. Best value: 6538.46:  76%|███████▌  | 1521/2000 [12:20:32<1:14:13,  9.30s/it]Best trial: 691. Best value: 6538.46:  76%|███████▌  | 1522/2000 [12:20:32<1:14:01,  9.29s/it]                                                                                              Best trial: 691. Best value: 6538.46:  76%|███████▌  | 1522/2000 [12:20:41<1:14:01,  9.29s/it]Best trial: 691. Best value: 6538.46:  76%|███████▌  | 1522/2000 [12:20:41<1:14:01,  9.29s/it]Best trial: 691. Best value: 6538.46:  76%|███████▌  | 1523/2000 [12:20:41<1:13:41,  9.27s/it]                                                                                              Best trial: 691. Best value: 6538.46:  76%|███████▌  | 1523/2000 [12:20:51<1:13:41,  9.27s/it]Best trial: 691. Best value: 6538.46:  76%|███████▌  | 1523/2000 [12:20:51<1:13:41,  9.27s/it]Best trial: 691. Best value: 6538.46:  76%|███████▌  | 1524/2000 [12:20:51<1:13:29,  9.26s/it]                                                                                              Best trial: 691. Best value: 6538.46:  76%|███████▌  | 1524/2000 [12:21:00<1:13:29,  9.26s/it]Best trial: 691. Best value: 6538.46:  76%|███████▌  | 1524/2000 [12:21:00<1:13:29,  9.26s/it]Best trial: 691. Best value: 6538.46:  76%|███████▋  | 1525/2000 [12:21:00<1:13:41,  9.31s/it]                                                                                              Best trial: 691. Best value: 6538.46:  76%|███████▋  | 1525/2000 [12:21:09<1:13:41,  9.31s/it]Best trial: 691. Best value: 6538.46:  76%|███████▋  | 1525/2000 [12:21:09<1:13:41,  9.31s/it]Best trial: 691. Best value: 6538.46:  76%|███████▋  | 1526/2000 [12:21:09<1:13:41,  9.33s/it]                                                                                              Best trial: 691. Best value: 6538.46:  76%|███████▋  | 1526/2000 [12:21:19<1:13:41,  9.33s/it]Best trial: 691. Best value: 6538.46:  76%|███████▋  | 1526/2000 [12:21:19<1:13:41,  9.33s/it]Best trial: 691. Best value: 6538.46:  76%|███████▋  | 1527/2000 [12:21:19<1:13:10,  9.28s/it]                                                                                              Best trial: 691. Best value: 6538.46:  76%|███████▋  | 1527/2000 [12:21:28<1:13:10,  9.28s/it]Best trial: 691. Best value: 6538.46:  76%|███████▋  | 1527/2000 [12:21:28<1:13:10,  9.28s/it]Best trial: 691. Best value: 6538.46:  76%|███████▋  | 1528/2000 [12:21:28<1:12:51,  9.26s/it]                                                                                              Best trial: 691. Best value: 6538.46:  76%|███████▋  | 1528/2000 [12:21:30<1:12:51,  9.26s/it]Best trial: 691. Best value: 6538.46:  76%|███████▋  | 1528/2000 [12:21:30<1:12:51,  9.26s/it]Best trial: 691. Best value: 6538.46:  76%|███████▋  | 1529/2000 [12:21:30<55:19,  7.05s/it]                                                                                              Best trial: 691. Best value: 6538.46:  76%|███████▋  | 1529/2000 [12:21:39<55:19,  7.05s/it]Best trial: 691. Best value: 6538.46:  76%|███████▋  | 1529/2000 [12:21:39<55:19,  7.05s/it]Best trial: 691. Best value: 6538.46:  76%|███████▋  | 1530/2000 [12:21:39<1:00:23,  7.71s/it]                                                                                              
[I 2026-04-01 09:58:30,854] Trial 1516 finished with value: 6749.393939780122 and parameters: {'alpha_0': 0.0007371062931282651, 'alpha_1': 5.436068601128356e-05, 'alpha_2': 4.664446495872459e-05, 'beta_0': 0.10037825475662726, 'beta_1': 6.0682331682275, 'beta_2': 0.21292028935060484, 'beta_3': 0.0009021904726655928, 'beta_4': 6.0429612079337565, 'beta_5': 35.99557712521871, 'beta_6': 0.04464740423885323, 'beta_7': 0.016175988714565544, 'beta_8': 3.7395060775852094e-05, 'beta_9': 5.725751072606414e-07}. Best is trial 691 with value: 6538.461030825155.
[I 2026-04-01 09:58:40,241] Trial 1517 finished with value: 6600.494860080725 and parameters: {'alpha_0': 0.0006685224418448634, 'alpha_1': 5.003953323615779e-05, 'alpha_2': 8.702715001271359e-05, 'beta_0': 0.08003392836149192, 'beta_1': 6.439235316380129, 'beta_2': 0.211070318866653, 'beta_3': 0.0009307209314978268, 'beta_4': 7.148915458162259, 'beta_5': 33.8990032637972, 'beta_6': 0.04180283770551692, 'beta_7': 0.01584613929515573, 'beta_8': 3.8913521746681556e-05, 'beta_9': 1.2321211667893334e-06}. Best is trial 691 with value: 6538.461030825155.
[I 2026-04-01 09:58:49,524] Trial 1518 finished with value: 7016.245627900551 and parameters: {'alpha_0': 0.0006402015832800816, 'alpha_1': 5.659902067290993e-05, 'alpha_2': 4.497170167748922e-05, 'beta_0': 0.09394582172789002, 'beta_1': 6.651103185458517, 'beta_2': 0.23340891476538542, 'beta_3': 0.0009520242528445614, 'beta_4': 6.618179524779552, 'beta_5': 34.64138322684028, 'beta_6': 0.0409040107006654, 'beta_7': 0.015451547612120434, 'beta_8': 3.9491361830888946e-05, 'beta_9': 6.276389453524903e-07}. Best is trial 691 with value: 6538.461030825155.
