[I 2026-04-01 09:21:47,840] Trial 1275 finished with value: inf and parameters: {'alpha_0': 0.0006059808589405369, 'alpha_1': 5.004310661080295e-05, 'alpha_2': 4.650534777958529e-05, 'beta_0': 0.09107517694731919, 'beta_1': 11.246744564234502, 'beta_2': 0.21317232044718276, 'beta_3': 0.0010139531053905415, 'beta_4': 7.19604944921989, 'beta_5': 33.1933751932132, 'beta_6': 0.041769162063117836, 'beta_7': 0.0183834155748955, 'beta_8': 3.9477034409631985e-05, 'beta_9': 6.369941600888972e-07}. Best is trial 691 with value: 6538.461030825155.Best trial: 691. Best value: 6538.46:  64%|██████▍   | 1275/2000 [11:43:03<1:51:43,  9.25s/it]Best trial: 691. Best value: 6538.46:  64%|██████▍   | 1275/2000 [11:43:03<1:51:43,  9.25s/it]Best trial: 691. Best value: 6538.46:  64%|██████▍   | 1276/2000 [11:43:03<1:51:41,  9.26s/it]                                                                                              Best trial: 691. Best value: 6538.46:  64%|██████▍   | 1276/2000 [11:43:12<1:51:41,  9.26s/it]Best trial: 691. Best value: 6538.46:  64%|██████▍   | 1276/2000 [11:43:12<1:51:41,  9.26s/it]Best trial: 691. Best value: 6538.46:  64%|██████▍   | 1277/2000 [11:43:12<1:51:53,  9.29s/it]                                                                                              Best trial: 691. Best value: 6538.46:  64%|██████▍   | 1277/2000 [11:43:14<1:51:53,  9.29s/it]Best trial: 691. Best value: 6538.46:  64%|██████▍   | 1277/2000 [11:43:14<1:51:53,  9.29s/it]Best trial: 691. Best value: 6538.46:  64%|██████▍   | 1278/2000 [11:43:14<1:24:32,  7.03s/it]                                                                                              Best trial: 691. Best value: 6538.46:  64%|██████▍   | 1278/2000 [11:43:23<1:24:32,  7.03s/it]Best trial: 691. Best value: 6538.46:  64%|██████▍   | 1278/2000 [11:43:23<1:24:32,  7.03s/it]Best trial: 691. Best value: 6538.46:  64%|██████▍   | 1279/2000 [11:43:23<1:32:53,  7.73s/it]                                                                                              Best trial: 691. Best value: 6538.46:  64%|██████▍   | 1279/2000 [11:43:32<1:32:53,  7.73s/it]Best trial: 691. Best value: 6538.46:  64%|██████▍   | 1279/2000 [11:43:32<1:32:53,  7.73s/it]Best trial: 691. Best value: 6538.46:  64%|██████▍   | 1280/2000 [11:43:32<1:38:05,  8.17s/it]                                                                                              Best trial: 691. Best value: 6538.46:  64%|██████▍   | 1280/2000 [11:43:42<1:38:05,  8.17s/it]Best trial: 691. Best value: 6538.46:  64%|██████▍   | 1280/2000 [11:43:42<1:38:05,  8.17s/it]Best trial: 691. Best value: 6538.46:  64%|██████▍   | 1281/2000 [11:43:42<1:41:51,  8.50s/it]                                                                                              Best trial: 691. Best value: 6538.46:  64%|██████▍   | 1281/2000 [11:43:51<1:41:51,  8.50s/it]Best trial: 691. Best value: 6538.46:  64%|██████▍   | 1281/2000 [11:43:51<1:41:51,  8.50s/it]Best trial: 691. Best value: 6538.46:  64%|██████▍   | 1282/2000 [11:43:51<1:44:38,  8.74s/it]                                                                                              Best trial: 691. Best value: 6538.46:  64%|██████▍   | 1282/2000 [11:44:00<1:44:38,  8.74s/it]Best trial: 691. Best value: 6538.46:  64%|██████▍   | 1282/2000 [11:44:00<1:44:38,  8.74s/it]Best trial: 691. Best value: 6538.46:  64%|██████▍   | 1283/2000 [11:44:00<1:46:35,  8.92s/it]                                                                                              Best trial: 691. Best value: 6538.46:  64%|██████▍   | 1283/2000 [11:44:10<1:46:35,  8.92s/it]Best trial: 691. Best value: 6538.46:  64%|██████▍   | 1283/2000 [11:44:10<1:46:35,  8.92s/it]Best trial: 691. Best value: 6538.46:  64%|██████▍   | 1284/2000 [11:44:10<1:47:52,  9.04s/it]                                                                                              Best trial: 691. Best value: 6538.46:  64%|██████▍   | 1284/2000 [11:44:19<1:47:52,  9.04s/it]Best trial: 691. Best value: 6538.46:  64%|██████▍   | 1284/2000 [11:44:19<1:47:52,  9.04s/it]Best trial: 691. Best value: 6538.46:  64%|██████▍   | 1285/2000 [11:44:19<1:48:38,  9.12s/it]                                                                                              Best trial: 691. Best value: 6538.46:  64%|██████▍   | 1285/2000 [11:44:28<1:48:38,  9.12s/it]Best trial: 691. Best value: 6538.46:  64%|██████▍   | 1285/2000 [11:44:28<1:48:38,  9.12s/it]Best trial: 691. Best value: 6538.46:  64%|██████▍   | 1286/2000 [11:44:28<1:48:58,  9.16s/it]                                                                                              Best trial: 691. Best value: 6538.46:  64%|██████▍   | 1286/2000 [11:44:37<1:48:58,  9.16s/it]Best trial: 691. Best value: 6538.46:  64%|██████▍   | 1286/2000 [11:44:37<1:48:58,  9.16s/it]Best trial: 691. Best value: 6538.46:  64%|██████▍   | 1287/2000 [11:44:37<1:49:09,  9.19s/it]                                                                                              Best trial: 691. Best value: 6538.46:  64%|██████▍   | 1287/2000 [11:44:47<1:49:09,  9.19s/it]Best trial: 691. Best value: 6538.46:  64%|██████▍   | 1287/2000 [11:44:47<1:49:09,  9.19s/it]Best trial: 691. Best value: 6538.46:  64%|██████▍   | 1288/2000 [11:44:47<1:49:21,  9.22s/it]                                                                                              Best trial: 691. Best value: 6538.46:  64%|██████▍   | 1288/2000 [11:44:56<1:49:21,  9.22s/it]Best trial: 691. Best value: 6538.46:  64%|██████▍   | 1288/2000 [11:44:56<1:49:21,  9.22s/it]Best trial: 691. Best value: 6538.46:  64%|██████▍   | 1289/2000 [11:44:56<1:49:11,  9.21s/it]                                                                                              Best trial: 691. Best value: 6538.46:  64%|██████▍   | 1289/2000 [11:45:05<1:49:11,  9.21s/it]Best trial: 691. Best value: 6538.46:  64%|██████▍   | 1289/2000 [11:45:05<1:49:11,  9.21s/it]Best trial: 691. Best value: 6538.46:  64%|██████▍   | 1290/2000 [11:45:05<1:49:36,  9.26s/it]                                                                                              
[I 2026-04-01 09:21:57,196] Trial 1276 finished with value: 7302.919204631895 and parameters: {'alpha_0': 0.0005339027057945588, 'alpha_1': 5.002476786197611e-05, 'alpha_2': 4.15521181971274e-05, 'beta_0': 0.10699965825675528, 'beta_1': 6.0244780282941575, 'beta_2': 0.20210030595714917, 'beta_3': 0.0009271762542535676, 'beta_4': 6.5556244489280555, 'beta_5': 35.05164565639766, 'beta_6': 0.06772604704255278, 'beta_7': 0.01530080547065886, 'beta_8': 3.863076574550691e-05, 'beta_9': 7.124014696827938e-07}. Best is trial 691 with value: 6538.461030825155.
[I 2026-04-01 09:21:58,945] Trial 1277 finished with value: inf and parameters: {'alpha_0': 0.0006393330760233058, 'alpha_1': 5.4639870721185654e-05, 'alpha_2': 4.4305385177808584e-05, 'beta_0': 0.10111524168860264, 'beta_1': 6.2516838701499635, 'beta_2': 0.20698285687593015, 'beta_3': 0.000976718353232387, 'beta_4': 6.404764209693141, 'beta_5': 34.43861193085895, 'beta_6': 0.043433318921207976, 'beta_7': 0.02657035637586022, 'beta_8': 3.6453710758986346e-05, 'beta_9': 7.800437299466472e-07}. Best is trial 691 with value: 6538.461030825155.
[I 2026-04-01 09:22:08,320] Trial 1278 finished with value: 7087.5491161264035 and parameters: {'alpha_0': 0.0007388311211302984, 'alpha_1': 5.28091997703509e-05, 'alpha_2': 4.2550122320153725e-05, 'beta_0': 0.07624373076188276, 'beta_1': 6.5561424219499225, 'beta_2': 0.20440536397981718, 'beta_3': 0.00042797387611087374, 'beta_4': 6.902628261067487, 'beta_5': 31.667917067000303, 'beta_6': 0.090114429610511, 'beta_7': 0.01596220371802069, 'beta_8': 3.99930579020126e-05, 'beta_9': 5.540059837171851e-07}. Best is trial 691 with value: 6538.461030825155.
[I 2026-04-01 09:22:17,534] Trial 1279 finished with value: 6599.86562505204 and parameters: {'alpha_0': 0.0007002799016643915, 'alpha_1': 5.6111849027483584e-05, 'alpha_2': 4.387502009180584e-05, 'beta_0': 0.0866371396775112, 'beta_1': 5.797244992511613, 'beta_2': 0.19826097995746564, 'beta_3': 0.0009574267231671952, 'beta_4': 6.713084282423276, 'beta_5': 35.782602256882946, 'beta_6': 0.04103738274440633, 'beta_7': 0.01568273611085449, 'beta_8': 3.717521452649415e-05, 'beta_9': 5.944072422615114e-07}. Best is trial 691 with value: 6538.461030825155.
[I 2026-04-01 09:22:26,794] Trial 1280 finished with value: 6789.636572636631 and parameters: {'alpha_0': 0.0005823686813257048, 'alpha_1': 5.909166406007031e-05, 'alpha_2': 4.165334863603433e-05, 'beta_0': 0.0967232379056136, 'beta_1': 6.19109908913197, 'beta_2': 0.21092301147490047, 'beta_3': 0.0009161091854781713, 'beta_4': 6.532222915432879, 'beta_5': 33.8114443425172, 'beta_6': 0.04215816043311177, 'beta_7': 0.016195915924335252, 'beta_8': 3.888065269539456e-05, 'beta_9': 6.902918117579801e-07}. Best is trial 691 with value: 6538.461030825155.
[I 2026-04-01 09:22:36,106] Trial 1281 finished with value: 6629.655089413268 and parameters: {'alpha_0': 0.000674487037383632, 'alpha_1': 5.307217730302759e-05, 'alpha_2': 9.97599529574863e-05, 'beta_0': 0.06756013240747982, 'beta_1': 5.631151379814071, 'beta_2': 0.20883496784916186, 'beta_3': 0.0009972851051720543, 'beta_4': 6.228134975992962, 'beta_5': 32.36225441114211, 'beta_6': 0.047235997322657396, 'beta_7': 0.015826749148195395, 'beta_8': 3.7555690727201275e-05, 'beta_9': 6.575808195705797e-07}. Best is trial 691 with value: 6538.461030825155.
[I 2026-04-01 09:22:45,435] Trial 1282 finished with value: 7394.84683177943 and parameters: {'alpha_0': 0.0006299075867139933, 'alpha_1': 5.001747726907041e-05, 'alpha_2': 4.735807351478168e-05, 'beta_0': 0.08231494817933506, 'beta_1': 6.379536092842774, 'beta_2': 0.20612072423426975, 'beta_3': 0.0008444135909439493, 'beta_4': 6.831034341731553, 'beta_5': 34.723708614892146, 'beta_6': 0.04424526190232891, 'beta_7': 0.015254349538725707, 'beta_8': 3.948311947214876e-05, 'beta_9': 7.331325158551121e-07}. Best is trial 691 with value: 6538.461030825155.
[I 2026-04-01 09:22:54,755] Trial 1283 finished with value: 6758.729051232642 and parameters: {'alpha_0': 0.000536087587962484, 'alpha_1': 5.4825759398382445e-05, 'alpha_2': 4.005849033586694e-05, 'beta_0': 0.09495900971406396, 'beta_1': 5.99854102675192, 'beta_2': 0.215668874327121, 'beta_3': 0.0010245240166148304, 'beta_4': 6.078632813614547, 'beta_5': 33.100578973621744, 'beta_6': 0.04188567426597503, 'beta_7': 0.016146746704013202, 'beta_8': 3.822324405676435e-05, 'beta_9': 6.223511231171851e-07}. Best is trial 691 with value: 6538.461030825155.
[I 2026-04-01 09:23:04,052] Trial 1284 finished with value: 6964.634334789679 and parameters: {'alpha_0': 0.000596665386838732, 'alpha_1': 5.18976738912734e-05, 'alpha_2': 4.4980068351582504e-05, 'beta_0': 0.08948480094033141, 'beta_1': 6.700570939944532, 'beta_2': 0.2017782699094876, 'beta_3': 0.0009419224817055192, 'beta_4': 6.629133854912287, 'beta_5': 36.14134201301843, 'beta_6': 0.04332761031213324, 'beta_7': 0.015470317162388555, 'beta_8': 3.9029541585756793e-05, 'beta_9': 7.607304668344354e-07}. Best is trial 691 with value: 6538.461030825155.
[I 2026-04-01 09:23:13,307] Trial 1285 finished with value: 6608.512096318173 and parameters: {'alpha_0': 0.0006555800681203904, 'alpha_1': 5.731991371993255e-05, 'alpha_2': 4.1464378342689577e-05, 'beta_0': 0.08399198329077104, 'beta_1': 5.377254076634238, 'beta_2': 0.2078967767511326, 'beta_3': 0.0008910206017565515, 'beta_4': 6.455149753808462, 'beta_5': 33.49228254281298, 'beta_6': 0.041077773719335464, 'beta_7': 0.015803944266240624, 'beta_8': 3.945460376344699e-05, 'beta_9': 8.095659930136416e-07}. Best is trial 691 with value: 6538.461030825155.
[I 2026-04-01 09:23:22,557] Trial 1286 finished with value: 6995.494339467468 and parameters: {'alpha_0': 0.0005676327772017677, 'alpha_1': 5.415157525341845e-05, 'alpha_2': 4.334520303280596e-05, 'beta_0': 0.07931789699030935, 'beta_1': 6.116133967623872, 'beta_2': 0.2041714380876065, 'beta_3': 0.0009667095590137156, 'beta_4': 6.284307816333478, 'beta_5': 35.41852879955532, 'beta_6': 0.0452331891898129, 'beta_7': 0.01642205664565898, 'beta_8': 3.852769532247402e-05, 'beta_9': 1.3410206045672768e-06}. Best is trial 691 with value: 6538.461030825155.
[I 2026-04-01 09:23:31,844] Trial 1287 finished with value: 7140.501840828032 and parameters: {'alpha_0': 0.0007427346941973265, 'alpha_1': 6.0256402665215536e-05, 'alpha_2': 4.608489244712575e-05, 'beta_0': 0.07462490114433788, 'beta_1': 5.877724615654885, 'beta_2': 0.21135132738046453, 'beta_3': 0.0009322986865807063, 'beta_4': 6.718736288487905, 'beta_5': 32.745214359376526, 'beta_6': 0.04004715168696124, 'beta_7': 0.016692623815062868, 'beta_8': 3.78191444279724e-05, 'beta_9': 7.096302917206642e-07}. Best is trial 691 with value: 6538.461030825155.
[I 2026-04-01 09:23:41,055] Trial 1288 finished with value: 6660.014041846712 and parameters: {'alpha_0': 0.0006139135804553508, 'alpha_1': 5.593317427663576e-05, 'alpha_2': 4.991905342755161e-05, 'beta_0': 0.10120435608160552, 'beta_1': 6.45431204242986, 'beta_2': 0.20600137162690435, 'beta_3': 0.0008646099446900289, 'beta_4': 6.971385534279133, 'beta_5': 34.26297859630324, 'beta_6': 0.04267296678557966, 'beta_7': 0.01603618218750342, 'beta_8': 3.895227351479864e-05, 'beta_9': 5.260399312162691e-07}. Best is trial 691 with value: 6538.461030825155.
[I 2026-04-01 09:23:50,429] Trial 1289 finished with value: 6786.581122318639 and parameters: {'alpha_0': 0.0005402830716445995, 'alpha_1': 5.188814787868508e-05, 'alpha_2': 4.000118464115196e-05, 'beta_0': 0.09245565799758465, 'beta_1': 6.31792624477751, 'beta_2': 0.2030628206532316, 'beta_3': 0.000990166453046511, 'beta_4': 6.57011277655229, 'beta_5': 36.795417314166144, 'beta_6': 0.04177711333899146, 'beta_7': 0.015483106689962788, 'beta_8': 3.956130134816616e-05, 'beta_9': 1.1425526086748946e-06}. Best is trial 691 with value: 6538.461030825155.
[I 2026-04-01 09:23:59,729] Trial 1290 finished with value: 6582.110932628602 and parameters: {'alpha_0': 0.0006965006879028032, 'alpha_1': 5.290418927548151e-05, 'alpha_2': 4.27278987244329e-05, 'beta_0': 0.08844433911191271, 'beta_1': 5.711932124488452, 'beta_2': 0.20851790106953344, 'beta_3': 0.0009070111935029728, 'beta_4': 7.893557288651921, 'beta_5': 31.42111556566291, 'beta_6': 0.044219791070848224, 'beta_7': 0.015812497276711645, 'beta_8': 3.9987786327557146e-05, 'beta_9': 6.705232843853199e-07}. Best is trial 691 with value: 6538.461030825155.Best trial: 691. Best value: 6538.46:  64%|██████▍   | 1290/2000 [11:45:15<1:49:36,  9.26s/it]Best trial: 691. Best value: 6538.46:  64%|██████▍   | 1290/2000 [11:45:15<1:49:36,  9.26s/it]Best trial: 691. Best value: 6538.46:  65%|██████▍   | 1291/2000 [11:45:15<1:49:35,  9.27s/it]                                                                                              Best trial: 691. Best value: 6538.46:  65%|██████▍   | 1291/2000 [11:45:16<1:49:35,  9.27s/it]Best trial: 691. Best value: 6538.46:  65%|██████▍   | 1291/2000 [11:45:16<1:49:35,  9.27s/it]Best trial: 691. Best value: 6538.46:  65%|██████▍   | 1292/2000 [11:45:16<1:21:43,  6.93s/it]                                                                                              Best trial: 691. Best value: 6538.46:  65%|██████▍   | 1292/2000 [11:45:25<1:21:43,  6.93s/it]Best trial: 691. Best value: 6538.46:  65%|██████▍   | 1292/2000 [11:45:25<1:21:43,  6.93s/it]Best trial: 691. Best value: 6538.46:  65%|██████▍   | 1293/2000 [11:45:25<1:30:13,  7.66s/it]                                                                                              Best trial: 691. Best value: 6538.46:  65%|██████▍   | 1293/2000 [11:45:35<1:30:13,  7.66s/it]Best trial: 691. Best value: 6538.46:  65%|██████▍   | 1293/2000 [11:45:35<1:30:13,  7.66s/it]Best trial: 691. Best value: 6538.46:  65%|██████▍   | 1294/2000 [11:45:35<1:36:19,  8.19s/it]                                                                                              Best trial: 691. Best value: 6538.46:  65%|██████▍   | 1294/2000 [11:45:44<1:36:19,  8.19s/it]Best trial: 691. Best value: 6538.46:  65%|██████▍   | 1294/2000 [11:45:44<1:36:19,  8.19s/it]Best trial: 691. Best value: 6538.46:  65%|██████▍   | 1295/2000 [11:45:44<1:40:12,  8.53s/it]                                                                                              Best trial: 691. Best value: 6538.46:  65%|██████▍   | 1295/2000 [11:45:53<1:40:12,  8.53s/it]Best trial: 691. Best value: 6538.46:  65%|██████▍   | 1295/2000 [11:45:53<1:40:12,  8.53s/it]Best trial: 691. Best value: 6538.46:  65%|██████▍   | 1296/2000 [11:45:53<1:42:39,  8.75s/it]                                                                                              Best trial: 691. Best value: 6538.46:  65%|██████▍   | 1296/2000 [11:46:03<1:42:39,  8.75s/it]Best trial: 691. Best value: 6538.46:  65%|██████▍   | 1296/2000 [11:46:03<1:42:39,  8.75s/it]Best trial: 691. Best value: 6538.46:  65%|██████▍   | 1297/2000 [11:46:03<1:44:17,  8.90s/it]                                                                                              Best trial: 691. Best value: 6538.46:  65%|██████▍   | 1297/2000 [11:46:12<1:44:17,  8.90s/it]Best trial: 691. Best value: 6538.46:  65%|██████▍   | 1297/2000 [11:46:12<1:44:17,  8.90s/it]Best trial: 691. Best value: 6538.46:  65%|██████▍   | 1298/2000 [11:46:12<1:45:47,  9.04s/it]                                                                                              Best trial: 691. Best value: 6538.46:  65%|██████▍   | 1298/2000 [11:46:21<1:45:47,  9.04s/it]Best trial: 691. Best value: 6538.46:  65%|██████▍   | 1298/2000 [11:46:21<1:45:47,  9.04s/it]Best trial: 691. Best value: 6538.46:  65%|██████▍   | 1299/2000 [11:46:21<1:46:19,  9.10s/it]                                                                                              Best trial: 691. Best value: 6538.46:  65%|██████▍   | 1299/2000 [11:46:31<1:46:19,  9.10s/it]Best trial: 691. Best value: 6538.46:  65%|██████▍   | 1299/2000 [11:46:31<1:46:19,  9.10s/it]Best trial: 691. Best value: 6538.46:  65%|██████▌   | 1300/2000 [11:46:31<1:46:38,  9.14s/it]                                                                                              Best trial: 691. Best value: 6538.46:  65%|██████▌   | 1300/2000 [11:46:40<1:46:38,  9.14s/it]Best trial: 691. Best value: 6538.46:  65%|██████▌   | 1300/2000 [11:46:40<1:46:38,  9.14s/it]Best trial: 691. Best value: 6538.46:  65%|██████▌   | 1301/2000 [11:46:40<1:46:48,  9.17s/it]                                                                                              Best trial: 691. Best value: 6538.46:  65%|██████▌   | 1301/2000 [11:46:49<1:46:48,  9.17s/it]Best trial: 691. Best value: 6538.46:  65%|██████▌   | 1301/2000 [11:46:49<1:46:48,  9.17s/it]Best trial: 691. Best value: 6538.46:  65%|██████▌   | 1302/2000 [11:46:49<1:46:54,  9.19s/it]                                                                                              Best trial: 691. Best value: 6538.46:  65%|██████▌   | 1302/2000 [11:46:58<1:46:54,  9.19s/it]Best trial: 691. Best value: 6538.46:  65%|██████▌   | 1302/2000 [11:46:58<1:46:54,  9.19s/it]Best trial: 691. Best value: 6538.46:  65%|██████▌   | 1303/2000 [11:46:58<1:46:54,  9.20s/it]                                                                                              Best trial: 691. Best value: 6538.46:  65%|██████▌   | 1303/2000 [11:47:08<1:46:54,  9.20s/it]Best trial: 691. Best value: 6538.46:  65%|██████▌   | 1303/2000 [11:47:08<1:46:54,  9.20s/it]Best trial: 691. Best value: 6538.46:  65%|██████▌   | 1304/2000 [11:47:08<1:46:48,  9.21s/it]                                                                                              Best trial: 691. Best value: 6538.46:  65%|██████▌   | 1304/2000 [11:47:17<1:46:48,  9.21s/it]Best trial: 691. Best value: 6538.46:  65%|██████▌   | 1304/2000 [11:47:17<1:46:48,  9.21s/it]Best trial: 691. Best value: 6538.46:  65%|██████▌   | 1305/2000 [11:47:17<1:47:02,  9.24s/it]                                                                                              
[I 2026-04-01 09:24:01,179] Trial 1291 finished with value: inf and parameters: {'alpha_0': 0.0006522299422284505, 'alpha_1': 5.45994080411796e-05, 'alpha_2': 4.5222761425371554e-05, 'beta_0': 0.11242275950123895, 'beta_1': 6.5897921708466365, 'beta_2': 0.21361523860911583, 'beta_3': 0.000956825700550485, 'beta_4': 6.461761846519802, 'beta_5': 33.72217244116933, 'beta_6': 0.040884688274060305, 'beta_7': 0.02806051023349551, 'beta_8': 3.842693264235875e-05, 'beta_9': 5.734710543644388e-07}. Best is trial 691 with value: 6538.461030825155.
[I 2026-04-01 09:24:10,539] Trial 1292 finished with value: 7344.076667895495 and parameters: {'alpha_0': 0.0005018874357298791, 'alpha_1': 5.791164362641836e-05, 'alpha_2': 4.1511030646914696e-05, 'beta_0': 0.06778601136953863, 'beta_1': 7.017033363990079, 'beta_2': 0.20033144185384563, 'beta_3': 0.0010035694863978009, 'beta_4': 6.790892201423238, 'beta_5': 32.027345574846564, 'beta_6': 0.07964500491690218, 'beta_7': 0.015255067374811198, 'beta_8': 3.8969696503909925e-05, 'beta_9': 6.30459785955546e-07}. Best is trial 691 with value: 6538.461030825155.
[I 2026-04-01 09:24:19,961] Trial 1293 finished with value: 6757.790011182926 and parameters: {'alpha_0': 0.0005760219382904699, 'alpha_1': 5.2175814316101116e-05, 'alpha_2': 4.400468969063884e-05, 'beta_0': 0.08465287431054501, 'beta_1': 6.075233129202727, 'beta_2': 0.2103800393542917, 'beta_3': 0.000930014141728702, 'beta_4': 7.518354418192858, 'beta_5': 34.80973741159792, 'beta_6': 0.040048522871098245, 'beta_7': 0.016126985725361996, 'beta_8': 3.697375698985375e-05, 'beta_9': 7.496906871045913e-07}. Best is trial 691 with value: 6538.461030825155.
