[I 2026-04-01 10:16:15,509] Trial 1635 finished with value: inf and parameters: {'alpha_0': 0.0005398902149465521, 'alpha_1': 5.462363362454081e-05, 'alpha_2': 4.138278610888798e-05, 'beta_0': 0.09839406049144718, 'beta_1': 6.686983225813648, 'beta_2': 0.21575580960051333, 'beta_3': 0.0010213142590011861, 'beta_4': 5.225133054570263, 'beta_5': 36.614262282327374, 'beta_6': 0.04531936248038486, 'beta_7': 0.0259765035863343, 'beta_8': 3.908478339942137e-05, 'beta_9': 1.3537279460280078e-06}. Best is trial 691 with value: 6538.461030825155.Best trial: 691. Best value: 6538.46:  82%|████████▏ | 1635/2000 [12:37:30<54:37,  8.98s/it]Best trial: 691. Best value: 6538.46:  82%|████████▏ | 1635/2000 [12:37:30<54:37,  8.98s/it]Best trial: 691. Best value: 6538.46:  82%|████████▏ | 1636/2000 [12:37:30<40:51,  6.74s/it]                                                                                            Best trial: 691. Best value: 6538.46:  82%|████████▏ | 1636/2000 [12:37:40<40:51,  6.74s/it]Best trial: 691. Best value: 6538.46:  82%|████████▏ | 1636/2000 [12:37:40<40:51,  6.74s/it]Best trial: 691. Best value: 6538.46:  82%|████████▏ | 1637/2000 [12:37:40<45:31,  7.53s/it]                                                                                            Best trial: 691. Best value: 6538.46:  82%|████████▏ | 1637/2000 [12:37:49<45:31,  7.53s/it]Best trial: 691. Best value: 6538.46:  82%|████████▏ | 1637/2000 [12:37:49<45:31,  7.53s/it]Best trial: 691. Best value: 6538.46:  82%|████████▏ | 1638/2000 [12:37:49<48:35,  8.05s/it]                                                                                            Best trial: 691. Best value: 6538.46:  82%|████████▏ | 1638/2000 [12:37:51<48:35,  8.05s/it]Best trial: 691. Best value: 6538.46:  82%|████████▏ | 1638/2000 [12:37:51<48:35,  8.05s/it]Best trial: 691. Best value: 6538.46:  82%|████████▏ | 1639/2000 [12:37:51<36:57,  6.14s/it]                                                                                            Best trial: 691. Best value: 6538.46:  82%|████████▏ | 1639/2000 [12:38:00<36:57,  6.14s/it]Best trial: 691. Best value: 6538.46:  82%|████████▏ | 1639/2000 [12:38:00<36:57,  6.14s/it]Best trial: 691. Best value: 6538.46:  82%|████████▏ | 1640/2000 [12:38:00<42:33,  7.09s/it]                                                                                            Best trial: 691. Best value: 6538.46:  82%|████████▏ | 1640/2000 [12:38:10<42:33,  7.09s/it]Best trial: 691. Best value: 6538.46:  82%|████████▏ | 1640/2000 [12:38:10<42:33,  7.09s/it]Best trial: 691. Best value: 6538.46:  82%|████████▏ | 1641/2000 [12:38:10<46:50,  7.83s/it]                                                                                            Best trial: 691. Best value: 6538.46:  82%|████████▏ | 1641/2000 [12:38:19<46:50,  7.83s/it]Best trial: 691. Best value: 6538.46:  82%|████████▏ | 1641/2000 [12:38:19<46:50,  7.83s/it]Best trial: 691. Best value: 6538.46:  82%|████████▏ | 1642/2000 [12:38:19<49:24,  8.28s/it]                                                                                            Best trial: 691. Best value: 6538.46:  82%|████████▏ | 1642/2000 [12:38:28<49:24,  8.28s/it]Best trial: 691. Best value: 6538.46:  82%|████████▏ | 1642/2000 [12:38:28<49:24,  8.28s/it]Best trial: 691. Best value: 6538.46:  82%|████████▏ | 1643/2000 [12:38:28<50:59,  8.57s/it]                                                                                            Best trial: 691. Best value: 6538.46:  82%|████████▏ | 1643/2000 [12:38:38<50:59,  8.57s/it]Best trial: 691. Best value: 6538.46:  82%|████████▏ | 1643/2000 [12:38:38<50:59,  8.57s/it]Best trial: 691. Best value: 6538.46:  82%|████████▏ | 1644/2000 [12:38:38<52:12,  8.80s/it]                                                                                            Best trial: 691. Best value: 6538.46:  82%|████████▏ | 1644/2000 [12:38:39<52:12,  8.80s/it]Best trial: 691. Best value: 6538.46:  82%|████████▏ | 1644/2000 [12:38:39<52:12,  8.80s/it]Best trial: 691. Best value: 6538.46:  82%|████████▏ | 1645/2000 [12:38:39<38:51,  6.57s/it]                                                                                            Best trial: 691. Best value: 6538.46:  82%|████████▏ | 1645/2000 [12:38:48<38:51,  6.57s/it]Best trial: 691. Best value: 6538.46:  82%|████████▏ | 1645/2000 [12:38:48<38:51,  6.57s/it]Best trial: 691. Best value: 6538.46:  82%|████████▏ | 1646/2000 [12:38:48<43:29,  7.37s/it]                                                                                            Best trial: 691. Best value: 6538.46:  82%|████████▏ | 1646/2000 [12:38:57<43:29,  7.37s/it]Best trial: 691. Best value: 6538.46:  82%|████████▏ | 1646/2000 [12:38:57<43:29,  7.37s/it]Best trial: 691. Best value: 6538.46:  82%|████████▏ | 1647/2000 [12:38:57<46:40,  7.93s/it]                                                                                            Best trial: 691. Best value: 6538.46:  82%|████████▏ | 1647/2000 [12:39:07<46:40,  7.93s/it]Best trial: 691. Best value: 6538.46:  82%|████████▏ | 1647/2000 [12:39:07<46:40,  7.93s/it]Best trial: 691. Best value: 6538.46:  82%|████████▏ | 1648/2000 [12:39:07<48:56,  8.34s/it]                                                                                            Best trial: 691. Best value: 6538.46:  82%|████████▏ | 1648/2000 [12:39:16<48:56,  8.34s/it]Best trial: 691. Best value: 6538.46:  82%|████████▏ | 1648/2000 [12:39:16<48:56,  8.34s/it]Best trial: 691. Best value: 6538.46:  82%|████████▏ | 1649/2000 [12:39:16<50:44,  8.67s/it]                                                                                            Best trial: 691. Best value: 6538.46:  82%|████████▏ | 1649/2000 [12:39:25<50:44,  8.67s/it]Best trial: 691. Best value: 6538.46:  82%|████████▏ | 1649/2000 [12:39:25<50:44,  8.67s/it]Best trial: 691. Best value: 6538.46:  82%|████████▎ | 1650/2000 [12:39:25<51:30,  8.83s/it]                                                                                            
[I 2026-04-01 10:16:24,878] Trial 1636 finished with value: 6802.605024200617 and parameters: {'alpha_0': 0.0005964747672216913, 'alpha_1': 8.443409211972642e-05, 'alpha_2': 4.7462045664492425e-05, 'beta_0': 0.08015809172467304, 'beta_1': 6.937627581497383, 'beta_2': 0.21269767094008132, 'beta_3': 0.0009830766480143813, 'beta_4': 5.669600364772266, 'beta_5': 33.29620249749778, 'beta_6': 0.04112418809798931, 'beta_7': 0.016144186995456375, 'beta_8': 3.664373304611164e-05, 'beta_9': 1.2114031982182545e-06}. Best is trial 691 with value: 6538.461030825155.
[I 2026-04-01 10:16:34,162] Trial 1637 finished with value: inf and parameters: {'alpha_0': 0.0005542755138014785, 'alpha_1': 5.005656521287382e-05, 'alpha_2': 5.053837917924695e-05, 'beta_0': 0.09095713828067524, 'beta_1': 6.423915069164509, 'beta_2': 0.2107936973408745, 'beta_3': 0.0009590754975333554, 'beta_4': 5.542452334283152, 'beta_5': 34.00951882125004, 'beta_6': 0.04260963988821299, 'beta_7': 0.02008033910780927, 'beta_8': 3.948262268509896e-05, 'beta_9': 1.2434154955109762e-06}. Best is trial 691 with value: 6538.461030825155.
[I 2026-04-01 10:16:35,850] Trial 1638 finished with value: inf and parameters: {'alpha_0': 0.0006059985142110551, 'alpha_1': 5.290307306954073e-05, 'alpha_2': 7.214835907535978e-05, 'beta_0': 0.10272239141644526, 'beta_1': 6.549373625914174, 'beta_2': 0.20357293462614895, 'beta_3': 0.0010596076017778578, 'beta_4': 5.773486112526637, 'beta_5': 34.85396745258304, 'beta_6': 0.04423188469662258, 'beta_7': 0.02776931365755423, 'beta_8': 3.8645129102277703e-05, 'beta_9': 1.2776968991446242e-06}. Best is trial 691 with value: 6538.461030825155.
[I 2026-04-01 10:16:45,156] Trial 1639 finished with value: 6619.630368373603 and parameters: {'alpha_0': 0.0005396174995830998, 'alpha_1': 5.5923860271273e-05, 'alpha_2': 4.139787041813273e-05, 'beta_0': 0.09482390585449708, 'beta_1': 6.6442048291800635, 'beta_2': 0.2081146260644629, 'beta_3': 0.000988072532979009, 'beta_4': 5.454657822640724, 'beta_5': 35.827311687838645, 'beta_6': 0.04189323158618577, 'beta_7': 0.015690435428609505, 'beta_8': 3.999940025808418e-05, 'beta_9': 1.267603181848917e-06}. Best is trial 691 with value: 6538.461030825155.
[I 2026-04-01 10:16:54,706] Trial 1640 finished with value: 7182.313364734939 and parameters: {'alpha_0': 0.0006203562483006695, 'alpha_1': 5.196287293035748e-05, 'alpha_2': 4.700313869855299e-05, 'beta_0': 0.08669540551837839, 'beta_1': 6.425305188413405, 'beta_2': 0.20525004567260793, 'beta_3': 0.0010308866887885951, 'beta_4': 5.398868922996535, 'beta_5': 33.2723053762007, 'beta_6': 0.04093784268427273, 'beta_7': 0.015269364803528402, 'beta_8': 3.7739671173163446e-05, 'beta_9': 1.2094173673735174e-06}. Best is trial 691 with value: 6538.461030825155.
[I 2026-04-01 10:17:04,037] Trial 1641 finished with value: 6667.608278940788 and parameters: {'alpha_0': 0.0005647257113378874, 'alpha_1': 5.4563549533686676e-05, 'alpha_2': 4.153513604070199e-05, 'beta_0': 0.11002598928741854, 'beta_1': 6.799963986146372, 'beta_2': 0.21406238409267386, 'beta_3': 0.0009548320013775713, 'beta_4': 5.709064848276185, 'beta_5': 34.16838514078033, 'beta_6': 0.04318878439858926, 'beta_7': 0.015902359154291994, 'beta_8': 3.891081069596101e-05, 'beta_9': 1.1424301691910474e-06}. Best is trial 691 with value: 6538.461030825155.
[I 2026-04-01 10:17:13,280] Trial 1642 finished with value: inf and parameters: {'alpha_0': 0.0005024866222554657, 'alpha_1': 5.7642097332410437e-05, 'alpha_2': 5.49187161198061e-05, 'beta_0': 0.0820941379534606, 'beta_1': 6.692373120814979, 'beta_2': 0.20891956460446642, 'beta_3': 0.0010090851517577536, 'beta_4': 5.8123341630202106, 'beta_5': 42.95082436910144, 'beta_6': 0.044397152736550635, 'beta_7': 0.017361387428564256, 'beta_8': 3.818432127260275e-05, 'beta_9': 1.3040274315803745e-06}. Best is trial 691 with value: 6538.461030825155.
[I 2026-04-01 10:17:22,620] Trial 1643 finished with value: 7181.790363904298 and parameters: {'alpha_0': 0.0006105720216069049, 'alpha_1': 0.00010097925677209826, 'alpha_2': 0.00010281115961849252, 'beta_0': 0.09084710039535843, 'beta_1': 7.01439414381232, 'beta_2': 0.20675021086542658, 'beta_3': 0.0009789416440018042, 'beta_4': 5.10187590375701, 'beta_5': 35.21201816085573, 'beta_6': 0.046781326171756385, 'beta_7': 0.016484236893514286, 'beta_8': 3.998482551303883e-05, 'beta_9': 1.2545006328745105e-06}. Best is trial 691 with value: 6538.461030825155.
[I 2026-04-01 10:17:23,978] Trial 1644 finished with value: inf and parameters: {'alpha_0': 0.000573085801555336, 'alpha_1': 5.3033993725468705e-05, 'alpha_2': 4.916315677560981e-05, 'beta_0': 0.09777934455995743, 'beta_1': 6.401547000672906, 'beta_2': 0.2114910902026338, 'beta_3': 0.0010392530670245144, 'beta_4': 7.898183465001723, 'beta_5': 36.4628928783794, 'beta_6': 0.042064598419227536, 'beta_7': 0.029976300821866284, 'beta_8': 3.721163041832064e-05, 'beta_9': 1.3332102675951131e-06}. Best is trial 691 with value: 6538.461030825155.
[I 2026-04-01 10:17:33,223] Trial 1645 finished with value: 6647.104713840505 and parameters: {'alpha_0': 0.0006180275100946032, 'alpha_1': 5.1798048452162626e-05, 'alpha_2': 4.2753373061844324e-05, 'beta_0': 0.07755968511845905, 'beta_1': 7.227605092869394, 'beta_2': 0.2099429900789971, 'beta_3': 0.0011021620443617034, 'beta_4': 5.463880508472332, 'beta_5': 34.55497226724776, 'beta_6': 0.04009610934047563, 'beta_7': 0.015536495068833934, 'beta_8': 3.8985328711823434e-05, 'beta_9': 1.2655716488446143e-06}. Best is trial 691 with value: 6538.461030825155.
[I 2026-04-01 10:17:42,466] Trial 1646 finished with value: 6733.259123239728 and parameters: {'alpha_0': 0.0005662202637614765, 'alpha_1': 5.470726790269732e-05, 'alpha_2': 4.132502542378165e-05, 'beta_0': 0.10053130978879637, 'beta_1': 6.462003069573155, 'beta_2': 0.20306477138387785, 'beta_3': 0.0009533292975079976, 'beta_4': 4.899786906328038, 'beta_5': 33.70754296830475, 'beta_6': 0.04001407323592838, 'beta_7': 0.016138386860962906, 'beta_8': 3.584821107062579e-05, 'beta_9': 1.2686454434399339e-06}. Best is trial 691 with value: 6538.461030825155.
[I 2026-04-01 10:17:51,765] Trial 1647 finished with value: 6690.8478994312645 and parameters: {'alpha_0': 0.0005292039275150119, 'alpha_1': 8.152086961258301e-05, 'alpha_2': 4.546454625447332e-05, 'beta_0': 0.0858227382911889, 'beta_1': 6.806509860850505, 'beta_2': 0.21294020615884365, 'beta_3': 0.001004090763430687, 'beta_4': 7.535277557886184, 'beta_5': 32.99984936553665, 'beta_6': 0.043270730148936426, 'beta_7': 0.01575724405062966, 'beta_8': 3.9460702154181686e-05, 'beta_9': 1.3099904744392134e-06}. Best is trial 691 with value: 6538.461030825155.
[I 2026-04-01 10:18:01,212] Trial 1648 finished with value: 7119.673060272875 and parameters: {'alpha_0': 0.0006039103736161448, 'alpha_1': 5.006124217805258e-05, 'alpha_2': 9.807893690771271e-05, 'beta_0': 0.09378884695230304, 'beta_1': 6.34238155433549, 'beta_2': 0.21656179622903363, 'beta_3': 0.0010625637911699302, 'beta_4': 5.566138899350371, 'beta_5': 36.034416565986135, 'beta_6': 0.045686120284282636, 'beta_7': 0.015293086397108626, 'beta_8': 3.840932314126422e-05, 'beta_9': 1.177047966153537e-06}. Best is trial 691 with value: 6538.461030825155.
[I 2026-04-01 10:18:10,406] Trial 1649 finished with value: 6722.160490048462 and parameters: {'alpha_0': 0.000533746956311942, 'alpha_1': 5.0052879594437875e-05, 'alpha_2': 4.651052395296155e-05, 'beta_0': 0.08871615688646224, 'beta_1': 6.623520631574737, 'beta_2': 0.2056345907756243, 'beta_3': 0.0009818601812494772, 'beta_4': 6.8311915535370265, 'beta_5': 30.011135182932126, 'beta_6': 0.04162596498125912, 'beta_7': 0.01597018625246795, 'beta_8': 3.900171718298555e-05, 'beta_9': 1.4047288452028652e-06}. Best is trial 691 with value: 6538.461030825155.
[I 2026-04-01 10:18:19,697] Trial 1650 finished with value: 6737.511741046626 and parameters: {'alpha_0': 0.0006226272348157714, 'alpha_1': 5.678536017711229e-05, 'alpha_2': 4.344401904025058e-05, 'beta_0': 0.08413120454527322, 'beta_1': 7.011489398615941, 'beta_2': 0.2078961589283639, 'beta_3': 0.0009589683794515988, 'beta_4': 5.046684078178602, 'beta_5': 35.303279327639764, 'beta_6': 0.04276921358739358, 'beta_7': 0.015591801876051617, 'beta_8': 3.776429950989115e-05, 'beta_9': 1.2092508214474604e-06}. Best is trial 691 with value: 6538.461030825155.Best trial: 691. Best value: 6538.46:  82%|████████▎ | 1650/2000 [12:39:35<51:30,  8.83s/it]Best trial: 691. Best value: 6538.46:  82%|████████▎ | 1650/2000 [12:39:35<51:30,  8.83s/it]Best trial: 691. Best value: 6538.46:  83%|████████▎ | 1651/2000 [12:39:35<52:09,  8.97s/it]                                                                                            Best trial: 691. Best value: 6538.46:  83%|████████▎ | 1651/2000 [12:39:44<52:09,  8.97s/it]Best trial: 691. Best value: 6538.46:  83%|████████▎ | 1651/2000 [12:39:44<52:09,  8.97s/it]Best trial: 691. Best value: 6538.46:  83%|████████▎ | 1652/2000 [12:39:44<52:34,  9.07s/it]                                                                                            Best trial: 691. Best value: 6538.46:  83%|████████▎ | 1652/2000 [12:39:53<52:34,  9.07s/it]Best trial: 691. Best value: 6538.46:  83%|████████▎ | 1652/2000 [12:39:53<52:34,  9.07s/it]Best trial: 691. Best value: 6538.46:  83%|████████▎ | 1653/2000 [12:39:53<52:53,  9.15s/it]                                                                                            Best trial: 691. Best value: 6538.46:  83%|████████▎ | 1653/2000 [12:40:03<52:53,  9.15s/it]Best trial: 691. Best value: 6538.46:  83%|████████▎ | 1653/2000 [12:40:03<52:53,  9.15s/it]Best trial: 691. Best value: 6538.46:  83%|████████▎ | 1654/2000 [12:40:03<53:08,  9.21s/it]                                                                                            Best trial: 691. Best value: 6538.46:  83%|████████▎ | 1654/2000 [12:40:12<53:08,  9.21s/it]Best trial: 691. Best value: 6538.46:  83%|████████▎ | 1654/2000 [12:40:12<53:08,  9.21s/it]Best trial: 691. Best value: 6538.46:  83%|████████▎ | 1655/2000 [12:40:12<53:01,  9.22s/it]                                                                                            Best trial: 691. Best value: 6538.46:  83%|████████▎ | 1655/2000 [12:40:21<53:01,  9.22s/it]Best trial: 691. Best value: 6538.46:  83%|████████▎ | 1655/2000 [12:40:21<53:01,  9.22s/it]Best trial: 691. Best value: 6538.46:  83%|████████▎ | 1656/2000 [12:40:21<52:48,  9.21s/it]                                                                                            Best trial: 691. Best value: 6538.46:  83%|████████▎ | 1656/2000 [12:40:30<52:48,  9.21s/it]Best trial: 691. Best value: 6538.46:  83%|████████▎ | 1656/2000 [12:40:30<52:48,  9.21s/it]Best trial: 691. Best value: 6538.46:  83%|████████▎ | 1657/2000 [12:40:30<52:44,  9.23s/it]                                                                                            Best trial: 691. Best value: 6538.46:  83%|████████▎ | 1657/2000 [12:40:40<52:44,  9.23s/it]Best trial: 691. Best value: 6538.46:  83%|████████▎ | 1657/2000 [12:40:40<52:44,  9.23s/it]Best trial: 691. Best value: 6538.46:  83%|████████▎ | 1658/2000 [12:40:40<52:42,  9.25s/it]                                                                                            Best trial: 691. Best value: 6538.46:  83%|████████▎ | 1658/2000 [12:40:49<52:42,  9.25s/it]Best trial: 691. Best value: 6538.46:  83%|████████▎ | 1658/2000 [12:40:49<52:42,  9.25s/it]Best trial: 691. Best value: 6538.46:  83%|████████▎ | 1659/2000 [12:40:49<52:41,  9.27s/it]                                                                                            Best trial: 691. Best value: 6538.46:  83%|████████▎ | 1659/2000 [12:40:58<52:41,  9.27s/it]Best trial: 691. Best value: 6538.46:  83%|████████▎ | 1659/2000 [12:40:58<52:41,  9.27s/it]Best trial: 691. Best value: 6538.46:  83%|████████▎ | 1660/2000 [12:40:58<52:27,  9.26s/it]                                                                                            Best trial: 691. Best value: 6538.46:  83%|████████▎ | 1660/2000 [12:41:07<52:27,  9.26s/it]Best trial: 691. Best value: 6538.46:  83%|████████▎ | 1660/2000 [12:41:07<52:27,  9.26s/it]Best trial: 691. Best value: 6538.46:  83%|████████▎ | 1661/2000 [12:41:07<52:11,  9.24s/it]                                                                                            Best trial: 691. Best value: 6538.46:  83%|████████▎ | 1661/2000 [12:41:17<52:11,  9.24s/it]Best trial: 691. Best value: 6538.46:  83%|████████▎ | 1661/2000 [12:41:17<52:11,  9.24s/it]Best trial: 691. Best value: 6538.46:  83%|████████▎ | 1662/2000 [12:41:17<52:05,  9.25s/it]                                                                                            Best trial: 691. Best value: 6538.46:  83%|████████▎ | 1662/2000 [12:41:26<52:05,  9.25s/it]Best trial: 691. Best value: 6538.46:  83%|████████▎ | 1662/2000 [12:41:26<52:05,  9.25s/it]Best trial: 691. Best value: 6538.46:  83%|████████▎ | 1663/2000 [12:41:26<51:58,  9.25s/it]                                                                                            Best trial: 691. Best value: 6538.46:  83%|████████▎ | 1663/2000 [12:41:35<51:58,  9.25s/it]Best trial: 691. Best value: 6538.46:  83%|████████▎ | 1663/2000 [12:41:35<51:58,  9.25s/it]Best trial: 691. Best value: 6538.46:  83%|████████▎ | 1664/2000 [12:41:35<51:54,  9.27s/it]                                                                                            Best trial: 691. Best value: 6538.46:  83%|████████▎ | 1664/2000 [12:41:44<51:54,  9.27s/it]Best trial: 691. Best value: 6538.46:  83%|████████▎ | 1664/2000 [12:41:44<51:54,  9.27s/it]Best trial: 691. Best value: 6538.46:  83%|████████▎ | 1665/2000 [12:41:44<51:47,  9.28s/it]                                                                                            
[I 2026-04-01 10:18:28,989] Trial 1651 finished with value: 7063.662830697249 and parameters: {'alpha_0': 0.0005706822727383981, 'alpha_1': 5.328851738177007e-05, 'alpha_2': 4.8600192838657574e-05, 'beta_0': 0.07883190190529515, 'beta_1': 6.353746542821788, 'beta_2': 0.210134448394856, 'beta_3': 0.0010215197387482221, 'beta_4': 5.338696734609253, 'beta_5': 33.909624444377215, 'beta_6': 0.06875090833759115, 'beta_7': 0.016393387958730733, 'beta_8': 3.701577890569061e-05, 'beta_9': 1.2393329375258708e-06}. Best is trial 691 with value: 6538.461030825155.
[I 2026-04-01 10:18:38,323] Trial 1652 finished with value: 7377.397668509908 and parameters: {'alpha_0': 0.0005920602138912952, 'alpha_1': 5.1909632184873414e-05, 'alpha_2': 9.486763242103057e-05, 'beta_0': 0.09572628662635825, 'beta_1': 6.784159355674721, 'beta_2': 0.20225153403210175, 'beta_3': 0.0009989498751668976, 'beta_4': 5.2510853325093, 'beta_5': 45.63290611468766, 'beta_6': 0.043988175722960064, 'beta_7': 0.015206746766904318, 'beta_8': 3.9417336386171995e-05, 'beta_9': 1.3008014556095776e-06}. Best is trial 691 with value: 6538.461030825155.
[I 2026-04-01 10:18:47,698] Trial 1653 finished with value: 6719.103328599978 and parameters: {'alpha_0': 0.0006282444243842246, 'alpha_1': 5.8713458291877265e-05, 'alpha_2': 4.27047588050482e-05, 'beta_0': 0.1039817112786911, 'beta_1': 14.035793825003218, 'beta_2': 0.2139793115439873, 'beta_3': 0.0010787426608032745, 'beta_4': 4.962547905437119, 'beta_5': 36.720789560090466, 'beta_6': 0.07095763866413624, 'beta_7': 0.015773946868201823, 'beta_8': 3.855783244480739e-05, 'beta_9': 1.2925040032745826e-06}. Best is trial 691 with value: 6538.461030825155.
