[I 2026-03-31 22:00:52,197] Trial 150 finished with value: 6709.105704666659 and parameters: {'alpha_0': 0.0010154500681787062, 'alpha_1': 7.542415458740791e-05, 'alpha_2': 7.61524820385103e-05, 'beta_0': 0.08011247222773, 'beta_1': 12.711315671216521, 'beta_2': 0.19927219012167122, 'beta_3': 0.0006836389039986939, 'beta_4': 4.231031502238215, 'beta_5': 26.909830186888488, 'beta_6': 0.05574621656827224, 'beta_7': 0.01613581357902377, 'beta_8': 3.326017667572133e-05, 'beta_9': 8.39614754216376e-07}. Best is trial 141 with value: 6658.473723422336.Best trial: 141. Best value: 6658.47:   8%|▊         | 150/2000 [22:07<4:48:12,  9.35s/it]Best trial: 141. Best value: 6658.47:   8%|▊         | 150/2000 [22:07<4:48:12,  9.35s/it]Best trial: 141. Best value: 6658.47:   8%|▊         | 151/2000 [22:07<4:46:53,  9.31s/it]                                                                                          Best trial: 141. Best value: 6658.47:   8%|▊         | 151/2000 [22:16<4:46:53,  9.31s/it]Best trial: 141. Best value: 6658.47:   8%|▊         | 151/2000 [22:16<4:46:53,  9.31s/it]Best trial: 141. Best value: 6658.47:   8%|▊         | 152/2000 [22:16<4:46:40,  9.31s/it]                                                                                          Best trial: 141. Best value: 6658.47:   8%|▊         | 152/2000 [22:26<4:46:40,  9.31s/it]Best trial: 141. Best value: 6658.47:   8%|▊         | 152/2000 [22:26<4:46:40,  9.31s/it]Best trial: 141. Best value: 6658.47:   8%|▊         | 153/2000 [22:26<4:45:46,  9.28s/it]                                                                                          Best trial: 141. Best value: 6658.47:   8%|▊         | 153/2000 [22:35<4:45:46,  9.28s/it]Best trial: 141. Best value: 6658.47:   8%|▊         | 153/2000 [22:35<4:45:46,  9.28s/it]Best trial: 141. Best value: 6658.47:   8%|▊         | 154/2000 [22:35<4:45:32,  9.28s/it]                                                                                          Best trial: 141. Best value: 6658.47:   8%|▊         | 154/2000 [22:44<4:45:32,  9.28s/it]Best trial: 141. Best value: 6658.47:   8%|▊         | 154/2000 [22:44<4:45:32,  9.28s/it]Best trial: 141. Best value: 6658.47:   8%|▊         | 155/2000 [22:44<4:45:45,  9.29s/it]                                                                                          Best trial: 141. Best value: 6658.47:   8%|▊         | 155/2000 [22:54<4:45:45,  9.29s/it]Best trial: 141. Best value: 6658.47:   8%|▊         | 155/2000 [22:54<4:45:45,  9.29s/it]Best trial: 141. Best value: 6658.47:   8%|▊         | 156/2000 [22:54<4:45:11,  9.28s/it]                                                                                          Best trial: 141. Best value: 6658.47:   8%|▊         | 156/2000 [23:03<4:45:11,  9.28s/it]Best trial: 141. Best value: 6658.47:   8%|▊         | 156/2000 [23:03<4:45:11,  9.28s/it]Best trial: 141. Best value: 6658.47:   8%|▊         | 157/2000 [23:03<4:45:20,  9.29s/it]                                                                                          Best trial: 141. Best value: 6658.47:   8%|▊         | 157/2000 [23:12<4:45:20,  9.29s/it]Best trial: 141. Best value: 6658.47:   8%|▊         | 157/2000 [23:12<4:45:20,  9.29s/it]Best trial: 141. Best value: 6658.47:   8%|▊         | 158/2000 [23:12<4:44:50,  9.28s/it]                                                                                          Best trial: 141. Best value: 6658.47:   8%|▊         | 158/2000 [23:21<4:44:50,  9.28s/it]Best trial: 141. Best value: 6658.47:   8%|▊         | 158/2000 [23:21<4:44:50,  9.28s/it]Best trial: 141. Best value: 6658.47:   8%|▊         | 159/2000 [23:21<4:44:15,  9.26s/it]                                                                                          Best trial: 141. Best value: 6658.47:   8%|▊         | 159/2000 [23:23<4:44:15,  9.26s/it]Best trial: 141. Best value: 6658.47:   8%|▊         | 159/2000 [23:23<4:44:15,  9.26s/it]Best trial: 141. Best value: 6658.47:   8%|▊         | 160/2000 [23:23<3:33:00,  6.95s/it]                                                                                          Best trial: 141. Best value: 6658.47:   8%|▊         | 160/2000 [23:32<3:33:00,  6.95s/it]Best trial: 141. Best value: 6658.47:   8%|▊         | 160/2000 [23:32<3:33:00,  6.95s/it]Best trial: 141. Best value: 6658.47:   8%|▊         | 161/2000 [23:32<3:54:34,  7.65s/it]                                                                                          Best trial: 141. Best value: 6658.47:   8%|▊         | 161/2000 [23:41<3:54:34,  7.65s/it]Best trial: 141. Best value: 6658.47:   8%|▊         | 161/2000 [23:41<3:54:34,  7.65s/it]Best trial: 141. Best value: 6658.47:   8%|▊         | 162/2000 [23:41<4:09:25,  8.14s/it]                                                                                          Best trial: 141. Best value: 6658.47:   8%|▊         | 162/2000 [23:51<4:09:25,  8.14s/it]Best trial: 141. Best value: 6658.47:   8%|▊         | 162/2000 [23:51<4:09:25,  8.14s/it]Best trial: 141. Best value: 6658.47:   8%|▊         | 163/2000 [23:51<4:20:46,  8.52s/it]                                                                                          Best trial: 141. Best value: 6658.47:   8%|▊         | 163/2000 [24:00<4:20:46,  8.52s/it]Best trial: 141. Best value: 6658.47:   8%|▊         | 163/2000 [24:00<4:20:46,  8.52s/it]Best trial: 141. Best value: 6658.47:   8%|▊         | 164/2000 [24:00<4:27:24,  8.74s/it]                                                                                          Best trial: 141. Best value: 6658.47:   8%|▊         | 164/2000 [24:09<4:27:24,  8.74s/it]Best trial: 141. Best value: 6658.47:   8%|▊         | 164/2000 [24:09<4:27:24,  8.74s/it]Best trial: 141. Best value: 6658.47:   8%|▊         | 165/2000 [24:09<4:32:44,  8.92s/it]                                                                                          
[I 2026-03-31 22:01:01,499] Trial 151 finished with value: 6697.740367876873 and parameters: {'alpha_0': 0.0009071083205250316, 'alpha_1': 7.414755851188476e-05, 'alpha_2': 7.598841291244468e-05, 'beta_0': 0.08376960957503726, 'beta_1': 12.713238263029504, 'beta_2': 0.19467104869126858, 'beta_3': 0.0006709449259469043, 'beta_4': 4.236519801025078, 'beta_5': 26.7321753536189, 'beta_6': 0.05596914555590648, 'beta_7': 0.016130136329244107, 'beta_8': 3.320065766779599e-05, 'beta_9': 8.374050052616895e-07}. Best is trial 141 with value: 6658.473723422336.
[I 2026-03-31 22:01:10,727] Trial 152 finished with value: 6702.971589366198 and parameters: {'alpha_0': 0.0008770941742614444, 'alpha_1': 7.383571197389279e-05, 'alpha_2': 7.567523748808924e-05, 'beta_0': 0.07913059760062048, 'beta_1': 12.53158914884472, 'beta_2': 0.19443706199235883, 'beta_3': 0.0006737100436858959, 'beta_4': 4.556020400386127, 'beta_5': 27.121484630408393, 'beta_6': 0.056046686661159195, 'beta_7': 0.016099396064402357, 'beta_8': 3.324511964124351e-05, 'beta_9': 8.38340978034383e-07}. Best is trial 141 with value: 6658.473723422336.
[I 2026-03-31 22:01:20,002] Trial 153 finished with value: 6719.503981309503 and parameters: {'alpha_0': 0.0008849145377246389, 'alpha_1': 7.355117111099457e-05, 'alpha_2': 7.509988033102881e-05, 'beta_0': 0.08070309833343385, 'beta_1': 13.169553201050405, 'beta_2': 0.19420583262040272, 'beta_3': 0.000689275919492277, 'beta_4': 4.510092571734693, 'beta_5': 27.005835036926268, 'beta_6': 0.055367118115826786, 'beta_7': 0.01618591480543824, 'beta_8': 3.324614144233446e-05, 'beta_9': 8.132253687975325e-07}. Best is trial 141 with value: 6658.473723422336.
[I 2026-03-31 22:01:29,324] Trial 154 finished with value: 6731.962399730956 and parameters: {'alpha_0': 0.000856538787124594, 'alpha_1': 7.2378726461133e-05, 'alpha_2': 6.846899255899273e-05, 'beta_0': 0.07998650060708759, 'beta_1': 13.182102556982073, 'beta_2': 0.19366482276437547, 'beta_3': 0.0006328825612578209, 'beta_4': 4.545717069184958, 'beta_5': 26.91352954747698, 'beta_6': 0.05571540742667634, 'beta_7': 0.016263341901877015, 'beta_8': 3.3256863788892344e-05, 'beta_9': 8.357308412429873e-07}. Best is trial 141 with value: 6658.473723422336.
[I 2026-03-31 22:01:38,571] Trial 155 finished with value: 6922.9398023664835 and parameters: {'alpha_0': 0.0009204770708133733, 'alpha_1': 7.631981483671899e-05, 'alpha_2': 7.526446554400358e-05, 'beta_0': 0.07478824949293728, 'beta_1': 12.783304153541906, 'beta_2': 0.19349414754712926, 'beta_3': 0.00069697666161046, 'beta_4': 4.700363973575686, 'beta_5': 27.78379522126771, 'beta_6': 0.054179452532509456, 'beta_7': 0.016688356416939203, 'beta_8': 3.3850260524260784e-05, 'beta_9': 7.844329109561674e-07}. Best is trial 141 with value: 6658.473723422336.
[I 2026-03-31 22:01:47,884] Trial 156 finished with value: 7172.221410707465 and parameters: {'alpha_0': 0.0009036895700149205, 'alpha_1': 6.983761699858948e-05, 'alpha_2': 7.160431920182105e-05, 'beta_0': 0.06676894193695558, 'beta_1': 13.369876719054128, 'beta_2': 0.19624426860548788, 'beta_3': 0.0006852965651346994, 'beta_4': 4.333027641952609, 'beta_5': 28.431686745886974, 'beta_6': 0.05647441842113614, 'beta_7': 0.01703196252470162, 'beta_8': 3.29943600754706e-05, 'beta_9': 8.484508487361089e-07}. Best is trial 141 with value: 6658.473723422336.
[I 2026-03-31 22:01:57,135] Trial 157 finished with value: 6681.40318241881 and parameters: {'alpha_0': 0.000821807904390641, 'alpha_1': 7.32085802522443e-05, 'alpha_2': 7.367272651130901e-05, 'beta_0': 0.08456583925265508, 'beta_1': 12.691119349993201, 'beta_2': 0.1911477582766509, 'beta_3': 0.0006672221134041822, 'beta_4': 4.477802230628373, 'beta_5': 29.6083817001337, 'beta_6': 0.05495839907589274, 'beta_7': 0.01610232246278684, 'beta_8': 3.453154947276163e-05, 'beta_9': 7.554516060173963e-07}. Best is trial 141 with value: 6658.473723422336.
[I 2026-03-31 22:02:06,367] Trial 158 finished with value: 6741.811372801345 and parameters: {'alpha_0': 0.0010117652272119697, 'alpha_1': 6.647475320776473e-05, 'alpha_2': 7.339040930662794e-05, 'beta_0': 0.08395828625246597, 'beta_1': 12.562225119135345, 'beta_2': 0.18946970348806164, 'beta_3': 0.0006748301080388204, 'beta_4': 4.48787799094105, 'beta_5': 29.209149609852197, 'beta_6': 0.04132618565693888, 'beta_7': 0.01646844756207018, 'beta_8': 3.456840533353192e-05, 'beta_9': 9.519036842423463e-07}. Best is trial 141 with value: 6658.473723422336.
[I 2026-03-31 22:02:07,904] Trial 159 finished with value: inf and parameters: {'alpha_0': 0.0008479095840030291, 'alpha_1': 7.413248495136566e-05, 'alpha_2': 6.985950409969211e-05, 'beta_0': 0.07921983824234169, 'beta_1': 12.781997899161146, 'beta_2': 0.18565701163861928, 'beta_3': 0.0005418050363745401, 'beta_4': 4.610713509861649, 'beta_5': 29.964994847241076, 'beta_6': 0.040141141313323817, 'beta_7': 0.028039475598972314, 'beta_8': 3.263894622476624e-05, 'beta_9': 7.62306941956152e-07}. Best is trial 141 with value: 6658.473723422336.
[I 2026-03-31 22:02:17,208] Trial 160 finished with value: inf and parameters: {'alpha_0': 0.0008073819973365845, 'alpha_1': 7.044219364575022e-05, 'alpha_2': 7.586731081568844e-05, 'beta_0': 0.0855300644221355, 'beta_1': 13.078927241968675, 'beta_2': 0.19711776664550787, 'beta_3': 0.0006483189868999788, 'beta_4': 4.236924080755054, 'beta_5': 27.18076199911681, 'beta_6': 0.05521451857002475, 'beta_7': 0.023593472138405347, 'beta_8': 3.354176642822383e-05, 'beta_9': 7.405966113384786e-07}. Best is trial 141 with value: 6658.473723422336.
[I 2026-03-31 22:02:26,491] Trial 161 finished with value: 6814.235694375953 and parameters: {'alpha_0': 0.0009952119633583497, 'alpha_1': 7.605352491020188e-05, 'alpha_2': 7.449593749989848e-05, 'beta_0': 0.07248491748417789, 'beta_1': 12.527989596990666, 'beta_2': 0.18786043562775773, 'beta_3': 0.000717030684782166, 'beta_4': 4.424462311504071, 'beta_5': 26.534542788425302, 'beta_6': 0.05429198297924126, 'beta_7': 0.016261501981929213, 'beta_8': 3.423708720887236e-05, 'beta_9': 8.049484058113705e-07}. Best is trial 141 with value: 6658.473723422336.
[I 2026-03-31 22:02:35,883] Trial 162 finished with value: 7420.599878375186 and parameters: {'alpha_0': 0.0008967670225806738, 'alpha_1': 7.307084949681274e-05, 'alpha_2': 7.720652833205529e-05, 'beta_0': 0.07789950841649074, 'beta_1': 13.559489160878679, 'beta_2': 0.1954551345280373, 'beta_3': 0.0006228850666388995, 'beta_4': 4.818653564313079, 'beta_5': 28.582052344713873, 'beta_6': 0.05213940832103182, 'beta_7': 0.015573960709617979, 'beta_8': 3.5194661256549566e-05, 'beta_9': 8.309984744974042e-07}. Best is trial 141 with value: 6658.473723422336.
[I 2026-03-31 22:02:45,138] Trial 163 finished with value: 6705.1295855838525 and parameters: {'alpha_0': 0.0009427725492393181, 'alpha_1': 6.763190216104462e-05, 'alpha_2': 7.295166539967945e-05, 'beta_0': 0.050687689842436545, 'beta_1': 12.794510894737291, 'beta_2': 0.1900392824901312, 'beta_3': 0.000670721920822753, 'beta_4': 4.578531384012626, 'beta_5': 30.853356342099843, 'beta_6': 0.05757838417103999, 'beta_7': 0.016196360184511528, 'beta_8': 3.379139816021199e-05, 'beta_9': 8.770985220236066e-07}. Best is trial 141 with value: 6658.473723422336.
[I 2026-03-31 22:02:54,475] Trial 164 finished with value: 6667.909442133585 and parameters: {'alpha_0': 0.0008708444294873929, 'alpha_1': 6.752486129756383e-05, 'alpha_2': 7.315521567634951e-05, 'beta_0': 0.060400567257028775, 'beta_1': 12.856673405591106, 'beta_2': 0.18242390292673857, 'beta_3': 0.0006674700393396104, 'beta_4': 4.606078037907319, 'beta_5': 31.068585850287533, 'beta_6': 0.05692016352947611, 'beta_7': 0.016083199779329507, 'beta_8': 3.3309798379863464e-05, 'beta_9': 8.82435610969109e-07}. Best is trial 141 with value: 6658.473723422336.
[I 2026-03-31 22:03:03,765] Trial 165 finished with value: 7012.054063620818 and parameters: {'alpha_0': 0.0024753428034291905, 'alpha_1': 6.721830071272929e-05, 'alpha_2': 7.214373961547695e-05, 'beta_0': 0.051606998751383824, 'beta_1': 12.831884131451588, 'beta_2': 0.18381467776399715, 'beta_3': 0.000664711588552207, 'beta_4': 4.676822906879417, 'beta_5': 30.992957470898038, 'beta_6': 0.05671312917444546, 'beta_7': 0.016728949157716576, 'beta_8': 3.359978589800074e-05, 'beta_9': 8.708722438292571e-07}. Best is trial 141 with value: 6658.473723422336.Best trial: 141. Best value: 6658.47:   8%|▊         | 165/2000 [24:19<4:32:44,  8.92s/it]Best trial: 141. Best value: 6658.47:   8%|▊         | 165/2000 [24:19<4:32:44,  8.92s/it]Best trial: 141. Best value: 6658.47:   8%|▊         | 166/2000 [24:19<4:36:00,  9.03s/it]                                                                                          Best trial: 141. Best value: 6658.47:   8%|▊         | 166/2000 [24:28<4:36:00,  9.03s/it]Best trial: 166. Best value: 6636.18:   8%|▊         | 166/2000 [24:28<4:36:00,  9.03s/it]Best trial: 166. Best value: 6636.18:   8%|▊         | 167/2000 [24:28<4:36:43,  9.06s/it]                                                                                          Best trial: 166. Best value: 6636.18:   8%|▊         | 167/2000 [24:37<4:36:43,  9.06s/it]Best trial: 166. Best value: 6636.18:   8%|▊         | 167/2000 [24:37<4:36:43,  9.06s/it]Best trial: 166. Best value: 6636.18:   8%|▊         | 168/2000 [24:37<4:40:57,  9.20s/it]                                                                                          Best trial: 166. Best value: 6636.18:   8%|▊         | 168/2000 [24:47<4:40:57,  9.20s/it]Best trial: 166. Best value: 6636.18:   8%|▊         | 168/2000 [24:47<4:40:57,  9.20s/it]Best trial: 166. Best value: 6636.18:   8%|▊         | 169/2000 [24:47<4:43:24,  9.29s/it]                                                                                          Best trial: 166. Best value: 6636.18:   8%|▊         | 169/2000 [24:56<4:43:24,  9.29s/it]Best trial: 166. Best value: 6636.18:   8%|▊         | 169/2000 [24:56<4:43:24,  9.29s/it]Best trial: 166. Best value: 6636.18:   8%|▊         | 170/2000 [24:56<4:43:35,  9.30s/it]                                                                                          Best trial: 166. Best value: 6636.18:   8%|▊         | 170/2000 [25:06<4:43:35,  9.30s/it]Best trial: 166. Best value: 6636.18:   8%|▊         | 170/2000 [25:06<4:43:35,  9.30s/it]Best trial: 166. Best value: 6636.18:   9%|▊         | 171/2000 [25:06<4:44:53,  9.35s/it]                                                                                          Best trial: 166. Best value: 6636.18:   9%|▊         | 171/2000 [25:15<4:44:53,  9.35s/it]Best trial: 166. Best value: 6636.18:   9%|▊         | 171/2000 [25:15<4:44:53,  9.35s/it]Best trial: 166. Best value: 6636.18:   9%|▊         | 172/2000 [25:15<4:44:12,  9.33s/it]                                                                                          Best trial: 166. Best value: 6636.18:   9%|▊         | 172/2000 [25:24<4:44:12,  9.33s/it]Best trial: 166. Best value: 6636.18:   9%|▊         | 172/2000 [25:24<4:44:12,  9.33s/it]Best trial: 166. Best value: 6636.18:   9%|▊         | 173/2000 [25:24<4:44:08,  9.33s/it]                                                                                          Best trial: 166. Best value: 6636.18:   9%|▊         | 173/2000 [25:34<4:44:08,  9.33s/it]Best trial: 166. Best value: 6636.18:   9%|▊         | 173/2000 [25:34<4:44:08,  9.33s/it]Best trial: 166. Best value: 6636.18:   9%|▊         | 174/2000 [25:34<4:43:48,  9.33s/it]                                                                                          Best trial: 166. Best value: 6636.18:   9%|▊         | 174/2000 [25:43<4:43:48,  9.33s/it]Best trial: 166. Best value: 6636.18:   9%|▊         | 174/2000 [25:43<4:43:48,  9.33s/it]Best trial: 166. Best value: 6636.18:   9%|▉         | 175/2000 [25:43<4:44:32,  9.35s/it]                                                                                          Best trial: 166. Best value: 6636.18:   9%|▉         | 175/2000 [25:52<4:44:32,  9.35s/it]Best trial: 166. Best value: 6636.18:   9%|▉         | 175/2000 [25:52<4:44:32,  9.35s/it]Best trial: 166. Best value: 6636.18:   9%|▉         | 176/2000 [25:52<4:43:49,  9.34s/it]                                                                                          Best trial: 166. Best value: 6636.18:   9%|▉         | 176/2000 [26:02<4:43:49,  9.34s/it]Best trial: 166. Best value: 6636.18:   9%|▉         | 176/2000 [26:02<4:43:49,  9.34s/it]Best trial: 166. Best value: 6636.18:   9%|▉         | 177/2000 [26:02<4:42:37,  9.30s/it]                                                                                          Best trial: 166. Best value: 6636.18:   9%|▉         | 177/2000 [26:11<4:42:37,  9.30s/it]Best trial: 166. Best value: 6636.18:   9%|▉         | 177/2000 [26:11<4:42:37,  9.30s/it]Best trial: 166. Best value: 6636.18:   9%|▉         | 178/2000 [26:11<4:42:24,  9.30s/it]                                                                                          Best trial: 166. Best value: 6636.18:   9%|▉         | 178/2000 [26:20<4:42:24,  9.30s/it]Best trial: 166. Best value: 6636.18:   9%|▉         | 178/2000 [26:20<4:42:24,  9.30s/it]Best trial: 166. Best value: 6636.18:   9%|▉         | 179/2000 [26:20<4:44:08,  9.36s/it]                                                                                          Best trial: 166. Best value: 6636.18:   9%|▉         | 179/2000 [26:30<4:44:08,  9.36s/it]Best trial: 166. Best value: 6636.18:   9%|▉         | 179/2000 [26:30<4:44:08,  9.36s/it]Best trial: 166. Best value: 6636.18:   9%|▉         | 180/2000 [26:30<4:42:31,  9.31s/it]                                                                                          
[I 2026-03-31 22:03:12,890] Trial 166 finished with value: 6636.176825783119 and parameters: {'alpha_0': 0.0009448175371532593, 'alpha_1': 6.451496723358404e-05, 'alpha_2': 6.882441513514644e-05, 'beta_0': 0.058862277756709186, 'beta_1': 12.64103953416326, 'beta_2': 0.18434291568309155, 'beta_3': 0.000586058368648239, 'beta_4': 4.548340030532146, 'beta_5': 30.573007231968678, 'beta_6': 0.05566205396698673, 'beta_7': 0.01613878540317496, 'beta_8': 3.29736226771391e-05, 'beta_9': 8.853247223557522e-07}. Best is trial 166 with value: 6636.176825783119.
[I 2026-03-31 22:03:22,426] Trial 167 finished with value: 7551.108625881193 and parameters: {'alpha_0': 0.0009449140613661222, 'alpha_1': 6.373981308061681e-05, 'alpha_2': 6.755280690870178e-05, 'beta_0': 0.056016322535477114, 'beta_1': 12.66225280463524, 'beta_2': 0.19083454869427083, 'beta_3': 0.0006075181430479539, 'beta_4': 4.375053834782612, 'beta_5': 31.60038119395778, 'beta_6': 0.057175107849065, 'beta_7': 0.015382688519553097, 'beta_8': 3.473959594817962e-05, 'beta_9': 8.783467034346433e-07}. Best is trial 166 with value: 6636.176825783119.
[I 2026-03-31 22:03:31,912] Trial 168 finished with value: 7298.942801360832 and parameters: {'alpha_0': 0.0008187901725168441, 'alpha_1': 6.850133992546965e-05, 'alpha_2': 6.917790550144682e-05, 'beta_0': 0.056481688165991174, 'beta_1': 12.416345850801271, 'beta_2': 0.18240935165622582, 'beta_3': 0.0005682768445299819, 'beta_4': 4.592827679659967, 'beta_5': 30.446754601367825, 'beta_6': 0.057526934174534416, 'beta_7': 0.017273176294116187, 'beta_8': 3.263302702993819e-05, 'beta_9': 9.264236037753717e-07}. Best is trial 166 with value: 6636.176825783119.
