[I 2026-04-01 00:30:27,012] Trial 1140 finished with value: 7214.507015528874 and parameters: {'alpha_0': 0.0005760062273669678, 'alpha_1': 5.7193842888806765e-05, 'alpha_2': 0.00010202230096832559, 'beta_0': 0.10254094467000481, 'beta_1': 6.518296608465289, 'beta_2': 0.21288788053652508, 'beta_3': 0.0009730204690387321, 'beta_4': 6.32032337886279, 'beta_5': 36.328076387881616, 'beta_6': 0.0782006538373675, 'beta_7': 0.01667034299390414, 'beta_8': 3.886316511028634e-05, 'beta_9': 5.442670776702263e-07}. Best is trial 691 with value: 6538.461030825155.Best trial: 691. Best value: 6538.46:  57%|█████▋    | 1140/2000 [2:51:42<2:12:29,  9.24s/it]Best trial: 691. Best value: 6538.46:  57%|█████▋    | 1140/2000 [2:51:42<2:12:29,  9.24s/it]Best trial: 691. Best value: 6538.46:  57%|█████▋    | 1141/2000 [2:51:42<2:12:32,  9.26s/it]                                                                                             Best trial: 691. Best value: 6538.46:  57%|█████▋    | 1141/2000 [2:51:51<2:12:32,  9.26s/it]Best trial: 691. Best value: 6538.46:  57%|█████▋    | 1141/2000 [2:51:51<2:12:32,  9.26s/it]Best trial: 691. Best value: 6538.46:  57%|█████▋    | 1142/2000 [2:51:51<2:12:56,  9.30s/it]                                                                                             Best trial: 691. Best value: 6538.46:  57%|█████▋    | 1142/2000 [2:52:01<2:12:56,  9.30s/it]Best trial: 691. Best value: 6538.46:  57%|█████▋    | 1142/2000 [2:52:01<2:12:56,  9.30s/it]Best trial: 691. Best value: 6538.46:  57%|█████▋    | 1143/2000 [2:52:01<2:12:43,  9.29s/it]                                                                                             Best trial: 691. Best value: 6538.46:  57%|█████▋    | 1143/2000 [2:52:10<2:12:43,  9.29s/it]Best trial: 691. Best value: 6538.46:  57%|█████▋    | 1143/2000 [2:52:10<2:12:43,  9.29s/it]Best trial: 691. Best value: 6538.46:  57%|█████▋    | 1144/2000 [2:52:10<2:12:50,  9.31s/it]                                                                                             Best trial: 691. Best value: 6538.46:  57%|█████▋    | 1144/2000 [2:52:19<2:12:50,  9.31s/it]Best trial: 691. Best value: 6538.46:  57%|█████▋    | 1144/2000 [2:52:19<2:12:50,  9.31s/it]Best trial: 691. Best value: 6538.46:  57%|█████▋    | 1145/2000 [2:52:19<2:12:44,  9.32s/it]                                                                                             Best trial: 691. Best value: 6538.46:  57%|█████▋    | 1145/2000 [2:52:29<2:12:44,  9.32s/it]Best trial: 691. Best value: 6538.46:  57%|█████▋    | 1145/2000 [2:52:29<2:12:44,  9.32s/it]Best trial: 691. Best value: 6538.46:  57%|█████▋    | 1146/2000 [2:52:29<2:12:34,  9.31s/it]                                                                                             Best trial: 691. Best value: 6538.46:  57%|█████▋    | 1146/2000 [2:52:38<2:12:34,  9.31s/it]Best trial: 691. Best value: 6538.46:  57%|█████▋    | 1146/2000 [2:52:38<2:12:34,  9.31s/it]Best trial: 691. Best value: 6538.46:  57%|█████▋    | 1147/2000 [2:52:38<2:12:03,  9.29s/it]                                                                                             Best trial: 691. Best value: 6538.46:  57%|█████▋    | 1147/2000 [2:52:47<2:12:03,  9.29s/it]Best trial: 691. Best value: 6538.46:  57%|█████▋    | 1147/2000 [2:52:47<2:12:03,  9.29s/it]Best trial: 691. Best value: 6538.46:  57%|█████▋    | 1148/2000 [2:52:47<2:11:59,  9.29s/it]                                                                                             Best trial: 691. Best value: 6538.46:  57%|█████▋    | 1148/2000 [2:52:56<2:11:59,  9.29s/it]Best trial: 691. Best value: 6538.46:  57%|█████▋    | 1148/2000 [2:52:56<2:11:59,  9.29s/it]Best trial: 691. Best value: 6538.46:  57%|█████▋    | 1149/2000 [2:52:56<2:11:37,  9.28s/it]                                                                                             Best trial: 691. Best value: 6538.46:  57%|█████▋    | 1149/2000 [2:53:06<2:11:37,  9.28s/it]Best trial: 691. Best value: 6538.46:  57%|█████▋    | 1149/2000 [2:53:06<2:11:37,  9.28s/it]Best trial: 691. Best value: 6538.46:  57%|█████▊    | 1150/2000 [2:53:06<2:11:37,  9.29s/it]                                                                                             Best trial: 691. Best value: 6538.46:  57%|█████▊    | 1150/2000 [2:53:15<2:11:37,  9.29s/it]Best trial: 691. Best value: 6538.46:  57%|█████▊    | 1150/2000 [2:53:15<2:11:37,  9.29s/it]Best trial: 691. Best value: 6538.46:  58%|█████▊    | 1151/2000 [2:53:15<2:11:00,  9.26s/it]                                                                                             Best trial: 691. Best value: 6538.46:  58%|█████▊    | 1151/2000 [2:53:24<2:11:00,  9.26s/it]Best trial: 691. Best value: 6538.46:  58%|█████▊    | 1151/2000 [2:53:24<2:11:00,  9.26s/it]Best trial: 691. Best value: 6538.46:  58%|█████▊    | 1152/2000 [2:53:24<2:10:57,  9.27s/it]                                                                                             Best trial: 691. Best value: 6538.46:  58%|█████▊    | 1152/2000 [2:53:34<2:10:57,  9.27s/it]Best trial: 691. Best value: 6538.46:  58%|█████▊    | 1152/2000 [2:53:34<2:10:57,  9.27s/it]Best trial: 691. Best value: 6538.46:  58%|█████▊    | 1153/2000 [2:53:34<2:11:04,  9.29s/it]                                                                                             Best trial: 691. Best value: 6538.46:  58%|█████▊    | 1153/2000 [2:53:43<2:11:04,  9.29s/it]Best trial: 691. Best value: 6538.46:  58%|█████▊    | 1153/2000 [2:53:43<2:11:04,  9.29s/it]Best trial: 691. Best value: 6538.46:  58%|█████▊    | 1154/2000 [2:53:43<2:10:36,  9.26s/it]                                                                                             Best trial: 691. Best value: 6538.46:  58%|█████▊    | 1154/2000 [2:53:52<2:10:36,  9.26s/it]Best trial: 691. Best value: 6538.46:  58%|█████▊    | 1154/2000 [2:53:52<2:10:36,  9.26s/it]Best trial: 691. Best value: 6538.46:  58%|█████▊    | 1155/2000 [2:53:52<2:10:50,  9.29s/it]                                                                                             
[I 2026-04-01 00:30:36,400] Trial 1141 finished with value: 7368.22535332711 and parameters: {'alpha_0': 0.0006474818063118971, 'alpha_1': 5.997200593469554e-05, 'alpha_2': 0.00011048973343697416, 'beta_0': 0.11209692607246657, 'beta_1': 6.804380425941052, 'beta_2': 0.21131257253650282, 'beta_3': 0.0011404263560441045, 'beta_4': 6.5548415005535565, 'beta_5': 37.13042266635798, 'beta_6': 0.044237896577676974, 'beta_7': 0.015009533585253492, 'beta_8': 3.933382285026641e-05, 'beta_9': 5.724608996397373e-07}. Best is trial 691 with value: 6538.461030825155.
[I 2026-04-01 00:30:45,681] Trial 1142 finished with value: 6809.140472712934 and parameters: {'alpha_0': 0.0007125250546223759, 'alpha_1': 5.745543705824129e-05, 'alpha_2': 0.00010037011863647426, 'beta_0': 0.1618192148131045, 'beta_1': 6.204684453746004, 'beta_2': 0.20768026351803, 'beta_3': 0.0008508549388655844, 'beta_4': 6.145000791000289, 'beta_5': 37.22516381702935, 'beta_6': 0.04736628853390814, 'beta_7': 0.0162055358868086, 'beta_8': 3.894765693561306e-05, 'beta_9': 5.71474140421091e-07}. Best is trial 691 with value: 6538.461030825155.
[I 2026-04-01 00:30:55,037] Trial 1143 finished with value: 6812.376914125097 and parameters: {'alpha_0': 0.0005413373674559006, 'alpha_1': 5.531387072652968e-05, 'alpha_2': 4.915132053699761e-05, 'beta_0': 0.10278278625159645, 'beta_1': 6.329598897952473, 'beta_2': 0.20213735179680004, 'beta_3': 0.0010041387435504139, 'beta_4': 6.585572299894778, 'beta_5': 36.836178029300456, 'beta_6': 0.043359729624412924, 'beta_7': 0.01546579718644899, 'beta_8': 3.8192990440291295e-05, 'beta_9': 5.958218890256865e-07}. Best is trial 691 with value: 6538.461030825155.
[I 2026-04-01 00:31:04,361] Trial 1144 finished with value: 6726.724476701353 and parameters: {'alpha_0': 0.0006152977861515835, 'alpha_1': 5.631174306380553e-05, 'alpha_2': 0.00010065182752531574, 'beta_0': 0.09763886319446104, 'beta_1': 10.198710683887288, 'beta_2': 0.20851657912683996, 'beta_3': 0.0009447101770622825, 'beta_4': 6.407476236309648, 'beta_5': 37.25082370690065, 'beta_6': 0.04381641617214405, 'beta_7': 0.01593265923843377, 'beta_8': 3.928595767614982e-05, 'beta_9': 5.356102312647303e-07}. Best is trial 691 with value: 6538.461030825155.
[I 2026-04-01 00:31:13,673] Trial 1145 finished with value: 6601.773156877997 and parameters: {'alpha_0': 0.0005015067816270154, 'alpha_1': 5.3920921467449604e-05, 'alpha_2': 0.00010744587234163817, 'beta_0': 0.21619413276958296, 'beta_1': 6.002695133362789, 'beta_2': 0.205744434973859, 'beta_3': 0.001033760696372615, 'beta_4': 6.43320357508648, 'beta_5': 37.40449698288529, 'beta_6': 0.046281067644956875, 'beta_7': 0.015642096084625707, 'beta_8': 3.998374078876319e-05, 'beta_9': 5.012037465591066e-07}. Best is trial 691 with value: 6538.461030825155.
[I 2026-04-01 00:31:22,903] Trial 1146 finished with value: 6785.696150334643 and parameters: {'alpha_0': 0.0005814097752242539, 'alpha_1': 5.85073013253561e-05, 'alpha_2': 9.524859162282326e-05, 'beta_0': 0.07572071452027937, 'beta_1': 6.564925918410203, 'beta_2': 0.20971722445938007, 'beta_3': 0.0009191630082130802, 'beta_4': 6.321198863075791, 'beta_5': 36.40859484421004, 'beta_6': 0.04480327659124964, 'beta_7': 0.016207780576469738, 'beta_8': 3.8365633217492095e-05, 'beta_9': 5.951853949331904e-07}. Best is trial 691 with value: 6538.461030825155.
[I 2026-04-01 00:31:32,211] Trial 1147 finished with value: 7176.546968446803 and parameters: {'alpha_0': 0.0006947591925398585, 'alpha_1': 5.515369326150919e-05, 'alpha_2': 0.00010294455540529033, 'beta_0': 0.08036076930523788, 'beta_1': 5.962568533398182, 'beta_2': 0.20008580577422047, 'beta_3': 0.0009836653954216567, 'beta_4': 6.63075563182457, 'beta_5': 35.755445313620584, 'beta_6': 0.04343947795677697, 'beta_7': 0.015303890689121214, 'beta_8': 3.890865837228207e-05, 'beta_9': 6.170591288321857e-07}. Best is trial 691 with value: 6538.461030825155.
[I 2026-04-01 00:31:41,456] Trial 1148 finished with value: 6577.91630707987 and parameters: {'alpha_0': 0.0006385245539315136, 'alpha_1': 5.454968138757057e-05, 'alpha_2': 4.630875854783456e-05, 'beta_0': 0.08840380341463212, 'beta_1': 6.361279491300088, 'beta_2': 0.20373949806551825, 'beta_3': 0.000879843058688061, 'beta_4': 6.445820664036123, 'beta_5': 36.72538150356397, 'beta_6': 0.04320063368018781, 'beta_7': 0.015822865420319333, 'beta_8': 3.7803586773149475e-05, 'beta_9': 5.467380268369931e-07}. Best is trial 691 with value: 6538.461030825155.
[I 2026-04-01 00:31:50,776] Trial 1149 finished with value: 6999.015643653769 and parameters: {'alpha_0': 0.00053606930455645, 'alpha_1': 5.384919458530984e-05, 'alpha_2': 0.0001083744365159646, 'beta_0': 0.06961798802097086, 'beta_1': 6.970523295074909, 'beta_2': 0.24991641724885544, 'beta_3': 0.0009565096282665068, 'beta_4': 6.262201261208056, 'beta_5': 35.477189286131484, 'beta_6': 0.04554035960795799, 'beta_7': 0.01644843060204514, 'beta_8': 3.9433418194421793e-05, 'beta_9': 5.876458330556805e-07}. Best is trial 691 with value: 6538.461030825155.
[I 2026-04-01 00:31:59,958] Trial 1150 finished with value: 6811.800049193937 and parameters: {'alpha_0': 0.0006707278217356067, 'alpha_1': 5.728464150552057e-05, 'alpha_2': 0.00010548057176915242, 'beta_0': 0.10852806568824701, 'beta_1': 6.181171387529981, 'beta_2': 0.2121923696258593, 'beta_3': 0.0009363250832642137, 'beta_4': 6.5605762051735494, 'beta_5': 35.11625716256747, 'beta_6': 0.04277855454745326, 'beta_7': 0.015540157336847046, 'beta_8': 3.946770508851002e-05, 'beta_9': 5.696635331318544e-07}. Best is trial 691 with value: 6538.461030825155.
[I 2026-04-01 00:32:09,241] Trial 1151 finished with value: 6799.2834326414695 and parameters: {'alpha_0': 0.0005995708222307159, 'alpha_1': 8.19542520405027e-05, 'alpha_2': 0.00011335634125040595, 'beta_0': 0.07367966023921144, 'beta_1': 6.676632688820562, 'beta_2': 0.20756959000530364, 'beta_3': 0.0010085575069669762, 'beta_4': 6.655674649147923, 'beta_5': 37.48748906443348, 'beta_6': 0.04392629645775898, 'beta_7': 0.016020174148210282, 'beta_8': 3.85197797158634e-05, 'beta_9': 6.288535077159355e-07}. Best is trial 691 with value: 6538.461030825155.
[I 2026-04-01 00:32:18,571] Trial 1152 finished with value: 6592.774474101354 and parameters: {'alpha_0': 0.0007377846060065623, 'alpha_1': 5.631010322579188e-05, 'alpha_2': 0.0001048593010803496, 'beta_0': 0.08392797804083499, 'beta_1': 5.906491195145303, 'beta_2': 0.2056145887542914, 'beta_3': 0.0008949407669926569, 'beta_4': 6.504647405309545, 'beta_5': 35.7986924343498, 'beta_6': 0.0424413756142819, 'beta_7': 0.015756069894625156, 'beta_8': 3.9981903527591675e-05, 'beta_9': 7.287662465793234e-07}. Best is trial 691 with value: 6538.461030825155.
[I 2026-04-01 00:32:27,783] Trial 1153 finished with value: inf and parameters: {'alpha_0': 0.0005351309422449496, 'alpha_1': 5.32364051202835e-05, 'alpha_2': 0.0001110865915908593, 'beta_0': 0.09507612972288583, 'beta_1': 11.585321213744571, 'beta_2': 0.21119336957918636, 'beta_3': 0.0009767881160066714, 'beta_4': 6.2120969742503, 'beta_5': 36.22118040529579, 'beta_6': 0.04450090393036927, 'beta_7': 0.022742072944384732, 'beta_8': 3.7214401868766895e-05, 'beta_9': 5.295159862504516e-07}. Best is trial 691 with value: 6538.461030825155.
[I 2026-04-01 00:32:37,139] Trial 1154 finished with value: 7218.921160446549 and parameters: {'alpha_0': 0.0005713070140831191, 'alpha_1': 6.026445487383878e-05, 'alpha_2': 0.00010785699700440877, 'beta_0': 0.10035272231933626, 'beta_1': 6.453601949848504, 'beta_2': 0.21413421707933758, 'beta_3': 0.0009259333825535198, 'beta_4': 6.360144633198118, 'beta_5': 36.71466177723598, 'beta_6': 0.04209997039743513, 'beta_7': 0.015325564613112129, 'beta_8': 3.891808541218608e-05, 'beta_9': 1.3555816719798925e-06}. Best is trial 691 with value: 6538.461030825155.
[I 2026-04-01 00:32:46,403] Trial 1155 finished with value: 6860.301745602206 and parameters: {'alpha_0': 0.0006470412085721491, 'alpha_1': 0.00012431896010032877, 'alpha_2': 0.00010258640774842313, 'beta_0': 0.08086104886543653, 'beta_1': 6.0906107868574315, 'beta_2': 0.20234470300470325, 'beta_3': 0.0009587949924124517, 'beta_4': 6.661790994426134, 'beta_5': 34.86008143767116, 'beta_6': 0.042978777908139476, 'beta_7': 0.016053219332414114, 'beta_8': 3.7956999066902626e-05, 'beta_9': 6.403735957512691e-07}. Best is trial 691 with value: 6538.461030825155.Best trial: 691. Best value: 6538.46:  58%|█████▊    | 1155/2000 [2:54:01<2:10:50,  9.29s/it]Best trial: 691. Best value: 6538.46:  58%|█████▊    | 1155/2000 [2:54:01<2:10:50,  9.29s/it]Best trial: 691. Best value: 6538.46:  58%|█████▊    | 1156/2000 [2:54:01<2:10:34,  9.28s/it]                                                                                             Best trial: 691. Best value: 6538.46:  58%|█████▊    | 1156/2000 [2:54:11<2:10:34,  9.28s/it]Best trial: 691. Best value: 6538.46:  58%|█████▊    | 1156/2000 [2:54:11<2:10:34,  9.28s/it]Best trial: 691. Best value: 6538.46:  58%|█████▊    | 1157/2000 [2:54:11<2:10:34,  9.29s/it]                                                                                             Best trial: 691. Best value: 6538.46:  58%|█████▊    | 1157/2000 [2:54:12<2:10:34,  9.29s/it]Best trial: 691. Best value: 6538.46:  58%|█████▊    | 1157/2000 [2:54:12<2:10:34,  9.29s/it]Best trial: 691. Best value: 6538.46:  58%|█████▊    | 1158/2000 [2:54:12<1:38:51,  7.04s/it]                                                                                             Best trial: 691. Best value: 6538.46:  58%|█████▊    | 1158/2000 [2:54:22<1:38:51,  7.04s/it]Best trial: 691. Best value: 6538.46:  58%|█████▊    | 1158/2000 [2:54:22<1:38:51,  7.04s/it]Best trial: 691. Best value: 6538.46:  58%|█████▊    | 1159/2000 [2:54:22<1:47:24,  7.66s/it]                                                                                             Best trial: 691. Best value: 6538.46:  58%|█████▊    | 1159/2000 [2:54:31<1:47:24,  7.66s/it]Best trial: 691. Best value: 6538.46:  58%|█████▊    | 1159/2000 [2:54:31<1:47:24,  7.66s/it]Best trial: 691. Best value: 6538.46:  58%|█████▊    | 1160/2000 [2:54:31<1:54:26,  8.17s/it]                                                                                             Best trial: 691. Best value: 6538.46:  58%|█████▊    | 1160/2000 [2:54:40<1:54:26,  8.17s/it]Best trial: 691. Best value: 6538.46:  58%|█████▊    | 1160/2000 [2:54:40<1:54:26,  8.17s/it]Best trial: 691. Best value: 6538.46:  58%|█████▊    | 1161/2000 [2:54:40<1:58:49,  8.50s/it]                                                                                             Best trial: 691. Best value: 6538.46:  58%|█████▊    | 1161/2000 [2:54:50<1:58:49,  8.50s/it]Best trial: 691. Best value: 6538.46:  58%|█████▊    | 1161/2000 [2:54:50<1:58:49,  8.50s/it]Best trial: 691. Best value: 6538.46:  58%|█████▊    | 1162/2000 [2:54:50<2:02:22,  8.76s/it]                                                                                             Best trial: 691. Best value: 6538.46:  58%|█████▊    | 1162/2000 [2:54:59<2:02:22,  8.76s/it]Best trial: 691. Best value: 6538.46:  58%|█████▊    | 1162/2000 [2:54:59<2:02:22,  8.76s/it]Best trial: 691. Best value: 6538.46:  58%|█████▊    | 1163/2000 [2:54:59<2:04:23,  8.92s/it]                                                                                             Best trial: 691. Best value: 6538.46:  58%|█████▊    | 1163/2000 [2:55:08<2:04:23,  8.92s/it]Best trial: 691. Best value: 6538.46:  58%|█████▊    | 1163/2000 [2:55:08<2:04:23,  8.92s/it]Best trial: 691. Best value: 6538.46:  58%|█████▊    | 1164/2000 [2:55:08<2:05:59,  9.04s/it]                                                                                             Best trial: 691. Best value: 6538.46:  58%|█████▊    | 1164/2000 [2:55:17<2:05:59,  9.04s/it]Best trial: 691. Best value: 6538.46:  58%|█████▊    | 1164/2000 [2:55:17<2:05:59,  9.04s/it]Best trial: 691. Best value: 6538.46:  58%|█████▊    | 1165/2000 [2:55:17<2:06:59,  9.13s/it]                                                                                             Best trial: 691. Best value: 6538.46:  58%|█████▊    | 1165/2000 [2:55:27<2:06:59,  9.13s/it]Best trial: 691. Best value: 6538.46:  58%|█████▊    | 1165/2000 [2:55:27<2:06:59,  9.13s/it]Best trial: 691. Best value: 6538.46:  58%|█████▊    | 1166/2000 [2:55:27<2:07:18,  9.16s/it]                                                                                             Best trial: 691. Best value: 6538.46:  58%|█████▊    | 1166/2000 [2:55:39<2:07:18,  9.16s/it]Best trial: 691. Best value: 6538.46:  58%|█████▊    | 1166/2000 [2:55:39<2:07:18,  9.16s/it]Best trial: 691. Best value: 6538.46:  58%|█████▊    | 1167/2000 [2:55:39<2:19:55, 10.08s/it]                                                                                             Best trial: 691. Best value: 6538.46:  58%|█████▊    | 1167/2000 [2:55:50<2:19:55, 10.08s/it]Best trial: 691. Best value: 6538.46:  58%|█████▊    | 1167/2000 [2:55:50<2:19:55, 10.08s/it]Best trial: 691. Best value: 6538.46:  58%|█████▊    | 1168/2000 [2:55:50<2:22:43, 10.29s/it]                                                                                             Best trial: 691. Best value: 6538.46:  58%|█████▊    | 1168/2000 [2:56:01<2:22:43, 10.29s/it]Best trial: 691. Best value: 6538.46:  58%|█████▊    | 1168/2000 [2:56:01<2:22:43, 10.29s/it]Best trial: 691. Best value: 6538.46:  58%|█████▊    | 1169/2000 [2:56:01<2:25:12, 10.48s/it]                                                                                             Best trial: 691. Best value: 6538.46:  58%|█████▊    | 1169/2000 [2:56:12<2:25:12, 10.48s/it]Best trial: 691. Best value: 6538.46:  58%|█████▊    | 1169/2000 [2:56:12<2:25:12, 10.48s/it]Best trial: 691. Best value: 6538.46:  58%|█████▊    | 1170/2000 [2:56:12<2:27:35, 10.67s/it]                                                                                             
[I 2026-04-01 00:32:55,721] Trial 1156 finished with value: 6704.994675097267 and parameters: {'alpha_0': 0.0006105172775028272, 'alpha_1': 5.0033115756942463e-05, 'alpha_2': 9.73652610861394e-05, 'beta_0': 0.08763810543105807, 'beta_1': 6.2992779016842855, 'beta_2': 0.23715102477532363, 'beta_3': 0.0009946469252323463, 'beta_4': 6.521413502317648, 'beta_5': 35.36285663915917, 'beta_6': 0.04702162251034804, 'beta_7': 0.015515477641876782, 'beta_8': 3.93717907768545e-05, 'beta_9': 6.083175822422948e-07}. Best is trial 691 with value: 6538.461030825155.
[I 2026-04-01 00:32:57,517] Trial 1157 finished with value: inf and parameters: {'alpha_0': 0.0007838271367917385, 'alpha_1': 5.532158991058888e-05, 'alpha_2': 4.7260347789166035e-05, 'beta_0': 0.13842347404968108, 'beta_1': 5.8724253534534565, 'beta_2': 0.20757685231448572, 'beta_3': 0.000861592364226961, 'beta_4': 6.7299810021602005, 'beta_5': 34.62520329603494, 'beta_6': 0.0419606683018474, 'beta_7': 0.025150471292805066, 'beta_8': 3.858645476858323e-05, 'beta_9': 7.153457317966543e-07}. Best is trial 691 with value: 6538.461030825155.
[I 2026-04-01 00:33:06,623] Trial 1158 finished with value: 6933.729269293928 and parameters: {'alpha_0': 0.0006945842263627625, 'alpha_1': 5.3070647094311496e-05, 'alpha_2': 0.00011410130911407936, 'beta_0': 0.07704991847997844, 'beta_1': 6.797616950111448, 'beta_2': 0.20946320883228958, 'beta_3': 0.0010520136178979824, 'beta_4': 6.413253771726308, 'beta_5': 35.729164310681654, 'beta_6': 0.04417885071745363, 'beta_7': 0.01629983050435202, 'beta_8': 3.898423402001192e-05, 'beta_9': 1.1208392771245822e-06}. Best is trial 691 with value: 6538.461030825155.
