[I 2026-04-01 11:06:48,745] Trial 1969 finished with value: inf and parameters: {'alpha_0': 0.0007273203302285561, 'alpha_1': 5.1592163696150016e-05, 'alpha_2': 4.136883627940295e-05, 'beta_0': 0.09719536889644513, 'beta_1': 6.701369186982878, 'beta_2': 0.21324943406864572, 'beta_3': 0.0009948219945560815, 'beta_4': 6.63982679023412, 'beta_5': 33.90562848774161, 'beta_6': 0.04575186758441516, 'beta_7': 0.018724741656447948, 'beta_8': 3.82042248537e-05, 'beta_9': 6.552860140526699e-07}. Best is trial 691 with value: 6538.461030825155.
[I 2026-04-01 11:06:58,282] Trial 1970 finished with value: 7198.628724452252 and parameters: {'alpha_0': 0.0006754999622976725, 'alpha_1': 5.5854875789246514e-05, 'alpha_2': 4.349666798790819e-05, 'beta_0': 0.11090132754135967, 'beta_1': 6.366611635243086, 'beta_2': 0.19735132225238816, 'beta_3': 0.0009598940967357032, 'beta_4': 7.439199746631324, 'beta_5': 36.67689792812285, 'beta_6': 0.042612257381998336, 'beta_7': 0.015255056708174453, 'beta_8': 3.904471803553664e-05, 'beta_9': 5.582657126061386e-07}. Best is trial 691 with value: 6538.461030825155.
[I 2026-04-01 11:07:07,695] Trial 1971 finished with value: 6618.2769262503625 and parameters: {'alpha_0': 0.0005544913540607198, 'alpha_1': 5.3287771607022085e-05, 'alpha_2': 9.55330899102084e-05, 'beta_0': 0.1927644512673327, 'beta_1': 7.024864406420861, 'beta_2': 0.20787099660257966, 'beta_3': 0.0009222039414384817, 'beta_4': 6.515528393526527, 'beta_5': 33.09278459193997, 'beta_6': 0.04100827065991635, 'beta_7': 0.01574379180620068, 'beta_8': 3.9445239476534597e-05, 'beta_9': 6.892756334067803e-07}. Best is trial 691 with value: 6538.461030825155.
[I 2026-04-01 11:07:17,008] Trial 1972 finished with value: 6782.330552247271 and parameters: {'alpha_0': 0.0006154624464196066, 'alpha_1': 5.1643208137740936e-05, 'alpha_2': 4.7430359070431e-05, 'beta_0': 0.0711112953033454, 'beta_1': 6.202961906062812, 'beta_2': 0.2165843058775706, 'beta_3': 0.0010278352836661968, 'beta_4': 6.746542465357539, 'beta_5': 34.5993918119044, 'beta_6': 0.044367580496425855, 'beta_7': 0.016064948970930287, 'beta_8': 3.827679682984982e-05, 'beta_9': 1.9667719795682126e-06}. Best is trial 691 with value: 6538.461030825155.
[I 2026-04-01 11:07:26,401] Trial 1973 finished with value: 7504.533681661734 and parameters: {'alpha_0': 0.000590014143289075, 'alpha_1': 7.722866818770794e-05, 'alpha_2': 4.15055091887871e-05, 'beta_0': 0.09134413812402153, 'beta_1': 5.442658906716228, 'beta_2': 0.2034346052661573, 'beta_3': 0.0009770958928372276, 'beta_4': 6.612139885501217, 'beta_5': 35.91540611031491, 'beta_6': 0.05774706674821293, 'beta_7': 0.0150076118074188, 'beta_8': 3.760892933979545e-05, 'beta_9': 6.089807239361163e-07}. Best is trial 691 with value: 6538.461030825155.
[I 2026-04-01 11:07:35,721] Trial 1974 finished with value: 6712.913768655322 and parameters: {'alpha_0': 0.0005355115240333208, 'alpha_1': 5.728081058031443e-05, 'alpha_2': 4.538291356803397e-05, 'beta_0': 0.08057372225321327, 'beta_1': 6.502012223516364, 'beta_2': 0.21017653525604196, 'beta_3': 0.0010467185167832428, 'beta_4': 6.800843687815532, 'beta_5': 35.32687287550147, 'beta_6': 0.04314943779679761, 'beta_7': 0.015497438760653749, 'beta_8': 3.87253371214291e-05, 'beta_9': 8.260902864529867e-07}. Best is trial 691 with value: 6538.461030825155.
[I 2026-04-01 11:07:44,963] Trial 1975 finished with value: 6788.378558430073 and parameters: {'alpha_0': 0.0005011176038266366, 'alpha_1': 5.4232150199321966e-05, 'alpha_2': 4.400435341231166e-05, 'beta_0': 0.08546446348890638, 'beta_1': 5.994797269722967, 'beta_2': 0.20614281147949828, 'beta_3': 0.0009369842954778714, 'beta_4': 6.459051765925632, 'beta_5': 33.91630205279123, 'beta_6': 0.04185416324831271, 'beta_7': 0.016320647239554422, 'beta_8': 3.94968202669884e-05, 'beta_9': 5.845584503759846e-07}. Best is trial 691 with value: 6538.461030825155.
[I 2026-04-01 11:07:54,186] Trial 1976 finished with value: 6679.607906075463 and parameters: {'alpha_0': 0.000633129243790006, 'alpha_1': 5.181575840186949e-05, 'alpha_2': 4.8846127855810025e-05, 'beta_0': 0.09346643668488286, 'beta_1': 5.673969378282704, 'beta_2': 0.21193128674480946, 'beta_3': 0.001012309923317708, 'beta_4': 7.24820720615111, 'beta_5': 37.22807800408363, 'beta_6': 0.04114259709709463, 'beta_7': 0.01586156749113893, 'beta_8': 3.669881829588276e-05, 'beta_9': 7.651381277278577e-07}. Best is trial 691 with value: 6538.461030825155.
[I 2026-04-01 11:08:03,584] Trial 1977 finished with value: 6637.649844416515 and parameters: {'alpha_0': 0.000706621460131298, 'alpha_1': 5.001478632015249e-05, 'alpha_2': 9.288010488961254e-05, 'beta_0': 0.0762671331394312, 'beta_1': 6.7770137677412645, 'beta_2': 0.20788679970648802, 'beta_3': 0.0009924777608359026, 'beta_4': 6.940584801809525, 'beta_5': 32.36637908732483, 'beta_6': 0.044167848984090805, 'beta_7': 0.01562042448517532, 'beta_8': 3.862161623441077e-05, 'beta_9': 7.204484404428391e-07}. Best is trial 691 with value: 6538.461030825155.
[I 2026-04-01 11:08:12,864] Trial 1978 finished with value: 6726.00310808804 and parameters: {'alpha_0': 0.0008001891302864374, 'alpha_1': 5.5373302568967514e-05, 'alpha_2': 9.996759437096853e-05, 'beta_0': 0.08817330361351469, 'beta_1': 7.197231699366123, 'beta_2': 0.2099815185202657, 'beta_3': 0.0009628198132737506, 'beta_4': 6.647696309819505, 'beta_5': 38.048251239053236, 'beta_6': 0.04286612573862017, 'beta_7': 0.0160335228654029, 'beta_8': 3.796181593700313e-05, 'beta_9': 1.7302741786995377e-06}. Best is trial 691 with value: 6538.461030825155.
[I 2026-04-01 11:08:22,091] Trial 1979 finished with value: 7265.903978810826 and parameters: {'alpha_0': 0.0006640066697821206, 'alpha_1': 5.95613667082703e-05, 'alpha_2': 4.2549110142577075e-05, 'beta_0': 0.09982807556879833, 'beta_1': 6.290066800808128, 'beta_2': 0.20481509692057134, 'beta_3': 0.001081979034764142, 'beta_4': 6.741384402635852, 'beta_5': 34.605199891876936, 'beta_6': 0.04637411525248028, 'beta_7': 0.016645085717599435, 'beta_8': 3.937309479882627e-05, 'beta_9': 5.246900213464494e-07}. Best is trial 691 with value: 6538.461030825155.
[I 2026-04-01 11:08:31,467] Trial 1980 finished with value: 6801.602970086645 and parameters: {'alpha_0': 0.0005725169872666881, 'alpha_1': 5.331721265584068e-05, 'alpha_2': 5.1394496005632044e-05, 'beta_0': 0.08342415166929792, 'beta_1': 6.486338362535135, 'beta_2': 0.21301783119589582, 'beta_3': 0.0010559451090300885, 'beta_4': 5.657248623609842, 'beta_5': 33.17225040559226, 'beta_6': 0.04004526202426605, 'beta_7': 0.015440755853823486, 'beta_8': 3.8948260711812904e-05, 'beta_9': 6.311421537881917e-07}. Best is trial 691 with value: 6538.461030825155.Best trial: 691. Best value: 6538.46:  99%|█████████▉| 1980/2000 [13:29:46<03:05,  9.29s/it]Best trial: 691. Best value: 6538.46:  99%|█████████▉| 1980/2000 [13:29:46<03:05,  9.29s/it]Best trial: 691. Best value: 6538.46:  99%|█████████▉| 1981/2000 [13:29:46<02:56,  9.32s/it]                                                                                            Best trial: 691. Best value: 6538.46:  99%|█████████▉| 1981/2000 [13:29:56<02:56,  9.32s/it]Best trial: 691. Best value: 6538.46:  99%|█████████▉| 1981/2000 [13:29:56<02:56,  9.32s/it]Best trial: 691. Best value: 6538.46:  99%|█████████▉| 1982/2000 [13:29:56<02:48,  9.34s/it]                                                                                            Best trial: 691. Best value: 6538.46:  99%|█████████▉| 1982/2000 [13:30:05<02:48,  9.34s/it]Best trial: 691. Best value: 6538.46:  99%|█████████▉| 1982/2000 [13:30:05<02:48,  9.34s/it]Best trial: 691. Best value: 6538.46:  99%|█████████▉| 1983/2000 [13:30:05<02:38,  9.32s/it]                                                                                            Best trial: 691. Best value: 6538.46:  99%|█████████▉| 1983/2000 [13:30:14<02:38,  9.32s/it]Best trial: 691. Best value: 6538.46:  99%|█████████▉| 1983/2000 [13:30:14<02:38,  9.32s/it]Best trial: 691. Best value: 6538.46:  99%|█████████▉| 1984/2000 [13:30:14<02:29,  9.33s/it]                                                                                            Best trial: 691. Best value: 6538.46:  99%|█████████▉| 1984/2000 [13:30:24<02:29,  9.33s/it]Best trial: 691. Best value: 6538.46:  99%|█████████▉| 1984/2000 [13:30:24<02:29,  9.33s/it]Best trial: 691. Best value: 6538.46:  99%|█████████▉| 1985/2000 [13:30:24<02:19,  9.30s/it]                                                                                            Best trial: 691. Best value: 6538.46:  99%|█████████▉| 1985/2000 [13:30:33<02:19,  9.30s/it]Best trial: 691. Best value: 6538.46:  99%|█████████▉| 1985/2000 [13:30:33<02:19,  9.30s/it]Best trial: 691. Best value: 6538.46:  99%|█████████▉| 1986/2000 [13:30:33<02:10,  9.31s/it]                                                                                            Best trial: 691. Best value: 6538.46:  99%|█████████▉| 1986/2000 [13:30:42<02:10,  9.31s/it]Best trial: 691. Best value: 6538.46:  99%|█████████▉| 1986/2000 [13:30:42<02:10,  9.31s/it]Best trial: 691. Best value: 6538.46:  99%|█████████▉| 1987/2000 [13:30:42<02:01,  9.35s/it]                                                                                            Best trial: 691. Best value: 6538.46:  99%|█████████▉| 1987/2000 [13:30:52<02:01,  9.35s/it]Best trial: 691. Best value: 6538.46:  99%|█████████▉| 1987/2000 [13:30:52<02:01,  9.35s/it]Best trial: 691. Best value: 6538.46:  99%|█████████▉| 1988/2000 [13:30:52<01:52,  9.35s/it]                                                                                            Best trial: 691. Best value: 6538.46:  99%|█████████▉| 1988/2000 [13:31:01<01:52,  9.35s/it]Best trial: 691. Best value: 6538.46:  99%|█████████▉| 1988/2000 [13:31:01<01:52,  9.35s/it]Best trial: 691. Best value: 6538.46:  99%|█████████▉| 1989/2000 [13:31:01<01:42,  9.31s/it]                                                                                            Best trial: 691. Best value: 6538.46:  99%|█████████▉| 1989/2000 [13:31:11<01:42,  9.31s/it]Best trial: 691. Best value: 6538.46:  99%|█████████▉| 1989/2000 [13:31:11<01:42,  9.31s/it]Best trial: 691. Best value: 6538.46: 100%|█████████▉| 1990/2000 [13:31:11<01:33,  9.39s/it]                                                                                            Best trial: 691. Best value: 6538.46: 100%|█████████▉| 1990/2000 [13:31:20<01:33,  9.39s/it]Best trial: 691. Best value: 6538.46: 100%|█████████▉| 1990/2000 [13:31:20<01:33,  9.39s/it]Best trial: 691. Best value: 6538.46: 100%|█████████▉| 1991/2000 [13:31:20<01:24,  9.38s/it]                                                                                            Best trial: 691. Best value: 6538.46: 100%|█████████▉| 1991/2000 [13:31:30<01:24,  9.38s/it]Best trial: 691. Best value: 6538.46: 100%|█████████▉| 1991/2000 [13:31:30<01:24,  9.38s/it]Best trial: 691. Best value: 6538.46: 100%|█████████▉| 1992/2000 [13:31:30<01:15,  9.44s/it]                                                                                            Best trial: 691. Best value: 6538.46: 100%|█████████▉| 1992/2000 [13:31:39<01:15,  9.44s/it]Best trial: 691. Best value: 6538.46: 100%|█████████▉| 1992/2000 [13:31:39<01:15,  9.44s/it]Best trial: 691. Best value: 6538.46: 100%|█████████▉| 1993/2000 [13:31:39<01:06,  9.46s/it]                                                                                            Best trial: 691. Best value: 6538.46: 100%|█████████▉| 1993/2000 [13:31:48<01:06,  9.46s/it]Best trial: 691. Best value: 6538.46: 100%|█████████▉| 1993/2000 [13:31:48<01:06,  9.46s/it]Best trial: 691. Best value: 6538.46: 100%|█████████▉| 1994/2000 [13:31:48<00:56,  9.43s/it]                                                                                            Best trial: 691. Best value: 6538.46: 100%|█████████▉| 1994/2000 [13:31:58<00:56,  9.43s/it]Best trial: 691. Best value: 6538.46: 100%|█████████▉| 1994/2000 [13:31:58<00:56,  9.43s/it]Best trial: 691. Best value: 6538.46: 100%|█████████▉| 1995/2000 [13:31:58<00:47,  9.44s/it]                                                                                            
[I 2026-04-01 11:08:40,853] Trial 1981 finished with value: 6679.189197044954 and parameters: {'alpha_0': 0.0006100949772984771, 'alpha_1': 5.6584995549806336e-05, 'alpha_2': 4.674165714211536e-05, 'beta_0': 0.07179917045508787, 'beta_1': 5.819610654028262, 'beta_2': 0.2073540833988543, 'beta_3': 0.0011212839037281525, 'beta_4': 6.816616976973604, 'beta_5': 35.07156084369025, 'beta_6': 0.04187252456225544, 'beta_7': 0.015778041407816194, 'beta_8': 3.733373948487911e-05, 'beta_9': 5.61537324467227e-07}. Best is trial 691 with value: 6538.461030825155.
[I 2026-04-01 11:08:50,128] Trial 1982 finished with value: 7111.9367380319445 and parameters: {'alpha_0': 0.0007522903783650845, 'alpha_1': 5.17725665665167e-05, 'alpha_2': 4.1577697028018784e-05, 'beta_0': 0.09660158235594617, 'beta_1': 6.045863718314358, 'beta_2': 0.2033172037787134, 'beta_3': 0.001172244327216363, 'beta_4': 7.577477267958301, 'beta_5': 36.25469285647655, 'beta_6': 0.045189075356440275, 'beta_7': 0.01623203473387062, 'beta_8': 3.816698623947856e-05, 'beta_9': 6.775789008432241e-07}. Best is trial 691 with value: 6538.461030825155.
[I 2026-04-01 11:08:59,488] Trial 1983 finished with value: 7221.639843568163 and parameters: {'alpha_0': 0.0006930441824006146, 'alpha_1': 5.475075319759808e-05, 'alpha_2': 7.863710572930475e-05, 'beta_0': 0.08994583469794107, 'beta_1': 6.668485482833525, 'beta_2': 0.20926985125424005, 'beta_3': 0.0009492302388937159, 'beta_4': 7.781681138953152, 'beta_5': 33.74751934269246, 'beta_6': 0.04356189325145812, 'beta_7': 0.015238283901140666, 'beta_8': 3.5855946983408344e-05, 'beta_9': 5.887691908492221e-07}. Best is trial 691 with value: 6538.461030825155.
[I 2026-04-01 11:09:08,729] Trial 1984 finished with value: 6660.807454461887 and parameters: {'alpha_0': 0.0006428182248733891, 'alpha_1': 5.005745881662984e-05, 'alpha_2': 4.479816726098175e-05, 'beta_0': 0.1042148694952996, 'beta_1': 6.187578779288323, 'beta_2': 0.19920259607902863, 'beta_3': 0.0009784597259552355, 'beta_4': 5.292611345460429, 'beta_5': 35.68096233263724, 'beta_6': 0.04095365450248782, 'beta_7': 0.015841096775844044, 'beta_8': 3.998598719007144e-05, 'beta_9': 1.638225993376617e-06}. Best is trial 691 with value: 6538.461030825155.
[I 2026-04-01 11:09:18,066] Trial 1985 finished with value: 6597.217898818688 and parameters: {'alpha_0': 0.00050042642697939, 'alpha_1': 5.333983197071885e-05, 'alpha_2': 0.0001060511015686056, 'beta_0': 0.07946612336367924, 'beta_1': 6.411425750198366, 'beta_2': 0.21131782367315066, 'beta_3': 0.001003547350130771, 'beta_4': 6.536678988014087, 'beta_5': 34.54353842344261, 'beta_6': 0.042470752163612874, 'beta_7': 0.015673493537651642, 'beta_8': 3.940354930414506e-05, 'beta_9': 7.829470661705011e-07}. Best is trial 691 with value: 6538.461030825155.
[I 2026-04-01 11:09:27,507] Trial 1986 finished with value: 7049.493454785887 and parameters: {'alpha_0': 0.0005693402939227247, 'alpha_1': 5.777231264519947e-05, 'alpha_2': 4.345918154919786e-05, 'beta_0': 0.21894114784300323, 'beta_1': 5.521703139337053, 'beta_2': 0.2148748544637175, 'beta_3': 0.000926247759937769, 'beta_4': 6.70612933778937, 'beta_5': 32.29864872527251, 'beta_6': 0.0443596665290328, 'beta_7': 0.015437647812095914, 'beta_8': 3.998775993832897e-05, 'beta_9': 7.039717670591398e-07}. Best is trial 691 with value: 6538.461030825155.
[I 2026-04-01 11:09:36,845] Trial 1987 finished with value: 7012.415633888072 and parameters: {'alpha_0': 0.0006534877171282661, 'alpha_1': 6.273452466196008e-05, 'alpha_2': 4.124444102545886e-05, 'beta_0': 0.09217727547624568, 'beta_1': 6.846454007970337, 'beta_2': 0.2327229400933762, 'beta_3': 0.0012560891040933435, 'beta_4': 6.5446947832222815, 'beta_5': 34.09410338796499, 'beta_6': 0.04188881503235429, 'beta_7': 0.01610624668320977, 'beta_8': 3.8741544434015185e-05, 'beta_9': 5.005435921665131e-07}. Best is trial 691 with value: 6538.461030825155.
[I 2026-04-01 11:09:46,071] Trial 1988 finished with value: 7106.283122631898 and parameters: {'alpha_0': 0.000535003192859958, 'alpha_1': 5.5414415413180703e-05, 'alpha_2': 0.0001032098974209666, 'beta_0': 0.11819151217755196, 'beta_1': 5.913046971688493, 'beta_2': 0.20581808368319915, 'beta_3': 0.0010308413601774963, 'beta_4': 6.862040255518353, 'beta_5': 35.10206339231141, 'beta_6': 0.04097214141888483, 'beta_7': 0.016470836503907453, 'beta_8': 2.8489764580782707e-05, 'beta_9': 1.085285901570763e-06}. Best is trial 691 with value: 6538.461030825155.
[I 2026-04-01 11:09:55,637] Trial 1989 finished with value: 7327.398122641895 and parameters: {'alpha_0': 0.0007114068710868618, 'alpha_1': 5.3094103511908406e-05, 'alpha_2': 4.5804929291216756e-05, 'beta_0': 0.08555518367156657, 'beta_1': 6.5422750303240695, 'beta_2': 0.20749514721144466, 'beta_3': 0.0009725560522449228, 'beta_4': 6.439059232874107, 'beta_5': 36.46007543985117, 'beta_6': 0.04315373844566907, 'beta_7': 0.015204112023485719, 'beta_8': 3.774371831145784e-05, 'beta_9': 6.529513215468834e-07}. Best is trial 691 with value: 6538.461030825155.
[I 2026-04-01 11:10:05,011] Trial 1990 finished with value: 6774.349679316399 and parameters: {'alpha_0': 0.0006151672854555118, 'alpha_1': 5.182225459661896e-05, 'alpha_2': 6.780646743088956e-05, 'beta_0': 0.2256566194889833, 'beta_1': 6.208048719080952, 'beta_2': 0.20185426009950072, 'beta_3': 0.0009443898951108951, 'beta_4': 5.504786284280954, 'beta_5': 33.52910858261543, 'beta_6': 0.045319222672787596, 'beta_7': 0.016000534337229456, 'beta_8': 3.848920885516297e-05, 'beta_9': 5.510772658555955e-07}. Best is trial 691 with value: 6538.461030825155.
[I 2026-04-01 11:10:14,595] Trial 1991 finished with value: 7455.078777383262 and parameters: {'alpha_0': 0.0005974471207451869, 'alpha_1': 5.482371096641309e-05, 'alpha_2': 5.0043706019890536e-05, 'beta_0': 0.09502069291851033, 'beta_1': 5.771064031238034, 'beta_2': 0.20983936812967005, 'beta_3': 0.00040746047153095947, 'beta_4': 6.651927035578884, 'beta_5': 32.8435640961409, 'beta_6': 0.042126272807985414, 'beta_7': 0.015590987470936075, 'beta_8': 3.238943006683555e-05, 'beta_9': 1.350158158761064e-06}. Best is trial 691 with value: 6538.461030825155.
[I 2026-04-01 11:10:24,092] Trial 1992 finished with value: 6664.051339800817 and parameters: {'alpha_0': 0.0007412140703753226, 'alpha_1': 6.0021211497690584e-05, 'alpha_2': 4.007687170563853e-05, 'beta_0': 0.07640006248155504, 'beta_1': 6.984993759718258, 'beta_2': 0.20486670562834983, 'beta_3': 0.0009965870717532773, 'beta_4': 7.118720130413454, 'beta_5': 35.89609879343982, 'beta_6': 0.04373200562317549, 'beta_7': 0.015827445389896215, 'beta_8': 3.90477338851567e-05, 'beta_9': 7.48109325046856e-07}. Best is trial 691 with value: 6538.461030825155.
[I 2026-04-01 11:10:33,468] Trial 1993 finished with value: 6817.308136450214 and parameters: {'alpha_0': 0.0006836187529836995, 'alpha_1': 5.178976902695017e-05, 'alpha_2': 4.295525514778994e-05, 'beta_0': 0.08878589241739111, 'beta_1': 5.282299893416793, 'beta_2': 0.21269973798971176, 'beta_3': 0.0010252843215985182, 'beta_4': 5.79793593327264, 'beta_5': 34.197890438382736, 'beta_6': 0.04127433671004248, 'beta_7': 0.01630088371125146, 'beta_8': 3.944405292149286e-05, 'beta_9': 6.264014334170048e-07}. Best is trial 691 with value: 6538.461030825155.
[I 2026-04-01 11:10:42,921] Trial 1994 finished with value: 6824.339814419613 and parameters: {'alpha_0': 0.0005583434324643397, 'alpha_1': 8.34834329718752e-05, 'alpha_2': 4.715472524822588e-05, 'beta_0': 0.10072647127128903, 'beta_1': 6.372415431042548, 'beta_2': 0.20811669608694397, 'beta_3': 0.0010638049920705598, 'beta_4': 7.910378512286436, 'beta_5': 34.90424291019894, 'beta_6': 0.04273123124010543, 'beta_7': 0.01538927160148246, 'beta_8': 3.7053695894350614e-05, 'beta_9': 5.792114153615208e-07}. Best is trial 691 with value: 6538.461030825155.
