[I 2026-04-01 00:16:55,011] Trial 1050 finished with value: 6727.685227572305 and parameters: {'alpha_0': 0.000664515174687925, 'alpha_1': 5.343428299462221e-05, 'alpha_2': 8.469526731461623e-05, 'beta_0': 0.10525469204098638, 'beta_1': 6.660660019964142, 'beta_2': 0.2181395916123134, 'beta_3': 0.0009090583359431629, 'beta_4': 6.553571720622358, 'beta_5': 36.24875827894033, 'beta_6': 0.043229842549864964, 'beta_7': 0.01609332788589941, 'beta_8': 2.4020361113583718e-05, 'beta_9': 6.369674544987571e-07}. Best is trial 691 with value: 6538.461030825155.Best trial: 691. Best value: 6538.46:  52%|█████▎    | 1050/2000 [2:38:10<2:01:42,  7.69s/it]Best trial: 691. Best value: 6538.46:  52%|█████▎    | 1050/2000 [2:38:10<2:01:42,  7.69s/it]Best trial: 691. Best value: 6538.46:  53%|█████▎    | 1051/2000 [2:38:10<2:09:29,  8.19s/it]                                                                                             Best trial: 691. Best value: 6538.46:  53%|█████▎    | 1051/2000 [2:38:19<2:09:29,  8.19s/it]Best trial: 691. Best value: 6538.46:  53%|█████▎    | 1051/2000 [2:38:19<2:09:29,  8.19s/it]Best trial: 691. Best value: 6538.46:  53%|█████▎    | 1052/2000 [2:38:19<2:14:52,  8.54s/it]                                                                                             Best trial: 691. Best value: 6538.46:  53%|█████▎    | 1052/2000 [2:38:28<2:14:52,  8.54s/it]Best trial: 691. Best value: 6538.46:  53%|█████▎    | 1052/2000 [2:38:28<2:14:52,  8.54s/it]Best trial: 691. Best value: 6538.46:  53%|█████▎    | 1053/2000 [2:38:28<2:17:52,  8.74s/it]                                                                                             Best trial: 691. Best value: 6538.46:  53%|█████▎    | 1053/2000 [2:38:38<2:17:52,  8.74s/it]Best trial: 691. Best value: 6538.46:  53%|█████▎    | 1053/2000 [2:38:38<2:17:52,  8.74s/it]Best trial: 691. Best value: 6538.46:  53%|█████▎    | 1054/2000 [2:38:38<2:20:10,  8.89s/it]                                                                                             Best trial: 691. Best value: 6538.46:  53%|█████▎    | 1054/2000 [2:38:47<2:20:10,  8.89s/it]Best trial: 691. Best value: 6538.46:  53%|█████▎    | 1054/2000 [2:38:47<2:20:10,  8.89s/it]Best trial: 691. Best value: 6538.46:  53%|█████▎    | 1055/2000 [2:38:47<2:22:14,  9.03s/it]                                                                                             Best trial: 691. Best value: 6538.46:  53%|█████▎    | 1055/2000 [2:38:56<2:22:14,  9.03s/it]Best trial: 691. Best value: 6538.46:  53%|█████▎    | 1055/2000 [2:38:56<2:22:14,  9.03s/it]Best trial: 691. Best value: 6538.46:  53%|█████▎    | 1056/2000 [2:38:56<2:23:21,  9.11s/it]                                                                                             Best trial: 691. Best value: 6538.46:  53%|█████▎    | 1056/2000 [2:39:06<2:23:21,  9.11s/it]Best trial: 691. Best value: 6538.46:  53%|█████▎    | 1056/2000 [2:39:06<2:23:21,  9.11s/it]Best trial: 691. Best value: 6538.46:  53%|█████▎    | 1057/2000 [2:39:06<2:24:00,  9.16s/it]                                                                                             Best trial: 691. Best value: 6538.46:  53%|█████▎    | 1057/2000 [2:39:15<2:24:00,  9.16s/it]Best trial: 691. Best value: 6538.46:  53%|█████▎    | 1057/2000 [2:39:15<2:24:00,  9.16s/it]Best trial: 691. Best value: 6538.46:  53%|█████▎    | 1058/2000 [2:39:15<2:24:43,  9.22s/it]                                                                                             Best trial: 691. Best value: 6538.46:  53%|█████▎    | 1058/2000 [2:39:24<2:24:43,  9.22s/it]Best trial: 691. Best value: 6538.46:  53%|█████▎    | 1058/2000 [2:39:24<2:24:43,  9.22s/it]Best trial: 691. Best value: 6538.46:  53%|█████▎    | 1059/2000 [2:39:24<2:24:24,  9.21s/it]                                                                                             Best trial: 691. Best value: 6538.46:  53%|█████▎    | 1059/2000 [2:39:34<2:24:24,  9.21s/it]Best trial: 691. Best value: 6538.46:  53%|█████▎    | 1059/2000 [2:39:34<2:24:24,  9.21s/it]Best trial: 691. Best value: 6538.46:  53%|█████▎    | 1060/2000 [2:39:34<2:24:58,  9.25s/it]                                                                                             Best trial: 691. Best value: 6538.46:  53%|█████▎    | 1060/2000 [2:39:43<2:24:58,  9.25s/it]Best trial: 691. Best value: 6538.46:  53%|█████▎    | 1060/2000 [2:39:43<2:24:58,  9.25s/it]Best trial: 691. Best value: 6538.46:  53%|█████▎    | 1061/2000 [2:39:43<2:24:52,  9.26s/it]                                                                                             Best trial: 691. Best value: 6538.46:  53%|█████▎    | 1061/2000 [2:39:52<2:24:52,  9.26s/it]Best trial: 691. Best value: 6538.46:  53%|█████▎    | 1061/2000 [2:39:52<2:24:52,  9.26s/it]Best trial: 691. Best value: 6538.46:  53%|█████▎    | 1062/2000 [2:39:52<2:25:01,  9.28s/it]                                                                                             Best trial: 691. Best value: 6538.46:  53%|█████▎    | 1062/2000 [2:40:02<2:25:01,  9.28s/it]Best trial: 691. Best value: 6538.46:  53%|█████▎    | 1062/2000 [2:40:02<2:25:01,  9.28s/it]Best trial: 691. Best value: 6538.46:  53%|█████▎    | 1063/2000 [2:40:02<2:25:30,  9.32s/it]                                                                                             Best trial: 691. Best value: 6538.46:  53%|█████▎    | 1063/2000 [2:40:11<2:25:30,  9.32s/it]Best trial: 691. Best value: 6538.46:  53%|█████▎    | 1063/2000 [2:40:11<2:25:30,  9.32s/it]Best trial: 691. Best value: 6538.46:  53%|█████▎    | 1064/2000 [2:40:11<2:25:07,  9.30s/it]                                                                                             Best trial: 691. Best value: 6538.46:  53%|█████▎    | 1064/2000 [2:40:20<2:25:07,  9.30s/it]Best trial: 691. Best value: 6538.46:  53%|█████▎    | 1064/2000 [2:40:20<2:25:07,  9.30s/it]Best trial: 691. Best value: 6538.46:  53%|█████▎    | 1065/2000 [2:40:20<2:25:01,  9.31s/it]                                                                                             
[I 2026-04-01 00:17:04,364] Trial 1051 finished with value: 6550.609658645247 and parameters: {'alpha_0': 0.0006996220216086272, 'alpha_1': 5.198628827800147e-05, 'alpha_2': 0.00010853241788509341, 'beta_0': 0.09710590184601686, 'beta_1': 6.025794782538436, 'beta_2': 0.2099056840286576, 'beta_3': 0.0009118719006728469, 'beta_4': 6.857081083017729, 'beta_5': 35.74200946461972, 'beta_6': 0.04248932121271616, 'beta_7': 0.01582234749314703, 'beta_8': 3.9968753848217466e-05, 'beta_9': 5.704536637798255e-07}. Best is trial 691 with value: 6538.461030825155.
[I 2026-04-01 00:17:13,564] Trial 1052 finished with value: 6792.434948133352 and parameters: {'alpha_0': 0.0007593936408840879, 'alpha_1': 5.0039869806958054e-05, 'alpha_2': 4.8587194181374926e-05, 'beta_0': 0.09751960602904562, 'beta_1': 5.73065125425743, 'beta_2': 0.21170246312910732, 'beta_3': 0.0009001734851324969, 'beta_4': 7.019765907259872, 'beta_5': 36.95191762459953, 'beta_6': 0.045947699164898506, 'beta_7': 0.016291097159015014, 'beta_8': 3.955082698234675e-05, 'beta_9': 5.55162721612129e-07}. Best is trial 691 with value: 6538.461030825155.
[I 2026-04-01 00:17:22,803] Trial 1053 finished with value: 7148.180620487074 and parameters: {'alpha_0': 0.000706470524817266, 'alpha_1': 5.004011904566923e-05, 'alpha_2': 9.788084431305001e-05, 'beta_0': 0.09842248508771509, 'beta_1': 6.419722344730898, 'beta_2': 0.21308770803410473, 'beta_3': 0.0009062944933110943, 'beta_4': 6.864733275619232, 'beta_5': 36.22046597701636, 'beta_6': 0.07249518515838882, 'beta_7': 0.01665714336880695, 'beta_8': 3.969284440115475e-05, 'beta_9': 5.633957112201722e-07}. Best is trial 691 with value: 6538.461030825155.
[I 2026-04-01 00:17:32,176] Trial 1054 finished with value: 6597.8044566997505 and parameters: {'alpha_0': 0.0007029955320480167, 'alpha_1': 5.199766696942588e-05, 'alpha_2': 0.0001126891352845407, 'beta_0': 0.103258023001397, 'beta_1': 6.079011782951386, 'beta_2': 0.21095442995225366, 'beta_3': 0.0008569301759444234, 'beta_4': 7.000060285047635, 'beta_5': 35.7750003444978, 'beta_6': 0.04458815205318963, 'beta_7': 0.015914488794724162, 'beta_8': 3.10322170660195e-05, 'beta_9': 5.84611886763796e-07}. Best is trial 691 with value: 6538.461030825155.
[I 2026-04-01 00:17:41,475] Trial 1055 finished with value: 6660.421810397889 and parameters: {'alpha_0': 0.0007382558757251817, 'alpha_1': 5.180329117682444e-05, 'alpha_2': 0.00010000197592580685, 'beta_0': 0.11161443280912083, 'beta_1': 5.469219276858329, 'beta_2': 0.21164149873673593, 'beta_3': 0.0009181475836161968, 'beta_4': 6.939247472740293, 'beta_5': 35.592148303652934, 'beta_6': 0.04354074241291873, 'beta_7': 0.01596851423669101, 'beta_8': 3.967711720105937e-05, 'beta_9': 5.27041867586472e-07}. Best is trial 691 with value: 6538.461030825155.
[I 2026-04-01 00:17:50,757] Trial 1056 finished with value: 6881.688012998082 and parameters: {'alpha_0': 0.0006789067888148188, 'alpha_1': 5.00229263732352e-05, 'alpha_2': 9.883875327424015e-05, 'beta_0': 0.0975259583401762, 'beta_1': 6.844305891603779, 'beta_2': 0.20942202488356057, 'beta_3': 0.000878937139617276, 'beta_4': 7.101412975957543, 'beta_5': 36.375559403336396, 'beta_6': 0.044623381369620296, 'beta_7': 0.01554885756502827, 'beta_8': 3.8979450600249015e-05, 'beta_9': 1.528188091957601e-06}. Best is trial 691 with value: 6538.461030825155.
[I 2026-04-01 00:18:00,104] Trial 1057 finished with value: 6786.767661250315 and parameters: {'alpha_0': 0.0007625715796582815, 'alpha_1': 5.3167582893113945e-05, 'alpha_2': 0.00010824797922255425, 'beta_0': 0.10099039307886583, 'beta_1': 6.2305693628067536, 'beta_2': 0.21405364873710736, 'beta_3': 0.0009033798511662451, 'beta_4': 6.878224149356338, 'beta_5': 36.991607078773, 'beta_6': 0.04276897925226892, 'beta_7': 0.01619389390047175, 'beta_8': 3.992256222661849e-05, 'beta_9': 5.023476881105523e-07}. Best is trial 691 with value: 6538.461030825155.
[I 2026-04-01 00:18:09,286] Trial 1058 finished with value: 6595.126063931458 and parameters: {'alpha_0': 0.0006456828521299871, 'alpha_1': 5.182015264857945e-05, 'alpha_2': 0.00011022919619338518, 'beta_0': 0.09621573131997686, 'beta_1': 5.886162842916361, 'beta_2': 0.21016080739584786, 'beta_3': 0.0008656960393591587, 'beta_4': 6.799156871477131, 'beta_5': 35.45868122384434, 'beta_6': 0.043706734525405244, 'beta_7': 0.015827706554436258, 'beta_8': 3.902073067087602e-05, 'beta_9': 5.969682959307114e-07}. Best is trial 691 with value: 6538.461030825155.
[I 2026-04-01 00:18:18,648] Trial 1059 finished with value: 7116.566348439119 and parameters: {'alpha_0': 0.0006953585127167662, 'alpha_1': 5.3721285760246564e-05, 'alpha_2': 4.553754978814915e-05, 'beta_0': 0.09403084728860109, 'beta_1': 6.525614315049338, 'beta_2': 0.2099351456356625, 'beta_3': 0.0009281304269825989, 'beta_4': 7.099498109150927, 'beta_5': 36.19409029675128, 'beta_6': 0.04673142430579386, 'beta_7': 0.015363848227924746, 'beta_8': 3.846248178692002e-05, 'beta_9': 5.725673552780126e-07}. Best is trial 691 with value: 6538.461030825155.
[I 2026-04-01 00:18:27,913] Trial 1060 finished with value: 6856.487071439765 and parameters: {'alpha_0': 0.0006473017043864439, 'alpha_1': 5.350893208069714e-05, 'alpha_2': 0.00011400581473177008, 'beta_0': 0.10639485389664037, 'beta_1': 5.332669060242819, 'beta_2': 0.21161674830008123, 'beta_3': 0.0008926649667180966, 'beta_4': 6.742147824653418, 'beta_5': 35.833065427569274, 'beta_6': 0.04565658795631965, 'beta_7': 0.016418607207105036, 'beta_8': 3.9991285412193646e-05, 'beta_9': 6.197196826340001e-07}. Best is trial 691 with value: 6538.461030825155.
[I 2026-04-01 00:18:37,236] Trial 1061 finished with value: 6649.077163394337 and parameters: {'alpha_0': 0.0007087721076616524, 'alpha_1': 5.180136214259939e-05, 'alpha_2': 4.724243792758741e-05, 'beta_0': 0.09953392697588333, 'beta_1': 5.637068874907602, 'beta_2': 0.20881046696458247, 'beta_3': 0.0009289889809889396, 'beta_4': 6.8793329055141434, 'beta_5': 35.28433685842928, 'beta_6': 0.04244261241999592, 'beta_7': 0.01566699780708628, 'beta_8': 3.948448691137025e-05, 'beta_9': 5.331223950022625e-07}. Best is trial 691 with value: 6538.461030825155.
[I 2026-04-01 00:18:46,648] Trial 1062 finished with value: 6788.28530918633 and parameters: {'alpha_0': 0.000624823377921763, 'alpha_1': 5.470197489440771e-05, 'alpha_2': 9.323378470823493e-05, 'beta_0': 0.09712082019630058, 'beta_1': 6.299728610065767, 'beta_2': 0.21413160881837762, 'beta_3': 0.0009138850148789224, 'beta_4': 6.828491440781266, 'beta_5': 36.465340135740234, 'beta_6': 0.04385462952030577, 'beta_7': 0.01614441598379819, 'beta_8': 3.850212862558176e-05, 'beta_9': 5.622115387021362e-07}. Best is trial 691 with value: 6538.461030825155.
[I 2026-04-01 00:18:55,915] Trial 1063 finished with value: 6993.885850549795 and parameters: {'alpha_0': 0.0006613929817503373, 'alpha_1': 5.177860683457934e-05, 'alpha_2': 0.00010971175618304884, 'beta_0': 0.10723879091220367, 'beta_1': 6.037575850495415, 'beta_2': 0.21240052329267173, 'beta_3': 0.000938234896002246, 'beta_4': 7.031678230529789, 'beta_5': 35.45984753386203, 'beta_6': 0.04220730700868919, 'beta_7': 0.015442943367046056, 'beta_8': 3.6859644337610984e-05, 'beta_9': 6.094332346425359e-07}. Best is trial 691 with value: 6538.461030825155.
[I 2026-04-01 00:19:05,230] Trial 1064 finished with value: 6644.366711015228 and parameters: {'alpha_0': 0.0006059074639536091, 'alpha_1': 5.169100100142833e-05, 'alpha_2': 0.00010389318453309456, 'beta_0': 0.09228746684258629, 'beta_1': 5.002914262649886, 'beta_2': 0.2165174740400789, 'beta_3': 0.0008874426172986443, 'beta_4': 6.967881260056962, 'beta_5': 35.05239622234388, 'beta_6': 0.042567854326465225, 'beta_7': 0.015918945252101014, 'beta_8': 3.910720445605026e-05, 'beta_9': 6.276998477851671e-07}. Best is trial 691 with value: 6538.461030825155.
[I 2026-04-01 00:19:14,409] Trial 1065 finished with value: 7184.754797305405 and parameters: {'alpha_0': 0.0007206033545028802, 'alpha_1': 9.653577603086257e-05, 'alpha_2': 0.0001041619662052885, 'beta_0': 0.09424398599491163, 'beta_1': 6.687415244761007, 'beta_2': 0.20879829623304794, 'beta_3': 0.0008572455219216706, 'beta_4': 6.761648051527561, 'beta_5': 35.745071191046584, 'beta_6': 0.04509108945637485, 'beta_7': 0.01672699510855708, 'beta_8': 3.795427143822329e-05, 'beta_9': 1.6640634369335305e-06}. Best is trial 691 with value: 6538.461030825155.Best trial: 691. Best value: 6538.46:  53%|█████▎    | 1065/2000 [2:40:29<2:25:01,  9.31s/it]Best trial: 691. Best value: 6538.46:  53%|█████▎    | 1065/2000 [2:40:29<2:25:01,  9.31s/it]Best trial: 691. Best value: 6538.46:  53%|█████▎    | 1066/2000 [2:40:29<2:24:16,  9.27s/it]                                                                                             Best trial: 691. Best value: 6538.46:  53%|█████▎    | 1066/2000 [2:40:39<2:24:16,  9.27s/it]Best trial: 691. Best value: 6538.46:  53%|█████▎    | 1066/2000 [2:40:39<2:24:16,  9.27s/it]Best trial: 691. Best value: 6538.46:  53%|█████▎    | 1067/2000 [2:40:39<2:24:01,  9.26s/it]                                                                                             Best trial: 691. Best value: 6538.46:  53%|█████▎    | 1067/2000 [2:40:48<2:24:01,  9.26s/it]Best trial: 691. Best value: 6538.46:  53%|█████▎    | 1067/2000 [2:40:48<2:24:01,  9.26s/it]Best trial: 691. Best value: 6538.46:  53%|█████▎    | 1068/2000 [2:40:48<2:24:42,  9.32s/it]                                                                                             Best trial: 691. Best value: 6538.46:  53%|█████▎    | 1068/2000 [2:40:57<2:24:42,  9.32s/it]Best trial: 691. Best value: 6538.46:  53%|█████▎    | 1068/2000 [2:40:57<2:24:42,  9.32s/it]Best trial: 691. Best value: 6538.46:  53%|█████▎    | 1069/2000 [2:40:57<2:24:17,  9.30s/it]                                                                                             Best trial: 691. Best value: 6538.46:  53%|█████▎    | 1069/2000 [2:41:07<2:24:17,  9.30s/it]Best trial: 691. Best value: 6538.46:  53%|█████▎    | 1069/2000 [2:41:07<2:24:17,  9.30s/it]Best trial: 691. Best value: 6538.46:  54%|█████▎    | 1070/2000 [2:41:07<2:24:03,  9.29s/it]                                                                                             Best trial: 691. Best value: 6538.46:  54%|█████▎    | 1070/2000 [2:41:16<2:24:03,  9.29s/it]Best trial: 691. Best value: 6538.46:  54%|█████▎    | 1070/2000 [2:41:16<2:24:03,  9.29s/it]Best trial: 691. Best value: 6538.46:  54%|█████▎    | 1071/2000 [2:41:16<2:23:43,  9.28s/it]                                                                                             Best trial: 691. Best value: 6538.46:  54%|█████▎    | 1071/2000 [2:41:25<2:23:43,  9.28s/it]Best trial: 691. Best value: 6538.46:  54%|█████▎    | 1071/2000 [2:41:25<2:23:43,  9.28s/it]Best trial: 691. Best value: 6538.46:  54%|█████▎    | 1072/2000 [2:41:25<2:24:16,  9.33s/it]                                                                                             Best trial: 691. Best value: 6538.46:  54%|█████▎    | 1072/2000 [2:41:35<2:24:16,  9.33s/it]Best trial: 691. Best value: 6538.46:  54%|█████▎    | 1072/2000 [2:41:35<2:24:16,  9.33s/it]Best trial: 691. Best value: 6538.46:  54%|█████▎    | 1073/2000 [2:41:35<2:23:59,  9.32s/it]                                                                                             Best trial: 691. Best value: 6538.46:  54%|█████▎    | 1073/2000 [2:41:44<2:23:59,  9.32s/it]Best trial: 691. Best value: 6538.46:  54%|█████▎    | 1073/2000 [2:41:44<2:23:59,  9.32s/it]Best trial: 691. Best value: 6538.46:  54%|█████▎    | 1074/2000 [2:41:44<2:23:22,  9.29s/it]                                                                                             Best trial: 691. Best value: 6538.46:  54%|█████▎    | 1074/2000 [2:41:53<2:23:22,  9.29s/it]Best trial: 691. Best value: 6538.46:  54%|█████▎    | 1074/2000 [2:41:53<2:23:22,  9.29s/it]Best trial: 691. Best value: 6538.46:  54%|█████▍    | 1075/2000 [2:41:53<2:23:00,  9.28s/it]                                                                                             Best trial: 691. Best value: 6538.46:  54%|█████▍    | 1075/2000 [2:42:02<2:23:00,  9.28s/it]Best trial: 691. Best value: 6538.46:  54%|█████▍    | 1075/2000 [2:42:02<2:23:00,  9.28s/it]Best trial: 691. Best value: 6538.46:  54%|█████▍    | 1076/2000 [2:42:02<2:22:53,  9.28s/it]                                                                                             Best trial: 691. Best value: 6538.46:  54%|█████▍    | 1076/2000 [2:42:12<2:22:53,  9.28s/it]Best trial: 691. Best value: 6538.46:  54%|█████▍    | 1076/2000 [2:42:12<2:22:53,  9.28s/it]Best trial: 691. Best value: 6538.46:  54%|█████▍    | 1077/2000 [2:42:12<2:23:24,  9.32s/it]                                                                                             Best trial: 691. Best value: 6538.46:  54%|█████▍    | 1077/2000 [2:42:21<2:23:24,  9.32s/it]Best trial: 691. Best value: 6538.46:  54%|█████▍    | 1077/2000 [2:42:21<2:23:24,  9.32s/it]Best trial: 691. Best value: 6538.46:  54%|█████▍    | 1078/2000 [2:42:21<2:22:46,  9.29s/it]                                                                                             Best trial: 691. Best value: 6538.46:  54%|█████▍    | 1078/2000 [2:42:30<2:22:46,  9.29s/it]Best trial: 691. Best value: 6538.46:  54%|█████▍    | 1078/2000 [2:42:30<2:22:46,  9.29s/it]Best trial: 691. Best value: 6538.46:  54%|█████▍    | 1079/2000 [2:42:30<2:22:39,  9.29s/it]                                                                                             Best trial: 691. Best value: 6538.46:  54%|█████▍    | 1079/2000 [2:42:40<2:22:39,  9.29s/it]Best trial: 691. Best value: 6538.46:  54%|█████▍    | 1079/2000 [2:42:40<2:22:39,  9.29s/it]Best trial: 691. Best value: 6538.46:  54%|█████▍    | 1080/2000 [2:42:40<2:22:31,  9.29s/it]                                                                                             
[I 2026-04-01 00:19:23,657] Trial 1066 finished with value: 6619.214175112495 and parameters: {'alpha_0': 0.0006149254445844787, 'alpha_1': 5.4414452405486294e-05, 'alpha_2': 0.0001178036951201159, 'beta_0': 0.10083846606629093, 'beta_1': 5.868424306643256, 'beta_2': 0.21060155338309133, 'beta_3': 0.0009371096746104319, 'beta_4': 6.851932275192909, 'beta_5': 36.99174895582691, 'beta_6': 0.04359614143963654, 'beta_7': 0.01571266148398179, 'beta_8': 3.998718093972542e-05, 'beta_9': 1.997374450799262e-06}. Best is trial 691 with value: 6538.461030825155.
[I 2026-04-01 00:19:33,099] Trial 1067 finished with value: 7227.165367204192 and parameters: {'alpha_0': 0.0006721266678454196, 'alpha_1': 5.373420123408219e-05, 'alpha_2': 0.00010389706011534441, 'beta_0': 0.09446711102678718, 'beta_1': 6.1230232286923325, 'beta_2': 0.20776335511337518, 'beta_3': 0.000909662778807332, 'beta_4': 6.691855205348103, 'beta_5': 34.9538274674246, 'beta_6': 0.042084975230176146, 'beta_7': 0.01529082540422968, 'beta_8': 1.106566863058966e-05, 'beta_9': 5.92886624616119e-07}. Best is trial 691 with value: 6538.461030825155.
[I 2026-04-01 00:19:42,359] Trial 1068 finished with value: 6803.880844098563 and parameters: {'alpha_0': 0.0005843465308181159, 'alpha_1': 5.0055234505341165e-05, 'alpha_2': 9.21469255669581e-05, 'beta_0': 0.09685550820980426, 'beta_1': 6.437689586751952, 'beta_2': 0.21127442048295336, 'beta_3': 0.0009450101940916332, 'beta_4': 6.933085591741779, 'beta_5': 36.0999680500865, 'beta_6': 0.04196718339532977, 'beta_7': 0.016271787813430656, 'beta_8': 3.908600321411685e-05, 'beta_9': 6.441777249589227e-07}. Best is trial 691 with value: 6538.461030825155.
