[I 2026-03-31 21:38:44,548] A new study created in memory with name: iter15_evolved
======================================================================
INNER LOOP SETUP
======================================================================

Iteration: 15
Backend: evolved
Reasoning: Iteration 15: Three-Axis Correction — Decode Amplification + MoE Non-Compute + Dense Batching

**Context**: Iterations 10-14 failed catastrophically (loss 2000-4000%), with iter14's β₅ fix proving necessary but insufficient (loss improved only 2.8%: 2387% → 2319%). Root cause analysis of baseline simulator errors reveals the roofline model has THREE INDEPENDENT systematic errors:

1. **Decode underestimation**: -90% to -95% ITL MPE across ALL models (roofline predicts decode 10-20× faster than reality)
2. **MoE underestimation**: -69% avg TTFT MPE for Scout experiments (missing non-compute overhead: routing latency, load imbalance)
3. **Dense overestimation**: +820% avg TTFT MPE for dense models (missing batching inefficiency in mixed prefill/decode batches)

**Previous iteration (iter14)**: Fixed β₅ MoE gating layer multiplier bug (coefficient converged from 1924.4 to 32.5 ✓), but loss barely improved because OTHER coefficients (β₀, β₁, β₃, β₄, β₆) went haywire trying to compensate. Key learning: "Coefficient Convergence ≠ Performance Recovery" (iter14 Principle 1).

**This iteration adds**:
- **β₈ (MoE non-compute latency)**: Per-token routing overhead beyond FLOPs (expected 20-80 μs/token)
- **β₉ (prefill batching penalty)**: Heterogeneity-induced MFU degradation (expected 0.5-2.0 μs/token)
- **β₁, β₄ amplification**: Massive bound expansion (β₁: 1.0-1.15 → 5.0-15.0, β₄: 0.7-0.85 → 3.0-8.0) to match 10-20× decode slowdown
- **Cold-start initialization**: Uniform random (NOT warm-start from iter7/iter14), following iter14 Principle 2 (dataset shifted)
- **Increased optimization budget**: 1000 → 2000 trials (10-dimensional search requires more exploration)

**Expected outcome**: Overall loss 2319% → <300% (≥87% improvement), with all three error patterns corrected simultaneously.

Modified files: ['sim/latency/evolved_model.go']

Verifying declared files...
  ✓ sim/latency/evolved_model.go

Running pre-flight validation...
🔍 Validating backend 'evolved' integration...

  ✅ Backend registered in sim/bundle.go
  ✅ Auto-fetch block found in cmd/root.go
  ✅ Backend in analytical backends config loading condition
  ✅ BLIS binary is up-to-date

  🧪 Running test simulation with backend 'evolved'...
  📋 Using coefficients from iteration 15:
     Alpha: 3 coefficients
     Beta: 10 coefficients
  ✅ Test simulation succeeded

======================================================================
✅ ALL VALIDATION CHECKS PASSED
======================================================================

Backend 'evolved' is properly integrated and ready for optimization!


Coefficient bounds loaded:
  Alpha: 3 coefficients
  Beta: 10 coefficients

Python executable: /Users/dipanwitaguhathakurta/Downloads/inference-sim-package/inference-sim/.inference-sim-env/bin/python3

Compiling BLIS...
  ✓ Compilation successful (0.2s)

Setup complete. Ready to optimize evolved.
======================================================================

======================================================================
BAYESIAN OPTIMIZATION (2000 trials)
Random seed: 42 (deterministic)
======================================================================
  Warm-start: Enqueued initial trial with suggested values
  0%|          | 0/2000 [00:00<?, ?it/s]                                          0%|          | 0/2000 [00:09<?, ?it/s]Best trial: 0. Best value: inf:   0%|          | 0/2000 [00:09<?, ?it/s]Best trial: 0. Best value: inf:   0%|          | 1/2000 [00:09<5:10:38,  9.32s/it]                                                                                  Best trial: 0. Best value: inf:   0%|          | 1/2000 [00:18<5:10:38,  9.32s/it]Best trial: 1. Best value: 7992.69:   0%|          | 1/2000 [00:18<5:10:38,  9.32s/it]Best trial: 1. Best value: 7992.69:   0%|          | 2/2000 [00:18<5:15:17,  9.47s/it]                                                                                      Best trial: 1. Best value: 7992.69:   0%|          | 2/2000 [00:28<5:15:17,  9.47s/it]Best trial: 1. Best value: 7992.69:   0%|          | 2/2000 [00:28<5:15:17,  9.47s/it]Best trial: 1. Best value: 7992.69:   0%|          | 3/2000 [00:28<5:12:50,  9.40s/it]                                                                                      Best trial: 1. Best value: 7992.69:   0%|          | 3/2000 [00:37<5:12:50,  9.40s/it]Best trial: 1. Best value: 7992.69:   0%|          | 3/2000 [00:37<5:12:50,  9.40s/it]Best trial: 1. Best value: 7992.69:   0%|          | 4/2000 [00:37<5:13:14,  9.42s/it]                                                                                      Best trial: 1. Best value: 7992.69:   0%|          | 4/2000 [00:46<5:13:14,  9.42s/it]Best trial: 1. Best value: 7992.69:   0%|          | 4/2000 [00:46<5:13:14,  9.42s/it]Best trial: 1. Best value: 7992.69:   0%|          | 5/2000 [00:46<5:11:26,  9.37s/it]                                                                                      Best trial: 1. Best value: 7992.69:   0%|          | 5/2000 [00:48<5:11:26,  9.37s/it]Best trial: 1. Best value: 7992.69:   0%|          | 5/2000 [00:48<5:11:26,  9.37s/it]Best trial: 1. Best value: 7992.69:   0%|          | 6/2000 [00:48<3:41:15,  6.66s/it]                                                                                      Best trial: 1. Best value: 7992.69:   0%|          | 6/2000 [00:50<3:41:15,  6.66s/it]Best trial: 1. Best value: 7992.69:   0%|          | 6/2000 [00:50<3:41:15,  6.66s/it]Best trial: 1. Best value: 7992.69:   0%|          | 7/2000 [00:50<2:47:02,  5.03s/it]                                                                                      Best trial: 1. Best value: 7992.69:   0%|          | 7/2000 [00:51<2:47:02,  5.03s/it]Best trial: 1. Best value: 7992.69:   0%|          | 7/2000 [00:51<2:47:02,  5.03s/it]Best trial: 1. Best value: 7992.69:   0%|          | 8/2000 [00:51<2:08:32,  3.87s/it]                                                                                      Best trial: 1. Best value: 7992.69:   0%|          | 8/2000 [00:53<2:08:32,  3.87s/it]Best trial: 1. Best value: 7992.69:   0%|          | 8/2000 [00:53<2:08:32,  3.87s/it]Best trial: 1. Best value: 7992.69:   0%|          | 9/2000 [00:53<1:51:21,  3.36s/it]                                                                                      Best trial: 1. Best value: 7992.69:   0%|          | 9/2000 [00:56<1:51:21,  3.36s/it]Best trial: 1. Best value: 7992.69:   0%|          | 9/2000 [00:56<1:51:21,  3.36s/it]Best trial: 1. Best value: 7992.69:   0%|          | 10/2000 [00:56<1:42:54,  3.10s/it]                                                                                       Best trial: 1. Best value: 7992.69:   0%|          | 10/2000 [01:05<1:42:54,  3.10s/it]Best trial: 10. Best value: 6977.94:   0%|          | 10/2000 [01:05<1:42:54,  3.10s/it]Best trial: 10. Best value: 6977.94:   1%|          | 11/2000 [01:05<2:46:19,  5.02s/it]                                                                                        Best trial: 10. Best value: 6977.94:   1%|          | 11/2000 [01:14<2:46:19,  5.02s/it]Best trial: 11. Best value: 6953.18:   1%|          | 11/2000 [01:14<2:46:19,  5.02s/it]Best trial: 11. Best value: 6953.18:   1%|          | 12/2000 [01:14<3:31:06,  6.37s/it]                                                                                        Best trial: 11. Best value: 6953.18:   1%|          | 12/2000 [01:24<3:31:06,  6.37s/it]Best trial: 12. Best value: 6886.68:   1%|          | 12/2000 [01:24<3:31:06,  6.37s/it]Best trial: 12. Best value: 6886.68:   1%|          | 13/2000 [01:24<4:01:28,  7.29s/it]                                                                                        Best trial: 12. Best value: 6886.68:   1%|          | 13/2000 [01:33<4:01:28,  7.29s/it]Best trial: 12. Best value: 6886.68:   1%|          | 13/2000 [01:33<4:01:28,  7.29s/it]Best trial: 12. Best value: 6886.68:   1%|          | 14/2000 [01:33<4:22:00,  7.92s/it]                                                                                        Best trial: 12. Best value: 6886.68:   1%|          | 14/2000 [01:43<4:22:00,  7.92s/it]Best trial: 12. Best value: 6886.68:   1%|          | 14/2000 [01:43<4:22:00,  7.92s/it]Best trial: 12. Best value: 6886.68:   1%|          | 15/2000 [01:43<4:36:25,  8.36s/it]                                                                                        [I 2026-03-31 21:38:53,888] Trial 0 finished with value: inf and parameters: {'alpha_0': 0.0015, 'alpha_1': 0.0001, 'alpha_2': 8e-05, 'beta_0': 0.15, 'beta_1': 10.0, 'beta_2': 0.2, 'beta_3': 0.001, 'beta_4': 5.5, 'beta_5': 35.0, 'beta_6': 0.07, 'beta_7': 0.0225, 'beta_8': 2.5e-05, 'beta_9': 1.25e-06}. Best is trial 0 with value: inf.
[I 2026-03-31 21:39:03,457] Trial 1 finished with value: 7992.694858489285 and parameters: {'alpha_0': 0.001249080237694725, 'alpha_1': 0.00014507143064099162, 'alpha_2': 9.85595153449124e-05, 'beta_0': 0.16973169683940734, 'beta_1': 6.560186404424365, 'beta_2': 0.16559945203362025, 'beta_3': 0.0004638919733850194, 'beta_4': 7.330880728874676, 'beta_5': 38.03345035229626, 'beta_6': 0.08248435466776273, 'beta_7': 0.015308767414437036, 'beta_8': 3.9097295564859834e-05, 'beta_9': 1.7486639612006326e-06}. Best is trial 1 with value: 7992.694858489285.
[I 2026-03-31 21:39:12,775] Trial 2 finished with value: inf and parameters: {'alpha_0': 0.0009246782213565523, 'alpha_1': 6.818249672071006e-05, 'alpha_2': 5.4672360788274704e-05, 'beta_0': 0.11084844859190755, 'beta_1': 10.247564316322379, 'beta_2': 0.19319450186421158, 'beta_3': 0.0007203520542178461, 'beta_4': 6.059264473611897, 'beta_5': 24.184815819561255, 'beta_6': 0.05752867891211309, 'beta_7': 0.020495427649405373, 'beta_8': 2.368209952651108e-05, 'beta_9': 1.6777639420895205e-06}. Best is trial 1 with value: 7992.694858489285.
[I 2026-03-31 21:39:22,216] Trial 3 finished with value: inf and parameters: {'alpha_0': 0.0008993475643167195, 'alpha_1': 0.00010142344384136116, 'alpha_2': 8.73931655089634e-05, 'beta_0': 0.05929008254399955, 'beta_1': 11.075448519014383, 'beta_2': 0.16705241236872914, 'beta_3': 0.0004715567522838075, 'beta_4': 7.7444276862666666, 'beta_5': 48.96896099223678, 'beta_6': 0.08850384088698768, 'beta_7': 0.01956920653760056, 'beta_8': 1.2930163420191518e-05, 'beta_9': 1.5263495397682353e-06}. Best is trial 1 with value: 7992.694858489285.
[I 2026-03-31 21:39:31,496] Trial 4 finished with value: inf and parameters: {'alpha_0': 0.0013803049874792027, 'alpha_1': 6.220382348447789e-05, 'alpha_2': 7.961415280890161e-05, 'beta_0': 0.05687770422304368, 'beta_1': 14.093204020787821, 'beta_2': 0.1758779981600017, 'beta_3': 0.0011287745127893803, 'beta_4': 4.558555380447054, 'beta_5': 35.602040635334326, 'beta_6': 0.07280261676059678, 'beta_7': 0.017772816832882905, 'beta_8': 3.908753883293676e-05, 'beta_9': 1.6626992350416718e-06}. Best is trial 1 with value: 7992.694858489285.
[I 2026-03-31 21:39:32,895] Trial 5 finished with value: inf and parameters: {'alpha_0': 0.0023789978831283785, 'alpha_1': 0.00013948273504276487, 'alpha_2': 8.783199830488682e-05, 'beta_0': 0.23437484700462338, 'beta_1': 5.884925020519195, 'beta_2': 0.1695982862419145, 'beta_3': 0.0004497500178015919, 'beta_4': 4.626651653816322, 'beta_5': 31.66031869068446, 'beta_6': 0.056280941906433755, 'beta_7': 0.02743106263727894, 'beta_8': 2.070259980080768e-05, 'beta_9': 9.214017645310712e-07}. Best is trial 1 with value: 7992.694858489285.
[I 2026-03-31 21:39:34,570] Trial 6 finished with value: inf and parameters: {'alpha_0': 0.001585392166316497, 'alpha_1': 6.409242249747626e-05, 'alpha_2': 0.00010417575846032318, 'beta_0': 0.06491012873595417, 'beta_1': 14.868869366005173, 'beta_2': 0.22722447692966574, 'beta_3': 0.0006185872496875897, 'beta_4': 3.027610585618012, 'beta_5': 44.463842853645026, 'beta_6': 0.08241144063085704, 'beta_7': 0.025935107520614807, 'beta_8': 3.3138110400578375e-05, 'beta_9': 6.110669776011355e-07}. Best is trial 1 with value: 7992.694858489285.
[I 2026-03-31 21:39:35,965] Trial 7 finished with value: inf and parameters: {'alpha_0': 0.0012169314570885453, 'alpha_1': 6.158690595251298e-05, 'alpha_2': 0.00010904827407004748, 'beta_0': 0.1746596253655116, 'beta_1': 8.308980248526492, 'beta_2': 0.15635583502860237, 'beta_3': 0.0007420805538872285, 'beta_4': 4.625916610133736, 'beta_5': 41.888185350141924, 'beta_6': 0.0782534482813128, 'beta_7': 0.028308191138644898, 'beta_8': 2.416644775485848e-05, 'beta_9': 6.793913689074526e-07}. Best is trial 1 with value: 7992.694858489285.
[I 2026-03-31 21:39:38,186] Trial 8 finished with value: inf and parameters: {'alpha_0': 0.00192648957444599, 'alpha_1': 0.00012607850486168973, 'alpha_2': 8.49021758055597e-05, 'beta_0': 0.20419343599091222, 'beta_1': 9.937955963643908, 'beta_2': 0.2022732829381994, 'beta_3': 0.0008702951201944047, 'beta_4': 3.127095633720476, 'beta_5': 23.236742809799132, 'beta_6': 0.041885751141204054, 'beta_7': 0.024546156168956706, 'beta_8': 1.9430679432289803e-05, 'beta_9': 1.2628560367470542e-06}. Best is trial 1 with value: 7992.694858489285.
[I 2026-03-31 21:39:40,721] Trial 9 finished with value: inf and parameters: {'alpha_0': 0.002315132947852186, 'alpha_1': 7.492922291488749e-05, 'alpha_2': 7.283063384285038e-05, 'beta_0': 0.20111022770860976, 'beta_1': 7.287981654916225, 'beta_2': 0.1576979909828793, 'beta_3': 0.0007187265982051449, 'beta_4': 3.806106436270022, 'beta_5': 47.890929570277194, 'beta_6': 0.08848722277386502, 'beta_7': 0.024501056347656352, 'beta_8': 3.6143817705631535e-05, 'beta_9': 1.7055081153486717e-06}. Best is trial 1 with value: 7992.694858489285.
[I 2026-03-31 21:39:50,081] Trial 10 finished with value: 6977.937859022952 and parameters: {'alpha_0': 0.0005845800185343905, 'alpha_1': 0.00014328619999452223, 'alpha_2': 0.00011756296886302926, 'beta_0': 0.12588400042326925, 'beta_1': 5.1536773732810435, 'beta_2': 0.24076647952825178, 'beta_3': 0.001455747820539962, 'beta_4': 7.880699499289976, 'beta_5': 30.04385528669709, 'beta_6': 0.09954175992762025, 'beta_7': 0.015404872137541043, 'beta_8': 3.091467695020283e-05, 'beta_9': 1.8826752976910686e-06}. Best is trial 10 with value: 6977.937859022952.
[I 2026-03-31 21:39:59,548] Trial 11 finished with value: 6953.17764335967 and parameters: {'alpha_0': 0.0005796637041721822, 'alpha_1': 0.00014962969838846783, 'alpha_2': 0.00011742246415227863, 'beta_0': 0.1302109058445339, 'beta_1': 5.043097040917124, 'beta_2': 0.2438165077547225, 'beta_3': 0.001443833645244803, 'beta_4': 7.847468896146475, 'beta_5': 29.653015328007946, 'beta_6': 0.09980720051671024, 'beta_7': 0.015381610871535976, 'beta_8': 3.108791487538707e-05, 'beta_9': 1.9901904342688252e-06}. Best is trial 11 with value: 6953.17764335967.
[I 2026-03-31 21:40:08,957] Trial 12 finished with value: 6886.675179322216 and parameters: {'alpha_0': 0.0005069778867794947, 'alpha_1': 0.0001215158561558496, 'alpha_2': 0.00011915466353848322, 'beta_0': 0.11103794769316351, 'beta_1': 5.018292193859815, 'beta_2': 0.24829581185513103, 'beta_3': 0.0014143484051704284, 'beta_4': 6.937194538790777, 'beta_5': 28.817221012642104, 'beta_6': 0.0999372654501956, 'beta_7': 0.015197104735767124, 'beta_8': 3.17929712301833e-05, 'beta_9': 1.9926439303104495e-06}. Best is trial 12 with value: 6886.675179322216.
[I 2026-03-31 21:40:18,315] Trial 13 finished with value: inf and parameters: {'alpha_0': 0.0005033136382868904, 'alpha_1': 0.00012141985921984311, 'alpha_2': 0.0001179298341302897, 'beta_0': 0.11364213116585732, 'beta_1': 7.942416004428994, 'beta_2': 0.244232384434058, 'beta_3': 0.0014905467243427203, 'beta_4': 6.933139358849993, 'beta_5': 27.637230958596597, 'beta_6': 0.0968843414320239, 'beta_7': 0.017430096800362352, 'beta_8': 3.069780392142147e-05, 'beta_9': 1.973281320735863e-06}. Best is trial 12 with value: 6886.675179322216.
[I 2026-03-31 21:40:27,690] Trial 14 finished with value: inf and parameters: {'alpha_0': 0.0007831684833047024, 'alpha_1': 0.0001239930215148602, 'alpha_2': 4.0379209572247124e-05, 'beta_0': 0.09388636333891652, 'beta_1': 5.004265868723877, 'beta_2': 0.22110816371025135, 'beta_3': 0.0012401221344063382, 'beta_4': 6.578412109628738, 'beta_5': 20.048355760278337, 'beta_6': 0.09302014121284866, 'beta_7': 0.01759157665871864, 'beta_8': 2.8247193942566158e-05, 'beta_9': 1.4134374205994068e-06}. Best is trial 12 with value: 6886.675179322216.
