[I 2026-04-01 09:45:04,749] Trial 1429 finished with value: 6793.3938824135 and parameters: {'alpha_0': 0.0007109980128420946, 'alpha_1': 5.513603633298169e-05, 'alpha_2': 4.60890473810181e-05, 'beta_0': 0.06468329260580374, 'beta_1': 6.404701239963013, 'beta_2': 0.21556775040290987, 'beta_3': 0.0010942285513988823, 'beta_4': 6.707948629431367, 'beta_5': 35.06198838464862, 'beta_6': 0.045540076131739965, 'beta_7': 0.016160788996469864, 'beta_8': 3.8122309042885844e-05, 'beta_9': 5.440494676368819e-07}. Best is trial 691 with value: 6538.461030825155.
[I 2026-04-01 09:45:14,076] Trial 1430 finished with value: 6602.248883709709 and parameters: {'alpha_0': 0.0007061959094137642, 'alpha_1': 5.710440310577358e-05, 'alpha_2': 4.76723948609984e-05, 'beta_0': 0.074073223178207, 'beta_1': 6.696222188043226, 'beta_2': 0.21394037489268403, 'beta_3': 0.0010666875597377793, 'beta_4': 6.520114876197927, 'beta_5': 36.34885184937453, 'beta_6': 0.04260558245797506, 'beta_7': 0.015597551141501926, 'beta_8': 3.7371668300492574e-05, 'beta_9': 5.292850074437197e-07}. Best is trial 691 with value: 6538.461030825155.
[I 2026-04-01 09:45:23,364] Trial 1431 finished with value: 6754.6481502491 and parameters: {'alpha_0': 0.0007341380227207161, 'alpha_1': 5.0029824230826655e-05, 'alpha_2': 4.597380120462052e-05, 'beta_0': 0.2315284401061765, 'beta_1': 6.877662760174802, 'beta_2': 0.2203757553508171, 'beta_3': 0.0011248117505145148, 'beta_4': 6.164856759506041, 'beta_5': 35.04296685374055, 'beta_6': 0.04398899087527246, 'beta_7': 0.01590324505530177, 'beta_8': 3.8329756330989223e-05, 'beta_9': 5.268879578527364e-07}. Best is trial 691 with value: 6538.461030825155.
[I 2026-04-01 09:45:32,917] Trial 1432 finished with value: 7054.799637420651 and parameters: {'alpha_0': 0.0007528511255413083, 'alpha_1': 5.325617861101973e-05, 'alpha_2': 4.565296664499777e-05, 'beta_0': 0.06417117294289182, 'beta_1': 6.3628751844071685, 'beta_2': 0.21285934458381894, 'beta_3': 0.001090091690757957, 'beta_4': 6.621787559179211, 'beta_5': 36.06648167178913, 'beta_6': 0.04709484561415558, 'beta_7': 0.015253144555251702, 'beta_8': 3.865798167766375e-05, 'beta_9': 5.007390816958072e-07}. Best is trial 691 with value: 6538.461030825155.
[I 2026-04-01 09:45:42,258] Trial 1433 finished with value: 6545.446904098186 and parameters: {'alpha_0': 0.0007049035958808165, 'alpha_1': 5.0027139400415555e-05, 'alpha_2': 4.9770168836544646e-05, 'beta_0': 0.06747907178675545, 'beta_1': 6.5218373232572615, 'beta_2': 0.21243425993172446, 'beta_3': 0.001174075024268649, 'beta_4': 5.91954656011123, 'beta_5': 34.81462239755186, 'beta_6': 0.04251567186363275, 'beta_7': 0.015562370743564377, 'beta_8': 3.77294958161876e-05, 'beta_9': 5.547862497568744e-07}. Best is trial 691 with value: 6538.461030825155.
[I 2026-04-01 09:45:51,592] Trial 1434 finished with value: 6740.432380534924 and parameters: {'alpha_0': 0.000728063816589864, 'alpha_1': 5.003502464037431e-05, 'alpha_2': 5.088047511909607e-05, 'beta_0': 0.06466912815445791, 'beta_1': 6.842878841149156, 'beta_2': 0.21627031478982933, 'beta_3': 0.0011985977132673233, 'beta_4': 6.764873801022387, 'beta_5': 34.55439426567386, 'beta_6': 0.045104775789009344, 'beta_7': 0.01528693463657986, 'beta_8': 3.626398891538645e-05, 'beta_9': 5.49568720635463e-07}. Best is trial 691 with value: 6538.461030825155.
[I 2026-04-01 09:46:01,080] Trial 1435 finished with value: 6602.932120795909 and parameters: {'alpha_0': 0.0008113365250127734, 'alpha_1': 5.010157889959097e-05, 'alpha_2': 4.924388002887977e-05, 'beta_0': 0.06035061873212148, 'beta_1': 7.272017898579918, 'beta_2': 0.2171263907822099, 'beta_3': 0.001141171433851809, 'beta_4': 6.019317527323684, 'beta_5': 34.777972942553205, 'beta_6': 0.04396129092962648, 'beta_7': 0.015533517837595712, 'beta_8': 3.67565778644965e-05, 'beta_9': 5.59691143163895e-07}. Best is trial 691 with value: 6538.461030825155.
[I 2026-04-01 09:46:10,444] Trial 1436 finished with value: 7022.248297235023 and parameters: {'alpha_0': 0.0022793571575439792, 'alpha_1': 5.118775874984351e-05, 'alpha_2': 5.053660969212574e-05, 'beta_0': 0.06411375821678265, 'beta_1': 6.673034810117686, 'beta_2': 0.21371357455781814, 'beta_3': 0.0011320869419375516, 'beta_4': 5.879592264249356, 'beta_5': 34.63043075295646, 'beta_6': 0.04241301034612676, 'beta_7': 0.0152732572349493, 'beta_8': 3.699827539117075e-05, 'beta_9': 5.057731525353145e-07}. Best is trial 691 with value: 6538.461030825155.
[I 2026-04-01 09:46:19,965] Trial 1437 finished with value: 7259.229602572661 and parameters: {'alpha_0': 0.000703092599422756, 'alpha_1': 5.2422380512765286e-05, 'alpha_2': 4.785862248621656e-05, 'beta_0': 0.06653566568459765, 'beta_1': 6.933232393304624, 'beta_2': 0.21816218114580793, 'beta_3': 0.0011671658284135077, 'beta_4': 6.674190646578504, 'beta_5': 36.94719158860569, 'beta_6': 0.043067948587766476, 'beta_7': 0.015033915104108933, 'beta_8': 3.7336753064568416e-05, 'beta_9': 5.867794601527533e-07}. Best is trial 691 with value: 6538.461030825155.
[I 2026-04-01 09:46:29,256] Trial 1438 finished with value: 6629.915983954682 and parameters: {'alpha_0': 0.0007751289362627183, 'alpha_1': 5.134958785773922e-05, 'alpha_2': 4.964894728697752e-05, 'beta_0': 0.06688313233246734, 'beta_1': 7.130360224629335, 'beta_2': 0.21310895638774757, 'beta_3': 0.0010962457882903664, 'beta_4': 5.88855267581335, 'beta_5': 35.32969543322386, 'beta_6': 0.041806395931670064, 'beta_7': 0.015558090453173447, 'beta_8': 3.7447245951300256e-05, 'beta_9': 5.003827074430622e-07}. Best is trial 691 with value: 6538.461030825155.
[I 2026-04-01 09:46:38,623] Trial 1439 finished with value: 6846.187534581562 and parameters: {'alpha_0': 0.0007621210260727519, 'alpha_1': 5.2306834373928446e-05, 'alpha_2': 5.173408233023889e-05, 'beta_0': 0.10229009732946702, 'beta_1': 6.590987711583311, 'beta_2': 0.21543473914838615, 'beta_3': 0.0011930097414955783, 'beta_4': 6.919845289927904, 'beta_5': 34.1832560896477, 'beta_6': 0.07008238803430043, 'beta_7': 0.015864436475351212, 'beta_8': 3.5877605317144034e-05, 'beta_9': 5.463264033565441e-07}. Best is trial 691 with value: 6538.461030825155.
[I 2026-04-01 09:46:48,037] Trial 1440 finished with value: 6644.10780594356 and parameters: {'alpha_0': 0.0007723066398197837, 'alpha_1': 5.008523378563438e-05, 'alpha_2': 4.836917533369415e-05, 'beta_0': 0.06263445120160231, 'beta_1': 6.745165656261632, 'beta_2': 0.2145588666742892, 'beta_3': 0.0011603526194296349, 'beta_4': 5.76541646061447, 'beta_5': 35.58333723803107, 'beta_6': 0.044113642494045244, 'beta_7': 0.015475915124074301, 'beta_8': 3.626973129988595e-05, 'beta_9': 5.575889718436527e-07}. Best is trial 691 with value: 6538.461030825155.Best trial: 691. Best value: 6538.46:  72%|███████▏  | 1440/2000 [12:08:03<1:27:31,  9.38s/it]Best trial: 691. Best value: 6538.46:  72%|███████▏  | 1440/2000 [12:08:03<1:27:31,  9.38s/it]Best trial: 691. Best value: 6538.46:  72%|███████▏  | 1441/2000 [12:08:03<1:27:28,  9.39s/it]                                                                                              Best trial: 691. Best value: 6538.46:  72%|███████▏  | 1441/2000 [12:08:12<1:27:28,  9.39s/it]Best trial: 691. Best value: 6538.46:  72%|███████▏  | 1441/2000 [12:08:12<1:27:28,  9.39s/it]Best trial: 691. Best value: 6538.46:  72%|███████▏  | 1442/2000 [12:08:12<1:27:26,  9.40s/it]                                                                                              Best trial: 691. Best value: 6538.46:  72%|███████▏  | 1442/2000 [12:08:22<1:27:26,  9.40s/it]Best trial: 691. Best value: 6538.46:  72%|███████▏  | 1442/2000 [12:08:22<1:27:26,  9.40s/it]Best trial: 691. Best value: 6538.46:  72%|███████▏  | 1443/2000 [12:08:22<1:26:53,  9.36s/it]                                                                                              Best trial: 691. Best value: 6538.46:  72%|███████▏  | 1443/2000 [12:08:31<1:26:53,  9.36s/it]Best trial: 691. Best value: 6538.46:  72%|███████▏  | 1443/2000 [12:08:31<1:26:53,  9.36s/it]Best trial: 691. Best value: 6538.46:  72%|███████▏  | 1444/2000 [12:08:31<1:26:42,  9.36s/it]                                                                                              Best trial: 691. Best value: 6538.46:  72%|███████▏  | 1444/2000 [12:08:40<1:26:42,  9.36s/it]Best trial: 691. Best value: 6538.46:  72%|███████▏  | 1444/2000 [12:08:40<1:26:42,  9.36s/it]Best trial: 691. Best value: 6538.46:  72%|███████▏  | 1445/2000 [12:08:40<1:26:26,  9.35s/it]                                                                                              Best trial: 691. Best value: 6538.46:  72%|███████▏  | 1445/2000 [12:08:50<1:26:26,  9.35s/it]Best trial: 691. Best value: 6538.46:  72%|███████▏  | 1445/2000 [12:08:50<1:26:26,  9.35s/it]Best trial: 691. Best value: 6538.46:  72%|███████▏  | 1446/2000 [12:08:50<1:26:30,  9.37s/it]                                                                                              Best trial: 691. Best value: 6538.46:  72%|███████▏  | 1446/2000 [12:08:59<1:26:30,  9.37s/it]Best trial: 691. Best value: 6538.46:  72%|███████▏  | 1446/2000 [12:08:59<1:26:30,  9.37s/it]Best trial: 691. Best value: 6538.46:  72%|███████▏  | 1447/2000 [12:08:59<1:25:42,  9.30s/it]                                                                                              Best trial: 691. Best value: 6538.46:  72%|███████▏  | 1447/2000 [12:09:08<1:25:42,  9.30s/it]Best trial: 691. Best value: 6538.46:  72%|███████▏  | 1447/2000 [12:09:08<1:25:42,  9.30s/it]Best trial: 691. Best value: 6538.46:  72%|███████▏  | 1448/2000 [12:09:08<1:25:26,  9.29s/it]                                                                                              Best trial: 691. Best value: 6538.46:  72%|███████▏  | 1448/2000 [12:09:18<1:25:26,  9.29s/it]Best trial: 691. Best value: 6538.46:  72%|███████▏  | 1448/2000 [12:09:18<1:25:26,  9.29s/it]Best trial: 691. Best value: 6538.46:  72%|███████▏  | 1449/2000 [12:09:18<1:25:40,  9.33s/it]                                                                                              Best trial: 691. Best value: 6538.46:  72%|███████▏  | 1449/2000 [12:09:27<1:25:40,  9.33s/it]Best trial: 691. Best value: 6538.46:  72%|███████▏  | 1449/2000 [12:09:27<1:25:40,  9.33s/it]Best trial: 691. Best value: 6538.46:  72%|███████▎  | 1450/2000 [12:09:27<1:25:57,  9.38s/it]                                                                                              Best trial: 691. Best value: 6538.46:  72%|███████▎  | 1450/2000 [12:09:36<1:25:57,  9.38s/it]Best trial: 691. Best value: 6538.46:  72%|███████▎  | 1450/2000 [12:09:36<1:25:57,  9.38s/it]Best trial: 691. Best value: 6538.46:  73%|███████▎  | 1451/2000 [12:09:36<1:25:44,  9.37s/it]                                                                                              Best trial: 691. Best value: 6538.46:  73%|███████▎  | 1451/2000 [12:09:46<1:25:44,  9.37s/it]Best trial: 691. Best value: 6538.46:  73%|███████▎  | 1451/2000 [12:09:46<1:25:44,  9.37s/it]Best trial: 691. Best value: 6538.46:  73%|███████▎  | 1452/2000 [12:09:46<1:25:19,  9.34s/it]                                                                                              Best trial: 691. Best value: 6538.46:  73%|███████▎  | 1452/2000 [12:09:55<1:25:19,  9.34s/it]Best trial: 691. Best value: 6538.46:  73%|███████▎  | 1452/2000 [12:09:55<1:25:19,  9.34s/it]Best trial: 691. Best value: 6538.46:  73%|███████▎  | 1453/2000 [12:09:55<1:24:58,  9.32s/it]                                                                                              Best trial: 691. Best value: 6538.46:  73%|███████▎  | 1453/2000 [12:10:04<1:24:58,  9.32s/it]Best trial: 691. Best value: 6538.46:  73%|███████▎  | 1453/2000 [12:10:04<1:24:58,  9.32s/it]Best trial: 691. Best value: 6538.46:  73%|███████▎  | 1454/2000 [12:10:04<1:24:37,  9.30s/it]                                                                                              Best trial: 691. Best value: 6538.46:  73%|███████▎  | 1454/2000 [12:10:13<1:24:37,  9.30s/it]Best trial: 691. Best value: 6538.46:  73%|███████▎  | 1454/2000 [12:10:13<1:24:37,  9.30s/it]Best trial: 691. Best value: 6538.46:  73%|███████▎  | 1455/2000 [12:10:13<1:24:18,  9.28s/it]                                                                                              
[I 2026-04-01 09:46:57,469] Trial 1441 finished with value: 7401.4088524645595 and parameters: {'alpha_0': 0.0006957207763900797, 'alpha_1': 5.0038527655702644e-05, 'alpha_2': 4.713548592142643e-05, 'beta_0': 0.10763501693895267, 'beta_1': 6.4802139158828025, 'beta_2': 0.21253564645927583, 'beta_3': 0.0010761286942120528, 'beta_4': 6.546811758651541, 'beta_5': 35.04744383022881, 'beta_6': 0.0423069076727925, 'beta_7': 0.015004032621501585, 'beta_8': 3.74650283259276e-05, 'beta_9': 5.429807341674751e-07}. Best is trial 691 with value: 6538.461030825155.
[I 2026-04-01 09:47:06,734] Trial 1442 finished with value: 6810.050681754939 and parameters: {'alpha_0': 0.0006903549027042218, 'alpha_1': 5.156119235491306e-05, 'alpha_2': 9.894133604577469e-05, 'beta_0': 0.06832522780965763, 'beta_1': 6.4532376244798675, 'beta_2': 0.2126807951560121, 'beta_3': 0.0011557442831479372, 'beta_4': 5.962347635206331, 'beta_5': 34.166633970801826, 'beta_6': 0.045311557870801045, 'beta_7': 0.01604902292798584, 'beta_8': 3.774011325298077e-05, 'beta_9': 5.011046781565261e-07}. Best is trial 691 with value: 6538.461030825155.
[I 2026-04-01 09:47:16,083] Trial 1443 finished with value: 6600.330980865188 and parameters: {'alpha_0': 0.0008238998358825389, 'alpha_1': 5.008774754080547e-05, 'alpha_2': 4.887505596282646e-05, 'beta_0': 0.099599770545946, 'beta_1': 7.022508169380558, 'beta_2': 0.21878366254920642, 'beta_3': 0.001172305764491506, 'beta_4': 5.883124702758511, 'beta_5': 35.96349509817221, 'beta_6': 0.04371486070547713, 'beta_7': 0.015593117991257581, 'beta_8': 3.709320194737694e-05, 'beta_9': 5.640169262326393e-07}. Best is trial 691 with value: 6538.461030825155.
[I 2026-04-01 09:47:25,403] Trial 1444 finished with value: 7085.884754239069 and parameters: {'alpha_0': 0.00075511396709444, 'alpha_1': 5.2518083611691404e-05, 'alpha_2': 0.00010773419869737708, 'beta_0': 0.10444602556758666, 'beta_1': 6.765128222243591, 'beta_2': 0.21269812187317533, 'beta_3': 0.0011158998636622863, 'beta_4': 6.782123040506654, 'beta_5': 34.73394037078607, 'beta_6': 0.04193521291143392, 'beta_7': 0.016297092443527682, 'beta_8': 3.7608469401465434e-05, 'beta_9': 5.315565753410016e-07}. Best is trial 691 with value: 6538.461030825155.
[I 2026-04-01 09:47:34,827] Trial 1445 finished with value: 6756.115997046778 and parameters: {'alpha_0': 0.0006877260866548888, 'alpha_1': 5.002891038066188e-05, 'alpha_2': 5.650351012314254e-05, 'beta_0': 0.07011565184986071, 'beta_1': 6.290299713924679, 'beta_2': 0.2147133216657653, 'beta_3': 0.0010775576176666527, 'beta_4': 7.647550477591364, 'beta_5': 36.87939726005868, 'beta_6': 0.042848218576355165, 'beta_7': 0.015802831679886754, 'beta_8': 3.677200753388563e-05, 'beta_9': 5.654323528614499e-07}. Best is trial 691 with value: 6538.461030825155.
[I 2026-04-01 09:47:43,963] Trial 1446 finished with value: 7050.149775771313 and parameters: {'alpha_0': 0.000736503693049501, 'alpha_1': 5.340525886697738e-05, 'alpha_2': 0.00011277538775356358, 'beta_0': 0.061638351007977175, 'beta_1': 6.555582472707841, 'beta_2': 0.22309035812057007, 'beta_3': 0.0010896489560134276, 'beta_4': 5.824533518323127, 'beta_5': 33.98550195433497, 'beta_6': 0.0640514652658148, 'beta_7': 0.015359538111180236, 'beta_8': 3.794890577286838e-05, 'beta_9': 5.009461852319638e-07}. Best is trial 691 with value: 6538.461030825155.
[I 2026-04-01 09:47:53,221] Trial 1447 finished with value: 7047.572331371706 and parameters: {'alpha_0': 0.000717164419687174, 'alpha_1': 5.269620663991923e-05, 'alpha_2': 4.545606464541658e-05, 'beta_0': 0.09926645642716266, 'beta_1': 6.246069481717729, 'beta_2': 0.21645489058682071, 'beta_3': 0.0012714687171356698, 'beta_4': 5.9228017397364034, 'beta_5': 35.5986290139299, 'beta_6': 0.04468946453909992, 'beta_7': 0.016624052411492448, 'beta_8': 3.791706653956028e-05, 'beta_9': 5.438373961662853e-07}. Best is trial 691 with value: 6538.461030825155.
[I 2026-04-01 09:48:02,650] Trial 1448 finished with value: 6723.88797130036 and parameters: {'alpha_0': 0.0006800920261223233, 'alpha_1': 5.193244142674575e-05, 'alpha_2': 4.706897880707672e-05, 'beta_0': 0.07059425147000181, 'beta_1': 6.656871006403495, 'beta_2': 0.21204568785858718, 'beta_3': 0.0010757593269277701, 'beta_4': 6.015138969741605, 'beta_5': 37.71518886339954, 'beta_6': 0.04656677088752396, 'beta_7': 0.015930468853209215, 'beta_8': 3.822488419378114e-05, 'beta_9': 5.831525865198877e-07}. Best is trial 691 with value: 6538.461030825155.
[I 2026-04-01 09:48:12,138] Trial 1449 finished with value: 6678.502029584733 and parameters: {'alpha_0': 0.0006734266430654866, 'alpha_1': 5.389315080388887e-05, 'alpha_2': 4.502032041501645e-05, 'beta_0': 0.06547738566432658, 'beta_1': 6.493560049896934, 'beta_2': 0.21154044771646707, 'beta_3': 0.001191830171705093, 'beta_4': 6.476178065887017, 'beta_5': 34.82656516644232, 'beta_6': 0.04179654138579789, 'beta_7': 0.01567066389228474, 'beta_8': 3.8114507398103786e-05, 'beta_9': 5.343643346243867e-07}. Best is trial 691 with value: 6538.461030825155.
[I 2026-04-01 09:48:21,497] Trial 1450 finished with value: 6805.495874949642 and parameters: {'alpha_0': 0.000805477339652725, 'alpha_1': 5.1666313410585905e-05, 'alpha_2': 4.513367508068932e-05, 'beta_0': 0.1123840809373303, 'beta_1': 6.245176326265529, 'beta_2': 0.21707222600131, 'beta_3': 0.001063186414741777, 'beta_4': 6.614642242406201, 'beta_5': 36.496376984521646, 'beta_6': 0.04335341004984426, 'beta_7': 0.01624334154905115, 'beta_8': 3.683119787071903e-05, 'beta_9': 5.623760187827338e-07}. Best is trial 691 with value: 6538.461030825155.
[I 2026-04-01 09:48:30,772] Trial 1451 finished with value: inf and parameters: {'alpha_0': 0.0007435894647232097, 'alpha_1': 5.362134087653823e-05, 'alpha_2': 5.0287732096171915e-05, 'beta_0': 0.09473278118522839, 'beta_1': 6.881789947342665, 'beta_2': 0.21417577438467722, 'beta_3': 0.0010473554962671006, 'beta_4': 6.71074852491792, 'beta_5': 33.907219797253134, 'beta_6': 0.041631447710496323, 'beta_7': 0.021322819022168864, 'beta_8': 3.748836688665323e-05, 'beta_9': 5.273367072154221e-07}. Best is trial 691 with value: 6538.461030825155.
[I 2026-04-01 09:48:40,041] Trial 1452 finished with value: 6670.234628179134 and parameters: {'alpha_0': 0.0007144212289326022, 'alpha_1': 5.190769970830835e-05, 'alpha_2': 4.7265443080252984e-05, 'beta_0': 0.0976759572020048, 'beta_1': 6.3986480513413335, 'beta_2': 0.21217913967315483, 'beta_3': 0.001048882328069659, 'beta_4': 7.051599308350266, 'beta_5': 36.027900279760715, 'beta_6': 0.04299837213921641, 'beta_7': 0.015464730388985725, 'beta_8': 3.851428531440007e-05, 'beta_9': 5.007532391048367e-07}. Best is trial 691 with value: 6538.461030825155.
[I 2026-04-01 09:48:49,291] Trial 1453 finished with value: 6848.137933772514 and parameters: {'alpha_0': 0.0006702096634018006, 'alpha_1': 5.4423301354258446e-05, 'alpha_2': 0.0001017579916841501, 'beta_0': 0.10459205980151882, 'beta_1': 7.192119421716848, 'beta_2': 0.21216670545520255, 'beta_3': 0.0011756725510052228, 'beta_4': 7.555865365465999, 'beta_5': 34.47151463293538, 'beta_6': 0.059174462914907036, 'beta_7': 0.01603334481087232, 'beta_8': 3.7819501966379167e-05, 'beta_9': 5.864289402455981e-07}. Best is trial 691 with value: 6538.461030825155.
[I 2026-04-01 09:48:58,530] Trial 1454 finished with value: 6897.3294141934075 and parameters: {'alpha_0': 0.0006655195518918474, 'alpha_1': 5.011102907621615e-05, 'alpha_2': 4.517267871767512e-05, 'beta_0': 0.07575197991452987, 'beta_1': 6.669428935852632, 'beta_2': 0.21530973678192902, 'beta_3': 0.00119897271800423, 'beta_4': 6.520344498940022, 'beta_5': 35.30876517255346, 'beta_6': 0.04533069567340699, 'beta_7': 0.015246480373455605, 'beta_8': 3.82591824953388e-05, 'beta_9': 5.806723529857178e-07}. Best is trial 691 with value: 6538.461030825155.
