[I 2026-04-01 10:39:29,629] Trial 1789 finished with value: 7121.28314473059 and parameters: {'alpha_0': 0.0006799572862287028, 'alpha_1': 5.3723276919247245e-05, 'alpha_2': 4.012658988272956e-05, 'beta_0': 0.0772318583171175, 'beta_1': 5.882358501690853, 'beta_2': 0.21039766301355323, 'beta_3': 0.0009541943738908784, 'beta_4': 7.0064099716358665, 'beta_5': 36.25466317982049, 'beta_6': 0.040052979626255744, 'beta_7': 0.01665424575406364, 'beta_8': 3.6464012755924574e-05, 'beta_9': 1.9958212938110206e-06}. Best is trial 691 with value: 6538.461030825155.
[I 2026-04-01 10:39:38,864] Trial 1790 finished with value: 7039.616448960716 and parameters: {'alpha_0': 0.0007072767549311767, 'alpha_1': 5.4273385818008286e-05, 'alpha_2': 4.0011650530736186e-05, 'beta_0': 0.07687109426113412, 'beta_1': 5.703581724332364, 'beta_2': 0.21031298028164905, 'beta_3': 0.0009614285294681755, 'beta_4': 6.757905545192404, 'beta_5': 35.83083252644692, 'beta_6': 0.040114284643150734, 'beta_7': 0.016970495423644146, 'beta_8': 3.603670379247017e-05, 'beta_9': 1.4871394952553753e-06}. Best is trial 691 with value: 6538.461030825155.
[I 2026-04-01 10:39:48,040] Trial 1791 finished with value: 6935.272964306056 and parameters: {'alpha_0': 0.002308344775241241, 'alpha_1': 0.0001342758733131169, 'alpha_2': 4.20907808311076e-05, 'beta_0': 0.0790807113667429, 'beta_1': 6.067954210779765, 'beta_2': 0.20983286746380353, 'beta_3': 0.0009276248936829505, 'beta_4': 6.846933310531784, 'beta_5': 35.463341867121315, 'beta_6': 0.04130382300122078, 'beta_7': 0.016164837350951092, 'beta_8': 3.6018676972830176e-05, 'beta_9': 1.754905629630603e-06}. Best is trial 691 with value: 6538.461030825155.
[I 2026-04-01 10:39:57,268] Trial 1792 finished with value: 7017.103893714943 and parameters: {'alpha_0': 0.0007098378135149103, 'alpha_1': 5.366766746499809e-05, 'alpha_2': 4.188445376726544e-05, 'beta_0': 0.0755049592702335, 'beta_1': 5.913608008844783, 'beta_2': 0.21083095321896306, 'beta_3': 0.0009663205075489107, 'beta_4': 6.696631479120147, 'beta_5': 36.63061419645606, 'beta_6': 0.040042865836926456, 'beta_7': 0.01641685998290435, 'beta_8': 3.53081667264442e-05, 'beta_9': 1.701416893836639e-06}. Best is trial 691 with value: 6538.461030825155.
[I 2026-04-01 10:40:06,454] Trial 1793 finished with value: 6770.8022960624985 and parameters: {'alpha_0': 0.000690367334633362, 'alpha_1': 5.4723393224556755e-05, 'alpha_2': 4.196913692808265e-05, 'beta_0': 0.08325611535805351, 'beta_1': 5.49007483654124, 'beta_2': 0.20894683286073343, 'beta_3': 0.0009354891229074222, 'beta_4': 6.912283947507806, 'beta_5': 36.012192866223494, 'beta_6': 0.0990647013552805, 'beta_7': 0.01587600400098527, 'beta_8': 3.6098288525089175e-05, 'beta_9': 1.523016399299467e-06}. Best is trial 691 with value: 6538.461030825155.
[I 2026-04-01 10:40:08,140] Trial 1794 finished with value: inf and parameters: {'alpha_0': 0.0007056729294928109, 'alpha_1': 5.339402153390791e-05, 'alpha_2': 4.232654510587482e-05, 'beta_0': 0.0809335044964514, 'beta_1': 6.100656474603719, 'beta_2': 0.21169257141118983, 'beta_3': 0.0009790034490366796, 'beta_4': 6.7731913796278205, 'beta_5': 35.27084191724881, 'beta_6': 0.04175596082197554, 'beta_7': 0.025240857152095522, 'beta_8': 3.639749437513822e-05, 'beta_9': 1.746730569234083e-06}. Best is trial 691 with value: 6538.461030825155.
[I 2026-04-01 10:40:17,427] Trial 1795 finished with value: 6697.75492138393 and parameters: {'alpha_0': 0.0007203422541993711, 'alpha_1': 5.528056981658963e-05, 'alpha_2': 4.002327038614888e-05, 'beta_0': 0.07707861366083402, 'beta_1': 5.759319423761008, 'beta_2': 0.20888711066684698, 'beta_3': 0.0009662131789342165, 'beta_4': 6.672956596709125, 'beta_5': 37.97675023892528, 'beta_6': 0.041788643151032485, 'beta_7': 0.016033521345689163, 'beta_8': 3.729390396379537e-05, 'beta_9': 1.8017779155927624e-06}. Best is trial 691 with value: 6538.461030825155.
[I 2026-04-01 10:40:26,804] Trial 1796 finished with value: 6617.946812708595 and parameters: {'alpha_0': 0.0006776767423588756, 'alpha_1': 5.3169745482659705e-05, 'alpha_2': 4.142840589667911e-05, 'beta_0': 0.07561979189920666, 'beta_1': 6.170038216780823, 'beta_2': 0.21129384727136782, 'beta_3': 0.0009454120556813739, 'beta_4': 6.844906936554419, 'beta_5': 36.75958910125538, 'beta_6': 0.04007451430618566, 'beta_7': 0.015687137661944173, 'beta_8': 3.667568484711795e-05, 'beta_9': 1.9488914503885473e-06}. Best is trial 691 with value: 6538.461030825155.
[I 2026-04-01 10:40:36,133] Trial 1797 finished with value: 7279.554465565321 and parameters: {'alpha_0': 0.000663965465118116, 'alpha_1': 5.568954035741146e-05, 'alpha_2': 4.2708184029228534e-05, 'beta_0': 0.08077762322302653, 'beta_1': 5.91490811218969, 'beta_2': 0.20900888259154918, 'beta_3': 0.0009328432909036041, 'beta_4': 6.743873176048375, 'beta_5': 35.307245032970236, 'beta_6': 0.041646173920620234, 'beta_7': 0.01525307623262193, 'beta_8': 3.587109232320538e-05, 'beta_9': 1.874252182390854e-06}. Best is trial 691 with value: 6538.461030825155.
[I 2026-04-01 10:40:45,493] Trial 1798 finished with value: 6813.052380682064 and parameters: {'alpha_0': 0.0007223347345476801, 'alpha_1': 5.303615767930149e-05, 'alpha_2': 4.276601023044083e-05, 'beta_0': 0.08490638585838563, 'beta_1': 5.545896352274422, 'beta_2': 0.20813389989353667, 'beta_3': 0.0009182941318522231, 'beta_4': 6.654624906929604, 'beta_5': 35.33118997945789, 'beta_6': 0.04172865807920834, 'beta_7': 0.01625377300865728, 'beta_8': 3.702061566942723e-05, 'beta_9': 1.056760066261637e-06}. Best is trial 691 with value: 6538.461030825155.
[I 2026-04-01 10:40:54,805] Trial 1799 finished with value: 6759.7266802865 and parameters: {'alpha_0': 0.0006597246365892689, 'alpha_1': 5.308699253850527e-05, 'alpha_2': 4.1374336621011367e-05, 'beta_0': 0.08256864342750501, 'beta_1': 6.215592182937258, 'beta_2': 0.21034552623672714, 'beta_3': 0.0009833655737099655, 'beta_4': 7.0117737829223, 'beta_5': 35.99491798252644, 'beta_6': 0.04190926224388166, 'beta_7': 0.015493456411818074, 'beta_8': 3.544098754468595e-05, 'beta_9': 1.4600342882706214e-06}. Best is trial 691 with value: 6538.461030825155.
[I 2026-04-01 10:41:04,124] Trial 1800 finished with value: 6665.615296820831 and parameters: {'alpha_0': 0.000689113851615627, 'alpha_1': 5.5265405823582835e-05, 'alpha_2': 4.1175606209393574e-05, 'beta_0': 0.08848337658452796, 'beta_1': 6.005371680884194, 'beta_2': 0.21152934637311968, 'beta_3': 0.0009533873158760052, 'beta_4': 6.904042146411008, 'beta_5': 36.15281009780518, 'beta_6': 0.04109472700633608, 'beta_7': 0.015884396894665757, 'beta_8': 3.65502461532426e-05, 'beta_9': 1.4801083019041e-06}. Best is trial 691 with value: 6538.461030825155.Best trial: 691. Best value: 6538.46:  90%|█████████ | 1800/2000 [13:02:19<29:45,  8.93s/it]Best trial: 691. Best value: 6538.46:  90%|█████████ | 1800/2000 [13:02:19<29:45,  8.93s/it]Best trial: 691. Best value: 6538.46:  90%|█████████ | 1801/2000 [13:02:19<30:00,  9.05s/it]                                                                                            Best trial: 691. Best value: 6538.46:  90%|█████████ | 1801/2000 [13:02:28<30:00,  9.05s/it]Best trial: 691. Best value: 6538.46:  90%|█████████ | 1801/2000 [13:02:28<30:00,  9.05s/it]Best trial: 691. Best value: 6538.46:  90%|█████████ | 1802/2000 [13:02:28<30:05,  9.12s/it]                                                                                            Best trial: 691. Best value: 6538.46:  90%|█████████ | 1802/2000 [13:02:38<30:05,  9.12s/it]Best trial: 691. Best value: 6538.46:  90%|█████████ | 1802/2000 [13:02:38<30:05,  9.12s/it]Best trial: 691. Best value: 6538.46:  90%|█████████ | 1803/2000 [13:02:38<30:08,  9.18s/it]                                                                                            Best trial: 691. Best value: 6538.46:  90%|█████████ | 1803/2000 [13:02:47<30:08,  9.18s/it]Best trial: 691. Best value: 6538.46:  90%|█████████ | 1803/2000 [13:02:47<30:08,  9.18s/it]Best trial: 691. Best value: 6538.46:  90%|█████████ | 1804/2000 [13:02:47<30:03,  9.20s/it]                                                                                            Best trial: 691. Best value: 6538.46:  90%|█████████ | 1804/2000 [13:02:56<30:03,  9.20s/it]Best trial: 691. Best value: 6538.46:  90%|█████████ | 1804/2000 [13:02:56<30:03,  9.20s/it]Best trial: 691. Best value: 6538.46:  90%|█████████ | 1805/2000 [13:02:56<29:59,  9.23s/it]                                                                                            Best trial: 691. Best value: 6538.46:  90%|█████████ | 1805/2000 [13:03:06<29:59,  9.23s/it]Best trial: 691. Best value: 6538.46:  90%|█████████ | 1805/2000 [13:03:06<29:59,  9.23s/it]Best trial: 691. Best value: 6538.46:  90%|█████████ | 1806/2000 [13:03:06<29:55,  9.26s/it]                                                                                            Best trial: 691. Best value: 6538.46:  90%|█████████ | 1806/2000 [13:03:15<29:55,  9.26s/it]Best trial: 691. Best value: 6538.46:  90%|█████████ | 1806/2000 [13:03:15<29:55,  9.26s/it]Best trial: 691. Best value: 6538.46:  90%|█████████ | 1807/2000 [13:03:15<29:44,  9.25s/it]                                                                                            Best trial: 691. Best value: 6538.46:  90%|█████████ | 1807/2000 [13:03:24<29:44,  9.25s/it]Best trial: 691. Best value: 6538.46:  90%|█████████ | 1807/2000 [13:03:24<29:44,  9.25s/it]Best trial: 691. Best value: 6538.46:  90%|█████████ | 1808/2000 [13:03:24<29:30,  9.22s/it]                                                                                            Best trial: 691. Best value: 6538.46:  90%|█████████ | 1808/2000 [13:03:33<29:30,  9.22s/it]Best trial: 691. Best value: 6538.46:  90%|█████████ | 1808/2000 [13:03:33<29:30,  9.22s/it]Best trial: 691. Best value: 6538.46:  90%|█████████ | 1809/2000 [13:03:33<29:25,  9.24s/it]                                                                                            Best trial: 691. Best value: 6538.46:  90%|█████████ | 1809/2000 [13:03:42<29:25,  9.24s/it]Best trial: 691. Best value: 6538.46:  90%|█████████ | 1809/2000 [13:03:42<29:25,  9.24s/it]Best trial: 691. Best value: 6538.46:  90%|█████████ | 1810/2000 [13:03:42<29:13,  9.23s/it]                                                                                            Best trial: 691. Best value: 6538.46:  90%|█████████ | 1810/2000 [13:03:52<29:13,  9.23s/it]Best trial: 691. Best value: 6538.46:  90%|█████████ | 1810/2000 [13:03:52<29:13,  9.23s/it]Best trial: 691. Best value: 6538.46:  91%|█████████ | 1811/2000 [13:03:52<29:08,  9.25s/it]                                                                                            Best trial: 691. Best value: 6538.46:  91%|█████████ | 1811/2000 [13:04:01<29:08,  9.25s/it]Best trial: 691. Best value: 6538.46:  91%|█████████ | 1811/2000 [13:04:01<29:08,  9.25s/it]Best trial: 691. Best value: 6538.46:  91%|█████████ | 1812/2000 [13:04:01<29:00,  9.26s/it]                                                                                            Best trial: 691. Best value: 6538.46:  91%|█████████ | 1812/2000 [13:04:10<29:00,  9.26s/it]Best trial: 691. Best value: 6538.46:  91%|█████████ | 1812/2000 [13:04:10<29:00,  9.26s/it]Best trial: 691. Best value: 6538.46:  91%|█████████ | 1813/2000 [13:04:10<28:53,  9.27s/it]                                                                                            Best trial: 691. Best value: 6538.46:  91%|█████████ | 1813/2000 [13:04:20<28:53,  9.27s/it]Best trial: 691. Best value: 6538.46:  91%|█████████ | 1813/2000 [13:04:20<28:53,  9.27s/it]Best trial: 691. Best value: 6538.46:  91%|█████████ | 1814/2000 [13:04:20<28:41,  9.26s/it]                                                                                            Best trial: 691. Best value: 6538.46:  91%|█████████ | 1814/2000 [13:04:29<28:41,  9.26s/it]Best trial: 691. Best value: 6538.46:  91%|█████████ | 1814/2000 [13:04:29<28:41,  9.26s/it]Best trial: 691. Best value: 6538.46:  91%|█████████ | 1815/2000 [13:04:29<28:35,  9.27s/it]                                                                                            
[I 2026-04-01 10:41:13,417] Trial 1801 finished with value: 7122.071333605197 and parameters: {'alpha_0': 0.0007274578240080454, 'alpha_1': 5.201494669168522e-05, 'alpha_2': 4.239710268592743e-05, 'beta_0': 0.07753341751176736, 'beta_1': 5.745696704648581, 'beta_2': 0.20752843213393035, 'beta_3': 0.0009744238857000522, 'beta_4': 6.778396702063404, 'beta_5': 36.98088954684117, 'beta_6': 0.0400557831764645, 'beta_7': 0.01664798830263572, 'beta_8': 3.678924876404434e-05, 'beta_9': 7.292615640429264e-07}. Best is trial 691 with value: 6538.461030825155.
[I 2026-04-01 10:41:22,734] Trial 1802 finished with value: 6762.0897992916 and parameters: {'alpha_0': 0.0006490443364961073, 'alpha_1': 5.57175937877492e-05, 'alpha_2': 4.2709215478973254e-05, 'beta_0': 0.08096150940920238, 'beta_1': 6.236622803404601, 'beta_2': 0.20937420075031327, 'beta_3': 0.000954831040197046, 'beta_4': 6.646051590755846, 'beta_5': 35.04503083888011, 'beta_6': 0.04000360850816497, 'beta_7': 0.016180360041997112, 'beta_8': 3.7199072519291496e-05, 'beta_9': 1.5307042127826936e-06}. Best is trial 691 with value: 6538.461030825155.
[I 2026-04-01 10:41:31,981] Trial 1803 finished with value: 6566.605755523167 and parameters: {'alpha_0': 0.0007440815458243057, 'alpha_1': 5.3813324878194985e-05, 'alpha_2': 4.122827141156923e-05, 'beta_0': 0.08478209605985831, 'beta_1': 5.961317958904756, 'beta_2': 0.2122827643798995, 'beta_3': 0.0009788100465730307, 'beta_4': 6.740201647812042, 'beta_5': 35.78495029390727, 'beta_6': 0.04242619079685232, 'beta_7': 0.01574354299240096, 'beta_8': 3.684304263812712e-05, 'beta_9': 1.6234532264230016e-06}. Best is trial 691 with value: 6538.461030825155.
[I 2026-04-01 10:41:41,271] Trial 1804 finished with value: 7265.6008479139045 and parameters: {'alpha_0': 0.0006892843987703704, 'alpha_1': 5.234365982274285e-05, 'alpha_2': 4.2770970729044536e-05, 'beta_0': 0.0903104279025369, 'beta_1': 6.221961642464225, 'beta_2': 0.207655244847865, 'beta_3': 0.0009179731322459101, 'beta_4': 6.856788785459031, 'beta_5': 35.38301695714714, 'beta_6': 0.04238944522735673, 'beta_7': 0.01525779753439016, 'beta_8': 3.731309513336135e-05, 'beta_9': 1.8319084442615914e-06}. Best is trial 691 with value: 6538.461030825155.
[I 2026-04-01 10:41:50,598] Trial 1805 finished with value: 6722.217628359165 and parameters: {'alpha_0': 0.000642169026256218, 'alpha_1': 5.632044396191888e-05, 'alpha_2': 4.008660619669219e-05, 'beta_0': 0.07629087832721672, 'beta_1': 5.627384334989944, 'beta_2': 0.2097170550111039, 'beta_3': 0.000941989173662094, 'beta_4': 7.11046533868702, 'beta_5': 36.392302035857796, 'beta_6': 0.04111993950093983, 'beta_7': 0.015623621253056509, 'beta_8': 3.714805142358097e-05, 'beta_9': 1.72754877240132e-06}. Best is trial 691 with value: 6538.461030825155.
[I 2026-04-01 10:41:59,819] Trial 1806 finished with value: 6852.284045169375 and parameters: {'alpha_0': 0.0013403756960991223, 'alpha_1': 5.191983917116353e-05, 'alpha_2': 4.1305696797686355e-05, 'beta_0': 0.08843446215756023, 'beta_1': 6.071865361770887, 'beta_2': 0.20659315533866793, 'beta_3': 0.000989425120140756, 'beta_4': 6.674890414014801, 'beta_5': 35.17766945827949, 'beta_6': 0.04001610172966429, 'beta_7': 0.01633356938315847, 'beta_8': 3.747038812593576e-05, 'beta_9': 1.912916532744097e-06}. Best is trial 691 with value: 6538.461030825155.
[I 2026-04-01 10:42:08,981] Trial 1807 finished with value: 6664.339278404876 and parameters: {'alpha_0': 0.0007060513882472754, 'alpha_1': 5.4472763053997344e-05, 'alpha_2': 4.00713097863542e-05, 'beta_0': 0.09488070371917444, 'beta_1': 6.321462770174622, 'beta_2': 0.21170595611405463, 'beta_3': 0.0009603092811353297, 'beta_4': 6.97055792280433, 'beta_5': 46.146242720215426, 'beta_6': 0.042505143553421595, 'beta_7': 0.015842823885178325, 'beta_8': 3.772118506583633e-05, 'beta_9': 1.7710779315983606e-06}. Best is trial 691 with value: 6538.461030825155.
[I 2026-04-01 10:42:18,278] Trial 1808 finished with value: 7003.491029846089 and parameters: {'alpha_0': 0.0006471436413345122, 'alpha_1': 5.1910926164613964e-05, 'alpha_2': 4.344540667875796e-05, 'beta_0': 0.0793595601122417, 'beta_1': 5.787408971583973, 'beta_2': 0.2082266749796854, 'beta_3': 0.0009184539518092506, 'beta_4': 7.9978563489176535, 'beta_5': 35.71524558548875, 'beta_6': 0.041871160884069225, 'beta_7': 0.01540983792267051, 'beta_8': 3.6659982333339966e-05, 'beta_9': 1.591591989648595e-06}. Best is trial 691 with value: 6538.461030825155.
[I 2026-04-01 10:42:27,474] Trial 1809 finished with value: 6754.39685335027 and parameters: {'alpha_0': 0.0021392748184652093, 'alpha_1': 5.704028261027542e-05, 'alpha_2': 4.240493452603353e-05, 'beta_0': 0.13744190554291705, 'beta_1': 6.061372087958026, 'beta_2': 0.20476304216229482, 'beta_3': 0.0009876890677560982, 'beta_4': 6.812619552629815, 'beta_5': 34.88296306835486, 'beta_6': 0.040011621875882496, 'beta_7': 0.015975465311268415, 'beta_8': 3.769105706802899e-05, 'beta_9': 1.7586401979848403e-06}. Best is trial 691 with value: 6538.461030825155.
[I 2026-04-01 10:42:36,776] Trial 1810 finished with value: 7217.691727289655 and parameters: {'alpha_0': 0.0007503239615089025, 'alpha_1': 5.4043231081384636e-05, 'alpha_2': 4.001617672113614e-05, 'beta_0': 0.10744638186196745, 'beta_1': 5.478562361810236, 'beta_2': 0.21047107553748398, 'beta_3': 0.0009369724608189705, 'beta_4': 6.6443272118821435, 'beta_5': 36.74159119134041, 'beta_6': 0.043049310018799886, 'beta_7': 0.015255989788011967, 'beta_8': 3.800638153350593e-05, 'beta_9': 1.5546017016765214e-06}. Best is trial 691 with value: 6538.461030825155.
[I 2026-04-01 10:42:46,041] Trial 1811 finished with value: 7183.214021800548 and parameters: {'alpha_0': 0.0006727245588478887, 'alpha_1': 5.1877791534513774e-05, 'alpha_2': 4.3359457387458436e-05, 'beta_0': 0.08565191029266643, 'beta_1': 5.8628023703294225, 'beta_2': 0.20652930521719529, 'beta_3': 0.0009656725124651213, 'beta_4': 6.732753811163058, 'beta_5': 34.83972989618384, 'beta_6': 0.04123060726083544, 'beta_7': 0.016492282211343915, 'beta_8': 3.5875774278253876e-05, 'beta_9': 1.8284979800645132e-06}. Best is trial 691 with value: 6538.461030825155.
[I 2026-04-01 10:42:55,345] Trial 1812 finished with value: 6794.572688611112 and parameters: {'alpha_0': 0.0006375137534525604, 'alpha_1': 5.464030810948522e-05, 'alpha_2': 4.007238797667547e-05, 'beta_0': 0.09290257509566949, 'beta_1': 6.229780736332378, 'beta_2': 0.21247246925161536, 'beta_3': 0.0009482958470608364, 'beta_4': 6.6127009677920725, 'beta_5': 35.72469037969877, 'beta_6': 0.042657551439298294, 'beta_7': 0.015531926645896883, 'beta_8': 3.5110968259765485e-05, 'beta_9': 1.6313000188005616e-06}. Best is trial 691 with value: 6538.461030825155.
[I 2026-04-01 10:43:04,572] Trial 1813 finished with value: 6921.685983478868 and parameters: {'alpha_0': 0.0006217210065879025, 'alpha_1': 5.653216230291577e-05, 'alpha_2': 4.237313474877268e-05, 'beta_0': 0.10019503440252078, 'beta_1': 6.3660944574521965, 'beta_2': 0.2081166855157597, 'beta_3': 0.0009952304460097686, 'beta_4': 6.91155969528176, 'beta_5': 36.11671539687164, 'beta_6': 0.09608042547268793, 'beta_7': 0.016079890290711937, 'beta_8': 3.706837764802095e-05, 'beta_9': 1.992942084311703e-06}. Best is trial 691 with value: 6538.461030825155.
[I 2026-04-01 10:43:13,880] Trial 1814 finished with value: 6711.590268319423 and parameters: {'alpha_0': 0.0007052588754296086, 'alpha_1': 5.171719871607149e-05, 'alpha_2': 4.156654296631543e-05, 'beta_0': 0.07425742281566437, 'beta_1': 5.40447518440305, 'beta_2': 0.23830523387848515, 'beta_3': 0.0009229168019827814, 'beta_4': 6.803154792654378, 'beta_5': 37.42029741695876, 'beta_6': 0.041244957033952395, 'beta_7': 0.015659364429733442, 'beta_8': 3.794012947169346e-05, 'beta_9': 1.785527177654377e-06}. Best is trial 691 with value: 6538.461030825155.
