[I 2026-04-01 09:42:14,506] Trial 1410 finished with value: 6674.368948263753 and parameters: {'alpha_0': 0.0007636734151683993, 'alpha_1': 5.8615062328516975e-05, 'alpha_2': 4.880870748778716e-05, 'beta_0': 0.06604526934469335, 'beta_1': 6.783641788315233, 'beta_2': 0.21520022882652637, 'beta_3': 0.0011145214089464865, 'beta_4': 6.976105832505136, 'beta_5': 35.13679766774989, 'beta_6': 0.04469516714320116, 'beta_7': 0.015751905268330556, 'beta_8': 3.872197804544928e-05, 'beta_9': 5.311310877231542e-07}. Best is trial 691 with value: 6538.461030825155.Best trial: 691. Best value: 6538.46:  70%|███████   | 1410/2000 [12:03:29<1:32:04,  9.36s/it]Best trial: 691. Best value: 6538.46:  70%|███████   | 1410/2000 [12:03:29<1:32:04,  9.36s/it]Best trial: 691. Best value: 6538.46:  71%|███████   | 1411/2000 [12:03:29<1:31:39,  9.34s/it]                                                                                              Best trial: 691. Best value: 6538.46:  71%|███████   | 1411/2000 [12:03:39<1:31:39,  9.34s/it]Best trial: 691. Best value: 6538.46:  71%|███████   | 1411/2000 [12:03:39<1:31:39,  9.34s/it]Best trial: 691. Best value: 6538.46:  71%|███████   | 1412/2000 [12:03:39<1:31:11,  9.31s/it]                                                                                              Best trial: 691. Best value: 6538.46:  71%|███████   | 1412/2000 [12:03:48<1:31:11,  9.31s/it]Best trial: 691. Best value: 6538.46:  71%|███████   | 1412/2000 [12:03:48<1:31:11,  9.31s/it]Best trial: 691. Best value: 6538.46:  71%|███████   | 1413/2000 [12:03:48<1:31:00,  9.30s/it]                                                                                              Best trial: 691. Best value: 6538.46:  71%|███████   | 1413/2000 [12:03:57<1:31:00,  9.30s/it]Best trial: 691. Best value: 6538.46:  71%|███████   | 1413/2000 [12:03:57<1:31:00,  9.30s/it]Best trial: 691. Best value: 6538.46:  71%|███████   | 1414/2000 [12:03:57<1:30:52,  9.31s/it]                                                                                              Best trial: 691. Best value: 6538.46:  71%|███████   | 1414/2000 [12:04:07<1:30:52,  9.31s/it]Best trial: 691. Best value: 6538.46:  71%|███████   | 1414/2000 [12:04:07<1:30:52,  9.31s/it]Best trial: 691. Best value: 6538.46:  71%|███████   | 1415/2000 [12:04:07<1:31:04,  9.34s/it]                                                                                              Best trial: 691. Best value: 6538.46:  71%|███████   | 1415/2000 [12:04:16<1:31:04,  9.34s/it]Best trial: 691. Best value: 6538.46:  71%|███████   | 1415/2000 [12:04:16<1:31:04,  9.34s/it]Best trial: 691. Best value: 6538.46:  71%|███████   | 1416/2000 [12:04:16<1:31:05,  9.36s/it]                                                                                              Best trial: 691. Best value: 6538.46:  71%|███████   | 1416/2000 [12:04:25<1:31:05,  9.36s/it]Best trial: 691. Best value: 6538.46:  71%|███████   | 1416/2000 [12:04:25<1:31:05,  9.36s/it]Best trial: 691. Best value: 6538.46:  71%|███████   | 1417/2000 [12:04:25<1:30:59,  9.36s/it]                                                                                              Best trial: 691. Best value: 6538.46:  71%|███████   | 1417/2000 [12:04:35<1:30:59,  9.36s/it]Best trial: 691. Best value: 6538.46:  71%|███████   | 1417/2000 [12:04:35<1:30:59,  9.36s/it]Best trial: 691. Best value: 6538.46:  71%|███████   | 1418/2000 [12:04:35<1:30:49,  9.36s/it]                                                                                              Best trial: 691. Best value: 6538.46:  71%|███████   | 1418/2000 [12:04:44<1:30:49,  9.36s/it]Best trial: 691. Best value: 6538.46:  71%|███████   | 1418/2000 [12:04:44<1:30:49,  9.36s/it]Best trial: 691. Best value: 6538.46:  71%|███████   | 1419/2000 [12:04:44<1:30:43,  9.37s/it]                                                                                              Best trial: 691. Best value: 6538.46:  71%|███████   | 1419/2000 [12:04:54<1:30:43,  9.37s/it]Best trial: 691. Best value: 6538.46:  71%|███████   | 1419/2000 [12:04:54<1:30:43,  9.37s/it]Best trial: 691. Best value: 6538.46:  71%|███████   | 1420/2000 [12:04:54<1:30:56,  9.41s/it]                                                                                              Best trial: 691. Best value: 6538.46:  71%|███████   | 1420/2000 [12:05:03<1:30:56,  9.41s/it]Best trial: 691. Best value: 6538.46:  71%|███████   | 1420/2000 [12:05:03<1:30:56,  9.41s/it]Best trial: 691. Best value: 6538.46:  71%|███████   | 1421/2000 [12:05:03<1:31:17,  9.46s/it]                                                                                              Best trial: 691. Best value: 6538.46:  71%|███████   | 1421/2000 [12:05:05<1:31:17,  9.46s/it]Best trial: 691. Best value: 6538.46:  71%|███████   | 1421/2000 [12:05:05<1:31:17,  9.46s/it]Best trial: 691. Best value: 6538.46:  71%|███████   | 1422/2000 [12:05:05<1:08:06,  7.07s/it]                                                                                              Best trial: 691. Best value: 6538.46:  71%|███████   | 1422/2000 [12:05:14<1:08:06,  7.07s/it]Best trial: 691. Best value: 6538.46:  71%|███████   | 1422/2000 [12:05:14<1:08:06,  7.07s/it]Best trial: 691. Best value: 6538.46:  71%|███████   | 1423/2000 [12:05:14<1:15:12,  7.82s/it]                                                                                              Best trial: 691. Best value: 6538.46:  71%|███████   | 1423/2000 [12:05:24<1:15:12,  7.82s/it]Best trial: 691. Best value: 6538.46:  71%|███████   | 1423/2000 [12:05:24<1:15:12,  7.82s/it]Best trial: 691. Best value: 6538.46:  71%|███████   | 1424/2000 [12:05:24<1:19:30,  8.28s/it]                                                                                              Best trial: 691. Best value: 6538.46:  71%|███████   | 1424/2000 [12:05:33<1:19:30,  8.28s/it]Best trial: 691. Best value: 6538.46:  71%|███████   | 1424/2000 [12:05:33<1:19:30,  8.28s/it]Best trial: 691. Best value: 6538.46:  71%|███████▏  | 1425/2000 [12:05:33<1:22:05,  8.57s/it]                                                                                              
[I 2026-04-01 09:42:23,738] Trial 1411 finished with value: 6839.549894137967 and parameters: {'alpha_0': 0.0007976512389331462, 'alpha_1': 5.97126498067419e-05, 'alpha_2': 4.728419541128188e-05, 'beta_0': 0.06316384468345208, 'beta_1': 7.014894540740002, 'beta_2': 0.2146219872618627, 'beta_3': 0.001034284332688585, 'beta_4': 6.682120986874177, 'beta_5': 34.271275524708166, 'beta_6': 0.0471631513553287, 'beta_7': 0.01619262891300244, 'beta_8': 3.7344815872448445e-05, 'beta_9': 5.315376508217867e-07}. Best is trial 691 with value: 6538.461030825155.
[I 2026-04-01 09:42:33,032] Trial 1412 finished with value: 6828.321899800798 and parameters: {'alpha_0': 0.0007365202136197736, 'alpha_1': 5.701884409716481e-05, 'alpha_2': 4.781375223426103e-05, 'beta_0': 0.06138952920142075, 'beta_1': 6.495670136327016, 'beta_2': 0.21771419350925758, 'beta_3': 0.001060845756522733, 'beta_4': 6.800579109831757, 'beta_5': 34.06607494834697, 'beta_6': 0.045709474575422425, 'beta_7': 0.015403648662343372, 'beta_8': 3.9086812940213835e-05, 'beta_9': 5.786451631016507e-07}. Best is trial 691 with value: 6538.461030825155.
[I 2026-04-01 09:42:42,345] Trial 1413 finished with value: 6707.190097480286 and parameters: {'alpha_0': 0.0007588764337197423, 'alpha_1': 5.619226534959213e-05, 'alpha_2': 4.67467752134942e-05, 'beta_0': 0.05894432767463335, 'beta_1': 6.560446918707697, 'beta_2': 0.2137598849158698, 'beta_3': 0.001043449407417906, 'beta_4': 6.674195471678157, 'beta_5': 35.530467571621976, 'beta_6': 0.04335888939874889, 'beta_7': 0.0159096583381471, 'beta_8': 3.796248196256603e-05, 'beta_9': 5.48385469640461e-07}. Best is trial 691 with value: 6538.461030825155.
[I 2026-04-01 09:42:51,770] Trial 1414 finished with value: 7391.07853012493 and parameters: {'alpha_0': 0.0007232991717330784, 'alpha_1': 6.154385216853936e-05, 'alpha_2': 5.0729995108910565e-05, 'beta_0': 0.06892592233122449, 'beta_1': 6.690192162438168, 'beta_2': 0.22125887966072671, 'beta_3': 0.0011305153491932068, 'beta_4': 6.926702175994158, 'beta_5': 36.562355509647965, 'beta_6': 0.04821945547587243, 'beta_7': 0.015001615569901875, 'beta_8': 3.6551383830600566e-05, 'beta_9': 5.722438360954422e-07}. Best is trial 691 with value: 6538.461030825155.
[I 2026-04-01 09:43:01,169] Trial 1415 finished with value: 7069.705484364504 and parameters: {'alpha_0': 0.0006938596462378892, 'alpha_1': 5.60109649393051e-05, 'alpha_2': 4.8910587271771704e-05, 'beta_0': 0.06288633119808887, 'beta_1': 7.191867830014069, 'beta_2': 0.214893480950746, 'beta_3': 0.001057935980276317, 'beta_4': 6.705035001053148, 'beta_5': 34.6421325941601, 'beta_6': 0.043915853402479894, 'beta_7': 0.016425152278501234, 'beta_8': 3.861184206463077e-05, 'beta_9': 5.516489736359824e-07}. Best is trial 691 with value: 6538.461030825155.
[I 2026-04-01 09:43:10,545] Trial 1416 finished with value: 6779.889604447242 and parameters: {'alpha_0': 0.00081452703369776, 'alpha_1': 0.0001374564916084833, 'alpha_2': 4.679109700631174e-05, 'beta_0': 0.06485766704210362, 'beta_1': 6.431002252588593, 'beta_2': 0.21739622184725202, 'beta_3': 0.0011381872339669944, 'beta_4': 6.826202583914583, 'beta_5': 36.037669404496434, 'beta_6': 0.04334779239130943, 'beta_7': 0.01566800539698259, 'beta_8': 3.912082802030308e-05, 'beta_9': 5.292983905711961e-07}. Best is trial 691 with value: 6538.461030825155.
[I 2026-04-01 09:43:19,906] Trial 1417 finished with value: 6788.905383709243 and parameters: {'alpha_0': 0.0006911553405385067, 'alpha_1': 5.942350747550754e-05, 'alpha_2': 4.750900980057307e-05, 'beta_0': 0.06231518420687142, 'beta_1': 6.840096800539541, 'beta_2': 0.21870856398217342, 'beta_3': 0.0010881238311548922, 'beta_4': 6.64415004130212, 'beta_5': 35.01018313896119, 'beta_6': 0.04485287600805177, 'beta_7': 0.015998271876484046, 'beta_8': 3.999396509300727e-05, 'beta_9': 1.3021325061823539e-06}. Best is trial 691 with value: 6538.461030825155.
[I 2026-04-01 09:43:29,287] Trial 1418 finished with value: 6701.989151331134 and parameters: {'alpha_0': 0.0007304458470884889, 'alpha_1': 5.818148391945991e-05, 'alpha_2': 4.610211208080259e-05, 'beta_0': 0.06046989314061079, 'beta_1': 6.406099500143844, 'beta_2': 0.21346192642458706, 'beta_3': 0.0011187753228881253, 'beta_4': 7.728771519360533, 'beta_5': 34.22156429732544, 'beta_6': 0.0433715372635949, 'beta_7': 0.015366240855322072, 'beta_8': 3.8455691432741984e-05, 'beta_9': 5.77878722745863e-07}. Best is trial 691 with value: 6538.461030825155.
[I 2026-04-01 09:43:38,784] Trial 1419 finished with value: 6566.608666008914 and parameters: {'alpha_0': 0.0007279384518377172, 'alpha_1': 5.496943732755667e-05, 'alpha_2': 4.6059125327679286e-05, 'beta_0': 0.06622059135522754, 'beta_1': 6.610059049868789, 'beta_2': 0.21498070256535837, 'beta_3': 0.0010590024986732588, 'beta_4': 5.984268580378694, 'beta_5': 35.514300364852865, 'beta_6': 0.04284836801019886, 'beta_7': 0.015690042402666023, 'beta_8': 3.795893195071572e-05, 'beta_9': 5.028919701165962e-07}. Best is trial 691 with value: 6538.461030825155.
[I 2026-04-01 09:43:48,371] Trial 1420 finished with value: 7295.349059753262 and parameters: {'alpha_0': 0.0007864290913702147, 'alpha_1': 5.524992130255594e-05, 'alpha_2': 4.952344926373389e-05, 'beta_0': 0.06748634549113028, 'beta_1': 6.862972629928933, 'beta_2': 0.21639069651353499, 'beta_3': 0.001027933997355916, 'beta_4': 5.9937134539259675, 'beta_5': 35.92775238706517, 'beta_6': 0.0841227090562713, 'beta_7': 0.015271029229447593, 'beta_8': 3.591957821778553e-05, 'beta_9': 5.515526741005809e-07}. Best is trial 691 with value: 6538.461030825155.
[I 2026-04-01 09:43:49,864] Trial 1421 finished with value: inf and parameters: {'alpha_0': 0.0008331532761801099, 'alpha_1': 5.4624847408061105e-05, 'alpha_2': 4.99134127088987e-05, 'beta_0': 0.06760872659404109, 'beta_1': 6.7425383477487895, 'beta_2': 0.21720361981840997, 'beta_3': 0.001070127557822976, 'beta_4': 6.106563007495283, 'beta_5': 35.712618994852, 'beta_6': 0.04641106616200909, 'beta_7': 0.02916702985277601, 'beta_8': 3.717289691831766e-05, 'beta_9': 5.014679252989802e-07}. Best is trial 691 with value: 6538.461030825155.
[I 2026-04-01 09:43:59,434] Trial 1422 finished with value: 6609.7626549321585 and parameters: {'alpha_0': 0.0007394483417297729, 'alpha_1': 5.451471883641088e-05, 'alpha_2': 4.811574879161322e-05, 'beta_0': 0.06993284202785953, 'beta_1': 6.986273966355228, 'beta_2': 0.21645231370343196, 'beta_3': 0.0011036208496634217, 'beta_4': 5.947770832562352, 'beta_5': 36.437514647243596, 'beta_6': 0.04485085964422599, 'beta_7': 0.015578813265367494, 'beta_8': 3.694755548210555e-05, 'beta_9': 5.069090656101124e-07}. Best is trial 691 with value: 6538.461030825155.
[I 2026-04-01 09:44:08,794] Trial 1423 finished with value: 6625.169750076808 and parameters: {'alpha_0': 0.0007813229777090545, 'alpha_1': 5.343746632697023e-05, 'alpha_2': 4.748087246806675e-05, 'beta_0': 0.07000848322590106, 'beta_1': 6.633175885197908, 'beta_2': 0.2195223950847549, 'beta_3': 0.001186266412158413, 'beta_4': 6.606006180434621, 'beta_5': 35.655910727460295, 'beta_6': 0.045880580799103614, 'beta_7': 0.015443541366765361, 'beta_8': 3.7492962794422455e-05, 'beta_9': 5.073840628558123e-07}. Best is trial 691 with value: 6538.461030825155.
[I 2026-04-01 09:44:18,024] Trial 1424 finished with value: 6670.893256963804 and parameters: {'alpha_0': 0.0007707741371106996, 'alpha_1': 5.520594543852888e-05, 'alpha_2': 5.05945668178739e-05, 'beta_0': 0.06864410725435663, 'beta_1': 6.62145660396086, 'beta_2': 0.21482996098858378, 'beta_3': 0.0011369822165028035, 'beta_4': 6.763898911216908, 'beta_5': 36.907562111691576, 'beta_6': 0.04290221328474001, 'beta_7': 0.015675437014829173, 'beta_8': 3.764872427879608e-05, 'beta_9': 5.225119375169179e-07}. Best is trial 691 with value: 6538.461030825155.
[I 2026-04-01 09:44:27,357] Trial 1425 finished with value: 7008.334239240674 and parameters: {'alpha_0': 0.0007286262936423774, 'alpha_1': 5.343834791759444e-05, 'alpha_2': 4.670952991033693e-05, 'beta_0': 0.07132825340632461, 'beta_1': 7.07312096254877, 'beta_2': 0.2146095610007753, 'beta_3': 0.001087224634368087, 'beta_4': 6.601631533012181, 'beta_5': 36.26821191239721, 'beta_6': 0.04433363271133452, 'beta_7': 0.015312106601368, 'beta_8': 3.6565316848673254e-05, 'beta_9': 5.287766635556089e-07}. Best is trial 691 with value: 6538.461030825155.Best trial: 691. Best value: 6538.46:  71%|███████▏  | 1425/2000 [12:05:42<1:22:05,  8.57s/it]Best trial: 691. Best value: 6538.46:  71%|███████▏  | 1425/2000 [12:05:42<1:22:05,  8.57s/it]Best trial: 691. Best value: 6538.46:  71%|███████▏  | 1426/2000 [12:05:42<1:24:09,  8.80s/it]                                                                                              Best trial: 691. Best value: 6538.46:  71%|███████▏  | 1426/2000 [12:05:52<1:24:09,  8.80s/it]Best trial: 691. Best value: 6538.46:  71%|███████▏  | 1426/2000 [12:05:52<1:24:09,  8.80s/it]Best trial: 691. Best value: 6538.46:  71%|███████▏  | 1427/2000 [12:05:52<1:25:34,  8.96s/it]                                                                                              Best trial: 691. Best value: 6538.46:  71%|███████▏  | 1427/2000 [12:06:01<1:25:34,  8.96s/it]Best trial: 691. Best value: 6538.46:  71%|███████▏  | 1427/2000 [12:06:01<1:25:34,  8.96s/it]Best trial: 691. Best value: 6538.46:  71%|███████▏  | 1428/2000 [12:06:01<1:26:31,  9.08s/it]                                                                                              Best trial: 691. Best value: 6538.46:  71%|███████▏  | 1428/2000 [12:06:10<1:26:31,  9.08s/it]Best trial: 691. Best value: 6538.46:  71%|███████▏  | 1428/2000 [12:06:10<1:26:31,  9.08s/it]Best trial: 691. Best value: 6538.46:  71%|███████▏  | 1429/2000 [12:06:10<1:27:08,  9.16s/it]                                                                                              Best trial: 691. Best value: 6538.46:  71%|███████▏  | 1429/2000 [12:06:20<1:27:08,  9.16s/it]Best trial: 691. Best value: 6538.46:  71%|███████▏  | 1429/2000 [12:06:20<1:27:08,  9.16s/it]Best trial: 691. Best value: 6538.46:  72%|███████▏  | 1430/2000 [12:06:20<1:27:33,  9.22s/it]                                                                                              Best trial: 691. Best value: 6538.46:  72%|███████▏  | 1430/2000 [12:06:29<1:27:33,  9.22s/it]Best trial: 691. Best value: 6538.46:  72%|███████▏  | 1430/2000 [12:06:29<1:27:33,  9.22s/it]Best trial: 691. Best value: 6538.46:  72%|███████▏  | 1431/2000 [12:06:29<1:27:43,  9.25s/it]                                                                                              Best trial: 691. Best value: 6538.46:  72%|███████▏  | 1431/2000 [12:06:38<1:27:43,  9.25s/it]Best trial: 691. Best value: 6538.46:  72%|███████▏  | 1431/2000 [12:06:38<1:27:43,  9.25s/it]Best trial: 691. Best value: 6538.46:  72%|███████▏  | 1432/2000 [12:06:38<1:27:40,  9.26s/it]                                                                                              Best trial: 691. Best value: 6538.46:  72%|███████▏  | 1432/2000 [12:06:48<1:27:40,  9.26s/it]Best trial: 691. Best value: 6538.46:  72%|███████▏  | 1432/2000 [12:06:48<1:27:40,  9.26s/it]Best trial: 691. Best value: 6538.46:  72%|███████▏  | 1433/2000 [12:06:48<1:28:20,  9.35s/it]                                                                                              Best trial: 691. Best value: 6538.46:  72%|███████▏  | 1433/2000 [12:06:57<1:28:20,  9.35s/it]Best trial: 691. Best value: 6538.46:  72%|███████▏  | 1433/2000 [12:06:57<1:28:20,  9.35s/it]Best trial: 691. Best value: 6538.46:  72%|███████▏  | 1434/2000 [12:06:57<1:28:10,  9.35s/it]                                                                                              Best trial: 691. Best value: 6538.46:  72%|███████▏  | 1434/2000 [12:07:07<1:28:10,  9.35s/it]Best trial: 691. Best value: 6538.46:  72%|███████▏  | 1434/2000 [12:07:07<1:28:10,  9.35s/it]Best trial: 691. Best value: 6538.46:  72%|███████▏  | 1435/2000 [12:07:07<1:27:58,  9.34s/it]                                                                                              Best trial: 691. Best value: 6538.46:  72%|███████▏  | 1435/2000 [12:07:16<1:27:58,  9.34s/it]Best trial: 691. Best value: 6538.46:  72%|███████▏  | 1435/2000 [12:07:16<1:27:58,  9.34s/it]Best trial: 691. Best value: 6538.46:  72%|███████▏  | 1436/2000 [12:07:16<1:28:13,  9.39s/it]                                                                                              Best trial: 691. Best value: 6538.46:  72%|███████▏  | 1436/2000 [12:07:25<1:28:13,  9.39s/it]Best trial: 691. Best value: 6538.46:  72%|███████▏  | 1436/2000 [12:07:25<1:28:13,  9.39s/it]Best trial: 691. Best value: 6538.46:  72%|███████▏  | 1437/2000 [12:07:25<1:28:00,  9.38s/it]                                                                                              Best trial: 691. Best value: 6538.46:  72%|███████▏  | 1437/2000 [12:07:35<1:28:00,  9.38s/it]Best trial: 691. Best value: 6538.46:  72%|███████▏  | 1437/2000 [12:07:35<1:28:00,  9.38s/it]Best trial: 691. Best value: 6538.46:  72%|███████▏  | 1438/2000 [12:07:35<1:28:15,  9.42s/it]                                                                                              Best trial: 691. Best value: 6538.46:  72%|███████▏  | 1438/2000 [12:07:44<1:28:15,  9.42s/it]Best trial: 691. Best value: 6538.46:  72%|███████▏  | 1438/2000 [12:07:44<1:28:15,  9.42s/it]Best trial: 691. Best value: 6538.46:  72%|███████▏  | 1439/2000 [12:07:44<1:27:43,  9.38s/it]                                                                                              Best trial: 691. Best value: 6538.46:  72%|███████▏  | 1439/2000 [12:07:54<1:27:43,  9.38s/it]Best trial: 691. Best value: 6538.46:  72%|███████▏  | 1439/2000 [12:07:54<1:27:43,  9.38s/it]Best trial: 691. Best value: 6538.46:  72%|███████▏  | 1440/2000 [12:07:54<1:27:31,  9.38s/it]                                                                                              
[I 2026-04-01 09:44:36,703] Trial 1426 finished with value: inf and parameters: {'alpha_0': 0.0007132753970753783, 'alpha_1': 5.6084147703432784e-05, 'alpha_2': 4.798296342167862e-05, 'beta_0': 0.0718026590973282, 'beta_1': 6.907114942641617, 'beta_2': 0.21377082389974364, 'beta_3': 0.0011068549932075574, 'beta_4': 6.022937471586234, 'beta_5': 35.37121051829901, 'beta_6': 0.042795337971606784, 'beta_7': 0.01881707157803747, 'beta_8': 3.785112180796484e-05, 'beta_9': 5.194334905835199e-07}. Best is trial 691 with value: 6538.461030825155.
[I 2026-04-01 09:44:46,047] Trial 1427 finished with value: 6682.611077743837 and parameters: {'alpha_0': 0.0008130387139880096, 'alpha_1': 5.321151124824491e-05, 'alpha_2': 4.63705180145672e-05, 'beta_0': 0.0674837383992916, 'beta_1': 6.4665044453029115, 'beta_2': 0.21601170052262722, 'beta_3': 0.0011312835454129623, 'beta_4': 6.879742850806751, 'beta_5': 35.47208013875604, 'beta_6': 0.04420123379429893, 'beta_7': 0.015785454555664418, 'beta_8': 3.79723714317332e-05, 'beta_9': 5.800504325299653e-07}. Best is trial 691 with value: 6538.461030825155.
[I 2026-04-01 09:44:55,390] Trial 1428 finished with value: 7277.08759721688 and parameters: {'alpha_0': 0.0007535895268316023, 'alpha_1': 5.1944743357470294e-05, 'alpha_2': 4.929217821319224e-05, 'beta_0': 0.07392597422490339, 'beta_1': 6.590592805538395, 'beta_2': 0.21312716813667734, 'beta_3': 0.0010946127805714731, 'beta_4': 7.908937210868161, 'beta_5': 37.56488279793291, 'beta_6': 0.04287884338613599, 'beta_7': 0.01502750490923797, 'beta_8': 3.698677211523285e-05, 'beta_9': 5.221939594593264e-07}. Best is trial 691 with value: 6538.461030825155.
