[I 2026-03-31 23:25:27,677] Trial 709 finished with value: 6587.654938923373 and parameters: {'alpha_0': 0.0007322260308597595, 'alpha_1': 5.452658753072761e-05, 'alpha_2': 4.142828924819073e-05, 'beta_0': 0.07896453514842439, 'beta_1': 6.244030324818913, 'beta_2': 0.2052430069455431, 'beta_3': 0.0009616322188083948, 'beta_4': 6.446318950023257, 'beta_5': 32.307868725864225, 'beta_6': 0.04285534337330089, 'beta_7': 0.01570738683407231, 'beta_8': 3.880234324416561e-05, 'beta_9': 7.460657944108844e-07}. Best is trial 691 with value: 6538.461030825155.
[I 2026-03-31 23:25:36,874] Trial 710 finished with value: 6865.996019770448 and parameters: {'alpha_0': 0.0005473724944090158, 'alpha_1': 5.215490472002893e-05, 'alpha_2': 4.4782240509359884e-05, 'beta_0': 0.08608242183941141, 'beta_1': 5.958049705000156, 'beta_2': 0.20823185081637693, 'beta_3': 0.000988642038232245, 'beta_4': 6.940332825712001, 'beta_5': 31.50097986213245, 'beta_6': 0.04144144649679401, 'beta_7': 0.01546888193578454, 'beta_8': 3.804499388994275e-05, 'beta_9': 6.013662065678254e-07}. Best is trial 691 with value: 6538.461030825155.
[I 2026-03-31 23:25:46,174] Trial 711 finished with value: 7398.667239965014 and parameters: {'alpha_0': 0.0005989046916368365, 'alpha_1': 5.3615912453467486e-05, 'alpha_2': 4.292299218504742e-05, 'beta_0': 0.09841502019380378, 'beta_1': 6.456179236412296, 'beta_2': 0.21157997764712372, 'beta_3': 0.0009061268191826956, 'beta_4': 6.263642489560909, 'beta_5': 32.79693466492472, 'beta_6': 0.042819280965080024, 'beta_7': 0.015232273956840627, 'beta_8': 3.924682330331822e-05, 'beta_9': 6.964269302877238e-07}. Best is trial 691 with value: 6538.461030825155.
[I 2026-03-31 23:25:55,366] Trial 712 finished with value: 7084.83236769285 and parameters: {'alpha_0': 0.000639530527597961, 'alpha_1': 5.1736497708668964e-05, 'alpha_2': 4.164583181242836e-05, 'beta_0': 0.09168918408429622, 'beta_1': 5.719925382880279, 'beta_2': 0.20624169361852787, 'beta_3': 0.0010343129748134829, 'beta_4': 7.1228059261639185, 'beta_5': 33.60962298251843, 'beta_6': 0.04110266573079559, 'beta_7': 0.016378627774960637, 'beta_8': 3.726040728256161e-05, 'beta_9': 6.340906403407629e-07}. Best is trial 691 with value: 6538.461030825155.
[I 2026-03-31 23:26:04,738] Trial 713 finished with value: 6740.655261559528 and parameters: {'alpha_0': 0.0006871664060207718, 'alpha_1': 5.512160361120828e-05, 'alpha_2': 4.002315939827556e-05, 'beta_0': 0.1142880243600826, 'beta_1': 6.080296279399906, 'beta_2': 0.2097069121009392, 'beta_3': 0.0009475838019351837, 'beta_4': 6.2397203659600855, 'beta_5': 32.151744135880904, 'beta_6': 0.04002369851919178, 'beta_7': 0.016011805474059445, 'beta_8': 3.851107842172687e-05, 'beta_9': 7.257882970197221e-07}. Best is trial 691 with value: 6538.461030825155.
[I 2026-03-31 23:26:14,079] Trial 714 finished with value: 6568.844104131883 and parameters: {'alpha_0': 0.0006013683914244286, 'alpha_1': 5.190999104141899e-05, 'alpha_2': 4.003405812408985e-05, 'beta_0': 0.08384408858936024, 'beta_1': 5.387029042830358, 'beta_2': 0.2078771708245232, 'beta_3': 0.0009867435530859434, 'beta_4': 6.495739723905782, 'beta_5': 33.12240676337845, 'beta_6': 0.042090297585393434, 'beta_7': 0.015754162606212707, 'beta_8': 3.9981562815313284e-05, 'beta_9': 6.829091896919078e-07}. Best is trial 691 with value: 6538.461030825155.
[I 2026-03-31 23:26:23,412] Trial 715 finished with value: 7396.078670649114 and parameters: {'alpha_0': 0.000562172755801214, 'alpha_1': 5.1814379530190033e-05, 'alpha_2': 4.1593267278806705e-05, 'beta_0': 0.09538685143062642, 'beta_1': 5.327723414517425, 'beta_2': 0.20243291454621792, 'beta_3': 0.0010487529262020914, 'beta_4': 6.67344730532293, 'beta_5': 33.216553510050915, 'beta_6': 0.04296292907265285, 'beta_7': 0.015029438108635515, 'beta_8': 3.993854008942611e-05, 'beta_9': 6.656033448612881e-07}. Best is trial 691 with value: 6538.461030825155.
[I 2026-03-31 23:26:32,701] Trial 716 finished with value: 6728.767586343848 and parameters: {'alpha_0': 0.0006485711422670707, 'alpha_1': 5.5111514192612874e-05, 'alpha_2': 4.000484380893608e-05, 'beta_0': 0.08954136111555305, 'beta_1': 5.159496058265061, 'beta_2': 0.2070526085127538, 'beta_3': 0.0010114520747166536, 'beta_4': 6.491590756238359, 'beta_5': 33.99963313110423, 'beta_6': 0.04286526972659669, 'beta_7': 0.01549934409966821, 'beta_8': 3.998041423877143e-05, 'beta_9': 7.549755883346112e-07}. Best is trial 691 with value: 6538.461030825155.
[I 2026-03-31 23:26:41,966] Trial 717 finished with value: 6740.579363806818 and parameters: {'alpha_0': 0.0007327744490991845, 'alpha_1': 5.338649101795833e-05, 'alpha_2': 4.000335732642077e-05, 'beta_0': 0.08496889730837799, 'beta_1': 5.482158658189753, 'beta_2': 0.20437310205277062, 'beta_3': 0.0009822413795268603, 'beta_4': 6.409136501394443, 'beta_5': 32.994199978500596, 'beta_6': 0.04207190049870191, 'beta_7': 0.016163757634468427, 'beta_8': 3.9412353532430505e-05, 'beta_9': 7.224025291752701e-07}. Best is trial 691 with value: 6538.461030825155.
[I 2026-03-31 23:26:51,278] Trial 718 finished with value: 6674.702375226343 and parameters: {'alpha_0': 0.0006919862283572826, 'alpha_1': 5.014345893879838e-05, 'alpha_2': 4.420285398565129e-05, 'beta_0': 0.08264451968620548, 'beta_1': 5.058713616578387, 'beta_2': 0.20835622990694946, 'beta_3': 0.0010009175207806357, 'beta_4': 6.531764876513957, 'beta_5': 34.00036879031003, 'beta_6': 0.04197252564419252, 'beta_7': 0.015854774482014465, 'beta_8': 3.936172451376229e-05, 'beta_9': 6.36347104456048e-07}. Best is trial 691 with value: 6538.461030825155.
[I 2026-03-31 23:27:00,483] Trial 719 finished with value: 6707.337228552757 and parameters: {'alpha_0': 0.0006020845095502464, 'alpha_1': 5.524967559689908e-05, 'alpha_2': 4.295834316012143e-05, 'beta_0': 0.09376247482257705, 'beta_1': 5.407424847253158, 'beta_2': 0.20456884312685875, 'beta_3': 0.0009767486266613716, 'beta_4': 6.373112890164416, 'beta_5': 33.49093857600417, 'beta_6': 0.0412493642546235, 'beta_7': 0.015600635733378354, 'beta_8': 3.9349979439276345e-05, 'beta_9': 6.822261386370425e-07}. Best is trial 691 with value: 6538.461030825155.
[I 2026-03-31 23:27:09,757] Trial 720 finished with value: inf and parameters: {'alpha_0': 0.0006576169185915963, 'alpha_1': 5.0182074599932685e-05, 'alpha_2': 4.151389390160642e-05, 'beta_0': 0.08981454080884302, 'beta_1': 5.740496501448532, 'beta_2': 0.20674142609082752, 'beta_3': 0.0010437459230698955, 'beta_4': 6.673755950281081, 'beta_5': 32.849849295070655, 'beta_6': 0.09106704873660477, 'beta_7': 0.02021454932491994, 'beta_8': 3.784067359446415e-05, 'beta_9': 6.121032766429259e-07}. Best is trial 691 with value: 6538.461030825155.Best trial: 691. Best value: 6538.46:  36%|███▌      | 720/2000 [1:48:25<3:17:44,  9.27s/it]Best trial: 691. Best value: 6538.46:  36%|███▌      | 720/2000 [1:48:25<3:17:44,  9.27s/it]Best trial: 691. Best value: 6538.46:  36%|███▌      | 721/2000 [1:48:25<3:17:36,  9.27s/it]                                                                                            Best trial: 691. Best value: 6538.46:  36%|███▌      | 721/2000 [1:48:34<3:17:36,  9.27s/it]Best trial: 691. Best value: 6538.46:  36%|███▌      | 721/2000 [1:48:34<3:17:36,  9.27s/it]Best trial: 691. Best value: 6538.46:  36%|███▌      | 722/2000 [1:48:34<3:17:35,  9.28s/it]                                                                                            Best trial: 691. Best value: 6538.46:  36%|███▌      | 722/2000 [1:48:43<3:17:35,  9.28s/it]Best trial: 691. Best value: 6538.46:  36%|███▌      | 722/2000 [1:48:43<3:17:35,  9.28s/it]Best trial: 691. Best value: 6538.46:  36%|███▌      | 723/2000 [1:48:43<3:16:45,  9.24s/it]                                                                                            Best trial: 691. Best value: 6538.46:  36%|███▌      | 723/2000 [1:48:52<3:16:45,  9.24s/it]Best trial: 691. Best value: 6538.46:  36%|███▌      | 723/2000 [1:48:52<3:16:45,  9.24s/it]Best trial: 691. Best value: 6538.46:  36%|███▌      | 724/2000 [1:48:52<3:16:50,  9.26s/it]                                                                                            Best trial: 691. Best value: 6538.46:  36%|███▌      | 724/2000 [1:49:02<3:16:50,  9.26s/it]Best trial: 691. Best value: 6538.46:  36%|███▌      | 724/2000 [1:49:02<3:16:50,  9.26s/it]Best trial: 691. Best value: 6538.46:  36%|███▋      | 725/2000 [1:49:02<3:17:15,  9.28s/it]                                                                                            Best trial: 691. Best value: 6538.46:  36%|███▋      | 725/2000 [1:49:11<3:17:15,  9.28s/it]Best trial: 691. Best value: 6538.46:  36%|███▋      | 725/2000 [1:49:11<3:17:15,  9.28s/it]Best trial: 691. Best value: 6538.46:  36%|███▋      | 726/2000 [1:49:11<3:16:36,  9.26s/it]                                                                                            Best trial: 691. Best value: 6538.46:  36%|███▋      | 726/2000 [1:49:20<3:16:36,  9.26s/it]Best trial: 691. Best value: 6538.46:  36%|███▋      | 726/2000 [1:49:20<3:16:36,  9.26s/it]Best trial: 691. Best value: 6538.46:  36%|███▋      | 727/2000 [1:49:20<3:16:31,  9.26s/it]                                                                                            Best trial: 691. Best value: 6538.46:  36%|███▋      | 727/2000 [1:49:30<3:16:31,  9.26s/it]Best trial: 691. Best value: 6538.46:  36%|███▋      | 727/2000 [1:49:30<3:16:31,  9.26s/it]Best trial: 691. Best value: 6538.46:  36%|███▋      | 728/2000 [1:49:30<3:16:24,  9.26s/it]                                                                                            Best trial: 691. Best value: 6538.46:  36%|███▋      | 728/2000 [1:49:39<3:16:24,  9.26s/it]Best trial: 691. Best value: 6538.46:  36%|███▋      | 728/2000 [1:49:39<3:16:24,  9.26s/it]Best trial: 691. Best value: 6538.46:  36%|███▋      | 729/2000 [1:49:39<3:15:42,  9.24s/it]                                                                                            Best trial: 691. Best value: 6538.46:  36%|███▋      | 729/2000 [1:49:48<3:15:42,  9.24s/it]Best trial: 691. Best value: 6538.46:  36%|███▋      | 729/2000 [1:49:48<3:15:42,  9.24s/it]Best trial: 691. Best value: 6538.46:  36%|███▋      | 730/2000 [1:49:48<3:15:53,  9.25s/it]                                                                                            Best trial: 691. Best value: 6538.46:  36%|███▋      | 730/2000 [1:49:57<3:15:53,  9.25s/it]Best trial: 691. Best value: 6538.46:  36%|███▋      | 730/2000 [1:49:57<3:15:53,  9.25s/it]Best trial: 691. Best value: 6538.46:  37%|███▋      | 731/2000 [1:49:57<3:16:00,  9.27s/it]                                                                                            Best trial: 691. Best value: 6538.46:  37%|███▋      | 731/2000 [1:50:07<3:16:00,  9.27s/it]Best trial: 691. Best value: 6538.46:  37%|███▋      | 731/2000 [1:50:07<3:16:00,  9.27s/it]Best trial: 691. Best value: 6538.46:  37%|███▋      | 732/2000 [1:50:07<3:16:53,  9.32s/it]                                                                                            Best trial: 691. Best value: 6538.46:  37%|███▋      | 732/2000 [1:50:16<3:16:53,  9.32s/it]Best trial: 691. Best value: 6538.46:  37%|███▋      | 732/2000 [1:50:16<3:16:53,  9.32s/it]Best trial: 691. Best value: 6538.46:  37%|███▋      | 733/2000 [1:50:16<3:16:06,  9.29s/it]                                                                                            Best trial: 691. Best value: 6538.46:  37%|███▋      | 733/2000 [1:50:25<3:16:06,  9.29s/it]Best trial: 691. Best value: 6538.46:  37%|███▋      | 733/2000 [1:50:25<3:16:06,  9.29s/it]Best trial: 691. Best value: 6538.46:  37%|███▋      | 734/2000 [1:50:25<3:17:12,  9.35s/it]                                                                                            Best trial: 691. Best value: 6538.46:  37%|███▋      | 734/2000 [1:50:27<3:17:12,  9.35s/it]Best trial: 691. Best value: 6538.46:  37%|███▋      | 734/2000 [1:50:27<3:17:12,  9.35s/it]Best trial: 691. Best value: 6538.46:  37%|███▋      | 735/2000 [1:50:27<2:26:58,  6.97s/it]                                                                                            
[I 2026-03-31 23:27:19,049] Trial 721 finished with value: 7230.94849226333 and parameters: {'alpha_0': 0.0005683102829130416, 'alpha_1': 5.0011195300277875e-05, 'alpha_2': 4.334497119546894e-05, 'beta_0': 0.10362210630826524, 'beta_1': 5.594806111801048, 'beta_2': 0.20901342698656467, 'beta_3': 0.0009066041472013511, 'beta_4': 6.580457849001965, 'beta_5': 31.607970290442857, 'beta_6': 0.0430151360408589, 'beta_7': 0.016825214891380696, 'beta_8': 3.889598885977191e-05, 'beta_9': 6.577876431069128e-07}. Best is trial 691 with value: 6538.461030825155.
[I 2026-03-31 23:27:28,219] Trial 722 finished with value: 6742.8397527953075 and parameters: {'alpha_0': 0.0007307859950179738, 'alpha_1': 5.3307382588853315e-05, 'alpha_2': 4.512410602887583e-05, 'beta_0': 0.08644962688049482, 'beta_1': 5.314691082102235, 'beta_2': 0.2135941908695612, 'beta_3': 0.0010163703877358102, 'beta_4': 6.793899854825401, 'beta_5': 31.087981927889636, 'beta_6': 0.040047044933563654, 'beta_7': 0.016027602063732597, 'beta_8': 3.689192347280947e-05, 'beta_9': 7.545956973738853e-07}. Best is trial 691 with value: 6538.461030825155.
[I 2026-03-31 23:27:37,500] Trial 723 finished with value: 6995.717832597402 and parameters: {'alpha_0': 0.000538525539773999, 'alpha_1': 5.249099091168037e-05, 'alpha_2': 4.14275633320674e-05, 'beta_0': 0.08041474354845743, 'beta_1': 5.8554515769963, 'beta_2': 0.21207486700414538, 'beta_3': 0.0009682950747951224, 'beta_4': 6.263075788500113, 'beta_5': 34.142304913203695, 'beta_6': 0.04309294872050961, 'beta_7': 0.016421968935409825, 'beta_8': 3.836950600929032e-05, 'beta_9': 7.075099624956205e-07}. Best is trial 691 with value: 6538.461030825155.
[I 2026-03-31 23:27:46,847] Trial 724 finished with value: 7005.098146573606 and parameters: {'alpha_0': 0.0006359525233441519, 'alpha_1': 5.487941634731487e-05, 'alpha_2': 4.0071730066807826e-05, 'beta_0': 0.08382953901156201, 'beta_1': 5.561683123875496, 'beta_2': 0.20543578570546914, 'beta_3': 0.0009916272204289417, 'beta_4': 6.470914903078592, 'beta_5': 33.39092880015779, 'beta_6': 0.04180069613184224, 'beta_7': 0.015418130030399314, 'beta_8': 3.958380125001742e-05, 'beta_9': 6.843385124252867e-07}. Best is trial 691 with value: 6538.461030825155.
[I 2026-03-31 23:27:56,051] Trial 725 finished with value: 6590.7072928592415 and parameters: {'alpha_0': 0.0006937016727930523, 'alpha_1': 5.208974568908297e-05, 'alpha_2': 4.3014756900464145e-05, 'beta_0': 0.09692281479888716, 'beta_1': 5.93051516677809, 'beta_2': 0.202026351962141, 'beta_3': 0.0009307376695825602, 'beta_4': 6.36394708173284, 'beta_5': 32.58911377288576, 'beta_6': 0.04126333283141288, 'beta_7': 0.01573887707696917, 'beta_8': 3.773573245947664e-05, 'beta_9': 5.93230423517162e-07}. Best is trial 691 with value: 6538.461030825155.
[I 2026-03-31 23:28:05,322] Trial 726 finished with value: 7042.107594902579 and parameters: {'alpha_0': 0.0006222046464550723, 'alpha_1': 5.6284980859159904e-05, 'alpha_2': 4.49272993554184e-05, 'beta_0': 0.09082354822249239, 'beta_1': 6.026917257859046, 'beta_2': 0.20777932008467487, 'beta_3': 0.001077059217855945, 'beta_4': 6.575182017724742, 'beta_5': 32.021453877389675, 'beta_6': 0.04317346703440549, 'beta_7': 0.015271111871065916, 'beta_8': 3.891935646410622e-05, 'beta_9': 6.447605124602489e-07}. Best is trial 691 with value: 6538.461030825155.
[I 2026-03-31 23:28:14,592] Trial 727 finished with value: 6797.132950201689 and parameters: {'alpha_0': 0.0006665214451422447, 'alpha_1': 5.1766654673201974e-05, 'alpha_2': 4.141498452241991e-05, 'beta_0': 0.07830257271291194, 'beta_1': 5.715759636619887, 'beta_2': 0.20988144527942879, 'beta_3': 0.0009622220413455281, 'beta_4': 6.23017175648521, 'beta_5': 33.17478192994023, 'beta_6': 0.04114890600794438, 'beta_7': 0.01623177747441006, 'beta_8': 3.9951579276139166e-05, 'beta_9': 7.218990737735254e-07}. Best is trial 691 with value: 6538.461030825155.
[I 2026-03-31 23:28:23,771] Trial 728 finished with value: 6659.969973526604 and parameters: {'alpha_0': 0.0005907773933763631, 'alpha_1': 5.415681517752883e-05, 'alpha_2': 4.001316122933603e-05, 'beta_0': 0.0870275289881876, 'beta_1': 5.446144684057684, 'beta_2': 0.20419177471345248, 'beta_3': 0.0009098121520129075, 'beta_4': 6.432827589046269, 'beta_5': 32.332200998171146, 'beta_6': 0.04003440133243191, 'beta_7': 0.015939417859091545, 'beta_8': 3.806850459409469e-05, 'beta_9': 7.584251429694603e-07}. Best is trial 691 with value: 6538.461030825155.
[I 2026-03-31 23:28:33,062] Trial 729 finished with value: 6747.222615398168 and parameters: {'alpha_0': 0.0007151766354133186, 'alpha_1': 5.186884586898254e-05, 'alpha_2': 4.350664416409523e-05, 'beta_0': 0.09417990065767745, 'beta_1': 6.434542632031445, 'beta_2': 0.20617034831911515, 'beta_3': 0.0009387052791846481, 'beta_4': 6.6347396798154215, 'beta_5': 32.82951367284368, 'beta_6': 0.06992143908631794, 'beta_7': 0.015644340765520032, 'beta_8': 3.879897536544093e-05, 'beta_9': 6.874370004389134e-07}. Best is trial 691 with value: 6538.461030825155.
[I 2026-03-31 23:28:42,359] Trial 730 finished with value: 7174.44604196063 and parameters: {'alpha_0': 0.0007434204213011609, 'alpha_1': 5.597913997679975e-05, 'alpha_2': 4.266069932368763e-05, 'beta_0': 0.08392516981512664, 'beta_1': 6.17240918713318, 'beta_2': 0.20843669717446975, 'beta_3': 0.0010297785427660824, 'beta_4': 6.3497727036497995, 'beta_5': 31.723171019420068, 'beta_6': 0.042248289762029566, 'beta_7': 0.016637493429249597, 'beta_8': 3.667425565547907e-05, 'beta_9': 7.281074347054867e-07}. Best is trial 691 with value: 6538.461030825155.
[I 2026-03-31 23:28:51,791] Trial 731 finished with value: 7543.043517980566 and parameters: {'alpha_0': 0.000624597049517437, 'alpha_1': 5.362401864160195e-05, 'alpha_2': 4.1527047981037536e-05, 'beta_0': 0.10951988508676254, 'beta_1': 5.881501778790031, 'beta_2': 0.21183764843081188, 'beta_3': 0.001001821326211045, 'beta_4': 6.481052362238742, 'beta_5': 34.31562277223634, 'beta_6': 0.07205701513069965, 'beta_7': 0.015038319505008536, 'beta_8': 3.9480427555281965e-05, 'beta_9': 6.655695234142636e-07}. Best is trial 691 with value: 6538.461030825155.
[I 2026-03-31 23:29:01,009] Trial 732 finished with value: 6733.703197724535 and parameters: {'alpha_0': 0.000683428811884593, 'alpha_1': 5.172667588686053e-05, 'alpha_2': 4.454473809466718e-05, 'beta_0': 0.10090646543698609, 'beta_1': 5.545797280961397, 'beta_2': 0.21009199200768502, 'beta_3': 0.000982439623375717, 'beta_4': 6.732813470740513, 'beta_5': 33.542349344785436, 'beta_6': 0.04113035166946707, 'beta_7': 0.01597260027035333, 'beta_8': 3.830983416492278e-05, 'beta_9': 6.246622101351242e-07}. Best is trial 691 with value: 6538.461030825155.
[I 2026-03-31 23:29:10,494] Trial 733 finished with value: 7074.339098920862 and parameters: {'alpha_0': 0.0005351418125306138, 'alpha_1': 5.584779388189642e-05, 'alpha_2': 4.263210440377772e-05, 'beta_0': 0.07788258118033507, 'beta_1': 5.296592900444872, 'beta_2': 0.2030778837987108, 'beta_3': 0.0009215466834371081, 'beta_4': 6.241753280368087, 'beta_5': 30.85590131205629, 'beta_6': 0.04321594282374133, 'beta_7': 0.015427923759819929, 'beta_8': 3.739541302783393e-05, 'beta_9': 7.579229842199986e-07}. Best is trial 691 with value: 6538.461030825155.
[I 2026-03-31 23:29:11,922] Trial 734 finished with value: inf and parameters: {'alpha_0': 0.0005019218446141708, 'alpha_1': 5.349991330191023e-05, 'alpha_2': 4.1429203662721276e-05, 'beta_0': 0.08802556545237605, 'beta_1': 5.789751998716333, 'beta_2': 0.20646124326266554, 'beta_3': 0.0009638148514937616, 'beta_4': 6.508840569548917, 'beta_5': 32.75335514480771, 'beta_6': 0.041897700282776576, 'beta_7': 0.027079772485961873, 'beta_8': 3.915663937582605e-05, 'beta_9': 6.938565243883918e-07}. Best is trial 691 with value: 6538.461030825155.
