[I 2026-04-01 10:25:51,988] Trial 1699 finished with value: 6717.935373522078 and parameters: {'alpha_0': 0.000815689493463694, 'alpha_1': 5.476680857758435e-05, 'alpha_2': 4.6538165873366014e-05, 'beta_0': 0.09678178780357821, 'beta_1': 6.235597580792889, 'beta_2': 0.20894042365339377, 'beta_3': 0.001107688005425628, 'beta_4': 5.618231290687161, 'beta_5': 35.920713705399734, 'beta_6': 0.04434158145118778, 'beta_7': 0.015484788446242972, 'beta_8': 3.8102735996951856e-05, 'beta_9': 5.251626478950074e-07}. Best is trial 691 with value: 6538.461030825155.
[I 2026-04-01 10:26:01,366] Trial 1700 finished with value: 7292.528514581163 and parameters: {'alpha_0': 0.0006441353563510178, 'alpha_1': 5.343390531295558e-05, 'alpha_2': 4.7676978733486864e-05, 'beta_0': 0.09366574654098017, 'beta_1': 6.498839269026803, 'beta_2': 0.24079933071510595, 'beta_3': 0.0010524249687659268, 'beta_4': 5.610866579924516, 'beta_5': 34.6152583840504, 'beta_6': 0.042627975010752994, 'beta_7': 0.016743999854442214, 'beta_8': 3.900115497279732e-05, 'beta_9': 6.111678872473292e-07}. Best is trial 691 with value: 6538.461030825155.
[I 2026-04-01 10:26:02,767] Trial 1701 finished with value: inf and parameters: {'alpha_0': 0.0005653056074346283, 'alpha_1': 5.8359651767716364e-05, 'alpha_2': 4.9512335335564814e-05, 'beta_0': 0.08861410099502573, 'beta_1': 6.940860484599412, 'beta_2': 0.2057044650406656, 'beta_3': 0.001061579489131242, 'beta_4': 5.520019882815603, 'beta_5': 33.93169770752037, 'beta_6': 0.04600061147884772, 'beta_7': 0.02628152447377528, 'beta_8': 3.997415280806989e-05, 'beta_9': 5.265510744404137e-07}. Best is trial 691 with value: 6538.461030825155.
[I 2026-04-01 10:26:11,982] Trial 1702 finished with value: 6784.0663354390235 and parameters: {'alpha_0': 0.0007514918662552309, 'alpha_1': 5.0008059214618594e-05, 'alpha_2': 4.549883004485373e-05, 'beta_0': 0.10244012092329165, 'beta_1': 6.1856818496037365, 'beta_2': 0.20737465298989824, 'beta_3': 0.001149984820838131, 'beta_4': 5.5969866443658285, 'beta_5': 35.210432273175236, 'beta_6': 0.04394994187969355, 'beta_7': 0.015822940824512143, 'beta_8': 3.692073053033486e-05, 'beta_9': 5.814384276344025e-07}. Best is trial 691 with value: 6538.461030825155.
[I 2026-04-01 10:26:21,389] Trial 1703 finished with value: 7210.646616435636 and parameters: {'alpha_0': 0.0005408766472617562, 'alpha_1': 5.63274109632226e-05, 'alpha_2': 5.1244834832716614e-05, 'beta_0': 0.09284953749261486, 'beta_1': 6.583504458794824, 'beta_2': 0.2108510790244878, 'beta_3': 0.0010897308550833998, 'beta_4': 5.715567387301244, 'beta_5': 37.11660732525843, 'beta_6': 0.04216342161447687, 'beta_7': 0.015195018203215893, 'beta_8': 3.851693212839873e-05, 'beta_9': 5.528376054565571e-07}. Best is trial 691 with value: 6538.461030825155.
[I 2026-04-01 10:26:30,606] Trial 1704 finished with value: inf and parameters: {'alpha_0': 0.0006878899932510593, 'alpha_1': 5.2334018491165675e-05, 'alpha_2': 4.664430485713991e-05, 'beta_0': 0.0972259998446623, 'beta_1': 6.376755064519796, 'beta_2': 0.2029166406932243, 'beta_3': 0.0010683393066983574, 'beta_4': 5.451176267569301, 'beta_5': 36.460308185903905, 'beta_6': 0.04277261998131068, 'beta_7': 0.01968036731569352, 'beta_8': 3.9452266494298086e-05, 'beta_9': 6.073411743956691e-07}. Best is trial 691 with value: 6538.461030825155.
[I 2026-04-01 10:26:39,920] Trial 1705 finished with value: 6856.475852464449 and parameters: {'alpha_0': 0.0006209034523120662, 'alpha_1': 9.480931740051286e-05, 'alpha_2': 9.296794430638917e-05, 'beta_0': 0.08811676407236874, 'beta_1': 6.753163762477361, 'beta_2': 0.20791681755479297, 'beta_3': 0.001044826176205327, 'beta_4': 5.812324029509091, 'beta_5': 34.534560958145555, 'beta_6': 0.04428045030042979, 'beta_7': 0.01609140112338424, 'beta_8': 3.767040270413564e-05, 'beta_9': 5.500836146569272e-07}. Best is trial 691 with value: 6538.461030825155.
[I 2026-04-01 10:26:49,236] Trial 1706 finished with value: 6587.351463569441 and parameters: {'alpha_0': 0.0014673936737905557, 'alpha_1': 5.4960362407485575e-05, 'alpha_2': 9.664102121764388e-05, 'beta_0': 0.108856467625032, 'beta_1': 6.051020149863493, 'beta_2': 0.21581460447937859, 'beta_3': 0.0011105713279490979, 'beta_4': 5.351106672332015, 'beta_5': 35.55739060802654, 'beta_6': 0.04296561431187209, 'beta_7': 0.01560764632863803, 'beta_8': 3.8942061435608006e-05, 'beta_9': 5.818754325359536e-07}. Best is trial 691 with value: 6538.461030825155.
[I 2026-04-01 10:26:58,578] Trial 1707 finished with value: 6734.8994108066345 and parameters: {'alpha_0': 0.0005977999135864662, 'alpha_1': 5.186739091496597e-05, 'alpha_2': 4.847566141753767e-05, 'beta_0': 0.09990398014501697, 'beta_1': 6.373295430870829, 'beta_2': 0.23620841008257262, 'beta_3': 0.0010375410616870816, 'beta_4': 5.635122322769461, 'beta_5': 33.736322376919084, 'beta_6': 0.04206765556695315, 'beta_7': 0.015961305859941485, 'beta_8': 3.826881279199384e-05, 'beta_9': 5.004533226216152e-07}. Best is trial 691 with value: 6538.461030825155.
[I 2026-04-01 10:27:07,978] Trial 1708 finished with value: 7079.994888401266 and parameters: {'alpha_0': 0.0006591473216696146, 'alpha_1': 6.224078458037318e-05, 'alpha_2': 4.5711124257607984e-05, 'beta_0': 0.10488985143820649, 'beta_1': 6.557598760709893, 'beta_2': 0.20491704522492754, 'beta_3': 0.0011312892454235324, 'beta_4': 5.706312117672255, 'beta_5': 34.96917515979923, 'beta_6': 0.04502393925382098, 'beta_7': 0.01642289297604724, 'beta_8': 3.9996518377316307e-05, 'beta_9': 6.239806811938366e-07}. Best is trial 691 with value: 6538.461030825155.
[I 2026-04-01 10:27:17,529] Trial 1709 finished with value: 7387.929047860149 and parameters: {'alpha_0': 0.0005396294580379492, 'alpha_1': 5.3258143434115494e-05, 'alpha_2': 6.112995886046714e-05, 'beta_0': 0.0919951865105546, 'beta_1': 6.942815922172935, 'beta_2': 0.20048719972787118, 'beta_3': 0.0011753786517225127, 'beta_4': 5.3711125033591225, 'beta_5': 35.98611228570979, 'beta_6': 0.04335183181448528, 'beta_7': 0.015003772142671418, 'beta_8': 3.909989574698565e-05, 'beta_9': 1.2655912330785024e-06}. Best is trial 691 with value: 6538.461030825155.
[I 2026-04-01 10:27:26,973] Trial 1710 finished with value: 6715.00170735959 and parameters: {'alpha_0': 0.0008519307141619531, 'alpha_1': 5.722865206429259e-05, 'alpha_2': 0.00010296096470857322, 'beta_0': 0.08781199186369879, 'beta_1': 7.2723136723869946, 'beta_2': 0.20961532042207398, 'beta_3': 0.0010805387755337015, 'beta_4': 5.816703256002406, 'beta_5': 34.26319726632785, 'beta_6': 0.042067167589842545, 'beta_7': 0.0154941214872919, 'beta_8': 3.81164008295953e-05, 'beta_9': 5.272253491257888e-07}. Best is trial 691 with value: 6538.461030825155.Best trial: 691. Best value: 6538.46:  86%|████████▌ | 1710/2000 [12:48:42<44:41,  9.25s/it]Best trial: 691. Best value: 6538.46:  86%|████████▌ | 1710/2000 [12:48:42<44:41,  9.25s/it]Best trial: 691. Best value: 6538.46:  86%|████████▌ | 1711/2000 [12:48:42<44:49,  9.31s/it]                                                                                            Best trial: 691. Best value: 6538.46:  86%|████████▌ | 1711/2000 [12:48:51<44:49,  9.31s/it]Best trial: 691. Best value: 6538.46:  86%|████████▌ | 1711/2000 [12:48:51<44:49,  9.31s/it]Best trial: 691. Best value: 6538.46:  86%|████████▌ | 1712/2000 [12:48:51<44:55,  9.36s/it]                                                                                            Best trial: 691. Best value: 6538.46:  86%|████████▌ | 1712/2000 [12:49:01<44:55,  9.36s/it]Best trial: 691. Best value: 6538.46:  86%|████████▌ | 1712/2000 [12:49:01<44:55,  9.36s/it]Best trial: 691. Best value: 6538.46:  86%|████████▌ | 1713/2000 [12:49:01<44:46,  9.36s/it]                                                                                            Best trial: 691. Best value: 6538.46:  86%|████████▌ | 1713/2000 [12:49:10<44:46,  9.36s/it]Best trial: 691. Best value: 6538.46:  86%|████████▌ | 1713/2000 [12:49:10<44:46,  9.36s/it]Best trial: 691. Best value: 6538.46:  86%|████████▌ | 1714/2000 [12:49:10<44:38,  9.37s/it]                                                                                            Best trial: 691. Best value: 6538.46:  86%|████████▌ | 1714/2000 [12:49:20<44:38,  9.37s/it]Best trial: 691. Best value: 6538.46:  86%|████████▌ | 1714/2000 [12:49:20<44:38,  9.37s/it]Best trial: 691. Best value: 6538.46:  86%|████████▌ | 1715/2000 [12:49:20<44:35,  9.39s/it]                                                                                            Best trial: 691. Best value: 6538.46:  86%|████████▌ | 1715/2000 [12:49:29<44:35,  9.39s/it]Best trial: 691. Best value: 6538.46:  86%|████████▌ | 1715/2000 [12:49:29<44:35,  9.39s/it]Best trial: 691. Best value: 6538.46:  86%|████████▌ | 1716/2000 [12:49:29<44:14,  9.35s/it]                                                                                            Best trial: 691. Best value: 6538.46:  86%|████████▌ | 1716/2000 [12:49:38<44:14,  9.35s/it]Best trial: 691. Best value: 6538.46:  86%|████████▌ | 1716/2000 [12:49:38<44:14,  9.35s/it]Best trial: 691. Best value: 6538.46:  86%|████████▌ | 1717/2000 [12:49:38<44:11,  9.37s/it]                                                                                            Best trial: 691. Best value: 6538.46:  86%|████████▌ | 1717/2000 [12:49:48<44:11,  9.37s/it]Best trial: 691. Best value: 6538.46:  86%|████████▌ | 1717/2000 [12:49:48<44:11,  9.37s/it]Best trial: 691. Best value: 6538.46:  86%|████████▌ | 1718/2000 [12:49:48<43:54,  9.34s/it]                                                                                            Best trial: 691. Best value: 6538.46:  86%|████████▌ | 1718/2000 [12:49:57<43:54,  9.34s/it]Best trial: 691. Best value: 6538.46:  86%|████████▌ | 1718/2000 [12:49:57<43:54,  9.34s/it]Best trial: 691. Best value: 6538.46:  86%|████████▌ | 1719/2000 [12:49:57<43:47,  9.35s/it]                                                                                            Best trial: 691. Best value: 6538.46:  86%|████████▌ | 1719/2000 [12:50:06<43:47,  9.35s/it]Best trial: 691. Best value: 6538.46:  86%|████████▌ | 1719/2000 [12:50:06<43:47,  9.35s/it]Best trial: 691. Best value: 6538.46:  86%|████████▌ | 1720/2000 [12:50:06<43:36,  9.34s/it]                                                                                            Best trial: 691. Best value: 6538.46:  86%|████████▌ | 1720/2000 [12:50:09<43:36,  9.34s/it]Best trial: 691. Best value: 6538.46:  86%|████████▌ | 1720/2000 [12:50:09<43:36,  9.34s/it]Best trial: 691. Best value: 6538.46:  86%|████████▌ | 1721/2000 [12:50:09<33:43,  7.25s/it]                                                                                            Best trial: 691. Best value: 6538.46:  86%|████████▌ | 1721/2000 [12:50:18<33:43,  7.25s/it]Best trial: 691. Best value: 6538.46:  86%|████████▌ | 1721/2000 [12:50:18<33:43,  7.25s/it]Best trial: 691. Best value: 6538.46:  86%|████████▌ | 1722/2000 [12:50:18<36:31,  7.88s/it]                                                                                            Best trial: 691. Best value: 6538.46:  86%|████████▌ | 1722/2000 [12:50:27<36:31,  7.88s/it]Best trial: 691. Best value: 6538.46:  86%|████████▌ | 1722/2000 [12:50:27<36:31,  7.88s/it]Best trial: 691. Best value: 6538.46:  86%|████████▌ | 1723/2000 [12:50:27<38:30,  8.34s/it]                                                                                            Best trial: 691. Best value: 6538.46:  86%|████████▌ | 1723/2000 [12:50:37<38:30,  8.34s/it]Best trial: 691. Best value: 6538.46:  86%|████████▌ | 1723/2000 [12:50:37<38:30,  8.34s/it]Best trial: 691. Best value: 6538.46:  86%|████████▌ | 1724/2000 [12:50:37<39:40,  8.62s/it]                                                                                            Best trial: 691. Best value: 6538.46:  86%|████████▌ | 1724/2000 [12:50:46<39:40,  8.62s/it]Best trial: 691. Best value: 6538.46:  86%|████████▌ | 1724/2000 [12:50:46<39:40,  8.62s/it]Best trial: 691. Best value: 6538.46:  86%|████████▋ | 1725/2000 [12:50:46<40:32,  8.84s/it]                                                                                            
[I 2026-04-01 10:27:36,452] Trial 1711 finished with value: 7455.258462056232 and parameters: {'alpha_0': 0.0007035748065359154, 'alpha_1': 5.180788028538614e-05, 'alpha_2': 4.820377279951859e-05, 'beta_0': 0.09736084519961334, 'beta_1': 6.150402391979999, 'beta_2': 0.21192157633003977, 'beta_3': 0.00044794895301855577, 'beta_4': 5.693652816801192, 'beta_5': 33.60439980714258, 'beta_6': 0.07923745079299604, 'beta_7': 0.015721137929522056, 'beta_8': 3.9993170536214736e-05, 'beta_9': 5.764385507102808e-07}. Best is trial 691 with value: 6538.461030825155.
[I 2026-04-01 10:27:45,817] Trial 1712 finished with value: inf and parameters: {'alpha_0': 0.0006170373552640702, 'alpha_1': 5.003712475804464e-05, 'alpha_2': 4.557775140826581e-05, 'beta_0': 0.0948361960566902, 'beta_1': 6.683841371504423, 'beta_2': 0.21927964343759412, 'beta_3': 0.0010525038946469778, 'beta_4': 5.4859249803972165, 'beta_5': 34.94344154116105, 'beta_6': 0.04680204791605252, 'beta_7': 0.020935508955345156, 'beta_8': 3.727510343405453e-05, 'beta_9': 1.3339590183531368e-06}. Best is trial 691 with value: 6538.461030825155.
[I 2026-04-01 10:27:55,194] Trial 1713 finished with value: 7497.458524362287 and parameters: {'alpha_0': 0.0005733563116886596, 'alpha_1': 6.01004651497841e-05, 'alpha_2': 5.050276483956504e-05, 'beta_0': 0.08967860023732188, 'beta_1': 6.29140162518306, 'beta_2': 0.231423728657207, 'beta_3': 0.001042819263362403, 'beta_4': 5.605460007069959, 'beta_5': 35.570497323804155, 'beta_6': 0.04386543619627991, 'beta_7': 0.015020452223353796, 'beta_8': 3.8638627624313874e-05, 'beta_9': 6.099331071906215e-07}. Best is trial 691 with value: 6538.461030825155.
[I 2026-04-01 10:28:04,631] Trial 1714 finished with value: 6814.4585233669895 and parameters: {'alpha_0': 0.0007620249344140625, 'alpha_1': 5.4406194484638105e-05, 'alpha_2': 4.653659779265876e-05, 'beta_0': 0.08569570178336036, 'beta_1': 6.066347717260664, 'beta_2': 0.20634573785265548, 'beta_3': 0.0010300549751497993, 'beta_4': 5.372900978445538, 'beta_5': 36.72568550063086, 'beta_6': 0.0419347019051172, 'beta_7': 0.016184065833901973, 'beta_8': 3.937917708225478e-05, 'beta_9': 5.452144326037086e-07}. Best is trial 691 with value: 6538.461030825155.
[I 2026-04-01 10:28:13,884] Trial 1715 finished with value: 6760.971654836772 and parameters: {'alpha_0': 0.0006607486068572799, 'alpha_1': 5.5939089071489273e-05, 'alpha_2': 0.00011575186505709026, 'beta_0': 0.09990477054210843, 'beta_1': 6.537636100973496, 'beta_2': 0.21430567107709064, 'beta_3': 0.0012401621662079501, 'beta_4': 5.87219839972805, 'beta_5': 34.20639291604752, 'beta_6': 0.045326332614010804, 'beta_7': 0.01584880658138182, 'beta_8': 3.629496309466657e-05, 'beta_9': 5.799244454781899e-07}. Best is trial 691 with value: 6538.461030825155.
[I 2026-04-01 10:28:23,310] Trial 1716 finished with value: 7103.169149756821 and parameters: {'alpha_0': 0.0005327181308636534, 'alpha_1': 5.000244005458475e-05, 'alpha_2': 4.487132261527917e-05, 'beta_0': 0.0939342537611549, 'beta_1': 6.785743484899368, 'beta_2': 0.20867712722433904, 'beta_3': 0.0010248406905045628, 'beta_4': 5.262349705493861, 'beta_5': 34.75716722887431, 'beta_6': 0.043115613821959976, 'beta_7': 0.015356909979736127, 'beta_8': 3.783530728837424e-05, 'beta_9': 5.016923786305285e-07}. Best is trial 691 with value: 6538.461030825155.
[I 2026-04-01 10:28:32,582] Trial 1717 finished with value: 6640.661114469499 and parameters: {'alpha_0': 0.0006974666187324435, 'alpha_1': 5.3403237066133505e-05, 'alpha_2': 4.729991427095696e-05, 'beta_0': 0.06293514741479424, 'beta_1': 7.07912938662552, 'beta_2': 0.2379811957151401, 'beta_3': 0.0010553794499381822, 'beta_4': 5.544758036895097, 'beta_5': 36.073333392786395, 'beta_6': 0.04437523142855315, 'beta_7': 0.015616965910402644, 'beta_8': 3.9024691314949165e-05, 'beta_9': 6.199427783119532e-07}. Best is trial 691 with value: 6538.461030825155.
[I 2026-04-01 10:28:41,956] Trial 1718 finished with value: 6798.546108377735 and parameters: {'alpha_0': 0.0006310720524257024, 'alpha_1': 5.833555840112963e-05, 'alpha_2': 4.965445910313528e-05, 'beta_0': 0.0911919147746867, 'beta_1': 5.975006412925176, 'beta_2': 0.202377856909416, 'beta_3': 0.0010665744105161881, 'beta_4': 5.422683934930055, 'beta_5': 33.59748318270029, 'beta_6': 0.04192675481185788, 'beta_7': 0.016089197930625868, 'beta_8': 3.852790051150365e-05, 'beta_9': 5.406034546966727e-07}. Best is trial 691 with value: 6538.461030825155.
[I 2026-04-01 10:28:51,284] Trial 1719 finished with value: 7251.482936318671 and parameters: {'alpha_0': 0.0005834679276961372, 'alpha_1': 7.931064182949092e-05, 'alpha_2': 0.00010040483521956899, 'beta_0': 0.10519477832504065, 'beta_1': 6.443742829795863, 'beta_2': 0.20390831034031978, 'beta_3': 0.0010901892020561015, 'beta_4': 7.835955726310344, 'beta_5': 35.492001208282545, 'beta_6': 0.042960881141519455, 'beta_7': 0.016387948128703655, 'beta_8': 3.948852121238979e-05, 'beta_9': 5.621672961716402e-07}. Best is trial 691 with value: 6538.461030825155.
[I 2026-04-01 10:28:53,652] Trial 1720 finished with value: inf and parameters: {'alpha_0': 0.0007230303874723369, 'alpha_1': 5.226950250485993e-05, 'alpha_2': 4.50851359003277e-05, 'beta_0': 0.0863853273791564, 'beta_1': 6.254932157048812, 'beta_2': 0.2108617871830359, 'beta_3': 0.0011246385654068982, 'beta_4': 5.773919861807957, 'beta_5': 34.10436339144584, 'beta_6': 0.04175169870903846, 'beta_7': 0.02414410648239418, 'beta_8': 3.7261696281740944e-05, 'beta_9': 1.1995515891332092e-06}. Best is trial 691 with value: 6538.461030825155.
[I 2026-04-01 10:29:03,006] Trial 1721 finished with value: 6935.713413909369 and parameters: {'alpha_0': 0.0005351269294484272, 'alpha_1': 5.505489351153306e-05, 'alpha_2': 9.878620580522025e-05, 'beta_0': 0.09944280993104804, 'beta_1': 6.739988042653683, 'beta_2': 0.2068002555563131, 'beta_3': 0.0010185813895345049, 'beta_4': 5.300972823550577, 'beta_5': 35.092654067790825, 'beta_6': 0.04385428484016518, 'beta_7': 0.015442988322291292, 'beta_8': 3.857405166071396e-05, 'beta_9': 1.2925745058588699e-06}. Best is trial 691 with value: 6538.461030825155.
[I 2026-04-01 10:29:12,420] Trial 1722 finished with value: 7101.588840053083 and parameters: {'alpha_0': 0.000642316407619242, 'alpha_1': 5.20805978202632e-05, 'alpha_2': 4.87272329343921e-05, 'beta_0': 0.09440520982157805, 'beta_1': 6.321270820003286, 'beta_2': 0.2136454094564424, 'beta_3': 0.0012111835331093102, 'beta_4': 5.5178668812523375, 'beta_5': 34.59156381034564, 'beta_6': 0.0460853972264173, 'beta_7': 0.016687336388385966, 'beta_8': 3.93915991743496e-05, 'beta_9': 1.240163502253691e-06}. Best is trial 691 with value: 6538.461030825155.
[I 2026-04-01 10:29:21,705] Trial 1723 finished with value: 6708.041816452463 and parameters: {'alpha_0': 0.0005728486313782438, 'alpha_1': 5.636565810525166e-05, 'alpha_2': 4.485160212640192e-05, 'beta_0': 0.07095209639828229, 'beta_1': 6.577673932673139, 'beta_2': 0.20931615945206253, 'beta_3': 0.0010214709697878956, 'beta_4': 6.983719011016273, 'beta_5': 36.29334651439576, 'beta_6': 0.04292446276477749, 'beta_7': 0.01583778379070796, 'beta_8': 3.180409773266937e-05, 'beta_9': 6.035385314206504e-07}. Best is trial 691 with value: 6538.461030825155.
[I 2026-04-01 10:29:31,063] Trial 1724 finished with value: 6733.120235789944 and parameters: {'alpha_0': 0.0006741442645795546, 'alpha_1': 5.3838785862125925e-05, 'alpha_2': 4.6689646965750714e-05, 'beta_0': 0.09153862527781664, 'beta_1': 5.915552211573798, 'beta_2': 0.2061781257695186, 'beta_3': 0.0010096952151665655, 'beta_4': 5.910811345237481, 'beta_5': 35.4000961923789, 'beta_6': 0.04119680325081231, 'beta_7': 0.01609653864620149, 'beta_8': 3.999688490846919e-05, 'beta_9': 5.246084464762713e-07}. Best is trial 691 with value: 6538.461030825155.
