[I 2026-04-01 00:19:51,640] Trial 1069 finished with value: 6662.7194726039 and parameters: {'alpha_0': 0.0007682631717335599, 'alpha_1': 5.607112515532003e-05, 'alpha_2': 8.844662522793533e-05, 'beta_0': 0.10252842196306997, 'beta_1': 5.646385397636342, 'beta_2': 0.20863767612258646, 'beta_3': 0.0008893520205899424, 'beta_4': 6.7761010139298214, 'beta_5': 35.07053162029588, 'beta_6': 0.044418486579348535, 'beta_7': 0.015937077707014677, 'beta_8': 3.950294033308288e-05, 'beta_9': 5.597662329655875e-07}. Best is trial 691 with value: 6538.461030825155.
[I 2026-04-01 00:20:00,895] Trial 1070 finished with value: 6745.8712550314085 and parameters: {'alpha_0': 0.0006381430612689944, 'alpha_1': 5.0027754816465314e-05, 'alpha_2': 8.701428687206959e-05, 'beta_0': 0.10804874035496512, 'beta_1': 6.1625109048091815, 'beta_2': 0.21508644228777848, 'beta_3': 0.000920484536292635, 'beta_4': 6.665651516378571, 'beta_5': 36.75591069177776, 'beta_6': 0.04300935521428056, 'beta_7': 0.015573156289680626, 'beta_8': 3.845464260738298e-05, 'beta_9': 6.510498211391871e-07}. Best is trial 691 with value: 6538.461030825155.
[I 2026-04-01 00:20:10,329] Trial 1071 finished with value: 7498.184568584006 and parameters: {'alpha_0': 0.0006951730983582745, 'alpha_1': 5.2793849136776864e-05, 'alpha_2': 9.007070411081387e-05, 'beta_0': 0.09387551883695186, 'beta_1': 6.934758176903023, 'beta_2': 0.20973890203468024, 'beta_3': 0.0009478175074788485, 'beta_4': 7.264655862020447, 'beta_5': 35.59324796851227, 'beta_6': 0.04002273773556639, 'beta_7': 0.015005794990920075, 'beta_8': 3.7595820438883635e-05, 'beta_9': 5.870302204837259e-07}. Best is trial 691 with value: 6538.461030825155.
[I 2026-04-01 00:20:19,630] Trial 1072 finished with value: 7028.3053500871665 and parameters: {'alpha_0': 0.0005764772253554657, 'alpha_1': 5.4898555386235864e-05, 'alpha_2': 9.475711401367169e-05, 'beta_0': 0.09183171746595391, 'beta_1': 9.348576330702027, 'beta_2': 0.20684340506704527, 'beta_3': 0.0008491273646576306, 'beta_4': 6.6338480492775265, 'beta_5': 34.75431895222573, 'beta_6': 0.04170918312474845, 'beta_7': 0.017032703784548617, 'beta_8': 3.996016289263873e-05, 'beta_9': 6.48959014544716e-07}. Best is trial 691 with value: 6538.461030825155.
[I 2026-04-01 00:20:28,850] Trial 1073 finished with value: 6898.228237592849 and parameters: {'alpha_0': 0.0006220641641836214, 'alpha_1': 0.00014194252118726077, 'alpha_2': 0.000112726152423465, 'beta_0': 0.17208241734020316, 'beta_1': 5.910414795777644, 'beta_2': 0.21182760663590677, 'beta_3': 0.0008756234593883315, 'beta_4': 6.819330588729237, 'beta_5': 36.05161692478367, 'beta_6': 0.043776051152194344, 'beta_7': 0.016062674427914123, 'beta_8': 3.88984425373234e-05, 'beta_9': 1.5706753499578502e-06}. Best is trial 691 with value: 6538.461030825155.
[I 2026-04-01 00:20:38,094] Trial 1074 finished with value: 7139.3833924773 and parameters: {'alpha_0': 0.0006526182371377592, 'alpha_1': 5.183786954112712e-05, 'alpha_2': 0.00011034139987192101, 'beta_0': 0.09902021557583662, 'beta_1': 9.980128626128357, 'beta_2': 0.20718782237425698, 'beta_3': 0.0009315218087150873, 'beta_4': 6.3392053843149565, 'beta_5': 34.75602064739141, 'beta_6': 0.0666248011038273, 'beta_7': 0.016504353517723596, 'beta_8': 3.8227126581440654e-05, 'beta_9': 5.321330641083051e-07}. Best is trial 691 with value: 6538.461030825155.
[I 2026-04-01 00:20:47,379] Trial 1075 finished with value: 6588.512572104171 and parameters: {'alpha_0': 0.0006041632644414302, 'alpha_1': 5.0047691317195645e-05, 'alpha_2': 0.00010776898928806437, 'beta_0': 0.09148483741825675, 'beta_1': 6.55232258030453, 'beta_2': 0.20960949975181, 'beta_3': 0.0009568612716378523, 'beta_4': 6.604112910371622, 'beta_5': 36.4660495850591, 'beta_6': 0.04625910947902071, 'beta_7': 0.015722011121454476, 'beta_8': 3.9996555665198426e-05, 'beta_9': 6.181697903902805e-07}. Best is trial 691 with value: 6538.461030825155.
[I 2026-04-01 00:20:56,804] Trial 1076 finished with value: 7080.744872565594 and parameters: {'alpha_0': 0.0007291114721184345, 'alpha_1': 5.323538031172339e-05, 'alpha_2': 0.00011132056212445821, 'beta_0': 0.09823108122484296, 'beta_1': 6.308821783683359, 'beta_2': 0.23411720910305167, 'beta_3': 0.0009008155802488043, 'beta_4': 6.895475399885767, 'beta_5': 35.43261448970058, 'beta_6': 0.041127257033423605, 'beta_7': 0.01541145145812414, 'beta_8': 3.937412932795961e-05, 'beta_9': 6.461816340060537e-07}. Best is trial 691 with value: 6538.461030825155.
[I 2026-04-01 00:21:06,021] Trial 1077 finished with value: 6830.531311832361 and parameters: {'alpha_0': 0.0006767994224056895, 'alpha_1': 5.6798354914668686e-05, 'alpha_2': 4.5609335220728376e-05, 'beta_0': 0.22730048355977342, 'beta_1': 5.418439910564306, 'beta_2': 0.21340506812621804, 'beta_3': 0.0009244358902116261, 'beta_4': 6.726991236542581, 'beta_5': 34.78934719558663, 'beta_6': 0.042943740029237405, 'beta_7': 0.016237685167024438, 'beta_8': 3.85206689057158e-05, 'beta_9': 5.846969303673533e-07}. Best is trial 691 with value: 6538.461030825155.
[I 2026-04-01 00:21:15,320] Trial 1078 finished with value: 6600.3209450128015 and parameters: {'alpha_0': 0.0005922993366932937, 'alpha_1': 5.529329198742961e-05, 'alpha_2': 0.00010141382390916606, 'beta_0': 0.10320402077171562, 'beta_1': 5.763123338432891, 'beta_2': 0.20695792000015925, 'beta_3': 0.0009557438256941095, 'beta_4': 6.522211082727047, 'beta_5': 35.491381094050176, 'beta_6': 0.041961982376171804, 'beta_7': 0.015799742266076784, 'beta_8': 3.706320566280882e-05, 'beta_9': 5.607165759464956e-07}. Best is trial 691 with value: 6538.461030825155.
[I 2026-04-01 00:21:24,618] Trial 1079 finished with value: 7238.062899902323 and parameters: {'alpha_0': 0.0005650386441718631, 'alpha_1': 5.172646494730309e-05, 'alpha_2': 0.00010199749487389088, 'beta_0': 0.08942010697921587, 'beta_1': 5.990686853706558, 'beta_2': 0.2088875361040049, 'beta_3': 0.0009144884027416759, 'beta_4': 6.381044306423514, 'beta_5': 34.532828941342224, 'beta_6': 0.044774784061761566, 'beta_7': 0.015326303813498122, 'beta_8': 3.909316564544806e-05, 'beta_9': 1.371319039820079e-06}. Best is trial 691 with value: 6538.461030825155.
[I 2026-04-01 00:21:33,925] Trial 1080 finished with value: 6851.693574077073 and parameters: {'alpha_0': 0.0006612822023379383, 'alpha_1': 5.336426498493219e-05, 'alpha_2': 0.00010227696696349244, 'beta_0': 0.09452972828847127, 'beta_1': 6.334338127956178, 'beta_2': 0.20615136783522706, 'beta_3': 0.0008732722315222689, 'beta_4': 6.720204762772974, 'beta_5': 36.09725992875933, 'beta_6': 0.086409672330672, 'beta_7': 0.016023606020523863, 'beta_8': 3.9986616900191994e-05, 'beta_9': 6.609876508400482e-07}. Best is trial 691 with value: 6538.461030825155.Best trial: 691. Best value: 6538.46:  54%|█████▍    | 1080/2000 [2:42:49<2:22:31,  9.29s/it]Best trial: 691. Best value: 6538.46:  54%|█████▍    | 1080/2000 [2:42:49<2:22:31,  9.29s/it]Best trial: 691. Best value: 6538.46:  54%|█████▍    | 1081/2000 [2:42:49<2:22:25,  9.30s/it]                                                                                             Best trial: 691. Best value: 6538.46:  54%|█████▍    | 1081/2000 [2:42:58<2:22:25,  9.30s/it]Best trial: 691. Best value: 6538.46:  54%|█████▍    | 1081/2000 [2:42:58<2:22:25,  9.30s/it]Best trial: 691. Best value: 6538.46:  54%|█████▍    | 1082/2000 [2:42:58<2:22:38,  9.32s/it]                                                                                             Best trial: 691. Best value: 6538.46:  54%|█████▍    | 1082/2000 [2:43:07<2:22:38,  9.32s/it]Best trial: 691. Best value: 6538.46:  54%|█████▍    | 1082/2000 [2:43:07<2:22:38,  9.32s/it]Best trial: 691. Best value: 6538.46:  54%|█████▍    | 1083/2000 [2:43:07<2:22:08,  9.30s/it]                                                                                             Best trial: 691. Best value: 6538.46:  54%|█████▍    | 1083/2000 [2:43:17<2:22:08,  9.30s/it]Best trial: 691. Best value: 6538.46:  54%|█████▍    | 1083/2000 [2:43:17<2:22:08,  9.30s/it]Best trial: 691. Best value: 6538.46:  54%|█████▍    | 1084/2000 [2:43:17<2:21:39,  9.28s/it]                                                                                             Best trial: 691. Best value: 6538.46:  54%|█████▍    | 1084/2000 [2:43:26<2:21:39,  9.28s/it]Best trial: 691. Best value: 6538.46:  54%|█████▍    | 1084/2000 [2:43:26<2:21:39,  9.28s/it]Best trial: 691. Best value: 6538.46:  54%|█████▍    | 1085/2000 [2:43:26<2:21:16,  9.26s/it]                                                                                             Best trial: 691. Best value: 6538.46:  54%|█████▍    | 1085/2000 [2:43:35<2:21:16,  9.26s/it]Best trial: 691. Best value: 6538.46:  54%|█████▍    | 1085/2000 [2:43:35<2:21:16,  9.26s/it]Best trial: 691. Best value: 6538.46:  54%|█████▍    | 1086/2000 [2:43:35<2:21:15,  9.27s/it]                                                                                             Best trial: 691. Best value: 6538.46:  54%|█████▍    | 1086/2000 [2:43:45<2:21:15,  9.27s/it]Best trial: 691. Best value: 6538.46:  54%|█████▍    | 1086/2000 [2:43:45<2:21:15,  9.27s/it]Best trial: 691. Best value: 6538.46:  54%|█████▍    | 1087/2000 [2:43:45<2:22:06,  9.34s/it]                                                                                             Best trial: 691. Best value: 6538.46:  54%|█████▍    | 1087/2000 [2:43:54<2:22:06,  9.34s/it]Best trial: 691. Best value: 6538.46:  54%|█████▍    | 1087/2000 [2:43:54<2:22:06,  9.34s/it]Best trial: 691. Best value: 6538.46:  54%|█████▍    | 1088/2000 [2:43:54<2:21:24,  9.30s/it]                                                                                             Best trial: 691. Best value: 6538.46:  54%|█████▍    | 1088/2000 [2:44:03<2:21:24,  9.30s/it]Best trial: 691. Best value: 6538.46:  54%|█████▍    | 1088/2000 [2:44:03<2:21:24,  9.30s/it]Best trial: 691. Best value: 6538.46:  54%|█████▍    | 1089/2000 [2:44:03<2:21:08,  9.30s/it]                                                                                             Best trial: 691. Best value: 6538.46:  54%|█████▍    | 1089/2000 [2:44:12<2:21:08,  9.30s/it]Best trial: 691. Best value: 6538.46:  54%|█████▍    | 1089/2000 [2:44:12<2:21:08,  9.30s/it]Best trial: 691. Best value: 6538.46:  55%|█████▍    | 1090/2000 [2:44:12<2:20:51,  9.29s/it]                                                                                             Best trial: 691. Best value: 6538.46:  55%|█████▍    | 1090/2000 [2:44:22<2:20:51,  9.29s/it]Best trial: 691. Best value: 6538.46:  55%|█████▍    | 1090/2000 [2:44:22<2:20:51,  9.29s/it]Best trial: 691. Best value: 6538.46:  55%|█████▍    | 1091/2000 [2:44:22<2:20:25,  9.27s/it]                                                                                             Best trial: 691. Best value: 6538.46:  55%|█████▍    | 1091/2000 [2:44:31<2:20:25,  9.27s/it]Best trial: 691. Best value: 6538.46:  55%|█████▍    | 1091/2000 [2:44:31<2:20:25,  9.27s/it]Best trial: 691. Best value: 6538.46:  55%|█████▍    | 1092/2000 [2:44:31<2:20:16,  9.27s/it]                                                                                             Best trial: 691. Best value: 6538.46:  55%|█████▍    | 1092/2000 [2:44:40<2:20:16,  9.27s/it]Best trial: 691. Best value: 6538.46:  55%|█████▍    | 1092/2000 [2:44:40<2:20:16,  9.27s/it]Best trial: 691. Best value: 6538.46:  55%|█████▍    | 1093/2000 [2:44:40<2:20:19,  9.28s/it]                                                                                             Best trial: 691. Best value: 6538.46:  55%|█████▍    | 1093/2000 [2:44:42<2:20:19,  9.28s/it]Best trial: 691. Best value: 6538.46:  55%|█████▍    | 1093/2000 [2:44:42<2:20:19,  9.28s/it]Best trial: 691. Best value: 6538.46:  55%|█████▍    | 1094/2000 [2:44:42<1:44:30,  6.92s/it]                                                                                             Best trial: 691. Best value: 6538.46:  55%|█████▍    | 1094/2000 [2:44:51<1:44:30,  6.92s/it]Best trial: 691. Best value: 6538.46:  55%|█████▍    | 1094/2000 [2:44:51<1:44:30,  6.92s/it]Best trial: 691. Best value: 6538.46:  55%|█████▍    | 1095/2000 [2:44:51<1:54:52,  7.62s/it]                                                                                             
[I 2026-04-01 00:21:43,306] Trial 1081 finished with value: 6989.2238209279185 and parameters: {'alpha_0': 0.0006218274923992822, 'alpha_1': 5.003291897130676e-05, 'alpha_2': 4.858930233161974e-05, 'beta_0': 0.09146513886867974, 'beta_1': 6.103194899957054, 'beta_2': 0.21145575240018022, 'beta_3': 0.000837968839413326, 'beta_4': 7.102950459080043, 'beta_5': 35.127187851688944, 'beta_6': 0.04108627988701868, 'beta_7': 0.015557187332752215, 'beta_8': 3.783203865344147e-05, 'beta_9': 1.4572859176117417e-06}. Best is trial 691 with value: 6538.461030825155.
[I 2026-04-01 00:21:52,554] Trial 1082 finished with value: 6991.019020957198 and parameters: {'alpha_0': 0.0005339487923990534, 'alpha_1': 5.8058887312986696e-05, 'alpha_2': 0.00011529117818026966, 'beta_0': 0.0962369152467222, 'beta_1': 6.581238836591704, 'beta_2': 0.20789969021429608, 'beta_3': 0.0009458283173292107, 'beta_4': 6.594537473143627, 'beta_5': 34.284651284203356, 'beta_6': 0.04004176330340966, 'beta_7': 0.016430954458843638, 'beta_8': 3.885424353848153e-05, 'beta_9': 5.231534906547098e-07}. Best is trial 691 with value: 6538.461030825155.
[I 2026-04-01 00:22:01,783] Trial 1083 finished with value: 6596.552402491308 and parameters: {'alpha_0': 0.0007145867307937172, 'alpha_1': 5.51700385164865e-05, 'alpha_2': 9.599192642086984e-05, 'beta_0': 0.08977794365158433, 'beta_1': 6.757680736285034, 'beta_2': 0.19740528748183242, 'beta_3': 0.0009026567803466267, 'beta_4': 6.943354393108075, 'beta_5': 37.01209502499527, 'beta_6': 0.06001194309542508, 'beta_7': 0.01582495076986256, 'beta_8': 3.9428391008803205e-05, 'beta_9': 1.2941533760238149e-06}. Best is trial 691 with value: 6538.461030825155.
[I 2026-04-01 00:22:11,012] Trial 1084 finished with value: 6756.99609612566 and parameters: {'alpha_0': 0.000586515559443648, 'alpha_1': 5.3267536078321724e-05, 'alpha_2': 4.671619233969529e-05, 'beta_0': 0.11081053079670278, 'beta_1': 5.590564753007244, 'beta_2': 0.19493720482125482, 'beta_3': 0.0009636831685941217, 'beta_4': 6.449855606165398, 'beta_5': 35.62925610545716, 'beta_6': 0.04312368206363442, 'beta_7': 0.016129548586864315, 'beta_8': 3.830927760228036e-05, 'beta_9': 6.038887017012355e-07}. Best is trial 691 with value: 6538.461030825155.
[I 2026-04-01 00:22:20,306] Trial 1085 finished with value: 7288.165008499462 and parameters: {'alpha_0': 0.0007598061650256065, 'alpha_1': 5.0017820650547774e-05, 'alpha_2': 4.483234753253851e-05, 'beta_0': 0.10013754826438045, 'beta_1': 5.795832301642417, 'beta_2': 0.24079490841279527, 'beta_3': 0.0009337004437296113, 'beta_4': 6.8047198708133685, 'beta_5': 34.569025291173716, 'beta_6': 0.04222206788657939, 'beta_7': 0.015238254086826669, 'beta_8': 3.896043976633625e-05, 'beta_9': 6.224854494891128e-07}. Best is trial 691 with value: 6538.461030825155.
[I 2026-04-01 00:22:29,798] Trial 1086 finished with value: 6761.071247215661 and parameters: {'alpha_0': 0.0006497898625817703, 'alpha_1': 5.9795809457782574e-05, 'alpha_2': 0.00011666113747343613, 'beta_0': 0.0871703744208729, 'beta_1': 6.325929564530759, 'beta_2': 0.20601378013208435, 'beta_3': 0.0009626370357327256, 'beta_4': 6.286713610548162, 'beta_5': 33.69995844719996, 'beta_6': 0.043648478177639775, 'beta_7': 0.015532007094282518, 'beta_8': 3.944969035696092e-05, 'beta_9': 6.304224818073326e-07}. Best is trial 691 with value: 6538.461030825155.
[I 2026-04-01 00:22:39,019] Trial 1087 finished with value: 6620.041386365941 and parameters: {'alpha_0': 0.0005335602510647783, 'alpha_1': 5.224136086702723e-05, 'alpha_2': 4.444661570350489e-05, 'beta_0': 0.10505276875916729, 'beta_1': 5.1920509082814, 'beta_2': 0.20932237985131832, 'beta_3': 0.0008925419832091682, 'beta_4': 6.654615122074521, 'beta_5': 36.481209472240664, 'beta_6': 0.04120477433766786, 'beta_7': 0.01571763147024177, 'beta_8': 3.7478585592263654e-05, 'beta_9': 5.642184229974094e-07}. Best is trial 691 with value: 6538.461030825155.
[I 2026-04-01 00:22:48,296] Trial 1088 finished with value: 7173.684085499395 and parameters: {'alpha_0': 0.0006888465866248869, 'alpha_1': 5.713250164222169e-05, 'alpha_2': 0.00011856573440515763, 'beta_0': 0.09312193320167365, 'beta_1': 6.1626538934669455, 'beta_2': 0.24576021355976596, 'beta_3': 0.0009204855571682087, 'beta_4': 6.47276637151376, 'beta_5': 35.014873910473504, 'beta_6': 0.045005301310363205, 'beta_7': 0.016687693779984823, 'beta_8': 2.9002761181792982e-05, 'beta_9': 6.767159079467782e-07}. Best is trial 691 with value: 6538.461030825155.
[I 2026-04-01 00:22:57,563] Trial 1089 finished with value: 6739.740505166103 and parameters: {'alpha_0': 0.0005807890677975143, 'alpha_1': 5.478396950176888e-05, 'alpha_2': 4.608491145052481e-05, 'beta_0': 0.20266732423638384, 'beta_1': 5.933675423628353, 'beta_2': 0.21204295809313878, 'beta_3': 0.0009476645256627904, 'beta_4': 6.595802023397614, 'beta_5': 33.17658699420973, 'beta_6': 0.040013752259030755, 'beta_7': 0.015973394658206946, 'beta_8': 3.998393417950593e-05, 'beta_9': 1.2552923593888074e-06}. Best is trial 691 with value: 6538.461030825155.
[I 2026-04-01 00:23:06,790] Trial 1090 finished with value: 6788.300287885526 and parameters: {'alpha_0': 0.0006261133274072608, 'alpha_1': 5.178769621412031e-05, 'alpha_2': 4.822519937221141e-05, 'beta_0': 0.1562888397422895, 'beta_1': 6.504756771405202, 'beta_2': 0.207416775302362, 'beta_3': 0.000862490965302429, 'beta_4': 6.75108342519452, 'beta_5': 35.88096125414436, 'beta_6': 0.04202818762498679, 'beta_7': 0.01630122470658475, 'beta_8': 3.809611067018213e-05, 'beta_9': 6.621567147913692e-07}. Best is trial 691 with value: 6538.461030825155.
[I 2026-04-01 00:23:16,061] Trial 1091 finished with value: 7282.380899972208 and parameters: {'alpha_0': 0.000548288304491861, 'alpha_1': 5.361013332745169e-05, 'alpha_2': 8.578470087894412e-05, 'beta_0': 0.09603509897064001, 'beta_1': 6.74655327635842, 'beta_2': 0.21013581866680395, 'beta_3': 0.0009740612950242167, 'beta_4': 6.394500975014266, 'beta_5': 34.04772890111297, 'beta_6': 0.0433507612065737, 'beta_7': 0.015220358581117298, 'beta_8': 3.8844662409336106e-05, 'beta_9': 6.559338818106314e-07}. Best is trial 691 with value: 6538.461030825155.
[I 2026-04-01 00:23:25,373] Trial 1092 finished with value: 6915.532682179539 and parameters: {'alpha_0': 0.0006861573938596584, 'alpha_1': 5.602903676679054e-05, 'alpha_2': 4.405470212411878e-05, 'beta_0': 0.08421820902531943, 'beta_1': 5.605322744052199, 'beta_2': 0.2047612560955037, 'beta_3': 0.0009224979724444886, 'beta_4': 6.531234671791671, 'beta_5': 34.48020517572735, 'beta_6': 0.041994485277518895, 'beta_7': 0.015516231697450648, 'beta_8': 3.998833409931625e-05, 'beta_9': 6.149541751840767e-07}. Best is trial 691 with value: 6538.461030825155.
[I 2026-04-01 00:23:26,784] Trial 1093 finished with value: inf and parameters: {'alpha_0': 0.0006258246981744622, 'alpha_1': 5.175353475279736e-05, 'alpha_2': 4.697411926700654e-05, 'beta_0': 0.08823838533973793, 'beta_1': 6.092060586307912, 'beta_2': 0.2143160685157563, 'beta_3': 0.0008844015657289222, 'beta_4': 6.868518054546862, 'beta_5': 46.82903651466046, 'beta_6': 0.04103667262280212, 'beta_7': 0.028848055076947425, 'beta_8': 3.853927405153167e-05, 'beta_9': 5.272918669664821e-07}. Best is trial 691 with value: 6538.461030825155.
[I 2026-04-01 00:23:36,022] Trial 1094 finished with value: 6653.445610203171 and parameters: {'alpha_0': 0.0005834410906791461, 'alpha_1': 5.8127153794833484e-05, 'alpha_2': 4.4206917685664265e-05, 'beta_0': 0.189326167206037, 'beta_1': 6.962338258515076, 'beta_2': 0.20298737014771195, 'beta_3': 0.0009406374754183556, 'beta_4': 6.271698739669319, 'beta_5': 33.43207784037216, 'beta_6': 0.044333774224378994, 'beta_7': 0.015923127795669983, 'beta_8': 3.93636513111944e-05, 'beta_9': 5.845852237166768e-07}. Best is trial 691 with value: 6538.461030825155.
