[I 2026-03-31 22:58:27,490] Trial 529 finished with value: 7523.6556006261435 and parameters: {'alpha_0': 0.0007547339075589304, 'alpha_1': 5.862632665071529e-05, 'alpha_2': 4.3744544851017724e-05, 'beta_0': 0.2334523555963157, 'beta_1': 8.998958355646762, 'beta_2': 0.15396292968711395, 'beta_3': 0.0009336730812615004, 'beta_4': 5.676221998347113, 'beta_5': 38.90968125956232, 'beta_6': 0.04188289138680442, 'beta_7': 0.015025959177066594, 'beta_8': 2.6948533818468823e-05, 'beta_9': 1.0401883952242284e-06}. Best is trial 381 with value: 6572.730744725488.
[I 2026-03-31 22:58:36,723] Trial 530 finished with value: 6608.591438795311 and parameters: {'alpha_0': 0.0007923166967594709, 'alpha_1': 5.6219153186431555e-05, 'alpha_2': 5.161823533193401e-05, 'beta_0': 0.06970370217301072, 'beta_1': 8.52088008709802, 'beta_2': 0.15630888081880498, 'beta_3': 0.0008786973357231628, 'beta_4': 5.8856246958581515, 'beta_5': 38.157940898981174, 'beta_6': 0.04650564623359247, 'beta_7': 0.015813926800970237, 'beta_8': 1.5589983510128586e-05, 'beta_9': 9.54507984811489e-07}. Best is trial 381 with value: 6572.730744725488.
[I 2026-03-31 22:58:46,081] Trial 531 finished with value: 7052.389325815586 and parameters: {'alpha_0': 0.0007516237712117386, 'alpha_1': 5.490167702338668e-05, 'alpha_2': 5.173832023950611e-05, 'beta_0': 0.24926265556591182, 'beta_1': 8.503634262331081, 'beta_2': 0.15813112401557444, 'beta_3': 0.0008974976088216305, 'beta_4': 5.902040219197299, 'beta_5': 38.38764089195247, 'beta_6': 0.045889739129624796, 'beta_7': 0.0154876881548455, 'beta_8': 2.5516140180170275e-05, 'beta_9': 9.771454980676345e-07}. Best is trial 381 with value: 6572.730744725488.
[I 2026-03-31 22:58:55,231] Trial 532 finished with value: 6641.471294401492 and parameters: {'alpha_0': 0.000785435230568947, 'alpha_1': 5.286419188540488e-05, 'alpha_2': 5.182080244911398e-05, 'beta_0': 0.22332567316323876, 'beta_1': 8.359734070394293, 'beta_2': 0.15625501442473516, 'beta_3': 0.0008729118829697406, 'beta_4': 5.970134165997235, 'beta_5': 38.4484465253877, 'beta_6': 0.046331863463555785, 'beta_7': 0.015791501597768157, 'beta_8': 2.6611244057233092e-05, 'beta_9': 1.260276790973893e-06}. Best is trial 381 with value: 6572.730744725488.
[I 2026-03-31 22:59:04,607] Trial 533 finished with value: 7378.168909037152 and parameters: {'alpha_0': 0.0007840592871156632, 'alpha_1': 5.669345197843474e-05, 'alpha_2': 4.99289587258292e-05, 'beta_0': 0.18078160604483523, 'beta_1': 9.132817594390694, 'beta_2': 0.15486483411728003, 'beta_3': 0.0008602752049815619, 'beta_4': 5.76679045290242, 'beta_5': 41.16835320483858, 'beta_6': 0.04452975524046605, 'beta_7': 0.015329163425458099, 'beta_8': 2.581975451744242e-05, 'beta_9': 1.0114913970556069e-06}. Best is trial 381 with value: 6572.730744725488.
[I 2026-03-31 22:59:13,746] Trial 534 finished with value: inf and parameters: {'alpha_0': 0.0007223491206683503, 'alpha_1': 5.7412399627136326e-05, 'alpha_2': 5.4423074595180893e-05, 'beta_0': 0.07104864874132114, 'beta_1': 8.471655159371073, 'beta_2': 0.15861466476428093, 'beta_3': 0.0008765377323875611, 'beta_4': 5.864232556994772, 'beta_5': 39.475450723447445, 'beta_6': 0.04696035752792859, 'beta_7': 0.02297327916912324, 'beta_8': 2.6268542025773785e-05, 'beta_9': 9.535691330536982e-07}. Best is trial 381 with value: 6572.730744725488.
[I 2026-03-31 22:59:23,071] Trial 535 finished with value: inf and parameters: {'alpha_0': 0.0008356699833448758, 'alpha_1': 5.223953656459266e-05, 'alpha_2': 5.284795520231191e-05, 'beta_0': 0.19850237100624338, 'beta_1': 8.167813241507977, 'beta_2': 0.15392645293168455, 'beta_3': 0.0009453247085385487, 'beta_4': 6.096104655644052, 'beta_5': 37.86136660389549, 'beta_6': 0.04352529760755307, 'beta_7': 0.018378058524739883, 'beta_8': 2.8720305351379306e-05, 'beta_9': 9.738376067410496e-07}. Best is trial 381 with value: 6572.730744725488.
[I 2026-03-31 22:59:32,293] Trial 536 finished with value: 6632.8550896152265 and parameters: {'alpha_0': 0.0006288461937439232, 'alpha_1': 5.4917182276849325e-05, 'alpha_2': 4.805375919589159e-05, 'beta_0': 0.07327300549150814, 'beta_1': 8.388910470174249, 'beta_2': 0.15151202823290993, 'beta_3': 0.0009065644980569707, 'beta_4': 5.9275806609086805, 'beta_5': 38.960326452694105, 'beta_6': 0.045069043984901344, 'beta_7': 0.01587984670572401, 'beta_8': 1.5485465973018118e-05, 'beta_9': 9.299412948715647e-07}. Best is trial 381 with value: 6572.730744725488.
[I 2026-03-31 22:59:41,553] Trial 537 finished with value: 6819.56201949549 and parameters: {'alpha_0': 0.0009785191189044763, 'alpha_1': 5.4244829520078066e-05, 'alpha_2': 5.098944184747585e-05, 'beta_0': 0.0735763563029159, 'beta_1': 8.683957366529771, 'beta_2': 0.15183401935685614, 'beta_3': 0.0009088352586925124, 'beta_4': 6.235877186134666, 'beta_5': 38.22675668227243, 'beta_6': 0.04577247099933051, 'beta_7': 0.016311925365600468, 'beta_8': 1.4954899998016576e-05, 'beta_9': 1.0776044793131916e-06}. Best is trial 381 with value: 6572.730744725488.
[I 2026-03-31 22:59:50,818] Trial 538 finished with value: 6701.552987187313 and parameters: {'alpha_0': 0.0005999133048039959, 'alpha_1': 5.5286842659775446e-05, 'alpha_2': 0.00010912348617806537, 'beta_0': 0.07234669400539344, 'beta_1': 8.424419988679945, 'beta_2': 0.15752354825798442, 'beta_3': 0.0008646465634573809, 'beta_4': 6.059277310015918, 'beta_5': 38.72669685703732, 'beta_6': 0.04696730744340808, 'beta_7': 0.01602542306865333, 'beta_8': 1.545055175456579e-05, 'beta_9': 9.256427691994353e-07}. Best is trial 381 with value: 6572.730744725488.
[I 2026-03-31 22:59:59,939] Trial 539 finished with value: inf and parameters: {'alpha_0': 0.0006810062166097789, 'alpha_1': 5.291786010515429e-05, 'alpha_2': 4.893966881835548e-05, 'beta_0': 0.21241910593647018, 'beta_1': 8.09957387424154, 'beta_2': 0.1556669478424831, 'beta_3': 0.000884375795483919, 'beta_4': 5.94672833404268, 'beta_5': 37.90165813252088, 'beta_6': 0.04459404756301272, 'beta_7': 0.022278511110214238, 'beta_8': 1.57383779379714e-05, 'beta_9': 9.44487880831023e-07}. Best is trial 381 with value: 6572.730744725488.
[I 2026-03-31 23:00:09,269] Trial 540 finished with value: 6638.261396694315 and parameters: {'alpha_0': 0.0005707137021432344, 'alpha_1': 5.0773940117518755e-05, 'alpha_2': 4.815082652947256e-05, 'beta_0': 0.19636903742480302, 'beta_1': 8.682874224109794, 'beta_2': 0.15039506107303258, 'beta_3': 0.0008946160619688948, 'beta_4': 6.17376108983393, 'beta_5': 40.66059033268165, 'beta_6': 0.04508283221154875, 'beta_7': 0.015888825617113463, 'beta_8': 2.5200778155272717e-05, 'beta_9': 1.3155100056342213e-06}. Best is trial 381 with value: 6572.730744725488.Best trial: 381. Best value: 6572.73:  27%|██▋       | 540/2000 [1:21:24<3:44:17,  9.22s/it]Best trial: 381. Best value: 6572.73:  27%|██▋       | 540/2000 [1:21:24<3:44:17,  9.22s/it]Best trial: 381. Best value: 6572.73:  27%|██▋       | 541/2000 [1:21:24<3:44:57,  9.25s/it]                                                                                            Best trial: 381. Best value: 6572.73:  27%|██▋       | 541/2000 [1:21:33<3:44:57,  9.25s/it]Best trial: 381. Best value: 6572.73:  27%|██▋       | 541/2000 [1:21:33<3:44:57,  9.25s/it]Best trial: 381. Best value: 6572.73:  27%|██▋       | 542/2000 [1:21:33<3:44:28,  9.24s/it]                                                                                            Best trial: 381. Best value: 6572.73:  27%|██▋       | 542/2000 [1:21:43<3:44:28,  9.24s/it]Best trial: 381. Best value: 6572.73:  27%|██▋       | 542/2000 [1:21:43<3:44:28,  9.24s/it]Best trial: 381. Best value: 6572.73:  27%|██▋       | 543/2000 [1:21:43<3:44:27,  9.24s/it]                                                                                            Best trial: 381. Best value: 6572.73:  27%|██▋       | 543/2000 [1:21:52<3:44:27,  9.24s/it]Best trial: 381. Best value: 6572.73:  27%|██▋       | 543/2000 [1:21:52<3:44:27,  9.24s/it]Best trial: 381. Best value: 6572.73:  27%|██▋       | 544/2000 [1:21:52<3:44:47,  9.26s/it]                                                                                            Best trial: 381. Best value: 6572.73:  27%|██▋       | 544/2000 [1:22:01<3:44:47,  9.26s/it]Best trial: 381. Best value: 6572.73:  27%|██▋       | 544/2000 [1:22:01<3:44:47,  9.26s/it]Best trial: 381. Best value: 6572.73:  27%|██▋       | 545/2000 [1:22:01<3:44:47,  9.27s/it]                                                                                            Best trial: 381. Best value: 6572.73:  27%|██▋       | 545/2000 [1:22:11<3:44:47,  9.27s/it]Best trial: 381. Best value: 6572.73:  27%|██▋       | 545/2000 [1:22:11<3:44:47,  9.27s/it]Best trial: 381. Best value: 6572.73:  27%|██▋       | 546/2000 [1:22:11<3:44:49,  9.28s/it]                                                                                            Best trial: 381. Best value: 6572.73:  27%|██▋       | 546/2000 [1:22:12<3:44:49,  9.28s/it]Best trial: 381. Best value: 6572.73:  27%|██▋       | 546/2000 [1:22:12<3:44:49,  9.28s/it]Best trial: 381. Best value: 6572.73:  27%|██▋       | 547/2000 [1:22:12<2:49:53,  7.02s/it]                                                                                            Best trial: 381. Best value: 6572.73:  27%|██▋       | 547/2000 [1:22:22<2:49:53,  7.02s/it]Best trial: 381. Best value: 6572.73:  27%|██▋       | 547/2000 [1:22:22<2:49:53,  7.02s/it]Best trial: 381. Best value: 6572.73:  27%|██▋       | 548/2000 [1:22:22<3:06:12,  7.69s/it]                                                                                            Best trial: 381. Best value: 6572.73:  27%|██▋       | 548/2000 [1:22:31<3:06:12,  7.69s/it]Best trial: 381. Best value: 6572.73:  27%|██▋       | 548/2000 [1:22:31<3:06:12,  7.69s/it]Best trial: 381. Best value: 6572.73:  27%|██▋       | 549/2000 [1:22:31<3:17:09,  8.15s/it]                                                                                            Best trial: 381. Best value: 6572.73:  27%|██▋       | 549/2000 [1:22:40<3:17:09,  8.15s/it]Best trial: 381. Best value: 6572.73:  27%|██▋       | 549/2000 [1:22:40<3:17:09,  8.15s/it]Best trial: 381. Best value: 6572.73:  28%|██▊       | 550/2000 [1:22:40<3:25:38,  8.51s/it]                                                                                            Best trial: 381. Best value: 6572.73:  28%|██▊       | 550/2000 [1:22:50<3:25:38,  8.51s/it]Best trial: 381. Best value: 6572.73:  28%|██▊       | 550/2000 [1:22:50<3:25:38,  8.51s/it]Best trial: 381. Best value: 6572.73:  28%|██▊       | 551/2000 [1:22:50<3:31:43,  8.77s/it]                                                                                            Best trial: 381. Best value: 6572.73:  28%|██▊       | 551/2000 [1:22:59<3:31:43,  8.77s/it]Best trial: 381. Best value: 6572.73:  28%|██▊       | 551/2000 [1:22:59<3:31:43,  8.77s/it]Best trial: 381. Best value: 6572.73:  28%|██▊       | 552/2000 [1:22:59<3:35:39,  8.94s/it]                                                                                            Best trial: 381. Best value: 6572.73:  28%|██▊       | 552/2000 [1:23:08<3:35:39,  8.94s/it]Best trial: 381. Best value: 6572.73:  28%|██▊       | 552/2000 [1:23:08<3:35:39,  8.94s/it]Best trial: 381. Best value: 6572.73:  28%|██▊       | 553/2000 [1:23:08<3:37:15,  9.01s/it]                                                                                            Best trial: 381. Best value: 6572.73:  28%|██▊       | 553/2000 [1:23:17<3:37:15,  9.01s/it]Best trial: 381. Best value: 6572.73:  28%|██▊       | 553/2000 [1:23:17<3:37:15,  9.01s/it]Best trial: 381. Best value: 6572.73:  28%|██▊       | 554/2000 [1:23:17<3:39:14,  9.10s/it]                                                                                            Best trial: 381. Best value: 6572.73:  28%|██▊       | 554/2000 [1:23:27<3:39:14,  9.10s/it]Best trial: 381. Best value: 6572.73:  28%|██▊       | 554/2000 [1:23:27<3:39:14,  9.10s/it]Best trial: 381. Best value: 6572.73:  28%|██▊       | 555/2000 [1:23:27<3:40:44,  9.17s/it]                                                                                            
[I 2026-03-31 23:00:18,476] Trial 541 finished with value: 6921.703127671061 and parameters: {'alpha_0': 0.0005184688123758216, 'alpha_1': 5.6581311364362616e-05, 'alpha_2': 5.0128403600197525e-05, 'beta_0': 0.2379784491868306, 'beta_1': 8.313316865519148, 'beta_2': 0.15303818385916243, 'beta_3': 0.0008571715930182521, 'beta_4': 5.901664775330582, 'beta_5': 39.84315151390909, 'beta_6': 0.07884871978025226, 'beta_7': 0.016393394292024403, 'beta_8': 1.429216019148224e-05, 'beta_9': 9.312333518677249e-07}. Best is trial 381 with value: 6572.730744725488.
[I 2026-03-31 23:00:27,731] Trial 542 finished with value: 6756.011334102337 and parameters: {'alpha_0': 0.0006247630243321228, 'alpha_1': 5.508481736591662e-05, 'alpha_2': 5.204464510861685e-05, 'beta_0': 0.06725672895464128, 'beta_1': 5.8511030982593795, 'beta_2': 0.1552706573451165, 'beta_3': 0.0008773832348845882, 'beta_4': 5.669285930210731, 'beta_5': 38.84345926940335, 'beta_6': 0.04653461926697409, 'beta_7': 0.016183021528442778, 'beta_8': 1.6068219947925042e-05, 'beta_9': 1.1593122134311641e-06}. Best is trial 381 with value: 6572.730744725488.
[I 2026-03-31 23:00:37,043] Trial 543 finished with value: 7178.203157095457 and parameters: {'alpha_0': 0.0009109588789752762, 'alpha_1': 5.952717148671742e-05, 'alpha_2': 5.346883167175847e-05, 'beta_0': 0.07055732982547826, 'beta_1': 8.00352077829587, 'beta_2': 0.15689847672870263, 'beta_3': 0.0009167150315842545, 'beta_4': 6.022596004601545, 'beta_5': 37.78092126714895, 'beta_6': 0.0440133713648186, 'beta_7': 0.015379756848980224, 'beta_8': 1.4719065012278534e-05, 'beta_9': 9.236311177921386e-07}. Best is trial 381 with value: 6572.730744725488.
[I 2026-03-31 23:00:46,327] Trial 544 finished with value: 6649.103413782882 and parameters: {'alpha_0': 0.0009870200144774226, 'alpha_1': 5.084857660992699e-05, 'alpha_2': 4.527883806690388e-05, 'beta_0': 0.0659054432565883, 'beta_1': 8.759441234403031, 'beta_2': 0.15950694549461636, 'beta_3': 0.0008503012545638799, 'beta_4': 5.825673001590589, 'beta_5': 38.470390034893306, 'beta_6': 0.04160922930846256, 'beta_7': 0.015786775410706094, 'beta_8': 1.5261120508680693e-05, 'beta_9': 9.603260569282833e-07}. Best is trial 381 with value: 6572.730744725488.
[I 2026-03-31 23:00:55,623] Trial 545 finished with value: 7101.6732210918635 and parameters: {'alpha_0': 0.0009050652968331851, 'alpha_1': 5.991726055834774e-05, 'alpha_2': 4.253388588264927e-05, 'beta_0': 0.06536454491513166, 'beta_1': 8.230604812207188, 'beta_2': 0.1519620128523388, 'beta_3': 0.0008997576676957154, 'beta_4': 5.576177975767289, 'beta_5': 39.25634209323205, 'beta_6': 0.040056990151626407, 'beta_7': 0.01656394104382825, 'beta_8': 1.6458421269123478e-05, 'beta_9': 9.16281577652443e-07}. Best is trial 381 with value: 6572.730744725488.
[I 2026-03-31 23:00:57,361] Trial 546 finished with value: inf and parameters: {'alpha_0': 0.0009591321710205669, 'alpha_1': 5.759159919055179e-05, 'alpha_2': 4.820930964000172e-05, 'beta_0': 0.20606285823253126, 'beta_1': 7.841435524399444, 'beta_2': 0.17489869117164375, 'beta_3': 0.0008505601652659929, 'beta_4': 5.702701004980373, 'beta_5': 37.45528238762165, 'beta_6': 0.04505111778447317, 'beta_7': 0.025305904501926556, 'beta_8': 1.5631328915044184e-05, 'beta_9': 9.440209108090568e-07}. Best is trial 381 with value: 6572.730744725488.
[I 2026-03-31 23:01:06,638] Trial 547 finished with value: 6810.903978896349 and parameters: {'alpha_0': 0.0015055379360679503, 'alpha_1': 5.536465892210929e-05, 'alpha_2': 0.00011288175485236657, 'beta_0': 0.07265710623151106, 'beta_1': 9.193462383901966, 'beta_2': 0.15015198649416067, 'beta_3': 0.0008894307704674742, 'beta_4': 5.916245653317541, 'beta_5': 38.14423079416146, 'beta_6': 0.04278160152807331, 'beta_7': 0.015598150712758906, 'beta_8': 3.960265738907333e-05, 'beta_9': 9.905741678375484e-07}. Best is trial 381 with value: 6572.730744725488.
[I 2026-03-31 23:01:15,861] Trial 548 finished with value: 7228.618612835819 and parameters: {'alpha_0': 0.000525241213570659, 'alpha_1': 5.3254601943607e-05, 'alpha_2': 4.974276029115021e-05, 'beta_0': 0.07613501557949569, 'beta_1': 9.023669137889929, 'beta_2': 0.15381363650589636, 'beta_3': 0.0014479513594368432, 'beta_4': 6.108693291937856, 'beta_5': 37.18785904756052, 'beta_6': 0.04771423965269716, 'beta_7': 0.01604926584979915, 'beta_8': 1.6271291462929652e-05, 'beta_9': 8.984471868417351e-07}. Best is trial 381 with value: 6572.730744725488.
[I 2026-03-31 23:01:25,201] Trial 549 finished with value: 6631.057938642632 and parameters: {'alpha_0': 0.00062020655136868, 'alpha_1': 6.0464751403613805e-05, 'alpha_2': 4.65126800200337e-05, 'beta_0': 0.06717782955725107, 'beta_1': 14.810754785655439, 'beta_2': 0.15004554939358442, 'beta_3': 0.001401713915712089, 'beta_4': 5.98513456488799, 'beta_5': 38.70326367700245, 'beta_6': 0.04575450889532624, 'beta_7': 0.01526765929550377, 'beta_8': 1.677176074668573e-05, 'beta_9': 1.0147788645376307e-06}. Best is trial 381 with value: 6572.730744725488.
[I 2026-03-31 23:01:34,571] Trial 550 finished with value: 6921.348208469636 and parameters: {'alpha_0': 0.002272304929689779, 'alpha_1': 5.845442206175936e-05, 'alpha_2': 4.693246208996823e-05, 'beta_0': 0.0694532104565747, 'beta_1': 8.444502415787923, 'beta_2': 0.20456143024535395, 'beta_3': 0.0013907895694368205, 'beta_4': 5.978788728380981, 'beta_5': 40.22703211170597, 'beta_6': 0.046494010014367364, 'beta_7': 0.015071460669004897, 'beta_8': 1.6769799183447984e-05, 'beta_9': 1.0276666609637622e-06}. Best is trial 381 with value: 6572.730744725488.
[I 2026-03-31 23:01:43,902] Trial 551 finished with value: inf and parameters: {'alpha_0': 0.0006193943275584387, 'alpha_1': 6.004369217612796e-05, 'alpha_2': 5.0955486123261236e-05, 'beta_0': 0.06824553426750118, 'beta_1': 6.190899630171223, 'beta_2': 0.15141920298442807, 'beta_3': 0.0013634861751618535, 'beta_4': 6.271320050756966, 'beta_5': 38.76123324737425, 'beta_6': 0.04549246353273868, 'beta_7': 0.018866127846305026, 'beta_8': 1.3753288522613834e-05, 'beta_9': 1.0220010969606682e-06}. Best is trial 381 with value: 6572.730744725488.
[I 2026-03-31 23:01:53,080] Trial 552 finished with value: 6668.716119513696 and parameters: {'alpha_0': 0.0007078924579041891, 'alpha_1': 5.588026294652579e-05, 'alpha_2': 4.905107404729122e-05, 'beta_0': 0.12899333345517372, 'beta_1': 8.536601907711402, 'beta_2': 0.1506812717453037, 'beta_3': 0.0014533158171319402, 'beta_4': 6.158535224631857, 'beta_5': 39.5419326391996, 'beta_6': 0.047519334266473354, 'beta_7': 0.015187067442032546, 'beta_8': 1.675791589085799e-05, 'beta_9': 1.0039704239098447e-06}. Best is trial 381 with value: 6572.730744725488.
[I 2026-03-31 23:02:02,384] Trial 553 finished with value: 6634.7457473650475 and parameters: {'alpha_0': 0.000653233703379188, 'alpha_1': 5.782942769751366e-05, 'alpha_2': 4.746814547018044e-05, 'beta_0': 0.07423163117155115, 'beta_1': 14.965525560941526, 'beta_2': 0.15199122680604152, 'beta_3': 0.0014051263389756967, 'beta_4': 6.013704225837011, 'beta_5': 38.21882840681782, 'beta_6': 0.04611288950551603, 'beta_7': 0.015301961847653419, 'beta_8': 1.5900789835581924e-05, 'beta_9': 1.7931811075924384e-06}. Best is trial 381 with value: 6572.730744725488.
[I 2026-03-31 23:02:11,710] Trial 554 finished with value: 7060.105780588623 and parameters: {'alpha_0': 0.0007038330596796264, 'alpha_1': 6.051424216265493e-05, 'alpha_2': 4.4067641034773234e-05, 'beta_0': 0.15278315686401675, 'beta_1': 6.558319211842818, 'beta_2': 0.1773977956260114, 'beta_3': 0.0009286805671131558, 'beta_4': 6.085509431658535, 'beta_5': 38.87476861246241, 'beta_6': 0.04447972689248231, 'beta_7': 0.015461483028588158, 'beta_8': 1.2664514181864471e-05, 'beta_9': 1.0640642175971375e-06}. Best is trial 381 with value: 6572.730744725488.
