[I 2026-04-01 00:10:12,031] Trial 1005 finished with value: 6632.042552890905 and parameters: {'alpha_0': 0.0007425766729861423, 'alpha_1': 5.5610743855148455e-05, 'alpha_2': 4.8143743729033637e-05, 'beta_0': 0.09910019170191138, 'beta_1': 5.745191595764887, 'beta_2': 0.20201713160060525, 'beta_3': 0.0009687867912244211, 'beta_4': 6.7671483740186344, 'beta_5': 35.58287801841784, 'beta_6': 0.04234950338385164, 'beta_7': 0.01564506640941983, 'beta_8': 3.7902936725282564e-05, 'beta_9': 5.121821675702513e-07}. Best is trial 691 with value: 6538.461030825155.Best trial: 691. Best value: 6538.46:  50%|█████     | 1005/2000 [2:31:27<2:34:26,  9.31s/it]Best trial: 691. Best value: 6538.46:  50%|█████     | 1005/2000 [2:31:27<2:34:26,  9.31s/it]Best trial: 691. Best value: 6538.46:  50%|█████     | 1006/2000 [2:31:27<2:33:51,  9.29s/it]                                                                                             Best trial: 691. Best value: 6538.46:  50%|█████     | 1006/2000 [2:31:36<2:33:51,  9.29s/it]Best trial: 691. Best value: 6538.46:  50%|█████     | 1006/2000 [2:31:36<2:33:51,  9.29s/it]Best trial: 691. Best value: 6538.46:  50%|█████     | 1007/2000 [2:31:36<2:33:12,  9.26s/it]                                                                                             Best trial: 691. Best value: 6538.46:  50%|█████     | 1007/2000 [2:31:46<2:33:12,  9.26s/it]Best trial: 691. Best value: 6538.46:  50%|█████     | 1007/2000 [2:31:46<2:33:12,  9.26s/it]Best trial: 691. Best value: 6538.46:  50%|█████     | 1008/2000 [2:31:46<2:33:48,  9.30s/it]                                                                                             Best trial: 691. Best value: 6538.46:  50%|█████     | 1008/2000 [2:31:55<2:33:48,  9.30s/it]Best trial: 691. Best value: 6538.46:  50%|█████     | 1008/2000 [2:31:55<2:33:48,  9.30s/it]Best trial: 691. Best value: 6538.46:  50%|█████     | 1009/2000 [2:31:55<2:33:21,  9.29s/it]                                                                                             Best trial: 691. Best value: 6538.46:  50%|█████     | 1009/2000 [2:32:04<2:33:21,  9.29s/it]Best trial: 691. Best value: 6538.46:  50%|█████     | 1009/2000 [2:32:04<2:33:21,  9.29s/it]Best trial: 691. Best value: 6538.46:  50%|█████     | 1010/2000 [2:32:04<2:33:31,  9.30s/it]                                                                                             Best trial: 691. Best value: 6538.46:  50%|█████     | 1010/2000 [2:32:14<2:33:31,  9.30s/it]Best trial: 691. Best value: 6538.46:  50%|█████     | 1010/2000 [2:32:14<2:33:31,  9.30s/it]Best trial: 691. Best value: 6538.46:  51%|█████     | 1011/2000 [2:32:14<2:33:58,  9.34s/it]                                                                                             Best trial: 691. Best value: 6538.46:  51%|█████     | 1011/2000 [2:32:23<2:33:58,  9.34s/it]Best trial: 691. Best value: 6538.46:  51%|█████     | 1011/2000 [2:32:23<2:33:58,  9.34s/it]Best trial: 691. Best value: 6538.46:  51%|█████     | 1012/2000 [2:32:23<2:33:56,  9.35s/it]                                                                                             Best trial: 691. Best value: 6538.46:  51%|█████     | 1012/2000 [2:32:32<2:33:56,  9.35s/it]Best trial: 691. Best value: 6538.46:  51%|█████     | 1012/2000 [2:32:32<2:33:56,  9.35s/it]Best trial: 691. Best value: 6538.46:  51%|█████     | 1013/2000 [2:32:32<2:34:17,  9.38s/it]                                                                                             Best trial: 691. Best value: 6538.46:  51%|█████     | 1013/2000 [2:32:42<2:34:17,  9.38s/it]Best trial: 691. Best value: 6538.46:  51%|█████     | 1013/2000 [2:32:42<2:34:17,  9.38s/it]Best trial: 691. Best value: 6538.46:  51%|█████     | 1014/2000 [2:32:42<2:33:31,  9.34s/it]                                                                                             Best trial: 691. Best value: 6538.46:  51%|█████     | 1014/2000 [2:32:51<2:33:31,  9.34s/it]Best trial: 691. Best value: 6538.46:  51%|█████     | 1014/2000 [2:32:51<2:33:31,  9.34s/it]Best trial: 691. Best value: 6538.46:  51%|█████     | 1015/2000 [2:32:51<2:33:09,  9.33s/it]                                                                                             Best trial: 691. Best value: 6538.46:  51%|█████     | 1015/2000 [2:33:00<2:33:09,  9.33s/it]Best trial: 691. Best value: 6538.46:  51%|█████     | 1015/2000 [2:33:00<2:33:09,  9.33s/it]Best trial: 691. Best value: 6538.46:  51%|█████     | 1016/2000 [2:33:00<2:32:38,  9.31s/it]                                                                                             Best trial: 691. Best value: 6538.46:  51%|█████     | 1016/2000 [2:33:10<2:32:38,  9.31s/it]Best trial: 691. Best value: 6538.46:  51%|█████     | 1016/2000 [2:33:10<2:32:38,  9.31s/it]Best trial: 691. Best value: 6538.46:  51%|█████     | 1017/2000 [2:33:10<2:32:24,  9.30s/it]                                                                                             Best trial: 691. Best value: 6538.46:  51%|█████     | 1017/2000 [2:33:19<2:32:24,  9.30s/it]Best trial: 691. Best value: 6538.46:  51%|█████     | 1017/2000 [2:33:19<2:32:24,  9.30s/it]Best trial: 691. Best value: 6538.46:  51%|█████     | 1018/2000 [2:33:19<2:32:10,  9.30s/it]                                                                                             Best trial: 691. Best value: 6538.46:  51%|█████     | 1018/2000 [2:33:28<2:32:10,  9.30s/it]Best trial: 691. Best value: 6538.46:  51%|█████     | 1018/2000 [2:33:28<2:32:10,  9.30s/it]Best trial: 691. Best value: 6538.46:  51%|█████     | 1019/2000 [2:33:28<2:31:41,  9.28s/it]                                                                                             Best trial: 691. Best value: 6538.46:  51%|█████     | 1019/2000 [2:33:37<2:31:41,  9.28s/it]Best trial: 691. Best value: 6538.46:  51%|█████     | 1019/2000 [2:33:37<2:31:41,  9.28s/it]Best trial: 691. Best value: 6538.46:  51%|█████     | 1020/2000 [2:33:37<2:31:35,  9.28s/it]                                                                                             
[I 2026-04-01 00:10:21,218] Trial 1006 finished with value: 6762.824483811004 and parameters: {'alpha_0': 0.0007061502312534411, 'alpha_1': 5.834492749618192e-05, 'alpha_2': 4.620709622097754e-05, 'beta_0': 0.10175838084109064, 'beta_1': 5.56222812637344, 'beta_2': 0.20362922194271021, 'beta_3': 0.0009742711259457259, 'beta_4': 6.786066704373609, 'beta_5': 36.15987311714431, 'beta_6': 0.042814354302406266, 'beta_7': 0.015989056426369132, 'beta_8': 3.7574010259199756e-05, 'beta_9': 5.33428247317445e-07}. Best is trial 691 with value: 6538.461030825155.
[I 2026-04-01 00:10:30,628] Trial 1007 finished with value: 7021.203101517747 and parameters: {'alpha_0': 0.0006739269393163478, 'alpha_1': 5.430282729201103e-05, 'alpha_2': 4.6641141440753914e-05, 'beta_0': 0.09564401198267392, 'beta_1': 5.6856659298356815, 'beta_2': 0.20019670762611233, 'beta_3': 0.0010008438346505635, 'beta_4': 6.929463552657379, 'beta_5': 35.9776312796101, 'beta_6': 0.04434360104095475, 'beta_7': 0.015373319609718425, 'beta_8': 3.743896116283834e-05, 'beta_9': 5.417865789033094e-07}. Best is trial 691 with value: 6538.461030825155.
[I 2026-04-01 00:10:39,871] Trial 1008 finished with value: 6801.828028264136 and parameters: {'alpha_0': 0.0006382866947032883, 'alpha_1': 5.620171626146638e-05, 'alpha_2': 4.5645994852368726e-05, 'beta_0': 0.0968102113775297, 'beta_1': 5.432705414776287, 'beta_2': 0.2042470404683086, 'beta_3': 0.0009862724010342035, 'beta_4': 6.783211626386596, 'beta_5': 36.084594491822436, 'beta_6': 0.0419803056521228, 'beta_7': 0.01624073416968939, 'beta_8': 3.7260765734981925e-05, 'beta_9': 5.455759474193571e-07}. Best is trial 691 with value: 6538.461030825155.
[I 2026-04-01 00:10:49,220] Trial 1009 finished with value: 6661.478251394519 and parameters: {'alpha_0': 0.0007166197627591303, 'alpha_1': 5.3474111334666885e-05, 'alpha_2': 4.838246513010809e-05, 'beta_0': 0.10405884200653998, 'beta_1': 5.701451362983323, 'beta_2': 0.20130254721310215, 'beta_3': 0.0010172616569637282, 'beta_4': 6.708405845156809, 'beta_5': 36.63119570788603, 'beta_6': 0.046275694058371085, 'beta_7': 0.01575615632654187, 'beta_8': 3.80292874834759e-05, 'beta_9': 5.632154781761164e-07}. Best is trial 691 with value: 6538.461030825155.
[I 2026-04-01 00:10:58,649] Trial 1010 finished with value: inf and parameters: {'alpha_0': 0.002040639505952989, 'alpha_1': 5.975334181628993e-05, 'alpha_2': 4.6673998981009065e-05, 'beta_0': 0.10257883692450595, 'beta_1': 5.389085964082678, 'beta_2': 0.2048715402317675, 'beta_3': 0.0009547832390894284, 'beta_4': 6.857659205230222, 'beta_5': 35.07453505236953, 'beta_6': 0.043432911684209194, 'beta_7': 0.01946182613811843, 'beta_8': 3.7433967997526224e-05, 'beta_9': 5.011582153701807e-07}. Best is trial 691 with value: 6538.461030825155.
[I 2026-04-01 00:11:08,016] Trial 1011 finished with value: 7207.721626148954 and parameters: {'alpha_0': 0.0006196024292396831, 'alpha_1': 5.486606863304382e-05, 'alpha_2': 4.5760453720012166e-05, 'beta_0': 0.09531094552960746, 'beta_1': 5.875406488820971, 'beta_2': 0.20565830786213432, 'beta_3': 0.0009837350762041063, 'beta_4': 6.730277224827589, 'beta_5': 35.46011018763701, 'beta_6': 0.041087901917396405, 'beta_7': 0.01524630452700078, 'beta_8': 3.8368783516109465e-05, 'beta_9': 5.849906906338871e-07}. Best is trial 691 with value: 6538.461030825155.
[I 2026-04-01 00:11:17,466] Trial 1012 finished with value: 7505.173438233152 and parameters: {'alpha_0': 0.0006742617418748747, 'alpha_1': 5.298847824970073e-05, 'alpha_2': 4.470489533783266e-05, 'beta_0': 0.10727432289546668, 'beta_1': 5.8360446341058285, 'beta_2': 0.19890275597645365, 'beta_3': 0.0009507906200113604, 'beta_4': 6.669953436863436, 'beta_5': 34.925885482040734, 'beta_6': 0.0419949926542447, 'beta_7': 0.015003459788474548, 'beta_8': 3.8430378701154585e-05, 'beta_9': 5.334602289112338e-07}. Best is trial 691 with value: 6538.461030825155.
[I 2026-04-01 00:11:26,723] Trial 1013 finished with value: 6682.792008321463 and parameters: {'alpha_0': 0.0006126538403867173, 'alpha_1': 5.6604123843994144e-05, 'alpha_2': 4.7518496413019226e-05, 'beta_0': 0.09341114001973637, 'beta_1': 5.563045485601984, 'beta_2': 0.2035237286901447, 'beta_3': 0.0010411212780854257, 'beta_4': 6.977943983855057, 'beta_5': 35.70150442576282, 'beta_6': 0.043937835363038504, 'beta_7': 0.015858309820010796, 'beta_8': 3.784310675897325e-05, 'beta_9': 5.67582654342212e-07}. Best is trial 691 with value: 6538.461030825155.
[I 2026-04-01 00:11:36,020] Trial 1014 finished with value: 7118.139648262394 and parameters: {'alpha_0': 0.0007401306520791057, 'alpha_1': 5.3255659296912506e-05, 'alpha_2': 4.492391245495292e-05, 'beta_0': 0.09872936535994734, 'beta_1': 5.964353180027327, 'beta_2': 0.20658744517484337, 'beta_3': 0.001012867738869097, 'beta_4': 6.838964217485768, 'beta_5': 34.68090501546552, 'beta_6': 0.04000790662877658, 'beta_7': 0.01653959057681776, 'beta_8': 3.8512801772071166e-05, 'beta_9': 5.31844032609499e-07}. Best is trial 691 with value: 6538.461030825155.
[I 2026-04-01 00:11:45,277] Trial 1015 finished with value: 6683.277093960871 and parameters: {'alpha_0': 0.0006932558277821298, 'alpha_1': 5.809753935511676e-05, 'alpha_2': 4.825118478048779e-05, 'beta_0': 0.09205669709066924, 'beta_1': 5.693973819922537, 'beta_2': 0.2439637976254833, 'beta_3': 0.0009702245748522953, 'beta_4': 6.678583593569226, 'beta_5': 36.08420099748051, 'beta_6': 0.04278219698487176, 'beta_7': 0.015559997285722604, 'beta_8': 3.748851078521876e-05, 'beta_9': 5.461010610985595e-07}. Best is trial 691 with value: 6538.461030825155.
[I 2026-04-01 00:11:54,569] Trial 1016 finished with value: 6778.591166858912 and parameters: {'alpha_0': 0.0006525743324809794, 'alpha_1': 5.4498507400237493e-05, 'alpha_2': 4.611040049904016e-05, 'beta_0': 0.09663075965641618, 'beta_1': 6.06243584522412, 'beta_2': 0.20172338301064202, 'beta_3': 0.0009927905998976451, 'beta_4': 6.603954043597521, 'beta_5': 34.31905136637766, 'beta_6': 0.04130792103512849, 'beta_7': 0.01616980651968322, 'beta_8': 3.810456153958924e-05, 'beta_9': 5.154515185453611e-07}. Best is trial 691 with value: 6538.461030825155.
[I 2026-04-01 00:12:03,854] Trial 1017 finished with value: 7043.641531780948 and parameters: {'alpha_0': 0.000609773021547183, 'alpha_1': 5.210435879148005e-05, 'alpha_2': 4.433562950050126e-05, 'beta_0': 0.09144124897798708, 'beta_1': 5.394913565351092, 'beta_2': 0.2082307341817926, 'beta_3': 0.0009472329697722309, 'beta_4': 6.7485113524597695, 'beta_5': 34.36342115980296, 'beta_6': 0.09546495455343487, 'beta_7': 0.015508305925649522, 'beta_8': 3.874367934041112e-05, 'beta_9': 5.881007439291335e-07}. Best is trial 691 with value: 6538.461030825155.
[I 2026-04-01 00:12:13,085] Trial 1018 finished with value: 6672.050529352056 and parameters: {'alpha_0': 0.0005945874336170934, 'alpha_1': 5.589219288582358e-05, 'alpha_2': 4.4032779671493736e-05, 'beta_0': 0.10257701466164561, 'beta_1': 6.315993859599883, 'beta_2': 0.1972848317424645, 'beta_3': 0.0009811558352855435, 'beta_4': 7.125416932719716, 'beta_5': 35.03197917977536, 'beta_6': 0.045064488458978154, 'beta_7': 0.015838632022979835, 'beta_8': 3.8969364556067326e-05, 'beta_9': 5.628559064106699e-07}. Best is trial 691 with value: 6538.461030825155.
[I 2026-04-01 00:12:22,375] Trial 1019 finished with value: 6771.0301383322885 and parameters: {'alpha_0': 0.0006629043713262709, 'alpha_1': 5.325505397347338e-05, 'alpha_2': 4.574852297699188e-05, 'beta_0': 0.09050882556048405, 'beta_1': 5.765053716914083, 'beta_2': 0.20471915329904497, 'beta_3': 0.0009368096471508954, 'beta_4': 6.616898254217027, 'beta_5': 33.76218589021149, 'beta_6': 0.0415965333592369, 'beta_7': 0.01622101712335784, 'beta_8': 3.8079068832014306e-05, 'beta_9': 5.481964940658464e-07}. Best is trial 691 with value: 6538.461030825155.
[I 2026-04-01 00:12:31,705] Trial 1020 finished with value: 7150.071357499464 and parameters: {'alpha_0': 0.0006300410675753799, 'alpha_1': 5.186960112891372e-05, 'alpha_2': 4.355232398087059e-05, 'beta_0': 0.09499835211529002, 'beta_1': 5.99180500736592, 'beta_2': 0.20651213527520623, 'beta_3': 0.0010065039904867178, 'beta_4': 6.918277377724032, 'beta_5': 36.606805440832225, 'beta_6': 0.04293987176997994, 'beta_7': 0.015263805601052482, 'beta_8': 3.747741124336393e-05, 'beta_9': 1.7637008955908048e-06}. Best is trial 691 with value: 6538.461030825155.Best trial: 691. Best value: 6538.46:  51%|█████     | 1020/2000 [2:33:47<2:31:35,  9.28s/it]Best trial: 691. Best value: 6538.46:  51%|█████     | 1020/2000 [2:33:47<2:31:35,  9.28s/it]Best trial: 691. Best value: 6538.46:  51%|█████     | 1021/2000 [2:33:47<2:31:40,  9.30s/it]                                                                                             Best trial: 691. Best value: 6538.46:  51%|█████     | 1021/2000 [2:33:56<2:31:40,  9.30s/it]Best trial: 691. Best value: 6538.46:  51%|█████     | 1021/2000 [2:33:56<2:31:40,  9.30s/it]Best trial: 691. Best value: 6538.46:  51%|█████     | 1022/2000 [2:33:56<2:31:43,  9.31s/it]                                                                                             Best trial: 691. Best value: 6538.46:  51%|█████     | 1022/2000 [2:34:05<2:31:43,  9.31s/it]Best trial: 691. Best value: 6538.46:  51%|█████     | 1022/2000 [2:34:05<2:31:43,  9.31s/it]Best trial: 691. Best value: 6538.46:  51%|█████     | 1023/2000 [2:34:05<2:31:18,  9.29s/it]                                                                                             Best trial: 691. Best value: 6538.46:  51%|█████     | 1023/2000 [2:34:15<2:31:18,  9.29s/it]Best trial: 691. Best value: 6538.46:  51%|█████     | 1023/2000 [2:34:15<2:31:18,  9.29s/it]Best trial: 691. Best value: 6538.46:  51%|█████     | 1024/2000 [2:34:15<2:31:31,  9.31s/it]                                                                                             Best trial: 691. Best value: 6538.46:  51%|█████     | 1024/2000 [2:34:24<2:31:31,  9.31s/it]Best trial: 691. Best value: 6538.46:  51%|█████     | 1024/2000 [2:34:24<2:31:31,  9.31s/it]Best trial: 691. Best value: 6538.46:  51%|█████▏    | 1025/2000 [2:34:24<2:30:36,  9.27s/it]                                                                                             Best trial: 691. Best value: 6538.46:  51%|█████▏    | 1025/2000 [2:34:33<2:30:36,  9.27s/it]Best trial: 691. Best value: 6538.46:  51%|█████▏    | 1025/2000 [2:34:33<2:30:36,  9.27s/it]Best trial: 691. Best value: 6538.46:  51%|█████▏    | 1026/2000 [2:34:33<2:30:59,  9.30s/it]                                                                                             Best trial: 691. Best value: 6538.46:  51%|█████▏    | 1026/2000 [2:34:35<2:30:59,  9.30s/it]Best trial: 691. Best value: 6538.46:  51%|█████▏    | 1026/2000 [2:34:35<2:30:59,  9.30s/it]Best trial: 691. Best value: 6538.46:  51%|█████▏    | 1027/2000 [2:34:35<1:52:54,  6.96s/it]                                                                                             Best trial: 691. Best value: 6538.46:  51%|█████▏    | 1027/2000 [2:34:44<1:52:54,  6.96s/it]Best trial: 691. Best value: 6538.46:  51%|█████▏    | 1027/2000 [2:34:44<1:52:54,  6.96s/it]Best trial: 691. Best value: 6538.46:  51%|█████▏    | 1028/2000 [2:34:44<2:04:08,  7.66s/it]                                                                                             Best trial: 691. Best value: 6538.46:  51%|█████▏    | 1028/2000 [2:34:53<2:04:08,  7.66s/it]Best trial: 691. Best value: 6538.46:  51%|█████▏    | 1028/2000 [2:34:53<2:04:08,  7.66s/it]Best trial: 691. Best value: 6538.46:  51%|█████▏    | 1029/2000 [2:34:53<2:11:34,  8.13s/it]                                                                                             Best trial: 691. Best value: 6538.46:  51%|█████▏    | 1029/2000 [2:35:03<2:11:34,  8.13s/it]Best trial: 691. Best value: 6538.46:  51%|█████▏    | 1029/2000 [2:35:03<2:11:34,  8.13s/it]Best trial: 691. Best value: 6538.46:  52%|█████▏    | 1030/2000 [2:35:03<2:17:21,  8.50s/it]                                                                                             Best trial: 691. Best value: 6538.46:  52%|█████▏    | 1030/2000 [2:35:12<2:17:21,  8.50s/it]Best trial: 691. Best value: 6538.46:  52%|█████▏    | 1030/2000 [2:35:12<2:17:21,  8.50s/it]Best trial: 691. Best value: 6538.46:  52%|█████▏    | 1031/2000 [2:35:12<2:20:34,  8.70s/it]                                                                                             Best trial: 691. Best value: 6538.46:  52%|█████▏    | 1031/2000 [2:35:21<2:20:34,  8.70s/it]Best trial: 691. Best value: 6538.46:  52%|█████▏    | 1031/2000 [2:35:21<2:20:34,  8.70s/it]Best trial: 691. Best value: 6538.46:  52%|█████▏    | 1032/2000 [2:35:21<2:23:16,  8.88s/it]                                                                                             Best trial: 691. Best value: 6538.46:  52%|█████▏    | 1032/2000 [2:35:30<2:23:16,  8.88s/it]Best trial: 691. Best value: 6538.46:  52%|█████▏    | 1032/2000 [2:35:30<2:23:16,  8.88s/it]Best trial: 691. Best value: 6538.46:  52%|█████▏    | 1033/2000 [2:35:30<2:25:08,  9.01s/it]                                                                                             Best trial: 691. Best value: 6538.46:  52%|█████▏    | 1033/2000 [2:35:40<2:25:08,  9.01s/it]Best trial: 691. Best value: 6538.46:  52%|█████▏    | 1033/2000 [2:35:40<2:25:08,  9.01s/it]Best trial: 691. Best value: 6538.46:  52%|█████▏    | 1034/2000 [2:35:40<2:26:38,  9.11s/it]                                                                                             Best trial: 691. Best value: 6538.46:  52%|█████▏    | 1034/2000 [2:35:49<2:26:38,  9.11s/it]Best trial: 691. Best value: 6538.46:  52%|█████▏    | 1034/2000 [2:35:49<2:26:38,  9.11s/it]Best trial: 691. Best value: 6538.46:  52%|█████▏    | 1035/2000 [2:35:49<2:27:22,  9.16s/it]                                                                                             
[I 2026-04-01 00:12:41,041] Trial 1021 finished with value: 6674.682833290313 and parameters: {'alpha_0': 0.0007198984183778318, 'alpha_1': 5.984635087830556e-05, 'alpha_2': 4.7305533197818094e-05, 'beta_0': 0.08958514540091511, 'beta_1': 6.230891617677084, 'beta_2': 0.20275281318838617, 'beta_3': 0.0009646076706873592, 'beta_4': 6.803646497233535, 'beta_5': 35.87641183460543, 'beta_6': 0.04000409374754988, 'beta_7': 0.01595977311938793, 'beta_8': 3.866670924663724e-05, 'beta_9': 5.722741389127816e-07}. Best is trial 691 with value: 6538.461030825155.
[I 2026-04-01 00:12:50,297] Trial 1022 finished with value: 6626.059247042183 and parameters: {'alpha_0': 0.0005933604015344015, 'alpha_1': 5.461393735469853e-05, 'alpha_2': 4.469532063654937e-05, 'beta_0': 0.09251459087658574, 'beta_1': 5.230263441027806, 'beta_2': 0.2093663172013509, 'beta_3': 0.0010292746751203279, 'beta_4': 6.67630743333523, 'beta_5': 33.85330864101099, 'beta_6': 0.04209067789323935, 'beta_7': 0.015605074034916563, 'beta_8': 3.9110714421302766e-05, 'beta_9': 5.002657455354094e-07}. Best is trial 691 with value: 6538.461030825155.
[I 2026-04-01 00:12:59,664] Trial 1023 finished with value: 7095.235097111166 and parameters: {'alpha_0': 0.0006819009667654552, 'alpha_1': 5.7475524004695796e-05, 'alpha_2': 4.4217851618020034e-05, 'beta_0': 0.09805005166809878, 'beta_1': 6.133422035497708, 'beta_2': 0.19997568295444348, 'beta_3': 0.000959891023830774, 'beta_4': 6.549394166842756, 'beta_5': 23.818995810774833, 'beta_6': 0.04419006814698402, 'beta_7': 0.016544116696557882, 'beta_8': 3.8229923366331695e-05, 'beta_9': 5.763774947540393e-07}. Best is trial 691 with value: 6538.461030825155.
