[I 2026-03-31 22:31:00,709] Trial 349 finished with value: 6955.605496314838 and parameters: {'alpha_0': 0.0011768846608421818, 'alpha_1': 6.066430154074559e-05, 'alpha_2': 0.00010590557936193947, 'beta_0': 0.05017007052478445, 'beta_1': 12.762439444627791, 'beta_2': 0.18278803183715045, 'beta_3': 0.0007178168823489468, 'beta_4': 3.5899809751058718, 'beta_5': 30.937383567312725, 'beta_6': 0.0493696521834909, 'beta_7': 0.015808637579639045, 'beta_8': 1.7787070933875867e-05, 'beta_9': 9.627131213561663e-07}. Best is trial 304 with value: 6580.791546252956.
[I 2026-03-31 22:31:09,959] Trial 350 finished with value: 6691.978868852857 and parameters: {'alpha_0': 0.001227842095996309, 'alpha_1': 6.491116290547626e-05, 'alpha_2': 4.586780528920789e-05, 'beta_0': 0.06699982849361949, 'beta_1': 10.59959842037699, 'beta_2': 0.15952342098919825, 'beta_3': 0.0007664463110175873, 'beta_4': 6.076535346421653, 'beta_5': 32.34832124737873, 'beta_6': 0.046382396205599724, 'beta_7': 0.016078427863953734, 'beta_8': 1.473769157577924e-05, 'beta_9': 8.683255841480809e-07}. Best is trial 304 with value: 6580.791546252956.
[I 2026-03-31 22:31:19,213] Trial 351 finished with value: 7250.2190342542835 and parameters: {'alpha_0': 0.0009786784755520333, 'alpha_1': 5.495616057009198e-05, 'alpha_2': 4.139754010017652e-05, 'beta_0': 0.07338909744262927, 'beta_1': 10.223770385931283, 'beta_2': 0.15641165347534716, 'beta_3': 0.0007060571539827244, 'beta_4': 3.2609814793079543, 'beta_5': 30.459400380726215, 'beta_6': 0.04782432056307663, 'beta_7': 0.0171423292570637, 'beta_8': 1.9934189722144722e-05, 'beta_9': 9.252124294045605e-07}. Best is trial 304 with value: 6580.791546252956.
[I 2026-03-31 22:31:28,540] Trial 352 finished with value: 6824.395700711475 and parameters: {'alpha_0': 0.001611172511210706, 'alpha_1': 6.319945506739723e-05, 'alpha_2': 4.263616453405531e-05, 'beta_0': 0.06121508142672744, 'beta_1': 13.490632913702209, 'beta_2': 0.16257506427389526, 'beta_3': 0.0007906682666349044, 'beta_4': 3.386684118891887, 'beta_5': 34.43472130866837, 'beta_6': 0.04427786966412456, 'beta_7': 0.01654636133071661, 'beta_8': 1.9087713945318418e-05, 'beta_9': 9.488238382148282e-07}. Best is trial 304 with value: 6580.791546252956.
[I 2026-03-31 22:31:37,993] Trial 353 finished with value: 7517.350317045411 and parameters: {'alpha_0': 0.0010361160534619134, 'alpha_1': 5.700937019731541e-05, 'alpha_2': 4.757504269832486e-05, 'beta_0': 0.05724833401207391, 'beta_1': 9.407993165765829, 'beta_2': 0.19071111085076564, 'beta_3': 0.0007273720748611365, 'beta_4': 3.7325471103621664, 'beta_5': 31.38399968535849, 'beta_6': 0.04949177495810046, 'beta_7': 0.015330153731834823, 'beta_8': 1.8172367615195685e-05, 'beta_9': 8.819077314715774e-07}. Best is trial 304 with value: 6580.791546252956.
[I 2026-03-31 22:31:47,340] Trial 354 finished with value: 7371.814253054199 and parameters: {'alpha_0': 0.0011330482148304377, 'alpha_1': 6.65460901819845e-05, 'alpha_2': 4.003589252791289e-05, 'beta_0': 0.06475810533351892, 'beta_1': 13.131790706255298, 'beta_2': 0.18563983311148124, 'beta_3': 0.0007515008927268933, 'beta_4': 3.1460779650791215, 'beta_5': 33.29791874925526, 'beta_6': 0.05169449268560485, 'beta_7': 0.015573500579450488, 'beta_8': 2.118855822150333e-05, 'beta_9': 9.800876425809443e-07}. Best is trial 304 with value: 6580.791546252956.
[I 2026-03-31 22:31:56,619] Trial 355 finished with value: 6767.732799281226 and parameters: {'alpha_0': 0.0010818939130795866, 'alpha_1': 6.006085631953039e-05, 'alpha_2': 4.4621796767380425e-05, 'beta_0': 0.054200217026349605, 'beta_1': 12.814024546973815, 'beta_2': 0.24757834706527587, 'beta_3': 0.0006056503548109239, 'beta_4': 5.363473527039724, 'beta_5': 32.18388576338382, 'beta_6': 0.07387501229276118, 'beta_7': 0.01629064134712624, 'beta_8': 1.5767800167631122e-05, 'beta_9': 1.0192213883187599e-06}. Best is trial 304 with value: 6580.791546252956.
[I 2026-03-31 22:32:06,009] Trial 356 finished with value: 6801.154497818649 and parameters: {'alpha_0': 0.0011383413061083426, 'alpha_1': 6.19443210687062e-05, 'alpha_2': 4.164622633484845e-05, 'beta_0': 0.061398317231959335, 'beta_1': 12.651396754164441, 'beta_2': 0.16046286960126355, 'beta_3': 0.0008348018344577507, 'beta_4': 3.4796742269583643, 'beta_5': 31.58510809407886, 'beta_6': 0.06974837715904977, 'beta_7': 0.015815399258884075, 'beta_8': 1.6526386462256298e-05, 'beta_9': 9.107299106972749e-07}. Best is trial 304 with value: 6580.791546252956.
[I 2026-03-31 22:32:15,304] Trial 357 finished with value: 6620.528565642633 and parameters: {'alpha_0': 0.0010252652800977792, 'alpha_1': 5.2243423878377894e-05, 'alpha_2': 4.315633700888916e-05, 'beta_0': 0.06861427708144915, 'beta_1': 8.547182990211974, 'beta_2': 0.1822356387445519, 'beta_3': 0.0007759430217298579, 'beta_4': 3.0980249660205947, 'beta_5': 29.86103249554996, 'beta_6': 0.04265681701460526, 'beta_7': 0.015981557318695078, 'beta_8': 1.7469772971729004e-05, 'beta_9': 8.564124953250437e-07}. Best is trial 304 with value: 6580.791546252956.
[I 2026-03-31 22:32:24,743] Trial 358 finished with value: 7502.312199931396 and parameters: {'alpha_0': 0.0009978059459502797, 'alpha_1': 5.134712872470034e-05, 'alpha_2': 9.831029296854424e-05, 'beta_0': 0.07429587801009674, 'beta_1': 12.882316337158558, 'beta_2': 0.18308707113810677, 'beta_3': 0.0008239292904785349, 'beta_4': 3.291342308790544, 'beta_5': 29.59240947051647, 'beta_6': 0.04128691180385557, 'beta_7': 0.01523777534526516, 'beta_8': 1.757456940250855e-05, 'beta_9': 8.528687593519572e-07}. Best is trial 304 with value: 6580.791546252956.
[I 2026-03-31 22:32:34,049] Trial 359 finished with value: 7416.193886671664 and parameters: {'alpha_0': 0.0009631444990717315, 'alpha_1': 5.3063217511637855e-05, 'alpha_2': 4.353894275420239e-05, 'beta_0': 0.06966717050464477, 'beta_1': 12.632053493277509, 'beta_2': 0.17785052245579075, 'beta_3': 0.0005573996220881224, 'beta_4': 3.0198245181536016, 'beta_5': 30.003857884122972, 'beta_6': 0.04288652545440305, 'beta_7': 0.015731167230456658, 'beta_8': 1.7026556596910213e-05, 'beta_9': 8.970374075010531e-07}. Best is trial 304 with value: 6580.791546252956.
[I 2026-03-31 22:32:43,389] Trial 360 finished with value: 7088.93173899625 and parameters: {'alpha_0': 0.0010333190687246295, 'alpha_1': 6.485768162152846e-05, 'alpha_2': 4.640407474504466e-05, 'beta_0': 0.06844451522651325, 'beta_1': 9.662717446188218, 'beta_2': 0.1798744813136085, 'beta_3': 0.0008033572719748246, 'beta_4': 3.09578959411623, 'beta_5': 30.27126508583849, 'beta_6': 0.04039277550881288, 'beta_7': 0.016727159538324102, 'beta_8': 1.7137200753698806e-05, 'beta_9': 8.690909987137403e-07}. Best is trial 304 with value: 6580.791546252956.Best trial: 304. Best value: 6580.79:  18%|█▊        | 360/2000 [53:58<4:15:23,  9.34s/it]Best trial: 304. Best value: 6580.79:  18%|█▊        | 360/2000 [53:58<4:15:23,  9.34s/it]Best trial: 304. Best value: 6580.79:  18%|█▊        | 361/2000 [53:58<4:15:12,  9.34s/it]                                                                                          Best trial: 304. Best value: 6580.79:  18%|█▊        | 361/2000 [54:08<4:15:12,  9.34s/it]Best trial: 304. Best value: 6580.79:  18%|█▊        | 361/2000 [54:08<4:15:12,  9.34s/it]Best trial: 304. Best value: 6580.79:  18%|█▊        | 362/2000 [54:08<4:14:49,  9.33s/it]                                                                                          Best trial: 304. Best value: 6580.79:  18%|█▊        | 362/2000 [54:17<4:14:49,  9.33s/it]Best trial: 304. Best value: 6580.79:  18%|█▊        | 362/2000 [54:17<4:14:49,  9.33s/it]Best trial: 304. Best value: 6580.79:  18%|█▊        | 363/2000 [54:17<4:13:55,  9.31s/it]                                                                                          Best trial: 304. Best value: 6580.79:  18%|█▊        | 363/2000 [54:26<4:13:55,  9.31s/it]Best trial: 304. Best value: 6580.79:  18%|█▊        | 363/2000 [54:26<4:13:55,  9.31s/it]Best trial: 304. Best value: 6580.79:  18%|█▊        | 364/2000 [54:26<4:14:08,  9.32s/it]                                                                                          Best trial: 304. Best value: 6580.79:  18%|█▊        | 364/2000 [54:36<4:14:08,  9.32s/it]Best trial: 304. Best value: 6580.79:  18%|█▊        | 364/2000 [54:36<4:14:08,  9.32s/it]Best trial: 304. Best value: 6580.79:  18%|█▊        | 365/2000 [54:36<4:13:33,  9.30s/it]                                                                                          Best trial: 304. Best value: 6580.79:  18%|█▊        | 365/2000 [54:45<4:13:33,  9.30s/it]Best trial: 304. Best value: 6580.79:  18%|█▊        | 365/2000 [54:45<4:13:33,  9.30s/it]Best trial: 304. Best value: 6580.79:  18%|█▊        | 366/2000 [54:45<4:14:11,  9.33s/it]                                                                                          Best trial: 304. Best value: 6580.79:  18%|█▊        | 366/2000 [54:54<4:14:11,  9.33s/it]Best trial: 304. Best value: 6580.79:  18%|█▊        | 366/2000 [54:54<4:14:11,  9.33s/it]Best trial: 304. Best value: 6580.79:  18%|█▊        | 367/2000 [54:54<4:13:32,  9.32s/it]                                                                                          Best trial: 304. Best value: 6580.79:  18%|█▊        | 367/2000 [55:04<4:13:32,  9.32s/it]Best trial: 304. Best value: 6580.79:  18%|█▊        | 367/2000 [55:04<4:13:32,  9.32s/it]Best trial: 304. Best value: 6580.79:  18%|█▊        | 368/2000 [55:04<4:16:14,  9.42s/it]                                                                                          Best trial: 304. Best value: 6580.79:  18%|█▊        | 368/2000 [55:13<4:16:14,  9.42s/it]Best trial: 304. Best value: 6580.79:  18%|█▊        | 368/2000 [55:13<4:16:14,  9.42s/it]Best trial: 304. Best value: 6580.79:  18%|█▊        | 369/2000 [55:13<4:15:21,  9.39s/it]                                                                                          Best trial: 304. Best value: 6580.79:  18%|█▊        | 369/2000 [55:22<4:15:21,  9.39s/it]Best trial: 304. Best value: 6580.79:  18%|█▊        | 369/2000 [55:22<4:15:21,  9.39s/it]Best trial: 304. Best value: 6580.79:  18%|█▊        | 370/2000 [55:22<4:14:02,  9.35s/it]                                                                                          Best trial: 304. Best value: 6580.79:  18%|█▊        | 370/2000 [55:32<4:14:02,  9.35s/it]Best trial: 304. Best value: 6580.79:  18%|█▊        | 370/2000 [55:32<4:14:02,  9.35s/it]Best trial: 304. Best value: 6580.79:  19%|█▊        | 371/2000 [55:32<4:14:38,  9.38s/it]                                                                                          Best trial: 304. Best value: 6580.79:  19%|█▊        | 371/2000 [55:41<4:14:38,  9.38s/it]Best trial: 304. Best value: 6580.79:  19%|█▊        | 371/2000 [55:41<4:14:38,  9.38s/it]Best trial: 304. Best value: 6580.79:  19%|█▊        | 372/2000 [55:41<4:13:43,  9.35s/it]                                                                                          Best trial: 304. Best value: 6580.79:  19%|█▊        | 372/2000 [55:50<4:13:43,  9.35s/it]Best trial: 304. Best value: 6580.79:  19%|█▊        | 372/2000 [55:50<4:13:43,  9.35s/it]Best trial: 304. Best value: 6580.79:  19%|█▊        | 373/2000 [55:50<4:12:32,  9.31s/it]                                                                                          Best trial: 304. Best value: 6580.79:  19%|█▊        | 373/2000 [56:00<4:12:32,  9.31s/it]Best trial: 304. Best value: 6580.79:  19%|█▊        | 373/2000 [56:00<4:12:32,  9.31s/it]Best trial: 304. Best value: 6580.79:  19%|█▊        | 374/2000 [56:00<4:11:59,  9.30s/it]                                                                                          Best trial: 304. Best value: 6580.79:  19%|█▊        | 374/2000 [56:09<4:11:59,  9.30s/it]Best trial: 304. Best value: 6580.79:  19%|█▊        | 374/2000 [56:09<4:11:59,  9.30s/it]Best trial: 304. Best value: 6580.79:  19%|█▉        | 375/2000 [56:09<4:11:40,  9.29s/it]                                                                                          
[I 2026-03-31 22:32:52,705] Trial 361 finished with value: 6680.870855586472 and parameters: {'alpha_0': 0.001010394533204568, 'alpha_1': 5.8563853306131756e-05, 'alpha_2': 4.463662266051044e-05, 'beta_0': 0.07401075920297799, 'beta_1': 12.992243578467853, 'beta_2': 0.18136963901773073, 'beta_3': 0.0004957625998735329, 'beta_4': 3.20723028058512, 'beta_5': 30.626937912278937, 'beta_6': 0.042599253899489244, 'beta_7': 0.01635261686224295, 'beta_8': 2.1776595656859103e-05, 'beta_9': 5.795241797944891e-07}. Best is trial 304 with value: 6580.791546252956.
[I 2026-03-31 22:33:01,949] Trial 362 finished with value: 6640.660878147513 and parameters: {'alpha_0': 0.0010574253982380175, 'alpha_1': 6.79865880645959e-05, 'alpha_2': 4.851718865248766e-05, 'beta_0': 0.06529710351058328, 'beta_1': 7.578618008402667, 'beta_2': 0.1844146348675048, 'beta_3': 0.0007718215034279247, 'beta_4': 3.6941608863091657, 'beta_5': 35.77718596206891, 'beta_6': 0.043762724952990634, 'beta_7': 0.015954037699132458, 'beta_8': 1.8305290403017993e-05, 'beta_9': 8.532847853126549e-07}. Best is trial 304 with value: 6580.791546252956.
[I 2026-03-31 22:33:11,300] Trial 363 finished with value: 7206.4340714780465 and parameters: {'alpha_0': 0.0009660643485557248, 'alpha_1': 6.844046650139729e-05, 'alpha_2': 4.30853404717844e-05, 'beta_0': 0.06457885970213949, 'beta_1': 7.856299954854148, 'beta_2': 0.18215856679016262, 'beta_3': 0.0007823387230508224, 'beta_4': 3.667645780503836, 'beta_5': 33.00824612090077, 'beta_6': 0.04325119857194331, 'beta_7': 0.015624601923085185, 'beta_8': 1.822945746627044e-05, 'beta_9': 8.524731415088776e-07}. Best is trial 304 with value: 6580.791546252956.
[I 2026-03-31 22:33:20,569] Trial 364 finished with value: 6631.256630112122 and parameters: {'alpha_0': 0.001049077058005152, 'alpha_1': 6.75583221866533e-05, 'alpha_2': 4.9167436344067566e-05, 'beta_0': 0.06231407399647173, 'beta_1': 7.183091656813938, 'beta_2': 0.18533863510756235, 'beta_3': 0.000772119205044884, 'beta_4': 3.1125663032145696, 'beta_5': 36.93044746284365, 'beta_6': 0.04098706263532602, 'beta_7': 0.015986548733392048, 'beta_8': 1.7607718665866224e-05, 'beta_9': 8.551372496054496e-07}. Best is trial 304 with value: 6580.791546252956.
[I 2026-03-31 22:33:29,971] Trial 365 finished with value: 6618.742670219992 and parameters: {'alpha_0': 0.0010525353825465364, 'alpha_1': 6.863909866718962e-05, 'alpha_2': 5.042768618443678e-05, 'beta_0': 0.06423365228073848, 'beta_1': 7.319613165944134, 'beta_2': 0.18380401243984362, 'beta_3': 0.000769463358800634, 'beta_4': 5.627019561414144, 'beta_5': 36.05673542597822, 'beta_6': 0.041664365475479546, 'beta_7': 0.015929506053280633, 'beta_8': 1.7865004100285574e-05, 'beta_9': 8.603838210891343e-07}. Best is trial 304 with value: 6580.791546252956.
[I 2026-03-31 22:33:39,244] Trial 366 finished with value: 6610.909094114189 and parameters: {'alpha_0': 0.0010521439424269357, 'alpha_1': 6.718565476199679e-05, 'alpha_2': 5.413255313060482e-05, 'beta_0': 0.0664118716306224, 'beta_1': 7.242798041739242, 'beta_2': 0.18487259456813618, 'beta_3': 0.0007696276977647666, 'beta_4': 5.646675666249661, 'beta_5': 37.1868964378098, 'beta_6': 0.04131605134464439, 'beta_7': 0.0159166909359049, 'beta_8': 1.7641061649132132e-05, 'beta_9': 8.645536544582094e-07}. Best is trial 304 with value: 6580.791546252956.
[I 2026-03-31 22:33:48,909] Trial 367 finished with value: 7732.477426803813 and parameters: {'alpha_0': 0.0010384272271128782, 'alpha_1': 6.90538997376467e-05, 'alpha_2': 5.227437583674541e-05, 'beta_0': 0.06621841948439515, 'beta_1': 7.473409413568819, 'beta_2': 0.18352106812298433, 'beta_3': 0.0007709662457838524, 'beta_4': 5.735247139799995, 'beta_5': 36.32933388185295, 'beta_6': 0.0412349625144432, 'beta_7': 0.015028619988000457, 'beta_8': 1.773625550929759e-05, 'beta_9': 8.433319391927227e-07}. Best is trial 304 with value: 6580.791546252956.
[I 2026-03-31 22:33:58,241] Trial 368 finished with value: 7156.2082608972505 and parameters: {'alpha_0': 0.0010529541931918562, 'alpha_1': 6.779918015120036e-05, 'alpha_2': 5.4336325991160284e-05, 'beta_0': 0.07115346546650432, 'beta_1': 6.976144040059377, 'beta_2': 0.18515091710942105, 'beta_3': 0.0007475657411869878, 'beta_4': 5.619380368173831, 'beta_5': 36.010376893258936, 'beta_6': 0.04003304149325367, 'beta_7': 0.015572480541306697, 'beta_8': 1.7434340208116394e-05, 'beta_9': 8.728487458795952e-07}. Best is trial 304 with value: 6580.791546252956.
[I 2026-03-31 22:34:07,492] Trial 369 finished with value: 6660.224908816381 and parameters: {'alpha_0': 0.0010260586342482722, 'alpha_1': 6.709855857815555e-05, 'alpha_2': 4.8478780593991544e-05, 'beta_0': 0.06566666242758291, 'beta_1': 8.225799932364545, 'beta_2': 0.1862082093669086, 'beta_3': 0.0007719537805989022, 'beta_4': 5.679266794994648, 'beta_5': 37.744917071310915, 'beta_6': 0.041916180652458064, 'beta_7': 0.015873387966691837, 'beta_8': 1.6638884788554457e-05, 'beta_9': 8.3573174477107e-07}. Best is trial 304 with value: 6580.791546252956.
[I 2026-03-31 22:34:16,937] Trial 370 finished with value: 7433.852964039605 and parameters: {'alpha_0': 0.0010035427292272167, 'alpha_1': 6.545479474562455e-05, 'alpha_2': 5.035459962829575e-05, 'beta_0': 0.07624872489578331, 'beta_1': 7.2067960780928075, 'beta_2': 0.1838672230412136, 'beta_3': 0.0007385586444179138, 'beta_4': 5.827179453201351, 'beta_5': 38.62924816275187, 'beta_6': 0.04160601055082783, 'beta_7': 0.015381578597172029, 'beta_8': 1.8097764014612395e-05, 'beta_9': 9.124667999219414e-07}. Best is trial 304 with value: 6580.791546252956.
[I 2026-03-31 22:34:26,221] Trial 371 finished with value: 6760.721317688069 and parameters: {'alpha_0': 0.001062723921376946, 'alpha_1': 6.909806119911725e-05, 'alpha_2': 5.011324885860401e-05, 'beta_0': 0.06944002519452386, 'beta_1': 7.350353227534288, 'beta_2': 0.18084560072766231, 'beta_3': 0.0007659179515644762, 'beta_4': 5.544230074254187, 'beta_5': 37.01104854074792, 'beta_6': 0.08073136027573652, 'beta_7': 0.015873906511487016, 'beta_8': 1.8774165255944895e-05, 'beta_9': 8.49529316273953e-07}. Best is trial 304 with value: 6580.791546252956.
[I 2026-03-31 22:34:35,448] Trial 372 finished with value: 7091.913058609134 and parameters: {'alpha_0': 0.0011014913074638458, 'alpha_1': 6.357772679870227e-05, 'alpha_2': 5.343582570357621e-05, 'beta_0': 0.06336988430313685, 'beta_1': 7.198280251011379, 'beta_2': 0.18503970344542056, 'beta_3': 0.0010489592511267495, 'beta_4': 5.629488987886866, 'beta_5': 36.515073258773754, 'beta_6': 0.04224639139676637, 'beta_7': 0.01647749197238636, 'beta_8': 1.4152495536038492e-05, 'beta_9': 8.807799644110354e-07}. Best is trial 304 with value: 6580.791546252956.
[I 2026-03-31 22:34:44,711] Trial 373 finished with value: inf and parameters: {'alpha_0': 0.001185015014253969, 'alpha_1': 6.60208501052216e-05, 'alpha_2': 4.9832478979733765e-05, 'beta_0': 0.05469836268513761, 'beta_1': 6.8374486907191265, 'beta_2': 0.1788996970078168, 'beta_3': 0.0007292652740720564, 'beta_4': 5.898966569768566, 'beta_5': 35.737589615937544, 'beta_6': 0.040902155624415654, 'beta_7': 0.022792235005113327, 'beta_8': 1.605543599974576e-05, 'beta_9': 8.252505103873998e-07}. Best is trial 304 with value: 6580.791546252956.
[I 2026-03-31 22:34:53,990] Trial 374 finished with value: 7184.422637238431 and parameters: {'alpha_0': 0.0012853680669349227, 'alpha_1': 6.453102275726563e-05, 'alpha_2': 5.146134198106551e-05, 'beta_0': 0.057833626561581, 'beta_1': 7.525380446813724, 'beta_2': 0.1859608786724549, 'beta_3': 0.0007840112298260932, 'beta_4': 5.582780003059349, 'beta_5': 35.49758918028244, 'beta_6': 0.04214424447541789, 'beta_7': 0.015531739124255543, 'beta_8': 1.7687009080815044e-05, 'beta_9': 9.05653657378087e-07}. Best is trial 304 with value: 6580.791546252956.
