[I 2026-03-31 22:21:16,010] Trial 285 finished with value: 6729.201677719806 and parameters: {'alpha_0': 0.0011577099712213978, 'alpha_1': 5.929603318236043e-05, 'alpha_2': 4.450216121139386e-05, 'beta_0': 0.17037869571305617, 'beta_1': 12.845531975986924, 'beta_2': 0.18741268843015838, 'beta_3': 0.0007344022953805558, 'beta_4': 4.124363877605827, 'beta_5': 33.38528172015091, 'beta_6': 0.050084806127661266, 'beta_7': 0.015924657685879987, 'beta_8': 1.1674478171370867e-05, 'beta_9': 9.975624743291092e-07}. Best is trial 251 with value: 6615.606706336191.Best trial: 251. Best value: 6615.61:  14%|█▍        | 285/2000 [42:31<4:22:14,  9.17s/it]Best trial: 251. Best value: 6615.61:  14%|█▍        | 285/2000 [42:31<4:22:14,  9.17s/it]Best trial: 251. Best value: 6615.61:  14%|█▍        | 286/2000 [42:31<4:22:47,  9.20s/it]                                                                                          Best trial: 251. Best value: 6615.61:  14%|█▍        | 286/2000 [42:40<4:22:47,  9.20s/it]Best trial: 251. Best value: 6615.61:  14%|█▍        | 286/2000 [42:40<4:22:47,  9.20s/it]Best trial: 251. Best value: 6615.61:  14%|█▍        | 287/2000 [42:40<4:24:08,  9.25s/it]                                                                                          Best trial: 251. Best value: 6615.61:  14%|█▍        | 287/2000 [42:50<4:24:08,  9.25s/it]Best trial: 251. Best value: 6615.61:  14%|█▍        | 287/2000 [42:50<4:24:08,  9.25s/it]Best trial: 251. Best value: 6615.61:  14%|█▍        | 288/2000 [42:50<4:24:24,  9.27s/it]                                                                                          Best trial: 251. Best value: 6615.61:  14%|█▍        | 288/2000 [42:59<4:24:24,  9.27s/it]Best trial: 251. Best value: 6615.61:  14%|█▍        | 288/2000 [42:59<4:24:24,  9.27s/it]Best trial: 251. Best value: 6615.61:  14%|█▍        | 289/2000 [42:59<4:24:36,  9.28s/it]                                                                                          Best trial: 251. Best value: 6615.61:  14%|█▍        | 289/2000 [43:08<4:24:36,  9.28s/it]Best trial: 251. Best value: 6615.61:  14%|█▍        | 289/2000 [43:08<4:24:36,  9.28s/it]Best trial: 251. Best value: 6615.61:  14%|█▍        | 290/2000 [43:08<4:23:50,  9.26s/it]                                                                                          Best trial: 251. Best value: 6615.61:  14%|█▍        | 290/2000 [43:17<4:23:50,  9.26s/it]Best trial: 251. Best value: 6615.61:  14%|█▍        | 290/2000 [43:17<4:23:50,  9.26s/it]Best trial: 251. Best value: 6615.61:  15%|█▍        | 291/2000 [43:17<4:23:51,  9.26s/it]                                                                                          Best trial: 251. Best value: 6615.61:  15%|█▍        | 291/2000 [43:27<4:23:51,  9.26s/it]Best trial: 251. Best value: 6615.61:  15%|█▍        | 291/2000 [43:27<4:23:51,  9.26s/it]Best trial: 251. Best value: 6615.61:  15%|█▍        | 292/2000 [43:27<4:23:29,  9.26s/it]                                                                                          Best trial: 251. Best value: 6615.61:  15%|█▍        | 292/2000 [43:36<4:23:29,  9.26s/it]Best trial: 251. Best value: 6615.61:  15%|█▍        | 292/2000 [43:36<4:23:29,  9.26s/it]Best trial: 251. Best value: 6615.61:  15%|█▍        | 293/2000 [43:36<4:23:28,  9.26s/it]                                                                                          Best trial: 251. Best value: 6615.61:  15%|█▍        | 293/2000 [43:45<4:23:28,  9.26s/it]Best trial: 251. Best value: 6615.61:  15%|█▍        | 293/2000 [43:45<4:23:28,  9.26s/it]Best trial: 251. Best value: 6615.61:  15%|█▍        | 294/2000 [43:45<4:24:14,  9.29s/it]                                                                                          Best trial: 251. Best value: 6615.61:  15%|█▍        | 294/2000 [43:55<4:24:14,  9.29s/it]Best trial: 251. Best value: 6615.61:  15%|█▍        | 294/2000 [43:55<4:24:14,  9.29s/it]Best trial: 251. Best value: 6615.61:  15%|█▍        | 295/2000 [43:55<4:23:25,  9.27s/it]                                                                                          Best trial: 251. Best value: 6615.61:  15%|█▍        | 295/2000 [44:04<4:23:25,  9.27s/it]Best trial: 251. Best value: 6615.61:  15%|█▍        | 295/2000 [44:04<4:23:25,  9.27s/it]Best trial: 251. Best value: 6615.61:  15%|█▍        | 296/2000 [44:04<4:23:28,  9.28s/it]                                                                                          Best trial: 251. Best value: 6615.61:  15%|█▍        | 296/2000 [44:13<4:23:28,  9.28s/it]Best trial: 251. Best value: 6615.61:  15%|█▍        | 296/2000 [44:13<4:23:28,  9.28s/it]Best trial: 251. Best value: 6615.61:  15%|█▍        | 297/2000 [44:13<4:23:58,  9.30s/it]                                                                                          Best trial: 251. Best value: 6615.61:  15%|█▍        | 297/2000 [44:23<4:23:58,  9.30s/it]Best trial: 251. Best value: 6615.61:  15%|█▍        | 297/2000 [44:23<4:23:58,  9.30s/it]Best trial: 251. Best value: 6615.61:  15%|█▍        | 298/2000 [44:23<4:24:14,  9.32s/it]                                                                                          Best trial: 251. Best value: 6615.61:  15%|█▍        | 298/2000 [44:32<4:24:14,  9.32s/it]Best trial: 251. Best value: 6615.61:  15%|█▍        | 298/2000 [44:32<4:24:14,  9.32s/it]Best trial: 251. Best value: 6615.61:  15%|█▍        | 299/2000 [44:32<4:24:23,  9.33s/it]                                                                                          Best trial: 251. Best value: 6615.61:  15%|█▍        | 299/2000 [44:41<4:24:23,  9.33s/it]Best trial: 251. Best value: 6615.61:  15%|█▍        | 299/2000 [44:41<4:24:23,  9.33s/it]Best trial: 251. Best value: 6615.61:  15%|█▌        | 300/2000 [44:41<4:23:25,  9.30s/it]                                                                                          
[I 2026-03-31 22:21:25,384] Trial 286 finished with value: 7267.440481737628 and parameters: {'alpha_0': 0.0010412771509935488, 'alpha_1': 6.125241955392104e-05, 'alpha_2': 4.3187173648442446e-05, 'beta_0': 0.06201149859523636, 'beta_1': 13.081596796110814, 'beta_2': 0.18114925294739953, 'beta_3': 0.0007573838555927205, 'beta_4': 4.2931938957887095, 'beta_5': 31.405735207218395, 'beta_6': 0.04254185866210028, 'beta_7': 0.015575911108891612, 'beta_8': 3.816793792493176e-05, 'beta_9': 9.335143515518811e-07}. Best is trial 251 with value: 6615.606706336191.
[I 2026-03-31 22:21:34,685] Trial 287 finished with value: 6774.485304659684 and parameters: {'alpha_0': 0.0011857617252750438, 'alpha_1': 5.779370886220266e-05, 'alpha_2': 4.168260022316326e-05, 'beta_0': 0.05039261703732711, 'beta_1': 11.873380336234668, 'beta_2': 0.15855913585837317, 'beta_3': 0.0007854848870137296, 'beta_4': 4.436170041398426, 'beta_5': 32.05043573465093, 'beta_6': 0.04908146300140009, 'beta_7': 0.016313896432344932, 'beta_8': 3.569922514355809e-05, 'beta_9': 9.815255032316577e-07}. Best is trial 251 with value: 6615.606706336191.
[I 2026-03-31 22:21:43,994] Trial 288 finished with value: 6712.829712544505 and parameters: {'alpha_0': 0.0010954484355790318, 'alpha_1': 6.437879293589534e-05, 'alpha_2': 4.6335188971039645e-05, 'beta_0': 0.07299093030561198, 'beta_1': 12.656483481353408, 'beta_2': 0.18618821091743304, 'beta_3': 0.0007287464636506525, 'beta_4': 3.9946713316648723, 'beta_5': 31.495344926036196, 'beta_6': 0.04784998991578289, 'beta_7': 0.015939063036551817, 'beta_8': 3.474974578239843e-05, 'beta_9': 1.0324763467731908e-06}. Best is trial 251 with value: 6615.606706336191.
[I 2026-03-31 22:21:53,200] Trial 289 finished with value: 6805.791717491164 and parameters: {'alpha_0': 0.0009994841276646062, 'alpha_1': 6.277886782269535e-05, 'alpha_2': 4.507399352267423e-05, 'beta_0': 0.054841314380337076, 'beta_1': 12.26992894029729, 'beta_2': 0.16642548154367717, 'beta_3': 0.0007029752998846198, 'beta_4': 4.4117513175946055, 'beta_5': 32.823283123618005, 'beta_6': 0.046628332224031635, 'beta_7': 0.016647940669974878, 'beta_8': 3.434832154220992e-05, 'beta_9': 8.909388290298042e-07}. Best is trial 251 with value: 6615.606706336191.
[I 2026-03-31 22:22:02,478] Trial 290 finished with value: 7449.419793230855 and parameters: {'alpha_0': 0.0010639486844602787, 'alpha_1': 6.6596801862282e-05, 'alpha_2': 4.9835875263442724e-05, 'beta_0': 0.06575533551167181, 'beta_1': 12.568361952936323, 'beta_2': 0.1892279256882737, 'beta_3': 0.0007425097266991573, 'beta_4': 6.215402584662527, 'beta_5': 33.960143079047505, 'beta_6': 0.04838129599556821, 'beta_7': 0.015388322323076287, 'beta_8': 3.592325151075466e-05, 'beta_9': 9.484350436769846e-07}. Best is trial 251 with value: 6615.606706336191.
[I 2026-03-31 22:22:11,716] Trial 291 finished with value: 6659.0394174756275 and parameters: {'alpha_0': 0.0009732896598998749, 'alpha_1': 6.026873346931061e-05, 'alpha_2': 4.00170790470145e-05, 'beta_0': 0.06183214529789793, 'beta_1': 12.10826178727093, 'beta_2': 0.18385509206620035, 'beta_3': 0.0006073744495461222, 'beta_4': 3.8385293232648063, 'beta_5': 30.71802134835068, 'beta_6': 0.05064116011614737, 'beta_7': 0.0161850177873575, 'beta_8': 2.0277963699616556e-05, 'beta_9': 9.224940508630875e-07}. Best is trial 251 with value: 6615.606706336191.
[I 2026-03-31 22:22:20,988] Trial 292 finished with value: 6755.665708535305 and parameters: {'alpha_0': 0.0011187828750948152, 'alpha_1': 6.012337409765921e-05, 'alpha_2': 4.014760731437945e-05, 'beta_0': 0.06349307788437587, 'beta_1': 12.067594912080805, 'beta_2': 0.1845218329533635, 'beta_3': 0.0006114054700411988, 'beta_4': 3.7904458744779026, 'beta_5': 32.24689361208256, 'beta_6': 0.05047674724633957, 'beta_7': 0.016360853306811588, 'beta_8': 3.444192321645487e-05, 'beta_9': 1.1319453447921514e-06}. Best is trial 251 with value: 6615.606706336191.
[I 2026-03-31 22:22:30,358] Trial 293 finished with value: 7198.90162217426 and parameters: {'alpha_0': 0.000974339474241072, 'alpha_1': 5.465727175872829e-05, 'alpha_2': 4.15805957802368e-05, 'beta_0': 0.061150166412071646, 'beta_1': 11.790646011609683, 'beta_2': 0.1829373559270547, 'beta_3': 0.00057707615881132, 'beta_4': 6.425433869126081, 'beta_5': 33.0728127250381, 'beta_6': 0.051162877571271886, 'beta_7': 0.01568574453162497, 'beta_8': 3.518148467929635e-05, 'beta_9': 9.986460644244544e-07}. Best is trial 251 with value: 6615.606706336191.
[I 2026-03-31 22:22:39,574] Trial 294 finished with value: 6739.735340293409 and parameters: {'alpha_0': 0.0007363598543806688, 'alpha_1': 5.803098591166897e-05, 'alpha_2': 4.199879215187282e-05, 'beta_0': 0.0569793948594138, 'beta_1': 12.087055884011464, 'beta_2': 0.18683423074614222, 'beta_3': 0.0006021328826997535, 'beta_4': 4.069773968000877, 'beta_5': 31.12234365464346, 'beta_6': 0.0430893390842404, 'beta_7': 0.01653141388396745, 'beta_8': 2.3066893156376365e-05, 'beta_9': 9.174427216206678e-07}. Best is trial 251 with value: 6615.606706336191.
[I 2026-03-31 22:22:48,868] Trial 295 finished with value: 7161.05834930255 and parameters: {'alpha_0': 0.001039672994097695, 'alpha_1': 6.149827617103057e-05, 'alpha_2': 4.3680135131861574e-05, 'beta_0': 0.06654220757634273, 'beta_1': 12.8775422693626, 'beta_2': 0.15073037427623814, 'beta_3': 0.0006418328704650962, 'beta_4': 3.8437930775561506, 'beta_5': 32.025652969271086, 'beta_6': 0.04942089500748104, 'beta_7': 0.017090591701440876, 'beta_8': 3.4231962891337625e-05, 'beta_9': 9.004209448254792e-07}. Best is trial 251 with value: 6615.606706336191.
[I 2026-03-31 22:22:58,223] Trial 296 finished with value: 6669.653971416707 and parameters: {'alpha_0': 0.0010871718034098595, 'alpha_1': 5.6040795974908e-05, 'alpha_2': 4.7203003674260794e-05, 'beta_0': 0.06938750857032412, 'beta_1': 13.376603383602673, 'beta_2': 0.19045066420417214, 'beta_3': 0.0005558292769904775, 'beta_4': 3.9183219342159363, 'beta_5': 30.412891440719203, 'beta_6': 0.04617820918193927, 'beta_7': 0.016153132598417906, 'beta_8': 2.0060672762042782e-05, 'beta_9': 9.529487361985829e-07}. Best is trial 251 with value: 6615.606706336191.
[I 2026-03-31 22:23:07,573] Trial 297 finished with value: 7220.025499319415 and parameters: {'alpha_0': 0.0011673479237800444, 'alpha_1': 5.024562155021471e-05, 'alpha_2': 4.734383913179697e-05, 'beta_0': 0.07073265399223319, 'beta_1': 11.896669178245867, 'beta_2': 0.18912728513122912, 'beta_3': 0.0005445548022799076, 'beta_4': 3.8932973637499155, 'beta_5': 30.45652471738404, 'beta_6': 0.04488188286437364, 'beta_7': 0.01585257727331385, 'beta_8': 2.4351624344379735e-05, 'beta_9': 9.633014079704205e-07}. Best is trial 251 with value: 6615.606706336191.
[I 2026-03-31 22:23:16,923] Trial 298 finished with value: 6762.919398406706 and parameters: {'alpha_0': 0.0011107004198476474, 'alpha_1': 5.6053595998378735e-05, 'alpha_2': 4.8873716121732285e-05, 'beta_0': 0.05874500873212761, 'beta_1': 13.571538722559525, 'beta_2': 0.1844759647308242, 'beta_3': 0.0005101037749422916, 'beta_4': 3.9453926466067464, 'beta_5': 31.525429124547422, 'beta_6': 0.04658261768552182, 'beta_7': 0.016091705092448727, 'beta_8': 1.941260752950906e-05, 'beta_9': 8.89934245552469e-07}. Best is trial 251 with value: 6615.606706336191.
[I 2026-03-31 22:23:26,153] Trial 299 finished with value: 6840.086799324943 and parameters: {'alpha_0': 0.0011878992223815967, 'alpha_1': 5.33130182820894e-05, 'alpha_2': 4.522221879108887e-05, 'beta_0': 0.0742084476169102, 'beta_1': 13.371594662327125, 'beta_2': 0.1810213862757382, 'beta_3': 0.0007012710509692771, 'beta_4': 3.634726431687885, 'beta_5': 30.770863545645618, 'beta_6': 0.04796440483022103, 'beta_7': 0.016692018608266086, 'beta_8': 1.5143420490450951e-05, 'beta_9': 9.248463541997206e-07}. Best is trial 251 with value: 6615.606706336191.
[I 2026-03-31 22:23:35,736] Trial 300 finished with value: 7604.124856111206 and parameters: {'alpha_0': 0.0010778401753414935, 'alpha_1': 5.6907854410928716e-05, 'alpha_2': 4.342295370475907e-05, 'beta_0': 0.19168174263273186, 'beta_1': 12.382981303102605, 'beta_2': 0.18758721074425283, 'beta_3': 0.000574461701576758, 'beta_4': 3.910986079431821, 'beta_5': 30.062953677849062, 'beta_6': 0.045311957959846674, 'beta_7': 0.015325506874239898, 'beta_8': 2.0174664555979958e-05, 'beta_9': 1.0199714196072017e-06}. Best is trial 251 with value: 6615.606706336191.Best trial: 251. Best value: 6615.61:  15%|█▌        | 300/2000 [44:51<4:23:25,  9.30s/it]Best trial: 251. Best value: 6615.61:  15%|█▌        | 300/2000 [44:51<4:23:25,  9.30s/it]Best trial: 251. Best value: 6615.61:  15%|█▌        | 301/2000 [44:51<4:25:41,  9.38s/it]                                                                                          Best trial: 251. Best value: 6615.61:  15%|█▌        | 301/2000 [45:00<4:25:41,  9.38s/it]Best trial: 251. Best value: 6615.61:  15%|█▌        | 301/2000 [45:00<4:25:41,  9.38s/it]Best trial: 251. Best value: 6615.61:  15%|█▌        | 302/2000 [45:00<4:24:17,  9.34s/it]                                                                                          Best trial: 251. Best value: 6615.61:  15%|█▌        | 302/2000 [45:09<4:24:17,  9.34s/it]Best trial: 251. Best value: 6615.61:  15%|█▌        | 302/2000 [45:09<4:24:17,  9.34s/it]Best trial: 251. Best value: 6615.61:  15%|█▌        | 303/2000 [45:09<4:23:16,  9.31s/it]                                                                                          Best trial: 251. Best value: 6615.61:  15%|█▌        | 303/2000 [45:18<4:23:16,  9.31s/it]Best trial: 251. Best value: 6615.61:  15%|█▌        | 303/2000 [45:18<4:23:16,  9.31s/it]Best trial: 251. Best value: 6615.61:  15%|█▌        | 304/2000 [45:18<4:23:29,  9.32s/it]                                                                                          Best trial: 251. Best value: 6615.61:  15%|█▌        | 304/2000 [45:28<4:23:29,  9.32s/it]Best trial: 304. Best value: 6580.79:  15%|█▌        | 304/2000 [45:28<4:23:29,  9.32s/it]Best trial: 304. Best value: 6580.79:  15%|█▌        | 305/2000 [45:28<4:23:02,  9.31s/it]                                                                                          Best trial: 304. Best value: 6580.79:  15%|█▌        | 305/2000 [45:37<4:23:02,  9.31s/it]Best trial: 304. Best value: 6580.79:  15%|█▌        | 305/2000 [45:37<4:23:02,  9.31s/it]Best trial: 304. Best value: 6580.79:  15%|█▌        | 306/2000 [45:37<4:22:49,  9.31s/it]                                                                                          Best trial: 304. Best value: 6580.79:  15%|█▌        | 306/2000 [45:46<4:22:49,  9.31s/it]Best trial: 304. Best value: 6580.79:  15%|█▌        | 306/2000 [45:46<4:22:49,  9.31s/it]Best trial: 304. Best value: 6580.79:  15%|█▌        | 307/2000 [45:46<4:22:33,  9.30s/it]                                                                                          Best trial: 304. Best value: 6580.79:  15%|█▌        | 307/2000 [45:56<4:22:33,  9.30s/it]Best trial: 304. Best value: 6580.79:  15%|█▌        | 307/2000 [45:56<4:22:33,  9.30s/it]Best trial: 304. Best value: 6580.79:  15%|█▌        | 308/2000 [45:56<4:22:34,  9.31s/it]                                                                                          Best trial: 304. Best value: 6580.79:  15%|█▌        | 308/2000 [46:05<4:22:34,  9.31s/it]Best trial: 304. Best value: 6580.79:  15%|█▌        | 308/2000 [46:05<4:22:34,  9.31s/it]Best trial: 304. Best value: 6580.79:  15%|█▌        | 309/2000 [46:05<4:22:27,  9.31s/it]                                                                                          Best trial: 304. Best value: 6580.79:  15%|█▌        | 309/2000 [46:14<4:22:27,  9.31s/it]Best trial: 304. Best value: 6580.79:  15%|█▌        | 309/2000 [46:14<4:22:27,  9.31s/it]Best trial: 304. Best value: 6580.79:  16%|█▌        | 310/2000 [46:14<4:22:34,  9.32s/it]                                                                                          Best trial: 304. Best value: 6580.79:  16%|█▌        | 310/2000 [46:24<4:22:34,  9.32s/it]Best trial: 304. Best value: 6580.79:  16%|█▌        | 310/2000 [46:24<4:22:34,  9.32s/it]Best trial: 304. Best value: 6580.79:  16%|█▌        | 311/2000 [46:24<4:22:32,  9.33s/it]                                                                                          Best trial: 304. Best value: 6580.79:  16%|█▌        | 311/2000 [46:33<4:22:32,  9.33s/it]Best trial: 304. Best value: 6580.79:  16%|█▌        | 311/2000 [46:33<4:22:32,  9.33s/it]Best trial: 304. Best value: 6580.79:  16%|█▌        | 312/2000 [46:33<4:21:26,  9.29s/it]                                                                                          Best trial: 304. Best value: 6580.79:  16%|█▌        | 312/2000 [46:42<4:21:26,  9.29s/it]Best trial: 304. Best value: 6580.79:  16%|█▌        | 312/2000 [46:42<4:21:26,  9.29s/it]Best trial: 304. Best value: 6580.79:  16%|█▌        | 313/2000 [46:42<4:21:00,  9.28s/it]                                                                                          Best trial: 304. Best value: 6580.79:  16%|█▌        | 313/2000 [46:51<4:21:00,  9.28s/it]Best trial: 304. Best value: 6580.79:  16%|█▌        | 313/2000 [46:51<4:21:00,  9.28s/it]Best trial: 304. Best value: 6580.79:  16%|█▌        | 314/2000 [46:51<4:20:51,  9.28s/it]                                                                                          Best trial: 304. Best value: 6580.79:  16%|█▌        | 314/2000 [47:01<4:20:51,  9.28s/it]Best trial: 304. Best value: 6580.79:  16%|█▌        | 314/2000 [47:01<4:20:51,  9.28s/it]Best trial: 304. Best value: 6580.79:  16%|█▌        | 315/2000 [47:01<4:21:45,  9.32s/it]                                                                                          
[I 2026-03-31 22:23:44,973] Trial 301 finished with value: 7414.746793917623 and parameters: {'alpha_0': 0.0009616182497587803, 'alpha_1': 5.932840361065933e-05, 'alpha_2': 5.190081187518121e-05, 'beta_0': 0.054171247532256134, 'beta_1': 12.14614807418093, 'beta_2': 0.18586833067766545, 'beta_3': 0.0005576114651858127, 'beta_4': 3.772502192950119, 'beta_5': 32.5980267604023, 'beta_6': 0.04199091554071942, 'beta_7': 0.015676086424646712, 'beta_8': 3.4725595170260505e-05, 'beta_9': 1.0600950126238867e-06}. Best is trial 251 with value: 6615.606706336191.
[I 2026-03-31 22:23:54,210] Trial 302 finished with value: 6772.828611884399 and parameters: {'alpha_0': 0.000784722304019965, 'alpha_1': 6.483307782543718e-05, 'alpha_2': 4.002595560396884e-05, 'beta_0': 0.061388669981237605, 'beta_1': 14.23704265682803, 'beta_2': 0.18327304229136213, 'beta_3': 0.000721633223090251, 'beta_4': 4.018440929679136, 'beta_5': 34.46966530661179, 'beta_6': 0.04715860694401682, 'beta_7': 0.016266743898337578, 'beta_8': 1.7405050462086997e-05, 'beta_9': 9.623029430013604e-07}. Best is trial 251 with value: 6615.606706336191.
[I 2026-03-31 22:24:03,563] Trial 303 finished with value: 7382.849901597601 and parameters: {'alpha_0': 0.0011348893937306523, 'alpha_1': 6.298145991179865e-05, 'alpha_2': 4.649813539595836e-05, 'beta_0': 0.06933459064678839, 'beta_1': 12.487012099105497, 'beta_2': 0.19077433255536436, 'beta_3': 0.0012572100602378372, 'beta_4': 3.649440470956423, 'beta_5': 31.16183719028107, 'beta_6': 0.04899905349725203, 'beta_7': 0.01503991844996117, 'beta_8': 2.7389618093907574e-05, 'beta_9': 9.854087045345845e-07}. Best is trial 251 with value: 6615.606706336191.
