[I 2026-03-31 23:38:54,273] Trial 799 finished with value: 6567.386064815686 and parameters: {'alpha_0': 0.0006196496705568351, 'alpha_1': 5.365452518942459e-05, 'alpha_2': 4.379845468807861e-05, 'beta_0': 0.07624269129642701, 'beta_1': 6.03264777152768, 'beta_2': 0.21181296404574876, 'beta_3': 0.0008797937191282938, 'beta_4': 6.477628086954989, 'beta_5': 33.537063027249054, 'beta_6': 0.04233289307337653, 'beta_7': 0.01584449003270312, 'beta_8': 3.8845239119910563e-05, 'beta_9': 6.963721439960101e-07}. Best is trial 691 with value: 6538.461030825155.
[I 2026-03-31 23:39:03,605] Trial 800 finished with value: inf and parameters: {'alpha_0': 0.0005665713800103109, 'alpha_1': 5.000921190105362e-05, 'alpha_2': 4.5573035892988755e-05, 'beta_0': 0.07628280302058063, 'beta_1': 5.77057582684931, 'beta_2': 0.2133653641203578, 'beta_3': 0.000880339155023592, 'beta_4': 6.45342983410588, 'beta_5': 33.95650896280546, 'beta_6': 0.04462007848845324, 'beta_7': 0.02152745182974249, 'beta_8': 3.907013966372897e-05, 'beta_9': 7.954846457730714e-07}. Best is trial 691 with value: 6538.461030825155.
[I 2026-03-31 23:39:12,868] Trial 801 finished with value: 6724.479171474331 and parameters: {'alpha_0': 0.0006173042952290485, 'alpha_1': 5.175122222290533e-05, 'alpha_2': 4.4043931122621956e-05, 'beta_0': 0.07457409811634169, 'beta_1': 5.974601114281883, 'beta_2': 0.21189044137725915, 'beta_3': 0.0008994706900380795, 'beta_4': 6.294792439231728, 'beta_5': 31.639101626181013, 'beta_6': 0.04294949130300124, 'beta_7': 0.01604178343248042, 'beta_8': 3.894142819716941e-05, 'beta_9': 7.26056983358148e-07}. Best is trial 691 with value: 6538.461030825155.
[I 2026-03-31 23:39:22,185] Trial 802 finished with value: 7110.4783273507455 and parameters: {'alpha_0': 0.0005940411660327159, 'alpha_1': 5.7914082933859305e-05, 'alpha_2': 4.418188515159098e-05, 'beta_0': 0.07830183980246122, 'beta_1': 5.43912934594405, 'beta_2': 0.21742801536090933, 'beta_3': 0.0008874254443256091, 'beta_4': 6.440618932102228, 'beta_5': 33.063621312387355, 'beta_6': 0.043807948784403763, 'beta_7': 0.01694743137085964, 'beta_8': 3.949092339955552e-05, 'beta_9': 7.793095777494424e-07}. Best is trial 691 with value: 6538.461030825155.
[I 2026-03-31 23:39:31,463] Trial 803 finished with value: 6805.8891803401975 and parameters: {'alpha_0': 0.0005500374734228138, 'alpha_1': 5.553459315839942e-05, 'alpha_2': 4.342845230738051e-05, 'beta_0': 0.07581487231198097, 'beta_1': 6.117702435183893, 'beta_2': 0.17215472342306648, 'beta_3': 0.0008657948264886129, 'beta_4': 6.131254809496789, 'beta_5': 34.833029958091544, 'beta_6': 0.042196344856560396, 'beta_7': 0.016380935208738512, 'beta_8': 3.858120909472713e-05, 'beta_9': 7.033891341890792e-07}. Best is trial 691 with value: 6538.461030825155.
[I 2026-03-31 23:39:40,720] Trial 804 finished with value: 6726.957690617099 and parameters: {'alpha_0': 0.0006297193665359367, 'alpha_1': 0.00011657653527899119, 'alpha_2': 4.542741149567836e-05, 'beta_0': 0.08076511107897821, 'beta_1': 5.001075048858479, 'beta_2': 0.21558800095140465, 'beta_3': 0.0009124960600356469, 'beta_4': 6.242712119183006, 'beta_5': 33.666661943796086, 'beta_6': 0.044532957604268265, 'beta_7': 0.015877538775783465, 'beta_8': 3.951255252319201e-05, 'beta_9': 6.569737648517078e-07}. Best is trial 691 with value: 6538.461030825155.
[I 2026-03-31 23:39:49,979] Trial 805 finished with value: 6749.292952864143 and parameters: {'alpha_0': 0.0006024344405938937, 'alpha_1': 5.3444156947197546e-05, 'alpha_2': 4.294044203720597e-05, 'beta_0': 0.07485141784869596, 'beta_1': 5.621955960341396, 'beta_2': 0.2122061941187967, 'beta_3': 0.0008714108690550292, 'beta_4': 6.414001809346059, 'beta_5': 32.248562819911754, 'beta_6': 0.04268388454533921, 'beta_7': 0.01617780139520903, 'beta_8': 3.8406791863817774e-05, 'beta_9': 7.38838647842784e-07}. Best is trial 691 with value: 6538.461030825155.
[I 2026-03-31 23:39:51,373] Trial 806 finished with value: inf and parameters: {'alpha_0': 0.0006486403312648157, 'alpha_1': 5.168607065385796e-05, 'alpha_2': 4.606130889097077e-05, 'beta_0': 0.08146214967866411, 'beta_1': 5.830821032661619, 'beta_2': 0.21010755870450673, 'beta_3': 0.000931470720515952, 'beta_4': 6.586704039710789, 'beta_5': 30.872337536054037, 'beta_6': 0.04148699596002025, 'beta_7': 0.029441732499352374, 'beta_8': 3.9994332900670934e-05, 'beta_9': 7.491215867307754e-07}. Best is trial 691 with value: 6538.461030825155.
[I 2026-03-31 23:40:00,593] Trial 807 finished with value: 6598.52186670166 and parameters: {'alpha_0': 0.0005681315309930724, 'alpha_1': 5.571985717893327e-05, 'alpha_2': 4.140359613324656e-05, 'beta_0': 0.07942539280196698, 'beta_1': 5.23067229736428, 'beta_2': 0.21341716891606613, 'beta_3': 0.0009138019474532347, 'beta_4': 6.502326968288386, 'beta_5': 32.68472143747312, 'beta_6': 0.043207318753606325, 'beta_7': 0.015817448804455507, 'beta_8': 3.8997151420353394e-05, 'beta_9': 7.016372602270014e-07}. Best is trial 691 with value: 6538.461030825155.
[I 2026-03-31 23:40:09,825] Trial 808 finished with value: 7062.299678929689 and parameters: {'alpha_0': 0.0007396775782477215, 'alpha_1': 5.366136667955414e-05, 'alpha_2': 4.28602801285304e-05, 'beta_0': 0.07448788462629177, 'beta_1': 6.127968894607884, 'beta_2': 0.2103908193242317, 'beta_3': 0.0008951953700202163, 'beta_4': 6.123145297791591, 'beta_5': 33.50167865825888, 'beta_6': 0.0413916704535503, 'beta_7': 0.016537010928678077, 'beta_8': 3.7189566620540675e-05, 'beta_9': 7.872143357943343e-07}. Best is trial 691 with value: 6538.461030825155.
[I 2026-03-31 23:40:19,034] Trial 809 finished with value: 6705.523206322961 and parameters: {'alpha_0': 0.0006573878084743781, 'alpha_1': 5.782590358129142e-05, 'alpha_2': 4.406295779829169e-05, 'beta_0': 0.08369701347643674, 'beta_1': 5.945323742360731, 'beta_2': 0.20895540780008104, 'beta_3': 0.0009468781967712857, 'beta_4': 6.691914384165664, 'beta_5': 32.008491793771775, 'beta_6': 0.04242719463737386, 'beta_7': 0.015619398445117201, 'beta_8': 3.7942942825451666e-05, 'beta_9': 6.46768313805687e-07}. Best is trial 691 with value: 6538.461030825155.
[I 2026-03-31 23:40:28,316] Trial 810 finished with value: 7386.571553546415 and parameters: {'alpha_0': 0.0005978707244286129, 'alpha_1': 5.004139221432392e-05, 'alpha_2': 4.1643824331870987e-05, 'beta_0': 0.07814096766784445, 'beta_1': 5.6539418192890105, 'beta_2': 0.21115787277809117, 'beta_3': 0.000866283671618114, 'beta_4': 6.353954286607324, 'beta_5': 34.22015772700304, 'beta_6': 0.04099889992871047, 'beta_7': 0.015237941500519556, 'beta_8': 3.898822820823519e-05, 'beta_9': 6.79301596793189e-07}. Best is trial 691 with value: 6538.461030825155.Best trial: 691. Best value: 6538.46:  40%|████      | 810/2000 [2:01:43<2:47:08,  8.43s/it]Best trial: 691. Best value: 6538.46:  40%|████      | 810/2000 [2:01:43<2:47:08,  8.43s/it]Best trial: 691. Best value: 6538.46:  41%|████      | 811/2000 [2:01:43<2:52:05,  8.68s/it]                                                                                            Best trial: 691. Best value: 6538.46:  41%|████      | 811/2000 [2:01:53<2:52:05,  8.68s/it]Best trial: 691. Best value: 6538.46:  41%|████      | 811/2000 [2:01:53<2:52:05,  8.68s/it]Best trial: 691. Best value: 6538.46:  41%|████      | 812/2000 [2:01:53<2:56:09,  8.90s/it]                                                                                            Best trial: 691. Best value: 6538.46:  41%|████      | 812/2000 [2:02:02<2:56:09,  8.90s/it]Best trial: 691. Best value: 6538.46:  41%|████      | 812/2000 [2:02:02<2:56:09,  8.90s/it]Best trial: 691. Best value: 6538.46:  41%|████      | 813/2000 [2:02:02<2:58:18,  9.01s/it]                                                                                            Best trial: 691. Best value: 6538.46:  41%|████      | 813/2000 [2:02:11<2:58:18,  9.01s/it]Best trial: 691. Best value: 6538.46:  41%|████      | 813/2000 [2:02:11<2:58:18,  9.01s/it]Best trial: 691. Best value: 6538.46:  41%|████      | 814/2000 [2:02:11<3:00:39,  9.14s/it]                                                                                            Best trial: 691. Best value: 6538.46:  41%|████      | 814/2000 [2:02:21<3:00:39,  9.14s/it]Best trial: 691. Best value: 6538.46:  41%|████      | 814/2000 [2:02:21<3:00:39,  9.14s/it]Best trial: 691. Best value: 6538.46:  41%|████      | 815/2000 [2:02:21<3:01:12,  9.18s/it]                                                                                            Best trial: 691. Best value: 6538.46:  41%|████      | 815/2000 [2:02:30<3:01:12,  9.18s/it]Best trial: 691. Best value: 6538.46:  41%|████      | 815/2000 [2:02:30<3:01:12,  9.18s/it]Best trial: 691. Best value: 6538.46:  41%|████      | 816/2000 [2:02:30<3:02:17,  9.24s/it]                                                                                            Best trial: 691. Best value: 6538.46:  41%|████      | 816/2000 [2:02:39<3:02:17,  9.24s/it]Best trial: 691. Best value: 6538.46:  41%|████      | 816/2000 [2:02:39<3:02:17,  9.24s/it]Best trial: 691. Best value: 6538.46:  41%|████      | 817/2000 [2:02:39<3:02:08,  9.24s/it]                                                                                            Best trial: 691. Best value: 6538.46:  41%|████      | 817/2000 [2:02:49<3:02:08,  9.24s/it]Best trial: 691. Best value: 6538.46:  41%|████      | 817/2000 [2:02:49<3:02:08,  9.24s/it]Best trial: 691. Best value: 6538.46:  41%|████      | 818/2000 [2:02:49<3:02:27,  9.26s/it]                                                                                            Best trial: 691. Best value: 6538.46:  41%|████      | 818/2000 [2:02:58<3:02:27,  9.26s/it]Best trial: 691. Best value: 6538.46:  41%|████      | 818/2000 [2:02:58<3:02:27,  9.26s/it]Best trial: 691. Best value: 6538.46:  41%|████      | 819/2000 [2:02:58<3:01:58,  9.24s/it]                                                                                            Best trial: 691. Best value: 6538.46:  41%|████      | 819/2000 [2:03:07<3:01:58,  9.24s/it]Best trial: 691. Best value: 6538.46:  41%|████      | 819/2000 [2:03:07<3:01:58,  9.24s/it]Best trial: 691. Best value: 6538.46:  41%|████      | 820/2000 [2:03:07<3:01:23,  9.22s/it]                                                                                            Best trial: 691. Best value: 6538.46:  41%|████      | 820/2000 [2:03:16<3:01:23,  9.22s/it]Best trial: 691. Best value: 6538.46:  41%|████      | 820/2000 [2:03:16<3:01:23,  9.22s/it]Best trial: 691. Best value: 6538.46:  41%|████      | 821/2000 [2:03:16<3:00:50,  9.20s/it]                                                                                            Best trial: 691. Best value: 6538.46:  41%|████      | 821/2000 [2:03:25<3:00:50,  9.20s/it]Best trial: 691. Best value: 6538.46:  41%|████      | 821/2000 [2:03:25<3:00:50,  9.20s/it]Best trial: 691. Best value: 6538.46:  41%|████      | 822/2000 [2:03:25<3:01:06,  9.22s/it]                                                                                            Best trial: 691. Best value: 6538.46:  41%|████      | 822/2000 [2:03:35<3:01:06,  9.22s/it]Best trial: 691. Best value: 6538.46:  41%|████      | 822/2000 [2:03:35<3:01:06,  9.22s/it]Best trial: 691. Best value: 6538.46:  41%|████      | 823/2000 [2:03:35<3:01:00,  9.23s/it]                                                                                            Best trial: 691. Best value: 6538.46:  41%|████      | 823/2000 [2:03:44<3:01:00,  9.23s/it]Best trial: 691. Best value: 6538.46:  41%|████      | 823/2000 [2:03:44<3:01:00,  9.23s/it]Best trial: 691. Best value: 6538.46:  41%|████      | 824/2000 [2:03:44<3:01:06,  9.24s/it]                                                                                            Best trial: 691. Best value: 6538.46:  41%|████      | 824/2000 [2:03:53<3:01:06,  9.24s/it]Best trial: 691. Best value: 6538.46:  41%|████      | 824/2000 [2:03:53<3:01:06,  9.24s/it]Best trial: 691. Best value: 6538.46:  41%|████▏     | 825/2000 [2:03:53<3:01:21,  9.26s/it]                                                                                            
[I 2026-03-31 23:40:37,710] Trial 811 finished with value: inf and parameters: {'alpha_0': 0.0005506459105179267, 'alpha_1': 5.215592180531796e-05, 'alpha_2': 4.001349486418609e-05, 'beta_0': 0.14590240260575887, 'beta_1': 6.370981465777418, 'beta_2': 0.21386821298176148, 'beta_3': 0.0009116865732814504, 'beta_4': 6.244711721775875, 'beta_5': 32.762961077364444, 'beta_6': 0.061296459389457034, 'beta_7': 0.01972004234007843, 'beta_8': 3.843704292864745e-05, 'beta_9': 7.621339972341995e-07}. Best is trial 691 with value: 6538.461030825155.
[I 2026-03-31 23:40:46,995] Trial 812 finished with value: inf and parameters: {'alpha_0': 0.0007008243652281203, 'alpha_1': 5.490253618604172e-05, 'alpha_2': 4.26961966916295e-05, 'beta_0': 0.08456800520693292, 'beta_1': 5.86562482678542, 'beta_2': 0.19855169536703343, 'beta_3': 0.0009449959048700839, 'beta_4': 6.844325186087124, 'beta_5': 31.481300598129383, 'beta_6': 0.044504690358099064, 'beta_7': 0.01819516261116867, 'beta_8': 1.1816841205601678e-05, 'beta_9': 7.19902047126355e-07}. Best is trial 691 with value: 6538.461030825155.
[I 2026-03-31 23:40:56,428] Trial 813 finished with value: 6735.6840411574 and parameters: {'alpha_0': 0.0006330611432985268, 'alpha_1': 5.000673234303891e-05, 'alpha_2': 4.548236521405916e-05, 'beta_0': 0.0760266476678737, 'beta_1': 5.497982917152992, 'beta_2': 0.2085283726219806, 'beta_3': 0.0008910818715832248, 'beta_4': 6.470921456586812, 'beta_5': 33.56624810387228, 'beta_6': 0.043365833613609885, 'beta_7': 0.016057756868409805, 'beta_8': 3.953246170176058e-05, 'beta_9': 6.943021458426841e-07}. Best is trial 691 with value: 6538.461030825155.
[I 2026-03-31 23:41:05,687] Trial 814 finished with value: 7061.719215704452 and parameters: {'alpha_0': 0.0007730247220526027, 'alpha_1': 5.3276225416632615e-05, 'alpha_2': 4.00324786775275e-05, 'beta_0': 0.08108061655222809, 'beta_1': 6.1441662371036685, 'beta_2': 0.2049305459321967, 'beta_3': 0.0009265548578685631, 'beta_4': 6.5824850828547605, 'beta_5': 32.37718441799528, 'beta_6': 0.0748887892232553, 'beta_7': 0.01550379574384615, 'beta_8': 3.905001790244905e-05, 'beta_9': 7.963343840884512e-07}. Best is trial 691 with value: 6538.461030825155.
[I 2026-03-31 23:41:15,070] Trial 815 finished with value: 6759.278884070147 and parameters: {'alpha_0': 0.0006773232595117903, 'alpha_1': 5.685710130862133e-05, 'alpha_2': 4.2658179097483816e-05, 'beta_0': 0.08378343257857965, 'beta_1': 5.756527307774973, 'beta_2': 0.21189748533384511, 'beta_3': 0.0008731102984494152, 'beta_4': 7.3744080881700445, 'beta_5': 33.15200047920088, 'beta_6': 0.09660566580491331, 'beta_7': 0.01586524823477983, 'beta_8': 3.7717181246524365e-05, 'beta_9': 7.452954159539691e-07}. Best is trial 691 with value: 6538.461030825155.
[I 2026-03-31 23:41:24,308] Trial 816 finished with value: 6779.610611976902 and parameters: {'alpha_0': 0.0005884544323420902, 'alpha_1': 5.187664937788217e-05, 'alpha_2': 4.384231060777063e-05, 'beta_0': 0.07372089406088875, 'beta_1': 11.196280825478032, 'beta_2': 0.20882608905422845, 'beta_3': 0.0009494644328560918, 'beta_4': 6.3792585721700545, 'beta_5': 34.00654667302632, 'beta_6': 0.04111037256506109, 'beta_7': 0.016332553570362868, 'beta_8': 3.825571232594605e-05, 'beta_9': 6.653949350914816e-07}. Best is trial 691 with value: 6538.461030825155.
[I 2026-03-31 23:41:33,627] Trial 817 finished with value: 6742.922219429327 and parameters: {'alpha_0': 0.0007236606174405385, 'alpha_1': 5.857884747071993e-05, 'alpha_2': 9.349078371311394e-05, 'beta_0': 0.07355469470779072, 'beta_1': 9.566511379765034, 'beta_2': 0.2021211434467117, 'beta_3': 0.0009758693475520264, 'beta_4': 6.189678937791453, 'beta_5': 31.793177841879448, 'beta_6': 0.0400470425561781, 'beta_7': 0.015522550564154124, 'beta_8': 3.9540792216600146e-05, 'beta_9': 7.140515375474886e-07}. Best is trial 691 with value: 6538.461030825155.
[I 2026-03-31 23:41:42,831] Trial 818 finished with value: 6757.473731737329 and parameters: {'alpha_0': 0.0005449643991169354, 'alpha_1': 5.464698647322613e-05, 'alpha_2': 4.1452309882140715e-05, 'beta_0': 0.11742605006042198, 'beta_1': 6.524084181446899, 'beta_2': 0.20535846079502398, 'beta_3': 0.0009069710252963475, 'beta_4': 6.5135842691690105, 'beta_5': 34.72324506870057, 'beta_6': 0.042223223251116854, 'beta_7': 0.01613233596775597, 'beta_8': 3.896338997094829e-05, 'beta_9': 6.489342052298402e-07}. Best is trial 691 with value: 6538.461030825155.
[I 2026-03-31 23:41:52,005] Trial 819 finished with value: 6620.660772053387 and parameters: {'alpha_0': 0.0006302979909242084, 'alpha_1': 5.000470856131225e-05, 'alpha_2': 4.6114898272141944e-05, 'beta_0': 0.08658667608224094, 'beta_1': 5.981400357041435, 'beta_2': 0.21046674269735313, 'beta_3': 0.0009640386728499094, 'beta_4': 6.67507284257621, 'beta_5': 32.75675279901319, 'beta_6': 0.04380713805061479, 'beta_7': 0.01582848837463913, 'beta_8': 3.750006950406825e-05, 'beta_9': 7.513790830152597e-07}. Best is trial 691 with value: 6538.461030825155.
[I 2026-03-31 23:42:01,162] Trial 820 finished with value: inf and parameters: {'alpha_0': 0.0006601930898146211, 'alpha_1': 5.343430475179877e-05, 'alpha_2': 4.42372813768671e-05, 'beta_0': 0.07909649738347363, 'beta_1': 11.41419887889332, 'beta_2': 0.20666943220337528, 'beta_3': 0.0009394962415562059, 'beta_4': 6.32100946108423, 'beta_5': 33.28848247464487, 'beta_6': 0.04197361375687619, 'beta_7': 0.023083040842428355, 'beta_8': 3.9935120528742826e-05, 'beta_9': 6.76272873401249e-07}. Best is trial 691 with value: 6538.461030825155.
[I 2026-03-31 23:42:10,436] Trial 821 finished with value: 7440.65900469977 and parameters: {'alpha_0': 0.0005949908998366571, 'alpha_1': 5.636391525040135e-05, 'alpha_2': 4.130151927482771e-05, 'beta_0': 0.08540851046721823, 'beta_1': 5.413142326968323, 'beta_2': 0.21407799375895412, 'beta_3': 0.0008888427881549491, 'beta_4': 6.1047072016329835, 'beta_5': 49.45031530643398, 'beta_6': 0.040044869104686596, 'beta_7': 0.01517827837931174, 'beta_8': 3.8363908593089416e-05, 'beta_9': 7.920842746246901e-07}. Best is trial 691 with value: 6538.461030825155.
[I 2026-03-31 23:42:19,668] Trial 822 finished with value: 7070.15120658964 and parameters: {'alpha_0': 0.0007048541222033839, 'alpha_1': 5.1953913581541495e-05, 'alpha_2': 4.2660948961141e-05, 'beta_0': 0.08198724221892606, 'beta_1': 6.296861602678684, 'beta_2': 0.20923574131001083, 'beta_3': 0.0008559737819855601, 'beta_4': 6.778973113065511, 'beta_5': 31.082711021482787, 'beta_6': 0.04496475450928114, 'beta_7': 0.016563367374682093, 'beta_8': 3.6950706373025824e-05, 'beta_9': 7.252003881391309e-07}. Best is trial 691 with value: 6538.461030825155.
[I 2026-03-31 23:42:28,940] Trial 823 finished with value: 6711.962548914861 and parameters: {'alpha_0': 0.0005054242447398178, 'alpha_1': 5.521769975616527e-05, 'alpha_2': 4.00366101734083e-05, 'beta_0': 0.0743609518539796, 'beta_1': 6.129438860761676, 'beta_2': 0.21609431310150415, 'beta_3': 0.0009249758895146248, 'beta_4': 6.410112606386844, 'beta_5': 32.216805093343254, 'beta_6': 0.042754154003232764, 'beta_7': 0.015657725606961947, 'beta_8': 3.876750400499154e-05, 'beta_9': 6.313126085691996e-07}. Best is trial 691 with value: 6538.461030825155.
[I 2026-03-31 23:42:38,247] Trial 824 finished with value: 6725.290576313617 and parameters: {'alpha_0': 0.0006259289266200598, 'alpha_1': 5.330635529631793e-05, 'alpha_2': 4.467998827784659e-05, 'beta_0': 0.07803420249365747, 'beta_1': 5.656223994549805, 'beta_2': 0.20059891436856767, 'beta_3': 0.0009136813317599574, 'beta_4': 6.544290453656063, 'beta_5': 33.742334189742934, 'beta_6': 0.04108291634002469, 'beta_7': 0.01611979476367572, 'beta_8': 3.759843536716103e-05, 'beta_9': 7.001740077978478e-07}. Best is trial 691 with value: 6538.461030825155.
