[I 2026-03-31 22:55:31,030] Trial 510 finished with value: 7611.368794972703 and parameters: {'alpha_0': 0.0009158599907099679, 'alpha_1': 5.2454949622224005e-05, 'alpha_2': 4.3262252291963715e-05, 'beta_0': 0.06091836610351241, 'beta_1': 6.7676237403090065, 'beta_2': 0.15175995163685868, 'beta_3': 0.0008344908707747374, 'beta_4': 5.569149629124398, 'beta_5': 35.106160668909425, 'beta_6': 0.0676684690803224, 'beta_7': 0.015091436494911832, 'beta_8': 1.4595521533056243e-05, 'beta_9': 9.234882106520874e-07}. Best is trial 381 with value: 6572.730744725488.Best trial: 381. Best value: 6572.73:  26%|██▌       | 510/2000 [1:16:46<3:49:42,  9.25s/it]Best trial: 381. Best value: 6572.73:  26%|██▌       | 510/2000 [1:16:46<3:49:42,  9.25s/it]Best trial: 381. Best value: 6572.73:  26%|██▌       | 511/2000 [1:16:46<3:51:15,  9.32s/it]                                                                                            Best trial: 381. Best value: 6572.73:  26%|██▌       | 511/2000 [1:16:55<3:51:15,  9.32s/it]Best trial: 381. Best value: 6572.73:  26%|██▌       | 511/2000 [1:16:55<3:51:15,  9.32s/it]Best trial: 381. Best value: 6572.73:  26%|██▌       | 512/2000 [1:16:55<3:51:05,  9.32s/it]                                                                                            Best trial: 381. Best value: 6572.73:  26%|██▌       | 512/2000 [1:17:05<3:51:05,  9.32s/it]Best trial: 381. Best value: 6572.73:  26%|██▌       | 512/2000 [1:17:05<3:51:05,  9.32s/it]Best trial: 381. Best value: 6572.73:  26%|██▌       | 513/2000 [1:17:05<3:50:23,  9.30s/it]                                                                                            Best trial: 381. Best value: 6572.73:  26%|██▌       | 513/2000 [1:17:14<3:50:23,  9.30s/it]Best trial: 381. Best value: 6572.73:  26%|██▌       | 513/2000 [1:17:14<3:50:23,  9.30s/it]Best trial: 381. Best value: 6572.73:  26%|██▌       | 514/2000 [1:17:14<3:50:35,  9.31s/it]                                                                                            Best trial: 381. Best value: 6572.73:  26%|██▌       | 514/2000 [1:17:23<3:50:35,  9.31s/it]Best trial: 381. Best value: 6572.73:  26%|██▌       | 514/2000 [1:17:23<3:50:35,  9.31s/it]Best trial: 381. Best value: 6572.73:  26%|██▌       | 515/2000 [1:17:23<3:51:10,  9.34s/it]                                                                                            Best trial: 381. Best value: 6572.73:  26%|██▌       | 515/2000 [1:17:33<3:51:10,  9.34s/it]Best trial: 381. Best value: 6572.73:  26%|██▌       | 515/2000 [1:17:33<3:51:10,  9.34s/it]Best trial: 381. Best value: 6572.73:  26%|██▌       | 516/2000 [1:17:33<3:51:30,  9.36s/it]                                                                                            Best trial: 381. Best value: 6572.73:  26%|██▌       | 516/2000 [1:17:42<3:51:30,  9.36s/it]Best trial: 381. Best value: 6572.73:  26%|██▌       | 516/2000 [1:17:42<3:51:30,  9.36s/it]Best trial: 381. Best value: 6572.73:  26%|██▌       | 517/2000 [1:17:42<3:50:35,  9.33s/it]                                                                                            Best trial: 381. Best value: 6572.73:  26%|██▌       | 517/2000 [1:17:51<3:50:35,  9.33s/it]Best trial: 381. Best value: 6572.73:  26%|██▌       | 517/2000 [1:17:51<3:50:35,  9.33s/it]Best trial: 381. Best value: 6572.73:  26%|██▌       | 518/2000 [1:17:51<3:51:46,  9.38s/it]                                                                                            Best trial: 381. Best value: 6572.73:  26%|██▌       | 518/2000 [1:18:01<3:51:46,  9.38s/it]Best trial: 381. Best value: 6572.73:  26%|██▌       | 518/2000 [1:18:01<3:51:46,  9.38s/it]Best trial: 381. Best value: 6572.73:  26%|██▌       | 519/2000 [1:18:01<3:51:42,  9.39s/it]                                                                                            Best trial: 381. Best value: 6572.73:  26%|██▌       | 519/2000 [1:18:10<3:51:42,  9.39s/it]Best trial: 381. Best value: 6572.73:  26%|██▌       | 519/2000 [1:18:10<3:51:42,  9.39s/it]Best trial: 381. Best value: 6572.73:  26%|██▌       | 520/2000 [1:18:10<3:49:43,  9.31s/it]                                                                                            Best trial: 381. Best value: 6572.73:  26%|██▌       | 520/2000 [1:18:19<3:49:43,  9.31s/it]Best trial: 381. Best value: 6572.73:  26%|██▌       | 520/2000 [1:18:19<3:49:43,  9.31s/it]Best trial: 381. Best value: 6572.73:  26%|██▌       | 521/2000 [1:18:19<3:48:54,  9.29s/it]                                                                                            Best trial: 381. Best value: 6572.73:  26%|██▌       | 521/2000 [1:18:28<3:48:54,  9.29s/it]Best trial: 381. Best value: 6572.73:  26%|██▌       | 521/2000 [1:18:28<3:48:54,  9.29s/it]Best trial: 381. Best value: 6572.73:  26%|██▌       | 522/2000 [1:18:28<3:47:39,  9.24s/it]                                                                                            Best trial: 381. Best value: 6572.73:  26%|██▌       | 522/2000 [1:18:38<3:47:39,  9.24s/it]Best trial: 381. Best value: 6572.73:  26%|██▌       | 522/2000 [1:18:38<3:47:39,  9.24s/it]Best trial: 381. Best value: 6572.73:  26%|██▌       | 523/2000 [1:18:38<3:47:15,  9.23s/it]                                                                                            Best trial: 381. Best value: 6572.73:  26%|██▌       | 523/2000 [1:18:47<3:47:15,  9.23s/it]Best trial: 381. Best value: 6572.73:  26%|██▌       | 523/2000 [1:18:47<3:47:15,  9.23s/it]Best trial: 381. Best value: 6572.73:  26%|██▌       | 524/2000 [1:18:47<3:47:10,  9.23s/it]                                                                                            Best trial: 381. Best value: 6572.73:  26%|██▌       | 524/2000 [1:18:56<3:47:10,  9.23s/it]Best trial: 381. Best value: 6572.73:  26%|██▌       | 524/2000 [1:18:56<3:47:10,  9.23s/it]Best trial: 381. Best value: 6572.73:  26%|██▋       | 525/2000 [1:18:56<3:47:06,  9.24s/it]                                                                                            
[I 2026-03-31 22:55:40,347] Trial 511 finished with value: 7113.726972564518 and parameters: {'alpha_0': 0.0009340559268491927, 'alpha_1': 5.661535603508354e-05, 'alpha_2': 5.3389477528119884e-05, 'beta_0': 0.05011242503441475, 'beta_1': 7.127624617238047, 'beta_2': 0.1501497374153221, 'beta_3': 0.0008637408097517711, 'beta_4': 5.488839157946459, 'beta_5': 33.41666824414555, 'beta_6': 0.04212322782425358, 'beta_7': 0.0154890056632045, 'beta_8': 1.5621309888846265e-05, 'beta_9': 9.86229310067026e-07}. Best is trial 381 with value: 6572.730744725488.
[I 2026-03-31 22:55:49,592] Trial 512 finished with value: 6620.709816105354 and parameters: {'alpha_0': 0.0008893759992580069, 'alpha_1': 5.891562325257845e-05, 'alpha_2': 4.670975455872767e-05, 'beta_0': 0.056366981641807416, 'beta_1': 6.543286359029508, 'beta_2': 0.15340900100324312, 'beta_3': 0.0008778669055805425, 'beta_4': 5.953301818181896, 'beta_5': 34.945999764925894, 'beta_6': 0.04513509572317126, 'beta_7': 0.015844045728470476, 'beta_8': 2.65717600916716e-05, 'beta_9': 9.034861075936086e-07}. Best is trial 381 with value: 6572.730744725488.
[I 2026-03-31 22:55:58,938] Trial 513 finished with value: 6677.903191025045 and parameters: {'alpha_0': 0.0008741395641389997, 'alpha_1': 5.727521894384793e-05, 'alpha_2': 4.763499547308157e-05, 'beta_0': 0.054142787163009264, 'beta_1': 6.5877509485154855, 'beta_2': 0.15227975662006146, 'beta_3': 0.0009094721096273365, 'beta_4': 5.962729249098259, 'beta_5': 35.034973146412014, 'beta_6': 0.04454048918090006, 'beta_7': 0.01572290956958388, 'beta_8': 2.6334591186462173e-05, 'beta_9': 9.55142719612006e-07}. Best is trial 381 with value: 6572.730744725488.
[I 2026-03-31 22:56:08,346] Trial 514 finished with value: 7413.276137654322 and parameters: {'alpha_0': 0.0008119197932762816, 'alpha_1': 5.410773373817814e-05, 'alpha_2': 5.089269293679573e-05, 'beta_0': 0.0573516878928699, 'beta_1': 6.55991109997156, 'beta_2': 0.1535376549592515, 'beta_3': 0.0008407010574418166, 'beta_4': 5.86615185937219, 'beta_5': 34.47104635132004, 'beta_6': 0.043344152786836426, 'beta_7': 0.015288310689613355, 'beta_8': 1.647295282443938e-05, 'beta_9': 9.01225786409819e-07}. Best is trial 381 with value: 6572.730744725488.
[I 2026-03-31 22:56:17,752] Trial 515 finished with value: 6709.995804242654 and parameters: {'alpha_0': 0.0008330935680501885, 'alpha_1': 5.90450561369258e-05, 'alpha_2': 4.933536311031289e-05, 'beta_0': 0.054007337936772204, 'beta_1': 6.334923896442277, 'beta_2': 0.15652311151126308, 'beta_3': 0.0008126693321894254, 'beta_4': 6.142499002344572, 'beta_5': 33.68949924443437, 'beta_6': 0.04539531829668847, 'beta_7': 0.01579632505863518, 'beta_8': 2.8267954642876376e-05, 'beta_9': 9.264354923051965e-07}. Best is trial 381 with value: 6572.730744725488.
[I 2026-03-31 22:56:27,011] Trial 516 finished with value: 6796.533455826065 and parameters: {'alpha_0': 0.0008822798916584703, 'alpha_1': 5.660443702599561e-05, 'alpha_2': 4.224039393458594e-05, 'beta_0': 0.05818426374480065, 'beta_1': 6.063387550438654, 'beta_2': 0.15434030840740529, 'beta_3': 0.0008596274422803598, 'beta_4': 5.970871334119756, 'beta_5': 34.96863515383373, 'beta_6': 0.040797205228580075, 'beta_7': 0.016346120819954898, 'beta_8': 2.445596887763182e-05, 'beta_9': 8.958547186715095e-07}. Best is trial 381 with value: 6572.730744725488.
[I 2026-03-31 22:56:36,521] Trial 517 finished with value: 7652.97309424113 and parameters: {'alpha_0': 0.0008562686846358199, 'alpha_1': 5.930373353630009e-05, 'alpha_2': 4.426002445902233e-05, 'beta_0': 0.06318695270779169, 'beta_1': 6.344046493959911, 'beta_2': 0.15181878574441332, 'beta_3': 0.0008872765113977255, 'beta_4': 5.699750004720227, 'beta_5': 33.006468995438624, 'beta_6': 0.07658441252073492, 'beta_7': 0.015031766974004433, 'beta_8': 2.7443264959805782e-05, 'beta_9': 9.423244150588818e-07}. Best is trial 381 with value: 6572.730744725488.
[I 2026-03-31 22:56:45,916] Trial 518 finished with value: 6809.776576432667 and parameters: {'alpha_0': 0.0009168184648841857, 'alpha_1': 5.32843704456895e-05, 'alpha_2': 4.675218794004677e-05, 'beta_0': 0.05312537742364051, 'beta_1': 6.722206902600395, 'beta_2': 0.15434381734785757, 'beta_3': 0.0010078050598156826, 'beta_4': 5.802345982340482, 'beta_5': 34.093438753116025, 'beta_6': 0.04396500048965631, 'beta_7': 0.015491873262799776, 'beta_8': 1.5890700114343722e-05, 'beta_9': 8.862710462538487e-07}. Best is trial 381 with value: 6572.730744725488.
[I 2026-03-31 22:56:55,056] Trial 519 finished with value: 7057.768923247158 and parameters: {'alpha_0': 0.0008435715078847713, 'alpha_1': 5.639881634552085e-05, 'alpha_2': 5.50464927926815e-05, 'beta_0': 0.057694215870183335, 'beta_1': 6.819068978811917, 'beta_2': 0.15555294267370087, 'beta_3': 0.0009068574529594696, 'beta_4': 5.855793685200982, 'beta_5': 40.016226558043385, 'beta_6': 0.04213843353793417, 'beta_7': 0.016672236374949308, 'beta_8': 2.4722912325252364e-05, 'beta_9': 8.726329274124357e-07}. Best is trial 381 with value: 6572.730744725488.
[I 2026-03-31 22:57:04,279] Trial 520 finished with value: 6710.258373426357 and parameters: {'alpha_0': 0.0009344572926384005, 'alpha_1': 6.0380575848686356e-05, 'alpha_2': 4.840481215910837e-05, 'beta_0': 0.06292510428531806, 'beta_1': 7.247810458719384, 'beta_2': 0.15669120411100945, 'beta_3': 0.0008878502084269735, 'beta_4': 6.022668854782608, 'beta_5': 35.40873798720656, 'beta_6': 0.0461068072435548, 'beta_7': 0.016063906206720602, 'beta_8': 1.5189903809035515e-05, 'beta_9': 1.000998200614248e-06}. Best is trial 381 with value: 6572.730744725488.
[I 2026-03-31 22:57:13,418] Trial 521 finished with value: 6599.207761379207 and parameters: {'alpha_0': 0.0008706430406510179, 'alpha_1': 5.820156986097345e-05, 'alpha_2': 4.422241570635971e-05, 'beta_0': 0.20986830021402586, 'beta_1': 8.992847814913606, 'beta_2': 0.15202790630331445, 'beta_3': 0.0009355774728184472, 'beta_4': 5.664655146626066, 'beta_5': 39.16305455161636, 'beta_6': 0.04000015214451068, 'beta_7': 0.01578108324195356, 'beta_8': 2.629102590318262e-05, 'beta_9': 9.6740173599166e-07}. Best is trial 381 with value: 6572.730744725488.
[I 2026-03-31 22:57:22,626] Trial 522 finished with value: 6979.848073712834 and parameters: {'alpha_0': 0.000879898706592042, 'alpha_1': 5.582377721331385e-05, 'alpha_2': 4.516070178736122e-05, 'beta_0': 0.17063059435995137, 'beta_1': 8.814413818405312, 'beta_2': 0.15081120976464002, 'beta_3': 0.0009231270716118172, 'beta_4': 5.645583725094866, 'beta_5': 39.094152930402046, 'beta_6': 0.040633681148783705, 'beta_7': 0.01552760221437926, 'beta_8': 2.6841932903692494e-05, 'beta_9': 9.999738035273571e-07}. Best is trial 381 with value: 6572.730744725488.
[I 2026-03-31 22:57:31,868] Trial 523 finished with value: 6635.318373648651 and parameters: {'alpha_0': 0.0008618331010327584, 'alpha_1': 5.8206308387178225e-05, 'alpha_2': 4.721582640660994e-05, 'beta_0': 0.06849738813802164, 'beta_1': 8.61375121710826, 'beta_2': 0.15251202700375688, 'beta_3': 0.0009303837495196109, 'beta_4': 5.79743035455642, 'beta_5': 39.248501882195065, 'beta_6': 0.04286111283761898, 'beta_7': 0.015722097435260905, 'beta_8': 2.685511096175264e-05, 'beta_9': 9.722267988106306e-07}. Best is trial 381 with value: 6572.730744725488.
[I 2026-03-31 22:57:41,114] Trial 524 finished with value: 7282.118621513701 and parameters: {'alpha_0': 0.000817822703267723, 'alpha_1': 5.77484435259048e-05, 'alpha_2': 4.6664128959879355e-05, 'beta_0': 0.18884657499405816, 'beta_1': 8.678868719476476, 'beta_2': 0.15315042782651733, 'beta_3': 0.0009630353905659656, 'beta_4': 5.431478901196089, 'beta_5': 40.544935046051336, 'beta_6': 0.04419611894007281, 'beta_7': 0.015329743274244788, 'beta_8': 2.678023199353533e-05, 'beta_9': 1.0093434539614353e-06}. Best is trial 381 with value: 6572.730744725488.
[I 2026-03-31 22:57:50,333] Trial 525 finished with value: 6700.290572452098 and parameters: {'alpha_0': 0.0008466887463202058, 'alpha_1': 5.4696743193198815e-05, 'alpha_2': 4.397352419005305e-05, 'beta_0': 0.24219739567263382, 'beta_1': 8.501677984110197, 'beta_2': 0.15136849948795958, 'beta_3': 0.0009671302718534528, 'beta_4': 5.7369785650677985, 'beta_5': 39.21600780760562, 'beta_6': 0.04527103456499229, 'beta_7': 0.015658625845379262, 'beta_8': 2.563886667060765e-05, 'beta_9': 9.842442668702195e-07}. Best is trial 381 with value: 6572.730744725488.Best trial: 381. Best value: 6572.73:  26%|██▋       | 525/2000 [1:19:05<3:47:06,  9.24s/it]Best trial: 381. Best value: 6572.73:  26%|██▋       | 525/2000 [1:19:05<3:47:06,  9.24s/it]Best trial: 381. Best value: 6572.73:  26%|██▋       | 526/2000 [1:19:05<3:46:48,  9.23s/it]                                                                                            Best trial: 381. Best value: 6572.73:  26%|██▋       | 526/2000 [1:19:15<3:46:48,  9.23s/it]Best trial: 381. Best value: 6572.73:  26%|██▋       | 526/2000 [1:19:15<3:46:48,  9.23s/it]Best trial: 381. Best value: 6572.73:  26%|██▋       | 527/2000 [1:19:15<3:47:15,  9.26s/it]                                                                                            Best trial: 381. Best value: 6572.73:  26%|██▋       | 527/2000 [1:19:24<3:47:15,  9.26s/it]Best trial: 381. Best value: 6572.73:  26%|██▋       | 527/2000 [1:19:24<3:47:15,  9.26s/it]Best trial: 381. Best value: 6572.73:  26%|██▋       | 528/2000 [1:19:24<3:46:36,  9.24s/it]                                                                                            Best trial: 381. Best value: 6572.73:  26%|██▋       | 528/2000 [1:19:33<3:46:36,  9.24s/it]Best trial: 381. Best value: 6572.73:  26%|██▋       | 528/2000 [1:19:33<3:46:36,  9.24s/it]Best trial: 381. Best value: 6572.73:  26%|██▋       | 529/2000 [1:19:33<3:46:45,  9.25s/it]                                                                                            Best trial: 381. Best value: 6572.73:  26%|██▋       | 529/2000 [1:19:42<3:46:45,  9.25s/it]Best trial: 381. Best value: 6572.73:  26%|██▋       | 529/2000 [1:19:42<3:46:45,  9.25s/it]Best trial: 381. Best value: 6572.73:  26%|██▋       | 530/2000 [1:19:42<3:47:32,  9.29s/it]                                                                                            Best trial: 381. Best value: 6572.73:  26%|██▋       | 530/2000 [1:19:52<3:47:32,  9.29s/it]Best trial: 381. Best value: 6572.73:  26%|██▋       | 530/2000 [1:19:52<3:47:32,  9.29s/it]Best trial: 381. Best value: 6572.73:  27%|██▋       | 531/2000 [1:19:52<3:46:58,  9.27s/it]                                                                                            Best trial: 381. Best value: 6572.73:  27%|██▋       | 531/2000 [1:20:01<3:46:58,  9.27s/it]Best trial: 381. Best value: 6572.73:  27%|██▋       | 531/2000 [1:20:01<3:46:58,  9.27s/it]Best trial: 381. Best value: 6572.73:  27%|██▋       | 532/2000 [1:20:01<3:47:28,  9.30s/it]                                                                                            Best trial: 381. Best value: 6572.73:  27%|██▋       | 532/2000 [1:20:10<3:47:28,  9.30s/it]Best trial: 381. Best value: 6572.73:  27%|██▋       | 532/2000 [1:20:10<3:47:28,  9.30s/it]Best trial: 381. Best value: 6572.73:  27%|██▋       | 533/2000 [1:20:10<3:46:14,  9.25s/it]                                                                                            Best trial: 381. Best value: 6572.73:  27%|██▋       | 533/2000 [1:20:20<3:46:14,  9.25s/it]Best trial: 381. Best value: 6572.73:  27%|██▋       | 533/2000 [1:20:20<3:46:14,  9.25s/it]Best trial: 381. Best value: 6572.73:  27%|██▋       | 534/2000 [1:20:20<3:46:58,  9.29s/it]                                                                                            Best trial: 381. Best value: 6572.73:  27%|██▋       | 534/2000 [1:20:29<3:46:58,  9.29s/it]Best trial: 381. Best value: 6572.73:  27%|██▋       | 534/2000 [1:20:29<3:46:58,  9.29s/it]Best trial: 381. Best value: 6572.73:  27%|██▋       | 535/2000 [1:20:29<3:45:43,  9.24s/it]                                                                                            Best trial: 381. Best value: 6572.73:  27%|██▋       | 535/2000 [1:20:38<3:45:43,  9.24s/it]Best trial: 381. Best value: 6572.73:  27%|██▋       | 535/2000 [1:20:38<3:45:43,  9.24s/it]Best trial: 381. Best value: 6572.73:  27%|██▋       | 536/2000 [1:20:38<3:46:09,  9.27s/it]                                                                                            Best trial: 381. Best value: 6572.73:  27%|██▋       | 536/2000 [1:20:47<3:46:09,  9.27s/it]Best trial: 381. Best value: 6572.73:  27%|██▋       | 536/2000 [1:20:47<3:46:09,  9.27s/it]Best trial: 381. Best value: 6572.73:  27%|██▋       | 537/2000 [1:20:47<3:45:39,  9.25s/it]                                                                                            Best trial: 381. Best value: 6572.73:  27%|██▋       | 537/2000 [1:20:56<3:45:39,  9.25s/it]Best trial: 381. Best value: 6572.73:  27%|██▋       | 537/2000 [1:20:56<3:45:39,  9.25s/it]Best trial: 381. Best value: 6572.73:  27%|██▋       | 538/2000 [1:20:56<3:45:32,  9.26s/it]                                                                                            Best trial: 381. Best value: 6572.73:  27%|██▋       | 538/2000 [1:21:06<3:45:32,  9.26s/it]Best trial: 381. Best value: 6572.73:  27%|██▋       | 538/2000 [1:21:06<3:45:32,  9.26s/it]Best trial: 381. Best value: 6572.73:  27%|██▋       | 539/2000 [1:21:06<3:45:27,  9.26s/it]                                                                                            Best trial: 381. Best value: 6572.73:  27%|██▋       | 539/2000 [1:21:15<3:45:27,  9.26s/it]Best trial: 381. Best value: 6572.73:  27%|██▋       | 539/2000 [1:21:15<3:45:27,  9.26s/it]Best trial: 381. Best value: 6572.73:  27%|██▋       | 540/2000 [1:21:15<3:44:17,  9.22s/it]                                                                                            
[I 2026-03-31 22:57:59,647] Trial 526 finished with value: 7214.061235302508 and parameters: {'alpha_0': 0.0008632090450138304, 'alpha_1': 5.2331901931793416e-05, 'alpha_2': 4.534782140652957e-05, 'beta_0': 0.0708107622009136, 'beta_1': 8.314270851173179, 'beta_2': 0.1501430779933407, 'beta_3': 0.0009260888490363425, 'beta_4': 5.5906215702414634, 'beta_5': 39.73229509262535, 'beta_6': 0.04037793480303484, 'beta_7': 0.015332705969658857, 'beta_8': 2.7755556494354397e-05, 'beta_9': 1.0302820506762478e-06}. Best is trial 381 with value: 6572.730744725488.
[I 2026-03-31 22:58:08,836] Trial 527 finished with value: inf and parameters: {'alpha_0': 0.0008691295111068302, 'alpha_1': 5.833370242759904e-05, 'alpha_2': 4.6926804794439205e-05, 'beta_0': 0.15715243255306277, 'beta_1': 8.936896551139226, 'beta_2': 0.15272696866071778, 'beta_3': 0.0009185558440770786, 'beta_4': 5.786914371812178, 'beta_5': 38.782235534167825, 'beta_6': 0.043092880412217954, 'beta_7': 0.021519944799063436, 'beta_8': 2.6677230105438758e-05, 'beta_9': 9.63136413007307e-07}. Best is trial 381 with value: 6572.730744725488.
[I 2026-03-31 22:58:18,115] Trial 528 finished with value: 6636.636598798619 and parameters: {'alpha_0': 0.0008173856128930613, 'alpha_1': 5.525978768944204e-05, 'alpha_2': 5.007858063219859e-05, 'beta_0': 0.06802218013793854, 'beta_1': 8.845363628702595, 'beta_2': 0.1559963529906664, 'beta_3': 0.0009458946983294051, 'beta_4': 5.522801226346749, 'beta_5': 39.96606365683055, 'beta_6': 0.04012915740426492, 'beta_7': 0.015709117816545274, 'beta_8': 1.4430030072581121e-05, 'beta_9': 9.687265968439132e-07}. Best is trial 381 with value: 6572.730744725488.
