[I 2026-04-01 10:22:58,071] Trial 1680 finished with value: 6669.041600317007 and parameters: {'alpha_0': 0.0006498331895715611, 'alpha_1': 5.706754857434932e-05, 'alpha_2': 4.5674922191086505e-05, 'beta_0': 0.08024142616945838, 'beta_1': 6.545354018788788, 'beta_2': 0.21125809542433682, 'beta_3': 0.0010285214741599079, 'beta_4': 5.856694857241692, 'beta_5': 34.20026584265658, 'beta_6': 0.04446036376775686, 'beta_7': 0.015811938835264026, 'beta_8': 3.9487417006089175e-05, 'beta_9': 1.153931172588588e-06}. Best is trial 691 with value: 6538.461030825155.Best trial: 691. Best value: 6538.46:  84%|████████▍ | 1680/2000 [12:44:13<49:29,  9.28s/it]Best trial: 691. Best value: 6538.46:  84%|████████▍ | 1680/2000 [12:44:13<49:29,  9.28s/it]Best trial: 691. Best value: 6538.46:  84%|████████▍ | 1681/2000 [12:44:13<49:18,  9.27s/it]                                                                                            Best trial: 691. Best value: 6538.46:  84%|████████▍ | 1681/2000 [12:44:22<49:18,  9.27s/it]Best trial: 691. Best value: 6538.46:  84%|████████▍ | 1681/2000 [12:44:22<49:18,  9.27s/it]Best trial: 691. Best value: 6538.46:  84%|████████▍ | 1682/2000 [12:44:22<48:59,  9.24s/it]                                                                                            Best trial: 691. Best value: 6538.46:  84%|████████▍ | 1682/2000 [12:44:31<48:59,  9.24s/it]Best trial: 691. Best value: 6538.46:  84%|████████▍ | 1682/2000 [12:44:31<48:59,  9.24s/it]Best trial: 691. Best value: 6538.46:  84%|████████▍ | 1683/2000 [12:44:31<48:51,  9.25s/it]                                                                                            Best trial: 691. Best value: 6538.46:  84%|████████▍ | 1683/2000 [12:44:41<48:51,  9.25s/it]Best trial: 691. Best value: 6538.46:  84%|████████▍ | 1683/2000 [12:44:41<48:51,  9.25s/it]Best trial: 691. Best value: 6538.46:  84%|████████▍ | 1684/2000 [12:44:41<48:56,  9.29s/it]                                                                                            Best trial: 691. Best value: 6538.46:  84%|████████▍ | 1684/2000 [12:44:50<48:56,  9.29s/it]Best trial: 691. Best value: 6538.46:  84%|████████▍ | 1684/2000 [12:44:50<48:56,  9.29s/it]Best trial: 691. Best value: 6538.46:  84%|████████▍ | 1685/2000 [12:44:50<48:42,  9.28s/it]                                                                                            Best trial: 691. Best value: 6538.46:  84%|████████▍ | 1685/2000 [12:44:59<48:42,  9.28s/it]Best trial: 691. Best value: 6538.46:  84%|████████▍ | 1685/2000 [12:44:59<48:42,  9.28s/it]Best trial: 691. Best value: 6538.46:  84%|████████▍ | 1686/2000 [12:44:59<48:44,  9.31s/it]                                                                                            Best trial: 691. Best value: 6538.46:  84%|████████▍ | 1686/2000 [12:45:09<48:44,  9.31s/it]Best trial: 691. Best value: 6538.46:  84%|████████▍ | 1686/2000 [12:45:09<48:44,  9.31s/it]Best trial: 691. Best value: 6538.46:  84%|████████▍ | 1687/2000 [12:45:09<48:52,  9.37s/it]                                                                                            Best trial: 691. Best value: 6538.46:  84%|████████▍ | 1687/2000 [12:45:18<48:52,  9.37s/it]Best trial: 691. Best value: 6538.46:  84%|████████▍ | 1687/2000 [12:45:18<48:52,  9.37s/it]Best trial: 691. Best value: 6538.46:  84%|████████▍ | 1688/2000 [12:45:18<48:35,  9.35s/it]                                                                                            Best trial: 691. Best value: 6538.46:  84%|████████▍ | 1688/2000 [12:45:28<48:35,  9.35s/it]Best trial: 691. Best value: 6538.46:  84%|████████▍ | 1688/2000 [12:45:28<48:35,  9.35s/it]Best trial: 691. Best value: 6538.46:  84%|████████▍ | 1689/2000 [12:45:28<48:21,  9.33s/it]                                                                                            Best trial: 691. Best value: 6538.46:  84%|████████▍ | 1689/2000 [12:45:37<48:21,  9.33s/it]Best trial: 691. Best value: 6538.46:  84%|████████▍ | 1689/2000 [12:45:37<48:21,  9.33s/it]Best trial: 691. Best value: 6538.46:  84%|████████▍ | 1690/2000 [12:45:37<48:23,  9.37s/it]                                                                                            Best trial: 691. Best value: 6538.46:  84%|████████▍ | 1690/2000 [12:45:46<48:23,  9.37s/it]Best trial: 691. Best value: 6538.46:  84%|████████▍ | 1690/2000 [12:45:46<48:23,  9.37s/it]Best trial: 691. Best value: 6538.46:  85%|████████▍ | 1691/2000 [12:45:46<48:10,  9.35s/it]                                                                                            Best trial: 691. Best value: 6538.46:  85%|████████▍ | 1691/2000 [12:45:56<48:10,  9.35s/it]Best trial: 691. Best value: 6538.46:  85%|████████▍ | 1691/2000 [12:45:56<48:10,  9.35s/it]Best trial: 691. Best value: 6538.46:  85%|████████▍ | 1692/2000 [12:45:56<47:58,  9.35s/it]                                                                                            Best trial: 691. Best value: 6538.46:  85%|████████▍ | 1692/2000 [12:46:05<47:58,  9.35s/it]Best trial: 691. Best value: 6538.46:  85%|████████▍ | 1692/2000 [12:46:05<47:58,  9.35s/it]Best trial: 691. Best value: 6538.46:  85%|████████▍ | 1693/2000 [12:46:05<47:53,  9.36s/it]                                                                                            Best trial: 691. Best value: 6538.46:  85%|████████▍ | 1693/2000 [12:46:14<47:53,  9.36s/it]Best trial: 691. Best value: 6538.46:  85%|████████▍ | 1693/2000 [12:46:14<47:53,  9.36s/it]Best trial: 691. Best value: 6538.46:  85%|████████▍ | 1694/2000 [12:46:14<47:42,  9.36s/it]                                                                                            Best trial: 691. Best value: 6538.46:  85%|████████▍ | 1694/2000 [12:46:24<47:42,  9.36s/it]Best trial: 691. Best value: 6538.46:  85%|████████▍ | 1694/2000 [12:46:24<47:42,  9.36s/it]Best trial: 691. Best value: 6538.46:  85%|████████▍ | 1695/2000 [12:46:24<47:35,  9.36s/it]                                                                                            
[I 2026-04-01 10:23:07,245] Trial 1681 finished with value: 7235.595251888271 and parameters: {'alpha_0': 0.0005347622331724937, 'alpha_1': 5.002705774547769e-05, 'alpha_2': 0.000106754110627027, 'beta_0': 0.09581589137334849, 'beta_1': 6.828478655242768, 'beta_2': 0.2017554967280615, 'beta_3': 0.0009471314249919253, 'beta_4': 6.826152705338881, 'beta_5': 35.44597765391211, 'beta_6': 0.04200976929865397, 'beta_7': 0.015254165493215297, 'beta_8': 3.9997796700823427e-05, 'beta_9': 5.662657658987872e-07}. Best is trial 691 with value: 6538.461030825155.
[I 2026-04-01 10:23:16,496] Trial 1682 finished with value: 6736.181068043447 and parameters: {'alpha_0': 0.0005006083511817894, 'alpha_1': 5.95546750892556e-05, 'alpha_2': 4.132182804763461e-05, 'beta_0': 0.0744620508515482, 'beta_1': 7.409566998501797, 'beta_2': 0.20555283205641528, 'beta_3': 0.000991059512757557, 'beta_4': 5.423869479372101, 'beta_5': 32.46425578452302, 'beta_6': 0.04000575167177828, 'beta_7': 0.01612390334406979, 'beta_8': 3.7618405784346484e-05, 'beta_9': 6.019632271425082e-07}. Best is trial 691 with value: 6538.461030825155.
[I 2026-04-01 10:23:25,895] Trial 1683 finished with value: 6719.482165619056 and parameters: {'alpha_0': 0.002022829994622572, 'alpha_1': 5.4373340890370805e-05, 'alpha_2': 4.3982176402123926e-05, 'beta_0': 0.09886099978931001, 'beta_1': 6.089005550981719, 'beta_2': 0.20965445596852508, 'beta_3': 0.0009686898141123495, 'beta_4': 6.323263675855321, 'beta_5': 33.095980194265366, 'beta_6': 0.04558186168830937, 'beta_7': 0.015603536026743314, 'beta_8': 3.867165391825073e-05, 'beta_9': 5.003648402657927e-07}. Best is trial 691 with value: 6538.461030825155.
[I 2026-04-01 10:23:35,140] Trial 1684 finished with value: 6725.6445332827125 and parameters: {'alpha_0': 0.000616544848900678, 'alpha_1': 5.177204355362991e-05, 'alpha_2': 8.82968235222019e-05, 'beta_0': 0.08706328207748529, 'beta_1': 6.443253054557491, 'beta_2': 0.21309173397687606, 'beta_3': 0.0010460887383424635, 'beta_4': 6.636033659033248, 'beta_5': 36.307539743824194, 'beta_6': 0.043298748094316164, 'beta_7': 0.015961213323466613, 'beta_8': 3.706331197604435e-05, 'beta_9': 1.208185336197219e-06}. Best is trial 691 with value: 6538.461030825155.
[I 2026-04-01 10:23:44,534] Trial 1685 finished with value: 7012.423072846149 and parameters: {'alpha_0': 0.0006774131325162526, 'alpha_1': 5.330339731799253e-05, 'alpha_2': 4.2579028371572615e-05, 'beta_0': 0.08195025210940941, 'beta_1': 6.905661792317689, 'beta_2': 0.21743895250041417, 'beta_3': 0.0010185329811730525, 'beta_4': 6.436223920750006, 'beta_5': 35.08188585577475, 'beta_6': 0.07727439923308754, 'beta_7': 0.01632638583396042, 'beta_8': 3.9116195550754744e-05, 'beta_9': 5.288521409658398e-07}. Best is trial 691 with value: 6538.461030825155.
[I 2026-04-01 10:23:54,038] Trial 1686 finished with value: 7424.057479284892 and parameters: {'alpha_0': 0.0005700851655067185, 'alpha_1': 5.602248231421012e-05, 'alpha_2': 4.8364398681490605e-05, 'beta_0': 0.10671983277993444, 'beta_1': 6.636217871215233, 'beta_2': 0.2036237365038439, 'beta_3': 0.0009340620256717807, 'beta_4': 6.797619011914568, 'beta_5': 31.148964310129532, 'beta_6': 0.04117511945213778, 'beta_7': 0.015191471862008763, 'beta_8': 3.8169288090321706e-05, 'beta_9': 6.390512271284221e-07}. Best is trial 691 with value: 6538.461030825155.
[I 2026-04-01 10:24:03,327] Trial 1687 finished with value: 6556.689937611738 and parameters: {'alpha_0': 0.0006653019306140504, 'alpha_1': 5.1873858182563644e-05, 'alpha_2': 4.6676785957600514e-05, 'beta_0': 0.0905059304241936, 'beta_1': 6.2774441974930895, 'beta_2': 0.20736320806357642, 'beta_3': 0.001072273984498929, 'beta_4': 5.5960969463459325, 'beta_5': 34.50459197683507, 'beta_6': 0.04250666764600342, 'beta_7': 0.015656679818729206, 'beta_8': 3.9373804464367636e-05, 'beta_9': 5.725281091499894e-07}. Best is trial 691 with value: 6538.461030825155.
[I 2026-04-01 10:24:12,620] Trial 1688 finished with value: 6705.3879731442685 and parameters: {'alpha_0': 0.0006859388498280277, 'alpha_1': 5.7407126927757185e-05, 'alpha_2': 4.977635163070245e-05, 'beta_0': 0.094381146559334, 'beta_1': 6.614089120526865, 'beta_2': 0.20395681268194393, 'beta_3': 0.0011084155080941505, 'beta_4': 5.309403676740072, 'beta_5': 34.628962402085094, 'beta_6': 0.04489344539854452, 'beta_7': 0.015453601155924148, 'beta_8': 3.939891697686995e-05, 'beta_9': 5.705262882285291e-07}. Best is trial 691 with value: 6538.461030825155.
[I 2026-04-01 10:24:22,070] Trial 1689 finished with value: 7245.550356752235 and parameters: {'alpha_0': 0.0006645171227016922, 'alpha_1': 5.534199783097197e-05, 'alpha_2': 4.894645358573915e-05, 'beta_0': 0.0914791300649115, 'beta_1': 7.170068786079164, 'beta_2': 0.20127968900390292, 'beta_3': 0.0010691553050771328, 'beta_4': 5.751399228295123, 'beta_5': 34.47739405282052, 'beta_6': 0.04700138922449414, 'beta_7': 0.015177920443976107, 'beta_8': 3.8621744792143976e-05, 'beta_9': 5.773639041481303e-07}. Best is trial 691 with value: 6538.461030825155.
[I 2026-04-01 10:24:31,398] Trial 1690 finished with value: 6592.81402217846 and parameters: {'alpha_0': 0.0007026982807127113, 'alpha_1': 6.0968293711837535e-05, 'alpha_2': 5.1420604198001234e-05, 'beta_0': 0.09867927666065228, 'beta_1': 6.436432682847969, 'beta_2': 0.20572691077918828, 'beta_3': 0.0010916338567364316, 'beta_4': 5.552265487480019, 'beta_5': 35.18526645148126, 'beta_6': 0.044508530955038095, 'beta_7': 0.015623922918206233, 'beta_8': 3.773297675650917e-05, 'beta_9': 5.610426876118477e-07}. Best is trial 691 with value: 6538.461030825155.
[I 2026-04-01 10:24:40,722] Trial 1691 finished with value: 6657.225346921363 and parameters: {'alpha_0': 0.0006820194574240407, 'alpha_1': 5.479912017812397e-05, 'alpha_2': 4.761732239668588e-05, 'beta_0': 0.09147444144144491, 'beta_1': 6.721073095701023, 'beta_2': 0.20748219947167357, 'beta_3': 0.0011056502040454187, 'beta_4': 5.433953586047748, 'beta_5': 34.22489491870084, 'beta_6': 0.04423347138242841, 'beta_7': 0.015747588185880502, 'beta_8': 3.899179944264278e-05, 'beta_9': 6.013083225202715e-07}. Best is trial 691 with value: 6538.461030825155.
[I 2026-04-01 10:24:50,118] Trial 1692 finished with value: 6778.43108421804 and parameters: {'alpha_0': 0.0007884863639050021, 'alpha_1': 5.7357188838470915e-05, 'alpha_2': 4.920036012523479e-05, 'beta_0': 0.09578193199498793, 'beta_1': 6.337500260111738, 'beta_2': 0.20387306199999403, 'beta_3': 0.0010791419373514014, 'beta_4': 5.433633164918663, 'beta_5': 35.57957927954657, 'beta_6': 0.04661819554716784, 'beta_7': 0.015439311085227708, 'beta_8': 3.951473401400547e-05, 'beta_9': 5.575088149567376e-07}. Best is trial 691 with value: 6538.461030825155.
[I 2026-04-01 10:24:59,463] Trial 1693 finished with value: 6755.120927254536 and parameters: {'alpha_0': 0.0007334009449559192, 'alpha_1': 5.355742280211289e-05, 'alpha_2': 4.7029229319387034e-05, 'beta_0': 0.09335260983520344, 'beta_1': 6.866483504638729, 'beta_2': 0.20647041813423186, 'beta_3': 0.0010968762547981666, 'beta_4': 5.7605239658213065, 'beta_5': 34.71746372570039, 'beta_6': 0.04372802108460901, 'beta_7': 0.01600750937476601, 'beta_8': 3.8342336637624236e-05, 'beta_9': 5.319664266922918e-07}. Best is trial 691 with value: 6538.461030825155.
[I 2026-04-01 10:25:08,838] Trial 1694 finished with value: 7175.025037414194 and parameters: {'alpha_0': 0.0006440308014193976, 'alpha_1': 5.472170537441169e-05, 'alpha_2': 4.7198636754293225e-05, 'beta_0': 0.10238381801559968, 'beta_1': 6.438362375007275, 'beta_2': 0.20273896960803783, 'beta_3': 0.0010535923695706726, 'beta_4': 5.505663412350622, 'beta_5': 34.91722136528149, 'beta_6': 0.04549573989238741, 'beta_7': 0.015269132305212303, 'beta_8': 3.953276141692523e-05, 'beta_9': 5.917712172695771e-07}. Best is trial 691 with value: 6538.461030825155.
[I 2026-04-01 10:25:18,091] Trial 1695 finished with value: 6572.797558316436 and parameters: {'alpha_0': 0.0006714819560807219, 'alpha_1': 5.927793163851562e-05, 'alpha_2': 5.017102057097311e-05, 'beta_0': 0.09060669597446078, 'beta_1': 6.617196084897619, 'beta_2': 0.20545462394965888, 'beta_3': 0.0011239413772043026, 'beta_4': 5.605737453839718, 'beta_5': 34.22223774232738, 'beta_6': 0.04300192944506613, 'beta_7': 0.01564553993944237, 'beta_8': 3.662358582091983e-05, 'beta_9': 5.593225587848575e-07}. Best is trial 691 with value: 6538.461030825155.Best trial: 691. Best value: 6538.46:  85%|████████▍ | 1695/2000 [12:46:33<47:35,  9.36s/it]Best trial: 691. Best value: 6538.46:  85%|████████▍ | 1695/2000 [12:46:33<47:35,  9.36s/it]Best trial: 691. Best value: 6538.46:  85%|████████▍ | 1696/2000 [12:46:33<47:16,  9.33s/it]                                                                                            Best trial: 691. Best value: 6538.46:  85%|████████▍ | 1696/2000 [12:46:42<47:16,  9.33s/it]Best trial: 691. Best value: 6538.46:  85%|████████▍ | 1696/2000 [12:46:42<47:16,  9.33s/it]Best trial: 691. Best value: 6538.46:  85%|████████▍ | 1697/2000 [12:46:42<46:59,  9.31s/it]                                                                                            Best trial: 691. Best value: 6538.46:  85%|████████▍ | 1697/2000 [12:46:52<46:59,  9.31s/it]Best trial: 691. Best value: 6538.46:  85%|████████▍ | 1697/2000 [12:46:52<46:59,  9.31s/it]Best trial: 691. Best value: 6538.46:  85%|████████▍ | 1698/2000 [12:46:52<46:51,  9.31s/it]                                                                                            Best trial: 691. Best value: 6538.46:  85%|████████▍ | 1698/2000 [12:46:58<46:51,  9.31s/it]Best trial: 691. Best value: 6538.46:  85%|████████▍ | 1698/2000 [12:46:58<46:51,  9.31s/it]Best trial: 691. Best value: 6538.46:  85%|████████▍ | 1699/2000 [12:46:58<41:51,  8.34s/it]                                                                                            Best trial: 691. Best value: 6538.46:  85%|████████▍ | 1699/2000 [12:47:07<41:51,  8.34s/it]Best trial: 691. Best value: 6538.46:  85%|████████▍ | 1699/2000 [12:47:07<41:51,  8.34s/it]Best trial: 691. Best value: 6538.46:  85%|████████▌ | 1700/2000 [12:47:07<43:03,  8.61s/it]                                                                                            Best trial: 691. Best value: 6538.46:  85%|████████▌ | 1700/2000 [12:47:16<43:03,  8.61s/it]Best trial: 691. Best value: 6538.46:  85%|████████▌ | 1700/2000 [12:47:16<43:03,  8.61s/it]Best trial: 691. Best value: 6538.46:  85%|████████▌ | 1701/2000 [12:47:16<44:03,  8.84s/it]                                                                                            Best trial: 691. Best value: 6538.46:  85%|████████▌ | 1701/2000 [12:47:18<44:03,  8.84s/it]Best trial: 691. Best value: 6538.46:  85%|████████▌ | 1701/2000 [12:47:18<44:03,  8.84s/it]Best trial: 691. Best value: 6538.46:  85%|████████▌ | 1702/2000 [12:47:18<32:49,  6.61s/it]                                                                                            Best trial: 691. Best value: 6538.46:  85%|████████▌ | 1702/2000 [12:47:27<32:49,  6.61s/it]Best trial: 691. Best value: 6538.46:  85%|████████▌ | 1702/2000 [12:47:27<32:49,  6.61s/it]Best trial: 691. Best value: 6538.46:  85%|████████▌ | 1703/2000 [12:47:27<36:35,  7.39s/it]                                                                                            Best trial: 691. Best value: 6538.46:  85%|████████▌ | 1703/2000 [12:47:36<36:35,  7.39s/it]Best trial: 691. Best value: 6538.46:  85%|████████▌ | 1703/2000 [12:47:36<36:35,  7.39s/it]Best trial: 691. Best value: 6538.46:  85%|████████▌ | 1704/2000 [12:47:36<39:26,  8.00s/it]                                                                                            Best trial: 691. Best value: 6538.46:  85%|████████▌ | 1704/2000 [12:47:46<39:26,  8.00s/it]Best trial: 691. Best value: 6538.46:  85%|████████▌ | 1704/2000 [12:47:46<39:26,  8.00s/it]Best trial: 691. Best value: 6538.46:  85%|████████▌ | 1705/2000 [12:47:46<41:06,  8.36s/it]                                                                                            Best trial: 691. Best value: 6538.46:  85%|████████▌ | 1705/2000 [12:47:55<41:06,  8.36s/it]Best trial: 691. Best value: 6538.46:  85%|████████▌ | 1705/2000 [12:47:55<41:06,  8.36s/it]Best trial: 691. Best value: 6538.46:  85%|████████▌ | 1706/2000 [12:47:55<42:22,  8.65s/it]                                                                                            Best trial: 691. Best value: 6538.46:  85%|████████▌ | 1706/2000 [12:48:04<42:22,  8.65s/it]Best trial: 691. Best value: 6538.46:  85%|████████▌ | 1706/2000 [12:48:04<42:22,  8.65s/it]Best trial: 691. Best value: 6538.46:  85%|████████▌ | 1707/2000 [12:48:04<43:12,  8.85s/it]                                                                                            Best trial: 691. Best value: 6538.46:  85%|████████▌ | 1707/2000 [12:48:14<43:12,  8.85s/it]Best trial: 691. Best value: 6538.46:  85%|████████▌ | 1707/2000 [12:48:14<43:12,  8.85s/it]Best trial: 691. Best value: 6538.46:  85%|████████▌ | 1708/2000 [12:48:14<43:46,  9.00s/it]                                                                                            Best trial: 691. Best value: 6538.46:  85%|████████▌ | 1708/2000 [12:48:23<43:46,  9.00s/it]Best trial: 691. Best value: 6538.46:  85%|████████▌ | 1708/2000 [12:48:23<43:46,  9.00s/it]Best trial: 691. Best value: 6538.46:  85%|████████▌ | 1709/2000 [12:48:23<44:13,  9.12s/it]                                                                                            Best trial: 691. Best value: 6538.46:  85%|████████▌ | 1709/2000 [12:48:32<44:13,  9.12s/it]Best trial: 691. Best value: 6538.46:  85%|████████▌ | 1709/2000 [12:48:32<44:13,  9.12s/it]Best trial: 691. Best value: 6538.46:  86%|████████▌ | 1710/2000 [12:48:32<44:41,  9.25s/it]                                                                                            
[I 2026-04-01 10:25:27,344] Trial 1696 finished with value: 6755.53310729666 and parameters: {'alpha_0': 0.000601522774795518, 'alpha_1': 5.295113241065487e-05, 'alpha_2': 5.2419294305509014e-05, 'beta_0': 0.09656408996172712, 'beta_1': 6.276311361567256, 'beta_2': 0.20755738138766253, 'beta_3': 0.0010802421125284574, 'beta_4': 5.653129534295521, 'beta_5': 35.76128624748589, 'beta_6': 0.043730702471339984, 'beta_7': 0.01592473704915865, 'beta_8': 3.750128645826228e-05, 'beta_9': 5.969616841115976e-07}. Best is trial 691 with value: 6538.461030825155.
[I 2026-04-01 10:25:36,656] Trial 1697 finished with value: 7025.843994038394 and parameters: {'alpha_0': 0.0005001045124605912, 'alpha_1': 5.676488818234158e-05, 'alpha_2': 4.8496696337240606e-05, 'beta_0': 0.10065144194203675, 'beta_1': 7.094602814301451, 'beta_2': 0.20121802979983364, 'beta_3': 0.001080671103457834, 'beta_4': 5.484537576746549, 'beta_5': 34.010379487160165, 'beta_6': 0.045217187020591874, 'beta_7': 0.016322413807739817, 'beta_8': 3.996742516250797e-05, 'beta_9': 5.43538847415299e-07}. Best is trial 691 with value: 6538.461030825155.
[I 2026-04-01 10:25:42,747] Trial 1698 finished with value: inf and parameters: {'alpha_0': 0.0007208421234263392, 'alpha_1': 5.192609576631719e-05, 'alpha_2': 4.65749054663911e-05, 'beta_0': 0.08955888353604952, 'beta_1': 6.75507214592966, 'beta_2': 0.20444909579046788, 'beta_3': 0.0010679916128763223, 'beta_4': 5.527139464092963, 'beta_5': 35.154794370767156, 'beta_6': 0.04311767861948945, 'beta_7': 0.023505767481882323, 'beta_8': 3.883151174415395e-05, 'beta_9': 5.732715014601509e-07}. Best is trial 691 with value: 6538.461030825155.
