[I 2026-03-31 22:28:04,302] Trial 330 finished with value: 7887.41333583415 and parameters: {'alpha_0': 0.0011862758203654339, 'alpha_1': 6.589508907597795e-05, 'alpha_2': 4.294747421496686e-05, 'beta_0': 0.06143334862124116, 'beta_1': 12.918848131834181, 'beta_2': 0.15906533999123712, 'beta_3': 0.0007845594997689105, 'beta_4': 3.0970083603491565, 'beta_5': 33.725192340865405, 'beta_6': 0.04993766533024019, 'beta_7': 0.015036729388078238, 'beta_8': 1.7930705471744715e-05, 'beta_9': 8.995571806714105e-07}. Best is trial 304 with value: 6580.791546252956.Best trial: 304. Best value: 6580.79:  16%|█▋        | 330/2000 [49:19<4:11:28,  9.03s/it]Best trial: 304. Best value: 6580.79:  16%|█▋        | 330/2000 [49:19<4:11:28,  9.03s/it]Best trial: 304. Best value: 6580.79:  17%|█▋        | 331/2000 [49:19<4:16:57,  9.24s/it]                                                                                          Best trial: 304. Best value: 6580.79:  17%|█▋        | 331/2000 [49:28<4:16:57,  9.24s/it]Best trial: 304. Best value: 6580.79:  17%|█▋        | 331/2000 [49:28<4:16:57,  9.24s/it]Best trial: 304. Best value: 6580.79:  17%|█▋        | 332/2000 [49:28<4:16:30,  9.23s/it]                                                                                          Best trial: 304. Best value: 6580.79:  17%|█▋        | 332/2000 [49:38<4:16:30,  9.23s/it]Best trial: 304. Best value: 6580.79:  17%|█▋        | 332/2000 [49:38<4:16:30,  9.23s/it]Best trial: 304. Best value: 6580.79:  17%|█▋        | 333/2000 [49:38<4:16:59,  9.25s/it]                                                                                          Best trial: 304. Best value: 6580.79:  17%|█▋        | 333/2000 [49:47<4:16:59,  9.25s/it]Best trial: 304. Best value: 6580.79:  17%|█▋        | 333/2000 [49:47<4:16:59,  9.25s/it]Best trial: 304. Best value: 6580.79:  17%|█▋        | 334/2000 [49:47<4:17:49,  9.29s/it]                                                                                          Best trial: 304. Best value: 6580.79:  17%|█▋        | 334/2000 [49:56<4:17:49,  9.29s/it]Best trial: 304. Best value: 6580.79:  17%|█▋        | 334/2000 [49:56<4:17:49,  9.29s/it]Best trial: 304. Best value: 6580.79:  17%|█▋        | 335/2000 [49:56<4:17:01,  9.26s/it]                                                                                          Best trial: 304. Best value: 6580.79:  17%|█▋        | 335/2000 [50:06<4:17:01,  9.26s/it]Best trial: 304. Best value: 6580.79:  17%|█▋        | 335/2000 [50:06<4:17:01,  9.26s/it]Best trial: 304. Best value: 6580.79:  17%|█▋        | 336/2000 [50:06<4:16:36,  9.25s/it]                                                                                          Best trial: 304. Best value: 6580.79:  17%|█▋        | 336/2000 [50:15<4:16:36,  9.25s/it]Best trial: 304. Best value: 6580.79:  17%|█▋        | 336/2000 [50:15<4:16:36,  9.25s/it]Best trial: 304. Best value: 6580.79:  17%|█▋        | 337/2000 [50:15<4:18:49,  9.34s/it]                                                                                          Best trial: 304. Best value: 6580.79:  17%|█▋        | 337/2000 [50:24<4:18:49,  9.34s/it]Best trial: 304. Best value: 6580.79:  17%|█▋        | 337/2000 [50:24<4:18:49,  9.34s/it]Best trial: 304. Best value: 6580.79:  17%|█▋        | 338/2000 [50:24<4:18:28,  9.33s/it]                                                                                          Best trial: 304. Best value: 6580.79:  17%|█▋        | 338/2000 [50:34<4:18:28,  9.33s/it]Best trial: 304. Best value: 6580.79:  17%|█▋        | 338/2000 [50:34<4:18:28,  9.33s/it]Best trial: 304. Best value: 6580.79:  17%|█▋        | 339/2000 [50:34<4:16:51,  9.28s/it]                                                                                          Best trial: 304. Best value: 6580.79:  17%|█▋        | 339/2000 [50:43<4:16:51,  9.28s/it]Best trial: 304. Best value: 6580.79:  17%|█▋        | 339/2000 [50:43<4:16:51,  9.28s/it]Best trial: 304. Best value: 6580.79:  17%|█▋        | 340/2000 [50:43<4:16:54,  9.29s/it]                                                                                          Best trial: 304. Best value: 6580.79:  17%|█▋        | 340/2000 [50:52<4:16:54,  9.29s/it]Best trial: 304. Best value: 6580.79:  17%|█▋        | 340/2000 [50:52<4:16:54,  9.29s/it]Best trial: 304. Best value: 6580.79:  17%|█▋        | 341/2000 [50:52<4:16:32,  9.28s/it]                                                                                          Best trial: 304. Best value: 6580.79:  17%|█▋        | 341/2000 [51:01<4:16:32,  9.28s/it]Best trial: 304. Best value: 6580.79:  17%|█▋        | 341/2000 [51:01<4:16:32,  9.28s/it]Best trial: 304. Best value: 6580.79:  17%|█▋        | 342/2000 [51:01<4:16:49,  9.29s/it]                                                                                          Best trial: 304. Best value: 6580.79:  17%|█▋        | 342/2000 [51:11<4:16:49,  9.29s/it]Best trial: 304. Best value: 6580.79:  17%|█▋        | 342/2000 [51:11<4:16:49,  9.29s/it]Best trial: 304. Best value: 6580.79:  17%|█▋        | 343/2000 [51:11<4:16:44,  9.30s/it]                                                                                          Best trial: 304. Best value: 6580.79:  17%|█▋        | 343/2000 [51:20<4:16:44,  9.30s/it]Best trial: 304. Best value: 6580.79:  17%|█▋        | 343/2000 [51:20<4:16:44,  9.30s/it]Best trial: 304. Best value: 6580.79:  17%|█▋        | 344/2000 [51:20<4:16:26,  9.29s/it]                                                                                          Best trial: 304. Best value: 6580.79:  17%|█▋        | 344/2000 [51:29<4:16:26,  9.29s/it]Best trial: 304. Best value: 6580.79:  17%|█▋        | 344/2000 [51:29<4:16:26,  9.29s/it]Best trial: 304. Best value: 6580.79:  17%|█▋        | 345/2000 [51:29<4:15:51,  9.28s/it]                                                                                          
[I 2026-03-31 22:28:13,503] Trial 331 finished with value: 7143.090506637528 and parameters: {'alpha_0': 0.001251259227181584, 'alpha_1': 6.105305073942485e-05, 'alpha_2': 4.5747672127086254e-05, 'beta_0': 0.064825186130014, 'beta_1': 13.337568762292868, 'beta_2': 0.16129539526632336, 'beta_3': 0.0007790203816358825, 'beta_4': 5.928326470665587, 'beta_5': 31.032199284588025, 'beta_6': 0.04790168200696775, 'beta_7': 0.01681411545359242, 'beta_8': 2.0529814421069646e-05, 'beta_9': 8.722706711908763e-07}. Best is trial 304 with value: 6580.791546252956.
[I 2026-03-31 22:28:22,807] Trial 332 finished with value: 6669.977358730493 and parameters: {'alpha_0': 0.0011073876535916463, 'alpha_1': 5.487420226079028e-05, 'alpha_2': 4.1272203686405626e-05, 'beta_0': 0.059390317194559575, 'beta_1': 13.660816522783445, 'beta_2': 0.15777221055211813, 'beta_3': 0.0007529834299545055, 'beta_4': 3.344643851498159, 'beta_5': 31.895610968964835, 'beta_6': 0.04533762878921875, 'beta_7': 0.016109235147000297, 'beta_8': 1.9865822483866096e-05, 'beta_9': 9.634637164803148e-07}. Best is trial 304 with value: 6580.791546252956.
[I 2026-03-31 22:28:32,176] Trial 333 finished with value: 7242.706001954691 and parameters: {'alpha_0': 0.001110478608236897, 'alpha_1': 5.449506012258531e-05, 'alpha_2': 4.1394142901362934e-05, 'beta_0': 0.05853386828776204, 'beta_1': 13.438044554297301, 'beta_2': 0.15716326539211392, 'beta_3': 0.0007614685649954264, 'beta_4': 3.3469639076518285, 'beta_5': 30.481807989218083, 'beta_6': 0.044963657535894666, 'beta_7': 0.01563076071975662, 'beta_8': 1.6012477163130658e-05, 'beta_9': 9.682812625701064e-07}. Best is trial 304 with value: 6580.791546252956.
[I 2026-03-31 22:28:41,384] Trial 334 finished with value: 6739.6801796705495 and parameters: {'alpha_0': 0.0011499445846546304, 'alpha_1': 5.235237760268277e-05, 'alpha_2': 4.0128865974967556e-05, 'beta_0': 0.058825864776537826, 'beta_1': 14.113422967076957, 'beta_2': 0.15559353580777455, 'beta_3': 0.0007958866704582783, 'beta_4': 3.4582387326913655, 'beta_5': 31.76562955100341, 'beta_6': 0.04173484911199501, 'beta_7': 0.016398786771873484, 'beta_8': 1.7339501293770232e-05, 'beta_9': 9.980207411347993e-07}. Best is trial 304 with value: 6580.791546252956.
[I 2026-03-31 22:28:50,615] Trial 335 finished with value: 6651.950393869081 and parameters: {'alpha_0': 0.0011921852654450558, 'alpha_1': 5.622727041910547e-05, 'alpha_2': 4.2038735977421666e-05, 'beta_0': 0.053274879004194156, 'beta_1': 13.278544202919793, 'beta_2': 0.15902260218310388, 'beta_3': 0.0008237062169032805, 'beta_4': 3.287066594700041, 'beta_5': 31.285490371930873, 'beta_6': 0.04866303893230083, 'beta_7': 0.016081104841894327, 'beta_8': 2.187675694171315e-05, 'beta_9': 1.0474304537725802e-06}. Best is trial 304 with value: 6580.791546252956.
[I 2026-03-31 22:29:00,153] Trial 336 finished with value: 7600.893677109392 and parameters: {'alpha_0': 0.001199812845184178, 'alpha_1': 5.433425695105787e-05, 'alpha_2': 4.293541076843142e-05, 'beta_0': 0.0529827263089281, 'beta_1': 13.015767558701747, 'beta_2': 0.15993273254840665, 'beta_3': 0.000418962300816706, 'beta_4': 3.318345767094293, 'beta_5': 31.110107081993473, 'beta_6': 0.04863285517125717, 'beta_7': 0.015482440445526987, 'beta_8': 2.230178477421537e-05, 'beta_9': 1.0221450268281183e-06}. Best is trial 304 with value: 6580.791546252956.
[I 2026-03-31 22:29:09,467] Trial 337 finished with value: 7207.956373651005 and parameters: {'alpha_0': 0.0012596211551853097, 'alpha_1': 0.00014576041426018222, 'alpha_2': 4.1703411531168765e-05, 'beta_0': 0.05050603975328219, 'beta_1': 13.694269751243997, 'beta_2': 0.1577340912134342, 'beta_3': 0.0008489361181141435, 'beta_4': 3.579208578040306, 'beta_5': 30.61542360938479, 'beta_6': 0.04697742637993262, 'beta_7': 0.016585027464406748, 'beta_8': 2.0905624981361088e-05, 'beta_9': 1.0401033563368962e-06}. Best is trial 304 with value: 6580.791546252956.
[I 2026-03-31 22:29:18,624] Trial 338 finished with value: inf and parameters: {'alpha_0': 0.0012000870460925153, 'alpha_1': 5.6236843135809144e-05, 'alpha_2': 4.41492397733053e-05, 'beta_0': 0.054204433429773616, 'beta_1': 13.314213465664952, 'beta_2': 0.15525077671766524, 'beta_3': 0.0008347091131494875, 'beta_4': 3.301400494273678, 'beta_5': 31.364902722132552, 'beta_6': 0.04861973448091235, 'beta_7': 0.0217008818501842, 'beta_8': 1.657595302199212e-05, 'beta_9': 9.199109603167042e-07}. Best is trial 304 with value: 6580.791546252956.
[I 2026-03-31 22:29:27,925] Trial 339 finished with value: 6676.823192082177 and parameters: {'alpha_0': 0.001153424349659278, 'alpha_1': 5.2074174714446005e-05, 'alpha_2': 4.178084947693891e-05, 'beta_0': 0.07144315058161595, 'beta_1': 13.673123607066906, 'beta_2': 0.1521927924972179, 'beta_3': 0.000814186310544126, 'beta_4': 3.165402684833762, 'beta_5': 32.047064304820736, 'beta_6': 0.04988371358439363, 'beta_7': 0.015924430893639305, 'beta_8': 1.990595780743014e-05, 'beta_9': 1.077401037096929e-06}. Best is trial 304 with value: 6580.791546252956.
[I 2026-03-31 22:29:37,186] Trial 340 finished with value: 7060.591572664678 and parameters: {'alpha_0': 0.0010200169940183619, 'alpha_1': 5.664368508677249e-05, 'alpha_2': 4.335553573790253e-05, 'beta_0': 0.05609539497338783, 'beta_1': 13.998899271577656, 'beta_2': 0.15941860786105916, 'beta_3': 0.0011910294225163647, 'beta_4': 3.219452836800592, 'beta_5': 21.314864752676954, 'beta_6': 0.04758870206315682, 'beta_7': 0.016266897626271124, 'beta_8': 2.039668869226473e-05, 'beta_9': 8.635368138837618e-07}. Best is trial 304 with value: 6580.791546252956.
[I 2026-03-31 22:29:46,516] Trial 341 finished with value: 7072.678455316608 and parameters: {'alpha_0': 0.0012795329534346872, 'alpha_1': 5.4946179298001026e-05, 'alpha_2': 4.714544391585309e-05, 'beta_0': 0.062375867190094185, 'beta_1': 13.803635124538818, 'beta_2': 0.16049402981342162, 'beta_3': 0.0008311415822916371, 'beta_4': 3.156894936796646, 'beta_5': 30.752433074124927, 'beta_6': 0.05081854098512322, 'beta_7': 0.0156884625915627, 'beta_8': 1.8667669080504294e-05, 'beta_9': 1.0972463845976306e-06}. Best is trial 304 with value: 6580.791546252956.
[I 2026-03-31 22:29:55,820] Trial 342 finished with value: inf and parameters: {'alpha_0': 0.0012178398305994552, 'alpha_1': 6.415361263255155e-05, 'alpha_2': 4.1524742778929825e-05, 'beta_0': 0.06727235554612039, 'beta_1': 13.494893507582033, 'beta_2': 0.16277747168722767, 'beta_3': 0.0007871806697330832, 'beta_4': 3.395988032554148, 'beta_5': 30.352493968024735, 'beta_6': 0.0487232680183447, 'beta_7': 0.018673166836597685, 'beta_8': 2.1837726427920463e-05, 'beta_9': 9.008454208623838e-07}. Best is trial 304 with value: 6580.791546252956.
[I 2026-03-31 22:30:05,099] Trial 343 finished with value: 6769.468286931966 and parameters: {'alpha_0': 0.001070830285541889, 'alpha_1': 5.7165182401194266e-05, 'alpha_2': 5.805079141589652e-05, 'beta_0': 0.06891048820832611, 'beta_1': 13.2268726492149, 'beta_2': 0.15802662426467803, 'beta_3': 0.000818526634719663, 'beta_4': 6.708969668709145, 'beta_5': 31.474573964078797, 'beta_6': 0.045516053074929834, 'beta_7': 0.01613015777303688, 'beta_8': 1.5587734525272784e-05, 'beta_9': 9.832807188981483e-07}. Best is trial 304 with value: 6580.791546252956.
[I 2026-03-31 22:30:14,339] Trial 344 finished with value: 7111.68448521431 and parameters: {'alpha_0': 0.0009898316895030905, 'alpha_1': 6.663081368608631e-05, 'alpha_2': 4.4701114816614594e-05, 'beta_0': 0.05973740969250375, 'beta_1': 12.887529377438161, 'beta_2': 0.15364365716736708, 'beta_3': 0.0007479956261984105, 'beta_4': 3.5239355908153653, 'beta_5': 32.072312120846746, 'beta_6': 0.05032103312007589, 'beta_7': 0.016853050312460593, 'beta_8': 2.1306822801282147e-05, 'beta_9': 9.413524667768351e-07}. Best is trial 304 with value: 6580.791546252956.
[I 2026-03-31 22:30:23,785] Trial 345 finished with value: 7498.1059635748625 and parameters: {'alpha_0': 0.0011651195056436115, 'alpha_1': 6.255476912942879e-05, 'alpha_2': 4.2688182239566064e-05, 'beta_0': 0.05351938394566579, 'beta_1': 13.201293639500191, 'beta_2': 0.15707043368908633, 'beta_3': 0.0007229729647019324, 'beta_4': 3.4169461944868007, 'beta_5': 31.156897809203105, 'beta_6': 0.04671690456980474, 'beta_7': 0.015401137382734686, 'beta_8': 1.9618080956640887e-05, 'beta_9': 1.1579186725350516e-06}. Best is trial 304 with value: 6580.791546252956.Best trial: 304. Best value: 6580.79:  17%|█▋        | 345/2000 [51:39<4:15:51,  9.28s/it]Best trial: 304. Best value: 6580.79:  17%|█▋        | 345/2000 [51:39<4:15:51,  9.28s/it]Best trial: 304. Best value: 6580.79:  17%|█▋        | 346/2000 [51:39<4:17:06,  9.33s/it]                                                                                          Best trial: 304. Best value: 6580.79:  17%|█▋        | 346/2000 [51:48<4:17:06,  9.33s/it]Best trial: 304. Best value: 6580.79:  17%|█▋        | 346/2000 [51:48<4:17:06,  9.33s/it]Best trial: 304. Best value: 6580.79:  17%|█▋        | 347/2000 [51:48<4:16:40,  9.32s/it]                                                                                          Best trial: 304. Best value: 6580.79:  17%|█▋        | 347/2000 [51:57<4:16:40,  9.32s/it]Best trial: 304. Best value: 6580.79:  17%|█▋        | 347/2000 [51:57<4:16:40,  9.32s/it]Best trial: 304. Best value: 6580.79:  17%|█▋        | 348/2000 [51:57<4:16:28,  9.31s/it]                                                                                          Best trial: 304. Best value: 6580.79:  17%|█▋        | 348/2000 [52:06<4:16:28,  9.31s/it]Best trial: 304. Best value: 6580.79:  17%|█▋        | 348/2000 [52:06<4:16:28,  9.31s/it]Best trial: 304. Best value: 6580.79:  17%|█▋        | 349/2000 [52:06<4:14:32,  9.25s/it]                                                                                          Best trial: 304. Best value: 6580.79:  17%|█▋        | 349/2000 [52:16<4:14:32,  9.25s/it]Best trial: 304. Best value: 6580.79:  17%|█▋        | 349/2000 [52:16<4:14:32,  9.25s/it]Best trial: 304. Best value: 6580.79:  18%|█▊        | 350/2000 [52:16<4:14:08,  9.24s/it]                                                                                          Best trial: 304. Best value: 6580.79:  18%|█▊        | 350/2000 [52:25<4:14:08,  9.24s/it]Best trial: 304. Best value: 6580.79:  18%|█▊        | 350/2000 [52:25<4:14:08,  9.24s/it]Best trial: 304. Best value: 6580.79:  18%|█▊        | 351/2000 [52:25<4:14:03,  9.24s/it]                                                                                          Best trial: 304. Best value: 6580.79:  18%|█▊        | 351/2000 [52:34<4:14:03,  9.24s/it]Best trial: 304. Best value: 6580.79:  18%|█▊        | 351/2000 [52:34<4:14:03,  9.24s/it]Best trial: 304. Best value: 6580.79:  18%|█▊        | 352/2000 [52:34<4:13:59,  9.25s/it]                                                                                          Best trial: 304. Best value: 6580.79:  18%|█▊        | 352/2000 [52:43<4:13:59,  9.25s/it]Best trial: 304. Best value: 6580.79:  18%|█▊        | 352/2000 [52:43<4:13:59,  9.25s/it]Best trial: 304. Best value: 6580.79:  18%|█▊        | 353/2000 [52:43<4:14:29,  9.27s/it]                                                                                          Best trial: 304. Best value: 6580.79:  18%|█▊        | 353/2000 [52:53<4:14:29,  9.27s/it]Best trial: 304. Best value: 6580.79:  18%|█▊        | 353/2000 [52:53<4:14:29,  9.27s/it]Best trial: 304. Best value: 6580.79:  18%|█▊        | 354/2000 [52:53<4:15:49,  9.33s/it]                                                                                          Best trial: 304. Best value: 6580.79:  18%|█▊        | 354/2000 [53:02<4:15:49,  9.33s/it]Best trial: 304. Best value: 6580.79:  18%|█▊        | 354/2000 [53:02<4:15:49,  9.33s/it]Best trial: 304. Best value: 6580.79:  18%|█▊        | 355/2000 [53:02<4:15:51,  9.33s/it]                                                                                          Best trial: 304. Best value: 6580.79:  18%|█▊        | 355/2000 [53:12<4:15:51,  9.33s/it]Best trial: 304. Best value: 6580.79:  18%|█▊        | 355/2000 [53:12<4:15:51,  9.33s/it]Best trial: 304. Best value: 6580.79:  18%|█▊        | 356/2000 [53:12<4:15:15,  9.32s/it]                                                                                          Best trial: 304. Best value: 6580.79:  18%|█▊        | 356/2000 [53:21<4:15:15,  9.32s/it]Best trial: 304. Best value: 6580.79:  18%|█▊        | 356/2000 [53:21<4:15:15,  9.32s/it]Best trial: 304. Best value: 6580.79:  18%|█▊        | 357/2000 [53:21<4:15:42,  9.34s/it]                                                                                          Best trial: 304. Best value: 6580.79:  18%|█▊        | 357/2000 [53:30<4:15:42,  9.34s/it]Best trial: 304. Best value: 6580.79:  18%|█▊        | 357/2000 [53:30<4:15:42,  9.34s/it]Best trial: 304. Best value: 6580.79:  18%|█▊        | 358/2000 [53:30<4:15:11,  9.33s/it]                                                                                          Best trial: 304. Best value: 6580.79:  18%|█▊        | 358/2000 [53:40<4:15:11,  9.33s/it]Best trial: 304. Best value: 6580.79:  18%|█▊        | 358/2000 [53:40<4:15:11,  9.33s/it]Best trial: 304. Best value: 6580.79:  18%|█▊        | 359/2000 [53:40<4:15:58,  9.36s/it]                                                                                          Best trial: 304. Best value: 6580.79:  18%|█▊        | 359/2000 [53:49<4:15:58,  9.36s/it]Best trial: 304. Best value: 6580.79:  18%|█▊        | 359/2000 [53:49<4:15:58,  9.36s/it]Best trial: 304. Best value: 6580.79:  18%|█▊        | 360/2000 [53:49<4:15:23,  9.34s/it]                                                                                          
[I 2026-03-31 22:30:33,078] Trial 346 finished with value: 6723.933422773899 and parameters: {'alpha_0': 0.001033863401443532, 'alpha_1': 5.35164632035449e-05, 'alpha_2': 6.21503097952243e-05, 'beta_0': 0.07189896659209934, 'beta_1': 12.695908704862346, 'beta_2': 0.15461680805151848, 'beta_3': 0.0007821994440475812, 'beta_4': 3.278811345256469, 'beta_5': 30.100536347051822, 'beta_6': 0.04822421971502295, 'beta_7': 0.01589605413217045, 'beta_8': 2.281232696316652e-05, 'beta_9': 1.01065738991908e-06}. Best is trial 304 with value: 6580.791546252956.
[I 2026-03-31 22:30:42,389] Trial 347 finished with value: 6769.984959130838 and parameters: {'alpha_0': 0.0011220670372223327, 'alpha_1': 5.8175238070099344e-05, 'alpha_2': 4.378101070473698e-05, 'beta_0': 0.06311787060896579, 'beta_1': 12.97990726528697, 'beta_2': 0.15188791711418564, 'beta_3': 0.0007456922517891592, 'beta_4': 3.073905195917138, 'beta_5': 32.85571146878035, 'beta_6': 0.05126095782958737, 'beta_7': 0.01649257402837762, 'beta_8': 2.0690809527120285e-05, 'beta_9': 8.985842699951176e-07}. Best is trial 304 with value: 6580.791546252956.
[I 2026-03-31 22:30:51,489] Trial 348 finished with value: 6736.931445512342 and parameters: {'alpha_0': 0.001082660795389809, 'alpha_1': 5.0095298142754246e-05, 'alpha_2': 4.0100984780167195e-05, 'beta_0': 0.05720796158440148, 'beta_1': 13.661579807951014, 'beta_2': 0.18486770232848074, 'beta_3': 0.000805522687083397, 'beta_4': 5.793447649067334, 'beta_5': 31.798837457762808, 'beta_6': 0.044839719744324644, 'beta_7': 0.016238097564623907, 'beta_8': 1.6886482584580543e-05, 'beta_9': 1.0508126942137204e-06}. Best is trial 304 with value: 6580.791546252956.
