[I 2026-04-01 09:51:55,474] Trial 1473 finished with value: 6707.616348200029 and parameters: {'alpha_0': 0.0007092069622002593, 'alpha_1': 5.484897790129968e-05, 'alpha_2': 4.895539277905658e-05, 'beta_0': 0.07581978811323728, 'beta_1': 7.095055100529678, 'beta_2': 0.21077321548605857, 'beta_3': 0.0012344862955167388, 'beta_4': 6.391553477391573, 'beta_5': 36.2174944992411, 'beta_6': 0.04356696753353813, 'beta_7': 0.01568611326188049, 'beta_8': 3.738515160283033e-05, 'beta_9': 5.739790976784423e-07}. Best is trial 691 with value: 6538.461030825155.
[I 2026-04-01 09:52:04,783] Trial 1474 finished with value: 7183.9144710833025 and parameters: {'alpha_0': 0.000639326342586657, 'alpha_1': 5.1947165240966156e-05, 'alpha_2': 4.387108218278641e-05, 'beta_0': 0.0590761381050569, 'beta_1': 6.349741597771272, 'beta_2': 0.21587044411698988, 'beta_3': 0.0012182129487019707, 'beta_4': 6.53268306699854, 'beta_5': 35.5361343375704, 'beta_6': 0.041875263744464736, 'beta_7': 0.01623290570203928, 'beta_8': 3.83797354801618e-05, 'beta_9': 6.036821805591032e-07}. Best is trial 691 with value: 6538.461030825155.
[I 2026-04-01 09:52:14,139] Trial 1475 finished with value: 7105.3900236707395 and parameters: {'alpha_0': 0.000677843677491479, 'alpha_1': 5.344304753435183e-05, 'alpha_2': 9.988562249722625e-05, 'beta_0': 0.09596827903533899, 'beta_1': 6.857363681096145, 'beta_2': 0.23224741990703102, 'beta_3': 0.0010395792815508947, 'beta_4': 6.9300945333805535, 'beta_5': 33.955188208419415, 'beta_6': 0.04094195193011742, 'beta_7': 0.015263282493418231, 'beta_8': 3.900187348658116e-05, 'beta_9': 5.241218825302329e-07}. Best is trial 691 with value: 6538.461030825155.
[I 2026-04-01 09:52:23,560] Trial 1476 finished with value: inf and parameters: {'alpha_0': 0.0006365617695092419, 'alpha_1': 5.740489963359421e-05, 'alpha_2': 4.544372527989012e-05, 'beta_0': 0.10471778712954735, 'beta_1': 14.317133501024507, 'beta_2': 0.21051830136252853, 'beta_3': 0.0012118615695986045, 'beta_4': 6.262125577439921, 'beta_5': 33.55789652034767, 'beta_6': 0.0751258844752681, 'beta_7': 0.01751003446714423, 'beta_8': 3.7647846537656774e-05, 'beta_9': 5.806091572739118e-07}. Best is trial 691 with value: 6538.461030825155.
[I 2026-04-01 09:52:32,823] Trial 1477 finished with value: 6930.5811129804215 and parameters: {'alpha_0': 0.0019901781534747893, 'alpha_1': 0.00011619723238007909, 'alpha_2': 4.3682401387514256e-05, 'beta_0': 0.06525931346392619, 'beta_1': 6.577210545006149, 'beta_2': 0.22835652881576154, 'beta_3': 0.0010719048041351222, 'beta_4': 6.853244243158068, 'beta_5': 35.10977506161627, 'beta_6': 0.04736924754302156, 'beta_7': 0.01590151349406459, 'beta_8': 3.623254572041777e-05, 'beta_9': 5.244560892740027e-07}. Best is trial 691 with value: 6538.461030825155.
[I 2026-04-01 09:52:42,083] Trial 1478 finished with value: 6639.223789165522 and parameters: {'alpha_0': 0.0007108185721133214, 'alpha_1': 5.48029589234596e-05, 'alpha_2': 4.7417239839552526e-05, 'beta_0': 0.06978915411400474, 'beta_1': 5.887308891138221, 'beta_2': 0.2139797486815507, 'beta_3': 0.0011552550714605857, 'beta_4': 6.4526740850577635, 'beta_5': 37.32090917326184, 'beta_6': 0.04331467978765457, 'beta_7': 0.015487142247701225, 'beta_8': 3.9252588060864885e-05, 'beta_9': 6.069387209177592e-07}. Best is trial 691 with value: 6538.461030825155.
[I 2026-04-01 09:52:51,448] Trial 1479 finished with value: 7009.761580899465 and parameters: {'alpha_0': 0.0007601359055451021, 'alpha_1': 0.00012243214077397774, 'alpha_2': 4.597296993643006e-05, 'beta_0': 0.07779634373081032, 'beta_1': 6.128543673223604, 'beta_2': 0.21767041670054252, 'beta_3': 0.0010499772433247908, 'beta_4': 6.616717665408294, 'beta_5': 34.74030026640628, 'beta_6': 0.09179045800391185, 'beta_7': 0.015887712945684106, 'beta_8': 3.8396796002097295e-05, 'beta_9': 5.705412868128532e-07}. Best is trial 691 with value: 6538.461030825155.
[I 2026-04-01 09:53:00,762] Trial 1480 finished with value: 7072.047653693798 and parameters: {'alpha_0': 0.0006719622351618359, 'alpha_1': 5.008575926848204e-05, 'alpha_2': 5.030693993088175e-05, 'beta_0': 0.10076860954526326, 'beta_1': 6.490932568068873, 'beta_2': 0.213012613849556, 'beta_3': 0.0010267358708725904, 'beta_4': 6.777331555480739, 'beta_5': 36.39807809367091, 'beta_6': 0.0422328171959789, 'beta_7': 0.01644751345396246, 'beta_8': 3.916224526641547e-05, 'beta_9': 1.3439007428516742e-06}. Best is trial 691 with value: 6538.461030825155.
[I 2026-04-01 09:53:10,029] Trial 1481 finished with value: 6784.294323692241 and parameters: {'alpha_0': 0.0006322270801593727, 'alpha_1': 5.181682221243225e-05, 'alpha_2': 4.3328909399939436e-05, 'beta_0': 0.09165274012384594, 'beta_1': 7.32610221807166, 'beta_2': 0.21203904869362472, 'beta_3': 0.0010161097265455707, 'beta_4': 6.115758911663132, 'beta_5': 42.53123329574222, 'beta_6': 0.04511114471055503, 'beta_7': 0.01618042037397524, 'beta_8': 3.6864519387879674e-05, 'beta_9': 5.572078949064554e-07}. Best is trial 691 with value: 6538.461030825155.
[I 2026-04-01 09:53:19,417] Trial 1482 finished with value: 7389.31002993311 and parameters: {'alpha_0': 0.0007309704899609777, 'alpha_1': 5.5984447169743127e-05, 'alpha_2': 0.00011642115148955728, 'beta_0': 0.09700094348264676, 'beta_1': 5.912657709945883, 'beta_2': 0.20991695928808218, 'beta_3': 0.0005121715415881772, 'beta_4': 6.312896736123393, 'beta_5': 35.83863594732983, 'beta_6': 0.04101784829210842, 'beta_7': 0.015621302801667417, 'beta_8': 3.8141169829468095e-05, 'beta_9': 6.074442196970021e-07}. Best is trial 691 with value: 6538.461030825155.
[I 2026-04-01 09:53:28,746] Trial 1483 finished with value: 6770.398852036623 and parameters: {'alpha_0': 0.0006869102813889837, 'alpha_1': 9.730854130060713e-05, 'alpha_2': 4.4821278243951917e-05, 'beta_0': 0.0897984493592823, 'beta_1': 6.319903528033426, 'beta_2': 0.21551436578083014, 'beta_3': 0.0013141937631077159, 'beta_4': 6.669564519244851, 'beta_5': 34.21652588901809, 'beta_6': 0.04369999643028634, 'beta_7': 0.015219573714361967, 'beta_8': 2.144422564194337e-05, 'beta_9': 5.344544482071858e-07}. Best is trial 691 with value: 6538.461030825155.
[I 2026-04-01 09:53:38,028] Trial 1484 finished with value: 6672.369388537158 and parameters: {'alpha_0': 0.0006278083323325624, 'alpha_1': 5.1856878524005645e-05, 'alpha_2': 4.351214472976232e-05, 'beta_0': 0.07513417729876545, 'beta_1': 6.694082650773306, 'beta_2': 0.20961627755548948, 'beta_3': 0.0010132357154711902, 'beta_4': 6.544988388652265, 'beta_5': 33.52436930565587, 'beta_6': 0.04239496124229612, 'beta_7': 0.015867985836163122, 'beta_8': 3.864221940413236e-05, 'beta_9': 6.17876881433746e-07}. Best is trial 691 with value: 6538.461030825155.
[I 2026-04-01 09:53:47,380] Trial 1485 finished with value: 6654.630544901089 and parameters: {'alpha_0': 0.0006347657608341413, 'alpha_1': 5.356768017650959e-05, 'alpha_2': 4.84244766389936e-05, 'beta_0': 0.07213167864709903, 'beta_1': 6.140233373026088, 'beta_2': 0.21104554124708477, 'beta_3': 0.0011043765634476054, 'beta_4': 6.392378425990992, 'beta_5': 35.03322147466484, 'beta_6': 0.0460598614770024, 'beta_7': 0.01552489084670209, 'beta_8': 3.9349788684811475e-05, 'beta_9': 1.8148235815591543e-06}. Best is trial 691 with value: 6538.461030825155.Best trial: 691. Best value: 6538.46:  74%|███████▍  | 1485/2000 [12:15:02<1:19:57,  9.32s/it]Best trial: 691. Best value: 6538.46:  74%|███████▍  | 1485/2000 [12:15:02<1:19:57,  9.32s/it]Best trial: 691. Best value: 6538.46:  74%|███████▍  | 1486/2000 [12:15:02<1:19:53,  9.33s/it]                                                                                              Best trial: 691. Best value: 6538.46:  74%|███████▍  | 1486/2000 [12:15:12<1:19:53,  9.33s/it]Best trial: 691. Best value: 6538.46:  74%|███████▍  | 1486/2000 [12:15:12<1:19:53,  9.33s/it]Best trial: 691. Best value: 6538.46:  74%|███████▍  | 1487/2000 [12:15:12<1:20:10,  9.38s/it]                                                                                              Best trial: 691. Best value: 6538.46:  74%|███████▍  | 1487/2000 [12:15:21<1:20:10,  9.38s/it]Best trial: 691. Best value: 6538.46:  74%|███████▍  | 1487/2000 [12:15:21<1:20:10,  9.38s/it]Best trial: 691. Best value: 6538.46:  74%|███████▍  | 1488/2000 [12:15:21<1:20:07,  9.39s/it]                                                                                              Best trial: 691. Best value: 6538.46:  74%|███████▍  | 1488/2000 [12:15:31<1:20:07,  9.39s/it]Best trial: 691. Best value: 6538.46:  74%|███████▍  | 1488/2000 [12:15:31<1:20:07,  9.39s/it]Best trial: 691. Best value: 6538.46:  74%|███████▍  | 1489/2000 [12:15:31<1:19:45,  9.37s/it]                                                                                              Best trial: 691. Best value: 6538.46:  74%|███████▍  | 1489/2000 [12:15:40<1:19:45,  9.37s/it]Best trial: 691. Best value: 6538.46:  74%|███████▍  | 1489/2000 [12:15:40<1:19:45,  9.37s/it]Best trial: 691. Best value: 6538.46:  74%|███████▍  | 1490/2000 [12:15:40<1:19:35,  9.36s/it]                                                                                              Best trial: 691. Best value: 6538.46:  74%|███████▍  | 1490/2000 [12:15:49<1:19:35,  9.36s/it]Best trial: 691. Best value: 6538.46:  74%|███████▍  | 1490/2000 [12:15:49<1:19:35,  9.36s/it]Best trial: 691. Best value: 6538.46:  75%|███████▍  | 1491/2000 [12:15:49<1:19:21,  9.36s/it]                                                                                              Best trial: 691. Best value: 6538.46:  75%|███████▍  | 1491/2000 [12:15:58<1:19:21,  9.36s/it]Best trial: 691. Best value: 6538.46:  75%|███████▍  | 1491/2000 [12:15:58<1:19:21,  9.36s/it]Best trial: 691. Best value: 6538.46:  75%|███████▍  | 1492/2000 [12:15:58<1:18:47,  9.31s/it]                                                                                              Best trial: 691. Best value: 6538.46:  75%|███████▍  | 1492/2000 [12:16:08<1:18:47,  9.31s/it]Best trial: 691. Best value: 6538.46:  75%|███████▍  | 1492/2000 [12:16:08<1:18:47,  9.31s/it]Best trial: 691. Best value: 6538.46:  75%|███████▍  | 1493/2000 [12:16:08<1:18:17,  9.26s/it]                                                                                              Best trial: 691. Best value: 6538.46:  75%|███████▍  | 1493/2000 [12:16:17<1:18:17,  9.26s/it]Best trial: 691. Best value: 6538.46:  75%|███████▍  | 1493/2000 [12:16:17<1:18:17,  9.26s/it]Best trial: 691. Best value: 6538.46:  75%|███████▍  | 1494/2000 [12:16:17<1:18:17,  9.28s/it]                                                                                              Best trial: 691. Best value: 6538.46:  75%|███████▍  | 1494/2000 [12:16:27<1:18:17,  9.28s/it]Best trial: 691. Best value: 6538.46:  75%|███████▍  | 1494/2000 [12:16:27<1:18:17,  9.28s/it]Best trial: 691. Best value: 6538.46:  75%|███████▍  | 1495/2000 [12:16:27<1:18:57,  9.38s/it]                                                                                              Best trial: 691. Best value: 6538.46:  75%|███████▍  | 1495/2000 [12:16:36<1:18:57,  9.38s/it]Best trial: 691. Best value: 6538.46:  75%|███████▍  | 1495/2000 [12:16:36<1:18:57,  9.38s/it]Best trial: 691. Best value: 6538.46:  75%|███████▍  | 1496/2000 [12:16:36<1:19:00,  9.41s/it]                                                                                              Best trial: 691. Best value: 6538.46:  75%|███████▍  | 1496/2000 [12:16:45<1:19:00,  9.41s/it]Best trial: 691. Best value: 6538.46:  75%|███████▍  | 1496/2000 [12:16:45<1:19:00,  9.41s/it]Best trial: 691. Best value: 6538.46:  75%|███████▍  | 1497/2000 [12:16:45<1:19:03,  9.43s/it]                                                                                              Best trial: 691. Best value: 6538.46:  75%|███████▍  | 1497/2000 [12:16:55<1:19:03,  9.43s/it]Best trial: 691. Best value: 6538.46:  75%|███████▍  | 1497/2000 [12:16:55<1:19:03,  9.43s/it]Best trial: 691. Best value: 6538.46:  75%|███████▍  | 1498/2000 [12:16:55<1:18:38,  9.40s/it]                                                                                              Best trial: 691. Best value: 6538.46:  75%|███████▍  | 1498/2000 [12:17:04<1:18:38,  9.40s/it]Best trial: 691. Best value: 6538.46:  75%|███████▍  | 1498/2000 [12:17:04<1:18:38,  9.40s/it]Best trial: 691. Best value: 6538.46:  75%|███████▍  | 1499/2000 [12:17:04<1:18:07,  9.36s/it]                                                                                              Best trial: 691. Best value: 6538.46:  75%|███████▍  | 1499/2000 [12:17:13<1:18:07,  9.36s/it]Best trial: 691. Best value: 6538.46:  75%|███████▍  | 1499/2000 [12:17:13<1:18:07,  9.36s/it]Best trial: 691. Best value: 6538.46:  75%|███████▌  | 1500/2000 [12:17:13<1:17:59,  9.36s/it]                                                                                              
[I 2026-04-01 09:53:56,872] Trial 1486 finished with value: 7399.414408833574 and parameters: {'alpha_0': 0.002182314440422224, 'alpha_1': 5.4909713277883276e-05, 'alpha_2': 4.6322676318437555e-05, 'beta_0': 0.06463536410420008, 'beta_1': 6.96095235196951, 'beta_2': 0.23882504596505255, 'beta_3': 0.001146363467981606, 'beta_4': 6.714880392262261, 'beta_5': 36.75970832476559, 'beta_6': 0.0440215575867754, 'beta_7': 0.015006208013000583, 'beta_8': 3.753095982269876e-05, 'beta_9': 5.04533383584499e-07}. Best is trial 691 with value: 6538.461030825155.
[I 2026-04-01 09:54:06,295] Trial 1487 finished with value: 7137.077900377386 and parameters: {'alpha_0': 0.0006923177257110761, 'alpha_1': 5.732519824735671e-05, 'alpha_2': 4.4989513526595615e-05, 'beta_0': 0.09354871116645376, 'beta_1': 5.865811745741197, 'beta_2': 0.22467423204236012, 'beta_3': 0.0010560464015306186, 'beta_4': 5.819175346604814, 'beta_5': 35.6251126401659, 'beta_6': 0.0409841822527912, 'beta_7': 0.016639172784215554, 'beta_8': 3.8602801206067156e-05, 'beta_9': 5.702594130662583e-07}. Best is trial 691 with value: 6538.461030825155.
[I 2026-04-01 09:54:15,604] Trial 1488 finished with value: 6877.002920144243 and parameters: {'alpha_0': 0.0007865946520555913, 'alpha_1': 0.00010328196326890499, 'alpha_2': 4.2951561962283466e-05, 'beta_0': 0.10873070901440965, 'beta_1': 6.318654481641073, 'beta_2': 0.21306954382808185, 'beta_3': 0.001110020440267456, 'beta_4': 6.465710143581486, 'beta_5': 34.377396241621554, 'beta_6': 0.04283506196958071, 'beta_7': 0.016153508740576715, 'beta_8': 3.9359008956378743e-05, 'beta_9': 5.511130162766177e-07}. Best is trial 691 with value: 6538.461030825155.
[I 2026-04-01 09:54:24,964] Trial 1489 finished with value: 6662.993362325988 and parameters: {'alpha_0': 0.0006129368522856983, 'alpha_1': 5.0000949352626475e-05, 'alpha_2': 9.782171671671581e-05, 'beta_0': 0.0780883228270002, 'beta_1': 6.553966068541918, 'beta_2': 0.22016983598123313, 'beta_3': 0.0011290444768148663, 'beta_4': 5.959105122668918, 'beta_5': 33.54194926277446, 'beta_6': 0.041810339824599245, 'beta_7': 0.01569238489100188, 'beta_8': 3.805827864275198e-05, 'beta_9': 6.146234939952486e-07}. Best is trial 691 with value: 6538.461030825155.
[I 2026-04-01 09:54:34,298] Trial 1490 finished with value: 6991.9376486907895 and parameters: {'alpha_0': 0.0007407202800103802, 'alpha_1': 5.3299571702231826e-05, 'alpha_2': 4.37139298200528e-05, 'beta_0': 0.10246311368893471, 'beta_1': 6.0617034000774215, 'beta_2': 0.2096022725406036, 'beta_3': 0.0009048353634476679, 'beta_4': 7.887026287933045, 'beta_5': 37.8644943623326, 'beta_6': 0.04003279424702376, 'beta_7': 0.015437847883376404, 'beta_8': 3.900969444262733e-05, 'beta_9': 5.278743853395252e-07}. Best is trial 691 with value: 6538.461030825155.
[I 2026-04-01 09:54:43,493] Trial 1491 finished with value: 6780.886077395586 and parameters: {'alpha_0': 0.0006624727291299037, 'alpha_1': 5.192609253994388e-05, 'alpha_2': 4.5343609029473184e-05, 'beta_0': 0.09738196816960455, 'beta_1': 6.771019607673686, 'beta_2': 0.21469539666983603, 'beta_3': 0.001073295587726285, 'beta_4': 6.827823173860603, 'beta_5': 35.50058082314034, 'beta_6': 0.044928279067551154, 'beta_7': 0.01601886672267488, 'beta_8': 3.940394364785393e-05, 'beta_9': 5.834862837943095e-07}. Best is trial 691 with value: 6538.461030825155.
[I 2026-04-01 09:54:52,659] Trial 1492 finished with value: 6989.888307259571 and parameters: {'alpha_0': 0.0007091969577247856, 'alpha_1': 5.000284834616315e-05, 'alpha_2': 4.7279966678322234e-05, 'beta_0': 0.06046949979654454, 'beta_1': 6.31975589312684, 'beta_2': 0.21717672292674903, 'beta_3': 0.001034494772886142, 'beta_4': 6.585214879018947, 'beta_5': 34.66605303161502, 'beta_6': 0.04339966919380198, 'beta_7': 0.016333238602970174, 'beta_8': 3.783446210680969e-05, 'beta_9': 6.123872580782004e-07}. Best is trial 691 with value: 6538.461030825155.
[I 2026-04-01 09:55:01,986] Trial 1493 finished with value: 6666.844481317139 and parameters: {'alpha_0': 0.0006146823435561803, 'alpha_1': 5.5632477533527646e-05, 'alpha_2': 4.28043395446386e-05, 'beta_0': 0.06834872847438775, 'beta_1': 5.834265602992058, 'beta_2': 0.2116333964815705, 'beta_3': 0.0010092981121803608, 'beta_4': 6.221400517935307, 'beta_5': 36.159258468399585, 'beta_6': 0.04002593801716186, 'beta_7': 0.015823471574722293, 'beta_8': 3.694957740403571e-05, 'beta_9': 1.2632252395685436e-06}. Best is trial 691 with value: 6538.461030825155.
[I 2026-04-01 09:55:11,595] Trial 1494 finished with value: 7141.887272017166 and parameters: {'alpha_0': 0.0006527381362684705, 'alpha_1': 5.333081670621611e-05, 'alpha_2': 9.380162360980542e-05, 'beta_0': 0.08993143517703688, 'beta_1': 6.495708945431945, 'beta_2': 0.2085699720547415, 'beta_3': 0.0008932786748957118, 'beta_4': 6.325562546778183, 'beta_5': 33.60679442971178, 'beta_6': 0.041676580739718014, 'beta_7': 0.015409978901614014, 'beta_8': 3.865438129625127e-05, 'beta_9': 5.61869407116009e-07}. Best is trial 691 with value: 6538.461030825155.
[I 2026-04-01 09:55:21,058] Trial 1495 finished with value: 6770.282241046814 and parameters: {'alpha_0': 0.0008430432482159161, 'alpha_1': 5.741607732813437e-05, 'alpha_2': 5.145803021183444e-05, 'beta_0': 0.07388139397065382, 'beta_1': 6.112512693361968, 'beta_2': 0.20967246950765264, 'beta_3': 0.0010456223146147043, 'beta_4': 6.986586196983394, 'beta_5': 34.02267067834002, 'beta_6': 0.09433708137822983, 'beta_7': 0.015746821690286062, 'beta_8': 3.9400598306238993e-05, 'beta_9': 5.024088863001462e-07}. Best is trial 691 with value: 6538.461030825155.
[I 2026-04-01 09:55:30,544] Trial 1496 finished with value: 7406.65950368424 and parameters: {'alpha_0': 0.0005458664434009715, 'alpha_1': 5.462336046878426e-05, 'alpha_2': 4.4263756759277055e-05, 'beta_0': 0.09400777957522861, 'beta_1': 7.912236168500708, 'beta_2': 0.23734089081269075, 'beta_3': 0.0009031329004713624, 'beta_4': 6.495626895735936, 'beta_5': 35.170467679753536, 'beta_6': 0.0424729305917137, 'beta_7': 0.015228579531963918, 'beta_8': 3.840091162841992e-05, 'beta_9': 6.170216250094318e-07}. Best is trial 691 with value: 6538.461030825155.
[I 2026-04-01 09:55:39,869] Trial 1497 finished with value: 6768.0335965909235 and parameters: {'alpha_0': 0.0006797274375538675, 'alpha_1': 5.189222793705083e-05, 'alpha_2': 0.00010514547015850227, 'beta_0': 0.07886544848282845, 'beta_1': 6.726236136883189, 'beta_2': 0.2136648543991904, 'beta_3': 0.0009164811268354049, 'beta_4': 6.665825253777521, 'beta_5': 36.598682787886666, 'beta_6': 0.04412576102378485, 'beta_7': 0.01614429083245554, 'beta_8': 3.770577973196516e-05, 'beta_9': 5.317178795623136e-07}. Best is trial 691 with value: 6538.461030825155.
[I 2026-04-01 09:55:49,130] Trial 1498 finished with value: 6586.050668560432 and parameters: {'alpha_0': 0.0015170359660404767, 'alpha_1': 5.299069301071387e-05, 'alpha_2': 4.65202458108811e-05, 'beta_0': 0.10000896631379497, 'beta_1': 7.0154719696902035, 'beta_2': 0.21125831443979148, 'beta_3': 0.0011816341754033353, 'beta_4': 6.097280039628512, 'beta_5': 34.41594514769336, 'beta_6': 0.041051443595395386, 'beta_7': 0.015575629398131775, 'beta_8': 3.8828890197823464e-05, 'beta_9': 5.803679414144499e-07}. Best is trial 691 with value: 6538.461030825155.
[I 2026-04-01 09:55:58,493] Trial 1499 finished with value: 7294.75644288614 and parameters: {'alpha_0': 0.0005945095149981951, 'alpha_1': 5.532876167326216e-05, 'alpha_2': 0.00011117586907867334, 'beta_0': 0.06425490433912866, 'beta_1': 5.753928135507874, 'beta_2': 0.2081618370797335, 'beta_3': 0.001007041954595283, 'beta_4': 6.78119045323088, 'beta_5': 35.84058452607667, 'beta_6': 0.043215454077995916, 'beta_7': 0.01676787082486559, 'beta_8': 3.943579510649229e-05, 'beta_9': 5.541839673394349e-07}. Best is trial 691 with value: 6538.461030825155.
