[I 2026-03-31 22:10:38,852] Trial 214 finished with value: 7091.50795442034 and parameters: {'alpha_0': 0.0010819613642901445, 'alpha_1': 6.412281415139709e-05, 'alpha_2': 7.092355104505659e-05, 'beta_0': 0.14194279731030512, 'beta_1': 12.58622392357543, 'beta_2': 0.19282695460962765, 'beta_3': 0.0007193535251093207, 'beta_4': 4.470508229450954, 'beta_5': 29.05276106618725, 'beta_6': 0.053841629615262336, 'beta_7': 0.01672368068102388, 'beta_8': 3.429498994283598e-05, 'beta_9': 8.149234836649076e-07}. Best is trial 166 with value: 6636.176825783119.
[I 2026-03-31 22:10:48,148] Trial 215 finished with value: 7115.360872244306 and parameters: {'alpha_0': 0.0008459291688773892, 'alpha_1': 7.034679131686103e-05, 'alpha_2': 7.048277819085317e-05, 'beta_0': 0.07778374949171783, 'beta_1': 12.227561923860998, 'beta_2': 0.18527620313268664, 'beta_3': 0.0006318319221841133, 'beta_4': 4.692484568732396, 'beta_5': 30.77254202646692, 'beta_6': 0.05810394766901655, 'beta_7': 0.01581639191203952, 'beta_8': 3.349985055263074e-05, 'beta_9': 6.599411792564914e-07}. Best is trial 166 with value: 6636.176825783119.
[I 2026-03-31 22:10:57,300] Trial 216 finished with value: 6796.483265951067 and parameters: {'alpha_0': 0.0009001873951842792, 'alpha_1': 6.0672024643792254e-05, 'alpha_2': 7.423424095886433e-05, 'beta_0': 0.0690468072754654, 'beta_1': 11.80954129634048, 'beta_2': 0.19079424285696467, 'beta_3': 0.0007675447719141493, 'beta_4': 4.859041743030441, 'beta_5': 29.45962848162127, 'beta_6': 0.054743500878028685, 'beta_7': 0.016241251737780408, 'beta_8': 3.177933221911588e-05, 'beta_9': 5.456788500819231e-07}. Best is trial 166 with value: 6636.176825783119.
[I 2026-03-31 22:11:06,697] Trial 217 finished with value: 7487.327789324292 and parameters: {'alpha_0': 0.0009470613324808881, 'alpha_1': 6.769412671114018e-05, 'alpha_2': 6.783620605421314e-05, 'beta_0': 0.08014558075853338, 'beta_1': 12.686220155941339, 'beta_2': 0.19633194664917164, 'beta_3': 0.0006757067477429717, 'beta_4': 4.245638584124771, 'beta_5': 28.60487955950812, 'beta_6': 0.05206827595782062, 'beta_7': 0.015527432489923356, 'beta_8': 3.467092443052718e-05, 'beta_9': 8.670954402267083e-07}. Best is trial 166 with value: 6636.176825783119.
[I 2026-03-31 22:11:15,883] Trial 218 finished with value: 6720.19706000336 and parameters: {'alpha_0': 0.001053940163562885, 'alpha_1': 5.749532455009333e-05, 'alpha_2': 9.170194519727628e-05, 'beta_0': 0.06447474918855242, 'beta_1': 11.543273541679476, 'beta_2': 0.18768262141624006, 'beta_3': 0.0006159738456868547, 'beta_4': 4.5615781348291975, 'beta_5': 27.851975545641075, 'beta_6': 0.05673962348857042, 'beta_7': 0.01602218998280075, 'beta_8': 3.664065780195722e-05, 'beta_9': 5.787609094494591e-07}. Best is trial 166 with value: 6636.176825783119.
[I 2026-03-31 22:11:25,123] Trial 219 finished with value: 7168.266806962523 and parameters: {'alpha_0': 0.0009932964986435052, 'alpha_1': 6.361341010413913e-05, 'alpha_2': 7.247526608663616e-05, 'beta_0': 0.07295429041254635, 'beta_1': 12.38527338403189, 'beta_2': 0.1824056917464225, 'beta_3': 0.000643684476530123, 'beta_4': 4.322489950973773, 'beta_5': 31.999668937630318, 'beta_6': 0.066687267412503, 'beta_7': 0.01704149447849792, 'beta_8': 3.241867894706091e-05, 'beta_9': 9.466855073578295e-07}. Best is trial 166 with value: 6636.176825783119.
[I 2026-03-31 22:11:34,361] Trial 220 finished with value: 6935.930703256193 and parameters: {'alpha_0': 0.0008524213772283907, 'alpha_1': 7.049385897060533e-05, 'alpha_2': 7.816344292891657e-05, 'beta_0': 0.14858339758436856, 'beta_1': 11.994971453979447, 'beta_2': 0.17950576202694277, 'beta_3': 0.0007337616505394255, 'beta_4': 4.435857847603044, 'beta_5': 30.297868932611227, 'beta_6': 0.055512200088117726, 'beta_7': 0.01653998611587479, 'beta_8': 3.3906650798297573e-05, 'beta_9': 7.369090249061081e-07}. Best is trial 166 with value: 6636.176825783119.
[I 2026-03-31 22:11:43,633] Trial 221 finished with value: 6722.62466147052 and parameters: {'alpha_0': 0.0010166090057964043, 'alpha_1': 7.384332898819873e-05, 'alpha_2': 7.625593203646971e-05, 'beta_0': 0.08601350956771663, 'beta_1': 12.73289100765209, 'beta_2': 0.19755621205372192, 'beta_3': 0.0006800096449571901, 'beta_4': 4.187947446852772, 'beta_5': 31.011861221921578, 'beta_6': 0.05613175418383321, 'beta_7': 0.01617630923032677, 'beta_8': 3.31757268010514e-05, 'beta_9': 8.304184662757926e-07}. Best is trial 166 with value: 6636.176825783119.
[I 2026-03-31 22:11:52,841] Trial 222 finished with value: 6786.3577525118135 and parameters: {'alpha_0': 0.0009127347433881307, 'alpha_1': 7.831455986007994e-05, 'alpha_2': 8.00651949762982e-05, 'beta_0': 0.07986686552117078, 'beta_1': 12.946764654210206, 'beta_2': 0.19427935919078887, 'beta_3': 0.0006996627554389408, 'beta_4': 4.279872887702739, 'beta_5': 29.84466337094241, 'beta_6': 0.054001905252955965, 'beta_7': 0.015903022677636613, 'beta_8': 3.3170349739143146e-05, 'beta_9': 9.029801181397714e-07}. Best is trial 166 with value: 6636.176825783119.
[I 2026-03-31 22:12:02,013] Trial 223 finished with value: 6827.356365782198 and parameters: {'alpha_0': 0.0009663696485161501, 'alpha_1': 7.539470261295671e-05, 'alpha_2': 7.572415506139743e-05, 'beta_0': 0.08060318678048861, 'beta_1': 13.243181860987944, 'beta_2': 0.19171309430129266, 'beta_3': 0.0006669756302979337, 'beta_4': 4.136949086277333, 'beta_5': 27.335154610820616, 'beta_6': 0.059373989471725945, 'beta_7': 0.016312615989781964, 'beta_8': 3.3588035893291395e-05, 'beta_9': 7.926545283812484e-07}. Best is trial 166 with value: 6636.176825783119.
[I 2026-03-31 22:12:11,368] Trial 224 finished with value: 7213.324065801158 and parameters: {'alpha_0': 0.00103644498098758, 'alpha_1': 8.308490011639301e-05, 'alpha_2': 7.436650222915183e-05, 'beta_0': 0.09312992930832925, 'beta_1': 12.646548804177812, 'beta_2': 0.1958578353857658, 'beta_3': 0.0007149242919645539, 'beta_4': 4.494397825854013, 'beta_5': 28.862099156001875, 'beta_6': 0.055238571070105554, 'beta_7': 0.01568125696892478, 'beta_8': 3.274786403291247e-05, 'beta_9': 8.493808205132036e-07}. Best is trial 166 with value: 6636.176825783119.
[I 2026-03-31 22:12:20,565] Trial 225 finished with value: 6675.882773325306 and parameters: {'alpha_0': 0.0009391058237374701, 'alpha_1': 7.206796189849408e-05, 'alpha_2': 4.80082542330032e-05, 'beta_0': 0.0762765406552232, 'beta_1': 12.217266768791546, 'beta_2': 0.20161492474645415, 'beta_3': 0.0006855667519388327, 'beta_4': 4.391847253194179, 'beta_5': 27.98603434051445, 'beta_6': 0.05750080934881814, 'beta_7': 0.016071248486371356, 'beta_8': 3.441663938979515e-05, 'beta_9': 7.598553067588185e-07}. Best is trial 166 with value: 6636.176825783119.Best trial: 166. Best value: 6636.18:  11%|█▏        | 225/2000 [33:36<4:33:56,  9.26s/it]Best trial: 166. Best value: 6636.18:  11%|█▏        | 225/2000 [33:36<4:33:56,  9.26s/it]Best trial: 166. Best value: 6636.18:  11%|█▏        | 226/2000 [33:36<4:33:13,  9.24s/it]                                                                                          Best trial: 166. Best value: 6636.18:  11%|█▏        | 226/2000 [33:45<4:33:13,  9.24s/it]Best trial: 166. Best value: 6636.18:  11%|█▏        | 226/2000 [33:45<4:33:13,  9.24s/it]Best trial: 166. Best value: 6636.18:  11%|█▏        | 227/2000 [33:45<4:33:58,  9.27s/it]                                                                                          Best trial: 166. Best value: 6636.18:  11%|█▏        | 227/2000 [33:54<4:33:58,  9.27s/it]Best trial: 166. Best value: 6636.18:  11%|█▏        | 227/2000 [33:54<4:33:58,  9.27s/it]Best trial: 166. Best value: 6636.18:  11%|█▏        | 228/2000 [33:54<4:32:47,  9.24s/it]                                                                                          Best trial: 166. Best value: 6636.18:  11%|█▏        | 228/2000 [34:03<4:32:47,  9.24s/it]Best trial: 166. Best value: 6636.18:  11%|█▏        | 228/2000 [34:03<4:32:47,  9.24s/it]Best trial: 166. Best value: 6636.18:  11%|█▏        | 229/2000 [34:03<4:32:56,  9.25s/it]                                                                                          Best trial: 166. Best value: 6636.18:  11%|█▏        | 229/2000 [34:12<4:32:56,  9.25s/it]Best trial: 166. Best value: 6636.18:  11%|█▏        | 229/2000 [34:12<4:32:56,  9.25s/it]Best trial: 166. Best value: 6636.18:  12%|█▏        | 230/2000 [34:12<4:32:25,  9.23s/it]                                                                                          Best trial: 166. Best value: 6636.18:  12%|█▏        | 230/2000 [34:22<4:32:25,  9.23s/it]Best trial: 166. Best value: 6636.18:  12%|█▏        | 230/2000 [34:22<4:32:25,  9.23s/it]Best trial: 166. Best value: 6636.18:  12%|█▏        | 231/2000 [34:22<4:33:20,  9.27s/it]                                                                                          Best trial: 166. Best value: 6636.18:  12%|█▏        | 231/2000 [34:31<4:33:20,  9.27s/it]Best trial: 166. Best value: 6636.18:  12%|█▏        | 231/2000 [34:31<4:33:20,  9.27s/it]Best trial: 166. Best value: 6636.18:  12%|█▏        | 232/2000 [34:31<4:32:54,  9.26s/it]                                                                                          Best trial: 166. Best value: 6636.18:  12%|█▏        | 232/2000 [34:40<4:32:54,  9.26s/it]Best trial: 166. Best value: 6636.18:  12%|█▏        | 232/2000 [34:40<4:32:54,  9.26s/it]Best trial: 166. Best value: 6636.18:  12%|█▏        | 233/2000 [34:40<4:32:50,  9.26s/it]                                                                                          Best trial: 166. Best value: 6636.18:  12%|█▏        | 233/2000 [34:50<4:32:50,  9.26s/it]Best trial: 166. Best value: 6636.18:  12%|█▏        | 233/2000 [34:50<4:32:50,  9.26s/it]Best trial: 166. Best value: 6636.18:  12%|█▏        | 234/2000 [34:50<4:33:04,  9.28s/it]                                                                                          Best trial: 166. Best value: 6636.18:  12%|█▏        | 234/2000 [34:59<4:33:04,  9.28s/it]Best trial: 166. Best value: 6636.18:  12%|█▏        | 234/2000 [34:59<4:33:04,  9.28s/it]Best trial: 166. Best value: 6636.18:  12%|█▏        | 235/2000 [34:59<4:33:32,  9.30s/it]                                                                                          Best trial: 166. Best value: 6636.18:  12%|█▏        | 235/2000 [35:08<4:33:32,  9.30s/it]Best trial: 166. Best value: 6636.18:  12%|█▏        | 235/2000 [35:08<4:33:32,  9.30s/it]Best trial: 166. Best value: 6636.18:  12%|█▏        | 236/2000 [35:08<4:33:59,  9.32s/it]                                                                                          Best trial: 166. Best value: 6636.18:  12%|█▏        | 236/2000 [35:18<4:33:59,  9.32s/it]Best trial: 166. Best value: 6636.18:  12%|█▏        | 236/2000 [35:18<4:33:59,  9.32s/it]Best trial: 166. Best value: 6636.18:  12%|█▏        | 237/2000 [35:18<4:34:00,  9.33s/it]                                                                                          Best trial: 166. Best value: 6636.18:  12%|█▏        | 237/2000 [35:27<4:34:00,  9.33s/it]Best trial: 166. Best value: 6636.18:  12%|█▏        | 237/2000 [35:27<4:34:00,  9.33s/it]Best trial: 166. Best value: 6636.18:  12%|█▏        | 238/2000 [35:27<4:33:49,  9.32s/it]                                                                                          Best trial: 166. Best value: 6636.18:  12%|█▏        | 238/2000 [35:36<4:33:49,  9.32s/it]Best trial: 166. Best value: 6636.18:  12%|█▏        | 238/2000 [35:36<4:33:49,  9.32s/it]Best trial: 166. Best value: 6636.18:  12%|█▏        | 239/2000 [35:36<4:33:09,  9.31s/it]                                                                                          Best trial: 166. Best value: 6636.18:  12%|█▏        | 239/2000 [35:46<4:33:09,  9.31s/it]Best trial: 166. Best value: 6636.18:  12%|█▏        | 239/2000 [35:46<4:33:09,  9.31s/it]Best trial: 166. Best value: 6636.18:  12%|█▏        | 240/2000 [35:46<4:32:36,  9.29s/it]                                                                                          
[I 2026-03-31 22:12:29,908] Trial 226 finished with value: 7551.3640863931505 and parameters: {'alpha_0': 0.0008796178311987371, 'alpha_1': 7.180861791718946e-05, 'alpha_2': 8.341432802352766e-05, 'beta_0': 0.07481110538087352, 'beta_1': 12.133699640055122, 'beta_2': 0.1894271434225322, 'beta_3': 0.0006524354966001474, 'beta_4': 4.377779558439329, 'beta_5': 27.970406851232987, 'beta_6': 0.0581437761799854, 'beta_7': 0.015454744626400521, 'beta_8': 3.4574188770962686e-05, 'beta_9': 7.558543741791835e-07}. Best is trial 166 with value: 6636.176825783119.
[I 2026-03-31 22:12:39,063] Trial 227 finished with value: 6828.3312233914585 and parameters: {'alpha_0': 0.0009333988570733984, 'alpha_1': 6.565242036032972e-05, 'alpha_2': 8.102340634421653e-05, 'beta_0': 0.0673653881172047, 'beta_1': 12.341150288669013, 'beta_2': 0.17545751794154008, 'beta_3': 0.0006864199975622482, 'beta_4': 4.607072088307242, 'beta_5': 28.23984778583114, 'beta_6': 0.07679916645361086, 'beta_7': 0.015902317908362527, 'beta_8': 3.576429652149025e-05, 'beta_9': 7.151823342584364e-07}. Best is trial 166 with value: 6636.176825783119.
[I 2026-03-31 22:12:48,334] Trial 228 finished with value: 6838.208574949398 and parameters: {'alpha_0': 0.0008237465626654341, 'alpha_1': 6.859229373426995e-05, 'alpha_2': 7.834162613367754e-05, 'beta_0': 0.057560448446812726, 'beta_1': 11.77883237857543, 'beta_2': 0.18420182163498328, 'beta_3': 0.0005968244376840756, 'beta_4': 4.770013264779989, 'beta_5': 29.124122359408858, 'beta_6': 0.05709857071850892, 'beta_7': 0.01661038049956771, 'beta_8': 3.4234010666081155e-05, 'beta_9': 7.811671852358719e-07}. Best is trial 166 with value: 6636.176825783119.
[I 2026-03-31 22:12:57,540] Trial 229 finished with value: 6796.331196328487 and parameters: {'alpha_0': 0.0009568050600323912, 'alpha_1': 6.271006853090774e-05, 'alpha_2': 5.127357826450209e-05, 'beta_0': 0.13868768885854532, 'beta_1': 12.450409004927806, 'beta_2': 0.20340404608111104, 'beta_3': 0.0006522729198977442, 'beta_4': 4.492287247212741, 'beta_5': 29.703211031069547, 'beta_6': 0.05311612961385527, 'beta_7': 0.016307342295482745, 'beta_8': 3.498762107252349e-05, 'beta_9': 1.1874245203505842e-06}. Best is trial 166 with value: 6636.176825783119.
[I 2026-03-31 22:13:06,896] Trial 230 finished with value: 7525.772465293903 and parameters: {'alpha_0': 0.0008988112482837645, 'alpha_1': 6.990717222525246e-05, 'alpha_2': 7.32200048734953e-05, 'beta_0': 0.08592333103522454, 'beta_1': 11.989952333603345, 'beta_2': 0.17912816006463206, 'beta_3': 0.0007468415815225319, 'beta_4': 4.650999924011604, 'beta_5': 30.31471904694323, 'beta_6': 0.0568561099206849, 'beta_7': 0.015282314912253432, 'beta_8': 3.213482048166664e-05, 'beta_9': 6.224148675482441e-07}. Best is trial 166 with value: 6636.176825783119.
[I 2026-03-31 22:13:16,135] Trial 231 finished with value: 6699.749385829386 and parameters: {'alpha_0': 0.001005523726280134, 'alpha_1': 7.549486415243356e-05, 'alpha_2': 4.2342687400532324e-05, 'beta_0': 0.07776469678071221, 'beta_1': 12.848762717414198, 'beta_2': 0.2010991023978916, 'beta_3': 0.000687650225831338, 'beta_4': 4.271536723482799, 'beta_5': 27.399939895106126, 'beta_6': 0.055662788982204864, 'beta_7': 0.01609009980840965, 'beta_8': 3.322994068106024e-05, 'beta_9': 8.165565951327638e-07}. Best is trial 166 with value: 6636.176825783119.
[I 2026-03-31 22:13:25,407] Trial 232 finished with value: 6764.033191212096 and parameters: {'alpha_0': 0.0009879650923415003, 'alpha_1': 8.052109719325398e-05, 'alpha_2': 4.825913446520828e-05, 'beta_0': 0.07636032376780921, 'beta_1': 13.001852197232727, 'beta_2': 0.20125234829032415, 'beta_3': 0.0006984738187862217, 'beta_4': 4.390396296159271, 'beta_5': 28.44924811437341, 'beta_6': 0.054686584383114654, 'beta_7': 0.015974973845196277, 'beta_8': 3.390417334951397e-05, 'beta_9': 8.09597325247818e-07}. Best is trial 166 with value: 6636.176825783119.
[I 2026-03-31 22:13:34,715] Trial 233 finished with value: 6715.800075094251 and parameters: {'alpha_0': 0.0012540971433363077, 'alpha_1': 7.766853935162067e-05, 'alpha_2': 4.6227418091689785e-05, 'beta_0': 0.07309666558342173, 'beta_1': 12.847234902408488, 'beta_2': 0.20135951479558858, 'beta_3': 0.000674711232301532, 'beta_4': 4.312667856635413, 'beta_5': 27.402929652233837, 'beta_6': 0.056533208245745536, 'beta_7': 0.01612802666431174, 'beta_8': 3.3198362223279396e-05, 'beta_9': 8.905306683092629e-07}. Best is trial 166 with value: 6636.176825783119.
[I 2026-03-31 22:13:44,064] Trial 234 finished with value: 7256.188484107293 and parameters: {'alpha_0': 0.001088326493286235, 'alpha_1': 7.300910009395502e-05, 'alpha_2': 5.616187573423662e-05, 'beta_0': 0.0827071676879056, 'beta_1': 12.210654530942483, 'beta_2': 0.1923127097688858, 'beta_3': 0.0006246700372755397, 'beta_4': 4.524009992029606, 'beta_5': 27.89194576395136, 'beta_6': 0.057861424560281906, 'beta_7': 0.015719075285479923, 'beta_8': 3.2566541127089385e-05, 'beta_9': 8.243686449343151e-07}. Best is trial 166 with value: 6636.176825783119.
[I 2026-03-31 22:13:53,430] Trial 235 finished with value: inf and parameters: {'alpha_0': 0.0009307931290059247, 'alpha_1': 7.381649817734755e-05, 'alpha_2': 7.013710643560378e-05, 'beta_0': 0.054489526469105515, 'beta_1': 12.539071626988889, 'beta_2': 0.15734655429330907, 'beta_3': 0.0007111929502599048, 'beta_4': 4.25845522316996, 'beta_5': 31.297788977607624, 'beta_6': 0.05504296293721704, 'beta_7': 0.022669785482862102, 'beta_8': 3.3777436585386494e-05, 'beta_9': 7.558632939645323e-07}. Best is trial 166 with value: 6636.176825783119.
[I 2026-03-31 22:14:02,769] Trial 236 finished with value: 6854.678532863607 and parameters: {'alpha_0': 0.001042742539498572, 'alpha_1': 9.985161300708947e-05, 'alpha_2': 4.3876345676203575e-05, 'beta_0': 0.07816346998584459, 'beta_1': 12.212305833571882, 'beta_2': 0.21455793160161682, 'beta_3': 0.0008018401175561606, 'beta_4': 4.101549404775742, 'beta_5': 29.35813500962034, 'beta_6': 0.05347754755774087, 'beta_7': 0.01629652293323794, 'beta_8': 3.438206189154202e-05, 'beta_9': 8.619317434766961e-07}. Best is trial 166 with value: 6636.176825783119.
[I 2026-03-31 22:14:12,091] Trial 237 finished with value: 6833.993269506731 and parameters: {'alpha_0': 0.000868491184679535, 'alpha_1': 6.76583877140766e-05, 'alpha_2': 4.429711531403938e-05, 'beta_0': 0.07037379395013206, 'beta_1': 12.50007484329859, 'beta_2': 0.18674996896715207, 'beta_3': 0.0008592572874468396, 'beta_4': 4.414719771595761, 'beta_5': 30.794517968738944, 'beta_6': 0.05586534770322094, 'beta_7': 0.016474968664483083, 'beta_8': 3.5355789207000305e-05, 'beta_9': 8.02395248051709e-07}. Best is trial 166 with value: 6636.176825783119.
[I 2026-03-31 22:14:21,358] Trial 238 finished with value: 7188.554402522806 and parameters: {'alpha_0': 0.0009716351535139219, 'alpha_1': 7.659369566055347e-05, 'alpha_2': 6.026646297165782e-05, 'beta_0': 0.06419100681210854, 'beta_1': 9.114243816247386, 'beta_2': 0.19738890290347658, 'beta_3': 0.0006549438117681082, 'beta_4': 4.586014566505805, 'beta_5': 28.988203080950967, 'beta_6': 0.05928120487689145, 'beta_7': 0.01577944791824584, 'beta_8': 3.294413273104221e-05, 'beta_9': 6.528709978578056e-07}. Best is trial 166 with value: 6636.176825783119.
[I 2026-03-31 22:14:30,620] Trial 239 finished with value: 6707.518217230645 and parameters: {'alpha_0': 0.001174855345632892, 'alpha_1': 7.124485637256284e-05, 'alpha_2': 4.2533592139352675e-05, 'beta_0': 0.08862563435463564, 'beta_1': 11.044930857689636, 'beta_2': 0.18938168388877463, 'beta_3': 0.0007259309446369851, 'beta_4': 4.442005213342326, 'beta_5': 29.966546956423375, 'beta_6': 0.05156871687420102, 'beta_7': 0.016128613234220907, 'beta_8': 3.354573867926851e-05, 'beta_9': 5.238113397705375e-07}. Best is trial 166 with value: 6636.176825783119.
