[I 2026-03-31 23:02:13,144] Trial 555 finished with value: inf and parameters: {'alpha_0': 0.0020704914370590355, 'alpha_1': 5.4390147669390184e-05, 'alpha_2': 4.577579527420309e-05, 'beta_0': 0.06446594824231884, 'beta_1': 8.254135117872593, 'beta_2': 0.16139067126360615, 'beta_3': 0.0014266285255773103, 'beta_4': 5.467761094626249, 'beta_5': 37.920536118850386, 'beta_6': 0.045253650704061614, 'beta_7': 0.026503505650213494, 'beta_8': 1.527118013866376e-05, 'beta_9': 1.391407522358089e-06}. Best is trial 381 with value: 6572.730744725488.Best trial: 381. Best value: 6572.73:  28%|██▊       | 555/2000 [1:23:28<3:40:44,  9.17s/it]Best trial: 381. Best value: 6572.73:  28%|██▊       | 555/2000 [1:23:28<3:40:44,  9.17s/it]Best trial: 381. Best value: 6572.73:  28%|██▊       | 556/2000 [1:23:28<2:44:46,  6.85s/it]                                                                                            Best trial: 381. Best value: 6572.73:  28%|██▊       | 556/2000 [1:23:37<2:44:46,  6.85s/it]Best trial: 381. Best value: 6572.73:  28%|██▊       | 556/2000 [1:23:37<2:44:46,  6.85s/it]Best trial: 381. Best value: 6572.73:  28%|██▊       | 557/2000 [1:23:37<3:01:40,  7.55s/it]                                                                                            Best trial: 381. Best value: 6572.73:  28%|██▊       | 557/2000 [1:23:46<3:01:40,  7.55s/it]Best trial: 381. Best value: 6572.73:  28%|██▊       | 557/2000 [1:23:46<3:01:40,  7.55s/it]Best trial: 381. Best value: 6572.73:  28%|██▊       | 558/2000 [1:23:46<3:13:28,  8.05s/it]                                                                                            Best trial: 381. Best value: 6572.73:  28%|██▊       | 558/2000 [1:23:56<3:13:28,  8.05s/it]Best trial: 381. Best value: 6572.73:  28%|██▊       | 558/2000 [1:23:56<3:13:28,  8.05s/it]Best trial: 381. Best value: 6572.73:  28%|██▊       | 559/2000 [1:23:56<3:21:32,  8.39s/it]                                                                                            Best trial: 381. Best value: 6572.73:  28%|██▊       | 559/2000 [1:24:05<3:21:32,  8.39s/it]Best trial: 381. Best value: 6572.73:  28%|██▊       | 559/2000 [1:24:05<3:21:32,  8.39s/it]Best trial: 381. Best value: 6572.73:  28%|██▊       | 560/2000 [1:24:05<3:29:03,  8.71s/it]                                                                                            Best trial: 381. Best value: 6572.73:  28%|██▊       | 560/2000 [1:24:15<3:29:03,  8.71s/it]Best trial: 381. Best value: 6572.73:  28%|██▊       | 560/2000 [1:24:15<3:29:03,  8.71s/it]Best trial: 381. Best value: 6572.73:  28%|██▊       | 561/2000 [1:24:15<3:33:38,  8.91s/it]                                                                                            Best trial: 381. Best value: 6572.73:  28%|██▊       | 561/2000 [1:24:16<3:33:38,  8.91s/it]Best trial: 381. Best value: 6572.73:  28%|██▊       | 561/2000 [1:24:16<3:33:38,  8.91s/it]Best trial: 381. Best value: 6572.73:  28%|██▊       | 562/2000 [1:24:16<2:39:44,  6.67s/it]                                                                                            Best trial: 381. Best value: 6572.73:  28%|██▊       | 562/2000 [1:24:25<2:39:44,  6.67s/it]Best trial: 381. Best value: 6572.73:  28%|██▊       | 562/2000 [1:24:25<2:39:44,  6.67s/it]Best trial: 381. Best value: 6572.73:  28%|██▊       | 563/2000 [1:24:25<2:57:57,  7.43s/it]                                                                                            Best trial: 381. Best value: 6572.73:  28%|██▊       | 563/2000 [1:24:34<2:57:57,  7.43s/it]Best trial: 381. Best value: 6572.73:  28%|██▊       | 563/2000 [1:24:34<2:57:57,  7.43s/it]Best trial: 381. Best value: 6572.73:  28%|██▊       | 564/2000 [1:24:34<3:11:04,  7.98s/it]                                                                                            Best trial: 381. Best value: 6572.73:  28%|██▊       | 564/2000 [1:24:44<3:11:04,  7.98s/it]Best trial: 381. Best value: 6572.73:  28%|██▊       | 564/2000 [1:24:44<3:11:04,  7.98s/it]Best trial: 381. Best value: 6572.73:  28%|██▊       | 565/2000 [1:24:44<3:19:31,  8.34s/it]                                                                                            Best trial: 381. Best value: 6572.73:  28%|██▊       | 565/2000 [1:24:53<3:19:31,  8.34s/it]Best trial: 381. Best value: 6572.73:  28%|██▊       | 565/2000 [1:24:53<3:19:31,  8.34s/it]Best trial: 381. Best value: 6572.73:  28%|██▊       | 566/2000 [1:24:53<3:25:48,  8.61s/it]                                                                                            Best trial: 381. Best value: 6572.73:  28%|██▊       | 566/2000 [1:25:02<3:25:48,  8.61s/it]Best trial: 566. Best value: 6567.26:  28%|██▊       | 566/2000 [1:25:02<3:25:48,  8.61s/it]Best trial: 566. Best value: 6567.26:  28%|██▊       | 567/2000 [1:25:02<3:29:44,  8.78s/it]                                                                                            Best trial: 566. Best value: 6567.26:  28%|██▊       | 567/2000 [1:25:11<3:29:44,  8.78s/it]Best trial: 566. Best value: 6567.26:  28%|██▊       | 567/2000 [1:25:11<3:29:44,  8.78s/it]Best trial: 566. Best value: 6567.26:  28%|██▊       | 568/2000 [1:25:11<3:32:20,  8.90s/it]                                                                                            Best trial: 566. Best value: 6567.26:  28%|██▊       | 568/2000 [1:25:20<3:32:20,  8.90s/it]Best trial: 566. Best value: 6567.26:  28%|██▊       | 568/2000 [1:25:20<3:32:20,  8.90s/it]Best trial: 566. Best value: 6567.26:  28%|██▊       | 569/2000 [1:25:20<3:34:19,  8.99s/it]                                                                                            Best trial: 566. Best value: 6567.26:  28%|██▊       | 569/2000 [1:25:30<3:34:19,  8.99s/it]Best trial: 566. Best value: 6567.26:  28%|██▊       | 569/2000 [1:25:30<3:34:19,  8.99s/it]Best trial: 566. Best value: 6567.26:  28%|██▊       | 570/2000 [1:25:30<3:35:57,  9.06s/it]                                                                                            
[I 2026-03-31 23:02:22,348] Trial 556 finished with value: 6915.570159895873 and parameters: {'alpha_0': 0.0009144417902885115, 'alpha_1': 5.233347385619552e-05, 'alpha_2': 4.9468790782872535e-05, 'beta_0': 0.11108070192100909, 'beta_1': 14.653685071236882, 'beta_2': 0.15297160024617226, 'beta_3': 0.0014054927038807071, 'beta_4': 5.921888154876104, 'beta_5': 39.38193558904609, 'beta_6': 0.043990760395003325, 'beta_7': 0.01505000811733868, 'beta_8': 1.6105133563906963e-05, 'beta_9': 9.737586523968686e-07}. Best is trial 381 with value: 6572.730744725488.
[I 2026-03-31 23:02:31,558] Trial 557 finished with value: 6723.061040740027 and parameters: {'alpha_0': 0.0007315258391581385, 'alpha_1': 6.0923446333829216e-05, 'alpha_2': 4.181523048545324e-05, 'beta_0': 0.07012618067673825, 'beta_1': 7.050606080360655, 'beta_2': 0.15012685301581588, 'beta_3': 0.0013454406019322617, 'beta_4': 5.217423514667299, 'beta_5': 37.670045629717606, 'beta_6': 0.04684712931755812, 'beta_7': 0.015556388371042758, 'beta_8': 1.688409573103249e-05, 'beta_9': 9.50670003355982e-07}. Best is trial 381 with value: 6572.730744725488.
[I 2026-03-31 23:02:40,745] Trial 558 finished with value: 6784.3971749342145 and parameters: {'alpha_0': 0.0006795658406571616, 'alpha_1': 5.681335794297464e-05, 'alpha_2': 5.1269610952742214e-05, 'beta_0': 0.06576760949074649, 'beta_1': 14.426869476293287, 'beta_2': 0.1557005957762486, 'beta_3': 0.001363995147739363, 'beta_4': 5.6797597657831, 'beta_5': 38.25222728434132, 'beta_6': 0.04348679478030221, 'beta_7': 0.015753762360693445, 'beta_8': 1.1373766533084278e-05, 'beta_9': 9.866603757942683e-07}. Best is trial 381 with value: 6572.730744725488.
[I 2026-03-31 23:02:50,201] Trial 559 finished with value: 7484.401651861222 and parameters: {'alpha_0': 0.000656491797728692, 'alpha_1': 5.888929017632271e-05, 'alpha_2': 4.8043949352559544e-05, 'beta_0': 0.06207273507638415, 'beta_1': 14.165689434662628, 'beta_2': 0.15792949965406558, 'beta_3': 0.0009683534207330083, 'beta_4': 5.82300463195905, 'beta_5': 39.97504192362415, 'beta_6': 0.04550880520539091, 'beta_7': 0.015003946699805747, 'beta_8': 1.468691322694528e-05, 'beta_9': 9.402315904047197e-07}. Best is trial 381 with value: 6572.730744725488.
[I 2026-03-31 23:02:59,569] Trial 560 finished with value: 7036.675048770663 and parameters: {'alpha_0': 0.0009809843987151796, 'alpha_1': 6.12139485859516e-05, 'alpha_2': 5.274506902656674e-05, 'beta_0': 0.07632357220187994, 'beta_1': 14.538970096345063, 'beta_2': 0.15266931770277972, 'beta_3': 0.0009405193209335268, 'beta_4': 6.012099417068877, 'beta_5': 37.38519379694134, 'beta_6': 0.04781294637849861, 'beta_7': 0.015485677046605466, 'beta_8': 1.6387973368540457e-05, 'beta_9': 1.0495985886227025e-06}. Best is trial 381 with value: 6572.730744725488.
[I 2026-03-31 23:03:01,002] Trial 561 finished with value: inf and parameters: {'alpha_0': 0.0005858302883681097, 'alpha_1': 5.417900179446535e-05, 'alpha_2': 4.361446874978043e-05, 'beta_0': 0.06917764301780918, 'beta_1': 9.69571718123786, 'beta_2': 0.15007131897135814, 'beta_3': 0.0008748162605254492, 'beta_4': 5.303617261996122, 'beta_5': 38.99638497568498, 'beta_6': 0.04445391699422566, 'beta_7': 0.02882520452616647, 'beta_8': 1.716202377969931e-05, 'beta_9': 9.202599188853019e-07}. Best is trial 381 with value: 6572.730744725488.
[I 2026-03-31 23:03:10,216] Trial 562 finished with value: 6763.4144136463565 and parameters: {'alpha_0': 0.0005719698475179833, 'alpha_1': 5.668418951630072e-05, 'alpha_2': 4.644736168063833e-05, 'beta_0': 0.06495853513375532, 'beta_1': 10.052225363985194, 'beta_2': 0.16951109631708658, 'beta_3': 0.0012743880327414463, 'beta_4': 5.91299170335428, 'beta_5': 41.3395754247269, 'beta_6': 0.041720204997822925, 'beta_7': 0.015811784021047798, 'beta_8': 1.5817994598014206e-05, 'beta_9': 9.52999809675777e-07}. Best is trial 381 with value: 6572.730744725488.
[I 2026-03-31 23:03:19,491] Trial 563 finished with value: 6716.519666090578 and parameters: {'alpha_0': 0.0007895847363707925, 'alpha_1': 5.970054034248598e-05, 'alpha_2': 4.9661639052591455e-05, 'beta_0': 0.06268626009558849, 'beta_1': 7.191611238961085, 'beta_2': 0.1787648974153515, 'beta_3': 0.0012964316149174887, 'beta_4': 6.399311822246294, 'beta_5': 32.6032918583918, 'beta_6': 0.04319481660341951, 'beta_7': 0.015271991273913517, 'beta_8': 1.5376913778247466e-05, 'beta_9': 1.007398675014231e-06}. Best is trial 381 with value: 6572.730744725488.
[I 2026-03-31 23:03:28,671] Trial 564 finished with value: 6776.929906722131 and parameters: {'alpha_0': 0.0006439442895432429, 'alpha_1': 5.1144265001619136e-05, 'alpha_2': 4.6487717332443835e-05, 'beta_0': 0.073630483102296, 'beta_1': 8.05232179820453, 'beta_2': 0.16370553389598794, 'beta_3': 0.0009139565685534145, 'beta_4': 5.7377263522944455, 'beta_5': 38.547516783458036, 'beta_6': 0.046488726887319795, 'beta_7': 0.016249144665279054, 'beta_8': 1.7012936888706978e-05, 'beta_9': 8.62482545764608e-07}. Best is trial 381 with value: 6572.730744725488.
[I 2026-03-31 23:03:37,909] Trial 565 finished with value: 6742.375670596111 and parameters: {'alpha_0': 0.0006214505793608047, 'alpha_1': 6.288463985997433e-05, 'alpha_2': 4.241287415396028e-05, 'beta_0': 0.1212643350042377, 'beta_1': 14.731735131295341, 'beta_2': 0.15415402935926387, 'beta_3': 0.0013184584532526925, 'beta_4': 5.592303334792492, 'beta_5': 37.3485383549345, 'beta_6': 0.04482708501734457, 'beta_7': 0.015652438821019854, 'beta_8': 1.6515741206972162e-05, 'beta_9': 9.150239326431342e-07}. Best is trial 381 with value: 6572.730744725488.
[I 2026-03-31 23:03:47,089] Trial 566 finished with value: 6567.25901539107 and parameters: {'alpha_0': 0.0006641689977016308, 'alpha_1': 5.803163931415729e-05, 'alpha_2': 4.453060333150875e-05, 'beta_0': 0.06070096702508136, 'beta_1': 8.696655725739001, 'beta_2': 0.15620993415450463, 'beta_3': 0.0009018573923350421, 'beta_4': 6.1492930371174745, 'beta_5': 33.24296416734482, 'beta_6': 0.04147903389550049, 'beta_7': 0.015867095716412864, 'beta_8': 1.729792713864757e-05, 'beta_9': 9.795820537589681e-07}. Best is trial 566 with value: 6567.25901539107.
[I 2026-03-31 23:03:56,256] Trial 567 finished with value: 7287.019802069473 and parameters: {'alpha_0': 0.0005957962230994116, 'alpha_1': 6.132943153358234e-05, 'alpha_2': 4.41504852616109e-05, 'beta_0': 0.06026850327971482, 'beta_1': 8.725925825398383, 'beta_2': 0.1569689199479683, 'beta_3': 0.0008589363711805585, 'beta_4': 6.21419472172308, 'beta_5': 32.894916847932514, 'beta_6': 0.04101088079668148, 'beta_7': 0.016898761308384965, 'beta_8': 1.754025939472775e-05, 'beta_9': 1.0359071449055851e-06}. Best is trial 566 with value: 6567.25901539107.
[I 2026-03-31 23:04:05,450] Trial 568 finished with value: 6694.643265194596 and parameters: {'alpha_0': 0.0009943747927464168, 'alpha_1': 5.939682643692011e-05, 'alpha_2': 4.181301286197228e-05, 'beta_0': 0.05344301001150556, 'beta_1': 8.940257568166734, 'beta_2': 0.15865343603331716, 'beta_3': 0.0014465208396773459, 'beta_4': 6.305250228506929, 'beta_5': 33.43695107301795, 'beta_6': 0.041408867828078386, 'beta_7': 0.015491682758907015, 'beta_8': 1.7379214565257008e-05, 'beta_9': 9.868610208064928e-07}. Best is trial 566 with value: 6567.25901539107.
[I 2026-03-31 23:04:14,687] Trial 569 finished with value: 6762.953805329918 and parameters: {'alpha_0': 0.0005401300888555531, 'alpha_1': 5.849310642858492e-05, 'alpha_2': 4.449022575067848e-05, 'beta_0': 0.05025193193581681, 'beta_1': 9.28008996646404, 'beta_2': 0.15644876657348808, 'beta_3': 0.000872996454786502, 'beta_4': 6.110831810828071, 'beta_5': 33.063944375700395, 'beta_6': 0.04005382418444873, 'beta_7': 0.0162085855453587, 'beta_8': 1.782841001738825e-05, 'beta_9': 1.0106534618283959e-06}. Best is trial 566 with value: 6567.25901539107.
[I 2026-03-31 23:04:23,978] Trial 570 finished with value: inf and parameters: {'alpha_0': 0.0010254260761473678, 'alpha_1': 6.326494672478076e-05, 'alpha_2': 4.307150903610237e-05, 'beta_0': 0.06005476527130264, 'beta_1': 9.05413301277712, 'beta_2': 0.17984174392378577, 'beta_3': 0.0014874718674928716, 'beta_4': 6.224669117001074, 'beta_5': 33.172610495312, 'beta_6': 0.04258849196653563, 'beta_7': 0.016493889891532828, 'beta_8': 1.6860370232997873e-05, 'beta_9': 9.68833935039963e-07}. Best is trial 566 with value: 6567.25901539107.Best trial: 566. Best value: 6567.26:  28%|██▊       | 570/2000 [1:25:39<3:35:57,  9.06s/it]Best trial: 566. Best value: 6567.26:  28%|██▊       | 570/2000 [1:25:39<3:35:57,  9.06s/it]Best trial: 566. Best value: 6567.26:  29%|██▊       | 571/2000 [1:25:39<3:37:27,  9.13s/it]                                                                                            Best trial: 566. Best value: 6567.26:  29%|██▊       | 571/2000 [1:25:48<3:37:27,  9.13s/it]Best trial: 566. Best value: 6567.26:  29%|██▊       | 571/2000 [1:25:48<3:37:27,  9.13s/it]Best trial: 566. Best value: 6567.26:  29%|██▊       | 572/2000 [1:25:48<3:38:45,  9.19s/it]                                                                                            Best trial: 566. Best value: 6567.26:  29%|██▊       | 572/2000 [1:25:58<3:38:45,  9.19s/it]Best trial: 566. Best value: 6567.26:  29%|██▊       | 572/2000 [1:25:58<3:38:45,  9.19s/it]Best trial: 566. Best value: 6567.26:  29%|██▊       | 573/2000 [1:25:58<3:41:07,  9.30s/it]                                                                                            Best trial: 566. Best value: 6567.26:  29%|██▊       | 573/2000 [1:26:07<3:41:07,  9.30s/it]Best trial: 566. Best value: 6567.26:  29%|██▊       | 573/2000 [1:26:07<3:41:07,  9.30s/it]Best trial: 566. Best value: 6567.26:  29%|██▊       | 574/2000 [1:26:07<3:40:49,  9.29s/it]                                                                                            Best trial: 566. Best value: 6567.26:  29%|██▊       | 574/2000 [1:26:16<3:40:49,  9.29s/it]Best trial: 566. Best value: 6567.26:  29%|██▊       | 574/2000 [1:26:16<3:40:49,  9.29s/it]Best trial: 566. Best value: 6567.26:  29%|██▉       | 575/2000 [1:26:16<3:40:27,  9.28s/it]                                                                                            Best trial: 566. Best value: 6567.26:  29%|██▉       | 575/2000 [1:26:26<3:40:27,  9.28s/it]Best trial: 566. Best value: 6567.26:  29%|██▉       | 575/2000 [1:26:26<3:40:27,  9.28s/it]Best trial: 566. Best value: 6567.26:  29%|██▉       | 576/2000 [1:26:26<3:39:33,  9.25s/it]                                                                                            Best trial: 566. Best value: 6567.26:  29%|██▉       | 576/2000 [1:26:35<3:39:33,  9.25s/it]Best trial: 566. Best value: 6567.26:  29%|██▉       | 576/2000 [1:26:35<3:39:33,  9.25s/it]Best trial: 566. Best value: 6567.26:  29%|██▉       | 577/2000 [1:26:35<3:39:07,  9.24s/it]                                                                                            Best trial: 566. Best value: 6567.26:  29%|██▉       | 577/2000 [1:26:44<3:39:07,  9.24s/it]Best trial: 566. Best value: 6567.26:  29%|██▉       | 577/2000 [1:26:44<3:39:07,  9.24s/it]Best trial: 566. Best value: 6567.26:  29%|██▉       | 578/2000 [1:26:44<3:39:20,  9.25s/it]                                                                                            Best trial: 566. Best value: 6567.26:  29%|██▉       | 578/2000 [1:26:53<3:39:20,  9.25s/it]Best trial: 566. Best value: 6567.26:  29%|██▉       | 578/2000 [1:26:53<3:39:20,  9.25s/it]Best trial: 566. Best value: 6567.26:  29%|██▉       | 579/2000 [1:26:53<3:38:29,  9.23s/it]                                                                                            Best trial: 566. Best value: 6567.26:  29%|██▉       | 579/2000 [1:27:02<3:38:29,  9.23s/it]Best trial: 566. Best value: 6567.26:  29%|██▉       | 579/2000 [1:27:02<3:38:29,  9.23s/it]Best trial: 566. Best value: 6567.26:  29%|██▉       | 580/2000 [1:27:02<3:38:36,  9.24s/it]                                                                                            Best trial: 566. Best value: 6567.26:  29%|██▉       | 580/2000 [1:27:12<3:38:36,  9.24s/it]Best trial: 566. Best value: 6567.26:  29%|██▉       | 580/2000 [1:27:12<3:38:36,  9.24s/it]Best trial: 566. Best value: 6567.26:  29%|██▉       | 581/2000 [1:27:12<3:38:17,  9.23s/it]                                                                                            Best trial: 566. Best value: 6567.26:  29%|██▉       | 581/2000 [1:27:21<3:38:17,  9.23s/it]Best trial: 566. Best value: 6567.26:  29%|██▉       | 581/2000 [1:27:21<3:38:17,  9.23s/it]Best trial: 566. Best value: 6567.26:  29%|██▉       | 582/2000 [1:27:21<3:38:08,  9.23s/it]                                                                                            Best trial: 566. Best value: 6567.26:  29%|██▉       | 582/2000 [1:27:30<3:38:08,  9.23s/it]Best trial: 566. Best value: 6567.26:  29%|██▉       | 582/2000 [1:27:30<3:38:08,  9.23s/it]Best trial: 566. Best value: 6567.26:  29%|██▉       | 583/2000 [1:27:30<3:38:13,  9.24s/it]                                                                                            Best trial: 566. Best value: 6567.26:  29%|██▉       | 583/2000 [1:27:39<3:38:13,  9.24s/it]Best trial: 566. Best value: 6567.26:  29%|██▉       | 583/2000 [1:27:39<3:38:13,  9.24s/it]Best trial: 566. Best value: 6567.26:  29%|██▉       | 584/2000 [1:27:39<3:38:14,  9.25s/it]                                                                                            Best trial: 566. Best value: 6567.26:  29%|██▉       | 584/2000 [1:27:49<3:38:14,  9.25s/it]Best trial: 566. Best value: 6567.26:  29%|██▉       | 584/2000 [1:27:49<3:38:14,  9.25s/it]Best trial: 566. Best value: 6567.26:  29%|██▉       | 585/2000 [1:27:49<3:38:27,  9.26s/it]                                                                                            
[I 2026-03-31 23:04:33,311] Trial 571 finished with value: 6568.554518506994 and parameters: {'alpha_0': 0.000655312038839777, 'alpha_1': 6.13544815269044e-05, 'alpha_2': 4.1497282197652784e-05, 'beta_0': 0.05701653699377555, 'beta_1': 10.789168885649902, 'beta_2': 0.16004503746171514, 'beta_3': 0.0008438414144354221, 'beta_4': 6.1713568899241285, 'beta_5': 32.781530715538274, 'beta_6': 0.04220044769962291, 'beta_7': 0.01591397726278526, 'beta_8': 1.745860770373554e-05, 'beta_9': 8.322765118839367e-07}. Best is trial 566 with value: 6567.25901539107.
[I 2026-03-31 23:04:42,856] Trial 572 finished with value: 7246.637064959967 and parameters: {'alpha_0': 0.0006727775143188543, 'alpha_1': 6.111057163274592e-05, 'alpha_2': 4.134940100495588e-05, 'beta_0': 0.05552079806510704, 'beta_1': 10.889299712892168, 'beta_2': 0.15932520177952647, 'beta_3': 0.0008927755035141062, 'beta_4': 6.464133018704257, 'beta_5': 33.587849409915705, 'beta_6': 0.043218387602450004, 'beta_7': 0.015332954259941464, 'beta_8': 1.6414301088622908e-05, 'beta_9': 1.0877115238640888e-06}. Best is trial 566 with value: 6567.25901539107.
[I 2026-03-31 23:04:52,133] Trial 573 finished with value: 6711.416443649041 and parameters: {'alpha_0': 0.0006853649540816699, 'alpha_1': 5.788204437828897e-05, 'alpha_2': 4.165905150358598e-05, 'beta_0': 0.05659695702608039, 'beta_1': 8.621890239637656, 'beta_2': 0.1626844258046821, 'beta_3': 0.0008481526457070546, 'beta_4': 6.209281267830838, 'beta_5': 32.65791015551153, 'beta_6': 0.04267791451566916, 'beta_7': 0.015734420479774722, 'beta_8': 1.7107269611359226e-05, 'beta_9': 8.333350885032471e-07}. Best is trial 566 with value: 6567.25901539107.
