[I 2026-03-31 21:47:18,813] Trial 60 finished with value: 6977.616244473343 and parameters: {'alpha_0': 0.000667405027598986, 'alpha_1': 0.00012920441881934157, 'alpha_2': 7.181746804636271e-05, 'beta_0': 0.22401952681154574, 'beta_1': 6.339936102234728, 'beta_2': 0.2417625673846782, 'beta_3': 0.0007513739965272863, 'beta_4': 6.475391159738187, 'beta_5': 32.30999342163172, 'beta_6': 0.09310737629684766, 'beta_7': 0.01576036723612146, 'beta_8': 1.0853313929541731e-05, 'beta_9': 1.5462428215209068e-06}. Best is trial 52 with value: 6766.921695066402.Best trial: 52. Best value: 6766.92:   3%|▎         | 60/2000 [08:34<5:03:13,  9.38s/it]Best trial: 52. Best value: 6766.92:   3%|▎         | 60/2000 [08:34<5:03:13,  9.38s/it]Best trial: 52. Best value: 6766.92:   3%|▎         | 61/2000 [08:34<5:02:03,  9.35s/it]                                                                                        Best trial: 52. Best value: 6766.92:   3%|▎         | 61/2000 [08:43<5:02:03,  9.35s/it]Best trial: 52. Best value: 6766.92:   3%|▎         | 61/2000 [08:43<5:02:03,  9.35s/it]Best trial: 52. Best value: 6766.92:   3%|▎         | 62/2000 [08:43<5:01:36,  9.34s/it]                                                                                        Best trial: 52. Best value: 6766.92:   3%|▎         | 62/2000 [08:52<5:01:36,  9.34s/it]Best trial: 52. Best value: 6766.92:   3%|▎         | 62/2000 [08:52<5:01:36,  9.34s/it]Best trial: 52. Best value: 6766.92:   3%|▎         | 63/2000 [08:52<5:01:19,  9.33s/it]                                                                                        Best trial: 52. Best value: 6766.92:   3%|▎         | 63/2000 [09:02<5:01:19,  9.33s/it]Best trial: 52. Best value: 6766.92:   3%|▎         | 63/2000 [09:02<5:01:19,  9.33s/it]Best trial: 52. Best value: 6766.92:   3%|▎         | 64/2000 [09:02<5:00:28,  9.31s/it]                                                                                        Best trial: 52. Best value: 6766.92:   3%|▎         | 64/2000 [09:11<5:00:28,  9.31s/it]Best trial: 52. Best value: 6766.92:   3%|▎         | 64/2000 [09:11<5:00:28,  9.31s/it]Best trial: 52. Best value: 6766.92:   3%|▎         | 65/2000 [09:11<4:59:28,  9.29s/it]                                                                                        Best trial: 52. Best value: 6766.92:   3%|▎         | 65/2000 [09:20<4:59:28,  9.29s/it]Best trial: 52. Best value: 6766.92:   3%|▎         | 65/2000 [09:20<4:59:28,  9.29s/it]Best trial: 52. Best value: 6766.92:   3%|▎         | 66/2000 [09:20<4:59:12,  9.28s/it]                                                                                        Best trial: 52. Best value: 6766.92:   3%|▎         | 66/2000 [09:29<4:59:12,  9.28s/it]Best trial: 52. Best value: 6766.92:   3%|▎         | 66/2000 [09:29<4:59:12,  9.28s/it]Best trial: 52. Best value: 6766.92:   3%|▎         | 67/2000 [09:29<4:58:42,  9.27s/it]                                                                                        Best trial: 52. Best value: 6766.92:   3%|▎         | 67/2000 [09:39<4:58:42,  9.27s/it]Best trial: 52. Best value: 6766.92:   3%|▎         | 67/2000 [09:39<4:58:42,  9.27s/it]Best trial: 52. Best value: 6766.92:   3%|▎         | 68/2000 [09:39<4:57:56,  9.25s/it]                                                                                        Best trial: 52. Best value: 6766.92:   3%|▎         | 68/2000 [09:48<4:57:56,  9.25s/it]Best trial: 52. Best value: 6766.92:   3%|▎         | 68/2000 [09:48<4:57:56,  9.25s/it]Best trial: 52. Best value: 6766.92:   3%|▎         | 69/2000 [09:48<4:58:42,  9.28s/it]                                                                                        Best trial: 52. Best value: 6766.92:   3%|▎         | 69/2000 [09:58<4:58:42,  9.28s/it]Best trial: 52. Best value: 6766.92:   3%|▎         | 69/2000 [09:58<4:58:42,  9.28s/it]Best trial: 52. Best value: 6766.92:   4%|▎         | 70/2000 [09:58<5:03:34,  9.44s/it]                                                                                        Best trial: 52. Best value: 6766.92:   4%|▎         | 70/2000 [10:07<5:03:34,  9.44s/it]Best trial: 52. Best value: 6766.92:   4%|▎         | 70/2000 [10:07<5:03:34,  9.44s/it]Best trial: 52. Best value: 6766.92:   4%|▎         | 71/2000 [10:07<5:02:00,  9.39s/it]                                                                                        Best trial: 52. Best value: 6766.92:   4%|▎         | 71/2000 [10:16<5:02:00,  9.39s/it]Best trial: 71. Best value: 6726.62:   4%|▎         | 71/2000 [10:16<5:02:00,  9.39s/it]Best trial: 71. Best value: 6726.62:   4%|▎         | 72/2000 [10:16<5:00:12,  9.34s/it]                                                                                        Best trial: 71. Best value: 6726.62:   4%|▎         | 72/2000 [10:26<5:00:12,  9.34s/it]Best trial: 71. Best value: 6726.62:   4%|▎         | 72/2000 [10:26<5:00:12,  9.34s/it]Best trial: 71. Best value: 6726.62:   4%|▎         | 73/2000 [10:26<4:59:43,  9.33s/it]                                                                                        Best trial: 71. Best value: 6726.62:   4%|▎         | 73/2000 [10:35<4:59:43,  9.33s/it]Best trial: 73. Best value: 6668.36:   4%|▎         | 73/2000 [10:35<4:59:43,  9.33s/it]Best trial: 73. Best value: 6668.36:   4%|▎         | 74/2000 [10:35<4:58:36,  9.30s/it]                                                                                        Best trial: 73. Best value: 6668.36:   4%|▎         | 74/2000 [10:44<4:58:36,  9.30s/it]Best trial: 73. Best value: 6668.36:   4%|▎         | 74/2000 [10:44<4:58:36,  9.30s/it]Best trial: 73. Best value: 6668.36:   4%|▍         | 75/2000 [10:44<4:58:51,  9.32s/it]                                                                                        
[I 2026-03-31 21:47:28,131] Trial 61 finished with value: 7072.711229543585 and parameters: {'alpha_0': 0.001042364011641933, 'alpha_1': 7.483408667479631e-05, 'alpha_2': 7.396873792748246e-05, 'beta_0': 0.23144254831574987, 'beta_1': 5.8229852876120765, 'beta_2': 0.23128757542861625, 'beta_3': 0.0008026981142102953, 'beta_4': 7.311047002237606, 'beta_5': 36.93232581211214, 'beta_6': 0.0889118913300381, 'beta_7': 0.015615763206612059, 'beta_8': 3.347168824338336e-05, 'beta_9': 1.3640123874783222e-06}. Best is trial 52 with value: 6766.921695066402.
[I 2026-03-31 21:47:37,455] Trial 62 finished with value: 7211.924174894182 and parameters: {'alpha_0': 0.0007732324694610529, 'alpha_1': 0.00010517501000325091, 'alpha_2': 7.818498822068181e-05, 'beta_0': 0.24631835738403132, 'beta_1': 7.478426164145531, 'beta_2': 0.17288775121652977, 'beta_3': 0.0008472731785659241, 'beta_4': 7.234898374560363, 'beta_5': 34.51169682982303, 'beta_6': 0.09533027311101723, 'beta_7': 0.016496660770287164, 'beta_8': 2.1343175238137324e-05, 'beta_9': 1.1285938365865137e-06}. Best is trial 52 with value: 6766.921695066402.
[I 2026-03-31 21:47:46,717] Trial 63 finished with value: 7189.036666611213 and parameters: {'alpha_0': 0.0009220445889404868, 'alpha_1': 6.550919717487942e-05, 'alpha_2': 7.515846361608548e-05, 'beta_0': 0.21809132231315204, 'beta_1': 5.0314742076180465, 'beta_2': 0.2273183308345844, 'beta_3': 0.001014937302943697, 'beta_4': 7.782108387071853, 'beta_5': 37.67828442565513, 'beta_6': 0.09254167754776621, 'beta_7': 0.015330854047445407, 'beta_8': 2.346482644861852e-05, 'beta_9': 1.392371586004201e-06}. Best is trial 52 with value: 6766.921695066402.
[I 2026-03-31 21:47:55,941] Trial 64 finished with value: inf and parameters: {'alpha_0': 0.000807934543615976, 'alpha_1': 7.16654294372385e-05, 'alpha_2': 0.00011624271634664097, 'beta_0': 0.2060842345553003, 'beta_1': 6.847455642555458, 'beta_2': 0.22134140850793535, 'beta_3': 0.0008825672317533762, 'beta_4': 6.928250600636557, 'beta_5': 36.34916237260149, 'beta_6': 0.0980994499876851, 'beta_7': 0.023352257408127342, 'beta_8': 1.972244144106591e-05, 'beta_9': 1.6996813528157394e-06}. Best is trial 52 with value: 6766.921695066402.
[I 2026-03-31 21:48:05,217] Trial 65 finished with value: inf and parameters: {'alpha_0': 0.0008617911451396965, 'alpha_1': 8.071423797276445e-05, 'alpha_2': 8.340891507965074e-05, 'beta_0': 0.2289390564853363, 'beta_1': 5.356118087506293, 'beta_2': 0.23411401515272387, 'beta_3': 0.0007160132014402904, 'beta_4': 7.105230210682242, 'beta_5': 35.27759332895853, 'beta_6': 0.04801256191256384, 'beta_7': 0.018232893220424984, 'beta_8': 3.9632300536296834e-05, 'beta_9': 1.925322035191337e-06}. Best is trial 52 with value: 6766.921695066402.
[I 2026-03-31 21:48:14,462] Trial 66 finished with value: 7310.03189784942 and parameters: {'alpha_0': 0.0006615332253929416, 'alpha_1': 9.60827738369405e-05, 'alpha_2': 6.682784375932477e-05, 'beta_0': 0.2359305601532093, 'beta_1': 6.455683910707177, 'beta_2': 0.23691580314648544, 'beta_3': 0.0010962568616029802, 'beta_4': 7.458328513369839, 'beta_5': 40.01848341272015, 'beta_6': 0.08736905422689265, 'beta_7': 0.016452225260836086, 'beta_8': 3.808260077895203e-05, 'beta_9': 1.311327852447513e-06}. Best is trial 52 with value: 6766.921695066402.
[I 2026-03-31 21:48:23,672] Trial 67 finished with value: 7233.851677574758 and parameters: {'alpha_0': 0.0016970792675060705, 'alpha_1': 5.867469005123073e-05, 'alpha_2': 0.00011978941484302648, 'beta_0': 0.24271755499526537, 'beta_1': 8.151665246362018, 'beta_2': 0.24471437820689468, 'beta_3': 0.00040105466156949306, 'beta_4': 7.610380051073818, 'beta_5': 28.205435149664144, 'beta_6': 0.0891209975553844, 'beta_7': 0.017089038569347743, 'beta_8': 2.5620610626268867e-05, 'beta_9': 1.793042661610244e-06}. Best is trial 52 with value: 6766.921695066402.
[I 2026-03-31 21:48:33,020] Trial 68 finished with value: 6830.625324773891 and parameters: {'alpha_0': 0.0009675951147859374, 'alpha_1': 0.00013211851478295782, 'alpha_2': 9.13828388242573e-05, 'beta_0': 0.22734461304053738, 'beta_1': 11.892606297229124, 'beta_2': 0.23096949545990503, 'beta_3': 0.0007823000476251056, 'beta_4': 7.192538752400549, 'beta_5': 30.82391877402741, 'beta_6': 0.06452611298744451, 'beta_7': 0.01581587949047571, 'beta_8': 3.6125315478794364e-05, 'beta_9': 1.5944055147953896e-06}. Best is trial 52 with value: 6766.921695066402.
[I 2026-03-31 21:48:42,822] Trial 69 finished with value: 8232.264483479317 and parameters: {'alpha_0': 0.00115574132894061, 'alpha_1': 0.0001351195858036957, 'alpha_2': 0.00011235534677995934, 'beta_0': 0.22211154204725264, 'beta_1': 13.052189541579693, 'beta_2': 0.22375525768398988, 'beta_3': 0.0006536446481922037, 'beta_4': 3.249335121638471, 'beta_5': 30.927075765520733, 'beta_6': 0.061214369227731574, 'beta_7': 0.015007197669094608, 'beta_8': 3.6584375572022715e-05, 'beta_9': 1.5893668159025953e-06}. Best is trial 52 with value: 6766.921695066402.
[I 2026-03-31 21:48:52,113] Trial 70 finished with value: 6945.241672630054 and parameters: {'alpha_0': 0.000757506394922004, 'alpha_1': 0.0001294698005551533, 'alpha_2': 9.184614844237153e-05, 'beta_0': 0.10435495679579898, 'beta_1': 12.775355368901469, 'beta_2': 0.2145414018263982, 'beta_3': 0.0007825961458532304, 'beta_4': 6.832818664622032, 'beta_5': 33.784713788016276, 'beta_6': 0.06425224069404759, 'beta_7': 0.016295979884638833, 'beta_8': 3.523172446670122e-05, 'beta_9': 1.6435707352852943e-06}. Best is trial 52 with value: 6766.921695066402.
[I 2026-03-31 21:49:01,337] Trial 71 finished with value: 6726.618402423623 and parameters: {'alpha_0': 0.0009610707278920677, 'alpha_1': 9.122891099494799e-05, 'alpha_2': 7.962949632519688e-05, 'beta_0': 0.22898014026315247, 'beta_1': 11.360121893882301, 'beta_2': 0.22906164967649056, 'beta_3': 0.0008320594035309902, 'beta_4': 7.246063802137108, 'beta_5': 36.73147697178351, 'beta_6': 0.05950878711739991, 'beta_7': 0.015810896372400452, 'beta_8': 3.441852721944923e-05, 'beta_9': 5.303401482512254e-07}. Best is trial 71 with value: 6726.618402423623.
[I 2026-03-31 21:49:10,645] Trial 72 finished with value: 6762.4271505093475 and parameters: {'alpha_0': 0.0009939472347493272, 'alpha_1': 9.114162435092334e-05, 'alpha_2': 7.927862078646838e-05, 'beta_0': 0.12097753078151233, 'beta_1': 11.74560135227974, 'beta_2': 0.22837466859994707, 'beta_3': 0.0008395164904921933, 'beta_4': 7.993398933897119, 'beta_5': 32.45943693596409, 'beta_6': 0.054814782544642573, 'beta_7': 0.01598155181433853, 'beta_8': 3.449889171912165e-05, 'beta_9': 9.95709319704679e-07}. Best is trial 71 with value: 6726.618402423623.
[I 2026-03-31 21:49:19,878] Trial 73 finished with value: 6668.35895033413 and parameters: {'alpha_0': 0.0009929902331736913, 'alpha_1': 9.39095757205726e-05, 'alpha_2': 8.8114568476448e-05, 'beta_0': 0.13672388400092617, 'beta_1': 11.760214005331738, 'beta_2': 0.22655402807140926, 'beta_3': 0.0008342450283905495, 'beta_4': 7.8929119596026975, 'beta_5': 32.4265017559565, 'beta_6': 0.05590604842668024, 'beta_7': 0.01583236513420942, 'beta_8': 3.395136550022363e-05, 'beta_9': 5.129047418290993e-07}. Best is trial 73 with value: 6668.35895033413.
[I 2026-03-31 21:49:29,222] Trial 74 finished with value: 7181.148002130041 and parameters: {'alpha_0': 0.000980137907964553, 'alpha_1': 8.954711523225843e-05, 'alpha_2': 8.959343668990316e-05, 'beta_0': 0.11959523486970476, 'beta_1': 11.690376227735515, 'beta_2': 0.22921371620379416, 'beta_3': 0.000923802392542738, 'beta_4': 7.912388513395957, 'beta_5': 32.70773819814597, 'beta_6': 0.05366205472988776, 'beta_7': 0.016907638676684905, 'beta_8': 3.446428337050998e-05, 'beta_9': 5.561101333357016e-07}. Best is trial 73 with value: 6668.35895033413.
[I 2026-03-31 21:49:38,463] Trial 75 finished with value: 6878.308195107175 and parameters: {'alpha_0': 0.0009528074138423985, 'alpha_1': 9.409853741589132e-05, 'alpha_2': 8.500333318636797e-05, 'beta_0': 0.21398782131957864, 'beta_1': 11.471648351733137, 'beta_2': 0.2262055023229199, 'beta_3': 0.0008383104403669527, 'beta_4': 7.731966724524513, 'beta_5': 30.41408975677354, 'beta_6': 0.060296052540107184, 'beta_7': 0.01620541200766307, 'beta_8': 3.618839739638643e-05, 'beta_9': 5.195196649099515e-07}. Best is trial 73 with value: 6668.35895033413.Best trial: 73. Best value: 6668.36:   4%|▍         | 75/2000 [10:53<4:58:51,  9.32s/it]Best trial: 73. Best value: 6668.36:   4%|▍         | 75/2000 [10:53<4:58:51,  9.32s/it]Best trial: 73. Best value: 6668.36:   4%|▍         | 76/2000 [10:53<4:57:59,  9.29s/it]                                                                                        Best trial: 73. Best value: 6668.36:   4%|▍         | 76/2000 [11:03<4:57:59,  9.29s/it]Best trial: 73. Best value: 6668.36:   4%|▍         | 76/2000 [11:03<4:57:59,  9.29s/it]Best trial: 73. Best value: 6668.36:   4%|▍         | 77/2000 [11:03<4:57:54,  9.30s/it]                                                                                        Best trial: 73. Best value: 6668.36:   4%|▍         | 77/2000 [11:12<4:57:54,  9.30s/it]Best trial: 73. Best value: 6668.36:   4%|▍         | 77/2000 [11:12<4:57:54,  9.30s/it]Best trial: 73. Best value: 6668.36:   4%|▍         | 78/2000 [11:12<4:57:19,  9.28s/it]                                                                                        Best trial: 73. Best value: 6668.36:   4%|▍         | 78/2000 [11:21<4:57:19,  9.28s/it]Best trial: 73. Best value: 6668.36:   4%|▍         | 78/2000 [11:21<4:57:19,  9.28s/it]Best trial: 73. Best value: 6668.36:   4%|▍         | 79/2000 [11:21<4:57:08,  9.28s/it]                                                                                        Best trial: 73. Best value: 6668.36:   4%|▍         | 79/2000 [11:23<4:57:08,  9.28s/it]Best trial: 73. Best value: 6668.36:   4%|▍         | 79/2000 [11:23<4:57:08,  9.28s/it]Best trial: 73. Best value: 6668.36:   4%|▍         | 80/2000 [11:23<3:40:30,  6.89s/it]                                                                                        Best trial: 73. Best value: 6668.36:   4%|▍         | 80/2000 [11:32<3:40:30,  6.89s/it]Best trial: 73. Best value: 6668.36:   4%|▍         | 80/2000 [11:32<3:40:30,  6.89s/it]Best trial: 73. Best value: 6668.36:   4%|▍         | 81/2000 [11:32<4:03:04,  7.60s/it]                                                                                        Best trial: 73. Best value: 6668.36:   4%|▍         | 81/2000 [11:41<4:03:04,  7.60s/it]Best trial: 73. Best value: 6668.36:   4%|▍         | 81/2000 [11:41<4:03:04,  7.60s/it]Best trial: 73. Best value: 6668.36:   4%|▍         | 82/2000 [11:41<4:19:00,  8.10s/it]                                                                                        Best trial: 73. Best value: 6668.36:   4%|▍         | 82/2000 [11:50<4:19:00,  8.10s/it]Best trial: 73. Best value: 6668.36:   4%|▍         | 82/2000 [11:50<4:19:00,  8.10s/it]Best trial: 73. Best value: 6668.36:   4%|▍         | 83/2000 [11:50<4:30:03,  8.45s/it]                                                                                        Best trial: 73. Best value: 6668.36:   4%|▍         | 83/2000 [12:00<4:30:03,  8.45s/it]Best trial: 73. Best value: 6668.36:   4%|▍         | 83/2000 [12:00<4:30:03,  8.45s/it]Best trial: 73. Best value: 6668.36:   4%|▍         | 84/2000 [12:00<4:37:22,  8.69s/it]                                                                                        Best trial: 73. Best value: 6668.36:   4%|▍         | 84/2000 [12:09<4:37:22,  8.69s/it]Best trial: 73. Best value: 6668.36:   4%|▍         | 84/2000 [12:09<4:37:22,  8.69s/it]Best trial: 73. Best value: 6668.36:   4%|▍         | 85/2000 [12:09<4:43:35,  8.89s/it]                                                                                        Best trial: 73. Best value: 6668.36:   4%|▍         | 85/2000 [12:18<4:43:35,  8.89s/it]Best trial: 73. Best value: 6668.36:   4%|▍         | 85/2000 [12:18<4:43:35,  8.89s/it]Best trial: 73. Best value: 6668.36:   4%|▍         | 86/2000 [12:18<4:46:24,  8.98s/it]                                                                                        Best trial: 73. Best value: 6668.36:   4%|▍         | 86/2000 [12:28<4:46:24,  8.98s/it]Best trial: 73. Best value: 6668.36:   4%|▍         | 86/2000 [12:28<4:46:24,  8.98s/it]Best trial: 73. Best value: 6668.36:   4%|▍         | 87/2000 [12:28<4:50:30,  9.11s/it]                                                                                        Best trial: 73. Best value: 6668.36:   4%|▍         | 87/2000 [12:37<4:50:30,  9.11s/it]Best trial: 73. Best value: 6668.36:   4%|▍         | 87/2000 [12:37<4:50:30,  9.11s/it]Best trial: 73. Best value: 6668.36:   4%|▍         | 88/2000 [12:37<4:52:48,  9.19s/it]                                                                                        Best trial: 73. Best value: 6668.36:   4%|▍         | 88/2000 [12:46<4:52:48,  9.19s/it]Best trial: 73. Best value: 6668.36:   4%|▍         | 88/2000 [12:46<4:52:48,  9.19s/it]Best trial: 73. Best value: 6668.36:   4%|▍         | 89/2000 [12:46<4:53:22,  9.21s/it]                                                                                        Best trial: 73. Best value: 6668.36:   4%|▍         | 89/2000 [12:55<4:53:22,  9.21s/it]Best trial: 73. Best value: 6668.36:   4%|▍         | 89/2000 [12:55<4:53:22,  9.21s/it]Best trial: 73. Best value: 6668.36:   4%|▍         | 90/2000 [12:55<4:53:55,  9.23s/it]                                                                                        
[I 2026-03-31 21:49:47,764] Trial 76 finished with value: 7366.018148028879 and parameters: {'alpha_0': 0.0010356292598869181, 'alpha_1': 0.00010244525396785591, 'alpha_2': 9.906692987764367e-05, 'beta_0': 0.13631178432662666, 'beta_1': 12.085732450870326, 'beta_2': 0.2369941454394654, 'beta_3': 0.000735043526912661, 'beta_4': 7.920394377717828, 'beta_5': 33.76635496005948, 'beta_6': 0.05701995162621025, 'beta_7': 0.015389897605904007, 'beta_8': 3.353453325423429e-05, 'beta_9': 6.546421342697948e-07}. Best is trial 73 with value: 6668.35895033413.
[I 2026-03-31 21:49:57,015] Trial 77 finished with value: inf and parameters: {'alpha_0': 0.0011274089537707376, 'alpha_1': 9.175078691132433e-05, 'alpha_2': 8.04319758045319e-05, 'beta_0': 0.15195934363605643, 'beta_1': 10.446191138117042, 'beta_2': 0.22951377801823972, 'beta_3': 0.000905605557378175, 'beta_4': 7.97519732699232, 'beta_5': 31.930723101330535, 'beta_6': 0.05442260521771333, 'beta_7': 0.017510278076080035, 'beta_8': 3.7663340952595104e-05, 'beta_9': 7.413385528689271e-07}. Best is trial 73 with value: 6668.35895033413.
[I 2026-03-31 21:50:06,294] Trial 78 finished with value: 6736.075924456081 and parameters: {'alpha_0': 0.0011792674605572598, 'alpha_1': 8.542389269649173e-05, 'alpha_2': 8.679114736170685e-05, 'beta_0': 0.14441725409858844, 'beta_1': 11.069870156516053, 'beta_2': 0.2207214012735436, 'beta_3': 0.0008783806149668261, 'beta_4': 4.987976954285363, 'beta_5': 29.400856976756746, 'beta_6': 0.0587893720920592, 'beta_7': 0.015979079405365002, 'beta_8': 3.202099686529146e-05, 'beta_9': 8.673671102156013e-07}. Best is trial 73 with value: 6668.35895033413.
[I 2026-03-31 21:50:07,607] Trial 79 finished with value: inf and parameters: {'alpha_0': 0.0012509607731566947, 'alpha_1': 8.648391898924846e-05, 'alpha_2': 8.743342615192263e-05, 'beta_0': 0.1445961910625323, 'beta_1': 11.308147726174969, 'beta_2': 0.21958609085092062, 'beta_3': 0.0008769842086186669, 'beta_4': 5.0824788408334225, 'beta_5': 29.482550553989096, 'beta_6': 0.0644282609108553, 'beta_7': 0.029784324277693956, 'beta_8': 3.541110809651041e-05, 'beta_9': 9.640920570008836e-07}. Best is trial 73 with value: 6668.35895033413.
