[I 2026-04-01 09:24:29,286] Trial 1294 finished with value: 6597.695928533314 and parameters: {'alpha_0': 0.0006929310944440958, 'alpha_1': 5.634573123276418e-05, 'alpha_2': 4.7907056705098e-05, 'beta_0': 0.07929151274874041, 'beta_1': 5.535772042318872, 'beta_2': 0.219397651064301, 'beta_3': 0.0009722498510712772, 'beta_4': 7.677724897501036, 'beta_5': 33.04268722204341, 'beta_6': 0.046229283155905944, 'beta_7': 0.015649021796095897, 'beta_8': 3.8063581578144195e-05, 'beta_9': 6.971772885401499e-07}. Best is trial 691 with value: 6538.461030825155.
[I 2026-04-01 09:24:38,554] Trial 1295 finished with value: 7132.564394962264 and parameters: {'alpha_0': 0.0006079547108543169, 'alpha_1': 5.167401129779216e-05, 'alpha_2': 0.00011044038486099467, 'beta_0': 0.07117739419182643, 'beta_1': 5.8515192951570905, 'beta_2': 0.20546751697023943, 'beta_3': 0.0010266438265881664, 'beta_4': 6.3396650889402935, 'beta_5': 43.634069418442586, 'beta_6': 0.09341788504740287, 'beta_7': 0.016399765229901487, 'beta_8': 3.952802935959932e-05, 'beta_9': 5.939774426517593e-07}. Best is trial 691 with value: 6538.461030825155.
[I 2026-04-01 09:24:47,810] Trial 1296 finished with value: 6653.144484066324 and parameters: {'alpha_0': 0.0005388701695651276, 'alpha_1': 5.003791702603134e-05, 'alpha_2': 4.2820031784202535e-05, 'beta_0': 0.09328199037191987, 'beta_1': 6.273476943351219, 'beta_2': 0.2067780101735595, 'beta_3': 0.0009456384093194567, 'beta_4': 6.152180700040819, 'beta_5': 35.87903482800412, 'beta_6': 0.04290920108397303, 'beta_7': 0.01594315524714578, 'beta_8': 3.857376753157038e-05, 'beta_9': 6.570885449532481e-07}. Best is trial 691 with value: 6538.461030825155.
[I 2026-04-01 09:24:57,177] Trial 1297 finished with value: 7478.326795108154 and parameters: {'alpha_0': 0.0006347586958055144, 'alpha_1': 5.444311152454381e-05, 'alpha_2': 8.940656322418659e-05, 'beta_0': 0.14940556431805582, 'beta_1': 6.87537323877949, 'beta_2': 0.20844666867944273, 'beta_3': 0.0009864405847017296, 'beta_4': 6.636533524893534, 'beta_5': 37.52449691948658, 'beta_6': 0.04203121739776805, 'beta_7': 0.0150049017476068, 'beta_8': 1.9480078564173508e-05, 'beta_9': 7.237807881332285e-07}. Best is trial 691 with value: 6538.461030825155.
[I 2026-04-01 09:25:06,416] Trial 1298 finished with value: 7014.070858235582 and parameters: {'alpha_0': 0.0007743445941158683, 'alpha_1': 5.3248323584253883e-05, 'alpha_2': 4.134871546009263e-05, 'beta_0': 0.09975568681850425, 'beta_1': 6.091801894530102, 'beta_2': 0.20413289145944244, 'beta_3': 0.0008873103407827164, 'beta_4': 6.522068336745481, 'beta_5': 35.227654048471955, 'beta_6': 0.04404450391695652, 'beta_7': 0.015509007800193706, 'beta_8': 3.999389372601848e-05, 'beta_9': 7.818635008968421e-07}. Best is trial 691 with value: 6538.461030825155.
[I 2026-04-01 09:25:15,651] Trial 1299 finished with value: 6612.088804675778 and parameters: {'alpha_0': 0.0005778505751513846, 'alpha_1': 5.6197619654484493e-05, 'alpha_2': 4.5980542420381015e-05, 'beta_0': 0.08614300523526766, 'beta_1': 6.5541938647387425, 'beta_2': 0.21208270147567754, 'beta_3': 0.001047462677882153, 'beta_4': 6.713337560015293, 'beta_5': 34.2223180179124, 'beta_6': 0.04301013363291154, 'beta_7': 0.01573489257676107, 'beta_8': 2.2472837394927943e-05, 'beta_9': 6.33832355209033e-07}. Best is trial 691 with value: 6538.461030825155.
[I 2026-04-01 09:25:24,884] Trial 1300 finished with value: 6762.938785424632 and parameters: {'alpha_0': 0.0006512177715936514, 'alpha_1': 5.9129052821729374e-05, 'alpha_2': 4.401443848440108e-05, 'beta_0': 0.07581307051834396, 'beta_1': 10.239259768461984, 'beta_2': 0.20266252158788892, 'beta_3': 0.0009173295479563704, 'beta_4': 6.871244851099063, 'beta_5': 32.586846336911755, 'beta_6': 0.041008995350635416, 'beta_7': 0.0161198494957272, 'beta_8': 3.755491611123629e-05, 'beta_9': 5.601904980809259e-07}. Best is trial 691 with value: 6538.461030825155.
[I 2026-04-01 09:25:34,124] Trial 1301 finished with value: 7331.14994268949 and parameters: {'alpha_0': 0.0005007864410613756, 'alpha_1': 5.191670879270396e-05, 'alpha_2': 4.142400547406848e-05, 'beta_0': 0.09695849400041127, 'beta_1': 5.925681591879336, 'beta_2': 0.2101593580445465, 'beta_3': 0.0008509166043410371, 'beta_4': 6.383746935157988, 'beta_5': 36.36071394169437, 'beta_6': 0.04195809194742204, 'beta_7': 0.015318530033495262, 'beta_8': 3.997836647713227e-05, 'beta_9': 6.775786733790133e-07}. Best is trial 691 with value: 6538.461030825155.
[I 2026-04-01 09:25:43,356] Trial 1302 finished with value: 6582.297937485865 and parameters: {'alpha_0': 0.0007280700415096738, 'alpha_1': 5.0032303683973325e-05, 'alpha_2': 8.018264995720108e-05, 'beta_0': 0.10390491416518381, 'beta_1': 6.334918399185475, 'beta_2': 0.2446299774063288, 'beta_3': 0.0009584377777434157, 'beta_4': 5.9980246220295905, 'beta_5': 33.518986957686785, 'beta_6': 0.04513833727809161, 'beta_7': 0.01573680475282438, 'beta_8': 3.904180660534098e-05, 'beta_9': 5.030818329070686e-07}. Best is trial 691 with value: 6538.461030825155.
[I 2026-04-01 09:25:52,576] Trial 1303 finished with value: 7069.170225638929 and parameters: {'alpha_0': 0.0005881709964748188, 'alpha_1': 6.107360197238377e-05, 'alpha_2': 4.646564262992788e-05, 'beta_0': 0.09087974460448002, 'beta_1': 5.639957022980691, 'beta_2': 0.20766630667349886, 'beta_3': 0.0009023887051051615, 'beta_4': 6.597540101684742, 'beta_5': 34.654797936429794, 'beta_6': 0.04100631481025104, 'beta_7': 0.01658280108975343, 'beta_8': 3.8415810785826434e-05, 'beta_9': 6.03442091495517e-07}. Best is trial 691 with value: 6538.461030825155.
[I 2026-04-01 09:26:01,896] Trial 1304 finished with value: inf and parameters: {'alpha_0': 0.0006923690162065874, 'alpha_1': 5.4577674206523444e-05, 'alpha_2': 0.00010688051143928016, 'beta_0': 0.16424103845843196, 'beta_1': 5.0026196735897255, 'beta_2': 0.19993089805084027, 'beta_3': 0.0010155328730579668, 'beta_4': 6.482562549661197, 'beta_5': 32.10812937735363, 'beta_6': 0.04341193631443025, 'beta_7': 0.01988279680677776, 'beta_8': 3.912838730911204e-05, 'beta_9': 7.454171208694872e-07}. Best is trial 691 with value: 6538.461030825155.
[I 2026-04-01 09:26:11,333] Trial 1305 finished with value: 6770.8109970111655 and parameters: {'alpha_0': 0.0006214778217754981, 'alpha_1': 5.767379649868808e-05, 'alpha_2': 4.0000324534178695e-05, 'beta_0': 0.08173302855013942, 'beta_1': 6.7526446314569375, 'beta_2': 0.20495646538823067, 'beta_3': 0.0009344048102171482, 'beta_4': 6.298797136200951, 'beta_5': 35.5385858798133, 'beta_6': 0.042130521192162367, 'beta_7': 0.016221069512134492, 'beta_8': 3.999860241515597e-05, 'beta_9': 7.031066949275346e-07}. Best is trial 691 with value: 6538.461030825155.Best trial: 691. Best value: 6538.46:  65%|██████▌   | 1305/2000 [11:47:26<1:47:02,  9.24s/it]Best trial: 691. Best value: 6538.46:  65%|██████▌   | 1305/2000 [11:47:26<1:47:02,  9.24s/it]Best trial: 691. Best value: 6538.46:  65%|██████▌   | 1306/2000 [11:47:26<1:47:34,  9.30s/it]                                                                                              Best trial: 691. Best value: 6538.46:  65%|██████▌   | 1306/2000 [11:47:29<1:47:34,  9.30s/it]Best trial: 691. Best value: 6538.46:  65%|██████▌   | 1306/2000 [11:47:29<1:47:34,  9.30s/it]Best trial: 691. Best value: 6538.46:  65%|██████▌   | 1307/2000 [11:47:29<1:22:58,  7.18s/it]                                                                                              Best trial: 691. Best value: 6538.46:  65%|██████▌   | 1307/2000 [11:47:38<1:22:58,  7.18s/it]Best trial: 691. Best value: 6538.46:  65%|██████▌   | 1307/2000 [11:47:38<1:22:58,  7.18s/it]Best trial: 691. Best value: 6538.46:  65%|██████▌   | 1308/2000 [11:47:38<1:30:58,  7.89s/it]                                                                                              Best trial: 691. Best value: 6538.46:  65%|██████▌   | 1308/2000 [11:47:47<1:30:58,  7.89s/it]Best trial: 691. Best value: 6538.46:  65%|██████▌   | 1308/2000 [11:47:47<1:30:58,  7.89s/it]Best trial: 691. Best value: 6538.46:  65%|██████▌   | 1309/2000 [11:47:47<1:35:15,  8.27s/it]                                                                                              Best trial: 691. Best value: 6538.46:  65%|██████▌   | 1309/2000 [11:47:57<1:35:15,  8.27s/it]Best trial: 691. Best value: 6538.46:  65%|██████▌   | 1309/2000 [11:47:57<1:35:15,  8.27s/it]Best trial: 691. Best value: 6538.46:  66%|██████▌   | 1310/2000 [11:47:57<1:38:41,  8.58s/it]                                                                                              Best trial: 691. Best value: 6538.46:  66%|██████▌   | 1310/2000 [11:48:06<1:38:41,  8.58s/it]Best trial: 691. Best value: 6538.46:  66%|██████▌   | 1310/2000 [11:48:06<1:38:41,  8.58s/it]Best trial: 691. Best value: 6538.46:  66%|██████▌   | 1311/2000 [11:48:06<1:41:26,  8.83s/it]                                                                                              Best trial: 691. Best value: 6538.46:  66%|██████▌   | 1311/2000 [11:48:15<1:41:26,  8.83s/it]Best trial: 691. Best value: 6538.46:  66%|██████▌   | 1311/2000 [11:48:15<1:41:26,  8.83s/it]Best trial: 691. Best value: 6538.46:  66%|██████▌   | 1312/2000 [11:48:15<1:42:38,  8.95s/it]                                                                                              Best trial: 691. Best value: 6538.46:  66%|██████▌   | 1312/2000 [11:48:24<1:42:38,  8.95s/it]Best trial: 691. Best value: 6538.46:  66%|██████▌   | 1312/2000 [11:48:24<1:42:38,  8.95s/it]Best trial: 691. Best value: 6538.46:  66%|██████▌   | 1313/2000 [11:48:24<1:43:05,  9.00s/it]                                                                                              Best trial: 691. Best value: 6538.46:  66%|██████▌   | 1313/2000 [11:48:34<1:43:05,  9.00s/it]Best trial: 691. Best value: 6538.46:  66%|██████▌   | 1313/2000 [11:48:34<1:43:05,  9.00s/it]Best trial: 691. Best value: 6538.46:  66%|██████▌   | 1314/2000 [11:48:34<1:44:04,  9.10s/it]                                                                                              Best trial: 691. Best value: 6538.46:  66%|██████▌   | 1314/2000 [11:48:43<1:44:04,  9.10s/it]Best trial: 691. Best value: 6538.46:  66%|██████▌   | 1314/2000 [11:48:43<1:44:04,  9.10s/it]Best trial: 691. Best value: 6538.46:  66%|██████▌   | 1315/2000 [11:48:43<1:44:27,  9.15s/it]                                                                                              Best trial: 691. Best value: 6538.46:  66%|██████▌   | 1315/2000 [11:48:52<1:44:27,  9.15s/it]Best trial: 691. Best value: 6538.46:  66%|██████▌   | 1315/2000 [11:48:52<1:44:27,  9.15s/it]Best trial: 691. Best value: 6538.46:  66%|██████▌   | 1316/2000 [11:48:52<1:44:50,  9.20s/it]                                                                                              Best trial: 691. Best value: 6538.46:  66%|██████▌   | 1316/2000 [11:49:01<1:44:50,  9.20s/it]Best trial: 691. Best value: 6538.46:  66%|██████▌   | 1316/2000 [11:49:01<1:44:50,  9.20s/it]Best trial: 691. Best value: 6538.46:  66%|██████▌   | 1317/2000 [11:49:01<1:44:58,  9.22s/it]                                                                                              Best trial: 691. Best value: 6538.46:  66%|██████▌   | 1317/2000 [11:49:11<1:44:58,  9.22s/it]Best trial: 691. Best value: 6538.46:  66%|██████▌   | 1317/2000 [11:49:11<1:44:58,  9.22s/it]Best trial: 691. Best value: 6538.46:  66%|██████▌   | 1318/2000 [11:49:11<1:45:00,  9.24s/it]                                                                                              Best trial: 691. Best value: 6538.46:  66%|██████▌   | 1318/2000 [11:49:20<1:45:00,  9.24s/it]Best trial: 691. Best value: 6538.46:  66%|██████▌   | 1318/2000 [11:49:20<1:45:00,  9.24s/it]Best trial: 691. Best value: 6538.46:  66%|██████▌   | 1319/2000 [11:49:20<1:44:43,  9.23s/it]                                                                                              Best trial: 691. Best value: 6538.46:  66%|██████▌   | 1319/2000 [11:49:29<1:44:43,  9.23s/it]Best trial: 691. Best value: 6538.46:  66%|██████▌   | 1319/2000 [11:49:29<1:44:43,  9.23s/it]Best trial: 691. Best value: 6538.46:  66%|██████▌   | 1320/2000 [11:49:29<1:44:53,  9.26s/it]                                                                                              
[I 2026-04-01 09:26:13,579] Trial 1306 finished with value: inf and parameters: {'alpha_0': 0.0005326132906814392, 'alpha_1': 9.954493271370635e-05, 'alpha_2': 6.924752386466317e-05, 'beta_0': 0.0886406683132646, 'beta_1': 6.1566772316585, 'beta_2': 0.23987160326971016, 'beta_3': 0.000978697762530358, 'beta_4': 6.790467378647412, 'beta_5': 30.944479794985696, 'beta_6': 0.043950301999941155, 'beta_7': 0.024342991983148602, 'beta_8': 3.795318087617745e-05, 'beta_9': 1.2200771597234022e-06}. Best is trial 691 with value: 6538.461030825155.
[I 2026-04-01 09:26:23,108] Trial 1307 finished with value: 7515.117372664364 and parameters: {'alpha_0': 0.0005676951061844068, 'alpha_1': 5.339667350129486e-05, 'alpha_2': 4.2729259573020186e-05, 'beta_0': 0.07862541490322049, 'beta_1': 11.643397850582595, 'beta_2': 0.2240308249333493, 'beta_3': 0.0008759581613636282, 'beta_4': 6.650469857559287, 'beta_5': 33.10859050046764, 'beta_6': 0.041010848883251405, 'beta_7': 0.015001804533546636, 'beta_8': 3.9046565731261396e-05, 'beta_9': 5.379618489780711e-07}. Best is trial 691 with value: 6538.461030825155.
[I 2026-04-01 09:26:32,276] Trial 1308 finished with value: 7101.259598147548 and parameters: {'alpha_0': 0.000661289990732292, 'alpha_1': 5.187646252637219e-05, 'alpha_2': 4.878581667998728e-05, 'beta_0': 0.10887553418636081, 'beta_1': 6.4995472558340515, 'beta_2': 0.20980157433187258, 'beta_3': 0.0009497926278695633, 'beta_4': 6.40860686595922, 'beta_5': 34.04173127804353, 'beta_6': 0.040016593377321816, 'beta_7': 0.016897572285361012, 'beta_8': 3.607231888777102e-05, 'beta_9': 6.503574517950306e-07}. Best is trial 691 with value: 6538.461030825155.
[I 2026-04-01 09:26:41,583] Trial 1309 finished with value: 7004.240824020236 and parameters: {'alpha_0': 0.000613920153199125, 'alpha_1': 5.569577185176313e-05, 'alpha_2': 4.4772573560695816e-05, 'beta_0': 0.09392180501504023, 'beta_1': 5.880819301366345, 'beta_2': 0.20691907922911054, 'beta_3': 0.000910537005126441, 'beta_4': 7.050351542890139, 'beta_5': 36.95908884297631, 'beta_6': 0.04275360665239462, 'beta_7': 0.015463168240318358, 'beta_8': 3.947214944895881e-05, 'beta_9': 7.247221632407897e-07}. Best is trial 691 with value: 6538.461030825155.
[I 2026-04-01 09:26:51,006] Trial 1310 finished with value: 6705.092089615123 and parameters: {'alpha_0': 0.0006798981020418263, 'alpha_1': 5.3971932875458355e-05, 'alpha_2': 4.25788466720434e-05, 'beta_0': 0.07380308696952914, 'beta_1': 5.386622495232549, 'beta_2': 0.21390835367161676, 'beta_3': 0.00100679864999162, 'beta_4': 6.169446226972366, 'beta_5': 35.09188475644493, 'beta_6': 0.045951151281626114, 'beta_7': 0.015929581601683094, 'beta_8': 1.0770206454233924e-05, 'beta_9': 6.204169708564406e-07}. Best is trial 691 with value: 6538.461030825155.
[I 2026-04-01 09:27:00,232] Trial 1311 finished with value: 6585.237160116747 and parameters: {'alpha_0': 0.0005623510440792077, 'alpha_1': 5.191429705209886e-05, 'alpha_2': 4.4170599439382936e-05, 'beta_0': 0.08541272768815096, 'beta_1': 6.285542353525805, 'beta_2': 0.20224637360561235, 'beta_3': 0.0009708396928713456, 'beta_4': 6.548962734561701, 'beta_5': 33.780894607922384, 'beta_6': 0.04197417417768071, 'beta_7': 0.01569551839062623, 'beta_8': 3.9999989979735654e-05, 'beta_9': 6.793921555110329e-07}. Best is trial 691 with value: 6538.461030825155.
[I 2026-04-01 09:27:09,358] Trial 1312 finished with value: 6764.792912914738 and parameters: {'alpha_0': 0.0007222820504300892, 'alpha_1': 5.8048116120179767e-05, 'alpha_2': 4.0036819703436923e-05, 'beta_0': 0.08179211672671854, 'beta_1': 5.756330885686371, 'beta_2': 0.20572842232433058, 'beta_3': 0.0008233958621653363, 'beta_4': 6.901867491142517, 'beta_5': 32.73443643295408, 'beta_6': 0.044693674979782175, 'beta_7': 0.016308959681287555, 'beta_8': 3.675773916357304e-05, 'beta_9': 1.4714115187464963e-06}. Best is trial 691 with value: 6538.461030825155.
[I 2026-04-01 09:27:18,691] Trial 1313 finished with value: 7131.592418638165 and parameters: {'alpha_0': 0.0006159265640429091, 'alpha_1': 5.510530317214125e-05, 'alpha_2': 4.1610659908461226e-05, 'beta_0': 0.09759526782724733, 'beta_1': 11.066203617186941, 'beta_2': 0.21112595072599155, 'beta_3': 0.0009328604159324763, 'beta_4': 6.747425496542728, 'beta_5': 36.20801375711236, 'beta_6': 0.043228445522596054, 'beta_7': 0.015401431257732386, 'beta_8': 3.856760831757797e-05, 'beta_9': 8.055312104052063e-07}. Best is trial 691 with value: 6538.461030825155.
[I 2026-04-01 09:27:27,949] Trial 1314 finished with value: 6738.398275975625 and parameters: {'alpha_0': 0.0005340591777580994, 'alpha_1': 5.2017835362583e-05, 'alpha_2': 4.674131079732504e-05, 'beta_0': 0.09019103741626361, 'beta_1': 6.160787013245824, 'beta_2': 0.2080565287961453, 'beta_3': 0.0009933001496124614, 'beta_4': 6.649196345284324, 'beta_5': 31.858225074583203, 'beta_6': 0.04115372142824926, 'beta_7': 0.015964877981898173, 'beta_8': 3.749550167256297e-05, 'beta_9': 5.76185659909434e-07}. Best is trial 691 with value: 6538.461030825155.
[I 2026-04-01 09:27:37,254] Trial 1315 finished with value: 6770.030310433876 and parameters: {'alpha_0': 0.0006582467916992802, 'alpha_1': 5.0002301553415403e-05, 'alpha_2': 4.328590077122954e-05, 'beta_0': 0.07024150016944151, 'beta_1': 6.699706937339144, 'beta_2': 0.21675424825249348, 'beta_3': 0.0009569421487347509, 'beta_4': 6.443374986542959, 'beta_5': 34.664954426958914, 'beta_6': 0.06557475601969008, 'beta_7': 0.015950959611684672, 'beta_8': 3.894729734895057e-05, 'beta_9': 1.2772475642402035e-06}. Best is trial 691 with value: 6538.461030825155.
[I 2026-04-01 09:27:46,536] Trial 1316 finished with value: 6744.645367184783 and parameters: {'alpha_0': 0.0007930678052520878, 'alpha_1': 5.6591244764229766e-05, 'alpha_2': 4.5003519571377976e-05, 'beta_0': 0.08562879790793664, 'beta_1': 6.028472843025751, 'beta_2': 0.19383406478441928, 'beta_3': 0.0008849265519317869, 'beta_4': 6.2657055673941535, 'beta_5': 33.57946164961373, 'beta_6': 0.04254402634926675, 'beta_7': 0.01563142072979519, 'beta_8': 3.8226833676914696e-05, 'beta_9': 6.616585470238072e-07}. Best is trial 691 with value: 6538.461030825155.
[I 2026-04-01 09:27:55,811] Trial 1317 finished with value: 7394.668696807645 and parameters: {'alpha_0': 0.0005917045317881002, 'alpha_1': 5.371271789811634e-05, 'alpha_2': 8.640039786162595e-05, 'beta_0': 0.0939257373696701, 'beta_1': 6.414895222213896, 'beta_2': 0.20293202735682767, 'beta_3': 0.0009189233296938795, 'beta_4': 6.5625273782517795, 'beta_5': 35.59996474069818, 'beta_6': 0.044092356882346424, 'beta_7': 0.015224494827572191, 'beta_8': 3.952119147253247e-05, 'beta_9': 7.671221620466032e-07}. Best is trial 691 with value: 6538.461030825155.
[I 2026-04-01 09:28:05,013] Trial 1318 finished with value: 7105.361191306561 and parameters: {'alpha_0': 0.000754395570327948, 'alpha_1': 5.8835236554771595e-05, 'alpha_2': 9.573815406592194e-05, 'beta_0': 0.07773907123704567, 'beta_1': 7.085721423023263, 'beta_2': 0.2048962122447505, 'beta_3': 0.0009922759462096006, 'beta_4': 6.0898437801864995, 'beta_5': 32.28321206445656, 'beta_6': 0.040065280634683995, 'beta_7': 0.016535620910308864, 'beta_8': 2.1792711278531642e-05, 'beta_9': 7.141178030416855e-07}. Best is trial 691 with value: 6538.461030825155.
[I 2026-04-01 09:28:14,335] Trial 1319 finished with value: 6914.7969158602355 and parameters: {'alpha_0': 0.0005000277811710807, 'alpha_1': 0.00011116890949713161, 'alpha_2': 0.00010132220768628434, 'beta_0': 0.10310554373330807, 'beta_1': 5.565149201999066, 'beta_2': 0.1968011660758722, 'beta_3': 0.0010405007855936027, 'beta_4': 6.790607657103646, 'beta_5': 33.112645308300145, 'beta_6': 0.04001426972265793, 'beta_7': 0.01620027536547699, 'beta_8': 3.8925354593273504e-05, 'beta_9': 6.12809709106475e-07}. Best is trial 691 with value: 6538.461030825155.
