[I 2026-04-01 10:05:40,848] Trial 1564 finished with value: 7208.525717518023 and parameters: {'alpha_0': 0.0008673652440738999, 'alpha_1': 5.164381526317367e-05, 'alpha_2': 9.589156656722278e-05, 'beta_0': 0.1031691871413271, 'beta_1': 6.7269167991197785, 'beta_2': 0.2141933239252952, 'beta_3': 0.0010024123446433222, 'beta_4': 6.375501591781069, 'beta_5': 35.375741305855925, 'beta_6': 0.044697955618449754, 'beta_7': 0.015251866489689816, 'beta_8': 3.796053116836671e-05, 'beta_9': 5.940114332410095e-07}. Best is trial 691 with value: 6538.461030825155.
[I 2026-04-01 10:05:50,073] Trial 1565 finished with value: 6566.206335906407 and parameters: {'alpha_0': 0.0005348468692847527, 'alpha_1': 5.8826998199788034e-05, 'alpha_2': 4.7139174222560495e-05, 'beta_0': 0.06448798021101526, 'beta_1': 6.42658315306641, 'beta_2': 0.20591858958734588, 'beta_3': 0.001043155873839182, 'beta_4': 6.536344845473911, 'beta_5': 34.09655932886155, 'beta_6': 0.04191030399338135, 'beta_7': 0.01568030200246094, 'beta_8': 3.909954664599056e-05, 'beta_9': 1.207803477806752e-06}. Best is trial 691 with value: 6538.461030825155.
[I 2026-04-01 10:05:59,251] Trial 1566 finished with value: 6743.14624073475 and parameters: {'alpha_0': 0.0005011020702696079, 'alpha_1': 5.9708555616030315e-05, 'alpha_2': 5.08203092723458e-05, 'beta_0': 0.06754230727130439, 'beta_1': 6.4982144027347974, 'beta_2': 0.19588938389687105, 'beta_3': 0.0010628805160916592, 'beta_4': 6.539409995796386, 'beta_5': 40.71619867237697, 'beta_6': 0.043702225262403374, 'beta_7': 0.015433906070018592, 'beta_8': 3.903800639253297e-05, 'beta_9': 1.2092491514066545e-06}. Best is trial 691 with value: 6538.461030825155.
[I 2026-04-01 10:06:08,584] Trial 1567 finished with value: 7170.205812778593 and parameters: {'alpha_0': 0.0005373637936139681, 'alpha_1': 5.3677650652840865e-05, 'alpha_2': 4.9190299366225624e-05, 'beta_0': 0.07342793899158859, 'beta_1': 6.346912229793258, 'beta_2': 0.1984124387617663, 'beta_3': 0.0010815487194972596, 'beta_4': 6.578364823078526, 'beta_5': 44.830535048715475, 'beta_6': 0.04481565000888565, 'beta_7': 0.01520452393109244, 'beta_8': 3.83555956652417e-05, 'beta_9': 5.483071551728533e-07}. Best is trial 691 with value: 6538.461030825155.
[I 2026-04-01 10:06:17,997] Trial 1568 finished with value: 7433.692311754351 and parameters: {'alpha_0': 0.000532284382867237, 'alpha_1': 5.604231725379152e-05, 'alpha_2': 7.869001198067601e-05, 'beta_0': 0.07663730265111102, 'beta_1': 6.5658910127606465, 'beta_2': 0.19638931391520142, 'beta_3': 0.0010584423022266982, 'beta_4': 6.510140843823893, 'beta_5': 34.77912351614259, 'beta_6': 0.0429321343746409, 'beta_7': 0.015009622931205746, 'beta_8': 3.945941280025486e-05, 'beta_9': 1.3096845889949128e-06}. Best is trial 691 with value: 6538.461030825155.
[I 2026-04-01 10:06:27,188] Trial 1569 finished with value: 6618.940958139492 and parameters: {'alpha_0': 0.0005254473283288974, 'alpha_1': 5.004350412891521e-05, 'alpha_2': 4.859908303622805e-05, 'beta_0': 0.06812646174915249, 'beta_1': 6.357705572291502, 'beta_2': 0.19384998151431318, 'beta_3': 0.0010409376955775925, 'beta_4': 6.633588945791513, 'beta_5': 49.6448223537561, 'beta_6': 0.04182442375823758, 'beta_7': 0.015596794603476342, 'beta_8': 3.8797116209383995e-05, 'beta_9': 1.949432169631118e-06}. Best is trial 691 with value: 6538.461030825155.
[I 2026-04-01 10:06:36,478] Trial 1570 finished with value: inf and parameters: {'alpha_0': 0.0005337527005259349, 'alpha_1': 5.339747636289068e-05, 'alpha_2': 5.045308030314648e-05, 'beta_0': 0.07026001596063569, 'beta_1': 6.244631755675101, 'beta_2': 0.19804437991281906, 'beta_3': 0.0010284903642396484, 'beta_4': 6.689916446931837, 'beta_5': 41.5725450539765, 'beta_6': 0.045731755474698835, 'beta_7': 0.022653886533166644, 'beta_8': 3.939361013755371e-05, 'beta_9': 1.1729993638671078e-06}. Best is trial 691 with value: 6538.461030825155.
[I 2026-04-01 10:06:45,788] Trial 1571 finished with value: 6603.929153830645 and parameters: {'alpha_0': 0.0005026934640807153, 'alpha_1': 5.794018916904192e-05, 'alpha_2': 5.782061761090609e-05, 'beta_0': 0.08017153418153028, 'beta_1': 6.671695607505211, 'beta_2': 0.19949943433034195, 'beta_3': 0.0010950268161028808, 'beta_4': 6.520591170613363, 'beta_5': 35.03702236052849, 'beta_6': 0.04286125687851518, 'beta_7': 0.015677844851190986, 'beta_8': 3.841401341580471e-05, 'beta_9': 1.2254279067513328e-06}. Best is trial 691 with value: 6538.461030825155.
[I 2026-04-01 10:06:55,189] Trial 1572 finished with value: 6917.149776885835 and parameters: {'alpha_0': 0.0005549286878489408, 'alpha_1': 5.530092771329588e-05, 'alpha_2': 5.108293918047658e-05, 'beta_0': 0.09476033169704605, 'beta_1': 6.132852272894149, 'beta_2': 0.19991059380915396, 'beta_3': 0.0010437273606818311, 'beta_4': 6.456178754058735, 'beta_5': 45.20229283759638, 'beta_6': 0.04412769516876149, 'beta_7': 0.015397906773916895, 'beta_8': 3.761211760094802e-05, 'beta_9': 1.5757566000272828e-06}. Best is trial 691 with value: 6538.461030825155.
[I 2026-04-01 10:07:04,481] Trial 1573 finished with value: 6673.154398073517 and parameters: {'alpha_0': 0.0005326954014270709, 'alpha_1': 5.194417428696544e-05, 'alpha_2': 4.7870384202901875e-05, 'beta_0': 0.08751998251261092, 'beta_1': 6.473884053640388, 'beta_2': 0.20134986275339972, 'beta_3': 0.0010635491915421025, 'beta_4': 5.585870854726903, 'beta_5': 47.0794964103857, 'beta_6': 0.040001005984435185, 'beta_7': 0.015753152255470273, 'beta_8': 3.9035439315293014e-05, 'beta_9': 1.2467238327056944e-06}. Best is trial 691 with value: 6538.461030825155.
[I 2026-04-01 10:07:13,736] Trial 1574 finished with value: 6724.011107579535 and parameters: {'alpha_0': 0.0005856486283062457, 'alpha_1': 6.154414987427806e-05, 'alpha_2': 4.960608567317369e-05, 'beta_0': 0.06373592419305207, 'beta_1': 6.803047833389764, 'beta_2': 0.19855785375596957, 'beta_3': 0.0010370741916925048, 'beta_4': 6.620952681199091, 'beta_5': 35.67308037504587, 'beta_6': 0.0414493268339062, 'beta_7': 0.01597364314692108, 'beta_8': 3.851340665075338e-05, 'beta_9': 5.266747976573388e-07}. Best is trial 691 with value: 6538.461030825155.
[I 2026-04-01 10:07:15,160] Trial 1575 finished with value: inf and parameters: {'alpha_0': 0.0005001405614661406, 'alpha_1': 5.1706580293499826e-05, 'alpha_2': 4.715809597678203e-05, 'beta_0': 0.07582886073056143, 'beta_1': 6.311121629129286, 'beta_2': 0.19556299928974377, 'beta_3': 0.001087507651642449, 'beta_4': 6.697081890047709, 'beta_5': 34.16145863743403, 'beta_6': 0.04357485684498057, 'beta_7': 0.02685702903677688, 'beta_8': 3.945845186604644e-05, 'beta_9': 1.6564392434099634e-06}. Best is trial 691 with value: 6538.461030825155.Best trial: 691. Best value: 6538.46:  79%|███████▉  | 1575/2000 [12:28:30<1:05:50,  9.30s/it]Best trial: 691. Best value: 6538.46:  79%|███████▉  | 1575/2000 [12:28:30<1:05:50,  9.30s/it]Best trial: 691. Best value: 6538.46:  79%|███████▉  | 1576/2000 [12:28:30<49:00,  6.93s/it]                                                                                              Best trial: 691. Best value: 6538.46:  79%|███████▉  | 1576/2000 [12:28:39<49:00,  6.93s/it]Best trial: 691. Best value: 6538.46:  79%|███████▉  | 1576/2000 [12:28:39<49:00,  6.93s/it]Best trial: 691. Best value: 6538.46:  79%|███████▉  | 1577/2000 [12:28:39<53:50,  7.64s/it]                                                                                            Best trial: 691. Best value: 6538.46:  79%|███████▉  | 1577/2000 [12:28:49<53:50,  7.64s/it]Best trial: 691. Best value: 6538.46:  79%|███████▉  | 1577/2000 [12:28:49<53:50,  7.64s/it]Best trial: 691. Best value: 6538.46:  79%|███████▉  | 1578/2000 [12:28:49<57:09,  8.13s/it]                                                                                            Best trial: 691. Best value: 6538.46:  79%|███████▉  | 1578/2000 [12:28:58<57:09,  8.13s/it]Best trial: 691. Best value: 6538.46:  79%|███████▉  | 1578/2000 [12:28:58<57:09,  8.13s/it]Best trial: 691. Best value: 6538.46:  79%|███████▉  | 1579/2000 [12:28:58<59:19,  8.45s/it]                                                                                            Best trial: 691. Best value: 6538.46:  79%|███████▉  | 1579/2000 [12:29:07<59:19,  8.45s/it]Best trial: 691. Best value: 6538.46:  79%|███████▉  | 1579/2000 [12:29:07<59:19,  8.45s/it]Best trial: 691. Best value: 6538.46:  79%|███████▉  | 1580/2000 [12:29:07<1:00:43,  8.68s/it]                                                                                              Best trial: 691. Best value: 6538.46:  79%|███████▉  | 1580/2000 [12:29:17<1:00:43,  8.68s/it]Best trial: 691. Best value: 6538.46:  79%|███████▉  | 1580/2000 [12:29:17<1:00:43,  8.68s/it]Best trial: 691. Best value: 6538.46:  79%|███████▉  | 1581/2000 [12:29:17<1:02:13,  8.91s/it]                                                                                              Best trial: 691. Best value: 6538.46:  79%|███████▉  | 1581/2000 [12:29:26<1:02:13,  8.91s/it]Best trial: 691. Best value: 6538.46:  79%|███████▉  | 1581/2000 [12:29:26<1:02:13,  8.91s/it]Best trial: 691. Best value: 6538.46:  79%|███████▉  | 1582/2000 [12:29:26<1:02:56,  9.03s/it]                                                                                              Best trial: 691. Best value: 6538.46:  79%|███████▉  | 1582/2000 [12:29:35<1:02:56,  9.03s/it]Best trial: 691. Best value: 6538.46:  79%|███████▉  | 1582/2000 [12:29:35<1:02:56,  9.03s/it]Best trial: 691. Best value: 6538.46:  79%|███████▉  | 1583/2000 [12:29:35<1:03:21,  9.12s/it]                                                                                              Best trial: 691. Best value: 6538.46:  79%|███████▉  | 1583/2000 [12:29:44<1:03:21,  9.12s/it]Best trial: 691. Best value: 6538.46:  79%|███████▉  | 1583/2000 [12:29:44<1:03:21,  9.12s/it]Best trial: 691. Best value: 6538.46:  79%|███████▉  | 1584/2000 [12:29:44<1:03:13,  9.12s/it]                                                                                              Best trial: 691. Best value: 6538.46:  79%|███████▉  | 1584/2000 [12:29:54<1:03:13,  9.12s/it]Best trial: 691. Best value: 6538.46:  79%|███████▉  | 1584/2000 [12:29:54<1:03:13,  9.12s/it]Best trial: 691. Best value: 6538.46:  79%|███████▉  | 1585/2000 [12:29:54<1:03:28,  9.18s/it]                                                                                              Best trial: 691. Best value: 6538.46:  79%|███████▉  | 1585/2000 [12:30:03<1:03:28,  9.18s/it]Best trial: 691. Best value: 6538.46:  79%|███████▉  | 1585/2000 [12:30:03<1:03:28,  9.18s/it]Best trial: 691. Best value: 6538.46:  79%|███████▉  | 1586/2000 [12:30:03<1:03:34,  9.21s/it]                                                                                              Best trial: 691. Best value: 6538.46:  79%|███████▉  | 1586/2000 [12:30:12<1:03:34,  9.21s/it]Best trial: 691. Best value: 6538.46:  79%|███████▉  | 1586/2000 [12:30:12<1:03:34,  9.21s/it]Best trial: 691. Best value: 6538.46:  79%|███████▉  | 1587/2000 [12:30:12<1:03:24,  9.21s/it]                                                                                              Best trial: 691. Best value: 6538.46:  79%|███████▉  | 1587/2000 [12:30:21<1:03:24,  9.21s/it]Best trial: 691. Best value: 6538.46:  79%|███████▉  | 1587/2000 [12:30:21<1:03:24,  9.21s/it]Best trial: 691. Best value: 6538.46:  79%|███████▉  | 1588/2000 [12:30:21<1:03:18,  9.22s/it]                                                                                              Best trial: 691. Best value: 6538.46:  79%|███████▉  | 1588/2000 [12:30:30<1:03:18,  9.22s/it]Best trial: 691. Best value: 6538.46:  79%|███████▉  | 1588/2000 [12:30:30<1:03:18,  9.22s/it]Best trial: 691. Best value: 6538.46:  79%|███████▉  | 1589/2000 [12:30:30<1:03:02,  9.20s/it]                                                                                              Best trial: 691. Best value: 6538.46:  79%|███████▉  | 1589/2000 [12:30:40<1:03:02,  9.20s/it]Best trial: 691. Best value: 6538.46:  79%|███████▉  | 1589/2000 [12:30:40<1:03:02,  9.20s/it]Best trial: 691. Best value: 6538.46:  80%|███████▉  | 1590/2000 [12:30:40<1:03:06,  9.24s/it]                                                                                              
[I 2026-04-01 10:07:24,436] Trial 1576 finished with value: 6756.536089135332 and parameters: {'alpha_0': 0.0005515348685460139, 'alpha_1': 5.4172707137182274e-05, 'alpha_2': 5.262212640087322e-05, 'beta_0': 0.09196845311638385, 'beta_1': 6.077322460660471, 'beta_2': 0.20123003995101393, 'beta_3': 0.0010270102799113227, 'beta_4': 6.456084047556765, 'beta_5': 34.90447060949911, 'beta_6': 0.04193496459004251, 'beta_7': 0.015469858310424002, 'beta_8': 3.999512954309824e-05, 'beta_9': 1.178389516206842e-06}. Best is trial 691 with value: 6538.461030825155.
[I 2026-04-01 10:07:33,709] Trial 1577 finished with value: 7017.528462741115 and parameters: {'alpha_0': 0.000591749196270854, 'alpha_1': 5.660320516835436e-05, 'alpha_2': 5.376828386304149e-05, 'beta_0': 0.08362047194358628, 'beta_1': 6.565267589694951, 'beta_2': 0.20132174073401113, 'beta_3': 0.001122205411165782, 'beta_4': 6.59271051273642, 'beta_5': 34.32625400831713, 'beta_6': 0.04568096010087545, 'beta_7': 0.015285357565999589, 'beta_8': 3.796368187513791e-05, 'beta_9': 5.614120436208351e-07}. Best is trial 691 with value: 6538.461030825155.
[I 2026-04-01 10:07:42,925] Trial 1578 finished with value: 6580.038922313945 and parameters: {'alpha_0': 0.0005013446820800197, 'alpha_1': 5.333299605088494e-05, 'alpha_2': 4.937426076972174e-05, 'beta_0': 0.07231691800512566, 'beta_1': 6.210753858078148, 'beta_2': 0.2027660741180967, 'beta_3': 0.0010487333833099901, 'beta_4': 6.801272353877437, 'beta_5': 29.13648610214341, 'beta_6': 0.04288985863974994, 'beta_7': 0.015715228763080964, 'beta_8': 3.862636438950977e-05, 'beta_9': 1.2597414835948363e-06}. Best is trial 691 with value: 6538.461030825155.
[I 2026-04-01 10:07:52,117] Trial 1579 finished with value: 6805.566499261586 and parameters: {'alpha_0': 0.0005914065508978648, 'alpha_1': 5.1686124920940826e-05, 'alpha_2': 4.7868105302508165e-05, 'beta_0': 0.1112674131221072, 'beta_1': 6.909328495247377, 'beta_2': 0.2054842554778032, 'beta_3': 0.0010183387896485977, 'beta_4': 6.554737977361428, 'beta_5': 25.184313524614474, 'beta_6': 0.04433977564910796, 'beta_7': 0.016267102795006903, 'beta_8': 3.907746642951233e-05, 'beta_9': 1.2288307680538355e-06}. Best is trial 691 with value: 6538.461030825155.
[I 2026-04-01 10:08:01,575] Trial 1580 finished with value: 6774.254287673843 and parameters: {'alpha_0': 0.0005516117481562438, 'alpha_1': 5.5719346588995845e-05, 'alpha_2': 0.00011775659307377466, 'beta_0': 0.09802773816747122, 'beta_1': 6.447596915011005, 'beta_2': 0.20317144255565606, 'beta_3': 0.0010675599448366753, 'beta_4': 6.7233739750916595, 'beta_5': 27.090899858891813, 'beta_6': 0.040986984471332914, 'beta_7': 0.015954262979196197, 'beta_8': 3.74555963945898e-05, 'beta_9': 1.2036590089918933e-06}. Best is trial 691 with value: 6538.461030825155.
[I 2026-04-01 10:08:10,899] Trial 1581 finished with value: 7473.973035639108 and parameters: {'alpha_0': 0.0005604652757728231, 'alpha_1': 5.867722122191367e-05, 'alpha_2': 8.52443454310427e-05, 'beta_0': 0.10616872971529476, 'beta_1': 5.911457830337996, 'beta_2': 0.19716121870846642, 'beta_3': 0.001005131956735799, 'beta_4': 6.447003605400895, 'beta_5': 35.90408600005049, 'beta_6': 0.042134871577074025, 'beta_7': 0.015008130042829462, 'beta_8': 3.9448512629259346e-05, 'beta_9': 1.2543648093740071e-06}. Best is trial 691 with value: 6538.461030825155.
[I 2026-04-01 10:08:20,208] Trial 1582 finished with value: 6716.161492497255 and parameters: {'alpha_0': 0.0005703155971246666, 'alpha_1': 5.1581817901770406e-05, 'alpha_2': 4.652151305381523e-05, 'beta_0': 0.08081098988881637, 'beta_1': 6.648754729130844, 'beta_2': 0.20072604903444471, 'beta_3': 0.0010159928441611345, 'beta_4': 6.632166507029009, 'beta_5': 29.77317852031491, 'beta_6': 0.047717000898602334, 'beta_7': 0.01555558053521444, 'beta_8': 3.818890317591304e-05, 'beta_9': 1.273403228289281e-06}. Best is trial 691 with value: 6538.461030825155.
[I 2026-04-01 10:08:29,331] Trial 1583 finished with value: 6805.690276948408 and parameters: {'alpha_0': 0.0005359772448134528, 'alpha_1': 5.462480151508239e-05, 'alpha_2': 6.316971586951019e-05, 'beta_0': 0.09024573212313812, 'beta_1': 6.1002619265264295, 'beta_2': 0.20445557989070112, 'beta_3': 0.0010397057607547113, 'beta_4': 6.979893435929543, 'beta_5': 34.739425266065844, 'beta_6': 0.04332720462023646, 'beta_7': 0.016191115207291204, 'beta_8': 3.9009891657531514e-05, 'beta_9': 1.2907538822851579e-06}. Best is trial 691 with value: 6538.461030825155.
[I 2026-04-01 10:08:38,641] Trial 1584 finished with value: 6662.60956087742 and parameters: {'alpha_0': 0.0005975365055497427, 'alpha_1': 5.304800206622416e-05, 'alpha_2': 4.716727302266843e-05, 'beta_0': 0.06670808443360988, 'beta_1': 6.330094480526715, 'beta_2': 0.20593778723190626, 'beta_3': 0.0010722970167946315, 'beta_4': 6.48331876283323, 'beta_5': 33.87380488004429, 'beta_6': 0.04134736621416229, 'beta_7': 0.01578187886012275, 'beta_8': 3.950783624769257e-05, 'beta_9': 6.138985886113106e-07}. Best is trial 691 with value: 6538.461030825155.
[I 2026-04-01 10:08:47,945] Trial 1585 finished with value: 7168.143488867998 and parameters: {'alpha_0': 0.0005692635351278738, 'alpha_1': 5.008972735422584e-05, 'alpha_2': 0.00011187446744600057, 'beta_0': 0.0962023734095138, 'beta_1': 6.694654251661367, 'beta_2': 0.20390902553185306, 'beta_3': 0.0010064726460532344, 'beta_4': 6.720932751526937, 'beta_5': 35.25220884584808, 'beta_6': 0.0861605573919301, 'beta_7': 0.015312321417131824, 'beta_8': 3.7236711667885634e-05, 'beta_9': 1.2297086765320997e-06}. Best is trial 691 with value: 6538.461030825155.
[I 2026-04-01 10:08:57,154] Trial 1586 finished with value: 6747.11437794624 and parameters: {'alpha_0': 0.0006117440741554399, 'alpha_1': 5.003636069328704e-05, 'alpha_2': 4.606814101498451e-05, 'beta_0': 0.08753871295557424, 'beta_1': 5.883947581129205, 'beta_2': 0.19955029158985826, 'beta_3': 0.0011101121633373665, 'beta_4': 6.844452312634565, 'beta_5': 36.00822956628686, 'beta_6': 0.0400426790185306, 'beta_7': 0.015964960110342662, 'beta_8': 3.8468203402863385e-05, 'beta_9': 1.2349123329366023e-06}. Best is trial 691 with value: 6538.461030825155.
[I 2026-04-01 10:09:06,393] Trial 1587 finished with value: 6630.887628441875 and parameters: {'alpha_0': 0.0005354260809656761, 'alpha_1': 5.736409202156289e-05, 'alpha_2': 4.852949510885052e-05, 'beta_0': 0.07666302959946845, 'beta_1': 7.001114433149884, 'beta_2': 0.20283630771669584, 'beta_3': 0.0010333665461791787, 'beta_4': 6.548573478028783, 'beta_5': 35.4477295824764, 'beta_6': 0.044985679330087236, 'beta_7': 0.015581649693876884, 'beta_8': 3.894834745208765e-05, 'beta_9': 1.2234386210446431e-06}. Best is trial 691 with value: 6538.461030825155.
[I 2026-04-01 10:09:15,554] Trial 1588 finished with value: 7028.886312480401 and parameters: {'alpha_0': 0.0006157870649164342, 'alpha_1': 5.492897870245369e-05, 'alpha_2': 4.5965968151243336e-05, 'beta_0': 0.07209185101333544, 'beta_1': 6.480835189754582, 'beta_2': 0.207308558466022, 'beta_3': 0.0009881675762013025, 'beta_4': 6.384097144443432, 'beta_5': 34.307407691426455, 'beta_6': 0.042597463417230245, 'beta_7': 0.016529298276016943, 'beta_8': 3.794207175380346e-05, 'beta_9': 5.712083992652485e-07}. Best is trial 691 with value: 6538.461030825155.
[I 2026-04-01 10:09:24,868] Trial 1589 finished with value: 6824.808166896448 and parameters: {'alpha_0': 0.0005000148342322505, 'alpha_1': 5.3270615559383125e-05, 'alpha_2': 9.923892235495646e-05, 'beta_0': 0.10344960456346773, 'beta_1': 5.685706725877749, 'beta_2': 0.2056617179800386, 'beta_3': 0.0009948891385907013, 'beta_4': 6.614127400147255, 'beta_5': 33.815931671838186, 'beta_6': 0.044020755270220924, 'beta_7': 0.01622717321412956, 'beta_8': 3.9471865017719646e-05, 'beta_9': 1.1840793906645382e-06}. Best is trial 691 with value: 6538.461030825155.
