[I 2026-03-31 21:40:37,213] Trial 15 finished with value: 7416.852793266822 and parameters: {'alpha_0': 0.0006950855553396655, 'alpha_1': 0.00011248297359599794, 'alpha_2': 0.00010040948209603301, 'beta_0': 0.1450097961225847, 'beta_1': 12.48518715169859, 'beta_2': 0.2499336738783604, 'beta_3': 0.0013083208271969526, 'beta_4': 6.079591226494822, 'beta_5': 27.173967210272046, 'beta_6': 0.09908372890782458, 'beta_7': 0.015005853525272459, 'beta_8': 3.4572021287035035e-05, 'beta_9': 1.9713749599609925e-06}. Best is trial 12 with value: 6886.675179322216.Best trial: 12. Best value: 6886.68:   1%|          | 15/2000 [01:52<4:36:25,  8.36s/it]Best trial: 12. Best value: 6886.68:   1%|          | 15/2000 [01:52<4:36:25,  8.36s/it]Best trial: 12. Best value: 6886.68:   1%|          | 16/2000 [01:52<4:47:54,  8.71s/it]                                                                                        Best trial: 12. Best value: 6886.68:   1%|          | 16/2000 [02:01<4:47:54,  8.71s/it]Best trial: 12. Best value: 6886.68:   1%|          | 16/2000 [02:01<4:47:54,  8.71s/it]Best trial: 12. Best value: 6886.68:   1%|          | 17/2000 [02:01<4:53:34,  8.88s/it]                                                                                        Best trial: 12. Best value: 6886.68:   1%|          | 17/2000 [02:11<4:53:34,  8.88s/it]Best trial: 12. Best value: 6886.68:   1%|          | 17/2000 [02:11<4:53:34,  8.88s/it]Best trial: 12. Best value: 6886.68:   1%|          | 18/2000 [02:11<4:58:59,  9.05s/it]                                                                                        Best trial: 12. Best value: 6886.68:   1%|          | 18/2000 [02:20<4:58:59,  9.05s/it]Best trial: 12. Best value: 6886.68:   1%|          | 18/2000 [02:20<4:58:59,  9.05s/it]Best trial: 12. Best value: 6886.68:   1%|          | 19/2000 [02:20<5:01:50,  9.14s/it]                                                                                        Best trial: 12. Best value: 6886.68:   1%|          | 19/2000 [02:22<5:01:50,  9.14s/it]Best trial: 12. Best value: 6886.68:   1%|          | 19/2000 [02:22<5:01:50,  9.14s/it]Best trial: 12. Best value: 6886.68:   1%|          | 20/2000 [02:22<3:44:37,  6.81s/it]                                                                                        Best trial: 12. Best value: 6886.68:   1%|          | 20/2000 [02:31<3:44:37,  6.81s/it]Best trial: 12. Best value: 6886.68:   1%|          | 20/2000 [02:31<3:44:37,  6.81s/it]Best trial: 12. Best value: 6886.68:   1%|          | 21/2000 [02:31<4:09:46,  7.57s/it]                                                                                        Best trial: 12. Best value: 6886.68:   1%|          | 21/2000 [02:40<4:09:46,  7.57s/it]Best trial: 12. Best value: 6886.68:   1%|          | 21/2000 [02:40<4:09:46,  7.57s/it]Best trial: 12. Best value: 6886.68:   1%|          | 22/2000 [02:40<4:27:50,  8.12s/it]                                                                                        Best trial: 12. Best value: 6886.68:   1%|          | 22/2000 [02:50<4:27:50,  8.12s/it]Best trial: 12. Best value: 6886.68:   1%|          | 22/2000 [02:50<4:27:50,  8.12s/it]Best trial: 12. Best value: 6886.68:   1%|          | 23/2000 [02:50<4:40:05,  8.50s/it]                                                                                        Best trial: 12. Best value: 6886.68:   1%|          | 23/2000 [02:59<4:40:05,  8.50s/it]Best trial: 12. Best value: 6886.68:   1%|          | 23/2000 [02:59<4:40:05,  8.50s/it]Best trial: 12. Best value: 6886.68:   1%|          | 24/2000 [02:59<4:49:42,  8.80s/it]                                                                                        Best trial: 12. Best value: 6886.68:   1%|          | 24/2000 [03:09<4:49:42,  8.80s/it]Best trial: 12. Best value: 6886.68:   1%|          | 24/2000 [03:09<4:49:42,  8.80s/it]Best trial: 12. Best value: 6886.68:   1%|▏         | 25/2000 [03:09<4:55:10,  8.97s/it]                                                                                        Best trial: 12. Best value: 6886.68:   1%|▏         | 25/2000 [03:18<4:55:10,  8.97s/it]Best trial: 12. Best value: 6886.68:   1%|▏         | 25/2000 [03:18<4:55:10,  8.97s/it]Best trial: 12. Best value: 6886.68:   1%|▏         | 26/2000 [03:18<4:59:26,  9.10s/it]                                                                                        Best trial: 12. Best value: 6886.68:   1%|▏         | 26/2000 [03:27<4:59:26,  9.10s/it]Best trial: 12. Best value: 6886.68:   1%|▏         | 26/2000 [03:27<4:59:26,  9.10s/it]Best trial: 12. Best value: 6886.68:   1%|▏         | 27/2000 [03:27<5:00:21,  9.13s/it]                                                                                        Best trial: 12. Best value: 6886.68:   1%|▏         | 27/2000 [03:37<5:00:21,  9.13s/it]Best trial: 12. Best value: 6886.68:   1%|▏         | 27/2000 [03:37<5:00:21,  9.13s/it]Best trial: 12. Best value: 6886.68:   1%|▏         | 28/2000 [03:37<5:02:54,  9.22s/it]                                                                                        Best trial: 12. Best value: 6886.68:   1%|▏         | 28/2000 [03:46<5:02:54,  9.22s/it]Best trial: 12. Best value: 6886.68:   1%|▏         | 28/2000 [03:46<5:02:54,  9.22s/it]Best trial: 12. Best value: 6886.68:   1%|▏         | 29/2000 [03:46<5:03:31,  9.24s/it]                                                                                        Best trial: 12. Best value: 6886.68:   1%|▏         | 29/2000 [03:50<5:03:31,  9.24s/it]Best trial: 12. Best value: 6886.68:   1%|▏         | 29/2000 [03:50<5:03:31,  9.24s/it]Best trial: 12. Best value: 6886.68:   2%|▏         | 30/2000 [03:50<4:09:26,  7.60s/it]                                                                                        
[I 2026-03-31 21:40:46,505] Trial 16 finished with value: inf and parameters: {'alpha_0': 0.0010754062946381972, 'alpha_1': 8.627767827772602e-05, 'alpha_2': 0.00011141131202145393, 'beta_0': 0.09230156606598751, 'beta_1': 8.562040440858167, 'beta_2': 0.22872421415178795, 'beta_3': 0.001338174618139409, 'beta_4': 7.149437869303165, 'beta_5': 31.763709467825457, 'beta_6': 0.08873296158597574, 'beta_7': 0.020066110676508566, 'beta_8': 2.8923352790757037e-05, 'beta_9': 1.0377954026662828e-06}. Best is trial 12 with value: 6886.675179322216.
[I 2026-03-31 21:40:55,948] Trial 17 finished with value: inf and parameters: {'alpha_0': 0.0005050024556341629, 'alpha_1': 0.00013301488638228795, 'alpha_2': 6.498334889601556e-05, 'beta_0': 0.13117988506868755, 'beta_1': 6.636262767851401, 'beta_2': 0.21184528217070495, 'beta_3': 0.0011229657230263353, 'beta_4': 7.969213925248545, 'beta_5': 26.723555289188972, 'beta_6': 0.06299294110578817, 'beta_7': 0.016956600755175417, 'beta_8': 2.7232360166037947e-05, 'beta_9': 1.4624311670953025e-06}. Best is trial 12 with value: 6886.675179322216.
[I 2026-03-31 21:41:05,302] Trial 18 finished with value: inf and parameters: {'alpha_0': 0.0019374790665844972, 'alpha_1': 0.0001490197908417211, 'alpha_2': 9.57065365292607e-05, 'beta_0': 0.08429707199264465, 'beta_1': 6.381214825512157, 'beta_2': 0.23505384066690307, 'beta_3': 0.0013763688979267254, 'beta_4': 6.322073906742425, 'beta_5': 34.74140625570235, 'beta_6': 0.0927646114341775, 'beta_7': 0.02186568983592016, 'beta_8': 1.3571307249099243e-05, 'beta_9': 1.8341856324377065e-06}. Best is trial 12 with value: 6886.675179322216.
[I 2026-03-31 21:41:06,666] Trial 19 finished with value: inf and parameters: {'alpha_0': 0.0009956176908435623, 'alpha_1': 0.00011302677010125745, 'alpha_2': 0.0001195999309359557, 'beta_0': 0.1758248747387694, 'beta_1': 8.99440533405319, 'beta_2': 0.21645796732743608, 'beta_3': 0.0011742366561970485, 'beta_4': 5.495046903231752, 'beta_5': 39.02038977721164, 'beta_6': 0.041372462326315806, 'beta_7': 0.02999120241131528, 'beta_8': 3.2562052333629656e-05, 'beta_9': 1.0210401727714677e-06}. Best is trial 12 with value: 6886.675179322216.
[I 2026-03-31 21:41:16,025] Trial 20 finished with value: inf and parameters: {'alpha_0': 0.0007480642388099662, 'alpha_1': 0.00013421214258393843, 'alpha_2': 0.00010926065009224485, 'beta_0': 0.10947553144850354, 'beta_1': 12.068329287099644, 'beta_2': 0.24991380339061797, 'beta_3': 0.0009795475597930501, 'beta_4': 7.384639334985116, 'beta_5': 22.83304266532742, 'beta_6': 0.08199179007894145, 'beta_7': 0.018773289371094015, 'beta_8': 3.5523896182495427e-05, 'beta_9': 1.5085253255541337e-06}. Best is trial 12 with value: 6886.675179322216.
[I 2026-03-31 21:41:25,436] Trial 21 finished with value: 7534.910440426275 and parameters: {'alpha_0': 0.0006347727792766607, 'alpha_1': 0.0001488800880540067, 'alpha_2': 0.00011544290345238586, 'beta_0': 0.13000408331690666, 'beta_1': 5.023142528894213, 'beta_2': 0.23791211905802867, 'beta_3': 0.0014900754301655026, 'beta_4': 7.961453412130132, 'beta_5': 30.453108507397797, 'beta_6': 0.09799260689972748, 'beta_7': 0.016196188173312708, 'beta_8': 3.0504040208350753e-05, 'beta_9': 1.8731200934842047e-06}. Best is trial 12 with value: 6886.675179322216.
[I 2026-03-31 21:41:34,813] Trial 22 finished with value: 7339.779142499192 and parameters: {'alpha_0': 0.0005114721241423457, 'alpha_1': 0.00013768381954848028, 'alpha_2': 0.0001193473065165033, 'beta_0': 0.12900318876916395, 'beta_1': 5.612048133952212, 'beta_2': 0.23749981264589562, 'beta_3': 0.0014090003522590163, 'beta_4': 7.571548994862375, 'beta_5': 28.879855349126395, 'beta_6': 0.09361728724543542, 'beta_7': 0.016094199945335556, 'beta_8': 3.115655374150271e-05, 'beta_9': 1.9954995957764587e-06}. Best is trial 12 with value: 6886.675179322216.
[I 2026-03-31 21:41:44,301] Trial 23 finished with value: 7321.725507241674 and parameters: {'alpha_0': 0.0008023381493446872, 'alpha_1': 0.00011357392437545397, 'alpha_2': 0.00010581556028953958, 'beta_0': 0.16048107505777975, 'beta_1': 7.324748138699863, 'beta_2': 0.24123311005884635, 'beta_3': 0.0012469499098083623, 'beta_4': 6.789622334230689, 'beta_5': 33.10097346451445, 'beta_6': 0.09808332249935542, 'beta_7': 0.015059441019582417, 'beta_8': 2.7374053275195066e-05, 'beta_9': 1.8059554297723227e-06}. Best is trial 12 with value: 6886.675179322216.
[I 2026-03-31 21:41:53,667] Trial 24 finished with value: inf and parameters: {'alpha_0': 0.001135641092186699, 'alpha_1': 0.00012916910504499424, 'alpha_2': 9.508013442929035e-05, 'beta_0': 0.07990800269155092, 'beta_1': 5.713744514947942, 'beta_2': 0.2284727106506082, 'beta_3': 0.0014527294023628577, 'beta_4': 7.429387430263605, 'beta_5': 25.166456562286506, 'beta_6': 0.09049310915400043, 'beta_7': 0.01874514339914463, 'beta_8': 3.6857756484774714e-05, 'beta_9': 1.9038012273959186e-06}. Best is trial 12 with value: 6886.675179322216.
[I 2026-03-31 21:42:03,081] Trial 25 finished with value: 7501.027936373152 and parameters: {'alpha_0': 0.0006719956415722504, 'alpha_1': 0.00014263775282523692, 'alpha_2': 0.00011167289038003245, 'beta_0': 0.11767005337902889, 'beta_1': 7.275543963603675, 'beta_2': 0.18590591335979828, 'beta_3': 0.0012878739642592269, 'beta_4': 7.037450590437841, 'beta_5': 29.89093425738901, 'beta_6': 0.09993228690111221, 'beta_7': 0.01641896382774254, 'beta_8': 2.0246084173170196e-05, 'beta_9': 1.6053873441839126e-06}. Best is trial 12 with value: 6886.675179322216.
[I 2026-03-31 21:42:12,291] Trial 26 finished with value: inf and parameters: {'alpha_0': 0.0008697418591396074, 'alpha_1': 0.00012004296624660026, 'alpha_2': 0.00011368911765656222, 'beta_0': 0.14186434409375437, 'beta_1': 5.071859259801463, 'beta_2': 0.2452505521365967, 'beta_3': 0.0013924652760868178, 'beta_4': 7.70539571011272, 'beta_5': 37.61187153424708, 'beta_6': 0.08621549985442603, 'beta_7': 0.021197855247238554, 'beta_8': 3.269977563133515e-05, 'beta_9': 1.8162408823898828e-06}. Best is trial 12 with value: 6886.675179322216.
[I 2026-03-31 21:42:21,699] Trial 27 finished with value: inf and parameters: {'alpha_0': 0.0017635878676959121, 'alpha_1': 8.755813111035452e-05, 'alpha_2': 0.00010509348929869986, 'beta_0': 0.09944604856494918, 'beta_1': 6.266711749703098, 'beta_2': 0.23146230196779408, 'beta_3': 0.001218863274093412, 'beta_4': 6.777723708766118, 'beta_5': 20.503094928601428, 'beta_6': 0.07589971563896268, 'beta_7': 0.01852556799870024, 'beta_8': 2.6753576769290422e-05, 'beta_9': 1.8868224593213344e-06}. Best is trial 12 with value: 6886.675179322216.
[I 2026-03-31 21:42:30,994] Trial 28 finished with value: 7074.682366443762 and parameters: {'alpha_0': 0.0006192739437115021, 'alpha_1': 0.00013948001846870943, 'alpha_2': 9.450431721300378e-05, 'beta_0': 0.19305361131946613, 'beta_1': 7.036044336598849, 'beta_2': 0.22093415723090112, 'beta_3': 0.001063091249778186, 'beta_4': 6.395768943576886, 'beta_5': 33.12650437890006, 'beta_6': 0.09455914161465802, 'beta_7': 0.016223517805207473, 'beta_8': 2.957465885942753e-05, 'beta_9': 1.5867250492436856e-06}. Best is trial 12 with value: 6886.675179322216.
[I 2026-03-31 21:42:34,759] Trial 29 finished with value: inf and parameters: {'alpha_0': 0.0013986740644005425, 'alpha_1': 0.00010059820425174925, 'alpha_2': 0.00010325237638528215, 'beta_0': 0.15491601943443578, 'beta_1': 5.7082092129422035, 'beta_2': 0.20848522020438126, 'beta_3': 0.0013933192985335517, 'beta_4': 5.457482764333637, 'beta_5': 28.964983334206515, 'beta_6': 0.06818632343911427, 'beta_7': 0.023294227267650104, 'beta_8': 2.5248085340825474e-05, 'beta_9': 1.1798559138243792e-06}. Best is trial 12 with value: 6886.675179322216.
[I 2026-03-31 21:42:44,108] Trial 30 finished with value: inf and parameters: {'alpha_0': 0.0010223687635359114, 'alpha_1': 0.0001076551257128325, 'alpha_2': 0.00011440129541051821, 'beta_0': 0.07429437068757197, 'beta_1': 7.664636935846935, 'beta_2': 0.2435748852337524, 'beta_3': 0.0010477790409645189, 'beta_4': 5.844088499340727, 'beta_5': 26.061909486073343, 'beta_6': 0.05065838951135759, 'beta_7': 0.01813685815953093, 'beta_8': 3.759904361685451e-05, 'beta_9': 1.364027390287018e-06}. Best is trial 12 with value: 6886.675179322216.Best trial: 12. Best value: 6886.68:   2%|▏         | 30/2000 [03:59<4:09:26,  7.60s/it]Best trial: 12. Best value: 6886.68:   2%|▏         | 30/2000 [03:59<4:09:26,  7.60s/it]Best trial: 12. Best value: 6886.68:   2%|▏         | 31/2000 [03:59<4:26:33,  8.12s/it]                                                                                        Best trial: 12. Best value: 6886.68:   2%|▏         | 31/2000 [04:08<4:26:33,  8.12s/it]Best trial: 12. Best value: 6886.68:   2%|▏         | 31/2000 [04:08<4:26:33,  8.12s/it]Best trial: 12. Best value: 6886.68:   2%|▏         | 32/2000 [04:08<4:38:45,  8.50s/it]                                                                                        Best trial: 12. Best value: 6886.68:   2%|▏         | 32/2000 [04:18<4:38:45,  8.50s/it]Best trial: 32. Best value: 6850.35:   2%|▏         | 32/2000 [04:18<4:38:45,  8.50s/it]Best trial: 32. Best value: 6850.35:   2%|▏         | 33/2000 [04:18<4:47:57,  8.78s/it]                                                                                        Best trial: 32. Best value: 6850.35:   2%|▏         | 33/2000 [04:27<4:47:57,  8.78s/it]Best trial: 32. Best value: 6850.35:   2%|▏         | 33/2000 [04:27<4:47:57,  8.78s/it]Best trial: 32. Best value: 6850.35:   2%|▏         | 34/2000 [04:27<4:54:10,  8.98s/it]                                                                                        Best trial: 32. Best value: 6850.35:   2%|▏         | 34/2000 [04:37<4:54:10,  8.98s/it]Best trial: 32. Best value: 6850.35:   2%|▏         | 34/2000 [04:37<4:54:10,  8.98s/it]Best trial: 32. Best value: 6850.35:   2%|▏         | 35/2000 [04:37<4:58:43,  9.12s/it]                                                                                        Best trial: 32. Best value: 6850.35:   2%|▏         | 35/2000 [04:46<4:58:43,  9.12s/it]Best trial: 32. Best value: 6850.35:   2%|▏         | 35/2000 [04:46<4:58:43,  9.12s/it]Best trial: 32. Best value: 6850.35:   2%|▏         | 36/2000 [04:46<5:01:33,  9.21s/it]                                                                                        Best trial: 32. Best value: 6850.35:   2%|▏         | 36/2000 [04:56<5:01:33,  9.21s/it]Best trial: 36. Best value: 6807.7:   2%|▏         | 36/2000 [04:56<5:01:33,  9.21s/it] Best trial: 36. Best value: 6807.7:   2%|▏         | 37/2000 [04:56<5:02:57,  9.26s/it]                                                                                       Best trial: 36. Best value: 6807.7:   2%|▏         | 37/2000 [05:05<5:02:57,  9.26s/it]Best trial: 36. Best value: 6807.7:   2%|▏         | 37/2000 [05:05<5:02:57,  9.26s/it]Best trial: 36. Best value: 6807.7:   2%|▏         | 38/2000 [05:05<5:05:53,  9.35s/it]                                                                                       Best trial: 36. Best value: 6807.7:   2%|▏         | 38/2000 [05:15<5:05:53,  9.35s/it]Best trial: 36. Best value: 6807.7:   2%|▏         | 38/2000 [05:15<5:05:53,  9.35s/it]Best trial: 36. Best value: 6807.7:   2%|▏         | 39/2000 [05:15<5:06:59,  9.39s/it]                                                                                       Best trial: 36. Best value: 6807.7:   2%|▏         | 39/2000 [05:24<5:06:59,  9.39s/it]Best trial: 36. Best value: 6807.7:   2%|▏         | 39/2000 [05:24<5:06:59,  9.39s/it]Best trial: 36. Best value: 6807.7:   2%|▏         | 40/2000 [05:24<5:07:02,  9.40s/it]                                                                                       Best trial: 36. Best value: 6807.7:   2%|▏         | 40/2000 [05:33<5:07:02,  9.40s/it]Best trial: 36. Best value: 6807.7:   2%|▏         | 40/2000 [05:33<5:07:02,  9.40s/it]Best trial: 36. Best value: 6807.7:   2%|▏         | 41/2000 [05:33<5:06:25,  9.39s/it]                                                                                       Best trial: 36. Best value: 6807.7:   2%|▏         | 41/2000 [05:43<5:06:25,  9.39s/it]Best trial: 36. Best value: 6807.7:   2%|▏         | 41/2000 [05:43<5:06:25,  9.39s/it]Best trial: 36. Best value: 6807.7:   2%|▏         | 42/2000 [05:43<5:06:13,  9.38s/it]                                                                                       Best trial: 36. Best value: 6807.7:   2%|▏         | 42/2000 [05:52<5:06:13,  9.38s/it]Best trial: 36. Best value: 6807.7:   2%|▏         | 42/2000 [05:52<5:06:13,  9.38s/it]Best trial: 36. Best value: 6807.7:   2%|▏         | 43/2000 [05:52<5:05:50,  9.38s/it]                                                                                       Best trial: 36. Best value: 6807.7:   2%|▏         | 43/2000 [06:01<5:05:50,  9.38s/it]Best trial: 36. Best value: 6807.7:   2%|▏         | 43/2000 [06:01<5:05:50,  9.38s/it]Best trial: 36. Best value: 6807.7:   2%|▏         | 44/2000 [06:01<5:05:41,  9.38s/it]                                                                                       Best trial: 36. Best value: 6807.7:   2%|▏         | 44/2000 [06:11<5:05:41,  9.38s/it]Best trial: 36. Best value: 6807.7:   2%|▏         | 44/2000 [06:11<5:05:41,  9.38s/it]Best trial: 36. Best value: 6807.7:   2%|▏         | 45/2000 [06:11<5:06:02,  9.39s/it]                                                                                       
[I 2026-03-31 21:42:53,483] Trial 31 finished with value: 7303.648207300955 and parameters: {'alpha_0': 0.0006219448615150075, 'alpha_1': 0.0001431716810126154, 'alpha_2': 9.344227001445828e-05, 'beta_0': 0.19368852911254691, 'beta_1': 6.877550825025245, 'beta_2': 0.22167579656277211, 'beta_3': 0.0013220895506154426, 'beta_4': 6.530668423636411, 'beta_5': 33.093648095631764, 'beta_6': 0.09466678285170026, 'beta_7': 0.0160573062113773, 'beta_8': 2.9127120612357908e-05, 'beta_9': 1.58334384048582e-06}. Best is trial 12 with value: 6886.675179322216.
[I 2026-03-31 21:43:02,932] Trial 32 finished with value: 6850.350776534386 and parameters: {'alpha_0': 0.0006173259911015244, 'alpha_1': 0.00013224206156998771, 'alpha_2': 0.00011970889778070401, 'beta_0': 0.23519723526324254, 'beta_1': 5.900565720236822, 'beta_2': 0.22263700392762723, 'beta_3': 0.001084269231411727, 'beta_4': 7.201938303019037, 'beta_5': 35.2056225092671, 'beta_6': 0.09530571835507562, 'beta_7': 0.015622515469956254, 'beta_8': 3.3405747338940837e-05, 'beta_9': 1.7396509031819917e-06}. Best is trial 32 with value: 6850.350776534386.
[I 2026-03-31 21:43:12,363] Trial 33 finished with value: 6904.445946146801 and parameters: {'alpha_0': 0.0008131803699928945, 'alpha_1': 5.227999815288153e-05, 'alpha_2': 0.0001185037166917538, 'beta_0': 0.22453050216549744, 'beta_1': 6.0838832285671325, 'beta_2': 0.2346283637964322, 'beta_3': 0.0014182936047088413, 'beta_4': 7.1550994810146475, 'beta_5': 35.40911555968433, 'beta_6': 0.09592706739105715, 'beta_7': 0.015552892410879655, 'beta_8': 3.3852165317824704e-05, 'beta_9': 1.7529432560064696e-06}. Best is trial 32 with value: 6850.350776534386.
[I 2026-03-31 21:43:21,819] Trial 34 finished with value: inf and parameters: {'alpha_0': 0.0008844313752292207, 'alpha_1': 9.060571369706881e-05, 'alpha_2': 0.00010769751344959002, 'beta_0': 0.24118873346532924, 'beta_1': 6.189145806187503, 'beta_2': 0.23509688330628165, 'beta_3': 0.0008249925355888597, 'beta_4': 7.2213033573456205, 'beta_5': 36.54819587383594, 'beta_6': 0.0845575288923401, 'beta_7': 0.01713981300769535, 'beta_8': 3.415385543624809e-05, 'beta_9': 1.7311821144110602e-06}. Best is trial 32 with value: 6850.350776534386.
