[I 2026-03-31 23:56:36,222] Trial 915 finished with value: 7140.954749533834 and parameters: {'alpha_0': 0.000530893540960991, 'alpha_1': 5.168181403013642e-05, 'alpha_2': 4.0014869920447255e-05, 'beta_0': 0.08420059282551752, 'beta_1': 6.374884566855447, 'beta_2': 0.22801763441638992, 'beta_3': 0.0010293765580281131, 'beta_4': 6.799990872002042, 'beta_5': 34.798858078521974, 'beta_6': 0.04007814346048841, 'beta_7': 0.015247899157305135, 'beta_8': 3.937808376479449e-05, 'beta_9': 7.699227125977379e-07}. Best is trial 691 with value: 6538.461030825155.Best trial: 691. Best value: 6538.46:  46%|████▌     | 915/2000 [2:17:51<2:48:20,  9.31s/it]Best trial: 691. Best value: 6538.46:  46%|████▌     | 915/2000 [2:17:51<2:48:20,  9.31s/it]Best trial: 691. Best value: 6538.46:  46%|████▌     | 916/2000 [2:17:51<2:48:11,  9.31s/it]                                                                                            Best trial: 691. Best value: 6538.46:  46%|████▌     | 916/2000 [2:18:00<2:48:11,  9.31s/it]Best trial: 691. Best value: 6538.46:  46%|████▌     | 916/2000 [2:18:00<2:48:11,  9.31s/it]Best trial: 691. Best value: 6538.46:  46%|████▌     | 917/2000 [2:18:00<2:48:11,  9.32s/it]                                                                                            Best trial: 691. Best value: 6538.46:  46%|████▌     | 917/2000 [2:18:10<2:48:11,  9.32s/it]Best trial: 691. Best value: 6538.46:  46%|████▌     | 917/2000 [2:18:10<2:48:11,  9.32s/it]Best trial: 691. Best value: 6538.46:  46%|████▌     | 918/2000 [2:18:10<2:48:06,  9.32s/it]                                                                                            Best trial: 691. Best value: 6538.46:  46%|████▌     | 918/2000 [2:18:19<2:48:06,  9.32s/it]Best trial: 691. Best value: 6538.46:  46%|████▌     | 918/2000 [2:18:19<2:48:06,  9.32s/it]Best trial: 691. Best value: 6538.46:  46%|████▌     | 919/2000 [2:18:19<2:47:34,  9.30s/it]                                                                                            Best trial: 691. Best value: 6538.46:  46%|████▌     | 919/2000 [2:18:28<2:47:34,  9.30s/it]Best trial: 691. Best value: 6538.46:  46%|████▌     | 919/2000 [2:18:28<2:47:34,  9.30s/it]Best trial: 691. Best value: 6538.46:  46%|████▌     | 920/2000 [2:18:28<2:47:11,  9.29s/it]                                                                                            Best trial: 691. Best value: 6538.46:  46%|████▌     | 920/2000 [2:18:38<2:47:11,  9.29s/it]Best trial: 691. Best value: 6538.46:  46%|████▌     | 920/2000 [2:18:38<2:47:11,  9.29s/it]Best trial: 691. Best value: 6538.46:  46%|████▌     | 921/2000 [2:18:38<2:46:49,  9.28s/it]                                                                                            Best trial: 691. Best value: 6538.46:  46%|████▌     | 921/2000 [2:18:47<2:46:49,  9.28s/it]Best trial: 691. Best value: 6538.46:  46%|████▌     | 921/2000 [2:18:47<2:46:49,  9.28s/it]Best trial: 691. Best value: 6538.46:  46%|████▌     | 922/2000 [2:18:47<2:46:35,  9.27s/it]                                                                                            Best trial: 691. Best value: 6538.46:  46%|████▌     | 922/2000 [2:18:56<2:46:35,  9.27s/it]Best trial: 691. Best value: 6538.46:  46%|████▌     | 922/2000 [2:18:56<2:46:35,  9.27s/it]Best trial: 691. Best value: 6538.46:  46%|████▌     | 923/2000 [2:18:56<2:46:25,  9.27s/it]                                                                                            Best trial: 691. Best value: 6538.46:  46%|████▌     | 923/2000 [2:19:06<2:46:25,  9.27s/it]Best trial: 691. Best value: 6538.46:  46%|████▌     | 923/2000 [2:19:06<2:46:25,  9.27s/it]Best trial: 691. Best value: 6538.46:  46%|████▌     | 924/2000 [2:19:06<2:47:06,  9.32s/it]                                                                                            Best trial: 691. Best value: 6538.46:  46%|████▌     | 924/2000 [2:19:15<2:47:06,  9.32s/it]Best trial: 691. Best value: 6538.46:  46%|████▌     | 924/2000 [2:19:15<2:47:06,  9.32s/it]Best trial: 691. Best value: 6538.46:  46%|████▋     | 925/2000 [2:19:15<2:46:54,  9.32s/it]                                                                                            Best trial: 691. Best value: 6538.46:  46%|████▋     | 925/2000 [2:19:24<2:46:54,  9.32s/it]Best trial: 691. Best value: 6538.46:  46%|████▋     | 925/2000 [2:19:24<2:46:54,  9.32s/it]Best trial: 691. Best value: 6538.46:  46%|████▋     | 926/2000 [2:19:24<2:46:45,  9.32s/it]                                                                                            Best trial: 691. Best value: 6538.46:  46%|████▋     | 926/2000 [2:19:34<2:46:45,  9.32s/it]Best trial: 691. Best value: 6538.46:  46%|████▋     | 926/2000 [2:19:34<2:46:45,  9.32s/it]Best trial: 691. Best value: 6538.46:  46%|████▋     | 927/2000 [2:19:34<2:46:44,  9.32s/it]                                                                                            Best trial: 691. Best value: 6538.46:  46%|████▋     | 927/2000 [2:19:43<2:46:44,  9.32s/it]Best trial: 691. Best value: 6538.46:  46%|████▋     | 927/2000 [2:19:43<2:46:44,  9.32s/it]Best trial: 691. Best value: 6538.46:  46%|████▋     | 928/2000 [2:19:43<2:46:18,  9.31s/it]                                                                                            Best trial: 691. Best value: 6538.46:  46%|████▋     | 928/2000 [2:19:52<2:46:18,  9.31s/it]Best trial: 691. Best value: 6538.46:  46%|████▋     | 928/2000 [2:19:52<2:46:18,  9.31s/it]Best trial: 691. Best value: 6538.46:  46%|████▋     | 929/2000 [2:19:52<2:46:22,  9.32s/it]                                                                                            Best trial: 691. Best value: 6538.46:  46%|████▋     | 929/2000 [2:20:02<2:46:22,  9.32s/it]Best trial: 691. Best value: 6538.46:  46%|████▋     | 929/2000 [2:20:02<2:46:22,  9.32s/it]Best trial: 691. Best value: 6538.46:  46%|████▋     | 930/2000 [2:20:02<2:46:28,  9.33s/it]                                                                                            
[I 2026-03-31 23:56:45,560] Trial 916 finished with value: 7361.938382776837 and parameters: {'alpha_0': 0.0005023752990823053, 'alpha_1': 5.1755059294940975e-05, 'alpha_2': 4.116790923905952e-05, 'beta_0': 0.08134012112504445, 'beta_1': 6.404927697946293, 'beta_2': 0.2028183736083756, 'beta_3': 0.0010064580691058619, 'beta_4': 6.706242733010053, 'beta_5': 34.06990312201327, 'beta_6': 0.09998726155973688, 'beta_7': 0.0152806549973752, 'beta_8': 3.894463018067874e-05, 'beta_9': 7.610754375969778e-07}. Best is trial 691 with value: 6538.461030825155.
[I 2026-03-31 23:56:54,890] Trial 917 finished with value: 6595.073751956583 and parameters: {'alpha_0': 0.0005014523376471944, 'alpha_1': 5.184248644521567e-05, 'alpha_2': 4.005644375778598e-05, 'beta_0': 0.07837143659143829, 'beta_1': 6.255703315388745, 'beta_2': 0.20138622680907103, 'beta_3': 0.0010753692933157598, 'beta_4': 6.722393403404915, 'beta_5': 35.267368134997966, 'beta_6': 0.04088191884776915, 'beta_7': 0.015566835690130131, 'beta_8': 3.9480800785887844e-05, 'beta_9': 7.71409707081206e-07}. Best is trial 691 with value: 6538.461030825155.
[I 2026-03-31 23:57:04,143] Trial 918 finished with value: 6571.306071864362 and parameters: {'alpha_0': 0.0005348635218461813, 'alpha_1': 5.0091752607228686e-05, 'alpha_2': 4.148592930472358e-05, 'beta_0': 0.0864945703148767, 'beta_1': 6.153992202134503, 'beta_2': 0.20504682314540906, 'beta_3': 0.001008899427838435, 'beta_4': 6.6764228987057, 'beta_5': 34.09161404918352, 'beta_6': 0.04119417179259881, 'beta_7': 0.015735604319489335, 'beta_8': 3.869229828325466e-05, 'beta_9': 7.290917179006371e-07}. Best is trial 691 with value: 6538.461030825155.
[I 2026-03-31 23:57:13,403] Trial 919 finished with value: 6655.037982276523 and parameters: {'alpha_0': 0.0005018823066655655, 'alpha_1': 5.125598186458892e-05, 'alpha_2': 4.000126879921735e-05, 'beta_0': 0.08572040654261841, 'beta_1': 6.477875006526873, 'beta_2': 0.20289688708120884, 'beta_3': 0.0010039693773028666, 'beta_4': 6.930570630372605, 'beta_5': 35.78387639681007, 'beta_6': 0.040902050434583385, 'beta_7': 0.015811678697914767, 'beta_8': 1.2211456022715275e-05, 'beta_9': 7.427849465815174e-07}. Best is trial 691 with value: 6538.461030825155.
[I 2026-03-31 23:57:22,651] Trial 920 finished with value: 6730.256830038024 and parameters: {'alpha_0': 0.0005010087688284194, 'alpha_1': 5.0094802268414806e-05, 'alpha_2': 4.159555288314028e-05, 'beta_0': 0.08218698549512847, 'beta_1': 6.217275665286902, 'beta_2': 0.2038463085298003, 'beta_3': 0.0010466682969774556, 'beta_4': 6.747872549415249, 'beta_5': 34.614728126599516, 'beta_6': 0.04000356202776378, 'beta_7': 0.015440368176036164, 'beta_8': 3.999036816104441e-05, 'beta_9': 7.793040521331471e-07}. Best is trial 691 with value: 6538.461030825155.
[I 2026-03-31 23:57:31,914] Trial 921 finished with value: 6752.8658822890575 and parameters: {'alpha_0': 0.0005361621707294374, 'alpha_1': 0.00012649008560562902, 'alpha_2': 4.213048331483974e-05, 'beta_0': 0.08691408256779536, 'beta_1': 6.116945247803531, 'beta_2': 0.20124049290035603, 'beta_3': 0.0009897000687385962, 'beta_4': 6.811539112172572, 'beta_5': 35.20544894176101, 'beta_6': 0.04002269138392725, 'beta_7': 0.015851219208795248, 'beta_8': 3.8954947377982656e-05, 'beta_9': 7.39709902742184e-07}. Best is trial 691 with value: 6538.461030825155.
[I 2026-03-31 23:57:41,182] Trial 922 finished with value: 6778.040965398153 and parameters: {'alpha_0': 0.0005395295925460263, 'alpha_1': 5.0178408462062194e-05, 'alpha_2': 4.006930918645753e-05, 'beta_0': 0.07792675408262668, 'beta_1': 6.445233075455512, 'beta_2': 0.20152063158362574, 'beta_3': 0.0010138568834717557, 'beta_4': 6.602937615498421, 'beta_5': 34.00362948729899, 'beta_6': 0.04175453081004778, 'beta_7': 0.016209541178780734, 'beta_8': 3.8558805757376266e-05, 'beta_9': 7.238522843532489e-07}. Best is trial 691 with value: 6538.461030825155.
[I 2026-03-31 23:57:50,610] Trial 923 finished with value: 7227.156301501687 and parameters: {'alpha_0': 0.0005352588345974587, 'alpha_1': 5.325871433178852e-05, 'alpha_2': 4.3059369531081924e-05, 'beta_0': 0.18528342872676185, 'beta_1': 6.299467516754475, 'beta_2': 0.20376002746680247, 'beta_3': 0.0010002848093659444, 'beta_4': 6.647761368726884, 'beta_5': 34.98936411624382, 'beta_6': 0.04131645340643487, 'beta_7': 0.015208346493314977, 'beta_8': 3.9390372832245587e-05, 'beta_9': 7.586661563192096e-07}. Best is trial 691 with value: 6538.461030825155.
[I 2026-03-31 23:57:59,919] Trial 924 finished with value: 6573.854468009988 and parameters: {'alpha_0': 0.0005006763619992592, 'alpha_1': 5.00427074461328e-05, 'alpha_2': 4.2203917698678695e-05, 'beta_0': 0.08730846926375548, 'beta_1': 6.055468403452209, 'beta_2': 0.20478584946022912, 'beta_3': 0.0009725826434210431, 'beta_4': 7.717991677760953, 'beta_5': 34.229055921829215, 'beta_6': 0.04215868590893932, 'beta_7': 0.015664210356924276, 'beta_8': 3.899746399770383e-05, 'beta_9': 7.00871234887059e-07}. Best is trial 691 with value: 6538.461030825155.
[I 2026-03-31 23:58:09,238] Trial 925 finished with value: 6672.885135700008 and parameters: {'alpha_0': 0.0005014018051713049, 'alpha_1': 5.002298590260237e-05, 'alpha_2': 4.13157274960231e-05, 'beta_0': 0.08931737129137299, 'beta_1': 6.144398701614194, 'beta_2': 0.2048834392735062, 'beta_3': 0.0009813485393155518, 'beta_4': 7.905914721513993, 'beta_5': 35.86044593786072, 'beta_6': 0.04108691541321612, 'beta_7': 0.01550969998305808, 'beta_8': 3.942815019984901e-05, 'beta_9': 7.188471412456409e-07}. Best is trial 691 with value: 6538.461030825155.
[I 2026-03-31 23:58:18,578] Trial 926 finished with value: 7349.71365571789 and parameters: {'alpha_0': 0.0005032802826974569, 'alpha_1': 5.0215315561382715e-05, 'alpha_2': 4.0044490012894e-05, 'beta_0': 0.08757953430720572, 'beta_1': 6.537456299301204, 'beta_2': 0.2008043938985183, 'beta_3': 0.0010336406111328695, 'beta_4': 7.550799318184376, 'beta_5': 34.52844412688326, 'beta_6': 0.04254968921437368, 'beta_7': 0.01504948561227237, 'beta_8': 3.9971167410805285e-05, 'beta_9': 7.720264631502405e-07}. Best is trial 691 with value: 6538.461030825155.
[I 2026-03-31 23:58:27,852] Trial 927 finished with value: 6689.539958822208 and parameters: {'alpha_0': 0.0005401659267646579, 'alpha_1': 5.0052607620054865e-05, 'alpha_2': 4.239494938829657e-05, 'beta_0': 0.0897755933578176, 'beta_1': 6.3641902988372765, 'beta_2': 0.20528301600995127, 'beta_3': 0.0009787829645089377, 'beta_4': 7.67365316009722, 'beta_5': 33.991696256049885, 'beta_6': 0.04001797391525213, 'beta_7': 0.015569216809700815, 'beta_8': 3.908896544822958e-05, 'beta_9': 7.436871336109474e-07}. Best is trial 691 with value: 6538.461030825155.
[I 2026-03-31 23:58:37,201] Trial 928 finished with value: 7406.33255600882 and parameters: {'alpha_0': 0.000536557556680427, 'alpha_1': 5.2319422006254606e-05, 'alpha_2': 4.1409377879618746e-05, 'beta_0': 0.07960702057794167, 'beta_1': 6.049453893218214, 'beta_2': 0.20165200433162658, 'beta_3': 0.001012952205282472, 'beta_4': 7.898419874343079, 'beta_5': 34.6935330090109, 'beta_6': 0.0422924119204117, 'beta_7': 0.015008400731894153, 'beta_8': 3.897319077890466e-05, 'beta_9': 7.125592486637154e-07}. Best is trial 691 with value: 6538.461030825155.
[I 2026-03-31 23:58:46,568] Trial 929 finished with value: 6565.674394614545 and parameters: {'alpha_0': 0.000541815828763795, 'alpha_1': 5.0017927522127604e-05, 'alpha_2': 4.271844911712594e-05, 'beta_0': 0.0912203513920041, 'beta_1': 6.614100388150996, 'beta_2': 0.20522173854034187, 'beta_3': 0.0009889148647975834, 'beta_4': 7.771355276425414, 'beta_5': 33.670388748443436, 'beta_6': 0.04086964102151175, 'beta_7': 0.015704743355671805, 'beta_8': 3.997957063581464e-05, 'beta_9': 7.424806072330314e-07}. Best is trial 691 with value: 6538.461030825155.
[I 2026-03-31 23:58:55,801] Trial 930 finished with value: 6993.298464007033 and parameters: {'alpha_0': 0.0005734068863388094, 'alpha_1': 5.276316378433639e-05, 'alpha_2': 4.150141792238064e-05, 'beta_0': 0.09189402758398808, 'beta_1': 6.22911512599425, 'beta_2': 0.20257068410602141, 'beta_3': 0.001000542333588196, 'beta_4': 7.697800105875497, 'beta_5': 35.47039396464042, 'beta_6': 0.04006991547463501, 'beta_7': 0.01532586059994454, 'beta_8': 3.958795480760341e-05, 'beta_9': 7.751262670800069e-07}. Best is trial 691 with value: 6538.461030825155.Best trial: 691. Best value: 6538.46:  46%|████▋     | 930/2000 [2:20:11<2:46:28,  9.33s/it]Best trial: 691. Best value: 6538.46:  46%|████▋     | 930/2000 [2:20:11<2:46:28,  9.33s/it]Best trial: 691. Best value: 6538.46:  47%|████▋     | 931/2000 [2:20:11<2:45:46,  9.30s/it]                                                                                            Best trial: 691. Best value: 6538.46:  47%|████▋     | 931/2000 [2:20:20<2:45:46,  9.30s/it]Best trial: 691. Best value: 6538.46:  47%|████▋     | 931/2000 [2:20:20<2:45:46,  9.30s/it]Best trial: 691. Best value: 6538.46:  47%|████▋     | 932/2000 [2:20:20<2:45:11,  9.28s/it]                                                                                            Best trial: 691. Best value: 6538.46:  47%|████▋     | 932/2000 [2:20:29<2:45:11,  9.28s/it]Best trial: 691. Best value: 6538.46:  47%|████▋     | 932/2000 [2:20:29<2:45:11,  9.28s/it]Best trial: 691. Best value: 6538.46:  47%|████▋     | 933/2000 [2:20:29<2:44:29,  9.25s/it]                                                                                            Best trial: 691. Best value: 6538.46:  47%|████▋     | 933/2000 [2:20:38<2:44:29,  9.25s/it]Best trial: 691. Best value: 6538.46:  47%|████▋     | 933/2000 [2:20:38<2:44:29,  9.25s/it]Best trial: 691. Best value: 6538.46:  47%|████▋     | 934/2000 [2:20:38<2:44:48,  9.28s/it]                                                                                            Best trial: 691. Best value: 6538.46:  47%|████▋     | 934/2000 [2:20:48<2:44:48,  9.28s/it]Best trial: 691. Best value: 6538.46:  47%|████▋     | 934/2000 [2:20:48<2:44:48,  9.28s/it]Best trial: 691. Best value: 6538.46:  47%|████▋     | 935/2000 [2:20:48<2:44:43,  9.28s/it]                                                                                            Best trial: 691. Best value: 6538.46:  47%|████▋     | 935/2000 [2:20:50<2:44:43,  9.28s/it]Best trial: 691. Best value: 6538.46:  47%|████▋     | 935/2000 [2:20:50<2:44:43,  9.28s/it]Best trial: 691. Best value: 6538.46:  47%|████▋     | 936/2000 [2:20:50<2:05:13,  7.06s/it]                                                                                            Best trial: 691. Best value: 6538.46:  47%|████▋     | 936/2000 [2:20:59<2:05:13,  7.06s/it]Best trial: 691. Best value: 6538.46:  47%|████▋     | 936/2000 [2:20:59<2:05:13,  7.06s/it]Best trial: 691. Best value: 6538.46:  47%|████▋     | 937/2000 [2:20:59<2:17:13,  7.75s/it]                                                                                            Best trial: 691. Best value: 6538.46:  47%|████▋     | 937/2000 [2:21:08<2:17:13,  7.75s/it]Best trial: 691. Best value: 6538.46:  47%|████▋     | 937/2000 [2:21:08<2:17:13,  7.75s/it]Best trial: 691. Best value: 6538.46:  47%|████▋     | 938/2000 [2:21:08<2:25:17,  8.21s/it]                                                                                            Best trial: 691. Best value: 6538.46:  47%|████▋     | 938/2000 [2:21:18<2:25:17,  8.21s/it]Best trial: 691. Best value: 6538.46:  47%|████▋     | 938/2000 [2:21:18<2:25:17,  8.21s/it]Best trial: 691. Best value: 6538.46:  47%|████▋     | 939/2000 [2:21:18<2:30:55,  8.53s/it]                                                                                            Best trial: 691. Best value: 6538.46:  47%|████▋     | 939/2000 [2:21:27<2:30:55,  8.53s/it]Best trial: 691. Best value: 6538.46:  47%|████▋     | 939/2000 [2:21:27<2:30:55,  8.53s/it]Best trial: 691. Best value: 6538.46:  47%|████▋     | 940/2000 [2:21:27<2:34:21,  8.74s/it]                                                                                            Best trial: 691. Best value: 6538.46:  47%|████▋     | 940/2000 [2:21:36<2:34:21,  8.74s/it]Best trial: 691. Best value: 6538.46:  47%|████▋     | 940/2000 [2:21:36<2:34:21,  8.74s/it]Best trial: 691. Best value: 6538.46:  47%|████▋     | 941/2000 [2:21:36<2:37:11,  8.91s/it]                                                                                            Best trial: 691. Best value: 6538.46:  47%|████▋     | 941/2000 [2:21:45<2:37:11,  8.91s/it]Best trial: 691. Best value: 6538.46:  47%|████▋     | 941/2000 [2:21:45<2:37:11,  8.91s/it]Best trial: 691. Best value: 6538.46:  47%|████▋     | 942/2000 [2:21:45<2:39:09,  9.03s/it]                                                                                            Best trial: 691. Best value: 6538.46:  47%|████▋     | 942/2000 [2:21:55<2:39:09,  9.03s/it]Best trial: 691. Best value: 6538.46:  47%|████▋     | 942/2000 [2:21:55<2:39:09,  9.03s/it]Best trial: 691. Best value: 6538.46:  47%|████▋     | 943/2000 [2:21:55<2:40:19,  9.10s/it]                                                                                            Best trial: 691. Best value: 6538.46:  47%|████▋     | 943/2000 [2:22:04<2:40:19,  9.10s/it]Best trial: 691. Best value: 6538.46:  47%|████▋     | 943/2000 [2:22:04<2:40:19,  9.10s/it]Best trial: 691. Best value: 6538.46:  47%|████▋     | 944/2000 [2:22:04<2:41:29,  9.18s/it]                                                                                            Best trial: 691. Best value: 6538.46:  47%|████▋     | 944/2000 [2:22:13<2:41:29,  9.18s/it]Best trial: 691. Best value: 6538.46:  47%|████▋     | 944/2000 [2:22:13<2:41:29,  9.18s/it]Best trial: 691. Best value: 6538.46:  47%|████▋     | 945/2000 [2:22:13<2:41:47,  9.20s/it]                                                                                            
[I 2026-03-31 23:59:05,025] Trial 931 finished with value: 6679.789461187402 and parameters: {'alpha_0': 0.0005731015841908476, 'alpha_1': 5.001752327998145e-05, 'alpha_2': 4.00693175944796e-05, 'beta_0': 0.09517397264421598, 'beta_1': 6.5696576738121015, 'beta_2': 0.20539921592388125, 'beta_3': 0.0010243805132436193, 'beta_4': 7.7740426067908, 'beta_5': 34.00278911668318, 'beta_6': 0.04112349423120049, 'beta_7': 0.015473743797995956, 'beta_8': 3.99370577395256e-05, 'beta_9': 7.867456474718497e-07}. Best is trial 691 with value: 6538.461030825155.
[I 2026-03-31 23:59:14,205] Trial 932 finished with value: 6762.117703434371 and parameters: {'alpha_0': 0.0005396014458464883, 'alpha_1': 5.285149213759788e-05, 'alpha_2': 4.2588577289464014e-05, 'beta_0': 0.09181344746601341, 'beta_1': 6.067947146985383, 'beta_2': 0.20560870568708667, 'beta_3': 0.000995550621288003, 'beta_4': 7.753791658750159, 'beta_5': 33.43461615902554, 'beta_6': 0.04104644652343348, 'beta_7': 0.01602045284137359, 'beta_8': 3.9386524414334954e-05, 'beta_9': 7.525602635438043e-07}. Best is trial 691 with value: 6538.461030825155.
[I 2026-03-31 23:59:23,542] Trial 933 finished with value: 6598.418442681468 and parameters: {'alpha_0': 0.0005794207215079152, 'alpha_1': 5.327623921959225e-05, 'alpha_2': 4.2516322161705005e-05, 'beta_0': 0.08686240567083481, 'beta_1': 6.368754219061369, 'beta_2': 0.20488502273806045, 'beta_3': 0.0010598953006194455, 'beta_4': 6.510232928439709, 'beta_5': 34.645687464294326, 'beta_6': 0.04007138457460358, 'beta_7': 0.01570969477926237, 'beta_8': 3.999988908803884e-05, 'beta_9': 7.391877018840256e-07}. Best is trial 691 with value: 6538.461030825155.
