[I 2026-03-31 23:35:57,912] Trial 780 finished with value: 6770.879821177108 and parameters: {'alpha_0': 0.0007735752296009607, 'alpha_1': 5.336746627192297e-05, 'alpha_2': 4.159343001554084e-05, 'beta_0': 0.08948049846676111, 'beta_1': 6.545145744944422, 'beta_2': 0.21162862280803746, 'beta_3': 0.0008813595743071764, 'beta_4': 6.256831263211049, 'beta_5': 32.7225703862099, 'beta_6': 0.042835883261215464, 'beta_7': 0.01632113469564451, 'beta_8': 3.7173720031341806e-05, 'beta_9': 7.543904000412328e-07}. Best is trial 691 with value: 6538.461030825155.Best trial: 691. Best value: 6538.46:  39%|███▉      | 780/2000 [1:57:13<2:56:45,  8.69s/it]Best trial: 691. Best value: 6538.46:  39%|███▉      | 780/2000 [1:57:13<2:56:45,  8.69s/it]Best trial: 691. Best value: 6538.46:  39%|███▉      | 781/2000 [1:57:13<3:00:26,  8.88s/it]                                                                                            Best trial: 691. Best value: 6538.46:  39%|███▉      | 781/2000 [1:57:22<3:00:26,  8.88s/it]Best trial: 691. Best value: 6538.46:  39%|███▉      | 781/2000 [1:57:22<3:00:26,  8.88s/it]Best trial: 691. Best value: 6538.46:  39%|███▉      | 782/2000 [1:57:22<3:02:46,  9.00s/it]                                                                                            Best trial: 691. Best value: 6538.46:  39%|███▉      | 782/2000 [1:57:31<3:02:46,  9.00s/it]Best trial: 691. Best value: 6538.46:  39%|███▉      | 782/2000 [1:57:31<3:02:46,  9.00s/it]Best trial: 691. Best value: 6538.46:  39%|███▉      | 783/2000 [1:57:31<3:04:11,  9.08s/it]                                                                                            Best trial: 691. Best value: 6538.46:  39%|███▉      | 783/2000 [1:57:41<3:04:11,  9.08s/it]Best trial: 691. Best value: 6538.46:  39%|███▉      | 783/2000 [1:57:41<3:04:11,  9.08s/it]Best trial: 691. Best value: 6538.46:  39%|███▉      | 784/2000 [1:57:41<3:05:22,  9.15s/it]                                                                                            Best trial: 691. Best value: 6538.46:  39%|███▉      | 784/2000 [1:57:50<3:05:22,  9.15s/it]Best trial: 691. Best value: 6538.46:  39%|███▉      | 784/2000 [1:57:50<3:05:22,  9.15s/it]Best trial: 691. Best value: 6538.46:  39%|███▉      | 785/2000 [1:57:50<3:05:33,  9.16s/it]                                                                                            Best trial: 691. Best value: 6538.46:  39%|███▉      | 785/2000 [1:57:59<3:05:33,  9.16s/it]Best trial: 691. Best value: 6538.46:  39%|███▉      | 785/2000 [1:57:59<3:05:33,  9.16s/it]Best trial: 691. Best value: 6538.46:  39%|███▉      | 786/2000 [1:57:59<3:06:26,  9.21s/it]                                                                                            Best trial: 691. Best value: 6538.46:  39%|███▉      | 786/2000 [1:58:08<3:06:26,  9.21s/it]Best trial: 691. Best value: 6538.46:  39%|███▉      | 786/2000 [1:58:08<3:06:26,  9.21s/it]Best trial: 691. Best value: 6538.46:  39%|███▉      | 787/2000 [1:58:08<3:06:31,  9.23s/it]                                                                                            Best trial: 691. Best value: 6538.46:  39%|███▉      | 787/2000 [1:58:18<3:06:31,  9.23s/it]Best trial: 691. Best value: 6538.46:  39%|███▉      | 787/2000 [1:58:18<3:06:31,  9.23s/it]Best trial: 691. Best value: 6538.46:  39%|███▉      | 788/2000 [1:58:18<3:06:12,  9.22s/it]                                                                                            Best trial: 691. Best value: 6538.46:  39%|███▉      | 788/2000 [1:58:27<3:06:12,  9.22s/it]Best trial: 691. Best value: 6538.46:  39%|███▉      | 788/2000 [1:58:27<3:06:12,  9.22s/it]Best trial: 691. Best value: 6538.46:  39%|███▉      | 789/2000 [1:58:27<3:07:00,  9.27s/it]                                                                                            Best trial: 691. Best value: 6538.46:  39%|███▉      | 789/2000 [1:58:36<3:07:00,  9.27s/it]Best trial: 691. Best value: 6538.46:  39%|███▉      | 789/2000 [1:58:36<3:07:00,  9.27s/it]Best trial: 691. Best value: 6538.46:  40%|███▉      | 790/2000 [1:58:36<3:07:34,  9.30s/it]                                                                                            Best trial: 691. Best value: 6538.46:  40%|███▉      | 790/2000 [1:58:46<3:07:34,  9.30s/it]Best trial: 691. Best value: 6538.46:  40%|███▉      | 790/2000 [1:58:46<3:07:34,  9.30s/it]Best trial: 691. Best value: 6538.46:  40%|███▉      | 791/2000 [1:58:46<3:06:54,  9.28s/it]                                                                                            Best trial: 691. Best value: 6538.46:  40%|███▉      | 791/2000 [1:58:55<3:06:54,  9.28s/it]Best trial: 691. Best value: 6538.46:  40%|███▉      | 791/2000 [1:58:55<3:06:54,  9.28s/it]Best trial: 691. Best value: 6538.46:  40%|███▉      | 792/2000 [1:58:55<3:06:14,  9.25s/it]                                                                                            Best trial: 691. Best value: 6538.46:  40%|███▉      | 792/2000 [1:59:04<3:06:14,  9.25s/it]Best trial: 691. Best value: 6538.46:  40%|███▉      | 792/2000 [1:59:04<3:06:14,  9.25s/it]Best trial: 691. Best value: 6538.46:  40%|███▉      | 793/2000 [1:59:04<3:06:10,  9.26s/it]                                                                                            Best trial: 691. Best value: 6538.46:  40%|███▉      | 793/2000 [1:59:13<3:06:10,  9.26s/it]Best trial: 691. Best value: 6538.46:  40%|███▉      | 793/2000 [1:59:13<3:06:10,  9.26s/it]Best trial: 691. Best value: 6538.46:  40%|███▉      | 794/2000 [1:59:13<3:06:30,  9.28s/it]                                                                                            Best trial: 691. Best value: 6538.46:  40%|███▉      | 794/2000 [1:59:23<3:06:30,  9.28s/it]Best trial: 691. Best value: 6538.46:  40%|███▉      | 794/2000 [1:59:23<3:06:30,  9.28s/it]Best trial: 691. Best value: 6538.46:  40%|███▉      | 795/2000 [1:59:23<3:06:06,  9.27s/it]                                                                                            
[I 2026-03-31 23:36:07,202] Trial 781 finished with value: 6593.155509321334 and parameters: {'alpha_0': 0.0005036773798122755, 'alpha_1': 5.5305560560135975e-05, 'alpha_2': 4.1527681538820216e-05, 'beta_0': 0.07590270973497149, 'beta_1': 5.937663199126098, 'beta_2': 0.20917808400863958, 'beta_3': 0.0009506439867221261, 'beta_4': 6.587863580569344, 'beta_5': 33.933083446660696, 'beta_6': 0.042009099018451, 'beta_7': 0.015843491809973426, 'beta_8': 3.943985856760097e-05, 'beta_9': 7.886829289123231e-07}. Best is trial 691 with value: 6538.461030825155.
[I 2026-03-31 23:36:16,464] Trial 782 finished with value: 7197.551361376363 and parameters: {'alpha_0': 0.0005861403571190754, 'alpha_1': 5.3157543858141864e-05, 'alpha_2': 4.395624981751924e-05, 'beta_0': 0.08102221620917087, 'beta_1': 6.2512281204477, 'beta_2': 0.20104773463908543, 'beta_3': 0.0008958402482812487, 'beta_4': 7.20341742800538, 'beta_5': 31.028956977708155, 'beta_6': 0.04357771724243764, 'beta_7': 0.015363778981362451, 'beta_8': 3.886028761504539e-05, 'beta_9': 5.76428562180068e-07}. Best is trial 691 with value: 6538.461030825155.
[I 2026-03-31 23:36:25,763] Trial 783 finished with value: 6691.679975509782 and parameters: {'alpha_0': 0.0007085202172645837, 'alpha_1': 5.704984762479237e-05, 'alpha_2': 4.246797212609138e-05, 'beta_0': 0.09244462822510055, 'beta_1': 6.058236948727218, 'beta_2': 0.2035487822241203, 'beta_3': 0.0009337815854415713, 'beta_4': 6.378715977550253, 'beta_5': 33.13650111449024, 'beta_6': 0.04214749789324308, 'beta_7': 0.015588719350576135, 'beta_8': 3.7877247426647994e-05, 'beta_9': 6.529346463710912e-07}. Best is trial 691 with value: 6538.461030825155.
[I 2026-03-31 23:36:34,964] Trial 784 finished with value: 6737.185293785731 and parameters: {'alpha_0': 0.0005052097113770438, 'alpha_1': 5.1826979953695706e-05, 'alpha_2': 4.0084507543794696e-05, 'beta_0': 0.08634067159943548, 'beta_1': 5.567363919540302, 'beta_2': 0.20758069920105301, 'beta_3': 0.0009227593947969963, 'beta_4': 6.153707696379416, 'beta_5': 31.897099199085293, 'beta_6': 0.04110183473696108, 'beta_7': 0.016097815148507937, 'beta_8': 3.947161058380736e-05, 'beta_9': 7.278274404837947e-07}. Best is trial 691 with value: 6538.461030825155.
[I 2026-03-31 23:36:44,298] Trial 785 finished with value: inf and parameters: {'alpha_0': 0.0006487448412611174, 'alpha_1': 5.4350969061245324e-05, 'alpha_2': 4.5751613103682314e-05, 'beta_0': 0.07900538489219905, 'beta_1': 6.436310672195958, 'beta_2': 0.20638792391327299, 'beta_3': 0.0009531312621045031, 'beta_4': 6.79207425839957, 'beta_5': 32.48495544022662, 'beta_6': 0.043333684529213934, 'beta_7': 0.017271938565919787, 'beta_8': 3.8658039946013025e-05, 'beta_9': 6.04270888788995e-07}. Best is trial 691 with value: 6538.461030825155.
[I 2026-03-31 23:36:53,551] Trial 786 finished with value: 6575.877820493998 and parameters: {'alpha_0': 0.0005646431338058, 'alpha_1': 5.7526679936499917e-05, 'alpha_2': 4.390656970901437e-05, 'beta_0': 0.0840623034551173, 'beta_1': 5.8246684142874585, 'beta_2': 0.21044941813082285, 'beta_3': 0.0008854568866316157, 'beta_4': 6.661991541120069, 'beta_5': 34.096612153439935, 'beta_6': 0.041883179177733806, 'beta_7': 0.015871971393929474, 'beta_8': 3.8094874193157795e-05, 'beta_9': 6.880543824987842e-07}. Best is trial 691 with value: 6538.461030825155.
[I 2026-03-31 23:37:02,751] Trial 787 finished with value: 7252.819817411224 and parameters: {'alpha_0': 0.0005508225804928381, 'alpha_1': 5.779269331588497e-05, 'alpha_2': 4.0005962892508404e-05, 'beta_0': 0.08208873365709286, 'beta_1': 5.920976584159389, 'beta_2': 0.21352220165163746, 'beta_3': 0.0008856985405407492, 'beta_4': 6.912449092198252, 'beta_5': 34.70219333601869, 'beta_6': 0.04432181938236663, 'beta_7': 0.01681951357693078, 'beta_8': 3.69472107654491e-05, 'beta_9': 7.007304357479155e-07}. Best is trial 691 with value: 6538.461030825155.
[I 2026-03-31 23:37:12,128] Trial 788 finished with value: 6838.340389770196 and parameters: {'alpha_0': 0.0005361175088953048, 'alpha_1': 5.6416980025524414e-05, 'alpha_2': 4.405945391837182e-05, 'beta_0': 0.07680322163929623, 'beta_1': 6.273131855049711, 'beta_2': 0.21945554154817368, 'beta_3': 0.0009053053365221266, 'beta_4': 6.682309832414153, 'beta_5': 34.283961191767425, 'beta_6': 0.04436880629148477, 'beta_7': 0.01642385428925527, 'beta_8': 3.737100408398918e-05, 'beta_9': 7.478280148798771e-07}. Best is trial 691 with value: 6538.461030825155.
[I 2026-03-31 23:37:21,512] Trial 789 finished with value: 6722.2774902709325 and parameters: {'alpha_0': 0.0005689018389887853, 'alpha_1': 5.676520515312139e-05, 'alpha_2': 4.5597946637270034e-05, 'beta_0': 0.08326824040128795, 'beta_1': 6.028051481580317, 'beta_2': 0.2045180743229019, 'beta_3': 0.0008731673020436205, 'beta_4': 6.744859833488167, 'beta_5': 33.831076245894494, 'beta_6': 0.04288574242399003, 'beta_7': 0.016017751889079272, 'beta_8': 3.79945990092533e-05, 'beta_9': 6.830684151938144e-07}. Best is trial 691 with value: 6538.461030825155.
[I 2026-03-31 23:37:30,728] Trial 790 finished with value: 6781.966491243006 and parameters: {'alpha_0': 0.0005807338879235544, 'alpha_1': 5.87419418506185e-05, 'alpha_2': 4.156925929043441e-05, 'beta_0': 0.0760909574553333, 'beta_1': 9.933559917401329, 'beta_2': 0.211810735001694, 'beta_3': 0.0009154092076734219, 'beta_4': 6.642214816017609, 'beta_5': 34.253947400037625, 'beta_6': 0.04239338394585651, 'beta_7': 0.016222655733456808, 'beta_8': 3.651808751314459e-05, 'beta_9': 7.275558003839992e-07}. Best is trial 691 with value: 6538.461030825155.
[I 2026-03-31 23:37:39,918] Trial 791 finished with value: 6635.884822325532 and parameters: {'alpha_0': 0.0005053715069852437, 'alpha_1': 5.54091462192738e-05, 'alpha_2': 4.366320978700538e-05, 'beta_0': 0.13327067916671725, 'beta_1': 6.616684079013861, 'beta_2': 0.20877802473271095, 'beta_3': 0.0008838078429719724, 'beta_4': 6.531831655165602, 'beta_5': 33.416769499453856, 'beta_6': 0.043453807068786224, 'beta_7': 0.015892852768583317, 'beta_8': 3.766462424976505e-05, 'beta_9': 7.82247364678899e-07}. Best is trial 691 with value: 6538.461030825155.
[I 2026-03-31 23:37:49,185] Trial 792 finished with value: inf and parameters: {'alpha_0': 0.0006126870969934962, 'alpha_1': 5.756145599692199e-05, 'alpha_2': 4.147716131464662e-05, 'beta_0': 0.07994095878075363, 'beta_1': 5.810156443475595, 'beta_2': 0.2067422897383114, 'beta_3': 0.0009106403779468272, 'beta_4': 6.806077895339425, 'beta_5': 34.58962162234371, 'beta_6': 0.0418911693617341, 'beta_7': 0.022426980037234645, 'beta_8': 3.8632615456816965e-05, 'beta_9': 7.10408223093804e-07}. Best is trial 691 with value: 6538.461030825155.
[I 2026-03-31 23:37:58,521] Trial 793 finished with value: 7147.746171135062 and parameters: {'alpha_0': 0.0005654865060441488, 'alpha_1': 5.356880456178887e-05, 'alpha_2': 6.34839665159045e-05, 'beta_0': 0.08740565193148915, 'beta_1': 6.114539904534822, 'beta_2': 0.2030958063336844, 'beta_3': 0.000935934480046999, 'beta_4': 6.657020020396674, 'beta_5': 33.840325901631964, 'beta_6': 0.044571835431562914, 'beta_7': 0.016639723965041868, 'beta_8': 3.822109106176278e-05, 'beta_9': 6.699358215315373e-07}. Best is trial 691 with value: 6538.461030825155.
[I 2026-03-31 23:38:07,760] Trial 794 finished with value: 6603.306040791647 and parameters: {'alpha_0': 0.0006248841496638501, 'alpha_1': 5.497302078526664e-05, 'alpha_2': 4.4758094027729004e-05, 'beta_0': 0.0841816772139967, 'beta_1': 6.258958261067535, 'beta_2': 0.2005225407626962, 'beta_3': 0.0008835982322303106, 'beta_4': 6.531215865030638, 'beta_5': 33.44182367860831, 'beta_6': 0.04280387367762435, 'beta_7': 0.01581184010362424, 'beta_8': 3.730154995561313e-05, 'beta_9': 7.451832767090452e-07}. Best is trial 691 with value: 6538.461030825155.
[I 2026-03-31 23:38:16,962] Trial 795 finished with value: 6768.913461950635 and parameters: {'alpha_0': 0.000502373148105548, 'alpha_1': 5.8258521420144234e-05, 'alpha_2': 4.2563756849185875e-05, 'beta_0': 0.08028546786326377, 'beta_1': 6.432757684195896, 'beta_2': 0.2098822510404526, 'beta_3': 0.0009052057645346247, 'beta_4': 7.079760836936821, 'beta_5': 34.82762856159746, 'beta_6': 0.041292188898684426, 'beta_7': 0.016198116718713986, 'beta_8': 3.81760626159747e-05, 'beta_9': 6.942969547312984e-07}. Best is trial 691 with value: 6538.461030825155.Best trial: 691. Best value: 6538.46:  40%|███▉      | 795/2000 [1:59:32<3:06:06,  9.27s/it]Best trial: 691. Best value: 6538.46:  40%|███▉      | 795/2000 [1:59:32<3:06:06,  9.27s/it]Best trial: 691. Best value: 6538.46:  40%|███▉      | 796/2000 [1:59:32<3:05:34,  9.25s/it]                                                                                            Best trial: 691. Best value: 6538.46:  40%|███▉      | 796/2000 [1:59:41<3:05:34,  9.25s/it]Best trial: 691. Best value: 6538.46:  40%|███▉      | 796/2000 [1:59:41<3:05:34,  9.25s/it]Best trial: 691. Best value: 6538.46:  40%|███▉      | 797/2000 [1:59:41<3:06:05,  9.28s/it]                                                                                            Best trial: 691. Best value: 6538.46:  40%|███▉      | 797/2000 [1:59:51<3:06:05,  9.28s/it]Best trial: 691. Best value: 6538.46:  40%|███▉      | 797/2000 [1:59:51<3:06:05,  9.28s/it]Best trial: 691. Best value: 6538.46:  40%|███▉      | 798/2000 [1:59:51<3:06:02,  9.29s/it]                                                                                            Best trial: 691. Best value: 6538.46:  40%|███▉      | 798/2000 [2:00:00<3:06:02,  9.29s/it]Best trial: 691. Best value: 6538.46:  40%|███▉      | 798/2000 [2:00:00<3:06:02,  9.29s/it]Best trial: 691. Best value: 6538.46:  40%|███▉      | 799/2000 [2:00:00<3:05:39,  9.28s/it]                                                                                            Best trial: 691. Best value: 6538.46:  40%|███▉      | 799/2000 [2:00:09<3:05:39,  9.28s/it]Best trial: 691. Best value: 6538.46:  40%|███▉      | 799/2000 [2:00:09<3:05:39,  9.28s/it]Best trial: 691. Best value: 6538.46:  40%|████      | 800/2000 [2:00:09<3:06:16,  9.31s/it]                                                                                            Best trial: 691. Best value: 6538.46:  40%|████      | 800/2000 [2:00:19<3:06:16,  9.31s/it]Best trial: 691. Best value: 6538.46:  40%|████      | 800/2000 [2:00:19<3:06:16,  9.31s/it]Best trial: 691. Best value: 6538.46:  40%|████      | 801/2000 [2:00:19<3:06:13,  9.32s/it]                                                                                            Best trial: 691. Best value: 6538.46:  40%|████      | 801/2000 [2:00:28<3:06:13,  9.32s/it]Best trial: 691. Best value: 6538.46:  40%|████      | 801/2000 [2:00:28<3:06:13,  9.32s/it]Best trial: 691. Best value: 6538.46:  40%|████      | 802/2000 [2:00:28<3:05:44,  9.30s/it]                                                                                            Best trial: 691. Best value: 6538.46:  40%|████      | 802/2000 [2:00:37<3:05:44,  9.30s/it]Best trial: 691. Best value: 6538.46:  40%|████      | 802/2000 [2:00:37<3:05:44,  9.30s/it]Best trial: 691. Best value: 6538.46:  40%|████      | 803/2000 [2:00:37<3:05:40,  9.31s/it]                                                                                            Best trial: 691. Best value: 6538.46:  40%|████      | 803/2000 [2:00:46<3:05:40,  9.31s/it]Best trial: 691. Best value: 6538.46:  40%|████      | 803/2000 [2:00:46<3:05:40,  9.31s/it]Best trial: 691. Best value: 6538.46:  40%|████      | 804/2000 [2:00:46<3:05:20,  9.30s/it]                                                                                            Best trial: 691. Best value: 6538.46:  40%|████      | 804/2000 [2:00:56<3:05:20,  9.30s/it]Best trial: 691. Best value: 6538.46:  40%|████      | 804/2000 [2:00:56<3:05:20,  9.30s/it]Best trial: 691. Best value: 6538.46:  40%|████      | 805/2000 [2:00:56<3:04:56,  9.29s/it]                                                                                            Best trial: 691. Best value: 6538.46:  40%|████      | 805/2000 [2:01:05<3:04:56,  9.29s/it]Best trial: 691. Best value: 6538.46:  40%|████      | 805/2000 [2:01:05<3:04:56,  9.29s/it]Best trial: 691. Best value: 6538.46:  40%|████      | 806/2000 [2:01:05<3:04:37,  9.28s/it]                                                                                            Best trial: 691. Best value: 6538.46:  40%|████      | 806/2000 [2:01:06<3:04:37,  9.28s/it]Best trial: 691. Best value: 6538.46:  40%|████      | 806/2000 [2:01:06<3:04:37,  9.28s/it]Best trial: 691. Best value: 6538.46:  40%|████      | 807/2000 [2:01:06<2:17:26,  6.91s/it]                                                                                            Best trial: 691. Best value: 6538.46:  40%|████      | 807/2000 [2:01:16<2:17:26,  6.91s/it]Best trial: 691. Best value: 6538.46:  40%|████      | 807/2000 [2:01:16<2:17:26,  6.91s/it]Best trial: 691. Best value: 6538.46:  40%|████      | 808/2000 [2:01:16<2:31:05,  7.60s/it]                                                                                            Best trial: 691. Best value: 6538.46:  40%|████      | 808/2000 [2:01:25<2:31:05,  7.60s/it]Best trial: 691. Best value: 6538.46:  40%|████      | 808/2000 [2:01:25<2:31:05,  7.60s/it]Best trial: 691. Best value: 6538.46:  40%|████      | 809/2000 [2:01:25<2:40:38,  8.09s/it]                                                                                            Best trial: 691. Best value: 6538.46:  40%|████      | 809/2000 [2:01:34<2:40:38,  8.09s/it]Best trial: 691. Best value: 6538.46:  40%|████      | 809/2000 [2:01:34<2:40:38,  8.09s/it]Best trial: 691. Best value: 6538.46:  40%|████      | 810/2000 [2:01:34<2:47:08,  8.43s/it]                                                                                            
[I 2026-03-31 23:38:26,322] Trial 796 finished with value: 7202.136834576784 and parameters: {'alpha_0': 0.0005959389985615783, 'alpha_1': 5.182172790994649e-05, 'alpha_2': 4.164337264848279e-05, 'beta_0': 0.07531031280919155, 'beta_1': 5.869505319190787, 'beta_2': 0.19558959232775075, 'beta_3': 0.0009583782823623615, 'beta_4': 6.951955594362037, 'beta_5': 33.08950160340424, 'beta_6': 0.041705694916555916, 'beta_7': 0.015272716452963122, 'beta_8': 3.878713376624773e-05, 'beta_9': 7.65821394759073e-07}. Best is trial 691 with value: 6538.461030825155.
[I 2026-03-31 23:38:35,622] Trial 797 finished with value: 7053.124236750526 and parameters: {'alpha_0': 0.000645293412270813, 'alpha_1': 5.499273704164019e-05, 'alpha_2': 4.569206327367292e-05, 'beta_0': 0.08599304972316697, 'beta_1': 5.57076969630736, 'beta_2': 0.2071559535645188, 'beta_3': 0.0009309723826327508, 'beta_4': 6.720980236869215, 'beta_5': 34.16158804102091, 'beta_6': 0.08178709513216662, 'beta_7': 0.015488889835456801, 'beta_8': 3.7782908716988415e-05, 'beta_9': 6.667892400309402e-07}. Best is trial 691 with value: 6538.461030825155.
[I 2026-03-31 23:38:44,870] Trial 798 finished with value: 7025.1426296312875 and parameters: {'alpha_0': 0.0005431896469165411, 'alpha_1': 5.2090960856853824e-05, 'alpha_2': 4.001464983185099e-05, 'beta_0': 0.0898692203045314, 'beta_1': 5.3240388803870085, 'beta_2': 0.21508387112470442, 'beta_3': 0.0009629564371681377, 'beta_4': 6.601354032108993, 'beta_5': 32.44364744373005, 'beta_6': 0.04353161037271833, 'beta_7': 0.016422180244031317, 'beta_8': 3.660823701814168e-05, 'beta_9': 7.208368498760305e-07}. Best is trial 691 with value: 6538.461030825155.
