[I 2026-04-01 11:03:50,556] Trial 1950 finished with value: 7056.716074722883 and parameters: {'alpha_0': 0.0006616579130296002, 'alpha_1': 5.2167006204179806e-05, 'alpha_2': 0.00010449061454751704, 'beta_0': 0.07865489493545663, 'beta_1': 6.330649551307174, 'beta_2': 0.20949033970172015, 'beta_3': 0.0011073381043245631, 'beta_4': 6.627818090570269, 'beta_5': 34.73183140196237, 'beta_6': 0.0423939715844412, 'beta_7': 0.015248601276849951, 'beta_8': 3.7727491317290474e-05, 'beta_9': 1.814213495234338e-06}. Best is trial 691 with value: 6538.461030825155.Best trial: 691. Best value: 6538.46:  98%|█████████▊| 1950/2000 [13:25:05<07:44,  9.29s/it]Best trial: 691. Best value: 6538.46:  98%|█████████▊| 1950/2000 [13:25:05<07:44,  9.29s/it]Best trial: 691. Best value: 6538.46:  98%|█████████▊| 1951/2000 [13:25:05<07:35,  9.29s/it]                                                                                            Best trial: 691. Best value: 6538.46:  98%|█████████▊| 1951/2000 [13:25:15<07:35,  9.29s/it]Best trial: 691. Best value: 6538.46:  98%|█████████▊| 1951/2000 [13:25:15<07:35,  9.29s/it]Best trial: 691. Best value: 6538.46:  98%|█████████▊| 1952/2000 [13:25:15<07:25,  9.28s/it]                                                                                            Best trial: 691. Best value: 6538.46:  98%|█████████▊| 1952/2000 [13:25:24<07:25,  9.28s/it]Best trial: 691. Best value: 6538.46:  98%|█████████▊| 1952/2000 [13:25:24<07:25,  9.28s/it]Best trial: 691. Best value: 6538.46:  98%|█████████▊| 1953/2000 [13:25:24<07:16,  9.29s/it]                                                                                            Best trial: 691. Best value: 6538.46:  98%|█████████▊| 1953/2000 [13:25:33<07:16,  9.29s/it]Best trial: 691. Best value: 6538.46:  98%|█████████▊| 1953/2000 [13:25:33<07:16,  9.29s/it]Best trial: 691. Best value: 6538.46:  98%|█████████▊| 1954/2000 [13:25:33<07:07,  9.30s/it]                                                                                            Best trial: 691. Best value: 6538.46:  98%|█████████▊| 1954/2000 [13:25:43<07:07,  9.30s/it]Best trial: 691. Best value: 6538.46:  98%|█████████▊| 1954/2000 [13:25:43<07:07,  9.30s/it]Best trial: 691. Best value: 6538.46:  98%|█████████▊| 1955/2000 [13:25:43<06:59,  9.31s/it]                                                                                            Best trial: 691. Best value: 6538.46:  98%|█████████▊| 1955/2000 [13:25:52<06:59,  9.31s/it]Best trial: 691. Best value: 6538.46:  98%|█████████▊| 1955/2000 [13:25:52<06:59,  9.31s/it]Best trial: 691. Best value: 6538.46:  98%|█████████▊| 1956/2000 [13:25:52<06:50,  9.33s/it]                                                                                            Best trial: 691. Best value: 6538.46:  98%|█████████▊| 1956/2000 [13:26:01<06:50,  9.33s/it]Best trial: 691. Best value: 6538.46:  98%|█████████▊| 1956/2000 [13:26:01<06:50,  9.33s/it]Best trial: 691. Best value: 6538.46:  98%|█████████▊| 1957/2000 [13:26:01<06:41,  9.34s/it]                                                                                            Best trial: 691. Best value: 6538.46:  98%|█████████▊| 1957/2000 [13:26:11<06:41,  9.34s/it]Best trial: 691. Best value: 6538.46:  98%|█████████▊| 1957/2000 [13:26:11<06:41,  9.34s/it]Best trial: 691. Best value: 6538.46:  98%|█████████▊| 1958/2000 [13:26:11<06:32,  9.34s/it]                                                                                            Best trial: 691. Best value: 6538.46:  98%|█████████▊| 1958/2000 [13:26:20<06:32,  9.34s/it]Best trial: 691. Best value: 6538.46:  98%|█████████▊| 1958/2000 [13:26:20<06:32,  9.34s/it]Best trial: 691. Best value: 6538.46:  98%|█████████▊| 1959/2000 [13:26:20<06:23,  9.34s/it]                                                                                            Best trial: 691. Best value: 6538.46:  98%|█████████▊| 1959/2000 [13:26:30<06:23,  9.34s/it]Best trial: 691. Best value: 6538.46:  98%|█████████▊| 1959/2000 [13:26:30<06:23,  9.34s/it]Best trial: 691. Best value: 6538.46:  98%|█████████▊| 1960/2000 [13:26:30<06:16,  9.41s/it]                                                                                            Best trial: 691. Best value: 6538.46:  98%|█████████▊| 1960/2000 [13:26:39<06:16,  9.41s/it]Best trial: 691. Best value: 6538.46:  98%|█████████▊| 1960/2000 [13:26:39<06:16,  9.41s/it]Best trial: 691. Best value: 6538.46:  98%|█████████▊| 1961/2000 [13:26:39<06:06,  9.39s/it]                                                                                            Best trial: 691. Best value: 6538.46:  98%|█████████▊| 1961/2000 [13:26:48<06:06,  9.39s/it]Best trial: 691. Best value: 6538.46:  98%|█████████▊| 1961/2000 [13:26:48<06:06,  9.39s/it]Best trial: 691. Best value: 6538.46:  98%|█████████▊| 1962/2000 [13:26:48<05:55,  9.35s/it]                                                                                            Best trial: 691. Best value: 6538.46:  98%|█████████▊| 1962/2000 [13:26:58<05:55,  9.35s/it]Best trial: 691. Best value: 6538.46:  98%|█████████▊| 1962/2000 [13:26:58<05:55,  9.35s/it]Best trial: 691. Best value: 6538.46:  98%|█████████▊| 1963/2000 [13:26:58<05:45,  9.35s/it]                                                                                            Best trial: 691. Best value: 6538.46:  98%|█████████▊| 1963/2000 [13:27:07<05:45,  9.35s/it]Best trial: 691. Best value: 6538.46:  98%|█████████▊| 1963/2000 [13:27:07<05:45,  9.35s/it]Best trial: 691. Best value: 6538.46:  98%|█████████▊| 1964/2000 [13:27:07<05:36,  9.36s/it]                                                                                            Best trial: 691. Best value: 6538.46:  98%|█████████▊| 1964/2000 [13:27:17<05:36,  9.36s/it]Best trial: 691. Best value: 6538.46:  98%|█████████▊| 1964/2000 [13:27:17<05:36,  9.36s/it]Best trial: 691. Best value: 6538.46:  98%|█████████▊| 1965/2000 [13:27:17<05:29,  9.40s/it]                                                                                            
[I 2026-04-01 11:03:59,801] Trial 1951 finished with value: 7096.303106335123 and parameters: {'alpha_0': 0.0006276826390159755, 'alpha_1': 5.1746799551037915e-05, 'alpha_2': 4.000031218694777e-05, 'beta_0': 0.10708450987517834, 'beta_1': 5.685421590266721, 'beta_2': 0.21333856011136038, 'beta_3': 0.0009880297779921625, 'beta_4': 6.858463192851158, 'beta_5': 36.16026500078888, 'beta_6': 0.04114602935680579, 'beta_7': 0.016958228786507913, 'beta_8': 3.904753497925025e-05, 'beta_9': 5.642482440213827e-07}. Best is trial 691 with value: 6538.461030825155.
[I 2026-04-01 11:04:09,118] Trial 1952 finished with value: 6725.2036437976185 and parameters: {'alpha_0': 0.000590872863657546, 'alpha_1': 5.7013288198458084e-05, 'alpha_2': 4.289388479577105e-05, 'beta_0': 0.09156018251481658, 'beta_1': 5.923328944669298, 'beta_2': 0.2045000555500994, 'beta_3': 0.0010749516752163895, 'beta_4': 6.478524042370432, 'beta_5': 47.40827939860511, 'beta_6': 0.0459817054540646, 'beta_7': 0.015828670298439616, 'beta_8': 3.8033996051527404e-05, 'beta_9': 1.4279081143405972e-06}. Best is trial 691 with value: 6538.461030825155.
[I 2026-04-01 11:04:18,441] Trial 1953 finished with value: 6633.318347526132 and parameters: {'alpha_0': 0.0006901376538367618, 'alpha_1': 5.4468101896714524e-05, 'alpha_2': 4.4737423681147886e-05, 'beta_0': 0.08498836922017947, 'beta_1': 6.476995313190344, 'beta_2': 0.20785710020294076, 'beta_3': 0.0009360822334500256, 'beta_4': 6.703162880820795, 'beta_5': 33.63174428738783, 'beta_6': 0.04357717630572458, 'beta_7': 0.01566530493481266, 'beta_8': 3.9494356599465605e-05, 'beta_9': 7.401694836829278e-07}. Best is trial 691 with value: 6538.461030825155.
[I 2026-04-01 11:04:27,788] Trial 1954 finished with value: 6803.063550060917 and parameters: {'alpha_0': 0.0005695113478514799, 'alpha_1': 5.002795971467937e-05, 'alpha_2': 0.00010191613636198085, 'beta_0': 0.07555641021755292, 'beta_1': 6.19786475124187, 'beta_2': 0.21101862290937193, 'beta_3': 0.0010359159873377832, 'beta_4': 7.731237137095226, 'beta_5': 34.21727344174045, 'beta_6': 0.040028970020267195, 'beta_7': 0.016184265469814038, 'beta_8': 3.866929281629653e-05, 'beta_9': 7.809509728958728e-07}. Best is trial 691 with value: 6538.461030825155.
[I 2026-04-01 11:04:37,167] Trial 1955 finished with value: 6828.988703402825 and parameters: {'alpha_0': 0.0006364894266539361, 'alpha_1': 5.327407639674924e-05, 'alpha_2': 0.00011178896701221792, 'beta_0': 0.09955218974025622, 'beta_1': 6.8569019040272225, 'beta_2': 0.21444075211528987, 'beta_3': 0.0010077584826297208, 'beta_4': 7.904748295098689, 'beta_5': 35.32126321987188, 'beta_6': 0.04220315576532294, 'beta_7': 0.015416584893948862, 'beta_8': 3.726924053660108e-05, 'beta_9': 6.877264373427547e-07}. Best is trial 691 with value: 6538.461030825155.
[I 2026-04-01 11:04:46,535] Trial 1956 finished with value: 6569.885776903353 and parameters: {'alpha_0': 0.0007287413069803087, 'alpha_1': 5.604789490406561e-05, 'alpha_2': 5.109599399221315e-05, 'beta_0': 0.07184249657028649, 'beta_1': 7.418724106363067, 'beta_2': 0.20012041021447602, 'beta_3': 0.0009708859578982193, 'beta_4': 6.954812039552267, 'beta_5': 32.83912814900904, 'beta_6': 0.04462797538947614, 'beta_7': 0.015748843394604167, 'beta_8': 3.84301075336501e-05, 'beta_9': 5.50751021421917e-07}. Best is trial 691 with value: 6538.461030825155.
[I 2026-04-01 11:04:55,860] Trial 1957 finished with value: 6775.751832859608 and parameters: {'alpha_0': 0.0005490897843980736, 'alpha_1': 5.182412646398243e-05, 'alpha_2': 0.00010846616614114189, 'beta_0': 0.08843185933403962, 'beta_1': 6.622877867694031, 'beta_2': 0.20655419059340757, 'beta_3': 0.0009529887826631929, 'beta_4': 6.561902075592683, 'beta_5': 34.64114425251009, 'beta_6': 0.04275992141602971, 'beta_7': 0.016108815990457936, 'beta_8': 3.941952190701447e-05, 'beta_9': 1.8615879004059747e-06}. Best is trial 691 with value: 6538.461030825155.
[I 2026-04-01 11:05:05,214] Trial 1958 finished with value: 7205.986034413184 and parameters: {'alpha_0': 0.0015042065579180027, 'alpha_1': 5.5026518987470314e-05, 'alpha_2': 4.2459200642619945e-05, 'beta_0': 0.08208900947758467, 'beta_1': 6.373952529665716, 'beta_2': 0.20921926012757106, 'beta_3': 0.0009914340207075368, 'beta_4': 5.772215589077697, 'beta_5': 35.767971474320014, 'beta_6': 0.04123712230094685, 'beta_7': 0.015289974725530899, 'beta_8': 3.627790704377529e-05, 'beta_9': 1.7610116656662656e-06}. Best is trial 691 with value: 6538.461030825155.
[I 2026-04-01 11:05:14,785] Trial 1959 finished with value: 7254.185381752594 and parameters: {'alpha_0': 0.0006718600686915126, 'alpha_1': 5.811743406767124e-05, 'alpha_2': 4.781656717624403e-05, 'beta_0': 0.09268399662309754, 'beta_1': 5.864397664744121, 'beta_2': 0.20328016908362448, 'beta_3': 0.0010162715479173964, 'beta_4': 6.749468799806439, 'beta_5': 36.89970341306154, 'beta_6': 0.04352631145481918, 'beta_7': 0.016691707610787532, 'beta_8': 3.7963721051693677e-05, 'beta_9': 1.568923382648929e-06}. Best is trial 691 with value: 6538.461030825155.
[I 2026-04-01 11:05:24,130] Trial 1960 finished with value: 6595.546990507511 and parameters: {'alpha_0': 0.0005319394048427508, 'alpha_1': 5.191867090061738e-05, 'alpha_2': 4.157686681604596e-05, 'beta_0': 0.09696040517786056, 'beta_1': 6.101901488088968, 'beta_2': 0.2120456616543913, 'beta_3': 0.0009809653637000897, 'beta_4': 6.594490178703522, 'beta_5': 33.55507064434811, 'beta_6': 0.04736980469632125, 'beta_7': 0.015713809878420568, 'beta_8': 3.899093171574626e-05, 'beta_9': 1.4778270583656848e-06}. Best is trial 691 with value: 6538.461030825155.
[I 2026-04-01 11:05:33,387] Trial 1961 finished with value: 6826.306402010308 and parameters: {'alpha_0': 0.0005830448985506822, 'alpha_1': 6.102594275750846e-05, 'alpha_2': 4.566364539491741e-05, 'beta_0': 0.10466596427917145, 'beta_1': 5.6154055434445205, 'beta_2': 0.20566034248881943, 'beta_3': 0.0009336473410762262, 'beta_4': 7.998587610446397, 'beta_5': 35.01277306446667, 'beta_6': 0.041881424462441565, 'beta_7': 0.016323392741804974, 'beta_8': 3.860484495173571e-05, 'beta_9': 6.548567037548957e-07}. Best is trial 691 with value: 6538.461030825155.
[I 2026-04-01 11:05:42,729] Trial 1962 finished with value: 6690.076123900992 and parameters: {'alpha_0': 0.0006162873690951255, 'alpha_1': 5.4025802404223414e-05, 'alpha_2': 4.3589234040472826e-05, 'beta_0': 0.07946507657925195, 'beta_1': 6.301662036743211, 'beta_2': 0.2084055758446699, 'beta_3': 0.0009296497219285155, 'beta_4': 7.0445146408053025, 'beta_5': 36.25997912759401, 'beta_6': 0.04497470830480577, 'beta_7': 0.01596570925891085, 'beta_8': 3.9506546153231856e-05, 'beta_9': 6.012598842152678e-07}. Best is trial 691 with value: 6538.461030825155.
[I 2026-04-01 11:05:52,119] Trial 1963 finished with value: 6630.961404096767 and parameters: {'alpha_0': 0.0006584245503270808, 'alpha_1': 5.001988857967505e-05, 'alpha_2': 4.134906664772611e-05, 'beta_0': 0.08646532580408496, 'beta_1': 13.894507802571887, 'beta_2': 0.2374087811849913, 'beta_3': 0.0011399163981130568, 'beta_4': 6.818289929929954, 'beta_5': 34.11328815110719, 'beta_6': 0.04088032166622997, 'beta_7': 0.015478699534969527, 'beta_8': 3.689817340590953e-05, 'beta_9': 5.760675996159038e-07}. Best is trial 691 with value: 6538.461030825155.
[I 2026-04-01 11:06:01,621] Trial 1964 finished with value: 7473.485070339251 and parameters: {'alpha_0': 0.0007582638741277419, 'alpha_1': 5.659354253635232e-05, 'alpha_2': 4.486350647286052e-05, 'beta_0': 0.09394385731199865, 'beta_1': 6.9276313732628925, 'beta_2': 0.21512374109604665, 'beta_3': 0.0010428912378386871, 'beta_4': 6.457815851430487, 'beta_5': 32.61134620590855, 'beta_6': 0.042826418107346005, 'beta_7': 0.015003097695286254, 'beta_8': 3.997045862567462e-05, 'beta_9': 7.55127100842993e-07}. Best is trial 691 with value: 6538.461030825155.
[I 2026-04-01 11:06:11,154] Trial 1965 finished with value: 6615.2903729480095 and parameters: {'alpha_0': 0.0005312050307037195, 'alpha_1': 5.342209729853348e-05, 'alpha_2': 5.273765563978751e-05, 'beta_0': 0.08866188585224807, 'beta_1': 5.136621989772395, 'beta_2': 0.2105839488666944, 'beta_3': 0.0010691660917842806, 'beta_4': 5.442668168059611, 'beta_5': 33.3248316520702, 'beta_6': 0.040002706614767174, 'beta_7': 0.015745995179977743, 'beta_8': 3.7504493598596883e-05, 'beta_9': 6.197670718678405e-07}. Best is trial 691 with value: 6538.461030825155.Best trial: 691. Best value: 6538.46:  98%|█████████▊| 1965/2000 [13:27:26<05:29,  9.40s/it]Best trial: 691. Best value: 6538.46:  98%|█████████▊| 1965/2000 [13:27:26<05:29,  9.40s/it]Best trial: 691. Best value: 6538.46:  98%|█████████▊| 1966/2000 [13:27:26<05:21,  9.44s/it]                                                                                            Best trial: 691. Best value: 6538.46:  98%|█████████▊| 1966/2000 [13:27:36<05:21,  9.44s/it]Best trial: 691. Best value: 6538.46:  98%|█████████▊| 1966/2000 [13:27:36<05:21,  9.44s/it]Best trial: 691. Best value: 6538.46:  98%|█████████▊| 1967/2000 [13:27:36<05:11,  9.44s/it]                                                                                            Best trial: 691. Best value: 6538.46:  98%|█████████▊| 1967/2000 [13:27:45<05:11,  9.44s/it]Best trial: 691. Best value: 6538.46:  98%|█████████▊| 1967/2000 [13:27:45<05:11,  9.44s/it]Best trial: 691. Best value: 6538.46:  98%|█████████▊| 1968/2000 [13:27:45<05:01,  9.43s/it]                                                                                            Best trial: 691. Best value: 6538.46:  98%|█████████▊| 1968/2000 [13:27:54<05:01,  9.43s/it]Best trial: 691. Best value: 6538.46:  98%|█████████▊| 1968/2000 [13:27:54<05:01,  9.43s/it]Best trial: 691. Best value: 6538.46:  98%|█████████▊| 1969/2000 [13:27:54<04:51,  9.40s/it]                                                                                            Best trial: 691. Best value: 6538.46:  98%|█████████▊| 1969/2000 [13:28:04<04:51,  9.40s/it]Best trial: 691. Best value: 6538.46:  98%|█████████▊| 1969/2000 [13:28:04<04:51,  9.40s/it]Best trial: 691. Best value: 6538.46:  98%|█████████▊| 1970/2000 [13:28:04<04:42,  9.41s/it]                                                                                            Best trial: 691. Best value: 6538.46:  98%|█████████▊| 1970/2000 [13:28:13<04:42,  9.41s/it]Best trial: 691. Best value: 6538.46:  98%|█████████▊| 1970/2000 [13:28:13<04:42,  9.41s/it]Best trial: 691. Best value: 6538.46:  99%|█████████▊| 1971/2000 [13:28:13<04:33,  9.45s/it]                                                                                            Best trial: 691. Best value: 6538.46:  99%|█████████▊| 1971/2000 [13:28:23<04:33,  9.45s/it]Best trial: 691. Best value: 6538.46:  99%|█████████▊| 1971/2000 [13:28:23<04:33,  9.45s/it]Best trial: 691. Best value: 6538.46:  99%|█████████▊| 1972/2000 [13:28:23<04:24,  9.44s/it]                                                                                            Best trial: 691. Best value: 6538.46:  99%|█████████▊| 1972/2000 [13:28:32<04:24,  9.44s/it]Best trial: 691. Best value: 6538.46:  99%|█████████▊| 1972/2000 [13:28:32<04:24,  9.44s/it]Best trial: 691. Best value: 6538.46:  99%|█████████▊| 1973/2000 [13:28:32<04:13,  9.40s/it]                                                                                            Best trial: 691. Best value: 6538.46:  99%|█████████▊| 1973/2000 [13:28:41<04:13,  9.40s/it]Best trial: 691. Best value: 6538.46:  99%|█████████▊| 1973/2000 [13:28:41<04:13,  9.40s/it]Best trial: 691. Best value: 6538.46:  99%|█████████▊| 1974/2000 [13:28:41<04:04,  9.40s/it]                                                                                            Best trial: 691. Best value: 6538.46:  99%|█████████▊| 1974/2000 [13:28:51<04:04,  9.40s/it]Best trial: 691. Best value: 6538.46:  99%|█████████▊| 1974/2000 [13:28:51<04:04,  9.40s/it]Best trial: 691. Best value: 6538.46:  99%|█████████▉| 1975/2000 [13:28:51<03:54,  9.37s/it]                                                                                            Best trial: 691. Best value: 6538.46:  99%|█████████▉| 1975/2000 [13:29:00<03:54,  9.37s/it]Best trial: 691. Best value: 6538.46:  99%|█████████▉| 1975/2000 [13:29:00<03:54,  9.37s/it]Best trial: 691. Best value: 6538.46:  99%|█████████▉| 1976/2000 [13:29:00<03:44,  9.33s/it]                                                                                            Best trial: 691. Best value: 6538.46:  99%|█████████▉| 1976/2000 [13:29:09<03:44,  9.33s/it]Best trial: 691. Best value: 6538.46:  99%|█████████▉| 1976/2000 [13:29:09<03:44,  9.33s/it]Best trial: 691. Best value: 6538.46:  99%|█████████▉| 1977/2000 [13:29:09<03:33,  9.30s/it]                                                                                            Best trial: 691. Best value: 6538.46:  99%|█████████▉| 1977/2000 [13:29:19<03:33,  9.30s/it]Best trial: 691. Best value: 6538.46:  99%|█████████▉| 1977/2000 [13:29:19<03:33,  9.30s/it]Best trial: 691. Best value: 6538.46:  99%|█████████▉| 1978/2000 [13:29:19<03:25,  9.33s/it]                                                                                            Best trial: 691. Best value: 6538.46:  99%|█████████▉| 1978/2000 [13:29:28<03:25,  9.33s/it]Best trial: 691. Best value: 6538.46:  99%|█████████▉| 1978/2000 [13:29:28<03:25,  9.33s/it]Best trial: 691. Best value: 6538.46:  99%|█████████▉| 1979/2000 [13:29:28<03:15,  9.31s/it]                                                                                            Best trial: 691. Best value: 6538.46:  99%|█████████▉| 1979/2000 [13:29:37<03:15,  9.31s/it]Best trial: 691. Best value: 6538.46:  99%|█████████▉| 1979/2000 [13:29:37<03:15,  9.31s/it]Best trial: 691. Best value: 6538.46:  99%|█████████▉| 1980/2000 [13:29:37<03:05,  9.29s/it]                                                                                            
[I 2026-04-01 11:06:20,577] Trial 1966 finished with value: 6878.314117604682 and parameters: {'alpha_0': 0.0006999585729525757, 'alpha_1': 5.193785488553958e-05, 'alpha_2': 4.9273687797566027e-05, 'beta_0': 0.10129840194909903, 'beta_1': 6.588287761130826, 'beta_2': 0.20518684699562342, 'beta_3': 0.0010955035361877368, 'beta_4': 6.692171121003398, 'beta_5': 34.49628920006726, 'beta_6': 0.08175946081637364, 'beta_7': 0.016048426504758517, 'beta_8': 3.905234198094792e-05, 'beta_9': 7.207454799338051e-07}. Best is trial 691 with value: 6538.461030825155.
[I 2026-04-01 11:06:29,987] Trial 1967 finished with value: 7063.282058997875 and parameters: {'alpha_0': 0.0005995864113864422, 'alpha_1': 5.436546538397115e-05, 'alpha_2': 4.644761133245536e-05, 'beta_0': 0.0837540014179566, 'beta_1': 5.883464238713181, 'beta_2': 0.218991520981451, 'beta_3': 0.0009598372451413948, 'beta_4': 5.574227819679005, 'beta_5': 35.665469274042536, 'beta_6': 0.04384689736607987, 'beta_7': 0.015439844740167618, 'beta_8': 2.7174266706838405e-05, 'beta_9': 5.309317230581374e-07}. Best is trial 691 with value: 6538.461030825155.
[I 2026-04-01 11:06:39,322] Trial 1968 finished with value: 7162.208771209454 and parameters: {'alpha_0': 0.0006373010829676755, 'alpha_1': 5.85427663272568e-05, 'alpha_2': 4.2845183806874744e-05, 'beta_0': 0.07588106052427816, 'beta_1': 6.078972953468761, 'beta_2': 0.2014257826304162, 'beta_3': 0.0010119476420294934, 'beta_4': 6.899860623107884, 'beta_5': 35.12625675593083, 'beta_6': 0.04185611791320482, 'beta_7': 0.016429744813935207, 'beta_8': 3.99889236145785e-05, 'beta_9': 5.246626980658094e-07}. Best is trial 691 with value: 6538.461030825155.
