[I 2026-04-01 10:43:23,270] Trial 1815 finished with value: 7497.900842409224 and parameters: {'alpha_0': 0.0006707161497933508, 'alpha_1': 5.366806862740588e-05, 'alpha_2': 4.3301895831187664e-05, 'beta_0': 0.0823297246234866, 'beta_1': 5.9590247811284325, 'beta_2': 0.2022530833001972, 'beta_3': 0.0009752199658139997, 'beta_4': 6.635364147611713, 'beta_5': 34.93917268069477, 'beta_6': 0.04263489689611046, 'beta_7': 0.015015034665787035, 'beta_8': 3.653047326861561e-05, 'beta_9': 1.7306900994484188e-06}. Best is trial 691 with value: 6538.461030825155.Best trial: 691. Best value: 6538.46:  91%|█████████ | 1815/2000 [13:04:38<28:35,  9.27s/it]Best trial: 691. Best value: 6538.46:  91%|█████████ | 1815/2000 [13:04:38<28:35,  9.27s/it]Best trial: 691. Best value: 6538.46:  91%|█████████ | 1816/2000 [13:04:38<28:32,  9.31s/it]                                                                                            Best trial: 691. Best value: 6538.46:  91%|█████████ | 1816/2000 [13:04:48<28:32,  9.31s/it]Best trial: 691. Best value: 6538.46:  91%|█████████ | 1816/2000 [13:04:48<28:32,  9.31s/it]Best trial: 691. Best value: 6538.46:  91%|█████████ | 1817/2000 [13:04:48<28:28,  9.34s/it]                                                                                            Best trial: 691. Best value: 6538.46:  91%|█████████ | 1817/2000 [13:04:57<28:28,  9.34s/it]Best trial: 691. Best value: 6538.46:  91%|█████████ | 1817/2000 [13:04:57<28:28,  9.34s/it]Best trial: 691. Best value: 6538.46:  91%|█████████ | 1818/2000 [13:04:57<28:14,  9.31s/it]                                                                                            Best trial: 691. Best value: 6538.46:  91%|█████████ | 1818/2000 [13:05:06<28:14,  9.31s/it]Best trial: 691. Best value: 6538.46:  91%|█████████ | 1818/2000 [13:05:06<28:14,  9.31s/it]Best trial: 691. Best value: 6538.46:  91%|█████████ | 1819/2000 [13:05:06<27:59,  9.28s/it]                                                                                            Best trial: 691. Best value: 6538.46:  91%|█████████ | 1819/2000 [13:05:15<27:59,  9.28s/it]Best trial: 691. Best value: 6538.46:  91%|█████████ | 1819/2000 [13:05:15<27:59,  9.28s/it]Best trial: 691. Best value: 6538.46:  91%|█████████ | 1820/2000 [13:05:15<27:50,  9.28s/it]                                                                                            Best trial: 691. Best value: 6538.46:  91%|█████████ | 1820/2000 [13:05:25<27:50,  9.28s/it]Best trial: 691. Best value: 6538.46:  91%|█████████ | 1820/2000 [13:05:25<27:50,  9.28s/it]Best trial: 691. Best value: 6538.46:  91%|█████████ | 1821/2000 [13:05:25<27:49,  9.33s/it]                                                                                            Best trial: 691. Best value: 6538.46:  91%|█████████ | 1821/2000 [13:05:34<27:49,  9.33s/it]Best trial: 691. Best value: 6538.46:  91%|█████████ | 1821/2000 [13:05:34<27:49,  9.33s/it]Best trial: 691. Best value: 6538.46:  91%|█████████ | 1822/2000 [13:05:34<27:38,  9.32s/it]                                                                                            Best trial: 691. Best value: 6538.46:  91%|█████████ | 1822/2000 [13:05:43<27:38,  9.32s/it]Best trial: 691. Best value: 6538.46:  91%|█████████ | 1822/2000 [13:05:43<27:38,  9.32s/it]Best trial: 691. Best value: 6538.46:  91%|█████████ | 1823/2000 [13:05:43<27:26,  9.30s/it]                                                                                            Best trial: 691. Best value: 6538.46:  91%|█████████ | 1823/2000 [13:05:53<27:26,  9.30s/it]Best trial: 691. Best value: 6538.46:  91%|█████████ | 1823/2000 [13:05:53<27:26,  9.30s/it]Best trial: 691. Best value: 6538.46:  91%|█████████ | 1824/2000 [13:05:53<27:14,  9.29s/it]                                                                                            Best trial: 691. Best value: 6538.46:  91%|█████████ | 1824/2000 [13:06:02<27:14,  9.29s/it]Best trial: 691. Best value: 6538.46:  91%|█████████ | 1824/2000 [13:06:02<27:14,  9.29s/it]Best trial: 691. Best value: 6538.46:  91%|█████████▏| 1825/2000 [13:06:02<27:12,  9.33s/it]                                                                                            Best trial: 691. Best value: 6538.46:  91%|█████████▏| 1825/2000 [13:06:11<27:12,  9.33s/it]Best trial: 691. Best value: 6538.46:  91%|█████████▏| 1825/2000 [13:06:11<27:12,  9.33s/it]Best trial: 691. Best value: 6538.46:  91%|█████████▏| 1826/2000 [13:06:11<26:58,  9.30s/it]                                                                                            Best trial: 691. Best value: 6538.46:  91%|█████████▏| 1826/2000 [13:06:20<26:58,  9.30s/it]Best trial: 691. Best value: 6538.46:  91%|█████████▏| 1826/2000 [13:06:20<26:58,  9.30s/it]Best trial: 691. Best value: 6538.46:  91%|█████████▏| 1827/2000 [13:06:20<26:44,  9.27s/it]                                                                                            Best trial: 691. Best value: 6538.46:  91%|█████████▏| 1827/2000 [13:06:30<26:44,  9.27s/it]Best trial: 691. Best value: 6538.46:  91%|█████████▏| 1827/2000 [13:06:30<26:44,  9.27s/it]Best trial: 691. Best value: 6538.46:  91%|█████████▏| 1828/2000 [13:06:30<26:37,  9.29s/it]                                                                                            Best trial: 691. Best value: 6538.46:  91%|█████████▏| 1828/2000 [13:06:39<26:37,  9.29s/it]Best trial: 691. Best value: 6538.46:  91%|█████████▏| 1828/2000 [13:06:39<26:37,  9.29s/it]Best trial: 691. Best value: 6538.46:  91%|█████████▏| 1829/2000 [13:06:39<26:24,  9.27s/it]                                                                                            Best trial: 691. Best value: 6538.46:  91%|█████████▏| 1829/2000 [13:06:48<26:24,  9.27s/it]Best trial: 691. Best value: 6538.46:  91%|█████████▏| 1829/2000 [13:06:48<26:24,  9.27s/it]Best trial: 691. Best value: 6538.46:  92%|█████████▏| 1830/2000 [13:06:48<26:22,  9.31s/it]                                                                                            
[I 2026-04-01 10:43:32,670] Trial 1816 finished with value: 6697.287043335779 and parameters: {'alpha_0': 0.0006306251408021601, 'alpha_1': 5.167772280863914e-05, 'alpha_2': 9.426629234157019e-05, 'beta_0': 0.08906429783548629, 'beta_1': 6.320171494716628, 'beta_2': 0.20497147262852405, 'beta_3': 0.000997798552730517, 'beta_4': 5.302866009638594, 'beta_5': 31.942175096585654, 'beta_6': 0.04196484566752517, 'beta_7': 0.015956479737376537, 'beta_8': 3.777804724798286e-05, 'beta_9': 1.608678206446672e-06}. Best is trial 691 with value: 6538.461030825155.
[I 2026-04-01 10:43:41,931] Trial 1817 finished with value: 6584.194484668544 and parameters: {'alpha_0': 0.0007474666245206984, 'alpha_1': 5.727160854922839e-05, 'alpha_2': 4.161312845393756e-05, 'beta_0': 0.09675505981600228, 'beta_1': 6.087780012455464, 'beta_2': 0.24539057622421898, 'beta_3': 0.0011699433660109226, 'beta_4': 7.236645516580706, 'beta_5': 35.365065745676816, 'beta_6': 0.04134639279118711, 'beta_7': 0.015505060478248308, 'beta_8': 3.9986944353999716e-05, 'beta_9': 1.6210515044025798e-06}. Best is trial 691 with value: 6538.461030825155.
[I 2026-04-01 10:43:51,122] Trial 1818 finished with value: 6788.557083116797 and parameters: {'alpha_0': 0.0006935314846822074, 'alpha_1': 5.333213516171401e-05, 'alpha_2': 0.00010159213544779831, 'beta_0': 0.10358886404537883, 'beta_1': 5.640654470822201, 'beta_2': 0.2097488609202086, 'beta_3': 0.0009489353373280951, 'beta_4': 6.717408997686432, 'beta_5': 36.51485073757317, 'beta_6': 0.04319022266929738, 'beta_7': 0.016256998561003613, 'beta_8': 3.818416501567557e-05, 'beta_9': 1.417136869104965e-06}. Best is trial 691 with value: 6538.461030825155.
[I 2026-04-01 10:44:00,409] Trial 1819 finished with value: 6584.679315974072 and parameters: {'alpha_0': 0.0006241891019939701, 'alpha_1': 5.415710339314396e-05, 'alpha_2': 4.363230824539556e-05, 'beta_0': 0.0849377306062649, 'beta_1': 6.346872800580204, 'beta_2': 0.21230492201928405, 'beta_3': 0.0009111393385635533, 'beta_4': 5.6073256689108995, 'beta_5': 27.94905080143934, 'beta_6': 0.0410620367846768, 'beta_7': 0.01587559497890572, 'beta_8': 3.732469926288024e-05, 'beta_9': 1.5010728070832691e-06}. Best is trial 691 with value: 6538.461030825155.
[I 2026-04-01 10:44:09,842] Trial 1820 finished with value: 7197.56360114365 and parameters: {'alpha_0': 0.0006604391026639057, 'alpha_1': 5.5632955920216734e-05, 'alpha_2': 4.00497962928458e-05, 'beta_0': 0.11159848936443728, 'beta_1': 6.111476120759847, 'beta_2': 0.207746460099799, 'beta_3': 0.0009694611954871109, 'beta_4': 6.850949002185283, 'beta_5': 34.6077638161597, 'beta_6': 0.042812896144350854, 'beta_7': 0.015264654011096545, 'beta_8': 3.818164929299065e-05, 'beta_9': 6.721738627760136e-07}. Best is trial 691 with value: 6538.461030825155.
[I 2026-04-01 10:44:19,133] Trial 1821 finished with value: 6581.782076926037 and parameters: {'alpha_0': 0.0007163098117870082, 'alpha_1': 5.185378169918432e-05, 'alpha_2': 0.00010348762145594417, 'beta_0': 0.09191657662330896, 'beta_1': 5.818809978960217, 'beta_2': 0.20471908467844735, 'beta_3': 0.0009398435135851538, 'beta_4': 6.994426697297253, 'beta_5': 35.92123838019038, 'beta_6': 0.04107901935730869, 'beta_7': 0.015750561804904934, 'beta_8': 3.698483075202314e-05, 'beta_9': 1.922938701234154e-06}. Best is trial 691 with value: 6538.461030825155.
[I 2026-04-01 10:44:28,401] Trial 1822 finished with value: 7138.995340965954 and parameters: {'alpha_0': 0.0006185235786052428, 'alpha_1': 5.166662933265857e-05, 'alpha_2': 0.00010703097778885281, 'beta_0': 0.07922329248695766, 'beta_1': 6.40941469246451, 'beta_2': 0.21070873953295136, 'beta_3': 0.000998144130315252, 'beta_4': 6.629473700602781, 'beta_5': 35.215275930109584, 'beta_6': 0.04344188475392441, 'beta_7': 0.01644780093503525, 'beta_8': 3.8444232567880664e-05, 'beta_9': 1.7342687627865066e-06}. Best is trial 691 with value: 6538.461030825155.
[I 2026-04-01 10:44:37,654] Trial 1823 finished with value: 6828.4212735816345 and parameters: {'alpha_0': 0.0006657176644474233, 'alpha_1': 5.5345121279410484e-05, 'alpha_2': 4.386403558705217e-05, 'beta_0': 0.09678478073516213, 'beta_1': 6.183438195116454, 'beta_2': 0.20093068310179318, 'beta_3': 0.0009634163092290644, 'beta_4': 7.850198407139963, 'beta_5': 34.58000290990675, 'beta_6': 0.058765920235605, 'beta_7': 0.016107883641644387, 'beta_8': 3.061569095490362e-05, 'beta_9': 1.847317019078187e-06}. Best is trial 691 with value: 6538.461030825155.
[I 2026-04-01 10:44:47,088] Trial 1824 finished with value: 7502.556070423222 and parameters: {'alpha_0': 0.0007456693089081322, 'alpha_1': 5.7548135649147885e-05, 'alpha_2': 4.156490873710208e-05, 'beta_0': 0.08898902093003921, 'beta_1': 5.925367416157299, 'beta_2': 0.20901264085774, 'beta_3': 0.0005363379511747002, 'beta_4': 6.733618842970644, 'beta_5': 37.33845512267266, 'beta_6': 0.0804467727711493, 'beta_7': 0.015581366796097972, 'beta_8': 3.784350184553188e-05, 'beta_9': 1.840109724164825e-06}. Best is trial 691 with value: 6538.461030825155.
[I 2026-04-01 10:44:56,317] Trial 1825 finished with value: 6689.3722294200725 and parameters: {'alpha_0': 0.0006026035137213052, 'alpha_1': 9.822936521878447e-05, 'alpha_2': 4.27342883757384e-05, 'beta_0': 0.07593524931525114, 'beta_1': 5.672044713121538, 'beta_2': 0.24297273666161318, 'beta_3': 0.0012327165613201436, 'beta_4': 6.604352101751279, 'beta_5': 35.59488276176094, 'beta_6': 0.04199388706171717, 'beta_7': 0.015430749769523779, 'beta_8': 3.854139784695524e-05, 'beta_9': 1.5245608240552172e-06}. Best is trial 691 with value: 6538.461030825155.
[I 2026-04-01 10:45:05,523] Trial 1826 finished with value: 7181.389351923733 and parameters: {'alpha_0': 0.0006822760394472519, 'alpha_1': 5.000922997688566e-05, 'alpha_2': 0.00010879893318977449, 'beta_0': 0.08227439229874789, 'beta_1': 6.449009854240903, 'beta_2': 0.22916892380519974, 'beta_3': 0.0009180651099116223, 'beta_4': 7.6058900800869305, 'beta_5': 32.34951000785143, 'beta_6': 0.043548843689595794, 'beta_7': 0.0167428695696454, 'beta_8': 3.99955665052225e-05, 'beta_9': 1.457306235581022e-06}. Best is trial 691 with value: 6538.461030825155.
[I 2026-04-01 10:45:14,855] Trial 1827 finished with value: 6752.0533355923235 and parameters: {'alpha_0': 0.0006285039535034212, 'alpha_1': 5.353230614544624e-05, 'alpha_2': 9.682110100897502e-05, 'beta_0': 0.09954343324667163, 'beta_1': 6.230840076267603, 'beta_2': 0.20662475429060173, 'beta_3': 0.0011109359009671982, 'beta_4': 6.801020704622253, 'beta_5': 36.51113336147761, 'beta_6': 0.04205281732113678, 'beta_7': 0.015853410182733858, 'beta_8': 3.7363798855560296e-05, 'beta_9': 1.6522776668479542e-06}. Best is trial 691 with value: 6538.461030825155.
[I 2026-04-01 10:45:24,062] Trial 1828 finished with value: 6712.0085299183465 and parameters: {'alpha_0': 0.000585272071689384, 'alpha_1': 5.311967056280889e-05, 'alpha_2': 4.407076573350435e-05, 'beta_0': 0.09223175347860489, 'beta_1': 5.285042216320992, 'beta_2': 0.20300149844834856, 'beta_3': 0.000974036625500254, 'beta_4': 6.696171111308512, 'beta_5': 44.48270145888911, 'beta_6': 0.04102207913394564, 'beta_7': 0.016037451446182207, 'beta_8': 3.893528375205827e-05, 'beta_9': 1.3782804840063573e-06}. Best is trial 691 with value: 6538.461030825155.
[I 2026-04-01 10:45:33,478] Trial 1829 finished with value: 7153.992664305217 and parameters: {'alpha_0': 0.000709126636530352, 'alpha_1': 5.523339376498465e-05, 'alpha_2': 4.0013060547866117e-05, 'beta_0': 0.07391708312379935, 'beta_1': 6.016508306034332, 'beta_2': 0.21236234417347824, 'beta_3': 0.0011422485966325416, 'beta_4': 5.537646306861165, 'beta_5': 34.912285425157926, 'beta_6': 0.07632242889251557, 'beta_7': 0.015242626977251945, 'beta_8': 3.947565137721485e-05, 'beta_9': 1.6461289380902492e-06}. Best is trial 691 with value: 6538.461030825155.
[I 2026-04-01 10:45:42,799] Trial 1830 finished with value: 6595.707457862537 and parameters: {'alpha_0': 0.0006558089364182556, 'alpha_1': 5.1639452067510485e-05, 'alpha_2': 4.125918142501232e-05, 'beta_0': 0.08658954924386181, 'beta_1': 6.476562248089803, 'beta_2': 0.21338778686074206, 'beta_3': 0.0010009329142741368, 'beta_4': 7.339254238895741, 'beta_5': 34.63111998377443, 'beta_6': 0.043070311079310315, 'beta_7': 0.01564942542654743, 'beta_8': 3.644054835097308e-05, 'beta_9': 1.5812194564628009e-06}. Best is trial 691 with value: 6538.461030825155.Best trial: 691. Best value: 6538.46:  92%|█████████▏| 1830/2000 [13:06:58<26:22,  9.31s/it]Best trial: 691. Best value: 6538.46:  92%|█████████▏| 1830/2000 [13:06:58<26:22,  9.31s/it]Best trial: 691. Best value: 6538.46:  92%|█████████▏| 1831/2000 [13:06:58<26:13,  9.31s/it]                                                                                            Best trial: 691. Best value: 6538.46:  92%|█████████▏| 1831/2000 [13:07:07<26:13,  9.31s/it]Best trial: 691. Best value: 6538.46:  92%|█████████▏| 1831/2000 [13:07:07<26:13,  9.31s/it]Best trial: 691. Best value: 6538.46:  92%|█████████▏| 1832/2000 [13:07:07<26:01,  9.29s/it]                                                                                            Best trial: 691. Best value: 6538.46:  92%|█████████▏| 1832/2000 [13:07:16<26:01,  9.29s/it]Best trial: 691. Best value: 6538.46:  92%|█████████▏| 1832/2000 [13:07:16<26:01,  9.29s/it]Best trial: 691. Best value: 6538.46:  92%|█████████▏| 1833/2000 [13:07:16<25:56,  9.32s/it]                                                                                            Best trial: 691. Best value: 6538.46:  92%|█████████▏| 1833/2000 [13:07:26<25:56,  9.32s/it]Best trial: 691. Best value: 6538.46:  92%|█████████▏| 1833/2000 [13:07:26<25:56,  9.32s/it]Best trial: 691. Best value: 6538.46:  92%|█████████▏| 1834/2000 [13:07:26<25:44,  9.30s/it]                                                                                            Best trial: 691. Best value: 6538.46:  92%|█████████▏| 1834/2000 [13:07:35<25:44,  9.30s/it]Best trial: 691. Best value: 6538.46:  92%|█████████▏| 1834/2000 [13:07:35<25:44,  9.30s/it]Best trial: 691. Best value: 6538.46:  92%|█████████▏| 1835/2000 [13:07:35<25:36,  9.31s/it]                                                                                            Best trial: 691. Best value: 6538.46:  92%|█████████▏| 1835/2000 [13:07:44<25:36,  9.31s/it]Best trial: 691. Best value: 6538.46:  92%|█████████▏| 1835/2000 [13:07:44<25:36,  9.31s/it]Best trial: 691. Best value: 6538.46:  92%|█████████▏| 1836/2000 [13:07:44<25:28,  9.32s/it]                                                                                            Best trial: 691. Best value: 6538.46:  92%|█████████▏| 1836/2000 [13:07:54<25:28,  9.32s/it]Best trial: 691. Best value: 6538.46:  92%|█████████▏| 1836/2000 [13:07:54<25:28,  9.32s/it]Best trial: 691. Best value: 6538.46:  92%|█████████▏| 1837/2000 [13:07:54<25:14,  9.29s/it]                                                                                            Best trial: 691. Best value: 6538.46:  92%|█████████▏| 1837/2000 [13:08:03<25:14,  9.29s/it]Best trial: 691. Best value: 6538.46:  92%|█████████▏| 1837/2000 [13:08:03<25:14,  9.29s/it]Best trial: 691. Best value: 6538.46:  92%|█████████▏| 1838/2000 [13:08:03<25:01,  9.27s/it]                                                                                            Best trial: 691. Best value: 6538.46:  92%|█████████▏| 1838/2000 [13:08:12<25:01,  9.27s/it]Best trial: 691. Best value: 6538.46:  92%|█████████▏| 1838/2000 [13:08:12<25:01,  9.27s/it]Best trial: 691. Best value: 6538.46:  92%|█████████▏| 1839/2000 [13:08:12<24:55,  9.29s/it]                                                                                            Best trial: 691. Best value: 6538.46:  92%|█████████▏| 1839/2000 [13:08:21<24:55,  9.29s/it]Best trial: 691. Best value: 6538.46:  92%|█████████▏| 1839/2000 [13:08:21<24:55,  9.29s/it]Best trial: 691. Best value: 6538.46:  92%|█████████▏| 1840/2000 [13:08:21<24:45,  9.29s/it]                                                                                            Best trial: 691. Best value: 6538.46:  92%|█████████▏| 1840/2000 [13:08:31<24:45,  9.29s/it]Best trial: 691. Best value: 6538.46:  92%|█████████▏| 1840/2000 [13:08:31<24:45,  9.29s/it]Best trial: 691. Best value: 6538.46:  92%|█████████▏| 1841/2000 [13:08:31<24:38,  9.30s/it]                                                                                            Best trial: 691. Best value: 6538.46:  92%|█████████▏| 1841/2000 [13:08:40<24:38,  9.30s/it]Best trial: 691. Best value: 6538.46:  92%|█████████▏| 1841/2000 [13:08:40<24:38,  9.30s/it]Best trial: 691. Best value: 6538.46:  92%|█████████▏| 1842/2000 [13:08:40<24:33,  9.33s/it]                                                                                            Best trial: 691. Best value: 6538.46:  92%|█████████▏| 1842/2000 [13:08:49<24:33,  9.33s/it]Best trial: 691. Best value: 6538.46:  92%|█████████▏| 1842/2000 [13:08:49<24:33,  9.33s/it]Best trial: 691. Best value: 6538.46:  92%|█████████▏| 1843/2000 [13:08:49<24:20,  9.30s/it]                                                                                            Best trial: 691. Best value: 6538.46:  92%|█████████▏| 1843/2000 [13:08:59<24:20,  9.30s/it]Best trial: 691. Best value: 6538.46:  92%|█████████▏| 1843/2000 [13:08:59<24:20,  9.30s/it]Best trial: 691. Best value: 6538.46:  92%|█████████▏| 1844/2000 [13:08:59<24:16,  9.34s/it]                                                                                            Best trial: 691. Best value: 6538.46:  92%|█████████▏| 1844/2000 [13:09:08<24:16,  9.34s/it]Best trial: 691. Best value: 6538.46:  92%|█████████▏| 1844/2000 [13:09:08<24:16,  9.34s/it]Best trial: 691. Best value: 6538.46:  92%|█████████▏| 1845/2000 [13:09:08<24:12,  9.37s/it]                                                                                            
[I 2026-04-01 10:45:52,046] Trial 1831 finished with value: inf and parameters: {'alpha_0': 0.0006037300485822804, 'alpha_1': 5.6809184182076143e-05, 'alpha_2': 4.2532176551154507e-05, 'beta_0': 0.09427430768445541, 'beta_1': 5.813685121421036, 'beta_2': 0.20918300461449632, 'beta_3': 0.0009390183440572545, 'beta_4': 6.918126341977912, 'beta_5': 35.68171610659511, 'beta_6': 0.04428087307361089, 'beta_7': 0.01727439084906702, 'beta_8': 3.828095901958567e-05, 'beta_9': 1.676221602594188e-06}. Best is trial 691 with value: 6538.461030825155.
[I 2026-04-01 10:46:01,436] Trial 1832 finished with value: 7436.734842258806 and parameters: {'alpha_0': 0.0007019404288102428, 'alpha_1': 5.336175200476499e-05, 'alpha_2': 4.3894772259215645e-05, 'beta_0': 0.10381135461421077, 'beta_1': 6.2842193593397315, 'beta_2': 0.20575700297819435, 'beta_3': 0.000980575074461842, 'beta_4': 7.090311764532225, 'beta_5': 31.779936472327396, 'beta_6': 0.041120140061434725, 'beta_7': 0.015004864680291871, 'beta_8': 3.880305048653614e-05, 'beta_9': 1.7871886304379692e-06}. Best is trial 691 with value: 6538.461030825155.
[I 2026-04-01 10:46:10,693] Trial 1833 finished with value: 6794.23000564451 and parameters: {'alpha_0': 0.0007465402734125844, 'alpha_1': 5.172416861429465e-05, 'alpha_2': 4.004903720537616e-05, 'beta_0': 0.07890626466580887, 'beta_1': 6.130026625933297, 'beta_2': 0.20361989403889685, 'beta_3': 0.0009550168434302282, 'beta_4': 6.810912710797235, 'beta_5': 32.8909025769655, 'beta_6': 0.040006341924700026, 'beta_7': 0.016259489280944034, 'beta_8': 3.770337833621061e-05, 'beta_9': 1.8029051380284706e-06}. Best is trial 691 with value: 6538.461030825155.
