[I 2026-04-01 10:36:39,724] Trial 1770 finished with value: 7020.400132818605 and parameters: {'alpha_0': 0.0005834202330562468, 'alpha_1': 5.913445072770287e-05, 'alpha_2': 0.00010070801322850596, 'beta_0': 0.0775694430241339, 'beta_1': 6.320332457488822, 'beta_2': 0.21019649680452862, 'beta_3': 0.0010671597285862706, 'beta_4': 7.8675693709139995, 'beta_5': 32.0769025889954, 'beta_6': 0.04240660796453589, 'beta_7': 0.016307931439117206, 'beta_8': 3.9507289448852744e-05, 'beta_9': 6.677037250649319e-07}. Best is trial 691 with value: 6538.461030825155.Best trial: 691. Best value: 6538.46:  88%|████████▊ | 1770/2000 [12:57:55<36:10,  9.44s/it]Best trial: 691. Best value: 6538.46:  88%|████████▊ | 1770/2000 [12:57:55<36:10,  9.44s/it]Best trial: 691. Best value: 6538.46:  89%|████████▊ | 1771/2000 [12:57:55<35:57,  9.42s/it]                                                                                            Best trial: 691. Best value: 6538.46:  89%|████████▊ | 1771/2000 [12:58:04<35:57,  9.42s/it]Best trial: 691. Best value: 6538.46:  89%|████████▊ | 1771/2000 [12:58:04<35:57,  9.42s/it]Best trial: 691. Best value: 6538.46:  89%|████████▊ | 1772/2000 [12:58:04<35:42,  9.40s/it]                                                                                            Best trial: 691. Best value: 6538.46:  89%|████████▊ | 1772/2000 [12:58:13<35:42,  9.40s/it]Best trial: 691. Best value: 6538.46:  89%|████████▊ | 1772/2000 [12:58:13<35:42,  9.40s/it]Best trial: 691. Best value: 6538.46:  89%|████████▊ | 1773/2000 [12:58:13<35:36,  9.41s/it]                                                                                            Best trial: 691. Best value: 6538.46:  89%|████████▊ | 1773/2000 [12:58:23<35:36,  9.41s/it]Best trial: 691. Best value: 6538.46:  89%|████████▊ | 1773/2000 [12:58:23<35:36,  9.41s/it]Best trial: 691. Best value: 6538.46:  89%|████████▊ | 1774/2000 [12:58:23<35:24,  9.40s/it]                                                                                            Best trial: 691. Best value: 6538.46:  89%|████████▊ | 1774/2000 [12:58:32<35:24,  9.40s/it]Best trial: 691. Best value: 6538.46:  89%|████████▊ | 1774/2000 [12:58:32<35:24,  9.40s/it]Best trial: 691. Best value: 6538.46:  89%|████████▉ | 1775/2000 [12:58:32<35:08,  9.37s/it]                                                                                            Best trial: 691. Best value: 6538.46:  89%|████████▉ | 1775/2000 [12:58:41<35:08,  9.37s/it]Best trial: 691. Best value: 6538.46:  89%|████████▉ | 1775/2000 [12:58:41<35:08,  9.37s/it]Best trial: 691. Best value: 6538.46:  89%|████████▉ | 1776/2000 [12:58:41<34:47,  9.32s/it]                                                                                            Best trial: 691. Best value: 6538.46:  89%|████████▉ | 1776/2000 [12:58:51<34:47,  9.32s/it]Best trial: 691. Best value: 6538.46:  89%|████████▉ | 1776/2000 [12:58:51<34:47,  9.32s/it]Best trial: 691. Best value: 6538.46:  89%|████████▉ | 1777/2000 [12:58:51<34:42,  9.34s/it]                                                                                            Best trial: 691. Best value: 6538.46:  89%|████████▉ | 1777/2000 [12:59:00<34:42,  9.34s/it]Best trial: 691. Best value: 6538.46:  89%|████████▉ | 1777/2000 [12:59:00<34:42,  9.34s/it]Best trial: 691. Best value: 6538.46:  89%|████████▉ | 1778/2000 [12:59:00<34:32,  9.34s/it]                                                                                            Best trial: 691. Best value: 6538.46:  89%|████████▉ | 1778/2000 [12:59:09<34:32,  9.34s/it]Best trial: 691. Best value: 6538.46:  89%|████████▉ | 1778/2000 [12:59:09<34:32,  9.34s/it]Best trial: 691. Best value: 6538.46:  89%|████████▉ | 1779/2000 [12:59:09<34:20,  9.33s/it]                                                                                            Best trial: 691. Best value: 6538.46:  89%|████████▉ | 1779/2000 [12:59:19<34:20,  9.33s/it]Best trial: 691. Best value: 6538.46:  89%|████████▉ | 1779/2000 [12:59:19<34:20,  9.33s/it]Best trial: 691. Best value: 6538.46:  89%|████████▉ | 1780/2000 [12:59:19<34:14,  9.34s/it]                                                                                            Best trial: 691. Best value: 6538.46:  89%|████████▉ | 1780/2000 [12:59:28<34:14,  9.34s/it]Best trial: 691. Best value: 6538.46:  89%|████████▉ | 1780/2000 [12:59:28<34:14,  9.34s/it]Best trial: 691. Best value: 6538.46:  89%|████████▉ | 1781/2000 [12:59:28<34:03,  9.33s/it]                                                                                            Best trial: 691. Best value: 6538.46:  89%|████████▉ | 1781/2000 [12:59:37<34:03,  9.33s/it]Best trial: 691. Best value: 6538.46:  89%|████████▉ | 1781/2000 [12:59:37<34:03,  9.33s/it]Best trial: 691. Best value: 6538.46:  89%|████████▉ | 1782/2000 [12:59:37<34:02,  9.37s/it]                                                                                            Best trial: 691. Best value: 6538.46:  89%|████████▉ | 1782/2000 [12:59:39<34:02,  9.37s/it]Best trial: 691. Best value: 6538.46:  89%|████████▉ | 1782/2000 [12:59:39<34:02,  9.37s/it]Best trial: 691. Best value: 6538.46:  89%|████████▉ | 1783/2000 [12:59:39<25:48,  7.13s/it]                                                                                            Best trial: 691. Best value: 6538.46:  89%|████████▉ | 1783/2000 [12:59:49<25:48,  7.13s/it]Best trial: 691. Best value: 6538.46:  89%|████████▉ | 1783/2000 [12:59:49<25:48,  7.13s/it]Best trial: 691. Best value: 6538.46:  89%|████████▉ | 1784/2000 [12:59:49<27:59,  7.78s/it]                                                                                            Best trial: 691. Best value: 6538.46:  89%|████████▉ | 1784/2000 [12:59:58<27:59,  7.78s/it]Best trial: 691. Best value: 6538.46:  89%|████████▉ | 1784/2000 [12:59:58<27:59,  7.78s/it]Best trial: 691. Best value: 6538.46:  89%|████████▉ | 1785/2000 [12:59:58<29:36,  8.26s/it]                                                                                            
[I 2026-04-01 10:36:49,062] Trial 1771 finished with value: 6611.667159827579 and parameters: {'alpha_0': 0.0006803276270145306, 'alpha_1': 5.182197077824772e-05, 'alpha_2': 4.227346156035278e-05, 'beta_0': 0.08824102420359063, 'beta_1': 5.505886668810126, 'beta_2': 0.2084310048909805, 'beta_3': 0.0009985089311887315, 'beta_4': 7.617546018398015, 'beta_5': 35.155232876657024, 'beta_6': 0.040959564459343414, 'beta_7': 0.015598835134645448, 'beta_8': 3.7941015877696e-05, 'beta_9': 5.531258930547727e-07}. Best is trial 691 with value: 6538.461030825155.
[I 2026-04-01 10:36:58,506] Trial 1772 finished with value: 6710.121535899378 and parameters: {'alpha_0': 0.000670972826645916, 'alpha_1': 5.621156245956121e-05, 'alpha_2': 4.466608720934943e-05, 'beta_0': 0.09412710770068514, 'beta_1': 7.526993741983237, 'beta_2': 0.2111389808047153, 'beta_3': 0.0009198316802018144, 'beta_4': 7.17405367401922, 'beta_5': 34.06612035680101, 'beta_6': 0.042896205361221976, 'beta_7': 0.015998239612265343, 'beta_8': 3.888986457117291e-05, 'beta_9': 6.000247695346657e-07}. Best is trial 691 with value: 6538.461030825155.
[I 2026-04-01 10:37:07,886] Trial 1773 finished with value: 6763.966726378012 and parameters: {'alpha_0': 0.0006011215780608812, 'alpha_1': 5.3000396841630846e-05, 'alpha_2': 4.79446962902464e-05, 'beta_0': 0.07984727984966698, 'beta_1': 6.850862842407125, 'beta_2': 0.20599801589500152, 'beta_3': 0.0013357522219938573, 'beta_4': 6.8376556171995135, 'beta_5': 33.18244081794381, 'beta_6': 0.0450125624195588, 'beta_7': 0.01565083090212434, 'beta_8': 3.692300144218652e-05, 'beta_9': 6.356014597693285e-07}. Best is trial 691 with value: 6538.461030825155.
[I 2026-04-01 10:37:17,184] Trial 1774 finished with value: 7108.445400119403 and parameters: {'alpha_0': 0.0005010758107489566, 'alpha_1': 5.479979359105386e-05, 'alpha_2': 9.836589323549777e-05, 'beta_0': 0.08606792112899363, 'beta_1': 5.788338078776268, 'beta_2': 0.2001420759715473, 'beta_3': 0.0010252423416049466, 'beta_4': 6.700841190204032, 'beta_5': 34.31919151298679, 'beta_6': 0.04103825471426786, 'beta_7': 0.015279441526811838, 'beta_8': 3.825641644083981e-05, 'beta_9': 5.538753930963279e-07}. Best is trial 691 with value: 6538.461030825155.
[I 2026-04-01 10:37:26,380] Trial 1775 finished with value: 7087.473685700572 and parameters: {'alpha_0': 0.0005610666031082786, 'alpha_1': 5.739851119765215e-05, 'alpha_2': 4.224576651428991e-05, 'beta_0': 0.0981859994653409, 'beta_1': 6.087496266716961, 'beta_2': 0.2356884583857855, 'beta_3': 0.000975089335228839, 'beta_4': 5.430743419933938, 'beta_5': 32.54447405698504, 'beta_6': 0.0437467357793623, 'beta_7': 0.01654902727619206, 'beta_8': 3.947550530994896e-05, 'beta_9': 1.2561531360235308e-06}. Best is trial 691 with value: 6538.461030825155.
[I 2026-04-01 10:37:35,768] Trial 1776 finished with value: 6669.344384275083 and parameters: {'alpha_0': 0.0006320147726107394, 'alpha_1': 5.163326632414304e-05, 'alpha_2': 4.5889236189834076e-05, 'beta_0': 0.0927969430777647, 'beta_1': 6.503790743899445, 'beta_2': 0.20303563728977814, 'beta_3': 0.000953097438028641, 'beta_4': 6.66098674766119, 'beta_5': 34.887416784325865, 'beta_6': 0.04800113606398015, 'beta_7': 0.015865786764333555, 'beta_8': 3.997987511399495e-05, 'beta_9': 5.904660805369672e-07}. Best is trial 691 with value: 6538.461030825155.
[I 2026-04-01 10:37:45,101] Trial 1777 finished with value: 7001.526840627783 and parameters: {'alpha_0': 0.000540645569317045, 'alpha_1': 5.005425646028618e-05, 'alpha_2': 7.551433011954667e-05, 'beta_0': 0.08291231716368917, 'beta_1': 7.180719831200197, 'beta_2': 0.21318761880278952, 'beta_3': 0.0011844923066546657, 'beta_4': 6.850767010233443, 'beta_5': 33.88722941558252, 'beta_6': 0.041950305657157454, 'beta_7': 0.01617043822103839, 'beta_8': 3.74669964331229e-05, 'beta_9': 6.649884392013384e-07}. Best is trial 691 with value: 6538.461030825155.
[I 2026-04-01 10:37:54,398] Trial 1778 finished with value: 6562.297503193957 and parameters: {'alpha_0': 0.000668571945475487, 'alpha_1': 5.319857427923946e-05, 'alpha_2': 4.0017856248250376e-05, 'beta_0': 0.07624975539319494, 'beta_1': 6.218884885854902, 'beta_2': 0.208362712184808, 'beta_3': 0.001089915417155324, 'beta_4': 6.747206076243831, 'beta_5': 35.331056798497734, 'beta_6': 0.04006858437604903, 'beta_7': 0.01568074379461189, 'beta_8': 3.999936742594971e-05, 'beta_9': 1.8363504116408189e-06}. Best is trial 691 with value: 6538.461030825155.
[I 2026-04-01 10:38:03,768] Trial 1779 finished with value: 7004.322952496971 and parameters: {'alpha_0': 0.0006638035410792718, 'alpha_1': 5.955009372052308e-05, 'alpha_2': 4.091218170784382e-05, 'beta_0': 0.07753820209617711, 'beta_1': 5.938638379235237, 'beta_2': 0.20826043440834272, 'beta_3': 0.0010862791675411748, 'beta_4': 6.866420081422087, 'beta_5': 37.162821883735084, 'beta_6': 0.0409465442577392, 'beta_7': 0.015292193504401242, 'beta_8': 3.8823805186224327e-05, 'beta_9': 1.5583247075640834e-06}. Best is trial 691 with value: 6538.461030825155.
[I 2026-04-01 10:38:13,082] Trial 1780 finished with value: 6598.357122841406 and parameters: {'alpha_0': 0.0006387679316386634, 'alpha_1': 5.7276881055264877e-05, 'alpha_2': 4.093408631894889e-05, 'beta_0': 0.08053364822458113, 'beta_1': 6.070720128270579, 'beta_2': 0.20682826094288703, 'beta_3': 0.0011336300292186935, 'beta_4': 7.03413449168441, 'beta_5': 42.21818468253666, 'beta_6': 0.040199666882936344, 'beta_7': 0.015497578722517743, 'beta_8': 3.9125494633675716e-05, 'beta_9': 7.830739081425739e-07}. Best is trial 691 with value: 6538.461030825155.
[I 2026-04-01 10:38:22,542] Trial 1781 finished with value: 6763.093679517038 and parameters: {'alpha_0': 0.0006775023531197311, 'alpha_1': 5.612711500444013e-05, 'alpha_2': 4.018985079061397e-05, 'beta_0': 0.08193419827321288, 'beta_1': 5.771650899566605, 'beta_2': 0.20852507383274194, 'beta_3': 0.0011300204304230503, 'beta_4': 6.896181951972907, 'beta_5': 36.190233263488395, 'beta_6': 0.040252010064614714, 'beta_7': 0.01601427848767656, 'beta_8': 3.815374506524611e-05, 'beta_9': 1.112832817952202e-06}. Best is trial 691 with value: 6538.461030825155.
[I 2026-04-01 10:38:24,459] Trial 1782 finished with value: inf and parameters: {'alpha_0': 0.0006058361733627976, 'alpha_1': 5.790099407290707e-05, 'alpha_2': 4.117483425511722e-05, 'beta_0': 0.07601252774851236, 'beta_1': 6.184311343545859, 'beta_2': 0.20528831912763557, 'beta_3': 0.0011564519730416572, 'beta_4': 6.7828834008323655, 'beta_5': 36.69305612571156, 'beta_6': 0.040047816184111525, 'beta_7': 0.024641383344901062, 'beta_8': 3.943448776859564e-05, 'beta_9': 1.6176461972263341e-06}. Best is trial 691 with value: 6538.461030825155.
[I 2026-04-01 10:38:33,732] Trial 1783 finished with value: 6664.697310881598 and parameters: {'alpha_0': 0.0006275145093970491, 'alpha_1': 5.504742843161283e-05, 'alpha_2': 4.1207229302255705e-05, 'beta_0': 0.08638344801480859, 'beta_1': 5.989754563618804, 'beta_2': 0.20751231458934327, 'beta_3': 0.0011049752512489017, 'beta_4': 6.776478459468443, 'beta_5': 35.8949282513206, 'beta_6': 0.04085474851374196, 'beta_7': 0.01571341877616124, 'beta_8': 3.872763321835942e-05, 'beta_9': 1.9409819443096027e-06}. Best is trial 691 with value: 6538.461030825155.
[I 2026-04-01 10:38:43,134] Trial 1784 finished with value: 7380.849494306718 and parameters: {'alpha_0': 0.0006826150013776965, 'alpha_1': 5.962741108552878e-05, 'alpha_2': 4.0060635456181266e-05, 'beta_0': 0.07882935759119167, 'beta_1': 5.810983271762641, 'beta_2': 0.2041838445404736, 'beta_3': 0.0011377001863180902, 'beta_4': 6.940441584245951, 'beta_5': 35.66799561828236, 'beta_6': 0.04101513744875421, 'beta_7': 0.015009469537175798, 'beta_8': 3.7610804468399706e-05, 'beta_9': 1.841465273220482e-06}. Best is trial 691 with value: 6538.461030825155.
[I 2026-04-01 10:38:52,564] Trial 1785 finished with value: 6793.891017897147 and parameters: {'alpha_0': 0.000584244853226157, 'alpha_1': 6.240752587953285e-05, 'alpha_2': 4.1452998005032276e-05, 'beta_0': 0.08388336796944347, 'beta_1': 6.1909058056448645, 'beta_2': 0.20620765203553923, 'beta_3': 0.0009218127483376452, 'beta_4': 6.703948217804173, 'beta_5': 36.40141896437051, 'beta_6': 0.04082475214999085, 'beta_7': 0.016334586186199564, 'beta_8': 3.943644671217771e-05, 'beta_9': 1.6692735824647125e-06}. Best is trial 691 with value: 6538.461030825155.Best trial: 691. Best value: 6538.46:  89%|████████▉ | 1785/2000 [13:00:07<29:36,  8.26s/it]Best trial: 691. Best value: 6538.46:  89%|████████▉ | 1785/2000 [13:00:08<29:36,  8.26s/it]Best trial: 691. Best value: 6538.46:  89%|████████▉ | 1786/2000 [13:00:08<30:43,  8.61s/it]                                                                                            Best trial: 691. Best value: 6538.46:  89%|████████▉ | 1786/2000 [13:00:17<30:43,  8.61s/it]Best trial: 691. Best value: 6538.46:  89%|████████▉ | 1786/2000 [13:00:17<30:43,  8.61s/it]Best trial: 691. Best value: 6538.46:  89%|████████▉ | 1787/2000 [13:00:17<31:14,  8.80s/it]                                                                                            Best trial: 691. Best value: 6538.46:  89%|████████▉ | 1787/2000 [13:00:26<31:14,  8.80s/it]Best trial: 691. Best value: 6538.46:  89%|████████▉ | 1787/2000 [13:00:26<31:14,  8.80s/it]Best trial: 691. Best value: 6538.46:  89%|████████▉ | 1788/2000 [13:00:26<31:34,  8.93s/it]                                                                                            Best trial: 691. Best value: 6538.46:  89%|████████▉ | 1788/2000 [13:00:35<31:34,  8.93s/it]Best trial: 691. Best value: 6538.46:  89%|████████▉ | 1788/2000 [13:00:35<31:34,  8.93s/it]Best trial: 691. Best value: 6538.46:  89%|████████▉ | 1789/2000 [13:00:35<31:50,  9.05s/it]                                                                                            Best trial: 691. Best value: 6538.46:  89%|████████▉ | 1789/2000 [13:00:45<31:50,  9.05s/it]Best trial: 691. Best value: 6538.46:  89%|████████▉ | 1789/2000 [13:00:45<31:50,  9.05s/it]Best trial: 691. Best value: 6538.46:  90%|████████▉ | 1790/2000 [13:00:45<31:53,  9.11s/it]                                                                                            Best trial: 691. Best value: 6538.46:  90%|████████▉ | 1790/2000 [13:00:54<31:53,  9.11s/it]Best trial: 691. Best value: 6538.46:  90%|████████▉ | 1790/2000 [13:00:54<31:53,  9.11s/it]Best trial: 691. Best value: 6538.46:  90%|████████▉ | 1791/2000 [13:00:54<31:52,  9.15s/it]                                                                                            Best trial: 691. Best value: 6538.46:  90%|████████▉ | 1791/2000 [13:01:03<31:52,  9.15s/it]Best trial: 691. Best value: 6538.46:  90%|████████▉ | 1791/2000 [13:01:03<31:52,  9.15s/it]Best trial: 691. Best value: 6538.46:  90%|████████▉ | 1792/2000 [13:01:03<31:44,  9.16s/it]                                                                                            Best trial: 691. Best value: 6538.46:  90%|████████▉ | 1792/2000 [13:01:12<31:44,  9.16s/it]Best trial: 691. Best value: 6538.46:  90%|████████▉ | 1792/2000 [13:01:12<31:44,  9.16s/it]Best trial: 691. Best value: 6538.46:  90%|████████▉ | 1793/2000 [13:01:12<31:39,  9.18s/it]                                                                                            Best trial: 691. Best value: 6538.46:  90%|████████▉ | 1793/2000 [13:01:21<31:39,  9.18s/it]Best trial: 691. Best value: 6538.46:  90%|████████▉ | 1793/2000 [13:01:21<31:39,  9.18s/it]Best trial: 691. Best value: 6538.46:  90%|████████▉ | 1794/2000 [13:01:21<31:31,  9.18s/it]                                                                                            Best trial: 691. Best value: 6538.46:  90%|████████▉ | 1794/2000 [13:01:23<31:31,  9.18s/it]Best trial: 691. Best value: 6538.46:  90%|████████▉ | 1794/2000 [13:01:23<31:31,  9.18s/it]Best trial: 691. Best value: 6538.46:  90%|████████▉ | 1795/2000 [13:01:23<23:41,  6.93s/it]                                                                                            Best trial: 691. Best value: 6538.46:  90%|████████▉ | 1795/2000 [13:01:32<23:41,  6.93s/it]Best trial: 691. Best value: 6538.46:  90%|████████▉ | 1795/2000 [13:01:32<23:41,  6.93s/it]Best trial: 691. Best value: 6538.46:  90%|████████▉ | 1796/2000 [13:01:32<25:58,  7.64s/it]                                                                                            Best trial: 691. Best value: 6538.46:  90%|████████▉ | 1796/2000 [13:01:42<25:58,  7.64s/it]Best trial: 691. Best value: 6538.46:  90%|████████▉ | 1796/2000 [13:01:42<25:58,  7.64s/it]Best trial: 691. Best value: 6538.46:  90%|████████▉ | 1797/2000 [13:01:42<27:36,  8.16s/it]                                                                                            Best trial: 691. Best value: 6538.46:  90%|████████▉ | 1797/2000 [13:01:51<27:36,  8.16s/it]Best trial: 691. Best value: 6538.46:  90%|████████▉ | 1797/2000 [13:01:51<27:36,  8.16s/it]Best trial: 691. Best value: 6538.46:  90%|████████▉ | 1798/2000 [13:01:51<28:39,  8.51s/it]                                                                                            Best trial: 691. Best value: 6538.46:  90%|████████▉ | 1798/2000 [13:02:00<28:39,  8.51s/it]Best trial: 691. Best value: 6538.46:  90%|████████▉ | 1798/2000 [13:02:00<28:39,  8.51s/it]Best trial: 691. Best value: 6538.46:  90%|████████▉ | 1799/2000 [13:02:00<29:21,  8.77s/it]                                                                                            Best trial: 691. Best value: 6538.46:  90%|████████▉ | 1799/2000 [13:02:10<29:21,  8.77s/it]Best trial: 691. Best value: 6538.46:  90%|████████▉ | 1799/2000 [13:02:10<29:21,  8.77s/it]Best trial: 691. Best value: 6538.46:  90%|█████████ | 1800/2000 [13:02:10<29:45,  8.93s/it]                                                                                            
[I 2026-04-01 10:39:01,801] Trial 1786 finished with value: 6699.4761334658815 and parameters: {'alpha_0': 0.0006529893897460015, 'alpha_1': 5.5228754069561486e-05, 'alpha_2': 4.017377291388028e-05, 'beta_0': 0.08696989526404393, 'beta_1': 5.943966893109845, 'beta_2': 0.20908085292747297, 'beta_3': 0.0011158596303738728, 'beta_4': 6.793670862499225, 'beta_5': 35.664567216918265, 'beta_6': 0.04003806565142495, 'beta_7': 0.015450176134887585, 'beta_8': 3.8481236850440424e-05, 'beta_9': 1.494924120468337e-06}. Best is trial 691 with value: 6538.461030825155.
[I 2026-04-01 10:39:11,049] Trial 1787 finished with value: 6766.577381163152 and parameters: {'alpha_0': 0.0006006856028067999, 'alpha_1': 5.677706201419742e-05, 'alpha_2': 4.002525704602709e-05, 'beta_0': 0.08135102864766365, 'beta_1': 5.6201467665148535, 'beta_2': 0.2066856240812733, 'beta_3': 0.0009420396559277972, 'beta_4': 6.893274350422202, 'beta_5': 37.19806858934838, 'beta_6': 0.040779394755530385, 'beta_7': 0.015987429659946775, 'beta_8': 3.900250808205592e-05, 'beta_9': 1.42906969687869e-06}. Best is trial 691 with value: 6538.461030825155.
[I 2026-04-01 10:39:20,375] Trial 1788 finished with value: 6558.0703133389725 and parameters: {'alpha_0': 0.0006924691802993378, 'alpha_1': 5.480073775247635e-05, 'alpha_2': 4.2235723144128805e-05, 'beta_0': 0.07646834313052384, 'beta_1': 6.152387274569744, 'beta_2': 0.20955253854522782, 'beta_3': 0.0009664110469163815, 'beta_4': 6.67439815543774, 'beta_5': 35.19341542416388, 'beta_6': 0.041660042493026045, 'beta_7': 0.015780018542723054, 'beta_8': 3.674073633497303e-05, 'beta_9': 1.5813182711385438e-06}. Best is trial 691 with value: 6538.461030825155.
