[I 2026-03-31 23:05:01,394] Trial 574 finished with value: 6622.0966914889705 and parameters: {'alpha_0': 0.0006223703824331032, 'alpha_1': 6.143318480156814e-05, 'alpha_2': 4.024574196441779e-05, 'beta_0': 0.0535456660121512, 'beta_1': 10.525032675628003, 'beta_2': 0.1603151434340961, 'beta_3': 0.0008393959697345275, 'beta_4': 6.129151339170564, 'beta_5': 32.603625056684116, 'beta_6': 0.041797839479896876, 'beta_7': 0.01595851633345369, 'beta_8': 3.614204577225329e-05, 'beta_9': 9.862791425647278e-07}. Best is trial 566 with value: 6567.25901539107.
[I 2026-03-31 23:05:10,572] Trial 575 finished with value: 6787.403017002514 and parameters: {'alpha_0': 0.0005527807842916592, 'alpha_1': 6.205553729891554e-05, 'alpha_2': 4.04731124706963e-05, 'beta_0': 0.0539711592003715, 'beta_1': 10.465696506798379, 'beta_2': 0.15938355916802155, 'beta_3': 0.000839196490646785, 'beta_4': 6.349672621947246, 'beta_5': 33.37244169736602, 'beta_6': 0.041492870791917366, 'beta_7': 0.016434062616182913, 'beta_8': 3.5622389945176706e-05, 'beta_9': 9.79976839288083e-07}. Best is trial 566 with value: 6567.25901539107.
[I 2026-03-31 23:05:19,785] Trial 576 finished with value: 6718.267931120056 and parameters: {'alpha_0': 0.0007507164839582623, 'alpha_1': 6.286228601384609e-05, 'alpha_2': 4.172367714235168e-05, 'beta_0': 0.05122342896387819, 'beta_1': 8.680962042276713, 'beta_2': 0.16419805105120888, 'beta_3': 0.0008392750461172435, 'beta_4': 6.321196998685502, 'beta_5': 32.59525286549694, 'beta_6': 0.04217753391106018, 'beta_7': 0.016110870661392985, 'beta_8': 3.603808151632175e-05, 'beta_9': 1.1099127284321098e-06}. Best is trial 566 with value: 6567.25901539107.
[I 2026-03-31 23:05:29,076] Trial 577 finished with value: 7212.278547197432 and parameters: {'alpha_0': 0.0006950741191290935, 'alpha_1': 5.881635286319397e-05, 'alpha_2': 4.024050544095517e-05, 'beta_0': 0.21874062526613763, 'beta_1': 8.826238051573068, 'beta_2': 0.16145391321636454, 'beta_3': 0.0008632899908992834, 'beta_4': 6.299583852290775, 'beta_5': 32.78014917906441, 'beta_6': 0.041266766390832085, 'beta_7': 0.0168263341516449, 'beta_8': 3.627821488377661e-05, 'beta_9': 8.791542948201083e-07}. Best is trial 566 with value: 6567.25901539107.
[I 2026-03-31 23:05:38,232] Trial 578 finished with value: 6689.275480223872 and parameters: {'alpha_0': 0.0007184636303252626, 'alpha_1': 5.736880642589302e-05, 'alpha_2': 4.273433496798936e-05, 'beta_0': 0.05057275661373545, 'beta_1': 9.862314038789279, 'beta_2': 0.1590093096510105, 'beta_3': 0.0008688106230465938, 'beta_4': 6.163158150801247, 'beta_5': 32.13218177997911, 'beta_6': 0.0650584676120879, 'beta_7': 0.015951693077915323, 'beta_8': 3.653835269280801e-05, 'beta_9': 7.038989823068837e-07}. Best is trial 566 with value: 6567.25901539107.
[I 2026-03-31 23:05:47,496] Trial 579 finished with value: 7112.131918616238 and parameters: {'alpha_0': 0.0005022819500891624, 'alpha_1': 6.420917582334843e-05, 'alpha_2': 4.036405603378386e-05, 'beta_0': 0.05629547602664202, 'beta_1': 10.181189854208515, 'beta_2': 0.15694388391629427, 'beta_3': 0.0011544119913522732, 'beta_4': 6.158338441898918, 'beta_5': 32.45444177612671, 'beta_6': 0.040080013103369, 'beta_7': 0.0162934711634391, 'beta_8': 3.8637277244141954e-05, 'beta_9': 9.475307346515884e-07}. Best is trial 566 with value: 6567.25901539107.
[I 2026-03-31 23:05:56,710] Trial 580 finished with value: 7094.33880939942 and parameters: {'alpha_0': 0.0005942735390653034, 'alpha_1': 6.0743028936128603e-05, 'alpha_2': 4.1325668110377516e-05, 'beta_0': 0.05454320403422284, 'beta_1': 6.528196846902317, 'beta_2': 0.16162180938268042, 'beta_3': 0.0008270179232837318, 'beta_4': 6.463509674645221, 'beta_5': 33.795104041847424, 'beta_6': 0.04347031539611424, 'beta_7': 0.016654796935211224, 'beta_8': 1.6092125165019182e-05, 'beta_9': 8.524395904093348e-07}. Best is trial 566 with value: 6567.25901539107.
[I 2026-03-31 23:06:05,941] Trial 581 finished with value: 6579.607092609213 and parameters: {'alpha_0': 0.0008092771779977058, 'alpha_1': 5.684543048472715e-05, 'alpha_2': 4.337031031761049e-05, 'beta_0': 0.05867268673686113, 'beta_1': 10.831906804624872, 'beta_2': 0.1617842438486761, 'beta_3': 0.0008877337005429847, 'beta_4': 6.092723016088196, 'beta_5': 33.2481925404751, 'beta_6': 0.04237572410318618, 'beta_7': 0.015880310551944138, 'beta_8': 3.6503891854207875e-05, 'beta_9': 9.051151119291009e-07}. Best is trial 566 with value: 6567.25901539107.
[I 2026-03-31 23:06:15,204] Trial 582 finished with value: 6595.74616548555 and parameters: {'alpha_0': 0.0007891391305375056, 'alpha_1': 5.662882494950199e-05, 'alpha_2': 4.0074578376705934e-05, 'beta_0': 0.058879517290551346, 'beta_1': 6.336909481729275, 'beta_2': 0.16472365569399133, 'beta_3': 0.0008860000235219812, 'beta_4': 6.067961680553088, 'beta_5': 33.390203057160264, 'beta_6': 0.0416205214955341, 'beta_7': 0.015804648266215467, 'beta_8': 3.805909352078449e-05, 'beta_9': 8.325834670045969e-07}. Best is trial 566 with value: 6567.25901539107.
[I 2026-03-31 23:06:24,470] Trial 583 finished with value: 6848.7250197305875 and parameters: {'alpha_0': 0.0007735031602734737, 'alpha_1': 0.00012728968826991078, 'alpha_2': 4.034724448769464e-05, 'beta_0': 0.05922502049924575, 'beta_1': 10.80791195304784, 'beta_2': 0.16364172559243506, 'beta_3': 0.0008954647532777413, 'beta_4': 6.0914458325345775, 'beta_5': 34.2480262362606, 'beta_6': 0.04002532295162766, 'beta_7': 0.01569018909478955, 'beta_8': 3.896179614279683e-05, 'beta_9': 7.937526478160683e-07}. Best is trial 566 with value: 6567.25901539107.
[I 2026-03-31 23:06:33,768] Trial 584 finished with value: 6893.827069832886 and parameters: {'alpha_0': 0.0008100841136605337, 'alpha_1': 5.596028534359545e-05, 'alpha_2': 4.1821689458892855e-05, 'beta_0': 0.06095732083803603, 'beta_1': 6.238268045695277, 'beta_2': 0.16072403591178233, 'beta_3': 0.0008795425648238625, 'beta_4': 6.091520288537243, 'beta_5': 33.367160996959875, 'beta_6': 0.04186574314108724, 'beta_7': 0.015594352403786602, 'beta_8': 3.8779381521715346e-05, 'beta_9': 8.274545341085797e-07}. Best is trial 566 with value: 6567.25901539107.
[I 2026-03-31 23:06:42,881] Trial 585 finished with value: 6640.985669582227 and parameters: {'alpha_0': 0.0007616824148610408, 'alpha_1': 5.370211077966678e-05, 'alpha_2': 4.2628865254211066e-05, 'beta_0': 0.05882218088060788, 'beta_1': 10.713737952211458, 'beta_2': 0.16069887181226764, 'beta_3': 0.0008838696933261977, 'beta_4': 6.238896452515476, 'beta_5': 34.122363497043416, 'beta_6': 0.04131260198579599, 'beta_7': 0.015905451421516444, 'beta_8': 3.735542268107697e-05, 'beta_9': 8.041146898421936e-07}. Best is trial 566 with value: 6567.25901539107.Best trial: 566. Best value: 6567.26:  29%|██▉       | 585/2000 [1:27:58<3:38:27,  9.26s/it]Best trial: 566. Best value: 6567.26:  29%|██▉       | 585/2000 [1:27:58<3:38:27,  9.26s/it]Best trial: 566. Best value: 6567.26:  29%|██▉       | 586/2000 [1:27:58<3:37:14,  9.22s/it]                                                                                            Best trial: 566. Best value: 6567.26:  29%|██▉       | 586/2000 [1:28:07<3:37:14,  9.22s/it]Best trial: 566. Best value: 6567.26:  29%|██▉       | 586/2000 [1:28:07<3:37:14,  9.22s/it]Best trial: 566. Best value: 6567.26:  29%|██▉       | 587/2000 [1:28:07<3:36:43,  9.20s/it]                                                                                            Best trial: 566. Best value: 6567.26:  29%|██▉       | 587/2000 [1:28:16<3:36:43,  9.20s/it]Best trial: 566. Best value: 6567.26:  29%|██▉       | 587/2000 [1:28:16<3:36:43,  9.20s/it]Best trial: 566. Best value: 6567.26:  29%|██▉       | 588/2000 [1:28:16<3:37:12,  9.23s/it]                                                                                            Best trial: 566. Best value: 6567.26:  29%|██▉       | 588/2000 [1:28:26<3:37:12,  9.23s/it]Best trial: 566. Best value: 6567.26:  29%|██▉       | 588/2000 [1:28:26<3:37:12,  9.23s/it]Best trial: 566. Best value: 6567.26:  29%|██▉       | 589/2000 [1:28:26<3:37:10,  9.24s/it]                                                                                            Best trial: 566. Best value: 6567.26:  29%|██▉       | 589/2000 [1:28:35<3:37:10,  9.24s/it]Best trial: 566. Best value: 6567.26:  29%|██▉       | 589/2000 [1:28:35<3:37:10,  9.24s/it]Best trial: 566. Best value: 6567.26:  30%|██▉       | 590/2000 [1:28:35<3:36:50,  9.23s/it]                                                                                            Best trial: 566. Best value: 6567.26:  30%|██▉       | 590/2000 [1:28:44<3:36:50,  9.23s/it]Best trial: 566. Best value: 6567.26:  30%|██▉       | 590/2000 [1:28:44<3:36:50,  9.23s/it]Best trial: 566. Best value: 6567.26:  30%|██▉       | 591/2000 [1:28:44<3:36:47,  9.23s/it]                                                                                            Best trial: 566. Best value: 6567.26:  30%|██▉       | 591/2000 [1:28:53<3:36:47,  9.23s/it]Best trial: 566. Best value: 6567.26:  30%|██▉       | 591/2000 [1:28:53<3:36:47,  9.23s/it]Best trial: 566. Best value: 6567.26:  30%|██▉       | 592/2000 [1:28:53<3:37:04,  9.25s/it]                                                                                            Best trial: 566. Best value: 6567.26:  30%|██▉       | 592/2000 [1:29:03<3:37:04,  9.25s/it]Best trial: 566. Best value: 6567.26:  30%|██▉       | 592/2000 [1:29:03<3:37:04,  9.25s/it]Best trial: 566. Best value: 6567.26:  30%|██▉       | 593/2000 [1:29:03<3:37:01,  9.25s/it]                                                                                            Best trial: 566. Best value: 6567.26:  30%|██▉       | 593/2000 [1:29:12<3:37:01,  9.25s/it]Best trial: 566. Best value: 6567.26:  30%|██▉       | 593/2000 [1:29:12<3:37:01,  9.25s/it]Best trial: 566. Best value: 6567.26:  30%|██▉       | 594/2000 [1:29:12<3:38:02,  9.30s/it]                                                                                            Best trial: 566. Best value: 6567.26:  30%|██▉       | 594/2000 [1:29:21<3:38:02,  9.30s/it]Best trial: 566. Best value: 6567.26:  30%|██▉       | 594/2000 [1:29:21<3:38:02,  9.30s/it]Best trial: 566. Best value: 6567.26:  30%|██▉       | 595/2000 [1:29:21<3:37:35,  9.29s/it]                                                                                            Best trial: 566. Best value: 6567.26:  30%|██▉       | 595/2000 [1:29:31<3:37:35,  9.29s/it]Best trial: 566. Best value: 6567.26:  30%|██▉       | 595/2000 [1:29:31<3:37:35,  9.29s/it]Best trial: 566. Best value: 6567.26:  30%|██▉       | 596/2000 [1:29:31<3:37:34,  9.30s/it]                                                                                            Best trial: 566. Best value: 6567.26:  30%|██▉       | 596/2000 [1:29:40<3:37:34,  9.30s/it]Best trial: 566. Best value: 6567.26:  30%|██▉       | 596/2000 [1:29:40<3:37:34,  9.30s/it]Best trial: 566. Best value: 6567.26:  30%|██▉       | 597/2000 [1:29:40<3:37:18,  9.29s/it]                                                                                            Best trial: 566. Best value: 6567.26:  30%|██▉       | 597/2000 [1:29:49<3:37:18,  9.29s/it]Best trial: 566. Best value: 6567.26:  30%|██▉       | 597/2000 [1:29:49<3:37:18,  9.29s/it]Best trial: 566. Best value: 6567.26:  30%|██▉       | 598/2000 [1:29:49<3:36:20,  9.26s/it]                                                                                            Best trial: 566. Best value: 6567.26:  30%|██▉       | 598/2000 [1:29:58<3:36:20,  9.26s/it]Best trial: 566. Best value: 6567.26:  30%|██▉       | 598/2000 [1:29:58<3:36:20,  9.26s/it]Best trial: 566. Best value: 6567.26:  30%|██▉       | 599/2000 [1:29:58<3:36:59,  9.29s/it]                                                                                            Best trial: 566. Best value: 6567.26:  30%|██▉       | 599/2000 [1:30:08<3:36:59,  9.29s/it]Best trial: 566. Best value: 6567.26:  30%|██▉       | 599/2000 [1:30:08<3:36:59,  9.29s/it]Best trial: 566. Best value: 6567.26:  30%|███       | 600/2000 [1:30:08<3:36:25,  9.28s/it]                                                                                            
[I 2026-03-31 23:06:52,048] Trial 586 finished with value: 6771.8713378383345 and parameters: {'alpha_0': 0.0008180527519297681, 'alpha_1': 5.6365646330843846e-05, 'alpha_2': 4.115789829681904e-05, 'beta_0': 0.06227081058120789, 'beta_1': 10.686552301714421, 'beta_2': 0.16332384772330186, 'beta_3': 0.000906962103635234, 'beta_4': 6.06532740915087, 'beta_5': 33.17043515567499, 'beta_6': 0.042081743020342836, 'beta_7': 0.016198562633396932, 'beta_8': 1.8019225581601946e-05, 'beta_9': 8.442819129566025e-07}. Best is trial 566 with value: 6567.25901539107.
[I 2026-03-31 23:07:01,340] Trial 587 finished with value: 6681.825533611238 and parameters: {'alpha_0': 0.0007347969350130045, 'alpha_1': 5.617706918440572e-05, 'alpha_2': 4.278045514858824e-05, 'beta_0': 0.058352263251568885, 'beta_1': 10.927769131946045, 'beta_2': 0.1614014642964692, 'beta_3': 0.000915670650387076, 'beta_4': 6.150327783220862, 'beta_5': 33.76848727071855, 'beta_6': 0.0414373798074593, 'beta_7': 0.015682581746811447, 'beta_8': 3.724042900351311e-05, 'beta_9': 7.434408873751043e-07}. Best is trial 566 with value: 6567.25901539107.
[I 2026-03-31 23:07:10,589] Trial 588 finished with value: 6605.854285438119 and parameters: {'alpha_0': 0.0007780638503345252, 'alpha_1': 5.3403308280896575e-05, 'alpha_2': 4.0227002598247605e-05, 'beta_0': 0.06475232262973318, 'beta_1': 10.426823919951897, 'beta_2': 0.1606053336092183, 'beta_3': 0.000858365304231214, 'beta_4': 6.0383663304002875, 'beta_5': 34.48306551744003, 'beta_6': 0.04264255801417768, 'beta_7': 0.0159144952340027, 'beta_8': 3.83207691454789e-05, 'beta_9': 8.752113588021049e-07}. Best is trial 566 with value: 6567.25901539107.
[I 2026-03-31 23:07:19,798] Trial 589 finished with value: 6836.708538488487 and parameters: {'alpha_0': 0.000806828242891551, 'alpha_1': 5.194456590422612e-05, 'alpha_2': 4.3037971740270825e-05, 'beta_0': 0.177831156933909, 'beta_1': 10.386548691906984, 'beta_2': 0.1665180665896443, 'beta_3': 0.0008728914302007053, 'beta_4': 6.013662630867483, 'beta_5': 34.60973284405995, 'beta_6': 0.04279869953677127, 'beta_7': 0.015606565590952776, 'beta_8': 3.825199106438316e-05, 'beta_9': 8.367551204386077e-07}. Best is trial 566 with value: 6567.25901539107.
[I 2026-03-31 23:07:29,039] Trial 590 finished with value: 6856.077076384772 and parameters: {'alpha_0': 0.0008248766229666584, 'alpha_1': 5.424823932748179e-05, 'alpha_2': 4.141229408070746e-05, 'beta_0': 0.06569418735712342, 'beta_1': 11.048984185716892, 'beta_2': 0.15950191171945396, 'beta_3': 0.000942024156128325, 'beta_4': 6.009113033888282, 'beta_5': 34.631634951440155, 'beta_6': 0.042872302862374104, 'beta_7': 0.01640220482884769, 'beta_8': 3.7958869253583926e-05, 'beta_9': 8.731537666736733e-07}. Best is trial 566 with value: 6567.25901539107.
[I 2026-03-31 23:07:38,334] Trial 591 finished with value: 6750.507617828995 and parameters: {'alpha_0': 0.0007672056875824123, 'alpha_1': 5.286006165713066e-05, 'alpha_2': 4.285178942781936e-05, 'beta_0': 0.06461256118093443, 'beta_1': 10.102919329244074, 'beta_2': 0.1646019598995142, 'beta_3': 0.0008963545044480699, 'beta_4': 6.307832676548855, 'beta_5': 34.33227619522863, 'beta_6': 0.0408069760909827, 'beta_7': 0.01617617962392877, 'beta_8': 3.916979925130745e-05, 'beta_9': 8.253074918901604e-07}. Best is trial 566 with value: 6567.25901539107.
[I 2026-03-31 23:07:47,599] Trial 592 finished with value: 7164.721199886935 and parameters: {'alpha_0': 0.0007891232105924332, 'alpha_1': 5.074288437528116e-05, 'alpha_2': 4.0058724163319494e-05, 'beta_0': 0.06341631693493233, 'beta_1': 10.601128399106598, 'beta_2': 0.1588589587747699, 'beta_3': 0.0008571757922611134, 'beta_4': 6.2021161337263, 'beta_5': 33.85896192669199, 'beta_6': 0.04342890567545812, 'beta_7': 0.015446563959431392, 'beta_8': 3.744515005061323e-05, 'beta_9': 8.784665068934727e-07}. Best is trial 566 with value: 6567.25901539107.
[I 2026-03-31 23:07:57,021] Trial 593 finished with value: 6583.808035899325 and parameters: {'alpha_0': 0.0008503164850246285, 'alpha_1': 5.288786301508907e-05, 'alpha_2': 4.389525311373178e-05, 'beta_0': 0.0685687836514838, 'beta_1': 6.043747194346496, 'beta_2': 0.1992418252719419, 'beta_3': 0.0008832616619104029, 'beta_4': 6.05064079004907, 'beta_5': 33.47053638729361, 'beta_6': 0.04232524041747026, 'beta_7': 0.015828722944313842, 'beta_8': 3.79792073700578e-05, 'beta_9': 8.543377353229165e-07}. Best is trial 566 with value: 6567.25901539107.
[I 2026-03-31 23:08:06,283] Trial 594 finished with value: 6638.832525918595 and parameters: {'alpha_0': 0.000850409388925556, 'alpha_1': 5.000269498333734e-05, 'alpha_2': 4.34664287452918e-05, 'beta_0': 0.06926974204781486, 'beta_1': 5.7921374853033, 'beta_2': 0.20073312883888317, 'beta_3': 0.0009212561452622401, 'beta_4': 6.0415222965606805, 'beta_5': 33.40949337282318, 'beta_6': 0.04002429338670462, 'beta_7': 0.01593194753463621, 'beta_8': 3.8432971315754425e-05, 'beta_9': 7.927358082793175e-07}. Best is trial 566 with value: 6567.25901539107.
[I 2026-03-31 23:08:15,595] Trial 595 finished with value: 7192.529923064387 and parameters: {'alpha_0': 0.000748576642360856, 'alpha_1': 5.3329893916908666e-05, 'alpha_2': 4.177951889617729e-05, 'beta_0': 0.06732969255195774, 'beta_1': 6.102332022056902, 'beta_2': 0.19807174850398956, 'beta_3': 0.000896493091883846, 'beta_4': 6.178174256613442, 'beta_5': 33.06903749109567, 'beta_6': 0.04199198360375029, 'beta_7': 0.015375216958777667, 'beta_8': 3.962655024418431e-05, 'beta_9': 8.371373780457307e-07}. Best is trial 566 with value: 6567.25901539107.
[I 2026-03-31 23:08:24,878] Trial 596 finished with value: 6825.22548921554 and parameters: {'alpha_0': 0.0008386984263745041, 'alpha_1': 5.485192021019164e-05, 'alpha_2': 4.3908641095544226e-05, 'beta_0': 0.06940906407837313, 'beta_1': 9.503001675974671, 'beta_2': 0.19797880445522192, 'beta_3': 0.0008529085673918647, 'beta_4': 6.06593886877968, 'beta_5': 33.85158577879725, 'beta_6': 0.04114048981429141, 'beta_7': 0.01647129469868129, 'beta_8': 3.685804368111822e-05, 'beta_9': 8.193802778756193e-07}. Best is trial 566 with value: 6567.25901539107.
[I 2026-03-31 23:08:34,055] Trial 597 finished with value: 6707.645981791431 and parameters: {'alpha_0': 0.0008215722247773999, 'alpha_1': 5.336960379038155e-05, 'alpha_2': 4.15674016639464e-05, 'beta_0': 0.06585708915110884, 'beta_1': 10.493574015404686, 'beta_2': 0.1988368585340006, 'beta_3': 0.0008671025911614302, 'beta_4': 6.247982977190787, 'beta_5': 33.31849781312825, 'beta_6': 0.0424568240784377, 'beta_7': 0.01570153642078482, 'beta_8': 3.854745620771231e-05, 'beta_9': 8.57829588358724e-07}. Best is trial 566 with value: 6567.25901539107.
[I 2026-03-31 23:08:43,428] Trial 598 finished with value: 6756.646217666372 and parameters: {'alpha_0': 0.0007212224334624381, 'alpha_1': 5.152463546635821e-05, 'alpha_2': 4.4132016180023735e-05, 'beta_0': 0.07234691728589765, 'beta_1': 5.60365033734911, 'beta_2': 0.20225398113165186, 'beta_3': 0.0009492797455650168, 'beta_4': 6.396209035429697, 'beta_5': 34.233984193946206, 'beta_6': 0.043215499571585124, 'beta_7': 0.016194649066226512, 'beta_8': 3.8426001330946266e-05, 'beta_9': 7.764638594210621e-07}. Best is trial 566 with value: 6567.25901539107.
[I 2026-03-31 23:08:52,661] Trial 599 finished with value: 6981.754671209273 and parameters: {'alpha_0': 0.000791095073961326, 'alpha_1': 5.247656995563871e-05, 'alpha_2': 4.28242187869673e-05, 'beta_0': 0.06297591901807681, 'beta_1': 10.3235250787299, 'beta_2': 0.20572593415012708, 'beta_3': 0.000890326224660868, 'beta_4': 5.8447578425047775, 'beta_5': 33.8346608015834, 'beta_6': 0.04147634207467323, 'beta_7': 0.015539726518009498, 'beta_8': 1.8573147829900722e-05, 'beta_9': 8.550534939435417e-07}. Best is trial 566 with value: 6567.25901539107.
