[I 2026-04-01 09:14:27,676] Trial 1230 finished with value: 7213.469171143788 and parameters: {'alpha_0': 0.0005666167340173175, 'alpha_1': 6.0130225558780945e-05, 'alpha_2': 4.9126321698476984e-05, 'beta_0': 0.11592817148151024, 'beta_1': 5.997013683794018, 'beta_2': 0.20748684997675335, 'beta_3': 0.0009662710139841809, 'beta_4': 6.582755388475936, 'beta_5': 36.669145235973836, 'beta_6': 0.041285144472179874, 'beta_7': 0.01527622618333929, 'beta_8': 3.8456559892517385e-05, 'beta_9': 6.925674743496836e-07}. Best is trial 691 with value: 6538.461030825155.Best trial: 691. Best value: 6538.46:  62%|██████▏   | 1230/2000 [11:35:43<232:45:35, 1088.23s/it]Best trial: 691. Best value: 6538.46:  62%|██████▏   | 1230/2000 [11:35:43<232:45:35, 1088.23s/it]Best trial: 691. Best value: 6538.46:  62%|██████▏   | 1231/2000 [11:35:43<163:28:37, 765.30s/it]                                                                                                  Best trial: 691. Best value: 6538.46:  62%|██████▏   | 1231/2000 [11:35:53<163:28:37, 765.30s/it]Best trial: 691. Best value: 6538.46:  62%|██████▏   | 1231/2000 [11:35:53<163:28:37, 765.30s/it]Best trial: 691. Best value: 6538.46:  62%|██████▏   | 1232/2000 [11:35:53<114:57:42, 538.88s/it]                                                                                                 Best trial: 691. Best value: 6538.46:  62%|██████▏   | 1232/2000 [11:36:05<114:57:42, 538.88s/it]Best trial: 691. Best value: 6538.46:  62%|██████▏   | 1232/2000 [11:36:05<114:57:42, 538.88s/it]Best trial: 691. Best value: 6538.46:  62%|██████▏   | 1233/2000 [11:36:05<81:07:13, 380.75s/it]                                                                                                 Best trial: 691. Best value: 6538.46:  62%|██████▏   | 1233/2000 [11:36:17<81:07:13, 380.75s/it]Best trial: 691. Best value: 6538.46:  62%|██████▏   | 1233/2000 [11:36:17<81:07:13, 380.75s/it]Best trial: 691. Best value: 6538.46:  62%|██████▏   | 1234/2000 [11:36:17<57:28:09, 270.09s/it]                                                                                                Best trial: 691. Best value: 6538.46:  62%|██████▏   | 1234/2000 [11:36:30<57:28:09, 270.09s/it]Best trial: 691. Best value: 6538.46:  62%|██████▏   | 1234/2000 [11:36:30<57:28:09, 270.09s/it]Best trial: 691. Best value: 6538.46:  62%|██████▏   | 1235/2000 [11:36:30<41:00:42, 193.00s/it]                                                                                                Best trial: 691. Best value: 6538.46:  62%|██████▏   | 1235/2000 [11:36:44<41:00:42, 193.00s/it]Best trial: 691. Best value: 6538.46:  62%|██████▏   | 1235/2000 [11:36:44<41:00:42, 193.00s/it]Best trial: 691. Best value: 6538.46:  62%|██████▏   | 1236/2000 [11:36:44<29:32:35, 139.21s/it]                                                                                                Best trial: 691. Best value: 6538.46:  62%|██████▏   | 1236/2000 [11:36:45<29:32:35, 139.21s/it]Best trial: 691. Best value: 6538.46:  62%|██████▏   | 1236/2000 [11:36:45<29:32:35, 139.21s/it]Best trial: 691. Best value: 6538.46:  62%|██████▏   | 1237/2000 [11:36:45<20:44:57, 97.90s/it]                                                                                                Best trial: 691. Best value: 6538.46:  62%|██████▏   | 1237/2000 [11:37:00<20:44:57, 97.90s/it]Best trial: 691. Best value: 6538.46:  62%|██████▏   | 1237/2000 [11:37:00<20:44:57, 97.90s/it]Best trial: 691. Best value: 6538.46:  62%|██████▏   | 1238/2000 [11:37:00<15:25:36, 72.88s/it]                                                                                               Best trial: 691. Best value: 6538.46:  62%|██████▏   | 1238/2000 [11:37:11<15:25:36, 72.88s/it]Best trial: 691. Best value: 6538.46:  62%|██████▏   | 1238/2000 [11:37:11<15:25:36, 72.88s/it]Best trial: 691. Best value: 6538.46:  62%|██████▏   | 1239/2000 [11:37:11<11:30:55, 54.48s/it]                                                                                               Best trial: 691. Best value: 6538.46:  62%|██████▏   | 1239/2000 [11:37:23<11:30:55, 54.48s/it]Best trial: 691. Best value: 6538.46:  62%|██████▏   | 1239/2000 [11:37:23<11:30:55, 54.48s/it]Best trial: 691. Best value: 6538.46:  62%|██████▏   | 1240/2000 [11:37:23<8:49:25, 41.80s/it]                                                                                               Best trial: 691. Best value: 6538.46:  62%|██████▏   | 1240/2000 [11:37:35<8:49:25, 41.80s/it]Best trial: 691. Best value: 6538.46:  62%|██████▏   | 1240/2000 [11:37:35<8:49:25, 41.80s/it]Best trial: 691. Best value: 6538.46:  62%|██████▏   | 1241/2000 [11:37:35<6:54:05, 32.73s/it]                                                                                              Best trial: 691. Best value: 6538.46:  62%|██████▏   | 1241/2000 [11:37:47<6:54:05, 32.73s/it]Best trial: 691. Best value: 6538.46:  62%|██████▏   | 1241/2000 [11:37:47<6:54:05, 32.73s/it]Best trial: 691. Best value: 6538.46:  62%|██████▏   | 1242/2000 [11:37:47<5:33:15, 26.38s/it]                                                                                              Best trial: 691. Best value: 6538.46:  62%|██████▏   | 1242/2000 [11:37:56<5:33:15, 26.38s/it]Best trial: 691. Best value: 6538.46:  62%|██████▏   | 1242/2000 [11:37:56<5:33:15, 26.38s/it]Best trial: 691. Best value: 6538.46:  62%|██████▏   | 1243/2000 [11:37:56<4:28:07, 21.25s/it]                                                                                              Best trial: 691. Best value: 6538.46:  62%|██████▏   | 1243/2000 [11:38:05<4:28:07, 21.25s/it]Best trial: 691. Best value: 6538.46:  62%|██████▏   | 1243/2000 [11:38:05<4:28:07, 21.25s/it]Best trial: 691. Best value: 6538.46:  62%|██████▏   | 1244/2000 [11:38:05<3:43:13, 17.72s/it]                                                                                              Best trial: 691. Best value: 6538.46:  62%|██████▏   | 1244/2000 [11:38:15<3:43:13, 17.72s/it]Best trial: 691. Best value: 6538.46:  62%|██████▏   | 1244/2000 [11:38:15<3:43:13, 17.72s/it]Best trial: 691. Best value: 6538.46:  62%|██████▏   | 1245/2000 [11:38:15<3:11:05, 15.19s/it]                                                                                              
[I 2026-04-01 09:14:38,249] Trial 1231 finished with value: 7272.440835945154 and parameters: {'alpha_0': 0.0007042812173405886, 'alpha_1': 5.211297781001044e-05, 'alpha_2': 4.405591912836291e-05, 'beta_0': 0.09362748580729599, 'beta_1': 6.812966618122, 'beta_2': 0.20521391783531245, 'beta_3': 0.0009368128575263221, 'beta_4': 6.277561457229418, 'beta_5': 34.412525103666276, 'beta_6': 0.043249941858931495, 'beta_7': 0.016876186094549873, 'beta_8': 3.757044145585705e-05, 'beta_9': 7.295406816333137e-07}. Best is trial 691 with value: 6538.461030825155.
[I 2026-04-01 09:14:50,012] Trial 1232 finished with value: 6626.448475783526 and parameters: {'alpha_0': 0.0006615836830467359, 'alpha_1': 5.333293184816132e-05, 'alpha_2': 4.2718430741692165e-05, 'beta_0': 0.14393400431661646, 'beta_1': 6.312456017559196, 'beta_2': 0.2116551203685148, 'beta_3': 0.0010078783372872665, 'beta_4': 6.057672909386814, 'beta_5': 33.671506857518764, 'beta_6': 0.04135165920763753, 'beta_7': 0.015768048502026056, 'beta_8': 3.939922923726897e-05, 'beta_9': 7.842534814216678e-07}. Best is trial 691 with value: 6538.461030825155.
[I 2026-04-01 09:15:01,904] Trial 1233 finished with value: 6719.238525077837 and parameters: {'alpha_0': 0.0006058496399020386, 'alpha_1': 5.618243988634848e-05, 'alpha_2': 4.6636520043815416e-05, 'beta_0': 0.10397592138748862, 'beta_1': 6.495316745475123, 'beta_2': 0.1997976949663638, 'beta_3': 0.0009002173218652294, 'beta_4': 6.419831759549002, 'beta_5': 35.26512880598823, 'beta_6': 0.044895586109987735, 'beta_7': 0.015987090130179914, 'beta_8': 3.858531964893727e-05, 'beta_9': 6.564529175086187e-07}. Best is trial 691 with value: 6538.461030825155.
[I 2026-04-01 09:15:15,015] Trial 1234 finished with value: 6584.258600032334 and parameters: {'alpha_0': 0.000562558394530941, 'alpha_1': 5.4601394610953344e-05, 'alpha_2': 4.0014355243917934e-05, 'beta_0': 0.07024319351106262, 'beta_1': 5.488516306683515, 'beta_2': 0.20859240785295646, 'beta_3': 0.001058517095445607, 'beta_4': 6.833963896214542, 'beta_5': 36.163997532558284, 'beta_6': 0.041941605404079, 'beta_7': 0.015712500068465814, 'beta_8': 2.440865813398996e-05, 'beta_9': 6.284322249956199e-07}. Best is trial 691 with value: 6538.461030825155.
[I 2026-04-01 09:15:28,716] Trial 1235 finished with value: 7295.188656925307 and parameters: {'alpha_0': 0.0005323082296725405, 'alpha_1': 5.182276161769021e-05, 'alpha_2': 4.279822128608641e-05, 'beta_0': 0.08099507109847567, 'beta_1': 5.769388600793926, 'beta_2': 0.17419327485051253, 'beta_3': 0.0009569025499770909, 'beta_4': 6.5209783292129675, 'beta_5': 33.19830971989027, 'beta_6': 0.04308296779997666, 'beta_7': 0.01522606091470138, 'beta_8': 3.946079614918127e-05, 'beta_9': 5.691127254579925e-07}. Best is trial 691 with value: 6538.461030825155.
[I 2026-04-01 09:15:30,229] Trial 1236 finished with value: inf and parameters: {'alpha_0': 0.0007307974266499803, 'alpha_1': 5.815766903373975e-05, 'alpha_2': 4.489755897615271e-05, 'beta_0': 0.08562854767626672, 'beta_1': 6.149549399042363, 'beta_2': 0.2023543758145285, 'beta_3': 0.000988561220038571, 'beta_4': 6.736378477214625, 'beta_5': 32.379237429224304, 'beta_6': 0.04003379306286945, 'beta_7': 0.029555074775564204, 'beta_8': 3.790811026116129e-05, 'beta_9': 7.022109743999133e-07}. Best is trial 691 with value: 6538.461030825155.
[I 2026-04-01 09:15:44,738] Trial 1237 finished with value: 7511.1373929811125 and parameters: {'alpha_0': 0.0015405968294934119, 'alpha_1': 5.170190467125507e-05, 'alpha_2': 4.139175300083151e-05, 'beta_0': 0.0747206391755284, 'beta_1': 5.953613716179738, 'beta_2': 0.2059488710663896, 'beta_3': 0.0009179055697108812, 'beta_4': 6.941965833540908, 'beta_5': 34.90208872025626, 'beta_6': 0.04420597504641492, 'beta_7': 0.015002780159110484, 'beta_8': 3.904814241516041e-05, 'beta_9': 7.452583879605358e-07}. Best is trial 691 with value: 6538.461030825155.
[I 2026-04-01 09:15:56,264] Trial 1238 finished with value: 6746.702061215834 and parameters: {'alpha_0': 0.0006178472947821505, 'alpha_1': 5.408942423656666e-05, 'alpha_2': 4.3894958429042616e-05, 'beta_0': 0.097958077172221, 'beta_1': 6.3657431121274435, 'beta_2': 0.23222374232935084, 'beta_3': 0.0008748319138584037, 'beta_4': 7.858951495201704, 'beta_5': 33.99659053213229, 'beta_6': 0.04107108563099123, 'beta_7': 0.01614630486231286, 'beta_8': 3.716879712156434e-05, 'beta_9': 6.56616646115302e-07}. Best is trial 691 with value: 6538.461030825155.
[I 2026-04-01 09:16:08,477] Trial 1239 finished with value: inf and parameters: {'alpha_0': 0.0006677186540200972, 'alpha_1': 5.003091146198878e-05, 'alpha_2': 4.1401261896725144e-05, 'beta_0': 0.09054905492413473, 'beta_1': 6.664437113263029, 'beta_2': 0.2155152897332767, 'beta_3': 0.0009407736113796778, 'beta_4': 6.158294873700422, 'beta_5': 31.493060330782175, 'beta_6': 0.04255568961382413, 'beta_7': 0.019088936084867354, 'beta_8': 3.886791361130464e-05, 'beta_9': 1.1983266302980995e-06}. Best is trial 691 with value: 6538.461030825155.
[I 2026-04-01 09:16:20,067] Trial 1240 finished with value: 7068.650612856498 and parameters: {'alpha_0': 0.0007833730812894542, 'alpha_1': 5.636096599249631e-05, 'alpha_2': 0.00010302788096711568, 'beta_0': 0.09448267544748999, 'beta_1': 6.122522082834266, 'beta_2': 0.2105770791777107, 'beta_3': 0.0009772699685171363, 'beta_4': 6.618228692706795, 'beta_5': 35.70998522185263, 'beta_6': 0.046950935393122194, 'beta_7': 0.01655484287609973, 'beta_8': 3.826799743861203e-05, 'beta_9': 5.995935539771472e-07}. Best is trial 691 with value: 6538.461030825155.
[I 2026-04-01 09:16:31,616] Trial 1241 finished with value: 6720.219956036486 and parameters: {'alpha_0': 0.0005887958475072453, 'alpha_1': 8.004520089203072e-05, 'alpha_2': 4.593263249548279e-05, 'beta_0': 0.0683910546748109, 'beta_1': 5.658778795275955, 'beta_2': 0.20688350239701467, 'beta_3': 0.001025349180737392, 'beta_4': 6.347045957064247, 'beta_5': 33.14484188549236, 'beta_6': 0.04105680841162406, 'beta_7': 0.015504973049084169, 'beta_8': 3.9572383169576885e-05, 'beta_9': 6.895673759798735e-07}. Best is trial 691 with value: 6538.461030825155.
[I 2026-04-01 09:16:40,902] Trial 1242 finished with value: 6662.980044312114 and parameters: {'alpha_0': 0.0005017360207269124, 'alpha_1': 5.3492099689299576e-05, 'alpha_2': 4.793413925216059e-05, 'beta_0': 0.07787953218426652, 'beta_1': 6.265264433933325, 'beta_2': 0.21322172110417897, 'beta_3': 0.0008321389733869351, 'beta_4': 6.537521565010285, 'beta_5': 34.569037421528805, 'beta_6': 0.04370992670974877, 'beta_7': 0.016009565382892693, 'beta_8': 3.891650375754495e-05, 'beta_9': 5.525346472172736e-07}. Best is trial 691 with value: 6538.461030825155.
[I 2026-04-01 09:16:50,369] Trial 1243 finished with value: 6648.1785769559265 and parameters: {'alpha_0': 0.0006430946533042697, 'alpha_1': 5.185865739515113e-05, 'alpha_2': 4.00298484720915e-05, 'beta_0': 0.08606134282471412, 'beta_1': 5.032493835316343, 'beta_2': 0.20416828335260273, 'beta_3': 0.0009497724213676708, 'beta_4': 6.679916590707582, 'beta_5': 32.04201438140898, 'beta_6': 0.060977916368365095, 'beta_7': 0.01572121003316497, 'beta_8': 3.640414481717389e-05, 'beta_9': 7.743902600983979e-07}. Best is trial 691 with value: 6538.461030825155.
[I 2026-04-01 09:16:59,653] Trial 1244 finished with value: 6870.85621510541 and parameters: {'alpha_0': 0.0007070060394949985, 'alpha_1': 5.510567866095383e-05, 'alpha_2': 8.206201177608629e-05, 'beta_0': 0.10121180045011127, 'beta_1': 5.8870142530208875, 'beta_2': 0.20931500253142465, 'beta_3': 0.0010015108182014172, 'beta_4': 7.6173129874637215, 'beta_5': 37.12004787294397, 'beta_6': 0.04551329661415658, 'beta_7': 0.01541843165279128, 'beta_8': 3.9992080365841775e-05, 'beta_9': 7.265344681679178e-07}. Best is trial 691 with value: 6538.461030825155.
[I 2026-04-01 09:17:08,869] Trial 1245 finished with value: 6826.785110896035 and parameters: {'alpha_0': 0.0014687976055427054, 'alpha_1': 6.0253977132269466e-05, 'alpha_2': 4.9983121297070504e-05, 'beta_0': 0.08272649926600921, 'beta_1': 6.861782336335664, 'beta_2': 0.20741714112741114, 'beta_3': 0.0009120864937771823, 'beta_4': 6.4364362450892365, 'beta_5': 33.789306220749836, 'beta_6': 0.04213550973840528, 'beta_7': 0.016264137049667438, 'beta_8': 3.808906980416073e-05, 'beta_9': 6.132283240793552e-07}. Best is trial 691 with value: 6538.461030825155.Best trial: 691. Best value: 6538.46:  62%|██████▏   | 1245/2000 [11:38:24<3:11:05, 15.19s/it]Best trial: 691. Best value: 6538.46:  62%|██████▏   | 1245/2000 [11:38:24<3:11:05, 15.19s/it]Best trial: 691. Best value: 6538.46:  62%|██████▏   | 1246/2000 [11:38:24<2:48:20, 13.40s/it]                                                                                              Best trial: 691. Best value: 6538.46:  62%|██████▏   | 1246/2000 [11:38:33<2:48:20, 13.40s/it]Best trial: 691. Best value: 6538.46:  62%|██████▏   | 1246/2000 [11:38:33<2:48:20, 13.40s/it]Best trial: 691. Best value: 6538.46:  62%|██████▏   | 1247/2000 [11:38:33<2:32:20, 12.14s/it]                                                                                              Best trial: 691. Best value: 6538.46:  62%|██████▏   | 1247/2000 [11:38:42<2:32:20, 12.14s/it]Best trial: 691. Best value: 6538.46:  62%|██████▏   | 1247/2000 [11:38:42<2:32:20, 12.14s/it]Best trial: 691. Best value: 6538.46:  62%|██████▏   | 1248/2000 [11:38:42<2:21:32, 11.29s/it]                                                                                              Best trial: 691. Best value: 6538.46:  62%|██████▏   | 1248/2000 [11:38:52<2:21:32, 11.29s/it]Best trial: 691. Best value: 6538.46:  62%|██████▏   | 1248/2000 [11:38:52<2:21:32, 11.29s/it]Best trial: 691. Best value: 6538.46:  62%|██████▏   | 1249/2000 [11:38:52<2:13:53, 10.70s/it]                                                                                              Best trial: 691. Best value: 6538.46:  62%|██████▏   | 1249/2000 [11:39:01<2:13:53, 10.70s/it]Best trial: 691. Best value: 6538.46:  62%|██████▏   | 1249/2000 [11:39:01<2:13:53, 10.70s/it]Best trial: 691. Best value: 6538.46:  62%|██████▎   | 1250/2000 [11:39:01<2:08:21, 10.27s/it]                                                                                              Best trial: 691. Best value: 6538.46:  62%|██████▎   | 1250/2000 [11:39:10<2:08:21, 10.27s/it]Best trial: 691. Best value: 6538.46:  62%|██████▎   | 1250/2000 [11:39:10<2:08:21, 10.27s/it]Best trial: 691. Best value: 6538.46:  63%|██████▎   | 1251/2000 [11:39:10<2:04:19,  9.96s/it]                                                                                              Best trial: 691. Best value: 6538.46:  63%|██████▎   | 1251/2000 [11:39:19<2:04:19,  9.96s/it]Best trial: 691. Best value: 6538.46:  63%|██████▎   | 1251/2000 [11:39:19<2:04:19,  9.96s/it]Best trial: 691. Best value: 6538.46:  63%|██████▎   | 1252/2000 [11:39:19<2:01:27,  9.74s/it]                                                                                              Best trial: 691. Best value: 6538.46:  63%|██████▎   | 1252/2000 [11:39:29<2:01:27,  9.74s/it]Best trial: 691. Best value: 6538.46:  63%|██████▎   | 1252/2000 [11:39:29<2:01:27,  9.74s/it]Best trial: 691. Best value: 6538.46:  63%|██████▎   | 1253/2000 [11:39:29<1:59:23,  9.59s/it]                                                                                              Best trial: 691. Best value: 6538.46:  63%|██████▎   | 1253/2000 [11:39:38<1:59:23,  9.59s/it]Best trial: 691. Best value: 6538.46:  63%|██████▎   | 1253/2000 [11:39:38<1:59:23,  9.59s/it]Best trial: 691. Best value: 6538.46:  63%|██████▎   | 1254/2000 [11:39:38<1:58:42,  9.55s/it]                                                                                              Best trial: 691. Best value: 6538.46:  63%|██████▎   | 1254/2000 [11:39:47<1:58:42,  9.55s/it]Best trial: 691. Best value: 6538.46:  63%|██████▎   | 1254/2000 [11:39:47<1:58:42,  9.55s/it]Best trial: 691. Best value: 6538.46:  63%|██████▎   | 1255/2000 [11:39:47<1:57:31,  9.47s/it]                                                                                              Best trial: 691. Best value: 6538.46:  63%|██████▎   | 1255/2000 [11:39:57<1:57:31,  9.47s/it]Best trial: 691. Best value: 6538.46:  63%|██████▎   | 1255/2000 [11:39:57<1:57:31,  9.47s/it]Best trial: 691. Best value: 6538.46:  63%|██████▎   | 1256/2000 [11:39:57<1:57:08,  9.45s/it]                                                                                              Best trial: 691. Best value: 6538.46:  63%|██████▎   | 1256/2000 [11:40:06<1:57:08,  9.45s/it]Best trial: 691. Best value: 6538.46:  63%|██████▎   | 1256/2000 [11:40:06<1:57:08,  9.45s/it]Best trial: 691. Best value: 6538.46:  63%|██████▎   | 1257/2000 [11:40:06<1:56:45,  9.43s/it]                                                                                              Best trial: 691. Best value: 6538.46:  63%|██████▎   | 1257/2000 [11:40:15<1:56:45,  9.43s/it]Best trial: 691. Best value: 6538.46:  63%|██████▎   | 1257/2000 [11:40:15<1:56:45,  9.43s/it]Best trial: 691. Best value: 6538.46:  63%|██████▎   | 1258/2000 [11:40:15<1:56:17,  9.40s/it]                                                                                              Best trial: 691. Best value: 6538.46:  63%|██████▎   | 1258/2000 [11:40:25<1:56:17,  9.40s/it]Best trial: 691. Best value: 6538.46:  63%|██████▎   | 1258/2000 [11:40:25<1:56:17,  9.40s/it]Best trial: 691. Best value: 6538.46:  63%|██████▎   | 1259/2000 [11:40:25<1:55:53,  9.38s/it]                                                                                              Best trial: 691. Best value: 6538.46:  63%|██████▎   | 1259/2000 [11:40:34<1:55:53,  9.38s/it]Best trial: 691. Best value: 6538.46:  63%|██████▎   | 1259/2000 [11:40:34<1:55:53,  9.38s/it]Best trial: 691. Best value: 6538.46:  63%|██████▎   | 1260/2000 [11:40:34<1:56:08,  9.42s/it]                                                                                              
[I 2026-04-01 09:17:18,076] Trial 1246 finished with value: 6618.33730900628 and parameters: {'alpha_0': 0.0005345301562229204, 'alpha_1': 5.343297653821043e-05, 'alpha_2': 4.250996355646939e-05, 'beta_0': 0.08995863787549084, 'beta_1': 6.5518463200486, 'beta_2': 0.20125051290806345, 'beta_3': 0.0009708053844145838, 'beta_4': 6.785445007409035, 'beta_5': 32.62039133893747, 'beta_6': 0.04192587499918436, 'beta_7': 0.01590827989429808, 'beta_8': 3.999874368595928e-05, 'beta_9': 7.993521434936431e-07}. Best is trial 691 with value: 6538.461030825155.
[I 2026-04-01 09:17:27,395] Trial 1247 finished with value: 6689.242013990076 and parameters: {'alpha_0': 0.0005983016594462058, 'alpha_1': 5.7263848806337504e-05, 'alpha_2': 4.471766329309624e-05, 'beta_0': 0.09349650841036869, 'beta_1': 5.481580262472768, 'beta_2': 0.16892506507730404, 'beta_3': 0.0008604585786341545, 'beta_4': 6.640551171024472, 'beta_5': 35.10083800735364, 'beta_6': 0.04309716004576066, 'beta_7': 0.015650319383463677, 'beta_8': 3.901186056385835e-05, 'beta_9': 1.7123660259060572e-06}. Best is trial 691 with value: 6538.461030825155.
