[I 2026-03-31 22:24:12,849] Trial 304 finished with value: 6580.791546252956 and parameters: {'alpha_0': 0.0010169196587833686, 'alpha_1': 5.851587327924289e-05, 'alpha_2': 4.2080255345084395e-05, 'beta_0': 0.06360989524878513, 'beta_1': 12.731584334595809, 'beta_2': 0.15304105076557503, 'beta_3': 0.0007722369380082359, 'beta_4': 5.848705535170732, 'beta_5': 31.7676364354218, 'beta_6': 0.04590383389071691, 'beta_7': 0.01594490189582272, 'beta_8': 1.6640470947613873e-05, 'beta_9': 8.865813008498533e-07}. Best is trial 304 with value: 6580.791546252956.
[I 2026-03-31 22:24:22,154] Trial 305 finished with value: 6662.904410539508 and parameters: {'alpha_0': 0.001075487069424228, 'alpha_1': 5.628903594757792e-05, 'alpha_2': 4.293709017942752e-05, 'beta_0': 0.06165117153558493, 'beta_1': 12.674137485617265, 'beta_2': 0.18851012816486296, 'beta_3': 0.0007968638557238743, 'beta_4': 3.357389895133807, 'beta_5': 32.01625550630427, 'beta_6': 0.04636964849045826, 'beta_7': 0.01609084494307498, 'beta_8': 1.8465931148650766e-05, 'beta_9': 8.776618347904187e-07}. Best is trial 304 with value: 6580.791546252956.
[I 2026-03-31 22:24:31,449] Trial 306 finished with value: 6902.397909886191 and parameters: {'alpha_0': 0.0010847883565661303, 'alpha_1': 5.2685381633377855e-05, 'alpha_2': 0.0001020036189787341, 'beta_0': 0.0626299550122836, 'beta_1': 12.64763698598429, 'beta_2': 0.18826395363444476, 'beta_3': 0.0007682876599121312, 'beta_4': 3.1894999307620693, 'beta_5': 32.0082240236151, 'beta_6': 0.0456951308283004, 'beta_7': 0.015781658605274695, 'beta_8': 1.9291721754326226e-05, 'beta_9': 8.834269975477327e-07}. Best is trial 304 with value: 6580.791546252956.
[I 2026-03-31 22:24:40,774] Trial 307 finished with value: 6794.659303220219 and parameters: {'alpha_0': 0.0011149395289772467, 'alpha_1': 5.530677805362641e-05, 'alpha_2': 4.287492318063269e-05, 'beta_0': 0.05832952557544976, 'beta_1': 12.830173967020924, 'beta_2': 0.1513796556658274, 'beta_3': 0.0007917079378713028, 'beta_4': 4.159408480627107, 'beta_5': 33.503152873729626, 'beta_6': 0.04427787978819751, 'beta_7': 0.016437815453684265, 'beta_8': 1.8754213108754595e-05, 'beta_9': 9.211670127005294e-07}. Best is trial 304 with value: 6580.791546252956.
[I 2026-03-31 22:24:50,090] Trial 308 finished with value: 6840.7034496632195 and parameters: {'alpha_0': 0.001021395370313376, 'alpha_1': 5.788131075314439e-05, 'alpha_2': 4.150812978580977e-05, 'beta_0': 0.06418092637022736, 'beta_1': 13.764138257934977, 'beta_2': 0.15477076754838168, 'beta_3': 0.0005339430676157446, 'beta_4': 4.087768999585978, 'beta_5': 31.724694237365842, 'beta_6': 0.04629462271076838, 'beta_7': 0.01675834703587621, 'beta_8': 2.039704786754331e-05, 'beta_9': 8.71311803370504e-07}. Best is trial 304 with value: 6580.791546252956.
[I 2026-03-31 22:24:59,434] Trial 309 finished with value: 6672.12190055967 and parameters: {'alpha_0': 0.0011599924485632624, 'alpha_1': 5.905556067232137e-05, 'alpha_2': 4.408230698918866e-05, 'beta_0': 0.05584745571653138, 'beta_1': 12.482269437459358, 'beta_2': 0.15860683058256664, 'beta_3': 0.0008050913714401739, 'beta_4': 3.0231600554625833, 'beta_5': 32.571404620043744, 'beta_6': 0.04355568029790102, 'beta_7': 0.016047527737422344, 'beta_8': 1.8230205681818406e-05, 'beta_9': 5.009403506543825e-07}. Best is trial 304 with value: 6580.791546252956.
[I 2026-03-31 22:25:08,772] Trial 310 finished with value: 7267.145214080908 and parameters: {'alpha_0': 0.0012190075727409842, 'alpha_1': 5.610698751824176e-05, 'alpha_2': 4.4728305565794465e-05, 'beta_0': 0.05037945806958628, 'beta_1': 12.52943876945636, 'beta_2': 0.15912028461242986, 'beta_3': 0.0007954308367211559, 'beta_4': 3.365653340198906, 'beta_5': 32.91519595659254, 'beta_6': 0.04297651671258293, 'beta_7': 0.015564013209490121, 'beta_8': 1.841735747126267e-05, 'beta_9': 1.2302571722405988e-06}. Best is trial 304 with value: 6580.791546252956.
[I 2026-03-31 22:25:17,986] Trial 311 finished with value: inf and parameters: {'alpha_0': 0.001176696786043491, 'alpha_1': 5.881661835491436e-05, 'alpha_2': 4.390395860346015e-05, 'beta_0': 0.05541518065770641, 'beta_1': 13.190813540014076, 'beta_2': 0.15318702769889916, 'beta_3': 0.0007986913939960643, 'beta_4': 3.256971018873941, 'beta_5': 32.44848716238051, 'beta_6': 0.04404157130934601, 'beta_7': 0.017291187772133104, 'beta_8': 2.140991014583158e-05, 'beta_9': 9.383167088991236e-07}. Best is trial 304 with value: 6580.791546252956.
[I 2026-03-31 22:25:27,246] Trial 312 finished with value: 6636.847548745007 and parameters: {'alpha_0': 0.0011551739590921987, 'alpha_1': 6.019619420537993e-05, 'alpha_2': 4.2129424891375606e-05, 'beta_0': 0.059110385898225135, 'beta_1': 12.743695680014355, 'beta_2': 0.15293718232387532, 'beta_3': 0.000800956986505052, 'beta_4': 3.012144023812349, 'beta_5': 33.88302368298493, 'beta_6': 0.04140815642647064, 'beta_7': 0.015962175958814634, 'beta_8': 2.1356839057905844e-05, 'beta_9': 9.055493778464952e-07}. Best is trial 304 with value: 6580.791546252956.
[I 2026-03-31 22:25:36,530] Trial 313 finished with value: 6797.877336306476 and parameters: {'alpha_0': 0.0011532901625021538, 'alpha_1': 6.109948832881087e-05, 'alpha_2': 4.16261579488976e-05, 'beta_0': 0.054824466504794965, 'beta_1': 12.963425400287187, 'beta_2': 0.1536437567463837, 'beta_3': 0.0008024412837511176, 'beta_4': 3.104553800885557, 'beta_5': 35.27279331228374, 'beta_6': 0.04080158387731153, 'beta_7': 0.015800699529146957, 'beta_8': 2.147424834428782e-05, 'beta_9': 5.165555398123628e-07}. Best is trial 304 with value: 6580.791546252956.
[I 2026-03-31 22:25:45,938] Trial 314 finished with value: 7437.517494994246 and parameters: {'alpha_0': 0.0012029204207142413, 'alpha_1': 5.653052547698912e-05, 'alpha_2': 4.284387203316997e-05, 'beta_0': 0.058882863887450516, 'beta_1': 12.745804632669094, 'beta_2': 0.156379224780343, 'beta_3': 0.0008132956598280274, 'beta_4': 3.2844567014396473, 'beta_5': 34.06504688864722, 'beta_6': 0.04316015278098062, 'beta_7': 0.015354176546957882, 'beta_8': 2.09511832419663e-05, 'beta_9': 5.127927911898216e-07}. Best is trial 304 with value: 6580.791546252956.
[I 2026-03-31 22:25:55,292] Trial 315 finished with value: 6615.74821913754 and parameters: {'alpha_0': 0.0011464439060873222, 'alpha_1': 5.4255506300920596e-05, 'alpha_2': 4.1497790009065306e-05, 'beta_0': 0.053281627077886126, 'beta_1': 12.734602202853882, 'beta_2': 0.15761624812964956, 'beta_3': 0.0007771793091321653, 'beta_4': 3.521193861083636, 'beta_5': 32.728779290941844, 'beta_6': 0.042158680052586446, 'beta_7': 0.01597836736145221, 'beta_8': 1.6303624409567982e-05, 'beta_9': 5.060051489803821e-07}. Best is trial 304 with value: 6580.791546252956.Best trial: 304. Best value: 6580.79:  16%|█▌        | 315/2000 [47:10<4:21:45,  9.32s/it]Best trial: 304. Best value: 6580.79:  16%|█▌        | 315/2000 [47:10<4:21:45,  9.32s/it]Best trial: 304. Best value: 6580.79:  16%|█▌        | 316/2000 [47:10<4:21:52,  9.33s/it]                                                                                          Best trial: 304. Best value: 6580.79:  16%|█▌        | 316/2000 [47:20<4:21:52,  9.33s/it]Best trial: 304. Best value: 6580.79:  16%|█▌        | 316/2000 [47:20<4:21:52,  9.33s/it]Best trial: 304. Best value: 6580.79:  16%|█▌        | 317/2000 [47:20<4:21:51,  9.34s/it]                                                                                          Best trial: 304. Best value: 6580.79:  16%|█▌        | 317/2000 [47:29<4:21:51,  9.34s/it]Best trial: 304. Best value: 6580.79:  16%|█▌        | 317/2000 [47:29<4:21:51,  9.34s/it]Best trial: 304. Best value: 6580.79:  16%|█▌        | 318/2000 [47:29<4:20:56,  9.31s/it]                                                                                          Best trial: 304. Best value: 6580.79:  16%|█▌        | 318/2000 [47:38<4:20:56,  9.31s/it]Best trial: 304. Best value: 6580.79:  16%|█▌        | 318/2000 [47:38<4:20:56,  9.31s/it]Best trial: 304. Best value: 6580.79:  16%|█▌        | 319/2000 [47:38<4:20:45,  9.31s/it]                                                                                          Best trial: 304. Best value: 6580.79:  16%|█▌        | 319/2000 [47:47<4:20:45,  9.31s/it]Best trial: 304. Best value: 6580.79:  16%|█▌        | 319/2000 [47:47<4:20:45,  9.31s/it]Best trial: 304. Best value: 6580.79:  16%|█▌        | 320/2000 [47:47<4:19:30,  9.27s/it]                                                                                          Best trial: 304. Best value: 6580.79:  16%|█▌        | 320/2000 [47:57<4:19:30,  9.27s/it]Best trial: 304. Best value: 6580.79:  16%|█▌        | 320/2000 [47:57<4:19:30,  9.27s/it]Best trial: 304. Best value: 6580.79:  16%|█▌        | 321/2000 [47:57<4:19:34,  9.28s/it]                                                                                          Best trial: 304. Best value: 6580.79:  16%|█▌        | 321/2000 [47:58<4:19:34,  9.28s/it]Best trial: 304. Best value: 6580.79:  16%|█▌        | 321/2000 [47:58<4:19:34,  9.28s/it]Best trial: 304. Best value: 6580.79:  16%|█▌        | 322/2000 [47:58<3:13:10,  6.91s/it]                                                                                          Best trial: 304. Best value: 6580.79:  16%|█▌        | 322/2000 [48:07<3:13:10,  6.91s/it]Best trial: 304. Best value: 6580.79:  16%|█▌        | 322/2000 [48:07<3:13:10,  6.91s/it]Best trial: 304. Best value: 6580.79:  16%|█▌        | 323/2000 [48:07<3:32:30,  7.60s/it]                                                                                          Best trial: 304. Best value: 6580.79:  16%|█▌        | 323/2000 [48:17<3:32:30,  7.60s/it]Best trial: 304. Best value: 6580.79:  16%|█▌        | 323/2000 [48:17<3:32:30,  7.60s/it]Best trial: 304. Best value: 6580.79:  16%|█▌        | 324/2000 [48:17<3:46:38,  8.11s/it]                                                                                          Best trial: 304. Best value: 6580.79:  16%|█▌        | 324/2000 [48:23<3:46:38,  8.11s/it]Best trial: 304. Best value: 6580.79:  16%|█▌        | 324/2000 [48:23<3:46:38,  8.11s/it]Best trial: 304. Best value: 6580.79:  16%|█▋        | 325/2000 [48:23<3:32:07,  7.60s/it]                                                                                          Best trial: 304. Best value: 6580.79:  16%|█▋        | 325/2000 [48:32<3:32:07,  7.60s/it]Best trial: 304. Best value: 6580.79:  16%|█▋        | 325/2000 [48:32<3:32:07,  7.60s/it]Best trial: 304. Best value: 6580.79:  16%|█▋        | 326/2000 [48:32<3:46:02,  8.10s/it]                                                                                          Best trial: 304. Best value: 6580.79:  16%|█▋        | 326/2000 [48:41<3:46:02,  8.10s/it]Best trial: 304. Best value: 6580.79:  16%|█▋        | 326/2000 [48:41<3:46:02,  8.10s/it]Best trial: 304. Best value: 6580.79:  16%|█▋        | 327/2000 [48:41<3:55:29,  8.45s/it]                                                                                          Best trial: 304. Best value: 6580.79:  16%|█▋        | 327/2000 [48:51<3:55:29,  8.45s/it]Best trial: 304. Best value: 6580.79:  16%|█▋        | 327/2000 [48:51<3:55:29,  8.45s/it]Best trial: 304. Best value: 6580.79:  16%|█▋        | 328/2000 [48:51<4:04:11,  8.76s/it]                                                                                          Best trial: 304. Best value: 6580.79:  16%|█▋        | 328/2000 [49:00<4:04:11,  8.76s/it]Best trial: 304. Best value: 6580.79:  16%|█▋        | 328/2000 [49:00<4:04:11,  8.76s/it]Best trial: 304. Best value: 6580.79:  16%|█▋        | 329/2000 [49:00<4:08:38,  8.93s/it]                                                                                          Best trial: 304. Best value: 6580.79:  16%|█▋        | 329/2000 [49:10<4:08:38,  8.93s/it]Best trial: 304. Best value: 6580.79:  16%|█▋        | 329/2000 [49:10<4:08:38,  8.93s/it]Best trial: 304. Best value: 6580.79:  16%|█▋        | 330/2000 [49:10<4:11:28,  9.03s/it]                                                                                          
[I 2026-03-31 22:26:04,637] Trial 316 finished with value: 7319.834089879656 and parameters: {'alpha_0': 0.0011575146272494476, 'alpha_1': 5.353156080878767e-05, 'alpha_2': 4.1320843439182365e-05, 'beta_0': 0.05328978024542984, 'beta_1': 12.785849198475006, 'beta_2': 0.1572536968181005, 'beta_3': 0.0007779301596862508, 'beta_4': 3.0178620202117594, 'beta_5': 33.03837074671178, 'beta_6': 0.04275437225076479, 'beta_7': 0.015551314060971086, 'beta_8': 1.5975167290524317e-05, 'beta_9': 5.115824206961576e-07}. Best is trial 304 with value: 6580.791546252956.
[I 2026-03-31 22:26:13,882] Trial 317 finished with value: 6728.558775575468 and parameters: {'alpha_0': 0.0012487596126611496, 'alpha_1': 5.574159868020399e-05, 'alpha_2': 4.2609846784472163e-05, 'beta_0': 0.05144607743638821, 'beta_1': 13.047632638988489, 'beta_2': 0.15246898671150738, 'beta_3': 0.0008077099788440465, 'beta_4': 3.5316829020943326, 'beta_5': 32.536560552458035, 'beta_6': 0.041890792406859785, 'beta_7': 0.016357758341172132, 'beta_8': 1.6781647983479422e-05, 'beta_9': 5.016702261115387e-07}. Best is trial 304 with value: 6580.791546252956.
[I 2026-03-31 22:26:23,187] Trial 318 finished with value: 6734.429508249054 and parameters: {'alpha_0': 0.0011255531542113699, 'alpha_1': 5.375699961055088e-05, 'alpha_2': 4.0119909625313955e-05, 'beta_0': 0.05740802666635611, 'beta_1': 13.358691964187132, 'beta_2': 0.16200201491068456, 'beta_3': 0.0007680007007209051, 'beta_4': 3.501719174962685, 'beta_5': 33.52491004030362, 'beta_6': 0.04162827727551267, 'beta_7': 0.015835228536047855, 'beta_8': 1.6907884631450537e-05, 'beta_9': 5.327400310793323e-07}. Best is trial 304 with value: 6580.791546252956.
[I 2026-03-31 22:26:32,365] Trial 319 finished with value: inf and parameters: {'alpha_0': 0.001213997132485015, 'alpha_1': 5.8601222665322456e-05, 'alpha_2': 4.00404020815161e-05, 'beta_0': 0.060197018211747014, 'beta_1': 12.697145727981953, 'beta_2': 0.15538045248495025, 'beta_3': 0.0008206194542101941, 'beta_4': 3.052689265121976, 'beta_5': 31.879570100684543, 'beta_6': 0.041277324265194794, 'beta_7': 0.020165583912908163, 'beta_8': 1.8760063848496277e-05, 'beta_9': 5.46622080675102e-07}. Best is trial 304 with value: 6580.791546252956.
[I 2026-03-31 22:26:41,658] Trial 320 finished with value: 6629.000392589088 and parameters: {'alpha_0': 0.0011865642463006164, 'alpha_1': 6.265826156044112e-05, 'alpha_2': 4.429355225519248e-05, 'beta_0': 0.05486218012203742, 'beta_1': 12.93969152377113, 'beta_2': 0.15724318002243995, 'beta_3': 0.0007720451587318838, 'beta_4': 3.217798954518112, 'beta_5': 31.515390981241165, 'beta_6': 0.0447756127691509, 'beta_7': 0.016002740983292036, 'beta_8': 1.6397775272428834e-05, 'beta_9': 9.024810980144975e-07}. Best is trial 304 with value: 6580.791546252956.
[I 2026-03-31 22:26:43,038] Trial 321 finished with value: inf and parameters: {'alpha_0': 0.0011687210261816393, 'alpha_1': 6.220479218569785e-05, 'alpha_2': 4.4180873115082106e-05, 'beta_0': 0.061304743562580616, 'beta_1': 13.091900658856797, 'beta_2': 0.1581758158970348, 'beta_3': 0.0007809426531776728, 'beta_4': 3.320804169103421, 'beta_5': 31.612833081492216, 'beta_6': 0.04373707139647843, 'beta_7': 0.02701825509049419, 'beta_8': 1.9575584014976165e-05, 'beta_9': 9.013265254789598e-07}. Best is trial 304 with value: 6580.791546252956.
[I 2026-03-31 22:26:52,266] Trial 322 finished with value: 6725.14782005925 and parameters: {'alpha_0': 0.0011901252240586425, 'alpha_1': 6.35511978798891e-05, 'alpha_2': 4.2926166740587634e-05, 'beta_0': 0.05021324430990329, 'beta_1': 13.519000806534448, 'beta_2': 0.16079954240979244, 'beta_3': 0.0013558321610023596, 'beta_4': 3.396075337869955, 'beta_5': 32.617355513898545, 'beta_6': 0.04588837224165307, 'beta_7': 0.015302986461637483, 'beta_8': 1.629077505472295e-05, 'beta_9': 5.618225001872063e-07}. Best is trial 304 with value: 6580.791546252956.
[I 2026-03-31 22:27:01,570] Trial 323 finished with value: 6788.5191887505025 and parameters: {'alpha_0': 0.0012306081315899395, 'alpha_1': 6.0143437507045413e-05, 'alpha_2': 4.527611211397581e-05, 'beta_0': 0.05658980621182025, 'beta_1': 12.89867088975383, 'beta_2': 0.15376423878530018, 'beta_3': 0.0007662581619409823, 'beta_4': 3.150740786120511, 'beta_5': 32.263067777065125, 'beta_6': 0.04002421991701076, 'beta_7': 0.01583244346684001, 'beta_8': 1.7733702478290528e-05, 'beta_9': 9.14355842918111e-07}. Best is trial 304 with value: 6580.791546252956.
[I 2026-03-31 22:27:07,966] Trial 324 finished with value: inf and parameters: {'alpha_0': 0.0011309274842032971, 'alpha_1': 5.0452971194739577e-05, 'alpha_2': 4.1908733176347975e-05, 'beta_0': 0.060968371532094764, 'beta_1': 13.108104593090157, 'beta_2': 0.15037927238704146, 'beta_3': 0.000786988730145744, 'beta_4': 3.1498379623950266, 'beta_5': 31.306033672012603, 'beta_6': 0.0444860556304991, 'beta_7': 0.023806206723485882, 'beta_8': 1.6228939958404813e-05, 'beta_9': 5.508446653534184e-07}. Best is trial 304 with value: 6580.791546252956.
[I 2026-03-31 22:27:17,244] Trial 325 finished with value: 6823.1869642959155 and parameters: {'alpha_0': 0.0010934057652627613, 'alpha_1': 5.7753481212485116e-05, 'alpha_2': 4.396176207021029e-05, 'beta_0': 0.056252557058357494, 'beta_1': 13.88772649069422, 'beta_2': 0.15687434124676697, 'beta_3': 0.000811146552251783, 'beta_4': 3.007794578667581, 'beta_5': 33.9798053235681, 'beta_6': 0.04467303519152022, 'beta_7': 0.01656516129413874, 'beta_8': 1.9944028360849087e-05, 'beta_9': 5.045732055563212e-07}. Best is trial 304 with value: 6580.791546252956.
[I 2026-03-31 22:27:26,492] Trial 326 finished with value: 6650.605494655524 and parameters: {'alpha_0': 0.0011476675077602132, 'alpha_1': 6.209551001272054e-05, 'alpha_2': 4.176638260187076e-05, 'beta_0': 0.06338202092050862, 'beta_1': 13.297067844126547, 'beta_2': 0.1586482561760784, 'beta_3': 0.0007960390784707821, 'beta_4': 3.1441383375129774, 'beta_5': 33.064282858559395, 'beta_6': 0.04537463766304883, 'beta_7': 0.016009773510206556, 'beta_8': 1.7994334553451342e-05, 'beta_9': 9.400893681711906e-07}. Best is trial 304 with value: 6580.791546252956.
[I 2026-03-31 22:27:35,995] Trial 327 finished with value: 7354.344136543248 and parameters: {'alpha_0': 0.001065136516509003, 'alpha_1': 6.255118926781176e-05, 'alpha_2': 4.155426846998847e-05, 'beta_0': 0.0694766605372622, 'beta_1': 13.511701334503064, 'beta_2': 0.1558874992013269, 'beta_3': 0.0007668374314434436, 'beta_4': 3.2351297147200055, 'beta_5': 34.86439389229548, 'beta_6': 0.04715014259718775, 'beta_7': 0.0155513415528858, 'beta_8': 1.9095265017686977e-05, 'beta_9': 9.470243468186167e-07}. Best is trial 304 with value: 6580.791546252956.
[I 2026-03-31 22:27:45,307] Trial 328 finished with value: 6766.576367324875 and parameters: {'alpha_0': 0.0011223386316136523, 'alpha_1': 6.42124031923878e-05, 'alpha_2': 4.0090175938077926e-05, 'beta_0': 0.06402236193590591, 'beta_1': 13.250023257933309, 'beta_2': 0.16277155518231293, 'beta_3': 0.0007549902239666229, 'beta_4': 3.4438425504456887, 'beta_5': 33.03326010168919, 'beta_6': 0.04560922003563911, 'beta_7': 0.016334958178364233, 'beta_8': 1.543262798718429e-05, 'beta_9': 9.337445626951746e-07}. Best is trial 304 with value: 6580.791546252956.
[I 2026-03-31 22:27:54,592] Trial 329 finished with value: 6794.498646643834 and parameters: {'alpha_0': 0.001054728597931974, 'alpha_1': 6.031770394910419e-05, 'alpha_2': 4.233176581990316e-05, 'beta_0': 0.06755668541009265, 'beta_1': 13.172308694576266, 'beta_2': 0.1531896673199169, 'beta_3': 0.0007531546852149684, 'beta_4': 3.208964712975752, 'beta_5': 31.773074103640788, 'beta_6': 0.046360491318608504, 'beta_7': 0.015847230449060827, 'beta_8': 1.692757993644017e-05, 'beta_9': 9.984851900868936e-07}. Best is trial 304 with value: 6580.791546252956.
