[I 2026-04-01 00:33:15,992] Trial 1159 finished with value: 6657.097406219231 and parameters: {'alpha_0': 0.0005334156794926247, 'alpha_1': 6.036665713060251e-05, 'alpha_2': 4.508516322781304e-05, 'beta_0': 0.09264814846949165, 'beta_1': 6.048881410110409, 'beta_2': 0.20429332092408733, 'beta_3': 0.0010232404929761492, 'beta_4': 6.135889277644858, 'beta_5': 34.990928506302225, 'beta_6': 0.045333358460825895, 'beta_7': 0.015805919595945166, 'beta_8': 3.7678676014949484e-05, 'beta_9': 5.746986020095964e-07}. Best is trial 691 with value: 6538.461030825155.
[I 2026-04-01 00:33:25,242] Trial 1160 finished with value: 7093.949858809183 and parameters: {'alpha_0': 0.0005806578853699389, 'alpha_1': 5.75722219050363e-05, 'alpha_2': 0.00010453781013546978, 'beta_0': 0.08451963424513542, 'beta_1': 6.555498272545886, 'beta_2': 0.2064060255486562, 'beta_3': 0.0009096829050254695, 'beta_4': 6.580844081703832, 'beta_5': 34.237424983264205, 'beta_6': 0.0429315910794824, 'beta_7': 0.01672452933462354, 'beta_8': 3.998117064317053e-05, 'beta_9': 6.641555599350142e-07}. Best is trial 691 with value: 6538.461030825155.
[I 2026-04-01 00:33:34,623] Trial 1161 finished with value: 7171.762336493242 and parameters: {'alpha_0': 0.0006524959010308333, 'alpha_1': 5.198289794727832e-05, 'alpha_2': 9.117974232831198e-05, 'beta_0': 0.09760491235703159, 'beta_1': 6.2423197319983705, 'beta_2': 0.19863098034190893, 'beta_3': 0.0009387485043079577, 'beta_4': 6.472064838546767, 'beta_5': 37.0498681433261, 'beta_6': 0.04178130060920617, 'beta_7': 0.015304889153799447, 'beta_8': 3.8346616506928165e-05, 'beta_9': 1.303878878070674e-06}. Best is trial 691 with value: 6538.461030825155.
[I 2026-04-01 00:33:43,899] Trial 1162 finished with value: 6753.576696119459 and parameters: {'alpha_0': 0.0007277869649431661, 'alpha_1': 5.4997082410500355e-05, 'alpha_2': 4.784370540903734e-05, 'beta_0': 0.08976263362249885, 'beta_1': 5.804789656720533, 'beta_2': 0.21086736818691593, 'beta_3': 0.0009620804705469635, 'beta_4': 6.298808388049363, 'beta_5': 36.143499668974044, 'beta_6': 0.043854151706190656, 'beta_7': 0.016071108302825043, 'beta_8': 3.93603165616961e-05, 'beta_9': 5.531497521030863e-07}. Best is trial 691 with value: 6538.461030825155.
[I 2026-04-01 00:33:53,235] Trial 1163 finished with value: 6590.652859822334 and parameters: {'alpha_0': 0.0006055836786518072, 'alpha_1': 5.3320721259234166e-05, 'alpha_2': 4.574237665496154e-05, 'beta_0': 0.07026118568359703, 'beta_1': 6.4256362968518355, 'beta_2': 0.20097564084680897, 'beta_3': 0.0009841605113445155, 'beta_4': 6.664485773422408, 'beta_5': 34.00958146807815, 'beta_6': 0.04184618688339341, 'beta_7': 0.01569389870363247, 'beta_8': 3.607587355559682e-05, 'beta_9': 6.202917579178297e-07}. Best is trial 691 with value: 6538.461030825155.
[I 2026-04-01 00:34:02,555] Trial 1164 finished with value: inf and parameters: {'alpha_0': 0.0006711321394963157, 'alpha_1': 5.824582012837491e-05, 'alpha_2': 4.4700712769092584e-05, 'beta_0': 0.08081840801803364, 'beta_1': 6.047723658753583, 'beta_2': 0.22868001299480992, 'beta_3': 0.0008944406879259203, 'beta_4': 6.536142732018599, 'beta_5': 35.194096251005675, 'beta_6': 0.042690560632744554, 'beta_7': 0.018137477695277203, 'beta_8': 3.703639619756642e-05, 'beta_9': 6.866817911991978e-07}. Best is trial 691 with value: 6538.461030825155.
[I 2026-04-01 00:34:11,793] Trial 1165 finished with value: 6787.6989667352045 and parameters: {'alpha_0': 0.0005379507570810245, 'alpha_1': 5.1733675950456924e-05, 'alpha_2': 0.00010014677644729249, 'beta_0': 0.09486388109737896, 'beta_1': 6.240762951894037, 'beta_2': 0.203558605956909, 'beta_3': 0.0008417923766480443, 'beta_4': 6.752833433157754, 'beta_5': 36.65971124325661, 'beta_6': 0.04127292212217122, 'beta_7': 0.016398252494960155, 'beta_8': 3.888263245349436e-05, 'beta_9': 7.290290542185891e-07}. Best is trial 691 with value: 6538.461030825155.
[I 2026-04-01 00:34:24,015] Trial 1166 finished with value: 7446.609044020004 and parameters: {'alpha_0': 0.0005001080926071539, 'alpha_1': 5.000422881648899e-05, 'alpha_2': 4.8572001119966636e-05, 'beta_0': 0.1029935775723608, 'beta_1': 6.672592548404243, 'beta_2': 0.2087762443914636, 'beta_3': 0.0008251805851061529, 'beta_4': 6.37448614052606, 'beta_5': 34.54706557948824, 'beta_6': 0.0434823701434034, 'beta_7': 0.015197468880598603, 'beta_8': 3.998948518149537e-05, 'beta_9': 1.8980930775228746e-06}. Best is trial 691 with value: 6538.461030825155.
[I 2026-04-01 00:34:34,809] Trial 1167 finished with value: 6717.1676833924175 and parameters: {'alpha_0': 0.0006312994438241588, 'alpha_1': 5.6342486635451205e-05, 'alpha_2': 0.00010949091686128517, 'beta_0': 0.0746833237494872, 'beta_1': 5.744380287618248, 'beta_2': 0.2063968142147725, 'beta_3': 0.0009285765773496024, 'beta_4': 6.632281169890147, 'beta_5': 33.59525369790341, 'beta_6': 0.0452011531983716, 'beta_7': 0.015943924707180222, 'beta_8': 3.8105400542130105e-05, 'beta_9': 5.012836074810701e-07}. Best is trial 691 with value: 6538.461030825155.
[I 2026-04-01 00:34:45,738] Trial 1168 finished with value: 6691.128328755064 and parameters: {'alpha_0': 0.000567389353930008, 'alpha_1': 5.445042850872409e-05, 'alpha_2': 4.461261982178261e-05, 'beta_0': 0.08591797183734316, 'beta_1': 6.5071390926598065, 'beta_2': 0.21599626766859498, 'beta_3': 0.0009476967773312797, 'beta_4': 6.471223224977384, 'beta_5': 35.81345140675558, 'beta_6': 0.041952325631207626, 'beta_7': 0.015593656481108773, 'beta_8': 3.9381318846781275e-05, 'beta_9': 6.44881544367451e-07}. Best is trial 691 with value: 6538.461030825155.
[I 2026-04-01 00:34:56,839] Trial 1169 finished with value: 6754.804236943222 and parameters: {'alpha_0': 0.0007010511249584435, 'alpha_1': 5.323275831137911e-05, 'alpha_2': 4.3597127718143945e-05, 'beta_0': 0.0777804626302381, 'beta_1': 6.978394532925272, 'beta_2': 0.2126774086657524, 'beta_3': 0.0009983349505293634, 'beta_4': 6.174551804471364, 'beta_5': 35.15305890591342, 'beta_6': 0.04001559388176686, 'beta_7': 0.015498057981577234, 'beta_8': 3.873542379741493e-05, 'beta_9': 7.581530818998124e-07}. Best is trial 691 with value: 6538.461030825155.
[I 2026-04-01 00:35:07,127] Trial 1170 finished with value: 6770.301253511168 and parameters: {'alpha_0': 0.0006117140287050393, 'alpha_1': 5.616611699686423e-05, 'alpha_2': 4.64118615424344e-05, 'beta_0': 0.09127964530771976, 'beta_1': 6.001691244701335, 'beta_2': 0.20466496448063537, 'beta_3': 0.0008723001644435585, 'beta_4': 6.797621427757528, 'beta_5': 34.05497620872524, 'beta_6': 0.04308126276117766, 'beta_7': 0.016171941085338704, 'beta_8': 3.947916830705701e-05, 'beta_9': 6.942036345529834e-07}. Best is trial 691 with value: 6538.461030825155.Best trial: 691. Best value: 6538.46:  58%|█████▊    | 1170/2000 [2:56:22<2:27:35, 10.67s/it]Best trial: 691. Best value: 6538.46:  58%|█████▊    | 1170/2000 [2:56:22<2:27:35, 10.67s/it]Best trial: 691. Best value: 6538.46:  59%|█████▊    | 1171/2000 [2:56:22<2:25:49, 10.55s/it]                                                                                             Best trial: 691. Best value: 6538.46:  59%|█████▊    | 1171/2000 [2:56:33<2:25:49, 10.55s/it]Best trial: 691. Best value: 6538.46:  59%|█████▊    | 1171/2000 [2:56:33<2:25:49, 10.55s/it]Best trial: 691. Best value: 6538.46:  59%|█████▊    | 1172/2000 [2:56:33<2:26:23, 10.61s/it]                                                                                             Best trial: 691. Best value: 6538.46:  59%|█████▊    | 1172/2000 [2:56:43<2:26:23, 10.61s/it]Best trial: 691. Best value: 6538.46:  59%|█████▊    | 1172/2000 [2:56:43<2:26:23, 10.61s/it]Best trial: 691. Best value: 6538.46:  59%|█████▊    | 1173/2000 [2:56:43<2:25:20, 10.54s/it]                                                                                             Best trial: 691. Best value: 6538.46:  59%|█████▊    | 1173/2000 [2:56:55<2:25:20, 10.54s/it]Best trial: 691. Best value: 6538.46:  59%|█████▊    | 1173/2000 [2:56:55<2:25:20, 10.54s/it]Best trial: 691. Best value: 6538.46:  59%|█████▊    | 1174/2000 [2:56:55<2:31:41, 11.02s/it]                                                                                             Best trial: 691. Best value: 6538.46:  59%|█████▊    | 1174/2000 [2:57:07<2:31:41, 11.02s/it]Best trial: 691. Best value: 6538.46:  59%|█████▊    | 1174/2000 [2:57:07<2:31:41, 11.02s/it]Best trial: 691. Best value: 6538.46:  59%|█████▉    | 1175/2000 [2:57:07<2:32:46, 11.11s/it]                                                                                             Best trial: 691. Best value: 6538.46:  59%|█████▉    | 1175/2000 [2:57:17<2:32:46, 11.11s/it]Best trial: 691. Best value: 6538.46:  59%|█████▉    | 1175/2000 [2:57:17<2:32:46, 11.11s/it]Best trial: 691. Best value: 6538.46:  59%|█████▉    | 1176/2000 [2:57:17<2:30:17, 10.94s/it]                                                                                             Best trial: 691. Best value: 6538.46:  59%|█████▉    | 1176/2000 [2:57:28<2:30:17, 10.94s/it]Best trial: 691. Best value: 6538.46:  59%|█████▉    | 1176/2000 [2:57:28<2:30:17, 10.94s/it]Best trial: 691. Best value: 6538.46:  59%|█████▉    | 1177/2000 [2:57:28<2:28:05, 10.80s/it]                                                                                             Best trial: 691. Best value: 6538.46:  59%|█████▉    | 1177/2000 [2:57:39<2:28:05, 10.80s/it]Best trial: 691. Best value: 6538.46:  59%|█████▉    | 1177/2000 [2:57:39<2:28:05, 10.80s/it]Best trial: 691. Best value: 6538.46:  59%|█████▉    | 1178/2000 [2:57:39<2:31:34, 11.06s/it]                                                                                             Best trial: 691. Best value: 6538.46:  59%|█████▉    | 1178/2000 [2:57:41<2:31:34, 11.06s/it]Best trial: 691. Best value: 6538.46:  59%|█████▉    | 1178/2000 [2:57:41<2:31:34, 11.06s/it]Best trial: 691. Best value: 6538.46:  59%|█████▉    | 1179/2000 [2:57:41<1:52:39,  8.23s/it]                                                                                             Best trial: 691. Best value: 6538.46:  59%|█████▉    | 1179/2000 [2:57:52<1:52:39,  8.23s/it]Best trial: 691. Best value: 6538.46:  59%|█████▉    | 1179/2000 [2:57:52<1:52:39,  8.23s/it]Best trial: 691. Best value: 6538.46:  59%|█████▉    | 1180/2000 [2:57:52<2:03:33,  9.04s/it]                                                                                             Best trial: 691. Best value: 6538.46:  59%|█████▉    | 1180/2000 [2:58:02<2:03:33,  9.04s/it]Best trial: 691. Best value: 6538.46:  59%|█████▉    | 1180/2000 [2:58:02<2:03:33,  9.04s/it]Best trial: 691. Best value: 6538.46:  59%|█████▉    | 1181/2000 [2:58:02<2:08:26,  9.41s/it]                                                                                             Best trial: 691. Best value: 6538.46:  59%|█████▉    | 1181/2000 [2:58:13<2:08:26,  9.41s/it]Best trial: 691. Best value: 6538.46:  59%|█████▉    | 1181/2000 [2:58:13<2:08:26,  9.41s/it]Best trial: 691. Best value: 6538.46:  59%|█████▉    | 1182/2000 [2:58:13<2:16:00,  9.98s/it]                                                                                             Best trial: 691. Best value: 6538.46:  59%|█████▉    | 1182/2000 [2:58:24<2:16:00,  9.98s/it]Best trial: 691. Best value: 6538.46:  59%|█████▉    | 1182/2000 [2:58:24<2:16:00,  9.98s/it]Best trial: 691. Best value: 6538.46:  59%|█████▉    | 1183/2000 [2:58:24<2:18:46, 10.19s/it]                                                                                             Best trial: 691. Best value: 6538.46:  59%|█████▉    | 1183/2000 [2:58:34<2:18:46, 10.19s/it]Best trial: 691. Best value: 6538.46:  59%|█████▉    | 1183/2000 [2:58:34<2:18:46, 10.19s/it]Best trial: 691. Best value: 6538.46:  59%|█████▉    | 1184/2000 [2:58:34<2:19:13, 10.24s/it]                                                                                             Best trial: 691. Best value: 6538.46:  59%|█████▉    | 1184/2000 [2:58:45<2:19:13, 10.24s/it]Best trial: 691. Best value: 6538.46:  59%|█████▉    | 1184/2000 [2:58:45<2:19:13, 10.24s/it]Best trial: 691. Best value: 6538.46:  59%|█████▉    | 1185/2000 [2:58:45<2:21:42, 10.43s/it]                                                                                             
[I 2026-04-01 00:35:17,861] Trial 1171 finished with value: 6637.090385307752 and parameters: {'alpha_0': 0.0007499105046573555, 'alpha_1': 5.178051087703987e-05, 'alpha_2': 4.3827395189362977e-05, 'beta_0': 0.09810376145967052, 'beta_1': 5.584958172673755, 'beta_2': 0.20800297808759066, 'beta_3': 0.0009646185268989139, 'beta_4': 6.58291750323815, 'beta_5': 34.622876613172565, 'beta_6': 0.041064900186837894, 'beta_7': 0.01584625658855604, 'beta_8': 3.781797775951247e-05, 'beta_9': 5.870320780841971e-07}. Best is trial 691 with value: 6538.461030825155.
[I 2026-04-01 00:35:28,258] Trial 1172 finished with value: 7087.117827760258 and parameters: {'alpha_0': 0.0005683562865967254, 'alpha_1': 5.4685700385637815e-05, 'alpha_2': 0.00010597310347989724, 'beta_0': 0.08294326986095645, 'beta_1': 6.159185366489364, 'beta_2': 0.21057259519014454, 'beta_3': 0.0009157668946112751, 'beta_4': 6.703610556530771, 'beta_5': 33.32529539127345, 'beta_6': 0.04417311385494524, 'beta_7': 0.01658555773551108, 'beta_8': 3.8470363717019227e-05, 'beta_9': 6.519948910555152e-07}. Best is trial 691 with value: 6538.461030825155.
[I 2026-04-01 00:35:40,380] Trial 1173 finished with value: 7481.201858346285 and parameters: {'alpha_0': 0.0006660756002798043, 'alpha_1': 5.8339156861895196e-05, 'alpha_2': 0.00010623719353255663, 'beta_0': 0.08787440973096942, 'beta_1': 6.37709330674596, 'beta_2': 0.2019201624569397, 'beta_3': 0.0010310319975649273, 'beta_4': 6.263670096811571, 'beta_5': 36.08198434690973, 'beta_6': 0.04615289056608653, 'beta_7': 0.015012366248030545, 'beta_8': 2.510803351074327e-05, 'beta_9': 7.188668412933588e-07}. Best is trial 691 with value: 6538.461030825155.
[I 2026-04-01 00:35:51,708] Trial 1174 finished with value: 6577.001824833117 and parameters: {'alpha_0': 0.000626753172495698, 'alpha_1': 5.002742036729758e-05, 'alpha_2': 0.0001032824870826888, 'beta_0': 0.09424739276407725, 'beta_1': 5.930205018953807, 'beta_2': 0.219097133433088, 'beta_3': 0.00097803892146963, 'beta_4': 6.394599844439334, 'beta_5': 31.599195589600175, 'beta_6': 0.04178258470972995, 'beta_7': 0.015684816099002456, 'beta_8': 3.898740864706861e-05, 'beta_9': 6.089925886988303e-07}. Best is trial 691 with value: 6538.461030825155.
[I 2026-04-01 00:36:02,262] Trial 1175 finished with value: inf and parameters: {'alpha_0': 0.0005378445751111789, 'alpha_1': 5.29945368335462e-05, 'alpha_2': 5.834607325708437e-05, 'beta_0': 0.07002474307031764, 'beta_1': 11.34789972793999, 'beta_2': 0.2061365564059603, 'beta_3': 0.001010084846722465, 'beta_4': 6.580929112863649, 'beta_5': 37.50691340035294, 'beta_6': 0.04290997827611172, 'beta_7': 0.017185659668119354, 'beta_8': 3.998351801502362e-05, 'beta_9': 5.49974980684185e-07}. Best is trial 691 with value: 6538.461030825155.
[I 2026-04-01 00:36:12,714] Trial 1176 finished with value: 6707.082471057709 and parameters: {'alpha_0': 0.0005877247856623191, 'alpha_1': 5.1863915851739134e-05, 'alpha_2': 9.876618704900723e-05, 'beta_0': 0.08014749524682192, 'beta_1': 6.783596664328137, 'beta_2': 0.19429693085193347, 'beta_3': 0.0008972715494631328, 'beta_4': 5.2928013594278855, 'beta_5': 21.24329029994254, 'beta_6': 0.0418480438414511, 'beta_7': 0.016109537731198328, 'beta_8': 3.734233101257373e-05, 'beta_9': 1.1609829519277877e-06}. Best is trial 691 with value: 6538.461030825155.
[I 2026-04-01 00:36:24,403] Trial 1177 finished with value: 7167.3574643046195 and parameters: {'alpha_0': 0.000692501959144596, 'alpha_1': 6.059477620445335e-05, 'alpha_2': 4.7392004667615994e-05, 'beta_0': 0.08825937999458415, 'beta_1': 6.24091684164708, 'beta_2': 0.2088169897578471, 'beta_3': 0.0009402128221194094, 'beta_4': 6.030439509489136, 'beta_5': 35.545508378102305, 'beta_6': 0.044511080675529134, 'beta_7': 0.01537842250855542, 'beta_8': 3.927742582302637e-05, 'beta_9': 6.784207328444251e-07}. Best is trial 691 with value: 6538.461030825155.
[I 2026-04-01 00:36:26,031] Trial 1178 finished with value: inf and parameters: {'alpha_0': 0.0006425386208717944, 'alpha_1': 5.487649682830586e-05, 'alpha_2': 4.267201457584752e-05, 'beta_0': 0.1015387383432631, 'beta_1': 5.802082822939514, 'beta_2': 0.2043563501427739, 'beta_3': 0.0009604270800875572, 'beta_4': 6.488785567496314, 'beta_5': 32.50124653313372, 'beta_6': 0.04110961072009746, 'beta_7': 0.02739011371325912, 'beta_8': 3.823720627467924e-05, 'beta_9': 7.501769600095295e-07}. Best is trial 691 with value: 6538.461030825155.
[I 2026-04-01 00:36:36,957] Trial 1179 finished with value: 6782.767868477838 and parameters: {'alpha_0': 0.0005311207143217676, 'alpha_1': 5.697034186644517e-05, 'alpha_2': 4.920360934841581e-05, 'beta_0': 0.07569295061256187, 'beta_1': 6.471151236730461, 'beta_2': 0.21374718105279433, 'beta_3': 0.0010671718349678336, 'beta_4': 6.730641494688007, 'beta_5': 33.70232626355463, 'beta_6': 0.043018149425186274, 'beta_7': 0.015890396158945826, 'beta_8': 3.677221207321175e-05, 'beta_9': 1.0706223214032914e-06}. Best is trial 691 with value: 6538.461030825155.
[I 2026-04-01 00:36:47,225] Trial 1180 finished with value: 6814.593971060091 and parameters: {'alpha_0': 0.0005006196353441036, 'alpha_1': 5.302845920404417e-05, 'alpha_2': 4.539169816421024e-05, 'beta_0': 0.08460195271846559, 'beta_1': 9.50397721360059, 'beta_2': 0.20721837339654584, 'beta_3': 0.0009187746572686365, 'beta_4': 6.642781903973657, 'beta_5': 34.36835110176491, 'beta_6': 0.04082017683231936, 'beta_7': 0.016305003037575976, 'beta_8': 3.942141279699073e-05, 'beta_9': 1.2320608836287114e-06}. Best is trial 691 with value: 6538.461030825155.
[I 2026-04-01 00:36:58,525] Trial 1181 finished with value: 6924.354472707878 and parameters: {'alpha_0': 0.0005991481674426385, 'alpha_1': 5.191714167333424e-05, 'alpha_2': 4.302264613502915e-05, 'beta_0': 0.09150206254008834, 'beta_1': 5.536477244452393, 'beta_2': 0.19983557768683868, 'beta_3': 0.0009890991058975178, 'beta_4': 6.337308548515232, 'beta_5': 33.09089716600225, 'beta_6': 0.08136916747694477, 'beta_7': 0.015500332160031612, 'beta_8': 3.868564445904913e-05, 'beta_9': 6.39880646632325e-07}. Best is trial 691 with value: 6538.461030825155.
[I 2026-04-01 00:37:09,218] Trial 1182 finished with value: 6653.897974549349 and parameters: {'alpha_0': 0.0007163371228768087, 'alpha_1': 5.511728239839222e-05, 'alpha_2': 4.160305017575987e-05, 'beta_0': 0.10643641757289739, 'beta_1': 6.004508923743046, 'beta_2': 0.21039978679651253, 'beta_3': 0.000880280890872077, 'beta_4': 7.931104910472223, 'beta_5': 35.05836675982984, 'beta_6': 0.04393725803315426, 'beta_7': 0.015895176678255348, 'beta_8': 3.8030349764831e-05, 'beta_9': 7.09862416780993e-07}. Best is trial 691 with value: 6538.461030825155.
[I 2026-04-01 00:37:19,560] Trial 1183 finished with value: 7082.258992110037 and parameters: {'alpha_0': 0.0006612392319356951, 'alpha_1': 5.0066060094277066e-05, 'alpha_2': 4.54930458801061e-05, 'beta_0': 0.0734033618199935, 'beta_1': 6.619802133583835, 'beta_2': 0.20270945389043066, 'beta_3': 0.0009437595268342986, 'beta_4': 6.860461343246708, 'beta_5': 31.982326535248838, 'beta_6': 0.042436924811730684, 'beta_7': 0.01651929515384609, 'beta_8': 3.999013357006413e-05, 'beta_9': 6.685773293128447e-07}. Best is trial 691 with value: 6538.461030825155.
[I 2026-04-01 00:37:30,451] Trial 1184 finished with value: 6621.641010910755 and parameters: {'alpha_0': 0.002351912151691246, 'alpha_1': 5.821844635919535e-05, 'alpha_2': 4.4153551197813746e-05, 'beta_0': 0.09564862296961145, 'beta_1': 6.211975885409408, 'beta_2': 0.20524679319440342, 'beta_3': 0.0009736415477301319, 'beta_4': 6.492162192458377, 'beta_5': 36.5132844966217, 'beta_6': 0.045250114695481965, 'beta_7': 0.01569839020037599, 'beta_8': 3.8844912347755906e-05, 'beta_9': 5.826134883869115e-07}. Best is trial 691 with value: 6538.461030825155.
