[I 2026-03-31 22:14:39,850] Trial 240 finished with value: 6910.390388886279 and parameters: {'alpha_0': 0.0010042290277311595, 'alpha_1': 6.581417409752412e-05, 'alpha_2': 4.8691853214306293e-05, 'beta_0': 0.059558897562735545, 'beta_1': 11.666958035948944, 'beta_2': 0.18248452682206623, 'beta_3': 0.0006841996218425885, 'beta_4': 3.996269156409091, 'beta_5': 28.33473923700989, 'beta_6': 0.057505278580820184, 'beta_7': 0.0167165398578515, 'beta_8': 3.210254524533015e-05, 'beta_9': 5.866812733241943e-07}. Best is trial 166 with value: 6636.176825783119.Best trial: 166. Best value: 6636.18:  12%|█▏        | 240/2000 [35:55<4:32:36,  9.29s/it]Best trial: 166. Best value: 6636.18:  12%|█▏        | 240/2000 [35:55<4:32:36,  9.29s/it]Best trial: 166. Best value: 6636.18:  12%|█▏        | 241/2000 [35:55<4:31:53,  9.27s/it]                                                                                          Best trial: 166. Best value: 6636.18:  12%|█▏        | 241/2000 [36:04<4:31:53,  9.27s/it]Best trial: 166. Best value: 6636.18:  12%|█▏        | 241/2000 [36:04<4:31:53,  9.27s/it]Best trial: 166. Best value: 6636.18:  12%|█▏        | 242/2000 [36:04<4:31:36,  9.27s/it]                                                                                          Best trial: 166. Best value: 6636.18:  12%|█▏        | 242/2000 [36:13<4:31:36,  9.27s/it]Best trial: 166. Best value: 6636.18:  12%|█▏        | 242/2000 [36:13<4:31:36,  9.27s/it]Best trial: 166. Best value: 6636.18:  12%|█▏        | 243/2000 [36:13<4:31:10,  9.26s/it]                                                                                          Best trial: 166. Best value: 6636.18:  12%|█▏        | 243/2000 [36:22<4:31:10,  9.26s/it]Best trial: 166. Best value: 6636.18:  12%|█▏        | 243/2000 [36:22<4:31:10,  9.26s/it]Best trial: 166. Best value: 6636.18:  12%|█▏        | 244/2000 [36:22<4:30:25,  9.24s/it]                                                                                          Best trial: 166. Best value: 6636.18:  12%|█▏        | 244/2000 [36:32<4:30:25,  9.24s/it]Best trial: 166. Best value: 6636.18:  12%|█▏        | 244/2000 [36:32<4:30:25,  9.24s/it]Best trial: 166. Best value: 6636.18:  12%|█▏        | 245/2000 [36:32<4:29:30,  9.21s/it]                                                                                          Best trial: 166. Best value: 6636.18:  12%|█▏        | 245/2000 [36:41<4:29:30,  9.21s/it]Best trial: 166. Best value: 6636.18:  12%|█▏        | 245/2000 [36:41<4:29:30,  9.21s/it]Best trial: 166. Best value: 6636.18:  12%|█▏        | 246/2000 [36:41<4:30:04,  9.24s/it]                                                                                          Best trial: 166. Best value: 6636.18:  12%|█▏        | 246/2000 [36:50<4:30:04,  9.24s/it]Best trial: 166. Best value: 6636.18:  12%|█▏        | 246/2000 [36:50<4:30:04,  9.24s/it]Best trial: 166. Best value: 6636.18:  12%|█▏        | 247/2000 [36:50<4:29:46,  9.23s/it]                                                                                          Best trial: 166. Best value: 6636.18:  12%|█▏        | 247/2000 [37:00<4:29:46,  9.23s/it]Best trial: 166. Best value: 6636.18:  12%|█▏        | 247/2000 [37:00<4:29:46,  9.23s/it]Best trial: 166. Best value: 6636.18:  12%|█▏        | 248/2000 [37:00<4:31:40,  9.30s/it]                                                                                          Best trial: 166. Best value: 6636.18:  12%|█▏        | 248/2000 [37:09<4:31:40,  9.30s/it]Best trial: 166. Best value: 6636.18:  12%|█▏        | 248/2000 [37:09<4:31:40,  9.30s/it]Best trial: 166. Best value: 6636.18:  12%|█▏        | 249/2000 [37:09<4:31:13,  9.29s/it]                                                                                          Best trial: 166. Best value: 6636.18:  12%|█▏        | 249/2000 [37:18<4:31:13,  9.29s/it]Best trial: 166. Best value: 6636.18:  12%|█▏        | 249/2000 [37:18<4:31:13,  9.29s/it]Best trial: 166. Best value: 6636.18:  12%|█▎        | 250/2000 [37:18<4:30:54,  9.29s/it]                                                                                          Best trial: 166. Best value: 6636.18:  12%|█▎        | 250/2000 [37:27<4:30:54,  9.29s/it]Best trial: 166. Best value: 6636.18:  12%|█▎        | 250/2000 [37:27<4:30:54,  9.29s/it]Best trial: 166. Best value: 6636.18:  13%|█▎        | 251/2000 [37:27<4:30:51,  9.29s/it]                                                                                          Best trial: 166. Best value: 6636.18:  13%|█▎        | 251/2000 [37:37<4:30:51,  9.29s/it]Best trial: 251. Best value: 6615.61:  13%|█▎        | 251/2000 [37:37<4:30:51,  9.29s/it]Best trial: 251. Best value: 6615.61:  13%|█▎        | 252/2000 [37:37<4:30:19,  9.28s/it]                                                                                          Best trial: 251. Best value: 6615.61:  13%|█▎        | 252/2000 [37:46<4:30:19,  9.28s/it]Best trial: 251. Best value: 6615.61:  13%|█▎        | 252/2000 [37:46<4:30:19,  9.28s/it]Best trial: 251. Best value: 6615.61:  13%|█▎        | 253/2000 [37:46<4:29:26,  9.25s/it]                                                                                          Best trial: 251. Best value: 6615.61:  13%|█▎        | 253/2000 [37:55<4:29:26,  9.25s/it]Best trial: 251. Best value: 6615.61:  13%|█▎        | 253/2000 [37:55<4:29:26,  9.25s/it]Best trial: 251. Best value: 6615.61:  13%|█▎        | 254/2000 [37:55<4:29:06,  9.25s/it]                                                                                          Best trial: 251. Best value: 6615.61:  13%|█▎        | 254/2000 [38:04<4:29:06,  9.25s/it]Best trial: 251. Best value: 6615.61:  13%|█▎        | 254/2000 [38:04<4:29:06,  9.25s/it]Best trial: 251. Best value: 6615.61:  13%|█▎        | 255/2000 [38:04<4:28:39,  9.24s/it]                                                                                          
[I 2026-03-31 22:14:49,110] Trial 241 finished with value: 6641.042590111192 and parameters: {'alpha_0': 0.0011894203193189114, 'alpha_1': 7.177122966355873e-05, 'alpha_2': 4.1209239687076764e-05, 'beta_0': 0.08734691402394616, 'beta_1': 11.258464651368499, 'beta_2': 0.18941747993844976, 'beta_3': 0.0007310322693676217, 'beta_4': 4.4684457007035885, 'beta_5': 30.229704275073846, 'beta_6': 0.05147613955651482, 'beta_7': 0.015988510080378153, 'beta_8': 3.36983807857024e-05, 'beta_9': 5.676237715631201e-07}. Best is trial 166 with value: 6636.176825783119.
[I 2026-03-31 22:14:58,348] Trial 242 finished with value: 6776.662622557482 and parameters: {'alpha_0': 0.001230314405840938, 'alpha_1': 7.441617391172843e-05, 'alpha_2': 4.086047660957651e-05, 'beta_0': 0.08240092917638657, 'beta_1': 11.411647925479716, 'beta_2': 0.19013787655821715, 'beta_3': 0.0007522026740051283, 'beta_4': 4.317202053508985, 'beta_5': 30.59692372872567, 'beta_6': 0.05428450251918728, 'beta_7': 0.015887430275222974, 'beta_8': 3.442188198608481e-05, 'beta_9': 5.454792985416833e-07}. Best is trial 166 with value: 6636.176825783119.
[I 2026-03-31 22:15:07,541] Trial 243 finished with value: 7464.289689812969 and parameters: {'alpha_0': 0.0011716470264775173, 'alpha_1': 7.222453288146891e-05, 'alpha_2': 4.095282762860409e-05, 'beta_0': 0.08548646075159837, 'beta_1': 11.289193524290717, 'beta_2': 0.1873502178533043, 'beta_3': 0.0007172575437861973, 'beta_4': 4.53731390777059, 'beta_5': 31.37517772441788, 'beta_6': 0.05276505392318869, 'beta_7': 0.01553659881656251, 'beta_8': 3.389559001059567e-05, 'beta_9': 6.092917945252137e-07}. Best is trial 166 with value: 6636.176825783119.
[I 2026-03-31 22:15:16,694] Trial 244 finished with value: 6645.284665464187 and parameters: {'alpha_0': 0.0012025412737541516, 'alpha_1': 6.978851933668371e-05, 'alpha_2': 4.3396084840860136e-05, 'beta_0': 0.07922817999846796, 'beta_1': 12.817101611068885, 'beta_2': 0.19177760847083272, 'beta_3': 0.0006715352943124218, 'beta_4': 4.730930744487387, 'beta_5': 29.72947216119764, 'beta_6': 0.04993822576884865, 'beta_7': 0.016050514286840425, 'beta_8': 3.306960788215646e-05, 'beta_9': 8.701725853608326e-07}. Best is trial 166 with value: 6636.176825783119.
[I 2026-03-31 22:15:25,989] Trial 245 finished with value: 6814.923560106357 and parameters: {'alpha_0': 0.0012103315575278442, 'alpha_1': 6.893930433242485e-05, 'alpha_2': 4.238503376816404e-05, 'beta_0': 0.07861532159127645, 'beta_1': 12.762164761382591, 'beta_2': 0.1920977323549355, 'beta_3': 0.000665977146286847, 'beta_4': 4.712837846277828, 'beta_5': 30.28964781304022, 'beta_6': 0.05119165330654132, 'beta_7': 0.01638467059722374, 'beta_8': 3.316981372221606e-05, 'beta_9': 9.242370095238977e-07}. Best is trial 166 with value: 6636.176825783119.
[I 2026-03-31 22:15:35,211] Trial 246 finished with value: 6719.862081079369 and parameters: {'alpha_0': 0.001138703464933243, 'alpha_1': 7.087749839926872e-05, 'alpha_2': 4.398988195386959e-05, 'beta_0': 0.07568116400169202, 'beta_1': 12.997427252628565, 'beta_2': 0.19519020725343678, 'beta_3': 0.0006835119208516489, 'beta_4': 5.052128580726273, 'beta_5': 27.417058304160182, 'beta_6': 0.055649580760259144, 'beta_7': 0.01614536846076054, 'beta_8': 3.474715888417457e-05, 'beta_9': 8.704155822268533e-07}. Best is trial 166 with value: 6636.176825783119.
[I 2026-03-31 22:15:44,679] Trial 247 finished with value: 7186.915472498512 and parameters: {'alpha_0': 0.00091723473125573, 'alpha_1': 6.807585326417805e-05, 'alpha_2': 4.325060810632291e-05, 'beta_0': 0.08101818928329169, 'beta_1': 13.22862322667066, 'beta_2': 0.19312675735680349, 'beta_3': 0.0006417387864689997, 'beta_4': 4.830025524397606, 'beta_5': 29.66475960521429, 'beta_6': 0.05049012172128776, 'beta_7': 0.015708517622055024, 'beta_8': 3.376414381730385e-05, 'beta_9': 8.392948107586392e-07}. Best is trial 166 with value: 6636.176825783119.
[I 2026-03-31 22:15:53,950] Trial 248 finished with value: 6648.509768440148 and parameters: {'alpha_0': 0.0010695401125819309, 'alpha_1': 6.477494088275495e-05, 'alpha_2': 4.046595771408166e-05, 'beta_0': 0.07273950807088284, 'beta_1': 12.585920792520728, 'beta_2': 0.19060939699070306, 'beta_3': 0.0006973220470764407, 'beta_4': 4.383198875530278, 'beta_5': 31.649397125660244, 'beta_6': 0.04874383133451287, 'beta_7': 0.01604880186998804, 'beta_8': 3.268135530708908e-05, 'beta_9': 8.957644155106824e-07}. Best is trial 166 with value: 6636.176825783119.
[I 2026-03-31 22:16:03,225] Trial 249 finished with value: 6806.334034276043 and parameters: {'alpha_0': 0.0010610399842983825, 'alpha_1': 6.40058989239559e-05, 'alpha_2': 4.045146254728074e-05, 'beta_0': 0.07208546858813486, 'beta_1': 12.661918014234264, 'beta_2': 0.1912661105544312, 'beta_3': 0.0006967831320073165, 'beta_4': 4.643748284353155, 'beta_5': 31.856166177303933, 'beta_6': 0.050014344401631536, 'beta_7': 0.016490909779058878, 'beta_8': 3.315589068560435e-05, 'beta_9': 8.978534114676063e-07}. Best is trial 166 with value: 6636.176825783119.
[I 2026-03-31 22:16:12,525] Trial 250 finished with value: 6653.398479579935 and parameters: {'alpha_0': 0.0010101331720255798, 'alpha_1': 6.136696406758806e-05, 'alpha_2': 4.2328833653748374e-05, 'beta_0': 0.06859849331792967, 'beta_1': 12.422007380573925, 'beta_2': 0.18894286161898413, 'beta_3': 0.0007104375221888314, 'beta_4': 4.191293445427471, 'beta_5': 31.253724561667166, 'beta_6': 0.047965922922098635, 'beta_7': 0.016045190445642073, 'beta_8': 3.403198761496062e-05, 'beta_9': 8.695988490658002e-07}. Best is trial 166 with value: 6636.176825783119.
[I 2026-03-31 22:16:21,775] Trial 251 finished with value: 6615.606706336191 and parameters: {'alpha_0': 0.0010961518544729473, 'alpha_1': 6.126339491388682e-05, 'alpha_2': 4.01045423039813e-05, 'beta_0': 0.07054723724669555, 'beta_1': 12.332725112595467, 'beta_2': 0.18544262023958266, 'beta_3': 0.0007240955256558643, 'beta_4': 4.187164581432092, 'beta_5': 32.593620420200985, 'beta_6': 0.04832465577830666, 'beta_7': 0.016014045062790184, 'beta_8': 3.523822228243097e-05, 'beta_9': 9.76991325763815e-07}. Best is trial 251 with value: 6615.606706336191.
[I 2026-03-31 22:16:30,970] Trial 252 finished with value: 7168.807797906475 and parameters: {'alpha_0': 0.001116359002171573, 'alpha_1': 5.550587279876512e-05, 'alpha_2': 4.182633910259764e-05, 'beta_0': 0.07069359073077064, 'beta_1': 12.402432996772577, 'beta_2': 0.185057355039756, 'beta_3': 0.0007285092060845417, 'beta_4': 4.13556539414099, 'beta_5': 32.18188048361184, 'beta_6': 0.049182614528812035, 'beta_7': 0.016787953855143267, 'beta_8': 3.6081055904956305e-05, 'beta_9': 9.822914571104966e-07}. Best is trial 251 with value: 6615.606706336191.
[I 2026-03-31 22:16:40,204] Trial 253 finished with value: 6671.551993937287 and parameters: {'alpha_0': 0.0010731340013611058, 'alpha_1': 5.883772449506845e-05, 'alpha_2': 4.546798490118847e-05, 'beta_0': 0.06455235229590425, 'beta_1': 12.307843519264473, 'beta_2': 0.1883745424929834, 'beta_3': 0.0007367920489924968, 'beta_4': 4.243619978049186, 'beta_5': 33.15118189283671, 'beta_6': 0.04589809884121336, 'beta_7': 0.01607948474398497, 'beta_8': 1.024967411228784e-05, 'beta_9': 9.367670512221307e-07}. Best is trial 251 with value: 6615.606706336191.
[I 2026-03-31 22:16:49,417] Trial 254 finished with value: 6678.130668786631 and parameters: {'alpha_0': 0.0010901321604219016, 'alpha_1': 5.950457104914886e-05, 'alpha_2': 4.5766458152931915e-05, 'beta_0': 0.06532893394439664, 'beta_1': 12.364535155481258, 'beta_2': 0.18733417652607412, 'beta_3': 0.0007413589383486015, 'beta_4': 4.194671624179735, 'beta_5': 33.38629107890845, 'beta_6': 0.04728056139851132, 'beta_7': 0.016115430665345556, 'beta_8': 3.507640373461759e-05, 'beta_9': 9.68763754966787e-07}. Best is trial 251 with value: 6615.606706336191.
[I 2026-03-31 22:16:58,638] Trial 255 finished with value: inf and parameters: {'alpha_0': 0.001079902507407314, 'alpha_1': 5.879169804795687e-05, 'alpha_2': 4.516953428256843e-05, 'beta_0': 0.06566166495943446, 'beta_1': 12.315548665216804, 'beta_2': 0.18820976067702488, 'beta_3': 0.0007546237468817862, 'beta_4': 4.049824227629253, 'beta_5': 33.50639881678335, 'beta_6': 0.04705795354964013, 'beta_7': 0.020949030027762872, 'beta_8': 2.5728642570927926e-05, 'beta_9': 1.0392485175436447e-06}. Best is trial 251 with value: 6615.606706336191.Best trial: 251. Best value: 6615.61:  13%|█▎        | 255/2000 [38:14<4:28:39,  9.24s/it]Best trial: 251. Best value: 6615.61:  13%|█▎        | 255/2000 [38:14<4:28:39,  9.24s/it]Best trial: 251. Best value: 6615.61:  13%|█▎        | 256/2000 [38:14<4:28:21,  9.23s/it]                                                                                          Best trial: 251. Best value: 6615.61:  13%|█▎        | 256/2000 [38:23<4:28:21,  9.23s/it]Best trial: 251. Best value: 6615.61:  13%|█▎        | 256/2000 [38:23<4:28:21,  9.23s/it]Best trial: 251. Best value: 6615.61:  13%|█▎        | 257/2000 [38:23<4:28:34,  9.25s/it]                                                                                          Best trial: 251. Best value: 6615.61:  13%|█▎        | 257/2000 [38:32<4:28:34,  9.25s/it]Best trial: 251. Best value: 6615.61:  13%|█▎        | 257/2000 [38:32<4:28:34,  9.25s/it]Best trial: 251. Best value: 6615.61:  13%|█▎        | 258/2000 [38:32<4:28:56,  9.26s/it]                                                                                          Best trial: 251. Best value: 6615.61:  13%|█▎        | 258/2000 [38:41<4:28:56,  9.26s/it]Best trial: 251. Best value: 6615.61:  13%|█▎        | 258/2000 [38:41<4:28:56,  9.26s/it]Best trial: 251. Best value: 6615.61:  13%|█▎        | 259/2000 [38:41<4:29:14,  9.28s/it]                                                                                          Best trial: 251. Best value: 6615.61:  13%|█▎        | 259/2000 [38:44<4:29:14,  9.28s/it]Best trial: 251. Best value: 6615.61:  13%|█▎        | 259/2000 [38:44<4:29:14,  9.28s/it]Best trial: 251. Best value: 6615.61:  13%|█▎        | 260/2000 [38:44<3:27:52,  7.17s/it]                                                                                          Best trial: 251. Best value: 6615.61:  13%|█▎        | 260/2000 [38:53<3:27:52,  7.17s/it]Best trial: 251. Best value: 6615.61:  13%|█▎        | 260/2000 [38:53<3:27:52,  7.17s/it]Best trial: 251. Best value: 6615.61:  13%|█▎        | 261/2000 [38:53<3:45:59,  7.80s/it]                                                                                          Best trial: 251. Best value: 6615.61:  13%|█▎        | 261/2000 [39:02<3:45:59,  7.80s/it]Best trial: 251. Best value: 6615.61:  13%|█▎        | 261/2000 [39:02<3:45:59,  7.80s/it]Best trial: 251. Best value: 6615.61:  13%|█▎        | 262/2000 [39:02<3:58:48,  8.24s/it]                                                                                          Best trial: 251. Best value: 6615.61:  13%|█▎        | 262/2000 [39:12<3:58:48,  8.24s/it]Best trial: 251. Best value: 6615.61:  13%|█▎        | 262/2000 [39:12<3:58:48,  8.24s/it]Best trial: 251. Best value: 6615.61:  13%|█▎        | 263/2000 [39:12<4:10:33,  8.65s/it]                                                                                          Best trial: 251. Best value: 6615.61:  13%|█▎        | 263/2000 [39:21<4:10:33,  8.65s/it]Best trial: 251. Best value: 6615.61:  13%|█▎        | 263/2000 [39:21<4:10:33,  8.65s/it]Best trial: 251. Best value: 6615.61:  13%|█▎        | 264/2000 [39:21<4:15:45,  8.84s/it]                                                                                          Best trial: 251. Best value: 6615.61:  13%|█▎        | 264/2000 [39:31<4:15:45,  8.84s/it]Best trial: 251. Best value: 6615.61:  13%|█▎        | 264/2000 [39:31<4:15:45,  8.84s/it]Best trial: 251. Best value: 6615.61:  13%|█▎        | 265/2000 [39:31<4:20:44,  9.02s/it]                                                                                          Best trial: 251. Best value: 6615.61:  13%|█▎        | 265/2000 [39:40<4:20:44,  9.02s/it]Best trial: 251. Best value: 6615.61:  13%|█▎        | 265/2000 [39:40<4:20:44,  9.02s/it]Best trial: 251. Best value: 6615.61:  13%|█▎        | 266/2000 [39:40<4:24:01,  9.14s/it]                                                                                          Best trial: 251. Best value: 6615.61:  13%|█▎        | 266/2000 [39:49<4:24:01,  9.14s/it]Best trial: 251. Best value: 6615.61:  13%|█▎        | 266/2000 [39:49<4:24:01,  9.14s/it]Best trial: 251. Best value: 6615.61:  13%|█▎        | 267/2000 [39:49<4:25:02,  9.18s/it]                                                                                          Best trial: 251. Best value: 6615.61:  13%|█▎        | 267/2000 [39:59<4:25:02,  9.18s/it]Best trial: 251. Best value: 6615.61:  13%|█▎        | 267/2000 [39:59<4:25:02,  9.18s/it]Best trial: 251. Best value: 6615.61:  13%|█▎        | 268/2000 [39:59<4:25:53,  9.21s/it]                                                                                          Best trial: 251. Best value: 6615.61:  13%|█▎        | 268/2000 [40:00<4:25:53,  9.21s/it]Best trial: 251. Best value: 6615.61:  13%|█▎        | 268/2000 [40:00<4:25:53,  9.21s/it]Best trial: 251. Best value: 6615.61:  13%|█▎        | 269/2000 [40:00<3:21:16,  6.98s/it]                                                                                          Best trial: 251. Best value: 6615.61:  13%|█▎        | 269/2000 [40:10<3:21:16,  6.98s/it]Best trial: 251. Best value: 6615.61:  13%|█▎        | 269/2000 [40:10<3:21:16,  6.98s/it]Best trial: 251. Best value: 6615.61:  14%|█▎        | 270/2000 [40:10<3:41:33,  7.68s/it]                                                                                          
[I 2026-03-31 22:17:07,913] Trial 256 finished with value: 6763.342514482084 and parameters: {'alpha_0': 0.0010977605089369452, 'alpha_1': 6.001861182403673e-05, 'alpha_2': 4.727358345786191e-05, 'beta_0': 0.0659895759388022, 'beta_1': 12.566195065601825, 'beta_2': 0.18602842866124333, 'beta_3': 0.000744222196828834, 'beta_4': 4.184062812128392, 'beta_5': 32.943649126201905, 'beta_6': 0.04825455287982628, 'beta_7': 0.016373477862238292, 'beta_8': 1.0014864436939492e-05, 'beta_9': 9.62565958403611e-07}. Best is trial 251 with value: 6615.606706336191.
[I 2026-03-31 22:17:17,218] Trial 257 finished with value: 7420.217888944592 and parameters: {'alpha_0': 0.0010282453252388217, 'alpha_1': 6.123904507764993e-05, 'alpha_2': 4.1853246193773044e-05, 'beta_0': 0.0682391046190736, 'beta_1': 12.234698766459857, 'beta_2': 0.1881633365165208, 'beta_3': 0.0007203575372496755, 'beta_4': 3.9342744636491167, 'beta_5': 32.551442139953586, 'beta_6': 0.04631504463706297, 'beta_7': 0.015523020836746476, 'beta_8': 3.559642068089667e-05, 'beta_9': 9.909226631028822e-07}. Best is trial 251 with value: 6615.606706336191.
[I 2026-03-31 22:17:26,533] Trial 258 finished with value: 6617.748406962895 and parameters: {'alpha_0': 0.0010823385556904199, 'alpha_1': 6.250316119651498e-05, 'alpha_2': 4.572527422665471e-05, 'beta_0': 0.06287297981733925, 'beta_1': 12.42041756667784, 'beta_2': 0.18402451358369096, 'beta_3': 0.0007321477865957341, 'beta_4': 4.243979175596092, 'beta_5': 33.65946626719846, 'beta_6': 0.04834420169345538, 'beta_7': 0.016004623158409403, 'beta_8': 3.4991846771368916e-05, 'beta_9': 9.476677950227626e-07}. Best is trial 251 with value: 6615.606706336191.
