[I 2026-04-01 09:49:07,790] Trial 1455 finished with value: 6807.303528789778 and parameters: {'alpha_0': 0.0007724808726169176, 'alpha_1': 5.1995237059999336e-05, 'alpha_2': 9.215243637269405e-05, 'beta_0': 0.06839225883392534, 'beta_1': 6.191937496791715, 'beta_2': 0.22582771999123105, 'beta_3': 0.0012553753612300341, 'beta_4': 6.842257125440034, 'beta_5': 33.912927059508064, 'beta_6': 0.062053343194742296, 'beta_7': 0.01571313800004597, 'beta_8': 3.652326282926019e-05, 'beta_9': 5.526676421468642e-07}. Best is trial 691 with value: 6538.461030825155.Best trial: 691. Best value: 6538.46:  73%|███████▎  | 1455/2000 [12:10:23<1:24:18,  9.28s/it]Best trial: 691. Best value: 6538.46:  73%|███████▎  | 1455/2000 [12:10:23<1:24:18,  9.28s/it]Best trial: 691. Best value: 6538.46:  73%|███████▎  | 1456/2000 [12:10:23<1:24:05,  9.27s/it]                                                                                              Best trial: 691. Best value: 6538.46:  73%|███████▎  | 1456/2000 [12:10:32<1:24:05,  9.27s/it]Best trial: 691. Best value: 6538.46:  73%|███████▎  | 1456/2000 [12:10:32<1:24:05,  9.27s/it]Best trial: 691. Best value: 6538.46:  73%|███████▎  | 1457/2000 [12:10:32<1:23:59,  9.28s/it]                                                                                              Best trial: 691. Best value: 6538.46:  73%|███████▎  | 1457/2000 [12:10:41<1:23:59,  9.28s/it]Best trial: 691. Best value: 6538.46:  73%|███████▎  | 1457/2000 [12:10:41<1:23:59,  9.28s/it]Best trial: 691. Best value: 6538.46:  73%|███████▎  | 1458/2000 [12:10:41<1:23:54,  9.29s/it]                                                                                              Best trial: 691. Best value: 6538.46:  73%|███████▎  | 1458/2000 [12:10:51<1:23:54,  9.29s/it]Best trial: 691. Best value: 6538.46:  73%|███████▎  | 1458/2000 [12:10:51<1:23:54,  9.29s/it]Best trial: 691. Best value: 6538.46:  73%|███████▎  | 1459/2000 [12:10:51<1:23:55,  9.31s/it]                                                                                              Best trial: 691. Best value: 6538.46:  73%|███████▎  | 1459/2000 [12:11:00<1:23:55,  9.31s/it]Best trial: 691. Best value: 6538.46:  73%|███████▎  | 1459/2000 [12:11:00<1:23:55,  9.31s/it]Best trial: 691. Best value: 6538.46:  73%|███████▎  | 1460/2000 [12:11:00<1:23:46,  9.31s/it]                                                                                              Best trial: 691. Best value: 6538.46:  73%|███████▎  | 1460/2000 [12:11:09<1:23:46,  9.31s/it]Best trial: 691. Best value: 6538.46:  73%|███████▎  | 1460/2000 [12:11:09<1:23:46,  9.31s/it]Best trial: 691. Best value: 6538.46:  73%|███████▎  | 1461/2000 [12:11:09<1:23:20,  9.28s/it]                                                                                              Best trial: 691. Best value: 6538.46:  73%|███████▎  | 1461/2000 [12:11:19<1:23:20,  9.28s/it]Best trial: 691. Best value: 6538.46:  73%|███████▎  | 1461/2000 [12:11:19<1:23:20,  9.28s/it]Best trial: 691. Best value: 6538.46:  73%|███████▎  | 1462/2000 [12:11:19<1:23:19,  9.29s/it]                                                                                              Best trial: 691. Best value: 6538.46:  73%|███████▎  | 1462/2000 [12:11:28<1:23:19,  9.29s/it]Best trial: 691. Best value: 6538.46:  73%|███████▎  | 1462/2000 [12:11:28<1:23:19,  9.29s/it]Best trial: 691. Best value: 6538.46:  73%|███████▎  | 1463/2000 [12:11:28<1:23:56,  9.38s/it]                                                                                              Best trial: 691. Best value: 6538.46:  73%|███████▎  | 1463/2000 [12:11:37<1:23:56,  9.38s/it]Best trial: 691. Best value: 6538.46:  73%|███████▎  | 1463/2000 [12:11:37<1:23:56,  9.38s/it]Best trial: 691. Best value: 6538.46:  73%|███████▎  | 1464/2000 [12:11:37<1:23:32,  9.35s/it]                                                                                              Best trial: 691. Best value: 6538.46:  73%|███████▎  | 1464/2000 [12:11:47<1:23:32,  9.35s/it]Best trial: 691. Best value: 6538.46:  73%|███████▎  | 1464/2000 [12:11:47<1:23:32,  9.35s/it]Best trial: 691. Best value: 6538.46:  73%|███████▎  | 1465/2000 [12:11:47<1:23:05,  9.32s/it]                                                                                              Best trial: 691. Best value: 6538.46:  73%|███████▎  | 1465/2000 [12:11:56<1:23:05,  9.32s/it]Best trial: 691. Best value: 6538.46:  73%|███████▎  | 1465/2000 [12:11:56<1:23:05,  9.32s/it]Best trial: 691. Best value: 6538.46:  73%|███████▎  | 1466/2000 [12:11:56<1:22:39,  9.29s/it]                                                                                              Best trial: 691. Best value: 6538.46:  73%|███████▎  | 1466/2000 [12:12:05<1:22:39,  9.29s/it]Best trial: 691. Best value: 6538.46:  73%|███████▎  | 1466/2000 [12:12:05<1:22:39,  9.29s/it]Best trial: 691. Best value: 6538.46:  73%|███████▎  | 1467/2000 [12:12:05<1:22:35,  9.30s/it]                                                                                              Best trial: 691. Best value: 6538.46:  73%|███████▎  | 1467/2000 [12:12:14<1:22:35,  9.30s/it]Best trial: 691. Best value: 6538.46:  73%|███████▎  | 1467/2000 [12:12:14<1:22:35,  9.30s/it]Best trial: 691. Best value: 6538.46:  73%|███████▎  | 1468/2000 [12:12:14<1:22:16,  9.28s/it]                                                                                              Best trial: 691. Best value: 6538.46:  73%|███████▎  | 1468/2000 [12:12:24<1:22:16,  9.28s/it]Best trial: 691. Best value: 6538.46:  73%|███████▎  | 1468/2000 [12:12:24<1:22:16,  9.28s/it]Best trial: 691. Best value: 6538.46:  73%|███████▎  | 1469/2000 [12:12:24<1:21:51,  9.25s/it]                                                                                              Best trial: 691. Best value: 6538.46:  73%|███████▎  | 1469/2000 [12:12:33<1:21:51,  9.25s/it]Best trial: 691. Best value: 6538.46:  73%|███████▎  | 1469/2000 [12:12:33<1:21:51,  9.25s/it]Best trial: 691. Best value: 6538.46:  74%|███████▎  | 1470/2000 [12:12:33<1:21:58,  9.28s/it]                                                                                              
[I 2026-04-01 09:49:17,088] Trial 1456 finished with value: 7183.00653582771 and parameters: {'alpha_0': 0.0007213623703281827, 'alpha_1': 5.411496086808998e-05, 'alpha_2': 5.2175318114396866e-05, 'beta_0': 0.09681586915583529, 'beta_1': 6.465165319338846, 'beta_2': 0.21155345962074265, 'beta_3': 0.0010729269153632766, 'beta_4': 6.407353472999387, 'beta_5': 35.03520921044375, 'beta_6': 0.04418905924020451, 'beta_7': 0.016388420117598484, 'beta_8': 3.8472199153036314e-05, 'beta_9': 6.047543748730934e-07}. Best is trial 691 with value: 6538.461030825155.
[I 2026-04-01 09:49:26,396] Trial 1457 finished with value: 6731.754138489335 and parameters: {'alpha_0': 0.0006641992937190162, 'alpha_1': 5.1822876179706445e-05, 'alpha_2': 4.905151736407911e-05, 'beta_0': 0.07322796662991311, 'beta_1': 6.2449521543207975, 'beta_2': 0.21445732731029868, 'beta_3': 0.0010441990507331317, 'beta_4': 5.922074833692549, 'beta_5': 35.802524060747125, 'beta_6': 0.041859274392065764, 'beta_7': 0.015956674130550196, 'beta_8': 3.728729027625138e-05, 'beta_9': 5.330021215377289e-07}. Best is trial 691 with value: 6538.461030825155.
[I 2026-04-01 09:49:35,743] Trial 1458 finished with value: 6694.263858493261 and parameters: {'alpha_0': 0.0006986514322749644, 'alpha_1': 5.459395619704506e-05, 'alpha_2': 4.620190154921565e-05, 'beta_0': 0.06180409465423277, 'beta_1': 6.749711857376593, 'beta_2': 0.22100324229104634, 'beta_3': 0.0010759004566151798, 'beta_4': 5.449915342346581, 'beta_5': 34.60566921604799, 'beta_6': 0.041135210498521486, 'beta_7': 0.015538565075206942, 'beta_8': 2.8046051881936873e-05, 'beta_9': 5.709321252161968e-07}. Best is trial 691 with value: 6538.461030825155.
[I 2026-04-01 09:49:45,053] Trial 1459 finished with value: 6930.045803225616 and parameters: {'alpha_0': 0.0007801717257436676, 'alpha_1': 0.00014042885734033716, 'alpha_2': 4.449848395882376e-05, 'beta_0': 0.10213365467950822, 'beta_1': 6.063094712713358, 'beta_2': 0.21203644714066985, 'beta_3': 0.0010301712542297025, 'beta_4': 7.7885727082810154, 'beta_5': 37.23707323524641, 'beta_6': 0.042807681513723425, 'beta_7': 0.01613278180420267, 'beta_8': 3.879749118921733e-05, 'beta_9': 5.986240473783538e-07}. Best is trial 691 with value: 6538.461030825155.
[I 2026-04-01 09:49:54,262] Trial 1460 finished with value: inf and parameters: {'alpha_0': 0.0006578868236393174, 'alpha_1': 5.310749443613481e-05, 'alpha_2': 4.806377926020171e-05, 'beta_0': 0.06585646704122483, 'beta_1': 6.457472311796166, 'beta_2': 0.2168209274685831, 'beta_3': 0.001054367866294, 'beta_4': 6.635614140476583, 'beta_5': 36.44079165785962, 'beta_6': 0.04880510781755026, 'beta_7': 0.022234392510551596, 'beta_8': 3.7875729416732634e-05, 'beta_9': 1.6373975251648258e-06}. Best is trial 691 with value: 6538.461030825155.
[I 2026-04-01 09:50:03,590] Trial 1461 finished with value: 7007.454898788923 and parameters: {'alpha_0': 0.0007391978441313393, 'alpha_1': 5.5394428345560666e-05, 'alpha_2': 6.0006712588495495e-05, 'beta_0': 0.09371923204755693, 'beta_1': 6.9619086550393705, 'beta_2': 0.21412846106539526, 'beta_3': 0.0011711010114829603, 'beta_4': 6.958841045058161, 'beta_5': 34.023381945028255, 'beta_6': 0.043921645116922814, 'beta_7': 0.015224037385186694, 'beta_8': 3.8724429952417545e-05, 'beta_9': 5.610200848225416e-07}. Best is trial 691 with value: 6538.461030825155.
[I 2026-04-01 09:50:13,167] Trial 1462 finished with value: 7457.645069947019 and parameters: {'alpha_0': 0.000703866670423536, 'alpha_1': 5.3098763015628e-05, 'alpha_2': 0.00010664667294511112, 'beta_0': 0.10750819007041232, 'beta_1': 6.1892877109511515, 'beta_2': 0.218452790326204, 'beta_3': 0.001043744226533731, 'beta_4': 6.738126330648818, 'beta_5': 35.12378691688679, 'beta_6': 0.04193586176703033, 'beta_7': 0.015003180477026186, 'beta_8': 3.8527049123968855e-05, 'beta_9': 5.339460431569635e-07}. Best is trial 691 with value: 6538.461030825155.
[I 2026-04-01 09:50:22,455] Trial 1463 finished with value: 6754.341588370175 and parameters: {'alpha_0': 0.0006623886221525307, 'alpha_1': 5.161148478609576e-05, 'alpha_2': 9.648055245868947e-05, 'beta_0': 0.075907047418123, 'beta_1': 6.617434340447682, 'beta_2': 0.21110681662981853, 'beta_3': 0.0012450921561122188, 'beta_4': 6.567092643795018, 'beta_5': 34.49910490253731, 'beta_6': 0.04102808863987631, 'beta_7': 0.015713346838482526, 'beta_8': 3.787301470222006e-05, 'beta_9': 5.01528244313892e-07}. Best is trial 691 with value: 6538.461030825155.
[I 2026-04-01 09:50:31,699] Trial 1464 finished with value: inf and parameters: {'alpha_0': 0.0008333332402045557, 'alpha_1': 5.01279703596347e-05, 'alpha_2': 7.698393824124165e-05, 'beta_0': 0.07210436712592644, 'beta_1': 6.0307255864181, 'beta_2': 0.21050540536974532, 'beta_3': 0.0012351366184341682, 'beta_4': 6.427717778437077, 'beta_5': 36.0839190027115, 'beta_6': 0.046092246839857756, 'beta_7': 0.016930915327610006, 'beta_8': 3.550668162861277e-05, 'beta_9': 5.651881577368667e-07}. Best is trial 691 with value: 6538.461030825155.
[I 2026-04-01 09:50:40,911] Trial 1465 finished with value: 6787.683407372422 and parameters: {'alpha_0': 0.0006989414860992179, 'alpha_1': 5.6271031301692457e-05, 'alpha_2': 4.459779561058074e-05, 'beta_0': 0.09876374669940036, 'beta_1': 6.395943328677613, 'beta_2': 0.2347250389656616, 'beta_3': 0.001274857274449741, 'beta_4': 6.8296984969607895, 'beta_5': 33.7645891513024, 'beta_6': 0.04286433527883601, 'beta_7': 0.015814052589343642, 'beta_8': 3.898369638586195e-05, 'beta_9': 5.920047402115651e-07}. Best is trial 691 with value: 6538.461030825155.
[I 2026-04-01 09:50:50,232] Trial 1466 finished with value: 6701.594523066303 and parameters: {'alpha_0': 0.0006780976471011059, 'alpha_1': 5.0064581887735506e-05, 'alpha_2': 4.649119355652538e-05, 'beta_0': 0.09264248575300103, 'beta_1': 6.801424982073942, 'beta_2': 0.2194748396841742, 'beta_3': 0.0011589909803647407, 'beta_4': 6.055718280464419, 'beta_5': 35.38514276024663, 'beta_6': 0.044132571610494824, 'beta_7': 0.015420649913693766, 'beta_8': 3.837172082616212e-05, 'beta_9': 5.331980958257414e-07}. Best is trial 691 with value: 6538.461030825155.
[I 2026-04-01 09:50:59,469] Trial 1467 finished with value: 7074.287791430081 and parameters: {'alpha_0': 0.0006308621205453321, 'alpha_1': 5.457162927424869e-05, 'alpha_2': 0.00010391391370167157, 'beta_0': 0.06125571706820614, 'beta_1': 6.250061152432251, 'beta_2': 0.21336483895329267, 'beta_3': 0.001097976856946863, 'beta_4': 6.500259823537506, 'beta_5': 34.24645511062221, 'beta_6': 0.041231604676731044, 'beta_7': 0.016409282430938657, 'beta_8': 3.709756280304953e-05, 'beta_9': 6.015626397368207e-07}. Best is trial 691 with value: 6538.461030825155.
[I 2026-04-01 09:51:08,651] Trial 1468 finished with value: 6926.266775956291 and parameters: {'alpha_0': 0.0007314583641307912, 'alpha_1': 0.00012732634168963612, 'alpha_2': 4.467462743335656e-05, 'beta_0': 0.09586980593046535, 'beta_1': 6.0298765043766265, 'beta_2': 0.21122455313916458, 'beta_3': 0.0011485376464317638, 'beta_4': 6.673314761181748, 'beta_5': 35.71638617181369, 'beta_6': 0.04280280671194064, 'beta_7': 0.01609828174798614, 'beta_8': 3.8896732029400904e-05, 'beta_9': 5.587063469008881e-07}. Best is trial 691 with value: 6538.461030825155.
[I 2026-04-01 09:51:18,004] Trial 1469 finished with value: 6592.258774953061 and parameters: {'alpha_0': 0.0006455499029841304, 'alpha_1': 5.000170507527931e-05, 'alpha_2': 4.725711517658734e-05, 'beta_0': 0.06704225420272474, 'beta_1': 6.451925176044317, 'beta_2': 0.21516252630151383, 'beta_3': 0.0010557764493875368, 'beta_4': 6.6028925355933605, 'beta_5': 36.82545707124839, 'beta_6': 0.04456399866447531, 'beta_7': 0.015732450941393042, 'beta_8': 3.799426289145081e-05, 'beta_9': 1.1129211338444477e-06}. Best is trial 691 with value: 6538.461030825155.
[I 2026-04-01 09:51:27,384] Trial 1470 finished with value: 7110.400051973296 and parameters: {'alpha_0': 0.0007603300906915418, 'alpha_1': 5.3298871823554996e-05, 'alpha_2': 4.418870983033992e-05, 'beta_0': 0.10087771749487963, 'beta_1': 6.630048438228374, 'beta_2': 0.24478617096317118, 'beta_3': 0.0012184106135436203, 'beta_4': 6.734990023326309, 'beta_5': 34.95954551852889, 'beta_6': 0.04100657745458074, 'beta_7': 0.016592042125776186, 'beta_8': 1.1752830866981335e-05, 'beta_9': 6.005155084073529e-07}. Best is trial 691 with value: 6538.461030825155.Best trial: 691. Best value: 6538.46:  74%|███████▎  | 1470/2000 [12:12:42<1:21:58,  9.28s/it]Best trial: 691. Best value: 6538.46:  74%|███████▎  | 1470/2000 [12:12:42<1:21:58,  9.28s/it]Best trial: 691. Best value: 6538.46:  74%|███████▎  | 1471/2000 [12:12:42<1:22:05,  9.31s/it]                                                                                              Best trial: 691. Best value: 6538.46:  74%|███████▎  | 1471/2000 [12:12:52<1:22:05,  9.31s/it]Best trial: 691. Best value: 6538.46:  74%|███████▎  | 1471/2000 [12:12:52<1:22:05,  9.31s/it]Best trial: 691. Best value: 6538.46:  74%|███████▎  | 1472/2000 [12:12:52<1:22:07,  9.33s/it]                                                                                              Best trial: 691. Best value: 6538.46:  74%|███████▎  | 1472/2000 [12:13:01<1:22:07,  9.33s/it]Best trial: 691. Best value: 6538.46:  74%|███████▎  | 1472/2000 [12:13:01<1:22:07,  9.33s/it]Best trial: 691. Best value: 6538.46:  74%|███████▎  | 1473/2000 [12:13:01<1:21:59,  9.34s/it]                                                                                              Best trial: 691. Best value: 6538.46:  74%|███████▎  | 1473/2000 [12:13:10<1:21:59,  9.34s/it]Best trial: 691. Best value: 6538.46:  74%|███████▎  | 1473/2000 [12:13:10<1:21:59,  9.34s/it]Best trial: 691. Best value: 6538.46:  74%|███████▎  | 1474/2000 [12:13:10<1:21:54,  9.34s/it]                                                                                              Best trial: 691. Best value: 6538.46:  74%|███████▎  | 1474/2000 [12:13:20<1:21:54,  9.34s/it]Best trial: 691. Best value: 6538.46:  74%|███████▎  | 1474/2000 [12:13:20<1:21:54,  9.34s/it]Best trial: 691. Best value: 6538.46:  74%|███████▍  | 1475/2000 [12:13:20<1:21:40,  9.33s/it]                                                                                              Best trial: 691. Best value: 6538.46:  74%|███████▍  | 1475/2000 [12:13:29<1:21:40,  9.33s/it]Best trial: 691. Best value: 6538.46:  74%|███████▍  | 1475/2000 [12:13:29<1:21:40,  9.33s/it]Best trial: 691. Best value: 6538.46:  74%|███████▍  | 1476/2000 [12:13:29<1:21:34,  9.34s/it]                                                                                              Best trial: 691. Best value: 6538.46:  74%|███████▍  | 1476/2000 [12:13:38<1:21:34,  9.34s/it]Best trial: 691. Best value: 6538.46:  74%|███████▍  | 1476/2000 [12:13:38<1:21:34,  9.34s/it]Best trial: 691. Best value: 6538.46:  74%|███████▍  | 1477/2000 [12:13:38<1:21:37,  9.36s/it]                                                                                              Best trial: 691. Best value: 6538.46:  74%|███████▍  | 1477/2000 [12:13:48<1:21:37,  9.36s/it]Best trial: 691. Best value: 6538.46:  74%|███████▍  | 1477/2000 [12:13:48<1:21:37,  9.36s/it]Best trial: 691. Best value: 6538.46:  74%|███████▍  | 1478/2000 [12:13:48<1:21:12,  9.33s/it]                                                                                              Best trial: 691. Best value: 6538.46:  74%|███████▍  | 1478/2000 [12:13:57<1:21:12,  9.33s/it]Best trial: 691. Best value: 6538.46:  74%|███████▍  | 1478/2000 [12:13:57<1:21:12,  9.33s/it]Best trial: 691. Best value: 6538.46:  74%|███████▍  | 1479/2000 [12:13:57<1:20:51,  9.31s/it]                                                                                              Best trial: 691. Best value: 6538.46:  74%|███████▍  | 1479/2000 [12:14:06<1:20:51,  9.31s/it]Best trial: 691. Best value: 6538.46:  74%|███████▍  | 1479/2000 [12:14:06<1:20:51,  9.31s/it]Best trial: 691. Best value: 6538.46:  74%|███████▍  | 1480/2000 [12:14:06<1:20:50,  9.33s/it]                                                                                              Best trial: 691. Best value: 6538.46:  74%|███████▍  | 1480/2000 [12:14:16<1:20:50,  9.33s/it]Best trial: 691. Best value: 6538.46:  74%|███████▍  | 1480/2000 [12:14:16<1:20:50,  9.33s/it]Best trial: 691. Best value: 6538.46:  74%|███████▍  | 1481/2000 [12:14:16<1:20:39,  9.32s/it]                                                                                              Best trial: 691. Best value: 6538.46:  74%|███████▍  | 1481/2000 [12:14:25<1:20:39,  9.32s/it]Best trial: 691. Best value: 6538.46:  74%|███████▍  | 1481/2000 [12:14:25<1:20:39,  9.32s/it]Best trial: 691. Best value: 6538.46:  74%|███████▍  | 1482/2000 [12:14:25<1:20:20,  9.31s/it]                                                                                              Best trial: 691. Best value: 6538.46:  74%|███████▍  | 1482/2000 [12:14:34<1:20:20,  9.31s/it]Best trial: 691. Best value: 6538.46:  74%|███████▍  | 1482/2000 [12:14:34<1:20:20,  9.31s/it]Best trial: 691. Best value: 6538.46:  74%|███████▍  | 1483/2000 [12:14:34<1:20:24,  9.33s/it]                                                                                              Best trial: 691. Best value: 6538.46:  74%|███████▍  | 1483/2000 [12:14:44<1:20:24,  9.33s/it]Best trial: 691. Best value: 6538.46:  74%|███████▍  | 1483/2000 [12:14:44<1:20:24,  9.33s/it]Best trial: 691. Best value: 6538.46:  74%|███████▍  | 1484/2000 [12:14:44<1:20:14,  9.33s/it]                                                                                              Best trial: 691. Best value: 6538.46:  74%|███████▍  | 1484/2000 [12:14:53<1:20:14,  9.33s/it]Best trial: 691. Best value: 6538.46:  74%|███████▍  | 1484/2000 [12:14:53<1:20:14,  9.33s/it]Best trial: 691. Best value: 6538.46:  74%|███████▍  | 1485/2000 [12:14:53<1:19:57,  9.32s/it]                                                                                              
[I 2026-04-01 09:51:36,769] Trial 1471 finished with value: 6917.424106492552 and parameters: {'alpha_0': 0.0006558002852089026, 'alpha_1': 5.669181982356015e-05, 'alpha_2': 4.6076041140900044e-05, 'beta_0': 0.07085507603282988, 'beta_1': 6.211031146189728, 'beta_2': 0.24090582039236952, 'beta_3': 0.0010615123746413545, 'beta_4': 5.050632782002928, 'beta_5': 33.72673929801374, 'beta_6': 0.042384485792926224, 'beta_7': 0.015421955568785164, 'beta_8': 2.4823708216613114e-05, 'beta_9': 1.209146817628389e-06}. Best is trial 691 with value: 6538.461030825155.
[I 2026-04-01 09:51:46,111] Trial 1472 finished with value: 6799.708303533243 and parameters: {'alpha_0': 0.0007896307054529312, 'alpha_1': 5.1970664950484295e-05, 'alpha_2': 0.00010942857119240877, 'beta_0': 0.0919095219547755, 'beta_1': 6.025432410831099, 'beta_2': 0.21270046552023703, 'beta_3': 0.001029677623060864, 'beta_4': 7.1030297520346775, 'beta_5': 34.53289478863438, 'beta_6': 0.045219546140800496, 'beta_7': 0.016015450005263988, 'beta_8': 3.906286313979528e-05, 'beta_9': 5.418933265874494e-07}. Best is trial 691 with value: 6538.461030825155.
