[I 2026-03-31 23:42:47,647] Trial 825 finished with value: 7004.556523180403 and parameters: {'alpha_0': 0.0006784003181964665, 'alpha_1': 5.869331506127015e-05, 'alpha_2': 4.2421419073374966e-05, 'beta_0': 0.08915339816836061, 'beta_1': 6.626781328473828, 'beta_2': 0.20362153553260942, 'beta_3': 0.0009771189344791225, 'beta_4': 6.270542425010303, 'beta_5': 32.838066849303104, 'beta_6': 0.0420903536610219, 'beta_7': 0.015448730634013258, 'beta_8': 3.9977718793040686e-05, 'beta_9': 6.832077951262157e-07}. Best is trial 691 with value: 6538.461030825155.Best trial: 691. Best value: 6538.46:  41%|████▏     | 825/2000 [2:04:03<3:01:21,  9.26s/it]Best trial: 691. Best value: 6538.46:  41%|████▏     | 825/2000 [2:04:03<3:01:21,  9.26s/it]Best trial: 691. Best value: 6538.46:  41%|████▏     | 826/2000 [2:04:03<3:02:00,  9.30s/it]                                                                                            Best trial: 691. Best value: 6538.46:  41%|████▏     | 826/2000 [2:04:12<3:02:00,  9.30s/it]Best trial: 691. Best value: 6538.46:  41%|████▏     | 826/2000 [2:04:12<3:02:00,  9.30s/it]Best trial: 691. Best value: 6538.46:  41%|████▏     | 827/2000 [2:04:12<3:02:15,  9.32s/it]                                                                                            Best trial: 691. Best value: 6538.46:  41%|████▏     | 827/2000 [2:04:21<3:02:15,  9.32s/it]Best trial: 691. Best value: 6538.46:  41%|████▏     | 827/2000 [2:04:21<3:02:15,  9.32s/it]Best trial: 691. Best value: 6538.46:  41%|████▏     | 828/2000 [2:04:21<3:02:55,  9.36s/it]                                                                                            Best trial: 691. Best value: 6538.46:  41%|████▏     | 828/2000 [2:04:31<3:02:55,  9.36s/it]Best trial: 691. Best value: 6538.46:  41%|████▏     | 828/2000 [2:04:31<3:02:55,  9.36s/it]Best trial: 691. Best value: 6538.46:  41%|████▏     | 829/2000 [2:04:31<3:02:27,  9.35s/it]                                                                                            Best trial: 691. Best value: 6538.46:  41%|████▏     | 829/2000 [2:04:40<3:02:27,  9.35s/it]Best trial: 691. Best value: 6538.46:  41%|████▏     | 829/2000 [2:04:40<3:02:27,  9.35s/it]Best trial: 691. Best value: 6538.46:  42%|████▏     | 830/2000 [2:04:40<3:02:40,  9.37s/it]                                                                                            Best trial: 691. Best value: 6538.46:  42%|████▏     | 830/2000 [2:04:49<3:02:40,  9.37s/it]Best trial: 691. Best value: 6538.46:  42%|████▏     | 830/2000 [2:04:49<3:02:40,  9.37s/it]Best trial: 691. Best value: 6538.46:  42%|████▏     | 831/2000 [2:04:49<3:02:23,  9.36s/it]                                                                                            Best trial: 691. Best value: 6538.46:  42%|████▏     | 831/2000 [2:04:59<3:02:23,  9.36s/it]Best trial: 691. Best value: 6538.46:  42%|████▏     | 831/2000 [2:04:59<3:02:23,  9.36s/it]Best trial: 691. Best value: 6538.46:  42%|████▏     | 832/2000 [2:04:59<3:01:37,  9.33s/it]                                                                                            Best trial: 691. Best value: 6538.46:  42%|████▏     | 832/2000 [2:05:08<3:01:37,  9.33s/it]Best trial: 691. Best value: 6538.46:  42%|████▏     | 832/2000 [2:05:08<3:01:37,  9.33s/it]Best trial: 691. Best value: 6538.46:  42%|████▏     | 833/2000 [2:05:08<3:01:39,  9.34s/it]                                                                                            Best trial: 691. Best value: 6538.46:  42%|████▏     | 833/2000 [2:05:10<3:01:39,  9.34s/it]Best trial: 691. Best value: 6538.46:  42%|████▏     | 833/2000 [2:05:10<3:01:39,  9.34s/it]Best trial: 691. Best value: 6538.46:  42%|████▏     | 834/2000 [2:05:10<2:15:53,  6.99s/it]                                                                                            Best trial: 691. Best value: 6538.46:  42%|████▏     | 834/2000 [2:05:19<2:15:53,  6.99s/it]Best trial: 691. Best value: 6538.46:  42%|████▏     | 834/2000 [2:05:19<2:15:53,  6.99s/it]Best trial: 691. Best value: 6538.46:  42%|████▏     | 835/2000 [2:05:19<2:29:13,  7.69s/it]                                                                                            Best trial: 691. Best value: 6538.46:  42%|████▏     | 835/2000 [2:05:28<2:29:13,  7.69s/it]Best trial: 691. Best value: 6538.46:  42%|████▏     | 835/2000 [2:05:28<2:29:13,  7.69s/it]Best trial: 691. Best value: 6538.46:  42%|████▏     | 836/2000 [2:05:28<2:38:46,  8.18s/it]                                                                                            Best trial: 691. Best value: 6538.46:  42%|████▏     | 836/2000 [2:05:38<2:38:46,  8.18s/it]Best trial: 691. Best value: 6538.46:  42%|████▏     | 836/2000 [2:05:38<2:38:46,  8.18s/it]Best trial: 691. Best value: 6538.46:  42%|████▏     | 837/2000 [2:05:38<2:45:04,  8.52s/it]                                                                                            Best trial: 691. Best value: 6538.46:  42%|████▏     | 837/2000 [2:05:47<2:45:04,  8.52s/it]Best trial: 691. Best value: 6538.46:  42%|████▏     | 837/2000 [2:05:47<2:45:04,  8.52s/it]Best trial: 691. Best value: 6538.46:  42%|████▏     | 838/2000 [2:05:47<2:49:01,  8.73s/it]                                                                                            Best trial: 691. Best value: 6538.46:  42%|████▏     | 838/2000 [2:05:56<2:49:01,  8.73s/it]Best trial: 691. Best value: 6538.46:  42%|████▏     | 838/2000 [2:05:56<2:49:01,  8.73s/it]Best trial: 691. Best value: 6538.46:  42%|████▏     | 839/2000 [2:05:56<2:51:57,  8.89s/it]                                                                                            Best trial: 691. Best value: 6538.46:  42%|████▏     | 839/2000 [2:06:05<2:51:57,  8.89s/it]Best trial: 691. Best value: 6538.46:  42%|████▏     | 839/2000 [2:06:05<2:51:57,  8.89s/it]Best trial: 691. Best value: 6538.46:  42%|████▏     | 840/2000 [2:06:05<2:53:54,  8.99s/it]                                                                                            
[I 2026-03-31 23:42:57,018] Trial 826 finished with value: 6704.033196984955 and parameters: {'alpha_0': 0.0005412601258050761, 'alpha_1': 0.00010919578472227226, 'alpha_2': 4.137749053853957e-05, 'beta_0': 0.09226132940615153, 'beta_1': 5.250998171350519, 'beta_2': 0.21135494640708014, 'beta_3': 0.0008761600828897027, 'beta_4': 6.620984924490683, 'beta_5': 31.760757755331532, 'beta_6': 0.04364548334628998, 'beta_7': 0.01592194305834689, 'beta_8': 3.9185074021476e-05, 'beta_9': 7.65160024668705e-07}. Best is trial 691 with value: 6538.461030825155.
[I 2026-03-31 23:43:06,481] Trial 827 finished with value: 7649.25601432797 and parameters: {'alpha_0': 0.0007879802036738089, 'alpha_1': 0.00013926156615040716, 'alpha_2': 4.410357992902108e-05, 'beta_0': 0.08119908981914575, 'beta_1': 5.8724399282253055, 'beta_2': 0.20772320028061306, 'beta_3': 0.0009362613803594396, 'beta_4': 6.470236129327612, 'beta_5': 34.3580139445531, 'beta_6': 0.04088645047791915, 'beta_7': 0.015027032377486252, 'beta_8': 3.813394250642341e-05, 'beta_9': 7.328371792128068e-07}. Best is trial 691 with value: 6538.461030825155.
[I 2026-03-31 23:43:15,793] Trial 828 finished with value: 6764.135169055624 and parameters: {'alpha_0': 0.0007479493213999392, 'alpha_1': 5.188575539680136e-05, 'alpha_2': 4.0033769433878544e-05, 'beta_0': 0.0863080204319801, 'beta_1': 6.091025680403119, 'beta_2': 0.19718313206610524, 'beta_3': 0.0009101523000818232, 'beta_4': 6.367379484387016, 'beta_5': 32.497557871964986, 'beta_6': 0.04002070109448838, 'beta_7': 0.01629519655903368, 'beta_8': 2.2721978017627596e-05, 'beta_9': 8.009530764070173e-07}. Best is trial 691 with value: 6538.461030825155.
[I 2026-03-31 23:43:25,206] Trial 829 finished with value: 6568.096705666556 and parameters: {'alpha_0': 0.0005850414162353553, 'alpha_1': 5.556350851898916e-05, 'alpha_2': 4.6061651919315824e-05, 'beta_0': 0.0726158983521483, 'beta_1': 6.336916994653175, 'beta_2': 0.205651454644583, 'beta_3': 0.0009647128288356009, 'beta_4': 6.157053390899494, 'beta_5': 35.196235945579275, 'beta_6': 0.04237492527099952, 'beta_7': 0.01576551505689971, 'beta_8': 3.9997551371595554e-05, 'beta_9': 6.531459964789455e-07}. Best is trial 691 with value: 6538.461030825155.
[I 2026-03-31 23:43:34,551] Trial 830 finished with value: 7025.688151659158 and parameters: {'alpha_0': 0.0005730078036586822, 'alpha_1': 5.763368959476895e-05, 'alpha_2': 4.566344216463615e-05, 'beta_0': 0.07886672356851188, 'beta_1': 6.4415118916151295, 'beta_2': 0.20593766236471225, 'beta_3': 0.0009647769797257856, 'beta_4': 6.232434568473328, 'beta_5': 35.23888957361491, 'beta_6': 0.04476862275559718, 'beta_7': 0.015441014404631834, 'beta_8': 3.942915752716725e-05, 'beta_9': 1.5774953747890253e-06}. Best is trial 691 with value: 6538.461030825155.
[I 2026-03-31 23:43:43,809] Trial 831 finished with value: 6569.694092705372 and parameters: {'alpha_0': 0.0005027103516391847, 'alpha_1': 5.691755806730113e-05, 'alpha_2': 4.5594936230509444e-05, 'beta_0': 0.167790870337746, 'beta_1': 6.63000024859074, 'beta_2': 0.20739687118531738, 'beta_3': 0.0009832591483135745, 'beta_4': 6.1544494688967095, 'beta_5': 35.38767422439542, 'beta_6': 0.04324860380241793, 'beta_7': 0.01569981702411879, 'beta_8': 3.994951081400605e-05, 'beta_9': 6.157959325694571e-07}. Best is trial 691 with value: 6538.461030825155.
[I 2026-03-31 23:43:53,170] Trial 832 finished with value: inf and parameters: {'alpha_0': 0.0005005586108121655, 'alpha_1': 5.9043773926095306e-05, 'alpha_2': 4.673529861511796e-05, 'beta_0': 0.16030164934497332, 'beta_1': 6.5621834211704435, 'beta_2': 0.20804846453201842, 'beta_3': 0.0009763154865342154, 'beta_4': 6.311699352927966, 'beta_5': 35.0601032082577, 'beta_6': 0.04370723244054807, 'beta_7': 0.019191597859166545, 'beta_8': 3.991731829038714e-05, 'beta_9': 5.927390096993441e-07}. Best is trial 691 with value: 6538.461030825155.
[I 2026-03-31 23:43:54,686] Trial 833 finished with value: inf and parameters: {'alpha_0': 0.000534585468918289, 'alpha_1': 5.911491390691728e-05, 'alpha_2': 4.609837057248939e-05, 'beta_0': 0.16360835174165672, 'beta_1': 6.664781026735383, 'beta_2': 0.20644241933977106, 'beta_3': 0.0009905785413310499, 'beta_4': 6.159372297897597, 'beta_5': 30.65026771956798, 'beta_6': 0.041240820610386496, 'beta_7': 0.027611380092336695, 'beta_8': 3.954882043322063e-05, 'beta_9': 6.053339339317671e-07}. Best is trial 691 with value: 6538.461030825155.
[I 2026-03-31 23:44:03,988] Trial 834 finished with value: 6969.0073446239985 and parameters: {'alpha_0': 0.0005028931057741222, 'alpha_1': 0.00013379833540789123, 'alpha_2': 4.657640906635065e-05, 'beta_0': 0.08554984033310778, 'beta_1': 6.581105225693829, 'beta_2': 0.20906352473565465, 'beta_3': 0.0009951766674268115, 'beta_4': 6.439371731821301, 'beta_5': 35.41266055513183, 'beta_6': 0.06871527121830737, 'beta_7': 0.015511171504009467, 'beta_8': 3.9913480292585504e-05, 'beta_9': 5.67491847751374e-07}. Best is trial 691 with value: 6538.461030825155.
[I 2026-03-31 23:44:13,337] Trial 835 finished with value: 7084.598938952384 and parameters: {'alpha_0': 0.0005432469511237803, 'alpha_1': 5.6907727958673866e-05, 'alpha_2': 4.6371939357107724e-05, 'beta_0': 0.17133609310503073, 'beta_1': 6.440883464175304, 'beta_2': 0.20513646806029653, 'beta_3': 0.0009654447481924442, 'beta_4': 6.6765753387280915, 'beta_5': 35.2002585995449, 'beta_6': 0.04481489776164606, 'beta_7': 0.015369961057083778, 'beta_8': 3.953097142247921e-05, 'beta_9': 6.252294268819766e-07}. Best is trial 691 with value: 6538.461030825155.
[I 2026-03-31 23:44:22,629] Trial 836 finished with value: 6629.368891565712 and parameters: {'alpha_0': 0.0005660284550986717, 'alpha_1': 5.646941494196842e-05, 'alpha_2': 4.516937183538142e-05, 'beta_0': 0.18893004378836725, 'beta_1': 6.375490046775009, 'beta_2': 0.20778895973631775, 'beta_3': 0.0009850237872384526, 'beta_4': 6.294713516242404, 'beta_5': 35.61321030956592, 'beta_6': 0.04313813477049204, 'beta_7': 0.01571253805161106, 'beta_8': 3.989873500595674e-05, 'beta_9': 6.299179801569843e-07}. Best is trial 691 with value: 6538.461030825155.
[I 2026-03-31 23:44:31,849] Trial 837 finished with value: 7237.294690860632 and parameters: {'alpha_0': 0.0005503320194244947, 'alpha_1': 5.719223734749267e-05, 'alpha_2': 4.5904759173670244e-05, 'beta_0': 0.17427304982957534, 'beta_1': 6.657879867185016, 'beta_2': 0.21063846501624445, 'beta_3': 0.0009581264801304968, 'beta_4': 6.5183586055497225, 'beta_5': 34.89511622817753, 'beta_6': 0.04202961950547301, 'beta_7': 0.015250809539313018, 'beta_8': 3.929261553330627e-05, 'beta_9': 6.021730698647665e-07}. Best is trial 691 with value: 6538.461030825155.
[I 2026-03-31 23:44:41,108] Trial 838 finished with value: 6773.559403845947 and parameters: {'alpha_0': 0.0005880224500044251, 'alpha_1': 5.9189114770371956e-05, 'alpha_2': 4.420286066421238e-05, 'beta_0': 0.15118236460647322, 'beta_1': 6.319913347494826, 'beta_2': 0.20695807168331148, 'beta_3': 0.000990801471947969, 'beta_4': 6.193897887809147, 'beta_5': 34.690468699439684, 'beta_6': 0.04096700560935352, 'beta_7': 0.016049659626920256, 'beta_8': 3.91574693682175e-05, 'beta_9': 6.427712760072885e-07}. Best is trial 691 with value: 6538.461030825155.
[I 2026-03-31 23:44:50,354] Trial 839 finished with value: 6620.205610886446 and parameters: {'alpha_0': 0.0005338723343623516, 'alpha_1': 5.503947071077985e-05, 'alpha_2': 4.458968817896756e-05, 'beta_0': 0.0906178911075041, 'beta_1': 9.76072944735132, 'beta_2': 0.21226541888561362, 'beta_3': 0.0009501546927169037, 'beta_4': 6.38610581653725, 'beta_5': 35.43817423027953, 'beta_6': 0.0439508137281302, 'beta_7': 0.015715406883540926, 'beta_8': 3.94687273086848e-05, 'beta_9': 5.872497745129169e-07}. Best is trial 691 with value: 6538.461030825155.
[I 2026-03-31 23:44:59,723] Trial 840 finished with value: 7235.3590091673905 and parameters: {'alpha_0': 0.0005039587694267998, 'alpha_1': 5.561213730688059e-05, 'alpha_2': 4.615141378879879e-05, 'beta_0': 0.08277543662488447, 'beta_1': 6.307451896433225, 'beta_2': 0.20912261460889983, 'beta_3': 0.0009740077791308, 'beta_4': 6.593701572089641, 'beta_5': 35.123021348817474, 'beta_6': 0.04201140112716094, 'beta_7': 0.01523005959278911, 'beta_8': 3.909730868837959e-05, 'beta_9': 6.545578887106318e-07}. Best is trial 691 with value: 6538.461030825155.Best trial: 691. Best value: 6538.46:  42%|████▏     | 840/2000 [2:06:15<2:53:54,  8.99s/it]Best trial: 691. Best value: 6538.46:  42%|████▏     | 840/2000 [2:06:15<2:53:54,  8.99s/it]Best trial: 691. Best value: 6538.46:  42%|████▏     | 841/2000 [2:06:15<2:55:54,  9.11s/it]                                                                                            Best trial: 691. Best value: 6538.46:  42%|████▏     | 841/2000 [2:06:24<2:55:54,  9.11s/it]Best trial: 691. Best value: 6538.46:  42%|████▏     | 841/2000 [2:06:24<2:55:54,  9.11s/it]Best trial: 691. Best value: 6538.46:  42%|████▏     | 842/2000 [2:06:24<2:57:34,  9.20s/it]                                                                                            Best trial: 691. Best value: 6538.46:  42%|████▏     | 842/2000 [2:06:33<2:57:34,  9.20s/it]Best trial: 691. Best value: 6538.46:  42%|████▏     | 842/2000 [2:06:33<2:57:34,  9.20s/it]Best trial: 691. Best value: 6538.46:  42%|████▏     | 843/2000 [2:06:33<2:57:38,  9.21s/it]                                                                                            Best trial: 691. Best value: 6538.46:  42%|████▏     | 843/2000 [2:06:43<2:57:38,  9.21s/it]Best trial: 691. Best value: 6538.46:  42%|████▏     | 843/2000 [2:06:43<2:57:38,  9.21s/it]Best trial: 691. Best value: 6538.46:  42%|████▏     | 844/2000 [2:06:43<2:58:06,  9.24s/it]                                                                                            Best trial: 691. Best value: 6538.46:  42%|████▏     | 844/2000 [2:06:52<2:58:06,  9.24s/it]Best trial: 691. Best value: 6538.46:  42%|████▏     | 844/2000 [2:06:52<2:58:06,  9.24s/it]Best trial: 691. Best value: 6538.46:  42%|████▏     | 845/2000 [2:06:52<2:58:08,  9.25s/it]                                                                                            Best trial: 691. Best value: 6538.46:  42%|████▏     | 845/2000 [2:07:01<2:58:08,  9.25s/it]Best trial: 691. Best value: 6538.46:  42%|████▏     | 845/2000 [2:07:01<2:58:08,  9.25s/it]Best trial: 691. Best value: 6538.46:  42%|████▏     | 846/2000 [2:07:01<2:57:58,  9.25s/it]                                                                                            Best trial: 691. Best value: 6538.46:  42%|████▏     | 846/2000 [2:07:10<2:57:58,  9.25s/it]Best trial: 691. Best value: 6538.46:  42%|████▏     | 846/2000 [2:07:10<2:57:58,  9.25s/it]Best trial: 691. Best value: 6538.46:  42%|████▏     | 847/2000 [2:07:10<2:57:54,  9.26s/it]                                                                                            Best trial: 691. Best value: 6538.46:  42%|████▏     | 847/2000 [2:07:20<2:57:54,  9.26s/it]Best trial: 691. Best value: 6538.46:  42%|████▏     | 847/2000 [2:07:20<2:57:54,  9.26s/it]Best trial: 691. Best value: 6538.46:  42%|████▏     | 848/2000 [2:07:20<2:58:17,  9.29s/it]                                                                                            Best trial: 691. Best value: 6538.46:  42%|████▏     | 848/2000 [2:07:29<2:58:17,  9.29s/it]Best trial: 691. Best value: 6538.46:  42%|████▏     | 848/2000 [2:07:29<2:58:17,  9.29s/it]Best trial: 691. Best value: 6538.46:  42%|████▏     | 849/2000 [2:07:29<2:57:47,  9.27s/it]                                                                                            Best trial: 691. Best value: 6538.46:  42%|████▏     | 849/2000 [2:07:38<2:57:47,  9.27s/it]Best trial: 691. Best value: 6538.46:  42%|████▏     | 849/2000 [2:07:38<2:57:47,  9.27s/it]Best trial: 691. Best value: 6538.46:  42%|████▎     | 850/2000 [2:07:38<2:57:39,  9.27s/it]                                                                                            Best trial: 691. Best value: 6538.46:  42%|████▎     | 850/2000 [2:07:48<2:57:39,  9.27s/it]Best trial: 691. Best value: 6538.46:  42%|████▎     | 850/2000 [2:07:48<2:57:39,  9.27s/it]Best trial: 691. Best value: 6538.46:  43%|████▎     | 851/2000 [2:07:48<2:57:35,  9.27s/it]                                                                                            Best trial: 691. Best value: 6538.46:  43%|████▎     | 851/2000 [2:07:57<2:57:35,  9.27s/it]Best trial: 691. Best value: 6538.46:  43%|████▎     | 851/2000 [2:07:57<2:57:35,  9.27s/it]Best trial: 691. Best value: 6538.46:  43%|████▎     | 852/2000 [2:07:57<2:58:20,  9.32s/it]                                                                                            Best trial: 691. Best value: 6538.46:  43%|████▎     | 852/2000 [2:08:06<2:58:20,  9.32s/it]Best trial: 691. Best value: 6538.46:  43%|████▎     | 852/2000 [2:08:06<2:58:20,  9.32s/it]Best trial: 691. Best value: 6538.46:  43%|████▎     | 853/2000 [2:08:06<2:58:07,  9.32s/it]                                                                                            Best trial: 691. Best value: 6538.46:  43%|████▎     | 853/2000 [2:08:16<2:58:07,  9.32s/it]Best trial: 691. Best value: 6538.46:  43%|████▎     | 853/2000 [2:08:16<2:58:07,  9.32s/it]Best trial: 691. Best value: 6538.46:  43%|████▎     | 854/2000 [2:08:16<2:57:52,  9.31s/it]                                                                                            Best trial: 691. Best value: 6538.46:  43%|████▎     | 854/2000 [2:08:25<2:57:52,  9.31s/it]Best trial: 691. Best value: 6538.46:  43%|████▎     | 854/2000 [2:08:25<2:57:52,  9.31s/it]Best trial: 691. Best value: 6538.46:  43%|████▎     | 855/2000 [2:08:25<2:57:52,  9.32s/it]                                                                                            
[I 2026-03-31 23:45:09,144] Trial 841 finished with value: 7485.692164138226 and parameters: {'alpha_0': 0.0005876037329853567, 'alpha_1': 5.395013278818313e-05, 'alpha_2': 4.305866894568728e-05, 'beta_0': 0.07864153172336787, 'beta_1': 6.674063291075543, 'beta_2': 0.20531728770417246, 'beta_3': 0.0009903138294761235, 'beta_4': 6.739193281492371, 'beta_5': 34.49567948818052, 'beta_6': 0.043129841731339304, 'beta_7': 0.015001143434722745, 'beta_8': 3.890818056317817e-05, 'beta_9': 6.565556824644114e-07}. Best is trial 691 with value: 6538.461030825155.
[I 2026-03-31 23:45:18,381] Trial 842 finished with value: 7264.251996918792 and parameters: {'alpha_0': 0.0006168783668579795, 'alpha_1': 5.1529547489647626e-05, 'alpha_2': 4.279492501589802e-05, 'beta_0': 0.1413518330549852, 'beta_1': 6.479999276097105, 'beta_2': 0.21060933221589082, 'beta_3': 0.0009503846946467005, 'beta_4': 6.855612665506314, 'beta_5': 31.449921641624343, 'beta_6': 0.04104796741388842, 'beta_7': 0.01678292012459058, 'beta_8': 3.987065023684199e-05, 'beta_9': 6.26141790142927e-07}. Best is trial 691 with value: 6538.461030825155.
[I 2026-03-31 23:45:27,701] Trial 843 finished with value: 6879.7660105969535 and parameters: {'alpha_0': 0.0005757917727081216, 'alpha_1': 5.8973790196954134e-05, 'alpha_2': 4.677289680420881e-05, 'beta_0': 0.08679194349701164, 'beta_1': 6.2353234766255055, 'beta_2': 0.21310637634014074, 'beta_3': 0.0009993692264293307, 'beta_4': 6.51057856716365, 'beta_5': 35.69284578761485, 'beta_6': 0.07788948779460375, 'beta_7': 0.01621290697934658, 'beta_8': 1.0701763058367524e-05, 'beta_9': 6.577655021040637e-07}. Best is trial 691 with value: 6538.461030825155.
