[I 2026-04-01 00:06:17,764] Trial 979 finished with value: 6862.457203530809 and parameters: {'alpha_0': 0.0005667580854471759, 'alpha_1': 5.526359305244648e-05, 'alpha_2': 4.313028670418006e-05, 'beta_0': 0.07316741170957522, 'beta_1': 6.424123455487295, 'beta_2': 0.20240454516229586, 'beta_3': 0.0009389026682466299, 'beta_4': 6.737700392656658, 'beta_5': 35.39658012116784, 'beta_6': 0.06476633534231355, 'beta_7': 0.016269682672631125, 'beta_8': 3.997708197785203e-05, 'beta_9': 7.989489469858071e-07}. Best is trial 691 with value: 6538.461030825155.
[I 2026-04-01 00:06:27,064] Trial 980 finished with value: 6696.037386824557 and parameters: {'alpha_0': 0.0005849669625634169, 'alpha_1': 5.2984357987093195e-05, 'alpha_2': 6.2108115951747e-05, 'beta_0': 0.09530382684324668, 'beta_1': 6.278492434442074, 'beta_2': 0.2065204821414227, 'beta_3': 0.0010037468263755385, 'beta_4': 6.866326869711741, 'beta_5': 34.18755568160526, 'beta_6': 0.04191338287419241, 'beta_7': 0.015528073058103489, 'beta_8': 3.846900193847138e-05, 'beta_9': 1.1843195982371593e-06}. Best is trial 691 with value: 6538.461030825155.
[I 2026-04-01 00:06:36,342] Trial 981 finished with value: 6614.653749206219 and parameters: {'alpha_0': 0.0006370580851246912, 'alpha_1': 5.184760523597606e-05, 'alpha_2': 4.2309910677701744e-05, 'beta_0': 0.07103286113953919, 'beta_1': 5.982991979161561, 'beta_2': 0.1994796287478231, 'beta_3': 0.0009668414209883858, 'beta_4': 6.589552244631795, 'beta_5': 36.53842543946402, 'beta_6': 0.04118355328491987, 'beta_7': 0.015845880617118575, 'beta_8': 3.907418807158396e-05, 'beta_9': 1.3767802269652423e-06}. Best is trial 691 with value: 6538.461030825155.
[I 2026-04-01 00:06:45,560] Trial 982 finished with value: 7141.750840232456 and parameters: {'alpha_0': 0.0005423869171107329, 'alpha_1': 5.6782534359666934e-05, 'alpha_2': 4.444402546344707e-05, 'beta_0': 0.08579552957685375, 'beta_1': 6.936369607608709, 'beta_2': 0.20637616648748125, 'beta_3': 0.000929040560834824, 'beta_4': 6.790351843561565, 'beta_5': 34.93158830513996, 'beta_6': 0.04295063066594629, 'beta_7': 0.01651028610565947, 'beta_8': 3.806030164511905e-05, 'beta_9': 1.295665729415598e-06}. Best is trial 691 with value: 6538.461030825155.
[I 2026-04-01 00:06:54,946] Trial 983 finished with value: 7238.33903400964 and parameters: {'alpha_0': 0.0005990494134182007, 'alpha_1': 5.436885585319691e-05, 'alpha_2': 4.0028623560198787e-05, 'beta_0': 0.07720273606499489, 'beta_1': 6.733747311850042, 'beta_2': 0.20406071451603344, 'beta_3': 0.0009872959208046944, 'beta_4': 6.5975609007344564, 'beta_5': 34.140894000090356, 'beta_6': 0.04178938990792476, 'beta_7': 0.015245139096804616, 'beta_8': 3.94154300118548e-05, 'beta_9': 1.2767272575991685e-06}. Best is trial 691 with value: 6538.461030825155.
[I 2026-04-01 00:07:04,284] Trial 984 finished with value: 6764.622201862785 and parameters: {'alpha_0': 0.0006420251669020936, 'alpha_1': 5.183497720461739e-05, 'alpha_2': 4.164139250884998e-05, 'beta_0': 0.08128088174816117, 'beta_1': 5.82256874731489, 'beta_2': 0.20820898372889324, 'beta_3': 0.0009574873033216879, 'beta_4': 7.6160622557923405, 'beta_5': 35.52258405345685, 'beta_6': 0.04431674703223714, 'beta_7': 0.01613112760040248, 'beta_8': 3.99856644771597e-05, 'beta_9': 1.1296841578497246e-06}. Best is trial 691 with value: 6538.461030825155.
[I 2026-04-01 00:07:13,489] Trial 985 finished with value: 6569.479343163863 and parameters: {'alpha_0': 0.00053686784885128, 'alpha_1': 5.72146259770208e-05, 'alpha_2': 4.637105152986922e-05, 'beta_0': 0.09311222138317238, 'beta_1': 6.134199636633266, 'beta_2': 0.20208087430386965, 'beta_3': 0.0010218007101553926, 'beta_4': 6.69830773919023, 'beta_5': 33.83848560355703, 'beta_6': 0.041108629526371926, 'beta_7': 0.01568257464828942, 'beta_8': 3.8745048155271535e-05, 'beta_9': 7.291646976099308e-07}. Best is trial 691 with value: 6538.461030825155.
[I 2026-04-01 00:07:22,806] Trial 986 finished with value: 6764.867179435386 and parameters: {'alpha_0': 0.0006002056937391086, 'alpha_1': 5.774033712080038e-05, 'alpha_2': 4.7568881025025696e-05, 'beta_0': 0.10066242615993498, 'beta_1': 6.092845853487693, 'beta_2': 0.1962430400698597, 'beta_3': 0.0010231889813884986, 'beta_4': 6.743520508050241, 'beta_5': 34.59496226524413, 'beta_6': 0.043306941950724244, 'beta_7': 0.015467316429213914, 'beta_8': 3.796465113851274e-05, 'beta_9': 1.9241067761137107e-06}. Best is trial 691 with value: 6538.461030825155.
[I 2026-04-01 00:07:32,178] Trial 987 finished with value: 6681.117845199643 and parameters: {'alpha_0': 0.0005710741633657236, 'alpha_1': 5.668019961817371e-05, 'alpha_2': 4.645515709605826e-05, 'beta_0': 0.09952236387278715, 'beta_1': 5.824057449468753, 'beta_2': 0.20090213604960297, 'beta_3': 0.0009309150732657277, 'beta_4': 6.890111996140482, 'beta_5': 35.960709286065025, 'beta_6': 0.04003308774014766, 'beta_7': 0.015640873104193175, 'beta_8': 3.8622310793723375e-05, 'beta_9': 1.2663446870502213e-06}. Best is trial 691 with value: 6538.461030825155.
[I 2026-04-01 00:07:41,476] Trial 988 finished with value: inf and parameters: {'alpha_0': 0.0006357160736615214, 'alpha_1': 5.006139742575783e-05, 'alpha_2': 4.6652131801633836e-05, 'beta_0': 0.09517788896379843, 'beta_1': 6.032564922624765, 'beta_2': 0.19821761718930456, 'beta_3': 0.0010212582122915512, 'beta_4': 7.002151066061437, 'beta_5': 34.39274280948359, 'beta_6': 0.04222712326423936, 'beta_7': 0.018594018867387596, 'beta_8': 3.811367027513566e-05, 'beta_9': 1.140004781483736e-06}. Best is trial 691 with value: 6538.461030825155.
[I 2026-04-01 00:07:50,771] Trial 989 finished with value: 6777.439857960538 and parameters: {'alpha_0': 0.0006627042674184346, 'alpha_1': 5.790267841470001e-05, 'alpha_2': 4.532728307650899e-05, 'beta_0': 0.09261260099800518, 'beta_1': 6.22805603604756, 'beta_2': 0.2026403829896722, 'beta_3': 0.0009797794277244753, 'beta_4': 6.724528494624215, 'beta_5': 35.152727075152505, 'beta_6': 0.04570258907434351, 'beta_7': 0.015991172713249596, 'beta_8': 3.8688157433967656e-05, 'beta_9': 1.6224660969316117e-06}. Best is trial 691 with value: 6538.461030825155.
[I 2026-04-01 00:08:00,109] Trial 990 finished with value: 7271.403422492107 and parameters: {'alpha_0': 0.0006078528300989966, 'alpha_1': 5.352355804055624e-05, 'alpha_2': 6.621068581185059e-05, 'beta_0': 0.09611153042641091, 'beta_1': 5.831557094600628, 'beta_2': 0.20016743805580228, 'beta_3': 0.0009511205302884199, 'beta_4': 6.838123504849489, 'beta_5': 33.55151585530123, 'beta_6': 0.04193930928828637, 'beta_7': 0.015248257751663831, 'beta_8': 3.789413470803028e-05, 'beta_9': 7.581882117922675e-07}. Best is trial 691 with value: 6538.461030825155.Best trial: 691. Best value: 6538.46:  50%|████▉     | 990/2000 [2:29:15<2:36:39,  9.31s/it]Best trial: 691. Best value: 6538.46:  50%|████▉     | 990/2000 [2:29:15<2:36:39,  9.31s/it]Best trial: 691. Best value: 6538.46:  50%|████▉     | 991/2000 [2:29:15<2:36:39,  9.32s/it]                                                                                            Best trial: 691. Best value: 6538.46:  50%|████▉     | 991/2000 [2:29:24<2:36:39,  9.32s/it]Best trial: 691. Best value: 6538.46:  50%|████▉     | 991/2000 [2:29:24<2:36:39,  9.32s/it]Best trial: 691. Best value: 6538.46:  50%|████▉     | 992/2000 [2:29:24<2:36:10,  9.30s/it]                                                                                            Best trial: 691. Best value: 6538.46:  50%|████▉     | 992/2000 [2:29:26<2:36:10,  9.30s/it]Best trial: 691. Best value: 6538.46:  50%|████▉     | 992/2000 [2:29:26<2:36:10,  9.30s/it]Best trial: 691. Best value: 6538.46:  50%|████▉     | 993/2000 [2:29:26<1:57:05,  6.98s/it]                                                                                            Best trial: 691. Best value: 6538.46:  50%|████▉     | 993/2000 [2:29:35<1:57:05,  6.98s/it]Best trial: 691. Best value: 6538.46:  50%|████▉     | 993/2000 [2:29:35<1:57:05,  6.98s/it]Best trial: 691. Best value: 6538.46:  50%|████▉     | 994/2000 [2:29:35<2:08:08,  7.64s/it]                                                                                            Best trial: 691. Best value: 6538.46:  50%|████▉     | 994/2000 [2:29:44<2:08:08,  7.64s/it]Best trial: 691. Best value: 6538.46:  50%|████▉     | 994/2000 [2:29:44<2:08:08,  7.64s/it]Best trial: 691. Best value: 6538.46:  50%|████▉     | 995/2000 [2:29:44<2:15:43,  8.10s/it]                                                                                            Best trial: 691. Best value: 6538.46:  50%|████▉     | 995/2000 [2:29:53<2:15:43,  8.10s/it]Best trial: 691. Best value: 6538.46:  50%|████▉     | 995/2000 [2:29:53<2:15:43,  8.10s/it]Best trial: 691. Best value: 6538.46:  50%|████▉     | 996/2000 [2:29:53<2:21:05,  8.43s/it]                                                                                            Best trial: 691. Best value: 6538.46:  50%|████▉     | 996/2000 [2:30:03<2:21:05,  8.43s/it]Best trial: 691. Best value: 6538.46:  50%|████▉     | 996/2000 [2:30:03<2:21:05,  8.43s/it]Best trial: 691. Best value: 6538.46:  50%|████▉     | 997/2000 [2:30:03<2:25:31,  8.71s/it]                                                                                            Best trial: 691. Best value: 6538.46:  50%|████▉     | 997/2000 [2:30:12<2:25:31,  8.71s/it]Best trial: 691. Best value: 6538.46:  50%|████▉     | 997/2000 [2:30:12<2:25:31,  8.71s/it]Best trial: 691. Best value: 6538.46:  50%|████▉     | 998/2000 [2:30:12<2:28:54,  8.92s/it]                                                                                            Best trial: 691. Best value: 6538.46:  50%|████▉     | 998/2000 [2:30:22<2:28:54,  8.92s/it]Best trial: 691. Best value: 6538.46:  50%|████▉     | 998/2000 [2:30:22<2:28:54,  8.92s/it]Best trial: 691. Best value: 6538.46:  50%|████▉     | 999/2000 [2:30:22<2:31:22,  9.07s/it]                                                                                            Best trial: 691. Best value: 6538.46:  50%|████▉     | 999/2000 [2:30:31<2:31:22,  9.07s/it]Best trial: 691. Best value: 6538.46:  50%|████▉     | 999/2000 [2:30:31<2:31:22,  9.07s/it]Best trial: 691. Best value: 6538.46:  50%|█████     | 1000/2000 [2:30:31<2:32:20,  9.14s/it]                                                                                             Best trial: 691. Best value: 6538.46:  50%|█████     | 1000/2000 [2:30:40<2:32:20,  9.14s/it]Best trial: 691. Best value: 6538.46:  50%|█████     | 1000/2000 [2:30:40<2:32:20,  9.14s/it]Best trial: 691. Best value: 6538.46:  50%|█████     | 1001/2000 [2:30:40<2:34:03,  9.25s/it]                                                                                             Best trial: 691. Best value: 6538.46:  50%|█████     | 1001/2000 [2:30:50<2:34:03,  9.25s/it]Best trial: 691. Best value: 6538.46:  50%|█████     | 1001/2000 [2:30:50<2:34:03,  9.25s/it]Best trial: 691. Best value: 6538.46:  50%|█████     | 1002/2000 [2:30:50<2:33:55,  9.25s/it]                                                                                             Best trial: 691. Best value: 6538.46:  50%|█████     | 1002/2000 [2:30:59<2:33:55,  9.25s/it]Best trial: 691. Best value: 6538.46:  50%|█████     | 1002/2000 [2:30:59<2:33:55,  9.25s/it]Best trial: 691. Best value: 6538.46:  50%|█████     | 1003/2000 [2:30:59<2:34:19,  9.29s/it]                                                                                             Best trial: 691. Best value: 6538.46:  50%|█████     | 1003/2000 [2:31:08<2:34:19,  9.29s/it]Best trial: 691. Best value: 6538.46:  50%|█████     | 1003/2000 [2:31:08<2:34:19,  9.29s/it]Best trial: 691. Best value: 6538.46:  50%|█████     | 1004/2000 [2:31:08<2:34:32,  9.31s/it]                                                                                             Best trial: 691. Best value: 6538.46:  50%|█████     | 1004/2000 [2:31:18<2:34:32,  9.31s/it]Best trial: 691. Best value: 6538.46:  50%|█████     | 1004/2000 [2:31:18<2:34:32,  9.31s/it]Best trial: 691. Best value: 6538.46:  50%|█████     | 1005/2000 [2:31:18<2:34:26,  9.31s/it]                                                                                             
[I 2026-04-01 00:08:09,358] Trial 991 finished with value: 6783.436999947524 and parameters: {'alpha_0': 0.0005472224806258227, 'alpha_1': 5.1839692008072016e-05, 'alpha_2': 9.040862949278507e-05, 'beta_0': 0.09327663052163564, 'beta_1': 5.945515357071848, 'beta_2': 0.20254213436937876, 'beta_3': 0.0009274592660872108, 'beta_4': 7.8227501911486685, 'beta_5': 34.048543657485816, 'beta_6': 0.043779270298711925, 'beta_7': 0.01631815303320077, 'beta_8': 3.895065369186736e-05, 'beta_9': 1.3215711459593798e-06}. Best is trial 691 with value: 6538.461030825155.
[I 2026-04-01 00:08:10,922] Trial 992 finished with value: inf and parameters: {'alpha_0': 0.0005733207611636442, 'alpha_1': 5.59219568738171e-05, 'alpha_2': 4.2854630424427315e-05, 'beta_0': 0.09960596578764908, 'beta_1': 6.1680836066153, 'beta_2': 0.20878685652673126, 'beta_3': 0.000962645934874753, 'beta_4': 7.144674815208783, 'beta_5': 33.46467092214771, 'beta_6': 0.0409998267692895, 'beta_7': 0.028366539284304743, 'beta_8': 3.850047445864972e-05, 'beta_9': 1.500407789087261e-06}. Best is trial 691 with value: 6538.461030825155.
[I 2026-04-01 00:08:20,118] Trial 993 finished with value: 6566.807717014767 and parameters: {'alpha_0': 0.000659893353395026, 'alpha_1': 5.3651042213369124e-05, 'alpha_2': 4.765293353759404e-05, 'beta_0': 0.08887485018358669, 'beta_1': 5.717635532103128, 'beta_2': 0.20673625707156254, 'beta_3': 0.0009875452466962939, 'beta_4': 6.55257007040694, 'beta_5': 34.8901277596465, 'beta_6': 0.04295916821369584, 'beta_7': 0.015762506212830273, 'beta_8': 3.901480944621674e-05, 'beta_9': 5.795845351096978e-07}. Best is trial 691 with value: 6538.461030825155.
[I 2026-04-01 00:08:29,297] Trial 994 finished with value: 7282.722176844556 and parameters: {'alpha_0': 0.000681827628065631, 'alpha_1': 5.8596384584051114e-05, 'alpha_2': 4.775046362249255e-05, 'beta_0': 0.0907505175650932, 'beta_1': 5.867367442669199, 'beta_2': 0.20721452942430627, 'beta_3': 0.0010203454708531518, 'beta_4': 6.570372569881581, 'beta_5': 35.992174183412764, 'beta_6': 0.044746754995239425, 'beta_7': 0.01674882184856423, 'beta_8': 3.777730013226877e-05, 'beta_9': 5.900927885159528e-07}. Best is trial 691 with value: 6538.461030825155.
[I 2026-04-01 00:08:38,497] Trial 995 finished with value: 6778.500261699775 and parameters: {'alpha_0': 0.0006723231573313661, 'alpha_1': 5.634755913680463e-05, 'alpha_2': 4.7763293724439746e-05, 'beta_0': 0.09718680896588419, 'beta_1': 5.64034842161513, 'beta_2': 0.20870253088424132, 'beta_3': 0.000999404826151105, 'beta_4': 6.660078923540702, 'beta_5': 35.403802519454516, 'beta_6': 0.04555924706319671, 'beta_7': 0.016051528042420167, 'beta_8': 3.9368992759945174e-05, 'beta_9': 5.697303992371708e-07}. Best is trial 691 with value: 6538.461030825155.
[I 2026-04-01 00:08:47,839] Trial 996 finished with value: 6818.430835319901 and parameters: {'alpha_0': 0.0006954554081757477, 'alpha_1': 5.756874725236557e-05, 'alpha_2': 4.784405270150003e-05, 'beta_0': 0.09199161238736939, 'beta_1': 5.77843910455379, 'beta_2': 0.2069047038471735, 'beta_3': 0.0009869754041862949, 'beta_4': 6.501618630574941, 'beta_5': 35.09470453643072, 'beta_6': 0.043248374141774786, 'beta_7': 0.016353774433845707, 'beta_8': 3.845361648092737e-05, 'beta_9': 5.400861145857874e-07}. Best is trial 691 with value: 6538.461030825155.
[I 2026-04-01 00:08:57,250] Trial 997 finished with value: 6769.271536639348 and parameters: {'alpha_0': 0.0006557491995000172, 'alpha_1': 5.484736032593689e-05, 'alpha_2': 4.7982113725874694e-05, 'beta_0': 0.16396023060842876, 'beta_1': 5.575817793893976, 'beta_2': 0.2091311114475769, 'beta_3': 0.001031142932434161, 'beta_4': 6.651098912078493, 'beta_5': 34.675474394783656, 'beta_6': 0.04467637785551995, 'beta_7': 0.015909772730557756, 'beta_8': 3.918086773261665e-05, 'beta_9': 6.154867827134999e-07}. Best is trial 691 with value: 6538.461030825155.
[I 2026-04-01 00:09:06,688] Trial 998 finished with value: 7040.861021786576 and parameters: {'alpha_0': 0.0006326179372135838, 'alpha_1': 5.459292505045225e-05, 'alpha_2': 4.642983086518089e-05, 'beta_0': 0.0884105784736532, 'beta_1': 5.633524877477376, 'beta_2': 0.20547546081884605, 'beta_3': 0.0009177300481519932, 'beta_4': 6.513253120375327, 'beta_5': 36.47726921405658, 'beta_6': 0.04293440301633436, 'beta_7': 0.015444239400276904, 'beta_8': 3.884745236136066e-05, 'beta_9': 1.211756439213064e-06}. Best is trial 691 with value: 6538.461030825155.
[I 2026-04-01 00:09:15,984] Trial 999 finished with value: 6558.887660080148 and parameters: {'alpha_0': 0.0006995507375055567, 'alpha_1': 5.655177112920155e-05, 'alpha_2': 4.6403092819428605e-05, 'beta_0': 0.09741405494406409, 'beta_1': 5.6901595658783375, 'beta_2': 0.2065445069586137, 'beta_3': 0.0009438782812517116, 'beta_4': 6.786084029831947, 'beta_5': 35.97697802336558, 'beta_6': 0.04114200540493271, 'beta_7': 0.015770036738224785, 'beta_8': 3.7985892848868525e-05, 'beta_9': 5.468937852819952e-07}. Best is trial 691 with value: 6538.461030825155.
[I 2026-04-01 00:09:25,499] Trial 1000 finished with value: 7510.341418946175 and parameters: {'alpha_0': 0.0007101755214009638, 'alpha_1': 5.741420239416425e-05, 'alpha_2': 4.568348440902982e-05, 'beta_0': 0.09912540126113248, 'beta_1': 5.533617161933133, 'beta_2': 0.2066496942505019, 'beta_3': 0.0009421818974635822, 'beta_4': 6.836622856379938, 'beta_5': 35.4844030587721, 'beta_6': 0.04106355792776099, 'beta_7': 0.015001854365255174, 'beta_8': 3.7658768018869934e-05, 'beta_9': 5.476056638812877e-07}. Best is trial 691 with value: 6538.461030825155.
[I 2026-04-01 00:09:34,756] Trial 1001 finished with value: 6589.686300192919 and parameters: {'alpha_0': 0.0007255589686203664, 'alpha_1': 5.601440878935876e-05, 'alpha_2': 4.679104724400343e-05, 'beta_0': 0.09450157094975636, 'beta_1': 5.6921866829785825, 'beta_2': 0.20906517457949206, 'beta_3': 0.0009501043786587584, 'beta_4': 6.88629736872792, 'beta_5': 34.843762070099835, 'beta_6': 0.04003373203692927, 'beta_7': 0.015684820842077805, 'beta_8': 3.7914629895049406e-05, 'beta_9': 5.388665862208978e-07}. Best is trial 691 with value: 6538.461030825155.
[I 2026-04-01 00:09:44,121] Trial 1002 finished with value: 7206.446990180471 and parameters: {'alpha_0': 0.0006642413239618936, 'alpha_1': 5.882168660719832e-05, 'alpha_2': 4.5061401221540754e-05, 'beta_0': 0.10093271967456485, 'beta_1': 5.410024021171813, 'beta_2': 0.2060547166255229, 'beta_3': 0.0009192271018394866, 'beta_4': 6.964074081363717, 'beta_5': 35.39840839773839, 'beta_6': 0.04108753824002927, 'beta_7': 0.015310405219852788, 'beta_8': 3.823134626072543e-05, 'beta_9': 5.942884530939108e-07}. Best is trial 691 with value: 6538.461030825155.
[I 2026-04-01 00:09:53,482] Trial 1003 finished with value: 6559.471964819435 and parameters: {'alpha_0': 0.0007000122544078009, 'alpha_1': 5.4302916235744436e-05, 'alpha_2': 4.617559116932754e-05, 'beta_0': 0.0979425285997127, 'beta_1': 5.702295098971538, 'beta_2': 0.20419561339641262, 'beta_3': 0.0009664115338788865, 'beta_4': 6.710265711216752, 'beta_5': 35.79261094033233, 'beta_6': 0.041101381919778475, 'beta_7': 0.015738878915406488, 'beta_8': 3.7493881042416786e-05, 'beta_9': 5.299775848304615e-07}. Best is trial 691 with value: 6538.461030825155.
[I 2026-04-01 00:10:02,805] Trial 1004 finished with value: 6880.602256196998 and parameters: {'alpha_0': 0.0007093906007945767, 'alpha_1': 5.7158629947410476e-05, 'alpha_2': 4.756415334667941e-05, 'beta_0': 0.10448415899307693, 'beta_1': 5.501993945826557, 'beta_2': 0.2026807583173221, 'beta_3': 0.0009996283969607622, 'beta_4': 7.047493509965791, 'beta_5': 36.665407780485566, 'beta_6': 0.043682105029628715, 'beta_7': 0.015436560944366119, 'beta_8': 3.7113158466008045e-05, 'beta_9': 5.084138719371712e-07}. Best is trial 691 with value: 6538.461030825155.
