[I 2026-04-01 10:56:58,787] Trial 1905 finished with value: 7512.010332041146 and parameters: {'alpha_0': 0.0006178280825950309, 'alpha_1': 5.000308925857268e-05, 'alpha_2': 4.141072261256129e-05, 'beta_0': 0.08762486984989956, 'beta_1': 5.775722821047343, 'beta_2': 0.2110757859118713, 'beta_3': 0.0009830803691691862, 'beta_4': 5.620233369858667, 'beta_5': 34.499734748339414, 'beta_6': 0.04124679268533798, 'beta_7': 0.015001687292478508, 'beta_8': 3.942623137861648e-05, 'beta_9': 7.540897614117328e-07}. Best is trial 691 with value: 6538.461030825155.Best trial: 691. Best value: 6538.46:  95%|█████████▌| 1905/2000 [13:18:14<13:28,  8.51s/it]Best trial: 691. Best value: 6538.46:  95%|█████████▌| 1905/2000 [13:18:14<13:28,  8.51s/it]Best trial: 691. Best value: 6538.46:  95%|█████████▌| 1906/2000 [13:18:14<13:47,  8.81s/it]                                                                                            Best trial: 691. Best value: 6538.46:  95%|█████████▌| 1906/2000 [13:18:23<13:47,  8.81s/it]Best trial: 691. Best value: 6538.46:  95%|█████████▌| 1906/2000 [13:18:23<13:47,  8.81s/it]Best trial: 691. Best value: 6538.46:  95%|█████████▌| 1907/2000 [13:18:23<13:52,  8.95s/it]                                                                                            Best trial: 691. Best value: 6538.46:  95%|█████████▌| 1907/2000 [13:18:32<13:52,  8.95s/it]Best trial: 691. Best value: 6538.46:  95%|█████████▌| 1907/2000 [13:18:32<13:52,  8.95s/it]Best trial: 691. Best value: 6538.46:  95%|█████████▌| 1908/2000 [13:18:32<13:54,  9.07s/it]                                                                                            Best trial: 691. Best value: 6538.46:  95%|█████████▌| 1908/2000 [13:18:42<13:54,  9.07s/it]Best trial: 691. Best value: 6538.46:  95%|█████████▌| 1908/2000 [13:18:42<13:54,  9.07s/it]Best trial: 691. Best value: 6538.46:  95%|█████████▌| 1909/2000 [13:18:42<13:55,  9.18s/it]                                                                                            Best trial: 691. Best value: 6538.46:  95%|█████████▌| 1909/2000 [13:18:51<13:55,  9.18s/it]Best trial: 691. Best value: 6538.46:  95%|█████████▌| 1909/2000 [13:18:51<13:55,  9.18s/it]Best trial: 691. Best value: 6538.46:  96%|█████████▌| 1910/2000 [13:18:51<13:51,  9.23s/it]                                                                                            Best trial: 691. Best value: 6538.46:  96%|█████████▌| 1910/2000 [13:19:00<13:51,  9.23s/it]Best trial: 691. Best value: 6538.46:  96%|█████████▌| 1910/2000 [13:19:00<13:51,  9.23s/it]Best trial: 691. Best value: 6538.46:  96%|█████████▌| 1911/2000 [13:19:00<13:43,  9.25s/it]                                                                                            Best trial: 691. Best value: 6538.46:  96%|█████████▌| 1911/2000 [13:19:10<13:43,  9.25s/it]Best trial: 691. Best value: 6538.46:  96%|█████████▌| 1911/2000 [13:19:10<13:43,  9.25s/it]Best trial: 691. Best value: 6538.46:  96%|█████████▌| 1912/2000 [13:19:10<13:34,  9.25s/it]                                                                                            Best trial: 691. Best value: 6538.46:  96%|█████████▌| 1912/2000 [13:19:19<13:34,  9.25s/it]Best trial: 691. Best value: 6538.46:  96%|█████████▌| 1912/2000 [13:19:19<13:34,  9.25s/it]Best trial: 691. Best value: 6538.46:  96%|█████████▌| 1913/2000 [13:19:19<13:26,  9.27s/it]                                                                                            Best trial: 691. Best value: 6538.46:  96%|█████████▌| 1913/2000 [13:19:28<13:26,  9.27s/it]Best trial: 691. Best value: 6538.46:  96%|█████████▌| 1913/2000 [13:19:28<13:26,  9.27s/it]Best trial: 691. Best value: 6538.46:  96%|█████████▌| 1914/2000 [13:19:28<13:18,  9.28s/it]                                                                                            Best trial: 691. Best value: 6538.46:  96%|█████████▌| 1914/2000 [13:19:38<13:18,  9.28s/it]Best trial: 691. Best value: 6538.46:  96%|█████████▌| 1914/2000 [13:19:38<13:18,  9.28s/it]Best trial: 691. Best value: 6538.46:  96%|█████████▌| 1915/2000 [13:19:38<13:10,  9.30s/it]                                                                                            Best trial: 691. Best value: 6538.46:  96%|█████████▌| 1915/2000 [13:19:47<13:10,  9.30s/it]Best trial: 691. Best value: 6538.46:  96%|█████████▌| 1915/2000 [13:19:47<13:10,  9.30s/it]Best trial: 691. Best value: 6538.46:  96%|█████████▌| 1916/2000 [13:19:47<13:01,  9.31s/it]                                                                                            Best trial: 691. Best value: 6538.46:  96%|█████████▌| 1916/2000 [13:19:56<13:01,  9.31s/it]Best trial: 691. Best value: 6538.46:  96%|█████████▌| 1916/2000 [13:19:56<13:01,  9.31s/it]Best trial: 691. Best value: 6538.46:  96%|█████████▌| 1917/2000 [13:19:56<12:52,  9.31s/it]                                                                                            Best trial: 691. Best value: 6538.46:  96%|█████████▌| 1917/2000 [13:20:06<12:52,  9.31s/it]Best trial: 691. Best value: 6538.46:  96%|█████████▌| 1917/2000 [13:20:06<12:52,  9.31s/it]Best trial: 691. Best value: 6538.46:  96%|█████████▌| 1918/2000 [13:20:06<12:41,  9.29s/it]                                                                                            Best trial: 691. Best value: 6538.46:  96%|█████████▌| 1918/2000 [13:20:15<12:41,  9.29s/it]Best trial: 691. Best value: 6538.46:  96%|█████████▌| 1918/2000 [13:20:15<12:41,  9.29s/it]Best trial: 691. Best value: 6538.46:  96%|█████████▌| 1919/2000 [13:20:15<12:33,  9.31s/it]                                                                                            Best trial: 691. Best value: 6538.46:  96%|█████████▌| 1919/2000 [13:20:24<12:33,  9.31s/it]Best trial: 691. Best value: 6538.46:  96%|█████████▌| 1919/2000 [13:20:24<12:33,  9.31s/it]Best trial: 691. Best value: 6538.46:  96%|█████████▌| 1920/2000 [13:20:24<12:27,  9.35s/it]                                                                                            
[I 2026-04-01 10:57:08,087] Trial 1906 finished with value: 6721.855544304472 and parameters: {'alpha_0': 0.0006879518639726916, 'alpha_1': 5.2984533606569486e-05, 'alpha_2': 4.5712546729856685e-05, 'beta_0': 0.0955400091157271, 'beta_1': 6.362891858512113, 'beta_2': 0.23841548134271887, 'beta_3': 0.0009601438496636939, 'beta_4': 7.005599353334991, 'beta_5': 36.032802527130855, 'beta_6': 0.04314248683149599, 'beta_7': 0.0160057808931965, 'beta_8': 3.761169771045451e-05, 'beta_9': 5.611939397738833e-07}. Best is trial 691 with value: 6538.461030825155.
[I 2026-04-01 10:57:17,418] Trial 1907 finished with value: 7118.108036548855 and parameters: {'alpha_0': 0.000575360541283801, 'alpha_1': 5.6483660681947296e-05, 'alpha_2': 4.973913719088817e-05, 'beta_0': 0.08232296550998788, 'beta_1': 5.481890598981227, 'beta_2': 0.20860628520666508, 'beta_3': 0.0010082243404082325, 'beta_4': 7.881934883517088, 'beta_5': 35.28148330957126, 'beta_6': 0.04465082731934278, 'beta_7': 0.01646872836330422, 'beta_8': 3.850735076476774e-05, 'beta_9': 1.6675860854595395e-06}. Best is trial 691 with value: 6538.461030825155.
[I 2026-04-01 10:57:26,853] Trial 1908 finished with value: 6674.068653841376 and parameters: {'alpha_0': 0.0018179868847936942, 'alpha_1': 5.177630428957077e-05, 'alpha_2': 4.305192356030892e-05, 'beta_0': 0.10294007374309488, 'beta_1': 6.1398575853842585, 'beta_2': 0.20049149465328384, 'beta_3': 0.0010634311924298029, 'beta_4': 6.630627382348747, 'beta_5': 33.68840422722907, 'beta_6': 0.07351474971258554, 'beta_7': 0.015607953256330659, 'beta_8': 3.9980969236807194e-05, 'beta_9': 6.57845604767151e-07}. Best is trial 691 with value: 6538.461030825155.
[I 2026-04-01 10:57:36,218] Trial 1909 finished with value: 6805.001219911851 and parameters: {'alpha_0': 0.0007417933006672273, 'alpha_1': 5.46730184198806e-05, 'alpha_2': 5.457421368916532e-05, 'beta_0': 0.09297787242385633, 'beta_1': 7.24810558716486, 'beta_2': 0.2053911061947253, 'beta_3': 0.0010306496892515445, 'beta_4': 7.62069672243505, 'beta_5': 34.34937980345237, 'beta_6': 0.042128924228569016, 'beta_7': 0.016157471704621975, 'beta_8': 3.9008899092133585e-05, 'beta_9': 5.293233182662471e-07}. Best is trial 691 with value: 6538.461030825155.
[I 2026-04-01 10:57:45,500] Trial 1910 finished with value: 6572.756945597939 and parameters: {'alpha_0': 0.0006288553167050679, 'alpha_1': 5.183901119642904e-05, 'alpha_2': 0.00010285603182244752, 'beta_0': 0.07330054841085165, 'beta_1': 6.852935638485219, 'beta_2': 0.21351049942633085, 'beta_3': 0.0009866602527636053, 'beta_4': 7.196418523572288, 'beta_5': 36.21539669623587, 'beta_6': 0.043437117651764716, 'beta_7': 0.0157601412799453, 'beta_8': 3.999382903705597e-05, 'beta_9': 1.031933833201251e-06}. Best is trial 691 with value: 6538.461030825155.
[I 2026-04-01 10:57:54,758] Trial 1911 finished with value: 7205.01004348089 and parameters: {'alpha_0': 0.0005600941744640274, 'alpha_1': 5.800431502559572e-05, 'alpha_2': 0.00010583831344198359, 'beta_0': 0.10905073581917171, 'beta_1': 6.421898626042551, 'beta_2': 0.20953367068560333, 'beta_3': 0.0009487382696008176, 'beta_4': 6.879506342252536, 'beta_5': 35.16702896657386, 'beta_6': 0.04098542335936138, 'beta_7': 0.015282135148440167, 'beta_8': 3.666157858257182e-05, 'beta_9': 6.190653905021606e-07}. Best is trial 691 with value: 6538.461030825155.
[I 2026-04-01 10:58:04,058] Trial 1912 finished with value: 6750.638313352116 and parameters: {'alpha_0': 0.0006921023002822116, 'alpha_1': 5.4684601545297705e-05, 'alpha_2': 4.006374197353476e-05, 'beta_0': 0.09885828937054408, 'beta_1': 5.927101462537813, 'beta_2': 0.20679808798809277, 'beta_3': 0.0010019723741735683, 'beta_4': 7.7562748617803745, 'beta_5': 33.365707722970406, 'beta_6': 0.0420508158005719, 'beta_7': 0.015444785104727906, 'beta_8': 3.795092727924201e-05, 'beta_9': 1.4540067412722832e-06}. Best is trial 691 with value: 6538.461030825155.
[I 2026-04-01 10:58:13,377] Trial 1913 finished with value: 7042.915096594979 and parameters: {'alpha_0': 0.0006628921933394948, 'alpha_1': 6.02808092640831e-05, 'alpha_2': 4.433554632347413e-05, 'beta_0': 0.07793596973496472, 'beta_1': 6.5815336290642446, 'beta_2': 0.20275557941916725, 'beta_3': 0.0011573816762044558, 'beta_4': 6.5092694476828425, 'beta_5': 37.158025749560046, 'beta_6': 0.04394421797261062, 'beta_7': 0.016259138434346877, 'beta_8': 3.867983806522396e-05, 'beta_9': 1.393933849865639e-06}. Best is trial 691 with value: 6538.461030825155.
[I 2026-04-01 10:58:22,704] Trial 1914 finished with value: 6678.88944432649 and parameters: {'alpha_0': 0.0006045873355447007, 'alpha_1': 5.328053261596554e-05, 'alpha_2': 4.006439208239383e-05, 'beta_0': 0.08850980520339603, 'beta_1': 6.194709751439037, 'beta_2': 0.2336194064592801, 'beta_3': 0.0009661142062805164, 'beta_4': 6.755049578019216, 'beta_5': 35.6649372866377, 'beta_6': 0.064398863682785, 'beta_7': 0.015824449589723146, 'beta_8': 3.940440261711016e-05, 'beta_9': 7.93049065255183e-07}. Best is trial 691 with value: 6538.461030825155.
[I 2026-04-01 10:58:32,044] Trial 1915 finished with value: inf and parameters: {'alpha_0': 0.0007241084470759305, 'alpha_1': 5.666446072657095e-05, 'alpha_2': 5.1604424833090516e-05, 'beta_0': 0.08441537963449855, 'beta_1': 5.228585455355951, 'beta_2': 0.21186443004530703, 'beta_3': 0.0010215685796606756, 'beta_4': 6.65946627362442, 'beta_5': 34.446244689289834, 'beta_6': 0.04097517146578608, 'beta_7': 0.020702306900617723, 'beta_8': 3.484073107393886e-05, 'beta_9': 1.1260810832523934e-06}. Best is trial 691 with value: 6538.461030825155.
[I 2026-04-01 10:58:41,352] Trial 1916 finished with value: 7142.519880733815 and parameters: {'alpha_0': 0.0005537905797409971, 'alpha_1': 5.172048466253936e-05, 'alpha_2': 4.268430832897165e-05, 'beta_0': 0.09226149785113692, 'beta_1': 5.606917450915832, 'beta_2': 0.2049657249552911, 'beta_3': 0.0009540515776393619, 'beta_4': 6.52272849928797, 'beta_5': 33.85250648308721, 'beta_6': 0.0455172115553242, 'beta_7': 0.01664454425736747, 'beta_8': 3.731962530912602e-05, 'beta_9': 5.854114988987654e-07}. Best is trial 691 with value: 6538.461030825155.
[I 2026-04-01 10:58:50,606] Trial 1917 finished with value: 6646.5710823764075 and parameters: {'alpha_0': 0.00206278969696778, 'alpha_1': 5.4703177248824106e-05, 'alpha_2': 4.616829101666077e-05, 'beta_0': 0.0816218237414829, 'beta_1': 7.108682686504182, 'beta_2': 0.21574535894627508, 'beta_3': 0.00109732592653308, 'beta_4': 6.788885003251835, 'beta_5': 33.21384829467257, 'beta_6': 0.04289952681319579, 'beta_7': 0.015501051791263838, 'beta_8': 3.8110150014564274e-05, 'beta_9': 7.100771846853212e-07}. Best is trial 691 with value: 6538.461030825155.
[I 2026-04-01 10:58:59,950] Trial 1918 finished with value: 6740.9293106981295 and parameters: {'alpha_0': 0.0006352647521450332, 'alpha_1': 5.1542157104134154e-05, 'alpha_2': 0.000115558437614129, 'beta_0': 0.1057476337645508, 'beta_1': 6.702576390115622, 'beta_2': 0.20790325347647257, 'beta_3': 0.0009841209018789537, 'beta_4': 6.893913925775104, 'beta_5': 43.3385808711742, 'beta_6': 0.04001994163764673, 'beta_7': 0.01600249172158372, 'beta_8': 3.907969877324522e-05, 'beta_9': 6.420225589394752e-07}. Best is trial 691 with value: 6538.461030825155.
[I 2026-04-01 10:59:09,387] Trial 1919 finished with value: 6752.3693909443155 and parameters: {'alpha_0': 0.0007890370587743524, 'alpha_1': 0.00011443630464992889, 'alpha_2': 4.184899606753205e-05, 'beta_0': 0.09762265173838305, 'beta_1': 6.385823616239362, 'beta_2': 0.2102150161183451, 'beta_3': 0.0010415071165751915, 'beta_4': 6.607785511680942, 'beta_5': 41.60031370124776, 'beta_6': 0.04194268663746757, 'beta_7': 0.015728547022776408, 'beta_8': 3.946499675555408e-05, 'beta_9': 5.497324285218646e-07}. Best is trial 691 with value: 6538.461030825155.
[I 2026-04-01 10:59:18,822] Trial 1920 finished with value: 7194.281824250182 and parameters: {'alpha_0': 0.0006850154512127794, 'alpha_1': 5.3389186050106324e-05, 'alpha_2': 4.8515721132993454e-05, 'beta_0': 0.0885432287322623, 'beta_1': 6.061613358589371, 'beta_2': 0.23050461459972138, 'beta_3': 0.0010086202011884281, 'beta_4': 6.662156765797309, 'beta_5': 34.793228464538224, 'beta_6': 0.04001208675481732, 'beta_7': 0.015260670777227425, 'beta_8': 3.858540272818509e-05, 'beta_9': 7.401048487339163e-07}. Best is trial 691 with value: 6538.461030825155.Best trial: 691. Best value: 6538.46:  96%|█████████▌| 1920/2000 [13:20:34<12:27,  9.35s/it]Best trial: 691. Best value: 6538.46:  96%|█████████▌| 1920/2000 [13:20:34<12:27,  9.35s/it]Best trial: 691. Best value: 6538.46:  96%|█████████▌| 1921/2000 [13:20:34<12:20,  9.37s/it]                                                                                            Best trial: 691. Best value: 6538.46:  96%|█████████▌| 1921/2000 [13:20:43<12:20,  9.37s/it]Best trial: 691. Best value: 6538.46:  96%|█████████▌| 1921/2000 [13:20:43<12:20,  9.37s/it]Best trial: 691. Best value: 6538.46:  96%|█████████▌| 1922/2000 [13:20:43<12:07,  9.32s/it]                                                                                            Best trial: 691. Best value: 6538.46:  96%|█████████▌| 1922/2000 [13:20:52<12:07,  9.32s/it]Best trial: 691. Best value: 6538.46:  96%|█████████▌| 1922/2000 [13:20:52<12:07,  9.32s/it]Best trial: 691. Best value: 6538.46:  96%|█████████▌| 1923/2000 [13:20:52<11:56,  9.31s/it]                                                                                            Best trial: 691. Best value: 6538.46:  96%|█████████▌| 1923/2000 [13:21:02<11:56,  9.31s/it]Best trial: 691. Best value: 6538.46:  96%|█████████▌| 1923/2000 [13:21:02<11:56,  9.31s/it]Best trial: 691. Best value: 6538.46:  96%|█████████▌| 1924/2000 [13:21:02<11:46,  9.30s/it]                                                                                            Best trial: 691. Best value: 6538.46:  96%|█████████▌| 1924/2000 [13:21:11<11:46,  9.30s/it]Best trial: 691. Best value: 6538.46:  96%|█████████▌| 1924/2000 [13:21:11<11:46,  9.30s/it]Best trial: 691. Best value: 6538.46:  96%|█████████▋| 1925/2000 [13:21:11<11:35,  9.28s/it]                                                                                            Best trial: 691. Best value: 6538.46:  96%|█████████▋| 1925/2000 [13:21:20<11:35,  9.28s/it]Best trial: 691. Best value: 6538.46:  96%|█████████▋| 1925/2000 [13:21:20<11:35,  9.28s/it]Best trial: 691. Best value: 6538.46:  96%|█████████▋| 1926/2000 [13:21:20<11:35,  9.40s/it]                                                                                            Best trial: 691. Best value: 6538.46:  96%|█████████▋| 1926/2000 [13:21:30<11:35,  9.40s/it]Best trial: 691. Best value: 6538.46:  96%|█████████▋| 1926/2000 [13:21:30<11:35,  9.40s/it]Best trial: 691. Best value: 6538.46:  96%|█████████▋| 1927/2000 [13:21:30<11:21,  9.34s/it]                                                                                            Best trial: 691. Best value: 6538.46:  96%|█████████▋| 1927/2000 [13:21:39<11:21,  9.34s/it]Best trial: 691. Best value: 6538.46:  96%|█████████▋| 1927/2000 [13:21:39<11:21,  9.34s/it]Best trial: 691. Best value: 6538.46:  96%|█████████▋| 1928/2000 [13:21:39<11:13,  9.35s/it]                                                                                            Best trial: 691. Best value: 6538.46:  96%|█████████▋| 1928/2000 [13:21:48<11:13,  9.35s/it]Best trial: 691. Best value: 6538.46:  96%|█████████▋| 1928/2000 [13:21:48<11:13,  9.35s/it]Best trial: 691. Best value: 6538.46:  96%|█████████▋| 1929/2000 [13:21:48<11:03,  9.34s/it]                                                                                            Best trial: 691. Best value: 6538.46:  96%|█████████▋| 1929/2000 [13:21:58<11:03,  9.34s/it]Best trial: 691. Best value: 6538.46:  96%|█████████▋| 1929/2000 [13:21:58<11:03,  9.34s/it]Best trial: 691. Best value: 6538.46:  96%|█████████▋| 1930/2000 [13:21:58<10:51,  9.31s/it]                                                                                            Best trial: 691. Best value: 6538.46:  96%|█████████▋| 1930/2000 [13:22:07<10:51,  9.31s/it]Best trial: 691. Best value: 6538.46:  96%|█████████▋| 1930/2000 [13:22:07<10:51,  9.31s/it]Best trial: 691. Best value: 6538.46:  97%|█████████▋| 1931/2000 [13:22:07<10:40,  9.29s/it]                                                                                            Best trial: 691. Best value: 6538.46:  97%|█████████▋| 1931/2000 [13:22:16<10:40,  9.29s/it]Best trial: 691. Best value: 6538.46:  97%|█████████▋| 1931/2000 [13:22:16<10:40,  9.29s/it]Best trial: 691. Best value: 6538.46:  97%|█████████▋| 1932/2000 [13:22:16<10:32,  9.30s/it]                                                                                            Best trial: 691. Best value: 6538.46:  97%|█████████▋| 1932/2000 [13:22:25<10:32,  9.30s/it]Best trial: 691. Best value: 6538.46:  97%|█████████▋| 1932/2000 [13:22:25<10:32,  9.30s/it]Best trial: 691. Best value: 6538.46:  97%|█████████▋| 1933/2000 [13:22:25<10:24,  9.31s/it]                                                                                            Best trial: 691. Best value: 6538.46:  97%|█████████▋| 1933/2000 [13:22:27<10:24,  9.31s/it]Best trial: 691. Best value: 6538.46:  97%|█████████▋| 1933/2000 [13:22:27<10:24,  9.31s/it]Best trial: 691. Best value: 6538.46:  97%|█████████▋| 1934/2000 [13:22:27<07:39,  6.97s/it]                                                                                            Best trial: 691. Best value: 6538.46:  97%|█████████▋| 1934/2000 [13:22:36<07:39,  6.97s/it]Best trial: 691. Best value: 6538.46:  97%|█████████▋| 1934/2000 [13:22:36<07:39,  6.97s/it]Best trial: 691. Best value: 6538.46:  97%|█████████▋| 1935/2000 [13:22:36<08:17,  7.65s/it]                                                                                            
[I 2026-04-01 10:59:28,026] Trial 1921 finished with value: 6800.760413965349 and parameters: {'alpha_0': 0.0005950589810152762, 'alpha_1': 5.681525688377766e-05, 'alpha_2': 4.4224352588910585e-05, 'beta_0': 0.07170559928722049, 'beta_1': 5.830027402647747, 'beta_2': 0.20650800149849943, 'beta_3': 0.001052834058859462, 'beta_4': 5.403144887735265, 'beta_5': 36.58827240195292, 'beta_6': 0.044258972582681924, 'beta_7': 0.016273816076867766, 'beta_8': 3.7573283042955136e-05, 'beta_9': 5.875006347968127e-07}. Best is trial 691 with value: 6538.461030825155.
[I 2026-04-01 10:59:37,299] Trial 1922 finished with value: 6670.991538492426 and parameters: {'alpha_0': 0.0005459032590397209, 'alpha_1': 5.1613333060606054e-05, 'alpha_2': 4.189975850096214e-05, 'beta_0': 0.0781603853380633, 'beta_1': 6.845076335741101, 'beta_2': 0.21270753253359073, 'beta_3': 0.0009697775633046147, 'beta_4': 6.514019842477126, 'beta_5': 35.65662128732524, 'beta_6': 0.04264552426482238, 'beta_7': 0.015917956754971707, 'beta_8': 3.942744166467768e-05, 'beta_9': 7.74635360456104e-07}. Best is trial 691 with value: 6538.461030825155.
[I 2026-04-01 10:59:46,583] Trial 1923 finished with value: 6778.400700233635 and parameters: {'alpha_0': 0.000649223199397955, 'alpha_1': 0.00010211045919070001, 'alpha_2': 8.193171075559645e-05, 'beta_0': 0.09406907828546798, 'beta_1': 6.516088046211546, 'beta_2': 0.20231577972531617, 'beta_3': 0.000946401094144166, 'beta_4': 7.858700158030836, 'beta_5': 34.2637156022892, 'beta_6': 0.04102451499540758, 'beta_7': 0.015556274526413295, 'beta_8': 3.8460246087769494e-05, 'beta_9': 5.383141300811289e-07}. Best is trial 691 with value: 6538.461030825155.
