[I 2026-03-31 22:51:37,699] Trial 484 finished with value: 6756.322945191296 and parameters: {'alpha_0': 0.0010751811081601873, 'alpha_1': 7.101319485760717e-05, 'alpha_2': 4.814047500415915e-05, 'beta_0': 0.05418791365329102, 'beta_1': 7.611125315943764, 'beta_2': 0.18144668142954856, 'beta_3': 0.001499926726402007, 'beta_4': 3.0954692477914882, 'beta_5': 38.08172468125106, 'beta_6': 0.04326660821995075, 'beta_7': 0.015664725885112616, 'beta_8': 1.8557533011383306e-05, 'beta_9': 9.726793398239828e-07}. Best is trial 381 with value: 6572.730744725488.
[I 2026-03-31 22:51:46,962] Trial 485 finished with value: 6875.037299392197 and parameters: {'alpha_0': 0.0019708273998372936, 'alpha_1': 0.00013124506686614995, 'alpha_2': 4.3574499111898336e-05, 'beta_0': 0.06284310825909466, 'beta_1': 6.67491288537843, 'beta_2': 0.18583378018852015, 'beta_3': 0.000760106584841641, 'beta_4': 3.293630238353276, 'beta_5': 36.445003294830656, 'beta_6': 0.04187617849786927, 'beta_7': 0.01642745200664217, 'beta_8': 1.7189129350374627e-05, 'beta_9': 9.139886900304953e-07}. Best is trial 381 with value: 6572.730744725488.
[I 2026-03-31 22:51:56,285] Trial 486 finished with value: 6820.610754086691 and parameters: {'alpha_0': 0.0018884244169601228, 'alpha_1': 0.000111283768837899, 'alpha_2': 4.6849544805558677e-05, 'beta_0': 0.0589229177249301, 'beta_1': 9.488145669272768, 'beta_2': 0.18738948532253827, 'beta_3': 0.0009565164255217837, 'beta_4': 3.5256891555520835, 'beta_5': 36.98938912949637, 'beta_6': 0.04354207619748796, 'beta_7': 0.016026175446913475, 'beta_8': 1.5770475222286395e-05, 'beta_9': 8.793417143062248e-07}. Best is trial 381 with value: 6572.730744725488.
[I 2026-03-31 22:52:05,447] Trial 487 finished with value: 6783.614355821319 and parameters: {'alpha_0': 0.0008977595532050815, 'alpha_1': 5.760960053114696e-05, 'alpha_2': 5.45231633302743e-05, 'beta_0': 0.06773172498731271, 'beta_1': 7.23724186591704, 'beta_2': 0.17538723544047502, 'beta_3': 0.0012783437333193474, 'beta_4': 6.938584432383836, 'beta_5': 34.759776144165976, 'beta_6': 0.04683689193745247, 'beta_7': 0.0156746297641209, 'beta_8': 1.6253576145772098e-05, 'beta_9': 8.393243403766522e-07}. Best is trial 381 with value: 6572.730744725488.
[I 2026-03-31 22:52:14,700] Trial 488 finished with value: 6759.131716771735 and parameters: {'alpha_0': 0.0009519469119352226, 'alpha_1': 6.433372646773968e-05, 'alpha_2': 5.047427916171945e-05, 'beta_0': 0.05643431340014359, 'beta_1': 7.719526538405058, 'beta_2': 0.19597841006980132, 'beta_3': 0.00047455197968057617, 'beta_4': 3.0027875612328705, 'beta_5': 36.152718139041795, 'beta_6': 0.04224476041850348, 'beta_7': 0.01616077061799135, 'beta_8': 1.4875070075992729e-05, 'beta_9': 8.090899040329989e-07}. Best is trial 381 with value: 6572.730744725488.
[I 2026-03-31 22:52:23,892] Trial 489 finished with value: 7054.648475053711 and parameters: {'alpha_0': 0.0011757606688911802, 'alpha_1': 6.6818570254488e-05, 'alpha_2': 4.529004818085661e-05, 'beta_0': 0.06166791407044434, 'beta_1': 6.933762443402647, 'beta_2': 0.1844265985474684, 'beta_3': 0.0007890762093912913, 'beta_4': 5.889122543570465, 'beta_5': 37.658912781196975, 'beta_6': 0.04443913073999012, 'beta_7': 0.016610038405029493, 'beta_8': 1.7731893353192816e-05, 'beta_9': 9.319958000704631e-07}. Best is trial 381 with value: 6572.730744725488.
[I 2026-03-31 22:52:33,229] Trial 490 finished with value: 7410.996097296952 and parameters: {'alpha_0': 0.0010147745311337886, 'alpha_1': 6.15489605193283e-05, 'alpha_2': 4.887230655185713e-05, 'beta_0': 0.05392385083342815, 'beta_1': 9.310994411675344, 'beta_2': 0.178227081241438, 'beta_3': 0.0008308728268589784, 'beta_4': 6.081477365327057, 'beta_5': 38.40932988741841, 'beta_6': 0.04548456947217631, 'beta_7': 0.01533353286778298, 'beta_8': 1.6784562350533897e-05, 'beta_9': 8.605169041923663e-07}. Best is trial 381 with value: 6572.730744725488.
[I 2026-03-31 22:52:42,463] Trial 491 finished with value: 6756.623278250738 and parameters: {'alpha_0': 0.0012569715662586146, 'alpha_1': 6.397381122405258e-05, 'alpha_2': 4.760684184690829e-05, 'beta_0': 0.050038391060259396, 'beta_1': 7.136188679054539, 'beta_2': 0.18912533578278654, 'beta_3': 0.0007216654901249832, 'beta_4': 3.2167525392775156, 'beta_5': 36.87206167954055, 'beta_6': 0.04122740185207081, 'beta_7': 0.015893453216725195, 'beta_8': 1.8231768981090798e-05, 'beta_9': 9.091044404581175e-07}. Best is trial 381 with value: 6572.730744725488.
[I 2026-03-31 22:52:51,692] Trial 492 finished with value: 6741.654203467536 and parameters: {'alpha_0': 0.0011305972655297131, 'alpha_1': 6.87286401185046e-05, 'alpha_2': 5.224005048077321e-05, 'beta_0': 0.06501078786577552, 'beta_1': 7.29895948984465, 'beta_2': 0.18231765620179566, 'beta_3': 0.0007618973976669962, 'beta_4': 3.135212750010255, 'beta_5': 47.47532032789096, 'beta_6': 0.04297849229613934, 'beta_7': 0.016315482355372363, 'beta_8': 1.9321382951751514e-05, 'beta_9': 7.678389918612194e-07}. Best is trial 381 with value: 6572.730744725488.
[I 2026-03-31 22:53:00,945] Trial 493 finished with value: 7149.6755243431035 and parameters: {'alpha_0': 0.0010804263923036848, 'alpha_1': 5.95637069890805e-05, 'alpha_2': 4.2382171687229905e-05, 'beta_0': 0.06923491282384299, 'beta_1': 6.387370323777434, 'beta_2': 0.18033649189243242, 'beta_3': 0.0007459199229520902, 'beta_4': 5.655618246382112, 'beta_5': 33.7715648238789, 'beta_6': 0.0400184683826461, 'beta_7': 0.016930977955424448, 'beta_8': 1.7191966785664066e-05, 'beta_9': 9.578617320386017e-07}. Best is trial 381 with value: 6572.730744725488.
[I 2026-03-31 22:53:10,183] Trial 494 finished with value: 6773.90409781195 and parameters: {'alpha_0': 0.001202790754783236, 'alpha_1': 6.573016104446773e-05, 'alpha_2': 6.112315836570291e-05, 'beta_0': 0.059264524795543484, 'beta_1': 6.844788784751617, 'beta_2': 0.17216066554198028, 'beta_3': 0.0010311400616844235, 'beta_4': 3.3783342390266715, 'beta_5': 39.49380596039632, 'beta_6': 0.04433514746307519, 'beta_7': 0.015574798276437984, 'beta_8': 1.3357447155603924e-05, 'beta_9': 8.486827091803189e-07}. Best is trial 381 with value: 6572.730744725488.
[I 2026-03-31 22:53:19,369] Trial 495 finished with value: 6633.321831315252 and parameters: {'alpha_0': 0.001445666689696419, 'alpha_1': 6.229687506504041e-05, 'alpha_2': 4.523587485016668e-05, 'beta_0': 0.06292472080168116, 'beta_1': 7.434372521549178, 'beta_2': 0.15421077502326028, 'beta_3': 0.000811132422174278, 'beta_4': 5.8168231694305295, 'beta_5': 34.98083181988502, 'beta_6': 0.042144693090710686, 'beta_7': 0.016020105617742916, 'beta_8': 2.78771081106266e-05, 'beta_9': 8.918819008948552e-07}. Best is trial 381 with value: 6572.730744725488.Best trial: 381. Best value: 6572.73:  25%|██▍       | 495/2000 [1:14:34<3:51:53,  9.24s/it]Best trial: 381. Best value: 6572.73:  25%|██▍       | 495/2000 [1:14:34<3:51:53,  9.24s/it]Best trial: 381. Best value: 6572.73:  25%|██▍       | 496/2000 [1:14:34<3:51:17,  9.23s/it]                                                                                            Best trial: 381. Best value: 6572.73:  25%|██▍       | 496/2000 [1:14:36<3:51:17,  9.23s/it]Best trial: 381. Best value: 6572.73:  25%|██▍       | 496/2000 [1:14:36<3:51:17,  9.23s/it]Best trial: 381. Best value: 6572.73:  25%|██▍       | 497/2000 [1:14:36<2:55:56,  7.02s/it]                                                                                            Best trial: 381. Best value: 6572.73:  25%|██▍       | 497/2000 [1:14:45<2:55:56,  7.02s/it]Best trial: 381. Best value: 6572.73:  25%|██▍       | 497/2000 [1:14:45<2:55:56,  7.02s/it]Best trial: 381. Best value: 6572.73:  25%|██▍       | 498/2000 [1:14:45<3:12:15,  7.68s/it]                                                                                            Best trial: 381. Best value: 6572.73:  25%|██▍       | 498/2000 [1:14:55<3:12:15,  7.68s/it]Best trial: 381. Best value: 6572.73:  25%|██▍       | 498/2000 [1:14:55<3:12:15,  7.68s/it]Best trial: 381. Best value: 6572.73:  25%|██▍       | 499/2000 [1:14:55<3:23:24,  8.13s/it]                                                                                            Best trial: 381. Best value: 6572.73:  25%|██▍       | 499/2000 [1:15:04<3:23:24,  8.13s/it]Best trial: 381. Best value: 6572.73:  25%|██▍       | 499/2000 [1:15:04<3:23:24,  8.13s/it]Best trial: 381. Best value: 6572.73:  25%|██▌       | 500/2000 [1:15:04<3:31:47,  8.47s/it]                                                                                            Best trial: 381. Best value: 6572.73:  25%|██▌       | 500/2000 [1:15:13<3:31:47,  8.47s/it]Best trial: 381. Best value: 6572.73:  25%|██▌       | 500/2000 [1:15:13<3:31:47,  8.47s/it]Best trial: 381. Best value: 6572.73:  25%|██▌       | 501/2000 [1:15:13<3:38:38,  8.75s/it]                                                                                            Best trial: 381. Best value: 6572.73:  25%|██▌       | 501/2000 [1:15:23<3:38:38,  8.75s/it]Best trial: 381. Best value: 6572.73:  25%|██▌       | 501/2000 [1:15:23<3:38:38,  8.75s/it]Best trial: 381. Best value: 6572.73:  25%|██▌       | 502/2000 [1:15:23<3:42:38,  8.92s/it]                                                                                            Best trial: 381. Best value: 6572.73:  25%|██▌       | 502/2000 [1:15:32<3:42:38,  8.92s/it]Best trial: 381. Best value: 6572.73:  25%|██▌       | 502/2000 [1:15:32<3:42:38,  8.92s/it]Best trial: 381. Best value: 6572.73:  25%|██▌       | 503/2000 [1:15:32<3:44:56,  9.02s/it]                                                                                            Best trial: 381. Best value: 6572.73:  25%|██▌       | 503/2000 [1:15:41<3:44:56,  9.02s/it]Best trial: 381. Best value: 6572.73:  25%|██▌       | 503/2000 [1:15:41<3:44:56,  9.02s/it]Best trial: 381. Best value: 6572.73:  25%|██▌       | 504/2000 [1:15:41<3:46:20,  9.08s/it]                                                                                            Best trial: 381. Best value: 6572.73:  25%|██▌       | 504/2000 [1:15:50<3:46:20,  9.08s/it]Best trial: 381. Best value: 6572.73:  25%|██▌       | 504/2000 [1:15:50<3:46:20,  9.08s/it]Best trial: 381. Best value: 6572.73:  25%|██▌       | 505/2000 [1:15:50<3:46:56,  9.11s/it]                                                                                            Best trial: 381. Best value: 6572.73:  25%|██▌       | 505/2000 [1:15:59<3:46:56,  9.11s/it]Best trial: 381. Best value: 6572.73:  25%|██▌       | 505/2000 [1:15:59<3:46:56,  9.11s/it]Best trial: 381. Best value: 6572.73:  25%|██▌       | 506/2000 [1:15:59<3:47:32,  9.14s/it]                                                                                            Best trial: 381. Best value: 6572.73:  25%|██▌       | 506/2000 [1:16:09<3:47:32,  9.14s/it]Best trial: 381. Best value: 6572.73:  25%|██▌       | 506/2000 [1:16:09<3:47:32,  9.14s/it]Best trial: 381. Best value: 6572.73:  25%|██▌       | 507/2000 [1:16:09<3:47:07,  9.13s/it]                                                                                            Best trial: 381. Best value: 6572.73:  25%|██▌       | 507/2000 [1:16:18<3:47:07,  9.13s/it]Best trial: 381. Best value: 6572.73:  25%|██▌       | 507/2000 [1:16:18<3:47:07,  9.13s/it]Best trial: 381. Best value: 6572.73:  25%|██▌       | 508/2000 [1:16:18<3:48:30,  9.19s/it]                                                                                            Best trial: 381. Best value: 6572.73:  25%|██▌       | 508/2000 [1:16:27<3:48:30,  9.19s/it]Best trial: 381. Best value: 6572.73:  25%|██▌       | 508/2000 [1:16:27<3:48:30,  9.19s/it]Best trial: 381. Best value: 6572.73:  25%|██▌       | 509/2000 [1:16:27<3:49:48,  9.25s/it]                                                                                            Best trial: 381. Best value: 6572.73:  25%|██▌       | 509/2000 [1:16:36<3:49:48,  9.25s/it]Best trial: 381. Best value: 6572.73:  25%|██▌       | 509/2000 [1:16:36<3:49:48,  9.25s/it]Best trial: 381. Best value: 6572.73:  26%|██▌       | 510/2000 [1:16:36<3:49:42,  9.25s/it]                                                                                            
[I 2026-03-31 22:53:21,250] Trial 496 finished with value: inf and parameters: {'alpha_0': 0.00163702869140765, 'alpha_1': 6.047514433822273e-05, 'alpha_2': 4.6282950152238655e-05, 'beta_0': 0.06302454219234134, 'beta_1': 7.902541845403865, 'beta_2': 0.15395609338041416, 'beta_3': 0.0008381385154240132, 'beta_4': 5.821241239574504, 'beta_5': 34.66962063119538, 'beta_6': 0.07136820399618866, 'beta_7': 0.027852655517880093, 'beta_8': 2.9926437276677298e-05, 'beta_9': 1.2107087699794691e-06}. Best is trial 381 with value: 6572.730744725488.
[I 2026-03-31 22:53:30,461] Trial 497 finished with value: 7032.810738065866 and parameters: {'alpha_0': 0.0009994580948612124, 'alpha_1': 5.006394512331397e-05, 'alpha_2': 4.5171128412568e-05, 'beta_0': 0.05826905858073175, 'beta_1': 7.488439943997306, 'beta_2': 0.1547132164905505, 'beta_3': 0.0008159712237628383, 'beta_4': 5.7846711275415315, 'beta_5': 35.31908596694789, 'beta_6': 0.04189672596164458, 'beta_7': 0.01662205695936535, 'beta_8': 1.6381276614162732e-05, 'beta_9': 8.891675719808181e-07}. Best is trial 381 with value: 6572.730744725488.
[I 2026-03-31 22:53:39,645] Trial 498 finished with value: inf and parameters: {'alpha_0': 0.001044798527714732, 'alpha_1': 6.222775618336503e-05, 'alpha_2': 4.982113207595115e-05, 'beta_0': 0.06730996887954147, 'beta_1': 7.7449567713317, 'beta_2': 0.15221890382763212, 'beta_3': 0.0008899000148272744, 'beta_4': 5.899724492676814, 'beta_5': 35.72451886812263, 'beta_6': 0.041069112738500925, 'beta_7': 0.017331036745406106, 'beta_8': 2.800174487234737e-05, 'beta_9': 8.921748096500945e-07}. Best is trial 381 with value: 6572.730744725488.
[I 2026-03-31 22:53:48,911] Trial 499 finished with value: 6760.009356346709 and parameters: {'alpha_0': 0.0014167136369464153, 'alpha_1': 5.782319750320834e-05, 'alpha_2': 4.7641686040302515e-05, 'beta_0': 0.062022263709644025, 'beta_1': 7.3759271606565315, 'beta_2': 0.15006622495803384, 'beta_3': 0.0007987897609052966, 'beta_4': 5.949842166014026, 'beta_5': 34.96839464387081, 'beta_6': 0.042799696029735684, 'beta_7': 0.016261698186213213, 'beta_8': 2.7453526337727596e-05, 'beta_9': 9.315604137216141e-07}. Best is trial 381 with value: 6572.730744725488.
[I 2026-03-31 22:53:58,316] Trial 500 finished with value: 7486.866190524614 and parameters: {'alpha_0': 0.0014888169312475034, 'alpha_1': 6.3533715629674e-05, 'alpha_2': 4.439734132553127e-05, 'beta_0': 0.054969549382386546, 'beta_1': 7.087584184158031, 'beta_2': 0.1547445037315713, 'beta_3': 0.000779592379652691, 'beta_4': 5.540864653841833, 'beta_5': 36.11575657853544, 'beta_6': 0.04190005824142671, 'beta_7': 0.015290780723933505, 'beta_8': 1.7699143638003985e-05, 'beta_9': 8.615097309537017e-07}. Best is trial 381 with value: 6572.730744725488.
[I 2026-03-31 22:54:07,620] Trial 501 finished with value: 6616.925401699707 and parameters: {'alpha_0': 0.0009425910984414044, 'alpha_1': 6.114289258651396e-05, 'alpha_2': 4.919154439967379e-05, 'beta_0': 0.064195695337499, 'beta_1': 7.4571787305809085, 'beta_2': 0.15573032067801248, 'beta_3': 0.0008556758609457086, 'beta_4': 5.801833603817742, 'beta_5': 34.669599568511416, 'beta_6': 0.04345018512442228, 'beta_7': 0.015854021148508313, 'beta_8': 1.8645079412335623e-05, 'beta_9': 8.182089097489849e-07}. Best is trial 381 with value: 6572.730744725488.
[I 2026-03-31 22:54:16,866] Trial 502 finished with value: 6931.87153424261 and parameters: {'alpha_0': 0.001804365471422041, 'alpha_1': 5.924988539538117e-05, 'alpha_2': 5.111610470097741e-05, 'beta_0': 0.06014668987150427, 'beta_1': 7.233190199871666, 'beta_2': 0.15542082861723708, 'beta_3': 0.0008354087655593729, 'beta_4': 5.865346172699831, 'beta_5': 34.487167078275355, 'beta_6': 0.040946038276659005, 'beta_7': 0.015623175011096384, 'beta_8': 1.8781401594832498e-05, 'beta_9': 7.780599593690227e-07}. Best is trial 381 with value: 6572.730744725488.
[I 2026-03-31 22:54:26,090] Trial 503 finished with value: 6647.976089967274 and parameters: {'alpha_0': 0.0014455281036379799, 'alpha_1': 6.134470405455808e-05, 'alpha_2': 4.6722876862053024e-05, 'beta_0': 0.05683876826843126, 'beta_1': 7.024959022208865, 'beta_2': 0.1572231369133466, 'beta_3': 0.0008737444080798476, 'beta_4': 5.743030206844597, 'beta_5': 33.82366511953454, 'beta_6': 0.04310314485181953, 'beta_7': 0.015784456285447956, 'beta_8': 3.744389607196998e-05, 'beta_9': 8.103511735537024e-07}. Best is trial 381 with value: 6572.730744725488.
[I 2026-03-31 22:54:35,267] Trial 504 finished with value: 6715.535168200406 and parameters: {'alpha_0': 0.0015618671758653238, 'alpha_1': 5.789435845281536e-05, 'alpha_2': 4.8738228536728665e-05, 'beta_0': 0.07081194333216806, 'beta_1': 7.432312188844229, 'beta_2': 0.15628829759689425, 'beta_3': 0.0008510388181671414, 'beta_4': 5.6785850049709445, 'beta_5': 34.155685733680116, 'beta_6': 0.04514838773399543, 'beta_7': 0.016105434156282062, 'beta_8': 2.898614341302087e-05, 'beta_9': 7.480730307985216e-07}. Best is trial 381 with value: 6572.730744725488.
[I 2026-03-31 22:54:44,476] Trial 505 finished with value: 7356.236007189202 and parameters: {'alpha_0': 0.000878498077686612, 'alpha_1': 6.130658629180613e-05, 'alpha_2': 5.205061621527347e-05, 'beta_0': 0.0645271564429093, 'beta_1': 8.164924859757507, 'beta_2': 0.15134060262590776, 'beta_3': 0.0008159797503671201, 'beta_4': 5.789372543017689, 'beta_5': 34.524337676795525, 'beta_6': 0.04217804545688987, 'beta_7': 0.015381058965304565, 'beta_8': 1.57370629479696e-05, 'beta_9': 9.8015494286255e-07}. Best is trial 381 with value: 6572.730744725488.
[I 2026-03-31 22:54:53,578] Trial 506 finished with value: 6899.076671340879 and parameters: {'alpha_0': 0.001638993588964267, 'alpha_1': 6.254921150172577e-05, 'alpha_2': 4.5535483739787366e-05, 'beta_0': 0.053269406472649106, 'beta_1': 6.560625182169282, 'beta_2': 0.15521491689853328, 'beta_3': 0.0008052961290061044, 'beta_4': 6.035912344825867, 'beta_5': 43.57747465164349, 'beta_6': 0.08572185174329972, 'beta_7': 0.016330389217135373, 'beta_8': 1.6915233611560347e-05, 'beta_9': 8.136683979317134e-07}. Best is trial 381 with value: 6572.730744725488.
[I 2026-03-31 22:55:02,912] Trial 507 finished with value: 6612.729507956188 and parameters: {'alpha_0': 0.0009179734366286958, 'alpha_1': 5.591112780219119e-05, 'alpha_2': 4.38091179540342e-05, 'beta_0': 0.06122594830326859, 'beta_1': 6.857580737361784, 'beta_2': 0.15168768524944157, 'beta_3': 0.000853634154481782, 'beta_4': 5.681495407448067, 'beta_5': 35.18960025740027, 'beta_6': 0.043558092098906674, 'beta_7': 0.015851667151762887, 'beta_8': 1.63688587882749e-05, 'beta_9': 9.007768081700799e-07}. Best is trial 381 with value: 6572.730744725488.
[I 2026-03-31 22:55:12,297] Trial 508 finished with value: inf and parameters: {'alpha_0': 0.0009061410862197441, 'alpha_1': 5.4109627281649224e-05, 'alpha_2': 4.3430902502043045e-05, 'beta_0': 0.05946250257334871, 'beta_1': 6.9004964852486, 'beta_2': 0.15270336616209618, 'beta_3': 0.0008326272580577952, 'beta_4': 5.636634495815643, 'beta_5': 33.56861748884958, 'beta_6': 0.0409982550027276, 'beta_7': 0.019763262292480974, 'beta_8': 1.509026407666025e-05, 'beta_9': 9.446381419852627e-07}. Best is trial 381 with value: 6572.730744725488.
[I 2026-03-31 22:55:21,552] Trial 509 finished with value: 6705.870960835225 and parameters: {'alpha_0': 0.0009507327549282161, 'alpha_1': 5.567496812183856e-05, 'alpha_2': 4.98982132790179e-05, 'beta_0': 0.05557168259100856, 'beta_1': 6.717290803462326, 'beta_2': 0.1535263588598181, 'beta_3': 0.000898768354376223, 'beta_4': 5.7280314862509085, 'beta_5': 34.17761021821128, 'beta_6': 0.04309411442922953, 'beta_7': 0.01567943786301466, 'beta_8': 1.6258274215337665e-05, 'beta_9': 9.104265863067073e-07}. Best is trial 381 with value: 6572.730744725488.
