[I 2026-04-01 10:02:52,116] Trial 1545 finished with value: 7008.746942788957 and parameters: {'alpha_0': 0.0006022373039012188, 'alpha_1': 5.433329621762899e-05, 'alpha_2': 9.783764814839218e-05, 'beta_0': 0.09595104256478608, 'beta_1': 6.461727310709043, 'beta_2': 0.21287224824501286, 'beta_3': 0.0010011865335651567, 'beta_4': 6.815099821343096, 'beta_5': 41.42082893080922, 'beta_6': 0.043536889234364815, 'beta_7': 0.016355170989647495, 'beta_8': 3.9979025709968827e-05, 'beta_9': 5.809691448341483e-07}. Best is trial 691 with value: 6538.461030825155.Best trial: 691. Best value: 6538.46:  77%|███████▋  | 1545/2000 [12:24:07<1:10:07,  9.25s/it]Best trial: 691. Best value: 6538.46:  77%|███████▋  | 1545/2000 [12:24:07<1:10:07,  9.25s/it]Best trial: 691. Best value: 6538.46:  77%|███████▋  | 1546/2000 [12:24:07<1:09:50,  9.23s/it]                                                                                              Best trial: 691. Best value: 6538.46:  77%|███████▋  | 1546/2000 [12:24:16<1:09:50,  9.23s/it]Best trial: 691. Best value: 6538.46:  77%|███████▋  | 1546/2000 [12:24:16<1:09:50,  9.23s/it]Best trial: 691. Best value: 6538.46:  77%|███████▋  | 1547/2000 [12:24:16<1:09:52,  9.26s/it]                                                                                              Best trial: 691. Best value: 6538.46:  77%|███████▋  | 1547/2000 [12:24:18<1:09:52,  9.26s/it]Best trial: 691. Best value: 6538.46:  77%|███████▋  | 1547/2000 [12:24:18<1:09:52,  9.26s/it]Best trial: 691. Best value: 6538.46:  77%|███████▋  | 1548/2000 [12:24:18<52:29,  6.97s/it]                                                                                              Best trial: 691. Best value: 6538.46:  77%|███████▋  | 1548/2000 [12:24:27<52:29,  6.97s/it]Best trial: 691. Best value: 6538.46:  77%|███████▋  | 1548/2000 [12:24:27<52:29,  6.97s/it]Best trial: 691. Best value: 6538.46:  77%|███████▋  | 1549/2000 [12:24:27<57:24,  7.64s/it]                                                                                            Best trial: 691. Best value: 6538.46:  77%|███████▋  | 1549/2000 [12:24:36<57:24,  7.64s/it]Best trial: 691. Best value: 6538.46:  77%|███████▋  | 1549/2000 [12:24:36<57:24,  7.64s/it]Best trial: 691. Best value: 6538.46:  78%|███████▊  | 1550/2000 [12:24:36<1:00:58,  8.13s/it]                                                                                              Best trial: 691. Best value: 6538.46:  78%|███████▊  | 1550/2000 [12:24:46<1:00:58,  8.13s/it]Best trial: 691. Best value: 6538.46:  78%|███████▊  | 1550/2000 [12:24:46<1:00:58,  8.13s/it]Best trial: 691. Best value: 6538.46:  78%|███████▊  | 1551/2000 [12:24:46<1:03:31,  8.49s/it]                                                                                              Best trial: 691. Best value: 6538.46:  78%|███████▊  | 1551/2000 [12:24:55<1:03:31,  8.49s/it]Best trial: 691. Best value: 6538.46:  78%|███████▊  | 1551/2000 [12:24:55<1:03:31,  8.49s/it]Best trial: 691. Best value: 6538.46:  78%|███████▊  | 1552/2000 [12:24:55<1:05:11,  8.73s/it]                                                                                              Best trial: 691. Best value: 6538.46:  78%|███████▊  | 1552/2000 [12:25:04<1:05:11,  8.73s/it]Best trial: 691. Best value: 6538.46:  78%|███████▊  | 1552/2000 [12:25:04<1:05:11,  8.73s/it]Best trial: 691. Best value: 6538.46:  78%|███████▊  | 1553/2000 [12:25:04<1:06:03,  8.87s/it]                                                                                              Best trial: 691. Best value: 6538.46:  78%|███████▊  | 1553/2000 [12:25:14<1:06:03,  8.87s/it]Best trial: 691. Best value: 6538.46:  78%|███████▊  | 1553/2000 [12:25:14<1:06:03,  8.87s/it]Best trial: 691. Best value: 6538.46:  78%|███████▊  | 1554/2000 [12:25:14<1:06:46,  8.98s/it]                                                                                              Best trial: 691. Best value: 6538.46:  78%|███████▊  | 1554/2000 [12:25:23<1:06:46,  8.98s/it]Best trial: 691. Best value: 6538.46:  78%|███████▊  | 1554/2000 [12:25:23<1:06:46,  8.98s/it]Best trial: 691. Best value: 6538.46:  78%|███████▊  | 1555/2000 [12:25:23<1:07:18,  9.07s/it]                                                                                              Best trial: 691. Best value: 6538.46:  78%|███████▊  | 1555/2000 [12:25:32<1:07:18,  9.07s/it]Best trial: 691. Best value: 6538.46:  78%|███████▊  | 1555/2000 [12:25:32<1:07:18,  9.07s/it]Best trial: 691. Best value: 6538.46:  78%|███████▊  | 1556/2000 [12:25:32<1:07:40,  9.15s/it]                                                                                              Best trial: 691. Best value: 6538.46:  78%|███████▊  | 1556/2000 [12:25:41<1:07:40,  9.15s/it]Best trial: 691. Best value: 6538.46:  78%|███████▊  | 1556/2000 [12:25:41<1:07:40,  9.15s/it]Best trial: 691. Best value: 6538.46:  78%|███████▊  | 1557/2000 [12:25:41<1:07:57,  9.20s/it]                                                                                              Best trial: 691. Best value: 6538.46:  78%|███████▊  | 1557/2000 [12:25:51<1:07:57,  9.20s/it]Best trial: 691. Best value: 6538.46:  78%|███████▊  | 1557/2000 [12:25:51<1:07:57,  9.20s/it]Best trial: 691. Best value: 6538.46:  78%|███████▊  | 1558/2000 [12:25:51<1:08:18,  9.27s/it]                                                                                              Best trial: 691. Best value: 6538.46:  78%|███████▊  | 1558/2000 [12:26:00<1:08:18,  9.27s/it]Best trial: 691. Best value: 6538.46:  78%|███████▊  | 1558/2000 [12:26:00<1:08:18,  9.27s/it]Best trial: 691. Best value: 6538.46:  78%|███████▊  | 1559/2000 [12:26:00<1:08:09,  9.27s/it]                                                                                              Best trial: 691. Best value: 6538.46:  78%|███████▊  | 1559/2000 [12:26:09<1:08:09,  9.27s/it]Best trial: 691. Best value: 6538.46:  78%|███████▊  | 1559/2000 [12:26:09<1:08:09,  9.27s/it]Best trial: 691. Best value: 6538.46:  78%|███████▊  | 1560/2000 [12:26:09<1:07:59,  9.27s/it]                                                                                              
[I 2026-04-01 10:03:01,434] Trial 1546 finished with value: 6641.060102865687 and parameters: {'alpha_0': 0.0006542611047705732, 'alpha_1': 7.617841502707155e-05, 'alpha_2': 0.0001037298063641285, 'beta_0': 0.0696897684823109, 'beta_1': 6.7760865974631646, 'beta_2': 0.2273083568511906, 'beta_3': 0.0009475019198897393, 'beta_4': 6.131593106338723, 'beta_5': 31.000580136598533, 'beta_6': 0.04193622027220306, 'beta_7': 0.015750170519099705, 'beta_8': 2.3899164248067657e-05, 'beta_9': 5.313766649292212e-07}. Best is trial 691 with value: 6538.461030825155.
[I 2026-04-01 10:03:03,063] Trial 1547 finished with value: inf and parameters: {'alpha_0': 0.0007863132575682642, 'alpha_1': 5.843789948071324e-05, 'alpha_2': 0.00010992267679288375, 'beta_0': 0.08105713125027296, 'beta_1': 6.390491441251702, 'beta_2': 0.20799128196607772, 'beta_3': 0.0009853583944304796, 'beta_4': 6.4236850831350045, 'beta_5': 30.518120875149602, 'beta_6': 0.04103564094391456, 'beta_7': 0.027411011172881104, 'beta_8': 3.627834901659439e-05, 'beta_9': 6.086121141034697e-07}. Best is trial 691 with value: 6538.461030825155.
[I 2026-04-01 10:03:12,265] Trial 1548 finished with value: 6763.043444381643 and parameters: {'alpha_0': 0.0017404408135881077, 'alpha_1': 5.1901895969828206e-05, 'alpha_2': 0.00010383755851004784, 'beta_0': 0.09154797518461551, 'beta_1': 6.634123805512225, 'beta_2': 0.20639945325369052, 'beta_3': 0.0010304536486843482, 'beta_4': 5.875360131798445, 'beta_5': 47.93310124529904, 'beta_6': 0.042642494343103146, 'beta_7': 0.016145960258577282, 'beta_8': 3.0098155432880222e-05, 'beta_9': 5.023103220010155e-07}. Best is trial 691 with value: 6538.461030825155.
[I 2026-04-01 10:03:21,545] Trial 1549 finished with value: 6952.1052335738605 and parameters: {'alpha_0': 0.0006898041368396553, 'alpha_1': 5.308763032241137e-05, 'alpha_2': 0.00010129141997161543, 'beta_0': 0.08554616565184996, 'beta_1': 6.91721563527009, 'beta_2': 0.2148984612790111, 'beta_3': 0.0009692128295772977, 'beta_4': 6.753068803307321, 'beta_5': 22.819230492660935, 'beta_6': 0.044285506563337844, 'beta_7': 0.015449169499121796, 'beta_8': 3.996604182406776e-05, 'beta_9': 5.593307057260888e-07}. Best is trial 691 with value: 6538.461030825155.
[I 2026-04-01 10:03:30,867] Trial 1550 finished with value: 6720.526878904468 and parameters: {'alpha_0': 0.0006297864684434173, 'alpha_1': 6.099894821446641e-05, 'alpha_2': 9.85542279318672e-05, 'beta_0': 0.06572500993291, 'beta_1': 6.360774804479063, 'beta_2': 0.21046695290950443, 'beta_3': 0.0010618341426423354, 'beta_4': 6.518241205388128, 'beta_5': 20.18990137080911, 'beta_6': 0.040034507494191254, 'beta_7': 0.01585647440250198, 'beta_8': 3.801521428504188e-05, 'beta_9': 5.961600556596444e-07}. Best is trial 691 with value: 6538.461030825155.
[I 2026-04-01 10:03:40,164] Trial 1551 finished with value: 7232.96812638646 and parameters: {'alpha_0': 0.0007243162260131598, 'alpha_1': 8.773797581924678e-05, 'alpha_2': 0.00010359923744553129, 'beta_0': 0.1078806158351187, 'beta_1': 7.101863435587559, 'beta_2': 0.20068838234061373, 'beta_3': 0.0010158980808487182, 'beta_4': 6.661803880664436, 'beta_5': 21.938891242958793, 'beta_6': 0.04216353018089723, 'beta_7': 0.015239993694948727, 'beta_8': 3.999705217754837e-05, 'beta_9': 5.510905952626294e-07}. Best is trial 691 with value: 6538.461030825155.
[I 2026-04-01 10:03:49,347] Trial 1552 finished with value: 6616.291480150418 and parameters: {'alpha_0': 0.0005559740953635515, 'alpha_1': 5.005352168659331e-05, 'alpha_2': 8.146600201661079e-05, 'beta_0': 0.07305217937141603, 'beta_1': 6.521398223842883, 'beta_2': 0.20452587621017, 'beta_3': 0.0009495381097916816, 'beta_4': 6.316918165617569, 'beta_5': 34.3875686321749, 'beta_6': 0.043654690277022665, 'beta_7': 0.015689177242542852, 'beta_8': 3.8991434703047416e-05, 'beta_9': 5.008029598813281e-07}. Best is trial 691 with value: 6538.461030825155.
[I 2026-04-01 10:03:58,600] Trial 1553 finished with value: 6926.644853844814 and parameters: {'alpha_0': 0.000598092342390915, 'alpha_1': 0.00014725318617397264, 'alpha_2': 0.00010741004049633968, 'beta_0': 0.1011091072498943, 'beta_1': 6.761046563413693, 'beta_2': 0.21219206950356018, 'beta_3': 0.000977332500784344, 'beta_4': 6.911518769879922, 'beta_5': 24.733745283989393, 'beta_6': 0.04561676175546385, 'beta_7': 0.01608140665186759, 'beta_8': 3.7268325066959166e-05, 'beta_9': 5.823044773678613e-07}. Best is trial 691 with value: 6538.461030825155.
[I 2026-04-01 10:04:07,889] Trial 1554 finished with value: inf and parameters: {'alpha_0': 0.0006864743638240419, 'alpha_1': 5.547937947212817e-05, 'alpha_2': 5.269350248076045e-05, 'beta_0': 0.06146523357940418, 'beta_1': 7.382177758897647, 'beta_2': 0.2080628665900375, 'beta_3': 0.001102373866854603, 'beta_4': 7.0682792855118235, 'beta_5': 42.018743532809836, 'beta_6': 0.041100377622483364, 'beta_7': 0.016866548766514233, 'beta_8': 3.820110218772572e-05, 'beta_9': 5.348427817017353e-07}. Best is trial 691 with value: 6538.461030825155.
[I 2026-04-01 10:04:17,200] Trial 1555 finished with value: 6827.04978873994 and parameters: {'alpha_0': 0.0006444935787790945, 'alpha_1': 5.003632996177084e-05, 'alpha_2': 0.0001029072911498273, 'beta_0': 0.09606706819201233, 'beta_1': 6.625278764231176, 'beta_2': 0.20949154520405974, 'beta_3': 0.0009386641198499446, 'beta_4': 5.980488246267632, 'beta_5': 41.8590690187768, 'beta_6': 0.0429326795674592, 'beta_7': 0.016371590618164684, 'beta_8': 3.9095553815313946e-05, 'beta_9': 6.129820368830047e-07}. Best is trial 691 with value: 6538.461030825155.
[I 2026-04-01 10:04:26,541] Trial 1556 finished with value: 7050.409689138351 and parameters: {'alpha_0': 0.0005346871161167042, 'alpha_1': 0.00013099270190092377, 'alpha_2': 4.9827149322595286e-05, 'beta_0': 0.08927628526179646, 'beta_1': 6.279535574593623, 'beta_2': 0.2024867159414758, 'beta_3': 0.0009962518049460188, 'beta_4': 5.750840671087939, 'beta_5': 35.12300551352426, 'beta_6': 0.04188051554568368, 'beta_7': 0.015494119706413713, 'beta_8': 3.8697962208761994e-05, 'beta_9': 1.0960514820409995e-06}. Best is trial 691 with value: 6538.461030825155.
[I 2026-04-01 10:04:35,974] Trial 1557 finished with value: 7425.736611329362 and parameters: {'alpha_0': 0.001908170783248272, 'alpha_1': 5.351233983958796e-05, 'alpha_2': 4.807063395111494e-05, 'beta_0': 0.08203960074553715, 'beta_1': 6.352263108253933, 'beta_2': 0.19892495070223684, 'beta_3': 0.0010483828131924392, 'beta_4': 6.812251719025164, 'beta_5': 35.78219478111386, 'beta_6': 0.04474276011835978, 'beta_7': 0.015006865070938999, 'beta_8': 3.6731812103165766e-05, 'beta_9': 5.75200978576671e-07}. Best is trial 691 with value: 6538.461030825155.
[I 2026-04-01 10:04:45,247] Trial 1558 finished with value: 6575.452412327679 and parameters: {'alpha_0': 0.0007571343745656492, 'alpha_1': 5.7868274713790245e-05, 'alpha_2': 4.1536044676509864e-05, 'beta_0': 0.07684210583009615, 'beta_1': 6.201486308245029, 'beta_2': 0.23923241396937225, 'beta_3': 0.0009616628557730751, 'beta_4': 6.221407024601835, 'beta_5': 44.6120676259981, 'beta_6': 0.04363477530476481, 'beta_7': 0.015795597255260328, 'beta_8': 3.7703193173996196e-05, 'beta_9': 5.312098841946891e-07}. Best is trial 691 with value: 6538.461030825155.
[I 2026-04-01 10:04:54,514] Trial 1559 finished with value: 6752.200154693785 and parameters: {'alpha_0': 0.0005890716260940213, 'alpha_1': 5.5043423308704585e-05, 'alpha_2': 0.000102220971711539, 'beta_0': 0.09247798092194619, 'beta_1': 6.655363251362157, 'beta_2': 0.20637523387915366, 'beta_3': 0.0009485491536849179, 'beta_4': 6.455266763407833, 'beta_5': 48.83881058960753, 'beta_6': 0.0409881116880232, 'beta_7': 0.016012540590474734, 'beta_8': 3.942661504881683e-05, 'beta_9': 5.925268327912547e-07}. Best is trial 691 with value: 6538.461030825155.
[I 2026-04-01 10:05:03,740] Trial 1560 finished with value: 6704.955458980869 and parameters: {'alpha_0': 0.0007192808670634535, 'alpha_1': 5.1870728210898784e-05, 'alpha_2': 9.780779719260084e-05, 'beta_0': 0.08563208541243528, 'beta_1': 6.39315857192141, 'beta_2': 0.21341711541546055, 'beta_3': 0.001074602961219115, 'beta_4': 6.668233364699324, 'beta_5': 34.156420607835265, 'beta_6': 0.04215241615023652, 'beta_7': 0.015499508340795727, 'beta_8': 3.846502478367798e-05, 'beta_9': 5.572920139698651e-07}. Best is trial 691 with value: 6538.461030825155.Best trial: 691. Best value: 6538.46:  78%|███████▊  | 1560/2000 [12:26:19<1:07:59,  9.27s/it]Best trial: 691. Best value: 6538.46:  78%|███████▊  | 1560/2000 [12:26:19<1:07:59,  9.27s/it]Best trial: 691. Best value: 6538.46:  78%|███████▊  | 1561/2000 [12:26:19<1:07:44,  9.26s/it]                                                                                              Best trial: 691. Best value: 6538.46:  78%|███████▊  | 1561/2000 [12:26:28<1:07:44,  9.26s/it]Best trial: 691. Best value: 6538.46:  78%|███████▊  | 1561/2000 [12:26:28<1:07:44,  9.26s/it]Best trial: 691. Best value: 6538.46:  78%|███████▊  | 1562/2000 [12:26:28<1:07:33,  9.25s/it]                                                                                              Best trial: 691. Best value: 6538.46:  78%|███████▊  | 1562/2000 [12:26:37<1:07:33,  9.25s/it]Best trial: 691. Best value: 6538.46:  78%|███████▊  | 1562/2000 [12:26:37<1:07:33,  9.25s/it]Best trial: 691. Best value: 6538.46:  78%|███████▊  | 1563/2000 [12:26:37<1:07:28,  9.26s/it]                                                                                              Best trial: 691. Best value: 6538.46:  78%|███████▊  | 1563/2000 [12:26:46<1:07:28,  9.26s/it]Best trial: 691. Best value: 6538.46:  78%|███████▊  | 1563/2000 [12:26:46<1:07:28,  9.26s/it]Best trial: 691. Best value: 6538.46:  78%|███████▊  | 1564/2000 [12:26:46<1:07:17,  9.26s/it]                                                                                              Best trial: 691. Best value: 6538.46:  78%|███████▊  | 1564/2000 [12:26:56<1:07:17,  9.26s/it]Best trial: 691. Best value: 6538.46:  78%|███████▊  | 1564/2000 [12:26:56<1:07:17,  9.26s/it]Best trial: 691. Best value: 6538.46:  78%|███████▊  | 1565/2000 [12:26:56<1:07:16,  9.28s/it]                                                                                              Best trial: 691. Best value: 6538.46:  78%|███████▊  | 1565/2000 [12:27:05<1:07:16,  9.28s/it]Best trial: 691. Best value: 6538.46:  78%|███████▊  | 1565/2000 [12:27:05<1:07:16,  9.28s/it]Best trial: 691. Best value: 6538.46:  78%|███████▊  | 1566/2000 [12:27:05<1:07:00,  9.26s/it]                                                                                              Best trial: 691. Best value: 6538.46:  78%|███████▊  | 1566/2000 [12:27:14<1:07:00,  9.26s/it]Best trial: 691. Best value: 6538.46:  78%|███████▊  | 1566/2000 [12:27:14<1:07:00,  9.26s/it]Best trial: 691. Best value: 6538.46:  78%|███████▊  | 1567/2000 [12:27:14<1:06:39,  9.24s/it]                                                                                              Best trial: 691. Best value: 6538.46:  78%|███████▊  | 1567/2000 [12:27:24<1:06:39,  9.24s/it]Best trial: 691. Best value: 6538.46:  78%|███████▊  | 1567/2000 [12:27:24<1:06:39,  9.24s/it]Best trial: 691. Best value: 6538.46:  78%|███████▊  | 1568/2000 [12:27:24<1:06:43,  9.27s/it]                                                                                              Best trial: 691. Best value: 6538.46:  78%|███████▊  | 1568/2000 [12:27:33<1:06:43,  9.27s/it]Best trial: 691. Best value: 6538.46:  78%|███████▊  | 1568/2000 [12:27:33<1:06:43,  9.27s/it]Best trial: 691. Best value: 6538.46:  78%|███████▊  | 1569/2000 [12:27:33<1:06:52,  9.31s/it]                                                                                              Best trial: 691. Best value: 6538.46:  78%|███████▊  | 1569/2000 [12:27:42<1:06:52,  9.31s/it]Best trial: 691. Best value: 6538.46:  78%|███████▊  | 1569/2000 [12:27:42<1:06:52,  9.31s/it]Best trial: 691. Best value: 6538.46:  78%|███████▊  | 1570/2000 [12:27:42<1:06:27,  9.27s/it]                                                                                              Best trial: 691. Best value: 6538.46:  78%|███████▊  | 1570/2000 [12:27:51<1:06:27,  9.27s/it]Best trial: 691. Best value: 6538.46:  78%|███████▊  | 1570/2000 [12:27:51<1:06:27,  9.27s/it]Best trial: 691. Best value: 6538.46:  79%|███████▊  | 1571/2000 [12:27:51<1:06:20,  9.28s/it]                                                                                              Best trial: 691. Best value: 6538.46:  79%|███████▊  | 1571/2000 [12:28:01<1:06:20,  9.28s/it]Best trial: 691. Best value: 6538.46:  79%|███████▊  | 1571/2000 [12:28:01<1:06:20,  9.28s/it]Best trial: 691. Best value: 6538.46:  79%|███████▊  | 1572/2000 [12:28:01<1:06:15,  9.29s/it]                                                                                              Best trial: 691. Best value: 6538.46:  79%|███████▊  | 1572/2000 [12:28:10<1:06:15,  9.29s/it]Best trial: 691. Best value: 6538.46:  79%|███████▊  | 1572/2000 [12:28:10<1:06:15,  9.29s/it]Best trial: 691. Best value: 6538.46:  79%|███████▊  | 1573/2000 [12:28:10<1:06:20,  9.32s/it]                                                                                              Best trial: 691. Best value: 6538.46:  79%|███████▊  | 1573/2000 [12:28:19<1:06:20,  9.32s/it]Best trial: 691. Best value: 6538.46:  79%|███████▊  | 1573/2000 [12:28:19<1:06:20,  9.32s/it]Best trial: 691. Best value: 6538.46:  79%|███████▊  | 1574/2000 [12:28:19<1:06:07,  9.31s/it]                                                                                              Best trial: 691. Best value: 6538.46:  79%|███████▊  | 1574/2000 [12:28:29<1:06:07,  9.31s/it]Best trial: 691. Best value: 6538.46:  79%|███████▊  | 1574/2000 [12:28:29<1:06:07,  9.31s/it]Best trial: 691. Best value: 6538.46:  79%|███████▉  | 1575/2000 [12:28:29<1:05:50,  9.30s/it]                                                                                              
[I 2026-04-01 10:05:12,986] Trial 1561 finished with value: 7091.419191525606 and parameters: {'alpha_0': 0.00066246730345027, 'alpha_1': 5.663955968683859e-05, 'alpha_2': 0.00010195430143087467, 'beta_0': 0.07190355005060022, 'beta_1': 6.922311543365397, 'beta_2': 0.2110554637428378, 'beta_3': 0.0010173666873143012, 'beta_4': 6.571125412050768, 'beta_5': 30.998824411624746, 'beta_6': 0.04003726298032184, 'beta_7': 0.01649629851642007, 'beta_8': 3.999562382308452e-05, 'beta_9': 1.3174350353019296e-06}. Best is trial 691 with value: 6538.461030825155.
[I 2026-04-01 10:05:22,271] Trial 1562 finished with value: 6657.356498571545 and parameters: {'alpha_0': 0.0006322969818239431, 'alpha_1': 5.4137006230615647e-05, 'alpha_2': 4.233106895982009e-05, 'beta_0': 0.09959445757510942, 'beta_1': 6.165224783137118, 'beta_2': 0.2086806405148425, 'beta_3': 0.0009815090759102314, 'beta_4': 6.036462054416358, 'beta_5': 32.96265279986157, 'beta_6': 0.046923337481625645, 'beta_7': 0.01583109806078283, 'beta_8': 3.901594764513712e-05, 'beta_9': 6.312593970475993e-07}. Best is trial 691 with value: 6538.461030825155.
[I 2026-04-01 10:05:31,525] Trial 1563 finished with value: 6742.065977311504 and parameters: {'alpha_0': 0.0005748050801414083, 'alpha_1': 5.223662211788044e-05, 'alpha_2': 0.00010816642653907435, 'beta_0': 0.06833098127900916, 'beta_1': 6.499012719172748, 'beta_2': 0.20425264592653794, 'beta_3': 0.000931627613752829, 'beta_4': 6.7723727658404185, 'beta_5': 34.580873760352645, 'beta_6': 0.042718729709630913, 'beta_7': 0.01611285569734383, 'beta_8': 3.999602703577786e-05, 'beta_9': 5.00655483761896e-07}. Best is trial 691 with value: 6538.461030825155.
