[I 2026-03-31 21:50:16,863] Trial 80 finished with value: 7242.011127409385 and parameters: {'alpha_0': 0.0010819310588261355, 'alpha_1': 8.330132306197204e-05, 'alpha_2': 8.287741973111411e-05, 'beta_0': 0.12321906259632381, 'beta_1': 10.896514928955277, 'beta_2': 0.22719837464821135, 'beta_3': 0.0009423300233764339, 'beta_4': 5.19150838855924, 'beta_5': 26.924533891283858, 'beta_6': 0.059112205255510926, 'beta_7': 0.016758891331161898, 'beta_8': 3.1643647819165866e-05, 'beta_9': 8.498032143969157e-07}. Best is trial 73 with value: 6668.35895033413.
[I 2026-03-31 21:50:26,137] Trial 81 finished with value: 6705.194875601481 and parameters: {'alpha_0': 0.0012002124120200565, 'alpha_1': 9.93231680240857e-05, 'alpha_2': 7.95691137217841e-05, 'beta_0': 0.140496883902073, 'beta_1': 11.99211298612266, 'beta_2': 0.22318035232549546, 'beta_3': 0.0008307686294337159, 'beta_4': 4.380072188945039, 'beta_5': 30.887688363769406, 'beta_6': 0.05544750365595173, 'beta_7': 0.01590735780475481, 'beta_8': 3.277170204111297e-05, 'beta_9': 6.049046420225578e-07}. Best is trial 73 with value: 6668.35895033413.
[I 2026-03-31 21:50:35,406] Trial 82 finished with value: 6704.172995205887 and parameters: {'alpha_0': 0.0011949741049886678, 'alpha_1': 9.774930451607515e-05, 'alpha_2': 7.911233878825946e-05, 'beta_0': 0.14110457469681487, 'beta_1': 12.036867131276958, 'beta_2': 0.2164259482258905, 'beta_3': 0.0008548457835594748, 'beta_4': 4.447552110048878, 'beta_5': 28.14482864399588, 'beta_6': 0.05163093408497665, 'beta_7': 0.015913469630454372, 'beta_8': 3.421920517904537e-05, 'beta_9': 5.917657611051344e-07}. Best is trial 73 with value: 6668.35895033413.
[I 2026-03-31 21:50:44,638] Trial 83 finished with value: 6848.268346499637 and parameters: {'alpha_0': 0.0014416103936383145, 'alpha_1': 9.942537222614211e-05, 'alpha_2': 7.784670895904207e-05, 'beta_0': 0.15804930611538914, 'beta_1': 12.099234115963917, 'beta_2': 0.20551364739108263, 'beta_3': 0.0008341072359957065, 'beta_4': 4.370033558110434, 'beta_5': 28.305561047930308, 'beta_6': 0.04828586065459595, 'beta_7': 0.016216735482048286, 'beta_8': 3.012635422531673e-05, 'beta_9': 6.245370234595106e-07}. Best is trial 73 with value: 6668.35895033413.
[I 2026-03-31 21:50:53,987] Trial 84 finished with value: inf and parameters: {'alpha_0': 0.00120407871981889, 'alpha_1': 9.244593171329614e-05, 'alpha_2': 7.954266445517619e-05, 'beta_0': 0.14176400557731333, 'beta_1': 12.382327163798104, 'beta_2': 0.21523192883412914, 'beta_3': 0.0008945429054981535, 'beta_4': 4.828632813303272, 'beta_5': 30.807395110590797, 'beta_6': 0.05533582976129556, 'beta_7': 0.0172355431636913, 'beta_8': 3.466663365257933e-05, 'beta_9': 5.84653918509866e-07}. Best is trial 73 with value: 6668.35895033413.
[I 2026-03-31 21:51:03,184] Trial 85 finished with value: 6762.347408680118 and parameters: {'alpha_0': 0.0012984006061983985, 'alpha_1': 9.822722842389915e-05, 'alpha_2': 9.166889799111792e-05, 'beta_0': 0.14724196951149154, 'beta_1': 13.243366631935984, 'beta_2': 0.20970792216665254, 'beta_3': 0.000788213204293696, 'beta_4': 4.293416968096265, 'beta_5': 29.986233720101044, 'beta_6': 0.05202011620378716, 'beta_7': 0.01607003151605193, 'beta_8': 3.410945715763203e-05, 'beta_9': 7.24028766486799e-07}. Best is trial 73 with value: 6668.35895033413.
[I 2026-03-31 21:51:12,606] Trial 86 finished with value: 7354.042354127181 and parameters: {'alpha_0': 0.0013676257320078362, 'alpha_1': 0.00010333125748775993, 'alpha_2': 9.649750234489007e-05, 'beta_0': 0.14907007449984375, 'beta_1': 13.782791006682057, 'beta_2': 0.2108949164764185, 'beta_3': 0.0009898929100615344, 'beta_4': 4.305870500275699, 'beta_5': 24.752326690803834, 'beta_6': 0.0513860923006612, 'beta_7': 0.01531652316938467, 'beta_8': 3.2579094573048585e-05, 'beta_9': 7.109417963878685e-07}. Best is trial 73 with value: 6668.35895033413.
[I 2026-03-31 21:51:21,974] Trial 87 finished with value: 6724.323210815106 and parameters: {'alpha_0': 0.001292741671044146, 'alpha_1': 9.860743376631387e-05, 'alpha_2': 8.882602203734674e-05, 'beta_0': 0.13696310966757413, 'beta_1': 13.434494618776046, 'beta_2': 0.2178716245414689, 'beta_3': 0.0007516085724096565, 'beta_4': 3.8713930370645393, 'beta_5': 25.956601658579423, 'beta_6': 0.052055545092888796, 'beta_7': 0.016045928436900343, 'beta_8': 3.4169842548641706e-05, 'beta_9': 8.007251186304776e-07}. Best is trial 73 with value: 6668.35895033413.
[I 2026-03-31 21:51:31,238] Trial 88 finished with value: 6838.528300097097 and parameters: {'alpha_0': 0.0013344461435776096, 'alpha_1': 9.87817770450117e-05, 'alpha_2': 8.66324496768962e-05, 'beta_0': 0.1367365572284653, 'beta_1': 14.905860015198963, 'beta_2': 0.21889867479573072, 'beta_3': 0.0007411702182640839, 'beta_4': 3.6817819463743406, 'beta_5': 22.43998525645466, 'beta_6': 0.04595154296095877, 'beta_7': 0.016439169818696822, 'beta_8': 3.3926853459384335e-05, 'beta_9': 5.02363978402132e-07}. Best is trial 73 with value: 6668.35895033413.
[I 2026-03-31 21:51:40,522] Trial 89 finished with value: 7201.730019924971 and parameters: {'alpha_0': 0.0014666502573843694, 'alpha_1': 8.910361550249629e-05, 'alpha_2': 9.001923740664605e-05, 'beta_0': 0.1647754248873175, 'beta_1': 13.424575855419862, 'beta_2': 0.2129174526096891, 'beta_3': 0.0006977872826652361, 'beta_4': 3.9445038934621213, 'beta_5': 27.566579670489922, 'beta_6': 0.05220152188457347, 'beta_7': 0.016803504232970307, 'beta_8': 3.152302184537714e-05, 'beta_9': 8.222337804595645e-07}. Best is trial 73 with value: 6668.35895033413.
[I 2026-03-31 21:51:49,764] Trial 90 finished with value: 6751.306597936045 and parameters: {'alpha_0': 0.0011606639370024781, 'alpha_1': 0.00010921425246322036, 'alpha_2': 8.366208507273847e-05, 'beta_0': 0.11463818995237757, 'beta_1': 9.933138028839434, 'beta_2': 0.20568923066572495, 'beta_3': 0.0008087953643741121, 'beta_4': 4.811256964326951, 'beta_5': 25.78370515944843, 'beta_6': 0.04323112292369374, 'beta_7': 0.016029175976565037, 'beta_8': 3.2810481335086825e-05, 'beta_9': 5.559244822358134e-07}. Best is trial 73 with value: 6668.35895033413.Best trial: 73. Best value: 6668.36:   4%|▍         | 90/2000 [13:05<4:53:55,  9.23s/it]Best trial: 73. Best value: 6668.36:   4%|▍         | 90/2000 [13:05<4:53:55,  9.23s/it]Best trial: 73. Best value: 6668.36:   5%|▍         | 91/2000 [13:05<4:53:50,  9.24s/it]                                                                                        Best trial: 73. Best value: 6668.36:   5%|▍         | 91/2000 [13:14<4:53:50,  9.24s/it]Best trial: 73. Best value: 6668.36:   5%|▍         | 91/2000 [13:14<4:53:50,  9.24s/it]Best trial: 73. Best value: 6668.36:   5%|▍         | 92/2000 [13:14<4:53:04,  9.22s/it]                                                                                        Best trial: 73. Best value: 6668.36:   5%|▍         | 92/2000 [13:23<4:53:04,  9.22s/it]Best trial: 73. Best value: 6668.36:   5%|▍         | 92/2000 [13:23<4:53:04,  9.22s/it]Best trial: 73. Best value: 6668.36:   5%|▍         | 93/2000 [13:23<4:53:48,  9.24s/it]                                                                                        Best trial: 73. Best value: 6668.36:   5%|▍         | 93/2000 [13:32<4:53:48,  9.24s/it]Best trial: 73. Best value: 6668.36:   5%|▍         | 93/2000 [13:32<4:53:48,  9.24s/it]Best trial: 73. Best value: 6668.36:   5%|▍         | 94/2000 [13:32<4:53:31,  9.24s/it]                                                                                        Best trial: 73. Best value: 6668.36:   5%|▍         | 94/2000 [13:42<4:53:31,  9.24s/it]Best trial: 73. Best value: 6668.36:   5%|▍         | 94/2000 [13:42<4:53:31,  9.24s/it]Best trial: 73. Best value: 6668.36:   5%|▍         | 95/2000 [13:42<4:52:30,  9.21s/it]                                                                                        Best trial: 73. Best value: 6668.36:   5%|▍         | 95/2000 [13:51<4:52:30,  9.21s/it]Best trial: 73. Best value: 6668.36:   5%|▍         | 95/2000 [13:51<4:52:30,  9.21s/it]Best trial: 73. Best value: 6668.36:   5%|▍         | 96/2000 [13:51<4:53:51,  9.26s/it]                                                                                        Best trial: 73. Best value: 6668.36:   5%|▍         | 96/2000 [14:00<4:53:51,  9.26s/it]Best trial: 73. Best value: 6668.36:   5%|▍         | 96/2000 [14:00<4:53:51,  9.26s/it]Best trial: 73. Best value: 6668.36:   5%|▍         | 97/2000 [14:00<4:53:54,  9.27s/it]                                                                                        Best trial: 73. Best value: 6668.36:   5%|▍         | 97/2000 [14:09<4:53:54,  9.27s/it]Best trial: 73. Best value: 6668.36:   5%|▍         | 97/2000 [14:09<4:53:54,  9.27s/it]Best trial: 73. Best value: 6668.36:   5%|▍         | 98/2000 [14:09<4:53:28,  9.26s/it]                                                                                        Best trial: 73. Best value: 6668.36:   5%|▍         | 98/2000 [14:19<4:53:28,  9.26s/it]Best trial: 73. Best value: 6668.36:   5%|▍         | 98/2000 [14:19<4:53:28,  9.26s/it]Best trial: 73. Best value: 6668.36:   5%|▍         | 99/2000 [14:19<4:52:48,  9.24s/it]                                                                                        Best trial: 73. Best value: 6668.36:   5%|▍         | 99/2000 [14:20<4:52:48,  9.24s/it]Best trial: 73. Best value: 6668.36:   5%|▍         | 99/2000 [14:20<4:52:48,  9.24s/it]Best trial: 73. Best value: 6668.36:   5%|▌         | 100/2000 [14:20<3:39:08,  6.92s/it]                                                                                         Best trial: 73. Best value: 6668.36:   5%|▌         | 100/2000 [14:22<3:39:08,  6.92s/it]Best trial: 73. Best value: 6668.36:   5%|▌         | 100/2000 [14:22<3:39:08,  6.92s/it]Best trial: 73. Best value: 6668.36:   5%|▌         | 101/2000 [14:22<2:52:30,  5.45s/it]                                                                                         Best trial: 73. Best value: 6668.36:   5%|▌         | 101/2000 [14:31<2:52:30,  5.45s/it]Best trial: 73. Best value: 6668.36:   5%|▌         | 101/2000 [14:31<2:52:30,  5.45s/it]Best trial: 73. Best value: 6668.36:   5%|▌         | 102/2000 [14:31<3:28:11,  6.58s/it]                                                                                         Best trial: 73. Best value: 6668.36:   5%|▌         | 102/2000 [14:41<3:28:11,  6.58s/it]Best trial: 73. Best value: 6668.36:   5%|▌         | 102/2000 [14:41<3:28:11,  6.58s/it]Best trial: 73. Best value: 6668.36:   5%|▌         | 103/2000 [14:41<3:53:35,  7.39s/it]                                                                                         Best trial: 73. Best value: 6668.36:   5%|▌         | 103/2000 [14:50<3:53:35,  7.39s/it]Best trial: 73. Best value: 6668.36:   5%|▌         | 103/2000 [14:50<3:53:35,  7.39s/it]Best trial: 73. Best value: 6668.36:   5%|▌         | 104/2000 [14:50<4:12:05,  7.98s/it]                                                                                         Best trial: 73. Best value: 6668.36:   5%|▌         | 104/2000 [14:59<4:12:05,  7.98s/it]Best trial: 73. Best value: 6668.36:   5%|▌         | 104/2000 [14:59<4:12:05,  7.98s/it]Best trial: 73. Best value: 6668.36:   5%|▌         | 105/2000 [14:59<4:24:02,  8.36s/it]                                                                                         
[I 2026-03-31 21:51:58,935] Trial 91 finished with value: inf and parameters: {'alpha_0': 0.001243938271608367, 'alpha_1': 0.00010633711282826867, 'alpha_2': 8.377776645141082e-05, 'beta_0': 0.1252196836572155, 'beta_1': 14.539663587575383, 'beta_2': 0.20542204375725398, 'beta_3': 0.0008087887609977823, 'beta_4': 4.773629573791837, 'beta_5': 26.41865746960557, 'beta_6': 0.04416864262060066, 'beta_7': 0.017794472011848174, 'beta_8': 3.297220478147068e-05, 'beta_9': 7.921439508507275e-07}. Best is trial 73 with value: 6668.35895033413.
[I 2026-03-31 21:52:08,245] Trial 92 finished with value: 6870.385192342699 and parameters: {'alpha_0': 0.0011721280101989159, 'alpha_1': 0.0001101842045254619, 'alpha_2': 8.796434021736089e-05, 'beta_0': 0.13311718774856562, 'beta_1': 9.978660738960158, 'beta_2': 0.19839353401744506, 'beta_3': 0.0007670286481849402, 'beta_4': 4.386974937286696, 'beta_5': 23.567183497511675, 'beta_6': 0.05793613258598508, 'beta_7': 0.016199611257131825, 'beta_8': 3.0459315367665485e-05, 'beta_9': 6.77691574860808e-07}. Best is trial 73 with value: 6668.35895033413.
[I 2026-03-31 21:52:17,474] Trial 93 finished with value: 6705.954499649464 and parameters: {'alpha_0': 0.0012679067211835255, 'alpha_1': 9.8181011227412e-05, 'alpha_2': 8.088082760701777e-05, 'beta_0': 0.11669408280537942, 'beta_1': 11.15153575033018, 'beta_2': 0.20932676899247457, 'beta_3': 0.0008345025534762703, 'beta_4': 4.515451952445182, 'beta_5': 29.32195928335752, 'beta_6': 0.05341909502805044, 'beta_7': 0.015935985565616366, 'beta_8': 3.226563769748098e-05, 'beta_9': 5.674235045653431e-07}. Best is trial 73 with value: 6668.35895033413.
[I 2026-03-31 21:52:26,624] Trial 94 finished with value: 6732.708215621046 and parameters: {'alpha_0': 0.0013085325488685112, 'alpha_1': 9.79079874304401e-05, 'alpha_2': 8.098499976602177e-05, 'beta_0': 0.11649250971043369, 'beta_1': 11.16516380807351, 'beta_2': 0.20765694655934425, 'beta_3': 0.0008232023999827727, 'beta_4': 4.19347329384414, 'beta_5': 25.547141054286687, 'beta_6': 0.05308907794941832, 'beta_7': 0.016029560424524213, 'beta_8': 2.8509095868926615e-05, 'beta_9': 5.787245641838487e-07}. Best is trial 73 with value: 6668.35895033413.
[I 2026-03-31 21:52:35,995] Trial 95 finished with value: 7555.4368960513075 and parameters: {'alpha_0': 0.0013153935343026845, 'alpha_1': 9.809703538614697e-05, 'alpha_2': 8.136136798775525e-05, 'beta_0': 0.11403401659531126, 'beta_1': 10.280303179287367, 'beta_2': 0.20498100005257067, 'beta_3': 0.0007995793159319269, 'beta_4': 4.123420751200698, 'beta_5': 25.529089862111167, 'beta_6': 0.04908120807687166, 'beta_7': 0.015321825663810636, 'beta_8': 2.7946599011877108e-05, 'beta_9': 5.563327759846945e-07}. Best is trial 73 with value: 6668.35895033413.
[I 2026-03-31 21:52:45,277] Trial 96 finished with value: 7306.024941790927 and parameters: {'alpha_0': 0.0012380977200192758, 'alpha_1': 0.00010100633973470166, 'alpha_2': 9.329696535499713e-05, 'beta_0': 0.10939713095076889, 'beta_1': 9.660826192403487, 'beta_2': 0.20877467060778188, 'beta_3': 0.0006732654718292744, 'beta_4': 4.527150272641506, 'beta_5': 29.72257392267123, 'beta_6': 0.05281337799750109, 'beta_7': 0.017192709476819747, 'beta_8': 2.9575291291375234e-05, 'beta_9': 6.200700720058337e-07}. Best is trial 73 with value: 6668.35895033413.
[I 2026-03-31 21:52:54,513] Trial 97 finished with value: 6885.671919067227 and parameters: {'alpha_0': 0.0012823091773771053, 'alpha_1': 9.6994000062763e-05, 'alpha_2': 8.660596821262031e-05, 'beta_0': 0.09250325065391724, 'beta_1': 11.325747840606775, 'beta_2': 0.1919511001127141, 'beta_3': 0.0007222631784275146, 'beta_4': 3.683538467565845, 'beta_5': 25.86026390297795, 'beta_6': 0.05005570735353243, 'beta_7': 0.01653650286420869, 'beta_8': 3.2194284900631634e-05, 'beta_9': 5.848004861938676e-07}. Best is trial 73 with value: 6668.35895033413.
[I 2026-03-31 21:53:03,717] Trial 98 finished with value: 7212.857068736905 and parameters: {'alpha_0': 0.0011311984361737331, 'alpha_1': 0.00010344563584387908, 'alpha_2': 7.667876293163688e-05, 'beta_0': 0.1280759586368191, 'beta_1': 10.912708247981378, 'beta_2': 0.20148311258780477, 'beta_3': 0.0007572212265888326, 'beta_4': 4.217194334804495, 'beta_5': 24.36591817116654, 'beta_6': 0.0560451008345294, 'beta_7': 0.016873122403030544, 'beta_8': 3.3152098960086704e-05, 'beta_9': 6.601200470437019e-07}. Best is trial 73 with value: 6668.35895033413.
[I 2026-03-31 21:53:05,222] Trial 99 finished with value: inf and parameters: {'alpha_0': 0.0015400220266160959, 'alpha_1': 8.784846228706525e-05, 'alpha_2': 8.445237762023868e-05, 'beta_0': 0.1394568739285101, 'beta_1': 12.49920298346864, 'beta_2': 0.21585070367769574, 'beta_3': 0.0006083281966786308, 'beta_4': 4.55833178047414, 'beta_5': 28.281112606801102, 'beta_6': 0.04615078798693832, 'beta_7': 0.026670476656812294, 'beta_8': 3.100480716953753e-05, 'beta_9': 5.421715947906327e-07}. Best is trial 73 with value: 6668.35895033413.
[I 2026-03-31 21:53:07,242] Trial 100 finished with value: inf and parameters: {'alpha_0': 0.0014059812260986597, 'alpha_1': 0.00011501520637396524, 'alpha_2': 9.716137392415427e-05, 'beta_0': 0.14667012488104214, 'beta_1': 10.513516448633592, 'beta_2': 0.20768375504338313, 'beta_3': 0.0008249570881457976, 'beta_4': 4.729477752295374, 'beta_5': 28.99886247980104, 'beta_6': 0.0576408411550372, 'beta_7': 0.024860634894919034, 'beta_8': 3.397422350995777e-05, 'beta_9': 5.965587808586433e-07}. Best is trial 73 with value: 6668.35895033413.
[I 2026-03-31 21:53:16,462] Trial 101 finished with value: 6718.215028108766 and parameters: {'alpha_0': 0.0011235662501104307, 'alpha_1': 8.430712310006213e-05, 'alpha_2': 8.162077848840831e-05, 'beta_0': 0.10304934433890739, 'beta_1': 11.681915982436523, 'beta_2': 0.2117823954644337, 'beta_3': 0.0008492085462483315, 'beta_4': 4.907759122908697, 'beta_5': 26.454254525564707, 'beta_6': 0.054724090836713, 'beta_7': 0.01593409511434056, 'beta_8': 3.503247754731087e-05, 'beta_9': 7.361976985517555e-07}. Best is trial 73 with value: 6668.35895033413.
[I 2026-03-31 21:53:25,733] Trial 102 finished with value: 6694.759915802766 and parameters: {'alpha_0': 0.0011941668320170078, 'alpha_1': 8.413883551603194e-05, 'alpha_2': 8.207424362793224e-05, 'beta_0': 0.10115105768078106, 'beta_1': 11.151546911630215, 'beta_2': 0.21081099982546778, 'beta_3': 0.0008626975727442536, 'beta_4': 4.903704200573422, 'beta_5': 27.87807334802521, 'beta_6': 0.040388477994641986, 'beta_7': 0.01598255510428635, 'beta_8': 3.2205570885350244e-05, 'beta_9': 7.436831528622957e-07}. Best is trial 73 with value: 6668.35895033413.
[I 2026-03-31 21:53:35,085] Trial 103 finished with value: 7474.982161768725 and parameters: {'alpha_0': 0.0011040285040115714, 'alpha_1': 8.40746253213468e-05, 'alpha_2': 8.285373653556304e-05, 'beta_0': 0.08586481902975204, 'beta_1': 11.052497100608818, 'beta_2': 0.21684220184767997, 'beta_3': 0.0008649526395375209, 'beta_4': 4.928236111032407, 'beta_5': 27.462299913616327, 'beta_6': 0.042816952318103445, 'beta_7': 0.015314529670360337, 'beta_8': 2.846039297419326e-05, 'beta_9': 6.39113563662342e-07}. Best is trial 73 with value: 6668.35895033413.
[I 2026-03-31 21:53:44,338] Trial 104 finished with value: 6723.875876717566 and parameters: {'alpha_0': 0.0012145821124081783, 'alpha_1': 0.00010972074737222223, 'alpha_2': 8.174189281716514e-05, 'beta_0': 0.10229983695169222, 'beta_1': 11.462420800791067, 'beta_2': 0.21228359207854303, 'beta_3': 0.0008211552158100783, 'beta_4': 4.989983316749344, 'beta_5': 26.414905045381676, 'beta_6': 0.04146824794161791, 'beta_7': 0.015949833623384292, 'beta_8': 3.214998579790983e-05, 'beta_9': 6.927360850848132e-07}. Best is trial 73 with value: 6668.35895033413.
