[I 2026-03-31 23:09:01,905] Trial 600 finished with value: 6583.112839568956 and parameters: {'alpha_0': 0.0007825400955560449, 'alpha_1': 5.491191307509759e-05, 'alpha_2': 4.02805323130894e-05, 'beta_0': 0.06888176305632199, 'beta_1': 5.5108679432440715, 'beta_2': 0.1997304651486648, 'beta_3': 0.0009250182574618396, 'beta_4': 6.073127880683582, 'beta_5': 33.196893507554904, 'beta_6': 0.04254153977198707, 'beta_7': 0.015862000627144077, 'beta_8': 3.7670080825680326e-05, 'beta_9': 8.017090371626552e-07}. Best is trial 566 with value: 6567.25901539107.Best trial: 566. Best value: 6567.26:  30%|███       | 600/2000 [1:30:17<3:36:25,  9.28s/it]Best trial: 566. Best value: 6567.26:  30%|███       | 600/2000 [1:30:17<3:36:25,  9.28s/it]Best trial: 566. Best value: 6567.26:  30%|███       | 601/2000 [1:30:17<3:36:02,  9.27s/it]                                                                                            Best trial: 566. Best value: 6567.26:  30%|███       | 601/2000 [1:30:26<3:36:02,  9.27s/it]Best trial: 566. Best value: 6567.26:  30%|███       | 601/2000 [1:30:26<3:36:02,  9.27s/it]Best trial: 566. Best value: 6567.26:  30%|███       | 602/2000 [1:30:26<3:37:03,  9.32s/it]                                                                                            Best trial: 566. Best value: 6567.26:  30%|███       | 602/2000 [1:30:36<3:37:03,  9.32s/it]Best trial: 566. Best value: 6567.26:  30%|███       | 602/2000 [1:30:36<3:37:03,  9.32s/it]Best trial: 566. Best value: 6567.26:  30%|███       | 603/2000 [1:30:36<3:36:17,  9.29s/it]                                                                                            Best trial: 566. Best value: 6567.26:  30%|███       | 603/2000 [1:30:45<3:36:17,  9.29s/it]Best trial: 566. Best value: 6567.26:  30%|███       | 603/2000 [1:30:45<3:36:17,  9.29s/it]Best trial: 566. Best value: 6567.26:  30%|███       | 604/2000 [1:30:45<3:35:52,  9.28s/it]                                                                                            Best trial: 566. Best value: 6567.26:  30%|███       | 604/2000 [1:30:54<3:35:52,  9.28s/it]Best trial: 566. Best value: 6567.26:  30%|███       | 604/2000 [1:30:54<3:35:52,  9.28s/it]Best trial: 566. Best value: 6567.26:  30%|███       | 605/2000 [1:30:54<3:36:26,  9.31s/it]                                                                                            Best trial: 566. Best value: 6567.26:  30%|███       | 605/2000 [1:31:03<3:36:26,  9.31s/it]Best trial: 566. Best value: 6567.26:  30%|███       | 605/2000 [1:31:03<3:36:26,  9.31s/it]Best trial: 566. Best value: 6567.26:  30%|███       | 606/2000 [1:31:03<3:35:35,  9.28s/it]                                                                                            Best trial: 566. Best value: 6567.26:  30%|███       | 606/2000 [1:31:13<3:35:35,  9.28s/it]Best trial: 566. Best value: 6567.26:  30%|███       | 606/2000 [1:31:13<3:35:35,  9.28s/it]Best trial: 566. Best value: 6567.26:  30%|███       | 607/2000 [1:31:13<3:35:29,  9.28s/it]                                                                                            Best trial: 566. Best value: 6567.26:  30%|███       | 607/2000 [1:31:22<3:35:29,  9.28s/it]Best trial: 566. Best value: 6567.26:  30%|███       | 607/2000 [1:31:22<3:35:29,  9.28s/it]Best trial: 566. Best value: 6567.26:  30%|███       | 608/2000 [1:31:22<3:35:17,  9.28s/it]                                                                                            Best trial: 566. Best value: 6567.26:  30%|███       | 608/2000 [1:31:31<3:35:17,  9.28s/it]Best trial: 566. Best value: 6567.26:  30%|███       | 608/2000 [1:31:31<3:35:17,  9.28s/it]Best trial: 566. Best value: 6567.26:  30%|███       | 609/2000 [1:31:31<3:35:16,  9.29s/it]                                                                                            Best trial: 566. Best value: 6567.26:  30%|███       | 609/2000 [1:31:41<3:35:16,  9.29s/it]Best trial: 566. Best value: 6567.26:  30%|███       | 609/2000 [1:31:41<3:35:16,  9.29s/it]Best trial: 566. Best value: 6567.26:  30%|███       | 610/2000 [1:31:41<3:35:21,  9.30s/it]                                                                                            Best trial: 566. Best value: 6567.26:  30%|███       | 610/2000 [1:31:50<3:35:21,  9.30s/it]Best trial: 566. Best value: 6567.26:  30%|███       | 610/2000 [1:31:50<3:35:21,  9.30s/it]Best trial: 566. Best value: 6567.26:  31%|███       | 611/2000 [1:31:50<3:35:29,  9.31s/it]                                                                                            Best trial: 566. Best value: 6567.26:  31%|███       | 611/2000 [1:31:59<3:35:29,  9.31s/it]Best trial: 611. Best value: 6566.81:  31%|███       | 611/2000 [1:31:59<3:35:29,  9.31s/it]Best trial: 611. Best value: 6566.81:  31%|███       | 612/2000 [1:31:59<3:36:23,  9.35s/it]                                                                                            Best trial: 611. Best value: 6566.81:  31%|███       | 612/2000 [1:32:09<3:36:23,  9.35s/it]Best trial: 611. Best value: 6566.81:  31%|███       | 612/2000 [1:32:09<3:36:23,  9.35s/it]Best trial: 611. Best value: 6566.81:  31%|███       | 613/2000 [1:32:09<3:35:50,  9.34s/it]                                                                                            Best trial: 611. Best value: 6566.81:  31%|███       | 613/2000 [1:32:18<3:35:50,  9.34s/it]Best trial: 611. Best value: 6566.81:  31%|███       | 613/2000 [1:32:18<3:35:50,  9.34s/it]Best trial: 611. Best value: 6566.81:  31%|███       | 614/2000 [1:32:18<3:36:00,  9.35s/it]                                                                                            Best trial: 611. Best value: 6566.81:  31%|███       | 614/2000 [1:32:27<3:36:00,  9.35s/it]Best trial: 611. Best value: 6566.81:  31%|███       | 614/2000 [1:32:27<3:36:00,  9.35s/it]Best trial: 611. Best value: 6566.81:  31%|███       | 615/2000 [1:32:27<3:36:18,  9.37s/it]                                                                                            
[I 2026-03-31 23:09:11,338] Trial 601 finished with value: 7501.5068732184955 and parameters: {'alpha_0': 0.0007569662776219106, 'alpha_1': 5.6059055624198776e-05, 'alpha_2': 4.044077884808536e-05, 'beta_0': 0.06590958746301592, 'beta_1': 5.533672681992053, 'beta_2': 0.200188947819678, 'beta_3': 0.0009294648342681775, 'beta_4': 6.06247706268304, 'beta_5': 32.86987579634255, 'beta_6': 0.04100676758863623, 'beta_7': 0.015019124811781127, 'beta_8': 3.768636166385931e-05, 'beta_9': 7.401750106336068e-07}. Best is trial 566 with value: 6567.25901539107.
[I 2026-03-31 23:09:20,567] Trial 602 finished with value: 6766.872848763216 and parameters: {'alpha_0': 0.0007799476748478601, 'alpha_1': 0.0001498941978719597, 'alpha_2': 4.11134178259108e-05, 'beta_0': 0.06132177462917996, 'beta_1': 5.543691875377138, 'beta_2': 0.20369827395969, 'beta_3': 0.0009143805169397914, 'beta_4': 6.171143389488332, 'beta_5': 33.0884584770943, 'beta_6': 0.04370335657898005, 'beta_7': 0.0158142337310988, 'beta_8': 3.7881650205052985e-05, 'beta_9': 7.971366186001459e-07}. Best is trial 566 with value: 6567.25901539107.
[I 2026-03-31 23:09:29,818] Trial 603 finished with value: inf and parameters: {'alpha_0': 0.0008506991433866682, 'alpha_1': 5.5103357693749204e-05, 'alpha_2': 4.0383435559223355e-05, 'beta_0': 0.06901066922246495, 'beta_1': 5.713997997325204, 'beta_2': 0.202156107017713, 'beta_3': 0.0009614919391960762, 'beta_4': 6.022164877996008, 'beta_5': 33.628464353293275, 'beta_6': 0.042336497439568035, 'beta_7': 0.017121337940249098, 'beta_8': 3.788970103783301e-05, 'beta_9': 7.716255883553196e-07}. Best is trial 566 with value: 6567.25901539107.
[I 2026-03-31 23:09:39,200] Trial 604 finished with value: 7201.290169497937 and parameters: {'alpha_0': 0.0008034022757504209, 'alpha_1': 5.6664765978706154e-05, 'alpha_2': 4.189403396457341e-05, 'beta_0': 0.06206888805974514, 'beta_1': 5.881859663985485, 'beta_2': 0.1997173460910934, 'beta_3': 0.0009106025430185755, 'beta_4': 5.925501902225539, 'beta_5': 32.653700235642944, 'beta_6': 0.04106111460769737, 'beta_7': 0.015376220143961878, 'beta_8': 3.806023991914559e-05, 'beta_9': 8.207268819297973e-07}. Best is trial 566 with value: 6567.25901539107.
[I 2026-03-31 23:09:48,411] Trial 605 finished with value: 6778.027145660737 and parameters: {'alpha_0': 0.000701268835204252, 'alpha_1': 5.521239828684353e-05, 'alpha_2': 4.0044889668801464e-05, 'beta_0': 0.06412791689405958, 'beta_1': 5.24157143682786, 'beta_2': 0.19583777179346182, 'beta_3': 0.0010039808642290477, 'beta_4': 6.28568471637271, 'beta_5': 34.20161067635949, 'beta_6': 0.043806071921581514, 'beta_7': 0.01616801997017052, 'beta_8': 3.751246651894375e-05, 'beta_9': 8.015874605059501e-07}. Best is trial 566 with value: 6567.25901539107.
[I 2026-03-31 23:09:57,696] Trial 606 finished with value: 6596.091361578117 and parameters: {'alpha_0': 0.0007422865033793373, 'alpha_1': 5.751701808283295e-05, 'alpha_2': 4.4765052398103776e-05, 'beta_0': 0.07149220624246864, 'beta_1': 5.736437545696627, 'beta_2': 0.19929285823913986, 'beta_3': 0.0009270396728765961, 'beta_4': 6.546932621153302, 'beta_5': 33.55733936190049, 'beta_6': 0.04231102220275689, 'beta_7': 0.01577985717732704, 'beta_8': 3.671822097646518e-05, 'beta_9': 8.815712759915381e-07}. Best is trial 566 with value: 6567.25901539107.
[I 2026-03-31 23:10:06,972] Trial 607 finished with value: 7269.542529916758 and parameters: {'alpha_0': 0.0007459226306396009, 'alpha_1': 5.4384115436201105e-05, 'alpha_2': 4.014857141275132e-05, 'beta_0': 0.07552273856828938, 'beta_1': 5.960099210424131, 'beta_2': 0.1994509086006551, 'beta_3': 0.0009551448346740058, 'beta_4': 6.420605857400065, 'beta_5': 33.53619679402344, 'beta_6': 0.042240124481449134, 'beta_7': 0.015267211645431796, 'beta_8': 3.7137127325531066e-05, 'beta_9': 8.797303938472233e-07}. Best is trial 566 with value: 6567.25901539107.
[I 2026-03-31 23:10:16,272] Trial 608 finished with value: 6728.392594815826 and parameters: {'alpha_0': 0.0006852963549723103, 'alpha_1': 5.730347256526788e-05, 'alpha_2': 4.446127019938292e-05, 'beta_0': 0.07198486972378654, 'beta_1': 5.442203009953854, 'beta_2': 0.2040040192553774, 'beta_3': 0.0009348285132792327, 'beta_4': 6.730281417483438, 'beta_5': 34.51673475957353, 'beta_6': 0.040069559251294316, 'beta_7': 0.01563862573561128, 'beta_8': 3.691853440510602e-05, 'beta_9': 8.338933688791841e-07}. Best is trial 566 with value: 6567.25901539107.
[I 2026-03-31 23:10:25,592] Trial 609 finished with value: 6762.390566304404 and parameters: {'alpha_0': 0.0007491095542985757, 'alpha_1': 5.375510087769251e-05, 'alpha_2': 4.287293951203957e-05, 'beta_0': 0.07739387801869729, 'beta_1': 5.289215198611085, 'beta_2': 0.20040612556947923, 'beta_3': 0.0009919349810741242, 'beta_4': 6.116025733426984, 'beta_5': 34.26281997295052, 'beta_6': 0.042739560704563265, 'beta_7': 0.015509634451394284, 'beta_8': 3.770720780785076e-05, 'beta_9': 8.812290009887772e-07}. Best is trial 566 with value: 6567.25901539107.
[I 2026-03-31 23:10:34,930] Trial 610 finished with value: inf and parameters: {'alpha_0': 0.0006620361415007409, 'alpha_1': 5.701443750683493e-05, 'alpha_2': 4.222499450506e-05, 'beta_0': 0.0714291858101414, 'beta_1': 5.132551976457383, 'beta_2': 0.19744524866151583, 'beta_3': 0.0012272408962655005, 'beta_4': 6.669472110840731, 'beta_5': 33.423780512166346, 'beta_6': 0.04144400434738703, 'beta_7': 0.02116155742521728, 'beta_8': 3.725214296578894e-05, 'beta_9': 8.50739065609593e-07}. Best is trial 566 with value: 6567.25901539107.
[I 2026-03-31 23:10:44,390] Trial 611 finished with value: 6566.811362286868 and parameters: {'alpha_0': 0.0007137082623999968, 'alpha_1': 5.5271741351443145e-05, 'alpha_2': 4.4435827649557576e-05, 'beta_0': 0.06827981088613454, 'beta_1': 6.144091987262993, 'beta_2': 0.19892992477787214, 'beta_3': 0.0009160927300285862, 'beta_4': 6.570156650814784, 'beta_5': 32.982079212440325, 'beta_6': 0.04357414389932009, 'beta_7': 0.01582077829114826, 'beta_8': 3.911391863514432e-05, 'beta_9': 7.637239678236701e-07}. Best is trial 611 with value: 6566.811362286868.
[I 2026-03-31 23:10:53,688] Trial 612 finished with value: 7167.873026726423 and parameters: {'alpha_0': 0.0007666785345365073, 'alpha_1': 5.369873552992152e-05, 'alpha_2': 4.390454407873682e-05, 'beta_0': 0.0764108806067793, 'beta_1': 5.6956310686685105, 'beta_2': 0.2017702798127363, 'beta_3': 0.0009853221312414136, 'beta_4': 6.823789527271385, 'beta_5': 33.107269461975854, 'beta_6': 0.04357313183456783, 'beta_7': 0.015290183243788842, 'beta_8': 3.916467188844903e-05, 'beta_9': 1.688327042986914e-06}. Best is trial 611 with value: 6566.811362286868.
[I 2026-03-31 23:11:03,071] Trial 613 finished with value: 6606.81483633452 and parameters: {'alpha_0': 0.000669609668356491, 'alpha_1': 5.4726309980848814e-05, 'alpha_2': 4.420996156650289e-05, 'beta_0': 0.0720950293897611, 'beta_1': 6.091422074156589, 'beta_2': 0.20478974116152776, 'beta_3': 0.0009393363954027991, 'beta_4': 6.524715465672373, 'beta_5': 32.645707148953555, 'beta_6': 0.04401051727988289, 'beta_7': 0.01575426905999205, 'beta_8': 3.918082960506822e-05, 'beta_9': 7.643328892630207e-07}. Best is trial 611 with value: 6566.811362286868.
[I 2026-03-31 23:11:12,488] Trial 614 finished with value: 7492.48062354007 and parameters: {'alpha_0': 0.0006736818833420759, 'alpha_1': 5.0372634970517455e-05, 'alpha_2': 4.2017072485442495e-05, 'beta_0': 0.07840894793652756, 'beta_1': 5.919241189847586, 'beta_2': 0.2023630926622551, 'beta_3': 0.0009705021029665661, 'beta_4': 6.554393366184202, 'beta_5': 32.94033497750205, 'beta_6': 0.043878866137090876, 'beta_7': 0.015003727758920038, 'beta_8': 3.991552018555333e-05, 'beta_9': 7.294726733599897e-07}. Best is trial 611 with value: 6566.811362286868.
[I 2026-03-31 23:11:21,784] Trial 615 finished with value: 6687.57813322216 and parameters: {'alpha_0': 0.0007146787967032466, 'alpha_1': 5.2752704175047326e-05, 'alpha_2': 4.4313592348093326e-05, 'beta_0': 0.07527498134960499, 'beta_1': 6.077493423480001, 'beta_2': 0.19894601479957852, 'beta_3': 0.0009290706912645504, 'beta_4': 6.408829129315566, 'beta_5': 32.099044671013466, 'beta_6': 0.04395969288137562, 'beta_7': 0.015601226688525203, 'beta_8': 3.887853614173011e-05, 'beta_9': 6.910531715227535e-07}. Best is trial 611 with value: 6566.811362286868.Best trial: 611. Best value: 6566.81:  31%|███       | 615/2000 [1:32:37<3:36:18,  9.37s/it]Best trial: 611. Best value: 6566.81:  31%|███       | 615/2000 [1:32:37<3:36:18,  9.37s/it]Best trial: 611. Best value: 6566.81:  31%|███       | 616/2000 [1:32:37<3:35:38,  9.35s/it]                                                                                            Best trial: 611. Best value: 6566.81:  31%|███       | 616/2000 [1:32:46<3:35:38,  9.35s/it]Best trial: 611. Best value: 6566.81:  31%|███       | 616/2000 [1:32:46<3:35:38,  9.35s/it]Best trial: 611. Best value: 6566.81:  31%|███       | 617/2000 [1:32:46<3:34:59,  9.33s/it]                                                                                            Best trial: 611. Best value: 6566.81:  31%|███       | 617/2000 [1:32:55<3:34:59,  9.33s/it]Best trial: 611. Best value: 6566.81:  31%|███       | 617/2000 [1:32:55<3:34:59,  9.33s/it]Best trial: 611. Best value: 6566.81:  31%|███       | 618/2000 [1:32:55<3:34:25,  9.31s/it]                                                                                            Best trial: 611. Best value: 6566.81:  31%|███       | 618/2000 [1:33:05<3:34:25,  9.31s/it]Best trial: 611. Best value: 6566.81:  31%|███       | 618/2000 [1:33:05<3:34:25,  9.31s/it]Best trial: 611. Best value: 6566.81:  31%|███       | 619/2000 [1:33:05<3:34:13,  9.31s/it]                                                                                            Best trial: 611. Best value: 6566.81:  31%|███       | 619/2000 [1:33:14<3:34:13,  9.31s/it]Best trial: 611. Best value: 6566.81:  31%|███       | 619/2000 [1:33:14<3:34:13,  9.31s/it]Best trial: 611. Best value: 6566.81:  31%|███       | 620/2000 [1:33:14<3:33:56,  9.30s/it]                                                                                            Best trial: 611. Best value: 6566.81:  31%|███       | 620/2000 [1:33:23<3:33:56,  9.30s/it]Best trial: 611. Best value: 6566.81:  31%|███       | 620/2000 [1:33:23<3:33:56,  9.30s/it]Best trial: 611. Best value: 6566.81:  31%|███       | 621/2000 [1:33:23<3:33:47,  9.30s/it]                                                                                            Best trial: 611. Best value: 6566.81:  31%|███       | 621/2000 [1:33:32<3:33:47,  9.30s/it]Best trial: 611. Best value: 6566.81:  31%|███       | 621/2000 [1:33:32<3:33:47,  9.30s/it]Best trial: 611. Best value: 6566.81:  31%|███       | 622/2000 [1:33:32<3:33:17,  9.29s/it]                                                                                            Best trial: 611. Best value: 6566.81:  31%|███       | 622/2000 [1:33:42<3:33:17,  9.29s/it]Best trial: 611. Best value: 6566.81:  31%|███       | 622/2000 [1:33:42<3:33:17,  9.29s/it]Best trial: 611. Best value: 6566.81:  31%|███       | 623/2000 [1:33:42<3:32:40,  9.27s/it]                                                                                            Best trial: 611. Best value: 6566.81:  31%|███       | 623/2000 [1:33:51<3:32:40,  9.27s/it]Best trial: 611. Best value: 6566.81:  31%|███       | 623/2000 [1:33:51<3:32:40,  9.27s/it]Best trial: 611. Best value: 6566.81:  31%|███       | 624/2000 [1:33:51<3:32:49,  9.28s/it]                                                                                            Best trial: 611. Best value: 6566.81:  31%|███       | 624/2000 [1:34:00<3:32:49,  9.28s/it]Best trial: 611. Best value: 6566.81:  31%|███       | 624/2000 [1:34:00<3:32:49,  9.28s/it]Best trial: 611. Best value: 6566.81:  31%|███▏      | 625/2000 [1:34:00<3:32:00,  9.25s/it]                                                                                            Best trial: 611. Best value: 6566.81:  31%|███▏      | 625/2000 [1:34:09<3:32:00,  9.25s/it]Best trial: 611. Best value: 6566.81:  31%|███▏      | 625/2000 [1:34:09<3:32:00,  9.25s/it]Best trial: 611. Best value: 6566.81:  31%|███▏      | 626/2000 [1:34:09<3:31:47,  9.25s/it]                                                                                            Best trial: 611. Best value: 6566.81:  31%|███▏      | 626/2000 [1:34:19<3:31:47,  9.25s/it]Best trial: 611. Best value: 6566.81:  31%|███▏      | 626/2000 [1:34:19<3:31:47,  9.25s/it]Best trial: 611. Best value: 6566.81:  31%|███▏      | 627/2000 [1:34:19<3:31:32,  9.24s/it]                                                                                            Best trial: 611. Best value: 6566.81:  31%|███▏      | 627/2000 [1:34:28<3:31:32,  9.24s/it]Best trial: 611. Best value: 6566.81:  31%|███▏      | 627/2000 [1:34:28<3:31:32,  9.24s/it]Best trial: 611. Best value: 6566.81:  31%|███▏      | 628/2000 [1:34:28<3:31:49,  9.26s/it]                                                                                            Best trial: 611. Best value: 6566.81:  31%|███▏      | 628/2000 [1:34:37<3:31:49,  9.26s/it]Best trial: 628. Best value: 6559.85:  31%|███▏      | 628/2000 [1:34:37<3:31:49,  9.26s/it]Best trial: 628. Best value: 6559.85:  31%|███▏      | 629/2000 [1:34:37<3:30:38,  9.22s/it]                                                                                            Best trial: 628. Best value: 6559.85:  31%|███▏      | 629/2000 [1:34:46<3:30:38,  9.22s/it]Best trial: 628. Best value: 6559.85:  31%|███▏      | 629/2000 [1:34:46<3:30:38,  9.22s/it]Best trial: 628. Best value: 6559.85:  32%|███▏      | 630/2000 [1:34:46<3:30:42,  9.23s/it]                                                                                            
[I 2026-03-31 23:11:31,063] Trial 616 finished with value: 6592.4452369059745 and parameters: {'alpha_0': 0.0007088423615724088, 'alpha_1': 5.516365901447373e-05, 'alpha_2': 4.345295035000562e-05, 'beta_0': 0.07173373614754, 'beta_1': 5.81110117355642, 'beta_2': 0.20389753749107725, 'beta_3': 0.0009384471242252139, 'beta_4': 6.530363381129196, 'beta_5': 32.454641631882104, 'beta_6': 0.04267334317687365, 'beta_7': 0.015725215198319594, 'beta_8': 3.8501475651381166e-05, 'beta_9': 7.678581608749098e-07}. Best is trial 611 with value: 6566.811362286868.
[I 2026-03-31 23:11:40,331] Trial 617 finished with value: 7232.777146946454 and parameters: {'alpha_0': 0.0006611855924037088, 'alpha_1': 5.5119634108490914e-05, 'alpha_2': 4.3116981197506943e-05, 'beta_0': 0.07406884244171509, 'beta_1': 5.894066728514209, 'beta_2': 0.20568260879391517, 'beta_3': 0.000930537090362809, 'beta_4': 6.623123843450951, 'beta_5': 32.334068630153325, 'beta_6': 0.04301218833680798, 'beta_7': 0.01530520581724044, 'beta_8': 3.8281811048217506e-05, 'beta_9': 7.751204424875118e-07}. Best is trial 611 with value: 6566.811362286868.
[I 2026-03-31 23:11:49,633] Trial 618 finished with value: 6659.7240922264955 and parameters: {'alpha_0': 0.000716371805292677, 'alpha_1': 5.5579131739143734e-05, 'alpha_2': 4.2501313602303744e-05, 'beta_0': 0.07209619937714992, 'beta_1': 5.6819720869377415, 'beta_2': 0.20424856310371062, 'beta_3': 0.0009502469118591607, 'beta_4': 6.555641831863203, 'beta_5': 32.4023661715386, 'beta_6': 0.0440412592521707, 'beta_7': 0.015678153881948573, 'beta_8': 3.980955888376019e-05, 'beta_9': 7.271458393729654e-07}. Best is trial 611 with value: 6566.811362286868.
