[I 2026-04-01 00:37:42,136] Trial 1185 finished with value: 7217.59421884816 and parameters: {'alpha_0': 0.0005691343449576481, 'alpha_1': 5.367682302809348e-05, 'alpha_2': 0.00011162415666916165, 'beta_0': 0.07963487138861208, 'beta_1': 6.311702890731362, 'beta_2': 0.2085684907868513, 'beta_3': 0.0010203813740837142, 'beta_4': 6.219809204390384, 'beta_5': 33.95645978820605, 'beta_6': 0.041002591426227364, 'beta_7': 0.015228204939254834, 'beta_8': 3.947329448610654e-05, 'beta_9': 7.784022147750163e-07}. Best is trial 691 with value: 6538.461030825155.Best trial: 691. Best value: 6538.46:  59%|█████▉    | 1185/2000 [2:58:57<2:21:42, 10.43s/it]Best trial: 691. Best value: 6538.46:  59%|█████▉    | 1185/2000 [2:58:57<2:21:42, 10.43s/it]Best trial: 691. Best value: 6538.46:  59%|█████▉    | 1186/2000 [2:58:57<2:26:38, 10.81s/it]                                                                                             Best trial: 691. Best value: 6538.46:  59%|█████▉    | 1186/2000 [2:59:08<2:26:38, 10.81s/it]Best trial: 691. Best value: 6538.46:  59%|█████▉    | 1186/2000 [2:59:08<2:26:38, 10.81s/it]Best trial: 691. Best value: 6538.46:  59%|█████▉    | 1187/2000 [2:59:08<2:25:12, 10.72s/it]                                                                                             Best trial: 691. Best value: 6538.46:  59%|█████▉    | 1187/2000 [2:59:19<2:25:12, 10.72s/it]Best trial: 691. Best value: 6538.46:  59%|█████▉    | 1187/2000 [2:59:19<2:25:12, 10.72s/it]Best trial: 691. Best value: 6538.46:  59%|█████▉    | 1188/2000 [2:59:19<2:27:45, 10.92s/it]                                                                                             Best trial: 691. Best value: 6538.46:  59%|█████▉    | 1188/2000 [2:59:29<2:27:45, 10.92s/it]Best trial: 691. Best value: 6538.46:  59%|█████▉    | 1188/2000 [2:59:29<2:27:45, 10.92s/it]Best trial: 691. Best value: 6538.46:  59%|█████▉    | 1189/2000 [2:59:29<2:25:32, 10.77s/it]                                                                                             Best trial: 691. Best value: 6538.46:  59%|█████▉    | 1189/2000 [2:59:40<2:25:32, 10.77s/it]Best trial: 691. Best value: 6538.46:  59%|█████▉    | 1189/2000 [2:59:40<2:25:32, 10.77s/it]Best trial: 691. Best value: 6538.46:  60%|█████▉    | 1190/2000 [2:59:40<2:26:28, 10.85s/it]                                                                                             Best trial: 691. Best value: 6538.46:  60%|█████▉    | 1190/2000 [2:59:51<2:26:28, 10.85s/it]Best trial: 691. Best value: 6538.46:  60%|█████▉    | 1190/2000 [2:59:51<2:26:28, 10.85s/it]Best trial: 691. Best value: 6538.46:  60%|█████▉    | 1191/2000 [2:59:51<2:24:58, 10.75s/it]                                                                                             Best trial: 691. Best value: 6538.46:  60%|█████▉    | 1191/2000 [3:00:02<2:24:58, 10.75s/it]Best trial: 691. Best value: 6538.46:  60%|█████▉    | 1191/2000 [3:00:02<2:24:58, 10.75s/it]Best trial: 691. Best value: 6538.46:  60%|█████▉    | 1192/2000 [3:00:02<2:25:45, 10.82s/it]                                                                                             Best trial: 691. Best value: 6538.46:  60%|█████▉    | 1192/2000 [3:00:14<2:25:45, 10.82s/it]Best trial: 691. Best value: 6538.46:  60%|█████▉    | 1192/2000 [3:00:14<2:25:45, 10.82s/it]Best trial: 691. Best value: 6538.46:  60%|█████▉    | 1193/2000 [3:00:14<2:28:49, 11.06s/it]                                                                                             Best trial: 691. Best value: 6538.46:  60%|█████▉    | 1193/2000 [3:00:24<2:28:49, 11.06s/it]Best trial: 691. Best value: 6538.46:  60%|█████▉    | 1193/2000 [3:00:24<2:28:49, 11.06s/it]Best trial: 691. Best value: 6538.46:  60%|█████▉    | 1194/2000 [3:00:24<2:26:51, 10.93s/it]                                                                                             Best trial: 691. Best value: 6538.46:  60%|█████▉    | 1194/2000 [3:00:36<2:26:51, 10.93s/it]Best trial: 691. Best value: 6538.46:  60%|█████▉    | 1194/2000 [3:00:36<2:26:51, 10.93s/it]Best trial: 691. Best value: 6538.46:  60%|█████▉    | 1195/2000 [3:00:36<2:29:17, 11.13s/it]                                                                                             Best trial: 691. Best value: 6538.46:  60%|█████▉    | 1195/2000 [3:00:47<2:29:17, 11.13s/it]Best trial: 691. Best value: 6538.46:  60%|█████▉    | 1195/2000 [3:00:47<2:29:17, 11.13s/it]Best trial: 691. Best value: 6538.46:  60%|█████▉    | 1196/2000 [3:00:47<2:28:14, 11.06s/it]                                                                                             Best trial: 691. Best value: 6538.46:  60%|█████▉    | 1196/2000 [3:00:57<2:28:14, 11.06s/it]Best trial: 691. Best value: 6538.46:  60%|█████▉    | 1196/2000 [3:00:57<2:28:14, 11.06s/it]Best trial: 691. Best value: 6538.46:  60%|█████▉    | 1197/2000 [3:00:57<2:26:00, 10.91s/it]                                                                                             Best trial: 691. Best value: 6538.46:  60%|█████▉    | 1197/2000 [3:01:08<2:26:00, 10.91s/it]Best trial: 691. Best value: 6538.46:  60%|█████▉    | 1197/2000 [3:01:08<2:26:00, 10.91s/it]Best trial: 691. Best value: 6538.46:  60%|█████▉    | 1198/2000 [3:01:08<2:26:45, 10.98s/it]                                                                                             Best trial: 691. Best value: 6538.46:  60%|█████▉    | 1198/2000 [3:01:20<2:26:45, 10.98s/it]Best trial: 691. Best value: 6538.46:  60%|█████▉    | 1198/2000 [3:01:20<2:26:45, 10.98s/it]Best trial: 691. Best value: 6538.46:  60%|█████▉    | 1199/2000 [3:01:20<2:27:40, 11.06s/it]                                                                                             Best trial: 691. Best value: 6538.46:  60%|█████▉    | 1199/2000 [3:01:30<2:27:40, 11.06s/it]Best trial: 691. Best value: 6538.46:  60%|█████▉    | 1199/2000 [3:01:30<2:27:40, 11.06s/it]Best trial: 691. Best value: 6538.46:  60%|██████    | 1200/2000 [3:01:30<2:24:47, 10.86s/it]                                                                                             
[I 2026-04-01 00:37:52,639] Trial 1186 finished with value: 6766.195927127817 and parameters: {'alpha_0': 0.0006258723210293589, 'alpha_1': 5.678272884609669e-05, 'alpha_2': 4.264729709808579e-05, 'beta_0': 0.08471919409167926, 'beta_1': 5.743784665650667, 'beta_2': 0.21215896569933637, 'beta_3': 0.0009018207285297722, 'beta_4': 6.805567542417694, 'beta_5': 32.762086796030346, 'beta_6': 0.042276638846215936, 'beta_7': 0.01617161427397283, 'beta_8': 3.73968123490467e-05, 'beta_9': 7.356281676921462e-07}. Best is trial 691 with value: 6538.461030825155.
[I 2026-04-01 00:38:04,027] Trial 1187 finished with value: 6907.551684147329 and parameters: {'alpha_0': 0.0007645956362212227, 'alpha_1': 5.1784647874668e-05, 'alpha_2': 4.681628320615876e-05, 'beta_0': 0.09880832674144796, 'beta_1': 5.36472290906954, 'beta_2': 0.20671243274116657, 'beta_3': 0.0009284874487335449, 'beta_4': 6.64706647244197, 'beta_5': 35.66735582289779, 'beta_6': 0.043585675996051045, 'beta_7': 0.015503917711487255, 'beta_8': 3.836055205127109e-05, 'beta_9': 6.18091351505975e-07}. Best is trial 691 with value: 6538.461030825155.
[I 2026-04-01 00:38:14,443] Trial 1188 finished with value: 6668.270127516634 and parameters: {'alpha_0': 0.0005619673661488939, 'alpha_1': 5.471682452601911e-05, 'alpha_2': 4.153862635371159e-05, 'beta_0': 0.09097759215954607, 'beta_1': 6.060495225487793, 'beta_2': 0.19623542999347762, 'beta_3': 0.0008609764483437072, 'beta_4': 6.549335212278533, 'beta_5': 34.63636562038167, 'beta_6': 0.04092672570966134, 'beta_7': 0.016003991772468626, 'beta_8': 3.894635558736832e-05, 'beta_9': 6.894411688245604e-07}. Best is trial 691 with value: 6538.461030825155.
[I 2026-04-01 00:38:25,485] Trial 1189 finished with value: 6597.467150355236 and parameters: {'alpha_0': 0.0006733657349911929, 'alpha_1': 5.1858409619910776e-05, 'alpha_2': 4.428563379689615e-05, 'beta_0': 0.07059581585829516, 'beta_1': 6.883983677536077, 'beta_2': 0.20357814703089663, 'beta_3': 0.0009609767157933671, 'beta_4': 6.366651038814439, 'beta_5': 33.62089056792085, 'beta_6': 0.04203630623228023, 'beta_7': 0.01571188143793918, 'beta_8': 3.9464262534232764e-05, 'beta_9': 5.670769956201475e-07}. Best is trial 691 with value: 6538.461030825155.
[I 2026-04-01 00:38:36,011] Trial 1190 finished with value: 7174.890162443717 and parameters: {'alpha_0': 0.0006055912524206312, 'alpha_1': 6.0105433422077174e-05, 'alpha_2': 4.251822947174851e-05, 'beta_0': 0.1690652767498474, 'beta_1': 6.41756525328853, 'beta_2': 0.20998465903349892, 'beta_3': 0.001007147532054694, 'beta_4': 6.692092572420754, 'beta_5': 32.38043262418188, 'beta_6': 0.04440910675454464, 'beta_7': 0.01692793034924354, 'beta_8': 3.7792122228313625e-05, 'beta_9': 6.546554598991181e-07}. Best is trial 691 with value: 6538.461030825155.
[I 2026-04-01 00:38:47,002] Trial 1191 finished with value: 7048.352224523225 and parameters: {'alpha_0': 0.000727737192138983, 'alpha_1': 5.0059661336055305e-05, 'alpha_2': 9.24330773546531e-05, 'beta_0': 0.08211233795439976, 'beta_1': 6.588050528521164, 'beta_2': 0.24315686191500874, 'beta_3': 0.0010437427978109988, 'beta_4': 6.4563080478041535, 'beta_5': 36.284943777788484, 'beta_6': 0.04010329317973864, 'beta_7': 0.016378557717189803, 'beta_8': 3.998553167147235e-05, 'beta_9': 7.72235287464151e-07}. Best is trial 691 with value: 6538.461030825155.
[I 2026-04-01 00:38:58,628] Trial 1192 finished with value: 7167.414068564957 and parameters: {'alpha_0': 0.0006370555710480171, 'alpha_1': 0.00010852195181363985, 'alpha_2': 4.538015031117167e-05, 'beta_0': 0.08885578891120655, 'beta_1': 5.8593042546642975, 'beta_2': 0.20113841347918576, 'beta_3': 0.0009937567864265597, 'beta_4': 6.101509966194227, 'beta_5': 33.15232218861953, 'beta_6': 0.04299663742399942, 'beta_7': 0.01534807673692348, 'beta_8': 3.905369930911877e-05, 'beta_9': 5.341851642261309e-07}. Best is trial 691 with value: 6538.461030825155.
[I 2026-04-01 00:39:09,253] Trial 1193 finished with value: 6746.129206294242 and parameters: {'alpha_0': 0.000564174589060495, 'alpha_1': 5.353550937526825e-05, 'alpha_2': 4.140162560725701e-05, 'beta_0': 0.09467736092137213, 'beta_1': 6.125829352766784, 'beta_2': 0.207636202064854, 'beta_3': 0.0009444835173708969, 'beta_4': 6.8108406356600835, 'beta_5': 35.013885226542094, 'beta_6': 0.04000927957724523, 'beta_7': 0.016005748339160145, 'beta_8': 3.838608302595992e-05, 'beta_9': 7.160534618404704e-07}. Best is trial 691 with value: 6538.461030825155.
[I 2026-04-01 00:39:20,833] Trial 1194 finished with value: 7472.709157458585 and parameters: {'alpha_0': 0.0005383484124140748, 'alpha_1': 0.00011759136668771546, 'alpha_2': 4.73951484639216e-05, 'beta_0': 0.07811337817448497, 'beta_1': 5.586301093695138, 'beta_2': 0.2052070133552242, 'beta_3': 0.0012019979187712104, 'beta_4': 6.284460530052985, 'beta_5': 34.261775549878244, 'beta_6': 0.08297925615841235, 'beta_7': 0.015003470827955882, 'beta_8': 3.944781542988888e-05, 'beta_9': 6.03801217837394e-07}. Best is trial 691 with value: 6538.461030825155.
[I 2026-04-01 00:39:31,745] Trial 1195 finished with value: 6679.977045219365 and parameters: {'alpha_0': 0.0005880555646016873, 'alpha_1': 5.616370983814123e-05, 'alpha_2': 4.366497844751412e-05, 'beta_0': 0.1001137174716393, 'beta_1': 6.372661836294651, 'beta_2': 0.2142674456163315, 'beta_3': 0.0009118518497085798, 'beta_4': 6.577382084487455, 'beta_5': 37.009009950032436, 'beta_6': 0.04170878346511125, 'beta_7': 0.015672621071258604, 'beta_8': 3.999945120421347e-05, 'beta_9': 6.844227786375163e-07}. Best is trial 691 with value: 6538.461030825155.
[I 2026-04-01 00:39:42,298] Trial 1196 finished with value: 6874.843489153136 and parameters: {'alpha_0': 0.0016697454416098843, 'alpha_1': 5.3271697888995554e-05, 'alpha_2': 4.1475599403191346e-05, 'beta_0': 0.08649830060693797, 'beta_1': 5.979542438406851, 'beta_2': 0.21097957979400714, 'beta_3': 0.0009750540714058613, 'beta_4': 6.714447710879505, 'beta_5': 31.605146047194665, 'beta_6': 0.07329921651741263, 'beta_7': 0.016209407971968518, 'beta_8': 3.870484711849635e-05, 'beta_9': 8.009813792695276e-07}. Best is trial 691 with value: 6538.461030825155.
[I 2026-04-01 00:39:53,439] Trial 1197 finished with value: 7090.43211106862 and parameters: {'alpha_0': 0.0006853973989218573, 'alpha_1': 5.799461722712825e-05, 'alpha_2': 4.5561288232781216e-05, 'beta_0': 0.09417149923798253, 'beta_1': 6.762729102906003, 'beta_2': 0.20286718929756323, 'beta_3': 0.0008258126957085743, 'beta_4': 6.447306408393493, 'beta_5': 35.44301082721169, 'beta_6': 0.04543740986295485, 'beta_7': 0.01550712265975672, 'beta_8': 3.77201421752293e-05, 'beta_9': 7.421138464475901e-07}. Best is trial 691 with value: 6538.461030825155.
[I 2026-04-01 00:40:04,694] Trial 1198 finished with value: 6620.258787707221 and parameters: {'alpha_0': 0.0006259378089756617, 'alpha_1': 5.546367057775946e-05, 'alpha_2': 4.948194904047199e-05, 'beta_0': 0.07458568395440739, 'beta_1': 6.1914964843784235, 'beta_2': 0.19780367803154458, 'beta_3': 0.0008849320272459997, 'beta_4': 6.55660896696026, 'beta_5': 24.690136484797534, 'beta_6': 0.04692894057328096, 'beta_7': 0.01583580525991055, 'beta_8': 3.907070514524728e-05, 'beta_9': 6.135461548820883e-07}. Best is trial 691 with value: 6538.461030825155.
[I 2026-04-01 00:40:15,083] Trial 1199 finished with value: 7307.896883901937 and parameters: {'alpha_0': 0.0005031546945700677, 'alpha_1': 5.165767148169633e-05, 'alpha_2': 0.00011615915804765134, 'beta_0': 0.08172409606285413, 'beta_1': 5.881435322833953, 'beta_2': 0.20929330962615547, 'beta_3': 0.0010901838750820248, 'beta_4': 6.932631766100497, 'beta_5': 33.43167815000498, 'beta_6': 0.043526650781360934, 'beta_7': 0.016677651171770135, 'beta_8': 3.662466772054782e-05, 'beta_9': 6.40703108512491e-07}. Best is trial 691 with value: 6538.461030825155.
[I 2026-04-01 00:40:26,583] Trial 1200 finished with value: 7274.604069032758 and parameters: {'alpha_0': 0.0006749023421379832, 'alpha_1': 5.0008246875054755e-05, 'alpha_2': 4.357738854079528e-05, 'beta_0': 0.17858663522792953, 'beta_1': 6.568893277962662, 'beta_2': 0.20608080861176692, 'beta_3': 0.0009283786274452397, 'beta_4': 6.1642975397377535, 'beta_5': 34.09586706809467, 'beta_6': 0.04196562155595137, 'beta_7': 0.015355507285614764, 'beta_8': 3.8237020929118376e-05, 'beta_9': 5.534863856376329e-07}. Best is trial 691 with value: 6538.461030825155.Best trial: 691. Best value: 6538.46:  60%|██████    | 1200/2000 [3:01:42<2:24:47, 10.86s/it]Best trial: 691. Best value: 6538.46:  60%|██████    | 1200/2000 [3:01:42<2:24:47, 10.86s/it]Best trial: 691. Best value: 6538.46:  60%|██████    | 1201/2000 [3:01:42<2:27:10, 11.05s/it]                                                                                             Best trial: 691. Best value: 6538.46:  60%|██████    | 1201/2000 [3:01:52<2:27:10, 11.05s/it]Best trial: 691. Best value: 6538.46:  60%|██████    | 1201/2000 [3:01:52<2:27:10, 11.05s/it]Best trial: 691. Best value: 6538.46:  60%|██████    | 1202/2000 [3:01:52<2:25:47, 10.96s/it]                                                                                             Best trial: 691. Best value: 6538.46:  60%|██████    | 1202/2000 [3:02:03<2:25:47, 10.96s/it]Best trial: 691. Best value: 6538.46:  60%|██████    | 1202/2000 [3:02:03<2:25:47, 10.96s/it]Best trial: 691. Best value: 6538.46:  60%|██████    | 1203/2000 [3:02:03<2:24:23, 10.87s/it]                                                                                             Best trial: 691. Best value: 6538.46:  60%|██████    | 1203/2000 [3:02:13<2:24:23, 10.87s/it]Best trial: 691. Best value: 6538.46:  60%|██████    | 1203/2000 [3:02:13<2:24:23, 10.87s/it]Best trial: 691. Best value: 6538.46:  60%|██████    | 1204/2000 [3:02:13<2:22:49, 10.77s/it]                                                                                             Best trial: 691. Best value: 6538.46:  60%|██████    | 1204/2000 [3:02:26<2:22:49, 10.77s/it]Best trial: 691. Best value: 6538.46:  60%|██████    | 1204/2000 [3:02:26<2:22:49, 10.77s/it]Best trial: 691. Best value: 6538.46:  60%|██████    | 1205/2000 [3:02:26<2:27:57, 11.17s/it]                                                                                             Best trial: 691. Best value: 6538.46:  60%|██████    | 1205/2000 [3:02:36<2:27:57, 11.17s/it]Best trial: 691. Best value: 6538.46:  60%|██████    | 1205/2000 [3:02:36<2:27:57, 11.17s/it]Best trial: 691. Best value: 6538.46:  60%|██████    | 1206/2000 [3:02:36<2:26:46, 11.09s/it]                                                                                             Best trial: 691. Best value: 6538.46:  60%|██████    | 1206/2000 [3:02:47<2:26:46, 11.09s/it]Best trial: 691. Best value: 6538.46:  60%|██████    | 1206/2000 [3:02:47<2:26:46, 11.09s/it]Best trial: 691. Best value: 6538.46:  60%|██████    | 1207/2000 [3:02:47<2:24:30, 10.93s/it]                                                                                             Best trial: 691. Best value: 6538.46:  60%|██████    | 1207/2000 [3:02:58<2:24:30, 10.93s/it]Best trial: 691. Best value: 6538.46:  60%|██████    | 1207/2000 [3:02:58<2:24:30, 10.93s/it]Best trial: 691. Best value: 6538.46:  60%|██████    | 1208/2000 [3:02:58<2:23:16, 10.85s/it]                                                                                             Best trial: 691. Best value: 6538.46:  60%|██████    | 1208/2000 [3:03:09<2:23:16, 10.85s/it]Best trial: 691. Best value: 6538.46:  60%|██████    | 1208/2000 [3:03:09<2:23:16, 10.85s/it]Best trial: 691. Best value: 6538.46:  60%|██████    | 1209/2000 [3:03:09<2:24:53, 10.99s/it]                                                                                             Best trial: 691. Best value: 6538.46:  60%|██████    | 1209/2000 [3:03:20<2:24:53, 10.99s/it]Best trial: 691. Best value: 6538.46:  60%|██████    | 1209/2000 [3:03:20<2:24:53, 10.99s/it]Best trial: 691. Best value: 6538.46:  60%|██████    | 1210/2000 [3:03:20<2:23:47, 10.92s/it]                                                                                             Best trial: 691. Best value: 6538.46:  60%|██████    | 1210/2000 [3:03:30<2:23:47, 10.92s/it]Best trial: 691. Best value: 6538.46:  60%|██████    | 1210/2000 [3:03:30<2:23:47, 10.92s/it]Best trial: 691. Best value: 6538.46:  61%|██████    | 1211/2000 [3:03:30<2:22:17, 10.82s/it]                                                                                             Best trial: 691. Best value: 6538.46:  61%|██████    | 1211/2000 [3:03:42<2:22:17, 10.82s/it]Best trial: 691. Best value: 6538.46:  61%|██████    | 1211/2000 [3:03:42<2:22:17, 10.82s/it]Best trial: 691. Best value: 6538.46:  61%|██████    | 1212/2000 [3:03:42<2:25:56, 11.11s/it]                                                                                             Best trial: 691. Best value: 6538.46:  61%|██████    | 1212/2000 [3:03:53<2:25:56, 11.11s/it]Best trial: 691. Best value: 6538.46:  61%|██████    | 1212/2000 [3:03:53<2:25:56, 11.11s/it]Best trial: 691. Best value: 6538.46:  61%|██████    | 1213/2000 [3:03:53<2:23:45, 10.96s/it]                                                                                             Best trial: 691. Best value: 6538.46:  61%|██████    | 1213/2000 [3:04:04<2:23:45, 10.96s/it]Best trial: 691. Best value: 6538.46:  61%|██████    | 1213/2000 [3:04:04<2:23:45, 10.96s/it]Best trial: 691. Best value: 6538.46:  61%|██████    | 1214/2000 [3:04:04<2:22:45, 10.90s/it]                                                                                             Best trial: 691. Best value: 6538.46:  61%|██████    | 1214/2000 [3:04:14<2:22:45, 10.90s/it]Best trial: 691. Best value: 6538.46:  61%|██████    | 1214/2000 [3:04:14<2:22:45, 10.90s/it]Best trial: 691. Best value: 6538.46:  61%|██████    | 1215/2000 [3:04:14<2:22:41, 10.91s/it]                                                                                             
[I 2026-04-01 00:40:37,334] Trial 1201 finished with value: 6837.941794656177 and parameters: {'alpha_0': 0.0017759715691669825, 'alpha_1': 9.484079791295823e-05, 'alpha_2': 6.302611067221474e-05, 'beta_0': 0.09020667446349107, 'beta_1': 5.6576793542161425, 'beta_2': 0.20750869983902623, 'beta_3': 0.0009579450018218972, 'beta_4': 6.3718099890654045, 'beta_5': 32.28246885254067, 'beta_6': 0.04287743889975806, 'beta_7': 0.01597830623759075, 'beta_8': 2.084324254396904e-05, 'beta_9': 7.061421635764333e-07}. Best is trial 691 with value: 6538.461030825155.
[I 2026-04-01 00:40:47,992] Trial 1202 finished with value: 6912.024488272073 and parameters: {'alpha_0': 0.0005004691920546733, 'alpha_1': 5.4040167586887636e-05, 'alpha_2': 4.1442623760021134e-05, 'beta_0': 0.08603076720476975, 'beta_1': 5.215943572219232, 'beta_2': 0.22201943436266414, 'beta_3': 0.00099254003497296, 'beta_4': 6.781000943957385, 'beta_5': 35.988452508705215, 'beta_6': 0.04123039696218145, 'beta_7': 0.016355620516448753, 'beta_8': 3.946232280609867e-05, 'beta_9': 6.702875058765107e-07}. Best is trial 691 with value: 6538.461030825155.
[I 2026-04-01 00:40:58,515] Trial 1203 finished with value: 6593.322965521349 and parameters: {'alpha_0': 0.0005993515983074712, 'alpha_1': 5.6764197846386356e-05, 'alpha_2': 4.665881236117796e-05, 'beta_0': 0.06978446368992952, 'beta_1': 6.351728721085211, 'beta_2': 0.21181044911688782, 'beta_3': 0.0010175328574206076, 'beta_4': 6.6106969745548785, 'beta_5': 32.895932883502304, 'beta_6': 0.040046897295900295, 'beta_7': 0.015663479286009814, 'beta_8': 3.999815509281529e-05, 'beta_9': 7.458292518723889e-07}. Best is trial 691 with value: 6538.461030825155.
