[I 2026-04-01 09:17:36,701] Trial 1248 finished with value: 6831.414493843848 and parameters: {'alpha_0': 0.000671457873593881, 'alpha_1': 5.158482447066344e-05, 'alpha_2': 4.274290900486546e-05, 'beta_0': 0.07376269837413696, 'beta_1': 6.059271439522038, 'beta_2': 0.1976842698697114, 'beta_3': 0.0008841644754986414, 'beta_4': 6.269135528836692, 'beta_5': 48.68929366591916, 'beta_6': 0.04108487837005024, 'beta_7': 0.01643579634185, 'beta_8': 3.771216169543425e-05, 'beta_9': 1.0979720734507271e-06}. Best is trial 691 with value: 6538.461030825155.
[I 2026-04-01 09:17:45,971] Trial 1249 finished with value: 7164.734109206738 and parameters: {'alpha_0': 0.0005668175977348448, 'alpha_1': 5.525288942499407e-05, 'alpha_2': 4.6406561353744266e-05, 'beta_0': 0.08060479582594032, 'beta_1': 6.372818200821559, 'beta_2': 0.2044351978923406, 'beta_3': 0.0009320287147407286, 'beta_4': 6.508413172234012, 'beta_5': 36.04449034386776, 'beta_6': 0.04460660275772266, 'beta_7': 0.01672487386624344, 'beta_8': 1.2189831393836567e-05, 'beta_9': 6.658848533662301e-07}. Best is trial 691 with value: 6538.461030825155.
[I 2026-04-01 09:17:55,209] Trial 1250 finished with value: 7193.812949497531 and parameters: {'alpha_0': 0.0006284162371693451, 'alpha_1': 5.1719080397736554e-05, 'alpha_2': 4.1357763820404025e-05, 'beta_0': 0.09713155294899832, 'beta_1': 5.831914258474639, 'beta_2': 0.21080771030088327, 'beta_3': 0.0009813925683738894, 'beta_4': 6.400977170474268, 'beta_5': 34.14337602373341, 'beta_6': 0.04293491975927177, 'beta_7': 0.015270084172527256, 'beta_8': 3.849193380496739e-05, 'beta_9': 5.272822959385287e-07}. Best is trial 691 with value: 6538.461030825155.
[I 2026-04-01 09:18:04,448] Trial 1251 finished with value: 6774.661363210569 and parameters: {'alpha_0': 0.000732915237913336, 'alpha_1': 5.91339320919318e-05, 'alpha_2': 4.4125656332684905e-05, 'beta_0': 0.08824187274682012, 'beta_1': 7.115465141831069, 'beta_2': 0.2082660714330336, 'beta_3': 0.0009575702438667968, 'beta_4': 6.906820965246101, 'beta_5': 23.226511126174287, 'beta_6': 0.04101945360303423, 'beta_7': 0.016096049628848832, 'beta_8': 3.9449242187668786e-05, 'beta_9': 6.327908078026084e-07}. Best is trial 691 with value: 6538.461030825155.
[I 2026-04-01 09:18:13,677] Trial 1252 finished with value: 6592.217376378604 and parameters: {'alpha_0': 0.0005439415454923738, 'alpha_1': 5.003388612160406e-05, 'alpha_2': 4.1419387594309524e-05, 'beta_0': 0.08536273678814826, 'beta_1': 6.180739794911872, 'beta_2': 0.20243035921343772, 'beta_3': 0.0008981201916395907, 'beta_4': 6.594814854538784, 'beta_5': 33.20088533258776, 'beta_6': 0.04404417465386339, 'beta_7': 0.015759799581281615, 'beta_8': 3.938849265756416e-05, 'beta_9': 7.069031919182486e-07}. Best is trial 691 with value: 6538.461030825155.
[I 2026-04-01 09:18:23,128] Trial 1253 finished with value: 6854.467791837098 and parameters: {'alpha_0': 0.000500157475523767, 'alpha_1': 5.336251926888657e-05, 'alpha_2': 9.397480731201073e-05, 'beta_0': 0.10436798246560335, 'beta_1': 6.611576743541436, 'beta_2': 0.20539315275019585, 'beta_3': 0.0010136191297271636, 'beta_4': 6.750820074608253, 'beta_5': 35.453072181774495, 'beta_6': 0.04102545279325225, 'beta_7': 0.015444876257017333, 'beta_8': 3.721164835472593e-05, 'beta_9': 7.516037661751717e-07}. Best is trial 691 with value: 6538.461030825155.
[I 2026-04-01 09:18:32,400] Trial 1254 finished with value: 6870.304308173202 and parameters: {'alpha_0': 0.0005942284226238083, 'alpha_1': 5.684927179443779e-05, 'alpha_2': 4.3462852573364336e-05, 'beta_0': 0.1300189863328669, 'beta_1': 5.7339475404002656, 'beta_2': 0.20906906650371468, 'beta_3': 0.0009271751468792066, 'beta_4': 6.182163301394842, 'beta_5': 34.720330407834254, 'beta_6': 0.07692430743992595, 'beta_7': 0.016036194756797864, 'beta_8': 3.859771107830385e-05, 'beta_9': 5.792437413210671e-07}. Best is trial 691 with value: 6538.461030825155.
[I 2026-04-01 09:18:41,806] Trial 1255 finished with value: 6878.905030710511 and parameters: {'alpha_0': 0.0006610454538948675, 'alpha_1': 5.3260177814650226e-05, 'alpha_2': 0.00010885722533023095, 'beta_0': 0.07702990929546229, 'beta_1': 5.963433214444371, 'beta_2': 0.212318785096957, 'beta_3': 0.000994005750123842, 'beta_4': 6.060863867471692, 'beta_5': 36.759720793321804, 'beta_6': 0.040012547920517304, 'beta_7': 0.016371368343860816, 'beta_8': 2.8473088740995997e-05, 'beta_9': 6.665736239330671e-07}. Best is trial 691 with value: 6538.461030825155.
[I 2026-04-01 09:18:51,193] Trial 1256 finished with value: 6634.7595803638615 and parameters: {'alpha_0': 0.0007039246932882353, 'alpha_1': 5.5515369492185925e-05, 'alpha_2': 4.5618412619380045e-05, 'beta_0': 0.09310431582227274, 'beta_1': 6.43012610923354, 'beta_2': 0.21781452734230397, 'beta_3': 0.0009581874368151097, 'beta_4': 6.351994188178367, 'beta_5': 32.77923855962583, 'beta_6': 0.04265550890786064, 'beta_7': 0.015687425409531486, 'beta_8': 3.8055300232395844e-05, 'beta_9': 7.323109156478728e-07}. Best is trial 691 with value: 6538.461030825155.
[I 2026-04-01 09:19:00,539] Trial 1257 finished with value: 6958.786278911857 and parameters: {'alpha_0': 0.0006260241544952549, 'alpha_1': 5.180832339619863e-05, 'alpha_2': 4.251873397233667e-05, 'beta_0': 0.06850726805109816, 'beta_1': 6.228429534602608, 'beta_2': 0.20731582127930626, 'beta_3': 0.0010334530151193677, 'beta_4': 6.828649889884554, 'beta_5': 33.64749392435591, 'beta_6': 0.0420412409950302, 'beta_7': 0.015377068092080075, 'beta_8': 3.9431874285882774e-05, 'beta_9': 6.972198227665939e-07}. Best is trial 691 with value: 6538.461030825155.
[I 2026-04-01 09:19:09,876] Trial 1258 finished with value: 6640.497442057715 and parameters: {'alpha_0': 0.0005540589531802727, 'alpha_1': 5.464787988587014e-05, 'alpha_2': 4.78908372642934e-05, 'beta_0': 0.09949232243351572, 'beta_1': 5.618611128111119, 'beta_2': 0.20332732159285788, 'beta_3': 0.0009377060307968385, 'beta_4': 6.5098608230216835, 'beta_5': 31.940053019197045, 'beta_6': 0.04000816749505884, 'beta_7': 0.01592429939975674, 'beta_8': 3.891481173370707e-05, 'beta_9': 1.8615202151921097e-06}. Best is trial 691 with value: 6538.461030825155.
[I 2026-04-01 09:19:19,370] Trial 1259 finished with value: 6747.1964313977805 and parameters: {'alpha_0': 0.0005949818539271655, 'alpha_1': 5.782580456931432e-05, 'alpha_2': 4.448334505263429e-05, 'beta_0': 0.08350895025754315, 'beta_1': 5.340207922512127, 'beta_2': 0.2056368627835357, 'beta_3': 0.0008587534832733122, 'beta_4': 6.670783594154699, 'beta_5': 35.837781333109476, 'beta_6': 0.043481599680738635, 'beta_7': 0.016164431372048586, 'beta_8': 3.9425349857994906e-05, 'beta_9': 6.149967807962881e-07}. Best is trial 691 with value: 6538.461030825155.
[I 2026-04-01 09:19:28,668] Trial 1260 finished with value: 6717.227167305096 and parameters: {'alpha_0': 0.0006760675475625792, 'alpha_1': 5.1730538930037744e-05, 'alpha_2': 0.00011292378594621793, 'beta_0': 0.15934833108922963, 'beta_1': 6.730838892433756, 'beta_2': 0.19950566806740355, 'beta_3': 0.0009083670235436408, 'beta_4': 7.097072482951332, 'beta_5': 34.49442191899952, 'beta_6': 0.04605933881083198, 'beta_7': 0.01564655153766179, 'beta_8': 3.7650332945799064e-05, 'beta_9': 8.059721966422957e-07}. Best is trial 691 with value: 6538.461030825155.Best trial: 691. Best value: 6538.46:  63%|██████▎   | 1260/2000 [11:40:44<1:56:08,  9.42s/it]Best trial: 691. Best value: 6538.46:  63%|██████▎   | 1260/2000 [11:40:44<1:56:08,  9.42s/it]Best trial: 691. Best value: 6538.46:  63%|██████▎   | 1261/2000 [11:40:44<1:55:32,  9.38s/it]                                                                                              Best trial: 691. Best value: 6538.46:  63%|██████▎   | 1261/2000 [11:40:53<1:55:32,  9.38s/it]Best trial: 691. Best value: 6538.46:  63%|██████▎   | 1261/2000 [11:40:53<1:55:32,  9.38s/it]Best trial: 691. Best value: 6538.46:  63%|██████▎   | 1262/2000 [11:40:53<1:55:04,  9.36s/it]                                                                                              Best trial: 691. Best value: 6538.46:  63%|██████▎   | 1262/2000 [11:41:02<1:55:04,  9.36s/it]Best trial: 691. Best value: 6538.46:  63%|██████▎   | 1262/2000 [11:41:02<1:55:04,  9.36s/it]Best trial: 691. Best value: 6538.46:  63%|██████▎   | 1263/2000 [11:41:02<1:54:44,  9.34s/it]                                                                                              Best trial: 691. Best value: 6538.46:  63%|██████▎   | 1263/2000 [11:41:12<1:54:44,  9.34s/it]Best trial: 691. Best value: 6538.46:  63%|██████▎   | 1263/2000 [11:41:12<1:54:44,  9.34s/it]Best trial: 691. Best value: 6538.46:  63%|██████▎   | 1264/2000 [11:41:12<1:54:40,  9.35s/it]                                                                                              Best trial: 691. Best value: 6538.46:  63%|██████▎   | 1264/2000 [11:41:21<1:54:40,  9.35s/it]Best trial: 691. Best value: 6538.46:  63%|██████▎   | 1264/2000 [11:41:21<1:54:40,  9.35s/it]Best trial: 691. Best value: 6538.46:  63%|██████▎   | 1265/2000 [11:41:21<1:54:31,  9.35s/it]                                                                                              Best trial: 691. Best value: 6538.46:  63%|██████▎   | 1265/2000 [11:41:30<1:54:31,  9.35s/it]Best trial: 691. Best value: 6538.46:  63%|██████▎   | 1265/2000 [11:41:30<1:54:31,  9.35s/it]Best trial: 691. Best value: 6538.46:  63%|██████▎   | 1266/2000 [11:41:30<1:54:00,  9.32s/it]                                                                                              Best trial: 691. Best value: 6538.46:  63%|██████▎   | 1266/2000 [11:41:39<1:54:00,  9.32s/it]Best trial: 691. Best value: 6538.46:  63%|██████▎   | 1266/2000 [11:41:39<1:54:00,  9.32s/it]Best trial: 691. Best value: 6538.46:  63%|██████▎   | 1267/2000 [11:41:39<1:53:51,  9.32s/it]                                                                                              Best trial: 691. Best value: 6538.46:  63%|██████▎   | 1267/2000 [11:41:49<1:53:51,  9.32s/it]Best trial: 691. Best value: 6538.46:  63%|██████▎   | 1267/2000 [11:41:49<1:53:51,  9.32s/it]Best trial: 691. Best value: 6538.46:  63%|██████▎   | 1268/2000 [11:41:49<1:53:54,  9.34s/it]                                                                                              Best trial: 691. Best value: 6538.46:  63%|██████▎   | 1268/2000 [11:41:58<1:53:54,  9.34s/it]Best trial: 691. Best value: 6538.46:  63%|██████▎   | 1268/2000 [11:41:58<1:53:54,  9.34s/it]Best trial: 691. Best value: 6538.46:  63%|██████▎   | 1269/2000 [11:41:58<1:53:24,  9.31s/it]                                                                                              Best trial: 691. Best value: 6538.46:  63%|██████▎   | 1269/2000 [11:42:07<1:53:24,  9.31s/it]Best trial: 691. Best value: 6538.46:  63%|██████▎   | 1269/2000 [11:42:07<1:53:24,  9.31s/it]Best trial: 691. Best value: 6538.46:  64%|██████▎   | 1270/2000 [11:42:07<1:53:01,  9.29s/it]                                                                                              Best trial: 691. Best value: 6538.46:  64%|██████▎   | 1270/2000 [11:42:17<1:53:01,  9.29s/it]Best trial: 691. Best value: 6538.46:  64%|██████▎   | 1270/2000 [11:42:17<1:53:01,  9.29s/it]Best trial: 691. Best value: 6538.46:  64%|██████▎   | 1271/2000 [11:42:17<1:52:32,  9.26s/it]                                                                                              Best trial: 691. Best value: 6538.46:  64%|██████▎   | 1271/2000 [11:42:26<1:52:32,  9.26s/it]Best trial: 691. Best value: 6538.46:  64%|██████▎   | 1271/2000 [11:42:26<1:52:32,  9.26s/it]Best trial: 691. Best value: 6538.46:  64%|██████▎   | 1272/2000 [11:42:26<1:52:19,  9.26s/it]                                                                                              Best trial: 691. Best value: 6538.46:  64%|██████▎   | 1272/2000 [11:42:35<1:52:19,  9.26s/it]Best trial: 691. Best value: 6538.46:  64%|██████▎   | 1272/2000 [11:42:35<1:52:19,  9.26s/it]Best trial: 691. Best value: 6538.46:  64%|██████▎   | 1273/2000 [11:42:35<1:52:02,  9.25s/it]                                                                                              Best trial: 691. Best value: 6538.46:  64%|██████▎   | 1273/2000 [11:42:44<1:52:02,  9.25s/it]Best trial: 691. Best value: 6538.46:  64%|██████▎   | 1273/2000 [11:42:44<1:52:02,  9.25s/it]Best trial: 691. Best value: 6538.46:  64%|██████▎   | 1274/2000 [11:42:44<1:51:37,  9.22s/it]                                                                                              Best trial: 691. Best value: 6538.46:  64%|██████▎   | 1274/2000 [11:42:53<1:51:37,  9.22s/it]Best trial: 691. Best value: 6538.46:  64%|██████▎   | 1274/2000 [11:42:53<1:51:37,  9.22s/it]Best trial: 691. Best value: 6538.46:  64%|██████▍   | 1275/2000 [11:42:53<1:51:43,  9.25s/it]                                                                                              
[I 2026-04-01 09:19:37,965] Trial 1261 finished with value: 7284.410362267388 and parameters: {'alpha_0': 0.0006417066242360184, 'alpha_1': 5.3353251077116335e-05, 'alpha_2': 4.000512063135054e-05, 'beta_0': 0.0727252637049053, 'beta_1': 6.085040826388458, 'beta_2': 0.2145649614083513, 'beta_3': 0.0009771066455011729, 'beta_4': 6.588403320390659, 'beta_5': 31.189810524626992, 'beta_6': 0.04204420148890436, 'beta_7': 0.015212979225846177, 'beta_8': 3.8380161813729965e-05, 'beta_9': 6.436721522120366e-07}. Best is trial 691 with value: 6538.461030825155.
[I 2026-04-01 09:19:47,273] Trial 1262 finished with value: 6590.823641420885 and parameters: {'alpha_0': 0.0005344666402937592, 'alpha_1': 5.6279047560349825e-05, 'alpha_2': 4.148853365562204e-05, 'beta_0': 0.08050202114124982, 'beta_1': 6.525040910888745, 'beta_2': 0.21069281026414166, 'beta_3': 0.0008874035703806129, 'beta_4': 6.994725174976345, 'beta_5': 33.37132382901554, 'beta_6': 0.04487258908375952, 'beta_7': 0.0158997488884682, 'beta_8': 3.998520954841306e-05, 'beta_9': 7.656060297381209e-07}. Best is trial 691 with value: 6538.461030825155.
[I 2026-04-01 09:19:56,637] Trial 1263 finished with value: 7026.289898866813 and parameters: {'alpha_0': 0.0007588603075425922, 'alpha_1': 6.108001766222447e-05, 'alpha_2': 9.853873203615513e-05, 'beta_0': 0.1732439566436554, 'beta_1': 5.903493116625626, 'beta_2': 0.20672921257299084, 'beta_3': 0.0009505469870157357, 'beta_4': 6.447711857541423, 'beta_5': 30.513881666799556, 'beta_6': 0.04112342060275272, 'beta_7': 0.016416878437558232, 'beta_8': 3.882041502650152e-05, 'beta_9': 5.550022707777006e-07}. Best is trial 691 with value: 6538.461030825155.
[I 2026-04-01 09:20:05,989] Trial 1264 finished with value: 6728.006221324198 and parameters: {'alpha_0': 0.0005777833337613638, 'alpha_1': 8.65250516025529e-05, 'alpha_2': 4.002024636437449e-05, 'beta_0': 0.08881269093022147, 'beta_1': 6.332714766149868, 'beta_2': 0.20926946763478066, 'beta_3': 0.001006275978995836, 'beta_4': 6.737390116826459, 'beta_5': 32.61360698461458, 'beta_6': 0.04363297287948711, 'beta_7': 0.015502181634509893, 'beta_8': 3.9306818721310277e-05, 'beta_9': 6.851538571966164e-07}. Best is trial 691 with value: 6538.461030825155.
[I 2026-04-01 09:20:15,240] Trial 1265 finished with value: inf and parameters: {'alpha_0': 0.0006282817059268482, 'alpha_1': 5.4280059990800585e-05, 'alpha_2': 4.5883846937342586e-05, 'beta_0': 0.09498368470431967, 'beta_1': 10.065681582773308, 'beta_2': 0.20353316290307524, 'beta_3': 0.0009207316579209402, 'beta_4': 6.304717585697595, 'beta_5': 35.0573230715886, 'beta_6': 0.04217674131729511, 'beta_7': 0.019460676334461108, 'beta_8': 3.707891869009974e-05, 'beta_9': 5.843040867992935e-07}. Best is trial 691 with value: 6538.461030825155.
[I 2026-04-01 09:20:24,560] Trial 1266 finished with value: 7252.021823414866 and parameters: {'alpha_0': 0.00068345667173455, 'alpha_1': 5.156883678400017e-05, 'alpha_2': 4.281993196019849e-05, 'beta_0': 0.20823821000300274, 'beta_1': 6.2012274904347615, 'beta_2': 0.17071007778683872, 'beta_3': 0.0009749336065289065, 'beta_4': 7.758238519859774, 'beta_5': 37.48522855815333, 'beta_6': 0.040018044002201075, 'beta_7': 0.01672274153383542, 'beta_8': 3.829430365431975e-05, 'beta_9': 5.225760853260493e-07}. Best is trial 691 with value: 6538.461030825155.
[I 2026-04-01 09:20:33,938] Trial 1267 finished with value: 7410.203976306901 and parameters: {'alpha_0': 0.0005650636937772654, 'alpha_1': 5.0058641566122095e-05, 'alpha_2': 4.394777463566961e-05, 'beta_0': 0.09134515045490231, 'beta_1': 6.933179368872463, 'beta_2': 0.20087957352511998, 'beta_3': 0.00104911000472118, 'beta_4': 6.868248403775283, 'beta_5': 34.10415362314461, 'beta_6': 0.042825425105545885, 'beta_7': 0.015004816634190088, 'beta_8': 3.895364724825247e-05, 'beta_9': 6.583594288008052e-07}. Best is trial 691 with value: 6538.461030825155.
[I 2026-04-01 09:20:43,181] Trial 1268 finished with value: 6739.1231707119005 and parameters: {'alpha_0': 0.0008004385399646666, 'alpha_1': 5.856736193838946e-05, 'alpha_2': 4.160481143493911e-05, 'beta_0': 0.08708799189394649, 'beta_1': 5.733458397755941, 'beta_2': 0.2120214656238214, 'beta_3': 0.0008265959796321866, 'beta_4': 6.612303329254195, 'beta_5': 36.16994456179489, 'beta_6': 0.044703729604130625, 'beta_7': 0.016129257846914893, 'beta_8': 3.944935169726522e-05, 'beta_9': 1.6081947856389599e-06}. Best is trial 691 with value: 6538.461030825155.
[I 2026-04-01 09:20:52,424] Trial 1269 finished with value: 6595.134925267474 and parameters: {'alpha_0': 0.0006055769531259351, 'alpha_1': 5.527653653380629e-05, 'alpha_2': 6.483455357078796e-05, 'beta_0': 0.19929660693545861, 'beta_1': 5.9771268694371456, 'beta_2': 0.2062677790942283, 'beta_3': 0.001074118527077162, 'beta_4': 5.972596036968637, 'beta_5': 33.60630169166642, 'beta_6': 0.041145301455999254, 'beta_7': 0.01564984643648514, 'beta_8': 3.791133657746081e-05, 'beta_9': 7.189002251792333e-07}. Best is trial 691 with value: 6538.461030825155.
[I 2026-04-01 09:21:01,625] Trial 1270 finished with value: inf and parameters: {'alpha_0': 0.0005009778281426025, 'alpha_1': 5.271515716917613e-05, 'alpha_2': 4.746009201647335e-05, 'beta_0': 0.0972572293102439, 'beta_1': 5.190082113561253, 'beta_2': 0.20842290836955454, 'beta_3': 0.0009412406456821318, 'beta_4': 6.198893831487004, 'beta_5': 32.185396495743014, 'beta_6': 0.042284163304464085, 'beta_7': 0.017157365066881616, 'beta_8': 3.066650005638766e-05, 'beta_9': 1.2461383713330307e-06}. Best is trial 691 with value: 6538.461030825155.
[I 2026-04-01 09:21:10,871] Trial 1271 finished with value: 6664.722942679208 and parameters: {'alpha_0': 0.0007117603398126221, 'alpha_1': 5.3200524185495986e-05, 'alpha_2': 4.515688847189538e-05, 'beta_0': 0.07822513173183575, 'beta_1': 6.428967876079128, 'beta_2': 0.195928419623554, 'beta_3': 0.000988188174775685, 'beta_4': 6.494443006482289, 'beta_5': 35.33738536681159, 'beta_6': 0.043970732779397684, 'beta_7': 0.01586580247917541, 'beta_8': 3.8955726428995084e-05, 'beta_9': 1.3032278499903e-06}. Best is trial 691 with value: 6538.461030825155.
[I 2026-04-01 09:21:20,090] Trial 1272 finished with value: 7033.992527584208 and parameters: {'alpha_0': 0.0016065036478074282, 'alpha_1': 8.366920288532619e-05, 'alpha_2': 4.302556936194026e-05, 'beta_0': 0.1868091057176067, 'beta_1': 6.767943603031489, 'beta_2': 0.20457744881933948, 'beta_3': 0.0009016430682290412, 'beta_4': 6.367395901191966, 'beta_5': 32.76389987277205, 'beta_6': 0.04103619579714791, 'beta_7': 0.015525130897096437, 'beta_8': 3.848018964997456e-05, 'beta_9': 6.063486950828752e-07}. Best is trial 691 with value: 6538.461030825155.
[I 2026-04-01 09:21:29,264] Trial 1273 finished with value: inf and parameters: {'alpha_0': 0.0006553617397124098, 'alpha_1': 5.014977783800319e-05, 'alpha_2': 4.9233651029082126e-05, 'beta_0': 0.07221853863415151, 'beta_1': 9.158997522583153, 'beta_2': 0.20978766354190856, 'beta_3': 0.0009600593287075016, 'beta_4': 6.670847381852075, 'beta_5': 36.60399947800018, 'beta_6': 0.045441641513853756, 'beta_7': 0.020836095963905055, 'beta_8': 3.955830848309025e-05, 'beta_9': 7.435093043321562e-07}. Best is trial 691 with value: 6538.461030825155.
[I 2026-04-01 09:21:38,561] Trial 1274 finished with value: 6794.174594891163 and parameters: {'alpha_0': 0.0005535527295235147, 'alpha_1': 5.700296288838013e-05, 'alpha_2': 0.00010517025625355829, 'beta_0': 0.08251069961859166, 'beta_1': 5.499894102843864, 'beta_2': 0.2302925763295958, 'beta_3': 0.000874185234439286, 'beta_4': 6.7702239172233805, 'beta_5': 34.1210848224559, 'beta_6': 0.04301179771469675, 'beta_7': 0.016384610354294154, 'beta_8': 3.789337176554666e-05, 'beta_9': 6.815309851541081e-07}. Best is trial 691 with value: 6538.461030825155.
