[I 2026-03-31 23:18:40,674] Trial 664 finished with value: 6800.635674417199 and parameters: {'alpha_0': 0.0005061382795269028, 'alpha_1': 5.3608005831497786e-05, 'alpha_2': 4.0130596026810227e-05, 'beta_0': 0.08478586187159523, 'beta_1': 6.129525957247073, 'beta_2': 0.20851074026531646, 'beta_3': 0.000990464822287394, 'beta_4': 7.979494648756632, 'beta_5': 33.48662809049898, 'beta_6': 0.041791880753217124, 'beta_7': 0.01613821378558045, 'beta_8': 3.783269568785567e-05, 'beta_9': 6.422123142341995e-07}. Best is trial 628 with value: 6559.85146146746.
[I 2026-03-31 23:18:50,092] Trial 665 finished with value: 6576.31639229505 and parameters: {'alpha_0': 0.0006788820977387149, 'alpha_1': 5.1662364585416396e-05, 'alpha_2': 4.1831983358267746e-05, 'beta_0': 0.10583322269254766, 'beta_1': 5.759323297585266, 'beta_2': 0.21220719623215004, 'beta_3': 0.001016700176341454, 'beta_4': 6.673005279903162, 'beta_5': 32.986840007546505, 'beta_6': 0.041374659922225325, 'beta_7': 0.015643030099542304, 'beta_8': 3.8594383097016394e-05, 'beta_9': 7.001094241014416e-07}. Best is trial 628 with value: 6559.85146146746.
[I 2026-03-31 23:18:59,405] Trial 666 finished with value: 6859.944727452387 and parameters: {'alpha_0': 0.0006572959317316385, 'alpha_1': 5.001836630136581e-05, 'alpha_2': 4.280291432891287e-05, 'beta_0': 0.10356720359915887, 'beta_1': 6.339388315869263, 'beta_2': 0.2113601527846623, 'beta_3': 0.0010646223713753193, 'beta_4': 6.785011004673125, 'beta_5': 33.06858510531246, 'beta_6': 0.09865731915685302, 'beta_7': 0.01550321115499162, 'beta_8': 3.9084907526406137e-05, 'beta_9': 6.853369362310806e-07}. Best is trial 628 with value: 6559.85146146746.
[I 2026-03-31 23:19:01,194] Trial 667 finished with value: inf and parameters: {'alpha_0': 0.0005621669257990052, 'alpha_1': 5.156939671596279e-05, 'alpha_2': 4.016654245601346e-05, 'beta_0': 0.09315469103486804, 'beta_1': 6.019473441168752, 'beta_2': 0.21308494030875516, 'beta_3': 0.0010325543225945361, 'beta_4': 6.698941172124129, 'beta_5': 33.7199570745789, 'beta_6': 0.04103998978908084, 'beta_7': 0.024998117974034402, 'beta_8': 3.8553317125976875e-05, 'beta_9': 6.636104732558479e-07}. Best is trial 628 with value: 6559.85146146746.
[I 2026-03-31 23:19:10,445] Trial 668 finished with value: 6585.177669781237 and parameters: {'alpha_0': 0.0006850814359966964, 'alpha_1': 5.2548385703465625e-05, 'alpha_2': 4.284637116146875e-05, 'beta_0': 0.09739738848598428, 'beta_1': 5.694601381749427, 'beta_2': 0.21035515347648615, 'beta_3': 0.0010113631529393144, 'beta_4': 6.351953494420552, 'beta_5': 32.814669703857426, 'beta_6': 0.04006429644309918, 'beta_7': 0.01565295942042394, 'beta_8': 3.9538479611533065e-05, 'beta_9': 6.262893998435835e-07}. Best is trial 628 with value: 6559.85146146746.
[I 2026-03-31 23:19:19,808] Trial 669 finished with value: 6695.196612348856 and parameters: {'alpha_0': 0.0006346294891820989, 'alpha_1': 5.204725185251278e-05, 'alpha_2': 4.158102175179499e-05, 'beta_0': 0.0953371303761084, 'beta_1': 5.554482448521279, 'beta_2': 0.2098377763107399, 'beta_3': 0.0010124536842937837, 'beta_4': 6.3406564981897775, 'beta_5': 32.58861645363255, 'beta_6': 0.040006087704498754, 'beta_7': 0.015540084814135734, 'beta_8': 3.9395039021356125e-05, 'beta_9': 6.5054963286732e-07}. Best is trial 628 with value: 6559.85146146746.
[I 2026-03-31 23:19:29,164] Trial 670 finished with value: 6624.058524109449 and parameters: {'alpha_0': 0.0006813570627431711, 'alpha_1': 5.025583759646253e-05, 'alpha_2': 4.307958864794511e-05, 'beta_0': 0.09817860916535948, 'beta_1': 5.279520250081613, 'beta_2': 0.21479180019215388, 'beta_3': 0.0010408513392327263, 'beta_4': 6.377185501024024, 'beta_5': 32.924090698943715, 'beta_6': 0.04099171478058538, 'beta_7': 0.015601478906418498, 'beta_8': 3.951085730844356e-05, 'beta_9': 6.228815421290725e-07}. Best is trial 628 with value: 6559.85146146746.
[I 2026-03-31 23:19:38,521] Trial 671 finished with value: 7137.106133747739 and parameters: {'alpha_0': 0.0005944560647254011, 'alpha_1': 5.277483031706824e-05, 'alpha_2': 4.1993859951956876e-05, 'beta_0': 0.10597771211618438, 'beta_1': 6.21155817864825, 'beta_2': 0.21270274305849468, 'beta_3': 0.0010068362809860477, 'beta_4': 6.656436542338336, 'beta_5': 31.756658854286883, 'beta_6': 0.04002467602542365, 'beta_7': 0.015283475684479584, 'beta_8': 3.8779491503472405e-05, 'beta_9': 6.0043329028526e-07}. Best is trial 628 with value: 6559.85146146746.
[I 2026-03-31 23:19:47,743] Trial 672 finished with value: 6754.148518342582 and parameters: {'alpha_0': 0.0006787333608900738, 'alpha_1': 5.3763749794819176e-05, 'alpha_2': 4.139520726179585e-05, 'beta_0': 0.10183971301867797, 'beta_1': 5.978017445489191, 'beta_2': 0.21065372674720959, 'beta_3': 0.001003217902886228, 'beta_4': 6.35368394120397, 'beta_5': 31.201813776295644, 'beta_6': 0.041018936426233686, 'beta_7': 0.016074064194376493, 'beta_8': 3.9941662372760023e-05, 'beta_9': 6.978240665164662e-07}. Best is trial 628 with value: 6559.85146146746.
[I 2026-03-31 23:19:56,921] Trial 673 finished with value: 6585.17775150723 and parameters: {'alpha_0': 0.0006112534805859812, 'alpha_1': 5.013677583025119e-05, 'alpha_2': 4.312364717042681e-05, 'beta_0': 0.09692037673809938, 'beta_1': 5.740589650220434, 'beta_2': 0.20854719744282119, 'beta_3': 0.0010267571257307636, 'beta_4': 6.4652119081247745, 'beta_5': 32.12142648291298, 'beta_6': 0.041311805695491824, 'beta_7': 0.01572356427377232, 'beta_8': 3.849882079399471e-05, 'beta_9': 7.25276267253087e-07}. Best is trial 628 with value: 6559.85146146746.
[I 2026-03-31 23:20:06,307] Trial 674 finished with value: 6693.228232191104 and parameters: {'alpha_0': 0.0005704888843555608, 'alpha_1': 5.020182703785118e-05, 'alpha_2': 4.308546586014729e-05, 'beta_0': 0.09774706192651539, 'beta_1': 5.6521985988897985, 'beta_2': 0.2086062697581566, 'beta_3': 0.0010583280131368038, 'beta_4': 6.454665072935223, 'beta_5': 32.12372307611871, 'beta_6': 0.04005147834214903, 'beta_7': 0.015478802810590948, 'beta_8': 3.928851955116999e-05, 'beta_9': 7.246683533330171e-07}. Best is trial 628 with value: 6559.85146146746.
[I 2026-03-31 23:20:15,568] Trial 675 finished with value: 6693.006518927291 and parameters: {'alpha_0': 0.000618560953318706, 'alpha_1': 5.009272860072375e-05, 'alpha_2': 4.330654931839965e-05, 'beta_0': 0.10747185100543849, 'beta_1': 5.511339321076838, 'beta_2': 0.21144160313051444, 'beta_3': 0.0010146969279046856, 'beta_4': 6.500431144147422, 'beta_5': 31.270068927804207, 'beta_6': 0.04107431465700389, 'beta_7': 0.015558991347316631, 'beta_8': 3.85649076733683e-05, 'beta_9': 6.862483357906725e-07}. Best is trial 628 with value: 6559.85146146746.Best trial: 628. Best value: 6559.85:  34%|███▍      | 675/2000 [1:41:31<3:21:14,  9.11s/it]Best trial: 628. Best value: 6559.85:  34%|███▍      | 675/2000 [1:41:31<3:21:14,  9.11s/it]Best trial: 628. Best value: 6559.85:  34%|███▍      | 676/2000 [1:41:31<3:22:04,  9.16s/it]                                                                                            Best trial: 628. Best value: 6559.85:  34%|███▍      | 676/2000 [1:41:40<3:22:04,  9.16s/it]Best trial: 628. Best value: 6559.85:  34%|███▍      | 676/2000 [1:41:40<3:22:04,  9.16s/it]Best trial: 628. Best value: 6559.85:  34%|███▍      | 677/2000 [1:41:40<3:22:29,  9.18s/it]                                                                                            Best trial: 628. Best value: 6559.85:  34%|███▍      | 677/2000 [1:41:49<3:22:29,  9.18s/it]Best trial: 628. Best value: 6559.85:  34%|███▍      | 677/2000 [1:41:49<3:22:29,  9.18s/it]Best trial: 628. Best value: 6559.85:  34%|███▍      | 678/2000 [1:41:49<3:22:48,  9.20s/it]                                                                                            Best trial: 628. Best value: 6559.85:  34%|███▍      | 678/2000 [1:41:58<3:22:48,  9.20s/it]Best trial: 628. Best value: 6559.85:  34%|███▍      | 678/2000 [1:41:58<3:22:48,  9.20s/it]Best trial: 628. Best value: 6559.85:  34%|███▍      | 679/2000 [1:41:58<3:23:41,  9.25s/it]                                                                                            Best trial: 628. Best value: 6559.85:  34%|███▍      | 679/2000 [1:42:08<3:23:41,  9.25s/it]Best trial: 628. Best value: 6559.85:  34%|███▍      | 679/2000 [1:42:08<3:23:41,  9.25s/it]Best trial: 628. Best value: 6559.85:  34%|███▍      | 680/2000 [1:42:08<3:23:38,  9.26s/it]                                                                                            Best trial: 628. Best value: 6559.85:  34%|███▍      | 680/2000 [1:42:17<3:23:38,  9.26s/it]Best trial: 628. Best value: 6559.85:  34%|███▍      | 680/2000 [1:42:17<3:23:38,  9.26s/it]Best trial: 628. Best value: 6559.85:  34%|███▍      | 681/2000 [1:42:17<3:23:46,  9.27s/it]                                                                                            Best trial: 628. Best value: 6559.85:  34%|███▍      | 681/2000 [1:42:26<3:23:46,  9.27s/it]Best trial: 628. Best value: 6559.85:  34%|███▍      | 681/2000 [1:42:26<3:23:46,  9.27s/it]Best trial: 628. Best value: 6559.85:  34%|███▍      | 682/2000 [1:42:26<3:23:50,  9.28s/it]                                                                                            Best trial: 628. Best value: 6559.85:  34%|███▍      | 682/2000 [1:42:36<3:23:50,  9.28s/it]Best trial: 628. Best value: 6559.85:  34%|███▍      | 682/2000 [1:42:36<3:23:50,  9.28s/it]Best trial: 628. Best value: 6559.85:  34%|███▍      | 683/2000 [1:42:36<3:23:41,  9.28s/it]                                                                                            Best trial: 628. Best value: 6559.85:  34%|███▍      | 683/2000 [1:42:45<3:23:41,  9.28s/it]Best trial: 628. Best value: 6559.85:  34%|███▍      | 683/2000 [1:42:45<3:23:41,  9.28s/it]Best trial: 628. Best value: 6559.85:  34%|███▍      | 684/2000 [1:42:45<3:22:48,  9.25s/it]                                                                                            Best trial: 628. Best value: 6559.85:  34%|███▍      | 684/2000 [1:42:54<3:22:48,  9.25s/it]Best trial: 628. Best value: 6559.85:  34%|███▍      | 684/2000 [1:42:54<3:22:48,  9.25s/it]Best trial: 628. Best value: 6559.85:  34%|███▍      | 685/2000 [1:42:54<3:22:09,  9.22s/it]                                                                                            Best trial: 628. Best value: 6559.85:  34%|███▍      | 685/2000 [1:43:03<3:22:09,  9.22s/it]Best trial: 628. Best value: 6559.85:  34%|███▍      | 685/2000 [1:43:03<3:22:09,  9.22s/it]Best trial: 628. Best value: 6559.85:  34%|███▍      | 686/2000 [1:43:03<3:21:53,  9.22s/it]                                                                                            Best trial: 628. Best value: 6559.85:  34%|███▍      | 686/2000 [1:43:12<3:21:53,  9.22s/it]Best trial: 628. Best value: 6559.85:  34%|███▍      | 686/2000 [1:43:12<3:21:53,  9.22s/it]Best trial: 628. Best value: 6559.85:  34%|███▍      | 687/2000 [1:43:12<3:22:04,  9.23s/it]                                                                                            Best trial: 628. Best value: 6559.85:  34%|███▍      | 687/2000 [1:43:22<3:22:04,  9.23s/it]Best trial: 628. Best value: 6559.85:  34%|███▍      | 687/2000 [1:43:22<3:22:04,  9.23s/it]Best trial: 628. Best value: 6559.85:  34%|███▍      | 688/2000 [1:43:22<3:21:43,  9.23s/it]                                                                                            Best trial: 628. Best value: 6559.85:  34%|███▍      | 688/2000 [1:43:31<3:21:43,  9.23s/it]Best trial: 628. Best value: 6559.85:  34%|███▍      | 688/2000 [1:43:31<3:21:43,  9.23s/it]Best trial: 628. Best value: 6559.85:  34%|███▍      | 689/2000 [1:43:31<3:22:16,  9.26s/it]                                                                                            Best trial: 628. Best value: 6559.85:  34%|███▍      | 689/2000 [1:43:40<3:22:16,  9.26s/it]Best trial: 628. Best value: 6559.85:  34%|███▍      | 689/2000 [1:43:40<3:22:16,  9.26s/it]Best trial: 628. Best value: 6559.85:  34%|███▍      | 690/2000 [1:43:40<3:21:50,  9.24s/it]                                                                                            
[I 2026-03-31 23:20:24,812] Trial 676 finished with value: 7016.099218728788 and parameters: {'alpha_0': 0.000610842166880021, 'alpha_1': 5.147740564286394e-05, 'alpha_2': 4.2812565678395404e-05, 'beta_0': 0.09233230341516409, 'beta_1': 5.818646267745742, 'beta_2': 0.20772775415215283, 'beta_3': 0.0010309693951262454, 'beta_4': 6.644879262384643, 'beta_5': 32.31781068533443, 'beta_6': 0.04001472827247263, 'beta_7': 0.016371608436553324, 'beta_8': 3.913287721372761e-05, 'beta_9': 6.215978718517999e-07}. Best is trial 628 with value: 6559.85146146746.
[I 2026-03-31 23:20:34,066] Trial 677 finished with value: 7229.256383451944 and parameters: {'alpha_0': 0.0006465304564585171, 'alpha_1': 5.255040525256601e-05, 'alpha_2': 4.003286614716135e-05, 'beta_0': 0.09637045397939711, 'beta_1': 5.4134997001183, 'beta_2': 0.21578597260579, 'beta_3': 0.0009815025982634804, 'beta_4': 7.005740673224566, 'beta_5': 31.964065739687612, 'beta_6': 0.04179269335467126, 'beta_7': 0.015224696862867816, 'beta_8': 3.8488149050626105e-05, 'beta_9': 7.391466577495641e-07}. Best is trial 628 with value: 6559.85146146746.
[I 2026-03-31 23:20:43,428] Trial 678 finished with value: inf and parameters: {'alpha_0': 0.0005693484856634946, 'alpha_1': 5.350912346873007e-05, 'alpha_2': 4.00458917163946e-05, 'beta_0': 0.10135768591920621, 'beta_1': 6.101886863472626, 'beta_2': 0.20919838322332687, 'beta_3': 0.001027270153628438, 'beta_4': 6.403245984920023, 'beta_5': 32.67332308742845, 'beta_6': 0.04206619297746607, 'beta_7': 0.017806415990472307, 'beta_8': 3.947937592569681e-05, 'beta_9': 7.00209945096147e-07}. Best is trial 628 with value: 6559.85146146746.
[I 2026-03-31 23:20:52,695] Trial 679 finished with value: 6659.26007705968 and parameters: {'alpha_0': 0.0006846776338417964, 'alpha_1': 5.177573835740122e-05, 'alpha_2': 4.25585627809871e-05, 'beta_0': 0.09027946499693919, 'beta_1': 5.723299476943623, 'beta_2': 0.2050920662739954, 'beta_3': 0.0009701164175859708, 'beta_4': 6.5170424740621105, 'beta_5': 31.4804818704104, 'beta_6': 0.040993498544066025, 'beta_7': 0.015875176285380765, 'beta_8': 3.997584804723077e-05, 'beta_9': 6.557580393986893e-07}. Best is trial 628 with value: 6559.85146146746.
[I 2026-03-31 23:21:01,995] Trial 680 finished with value: 6772.11679768031 and parameters: {'alpha_0': 0.00052314069865813, 'alpha_1': 5.3843857944661725e-05, 'alpha_2': 4.168058612721985e-05, 'beta_0': 0.09256462061831787, 'beta_1': 5.9437388014694825, 'beta_2': 0.21134180690405094, 'beta_3': 0.000997724987505533, 'beta_4': 6.792097830463543, 'beta_5': 32.959607460666774, 'beta_6': 0.0400928318639178, 'beta_7': 0.016058057150302476, 'beta_8': 3.891277258248109e-05, 'beta_9': 7.195202283802815e-07}. Best is trial 628 with value: 6559.85146146746.
[I 2026-03-31 23:21:11,299] Trial 681 finished with value: 6575.428303758906 and parameters: {'alpha_0': 0.0006396807829053725, 'alpha_1': 5.1938774660311805e-05, 'alpha_2': 4.323976153424717e-05, 'beta_0': 0.08757766504077909, 'beta_1': 5.270601273245506, 'beta_2': 0.2076327790889503, 'beta_3': 0.0010453968464093186, 'beta_4': 6.345531899602266, 'beta_5': 32.17910632061049, 'beta_6': 0.0422295683285966, 'beta_7': 0.015691874105795773, 'beta_8': 3.8287920770399794e-05, 'beta_9': 6.757978697817664e-07}. Best is trial 628 with value: 6559.85146146746.
[I 2026-03-31 23:21:20,578] Trial 682 finished with value: 7122.05327441346 and parameters: {'alpha_0': 0.000608020593536739, 'alpha_1': 5.00558205174129e-05, 'alpha_2': 4.372036428678535e-05, 'beta_0': 0.08854839180238695, 'beta_1': 5.158295860258532, 'beta_2': 0.20919541051291832, 'beta_3': 0.0010706743267954765, 'beta_4': 6.326953703892645, 'beta_5': 32.6143541047438, 'beta_6': 0.04220990843626434, 'beta_7': 0.015237248961535005, 'beta_8': 3.746555347116521e-05, 'beta_9': 7.508989863484726e-07}. Best is trial 628 with value: 6559.85146146746.
[I 2026-03-31 23:21:29,747] Trial 683 finished with value: 6688.709373729181 and parameters: {'alpha_0': 0.0006993769719461228, 'alpha_1': 5.3425721056949444e-05, 'alpha_2': 4.331939507931636e-05, 'beta_0': 0.09805280313917386, 'beta_1': 5.054930656457723, 'beta_2': 0.2136959239309105, 'beta_3': 0.001047752939653217, 'beta_4': 6.303799491611329, 'beta_5': 32.969792407201346, 'beta_6': 0.04219387776089855, 'beta_7': 0.015535613482169867, 'beta_8': 3.814577370068274e-05, 'beta_9': 7.01037122685976e-07}. Best is trial 628 with value: 6559.85146146746.
[I 2026-03-31 23:21:38,919] Trial 684 finished with value: 6997.640203277815 and parameters: {'alpha_0': 0.0006417382512348614, 'alpha_1': 5.166375327632857e-05, 'alpha_2': 4.328021263097617e-05, 'beta_0': 0.08828413553250992, 'beta_1': 5.236767321118701, 'beta_2': 0.20784433622986048, 'beta_3': 0.0010544728458999199, 'beta_4': 7.78269509059786, 'beta_5': 32.255533928161526, 'beta_6': 0.04210564542460289, 'beta_7': 0.01629873541179753, 'beta_8': 3.8412459059139786e-05, 'beta_9': 7.36176154276194e-07}. Best is trial 628 with value: 6559.85146146746.
[I 2026-03-31 23:21:48,125] Trial 685 finished with value: 7239.420758779112 and parameters: {'alpha_0': 0.000553046282099747, 'alpha_1': 5.409200957995831e-05, 'alpha_2': 4.1798715036541094e-05, 'beta_0': 0.09399365677064844, 'beta_1': 5.39279601556115, 'beta_2': 0.2105664054340744, 'beta_3': 0.00101681445937618, 'beta_4': 6.353550657186863, 'beta_5': 33.84929963085617, 'beta_6': 0.04106505275468706, 'beta_7': 0.016698853373904463, 'beta_8': 3.938745239162014e-05, 'beta_9': 6.057104365938254e-07}. Best is trial 628 with value: 6559.85146146746.
[I 2026-03-31 23:21:57,395] Trial 686 finished with value: 6720.008118000009 and parameters: {'alpha_0': 0.0005868178972728002, 'alpha_1': 5.014941913104439e-05, 'alpha_2': 4.325677350344607e-05, 'beta_0': 0.10101693542661429, 'beta_1': 6.082239841018104, 'beta_2': 0.20407194821969354, 'beta_3': 0.0009894896065052482, 'beta_4': 6.45233574382791, 'beta_5': 31.149243441345533, 'beta_6': 0.04234033521274933, 'beta_7': 0.015998478507675027, 'beta_8': 3.741895928664556e-05, 'beta_9': 6.448156242208066e-07}. Best is trial 628 with value: 6559.85146146746.
[I 2026-03-31 23:22:06,601] Trial 687 finished with value: 6584.213023400072 and parameters: {'alpha_0': 0.0006714654873258959, 'alpha_1': 5.395831395495263e-05, 'alpha_2': 4.168570000858749e-05, 'beta_0': 0.08924205337921767, 'beta_1': 6.223135466758101, 'beta_2': 0.20709242430678076, 'beta_3': 0.0010173462063557642, 'beta_4': 6.551429395804818, 'beta_5': 33.24142183137125, 'beta_6': 0.041224446069279275, 'beta_7': 0.015686509724809772, 'beta_8': 3.80973116020994e-05, 'beta_9': 6.834799139244675e-07}. Best is trial 628 with value: 6559.85146146746.
[I 2026-03-31 23:22:15,934] Trial 688 finished with value: 7381.999945297545 and parameters: {'alpha_0': 0.0006571899531349662, 'alpha_1': 5.183666422938377e-05, 'alpha_2': 4.0062263327985004e-05, 'beta_0': 0.08662686965293058, 'beta_1': 6.401526226925985, 'beta_2': 0.21217857973255239, 'beta_3': 0.001097353991492891, 'beta_4': 6.401353819505815, 'beta_5': 33.1331217345396, 'beta_6': 0.041285230609561366, 'beta_7': 0.01500571289088535, 'beta_8': 3.998953025977386e-05, 'beta_9': 6.779042236187581e-07}. Best is trial 628 with value: 6559.85146146746.
[I 2026-03-31 23:22:25,148] Trial 689 finished with value: 6670.340573388927 and parameters: {'alpha_0': 0.0006020735682401056, 'alpha_1': 5.364901061819549e-05, 'alpha_2': 4.166592193059713e-05, 'beta_0': 0.09141138498008573, 'beta_1': 6.220509315780793, 'beta_2': 0.20811510439023306, 'beta_3': 0.0010793112010035345, 'beta_4': 6.613787040686927, 'beta_5': 33.756548163909535, 'beta_6': 0.04113592212076405, 'beta_7': 0.015441892946757556, 'beta_8': 3.7941849841661997e-05, 'beta_9': 6.286976040798024e-07}. Best is trial 628 with value: 6559.85146146746.
