[I 2026-03-31 23:59:32,831] Trial 934 finished with value: 6772.822521744451 and parameters: {'alpha_0': 0.0005612720692827302, 'alpha_1': 5.18247310690322e-05, 'alpha_2': 4.130079089523961e-05, 'beta_0': 0.09286574310659515, 'beta_1': 5.984813597771761, 'beta_2': 0.20217724120832145, 'beta_3': 0.0009700623581420381, 'beta_4': 6.562517186457307, 'beta_5': 33.665236784431684, 'beta_6': 0.04003383460170118, 'beta_7': 0.016239369238961965, 'beta_8': 3.940944738857947e-05, 'beta_9': 7.776972408962562e-07}. Best is trial 691 with value: 6538.461030825155.
[I 2026-03-31 23:59:34,717] Trial 935 finished with value: inf and parameters: {'alpha_0': 0.0005889885676051798, 'alpha_1': 5.0016796089078566e-05, 'alpha_2': 4.276375064934909e-05, 'beta_0': 0.08231035817762938, 'beta_1': 6.594721040321101, 'beta_2': 0.20396015542925547, 'beta_3': 0.0010257839017021515, 'beta_4': 7.51810716458282, 'beta_5': 34.079046674701395, 'beta_6': 0.0416825913845036, 'beta_7': 0.024801616240112342, 'beta_8': 3.898133283501535e-05, 'beta_9': 7.278585704380634e-07}. Best is trial 691 with value: 6538.461030825155.
[I 2026-03-31 23:59:44,056] Trial 936 finished with value: 7124.204286019914 and parameters: {'alpha_0': 0.0005338792439581461, 'alpha_1': 5.3652243399343683e-05, 'alpha_2': 4.1288551155859215e-05, 'beta_0': 0.086734953337152, 'beta_1': 6.242664109004235, 'beta_2': 0.2063923555866826, 'beta_3': 0.001007208844705351, 'beta_4': 7.02620114528615, 'beta_5': 33.370495855353575, 'beta_6': 0.04206705189126642, 'beta_7': 0.015269377144746353, 'beta_8': 3.995587712205084e-05, 'beta_9': 7.915880016514036e-07}. Best is trial 691 with value: 6538.461030825155.
[I 2026-03-31 23:59:53,346] Trial 937 finished with value: 6596.9218187493425 and parameters: {'alpha_0': 0.0006039105207289813, 'alpha_1': 5.1865915528690605e-05, 'alpha_2': 4.355102439173897e-05, 'beta_0': 0.089822265014569, 'beta_1': 6.4316296168881655, 'beta_2': 0.19982719520500977, 'beta_3': 0.000981420608418379, 'beta_4': 7.420921165345397, 'beta_5': 35.02228741209285, 'beta_6': 0.04107170362957562, 'beta_7': 0.015693549668829285, 'beta_8': 3.8744682906222714e-05, 'beta_9': 7.402633186645064e-07}. Best is trial 691 with value: 6538.461030825155.
[I 2026-04-01 00:00:02,643] Trial 938 finished with value: 6755.404341867672 and parameters: {'alpha_0': 0.000500311019527884, 'alpha_1': 5.3626656344281596e-05, 'alpha_2': 4.2507050635469746e-05, 'beta_0': 0.09593104639446555, 'beta_1': 6.116225651177628, 'beta_2': 0.20366345386241794, 'beta_3': 0.00103505591360334, 'beta_4': 6.531053291286909, 'beta_5': 34.359923696576345, 'beta_6': 0.04102900195649098, 'beta_7': 0.01591009038710041, 'beta_8': 3.957071177888182e-05, 'beta_9': 1.2212024227115813e-06}. Best is trial 691 with value: 6538.461030825155.
[I 2026-04-01 00:00:11,851] Trial 939 finished with value: inf and parameters: {'alpha_0': 0.0005451573662323161, 'alpha_1': 5.1860639629097024e-05, 'alpha_2': 4.008905441286166e-05, 'beta_0': 0.08372958886752248, 'beta_1': 6.2695013912803725, 'beta_2': 0.20589535107898005, 'beta_3': 0.0009911562766046196, 'beta_4': 7.70777740143457, 'beta_5': 33.41617403814392, 'beta_6': 0.04003740102042254, 'beta_7': 0.020037911047014224, 'beta_8': 3.899061144111533e-05, 'beta_9': 6.997508419739861e-07}. Best is trial 691 with value: 6538.461030825155.
[I 2026-04-01 00:00:21,151] Trial 940 finished with value: 6857.454761799661 and parameters: {'alpha_0': 0.0005851940049109214, 'alpha_1': 5.001543145214173e-05, 'alpha_2': 4.134533575276762e-05, 'beta_0': 0.07746732431069923, 'beta_1': 5.936531912466006, 'beta_2': 0.2020303028600694, 'beta_3': 0.0009675270883539631, 'beta_4': 7.763081051599754, 'beta_5': 32.75692637959394, 'beta_6': 0.042367531819547256, 'beta_7': 0.015466410218228198, 'beta_8': 3.9388123270465866e-05, 'beta_9': 7.126237065741457e-07}. Best is trial 691 with value: 6538.461030825155.
[I 2026-04-01 00:00:30,459] Trial 941 finished with value: 7112.427755648179 and parameters: {'alpha_0': 0.0005591131872576043, 'alpha_1': 5.428425994734822e-05, 'alpha_2': 4.005624000840782e-05, 'beta_0': 0.08898397591041965, 'beta_1': 6.648624647363746, 'beta_2': 0.206609925202974, 'beta_3': 0.001002475161458217, 'beta_4': 7.646735733400166, 'beta_5': 35.97291864108053, 'beta_6': 0.04222921565731761, 'beta_7': 0.016456939220409805, 'beta_8': 3.864908576733459e-05, 'beta_9': 7.552130173804897e-07}. Best is trial 691 with value: 6538.461030825155.
[I 2026-04-01 00:00:39,733] Trial 942 finished with value: 6814.956470415766 and parameters: {'alpha_0': 0.0005001626747654149, 'alpha_1': 9.03731345090534e-05, 'alpha_2': 4.2614077470340726e-05, 'beta_0': 0.08307510610073729, 'beta_1': 6.115691426616493, 'beta_2': 0.20455571066556225, 'beta_3': 0.0009677966373802367, 'beta_4': 7.680675035135043, 'beta_5': 32.93856643246925, 'beta_6': 0.04114001292627985, 'beta_7': 0.016079612962476786, 'beta_8': 3.934191996358838e-05, 'beta_9': 6.672268252520732e-07}. Best is trial 691 with value: 6538.461030825155.
[I 2026-04-01 00:00:49,085] Trial 943 finished with value: 7363.019953540512 and parameters: {'alpha_0': 0.0005970291364185531, 'alpha_1': 5.210219278572694e-05, 'alpha_2': 4.399408783317149e-05, 'beta_0': 0.09335363146768685, 'beta_1': 6.399800418626164, 'beta_2': 0.20580490604515964, 'beta_3': 0.0010409577518811154, 'beta_4': 7.811387258192882, 'beta_5': 34.30316640366625, 'beta_6': 0.042558087893732416, 'beta_7': 0.015010673898424448, 'beta_8': 3.9965991044376495e-05, 'beta_9': 7.203755740421667e-07}. Best is trial 691 with value: 6538.461030825155.
[I 2026-04-01 00:00:58,345] Trial 944 finished with value: 6590.992575994385 and parameters: {'alpha_0': 0.0005541675373025802, 'alpha_1': 5.3978813881270454e-05, 'alpha_2': 4.002590322539297e-05, 'beta_0': 0.07590871931931065, 'beta_1': 6.189585503719121, 'beta_2': 0.207318796035661, 'beta_3': 0.000988598405074744, 'beta_4': 7.572443191842197, 'beta_5': 33.59670096114532, 'beta_6': 0.04111143619035925, 'beta_7': 0.01573351898659307, 'beta_8': 3.9995891637734064e-05, 'beta_9': 6.778249901242861e-07}. Best is trial 691 with value: 6538.461030825155.
[I 2026-04-01 00:01:07,583] Trial 945 finished with value: 7000.534517204663 and parameters: {'alpha_0': 0.0006206992006957345, 'alpha_1': 5.187187268218191e-05, 'alpha_2': 4.393366027378191e-05, 'beta_0': 0.08640784973400381, 'beta_1': 5.950150094627931, 'beta_2': 0.2005046895470278, 'beta_3': 0.0010176582939030328, 'beta_4': 7.314472619038308, 'beta_5': 32.29574962743845, 'beta_6': 0.04004770188189968, 'beta_7': 0.015357785723517396, 'beta_8': 3.8454312082438696e-05, 'beta_9': 7.782767864413841e-07}. Best is trial 691 with value: 6538.461030825155.Best trial: 691. Best value: 6538.46:  47%|████▋     | 945/2000 [2:22:23<2:41:47,  9.20s/it]Best trial: 691. Best value: 6538.46:  47%|████▋     | 945/2000 [2:22:23<2:41:47,  9.20s/it]Best trial: 691. Best value: 6538.46:  47%|████▋     | 946/2000 [2:22:23<2:41:49,  9.21s/it]                                                                                            Best trial: 691. Best value: 6538.46:  47%|████▋     | 946/2000 [2:22:32<2:41:49,  9.21s/it]Best trial: 691. Best value: 6538.46:  47%|████▋     | 946/2000 [2:22:32<2:41:49,  9.21s/it]Best trial: 691. Best value: 6538.46:  47%|████▋     | 947/2000 [2:22:32<2:42:13,  9.24s/it]                                                                                            Best trial: 691. Best value: 6538.46:  47%|████▋     | 947/2000 [2:22:41<2:42:13,  9.24s/it]Best trial: 691. Best value: 6538.46:  47%|████▋     | 947/2000 [2:22:41<2:42:13,  9.24s/it]Best trial: 691. Best value: 6538.46:  47%|████▋     | 948/2000 [2:22:41<2:42:21,  9.26s/it]                                                                                            Best trial: 691. Best value: 6538.46:  47%|████▋     | 948/2000 [2:22:50<2:42:21,  9.26s/it]Best trial: 691. Best value: 6538.46:  47%|████▋     | 948/2000 [2:22:50<2:42:21,  9.26s/it]Best trial: 691. Best value: 6538.46:  47%|████▋     | 949/2000 [2:22:50<2:42:43,  9.29s/it]                                                                                            Best trial: 691. Best value: 6538.46:  47%|████▋     | 949/2000 [2:23:00<2:42:43,  9.29s/it]Best trial: 691. Best value: 6538.46:  47%|████▋     | 949/2000 [2:23:00<2:42:43,  9.29s/it]Best trial: 691. Best value: 6538.46:  48%|████▊     | 950/2000 [2:23:00<2:42:32,  9.29s/it]                                                                                            Best trial: 691. Best value: 6538.46:  48%|████▊     | 950/2000 [2:23:09<2:42:32,  9.29s/it]Best trial: 691. Best value: 6538.46:  48%|████▊     | 950/2000 [2:23:09<2:42:32,  9.29s/it]Best trial: 691. Best value: 6538.46:  48%|████▊     | 951/2000 [2:23:09<2:42:48,  9.31s/it]                                                                                            Best trial: 691. Best value: 6538.46:  48%|████▊     | 951/2000 [2:23:18<2:42:48,  9.31s/it]Best trial: 691. Best value: 6538.46:  48%|████▊     | 951/2000 [2:23:18<2:42:48,  9.31s/it]Best trial: 691. Best value: 6538.46:  48%|████▊     | 952/2000 [2:23:18<2:42:43,  9.32s/it]                                                                                            Best trial: 691. Best value: 6538.46:  48%|████▊     | 952/2000 [2:23:28<2:42:43,  9.32s/it]Best trial: 691. Best value: 6538.46:  48%|████▊     | 952/2000 [2:23:28<2:42:43,  9.32s/it]Best trial: 691. Best value: 6538.46:  48%|████▊     | 953/2000 [2:23:28<2:42:21,  9.30s/it]                                                                                            Best trial: 691. Best value: 6538.46:  48%|████▊     | 953/2000 [2:23:37<2:42:21,  9.30s/it]Best trial: 691. Best value: 6538.46:  48%|████▊     | 953/2000 [2:23:37<2:42:21,  9.30s/it]Best trial: 691. Best value: 6538.46:  48%|████▊     | 954/2000 [2:23:37<2:42:00,  9.29s/it]                                                                                            Best trial: 691. Best value: 6538.46:  48%|████▊     | 954/2000 [2:23:46<2:42:00,  9.29s/it]Best trial: 691. Best value: 6538.46:  48%|████▊     | 954/2000 [2:23:46<2:42:00,  9.29s/it]Best trial: 691. Best value: 6538.46:  48%|████▊     | 955/2000 [2:23:46<2:41:49,  9.29s/it]                                                                                            Best trial: 691. Best value: 6538.46:  48%|████▊     | 955/2000 [2:23:56<2:41:49,  9.29s/it]Best trial: 691. Best value: 6538.46:  48%|████▊     | 955/2000 [2:23:56<2:41:49,  9.29s/it]Best trial: 691. Best value: 6538.46:  48%|████▊     | 956/2000 [2:23:56<2:43:11,  9.38s/it]                                                                                            Best trial: 691. Best value: 6538.46:  48%|████▊     | 956/2000 [2:24:05<2:43:11,  9.38s/it]Best trial: 691. Best value: 6538.46:  48%|████▊     | 956/2000 [2:24:05<2:43:11,  9.38s/it]Best trial: 691. Best value: 6538.46:  48%|████▊     | 957/2000 [2:24:05<2:42:36,  9.35s/it]                                                                                            Best trial: 691. Best value: 6538.46:  48%|████▊     | 957/2000 [2:24:14<2:42:36,  9.35s/it]Best trial: 691. Best value: 6538.46:  48%|████▊     | 957/2000 [2:24:14<2:42:36,  9.35s/it]Best trial: 691. Best value: 6538.46:  48%|████▊     | 958/2000 [2:24:14<2:41:49,  9.32s/it]                                                                                            Best trial: 691. Best value: 6538.46:  48%|████▊     | 958/2000 [2:24:24<2:41:49,  9.32s/it]Best trial: 691. Best value: 6538.46:  48%|████▊     | 958/2000 [2:24:24<2:41:49,  9.32s/it]Best trial: 691. Best value: 6538.46:  48%|████▊     | 959/2000 [2:24:24<2:41:41,  9.32s/it]                                                                                            Best trial: 691. Best value: 6538.46:  48%|████▊     | 959/2000 [2:24:33<2:41:41,  9.32s/it]Best trial: 691. Best value: 6538.46:  48%|████▊     | 959/2000 [2:24:33<2:41:41,  9.32s/it]Best trial: 691. Best value: 6538.46:  48%|████▊     | 960/2000 [2:24:33<2:41:09,  9.30s/it]                                                                                            
[I 2026-04-01 00:01:16,899] Trial 946 finished with value: 6748.33911317683 and parameters: {'alpha_0': 0.0005411514796130345, 'alpha_1': 5.512750804858598e-05, 'alpha_2': 4.161342221120314e-05, 'beta_0': 0.08122596753224784, 'beta_1': 6.569656388515386, 'beta_2': 0.2040113201766632, 'beta_3': 0.0009694467350304434, 'beta_4': 6.562482008633812, 'beta_5': 34.85986490822631, 'beta_6': 0.04305839750617898, 'beta_7': 0.015973473979922086, 'beta_8': 3.898132049096531e-05, 'beta_9': 7.418905711073457e-07}. Best is trial 691 with value: 6538.461030825155.
[I 2026-04-01 00:01:26,197] Trial 947 finished with value: 6775.261056794604 and parameters: {'alpha_0': 0.000593103016468398, 'alpha_1': 5.1958728679578184e-05, 'alpha_2': 0.00011876098462078945, 'beta_0': 0.09016504231263842, 'beta_1': 6.340586237315768, 'beta_2': 0.20249129429091475, 'beta_3': 0.000958978654974743, 'beta_4': 6.8866680476277615, 'beta_5': 33.16866439071264, 'beta_6': 0.04000531068322202, 'beta_7': 0.016277370349249847, 'beta_8': 3.84362879171286e-05, 'beta_9': 6.948827267966671e-07}. Best is trial 691 with value: 6538.461030825155.
[I 2026-04-01 00:01:35,556] Trial 948 finished with value: 6637.912669398616 and parameters: {'alpha_0': 0.0006222159594254046, 'alpha_1': 5.0019471732204585e-05, 'alpha_2': 4.250876467990456e-05, 'beta_0': 0.08426169184713712, 'beta_1': 5.915516006137868, 'beta_2': 0.20755139529258676, 'beta_3': 0.0009904753077133, 'beta_4': 6.483443095398166, 'beta_5': 32.443163177462836, 'beta_6': 0.0420507188601766, 'beta_7': 0.015620637142698384, 'beta_8': 3.9396709520516064e-05, 'beta_9': 6.444746557190335e-07}. Best is trial 691 with value: 6538.461030825155.
[I 2026-04-01 00:01:44,842] Trial 949 finished with value: 7266.532374042859 and parameters: {'alpha_0': 0.0005360814369482625, 'alpha_1': 5.482132930686111e-05, 'alpha_2': 4.425324019203308e-05, 'beta_0': 0.09516866196209274, 'beta_1': 6.103513819440958, 'beta_2': 0.20560617701846684, 'beta_3': 0.0010567999641071428, 'beta_4': 6.63377526512773, 'beta_5': 35.56814405119527, 'beta_6': 0.04183980757253322, 'beta_7': 0.01668614401774168, 'beta_8': 3.898060785008507e-05, 'beta_9': 7.919285661118496e-07}. Best is trial 691 with value: 6538.461030825155.
[I 2026-04-01 00:01:54,209] Trial 950 finished with value: 6718.854662663343 and parameters: {'alpha_0': 0.0005756082089473084, 'alpha_1': 5.3409701831930364e-05, 'alpha_2': 4.147615643838731e-05, 'beta_0': 0.07432424244831891, 'beta_1': 6.661989676010996, 'beta_2': 0.20737489836537884, 'beta_3': 0.001012279936874469, 'beta_4': 6.438664088424678, 'beta_5': 33.77297381702079, 'beta_6': 0.04299944168322879, 'beta_7': 0.01597001876972657, 'beta_8': 3.842459034016471e-05, 'beta_9': 5.586844553233192e-07}. Best is trial 691 with value: 6538.461030825155.
[I 2026-04-01 00:02:03,536] Trial 951 finished with value: 7192.533394229609 and parameters: {'alpha_0': 0.0006282952833247759, 'alpha_1': 5.185473833439628e-05, 'alpha_2': 4.2895299893828515e-05, 'beta_0': 0.0809985237337644, 'beta_1': 6.439007902601895, 'beta_2': 0.2027437242257002, 'beta_3': 0.0009559562387312638, 'beta_4': 6.721526378741135, 'beta_5': 31.91407515752822, 'beta_6': 0.04112836812903751, 'beta_7': 0.01528866579593902, 'beta_8': 3.944596362845758e-05, 'beta_9': 7.22795349090627e-07}. Best is trial 691 with value: 6538.461030825155.
[I 2026-04-01 00:02:12,813] Trial 952 finished with value: 6631.8811337262705 and parameters: {'alpha_0': 0.0005807148815169577, 'alpha_1': 5.4569654992762304e-05, 'alpha_2': 4.4999944352317476e-05, 'beta_0': 0.08625975100663891, 'beta_1': 5.872484952382572, 'beta_2': 0.20481910058590955, 'beta_3': 0.0009777787754122252, 'beta_4': 6.409312092909245, 'beta_5': 34.35843422514452, 'beta_6': 0.042862574339854236, 'beta_7': 0.01564766661766524, 'beta_8': 3.944261659349415e-05, 'beta_9': 6.734722145326338e-07}. Best is trial 691 with value: 6538.461030825155.
[I 2026-04-01 00:02:22,080] Trial 953 finished with value: 6926.518739297971 and parameters: {'alpha_0': 0.0005404508944639198, 'alpha_1': 5.181929700537757e-05, 'alpha_2': 4.143803542130051e-05, 'beta_0': 0.0768059612060706, 'beta_1': 6.231801091903001, 'beta_2': 0.2077882265328873, 'beta_3': 0.0009996444573485122, 'beta_4': 6.811485736144518, 'beta_5': 32.91342114768811, 'beta_6': 0.08503152794109113, 'beta_7': 0.016033563375844082, 'beta_8': 3.835741670748408e-05, 'beta_9': 7.51896851595713e-07}. Best is trial 691 with value: 6538.461030825155.
[I 2026-04-01 00:02:31,367] Trial 954 finished with value: 7090.382938516395 and parameters: {'alpha_0': 0.0005002256161384638, 'alpha_1': 5.3386418551088834e-05, 'alpha_2': 4.0009050123127954e-05, 'beta_0': 0.09853040021878248, 'beta_1': 5.185111907393886, 'beta_2': 0.20006579292616944, 'beta_3': 0.0010310198693498926, 'beta_4': 6.590392598961486, 'beta_5': 33.74934816968913, 'beta_6': 0.04000051300854201, 'beta_7': 0.01645958288231807, 'beta_8': 3.9000605084513316e-05, 'beta_9': 6.227394691039383e-07}. Best is trial 691 with value: 6538.461030825155.
[I 2026-04-01 00:02:40,951] Trial 955 finished with value: 6695.992938924865 and parameters: {'alpha_0': 0.0006152284918731715, 'alpha_1': 5.5231863434031596e-05, 'alpha_2': 4.374430224994912e-05, 'beta_0': 0.09043262180516126, 'beta_1': 5.979110069135047, 'beta_2': 0.20593162597338763, 'beta_3': 0.0010754851294357977, 'beta_4': 6.480607173728742, 'beta_5': 32.67818160928539, 'beta_6': 0.04132088154629699, 'beta_7': 0.015478718993552338, 'beta_8': 3.996325667601432e-05, 'beta_9': 7.07536263087912e-07}. Best is trial 691 with value: 6538.461030825155.
[I 2026-04-01 00:02:50,248] Trial 956 finished with value: 6560.3894656617795 and parameters: {'alpha_0': 0.0006461096437738672, 'alpha_1': 5.189095437695659e-05, 'alpha_2': 4.241683128083532e-05, 'beta_0': 0.079690433284919, 'beta_1': 6.429042460302751, 'beta_2': 0.2042426520122616, 'beta_3': 0.0009544808472277679, 'beta_4': 6.69720337698068, 'beta_5': 35.411685728235305, 'beta_6': 0.043388351848956036, 'beta_7': 0.015788635970205564, 'beta_8': 3.852907306709793e-05, 'beta_9': 1.282891823109804e-06}. Best is trial 691 with value: 6538.461030825155.
[I 2026-04-01 00:02:59,482] Trial 957 finished with value: 6775.019227066902 and parameters: {'alpha_0': 0.0005746627720247404, 'alpha_1': 5.169262820223414e-05, 'alpha_2': 4.1641817427091676e-05, 'beta_0': 0.07484522979007822, 'beta_1': 6.554795749282134, 'beta_2': 0.24977674674845027, 'beta_3': 0.0009624503242119432, 'beta_4': 6.744261279501593, 'beta_5': 36.246098767235544, 'beta_6': 0.043884994275867374, 'beta_7': 0.016182202750959208, 'beta_8': 3.888973876825443e-05, 'beta_9': 7.951446628350248e-07}. Best is trial 691 with value: 6538.461030825155.
[I 2026-04-01 00:03:08,803] Trial 958 finished with value: 6668.787389340847 and parameters: {'alpha_0': 0.0005400416651015398, 'alpha_1': 5.347025817642369e-05, 'alpha_2': 4.1444836971540765e-05, 'beta_0': 0.07673527555455607, 'beta_1': 6.695198073625001, 'beta_2': 0.2020856509613787, 'beta_3': 0.0009438522181336553, 'beta_4': 6.857200715389863, 'beta_5': 35.057442370793744, 'beta_6': 0.04368698482378636, 'beta_7': 0.015877013831876435, 'beta_8': 3.942508535995251e-05, 'beta_9': 1.2214328050977122e-06}. Best is trial 691 with value: 6538.461030825155.
[I 2026-04-01 00:03:18,050] Trial 959 finished with value: 6864.788916979945 and parameters: {'alpha_0': 0.0006439792997357045, 'alpha_1': 5.017544490545293e-05, 'alpha_2': 4.280015770300602e-05, 'beta_0': 0.07954083799632838, 'beta_1': 6.368872198629727, 'beta_2': 0.20080074938316483, 'beta_3': 0.0009490247885903123, 'beta_4': 6.95500718100125, 'beta_5': 36.39900428980931, 'beta_6': 0.0428551347367516, 'beta_7': 0.016379461972766712, 'beta_8': 3.87117961341507e-05, 'beta_9': 1.2829055590613152e-06}. Best is trial 691 with value: 6538.461030825155.
