[I 2026-03-31 21:43:31,244] Trial 35 finished with value: inf and parameters: {'alpha_0': 0.0007633223281067586, 'alpha_1': 5.10279375331658e-05, 'alpha_2': 0.00011383693213671874, 'beta_0': 0.22412168184401274, 'beta_1': 9.542703996956252, 'beta_2': 0.22429968110617496, 'beta_3': 0.0014301358909930798, 'beta_4': 7.5678676176209, 'beta_5': 39.659391767904, 'beta_6': 0.09086774236099635, 'beta_7': 0.01955964073672082, 'beta_8': 3.991263616415833e-05, 'beta_9': 1.7664900651954605e-06}. Best is trial 32 with value: 6850.350776534386.
[I 2026-03-31 21:43:40,616] Trial 36 finished with value: 6807.700109957116 and parameters: {'alpha_0': 0.0009237528522159793, 'alpha_1': 9.324720023189692e-05, 'alpha_2': 0.00011968925665293617, 'beta_0': 0.2185158318346006, 'beta_1': 5.558796533442886, 'beta_2': 0.23246197904149374, 'beta_3': 0.0008978444150856806, 'beta_4': 7.2169247300143144, 'beta_5': 34.80688387728377, 'beta_6': 0.09563640128861745, 'beta_7': 0.01573103880562818, 'beta_8': 3.804513155206584e-05, 'beta_9': 1.6380399020716098e-06}. Best is trial 36 with value: 6807.700109957116.
[I 2026-03-31 21:43:50,191] Trial 37 finished with value: 7219.126093538658 and parameters: {'alpha_0': 0.0009431715693449733, 'alpha_1': 7.894166736733856e-05, 'alpha_2': 5.71684191376818e-05, 'beta_0': 0.21927242560563992, 'beta_1': 5.817625645013893, 'beta_2': 0.21335542335452656, 'beta_3': 0.0009088700333797996, 'beta_4': 5.966697152693719, 'beta_5': 41.07999805744092, 'beta_6': 0.0853753743210073, 'beta_7': 0.016946814212752487, 'beta_8': 3.811018901229786e-05, 'beta_9': 1.6416976071430734e-06}. Best is trial 36 with value: 6807.700109957116.
[I 2026-03-31 21:43:59,673] Trial 38 finished with value: inf and parameters: {'alpha_0': 0.0011897616399267393, 'alpha_1': 9.51859570158116e-05, 'alpha_2': 0.00010103494869695003, 'beta_0': 0.24955422867209018, 'beta_1': 6.669948014823112, 'beta_2': 0.18746544317836566, 'beta_3': 0.0010349754634991293, 'beta_4': 5.157283924780177, 'beta_5': 35.06242097197535, 'beta_6': 0.07854028747400602, 'beta_7': 0.019546391448126966, 'beta_8': 3.481395309011602e-05, 'beta_9': 1.695941113655166e-06}. Best is trial 36 with value: 6807.700109957116.
[I 2026-03-31 21:44:09,087] Trial 39 finished with value: inf and parameters: {'alpha_0': 0.0013790566475191269, 'alpha_1': 5.70259037472227e-05, 'alpha_2': 0.00011059778788046062, 'beta_0': 0.21954661062644418, 'beta_1': 6.188204059433926, 'beta_2': 0.20226374458291513, 'beta_3': 0.000649269936647057, 'beta_4': 6.799056760851975, 'beta_5': 44.42242588249634, 'beta_6': 0.09575982874836769, 'beta_7': 0.018023147821746688, 'beta_8': 3.859691186730866e-05, 'beta_9': 1.7592139957823748e-06}. Best is trial 36 with value: 6807.700109957116.
[I 2026-03-31 21:44:18,440] Trial 40 finished with value: 6886.745225825859 and parameters: {'alpha_0': 0.0010648046360632992, 'alpha_1': 7.598996260357025e-05, 'alpha_2': 7.453795053358788e-05, 'beta_0': 0.2308459905031152, 'beta_1': 7.751939178576521, 'beta_2': 0.23182159713949418, 'beta_3': 0.0008119221478104626, 'beta_4': 7.224014321746298, 'beta_5': 36.72125661333171, 'beta_6': 0.0889786847068371, 'beta_7': 0.015648598734077104, 'beta_8': 2.201607585066631e-05, 'beta_9': 1.2920367185816106e-06}. Best is trial 36 with value: 6807.700109957116.
[I 2026-03-31 21:44:27,820] Trial 41 finished with value: 6870.288600518277 and parameters: {'alpha_0': 0.0008521821231327327, 'alpha_1': 7.329951369629403e-05, 'alpha_2': 7.615177109392867e-05, 'beta_0': 0.23199915568842375, 'beta_1': 5.5419533517401485, 'beta_2': 0.23286397693525063, 'beta_3': 0.0008029712608820534, 'beta_4': 7.176926089069834, 'beta_5': 37.04476980276711, 'beta_6': 0.09033011893117981, 'beta_7': 0.015804151448831343, 'beta_8': 2.208762844037575e-05, 'beta_9': 1.30654427020286e-06}. Best is trial 36 with value: 6807.700109957116.
[I 2026-03-31 21:44:37,181] Trial 42 finished with value: 7235.4704991433755 and parameters: {'alpha_0': 0.0010985080994632872, 'alpha_1': 7.491178401167935e-05, 'alpha_2': 7.336357941245249e-05, 'beta_0': 0.23395483238222342, 'beta_1': 5.529823645261363, 'beta_2': 0.23083003895635423, 'beta_3': 0.0008126314361167034, 'beta_4': 7.3193015453577095, 'beta_5': 37.15900852617665, 'beta_6': 0.09098591865520385, 'beta_7': 0.016690988561052767, 'beta_8': 2.2057935340201195e-05, 'beta_9': 1.3001932509673901e-06}. Best is trial 36 with value: 6807.700109957116.
[I 2026-03-31 21:44:46,559] Trial 43 finished with value: 7499.101381312319 and parameters: {'alpha_0': 0.0012873068477753885, 'alpha_1': 7.097796528822208e-05, 'alpha_2': 7.609289554084258e-05, 'beta_0': 0.2127432344864405, 'beta_1': 10.733507691821444, 'beta_2': 0.22425847226064588, 'beta_3': 0.000533650606876489, 'beta_4': 6.645924592781804, 'beta_5': 41.04226156952128, 'beta_6': 0.08829104901885404, 'beta_7': 0.015542588371680042, 'beta_8': 1.6950331871429493e-05, 'beta_9': 1.2053606942875555e-06}. Best is trial 36 with value: 6807.700109957116.
[I 2026-03-31 21:44:55,986] Trial 44 finished with value: 6930.020728240019 and parameters: {'alpha_0': 0.0008984505908784982, 'alpha_1': 8.359981363277716e-05, 'alpha_2': 8.162502837864974e-05, 'beta_0': 0.23491717393092285, 'beta_1': 7.754260239915158, 'beta_2': 0.2176913129834904, 'beta_3': 0.0009211598493699375, 'beta_4': 6.9710607424708195, 'beta_5': 38.858627350562145, 'beta_6': 0.07975630389897297, 'beta_7': 0.016009622837311194, 'beta_8': 1.787533937685983e-05, 'beta_9': 1.1087894201239074e-06}. Best is trial 36 with value: 6807.700109957116.
[I 2026-03-31 21:45:05,263] Trial 45 finished with value: inf and parameters: {'alpha_0': 0.0007103024566345755, 'alpha_1': 6.832368858426028e-05, 'alpha_2': 6.806775271679472e-05, 'beta_0': 0.2477609051967768, 'beta_1': 5.535354973044933, 'beta_2': 0.20919626130181207, 'beta_3': 0.0007681348189923769, 'beta_4': 6.260549482972523, 'beta_5': 43.35137168885767, 'beta_6': 0.08710212279932411, 'beta_7': 0.017487463814842414, 'beta_8': 2.2453180347297548e-05, 'beta_9': 8.647083047675542e-07}. Best is trial 36 with value: 6807.700109957116.Best trial: 36. Best value: 6807.7:   2%|▏         | 45/2000 [06:20<5:06:02,  9.39s/it]Best trial: 36. Best value: 6807.7:   2%|▏         | 45/2000 [06:20<5:06:02,  9.39s/it]Best trial: 36. Best value: 6807.7:   2%|▏         | 46/2000 [06:20<5:04:45,  9.36s/it]                                                                                       Best trial: 36. Best value: 6807.7:   2%|▏         | 46/2000 [06:30<5:04:45,  9.36s/it]Best trial: 36. Best value: 6807.7:   2%|▏         | 46/2000 [06:30<5:04:45,  9.36s/it]Best trial: 36. Best value: 6807.7:   2%|▏         | 47/2000 [06:30<5:05:35,  9.39s/it]                                                                                       Best trial: 36. Best value: 6807.7:   2%|▏         | 47/2000 [06:39<5:05:35,  9.39s/it]Best trial: 36. Best value: 6807.7:   2%|▏         | 47/2000 [06:39<5:05:35,  9.39s/it]Best trial: 36. Best value: 6807.7:   2%|▏         | 48/2000 [06:39<5:07:30,  9.45s/it]                                                                                       Best trial: 36. Best value: 6807.7:   2%|▏         | 48/2000 [06:49<5:07:30,  9.45s/it]Best trial: 36. Best value: 6807.7:   2%|▏         | 48/2000 [06:49<5:07:30,  9.45s/it]Best trial: 36. Best value: 6807.7:   2%|▏         | 49/2000 [06:49<5:06:31,  9.43s/it]                                                                                       Best trial: 36. Best value: 6807.7:   2%|▏         | 49/2000 [06:50<5:06:31,  9.43s/it]Best trial: 36. Best value: 6807.7:   2%|▏         | 49/2000 [06:50<5:06:31,  9.43s/it]Best trial: 36. Best value: 6807.7:   2%|▎         | 50/2000 [06:50<3:49:57,  7.08s/it]                                                                                       Best trial: 36. Best value: 6807.7:   2%|▎         | 50/2000 [07:00<3:49:57,  7.08s/it]Best trial: 36. Best value: 6807.7:   2%|▎         | 50/2000 [07:00<3:49:57,  7.08s/it]Best trial: 36. Best value: 6807.7:   3%|▎         | 51/2000 [07:00<4:11:24,  7.74s/it]                                                                                       Best trial: 36. Best value: 6807.7:   3%|▎         | 51/2000 [07:09<4:11:24,  7.74s/it]Best trial: 36. Best value: 6807.7:   3%|▎         | 51/2000 [07:09<4:11:24,  7.74s/it]Best trial: 36. Best value: 6807.7:   3%|▎         | 52/2000 [07:09<4:26:25,  8.21s/it]                                                                                       Best trial: 36. Best value: 6807.7:   3%|▎         | 52/2000 [07:18<4:26:25,  8.21s/it]Best trial: 52. Best value: 6766.92:   3%|▎         | 52/2000 [07:18<4:26:25,  8.21s/it]Best trial: 52. Best value: 6766.92:   3%|▎         | 53/2000 [07:18<4:36:58,  8.54s/it]                                                                                        Best trial: 52. Best value: 6766.92:   3%|▎         | 53/2000 [07:28<4:36:58,  8.54s/it]Best trial: 52. Best value: 6766.92:   3%|▎         | 53/2000 [07:28<4:36:58,  8.54s/it]Best trial: 52. Best value: 6766.92:   3%|▎         | 54/2000 [07:28<4:45:50,  8.81s/it]                                                                                        Best trial: 52. Best value: 6766.92:   3%|▎         | 54/2000 [07:37<4:45:50,  8.81s/it]Best trial: 52. Best value: 6766.92:   3%|▎         | 54/2000 [07:37<4:45:50,  8.81s/it]Best trial: 52. Best value: 6766.92:   3%|▎         | 55/2000 [07:37<4:51:38,  9.00s/it]                                                                                        Best trial: 52. Best value: 6766.92:   3%|▎         | 55/2000 [07:46<4:51:38,  9.00s/it]Best trial: 52. Best value: 6766.92:   3%|▎         | 55/2000 [07:46<4:51:38,  9.00s/it]Best trial: 52. Best value: 6766.92:   3%|▎         | 56/2000 [07:46<4:55:31,  9.12s/it]                                                                                        Best trial: 52. Best value: 6766.92:   3%|▎         | 56/2000 [07:56<4:55:31,  9.12s/it]Best trial: 52. Best value: 6766.92:   3%|▎         | 56/2000 [07:56<4:55:31,  9.12s/it]Best trial: 52. Best value: 6766.92:   3%|▎         | 57/2000 [07:56<5:01:50,  9.32s/it]                                                                                        Best trial: 52. Best value: 6766.92:   3%|▎         | 57/2000 [08:06<5:01:50,  9.32s/it]Best trial: 52. Best value: 6766.92:   3%|▎         | 57/2000 [08:06<5:01:50,  9.32s/it]Best trial: 52. Best value: 6766.92:   3%|▎         | 58/2000 [08:06<5:03:35,  9.38s/it]                                                                                        Best trial: 52. Best value: 6766.92:   3%|▎         | 58/2000 [08:15<5:03:35,  9.38s/it]Best trial: 52. Best value: 6766.92:   3%|▎         | 58/2000 [08:15<5:03:35,  9.38s/it]Best trial: 52. Best value: 6766.92:   3%|▎         | 59/2000 [08:15<5:03:55,  9.39s/it]                                                                                        Best trial: 52. Best value: 6766.92:   3%|▎         | 59/2000 [08:24<5:03:55,  9.39s/it]Best trial: 52. Best value: 6766.92:   3%|▎         | 59/2000 [08:24<5:03:55,  9.39s/it]Best trial: 52. Best value: 6766.92:   3%|▎         | 60/2000 [08:24<5:03:13,  9.38s/it]                                                                                        
[I 2026-03-31 21:45:14,724] Trial 46 finished with value: 7154.491497918505 and parameters: {'alpha_0': 0.0009807622384196135, 'alpha_1': 7.974388569641462e-05, 'alpha_2': 8.950639380208256e-05, 'beta_0': 0.21021315856142905, 'beta_1': 8.42270890075194, 'beta_2': 0.19784833628319376, 'beta_3': 0.0006962911765355936, 'beta_4': 7.625319159547344, 'beta_5': 33.69667669235023, 'beta_6': 0.0743696755734852, 'beta_7': 0.01566379409033567, 'beta_8': 2.4915428809968688e-05, 'beta_9': 1.3395999010255777e-06}. Best is trial 36 with value: 6807.700109957116.
[I 2026-03-31 21:45:24,323] Trial 47 finished with value: 7749.170356916322 and parameters: {'alpha_0': 0.0015566076133532055, 'alpha_1': 9.644527714156018e-05, 'alpha_2': 6.589468237165411e-05, 'beta_0': 0.1858014807014406, 'beta_1': 6.673165794500475, 'beta_2': 0.23215153681368036, 'beta_3': 0.000864534132994874, 'beta_4': 4.0429652425245255, 'beta_5': 35.8676098964508, 'beta_6': 0.0914462023424514, 'beta_7': 0.015071493615750876, 'beta_8': 2.2981130653803188e-05, 'beta_9': 1.424632755333641e-06}. Best is trial 36 with value: 6807.700109957116.
[I 2026-03-31 21:45:33,691] Trial 48 finished with value: 7453.2438082055405 and parameters: {'alpha_0': 0.0008321796077135165, 'alpha_1': 0.00010766587546580359, 'alpha_2': 8.167646438348923e-05, 'beta_0': 0.22874112831186746, 'beta_1': 5.42289550132239, 'beta_2': 0.24643760988547594, 'beta_3': 0.0005704037815209932, 'beta_4': 7.410013223933414, 'beta_5': 31.88306111362068, 'beta_6': 0.08205747893497242, 'beta_7': 0.017180688220277896, 'beta_8': 1.8285970592067084e-05, 'beta_9': 1.5192151590405534e-06}. Best is trial 36 with value: 6807.700109957116.
[I 2026-03-31 21:45:35,281] Trial 49 finished with value: inf and parameters: {'alpha_0': 0.002165558803061877, 'alpha_1': 6.53479899038167e-05, 'alpha_2': 5.87488288899328e-05, 'beta_0': 0.24064019723675661, 'beta_1': 9.016797958819026, 'beta_2': 0.23938079758533887, 'beta_3': 0.0007758762666883222, 'beta_4': 7.012789837573202, 'beta_5': 37.98121158957706, 'beta_6': 0.0682915971514504, 'beta_7': 0.02602353710410093, 'beta_8': 1.6111335958111047e-05, 'beta_9': 7.529964790235734e-07}. Best is trial 36 with value: 6807.700109957116.
[I 2026-03-31 21:45:44,570] Trial 50 finished with value: 7324.017789572419 and parameters: {'alpha_0': 0.0012954074120530745, 'alpha_1': 0.0001176346876179654, 'alpha_2': 7.803870234689604e-05, 'beta_0': 0.20802426103706698, 'beta_1': 7.904589374746928, 'beta_2': 0.2257619907371643, 'beta_3': 0.0009592419344989075, 'beta_4': 6.1613414370485104, 'beta_5': 34.27943170095366, 'beta_6': 0.09625532524881923, 'beta_7': 0.01660302660436126, 'beta_8': 2.0982983132568417e-05, 'beta_9': 1.261983834967065e-06}. Best is trial 36 with value: 6807.700109957116.
[I 2026-03-31 21:45:53,865] Trial 51 finished with value: 6847.362176704895 and parameters: {'alpha_0': 0.0007086320044977861, 'alpha_1': 5.520091268337788e-05, 'alpha_2': 7.070060286906765e-05, 'beta_0': 0.22500013579088693, 'beta_1': 6.043706514797462, 'beta_2': 0.2336505333324305, 'beta_3': 0.0008617997606075902, 'beta_4': 7.160712454636101, 'beta_5': 35.78094138683731, 'beta_6': 0.09661144874654153, 'beta_7': 0.015673240290804618, 'beta_8': 3.648765536087875e-05, 'beta_9': 1.6496159781039566e-06}. Best is trial 36 with value: 6807.700109957116.
[I 2026-03-31 21:46:03,169] Trial 52 finished with value: 6766.921695066402 and parameters: {'alpha_0': 0.0005711133952825949, 'alpha_1': 5.7883470183947245e-05, 'alpha_2': 7.302440197717596e-05, 'beta_0': 0.21611743627474375, 'beta_1': 5.971894029301383, 'beta_2': 0.233986953858658, 'beta_3': 0.0008912730478455915, 'beta_4': 7.141174198210549, 'beta_5': 36.7828300042533, 'beta_6': 0.09306889340552892, 'beta_7': 0.015794602368315393, 'beta_8': 3.6031072603534324e-05, 'beta_9': 1.6393889088731814e-06}. Best is trial 52 with value: 6766.921695066402.
[I 2026-03-31 21:46:12,629] Trial 53 finished with value: 7293.947147125752 and parameters: {'alpha_0': 0.0005639192144898362, 'alpha_1': 5.7154596160154055e-05, 'alpha_2': 6.266136576514318e-05, 'beta_0': 0.19966056178717329, 'beta_1': 5.995750217135078, 'beta_2': 0.24811390116826998, 'beta_3': 0.0008895017618622764, 'beta_4': 6.552367887395509, 'beta_5': 39.55089664740408, 'beta_6': 0.09734045689354974, 'beta_7': 0.01669158523451094, 'beta_8': 3.597409061324829e-05, 'beta_9': 1.6693581033380125e-06}. Best is trial 52 with value: 6766.921695066402.
[I 2026-03-31 21:46:22,054] Trial 54 finished with value: inf and parameters: {'alpha_0': 0.0006958514003879197, 'alpha_1': 5.933699577215989e-05, 'alpha_2': 4.599409639508833e-05, 'beta_0': 0.21532756331615605, 'beta_1': 5.366323586877946, 'beta_2': 0.24127407915647536, 'beta_3': 0.0011045092973554552, 'beta_4': 6.8804612712680235, 'beta_5': 31.228341667815968, 'beta_6': 0.09456655420913207, 'beta_7': 0.017793558184882086, 'beta_8': 3.671612265462302e-05, 'beta_9': 1.5442277791223103e-06}. Best is trial 52 with value: 6766.921695066402.
[I 2026-03-31 21:46:31,467] Trial 55 finished with value: 6973.0286288443185 and parameters: {'alpha_0': 0.0005470783730100269, 'alpha_1': 5.308635602326189e-05, 'alpha_2': 7.023223741177741e-05, 'beta_0': 0.18517227377884518, 'beta_1': 6.503077924662413, 'beta_2': 0.15176138836458034, 'beta_3': 0.0009951995776926203, 'beta_4': 7.785606546872684, 'beta_5': 36.01860452373425, 'beta_6': 0.0925417794900749, 'beta_7': 0.016008875764185755, 'beta_8': 3.9111273644787675e-05, 'beta_9': 1.484320866879835e-06}. Best is trial 52 with value: 6766.921695066402.
[I 2026-03-31 21:46:41,254] Trial 56 finished with value: 8033.143969686279 and parameters: {'alpha_0': 0.0007243670326520775, 'alpha_1': 6.299252505749056e-05, 'alpha_2': 8.55916666645234e-05, 'beta_0': 0.23950377727577601, 'beta_1': 5.970026669943155, 'beta_2': 0.23507579825026534, 'beta_3': 0.0006875336924002318, 'beta_4': 7.5105702834346015, 'beta_5': 40.51012848766436, 'beta_6': 0.09737766105747792, 'beta_7': 0.015000881841541502, 'beta_8': 3.252409671731441e-05, 'beta_9': 1.920928600542479e-06}. Best is trial 52 with value: 6766.921695066402.
[I 2026-03-31 21:46:50,771] Trial 57 finished with value: inf and parameters: {'alpha_0': 0.0006249485598212329, 'alpha_1': 6.899010328805906e-05, 'alpha_2': 6.991836296184923e-05, 'beta_0': 0.05313950945190128, 'beta_1': 7.040677754084207, 'beta_2': 0.2180720520128693, 'beta_3': 0.000858529529596304, 'beta_4': 7.117177881947257, 'beta_5': 48.00521179697167, 'beta_6': 0.08385551795853949, 'beta_7': 0.0190548125745387, 'beta_8': 3.531338552856258e-05, 'beta_9': 1.6350211923489607e-06}. Best is trial 52 with value: 6766.921695066402.
[I 2026-03-31 21:47:00,200] Trial 58 finished with value: inf and parameters: {'alpha_0': 0.0005722123438101669, 'alpha_1': 5.678853083974908e-05, 'alpha_2': 6.144604750097008e-05, 'beta_0': 0.1663864817698152, 'beta_1': 5.253648542025187, 'beta_2': 0.23813912114064603, 'beta_3': 0.0009378191573950137, 'beta_4': 6.705925024870121, 'beta_5': 42.70388978747089, 'beta_6': 0.09964978929107285, 'beta_7': 0.017435164194210012, 'beta_8': 3.7152312787815654e-05, 'beta_9': 1.8340269639435176e-06}. Best is trial 52 with value: 6766.921695066402.
[I 2026-03-31 21:47:09,540] Trial 59 finished with value: inf and parameters: {'alpha_0': 0.0005081155041002054, 'alpha_1': 0.00012520362031170492, 'alpha_2': 5.3667418863255244e-05, 'beta_0': 0.19994362856646017, 'beta_1': 13.987319379735805, 'beta_2': 0.22836398703316327, 'beta_3': 0.0009660052581469882, 'beta_4': 5.7315570414141295, 'beta_5': 38.49947059974574, 'beta_6': 0.09011294999711923, 'beta_7': 0.020961383642199384, 'beta_8': 3.190595104663684e-05, 'beta_9': 1.4475048771869608e-06}. Best is trial 52 with value: 6766.921695066402.
