[I 2026-04-01 10:59:55,806] Trial 1924 finished with value: inf and parameters: {'alpha_0': 0.0006067841017384553, 'alpha_1': 5.5393730852285954e-05, 'alpha_2': 4.662715591398412e-05, 'beta_0': 0.08482457198061978, 'beta_1': 6.231140379080527, 'beta_2': 0.19805202347046974, 'beta_3': 0.0009905033478020684, 'beta_4': 5.683226209611259, 'beta_5': 42.553119701712745, 'beta_6': 0.04617756811047814, 'beta_7': 0.01756838598470478, 'beta_8': 3.89950114258462e-05, 'beta_9': 6.399572447634482e-07}. Best is trial 691 with value: 6538.461030825155.
[I 2026-04-01 11:00:05,487] Trial 1925 finished with value: 7823.148607993451 and parameters: {'alpha_0': 0.0007549125985247504, 'alpha_1': 5.3483114948828575e-05, 'alpha_2': 5.007267510584237e-05, 'beta_0': 0.10138116351836046, 'beta_1': 5.7448605019665075, 'beta_2': 0.20909638868229768, 'beta_3': 0.0004985245249973634, 'beta_4': 6.738645504583095, 'beta_5': 34.97421025897739, 'beta_6': 0.04371936725160234, 'beta_7': 0.0152602094485379, 'beta_8': 3.684858620817181e-05, 'beta_9': 5.622154356757917e-07}. Best is trial 691 with value: 6538.461030825155.
[I 2026-04-01 11:00:14,678] Trial 1926 finished with value: 6794.2797600796475 and parameters: {'alpha_0': 0.0007069226810442336, 'alpha_1': 5.834064211212838e-05, 'alpha_2': 4.002551712850221e-05, 'beta_0': 0.09031359686674213, 'beta_1': 6.029412673875024, 'beta_2': 0.22238082046057184, 'beta_3': 0.0010274912744701941, 'beta_4': 6.857280610639543, 'beta_5': 33.081879051386146, 'beta_6': 0.04208033574192493, 'beta_7': 0.01609362124824514, 'beta_8': 3.779428634680425e-05, 'beta_9': 7.298544476758098e-07}. Best is trial 691 with value: 6538.461030825155.
[I 2026-04-01 11:00:24,067] Trial 1927 finished with value: 7067.093125539693 and parameters: {'alpha_0': 0.0005674388977356375, 'alpha_1': 5.0018426835562095e-05, 'alpha_2': 4.0011938776915424e-05, 'beta_0': 0.0972058713274955, 'beta_1': 6.306076234344349, 'beta_2': 0.20496937609578425, 'beta_3': 0.00107212003675556, 'beta_4': 6.598289900317777, 'beta_5': 33.90327076804595, 'beta_6': 0.04496897394970731, 'beta_7': 0.016849028093534675, 'beta_8': 3.954463282767765e-05, 'beta_9': 6.933977879791983e-07}. Best is trial 691 with value: 6538.461030825155.
[I 2026-04-01 11:00:33,373] Trial 1928 finished with value: 6588.197618159549 and parameters: {'alpha_0': 0.0006617066705965078, 'alpha_1': 5.3385920884704305e-05, 'alpha_2': 4.3431560178031435e-05, 'beta_0': 0.08690236667770129, 'beta_1': 6.588486738636125, 'beta_2': 0.21055213375261028, 'beta_3': 0.00096032706533156, 'beta_4': 6.744293097365829, 'beta_5': 28.7065585554059, 'beta_6': 0.043080003251259165, 'beta_7': 0.01572516079092284, 'beta_8': 3.827720981977789e-05, 'beta_9': 1.5978476018301295e-06}. Best is trial 691 with value: 6538.461030825155.
[I 2026-04-01 11:00:42,618] Trial 1929 finished with value: 7104.885807146988 and parameters: {'alpha_0': 0.0006204191903703212, 'alpha_1': 5.004823438262069e-05, 'alpha_2': 5.305534139355464e-05, 'beta_0': 0.07621596474768438, 'beta_1': 7.00539290384686, 'beta_2': 0.20754330228505416, 'beta_3': 0.0011207848140681218, 'beta_4': 7.013210379206269, 'beta_5': 35.64701873450131, 'beta_6': 0.040011795144221464, 'beta_7': 0.01642592906065459, 'beta_8': 3.8997403188706515e-05, 'beta_9': 6.127195523456991e-07}. Best is trial 691 with value: 6538.461030825155.
[I 2026-04-01 11:00:51,844] Trial 1930 finished with value: 6678.028763070366 and parameters: {'alpha_0': 0.0005671718634716498, 'alpha_1': 5.5483090317461155e-05, 'alpha_2': 4.447057798517691e-05, 'beta_0': 0.09386289956648913, 'beta_1': 6.171855059596477, 'beta_2': 0.24153833604476582, 'beta_3': 0.0009941472639154903, 'beta_4': 6.818002134180773, 'beta_5': 36.442944658954175, 'beta_6': 0.04159202301725903, 'beta_7': 0.015515971948562073, 'beta_8': 3.945847324570268e-05, 'beta_9': 6.748212143315652e-07}. Best is trial 691 with value: 6538.461030825155.
[I 2026-04-01 11:01:01,194] Trial 1931 finished with value: 6677.253300006208 and parameters: {'alpha_0': 0.0007154200648283056, 'alpha_1': 5.171846934586446e-05, 'alpha_2': 4.2410832802917416e-05, 'beta_0': 0.08317383594923071, 'beta_1': 5.46259882371808, 'beta_2': 0.2147761773898034, 'beta_3': 0.0009425433850379967, 'beta_4': 6.521005572667137, 'beta_5': 35.121526664163746, 'beta_6': 0.04448098307307171, 'beta_7': 0.015917220384197014, 'beta_8': 3.715829136952908e-05, 'beta_9': 5.300234738719759e-07}. Best is trial 691 with value: 6538.461030825155.
[I 2026-04-01 11:01:10,531] Trial 1932 finished with value: 6609.842654602473 and parameters: {'alpha_0': 0.0006706842932112858, 'alpha_1': 5.001141964624618e-05, 'alpha_2': 4.537156401013239e-05, 'beta_0': 0.0735015646771094, 'beta_1': 14.926170398933541, 'beta_2': 0.2001175743803531, 'beta_3': 0.0010139590792161124, 'beta_4': 6.68162301581007, 'beta_5': 34.49951909183202, 'beta_6': 0.04309743618377805, 'beta_7': 0.015669332876934377, 'beta_8': 3.999783677489265e-05, 'beta_9': 1.6994512285244727e-06}. Best is trial 691 with value: 6538.461030825155.
[I 2026-04-01 11:01:12,015] Trial 1933 finished with value: inf and parameters: {'alpha_0': 0.0005387371099144241, 'alpha_1': 6.14497657624634e-05, 'alpha_2': 9.766777085766417e-05, 'beta_0': 0.08001030034232018, 'beta_1': 6.734864404612091, 'beta_2': 0.21165540573933844, 'beta_3': 0.0009757558729176932, 'beta_4': 5.578438355268785, 'beta_5': 33.569173311735284, 'beta_6': 0.04000397599651174, 'beta_7': 0.028620960070458976, 'beta_8': 3.86390068394775e-05, 'beta_9': 5.978019408696628e-07}. Best is trial 691 with value: 6538.461030825155.
[I 2026-04-01 11:01:21,277] Trial 1934 finished with value: 7127.92351561672 and parameters: {'alpha_0': 0.0006033512650522069, 'alpha_1': 5.478691612339957e-05, 'alpha_2': 7.077618315032066e-05, 'beta_0': 0.09018119605105357, 'beta_1': 5.963048459284104, 'beta_2': 0.23541744282223617, 'beta_3': 0.0010559998453884255, 'beta_4': 6.902274762897245, 'beta_5': 33.1367928942917, 'beta_6': 0.04124452838039867, 'beta_7': 0.015231701261252522, 'beta_8': 3.138890032115204e-05, 'beta_9': 1.3664016630060067e-06}. Best is trial 691 with value: 6538.461030825155.
[I 2026-04-01 11:01:30,629] Trial 1935 finished with value: 6784.195130808592 and parameters: {'alpha_0': 0.0006447369451600698, 'alpha_1': 5.308073443024813e-05, 'alpha_2': 0.00010036978342623606, 'beta_0': 0.10153065406757106, 'beta_1': 6.460951944589717, 'beta_2': 0.2041741094139611, 'beta_3': 0.000936368664953665, 'beta_4': 7.668181219732707, 'beta_5': 36.118289812494346, 'beta_6': 0.042082467939876265, 'beta_7': 0.01619584369658893, 'beta_8': 3.560497794921617e-05, 'beta_9': 5.751823834935239e-07}. Best is trial 691 with value: 6538.461030825155.Best trial: 691. Best value: 6538.46:  97%|█████████▋| 1935/2000 [13:22:46<08:17,  7.65s/it]Best trial: 691. Best value: 6538.46:  97%|█████████▋| 1935/2000 [13:22:46<08:17,  7.65s/it]Best trial: 691. Best value: 6538.46:  97%|█████████▋| 1936/2000 [13:22:46<08:42,  8.16s/it]                                                                                            Best trial: 691. Best value: 6538.46:  97%|█████████▋| 1936/2000 [13:22:55<08:42,  8.16s/it]Best trial: 691. Best value: 6538.46:  97%|█████████▋| 1936/2000 [13:22:55<08:42,  8.16s/it]Best trial: 691. Best value: 6538.46:  97%|█████████▋| 1937/2000 [13:22:55<08:55,  8.50s/it]                                                                                            Best trial: 691. Best value: 6538.46:  97%|█████████▋| 1937/2000 [13:23:04<08:55,  8.50s/it]Best trial: 691. Best value: 6538.46:  97%|█████████▋| 1937/2000 [13:23:04<08:55,  8.50s/it]Best trial: 691. Best value: 6538.46:  97%|█████████▋| 1938/2000 [13:23:04<09:06,  8.81s/it]                                                                                            Best trial: 691. Best value: 6538.46:  97%|█████████▋| 1938/2000 [13:23:14<09:06,  8.81s/it]Best trial: 691. Best value: 6538.46:  97%|█████████▋| 1938/2000 [13:23:14<09:06,  8.81s/it]Best trial: 691. Best value: 6538.46:  97%|█████████▋| 1939/2000 [13:23:14<09:09,  9.01s/it]                                                                                            Best trial: 691. Best value: 6538.46:  97%|█████████▋| 1939/2000 [13:23:23<09:09,  9.01s/it]Best trial: 691. Best value: 6538.46:  97%|█████████▋| 1939/2000 [13:23:23<09:09,  9.01s/it]Best trial: 691. Best value: 6538.46:  97%|█████████▋| 1940/2000 [13:23:23<09:03,  9.07s/it]                                                                                            Best trial: 691. Best value: 6538.46:  97%|█████████▋| 1940/2000 [13:23:32<09:03,  9.07s/it]Best trial: 691. Best value: 6538.46:  97%|█████████▋| 1940/2000 [13:23:32<09:03,  9.07s/it]Best trial: 691. Best value: 6538.46:  97%|█████████▋| 1941/2000 [13:23:32<08:58,  9.13s/it]                                                                                            Best trial: 691. Best value: 6538.46:  97%|█████████▋| 1941/2000 [13:23:42<08:58,  9.13s/it]Best trial: 691. Best value: 6538.46:  97%|█████████▋| 1941/2000 [13:23:42<08:58,  9.13s/it]Best trial: 691. Best value: 6538.46:  97%|█████████▋| 1942/2000 [13:23:42<08:51,  9.16s/it]                                                                                            Best trial: 691. Best value: 6538.46:  97%|█████████▋| 1942/2000 [13:23:51<08:51,  9.16s/it]Best trial: 691. Best value: 6538.46:  97%|█████████▋| 1942/2000 [13:23:51<08:51,  9.16s/it]Best trial: 691. Best value: 6538.46:  97%|█████████▋| 1943/2000 [13:23:51<08:46,  9.23s/it]                                                                                            Best trial: 691. Best value: 6538.46:  97%|█████████▋| 1943/2000 [13:24:00<08:46,  9.23s/it]Best trial: 691. Best value: 6538.46:  97%|█████████▋| 1943/2000 [13:24:00<08:46,  9.23s/it]Best trial: 691. Best value: 6538.46:  97%|█████████▋| 1944/2000 [13:24:00<08:35,  9.20s/it]                                                                                            Best trial: 691. Best value: 6538.46:  97%|█████████▋| 1944/2000 [13:24:09<08:35,  9.20s/it]Best trial: 691. Best value: 6538.46:  97%|█████████▋| 1944/2000 [13:24:09<08:35,  9.20s/it]Best trial: 691. Best value: 6538.46:  97%|█████████▋| 1945/2000 [13:24:09<08:29,  9.26s/it]                                                                                            Best trial: 691. Best value: 6538.46:  97%|█████████▋| 1945/2000 [13:24:19<08:29,  9.26s/it]Best trial: 691. Best value: 6538.46:  97%|█████████▋| 1945/2000 [13:24:19<08:29,  9.26s/it]Best trial: 691. Best value: 6538.46:  97%|█████████▋| 1946/2000 [13:24:19<08:20,  9.27s/it]                                                                                            Best trial: 691. Best value: 6538.46:  97%|█████████▋| 1946/2000 [13:24:28<08:20,  9.27s/it]Best trial: 691. Best value: 6538.46:  97%|█████████▋| 1946/2000 [13:24:28<08:20,  9.27s/it]Best trial: 691. Best value: 6538.46:  97%|█████████▋| 1947/2000 [13:24:28<08:13,  9.32s/it]                                                                                            Best trial: 691. Best value: 6538.46:  97%|█████████▋| 1947/2000 [13:24:38<08:13,  9.32s/it]Best trial: 691. Best value: 6538.46:  97%|█████████▋| 1947/2000 [13:24:38<08:13,  9.32s/it]Best trial: 691. Best value: 6538.46:  97%|█████████▋| 1948/2000 [13:24:38<08:08,  9.40s/it]                                                                                            Best trial: 691. Best value: 6538.46:  97%|█████████▋| 1948/2000 [13:24:47<08:08,  9.40s/it]Best trial: 691. Best value: 6538.46:  97%|█████████▋| 1948/2000 [13:24:47<08:08,  9.40s/it]Best trial: 691. Best value: 6538.46:  97%|█████████▋| 1949/2000 [13:24:47<07:56,  9.35s/it]                                                                                            Best trial: 691. Best value: 6538.46:  97%|█████████▋| 1949/2000 [13:24:56<07:56,  9.35s/it]Best trial: 691. Best value: 6538.46:  97%|█████████▋| 1949/2000 [13:24:56<07:56,  9.35s/it]Best trial: 691. Best value: 6538.46:  98%|█████████▊| 1950/2000 [13:24:56<07:44,  9.29s/it]                                                                                            
[I 2026-04-01 11:01:39,919] Trial 1936 finished with value: 6807.2543052128285 and parameters: {'alpha_0': 0.0005893418565196644, 'alpha_1': 5.735885447146537e-05, 'alpha_2': 4.8002848647724975e-05, 'beta_0': 0.09625528971169678, 'beta_1': 6.343901356387041, 'beta_2': 0.20816775363032755, 'beta_3': 0.0011971077236410817, 'beta_4': 6.596236692240067, 'beta_5': 33.93420121588165, 'beta_6': 0.046735216474470646, 'beta_7': 0.0158807431782823, 'beta_8': 3.810050320719358e-05, 'beta_9': 7.559398868895362e-07}. Best is trial 691 with value: 6538.461030825155.
[I 2026-04-01 11:01:49,458] Trial 1937 finished with value: 7262.973384802346 and parameters: {'alpha_0': 0.0007537139400578261, 'alpha_1': 5.188346281921208e-05, 'alpha_2': 4.150191546732511e-05, 'beta_0': 0.08587041962844622, 'beta_1': 5.644171558343987, 'beta_2': 0.20634093706934564, 'beta_3': 0.0009679398534173757, 'beta_4': 6.494997737056147, 'beta_5': 34.71259827098752, 'beta_6': 0.04343350027711086, 'beta_7': 0.015245657720217048, 'beta_8': 3.895520597269028e-05, 'beta_9': 6.772128451956331e-07}. Best is trial 691 with value: 6538.461030825155.
[I 2026-04-01 11:01:58,939] Trial 1938 finished with value: 7442.626935466615 and parameters: {'alpha_0': 0.0006867209817089967, 'alpha_1': 5.001705451422178e-05, 'alpha_2': 4.3765699923063374e-05, 'beta_0': 0.09131988266599653, 'beta_1': 6.910424791049157, 'beta_2': 0.21805893693063738, 'beta_3': 0.0010082580109350185, 'beta_4': 6.70373829131437, 'beta_5': 35.51576110709031, 'beta_6': 0.04498304575924391, 'beta_7': 0.015003930685908341, 'beta_8': 3.951957341844852e-05, 'beta_9': 6.248297113448161e-07}. Best is trial 691 with value: 6538.461030825155.
[I 2026-04-01 11:02:08,129] Trial 1939 finished with value: 7253.061898223629 and parameters: {'alpha_0': 0.0005338390132579232, 'alpha_1': 0.00012956478785922505, 'alpha_2': 8.941062504552045e-05, 'beta_0': 0.08087322600788308, 'beta_1': 5.919585463692236, 'beta_2': 0.21399140660317625, 'beta_3': 0.001084772604789762, 'beta_4': 7.10924032886341, 'beta_5': 36.894743198702905, 'beta_6': 0.041228463607156506, 'beta_7': 0.016527996008980913, 'beta_8': 3.6348318101353186e-05, 'beta_9': 5.580699883078084e-07}. Best is trial 691 with value: 6538.461030825155.
[I 2026-04-01 11:02:17,421] Trial 1940 finished with value: 6691.413155398432 and parameters: {'alpha_0': 0.0006315090447494545, 'alpha_1': 5.9491583351750846e-05, 'alpha_2': 4.637900360510488e-05, 'beta_0': 0.07188064360013935, 'beta_1': 6.1096489113832675, 'beta_2': 0.20979324279933345, 'beta_3': 0.001031845508986596, 'beta_4': 6.796904419851484, 'beta_5': 34.337070990490666, 'beta_6': 0.04242916798665939, 'beta_7': 0.015523032658298911, 'beta_8': 3.764308517734387e-05, 'beta_9': 7.992525189071888e-07}. Best is trial 691 with value: 6538.461030825155.
[I 2026-04-01 11:02:26,634] Trial 1941 finished with value: 6854.462829289682 and parameters: {'alpha_0': 0.0007232700483607884, 'alpha_1': 5.466150969691511e-05, 'alpha_2': 4.000189577669725e-05, 'beta_0': 0.10382749422176159, 'beta_1': 6.482909093860182, 'beta_2': 0.20270619536485238, 'beta_3': 0.0012799670127436147, 'beta_4': 6.582432478785125, 'beta_5': 35.29178812741329, 'beta_6': 0.04400336649845442, 'beta_7': 0.016038944031964254, 'beta_8': 3.85748270356283e-05, 'beta_9': 5.229439066993989e-07}. Best is trial 691 with value: 6538.461030825155.
[I 2026-04-01 11:02:36,039] Trial 1942 finished with value: 6633.282422271655 and parameters: {'alpha_0': 0.0005856234523720822, 'alpha_1': 5.662623264651446e-05, 'alpha_2': 4.2679234253489486e-05, 'beta_0': 0.07629447364295806, 'beta_1': 6.682139775236535, 'beta_2': 0.21230224483592186, 'beta_3': 0.0009865122802256941, 'beta_4': 6.956235196396865, 'beta_5': 37.51285198469429, 'beta_6': 0.04099499396576637, 'beta_7': 0.01562822829485443, 'beta_8': 3.945987643343583e-05, 'beta_9': 8.205598242671108e-07}. Best is trial 691 with value: 6538.461030825155.
[I 2026-04-01 11:02:45,154] Trial 1943 finished with value: 6792.374981255578 and parameters: {'alpha_0': 0.000664169635884345, 'alpha_1': 5.00000723555498e-05, 'alpha_2': 4.999080101073955e-05, 'beta_0': 0.08639596172323166, 'beta_1': 6.23770811522612, 'beta_2': 0.20589755610324995, 'beta_3': 0.0009543050170810367, 'beta_4': 5.728051683513534, 'beta_5': 36.05236324702144, 'beta_6': 0.04272040913389086, 'beta_7': 0.016288017247205848, 'beta_8': 3.9035852179117225e-05, 'beta_9': 7.26084018344242e-07}. Best is trial 691 with value: 6538.461030825155.
[I 2026-04-01 11:02:54,555] Trial 1944 finished with value: 6635.152732822355 and parameters: {'alpha_0': 0.0005416000669062447, 'alpha_1': 5.3420303290226463e-05, 'alpha_2': 4.145540894695096e-05, 'beta_0': 0.11402131941752199, 'beta_1': 5.7751563355586075, 'beta_2': 0.20882353640577322, 'beta_3': 0.0009998033077045186, 'beta_4': 6.482069146180465, 'beta_5': 32.81250485880011, 'beta_6': 0.04188660182582602, 'beta_7': 0.015884175551099156, 'beta_8': 3.997827717182419e-05, 'beta_9': 6.325645692783076e-07}. Best is trial 691 with value: 6538.461030825155.
[I 2026-04-01 11:03:03,867] Trial 1945 finished with value: 6622.8326107414505 and parameters: {'alpha_0': 0.0006184154258586945, 'alpha_1': 5.289150010804302e-05, 'alpha_2': 4.532941862987479e-05, 'beta_0': 0.09949016568998914, 'beta_1': 6.548188063294905, 'beta_2': 0.2039666482559224, 'beta_3': 0.0010520697390485308, 'beta_4': 7.831221566761367, 'beta_5': 33.792996080156406, 'beta_6': 0.04528059920188941, 'beta_7': 0.015549970596360117, 'beta_8': 3.813128741691399e-05, 'beta_9': 5.872880781901291e-07}. Best is trial 691 with value: 6538.461030825155.
[I 2026-04-01 11:03:13,291] Trial 1946 finished with value: 6738.508925021222 and parameters: {'alpha_0': 0.000707231534977538, 'alpha_1': 5.595367829301699e-05, 'alpha_2': 4.877498178147574e-05, 'beta_0': 0.09414856911728321, 'beta_1': 6.071861702003088, 'beta_2': 0.21660341304171138, 'beta_3': 0.0009393342419802134, 'beta_4': 5.338376649715808, 'beta_5': 34.8895978982649, 'beta_6': 0.04331226975318866, 'beta_7': 0.016111694688368466, 'beta_8': 3.9993655617411246e-05, 'beta_9': 7.017773007481691e-07}. Best is trial 691 with value: 6538.461030825155.
[I 2026-04-01 11:03:22,883] Trial 1947 finished with value: 7001.045264120461 and parameters: {'alpha_0': 0.0007734432596355831, 'alpha_1': 5.2999566025353465e-05, 'alpha_2': 4.400690425818216e-05, 'beta_0': 0.08212088876400406, 'beta_1': 5.35203669328211, 'beta_2': 0.2111197657045668, 'beta_3': 0.0009749520227951668, 'beta_4': 5.485884868183235, 'beta_5': 34.11568554176497, 'beta_6': 0.0411383511939006, 'beta_7': 0.015454683507552027, 'beta_8': 3.7128825073998924e-05, 'beta_9': 5.284048593691582e-07}. Best is trial 691 with value: 6538.461030825155.
[I 2026-04-01 11:03:32,108] Trial 1948 finished with value: 6719.585372336312 and parameters: {'alpha_0': 0.0008083359554528896, 'alpha_1': 5.490549478888474e-05, 'alpha_2': 4.1784936037984636e-05, 'beta_0': 0.08948318161302216, 'beta_1': 7.132037079451447, 'beta_2': 0.2069726042363755, 'beta_3': 0.0010239560873998412, 'beta_4': 6.677348799798149, 'beta_5': 33.13177258965787, 'beta_6': 0.048603390951086026, 'beta_7': 0.01588219775720703, 'beta_8': 3.8474385155846525e-05, 'beta_9': 6.526407906806727e-07}. Best is trial 691 with value: 6538.461030825155.
[I 2026-04-01 11:03:41,261] Trial 1949 finished with value: 7105.612512873349 and parameters: {'alpha_0': 0.0005716467706699406, 'alpha_1': 5.903371442473823e-05, 'alpha_2': 4.702262167463987e-05, 'beta_0': 0.09576568340144796, 'beta_1': 6.7695498441371695, 'beta_2': 0.20164988687047075, 'beta_3': 0.0009596266431483998, 'beta_4': 6.790285708810814, 'beta_5': 35.456185726661616, 'beta_6': 0.04411331863999065, 'beta_7': 0.016460967113387466, 'beta_8': 3.902828943737697e-05, 'beta_9': 6.033828660092858e-07}. Best is trial 691 with value: 6538.461030825155.
