[I 2026-03-31 23:29:21,178] Trial 735 finished with value: 6818.599793761608 and parameters: {'alpha_0': 0.0006493727032490351, 'alpha_1': 5.381905652088041e-05, 'alpha_2': 4.0000176494092e-05, 'beta_0': 0.08101417190476186, 'beta_1': 6.010049015267379, 'beta_2': 0.2160594649321431, 'beta_3': 0.0010203444685054864, 'beta_4': 6.604657582480907, 'beta_5': 32.00806598765157, 'beta_6': 0.04003164644512144, 'beta_7': 0.01619524453808862, 'beta_8': 3.814465551193243e-05, 'beta_9': 6.543939830436648e-07}. Best is trial 691 with value: 6538.461030825155.Best trial: 691. Best value: 6538.46:  37%|███▋      | 735/2000 [1:50:36<2:26:58,  6.97s/it]Best trial: 691. Best value: 6538.46:  37%|███▋      | 735/2000 [1:50:36<2:26:58,  6.97s/it]Best trial: 691. Best value: 6538.46:  37%|███▋      | 736/2000 [1:50:36<2:41:17,  7.66s/it]                                                                                            Best trial: 691. Best value: 6538.46:  37%|███▋      | 736/2000 [1:50:45<2:41:17,  7.66s/it]Best trial: 691. Best value: 6538.46:  37%|███▋      | 736/2000 [1:50:45<2:41:17,  7.66s/it]Best trial: 691. Best value: 6538.46:  37%|███▋      | 737/2000 [1:50:45<2:51:54,  8.17s/it]                                                                                            Best trial: 691. Best value: 6538.46:  37%|███▋      | 737/2000 [1:50:55<2:51:54,  8.17s/it]Best trial: 691. Best value: 6538.46:  37%|███▋      | 737/2000 [1:50:55<2:51:54,  8.17s/it]Best trial: 691. Best value: 6538.46:  37%|███▋      | 738/2000 [1:50:55<2:58:58,  8.51s/it]                                                                                            Best trial: 691. Best value: 6538.46:  37%|███▋      | 738/2000 [1:51:04<2:58:58,  8.51s/it]Best trial: 691. Best value: 6538.46:  37%|███▋      | 738/2000 [1:51:04<2:58:58,  8.51s/it]Best trial: 691. Best value: 6538.46:  37%|███▋      | 739/2000 [1:51:04<3:04:09,  8.76s/it]                                                                                            Best trial: 691. Best value: 6538.46:  37%|███▋      | 739/2000 [1:51:13<3:04:09,  8.76s/it]Best trial: 691. Best value: 6538.46:  37%|███▋      | 739/2000 [1:51:13<3:04:09,  8.76s/it]Best trial: 691. Best value: 6538.46:  37%|███▋      | 740/2000 [1:51:13<3:07:05,  8.91s/it]                                                                                            Best trial: 691. Best value: 6538.46:  37%|███▋      | 740/2000 [1:51:23<3:07:05,  8.91s/it]Best trial: 691. Best value: 6538.46:  37%|███▋      | 740/2000 [1:51:23<3:07:05,  8.91s/it]Best trial: 691. Best value: 6538.46:  37%|███▋      | 741/2000 [1:51:23<3:09:12,  9.02s/it]                                                                                            Best trial: 691. Best value: 6538.46:  37%|███▋      | 741/2000 [1:51:32<3:09:12,  9.02s/it]Best trial: 691. Best value: 6538.46:  37%|███▋      | 741/2000 [1:51:32<3:09:12,  9.02s/it]Best trial: 691. Best value: 6538.46:  37%|███▋      | 742/2000 [1:51:32<3:10:31,  9.09s/it]                                                                                            Best trial: 691. Best value: 6538.46:  37%|███▋      | 742/2000 [1:51:41<3:10:31,  9.09s/it]Best trial: 691. Best value: 6538.46:  37%|███▋      | 742/2000 [1:51:41<3:10:31,  9.09s/it]Best trial: 691. Best value: 6538.46:  37%|███▋      | 743/2000 [1:51:41<3:12:08,  9.17s/it]                                                                                            Best trial: 691. Best value: 6538.46:  37%|███▋      | 743/2000 [1:51:51<3:12:08,  9.17s/it]Best trial: 691. Best value: 6538.46:  37%|███▋      | 743/2000 [1:51:51<3:12:08,  9.17s/it]Best trial: 691. Best value: 6538.46:  37%|███▋      | 744/2000 [1:51:51<3:12:46,  9.21s/it]                                                                                            Best trial: 691. Best value: 6538.46:  37%|███▋      | 744/2000 [1:52:00<3:12:46,  9.21s/it]Best trial: 691. Best value: 6538.46:  37%|███▋      | 744/2000 [1:52:00<3:12:46,  9.21s/it]Best trial: 691. Best value: 6538.46:  37%|███▋      | 745/2000 [1:52:00<3:13:15,  9.24s/it]                                                                                            Best trial: 691. Best value: 6538.46:  37%|███▋      | 745/2000 [1:52:09<3:13:15,  9.24s/it]Best trial: 691. Best value: 6538.46:  37%|███▋      | 745/2000 [1:52:09<3:13:15,  9.24s/it]Best trial: 691. Best value: 6538.46:  37%|███▋      | 746/2000 [1:52:09<3:13:14,  9.25s/it]                                                                                            Best trial: 691. Best value: 6538.46:  37%|███▋      | 746/2000 [1:52:18<3:13:14,  9.25s/it]Best trial: 691. Best value: 6538.46:  37%|███▋      | 746/2000 [1:52:18<3:13:14,  9.25s/it]Best trial: 691. Best value: 6538.46:  37%|███▋      | 747/2000 [1:52:18<3:13:01,  9.24s/it]                                                                                            Best trial: 691. Best value: 6538.46:  37%|███▋      | 747/2000 [1:52:28<3:13:01,  9.24s/it]Best trial: 691. Best value: 6538.46:  37%|███▋      | 747/2000 [1:52:28<3:13:01,  9.24s/it]Best trial: 691. Best value: 6538.46:  37%|███▋      | 748/2000 [1:52:28<3:13:03,  9.25s/it]                                                                                            Best trial: 691. Best value: 6538.46:  37%|███▋      | 748/2000 [1:52:37<3:13:03,  9.25s/it]Best trial: 691. Best value: 6538.46:  37%|███▋      | 748/2000 [1:52:37<3:13:03,  9.25s/it]Best trial: 691. Best value: 6538.46:  37%|███▋      | 749/2000 [1:52:37<3:13:13,  9.27s/it]                                                                                            Best trial: 691. Best value: 6538.46:  37%|███▋      | 749/2000 [1:52:46<3:13:13,  9.27s/it]Best trial: 691. Best value: 6538.46:  37%|███▋      | 749/2000 [1:52:46<3:13:13,  9.27s/it]Best trial: 691. Best value: 6538.46:  38%|███▊      | 750/2000 [1:52:46<3:13:31,  9.29s/it]                                                                                            
[I 2026-03-31 23:29:30,535] Trial 736 finished with value: 6586.332239431371 and parameters: {'alpha_0': 0.000577991754063964, 'alpha_1': 5.017052422294999e-05, 'alpha_2': 4.49840468481275e-05, 'beta_0': 0.09236491574730354, 'beta_1': 5.042206527721314, 'beta_2': 0.21278217734947732, 'beta_3': 0.0009405111754458217, 'beta_4': 6.3363986541497255, 'beta_5': 33.45183762050547, 'beta_6': 0.04214768844108705, 'beta_7': 0.015735709027470495, 'beta_8': 3.998686840640633e-05, 'beta_9': 7.272513397740987e-07}. Best is trial 691 with value: 6538.461030825155.
[I 2026-03-31 23:29:39,843] Trial 737 finished with value: 6931.973118296501 and parameters: {'alpha_0': 0.0006072899104843146, 'alpha_1': 5.190164422429314e-05, 'alpha_2': 4.269938400332856e-05, 'beta_0': 0.09938642535143805, 'beta_1': 6.235573785911955, 'beta_2': 0.20808203916049417, 'beta_3': 0.0009020303727559263, 'beta_4': 6.408782715088358, 'beta_5': 34.1696890717708, 'beta_6': 0.08961758351218657, 'beta_7': 0.016332248576265536, 'beta_8': 3.883280699102808e-05, 'beta_9': 7.033746875839504e-07}. Best is trial 691 with value: 6538.461030825155.
[I 2026-03-31 23:29:49,198] Trial 738 finished with value: 7012.693743917245 and parameters: {'alpha_0': 0.0006809821939210669, 'alpha_1': 5.613048155588139e-05, 'alpha_2': 4.3576178275712454e-05, 'beta_0': 0.083810904669809, 'beta_1': 6.439842312810372, 'beta_2': 0.20125523652104516, 'beta_3': 0.0010609917693741454, 'beta_4': 6.85523394258717, 'beta_5': 31.5353339192545, 'beta_6': 0.043226901131529195, 'beta_7': 0.015314247854857917, 'beta_8': 3.9413105806624154e-05, 'beta_9': 5.844050219702577e-07}. Best is trial 691 with value: 6538.461030825155.
[I 2026-03-31 23:29:58,448] Trial 739 finished with value: 6650.851735408631 and parameters: {'alpha_0': 0.0007465152175594885, 'alpha_1': 5.1697942678118606e-05, 'alpha_2': 4.130098131385308e-05, 'beta_0': 0.07799584139465063, 'beta_1': 5.697062544752092, 'beta_2': 0.21026132609167716, 'beta_3': 0.0009867130481531826, 'beta_4': 6.671672302265767, 'beta_5': 32.51010760877223, 'beta_6': 0.04126684950982188, 'beta_7': 0.015845851364529106, 'beta_8': 3.741475304763645e-05, 'beta_9': 6.436391107815885e-07}. Best is trial 691 with value: 6538.461030825155.
[I 2026-03-31 23:30:07,718] Trial 740 finished with value: 6677.9566809113785 and parameters: {'alpha_0': 0.0006401340366654388, 'alpha_1': 5.404541711767177e-05, 'alpha_2': 4.516530555769115e-05, 'beta_0': 0.08876845403334177, 'beta_1': 6.0393902364769785, 'beta_2': 0.20503676631006354, 'beta_3': 0.000952134101582835, 'beta_4': 6.222810811804595, 'beta_5': 33.02501248377917, 'beta_6': 0.04228490141273941, 'beta_7': 0.015589523155115035, 'beta_8': 3.8509242347885046e-05, 'beta_9': 7.641750273714798e-07}. Best is trial 691 with value: 6538.461030825155.
[I 2026-03-31 23:30:16,967] Trial 741 finished with value: 6696.117564729913 and parameters: {'alpha_0': 0.0005746239341356673, 'alpha_1': 5.007488365304075e-05, 'alpha_2': 4.292569152307891e-05, 'beta_0': 0.09497554208971559, 'beta_1': 5.570982856428758, 'beta_2': 0.20735887938061376, 'beta_3': 0.001014754573032073, 'beta_4': 6.54834938928368, 'beta_5': 33.65574191355556, 'beta_6': 0.040988490687699726, 'beta_7': 0.015964505918607683, 'beta_8': 3.784367380370617e-05, 'beta_9': 6.795306790775693e-07}. Best is trial 691 with value: 6538.461030825155.
[I 2026-03-31 23:30:26,336] Trial 742 finished with value: 6786.942409180274 and parameters: {'alpha_0': 0.0006981455606893658, 'alpha_1': 5.00179343728759e-05, 'alpha_2': 5.8940358905347345e-05, 'beta_0': 0.10593109103519836, 'beta_1': 6.263805087433261, 'beta_2': 0.2146589284959066, 'beta_3': 0.0009269524835923554, 'beta_4': 6.452671278661566, 'beta_5': 32.09836287447794, 'beta_6': 0.04330141113549632, 'beta_7': 0.01619158385712227, 'beta_8': 3.907850122272453e-05, 'beta_9': 7.340919925991129e-07}. Best is trial 691 with value: 6538.461030825155.
[I 2026-03-31 23:30:35,633] Trial 743 finished with value: 7075.655521750032 and parameters: {'alpha_0': 0.0006637528041736578, 'alpha_1': 5.6111310879354315e-05, 'alpha_2': 4.155579861361101e-05, 'beta_0': 0.08257526051990828, 'beta_1': 5.838467100047782, 'beta_2': 0.20914122180887867, 'beta_3': 0.001037551854041433, 'beta_4': 6.3302575070314875, 'beta_5': 31.167009151298164, 'beta_6': 0.04086553814075993, 'beta_7': 0.016497823556000848, 'beta_8': 3.9419092286717144e-05, 'beta_9': 6.277410780876112e-07}. Best is trial 691 with value: 6538.461030825155.
[I 2026-03-31 23:30:44,943] Trial 744 finished with value: 7268.17700316159 and parameters: {'alpha_0': 0.0006111677626858888, 'alpha_1': 5.365525736748162e-05, 'alpha_2': 4.407438231787179e-05, 'beta_0': 0.07778735095347193, 'beta_1': 5.302342614297369, 'beta_2': 0.2111056658284664, 'beta_3': 0.0008997439682349329, 'beta_4': 6.558548416452594, 'beta_5': 32.88860094645145, 'beta_6': 0.042306210300363904, 'beta_7': 0.015294735254251667, 'beta_8': 3.8508426344915384e-05, 'beta_9': 6.692277182736849e-07}. Best is trial 691 with value: 6538.461030825155.
[I 2026-03-31 23:30:54,205] Trial 745 finished with value: 6624.512625190623 and parameters: {'alpha_0': 0.0007221801236445386, 'alpha_1': 5.0012763369075385e-05, 'alpha_2': 4.196237485419921e-05, 'beta_0': 0.09070893223613587, 'beta_1': 6.099314411353798, 'beta_2': 0.2180681969691676, 'beta_3': 0.0009984411532374144, 'beta_4': 6.767678906737148, 'beta_5': 32.31747184059834, 'beta_6': 0.04357089124605997, 'beta_7': 0.015634519681240418, 'beta_8': 3.6634659096977423e-05, 'beta_9': 7.090163116384814e-07}. Best is trial 691 with value: 6538.461030825155.
[I 2026-03-31 23:31:03,440] Trial 746 finished with value: 6695.905036414111 and parameters: {'alpha_0': 0.0005446359254815359, 'alpha_1': 5.235496507793445e-05, 'alpha_2': 4.015491532205183e-05, 'beta_0': 0.08446092305661716, 'beta_1': 6.363017060936262, 'beta_2': 0.2036489821757876, 'beta_3': 0.0009676355543939493, 'beta_4': 6.212133008341037, 'beta_5': 33.79731026684424, 'beta_6': 0.04112499989968546, 'beta_7': 0.015978184818373875, 'beta_8': 3.996592319590905e-05, 'beta_9': 7.627738210457147e-07}. Best is trial 691 with value: 6538.461030825155.
[I 2026-03-31 23:31:12,713] Trial 747 finished with value: 6961.029387118855 and parameters: {'alpha_0': 0.0006365473074232556, 'alpha_1': 5.522390350933998e-05, 'alpha_2': 4.3592520729098796e-05, 'beta_0': 0.09779441748089918, 'beta_1': 5.658031947309971, 'beta_2': 0.2068585428150939, 'beta_3': 0.0009385923190008963, 'beta_4': 6.42417242159232, 'beta_5': 33.21469839615267, 'beta_6': 0.04007573707676155, 'beta_7': 0.015487772529961127, 'beta_8': 3.771538488721114e-05, 'beta_9': 7.271356388943045e-07}. Best is trial 691 with value: 6538.461030825155.
[I 2026-03-31 23:31:22,016] Trial 748 finished with value: 6609.684038063152 and parameters: {'alpha_0': 0.000751164601702093, 'alpha_1': 5.693567075405448e-05, 'alpha_2': 4.148553896181236e-05, 'beta_0': 0.08719337187676937, 'beta_1': 5.98813399136612, 'beta_2': 0.2133016808472796, 'beta_3': 0.0009186364337732565, 'beta_4': 6.62937584449273, 'beta_5': 31.69061337681867, 'beta_6': 0.042175107743549774, 'beta_7': 0.015761019458578968, 'beta_8': 3.881348725503917e-05, 'beta_9': 6.964860863399932e-07}. Best is trial 691 with value: 6538.461030825155.
[I 2026-03-31 23:31:31,358] Trial 749 finished with value: 7505.152183843667 and parameters: {'alpha_0': 0.0006913051798478192, 'alpha_1': 5.3233638194125954e-05, 'alpha_2': 4.501696311343882e-05, 'beta_0': 0.07755762930916872, 'beta_1': 6.493246961248191, 'beta_2': 0.20525029519045168, 'beta_3': 0.0009826112711179352, 'beta_4': 6.3014075462891315, 'beta_5': 34.503852336218145, 'beta_6': 0.04371190965536324, 'beta_7': 0.015013296743316612, 'beta_8': 3.824143528955023e-05, 'beta_9': 6.047317559439509e-07}. Best is trial 691 with value: 6538.461030825155.
[I 2026-03-31 23:31:40,693] Trial 750 finished with value: inf and parameters: {'alpha_0': 0.0005810684764767125, 'alpha_1': 5.213935674364595e-05, 'alpha_2': 4.2725369162431854e-05, 'beta_0': 0.09000331593840334, 'beta_1': 5.837094246590477, 'beta_2': 0.20928642769927205, 'beta_3': 0.0009568437688467436, 'beta_4': 6.497401095620094, 'beta_5': 32.54121681364115, 'beta_6': 0.041083005269661486, 'beta_7': 0.017021714277643093, 'beta_8': 3.707987052378907e-05, 'beta_9': 6.5427171558393e-07}. Best is trial 691 with value: 6538.461030825155.Best trial: 691. Best value: 6538.46:  38%|███▊      | 750/2000 [1:52:56<3:13:31,  9.29s/it]Best trial: 691. Best value: 6538.46:  38%|███▊      | 750/2000 [1:52:56<3:13:31,  9.29s/it]Best trial: 691. Best value: 6538.46:  38%|███▊      | 751/2000 [1:52:56<3:13:39,  9.30s/it]                                                                                            Best trial: 691. Best value: 6538.46:  38%|███▊      | 751/2000 [1:53:05<3:13:39,  9.30s/it]Best trial: 691. Best value: 6538.46:  38%|███▊      | 751/2000 [1:53:05<3:13:39,  9.30s/it]Best trial: 691. Best value: 6538.46:  38%|███▊      | 752/2000 [1:53:05<3:12:46,  9.27s/it]                                                                                            Best trial: 691. Best value: 6538.46:  38%|███▊      | 752/2000 [1:53:14<3:12:46,  9.27s/it]Best trial: 691. Best value: 6538.46:  38%|███▊      | 752/2000 [1:53:14<3:12:46,  9.27s/it]Best trial: 691. Best value: 6538.46:  38%|███▊      | 753/2000 [1:53:14<3:11:58,  9.24s/it]                                                                                            Best trial: 691. Best value: 6538.46:  38%|███▊      | 753/2000 [1:53:23<3:11:58,  9.24s/it]Best trial: 691. Best value: 6538.46:  38%|███▊      | 753/2000 [1:53:23<3:11:58,  9.24s/it]Best trial: 691. Best value: 6538.46:  38%|███▊      | 754/2000 [1:53:23<3:11:59,  9.25s/it]                                                                                            Best trial: 691. Best value: 6538.46:  38%|███▊      | 754/2000 [1:53:33<3:11:59,  9.25s/it]Best trial: 691. Best value: 6538.46:  38%|███▊      | 754/2000 [1:53:33<3:11:59,  9.25s/it]Best trial: 691. Best value: 6538.46:  38%|███▊      | 755/2000 [1:53:33<3:11:58,  9.25s/it]                                                                                            Best trial: 691. Best value: 6538.46:  38%|███▊      | 755/2000 [1:53:42<3:11:58,  9.25s/it]Best trial: 691. Best value: 6538.46:  38%|███▊      | 755/2000 [1:53:42<3:11:58,  9.25s/it]Best trial: 691. Best value: 6538.46:  38%|███▊      | 756/2000 [1:53:42<3:12:12,  9.27s/it]                                                                                            Best trial: 691. Best value: 6538.46:  38%|███▊      | 756/2000 [1:53:51<3:12:12,  9.27s/it]Best trial: 691. Best value: 6538.46:  38%|███▊      | 756/2000 [1:53:51<3:12:12,  9.27s/it]Best trial: 691. Best value: 6538.46:  38%|███▊      | 757/2000 [1:53:51<3:12:09,  9.28s/it]                                                                                            Best trial: 691. Best value: 6538.46:  38%|███▊      | 757/2000 [1:54:00<3:12:09,  9.28s/it]Best trial: 691. Best value: 6538.46:  38%|███▊      | 757/2000 [1:54:00<3:12:09,  9.28s/it]Best trial: 691. Best value: 6538.46:  38%|███▊      | 758/2000 [1:54:00<3:12:17,  9.29s/it]                                                                                            Best trial: 691. Best value: 6538.46:  38%|███▊      | 758/2000 [1:54:10<3:12:17,  9.29s/it]Best trial: 691. Best value: 6538.46:  38%|███▊      | 758/2000 [1:54:10<3:12:17,  9.29s/it]Best trial: 691. Best value: 6538.46:  38%|███▊      | 759/2000 [1:54:10<3:12:00,  9.28s/it]                                                                                            Best trial: 691. Best value: 6538.46:  38%|███▊      | 759/2000 [1:54:19<3:12:00,  9.28s/it]Best trial: 691. Best value: 6538.46:  38%|███▊      | 759/2000 [1:54:19<3:12:00,  9.28s/it]Best trial: 691. Best value: 6538.46:  38%|███▊      | 760/2000 [1:54:19<3:12:03,  9.29s/it]                                                                                            Best trial: 691. Best value: 6538.46:  38%|███▊      | 760/2000 [1:54:21<3:12:03,  9.29s/it]Best trial: 691. Best value: 6538.46:  38%|███▊      | 760/2000 [1:54:21<3:12:03,  9.29s/it]Best trial: 691. Best value: 6538.46:  38%|███▊      | 761/2000 [1:54:21<2:23:40,  6.96s/it]                                                                                            Best trial: 691. Best value: 6538.46:  38%|███▊      | 761/2000 [1:54:30<2:23:40,  6.96s/it]Best trial: 691. Best value: 6538.46:  38%|███▊      | 761/2000 [1:54:30<2:23:40,  6.96s/it]Best trial: 691. Best value: 6538.46:  38%|███▊      | 762/2000 [1:54:30<2:37:51,  7.65s/it]                                                                                            Best trial: 691. Best value: 6538.46:  38%|███▊      | 762/2000 [1:54:39<2:37:51,  7.65s/it]Best trial: 691. Best value: 6538.46:  38%|███▊      | 762/2000 [1:54:39<2:37:51,  7.65s/it]Best trial: 691. Best value: 6538.46:  38%|███▊      | 763/2000 [1:54:39<2:48:20,  8.16s/it]                                                                                            Best trial: 691. Best value: 6538.46:  38%|███▊      | 763/2000 [1:54:49<2:48:20,  8.16s/it]Best trial: 691. Best value: 6538.46:  38%|███▊      | 763/2000 [1:54:49<2:48:20,  8.16s/it]Best trial: 691. Best value: 6538.46:  38%|███▊      | 764/2000 [1:54:49<2:55:28,  8.52s/it]                                                                                            Best trial: 691. Best value: 6538.46:  38%|███▊      | 764/2000 [1:54:58<2:55:28,  8.52s/it]Best trial: 691. Best value: 6538.46:  38%|███▊      | 764/2000 [1:54:58<2:55:28,  8.52s/it]Best trial: 691. Best value: 6538.46:  38%|███▊      | 765/2000 [1:54:58<3:00:06,  8.75s/it]                                                                                            
[I 2026-03-31 23:31:49,878] Trial 751 finished with value: 6783.599789296086 and parameters: {'alpha_0': 0.0006414968215368821, 'alpha_1': 5.480222292927615e-05, 'alpha_2': 4.11685964538234e-05, 'beta_0': 0.09510561898174785, 'beta_1': 5.433194776202542, 'beta_2': 0.20174890286997837, 'beta_3': 0.0010415540323491707, 'beta_4': 6.184223857318732, 'beta_5': 33.250608004730154, 'beta_6': 0.04002255607473641, 'beta_7': 0.016237529004803155, 'beta_8': 3.938751823548225e-05, 'beta_9': 7.40596670966348e-07}. Best is trial 691 with value: 6538.461030825155.
[I 2026-03-31 23:31:59,042] Trial 752 finished with value: 7119.785632390167 and parameters: {'alpha_0': 0.0006095606582951938, 'alpha_1': 5.004196239203682e-05, 'alpha_2': 4.528434704347535e-05, 'beta_0': 0.08135868343169912, 'beta_1': 6.152183091781468, 'beta_2': 0.2110712088666366, 'beta_3': 0.0010034852695863681, 'beta_4': 6.718654704217467, 'beta_5': 31.258842687759305, 'beta_6': 0.0423247080561158, 'beta_7': 0.016601106968120654, 'beta_8': 3.889028427086914e-05, 'beta_9': 6.756410272177859e-07}. Best is trial 691 with value: 6538.461030825155.
[I 2026-03-31 23:32:08,308] Trial 753 finished with value: 6675.187058835443 and parameters: {'alpha_0': 0.0006618242249823747, 'alpha_1': 5.676878429843762e-05, 'alpha_2': 4.003934828096752e-05, 'beta_0': 0.0869394339277524, 'beta_1': 5.739777191504786, 'beta_2': 0.2074140090113774, 'beta_3': 0.0009062424861018925, 'beta_4': 6.377830424514932, 'beta_5': 32.157303395883766, 'beta_6': 0.04202554992638505, 'beta_7': 0.015957021483900675, 'beta_8': 3.8101694475363494e-05, 'beta_9': 1.7230199154080598e-06}. Best is trial 691 with value: 6538.461030825155.
