[I 2026-04-01 09:31:11,237] Trial 1338 finished with value: 6748.660810477271 and parameters: {'alpha_0': 0.0005797931966566988, 'alpha_1': 5.1872051052140347e-05, 'alpha_2': 0.00010368164964840942, 'beta_0': 0.09166558887489193, 'beta_1': 6.300265971032699, 'beta_2': 0.23001305526736998, 'beta_3': 0.0010056004009572777, 'beta_4': 6.48439702949473, 'beta_5': 34.46108293490749, 'beta_6': 0.04256184302419224, 'beta_7': 0.015942977300037676, 'beta_8': 2.3481219675237054e-05, 'beta_9': 7.201545160516148e-07}. Best is trial 691 with value: 6538.461030825155.
[I 2026-04-01 09:31:20,683] Trial 1339 finished with value: 7071.729260711672 and parameters: {'alpha_0': 0.0006786650388310814, 'alpha_1': 0.00012017897932413055, 'alpha_2': 4.322685473561316e-05, 'beta_0': 0.0952403284636942, 'beta_1': 5.863338353973528, 'beta_2': 0.23946141062321608, 'beta_3': 0.0008393057839140922, 'beta_4': 6.717103542367136, 'beta_5': 36.48061045580688, 'beta_6': 0.041121182067217876, 'beta_7': 0.015524930554571072, 'beta_8': 3.756005669975573e-05, 'beta_9': 8.032627024197528e-07}. Best is trial 691 with value: 6538.461030825155.
[I 2026-04-01 09:31:29,933] Trial 1340 finished with value: 7115.795687264317 and parameters: {'alpha_0': 0.0006318941729732386, 'alpha_1': 5.516217622715615e-05, 'alpha_2': 4.1296115403337805e-05, 'beta_0': 0.08809703043260052, 'beta_1': 6.841978569394799, 'beta_2': 0.2390626694806646, 'beta_3': 0.0009010841862705792, 'beta_4': 7.176785145650444, 'beta_5': 35.49771500519225, 'beta_6': 0.04450125138236625, 'beta_7': 0.016598276531608818, 'beta_8': 3.1401496424881426e-05, 'beta_9': 6.99770359927377e-07}. Best is trial 691 with value: 6538.461030825155.
[I 2026-04-01 09:31:39,129] Trial 1341 finished with value: 6563.052219551312 and parameters: {'alpha_0': 0.0005949484605608409, 'alpha_1': 5.7779718343246266e-05, 'alpha_2': 4.366825276780471e-05, 'beta_0': 0.10276597618711117, 'beta_1': 5.535109780932007, 'beta_2': 0.215149273526142, 'beta_3': 0.0010327965600446056, 'beta_4': 6.331394363034265, 'beta_5': 32.66203821804613, 'beta_6': 0.04190488329119341, 'beta_7': 0.015699189410889245, 'beta_8': 3.8468272382654055e-05, 'beta_9': 7.587582132593505e-07}. Best is trial 691 with value: 6538.461030825155.
[I 2026-04-01 09:31:48,400] Trial 1342 finished with value: 6806.976344488627 and parameters: {'alpha_0': 0.00249393129133105, 'alpha_1': 6.0850211728260096e-05, 'alpha_2': 4.280928367923087e-05, 'beta_0': 0.10458631950294722, 'beta_1': 5.310422979300695, 'beta_2': 0.21475890926373536, 'beta_3': 0.0010735636149307325, 'beta_4': 6.224375307867003, 'beta_5': 31.416256904564346, 'beta_6': 0.04524118130961868, 'beta_7': 0.016088846043800068, 'beta_8': 3.8296279322618895e-05, 'beta_9': 8.083734501368589e-07}. Best is trial 691 with value: 6538.461030825155.
[I 2026-04-01 09:31:57,714] Trial 1343 finished with value: 6653.884596878714 and parameters: {'alpha_0': 0.000663372379086226, 'alpha_1': 5.1741773534369924e-05, 'alpha_2': 4.0055061826932e-05, 'beta_0': 0.10736783563881794, 'beta_1': 5.530804998306283, 'beta_2': 0.23635483294796555, 'beta_3': 0.0010527237642391973, 'beta_4': 6.274966658360356, 'beta_5': 31.067848659203726, 'beta_6': 0.046505231287649634, 'beta_7': 0.015761307684549863, 'beta_8': 3.672242814300456e-05, 'beta_9': 7.764448557601326e-07}. Best is trial 691 with value: 6538.461030825155.
[I 2026-04-01 09:32:06,998] Trial 1344 finished with value: 7113.3110681259295 and parameters: {'alpha_0': 0.0007253626690983302, 'alpha_1': 5.883539459946986e-05, 'alpha_2': 4.000366483184512e-05, 'beta_0': 0.11311049964631856, 'beta_1': 5.145555457904632, 'beta_2': 0.23947237730706106, 'beta_3': 0.0010858972207240544, 'beta_4': 6.173123050013238, 'beta_5': 31.90137971574672, 'beta_6': 0.04279812219156446, 'beta_7': 0.015238411436786859, 'beta_8': 3.7408378549654674e-05, 'beta_9': 8.084714699206569e-07}. Best is trial 691 with value: 6538.461030825155.
[I 2026-04-01 09:32:16,290] Trial 1345 finished with value: 6778.739226079402 and parameters: {'alpha_0': 0.0014164504209237911, 'alpha_1': 5.333028019800968e-05, 'alpha_2': 4.264031151460007e-05, 'beta_0': 0.10239521631976288, 'beta_1': 5.623801933843843, 'beta_2': 0.2345009240905672, 'beta_3': 0.0008824155923984775, 'beta_4': 6.381776479830381, 'beta_5': 32.315580443333666, 'beta_6': 0.04378459855810764, 'beta_7': 0.016321739131228575, 'beta_8': 3.808227502430833e-05, 'beta_9': 7.576836296329543e-07}. Best is trial 691 with value: 6538.461030825155.
[I 2026-04-01 09:32:25,630] Trial 1346 finished with value: inf and parameters: {'alpha_0': 0.0006598596874016047, 'alpha_1': 5.652774729214641e-05, 'alpha_2': 4.359764556281874e-05, 'beta_0': 0.11088053832731531, 'beta_1': 5.282653597316095, 'beta_2': 0.21622166165768847, 'beta_3': 0.000937727216683211, 'beta_4': 6.267185703231615, 'beta_5': 32.474006506016934, 'beta_6': 0.04340510769253623, 'beta_7': 0.017734623956206865, 'beta_8': 3.943460143015192e-05, 'beta_9': 7.723230648172491e-07}. Best is trial 691 with value: 6538.461030825155.
[I 2026-04-01 09:32:34,923] Trial 1347 finished with value: 6661.683271039144 and parameters: {'alpha_0': 0.0006230798217367868, 'alpha_1': 5.179893605574634e-05, 'alpha_2': 4.195996104469831e-05, 'beta_0': 0.10939335585907083, 'beta_1': 5.457063976968494, 'beta_2': 0.21438960087512324, 'beta_3': 0.000955398801362788, 'beta_4': 6.105095709662603, 'beta_5': 32.71252606808089, 'beta_6': 0.042131293550510616, 'beta_7': 0.015890020810144366, 'beta_8': 3.875346664388666e-05, 'beta_9': 7.407808062617867e-07}. Best is trial 691 with value: 6538.461030825155.
[I 2026-04-01 09:32:44,130] Trial 1348 finished with value: 6675.049762931909 and parameters: {'alpha_0': 0.0007022023229255448, 'alpha_1': 5.003265861536461e-05, 'alpha_2': 4.381128417344795e-05, 'beta_0': 0.10880089707963107, 'beta_1': 5.310900124889471, 'beta_2': 0.23324381256066257, 'beta_3': 0.0010373049475729062, 'beta_4': 6.34599670181202, 'beta_5': 30.826436539601463, 'beta_6': 0.04434817608449806, 'beta_7': 0.01549060805931121, 'beta_8': 3.76445656413136e-05, 'beta_9': 8.085228824220337e-07}. Best is trial 691 with value: 6538.461030825155.
[I 2026-04-01 09:32:53,391] Trial 1349 finished with value: 6780.624933880339 and parameters: {'alpha_0': 0.0006031948501821687, 'alpha_1': 5.4628763625002274e-05, 'alpha_2': 4.1505299045127945e-05, 'beta_0': 0.1024527450918385, 'beta_1': 5.449600527857453, 'beta_2': 0.2318202172721426, 'beta_3': 0.0009864169856866228, 'beta_4': 6.315892624369996, 'beta_5': 31.90343364740921, 'beta_6': 0.045617806522936774, 'beta_7': 0.01611204872326681, 'beta_8': 3.909592440918113e-05, 'beta_9': 7.019883624770737e-07}. Best is trial 691 with value: 6538.461030825155.
[I 2026-04-01 09:33:02,724] Trial 1350 finished with value: 6721.8368391761405 and parameters: {'alpha_0': 0.000653590328999709, 'alpha_1': 6.146307658575009e-05, 'alpha_2': 4.1364564175762225e-05, 'beta_0': 0.10044502928064054, 'beta_1': 5.572724576138006, 'beta_2': 0.2365651873873312, 'beta_3': 0.000923941089658119, 'beta_4': 6.207999621640424, 'beta_5': 32.60803803779014, 'beta_6': 0.04283952585641569, 'beta_7': 0.015656487136062026, 'beta_8': 3.8281126586842776e-05, 'beta_9': 1.3115519203873907e-06}. Best is trial 691 with value: 6538.461030825155.Best trial: 691. Best value: 6538.46:  68%|██████▊   | 1350/2000 [11:54:18<1:40:25,  9.27s/it]Best trial: 691. Best value: 6538.46:  68%|██████▊   | 1350/2000 [11:54:18<1:40:25,  9.27s/it]Best trial: 691. Best value: 6538.46:  68%|██████▊   | 1351/2000 [11:54:18<1:40:28,  9.29s/it]                                                                                              Best trial: 691. Best value: 6538.46:  68%|██████▊   | 1351/2000 [11:54:27<1:40:28,  9.29s/it]Best trial: 691. Best value: 6538.46:  68%|██████▊   | 1351/2000 [11:54:27<1:40:28,  9.29s/it]Best trial: 691. Best value: 6538.46:  68%|██████▊   | 1352/2000 [11:54:27<1:40:38,  9.32s/it]                                                                                              Best trial: 691. Best value: 6538.46:  68%|██████▊   | 1352/2000 [11:54:36<1:40:38,  9.32s/it]Best trial: 691. Best value: 6538.46:  68%|██████▊   | 1352/2000 [11:54:36<1:40:38,  9.32s/it]Best trial: 691. Best value: 6538.46:  68%|██████▊   | 1353/2000 [11:54:36<1:40:18,  9.30s/it]                                                                                              Best trial: 691. Best value: 6538.46:  68%|██████▊   | 1353/2000 [11:54:46<1:40:18,  9.30s/it]Best trial: 691. Best value: 6538.46:  68%|██████▊   | 1353/2000 [11:54:46<1:40:18,  9.30s/it]Best trial: 691. Best value: 6538.46:  68%|██████▊   | 1354/2000 [11:54:46<1:40:45,  9.36s/it]                                                                                              Best trial: 691. Best value: 6538.46:  68%|██████▊   | 1354/2000 [11:54:55<1:40:45,  9.36s/it]Best trial: 691. Best value: 6538.46:  68%|██████▊   | 1354/2000 [11:54:55<1:40:45,  9.36s/it]Best trial: 691. Best value: 6538.46:  68%|██████▊   | 1355/2000 [11:54:55<1:40:14,  9.33s/it]                                                                                              Best trial: 691. Best value: 6538.46:  68%|██████▊   | 1355/2000 [11:55:04<1:40:14,  9.33s/it]Best trial: 691. Best value: 6538.46:  68%|██████▊   | 1355/2000 [11:55:04<1:40:14,  9.33s/it]Best trial: 691. Best value: 6538.46:  68%|██████▊   | 1356/2000 [11:55:04<1:40:03,  9.32s/it]                                                                                              Best trial: 691. Best value: 6538.46:  68%|██████▊   | 1356/2000 [11:55:14<1:40:03,  9.32s/it]Best trial: 691. Best value: 6538.46:  68%|██████▊   | 1356/2000 [11:55:14<1:40:03,  9.32s/it]Best trial: 691. Best value: 6538.46:  68%|██████▊   | 1357/2000 [11:55:14<1:39:47,  9.31s/it]                                                                                              Best trial: 691. Best value: 6538.46:  68%|██████▊   | 1357/2000 [11:55:23<1:39:47,  9.31s/it]Best trial: 691. Best value: 6538.46:  68%|██████▊   | 1357/2000 [11:55:23<1:39:47,  9.31s/it]Best trial: 691. Best value: 6538.46:  68%|██████▊   | 1358/2000 [11:55:23<1:39:23,  9.29s/it]                                                                                              Best trial: 691. Best value: 6538.46:  68%|██████▊   | 1358/2000 [11:55:32<1:39:23,  9.29s/it]Best trial: 691. Best value: 6538.46:  68%|██████▊   | 1358/2000 [11:55:32<1:39:23,  9.29s/it]Best trial: 691. Best value: 6538.46:  68%|██████▊   | 1359/2000 [11:55:32<1:39:22,  9.30s/it]                                                                                              Best trial: 691. Best value: 6538.46:  68%|██████▊   | 1359/2000 [11:55:42<1:39:22,  9.30s/it]Best trial: 691. Best value: 6538.46:  68%|██████▊   | 1359/2000 [11:55:42<1:39:22,  9.30s/it]Best trial: 691. Best value: 6538.46:  68%|██████▊   | 1360/2000 [11:55:42<1:39:12,  9.30s/it]                                                                                              Best trial: 691. Best value: 6538.46:  68%|██████▊   | 1360/2000 [11:55:51<1:39:12,  9.30s/it]Best trial: 691. Best value: 6538.46:  68%|██████▊   | 1360/2000 [11:55:51<1:39:12,  9.30s/it]Best trial: 691. Best value: 6538.46:  68%|██████▊   | 1361/2000 [11:55:51<1:39:02,  9.30s/it]                                                                                              Best trial: 691. Best value: 6538.46:  68%|██████▊   | 1361/2000 [11:56:00<1:39:02,  9.30s/it]Best trial: 691. Best value: 6538.46:  68%|██████▊   | 1361/2000 [11:56:00<1:39:02,  9.30s/it]Best trial: 691. Best value: 6538.46:  68%|██████▊   | 1362/2000 [11:56:00<1:38:24,  9.26s/it]                                                                                              Best trial: 691. Best value: 6538.46:  68%|██████▊   | 1362/2000 [11:56:09<1:38:24,  9.26s/it]Best trial: 691. Best value: 6538.46:  68%|██████▊   | 1362/2000 [11:56:09<1:38:24,  9.26s/it]Best trial: 691. Best value: 6538.46:  68%|██████▊   | 1363/2000 [11:56:09<1:38:16,  9.26s/it]                                                                                              Best trial: 691. Best value: 6538.46:  68%|██████▊   | 1363/2000 [11:56:19<1:38:16,  9.26s/it]Best trial: 691. Best value: 6538.46:  68%|██████▊   | 1363/2000 [11:56:19<1:38:16,  9.26s/it]Best trial: 691. Best value: 6538.46:  68%|██████▊   | 1364/2000 [11:56:19<1:38:33,  9.30s/it]                                                                                              Best trial: 691. Best value: 6538.46:  68%|██████▊   | 1364/2000 [11:56:28<1:38:33,  9.30s/it]Best trial: 691. Best value: 6538.46:  68%|██████▊   | 1364/2000 [11:56:28<1:38:33,  9.30s/it]Best trial: 691. Best value: 6538.46:  68%|██████▊   | 1365/2000 [11:56:28<1:38:17,  9.29s/it]                                                                                              
[I 2026-04-01 09:33:12,111] Trial 1351 finished with value: 7274.015010850944 and parameters: {'alpha_0': 0.0007597727976693086, 'alpha_1': 5.337953839784372e-05, 'alpha_2': 4.340554409147567e-05, 'beta_0': 0.10628686960262974, 'beta_1': 5.2853686466039225, 'beta_2': 0.23705007083992852, 'beta_3': 0.0009572951102662872, 'beta_4': 6.411039173759591, 'beta_5': 31.76530250273711, 'beta_6': 0.04173716120889347, 'beta_7': 0.015235271220744981, 'beta_8': 3.6351552676852334e-05, 'beta_9': 7.585682488801799e-07}. Best is trial 691 with value: 6538.461030825155.
[I 2026-04-01 09:33:21,374] Trial 1352 finished with value: 7005.663044637566 and parameters: {'alpha_0': 0.0006943134273263905, 'alpha_1': 5.738584909848266e-05, 'alpha_2': 4.003891254778573e-05, 'beta_0': 0.10556353013231991, 'beta_1': 5.15850588739597, 'beta_2': 0.2132014427363999, 'beta_3': 0.0008899482299081018, 'beta_4': 6.293522442626643, 'beta_5': 33.03022205945351, 'beta_6': 0.04376342937737008, 'beta_7': 0.016519829710892654, 'beta_8': 3.936763491328369e-05, 'beta_9': 7.204234920178135e-07}. Best is trial 691 with value: 6538.461030825155.
[I 2026-04-01 09:33:30,864] Trial 1353 finished with value: 7555.220638791025 and parameters: {'alpha_0': 0.0006084032542985969, 'alpha_1': 5.555326567963067e-05, 'alpha_2': 4.2566769623383095e-05, 'beta_0': 0.09847408124666718, 'beta_1': 5.664371415263922, 'beta_2': 0.23312847806860806, 'beta_3': 0.0008660671793740664, 'beta_4': 6.148659633376307, 'beta_5': 32.29200662211116, 'beta_6': 0.04194832571136648, 'beta_7': 0.015015938726914951, 'beta_8': 3.721327886517786e-05, 'beta_9': 7.85812868918616e-07}. Best is trial 691 with value: 6538.461030825155.
[I 2026-04-01 09:33:40,113] Trial 1354 finished with value: 6679.751153985576 and parameters: {'alpha_0': 0.0006479676791359118, 'alpha_1': 5.185941260609811e-05, 'alpha_2': 4.411889854688262e-05, 'beta_0': 0.0789574540243026, 'beta_1': 9.619502729661889, 'beta_2': 0.21965697844026547, 'beta_3': 0.0009109442097910197, 'beta_4': 6.431170157994213, 'beta_5': 31.337170533147866, 'beta_6': 0.041081660984951585, 'beta_7': 0.01594857674821661, 'beta_8': 1.3200392743401205e-05, 'beta_9': 6.830579148967927e-07}. Best is trial 691 with value: 6538.461030825155.
[I 2026-04-01 09:33:49,429] Trial 1355 finished with value: 6833.70462682709 and parameters: {'alpha_0': 0.000726349338972291, 'alpha_1': 5.000833988211243e-05, 'alpha_2': 4.151995490487257e-05, 'beta_0': 0.11415674168666787, 'beta_1': 5.484644283048625, 'beta_2': 0.21228094006935969, 'beta_3': 0.0009806953073615984, 'beta_4': 5.22554583060448, 'beta_5': 33.008825404537774, 'beta_6': 0.04287603377536919, 'beta_7': 0.015523519754941546, 'beta_8': 3.853446725875016e-05, 'beta_9': 1.3676082910384984e-06}. Best is trial 691 with value: 6538.461030825155.
[I 2026-04-01 09:33:58,714] Trial 1356 finished with value: 7053.491707975453 and parameters: {'alpha_0': 0.0005812083061561569, 'alpha_1': 5.4345592975972614e-05, 'alpha_2': 4.404235676181263e-05, 'beta_0': 0.09929515931746596, 'beta_1': 5.724885436141675, 'beta_2': 0.23771441337682156, 'beta_3': 0.0010234876066915976, 'beta_4': 6.369361882505401, 'beta_5': 32.22069195832314, 'beta_6': 0.04468931981738393, 'beta_7': 0.016896251642071897, 'beta_8': 3.797090723640951e-05, 'beta_9': 7.424734582919353e-07}. Best is trial 691 with value: 6538.461030825155.
[I 2026-04-01 09:34:07,950] Trial 1357 finished with value: 6766.777735152014 and parameters: {'alpha_0': 0.00067751709308073, 'alpha_1': 5.919583207896785e-05, 'alpha_2': 4.14119350225157e-05, 'beta_0': 0.1023596700442166, 'beta_1': 5.689850552765989, 'beta_2': 0.21129332696646203, 'beta_3': 0.0009380255857855663, 'beta_4': 6.0736891018340184, 'beta_5': 37.20258777125834, 'beta_6': 0.0419801434776843, 'beta_7': 0.016284867928211506, 'beta_8': 3.900352508115137e-05, 'beta_9': 6.829421650935054e-07}. Best is trial 691 with value: 6538.461030825155.
[I 2026-04-01 09:34:17,283] Trial 1358 finished with value: 6631.696039600573 and parameters: {'alpha_0': 0.0006319000244113363, 'alpha_1': 5.172497189139782e-05, 'alpha_2': 0.00011506897242679806, 'beta_0': 0.07544333876196972, 'beta_1': 5.15145860347126, 'beta_2': 0.2164811750200161, 'beta_3': 0.000827512147103442, 'beta_4': 6.208764752626156, 'beta_5': 33.12152710608484, 'beta_6': 0.04353335857800969, 'beta_7': 0.015811097002804208, 'beta_8': 3.950397842079497e-05, 'beta_9': 7.271515158420515e-07}. Best is trial 691 with value: 6538.461030825155.
[I 2026-04-01 09:34:26,581] Trial 1359 finished with value: 6739.847195997331 and parameters: {'alpha_0': 0.0008004967864090146, 'alpha_1': 5.003425660336556e-05, 'alpha_2': 0.00010864888101787962, 'beta_0': 0.10542177127403737, 'beta_1': 5.765632511876066, 'beta_2': 0.23379770475135853, 'beta_3': 0.0009948248646993606, 'beta_4': 6.449288725637918, 'beta_5': 36.22473074931385, 'beta_6': 0.040879603106570274, 'beta_7': 0.01601749725360713, 'beta_8': 3.565162598097294e-05, 'beta_9': 1.0727081499525533e-06}. Best is trial 691 with value: 6538.461030825155.
[I 2026-04-01 09:34:35,879] Trial 1360 finished with value: 6962.591156936802 and parameters: {'alpha_0': 0.0006081550056837785, 'alpha_1': 5.3436624005779294e-05, 'alpha_2': 4.255131314456498e-05, 'beta_0': 0.09757147439864726, 'beta_1': 5.442345831067784, 'beta_2': 0.21311138222289103, 'beta_3': 0.000957039318593794, 'beta_4': 6.309586099809574, 'beta_5': 32.6806574349141, 'beta_6': 0.046264806758469404, 'beta_7': 0.015472886006414728, 'beta_8': 2.9304293502300445e-05, 'beta_9': 6.973082765432929e-07}. Best is trial 691 with value: 6538.461030825155.
[I 2026-04-01 09:34:45,030] Trial 1361 finished with value: 6799.880599245385 and parameters: {'alpha_0': 0.000579841459506736, 'alpha_1': 5.619218787735761e-05, 'alpha_2': 4.406197195553279e-05, 'beta_0': 0.12106072739572822, 'beta_1': 5.5908916599317156, 'beta_2': 0.23060342874036174, 'beta_3': 0.0009147218413553066, 'beta_4': 6.494890511711937, 'beta_5': 30.60009933189479, 'beta_6': 0.04000973797012072, 'beta_7': 0.016363653252118984, 'beta_8': 3.948341823734288e-05, 'beta_9': 8.192491420687825e-07}. Best is trial 691 with value: 6538.461030825155.
[I 2026-04-01 09:34:54,290] Trial 1362 finished with value: 6572.334191566113 and parameters: {'alpha_0': 0.0006637165088126361, 'alpha_1': 5.7965654634507306e-05, 'alpha_2': 4.233144305937282e-05, 'beta_0': 0.10280166273410361, 'beta_1': 7.043907494039455, 'beta_2': 0.23582397055537183, 'beta_3': 0.0009709352353118604, 'beta_4': 7.31011355921172, 'beta_5': 31.546535113720658, 'beta_6': 0.042681267157301014, 'beta_7': 0.015718796325443356, 'beta_8': 3.847083731025087e-05, 'beta_9': 1.7447412764524403e-06}. Best is trial 691 with value: 6538.461030825155.
[I 2026-04-01 09:35:03,683] Trial 1363 finished with value: 7216.632471658286 and parameters: {'alpha_0': 0.0007525787842565181, 'alpha_1': 5.331088296470888e-05, 'alpha_2': 0.00011141870128609526, 'beta_0': 0.0698279895209387, 'beta_1': 5.944204388111783, 'beta_2': 0.2149021126617211, 'beta_3': 0.0009414444808644383, 'beta_4': 7.5987483570453165, 'beta_5': 33.14492257932184, 'beta_6': 0.04484341578462334, 'beta_7': 0.01524714969355988, 'beta_8': 3.997056776463568e-05, 'beta_9': 1.1703114429152103e-06}. Best is trial 691 with value: 6538.461030825155.
[I 2026-04-01 09:35:12,946] Trial 1364 finished with value: 7483.1356249913515 and parameters: {'alpha_0': 0.0024029957494095177, 'alpha_1': 5.483774007429272e-05, 'alpha_2': 4.001993548589785e-05, 'beta_0': 0.08413020051498818, 'beta_1': 5.839056636079879, 'beta_2': 0.22732454263115437, 'beta_3': 0.0010025372240590328, 'beta_4': 6.384513547441508, 'beta_5': 37.6975708909567, 'beta_6': 0.041903220467604474, 'beta_7': 0.01500001417250331, 'beta_8': 3.8910855919096305e-05, 'beta_9': 7.766419674631938e-07}. Best is trial 691 with value: 6538.461030825155.
