[I 2026-03-31 23:11:58,923] Trial 619 finished with value: 7199.11244954117 and parameters: {'alpha_0': 0.0007025247524752493, 'alpha_1': 5.3675102747771503e-05, 'alpha_2': 4.136509621885123e-05, 'beta_0': 0.07885677033573772, 'beta_1': 6.151988646028884, 'beta_2': 0.20344741384272008, 'beta_3': 0.0009486106489395152, 'beta_4': 6.512440900535834, 'beta_5': 32.47995003330306, 'beta_6': 0.04292681931728652, 'beta_7': 0.015331818561590887, 'beta_8': 3.899289897537751e-05, 'beta_9': 7.569658097881185e-07}. Best is trial 611 with value: 6566.811362286868.
[I 2026-03-31 23:12:08,224] Trial 620 finished with value: 6632.07826753307 and parameters: {'alpha_0': 0.000662217533662618, 'alpha_1': 5.1435383877407575e-05, 'alpha_2': 4.4713389924481155e-05, 'beta_0': 0.07160848199409238, 'beta_1': 5.485419775492424, 'beta_2': 0.20172272682070275, 'beta_3': 0.0009765260248227092, 'beta_4': 6.643207600587089, 'beta_5': 32.96939485862022, 'beta_6': 0.044100960219885715, 'beta_7': 0.015663129002794766, 'beta_8': 3.9475278833095126e-05, 'beta_9': 7.099818706232833e-07}. Best is trial 611 with value: 6566.811362286868.
[I 2026-03-31 23:12:17,477] Trial 621 finished with value: 6597.207492920977 and parameters: {'alpha_0': 0.000717754383910539, 'alpha_1': 5.546044290287199e-05, 'alpha_2': 4.165422569338934e-05, 'beta_0': 0.07447329128129576, 'beta_1': 5.8423039767827465, 'beta_2': 0.20596602583855547, 'beta_3': 0.0009197284210914588, 'beta_4': 6.559386798784452, 'beta_5': 32.1557195807312, 'beta_6': 0.042157118474879386, 'beta_7': 0.01586810602478976, 'beta_8': 3.791404549035605e-05, 'beta_9': 7.653994924024313e-07}. Best is trial 611 with value: 6566.811362286868.
[I 2026-03-31 23:12:26,697] Trial 622 finished with value: 7250.9635870079765 and parameters: {'alpha_0': 0.0007299932781671655, 'alpha_1': 5.5357966740231005e-05, 'alpha_2': 4.133938465153969e-05, 'beta_0': 0.07435988597986938, 'beta_1': 5.901447014270485, 'beta_2': 0.20621794434243856, 'beta_3': 0.0009402025132330443, 'beta_4': 6.8063063337171, 'beta_5': 31.92837378599323, 'beta_6': 0.042124038234300366, 'beta_7': 0.015278325621788788, 'beta_8': 3.796233958483758e-05, 'beta_9': 7.35140981135807e-07}. Best is trial 611 with value: 6566.811362286868.
[I 2026-03-31 23:12:36,009] Trial 623 finished with value: 6909.849124338107 and parameters: {'alpha_0': 0.0007084407306894434, 'alpha_1': 5.2695298377119835e-05, 'alpha_2': 4.297469281574613e-05, 'beta_0': 0.07974958659441046, 'beta_1': 5.684240492892913, 'beta_2': 0.2078846543404877, 'beta_3': 0.0009142715790024118, 'beta_4': 6.614422905731534, 'beta_5': 32.304028283755656, 'beta_6': 0.042575088658299474, 'beta_7': 0.015528019065796709, 'beta_8': 3.824387853509184e-05, 'beta_9': 7.836993588517976e-07}. Best is trial 611 with value: 6566.811362286868.
[I 2026-03-31 23:12:45,192] Trial 624 finished with value: 6570.729828318599 and parameters: {'alpha_0': 0.0006513617775800772, 'alpha_1': 5.623968754509965e-05, 'alpha_2': 4.011328479716961e-05, 'beta_0': 0.07717647028135285, 'beta_1': 6.035455149530124, 'beta_2': 0.20436544243866328, 'beta_3': 0.0009764803287446422, 'beta_4': 6.515112753677617, 'beta_5': 32.70543781375026, 'beta_6': 0.04079235283364749, 'beta_7': 0.015743826387316785, 'beta_8': 3.9237838058894604e-05, 'beta_9': 7.574880595002744e-07}. Best is trial 611 with value: 6566.811362286868.
[I 2026-03-31 23:12:54,435] Trial 625 finished with value: 6785.7061340530145 and parameters: {'alpha_0': 0.0006531657885716452, 'alpha_1': 5.580893538474379e-05, 'alpha_2': 4.010659880526169e-05, 'beta_0': 0.0818148550431875, 'beta_1': 5.812872438710851, 'beta_2': 0.205188541522829, 'beta_3': 0.0009715329434980249, 'beta_4': 6.486803128759208, 'beta_5': 32.60060800773748, 'beta_6': 0.040882681659856805, 'beta_7': 0.01619407089029418, 'beta_8': 3.932875405712256e-05, 'beta_9': 7.428617259079958e-07}. Best is trial 611 with value: 6566.811362286868.
[I 2026-03-31 23:13:03,668] Trial 626 finished with value: 6571.598010001333 and parameters: {'alpha_0': 0.0006504009676710975, 'alpha_1': 5.342436720788462e-05, 'alpha_2': 4.0310201479958557e-05, 'beta_0': 0.0783733216257007, 'beta_1': 5.984983494559917, 'beta_2': 0.20796641908297142, 'beta_3': 0.0009190969474453796, 'beta_4': 6.517777359169026, 'beta_5': 32.05159599872971, 'beta_6': 0.04006125125328306, 'beta_7': 0.015814728884131407, 'beta_8': 3.9971433367585375e-05, 'beta_9': 7.325842845937901e-07}. Best is trial 611 with value: 6566.811362286868.
[I 2026-03-31 23:13:12,978] Trial 627 finished with value: 6575.035883087043 and parameters: {'alpha_0': 0.0006783608519736289, 'alpha_1': 5.00240059277501e-05, 'alpha_2': 4.162934774449684e-05, 'beta_0': 0.07899807833382146, 'beta_1': 6.221524545352995, 'beta_2': 0.2081090844456054, 'beta_3': 0.0009258491770131332, 'beta_4': 6.527367598250098, 'beta_5': 32.21501374424451, 'beta_6': 0.04063201883389242, 'beta_7': 0.015776667187468268, 'beta_8': 3.890338392040448e-05, 'beta_9': 6.928850544488845e-07}. Best is trial 611 with value: 6566.811362286868.
[I 2026-03-31 23:13:22,092] Trial 628 finished with value: 6559.85146146746 and parameters: {'alpha_0': 0.0006397288163938888, 'alpha_1': 5.107854136946793e-05, 'alpha_2': 4.14226049102943e-05, 'beta_0': 0.08159362437397956, 'beta_1': 6.075414954704582, 'beta_2': 0.2075341585779479, 'beta_3': 0.0009423703554039705, 'beta_4': 6.525907821906718, 'beta_5': 33.061145873939246, 'beta_6': 0.0402174697763141, 'beta_7': 0.01580659211275432, 'beta_8': 3.978692710596995e-05, 'beta_9': 6.906921773683408e-07}. Best is trial 628 with value: 6559.85146146746.
[I 2026-03-31 23:13:31,342] Trial 629 finished with value: 6566.743914060557 and parameters: {'alpha_0': 0.0006252294253307215, 'alpha_1': 5.0557900561377624e-05, 'alpha_2': 4.186787326163922e-05, 'beta_0': 0.0815886766296744, 'beta_1': 6.092872903181968, 'beta_2': 0.2092885049008225, 'beta_3': 0.0009521811239980177, 'beta_4': 6.536636990025007, 'beta_5': 32.23899649640093, 'beta_6': 0.040360667729342346, 'beta_7': 0.01576389308114096, 'beta_8': 3.9321501127643165e-05, 'beta_9': 7.020038952110152e-07}. Best is trial 628 with value: 6559.85146146746.
[I 2026-03-31 23:13:40,638] Trial 630 finished with value: 7224.902070721674 and parameters: {'alpha_0': 0.0006335403186870297, 'alpha_1': 5.132788611369291e-05, 'alpha_2': 4.015345553253156e-05, 'beta_0': 0.08532867270177333, 'beta_1': 6.046225780868176, 'beta_2': 0.20907855118028426, 'beta_3': 0.0009510398592856774, 'beta_4': 6.540938007108528, 'beta_5': 31.87137062709251, 'beta_6': 0.04039300837719715, 'beta_7': 0.015249486275655408, 'beta_8': 3.92307717521813e-05, 'beta_9': 7.017869508051775e-07}. Best is trial 628 with value: 6559.85146146746.Best trial: 628. Best value: 6559.85:  32%|███▏      | 630/2000 [1:34:56<3:30:42,  9.23s/it]Best trial: 628. Best value: 6559.85:  32%|███▏      | 630/2000 [1:34:56<3:30:42,  9.23s/it]Best trial: 628. Best value: 6559.85:  32%|███▏      | 631/2000 [1:34:56<3:31:01,  9.25s/it]                                                                                            Best trial: 628. Best value: 6559.85:  32%|███▏      | 631/2000 [1:35:05<3:31:01,  9.25s/it]Best trial: 628. Best value: 6559.85:  32%|███▏      | 631/2000 [1:35:05<3:31:01,  9.25s/it]Best trial: 628. Best value: 6559.85:  32%|███▏      | 632/2000 [1:35:05<3:31:30,  9.28s/it]                                                                                            Best trial: 628. Best value: 6559.85:  32%|███▏      | 632/2000 [1:35:14<3:31:30,  9.28s/it]Best trial: 628. Best value: 6559.85:  32%|███▏      | 632/2000 [1:35:14<3:31:30,  9.28s/it]Best trial: 628. Best value: 6559.85:  32%|███▏      | 633/2000 [1:35:14<3:31:36,  9.29s/it]                                                                                            Best trial: 628. Best value: 6559.85:  32%|███▏      | 633/2000 [1:35:24<3:31:36,  9.29s/it]Best trial: 628. Best value: 6559.85:  32%|███▏      | 633/2000 [1:35:24<3:31:36,  9.29s/it]Best trial: 628. Best value: 6559.85:  32%|███▏      | 634/2000 [1:35:24<3:31:36,  9.29s/it]                                                                                            Best trial: 628. Best value: 6559.85:  32%|███▏      | 634/2000 [1:35:33<3:31:36,  9.29s/it]Best trial: 628. Best value: 6559.85:  32%|███▏      | 634/2000 [1:35:33<3:31:36,  9.29s/it]Best trial: 628. Best value: 6559.85:  32%|███▏      | 635/2000 [1:35:33<3:31:41,  9.30s/it]                                                                                            Best trial: 628. Best value: 6559.85:  32%|███▏      | 635/2000 [1:35:42<3:31:41,  9.30s/it]Best trial: 628. Best value: 6559.85:  32%|███▏      | 635/2000 [1:35:42<3:31:41,  9.30s/it]Best trial: 628. Best value: 6559.85:  32%|███▏      | 636/2000 [1:35:42<3:31:05,  9.29s/it]                                                                                            Best trial: 628. Best value: 6559.85:  32%|███▏      | 636/2000 [1:35:51<3:31:05,  9.29s/it]Best trial: 628. Best value: 6559.85:  32%|███▏      | 636/2000 [1:35:51<3:31:05,  9.29s/it]Best trial: 628. Best value: 6559.85:  32%|███▏      | 637/2000 [1:35:51<3:30:50,  9.28s/it]                                                                                            Best trial: 628. Best value: 6559.85:  32%|███▏      | 637/2000 [1:36:01<3:30:50,  9.28s/it]Best trial: 628. Best value: 6559.85:  32%|███▏      | 637/2000 [1:36:01<3:30:50,  9.28s/it]Best trial: 628. Best value: 6559.85:  32%|███▏      | 638/2000 [1:36:01<3:30:05,  9.25s/it]                                                                                            Best trial: 628. Best value: 6559.85:  32%|███▏      | 638/2000 [1:36:10<3:30:05,  9.25s/it]Best trial: 628. Best value: 6559.85:  32%|███▏      | 638/2000 [1:36:10<3:30:05,  9.25s/it]Best trial: 628. Best value: 6559.85:  32%|███▏      | 639/2000 [1:36:10<3:31:13,  9.31s/it]                                                                                            Best trial: 628. Best value: 6559.85:  32%|███▏      | 639/2000 [1:36:19<3:31:13,  9.31s/it]Best trial: 628. Best value: 6559.85:  32%|███▏      | 639/2000 [1:36:19<3:31:13,  9.31s/it]Best trial: 628. Best value: 6559.85:  32%|███▏      | 640/2000 [1:36:19<3:30:17,  9.28s/it]                                                                                            Best trial: 628. Best value: 6559.85:  32%|███▏      | 640/2000 [1:36:29<3:30:17,  9.28s/it]Best trial: 628. Best value: 6559.85:  32%|███▏      | 640/2000 [1:36:29<3:30:17,  9.28s/it]Best trial: 628. Best value: 6559.85:  32%|███▏      | 641/2000 [1:36:29<3:30:12,  9.28s/it]                                                                                            Best trial: 628. Best value: 6559.85:  32%|███▏      | 641/2000 [1:36:38<3:30:12,  9.28s/it]Best trial: 628. Best value: 6559.85:  32%|███▏      | 641/2000 [1:36:38<3:30:12,  9.28s/it]Best trial: 628. Best value: 6559.85:  32%|███▏      | 642/2000 [1:36:38<3:30:29,  9.30s/it]                                                                                            Best trial: 628. Best value: 6559.85:  32%|███▏      | 642/2000 [1:36:47<3:30:29,  9.30s/it]Best trial: 628. Best value: 6559.85:  32%|███▏      | 642/2000 [1:36:47<3:30:29,  9.30s/it]Best trial: 628. Best value: 6559.85:  32%|███▏      | 643/2000 [1:36:47<3:29:18,  9.25s/it]                                                                                            Best trial: 628. Best value: 6559.85:  32%|███▏      | 643/2000 [1:36:56<3:29:18,  9.25s/it]Best trial: 628. Best value: 6559.85:  32%|███▏      | 643/2000 [1:36:56<3:29:18,  9.25s/it]Best trial: 628. Best value: 6559.85:  32%|███▏      | 644/2000 [1:36:56<3:28:57,  9.25s/it]                                                                                            Best trial: 628. Best value: 6559.85:  32%|███▏      | 644/2000 [1:37:05<3:28:57,  9.25s/it]Best trial: 628. Best value: 6559.85:  32%|███▏      | 644/2000 [1:37:05<3:28:57,  9.25s/it]Best trial: 628. Best value: 6559.85:  32%|███▏      | 645/2000 [1:37:05<3:28:39,  9.24s/it]                                                                                            
[I 2026-03-31 23:13:49,981] Trial 631 finished with value: 6606.355977175963 and parameters: {'alpha_0': 0.000646397082872767, 'alpha_1': 5.0434179514351895e-05, 'alpha_2': 0.00011685656108472979, 'beta_0': 0.08269620240280944, 'beta_1': 6.099613365098064, 'beta_2': 0.20761371756331692, 'beta_3': 0.0009994611736490204, 'beta_4': 6.729022161524953, 'beta_5': 32.077307475998886, 'beta_6': 0.040094110835375445, 'beta_7': 0.01562557376253444, 'beta_8': 3.957882730340229e-05, 'beta_9': 6.706280826758637e-07}. Best is trial 628 with value: 6559.85146146746.
[I 2026-03-31 23:13:59,293] Trial 632 finished with value: 7219.321644340142 and parameters: {'alpha_0': 0.0006439291034623822, 'alpha_1': 5.032527609056728e-05, 'alpha_2': 0.00011121233619900716, 'beta_0': 0.08383929579880696, 'beta_1': 5.977850806183195, 'beta_2': 0.20917198859073868, 'beta_3': 0.0010165677541052556, 'beta_4': 6.741918379028755, 'beta_5': 32.091350079299914, 'beta_6': 0.04020497815633899, 'beta_7': 0.015201753067581675, 'beta_8': 3.95591989757017e-05, 'beta_9': 6.856941610543823e-07}. Best is trial 628 with value: 6559.85146146746.
[I 2026-03-31 23:14:08,605] Trial 633 finished with value: 7428.98587808306 and parameters: {'alpha_0': 0.0005873403387385883, 'alpha_1': 5.011539754520036e-05, 'alpha_2': 0.00010215581662646597, 'beta_0': 0.09056359912786521, 'beta_1': 6.3027142354446415, 'beta_2': 0.20720573377301085, 'beta_3': 0.000992420999048394, 'beta_4': 6.600501118841815, 'beta_5': 32.30554641704356, 'beta_6': 0.04066975111899593, 'beta_7': 0.015025886069952922, 'beta_8': 3.991620872719384e-05, 'beta_9': 7.074992634171066e-07}. Best is trial 628 with value: 6559.85146146746.
[I 2026-03-31 23:14:17,933] Trial 634 finished with value: 6888.019178972686 and parameters: {'alpha_0': 0.0006821902110545808, 'alpha_1': 5.000284504036945e-05, 'alpha_2': 0.00011718389092245225, 'beta_0': 0.08370161341151604, 'beta_1': 6.165681918714105, 'beta_2': 0.20730601333701237, 'beta_3': 0.000975451321488192, 'beta_4': 6.852757072583329, 'beta_5': 31.68244043660137, 'beta_6': 0.04012566781906602, 'beta_7': 0.01548034636299239, 'beta_8': 3.882753354613361e-05, 'beta_9': 6.862814131513428e-07}. Best is trial 628 with value: 6559.85146146746.
[I 2026-03-31 23:14:27,173] Trial 635 finished with value: 6705.927992025245 and parameters: {'alpha_0': 0.0006169933501700754, 'alpha_1': 5.2319366635824245e-05, 'alpha_2': 0.0001150198563681505, 'beta_0': 0.08070066504226504, 'beta_1': 6.097695426645661, 'beta_2': 0.21077797533370504, 'beta_3': 0.0009574152309847441, 'beta_4': 6.493994393645528, 'beta_5': 32.196791343570816, 'beta_6': 0.04020351054442336, 'beta_7': 0.015603377469874722, 'beta_8': 3.9844267828476146e-05, 'beta_9': 6.71174671571129e-07}. Best is trial 628 with value: 6559.85146146746.
[I 2026-03-31 23:14:36,446] Trial 636 finished with value: 6569.812959108562 and parameters: {'alpha_0': 0.0006548357409637846, 'alpha_1': 5.040096079521666e-05, 'alpha_2': 4.006095048227238e-05, 'beta_0': 0.09426716392048626, 'beta_1': 5.712234228257886, 'beta_2': 0.2068188033125659, 'beta_3': 0.000937108404407464, 'beta_4': 7.039399646331711, 'beta_5': 32.857237827190254, 'beta_6': 0.04012606709420066, 'beta_7': 0.015700202969223653, 'beta_8': 3.8695142355861414e-05, 'beta_9': 6.621590082424046e-07}. Best is trial 628 with value: 6559.85146146746.
[I 2026-03-31 23:14:45,639] Trial 637 finished with value: 6828.018132100877 and parameters: {'alpha_0': 0.0006601251784959678, 'alpha_1': 5.0116917193838734e-05, 'alpha_2': 4.136086923877362e-05, 'beta_0': 0.09088737238285463, 'beta_1': 5.781182265066047, 'beta_2': 0.20741812687036104, 'beta_3': 0.000978363147108953, 'beta_4': 7.120905733241342, 'beta_5': 32.88385465236623, 'beta_6': 0.040111327016360616, 'beta_7': 0.015477146703776477, 'beta_8': 3.852806684192416e-05, 'beta_9': 6.38173395270634e-07}. Best is trial 628 with value: 6559.85146146746.
[I 2026-03-31 23:14:55,084] Trial 638 finished with value: 7505.591111081546 and parameters: {'alpha_0': 0.0005966007385746021, 'alpha_1': 5.174400909593667e-05, 'alpha_2': 4.014374541302697e-05, 'beta_0': 0.08611986902108075, 'beta_1': 5.434456210898014, 'beta_2': 0.20915922624820896, 'beta_3': 0.000935786631364165, 'beta_4': 6.994265968078085, 'beta_5': 32.86564675444976, 'beta_6': 0.04020443399798789, 'beta_7': 0.015010568430367407, 'beta_8': 3.911583847784036e-05, 'beta_9': 7.124618339285237e-07}. Best is trial 628 with value: 6559.85146146746.
[I 2026-03-31 23:15:04,282] Trial 639 finished with value: 6594.221059268715 and parameters: {'alpha_0': 0.0006437724751557235, 'alpha_1': 5.2128382583651825e-05, 'alpha_2': 4.1616169209340654e-05, 'beta_0': 0.08185182818310643, 'beta_1': 5.692356490060821, 'beta_2': 0.2060097053732064, 'beta_3': 0.0009543252913332828, 'beta_4': 6.649509937495033, 'beta_5': 31.960392972656106, 'beta_6': 0.04020721905369961, 'beta_7': 0.015721659555832417, 'beta_8': 3.880243680512813e-05, 'beta_9': 6.700470384797039e-07}. Best is trial 628 with value: 6559.85146146746.
[I 2026-03-31 23:15:13,570] Trial 640 finished with value: 7040.281215128232 and parameters: {'alpha_0': 0.0006367390155465461, 'alpha_1': 5.1751184017864565e-05, 'alpha_2': 0.00010615210226304998, 'beta_0': 0.09430174594186956, 'beta_1': 5.6646618229888395, 'beta_2': 0.21194545043375157, 'beta_3': 0.0010062307089028228, 'beta_4': 6.72932143323982, 'beta_5': 31.827826036001284, 'beta_6': 0.040167634555076395, 'beta_7': 0.015343994430156715, 'beta_8': 3.856356923848923e-05, 'beta_9': 6.692527117311626e-07}. Best is trial 628 with value: 6559.85146146746.
[I 2026-03-31 23:15:22,916] Trial 641 finished with value: 6692.620971654018 and parameters: {'alpha_0': 0.0006886035884965551, 'alpha_1': 5.015708030276786e-05, 'alpha_2': 9.64532673117881e-05, 'beta_0': 0.08176700539986674, 'beta_1': 5.3090095187715205, 'beta_2': 0.20676596074585296, 'beta_3': 0.0009586868597904731, 'beta_4': 6.665207745075267, 'beta_5': 31.674699283746648, 'beta_6': 0.041161707093283775, 'beta_7': 0.015621955194386245, 'beta_8': 3.998497507985003e-05, 'beta_9': 6.72642072526186e-07}. Best is trial 628 with value: 6559.85146146746.
[I 2026-03-31 23:15:32,063] Trial 642 finished with value: 6582.975821117859 and parameters: {'alpha_0': 0.000559307951436349, 'alpha_1': 5.0187676641348026e-05, 'alpha_2': 4.174472501644601e-05, 'beta_0': 0.08797827774590773, 'beta_1': 5.888097167016454, 'beta_2': 0.20882160869551286, 'beta_3': 0.0009876175991021488, 'beta_4': 6.6254024268115925, 'beta_5': 33.27327332892091, 'beta_6': 0.040881828799008826, 'beta_7': 0.015758928259132464, 'beta_8': 3.8795284129143557e-05, 'beta_9': 6.420815802098616e-07}. Best is trial 628 with value: 6559.85146146746.
[I 2026-03-31 23:15:41,290] Trial 643 finished with value: 6771.794690480796 and parameters: {'alpha_0': 0.0005671900714703595, 'alpha_1': 5.188763165438626e-05, 'alpha_2': 4.140434018399846e-05, 'beta_0': 0.08764509147362634, 'beta_1': 5.675006887502554, 'beta_2': 0.20834984299482776, 'beta_3': 0.0009244035180772794, 'beta_4': 7.340636019003122, 'beta_5': 33.25237551718963, 'beta_6': 0.04011584205520472, 'beta_7': 0.016164178075523263, 'beta_8': 3.8603785605776256e-05, 'beta_9': 6.190800910267761e-07}. Best is trial 628 with value: 6559.85146146746.
[I 2026-03-31 23:15:50,514] Trial 644 finished with value: 6659.9144436603865 and parameters: {'alpha_0': 0.0005496083986132878, 'alpha_1': 5.234242431643638e-05, 'alpha_2': 4.00561895641311e-05, 'beta_0': 0.0892557046509626, 'beta_1': 5.902360283054079, 'beta_2': 0.21105959084830142, 'beta_3': 0.00097740036313897, 'beta_4': 6.604723126412284, 'beta_5': 33.34811918559615, 'beta_6': 0.0411658575013764, 'beta_7': 0.015887725463690976, 'beta_8': 3.877875280203632e-05, 'beta_9': 7.333879842849522e-07}. Best is trial 628 with value: 6559.85146146746.
