[I 2026-03-31 23:22:34,346] Trial 690 finished with value: 6771.540984270301 and parameters: {'alpha_0': 0.0006809128588314133, 'alpha_1': 5.187213067683898e-05, 'alpha_2': 4.131951436866861e-05, 'beta_0': 0.09599161368065787, 'beta_1': 6.170855313231782, 'beta_2': 0.20974591591434166, 'beta_3': 0.0010395470871336421, 'beta_4': 6.292843595151982, 'beta_5': 32.974727106601634, 'beta_6': 0.04116903671989186, 'beta_7': 0.016124206389137363, 'beta_8': 3.908375203977305e-05, 'beta_9': 6.846163136723194e-07}. Best is trial 628 with value: 6559.85146146746.Best trial: 628. Best value: 6559.85:  34%|███▍      | 690/2000 [1:43:49<3:21:50,  9.24s/it]Best trial: 628. Best value: 6559.85:  34%|███▍      | 690/2000 [1:43:49<3:21:50,  9.24s/it]Best trial: 628. Best value: 6559.85:  35%|███▍      | 691/2000 [1:43:49<3:21:22,  9.23s/it]                                                                                            Best trial: 628. Best value: 6559.85:  35%|███▍      | 691/2000 [1:43:58<3:21:22,  9.23s/it]Best trial: 691. Best value: 6538.46:  35%|███▍      | 691/2000 [1:43:58<3:21:22,  9.23s/it]Best trial: 691. Best value: 6538.46:  35%|███▍      | 692/2000 [1:43:58<3:20:58,  9.22s/it]                                                                                            Best trial: 691. Best value: 6538.46:  35%|███▍      | 692/2000 [1:44:08<3:20:58,  9.22s/it]Best trial: 691. Best value: 6538.46:  35%|███▍      | 692/2000 [1:44:08<3:20:58,  9.22s/it]Best trial: 691. Best value: 6538.46:  35%|███▍      | 693/2000 [1:44:08<3:20:34,  9.21s/it]                                                                                            Best trial: 691. Best value: 6538.46:  35%|███▍      | 693/2000 [1:44:17<3:20:34,  9.21s/it]Best trial: 691. Best value: 6538.46:  35%|███▍      | 693/2000 [1:44:17<3:20:34,  9.21s/it]Best trial: 691. Best value: 6538.46:  35%|███▍      | 694/2000 [1:44:17<3:19:57,  9.19s/it]                                                                                            Best trial: 691. Best value: 6538.46:  35%|███▍      | 694/2000 [1:44:26<3:19:57,  9.19s/it]Best trial: 691. Best value: 6538.46:  35%|███▍      | 694/2000 [1:44:26<3:19:57,  9.19s/it]Best trial: 691. Best value: 6538.46:  35%|███▍      | 695/2000 [1:44:26<3:20:15,  9.21s/it]                                                                                            Best trial: 691. Best value: 6538.46:  35%|███▍      | 695/2000 [1:44:35<3:20:15,  9.21s/it]Best trial: 691. Best value: 6538.46:  35%|███▍      | 695/2000 [1:44:35<3:20:15,  9.21s/it]Best trial: 691. Best value: 6538.46:  35%|███▍      | 696/2000 [1:44:35<3:20:18,  9.22s/it]                                                                                            Best trial: 691. Best value: 6538.46:  35%|███▍      | 696/2000 [1:44:45<3:20:18,  9.22s/it]Best trial: 691. Best value: 6538.46:  35%|███▍      | 696/2000 [1:44:45<3:20:18,  9.22s/it]Best trial: 691. Best value: 6538.46:  35%|███▍      | 697/2000 [1:44:45<3:20:17,  9.22s/it]                                                                                            Best trial: 691. Best value: 6538.46:  35%|███▍      | 697/2000 [1:44:52<3:20:17,  9.22s/it]Best trial: 691. Best value: 6538.46:  35%|███▍      | 697/2000 [1:44:52<3:20:17,  9.22s/it]Best trial: 691. Best value: 6538.46:  35%|███▍      | 698/2000 [1:44:52<3:05:54,  8.57s/it]                                                                                            Best trial: 691. Best value: 6538.46:  35%|███▍      | 698/2000 [1:45:01<3:05:54,  8.57s/it]Best trial: 691. Best value: 6538.46:  35%|███▍      | 698/2000 [1:45:01<3:05:54,  8.57s/it]Best trial: 691. Best value: 6538.46:  35%|███▍      | 699/2000 [1:45:01<3:10:05,  8.77s/it]                                                                                            Best trial: 691. Best value: 6538.46:  35%|███▍      | 699/2000 [1:45:10<3:10:05,  8.77s/it]Best trial: 691. Best value: 6538.46:  35%|███▍      | 699/2000 [1:45:10<3:10:05,  8.77s/it]Best trial: 691. Best value: 6538.46:  35%|███▌      | 700/2000 [1:45:10<3:12:55,  8.90s/it]                                                                                            Best trial: 691. Best value: 6538.46:  35%|███▌      | 700/2000 [1:45:19<3:12:55,  8.90s/it]Best trial: 691. Best value: 6538.46:  35%|███▌      | 700/2000 [1:45:19<3:12:55,  8.90s/it]Best trial: 691. Best value: 6538.46:  35%|███▌      | 701/2000 [1:45:19<3:15:09,  9.01s/it]                                                                                            Best trial: 691. Best value: 6538.46:  35%|███▌      | 701/2000 [1:45:28<3:15:09,  9.01s/it]Best trial: 691. Best value: 6538.46:  35%|███▌      | 701/2000 [1:45:28<3:15:09,  9.01s/it]Best trial: 691. Best value: 6538.46:  35%|███▌      | 702/2000 [1:45:28<3:16:17,  9.07s/it]                                                                                            Best trial: 691. Best value: 6538.46:  35%|███▌      | 702/2000 [1:45:38<3:16:17,  9.07s/it]Best trial: 691. Best value: 6538.46:  35%|███▌      | 702/2000 [1:45:38<3:16:17,  9.07s/it]Best trial: 691. Best value: 6538.46:  35%|███▌      | 703/2000 [1:45:38<3:17:42,  9.15s/it]                                                                                            Best trial: 691. Best value: 6538.46:  35%|███▌      | 703/2000 [1:45:47<3:17:42,  9.15s/it]Best trial: 691. Best value: 6538.46:  35%|███▌      | 703/2000 [1:45:47<3:17:42,  9.15s/it]Best trial: 691. Best value: 6538.46:  35%|███▌      | 704/2000 [1:45:47<3:18:19,  9.18s/it]                                                                                            Best trial: 691. Best value: 6538.46:  35%|███▌      | 704/2000 [1:45:56<3:18:19,  9.18s/it]Best trial: 691. Best value: 6538.46:  35%|███▌      | 704/2000 [1:45:56<3:18:19,  9.18s/it]Best trial: 691. Best value: 6538.46:  35%|███▌      | 705/2000 [1:45:56<3:18:44,  9.21s/it]                                                                                            
[I 2026-03-31 23:22:43,537] Trial 691 finished with value: 6538.461030825155 and parameters: {'alpha_0': 0.0006270225604776213, 'alpha_1': 5.009482605348626e-05, 'alpha_2': 4.1600861093088436e-05, 'beta_0': 0.09197073451522875, 'beta_1': 6.397725142524387, 'beta_2': 0.20710331074392424, 'beta_3': 0.0010052401525536803, 'beta_4': 6.470497668201224, 'beta_5': 33.56914892682796, 'beta_6': 0.042199830198807714, 'beta_7': 0.015732416657883434, 'beta_8': 3.709823452950479e-05, 'beta_9': 7.167428421512639e-07}. Best is trial 691 with value: 6538.461030825155.
[I 2026-03-31 23:22:52,720] Trial 692 finished with value: 6723.136441454678 and parameters: {'alpha_0': 0.0006467753837450006, 'alpha_1': 5.3817939714969925e-05, 'alpha_2': 4.427254033720753e-05, 'beta_0': 0.08719692417325114, 'beta_1': 5.950778331411481, 'beta_2': 0.2075531283171946, 'beta_3': 0.001025051190367499, 'beta_4': 7.473250579986691, 'beta_5': 33.81152102793311, 'beta_6': 0.04227493114695012, 'beta_7': 0.015949658230311768, 'beta_8': 3.750451718022539e-05, 'beta_9': 6.672962374984243e-07}. Best is trial 691 with value: 6538.461030825155.
[I 2026-03-31 23:23:01,856] Trial 693 finished with value: 7114.306446033024 and parameters: {'alpha_0': 0.0006848186832224326, 'alpha_1': 5.219641492729161e-05, 'alpha_2': 4.272472382401849e-05, 'beta_0': 0.08556616809011572, 'beta_1': 6.427213145442441, 'beta_2': 0.20601261635816676, 'beta_3': 0.0010141501667999037, 'beta_4': 7.313798267743587, 'beta_5': 33.59278490005864, 'beta_6': 0.04268056109119761, 'beta_7': 0.01652075086583388, 'beta_8': 3.7155155362959584e-05, 'beta_9': 7.11205529262805e-07}. Best is trial 691 with value: 6538.461030825155.
[I 2026-03-31 23:23:11,112] Trial 694 finished with value: 6604.674016431742 and parameters: {'alpha_0': 0.0006370582103528247, 'alpha_1': 5.0113153298977875e-05, 'alpha_2': 4.1572081682511864e-05, 'beta_0': 0.09103304493133799, 'beta_1': 5.564511628064396, 'beta_2': 0.2065707021537033, 'beta_3': 0.0010499395404207242, 'beta_4': 6.5299387576132535, 'beta_5': 31.771330414450887, 'beta_6': 0.041894781735151904, 'beta_7': 0.015563472146000918, 'beta_8': 3.785174074388635e-05, 'beta_9': 6.489410075449062e-07}. Best is trial 691 with value: 6538.461030825155.
[I 2026-03-31 23:23:20,350] Trial 695 finished with value: 7129.396043433433 and parameters: {'alpha_0': 0.0007201665284821641, 'alpha_1': 5.432145514641617e-05, 'alpha_2': 4.439546792079985e-05, 'beta_0': 0.08244378736066733, 'beta_1': 6.0011041959270806, 'beta_2': 0.212093477533818, 'beta_3': 0.0010254578232612812, 'beta_4': 6.724644534009865, 'beta_5': 33.18492770970829, 'beta_6': 0.041024467073236114, 'beta_7': 0.015261733201774137, 'beta_8': 3.704367385925965e-05, 'beta_9': 7.377597127950113e-07}. Best is trial 691 with value: 6538.461030825155.
[I 2026-03-31 23:23:29,588] Trial 696 finished with value: 6771.706434614175 and parameters: {'alpha_0': 0.0005408526304001856, 'alpha_1': 5.183823974220781e-05, 'alpha_2': 4.2771289879091076e-05, 'beta_0': 0.07974429846086704, 'beta_1': 6.157849715338901, 'beta_2': 0.2141516171044701, 'beta_3': 0.0010017301537663247, 'beta_4': 6.8760873432388, 'beta_5': 33.96202724573186, 'beta_6': 0.040029360522047336, 'beta_7': 0.016265312628082312, 'beta_8': 3.816733979112623e-05, 'beta_9': 7.154176682900745e-07}. Best is trial 691 with value: 6538.461030825155.
[I 2026-03-31 23:23:36,624] Trial 697 finished with value: inf and parameters: {'alpha_0': 0.0006196763559887028, 'alpha_1': 5.372751685701787e-05, 'alpha_2': 4.153913105158216e-05, 'beta_0': 0.08627544262155656, 'beta_1': 5.407665761236832, 'beta_2': 0.20821487706009875, 'beta_3': 0.0010815196773633169, 'beta_4': 6.598431398050261, 'beta_5': 32.44717990316674, 'beta_6': 0.042469719259385766, 'beta_7': 0.023331001678599535, 'beta_8': 3.835754521517234e-05, 'beta_9': 5.93834974263499e-07}. Best is trial 691 with value: 6538.461030825155.
[I 2026-03-31 23:23:45,857] Trial 698 finished with value: 6593.869145502014 and parameters: {'alpha_0': 0.0005011295413000628, 'alpha_1': 5.006089460819926e-05, 'alpha_2': 4.428539299331587e-05, 'beta_0': 0.09214860536909025, 'beta_1': 6.421880681111754, 'beta_2': 0.20300183820340562, 'beta_3': 0.0009938185134363742, 'beta_4': 6.43739218533949, 'beta_5': 33.25952565413733, 'beta_6': 0.040026430554602144, 'beta_7': 0.015780546542650837, 'beta_8': 3.959744303500773e-05, 'beta_9': 6.841987295560359e-07}. Best is trial 691 with value: 6538.461030825155.
[I 2026-03-31 23:23:55,081] Trial 699 finished with value: 6716.248861271981 and parameters: {'alpha_0': 0.0006700255616417795, 'alpha_1': 5.4233999387766086e-05, 'alpha_2': 4.1649208970124774e-05, 'beta_0': 0.08920642560218309, 'beta_1': 5.855264227846039, 'beta_2': 0.2064339490403532, 'beta_3': 0.0009813803384080423, 'beta_4': 6.294685477718684, 'beta_5': 31.87902826127254, 'beta_6': 0.04230289829874782, 'beta_7': 0.016028036637056504, 'beta_8': 3.756961895046662e-05, 'beta_9': 6.233291556055769e-07}. Best is trial 691 with value: 6538.461030825155.
[I 2026-03-31 23:24:04,352] Trial 700 finished with value: 6748.891492385952 and parameters: {'alpha_0': 0.0005675609329185966, 'alpha_1': 5.210469722305117e-05, 'alpha_2': 4.3189430055307564e-05, 'beta_0': 0.080072820978522, 'beta_1': 5.654479344218935, 'beta_2': 0.21033276168343326, 'beta_3': 0.0010485541432832348, 'beta_4': 7.626875279349913, 'beta_5': 33.392580663259686, 'beta_6': 0.07393598531870534, 'beta_7': 0.015440112798520981, 'beta_8': 3.881273421851748e-05, 'beta_9': 7.454913319068728e-07}. Best is trial 691 with value: 6538.461030825155.
[I 2026-03-31 23:24:13,564] Trial 701 finished with value: 7045.623008426992 and parameters: {'alpha_0': 0.0007139474066223958, 'alpha_1': 5.38405403297719e-05, 'alpha_2': 4.0032866632843205e-05, 'beta_0': 0.0839245554530472, 'beta_1': 6.17622925108716, 'beta_2': 0.2052040407007972, 'beta_3': 0.0010236935671350219, 'beta_4': 6.495299081385684, 'beta_5': 20.121299301418066, 'beta_6': 0.041386323379088034, 'beta_7': 0.016389858151973934, 'beta_8': 3.929491313158354e-05, 'beta_9': 6.588509571213548e-07}. Best is trial 691 with value: 6538.461030825155.
[I 2026-03-31 23:24:22,881] Trial 702 finished with value: 6601.36771791699 and parameters: {'alpha_0': 0.000621115876845824, 'alpha_1': 5.199531980884879e-05, 'alpha_2': 4.471642020480827e-05, 'beta_0': 0.09920300569692304, 'beta_1': 5.9248852013898325, 'beta_2': 0.21686619179867625, 'beta_3': 0.00100037885744204, 'beta_4': 6.618639747112475, 'beta_5': 32.71613493591744, 'beta_6': 0.042633407193349716, 'beta_7': 0.01577542722245024, 'beta_8': 3.809923361225952e-05, 'beta_9': 6.927033402186099e-07}. Best is trial 691 with value: 6538.461030825155.
[I 2026-03-31 23:24:32,144] Trial 703 finished with value: 7196.298618194545 and parameters: {'alpha_0': 0.0006556009304208402, 'alpha_1': 5.005860316902304e-05, 'alpha_2': 4.163897723001723e-05, 'beta_0': 0.10438367672050614, 'beta_1': 6.39308044698182, 'beta_2': 0.21214052069998493, 'beta_3': 0.0009720475819039283, 'beta_4': 6.357665866969762, 'beta_5': 30.97732061096765, 'beta_6': 0.040011502012745816, 'beta_7': 0.015254701051112263, 'beta_8': 3.878528747223297e-05, 'beta_9': 7.198769858037601e-07}. Best is trial 691 with value: 6538.461030825155.
[I 2026-03-31 23:24:41,414] Trial 704 finished with value: 6939.131776776876 and parameters: {'alpha_0': 0.0007165509074802675, 'alpha_1': 5.471531328289592e-05, 'alpha_2': 4.004042066141333e-05, 'beta_0': 0.08760021181222197, 'beta_1': 5.290417123070422, 'beta_2': 0.20893396942714196, 'beta_3': 0.0009716366995334289, 'beta_4': 7.847288149045355, 'beta_5': 31.768235517035052, 'beta_6': 0.09384383825992289, 'beta_7': 0.016053190675469668, 'beta_8': 3.996961174778667e-05, 'beta_9': 6.33750859489061e-07}. Best is trial 691 with value: 6538.461030825155.
[I 2026-03-31 23:24:50,747] Trial 705 finished with value: 6694.283719074734 and parameters: {'alpha_0': 0.0005807623511270803, 'alpha_1': 5.22182981573222e-05, 'alpha_2': 4.30448156003199e-05, 'beta_0': 0.09384296879530711, 'beta_1': 5.691708571054643, 'beta_2': 0.20741332177979518, 'beta_3': 0.001026287452707499, 'beta_4': 6.509416178502339, 'beta_5': 34.016987444308704, 'beta_6': 0.04136421688640068, 'beta_7': 0.015526313338218788, 'beta_8': 3.691123114369968e-05, 'beta_9': 7.466746011016971e-07}. Best is trial 691 with value: 6538.461030825155.Best trial: 691. Best value: 6538.46:  35%|███▌      | 705/2000 [1:46:06<3:18:44,  9.21s/it]Best trial: 691. Best value: 6538.46:  35%|███▌      | 705/2000 [1:46:06<3:18:44,  9.21s/it]Best trial: 691. Best value: 6538.46:  35%|███▌      | 706/2000 [1:46:06<3:19:23,  9.25s/it]                                                                                            Best trial: 691. Best value: 6538.46:  35%|███▌      | 706/2000 [1:46:15<3:19:23,  9.25s/it]Best trial: 691. Best value: 6538.46:  35%|███▌      | 706/2000 [1:46:15<3:19:23,  9.25s/it]Best trial: 691. Best value: 6538.46:  35%|███▌      | 707/2000 [1:46:15<3:19:37,  9.26s/it]                                                                                            Best trial: 691. Best value: 6538.46:  35%|███▌      | 707/2000 [1:46:24<3:19:37,  9.26s/it]Best trial: 691. Best value: 6538.46:  35%|███▌      | 707/2000 [1:46:24<3:19:37,  9.26s/it]Best trial: 691. Best value: 6538.46:  35%|███▌      | 708/2000 [1:46:24<3:18:55,  9.24s/it]                                                                                            Best trial: 691. Best value: 6538.46:  35%|███▌      | 708/2000 [1:46:33<3:18:55,  9.24s/it]Best trial: 691. Best value: 6538.46:  35%|███▌      | 708/2000 [1:46:33<3:18:55,  9.24s/it]Best trial: 691. Best value: 6538.46:  35%|███▌      | 709/2000 [1:46:33<3:18:19,  9.22s/it]                                                                                            Best trial: 691. Best value: 6538.46:  35%|███▌      | 709/2000 [1:46:43<3:18:19,  9.22s/it]Best trial: 691. Best value: 6538.46:  35%|███▌      | 709/2000 [1:46:43<3:18:19,  9.22s/it]Best trial: 691. Best value: 6538.46:  36%|███▌      | 710/2000 [1:46:43<3:18:33,  9.24s/it]                                                                                            Best trial: 691. Best value: 6538.46:  36%|███▌      | 710/2000 [1:46:52<3:18:33,  9.24s/it]Best trial: 691. Best value: 6538.46:  36%|███▌      | 710/2000 [1:46:52<3:18:33,  9.24s/it]Best trial: 691. Best value: 6538.46:  36%|███▌      | 711/2000 [1:46:52<3:18:09,  9.22s/it]                                                                                            Best trial: 691. Best value: 6538.46:  36%|███▌      | 711/2000 [1:47:01<3:18:09,  9.22s/it]Best trial: 691. Best value: 6538.46:  36%|███▌      | 711/2000 [1:47:01<3:18:09,  9.22s/it]Best trial: 691. Best value: 6538.46:  36%|███▌      | 712/2000 [1:47:01<3:18:29,  9.25s/it]                                                                                            Best trial: 691. Best value: 6538.46:  36%|███▌      | 712/2000 [1:47:10<3:18:29,  9.25s/it]Best trial: 691. Best value: 6538.46:  36%|███▌      | 712/2000 [1:47:10<3:18:29,  9.25s/it]Best trial: 691. Best value: 6538.46:  36%|███▌      | 713/2000 [1:47:10<3:17:59,  9.23s/it]                                                                                            Best trial: 691. Best value: 6538.46:  36%|███▌      | 713/2000 [1:47:20<3:17:59,  9.23s/it]Best trial: 691. Best value: 6538.46:  36%|███▌      | 713/2000 [1:47:20<3:17:59,  9.23s/it]Best trial: 691. Best value: 6538.46:  36%|███▌      | 714/2000 [1:47:20<3:18:44,  9.27s/it]                                                                                            Best trial: 691. Best value: 6538.46:  36%|███▌      | 714/2000 [1:47:29<3:18:44,  9.27s/it]Best trial: 691. Best value: 6538.46:  36%|███▌      | 714/2000 [1:47:29<3:18:44,  9.27s/it]Best trial: 691. Best value: 6538.46:  36%|███▌      | 715/2000 [1:47:29<3:19:01,  9.29s/it]                                                                                            Best trial: 691. Best value: 6538.46:  36%|███▌      | 715/2000 [1:47:38<3:19:01,  9.29s/it]Best trial: 691. Best value: 6538.46:  36%|███▌      | 715/2000 [1:47:38<3:19:01,  9.29s/it]Best trial: 691. Best value: 6538.46:  36%|███▌      | 716/2000 [1:47:38<3:19:07,  9.31s/it]                                                                                            Best trial: 691. Best value: 6538.46:  36%|███▌      | 716/2000 [1:47:48<3:19:07,  9.31s/it]Best trial: 691. Best value: 6538.46:  36%|███▌      | 716/2000 [1:47:48<3:19:07,  9.31s/it]Best trial: 691. Best value: 6538.46:  36%|███▌      | 717/2000 [1:47:48<3:18:52,  9.30s/it]                                                                                            Best trial: 691. Best value: 6538.46:  36%|███▌      | 717/2000 [1:47:57<3:18:52,  9.30s/it]Best trial: 691. Best value: 6538.46:  36%|███▌      | 717/2000 [1:47:57<3:18:52,  9.30s/it]Best trial: 691. Best value: 6538.46:  36%|███▌      | 718/2000 [1:47:57<3:18:29,  9.29s/it]                                                                                            Best trial: 691. Best value: 6538.46:  36%|███▌      | 718/2000 [1:48:06<3:18:29,  9.29s/it]Best trial: 691. Best value: 6538.46:  36%|███▌      | 718/2000 [1:48:06<3:18:29,  9.29s/it]Best trial: 691. Best value: 6538.46:  36%|███▌      | 719/2000 [1:48:06<3:18:28,  9.30s/it]                                                                                            Best trial: 691. Best value: 6538.46:  36%|███▌      | 719/2000 [1:48:15<3:18:28,  9.30s/it]Best trial: 691. Best value: 6538.46:  36%|███▌      | 719/2000 [1:48:15<3:18:28,  9.30s/it]Best trial: 691. Best value: 6538.46:  36%|███▌      | 720/2000 [1:48:15<3:17:44,  9.27s/it]                                                                                            
[I 2026-03-31 23:25:00,053] Trial 706 finished with value: 6666.824655688826 and parameters: {'alpha_0': 0.0006643425027596613, 'alpha_1': 5.4651583287955075e-05, 'alpha_2': 4.452517615862915e-05, 'beta_0': 0.080078732671723, 'beta_1': 6.095040890194277, 'beta_2': 0.2102494162885368, 'beta_3': 0.001009095563580486, 'beta_4': 6.741915532441578, 'beta_5': 32.36512304445624, 'beta_6': 0.0422905836083645, 'beta_7': 0.015810939865447453, 'beta_8': 3.8372639237403615e-05, 'beta_9': 6.704726346518898e-07}. Best is trial 691 with value: 6538.461030825155.
[I 2026-03-31 23:25:09,232] Trial 707 finished with value: 7228.163597918421 and parameters: {'alpha_0': 0.0006231526200606765, 'alpha_1': 5.0041501506601625e-05, 'alpha_2': 4.178984752686934e-05, 'beta_0': 0.08330402026191361, 'beta_1': 5.836065119533761, 'beta_2': 0.21444686492376686, 'beta_3': 0.001065486204828262, 'beta_4': 6.326111762074527, 'beta_5': 33.26863427012315, 'beta_6': 0.04002308393846932, 'beta_7': 0.016646892262667825, 'beta_8': 3.7489049784616865e-05, 'beta_9': 7.118341013146981e-07}. Best is trial 691 with value: 6538.461030825155.
[I 2026-03-31 23:25:18,401] Trial 708 finished with value: 6748.326379967444 and parameters: {'alpha_0': 0.0006842014505711662, 'alpha_1': 5.21086739884822e-05, 'alpha_2': 4.3126160325056806e-05, 'beta_0': 0.08903640278005, 'beta_1': 5.533042555949535, 'beta_2': 0.20309197183765773, 'beta_3': 0.0011166653291157698, 'beta_4': 6.586069066077, 'beta_5': 33.85020165800308, 'beta_6': 0.04121871771114739, 'beta_7': 0.01617880863040371, 'beta_8': 3.9339626973394504e-05, 'beta_9': 6.654511852233917e-07}. Best is trial 691 with value: 6538.461030825155.
