[I 2026-04-01 00:03:20,801] Trial 960 finished with value: inf and parameters: {'alpha_0': 0.0006030898529595558, 'alpha_1': 5.547517271695183e-05, 'alpha_2': 4.573005087370817e-05, 'beta_0': 0.08029696924916153, 'beta_1': 6.447605997142215, 'beta_2': 0.20368986400479228, 'beta_3': 0.0009761742733942757, 'beta_4': 6.662303619403879, 'beta_5': 35.339860050028065, 'beta_6': 0.04167730161560757, 'beta_7': 0.023993372499065076, 'beta_8': 3.941253068434936e-05, 'beta_9': 1.2291970100212266e-06}. Best is trial 691 with value: 6538.461030825155.Best trial: 691. Best value: 6538.46:  48%|████▊     | 960/2000 [2:24:36<2:41:09,  9.30s/it]Best trial: 691. Best value: 6538.46:  48%|████▊     | 960/2000 [2:24:36<2:41:09,  9.30s/it]Best trial: 691. Best value: 6538.46:  48%|████▊     | 961/2000 [2:24:36<2:06:59,  7.33s/it]                                                                                            Best trial: 691. Best value: 6538.46:  48%|████▊     | 961/2000 [2:24:45<2:06:59,  7.33s/it]Best trial: 691. Best value: 6538.46:  48%|████▊     | 961/2000 [2:24:45<2:06:59,  7.33s/it]Best trial: 691. Best value: 6538.46:  48%|████▊     | 962/2000 [2:24:45<2:17:04,  7.92s/it]                                                                                            Best trial: 691. Best value: 6538.46:  48%|████▊     | 962/2000 [2:24:54<2:17:04,  7.92s/it]Best trial: 691. Best value: 6538.46:  48%|████▊     | 962/2000 [2:24:54<2:17:04,  7.92s/it]Best trial: 691. Best value: 6538.46:  48%|████▊     | 963/2000 [2:24:54<2:23:56,  8.33s/it]                                                                                            Best trial: 691. Best value: 6538.46:  48%|████▊     | 963/2000 [2:25:04<2:23:56,  8.33s/it]Best trial: 691. Best value: 6538.46:  48%|████▊     | 963/2000 [2:25:04<2:23:56,  8.33s/it]Best trial: 691. Best value: 6538.46:  48%|████▊     | 964/2000 [2:25:04<2:28:36,  8.61s/it]                                                                                            Best trial: 691. Best value: 6538.46:  48%|████▊     | 964/2000 [2:25:13<2:28:36,  8.61s/it]Best trial: 691. Best value: 6538.46:  48%|████▊     | 964/2000 [2:25:13<2:28:36,  8.61s/it]Best trial: 691. Best value: 6538.46:  48%|████▊     | 965/2000 [2:25:13<2:31:44,  8.80s/it]                                                                                            Best trial: 691. Best value: 6538.46:  48%|████▊     | 965/2000 [2:25:22<2:31:44,  8.80s/it]Best trial: 691. Best value: 6538.46:  48%|████▊     | 965/2000 [2:25:22<2:31:44,  8.80s/it]Best trial: 691. Best value: 6538.46:  48%|████▊     | 966/2000 [2:25:22<2:34:16,  8.95s/it]                                                                                            Best trial: 691. Best value: 6538.46:  48%|████▊     | 966/2000 [2:25:31<2:34:16,  8.95s/it]Best trial: 691. Best value: 6538.46:  48%|████▊     | 966/2000 [2:25:31<2:34:16,  8.95s/it]Best trial: 691. Best value: 6538.46:  48%|████▊     | 967/2000 [2:25:31<2:35:52,  9.05s/it]                                                                                            Best trial: 691. Best value: 6538.46:  48%|████▊     | 967/2000 [2:25:41<2:35:52,  9.05s/it]Best trial: 691. Best value: 6538.46:  48%|████▊     | 967/2000 [2:25:41<2:35:52,  9.05s/it]Best trial: 691. Best value: 6538.46:  48%|████▊     | 968/2000 [2:25:41<2:37:13,  9.14s/it]                                                                                            Best trial: 691. Best value: 6538.46:  48%|████▊     | 968/2000 [2:25:50<2:37:13,  9.14s/it]Best trial: 691. Best value: 6538.46:  48%|████▊     | 968/2000 [2:25:50<2:37:13,  9.14s/it]Best trial: 691. Best value: 6538.46:  48%|████▊     | 969/2000 [2:25:50<2:37:55,  9.19s/it]                                                                                            Best trial: 691. Best value: 6538.46:  48%|████▊     | 969/2000 [2:25:59<2:37:55,  9.19s/it]Best trial: 691. Best value: 6538.46:  48%|████▊     | 969/2000 [2:25:59<2:37:55,  9.19s/it]Best trial: 691. Best value: 6538.46:  48%|████▊     | 970/2000 [2:25:59<2:37:56,  9.20s/it]                                                                                            Best trial: 691. Best value: 6538.46:  48%|████▊     | 970/2000 [2:26:09<2:37:56,  9.20s/it]Best trial: 691. Best value: 6538.46:  48%|████▊     | 970/2000 [2:26:09<2:37:56,  9.20s/it]Best trial: 691. Best value: 6538.46:  49%|████▊     | 971/2000 [2:26:09<2:38:55,  9.27s/it]                                                                                            Best trial: 691. Best value: 6538.46:  49%|████▊     | 971/2000 [2:26:18<2:38:55,  9.27s/it]Best trial: 691. Best value: 6538.46:  49%|████▊     | 971/2000 [2:26:18<2:38:55,  9.27s/it]Best trial: 691. Best value: 6538.46:  49%|████▊     | 972/2000 [2:26:18<2:38:43,  9.26s/it]                                                                                            Best trial: 691. Best value: 6538.46:  49%|████▊     | 972/2000 [2:26:27<2:38:43,  9.26s/it]Best trial: 691. Best value: 6538.46:  49%|████▊     | 972/2000 [2:26:27<2:38:43,  9.26s/it]Best trial: 691. Best value: 6538.46:  49%|████▊     | 973/2000 [2:26:27<2:39:51,  9.34s/it]                                                                                            Best trial: 691. Best value: 6538.46:  49%|████▊     | 973/2000 [2:26:37<2:39:51,  9.34s/it]Best trial: 691. Best value: 6538.46:  49%|████▊     | 973/2000 [2:26:37<2:39:51,  9.34s/it]Best trial: 691. Best value: 6538.46:  49%|████▊     | 974/2000 [2:26:37<2:39:48,  9.35s/it]                                                                                            Best trial: 691. Best value: 6538.46:  49%|████▊     | 974/2000 [2:26:46<2:39:48,  9.35s/it]Best trial: 691. Best value: 6538.46:  49%|████▊     | 974/2000 [2:26:46<2:39:48,  9.35s/it]Best trial: 691. Best value: 6538.46:  49%|████▉     | 975/2000 [2:26:46<2:39:32,  9.34s/it]                                                                                            
[I 2026-04-01 00:03:30,102] Trial 961 finished with value: 6563.560027493688 and parameters: {'alpha_0': 0.0005363376511717474, 'alpha_1': 5.315119946822537e-05, 'alpha_2': 4.0041059234836666e-05, 'beta_0': 0.07344719428574101, 'beta_1': 6.704590952282518, 'beta_2': 0.2030644052992517, 'beta_3': 0.0009550981510824093, 'beta_4': 6.798944689808324, 'beta_5': 35.66810820007198, 'beta_6': 0.043953087603712686, 'beta_7': 0.015791238874708544, 'beta_8': 3.9989160454692914e-05, 'beta_9': 1.2307312529730323e-06}. Best is trial 691 with value: 6538.461030825155.
[I 2026-04-01 00:03:39,374] Trial 962 finished with value: 6800.594562421255 and parameters: {'alpha_0': 0.0005017774267294281, 'alpha_1': 5.5611059358467773e-05, 'alpha_2': 4.0013140335798325e-05, 'beta_0': 0.07141932459644373, 'beta_1': 6.805243296273424, 'beta_2': 0.19979671309345365, 'beta_3': 0.0009833131719218465, 'beta_4': 7.06230858969516, 'beta_5': 36.133297536834704, 'beta_6': 0.045360987195649724, 'beta_7': 0.016216347938915555, 'beta_8': 3.993887602792264e-05, 'beta_9': 7.633461869078515e-07}. Best is trial 691 with value: 6538.461030825155.
[I 2026-04-01 00:03:48,631] Trial 963 finished with value: 7280.51738787628 and parameters: {'alpha_0': 0.0005018169877208012, 'alpha_1': 5.4708458452181835e-05, 'alpha_2': 4.1288282448837724e-05, 'beta_0': 0.07322999115160098, 'beta_1': 6.68527320881483, 'beta_2': 0.20189334485799898, 'beta_3': 0.0009695049925053878, 'beta_4': 6.902755431021849, 'beta_5': 35.794217669945766, 'beta_6': 0.08016773239601867, 'beta_7': 0.016738229972080333, 'beta_8': 3.954290641427591e-05, 'beta_9': 1.4345501489392678e-06}. Best is trial 691 with value: 6538.461030825155.
[I 2026-04-01 00:03:57,872] Trial 964 finished with value: 7235.23784803013 and parameters: {'alpha_0': 0.0005400974136152285, 'alpha_1': 5.6188656715223656e-05, 'alpha_2': 4.125021005612621e-05, 'beta_0': 0.07226359473667293, 'beta_1': 6.882363961219716, 'beta_2': 0.20262864108399442, 'beta_3': 0.0009572118530122173, 'beta_4': 6.799889979236025, 'beta_5': 35.54659747784243, 'beta_6': 0.04469474111813594, 'beta_7': 0.015277742547538345, 'beta_8': 3.9524241416474705e-05, 'beta_9': 1.268845760571847e-06}. Best is trial 691 with value: 6538.461030825155.
[I 2026-04-01 00:04:07,186] Trial 965 finished with value: 6671.203481591159 and parameters: {'alpha_0': 0.0005605172564042383, 'alpha_1': 5.3455633249713086e-05, 'alpha_2': 4.0140121799716436e-05, 'beta_0': 0.07463780018312557, 'beta_1': 6.961809140976907, 'beta_2': 0.19968717939709987, 'beta_3': 0.0009916133268194228, 'beta_4': 7.174418838853971, 'beta_5': 35.334044765266704, 'beta_6': 0.044314289661416685, 'beta_7': 0.015846820539799064, 'beta_8': 3.998244072373785e-05, 'beta_9': 1.3546737694225817e-06}. Best is trial 691 with value: 6538.461030825155.
[I 2026-04-01 00:04:16,476] Trial 966 finished with value: 6821.232763245569 and parameters: {'alpha_0': 0.0005705610400423731, 'alpha_1': 5.377814811471804e-05, 'alpha_2': 4.253461474175743e-05, 'beta_0': 0.07683334168616551, 'beta_1': 6.658975071818267, 'beta_2': 0.1979297070441304, 'beta_3': 0.0009508026284316193, 'beta_4': 7.010852497563509, 'beta_5': 35.87557720929296, 'beta_6': 0.044139083211672016, 'beta_7': 0.015509133204445637, 'beta_8': 1.3817584530105305e-05, 'beta_9': 1.4033630981319387e-06}. Best is trial 691 with value: 6538.461030825155.
[I 2026-04-01 00:04:25,822] Trial 967 finished with value: 6773.010263334424 and parameters: {'alpha_0': 0.0005339995975454738, 'alpha_1': 5.612232909697972e-05, 'alpha_2': 4.008241975023663e-05, 'beta_0': 0.07169096202822065, 'beta_1': 6.5394292677577885, 'beta_2': 0.20403348513857594, 'beta_3': 0.0009726977879119452, 'beta_4': 6.853435054989776, 'beta_5': 36.212299879241556, 'beta_6': 0.046075302922807634, 'beta_7': 0.01607566474230068, 'beta_8': 3.9950162612868566e-05, 'beta_9': 7.90453334615199e-07}. Best is trial 691 with value: 6538.461030825155.
[I 2026-04-01 00:04:35,128] Trial 968 finished with value: 6649.065026282004 and parameters: {'alpha_0': 0.0005015107635973044, 'alpha_1': 8.531534808338992e-05, 'alpha_2': 4.00687258451648e-05, 'beta_0': 0.08258938013534446, 'beta_1': 6.4387231681604, 'beta_2': 0.20111965313271696, 'beta_3': 0.0009909488448188292, 'beta_4': 6.828555449879881, 'beta_5': 35.25597918414048, 'beta_6': 0.04350645757979173, 'beta_7': 0.015666157352735147, 'beta_8': 3.897944307918783e-05, 'beta_9': 1.314225131791351e-06}. Best is trial 691 with value: 6538.461030825155.
[I 2026-04-01 00:04:44,352] Trial 969 finished with value: 7053.980250092655 and parameters: {'alpha_0': 0.0005771328664046384, 'alpha_1': 5.308430941873473e-05, 'alpha_2': 4.408073871204287e-05, 'beta_0': 0.07733160404592697, 'beta_1': 6.66359044920904, 'beta_2': 0.20389572165249248, 'beta_3': 0.0009471462841166843, 'beta_4': 6.733513187324, 'beta_5': 35.04608683540248, 'beta_6': 0.04512968630044718, 'beta_7': 0.01646453744296206, 'beta_8': 3.943920967647059e-05, 'beta_9': 1.2425948523471742e-06}. Best is trial 691 with value: 6538.461030825155.
[I 2026-04-01 00:04:53,774] Trial 970 finished with value: 7230.94799150182 and parameters: {'alpha_0': 0.0005415564267338483, 'alpha_1': 5.003926545114158e-05, 'alpha_2': 4.2483232781396426e-05, 'beta_0': 0.08322159273284259, 'beta_1': 6.896268199891988, 'beta_2': 0.2466878088361625, 'beta_3': 0.0009604092187711706, 'beta_4': 6.690698481013537, 'beta_5': 36.532217655924946, 'beta_6': 0.04310016991431185, 'beta_7': 0.0152572142765319, 'beta_8': 3.833214537731679e-05, 'beta_9': 1.3435184294752943e-06}. Best is trial 691 with value: 6538.461030825155.
[I 2026-04-01 00:05:03,030] Trial 971 finished with value: inf and parameters: {'alpha_0': 0.0006009321511087329, 'alpha_1': 5.549211035056928e-05, 'alpha_2': 4.4906646107710784e-05, 'beta_0': 0.07214291380248528, 'beta_1': 6.248104500759939, 'beta_2': 0.19877181635263133, 'beta_3': 0.0010051722943332042, 'beta_4': 6.9353963110127586, 'beta_5': 34.77370139144595, 'beta_6': 0.04406255621126103, 'beta_7': 0.01781730504686841, 'beta_8': 3.940390769608536e-05, 'beta_9': 1.18878030175784e-06}. Best is trial 691 with value: 6538.461030825155.
[I 2026-04-01 00:05:12,545] Trial 972 finished with value: 7509.158233109502 and parameters: {'alpha_0': 0.0005387539038546101, 'alpha_1': 5.2901404506880574e-05, 'alpha_2': 4.002787597148893e-05, 'beta_0': 0.0808395216820447, 'beta_1': 6.476310267349004, 'beta_2': 0.2044610406480969, 'beta_3': 0.0009408347731102303, 'beta_4': 6.776173598116403, 'beta_5': 35.69377735462971, 'beta_6': 0.04284486162108173, 'beta_7': 0.015000093992090577, 'beta_8': 3.891848314885954e-05, 'beta_9': 1.3257148866182708e-06}. Best is trial 691 with value: 6538.461030825155.
[I 2026-04-01 00:05:21,905] Trial 973 finished with value: 6737.4874719215095 and parameters: {'alpha_0': 0.0006014973758800134, 'alpha_1': 5.477902091277983e-05, 'alpha_2': 4.2915452983127806e-05, 'beta_0': 0.0847673946211603, 'beta_1': 6.760970637594778, 'beta_2': 0.20272781356369954, 'beta_3': 0.000981813904201376, 'beta_4': 6.691251397004424, 'beta_5': 34.85188316386483, 'beta_6': 0.04286162040056599, 'beta_7': 0.015964263619864485, 'beta_8': 3.998523796254352e-05, 'beta_9': 1.3402353268713882e-06}. Best is trial 691 with value: 6538.461030825155.
[I 2026-04-01 00:05:31,229] Trial 974 finished with value: 6587.900343933856 and parameters: {'alpha_0': 0.0005001509091200349, 'alpha_1': 5.1752782394115975e-05, 'alpha_2': 4.151358530467699e-05, 'beta_0': 0.07533239958045379, 'beta_1': 6.260542620861146, 'beta_2': 0.20568850824057677, 'beta_3': 0.0009694962590985515, 'beta_4': 7.797755440283686, 'beta_5': 36.10999072757534, 'beta_6': 0.04443405483807161, 'beta_7': 0.01566256713240779, 'beta_8': 3.81540620949126e-05, 'beta_9': 1.2886788526166529e-06}. Best is trial 691 with value: 6538.461030825155.
[I 2026-04-01 00:05:40,596] Trial 975 finished with value: inf and parameters: {'alpha_0': 0.0005768575275182736, 'alpha_1': 5.6942895444774764e-05, 'alpha_2': 4.388660405654071e-05, 'beta_0': 0.07899172139074011, 'beta_1': 6.124054459357995, 'beta_2': 0.20128187980353276, 'beta_3': 0.001007418584827848, 'beta_4': 6.961531502820141, 'beta_5': 34.797316946629934, 'beta_6': 0.042148250947653246, 'beta_7': 0.017019961945841756, 'beta_8': 3.913475920290175e-05, 'beta_9': 1.2502195704521739e-06}. Best is trial 691 with value: 6538.461030825155.Best trial: 691. Best value: 6538.46:  49%|████▉     | 975/2000 [2:26:56<2:39:32,  9.34s/it]Best trial: 691. Best value: 6538.46:  49%|████▉     | 975/2000 [2:26:56<2:39:32,  9.34s/it]Best trial: 691. Best value: 6538.46:  49%|████▉     | 976/2000 [2:26:56<2:39:31,  9.35s/it]                                                                                            Best trial: 691. Best value: 6538.46:  49%|████▉     | 976/2000 [2:27:05<2:39:31,  9.35s/it]Best trial: 691. Best value: 6538.46:  49%|████▉     | 976/2000 [2:27:05<2:39:31,  9.35s/it]Best trial: 691. Best value: 6538.46:  49%|████▉     | 977/2000 [2:27:05<2:38:33,  9.30s/it]                                                                                            Best trial: 691. Best value: 6538.46:  49%|████▉     | 977/2000 [2:27:14<2:38:33,  9.30s/it]Best trial: 691. Best value: 6538.46:  49%|████▉     | 977/2000 [2:27:14<2:38:33,  9.30s/it]Best trial: 691. Best value: 6538.46:  49%|████▉     | 978/2000 [2:27:14<2:38:26,  9.30s/it]                                                                                            Best trial: 691. Best value: 6538.46:  49%|████▉     | 978/2000 [2:27:23<2:38:26,  9.30s/it]Best trial: 691. Best value: 6538.46:  49%|████▉     | 978/2000 [2:27:23<2:38:26,  9.30s/it]Best trial: 691. Best value: 6538.46:  49%|████▉     | 979/2000 [2:27:23<2:38:20,  9.31s/it]                                                                                            Best trial: 691. Best value: 6538.46:  49%|████▉     | 979/2000 [2:27:33<2:38:20,  9.31s/it]Best trial: 691. Best value: 6538.46:  49%|████▉     | 979/2000 [2:27:33<2:38:20,  9.31s/it]Best trial: 691. Best value: 6538.46:  49%|████▉     | 980/2000 [2:27:33<2:38:28,  9.32s/it]                                                                                            Best trial: 691. Best value: 6538.46:  49%|████▉     | 980/2000 [2:27:42<2:38:28,  9.32s/it]Best trial: 691. Best value: 6538.46:  49%|████▉     | 980/2000 [2:27:42<2:38:28,  9.32s/it]Best trial: 691. Best value: 6538.46:  49%|████▉     | 981/2000 [2:27:42<2:38:12,  9.32s/it]                                                                                            Best trial: 691. Best value: 6538.46:  49%|████▉     | 981/2000 [2:27:51<2:38:12,  9.32s/it]Best trial: 691. Best value: 6538.46:  49%|████▉     | 981/2000 [2:27:51<2:38:12,  9.32s/it]Best trial: 691. Best value: 6538.46:  49%|████▉     | 982/2000 [2:27:51<2:37:51,  9.30s/it]                                                                                            Best trial: 691. Best value: 6538.46:  49%|████▉     | 982/2000 [2:28:00<2:37:51,  9.30s/it]Best trial: 691. Best value: 6538.46:  49%|████▉     | 982/2000 [2:28:00<2:37:51,  9.30s/it]Best trial: 691. Best value: 6538.46:  49%|████▉     | 983/2000 [2:28:00<2:37:16,  9.28s/it]                                                                                            Best trial: 691. Best value: 6538.46:  49%|████▉     | 983/2000 [2:28:10<2:37:16,  9.28s/it]Best trial: 691. Best value: 6538.46:  49%|████▉     | 983/2000 [2:28:10<2:37:16,  9.28s/it]Best trial: 691. Best value: 6538.46:  49%|████▉     | 984/2000 [2:28:10<2:37:39,  9.31s/it]                                                                                            Best trial: 691. Best value: 6538.46:  49%|████▉     | 984/2000 [2:28:19<2:37:39,  9.31s/it]Best trial: 691. Best value: 6538.46:  49%|████▉     | 984/2000 [2:28:19<2:37:39,  9.31s/it]Best trial: 691. Best value: 6538.46:  49%|████▉     | 985/2000 [2:28:19<2:37:38,  9.32s/it]                                                                                            Best trial: 691. Best value: 6538.46:  49%|████▉     | 985/2000 [2:28:28<2:37:38,  9.32s/it]Best trial: 691. Best value: 6538.46:  49%|████▉     | 985/2000 [2:28:28<2:37:38,  9.32s/it]Best trial: 691. Best value: 6538.46:  49%|████▉     | 986/2000 [2:28:28<2:36:54,  9.28s/it]                                                                                            Best trial: 691. Best value: 6538.46:  49%|████▉     | 986/2000 [2:28:38<2:36:54,  9.28s/it]Best trial: 691. Best value: 6538.46:  49%|████▉     | 986/2000 [2:28:38<2:36:54,  9.28s/it]Best trial: 691. Best value: 6538.46:  49%|████▉     | 987/2000 [2:28:38<2:36:55,  9.29s/it]                                                                                            Best trial: 691. Best value: 6538.46:  49%|████▉     | 987/2000 [2:28:47<2:36:55,  9.29s/it]Best trial: 691. Best value: 6538.46:  49%|████▉     | 987/2000 [2:28:47<2:36:55,  9.29s/it]Best trial: 691. Best value: 6538.46:  49%|████▉     | 988/2000 [2:28:47<2:37:09,  9.32s/it]                                                                                            Best trial: 691. Best value: 6538.46:  49%|████▉     | 988/2000 [2:28:56<2:37:09,  9.32s/it]Best trial: 691. Best value: 6538.46:  49%|████▉     | 988/2000 [2:28:56<2:37:09,  9.32s/it]Best trial: 691. Best value: 6538.46:  49%|████▉     | 989/2000 [2:28:56<2:36:54,  9.31s/it]                                                                                            Best trial: 691. Best value: 6538.46:  49%|████▉     | 989/2000 [2:29:06<2:36:54,  9.31s/it]Best trial: 691. Best value: 6538.46:  49%|████▉     | 989/2000 [2:29:06<2:36:54,  9.31s/it]Best trial: 691. Best value: 6538.46:  50%|████▉     | 990/2000 [2:29:06<2:36:39,  9.31s/it]                                                                                            
[I 2026-04-01 00:05:49,783] Trial 976 finished with value: 6757.207322857634 and parameters: {'alpha_0': 0.000618759005343322, 'alpha_1': 5.001118641561797e-05, 'alpha_2': 4.1538419741954635e-05, 'beta_0': 0.08686467213162774, 'beta_1': 6.421193107825011, 'beta_2': 0.20583632743493055, 'beta_3': 0.0009384142214948257, 'beta_4': 6.637998429062166, 'beta_5': 34.42384270538591, 'beta_6': 0.04561012300040787, 'beta_7': 0.01611328309073193, 'beta_8': 3.870868519938065e-05, 'beta_9': 7.650936932239904e-07}. Best is trial 691 with value: 6538.461030825155.
[I 2026-04-01 00:05:59,089] Trial 977 finished with value: 6961.950169803514 and parameters: {'alpha_0': 0.0005410187803437093, 'alpha_1': 5.34577117137807e-05, 'alpha_2': 4.560972679721855e-05, 'beta_0': 0.0909230612088662, 'beta_1': 6.630205733414913, 'beta_2': 0.20366027589981392, 'beta_3': 0.0009581376865988722, 'beta_4': 7.43679617916842, 'beta_5': 35.65625447991448, 'beta_6': 0.0435820273734467, 'beta_7': 0.015436950905195835, 'beta_8': 3.95038063617872e-05, 'beta_9': 1.2991673068556773e-06}. Best is trial 691 with value: 6538.461030825155.
[I 2026-04-01 00:06:08,404] Trial 978 finished with value: 6766.384481124785 and parameters: {'alpha_0': 0.0006368521008137874, 'alpha_1': 5.18979034526111e-05, 'alpha_2': 4.004286353861038e-05, 'beta_0': 0.08190647665414298, 'beta_1': 6.087693909465716, 'beta_2': 0.20497078734053095, 'beta_3': 0.0009853039661579298, 'beta_4': 7.981346266357745, 'beta_5': 34.31753528283999, 'beta_6': 0.06239487517513366, 'beta_7': 0.015868248690937573, 'beta_8': 3.99908598245861e-05, 'beta_9': 7.409527827293989e-07}. Best is trial 691 with value: 6538.461030825155.
