[I 2026-04-01 10:09:34,515] Trial 1590 finished with value: 7835.96745879875 and parameters: {'alpha_0': 0.0005668221547989916, 'alpha_1': 6.019897697130878e-05, 'alpha_2': 0.0001048132834125355, 'beta_0': 0.08376053365184088, 'beta_1': 6.174262411107542, 'beta_2': 0.20729104644709376, 'beta_3': 0.00047194877763024636, 'beta_4': 6.733304757726761, 'beta_5': 34.77313806461933, 'beta_6': 0.04117467720187216, 'beta_7': 0.015291164170199269, 'beta_8': 3.998527328565492e-05, 'beta_9': 1.282575327924792e-06}. Best is trial 691 with value: 6538.461030825155.Best trial: 691. Best value: 6538.46:  80%|███████▉  | 1590/2000 [12:30:49<1:03:06,  9.24s/it]Best trial: 691. Best value: 6538.46:  80%|███████▉  | 1590/2000 [12:30:49<1:03:06,  9.24s/it]Best trial: 691. Best value: 6538.46:  80%|███████▉  | 1591/2000 [12:30:49<1:03:47,  9.36s/it]                                                                                              Best trial: 691. Best value: 6538.46:  80%|███████▉  | 1591/2000 [12:30:59<1:03:47,  9.36s/it]Best trial: 691. Best value: 6538.46:  80%|███████▉  | 1591/2000 [12:30:59<1:03:47,  9.36s/it]Best trial: 691. Best value: 6538.46:  80%|███████▉  | 1592/2000 [12:30:59<1:03:15,  9.30s/it]                                                                                              Best trial: 691. Best value: 6538.46:  80%|███████▉  | 1592/2000 [12:31:08<1:03:15,  9.30s/it]Best trial: 691. Best value: 6538.46:  80%|███████▉  | 1592/2000 [12:31:08<1:03:15,  9.30s/it]Best trial: 691. Best value: 6538.46:  80%|███████▉  | 1593/2000 [12:31:08<1:03:15,  9.32s/it]                                                                                              Best trial: 691. Best value: 6538.46:  80%|███████▉  | 1593/2000 [12:31:17<1:03:15,  9.32s/it]Best trial: 691. Best value: 6538.46:  80%|███████▉  | 1593/2000 [12:31:17<1:03:15,  9.32s/it]Best trial: 691. Best value: 6538.46:  80%|███████▉  | 1594/2000 [12:31:17<1:03:04,  9.32s/it]                                                                                              Best trial: 691. Best value: 6538.46:  80%|███████▉  | 1594/2000 [12:31:26<1:03:04,  9.32s/it]Best trial: 691. Best value: 6538.46:  80%|███████▉  | 1594/2000 [12:31:26<1:03:04,  9.32s/it]Best trial: 691. Best value: 6538.46:  80%|███████▉  | 1595/2000 [12:31:26<1:02:37,  9.28s/it]                                                                                              Best trial: 691. Best value: 6538.46:  80%|███████▉  | 1595/2000 [12:31:36<1:02:37,  9.28s/it]Best trial: 691. Best value: 6538.46:  80%|███████▉  | 1595/2000 [12:31:36<1:02:37,  9.28s/it]Best trial: 691. Best value: 6538.46:  80%|███████▉  | 1596/2000 [12:31:36<1:02:22,  9.26s/it]                                                                                              Best trial: 691. Best value: 6538.46:  80%|███████▉  | 1596/2000 [12:31:45<1:02:22,  9.26s/it]Best trial: 691. Best value: 6538.46:  80%|███████▉  | 1596/2000 [12:31:45<1:02:22,  9.26s/it]Best trial: 691. Best value: 6538.46:  80%|███████▉  | 1597/2000 [12:31:45<1:02:16,  9.27s/it]                                                                                              Best trial: 691. Best value: 6538.46:  80%|███████▉  | 1597/2000 [12:31:54<1:02:16,  9.27s/it]Best trial: 691. Best value: 6538.46:  80%|███████▉  | 1597/2000 [12:31:54<1:02:16,  9.27s/it]Best trial: 691. Best value: 6538.46:  80%|███████▉  | 1598/2000 [12:31:54<1:02:02,  9.26s/it]                                                                                              Best trial: 691. Best value: 6538.46:  80%|███████▉  | 1598/2000 [12:32:04<1:02:02,  9.26s/it]Best trial: 691. Best value: 6538.46:  80%|███████▉  | 1598/2000 [12:32:04<1:02:02,  9.26s/it]Best trial: 691. Best value: 6538.46:  80%|███████▉  | 1599/2000 [12:32:04<1:01:54,  9.26s/it]                                                                                              Best trial: 691. Best value: 6538.46:  80%|███████▉  | 1599/2000 [12:32:13<1:01:54,  9.26s/it]Best trial: 691. Best value: 6538.46:  80%|███████▉  | 1599/2000 [12:32:13<1:01:54,  9.26s/it]Best trial: 691. Best value: 6538.46:  80%|████████  | 1600/2000 [12:32:13<1:01:51,  9.28s/it]                                                                                              Best trial: 691. Best value: 6538.46:  80%|████████  | 1600/2000 [12:32:22<1:01:51,  9.28s/it]Best trial: 691. Best value: 6538.46:  80%|████████  | 1600/2000 [12:32:22<1:01:51,  9.28s/it]Best trial: 691. Best value: 6538.46:  80%|████████  | 1601/2000 [12:32:22<1:01:43,  9.28s/it]                                                                                              Best trial: 691. Best value: 6538.46:  80%|████████  | 1601/2000 [12:32:31<1:01:43,  9.28s/it]Best trial: 691. Best value: 6538.46:  80%|████████  | 1601/2000 [12:32:31<1:01:43,  9.28s/it]Best trial: 691. Best value: 6538.46:  80%|████████  | 1602/2000 [12:32:31<1:01:41,  9.30s/it]                                                                                              Best trial: 691. Best value: 6538.46:  80%|████████  | 1602/2000 [12:32:41<1:01:41,  9.30s/it]Best trial: 691. Best value: 6538.46:  80%|████████  | 1602/2000 [12:32:41<1:01:41,  9.30s/it]Best trial: 691. Best value: 6538.46:  80%|████████  | 1603/2000 [12:32:41<1:01:22,  9.28s/it]                                                                                              Best trial: 691. Best value: 6538.46:  80%|████████  | 1603/2000 [12:32:50<1:01:22,  9.28s/it]Best trial: 691. Best value: 6538.46:  80%|████████  | 1603/2000 [12:32:50<1:01:22,  9.28s/it]Best trial: 691. Best value: 6538.46:  80%|████████  | 1604/2000 [12:32:50<1:01:05,  9.26s/it]                                                                                              Best trial: 691. Best value: 6538.46:  80%|████████  | 1604/2000 [12:32:59<1:01:05,  9.26s/it]Best trial: 691. Best value: 6538.46:  80%|████████  | 1604/2000 [12:32:59<1:01:05,  9.26s/it]Best trial: 691. Best value: 6538.46:  80%|████████  | 1605/2000 [12:32:59<1:00:54,  9.25s/it]                                                                                              
[I 2026-04-01 10:09:43,686] Trial 1591 finished with value: inf and parameters: {'alpha_0': 0.0006227637364009459, 'alpha_1': 5.182878035158602e-05, 'alpha_2': 4.185686641239728e-05, 'beta_0': 0.09260405530033333, 'beta_1': 5.960034820705405, 'beta_2': 0.20171835481809963, 'beta_3': 0.001044647355436358, 'beta_4': 6.509605277651242, 'beta_5': 36.26300422631917, 'beta_6': 0.04647342250461072, 'beta_7': 0.01851951242342877, 'beta_8': 3.860274410360264e-05, 'beta_9': 1.8661907804224497e-06}. Best is trial 691 with value: 6538.461030825155.
[I 2026-04-01 10:09:53,061] Trial 1592 finished with value: 7428.794940035576 and parameters: {'alpha_0': 0.0005919844579382825, 'alpha_1': 5.609594048960653e-05, 'alpha_2': 4.7301353220717174e-05, 'beta_0': 0.06472490251774686, 'beta_1': 6.327260397647391, 'beta_2': 0.19869977348182516, 'beta_3': 0.0010186837185662194, 'beta_4': 6.91421321946475, 'beta_5': 35.326617718820025, 'beta_6': 0.04203384809846194, 'beta_7': 0.01500131616102093, 'beta_8': 3.6812556644114075e-05, 'beta_9': 1.2050724432015367e-06}. Best is trial 691 with value: 6538.461030825155.
[I 2026-04-01 10:10:02,375] Trial 1593 finished with value: 6554.910809086568 and parameters: {'alpha_0': 0.0005350937551235494, 'alpha_1': 5.330421814640261e-05, 'alpha_2': 5.008113080959255e-05, 'beta_0': 0.08837978662999889, 'beta_1': 6.717282879203462, 'beta_2': 0.20547910978660264, 'beta_3': 0.0009792821887518754, 'beta_4': 5.532480626980198, 'beta_5': 34.33560784625988, 'beta_6': 0.04370113383936441, 'beta_7': 0.01576094336303546, 'beta_8': 3.904877811633065e-05, 'beta_9': 1.2615598397155106e-06}. Best is trial 691 with value: 6538.461030825155.
[I 2026-04-01 10:10:11,552] Trial 1594 finished with value: 6709.5796971898035 and parameters: {'alpha_0': 0.0005290624413079909, 'alpha_1': 5.174946278741353e-05, 'alpha_2': 5.1638119430518354e-05, 'beta_0': 0.08616609319188599, 'beta_1': 6.92251448182667, 'beta_2': 0.2059266399736509, 'beta_3': 0.0009958994433014918, 'beta_4': 5.254839536996402, 'beta_5': 34.68568069042576, 'beta_6': 0.040005950209822214, 'beta_7': 0.015542833931864498, 'beta_8': 3.818149808818186e-05, 'beta_9': 1.7819769146878047e-06}. Best is trial 691 with value: 6538.461030825155.
[I 2026-04-01 10:10:20,778] Trial 1595 finished with value: 6663.128146621872 and parameters: {'alpha_0': 0.0005029649849447998, 'alpha_1': 5.3004937008488686e-05, 'alpha_2': 5.1809516791499844e-05, 'beta_0': 0.08858257880030819, 'beta_1': 6.961361465204168, 'beta_2': 0.20447377563385313, 'beta_3': 0.0010142717775552565, 'beta_4': 5.377943142855133, 'beta_5': 34.88719216898718, 'beta_6': 0.04525069002700945, 'beta_7': 0.015801167695951624, 'beta_8': 3.7767879696714575e-05, 'beta_9': 1.2600466581219425e-06}. Best is trial 691 with value: 6538.461030825155.
[I 2026-04-01 10:10:30,075] Trial 1596 finished with value: 6958.296895886302 and parameters: {'alpha_0': 0.0005306440286223069, 'alpha_1': 5.1667405030153444e-05, 'alpha_2': 5.2520271109818235e-05, 'beta_0': 0.0900893697545521, 'beta_1': 7.120167699156886, 'beta_2': 0.20757920226153384, 'beta_3': 0.0009800045483423744, 'beta_4': 7.1972504647923365, 'beta_5': 34.42347514786134, 'beta_6': 0.0431169119460677, 'beta_7': 0.015419098145740709, 'beta_8': 3.9053239586499634e-05, 'beta_9': 1.2552406848525557e-06}. Best is trial 691 with value: 6538.461030825155.
[I 2026-04-01 10:10:39,305] Trial 1597 finished with value: 6749.22305015583 and parameters: {'alpha_0': 0.0005570126706517312, 'alpha_1': 5.376837114607441e-05, 'alpha_2': 5.034783946792161e-05, 'beta_0': 0.08622602713536333, 'beta_1': 6.825861579648413, 'beta_2': 0.2054757838487919, 'beta_3': 0.0009847690684452182, 'beta_4': 5.69342085382393, 'beta_5': 35.3603847562439, 'beta_6': 0.04109702608883835, 'beta_7': 0.01601899837935539, 'beta_8': 3.860306810795086e-05, 'beta_9': 1.2911232549128373e-06}. Best is trial 691 with value: 6538.461030825155.
[I 2026-04-01 10:10:48,573] Trial 1598 finished with value: 6558.268335187464 and parameters: {'alpha_0': 0.0005317600643965127, 'alpha_1': 5.0111766646163506e-05, 'alpha_2': 4.86873833979637e-05, 'beta_0': 0.09075308635019692, 'beta_1': 7.129502497831268, 'beta_2': 0.20891885587005632, 'beta_3': 0.0010082420080156495, 'beta_4': 5.528370681766774, 'beta_5': 34.322395075141785, 'beta_6': 0.043944748205979045, 'beta_7': 0.01574774151278918, 'beta_8': 3.7161158073860064e-05, 'beta_9': 1.277814602493443e-06}. Best is trial 691 with value: 6538.461030825155.
[I 2026-04-01 10:10:57,886] Trial 1599 finished with value: 6713.8661873789615 and parameters: {'alpha_0': 0.0005251570348897402, 'alpha_1': 5.1406762104607376e-05, 'alpha_2': 5.254893613954034e-05, 'beta_0': 0.09383956291785855, 'beta_1': 6.992469622959787, 'beta_2': 0.20935546766850166, 'beta_3': 0.001020318165987252, 'beta_4': 4.863658856444895, 'beta_5': 34.1644105782525, 'beta_6': 0.04719946672061811, 'beta_7': 0.015574822560658409, 'beta_8': 3.680825185052117e-05, 'beta_9': 1.262788087753327e-06}. Best is trial 691 with value: 6538.461030825155.
[I 2026-04-01 10:11:07,181] Trial 1600 finished with value: 7349.164504282304 and parameters: {'alpha_0': 0.0005030172132366186, 'alpha_1': 5.0092033134856235e-05, 'alpha_2': 5.325608661949342e-05, 'beta_0': 0.09752413606275279, 'beta_1': 7.256279620535698, 'beta_2': 0.20871081915742903, 'beta_3': 0.0010409109112323963, 'beta_4': 5.326878930404349, 'beta_5': 33.97414338418331, 'beta_6': 0.09723317177180243, 'beta_7': 0.01525858048617066, 'beta_8': 3.6144768974310977e-05, 'beta_9': 1.3248220483423535e-06}. Best is trial 691 with value: 6538.461030825155.
[I 2026-04-01 10:11:16,519] Trial 1601 finished with value: 6768.188841157889 and parameters: {'alpha_0': 0.000500669929904681, 'alpha_1': 5.171172629713503e-05, 'alpha_2': 5.1856732211187474e-05, 'beta_0': 0.09262951485099832, 'beta_1': 6.851783237675407, 'beta_2': 0.21039172947636733, 'beta_3': 0.0010527149445700868, 'beta_4': 5.5883857198523, 'beta_5': 34.378188204227406, 'beta_6': 0.046110932647288855, 'beta_7': 0.01608068324043033, 'beta_8': 3.6021842035629285e-05, 'beta_9': 1.2868603348851624e-06}. Best is trial 691 with value: 6538.461030825155.
[I 2026-04-01 10:11:25,738] Trial 1602 finished with value: 6570.273587856206 and parameters: {'alpha_0': 0.0005357573058921409, 'alpha_1': 5.003204800032492e-05, 'alpha_2': 4.9822595293556235e-05, 'beta_0': 0.09946459453742512, 'beta_1': 7.211648159987414, 'beta_2': 0.2082758109479057, 'beta_3': 0.0010193939014243117, 'beta_4': 5.374012458669632, 'beta_5': 20.76415990105505, 'beta_6': 0.045144276632865986, 'beta_7': 0.015714536221063512, 'beta_8': 3.701333928486285e-05, 'beta_9': 1.277078830572072e-06}. Best is trial 691 with value: 6538.461030825155.
[I 2026-04-01 10:11:34,954] Trial 1603 finished with value: 6913.245061715982 and parameters: {'alpha_0': 0.0005410801936082728, 'alpha_1': 5.1391353809391456e-05, 'alpha_2': 5.092794359871027e-05, 'beta_0': 0.09182033660440106, 'beta_1': 7.131840240443269, 'beta_2': 0.21055298062159544, 'beta_3': 0.0010803671598942027, 'beta_4': 5.130881924520342, 'beta_5': 33.89884554466501, 'beta_6': 0.04909392256748616, 'beta_7': 0.016299665104095435, 'beta_8': 3.633724521093741e-05, 'beta_9': 1.3099790829667694e-06}. Best is trial 691 with value: 6538.461030825155.
[I 2026-04-01 10:11:44,191] Trial 1604 finished with value: 7261.262564067346 and parameters: {'alpha_0': 0.0005313355235717994, 'alpha_1': 5.129593804009963e-05, 'alpha_2': 5.06016295598234e-05, 'beta_0': 0.09515033797303293, 'beta_1': 7.103880995973579, 'beta_2': 0.20711157412992462, 'beta_3': 0.0010503365393157247, 'beta_4': 5.660180194071791, 'beta_5': 34.53887262559789, 'beta_6': 0.04458853204885163, 'beta_7': 0.01672760036962932, 'beta_8': 3.630027387517271e-05, 'beta_9': 1.240154884251638e-06}. Best is trial 691 with value: 6538.461030825155.
[I 2026-04-01 10:11:53,542] Trial 1605 finished with value: 7227.88714486529 and parameters: {'alpha_0': 0.0005552034013817439, 'alpha_1': 5.027559772096707e-05, 'alpha_2': 5.033132495092932e-05, 'beta_0': 0.08961481601418349, 'beta_1': 7.007511303732566, 'beta_2': 0.20884813814728387, 'beta_3': 0.0010018424129208205, 'beta_4': 5.488463784653534, 'beta_5': 33.77961912984089, 'beta_6': 0.043996097277013674, 'beta_7': 0.0152641852169995, 'beta_8': 3.7206211779147424e-05, 'beta_9': 1.2841886261370499e-06}. Best is trial 691 with value: 6538.461030825155.Best trial: 691. Best value: 6538.46:  80%|████████  | 1605/2000 [12:33:08<1:00:54,  9.25s/it]Best trial: 691. Best value: 6538.46:  80%|████████  | 1605/2000 [12:33:08<1:00:54,  9.25s/it]Best trial: 691. Best value: 6538.46:  80%|████████  | 1606/2000 [12:33:08<1:00:56,  9.28s/it]                                                                                              Best trial: 691. Best value: 6538.46:  80%|████████  | 1606/2000 [12:33:18<1:00:56,  9.28s/it]Best trial: 691. Best value: 6538.46:  80%|████████  | 1606/2000 [12:33:18<1:00:56,  9.28s/it]Best trial: 691. Best value: 6538.46:  80%|████████  | 1607/2000 [12:33:18<1:00:34,  9.25s/it]                                                                                              Best trial: 691. Best value: 6538.46:  80%|████████  | 1607/2000 [12:33:27<1:00:34,  9.25s/it]Best trial: 691. Best value: 6538.46:  80%|████████  | 1607/2000 [12:33:27<1:00:34,  9.25s/it]Best trial: 691. Best value: 6538.46:  80%|████████  | 1608/2000 [12:33:27<1:00:27,  9.25s/it]                                                                                              Best trial: 691. Best value: 6538.46:  80%|████████  | 1608/2000 [12:33:36<1:00:27,  9.25s/it]Best trial: 691. Best value: 6538.46:  80%|████████  | 1608/2000 [12:33:36<1:00:27,  9.25s/it]Best trial: 691. Best value: 6538.46:  80%|████████  | 1609/2000 [12:33:36<1:00:26,  9.28s/it]                                                                                              Best trial: 691. Best value: 6538.46:  80%|████████  | 1609/2000 [12:33:45<1:00:26,  9.28s/it]Best trial: 691. Best value: 6538.46:  80%|████████  | 1609/2000 [12:33:45<1:00:26,  9.28s/it]Best trial: 691. Best value: 6538.46:  80%|████████  | 1610/2000 [12:33:45<1:00:07,  9.25s/it]                                                                                              Best trial: 691. Best value: 6538.46:  80%|████████  | 1610/2000 [12:33:55<1:00:07,  9.25s/it]Best trial: 691. Best value: 6538.46:  80%|████████  | 1610/2000 [12:33:55<1:00:07,  9.25s/it]Best trial: 691. Best value: 6538.46:  81%|████████  | 1611/2000 [12:33:55<59:53,  9.24s/it]                                                                                              Best trial: 691. Best value: 6538.46:  81%|████████  | 1611/2000 [12:34:04<59:53,  9.24s/it]Best trial: 691. Best value: 6538.46:  81%|████████  | 1611/2000 [12:34:04<59:53,  9.24s/it]Best trial: 691. Best value: 6538.46:  81%|████████  | 1612/2000 [12:34:04<59:47,  9.25s/it]                                                                                            Best trial: 691. Best value: 6538.46:  81%|████████  | 1612/2000 [12:34:13<59:47,  9.25s/it]Best trial: 691. Best value: 6538.46:  81%|████████  | 1612/2000 [12:34:13<59:47,  9.25s/it]Best trial: 691. Best value: 6538.46:  81%|████████  | 1613/2000 [12:34:13<59:38,  9.25s/it]                                                                                            Best trial: 691. Best value: 6538.46:  81%|████████  | 1613/2000 [12:34:22<59:38,  9.25s/it]Best trial: 691. Best value: 6538.46:  81%|████████  | 1613/2000 [12:34:22<59:38,  9.25s/it]Best trial: 691. Best value: 6538.46:  81%|████████  | 1614/2000 [12:34:22<59:27,  9.24s/it]                                                                                            Best trial: 691. Best value: 6538.46:  81%|████████  | 1614/2000 [12:34:32<59:27,  9.24s/it]Best trial: 691. Best value: 6538.46:  81%|████████  | 1614/2000 [12:34:32<59:27,  9.24s/it]Best trial: 691. Best value: 6538.46:  81%|████████  | 1615/2000 [12:34:32<59:22,  9.25s/it]                                                                                            Best trial: 691. Best value: 6538.46:  81%|████████  | 1615/2000 [12:34:41<59:22,  9.25s/it]Best trial: 691. Best value: 6538.46:  81%|████████  | 1615/2000 [12:34:41<59:22,  9.25s/it]Best trial: 691. Best value: 6538.46:  81%|████████  | 1616/2000 [12:34:41<59:09,  9.24s/it]                                                                                            Best trial: 691. Best value: 6538.46:  81%|████████  | 1616/2000 [12:34:50<59:09,  9.24s/it]Best trial: 691. Best value: 6538.46:  81%|████████  | 1616/2000 [12:34:50<59:09,  9.24s/it]Best trial: 691. Best value: 6538.46:  81%|████████  | 1617/2000 [12:34:50<58:59,  9.24s/it]                                                                                            Best trial: 691. Best value: 6538.46:  81%|████████  | 1617/2000 [12:34:59<58:59,  9.24s/it]Best trial: 691. Best value: 6538.46:  81%|████████  | 1617/2000 [12:34:59<58:59,  9.24s/it]Best trial: 691. Best value: 6538.46:  81%|████████  | 1618/2000 [12:34:59<58:49,  9.24s/it]                                                                                            Best trial: 691. Best value: 6538.46:  81%|████████  | 1618/2000 [12:35:09<58:49,  9.24s/it]Best trial: 691. Best value: 6538.46:  81%|████████  | 1618/2000 [12:35:09<58:49,  9.24s/it]Best trial: 691. Best value: 6538.46:  81%|████████  | 1619/2000 [12:35:09<58:52,  9.27s/it]                                                                                            Best trial: 691. Best value: 6538.46:  81%|████████  | 1619/2000 [12:35:18<58:52,  9.27s/it]Best trial: 691. Best value: 6538.46:  81%|████████  | 1619/2000 [12:35:18<58:52,  9.27s/it]Best trial: 691. Best value: 6538.46:  81%|████████  | 1620/2000 [12:35:18<58:50,  9.29s/it]                                                                                            
[I 2026-04-01 10:12:02,716] Trial 1606 finished with value: 6670.125201963663 and parameters: {'alpha_0': 0.0005039131395705387, 'alpha_1': 5.191588524840969e-05, 'alpha_2': 4.9977459367447306e-05, 'beta_0': 0.08548146391640193, 'beta_1': 6.797168079646504, 'beta_2': 0.21039175077908298, 'beta_3': 0.001033503881355667, 'beta_4': 5.443832609138448, 'beta_5': 35.02910141801094, 'beta_6': 0.045980976762360584, 'beta_7': 0.015837566511184203, 'beta_8': 3.6531300625228094e-05, 'beta_9': 1.2509019835657414e-06}. Best is trial 691 with value: 6538.461030825155.
[I 2026-04-01 10:12:11,980] Trial 1607 finished with value: 6693.637153232792 and parameters: {'alpha_0': 0.0005666672776533558, 'alpha_1': 5.17695348188177e-05, 'alpha_2': 0.00011451071096992238, 'beta_0': 0.09655200988827474, 'beta_1': 6.786250685753685, 'beta_2': 0.2120531312666439, 'beta_3': 0.0010123181143001944, 'beta_4': 5.56054634457398, 'beta_5': 35.81765521442056, 'beta_6': 0.04408517670724427, 'beta_7': 0.015587430882618769, 'beta_8': 3.543351117113708e-05, 'beta_9': 1.301368491430007e-06}. Best is trial 691 with value: 6538.461030825155.
[I 2026-04-01 10:12:21,308] Trial 1608 finished with value: 7461.546343948888 and parameters: {'alpha_0': 0.0005360847181074761, 'alpha_1': 5.00733530639426e-05, 'alpha_2': 4.966220242598757e-05, 'beta_0': 0.1014358253317732, 'beta_1': 6.9194354251638455, 'beta_2': 0.20483692166533246, 'beta_3': 0.0010606280838063736, 'beta_4': 5.505286990287113, 'beta_5': 34.28705706661907, 'beta_6': 0.04248126828055441, 'beta_7': 0.01500182170738187, 'beta_8': 3.699094928287072e-05, 'beta_9': 1.233801369939299e-06}. Best is trial 691 with value: 6538.461030825155.
