[I 2026-03-27 15:15:53,337] Trial 7 finished with value: 1045.5638976880457 and parameters: {'alpha_0': 0.0003046137691733707, 'alpha_1': 9.767211400638387e-06, 'alpha_2': 6.84233026512157e-05, 'beta_0': 1.4884117330969235, 'beta_1': 0.6295032340809028, 'beta_2': 0.0004951769101112702}. Best is trial 4 with value: 402.1855909979011.
[I 2026-03-27 15:16:58,706] Trial 8 finished with value: 1654.5974868757069 and parameters: {'alpha_0': 3.43885211152184e-05, 'alpha_1': 9.093204020787821e-05, 'alpha_2': 2.5877998160001694e-05, 'beta_0': 2.0888101677557516, 'beta_1': 1.1416199054414096, 'beta_2': 0.0005200680211778109}. Best is trial 4 with value: 402.1855909979011.
[I 2026-03-27 15:18:04,825] Trial 9 finished with value: 2200.694511074046 and parameters: {'alpha_0': 0.0005467102793432797, 'alpha_1': 1.8485445552552704e-05, 'alpha_2': 9.695846277645586e-05, 'beta_0': 2.3928586230750093, 'beta_1': 2.8366471422233106, 'beta_2': 0.0008948273504276489}. Best is trial 4 with value: 402.1855909979011.
[I 2026-03-27 15:19:08,126] Trial 10 finished with value: 234.02690482352813 and parameters: {'alpha_0': 0.0009451365442303868, 'alpha_1': 4.623626807705033e-05, 'alpha_2': 4.299771985048664e-05, 'beta_0': 0.34849706416001314, 'beta_1': 1.8271553448397886, 'beta_2': 0.0003128353700221276}. Best is trial 10 with value: 234.02690482352813.
[I 2026-03-27 15:20:12,152] Trial 11 finished with value: 214.76777907332595 and parameters: {'alpha_0': 0.0009777110400153973, 'alpha_1': 4.425867118759422e-05, 'alpha_2': 4.092377009701866e-05, 'beta_0': 0.3101754750720943, 'beta_1': 1.7520402691526442, 'beta_2': 0.000324449350732055}. Best is trial 11 with value: 214.76777907332595.
[I 2026-03-27 15:21:15,742] Trial 12 finished with value: 224.82799480970704 and parameters: {'alpha_0': 0.0009734183033193257, 'alpha_1': 5.198260140888013e-05, 'alpha_2': 3.873566394438871e-05, 'beta_0': 0.32871000015189095, 'beta_1': 1.9393975398897092, 'beta_2': 0.00029721210547068474}. Best is trial 11 with value: 214.76777907332595.
[I 2026-03-27 15:22:17,536] Trial 13 finished with value: 243.60491615429433 and parameters: {'alpha_0': 0.0007517892244276468, 'alpha_1': 6.182655298374515e-05, 'alpha_2': 4.014958898417549e-05, 'beta_0': 0.33431309172673357, 'beta_1': 2.383493186793734, 'beta_2': 0.00027448497328248095}. Best is trial 11 with value: 214.76777907332595.
[I 2026-03-27 15:23:23,763] Trial 14 finished with value: 938.9235135409025 and parameters: {'alpha_0': 0.0009895315883086118, 'alpha_1': 4.370630130507752e-05, 'alpha_2': 3.43685006671657e-05, 'beta_0': 1.2255580783190538, 'beta_1': 2.353619643539596, 'beta_2': 0.0006672456104786351}. Best is trial 11 with value: 214.76777907332595.
[I 2026-03-27 15:24:28,813] Trial 15 finished with value: 490.56523838553613 and parameters: {'alpha_0': 0.0007309113023034161, 'alpha_1': 6.522753196612456e-05, 'alpha_2': 5.063469104401813e-05, 'beta_0': 0.7225408947740659, 'beta_1': 1.5424612680685543, 'beta_2': 0.00022397372590468514}. Best is trial 11 with value: 214.76777907332595.
[I 2026-03-27 15:25:31,832] Trial 16 finished with value: 200.54405143542135 and parameters: {'alpha_0': 0.0008721465700387793, 'alpha_1': 3.5970689482261055e-05, 'alpha_2': 8.34396392516256e-05, 'beta_0': 0.3084376309540948, 'beta_1': 1.5478800142540325, 'beta_2': 0.0003965324048318602}. Best is trial 16 with value: 200.54405143542135.
[I 2026-03-27 15:26:37,241] Trial 17 finished with value: 864.125590159629 and parameters: {'alpha_0': 0.0008359028594944918, 'alpha_1': 3.387007118375119e-05, 'alpha_2': 8.900695405069352e-05, 'beta_0': 1.1477422636479337, 'beta_1': 1.5964448770638309, 'beta_2': 0.0004214766732306643}. Best is trial 16 with value: 200.54405143542135.
[I 2026-03-27 15:27:41,654] Trial 18 finished with value: 433.40760401615 and parameters: {'alpha_0': 0.0006625170984836, 'alpha_1': 3.5152165813321195e-05, 'alpha_2': 8.19234079014594e-05, 'beta_0': 0.6311179652007979, 'beta_1': 2.354864481293889, 'beta_2': 0.0006423620561394952}. Best is trial 16 with value: 200.54405143542135.
[I 2026-03-27 15:28:46,747] Trial 19 finished with value: 1113.1961688348713 and parameters: {'alpha_0': 0.000873808311473554, 'alpha_1': 6.0273097100976786e-05, 'alpha_2': 5.113766917822494e-05, 'beta_0': 1.475765355895831, 'beta_1': 1.4466332157806445, 'beta_2': 0.0007052612491423847}. Best is trial 16 with value: 200.54405143542135.
[I 2026-03-27 15:29:52,609] Trial 20 finished with value: 714.7154849133653 and parameters: {'alpha_0': 0.0007343107569994994, 'alpha_1': 7.269647517880448e-05, 'alpha_2': 8.066855815822624e-05, 'beta_0': 0.9673109809941187, 'beta_1': 2.1147250211920032, 'beta_2': 0.0004304520829036108}. Best is trial 16 with value: 200.54405143542135.
[I 2026-03-27 15:30:56,426] Trial 21 finished with value: 241.93493026338064 and parameters: {'alpha_0': 0.0009308537196362084, 'alpha_1': 5.442447714297535e-05, 'alpha_2': 3.057299944168402e-05, 'beta_0': 0.35279319819043337, 'beta_1': 1.9991688798390335, 'beta_2': 0.00020139018177038872}. Best is trial 16 with value: 200.54405143542135.
[I 2026-03-27 15:32:01,079] Trial 22 finished with value: 371.86266882350765 and parameters: {'alpha_0': 0.0009992278438335602, 'alpha_1': 4.376646825288342e-05, 'alpha_2': 4.517313182792395e-05, 'beta_0': 0.5462588219597517, 'beta_1': 1.78044266444887, 'beta_2': 0.0003390545522234815}. Best is trial 16 with value: 200.54405143542135.
[I 2026-03-27 15:33:05,243] Trial 23 finished with value: 310.7174970756633 and parameters: {'alpha_0': 0.0008425963403355419, 'alpha_1': 5.500264308273771e-05, 'alpha_2': 5.996928855066104e-05, 'beta_0': 0.49464097326441925, 'beta_1': 1.3468080501133814, 'beta_2': 0.00026374761545296945}. Best is trial 16 with value: 200.54405143542135.
[I 2026-03-27 15:34:11,324] Trial 24 finished with value: 600.0903762094449 and parameters: {'alpha_0': 0.0009083934736071072, 'alpha_1': 3.687085110808684e-05, 'alpha_2': 3.588618873128856e-05, 'beta_0': 0.851511853410056, 'beta_1': 2.1230707345716984, 'beta_2': 0.0004011015425766637}. Best is trial 16 with value: 200.54405143542135.Best trial: 16. Best value: 200.544:  98%|█████████▊| 49/50 [53:55<01:04, 64.54s/it]Best trial: 16. Best value: 200.544:  98%|█████████▊| 49/50 [53:55<01:04, 64.54s/it]Best trial: 16. Best value: 200.544: 100%|██████████| 50/50 [53:55<00:00, 64.65s/it]Best trial: 16. Best value: 200.544: 100%|██████████| 50/50 [53:55<00:00, 64.71s/it]

[I 2026-03-27 15:35:15,956] Trial 25 finished with value: 207.44680888304362 and parameters: {'alpha_0': 0.0007783404695152615, 'alpha_1': 2.9108449935843733e-05, 'alpha_2': 9.962253844052454e-05, 'beta_0': 0.30442985580285703, 'beta_1': 1.325105036340761, 'beta_2': 0.00013845933580816525}. Best is trial 16 with value: 200.54405143542135.
[I 2026-03-27 15:36:20,708] Trial 26 finished with value: 930.437773457051 and parameters: {'alpha_0': 0.0007944552589740538, 'alpha_1': 2.5947555068047536e-05, 'alpha_2': 9.93842785049709e-05, 'beta_0': 1.2078647331012873, 'beta_1': 1.34836282515613, 'beta_2': 0.00014763074369246576}. Best is trial 16 with value: 200.54405143542135.
[I 2026-03-27 15:37:25,509] Trial 27 finished with value: 361.35384426133317 and parameters: {'alpha_0': 0.0006722712503860742, 'alpha_1': 4.1895983960737675e-05, 'alpha_2': 8.98890185564176e-05, 'beta_0': 0.5360174665458104, 'beta_1': 1.6318791171356777, 'beta_2': 9.94459654141426e-06}. Best is trial 16 with value: 200.54405143542135.
[I 2026-03-27 15:38:31,301] Trial 28 finished with value: 2621.0223043750993 and parameters: {'alpha_0': 0.0005798452680030835, 'alpha_1': 8.988468700502481e-06, 'alpha_2': 9.302754145457326e-05, 'beta_0': 2.9715453899367112, 'beta_1': 0.8750813905286489, 'beta_2': 9.075175757009224e-05}. Best is trial 16 with value: 200.54405143542135.
[I 2026-03-27 15:39:35,607] Trial 29 finished with value: 623.6799074159227 and parameters: {'alpha_0': 0.000663042739584673, 'alpha_1': 2.970315888061982e-06, 'alpha_2': 8.134174575589904e-05, 'beta_0': 0.9147315605884824, 'beta_1': 1.2755665103765084, 'beta_2': 0.0005766638009507244}. Best is trial 16 with value: 200.54405143542135.
[I 2026-03-27 15:40:40,567] Trial 30 finished with value: 721.0012242632049 and parameters: {'alpha_0': 0.0009038335183294175, 'alpha_1': 2.3339378668925678e-05, 'alpha_2': 7.239841489595332e-05, 'beta_0': 1.0356461006329423, 'beta_1': 0.8188940448450354, 'beta_2': 0.00011211255029254166}. Best is trial 16 with value: 200.54405143542135.
[I 2026-03-27 15:41:44,252] Trial 31 finished with value: 246.00468618118785 and parameters: {'alpha_0': 0.0009854289434084896, 'alpha_1': 5.2365347285403706e-05, 'alpha_2': 5.3037666063553284e-05, 'beta_0': 0.36028497505020635, 'beta_1': 1.7518136764890928, 'beta_2': 0.0001973068840207251}. Best is trial 16 with value: 200.54405143542135.
[I 2026-03-27 15:42:48,389] Trial 32 finished with value: 302.7713474640375 and parameters: {'alpha_0': 0.0007783451454997747, 'alpha_1': 3.036488727179217e-05, 'alpha_2': 8.596382795580573e-05, 'beta_0': 0.45161677042116777, 'beta_1': 2.1636599021340217, 'beta_2': 0.0002671740537893945}. Best is trial 16 with value: 200.54405143542135.
[I 2026-03-27 15:43:52,994] Trial 33 finished with value: 412.86140629520486 and parameters: {'alpha_0': 0.000927149507898644, 'alpha_1': 3.819226810172466e-05, 'alpha_2': 2.4730782498640444e-05, 'beta_0': 0.5844313802038077, 'beta_1': 2.5806327031064145, 'beta_2': 0.00032641630260925054}. Best is trial 16 with value: 200.54405143542135.
[I 2026-03-27 15:44:56,615] Trial 34 finished with value: 206.2607454930868 and parameters: {'alpha_0': 0.00010974781042688867, 'alpha_1': 5.1502308282705525e-05, 'alpha_2': 6.577065575997486e-05, 'beta_0': 0.30524708976777615, 'beta_1': 1.4928727819006717, 'beta_2': 0.0004306180777470922}. Best is trial 16 with value: 200.54405143542135.
[I 2026-03-27 15:46:00,785] Trial 35 finished with value: 535.4126614286649 and parameters: {'alpha_0': 0.00012652268937123556, 'alpha_1': 4.785377398148549e-05, 'alpha_2': 6.70741626361289e-05, 'beta_0': 0.7569608428071883, 'beta_1': 1.242499639642979, 'beta_2': 0.00046994460075697783}. Best is trial 16 with value: 200.54405143542135.
[I 2026-03-27 15:47:06,017] Trial 36 finished with value: 467.1008757388699 and parameters: {'alpha_0': 0.00026701645697468657, 'alpha_1': 7.43797906910099e-05, 'alpha_2': 7.664701225348527e-05, 'beta_0': 0.6985975402355425, 'beta_1': 1.4638153731757437, 'beta_2': 0.0005587094260701198}. Best is trial 16 with value: 200.54405143542135.
[I 2026-03-27 15:48:11,095] Trial 37 finished with value: 309.09818864857994 and parameters: {'alpha_0': 0.0001299087845790985, 'alpha_1': 3.004199697479266e-05, 'alpha_2': 9.411507005538923e-05, 'beta_0': 0.48364137101539645, 'beta_1': 1.0658071381371976, 'beta_2': 0.00038858880978064574}. Best is trial 16 with value: 200.54405143542135.
[I 2026-03-27 15:49:15,321] Trial 38 finished with value: 475.1169908425104 and parameters: {'alpha_0': 0.0004887314887179472, 'alpha_1': 4.002477862292752e-05, 'alpha_2': 6.002442319926637e-05, 'beta_0': 0.7785134609252748, 'beta_1': 0.5340148393332508, 'beta_2': 0.0004542975864355373}. Best is trial 16 with value: 200.54405143542135.
[I 2026-03-27 15:50:20,039] Trial 39 finished with value: 1956.525413261346 and parameters: {'alpha_0': 0.00026962207338439547, 'alpha_1': 1.2902739223479846e-05, 'alpha_2': 6.667362957943378e-05, 'beta_0': 2.388258578618119, 'beta_1': 0.9194955411190815, 'beta_2': 0.0006002411647513862}. Best is trial 16 with value: 200.54405143542135.
[I 2026-03-27 15:51:25,188] Trial 40 finished with value: 1016.665407803385 and parameters: {'alpha_0': 0.0003691958252938517, 'alpha_1': 6.834259395752949e-05, 'alpha_2': 7.649869199796629e-05, 'beta_0': 1.3390876576564321, 'beta_1': 1.735477678842821, 'beta_2': 0.00036589573636217727}. Best is trial 16 with value: 200.54405143542135.
[I 2026-03-27 15:52:26,283] Trial 41 finished with value: 232.5385206488796 and parameters: {'alpha_0': 0.0008754871576280038, 'alpha_1': 4.967932393349949e-05, 'alpha_2': 4.38891573979887e-06, 'beta_0': 0.34213680893010356, 'beta_1': 1.902818178850148, 'beta_2': 0.00031814350718250417}. Best is trial 16 with value: 200.54405143542135.
[I 2026-03-27 15:53:31,822] Trial 42 finished with value: 1461.9382487606142 and parameters: {'alpha_0': 0.00039667195806667355, 'alpha_1': 5.8860723259559e-05, 'alpha_2': 1.6696935165481844e-05, 'beta_0': 1.8053043298712994, 'beta_1': 1.970948508391464, 'beta_2': 0.00022482017105766446}. Best is trial 16 with value: 200.54405143542135.
[I 2026-03-27 15:54:35,899] Trial 43 finished with value: 286.57295162770646 and parameters: {'alpha_0': 0.0009530136525312241, 'alpha_1': 4.776630892783427e-05, 'alpha_2': 5.54045696892048e-05, 'beta_0': 0.45012454893490533, 'beta_1': 1.4962449687924075, 'beta_2': 0.0005020460578976868}. Best is trial 16 with value: 200.54405143542135.
[I 2026-03-27 15:55:41,002] Trial 44 finished with value: 431.7760496276871 and parameters: {'alpha_0': 9.091322236947261e-06, 'alpha_1': 3.30033437786223e-05, 'alpha_2': 4.50962696732009e-05, 'beta_0': 0.6291979402658621, 'beta_1': 1.700737357089622, 'beta_2': 0.00015557064891052666}. Best is trial 16 with value: 200.54405143542135.
[I 2026-03-27 15:56:44,290] Trial 45 finished with value: 208.23067275554342 and parameters: {'alpha_0': 0.0008162134273932305, 'alpha_1': 2.5710987517459572e-05, 'alpha_2': 4.0293195621513605e-05, 'beta_0': 0.30970921948168656, 'beta_1': 1.2005382678095384, 'beta_2': 0.0002780255887177691}. Best is trial 16 with value: 200.54405143542135.
[I 2026-03-27 15:57:50,101] Trial 46 finished with value: 284.79868793790894 and parameters: {'alpha_0': 0.0007858171701948833, 'alpha_1': 9.932386863865055e-05, 'alpha_2': 3.007873578269522e-05, 'beta_0': 0.447888640151894, 'beta_1': 1.1857366976231603, 'beta_2': 8.149171137867732e-05}. Best is trial 16 with value: 200.54405143542135.
[I 2026-03-27 15:58:55,173] Trial 47 finished with value: 379.6917987809167 and parameters: {'alpha_0': 0.0006903479329831016, 'alpha_1': 2.5885449564602183e-05, 'alpha_2': 5.615223749166621e-05, 'beta_0': 0.6656309207719386, 'beta_1': 1.0552555256341143, 'beta_2': 0.0003605581117683044}. Best is trial 16 with value: 200.54405143542135.
[I 2026-03-27 15:59:59,208] Trial 48 finished with value: 207.97863110808453 and parameters: {'alpha_0': 0.0008282179748484102, 'alpha_1': 2.343524925478952e-05, 'alpha_2': 1.383973283995843e-05, 'beta_0': 0.3089318159537239, 'beta_1': 1.3446190118893835, 'beta_2': 0.00026071070446940706}. Best is trial 16 with value: 200.54405143542135.
[I 2026-03-27 16:01:04,113] Trial 49 finished with value: 577.5322237687644 and parameters: {'alpha_0': 0.000600221865614952, 'alpha_1': 1.917551514956373e-05, 'alpha_2': 1.1701807267787599e-05, 'beta_0': 0.8443966429291911, 'beta_1': 1.3952365409344998, 'beta_2': 0.00018395368850029523}. Best is trial 16 with value: 200.54405143542135.

======================================================================
OPTIMIZATION COMPLETE
======================================================================

Best loss: 200.544051
Best alpha: [0.0008721465700387793, 3.5970689482261055e-05, 8.34396392516256e-05]
Best beta: [0.3084376309540948, 1.5478800142540325, 0.0003965324048318602]
Trials completed: 50/50
Status: Completed all requested trials
Optimization time: 3235.4s
Time per trial: 64.71s

======================================================================
POST-CONVERGENCE EVALUATION
======================================================================

Per-experiment metrics:
  /Users/dipanwitaguhathakurta/Downloads/inference-sim-package/inference-sim/training/trainval_data/20260217-162547-llama-2-7b-tp1-roleplay: TTFT APE=201.427%, E2E APE=68.184%
  /Users/dipanwitaguhathakurta/Downloads/inference-sim-package/inference-sim/training/trainval_data/61-llama-3-1-70b-tp4-codegen-4-1: TTFT APE=181.360%, E2E APE=67.653%
  /Users/dipanwitaguhathakurta/Downloads/inference-sim-package/inference-sim/training/trainval_data/64-qwen2-5-7b-instruct-tp1-roleplay-1-1: TTFT APE=170.323%, E2E APE=67.288%
  /Users/dipanwitaguhathakurta/Downloads/inference-sim-package/inference-sim/training/trainval_data/17-llama-4-scout-17b-16e-tp2-general-2: TTFT APE=99.976%, E2E APE=99.795%
  /Users/dipanwitaguhathakurta/Downloads/inference-sim-package/inference-sim/training/trainval_data/48-llama-4-scout-17b-16e-tp2-reasoning-2: TTFT APE=99.974%, E2E APE=99.611%
  /Users/dipanwitaguhathakurta/Downloads/inference-sim-package/inference-sim/training/trainval_data/66-qwen2-5-7b-instruct-tp1-reasoning-1-1: TTFT APE=99.967%, E2E APE=99.320%
  /Users/dipanwitaguhathakurta/Downloads/inference-sim-package/inference-sim/training/trainval_data/20260217-170634-llama-2-7b-tp1-reasoning: TTFT APE=99.930%, E2E APE=98.845%
  /Users/dipanwitaguhathakurta/Downloads/inference-sim-package/inference-sim/training/trainval_data/20-llama-4-scout-17b-16e-tp2-codegen-2: TTFT APE=95.671%, E2E APE=99.619%
  /Users/dipanwitaguhathakurta/Downloads/inference-sim-package/inference-sim/training/trainval_data/63-mistral-nemo-12b-tp1-codegen-1-1: TTFT APE=108.804%, E2E APE=75.559%
  /Users/dipanwitaguhathakurta/Downloads/inference-sim-package/inference-sim/training/trainval_data/62-mistral-nemo-12b-tp2-general-lite-2-1: TTFT APE=84.334%, E2E APE=98.668%
  /Users/dipanwitaguhathakurta/Downloads/inference-sim-package/inference-sim/training/trainval_data/21-llama-4-scout-17b-16e-tp2-roleplay-2: TTFT APE=83.706%, E2E APE=98.650%
  /Users/dipanwitaguhathakurta/Downloads/inference-sim-package/inference-sim/training/trainval_data/20260217-155451-llama-2-7b-tp1-codegen: TTFT APE=63.069%, E2E APE=96.066%
  /Users/dipanwitaguhathakurta/Downloads/inference-sim-package/inference-sim/training/trainval_data/20260217-231439-llama-2-7b-tp1-general: TTFT APE=57.681%, E2E APE=80.115%
  /Users/dipanwitaguhathakurta/Downloads/inference-sim-package/inference-sim/training/trainval_data/60-llama-3-1-70b-tp4-general-lite-4-1: TTFT APE=14.086%, E2E APE=90.408%
  /Users/dipanwitaguhathakurta/Downloads/inference-sim-package/inference-sim/training/trainval_data/65-01-ai-yi-34b-tp2-general-lite-2-1: TTFT APE=2.645%, E2E APE=88.772%

Results saved to: inner_loop_results.json

======================================================================
INNER LOOP COMPLETE
======================================================================
