[I 2026-03-27 15:07:08,689] A new study created in memory with name: iter0_evolved
======================================================================
INNER LOOP SETUP
======================================================================

Iteration: 0
Backend: evolved
Reasoning: Iteration 0: Cold start with scaled roofline + request overheads.

Hypothesis: Roofline model with learned efficiency factors (β₀, β₁) captures
first-order vLLM latency behavior. Request-level overheads (α₀, α₁, α₂) capture
API processing, tokenization, and detokenization costs.

Basis functions:
- β₀ × prefill_compute_time: Prefill FLOPs / (peak_TFLOPS × MFU_prefill)
- β₁ × decode_compute_time: Decode FLOPs / (peak_TFLOPS × MFU_decode)
- β₂ × constant: Fixed vLLM scheduler overhead per step

Physics grounding: BLIS roofline (sim/latency/roofline.go:227) computes
max(compute_time, memory_time). We learn β₀, β₁ to correct for kernel
overhead, framework inefficiency, and imperfect compute-memory overlap.

Expected coefficients:
- β₀ ≈ 0.6-0.8 (prefill tensor core efficiency)
- β₁ ≈ 0.4-0.6 (decode memory-bound, lower utilization)
- β₂ ≈ 50-200μs (vLLM scheduler overhead)
- α₀ ≈ 100-300μs (API processing)
- α₁ ≈ 0.5-2μs/token (tokenization)
- α₂ ≈ 1-3μs/token (detokenization)

Prediction: Overall loss < 35% (baseline for iteration 0).

If loss > 50%, max() roofline is insufficient → iteration 1 needs additive
terms (TP communication, scheduler overhead, or compute-memory overlap model).

Modified files: ['sim/latency/evolved_model.go', 'sim/latency/latency.go']

Verifying declared files...
  ✓ sim/latency/evolved_model.go
  ✓ sim/latency/latency.go

Running pre-flight validation...
🔍 Validating backend 'evolved' integration...

  ✅ Backend registered in sim/bundle.go
  ✅ Auto-fetch block found in cmd/root.go
  ✅ Backend in analytical backends config loading condition
  ✅ BLIS binary is up-to-date

  🧪 Running test simulation with backend 'evolved'...
  ✅ Test simulation succeeded

======================================================================
✅ ALL VALIDATION CHECKS PASSED
======================================================================

Backend 'evolved' is properly integrated and ready for optimization!


Coefficient bounds loaded:
  Alpha: 3 coefficients
  Beta: 3 coefficients

Python executable: /Users/dipanwitaguhathakurta/Downloads/inference-sim-package/inference-sim/.inference-sim-env/bin/python3

Compiling BLIS...
  ✓ Compilation successful (0.1s)

Setup complete. Ready to optimize evolved.
======================================================================

======================================================================
BAYESIAN OPTIMIZATION (up to 50 trials)
Early stopping: >1% improvement required in 50-trial window
Random seed: 42 (deterministic)
======================================================================
  Warm-start: Enqueued initial trial with suggested values
  0%|          | 0/50 [00:00<?, ?it/s]                                        0%|          | 0/50 [01:05<?, ?it/s]Best trial: 0. Best value: 712.344:   0%|          | 0/50 [01:05<?, ?it/s]Best trial: 0. Best value: 712.344:   2%|▏         | 1/50 [01:05<53:15, 65.21s/it]                                                                                  Best trial: 0. Best value: 712.344:   2%|▏         | 1/50 [02:10<53:15, 65.21s/it]Best trial: 0. Best value: 712.344:   2%|▏         | 1/50 [02:10<53:15, 65.21s/it]Best trial: 0. Best value: 712.344:   4%|▍         | 2/50 [02:10<52:21, 65.45s/it]                                                                                  Best trial: 0. Best value: 712.344:   4%|▍         | 2/50 [03:16<52:21, 65.45s/it]Best trial: 0. Best value: 712.344:   4%|▍         | 2/50 [03:16<52:21, 65.45s/it]Best trial: 0. Best value: 712.344:   6%|▌         | 3/50 [03:16<51:16, 65.46s/it]                                                                                  Best trial: 0. Best value: 712.344:   6%|▌         | 3/50 [04:21<51:16, 65.46s/it]Best trial: 3. Best value: 530.102:   6%|▌         | 3/50 [04:21<51:16, 65.46s/it]Best trial: 3. Best value: 530.102:   8%|▊         | 4/50 [04:21<50:08, 65.39s/it]                                                                                  Best trial: 3. Best value: 530.102:   8%|▊         | 4/50 [05:26<50:08, 65.39s/it]Best trial: 4. Best value: 402.186:   8%|▊         | 4/50 [05:26<50:08, 65.39s/it]Best trial: 4. Best value: 402.186:  10%|█         | 5/50 [05:26<48:51, 65.15s/it]                                                                                  Best trial: 4. Best value: 402.186:  10%|█         | 5/50 [06:32<48:51, 65.15s/it]Best trial: 4. Best value: 402.186:  10%|█         | 5/50 [06:32<48:51, 65.15s/it]Best trial: 4. Best value: 402.186:  12%|█▏        | 6/50 [06:32<47:56, 65.38s/it]                                                                                  Best trial: 4. Best value: 402.186:  12%|█▏        | 6/50 [07:38<47:56, 65.38s/it]Best trial: 4. Best value: 402.186:  12%|█▏        | 6/50 [07:38<47:56, 65.38s/it]Best trial: 4. Best value: 402.186:  14%|█▍        | 7/50 [07:38<47:04, 65.69s/it]                                                                                  Best trial: 4. Best value: 402.186:  14%|█▍        | 7/50 [08:44<47:04, 65.69s/it]Best trial: 4. Best value: 402.186:  14%|█▍        | 7/50 [08:44<47:04, 65.69s/it]Best trial: 4. Best value: 402.186:  16%|█▌        | 8/50 [08:44<46:05, 65.84s/it]                                                                                  Best trial: 4. Best value: 402.186:  16%|█▌        | 8/50 [09:50<46:05, 65.84s/it]Best trial: 4. Best value: 402.186:  16%|█▌        | 8/50 [09:50<46:05, 65.84s/it]Best trial: 4. Best value: 402.186:  18%|█▊        | 9/50 [09:50<44:53, 65.70s/it]                                                                                  Best trial: 4. Best value: 402.186:  18%|█▊        | 9/50 [10:56<44:53, 65.70s/it]Best trial: 4. Best value: 402.186:  18%|█▊        | 9/50 [10:56<44:53, 65.70s/it]Best trial: 4. Best value: 402.186:  20%|██        | 10/50 [10:56<43:53, 65.83s/it]                                                                                   Best trial: 4. Best value: 402.186:  20%|██        | 10/50 [11:59<43:53, 65.83s/it]Best trial: 10. Best value: 234.027:  20%|██        | 10/50 [11:59<43:53, 65.83s/it]Best trial: 10. Best value: 234.027:  22%|██▏       | 11/50 [11:59<42:17, 65.05s/it]                                                                                    Best trial: 10. Best value: 234.027:  22%|██▏       | 11/50 [13:03<42:17, 65.05s/it]Best trial: 11. Best value: 214.768:  22%|██▏       | 11/50 [13:03<42:17, 65.05s/it]Best trial: 11. Best value: 214.768:  24%|██▍       | 12/50 [13:03<41:00, 64.74s/it]                                                                                    Best trial: 11. Best value: 214.768:  24%|██▍       | 12/50 [14:07<41:00, 64.74s/it]Best trial: 11. Best value: 214.768:  24%|██▍       | 12/50 [14:07<41:00, 64.74s/it]Best trial: 11. Best value: 214.768:  26%|██▌       | 13/50 [14:07<39:42, 64.39s/it]                                                                                    Best trial: 11. Best value: 214.768:  26%|██▌       | 13/50 [15:08<39:42, 64.39s/it]Best trial: 11. Best value: 214.768:  26%|██▌       | 13/50 [15:08<39:42, 64.39s/it]Best trial: 11. Best value: 214.768:  28%|██▊       | 14/50 [15:08<38:09, 63.61s/it]                                                                                    Best trial: 11. Best value: 214.768:  28%|██▊       | 14/50 [16:15<38:09, 63.61s/it]Best trial: 11. Best value: 214.768:  28%|██▊       | 14/50 [16:15<38:09, 63.61s/it]Best trial: 11. Best value: 214.768:  30%|███       | 15/50 [16:15<37:33, 64.40s/it]                                                                                    Best trial: 11. Best value: 214.768:  30%|███       | 15/50 [17:20<37:33, 64.40s/it]Best trial: 11. Best value: 214.768:  30%|███       | 15/50 [17:20<37:33, 64.40s/it]Best trial: 11. Best value: 214.768:  32%|███▏      | 16/50 [17:20<36:36, 64.59s/it]                                                                                    Best trial: 11. Best value: 214.768:  32%|███▏      | 16/50 [18:23<36:36, 64.59s/it]Best trial: 16. Best value: 200.544:  32%|███▏      | 16/50 [18:23<36:36, 64.59s/it]Best trial: 16. Best value: 200.544:  34%|███▍      | 17/50 [18:23<35:15, 64.12s/it]                                                                                    Best trial: 16. Best value: 200.544:  34%|███▍      | 17/50 [19:28<35:15, 64.12s/it]Best trial: 16. Best value: 200.544:  34%|███▍      | 17/50 [19:28<35:15, 64.12s/it]Best trial: 16. Best value: 200.544:  36%|███▌      | 18/50 [19:28<34:24, 64.51s/it]                                                                                    Best trial: 16. Best value: 200.544:  36%|███▌      | 18/50 [20:32<34:24, 64.51s/it]Best trial: 16. Best value: 200.544:  36%|███▌      | 18/50 [20:32<34:24, 64.51s/it]Best trial: 16. Best value: 200.544:  38%|███▊      | 19/50 [20:32<33:18, 64.48s/it]                                                                                    Best trial: 16. Best value: 200.544:  38%|███▊      | 19/50 [21:38<33:18, 64.48s/it]Best trial: 16. Best value: 200.544:  38%|███▊      | 19/50 [21:38<33:18, 64.48s/it]Best trial: 16. Best value: 200.544:  40%|████      | 20/50 [21:38<32:19, 64.66s/it]                                                                                    Best trial: 16. Best value: 200.544:  40%|████      | 20/50 [22:43<32:19, 64.66s/it]Best trial: 16. Best value: 200.544:  40%|████      | 20/50 [22:43<32:19, 64.66s/it]Best trial: 16. Best value: 200.544:  42%|████▏     | 21/50 [22:43<31:25, 65.02s/it]                                                                                    Best trial: 16. Best value: 200.544:  42%|████▏     | 21/50 [23:47<31:25, 65.02s/it]Best trial: 16. Best value: 200.544:  42%|████▏     | 21/50 [23:47<31:25, 65.02s/it]Best trial: 16. Best value: 200.544:  44%|████▍     | 22/50 [23:47<30:10, 64.66s/it]                                                                                    Best trial: 16. Best value: 200.544:  44%|████▍     | 22/50 [24:52<30:10, 64.66s/it]Best trial: 16. Best value: 200.544:  44%|████▍     | 22/50 [24:52<30:10, 64.66s/it]Best trial: 16. Best value: 200.544:  46%|████▌     | 23/50 [24:52<29:05, 64.66s/it]                                                                                    Best trial: 16. Best value: 200.544:  46%|████▌     | 23/50 [25:56<29:05, 64.66s/it]Best trial: 16. Best value: 200.544:  46%|████▌     | 23/50 [25:56<29:05, 64.66s/it]Best trial: 16. Best value: 200.544:  48%|████▊     | 24/50 [25:56<27:57, 64.51s/it]                                                                                    Best trial: 16. Best value: 200.544:  48%|████▊     | 24/50 [27:02<27:57, 64.51s/it]Best trial: 16. Best value: 200.544:  48%|████▊     | 24/50 [27:02<27:57, 64.51s/it]Best trial: 16. Best value: 200.544:  50%|█████     | 25/50 [27:02<27:04, 64.98s/it]                                                                                    Best trial: 16. Best value: 200.544:  50%|█████     | 25/50 [28:07<27:04, 64.98s/it]Best trial: 16. Best value: 200.544:  50%|█████     | 25/50 [28:07<27:04, 64.98s/it]Best trial: 16. Best value: 200.544:  52%|█████▏    | 26/50 [28:07<25:57, 64.88s/it]                                                                                    Best trial: 16. Best value: 200.544:  52%|█████▏    | 26/50 [29:12<25:57, 64.88s/it]Best trial: 16. Best value: 200.544:  52%|█████▏    | 26/50 [29:12<25:57, 64.88s/it]Best trial: 16. Best value: 200.544:  54%|█████▍    | 27/50 [29:12<24:51, 64.84s/it]                                                                                    Best trial: 16. Best value: 200.544:  54%|█████▍    | 27/50 [30:16<24:51, 64.84s/it]Best trial: 16. Best value: 200.544:  54%|█████▍    | 27/50 [30:16<24:51, 64.84s/it]Best trial: 16. Best value: 200.544:  56%|█████▌    | 28/50 [30:16<23:46, 64.83s/it]                                                                                    Best trial: 16. Best value: 200.544:  56%|█████▌    | 28/50 [31:22<23:46, 64.83s/it]Best trial: 16. Best value: 200.544:  56%|█████▌    | 28/50 [31:22<23:46, 64.83s/it]Best trial: 16. Best value: 200.544:  58%|█████▊    | 29/50 [31:22<22:47, 65.12s/it]                                                                                    Best trial: 16. Best value: 200.544:  58%|█████▊    | 29/50 [32:26<22:47, 65.12s/it]Best trial: 16. Best value: 200.544:  58%|█████▊    | 29/50 [32:26<22:47, 65.12s/it]Best trial: 16. Best value: 200.544:  60%|██████    | 30/50 [32:26<21:37, 64.87s/it]                                                                                    Best trial: 16. Best value: 200.544:  60%|██████    | 30/50 [33:31<21:37, 64.87s/it]Best trial: 16. Best value: 200.544:  60%|██████    | 30/50 [33:31<21:37, 64.87s/it]Best trial: 16. Best value: 200.544:  62%|██████▏   | 31/50 [33:31<20:33, 64.90s/it]                                                                                    Best trial: 16. Best value: 200.544:  62%|██████▏   | 31/50 [34:35<20:33, 64.90s/it]Best trial: 16. Best value: 200.544:  62%|██████▏   | 31/50 [34:35<20:33, 64.90s/it]Best trial: 16. Best value: 200.544:  64%|██████▍   | 32/50 [34:35<19:21, 64.54s/it]                                                                                    Best trial: 16. Best value: 200.544:  64%|██████▍   | 32/50 [35:39<19:21, 64.54s/it]Best trial: 16. Best value: 200.544:  64%|██████▍   | 32/50 [35:39<19:21, 64.54s/it]Best trial: 16. Best value: 200.544:  66%|██████▌   | 33/50 [35:39<18:15, 64.42s/it]                                                                                    Best trial: 16. Best value: 200.544:  66%|██████▌   | 33/50 [36:44<18:15, 64.42s/it]Best trial: 16. Best value: 200.544:  66%|██████▌   | 33/50 [36:44<18:15, 64.42s/it]Best trial: 16. Best value: 200.544:  68%|██████▊   | 34/50 [36:44<17:11, 64.47s/it]                                                                                    Best trial: 16. Best value: 200.544:  68%|██████▊   | 34/50 [37:47<17:11, 64.47s/it]Best trial: 16. Best value: 200.544:  68%|██████▊   | 34/50 [37:47<17:11, 64.47s/it]Best trial: 16. Best value: 200.544:  70%|███████   | 35/50 [37:47<16:03, 64.22s/it]                                                                                    Best trial: 16. Best value: 200.544:  70%|███████   | 35/50 [38:52<16:03, 64.22s/it]Best trial: 16. Best value: 200.544:  70%|███████   | 35/50 [38:52<16:03, 64.22s/it]Best trial: 16. Best value: 200.544:  72%|███████▏  | 36/50 [38:52<14:58, 64.20s/it]                                                                                    Best trial: 16. Best value: 200.544:  72%|███████▏  | 36/50 [39:57<14:58, 64.20s/it]Best trial: 16. Best value: 200.544:  72%|███████▏  | 36/50 [39:57<14:58, 64.20s/it]Best trial: 16. Best value: 200.544:  74%|███████▍  | 37/50 [39:57<13:58, 64.51s/it]                                                                                    Best trial: 16. Best value: 200.544:  74%|███████▍  | 37/50 [41:02<13:58, 64.51s/it]Best trial: 16. Best value: 200.544:  74%|███████▍  | 37/50 [41:02<13:58, 64.51s/it]Best trial: 16. Best value: 200.544:  76%|███████▌  | 38/50 [41:02<12:56, 64.68s/it]                                                                                    Best trial: 16. Best value: 200.544:  76%|███████▌  | 38/50 [42:06<12:56, 64.68s/it]Best trial: 16. Best value: 200.544:  76%|███████▌  | 38/50 [42:06<12:56, 64.68s/it]Best trial: 16. Best value: 200.544:  78%|███████▊  | 39/50 [42:06<11:49, 64.54s/it]                                                                                    Best trial: 16. Best value: 200.544:  78%|███████▊  | 39/50 [43:11<11:49, 64.54s/it]Best trial: 16. Best value: 200.544:  78%|███████▊  | 39/50 [43:11<11:49, 64.54s/it]Best trial: 16. Best value: 200.544:  80%|████████  | 40/50 [43:11<10:45, 64.60s/it]                                                                                    Best trial: 16. Best value: 200.544:  80%|████████  | 40/50 [44:16<10:45, 64.60s/it]Best trial: 16. Best value: 200.544:  80%|████████  | 40/50 [44:16<10:45, 64.60s/it]Best trial: 16. Best value: 200.544:  82%|████████▏ | 41/50 [44:16<09:42, 64.76s/it]                                                                                    Best trial: 16. Best value: 200.544:  82%|████████▏ | 41/50 [45:17<09:42, 64.76s/it]Best trial: 16. Best value: 200.544:  82%|████████▏ | 41/50 [45:17<09:42, 64.76s/it]Best trial: 16. Best value: 200.544:  84%|████████▍ | 42/50 [45:17<08:29, 63.66s/it]                                                                                    Best trial: 16. Best value: 200.544:  84%|████████▍ | 42/50 [46:23<08:29, 63.66s/it]Best trial: 16. Best value: 200.544:  84%|████████▍ | 42/50 [46:23<08:29, 63.66s/it]Best trial: 16. Best value: 200.544:  86%|████████▌ | 43/50 [46:23<07:29, 64.23s/it]                                                                                    Best trial: 16. Best value: 200.544:  86%|████████▌ | 43/50 [47:27<07:29, 64.23s/it]Best trial: 16. Best value: 200.544:  86%|████████▌ | 43/50 [47:27<07:29, 64.23s/it]Best trial: 16. Best value: 200.544:  88%|████████▊ | 44/50 [47:27<06:25, 64.18s/it]                                                                                    Best trial: 16. Best value: 200.544:  88%|████████▊ | 44/50 [48:32<06:25, 64.18s/it]Best trial: 16. Best value: 200.544:  88%|████████▊ | 44/50 [48:32<06:25, 64.18s/it]Best trial: 16. Best value: 200.544:  90%|█████████ | 45/50 [48:32<05:22, 64.46s/it]                                                                                    Best trial: 16. Best value: 200.544:  90%|█████████ | 45/50 [49:35<05:22, 64.46s/it]Best trial: 16. Best value: 200.544:  90%|█████████ | 45/50 [49:35<05:22, 64.46s/it]Best trial: 16. Best value: 200.544:  92%|█████████▏| 46/50 [49:35<04:16, 64.11s/it]                                                                                    Best trial: 16. Best value: 200.544:  92%|█████████▏| 46/50 [50:41<04:16, 64.11s/it]Best trial: 16. Best value: 200.544:  92%|█████████▏| 46/50 [50:41<04:16, 64.11s/it]Best trial: 16. Best value: 200.544:  94%|█████████▍| 47/50 [50:41<03:13, 64.62s/it]                                                                                    Best trial: 16. Best value: 200.544:  94%|█████████▍| 47/50 [51:46<03:13, 64.62s/it]Best trial: 16. Best value: 200.544:  94%|█████████▍| 47/50 [51:46<03:13, 64.62s/it]Best trial: 16. Best value: 200.544:  96%|█████████▌| 48/50 [51:46<02:09, 64.75s/it]                                                                                    Best trial: 16. Best value: 200.544:  96%|█████████▌| 48/50 [52:50<02:09, 64.75s/it]Best trial: 16. Best value: 200.544:  96%|█████████▌| 48/50 [52:50<02:09, 64.75s/it]Best trial: 16. Best value: 200.544:  98%|█████████▊| 49/50 [52:50<01:04, 64.54s/it]                                                                                    [I 2026-03-27 15:08:13,907] Trial 0 finished with value: 712.3439001163565 and parameters: {'alpha_0': 0.0002, 'alpha_1': 1e-06, 'alpha_2': 2e-06, 'beta_0': 1.0, 'beta_1': 1.0, 'beta_2': 0.0001}. Best is trial 0 with value: 712.3439001163565.
[I 2026-03-27 15:09:19,524] Trial 1 finished with value: 1357.3165935895781 and parameters: {'alpha_0': 0.0003745401188473625, 'alpha_1': 9.507143064099161e-05, 'alpha_2': 7.319939418114052e-05, 'beta_0': 1.9163779073319989, 'beta_1': 0.7212503291945787, 'beta_2': 0.00015599452033620266}. Best is trial 0 with value: 712.3439001163565.
[I 2026-03-27 15:10:25,003] Trial 2 finished with value: 1575.4653299838417 and parameters: {'alpha_0': 5.808361216819946e-05, 'alpha_1': 8.661761457749353e-05, 'alpha_2': 6.011150117432088e-05, 'beta_0': 2.211795960049323, 'beta_1': 0.3555781345986666, 'beta_2': 0.0009699098521619943}. Best is trial 0 with value: 712.3439001163565.
[I 2026-03-27 15:11:30,290] Trial 3 finished with value: 530.1023406458327 and parameters: {'alpha_0': 0.0008324426408004218, 'alpha_1': 2.1233911067827617e-05, 'alpha_2': 1.8182496720710062e-05, 'beta_0': 0.7951921766042713, 'beta_1': 1.121454055990752, 'beta_2': 0.0005247564316322379}. Best is trial 3 with value: 530.1023406458327.
[I 2026-03-27 15:12:35,003] Trial 4 finished with value: 402.1855909979011 and parameters: {'alpha_0': 0.0004319450186421158, 'alpha_1': 2.9122914019804193e-05, 'alpha_2': 6.118528947223795e-05, 'beta_0': 0.6766334237605129, 'beta_1': 1.088790551045089, 'beta_2': 0.0003663618432936917}. Best is trial 4 with value: 402.1855909979011.
[I 2026-03-27 15:13:40,846] Trial 5 finished with value: 1338.6995387075865 and parameters: {'alpha_0': 0.0004560699842170359, 'alpha_1': 7.851759613930137e-05, 'alpha_2': 1.9967378215835973e-05, 'beta_0': 1.6884329837167513, 'beta_1': 1.8995193359275147, 'beta_2': 4.645041271999773e-05}. Best is trial 4 with value: 402.1855909979011.
[I 2026-03-27 15:14:47,163] Trial 6 finished with value: 2713.4622373915877 and parameters: {'alpha_0': 0.0006075448519014384, 'alpha_1': 1.7052412368729155e-05, 'alpha_2': 6.505159298527952e-06, 'beta_0': 2.861990950584, 'beta_1': 2.9072064893013105, 'beta_2': 0.0008083973481164612}. Best is trial 4 with value: 402.1855909979011.
