[I 2026-04-01 14:42:14,787] Trial 630 finished with value: 129.40417994760722 and parameters: {'alpha_0': 0.0006243142917883138, 'alpha_1': 5.317492322927313e-05, 'alpha_2': 0.00011396624263302949, 'beta_0': 0.05718392597159225, 'beta_1': 14.44979230458628, 'beta_2': 0.18903092777838534, 'beta_3': 6.740164544825099, 'beta_4': 46.801538395889466}. Best is trial 524 with value: 126.14243661523494.Best trial: 524. Best value: 126.142:  63%|██████▎   | 630/1000 [2:55:52<1:43:32, 16.79s/it]Best trial: 524. Best value: 126.142:  63%|██████▎   | 630/1000 [2:55:52<1:43:32, 16.79s/it]Best trial: 524. Best value: 126.142:  63%|██████▎   | 631/1000 [2:55:52<1:42:48, 16.72s/it]                                                                                            Best trial: 524. Best value: 126.142:  63%|██████▎   | 631/1000 [2:56:09<1:42:48, 16.72s/it]Best trial: 524. Best value: 126.142:  63%|██████▎   | 631/1000 [2:56:09<1:42:48, 16.72s/it]Best trial: 524. Best value: 126.142:  63%|██████▎   | 632/1000 [2:56:09<1:42:23, 16.69s/it]                                                                                            Best trial: 524. Best value: 126.142:  63%|██████▎   | 632/1000 [2:56:26<1:42:23, 16.69s/it]Best trial: 524. Best value: 126.142:  63%|██████▎   | 632/1000 [2:56:26<1:42:23, 16.69s/it]Best trial: 524. Best value: 126.142:  63%|██████▎   | 633/1000 [2:56:26<1:42:05, 16.69s/it]                                                                                            Best trial: 524. Best value: 126.142:  63%|██████▎   | 633/1000 [2:56:42<1:42:05, 16.69s/it]Best trial: 524. Best value: 126.142:  63%|██████▎   | 633/1000 [2:56:42<1:42:05, 16.69s/it]Best trial: 524. Best value: 126.142:  63%|██████▎   | 634/1000 [2:56:42<1:41:38, 16.66s/it]                                                                                            Best trial: 524. Best value: 126.142:  63%|██████▎   | 634/1000 [2:56:59<1:41:38, 16.66s/it]Best trial: 524. Best value: 126.142:  63%|██████▎   | 634/1000 [2:56:59<1:41:38, 16.66s/it]Best trial: 524. Best value: 126.142:  64%|██████▎   | 635/1000 [2:56:59<1:41:13, 16.64s/it]                                                                                            Best trial: 524. Best value: 126.142:  64%|██████▎   | 635/1000 [2:57:16<1:41:13, 16.64s/it]Best trial: 524. Best value: 126.142:  64%|██████▎   | 635/1000 [2:57:16<1:41:13, 16.64s/it]Best trial: 524. Best value: 126.142:  64%|██████▎   | 636/1000 [2:57:16<1:41:07, 16.67s/it]                                                                                            Best trial: 524. Best value: 126.142:  64%|██████▎   | 636/1000 [2:57:32<1:41:07, 16.67s/it]Best trial: 524. Best value: 126.142:  64%|██████▎   | 636/1000 [2:57:32<1:41:07, 16.67s/it]Best trial: 524. Best value: 126.142:  64%|██████▎   | 637/1000 [2:57:32<1:40:39, 16.64s/it]                                                                                            Best trial: 524. Best value: 126.142:  64%|██████▎   | 637/1000 [2:57:49<1:40:39, 16.64s/it]Best trial: 524. Best value: 126.142:  64%|██████▎   | 637/1000 [2:57:49<1:40:39, 16.64s/it]Best trial: 524. Best value: 126.142:  64%|██████▍   | 638/1000 [2:57:49<1:40:17, 16.62s/it]                                                                                            Best trial: 524. Best value: 126.142:  64%|██████▍   | 638/1000 [2:58:05<1:40:17, 16.62s/it]Best trial: 524. Best value: 126.142:  64%|██████▍   | 638/1000 [2:58:05<1:40:17, 16.62s/it]Best trial: 524. Best value: 126.142:  64%|██████▍   | 639/1000 [2:58:05<1:39:57, 16.61s/it]                                                                                            Best trial: 524. Best value: 126.142:  64%|██████▍   | 639/1000 [2:58:22<1:39:57, 16.61s/it]Best trial: 524. Best value: 126.142:  64%|██████▍   | 639/1000 [2:58:22<1:39:57, 16.61s/it]Best trial: 524. Best value: 126.142:  64%|██████▍   | 640/1000 [2:58:22<1:39:38, 16.61s/it]                                                                                            Best trial: 524. Best value: 126.142:  64%|██████▍   | 640/1000 [2:58:39<1:39:38, 16.61s/it]Best trial: 524. Best value: 126.142:  64%|██████▍   | 640/1000 [2:58:39<1:39:38, 16.61s/it]Best trial: 524. Best value: 126.142:  64%|██████▍   | 641/1000 [2:58:39<1:39:20, 16.60s/it]                                                                                            Best trial: 524. Best value: 126.142:  64%|██████▍   | 641/1000 [2:58:55<1:39:20, 16.60s/it]Best trial: 524. Best value: 126.142:  64%|██████▍   | 641/1000 [2:58:55<1:39:20, 16.60s/it]Best trial: 524. Best value: 126.142:  64%|██████▍   | 642/1000 [2:58:55<1:39:01, 16.60s/it]                                                                                            Best trial: 524. Best value: 126.142:  64%|██████▍   | 642/1000 [2:59:12<1:39:01, 16.60s/it]Best trial: 524. Best value: 126.142:  64%|██████▍   | 642/1000 [2:59:12<1:39:01, 16.60s/it]Best trial: 524. Best value: 126.142:  64%|██████▍   | 643/1000 [2:59:12<1:39:04, 16.65s/it]                                                                                            Best trial: 524. Best value: 126.142:  64%|██████▍   | 643/1000 [2:59:29<1:39:04, 16.65s/it]Best trial: 524. Best value: 126.142:  64%|██████▍   | 643/1000 [2:59:29<1:39:04, 16.65s/it]Best trial: 524. Best value: 126.142:  64%|██████▍   | 644/1000 [2:59:29<1:38:47, 16.65s/it]                                                                                            Best trial: 524. Best value: 126.142:  64%|██████▍   | 644/1000 [2:59:45<1:38:47, 16.65s/it]Best trial: 524. Best value: 126.142:  64%|██████▍   | 644/1000 [2:59:45<1:38:47, 16.65s/it]Best trial: 524. Best value: 126.142:  64%|██████▍   | 645/1000 [2:59:45<1:38:31, 16.65s/it]                                                                                            Best trial: 524. Best value: 126.142:  64%|██████▍   | 645/1000 [3:00:02<1:38:31, 16.65s/it]Best trial: 524. Best value: 126.142:  64%|██████▍   | 645/1000 [3:00:02<1:38:31, 16.65s/it]Best trial: 524. Best value: 126.142:  65%|██████▍   | 646/1000 [3:00:02<1:38:10, 16.64s/it]                                                                                            Best trial: 524. Best value: 126.142:  65%|██████▍   | 646/1000 [3:00:18<1:38:10, 16.64s/it]Best trial: 524. Best value: 126.142:  65%|██████▍   | 646/1000 [3:00:18<1:38:10, 16.64s/it]Best trial: 524. Best value: 126.142:  65%|██████▍   | 647/1000 [3:00:18<1:37:48, 16.62s/it]                                                                                            Best trial: 524. Best value: 126.142:  65%|██████▍   | 647/1000 [3:00:35<1:37:48, 16.62s/it]Best trial: 524. Best value: 126.142:  65%|██████▍   | 647/1000 [3:00:35<1:37:48, 16.62s/it]Best trial: 524. Best value: 126.142:  65%|██████▍   | 648/1000 [3:00:35<1:37:33, 16.63s/it]                                                                                            Best trial: 524. Best value: 126.142:  65%|██████▍   | 648/1000 [3:00:52<1:37:33, 16.63s/it]Best trial: 524. Best value: 126.142:  65%|██████▍   | 648/1000 [3:00:52<1:37:33, 16.63s/it]Best trial: 524. Best value: 126.142:  65%|██████▍   | 649/1000 [3:00:52<1:37:11, 16.61s/it]                                                                                            Best trial: 524. Best value: 126.142:  65%|██████▍   | 649/1000 [3:01:08<1:37:11, 16.61s/it]Best trial: 524. Best value: 126.142:  65%|██████▍   | 649/1000 [3:01:08<1:37:11, 16.61s/it]Best trial: 524. Best value: 126.142:  65%|██████▌   | 650/1000 [3:01:08<1:36:57, 16.62s/it]                                                                                            Best trial: 524. Best value: 126.142:  65%|██████▌   | 650/1000 [3:01:25<1:36:57, 16.62s/it]Best trial: 524. Best value: 126.142:  65%|██████▌   | 650/1000 [3:01:25<1:36:57, 16.62s/it]Best trial: 524. Best value: 126.142:  65%|██████▌   | 651/1000 [3:01:25<1:36:48, 16.64s/it]                                                                                            
[I 2026-04-01 14:42:31,433] Trial 631 finished with value: 126.73345275625266 and parameters: {'alpha_0': 0.0005721681520168397, 'alpha_1': 5.002305227432027e-05, 'alpha_2': 0.00010909919887511197, 'beta_0': 0.06469303226502512, 'beta_1': 14.704954548889829, 'beta_2': 0.1829709926714429, 'beta_3': 7.030150275692914, 'beta_4': 48.102073046935175}. Best is trial 524 with value: 126.14243661523494.
[I 2026-04-01 14:42:48,111] Trial 632 finished with value: 130.86677316233556 and parameters: {'alpha_0': 0.0005615576339671849, 'alpha_1': 5.634036240607903e-05, 'alpha_2': 0.00010921100772567489, 'beta_0': 0.06456470956630586, 'beta_1': 14.781661739364258, 'beta_2': 0.19285779118021454, 'beta_3': 7.0831997034643415, 'beta_4': 48.20218274891438}. Best is trial 524 with value: 126.14243661523494.
[I 2026-04-01 14:43:04,709] Trial 633 finished with value: 134.19383312356587 and parameters: {'alpha_0': 0.0005842913171400562, 'alpha_1': 5.9232978781929954e-05, 'alpha_2': 0.00011022866600616352, 'beta_0': 0.06070367361404604, 'beta_1': 14.670281715657119, 'beta_2': 0.1831837978145894, 'beta_3': 6.985503645636331, 'beta_4': 48.95585074483951}. Best is trial 524 with value: 126.14243661523494.
[I 2026-04-01 14:43:21,295] Trial 634 finished with value: 128.10990138997641 and parameters: {'alpha_0': 0.0005495117584303142, 'alpha_1': 5.201469853282036e-05, 'alpha_2': 0.00010839616065639763, 'beta_0': 0.05433362475186138, 'beta_1': 14.82072882949418, 'beta_2': 0.1968257258308581, 'beta_3': 6.8999056457292145, 'beta_4': 47.473050911167164}. Best is trial 524 with value: 126.14243661523494.
[I 2026-04-01 14:43:38,033] Trial 635 finished with value: 127.74373522568064 and parameters: {'alpha_0': 0.0006116388515405733, 'alpha_1': 5.194225236901101e-05, 'alpha_2': 0.00011204503848124418, 'beta_0': 0.0655026987530689, 'beta_1': 14.628272616291108, 'beta_2': 0.19417425910409375, 'beta_3': 7.1279783380310855, 'beta_4': 48.15071261365393}. Best is trial 524 with value: 126.14243661523494.
[I 2026-04-01 14:43:54,603] Trial 636 finished with value: 130.3693791636871 and parameters: {'alpha_0': 0.000653837206572305, 'alpha_1': 5.5130927521198303e-05, 'alpha_2': 0.00010963628344587946, 'beta_0': 0.059090334174177916, 'beta_1': 14.829260367399744, 'beta_2': 0.18867854361829275, 'beta_3': 6.827492551364909, 'beta_4': 46.54511070933765}. Best is trial 524 with value: 126.14243661523494.
[I 2026-04-01 14:44:11,189] Trial 637 finished with value: 127.96983289406278 and parameters: {'alpha_0': 0.0005894565883714844, 'alpha_1': 5.1788093034902854e-05, 'alpha_2': 0.00011153360695646857, 'beta_0': 0.06406711318892179, 'beta_1': 14.521762313564645, 'beta_2': 0.19133251401068693, 'beta_3': 7.02298983137269, 'beta_4': 48.87266909536376}. Best is trial 524 with value: 126.14243661523494.
[I 2026-04-01 14:44:27,779] Trial 638 finished with value: 128.4852178721764 and parameters: {'alpha_0': 0.0005416133625661219, 'alpha_1': 5.301422909978636e-05, 'alpha_2': 0.00011147270388505169, 'beta_0': 0.06638376725134731, 'beta_1': 14.824765238029935, 'beta_2': 0.1823553120845362, 'beta_3': 6.952045788510884, 'beta_4': 49.38029267932569}. Best is trial 524 with value: 126.14243661523494.
[I 2026-04-01 14:44:44,370] Trial 639 finished with value: 195.15852462244345 and parameters: {'alpha_0': 0.0006258796281082191, 'alpha_1': 9.972422604275329e-05, 'alpha_2': 0.00011282667808595786, 'beta_0': 0.054773813974596276, 'beta_1': 14.670183118744992, 'beta_2': 0.19582456323480135, 'beta_3': 6.615245399041682, 'beta_4': 48.047704394560995}. Best is trial 524 with value: 126.14243661523494.
[I 2026-04-01 14:45:00,960] Trial 640 finished with value: 157.04103600349228 and parameters: {'alpha_0': 0.0006854307782365093, 'alpha_1': 7.60219916859483e-05, 'alpha_2': 0.00010684185687198866, 'beta_0': 0.06197761070318017, 'beta_1': 14.368500919302795, 'beta_2': 0.18741097073194551, 'beta_3': 6.753143384943812, 'beta_4': 47.302284541152225}. Best is trial 524 with value: 126.14243661523494.
[I 2026-04-01 14:45:17,543] Trial 641 finished with value: 126.27719745014258 and parameters: {'alpha_0': 0.0005987032446543483, 'alpha_1': 5.003358282956116e-05, 'alpha_2': 0.00010798952072776787, 'beta_0': 0.06630386760034937, 'beta_1': 14.993770891504635, 'beta_2': 0.19283496009085974, 'beta_3': 6.845264104259814, 'beta_4': 48.57975237800479}. Best is trial 524 with value: 126.14243661523494.
[I 2026-04-01 14:45:34,322] Trial 642 finished with value: 129.24792122044548 and parameters: {'alpha_0': 0.0005666446935071156, 'alpha_1': 5.444928293419913e-05, 'alpha_2': 0.00010986928251729911, 'beta_0': 0.06665331436286337, 'beta_1': 14.849838460630204, 'beta_2': 0.19098094052913972, 'beta_3': 7.072181285911729, 'beta_4': 48.613072752001216}. Best is trial 524 with value: 126.14243661523494.
[I 2026-04-01 14:45:50,971] Trial 643 finished with value: 151.84180230413233 and parameters: {'alpha_0': 0.0005765092550492036, 'alpha_1': 7.314188033680162e-05, 'alpha_2': 0.00010763325308555577, 'beta_0': 0.05830392732108992, 'beta_1': 14.976135291689383, 'beta_2': 0.1862954587257205, 'beta_3': 6.870614156611285, 'beta_4': 48.665555827692074}. Best is trial 524 with value: 126.14243661523494.
[I 2026-04-01 14:46:07,624] Trial 644 finished with value: 240.67805753456292 and parameters: {'alpha_0': 0.0005387240538229274, 'alpha_1': 0.00012580102128263837, 'alpha_2': 0.00010726009722255497, 'beta_0': 0.06687383579907913, 'beta_1': 14.605061076851085, 'beta_2': 0.18368114132659097, 'beta_3': 6.967608302600639, 'beta_4': 49.23549885799573}. Best is trial 524 with value: 126.14243661523494.
[I 2026-04-01 14:46:24,242] Trial 645 finished with value: 141.62660919705226 and parameters: {'alpha_0': 0.0005036159427047568, 'alpha_1': 6.545641087731525e-05, 'alpha_2': 0.00010830063731228578, 'beta_0': 0.05344280350920484, 'beta_1': 14.433686330366152, 'beta_2': 0.18972232720790833, 'beta_3': 7.123422089700138, 'beta_4': 47.567214033651176}. Best is trial 524 with value: 126.14243661523494.
[I 2026-04-01 14:46:40,826] Trial 646 finished with value: 128.5810836513337 and parameters: {'alpha_0': 0.0006894364257114822, 'alpha_1': 5.2077205305115854e-05, 'alpha_2': 0.0001089143976886744, 'beta_0': 0.0591320057676826, 'beta_1': 14.660225254407214, 'beta_2': 0.19304784472401382, 'beta_3': 6.677946455228362, 'beta_4': 48.24587464528373}. Best is trial 524 with value: 126.14243661523494.
[I 2026-04-01 14:46:57,471] Trial 647 finished with value: 126.59927355936821 and parameters: {'alpha_0': 0.0006454332056515922, 'alpha_1': 5.0058001669755704e-05, 'alpha_2': 0.00010553203708501733, 'beta_0': 0.0665155313287553, 'beta_1': 14.975813768599254, 'beta_2': 0.18855115366676758, 'beta_3': 6.880528775984503, 'beta_4': 48.60261389739655}. Best is trial 524 with value: 126.14243661523494.
[I 2026-04-01 14:47:14,048] Trial 648 finished with value: 128.64686428246182 and parameters: {'alpha_0': 0.0005955123966984318, 'alpha_1': 5.354258915608726e-05, 'alpha_2': 0.00010789226982666937, 'beta_0': 0.06738903446915848, 'beta_1': 14.98639943468209, 'beta_2': 0.19179592068139287, 'beta_3': 7.025345736890522, 'beta_4': 47.76313163863195}. Best is trial 524 with value: 126.14243661523494.
[I 2026-04-01 14:47:30,688] Trial 649 finished with value: 126.76685605221078 and parameters: {'alpha_0': 0.0006904877647703091, 'alpha_1': 5.005842219987603e-05, 'alpha_2': 0.00010488565708836725, 'beta_0': 0.06459244083490151, 'beta_1': 14.84363846931358, 'beta_2': 0.18892295265698325, 'beta_3': 6.8896350284008365, 'beta_4': 48.59912624795533}. Best is trial 524 with value: 126.14243661523494.
[I 2026-04-01 14:47:47,383] Trial 650 finished with value: 131.34295895361717 and parameters: {'alpha_0': 0.0006732418417721086, 'alpha_1': 5.662441115787004e-05, 'alpha_2': 0.00010703184743428258, 'beta_0': 0.06501238317262854, 'beta_1': 14.97358195394516, 'beta_2': 0.18870607271151105, 'beta_3': 6.534186569159172, 'beta_4': 48.38482526065847}. Best is trial 524 with value: 126.14243661523494.
