[I 2026-04-01 15:51:55,036] Trial 979 finished with value: 1000000.0 and parameters: {'alpha_0': 0.0005718148496532985, 'alpha_1': 5.30568144722375e-05, 'alpha_2': 0.00010431926066580838, 'beta_0': 0.11629470072560139, 'beta_1': 14.063995915755784, 'beta_2': 0.19785909807266994, 'beta_3': 7.7837210348875505, 'beta_4': 46.56235841901413}. Best is trial 713 with value: 124.40682604489682.

⚠ Crash: alpha=[0.0005023931606434868, 5.167436344993702e-05, 0.00010135908982732328], beta=[0.14728670729452087, 14.822809326057138, 0.18887409130870278, 7.892216422229623, 48.89269203320144], stderr=/opt/homebrew/Cellar/python@3.13/3.13.3_1/Frameworks/Python.framework/Versions/3.13/Resources/Python.app/Contents/MacOS/Python: can't open file '/Users/dipanwitaguhathakurta/Downloads/inference-sim-pa
[I 2026-04-01 15:51:55,093] Trial 980 finished with value: 1000000.0 and parameters: {'alpha_0': 0.0005023931606434868, 'alpha_1': 5.167436344993702e-05, 'alpha_2': 0.00010135908982732328, 'beta_0': 0.14728670729452087, 'beta_1': 14.822809326057138, 'beta_2': 0.18887409130870278, 'beta_3': 7.892216422229623, 'beta_4': 48.89269203320144}. Best is trial 713 with value: 124.40682604489682.

⚠ Crash: alpha=[0.0006989262757818642, 5.160122005583471e-05, 0.00010353636531943533], beta=[0.13852125408484844, 14.528487667493726, 0.19540704610722337, 7.693554468837753, 48.18420995027904], stderr=/opt/homebrew/Cellar/python@3.13/3.13.3_1/Frameworks/Python.framework/Versions/3.13/Resources/Python.app/Contents/MacOS/Python: can't open file '/Users/dipanwitaguhathakurta/Downloads/inference-sim-pa
[I 2026-04-01 15:51:55,148] Trial 981 finished with value: 1000000.0 and parameters: {'alpha_0': 0.0006989262757818642, 'alpha_1': 5.160122005583471e-05, 'alpha_2': 0.00010353636531943533, 'beta_0': 0.13852125408484844, 'beta_1': 14.528487667493726, 'beta_2': 0.19540704610722337, 'beta_3': 7.693554468837753, 'beta_4': 48.18420995027904}. Best is trial 713 with value: 124.40682604489682.

⚠ Crash: alpha=[0.000595997176925146, 0.00010117955332780197, 0.00010639143331725537], beta=[0.12145439886508085, 14.994889460732752, 0.20221445275267058, 7.544641704317929, 45.68141584995218], stderr=/opt/homebrew/Cellar/python@3.13/3.13.3_1/Frameworks/Python.framework/Versions/3.13/Resources/Python.app/Contents/MacOS/Python: can't open file '/Users/dipanwitaguhathakurta/Downloads/inference-sim-pa
[I 2026-04-01 15:51:55,206] Trial 982 finished with value: 1000000.0 and parameters: {'alpha_0': 0.000595997176925146, 'alpha_1': 0.00010117955332780197, 'alpha_2': 0.00010639143331725537, 'beta_0': 0.12145439886508085, 'beta_1': 14.994889460732752, 'beta_2': 0.20221445275267058, 'beta_3': 7.544641704317929, 'beta_4': 45.68141584995218}. Best is trial 713 with value: 124.40682604489682.

⚠ Crash: alpha=[0.00064032449896106, 5.465143401526503e-05, 0.00010017196042133198], beta=[0.13046364335793192, 14.645778733717524, 0.19239273341874555, 7.792677307364302, 46.88878940644812], stderr=/opt/homebrew/Cellar/python@3.13/3.13.3_1/Frameworks/Python.framework/Versions/3.13/Resources/Python.app/Contents/MacOS/Python: can't open file '/Users/dipanwitaguhathakurta/Downloads/inference-sim-pa
[I 2026-04-01 15:51:55,266] Trial 983 finished with value: 1000000.0 and parameters: {'alpha_0': 0.00064032449896106, 'alpha_1': 5.465143401526503e-05, 'alpha_2': 0.00010017196042133198, 'beta_0': 0.13046364335793192, 'beta_1': 14.645778733717524, 'beta_2': 0.19239273341874555, 'beta_3': 7.792677307364302, 'beta_4': 46.88878940644812}. Best is trial 713 with value: 124.40682604489682.

⚠ Crash: alpha=[0.0005380938353961699, 8.432054460193984e-05, 0.00010238113373143907], beta=[0.13574861821098758, 14.366531769452532, 0.19954853085025093, 7.993451721296864, 44.48576428762839], stderr=/opt/homebrew/Cellar/python@3.13/3.13.3_1/Frameworks/Python.framework/Versions/3.13/Resources/Python.app/Contents/MacOS/Python: can't open file '/Users/dipanwitaguhathakurta/Downloads/inference-sim-pa
[I 2026-04-01 15:51:55,320] Trial 984 finished with value: 1000000.0 and parameters: {'alpha_0': 0.0005380938353961699, 'alpha_1': 8.432054460193984e-05, 'alpha_2': 0.00010238113373143907, 'beta_0': 0.13574861821098758, 'beta_1': 14.366531769452532, 'beta_2': 0.19954853085025093, 'beta_3': 7.993451721296864, 'beta_4': 44.48576428762839}. Best is trial 713 with value: 124.40682604489682.

⚠ Crash: alpha=[0.000569198217702765, 5.0036523014003004e-05, 0.00010475345450594829], beta=[0.154991860105912, 14.818199406756575, 0.190204766892838, 7.83013577210649, 49.489824435347614], stderr=/opt/homebrew/Cellar/python@3.13/3.13.3_1/Frameworks/Python.framework/Versions/3.13/Resources/Python.app/Contents/MacOS/Python: can't open file '/Users/dipanwitaguhathakurta/Downloads/inference-sim-pa
[I 2026-04-01 15:51:55,364] Trial 985 finished with value: 1000000.0 and parameters: {'alpha_0': 0.000569198217702765, 'alpha_1': 5.0036523014003004e-05, 'alpha_2': 0.00010475345450594829, 'beta_0': 0.154991860105912, 'beta_1': 14.818199406756575, 'beta_2': 0.190204766892838, 'beta_3': 7.83013577210649, 'beta_4': 49.489824435347614}. Best is trial 713 with value: 124.40682604489682.Best trial: 713. Best value: 124.407:  98%|█████████▊| 985/1000 [4:05:33<00:00, 17.87it/s]Best trial: 713. Best value: 124.407:  98%|█████████▊| 985/1000 [4:05:33<00:00, 17.87it/s]                                                                                          Best trial: 713. Best value: 124.407:  99%|█████████▊| 986/1000 [4:05:33<00:00, 17.87it/s]Best trial: 713. Best value: 124.407:  99%|█████████▊| 986/1000 [4:05:33<00:00, 17.87it/s]                                                                                          Best trial: 713. Best value: 124.407:  99%|█████████▊| 987/1000 [4:05:33<00:00, 17.87it/s]Best trial: 713. Best value: 124.407:  99%|█████████▊| 987/1000 [4:05:33<00:00, 17.87it/s]Best trial: 713. Best value: 124.407:  99%|█████████▉| 988/1000 [4:05:33<00:00, 18.79it/s]                                                                                          Best trial: 713. Best value: 124.407:  99%|█████████▉| 988/1000 [4:05:33<00:00, 18.79it/s]Best trial: 713. Best value: 124.407:  99%|█████████▉| 988/1000 [4:05:33<00:00, 18.79it/s]                                                                                          Best trial: 713. Best value: 124.407:  99%|█████████▉| 989/1000 [4:05:33<00:00, 18.79it/s]Best trial: 713. Best value: 124.407:  99%|█████████▉| 989/1000 [4:05:33<00:00, 18.79it/s]Best trial: 713. Best value: 124.407:  99%|█████████▉| 990/1000 [4:05:33<00:00, 18.87it/s]                                                                                          Best trial: 713. Best value: 124.407:  99%|█████████▉| 990/1000 [4:05:33<00:00, 18.87it/s]Best trial: 713. Best value: 124.407:  99%|█████████▉| 990/1000 [4:05:33<00:00, 18.87it/s]                                                                                          Best trial: 713. Best value: 124.407:  99%|█████████▉| 991/1000 [4:05:33<00:00, 18.87it/s]Best trial: 713. Best value: 124.407:  99%|█████████▉| 991/1000 [4:05:33<00:00, 18.87it/s]                                                                                          Best trial: 713. Best value: 124.407:  99%|█████████▉| 992/1000 [4:05:33<00:00, 18.87it/s]Best trial: 713. Best value: 124.407:  99%|█████████▉| 992/1000 [4:05:33<00:00, 18.87it/s]Best trial: 713. Best value: 124.407:  99%|█████████▉| 993/1000 [4:05:33<00:00, 19.36it/s]                                                                                          Best trial: 713. Best value: 124.407:  99%|█████████▉| 993/1000 [4:05:33<00:00, 19.36it/s]Best trial: 713. Best value: 124.407:  99%|█████████▉| 993/1000 [4:05:33<00:00, 19.36it/s]                                                                                          Best trial: 713. Best value: 124.407:  99%|█████████▉| 994/1000 [4:05:33<00:00, 19.36it/s]Best trial: 713. Best value: 124.407:  99%|█████████▉| 994/1000 [4:05:33<00:00, 19.36it/s]Best trial: 713. Best value: 124.407: 100%|█████████▉| 995/1000 [4:05:33<00:00, 19.15it/s]                                                                                          Best trial: 713. Best value: 124.407: 100%|█████████▉| 995/1000 [4:05:33<00:00, 19.15it/s]Best trial: 713. Best value: 124.407: 100%|█████████▉| 995/1000 [4:05:33<00:00, 19.15it/s]

⚠ Crash: alpha=[0.0006128940767953089, 5.6578138333968425e-05, 9.867424324842785e-05], beta=[0.14337048046593076, 14.644228012854665, 0.19639438909227533, 7.651585919265806, 47.509182323569995], stderr=/opt/homebrew/Cellar/python@3.13/3.13.3_1/Frameworks/Python.framework/Versions/3.13/Resources/Python.app/Contents/MacOS/Python: can't open file '/Users/dipanwitaguhathakurta/Downloads/inference-sim-pa
[I 2026-04-01 15:51:55,419] Trial 986 finished with value: 1000000.0 and parameters: {'alpha_0': 0.0006128940767953089, 'alpha_1': 5.6578138333968425e-05, 'alpha_2': 9.867424324842785e-05, 'beta_0': 0.14337048046593076, 'beta_1': 14.644228012854665, 'beta_2': 0.19639438909227533, 'beta_3': 7.651585919265806, 'beta_4': 47.509182323569995}. Best is trial 713 with value: 124.40682604489682.

⚠ Crash: alpha=[0.0006774971745670755, 5.327722287333008e-05, 0.00010091573092979792], beta=[0.126485867198178, 14.472255751127278, 0.19301922478780603, 7.7332549872540906, 46.214360175723044], stderr=/opt/homebrew/Cellar/python@3.13/3.13.3_1/Frameworks/Python.framework/Versions/3.13/Resources/Python.app/Contents/MacOS/Python: can't open file '/Users/dipanwitaguhathakurta/Downloads/inference-sim-pa
[I 2026-04-01 15:51:55,467] Trial 987 finished with value: 1000000.0 and parameters: {'alpha_0': 0.0006774971745670755, 'alpha_1': 5.327722287333008e-05, 'alpha_2': 0.00010091573092979792, 'beta_0': 0.126485867198178, 'beta_1': 14.472255751127278, 'beta_2': 0.19301922478780603, 'beta_3': 7.7332549872540906, 'beta_4': 46.214360175723044}. Best is trial 713 with value: 124.40682604489682.

⚠ Crash: alpha=[0.0005377501334503042, 8.795135688872304e-05, 0.0001077410592859671], beta=[0.11063664335363506, 14.827031669454856, 0.19447810892297834, 7.912685963788852, 48.52110575418374], stderr=/opt/homebrew/Cellar/python@3.13/3.13.3_1/Frameworks/Python.framework/Versions/3.13/Resources/Python.app/Contents/MacOS/Python: can't open file '/Users/dipanwitaguhathakurta/Downloads/inference-sim-pa
[I 2026-04-01 15:51:55,519] Trial 988 finished with value: 1000000.0 and parameters: {'alpha_0': 0.0005377501334503042, 'alpha_1': 8.795135688872304e-05, 'alpha_2': 0.0001077410592859671, 'beta_0': 0.11063664335363506, 'beta_1': 14.827031669454856, 'beta_2': 0.19447810892297834, 'beta_3': 7.912685963788852, 'beta_4': 48.52110575418374}. Best is trial 713 with value: 124.40682604489682.

⚠ Crash: alpha=[0.0006590211987748962, 5.0001020705510444e-05, 0.00010334107087694807], beta=[0.12210943664429402, 14.228596002476426, 0.1909902498791525, 7.558954602555271, 45.713789650318894], stderr=/opt/homebrew/Cellar/python@3.13/3.13.3_1/Frameworks/Python.framework/Versions/3.13/Resources/Python.app/Contents/MacOS/Python: can't open file '/Users/dipanwitaguhathakurta/Downloads/inference-sim-pa
[I 2026-04-01 15:51:55,571] Trial 989 finished with value: 1000000.0 and parameters: {'alpha_0': 0.0006590211987748962, 'alpha_1': 5.0001020705510444e-05, 'alpha_2': 0.00010334107087694807, 'beta_0': 0.12210943664429402, 'beta_1': 14.228596002476426, 'beta_2': 0.1909902498791525, 'beta_3': 7.558954602555271, 'beta_4': 45.713789650318894}. Best is trial 713 with value: 124.40682604489682.

⚠ Crash: alpha=[0.0006030045562123376, 5.995338348991638e-05, 0.00010192747546048528], beta=[0.13201770774457308, 14.66069302650907, 0.19824593602491622, 7.911380516440193, 45.063432240872785], stderr=/opt/homebrew/Cellar/python@3.13/3.13.3_1/Frameworks/Python.framework/Versions/3.13/Resources/Python.app/Contents/MacOS/Python: can't open file '/Users/dipanwitaguhathakurta/Downloads/inference-sim-pa
[I 2026-04-01 15:51:55,620] Trial 990 finished with value: 1000000.0 and parameters: {'alpha_0': 0.0006030045562123376, 'alpha_1': 5.995338348991638e-05, 'alpha_2': 0.00010192747546048528, 'beta_0': 0.13201770774457308, 'beta_1': 14.66069302650907, 'beta_2': 0.19824593602491622, 'beta_3': 7.911380516440193, 'beta_4': 45.063432240872785}. Best is trial 713 with value: 124.40682604489682.

⚠ Crash: alpha=[0.0007270508632652796, 5.3106730311500486e-05, 9.73941111864138e-05], beta=[0.11704180350378961, 14.841235242132651, 0.20121743631419134, 7.792730072246903, 46.56916894014974], stderr=/opt/homebrew/Cellar/python@3.13/3.13.3_1/Frameworks/Python.framework/Versions/3.13/Resources/Python.app/Contents/MacOS/Python: can't open file '/Users/dipanwitaguhathakurta/Downloads/inference-sim-pa
[I 2026-04-01 15:51:55,668] Trial 991 finished with value: 1000000.0 and parameters: {'alpha_0': 0.0007270508632652796, 'alpha_1': 5.3106730311500486e-05, 'alpha_2': 9.73941111864138e-05, 'beta_0': 0.11704180350378961, 'beta_1': 14.841235242132651, 'beta_2': 0.20121743631419134, 'beta_3': 7.792730072246903, 'beta_4': 46.56916894014974}. Best is trial 713 with value: 124.40682604489682.

⚠ Crash: alpha=[0.0005683519909217621, 5.490844463625401e-05, 0.00010522651998037718], beta=[0.12779609684275084, 14.99720303794367, 0.19668327404718042, 7.700188513095728, 47.84346807506215], stderr=/opt/homebrew/Cellar/python@3.13/3.13.3_1/Frameworks/Python.framework/Versions/3.13/Resources/Python.app/Contents/MacOS/Python: can't open file '/Users/dipanwitaguhathakurta/Downloads/inference-sim-pa
[I 2026-04-01 15:51:55,719] Trial 992 finished with value: 1000000.0 and parameters: {'alpha_0': 0.0005683519909217621, 'alpha_1': 5.490844463625401e-05, 'alpha_2': 0.00010522651998037718, 'beta_0': 0.12779609684275084, 'beta_1': 14.99720303794367, 'beta_2': 0.19668327404718042, 'beta_3': 7.700188513095728, 'beta_4': 47.84346807506215}. Best is trial 713 with value: 124.40682604489682.

⚠ Crash: alpha=[0.0006316350945633385, 5.201208582217856e-05, 0.00010018252758346641], beta=[0.1387713737721579, 14.507864797777195, 0.19424274452850146, 7.35931216830346, 47.16702219027466], stderr=/opt/homebrew/Cellar/python@3.13/3.13.3_1/Frameworks/Python.framework/Versions/3.13/Resources/Python.app/Contents/MacOS/Python: can't open file '/Users/dipanwitaguhathakurta/Downloads/inference-sim-pa
[I 2026-04-01 15:51:55,773] Trial 993 finished with value: 1000000.0 and parameters: {'alpha_0': 0.0006316350945633385, 'alpha_1': 5.201208582217856e-05, 'alpha_2': 0.00010018252758346641, 'beta_0': 0.1387713737721579, 'beta_1': 14.507864797777195, 'beta_2': 0.19424274452850146, 'beta_3': 7.35931216830346, 'beta_4': 47.16702219027466}. Best is trial 713 with value: 124.40682604489682.

⚠ Crash: alpha=[0.0005743356430410463, 5.303812093830786e-05, 0.00010656541158751602], beta=[0.1234710034152264, 14.66160047435365, 0.20410976431241248, 7.913340501267641, 21.246063468317438], stderr=/opt/homebrew/Cellar/python@3.13/3.13.3_1/Frameworks/Python.framework/Versions/3.13/Resources/Python.app/Contents/MacOS/Python: can't open file '/Users/dipanwitaguhathakurta/Downloads/inference-sim-pa
[I 2026-04-01 15:51:55,827] Trial 994 finished with value: 1000000.0 and parameters: {'alpha_0': 0.0005743356430410463, 'alpha_1': 5.303812093830786e-05, 'alpha_2': 0.00010656541158751602, 'beta_0': 0.1234710034152264, 'beta_1': 14.66160047435365, 'beta_2': 0.20410976431241248, 'beta_3': 7.913340501267641, 'beta_4': 21.246063468317438}. Best is trial 713 with value: 124.40682604489682.

⚠ Crash: alpha=[0.000501809781667989, 5.6537598509053533e-05, 0.0001037064687789027], beta=[0.11382215063462595, 14.99605626487658, 0.20724696428976677, 7.800685755753447, 43.96935976512153], stderr=/opt/homebrew/Cellar/python@3.13/3.13.3_1/Frameworks/Python.framework/Versions/3.13/Resources/Python.app/Contents/MacOS/Python: can't open file '/Users/dipanwitaguhathakurta/Downloads/inference-sim-pa
[I 2026-04-01 15:51:55,881] Trial 995 finished with value: 1000000.0 and parameters: {'alpha_0': 0.000501809781667989, 'alpha_1': 5.6537598509053533e-05, 'alpha_2': 0.0001037064687789027, 'beta_0': 0.11382215063462595, 'beta_1': 14.99605626487658, 'beta_2': 0.20724696428976677, 'beta_3': 7.800685755753447, 'beta_4': 43.96935976512153}. Best is trial 713 with value: 124.40682604489682.

⚠ Crash: alpha=[0.0006673146951139715, 5.1675535085015144e-05, 5.443675034324633e-05], beta=[0.11979740429407859, 14.314976896749938, 0.19893637452375412, 7.624904171410878, 48.22425306224919], stderr=/opt/homebrew/Cellar/python@3.13/3.13.3_1/Frameworks/Python.framework/Versions/3.13/Resources/Python.app/Contents/MacOS/Python: can't open file '/Users/dipanwitaguhathakurta/Downloads/inference-sim-pa                                                                                          Best trial: 713. Best value: 124.407: 100%|█████████▉| 996/1000 [4:05:34<00:00, 19.15it/s]Best trial: 713. Best value: 124.407: 100%|█████████▉| 996/1000 [4:05:34<00:00, 19.15it/s]Best trial: 713. Best value: 124.407: 100%|█████████▉| 997/1000 [4:05:34<00:00, 19.02it/s]                                                                                          Best trial: 713. Best value: 124.407: 100%|█████████▉| 997/1000 [4:05:34<00:00, 19.02it/s]Best trial: 713. Best value: 124.407: 100%|█████████▉| 997/1000 [4:05:34<00:00, 19.02it/s]                                                                                          Best trial: 713. Best value: 124.407: 100%|█████████▉| 998/1000 [4:05:34<00:00, 19.02it/s]Best trial: 713. Best value: 124.407: 100%|█████████▉| 998/1000 [4:05:34<00:00, 19.02it/s]Best trial: 713. Best value: 124.407: 100%|█████████▉| 999/1000 [4:05:34<00:00, 18.96it/s]                                                                                          Best trial: 713. Best value: 124.407: 100%|█████████▉| 999/1000 [4:05:34<00:00, 18.96it/s]Best trial: 713. Best value: 124.407: 100%|█████████▉| 999/1000 [4:05:34<00:00, 18.96it/s]Best trial: 713. Best value: 124.407: 100%|██████████| 1000/1000 [4:05:34<00:00, 14.73s/it]

⚠ Detailed evaluation failed: Command '['/Users/dipanwitaguhathakurta/Downloads/inference-sim-package/inference-sim/.inference-sim-env/bin/python3', '/Users/dipanwitaguhathakurta/Downloads/inference-sim-package/inference-sim/training/run_blis_and_compute_loss.py', '--latency-model', 'evolved', '--alpha-coeffs', '5.8397739989e-04,5.0012605624e-05,1.0367265521e-04', '--beta-coeffs', '1.3558702173e-01,1.4997734290e+01,1.9237337979e-01,6.6434078546e+00,4.8006254679e+01', '--blis-binary', '../blis', '--data-dir', 'trainval_data', '--evaluate-per-experiment']' returned non-zero exit status 2.

[I 2026-04-01 15:51:55,934] Trial 996 finished with value: 1000000.0 and parameters: {'alpha_0': 0.0006673146951139715, 'alpha_1': 5.1675535085015144e-05, 'alpha_2': 5.443675034324633e-05, 'beta_0': 0.11979740429407859, 'beta_1': 14.314976896749938, 'beta_2': 0.19893637452375412, 'beta_3': 7.624904171410878, 'beta_4': 48.22425306224919}. Best is trial 713 with value: 124.40682604489682.

⚠ Crash: alpha=[0.0006231506921046397, 5.469822682023575e-05, 0.00010256334951497852], beta=[0.1493763684607203, 14.788728977230006, 0.18879282878160447, 7.837937412674511, 46.121693140086705], stderr=/opt/homebrew/Cellar/python@3.13/3.13.3_1/Frameworks/Python.framework/Versions/3.13/Resources/Python.app/Contents/MacOS/Python: can't open file '/Users/dipanwitaguhathakurta/Downloads/inference-sim-pa
[I 2026-04-01 15:51:55,990] Trial 997 finished with value: 1000000.0 and parameters: {'alpha_0': 0.0006231506921046397, 'alpha_1': 5.469822682023575e-05, 'alpha_2': 0.00010256334951497852, 'beta_0': 0.1493763684607203, 'beta_1': 14.788728977230006, 'beta_2': 0.18879282878160447, 'beta_3': 7.837937412674511, 'beta_4': 46.121693140086705}. Best is trial 713 with value: 124.40682604489682.

⚠ Crash: alpha=[0.0005391975260197404, 5.170877752493217e-05, 0.00010481000035671186], beta=[0.13541317072258205, 14.480141435117618, 0.1915569450452419, 7.464342327319483, 45.38485223215741], stderr=/opt/homebrew/Cellar/python@3.13/3.13.3_1/Frameworks/Python.framework/Versions/3.13/Resources/Python.app/Contents/MacOS/Python: can't open file '/Users/dipanwitaguhathakurta/Downloads/inference-sim-pa
[I 2026-04-01 15:51:56,040] Trial 998 finished with value: 1000000.0 and parameters: {'alpha_0': 0.0005391975260197404, 'alpha_1': 5.170877752493217e-05, 'alpha_2': 0.00010481000035671186, 'beta_0': 0.13541317072258205, 'beta_1': 14.480141435117618, 'beta_2': 0.1915569450452419, 'beta_3': 7.464342327319483, 'beta_4': 45.38485223215741}. Best is trial 713 with value: 124.40682604489682.

⚠ Crash: alpha=[0.0006004388735519682, 5.3214536126192685e-05, 0.00010799623586105245], beta=[0.13146460497084758, 14.017980188861577, 0.19615038509310084, 7.73189053500165, 47.1104739478396], stderr=/opt/homebrew/Cellar/python@3.13/3.13.3_1/Frameworks/Python.framework/Versions/3.13/Resources/Python.app/Contents/MacOS/Python: can't open file '/Users/dipanwitaguhathakurta/Downloads/inference-sim-pa
