[I 2026-04-01 12:33:58,719] Trial 168 finished with value: 134.50261530213348 and parameters: {'alpha_0': 0.002391084962555062, 'alpha_1': 5.637838890505679e-05, 'alpha_2': 0.00010557105296721755, 'beta_0': 0.0837585153185676, 'beta_1': 14.685447257894317, 'beta_2': 0.22841015402209452, 'beta_3': 5.16500423823435, 'beta_4': 31.632263520955842}. Best is trial 137 with value: 127.59091900463008.Best trial: 137. Best value: 127.591:  17%|█▋        | 168/1000 [47:36<3:50:37, 16.63s/it]Best trial: 137. Best value: 127.591:  17%|█▋        | 168/1000 [47:36<3:50:37, 16.63s/it]Best trial: 137. Best value: 127.591:  17%|█▋        | 169/1000 [47:36<3:49:58, 16.60s/it]                                                                                          Best trial: 137. Best value: 127.591:  17%|█▋        | 169/1000 [47:53<3:49:58, 16.60s/it]Best trial: 137. Best value: 127.591:  17%|█▋        | 169/1000 [47:53<3:49:58, 16.60s/it]Best trial: 137. Best value: 127.591:  17%|█▋        | 170/1000 [47:53<3:49:41, 16.60s/it]                                                                                          Best trial: 137. Best value: 127.591:  17%|█▋        | 170/1000 [48:09<3:49:41, 16.60s/it]Best trial: 137. Best value: 127.591:  17%|█▋        | 170/1000 [48:09<3:49:41, 16.60s/it]Best trial: 137. Best value: 127.591:  17%|█▋        | 171/1000 [48:09<3:49:00, 16.57s/it]                                                                                          Best trial: 137. Best value: 127.591:  17%|█▋        | 171/1000 [48:26<3:49:00, 16.57s/it]Best trial: 137. Best value: 127.591:  17%|█▋        | 171/1000 [48:26<3:49:00, 16.57s/it]Best trial: 137. Best value: 127.591:  17%|█▋        | 172/1000 [48:26<3:49:52, 16.66s/it]                                                                                          Best trial: 137. Best value: 127.591:  17%|█▋        | 172/1000 [48:43<3:49:52, 16.66s/it]Best trial: 137. Best value: 127.591:  17%|█▋        | 172/1000 [48:43<3:49:52, 16.66s/it]Best trial: 137. Best value: 127.591:  17%|█▋        | 173/1000 [48:43<3:49:31, 16.65s/it]                                                                                          Best trial: 137. Best value: 127.591:  17%|█▋        | 173/1000 [49:00<3:49:31, 16.65s/it]Best trial: 137. Best value: 127.591:  17%|█▋        | 173/1000 [49:00<3:49:31, 16.65s/it]Best trial: 137. Best value: 127.591:  17%|█▋        | 174/1000 [49:00<3:49:04, 16.64s/it]                                                                                          Best trial: 137. Best value: 127.591:  17%|█▋        | 174/1000 [49:16<3:49:04, 16.64s/it]Best trial: 137. Best value: 127.591:  17%|█▋        | 174/1000 [49:16<3:49:04, 16.64s/it]Best trial: 137. Best value: 127.591:  18%|█▊        | 175/1000 [49:16<3:48:03, 16.59s/it]                                                                                          Best trial: 137. Best value: 127.591:  18%|█▊        | 175/1000 [49:32<3:48:03, 16.59s/it]Best trial: 137. Best value: 127.591:  18%|█▊        | 175/1000 [49:32<3:48:03, 16.59s/it]Best trial: 137. Best value: 127.591:  18%|█▊        | 176/1000 [49:32<3:47:27, 16.56s/it]                                                                                          Best trial: 137. Best value: 127.591:  18%|█▊        | 176/1000 [49:49<3:47:27, 16.56s/it]Best trial: 176. Best value: 127.318:  18%|█▊        | 176/1000 [49:49<3:47:27, 16.56s/it]Best trial: 176. Best value: 127.318:  18%|█▊        | 177/1000 [49:49<3:46:57, 16.55s/it]                                                                                          Best trial: 176. Best value: 127.318:  18%|█▊        | 177/1000 [50:06<3:46:57, 16.55s/it]Best trial: 176. Best value: 127.318:  18%|█▊        | 177/1000 [50:06<3:46:57, 16.55s/it]Best trial: 176. Best value: 127.318:  18%|█▊        | 178/1000 [50:06<3:46:34, 16.54s/it]                                                                                          Best trial: 176. Best value: 127.318:  18%|█▊        | 178/1000 [50:22<3:46:34, 16.54s/it]Best trial: 176. Best value: 127.318:  18%|█▊        | 178/1000 [50:22<3:46:34, 16.54s/it]Best trial: 176. Best value: 127.318:  18%|█▊        | 179/1000 [50:22<3:47:39, 16.64s/it]                                                                                          Best trial: 176. Best value: 127.318:  18%|█▊        | 179/1000 [50:39<3:47:39, 16.64s/it]Best trial: 176. Best value: 127.318:  18%|█▊        | 179/1000 [50:39<3:47:39, 16.64s/it]Best trial: 176. Best value: 127.318:  18%|█▊        | 180/1000 [50:39<3:47:27, 16.64s/it]                                                                                          Best trial: 176. Best value: 127.318:  18%|█▊        | 180/1000 [50:56<3:47:27, 16.64s/it]Best trial: 176. Best value: 127.318:  18%|█▊        | 180/1000 [50:56<3:47:27, 16.64s/it]Best trial: 176. Best value: 127.318:  18%|█▊        | 181/1000 [50:56<3:46:51, 16.62s/it]                                                                                          Best trial: 176. Best value: 127.318:  18%|█▊        | 181/1000 [51:12<3:46:51, 16.62s/it]Best trial: 176. Best value: 127.318:  18%|█▊        | 181/1000 [51:12<3:46:51, 16.62s/it]Best trial: 176. Best value: 127.318:  18%|█▊        | 182/1000 [51:12<3:46:14, 16.60s/it]                                                                                          Best trial: 176. Best value: 127.318:  18%|█▊        | 182/1000 [51:29<3:46:14, 16.60s/it]Best trial: 176. Best value: 127.318:  18%|█▊        | 182/1000 [51:29<3:46:14, 16.60s/it]Best trial: 176. Best value: 127.318:  18%|█▊        | 183/1000 [51:29<3:45:46, 16.58s/it]                                                                                          Best trial: 176. Best value: 127.318:  18%|█▊        | 183/1000 [51:45<3:45:46, 16.58s/it]Best trial: 176. Best value: 127.318:  18%|█▊        | 183/1000 [51:45<3:45:46, 16.58s/it]Best trial: 176. Best value: 127.318:  18%|█▊        | 184/1000 [51:45<3:45:08, 16.55s/it]                                                                                          Best trial: 176. Best value: 127.318:  18%|█▊        | 184/1000 [52:02<3:45:08, 16.55s/it]Best trial: 176. Best value: 127.318:  18%|█▊        | 184/1000 [52:02<3:45:08, 16.55s/it]Best trial: 176. Best value: 127.318:  18%|█▊        | 185/1000 [52:02<3:44:49, 16.55s/it]                                                                                          Best trial: 176. Best value: 127.318:  18%|█▊        | 185/1000 [52:18<3:44:49, 16.55s/it]Best trial: 176. Best value: 127.318:  18%|█▊        | 185/1000 [52:18<3:44:49, 16.55s/it]Best trial: 176. Best value: 127.318:  19%|█▊        | 186/1000 [52:18<3:44:33, 16.55s/it]                                                                                          Best trial: 176. Best value: 127.318:  19%|█▊        | 186/1000 [52:35<3:44:33, 16.55s/it]Best trial: 176. Best value: 127.318:  19%|█▊        | 186/1000 [52:35<3:44:33, 16.55s/it]Best trial: 176. Best value: 127.318:  19%|█▊        | 187/1000 [52:35<3:44:23, 16.56s/it]                                                                                          Best trial: 176. Best value: 127.318:  19%|█▊        | 187/1000 [52:51<3:44:23, 16.56s/it]Best trial: 176. Best value: 127.318:  19%|█▊        | 187/1000 [52:51<3:44:23, 16.56s/it]Best trial: 176. Best value: 127.318:  19%|█▉        | 188/1000 [52:51<3:44:12, 16.57s/it]                                                                                          Best trial: 176. Best value: 127.318:  19%|█▉        | 188/1000 [53:08<3:44:12, 16.57s/it]Best trial: 176. Best value: 127.318:  19%|█▉        | 188/1000 [53:08<3:44:12, 16.57s/it]Best trial: 176. Best value: 127.318:  19%|█▉        | 189/1000 [53:08<3:43:45, 16.55s/it]                                                                                          
[I 2026-04-01 12:34:15,322] Trial 169 finished with value: 131.28858601771992 and parameters: {'alpha_0': 0.0024985656117908492, 'alpha_1': 5.3305055590054924e-05, 'alpha_2': 9.955766026732459e-05, 'beta_0': 0.08642058511069561, 'beta_1': 14.814739669975694, 'beta_2': 0.23638140659045107, 'beta_3': 5.750649672577199, 'beta_4': 27.806923912577837}. Best is trial 137 with value: 127.59091900463008.
[I 2026-04-01 12:34:31,828] Trial 170 finished with value: 130.16143478317704 and parameters: {'alpha_0': 0.002440288116117472, 'alpha_1': 5.171579467082347e-05, 'alpha_2': 0.00010843787754838694, 'beta_0': 0.07346428523518163, 'beta_1': 14.816968333811461, 'beta_2': 0.23885731895391907, 'beta_3': 5.506803507582102, 'beta_4': 32.79930620015153}. Best is trial 137 with value: 127.59091900463008.
[I 2026-04-01 12:34:48,678] Trial 171 finished with value: 130.17957108681568 and parameters: {'alpha_0': 0.002283272479518791, 'alpha_1': 5.183374634502962e-05, 'alpha_2': 0.00010228338141783538, 'beta_0': 0.09978624497957801, 'beta_1': 14.410838381846148, 'beta_2': 0.24270857982682362, 'beta_3': 5.365886950528219, 'beta_4': 29.443923500591108}. Best is trial 137 with value: 127.59091900463008.
[I 2026-04-01 12:35:05,320] Trial 172 finished with value: 130.29234440756008 and parameters: {'alpha_0': 0.002358639900929714, 'alpha_1': 5.02442339271634e-05, 'alpha_2': 0.00010097975772545886, 'beta_0': 0.1080402703755472, 'beta_1': 14.223255035518395, 'beta_2': 0.24163014467847924, 'beta_3': 5.259636966789458, 'beta_4': 35.54799460213515}. Best is trial 137 with value: 127.59091900463008.
[I 2026-04-01 12:35:21,930] Trial 173 finished with value: 133.31546781231944 and parameters: {'alpha_0': 0.0022360783166628906, 'alpha_1': 5.5030029869492445e-05, 'alpha_2': 0.00010453113603412904, 'beta_0': 0.09208649631151103, 'beta_1': 14.564833514624109, 'beta_2': 0.23995746710336363, 'beta_3': 5.3791515569774875, 'beta_4': 30.38387932201596}. Best is trial 137 with value: 127.59091900463008.
[I 2026-04-01 12:35:38,391] Trial 174 finished with value: 127.93852695832135 and parameters: {'alpha_0': 0.0011927190894091618, 'alpha_1': 5.002849070122114e-05, 'alpha_2': 0.00011042608016259511, 'beta_0': 0.08140628215208404, 'beta_1': 14.404493255340045, 'beta_2': 0.234921142063483, 'beta_3': 5.608333579727114, 'beta_4': 28.688910090748447}. Best is trial 137 with value: 127.59091900463008.
[I 2026-04-01 12:35:54,897] Trial 175 finished with value: 129.04393495276707 and parameters: {'alpha_0': 0.0008131041562267554, 'alpha_1': 5.289733468064695e-05, 'alpha_2': 0.00011284582297678943, 'beta_0': 0.07795876800291586, 'beta_1': 14.980439376184702, 'beta_2': 0.23309233160182918, 'beta_3': 5.661762471833696, 'beta_4': 28.729618121128492}. Best is trial 137 with value: 127.59091900463008.
[I 2026-04-01 12:36:11,407] Trial 176 finished with value: 127.31782547998412 and parameters: {'alpha_0': 0.0010918507769319512, 'alpha_1': 5.007331920965567e-05, 'alpha_2': 0.0001105538680426133, 'beta_0': 0.0831953972370012, 'beta_1': 14.77122453545591, 'beta_2': 0.23571916213223423, 'beta_3': 5.549840617084401, 'beta_4': 27.719510984156933}. Best is trial 176 with value: 127.31782547998412.
[I 2026-04-01 12:36:27,926] Trial 177 finished with value: 134.5663265681247 and parameters: {'alpha_0': 0.001038116941585833, 'alpha_1': 5.771891556396339e-05, 'alpha_2': 0.0001107497580962703, 'beta_0': 0.07975342349285286, 'beta_1': 14.226902031087638, 'beta_2': 0.23546770438584086, 'beta_3': 5.915075064528854, 'beta_4': 27.5233828121623}. Best is trial 176 with value: 127.31782547998412.
[I 2026-04-01 12:36:44,796] Trial 178 finished with value: 142.6370908846473 and parameters: {'alpha_0': 0.0010300037902982217, 'alpha_1': 5.505289069757802e-05, 'alpha_2': 0.00011515221039650363, 'beta_0': 0.17663360218606475, 'beta_1': 14.618484754507215, 'beta_2': 0.2308658188663945, 'beta_3': 5.553159433595464, 'beta_4': 27.94111537518843}. Best is trial 176 with value: 127.31782547998412.
[I 2026-04-01 12:37:01,453] Trial 179 finished with value: 129.2475580330256 and parameters: {'alpha_0': 0.0009868406599427644, 'alpha_1': 5.227913073639137e-05, 'alpha_2': 0.00011151806654949519, 'beta_0': 0.09789479824641885, 'beta_1': 14.028379636380198, 'beta_2': 0.23439690567833438, 'beta_3': 5.810509086254099, 'beta_4': 32.16144059978902}. Best is trial 176 with value: 127.31782547998412.
[I 2026-04-01 12:37:18,016] Trial 180 finished with value: 130.97041967436505 and parameters: {'alpha_0': 0.0011846039712862073, 'alpha_1': 5.389499863591633e-05, 'alpha_2': 0.00010753095249798814, 'beta_0': 0.0716662555221792, 'beta_1': 14.452699872543839, 'beta_2': 0.23714885568254274, 'beta_3': 5.632170163854681, 'beta_4': 31.23360650865789}. Best is trial 176 with value: 127.31782547998412.
[I 2026-04-01 12:37:34,555] Trial 181 finished with value: 127.79395910131149 and parameters: {'alpha_0': 0.001084955320557674, 'alpha_1': 5.029172738333222e-05, 'alpha_2': 0.00010977994679785603, 'beta_0': 0.08233311865856587, 'beta_1': 14.799176534960875, 'beta_2': 0.23754078176457102, 'beta_3': 5.4937322982035095, 'beta_4': 29.741229005924037}. Best is trial 176 with value: 127.31782547998412.
[I 2026-04-01 12:37:51,104] Trial 182 finished with value: 127.54167976930279 and parameters: {'alpha_0': 0.0011144881356107716, 'alpha_1': 5.009669056437162e-05, 'alpha_2': 0.00010994612255745697, 'beta_0': 0.09333269871092148, 'beta_1': 14.850383589452685, 'beta_2': 0.2381415460906226, 'beta_3': 5.5228475251119, 'beta_4': 30.00830953123395}. Best is trial 176 with value: 127.31782547998412.
[I 2026-04-01 12:38:07,597] Trial 183 finished with value: 129.1749308671739 and parameters: {'alpha_0': 0.0011795509733299825, 'alpha_1': 5.195036596429919e-05, 'alpha_2': 0.00011328960273387455, 'beta_0': 0.08879306435046061, 'beta_1': 14.788897787617692, 'beta_2': 0.2370482262211846, 'beta_3': 5.542114101470644, 'beta_4': 39.29695024253671}. Best is trial 176 with value: 127.31782547998412.
[I 2026-04-01 12:38:24,143] Trial 184 finished with value: 129.4342722416099 and parameters: {'alpha_0': 0.0010902179495575518, 'alpha_1': 5.203256999134102e-05, 'alpha_2': 0.00011005913575107421, 'beta_0': 0.06569265166368427, 'beta_1': 14.617485817388017, 'beta_2': 0.238264939779258, 'beta_3': 5.703436746443741, 'beta_4': 28.267825002790364}. Best is trial 176 with value: 127.31782547998412.
[I 2026-04-01 12:38:40,694] Trial 185 finished with value: 243.22442700083428 and parameters: {'alpha_0': 0.0013197052359322134, 'alpha_1': 0.00012539582325497755, 'alpha_2': 0.00010794720297808194, 'beta_0': 0.07544511972784754, 'beta_1': 14.39187454361127, 'beta_2': 0.23254852660319864, 'beta_3': 5.252117421194296, 'beta_4': 30.123343500246715}. Best is trial 176 with value: 127.31782547998412.
[I 2026-04-01 12:38:57,275] Trial 186 finished with value: 127.79050256590867 and parameters: {'alpha_0': 0.0011335224237843564, 'alpha_1': 5.015148234955755e-05, 'alpha_2': 0.00010641421259271451, 'beta_0': 0.09142931255154672, 'beta_1': 14.724510416177603, 'beta_2': 0.23921616026746423, 'beta_3': 5.504915207585903, 'beta_4': 30.587645191602075}. Best is trial 176 with value: 127.31782547998412.
[I 2026-04-01 12:39:13,858] Trial 187 finished with value: 130.70586052378204 and parameters: {'alpha_0': 0.0011510347293466866, 'alpha_1': 5.409819848276522e-05, 'alpha_2': 0.00011152962427244505, 'beta_0': 0.08231895635527914, 'beta_1': 14.805442719094096, 'beta_2': 0.2356890996063038, 'beta_3': 5.518325127320384, 'beta_4': 30.6731371315549}. Best is trial 176 with value: 127.31782547998412.
[I 2026-04-01 12:39:30,380] Trial 188 finished with value: 129.2250555085936 and parameters: {'alpha_0': 0.001266643649212007, 'alpha_1': 5.2370856434771776e-05, 'alpha_2': 0.00010974520352757679, 'beta_0': 0.08678878397461758, 'beta_1': 14.995191275874749, 'beta_2': 0.23953040008008936, 'beta_3': 5.623605051676811, 'beta_4': 28.812365304403354}. Best is trial 176 with value: 127.31782547998412.
