[I 2026-04-01 12:39:46,889] Trial 189 finished with value: 132.71892471679755 and parameters: {'alpha_0': 0.0009611908963527442, 'alpha_1': 5.610736729159999e-05, 'alpha_2': 0.00010621907071897525, 'beta_0': 0.09317727990092775, 'beta_1': 14.679316511148706, 'beta_2': 0.23301626278335985, 'beta_3': 5.769955222143878, 'beta_4': 29.911932106309152}. Best is trial 176 with value: 127.31782547998412.Best trial: 176. Best value: 127.318:  19%|█▉        | 189/1000 [53:24<3:43:45, 16.55s/it]Best trial: 176. Best value: 127.318:  19%|█▉        | 189/1000 [53:24<3:43:45, 16.55s/it]Best trial: 176. Best value: 127.318:  19%|█▉        | 190/1000 [53:24<3:43:17, 16.54s/it]                                                                                          Best trial: 176. Best value: 127.318:  19%|█▉        | 190/1000 [53:41<3:43:17, 16.54s/it]Best trial: 176. Best value: 127.318:  19%|█▉        | 190/1000 [53:41<3:43:17, 16.54s/it]Best trial: 176. Best value: 127.318:  19%|█▉        | 191/1000 [53:41<3:43:00, 16.54s/it]                                                                                          Best trial: 176. Best value: 127.318:  19%|█▉        | 191/1000 [53:58<3:43:00, 16.54s/it]Best trial: 176. Best value: 127.318:  19%|█▉        | 191/1000 [53:58<3:43:00, 16.54s/it]Best trial: 176. Best value: 127.318:  19%|█▉        | 192/1000 [53:58<3:43:32, 16.60s/it]                                                                                          Best trial: 176. Best value: 127.318:  19%|█▉        | 192/1000 [54:14<3:43:32, 16.60s/it]Best trial: 176. Best value: 127.318:  19%|█▉        | 192/1000 [54:14<3:43:32, 16.60s/it]Best trial: 176. Best value: 127.318:  19%|█▉        | 193/1000 [54:14<3:43:34, 16.62s/it]                                                                                          Best trial: 176. Best value: 127.318:  19%|█▉        | 193/1000 [54:31<3:43:34, 16.62s/it]Best trial: 176. Best value: 127.318:  19%|█▉        | 193/1000 [54:31<3:43:34, 16.62s/it]Best trial: 176. Best value: 127.318:  19%|█▉        | 194/1000 [54:31<3:42:45, 16.58s/it]                                                                                          Best trial: 176. Best value: 127.318:  19%|█▉        | 194/1000 [54:47<3:42:45, 16.58s/it]Best trial: 176. Best value: 127.318:  19%|█▉        | 194/1000 [54:47<3:42:45, 16.58s/it]Best trial: 176. Best value: 127.318:  20%|█▉        | 195/1000 [54:47<3:42:20, 16.57s/it]                                                                                          Best trial: 176. Best value: 127.318:  20%|█▉        | 195/1000 [55:04<3:42:20, 16.57s/it]Best trial: 176. Best value: 127.318:  20%|█▉        | 195/1000 [55:04<3:42:20, 16.57s/it]Best trial: 176. Best value: 127.318:  20%|█▉        | 196/1000 [55:04<3:41:54, 16.56s/it]                                                                                          Best trial: 176. Best value: 127.318:  20%|█▉        | 196/1000 [55:21<3:41:54, 16.56s/it]Best trial: 176. Best value: 127.318:  20%|█▉        | 196/1000 [55:21<3:41:54, 16.56s/it]Best trial: 176. Best value: 127.318:  20%|█▉        | 197/1000 [55:21<3:41:35, 16.56s/it]                                                                                          Best trial: 176. Best value: 127.318:  20%|█▉        | 197/1000 [55:37<3:41:35, 16.56s/it]Best trial: 176. Best value: 127.318:  20%|█▉        | 197/1000 [55:37<3:41:35, 16.56s/it]Best trial: 176. Best value: 127.318:  20%|█▉        | 198/1000 [55:37<3:41:10, 16.55s/it]                                                                                          Best trial: 176. Best value: 127.318:  20%|█▉        | 198/1000 [55:54<3:41:10, 16.55s/it]Best trial: 176. Best value: 127.318:  20%|█▉        | 198/1000 [55:54<3:41:10, 16.55s/it]Best trial: 176. Best value: 127.318:  20%|█▉        | 199/1000 [55:54<3:41:40, 16.60s/it]                                                                                          Best trial: 176. Best value: 127.318:  20%|█▉        | 199/1000 [56:10<3:41:40, 16.60s/it]Best trial: 176. Best value: 127.318:  20%|█▉        | 199/1000 [56:10<3:41:40, 16.60s/it]Best trial: 176. Best value: 127.318:  20%|██        | 200/1000 [56:10<3:40:56, 16.57s/it]                                                                                          Best trial: 176. Best value: 127.318:  20%|██        | 200/1000 [56:27<3:40:56, 16.57s/it]Best trial: 176. Best value: 127.318:  20%|██        | 200/1000 [56:27<3:40:56, 16.57s/it]Best trial: 176. Best value: 127.318:  20%|██        | 201/1000 [56:27<3:40:32, 16.56s/it]                                                                                          Best trial: 176. Best value: 127.318:  20%|██        | 201/1000 [56:43<3:40:32, 16.56s/it]Best trial: 176. Best value: 127.318:  20%|██        | 201/1000 [56:43<3:40:32, 16.56s/it]Best trial: 176. Best value: 127.318:  20%|██        | 202/1000 [56:43<3:40:06, 16.55s/it]                                                                                          Best trial: 176. Best value: 127.318:  20%|██        | 202/1000 [57:00<3:40:06, 16.55s/it]Best trial: 176. Best value: 127.318:  20%|██        | 202/1000 [57:00<3:40:06, 16.55s/it]Best trial: 176. Best value: 127.318:  20%|██        | 203/1000 [57:00<3:39:50, 16.55s/it]                                                                                          Best trial: 176. Best value: 127.318:  20%|██        | 203/1000 [57:16<3:39:50, 16.55s/it]Best trial: 176. Best value: 127.318:  20%|██        | 203/1000 [57:16<3:39:50, 16.55s/it]Best trial: 176. Best value: 127.318:  20%|██        | 204/1000 [57:16<3:39:25, 16.54s/it]                                                                                          Best trial: 176. Best value: 127.318:  20%|██        | 204/1000 [57:33<3:39:25, 16.54s/it]Best trial: 176. Best value: 127.318:  20%|██        | 204/1000 [57:33<3:39:25, 16.54s/it]Best trial: 176. Best value: 127.318:  20%|██        | 205/1000 [57:33<3:39:03, 16.53s/it]                                                                                          Best trial: 176. Best value: 127.318:  20%|██        | 205/1000 [57:49<3:39:03, 16.53s/it]Best trial: 176. Best value: 127.318:  20%|██        | 205/1000 [57:49<3:39:03, 16.53s/it]Best trial: 176. Best value: 127.318:  21%|██        | 206/1000 [57:49<3:38:41, 16.53s/it]                                                                                          Best trial: 176. Best value: 127.318:  21%|██        | 206/1000 [58:06<3:38:41, 16.53s/it]Best trial: 176. Best value: 127.318:  21%|██        | 206/1000 [58:06<3:38:41, 16.53s/it]Best trial: 176. Best value: 127.318:  21%|██        | 207/1000 [58:06<3:38:24, 16.53s/it]                                                                                          Best trial: 176. Best value: 127.318:  21%|██        | 207/1000 [58:23<3:38:24, 16.53s/it]Best trial: 207. Best value: 127.293:  21%|██        | 207/1000 [58:23<3:38:24, 16.53s/it]Best trial: 207. Best value: 127.293:  21%|██        | 208/1000 [58:23<3:38:15, 16.54s/it]                                                                                          Best trial: 207. Best value: 127.293:  21%|██        | 208/1000 [58:39<3:38:15, 16.54s/it]Best trial: 207. Best value: 127.293:  21%|██        | 208/1000 [58:39<3:38:15, 16.54s/it]Best trial: 207. Best value: 127.293:  21%|██        | 209/1000 [58:39<3:38:03, 16.54s/it]                                                                                          Best trial: 207. Best value: 127.293:  21%|██        | 209/1000 [58:56<3:38:03, 16.54s/it]Best trial: 207. Best value: 127.293:  21%|██        | 209/1000 [58:56<3:38:03, 16.54s/it]Best trial: 207. Best value: 127.293:  21%|██        | 210/1000 [58:56<3:37:49, 16.54s/it]                                                                                          
[I 2026-04-01 12:40:03,427] Trial 190 finished with value: 127.81180265228207 and parameters: {'alpha_0': 0.0010895927668188728, 'alpha_1': 5.002798736699861e-05, 'alpha_2': 0.00010837878020492723, 'beta_0': 0.08939604885984033, 'beta_1': 14.508836244425709, 'beta_2': 0.23119792180661647, 'beta_3': 5.475131950135927, 'beta_4': 38.092914132498635}. Best is trial 176 with value: 127.31782547998412.
[I 2026-04-01 12:40:20,166] Trial 191 finished with value: 128.25881582704602 and parameters: {'alpha_0': 0.0011004036819196386, 'alpha_1': 5.025075501198493e-05, 'alpha_2': 0.00010894375287728553, 'beta_0': 0.09135478793616386, 'beta_1': 14.514282149855179, 'beta_2': 0.23017853769681143, 'beta_3': 5.47975637196073, 'beta_4': 38.60933087454853}. Best is trial 176 with value: 127.31782547998412.
[I 2026-04-01 12:40:36,841] Trial 192 finished with value: 129.9034799125551 and parameters: {'alpha_0': 0.00110371632146449, 'alpha_1': 5.325671381852773e-05, 'alpha_2': 0.00010864877115899974, 'beta_0': 0.09285898274709546, 'beta_1': 14.627922114890216, 'beta_2': 0.23049703575382038, 'beta_3': 5.5629945200075, 'beta_4': 30.42159660708605}. Best is trial 176 with value: 127.31782547998412.
[I 2026-04-01 12:40:53,333] Trial 193 finished with value: 127.60793271645991 and parameters: {'alpha_0': 0.001154461075423231, 'alpha_1': 5.009598229041334e-05, 'alpha_2': 0.00011179296518885046, 'beta_0': 0.09095100558844807, 'beta_1': 14.790565443742333, 'beta_2': 0.2341861242169786, 'beta_3': 5.700134871358515, 'beta_4': 40.044767831846926}. Best is trial 176 with value: 127.31782547998412.
[I 2026-04-01 12:41:09,879] Trial 194 finished with value: 127.55645516211933 and parameters: {'alpha_0': 0.0011526004159420884, 'alpha_1': 5.000900000571334e-05, 'alpha_2': 0.00011339713979627365, 'beta_0': 0.0902181173132759, 'beta_1': 14.276487627305512, 'beta_2': 0.22939365872559364, 'beta_3': 5.9201585705820925, 'beta_4': 38.874332339772835}. Best is trial 176 with value: 127.31782547998412.
[I 2026-04-01 12:41:26,414] Trial 195 finished with value: 130.16942164239015 and parameters: {'alpha_0': 0.0012327025840704726, 'alpha_1': 5.328257909111539e-05, 'alpha_2': 0.00011712901224031134, 'beta_0': 0.08942802734290617, 'beta_1': 14.270772009287835, 'beta_2': 0.22836088645593197, 'beta_3': 5.9623778442143385, 'beta_4': 40.067656789606914}. Best is trial 176 with value: 127.31782547998412.
[I 2026-04-01 12:41:42,962] Trial 196 finished with value: 128.64269934064168 and parameters: {'alpha_0': 0.0011479102336366185, 'alpha_1': 5.183301736516695e-05, 'alpha_2': 0.0001122981901900295, 'beta_0': 0.0790142147901352, 'beta_1': 14.512978315928825, 'beta_2': 0.23027984953235026, 'beta_3': 6.081736292560281, 'beta_4': 38.905292831486825}. Best is trial 176 with value: 127.31782547998412.
[I 2026-04-01 12:41:59,483] Trial 197 finished with value: 128.44115735956694 and parameters: {'alpha_0': 0.0010848616885922105, 'alpha_1': 5.013341256021022e-05, 'alpha_2': 0.00011268503214583685, 'beta_0': 0.08354058831818537, 'beta_1': 14.261124606558509, 'beta_2': 0.23207970219081842, 'beta_3': 5.70158842823214, 'beta_4': 41.07953875701622}. Best is trial 176 with value: 127.31782547998412.
[I 2026-04-01 12:42:16,224] Trial 198 finished with value: 127.91685700320016 and parameters: {'alpha_0': 0.0010889749850935345, 'alpha_1': 5.004378040415187e-05, 'alpha_2': 0.0001146526752198523, 'beta_0': 0.0829219193239604, 'beta_1': 13.946910757441898, 'beta_2': 0.23373113783982713, 'beta_3': 5.888444462532506, 'beta_4': 40.16530110794913}. Best is trial 176 with value: 127.31782547998412.
[I 2026-04-01 12:42:32,715] Trial 199 finished with value: 132.23048124545997 and parameters: {'alpha_0': 0.0010959369509595967, 'alpha_1': 5.5274776012131385e-05, 'alpha_2': 0.00011456482495165069, 'beta_0': 0.0819868030444362, 'beta_1': 13.946235563509749, 'beta_2': 0.23390669354549445, 'beta_3': 5.9009782507723445, 'beta_4': 40.59816760757177}. Best is trial 176 with value: 127.31782547998412.
[I 2026-04-01 12:42:49,256] Trial 200 finished with value: 129.01899821910644 and parameters: {'alpha_0': 0.0010637648626549798, 'alpha_1': 5.2356696297072305e-05, 'alpha_2': 0.00011387330652578895, 'beta_0': 0.08494519192273052, 'beta_1': 14.841756835423926, 'beta_2': 0.2276767592142905, 'beta_3': 5.667958366547974, 'beta_4': 41.58120825647992}. Best is trial 176 with value: 127.31782547998412.
[I 2026-04-01 12:43:05,778] Trial 201 finished with value: 128.4857606242862 and parameters: {'alpha_0': 0.0011575498429712062, 'alpha_1': 5.010091729181061e-05, 'alpha_2': 0.00011935091331560434, 'beta_0': 0.07681661522424511, 'beta_1': 14.272376912997387, 'beta_2': 0.23289934690875497, 'beta_3': 5.798923242612679, 'beta_4': 42.241762811736706}. Best is trial 176 with value: 127.31782547998412.
[I 2026-04-01 12:43:22,330] Trial 202 finished with value: 128.70846959493988 and parameters: {'alpha_0': 0.0010676123622138777, 'alpha_1': 5.254431070549587e-05, 'alpha_2': 0.00011582269124034823, 'beta_0': 0.08871546336008246, 'beta_1': 14.528939355661342, 'beta_2': 0.2308529986151986, 'beta_3': 5.85624104419877, 'beta_4': 40.00106249897327}. Best is trial 176 with value: 127.31782547998412.
[I 2026-04-01 12:43:38,846] Trial 203 finished with value: 127.76718028243766 and parameters: {'alpha_0': 0.0011314313863564779, 'alpha_1': 5.0035325385286624e-05, 'alpha_2': 0.00011240291801106107, 'beta_0': 0.0800338777182908, 'beta_1': 14.722644690205549, 'beta_2': 0.23427401059058564, 'beta_3': 5.604040082216084, 'beta_4': 38.76992121737704}. Best is trial 176 with value: 127.31782547998412.
[I 2026-04-01 12:43:55,360] Trial 204 finished with value: 130.91293955294879 and parameters: {'alpha_0': 0.0011292434681780972, 'alpha_1': 5.3863561390600784e-05, 'alpha_2': 0.00011303343917744829, 'beta_0': 0.06871182879872341, 'beta_1': 14.747097615268038, 'beta_2': 0.23407149174324102, 'beta_3': 5.592490274588361, 'beta_4': 38.070921901913195}. Best is trial 176 with value: 127.31782547998412.
[I 2026-04-01 12:44:11,872] Trial 205 finished with value: 129.28137270343666 and parameters: {'alpha_0': 0.0012053559712603868, 'alpha_1': 5.221397156214108e-05, 'alpha_2': 0.0001111790337322565, 'beta_0': 0.0818614796289516, 'beta_1': 14.55119565132097, 'beta_2': 0.2294133688547969, 'beta_3': 5.480717655032006, 'beta_4': 38.468537459536115}. Best is trial 176 with value: 127.31782547998412.
[I 2026-04-01 12:44:28,397] Trial 206 finished with value: 127.4905478810914 and parameters: {'alpha_0': 0.000981406573514196, 'alpha_1': 5.0171814417110436e-05, 'alpha_2': 0.00011681240854059386, 'beta_0': 0.07267140392322075, 'beta_1': 14.856103692825359, 'beta_2': 0.23137240969701328, 'beta_3': 5.6628205786259045, 'beta_4': 41.26678916910688}. Best is trial 176 with value: 127.31782547998412.
[I 2026-04-01 12:44:44,954] Trial 207 finished with value: 127.29276447886771 and parameters: {'alpha_0': 0.0009716455223320476, 'alpha_1': 5.0026334731615274e-05, 'alpha_2': 0.00011609073016489314, 'beta_0': 0.07436028017552834, 'beta_1': 14.994251902237199, 'beta_2': 0.23194898990040236, 'beta_3': 5.691383733703649, 'beta_4': 41.08077594587242}. Best is trial 207 with value: 127.29276447886771.
[I 2026-04-01 12:45:01,508] Trial 208 finished with value: 130.53268521996299 and parameters: {'alpha_0': 0.000919320163606768, 'alpha_1': 5.4731127797927726e-05, 'alpha_2': 0.00011832085758860428, 'beta_0': 0.07413901435901711, 'beta_1': 14.98443104066798, 'beta_2': 0.2316091756850501, 'beta_3': 5.595543989697285, 'beta_4': 43.18354676877804}. Best is trial 207 with value: 127.29276447886771.
[I 2026-04-01 12:45:18,060] Trial 209 finished with value: 128.05001057669517 and parameters: {'alpha_0': 0.0009944595846658705, 'alpha_1': 5.0038912030865595e-05, 'alpha_2': 0.00011595718586963789, 'beta_0': 0.06695320806814894, 'beta_1': 14.834258808370334, 'beta_2': 0.225472973890498, 'beta_3': 5.695419029228569, 'beta_4': 39.28044793209916}. Best is trial 207 with value: 127.29276447886771.
