[I 2026-04-01 11:52:47,585] Trial 21 finished with value: 135.2551939118395 and parameters: {'alpha_0': 0.0024985875799146554, 'alpha_1': 5.2045092014201136e-05, 'alpha_2': 7.318671719143394e-05, 'beta_0': 0.050500245105606224, 'beta_1': 9.609553345623166, 'beta_2': 0.19344245902702256, 'beta_3': 7.996133282886814, 'beta_4': 42.30732427267667}. Best is trial 12 with value: 131.79113809348982.Best trial: 12. Best value: 131.791:   2%|▏         | 21/1000 [06:25<4:37:43, 17.02s/it]Best trial: 12. Best value: 131.791:   2%|▏         | 21/1000 [06:25<4:37:43, 17.02s/it]Best trial: 12. Best value: 131.791:   2%|▏         | 22/1000 [06:25<4:35:38, 16.91s/it]                                                                                        Best trial: 12. Best value: 131.791:   2%|▏         | 22/1000 [06:42<4:35:38, 16.91s/it]Best trial: 12. Best value: 131.791:   2%|▏         | 22/1000 [06:42<4:35:38, 16.91s/it]Best trial: 12. Best value: 131.791:   2%|▏         | 23/1000 [06:42<4:33:58, 16.83s/it]                                                                                        Best trial: 12. Best value: 131.791:   2%|▏         | 23/1000 [06:59<4:33:58, 16.83s/it]Best trial: 12. Best value: 131.791:   2%|▏         | 23/1000 [06:59<4:33:58, 16.83s/it]Best trial: 12. Best value: 131.791:   2%|▏         | 24/1000 [06:59<4:33:19, 16.80s/it]                                                                                        Best trial: 12. Best value: 131.791:   2%|▏         | 24/1000 [07:15<4:33:19, 16.80s/it]Best trial: 12. Best value: 131.791:   2%|▏         | 24/1000 [07:15<4:33:19, 16.80s/it]Best trial: 12. Best value: 131.791:   2%|▎         | 25/1000 [07:15<4:33:14, 16.81s/it]                                                                                        Best trial: 12. Best value: 131.791:   2%|▎         | 25/1000 [07:32<4:33:14, 16.81s/it]Best trial: 12. Best value: 131.791:   2%|▎         | 25/1000 [07:32<4:33:14, 16.81s/it]Best trial: 12. Best value: 131.791:   3%|▎         | 26/1000 [07:32<4:32:13, 16.77s/it]                                                                                        Best trial: 12. Best value: 131.791:   3%|▎         | 26/1000 [07:49<4:32:13, 16.77s/it]Best trial: 12. Best value: 131.791:   3%|▎         | 26/1000 [07:49<4:32:13, 16.77s/it]Best trial: 12. Best value: 131.791:   3%|▎         | 27/1000 [07:49<4:32:46, 16.82s/it]                                                                                        Best trial: 12. Best value: 131.791:   3%|▎         | 27/1000 [08:06<4:32:46, 16.82s/it]Best trial: 12. Best value: 131.791:   3%|▎         | 27/1000 [08:06<4:32:46, 16.82s/it]Best trial: 12. Best value: 131.791:   3%|▎         | 28/1000 [08:06<4:33:09, 16.86s/it]                                                                                        Best trial: 12. Best value: 131.791:   3%|▎         | 28/1000 [08:24<4:33:09, 16.86s/it]Best trial: 12. Best value: 131.791:   3%|▎         | 28/1000 [08:24<4:33:09, 16.86s/it]Best trial: 12. Best value: 131.791:   3%|▎         | 29/1000 [08:24<4:39:01, 17.24s/it]                                                                                        Best trial: 12. Best value: 131.791:   3%|▎         | 29/1000 [08:41<4:39:01, 17.24s/it]Best trial: 12. Best value: 131.791:   3%|▎         | 29/1000 [08:41<4:39:01, 17.24s/it]Best trial: 12. Best value: 131.791:   3%|▎         | 30/1000 [08:41<4:39:24, 17.28s/it]                                                                                        Best trial: 12. Best value: 131.791:   3%|▎         | 30/1000 [08:58<4:39:24, 17.28s/it]Best trial: 12. Best value: 131.791:   3%|▎         | 30/1000 [08:58<4:39:24, 17.28s/it]Best trial: 12. Best value: 131.791:   3%|▎         | 31/1000 [08:58<4:37:44, 17.20s/it]                                                                                        Best trial: 12. Best value: 131.791:   3%|▎         | 31/1000 [09:15<4:37:44, 17.20s/it]Best trial: 12. Best value: 131.791:   3%|▎         | 31/1000 [09:15<4:37:44, 17.20s/it]Best trial: 12. Best value: 131.791:   3%|▎         | 32/1000 [09:15<4:34:07, 16.99s/it]                                                                                        Best trial: 12. Best value: 131.791:   3%|▎         | 32/1000 [09:32<4:34:07, 16.99s/it]Best trial: 12. Best value: 131.791:   3%|▎         | 32/1000 [09:32<4:34:07, 16.99s/it]Best trial: 12. Best value: 131.791:   3%|▎         | 33/1000 [09:32<4:31:56, 16.87s/it]                                                                                        Best trial: 12. Best value: 131.791:   3%|▎         | 33/1000 [09:48<4:31:56, 16.87s/it]Best trial: 12. Best value: 131.791:   3%|▎         | 33/1000 [09:48<4:31:56, 16.87s/it]Best trial: 12. Best value: 131.791:   3%|▎         | 34/1000 [09:48<4:30:54, 16.83s/it]                                                                                        Best trial: 12. Best value: 131.791:   3%|▎         | 34/1000 [10:05<4:30:54, 16.83s/it]Best trial: 12. Best value: 131.791:   3%|▎         | 34/1000 [10:05<4:30:54, 16.83s/it]Best trial: 12. Best value: 131.791:   4%|▎         | 35/1000 [10:05<4:31:36, 16.89s/it]                                                                                        Best trial: 12. Best value: 131.791:   4%|▎         | 35/1000 [10:22<4:31:36, 16.89s/it]Best trial: 12. Best value: 131.791:   4%|▎         | 35/1000 [10:22<4:31:36, 16.89s/it]Best trial: 12. Best value: 131.791:   4%|▎         | 36/1000 [10:22<4:30:50, 16.86s/it]                                                                                        Best trial: 12. Best value: 131.791:   4%|▎         | 36/1000 [10:39<4:30:50, 16.86s/it]Best trial: 12. Best value: 131.791:   4%|▎         | 36/1000 [10:39<4:30:50, 16.86s/it]Best trial: 12. Best value: 131.791:   4%|▎         | 37/1000 [10:39<4:30:20, 16.84s/it]                                                                                        Best trial: 12. Best value: 131.791:   4%|▎         | 37/1000 [10:57<4:30:20, 16.84s/it]Best trial: 12. Best value: 131.791:   4%|▎         | 37/1000 [10:57<4:30:20, 16.84s/it]Best trial: 12. Best value: 131.791:   4%|▍         | 38/1000 [10:57<4:37:23, 17.30s/it]                                                                                        Best trial: 12. Best value: 131.791:   4%|▍         | 38/1000 [11:15<4:37:23, 17.30s/it]Best trial: 12. Best value: 131.791:   4%|▍         | 38/1000 [11:15<4:37:23, 17.30s/it]Best trial: 12. Best value: 131.791:   4%|▍         | 39/1000 [11:15<4:41:04, 17.55s/it]                                                                                        Best trial: 12. Best value: 131.791:   4%|▍         | 39/1000 [11:32<4:41:04, 17.55s/it]Best trial: 12. Best value: 131.791:   4%|▍         | 39/1000 [11:32<4:41:04, 17.55s/it]Best trial: 12. Best value: 131.791:   4%|▍         | 40/1000 [11:32<4:35:44, 17.23s/it]                                                                                        Best trial: 12. Best value: 131.791:   4%|▍         | 40/1000 [11:49<4:35:44, 17.23s/it]Best trial: 12. Best value: 131.791:   4%|▍         | 40/1000 [11:49<4:35:44, 17.23s/it]Best trial: 12. Best value: 131.791:   4%|▍         | 41/1000 [11:49<4:33:40, 17.12s/it]                                                                                        Best trial: 12. Best value: 131.791:   4%|▍         | 41/1000 [12:06<4:33:40, 17.12s/it]Best trial: 12. Best value: 131.791:   4%|▍         | 41/1000 [12:06<4:33:40, 17.12s/it]Best trial: 12. Best value: 131.791:   4%|▍         | 42/1000 [12:06<4:31:56, 17.03s/it]                                                                                        
[I 2026-04-01 11:53:04,214] Trial 22 finished with value: 134.82728283384472 and parameters: {'alpha_0': 0.0023525774121846564, 'alpha_1': 5.1162096162755285e-05, 'alpha_2': 6.835106486865436e-05, 'beta_0': 0.06586800357474748, 'beta_1': 9.463594205336054, 'beta_2': 0.18067352133676656, 'beta_3': 7.658119306512327, 'beta_4': 39.4852709157292}. Best is trial 12 with value: 131.79113809348982.
[I 2026-04-01 11:53:20,964] Trial 23 finished with value: 145.9121085687384 and parameters: {'alpha_0': 0.0019607804264014654, 'alpha_1': 6.147390380998018e-05, 'alpha_2': 8.106171586642647e-05, 'beta_0': 0.051068307034277165, 'beta_1': 6.885145830730311, 'beta_2': 0.20547109550986903, 'beta_3': 7.9963955431180205, 'beta_4': 45.3772307757257}. Best is trial 12 with value: 131.79113809348982.
[I 2026-04-01 11:53:37,806] Trial 24 finished with value: 162.24541081217362 and parameters: {'alpha_0': 0.0022423269047747254, 'alpha_1': 7.49433810161391e-05, 'alpha_2': 5.777424379654902e-05, 'beta_0': 0.09167644099312687, 'beta_1': 10.508256938858331, 'beta_2': 0.19497202786043102, 'beta_3': 7.235485671775761, 'beta_4': 36.247857815039964}. Best is trial 12 with value: 131.79113809348982.
[I 2026-04-01 11:53:54,471] Trial 25 finished with value: 134.2039340310448 and parameters: {'alpha_0': 0.002498586954167546, 'alpha_1': 5.042395792478521e-05, 'alpha_2': 7.516845854546951e-05, 'beta_0': 0.062312962940030636, 'beta_1': 9.296897367716625, 'beta_2': 0.17435100116011942, 'beta_3': 7.663601674836512, 'beta_4': 20.58545103549359}. Best is trial 12 with value: 131.79113809348982.
[I 2026-04-01 11:54:11,411] Trial 26 finished with value: 143.92675955758205 and parameters: {'alpha_0': 0.002157518465519172, 'alpha_1': 6.049679628824017e-05, 'alpha_2': 7.788206384013851e-05, 'beta_0': 0.06736321082756093, 'beta_1': 8.61293514127022, 'beta_2': 0.17430217897854686, 'beta_3': 6.534164643549822, 'beta_4': 21.51857747203977}. Best is trial 12 with value: 131.79113809348982.
[I 2026-04-01 11:54:28,367] Trial 27 finished with value: 155.85510843587588 and parameters: {'alpha_0': 0.001962028763899456, 'alpha_1': 7.220193184515376e-05, 'alpha_2': 8.699293759493421e-05, 'beta_0': 0.10430984620646505, 'beta_1': 12.244962760309503, 'beta_2': 0.15138975581790165, 'beta_3': 7.519283539617147, 'beta_4': 21.22073210149626}. Best is trial 12 with value: 131.79113809348982.
[I 2026-04-01 11:54:46,497] Trial 28 finished with value: 211.5612949401629 and parameters: {'alpha_0': 0.002477430448630222, 'alpha_1': 9.322286904593452e-05, 'alpha_2': 6.603154281464945e-05, 'beta_0': 0.17852761921471488, 'beta_1': 7.269847737644087, 'beta_2': 0.1710809095056794, 'beta_3': 7.0363813364463965, 'beta_4': 30.481890342655657}. Best is trial 12 with value: 131.79113809348982.
[I 2026-04-01 11:55:03,874] Trial 29 finished with value: 153.84910629214363 and parameters: {'alpha_0': 0.0022460301309734404, 'alpha_1': 6.452450491452474e-05, 'alpha_2': 5.214938029532719e-05, 'beta_0': 0.133226355714005, 'beta_1': 10.055760137439236, 'beta_2': 0.2008609130437226, 'beta_3': 5.837539028475688, 'beta_4': 36.503216722288165}. Best is trial 12 with value: 131.79113809348982.
[I 2026-04-01 11:55:20,873] Trial 30 finished with value: 225.1490350437333 and parameters: {'alpha_0': 0.0023691806171426046, 'alpha_1': 0.0001109493470207495, 'alpha_2': 9.613370701848003e-05, 'beta_0': 0.066093232275257, 'beta_1': 5.099721724779478, 'beta_2': 0.20990395744291632, 'beta_3': 6.28527575503233, 'beta_4': 27.941515994140374}. Best is trial 12 with value: 131.79113809348982.
[I 2026-04-01 11:55:37,382] Trial 31 finished with value: 133.94548706849432 and parameters: {'alpha_0': 0.0023900950167322675, 'alpha_1': 5.0473242821291695e-05, 'alpha_2': 7.059463624172232e-05, 'beta_0': 0.05984794394751616, 'beta_1': 9.061801040868223, 'beta_2': 0.1867073599830513, 'beta_3': 7.7470881774910065, 'beta_4': 42.46854683561118}. Best is trial 12 with value: 131.79113809348982.
[I 2026-04-01 11:55:53,980] Trial 32 finished with value: 139.0337562398708 and parameters: {'alpha_0': 0.002490555046395849, 'alpha_1': 5.70887235335846e-05, 'alpha_2': 7.772093371492221e-05, 'beta_0': 0.08299604452214847, 'beta_1': 9.067137212062367, 'beta_2': 0.1819777771764959, 'beta_3': 7.698386934874844, 'beta_4': 47.05588932571563}. Best is trial 12 with value: 131.79113809348982.
[I 2026-04-01 11:56:10,697] Trial 33 finished with value: 148.20438777613427 and parameters: {'alpha_0': 0.0022075128022799734, 'alpha_1': 6.508798793641843e-05, 'alpha_2': 8.498055165172532e-05, 'beta_0': 0.06247487462655746, 'beta_1': 10.435139828232803, 'beta_2': 0.1675819801109743, 'beta_3': 6.846083870247462, 'beta_4': 43.70237302127421}. Best is trial 12 with value: 131.79113809348982.
[I 2026-04-01 11:56:27,729] Trial 34 finished with value: 142.11558972568784 and parameters: {'alpha_0': 0.0019881719547155388, 'alpha_1': 5.574465515979108e-05, 'alpha_2': 6.868376247557017e-05, 'beta_0': 0.07767076246012915, 'beta_1': 8.194996702471766, 'beta_2': 0.19463367506968546, 'beta_3': 3.611577136110455, 'beta_4': 34.12064037703597}. Best is trial 12 with value: 131.79113809348982.
[I 2026-04-01 11:56:44,513] Trial 35 finished with value: 144.64831678133163 and parameters: {'alpha_0': 0.0023637852334631284, 'alpha_1': 6.287266013746485e-05, 'alpha_2': 7.710750821882911e-05, 'beta_0': 0.09382086752944024, 'beta_1': 11.312734618700357, 'beta_2': 0.1850611970632589, 'beta_3': 7.301263812143035, 'beta_4': 40.27659228033436}. Best is trial 12 with value: 131.79113809348982.
[I 2026-04-01 11:57:01,327] Trial 36 finished with value: 248.6680227235887 and parameters: {'alpha_0': 0.0018321587043750845, 'alpha_1': 0.00012672909009739454, 'alpha_2': 5.8218978127043354e-05, 'beta_0': 0.06043704323240577, 'beta_1': 10.608717577915662, 'beta_2': 0.16081984221702977, 'beta_3': 7.702698726908679, 'beta_4': 43.63140865522411}. Best is trial 12 with value: 131.79113809348982.
[I 2026-04-01 11:57:19,693] Trial 37 finished with value: 305.8819953685245 and parameters: {'alpha_0': 0.001348707457060632, 'alpha_1': 0.00014932386863865052, 'alpha_2': 6.246841100973853e-05, 'beta_0': 0.18053926409625798, 'beta_1': 9.749642559827778, 'beta_2': 0.1785804221859123, 'beta_3': 7.401658267818641, 'beta_4': 32.61350471051747}. Best is trial 12 with value: 131.79113809348982.
[I 2026-04-01 11:57:37,822] Trial 38 finished with value: 138.95993270612217 and parameters: {'alpha_0': 0.0016415882550244684, 'alpha_1': 5.552226373443019e-05, 'alpha_2': 7.412772637993564e-05, 'beta_0': 0.1528201770470469, 'beta_1': 7.662346475750509, 'beta_2': 0.1743168215541934, 'beta_3': 7.807215986739741, 'beta_4': 37.00311737185632}. Best is trial 12 with value: 131.79113809348982.
[I 2026-04-01 11:57:54,319] Trial 39 finished with value: 176.0148961882644 and parameters: {'alpha_0': 0.0010254419735964905, 'alpha_1': 7.74517139168571e-05, 'alpha_2': 0.00011108954854101303, 'beta_0': 0.11692051872810132, 'beta_1': 8.764985356619977, 'beta_2': 0.16921857701798132, 'beta_3': 3.0958267672174813, 'beta_4': 49.96604644571086}. Best is trial 12 with value: 131.79113809348982.
[I 2026-04-01 11:58:11,182] Trial 40 finished with value: 133.4888397561102 and parameters: {'alpha_0': 0.0005085383832634143, 'alpha_1': 5.053294617664698e-05, 'alpha_2': 9.262023805058431e-05, 'beta_0': 0.0762958036681819, 'beta_1': 6.51465011905615, 'beta_2': 0.16396870546856146, 'beta_3': 5.0083923843066716, 'beta_4': 23.853032750682836}. Best is trial 12 with value: 131.79113809348982.
[I 2026-04-01 11:58:28,002] Trial 41 finished with value: 135.95257763751448 and parameters: {'alpha_0': 0.0007891466710466455, 'alpha_1': 5.008511341934614e-05, 'alpha_2': 0.00010749127473190035, 'beta_0': 0.0597864996421328, 'beta_1': 6.087865226329829, 'beta_2': 0.15710038137903584, 'beta_3': 4.984676438350401, 'beta_4': 21.27209118465975}. Best is trial 12 with value: 131.79113809348982.
