[I 2026-04-01 12:28:08,744] Trial 147 finished with value: 135.04188675845697 and parameters: {'alpha_0': 0.00217169317702881, 'alpha_1': 5.589333784007493e-05, 'alpha_2': 0.00010176531021016407, 'beta_0': 0.10884229829476205, 'beta_1': 14.755413730022111, 'beta_2': 0.2342162391475739, 'beta_3': 5.454866357024119, 'beta_4': 29.14049886930933}. Best is trial 137 with value: 127.59091900463008.Best trial: 137. Best value: 127.591:  15%|█▍        | 147/1000 [41:46<3:57:56, 16.74s/it]Best trial: 137. Best value: 127.591:  15%|█▍        | 147/1000 [41:46<3:57:56, 16.74s/it]Best trial: 137. Best value: 127.591:  15%|█▍        | 148/1000 [41:46<3:57:00, 16.69s/it]                                                                                          Best trial: 137. Best value: 127.591:  15%|█▍        | 148/1000 [42:03<3:57:00, 16.69s/it]Best trial: 137. Best value: 127.591:  15%|█▍        | 148/1000 [42:03<3:57:00, 16.69s/it]Best trial: 137. Best value: 127.591:  15%|█▍        | 149/1000 [42:03<3:55:59, 16.64s/it]                                                                                          Best trial: 137. Best value: 127.591:  15%|█▍        | 149/1000 [42:20<3:55:59, 16.64s/it]Best trial: 137. Best value: 127.591:  15%|█▍        | 149/1000 [42:20<3:55:59, 16.64s/it]Best trial: 137. Best value: 127.591:  15%|█▌        | 150/1000 [42:20<3:56:36, 16.70s/it]                                                                                          Best trial: 137. Best value: 127.591:  15%|█▌        | 150/1000 [42:36<3:56:36, 16.70s/it]Best trial: 137. Best value: 127.591:  15%|█▌        | 150/1000 [42:36<3:56:36, 16.70s/it]Best trial: 137. Best value: 127.591:  15%|█▌        | 151/1000 [42:36<3:55:49, 16.67s/it]                                                                                          Best trial: 137. Best value: 127.591:  15%|█▌        | 151/1000 [42:53<3:55:49, 16.67s/it]Best trial: 137. Best value: 127.591:  15%|█▌        | 151/1000 [42:53<3:55:49, 16.67s/it]Best trial: 137. Best value: 127.591:  15%|█▌        | 152/1000 [42:53<3:55:39, 16.67s/it]                                                                                          Best trial: 137. Best value: 127.591:  15%|█▌        | 152/1000 [43:10<3:55:39, 16.67s/it]Best trial: 137. Best value: 127.591:  15%|█▌        | 152/1000 [43:10<3:55:39, 16.67s/it]Best trial: 137. Best value: 127.591:  15%|█▌        | 153/1000 [43:10<3:55:19, 16.67s/it]                                                                                          Best trial: 137. Best value: 127.591:  15%|█▌        | 153/1000 [43:26<3:55:19, 16.67s/it]Best trial: 137. Best value: 127.591:  15%|█▌        | 153/1000 [43:26<3:55:19, 16.67s/it]Best trial: 137. Best value: 127.591:  15%|█▌        | 154/1000 [43:26<3:55:40, 16.71s/it]                                                                                          Best trial: 137. Best value: 127.591:  15%|█▌        | 154/1000 [43:43<3:55:40, 16.71s/it]Best trial: 137. Best value: 127.591:  15%|█▌        | 154/1000 [43:43<3:55:40, 16.71s/it]Best trial: 137. Best value: 127.591:  16%|█▌        | 155/1000 [43:43<3:54:30, 16.65s/it]                                                                                          Best trial: 137. Best value: 127.591:  16%|█▌        | 155/1000 [44:00<3:54:30, 16.65s/it]Best trial: 137. Best value: 127.591:  16%|█▌        | 155/1000 [44:00<3:54:30, 16.65s/it]Best trial: 137. Best value: 127.591:  16%|█▌        | 156/1000 [44:00<3:54:38, 16.68s/it]                                                                                          Best trial: 137. Best value: 127.591:  16%|█▌        | 156/1000 [44:16<3:54:38, 16.68s/it]Best trial: 137. Best value: 127.591:  16%|█▌        | 156/1000 [44:16<3:54:38, 16.68s/it]Best trial: 137. Best value: 127.591:  16%|█▌        | 157/1000 [44:16<3:54:29, 16.69s/it]                                                                                          Best trial: 137. Best value: 127.591:  16%|█▌        | 157/1000 [44:34<3:54:29, 16.69s/it]Best trial: 137. Best value: 127.591:  16%|█▌        | 157/1000 [44:34<3:54:29, 16.69s/it]Best trial: 137. Best value: 127.591:  16%|█▌        | 158/1000 [44:34<3:55:57, 16.81s/it]                                                                                          Best trial: 137. Best value: 127.591:  16%|█▌        | 158/1000 [44:50<3:55:57, 16.81s/it]Best trial: 137. Best value: 127.591:  16%|█▌        | 158/1000 [44:50<3:55:57, 16.81s/it]Best trial: 137. Best value: 127.591:  16%|█▌        | 159/1000 [44:50<3:54:23, 16.72s/it]                                                                                          Best trial: 137. Best value: 127.591:  16%|█▌        | 159/1000 [45:07<3:54:23, 16.72s/it]Best trial: 137. Best value: 127.591:  16%|█▌        | 159/1000 [45:07<3:54:23, 16.72s/it]Best trial: 137. Best value: 127.591:  16%|█▌        | 160/1000 [45:07<3:53:38, 16.69s/it]                                                                                          Best trial: 137. Best value: 127.591:  16%|█▌        | 160/1000 [45:23<3:53:38, 16.69s/it]Best trial: 137. Best value: 127.591:  16%|█▌        | 160/1000 [45:23<3:53:38, 16.69s/it]Best trial: 137. Best value: 127.591:  16%|█▌        | 161/1000 [45:23<3:53:35, 16.70s/it]                                                                                          Best trial: 137. Best value: 127.591:  16%|█▌        | 161/1000 [45:40<3:53:35, 16.70s/it]Best trial: 137. Best value: 127.591:  16%|█▌        | 161/1000 [45:40<3:53:35, 16.70s/it]Best trial: 137. Best value: 127.591:  16%|█▌        | 162/1000 [45:40<3:52:46, 16.67s/it]                                                                                          Best trial: 137. Best value: 127.591:  16%|█▌        | 162/1000 [45:57<3:52:46, 16.67s/it]Best trial: 137. Best value: 127.591:  16%|█▌        | 162/1000 [45:57<3:52:46, 16.67s/it]Best trial: 137. Best value: 127.591:  16%|█▋        | 163/1000 [45:57<3:52:53, 16.69s/it]                                                                                          Best trial: 137. Best value: 127.591:  16%|█▋        | 163/1000 [46:13<3:52:53, 16.69s/it]Best trial: 137. Best value: 127.591:  16%|█▋        | 163/1000 [46:13<3:52:53, 16.69s/it]Best trial: 137. Best value: 127.591:  16%|█▋        | 164/1000 [46:13<3:52:00, 16.65s/it]                                                                                          Best trial: 137. Best value: 127.591:  16%|█▋        | 164/1000 [46:30<3:52:00, 16.65s/it]Best trial: 137. Best value: 127.591:  16%|█▋        | 164/1000 [46:30<3:52:00, 16.65s/it]Best trial: 137. Best value: 127.591:  16%|█▋        | 165/1000 [46:30<3:51:13, 16.61s/it]                                                                                          Best trial: 137. Best value: 127.591:  16%|█▋        | 165/1000 [46:46<3:51:13, 16.61s/it]Best trial: 137. Best value: 127.591:  16%|█▋        | 165/1000 [46:46<3:51:13, 16.61s/it]Best trial: 137. Best value: 127.591:  17%|█▋        | 166/1000 [46:46<3:51:03, 16.62s/it]                                                                                          Best trial: 137. Best value: 127.591:  17%|█▋        | 166/1000 [47:03<3:51:03, 16.62s/it]Best trial: 137. Best value: 127.591:  17%|█▋        | 166/1000 [47:03<3:51:03, 16.62s/it]Best trial: 137. Best value: 127.591:  17%|█▋        | 167/1000 [47:03<3:51:27, 16.67s/it]                                                                                          Best trial: 137. Best value: 127.591:  17%|█▋        | 167/1000 [47:20<3:51:27, 16.67s/it]Best trial: 137. Best value: 127.591:  17%|█▋        | 167/1000 [47:20<3:51:27, 16.67s/it]Best trial: 137. Best value: 127.591:  17%|█▋        | 168/1000 [47:20<3:50:37, 16.63s/it]                                                                                          
[I 2026-04-01 12:28:25,263] Trial 148 finished with value: 137.7710771844985 and parameters: {'alpha_0': 0.0023569927928627776, 'alpha_1': 5.874540823552939e-05, 'alpha_2': 0.00010783287083270494, 'beta_0': 0.09860762071151373, 'beta_1': 14.380975481374843, 'beta_2': 0.24382071950061215, 'beta_3': 5.705643175833458, 'beta_4': 31.632517301737124}. Best is trial 137 with value: 127.59091900463008.
[I 2026-04-01 12:28:42,109] Trial 149 finished with value: 128.7853026272555 and parameters: {'alpha_0': 0.0024181604517962475, 'alpha_1': 5.007640830957619e-05, 'alpha_2': 0.00010671554111295342, 'beta_0': 0.1032745639010442, 'beta_1': 14.073673989143938, 'beta_2': 0.23803300768699215, 'beta_3': 5.315638160846004, 'beta_4': 33.8444673774294}. Best is trial 137 with value: 127.59091900463008.
[I 2026-04-01 12:28:58,692] Trial 150 finished with value: 182.38005502990273 and parameters: {'alpha_0': 0.0024188827897179913, 'alpha_1': 8.718504085770397e-05, 'alpha_2': 0.00011294414249635153, 'beta_0': 0.11253034798585212, 'beta_1': 14.808663046897802, 'beta_2': 0.2378340497970584, 'beta_3': 5.238126959203963, 'beta_4': 33.84413727577026}. Best is trial 137 with value: 127.59091900463008.
[I 2026-04-01 12:29:15,384] Trial 151 finished with value: 165.70968362422747 and parameters: {'alpha_0': 0.002245517908563954, 'alpha_1': 7.804243685583208e-05, 'alpha_2': 0.00010623379582005143, 'beta_0': 0.10279107756222046, 'beta_1': 14.10396473276285, 'beta_2': 0.23645708030985524, 'beta_3': 5.374554182579837, 'beta_4': 32.29944438160666}. Best is trial 137 with value: 127.59091900463008.
[I 2026-04-01 12:29:32,044] Trial 152 finished with value: 132.06698483508737 and parameters: {'alpha_0': 0.0023201489397497834, 'alpha_1': 5.267849858656827e-05, 'alpha_2': 0.00010873762071266889, 'beta_0': 0.10676203703713996, 'beta_1': 14.520667953354108, 'beta_2': 0.24092046284401994, 'beta_3': 5.477998823071798, 'beta_4': 30.471626902026927}. Best is trial 137 with value: 127.59091900463008.
[I 2026-04-01 12:29:48,863] Trial 153 finished with value: 129.24734101562393 and parameters: {'alpha_0': 0.002381217373626981, 'alpha_1': 5.0101012555613416e-05, 'alpha_2': 0.00010494995974162328, 'beta_0': 0.10341400869025394, 'beta_1': 14.582652497324434, 'beta_2': 0.23447134303956788, 'beta_3': 5.618311725623248, 'beta_4': 29.741919485522537}. Best is trial 137 with value: 127.59091900463008.
[I 2026-04-01 12:30:05,369] Trial 154 finished with value: 234.90588187330331 and parameters: {'alpha_0': 0.002454983951269189, 'alpha_1': 0.00011865721919196925, 'alpha_2': 0.000110221203690203, 'beta_0': 0.09686918841976873, 'beta_1': 14.239691674266439, 'beta_2': 0.23854177147990227, 'beta_3': 5.794372251012075, 'beta_4': 31.375895934397324}. Best is trial 137 with value: 127.59091900463008.
[I 2026-04-01 12:30:22,119] Trial 155 finished with value: 132.14687454432126 and parameters: {'alpha_0': 0.002143274844090855, 'alpha_1': 5.4627587630302156e-05, 'alpha_2': 0.00010706708828339494, 'beta_0': 0.1097886269740473, 'beta_1': 14.987222968787268, 'beta_2': 0.22892908001878434, 'beta_3': 5.197428946774773, 'beta_4': 34.56385226293144}. Best is trial 137 with value: 127.59091900463008.
[I 2026-04-01 12:30:38,827] Trial 156 finished with value: 131.52057352960628 and parameters: {'alpha_0': 0.0021040611771783986, 'alpha_1': 5.197712807105154e-05, 'alpha_2': 0.00010305936946637656, 'beta_0': 0.08903515674432733, 'beta_1': 13.960483254848443, 'beta_2': 0.2364474781784499, 'beta_3': 5.303860148122994, 'beta_4': 30.778417241276728}. Best is trial 137 with value: 127.59091900463008.
[I 2026-04-01 12:30:55,931] Trial 157 finished with value: 133.00146034316143 and parameters: {'alpha_0': 0.0021952073892173504, 'alpha_1': 5.404874865461935e-05, 'alpha_2': 0.00010104519344036929, 'beta_0': 0.11518233407012049, 'beta_1': 14.729936429580818, 'beta_2': 0.2335907925698884, 'beta_3': 5.567393726538035, 'beta_4': 28.751983719423713}. Best is trial 137 with value: 127.59091900463008.
[I 2026-04-01 12:31:12,439] Trial 158 finished with value: 129.02695613653316 and parameters: {'alpha_0': 0.0022752922578698357, 'alpha_1': 5.002416718015375e-05, 'alpha_2': 0.00010575491172822129, 'beta_0': 0.08572682044769032, 'beta_1': 14.439320695242044, 'beta_2': 0.24257653129889428, 'beta_3': 5.4392382951348734, 'beta_4': 36.312819907256696}. Best is trial 137 with value: 127.59091900463008.
[I 2026-04-01 12:31:29,049] Trial 159 finished with value: 131.94288528392514 and parameters: {'alpha_0': 0.0022376950301457683, 'alpha_1': 5.2407089958676035e-05, 'alpha_2': 0.00011154553011903887, 'beta_0': 0.11958819578887606, 'beta_1': 14.796155550364553, 'beta_2': 0.2390319188510082, 'beta_3': 5.046641097999903, 'beta_4': 33.106262418461284}. Best is trial 137 with value: 127.59091900463008.
[I 2026-04-01 12:31:45,792] Trial 160 finished with value: 134.02050592345617 and parameters: {'alpha_0': 0.0020266317406599814, 'alpha_1': 5.613418037755396e-05, 'alpha_2': 0.00010877021735129147, 'beta_0': 0.10283850082925693, 'beta_1': 14.184348798489234, 'beta_2': 0.2309334257816812, 'beta_3': 6.0319023886113285, 'beta_4': 32.25405018152076}. Best is trial 137 with value: 127.59091900463008.
[I 2026-04-01 12:32:02,370] Trial 161 finished with value: 128.78110195590318 and parameters: {'alpha_0': 0.002282341494308777, 'alpha_1': 5.039465037883847e-05, 'alpha_2': 0.0001040530768363816, 'beta_0': 0.08579462361153911, 'beta_1': 14.444807335538572, 'beta_2': 0.24190079323536082, 'beta_3': 5.43690291919941, 'beta_4': 37.694615176851386}. Best is trial 137 with value: 127.59091900463008.
[I 2026-04-01 12:32:19,130] Trial 162 finished with value: 130.05245090589432 and parameters: {'alpha_0': 0.002330897334779465, 'alpha_1': 5.18862484044423e-05, 'alpha_2': 0.00010435564565492776, 'beta_0': 0.09879906151786688, 'beta_1': 14.592524203871195, 'beta_2': 0.2454326823818892, 'beta_3': 5.679212763381607, 'beta_4': 29.99865513887573}. Best is trial 137 with value: 127.59091900463008.
[I 2026-04-01 12:32:35,681] Trial 163 finished with value: 130.66875754405618 and parameters: {'alpha_0': 0.0013736116281403057, 'alpha_1': 5.3893501131064035e-05, 'alpha_2': 4.5388892797341854e-05, 'beta_0': 0.09068999450342333, 'beta_1': 14.999608775795553, 'beta_2': 0.24076616023206038, 'beta_3': 5.326428405126186, 'beta_4': 37.54705509700476}. Best is trial 137 with value: 127.59091900463008.
[I 2026-04-01 12:32:52,211] Trial 164 finished with value: 130.14031473173648 and parameters: {'alpha_0': 0.0021676661742389292, 'alpha_1': 5.146106895290241e-05, 'alpha_2': 0.0001070983544315075, 'beta_0': 0.10467642784431051, 'beta_1': 14.359107851420745, 'beta_2': 0.2375974555694591, 'beta_3': 5.469708445430336, 'beta_4': 30.99797665478589}. Best is trial 137 with value: 127.59091900463008.
[I 2026-04-01 12:33:08,854] Trial 165 finished with value: 129.07904666876786 and parameters: {'alpha_0': 0.0022957242581925414, 'alpha_1': 5.0235367667566405e-05, 'alpha_2': 0.00010954469012738588, 'beta_0': 0.11162621701891905, 'beta_1': 14.588620185578595, 'beta_2': 0.23476888368159254, 'beta_3': 5.85648634280545, 'beta_4': 33.54491017504736}. Best is trial 137 with value: 127.59091900463008.
[I 2026-04-01 12:33:25,639] Trial 166 finished with value: 132.3711886150091 and parameters: {'alpha_0': 0.0021982790573803323, 'alpha_1': 5.3892383537627234e-05, 'alpha_2': 0.00010342141511058227, 'beta_0': 0.09492940047460771, 'beta_1': 14.019354555079111, 'beta_2': 0.232343757076291, 'beta_3': 5.599528583870661, 'beta_4': 34.755806839664395}. Best is trial 137 with value: 127.59091900463008.
[I 2026-04-01 12:33:42,175] Trial 167 finished with value: 128.7990647690601 and parameters: {'alpha_0': 0.002365080705605153, 'alpha_1': 5.0050359864317094e-05, 'alpha_2': 0.00010063225877896201, 'beta_0': 0.08288494606563082, 'beta_1': 14.812901737265957, 'beta_2': 0.24224303828542662, 'beta_3': 5.4052316361150545, 'beta_4': 29.55433812803306}. Best is trial 137 with value: 127.59091900463008.
