[I 2026-04-01 14:01:28,937] Trial 483 finished with value: 130.4676397181606 and parameters: {'alpha_0': 0.0007805807047799398, 'alpha_1': 5.182440165985671e-05, 'alpha_2': 0.00011563017421881472, 'beta_0': 0.09357834994597772, 'beta_1': 13.125796048721659, 'beta_2': 0.1649142466155258, 'beta_3': 5.562505466507049, 'beta_4': 39.50747515120039}. Best is trial 454 with value: 126.71566127506844.Best trial: 454. Best value: 126.716:  48%|████▊     | 483/1000 [2:15:07<2:23:24, 16.64s/it]Best trial: 454. Best value: 126.716:  48%|████▊     | 483/1000 [2:15:07<2:23:24, 16.64s/it]Best trial: 454. Best value: 126.716:  48%|████▊     | 484/1000 [2:15:07<2:23:17, 16.66s/it]                                                                                            Best trial: 454. Best value: 126.716:  48%|████▊     | 484/1000 [2:15:23<2:23:17, 16.66s/it]Best trial: 454. Best value: 126.716:  48%|████▊     | 484/1000 [2:15:23<2:23:17, 16.66s/it]Best trial: 454. Best value: 126.716:  48%|████▊     | 485/1000 [2:15:23<2:22:45, 16.63s/it]                                                                                            Best trial: 454. Best value: 126.716:  48%|████▊     | 485/1000 [2:15:40<2:22:45, 16.63s/it]Best trial: 454. Best value: 126.716:  48%|████▊     | 485/1000 [2:15:40<2:22:45, 16.63s/it]Best trial: 454. Best value: 126.716:  49%|████▊     | 486/1000 [2:15:40<2:22:02, 16.58s/it]                                                                                            Best trial: 454. Best value: 126.716:  49%|████▊     | 486/1000 [2:15:56<2:22:02, 16.58s/it]Best trial: 486. Best value: 126.234:  49%|████▊     | 486/1000 [2:15:56<2:22:02, 16.58s/it]Best trial: 486. Best value: 126.234:  49%|████▊     | 487/1000 [2:15:56<2:22:15, 16.64s/it]                                                                                            Best trial: 486. Best value: 126.234:  49%|████▊     | 487/1000 [2:16:13<2:22:15, 16.64s/it]Best trial: 486. Best value: 126.234:  49%|████▊     | 487/1000 [2:16:13<2:22:15, 16.64s/it]Best trial: 486. Best value: 126.234:  49%|████▉     | 488/1000 [2:16:13<2:22:21, 16.68s/it]                                                                                            Best trial: 486. Best value: 126.234:  49%|████▉     | 488/1000 [2:16:30<2:22:21, 16.68s/it]Best trial: 486. Best value: 126.234:  49%|████▉     | 488/1000 [2:16:30<2:22:21, 16.68s/it]Best trial: 486. Best value: 126.234:  49%|████▉     | 489/1000 [2:16:30<2:22:13, 16.70s/it]                                                                                            Best trial: 486. Best value: 126.234:  49%|████▉     | 489/1000 [2:16:46<2:22:13, 16.70s/it]Best trial: 486. Best value: 126.234:  49%|████▉     | 489/1000 [2:16:46<2:22:13, 16.70s/it]Best trial: 486. Best value: 126.234:  49%|████▉     | 490/1000 [2:16:46<2:21:39, 16.67s/it]                                                                                            Best trial: 486. Best value: 126.234:  49%|████▉     | 490/1000 [2:17:03<2:21:39, 16.67s/it]Best trial: 486. Best value: 126.234:  49%|████▉     | 490/1000 [2:17:03<2:21:39, 16.67s/it]Best trial: 486. Best value: 126.234:  49%|████▉     | 491/1000 [2:17:03<2:21:04, 16.63s/it]                                                                                            Best trial: 486. Best value: 126.234:  49%|████▉     | 491/1000 [2:17:20<2:21:04, 16.63s/it]Best trial: 486. Best value: 126.234:  49%|████▉     | 491/1000 [2:17:20<2:21:04, 16.63s/it]Best trial: 486. Best value: 126.234:  49%|████▉     | 492/1000 [2:17:20<2:20:37, 16.61s/it]                                                                                            Best trial: 486. Best value: 126.234:  49%|████▉     | 492/1000 [2:17:36<2:20:37, 16.61s/it]Best trial: 486. Best value: 126.234:  49%|████▉     | 492/1000 [2:17:36<2:20:37, 16.61s/it]Best trial: 486. Best value: 126.234:  49%|████▉     | 493/1000 [2:17:36<2:20:13, 16.59s/it]                                                                                            Best trial: 486. Best value: 126.234:  49%|████▉     | 493/1000 [2:17:53<2:20:13, 16.59s/it]Best trial: 486. Best value: 126.234:  49%|████▉     | 493/1000 [2:17:53<2:20:13, 16.59s/it]Best trial: 486. Best value: 126.234:  49%|████▉     | 494/1000 [2:17:53<2:19:53, 16.59s/it]                                                                                            Best trial: 486. Best value: 126.234:  49%|████▉     | 494/1000 [2:18:09<2:19:53, 16.59s/it]Best trial: 486. Best value: 126.234:  49%|████▉     | 494/1000 [2:18:09<2:19:53, 16.59s/it]Best trial: 486. Best value: 126.234:  50%|████▉     | 495/1000 [2:18:09<2:19:29, 16.57s/it]                                                                                            Best trial: 486. Best value: 126.234:  50%|████▉     | 495/1000 [2:18:26<2:19:29, 16.57s/it]Best trial: 486. Best value: 126.234:  50%|████▉     | 495/1000 [2:18:26<2:19:29, 16.57s/it]Best trial: 486. Best value: 126.234:  50%|████▉     | 496/1000 [2:18:26<2:19:10, 16.57s/it]                                                                                            Best trial: 486. Best value: 126.234:  50%|████▉     | 496/1000 [2:18:42<2:19:10, 16.57s/it]Best trial: 486. Best value: 126.234:  50%|████▉     | 496/1000 [2:18:42<2:19:10, 16.57s/it]Best trial: 486. Best value: 126.234:  50%|████▉     | 497/1000 [2:18:42<2:19:03, 16.59s/it]                                                                                            Best trial: 486. Best value: 126.234:  50%|████▉     | 497/1000 [2:18:59<2:19:03, 16.59s/it]Best trial: 486. Best value: 126.234:  50%|████▉     | 497/1000 [2:18:59<2:19:03, 16.59s/it]Best trial: 486. Best value: 126.234:  50%|████▉     | 498/1000 [2:18:59<2:18:40, 16.57s/it]                                                                                            Best trial: 486. Best value: 126.234:  50%|████▉     | 498/1000 [2:19:16<2:18:40, 16.57s/it]Best trial: 486. Best value: 126.234:  50%|████▉     | 498/1000 [2:19:16<2:18:40, 16.57s/it]Best trial: 486. Best value: 126.234:  50%|████▉     | 499/1000 [2:19:16<2:18:23, 16.57s/it]                                                                                            Best trial: 486. Best value: 126.234:  50%|████▉     | 499/1000 [2:19:32<2:18:23, 16.57s/it]Best trial: 486. Best value: 126.234:  50%|████▉     | 499/1000 [2:19:32<2:18:23, 16.57s/it]Best trial: 486. Best value: 126.234:  50%|█████     | 500/1000 [2:19:32<2:18:04, 16.57s/it]                                                                                            Best trial: 486. Best value: 126.234:  50%|█████     | 500/1000 [2:19:49<2:18:04, 16.57s/it]Best trial: 486. Best value: 126.234:  50%|█████     | 500/1000 [2:19:49<2:18:04, 16.57s/it]Best trial: 486. Best value: 126.234:  50%|█████     | 501/1000 [2:19:49<2:17:49, 16.57s/it]                                                                                            Best trial: 486. Best value: 126.234:  50%|█████     | 501/1000 [2:20:05<2:17:49, 16.57s/it]Best trial: 486. Best value: 126.234:  50%|█████     | 501/1000 [2:20:05<2:17:49, 16.57s/it]Best trial: 486. Best value: 126.234:  50%|█████     | 502/1000 [2:20:05<2:17:26, 16.56s/it]                                                                                            Best trial: 486. Best value: 126.234:  50%|█████     | 502/1000 [2:20:22<2:17:26, 16.56s/it]Best trial: 486. Best value: 126.234:  50%|█████     | 502/1000 [2:20:22<2:17:26, 16.56s/it]Best trial: 486. Best value: 126.234:  50%|█████     | 503/1000 [2:20:22<2:17:15, 16.57s/it]                                                                                            Best trial: 486. Best value: 126.234:  50%|█████     | 503/1000 [2:20:38<2:17:15, 16.57s/it]Best trial: 486. Best value: 126.234:  50%|█████     | 503/1000 [2:20:38<2:17:15, 16.57s/it]Best trial: 486. Best value: 126.234:  50%|█████     | 504/1000 [2:20:38<2:17:08, 16.59s/it]                                                                                            
[I 2026-04-01 14:01:45,500] Trial 484 finished with value: 129.83308290049584 and parameters: {'alpha_0': 0.0008855964099707201, 'alpha_1': 5.482841677340133e-05, 'alpha_2': 0.00011854757303216794, 'beta_0': 0.08001724110700421, 'beta_1': 14.466372797929395, 'beta_2': 0.1763012610084658, 'beta_3': 7.885945229040265, 'beta_4': 25.739129377558175}. Best is trial 454 with value: 126.71566127506844.
[I 2026-04-01 14:02:01,963] Trial 485 finished with value: 128.59284507159688 and parameters: {'alpha_0': 0.00098421277902709, 'alpha_1': 5.0029657499762255e-05, 'alpha_2': 0.00011848807339808974, 'beta_0': 0.07157799678295336, 'beta_1': 14.262757950152855, 'beta_2': 0.19848290851701028, 'beta_3': 5.790725388633693, 'beta_4': 24.28392171961643}. Best is trial 454 with value: 126.71566127506844.
[I 2026-04-01 14:02:18,733] Trial 486 finished with value: 126.23432226412109 and parameters: {'alpha_0': 0.0007410786507125956, 'alpha_1': 5.0133520175043856e-05, 'alpha_2': 0.00011657114124565339, 'beta_0': 0.08662256078830342, 'beta_1': 14.69813711817382, 'beta_2': 0.1841880598528057, 'beta_3': 6.240354344808946, 'beta_4': 40.42755846782722}. Best is trial 486 with value: 126.23432226412109.
[I 2026-04-01 14:02:35,518] Trial 487 finished with value: 129.85238511376377 and parameters: {'alpha_0': 0.0007431662804476, 'alpha_1': 5.324530370003677e-05, 'alpha_2': 0.00011583400376248989, 'beta_0': 0.08568767787899742, 'beta_1': 14.03436208804577, 'beta_2': 0.18495628137692843, 'beta_3': 6.290478111570848, 'beta_4': 40.44948978584579}. Best is trial 486 with value: 126.23432226412109.
[I 2026-04-01 14:02:52,257] Trial 488 finished with value: 126.75279735506206 and parameters: {'alpha_0': 0.0006932068579959958, 'alpha_1': 5.006703664945095e-05, 'alpha_2': 0.00011728946010980183, 'beta_0': 0.07792042609108128, 'beta_1': 14.539764294611718, 'beta_2': 0.1826936065608039, 'beta_3': 6.496036197900769, 'beta_4': 40.86591246198313}. Best is trial 486 with value: 126.23432226412109.
[I 2026-04-01 14:03:08,845] Trial 489 finished with value: 126.98066148557834 and parameters: {'alpha_0': 0.0008022906395733471, 'alpha_1': 5.0052329822537284e-05, 'alpha_2': 0.00011999297897921098, 'beta_0': 0.07655352314405474, 'beta_1': 14.544471482252774, 'beta_2': 0.18781562016163247, 'beta_3': 6.533928687156285, 'beta_4': 41.23488981492322}. Best is trial 486 with value: 126.23432226412109.
[I 2026-04-01 14:03:25,392] Trial 490 finished with value: 129.02634051724866 and parameters: {'alpha_0': 0.0006990241292700255, 'alpha_1': 5.340511848462434e-05, 'alpha_2': 0.00011434627495276114, 'beta_0': 0.06810019652349894, 'beta_1': 14.616321467978366, 'beta_2': 0.18366497161921058, 'beta_3': 6.707090128164337, 'beta_4': 41.40905897481448}. Best is trial 486 with value: 126.23432226412109.
[I 2026-04-01 14:03:41,952] Trial 491 finished with value: 131.92104102870317 and parameters: {'alpha_0': 0.0008109931300388268, 'alpha_1': 5.6847311136959966e-05, 'alpha_2': 0.00011738308200878157, 'beta_0': 0.07579697407225103, 'beta_1': 14.519994089473574, 'beta_2': 0.18600731781705862, 'beta_3': 6.7849074159744545, 'beta_4': 42.93038145956445}. Best is trial 486 with value: 126.23432226412109.
[I 2026-04-01 14:03:58,510] Trial 492 finished with value: 128.33093312947062 and parameters: {'alpha_0': 0.000850244526712959, 'alpha_1': 5.169017160890415e-05, 'alpha_2': 0.00011603642842835517, 'beta_0': 0.05027807177050593, 'beta_1': 14.707661903763938, 'beta_2': 0.1879503167886328, 'beta_3': 6.633306021488774, 'beta_4': 41.81133545375845}. Best is trial 486 with value: 126.23432226412109.
[I 2026-04-01 14:04:15,083] Trial 493 finished with value: 131.14217512860174 and parameters: {'alpha_0': 0.0008117844730601956, 'alpha_1': 5.5166566758255046e-05, 'alpha_2': 0.00011863767062536613, 'beta_0': 0.07129957437857319, 'beta_1': 14.464928713586698, 'beta_2': 0.18721706645423986, 'beta_3': 6.4050138956183575, 'beta_4': 40.24577070514043}. Best is trial 486 with value: 126.23432226412109.
[I 2026-04-01 14:04:31,622] Trial 494 finished with value: 127.70215286673385 and parameters: {'alpha_0': 0.0007353594858221939, 'alpha_1': 5.190791982368137e-05, 'alpha_2': 0.00011680225637156791, 'beta_0': 0.07781031408574529, 'beta_1': 14.811005745003959, 'beta_2': 0.18527552580891618, 'beta_3': 6.500757586914836, 'beta_4': 41.11868823414604}. Best is trial 486 with value: 126.23432226412109.
[I 2026-04-01 14:04:48,177] Trial 495 finished with value: 126.70336606818302 and parameters: {'alpha_0': 0.0008936738807410325, 'alpha_1': 5.009491361495974e-05, 'alpha_2': 0.00011433651968906865, 'beta_0': 0.07464370801162581, 'beta_1': 14.653461795346919, 'beta_2': 0.18344834653854677, 'beta_3': 6.599991749941244, 'beta_4': 42.11124087715872}. Best is trial 486 with value: 126.23432226412109.
[I 2026-04-01 14:05:04,811] Trial 496 finished with value: 129.89964888620585 and parameters: {'alpha_0': 0.0009416657121121472, 'alpha_1': 5.346380017413322e-05, 'alpha_2': 0.00011483163451841012, 'beta_0': 0.06829231505531431, 'beta_1': 14.393299972216907, 'beta_2': 0.1826978904544964, 'beta_3': 6.618897004045294, 'beta_4': 42.58359471562862}. Best is trial 486 with value: 126.23432226412109.
[I 2026-04-01 14:05:21,353] Trial 497 finished with value: 126.69875866736866 and parameters: {'alpha_0': 0.0009025271281126555, 'alpha_1': 5.003872902908878e-05, 'alpha_2': 0.00011363895786483668, 'beta_0': 0.07408809014874418, 'beta_1': 14.631531776303463, 'beta_2': 0.19246454541775576, 'beta_3': 6.746962597948956, 'beta_4': 42.082296521633175}. Best is trial 486 with value: 126.23432226412109.
[I 2026-04-01 14:05:37,926] Trial 498 finished with value: 127.12751842919758 and parameters: {'alpha_0': 0.0009042676570822374, 'alpha_1': 5.000148487735019e-05, 'alpha_2': 0.0001134767144341631, 'beta_0': 0.06492921246529583, 'beta_1': 14.773428672137767, 'beta_2': 0.1899758002785103, 'beta_3': 6.881835955187656, 'beta_4': 43.07942591181528}. Best is trial 486 with value: 126.23432226412109.
[I 2026-04-01 14:05:54,482] Trial 499 finished with value: 127.93438313111923 and parameters: {'alpha_0': 0.0009054517076001459, 'alpha_1': 5.166987140291232e-05, 'alpha_2': 0.00011392107152054399, 'beta_0': 0.06409915456148926, 'beta_1': 14.667963860583278, 'beta_2': 0.19156638119404648, 'beta_3': 6.819431567708998, 'beta_4': 42.90488107213997}. Best is trial 486 with value: 126.23432226412109.
[I 2026-04-01 14:06:11,066] Trial 500 finished with value: 131.0202047821807 and parameters: {'alpha_0': 0.0009119203003261819, 'alpha_1': 5.5137134114336536e-05, 'alpha_2': 0.00011367225669984262, 'beta_0': 0.05563199530656676, 'beta_1': 14.57583847352473, 'beta_2': 0.18887106241863222, 'beta_3': 6.946179822114187, 'beta_4': 44.72254531431517}. Best is trial 486 with value: 126.23432226412109.
[I 2026-04-01 14:06:27,593] Trial 501 finished with value: 131.3889310354085 and parameters: {'alpha_0': 0.0008786542542470107, 'alpha_1': 5.002768684974048e-05, 'alpha_2': 0.00011363337233504363, 'beta_0': 0.06901550140516625, 'beta_1': 10.695051827038784, 'beta_2': 0.18913018916938906, 'beta_3': 6.7271595165598645, 'beta_4': 42.40999559329686}. Best is trial 486 with value: 126.23432226412109.
[I 2026-04-01 14:06:44,188] Trial 502 finished with value: 133.54559366590922 and parameters: {'alpha_0': 0.0008896515315381229, 'alpha_1': 5.832526985237674e-05, 'alpha_2': 9.491940194641993e-05, 'beta_0': 0.06169457194557673, 'beta_1': 14.807693698644474, 'beta_2': 0.18739338421739146, 'beta_3': 6.919190026884229, 'beta_4': 42.9791046216678}. Best is trial 486 with value: 126.23432226412109.
[I 2026-04-01 14:07:00,824] Trial 503 finished with value: 129.15565808956873 and parameters: {'alpha_0': 0.0008542921364977003, 'alpha_1': 5.328722692032173e-05, 'alpha_2': 0.00011358909600634922, 'beta_0': 0.06484056449938594, 'beta_1': 14.569998548406225, 'beta_2': 0.1901089207219427, 'beta_3': 6.845290780728663, 'beta_4': 42.348895388386154}. Best is trial 486 with value: 126.23432226412109.
