[I 2026-04-01 12:51:22,833] Trial 231 finished with value: 128.13548910388323 and parameters: {'alpha_0': 0.0010605953632057744, 'alpha_1': 5.017397516937891e-05, 'alpha_2': 0.00011565386673956327, 'beta_0': 0.07286519024917755, 'beta_1': 14.674533340273411, 'beta_2': 0.2250969547984868, 'beta_3': 5.611103001210444, 'beta_4': 38.008958540960315}. Best is trial 207 with value: 127.29276447886771.Best trial: 207. Best value: 127.293:  23%|██▎       | 231/1000 [1:05:00<3:32:11, 16.56s/it]Best trial: 207. Best value: 127.293:  23%|██▎       | 231/1000 [1:05:00<3:32:11, 16.56s/it]Best trial: 207. Best value: 127.293:  23%|██▎       | 232/1000 [1:05:00<3:32:02, 16.57s/it]                                                                                            Best trial: 207. Best value: 127.293:  23%|██▎       | 232/1000 [1:05:17<3:32:02, 16.57s/it]Best trial: 207. Best value: 127.293:  23%|██▎       | 232/1000 [1:05:17<3:32:02, 16.57s/it]Best trial: 207. Best value: 127.293:  23%|██▎       | 233/1000 [1:05:17<3:31:36, 16.55s/it]                                                                                            Best trial: 207. Best value: 127.293:  23%|██▎       | 233/1000 [1:05:33<3:31:36, 16.55s/it]Best trial: 207. Best value: 127.293:  23%|██▎       | 233/1000 [1:05:33<3:31:36, 16.55s/it]Best trial: 207. Best value: 127.293:  23%|██▎       | 234/1000 [1:05:33<3:31:11, 16.54s/it]                                                                                            Best trial: 207. Best value: 127.293:  23%|██▎       | 234/1000 [1:05:50<3:31:11, 16.54s/it]Best trial: 207. Best value: 127.293:  23%|██▎       | 234/1000 [1:05:50<3:31:11, 16.54s/it]Best trial: 207. Best value: 127.293:  24%|██▎       | 235/1000 [1:05:50<3:30:48, 16.53s/it]                                                                                            Best trial: 207. Best value: 127.293:  24%|██▎       | 235/1000 [1:06:06<3:30:48, 16.53s/it]Best trial: 207. Best value: 127.293:  24%|██▎       | 235/1000 [1:06:06<3:30:48, 16.53s/it]Best trial: 207. Best value: 127.293:  24%|██▎       | 236/1000 [1:06:06<3:30:28, 16.53s/it]                                                                                            Best trial: 207. Best value: 127.293:  24%|██▎       | 236/1000 [1:06:23<3:30:28, 16.53s/it]Best trial: 207. Best value: 127.293:  24%|██▎       | 236/1000 [1:06:23<3:30:28, 16.53s/it]Best trial: 207. Best value: 127.293:  24%|██▎       | 237/1000 [1:06:23<3:30:08, 16.52s/it]                                                                                            Best trial: 207. Best value: 127.293:  24%|██▎       | 237/1000 [1:06:40<3:30:08, 16.52s/it]Best trial: 207. Best value: 127.293:  24%|██▎       | 237/1000 [1:06:40<3:30:08, 16.52s/it]Best trial: 207. Best value: 127.293:  24%|██▍       | 238/1000 [1:06:40<3:29:54, 16.53s/it]                                                                                            Best trial: 207. Best value: 127.293:  24%|██▍       | 238/1000 [1:06:56<3:29:54, 16.53s/it]Best trial: 207. Best value: 127.293:  24%|██▍       | 238/1000 [1:06:56<3:29:54, 16.53s/it]Best trial: 207. Best value: 127.293:  24%|██▍       | 239/1000 [1:06:56<3:29:50, 16.55s/it]                                                                                            Best trial: 207. Best value: 127.293:  24%|██▍       | 239/1000 [1:07:13<3:29:50, 16.55s/it]Best trial: 207. Best value: 127.293:  24%|██▍       | 239/1000 [1:07:13<3:29:50, 16.55s/it]Best trial: 207. Best value: 127.293:  24%|██▍       | 240/1000 [1:07:13<3:29:29, 16.54s/it]                                                                                            Best trial: 207. Best value: 127.293:  24%|██▍       | 240/1000 [1:07:29<3:29:29, 16.54s/it]Best trial: 207. Best value: 127.293:  24%|██▍       | 240/1000 [1:07:29<3:29:29, 16.54s/it]Best trial: 207. Best value: 127.293:  24%|██▍       | 241/1000 [1:07:29<3:29:19, 16.55s/it]                                                                                            Best trial: 207. Best value: 127.293:  24%|██▍       | 241/1000 [1:07:46<3:29:19, 16.55s/it]Best trial: 207. Best value: 127.293:  24%|██▍       | 241/1000 [1:07:46<3:29:19, 16.55s/it]Best trial: 207. Best value: 127.293:  24%|██▍       | 242/1000 [1:07:46<3:29:03, 16.55s/it]                                                                                            Best trial: 207. Best value: 127.293:  24%|██▍       | 242/1000 [1:08:02<3:29:03, 16.55s/it]Best trial: 207. Best value: 127.293:  24%|██▍       | 242/1000 [1:08:02<3:29:03, 16.55s/it]Best trial: 207. Best value: 127.293:  24%|██▍       | 243/1000 [1:08:02<3:28:28, 16.52s/it]                                                                                            Best trial: 207. Best value: 127.293:  24%|██▍       | 243/1000 [1:08:19<3:28:28, 16.52s/it]Best trial: 207. Best value: 127.293:  24%|██▍       | 243/1000 [1:08:19<3:28:28, 16.52s/it]Best trial: 207. Best value: 127.293:  24%|██▍       | 244/1000 [1:08:19<3:28:34, 16.55s/it]                                                                                            Best trial: 207. Best value: 127.293:  24%|██▍       | 244/1000 [1:08:35<3:28:34, 16.55s/it]Best trial: 207. Best value: 127.293:  24%|██▍       | 244/1000 [1:08:35<3:28:34, 16.55s/it]Best trial: 207. Best value: 127.293:  24%|██▍       | 245/1000 [1:08:35<3:27:52, 16.52s/it]                                                                                            Best trial: 207. Best value: 127.293:  24%|██▍       | 245/1000 [1:08:52<3:27:52, 16.52s/it]Best trial: 207. Best value: 127.293:  24%|██▍       | 245/1000 [1:08:52<3:27:52, 16.52s/it]Best trial: 207. Best value: 127.293:  25%|██▍       | 246/1000 [1:08:52<3:27:47, 16.53s/it]                                                                                            Best trial: 207. Best value: 127.293:  25%|██▍       | 246/1000 [1:09:08<3:27:47, 16.53s/it]Best trial: 207. Best value: 127.293:  25%|██▍       | 246/1000 [1:09:08<3:27:47, 16.53s/it]Best trial: 207. Best value: 127.293:  25%|██▍       | 247/1000 [1:09:08<3:27:37, 16.54s/it]                                                                                            Best trial: 207. Best value: 127.293:  25%|██▍       | 247/1000 [1:09:25<3:27:37, 16.54s/it]Best trial: 247. Best value: 127.236:  25%|██▍       | 247/1000 [1:09:25<3:27:37, 16.54s/it]Best trial: 247. Best value: 127.236:  25%|██▍       | 248/1000 [1:09:25<3:27:07, 16.53s/it]                                                                                            Best trial: 247. Best value: 127.236:  25%|██▍       | 248/1000 [1:09:41<3:27:07, 16.53s/it]Best trial: 247. Best value: 127.236:  25%|██▍       | 248/1000 [1:09:41<3:27:07, 16.53s/it]Best trial: 247. Best value: 127.236:  25%|██▍       | 249/1000 [1:09:41<3:26:55, 16.53s/it]                                                                                            Best trial: 247. Best value: 127.236:  25%|██▍       | 249/1000 [1:09:58<3:26:55, 16.53s/it]Best trial: 247. Best value: 127.236:  25%|██▍       | 249/1000 [1:09:58<3:26:55, 16.53s/it]Best trial: 247. Best value: 127.236:  25%|██▌       | 250/1000 [1:09:58<3:26:45, 16.54s/it]                                                                                            Best trial: 247. Best value: 127.236:  25%|██▌       | 250/1000 [1:10:15<3:26:45, 16.54s/it]Best trial: 247. Best value: 127.236:  25%|██▌       | 250/1000 [1:10:15<3:26:45, 16.54s/it]Best trial: 247. Best value: 127.236:  25%|██▌       | 251/1000 [1:10:15<3:26:20, 16.53s/it]                                                                                            Best trial: 247. Best value: 127.236:  25%|██▌       | 251/1000 [1:10:31<3:26:20, 16.53s/it]Best trial: 247. Best value: 127.236:  25%|██▌       | 251/1000 [1:10:31<3:26:20, 16.53s/it]Best trial: 247. Best value: 127.236:  25%|██▌       | 252/1000 [1:10:31<3:26:13, 16.54s/it]                                                                                            
[I 2026-04-01 12:51:39,358] Trial 232 finished with value: 129.5282062068822 and parameters: {'alpha_0': 0.0012793510026936697, 'alpha_1': 5.188169959970644e-05, 'alpha_2': 0.00011562841440552769, 'beta_0': 0.07247875211459819, 'beta_1': 14.698052284019893, 'beta_2': 0.22599248321384585, 'beta_3': 5.615245725548779, 'beta_4': 37.9172791690012}. Best is trial 207 with value: 127.29276447886771.
[I 2026-04-01 12:51:55,876] Trial 233 finished with value: 127.91231692122061 and parameters: {'alpha_0': 0.0012181473934932165, 'alpha_1': 5.007624498996183e-05, 'alpha_2': 0.00011795419180546579, 'beta_0': 0.06601677362809034, 'beta_1': 14.991019997186438, 'beta_2': 0.22792964981190028, 'beta_3': 5.787161034862339, 'beta_4': 40.368822034042864}. Best is trial 207 with value: 127.29276447886771.
[I 2026-04-01 12:52:12,391] Trial 234 finished with value: 130.0043424085772 and parameters: {'alpha_0': 0.001160330912484866, 'alpha_1': 5.360485053317726e-05, 'alpha_2': 0.00011780708805948873, 'beta_0': 0.061741306422262325, 'beta_1': 14.99889907400951, 'beta_2': 0.22694859578126328, 'beta_3': 5.863579821727382, 'beta_4': 40.39620219193947}. Best is trial 207 with value: 127.29276447886771.
[I 2026-04-01 12:52:28,910] Trial 235 finished with value: 127.80544479034589 and parameters: {'alpha_0': 0.0011828437816916205, 'alpha_1': 5.0134712258034065e-05, 'alpha_2': 0.00011361891674254846, 'beta_0': 0.0685473776745945, 'beta_1': 14.847955439746752, 'beta_2': 0.22252198759874542, 'beta_3': 5.760304276001105, 'beta_4': 42.103618811998174}. Best is trial 207 with value: 127.29276447886771.
[I 2026-04-01 12:52:45,421] Trial 236 finished with value: 127.85061882677765 and parameters: {'alpha_0': 0.0011947521063794587, 'alpha_1': 5.0050502453433674e-05, 'alpha_2': 0.00011367300662808191, 'beta_0': 0.06700695319374785, 'beta_1': 14.821278456948342, 'beta_2': 0.22222120708601653, 'beta_3': 5.758313748523787, 'beta_4': 42.072287277048225}. Best is trial 207 with value: 127.29276447886771.
[I 2026-04-01 12:53:01,958] Trial 237 finished with value: 129.10535601662397 and parameters: {'alpha_0': 0.0012095410510180131, 'alpha_1': 5.224029184795977e-05, 'alpha_2': 0.00011238946685845138, 'beta_0': 0.06494781884839919, 'beta_1': 14.862249107012978, 'beta_2': 0.22334435606256936, 'beta_3': 5.8025292201643435, 'beta_4': 41.282274300987304}. Best is trial 207 with value: 127.29276447886771.
[I 2026-04-01 12:53:18,543] Trial 238 finished with value: 132.74247326867456 and parameters: {'alpha_0': 0.0012994071223778798, 'alpha_1': 5.498148691866121e-05, 'alpha_2': 0.00011372853262606351, 'beta_0': 0.05330781973558989, 'beta_1': 14.846062272647822, 'beta_2': 0.223069128399543, 'beta_3': 3.6302656465001237, 'beta_4': 41.9548059226393}. Best is trial 207 with value: 127.29276447886771.
[I 2026-04-01 12:53:35,068] Trial 239 finished with value: 130.02006827909662 and parameters: {'alpha_0': 0.0012583635822276012, 'alpha_1': 5.3344061968912874e-05, 'alpha_2': 0.00011361538072565775, 'beta_0': 0.06652151276182679, 'beta_1': 14.842936165969224, 'beta_2': 0.22150391074085424, 'beta_3': 5.7682264218076575, 'beta_4': 42.44537549341859}. Best is trial 207 with value: 127.29276447886771.
[I 2026-04-01 12:53:51,635] Trial 240 finished with value: 129.58620366009393 and parameters: {'alpha_0': 0.0012251663268346316, 'alpha_1': 5.236702210269132e-05, 'alpha_2': 0.00011809147582818748, 'beta_0': 0.06962313264544405, 'beta_1': 14.98151298993698, 'beta_2': 0.21819196653122314, 'beta_3': 5.317147526980349, 'beta_4': 43.387900195486985}. Best is trial 207 with value: 127.29276447886771.
[I 2026-04-01 12:54:08,185] Trial 241 finished with value: 128.03785144354316 and parameters: {'alpha_0': 0.0011714624928208645, 'alpha_1': 5.01003277322441e-05, 'alpha_2': 0.00011625271527314655, 'beta_0': 0.06829437240572356, 'beta_1': 14.638010193953424, 'beta_2': 0.22576088615208867, 'beta_3': 5.716608360781857, 'beta_4': 42.84625259999531}. Best is trial 207 with value: 127.29276447886771.
[I 2026-04-01 12:54:24,650] Trial 242 finished with value: 129.12782250074724 and parameters: {'alpha_0': 0.0011742585794782695, 'alpha_1': 5.161694484128841e-05, 'alpha_2': 0.00011115255821764021, 'beta_0': 0.06177231447230884, 'beta_1': 14.69847651911284, 'beta_2': 0.22072202536439875, 'beta_3': 5.75082046409942, 'beta_4': 42.99411082969173}. Best is trial 207 with value: 127.29276447886771.
[I 2026-04-01 12:54:41,274] Trial 243 finished with value: 129.36658961526794 and parameters: {'alpha_0': 0.0011340179907841507, 'alpha_1': 5.1728704558116435e-05, 'alpha_2': 0.000116697568041489, 'beta_0': 0.06604335951774139, 'beta_1': 14.653397492660247, 'beta_2': 0.22491727474926168, 'beta_3': 5.543296897305646, 'beta_4': 43.85614874025697}. Best is trial 207 with value: 127.29276447886771.
[I 2026-04-01 12:54:57,714] Trial 244 finished with value: 132.31344696611654 and parameters: {'alpha_0': 0.0012218270086352804, 'alpha_1': 5.005287619404732e-05, 'alpha_2': 0.00011447059633747477, 'beta_0': 0.05868699061686887, 'beta_1': 11.131908536346035, 'beta_2': 0.22756661856457655, 'beta_3': 5.7182098807514, 'beta_4': 41.898560975885076}. Best is trial 207 with value: 127.29276447886771.
[I 2026-04-01 12:55:14,284] Trial 245 finished with value: 130.10851297870815 and parameters: {'alpha_0': 0.0011711122259723205, 'alpha_1': 5.363192755799248e-05, 'alpha_2': 0.0001109265795715334, 'beta_0': 0.06834158564628723, 'beta_1': 14.83459243195478, 'beta_2': 0.2263143910778515, 'beta_3': 5.893016251735186, 'beta_4': 42.65222143377261}. Best is trial 207 with value: 127.29276447886771.
[I 2026-04-01 12:55:30,849] Trial 246 finished with value: 127.73056914312417 and parameters: {'alpha_0': 0.0010893666590741844, 'alpha_1': 5.007327828929472e-05, 'alpha_2': 0.00011306498676614109, 'beta_0': 0.07422239233526667, 'beta_1': 14.990885252927834, 'beta_2': 0.2223347499770589, 'beta_3': 5.434773356064447, 'beta_4': 41.46456013933752}. Best is trial 207 with value: 127.29276447886771.
[I 2026-04-01 12:55:47,334] Trial 247 finished with value: 127.23598630728915 and parameters: {'alpha_0': 0.0010983123364095729, 'alpha_1': 5.0154260210325605e-05, 'alpha_2': 0.00011695685711853847, 'beta_0': 0.08098941244726678, 'beta_1': 14.99726193784647, 'beta_2': 0.22065474621627768, 'beta_3': 5.571723829399647, 'beta_4': 41.252150865458844}. Best is trial 247 with value: 127.23598630728915.
[I 2026-04-01 12:56:03,880] Trial 248 finished with value: 128.27662296586544 and parameters: {'alpha_0': 0.001107854666137562, 'alpha_1': 5.180262065549166e-05, 'alpha_2': 0.0001177936248632981, 'beta_0': 0.0813860744301566, 'beta_1': 14.98942983560773, 'beta_2': 0.22236638527558136, 'beta_3': 5.541479584768724, 'beta_4': 44.070815979646774}. Best is trial 247 with value: 127.23598630728915.
[I 2026-04-01 12:56:20,441] Trial 249 finished with value: 220.74912900891422 and parameters: {'alpha_0': 0.0009896083130519159, 'alpha_1': 0.00011356863596419001, 'alpha_2': 0.0001127836669347593, 'beta_0': 0.08470777178309627, 'beta_1': 14.98494012726208, 'beta_2': 0.21955910224521458, 'beta_3': 6.010636426391453, 'beta_4': 41.496769571371715}. Best is trial 247 with value: 127.23598630728915.
[I 2026-04-01 12:56:36,945] Trial 250 finished with value: 127.76265624191144 and parameters: {'alpha_0': 0.0011259382326809265, 'alpha_1': 5.0061278076572843e-05, 'alpha_2': 0.00011892406878271855, 'beta_0': 0.07815445385266735, 'beta_1': 14.821492680764326, 'beta_2': 0.21992902960947405, 'beta_3': 5.468895333115591, 'beta_4': 42.187103932587554}. Best is trial 247 with value: 127.23598630728915.
[I 2026-04-01 12:56:53,517] Trial 251 finished with value: 131.56366230822238 and parameters: {'alpha_0': 0.0011364480261787165, 'alpha_1': 5.504628080939101e-05, 'alpha_2': 0.0001178036397064864, 'beta_0': 0.07770763929513404, 'beta_1': 14.783262886727826, 'beta_2': 0.2171739954703529, 'beta_3': 5.717838719980481, 'beta_4': 42.34614546426265}. Best is trial 247 with value: 127.23598630728915.
