[I 2026-04-01 12:04:43,899] Trial 63 finished with value: 134.85903917584676 and parameters: {'alpha_0': 0.0020278334262668583, 'alpha_1': 5.8101264757304715e-05, 'alpha_2': 0.0001049477982370941, 'beta_0': 0.09788406535752847, 'beta_1': 13.990478769622317, 'beta_2': 0.2121691924918926, 'beta_3': 7.0808525910633895, 'beta_4': 28.8566859122761}. Best is trial 61 with value: 130.3248783790625.Best trial: 61. Best value: 130.325:   6%|▋         | 63/1000 [18:21<4:20:58, 16.71s/it]Best trial: 61. Best value: 130.325:   6%|▋         | 63/1000 [18:21<4:20:58, 16.71s/it]Best trial: 61. Best value: 130.325:   6%|▋         | 64/1000 [18:21<4:20:41, 16.71s/it]                                                                                        Best trial: 61. Best value: 130.325:   6%|▋         | 64/1000 [18:38<4:20:41, 16.71s/it]Best trial: 64. Best value: 129.546:   6%|▋         | 64/1000 [18:38<4:20:41, 16.71s/it]Best trial: 64. Best value: 129.546:   6%|▋         | 65/1000 [18:38<4:20:59, 16.75s/it]                                                                                        Best trial: 64. Best value: 129.546:   6%|▋         | 65/1000 [18:55<4:20:59, 16.75s/it]Best trial: 64. Best value: 129.546:   6%|▋         | 65/1000 [18:55<4:20:59, 16.75s/it]Best trial: 64. Best value: 129.546:   7%|▋         | 66/1000 [18:55<4:20:20, 16.72s/it]                                                                                        Best trial: 64. Best value: 129.546:   7%|▋         | 66/1000 [19:12<4:20:20, 16.72s/it]Best trial: 64. Best value: 129.546:   7%|▋         | 66/1000 [19:12<4:20:20, 16.72s/it]Best trial: 64. Best value: 129.546:   7%|▋         | 67/1000 [19:12<4:20:48, 16.77s/it]                                                                                        Best trial: 64. Best value: 129.546:   7%|▋         | 67/1000 [19:29<4:20:48, 16.77s/it]Best trial: 64. Best value: 129.546:   7%|▋         | 67/1000 [19:29<4:20:48, 16.77s/it]Best trial: 64. Best value: 129.546:   7%|▋         | 68/1000 [19:29<4:21:00, 16.80s/it]                                                                                        Best trial: 64. Best value: 129.546:   7%|▋         | 68/1000 [19:46<4:21:00, 16.80s/it]Best trial: 64. Best value: 129.546:   7%|▋         | 68/1000 [19:46<4:21:00, 16.80s/it]Best trial: 64. Best value: 129.546:   7%|▋         | 69/1000 [19:46<4:21:07, 16.83s/it]                                                                                        Best trial: 64. Best value: 129.546:   7%|▋         | 69/1000 [20:03<4:21:07, 16.83s/it]Best trial: 64. Best value: 129.546:   7%|▋         | 69/1000 [20:03<4:21:07, 16.83s/it]Best trial: 64. Best value: 129.546:   7%|▋         | 70/1000 [20:03<4:21:06, 16.85s/it]                                                                                        Best trial: 64. Best value: 129.546:   7%|▋         | 70/1000 [20:19<4:21:06, 16.85s/it]Best trial: 64. Best value: 129.546:   7%|▋         | 70/1000 [20:19<4:21:06, 16.85s/it]Best trial: 64. Best value: 129.546:   7%|▋         | 71/1000 [20:19<4:20:07, 16.80s/it]                                                                                        Best trial: 64. Best value: 129.546:   7%|▋         | 71/1000 [20:36<4:20:07, 16.80s/it]Best trial: 64. Best value: 129.546:   7%|▋         | 71/1000 [20:36<4:20:07, 16.80s/it]Best trial: 64. Best value: 129.546:   7%|▋         | 72/1000 [20:36<4:19:46, 16.80s/it]                                                                                        Best trial: 64. Best value: 129.546:   7%|▋         | 72/1000 [20:53<4:19:46, 16.80s/it]Best trial: 64. Best value: 129.546:   7%|▋         | 72/1000 [20:53<4:19:46, 16.80s/it]Best trial: 64. Best value: 129.546:   7%|▋         | 73/1000 [20:53<4:18:43, 16.75s/it]                                                                                        Best trial: 64. Best value: 129.546:   7%|▋         | 73/1000 [21:09<4:18:43, 16.75s/it]Best trial: 64. Best value: 129.546:   7%|▋         | 73/1000 [21:09<4:18:43, 16.75s/it]Best trial: 64. Best value: 129.546:   7%|▋         | 74/1000 [21:09<4:18:10, 16.73s/it]                                                                                        Best trial: 64. Best value: 129.546:   7%|▋         | 74/1000 [21:26<4:18:10, 16.73s/it]Best trial: 64. Best value: 129.546:   7%|▋         | 74/1000 [21:26<4:18:10, 16.73s/it]Best trial: 64. Best value: 129.546:   8%|▊         | 75/1000 [21:26<4:17:57, 16.73s/it]                                                                                        Best trial: 64. Best value: 129.546:   8%|▊         | 75/1000 [21:43<4:17:57, 16.73s/it]Best trial: 75. Best value: 129.31:   8%|▊         | 75/1000 [21:43<4:17:57, 16.73s/it] Best trial: 75. Best value: 129.31:   8%|▊         | 76/1000 [21:43<4:17:49, 16.74s/it]                                                                                       Best trial: 75. Best value: 129.31:   8%|▊         | 76/1000 [21:59<4:17:49, 16.74s/it]Best trial: 75. Best value: 129.31:   8%|▊         | 76/1000 [21:59<4:17:49, 16.74s/it]Best trial: 75. Best value: 129.31:   8%|▊         | 77/1000 [21:59<4:16:32, 16.68s/it]                                                                                       Best trial: 75. Best value: 129.31:   8%|▊         | 77/1000 [22:16<4:16:32, 16.68s/it]Best trial: 75. Best value: 129.31:   8%|▊         | 77/1000 [22:16<4:16:32, 16.68s/it]Best trial: 75. Best value: 129.31:   8%|▊         | 78/1000 [22:16<4:17:32, 16.76s/it]                                                                                       Best trial: 75. Best value: 129.31:   8%|▊         | 78/1000 [22:33<4:17:32, 16.76s/it]Best trial: 75. Best value: 129.31:   8%|▊         | 78/1000 [22:33<4:17:32, 16.76s/it]Best trial: 75. Best value: 129.31:   8%|▊         | 79/1000 [22:33<4:16:41, 16.72s/it]                                                                                       Best trial: 75. Best value: 129.31:   8%|▊         | 79/1000 [22:50<4:16:41, 16.72s/it]Best trial: 75. Best value: 129.31:   8%|▊         | 79/1000 [22:50<4:16:41, 16.72s/it]Best trial: 75. Best value: 129.31:   8%|▊         | 80/1000 [22:50<4:16:28, 16.73s/it]                                                                                       Best trial: 75. Best value: 129.31:   8%|▊         | 80/1000 [23:06<4:16:28, 16.73s/it]Best trial: 75. Best value: 129.31:   8%|▊         | 80/1000 [23:06<4:16:28, 16.73s/it]Best trial: 75. Best value: 129.31:   8%|▊         | 81/1000 [23:06<4:15:22, 16.67s/it]                                                                                       Best trial: 75. Best value: 129.31:   8%|▊         | 81/1000 [23:23<4:15:22, 16.67s/it]Best trial: 75. Best value: 129.31:   8%|▊         | 81/1000 [23:23<4:15:22, 16.67s/it]Best trial: 75. Best value: 129.31:   8%|▊         | 82/1000 [23:23<4:14:46, 16.65s/it]                                                                                       Best trial: 75. Best value: 129.31:   8%|▊         | 82/1000 [23:39<4:14:46, 16.65s/it]Best trial: 75. Best value: 129.31:   8%|▊         | 82/1000 [23:39<4:14:46, 16.65s/it]Best trial: 75. Best value: 129.31:   8%|▊         | 83/1000 [23:39<4:14:32, 16.66s/it]                                                                                       Best trial: 75. Best value: 129.31:   8%|▊         | 83/1000 [23:56<4:14:32, 16.66s/it]Best trial: 75. Best value: 129.31:   8%|▊         | 83/1000 [23:56<4:14:32, 16.66s/it]Best trial: 75. Best value: 129.31:   8%|▊         | 84/1000 [23:56<4:13:49, 16.63s/it]                                                                                       
[I 2026-04-01 12:05:00,731] Trial 64 finished with value: 129.54575052661875 and parameters: {'alpha_0': 0.0017324243405407475, 'alpha_1': 5.413757669973448e-05, 'alpha_2': 0.00011484448733667662, 'beta_0': 0.11072753251902097, 'beta_1': 14.898677791386548, 'beta_2': 0.20374476869355115, 'beta_3': 6.631490685641754, 'beta_4': 25.922292358257884}. Best is trial 64 with value: 129.54575052661875.
[I 2026-04-01 12:05:17,400] Trial 65 finished with value: 147.34979464571126 and parameters: {'alpha_0': 0.0019068624053484272, 'alpha_1': 6.714801411367655e-05, 'alpha_2': 0.00011540966193515997, 'beta_0': 0.11429221881971499, 'beta_1': 14.979032910021786, 'beta_2': 0.20278856215850177, 'beta_3': 6.528237803127886, 'beta_4': 27.05005359532233}. Best is trial 64 with value: 129.54575052661875.
[I 2026-04-01 12:05:34,285] Trial 66 finished with value: 130.8072522497846 and parameters: {'alpha_0': 0.0016982105091052145, 'alpha_1': 5.3399149115640335e-05, 'alpha_2': 0.00011255918857772405, 'beta_0': 0.12760876179519912, 'beta_1': 14.55774052554014, 'beta_2': 0.22217256684970196, 'beta_3': 6.705766668317809, 'beta_4': 26.18918449402588}. Best is trial 64 with value: 129.54575052661875.
[I 2026-04-01 12:05:51,161] Trial 67 finished with value: 183.97789884855314 and parameters: {'alpha_0': 0.0017229339949314765, 'alpha_1': 8.932904139557089e-05, 'alpha_2': 0.00011563370473448241, 'beta_0': 0.12362197092232151, 'beta_1': 14.403189422762352, 'beta_2': 0.22183337119481006, 'beta_3': 6.7688794951937385, 'beta_4': 29.575252307238156}. Best is trial 64 with value: 129.54575052661875.
[I 2026-04-01 12:06:08,048] Trial 68 finished with value: 131.8058604630999 and parameters: {'alpha_0': 0.0018912383403379468, 'alpha_1': 5.442933127168657e-05, 'alpha_2': 0.00011941638662815493, 'beta_0': 0.13374075065607066, 'beta_1': 13.602133755349755, 'beta_2': 0.23745363789102186, 'beta_3': 6.329338968133866, 'beta_4': 26.428460887064734}. Best is trial 64 with value: 129.54575052661875.
[I 2026-04-01 12:06:24,933] Trial 69 finished with value: 143.03970056207578 and parameters: {'alpha_0': 0.0017952523918332347, 'alpha_1': 6.25394784755195e-05, 'alpha_2': 0.00011199030581925873, 'beta_0': 0.14197359374636598, 'beta_1': 14.535451896349073, 'beta_2': 0.20933922812221092, 'beta_3': 6.6228858729233195, 'beta_4': 31.887286538942632}. Best is trial 64 with value: 129.54575052661875.
[I 2026-04-01 12:06:41,628] Trial 70 finished with value: 139.18524501052096 and parameters: {'alpha_0': 0.0016019372323016346, 'alpha_1': 6.044370331965061e-05, 'alpha_2': 0.00010663241720073021, 'beta_0': 0.12355840906593785, 'beta_1': 14.07796801874943, 'beta_2': 0.2154298542165747, 'beta_3': 7.104030867592999, 'beta_4': 27.746216717290377}. Best is trial 64 with value: 129.54575052661875.
[I 2026-04-01 12:06:58,412] Trial 71 finished with value: 131.1609620770507 and parameters: {'alpha_0': 0.001912233939568281, 'alpha_1': 5.374552557656537e-05, 'alpha_2': 0.00011851068306996644, 'beta_0': 0.10474777810379565, 'beta_1': 13.583340047897352, 'beta_2': 0.2378581306161568, 'beta_3': 6.338728344418028, 'beta_4': 26.508237870883843}. Best is trial 64 with value: 129.54575052661875.
[I 2026-04-01 12:07:15,041] Trial 72 finished with value: 130.82081630423195 and parameters: {'alpha_0': 0.0019014119627865575, 'alpha_1': 5.327453539343022e-05, 'alpha_2': 0.00011119004973188556, 'beta_0': 0.11014555325952385, 'beta_1': 13.477065595085413, 'beta_2': 0.24749219521524418, 'beta_3': 6.93816876354854, 'beta_4': 26.17386924220413}. Best is trial 64 with value: 129.54575052661875.
[I 2026-04-01 12:07:31,728] Trial 73 finished with value: 131.71378440128794 and parameters: {'alpha_0': 0.0018997736185177663, 'alpha_1': 5.402614335024512e-05, 'alpha_2': 0.00011106932202899206, 'beta_0': 0.10968490363020691, 'beta_1': 13.439535293237034, 'beta_2': 0.24853843300663245, 'beta_3': 6.8973417851639836, 'beta_4': 26.302409104964493}. Best is trial 64 with value: 129.54575052661875.
[I 2026-04-01 12:07:48,472] Trial 74 finished with value: 134.72088097176373 and parameters: {'alpha_0': 0.00165214067958785, 'alpha_1': 5.7209872991715546e-05, 'alpha_2': 0.00011323818373372668, 'beta_0': 0.10274764610149306, 'beta_1': 13.021277438276021, 'beta_2': 0.23411052319072917, 'beta_3': 7.208993895508323, 'beta_4': 27.985156600157232}. Best is trial 64 with value: 129.54575052661875.
[I 2026-04-01 12:08:05,235] Trial 75 finished with value: 129.31044877346943 and parameters: {'alpha_0': 0.0017852473992544349, 'alpha_1': 5.3562089584450054e-05, 'alpha_2': 0.0001071657277571418, 'beta_0': 0.11147500770292333, 'beta_1': 14.66120826808321, 'beta_2': 0.24292258900861582, 'beta_3': 6.673547186590406, 'beta_4': 25.394935730038107}. Best is trial 75 with value: 129.31044877346943.
[I 2026-04-01 12:08:21,760] Trial 76 finished with value: 145.31113896937887 and parameters: {'alpha_0': 0.0017729655408064296, 'alpha_1': 6.53423504155712e-05, 'alpha_2': 0.00010401841113101619, 'beta_0': 0.11257012180224965, 'beta_1': 14.275590456826782, 'beta_2': 0.24551804605885938, 'beta_3': 6.6728409089071485, 'beta_4': 25.138715222481263}. Best is trial 75 with value: 129.31044877346943.
[I 2026-04-01 12:08:38,712] Trial 77 finished with value: 208.15211412644067 and parameters: {'alpha_0': 0.0020335520362041635, 'alpha_1': 0.00010269280871767667, 'alpha_2': 0.00010875443451980101, 'beta_0': 0.1281778066320933, 'beta_1': 14.64781299247656, 'beta_2': 0.2297207906323954, 'beta_3': 7.015937436096162, 'beta_4': 22.314304328622043}. Best is trial 75 with value: 129.31044877346943.
[I 2026-04-01 12:08:55,348] Trial 78 finished with value: 134.1850708583355 and parameters: {'alpha_0': 0.0019800167632304136, 'alpha_1': 5.734502648809332e-05, 'alpha_2': 9.957904897261183e-05, 'beta_0': 0.12008847349850509, 'beta_1': 14.764552759631574, 'beta_2': 0.2412907559030723, 'beta_3': 6.16121410091181, 'beta_4': 24.97561420628587}. Best is trial 75 with value: 129.31044877346943.
[I 2026-04-01 12:09:12,086] Trial 79 finished with value: 138.997978464554 and parameters: {'alpha_0': 0.001672999384109935, 'alpha_1': 6.177646600611212e-05, 'alpha_2': 0.00010221722806195206, 'beta_0': 0.09614196306145692, 'beta_1': 14.195972180128013, 'beta_2': 0.2457461895117442, 'beta_3': 7.456214982786513, 'beta_4': 30.520046042290943}. Best is trial 75 with value: 129.31044877346943.
[I 2026-04-01 12:09:28,634] Trial 80 finished with value: 131.03098757294293 and parameters: {'alpha_0': 0.0021165222253928737, 'alpha_1': 5.311543729481571e-05, 'alpha_2': 9.684827342262844e-05, 'beta_0': 0.08743451944919951, 'beta_1': 13.854384329637885, 'beta_2': 0.22361117713581935, 'beta_3': 6.455611720323653, 'beta_4': 29.78021763721726}. Best is trial 75 with value: 129.31044877346943.
[I 2026-04-01 12:09:45,237] Trial 81 finished with value: 130.95345640807085 and parameters: {'alpha_0': 0.0021240730501552616, 'alpha_1': 5.281403156850742e-05, 'alpha_2': 9.762477262037188e-05, 'beta_0': 0.08503201881646896, 'beta_1': 13.841901413044848, 'beta_2': 0.2202855121930523, 'beta_3': 6.523532686109489, 'beta_4': 28.901451299273397}. Best is trial 75 with value: 129.31044877346943.
[I 2026-04-01 12:10:01,900] Trial 82 finished with value: 130.9779636213142 and parameters: {'alpha_0': 0.002152072847022636, 'alpha_1': 5.283369785683617e-05, 'alpha_2': 9.788129610737586e-05, 'beta_0': 0.10129315444231941, 'beta_1': 13.748869732736473, 'beta_2': 0.2250122998417458, 'beta_3': 6.485939429942544, 'beta_4': 29.175323225271548}. Best is trial 75 with value: 129.31044877346943.
[I 2026-04-01 12:10:18,456] Trial 83 finished with value: 135.46928023698288 and parameters: {'alpha_0': 0.002148025022644095, 'alpha_1': 5.904471183676601e-05, 'alpha_2': 0.00010981767748920767, 'beta_0': 0.10116443716230142, 'beta_1': 14.983115852931917, 'beta_2': 0.21942698288518292, 'beta_3': 6.713429692164824, 'beta_4': 28.68147312027735}. Best is trial 75 with value: 129.31044877346943.
