[I 2026-04-01 15:51:52,957] Trial 941 finished with value: 1000000.0 and parameters: {'alpha_0': 0.0005370875162842948, 'alpha_1': 5.15274268960379e-05, 'alpha_2': 9.953990858122345e-05, 'beta_0': 0.13793568322149996, 'beta_1': 14.998766152713403, 'beta_2': 0.19266034307887428, 'beta_3': 7.5667301067389205, 'beta_4': 48.922649054662095}. Best is trial 713 with value: 124.40682604489682.

⚠ Crash: alpha=[0.0005848516721834246, 5.3544268292610744e-05, 8.862368349006832e-05], beta=[0.12279736019086, 14.797808197654739, 0.1978896932302152, 7.696074010543343, 46.34677519835543], stderr=/opt/homebrew/Cellar/python@3.13/3.13.3_1/Frameworks/Python.framework/Versions/3.13/Resources/Python.app/Contents/MacOS/Python: can't open file '/Users/dipanwitaguhathakurta/Downloads/inference-sim-pa
[I 2026-04-01 15:51:53,014] Trial 942 finished with value: 1000000.0 and parameters: {'alpha_0': 0.0005848516721834246, 'alpha_1': 5.3544268292610744e-05, 'alpha_2': 8.862368349006832e-05, 'beta_0': 0.12279736019086, 'beta_1': 14.797808197654739, 'beta_2': 0.1978896932302152, 'beta_3': 7.696074010543343, 'beta_4': 46.34677519835543}. Best is trial 713 with value: 124.40682604489682.

⚠ Crash: alpha=[0.0006559601222831051, 5.757882395651338e-05, 0.00010471533027403291], beta=[0.11644134989029747, 14.478674266272156, 0.20254389940854137, 7.994266245562442, 48.34074106028874], stderr=/opt/homebrew/Cellar/python@3.13/3.13.3_1/Frameworks/Python.framework/Versions/3.13/Resources/Python.app/Contents/MacOS/Python: can't open file '/Users/dipanwitaguhathakurta/Downloads/inference-sim-pa
[I 2026-04-01 15:51:53,070] Trial 943 finished with value: 1000000.0 and parameters: {'alpha_0': 0.0006559601222831051, 'alpha_1': 5.757882395651338e-05, 'alpha_2': 0.00010471533027403291, 'beta_0': 0.11644134989029747, 'beta_1': 14.478674266272156, 'beta_2': 0.20254389940854137, 'beta_3': 7.994266245562442, 'beta_4': 48.34074106028874}. Best is trial 713 with value: 124.40682604489682.Best trial: 713. Best value: 124.407:  94%|█████████▍| 943/1000 [4:05:31<00:03, 18.89it/s]Best trial: 713. Best value: 124.407:  94%|█████████▍| 943/1000 [4:05:31<00:03, 18.89it/s]                                                                                          Best trial: 713. Best value: 124.407:  94%|█████████▍| 944/1000 [4:05:31<00:02, 18.89it/s]Best trial: 713. Best value: 124.407:  94%|█████████▍| 944/1000 [4:05:31<00:02, 18.89it/s]Best trial: 713. Best value: 124.407:  94%|█████████▍| 945/1000 [4:05:31<00:02, 19.14it/s]                                                                                          Best trial: 713. Best value: 124.407:  94%|█████████▍| 945/1000 [4:05:31<00:02, 19.14it/s]Best trial: 713. Best value: 124.407:  94%|█████████▍| 945/1000 [4:05:31<00:02, 19.14it/s]                                                                                          Best trial: 713. Best value: 124.407:  95%|█████████▍| 946/1000 [4:05:31<00:02, 19.14it/s]Best trial: 713. Best value: 124.407:  95%|█████████▍| 946/1000 [4:05:31<00:02, 19.14it/s]Best trial: 713. Best value: 124.407:  95%|█████████▍| 947/1000 [4:05:31<00:02, 19.00it/s]                                                                                          Best trial: 713. Best value: 124.407:  95%|█████████▍| 947/1000 [4:05:31<00:02, 19.00it/s]Best trial: 713. Best value: 124.407:  95%|█████████▍| 947/1000 [4:05:31<00:02, 19.00it/s]                                                                                          Best trial: 713. Best value: 124.407:  95%|█████████▍| 948/1000 [4:05:31<00:02, 19.00it/s]Best trial: 713. Best value: 124.407:  95%|█████████▍| 948/1000 [4:05:31<00:02, 19.00it/s]Best trial: 713. Best value: 124.407:  95%|█████████▍| 949/1000 [4:05:31<00:02, 18.83it/s]                                                                                          Best trial: 713. Best value: 124.407:  95%|█████████▍| 949/1000 [4:05:31<00:02, 18.83it/s]Best trial: 713. Best value: 124.407:  95%|█████████▍| 949/1000 [4:05:31<00:02, 18.83it/s]                                                                                          Best trial: 713. Best value: 124.407:  95%|█████████▌| 950/1000 [4:05:31<00:02, 18.83it/s]Best trial: 713. Best value: 124.407:  95%|█████████▌| 950/1000 [4:05:31<00:02, 18.83it/s]                                                                                          Best trial: 713. Best value: 124.407:  95%|█████████▌| 951/1000 [4:05:31<00:02, 18.83it/s]Best trial: 713. Best value: 124.407:  95%|█████████▌| 951/1000 [4:05:31<00:02, 18.83it/s]Best trial: 713. Best value: 124.407:  95%|█████████▌| 952/1000 [4:05:31<00:02, 19.11it/s]                                                                                          Best trial: 713. Best value: 124.407:  95%|█████████▌| 952/1000 [4:05:31<00:02, 19.11it/s]Best trial: 713. Best value: 124.407:  95%|█████████▌| 952/1000 [4:05:31<00:02, 19.11it/s]                                                                                          Best trial: 713. Best value: 124.407:  95%|█████████▌| 953/1000 [4:05:31<00:02, 19.11it/s]Best trial: 713. Best value: 124.407:  95%|█████████▌| 953/1000 [4:05:31<00:02, 19.11it/s]Best trial: 713. Best value: 124.407:  95%|█████████▌| 954/1000 [4:05:31<00:02, 18.90it/s]

⚠ Crash: alpha=[0.0006038187101099709, 5.535340121057067e-05, 0.00010151408596416542], beta=[0.14572638469118324, 14.795791510944541, 0.19618529667308102, 7.821790988267819, 47.10686136640413], stderr=/opt/homebrew/Cellar/python@3.13/3.13.3_1/Frameworks/Python.framework/Versions/3.13/Resources/Python.app/Contents/MacOS/Python: can't open file '/Users/dipanwitaguhathakurta/Downloads/inference-sim-pa
[I 2026-04-01 15:51:53,115] Trial 944 finished with value: 1000000.0 and parameters: {'alpha_0': 0.0006038187101099709, 'alpha_1': 5.535340121057067e-05, 'alpha_2': 0.00010151408596416542, 'beta_0': 0.14572638469118324, 'beta_1': 14.795791510944541, 'beta_2': 0.19618529667308102, 'beta_3': 7.821790988267819, 'beta_4': 47.10686136640413}. Best is trial 713 with value: 124.40682604489682.

⚠ Crash: alpha=[0.0005037497856427427, 5.006371343412701e-05, 0.00010761093554808774], beta=[0.1305358586583105, 14.148536401424536, 0.19403304484009148, 7.651648719223243, 45.7199506006102], stderr=/opt/homebrew/Cellar/python@3.13/3.13.3_1/Frameworks/Python.framework/Versions/3.13/Resources/Python.app/Contents/MacOS/Python: can't open file '/Users/dipanwitaguhathakurta/Downloads/inference-sim-pa
[I 2026-04-01 15:51:53,167] Trial 945 finished with value: 1000000.0 and parameters: {'alpha_0': 0.0005037497856427427, 'alpha_1': 5.006371343412701e-05, 'alpha_2': 0.00010761093554808774, 'beta_0': 0.1305358586583105, 'beta_1': 14.148536401424536, 'beta_2': 0.19403304484009148, 'beta_3': 7.651648719223243, 'beta_4': 45.7199506006102}. Best is trial 713 with value: 124.40682604489682.

⚠ Crash: alpha=[0.0005647172835697245, 5.3585154284963775e-05, 0.00010317556563796202], beta=[0.1280746231940044, 7.7882121694211826, 0.1912799529195524, 7.857913001425627, 47.66268176495992], stderr=/opt/homebrew/Cellar/python@3.13/3.13.3_1/Frameworks/Python.framework/Versions/3.13/Resources/Python.app/Contents/MacOS/Python: can't open file '/Users/dipanwitaguhathakurta/Downloads/inference-sim-pa
[I 2026-04-01 15:51:53,222] Trial 946 finished with value: 1000000.0 and parameters: {'alpha_0': 0.0005647172835697245, 'alpha_1': 5.3585154284963775e-05, 'alpha_2': 0.00010317556563796202, 'beta_0': 0.1280746231940044, 'beta_1': 7.7882121694211826, 'beta_2': 0.1912799529195524, 'beta_3': 7.857913001425627, 'beta_4': 47.66268176495992}. Best is trial 713 with value: 124.40682604489682.

⚠ Crash: alpha=[0.0007216207772644713, 5.3455746077750106e-05, 0.00010084281955347356], beta=[0.13520484855039955, 14.651643519724361, 0.1993884865615825, 7.750305741499199, 44.02491586147727], stderr=/opt/homebrew/Cellar/python@3.13/3.13.3_1/Frameworks/Python.framework/Versions/3.13/Resources/Python.app/Contents/MacOS/Python: can't open file '/Users/dipanwitaguhathakurta/Downloads/inference-sim-pa
[I 2026-04-01 15:51:53,274] Trial 947 finished with value: 1000000.0 and parameters: {'alpha_0': 0.0007216207772644713, 'alpha_1': 5.3455746077750106e-05, 'alpha_2': 0.00010084281955347356, 'beta_0': 0.13520484855039955, 'beta_1': 14.651643519724361, 'beta_2': 0.1993884865615825, 'beta_3': 7.750305741499199, 'beta_4': 44.02491586147727}. Best is trial 713 with value: 124.40682604489682.

⚠ Crash: alpha=[0.0006157063275797283, 5.14409818380839e-05, 0.00010592951709584436], beta=[0.12050724518024993, 14.410456289817297, 0.20429801589769186, 7.490206980357503, 46.27009809083411], stderr=/opt/homebrew/Cellar/python@3.13/3.13.3_1/Frameworks/Python.framework/Versions/3.13/Resources/Python.app/Contents/MacOS/Python: can't open file '/Users/dipanwitaguhathakurta/Downloads/inference-sim-pa
[I 2026-04-01 15:51:53,331] Trial 948 finished with value: 1000000.0 and parameters: {'alpha_0': 0.0006157063275797283, 'alpha_1': 5.14409818380839e-05, 'alpha_2': 0.00010592951709584436, 'beta_0': 0.12050724518024993, 'beta_1': 14.410456289817297, 'beta_2': 0.20429801589769186, 'beta_3': 7.490206980357503, 'beta_4': 46.27009809083411}. Best is trial 713 with value: 124.40682604489682.

⚠ Crash: alpha=[0.0006706474807007315, 5.618299539379179e-05, 0.00010437060344285672], beta=[0.10953748174949336, 14.817683455266994, 0.19701515338329498, 7.913775977168201, 45.08304892986448], stderr=/opt/homebrew/Cellar/python@3.13/3.13.3_1/Frameworks/Python.framework/Versions/3.13/Resources/Python.app/Contents/MacOS/Python: can't open file '/Users/dipanwitaguhathakurta/Downloads/inference-sim-pa
[I 2026-04-01 15:51:53,378] Trial 949 finished with value: 1000000.0 and parameters: {'alpha_0': 0.0006706474807007315, 'alpha_1': 5.618299539379179e-05, 'alpha_2': 0.00010437060344285672, 'beta_0': 0.10953748174949336, 'beta_1': 14.817683455266994, 'beta_2': 0.19701515338329498, 'beta_3': 7.913775977168201, 'beta_4': 45.08304892986448}. Best is trial 713 with value: 124.40682604489682.

⚠ Crash: alpha=[0.0005011345737367583, 5.1406245321797695e-05, 9.843898928966722e-05], beta=[0.12348425036860752, 14.575316428093819, 0.19294308121267434, 7.6095738587926816, 46.808390285633706], stderr=/opt/homebrew/Cellar/python@3.13/3.13.3_1/Frameworks/Python.framework/Versions/3.13/Resources/Python.app/Contents/MacOS/Python: can't open file '/Users/dipanwitaguhathakurta/Downloads/inference-sim-pa
[I 2026-04-01 15:51:53,429] Trial 950 finished with value: 1000000.0 and parameters: {'alpha_0': 0.0005011345737367583, 'alpha_1': 5.1406245321797695e-05, 'alpha_2': 9.843898928966722e-05, 'beta_0': 0.12348425036860752, 'beta_1': 14.575316428093819, 'beta_2': 0.19294308121267434, 'beta_3': 7.6095738587926816, 'beta_4': 46.808390285633706}. Best is trial 713 with value: 124.40682604489682.

⚠ Crash: alpha=[0.0005633483976161332, 5.343950605327905e-05, 0.00010149923741928456], beta=[0.1410261422368474, 14.999115489360683, 0.1900575124479486, 7.807686321333672, 49.36916863765814], stderr=/opt/homebrew/Cellar/python@3.13/3.13.3_1/Frameworks/Python.framework/Versions/3.13/Resources/Python.app/Contents/MacOS/Python: can't open file '/Users/dipanwitaguhathakurta/Downloads/inference-sim-pa
[I 2026-04-01 15:51:53,484] Trial 951 finished with value: 1000000.0 and parameters: {'alpha_0': 0.0005633483976161332, 'alpha_1': 5.343950605327905e-05, 'alpha_2': 0.00010149923741928456, 'beta_0': 0.1410261422368474, 'beta_1': 14.999115489360683, 'beta_2': 0.1900575124479486, 'beta_3': 7.807686321333672, 'beta_4': 49.36916863765814}. Best is trial 713 with value: 124.40682604489682.

⚠ Crash: alpha=[0.0006263276422590442, 5.4969796110755906e-05, 0.00010295543739893494], beta=[0.11476424019205907, 14.671234105982677, 0.24878083335869866, 7.730163283387929, 48.39978925567824], stderr=/opt/homebrew/Cellar/python@3.13/3.13.3_1/Frameworks/Python.framework/Versions/3.13/Resources/Python.app/Contents/MacOS/Python: can't open file '/Users/dipanwitaguhathakurta/Downloads/inference-sim-pa
[I 2026-04-01 15:51:53,538] Trial 952 finished with value: 1000000.0 and parameters: {'alpha_0': 0.0006263276422590442, 'alpha_1': 5.4969796110755906e-05, 'alpha_2': 0.00010295543739893494, 'beta_0': 0.11476424019205907, 'beta_1': 14.671234105982677, 'beta_2': 0.24878083335869866, 'beta_3': 7.730163283387929, 'beta_4': 48.39978925567824}. Best is trial 713 with value: 124.40682604489682.

⚠ Crash: alpha=[0.0005474791023018231, 5.008495198695828e-05, 9.953170983708168e-05], beta=[0.12649758739339736, 14.997716383096144, 0.19472413260594576, 4.246033550852401, 45.70973531057239], stderr=/opt/homebrew/Cellar/python@3.13/3.13.3_1/Frameworks/Python.framework/Versions/3.13/Resources/Python.app/Contents/MacOS/Python: can't open file '/Users/dipanwitaguhathakurta/Downloads/inference-sim-pa
[I 2026-04-01 15:51:53,593] Trial 953 finished with value: 1000000.0 and parameters: {'alpha_0': 0.0005474791023018231, 'alpha_1': 5.008495198695828e-05, 'alpha_2': 9.953170983708168e-05, 'beta_0': 0.12649758739339736, 'beta_1': 14.997716383096144, 'beta_2': 0.19472413260594576, 'beta_3': 4.246033550852401, 'beta_4': 45.70973531057239}. Best is trial 713 with value: 124.40682604489682.

⚠ Crash: alpha=[0.000595143336577343, 5.1609576173502437e-05, 0.0001049532664892746], beta=[0.1320372875772406, 14.351221453941667, 0.20065303276604074, 7.897122703760547, 47.27780516881484], stderr=/opt/homebrew/Cellar/python@3.13/3.13.3_1/Frameworks/Python.framework/Versions/3.13/Resources/Python.app/Contents/MacOS/Python: can't open file '/Users/dipanwitaguhathakurta/Downloads/inference-sim-pa                                                                                          Best trial: 713. Best value: 124.407:  95%|█████████▌| 954/1000 [4:05:31<00:02, 18.90it/s]Best trial: 713. Best value: 124.407:  95%|█████████▌| 954/1000 [4:05:31<00:02, 18.90it/s]                                                                                          Best trial: 713. Best value: 124.407:  96%|█████████▌| 955/1000 [4:05:31<00:02, 18.90it/s]Best trial: 713. Best value: 124.407:  96%|█████████▌| 955/1000 [4:05:31<00:02, 18.90it/s]Best trial: 713. Best value: 124.407:  96%|█████████▌| 956/1000 [4:05:31<00:02, 18.41it/s]                                                                                          Best trial: 713. Best value: 124.407:  96%|█████████▌| 956/1000 [4:05:31<00:02, 18.41it/s]Best trial: 713. Best value: 124.407:  96%|█████████▌| 956/1000 [4:05:31<00:02, 18.41it/s]                                                                                          Best trial: 713. Best value: 124.407:  96%|█████████▌| 957/1000 [4:05:31<00:02, 18.41it/s]Best trial: 713. Best value: 124.407:  96%|█████████▌| 957/1000 [4:05:31<00:02, 18.41it/s]Best trial: 713. Best value: 124.407:  96%|█████████▌| 958/1000 [4:05:31<00:02, 17.97it/s]                                                                                          Best trial: 713. Best value: 124.407:  96%|█████████▌| 958/1000 [4:05:31<00:02, 17.97it/s]Best trial: 713. Best value: 124.407:  96%|█████████▌| 958/1000 [4:05:31<00:02, 17.97it/s]                                                                                          Best trial: 713. Best value: 124.407:  96%|█████████▌| 959/1000 [4:05:32<00:02, 17.97it/s]Best trial: 713. Best value: 124.407:  96%|█████████▌| 959/1000 [4:05:32<00:02, 17.97it/s]                                                                                          Best trial: 713. Best value: 124.407:  96%|█████████▌| 960/1000 [4:05:32<00:02, 17.97it/s]Best trial: 713. Best value: 124.407:  96%|█████████▌| 960/1000 [4:05:32<00:02, 17.97it/s]Best trial: 713. Best value: 124.407:  96%|█████████▌| 961/1000 [4:05:32<00:02, 18.47it/s]                                                                                          Best trial: 713. Best value: 124.407:  96%|█████████▌| 961/1000 [4:05:32<00:02, 18.47it/s]Best trial: 713. Best value: 124.407:  96%|█████████▌| 961/1000 [4:05:32<00:02, 18.47it/s]                                                                                          Best trial: 713. Best value: 124.407:  96%|█████████▌| 962/1000 [4:05:32<00:02, 18.47it/s]Best trial: 713. Best value: 124.407:  96%|█████████▌| 962/1000 [4:05:32<00:02, 18.47it/s]Best trial: 713. Best value: 124.407:  96%|█████████▋| 963/1000 [4:05:32<00:02, 18.02it/s]                                                                                          Best trial: 713. Best value: 124.407:  96%|█████████▋| 963/1000 [4:05:32<00:02, 18.02it/s]Best trial: 713. Best value: 124.407:  96%|█████████▋| 963/1000 [4:05:32<00:02, 18.02it/s]                                                                                          
[I 2026-04-01 15:51:53,650] Trial 954 finished with value: 1000000.0 and parameters: {'alpha_0': 0.000595143336577343, 'alpha_1': 5.1609576173502437e-05, 'alpha_2': 0.0001049532664892746, 'beta_0': 0.1320372875772406, 'beta_1': 14.351221453941667, 'beta_2': 0.20065303276604074, 'beta_3': 7.897122703760547, 'beta_4': 47.27780516881484}. Best is trial 713 with value: 124.40682604489682.

⚠ Crash: alpha=[0.0006910598857389614, 5.857566288658055e-05, 0.00010243378262889946], beta=[0.11862997266132759, 14.82213728736591, 0.19814432491182057, 7.675172697117235, 44.61097230141933], stderr=/opt/homebrew/Cellar/python@3.13/3.13.3_1/Frameworks/Python.framework/Versions/3.13/Resources/Python.app/Contents/MacOS/Python: can't open file '/Users/dipanwitaguhathakurta/Downloads/inference-sim-pa
[I 2026-04-01 15:51:53,709] Trial 955 finished with value: 1000000.0 and parameters: {'alpha_0': 0.0006910598857389614, 'alpha_1': 5.857566288658055e-05, 'alpha_2': 0.00010243378262889946, 'beta_0': 0.11862997266132759, 'beta_1': 14.82213728736591, 'beta_2': 0.19814432491182057, 'beta_3': 7.675172697117235, 'beta_4': 44.61097230141933}. Best is trial 713 with value: 124.40682604489682.

⚠ Crash: alpha=[0.0006566573454658329, 5.3292321536648764e-05, 0.00010683567607423249], beta=[0.15272706297809213, 14.494075425399346, 0.1914758114778789, 7.994114686500346, 46.64354628199311], stderr=/opt/homebrew/Cellar/python@3.13/3.13.3_1/Frameworks/Python.framework/Versions/3.13/Resources/Python.app/Contents/MacOS/Python: can't open file '/Users/dipanwitaguhathakurta/Downloads/inference-sim-pa
[I 2026-04-01 15:51:53,768] Trial 956 finished with value: 1000000.0 and parameters: {'alpha_0': 0.0006566573454658329, 'alpha_1': 5.3292321536648764e-05, 'alpha_2': 0.00010683567607423249, 'beta_0': 0.15272706297809213, 'beta_1': 14.494075425399346, 'beta_2': 0.1914758114778789, 'beta_3': 7.994114686500346, 'beta_4': 46.64354628199311}. Best is trial 713 with value: 124.40682604489682.

⚠ Crash: alpha=[0.0005420868339284259, 5.66975983710246e-05, 0.00010026304091595498], beta=[0.1367918720057354, 14.662621382208865, 0.19594481101836, 7.544836575250642, 47.993542388241025], stderr=/opt/homebrew/Cellar/python@3.13/3.13.3_1/Frameworks/Python.framework/Versions/3.13/Resources/Python.app/Contents/MacOS/Python: can't open file '/Users/dipanwitaguhathakurta/Downloads/inference-sim-pa
[I 2026-04-01 15:51:53,827] Trial 957 finished with value: 1000000.0 and parameters: {'alpha_0': 0.0005420868339284259, 'alpha_1': 5.66975983710246e-05, 'alpha_2': 0.00010026304091595498, 'beta_0': 0.1367918720057354, 'beta_1': 14.662621382208865, 'beta_2': 0.19594481101836, 'beta_3': 7.544836575250642, 'beta_4': 47.993542388241025}. Best is trial 713 with value: 124.40682604489682.

⚠ Crash: alpha=[0.0005857092943408862, 5.162205058617267e-05, 0.00010380610540032691], beta=[0.14455313052268756, 14.155642652628721, 0.19343964015853257, 7.820124077966559, 45.887259148214426], stderr=/opt/homebrew/Cellar/python@3.13/3.13.3_1/Frameworks/Python.framework/Versions/3.13/Resources/Python.app/Contents/MacOS/Python: can't open file '/Users/dipanwitaguhathakurta/Downloads/inference-sim-pa
[I 2026-04-01 15:51:53,870] Trial 958 finished with value: 1000000.0 and parameters: {'alpha_0': 0.0005857092943408862, 'alpha_1': 5.162205058617267e-05, 'alpha_2': 0.00010380610540032691, 'beta_0': 0.14455313052268756, 'beta_1': 14.155642652628721, 'beta_2': 0.19343964015853257, 'beta_3': 7.820124077966559, 'beta_4': 45.887259148214426}. Best is trial 713 with value: 124.40682604489682.

⚠ Crash: alpha=[0.0007339718137620068, 7.168832527918948e-05, 0.00010185485693899987], beta=[0.12329710009794514, 14.81956124691156, 0.18887911012163305, 7.910915184854917, 45.21929422169372], stderr=/opt/homebrew/Cellar/python@3.13/3.13.3_1/Frameworks/Python.framework/Versions/3.13/Resources/Python.app/Contents/MacOS/Python: can't open file '/Users/dipanwitaguhathakurta/Downloads/inference-sim-pa
[I 2026-04-01 15:51:53,924] Trial 959 finished with value: 1000000.0 and parameters: {'alpha_0': 0.0007339718137620068, 'alpha_1': 7.168832527918948e-05, 'alpha_2': 0.00010185485693899987, 'beta_0': 0.12329710009794514, 'beta_1': 14.81956124691156, 'beta_2': 0.18887911012163305, 'beta_3': 7.910915184854917, 'beta_4': 45.21929422169372}. Best is trial 713 with value: 124.40682604489682.

⚠ Crash: alpha=[0.0006322273659717011, 5.003685717716085e-05, 9.687132275169775e-05], beta=[0.12836726356114012, 14.51214211667057, 0.20252315868388918, 7.72441558782201, 47.60417773390493], stderr=/opt/homebrew/Cellar/python@3.13/3.13.3_1/Frameworks/Python.framework/Versions/3.13/Resources/Python.app/Contents/MacOS/Python: can't open file '/Users/dipanwitaguhathakurta/Downloads/inference-sim-pa
