[I 2026-04-01 15:05:35,311] Trial 714 finished with value: 125.30235835740936 and parameters: {'alpha_0': 0.000576137307785222, 'alpha_1': 5.185349344852098e-05, 'alpha_2': 0.00010384440516361969, 'beta_0': 0.147573246467213, 'beta_1': 14.775077552657317, 'beta_2': 0.19273170164330525, 'beta_3': 7.763205972633713, 'beta_4': 46.56205141499677}. Best is trial 713 with value: 124.40682604489682.Best trial: 713. Best value: 124.407:  71%|███████▏  | 714/1000 [3:19:13<1:20:11, 16.82s/it]Best trial: 713. Best value: 124.407:  71%|███████▏  | 714/1000 [3:19:13<1:20:11, 16.82s/it]Best trial: 713. Best value: 124.407:  72%|███████▏  | 715/1000 [3:19:13<1:20:27, 16.94s/it]                                                                                            Best trial: 713. Best value: 124.407:  72%|███████▏  | 715/1000 [3:19:31<1:20:27, 16.94s/it]Best trial: 713. Best value: 124.407:  72%|███████▏  | 715/1000 [3:19:31<1:20:27, 16.94s/it]Best trial: 713. Best value: 124.407:  72%|███████▏  | 716/1000 [3:19:31<1:22:21, 17.40s/it]                                                                                            Best trial: 713. Best value: 124.407:  72%|███████▏  | 716/1000 [3:19:48<1:22:21, 17.40s/it]Best trial: 713. Best value: 124.407:  72%|███████▏  | 716/1000 [3:19:48<1:22:21, 17.40s/it]Best trial: 713. Best value: 124.407:  72%|███████▏  | 717/1000 [3:19:48<1:21:25, 17.26s/it]                                                                                            Best trial: 713. Best value: 124.407:  72%|███████▏  | 717/1000 [3:20:05<1:21:25, 17.26s/it]Best trial: 713. Best value: 124.407:  72%|███████▏  | 717/1000 [3:20:05<1:21:25, 17.26s/it]Best trial: 713. Best value: 124.407:  72%|███████▏  | 718/1000 [3:20:05<1:20:46, 17.19s/it]                                                                                            Best trial: 713. Best value: 124.407:  72%|███████▏  | 718/1000 [3:20:22<1:20:46, 17.19s/it]Best trial: 713. Best value: 124.407:  72%|███████▏  | 718/1000 [3:20:22<1:20:46, 17.19s/it]Best trial: 713. Best value: 124.407:  72%|███████▏  | 719/1000 [3:20:22<1:20:05, 17.10s/it]                                                                                            Best trial: 713. Best value: 124.407:  72%|███████▏  | 719/1000 [3:20:39<1:20:05, 17.10s/it]Best trial: 713. Best value: 124.407:  72%|███████▏  | 719/1000 [3:20:39<1:20:05, 17.10s/it]Best trial: 713. Best value: 124.407:  72%|███████▏  | 720/1000 [3:20:39<1:19:29, 17.03s/it]                                                                                            Best trial: 713. Best value: 124.407:  72%|███████▏  | 720/1000 [3:20:56<1:19:29, 17.03s/it]Best trial: 713. Best value: 124.407:  72%|███████▏  | 720/1000 [3:20:56<1:19:29, 17.03s/it]Best trial: 713. Best value: 124.407:  72%|███████▏  | 721/1000 [3:20:56<1:19:07, 17.02s/it]                                                                                            Best trial: 713. Best value: 124.407:  72%|███████▏  | 721/1000 [3:21:13<1:19:07, 17.02s/it]Best trial: 713. Best value: 124.407:  72%|███████▏  | 721/1000 [3:21:13<1:19:07, 17.02s/it]Best trial: 713. Best value: 124.407:  72%|███████▏  | 722/1000 [3:21:13<1:18:34, 16.96s/it]                                                                                            Best trial: 713. Best value: 124.407:  72%|███████▏  | 722/1000 [3:21:30<1:18:34, 16.96s/it]Best trial: 713. Best value: 124.407:  72%|███████▏  | 722/1000 [3:21:30<1:18:34, 16.96s/it]Best trial: 713. Best value: 124.407:  72%|███████▏  | 723/1000 [3:21:30<1:18:18, 16.96s/it]                                                                                            Best trial: 713. Best value: 124.407:  72%|███████▏  | 723/1000 [3:21:47<1:18:18, 16.96s/it]Best trial: 713. Best value: 124.407:  72%|███████▏  | 723/1000 [3:21:47<1:18:18, 16.96s/it]Best trial: 713. Best value: 124.407:  72%|███████▏  | 724/1000 [3:21:47<1:17:54, 16.94s/it]                                                                                            Best trial: 713. Best value: 124.407:  72%|███████▏  | 724/1000 [3:22:04<1:17:54, 16.94s/it]Best trial: 713. Best value: 124.407:  72%|███████▏  | 724/1000 [3:22:04<1:17:54, 16.94s/it]Best trial: 713. Best value: 124.407:  72%|███████▎  | 725/1000 [3:22:04<1:17:35, 16.93s/it]                                                                                            Best trial: 713. Best value: 124.407:  72%|███████▎  | 725/1000 [3:22:21<1:17:35, 16.93s/it]Best trial: 713. Best value: 124.407:  72%|███████▎  | 725/1000 [3:22:21<1:17:35, 16.93s/it]Best trial: 713. Best value: 124.407:  73%|███████▎  | 726/1000 [3:22:21<1:17:23, 16.95s/it]                                                                                            Best trial: 713. Best value: 124.407:  73%|███████▎  | 726/1000 [3:22:38<1:17:23, 16.95s/it]Best trial: 713. Best value: 124.407:  73%|███████▎  | 726/1000 [3:22:38<1:17:23, 16.95s/it]Best trial: 713. Best value: 124.407:  73%|███████▎  | 727/1000 [3:22:38<1:17:13, 16.97s/it]                                                                                            Best trial: 713. Best value: 124.407:  73%|███████▎  | 727/1000 [3:22:55<1:17:13, 16.97s/it]Best trial: 713. Best value: 124.407:  73%|███████▎  | 727/1000 [3:22:55<1:17:13, 16.97s/it]Best trial: 713. Best value: 124.407:  73%|███████▎  | 728/1000 [3:22:55<1:17:11, 17.03s/it]                                                                                            Best trial: 713. Best value: 124.407:  73%|███████▎  | 728/1000 [3:23:12<1:17:11, 17.03s/it]Best trial: 713. Best value: 124.407:  73%|███████▎  | 728/1000 [3:23:12<1:17:11, 17.03s/it]Best trial: 713. Best value: 124.407:  73%|███████▎  | 729/1000 [3:23:12<1:16:41, 16.98s/it]                                                                                            Best trial: 713. Best value: 124.407:  73%|███████▎  | 729/1000 [3:23:29<1:16:41, 16.98s/it]Best trial: 713. Best value: 124.407:  73%|███████▎  | 729/1000 [3:23:29<1:16:41, 16.98s/it]Best trial: 713. Best value: 124.407:  73%|███████▎  | 730/1000 [3:23:29<1:16:26, 16.99s/it]                                                                                            Best trial: 713. Best value: 124.407:  73%|███████▎  | 730/1000 [3:23:46<1:16:26, 16.99s/it]Best trial: 713. Best value: 124.407:  73%|███████▎  | 730/1000 [3:23:46<1:16:26, 16.99s/it]Best trial: 713. Best value: 124.407:  73%|███████▎  | 731/1000 [3:23:46<1:16:07, 16.98s/it]                                                                                            Best trial: 713. Best value: 124.407:  73%|███████▎  | 731/1000 [3:24:03<1:16:07, 16.98s/it]Best trial: 713. Best value: 124.407:  73%|███████▎  | 731/1000 [3:24:03<1:16:07, 16.98s/it]Best trial: 713. Best value: 124.407:  73%|███████▎  | 732/1000 [3:24:03<1:15:53, 16.99s/it]                                                                                            Best trial: 713. Best value: 124.407:  73%|███████▎  | 732/1000 [3:24:20<1:15:53, 16.99s/it]Best trial: 713. Best value: 124.407:  73%|███████▎  | 732/1000 [3:24:20<1:15:53, 16.99s/it]Best trial: 713. Best value: 124.407:  73%|███████▎  | 733/1000 [3:24:20<1:15:30, 16.97s/it]                                                                                            Best trial: 713. Best value: 124.407:  73%|███████▎  | 733/1000 [3:24:37<1:15:30, 16.97s/it]Best trial: 713. Best value: 124.407:  73%|███████▎  | 733/1000 [3:24:37<1:15:30, 16.97s/it]Best trial: 713. Best value: 124.407:  73%|███████▎  | 734/1000 [3:24:37<1:15:18, 16.99s/it]                                                                                            Best trial: 713. Best value: 124.407:  73%|███████▎  | 734/1000 [3:24:53<1:15:18, 16.99s/it]Best trial: 713. Best value: 124.407:  73%|███████▎  | 734/1000 [3:24:53<1:15:18, 16.99s/it]Best trial: 713. Best value: 124.407:  74%|███████▎  | 735/1000 [3:24:53<1:14:43, 16.92s/it]                                                                                            
[I 2026-04-01 15:05:53,788] Trial 715 finished with value: 135.67370941299072 and parameters: {'alpha_0': 0.0005796835729692756, 'alpha_1': 5.3208144024668686e-05, 'alpha_2': 0.0001039218812402237, 'beta_0': 0.1529302316322166, 'beta_1': 6.372327936998264, 'beta_2': 0.19200033439905514, 'beta_3': 7.487185852835611, 'beta_4': 46.23708632214112}. Best is trial 713 with value: 124.40682604489682.
[I 2026-04-01 15:06:10,731] Trial 716 finished with value: 131.21129058825667 and parameters: {'alpha_0': 0.0005600335975384476, 'alpha_1': 5.630668367826464e-05, 'alpha_2': 0.00010232282335833995, 'beta_0': 0.13880925943242878, 'beta_1': 14.787750689114254, 'beta_2': 0.19721942084168934, 'beta_3': 7.783553166353502, 'beta_4': 46.74896284488358}. Best is trial 713 with value: 124.40682604489682.
[I 2026-04-01 15:06:27,734] Trial 717 finished with value: 124.70578718810535 and parameters: {'alpha_0': 0.0006071989952817458, 'alpha_1': 5.181455458936197e-05, 'alpha_2': 0.00010399221007893563, 'beta_0': 0.12720147172781957, 'beta_1': 14.830464792905637, 'beta_2': 0.19179619013935026, 'beta_3': 7.801445126028753, 'beta_4': 47.35138480152355}. Best is trial 713 with value: 124.40682604489682.
[I 2026-04-01 15:06:44,646] Trial 718 finished with value: 129.18956158319972 and parameters: {'alpha_0': 0.0006374362433830273, 'alpha_1': 5.52604190983287e-05, 'alpha_2': 0.00010331324438914047, 'beta_0': 0.14180366404103245, 'beta_1': 14.994844848546995, 'beta_2': 0.19495842476046826, 'beta_3': 7.961587486950759, 'beta_4': 45.369935749764295}. Best is trial 713 with value: 124.40682604489682.
[I 2026-04-01 15:07:01,516] Trial 719 finished with value: 127.65012237130269 and parameters: {'alpha_0': 0.0006051852727287285, 'alpha_1': 5.3103441009994056e-05, 'alpha_2': 0.00010124624959933198, 'beta_0': 0.1333943917985348, 'beta_1': 14.994505964476682, 'beta_2': 0.1917542041056437, 'beta_3': 7.7105342154382015, 'beta_4': 47.36419464725152}. Best is trial 713 with value: 124.40682604489682.
[I 2026-04-01 15:07:18,489] Trial 720 finished with value: 130.29734087861877 and parameters: {'alpha_0': 0.0006475982650856372, 'alpha_1': 5.687177396632194e-05, 'alpha_2': 0.00010458200501363196, 'beta_0': 0.13618938406072276, 'beta_1': 14.981704216277498, 'beta_2': 0.1929796843110444, 'beta_3': 7.8031263276615865, 'beta_4': 46.6825968045879}. Best is trial 713 with value: 124.40682604489682.
[I 2026-04-01 15:07:35,311] Trial 721 finished with value: 133.46665104162423 and parameters: {'alpha_0': 0.000609157860750401, 'alpha_1': 5.916060720452941e-05, 'alpha_2': 9.96774928195341e-05, 'beta_0': 0.12146123771891994, 'beta_1': 14.99476868576652, 'beta_2': 0.1919457802452861, 'beta_3': 7.994933188102678, 'beta_4': 47.431743465343935}. Best is trial 713 with value: 124.40682604489682.
[I 2026-04-01 15:07:52,289] Trial 722 finished with value: 126.41601466757426 and parameters: {'alpha_0': 0.0006457889081492779, 'alpha_1': 5.2372957714105665e-05, 'alpha_2': 0.00010389644127568686, 'beta_0': 0.12568701916978903, 'beta_1': 14.999463808500709, 'beta_2': 0.19580942774982132, 'beta_3': 7.726501165861835, 'beta_4': 47.442016873174666}. Best is trial 713 with value: 124.40682604489682.
[I 2026-04-01 15:08:09,167] Trial 723 finished with value: 129.21750112948683 and parameters: {'alpha_0': 0.0006070656322598657, 'alpha_1': 5.506059589836119e-05, 'alpha_2': 0.00010350171198593162, 'beta_0': 0.12684369063565482, 'beta_1': 14.999126071969435, 'beta_2': 0.1966610276169656, 'beta_3': 7.676188729544255, 'beta_4': 46.869545268994386}. Best is trial 713 with value: 124.40682604489682.
[I 2026-04-01 15:08:26,071] Trial 724 finished with value: 127.36112378950024 and parameters: {'alpha_0': 0.0006394023854958258, 'alpha_1': 5.343416248218692e-05, 'alpha_2': 0.00010219665057848848, 'beta_0': 0.12895406934061815, 'beta_1': 14.803730823038705, 'beta_2': 0.19920583225928643, 'beta_3': 7.827802801251943, 'beta_4': 46.252742090219975}. Best is trial 713 with value: 124.40682604489682.
[I 2026-04-01 15:08:43,059] Trial 725 finished with value: 131.51776939557715 and parameters: {'alpha_0': 0.0005534776848019196, 'alpha_1': 5.70926735954309e-05, 'alpha_2': 0.00010407132906764985, 'beta_0': 0.13910842082379896, 'beta_1': 14.783670176386018, 'beta_2': 0.1959181269158945, 'beta_3': 7.741937983893748, 'beta_4': 47.502552747213606}. Best is trial 713 with value: 124.40682604489682.
[I 2026-04-01 15:09:00,099] Trial 726 finished with value: 124.86632401137943 and parameters: {'alpha_0': 0.0006052249585059966, 'alpha_1': 5.1945895207411494e-05, 'alpha_2': 0.000100241443279683, 'beta_0': 0.14544215302417512, 'beta_1': 14.998136229564805, 'beta_2': 0.19449570169909522, 'beta_3': 7.896747894640077, 'beta_4': 47.24433003269272}. Best is trial 713 with value: 124.40682604489682.
[I 2026-04-01 15:09:17,250] Trial 727 finished with value: 137.6395630373895 and parameters: {'alpha_0': 0.0005845042505189168, 'alpha_1': 6.003665145094216e-05, 'alpha_2': 9.736078700620424e-05, 'beta_0': 0.14995291749833572, 'beta_1': 14.998151242450696, 'beta_2': 0.1942407472516033, 'beta_3': 7.8762102658784725, 'beta_4': 47.15972570664864}. Best is trial 713 with value: 124.40682604489682.
[I 2026-04-01 15:09:34,116] Trial 728 finished with value: 129.01154356834815 and parameters: {'alpha_0': 0.0005459995097556716, 'alpha_1': 5.510436005018218e-05, 'alpha_2': 0.0001003722474829646, 'beta_0': 0.14319231148073183, 'beta_1': 14.81288743565935, 'beta_2': 0.20187880474653586, 'beta_3': 7.614049778996757, 'beta_4': 46.40612367623319}. Best is trial 713 with value: 124.40682604489682.
[I 2026-04-01 15:09:51,119] Trial 729 finished with value: 127.21692241988629 and parameters: {'alpha_0': 0.0005923796549024616, 'alpha_1': 5.342469792326246e-05, 'alpha_2': 0.00010565431850237689, 'beta_0': 0.12995263126211018, 'beta_1': 14.99429193294784, 'beta_2': 0.19765847351236393, 'beta_3': 7.890865232509121, 'beta_4': 47.41719975536314}. Best is trial 713 with value: 124.40682604489682.
[I 2026-04-01 15:10:08,089] Trial 730 finished with value: 131.3923329961317 and parameters: {'alpha_0': 0.000661203517180472, 'alpha_1': 5.7527006210571926e-05, 'alpha_2': 9.933458799716605e-05, 'beta_0': 0.13618303364686718, 'beta_1': 14.796997925252054, 'beta_2': 0.19418177736913106, 'beta_3': 7.783072503735469, 'beta_4': 46.57324508565447}. Best is trial 713 with value: 124.40682604489682.
[I 2026-04-01 15:10:25,096] Trial 731 finished with value: 125.55053428902812 and parameters: {'alpha_0': 0.000537716668688543, 'alpha_1': 5.199703209225619e-05, 'alpha_2': 0.00010181560483437556, 'beta_0': 0.12484421338431696, 'beta_1': 14.809043636319045, 'beta_2': 0.19593626620077975, 'beta_3': 7.5981221825178045, 'beta_4': 45.581712993157566}. Best is trial 713 with value: 124.40682604489682.
[I 2026-04-01 15:10:42,014] Trial 732 finished with value: 127.7155112050005 and parameters: {'alpha_0': 0.000537598185832831, 'alpha_1': 5.490735340946542e-05, 'alpha_2': 9.682666783698279e-05, 'beta_0': 0.145824841277001, 'beta_1': 14.991923885722171, 'beta_2': 0.19665536769546188, 'beta_3': 7.818744198222022, 'beta_4': 45.71580923359528}. Best is trial 713 with value: 124.40682604489682.
[I 2026-04-01 15:10:59,044] Trial 733 finished with value: 130.5190217808847 and parameters: {'alpha_0': 0.0005323469505670995, 'alpha_1': 5.613374240790215e-05, 'alpha_2': 0.00010190144035344617, 'beta_0': 0.12405221107827293, 'beta_1': 14.811310916619638, 'beta_2': 0.198278203652724, 'beta_3': 7.63881938103173, 'beta_4': 46.23761774929658}. Best is trial 713 with value: 124.40682604489682.
[I 2026-04-01 15:11:15,805] Trial 734 finished with value: 126.81530199468278 and parameters: {'alpha_0': 0.0005634740268353133, 'alpha_1': 5.3292837110832344e-05, 'alpha_2': 0.00010064448528794365, 'beta_0': 0.12510848254543153, 'beta_1': 14.809932642598081, 'beta_2': 0.19550575352854502, 'beta_3': 7.68196393574472, 'beta_4': 45.201778622513466}. Best is trial 713 with value: 124.40682604489682.
