[I 2026-04-01 15:51:51,061] Trial 903 finished with value: 1000000.0 and parameters: {'alpha_0': 0.0006036911830034971, 'alpha_1': 5.4115373791949595e-05, 'alpha_2': 9.987193151227662e-05, 'beta_0': 0.1396350845263601, 'beta_1': 14.836695233822764, 'beta_2': 0.19620383222089557, 'beta_3': 7.993616950772056, 'beta_4': 44.49179946056254}. Best is trial 713 with value: 124.40682604489682.

⚠ Crash: alpha=[0.0005401039899258308, 7.432198992633148e-05, 0.0001029918234093656], beta=[0.15211228177176683, 14.571852072079656, 0.19861837016453024, 7.727811545969301, 45.54547344668282], stderr=/opt/homebrew/Cellar/python@3.13/3.13.3_1/Frameworks/Python.framework/Versions/3.13/Resources/Python.app/Contents/MacOS/Python: can't open file '/Users/dipanwitaguhathakurta/Downloads/inference-sim-pa
[I 2026-04-01 15:51:51,111] Trial 904 finished with value: 1000000.0 and parameters: {'alpha_0': 0.0005401039899258308, 'alpha_1': 7.432198992633148e-05, 'alpha_2': 0.0001029918234093656, 'beta_0': 0.15211228177176683, 'beta_1': 14.571852072079656, 'beta_2': 0.19861837016453024, 'beta_3': 7.727811545969301, 'beta_4': 45.54547344668282}. Best is trial 713 with value: 124.40682604489682.

⚠ Crash: alpha=[0.0007169961267080454, 5.569992515740004e-05, 0.00010589696900945441], beta=[0.13272157151213076, 14.332898114730572, 0.19022475915501105, 7.884159157566738, 44.047023657714526], stderr=/opt/homebrew/Cellar/python@3.13/3.13.3_1/Frameworks/Python.framework/Versions/3.13/Resources/Python.app/Contents/MacOS/Python: can't open file '/Users/dipanwitaguhathakurta/Downloads/inference-sim-pa
[I 2026-04-01 15:51:51,160] Trial 905 finished with value: 1000000.0 and parameters: {'alpha_0': 0.0007169961267080454, 'alpha_1': 5.569992515740004e-05, 'alpha_2': 0.00010589696900945441, 'beta_0': 0.13272157151213076, 'beta_1': 14.332898114730572, 'beta_2': 0.19022475915501105, 'beta_3': 7.884159157566738, 'beta_4': 44.047023657714526}. Best is trial 713 with value: 124.40682604489682.

⚠ Crash: alpha=[0.000664468272399054, 6.20076955809223e-05, 0.00010126965597852327], beta=[0.21524510179324952, 14.809420109530636, 0.20044619700751706, 7.776521858382498, 47.66992508646675], stderr=/opt/homebrew/Cellar/python@3.13/3.13.3_1/Frameworks/Python.framework/Versions/3.13/Resources/Python.app/Contents/MacOS/Python: can't open file '/Users/dipanwitaguhathakurta/Downloads/inference-sim-pa
[I 2026-04-01 15:51:51,207] Trial 906 finished with value: 1000000.0 and parameters: {'alpha_0': 0.000664468272399054, 'alpha_1': 6.20076955809223e-05, 'alpha_2': 0.00010126965597852327, 'beta_0': 0.21524510179324952, 'beta_1': 14.809420109530636, 'beta_2': 0.20044619700751706, 'beta_3': 7.776521858382498, 'beta_4': 47.66992508646675}. Best is trial 713 with value: 124.40682604489682.

⚠ Crash: alpha=[0.0005804248228906585, 5.159191739108635e-05, 0.0001038611506390115], beta=[0.14693328280778575, 14.637458674699058, 0.19437156250707238, 7.631481294603194, 46.37374884150118], stderr=/opt/homebrew/Cellar/python@3.13/3.13.3_1/Frameworks/Python.framework/Versions/3.13/Resources/Python.app/Contents/MacOS/Python: can't open file '/Users/dipanwitaguhathakurta/Downloads/inference-sim-pa
[I 2026-04-01 15:51:51,254] Trial 907 finished with value: 1000000.0 and parameters: {'alpha_0': 0.0005804248228906585, 'alpha_1': 5.159191739108635e-05, 'alpha_2': 0.0001038611506390115, 'beta_0': 0.14693328280778575, 'beta_1': 14.637458674699058, 'beta_2': 0.19437156250707238, 'beta_3': 7.631481294603194, 'beta_4': 46.37374884150118}. Best is trial 713 with value: 124.40682604489682.

⚠ Crash: alpha=[0.0006252978944949521, 5.3777657517897446e-05, 9.848563734487931e-05], beta=[0.1278454931255863, 14.83612175131552, 0.1962952990059982, 7.997408211007395, 48.79434534335491], stderr=/opt/homebrew/Cellar/python@3.13/3.13.3_1/Frameworks/Python.framework/Versions/3.13/Resources/Python.app/Contents/MacOS/Python: can't open file '/Users/dipanwitaguhathakurta/Downloads/inference-sim-pa
[I 2026-04-01 15:51:51,305] Trial 908 finished with value: 1000000.0 and parameters: {'alpha_0': 0.0006252978944949521, 'alpha_1': 5.3777657517897446e-05, 'alpha_2': 9.848563734487931e-05, 'beta_0': 0.1278454931255863, 'beta_1': 14.83612175131552, 'beta_2': 0.1962952990059982, 'beta_3': 7.997408211007395, 'beta_4': 48.79434534335491}. Best is trial 713 with value: 124.40682604489682.

⚠ Crash: alpha=[0.0005367140154024317, 5.1991002043151615e-05, 0.00010189306962433869], beta=[0.11677506571949732, 14.463040497293742, 0.19279899761009667, 7.696969827034964, 45.210485205719436], stderr=/opt/homebrew/Cellar/python@3.13/3.13.3_1/Frameworks/Python.framework/Versions/3.13/Resources/Python.app/Contents/MacOS/Python: can't open file '/Users/dipanwitaguhathakurta/Downloads/inference-sim-pa
[I 2026-04-01 15:51:51,356] Trial 909 finished with value: 1000000.0 and parameters: {'alpha_0': 0.0005367140154024317, 'alpha_1': 5.1991002043151615e-05, 'alpha_2': 0.00010189306962433869, 'beta_0': 0.11677506571949732, 'beta_1': 14.463040497293742, 'beta_2': 0.19279899761009667, 'beta_3': 7.696969827034964, 'beta_4': 45.210485205719436}. Best is trial 713 with value: 124.40682604489682.

⚠ Crash: alpha=[0.0005989424661224708, 5.1677030236710014e-05, 0.00010457719025161371], beta=[0.12535179988571704, 14.152785812724035, 0.20127473928732192, 7.865528959085383, 46.89966386730274], stderr=/opt/homebrew/Cellar/python@3.13/3.13.3_1/Frameworks/Python.framework/Versions/3.13/Resources/Python.app/Contents/MacOS/Python: can't open file '/Users/dipanwitaguhathakurta/Downloads/inference-sim-pa
[I 2026-04-01 15:51:51,407] Trial 910 finished with value: 1000000.0 and parameters: {'alpha_0': 0.0005989424661224708, 'alpha_1': 5.1677030236710014e-05, 'alpha_2': 0.00010457719025161371, 'beta_0': 0.12535179988571704, 'beta_1': 14.152785812724035, 'beta_2': 0.20127473928732192, 'beta_3': 7.865528959085383, 'beta_4': 46.89966386730274}. Best is trial 713 with value: 124.40682604489682.

⚠ Crash: alpha=[0.0006819187933609566, 5.3875679084088504e-05, 0.00010014496689111006], beta=[0.14193150376991567, 14.83679246570476, 0.1903434671187882, 7.513209769321421, 46.23801845877501], stderr=/opt/homebrew/Cellar/python@3.13/3.13.3_1/Frameworks/Python.framework/Versions/3.13/Resources/Python.app/Contents/MacOS/Python: can't open file '/Users/dipanwitaguhathakurta/Downloads/inference-sim-pa
[I 2026-04-01 15:51:51,459] Trial 911 finished with value: 1000000.0 and parameters: {'alpha_0': 0.0006819187933609566, 'alpha_1': 5.3875679084088504e-05, 'alpha_2': 0.00010014496689111006, 'beta_0': 0.14193150376991567, 'beta_1': 14.83679246570476, 'beta_2': 0.1903434671187882, 'beta_3': 7.513209769321421, 'beta_4': 46.23801845877501}. Best is trial 713 with value: 124.40682604489682.

⚠ Crash: alpha=[0.0006311968427041612, 5.591662211749155e-05, 0.00010711133320726546], beta=[0.1350845603211483, 14.603604084485532, 0.19840582935434528, 7.788910968097029, 47.86664063794001], stderr=/opt/homebrew/Cellar/python@3.13/3.13.3_1/Frameworks/Python.framework/Versions/3.13/Resources/Python.app/Contents/MacOS/Python: can't open file '/Users/dipanwitaguhathakurta/Downloads/inference-sim-pa                                                                                          Best trial: 713. Best value: 124.407:  91%|█████████ | 912/1000 [4:05:29<00:07, 11.32it/s]Best trial: 713. Best value: 124.407:  91%|█████████ | 912/1000 [4:05:29<00:07, 11.32it/s]                                                                                          Best trial: 713. Best value: 124.407:  91%|█████████▏| 913/1000 [4:05:29<00:07, 11.32it/s]Best trial: 713. Best value: 124.407:  91%|█████████▏| 913/1000 [4:05:29<00:07, 11.32it/s]Best trial: 713. Best value: 124.407:  91%|█████████▏| 914/1000 [4:05:29<00:06, 12.74it/s]                                                                                          Best trial: 713. Best value: 124.407:  91%|█████████▏| 914/1000 [4:05:29<00:06, 12.74it/s]Best trial: 713. Best value: 124.407:  91%|█████████▏| 914/1000 [4:05:29<00:06, 12.74it/s]                                                                                          Best trial: 713. Best value: 124.407:  92%|█████████▏| 915/1000 [4:05:29<00:06, 12.74it/s]Best trial: 713. Best value: 124.407:  92%|█████████▏| 915/1000 [4:05:29<00:06, 12.74it/s]                                                                                          Best trial: 713. Best value: 124.407:  92%|█████████▏| 916/1000 [4:05:29<00:06, 12.74it/s]Best trial: 713. Best value: 124.407:  92%|█████████▏| 916/1000 [4:05:29<00:06, 12.74it/s]Best trial: 713. Best value: 124.407:  92%|█████████▏| 917/1000 [4:05:29<00:05, 14.70it/s]                                                                                          Best trial: 713. Best value: 124.407:  92%|█████████▏| 917/1000 [4:05:29<00:05, 14.70it/s]Best trial: 713. Best value: 124.407:  92%|█████████▏| 917/1000 [4:05:29<00:05, 14.70it/s]                                                                                          Best trial: 713. Best value: 124.407:  92%|█████████▏| 918/1000 [4:05:29<00:05, 14.70it/s]Best trial: 713. Best value: 124.407:  92%|█████████▏| 918/1000 [4:05:29<00:05, 14.70it/s]Best trial: 713. Best value: 124.407:  92%|█████████▏| 919/1000 [4:05:29<00:05, 15.44it/s]                                                                                          Best trial: 713. Best value: 124.407:  92%|█████████▏| 919/1000 [4:05:29<00:05, 15.44it/s]Best trial: 713. Best value: 124.407:  92%|█████████▏| 919/1000 [4:05:29<00:05, 15.44it/s]                                                                                          Best trial: 713. Best value: 124.407:  92%|█████████▏| 920/1000 [4:05:30<00:05, 15.44it/s]Best trial: 713. Best value: 124.407:  92%|█████████▏| 920/1000 [4:05:30<00:05, 15.44it/s]Best trial: 713. Best value: 124.407:  92%|█████████▏| 921/1000 [4:05:30<00:04, 16.27it/s]                                                                                          Best trial: 713. Best value: 124.407:  92%|█████████▏| 921/1000 [4:05:30<00:04, 16.27it/s]Best trial: 713. Best value: 124.407:  92%|█████████▏| 921/1000 [4:05:30<00:04, 16.27it/s]                                                                                          
[I 2026-04-01 15:51:51,513] Trial 912 finished with value: 1000000.0 and parameters: {'alpha_0': 0.0006311968427041612, 'alpha_1': 5.591662211749155e-05, 'alpha_2': 0.00010711133320726546, 'beta_0': 0.1350845603211483, 'beta_1': 14.603604084485532, 'beta_2': 0.19840582935434528, 'beta_3': 7.788910968097029, 'beta_4': 47.86664063794001}. Best is trial 713 with value: 124.40682604489682.

⚠ Crash: alpha=[0.0005408356792322021, 5.379913123850562e-05, 0.00010262460228615743], beta=[0.1207250969992751, 14.304487971563638, 0.19532555063744872, 7.885324365657438, 45.85944923240865], stderr=/opt/homebrew/Cellar/python@3.13/3.13.3_1/Frameworks/Python.framework/Versions/3.13/Resources/Python.app/Contents/MacOS/Python: can't open file '/Users/dipanwitaguhathakurta/Downloads/inference-sim-pa
[I 2026-04-01 15:51:51,566] Trial 913 finished with value: 1000000.0 and parameters: {'alpha_0': 0.0005408356792322021, 'alpha_1': 5.379913123850562e-05, 'alpha_2': 0.00010262460228615743, 'beta_0': 0.1207250969992751, 'beta_1': 14.304487971563638, 'beta_2': 0.19532555063744872, 'beta_3': 7.885324365657438, 'beta_4': 45.85944923240865}. Best is trial 713 with value: 124.40682604489682.

⚠ Crash: alpha=[0.000577635767483888, 5.1780136185629345e-05, 0.00010583191619527756], beta=[0.1642056936581304, 14.995937003129985, 0.19266164845328443, 7.632089805891131, 47.26371666235548], stderr=/opt/homebrew/Cellar/python@3.13/3.13.3_1/Frameworks/Python.framework/Versions/3.13/Resources/Python.app/Contents/MacOS/Python: can't open file '/Users/dipanwitaguhathakurta/Downloads/inference-sim-pa
[I 2026-04-01 15:51:51,613] Trial 914 finished with value: 1000000.0 and parameters: {'alpha_0': 0.000577635767483888, 'alpha_1': 5.1780136185629345e-05, 'alpha_2': 0.00010583191619527756, 'beta_0': 0.1642056936581304, 'beta_1': 14.995937003129985, 'beta_2': 0.19266164845328443, 'beta_3': 7.632089805891131, 'beta_4': 47.26371666235548}. Best is trial 713 with value: 124.40682604489682.

⚠ Crash: alpha=[0.0007268730058667141, 5.162667464707652e-05, 9.672945529060902e-05], beta=[0.13083448469022443, 14.999171609459971, 0.197351880769238, 7.753038267180935, 48.41198452739997], stderr=/opt/homebrew/Cellar/python@3.13/3.13.3_1/Frameworks/Python.framework/Versions/3.13/Resources/Python.app/Contents/MacOS/Python: can't open file '/Users/dipanwitaguhathakurta/Downloads/inference-sim-pa
[I 2026-04-01 15:51:51,666] Trial 915 finished with value: 1000000.0 and parameters: {'alpha_0': 0.0007268730058667141, 'alpha_1': 5.162667464707652e-05, 'alpha_2': 9.672945529060902e-05, 'beta_0': 0.13083448469022443, 'beta_1': 14.999171609459971, 'beta_2': 0.197351880769238, 'beta_3': 7.753038267180935, 'beta_4': 48.41198452739997}. Best is trial 713 with value: 124.40682604489682.

⚠ Crash: alpha=[0.0006431581010732922, 5.890231095157865e-05, 0.00010368712351298013], beta=[0.11276844429184509, 14.667318182452599, 0.19428525645573239, 7.893944177821237, 45.450326168524654], stderr=/opt/homebrew/Cellar/python@3.13/3.13.3_1/Frameworks/Python.framework/Versions/3.13/Resources/Python.app/Contents/MacOS/Python: can't open file '/Users/dipanwitaguhathakurta/Downloads/inference-sim-pa
[I 2026-04-01 15:51:51,719] Trial 916 finished with value: 1000000.0 and parameters: {'alpha_0': 0.0006431581010732922, 'alpha_1': 5.890231095157865e-05, 'alpha_2': 0.00010368712351298013, 'beta_0': 0.11276844429184509, 'beta_1': 14.667318182452599, 'beta_2': 0.19428525645573239, 'beta_3': 7.893944177821237, 'beta_4': 45.450326168524654}. Best is trial 713 with value: 124.40682604489682.

⚠ Crash: alpha=[0.0005827887226234384, 5.695003903564605e-05, 9.9622542917475e-05], beta=[0.12442127001792351, 14.494803406770213, 0.18940950781875013, 7.565775221893043, 46.582471857621854], stderr=/opt/homebrew/Cellar/python@3.13/3.13.3_1/Frameworks/Python.framework/Versions/3.13/Resources/Python.app/Contents/MacOS/Python: can't open file '/Users/dipanwitaguhathakurta/Downloads/inference-sim-pa
[I 2026-04-01 15:51:51,775] Trial 917 finished with value: 1000000.0 and parameters: {'alpha_0': 0.0005827887226234384, 'alpha_1': 5.695003903564605e-05, 'alpha_2': 9.9622542917475e-05, 'beta_0': 0.12442127001792351, 'beta_1': 14.494803406770213, 'beta_2': 0.18940950781875013, 'beta_3': 7.565775221893043, 'beta_4': 46.582471857621854}. Best is trial 713 with value: 124.40682604489682.

⚠ Crash: alpha=[0.0005390717395202495, 5.3807851171646615e-05, 0.0001014378312312041], beta=[0.12039283838320647, 14.808753279384629, 0.19210631511949694, 7.693497525298175, 44.87396527776995], stderr=/opt/homebrew/Cellar/python@3.13/3.13.3_1/Frameworks/Python.framework/Versions/3.13/Resources/Python.app/Contents/MacOS/Python: can't open file '/Users/dipanwitaguhathakurta/Downloads/inference-sim-pa
[I 2026-04-01 15:51:51,830] Trial 918 finished with value: 1000000.0 and parameters: {'alpha_0': 0.0005390717395202495, 'alpha_1': 5.3807851171646615e-05, 'alpha_2': 0.0001014378312312041, 'beta_0': 0.12039283838320647, 'beta_1': 14.808753279384629, 'beta_2': 0.19210631511949694, 'beta_3': 7.693497525298175, 'beta_4': 44.87396527776995}. Best is trial 713 with value: 124.40682604489682.

⚠ Crash: alpha=[0.0006151249825093497, 5.133984101991543e-05, 0.00010535044820676697], beta=[0.204014374828859, 14.71558383555624, 0.20127909282860157, 7.779212576211424, 47.16032559615676], stderr=/opt/homebrew/Cellar/python@3.13/3.13.3_1/Frameworks/Python.framework/Versions/3.13/Resources/Python.app/Contents/MacOS/Python: can't open file '/Users/dipanwitaguhathakurta/Downloads/inference-sim-pa
[I 2026-04-01 15:51:51,883] Trial 919 finished with value: 1000000.0 and parameters: {'alpha_0': 0.0006151249825093497, 'alpha_1': 5.133984101991543e-05, 'alpha_2': 0.00010535044820676697, 'beta_0': 0.204014374828859, 'beta_1': 14.71558383555624, 'beta_2': 0.20127909282860157, 'beta_3': 7.779212576211424, 'beta_4': 47.16032559615676}. Best is trial 713 with value: 124.40682604489682.

⚠ Crash: alpha=[0.0006802644721187078, 5.481208665001388e-05, 0.00010258363106082071], beta=[0.13786021490221112, 10.591810028831656, 0.19698969185551302, 7.873007035325671, 47.71955466983322], stderr=/opt/homebrew/Cellar/python@3.13/3.13.3_1/Frameworks/Python.framework/Versions/3.13/Resources/Python.app/Contents/MacOS/Python: can't open file '/Users/dipanwitaguhathakurta/Downloads/inference-sim-pa
[I 2026-04-01 15:51:51,936] Trial 920 finished with value: 1000000.0 and parameters: {'alpha_0': 0.0006802644721187078, 'alpha_1': 5.481208665001388e-05, 'alpha_2': 0.00010258363106082071, 'beta_0': 0.13786021490221112, 'beta_1': 10.591810028831656, 'beta_2': 0.19698969185551302, 'beta_3': 7.873007035325671, 'beta_4': 47.71955466983322}. Best is trial 713 with value: 124.40682604489682.

⚠ Crash: alpha=[0.000574024096571676, 5.15729078685942e-05, 0.00010755736015252277], beta=[0.1452365673490687, 14.439446449716172, 0.19934348769659174, 7.99381458715068, 45.908690312668504], stderr=/opt/homebrew/Cellar/python@3.13/3.13.3_1/Frameworks/Python.framework/Versions/3.13/Resources/Python.app/Contents/MacOS/Python: can't open file '/Users/dipanwitaguhathakurta/Downloads/inference-sim-pa
[I 2026-04-01 15:51:51,993] Trial 921 finished with value: 1000000.0 and parameters: {'alpha_0': 0.000574024096571676, 'alpha_1': 5.15729078685942e-05, 'alpha_2': 0.00010755736015252277, 'beta_0': 0.1452365673490687, 'beta_1': 14.439446449716172, 'beta_2': 0.19934348769659174, 'beta_3': 7.99381458715068, 'beta_4': 45.908690312668504}. Best is trial 713 with value: 124.40682604489682.

⚠ Crash: alpha=[0.0006425279487295129, 5.344163060608807e-05, 0.00010375148211489295], beta=[0.1294848398168845, 14.230589488385768, 0.19456223545802948, 7.42248601591184, 46.69003414761068], stderr=/opt/homebrew/Cellar/python@3.13/3.13.3_1/Frameworks/Python.framework/Versions/3.13/Resources/Python.app/Contents/MacOS/Python: can't open file '/Users/dipanwitaguhathakurta/Downloads/inference-sim-pa
