[I 2026-04-01 12:16:26,502] Trial 105 finished with value: 128.53632754535994 and parameters: {'alpha_0': 0.0019514713281514949, 'alpha_1': 5.0177663368429006e-05, 'alpha_2': 0.00010676850981600891, 'beta_0': 0.09316574629632297, 'beta_1': 14.287154523095042, 'beta_2': 0.23170711768288332, 'beta_3': 5.729924890918496, 'beta_4': 26.91050786118098}. Best is trial 105 with value: 128.53632754535994.Best trial: 75. Best value: 129.31:  10%|█         | 105/1000 [30:04<4:08:41, 16.67s/it]Best trial: 105. Best value: 128.536:  10%|█         | 105/1000 [30:04<4:08:41, 16.67s/it]Best trial: 105. Best value: 128.536:  11%|█         | 106/1000 [30:04<4:07:44, 16.63s/it]                                                                                          Best trial: 105. Best value: 128.536:  11%|█         | 106/1000 [30:21<4:07:44, 16.63s/it]Best trial: 105. Best value: 128.536:  11%|█         | 106/1000 [30:21<4:07:44, 16.63s/it]Best trial: 105. Best value: 128.536:  11%|█         | 107/1000 [30:21<4:08:03, 16.67s/it]                                                                                          Best trial: 105. Best value: 128.536:  11%|█         | 107/1000 [30:38<4:08:03, 16.67s/it]Best trial: 105. Best value: 128.536:  11%|█         | 107/1000 [30:38<4:08:03, 16.67s/it]Best trial: 105. Best value: 128.536:  11%|█         | 108/1000 [30:38<4:08:53, 16.74s/it]                                                                                          Best trial: 105. Best value: 128.536:  11%|█         | 108/1000 [30:54<4:08:53, 16.74s/it]Best trial: 108. Best value: 128.135:  11%|█         | 108/1000 [30:54<4:08:53, 16.74s/it]Best trial: 108. Best value: 128.135:  11%|█         | 109/1000 [30:54<4:08:07, 16.71s/it]                                                                                          Best trial: 108. Best value: 128.135:  11%|█         | 109/1000 [31:11<4:08:07, 16.71s/it]Best trial: 108. Best value: 128.135:  11%|█         | 109/1000 [31:11<4:08:07, 16.71s/it]Best trial: 108. Best value: 128.135:  11%|█         | 110/1000 [31:11<4:07:40, 16.70s/it]                                                                                          Best trial: 108. Best value: 128.135:  11%|█         | 110/1000 [31:28<4:07:40, 16.70s/it]Best trial: 108. Best value: 128.135:  11%|█         | 110/1000 [31:28<4:07:40, 16.70s/it]Best trial: 108. Best value: 128.135:  11%|█         | 111/1000 [31:28<4:06:34, 16.64s/it]                                                                                          Best trial: 108. Best value: 128.135:  11%|█         | 111/1000 [31:44<4:06:34, 16.64s/it]Best trial: 108. Best value: 128.135:  11%|█         | 111/1000 [31:44<4:06:34, 16.64s/it]Best trial: 108. Best value: 128.135:  11%|█         | 112/1000 [31:44<4:05:59, 16.62s/it]                                                                                          Best trial: 108. Best value: 128.135:  11%|█         | 112/1000 [32:01<4:05:59, 16.62s/it]Best trial: 108. Best value: 128.135:  11%|█         | 112/1000 [32:01<4:05:59, 16.62s/it]Best trial: 108. Best value: 128.135:  11%|█▏        | 113/1000 [32:01<4:06:57, 16.71s/it]                                                                                          Best trial: 108. Best value: 128.135:  11%|█▏        | 113/1000 [32:18<4:06:57, 16.71s/it]Best trial: 108. Best value: 128.135:  11%|█▏        | 113/1000 [32:18<4:06:57, 16.71s/it]Best trial: 108. Best value: 128.135:  11%|█▏        | 114/1000 [32:18<4:05:56, 16.66s/it]                                                                                          Best trial: 108. Best value: 128.135:  11%|█▏        | 114/1000 [32:34<4:05:56, 16.66s/it]Best trial: 114. Best value: 127.842:  11%|█▏        | 114/1000 [32:34<4:05:56, 16.66s/it]Best trial: 114. Best value: 127.842:  12%|█▏        | 115/1000 [32:34<4:06:17, 16.70s/it]                                                                                          Best trial: 114. Best value: 127.842:  12%|█▏        | 115/1000 [32:51<4:06:17, 16.70s/it]Best trial: 114. Best value: 127.842:  12%|█▏        | 115/1000 [32:51<4:06:17, 16.70s/it]Best trial: 114. Best value: 127.842:  12%|█▏        | 116/1000 [32:51<4:05:25, 16.66s/it]                                                                                          Best trial: 114. Best value: 127.842:  12%|█▏        | 116/1000 [33:07<4:05:25, 16.66s/it]Best trial: 114. Best value: 127.842:  12%|█▏        | 116/1000 [33:07<4:05:25, 16.66s/it]Best trial: 114. Best value: 127.842:  12%|█▏        | 117/1000 [33:07<4:04:34, 16.62s/it]                                                                                          Best trial: 114. Best value: 127.842:  12%|█▏        | 117/1000 [33:24<4:04:34, 16.62s/it]Best trial: 114. Best value: 127.842:  12%|█▏        | 117/1000 [33:24<4:04:34, 16.62s/it]Best trial: 114. Best value: 127.842:  12%|█▏        | 118/1000 [33:24<4:03:54, 16.59s/it]                                                                                          Best trial: 114. Best value: 127.842:  12%|█▏        | 118/1000 [33:41<4:03:54, 16.59s/it]Best trial: 114. Best value: 127.842:  12%|█▏        | 118/1000 [33:41<4:03:54, 16.59s/it]Best trial: 114. Best value: 127.842:  12%|█▏        | 119/1000 [33:41<4:04:05, 16.62s/it]                                                                                          Best trial: 114. Best value: 127.842:  12%|█▏        | 119/1000 [33:57<4:04:05, 16.62s/it]Best trial: 114. Best value: 127.842:  12%|█▏        | 119/1000 [33:57<4:04:05, 16.62s/it]Best trial: 114. Best value: 127.842:  12%|█▏        | 120/1000 [33:57<4:04:08, 16.65s/it]                                                                                          Best trial: 114. Best value: 127.842:  12%|█▏        | 120/1000 [34:14<4:04:08, 16.65s/it]Best trial: 114. Best value: 127.842:  12%|█▏        | 120/1000 [34:14<4:04:08, 16.65s/it]Best trial: 114. Best value: 127.842:  12%|█▏        | 121/1000 [34:14<4:03:57, 16.65s/it]                                                                                          Best trial: 114. Best value: 127.842:  12%|█▏        | 121/1000 [34:31<4:03:57, 16.65s/it]Best trial: 114. Best value: 127.842:  12%|█▏        | 121/1000 [34:31<4:03:57, 16.65s/it]Best trial: 114. Best value: 127.842:  12%|█▏        | 122/1000 [34:31<4:04:12, 16.69s/it]                                                                                          Best trial: 114. Best value: 127.842:  12%|█▏        | 122/1000 [34:47<4:04:12, 16.69s/it]Best trial: 114. Best value: 127.842:  12%|█▏        | 122/1000 [34:47<4:04:12, 16.69s/it]Best trial: 114. Best value: 127.842:  12%|█▏        | 123/1000 [34:47<4:03:28, 16.66s/it]                                                                                          Best trial: 114. Best value: 127.842:  12%|█▏        | 123/1000 [35:04<4:03:28, 16.66s/it]Best trial: 114. Best value: 127.842:  12%|█▏        | 123/1000 [35:04<4:03:28, 16.66s/it]Best trial: 114. Best value: 127.842:  12%|█▏        | 124/1000 [35:04<4:02:57, 16.64s/it]                                                                                          Best trial: 114. Best value: 127.842:  12%|█▏        | 124/1000 [35:21<4:02:57, 16.64s/it]Best trial: 114. Best value: 127.842:  12%|█▏        | 124/1000 [35:21<4:02:57, 16.64s/it]Best trial: 114. Best value: 127.842:  12%|█▎        | 125/1000 [35:21<4:02:21, 16.62s/it]                                                                                          Best trial: 114. Best value: 127.842:  12%|█▎        | 125/1000 [35:37<4:02:21, 16.62s/it]Best trial: 114. Best value: 127.842:  12%|█▎        | 125/1000 [35:37<4:02:21, 16.62s/it]Best trial: 114. Best value: 127.842:  13%|█▎        | 126/1000 [35:37<4:03:18, 16.70s/it]                                                                                          
[I 2026-04-01 12:16:43,261] Trial 106 finished with value: 129.27541824755235 and parameters: {'alpha_0': 0.0019595099002480206, 'alpha_1': 5.050406873183455e-05, 'alpha_2': 0.00010728723302869926, 'beta_0': 0.09511125349881035, 'beta_1': 14.253454871387413, 'beta_2': 0.2269301705014149, 'beta_3': 5.646206727493067, 'beta_4': 26.86210261225338}. Best is trial 105 with value: 128.53632754535994.
[I 2026-04-01 12:17:00,177] Trial 107 finished with value: 129.13764541552405 and parameters: {'alpha_0': 0.002212305411679286, 'alpha_1': 5.002519592305653e-05, 'alpha_2': 0.00010291792481429779, 'beta_0': 0.09364790033690182, 'beta_1': 14.278078253138153, 'beta_2': 0.23242018892908894, 'beta_3': 5.666452722045101, 'beta_4': 26.920139037068406}. Best is trial 105 with value: 128.53632754535994.
[I 2026-04-01 12:17:16,810] Trial 108 finished with value: 128.1353350241929 and parameters: {'alpha_0': 0.0020631001175488036, 'alpha_1': 5.004715995003531e-05, 'alpha_2': 0.00010296754930997783, 'beta_0': 0.09672130614404884, 'beta_1': 14.32347951154346, 'beta_2': 0.23222142095547504, 'beta_3': 5.944106481737319, 'beta_4': 27.675072750586974}. Best is trial 108 with value: 128.1353350241929.
[I 2026-04-01 12:17:33,480] Trial 109 finished with value: 128.47260005405434 and parameters: {'alpha_0': 0.002208550479404168, 'alpha_1': 5.006425598744661e-05, 'alpha_2': 0.00010326529532714758, 'beta_0': 0.09461014944293852, 'beta_1': 14.314521768589367, 'beta_2': 0.23608387799402344, 'beta_3': 5.77952284318017, 'beta_4': 31.004754705361357}. Best is trial 108 with value: 128.1353350241929.
[I 2026-04-01 12:17:49,994] Trial 110 finished with value: 136.68730109027328 and parameters: {'alpha_0': 0.0021005755198418965, 'alpha_1': 5.852262777314394e-05, 'alpha_2': 0.00010708705982879678, 'beta_0': 0.09405751894864331, 'beta_1': 14.29314533774095, 'beta_2': 0.23700783469788017, 'beta_3': 5.871299486166053, 'beta_4': 32.66452269487596}. Best is trial 108 with value: 128.1353350241929.
[I 2026-04-01 12:18:06,565] Trial 111 finished with value: 216.1732230841265 and parameters: {'alpha_0': 0.0022179772782014956, 'alpha_1': 0.00010804941400693015, 'alpha_2': 0.0001033961789774062, 'beta_0': 0.09916765108166688, 'beta_1': 14.053804975753351, 'beta_2': 0.2263915203094953, 'beta_3': 5.730165607588251, 'beta_4': 27.427761657582284}. Best is trial 108 with value: 128.1353350241929.
[I 2026-04-01 12:18:23,466] Trial 112 finished with value: 128.25260697093154 and parameters: {'alpha_0': 0.0020480487865021644, 'alpha_1': 5.030321984529466e-05, 'alpha_2': 0.00010218317822134364, 'beta_0': 0.105522724810472, 'beta_1': 14.355451582269605, 'beta_2': 0.23546241953067776, 'beta_3': 5.48502522323177, 'beta_4': 26.943360442918426}. Best is trial 108 with value: 128.1353350241929.
[I 2026-04-01 12:18:40,006] Trial 113 finished with value: 129.03989543314293 and parameters: {'alpha_0': 0.0020688102369276476, 'alpha_1': 5.024381538930111e-05, 'alpha_2': 9.963830816340413e-05, 'beta_0': 0.09506763149433627, 'beta_1': 14.37796864051183, 'beta_2': 0.23212629270095897, 'beta_3': 5.531352907888477, 'beta_4': 31.07256955033506}. Best is trial 108 with value: 128.1353350241929.
[I 2026-04-01 12:18:56,802] Trial 114 finished with value: 127.84211324922374 and parameters: {'alpha_0': 0.002263050412270558, 'alpha_1': 5.096632614546907e-05, 'alpha_2': 0.00010975136994225436, 'beta_0': 0.10543195419437904, 'beta_1': 14.986403643942836, 'beta_2': 0.23551122211106976, 'beta_3': 5.389525526536483, 'beta_4': 30.28393141899482}. Best is trial 114 with value: 127.84211324922374.
[I 2026-04-01 12:19:13,367] Trial 115 finished with value: 128.26077357620485 and parameters: {'alpha_0': 0.0020605608411913986, 'alpha_1': 5.0378578714856985e-05, 'alpha_2': 0.00010978314786433696, 'beta_0': 0.10833835723042885, 'beta_1': 14.973236769907707, 'beta_2': 0.23546938347446836, 'beta_3': 5.474452403156882, 'beta_4': 31.605263996759557}. Best is trial 114 with value: 127.84211324922374.
[I 2026-04-01 12:19:29,895] Trial 116 finished with value: 128.0960465345663 and parameters: {'alpha_0': 0.0020643457196413036, 'alpha_1': 5.0261795482246946e-05, 'alpha_2': 0.00010991014810025806, 'beta_0': 0.10635935543188037, 'beta_1': 14.928582327240774, 'beta_2': 0.24029588820282113, 'beta_3': 5.45873373082202, 'beta_4': 31.33698416097919}. Best is trial 114 with value: 127.84211324922374.
[I 2026-04-01 12:19:46,426] Trial 117 finished with value: 128.59691889114882 and parameters: {'alpha_0': 0.0022530588263636898, 'alpha_1': 5.0906458283106854e-05, 'alpha_2': 0.00010966569455994236, 'beta_0': 0.10727429258375086, 'beta_1': 14.716941825243028, 'beta_2': 0.235859733935118, 'beta_3': 5.4745372238557595, 'beta_4': 31.111454212352363}. Best is trial 114 with value: 127.84211324922374.
[I 2026-04-01 12:20:03,121] Trial 118 finished with value: 129.21071241956838 and parameters: {'alpha_0': 0.0022659302721513815, 'alpha_1': 5.0420143464811965e-05, 'alpha_2': 0.0001088182050189313, 'beta_0': 0.10585890340681459, 'beta_1': 14.769851987502513, 'beta_2': 0.23578650073385554, 'beta_3': 5.465186260040614, 'beta_4': 30.96759021137193}. Best is trial 114 with value: 127.84211324922374.
[I 2026-04-01 12:20:19,820] Trial 119 finished with value: 128.79219538137312 and parameters: {'alpha_0': 0.0022556063815621246, 'alpha_1': 5.0381712319068765e-05, 'alpha_2': 0.00010946570298534059, 'beta_0': 0.10717272329487561, 'beta_1': 14.994890982542177, 'beta_2': 0.23489309902023345, 'beta_3': 5.442647574876453, 'beta_4': 31.29988977941029}. Best is trial 114 with value: 127.84211324922374.
[I 2026-04-01 12:20:36,489] Trial 120 finished with value: 135.8617267852085 and parameters: {'alpha_0': 0.002257768461923903, 'alpha_1': 5.708622580654938e-05, 'alpha_2': 0.0001097433217487799, 'beta_0': 0.10516533620888638, 'beta_1': 14.757582717978279, 'beta_2': 0.235061396775513, 'beta_3': 5.475243001728294, 'beta_4': 31.201855383770052}. Best is trial 114 with value: 127.84211324922374.
[I 2026-04-01 12:20:53,259] Trial 121 finished with value: 129.8456707190864 and parameters: {'alpha_0': 0.002275925665528718, 'alpha_1': 5.0503171016642126e-05, 'alpha_2': 0.00011019864403923586, 'beta_0': 0.1059457869010811, 'beta_1': 14.469872205144293, 'beta_2': 0.2393783283694094, 'beta_3': 5.3579999771557265, 'beta_4': 33.56953705746221}. Best is trial 114 with value: 127.84211324922374.
[I 2026-04-01 12:21:09,846] Trial 122 finished with value: 128.56132263963536 and parameters: {'alpha_0': 0.002179361773234056, 'alpha_1': 5.029494037254825e-05, 'alpha_2': 0.00010850595313935027, 'beta_0': 0.10371609756603146, 'beta_1': 14.935869533667152, 'beta_2': 0.23590619429256202, 'beta_3': 5.147167637928745, 'beta_4': 32.228724747383836}. Best is trial 114 with value: 127.84211324922374.
[I 2026-04-01 12:21:26,449] Trial 123 finished with value: 132.9027153281312 and parameters: {'alpha_0': 0.00219169554899166, 'alpha_1': 5.512046677358579e-05, 'alpha_2': 0.0001086276063420886, 'beta_0': 0.10396522896541503, 'beta_1': 14.933401983879092, 'beta_2': 0.23559900522443286, 'beta_3': 5.144891456378798, 'beta_4': 31.90217128313074}. Best is trial 114 with value: 127.84211324922374.
[I 2026-04-01 12:21:43,014] Trial 124 finished with value: 128.32390319878382 and parameters: {'alpha_0': 0.0022302065556281526, 'alpha_1': 5.01986503142535e-05, 'alpha_2': 0.00010141867251267422, 'beta_0': 0.09895467724138242, 'beta_1': 14.76046449519645, 'beta_2': 0.24010118163201283, 'beta_3': 5.523222832377873, 'beta_4': 32.97307168250411}. Best is trial 114 with value: 127.84211324922374.
[I 2026-04-01 12:21:59,913] Trial 125 finished with value: 129.6093542487594 and parameters: {'alpha_0': 0.0022181216820331097, 'alpha_1': 5.032013539504828e-05, 'alpha_2': 0.00010101313615277535, 'beta_0': 0.11465170225497419, 'beta_1': 14.450605526183747, 'beta_2': 0.24006935830678536, 'beta_3': 5.545340088910687, 'beta_4': 35.38453856269902}. Best is trial 114 with value: 127.84211324922374.
