[I 2026-04-01 14:53:53,584] Trial 672 finished with value: 127.05083350616951 and parameters: {'alpha_0': 0.0007129610338780173, 'alpha_1': 5.000609028313073e-05, 'alpha_2': 0.0001067075160042877, 'beta_0': 0.053496352097813435, 'beta_1': 14.740274913675766, 'beta_2': 0.18637391680519447, 'beta_3': 7.131574628467525, 'beta_4': 48.46626244276339}. Best is trial 524 with value: 126.14243661523494.Best trial: 524. Best value: 126.142:  67%|██████▋   | 672/1000 [3:07:31<1:30:59, 16.64s/it]Best trial: 524. Best value: 126.142:  67%|██████▋   | 672/1000 [3:07:31<1:30:59, 16.64s/it]Best trial: 524. Best value: 126.142:  67%|██████▋   | 673/1000 [3:07:31<1:30:51, 16.67s/it]                                                                                            Best trial: 524. Best value: 126.142:  67%|██████▋   | 673/1000 [3:07:48<1:30:51, 16.67s/it]Best trial: 524. Best value: 126.142:  67%|██████▋   | 673/1000 [3:07:48<1:30:51, 16.67s/it]Best trial: 524. Best value: 126.142:  67%|██████▋   | 674/1000 [3:07:48<1:30:25, 16.64s/it]                                                                                            Best trial: 524. Best value: 126.142:  67%|██████▋   | 674/1000 [3:08:04<1:30:25, 16.64s/it]Best trial: 524. Best value: 126.142:  67%|██████▋   | 674/1000 [3:08:04<1:30:25, 16.64s/it]Best trial: 524. Best value: 126.142:  68%|██████▊   | 675/1000 [3:08:04<1:30:12, 16.65s/it]                                                                                            Best trial: 524. Best value: 126.142:  68%|██████▊   | 675/1000 [3:08:21<1:30:12, 16.65s/it]Best trial: 524. Best value: 126.142:  68%|██████▊   | 675/1000 [3:08:21<1:30:12, 16.65s/it]Best trial: 524. Best value: 126.142:  68%|██████▊   | 676/1000 [3:08:21<1:30:04, 16.68s/it]                                                                                            Best trial: 524. Best value: 126.142:  68%|██████▊   | 676/1000 [3:08:38<1:30:04, 16.68s/it]Best trial: 524. Best value: 126.142:  68%|██████▊   | 676/1000 [3:08:38<1:30:04, 16.68s/it]Best trial: 524. Best value: 126.142:  68%|██████▊   | 677/1000 [3:08:38<1:29:47, 16.68s/it]                                                                                            Best trial: 524. Best value: 126.142:  68%|██████▊   | 677/1000 [3:08:54<1:29:47, 16.68s/it]Best trial: 524. Best value: 126.142:  68%|██████▊   | 677/1000 [3:08:54<1:29:47, 16.68s/it]Best trial: 524. Best value: 126.142:  68%|██████▊   | 678/1000 [3:08:54<1:29:21, 16.65s/it]                                                                                            Best trial: 524. Best value: 126.142:  68%|██████▊   | 678/1000 [3:09:11<1:29:21, 16.65s/it]Best trial: 524. Best value: 126.142:  68%|██████▊   | 678/1000 [3:09:11<1:29:21, 16.65s/it]Best trial: 524. Best value: 126.142:  68%|██████▊   | 679/1000 [3:09:11<1:29:09, 16.66s/it]                                                                                            Best trial: 524. Best value: 126.142:  68%|██████▊   | 679/1000 [3:09:28<1:29:09, 16.66s/it]Best trial: 524. Best value: 126.142:  68%|██████▊   | 679/1000 [3:09:28<1:29:09, 16.66s/it]Best trial: 524. Best value: 126.142:  68%|██████▊   | 680/1000 [3:09:28<1:28:51, 16.66s/it]                                                                                            Best trial: 524. Best value: 126.142:  68%|██████▊   | 680/1000 [3:09:44<1:28:51, 16.66s/it]Best trial: 524. Best value: 126.142:  68%|██████▊   | 680/1000 [3:09:44<1:28:51, 16.66s/it]Best trial: 524. Best value: 126.142:  68%|██████▊   | 681/1000 [3:09:44<1:28:30, 16.65s/it]                                                                                            Best trial: 524. Best value: 126.142:  68%|██████▊   | 681/1000 [3:10:01<1:28:30, 16.65s/it]Best trial: 524. Best value: 126.142:  68%|██████▊   | 681/1000 [3:10:01<1:28:30, 16.65s/it]Best trial: 524. Best value: 126.142:  68%|██████▊   | 682/1000 [3:10:01<1:28:11, 16.64s/it]                                                                                            Best trial: 524. Best value: 126.142:  68%|██████▊   | 682/1000 [3:10:18<1:28:11, 16.64s/it]Best trial: 524. Best value: 126.142:  68%|██████▊   | 682/1000 [3:10:18<1:28:11, 16.64s/it]Best trial: 524. Best value: 126.142:  68%|██████▊   | 683/1000 [3:10:18<1:27:45, 16.61s/it]                                                                                            Best trial: 524. Best value: 126.142:  68%|██████▊   | 683/1000 [3:10:34<1:27:45, 16.61s/it]Best trial: 524. Best value: 126.142:  68%|██████▊   | 683/1000 [3:10:34<1:27:45, 16.61s/it]Best trial: 524. Best value: 126.142:  68%|██████▊   | 684/1000 [3:10:34<1:27:27, 16.61s/it]                                                                                            Best trial: 524. Best value: 126.142:  68%|██████▊   | 684/1000 [3:10:51<1:27:27, 16.61s/it]Best trial: 524. Best value: 126.142:  68%|██████▊   | 684/1000 [3:10:51<1:27:27, 16.61s/it]Best trial: 524. Best value: 126.142:  68%|██████▊   | 685/1000 [3:10:51<1:27:26, 16.66s/it]                                                                                            Best trial: 524. Best value: 126.142:  68%|██████▊   | 685/1000 [3:11:07<1:27:26, 16.66s/it]Best trial: 524. Best value: 126.142:  68%|██████▊   | 685/1000 [3:11:07<1:27:26, 16.66s/it]Best trial: 524. Best value: 126.142:  69%|██████▊   | 686/1000 [3:11:07<1:27:01, 16.63s/it]                                                                                            Best trial: 524. Best value: 126.142:  69%|██████▊   | 686/1000 [3:11:24<1:27:01, 16.63s/it]Best trial: 524. Best value: 126.142:  69%|██████▊   | 686/1000 [3:11:24<1:27:01, 16.63s/it]Best trial: 524. Best value: 126.142:  69%|██████▊   | 687/1000 [3:11:24<1:26:45, 16.63s/it]                                                                                            Best trial: 524. Best value: 126.142:  69%|██████▊   | 687/1000 [3:11:41<1:26:45, 16.63s/it]Best trial: 524. Best value: 126.142:  69%|██████▊   | 687/1000 [3:11:41<1:26:45, 16.63s/it]Best trial: 524. Best value: 126.142:  69%|██████▉   | 688/1000 [3:11:41<1:27:23, 16.81s/it]                                                                                            Best trial: 524. Best value: 126.142:  69%|██████▉   | 688/1000 [3:11:58<1:27:23, 16.81s/it]Best trial: 524. Best value: 126.142:  69%|██████▉   | 688/1000 [3:11:58<1:27:23, 16.81s/it]Best trial: 524. Best value: 126.142:  69%|██████▉   | 689/1000 [3:11:58<1:26:55, 16.77s/it]                                                                                            Best trial: 524. Best value: 126.142:  69%|██████▉   | 689/1000 [3:12:15<1:26:55, 16.77s/it]Best trial: 689. Best value: 126.078:  69%|██████▉   | 689/1000 [3:12:15<1:26:55, 16.77s/it]Best trial: 689. Best value: 126.078:  69%|██████▉   | 690/1000 [3:12:15<1:26:30, 16.74s/it]                                                                                            Best trial: 689. Best value: 126.078:  69%|██████▉   | 690/1000 [3:12:31<1:26:30, 16.74s/it]Best trial: 689. Best value: 126.078:  69%|██████▉   | 690/1000 [3:12:31<1:26:30, 16.74s/it]Best trial: 689. Best value: 126.078:  69%|██████▉   | 691/1000 [3:12:31<1:26:01, 16.70s/it]                                                                                            Best trial: 689. Best value: 126.078:  69%|██████▉   | 691/1000 [3:12:48<1:26:01, 16.70s/it]Best trial: 689. Best value: 126.078:  69%|██████▉   | 691/1000 [3:12:48<1:26:01, 16.70s/it]Best trial: 689. Best value: 126.078:  69%|██████▉   | 692/1000 [3:12:48<1:25:34, 16.67s/it]                                                                                            Best trial: 689. Best value: 126.078:  69%|██████▉   | 692/1000 [3:13:05<1:25:34, 16.67s/it]Best trial: 689. Best value: 126.078:  69%|██████▉   | 692/1000 [3:13:05<1:25:34, 16.67s/it]Best trial: 689. Best value: 126.078:  69%|██████▉   | 693/1000 [3:13:05<1:25:11, 16.65s/it]                                                                                            
[I 2026-04-01 14:54:10,161] Trial 673 finished with value: 127.68693369057738 and parameters: {'alpha_0': 0.0006557553808879704, 'alpha_1': 5.176651126786415e-05, 'alpha_2': 0.00010491057613122089, 'beta_0': 0.0606356359026418, 'beta_1': 14.83564165323253, 'beta_2': 0.18373938981799118, 'beta_3': 6.9267098189104, 'beta_4': 49.67912102286238}. Best is trial 524 with value: 126.14243661523494.
[I 2026-04-01 14:54:26,842] Trial 674 finished with value: 128.37731871850423 and parameters: {'alpha_0': 0.000593111196421462, 'alpha_1': 5.322245635007028e-05, 'alpha_2': 0.00010953814426595662, 'beta_0': 0.0643510383892168, 'beta_1': 14.990413578589047, 'beta_2': 0.19388196132776897, 'beta_3': 6.7683815577489135, 'beta_4': 47.54984120772376}. Best is trial 524 with value: 126.14243661523494.
[I 2026-04-01 14:54:43,584] Trial 675 finished with value: 127.43425194147767 and parameters: {'alpha_0': 0.0006830125706700518, 'alpha_1': 5.16744197710114e-05, 'alpha_2': 0.00011031230733043584, 'beta_0': 0.05817925899646482, 'beta_1': 14.65740355538124, 'beta_2': 0.1909782407654047, 'beta_3': 7.300862776000807, 'beta_4': 46.9652458035281}. Best is trial 524 with value: 126.14243661523494.
[I 2026-04-01 14:55:00,261] Trial 676 finished with value: 126.7080244392406 and parameters: {'alpha_0': 0.0006285339724066358, 'alpha_1': 5.003297816771376e-05, 'alpha_2': 0.0001036144984176122, 'beta_0': 0.06800210204439075, 'beta_1': 14.693664045214332, 'beta_2': 0.18848209145156083, 'beta_3': 7.064528717698206, 'beta_4': 48.37052930968751}. Best is trial 524 with value: 126.14243661523494.
[I 2026-04-01 14:55:16,841] Trial 677 finished with value: 130.2597230639558 and parameters: {'alpha_0': 0.0005615597335329787, 'alpha_1': 5.535253191430942e-05, 'alpha_2': 0.0001028781703677592, 'beta_0': 0.06863731625753211, 'beta_1': 14.759161914195321, 'beta_2': 0.18915339750991159, 'beta_3': 6.836218384589359, 'beta_4': 49.34076167215865}. Best is trial 524 with value: 126.14243661523494.
[I 2026-04-01 14:55:33,539] Trial 678 finished with value: 126.31133140168242 and parameters: {'alpha_0': 0.0006058613628084525, 'alpha_1': 5.008594022463458e-05, 'alpha_2': 0.00010384181022763852, 'beta_0': 0.06865236995124886, 'beta_1': 14.999849037034435, 'beta_2': 0.19233087404371374, 'beta_3': 6.691328079173191, 'beta_4': 48.75328392187556}. Best is trial 524 with value: 126.14243661523494.
[I 2026-04-01 14:55:50,190] Trial 679 finished with value: 128.5631446296357 and parameters: {'alpha_0': 0.0005051664159344245, 'alpha_1': 5.323627459224786e-05, 'alpha_2': 9.83104391126182e-05, 'beta_0': 0.0684258548633621, 'beta_1': 14.980912311014073, 'beta_2': 0.19290998119398722, 'beta_3': 6.624462947114611, 'beta_4': 48.59783042969881}. Best is trial 524 with value: 126.14243661523494.
[I 2026-04-01 14:56:06,805] Trial 680 finished with value: 127.73475581048648 and parameters: {'alpha_0': 0.0005705120241404235, 'alpha_1': 5.176557682887304e-05, 'alpha_2': 0.00010483009169698407, 'beta_0': 0.06966766490033229, 'beta_1': 14.798743877043197, 'beta_2': 0.19558317821091728, 'beta_3': 6.686550391862972, 'beta_4': 49.245892632818645}. Best is trial 524 with value: 126.14243661523494.
[I 2026-04-01 14:56:23,428] Trial 681 finished with value: 126.65922456811339 and parameters: {'alpha_0': 0.0006158779067246809, 'alpha_1': 5.0015280961602435e-05, 'alpha_2': 0.00010089695715570889, 'beta_0': 0.0662167270842465, 'beta_1': 14.992762077398085, 'beta_2': 0.19786862894778998, 'beta_3': 6.508495961234365, 'beta_4': 48.83112149241657}. Best is trial 524 with value: 126.14243661523494.
[I 2026-04-01 14:56:39,974] Trial 682 finished with value: 131.1475456140754 and parameters: {'alpha_0': 0.0014954853703910487, 'alpha_1': 5.517039474389283e-05, 'alpha_2': 0.00010512226902811061, 'beta_0': 0.07024918931625894, 'beta_1': 14.960591449557581, 'beta_2': 0.20096282913100658, 'beta_3': 6.631828346735207, 'beta_4': 49.71616320158173}. Best is trial 524 with value: 126.14243661523494.
[I 2026-04-01 14:56:56,564] Trial 683 finished with value: 129.1167242988039 and parameters: {'alpha_0': 0.0006200420489508161, 'alpha_1': 5.330814091511878e-05, 'alpha_2': 0.00010193366738942438, 'beta_0': 0.06798714478550093, 'beta_1': 14.980316636288817, 'beta_2': 0.19969040754629963, 'beta_3': 6.523727965629461, 'beta_4': 49.989418464022506}. Best is trial 524 with value: 126.14243661523494.
[I 2026-04-01 14:57:13,339] Trial 684 finished with value: 134.6917470288544 and parameters: {'alpha_0': 0.0006215187073366881, 'alpha_1': 5.000207562880147e-05, 'alpha_2': 0.00010331028381541808, 'beta_0': 0.06535164415062757, 'beta_1': 7.309652877990293, 'beta_2': 0.19862751554221036, 'beta_3': 6.4942987924643285, 'beta_4': 49.050697909441006}. Best is trial 524 with value: 126.14243661523494.
[I 2026-04-01 14:57:29,908] Trial 685 finished with value: 127.79587636335708 and parameters: {'alpha_0': 0.0006086810665690294, 'alpha_1': 5.21250884697012e-05, 'alpha_2': 0.00010291693981787813, 'beta_0': 0.07018216751837554, 'beta_1': 14.997377816524931, 'beta_2': 0.19699397042645533, 'beta_3': 6.43031310460787, 'beta_4': 49.00330501669501}. Best is trial 524 with value: 126.14243661523494.
[I 2026-04-01 14:57:46,546] Trial 686 finished with value: 128.56809885274586 and parameters: {'alpha_0': 0.0005367606672687359, 'alpha_1': 5.1940433452083905e-05, 'alpha_2': 9.887200568299261e-05, 'beta_0': 0.06572388023129073, 'beta_1': 14.682780580389139, 'beta_2': 0.1956190285672766, 'beta_3': 6.552939901753261, 'beta_4': 48.03552765986073}. Best is trial 524 with value: 126.14243661523494.
[I 2026-04-01 14:58:03,759] Trial 687 finished with value: 133.68086448909122 and parameters: {'alpha_0': 0.0007143010481809955, 'alpha_1': 5.494579360680683e-05, 'alpha_2': 0.00010492720431700894, 'beta_0': 0.1495813258720347, 'beta_1': 14.650674001366827, 'beta_2': 0.1982994556011798, 'beta_3': 6.723664153972588, 'beta_4': 48.6966670833812}. Best is trial 524 with value: 126.14243661523494.
[I 2026-04-01 14:58:20,440] Trial 688 finished with value: 129.6406939508876 and parameters: {'alpha_0': 0.0006387519664517653, 'alpha_1': 5.0005128957689924e-05, 'alpha_2': 0.00010216909882611029, 'beta_0': 0.06459054988505243, 'beta_1': 12.928210259068141, 'beta_2': 0.19382470733067575, 'beta_3': 6.46744018564755, 'beta_4': 49.14150947497262}. Best is trial 524 with value: 126.14243661523494.
[I 2026-04-01 14:58:37,126] Trial 689 finished with value: 126.0784365001055 and parameters: {'alpha_0': 0.0005920242850108371, 'alpha_1': 5.0010348041369695e-05, 'alpha_2': 0.00010382881476929544, 'beta_0': 0.0710800351789325, 'beta_1': 14.989858314468036, 'beta_2': 0.19641728727469518, 'beta_3': 6.620275014111089, 'beta_4': 47.8005408120584}. Best is trial 689 with value: 126.0784365001055.
[I 2026-04-01 14:58:53,735] Trial 690 finished with value: 131.65060460691677 and parameters: {'alpha_0': 0.0005015034514808911, 'alpha_1': 5.678953646667022e-05, 'alpha_2': 0.00010225583835472181, 'beta_0': 0.0713013650325513, 'beta_1': 14.990546612877845, 'beta_2': 0.1970993699418603, 'beta_3': 6.422445434037626, 'beta_4': 49.504949265693014}. Best is trial 689 with value: 126.0784365001055.
[I 2026-04-01 14:59:10,323] Trial 691 finished with value: 129.11857185973724 and parameters: {'alpha_0': 0.0005449799116025371, 'alpha_1': 5.359308418722704e-05, 'alpha_2': 0.00010493458109195896, 'beta_0': 0.07158604022033621, 'beta_1': 14.703239552562477, 'beta_2': 0.19896111475976822, 'beta_3': 6.597044783258324, 'beta_4': 48.343110848406916}. Best is trial 689 with value: 126.0784365001055.
[I 2026-04-01 14:59:26,927] Trial 692 finished with value: 127.7509116188362 and parameters: {'alpha_0': 0.0005879807339256454, 'alpha_1': 5.1932213124811246e-05, 'alpha_2': 0.00010106578275536165, 'beta_0': 0.06891652166360575, 'beta_1': 14.813113583414834, 'beta_2': 0.19604001964687262, 'beta_3': 6.5656732702782294, 'beta_4': 48.81081978200085}. Best is trial 689 with value: 126.0784365001055.
