[I 2026-04-01 14:24:46,081] Trial 567 finished with value: 129.22873073482734 and parameters: {'alpha_0': 0.0007032943906922778, 'alpha_1': 5.186330602313723e-05, 'alpha_2': 0.00011296148801479462, 'beta_0': 0.07355070934374136, 'beta_1': 13.711566095277918, 'beta_2': 0.19192759079534488, 'beta_3': 6.8450436571209785, 'beta_4': 44.01268843442376}. Best is trial 524 with value: 126.14243661523494.Best trial: 524. Best value: 126.142:  57%|█████▋    | 567/1000 [2:38:24<2:00:11, 16.65s/it]Best trial: 524. Best value: 126.142:  57%|█████▋    | 567/1000 [2:38:24<2:00:11, 16.65s/it]Best trial: 524. Best value: 126.142:  57%|█████▋    | 568/1000 [2:38:24<1:59:52, 16.65s/it]                                                                                            Best trial: 524. Best value: 126.142:  57%|█████▋    | 568/1000 [2:38:40<1:59:52, 16.65s/it]Best trial: 524. Best value: 126.142:  57%|█████▋    | 568/1000 [2:38:40<1:59:52, 16.65s/it]Best trial: 524. Best value: 126.142:  57%|█████▋    | 569/1000 [2:38:40<1:59:31, 16.64s/it]                                                                                            Best trial: 524. Best value: 126.142:  57%|█████▋    | 569/1000 [2:38:57<1:59:31, 16.64s/it]Best trial: 524. Best value: 126.142:  57%|█████▋    | 569/1000 [2:38:57<1:59:31, 16.64s/it]Best trial: 524. Best value: 126.142:  57%|█████▋    | 570/1000 [2:38:57<1:59:14, 16.64s/it]                                                                                            Best trial: 524. Best value: 126.142:  57%|█████▋    | 570/1000 [2:39:14<1:59:14, 16.64s/it]Best trial: 524. Best value: 126.142:  57%|█████▋    | 570/1000 [2:39:14<1:59:14, 16.64s/it]Best trial: 524. Best value: 126.142:  57%|█████▋    | 571/1000 [2:39:14<1:58:56, 16.64s/it]                                                                                            Best trial: 524. Best value: 126.142:  57%|█████▋    | 571/1000 [2:39:30<1:58:56, 16.64s/it]Best trial: 524. Best value: 126.142:  57%|█████▋    | 571/1000 [2:39:30<1:58:56, 16.64s/it]Best trial: 524. Best value: 126.142:  57%|█████▋    | 572/1000 [2:39:30<1:58:41, 16.64s/it]                                                                                            Best trial: 524. Best value: 126.142:  57%|█████▋    | 572/1000 [2:39:47<1:58:41, 16.64s/it]Best trial: 524. Best value: 126.142:  57%|█████▋    | 572/1000 [2:39:47<1:58:41, 16.64s/it]Best trial: 524. Best value: 126.142:  57%|█████▋    | 573/1000 [2:39:47<1:58:11, 16.61s/it]                                                                                            Best trial: 524. Best value: 126.142:  57%|█████▋    | 573/1000 [2:40:03<1:58:11, 16.61s/it]Best trial: 524. Best value: 126.142:  57%|█████▋    | 573/1000 [2:40:03<1:58:11, 16.61s/it]Best trial: 524. Best value: 126.142:  57%|█████▋    | 574/1000 [2:40:03<1:57:51, 16.60s/it]                                                                                            Best trial: 524. Best value: 126.142:  57%|█████▋    | 574/1000 [2:40:20<1:57:51, 16.60s/it]Best trial: 524. Best value: 126.142:  57%|█████▋    | 574/1000 [2:40:20<1:57:51, 16.60s/it]Best trial: 524. Best value: 126.142:  57%|█████▊    | 575/1000 [2:40:20<1:57:40, 16.61s/it]                                                                                            Best trial: 524. Best value: 126.142:  57%|█████▊    | 575/1000 [2:40:37<1:57:40, 16.61s/it]Best trial: 524. Best value: 126.142:  57%|█████▊    | 575/1000 [2:40:37<1:57:40, 16.61s/it]Best trial: 524. Best value: 126.142:  58%|█████▊    | 576/1000 [2:40:37<1:57:32, 16.63s/it]                                                                                            Best trial: 524. Best value: 126.142:  58%|█████▊    | 576/1000 [2:40:53<1:57:32, 16.63s/it]Best trial: 524. Best value: 126.142:  58%|█████▊    | 576/1000 [2:40:53<1:57:32, 16.63s/it]Best trial: 524. Best value: 126.142:  58%|█████▊    | 577/1000 [2:40:53<1:57:10, 16.62s/it]                                                                                            Best trial: 524. Best value: 126.142:  58%|█████▊    | 577/1000 [2:41:10<1:57:10, 16.62s/it]Best trial: 524. Best value: 126.142:  58%|█████▊    | 577/1000 [2:41:10<1:57:10, 16.62s/it]Best trial: 524. Best value: 126.142:  58%|█████▊    | 578/1000 [2:41:10<1:56:52, 16.62s/it]                                                                                            Best trial: 524. Best value: 126.142:  58%|█████▊    | 578/1000 [2:41:26<1:56:52, 16.62s/it]Best trial: 524. Best value: 126.142:  58%|█████▊    | 578/1000 [2:41:26<1:56:52, 16.62s/it]Best trial: 524. Best value: 126.142:  58%|█████▊    | 579/1000 [2:41:26<1:56:34, 16.61s/it]                                                                                            Best trial: 524. Best value: 126.142:  58%|█████▊    | 579/1000 [2:41:43<1:56:34, 16.61s/it]Best trial: 524. Best value: 126.142:  58%|█████▊    | 579/1000 [2:41:43<1:56:34, 16.61s/it]Best trial: 524. Best value: 126.142:  58%|█████▊    | 580/1000 [2:41:43<1:56:18, 16.62s/it]                                                                                            Best trial: 524. Best value: 126.142:  58%|█████▊    | 580/1000 [2:42:00<1:56:18, 16.62s/it]Best trial: 524. Best value: 126.142:  58%|█████▊    | 580/1000 [2:42:00<1:56:18, 16.62s/it]Best trial: 524. Best value: 126.142:  58%|█████▊    | 581/1000 [2:42:00<1:56:01, 16.62s/it]                                                                                            Best trial: 524. Best value: 126.142:  58%|█████▊    | 581/1000 [2:42:16<1:56:01, 16.62s/it]Best trial: 524. Best value: 126.142:  58%|█████▊    | 581/1000 [2:42:16<1:56:01, 16.62s/it]Best trial: 524. Best value: 126.142:  58%|█████▊    | 582/1000 [2:42:16<1:55:51, 16.63s/it]                                                                                            Best trial: 524. Best value: 126.142:  58%|█████▊    | 582/1000 [2:42:33<1:55:51, 16.63s/it]Best trial: 524. Best value: 126.142:  58%|█████▊    | 582/1000 [2:42:33<1:55:51, 16.63s/it]Best trial: 524. Best value: 126.142:  58%|█████▊    | 583/1000 [2:42:33<1:55:34, 16.63s/it]                                                                                            Best trial: 524. Best value: 126.142:  58%|█████▊    | 583/1000 [2:42:50<1:55:34, 16.63s/it]Best trial: 524. Best value: 126.142:  58%|█████▊    | 583/1000 [2:42:50<1:55:34, 16.63s/it]Best trial: 524. Best value: 126.142:  58%|█████▊    | 584/1000 [2:42:50<1:55:25, 16.65s/it]                                                                                            Best trial: 524. Best value: 126.142:  58%|█████▊    | 584/1000 [2:43:06<1:55:25, 16.65s/it]Best trial: 524. Best value: 126.142:  58%|█████▊    | 584/1000 [2:43:06<1:55:25, 16.65s/it]Best trial: 524. Best value: 126.142:  58%|█████▊    | 585/1000 [2:43:06<1:54:53, 16.61s/it]                                                                                            Best trial: 524. Best value: 126.142:  58%|█████▊    | 585/1000 [2:43:23<1:54:53, 16.61s/it]Best trial: 524. Best value: 126.142:  58%|█████▊    | 585/1000 [2:43:23<1:54:53, 16.61s/it]Best trial: 524. Best value: 126.142:  59%|█████▊    | 586/1000 [2:43:23<1:54:37, 16.61s/it]                                                                                            Best trial: 524. Best value: 126.142:  59%|█████▊    | 586/1000 [2:43:39<1:54:37, 16.61s/it]Best trial: 524. Best value: 126.142:  59%|█████▊    | 586/1000 [2:43:39<1:54:37, 16.61s/it]Best trial: 524. Best value: 126.142:  59%|█████▊    | 587/1000 [2:43:39<1:54:18, 16.61s/it]                                                                                            Best trial: 524. Best value: 126.142:  59%|█████▊    | 587/1000 [2:43:56<1:54:18, 16.61s/it]Best trial: 524. Best value: 126.142:  59%|█████▊    | 587/1000 [2:43:56<1:54:18, 16.61s/it]Best trial: 524. Best value: 126.142:  59%|█████▉    | 588/1000 [2:43:56<1:54:01, 16.61s/it]                                                                                            
[I 2026-04-01 14:25:02,699] Trial 568 finished with value: 126.68960775045917 and parameters: {'alpha_0': 0.0005848792667196206, 'alpha_1': 5.000993882986289e-05, 'alpha_2': 0.00011669785628583366, 'beta_0': 0.06887068823629876, 'beta_1': 14.749653829982304, 'beta_2': 0.19461355071723302, 'beta_3': 6.567118430644699, 'beta_4': 40.918288148192666}. Best is trial 524 with value: 126.14243661523494.
[I 2026-04-01 14:25:19,336] Trial 569 finished with value: 128.11006712914985 and parameters: {'alpha_0': 0.0005077129069196352, 'alpha_1': 5.1498705984873643e-05, 'alpha_2': 0.00011712533779031934, 'beta_0': 0.07526403280592676, 'beta_1': 14.208503402516639, 'beta_2': 0.19470897423321046, 'beta_3': 6.734894720268715, 'beta_4': 40.81771193568132}. Best is trial 524 with value: 126.14243661523494.
[I 2026-04-01 14:25:35,962] Trial 570 finished with value: 130.68545424622403 and parameters: {'alpha_0': 0.0007491777455647997, 'alpha_1': 5.489924772015864e-05, 'alpha_2': 0.00011730925452658184, 'beta_0': 0.07650246547134813, 'beta_1': 14.481839411816566, 'beta_2': 0.18963318900365353, 'beta_3': 6.6013143600870645, 'beta_4': 41.00346837065165}. Best is trial 524 with value: 126.14243661523494.
[I 2026-04-01 14:25:52,612] Trial 571 finished with value: 130.14589949870307 and parameters: {'alpha_0': 0.0005858387276084087, 'alpha_1': 5.0158468736286225e-05, 'alpha_2': 0.00011472522351993894, 'beta_0': 0.07044666251179259, 'beta_1': 11.985970725273754, 'beta_2': 0.18440307206871473, 'beta_3': 6.464426053007516, 'beta_4': 41.868333749796726}. Best is trial 524 with value: 126.14243661523494.
[I 2026-04-01 14:26:09,145] Trial 572 finished with value: 127.29292799026094 and parameters: {'alpha_0': 0.0005480909187856824, 'alpha_1': 5.018105771659363e-05, 'alpha_2': 0.00011710876934496274, 'beta_0': 0.06431719724458758, 'beta_1': 14.665775376997157, 'beta_2': 0.19200013498919394, 'beta_3': 6.5756190366152545, 'beta_4': 41.302422249423635}. Best is trial 524 with value: 126.14243661523494.
[I 2026-04-01 14:26:25,727] Trial 573 finished with value: 127.57613799127458 and parameters: {'alpha_0': 0.0005014168135861049, 'alpha_1': 5.007166678715357e-05, 'alpha_2': 0.00011288815457215275, 'beta_0': 0.06629527331168818, 'beta_1': 14.677722067816472, 'beta_2': 0.19191742820716956, 'beta_3': 6.542605053048405, 'beta_4': 41.558370415806294}. Best is trial 524 with value: 126.14243661523494.
[I 2026-04-01 14:26:42,369] Trial 574 finished with value: 126.73804665229666 and parameters: {'alpha_0': 0.000578275587296488, 'alpha_1': 5.010790050768212e-05, 'alpha_2': 0.00011632626204708166, 'beta_0': 0.06436958266185532, 'beta_1': 14.781878989630323, 'beta_2': 0.19382770303001307, 'beta_3': 6.805036172195204, 'beta_4': 41.305671579957625}. Best is trial 524 with value: 126.14243661523494.
[I 2026-04-01 14:26:59,051] Trial 575 finished with value: 128.66890023805942 and parameters: {'alpha_0': 0.0005705168135063908, 'alpha_1': 5.3340997977989636e-05, 'alpha_2': 0.00011505763588887803, 'beta_0': 0.06953042645662823, 'beta_1': 14.845075252549956, 'beta_2': 0.194815541307495, 'beta_3': 6.7831149183723625, 'beta_4': 40.81830141605278}. Best is trial 524 with value: 126.14243661523494.
[I 2026-04-01 14:27:15,643] Trial 576 finished with value: 128.1410310722738 and parameters: {'alpha_0': 0.0005366278883947213, 'alpha_1': 5.318541880456991e-05, 'alpha_2': 0.00011115357434778096, 'beta_0': 0.07314004672120496, 'beta_1': 14.992279326857739, 'beta_2': 0.19647233476367085, 'beta_3': 6.782117599327667, 'beta_4': 42.12273024058326}. Best is trial 524 with value: 126.14243661523494.
[I 2026-04-01 14:27:32,251] Trial 577 finished with value: 126.55446132169843 and parameters: {'alpha_0': 0.0005931153816065741, 'alpha_1': 5.0002454166555045e-05, 'alpha_2': 0.00011342301278916717, 'beta_0': 0.06595448923253622, 'beta_1': 14.814489755896716, 'beta_2': 0.19018265163780243, 'beta_3': 6.939792833347533, 'beta_4': 40.80646339370382}. Best is trial 524 with value: 126.14243661523494.
[I 2026-04-01 14:27:48,860] Trial 578 finished with value: 126.98714263320554 and parameters: {'alpha_0': 0.0005998702206282341, 'alpha_1': 5.004347529579657e-05, 'alpha_2': 0.00011255700771054385, 'beta_0': 0.05955769057104418, 'beta_1': 14.551286580126867, 'beta_2': 0.1900334267594871, 'beta_3': 6.877544123773706, 'beta_4': 40.73327346615306}. Best is trial 524 with value: 126.14243661523494.
[I 2026-04-01 14:28:05,476] Trial 579 finished with value: 130.73567846454958 and parameters: {'alpha_0': 0.0005868531117142517, 'alpha_1': 5.525971331090349e-05, 'alpha_2': 0.00011179280085580428, 'beta_0': 0.05509226006451533, 'beta_1': 14.59411417225131, 'beta_2': 0.1909235112927691, 'beta_3': 6.896006672304991, 'beta_4': 40.700246813294605}. Best is trial 524 with value: 126.14243661523494.
[I 2026-04-01 14:28:22,091] Trial 580 finished with value: 128.14105420950438 and parameters: {'alpha_0': 0.0005464079112198445, 'alpha_1': 5.1956504041241344e-05, 'alpha_2': 0.00011126661701284723, 'beta_0': 0.058165348138582415, 'beta_1': 14.51060482319423, 'beta_2': 0.1886659550545421, 'beta_3': 6.893159044717638, 'beta_4': 41.24850832896378}. Best is trial 524 with value: 126.14243661523494.
[I 2026-04-01 14:28:38,753] Trial 581 finished with value: 126.6362087231583 and parameters: {'alpha_0': 0.0006042200597290253, 'alpha_1': 5.001720985183436e-05, 'alpha_2': 0.00011322705031515316, 'beta_0': 0.0606927671740002, 'beta_1': 14.746244156720872, 'beta_2': 0.19347609546608896, 'beta_3': 6.993054891788662, 'beta_4': 41.88187740092395}. Best is trial 524 with value: 126.14243661523494.
[I 2026-04-01 14:28:55,381] Trial 582 finished with value: 132.49410582733077 and parameters: {'alpha_0': 0.0006016118803873789, 'alpha_1': 5.77610587162476e-05, 'alpha_2': 0.00011041159152381223, 'beta_0': 0.05625143902254005, 'beta_1': 14.79303626563893, 'beta_2': 0.19351754965776172, 'beta_3': 6.991240080847689, 'beta_4': 42.011639289309116}. Best is trial 524 with value: 126.14243661523494.
[I 2026-04-01 14:29:12,073] Trial 583 finished with value: 128.83402293346293 and parameters: {'alpha_0': 0.0005999362015808238, 'alpha_1': 5.3008454974085755e-05, 'alpha_2': 0.00011228811127455858, 'beta_0': 0.05364525517737408, 'beta_1': 14.76467135818762, 'beta_2': 0.1903223600228902, 'beta_3': 6.970920708263958, 'beta_4': 42.69664705298913}. Best is trial 524 with value: 126.14243661523494.
[I 2026-04-01 14:29:28,598] Trial 584 finished with value: 132.27945296351365 and parameters: {'alpha_0': 0.0005584817133715271, 'alpha_1': 5.000648833243544e-05, 'alpha_2': 0.00011294117900398309, 'beta_0': 0.05925001928193877, 'beta_1': 9.860518835496189, 'beta_2': 0.19295892485459767, 'beta_3': 6.7990732766186, 'beta_4': 41.730652577699125}. Best is trial 524 with value: 126.14243661523494.
[I 2026-04-01 14:29:45,213] Trial 585 finished with value: 128.91397853608115 and parameters: {'alpha_0': 0.0006228906237991569, 'alpha_1': 5.1918717121314594e-05, 'alpha_2': 0.00011023167253433917, 'beta_0': 0.06176233399974906, 'beta_1': 14.383914245615525, 'beta_2': 0.19554918277373023, 'beta_3': 6.691412002213768, 'beta_4': 42.37004778871105}. Best is trial 524 with value: 126.14243661523494.
[I 2026-04-01 14:30:01,803] Trial 586 finished with value: 130.0903184560809 and parameters: {'alpha_0': 0.0005812912657663984, 'alpha_1': 5.4496376451556595e-05, 'alpha_2': 0.00011235504154135455, 'beta_0': 0.062301354558659934, 'beta_1': 14.527030068511198, 'beta_2': 0.19041025609738205, 'beta_3': 6.851763357239192, 'beta_4': 41.59963988133027}. Best is trial 524 with value: 126.14243661523494.
[I 2026-04-01 14:30:18,407] Trial 587 finished with value: 127.79979768192439 and parameters: {'alpha_0': 0.0005293503859723177, 'alpha_1': 5.189622786797989e-05, 'alpha_2': 0.00011326922227800102, 'beta_0': 0.051290617275892805, 'beta_1': 14.762713702103573, 'beta_2': 0.18726154817108415, 'beta_3': 7.02382074990351, 'beta_4': 41.04009854034404}. Best is trial 524 with value: 126.14243661523494.
