[I 2026-04-01 13:20:30,122] Trial 336 finished with value: 128.85386014641395 and parameters: {'alpha_0': 0.0008105943961575342, 'alpha_1': 5.187910048117426e-05, 'alpha_2': 0.0001181958118537522, 'beta_0': 0.07945847683345991, 'beta_1': 14.63821298928867, 'beta_2': 0.20779642825921257, 'beta_3': 5.71849200629613, 'beta_4': 40.09335852923212}. Best is trial 247 with value: 127.23598630728915.Best trial: 247. Best value: 127.236:  34%|███▎      | 336/1000 [1:34:08<3:07:15, 16.92s/it]Best trial: 247. Best value: 127.236:  34%|███▎      | 336/1000 [1:34:08<3:07:15, 16.92s/it]Best trial: 247. Best value: 127.236:  34%|███▎      | 337/1000 [1:34:08<3:05:43, 16.81s/it]                                                                                            Best trial: 247. Best value: 127.236:  34%|███▎      | 337/1000 [1:34:25<3:05:43, 16.81s/it]Best trial: 247. Best value: 127.236:  34%|███▎      | 337/1000 [1:34:25<3:05:43, 16.81s/it]Best trial: 247. Best value: 127.236:  34%|███▍      | 338/1000 [1:34:25<3:06:03, 16.86s/it]                                                                                            Best trial: 247. Best value: 127.236:  34%|███▍      | 338/1000 [1:34:41<3:06:03, 16.86s/it]Best trial: 247. Best value: 127.236:  34%|███▍      | 338/1000 [1:34:41<3:06:03, 16.86s/it]Best trial: 247. Best value: 127.236:  34%|███▍      | 339/1000 [1:34:41<3:04:47, 16.77s/it]                                                                                            Best trial: 247. Best value: 127.236:  34%|███▍      | 339/1000 [1:34:58<3:04:47, 16.77s/it]Best trial: 247. Best value: 127.236:  34%|███▍      | 339/1000 [1:34:58<3:04:47, 16.77s/it]Best trial: 247. Best value: 127.236:  34%|███▍      | 340/1000 [1:34:58<3:04:09, 16.74s/it]                                                                                            Best trial: 247. Best value: 127.236:  34%|███▍      | 340/1000 [1:35:15<3:04:09, 16.74s/it]Best trial: 247. Best value: 127.236:  34%|███▍      | 340/1000 [1:35:15<3:04:09, 16.74s/it]Best trial: 247. Best value: 127.236:  34%|███▍      | 341/1000 [1:35:15<3:03:50, 16.74s/it]                                                                                            Best trial: 247. Best value: 127.236:  34%|███▍      | 341/1000 [1:35:31<3:03:50, 16.74s/it]Best trial: 247. Best value: 127.236:  34%|███▍      | 341/1000 [1:35:31<3:03:50, 16.74s/it]Best trial: 247. Best value: 127.236:  34%|███▍      | 342/1000 [1:35:31<3:03:27, 16.73s/it]                                                                                            Best trial: 247. Best value: 127.236:  34%|███▍      | 342/1000 [1:35:48<3:03:27, 16.73s/it]Best trial: 342. Best value: 127.222:  34%|███▍      | 342/1000 [1:35:48<3:03:27, 16.73s/it]Best trial: 342. Best value: 127.222:  34%|███▍      | 343/1000 [1:35:48<3:02:49, 16.70s/it]                                                                                            Best trial: 342. Best value: 127.222:  34%|███▍      | 343/1000 [1:36:05<3:02:49, 16.70s/it]Best trial: 342. Best value: 127.222:  34%|███▍      | 343/1000 [1:36:05<3:02:49, 16.70s/it]Best trial: 342. Best value: 127.222:  34%|███▍      | 344/1000 [1:36:05<3:02:07, 16.66s/it]                                                                                            Best trial: 342. Best value: 127.222:  34%|███▍      | 344/1000 [1:36:21<3:02:07, 16.66s/it]Best trial: 342. Best value: 127.222:  34%|███▍      | 344/1000 [1:36:21<3:02:07, 16.66s/it]Best trial: 342. Best value: 127.222:  34%|███▍      | 345/1000 [1:36:21<3:01:25, 16.62s/it]                                                                                            Best trial: 342. Best value: 127.222:  34%|███▍      | 345/1000 [1:36:38<3:01:25, 16.62s/it]Best trial: 342. Best value: 127.222:  34%|███▍      | 345/1000 [1:36:38<3:01:25, 16.62s/it]Best trial: 342. Best value: 127.222:  35%|███▍      | 346/1000 [1:36:38<3:01:05, 16.61s/it]                                                                                            Best trial: 342. Best value: 127.222:  35%|███▍      | 346/1000 [1:36:56<3:01:05, 16.61s/it]Best trial: 342. Best value: 127.222:  35%|███▍      | 346/1000 [1:36:56<3:01:05, 16.61s/it]Best trial: 342. Best value: 127.222:  35%|███▍      | 347/1000 [1:36:56<3:06:10, 17.11s/it]                                                                                            Best trial: 342. Best value: 127.222:  35%|███▍      | 347/1000 [1:37:13<3:06:10, 17.11s/it]Best trial: 342. Best value: 127.222:  35%|███▍      | 347/1000 [1:37:13<3:06:10, 17.11s/it]Best trial: 342. Best value: 127.222:  35%|███▍      | 348/1000 [1:37:13<3:04:14, 16.95s/it]                                                                                            Best trial: 342. Best value: 127.222:  35%|███▍      | 348/1000 [1:37:29<3:04:14, 16.95s/it]Best trial: 342. Best value: 127.222:  35%|███▍      | 348/1000 [1:37:29<3:04:14, 16.95s/it]Best trial: 342. Best value: 127.222:  35%|███▍      | 349/1000 [1:37:29<3:02:48, 16.85s/it]                                                                                            Best trial: 342. Best value: 127.222:  35%|███▍      | 349/1000 [1:37:46<3:02:48, 16.85s/it]Best trial: 342. Best value: 127.222:  35%|███▍      | 349/1000 [1:37:46<3:02:48, 16.85s/it]Best trial: 342. Best value: 127.222:  35%|███▌      | 350/1000 [1:37:46<3:01:54, 16.79s/it]                                                                                            Best trial: 342. Best value: 127.222:  35%|███▌      | 350/1000 [1:38:03<3:01:54, 16.79s/it]Best trial: 342. Best value: 127.222:  35%|███▌      | 350/1000 [1:38:03<3:01:54, 16.79s/it]Best trial: 342. Best value: 127.222:  35%|███▌      | 351/1000 [1:38:03<3:01:50, 16.81s/it]                                                                                            Best trial: 342. Best value: 127.222:  35%|███▌      | 351/1000 [1:38:19<3:01:50, 16.81s/it]Best trial: 342. Best value: 127.222:  35%|███▌      | 351/1000 [1:38:19<3:01:50, 16.81s/it]Best trial: 342. Best value: 127.222:  35%|███▌      | 352/1000 [1:38:19<3:01:21, 16.79s/it]                                                                                            Best trial: 342. Best value: 127.222:  35%|███▌      | 352/1000 [1:38:36<3:01:21, 16.79s/it]Best trial: 342. Best value: 127.222:  35%|███▌      | 352/1000 [1:38:36<3:01:21, 16.79s/it]Best trial: 342. Best value: 127.222:  35%|███▌      | 353/1000 [1:38:36<3:00:39, 16.75s/it]                                                                                            Best trial: 342. Best value: 127.222:  35%|███▌      | 353/1000 [1:38:53<3:00:39, 16.75s/it]Best trial: 342. Best value: 127.222:  35%|███▌      | 353/1000 [1:38:53<3:00:39, 16.75s/it]Best trial: 342. Best value: 127.222:  35%|███▌      | 354/1000 [1:38:53<3:00:11, 16.74s/it]                                                                                            Best trial: 342. Best value: 127.222:  35%|███▌      | 354/1000 [1:39:09<3:00:11, 16.74s/it]Best trial: 342. Best value: 127.222:  35%|███▌      | 354/1000 [1:39:09<3:00:11, 16.74s/it]Best trial: 342. Best value: 127.222:  36%|███▌      | 355/1000 [1:39:09<2:59:32, 16.70s/it]                                                                                            Best trial: 342. Best value: 127.222:  36%|███▌      | 355/1000 [1:39:26<2:59:32, 16.70s/it]Best trial: 342. Best value: 127.222:  36%|███▌      | 355/1000 [1:39:26<2:59:32, 16.70s/it]Best trial: 342. Best value: 127.222:  36%|███▌      | 356/1000 [1:39:26<2:58:54, 16.67s/it]                                                                                            Best trial: 342. Best value: 127.222:  36%|███▌      | 356/1000 [1:39:44<2:58:54, 16.67s/it]Best trial: 342. Best value: 127.222:  36%|███▌      | 356/1000 [1:39:44<2:58:54, 16.67s/it]Best trial: 342. Best value: 127.222:  36%|███▌      | 357/1000 [1:39:44<3:03:02, 17.08s/it]                                                                                            
[I 2026-04-01 13:20:47,112] Trial 337 finished with value: 134.5086957169086 and parameters: {'alpha_0': 0.0006981234277665772, 'alpha_1': 5.6274247447411286e-05, 'alpha_2': 0.00011805756077687915, 'beta_0': 0.13616772260880855, 'beta_1': 14.654549863406286, 'beta_2': 0.22485310062578312, 'beta_3': 5.564783561219558, 'beta_4': 38.90695706686422}. Best is trial 247 with value: 127.23598630728915.
[I 2026-04-01 13:21:03,680] Trial 338 finished with value: 129.51394305955608 and parameters: {'alpha_0': 0.000836825362671928, 'alpha_1': 5.363856522357627e-05, 'alpha_2': 0.00011965598560374581, 'beta_0': 0.07692643023055269, 'beta_1': 14.997954709448317, 'beta_2': 0.22638229485737943, 'beta_3': 5.682822832863978, 'beta_4': 41.24373315027092}. Best is trial 247 with value: 127.23598630728915.
[I 2026-04-01 13:21:20,345] Trial 339 finished with value: 128.55085942529215 and parameters: {'alpha_0': 0.0006443485500592925, 'alpha_1': 5.0041751513534885e-05, 'alpha_2': 0.00011740666501421376, 'beta_0': 0.09120111458894957, 'beta_1': 14.432592537029311, 'beta_2': 0.2228658454001145, 'beta_3': 4.086143309600754, 'beta_4': 39.48369101381306}. Best is trial 247 with value: 127.23598630728915.
[I 2026-04-01 13:21:37,076] Trial 340 finished with value: 128.81637322657946 and parameters: {'alpha_0': 0.0007975509513024656, 'alpha_1': 5.186745334496842e-05, 'alpha_2': 0.00011568976291064383, 'beta_0': 0.07224275379930094, 'beta_1': 14.69795532457769, 'beta_2': 0.2264441296255968, 'beta_3': 5.84382318092311, 'beta_4': 40.124354278677124}. Best is trial 247 with value: 127.23598630728915.
[I 2026-04-01 13:21:53,783] Trial 341 finished with value: 128.54363625563693 and parameters: {'alpha_0': 0.0008376522835258674, 'alpha_1': 5.0012768434750186e-05, 'alpha_2': 0.00011758039447538454, 'beta_0': 0.08650392682267165, 'beta_1': 14.193896803790302, 'beta_2': 0.22881671823602281, 'beta_3': 5.412357430030943, 'beta_4': 40.88668922128787}. Best is trial 247 with value: 127.23598630728915.
[I 2026-04-01 13:22:10,403] Trial 342 finished with value: 127.22181264557312 and parameters: {'alpha_0': 0.0007652967902676269, 'alpha_1': 5.002308799413635e-05, 'alpha_2': 0.00011615719382954116, 'beta_0': 0.08084143980660219, 'beta_1': 14.465860913996428, 'beta_2': 0.2213123119587077, 'beta_3': 5.99890065269717, 'beta_4': 38.4239345290604}. Best is trial 342 with value: 127.22181264557312.
[I 2026-04-01 13:22:26,970] Trial 343 finished with value: 130.4185001241936 and parameters: {'alpha_0': 0.0007903956150469575, 'alpha_1': 5.379208284902692e-05, 'alpha_2': 0.00011543780892500241, 'beta_0': 0.08088229229130822, 'beta_1': 14.084199555169729, 'beta_2': 0.2210078200682293, 'beta_3': 6.0481776243354926, 'beta_4': 38.37551259697054}. Best is trial 342 with value: 127.22181264557312.
[I 2026-04-01 13:22:43,497] Trial 344 finished with value: 129.13769249551723 and parameters: {'alpha_0': 0.0008461098454551059, 'alpha_1': 5.228495979468439e-05, 'alpha_2': 0.00011708689153168758, 'beta_0': 0.07461346599085368, 'beta_1': 14.466066835128125, 'beta_2': 0.22338760147332298, 'beta_3': 6.1640629811314644, 'beta_4': 38.7735201509977}. Best is trial 342 with value: 127.22181264557312.
[I 2026-04-01 13:23:00,099] Trial 345 finished with value: 131.96833857460632 and parameters: {'alpha_0': 0.0007611633585322997, 'alpha_1': 5.519244115486834e-05, 'alpha_2': 0.00011977986533973519, 'beta_0': 0.07757430265838201, 'beta_1': 13.724001893883084, 'beta_2': 0.2194990487765019, 'beta_3': 5.993332157285735, 'beta_4': 37.509102497301946}. Best is trial 342 with value: 127.22181264557312.
[I 2026-04-01 13:23:18,357] Trial 346 finished with value: 170.49909484969805 and parameters: {'alpha_0': 0.0007423639636446134, 'alpha_1': 5.185944727837495e-05, 'alpha_2': 0.00011564775018587026, 'beta_0': 0.24732398987336002, 'beta_1': 14.323659407680712, 'beta_2': 0.22199476101063995, 'beta_3': 5.938213047740033, 'beta_4': 39.67838086840196}. Best is trial 342 with value: 127.22181264557312.
[I 2026-04-01 13:23:34,956] Trial 347 finished with value: 132.00596050427083 and parameters: {'alpha_0': 0.0007135277938867036, 'alpha_1': 5.354239271351042e-05, 'alpha_2': 0.00011803128501977247, 'beta_0': 0.0826173349505762, 'beta_1': 13.909531610645868, 'beta_2': 0.22826816370024094, 'beta_3': 3.3012786051143435, 'beta_4': 38.27323073915101}. Best is trial 342 with value: 127.22181264557312.
[I 2026-04-01 13:23:51,556] Trial 348 finished with value: 127.66544664083617 and parameters: {'alpha_0': 0.0009242550735683388, 'alpha_1': 5.010422058887546e-05, 'alpha_2': 0.0001147462425177624, 'beta_0': 0.07180892316717884, 'beta_1': 14.557901143743125, 'beta_2': 0.22475362363297818, 'beta_3': 5.785552300589087, 'beta_4': 39.47908769171117}. Best is trial 342 with value: 127.22181264557312.
[I 2026-04-01 13:24:08,214] Trial 349 finished with value: 127.87684817759519 and parameters: {'alpha_0': 0.0009174299676843854, 'alpha_1': 5.0081847116991954e-05, 'alpha_2': 0.0001199626854536654, 'beta_0': 0.07149820015583686, 'beta_1': 14.489896697475055, 'beta_2': 0.2256899635381113, 'beta_3': 5.853322331785152, 'beta_4': 39.198815358628266}. Best is trial 342 with value: 127.22181264557312.
[I 2026-04-01 13:24:25,071] Trial 350 finished with value: 137.70740433944042 and parameters: {'alpha_0': 0.0008781874373772777, 'alpha_1': 5.6578817880221366e-05, 'alpha_2': 0.00011633358243887843, 'beta_0': 0.07254954849308569, 'beta_1': 9.411595896331383, 'beta_2': 0.22938186751253517, 'beta_3': 6.299550322168205, 'beta_4': 39.439352526978915}. Best is trial 342 with value: 127.22181264557312.
[I 2026-04-01 13:24:41,821] Trial 351 finished with value: 129.18168570711453 and parameters: {'alpha_0': 0.000972050832987183, 'alpha_1': 5.192546050796206e-05, 'alpha_2': 0.00011486814536695743, 'beta_0': 0.07646649389831991, 'beta_1': 14.147930121409965, 'beta_2': 0.22467032186802663, 'beta_3': 6.072850356037282, 'beta_4': 38.81529412164467}. Best is trial 342 with value: 127.22181264557312.
[I 2026-04-01 13:24:58,481] Trial 352 finished with value: 127.97383214891272 and parameters: {'alpha_0': 0.0009342596147490369, 'alpha_1': 5.0006321955689426e-05, 'alpha_2': 0.00011731931024773418, 'beta_0': 0.07045270432893944, 'beta_1': 14.562884504975818, 'beta_2': 0.2268910347224492, 'beta_3': 5.754170420368057, 'beta_4': 40.083316627297606}. Best is trial 342 with value: 127.22181264557312.
[I 2026-04-01 13:25:15,176] Trial 353 finished with value: 130.17994060314027 and parameters: {'alpha_0': 0.0008914801681766595, 'alpha_1': 5.360904494033155e-05, 'alpha_2': 0.0001181968296824425, 'beta_0': 0.08464435631770507, 'beta_1': 14.348568807807062, 'beta_2': 0.212812523975102, 'beta_3': 5.907634008859979, 'beta_4': 38.16814664134442}. Best is trial 342 with value: 127.22181264557312.
[I 2026-04-01 13:25:31,797] Trial 354 finished with value: 128.00064121835237 and parameters: {'alpha_0': 0.0008163812387166484, 'alpha_1': 5.181494848283375e-05, 'alpha_2': 0.00011554619833317829, 'beta_0': 0.07704067678168254, 'beta_1': 14.993949399586167, 'beta_2': 0.21759868890920828, 'beta_3': 5.751888447477358, 'beta_4': 40.6470126723729}. Best is trial 342 with value: 127.22181264557312.
[I 2026-04-01 13:25:48,390] Trial 355 finished with value: 131.10615973619346 and parameters: {'alpha_0': 0.0009460127673757859, 'alpha_1': 5.478871938898804e-05, 'alpha_2': 0.0001147164591555974, 'beta_0': 0.07415294597951456, 'beta_1': 14.636990300130126, 'beta_2': 0.2279007346227479, 'beta_3': 5.820043112764353, 'beta_4': 39.72198674896232}. Best is trial 342 with value: 127.22181264557312.
[I 2026-04-01 13:26:06,430] Trial 356 finished with value: 164.71417668417183 and parameters: {'alpha_0': 0.0010131236628337886, 'alpha_1': 5.200737900846867e-05, 'alpha_2': 0.00011826756653471677, 'beta_0': 0.22474108882836885, 'beta_1': 14.7105765701246, 'beta_2': 0.22163665168423513, 'beta_3': 5.628535272277443, 'beta_4': 38.92252941282475}. Best is trial 342 with value: 127.22181264557312.
