[I 2026-04-01 14:59:43,507] Trial 693 finished with value: 131.45033588630164 and parameters: {'alpha_0': 0.0005809672482661594, 'alpha_1': 5.337418215249827e-05, 'alpha_2': 0.0001080994469236649, 'beta_0': 0.07082662819394565, 'beta_1': 12.38029842911319, 'beta_2': 0.19395722594368592, 'beta_3': 6.695240952730686, 'beta_4': 49.94398460291185}. Best is trial 689 with value: 126.0784365001055.Best trial: 689. Best value: 126.078:  69%|██████▉   | 693/1000 [3:13:21<1:25:11, 16.65s/it]Best trial: 689. Best value: 126.078:  69%|██████▉   | 693/1000 [3:13:21<1:25:11, 16.65s/it]Best trial: 689. Best value: 126.078:  69%|██████▉   | 694/1000 [3:13:21<1:24:48, 16.63s/it]                                                                                            Best trial: 689. Best value: 126.078:  69%|██████▉   | 694/1000 [3:13:38<1:24:48, 16.63s/it]Best trial: 689. Best value: 126.078:  69%|██████▉   | 694/1000 [3:13:38<1:24:48, 16.63s/it]Best trial: 689. Best value: 126.078:  70%|██████▉   | 695/1000 [3:13:38<1:24:24, 16.60s/it]                                                                                            Best trial: 689. Best value: 126.078:  70%|██████▉   | 695/1000 [3:13:54<1:24:24, 16.60s/it]Best trial: 689. Best value: 126.078:  70%|██████▉   | 695/1000 [3:13:54<1:24:24, 16.60s/it]Best trial: 689. Best value: 126.078:  70%|██████▉   | 696/1000 [3:13:54<1:24:11, 16.62s/it]                                                                                            Best trial: 689. Best value: 126.078:  70%|██████▉   | 696/1000 [3:14:11<1:24:11, 16.62s/it]Best trial: 689. Best value: 126.078:  70%|██████▉   | 696/1000 [3:14:11<1:24:11, 16.62s/it]Best trial: 689. Best value: 126.078:  70%|██████▉   | 697/1000 [3:14:11<1:23:49, 16.60s/it]                                                                                            Best trial: 689. Best value: 126.078:  70%|██████▉   | 697/1000 [3:14:28<1:23:49, 16.60s/it]Best trial: 697. Best value: 125.641:  70%|██████▉   | 697/1000 [3:14:28<1:23:49, 16.60s/it]Best trial: 697. Best value: 125.641:  70%|██████▉   | 698/1000 [3:14:28<1:24:02, 16.70s/it]                                                                                            Best trial: 697. Best value: 125.641:  70%|██████▉   | 698/1000 [3:14:45<1:24:02, 16.70s/it]Best trial: 697. Best value: 125.641:  70%|██████▉   | 698/1000 [3:14:45<1:24:02, 16.70s/it]Best trial: 697. Best value: 125.641:  70%|██████▉   | 699/1000 [3:14:45<1:24:04, 16.76s/it]                                                                                            Best trial: 697. Best value: 125.641:  70%|██████▉   | 699/1000 [3:15:02<1:24:04, 16.76s/it]Best trial: 697. Best value: 125.641:  70%|██████▉   | 699/1000 [3:15:02<1:24:04, 16.76s/it]Best trial: 697. Best value: 125.641:  70%|███████   | 700/1000 [3:15:02<1:24:13, 16.84s/it]                                                                                            Best trial: 697. Best value: 125.641:  70%|███████   | 700/1000 [3:15:18<1:24:13, 16.84s/it]Best trial: 697. Best value: 125.641:  70%|███████   | 700/1000 [3:15:18<1:24:13, 16.84s/it]Best trial: 697. Best value: 125.641:  70%|███████   | 701/1000 [3:15:18<1:23:31, 16.76s/it]                                                                                            Best trial: 697. Best value: 125.641:  70%|███████   | 701/1000 [3:15:35<1:23:31, 16.76s/it]Best trial: 697. Best value: 125.641:  70%|███████   | 701/1000 [3:15:35<1:23:31, 16.76s/it]Best trial: 697. Best value: 125.641:  70%|███████   | 702/1000 [3:15:35<1:23:12, 16.75s/it]                                                                                            Best trial: 697. Best value: 125.641:  70%|███████   | 702/1000 [3:15:52<1:23:12, 16.75s/it]Best trial: 697. Best value: 125.641:  70%|███████   | 702/1000 [3:15:52<1:23:12, 16.75s/it]Best trial: 697. Best value: 125.641:  70%|███████   | 703/1000 [3:15:52<1:22:39, 16.70s/it]                                                                                            Best trial: 697. Best value: 125.641:  70%|███████   | 703/1000 [3:16:09<1:22:39, 16.70s/it]Best trial: 697. Best value: 125.641:  70%|███████   | 703/1000 [3:16:09<1:22:39, 16.70s/it]Best trial: 697. Best value: 125.641:  70%|███████   | 704/1000 [3:16:09<1:22:43, 16.77s/it]                                                                                            Best trial: 697. Best value: 125.641:  70%|███████   | 704/1000 [3:16:25<1:22:43, 16.77s/it]Best trial: 697. Best value: 125.641:  70%|███████   | 704/1000 [3:16:25<1:22:43, 16.77s/it]Best trial: 697. Best value: 125.641:  70%|███████   | 705/1000 [3:16:25<1:22:08, 16.71s/it]                                                                                            Best trial: 697. Best value: 125.641:  70%|███████   | 705/1000 [3:16:42<1:22:08, 16.71s/it]Best trial: 697. Best value: 125.641:  70%|███████   | 705/1000 [3:16:42<1:22:08, 16.71s/it]Best trial: 697. Best value: 125.641:  71%|███████   | 706/1000 [3:16:42<1:21:51, 16.71s/it]                                                                                            Best trial: 697. Best value: 125.641:  71%|███████   | 706/1000 [3:16:58<1:21:51, 16.71s/it]Best trial: 697. Best value: 125.641:  71%|███████   | 706/1000 [3:16:58<1:21:51, 16.71s/it]Best trial: 697. Best value: 125.641:  71%|███████   | 707/1000 [3:16:58<1:21:31, 16.69s/it]                                                                                            Best trial: 697. Best value: 125.641:  71%|███████   | 707/1000 [3:17:15<1:21:31, 16.69s/it]Best trial: 697. Best value: 125.641:  71%|███████   | 707/1000 [3:17:15<1:21:31, 16.69s/it]Best trial: 697. Best value: 125.641:  71%|███████   | 708/1000 [3:17:15<1:21:33, 16.76s/it]                                                                                            Best trial: 697. Best value: 125.641:  71%|███████   | 708/1000 [3:17:32<1:21:33, 16.76s/it]Best trial: 697. Best value: 125.641:  71%|███████   | 708/1000 [3:17:32<1:21:33, 16.76s/it]Best trial: 697. Best value: 125.641:  71%|███████   | 709/1000 [3:17:32<1:21:00, 16.70s/it]                                                                                            Best trial: 697. Best value: 125.641:  71%|███████   | 709/1000 [3:17:49<1:21:00, 16.70s/it]Best trial: 697. Best value: 125.641:  71%|███████   | 709/1000 [3:17:49<1:21:00, 16.70s/it]Best trial: 697. Best value: 125.641:  71%|███████   | 710/1000 [3:17:49<1:20:31, 16.66s/it]                                                                                            Best trial: 697. Best value: 125.641:  71%|███████   | 710/1000 [3:18:05<1:20:31, 16.66s/it]Best trial: 697. Best value: 125.641:  71%|███████   | 710/1000 [3:18:05<1:20:31, 16.66s/it]Best trial: 697. Best value: 125.641:  71%|███████   | 711/1000 [3:18:05<1:20:07, 16.64s/it]                                                                                            Best trial: 697. Best value: 125.641:  71%|███████   | 711/1000 [3:18:22<1:20:07, 16.64s/it]Best trial: 697. Best value: 125.641:  71%|███████   | 711/1000 [3:18:22<1:20:07, 16.64s/it]Best trial: 697. Best value: 125.641:  71%|███████   | 712/1000 [3:18:22<1:19:52, 16.64s/it]                                                                                            Best trial: 697. Best value: 125.641:  71%|███████   | 712/1000 [3:18:39<1:19:52, 16.64s/it]Best trial: 697. Best value: 125.641:  71%|███████   | 712/1000 [3:18:39<1:19:52, 16.64s/it]Best trial: 697. Best value: 125.641:  71%|███████▏  | 713/1000 [3:18:39<1:19:55, 16.71s/it]                                                                                            Best trial: 697. Best value: 125.641:  71%|███████▏  | 713/1000 [3:18:56<1:19:55, 16.71s/it]Best trial: 713. Best value: 124.407:  71%|███████▏  | 713/1000 [3:18:56<1:19:55, 16.71s/it]Best trial: 713. Best value: 124.407:  71%|███████▏  | 714/1000 [3:18:56<1:20:11, 16.82s/it]                                                                                            
[I 2026-04-01 15:00:00,054] Trial 694 finished with value: 128.67184232673333 and parameters: {'alpha_0': 0.0006099376986244836, 'alpha_1': 5.20504404503194e-05, 'alpha_2': 0.00010032477737672366, 'beta_0': 0.06738326538631935, 'beta_1': 14.65365522149043, 'beta_2': 0.20071247968781653, 'beta_3': 6.599713685813475, 'beta_4': 47.828251029801656}. Best is trial 689 with value: 126.0784365001055.
[I 2026-04-01 15:00:16,705] Trial 695 finished with value: 130.48064369256008 and parameters: {'alpha_0': 0.0005451491303572988, 'alpha_1': 5.49514617729237e-05, 'alpha_2': 0.00010615659688728955, 'beta_0': 0.06458531043026308, 'beta_1': 14.83947599080969, 'beta_2': 0.19673552347575135, 'beta_3': 6.415868468875058, 'beta_4': 46.99620023664022}. Best is trial 689 with value: 126.0784365001055.
[I 2026-04-01 15:00:33,256] Trial 696 finished with value: 127.84032513119462 and parameters: {'alpha_0': 0.0006289232784093109, 'alpha_1': 5.191367756459916e-05, 'alpha_2': 0.0001009527929191036, 'beta_0': 0.07249393459957813, 'beta_1': 14.607295686424898, 'beta_2': 0.19422037662974997, 'beta_3': 6.714809900298762, 'beta_4': 49.120466498474535}. Best is trial 689 with value: 126.0784365001055.
[I 2026-04-01 15:00:50,188] Trial 697 finished with value: 125.64061984826432 and parameters: {'alpha_0': 0.0005785515675946161, 'alpha_1': 5.0055939330269764e-05, 'alpha_2': 0.00010013612935832649, 'beta_0': 0.12613390756710302, 'beta_1': 14.818079829069594, 'beta_2': 0.19845922740724184, 'beta_3': 6.499874048659216, 'beta_4': 48.26607460300113}. Best is trial 697 with value: 125.64061984826432.
[I 2026-04-01 15:01:07,094] Trial 698 finished with value: 135.0335341334404 and parameters: {'alpha_0': 0.0005648872010105178, 'alpha_1': 5.84606249070401e-05, 'alpha_2': 9.661838273809513e-05, 'beta_0': 0.12309418586272182, 'beta_1': 14.523431950395638, 'beta_2': 0.19860011104106365, 'beta_3': 6.458710274370837, 'beta_4': 45.98704876456768}. Best is trial 697 with value: 125.64061984826432.
[I 2026-04-01 15:01:24,134] Trial 699 finished with value: 211.60855097763815 and parameters: {'alpha_0': 0.000540658933539467, 'alpha_1': 0.0001068475714152925, 'alpha_2': 0.00010337394742051287, 'beta_0': 0.125972288462475, 'beta_1': 14.659583877289394, 'beta_2': 0.2010836724513484, 'beta_3': 6.499925257854081, 'beta_4': 47.39777399105892}. Best is trial 697 with value: 125.64061984826432.
[I 2026-04-01 15:01:40,697] Trial 700 finished with value: 128.33026708943362 and parameters: {'alpha_0': 0.0005900587147234871, 'alpha_1': 5.319356967112414e-05, 'alpha_2': 9.994442430594429e-05, 'beta_0': 0.07293603242643111, 'beta_1': 14.988297771717328, 'beta_2': 0.20120664457193335, 'beta_3': 7.230273777811919, 'beta_4': 48.472201581082295}. Best is trial 697 with value: 125.64061984826432.
[I 2026-04-01 15:01:57,433] Trial 701 finished with value: 127.03141497700014 and parameters: {'alpha_0': 0.0005275914048956603, 'alpha_1': 5.18891815184996e-05, 'alpha_2': 0.00010001663273797147, 'beta_0': 0.13213146586756364, 'beta_1': 14.410955807211975, 'beta_2': 0.1985630051312275, 'beta_3': 7.498670248661174, 'beta_4': 47.931222305054064}. Best is trial 697 with value: 125.64061984826432.
[I 2026-04-01 15:02:14,010] Trial 702 finished with value: 126.8590040739881 and parameters: {'alpha_0': 0.0005913029755314119, 'alpha_1': 5.002043807626896e-05, 'alpha_2': 0.00010363425144878035, 'beta_0': 0.06980141966023043, 'beta_1': 14.79969635313161, 'beta_2': 0.1956638007368454, 'beta_3': 6.576782824035763, 'beta_4': 46.85536086371849}. Best is trial 697 with value: 125.64061984826432.
[I 2026-04-01 15:02:30,937] Trial 703 finished with value: 131.50250365868794 and parameters: {'alpha_0': 0.0005003329341319437, 'alpha_1': 5.4747140987972595e-05, 'alpha_2': 0.00010170456038064477, 'beta_0': 0.1437334533433745, 'beta_1': 14.995836352385748, 'beta_2': 0.20374366687625342, 'beta_3': 6.387641298234568, 'beta_4': 47.912984343263304}. Best is trial 697 with value: 125.64061984826432.
[I 2026-04-01 15:02:47,500] Trial 704 finished with value: 126.54361275950622 and parameters: {'alpha_0': 0.0006296131749147317, 'alpha_1': 5.002200906294554e-05, 'alpha_2': 0.00010392625004113346, 'beta_0': 0.06763110658823619, 'beta_1': 14.585698367274237, 'beta_2': 0.19756449860863845, 'beta_3': 7.3329598177435145, 'beta_4': 48.41069514881276}. Best is trial 697 with value: 125.64061984826432.
[I 2026-04-01 15:03:04,205] Trial 705 finished with value: 127.75541466008161 and parameters: {'alpha_0': 0.0006351162078221974, 'alpha_1': 5.1909710588291707e-05, 'alpha_2': 0.00010130649274047533, 'beta_0': 0.06703824575334837, 'beta_1': 14.631388312324177, 'beta_2': 0.19820143491704661, 'beta_3': 7.343601381774259, 'beta_4': 48.453264318690124}. Best is trial 697 with value: 125.64061984826432.
[I 2026-04-01 15:03:20,873] Trial 706 finished with value: 131.17675630440786 and parameters: {'alpha_0': 0.0006322300429580415, 'alpha_1': 5.649210793239894e-05, 'alpha_2': 0.00010367895438002087, 'beta_0': 0.06517715755322984, 'beta_1': 14.764755396800055, 'beta_2': 0.19997565065029385, 'beta_3': 7.5963251574523225, 'beta_4': 47.26001576571953}. Best is trial 697 with value: 125.64061984826432.
[I 2026-04-01 15:03:37,776] Trial 707 finished with value: 131.50618308032125 and parameters: {'alpha_0': 0.0006041825430558234, 'alpha_1': 5.314917932005405e-05, 'alpha_2': 0.00010351349271447626, 'beta_0': 0.15451145680168957, 'beta_1': 14.524475775651826, 'beta_2': 0.19259662779150805, 'beta_3': 6.504903027916328, 'beta_4': 48.292319576225296}. Best is trial 697 with value: 125.64061984826432.
[I 2026-04-01 15:03:54,352] Trial 708 finished with value: 127.31527472998863 and parameters: {'alpha_0': 0.0006611346780382405, 'alpha_1': 5.1724116812769305e-05, 'alpha_2': 9.818359675114037e-05, 'beta_0': 0.06786517242538714, 'beta_1': 14.817133989269687, 'beta_2': 0.1970036600453045, 'beta_3': 7.407495478442597, 'beta_4': 48.73479176405642}. Best is trial 697 with value: 125.64061984826432.
[I 2026-04-01 15:04:10,917] Trial 709 finished with value: 126.54827896024989 and parameters: {'alpha_0': 0.0006192484971798401, 'alpha_1': 5.0044930923365945e-05, 'alpha_2': 0.00010400234031502866, 'beta_0': 0.06445621649447837, 'beta_1': 14.612380710071768, 'beta_2': 0.1931857674165642, 'beta_3': 7.7705024024279306, 'beta_4': 47.5277643351759}. Best is trial 697 with value: 125.64061984826432.
[I 2026-04-01 15:04:27,495] Trial 710 finished with value: 128.56966257083138 and parameters: {'alpha_0': 0.000608639888365421, 'alpha_1': 5.422289897648629e-05, 'alpha_2': 9.896762299916577e-05, 'beta_0': 0.07200899957637252, 'beta_1': 14.388643330158098, 'beta_2': 0.20319314099728125, 'beta_3': 7.730235684361108, 'beta_4': 46.949370484217646}. Best is trial 697 with value: 125.64061984826432.
[I 2026-04-01 15:04:44,143] Trial 711 finished with value: 127.94899322805328 and parameters: {'alpha_0': 0.000565726772521823, 'alpha_1': 5.187946573810386e-05, 'alpha_2': 0.00010068674756296302, 'beta_0': 0.06264957803263294, 'beta_1': 14.572238408396288, 'beta_2': 0.19509293045057238, 'beta_3': 7.900166661418521, 'beta_4': 46.14520467674402}. Best is trial 697 with value: 125.64061984826432.
[I 2026-04-01 15:05:01,012] Trial 712 finished with value: 128.57927303667373 and parameters: {'alpha_0': 0.0006234100000086012, 'alpha_1': 5.392462632171277e-05, 'alpha_2': 0.00010194527723453695, 'beta_0': 0.11865108801768995, 'beta_1': 14.586498571732673, 'beta_2': 0.19349612793225365, 'beta_3': 7.496545035155559, 'beta_4': 47.79373892697457}. Best is trial 697 with value: 125.64061984826432.
[I 2026-04-01 15:05:18,100] Trial 713 finished with value: 124.40682604489682 and parameters: {'alpha_0': 0.0005839773998909292, 'alpha_1': 5.0012605623602376e-05, 'alpha_2': 0.000103672655208908, 'beta_0': 0.13558702172902076, 'beta_1': 14.997734290261281, 'beta_2': 0.19237337979056687, 'beta_3': 6.643407854580149, 'beta_4': 48.00625467902045}. Best is trial 713 with value: 124.40682604489682.
