[I 2026-04-01 13:32:12,875] Trial 378 finished with value: 127.02756683178792 and parameters: {'alpha_0': 0.0008057761574459903, 'alpha_1': 5.0090202043433074e-05, 'alpha_2': 0.00011836196005982872, 'beta_0': 0.08890349260408055, 'beta_1': 14.198566799484205, 'beta_2': 0.18487168979003354, 'beta_3': 6.1574429281552066, 'beta_4': 40.974248087569265}. Best is trial 378 with value: 127.02756683178792.Best trial: 342. Best value: 127.222:  38%|███▊      | 378/1000 [1:45:50<2:52:12, 16.61s/it]Best trial: 378. Best value: 127.028:  38%|███▊      | 378/1000 [1:45:50<2:52:12, 16.61s/it]Best trial: 378. Best value: 127.028:  38%|███▊      | 379/1000 [1:45:50<2:52:14, 16.64s/it]                                                                                            Best trial: 378. Best value: 127.028:  38%|███▊      | 379/1000 [1:46:07<2:52:14, 16.64s/it]Best trial: 378. Best value: 127.028:  38%|███▊      | 379/1000 [1:46:07<2:52:14, 16.64s/it]Best trial: 378. Best value: 127.028:  38%|███▊      | 380/1000 [1:46:07<2:51:47, 16.63s/it]                                                                                            Best trial: 378. Best value: 127.028:  38%|███▊      | 380/1000 [1:46:24<2:51:47, 16.63s/it]Best trial: 378. Best value: 127.028:  38%|███▊      | 380/1000 [1:46:24<2:51:47, 16.63s/it]Best trial: 378. Best value: 127.028:  38%|███▊      | 381/1000 [1:46:24<2:51:26, 16.62s/it]                                                                                            Best trial: 378. Best value: 127.028:  38%|███▊      | 381/1000 [1:46:40<2:51:26, 16.62s/it]Best trial: 378. Best value: 127.028:  38%|███▊      | 381/1000 [1:46:40<2:51:26, 16.62s/it]Best trial: 378. Best value: 127.028:  38%|███▊      | 382/1000 [1:46:40<2:50:59, 16.60s/it]                                                                                            Best trial: 378. Best value: 127.028:  38%|███▊      | 382/1000 [1:46:57<2:50:59, 16.60s/it]Best trial: 378. Best value: 127.028:  38%|███▊      | 382/1000 [1:46:57<2:50:59, 16.60s/it]Best trial: 378. Best value: 127.028:  38%|███▊      | 383/1000 [1:46:57<2:50:36, 16.59s/it]                                                                                            Best trial: 378. Best value: 127.028:  38%|███▊      | 383/1000 [1:47:14<2:50:36, 16.59s/it]Best trial: 378. Best value: 127.028:  38%|███▊      | 383/1000 [1:47:14<2:50:36, 16.59s/it]Best trial: 378. Best value: 127.028:  38%|███▊      | 384/1000 [1:47:14<2:50:52, 16.64s/it]                                                                                            Best trial: 378. Best value: 127.028:  38%|███▊      | 384/1000 [1:47:30<2:50:52, 16.64s/it]Best trial: 378. Best value: 127.028:  38%|███▊      | 384/1000 [1:47:30<2:50:52, 16.64s/it]Best trial: 378. Best value: 127.028:  38%|███▊      | 385/1000 [1:47:30<2:51:08, 16.70s/it]                                                                                            Best trial: 378. Best value: 127.028:  38%|███▊      | 385/1000 [1:47:47<2:51:08, 16.70s/it]Best trial: 378. Best value: 127.028:  38%|███▊      | 385/1000 [1:47:47<2:51:08, 16.70s/it]Best trial: 378. Best value: 127.028:  39%|███▊      | 386/1000 [1:47:47<2:50:31, 16.66s/it]                                                                                            Best trial: 378. Best value: 127.028:  39%|███▊      | 386/1000 [1:48:03<2:50:31, 16.66s/it]Best trial: 378. Best value: 127.028:  39%|███▊      | 386/1000 [1:48:03<2:50:31, 16.66s/it]Best trial: 378. Best value: 127.028:  39%|███▊      | 387/1000 [1:48:03<2:49:50, 16.62s/it]                                                                                            Best trial: 378. Best value: 127.028:  39%|███▊      | 387/1000 [1:48:20<2:49:50, 16.62s/it]Best trial: 378. Best value: 127.028:  39%|███▊      | 387/1000 [1:48:20<2:49:50, 16.62s/it]Best trial: 378. Best value: 127.028:  39%|███▉      | 388/1000 [1:48:20<2:49:41, 16.64s/it]                                                                                            Best trial: 378. Best value: 127.028:  39%|███▉      | 388/1000 [1:48:37<2:49:41, 16.64s/it]Best trial: 378. Best value: 127.028:  39%|███▉      | 388/1000 [1:48:37<2:49:41, 16.64s/it]Best trial: 378. Best value: 127.028:  39%|███▉      | 389/1000 [1:48:37<2:49:18, 16.63s/it]                                                                                            Best trial: 378. Best value: 127.028:  39%|███▉      | 389/1000 [1:48:53<2:49:18, 16.63s/it]Best trial: 378. Best value: 127.028:  39%|███▉      | 389/1000 [1:48:53<2:49:18, 16.63s/it]Best trial: 378. Best value: 127.028:  39%|███▉      | 390/1000 [1:48:53<2:49:17, 16.65s/it]                                                                                            Best trial: 378. Best value: 127.028:  39%|███▉      | 390/1000 [1:49:10<2:49:17, 16.65s/it]Best trial: 378. Best value: 127.028:  39%|███▉      | 390/1000 [1:49:10<2:49:17, 16.65s/it]Best trial: 378. Best value: 127.028:  39%|███▉      | 391/1000 [1:49:10<2:48:53, 16.64s/it]                                                                                            Best trial: 378. Best value: 127.028:  39%|███▉      | 391/1000 [1:49:27<2:48:53, 16.64s/it]Best trial: 378. Best value: 127.028:  39%|███▉      | 391/1000 [1:49:27<2:48:53, 16.64s/it]Best trial: 378. Best value: 127.028:  39%|███▉      | 392/1000 [1:49:27<2:49:14, 16.70s/it]                                                                                            Best trial: 378. Best value: 127.028:  39%|███▉      | 392/1000 [1:49:44<2:49:14, 16.70s/it]Best trial: 378. Best value: 127.028:  39%|███▉      | 392/1000 [1:49:44<2:49:14, 16.70s/it]Best trial: 378. Best value: 127.028:  39%|███▉      | 393/1000 [1:49:44<2:49:01, 16.71s/it]                                                                                            Best trial: 378. Best value: 127.028:  39%|███▉      | 393/1000 [1:50:00<2:49:01, 16.71s/it]Best trial: 378. Best value: 127.028:  39%|███▉      | 393/1000 [1:50:00<2:49:01, 16.71s/it]Best trial: 378. Best value: 127.028:  39%|███▉      | 394/1000 [1:50:00<2:48:22, 16.67s/it]                                                                                            Best trial: 378. Best value: 127.028:  39%|███▉      | 394/1000 [1:50:17<2:48:22, 16.67s/it]Best trial: 378. Best value: 127.028:  39%|███▉      | 394/1000 [1:50:17<2:48:22, 16.67s/it]Best trial: 378. Best value: 127.028:  40%|███▉      | 395/1000 [1:50:17<2:47:58, 16.66s/it]                                                                                            Best trial: 378. Best value: 127.028:  40%|███▉      | 395/1000 [1:50:33<2:47:58, 16.66s/it]Best trial: 378. Best value: 127.028:  40%|███▉      | 395/1000 [1:50:33<2:47:58, 16.66s/it]Best trial: 378. Best value: 127.028:  40%|███▉      | 396/1000 [1:50:33<2:47:36, 16.65s/it]                                                                                            Best trial: 378. Best value: 127.028:  40%|███▉      | 396/1000 [1:50:50<2:47:36, 16.65s/it]Best trial: 378. Best value: 127.028:  40%|███▉      | 396/1000 [1:50:50<2:47:36, 16.65s/it]Best trial: 378. Best value: 127.028:  40%|███▉      | 397/1000 [1:50:50<2:47:42, 16.69s/it]                                                                                            Best trial: 378. Best value: 127.028:  40%|███▉      | 397/1000 [1:51:07<2:47:42, 16.69s/it]Best trial: 378. Best value: 127.028:  40%|███▉      | 397/1000 [1:51:07<2:47:42, 16.69s/it]Best trial: 378. Best value: 127.028:  40%|███▉      | 398/1000 [1:51:07<2:47:11, 16.66s/it]                                                                                            Best trial: 378. Best value: 127.028:  40%|███▉      | 398/1000 [1:51:24<2:47:11, 16.66s/it]Best trial: 378. Best value: 127.028:  40%|███▉      | 398/1000 [1:51:24<2:47:11, 16.66s/it]Best trial: 378. Best value: 127.028:  40%|███▉      | 399/1000 [1:51:24<2:47:16, 16.70s/it]                                                                                            
[I 2026-04-01 13:32:29,460] Trial 379 finished with value: 133.54985898370992 and parameters: {'alpha_0': 0.000776202530444223, 'alpha_1': 5.750403520991975e-05, 'alpha_2': 0.00011855602657867686, 'beta_0': 0.09644569665263829, 'beta_1': 14.179988604333248, 'beta_2': 0.20302605383546718, 'beta_3': 6.235741840228882, 'beta_4': 41.12698376761263}. Best is trial 378 with value: 127.02756683178792.
[I 2026-04-01 13:32:46,062] Trial 380 finished with value: 128.439961851428 and parameters: {'alpha_0': 0.000809018123291958, 'alpha_1': 5.234306683207328e-05, 'alpha_2': 0.00011642758357979481, 'beta_0': 0.09071203726347062, 'beta_1': 14.242016564250424, 'beta_2': 0.18326587118932489, 'beta_3': 6.13825352924261, 'beta_4': 41.600586014293214}. Best is trial 378 with value: 127.02756683178792.
[I 2026-04-01 13:33:02,621] Trial 381 finished with value: 127.21699743262707 and parameters: {'alpha_0': 0.0008412130277393445, 'alpha_1': 5.007082993421501e-05, 'alpha_2': 0.00011989915042762242, 'beta_0': 0.08582020426419262, 'beta_1': 14.051232013477206, 'beta_2': 0.1855589971029474, 'beta_3': 6.106191310347882, 'beta_4': 39.87981958520021}. Best is trial 378 with value: 127.02756683178792.
[I 2026-04-01 13:33:19,187] Trial 382 finished with value: 130.70451719572043 and parameters: {'alpha_0': 0.0007578380592898513, 'alpha_1': 5.453920255849623e-05, 'alpha_2': 0.00011857196532620839, 'beta_0': 0.08469552931704523, 'beta_1': 14.061805547181093, 'beta_2': 0.1862241120759075, 'beta_3': 6.057851431952846, 'beta_4': 41.04608574126608}. Best is trial 378 with value: 127.02756683178792.
[I 2026-04-01 13:33:35,955] Trial 383 finished with value: 128.02946548332167 and parameters: {'alpha_0': 0.0008147569328506902, 'alpha_1': 5.196349731597631e-05, 'alpha_2': 0.00011994042018662435, 'beta_0': 0.093344310338885, 'beta_1': 14.282889250801505, 'beta_2': 0.1767541859619781, 'beta_3': 6.264752171597847, 'beta_4': 41.82064283336904}. Best is trial 378 with value: 127.02756683178792.
[I 2026-04-01 13:33:52,778] Trial 384 finished with value: 128.43142122153668 and parameters: {'alpha_0': 0.0007244661331626179, 'alpha_1': 5.17715984813119e-05, 'alpha_2': 0.00011994605763699169, 'beta_0': 0.0875165372152783, 'beta_1': 13.975860077816112, 'beta_2': 0.16810734132169447, 'beta_3': 6.32750988971614, 'beta_4': 40.14194498332587}. Best is trial 378 with value: 127.02756683178792.
[I 2026-04-01 13:34:09,366] Trial 385 finished with value: 127.53768215232863 and parameters: {'alpha_0': 0.0006485435601101143, 'alpha_1': 5.0094748087809396e-05, 'alpha_2': 0.00011737250780564898, 'beta_0': 0.08387458497005787, 'beta_1': 13.881423036747776, 'beta_2': 0.1799933980052414, 'beta_3': 6.134057108803434, 'beta_4': 40.85416326220342}. Best is trial 378 with value: 127.02756683178792.
[I 2026-04-01 13:34:25,894] Trial 386 finished with value: 131.8691975933745 and parameters: {'alpha_0': 0.0005775574821064046, 'alpha_1': 5.581139205059534e-05, 'alpha_2': 0.00011696179576876696, 'beta_0': 0.08438794817309779, 'beta_1': 13.70125462278367, 'beta_2': 0.18488825099781145, 'beta_3': 6.3759298555122355, 'beta_4': 40.71155645385409}. Best is trial 378 with value: 127.02756683178792.
[I 2026-04-01 13:34:42,560] Trial 387 finished with value: 129.89992032484685 and parameters: {'alpha_0': 0.0005906340782499948, 'alpha_1': 5.355159179311331e-05, 'alpha_2': 0.00011719841077200541, 'beta_0': 0.09006487547543889, 'beta_1': 13.969018116144273, 'beta_2': 0.1888515090899208, 'beta_3': 6.138339674523566, 'beta_4': 39.750030633870914}. Best is trial 378 with value: 127.02756683178792.
[I 2026-04-01 13:34:59,159] Trial 388 finished with value: 127.28566599145361 and parameters: {'alpha_0': 0.0006968747652880174, 'alpha_1': 5.007193932758507e-05, 'alpha_2': 0.00011820803149413807, 'beta_0': 0.08404756437533721, 'beta_1': 13.904118668673439, 'beta_2': 0.1811414361304809, 'beta_3': 6.128506027223703, 'beta_4': 38.499457201646216}. Best is trial 378 with value: 127.02756683178792.
[I 2026-04-01 13:35:15,874] Trial 389 finished with value: 129.62395869630018 and parameters: {'alpha_0': 0.0006519256659041436, 'alpha_1': 5.187436849363658e-05, 'alpha_2': 0.00011629886908591557, 'beta_0': 0.08230220849801526, 'beta_1': 13.520332723393329, 'beta_2': 0.17973349859715904, 'beta_3': 6.147839127160305, 'beta_4': 40.733909917552715}. Best is trial 378 with value: 127.02756683178792.
[I 2026-04-01 13:35:32,487] Trial 390 finished with value: 200.203758518733 and parameters: {'alpha_0': 0.0007781035889849215, 'alpha_1': 0.00010129852646492129, 'alpha_2': 0.0001177392493846676, 'beta_0': 0.09480124086398208, 'beta_1': 13.82386150683251, 'beta_2': 0.18252209204082329, 'beta_3': 6.14683432487191, 'beta_4': 38.48996064839481}. Best is trial 378 with value: 127.02756683178792.
[I 2026-04-01 13:35:49,331] Trial 391 finished with value: 130.7641681093278 and parameters: {'alpha_0': 0.0006814690925170609, 'alpha_1': 5.3790210084507785e-05, 'alpha_2': 7.953333032779253e-05, 'beta_0': 0.09969630270609982, 'beta_1': 13.423465326914574, 'beta_2': 0.17744227968040538, 'beta_3': 6.230174467961415, 'beta_4': 42.57549098198477}. Best is trial 378 with value: 127.02756683178792.
[I 2026-04-01 13:36:06,052] Trial 392 finished with value: 136.60457959168315 and parameters: {'alpha_0': 0.0006202356544271615, 'alpha_1': 6.033174475863984e-05, 'alpha_2': 0.00011598015923086743, 'beta_0': 0.08241797544847665, 'beta_1': 13.689407929141986, 'beta_2': 0.17267925589554656, 'beta_3': 6.364954833625585, 'beta_4': 35.78294700639729}. Best is trial 378 with value: 127.02756683178792.
[I 2026-04-01 13:36:22,639] Trial 393 finished with value: 128.97788770032827 and parameters: {'alpha_0': 0.000641373231845798, 'alpha_1': 5.192250501442795e-05, 'alpha_2': 0.00011756629433687077, 'beta_0': 0.0809235224050114, 'beta_1': 13.874442105961101, 'beta_2': 0.18086420964007824, 'beta_3': 6.250763081404404, 'beta_4': 38.24631170390167}. Best is trial 378 with value: 127.02756683178792.
[I 2026-04-01 13:36:39,270] Trial 394 finished with value: 127.29348007214426 and parameters: {'alpha_0': 0.0007152021592340583, 'alpha_1': 5.009454845761624e-05, 'alpha_2': 0.00011815836590735468, 'beta_0': 0.08993714130086883, 'beta_1': 14.020185164188954, 'beta_2': 0.18092723704902633, 'beta_3': 6.050892636669132, 'beta_4': 38.00055885158521}. Best is trial 378 with value: 127.02756683178792.
[I 2026-04-01 13:36:55,896] Trial 395 finished with value: 132.25274380060054 and parameters: {'alpha_0': 0.0006742972395031567, 'alpha_1': 5.5420535100386745e-05, 'alpha_2': 0.00011557400152307565, 'beta_0': 0.09087015715848079, 'beta_1': 13.54593255703204, 'beta_2': 0.18113091883530466, 'beta_3': 6.083962869172251, 'beta_4': 36.830048798919975}. Best is trial 378 with value: 127.02756683178792.
[I 2026-04-01 13:37:12,673] Trial 396 finished with value: 129.74267949411018 and parameters: {'alpha_0': 0.0006980183339086417, 'alpha_1': 5.321285105278569e-05, 'alpha_2': 0.00011589680329618127, 'beta_0': 0.09555007868235862, 'beta_1': 13.93597673755749, 'beta_2': 0.17795889876557586, 'beta_3': 6.034787530924531, 'beta_4': 37.69191325642243}. Best is trial 378 with value: 127.02756683178792.
[I 2026-04-01 13:37:29,279] Trial 397 finished with value: 128.69501219055167 and parameters: {'alpha_0': 0.000732805432367801, 'alpha_1': 5.1808394947895856e-05, 'alpha_2': 0.00011805979426462025, 'beta_0': 0.09178969646215761, 'beta_1': 13.98735433209538, 'beta_2': 0.17568684364975115, 'beta_3': 6.139329395923289, 'beta_4': 37.9324206066137}. Best is trial 378 with value: 127.02756683178792.
[I 2026-04-01 13:37:46,067] Trial 398 finished with value: 127.1459481699942 and parameters: {'alpha_0': 0.00067830766639256, 'alpha_1': 5.0091993566150596e-05, 'alpha_2': 0.00011696525545011786, 'beta_0': 0.08761202764949298, 'beta_1': 14.033046466911015, 'beta_2': 0.18376157898198184, 'beta_3': 6.02893853642618, 'beta_4': 38.50558909971359}. Best is trial 378 with value: 127.02756683178792.
