[I 2026-04-01 14:18:56,441] Trial 546 finished with value: 127.47188133935859 and parameters: {'alpha_0': 0.0005544802909693279, 'alpha_1': 5.0088801304690474e-05, 'alpha_2': 0.00011493137446370095, 'beta_0': 0.0758736504786749, 'beta_1': 13.883243635322655, 'beta_2': 0.19025920406579888, 'beta_3': 7.142450814688091, 'beta_4': 41.679324988042325}. Best is trial 524 with value: 126.14243661523494.Best trial: 524. Best value: 126.142:  55%|█████▍    | 546/1000 [2:32:34<2:06:16, 16.69s/it]Best trial: 524. Best value: 126.142:  55%|█████▍    | 546/1000 [2:32:34<2:06:16, 16.69s/it]Best trial: 524. Best value: 126.142:  55%|█████▍    | 547/1000 [2:32:34<2:05:50, 16.67s/it]                                                                                            Best trial: 524. Best value: 126.142:  55%|█████▍    | 547/1000 [2:32:51<2:05:50, 16.67s/it]Best trial: 524. Best value: 126.142:  55%|█████▍    | 547/1000 [2:32:51<2:05:50, 16.67s/it]Best trial: 524. Best value: 126.142:  55%|█████▍    | 548/1000 [2:32:51<2:05:22, 16.64s/it]                                                                                            Best trial: 524. Best value: 126.142:  55%|█████▍    | 548/1000 [2:33:07<2:05:22, 16.64s/it]Best trial: 524. Best value: 126.142:  55%|█████▍    | 548/1000 [2:33:07<2:05:22, 16.64s/it]Best trial: 524. Best value: 126.142:  55%|█████▍    | 549/1000 [2:33:07<2:04:54, 16.62s/it]                                                                                            Best trial: 524. Best value: 126.142:  55%|█████▍    | 549/1000 [2:33:24<2:04:54, 16.62s/it]Best trial: 524. Best value: 126.142:  55%|█████▍    | 549/1000 [2:33:24<2:04:54, 16.62s/it]Best trial: 524. Best value: 126.142:  55%|█████▌    | 550/1000 [2:33:24<2:04:47, 16.64s/it]                                                                                            Best trial: 524. Best value: 126.142:  55%|█████▌    | 550/1000 [2:33:41<2:04:47, 16.64s/it]Best trial: 524. Best value: 126.142:  55%|█████▌    | 550/1000 [2:33:41<2:04:47, 16.64s/it]Best trial: 524. Best value: 126.142:  55%|█████▌    | 551/1000 [2:33:41<2:04:33, 16.64s/it]                                                                                            Best trial: 524. Best value: 126.142:  55%|█████▌    | 551/1000 [2:33:57<2:04:33, 16.64s/it]Best trial: 524. Best value: 126.142:  55%|█████▌    | 551/1000 [2:33:57<2:04:33, 16.64s/it]Best trial: 524. Best value: 126.142:  55%|█████▌    | 552/1000 [2:33:57<2:04:07, 16.62s/it]                                                                                            Best trial: 524. Best value: 126.142:  55%|█████▌    | 552/1000 [2:34:14<2:04:07, 16.62s/it]Best trial: 524. Best value: 126.142:  55%|█████▌    | 552/1000 [2:34:14<2:04:07, 16.62s/it]Best trial: 524. Best value: 126.142:  55%|█████▌    | 553/1000 [2:34:14<2:03:45, 16.61s/it]                                                                                            Best trial: 524. Best value: 126.142:  55%|█████▌    | 553/1000 [2:34:30<2:03:45, 16.61s/it]Best trial: 524. Best value: 126.142:  55%|█████▌    | 553/1000 [2:34:30<2:03:45, 16.61s/it]Best trial: 524. Best value: 126.142:  55%|█████▌    | 554/1000 [2:34:30<2:03:44, 16.65s/it]                                                                                            Best trial: 524. Best value: 126.142:  55%|█████▌    | 554/1000 [2:34:47<2:03:44, 16.65s/it]Best trial: 524. Best value: 126.142:  55%|█████▌    | 554/1000 [2:34:47<2:03:44, 16.65s/it]Best trial: 524. Best value: 126.142:  56%|█████▌    | 555/1000 [2:34:47<2:03:25, 16.64s/it]                                                                                            Best trial: 524. Best value: 126.142:  56%|█████▌    | 555/1000 [2:35:04<2:03:25, 16.64s/it]Best trial: 524. Best value: 126.142:  56%|█████▌    | 555/1000 [2:35:04<2:03:25, 16.64s/it]Best trial: 524. Best value: 126.142:  56%|█████▌    | 556/1000 [2:35:04<2:03:00, 16.62s/it]                                                                                            Best trial: 524. Best value: 126.142:  56%|█████▌    | 556/1000 [2:35:20<2:03:00, 16.62s/it]Best trial: 524. Best value: 126.142:  56%|█████▌    | 556/1000 [2:35:20<2:03:00, 16.62s/it]Best trial: 524. Best value: 126.142:  56%|█████▌    | 557/1000 [2:35:20<2:02:39, 16.61s/it]                                                                                            Best trial: 524. Best value: 126.142:  56%|█████▌    | 557/1000 [2:35:37<2:02:39, 16.61s/it]Best trial: 524. Best value: 126.142:  56%|█████▌    | 557/1000 [2:35:37<2:02:39, 16.61s/it]Best trial: 524. Best value: 126.142:  56%|█████▌    | 558/1000 [2:35:37<2:03:30, 16.77s/it]                                                                                            Best trial: 524. Best value: 126.142:  56%|█████▌    | 558/1000 [2:35:54<2:03:30, 16.77s/it]Best trial: 524. Best value: 126.142:  56%|█████▌    | 558/1000 [2:35:54<2:03:30, 16.77s/it]Best trial: 524. Best value: 126.142:  56%|█████▌    | 559/1000 [2:35:54<2:02:46, 16.70s/it]                                                                                            Best trial: 524. Best value: 126.142:  56%|█████▌    | 559/1000 [2:36:11<2:02:46, 16.70s/it]Best trial: 524. Best value: 126.142:  56%|█████▌    | 559/1000 [2:36:11<2:02:46, 16.70s/it]Best trial: 524. Best value: 126.142:  56%|█████▌    | 560/1000 [2:36:11<2:02:23, 16.69s/it]                                                                                            Best trial: 524. Best value: 126.142:  56%|█████▌    | 560/1000 [2:36:27<2:02:23, 16.69s/it]Best trial: 524. Best value: 126.142:  56%|█████▌    | 560/1000 [2:36:27<2:02:23, 16.69s/it]Best trial: 524. Best value: 126.142:  56%|█████▌    | 561/1000 [2:36:27<2:01:55, 16.66s/it]                                                                                            Best trial: 524. Best value: 126.142:  56%|█████▌    | 561/1000 [2:36:44<2:01:55, 16.66s/it]Best trial: 524. Best value: 126.142:  56%|█████▌    | 561/1000 [2:36:44<2:01:55, 16.66s/it]Best trial: 524. Best value: 126.142:  56%|█████▌    | 562/1000 [2:36:44<2:01:32, 16.65s/it]                                                                                            Best trial: 524. Best value: 126.142:  56%|█████▌    | 562/1000 [2:37:00<2:01:32, 16.65s/it]Best trial: 524. Best value: 126.142:  56%|█████▌    | 562/1000 [2:37:00<2:01:32, 16.65s/it]Best trial: 524. Best value: 126.142:  56%|█████▋    | 563/1000 [2:37:00<2:01:12, 16.64s/it]                                                                                            Best trial: 524. Best value: 126.142:  56%|█████▋    | 563/1000 [2:37:17<2:01:12, 16.64s/it]Best trial: 524. Best value: 126.142:  56%|█████▋    | 563/1000 [2:37:17<2:01:12, 16.64s/it]Best trial: 524. Best value: 126.142:  56%|█████▋    | 564/1000 [2:37:17<2:00:53, 16.64s/it]                                                                                            Best trial: 524. Best value: 126.142:  56%|█████▋    | 564/1000 [2:37:34<2:00:53, 16.64s/it]Best trial: 524. Best value: 126.142:  56%|█████▋    | 564/1000 [2:37:34<2:00:53, 16.64s/it]Best trial: 524. Best value: 126.142:  56%|█████▋    | 565/1000 [2:37:34<2:00:51, 16.67s/it]                                                                                            Best trial: 524. Best value: 126.142:  56%|█████▋    | 565/1000 [2:37:50<2:00:51, 16.67s/it]Best trial: 524. Best value: 126.142:  56%|█████▋    | 565/1000 [2:37:50<2:00:51, 16.67s/it]Best trial: 524. Best value: 126.142:  57%|█████▋    | 566/1000 [2:37:50<2:00:29, 16.66s/it]                                                                                            Best trial: 524. Best value: 126.142:  57%|█████▋    | 566/1000 [2:38:07<2:00:29, 16.66s/it]Best trial: 524. Best value: 126.142:  57%|█████▋    | 566/1000 [2:38:07<2:00:29, 16.66s/it]Best trial: 524. Best value: 126.142:  57%|█████▋    | 567/1000 [2:38:07<2:00:11, 16.65s/it]                                                                                            
[I 2026-04-01 14:19:13,025] Trial 547 finished with value: 128.16005884961393 and parameters: {'alpha_0': 0.0006682606791672618, 'alpha_1': 5.174593124180195e-05, 'alpha_2': 0.0001107812257444401, 'beta_0': 0.06260118055864315, 'beta_1': 14.410612230419506, 'beta_2': 0.1924655097699765, 'beta_3': 7.385136884940483, 'beta_4': 42.914452155759875}. Best is trial 524 with value: 126.14243661523494.
[I 2026-04-01 14:19:29,581] Trial 548 finished with value: 130.12812863096283 and parameters: {'alpha_0': 0.0006667254815862361, 'alpha_1': 5.445933362076798e-05, 'alpha_2': 0.00011382961801621439, 'beta_0': 0.07562041296193148, 'beta_1': 14.118529799648025, 'beta_2': 0.19568069631631604, 'beta_3': 7.137470165041021, 'beta_4': 42.477532297086}. Best is trial 524 with value: 126.14243661523494.
[I 2026-04-01 14:19:46,271] Trial 549 finished with value: 127.08486382213954 and parameters: {'alpha_0': 0.0005068475079403332, 'alpha_1': 5.166727546193355e-05, 'alpha_2': 0.00011551395175748114, 'beta_0': 0.07075102974231601, 'beta_1': 14.997441394042854, 'beta_2': 0.19036010003251427, 'beta_3': 7.20598380428518, 'beta_4': 41.57811959549244}. Best is trial 524 with value: 126.14243661523494.
[I 2026-04-01 14:20:02,928] Trial 550 finished with value: 135.39903072130224 and parameters: {'alpha_0': 0.0005028575713665537, 'alpha_1': 6.073949220229504e-05, 'alpha_2': 0.00011272123816633228, 'beta_0': 0.054255076357945076, 'beta_1': 14.87909643051338, 'beta_2': 0.18991014041538187, 'beta_3': 7.228249070623529, 'beta_4': 41.564133610926156}. Best is trial 524 with value: 126.14243661523494.
[I 2026-04-01 14:20:19,502] Trial 551 finished with value: 130.78286003952417 and parameters: {'alpha_0': 0.0006835789972248306, 'alpha_1': 5.62646891254007e-05, 'alpha_2': 0.00011505381747707517, 'beta_0': 0.0673892432298557, 'beta_1': 14.955063437993463, 'beta_2': 0.19234389130226062, 'beta_3': 6.911763085085829, 'beta_4': 43.34664145139259}. Best is trial 524 with value: 126.14243661523494.
[I 2026-04-01 14:20:36,088] Trial 552 finished with value: 128.32585911014468 and parameters: {'alpha_0': 0.0005624371522838091, 'alpha_1': 5.3449349447391694e-05, 'alpha_2': 0.0001154296609991848, 'beta_0': 0.06079231820178646, 'beta_1': 14.98642297245923, 'beta_2': 0.18670445735404917, 'beta_3': 7.523764505226386, 'beta_4': 41.444140295335735}. Best is trial 524 with value: 126.14243661523494.
[I 2026-04-01 14:20:52,817] Trial 553 finished with value: 134.09776298341936 and parameters: {'alpha_0': 0.0006431383177308851, 'alpha_1': 5.1779070066847954e-05, 'alpha_2': 0.00011155152258415096, 'beta_0': 0.06940299389922396, 'beta_1': 7.887001960892737, 'beta_2': 0.1897153381037315, 'beta_3': 7.3150139646775525, 'beta_4': 41.95117606166236}. Best is trial 524 with value: 126.14243661523494.
[I 2026-04-01 14:21:09,444] Trial 554 finished with value: 130.01462819963257 and parameters: {'alpha_0': 0.0007030555638107023, 'alpha_1': 5.506421541239834e-05, 'alpha_2': 0.00011439892490744951, 'beta_0': 0.07141423018032957, 'beta_1': 14.768245029754636, 'beta_2': 0.19348847535762842, 'beta_3': 7.054525122892367, 'beta_4': 42.466198670970044}. Best is trial 524 with value: 126.14243661523494.
[I 2026-04-01 14:21:26,026] Trial 555 finished with value: 127.29822791401219 and parameters: {'alpha_0': 0.0006219592257762052, 'alpha_1': 5.185874949521085e-05, 'alpha_2': 0.00011579841856544204, 'beta_0': 0.06741505776230154, 'beta_1': 14.780524565682402, 'beta_2': 0.1993527747578488, 'beta_3': 7.256162542425936, 'beta_4': 43.93292099659805}. Best is trial 524 with value: 126.14243661523494.
[I 2026-04-01 14:21:42,618] Trial 556 finished with value: 133.34551004459237 and parameters: {'alpha_0': 0.0006059807560456279, 'alpha_1': 5.864543684772447e-05, 'alpha_2': 0.00011595272157043133, 'beta_0': 0.058700237506027056, 'beta_1': 14.808718560911968, 'beta_2': 0.20034323002439886, 'beta_3': 7.198265591347419, 'beta_4': 45.25095992857722}. Best is trial 524 with value: 126.14243661523494.
[I 2026-04-01 14:21:59,739] Trial 557 finished with value: 140.7246816150971 and parameters: {'alpha_0': 0.0006164973346594572, 'alpha_1': 5.679278529237461e-05, 'alpha_2': 0.00011612089272242426, 'beta_0': 0.18480780386951062, 'beta_1': 14.691462249520486, 'beta_2': 0.1985919925412906, 'beta_3': 7.265909027268143, 'beta_4': 44.00647574898704}. Best is trial 524 with value: 126.14243661523494.
[I 2026-04-01 14:22:16,298] Trial 558 finished with value: 128.9989635713848 and parameters: {'alpha_0': 0.0006497396693251719, 'alpha_1': 5.3777595107785496e-05, 'alpha_2': 4.764173560524316e-05, 'beta_0': 0.06536317156532412, 'beta_1': 14.997409218988155, 'beta_2': 0.18728270974273503, 'beta_3': 7.177433250767726, 'beta_4': 46.23204663056973}. Best is trial 524 with value: 126.14243661523494.
[I 2026-04-01 14:22:32,952] Trial 559 finished with value: 127.66172902270769 and parameters: {'alpha_0': 0.0006980748842095189, 'alpha_1': 5.180287003566403e-05, 'alpha_2': 0.0001157910681483144, 'beta_0': 0.06282252576499406, 'beta_1': 14.557746517668898, 'beta_2': 0.19566867805145255, 'beta_3': 7.101808982906703, 'beta_4': 43.39687119722775}. Best is trial 524 with value: 126.14243661523494.
[I 2026-04-01 14:22:49,555] Trial 560 finished with value: 127.95802668127763 and parameters: {'alpha_0': 0.0005484578906302679, 'alpha_1': 5.3306579016310695e-05, 'alpha_2': 0.00011386130183546492, 'beta_0': 0.0696427533468403, 'beta_1': 14.996363852542409, 'beta_2': 0.19716736665863793, 'beta_3': 7.266021747263905, 'beta_4': 43.839192360894145}. Best is trial 524 with value: 126.14243661523494.
[I 2026-04-01 14:23:06,171] Trial 561 finished with value: 131.81742358513722 and parameters: {'alpha_0': 0.0006002825194881003, 'alpha_1': 5.57804800583162e-05, 'alpha_2': 0.00011604329166115061, 'beta_0': 0.06678042397232001, 'beta_1': 13.46705849534323, 'beta_2': 0.1995521769710924, 'beta_3': 7.412404009041434, 'beta_4': 41.01017745476529}. Best is trial 524 with value: 126.14243661523494.
[I 2026-04-01 14:23:22,793] Trial 562 finished with value: 127.39875715929477 and parameters: {'alpha_0': 0.0006540429298617886, 'alpha_1': 5.165767726125546e-05, 'alpha_2': 0.00011348536053626401, 'beta_0': 0.07406860634481477, 'beta_1': 14.725787995249549, 'beta_2': 0.19408764841411458, 'beta_3': 6.885386309372962, 'beta_4': 44.58321190533513}. Best is trial 524 with value: 126.14243661523494.
[I 2026-04-01 14:23:39,418] Trial 563 finished with value: 128.3140012462922 and parameters: {'alpha_0': 0.0007274687417957674, 'alpha_1': 5.173069396747316e-05, 'alpha_2': 0.00011642166074492049, 'beta_0': 0.06869005660404855, 'beta_1': 14.349905299074525, 'beta_2': 0.191042475961853, 'beta_3': 6.999017201520052, 'beta_4': 43.045686564646445}. Best is trial 524 with value: 126.14243661523494.
[I 2026-04-01 14:23:56,166] Trial 564 finished with value: 136.48889470019654 and parameters: {'alpha_0': 0.000667591559322866, 'alpha_1': 5.400407628990684e-05, 'alpha_2': 0.00011457419026741144, 'beta_0': 0.06372284275480557, 'beta_1': 5.31763416049022, 'beta_2': 0.20223770385931283, 'beta_3': 7.092893676209362, 'beta_4': 45.84453972044859}. Best is trial 524 with value: 126.14243661523494.
[I 2026-04-01 14:24:12,797] Trial 565 finished with value: 128.36245947621023 and parameters: {'alpha_0': 0.0005612899594946947, 'alpha_1': 5.181385971556803e-05, 'alpha_2': 0.00011671538773656282, 'beta_0': 0.07144439900732595, 'beta_1': 13.936263877895602, 'beta_2': 0.1855295617848388, 'beta_3': 7.3581168946631355, 'beta_4': 42.44393082330433}. Best is trial 524 with value: 126.14243661523494.
[I 2026-04-01 14:24:29,443] Trial 566 finished with value: 129.1048501049627 and parameters: {'alpha_0': 0.0007490895760853307, 'alpha_1': 5.348336822878279e-05, 'alpha_2': 0.00011494327387739666, 'beta_0': 0.05864026704616839, 'beta_1': 14.529996199939307, 'beta_2': 0.18878659036041814, 'beta_3': 7.215453229047886, 'beta_4': 41.53120703580059}. Best is trial 524 with value: 126.14243661523494.
