[I 2026-04-01 12:57:10,033] Trial 252 finished with value: 129.7970278233434 and parameters: {'alpha_0': 0.001474102114945742, 'alpha_1': 5.309983172355266e-05, 'alpha_2': 0.00011965936908946586, 'beta_0': 0.08115341029275651, 'beta_1': 14.994581779729248, 'beta_2': 0.2157353776098772, 'beta_3': 5.3389593779040405, 'beta_4': 40.93468099633331}. Best is trial 247 with value: 127.23598630728915.Best trial: 247. Best value: 127.236:  25%|██▌       | 252/1000 [1:10:48<3:26:13, 16.54s/it]Best trial: 247. Best value: 127.236:  25%|██▌       | 252/1000 [1:10:48<3:26:13, 16.54s/it]Best trial: 247. Best value: 127.236:  25%|██▌       | 253/1000 [1:10:48<3:25:51, 16.53s/it]                                                                                            Best trial: 247. Best value: 127.236:  25%|██▌       | 253/1000 [1:11:04<3:25:51, 16.53s/it]Best trial: 247. Best value: 127.236:  25%|██▌       | 253/1000 [1:11:04<3:25:51, 16.53s/it]Best trial: 247. Best value: 127.236:  25%|██▌       | 254/1000 [1:11:04<3:25:36, 16.54s/it]                                                                                            Best trial: 247. Best value: 127.236:  25%|██▌       | 254/1000 [1:11:21<3:25:36, 16.54s/it]Best trial: 247. Best value: 127.236:  25%|██▌       | 254/1000 [1:11:21<3:25:36, 16.54s/it]Best trial: 247. Best value: 127.236:  26%|██▌       | 255/1000 [1:11:21<3:25:18, 16.54s/it]                                                                                            Best trial: 247. Best value: 127.236:  26%|██▌       | 255/1000 [1:11:37<3:25:18, 16.54s/it]Best trial: 247. Best value: 127.236:  26%|██▌       | 255/1000 [1:11:37<3:25:18, 16.54s/it]Best trial: 247. Best value: 127.236:  26%|██▌       | 256/1000 [1:11:37<3:25:02, 16.54s/it]                                                                                            Best trial: 247. Best value: 127.236:  26%|██▌       | 256/1000 [1:11:54<3:25:02, 16.54s/it]Best trial: 247. Best value: 127.236:  26%|██▌       | 256/1000 [1:11:54<3:25:02, 16.54s/it]Best trial: 247. Best value: 127.236:  26%|██▌       | 257/1000 [1:11:54<3:24:56, 16.55s/it]                                                                                            Best trial: 247. Best value: 127.236:  26%|██▌       | 257/1000 [1:12:10<3:24:56, 16.55s/it]Best trial: 247. Best value: 127.236:  26%|██▌       | 257/1000 [1:12:10<3:24:56, 16.55s/it]Best trial: 247. Best value: 127.236:  26%|██▌       | 258/1000 [1:12:10<3:24:27, 16.53s/it]                                                                                            Best trial: 247. Best value: 127.236:  26%|██▌       | 258/1000 [1:12:27<3:24:27, 16.53s/it]Best trial: 247. Best value: 127.236:  26%|██▌       | 258/1000 [1:12:27<3:24:27, 16.53s/it]Best trial: 247. Best value: 127.236:  26%|██▌       | 259/1000 [1:12:27<3:24:19, 16.55s/it]                                                                                            Best trial: 247. Best value: 127.236:  26%|██▌       | 259/1000 [1:12:43<3:24:19, 16.55s/it]Best trial: 247. Best value: 127.236:  26%|██▌       | 259/1000 [1:12:43<3:24:19, 16.55s/it]Best trial: 247. Best value: 127.236:  26%|██▌       | 260/1000 [1:12:43<3:23:52, 16.53s/it]                                                                                            Best trial: 247. Best value: 127.236:  26%|██▌       | 260/1000 [1:13:00<3:23:52, 16.53s/it]Best trial: 247. Best value: 127.236:  26%|██▌       | 260/1000 [1:13:00<3:23:52, 16.53s/it]Best trial: 247. Best value: 127.236:  26%|██▌       | 261/1000 [1:13:00<3:23:23, 16.51s/it]                                                                                            Best trial: 247. Best value: 127.236:  26%|██▌       | 261/1000 [1:13:16<3:23:23, 16.51s/it]Best trial: 247. Best value: 127.236:  26%|██▌       | 261/1000 [1:13:16<3:23:23, 16.51s/it]Best trial: 247. Best value: 127.236:  26%|██▌       | 262/1000 [1:13:16<3:23:16, 16.53s/it]                                                                                            Best trial: 247. Best value: 127.236:  26%|██▌       | 262/1000 [1:13:34<3:23:16, 16.53s/it]Best trial: 247. Best value: 127.236:  26%|██▌       | 262/1000 [1:13:34<3:23:16, 16.53s/it]Best trial: 247. Best value: 127.236:  26%|██▋       | 263/1000 [1:13:34<3:25:50, 16.76s/it]                                                                                            Best trial: 247. Best value: 127.236:  26%|██▋       | 263/1000 [1:13:50<3:25:50, 16.76s/it]Best trial: 247. Best value: 127.236:  26%|██▋       | 263/1000 [1:13:50<3:25:50, 16.76s/it]Best trial: 247. Best value: 127.236:  26%|██▋       | 264/1000 [1:13:50<3:24:35, 16.68s/it]                                                                                            Best trial: 247. Best value: 127.236:  26%|██▋       | 264/1000 [1:14:07<3:24:35, 16.68s/it]Best trial: 247. Best value: 127.236:  26%|██▋       | 264/1000 [1:14:07<3:24:35, 16.68s/it]Best trial: 247. Best value: 127.236:  26%|██▋       | 265/1000 [1:14:07<3:23:43, 16.63s/it]                                                                                            Best trial: 247. Best value: 127.236:  26%|██▋       | 265/1000 [1:14:23<3:23:43, 16.63s/it]Best trial: 247. Best value: 127.236:  26%|██▋       | 265/1000 [1:14:23<3:23:43, 16.63s/it]Best trial: 247. Best value: 127.236:  27%|██▋       | 266/1000 [1:14:23<3:23:44, 16.65s/it]                                                                                            Best trial: 247. Best value: 127.236:  27%|██▋       | 266/1000 [1:14:40<3:23:44, 16.65s/it]Best trial: 247. Best value: 127.236:  27%|██▋       | 266/1000 [1:14:40<3:23:44, 16.65s/it]Best trial: 247. Best value: 127.236:  27%|██▋       | 267/1000 [1:14:40<3:23:05, 16.62s/it]                                                                                            Best trial: 247. Best value: 127.236:  27%|██▋       | 267/1000 [1:14:57<3:23:05, 16.62s/it]Best trial: 247. Best value: 127.236:  27%|██▋       | 267/1000 [1:14:57<3:23:05, 16.62s/it]Best trial: 247. Best value: 127.236:  27%|██▋       | 268/1000 [1:14:57<3:22:28, 16.60s/it]                                                                                            Best trial: 247. Best value: 127.236:  27%|██▋       | 268/1000 [1:15:13<3:22:28, 16.60s/it]Best trial: 247. Best value: 127.236:  27%|██▋       | 268/1000 [1:15:13<3:22:28, 16.60s/it]Best trial: 247. Best value: 127.236:  27%|██▋       | 269/1000 [1:15:13<3:21:58, 16.58s/it]                                                                                            Best trial: 247. Best value: 127.236:  27%|██▋       | 269/1000 [1:15:30<3:21:58, 16.58s/it]Best trial: 247. Best value: 127.236:  27%|██▋       | 269/1000 [1:15:30<3:21:58, 16.58s/it]Best trial: 247. Best value: 127.236:  27%|██▋       | 270/1000 [1:15:30<3:21:29, 16.56s/it]                                                                                            Best trial: 247. Best value: 127.236:  27%|██▋       | 270/1000 [1:15:46<3:21:29, 16.56s/it]Best trial: 247. Best value: 127.236:  27%|██▋       | 270/1000 [1:15:46<3:21:29, 16.56s/it]Best trial: 247. Best value: 127.236:  27%|██▋       | 271/1000 [1:15:46<3:21:10, 16.56s/it]                                                                                            Best trial: 247. Best value: 127.236:  27%|██▋       | 271/1000 [1:16:03<3:21:10, 16.56s/it]Best trial: 247. Best value: 127.236:  27%|██▋       | 271/1000 [1:16:03<3:21:10, 16.56s/it]Best trial: 247. Best value: 127.236:  27%|██▋       | 272/1000 [1:16:03<3:22:24, 16.68s/it]                                                                                            Best trial: 247. Best value: 127.236:  27%|██▋       | 272/1000 [1:16:20<3:22:24, 16.68s/it]Best trial: 247. Best value: 127.236:  27%|██▋       | 272/1000 [1:16:20<3:22:24, 16.68s/it]Best trial: 247. Best value: 127.236:  27%|██▋       | 273/1000 [1:16:20<3:21:29, 16.63s/it]                                                                                            
[I 2026-04-01 12:57:26,575] Trial 253 finished with value: 129.56380335431447 and parameters: {'alpha_0': 0.0010819551775508895, 'alpha_1': 5.199937244922514e-05, 'alpha_2': 0.00011685483483629007, 'beta_0': 0.0691136925673639, 'beta_1': 14.553197069036582, 'beta_2': 0.21940819773068201, 'beta_3': 5.835149322119993, 'beta_4': 41.95070420232359}. Best is trial 247 with value: 127.23598630728915.
[I 2026-04-01 12:57:43,107] Trial 254 finished with value: 128.03732451242726 and parameters: {'alpha_0': 0.0011799834200718806, 'alpha_1': 5.001524502092551e-05, 'alpha_2': 0.0001189721177349231, 'beta_0': 0.07610404912718118, 'beta_1': 14.803994416840153, 'beta_2': 0.2283519940643206, 'beta_3': 5.538099366840693, 'beta_4': 41.24319724072691}. Best is trial 247 with value: 127.23598630728915.
[I 2026-04-01 12:57:59,642] Trial 255 finished with value: 130.5464698353582 and parameters: {'alpha_0': 0.0011899818975290774, 'alpha_1': 5.37926820435613e-05, 'alpha_2': 0.00011876226049338755, 'beta_0': 0.07617967360606144, 'beta_1': 14.780115976945362, 'beta_2': 0.22075914587690404, 'beta_3': 5.491476038318869, 'beta_4': 41.30722272242542}. Best is trial 247 with value: 127.23598630728915.
[I 2026-04-01 12:58:16,226] Trial 256 finished with value: 128.9183704392915 and parameters: {'alpha_0': 0.0011396412711445088, 'alpha_1': 5.178312875700473e-05, 'alpha_2': 0.00011982594013796654, 'beta_0': 0.08473766497391808, 'beta_1': 14.547796438088639, 'beta_2': 0.22870893298547754, 'beta_3': 5.542767685947079, 'beta_4': 42.732157979966225}. Best is trial 247 with value: 127.23598630728915.
[I 2026-04-01 12:58:32,719] Trial 257 finished with value: 127.76979955137048 and parameters: {'alpha_0': 0.001090264090727234, 'alpha_1': 5.007731034986733e-05, 'alpha_2': 0.00011335133138135793, 'beta_0': 0.08113682126953031, 'beta_1': 14.782327460015654, 'beta_2': 0.22274394439194517, 'beta_3': 5.382028841466259, 'beta_4': 41.61661915954956}. Best is trial 247 with value: 127.23598630728915.
[I 2026-04-01 12:58:49,293] Trial 258 finished with value: 131.91701441868577 and parameters: {'alpha_0': 0.001098912031057726, 'alpha_1': 5.5704852751558705e-05, 'alpha_2': 0.0001136188432197277, 'beta_0': 0.08079879150762014, 'beta_1': 14.824966339813793, 'beta_2': 0.2219386471264013, 'beta_3': 5.3624058635894585, 'beta_4': 41.840613276064005}. Best is trial 247 with value: 127.23598630728915.
[I 2026-04-01 12:59:05,788] Trial 259 finished with value: 168.16954717212974 and parameters: {'alpha_0': 0.001085126428199972, 'alpha_1': 8.200988604195267e-05, 'alpha_2': 0.00011266647516513827, 'beta_0': 0.08600447847065096, 'beta_1': 14.987361880984666, 'beta_2': 0.21959611949810218, 'beta_3': 5.227356296850698, 'beta_4': 40.627785627822334}. Best is trial 247 with value: 127.23598630728915.
[I 2026-04-01 12:59:22,265] Trial 260 finished with value: 130.40169751596503 and parameters: {'alpha_0': 0.001131714934807973, 'alpha_1': 5.311781774420507e-05, 'alpha_2': 0.0001138413966660349, 'beta_0': 0.079656970074292, 'beta_1': 14.425435804317466, 'beta_2': 0.2341645436798181, 'beta_3': 5.438365558479605, 'beta_4': 41.18115836064952}. Best is trial 247 with value: 127.23598630728915.
[I 2026-04-01 12:59:38,821] Trial 261 finished with value: 128.47050358411633 and parameters: {'alpha_0': 0.0012009605788921207, 'alpha_1': 5.007804740073106e-05, 'alpha_2': 0.00011803822775691676, 'beta_0': 0.07588354155971817, 'beta_1': 14.77173620441163, 'beta_2': 0.23722344639113854, 'beta_3': 5.307014357345879, 'beta_4': 42.168751938122696}. Best is trial 247 with value: 127.23598630728915.
[I 2026-04-01 12:59:56,118] Trial 262 finished with value: 298.0771143616328 and parameters: {'alpha_0': 0.001106604945275964, 'alpha_1': 0.00014985058041246205, 'alpha_2': 0.00011473691829174846, 'beta_0': 0.1581314318850263, 'beta_1': 14.57083114046209, 'beta_2': 0.23266445268398903, 'beta_3': 5.5380634416239065, 'beta_4': 40.060551938861124}. Best is trial 247 with value: 127.23598630728915.
[I 2026-04-01 13:00:12,611] Trial 263 finished with value: 129.2804259190514 and parameters: {'alpha_0': 0.001019513782256894, 'alpha_1': 5.245887721331203e-05, 'alpha_2': 0.00011047979517457043, 'beta_0': 0.0817498611454316, 'beta_1': 14.811799343102644, 'beta_2': 0.23526532011204568, 'beta_3': 5.429726043533567, 'beta_4': 41.729626084163705}. Best is trial 247 with value: 127.23598630728915.
[I 2026-04-01 13:00:29,130] Trial 264 finished with value: 130.77479159314984 and parameters: {'alpha_0': 0.0010788965676440468, 'alpha_1': 5.4748218137250476e-05, 'alpha_2': 0.00011263503737852784, 'beta_0': 0.07522446388324963, 'beta_1': 14.987834091938723, 'beta_2': 0.23132157059071357, 'beta_3': 5.6231123483737075, 'beta_4': 41.053122530488274}. Best is trial 247 with value: 127.23598630728915.
[I 2026-04-01 13:00:45,839] Trial 265 finished with value: 129.12986282079046 and parameters: {'alpha_0': 0.000872545094769072, 'alpha_1': 5.185261280902595e-05, 'alpha_2': 0.00011471031477942814, 'beta_0': 0.0878889482475134, 'beta_1': 14.378334017162285, 'beta_2': 0.237980616733471, 'beta_3': 5.487969291620372, 'beta_4': 40.57290883336824}. Best is trial 247 with value: 127.23598630728915.
[I 2026-04-01 13:01:02,391] Trial 266 finished with value: 127.47444004537596 and parameters: {'alpha_0': 0.0012356460756949511, 'alpha_1': 5.003129708125446e-05, 'alpha_2': 0.00011773613503285556, 'beta_0': 0.08481392930966619, 'beta_1': 14.63241307315288, 'beta_2': 0.2182351179370627, 'beta_3': 5.592182438243104, 'beta_4': 41.518230141806114}. Best is trial 247 with value: 127.23598630728915.
[I 2026-04-01 13:01:18,926] Trial 267 finished with value: 134.47872770107278 and parameters: {'alpha_0': 0.001130378405040351, 'alpha_1': 5.748482132486575e-05, 'alpha_2': 0.00011691464111256829, 'beta_0': 0.08655383192017724, 'beta_1': 14.54686086277761, 'beta_2': 0.21382000287845887, 'beta_3': 5.380949578777601, 'beta_4': 40.32772179505524}. Best is trial 247 with value: 127.23598630728915.
[I 2026-04-01 13:01:35,461] Trial 268 finished with value: 209.13083744818096 and parameters: {'alpha_0': 0.001155668258220362, 'alpha_1': 0.00010610443176579369, 'alpha_2': 0.00011183182738108578, 'beta_0': 0.08257031013867734, 'beta_1': 14.314697290320968, 'beta_2': 0.21932240806264872, 'beta_3': 5.625134289367042, 'beta_4': 42.280006514900826}. Best is trial 247 with value: 127.23598630728915.
[I 2026-04-01 13:01:51,983] Trial 269 finished with value: 130.413572155402 and parameters: {'alpha_0': 0.0012390206408102193, 'alpha_1': 5.367817495229992e-05, 'alpha_2': 0.00011023207207587149, 'beta_0': 0.08754635887286821, 'beta_1': 14.63336205903389, 'beta_2': 0.21535163377631575, 'beta_3': 5.923502896035348, 'beta_4': 41.739683569183434}. Best is trial 247 with value: 127.23598630728915.
[I 2026-04-01 13:02:08,532] Trial 270 finished with value: 128.03647407000386 and parameters: {'alpha_0': 0.0009615897993175481, 'alpha_1': 5.192591596962879e-05, 'alpha_2': 0.00011553711760787262, 'beta_0': 0.08990460788422353, 'beta_1': 14.994958216889628, 'beta_2': 0.22168281090792452, 'beta_3': 5.816091282644893, 'beta_4': 39.78368421907789}. Best is trial 247 with value: 127.23598630728915.
[I 2026-04-01 13:02:25,506] Trial 271 finished with value: 270.4564106766006 and parameters: {'alpha_0': 0.0010541498565021653, 'alpha_1': 0.00013801629419396772, 'alpha_2': 0.00011413901261491793, 'beta_0': 0.08053292798320283, 'beta_1': 5.560257672284892, 'beta_2': 0.21858925871665788, 'beta_3': 5.294206526820171, 'beta_4': 41.45163305408755}. Best is trial 247 with value: 127.23598630728915.
[I 2026-04-01 13:02:42,011] Trial 272 finished with value: 127.58755742790763 and parameters: {'alpha_0': 0.001219818852064159, 'alpha_1': 5.002428643437071e-05, 'alpha_2': 0.00011222862531460073, 'beta_0': 0.08489733001610417, 'beta_1': 14.689825063551575, 'beta_2': 0.22326605316788026, 'beta_3': 5.62112775002978, 'beta_4': 41.02515742766956}. Best is trial 247 with value: 127.23598630728915.
