[I 2026-04-01 15:41:08,346] Trial 840 finished with value: 129.6149554662661 and parameters: {'alpha_0': 0.0005595592448891432, 'alpha_1': 5.4737638544738726e-05, 'alpha_2': 0.00010006461403035442, 'beta_0': 0.11943045349865944, 'beta_1': 14.998854889233941, 'beta_2': 0.2010085189289531, 'beta_3': 7.69207190963879, 'beta_4': 48.609095966068494}. Best is trial 713 with value: 124.40682604489682.Best trial: 713. Best value: 124.407:  84%|████████▍ | 840/1000 [3:54:46<44:43, 16.77s/it]Best trial: 713. Best value: 124.407:  84%|████████▍ | 840/1000 [3:54:46<44:43, 16.77s/it]Best trial: 713. Best value: 124.407:  84%|████████▍ | 841/1000 [3:54:46<44:21, 16.74s/it]                                                                                          Best trial: 713. Best value: 124.407:  84%|████████▍ | 841/1000 [3:55:03<44:21, 16.74s/it]Best trial: 713. Best value: 124.407:  84%|████████▍ | 841/1000 [3:55:03<44:21, 16.74s/it]Best trial: 713. Best value: 124.407:  84%|████████▍ | 842/1000 [3:55:03<44:03, 16.73s/it]                                                                                          Best trial: 713. Best value: 124.407:  84%|████████▍ | 842/1000 [3:55:20<44:03, 16.73s/it]Best trial: 713. Best value: 124.407:  84%|████████▍ | 842/1000 [3:55:20<44:03, 16.73s/it]Best trial: 713. Best value: 124.407:  84%|████████▍ | 843/1000 [3:55:20<43:53, 16.77s/it]                                                                                          Best trial: 713. Best value: 124.407:  84%|████████▍ | 843/1000 [3:55:36<43:53, 16.77s/it]Best trial: 713. Best value: 124.407:  84%|████████▍ | 843/1000 [3:55:36<43:53, 16.77s/it]Best trial: 713. Best value: 124.407:  84%|████████▍ | 844/1000 [3:55:36<43:32, 16.75s/it]                                                                                          Best trial: 713. Best value: 124.407:  84%|████████▍ | 844/1000 [3:55:53<43:32, 16.75s/it]Best trial: 713. Best value: 124.407:  84%|████████▍ | 844/1000 [3:55:53<43:32, 16.75s/it]Best trial: 713. Best value: 124.407:  84%|████████▍ | 845/1000 [3:55:53<43:12, 16.72s/it]                                                                                          Best trial: 713. Best value: 124.407:  84%|████████▍ | 845/1000 [3:56:10<43:12, 16.72s/it]Best trial: 713. Best value: 124.407:  84%|████████▍ | 845/1000 [3:56:10<43:12, 16.72s/it]Best trial: 713. Best value: 124.407:  85%|████████▍ | 846/1000 [3:56:10<42:59, 16.75s/it]                                                                                          Best trial: 713. Best value: 124.407:  85%|████████▍ | 846/1000 [3:56:27<42:59, 16.75s/it]Best trial: 713. Best value: 124.407:  85%|████████▍ | 846/1000 [3:56:27<42:59, 16.75s/it]Best trial: 713. Best value: 124.407:  85%|████████▍ | 847/1000 [3:56:27<42:48, 16.79s/it]                                                                                          Best trial: 713. Best value: 124.407:  85%|████████▍ | 847/1000 [3:56:43<42:48, 16.79s/it]Best trial: 713. Best value: 124.407:  85%|████████▍ | 847/1000 [3:56:43<42:48, 16.79s/it]Best trial: 713. Best value: 124.407:  85%|████████▍ | 848/1000 [3:56:43<42:36, 16.82s/it]                                                                                          Best trial: 713. Best value: 124.407:  85%|████████▍ | 848/1000 [3:57:00<42:36, 16.82s/it]Best trial: 713. Best value: 124.407:  85%|████████▍ | 848/1000 [3:57:00<42:36, 16.82s/it]Best trial: 713. Best value: 124.407:  85%|████████▍ | 849/1000 [3:57:00<42:18, 16.81s/it]                                                                                          Best trial: 713. Best value: 124.407:  85%|████████▍ | 849/1000 [3:57:17<42:18, 16.81s/it]Best trial: 713. Best value: 124.407:  85%|████████▍ | 849/1000 [3:57:17<42:18, 16.81s/it]Best trial: 713. Best value: 124.407:  85%|████████▌ | 850/1000 [3:57:17<41:58, 16.79s/it]                                                                                          Best trial: 713. Best value: 124.407:  85%|████████▌ | 850/1000 [3:57:34<41:58, 16.79s/it]Best trial: 713. Best value: 124.407:  85%|████████▌ | 850/1000 [3:57:34<41:58, 16.79s/it]Best trial: 713. Best value: 124.407:  85%|████████▌ | 851/1000 [3:57:34<41:39, 16.78s/it]                                                                                          Best trial: 713. Best value: 124.407:  85%|████████▌ | 851/1000 [3:57:51<41:39, 16.78s/it]Best trial: 713. Best value: 124.407:  85%|████████▌ | 851/1000 [3:57:51<41:39, 16.78s/it]Best trial: 713. Best value: 124.407:  85%|████████▌ | 852/1000 [3:57:51<41:24, 16.78s/it]                                                                                          Best trial: 713. Best value: 124.407:  85%|████████▌ | 852/1000 [3:58:07<41:24, 16.78s/it]Best trial: 713. Best value: 124.407:  85%|████████▌ | 852/1000 [3:58:07<41:24, 16.78s/it]Best trial: 713. Best value: 124.407:  85%|████████▌ | 853/1000 [3:58:07<41:15, 16.84s/it]                                                                                          Best trial: 713. Best value: 124.407:  85%|████████▌ | 853/1000 [3:58:24<41:15, 16.84s/it]Best trial: 713. Best value: 124.407:  85%|████████▌ | 853/1000 [3:58:24<41:15, 16.84s/it]Best trial: 713. Best value: 124.407:  85%|████████▌ | 854/1000 [3:58:24<40:50, 16.79s/it]                                                                                          Best trial: 713. Best value: 124.407:  85%|████████▌ | 854/1000 [3:58:41<40:50, 16.79s/it]Best trial: 713. Best value: 124.407:  85%|████████▌ | 854/1000 [3:58:41<40:50, 16.79s/it]Best trial: 713. Best value: 124.407:  86%|████████▌ | 855/1000 [3:58:41<40:35, 16.80s/it]                                                                                          Best trial: 713. Best value: 124.407:  86%|████████▌ | 855/1000 [3:58:58<40:35, 16.80s/it]Best trial: 713. Best value: 124.407:  86%|████████▌ | 855/1000 [3:58:58<40:35, 16.80s/it]Best trial: 713. Best value: 124.407:  86%|████████▌ | 856/1000 [3:58:58<40:21, 16.82s/it]                                                                                          Best trial: 713. Best value: 124.407:  86%|████████▌ | 856/1000 [3:59:15<40:21, 16.82s/it]Best trial: 713. Best value: 124.407:  86%|████████▌ | 856/1000 [3:59:15<40:21, 16.82s/it]Best trial: 713. Best value: 124.407:  86%|████████▌ | 857/1000 [3:59:15<40:04, 16.82s/it]                                                                                          Best trial: 713. Best value: 124.407:  86%|████████▌ | 857/1000 [3:59:32<40:04, 16.82s/it]Best trial: 713. Best value: 124.407:  86%|████████▌ | 857/1000 [3:59:32<40:04, 16.82s/it]Best trial: 713. Best value: 124.407:  86%|████████▌ | 858/1000 [3:59:32<39:51, 16.84s/it]                                                                                          Best trial: 713. Best value: 124.407:  86%|████████▌ | 858/1000 [3:59:48<39:51, 16.84s/it]Best trial: 713. Best value: 124.407:  86%|████████▌ | 858/1000 [3:59:48<39:51, 16.84s/it]Best trial: 713. Best value: 124.407:  86%|████████▌ | 859/1000 [3:59:48<39:33, 16.83s/it]                                                                                          Best trial: 713. Best value: 124.407:  86%|████████▌ | 859/1000 [4:00:05<39:33, 16.83s/it]Best trial: 713. Best value: 124.407:  86%|████████▌ | 859/1000 [4:00:05<39:33, 16.83s/it]Best trial: 713. Best value: 124.407:  86%|████████▌ | 860/1000 [4:00:05<39:14, 16.82s/it]                                                                                          Best trial: 713. Best value: 124.407:  86%|████████▌ | 860/1000 [4:00:22<39:14, 16.82s/it]Best trial: 713. Best value: 124.407:  86%|████████▌ | 860/1000 [4:00:22<39:14, 16.82s/it]Best trial: 713. Best value: 124.407:  86%|████████▌ | 861/1000 [4:00:22<39:03, 16.86s/it]                                                                                          
[I 2026-04-01 15:41:25,072] Trial 841 finished with value: 129.9914357042487 and parameters: {'alpha_0': 0.0005798736427577699, 'alpha_1': 5.634088529201105e-05, 'alpha_2': 8.572096283078499e-05, 'beta_0': 0.11359120159732836, 'beta_1': 14.991357679833827, 'beta_2': 0.19643641799209652, 'beta_3': 7.876477469838708, 'beta_4': 46.80794957385543}. Best is trial 713 with value: 124.40682604489682.
[I 2026-04-01 15:41:41,934] Trial 842 finished with value: 127.20099117277675 and parameters: {'alpha_0': 0.0005411378591784113, 'alpha_1': 5.392787444102285e-05, 'alpha_2': 0.00010135439296883703, 'beta_0': 0.11912567226162246, 'beta_1': 14.803058998165454, 'beta_2': 0.20660169909338558, 'beta_3': 7.763380630448467, 'beta_4': 47.607940857710425}. Best is trial 713 with value: 124.40682604489682.
[I 2026-04-01 15:41:58,632] Trial 843 finished with value: 127.43904350150359 and parameters: {'alpha_0': 0.0005946742323476659, 'alpha_1': 5.2687839233095445e-05, 'alpha_2': 9.86612462919936e-05, 'beta_0': 0.12891637745980405, 'beta_1': 14.5215621330592, 'beta_2': 0.1931463569734098, 'beta_3': 7.6179664280651105, 'beta_4': 44.84531383389106}. Best is trial 713 with value: 124.40682604489682.
[I 2026-04-01 15:42:15,293] Trial 844 finished with value: 127.32924702911137 and parameters: {'alpha_0': 0.0005319829628595637, 'alpha_1': 5.2486369150787614e-05, 'alpha_2': 9.072719489218845e-05, 'beta_0': 0.13595380832722084, 'beta_1': 14.806958402877218, 'beta_2': 0.2033688001803636, 'beta_3': 7.913126651537456, 'beta_4': 46.18143864000836}. Best is trial 713 with value: 124.40682604489682.
[I 2026-04-01 15:42:32,113] Trial 845 finished with value: 129.69308874739318 and parameters: {'alpha_0': 0.0005029286356964794, 'alpha_1': 5.4757765754636605e-05, 'alpha_2': 9.643067648142879e-05, 'beta_0': 0.12381019455838038, 'beta_1': 14.654848615289817, 'beta_2': 0.19919136251822978, 'beta_3': 7.798085611939684, 'beta_4': 47.00517042166089}. Best is trial 713 with value: 124.40682604489682.
[I 2026-04-01 15:42:48,989] Trial 846 finished with value: 130.200407945646 and parameters: {'alpha_0': 0.0005009478246772625, 'alpha_1': 5.601624066822995e-05, 'alpha_2': 9.970488532076291e-05, 'beta_0': 0.13942263257142962, 'beta_1': 14.992404098343034, 'beta_2': 0.19709988154945346, 'beta_3': 7.660689967570914, 'beta_4': 48.06224536563617}. Best is trial 713 with value: 124.40682604489682.
[I 2026-04-01 15:43:05,867] Trial 847 finished with value: 125.50532954658388 and parameters: {'alpha_0': 0.0006249142029851653, 'alpha_1': 5.2273824423281296e-05, 'alpha_2': 0.00010214263092742096, 'beta_0': 0.128103077671038, 'beta_1': 14.99918627578723, 'beta_2': 0.19465769075509698, 'beta_3': 7.853450193440975, 'beta_4': 45.5453272663989}. Best is trial 713 with value: 124.40682604489682.
[I 2026-04-01 15:43:22,657] Trial 848 finished with value: 128.36372527732397 and parameters: {'alpha_0': 0.0006353348236073509, 'alpha_1': 5.2080505764282285e-05, 'alpha_2': 0.0001012365271543612, 'beta_0': 0.12130392977640465, 'beta_1': 11.144502007396552, 'beta_2': 0.19428075855687754, 'beta_3': 7.516821634887512, 'beta_4': 44.45563891697449}. Best is trial 713 with value: 124.40682604489682.
[I 2026-04-01 15:43:39,404] Trial 849 finished with value: 125.75924166285922 and parameters: {'alpha_0': 0.0006375462900404347, 'alpha_1': 5.199769984900479e-05, 'alpha_2': 0.00010228366754030637, 'beta_0': 0.11581054896993224, 'beta_1': 14.50399797011874, 'beta_2': 0.19309891108683017, 'beta_3': 7.721651294591916, 'beta_4': 45.57250789301636}. Best is trial 713 with value: 124.40682604489682.
[I 2026-04-01 15:43:56,145] Trial 850 finished with value: 133.69604940737491 and parameters: {'alpha_0': 0.0006354809061684109, 'alpha_1': 5.7688185946611686e-05, 'alpha_2': 9.86576385508536e-05, 'beta_0': 0.11307472347848847, 'beta_1': 14.341224859328417, 'beta_2': 0.19248104121183046, 'beta_3': 7.685758490012662, 'beta_4': 45.22340412167315}. Best is trial 713 with value: 124.40682604489682.
[I 2026-04-01 15:44:12,952] Trial 851 finished with value: 127.22652529366098 and parameters: {'alpha_0': 0.0006001653970987034, 'alpha_1': 5.413320799304335e-05, 'alpha_2': 0.00010175413633210412, 'beta_0': 0.11372093274769908, 'beta_1': 14.770079747968474, 'beta_2': 0.19249433555515622, 'beta_3': 7.7659890562539475, 'beta_4': 44.62136834787499}. Best is trial 713 with value: 124.40682604489682.
[I 2026-04-01 15:44:29,912] Trial 852 finished with value: 126.22643015693211 and parameters: {'alpha_0': 0.0006644404233974591, 'alpha_1': 5.222099734063027e-05, 'alpha_2': 0.00010049222751900276, 'beta_0': 0.11741075415906173, 'beta_1': 14.485193389144495, 'beta_2': 0.19155451710588736, 'beta_3': 7.834530406153311, 'beta_4': 45.391039389244426}. Best is trial 713 with value: 124.40682604489682.
[I 2026-04-01 15:44:46,583] Trial 853 finished with value: 130.90459476683696 and parameters: {'alpha_0': 0.0006579363735450713, 'alpha_1': 5.601925122549193e-05, 'alpha_2': 9.535683246128785e-05, 'beta_0': 0.11832283518776354, 'beta_1': 14.234526828927338, 'beta_2': 0.1914042516460636, 'beta_3': 7.9408797647937845, 'beta_4': 44.799226082084274}. Best is trial 713 with value: 124.40682604489682.
[I 2026-04-01 15:45:03,396] Trial 854 finished with value: 134.7757001263904 and parameters: {'alpha_0': 0.000684955596327538, 'alpha_1': 6.006972137058005e-05, 'alpha_2': 0.00010244139405788218, 'beta_0': 0.12348312580532195, 'beta_1': 14.423197144195058, 'beta_2': 0.19234409637579733, 'beta_3': 7.995842217817745, 'beta_4': 45.62664510180903}. Best is trial 713 with value: 124.40682604489682.
[I 2026-04-01 15:45:20,269] Trial 855 finished with value: 126.53430894314698 and parameters: {'alpha_0': 0.0006802754713190372, 'alpha_1': 5.32121228264953e-05, 'alpha_2': 0.0001002189350739621, 'beta_0': 0.1165136708760383, 'beta_1': 14.26302629768145, 'beta_2': 0.19456787360644076, 'beta_3': 7.839777690422493, 'beta_4': 45.22744071803689}. Best is trial 713 with value: 124.40682604489682.
[I 2026-04-01 15:45:37,079] Trial 856 finished with value: 128.3684428996213 and parameters: {'alpha_0': 0.0014368541693218096, 'alpha_1': 5.207335975389259e-05, 'alpha_2': 0.00010291603485120062, 'beta_0': 0.12578251656387046, 'beta_1': 14.483371260297323, 'beta_2': 0.19555294842794488, 'beta_3': 7.855443400018804, 'beta_4': 45.63839575537297}. Best is trial 713 with value: 124.40682604489682.
[I 2026-04-01 15:45:53,970] Trial 857 finished with value: 130.04219349700895 and parameters: {'alpha_0': 0.0006509482419370439, 'alpha_1': 5.473335846243217e-05, 'alpha_2': 0.00010070418080774427, 'beta_0': 0.13214095823561617, 'beta_1': 14.518890428502662, 'beta_2': 0.1915345473381647, 'beta_3': 7.696053549531823, 'beta_4': 44.43860447942599}. Best is trial 713 with value: 124.40682604489682.
[I 2026-04-01 15:46:10,788] Trial 858 finished with value: 131.47357150239054 and parameters: {'alpha_0': 0.0006241058210818769, 'alpha_1': 5.7071568158639124e-05, 'alpha_2': 0.00010253945013124693, 'beta_0': 0.1207561160341576, 'beta_1': 14.670309671820107, 'beta_2': 0.19552059101192845, 'beta_3': 7.910809321140469, 'beta_4': 45.24512749439982}. Best is trial 713 with value: 124.40682604489682.
[I 2026-04-01 15:46:27,575] Trial 859 finished with value: 126.11442120773783 and parameters: {'alpha_0': 0.0006531756490855533, 'alpha_1': 5.2073427765897934e-05, 'alpha_2': 0.00010116525132541199, 'beta_0': 0.12508534480585168, 'beta_1': 14.351398351575993, 'beta_2': 0.19140680975179217, 'beta_3': 7.58637716480206, 'beta_4': 46.17103927651427}. Best is trial 713 with value: 124.40682604489682.
[I 2026-04-01 15:46:44,520] Trial 860 finished with value: 286.4932047494299 and parameters: {'alpha_0': 0.0015314577895147751, 'alpha_1': 0.0001482982525792783, 'alpha_2': 0.0001001802807731468, 'beta_0': 0.12450193051071459, 'beta_1': 14.301484575792301, 'beta_2': 0.1913308280626817, 'beta_3': 7.583507708520592, 'beta_4': 45.61309953124989}. Best is trial 713 with value: 124.40682604489682.
