[I 2026-04-01 14:36:24,376] Trial 609 finished with value: 127.39977876596737 and parameters: {'alpha_0': 0.0006559932679141647, 'alpha_1': 5.0091483245959984e-05, 'alpha_2': 0.00011089964550635316, 'beta_0': 0.05404057370298536, 'beta_1': 14.842382626535567, 'beta_2': 0.18806514892278997, 'beta_3': 6.65947879424582, 'beta_4': 48.11103620847208}. Best is trial 524 with value: 126.14243661523494.Best trial: 524. Best value: 126.142:  61%|██████    | 609/1000 [2:50:02<1:48:25, 16.64s/it]Best trial: 524. Best value: 126.142:  61%|██████    | 609/1000 [2:50:02<1:48:25, 16.64s/it]Best trial: 524. Best value: 126.142:  61%|██████    | 610/1000 [2:50:02<1:48:05, 16.63s/it]                                                                                            Best trial: 524. Best value: 126.142:  61%|██████    | 610/1000 [2:50:19<1:48:05, 16.63s/it]Best trial: 524. Best value: 126.142:  61%|██████    | 610/1000 [2:50:19<1:48:05, 16.63s/it]Best trial: 524. Best value: 126.142:  61%|██████    | 611/1000 [2:50:19<1:48:31, 16.74s/it]                                                                                            Best trial: 524. Best value: 126.142:  61%|██████    | 611/1000 [2:50:36<1:48:31, 16.74s/it]Best trial: 524. Best value: 126.142:  61%|██████    | 611/1000 [2:50:36<1:48:31, 16.74s/it]Best trial: 524. Best value: 126.142:  61%|██████    | 612/1000 [2:50:36<1:48:12, 16.73s/it]                                                                                            Best trial: 524. Best value: 126.142:  61%|██████    | 612/1000 [2:50:52<1:48:12, 16.73s/it]Best trial: 524. Best value: 126.142:  61%|██████    | 612/1000 [2:50:52<1:48:12, 16.73s/it]Best trial: 524. Best value: 126.142:  61%|██████▏   | 613/1000 [2:50:52<1:47:36, 16.68s/it]                                                                                            Best trial: 524. Best value: 126.142:  61%|██████▏   | 613/1000 [2:51:09<1:47:36, 16.68s/it]Best trial: 524. Best value: 126.142:  61%|██████▏   | 613/1000 [2:51:09<1:47:36, 16.68s/it]Best trial: 524. Best value: 126.142:  61%|██████▏   | 614/1000 [2:51:09<1:47:04, 16.64s/it]                                                                                            Best trial: 524. Best value: 126.142:  61%|██████▏   | 614/1000 [2:51:25<1:47:04, 16.64s/it]Best trial: 524. Best value: 126.142:  61%|██████▏   | 614/1000 [2:51:25<1:47:04, 16.64s/it]Best trial: 524. Best value: 126.142:  62%|██████▏   | 615/1000 [2:51:25<1:46:39, 16.62s/it]                                                                                            Best trial: 524. Best value: 126.142:  62%|██████▏   | 615/1000 [2:51:42<1:46:39, 16.62s/it]Best trial: 524. Best value: 126.142:  62%|██████▏   | 615/1000 [2:51:42<1:46:39, 16.62s/it]Best trial: 524. Best value: 126.142:  62%|██████▏   | 616/1000 [2:51:42<1:46:23, 16.62s/it]                                                                                            Best trial: 524. Best value: 126.142:  62%|██████▏   | 616/1000 [2:51:59<1:46:23, 16.62s/it]Best trial: 524. Best value: 126.142:  62%|██████▏   | 616/1000 [2:51:59<1:46:23, 16.62s/it]Best trial: 524. Best value: 126.142:  62%|██████▏   | 617/1000 [2:51:59<1:46:09, 16.63s/it]                                                                                            Best trial: 524. Best value: 126.142:  62%|██████▏   | 617/1000 [2:52:15<1:46:09, 16.63s/it]Best trial: 524. Best value: 126.142:  62%|██████▏   | 617/1000 [2:52:15<1:46:09, 16.63s/it]Best trial: 524. Best value: 126.142:  62%|██████▏   | 618/1000 [2:52:15<1:45:53, 16.63s/it]                                                                                            Best trial: 524. Best value: 126.142:  62%|██████▏   | 618/1000 [2:52:32<1:45:53, 16.63s/it]Best trial: 524. Best value: 126.142:  62%|██████▏   | 618/1000 [2:52:32<1:45:53, 16.63s/it]Best trial: 524. Best value: 126.142:  62%|██████▏   | 619/1000 [2:52:32<1:45:44, 16.65s/it]                                                                                            Best trial: 524. Best value: 126.142:  62%|██████▏   | 619/1000 [2:52:49<1:45:44, 16.65s/it]Best trial: 524. Best value: 126.142:  62%|██████▏   | 619/1000 [2:52:49<1:45:44, 16.65s/it]Best trial: 524. Best value: 126.142:  62%|██████▏   | 620/1000 [2:52:49<1:45:19, 16.63s/it]                                                                                            Best trial: 524. Best value: 126.142:  62%|██████▏   | 620/1000 [2:53:05<1:45:19, 16.63s/it]Best trial: 524. Best value: 126.142:  62%|██████▏   | 620/1000 [2:53:05<1:45:19, 16.63s/it]Best trial: 524. Best value: 126.142:  62%|██████▏   | 621/1000 [2:53:05<1:44:57, 16.62s/it]                                                                                            Best trial: 524. Best value: 126.142:  62%|██████▏   | 621/1000 [2:53:22<1:44:57, 16.62s/it]Best trial: 524. Best value: 126.142:  62%|██████▏   | 621/1000 [2:53:22<1:44:57, 16.62s/it]Best trial: 524. Best value: 126.142:  62%|██████▏   | 622/1000 [2:53:22<1:44:41, 16.62s/it]                                                                                            Best trial: 524. Best value: 126.142:  62%|██████▏   | 622/1000 [2:53:38<1:44:41, 16.62s/it]Best trial: 524. Best value: 126.142:  62%|██████▏   | 622/1000 [2:53:38<1:44:41, 16.62s/it]Best trial: 524. Best value: 126.142:  62%|██████▏   | 623/1000 [2:53:38<1:44:21, 16.61s/it]                                                                                            Best trial: 524. Best value: 126.142:  62%|██████▏   | 623/1000 [2:53:55<1:44:21, 16.61s/it]Best trial: 524. Best value: 126.142:  62%|██████▏   | 623/1000 [2:53:55<1:44:21, 16.61s/it]Best trial: 524. Best value: 126.142:  62%|██████▏   | 624/1000 [2:53:55<1:44:15, 16.64s/it]                                                                                            Best trial: 524. Best value: 126.142:  62%|██████▏   | 624/1000 [2:54:12<1:44:15, 16.64s/it]Best trial: 524. Best value: 126.142:  62%|██████▏   | 624/1000 [2:54:12<1:44:15, 16.64s/it]Best trial: 524. Best value: 126.142:  62%|██████▎   | 625/1000 [2:54:12<1:44:12, 16.67s/it]                                                                                            Best trial: 524. Best value: 126.142:  62%|██████▎   | 625/1000 [2:54:29<1:44:12, 16.67s/it]Best trial: 524. Best value: 126.142:  62%|██████▎   | 625/1000 [2:54:29<1:44:12, 16.67s/it]Best trial: 524. Best value: 126.142:  63%|██████▎   | 626/1000 [2:54:29<1:44:11, 16.71s/it]                                                                                            Best trial: 524. Best value: 126.142:  63%|██████▎   | 626/1000 [2:54:45<1:44:11, 16.71s/it]Best trial: 524. Best value: 126.142:  63%|██████▎   | 626/1000 [2:54:45<1:44:11, 16.71s/it]Best trial: 524. Best value: 126.142:  63%|██████▎   | 627/1000 [2:54:45<1:43:47, 16.70s/it]                                                                                            Best trial: 524. Best value: 126.142:  63%|██████▎   | 627/1000 [2:55:02<1:43:47, 16.70s/it]Best trial: 524. Best value: 126.142:  63%|██████▎   | 627/1000 [2:55:02<1:43:47, 16.70s/it]Best trial: 524. Best value: 126.142:  63%|██████▎   | 628/1000 [2:55:02<1:43:15, 16.66s/it]                                                                                            Best trial: 524. Best value: 126.142:  63%|██████▎   | 628/1000 [2:55:19<1:43:15, 16.66s/it]Best trial: 524. Best value: 126.142:  63%|██████▎   | 628/1000 [2:55:19<1:43:15, 16.66s/it]Best trial: 524. Best value: 126.142:  63%|██████▎   | 629/1000 [2:55:19<1:44:25, 16.89s/it]                                                                                            Best trial: 524. Best value: 126.142:  63%|██████▎   | 629/1000 [2:55:36<1:44:25, 16.89s/it]Best trial: 524. Best value: 126.142:  63%|██████▎   | 629/1000 [2:55:36<1:44:25, 16.89s/it]Best trial: 524. Best value: 126.142:  63%|██████▎   | 630/1000 [2:55:36<1:43:32, 16.79s/it]                                                                                            
[I 2026-04-01 14:36:41,375] Trial 610 finished with value: 127.53834753838498 and parameters: {'alpha_0': 0.0006374473083368092, 'alpha_1': 5.0111901384262114e-05, 'alpha_2': 0.00011218088150387667, 'beta_0': 0.053058848864049074, 'beta_1': 14.806833898402605, 'beta_2': 0.18619873008209936, 'beta_3': 6.8379226698797995, 'beta_4': 41.9270180327949}. Best is trial 524 with value: 126.14243661523494.
[I 2026-04-01 14:36:58,094] Trial 611 finished with value: 170.90626743499485 and parameters: {'alpha_0': 0.0006088379335926896, 'alpha_1': 8.548727905257372e-05, 'alpha_2': 0.00010936471539360063, 'beta_0': 0.0505877131985808, 'beta_1': 14.978262864347837, 'beta_2': 0.18945856660676322, 'beta_3': 6.773491657486763, 'beta_4': 49.303790702710685}. Best is trial 524 with value: 126.14243661523494.
[I 2026-04-01 14:37:14,662] Trial 612 finished with value: 258.36203796126415 and parameters: {'alpha_0': 0.0005678441505312145, 'alpha_1': 0.0001332054813833042, 'alpha_2': 0.00011377199864727793, 'beta_0': 0.05625279561129209, 'beta_1': 8.543441082640665, 'beta_2': 0.18785786383571057, 'beta_3': 6.674845449291862, 'beta_4': 41.410677268034405}. Best is trial 524 with value: 126.14243661523494.
[I 2026-04-01 14:37:31,214] Trial 613 finished with value: 126.85464503658277 and parameters: {'alpha_0': 0.0006715582213487066, 'alpha_1': 5.0008440887004354e-05, 'alpha_2': 0.0001137857982560487, 'beta_0': 0.059155669052858566, 'beta_1': 14.816048426595753, 'beta_2': 0.19090605519693177, 'beta_3': 6.900472335072714, 'beta_4': 47.80721882762559}. Best is trial 524 with value: 126.14243661523494.
[I 2026-04-01 14:37:47,785] Trial 614 finished with value: 130.30123605930197 and parameters: {'alpha_0': 0.0006765493311619111, 'alpha_1': 5.50491298983891e-05, 'alpha_2': 0.00011417571809110367, 'beta_0': 0.055790644372701224, 'beta_1': 14.987314317368545, 'beta_2': 0.1919327749604316, 'beta_3': 6.597542701881897, 'beta_4': 41.12051944927617}. Best is trial 524 with value: 126.14243661523494.
[I 2026-04-01 14:38:04,411] Trial 615 finished with value: 127.94921551777426 and parameters: {'alpha_0': 0.0006457133394482887, 'alpha_1': 5.1898160532482994e-05, 'alpha_2': 0.0001116317913511134, 'beta_0': 0.05889016509130581, 'beta_1': 14.720076087605419, 'beta_2': 0.1855009506942389, 'beta_3': 6.903713878540879, 'beta_4': 46.681605259098255}. Best is trial 524 with value: 126.14243661523494.
[I 2026-04-01 14:38:21,060] Trial 616 finished with value: 128.85109630927636 and parameters: {'alpha_0': 0.0006713295339047105, 'alpha_1': 5.3393060299e-05, 'alpha_2': 0.00011397053147723881, 'beta_0': 0.05915914030343357, 'beta_1': 14.824372568964158, 'beta_2': 0.19026213604046271, 'beta_3': 6.764216277745261, 'beta_4': 48.22041231148156}. Best is trial 524 with value: 126.14243661523494.
[I 2026-04-01 14:38:37,697] Trial 617 finished with value: 127.20046869108472 and parameters: {'alpha_0': 0.0006123237620754622, 'alpha_1': 5.000857529646069e-05, 'alpha_2': 0.0001092714064561591, 'beta_0': 0.05361930600474224, 'beta_1': 14.662733425288263, 'beta_2': 0.19339345292443522, 'beta_3': 7.053233565046893, 'beta_4': 47.53645019534828}. Best is trial 524 with value: 126.14243661523494.
[I 2026-04-01 14:38:54,395] Trial 618 finished with value: 127.83621751386607 and parameters: {'alpha_0': 0.0005372054866836782, 'alpha_1': 5.195507220973919e-05, 'alpha_2': 8.201996659679737e-05, 'beta_0': 0.050498777452269744, 'beta_1': 14.998164765799938, 'beta_2': 0.1871214694817312, 'beta_3': 6.931881428263133, 'beta_4': 41.86422145050173}. Best is trial 524 with value: 126.14243661523494.
[I 2026-04-01 14:39:10,976] Trial 619 finished with value: 130.3269533595117 and parameters: {'alpha_0': 0.0006629976910789775, 'alpha_1': 5.4772277098227566e-05, 'alpha_2': 0.00011230753708626174, 'beta_0': 0.05918750275565173, 'beta_1': 14.690350310676957, 'beta_2': 0.1916820423101875, 'beta_3': 6.716033213726913, 'beta_4': 48.817057103096246}. Best is trial 524 with value: 126.14243661523494.
[I 2026-04-01 14:39:27,561] Trial 620 finished with value: 128.07766377557337 and parameters: {'alpha_0': 0.0005983323634746855, 'alpha_1': 5.178400171494353e-05, 'alpha_2': 0.00011444507531428899, 'beta_0': 0.05509687208369681, 'beta_1': 14.815661889096987, 'beta_2': 0.1882235660805265, 'beta_3': 6.832475827494971, 'beta_4': 47.14714204852135}. Best is trial 524 with value: 126.14243661523494.
[I 2026-04-01 14:39:44,179] Trial 621 finished with value: 132.72363848062975 and parameters: {'alpha_0': 0.0006268004166138911, 'alpha_1': 5.727372318386968e-05, 'alpha_2': 0.0001125700164490263, 'beta_0': 0.06061040742359325, 'beta_1': 14.632348721908539, 'beta_2': 0.19457356379117263, 'beta_3': 6.575102636436836, 'beta_4': 41.033458998977686}. Best is trial 524 with value: 126.14243661523494.
[I 2026-04-01 14:40:00,767] Trial 622 finished with value: 126.89113504934187 and parameters: {'alpha_0': 0.000575911025706282, 'alpha_1': 5.00280611309278e-05, 'alpha_2': 0.00011455509029667823, 'beta_0': 0.05671484843653, 'beta_1': 14.812484531790341, 'beta_2': 0.1853206243976972, 'beta_3': 6.971216098300407, 'beta_4': 48.42090564754816}. Best is trial 524 with value: 126.14243661523494.
[I 2026-04-01 14:40:17,470] Trial 623 finished with value: 126.96844610204431 and parameters: {'alpha_0': 0.000662492718903113, 'alpha_1': 5.000260862056096e-05, 'alpha_2': 0.00011062948873922105, 'beta_0': 0.05467938842471211, 'beta_1': 14.561711841481397, 'beta_2': 0.18463911876551967, 'beta_3': 7.047208517010761, 'beta_4': 48.375948953173946}. Best is trial 524 with value: 126.14243661523494.
[I 2026-04-01 14:40:34,230] Trial 624 finished with value: 129.26434525656435 and parameters: {'alpha_0': 0.0005701042411118249, 'alpha_1': 5.3460281651399394e-05, 'alpha_2': 0.00010872527889238538, 'beta_0': 0.05673604420037779, 'beta_1': 14.494115935292857, 'beta_2': 0.18497227357293825, 'beta_3': 6.986681614929417, 'beta_4': 48.56145350895806}. Best is trial 524 with value: 126.14243661523494.
[I 2026-04-01 14:40:51,039] Trial 625 finished with value: 128.93535727907778 and parameters: {'alpha_0': 0.0006231424424538823, 'alpha_1': 5.338821122306159e-05, 'alpha_2': 0.00011167424998742405, 'beta_0': 0.06028572808204946, 'beta_1': 14.508545480093618, 'beta_2': 0.18549786139229815, 'beta_3': 7.05607880016947, 'beta_4': 48.85732273606412}. Best is trial 524 with value: 126.14243661523494.
[I 2026-04-01 14:41:07,694] Trial 626 finished with value: 127.0993768854728 and parameters: {'alpha_0': 0.0006791529892981807, 'alpha_1': 5.00636137092274e-05, 'alpha_2': 0.00011075739274661924, 'beta_0': 0.05634075794569537, 'beta_1': 14.604710604737305, 'beta_2': 0.18413830013317845, 'beta_3': 6.962068446242452, 'beta_4': 47.66030694441288}. Best is trial 524 with value: 126.14243661523494.
[I 2026-04-01 14:41:24,255] Trial 627 finished with value: 129.74680871177682 and parameters: {'alpha_0': 0.0005836540888999145, 'alpha_1': 5.464327546764429e-05, 'alpha_2': 0.00011047571328906245, 'beta_0': 0.06141844461871006, 'beta_1': 14.594280202051294, 'beta_2': 0.19752194065665943, 'beta_3': 7.079433570113426, 'beta_4': 49.54713531047279}. Best is trial 524 with value: 126.14243661523494.
[I 2026-04-01 14:41:41,682] Trial 628 finished with value: 128.1676963615257 and parameters: {'alpha_0': 0.0006439596149996022, 'alpha_1': 5.0024898489016844e-05, 'alpha_2': 9.300929885429732e-05, 'beta_0': 0.05011494192368275, 'beta_1': 14.46110545814835, 'beta_2': 0.18440651177307338, 'beta_3': 6.646760834005695, 'beta_4': 48.106771123494056}. Best is trial 524 with value: 126.14243661523494.
[I 2026-04-01 14:41:58,243] Trial 629 finished with value: 128.14312862717517 and parameters: {'alpha_0': 0.0006837548031913904, 'alpha_1': 5.2116277441643776e-05, 'alpha_2': 0.00011299221922914228, 'beta_0': 0.06212649465042834, 'beta_1': 14.674774617350671, 'beta_2': 0.18624302776628612, 'beta_3': 6.911585731247287, 'beta_4': 47.40473282655428}. Best is trial 524 with value: 126.14243661523494.
