[I 2026-04-01 13:55:36,084] Trial 462 finished with value: 128.69518129229098 and parameters: {'alpha_0': 0.0007120197153293555, 'alpha_1': 5.2157220582998504e-05, 'alpha_2': 0.0001155775888782167, 'beta_0': 0.09749056212628711, 'beta_1': 13.976595243793863, 'beta_2': 0.2094484525048919, 'beta_3': 6.385644324357682, 'beta_4': 39.77397611884893}. Best is trial 454 with value: 126.71566127506844.Best trial: 454. Best value: 126.716:  46%|████▌     | 462/1000 [2:09:14<2:29:11, 16.64s/it]Best trial: 454. Best value: 126.716:  46%|████▌     | 462/1000 [2:09:14<2:29:11, 16.64s/it]Best trial: 454. Best value: 126.716:  46%|████▋     | 463/1000 [2:09:14<2:28:36, 16.60s/it]                                                                                            Best trial: 454. Best value: 126.716:  46%|████▋     | 463/1000 [2:09:30<2:28:36, 16.60s/it]Best trial: 454. Best value: 126.716:  46%|████▋     | 463/1000 [2:09:30<2:28:36, 16.60s/it]Best trial: 454. Best value: 126.716:  46%|████▋     | 464/1000 [2:09:30<2:28:25, 16.62s/it]                                                                                            Best trial: 454. Best value: 126.716:  46%|████▋     | 464/1000 [2:09:47<2:28:25, 16.62s/it]Best trial: 454. Best value: 126.716:  46%|████▋     | 464/1000 [2:09:47<2:28:25, 16.62s/it]Best trial: 454. Best value: 126.716:  46%|████▋     | 465/1000 [2:09:47<2:28:00, 16.60s/it]                                                                                            Best trial: 454. Best value: 126.716:  46%|████▋     | 465/1000 [2:10:03<2:28:00, 16.60s/it]Best trial: 454. Best value: 126.716:  46%|████▋     | 465/1000 [2:10:03<2:28:00, 16.60s/it]Best trial: 454. Best value: 126.716:  47%|████▋     | 466/1000 [2:10:03<2:27:41, 16.59s/it]                                                                                            Best trial: 454. Best value: 126.716:  47%|████▋     | 466/1000 [2:10:22<2:27:41, 16.59s/it]Best trial: 454. Best value: 126.716:  47%|████▋     | 466/1000 [2:10:22<2:27:41, 16.59s/it]Best trial: 454. Best value: 126.716:  47%|████▋     | 467/1000 [2:10:22<2:32:14, 17.14s/it]                                                                                            Best trial: 454. Best value: 126.716:  47%|████▋     | 467/1000 [2:10:39<2:32:14, 17.14s/it]Best trial: 454. Best value: 126.716:  47%|████▋     | 467/1000 [2:10:39<2:32:14, 17.14s/it]Best trial: 454. Best value: 126.716:  47%|████▋     | 468/1000 [2:10:39<2:30:44, 17.00s/it]                                                                                            Best trial: 454. Best value: 126.716:  47%|████▋     | 468/1000 [2:10:55<2:30:44, 17.00s/it]Best trial: 454. Best value: 126.716:  47%|████▋     | 468/1000 [2:10:55<2:30:44, 17.00s/it]Best trial: 454. Best value: 126.716:  47%|████▋     | 469/1000 [2:10:55<2:29:12, 16.86s/it]                                                                                            Best trial: 454. Best value: 126.716:  47%|████▋     | 469/1000 [2:11:12<2:29:12, 16.86s/it]Best trial: 454. Best value: 126.716:  47%|████▋     | 469/1000 [2:11:12<2:29:12, 16.86s/it]Best trial: 454. Best value: 126.716:  47%|████▋     | 470/1000 [2:11:12<2:28:06, 16.77s/it]                                                                                            Best trial: 454. Best value: 126.716:  47%|████▋     | 470/1000 [2:11:28<2:28:06, 16.77s/it]Best trial: 454. Best value: 126.716:  47%|████▋     | 470/1000 [2:11:28<2:28:06, 16.77s/it]Best trial: 454. Best value: 126.716:  47%|████▋     | 471/1000 [2:11:28<2:27:41, 16.75s/it]                                                                                            Best trial: 454. Best value: 126.716:  47%|████▋     | 471/1000 [2:11:45<2:27:41, 16.75s/it]Best trial: 454. Best value: 126.716:  47%|████▋     | 471/1000 [2:11:45<2:27:41, 16.75s/it]Best trial: 454. Best value: 126.716:  47%|████▋     | 472/1000 [2:11:45<2:27:16, 16.74s/it]                                                                                            Best trial: 454. Best value: 126.716:  47%|████▋     | 472/1000 [2:12:02<2:27:16, 16.74s/it]Best trial: 454. Best value: 126.716:  47%|████▋     | 472/1000 [2:12:02<2:27:16, 16.74s/it]Best trial: 454. Best value: 126.716:  47%|████▋     | 473/1000 [2:12:02<2:28:50, 16.95s/it]                                                                                            Best trial: 454. Best value: 126.716:  47%|████▋     | 473/1000 [2:12:19<2:28:50, 16.95s/it]Best trial: 454. Best value: 126.716:  47%|████▋     | 473/1000 [2:12:19<2:28:50, 16.95s/it]Best trial: 454. Best value: 126.716:  47%|████▋     | 474/1000 [2:12:19<2:27:49, 16.86s/it]                                                                                            Best trial: 454. Best value: 126.716:  47%|████▋     | 474/1000 [2:12:36<2:27:49, 16.86s/it]Best trial: 454. Best value: 126.716:  47%|████▋     | 474/1000 [2:12:36<2:27:49, 16.86s/it]Best trial: 454. Best value: 126.716:  48%|████▊     | 475/1000 [2:12:36<2:26:59, 16.80s/it]                                                                                            Best trial: 454. Best value: 126.716:  48%|████▊     | 475/1000 [2:12:52<2:26:59, 16.80s/it]Best trial: 454. Best value: 126.716:  48%|████▊     | 475/1000 [2:12:52<2:26:59, 16.80s/it]Best trial: 454. Best value: 126.716:  48%|████▊     | 476/1000 [2:12:52<2:26:09, 16.74s/it]                                                                                            Best trial: 454. Best value: 126.716:  48%|████▊     | 476/1000 [2:13:10<2:26:09, 16.74s/it]Best trial: 454. Best value: 126.716:  48%|████▊     | 476/1000 [2:13:10<2:26:09, 16.74s/it]Best trial: 454. Best value: 126.716:  48%|████▊     | 477/1000 [2:13:10<2:28:45, 17.07s/it]                                                                                            Best trial: 454. Best value: 126.716:  48%|████▊     | 477/1000 [2:13:27<2:28:45, 17.07s/it]Best trial: 454. Best value: 126.716:  48%|████▊     | 477/1000 [2:13:27<2:28:45, 17.07s/it]Best trial: 454. Best value: 126.716:  48%|████▊     | 478/1000 [2:13:27<2:27:24, 16.94s/it]                                                                                            Best trial: 454. Best value: 126.716:  48%|████▊     | 478/1000 [2:13:43<2:27:24, 16.94s/it]Best trial: 454. Best value: 126.716:  48%|████▊     | 478/1000 [2:13:43<2:27:24, 16.94s/it]Best trial: 454. Best value: 126.716:  48%|████▊     | 479/1000 [2:13:43<2:26:06, 16.83s/it]                                                                                            Best trial: 454. Best value: 126.716:  48%|████▊     | 479/1000 [2:14:00<2:26:06, 16.83s/it]Best trial: 454. Best value: 126.716:  48%|████▊     | 479/1000 [2:14:00<2:26:06, 16.83s/it]Best trial: 454. Best value: 126.716:  48%|████▊     | 480/1000 [2:14:00<2:25:29, 16.79s/it]                                                                                            Best trial: 454. Best value: 126.716:  48%|████▊     | 480/1000 [2:14:17<2:25:29, 16.79s/it]Best trial: 454. Best value: 126.716:  48%|████▊     | 480/1000 [2:14:17<2:25:29, 16.79s/it]Best trial: 454. Best value: 126.716:  48%|████▊     | 481/1000 [2:14:17<2:24:36, 16.72s/it]                                                                                            Best trial: 454. Best value: 126.716:  48%|████▊     | 481/1000 [2:14:33<2:24:36, 16.72s/it]Best trial: 454. Best value: 126.716:  48%|████▊     | 481/1000 [2:14:33<2:24:36, 16.72s/it]Best trial: 454. Best value: 126.716:  48%|████▊     | 482/1000 [2:14:33<2:23:55, 16.67s/it]                                                                                            Best trial: 454. Best value: 126.716:  48%|████▊     | 482/1000 [2:14:50<2:23:55, 16.67s/it]Best trial: 454. Best value: 126.716:  48%|████▊     | 482/1000 [2:14:50<2:23:55, 16.67s/it]Best trial: 454. Best value: 126.716:  48%|████▊     | 483/1000 [2:14:50<2:23:24, 16.64s/it]                                                                                            
[I 2026-04-01 13:55:52,727] Trial 463 finished with value: 134.55893330946833 and parameters: {'alpha_0': 0.0006425725651034993, 'alpha_1': 5.717636631908756e-05, 'alpha_2': 0.00011751701278159644, 'beta_0': 0.08054803812528384, 'beta_1': 13.793829736497948, 'beta_2': 0.17512153801156102, 'beta_3': 4.549634659398734, 'beta_4': 38.60648608990562}. Best is trial 454 with value: 126.71566127506844.
[I 2026-04-01 13:56:09,290] Trial 464 finished with value: 130.8384875469965 and parameters: {'alpha_0': 0.0008720776870355401, 'alpha_1': 5.457441881310537e-05, 'alpha_2': 0.00011991777313009018, 'beta_0': 0.09240587315919044, 'beta_1': 14.503171132101318, 'beta_2': 0.181050437287621, 'beta_3': 6.239520527878072, 'beta_4': 39.375341033636076}. Best is trial 454 with value: 126.71566127506844.
[I 2026-04-01 13:56:25,870] Trial 465 finished with value: 129.4126271599047 and parameters: {'alpha_0': 0.0007370191227299889, 'alpha_1': 5.197381202329309e-05, 'alpha_2': 0.00011707608932703248, 'beta_0': 0.07445838346515568, 'beta_1': 13.596545267640563, 'beta_2': 0.20640813236204084, 'beta_3': 6.32274721081968, 'beta_4': 37.8951235716506}. Best is trial 454 with value: 126.71566127506844.
[I 2026-04-01 13:56:44,275] Trial 466 finished with value: 142.3833205206231 and parameters: {'alpha_0': 0.0006553988636490806, 'alpha_1': 5.1950226393904555e-05, 'alpha_2': 0.00011531700327054952, 'beta_0': 0.15698185614466004, 'beta_1': 7.591613953299806, 'beta_2': 0.1725232274764886, 'beta_3': 6.171675079661461, 'beta_4': 41.88750779025423}. Best is trial 454 with value: 126.71566127506844.
[I 2026-04-01 13:57:00,957] Trial 467 finished with value: 131.3173041193611 and parameters: {'alpha_0': 0.0008237142997584857, 'alpha_1': 5.4962585454838065e-05, 'alpha_2': 0.00011996544560481849, 'beta_0': 0.08331613447304638, 'beta_1': 13.973094962911798, 'beta_2': 0.17821947309230154, 'beta_3': 6.0570089271745635, 'beta_4': 38.89852132183808}. Best is trial 454 with value: 126.71566127506844.
[I 2026-04-01 13:57:17,486] Trial 468 finished with value: 140.51877544977492 and parameters: {'alpha_0': 0.000685086310782437, 'alpha_1': 6.369853693556808e-05, 'alpha_2': 0.00011845318183350776, 'beta_0': 0.0786683237788883, 'beta_1': 14.438724991255363, 'beta_2': 0.1820525153470136, 'beta_3': 6.151863700339782, 'beta_4': 39.91927120113006}. Best is trial 454 with value: 126.71566127506844.
[I 2026-04-01 13:57:34,036] Trial 469 finished with value: 128.18173277278024 and parameters: {'alpha_0': 0.0007895340539843662, 'alpha_1': 5.167869050853001e-05, 'alpha_2': 0.00011686197956954854, 'beta_0': 0.0867891669384654, 'beta_1': 14.297196412567839, 'beta_2': 0.18068160151140397, 'beta_3': 6.255315894654056, 'beta_4': 37.242071881588735}. Best is trial 454 with value: 126.71566127506844.
[I 2026-04-01 13:57:50,753] Trial 470 finished with value: 129.4497616231962 and parameters: {'alpha_0': 0.0008851080959995624, 'alpha_1': 5.002617852776404e-05, 'alpha_2': 0.0001149458532131402, 'beta_0': 0.09343831625989292, 'beta_1': 11.374782162936004, 'beta_2': 0.2040266739021575, 'beta_3': 5.931279474544512, 'beta_4': 38.41425453953858}. Best is trial 454 with value: 126.71566127506844.
[I 2026-04-01 13:58:07,452] Trial 471 finished with value: 128.80891204068226 and parameters: {'alpha_0': 0.0007483091734968095, 'alpha_1': 5.36265855050534e-05, 'alpha_2': 0.00011832532966083573, 'beta_0': 0.10221859077424193, 'beta_1': 14.5970095915822, 'beta_2': 0.1759325326201163, 'beta_3': 6.427980071735589, 'beta_4': 40.28742180692818}. Best is trial 454 with value: 126.71566127506844.
[I 2026-04-01 13:58:24,887] Trial 472 finished with value: 139.34245105707686 and parameters: {'alpha_0': 0.0009524891916434581, 'alpha_1': 5.190763408275749e-05, 'alpha_2': 0.00011639215946297759, 'beta_0': 0.1736762844070701, 'beta_1': 13.991597789218524, 'beta_2': 0.17894954198211974, 'beta_3': 6.087834183898762, 'beta_4': 35.26945465359671}. Best is trial 454 with value: 126.71566127506844.
[I 2026-04-01 13:58:41,556] Trial 473 finished with value: 221.52953262118734 and parameters: {'alpha_0': 0.0005617505103569878, 'alpha_1': 0.00011368206082034995, 'alpha_2': 0.00011853830103835154, 'beta_0': 0.07554309560999958, 'beta_1': 14.504214512739756, 'beta_2': 0.16917661668419284, 'beta_3': 3.036518713811908, 'beta_4': 39.19499754831806}. Best is trial 454 with value: 126.71566127506844.
[I 2026-04-01 13:58:58,205] Trial 474 finished with value: 136.33526631304275 and parameters: {'alpha_0': 0.0008400129655088114, 'alpha_1': 5.95536437313613e-05, 'alpha_2': 0.00011462383445233544, 'beta_0': 0.08201421897450517, 'beta_1': 14.186870931696319, 'beta_2': 0.2142085318677308, 'beta_3': 5.819839459933784, 'beta_4': 38.2139703844906}. Best is trial 454 with value: 126.71566127506844.
[I 2026-04-01 13:59:14,794] Trial 475 finished with value: 129.6421869274662 and parameters: {'alpha_0': 0.0007089523032831049, 'alpha_1': 5.3756241642440735e-05, 'alpha_2': 0.00011995804532037257, 'beta_0': 0.08819982122380036, 'beta_1': 13.65214680495337, 'beta_2': 0.1772789268417158, 'beta_3': 6.595086623724555, 'beta_4': 36.532087797621294}. Best is trial 454 with value: 126.71566127506844.
[I 2026-04-01 13:59:32,630] Trial 476 finished with value: 136.65684603994433 and parameters: {'alpha_0': 0.0007925760510942053, 'alpha_1': 5.597269633481227e-05, 'alpha_2': 0.00011716163913888567, 'beta_0': 0.09695974045899244, 'beta_1': 5.024562155021472, 'beta_2': 0.2165220229825396, 'beta_3': 6.176257090725882, 'beta_4': 39.72854511926907}. Best is trial 454 with value: 126.71566127506844.
[I 2026-04-01 13:59:49,289] Trial 477 finished with value: 132.81539887544537 and parameters: {'alpha_0': 0.0009285469547441752, 'alpha_1': 5.178155806650684e-05, 'alpha_2': 0.0001161301005652474, 'beta_0': 0.08501976616930604, 'beta_1': 9.150371668316367, 'beta_2': 0.18317216312971224, 'beta_3': 6.315206995459184, 'beta_4': 41.52657099329733}. Best is trial 454 with value: 126.71566127506844.
[I 2026-04-01 14:00:05,839] Trial 478 finished with value: 129.13130246340398 and parameters: {'alpha_0': 0.0007543018120341523, 'alpha_1': 5.3354449744347684e-05, 'alpha_2': 0.0001185103942093393, 'beta_0': 0.07897588255079556, 'beta_1': 14.677592667594862, 'beta_2': 0.21035730961755855, 'beta_3': 5.99399902349073, 'beta_4': 23.26339914561235}. Best is trial 454 with value: 126.71566127506844.
[I 2026-04-01 14:00:22,540] Trial 479 finished with value: 165.6679150839032 and parameters: {'alpha_0': 0.0006606978244298638, 'alpha_1': 8.066296483285893e-05, 'alpha_2': 0.00011747838794338033, 'beta_0': 0.09073672881602547, 'beta_1': 14.353759237734106, 'beta_2': 0.1720252600736272, 'beta_3': 5.885610558928649, 'beta_4': 37.46970439459825}. Best is trial 454 with value: 126.71566127506844.
[I 2026-04-01 14:00:39,092] Trial 480 finished with value: 146.41883826266383 and parameters: {'alpha_0': 0.0008328319262568165, 'alpha_1': 6.751697084233915e-05, 'alpha_2': 0.0001147645796799302, 'beta_0': 0.07432474524754032, 'beta_1': 13.838146642251678, 'beta_2': 0.1740932581723238, 'beta_3': 5.718414809920189, 'beta_4': 40.685132183887255}. Best is trial 454 with value: 126.71566127506844.
[I 2026-04-01 14:00:55,654] Trial 481 finished with value: 127.79030971288974 and parameters: {'alpha_0': 0.0006115606830998906, 'alpha_1': 5.190890028534594e-05, 'alpha_2': 0.00011994653549346212, 'beta_0': 0.08365930148096143, 'beta_1': 14.68298127468731, 'beta_2': 0.17895359086602317, 'beta_3': 6.119634958279599, 'beta_4': 42.31161947097886}. Best is trial 454 with value: 126.71566127506844.
[I 2026-04-01 14:01:12,233] Trial 482 finished with value: 252.20125807420033 and parameters: {'alpha_0': 0.0007134070377768676, 'alpha_1': 0.0001311351290581429, 'alpha_2': 0.00011712535772153825, 'beta_0': 0.08921166991235903, 'beta_1': 14.1046726241429, 'beta_2': 0.18115281359981517, 'beta_3': 6.030726716306542, 'beta_4': 38.88767130989192}. Best is trial 454 with value: 126.71566127506844.
