[I 2026-04-01 14:13:06,134] Trial 525 finished with value: 132.19395355661322 and parameters: {'alpha_0': 0.0006961888212912257, 'alpha_1': 5.1754111654254716e-05, 'alpha_2': 0.00011254596418760193, 'beta_0': 0.06500726367211346, 'beta_1': 11.045226354110667, 'beta_2': 0.1935585248270681, 'beta_3': 7.086430369652521, 'beta_4': 41.79687656602126}. Best is trial 524 with value: 126.14243661523494.Best trial: 524. Best value: 126.142:  52%|█████▎    | 525/1000 [2:26:44<2:11:47, 16.65s/it]Best trial: 524. Best value: 126.142:  52%|█████▎    | 525/1000 [2:26:44<2:11:47, 16.65s/it]Best trial: 524. Best value: 126.142:  53%|█████▎    | 526/1000 [2:26:44<2:11:14, 16.61s/it]                                                                                            Best trial: 524. Best value: 126.142:  53%|█████▎    | 526/1000 [2:27:00<2:11:14, 16.61s/it]Best trial: 524. Best value: 126.142:  53%|█████▎    | 526/1000 [2:27:00<2:11:14, 16.61s/it]Best trial: 524. Best value: 126.142:  53%|█████▎    | 527/1000 [2:27:00<2:10:54, 16.61s/it]                                                                                            Best trial: 524. Best value: 126.142:  53%|█████▎    | 527/1000 [2:27:17<2:10:54, 16.61s/it]Best trial: 524. Best value: 126.142:  53%|█████▎    | 527/1000 [2:27:17<2:10:54, 16.61s/it]Best trial: 524. Best value: 126.142:  53%|█████▎    | 528/1000 [2:27:17<2:10:34, 16.60s/it]                                                                                            Best trial: 524. Best value: 126.142:  53%|█████▎    | 528/1000 [2:27:33<2:10:34, 16.60s/it]Best trial: 524. Best value: 126.142:  53%|█████▎    | 528/1000 [2:27:33<2:10:34, 16.60s/it]Best trial: 524. Best value: 126.142:  53%|█████▎    | 529/1000 [2:27:33<2:10:18, 16.60s/it]                                                                                            Best trial: 524. Best value: 126.142:  53%|█████▎    | 529/1000 [2:27:50<2:10:18, 16.60s/it]Best trial: 524. Best value: 126.142:  53%|█████▎    | 529/1000 [2:27:50<2:10:18, 16.60s/it]Best trial: 524. Best value: 126.142:  53%|█████▎    | 530/1000 [2:27:50<2:09:52, 16.58s/it]                                                                                            Best trial: 524. Best value: 126.142:  53%|█████▎    | 530/1000 [2:28:07<2:09:52, 16.58s/it]Best trial: 524. Best value: 126.142:  53%|█████▎    | 530/1000 [2:28:07<2:09:52, 16.58s/it]Best trial: 524. Best value: 126.142:  53%|█████▎    | 531/1000 [2:28:07<2:09:35, 16.58s/it]                                                                                            Best trial: 524. Best value: 126.142:  53%|█████▎    | 531/1000 [2:28:23<2:09:35, 16.58s/it]Best trial: 524. Best value: 126.142:  53%|█████▎    | 531/1000 [2:28:23<2:09:35, 16.58s/it]Best trial: 524. Best value: 126.142:  53%|█████▎    | 532/1000 [2:28:23<2:09:22, 16.59s/it]                                                                                            Best trial: 524. Best value: 126.142:  53%|█████▎    | 532/1000 [2:28:40<2:09:22, 16.59s/it]Best trial: 524. Best value: 126.142:  53%|█████▎    | 532/1000 [2:28:40<2:09:22, 16.59s/it]Best trial: 524. Best value: 126.142:  53%|█████▎    | 533/1000 [2:28:40<2:09:22, 16.62s/it]                                                                                            Best trial: 524. Best value: 126.142:  53%|█████▎    | 533/1000 [2:28:57<2:09:22, 16.62s/it]Best trial: 524. Best value: 126.142:  53%|█████▎    | 533/1000 [2:28:57<2:09:22, 16.62s/it]Best trial: 524. Best value: 126.142:  53%|█████▎    | 534/1000 [2:28:57<2:09:03, 16.62s/it]                                                                                            Best trial: 524. Best value: 126.142:  53%|█████▎    | 534/1000 [2:29:13<2:09:03, 16.62s/it]Best trial: 524. Best value: 126.142:  53%|█████▎    | 534/1000 [2:29:13<2:09:03, 16.62s/it]Best trial: 524. Best value: 126.142:  54%|█████▎    | 535/1000 [2:29:13<2:08:55, 16.64s/it]                                                                                            Best trial: 524. Best value: 126.142:  54%|█████▎    | 535/1000 [2:29:30<2:08:55, 16.64s/it]Best trial: 524. Best value: 126.142:  54%|█████▎    | 535/1000 [2:29:30<2:08:55, 16.64s/it]Best trial: 524. Best value: 126.142:  54%|█████▎    | 536/1000 [2:29:30<2:08:32, 16.62s/it]                                                                                            Best trial: 524. Best value: 126.142:  54%|█████▎    | 536/1000 [2:29:46<2:08:32, 16.62s/it]Best trial: 524. Best value: 126.142:  54%|█████▎    | 536/1000 [2:29:46<2:08:32, 16.62s/it]Best trial: 524. Best value: 126.142:  54%|█████▎    | 537/1000 [2:29:46<2:08:16, 16.62s/it]                                                                                            Best trial: 524. Best value: 126.142:  54%|█████▎    | 537/1000 [2:30:03<2:08:16, 16.62s/it]Best trial: 524. Best value: 126.142:  54%|█████▎    | 537/1000 [2:30:03<2:08:16, 16.62s/it]Best trial: 524. Best value: 126.142:  54%|█████▍    | 538/1000 [2:30:03<2:08:00, 16.62s/it]                                                                                            Best trial: 524. Best value: 126.142:  54%|█████▍    | 538/1000 [2:30:20<2:08:00, 16.62s/it]Best trial: 524. Best value: 126.142:  54%|█████▍    | 538/1000 [2:30:20<2:08:00, 16.62s/it]Best trial: 524. Best value: 126.142:  54%|█████▍    | 539/1000 [2:30:20<2:07:32, 16.60s/it]                                                                                            Best trial: 524. Best value: 126.142:  54%|█████▍    | 539/1000 [2:30:36<2:07:32, 16.60s/it]Best trial: 524. Best value: 126.142:  54%|█████▍    | 539/1000 [2:30:36<2:07:32, 16.60s/it]Best trial: 524. Best value: 126.142:  54%|█████▍    | 540/1000 [2:30:36<2:07:27, 16.62s/it]                                                                                            Best trial: 524. Best value: 126.142:  54%|█████▍    | 540/1000 [2:30:54<2:07:27, 16.62s/it]Best trial: 524. Best value: 126.142:  54%|█████▍    | 540/1000 [2:30:54<2:07:27, 16.62s/it]Best trial: 524. Best value: 126.142:  54%|█████▍    | 541/1000 [2:30:54<2:10:17, 17.03s/it]                                                                                            Best trial: 524. Best value: 126.142:  54%|█████▍    | 541/1000 [2:31:11<2:10:17, 17.03s/it]Best trial: 524. Best value: 126.142:  54%|█████▍    | 541/1000 [2:31:11<2:10:17, 17.03s/it]Best trial: 524. Best value: 126.142:  54%|█████▍    | 542/1000 [2:31:11<2:08:59, 16.90s/it]                                                                                            Best trial: 524. Best value: 126.142:  54%|█████▍    | 542/1000 [2:31:28<2:08:59, 16.90s/it]Best trial: 524. Best value: 126.142:  54%|█████▍    | 542/1000 [2:31:28<2:08:59, 16.90s/it]Best trial: 524. Best value: 126.142:  54%|█████▍    | 543/1000 [2:31:28<2:08:26, 16.86s/it]                                                                                            Best trial: 524. Best value: 126.142:  54%|█████▍    | 543/1000 [2:31:44<2:08:26, 16.86s/it]Best trial: 524. Best value: 126.142:  54%|█████▍    | 543/1000 [2:31:44<2:08:26, 16.86s/it]Best trial: 524. Best value: 126.142:  54%|█████▍    | 544/1000 [2:31:44<2:07:32, 16.78s/it]                                                                                            Best trial: 524. Best value: 126.142:  54%|█████▍    | 544/1000 [2:32:01<2:07:32, 16.78s/it]Best trial: 524. Best value: 126.142:  54%|█████▍    | 544/1000 [2:32:01<2:07:32, 16.78s/it]Best trial: 524. Best value: 126.142:  55%|█████▍    | 545/1000 [2:32:01<2:06:50, 16.73s/it]                                                                                            Best trial: 524. Best value: 126.142:  55%|█████▍    | 545/1000 [2:32:17<2:06:50, 16.73s/it]Best trial: 524. Best value: 126.142:  55%|█████▍    | 545/1000 [2:32:17<2:06:50, 16.73s/it]Best trial: 524. Best value: 126.142:  55%|█████▍    | 546/1000 [2:32:17<2:06:16, 16.69s/it]                                                                                            
[I 2026-04-01 14:13:22,722] Trial 526 finished with value: 130.875180789264 and parameters: {'alpha_0': 0.0007329277623230588, 'alpha_1': 5.503869888889856e-05, 'alpha_2': 0.00011241822168606423, 'beta_0': 0.059714093244943284, 'beta_1': 14.435096799677387, 'beta_2': 0.19532427959781382, 'beta_3': 7.049532493745645, 'beta_4': 42.73297753333254}. Best is trial 524 with value: 126.14243661523494.
[I 2026-04-01 14:13:39,301] Trial 527 finished with value: 126.68525238534126 and parameters: {'alpha_0': 0.0006098065586545422, 'alpha_1': 5.001675263724453e-05, 'alpha_2': 0.00011352224327929421, 'beta_0': 0.07214381536284913, 'beta_1': 14.19087610795945, 'beta_2': 0.1957976170126534, 'beta_3': 7.230866172485605, 'beta_4': 41.99312399284789}. Best is trial 524 with value: 126.14243661523494.
[I 2026-04-01 14:13:55,905] Trial 528 finished with value: 128.28794070306756 and parameters: {'alpha_0': 0.000564867254511945, 'alpha_1': 5.3407437999353806e-05, 'alpha_2': 0.00011283960367896754, 'beta_0': 0.07195084701257591, 'beta_1': 14.832462118269628, 'beta_2': 0.19603865772090964, 'beta_3': 7.290311322887468, 'beta_4': 20.38833801650597}. Best is trial 524 with value: 126.14243661523494.
[I 2026-04-01 14:14:12,438] Trial 529 finished with value: 131.011345703215 and parameters: {'alpha_0': 0.0005152389403220829, 'alpha_1': 5.188258922680688e-05, 'alpha_2': 0.00011178909963198861, 'beta_0': 0.06591369506302079, 'beta_1': 11.660283727710773, 'beta_2': 0.19087550946505835, 'beta_3': 7.175357083423095, 'beta_4': 42.19362530766498}. Best is trial 524 with value: 126.14243661523494.
[I 2026-04-01 14:14:29,016] Trial 530 finished with value: 130.9020243526587 and parameters: {'alpha_0': 0.0005992986440793032, 'alpha_1': 5.629337813699582e-05, 'alpha_2': 0.0001136403949855851, 'beta_0': 0.06853943718983929, 'beta_1': 14.9891287274334, 'beta_2': 0.19244242176280965, 'beta_3': 7.454386834517476, 'beta_4': 43.91278627712562}. Best is trial 524 with value: 126.14243661523494.
[I 2026-04-01 14:14:45,622] Trial 531 finished with value: 190.2285107245965 and parameters: {'alpha_0': 0.0006281543323312485, 'alpha_1': 9.673187782474404e-05, 'alpha_2': 0.00011443782881972299, 'beta_0': 0.07232662020983727, 'beta_1': 14.345092089004279, 'beta_2': 0.18800543562518807, 'beta_3': 7.411742858962257, 'beta_4': 41.40108874553252}. Best is trial 524 with value: 126.14243661523494.
[I 2026-04-01 14:15:02,327] Trial 532 finished with value: 127.18805163918898 and parameters: {'alpha_0': 0.0005896339222150798, 'alpha_1': 5.1844667627921866e-05, 'alpha_2': 0.00011318580567196108, 'beta_0': 0.07303923736987271, 'beta_1': 14.558324531574048, 'beta_2': 0.19539700736039056, 'beta_3': 7.159670374379137, 'beta_4': 43.18415073649077}. Best is trial 524 with value: 126.14243661523494.
[I 2026-04-01 14:15:18,932] Trial 533 finished with value: 128.882230222743 and parameters: {'alpha_0': 0.0005774333367886389, 'alpha_1': 5.333440615192547e-05, 'alpha_2': 0.00011163365411338683, 'beta_0': 0.07247871847882677, 'beta_1': 14.51521090092473, 'beta_2': 0.19722371815042442, 'beta_3': 7.30920345729941, 'beta_4': 43.64655452734566}. Best is trial 524 with value: 126.14243661523494.
[I 2026-04-01 14:15:35,610] Trial 534 finished with value: 127.41102698979353 and parameters: {'alpha_0': 0.0006145281927755586, 'alpha_1': 5.002390237325692e-05, 'alpha_2': 5.3735246733595096e-05, 'beta_0': 0.06742751803715932, 'beta_1': 14.21274686317327, 'beta_2': 0.19794392571896208, 'beta_3': 7.174300010070346, 'beta_4': 42.8267329754586}. Best is trial 524 with value: 126.14243661523494.
[I 2026-04-01 14:15:52,198] Trial 535 finished with value: 127.44982489741675 and parameters: {'alpha_0': 0.0005445875643650121, 'alpha_1': 5.21023370298766e-05, 'alpha_2': 0.00011226301338318461, 'beta_0': 0.07522180367569713, 'beta_1': 14.412711510778925, 'beta_2': 0.19384623764479855, 'beta_3': 7.199228747934559, 'beta_4': 43.08756237365687}. Best is trial 524 with value: 126.14243661523494.
[I 2026-04-01 14:16:08,824] Trial 536 finished with value: 127.99534843527864 and parameters: {'alpha_0': 0.0005993949209162527, 'alpha_1': 5.179833164590573e-05, 'alpha_2': 0.00011291573077338535, 'beta_0': 0.06118140777739128, 'beta_1': 14.673549374731428, 'beta_2': 0.1966769467528477, 'beta_3': 7.085710616449753, 'beta_4': 44.44535755245427}. Best is trial 524 with value: 126.14243661523494.
[I 2026-04-01 14:16:25,452] Trial 537 finished with value: 126.81189335973725 and parameters: {'alpha_0': 0.0005032092519785585, 'alpha_1': 5.001182980711068e-05, 'alpha_2': 0.00011401043343979546, 'beta_0': 0.07172019400636524, 'beta_1': 14.147790918924311, 'beta_2': 0.19569521137853133, 'beta_3': 7.1494265161249375, 'beta_4': 42.3978441409235}. Best is trial 524 with value: 126.14243661523494.
[I 2026-04-01 14:16:41,994] Trial 538 finished with value: 130.28344056776052 and parameters: {'alpha_0': 0.0005032686912494578, 'alpha_1': 5.450760870384684e-05, 'alpha_2': 0.00011127824378490036, 'beta_0': 0.06466592555522122, 'beta_1': 14.050161511939649, 'beta_2': 0.1945869825060222, 'beta_3': 7.014467157676435, 'beta_4': 42.64045969778847}. Best is trial 524 with value: 126.14243661523494.
[I 2026-04-01 14:16:58,678] Trial 539 finished with value: 133.21891886616453 and parameters: {'alpha_0': 0.0005906173839265417, 'alpha_1': 5.763638709730839e-05, 'alpha_2': 0.0001125936698543064, 'beta_0': 0.06964221132236327, 'beta_1': 13.874669058313554, 'beta_2': 0.19121561656257438, 'beta_3': 7.273140596147556, 'beta_4': 43.24478629585192}. Best is trial 524 with value: 126.14243661523494.
[I 2026-04-01 14:17:16,661] Trial 540 finished with value: 149.29695730306057 and parameters: {'alpha_0': 0.0005563386488660905, 'alpha_1': 5.005568819902795e-05, 'alpha_2': 0.00011393667933902858, 'beta_0': 0.23545092313642874, 'beta_1': 14.233262589468492, 'beta_2': 0.19669292903669047, 'beta_3': 7.162512697945931, 'beta_4': 42.36515307904333}. Best is trial 524 with value: 126.14243661523494.
[I 2026-04-01 14:17:33,249] Trial 541 finished with value: 129.23181606479673 and parameters: {'alpha_0': 0.000529888439848541, 'alpha_1': 5.329055363652291e-05, 'alpha_2': 0.00011378234091291398, 'beta_0': 0.07328569939164575, 'beta_1': 14.019912879780161, 'beta_2': 0.20139881248965805, 'beta_3': 7.004527367523932, 'beta_4': 41.88388809347291}. Best is trial 524 with value: 126.14243661523494.
[I 2026-04-01 14:17:50,032] Trial 542 finished with value: 135.48140821080733 and parameters: {'alpha_0': 0.0005036952119352642, 'alpha_1': 5.2281024991789125e-05, 'alpha_2': 0.00011482042734498083, 'beta_0': 0.0674681678101871, 'beta_1': 6.948383754112203, 'beta_2': 0.19531205657679054, 'beta_3': 7.265362379301745, 'beta_4': 43.32361600744599}. Best is trial 524 with value: 126.14243661523494.
[I 2026-04-01 14:18:06,619] Trial 543 finished with value: 130.28327361160862 and parameters: {'alpha_0': 0.000634536469221995, 'alpha_1': 5.5424032318871236e-05, 'alpha_2': 0.00011337151728611211, 'beta_0': 0.070779292935358, 'beta_1': 14.150284925562033, 'beta_2': 0.1986918104886294, 'beta_3': 7.607884208193176, 'beta_4': 44.07627692625388}. Best is trial 524 with value: 126.14243661523494.
[I 2026-04-01 14:18:23,220] Trial 544 finished with value: 129.26380458828982 and parameters: {'alpha_0': 0.0006344576096727586, 'alpha_1': 5.183995152238832e-05, 'alpha_2': 4.114223304613822e-05, 'beta_0': 0.07222999660743457, 'beta_1': 13.649904551559349, 'beta_2': 0.19448886655002307, 'beta_3': 7.3791946999956775, 'beta_4': 42.29809580200672}. Best is trial 524 with value: 126.14243661523494.
[I 2026-04-01 14:18:39,818] Trial 545 finished with value: 129.52441684125813 and parameters: {'alpha_0': 0.0005844520807175664, 'alpha_1': 5.370039506731577e-05, 'alpha_2': 0.00011163760086967185, 'beta_0': 0.06476753838548144, 'beta_1': 14.31109961187043, 'beta_2': 0.1915325257836551, 'beta_3': 7.0484496975268955, 'beta_4': 41.90391416867212}. Best is trial 524 with value: 126.14243661523494.
