[I 2026-04-01 15:35:13,743] Trial 819 finished with value: 134.30742946315007 and parameters: {'alpha_0': 0.0005781527041746377, 'alpha_1': 5.9230228505137006e-05, 'alpha_2': 0.00010273678218594411, 'beta_0': 0.11828881196090163, 'beta_1': 14.428566160475311, 'beta_2': 0.19736340091367202, 'beta_3': 7.712934193653184, 'beta_4': 46.32085510399684}. Best is trial 713 with value: 124.40682604489682.Best trial: 713. Best value: 124.407:  82%|████████▏ | 819/1000 [3:48:51<51:14, 16.98s/it]Best trial: 713. Best value: 124.407:  82%|████████▏ | 819/1000 [3:48:51<51:14, 16.98s/it]Best trial: 713. Best value: 124.407:  82%|████████▏ | 820/1000 [3:48:51<50:58, 16.99s/it]                                                                                          Best trial: 713. Best value: 124.407:  82%|████████▏ | 820/1000 [3:49:09<50:58, 16.99s/it]Best trial: 713. Best value: 124.407:  82%|████████▏ | 820/1000 [3:49:09<50:58, 16.99s/it]Best trial: 713. Best value: 124.407:  82%|████████▏ | 821/1000 [3:49:09<51:02, 17.11s/it]                                                                                          Best trial: 713. Best value: 124.407:  82%|████████▏ | 821/1000 [3:49:26<51:02, 17.11s/it]Best trial: 713. Best value: 124.407:  82%|████████▏ | 821/1000 [3:49:26<51:02, 17.11s/it]Best trial: 713. Best value: 124.407:  82%|████████▏ | 822/1000 [3:49:26<50:31, 17.03s/it]                                                                                          Best trial: 713. Best value: 124.407:  82%|████████▏ | 822/1000 [3:49:42<50:31, 17.03s/it]Best trial: 713. Best value: 124.407:  82%|████████▏ | 822/1000 [3:49:42<50:31, 17.03s/it]Best trial: 713. Best value: 124.407:  82%|████████▏ | 823/1000 [3:49:42<50:05, 16.98s/it]                                                                                          Best trial: 713. Best value: 124.407:  82%|████████▏ | 823/1000 [3:49:59<50:05, 16.98s/it]Best trial: 713. Best value: 124.407:  82%|████████▏ | 823/1000 [3:49:59<50:05, 16.98s/it]Best trial: 713. Best value: 124.407:  82%|████████▏ | 824/1000 [3:49:59<49:43, 16.95s/it]                                                                                          Best trial: 713. Best value: 124.407:  82%|████████▏ | 824/1000 [3:50:16<49:43, 16.95s/it]Best trial: 713. Best value: 124.407:  82%|████████▏ | 824/1000 [3:50:16<49:43, 16.95s/it]Best trial: 713. Best value: 124.407:  82%|████████▎ | 825/1000 [3:50:16<49:13, 16.88s/it]                                                                                          Best trial: 713. Best value: 124.407:  82%|████████▎ | 825/1000 [3:50:33<49:13, 16.88s/it]Best trial: 713. Best value: 124.407:  82%|████████▎ | 825/1000 [3:50:33<49:13, 16.88s/it]Best trial: 713. Best value: 124.407:  83%|████████▎ | 826/1000 [3:50:33<48:56, 16.88s/it]                                                                                          Best trial: 713. Best value: 124.407:  83%|████████▎ | 826/1000 [3:50:50<48:56, 16.88s/it]Best trial: 713. Best value: 124.407:  83%|████████▎ | 826/1000 [3:50:50<48:56, 16.88s/it]Best trial: 713. Best value: 124.407:  83%|████████▎ | 827/1000 [3:50:50<48:50, 16.94s/it]                                                                                          Best trial: 713. Best value: 124.407:  83%|████████▎ | 827/1000 [3:51:07<48:50, 16.94s/it]Best trial: 713. Best value: 124.407:  83%|████████▎ | 827/1000 [3:51:07<48:50, 16.94s/it]Best trial: 713. Best value: 124.407:  83%|████████▎ | 828/1000 [3:51:07<48:33, 16.94s/it]                                                                                          Best trial: 713. Best value: 124.407:  83%|████████▎ | 828/1000 [3:51:24<48:33, 16.94s/it]Best trial: 713. Best value: 124.407:  83%|████████▎ | 828/1000 [3:51:24<48:33, 16.94s/it]Best trial: 713. Best value: 124.407:  83%|████████▎ | 829/1000 [3:51:24<48:16, 16.94s/it]                                                                                          Best trial: 713. Best value: 124.407:  83%|████████▎ | 829/1000 [3:51:41<48:16, 16.94s/it]Best trial: 713. Best value: 124.407:  83%|████████▎ | 829/1000 [3:51:41<48:16, 16.94s/it]Best trial: 713. Best value: 124.407:  83%|████████▎ | 830/1000 [3:51:41<47:57, 16.93s/it]                                                                                          Best trial: 713. Best value: 124.407:  83%|████████▎ | 830/1000 [3:51:57<47:57, 16.93s/it]Best trial: 713. Best value: 124.407:  83%|████████▎ | 830/1000 [3:51:57<47:57, 16.93s/it]Best trial: 713. Best value: 124.407:  83%|████████▎ | 831/1000 [3:51:57<47:24, 16.83s/it]                                                                                          Best trial: 713. Best value: 124.407:  83%|████████▎ | 831/1000 [3:52:15<47:24, 16.83s/it]Best trial: 713. Best value: 124.407:  83%|████████▎ | 831/1000 [3:52:15<47:24, 16.83s/it]Best trial: 713. Best value: 124.407:  83%|████████▎ | 832/1000 [3:52:15<47:27, 16.95s/it]                                                                                          Best trial: 713. Best value: 124.407:  83%|████████▎ | 832/1000 [3:52:31<47:27, 16.95s/it]Best trial: 713. Best value: 124.407:  83%|████████▎ | 832/1000 [3:52:31<47:27, 16.95s/it]Best trial: 713. Best value: 124.407:  83%|████████▎ | 833/1000 [3:52:31<47:07, 16.93s/it]                                                                                          Best trial: 713. Best value: 124.407:  83%|████████▎ | 833/1000 [3:52:48<47:07, 16.93s/it]Best trial: 713. Best value: 124.407:  83%|████████▎ | 833/1000 [3:52:48<47:07, 16.93s/it]Best trial: 713. Best value: 124.407:  83%|████████▎ | 834/1000 [3:52:48<46:37, 16.85s/it]                                                                                          Best trial: 713. Best value: 124.407:  83%|████████▎ | 834/1000 [3:53:05<46:37, 16.85s/it]Best trial: 713. Best value: 124.407:  83%|████████▎ | 834/1000 [3:53:05<46:37, 16.85s/it]Best trial: 713. Best value: 124.407:  84%|████████▎ | 835/1000 [3:53:05<46:19, 16.85s/it]                                                                                          Best trial: 713. Best value: 124.407:  84%|████████▎ | 835/1000 [3:53:22<46:19, 16.85s/it]Best trial: 713. Best value: 124.407:  84%|████████▎ | 835/1000 [3:53:22<46:19, 16.85s/it]Best trial: 713. Best value: 124.407:  84%|████████▎ | 836/1000 [3:53:22<46:35, 17.05s/it]                                                                                          Best trial: 713. Best value: 124.407:  84%|████████▎ | 836/1000 [3:53:39<46:35, 17.05s/it]Best trial: 713. Best value: 124.407:  84%|████████▎ | 836/1000 [3:53:39<46:35, 17.05s/it]Best trial: 713. Best value: 124.407:  84%|████████▎ | 837/1000 [3:53:39<46:02, 16.95s/it]                                                                                          Best trial: 713. Best value: 124.407:  84%|████████▎ | 837/1000 [3:53:56<46:02, 16.95s/it]Best trial: 713. Best value: 124.407:  84%|████████▎ | 837/1000 [3:53:56<46:02, 16.95s/it]Best trial: 713. Best value: 124.407:  84%|████████▍ | 838/1000 [3:53:56<45:33, 16.88s/it]                                                                                          Best trial: 713. Best value: 124.407:  84%|████████▍ | 838/1000 [3:54:13<45:33, 16.88s/it]Best trial: 713. Best value: 124.407:  84%|████████▍ | 838/1000 [3:54:13<45:33, 16.88s/it]Best trial: 713. Best value: 124.407:  84%|████████▍ | 839/1000 [3:54:13<45:10, 16.83s/it]                                                                                          Best trial: 713. Best value: 124.407:  84%|████████▍ | 839/1000 [3:54:29<45:10, 16.83s/it]Best trial: 713. Best value: 124.407:  84%|████████▍ | 839/1000 [3:54:29<45:10, 16.83s/it]Best trial: 713. Best value: 124.407:  84%|████████▍ | 840/1000 [3:54:29<44:43, 16.77s/it]                                                                                          
[I 2026-04-01 15:35:31,127] Trial 820 finished with value: 131.63748222000916 and parameters: {'alpha_0': 0.0017001827936142244, 'alpha_1': 5.235299852191382e-05, 'alpha_2': 0.00010135001867643104, 'beta_0': 0.1377320558909105, 'beta_1': 8.341247043528014, 'beta_2': 0.19675127986648164, 'beta_3': 7.827010361867696, 'beta_4': 47.232021222293085}. Best is trial 713 with value: 124.40682604489682.
[I 2026-04-01 15:35:47,982] Trial 821 finished with value: 128.0082347745079 and parameters: {'alpha_0': 0.0005384353934225554, 'alpha_1': 5.500967876317111e-05, 'alpha_2': 0.00010377275253749543, 'beta_0': 0.12944373148637356, 'beta_1': 14.984936941946419, 'beta_2': 0.1982001723304544, 'beta_3': 7.944110406283296, 'beta_4': 48.26008920234293}. Best is trial 713 with value: 124.40682604489682.
[I 2026-04-01 15:36:04,834] Trial 822 finished with value: 124.81860459208285 and parameters: {'alpha_0': 0.0005923865126469892, 'alpha_1': 5.281628653164098e-05, 'alpha_2': 0.0001066970879103352, 'beta_0': 0.12648690134504162, 'beta_1': 14.677028176220642, 'beta_2': 0.19472840072791373, 'beta_3': 7.691814518170675, 'beta_4': 45.49241000313344}. Best is trial 713 with value: 124.40682604489682.
[I 2026-04-01 15:36:21,722] Trial 823 finished with value: 133.3183478600262 and parameters: {'alpha_0': 0.0005834522284876929, 'alpha_1': 5.599514479419125e-05, 'alpha_2': 0.00010629202180797177, 'beta_0': 0.12165209048975492, 'beta_1': 11.80787845782563, 'beta_2': 0.19459697859326314, 'beta_3': 7.6598585485788, 'beta_4': 45.640264285384376}. Best is trial 713 with value: 124.40682604489682.
[I 2026-04-01 15:36:38,426] Trial 824 finished with value: 132.29069702880807 and parameters: {'alpha_0': 0.0005408977271714887, 'alpha_1': 5.734634495892468e-05, 'alpha_2': 0.00010673743529812176, 'beta_0': 0.1269059731158519, 'beta_1': 14.346599961324573, 'beta_2': 0.19913062470844595, 'beta_3': 7.774257706687606, 'beta_4': 44.82949933168669}. Best is trial 713 with value: 124.40682604489682.
[I 2026-04-01 15:36:55,302] Trial 825 finished with value: 128.21540324192634 and parameters: {'alpha_0': 0.0005987217314246236, 'alpha_1': 5.4125928145425724e-05, 'alpha_2': 0.00010459803643647432, 'beta_0': 0.13452575205806777, 'beta_1': 14.606022354941057, 'beta_2': 0.19642461530672636, 'beta_3': 7.999255290102997, 'beta_4': 45.11827203887134}. Best is trial 713 with value: 124.40682604489682.
[I 2026-04-01 15:37:12,395] Trial 826 finished with value: 148.70587300463683 and parameters: {'alpha_0': 0.0005368712902605995, 'alpha_1': 6.961071289298494e-05, 'alpha_2': 0.000105223589070862, 'beta_0': 0.1312619236628696, 'beta_1': 14.488992629235725, 'beta_2': 0.19495972297275613, 'beta_3': 7.699302718276471, 'beta_4': 45.875297464778754}. Best is trial 713 with value: 124.40682604489682.
[I 2026-04-01 15:37:29,323] Trial 827 finished with value: 126.83896336683588 and parameters: {'alpha_0': 0.0005756219953714595, 'alpha_1': 5.3348004304997024e-05, 'alpha_2': 0.0001031166375739053, 'beta_0': 0.1168716458518636, 'beta_1': 14.997618700516275, 'beta_2': 0.19925459446381322, 'beta_3': 7.829306998673737, 'beta_4': 46.53272013638485}. Best is trial 713 with value: 124.40682604489682.
[I 2026-04-01 15:37:46,266] Trial 828 finished with value: 129.72099498966523 and parameters: {'alpha_0': 0.0005950874516443865, 'alpha_1': 5.591321742828208e-05, 'alpha_2': 0.00010711680227281208, 'beta_0': 0.12551806338457308, 'beta_1': 14.660482765636548, 'beta_2': 0.19742947049370876, 'beta_3': 7.637894763079459, 'beta_4': 45.437882931141736}. Best is trial 713 with value: 124.40682604489682.
[I 2026-04-01 15:38:03,166] Trial 829 finished with value: 135.05451832571222 and parameters: {'alpha_0': 0.0005673715311354082, 'alpha_1': 5.9232405529919234e-05, 'alpha_2': 0.00010078179303239931, 'beta_0': 0.14161333715761448, 'beta_1': 14.353155496581245, 'beta_2': 0.19444534030860103, 'beta_3': 7.870838618992429, 'beta_4': 46.984581599027464}. Best is trial 713 with value: 124.40682604489682.
[I 2026-04-01 15:38:19,770] Trial 830 finished with value: 131.67117330222155 and parameters: {'alpha_0': 0.0005265248757526773, 'alpha_1': 5.231694175926254e-05, 'alpha_2': 0.00010311535480899005, 'beta_0': 0.12668685182291928, 'beta_1': 14.651127072543218, 'beta_2': 0.2000748070542704, 'beta_3': 3.7560887162606105, 'beta_4': 45.98384775498203}. Best is trial 713 with value: 124.40682604489682.
[I 2026-04-01 15:38:36,989] Trial 831 finished with value: 128.89303095281983 and parameters: {'alpha_0': 0.0006111368708088819, 'alpha_1': 5.449880657791894e-05, 'alpha_2': 0.00010538958775641384, 'beta_0': 0.13440741001070372, 'beta_1': 14.812994412172506, 'beta_2': 0.1963902256710248, 'beta_3': 7.518529168071535, 'beta_4': 47.49425358090081}. Best is trial 713 with value: 124.40682604489682.
[I 2026-04-01 15:38:53,884] Trial 832 finished with value: 127.31479538289123 and parameters: {'alpha_0': 0.0006083280225763417, 'alpha_1': 5.264908907041596e-05, 'alpha_2': 9.787796442507557e-05, 'beta_0': 0.12089320157505368, 'beta_1': 14.472451113209054, 'beta_2': 0.1932830227847056, 'beta_3': 7.742377180616764, 'beta_4': 46.51967327057133}. Best is trial 713 with value: 124.40682604489682.
[I 2026-04-01 15:39:10,558] Trial 833 finished with value: 133.19061506331786 and parameters: {'alpha_0': 0.0005591276580714835, 'alpha_1': 5.218321826614189e-05, 'alpha_2': 0.00010059163172353695, 'beta_0': 0.1304305337267346, 'beta_1': 14.66603906387644, 'beta_2': 0.19825944854139382, 'beta_3': 3.245336767925162, 'beta_4': 48.184379195023695}. Best is trial 713 with value: 124.40682604489682.
[I 2026-04-01 15:39:27,384] Trial 834 finished with value: 128.272145829215 and parameters: {'alpha_0': 0.0005336778256560688, 'alpha_1': 5.4625123384652355e-05, 'alpha_2': 0.00010433586412630741, 'beta_0': 0.12347757042112056, 'beta_1': 14.991162189458219, 'beta_2': 0.2003314061033315, 'beta_3': 7.609329527597482, 'beta_4': 47.09246857725576}. Best is trial 713 with value: 124.40682604489682.
[I 2026-04-01 15:39:44,905] Trial 835 finished with value: 133.00309200236296 and parameters: {'alpha_0': 0.0005069806031938012, 'alpha_1': 5.6601446917980924e-05, 'alpha_2': 0.00010701720983135112, 'beta_0': 0.14473561702730584, 'beta_1': 14.251807565070527, 'beta_2': 0.20300638752137717, 'beta_3': 7.817137299753153, 'beta_4': 45.262196622565135}. Best is trial 713 with value: 124.40682604489682.
[I 2026-04-01 15:40:01,619] Trial 836 finished with value: 137.1271131144755 and parameters: {'alpha_0': 0.0006095823436516765, 'alpha_1': 6.187678977127986e-05, 'alpha_2': 0.00010223710209761215, 'beta_0': 0.11535145849440986, 'beta_1': 14.680887554815888, 'beta_2': 0.19600377801921026, 'beta_3': 7.905237524110494, 'beta_4': 46.16825892841872}. Best is trial 713 with value: 124.40682604489682.
[I 2026-04-01 15:40:18,327] Trial 837 finished with value: 126.51423610329311 and parameters: {'alpha_0': 0.0005719447488119278, 'alpha_1': 5.217691427176414e-05, 'alpha_2': 9.909152905985996e-05, 'beta_0': 0.11079153122800864, 'beta_1': 14.811825597386356, 'beta_2': 0.19322919876178768, 'beta_3': 7.766072034045584, 'beta_4': 47.916009680301954}. Best is trial 713 with value: 124.40682604489682.
[I 2026-04-01 15:40:35,066] Trial 838 finished with value: 201.96451836007196 and parameters: {'alpha_0': 0.0005021140377785251, 'alpha_1': 0.00010302787959165682, 'alpha_2': 9.904569709565504e-05, 'beta_0': 0.11176819377136057, 'beta_1': 14.82187604168651, 'beta_2': 0.19808121288379316, 'beta_3': 7.997744854910523, 'beta_4': 48.32433902155673}. Best is trial 713 with value: 124.40682604489682.
[I 2026-04-01 15:40:51,699] Trial 839 finished with value: 132.36615737326682 and parameters: {'alpha_0': 0.0005636454313794198, 'alpha_1': 5.8073402305890666e-05, 'alpha_2': 9.737854752447968e-05, 'beta_0': 0.10958885471297213, 'beta_1': 14.836038582457977, 'beta_2': 0.1946165394938019, 'beta_3': 7.465614647645786, 'beta_4': 47.95399102601108}. Best is trial 713 with value: 124.40682604489682.
