[I 2026-04-01 13:14:37,774] Trial 315 finished with value: 128.96012444643316 and parameters: {'alpha_0': 0.0010690073154226898, 'alpha_1': 5.183190190617511e-05, 'alpha_2': 0.00011509998924199605, 'beta_0': 0.07711920985659457, 'beta_1': 14.820575625004064, 'beta_2': 0.23463747744532434, 'beta_3': 5.622416503773785, 'beta_4': 39.31587618464085}. Best is trial 247 with value: 127.23598630728915.Best trial: 247. Best value: 127.236:  32%|███▏      | 315/1000 [1:28:15<3:09:54, 16.63s/it]Best trial: 247. Best value: 127.236:  32%|███▏      | 315/1000 [1:28:15<3:09:54, 16.63s/it]Best trial: 247. Best value: 127.236:  32%|███▏      | 316/1000 [1:28:15<3:09:23, 16.61s/it]                                                                                            Best trial: 247. Best value: 127.236:  32%|███▏      | 316/1000 [1:28:32<3:09:23, 16.61s/it]Best trial: 247. Best value: 127.236:  32%|███▏      | 316/1000 [1:28:32<3:09:23, 16.61s/it]Best trial: 247. Best value: 127.236:  32%|███▏      | 317/1000 [1:28:32<3:08:57, 16.60s/it]                                                                                            Best trial: 247. Best value: 127.236:  32%|███▏      | 317/1000 [1:28:49<3:08:57, 16.60s/it]Best trial: 247. Best value: 127.236:  32%|███▏      | 317/1000 [1:28:49<3:08:57, 16.60s/it]Best trial: 247. Best value: 127.236:  32%|███▏      | 318/1000 [1:28:49<3:09:25, 16.67s/it]                                                                                            Best trial: 247. Best value: 127.236:  32%|███▏      | 318/1000 [1:29:05<3:09:25, 16.67s/it]Best trial: 247. Best value: 127.236:  32%|███▏      | 318/1000 [1:29:05<3:09:25, 16.67s/it]Best trial: 247. Best value: 127.236:  32%|███▏      | 319/1000 [1:29:05<3:09:01, 16.65s/it]                                                                                            Best trial: 247. Best value: 127.236:  32%|███▏      | 319/1000 [1:29:22<3:09:01, 16.65s/it]Best trial: 247. Best value: 127.236:  32%|███▏      | 319/1000 [1:29:22<3:09:01, 16.65s/it]Best trial: 247. Best value: 127.236:  32%|███▏      | 320/1000 [1:29:22<3:08:56, 16.67s/it]                                                                                            Best trial: 247. Best value: 127.236:  32%|███▏      | 320/1000 [1:29:39<3:08:56, 16.67s/it]Best trial: 247. Best value: 127.236:  32%|███▏      | 320/1000 [1:29:39<3:08:56, 16.67s/it]Best trial: 247. Best value: 127.236:  32%|███▏      | 321/1000 [1:29:39<3:10:07, 16.80s/it]                                                                                            Best trial: 247. Best value: 127.236:  32%|███▏      | 321/1000 [1:29:56<3:10:07, 16.80s/it]Best trial: 247. Best value: 127.236:  32%|███▏      | 321/1000 [1:29:56<3:10:07, 16.80s/it]Best trial: 247. Best value: 127.236:  32%|███▏      | 322/1000 [1:29:56<3:09:37, 16.78s/it]                                                                                            Best trial: 247. Best value: 127.236:  32%|███▏      | 322/1000 [1:30:13<3:09:37, 16.78s/it]Best trial: 247. Best value: 127.236:  32%|███▏      | 322/1000 [1:30:13<3:09:37, 16.78s/it]Best trial: 247. Best value: 127.236:  32%|███▏      | 323/1000 [1:30:13<3:08:42, 16.72s/it]                                                                                            Best trial: 247. Best value: 127.236:  32%|███▏      | 323/1000 [1:30:29<3:08:42, 16.72s/it]Best trial: 247. Best value: 127.236:  32%|███▏      | 323/1000 [1:30:29<3:08:42, 16.72s/it]Best trial: 247. Best value: 127.236:  32%|███▏      | 324/1000 [1:30:29<3:08:00, 16.69s/it]                                                                                            Best trial: 247. Best value: 127.236:  32%|███▏      | 324/1000 [1:30:46<3:08:00, 16.69s/it]Best trial: 247. Best value: 127.236:  32%|███▏      | 324/1000 [1:30:46<3:08:00, 16.69s/it]Best trial: 247. Best value: 127.236:  32%|███▎      | 325/1000 [1:30:46<3:07:35, 16.67s/it]                                                                                            Best trial: 247. Best value: 127.236:  32%|███▎      | 325/1000 [1:31:02<3:07:35, 16.67s/it]Best trial: 247. Best value: 127.236:  32%|███▎      | 325/1000 [1:31:02<3:07:35, 16.67s/it]Best trial: 247. Best value: 127.236:  33%|███▎      | 326/1000 [1:31:02<3:06:56, 16.64s/it]                                                                                            Best trial: 247. Best value: 127.236:  33%|███▎      | 326/1000 [1:31:19<3:06:56, 16.64s/it]Best trial: 247. Best value: 127.236:  33%|███▎      | 326/1000 [1:31:19<3:06:56, 16.64s/it]Best trial: 247. Best value: 127.236:  33%|███▎      | 327/1000 [1:31:19<3:07:15, 16.69s/it]                                                                                            Best trial: 247. Best value: 127.236:  33%|███▎      | 327/1000 [1:31:36<3:07:15, 16.69s/it]Best trial: 247. Best value: 127.236:  33%|███▎      | 327/1000 [1:31:36<3:07:15, 16.69s/it]Best trial: 247. Best value: 127.236:  33%|███▎      | 328/1000 [1:31:36<3:06:39, 16.67s/it]                                                                                            Best trial: 247. Best value: 127.236:  33%|███▎      | 328/1000 [1:31:52<3:06:39, 16.67s/it]Best trial: 247. Best value: 127.236:  33%|███▎      | 328/1000 [1:31:52<3:06:39, 16.67s/it]Best trial: 247. Best value: 127.236:  33%|███▎      | 329/1000 [1:31:52<3:06:17, 16.66s/it]                                                                                            Best trial: 247. Best value: 127.236:  33%|███▎      | 329/1000 [1:32:09<3:06:17, 16.66s/it]Best trial: 247. Best value: 127.236:  33%|███▎      | 329/1000 [1:32:09<3:06:17, 16.66s/it]Best trial: 247. Best value: 127.236:  33%|███▎      | 330/1000 [1:32:09<3:05:41, 16.63s/it]                                                                                            Best trial: 247. Best value: 127.236:  33%|███▎      | 330/1000 [1:32:26<3:05:41, 16.63s/it]Best trial: 247. Best value: 127.236:  33%|███▎      | 330/1000 [1:32:26<3:05:41, 16.63s/it]Best trial: 247. Best value: 127.236:  33%|███▎      | 331/1000 [1:32:26<3:05:13, 16.61s/it]                                                                                            Best trial: 247. Best value: 127.236:  33%|███▎      | 331/1000 [1:32:42<3:05:13, 16.61s/it]Best trial: 247. Best value: 127.236:  33%|███▎      | 331/1000 [1:32:42<3:05:13, 16.61s/it]Best trial: 247. Best value: 127.236:  33%|███▎      | 332/1000 [1:32:42<3:04:59, 16.62s/it]                                                                                            Best trial: 247. Best value: 127.236:  33%|███▎      | 332/1000 [1:33:01<3:04:59, 16.62s/it]Best trial: 247. Best value: 127.236:  33%|███▎      | 332/1000 [1:33:01<3:04:59, 16.62s/it]Best trial: 247. Best value: 127.236:  33%|███▎      | 333/1000 [1:33:01<3:12:14, 17.29s/it]                                                                                            Best trial: 247. Best value: 127.236:  33%|███▎      | 333/1000 [1:33:18<3:12:14, 17.29s/it]Best trial: 247. Best value: 127.236:  33%|███▎      | 333/1000 [1:33:18<3:12:14, 17.29s/it]Best trial: 247. Best value: 127.236:  33%|███▎      | 334/1000 [1:33:18<3:09:55, 17.11s/it]                                                                                            Best trial: 247. Best value: 127.236:  33%|███▎      | 334/1000 [1:33:34<3:09:55, 17.11s/it]Best trial: 247. Best value: 127.236:  33%|███▎      | 334/1000 [1:33:34<3:09:55, 17.11s/it]Best trial: 247. Best value: 127.236:  34%|███▎      | 335/1000 [1:33:34<3:08:15, 16.99s/it]                                                                                            Best trial: 247. Best value: 127.236:  34%|███▎      | 335/1000 [1:33:51<3:08:15, 16.99s/it]Best trial: 247. Best value: 127.236:  34%|███▎      | 335/1000 [1:33:51<3:08:15, 16.99s/it]Best trial: 247. Best value: 127.236:  34%|███▎      | 336/1000 [1:33:51<3:07:15, 16.92s/it]                                                                                            
[I 2026-04-01 13:14:54,340] Trial 316 finished with value: 136.25010522705625 and parameters: {'alpha_0': 0.001109611739139889, 'alpha_1': 5.596689036361762e-05, 'alpha_2': 0.00011070186139399042, 'beta_0': 0.08765736945604381, 'beta_1': 10.79473084045569, 'beta_2': 0.23328829091667835, 'beta_3': 5.445727093232471, 'beta_4': 39.78922781165763}. Best is trial 247 with value: 127.23598630728915.
[I 2026-04-01 13:15:11,159] Trial 317 finished with value: 129.13249156682937 and parameters: {'alpha_0': 0.001017190296464572, 'alpha_1': 5.1881368543634494e-05, 'alpha_2': 0.00011292616062594707, 'beta_0': 0.09335632183271955, 'beta_1': 14.675667387531323, 'beta_2': 0.2170216814723737, 'beta_3': 5.210157950654269, 'beta_4': 37.13176874917169}. Best is trial 247 with value: 127.23598630728915.
[I 2026-04-01 13:15:27,787] Trial 318 finished with value: 128.38981097883456 and parameters: {'alpha_0': 0.0010789254548301227, 'alpha_1': 5.000272774665675e-05, 'alpha_2': 0.00011681877962644833, 'beta_0': 0.08018798070978223, 'beta_1': 14.362760237986764, 'beta_2': 0.21642308128678275, 'beta_3': 5.547845434420289, 'beta_4': 40.92440058742478}. Best is trial 247 with value: 127.23598630728915.
[I 2026-04-01 13:15:44,501] Trial 319 finished with value: 130.36388329422152 and parameters: {'alpha_0': 0.0010430373352004363, 'alpha_1': 5.3583233148246516e-05, 'alpha_2': 0.00011855476824862919, 'beta_0': 0.07541891573682395, 'beta_1': 14.824461545485008, 'beta_2': 0.23965404500271675, 'beta_3': 5.349458531851967, 'beta_4': 47.704322286526285}. Best is trial 247 with value: 127.23598630728915.
[I 2026-04-01 13:16:01,603] Trial 320 finished with value: 133.2362624945988 and parameters: {'alpha_0': 0.0011397776484110796, 'alpha_1': 5.189605874938837e-05, 'alpha_2': 0.00010771725696571598, 'beta_0': 0.08279782722821581, 'beta_1': 6.921149044994754, 'beta_2': 0.2320150834701838, 'beta_3': 5.638485969996558, 'beta_4': 36.26862120774603}. Best is trial 247 with value: 127.23598630728915.
[I 2026-04-01 13:16:18,337] Trial 321 finished with value: 133.0579969290172 and parameters: {'alpha_0': 0.0009612390586677965, 'alpha_1': 5.375105043569896e-05, 'alpha_2': 0.0001097783291417191, 'beta_0': 0.08654508890623433, 'beta_1': 11.522082676820096, 'beta_2': 0.222315721721421, 'beta_3': 5.466119275209793, 'beta_4': 38.30087124368359}. Best is trial 247 with value: 127.23598630728915.
[I 2026-04-01 13:16:34,928] Trial 322 finished with value: 128.31896811841358 and parameters: {'alpha_0': 0.0011573641686411656, 'alpha_1': 5.013365119603567e-05, 'alpha_2': 0.0001144057416496533, 'beta_0': 0.09115476066886437, 'beta_1': 14.535178611380976, 'beta_2': 0.23694511900672255, 'beta_3': 5.0566091301044676, 'beta_4': 42.47840205826171}. Best is trial 247 with value: 127.23598630728915.
[I 2026-04-01 13:16:51,529] Trial 323 finished with value: 129.76090784775997 and parameters: {'alpha_0': 0.0009914636056779092, 'alpha_1': 5.19204800799731e-05, 'alpha_2': 0.0001122938856595136, 'beta_0': 0.07915533791005114, 'beta_1': 14.225643818803807, 'beta_2': 0.23484101580199443, 'beta_3': 5.300652919348873, 'beta_4': 29.194635251164033}. Best is trial 247 with value: 127.23598630728915.
[I 2026-04-01 13:17:08,174] Trial 324 finished with value: 131.63576236154347 and parameters: {'alpha_0': 0.0010720156315008349, 'alpha_1': 5.5317045529145774e-05, 'alpha_2': 0.00011614714032855407, 'beta_0': 0.07367263441758937, 'beta_1': 14.82134202456302, 'beta_2': 0.2195533537940083, 'beta_3': 5.661766365698989, 'beta_4': 40.24697980617638}. Best is trial 247 with value: 127.23598630728915.
[I 2026-04-01 13:17:24,741] Trial 325 finished with value: 127.5128916337494 and parameters: {'alpha_0': 0.0011144101647293434, 'alpha_1': 5.00595833626997e-05, 'alpha_2': 0.00011823782647981261, 'beta_0': 0.09483860149120833, 'beta_1': 14.662951757801368, 'beta_2': 0.22540621512372785, 'beta_3': 5.5560517040630915, 'beta_4': 39.065777785624775}. Best is trial 247 with value: 127.23598630728915.
[I 2026-04-01 13:17:41,558] Trial 326 finished with value: 130.7463318162607 and parameters: {'alpha_0': 0.001115335272116211, 'alpha_1': 5.3363414402858576e-05, 'alpha_2': 0.00011872662751750611, 'beta_0': 0.09573688437790082, 'beta_1': 14.059545518797096, 'beta_2': 0.22712326304756097, 'beta_3': 5.525965971473402, 'beta_4': 38.90140793401002}. Best is trial 247 with value: 127.23598630728915.
[I 2026-04-01 13:17:58,157] Trial 327 finished with value: 127.63499072005685 and parameters: {'alpha_0': 0.0008325083046236844, 'alpha_1': 5.00228692352327e-05, 'alpha_2': 0.00011965327050897331, 'beta_0': 0.08493401906249595, 'beta_1': 14.439057006136276, 'beta_2': 0.2254101175979651, 'beta_3': 5.602445638462078, 'beta_4': 39.248126351328864}. Best is trial 247 with value: 127.23598630728915.
[I 2026-04-01 13:18:14,797] Trial 328 finished with value: 129.59667776388852 and parameters: {'alpha_0': 0.0009113298639833549, 'alpha_1': 5.239488704508321e-05, 'alpha_2': 0.00011937916289678368, 'beta_0': 0.08361019272922122, 'beta_1': 14.331715202637064, 'beta_2': 0.22417278308424826, 'beta_3': 5.652060723915928, 'beta_4': 39.402515419155655}. Best is trial 247 with value: 127.23598630728915.
[I 2026-04-01 13:18:31,356] Trial 329 finished with value: 127.40283031666291 and parameters: {'alpha_0': 0.000830309541674343, 'alpha_1': 5.006321142154214e-05, 'alpha_2': 0.00011847247680487016, 'beta_0': 0.07792999253727512, 'beta_1': 14.648159089738664, 'beta_2': 0.22515660684380856, 'beta_3': 5.7159621064816175, 'beta_4': 40.04637496441316}. Best is trial 247 with value: 127.23598630728915.
[I 2026-04-01 13:18:47,932] Trial 330 finished with value: 131.803216278378 and parameters: {'alpha_0': 0.0008519795837718745, 'alpha_1': 5.4746808572971444e-05, 'alpha_2': 0.00011962069643294302, 'beta_0': 0.08027330607678432, 'beta_1': 14.460683037901205, 'beta_2': 0.22583817262624692, 'beta_3': 4.378033811171702, 'beta_4': 39.68730206884525}. Best is trial 247 with value: 127.23598630728915.
[I 2026-04-01 13:19:04,558] Trial 331 finished with value: 127.27050671903075 and parameters: {'alpha_0': 0.0007832749817782261, 'alpha_1': 5.003362692097217e-05, 'alpha_2': 0.00011776502198360616, 'beta_0': 0.07749008518364628, 'beta_1': 14.640074159212686, 'beta_2': 0.22449971125062457, 'beta_3': 5.600137646583868, 'beta_4': 40.1538301678918}. Best is trial 247 with value: 127.23598630728915.
[I 2026-04-01 13:19:23,431] Trial 332 finished with value: 232.3052308203777 and parameters: {'alpha_0': 0.0007452146631045919, 'alpha_1': 7.706364625581537e-05, 'alpha_2': 0.00011796204788501012, 'beta_0': 0.24138734780690896, 'beta_1': 9.932264257206985, 'beta_2': 0.22568144464231935, 'beta_3': 5.685947614753344, 'beta_4': 39.97531926968094}. Best is trial 247 with value: 127.23598630728915.
[I 2026-04-01 13:19:40,112] Trial 333 finished with value: 134.84439067542934 and parameters: {'alpha_0': 0.0007892545159219017, 'alpha_1': 5.805541719829238e-05, 'alpha_2': 0.00011992037245097078, 'beta_0': 0.07658220891857967, 'beta_1': 14.165324185994825, 'beta_2': 0.22448166509355802, 'beta_3': 5.57845969720352, 'beta_4': 40.50954724627731}. Best is trial 247 with value: 127.23598630728915.
[I 2026-04-01 13:19:56,807] Trial 334 finished with value: 128.71261968307607 and parameters: {'alpha_0': 0.0008914977771627211, 'alpha_1': 5.2041814868642606e-05, 'alpha_2': 0.00011707448095292848, 'beta_0': 0.07355741498846476, 'beta_1': 14.564736070979212, 'beta_2': 0.22403376503746866, 'beta_3': 5.855893814833754, 'beta_4': 39.03241920429553}. Best is trial 247 with value: 127.23598630728915.
[I 2026-04-01 13:20:13,579] Trial 335 finished with value: 280.3851088330997 and parameters: {'alpha_0': 0.0007551731020820871, 'alpha_1': 0.00014682633333284033, 'alpha_2': 0.00011665713142420242, 'beta_0': 0.08549989452016711, 'beta_1': 14.319415137381837, 'beta_2': 0.22093008114964996, 'beta_3': 5.623549361174842, 'beta_4': 40.659660314582204}. Best is trial 247 with value: 127.23598630728915.
