[I 2026-04-01 15:29:19,693] Trial 798 finished with value: 247.32649041085222 and parameters: {'alpha_0': 0.000539382564353817, 'alpha_1': 0.00012782454339020665, 'alpha_2': 0.00010134939010004087, 'beta_0': 0.1280392139907507, 'beta_1': 14.538443019222271, 'beta_2': 0.20148633433226223, 'beta_3': 7.803997725041573, 'beta_4': 46.46099147469183}. Best is trial 713 with value: 124.40682604489682.Best trial: 713. Best value: 124.407:  80%|███████▉  | 798/1000 [3:42:57<56:41, 16.84s/it]Best trial: 713. Best value: 124.407:  80%|███████▉  | 798/1000 [3:42:57<56:41, 16.84s/it]Best trial: 713. Best value: 124.407:  80%|███████▉  | 799/1000 [3:42:57<56:28, 16.86s/it]                                                                                          Best trial: 713. Best value: 124.407:  80%|███████▉  | 799/1000 [3:43:14<56:28, 16.86s/it]Best trial: 713. Best value: 124.407:  80%|███████▉  | 799/1000 [3:43:14<56:28, 16.86s/it]Best trial: 713. Best value: 124.407:  80%|████████  | 800/1000 [3:43:14<56:15, 16.88s/it]                                                                                          Best trial: 713. Best value: 124.407:  80%|████████  | 800/1000 [3:43:31<56:15, 16.88s/it]Best trial: 713. Best value: 124.407:  80%|████████  | 800/1000 [3:43:31<56:15, 16.88s/it]Best trial: 713. Best value: 124.407:  80%|████████  | 801/1000 [3:43:31<55:43, 16.80s/it]                                                                                          Best trial: 713. Best value: 124.407:  80%|████████  | 801/1000 [3:43:48<55:43, 16.80s/it]Best trial: 713. Best value: 124.407:  80%|████████  | 801/1000 [3:43:48<55:43, 16.80s/it]Best trial: 713. Best value: 124.407:  80%|████████  | 802/1000 [3:43:48<55:33, 16.83s/it]                                                                                          Best trial: 713. Best value: 124.407:  80%|████████  | 802/1000 [3:44:05<55:33, 16.83s/it]Best trial: 713. Best value: 124.407:  80%|████████  | 802/1000 [3:44:05<55:33, 16.83s/it]Best trial: 713. Best value: 124.407:  80%|████████  | 803/1000 [3:44:05<55:19, 16.85s/it]                                                                                          Best trial: 713. Best value: 124.407:  80%|████████  | 803/1000 [3:44:21<55:19, 16.85s/it]Best trial: 713. Best value: 124.407:  80%|████████  | 803/1000 [3:44:21<55:19, 16.85s/it]Best trial: 713. Best value: 124.407:  80%|████████  | 804/1000 [3:44:21<55:03, 16.86s/it]                                                                                          Best trial: 713. Best value: 124.407:  80%|████████  | 804/1000 [3:44:38<55:03, 16.86s/it]Best trial: 713. Best value: 124.407:  80%|████████  | 804/1000 [3:44:38<55:03, 16.86s/it]Best trial: 713. Best value: 124.407:  80%|████████  | 805/1000 [3:44:38<54:38, 16.81s/it]                                                                                          Best trial: 713. Best value: 124.407:  80%|████████  | 805/1000 [3:44:55<54:38, 16.81s/it]Best trial: 713. Best value: 124.407:  80%|████████  | 805/1000 [3:44:55<54:38, 16.81s/it]Best trial: 713. Best value: 124.407:  81%|████████  | 806/1000 [3:44:55<54:29, 16.85s/it]                                                                                          Best trial: 713. Best value: 124.407:  81%|████████  | 806/1000 [3:45:12<54:29, 16.85s/it]Best trial: 713. Best value: 124.407:  81%|████████  | 806/1000 [3:45:12<54:29, 16.85s/it]Best trial: 713. Best value: 124.407:  81%|████████  | 807/1000 [3:45:12<53:59, 16.78s/it]                                                                                          Best trial: 713. Best value: 124.407:  81%|████████  | 807/1000 [3:45:29<53:59, 16.78s/it]Best trial: 713. Best value: 124.407:  81%|████████  | 807/1000 [3:45:29<53:59, 16.78s/it]Best trial: 713. Best value: 124.407:  81%|████████  | 808/1000 [3:45:29<53:42, 16.78s/it]                                                                                          Best trial: 713. Best value: 124.407:  81%|████████  | 808/1000 [3:45:45<53:42, 16.78s/it]Best trial: 713. Best value: 124.407:  81%|████████  | 808/1000 [3:45:45<53:42, 16.78s/it]Best trial: 713. Best value: 124.407:  81%|████████  | 809/1000 [3:45:45<53:34, 16.83s/it]                                                                                          Best trial: 713. Best value: 124.407:  81%|████████  | 809/1000 [3:46:02<53:34, 16.83s/it]Best trial: 713. Best value: 124.407:  81%|████████  | 809/1000 [3:46:02<53:34, 16.83s/it]Best trial: 713. Best value: 124.407:  81%|████████  | 810/1000 [3:46:02<53:09, 16.79s/it]                                                                                          Best trial: 713. Best value: 124.407:  81%|████████  | 810/1000 [3:46:19<53:09, 16.79s/it]Best trial: 713. Best value: 124.407:  81%|████████  | 810/1000 [3:46:19<53:09, 16.79s/it]Best trial: 713. Best value: 124.407:  81%|████████  | 811/1000 [3:46:19<52:51, 16.78s/it]                                                                                          Best trial: 713. Best value: 124.407:  81%|████████  | 811/1000 [3:46:36<52:51, 16.78s/it]Best trial: 713. Best value: 124.407:  81%|████████  | 811/1000 [3:46:36<52:51, 16.78s/it]Best trial: 713. Best value: 124.407:  81%|████████  | 812/1000 [3:46:36<52:27, 16.74s/it]                                                                                          Best trial: 713. Best value: 124.407:  81%|████████  | 812/1000 [3:46:53<52:27, 16.74s/it]Best trial: 713. Best value: 124.407:  81%|████████  | 812/1000 [3:46:53<52:27, 16.74s/it]Best trial: 713. Best value: 124.407:  81%|████████▏ | 813/1000 [3:46:53<52:26, 16.82s/it]                                                                                          Best trial: 713. Best value: 124.407:  81%|████████▏ | 813/1000 [3:47:09<52:26, 16.82s/it]Best trial: 713. Best value: 124.407:  81%|████████▏ | 813/1000 [3:47:09<52:26, 16.82s/it]Best trial: 713. Best value: 124.407:  81%|████████▏ | 814/1000 [3:47:09<52:08, 16.82s/it]                                                                                          Best trial: 713. Best value: 124.407:  81%|████████▏ | 814/1000 [3:47:26<52:08, 16.82s/it]Best trial: 713. Best value: 124.407:  81%|████████▏ | 814/1000 [3:47:26<52:08, 16.82s/it]Best trial: 713. Best value: 124.407:  82%|████████▏ | 815/1000 [3:47:26<51:59, 16.86s/it]                                                                                          Best trial: 713. Best value: 124.407:  82%|████████▏ | 815/1000 [3:47:43<51:59, 16.86s/it]Best trial: 713. Best value: 124.407:  82%|████████▏ | 815/1000 [3:47:43<51:59, 16.86s/it]Best trial: 713. Best value: 124.407:  82%|████████▏ | 816/1000 [3:47:43<51:43, 16.87s/it]                                                                                          Best trial: 713. Best value: 124.407:  82%|████████▏ | 816/1000 [3:48:00<51:43, 16.87s/it]Best trial: 713. Best value: 124.407:  82%|████████▏ | 816/1000 [3:48:00<51:43, 16.87s/it]Best trial: 713. Best value: 124.407:  82%|████████▏ | 817/1000 [3:48:00<51:29, 16.89s/it]                                                                                          Best trial: 713. Best value: 124.407:  82%|████████▏ | 817/1000 [3:48:17<51:29, 16.89s/it]Best trial: 713. Best value: 124.407:  82%|████████▏ | 817/1000 [3:48:17<51:29, 16.89s/it]Best trial: 713. Best value: 124.407:  82%|████████▏ | 818/1000 [3:48:17<51:19, 16.92s/it]                                                                                          Best trial: 713. Best value: 124.407:  82%|████████▏ | 818/1000 [3:48:34<51:19, 16.92s/it]Best trial: 713. Best value: 124.407:  82%|████████▏ | 818/1000 [3:48:34<51:19, 16.92s/it]Best trial: 713. Best value: 124.407:  82%|████████▏ | 819/1000 [3:48:34<51:14, 16.98s/it]                                                                                          
[I 2026-04-01 15:29:36,609] Trial 799 finished with value: 185.21602281524292 and parameters: {'alpha_0': 0.0005009338860685233, 'alpha_1': 9.280148572038575e-05, 'alpha_2': 0.00010010840059839985, 'beta_0': 0.11786521056754365, 'beta_1': 14.687328708831314, 'beta_2': 0.19963724745804914, 'beta_3': 7.748039184632377, 'beta_4': 47.148988636159686}. Best is trial 713 with value: 124.40682604489682.
[I 2026-04-01 15:29:53,241] Trial 800 finished with value: 131.60470980652462 and parameters: {'alpha_0': 0.0005098870833410775, 'alpha_1': 5.761524533801689e-05, 'alpha_2': 0.00010337931311400278, 'beta_0': 0.12340193534542052, 'beta_1': 14.784098975336788, 'beta_2': 0.2018900211736441, 'beta_3': 7.9935988347736915, 'beta_4': 46.26001362192434}. Best is trial 713 with value: 124.40682604489682.
[I 2026-04-01 15:30:10,149] Trial 801 finished with value: 130.02134869736264 and parameters: {'alpha_0': 0.0005622747711570157, 'alpha_1': 5.512580321152435e-05, 'alpha_2': 0.00010243983067502738, 'beta_0': 0.13417919748823598, 'beta_1': 14.468400625391158, 'beta_2': 0.19779586600509097, 'beta_3': 7.54562306440522, 'beta_4': 47.40111612422782}. Best is trial 713 with value: 124.40682604489682.
[I 2026-04-01 15:30:27,035] Trial 802 finished with value: 126.54802471829336 and parameters: {'alpha_0': 0.000502259249953233, 'alpha_1': 5.381621687840276e-05, 'alpha_2': 0.00010475779530477199, 'beta_0': 0.12918993351130376, 'beta_1': 14.995085710203808, 'beta_2': 0.20294835486043902, 'beta_3': 7.875057866801153, 'beta_4': 46.84948325931227}. Best is trial 713 with value: 124.40682604489682.
[I 2026-04-01 15:30:43,906] Trial 803 finished with value: 131.52386921291745 and parameters: {'alpha_0': 0.0005088438541381315, 'alpha_1': 5.6723013289011776e-05, 'alpha_2': 0.00010030454545929814, 'beta_0': 0.1285683803360245, 'beta_1': 14.66105618157719, 'beta_2': 0.20756329927802408, 'beta_3': 7.860307628618429, 'beta_4': 45.86922982315421}. Best is trial 713 with value: 124.40682604489682.
[I 2026-04-01 15:31:00,612] Trial 804 finished with value: 134.59793815195064 and parameters: {'alpha_0': 0.0005338737989448241, 'alpha_1': 5.8253212411277965e-05, 'alpha_2': 0.00010400315168510892, 'beta_0': 0.12991158174160028, 'beta_1': 14.345983874213875, 'beta_2': 0.20505812011092042, 'beta_3': 7.6599311667743235, 'beta_4': 46.66885992330581}. Best is trial 713 with value: 124.40682604489682.
[I 2026-04-01 15:31:17,563] Trial 805 finished with value: 134.3434656482626 and parameters: {'alpha_0': 0.0005034963795545425, 'alpha_1': 5.596972232373316e-05, 'alpha_2': 0.00010211938747599166, 'beta_0': 0.1251097269327133, 'beta_1': 9.63927468308254, 'beta_2': 0.203346307712732, 'beta_3': 7.905459827388298, 'beta_4': 46.92431593582337}. Best is trial 713 with value: 124.40682604489682.
[I 2026-04-01 15:31:34,185] Trial 806 finished with value: 129.3363668322396 and parameters: {'alpha_0': 0.0005340425529442379, 'alpha_1': 5.444903810973784e-05, 'alpha_2': 0.00010433336973819832, 'beta_0': 0.13361340974081495, 'beta_1': 14.737565006748772, 'beta_2': 0.20084299539704661, 'beta_3': 7.758684452624365, 'beta_4': 46.09360803138174}. Best is trial 713 with value: 124.40682604489682.
[I 2026-04-01 15:31:50,970] Trial 807 finished with value: 127.24472398545512 and parameters: {'alpha_0': 0.0005010577734613099, 'alpha_1': 5.3759958076679506e-05, 'alpha_2': 0.00010082849800029286, 'beta_0': 0.12015205728264748, 'beta_1': 14.806551905611068, 'beta_2': 0.20544942681118883, 'beta_3': 7.44276269618152, 'beta_4': 47.55823289451849}. Best is trial 713 with value: 124.40682604489682.
[I 2026-04-01 15:32:07,908] Trial 808 finished with value: 130.41975086211576 and parameters: {'alpha_0': 0.0005620330516179327, 'alpha_1': 5.662553582774591e-05, 'alpha_2': 0.00010328047601189006, 'beta_0': 0.12797946313286276, 'beta_1': 14.545696794713848, 'beta_2': 0.20309473478244372, 'beta_3': 7.859651894117072, 'beta_4': 46.85815227290444}. Best is trial 713 with value: 124.40682604489682.
[I 2026-04-01 15:32:24,588] Trial 809 finished with value: 134.04143434145132 and parameters: {'alpha_0': 0.0005582756755915923, 'alpha_1': 5.979240482049116e-05, 'alpha_2': 0.0001052112845892593, 'beta_0': 0.1141962211231871, 'beta_1': 14.787348181490295, 'beta_2': 0.19884074085900189, 'beta_3': 7.994648426623299, 'beta_4': 45.71687054333599}. Best is trial 713 with value: 124.40682604489682.
[I 2026-04-01 15:32:41,364] Trial 810 finished with value: 128.6756889278866 and parameters: {'alpha_0': 0.0005378933679177373, 'alpha_1': 5.371296114581496e-05, 'alpha_2': 7.869813201763333e-05, 'beta_0': 0.12241861463946307, 'beta_1': 14.531992061631064, 'beta_2': 0.2004293611851031, 'beta_3': 7.695427762818692, 'beta_4': 47.6474050804659}. Best is trial 713 with value: 124.40682604489682.
[I 2026-04-01 15:32:58,021] Trial 811 finished with value: 128.27491320359812 and parameters: {'alpha_0': 0.000578870368545605, 'alpha_1': 5.320066747875416e-05, 'alpha_2': 9.953112264355504e-05, 'beta_0': 0.1413411334262432, 'beta_1': 14.30255634359723, 'beta_2': 0.20221385223411908, 'beta_3': 7.816351783568837, 'beta_4': 46.46978764126135}. Best is trial 713 with value: 124.40682604489682.
[I 2026-04-01 15:33:15,031] Trial 812 finished with value: 135.04077906498625 and parameters: {'alpha_0': 0.001597212082737839, 'alpha_1': 5.521342743246014e-05, 'alpha_2': 0.000106696238556681, 'beta_0': 0.13521303017671582, 'beta_1': 10.870468143012019, 'beta_2': 0.19693776538621735, 'beta_3': 7.600110763085159, 'beta_4': 47.11729765096092}. Best is trial 713 with value: 124.40682604489682.
[I 2026-04-01 15:33:31,839] Trial 813 finished with value: 126.8847033857532 and parameters: {'alpha_0': 0.0005012772403678403, 'alpha_1': 5.2513085083147996e-05, 'alpha_2': 0.00010210236631783389, 'beta_0': 0.12412717904157843, 'beta_1': 14.830350947591988, 'beta_2': 0.19917069507239202, 'beta_3': 7.876827921878742, 'beta_4': 47.677174811905566}. Best is trial 713 with value: 124.40682604489682.
[I 2026-04-01 15:33:48,798] Trial 814 finished with value: 126.06358333985776 and parameters: {'alpha_0': 0.0005686695666918342, 'alpha_1': 5.2531918442941995e-05, 'alpha_2': 0.00010346825137617826, 'beta_0': 0.1310326761149923, 'beta_1': 14.633659472193262, 'beta_2': 0.1956834832558012, 'beta_3': 7.751632811162682, 'beta_4': 46.093921739818775}. Best is trial 713 with value: 124.40682604489682.
[I 2026-04-01 15:34:05,683] Trial 815 finished with value: 238.76439892173318 and parameters: {'alpha_0': 0.0005390350177780521, 'alpha_1': 0.00012281143253351846, 'alpha_2': 9.666661443958597e-05, 'beta_0': 0.13176377524939115, 'beta_1': 14.820382137264767, 'beta_2': 0.19518227208260516, 'beta_3': 7.740066843715693, 'beta_4': 45.65994450258911}. Best is trial 713 with value: 124.40682604489682.
[I 2026-04-01 15:34:22,607] Trial 816 finished with value: 129.18918696878188 and parameters: {'alpha_0': 0.0005723620516227116, 'alpha_1': 5.5689146908945324e-05, 'alpha_2': 0.00010175049980226494, 'beta_0': 0.13881039013941562, 'beta_1': 14.681808746905453, 'beta_2': 0.1965786499486088, 'beta_3': 7.917491843329616, 'beta_4': 45.10016120614327}. Best is trial 713 with value: 124.40682604489682.
[I 2026-04-01 15:34:39,605] Trial 817 finished with value: 128.5414368818107 and parameters: {'alpha_0': 0.0005480632444578545, 'alpha_1': 5.3935054072499073e-05, 'alpha_2': 9.957686031884756e-05, 'beta_0': 0.13171862655340796, 'beta_1': 14.845360549512451, 'beta_2': 0.19506938906162913, 'beta_3': 7.79253390576861, 'beta_4': 46.081389833475605}. Best is trial 713 with value: 124.40682604489682.
[I 2026-04-01 15:34:56,743] Trial 818 finished with value: 133.33765097057403 and parameters: {'alpha_0': 0.0005016049360731713, 'alpha_1': 5.750675797612767e-05, 'alpha_2': 0.00010543563572088947, 'beta_0': 0.14386478762578128, 'beta_1': 14.994725852990388, 'beta_2': 0.1946405044246423, 'beta_3': 7.925159143211796, 'beta_4': 47.860502764591125}. Best is trial 713 with value: 124.40682604489682.
