[I 2026-04-01 12:45:34,662] Trial 210 finished with value: 128.51202835524083 and parameters: {'alpha_0': 0.0009527448446390274, 'alpha_1': 5.2058800004172495e-05, 'alpha_2': 0.0001158891815810222, 'beta_0': 0.06438523929591117, 'beta_1': 14.995917873572004, 'beta_2': 0.22471042620187412, 'beta_3': 5.994509997959314, 'beta_4': 39.57588298790887}. Best is trial 207 with value: 127.29276447886771.Best trial: 207. Best value: 127.293:  21%|██        | 210/1000 [59:12<3:37:49, 16.54s/it]Best trial: 207. Best value: 127.293:  21%|██        | 210/1000 [59:12<3:37:49, 16.54s/it]Best trial: 207. Best value: 127.293:  21%|██        | 211/1000 [59:12<3:37:47, 16.56s/it]                                                                                          Best trial: 207. Best value: 127.293:  21%|██        | 211/1000 [59:29<3:37:47, 16.56s/it]Best trial: 207. Best value: 127.293:  21%|██        | 211/1000 [59:29<3:37:47, 16.56s/it]Best trial: 207. Best value: 127.293:  21%|██        | 212/1000 [59:29<3:37:27, 16.56s/it]                                                                                          Best trial: 207. Best value: 127.293:  21%|██        | 212/1000 [59:45<3:37:27, 16.56s/it]Best trial: 207. Best value: 127.293:  21%|██        | 212/1000 [59:45<3:37:27, 16.56s/it]Best trial: 207. Best value: 127.293:  21%|██▏       | 213/1000 [59:45<3:37:01, 16.55s/it]                                                                                          Best trial: 207. Best value: 127.293:  21%|██▏       | 213/1000 [1:00:02<3:37:01, 16.55s/it]Best trial: 207. Best value: 127.293:  21%|██▏       | 213/1000 [1:00:02<3:37:01, 16.55s/it]Best trial: 207. Best value: 127.293:  21%|██▏       | 214/1000 [1:00:02<3:37:10, 16.58s/it]                                                                                            Best trial: 207. Best value: 127.293:  21%|██▏       | 214/1000 [1:00:19<3:37:10, 16.58s/it]Best trial: 207. Best value: 127.293:  21%|██▏       | 214/1000 [1:00:19<3:37:10, 16.58s/it]Best trial: 207. Best value: 127.293:  22%|██▏       | 215/1000 [1:00:19<3:37:32, 16.63s/it]                                                                                            Best trial: 207. Best value: 127.293:  22%|██▏       | 215/1000 [1:00:35<3:37:32, 16.63s/it]Best trial: 207. Best value: 127.293:  22%|██▏       | 215/1000 [1:00:35<3:37:32, 16.63s/it]Best trial: 207. Best value: 127.293:  22%|██▏       | 216/1000 [1:00:35<3:37:40, 16.66s/it]                                                                                            Best trial: 207. Best value: 127.293:  22%|██▏       | 216/1000 [1:00:52<3:37:40, 16.66s/it]Best trial: 207. Best value: 127.293:  22%|██▏       | 216/1000 [1:00:52<3:37:40, 16.66s/it]Best trial: 207. Best value: 127.293:  22%|██▏       | 217/1000 [1:00:52<3:36:56, 16.62s/it]                                                                                            Best trial: 207. Best value: 127.293:  22%|██▏       | 217/1000 [1:01:09<3:36:56, 16.62s/it]Best trial: 207. Best value: 127.293:  22%|██▏       | 217/1000 [1:01:09<3:36:56, 16.62s/it]Best trial: 207. Best value: 127.293:  22%|██▏       | 218/1000 [1:01:09<3:36:32, 16.61s/it]                                                                                            Best trial: 207. Best value: 127.293:  22%|██▏       | 218/1000 [1:01:25<3:36:32, 16.61s/it]Best trial: 207. Best value: 127.293:  22%|██▏       | 218/1000 [1:01:25<3:36:32, 16.61s/it]Best trial: 207. Best value: 127.293:  22%|██▏       | 219/1000 [1:01:25<3:36:06, 16.60s/it]                                                                                            Best trial: 207. Best value: 127.293:  22%|██▏       | 219/1000 [1:01:42<3:36:06, 16.60s/it]Best trial: 207. Best value: 127.293:  22%|██▏       | 219/1000 [1:01:42<3:36:06, 16.60s/it]Best trial: 207. Best value: 127.293:  22%|██▏       | 220/1000 [1:01:42<3:35:49, 16.60s/it]                                                                                            Best trial: 207. Best value: 127.293:  22%|██▏       | 220/1000 [1:01:58<3:35:49, 16.60s/it]Best trial: 207. Best value: 127.293:  22%|██▏       | 220/1000 [1:01:58<3:35:49, 16.60s/it]Best trial: 207. Best value: 127.293:  22%|██▏       | 221/1000 [1:01:58<3:35:18, 16.58s/it]                                                                                            Best trial: 207. Best value: 127.293:  22%|██▏       | 221/1000 [1:02:15<3:35:18, 16.58s/it]Best trial: 207. Best value: 127.293:  22%|██▏       | 221/1000 [1:02:15<3:35:18, 16.58s/it]Best trial: 207. Best value: 127.293:  22%|██▏       | 222/1000 [1:02:15<3:34:44, 16.56s/it]                                                                                            Best trial: 207. Best value: 127.293:  22%|██▏       | 222/1000 [1:02:31<3:34:44, 16.56s/it]Best trial: 207. Best value: 127.293:  22%|██▏       | 222/1000 [1:02:31<3:34:44, 16.56s/it]Best trial: 207. Best value: 127.293:  22%|██▏       | 223/1000 [1:02:31<3:34:22, 16.55s/it]                                                                                            Best trial: 207. Best value: 127.293:  22%|██▏       | 223/1000 [1:02:48<3:34:22, 16.55s/it]Best trial: 207. Best value: 127.293:  22%|██▏       | 223/1000 [1:02:48<3:34:22, 16.55s/it]Best trial: 207. Best value: 127.293:  22%|██▏       | 224/1000 [1:02:48<3:34:18, 16.57s/it]                                                                                            Best trial: 207. Best value: 127.293:  22%|██▏       | 224/1000 [1:03:04<3:34:18, 16.57s/it]Best trial: 207. Best value: 127.293:  22%|██▏       | 224/1000 [1:03:04<3:34:18, 16.57s/it]Best trial: 207. Best value: 127.293:  22%|██▎       | 225/1000 [1:03:04<3:33:49, 16.55s/it]                                                                                            Best trial: 207. Best value: 127.293:  22%|██▎       | 225/1000 [1:03:21<3:33:49, 16.55s/it]Best trial: 207. Best value: 127.293:  22%|██▎       | 225/1000 [1:03:21<3:33:49, 16.55s/it]Best trial: 207. Best value: 127.293:  23%|██▎       | 226/1000 [1:03:21<3:33:38, 16.56s/it]                                                                                            Best trial: 207. Best value: 127.293:  23%|██▎       | 226/1000 [1:03:38<3:33:38, 16.56s/it]Best trial: 207. Best value: 127.293:  23%|██▎       | 226/1000 [1:03:38<3:33:38, 16.56s/it]Best trial: 207. Best value: 127.293:  23%|██▎       | 227/1000 [1:03:38<3:33:11, 16.55s/it]                                                                                            Best trial: 207. Best value: 127.293:  23%|██▎       | 227/1000 [1:03:54<3:33:11, 16.55s/it]Best trial: 207. Best value: 127.293:  23%|██▎       | 227/1000 [1:03:54<3:33:11, 16.55s/it]Best trial: 207. Best value: 127.293:  23%|██▎       | 228/1000 [1:03:54<3:33:13, 16.57s/it]                                                                                            Best trial: 207. Best value: 127.293:  23%|██▎       | 228/1000 [1:04:11<3:33:13, 16.57s/it]Best trial: 207. Best value: 127.293:  23%|██▎       | 228/1000 [1:04:11<3:33:13, 16.57s/it]Best trial: 207. Best value: 127.293:  23%|██▎       | 229/1000 [1:04:11<3:32:54, 16.57s/it]                                                                                            Best trial: 207. Best value: 127.293:  23%|██▎       | 229/1000 [1:04:27<3:32:54, 16.57s/it]Best trial: 207. Best value: 127.293:  23%|██▎       | 229/1000 [1:04:27<3:32:54, 16.57s/it]Best trial: 207. Best value: 127.293:  23%|██▎       | 230/1000 [1:04:27<3:32:26, 16.55s/it]                                                                                            Best trial: 207. Best value: 127.293:  23%|██▎       | 230/1000 [1:04:44<3:32:26, 16.55s/it]Best trial: 207. Best value: 127.293:  23%|██▎       | 230/1000 [1:04:44<3:32:26, 16.55s/it]Best trial: 207. Best value: 127.293:  23%|██▎       | 231/1000 [1:04:44<3:32:11, 16.56s/it]                                                                                            
[I 2026-04-01 12:45:51,211] Trial 211 finished with value: 127.48976740358113 and parameters: {'alpha_0': 0.0008532586196361654, 'alpha_1': 5.008217312785033e-05, 'alpha_2': 0.00011742030183110946, 'beta_0': 0.07069848519386825, 'beta_1': 14.741371355243313, 'beta_2': 0.22928714616257906, 'beta_3': 5.693741890498308, 'beta_4': 38.78666479511445}. Best is trial 207 with value: 127.29276447886771.
[I 2026-04-01 12:46:07,729] Trial 212 finished with value: 129.03797096737608 and parameters: {'alpha_0': 0.0008228906035939425, 'alpha_1': 5.1854814595206415e-05, 'alpha_2': 0.00011736921496671871, 'beta_0': 0.07071903899423385, 'beta_1': 14.695528204173238, 'beta_2': 0.22703139382376356, 'beta_3': 5.721761321838826, 'beta_4': 41.002789575082815}. Best is trial 207 with value: 127.29276447886771.
[I 2026-04-01 12:46:24,383] Trial 213 finished with value: 129.95636969391495 and parameters: {'alpha_0': 0.0008742971204924697, 'alpha_1': 5.367713393550974e-05, 'alpha_2': 0.00011971563220599504, 'beta_0': 0.07058507049854112, 'beta_1': 14.823048885566541, 'beta_2': 0.22891108323662124, 'beta_3': 5.869887648492963, 'beta_4': 38.85201948546835}. Best is trial 207 with value: 127.29276447886771.
[I 2026-04-01 12:46:41,125] Trial 214 finished with value: 128.11884773576566 and parameters: {'alpha_0': 0.0010432746897098574, 'alpha_1': 5.015157267655054e-05, 'alpha_2': 0.00011564972162605294, 'beta_0': 0.07633919514492926, 'beta_1': 14.499748058312452, 'beta_2': 0.22993789344500673, 'beta_3': 5.666856627081189, 'beta_4': 39.77856191051144}. Best is trial 207 with value: 127.29276447886771.
[I 2026-04-01 12:46:57,857] Trial 215 finished with value: 129.2979372093441 and parameters: {'alpha_0': 0.0009967812806522802, 'alpha_1': 5.188054406240017e-05, 'alpha_2': 0.00011639644571051582, 'beta_0': 0.06741696156580612, 'beta_1': 14.477104653080907, 'beta_2': 0.22591086157862006, 'beta_3': 5.681033027572467, 'beta_4': 39.55971508586021}. Best is trial 207 with value: 127.29276447886771.
[I 2026-04-01 12:47:14,398] Trial 216 finished with value: 130.25106465788846 and parameters: {'alpha_0': 0.0010135859111214554, 'alpha_1': 5.4115829185649416e-05, 'alpha_2': 0.00011527665463909475, 'beta_0': 0.07505715559316353, 'beta_1': 14.615098976209556, 'beta_2': 0.22963701557320032, 'beta_3': 6.131985336733416, 'beta_4': 39.92769918243841}. Best is trial 207 with value: 127.29276447886771.
[I 2026-04-01 12:47:30,992] Trial 217 finished with value: 128.4876605712467 and parameters: {'alpha_0': 0.0011280441323959227, 'alpha_1': 5.0224414485904446e-05, 'alpha_2': 0.00011844113660488111, 'beta_0': 0.05695239055528503, 'beta_1': 14.41868625721622, 'beta_2': 0.2312097342988364, 'beta_3': 5.803085883614436, 'beta_4': 38.449729014507696}. Best is trial 207 with value: 127.29276447886771.
[I 2026-04-01 12:47:47,566] Trial 218 finished with value: 132.283517233674 and parameters: {'alpha_0': 0.0010379028344642016, 'alpha_1': 5.610716754150061e-05, 'alpha_2': 0.00011461980066446654, 'beta_0': 0.07848288800355947, 'beta_1': 14.66116688769339, 'beta_2': 0.22815540771917137, 'beta_3': 5.949033670603009, 'beta_4': 40.452137250526675}. Best is trial 207 with value: 127.29276447886771.
[I 2026-04-01 12:48:04,168] Trial 219 finished with value: 128.5873006542488 and parameters: {'alpha_0': 0.0008811340302087265, 'alpha_1': 5.0003746358360534e-05, 'alpha_2': 0.00011679129202146888, 'beta_0': 0.07346900941035452, 'beta_1': 14.136656131038128, 'beta_2': 0.2337025365446986, 'beta_3': 5.628675282931681, 'beta_4': 37.50862798284161}. Best is trial 207 with value: 127.29276447886771.
[I 2026-04-01 12:48:20,707] Trial 220 finished with value: 134.4750702513408 and parameters: {'alpha_0': 0.0011090633111988245, 'alpha_1': 5.2333083605900335e-05, 'alpha_2': 0.00011429684483735237, 'beta_0': 0.06071603440041543, 'beta_1': 10.32693675312361, 'beta_2': 0.23212200729450289, 'beta_3': 5.411084348326078, 'beta_4': 36.80433544561824}. Best is trial 207 with value: 127.29276447886771.
[I 2026-04-01 12:48:37,217] Trial 221 finished with value: 128.6067371169911 and parameters: {'alpha_0': 0.0006808342874646616, 'alpha_1': 5.172842290171469e-05, 'alpha_2': 0.00011612754490513479, 'beta_0': 0.07818754543883187, 'beta_1': 14.834120870382852, 'beta_2': 0.23437274142154102, 'beta_3': 5.538637846639726, 'beta_4': 39.14612161590464}. Best is trial 207 with value: 127.29276447886771.
[I 2026-04-01 12:48:53,755] Trial 222 finished with value: 127.6145998179256 and parameters: {'alpha_0': 0.0010366860182540382, 'alpha_1': 5.0062620505134467e-05, 'alpha_2': 0.00011242561831434472, 'beta_0': 0.06945453103331946, 'beta_1': 14.84045905530746, 'beta_2': 0.2300629843517252, 'beta_3': 5.623781747195112, 'beta_4': 41.212877548165665}. Best is trial 207 with value: 127.29276447886771.
[I 2026-04-01 12:49:10,364] Trial 223 finished with value: 128.55402832233744 and parameters: {'alpha_0': 0.0009933315526706892, 'alpha_1': 5.0093158283899635e-05, 'alpha_2': 0.00011348399165658711, 'beta_0': 0.06367267481017001, 'beta_1': 14.53139943642806, 'beta_2': 0.23049935949123973, 'beta_3': 5.722132009525212, 'beta_4': 40.823685917606824}. Best is trial 207 with value: 127.29276447886771.
[I 2026-04-01 12:49:26,879] Trial 224 finished with value: 130.5304393755414 and parameters: {'alpha_0': 0.001051851673635329, 'alpha_1': 5.3706358752030175e-05, 'alpha_2': 0.00011763638552505197, 'beta_0': 0.07618253927168869, 'beta_1': 14.7836253213356, 'beta_2': 0.22744395223910174, 'beta_3': 5.576046306959378, 'beta_4': 41.7225036340904}. Best is trial 207 with value: 127.29276447886771.
[I 2026-04-01 12:49:43,459] Trial 225 finished with value: 128.81794591627448 and parameters: {'alpha_0': 0.0009405175418160316, 'alpha_1': 5.24211487077231e-05, 'alpha_2': 0.00011193802720197049, 'beta_0': 0.06675914258209129, 'beta_1': 14.82751964276437, 'beta_2': 0.2295707620717709, 'beta_3': 5.810142483702951, 'beta_4': 39.862159832598806}. Best is trial 207 with value: 127.29276447886771.
[I 2026-04-01 12:49:59,974] Trial 226 finished with value: 129.35627632393616 and parameters: {'alpha_0': 0.0011939415943729853, 'alpha_1': 5.180323495010337e-05, 'alpha_2': 0.00011435237363815677, 'beta_0': 0.07971392500642877, 'beta_1': 14.407863902274745, 'beta_2': 0.23278478134953695, 'beta_3': 5.693362227547575, 'beta_4': 41.34821639491741}. Best is trial 207 with value: 127.29276447886771.
[I 2026-04-01 12:50:16,602] Trial 227 finished with value: 128.10926965073946 and parameters: {'alpha_0': 0.001062543683462684, 'alpha_1': 5.0078081850512795e-05, 'alpha_2': 0.00011112417097252864, 'beta_0': 0.07365730464455245, 'beta_1': 14.616593606160013, 'beta_2': 0.2255481502087207, 'beta_3': 5.424009490465857, 'beta_4': 38.96330265386475}. Best is trial 207 with value: 127.29276447886771.
[I 2026-04-01 12:50:33,165] Trial 228 finished with value: 130.7000893268467 and parameters: {'alpha_0': 0.0010370718760623883, 'alpha_1': 5.4283847242312205e-05, 'alpha_2': 0.00011171935104190765, 'beta_0': 0.06942102685935951, 'beta_1': 14.987827517249867, 'beta_2': 0.222762272204892, 'beta_3': 5.399518976493216, 'beta_4': 39.170816874105235}. Best is trial 207 with value: 127.29276447886771.
[I 2026-04-01 12:50:49,684] Trial 229 finished with value: 128.10647852222678 and parameters: {'alpha_0': 0.0012687272106264923, 'alpha_1': 5.000223567722568e-05, 'alpha_2': 0.00011544925471958575, 'beta_0': 0.07288342410972189, 'beta_1': 14.677945562884524, 'beta_2': 0.22453561476460174, 'beta_3': 5.623151131492376, 'beta_4': 40.3862450101275}. Best is trial 207 with value: 127.29276447886771.
[I 2026-04-01 12:51:06,246] Trial 230 finished with value: 129.65173224768913 and parameters: {'alpha_0': 0.001128206226207016, 'alpha_1': 5.2174100707819646e-05, 'alpha_2': 0.00011996032956426688, 'beta_0': 0.07122742357823986, 'beta_1': 14.687570447020455, 'beta_2': 0.2244778656486325, 'beta_3': 5.640943816924349, 'beta_4': 40.761195008371715}. Best is trial 207 with value: 127.29276447886771.
