[I 2026-04-01 15:17:30,256] Trial 756 finished with value: 128.54420080217108 and parameters: {'alpha_0': 0.0006223621348981735, 'alpha_1': 5.426235723951436e-05, 'alpha_2': 0.0001019933350401574, 'beta_0': 0.12093951759263255, 'beta_1': 14.662471742711565, 'beta_2': 0.19997168858741282, 'beta_3': 7.818104388446613, 'beta_4': 45.879285415797106}. Best is trial 713 with value: 124.40682604489682.Best trial: 713. Best value: 124.407:  76%|███████▌  | 756/1000 [3:31:08<1:09:09, 17.01s/it]Best trial: 713. Best value: 124.407:  76%|███████▌  | 756/1000 [3:31:08<1:09:09, 17.01s/it]Best trial: 713. Best value: 124.407:  76%|███████▌  | 757/1000 [3:31:08<1:08:34, 16.93s/it]                                                                                            Best trial: 713. Best value: 124.407:  76%|███████▌  | 757/1000 [3:31:25<1:08:34, 16.93s/it]Best trial: 713. Best value: 124.407:  76%|███████▌  | 757/1000 [3:31:25<1:08:34, 16.93s/it]Best trial: 713. Best value: 124.407:  76%|███████▌  | 758/1000 [3:31:25<1:08:07, 16.89s/it]                                                                                            Best trial: 713. Best value: 124.407:  76%|███████▌  | 758/1000 [3:31:42<1:08:07, 16.89s/it]Best trial: 713. Best value: 124.407:  76%|███████▌  | 758/1000 [3:31:42<1:08:07, 16.89s/it]Best trial: 713. Best value: 124.407:  76%|███████▌  | 759/1000 [3:31:42<1:07:53, 16.90s/it]                                                                                            Best trial: 713. Best value: 124.407:  76%|███████▌  | 759/1000 [3:31:58<1:07:53, 16.90s/it]Best trial: 713. Best value: 124.407:  76%|███████▌  | 759/1000 [3:31:58<1:07:53, 16.90s/it]Best trial: 713. Best value: 124.407:  76%|███████▌  | 760/1000 [3:31:58<1:07:29, 16.87s/it]                                                                                            Best trial: 713. Best value: 124.407:  76%|███████▌  | 760/1000 [3:32:15<1:07:29, 16.87s/it]Best trial: 713. Best value: 124.407:  76%|███████▌  | 760/1000 [3:32:15<1:07:29, 16.87s/it]Best trial: 713. Best value: 124.407:  76%|███████▌  | 761/1000 [3:32:15<1:07:02, 16.83s/it]                                                                                            Best trial: 713. Best value: 124.407:  76%|███████▌  | 761/1000 [3:32:32<1:07:02, 16.83s/it]Best trial: 713. Best value: 124.407:  76%|███████▌  | 761/1000 [3:32:32<1:07:02, 16.83s/it]Best trial: 713. Best value: 124.407:  76%|███████▌  | 762/1000 [3:32:32<1:06:38, 16.80s/it]                                                                                            Best trial: 713. Best value: 124.407:  76%|███████▌  | 762/1000 [3:32:49<1:06:38, 16.80s/it]Best trial: 713. Best value: 124.407:  76%|███████▌  | 762/1000 [3:32:49<1:06:38, 16.80s/it]Best trial: 713. Best value: 124.407:  76%|███████▋  | 763/1000 [3:32:49<1:06:22, 16.80s/it]                                                                                            Best trial: 713. Best value: 124.407:  76%|███████▋  | 763/1000 [3:33:05<1:06:22, 16.80s/it]Best trial: 713. Best value: 124.407:  76%|███████▋  | 763/1000 [3:33:05<1:06:22, 16.80s/it]Best trial: 713. Best value: 124.407:  76%|███████▋  | 764/1000 [3:33:05<1:05:58, 16.77s/it]                                                                                            Best trial: 713. Best value: 124.407:  76%|███████▋  | 764/1000 [3:33:22<1:05:58, 16.77s/it]Best trial: 713. Best value: 124.407:  76%|███████▋  | 764/1000 [3:33:22<1:05:58, 16.77s/it]Best trial: 713. Best value: 124.407:  76%|███████▋  | 765/1000 [3:33:22<1:05:48, 16.80s/it]                                                                                            Best trial: 713. Best value: 124.407:  76%|███████▋  | 765/1000 [3:33:40<1:05:48, 16.80s/it]Best trial: 713. Best value: 124.407:  76%|███████▋  | 765/1000 [3:33:40<1:05:48, 16.80s/it]Best trial: 713. Best value: 124.407:  77%|███████▋  | 766/1000 [3:33:40<1:07:13, 17.24s/it]                                                                                            Best trial: 713. Best value: 124.407:  77%|███████▋  | 766/1000 [3:33:57<1:07:13, 17.24s/it]Best trial: 713. Best value: 124.407:  77%|███████▋  | 766/1000 [3:33:57<1:07:13, 17.24s/it]Best trial: 713. Best value: 124.407:  77%|███████▋  | 767/1000 [3:33:57<1:06:24, 17.10s/it]                                                                                            Best trial: 713. Best value: 124.407:  77%|███████▋  | 767/1000 [3:34:14<1:06:24, 17.10s/it]Best trial: 713. Best value: 124.407:  77%|███████▋  | 767/1000 [3:34:14<1:06:24, 17.10s/it]Best trial: 713. Best value: 124.407:  77%|███████▋  | 768/1000 [3:34:14<1:05:49, 17.02s/it]                                                                                            Best trial: 713. Best value: 124.407:  77%|███████▋  | 768/1000 [3:34:31<1:05:49, 17.02s/it]Best trial: 713. Best value: 124.407:  77%|███████▋  | 768/1000 [3:34:31<1:05:49, 17.02s/it]Best trial: 713. Best value: 124.407:  77%|███████▋  | 769/1000 [3:34:31<1:05:18, 16.96s/it]                                                                                            Best trial: 713. Best value: 124.407:  77%|███████▋  | 769/1000 [3:34:48<1:05:18, 16.96s/it]Best trial: 713. Best value: 124.407:  77%|███████▋  | 769/1000 [3:34:48<1:05:18, 16.96s/it]Best trial: 713. Best value: 124.407:  77%|███████▋  | 770/1000 [3:34:48<1:04:57, 16.95s/it]                                                                                            Best trial: 713. Best value: 124.407:  77%|███████▋  | 770/1000 [3:35:05<1:04:57, 16.95s/it]Best trial: 713. Best value: 124.407:  77%|███████▋  | 770/1000 [3:35:05<1:04:57, 16.95s/it]Best trial: 713. Best value: 124.407:  77%|███████▋  | 771/1000 [3:35:05<1:04:36, 16.93s/it]                                                                                            Best trial: 713. Best value: 124.407:  77%|███████▋  | 771/1000 [3:35:22<1:04:36, 16.93s/it]Best trial: 713. Best value: 124.407:  77%|███████▋  | 771/1000 [3:35:22<1:04:36, 16.93s/it]Best trial: 713. Best value: 124.407:  77%|███████▋  | 772/1000 [3:35:22<1:04:44, 17.04s/it]                                                                                            Best trial: 713. Best value: 124.407:  77%|███████▋  | 772/1000 [3:35:39<1:04:44, 17.04s/it]Best trial: 713. Best value: 124.407:  77%|███████▋  | 772/1000 [3:35:39<1:04:44, 17.04s/it]Best trial: 713. Best value: 124.407:  77%|███████▋  | 773/1000 [3:35:39<1:04:05, 16.94s/it]                                                                                            Best trial: 713. Best value: 124.407:  77%|███████▋  | 773/1000 [3:35:55<1:04:05, 16.94s/it]Best trial: 713. Best value: 124.407:  77%|███████▋  | 773/1000 [3:35:55<1:04:05, 16.94s/it]Best trial: 713. Best value: 124.407:  77%|███████▋  | 774/1000 [3:35:55<1:03:26, 16.84s/it]                                                                                            Best trial: 713. Best value: 124.407:  77%|███████▋  | 774/1000 [3:36:12<1:03:26, 16.84s/it]Best trial: 713. Best value: 124.407:  77%|███████▋  | 774/1000 [3:36:12<1:03:26, 16.84s/it]Best trial: 713. Best value: 124.407:  78%|███████▊  | 775/1000 [3:36:12<1:03:12, 16.86s/it]                                                                                            Best trial: 713. Best value: 124.407:  78%|███████▊  | 775/1000 [3:36:29<1:03:12, 16.86s/it]Best trial: 713. Best value: 124.407:  78%|███████▊  | 775/1000 [3:36:29<1:03:12, 16.86s/it]Best trial: 713. Best value: 124.407:  78%|███████▊  | 776/1000 [3:36:29<1:02:54, 16.85s/it]                                                                                            Best trial: 713. Best value: 124.407:  78%|███████▊  | 776/1000 [3:36:46<1:02:54, 16.85s/it]Best trial: 713. Best value: 124.407:  78%|███████▊  | 776/1000 [3:36:46<1:02:54, 16.85s/it]Best trial: 713. Best value: 124.407:  78%|███████▊  | 777/1000 [3:36:46<1:02:32, 16.83s/it]                                                                                            
[I 2026-04-01 15:17:47,050] Trial 757 finished with value: 127.2163191821669 and parameters: {'alpha_0': 0.0005752116467556626, 'alpha_1': 5.277975569352317e-05, 'alpha_2': 0.000104382453701062, 'beta_0': 0.13889842858670406, 'beta_1': 14.994983798156202, 'beta_2': 0.20378262164002395, 'beta_3': 7.740586522116557, 'beta_4': 47.38256327459534}. Best is trial 713 with value: 124.40682604489682.
[I 2026-04-01 15:18:03,971] Trial 758 finished with value: 129.4706746495976 and parameters: {'alpha_0': 0.0006383404844198564, 'alpha_1': 5.52416449257148e-05, 'alpha_2': 9.972306907177833e-05, 'beta_0': 0.12695462500302893, 'beta_1': 14.683662710008196, 'beta_2': 0.19691371684968353, 'beta_3': 7.901244209000373, 'beta_4': 46.65489533170249}. Best is trial 713 with value: 124.40682604489682.
[I 2026-04-01 15:18:20,783] Trial 759 finished with value: 127.77447553233429 and parameters: {'alpha_0': 0.0005988525306672527, 'alpha_1': 5.3629542891139864e-05, 'alpha_2': 0.00010582034676214253, 'beta_0': 0.11441490698831425, 'beta_1': 14.831163966520146, 'beta_2': 0.19855824918314752, 'beta_3': 7.689804182884149, 'beta_4': 45.352390528467446}. Best is trial 713 with value: 124.40682604489682.
[I 2026-04-01 15:18:37,516] Trial 760 finished with value: 178.03075499380768 and parameters: {'alpha_0': 0.0006667986581156444, 'alpha_1': 8.750015486446504e-05, 'alpha_2': 9.798799320405929e-05, 'beta_0': 0.1298491854490603, 'beta_1': 14.512618715168715, 'beta_2': 0.19515761772722792, 'beta_3': 7.8459757227385385, 'beta_4': 47.596210618922754}. Best is trial 713 with value: 124.40682604489682.
[I 2026-04-01 15:18:54,249] Trial 761 finished with value: 190.3537125953631 and parameters: {'alpha_0': 0.0005276495770771199, 'alpha_1': 9.559459404857034e-05, 'alpha_2': 0.00010280577150302191, 'beta_0': 0.12166384907680952, 'beta_1': 14.988128294561788, 'beta_2': 0.19330953874857135, 'beta_3': 7.592660738044199, 'beta_4': 44.818454191032785}. Best is trial 713 with value: 124.40682604489682.
[I 2026-04-01 15:19:11,055] Trial 762 finished with value: 126.01684839648628 and parameters: {'alpha_0': 0.0006161728928050079, 'alpha_1': 5.229622645368819e-05, 'alpha_2': 0.00010137843727411037, 'beta_0': 0.1263754405810673, 'beta_1': 14.663079518088196, 'beta_2': 0.2016737897023707, 'beta_3': 7.983183563180268, 'beta_4': 47.331920241123385}. Best is trial 713 with value: 124.40682604489682.
[I 2026-04-01 15:19:27,757] Trial 763 finished with value: 135.24877430074562 and parameters: {'alpha_0': 0.0005575261650165982, 'alpha_1': 6.0407879413430883e-05, 'alpha_2': 0.00010459283572169858, 'beta_0': 0.1261057187570692, 'beta_1': 14.429115456118957, 'beta_2': 0.20288140053792136, 'beta_3': 7.922951311278466, 'beta_4': 46.984326480006956}. Best is trial 713 with value: 124.40682604489682.
[I 2026-04-01 15:19:44,631] Trial 764 finished with value: 135.62685802321948 and parameters: {'alpha_0': 0.001825045706175808, 'alpha_1': 5.857450007833077e-05, 'alpha_2': 9.445201846579206e-05, 'beta_0': 0.1334990782077249, 'beta_1': 14.607216012374957, 'beta_2': 0.20003013971612413, 'beta_3': 7.825870122573159, 'beta_4': 45.89037508421315}. Best is trial 713 with value: 124.40682604489682.
[I 2026-04-01 15:20:02,875] Trial 765 finished with value: 135.1699839834954 and parameters: {'alpha_0': 0.0006603188145465265, 'alpha_1': 5.643015488004502e-05, 'alpha_2': 0.00010207961510691729, 'beta_0': 0.14083449946446264, 'beta_1': 6.73158576190125, 'beta_2': 0.2058683001988169, 'beta_3': 7.998066982630885, 'beta_4': 47.115805688877536}. Best is trial 713 with value: 124.40682604489682.
[I 2026-04-01 15:20:19,660] Trial 766 finished with value: 128.14025442805868 and parameters: {'alpha_0': 0.0005871822554260033, 'alpha_1': 5.448268320694517e-05, 'alpha_2': 0.00010600042686088066, 'beta_0': 0.12380338062193065, 'beta_1': 14.404908503770518, 'beta_2': 0.20356956873460294, 'beta_3': 7.754815205336138, 'beta_4': 46.37220071171965}. Best is trial 713 with value: 124.40682604489682.
[I 2026-04-01 15:20:36,499] Trial 767 finished with value: 220.9576973795509 and parameters: {'alpha_0': 0.0006351032480722514, 'alpha_1': 0.00011358242765900898, 'alpha_2': 0.00010355366996546482, 'beta_0': 0.11680732057316097, 'beta_1': 14.646113058334798, 'beta_2': 0.20520985162850103, 'beta_3': 7.996361979996127, 'beta_4': 47.362066504510125}. Best is trial 713 with value: 124.40682604489682.
[I 2026-04-01 15:20:53,318] Trial 768 finished with value: 126.99928506151232 and parameters: {'alpha_0': 0.0005335367148123668, 'alpha_1': 5.2538032939579494e-05, 'alpha_2': 9.903911436216199e-05, 'beta_0': 0.13136813005227357, 'beta_1': 14.66519674536057, 'beta_2': 0.19589714233626093, 'beta_3': 7.782745019181895, 'beta_4': 47.71671791582689}. Best is trial 713 with value: 124.40682604489682.
[I 2026-04-01 15:21:10,229] Trial 769 finished with value: 131.9897524196357 and parameters: {'alpha_0': 0.0006773003105599782, 'alpha_1': 5.692629402934274e-05, 'alpha_2': 0.00010408815052715516, 'beta_0': 0.155219301071374, 'beta_1': 14.418842299704805, 'beta_2': 0.20102851116409448, 'beta_3': 7.873524260329083, 'beta_4': 46.55895736232467}. Best is trial 713 with value: 124.40682604489682.
[I 2026-04-01 15:21:27,113] Trial 770 finished with value: 127.02762404852476 and parameters: {'alpha_0': 0.0005974389715130997, 'alpha_1': 5.285057973289399e-05, 'alpha_2': 0.00010088766800302491, 'beta_0': 0.14594407242306603, 'beta_1': 14.787471150360467, 'beta_2': 0.19329849237589972, 'beta_3': 7.656397683911639, 'beta_4': 47.861789580485386}. Best is trial 713 with value: 124.40682604489682.
[I 2026-04-01 15:21:44,400] Trial 771 finished with value: 131.34748955638148 and parameters: {'alpha_0': 0.0005670274471684021, 'alpha_1': 5.485553521163177e-05, 'alpha_2': 0.00010254198885999089, 'beta_0': 0.13657646739327797, 'beta_1': 10.178605748618951, 'beta_2': 0.19616124251012687, 'beta_3': 7.903043522241298, 'beta_4': 45.82566008403742}. Best is trial 713 with value: 124.40682604489682.
[I 2026-04-01 15:22:01,121] Trial 772 finished with value: 126.59560611384413 and parameters: {'alpha_0': 0.0006236468392662847, 'alpha_1': 5.219317869451411e-05, 'alpha_2': 0.00010395066112141554, 'beta_0': 0.12597885190405148, 'beta_1': 14.591708331791263, 'beta_2': 0.20149911981131732, 'beta_3': 7.561946370002504, 'beta_4': 46.747972853210335}. Best is trial 713 with value: 124.40682604489682.
[I 2026-04-01 15:22:17,734] Trial 773 finished with value: 131.78814710486768 and parameters: {'alpha_0': 0.0006762125245970757, 'alpha_1': 5.771093081125985e-05, 'alpha_2': 0.00010469657593273777, 'beta_0': 0.12569780781756967, 'beta_1': 14.492697324744782, 'beta_2': 0.20468731898317852, 'beta_3': 7.559326346215506, 'beta_4': 46.98547565201999}. Best is trial 713 with value: 124.40682604489682.
[I 2026-04-01 15:22:34,619] Trial 774 finished with value: 131.6205530019401 and parameters: {'alpha_0': 0.0017490720279307566, 'alpha_1': 5.614446929687873e-05, 'alpha_2': 0.00010550664508678736, 'beta_0': 0.12824694390006944, 'beta_1': 14.363257394049441, 'beta_2': 0.2025005156425915, 'beta_3': 7.575339048526804, 'beta_4': 46.20778882575665}. Best is trial 713 with value: 124.40682604489682.
[I 2026-04-01 15:22:51,465] Trial 775 finished with value: 127.15620017399544 and parameters: {'alpha_0': 0.000620074777917823, 'alpha_1': 5.38599032720985e-05, 'alpha_2': 0.00010275156551057411, 'beta_0': 0.11949012572567283, 'beta_1': 14.591668950790366, 'beta_2': 0.20078933646163222, 'beta_3': 7.681762179723198, 'beta_4': 45.23922435117567}. Best is trial 713 with value: 124.40682604489682.
[I 2026-04-01 15:23:08,240] Trial 776 finished with value: 127.2405215910153 and parameters: {'alpha_0': 0.0006495322165704013, 'alpha_1': 5.2618445164768915e-05, 'alpha_2': 0.00010615048050426468, 'beta_0': 0.12408225831135514, 'beta_1': 14.7626504673267, 'beta_2': 0.20245003667991604, 'beta_3': 7.754297168387268, 'beta_4': 47.07123958889321}. Best is trial 713 with value: 124.40682604489682.
