[I 2026-04-01 14:30:34,962] Trial 588 finished with value: 131.47582454116807 and parameters: {'alpha_0': 0.000502830938667519, 'alpha_1': 5.6240190069845656e-05, 'alpha_2': 0.00011385605590287546, 'beta_0': 0.05813868433562466, 'beta_1': 14.641672916426202, 'beta_2': 0.19338171380851915, 'beta_3': 6.702267845467545, 'beta_4': 42.23179230808506}. Best is trial 524 with value: 126.14243661523494.Best trial: 524. Best value: 126.142:  59%|█████▉    | 588/1000 [2:44:13<1:54:01, 16.61s/it]Best trial: 524. Best value: 126.142:  59%|█████▉    | 588/1000 [2:44:13<1:54:01, 16.61s/it]Best trial: 524. Best value: 126.142:  59%|█████▉    | 589/1000 [2:44:13<1:53:38, 16.59s/it]                                                                                            Best trial: 524. Best value: 126.142:  59%|█████▉    | 589/1000 [2:44:29<1:53:38, 16.59s/it]Best trial: 524. Best value: 126.142:  59%|█████▉    | 589/1000 [2:44:29<1:53:38, 16.59s/it]Best trial: 524. Best value: 126.142:  59%|█████▉    | 590/1000 [2:44:29<1:53:32, 16.62s/it]                                                                                            Best trial: 524. Best value: 126.142:  59%|█████▉    | 590/1000 [2:44:46<1:53:32, 16.62s/it]Best trial: 524. Best value: 126.142:  59%|█████▉    | 590/1000 [2:44:46<1:53:32, 16.62s/it]Best trial: 524. Best value: 126.142:  59%|█████▉    | 591/1000 [2:44:46<1:53:13, 16.61s/it]                                                                                            Best trial: 524. Best value: 126.142:  59%|█████▉    | 591/1000 [2:45:02<1:53:13, 16.61s/it]Best trial: 524. Best value: 126.142:  59%|█████▉    | 591/1000 [2:45:02<1:53:13, 16.61s/it]Best trial: 524. Best value: 126.142:  59%|█████▉    | 592/1000 [2:45:02<1:52:55, 16.61s/it]                                                                                            Best trial: 524. Best value: 126.142:  59%|█████▉    | 592/1000 [2:45:19<1:52:55, 16.61s/it]Best trial: 524. Best value: 126.142:  59%|█████▉    | 592/1000 [2:45:19<1:52:55, 16.61s/it]Best trial: 524. Best value: 126.142:  59%|█████▉    | 593/1000 [2:45:19<1:52:37, 16.60s/it]                                                                                            Best trial: 524. Best value: 126.142:  59%|█████▉    | 593/1000 [2:45:36<1:52:37, 16.60s/it]Best trial: 524. Best value: 126.142:  59%|█████▉    | 593/1000 [2:45:36<1:52:37, 16.60s/it]Best trial: 524. Best value: 126.142:  59%|█████▉    | 594/1000 [2:45:36<1:52:25, 16.62s/it]                                                                                            Best trial: 524. Best value: 126.142:  59%|█████▉    | 594/1000 [2:45:52<1:52:25, 16.62s/it]Best trial: 524. Best value: 126.142:  59%|█████▉    | 594/1000 [2:45:52<1:52:25, 16.62s/it]Best trial: 524. Best value: 126.142:  60%|█████▉    | 595/1000 [2:45:52<1:52:14, 16.63s/it]                                                                                            Best trial: 524. Best value: 126.142:  60%|█████▉    | 595/1000 [2:46:09<1:52:14, 16.63s/it]Best trial: 524. Best value: 126.142:  60%|█████▉    | 595/1000 [2:46:09<1:52:14, 16.63s/it]Best trial: 524. Best value: 126.142:  60%|█████▉    | 596/1000 [2:46:09<1:52:11, 16.66s/it]                                                                                            Best trial: 524. Best value: 126.142:  60%|█████▉    | 596/1000 [2:46:26<1:52:11, 16.66s/it]Best trial: 524. Best value: 126.142:  60%|█████▉    | 596/1000 [2:46:26<1:52:11, 16.66s/it]Best trial: 524. Best value: 126.142:  60%|█████▉    | 597/1000 [2:46:26<1:51:55, 16.66s/it]                                                                                            Best trial: 524. Best value: 126.142:  60%|█████▉    | 597/1000 [2:46:42<1:51:55, 16.66s/it]Best trial: 524. Best value: 126.142:  60%|█████▉    | 597/1000 [2:46:42<1:51:55, 16.66s/it]Best trial: 524. Best value: 126.142:  60%|█████▉    | 598/1000 [2:46:42<1:51:38, 16.66s/it]                                                                                            Best trial: 524. Best value: 126.142:  60%|█████▉    | 598/1000 [2:46:59<1:51:38, 16.66s/it]Best trial: 524. Best value: 126.142:  60%|█████▉    | 598/1000 [2:46:59<1:51:38, 16.66s/it]Best trial: 524. Best value: 126.142:  60%|█████▉    | 599/1000 [2:46:59<1:51:19, 16.66s/it]                                                                                            Best trial: 524. Best value: 126.142:  60%|█████▉    | 599/1000 [2:47:16<1:51:19, 16.66s/it]Best trial: 524. Best value: 126.142:  60%|█████▉    | 599/1000 [2:47:16<1:51:19, 16.66s/it]Best trial: 524. Best value: 126.142:  60%|██████    | 600/1000 [2:47:16<1:50:55, 16.64s/it]                                                                                            Best trial: 524. Best value: 126.142:  60%|██████    | 600/1000 [2:47:32<1:50:55, 16.64s/it]Best trial: 524. Best value: 126.142:  60%|██████    | 600/1000 [2:47:32<1:50:55, 16.64s/it]Best trial: 524. Best value: 126.142:  60%|██████    | 601/1000 [2:47:32<1:50:42, 16.65s/it]                                                                                            Best trial: 524. Best value: 126.142:  60%|██████    | 601/1000 [2:47:49<1:50:42, 16.65s/it]Best trial: 524. Best value: 126.142:  60%|██████    | 601/1000 [2:47:49<1:50:42, 16.65s/it]Best trial: 524. Best value: 126.142:  60%|██████    | 602/1000 [2:47:49<1:50:21, 16.64s/it]                                                                                            Best trial: 524. Best value: 126.142:  60%|██████    | 602/1000 [2:48:06<1:50:21, 16.64s/it]Best trial: 524. Best value: 126.142:  60%|██████    | 602/1000 [2:48:06<1:50:21, 16.64s/it]Best trial: 524. Best value: 126.142:  60%|██████    | 603/1000 [2:48:06<1:50:07, 16.64s/it]                                                                                            Best trial: 524. Best value: 126.142:  60%|██████    | 603/1000 [2:48:22<1:50:07, 16.64s/it]Best trial: 524. Best value: 126.142:  60%|██████    | 603/1000 [2:48:22<1:50:07, 16.64s/it]Best trial: 524. Best value: 126.142:  60%|██████    | 604/1000 [2:48:22<1:49:45, 16.63s/it]                                                                                            Best trial: 524. Best value: 126.142:  60%|██████    | 604/1000 [2:48:39<1:49:45, 16.63s/it]Best trial: 524. Best value: 126.142:  60%|██████    | 604/1000 [2:48:39<1:49:45, 16.63s/it]Best trial: 524. Best value: 126.142:  60%|██████    | 605/1000 [2:48:39<1:49:34, 16.64s/it]                                                                                            Best trial: 524. Best value: 126.142:  60%|██████    | 605/1000 [2:48:55<1:49:34, 16.64s/it]Best trial: 524. Best value: 126.142:  60%|██████    | 605/1000 [2:48:55<1:49:34, 16.64s/it]Best trial: 524. Best value: 126.142:  61%|██████    | 606/1000 [2:48:55<1:49:17, 16.64s/it]                                                                                            Best trial: 524. Best value: 126.142:  61%|██████    | 606/1000 [2:49:12<1:49:17, 16.64s/it]Best trial: 524. Best value: 126.142:  61%|██████    | 606/1000 [2:49:12<1:49:17, 16.64s/it]Best trial: 524. Best value: 126.142:  61%|██████    | 607/1000 [2:49:12<1:48:57, 16.63s/it]                                                                                            Best trial: 524. Best value: 126.142:  61%|██████    | 607/1000 [2:49:29<1:48:57, 16.63s/it]Best trial: 524. Best value: 126.142:  61%|██████    | 607/1000 [2:49:29<1:48:57, 16.63s/it]Best trial: 524. Best value: 126.142:  61%|██████    | 608/1000 [2:49:29<1:48:33, 16.61s/it]                                                                                            Best trial: 524. Best value: 126.142:  61%|██████    | 608/1000 [2:49:45<1:48:33, 16.61s/it]Best trial: 524. Best value: 126.142:  61%|██████    | 608/1000 [2:49:45<1:48:33, 16.61s/it]Best trial: 524. Best value: 126.142:  61%|██████    | 609/1000 [2:49:45<1:48:25, 16.64s/it]                                                                                            
[I 2026-04-01 14:30:51,637] Trial 589 finished with value: 126.68909151101487 and parameters: {'alpha_0': 0.0006404827312878944, 'alpha_1': 5.000724621300458e-05, 'alpha_2': 0.00011188595152928687, 'beta_0': 0.061146722173902525, 'beta_1': 14.835658646458214, 'beta_2': 0.188775104229636, 'beta_3': 6.936302461183854, 'beta_4': 40.6703614415316}. Best is trial 524 with value: 126.14243661523494.
[I 2026-04-01 14:31:08,236] Trial 590 finished with value: 129.5101440929185 and parameters: {'alpha_0': 0.0006348034323110806, 'alpha_1': 5.321569790517158e-05, 'alpha_2': 0.00011059688395139546, 'beta_0': 0.055517371775483354, 'beta_1': 14.362956199402111, 'beta_2': 0.18802732250134402, 'beta_3': 6.873412679382847, 'beta_4': 40.62547091514876}. Best is trial 524 with value: 126.14243661523494.
[I 2026-04-01 14:31:24,833] Trial 591 finished with value: 127.91045326530946 and parameters: {'alpha_0': 0.0005636629002597075, 'alpha_1': 5.182119975338294e-05, 'alpha_2': 0.00011142543270185079, 'beta_0': 0.062317252455370356, 'beta_1': 14.521882133855625, 'beta_2': 0.1913949335682054, 'beta_3': 6.92861481958829, 'beta_4': 42.91947694491848}. Best is trial 524 with value: 126.14243661523494.
[I 2026-04-01 14:31:41,430] Trial 592 finished with value: 127.49694408175161 and parameters: {'alpha_0': 0.0006240420938565403, 'alpha_1': 5.003859095003016e-05, 'alpha_2': 0.00010994112921942385, 'beta_0': 0.06068403848270757, 'beta_1': 14.35268452937781, 'beta_2': 0.1894081943120947, 'beta_3': 7.101548324177995, 'beta_4': 40.67563251772793}. Best is trial 524 with value: 126.14243661523494.
[I 2026-04-01 14:31:58,072] Trial 593 finished with value: 129.74464683796177 and parameters: {'alpha_0': 0.0005921480217350683, 'alpha_1': 5.433316932124116e-05, 'alpha_2': 0.00011241073783511868, 'beta_0': 0.058982702332074775, 'beta_1': 14.82158838995725, 'beta_2': 0.1973893875984646, 'beta_3': 7.004165086922219, 'beta_4': 41.67975388501863}. Best is trial 524 with value: 126.14243661523494.
[I 2026-04-01 14:32:14,732] Trial 594 finished with value: 127.00582765601649 and parameters: {'alpha_0': 0.0006437893578557778, 'alpha_1': 5.0053779859618245e-05, 'alpha_2': 0.00011414630223519142, 'beta_0': 0.060596937705914435, 'beta_1': 14.5615866202633, 'beta_2': 0.18720409221927875, 'beta_3': 6.79800104737983, 'beta_4': 41.124112526203206}. Best is trial 524 with value: 126.14243661523494.
[I 2026-04-01 14:32:31,474] Trial 595 finished with value: 129.07165826014372 and parameters: {'alpha_0': 0.0006388358474990494, 'alpha_1': 5.296870714610514e-05, 'alpha_2': 0.00011178451859830929, 'beta_0': 0.05617932679938271, 'beta_1': 14.6134883975872, 'beta_2': 0.18796605371210967, 'beta_3': 6.677647439436835, 'beta_4': 41.33035234998825}. Best is trial 524 with value: 126.14243661523494.
[I 2026-04-01 14:32:48,141] Trial 596 finished with value: 128.62686437381666 and parameters: {'alpha_0': 0.000582036615819269, 'alpha_1': 5.1954571584644644e-05, 'alpha_2': 0.00011376968681586587, 'beta_0': 0.05127485960928849, 'beta_1': 14.657006526686589, 'beta_2': 0.18684246109998676, 'beta_3': 6.790729435362458, 'beta_4': 42.06987438767611}. Best is trial 524 with value: 126.14243661523494.
[I 2026-04-01 14:33:04,802] Trial 597 finished with value: 167.45215325805827 and parameters: {'alpha_0': 0.0005377035558119455, 'alpha_1': 8.30678153342633e-05, 'alpha_2': 0.00010959723924169583, 'beta_0': 0.060262751224950936, 'beta_1': 14.48765290559254, 'beta_2': 0.18989940493304996, 'beta_3': 6.970867571408228, 'beta_4': 40.58481220959346}. Best is trial 524 with value: 126.14243661523494.
[I 2026-04-01 14:33:21,442] Trial 598 finished with value: 127.01851341172899 and parameters: {'alpha_0': 0.0006198581080665421, 'alpha_1': 5.0072288913056325e-05, 'alpha_2': 0.00011287396943074271, 'beta_0': 0.06260302190516118, 'beta_1': 14.793894236530713, 'beta_2': 0.19382452069032685, 'beta_3': 6.784857429227056, 'beta_4': 42.761152734759484}. Best is trial 524 with value: 126.14243661523494.
[I 2026-04-01 14:33:38,037] Trial 599 finished with value: 224.18559327522058 and parameters: {'alpha_0': 0.0006140510388119432, 'alpha_1': 0.00011650545221849492, 'alpha_2': 0.00011084438818034977, 'beta_0': 0.0545979808357248, 'beta_1': 14.79821845681625, 'beta_2': 0.19427175322566476, 'beta_3': 6.8074920732575555, 'beta_4': 42.793907699538}. Best is trial 524 with value: 126.14243661523494.
[I 2026-04-01 14:33:54,704] Trial 600 finished with value: 130.65922593944896 and parameters: {'alpha_0': 0.000639457256298843, 'alpha_1': 5.595505442190086e-05, 'alpha_2': 0.00011238731052974544, 'beta_0': 0.0627993952178832, 'beta_1': 14.995780907208239, 'beta_2': 0.19246631832716732, 'beta_3': 6.722055646397595, 'beta_4': 43.03053454850002}. Best is trial 524 with value: 126.14243661523494.
[I 2026-04-01 14:34:11,316] Trial 601 finished with value: 133.7029825519353 and parameters: {'alpha_0': 0.0005843867278024732, 'alpha_1': 5.344872990927138e-05, 'alpha_2': 0.00011312208628610203, 'beta_0': 0.06279801354004694, 'beta_1': 10.479421213923366, 'beta_2': 0.19516495740728573, 'beta_3': 6.872253777854421, 'beta_4': 42.37481856213836}. Best is trial 524 with value: 126.14243661523494.
[I 2026-04-01 14:34:27,977] Trial 602 finished with value: 161.0281599134404 and parameters: {'alpha_0': 0.0005435576391511954, 'alpha_1': 7.929244434280551e-05, 'alpha_2': 0.00011087555630782885, 'beta_0': 0.05806143084637551, 'beta_1': 14.708834282403133, 'beta_2': 0.19244085481390102, 'beta_3': 7.125429246019667, 'beta_4': 41.42576665866683}. Best is trial 524 with value: 126.14243661523494.
[I 2026-04-01 14:34:44,572] Trial 603 finished with value: 126.6230473827697 and parameters: {'alpha_0': 0.0006544197824178076, 'alpha_1': 5.0041354306187366e-05, 'alpha_2': 0.00011336375734681739, 'beta_0': 0.06458447466276004, 'beta_1': 14.836823166802398, 'beta_2': 0.1864927935440016, 'beta_3': 6.950772424786934, 'beta_4': 42.06341911250768}. Best is trial 524 with value: 126.14243661523494.
[I 2026-04-01 14:35:01,253] Trial 604 finished with value: 128.05582583753437 and parameters: {'alpha_0': 0.0006496083365068128, 'alpha_1': 5.208503860259819e-05, 'alpha_2': 0.00011193197563317947, 'beta_0': 0.06387100806354978, 'beta_1': 14.847265701427165, 'beta_2': 0.18941274001333774, 'beta_3': 6.932086682351734, 'beta_4': 43.3838079068437}. Best is trial 524 with value: 126.14243661523494.
[I 2026-04-01 14:35:17,896] Trial 605 finished with value: 127.67423675678745 and parameters: {'alpha_0': 0.0006123261217859906, 'alpha_1': 5.1855771630525945e-05, 'alpha_2': 0.00011023388024021085, 'beta_0': 0.06486943067814825, 'beta_1': 14.82751826011431, 'beta_2': 0.19115024731910038, 'beta_3': 7.0026111118718415, 'beta_4': 42.615606229593524}. Best is trial 524 with value: 126.14243661523494.
[I 2026-04-01 14:35:34,508] Trial 606 finished with value: 127.04505278810777 and parameters: {'alpha_0': 0.0006652187827395982, 'alpha_1': 5.0026365928930297e-05, 'alpha_2': 0.00011365360964170382, 'beta_0': 0.052762135227387416, 'beta_1': 14.859122969129096, 'beta_2': 0.18710763529220523, 'beta_3': 6.823193187300614, 'beta_4': 42.039355058408034}. Best is trial 524 with value: 126.14243661523494.
[I 2026-04-01 14:35:51,077] Trial 607 finished with value: 126.92580202272434 and parameters: {'alpha_0': 0.000656586376702151, 'alpha_1': 5.006826646750151e-05, 'alpha_2': 0.00011397353818550223, 'beta_0': 0.053117766229541695, 'beta_1': 14.833637023701996, 'beta_2': 0.18696962074094725, 'beta_3': 6.792957267726641, 'beta_4': 47.677363321808414}. Best is trial 524 with value: 126.14243661523494.
[I 2026-04-01 14:36:07,772] Trial 608 finished with value: 129.11640572770767 and parameters: {'alpha_0': 0.0006603436729073953, 'alpha_1': 5.36904358038641e-05, 'alpha_2': 0.00011352529611777515, 'beta_0': 0.050029605797906676, 'beta_1': 14.995750197093578, 'beta_2': 0.1870010007942178, 'beta_3': 6.789254890876713, 'beta_4': 41.957703695362376}. Best is trial 524 with value: 126.14243661523494.
