[I 2026-04-01 13:08:48,377] Trial 294 finished with value: 128.3357202996954 and parameters: {'alpha_0': 0.0005732964587010223, 'alpha_1': 5.1654713506258854e-05, 'alpha_2': 0.00011704165629633715, 'beta_0': 0.08347064871216645, 'beta_1': 14.630820781112806, 'beta_2': 0.22687593729443797, 'beta_3': 5.430286043335578, 'beta_4': 38.49431114043639}. Best is trial 247 with value: 127.23598630728915.Best trial: 247. Best value: 127.236:  29%|██▉       | 294/1000 [1:22:26<3:15:57, 16.65s/it]Best trial: 247. Best value: 127.236:  29%|██▉       | 294/1000 [1:22:26<3:15:57, 16.65s/it]Best trial: 247. Best value: 127.236:  30%|██▉       | 295/1000 [1:22:26<3:16:20, 16.71s/it]                                                                                            Best trial: 247. Best value: 127.236:  30%|██▉       | 295/1000 [1:22:43<3:16:20, 16.71s/it]Best trial: 247. Best value: 127.236:  30%|██▉       | 295/1000 [1:22:43<3:16:20, 16.71s/it]Best trial: 247. Best value: 127.236:  30%|██▉       | 296/1000 [1:22:43<3:15:44, 16.68s/it]                                                                                            Best trial: 247. Best value: 127.236:  30%|██▉       | 296/1000 [1:22:59<3:15:44, 16.68s/it]Best trial: 247. Best value: 127.236:  30%|██▉       | 296/1000 [1:22:59<3:15:44, 16.68s/it]Best trial: 247. Best value: 127.236:  30%|██▉       | 297/1000 [1:22:59<3:15:10, 16.66s/it]                                                                                            Best trial: 247. Best value: 127.236:  30%|██▉       | 297/1000 [1:23:16<3:15:10, 16.66s/it]Best trial: 247. Best value: 127.236:  30%|██▉       | 297/1000 [1:23:16<3:15:10, 16.66s/it]Best trial: 247. Best value: 127.236:  30%|██▉       | 298/1000 [1:23:16<3:14:47, 16.65s/it]                                                                                            Best trial: 247. Best value: 127.236:  30%|██▉       | 298/1000 [1:23:32<3:14:47, 16.65s/it]Best trial: 247. Best value: 127.236:  30%|██▉       | 298/1000 [1:23:32<3:14:47, 16.65s/it]Best trial: 247. Best value: 127.236:  30%|██▉       | 299/1000 [1:23:32<3:14:08, 16.62s/it]                                                                                            Best trial: 247. Best value: 127.236:  30%|██▉       | 299/1000 [1:23:49<3:14:08, 16.62s/it]Best trial: 247. Best value: 127.236:  30%|██▉       | 299/1000 [1:23:49<3:14:08, 16.62s/it]Best trial: 247. Best value: 127.236:  30%|███       | 300/1000 [1:23:49<3:13:41, 16.60s/it]                                                                                            Best trial: 247. Best value: 127.236:  30%|███       | 300/1000 [1:24:06<3:13:41, 16.60s/it]Best trial: 247. Best value: 127.236:  30%|███       | 300/1000 [1:24:06<3:13:41, 16.60s/it]Best trial: 247. Best value: 127.236:  30%|███       | 301/1000 [1:24:06<3:13:38, 16.62s/it]                                                                                            Best trial: 247. Best value: 127.236:  30%|███       | 301/1000 [1:24:22<3:13:38, 16.62s/it]Best trial: 247. Best value: 127.236:  30%|███       | 301/1000 [1:24:22<3:13:38, 16.62s/it]Best trial: 247. Best value: 127.236:  30%|███       | 302/1000 [1:24:22<3:13:19, 16.62s/it]                                                                                            Best trial: 247. Best value: 127.236:  30%|███       | 302/1000 [1:24:39<3:13:19, 16.62s/it]Best trial: 247. Best value: 127.236:  30%|███       | 302/1000 [1:24:39<3:13:19, 16.62s/it]Best trial: 247. Best value: 127.236:  30%|███       | 303/1000 [1:24:39<3:12:49, 16.60s/it]                                                                                            Best trial: 247. Best value: 127.236:  30%|███       | 303/1000 [1:24:55<3:12:49, 16.60s/it]Best trial: 247. Best value: 127.236:  30%|███       | 303/1000 [1:24:55<3:12:49, 16.60s/it]Best trial: 247. Best value: 127.236:  30%|███       | 304/1000 [1:24:55<3:12:15, 16.57s/it]                                                                                            Best trial: 247. Best value: 127.236:  30%|███       | 304/1000 [1:25:12<3:12:15, 16.57s/it]Best trial: 247. Best value: 127.236:  30%|███       | 304/1000 [1:25:12<3:12:15, 16.57s/it]Best trial: 247. Best value: 127.236:  30%|███       | 305/1000 [1:25:12<3:12:00, 16.58s/it]                                                                                            Best trial: 247. Best value: 127.236:  30%|███       | 305/1000 [1:25:28<3:12:00, 16.58s/it]Best trial: 247. Best value: 127.236:  30%|███       | 305/1000 [1:25:28<3:12:00, 16.58s/it]Best trial: 247. Best value: 127.236:  31%|███       | 306/1000 [1:25:28<3:11:42, 16.57s/it]                                                                                            Best trial: 247. Best value: 127.236:  31%|███       | 306/1000 [1:25:45<3:11:42, 16.57s/it]Best trial: 247. Best value: 127.236:  31%|███       | 306/1000 [1:25:45<3:11:42, 16.57s/it]Best trial: 247. Best value: 127.236:  31%|███       | 307/1000 [1:25:45<3:11:56, 16.62s/it]                                                                                            Best trial: 247. Best value: 127.236:  31%|███       | 307/1000 [1:26:02<3:11:56, 16.62s/it]Best trial: 247. Best value: 127.236:  31%|███       | 307/1000 [1:26:02<3:11:56, 16.62s/it]Best trial: 247. Best value: 127.236:  31%|███       | 308/1000 [1:26:02<3:12:01, 16.65s/it]                                                                                            Best trial: 247. Best value: 127.236:  31%|███       | 308/1000 [1:26:18<3:12:01, 16.65s/it]Best trial: 247. Best value: 127.236:  31%|███       | 308/1000 [1:26:18<3:12:01, 16.65s/it]Best trial: 247. Best value: 127.236:  31%|███       | 309/1000 [1:26:18<3:11:24, 16.62s/it]                                                                                            Best trial: 247. Best value: 127.236:  31%|███       | 309/1000 [1:26:36<3:11:24, 16.62s/it]Best trial: 247. Best value: 127.236:  31%|███       | 309/1000 [1:26:36<3:11:24, 16.62s/it]Best trial: 247. Best value: 127.236:  31%|███       | 310/1000 [1:26:36<3:14:02, 16.87s/it]                                                                                            Best trial: 247. Best value: 127.236:  31%|███       | 310/1000 [1:26:52<3:14:02, 16.87s/it]Best trial: 247. Best value: 127.236:  31%|███       | 310/1000 [1:26:52<3:14:02, 16.87s/it]Best trial: 247. Best value: 127.236:  31%|███       | 311/1000 [1:26:52<3:12:32, 16.77s/it]                                                                                            Best trial: 247. Best value: 127.236:  31%|███       | 311/1000 [1:27:09<3:12:32, 16.77s/it]Best trial: 247. Best value: 127.236:  31%|███       | 311/1000 [1:27:09<3:12:32, 16.77s/it]Best trial: 247. Best value: 127.236:  31%|███       | 312/1000 [1:27:09<3:11:58, 16.74s/it]                                                                                            Best trial: 247. Best value: 127.236:  31%|███       | 312/1000 [1:27:26<3:11:58, 16.74s/it]Best trial: 247. Best value: 127.236:  31%|███       | 312/1000 [1:27:26<3:11:58, 16.74s/it]Best trial: 247. Best value: 127.236:  31%|███▏      | 313/1000 [1:27:26<3:11:06, 16.69s/it]                                                                                            Best trial: 247. Best value: 127.236:  31%|███▏      | 313/1000 [1:27:42<3:11:06, 16.69s/it]Best trial: 247. Best value: 127.236:  31%|███▏      | 313/1000 [1:27:42<3:11:06, 16.69s/it]Best trial: 247. Best value: 127.236:  31%|███▏      | 314/1000 [1:27:42<3:10:17, 16.64s/it]                                                                                            Best trial: 247. Best value: 127.236:  31%|███▏      | 314/1000 [1:27:59<3:10:17, 16.64s/it]Best trial: 247. Best value: 127.236:  31%|███▏      | 314/1000 [1:27:59<3:10:17, 16.64s/it]Best trial: 247. Best value: 127.236:  32%|███▏      | 315/1000 [1:27:59<3:09:54, 16.63s/it]                                                                                            
[I 2026-04-01 13:09:04,996] Trial 295 finished with value: 127.59276963139055 and parameters: {'alpha_0': 0.0010243073077373169, 'alpha_1': 5.0127049023587615e-05, 'alpha_2': 0.0001085757507633308, 'beta_0': 0.07547885192471392, 'beta_1': 14.828125321270155, 'beta_2': 0.23777529619973026, 'beta_3': 5.83801269789753, 'beta_4': 39.485764461977645}. Best is trial 247 with value: 127.23598630728915.
[I 2026-04-01 13:09:21,596] Trial 296 finished with value: 127.91765433367175 and parameters: {'alpha_0': 0.0009373032779930646, 'alpha_1': 5.0030677297051235e-05, 'alpha_2': 0.00010870833750725449, 'beta_0': 0.07383910544702278, 'beta_1': 14.847228031915272, 'beta_2': 0.2377760746022132, 'beta_3': 5.758434213450471, 'beta_4': 39.44048812857389}. Best is trial 247 with value: 127.23598630728915.
[I 2026-04-01 13:09:38,222] Trial 297 finished with value: 129.98882751316123 and parameters: {'alpha_0': 0.0007807227219039517, 'alpha_1': 5.353303655611721e-05, 'alpha_2': 0.00010949611100132769, 'beta_0': 0.06696095567845578, 'beta_1': 14.984858205643889, 'beta_2': 0.21083046064655708, 'beta_3': 5.568021564828874, 'beta_4': 40.88713098410521}. Best is trial 247 with value: 127.23598630728915.
[I 2026-04-01 13:09:54,768] Trial 298 finished with value: 129.47745572923515 and parameters: {'alpha_0': 0.001005275771889896, 'alpha_1': 5.201633001529564e-05, 'alpha_2': 5.2528942982471346e-05, 'beta_0': 0.07561150847691216, 'beta_1': 14.667392194609377, 'beta_2': 0.2378228803696091, 'beta_3': 5.658762172318814, 'beta_4': 43.38915227810817}. Best is trial 247 with value: 127.23598630728915.
[I 2026-04-01 13:10:11,335] Trial 299 finished with value: 128.19252037931562 and parameters: {'alpha_0': 0.0010440854812943793, 'alpha_1': 5.001230989736423e-05, 'alpha_2': 0.0001079286681924175, 'beta_0': 0.06816912171546526, 'beta_1': 14.78400085749571, 'beta_2': 0.22355727716231766, 'beta_3': 5.437049834496488, 'beta_4': 42.02260070266784}. Best is trial 247 with value: 127.23598630728915.
[I 2026-04-01 13:10:28,002] Trial 300 finished with value: 132.96905776368982 and parameters: {'alpha_0': 0.001242332463894536, 'alpha_1': 5.67408325767708e-05, 'alpha_2': 8.796296276547914e-05, 'beta_0': 0.07963374859271496, 'beta_1': 14.988579556380069, 'beta_2': 0.23980917594255546, 'beta_3': 5.803170539899159, 'beta_4': 38.30046627876428}. Best is trial 247 with value: 127.23598630728915.
[I 2026-04-01 13:10:44,612] Trial 301 finished with value: 129.99607329051574 and parameters: {'alpha_0': 0.0012102710695284893, 'alpha_1': 5.350333059993125e-05, 'alpha_2': 0.00011152174721651748, 'beta_0': 0.09314779931759358, 'beta_1': 14.53179904009423, 'beta_2': 0.22872449570955675, 'beta_3': 5.261172670228441, 'beta_4': 39.072230440974515}. Best is trial 247 with value: 127.23598630728915.
[I 2026-04-01 13:11:01,168] Trial 302 finished with value: 131.71532566948915 and parameters: {'alpha_0': 0.0012911121059846545, 'alpha_1': 5.496677417411271e-05, 'alpha_2': 0.00011042923038485267, 'beta_0': 0.06168666689010966, 'beta_1': 14.809438189407658, 'beta_2': 0.23579522882466902, 'beta_3': 5.578959953165083, 'beta_4': 45.64876394679853}. Best is trial 247 with value: 127.23598630728915.
[I 2026-04-01 13:11:17,681] Trial 303 finished with value: 129.3491317725024 and parameters: {'alpha_0': 0.0011189874523388065, 'alpha_1': 5.176526973259534e-05, 'alpha_2': 0.00011288979071393034, 'beta_0': 0.07018850806680801, 'beta_1': 14.35736550265401, 'beta_2': 0.23018388726729375, 'beta_3': 5.709735899300105, 'beta_4': 41.444472377387314}. Best is trial 247 with value: 127.23598630728915.
[I 2026-04-01 13:11:34,263] Trial 304 finished with value: 127.3882697136772 and parameters: {'alpha_0': 0.0010227157868852221, 'alpha_1': 5.0027225488725985e-05, 'alpha_2': 0.0001184172907833958, 'beta_0': 0.08719896868454458, 'beta_1': 14.62243281817082, 'beta_2': 0.22009500059301118, 'beta_3': 5.462073365627856, 'beta_4': 39.829309844201084}. Best is trial 247 with value: 127.23598630728915.
[I 2026-04-01 13:11:50,832] Trial 305 finished with value: 129.85526830170858 and parameters: {'alpha_0': 0.0010084964032012606, 'alpha_1': 5.3489567493830305e-05, 'alpha_2': 0.00010789997623782503, 'beta_0': 0.08739445579309549, 'beta_1': 14.531128498277683, 'beta_2': 0.21744996307195655, 'beta_3': 5.363171548621277, 'beta_4': 39.65367672344548}. Best is trial 247 with value: 127.23598630728915.
[I 2026-04-01 13:12:07,553] Trial 306 finished with value: 129.3998628329222 and parameters: {'alpha_0': 0.0010562897515001368, 'alpha_1': 5.1758664545517276e-05, 'alpha_2': 0.00011159703003442995, 'beta_0': 0.08920859157800701, 'beta_1': 14.325119068527679, 'beta_2': 0.21879426874266564, 'beta_3': 5.47129470094305, 'beta_4': 37.67461189690243}. Best is trial 247 with value: 127.23598630728915.
[I 2026-04-01 13:12:24,275] Trial 307 finished with value: 127.4835422459501 and parameters: {'alpha_0': 0.0009769078465506284, 'alpha_1': 5.004526225196626e-05, 'alpha_2': 0.00011872714405711158, 'beta_0': 0.09390853214190178, 'beta_1': 14.619451509194093, 'beta_2': 0.214296184637248, 'beta_3': 5.525334842242108, 'beta_4': 39.01373361420945}. Best is trial 247 with value: 127.23598630728915.
[I 2026-04-01 13:12:40,825] Trial 308 finished with value: 132.14981885373732 and parameters: {'alpha_0': 0.0009699985803870375, 'alpha_1': 5.530071532462235e-05, 'alpha_2': 0.0001193768914440601, 'beta_0': 0.09524325134615189, 'beta_1': 14.602914878979314, 'beta_2': 0.21853080902130664, 'beta_3': 5.20358768976401, 'beta_4': 38.65867959645881}. Best is trial 247 with value: 127.23598630728915.
[I 2026-04-01 13:12:58,291] Trial 309 finished with value: 134.1158322031158 and parameters: {'alpha_0': 0.0009133887561447961, 'alpha_1': 5.185096481524808e-05, 'alpha_2': 0.00011972502807089962, 'beta_0': 0.09214632820050499, 'beta_1': 8.429508649059601, 'beta_2': 0.21457333384214142, 'beta_3': 5.367345302938697, 'beta_4': 39.30927380531014}. Best is trial 247 with value: 127.23598630728915.
[I 2026-04-01 13:13:14,811] Trial 310 finished with value: 128.44934081298365 and parameters: {'alpha_0': 0.0010131253012719058, 'alpha_1': 5.004212249875426e-05, 'alpha_2': 0.00011801996561186228, 'beta_0': 0.08616025563213817, 'beta_1': 14.207644305102296, 'beta_2': 0.21558285940213806, 'beta_3': 5.5048807482464, 'beta_4': 37.958902181187156}. Best is trial 247 with value: 127.23598630728915.
[I 2026-04-01 13:13:31,495] Trial 311 finished with value: 134.42125522686564 and parameters: {'alpha_0': 0.0009731760025385618, 'alpha_1': 5.791517552355953e-05, 'alpha_2': 0.0001163146992321696, 'beta_0': 0.09635515300988812, 'beta_1': 14.503558366085585, 'beta_2': 0.2208562614631426, 'beta_3': 5.4256663967251475, 'beta_4': 39.77130675045884}. Best is trial 247 with value: 127.23598630728915.
[I 2026-04-01 13:13:48,064] Trial 312 finished with value: 130.23342647631364 and parameters: {'alpha_0': 0.0010386985442737298, 'alpha_1': 5.351142073414855e-05, 'alpha_2': 0.0001182873328884091, 'beta_0': 0.08115917346215742, 'beta_1': 14.671699607864793, 'beta_2': 0.23858336604449848, 'beta_3': 5.582927584278728, 'beta_4': 38.76717175012573}. Best is trial 247 with value: 127.23598630728915.
[I 2026-04-01 13:14:04,599] Trial 313 finished with value: 129.45914338562537 and parameters: {'alpha_0': 0.0008601032003613704, 'alpha_1': 5.191688543477566e-05, 'alpha_2': 0.00011640245197592075, 'beta_0': 0.0893475382534542, 'beta_1': 14.420444560103308, 'beta_2': 0.23640502326161622, 'beta_3': 5.328596709578148, 'beta_4': 41.084632975605686}. Best is trial 247 with value: 127.23598630728915.
[I 2026-04-01 13:14:21,209] Trial 314 finished with value: 130.65175824588573 and parameters: {'alpha_0': 0.000934781286427959, 'alpha_1': 5.397748956178423e-05, 'alpha_2': 0.00010905940653212913, 'beta_0': 0.08431328394106981, 'beta_1': 14.648829752843469, 'beta_2': 0.22005577997641912, 'beta_3': 5.5195981060239205, 'beta_4': 40.512907670175515}. Best is trial 247 with value: 127.23598630728915.
