[I 2026-04-01 15:23:25,098] Trial 777 finished with value: 129.56520112406062 and parameters: {'alpha_0': 0.0006910886120551997, 'alpha_1': 5.5408331552875746e-05, 'alpha_2': 0.00010113212330073763, 'beta_0': 0.13178171131582472, 'beta_1': 14.557536130504891, 'beta_2': 0.19934486444462574, 'beta_3': 7.4851608499396365, 'beta_4': 47.893697099508906}. Best is trial 713 with value: 124.40682604489682.Best trial: 713. Best value: 124.407:  78%|███████▊  | 777/1000 [3:37:03<1:02:32, 16.83s/it]Best trial: 713. Best value: 124.407:  78%|███████▊  | 777/1000 [3:37:03<1:02:32, 16.83s/it]Best trial: 713. Best value: 124.407:  78%|███████▊  | 778/1000 [3:37:03<1:02:17, 16.84s/it]                                                                                            Best trial: 713. Best value: 124.407:  78%|███████▊  | 778/1000 [3:37:20<1:02:17, 16.84s/it]Best trial: 713. Best value: 124.407:  78%|███████▊  | 778/1000 [3:37:20<1:02:17, 16.84s/it]Best trial: 713. Best value: 124.407:  78%|███████▊  | 779/1000 [3:37:20<1:02:01, 16.84s/it]                                                                                            Best trial: 713. Best value: 124.407:  78%|███████▊  | 779/1000 [3:37:36<1:02:01, 16.84s/it]Best trial: 713. Best value: 124.407:  78%|███████▊  | 779/1000 [3:37:36<1:02:01, 16.84s/it]Best trial: 713. Best value: 124.407:  78%|███████▊  | 780/1000 [3:37:36<1:01:29, 16.77s/it]                                                                                            Best trial: 713. Best value: 124.407:  78%|███████▊  | 780/1000 [3:37:53<1:01:29, 16.77s/it]Best trial: 713. Best value: 124.407:  78%|███████▊  | 780/1000 [3:37:53<1:01:29, 16.77s/it]Best trial: 713. Best value: 124.407:  78%|███████▊  | 781/1000 [3:37:53<1:01:07, 16.75s/it]                                                                                            Best trial: 713. Best value: 124.407:  78%|███████▊  | 781/1000 [3:38:10<1:01:07, 16.75s/it]Best trial: 713. Best value: 124.407:  78%|███████▊  | 781/1000 [3:38:10<1:01:07, 16.75s/it]Best trial: 713. Best value: 124.407:  78%|███████▊  | 782/1000 [3:38:10<1:00:47, 16.73s/it]                                                                                            Best trial: 713. Best value: 124.407:  78%|███████▊  | 782/1000 [3:38:26<1:00:47, 16.73s/it]Best trial: 713. Best value: 124.407:  78%|███████▊  | 782/1000 [3:38:26<1:00:47, 16.73s/it]Best trial: 713. Best value: 124.407:  78%|███████▊  | 783/1000 [3:38:26<1:00:40, 16.78s/it]                                                                                            Best trial: 713. Best value: 124.407:  78%|███████▊  | 783/1000 [3:38:43<1:00:40, 16.78s/it]Best trial: 713. Best value: 124.407:  78%|███████▊  | 783/1000 [3:38:43<1:00:40, 16.78s/it]Best trial: 713. Best value: 124.407:  78%|███████▊  | 784/1000 [3:38:43<1:00:35, 16.83s/it]                                                                                            Best trial: 713. Best value: 124.407:  78%|███████▊  | 784/1000 [3:39:01<1:00:35, 16.83s/it]Best trial: 713. Best value: 124.407:  78%|███████▊  | 784/1000 [3:39:01<1:00:35, 16.83s/it]Best trial: 713. Best value: 124.407:  78%|███████▊  | 785/1000 [3:39:01<1:00:54, 17.00s/it]                                                                                            Best trial: 713. Best value: 124.407:  78%|███████▊  | 785/1000 [3:39:17<1:00:54, 17.00s/it]Best trial: 713. Best value: 124.407:  78%|███████▊  | 785/1000 [3:39:17<1:00:54, 17.00s/it]Best trial: 713. Best value: 124.407:  79%|███████▊  | 786/1000 [3:39:17<1:00:12, 16.88s/it]                                                                                            Best trial: 713. Best value: 124.407:  79%|███████▊  | 786/1000 [3:39:34<1:00:12, 16.88s/it]Best trial: 713. Best value: 124.407:  79%|███████▊  | 786/1000 [3:39:34<1:00:12, 16.88s/it]Best trial: 713. Best value: 124.407:  79%|███████▊  | 787/1000 [3:39:34<59:56, 16.88s/it]                                                                                            Best trial: 713. Best value: 124.407:  79%|███████▊  | 787/1000 [3:39:51<59:56, 16.88s/it]Best trial: 713. Best value: 124.407:  79%|███████▊  | 787/1000 [3:39:51<59:56, 16.88s/it]Best trial: 713. Best value: 124.407:  79%|███████▉  | 788/1000 [3:39:51<59:38, 16.88s/it]                                                                                          Best trial: 713. Best value: 124.407:  79%|███████▉  | 788/1000 [3:40:08<59:38, 16.88s/it]Best trial: 713. Best value: 124.407:  79%|███████▉  | 788/1000 [3:40:08<59:38, 16.88s/it]Best trial: 713. Best value: 124.407:  79%|███████▉  | 789/1000 [3:40:08<59:19, 16.87s/it]                                                                                          Best trial: 713. Best value: 124.407:  79%|███████▉  | 789/1000 [3:40:25<59:19, 16.87s/it]Best trial: 713. Best value: 124.407:  79%|███████▉  | 789/1000 [3:40:25<59:19, 16.87s/it]Best trial: 713. Best value: 124.407:  79%|███████▉  | 790/1000 [3:40:25<59:07, 16.89s/it]                                                                                          Best trial: 713. Best value: 124.407:  79%|███████▉  | 790/1000 [3:40:42<59:07, 16.89s/it]Best trial: 713. Best value: 124.407:  79%|███████▉  | 790/1000 [3:40:42<59:07, 16.89s/it]Best trial: 713. Best value: 124.407:  79%|███████▉  | 791/1000 [3:40:42<58:45, 16.87s/it]                                                                                          Best trial: 713. Best value: 124.407:  79%|███████▉  | 791/1000 [3:40:59<58:45, 16.87s/it]Best trial: 713. Best value: 124.407:  79%|███████▉  | 791/1000 [3:40:59<58:45, 16.87s/it]Best trial: 713. Best value: 124.407:  79%|███████▉  | 792/1000 [3:40:59<58:36, 16.91s/it]                                                                                          Best trial: 713. Best value: 124.407:  79%|███████▉  | 792/1000 [3:41:17<58:36, 16.91s/it]Best trial: 713. Best value: 124.407:  79%|███████▉  | 792/1000 [3:41:17<58:36, 16.91s/it]Best trial: 713. Best value: 124.407:  79%|███████▉  | 793/1000 [3:41:17<59:15, 17.18s/it]                                                                                          Best trial: 713. Best value: 124.407:  79%|███████▉  | 793/1000 [3:41:33<59:15, 17.18s/it]Best trial: 713. Best value: 124.407:  79%|███████▉  | 793/1000 [3:41:33<59:15, 17.18s/it]Best trial: 713. Best value: 124.407:  79%|███████▉  | 794/1000 [3:41:33<58:40, 17.09s/it]                                                                                          Best trial: 713. Best value: 124.407:  79%|███████▉  | 794/1000 [3:41:50<58:40, 17.09s/it]Best trial: 713. Best value: 124.407:  79%|███████▉  | 794/1000 [3:41:50<58:40, 17.09s/it]Best trial: 713. Best value: 124.407:  80%|███████▉  | 795/1000 [3:41:50<57:55, 16.96s/it]                                                                                          Best trial: 713. Best value: 124.407:  80%|███████▉  | 795/1000 [3:42:07<57:55, 16.96s/it]Best trial: 713. Best value: 124.407:  80%|███████▉  | 795/1000 [3:42:07<57:55, 16.96s/it]Best trial: 713. Best value: 124.407:  80%|███████▉  | 796/1000 [3:42:07<57:23, 16.88s/it]                                                                                          Best trial: 713. Best value: 124.407:  80%|███████▉  | 796/1000 [3:42:24<57:23, 16.88s/it]Best trial: 713. Best value: 124.407:  80%|███████▉  | 796/1000 [3:42:24<57:23, 16.88s/it]Best trial: 713. Best value: 124.407:  80%|███████▉  | 797/1000 [3:42:24<57:05, 16.87s/it]                                                                                          Best trial: 713. Best value: 124.407:  80%|███████▉  | 797/1000 [3:42:40<57:05, 16.87s/it]Best trial: 713. Best value: 124.407:  80%|███████▉  | 797/1000 [3:42:40<57:05, 16.87s/it]Best trial: 713. Best value: 124.407:  80%|███████▉  | 798/1000 [3:42:40<56:41, 16.84s/it]                                                                                          
[I 2026-04-01 15:23:41,942] Trial 778 finished with value: 124.6339267587064 and parameters: {'alpha_0': 0.000570142987428819, 'alpha_1': 5.220991412003621e-05, 'alpha_2': 0.00010317714243776351, 'beta_0': 0.1206777330566132, 'beta_1': 14.996529892688995, 'beta_2': 0.20100076449756182, 'beta_3': 7.867056577500388, 'beta_4': 46.626269224703634}. Best is trial 713 with value: 124.40682604489682.
[I 2026-04-01 15:23:58,554] Trial 779 finished with value: 132.98213385000258 and parameters: {'alpha_0': 0.0005356252316018658, 'alpha_1': 5.8902589259486325e-05, 'alpha_2': 0.00010358832504569523, 'beta_0': 0.11657099080293008, 'beta_1': 14.345718269220392, 'beta_2': 0.20779103693285797, 'beta_3': 7.999100164515721, 'beta_4': 46.67549217550501}. Best is trial 713 with value: 124.40682604489682.
[I 2026-04-01 15:24:15,242] Trial 780 finished with value: 129.62862733386376 and parameters: {'alpha_0': 0.0005022328149288774, 'alpha_1': 5.595079718410932e-05, 'alpha_2': 0.00010202069702964372, 'beta_0': 0.12604606312592395, 'beta_1': 14.827191242831564, 'beta_2': 0.2020160068728435, 'beta_3': 7.831374023022858, 'beta_4': 47.285152699140085}. Best is trial 713 with value: 124.40682604489682.
[I 2026-04-01 15:24:31,933] Trial 781 finished with value: 128.54051988175263 and parameters: {'alpha_0': 0.0005618466744402907, 'alpha_1': 5.413518521243973e-05, 'alpha_2': 9.835752730627596e-05, 'beta_0': 0.12330731105281903, 'beta_1': 14.641567339891262, 'beta_2': 0.2045048878185397, 'beta_3': 7.753826579403757, 'beta_4': 46.26448291808}. Best is trial 713 with value: 124.40682604489682.
[I 2026-04-01 15:24:48,822] Trial 782 finished with value: 126.01496729685968 and parameters: {'alpha_0': 0.0005671961090735283, 'alpha_1': 5.275534759807483e-05, 'alpha_2': 0.00010471737839715704, 'beta_0': 0.11940152600370524, 'beta_1': 14.809986021072698, 'beta_2': 0.1989986728005279, 'beta_3': 7.908140428956146, 'beta_4': 47.858003456540395}. Best is trial 713 with value: 124.40682604489682.
[I 2026-04-01 15:25:05,783] Trial 783 finished with value: 131.5312039603324 and parameters: {'alpha_0': 0.0005363232061732212, 'alpha_1': 5.786942856804521e-05, 'alpha_2': 0.00010584285255471112, 'beta_0': 0.1184100395960751, 'beta_1': 14.83695997837409, 'beta_2': 0.19861538655411126, 'beta_3': 7.64087067150679, 'beta_4': 47.92459061241269}. Best is trial 713 with value: 124.40682604489682.
[I 2026-04-01 15:25:23,161] Trial 784 finished with value: 133.98666792954128 and parameters: {'alpha_0': 0.0005796617233873217, 'alpha_1': 5.4686388411121135e-05, 'alpha_2': 0.00010455090705673366, 'beta_0': 0.12053284453600133, 'beta_1': 9.400868007848016, 'beta_2': 0.20635563679113492, 'beta_3': 7.826488308826866, 'beta_4': 47.71624342042472}. Best is trial 713 with value: 124.40682604489682.
[I 2026-04-01 15:25:39,773] Trial 785 finished with value: 127.32660487300711 and parameters: {'alpha_0': 0.0005626321477228465, 'alpha_1': 5.2970258742126136e-05, 'alpha_2': 0.0001063400337249467, 'beta_0': 0.11051496629554618, 'beta_1': 14.829125600367558, 'beta_2': 0.20149867145768424, 'beta_3': 7.552233195072086, 'beta_4': 47.300739673266264}. Best is trial 713 with value: 124.40682604489682.
[I 2026-04-01 15:25:56,664] Trial 786 finished with value: 130.00688595439124 and parameters: {'alpha_0': 0.0006188757479849905, 'alpha_1': 5.623041999405294e-05, 'alpha_2': 0.00010347160301491053, 'beta_0': 0.12047721395672972, 'beta_1': 14.821237320052052, 'beta_2': 0.1982577832102978, 'beta_3': 7.718029717600242, 'beta_4': 47.94658171949936}. Best is trial 713 with value: 124.40682604489682.
[I 2026-04-01 15:26:13,534] Trial 787 finished with value: 127.0763879078965 and parameters: {'alpha_0': 0.0005387901267051156, 'alpha_1': 5.234056061655922e-05, 'alpha_2': 0.00010492790022661456, 'beta_0': 0.12976804118153165, 'beta_1': 14.483993863168557, 'beta_2': 0.19731531877080227, 'beta_3': 7.908499078483623, 'beta_4': 46.82699366364857}. Best is trial 713 with value: 124.40682604489682.
[I 2026-04-01 15:26:30,386] Trial 788 finished with value: 128.10579357578794 and parameters: {'alpha_0': 0.0006341398531347662, 'alpha_1': 5.4471853565497336e-05, 'alpha_2': 0.00010256823794499632, 'beta_0': 0.12650022263188274, 'beta_1': 14.985912317574723, 'beta_2': 0.20186810802680646, 'beta_3': 7.81400855979623, 'beta_4': 48.16553070442613}. Best is trial 713 with value: 124.40682604489682.
[I 2026-04-01 15:26:47,325] Trial 789 finished with value: 125.464135046969 and parameters: {'alpha_0': 0.0005839146178523864, 'alpha_1': 5.208788541113889e-05, 'alpha_2': 0.00010665066040405012, 'beta_0': 0.13665796540516498, 'beta_1': 14.664164730293676, 'beta_2': 0.19934309698516878, 'beta_3': 7.658510974754627, 'beta_4': 47.40248784134742}. Best is trial 713 with value: 124.40682604489682.
[I 2026-04-01 15:27:04,147] Trial 790 finished with value: 132.9004973509157 and parameters: {'alpha_0': 0.0005197693692521371, 'alpha_1': 5.7771942521819746e-05, 'alpha_2': 0.00010678762855163261, 'beta_0': 0.11359723931915428, 'beta_1': 14.346779132303286, 'beta_2': 0.20078769547232014, 'beta_3': 7.660930913309748, 'beta_4': 47.38602788321696}. Best is trial 713 with value: 124.40682604489682.
[I 2026-04-01 15:27:21,132] Trial 791 finished with value: 131.64255282047876 and parameters: {'alpha_0': 0.0005772153712721664, 'alpha_1': 5.6007631827782355e-05, 'alpha_2': 0.00010433609830567931, 'beta_0': 0.13687061069520795, 'beta_1': 14.587653892961216, 'beta_2': 0.19915143845019018, 'beta_3': 7.5223894160830564, 'beta_4': 47.09124481855996}. Best is trial 713 with value: 124.40682604489682.
[I 2026-04-01 15:27:38,937] Trial 792 finished with value: 133.1012573471702 and parameters: {'alpha_0': 0.0005010670220590469, 'alpha_1': 5.358924675958287e-05, 'alpha_2': 0.00010669782939434625, 'beta_0': 0.13713484026160191, 'beta_1': 8.907220914527965, 'beta_2': 0.19962672566414205, 'beta_3': 7.681780115149666, 'beta_4': 48.10601893864593}. Best is trial 713 with value: 124.40682604489682.
[I 2026-04-01 15:27:55,824] Trial 793 finished with value: 137.1446143728452 and parameters: {'alpha_0': 0.0005895651224906909, 'alpha_1': 6.0588259263863806e-05, 'alpha_2': 0.00010544031241798525, 'beta_0': 0.13254096854107397, 'beta_1': 14.353515552132253, 'beta_2': 0.2041445948882502, 'beta_3': 7.770857323815329, 'beta_4': 46.46376957069382}. Best is trial 713 with value: 124.40682604489682.
[I 2026-04-01 15:28:12,468] Trial 794 finished with value: 127.56050688681856 and parameters: {'alpha_0': 0.0005570516854314967, 'alpha_1': 5.2433203274000765e-05, 'alpha_2': 0.00010118980963757653, 'beta_0': 0.13988208181932293, 'beta_1': 14.678603082414773, 'beta_2': 0.19578052875765498, 'beta_3': 7.882567599839972, 'beta_4': 48.10823699660095}. Best is trial 713 with value: 124.40682604489682.
[I 2026-04-01 15:28:29,175] Trial 795 finished with value: 129.57250672176858 and parameters: {'alpha_0': 0.0006095068862168237, 'alpha_1': 5.493584041275792e-05, 'alpha_2': 0.00010403225034611971, 'beta_0': 0.11557748980708925, 'beta_1': 14.522553143389242, 'beta_2': 0.19746714371959687, 'beta_3': 7.618556758785657, 'beta_4': 47.54538591776048}. Best is trial 713 with value: 124.40682604489682.
[I 2026-04-01 15:28:46,030] Trial 796 finished with value: 125.52628866047061 and parameters: {'alpha_0': 0.0005001084620202508, 'alpha_1': 5.237758172642799e-05, 'alpha_2': 0.00010253995412397877, 'beta_0': 0.12259164564184191, 'beta_1': 14.812586715406427, 'beta_2': 0.20032536455280855, 'beta_3': 7.854277436285415, 'beta_4': 46.82060810083761}. Best is trial 713 with value: 124.40682604489682.
[I 2026-04-01 15:29:02,786] Trial 797 finished with value: 139.88222869910962 and parameters: {'alpha_0': 0.0005375042728211165, 'alpha_1': 6.380466558778901e-05, 'alpha_2': 0.00010256901363758839, 'beta_0': 0.12202514073545873, 'beta_1': 14.320405442794351, 'beta_2': 0.2045816374291036, 'beta_3': 7.898513706881212, 'beta_4': 46.81094024661337}. Best is trial 713 with value: 124.40682604489682.
