[I 2026-04-01 13:26:23,179] Trial 357 finished with value: 130.32818203491505 and parameters: {'alpha_0': 0.0015569575976621143, 'alpha_1': 5.3408067330233336e-05, 'alpha_2': 0.00011633110466784124, 'beta_0': 0.07937946957813288, 'beta_1': 14.433503741055073, 'beta_2': 0.1998676177429532, 'beta_3': 5.940591342354004, 'beta_4': 40.18320533309944}. Best is trial 342 with value: 127.22181264557312.Best trial: 342. Best value: 127.222:  36%|███▌      | 357/1000 [1:40:01<3:03:02, 17.08s/it]Best trial: 342. Best value: 127.222:  36%|███▌      | 357/1000 [1:40:01<3:03:02, 17.08s/it]Best trial: 342. Best value: 127.222:  36%|███▌      | 358/1000 [1:40:01<3:01:41, 16.98s/it]                                                                                            Best trial: 342. Best value: 127.222:  36%|███▌      | 358/1000 [1:40:18<3:01:41, 16.98s/it]Best trial: 342. Best value: 127.222:  36%|███▌      | 358/1000 [1:40:18<3:01:41, 16.98s/it]Best trial: 342. Best value: 127.222:  36%|███▌      | 359/1000 [1:40:18<3:01:05, 16.95s/it]                                                                                            Best trial: 342. Best value: 127.222:  36%|███▌      | 359/1000 [1:40:34<3:01:05, 16.95s/it]Best trial: 342. Best value: 127.222:  36%|███▌      | 359/1000 [1:40:34<3:01:05, 16.95s/it]Best trial: 342. Best value: 127.222:  36%|███▌      | 360/1000 [1:40:34<2:59:50, 16.86s/it]                                                                                            Best trial: 342. Best value: 127.222:  36%|███▌      | 360/1000 [1:40:51<2:59:50, 16.86s/it]Best trial: 342. Best value: 127.222:  36%|███▌      | 360/1000 [1:40:51<2:59:50, 16.86s/it]Best trial: 342. Best value: 127.222:  36%|███▌      | 361/1000 [1:40:51<2:59:06, 16.82s/it]                                                                                            Best trial: 342. Best value: 127.222:  36%|███▌      | 361/1000 [1:41:08<2:59:06, 16.82s/it]Best trial: 342. Best value: 127.222:  36%|███▌      | 361/1000 [1:41:08<2:59:06, 16.82s/it]Best trial: 342. Best value: 127.222:  36%|███▌      | 362/1000 [1:41:08<2:58:25, 16.78s/it]                                                                                            Best trial: 342. Best value: 127.222:  36%|███▌      | 362/1000 [1:41:24<2:58:25, 16.78s/it]Best trial: 342. Best value: 127.222:  36%|███▌      | 362/1000 [1:41:24<2:58:25, 16.78s/it]Best trial: 342. Best value: 127.222:  36%|███▋      | 363/1000 [1:41:24<2:57:46, 16.74s/it]                                                                                            Best trial: 342. Best value: 127.222:  36%|███▋      | 363/1000 [1:41:41<2:57:46, 16.74s/it]Best trial: 342. Best value: 127.222:  36%|███▋      | 363/1000 [1:41:41<2:57:46, 16.74s/it]Best trial: 342. Best value: 127.222:  36%|███▋      | 364/1000 [1:41:41<2:56:55, 16.69s/it]                                                                                            Best trial: 342. Best value: 127.222:  36%|███▋      | 364/1000 [1:41:58<2:56:55, 16.69s/it]Best trial: 342. Best value: 127.222:  36%|███▋      | 364/1000 [1:41:58<2:56:55, 16.69s/it]Best trial: 342. Best value: 127.222:  36%|███▋      | 365/1000 [1:41:58<2:56:21, 16.66s/it]                                                                                            Best trial: 342. Best value: 127.222:  36%|███▋      | 365/1000 [1:42:14<2:56:21, 16.66s/it]Best trial: 342. Best value: 127.222:  36%|███▋      | 365/1000 [1:42:14<2:56:21, 16.66s/it]Best trial: 342. Best value: 127.222:  37%|███▋      | 366/1000 [1:42:14<2:56:24, 16.69s/it]                                                                                            Best trial: 342. Best value: 127.222:  37%|███▋      | 366/1000 [1:42:31<2:56:24, 16.69s/it]Best trial: 342. Best value: 127.222:  37%|███▋      | 366/1000 [1:42:31<2:56:24, 16.69s/it]Best trial: 342. Best value: 127.222:  37%|███▋      | 367/1000 [1:42:31<2:55:38, 16.65s/it]                                                                                            Best trial: 342. Best value: 127.222:  37%|███▋      | 367/1000 [1:42:47<2:55:38, 16.65s/it]Best trial: 342. Best value: 127.222:  37%|███▋      | 367/1000 [1:42:47<2:55:38, 16.65s/it]Best trial: 342. Best value: 127.222:  37%|███▋      | 368/1000 [1:42:47<2:55:05, 16.62s/it]                                                                                            Best trial: 342. Best value: 127.222:  37%|███▋      | 368/1000 [1:43:04<2:55:05, 16.62s/it]Best trial: 342. Best value: 127.222:  37%|███▋      | 368/1000 [1:43:04<2:55:05, 16.62s/it]Best trial: 342. Best value: 127.222:  37%|███▋      | 369/1000 [1:43:04<2:55:04, 16.65s/it]                                                                                            Best trial: 342. Best value: 127.222:  37%|███▋      | 369/1000 [1:43:21<2:55:04, 16.65s/it]Best trial: 342. Best value: 127.222:  37%|███▋      | 369/1000 [1:43:21<2:55:04, 16.65s/it]Best trial: 342. Best value: 127.222:  37%|███▋      | 370/1000 [1:43:21<2:54:24, 16.61s/it]                                                                                            Best trial: 342. Best value: 127.222:  37%|███▋      | 370/1000 [1:43:37<2:54:24, 16.61s/it]Best trial: 342. Best value: 127.222:  37%|███▋      | 370/1000 [1:43:37<2:54:24, 16.61s/it]Best trial: 342. Best value: 127.222:  37%|███▋      | 371/1000 [1:43:37<2:54:24, 16.64s/it]                                                                                            Best trial: 342. Best value: 127.222:  37%|███▋      | 371/1000 [1:43:54<2:54:24, 16.64s/it]Best trial: 342. Best value: 127.222:  37%|███▋      | 371/1000 [1:43:54<2:54:24, 16.64s/it]Best trial: 342. Best value: 127.222:  37%|███▋      | 372/1000 [1:43:54<2:54:38, 16.69s/it]                                                                                            Best trial: 342. Best value: 127.222:  37%|███▋      | 372/1000 [1:44:11<2:54:38, 16.69s/it]Best trial: 342. Best value: 127.222:  37%|███▋      | 372/1000 [1:44:11<2:54:38, 16.69s/it]Best trial: 342. Best value: 127.222:  37%|███▋      | 373/1000 [1:44:11<2:53:59, 16.65s/it]                                                                                            Best trial: 342. Best value: 127.222:  37%|███▋      | 373/1000 [1:44:27<2:53:59, 16.65s/it]Best trial: 342. Best value: 127.222:  37%|███▋      | 373/1000 [1:44:27<2:53:59, 16.65s/it]Best trial: 342. Best value: 127.222:  37%|███▋      | 374/1000 [1:44:27<2:53:52, 16.67s/it]                                                                                            Best trial: 342. Best value: 127.222:  37%|███▋      | 374/1000 [1:44:44<2:53:52, 16.67s/it]Best trial: 342. Best value: 127.222:  37%|███▋      | 374/1000 [1:44:44<2:53:52, 16.67s/it]Best trial: 342. Best value: 127.222:  38%|███▊      | 375/1000 [1:44:44<2:53:17, 16.64s/it]                                                                                            Best trial: 342. Best value: 127.222:  38%|███▊      | 375/1000 [1:45:01<2:53:17, 16.64s/it]Best trial: 342. Best value: 127.222:  38%|███▊      | 375/1000 [1:45:01<2:53:17, 16.64s/it]Best trial: 342. Best value: 127.222:  38%|███▊      | 376/1000 [1:45:01<2:52:50, 16.62s/it]                                                                                            Best trial: 342. Best value: 127.222:  38%|███▊      | 376/1000 [1:45:17<2:52:50, 16.62s/it]Best trial: 342. Best value: 127.222:  38%|███▊      | 376/1000 [1:45:17<2:52:50, 16.62s/it]Best trial: 342. Best value: 127.222:  38%|███▊      | 377/1000 [1:45:17<2:52:27, 16.61s/it]                                                                                            Best trial: 342. Best value: 127.222:  38%|███▊      | 377/1000 [1:45:34<2:52:27, 16.61s/it]Best trial: 342. Best value: 127.222:  38%|███▊      | 377/1000 [1:45:34<2:52:27, 16.61s/it]Best trial: 342. Best value: 127.222:  38%|███▊      | 378/1000 [1:45:34<2:52:12, 16.61s/it]                                                                                            
[I 2026-04-01 13:26:40,061] Trial 358 finished with value: 135.18699951905757 and parameters: {'alpha_0': 0.00086445683740233, 'alpha_1': 5.8993990916251894e-05, 'alpha_2': 8.347039662249496e-05, 'beta_0': 0.0869608438712143, 'beta_1': 14.813131461871789, 'beta_2': 0.23010759427179875, 'beta_3': 5.737689381049617, 'beta_4': 39.159377905484384}. Best is trial 342 with value: 127.22181264557312.
[I 2026-04-01 13:26:56,708] Trial 359 finished with value: 128.71561816596997 and parameters: {'alpha_0': 0.0007658529898651345, 'alpha_1': 5.0029436097316765e-05, 'alpha_2': 0.00011444329535341167, 'beta_0': 0.07108951819071307, 'beta_1': 14.280580717107016, 'beta_2': 0.22337153234508123, 'beta_3': 5.587685588221972, 'beta_4': 37.47482036615357}. Best is trial 342 with value: 127.22181264557312.
[I 2026-04-01 13:27:13,428] Trial 360 finished with value: 127.63493361553608 and parameters: {'alpha_0': 0.0009790850199004595, 'alpha_1': 5.003845173138307e-05, 'alpha_2': 0.00011992249737686077, 'beta_0': 0.08309161911368884, 'beta_1': 14.61882761384494, 'beta_2': 0.2194991423888069, 'beta_3': 5.687793128129022, 'beta_4': 40.90584098046159}. Best is trial 342 with value: 127.22181264557312.
[I 2026-04-01 13:27:30,121] Trial 361 finished with value: 188.90542883035968 and parameters: {'alpha_0': 0.0009476183590708735, 'alpha_1': 9.451109648930331e-05, 'alpha_2': 0.00011948796207475407, 'beta_0': 0.09474507979766132, 'beta_1': 14.03384571639398, 'beta_2': 0.21895337846925575, 'beta_3': 5.996715815206884, 'beta_4': 40.93372637183074}. Best is trial 342 with value: 127.22181264557312.
[I 2026-04-01 13:27:46,781] Trial 362 finished with value: 251.86232168572985 and parameters: {'alpha_0': 0.000994263014219896, 'alpha_1': 0.00012982508107480437, 'alpha_2': 0.0001198364276800108, 'beta_0': 0.08873468797473534, 'beta_1': 12.495848350913647, 'beta_2': 0.21629052823152206, 'beta_3': 5.838528691153798, 'beta_4': 41.40612277007549}. Best is trial 342 with value: 127.22181264557312.
[I 2026-04-01 13:28:03,346] Trial 363 finished with value: 131.92643694677972 and parameters: {'alpha_0': 0.0013695667924163214, 'alpha_1': 5.52465215601239e-05, 'alpha_2': 0.0001179384046296189, 'beta_0': 0.08406326574561243, 'beta_1': 14.533890396352874, 'beta_2': 0.22093077782322787, 'beta_3': 5.735577031930499, 'beta_4': 40.33886854374113}. Best is trial 342 with value: 127.22181264557312.
[I 2026-04-01 13:28:19,948] Trial 364 finished with value: 129.11527227026275 and parameters: {'alpha_0': 0.0009108198197012893, 'alpha_1': 5.2202939749973496e-05, 'alpha_2': 0.00011664776051936711, 'beta_0': 0.06574444409976508, 'beta_1': 14.830984906753457, 'beta_2': 0.21416275887050132, 'beta_3': 5.710474209213205, 'beta_4': 40.68637112511768}. Best is trial 342 with value: 127.22181264557312.
[I 2026-04-01 13:28:36,712] Trial 365 finished with value: 130.2520319890417 and parameters: {'alpha_0': 0.0008507338202269795, 'alpha_1': 5.334812281239453e-05, 'alpha_2': 0.00011850807268800878, 'beta_0': 0.08306143473900635, 'beta_1': 14.614537623011127, 'beta_2': 0.21844184198962674, 'beta_3': 5.544184547554733, 'beta_4': 41.726565465661615}. Best is trial 342 with value: 127.22181264557312.
[I 2026-04-01 13:28:53,254] Trial 366 finished with value: 151.805801299889 and parameters: {'alpha_0': 0.0009710687684282383, 'alpha_1': 7.205527001728367e-05, 'alpha_2': 0.00011640607755101858, 'beta_0': 0.07565460671014015, 'beta_1': 14.995948578910724, 'beta_2': 0.2201263573044439, 'beta_3': 5.83522685758998, 'beta_4': 39.74754241733928}. Best is trial 342 with value: 127.22181264557312.
[I 2026-04-01 13:29:09,816] Trial 367 finished with value: 127.5003392914611 and parameters: {'alpha_0': 0.0008169775895060434, 'alpha_1': 5.001689192773017e-05, 'alpha_2': 0.00011829462921340191, 'beta_0': 0.08949201542926707, 'beta_1': 14.34637702228897, 'beta_2': 0.2254718785827241, 'beta_3': 6.130573312582994, 'beta_4': 41.156085036489074}. Best is trial 342 with value: 127.22181264557312.
[I 2026-04-01 13:29:26,522] Trial 368 finished with value: 128.23483744350148 and parameters: {'alpha_0': 0.0008247360210780177, 'alpha_1': 5.1869886530786947e-05, 'alpha_2': 0.00011706189615456932, 'beta_0': 0.0981483072551527, 'beta_1': 14.078559231968068, 'beta_2': 0.2255447479552035, 'beta_3': 6.239385371250531, 'beta_4': 41.00046177640681}. Best is trial 342 with value: 127.22181264557312.
[I 2026-04-01 13:29:43,045] Trial 369 finished with value: 132.58762184270938 and parameters: {'alpha_0': 0.0007273404822055588, 'alpha_1': 5.629812335217142e-05, 'alpha_2': 0.00011459113844677637, 'beta_0': 0.09194723656062348, 'beta_1': 14.248685314907844, 'beta_2': 0.22743260423608377, 'beta_3': 6.11818682579514, 'beta_4': 40.2392805074372}. Best is trial 342 with value: 127.22181264557312.
[I 2026-04-01 13:29:59,742] Trial 370 finished with value: 128.59092076770133 and parameters: {'alpha_0': 0.0008170999633286611, 'alpha_1': 5.177664714449506e-05, 'alpha_2': 6.731982535700031e-05, 'beta_0': 0.08961483503662815, 'beta_1': 14.408597991648026, 'beta_2': 0.22421345715963323, 'beta_3': 6.158783245865723, 'beta_4': 41.10726422175091}. Best is trial 342 with value: 127.22181264557312.
[I 2026-04-01 13:30:16,542] Trial 371 finished with value: 130.57250378463183 and parameters: {'alpha_0': 0.0007891956102876157, 'alpha_1': 5.3981972647535244e-05, 'alpha_2': 0.00011991978209766993, 'beta_0': 0.09307714087576859, 'beta_1': 14.445622783183802, 'beta_2': 0.22602395470273387, 'beta_3': 6.034856970118388, 'beta_4': 39.525574243731484}. Best is trial 342 with value: 127.22181264557312.
[I 2026-04-01 13:30:33,107] Trial 372 finished with value: 127.68898997178582 and parameters: {'alpha_0': 0.0008965425350987374, 'alpha_1': 5.0067352070751507e-05, 'alpha_2': 0.00011799692738885243, 'beta_0': 0.08789433239804874, 'beta_1': 14.255960355711961, 'beta_2': 0.22949122947045159, 'beta_3': 5.947277723309501, 'beta_4': 40.40398464235223}. Best is trial 342 with value: 127.22181264557312.
[I 2026-04-01 13:30:49,810] Trial 373 finished with value: 129.67728930689472 and parameters: {'alpha_0': 0.0009136252879682812, 'alpha_1': 5.23523027573154e-05, 'alpha_2': 0.00011839851347453982, 'beta_0': 0.0978891714830042, 'beta_1': 14.06674158668321, 'beta_2': 0.22379494556680016, 'beta_3': 5.902295124562945, 'beta_4': 40.485436371710804}. Best is trial 342 with value: 127.22181264557312.
[I 2026-04-01 13:31:06,379] Trial 374 finished with value: 127.66343641484437 and parameters: {'alpha_0': 0.0008625319882606996, 'alpha_1': 5.00556462832826e-05, 'alpha_2': 0.00011997697196589655, 'beta_0': 0.0873058019845436, 'beta_1': 14.281546636045896, 'beta_2': 0.15947642639790544, 'beta_3': 5.930994665452878, 'beta_4': 41.361770787117386}. Best is trial 342 with value: 127.22181264557312.
[I 2026-04-01 13:31:22,957] Trial 375 finished with value: 131.30316844974234 and parameters: {'alpha_0': 0.0008832137141679508, 'alpha_1': 5.466582758760928e-05, 'alpha_2': 0.00011847981593352628, 'beta_0': 0.08868709954963416, 'beta_1': 13.76846813090623, 'beta_2': 0.19547084797297154, 'beta_3': 6.219561559875435, 'beta_4': 40.670347552111615}. Best is trial 342 with value: 127.22181264557312.
[I 2026-04-01 13:31:39,544] Trial 376 finished with value: 128.104878696941 and parameters: {'alpha_0': 0.000855147238927124, 'alpha_1': 5.1924005353253505e-05, 'alpha_2': 0.00011990806549885525, 'beta_0': 0.09325172813907677, 'beta_1': 13.792110444333344, 'beta_2': 0.15928035628664206, 'beta_3': 6.061469542853882, 'beta_4': 41.59252939059624}. Best is trial 342 with value: 127.22181264557312.
[I 2026-04-01 13:31:56,163] Trial 377 finished with value: 130.37669648591128 and parameters: {'alpha_0': 0.0009041677354361756, 'alpha_1': 5.343119817571361e-05, 'alpha_2': 0.00011725258669518081, 'beta_0': 0.08664621071045356, 'beta_1': 13.933560061156777, 'beta_2': 0.22846015288805377, 'beta_3': 5.975409871657118, 'beta_4': 40.22202273326186}. Best is trial 342 with value: 127.22181264557312.
