[I 2026-04-01 14:48:03,957] Trial 651 finished with value: 137.2170956684835 and parameters: {'alpha_0': 0.0007055777373831114, 'alpha_1': 6.207085741434714e-05, 'alpha_2': 0.00010353815597169525, 'beta_0': 0.06243167047497289, 'beta_1': 14.981465338253107, 'beta_2': 0.18517542065878267, 'beta_3': 6.876946098605409, 'beta_4': 49.927663171617965}. Best is trial 524 with value: 126.14243661523494.Best trial: 524. Best value: 126.142:  65%|██████▌   | 651/1000 [3:01:42<1:36:48, 16.64s/it]Best trial: 524. Best value: 126.142:  65%|██████▌   | 651/1000 [3:01:42<1:36:48, 16.64s/it]Best trial: 524. Best value: 126.142:  65%|██████▌   | 652/1000 [3:01:42<1:36:24, 16.62s/it]                                                                                            Best trial: 524. Best value: 126.142:  65%|██████▌   | 652/1000 [3:01:58<1:36:24, 16.62s/it]Best trial: 524. Best value: 126.142:  65%|██████▌   | 652/1000 [3:01:58<1:36:24, 16.62s/it]Best trial: 524. Best value: 126.142:  65%|██████▌   | 653/1000 [3:01:58<1:36:05, 16.61s/it]                                                                                            Best trial: 524. Best value: 126.142:  65%|██████▌   | 653/1000 [3:02:15<1:36:05, 16.61s/it]Best trial: 524. Best value: 126.142:  65%|██████▌   | 653/1000 [3:02:15<1:36:05, 16.61s/it]Best trial: 524. Best value: 126.142:  65%|██████▌   | 654/1000 [3:02:15<1:35:47, 16.61s/it]                                                                                            Best trial: 524. Best value: 126.142:  65%|██████▌   | 654/1000 [3:02:31<1:35:47, 16.61s/it]Best trial: 524. Best value: 126.142:  65%|██████▌   | 654/1000 [3:02:31<1:35:47, 16.61s/it]Best trial: 524. Best value: 126.142:  66%|██████▌   | 655/1000 [3:02:31<1:35:23, 16.59s/it]                                                                                            Best trial: 524. Best value: 126.142:  66%|██████▌   | 655/1000 [3:02:48<1:35:23, 16.59s/it]Best trial: 524. Best value: 126.142:  66%|██████▌   | 655/1000 [3:02:48<1:35:23, 16.59s/it]Best trial: 524. Best value: 126.142:  66%|██████▌   | 656/1000 [3:02:48<1:35:07, 16.59s/it]                                                                                            Best trial: 524. Best value: 126.142:  66%|██████▌   | 656/1000 [3:03:05<1:35:07, 16.59s/it]Best trial: 524. Best value: 126.142:  66%|██████▌   | 656/1000 [3:03:05<1:35:07, 16.59s/it]Best trial: 524. Best value: 126.142:  66%|██████▌   | 657/1000 [3:03:05<1:34:57, 16.61s/it]                                                                                            Best trial: 524. Best value: 126.142:  66%|██████▌   | 657/1000 [3:03:21<1:34:57, 16.61s/it]Best trial: 524. Best value: 126.142:  66%|██████▌   | 657/1000 [3:03:21<1:34:57, 16.61s/it]Best trial: 524. Best value: 126.142:  66%|██████▌   | 658/1000 [3:03:21<1:34:40, 16.61s/it]                                                                                            Best trial: 524. Best value: 126.142:  66%|██████▌   | 658/1000 [3:03:38<1:34:40, 16.61s/it]Best trial: 524. Best value: 126.142:  66%|██████▌   | 658/1000 [3:03:38<1:34:40, 16.61s/it]Best trial: 524. Best value: 126.142:  66%|██████▌   | 659/1000 [3:03:38<1:34:30, 16.63s/it]                                                                                            Best trial: 524. Best value: 126.142:  66%|██████▌   | 659/1000 [3:03:54<1:34:30, 16.63s/it]Best trial: 524. Best value: 126.142:  66%|██████▌   | 659/1000 [3:03:54<1:34:30, 16.63s/it]Best trial: 524. Best value: 126.142:  66%|██████▌   | 660/1000 [3:03:54<1:34:14, 16.63s/it]                                                                                            Best trial: 524. Best value: 126.142:  66%|██████▌   | 660/1000 [3:04:11<1:34:14, 16.63s/it]Best trial: 524. Best value: 126.142:  66%|██████▌   | 660/1000 [3:04:11<1:34:14, 16.63s/it]Best trial: 524. Best value: 126.142:  66%|██████▌   | 661/1000 [3:04:11<1:33:50, 16.61s/it]                                                                                            Best trial: 524. Best value: 126.142:  66%|██████▌   | 661/1000 [3:04:28<1:33:50, 16.61s/it]Best trial: 524. Best value: 126.142:  66%|██████▌   | 661/1000 [3:04:28<1:33:50, 16.61s/it]Best trial: 524. Best value: 126.142:  66%|██████▌   | 662/1000 [3:04:28<1:33:41, 16.63s/it]                                                                                            Best trial: 524. Best value: 126.142:  66%|██████▌   | 662/1000 [3:04:44<1:33:41, 16.63s/it]Best trial: 524. Best value: 126.142:  66%|██████▌   | 662/1000 [3:04:44<1:33:41, 16.63s/it]Best trial: 524. Best value: 126.142:  66%|██████▋   | 663/1000 [3:04:44<1:33:31, 16.65s/it]                                                                                            Best trial: 524. Best value: 126.142:  66%|██████▋   | 663/1000 [3:05:01<1:33:31, 16.65s/it]Best trial: 524. Best value: 126.142:  66%|██████▋   | 663/1000 [3:05:01<1:33:31, 16.65s/it]Best trial: 524. Best value: 126.142:  66%|██████▋   | 664/1000 [3:05:01<1:33:19, 16.67s/it]                                                                                            Best trial: 524. Best value: 126.142:  66%|██████▋   | 664/1000 [3:05:18<1:33:19, 16.67s/it]Best trial: 524. Best value: 126.142:  66%|██████▋   | 664/1000 [3:05:18<1:33:19, 16.67s/it]Best trial: 524. Best value: 126.142:  66%|██████▋   | 665/1000 [3:05:18<1:33:08, 16.68s/it]                                                                                            Best trial: 524. Best value: 126.142:  66%|██████▋   | 665/1000 [3:05:35<1:33:08, 16.68s/it]Best trial: 524. Best value: 126.142:  66%|██████▋   | 665/1000 [3:05:35<1:33:08, 16.68s/it]Best trial: 524. Best value: 126.142:  67%|██████▋   | 666/1000 [3:05:35<1:32:53, 16.69s/it]                                                                                            Best trial: 524. Best value: 126.142:  67%|██████▋   | 666/1000 [3:05:51<1:32:53, 16.69s/it]Best trial: 524. Best value: 126.142:  67%|██████▋   | 666/1000 [3:05:51<1:32:53, 16.69s/it]Best trial: 524. Best value: 126.142:  67%|██████▋   | 667/1000 [3:05:51<1:32:40, 16.70s/it]                                                                                            Best trial: 524. Best value: 126.142:  67%|██████▋   | 667/1000 [3:06:08<1:32:40, 16.70s/it]Best trial: 524. Best value: 126.142:  67%|██████▋   | 667/1000 [3:06:08<1:32:40, 16.70s/it]Best trial: 524. Best value: 126.142:  67%|██████▋   | 668/1000 [3:06:08<1:32:24, 16.70s/it]                                                                                            Best trial: 524. Best value: 126.142:  67%|██████▋   | 668/1000 [3:06:25<1:32:24, 16.70s/it]Best trial: 524. Best value: 126.142:  67%|██████▋   | 668/1000 [3:06:25<1:32:24, 16.70s/it]Best trial: 524. Best value: 126.142:  67%|██████▋   | 669/1000 [3:06:25<1:32:04, 16.69s/it]                                                                                            Best trial: 524. Best value: 126.142:  67%|██████▋   | 669/1000 [3:06:41<1:32:04, 16.69s/it]Best trial: 524. Best value: 126.142:  67%|██████▋   | 669/1000 [3:06:41<1:32:04, 16.69s/it]Best trial: 524. Best value: 126.142:  67%|██████▋   | 670/1000 [3:06:41<1:31:36, 16.66s/it]                                                                                            Best trial: 524. Best value: 126.142:  67%|██████▋   | 670/1000 [3:06:58<1:31:36, 16.66s/it]Best trial: 524. Best value: 126.142:  67%|██████▋   | 670/1000 [3:06:58<1:31:36, 16.66s/it]Best trial: 524. Best value: 126.142:  67%|██████▋   | 671/1000 [3:06:58<1:31:14, 16.64s/it]                                                                                            Best trial: 524. Best value: 126.142:  67%|██████▋   | 671/1000 [3:07:14<1:31:14, 16.64s/it]Best trial: 524. Best value: 126.142:  67%|██████▋   | 671/1000 [3:07:14<1:31:14, 16.64s/it]Best trial: 524. Best value: 126.142:  67%|██████▋   | 672/1000 [3:07:14<1:30:59, 16.64s/it]                                                                                            
[I 2026-04-01 14:48:20,550] Trial 652 finished with value: 127.40581524253226 and parameters: {'alpha_0': 0.0006310658274347599, 'alpha_1': 5.186811325142931e-05, 'alpha_2': 0.00010528327154033823, 'beta_0': 0.0666707740206785, 'beta_1': 14.991980559372044, 'beta_2': 0.1891151695559667, 'beta_3': 6.8894296298446545, 'beta_4': 49.187738754557515}. Best is trial 524 with value: 126.14243661523494.
[I 2026-04-01 14:48:37,159] Trial 653 finished with value: 129.75710192839125 and parameters: {'alpha_0': 0.0006589283800657578, 'alpha_1': 5.467143877392133e-05, 'alpha_2': 0.00010502816008541817, 'beta_0': 0.05723974431575591, 'beta_1': 14.810171847286517, 'beta_2': 0.18248900912875407, 'beta_3': 7.154140897100529, 'beta_4': 47.13411655847801}. Best is trial 524 with value: 126.14243661523494.
[I 2026-04-01 14:48:53,698] Trial 654 finished with value: 272.8593551775582 and parameters: {'alpha_0': 0.0005976606146614604, 'alpha_1': 0.00014365052973461934, 'alpha_2': 0.00010573119336768743, 'beta_0': 0.06299084475239503, 'beta_1': 14.793445642614657, 'beta_2': 0.18506980653115962, 'beta_3': 6.683733911097766, 'beta_4': 48.703129394803234}. Best is trial 524 with value: 126.14243661523494.
[I 2026-04-01 14:49:10,293] Trial 655 finished with value: 127.51575369146225 and parameters: {'alpha_0': 0.0007075516627086826, 'alpha_1': 5.176244566622918e-05, 'alpha_2': 0.00010519147193402851, 'beta_0': 0.06742470896989138, 'beta_1': 14.798534430492802, 'beta_2': 0.18777039778697166, 'beta_3': 6.949580927551211, 'beta_4': 49.91759478180767}. Best is trial 524 with value: 126.14243661523494.
[I 2026-04-01 14:49:26,945] Trial 656 finished with value: 132.13923557697103 and parameters: {'alpha_0': 0.0005498254259408496, 'alpha_1': 5.338497978489719e-05, 'alpha_2': 0.00010649372018374125, 'beta_0': 0.05278139857108596, 'beta_1': 12.692205606828551, 'beta_2': 0.190851888028024, 'beta_3': 6.477558316590658, 'beta_4': 48.05869904656948}. Best is trial 524 with value: 126.14243661523494.
[I 2026-04-01 14:49:43,551] Trial 657 finished with value: 126.60310169191078 and parameters: {'alpha_0': 0.0006441939198399952, 'alpha_1': 5.002113843548645e-05, 'alpha_2': 0.00010888278560863617, 'beta_0': 0.05794054520630986, 'beta_1': 14.991149917081136, 'beta_2': 0.18719012753177539, 'beta_3': 6.78020867080609, 'beta_4': 49.25083615930813}. Best is trial 524 with value: 126.14243661523494.
[I 2026-04-01 14:50:00,231] Trial 658 finished with value: 127.98158714571825 and parameters: {'alpha_0': 0.0006702663046254941, 'alpha_1': 5.1719257694697176e-05, 'alpha_2': 0.00010781170185445967, 'beta_0': 0.05536926390048589, 'beta_1': 14.843429456730831, 'beta_2': 0.18579697015928548, 'beta_3': 6.554256258934344, 'beta_4': 49.555657205392585}. Best is trial 524 with value: 126.14243661523494.
[I 2026-04-01 14:50:16,861] Trial 659 finished with value: 126.82201565118716 and parameters: {'alpha_0': 0.0006993307939337179, 'alpha_1': 5.001049857889963e-05, 'alpha_2': 0.00010653760169708384, 'beta_0': 0.06353725679213083, 'beta_1': 14.961919342708141, 'beta_2': 0.18413810338350237, 'beta_3': 6.740483283942206, 'beta_4': 49.10133289209572}. Best is trial 524 with value: 126.14243661523494.
[I 2026-04-01 14:50:33,425] Trial 660 finished with value: 128.92486387786875 and parameters: {'alpha_0': 0.0006945273096167178, 'alpha_1': 5.3715486890429047e-05, 'alpha_2': 0.00010351901442279967, 'beta_0': 0.06370594091512267, 'beta_1': 14.99126804089753, 'beta_2': 0.18314133966234758, 'beta_3': 6.74325378456926, 'beta_4': 49.12344233884437}. Best is trial 524 with value: 126.14243661523494.
[I 2026-04-01 14:50:50,103] Trial 661 finished with value: 127.02822778184186 and parameters: {'alpha_0': 0.0006513249678628328, 'alpha_1': 5.004107706828593e-05, 'alpha_2': 0.0001046032668507782, 'beta_0': 0.05004529657134687, 'beta_1': 14.85754095541377, 'beta_2': 0.18189692692811613, 'beta_3': 6.778031159445156, 'beta_4': 48.667657762079514}. Best is trial 524 with value: 126.14243661523494.
[I 2026-04-01 14:51:06,801] Trial 662 finished with value: 127.72369613346024 and parameters: {'alpha_0': 0.0007101160948347002, 'alpha_1': 5.193297390962231e-05, 'alpha_2': 0.00010633076285465887, 'beta_0': 0.05907224204850417, 'beta_1': 14.977537853102458, 'beta_2': 0.18315086041591874, 'beta_3': 6.837739752152689, 'beta_4': 49.08469560821956}. Best is trial 524 with value: 126.14243661523494.
[I 2026-04-01 14:51:23,503] Trial 663 finished with value: 130.09359302870922 and parameters: {'alpha_0': 0.0006385148003739668, 'alpha_1': 5.520106884866192e-05, 'alpha_2': 0.00010711084172256343, 'beta_0': 0.06519546769876156, 'beta_1': 14.796421667111172, 'beta_2': 0.18479678178039685, 'beta_3': 7.062660544627555, 'beta_4': 49.98416014496506}. Best is trial 524 with value: 126.14243661523494.
[I 2026-04-01 14:51:40,223] Trial 664 finished with value: 127.59109636050786 and parameters: {'alpha_0': 0.0006200405459896179, 'alpha_1': 5.184264660862111e-05, 'alpha_2': 0.00010796460459685675, 'beta_0': 0.05660495480018368, 'beta_1': 14.977848362975829, 'beta_2': 0.18030361040929807, 'beta_3': 6.645578450410188, 'beta_4': 47.8639622899115}. Best is trial 524 with value: 126.14243661523494.
[I 2026-04-01 14:51:56,925] Trial 665 finished with value: 263.6437237241803 and parameters: {'alpha_0': 0.0006843213018972079, 'alpha_1': 0.00013857538006932852, 'alpha_2': 0.0001055042512197502, 'beta_0': 0.06734574728348823, 'beta_1': 14.798163386183933, 'beta_2': 0.1866882451593727, 'beta_3': 6.943218470116151, 'beta_4': 48.41577211732857}. Best is trial 524 with value: 126.14243661523494.
[I 2026-04-01 14:52:13,648] Trial 666 finished with value: 180.71570945027355 and parameters: {'alpha_0': 0.0006687744329208534, 'alpha_1': 9.095409128350319e-05, 'alpha_2': 0.00010594059368651213, 'beta_0': 0.06255341346505451, 'beta_1': 14.742659016926464, 'beta_2': 0.1840740538274591, 'beta_3': 6.725858838814901, 'beta_4': 49.36948189033147}. Best is trial 524 with value: 126.14243661523494.
[I 2026-04-01 14:52:30,353] Trial 667 finished with value: 129.03788513909768 and parameters: {'alpha_0': 0.0007260622101827994, 'alpha_1': 5.366824807970037e-05, 'alpha_2': 0.00010248080307698129, 'beta_0': 0.06100406919147528, 'beta_1': 14.996732563728658, 'beta_2': 0.1975510756870767, 'beta_3': 7.190710440822723, 'beta_4': 47.06977253013184}. Best is trial 524 with value: 126.14243661523494.
[I 2026-04-01 14:52:47,020] Trial 668 finished with value: 128.90529200627245 and parameters: {'alpha_0': 0.0005750735695403181, 'alpha_1': 5.1640251754881604e-05, 'alpha_2': 0.0001096372149515182, 'beta_0': 0.06799280796658774, 'beta_1': 14.976386643921042, 'beta_2': 0.18576848848328611, 'beta_3': 4.769865159138288, 'beta_4': 46.089560448311154}. Best is trial 524 with value: 126.14243661523494.
[I 2026-04-01 14:53:03,598] Trial 669 finished with value: 133.19762170500596 and parameters: {'alpha_0': 0.0006384825118837874, 'alpha_1': 5.796026195498324e-05, 'alpha_2': 0.0001088815613470424, 'beta_0': 0.0635793454335037, 'beta_1': 14.722200547829637, 'beta_2': 0.1888007460980372, 'beta_3': 6.838879881721047, 'beta_4': 47.84191092226925}. Best is trial 524 with value: 126.14243661523494.
[I 2026-04-01 14:53:20,202] Trial 670 finished with value: 131.3181663976342 and parameters: {'alpha_0': 0.0006090863121382716, 'alpha_1': 5.618139143174396e-05, 'alpha_2': 0.00010809945069116875, 'beta_0': 0.056854430103083047, 'beta_1': 14.70996143651755, 'beta_2': 0.18143307972550848, 'beta_3': 7.005419453672975, 'beta_4': 48.60778261327226}. Best is trial 524 with value: 126.14243661523494.
[I 2026-04-01 14:53:36,853] Trial 671 finished with value: 128.77514418676643 and parameters: {'alpha_0': 0.000538523665812344, 'alpha_1': 5.3530038581807004e-05, 'alpha_2': 0.00010865295158870421, 'beta_0': 0.06840917479463217, 'beta_1': 14.994338223712294, 'beta_2': 0.19504421523943424, 'beta_3': 6.633865118080141, 'beta_4': 49.117771412133536}. Best is trial 524 with value: 126.14243661523494.
