[I 2026-04-01 15:51:56,096] Trial 999 finished with value: 1000000.0 and parameters: {'alpha_0': 0.0006004388735519682, 'alpha_1': 5.3214536126192685e-05, 'alpha_2': 0.00010799623586105245, 'beta_0': 0.13146460497084758, 'beta_1': 14.017980188861577, 'beta_2': 0.19615038509310084, 'beta_3': 7.73189053500165, 'beta_4': 47.1104739478396}. Best is trial 713 with value: 124.40682604489682.

======================================================================
OPTIMIZATION COMPLETE
======================================================================

Best loss: 124.406826
Best alpha: [0.0005839773998909292, 5.0012605623602376e-05, 0.000103672655208908]
Best beta: [0.13558702172902076, 14.997734290261281, 0.19237337979056687, 6.643407854580149, 48.00625467902045]
Trials completed: 1000/1000
Optimization time: 14734.2s
Time per trial: 14.73s

======================================================================
POST-CONVERGENCE EVALUATION
======================================================================
Continuing with basic results...

Results saved to: iterations/iter16/inner_loop_results.json
⚠ 121 trials failed (see error_log in results)

======================================================================
INNER LOOP COMPLETE
======================================================================
