[I 2026-04-01 13:38:03,009] Trial 399 finished with value: 130.15500157974773 and parameters: {'alpha_0': 0.0006290483329121529, 'alpha_1': 5.3527193873712946e-05, 'alpha_2': 0.00011700419995910175, 'beta_0': 0.08815091215753103, 'beta_1': 14.121433129400868, 'beta_2': 0.18336211955428244, 'beta_3': 6.05549923295839, 'beta_4': 37.84263775524879}. Best is trial 378 with value: 127.02756683178792.Best trial: 378. Best value: 127.028:  40%|███▉      | 399/1000 [1:51:41<2:47:16, 16.70s/it]Best trial: 378. Best value: 127.028:  40%|███▉      | 399/1000 [1:51:41<2:47:16, 16.70s/it]Best trial: 378. Best value: 127.028:  40%|████      | 400/1000 [1:51:41<2:47:43, 16.77s/it]                                                                                            Best trial: 378. Best value: 127.028:  40%|████      | 400/1000 [1:51:58<2:47:43, 16.77s/it]Best trial: 378. Best value: 127.028:  40%|████      | 400/1000 [1:51:58<2:47:43, 16.77s/it]Best trial: 378. Best value: 127.028:  40%|████      | 401/1000 [1:51:58<2:47:51, 16.81s/it]                                                                                            Best trial: 378. Best value: 127.028:  40%|████      | 401/1000 [1:52:14<2:47:51, 16.81s/it]Best trial: 378. Best value: 127.028:  40%|████      | 401/1000 [1:52:14<2:47:51, 16.81s/it]Best trial: 378. Best value: 127.028:  40%|████      | 402/1000 [1:52:14<2:47:07, 16.77s/it]                                                                                            Best trial: 378. Best value: 127.028:  40%|████      | 402/1000 [1:52:31<2:47:07, 16.77s/it]Best trial: 378. Best value: 127.028:  40%|████      | 402/1000 [1:52:31<2:47:07, 16.77s/it]Best trial: 378. Best value: 127.028:  40%|████      | 403/1000 [1:52:31<2:46:13, 16.71s/it]                                                                                            Best trial: 378. Best value: 127.028:  40%|████      | 403/1000 [1:52:47<2:46:13, 16.71s/it]Best trial: 378. Best value: 127.028:  40%|████      | 403/1000 [1:52:47<2:46:13, 16.71s/it]Best trial: 378. Best value: 127.028:  40%|████      | 404/1000 [1:52:47<2:45:31, 16.66s/it]                                                                                            Best trial: 378. Best value: 127.028:  40%|████      | 404/1000 [1:53:04<2:45:31, 16.66s/it]Best trial: 378. Best value: 127.028:  40%|████      | 404/1000 [1:53:04<2:45:31, 16.66s/it]Best trial: 378. Best value: 127.028:  40%|████      | 405/1000 [1:53:04<2:45:21, 16.68s/it]                                                                                            Best trial: 378. Best value: 127.028:  40%|████      | 405/1000 [1:53:21<2:45:21, 16.68s/it]Best trial: 378. Best value: 127.028:  40%|████      | 405/1000 [1:53:21<2:45:21, 16.68s/it]Best trial: 378. Best value: 127.028:  41%|████      | 406/1000 [1:53:21<2:44:44, 16.64s/it]                                                                                            Best trial: 378. Best value: 127.028:  41%|████      | 406/1000 [1:53:37<2:44:44, 16.64s/it]Best trial: 378. Best value: 127.028:  41%|████      | 406/1000 [1:53:37<2:44:44, 16.64s/it]Best trial: 378. Best value: 127.028:  41%|████      | 407/1000 [1:53:37<2:44:11, 16.61s/it]                                                                                            Best trial: 378. Best value: 127.028:  41%|████      | 407/1000 [1:53:54<2:44:11, 16.61s/it]Best trial: 378. Best value: 127.028:  41%|████      | 407/1000 [1:53:54<2:44:11, 16.61s/it]Best trial: 378. Best value: 127.028:  41%|████      | 408/1000 [1:53:54<2:44:22, 16.66s/it]                                                                                            Best trial: 378. Best value: 127.028:  41%|████      | 408/1000 [1:54:11<2:44:22, 16.66s/it]Best trial: 378. Best value: 127.028:  41%|████      | 408/1000 [1:54:11<2:44:22, 16.66s/it]Best trial: 378. Best value: 127.028:  41%|████      | 409/1000 [1:54:11<2:46:57, 16.95s/it]                                                                                            Best trial: 378. Best value: 127.028:  41%|████      | 409/1000 [1:54:28<2:46:57, 16.95s/it]Best trial: 378. Best value: 127.028:  41%|████      | 409/1000 [1:54:28<2:46:57, 16.95s/it]Best trial: 378. Best value: 127.028:  41%|████      | 410/1000 [1:54:28<2:45:30, 16.83s/it]                                                                                            Best trial: 378. Best value: 127.028:  41%|████      | 410/1000 [1:54:45<2:45:30, 16.83s/it]Best trial: 378. Best value: 127.028:  41%|████      | 410/1000 [1:54:45<2:45:30, 16.83s/it]Best trial: 378. Best value: 127.028:  41%|████      | 411/1000 [1:54:45<2:44:24, 16.75s/it]                                                                                            Best trial: 378. Best value: 127.028:  41%|████      | 411/1000 [1:55:01<2:44:24, 16.75s/it]Best trial: 378. Best value: 127.028:  41%|████      | 411/1000 [1:55:01<2:44:24, 16.75s/it]Best trial: 378. Best value: 127.028:  41%|████      | 412/1000 [1:55:01<2:43:36, 16.69s/it]                                                                                            Best trial: 378. Best value: 127.028:  41%|████      | 412/1000 [1:55:18<2:43:36, 16.69s/it]Best trial: 378. Best value: 127.028:  41%|████      | 412/1000 [1:55:18<2:43:36, 16.69s/it]Best trial: 378. Best value: 127.028:  41%|████▏     | 413/1000 [1:55:18<2:44:16, 16.79s/it]                                                                                            Best trial: 378. Best value: 127.028:  41%|████▏     | 413/1000 [1:55:35<2:44:16, 16.79s/it]Best trial: 378. Best value: 127.028:  41%|████▏     | 413/1000 [1:55:35<2:44:16, 16.79s/it]Best trial: 378. Best value: 127.028:  41%|████▏     | 414/1000 [1:55:35<2:43:30, 16.74s/it]                                                                                            Best trial: 378. Best value: 127.028:  41%|████▏     | 414/1000 [1:55:51<2:43:30, 16.74s/it]Best trial: 378. Best value: 127.028:  41%|████▏     | 414/1000 [1:55:51<2:43:30, 16.74s/it]Best trial: 378. Best value: 127.028:  42%|████▏     | 415/1000 [1:55:51<2:42:49, 16.70s/it]                                                                                            Best trial: 378. Best value: 127.028:  42%|████▏     | 415/1000 [1:56:08<2:42:49, 16.70s/it]Best trial: 378. Best value: 127.028:  42%|████▏     | 415/1000 [1:56:08<2:42:49, 16.70s/it]Best trial: 378. Best value: 127.028:  42%|████▏     | 416/1000 [1:56:08<2:42:06, 16.65s/it]                                                                                            Best trial: 378. Best value: 127.028:  42%|████▏     | 416/1000 [1:56:24<2:42:06, 16.65s/it]Best trial: 378. Best value: 127.028:  42%|████▏     | 416/1000 [1:56:24<2:42:06, 16.65s/it]Best trial: 378. Best value: 127.028:  42%|████▏     | 417/1000 [1:56:24<2:41:27, 16.62s/it]                                                                                            Best trial: 378. Best value: 127.028:  42%|████▏     | 417/1000 [1:56:42<2:41:27, 16.62s/it]Best trial: 378. Best value: 127.028:  42%|████▏     | 417/1000 [1:56:42<2:41:27, 16.62s/it]Best trial: 378. Best value: 127.028:  42%|████▏     | 418/1000 [1:56:42<2:44:30, 16.96s/it]                                                                                            Best trial: 378. Best value: 127.028:  42%|████▏     | 418/1000 [1:56:59<2:44:30, 16.96s/it]Best trial: 378. Best value: 127.028:  42%|████▏     | 418/1000 [1:56:59<2:44:30, 16.96s/it]Best trial: 378. Best value: 127.028:  42%|████▏     | 419/1000 [1:56:59<2:43:10, 16.85s/it]                                                                                            Best trial: 378. Best value: 127.028:  42%|████▏     | 419/1000 [1:57:15<2:43:10, 16.85s/it]Best trial: 378. Best value: 127.028:  42%|████▏     | 419/1000 [1:57:15<2:43:10, 16.85s/it]Best trial: 378. Best value: 127.028:  42%|████▏     | 420/1000 [1:57:15<2:41:58, 16.76s/it]                                                                                            
[I 2026-04-01 13:38:19,919] Trial 400 finished with value: 132.9424852325459 and parameters: {'alpha_0': 0.0006722349319297807, 'alpha_1': 5.71172635959574e-05, 'alpha_2': 0.00011818510858601783, 'beta_0': 0.09495437962066831, 'beta_1': 13.76067294434977, 'beta_2': 0.17916124359107466, 'beta_3': 6.000042035887604, 'beta_4': 37.076877947028244}. Best is trial 378 with value: 127.02756683178792.
[I 2026-04-01 13:38:36,580] Trial 401 finished with value: 128.79877607220845 and parameters: {'alpha_0': 0.0006843038723533371, 'alpha_1': 5.1864782561932475e-05, 'alpha_2': 0.00011513836262527321, 'beta_0': 0.09898473340803057, 'beta_1': 13.2740223280341, 'beta_2': 0.18589149408914224, 'beta_3': 6.30151434533672, 'beta_4': 38.80235813353047}. Best is trial 378 with value: 127.02756683178792.
[I 2026-04-01 13:38:53,140] Trial 402 finished with value: 127.6630519522112 and parameters: {'alpha_0': 0.000747989927969478, 'alpha_1': 5.0018736213889746e-05, 'alpha_2': 0.00011702618761976585, 'beta_0': 0.08663890827038834, 'beta_1': 13.880746035035408, 'beta_2': 0.18072802099642488, 'beta_3': 6.21529626801304, 'beta_4': 38.251039011269235}. Best is trial 378 with value: 127.02756683178792.
[I 2026-04-01 13:39:09,704] Trial 403 finished with value: 130.53319484332332 and parameters: {'alpha_0': 0.0006197094805907378, 'alpha_1': 5.476938452408114e-05, 'alpha_2': 0.000118310309441019, 'beta_0': 0.09054641762119746, 'beta_1': 14.11692695249813, 'beta_2': 0.18433684980209444, 'beta_3': 6.447423840577439, 'beta_4': 38.79864127506272}. Best is trial 378 with value: 127.02756683178792.
[I 2026-04-01 13:39:26,409] Trial 404 finished with value: 128.44324936109462 and parameters: {'alpha_0': 0.0007098215899300885, 'alpha_1': 5.001471807465329e-05, 'alpha_2': 0.00011601510948297936, 'beta_0': 0.08567224065372374, 'beta_1': 13.559091978323918, 'beta_2': 0.19335192268815635, 'beta_3': 6.091694343894993, 'beta_4': 37.24767682886308}. Best is trial 378 with value: 127.02756683178792.
[I 2026-04-01 13:39:42,968] Trial 405 finished with value: 129.85667498264226 and parameters: {'alpha_0': 0.0007305691064770762, 'alpha_1': 5.3266899591363534e-05, 'alpha_2': 0.00011421908140344927, 'beta_0': 0.09009759771416247, 'beta_1': 14.070701988944158, 'beta_2': 0.18175766429513984, 'beta_3': 5.988687858242903, 'beta_4': 39.08633040052171}. Best is trial 378 with value: 127.02756683178792.
[I 2026-04-01 13:39:59,514] Trial 406 finished with value: 129.05110897003885 and parameters: {'alpha_0': 0.0006629759563484347, 'alpha_1': 5.189828501042185e-05, 'alpha_2': 9.167435260059212e-05, 'beta_0': 0.08018377045590337, 'beta_1': 14.25814078502092, 'beta_2': 0.18271632290193637, 'beta_3': 6.174384685821318, 'beta_4': 38.57217447951746}. Best is trial 378 with value: 127.02756683178792.
[I 2026-04-01 13:40:16,284] Trial 407 finished with value: 129.16664119654922 and parameters: {'alpha_0': 0.0007764158626869591, 'alpha_1': 5.1884096462937884e-05, 'alpha_2': 0.0001180597353971942, 'beta_0': 0.09572050854571477, 'beta_1': 13.718668319286595, 'beta_2': 0.1873843665004287, 'beta_3': 6.009511365606518, 'beta_4': 39.40263169586735}. Best is trial 378 with value: 127.02756683178792.
[I 2026-04-01 13:40:33,913] Trial 408 finished with value: 145.54798526921195 and parameters: {'alpha_0': 0.0007166468588531978, 'alpha_1': 5.5589952454897184e-05, 'alpha_2': 0.00011609184477864535, 'beta_0': 0.16202076065725712, 'beta_1': 8.807800380692854, 'beta_2': 0.17986286490849418, 'beta_3': 6.195687178013106, 'beta_4': 39.86653754948207}. Best is trial 378 with value: 127.02756683178792.
[I 2026-04-01 13:40:50,464] Trial 409 finished with value: 130.538504497085 and parameters: {'alpha_0': 0.0014156237495940064, 'alpha_1': 5.350250783325424e-05, 'alpha_2': 0.00011796038203856031, 'beta_0': 0.08597822381957303, 'beta_1': 14.160941074134648, 'beta_2': 0.1859499011695763, 'beta_3': 5.917052570943799, 'beta_4': 38.49715380024609}. Best is trial 378 with value: 127.02756683178792.
[I 2026-04-01 13:41:07,019] Trial 410 finished with value: 182.05247264788215 and parameters: {'alpha_0': 0.0005490456844182498, 'alpha_1': 9.131142535050258e-05, 'alpha_2': 0.00011466240286966563, 'beta_0': 0.08137034909817348, 'beta_1': 14.363171917635627, 'beta_2': 0.18058951489564296, 'beta_3': 6.075955206999278, 'beta_4': 38.11491628186861}. Best is trial 378 with value: 127.02756683178792.
[I 2026-04-01 13:41:23,590] Trial 411 finished with value: 127.9669742754902 and parameters: {'alpha_0': 0.0007726039779073128, 'alpha_1': 5.000003135982627e-05, 'alpha_2': 0.00011825953916334241, 'beta_0': 0.09230203895173744, 'beta_1': 13.891786200245274, 'beta_2': 0.18358995625447375, 'beta_3': 5.877367528623707, 'beta_4': 39.18094795077027}. Best is trial 378 with value: 127.02756683178792.
[I 2026-04-01 13:41:40,608] Trial 412 finished with value: 129.27967940812607 and parameters: {'alpha_0': 0.0007020835354083035, 'alpha_1': 5.182772542616618e-05, 'alpha_2': 0.00011620354731747869, 'beta_0': 0.14338945930874392, 'beta_1': 14.350369187102814, 'beta_2': 0.19149479853007045, 'beta_3': 6.319028648580155, 'beta_4': 37.645066211385355}. Best is trial 378 with value: 127.02756683178792.
[I 2026-04-01 13:41:57,234] Trial 413 finished with value: 272.2851296507815 and parameters: {'alpha_0': 0.0007394330289609824, 'alpha_1': 0.00014165506250684833, 'alpha_2': 0.00011681801081380515, 'beta_0': 0.1006848607515797, 'beta_1': 14.111582650746806, 'beta_2': 0.1883691912966197, 'beta_3': 5.956357567362479, 'beta_4': 39.82082041065281}. Best is trial 378 with value: 127.02756683178792.
[I 2026-04-01 13:42:13,838] Trial 414 finished with value: 234.13521179440056 and parameters: {'alpha_0': 0.0006468418896754639, 'alpha_1': 0.000120924170994766, 'alpha_2': 4.4728433516516457e-05, 'beta_0': 0.0880807091026408, 'beta_1': 14.438161654556831, 'beta_2': 0.17520598820478345, 'beta_3': 6.0664983880096015, 'beta_4': 39.210021838337305}. Best is trial 378 with value: 127.02756683178792.
[I 2026-04-01 13:42:30,385] Trial 415 finished with value: 132.21698645373914 and parameters: {'alpha_0': 0.000819558822400367, 'alpha_1': 5.407973818740147e-05, 'alpha_2': 0.0001138275396652963, 'beta_0': 0.08436728020707014, 'beta_1': 12.795274779253809, 'beta_2': 0.1787368195950682, 'beta_3': 5.879111137669893, 'beta_4': 40.017602749673195}. Best is trial 378 with value: 127.02756683178792.
[I 2026-04-01 13:42:46,911] Trial 416 finished with value: 128.40979507444902 and parameters: {'alpha_0': 0.0007658842674878076, 'alpha_1': 5.1549980381394147e-05, 'alpha_2': 0.00011862546160483576, 'beta_0': 0.07944979256932139, 'beta_1': 14.442120977359805, 'beta_2': 0.1847101011812286, 'beta_3': 6.179703481731819, 'beta_4': 38.68798875793923}. Best is trial 378 with value: 127.02756683178792.
[I 2026-04-01 13:43:04,672] Trial 417 finished with value: 143.56393482365536 and parameters: {'alpha_0': 0.000679196439567493, 'alpha_1': 5.687615669617898e-05, 'alpha_2': 0.00011547108508341191, 'beta_0': 0.18582156322647445, 'beta_1': 14.156765944901347, 'beta_2': 0.18149819374018908, 'beta_3': 6.016161919076558, 'beta_4': 40.220521323140225}. Best is trial 378 with value: 127.02756683178792.
[I 2026-04-01 13:43:21,271] Trial 418 finished with value: 127.82269879023912 and parameters: {'alpha_0': 0.0005839284209279493, 'alpha_1': 5.1736327946495176e-05, 'alpha_2': 0.00011993104622928022, 'beta_0': 0.0944179784814295, 'beta_1': 14.581092310301447, 'beta_2': 0.18336399140120352, 'beta_3': 6.291752289533347, 'beta_4': 39.470713709144896}. Best is trial 378 with value: 127.02756683178792.
[I 2026-04-01 13:43:37,804] Trial 419 finished with value: 130.10321272696348 and parameters: {'alpha_0': 0.0008317023467680402, 'alpha_1': 5.356881809069289e-05, 'alpha_2': 0.00011719347186735952, 'beta_0': 0.08882127659510365, 'beta_1': 13.98704687369196, 'beta_2': 0.1792643926924531, 'beta_3': 5.868511401458024, 'beta_4': 37.91996702592379}. Best is trial 378 with value: 127.02756683178792.
