[I 2026-04-01 12:22:16,421] Trial 126 finished with value: 132.97803006181195 and parameters: {'alpha_0': 0.0023285163382681167, 'alpha_1': 5.5098870684464915e-05, 'alpha_2': 0.00010376432562365105, 'beta_0': 0.09964981499912112, 'beta_1': 14.991597570316726, 'beta_2': 0.23256086555602465, 'beta_3': 5.144775624354093, 'beta_4': 32.5069883467432}. Best is trial 114 with value: 127.84211324922374.Best trial: 114. Best value: 127.842:  13%|█▎        | 126/1000 [35:54<4:03:18, 16.70s/it]Best trial: 114. Best value: 127.842:  13%|█▎        | 126/1000 [35:54<4:03:18, 16.70s/it]Best trial: 114. Best value: 127.842:  13%|█▎        | 127/1000 [35:54<4:02:10, 16.64s/it]                                                                                          Best trial: 114. Best value: 127.842:  13%|█▎        | 127/1000 [36:12<4:02:10, 16.64s/it]Best trial: 114. Best value: 127.842:  13%|█▎        | 127/1000 [36:12<4:02:10, 16.64s/it]Best trial: 114. Best value: 127.842:  13%|█▎        | 128/1000 [36:12<4:07:52, 17.06s/it]                                                                                          Best trial: 114. Best value: 127.842:  13%|█▎        | 128/1000 [36:29<4:07:52, 17.06s/it]Best trial: 114. Best value: 127.842:  13%|█▎        | 128/1000 [36:29<4:07:52, 17.06s/it]Best trial: 114. Best value: 127.842:  13%|█▎        | 129/1000 [36:29<4:06:25, 16.98s/it]                                                                                          Best trial: 114. Best value: 127.842:  13%|█▎        | 129/1000 [36:46<4:06:25, 16.98s/it]Best trial: 114. Best value: 127.842:  13%|█▎        | 129/1000 [36:46<4:06:25, 16.98s/it]Best trial: 114. Best value: 127.842:  13%|█▎        | 130/1000 [36:46<4:05:50, 16.95s/it]                                                                                          Best trial: 114. Best value: 127.842:  13%|█▎        | 130/1000 [37:02<4:05:50, 16.95s/it]Best trial: 114. Best value: 127.842:  13%|█▎        | 130/1000 [37:02<4:05:50, 16.95s/it]Best trial: 114. Best value: 127.842:  13%|█▎        | 131/1000 [37:02<4:04:30, 16.88s/it]                                                                                          Best trial: 114. Best value: 127.842:  13%|█▎        | 131/1000 [37:19<4:04:30, 16.88s/it]Best trial: 114. Best value: 127.842:  13%|█▎        | 131/1000 [37:19<4:04:30, 16.88s/it]Best trial: 114. Best value: 127.842:  13%|█▎        | 132/1000 [37:19<4:03:16, 16.82s/it]                                                                                          Best trial: 114. Best value: 127.842:  13%|█▎        | 132/1000 [37:36<4:03:16, 16.82s/it]Best trial: 114. Best value: 127.842:  13%|█▎        | 132/1000 [37:36<4:03:16, 16.82s/it]Best trial: 114. Best value: 127.842:  13%|█▎        | 133/1000 [37:36<4:02:08, 16.76s/it]                                                                                          Best trial: 114. Best value: 127.842:  13%|█▎        | 133/1000 [37:53<4:02:08, 16.76s/it]Best trial: 114. Best value: 127.842:  13%|█▎        | 133/1000 [37:53<4:02:08, 16.76s/it]Best trial: 114. Best value: 127.842:  13%|█▎        | 134/1000 [37:53<4:02:13, 16.78s/it]                                                                                          Best trial: 114. Best value: 127.842:  13%|█▎        | 134/1000 [38:09<4:02:13, 16.78s/it]Best trial: 114. Best value: 127.842:  13%|█▎        | 134/1000 [38:09<4:02:13, 16.78s/it]Best trial: 114. Best value: 127.842:  14%|█▎        | 135/1000 [38:09<4:00:40, 16.69s/it]                                                                                          Best trial: 114. Best value: 127.842:  14%|█▎        | 135/1000 [38:26<4:00:40, 16.69s/it]Best trial: 114. Best value: 127.842:  14%|█▎        | 135/1000 [38:26<4:00:40, 16.69s/it]Best trial: 114. Best value: 127.842:  14%|█▎        | 136/1000 [38:26<4:00:58, 16.73s/it]                                                                                          Best trial: 114. Best value: 127.842:  14%|█▎        | 136/1000 [38:42<4:00:58, 16.73s/it]Best trial: 114. Best value: 127.842:  14%|█▎        | 136/1000 [38:42<4:00:58, 16.73s/it]Best trial: 114. Best value: 127.842:  14%|█▎        | 137/1000 [38:42<4:00:03, 16.69s/it]                                                                                          Best trial: 114. Best value: 127.842:  14%|█▎        | 137/1000 [38:59<4:00:03, 16.69s/it]Best trial: 137. Best value: 127.591:  14%|█▎        | 137/1000 [38:59<4:00:03, 16.69s/it]Best trial: 137. Best value: 127.591:  14%|█▍        | 138/1000 [38:59<3:59:55, 16.70s/it]                                                                                          Best trial: 137. Best value: 127.591:  14%|█▍        | 138/1000 [39:16<3:59:55, 16.70s/it]Best trial: 137. Best value: 127.591:  14%|█▍        | 138/1000 [39:16<3:59:55, 16.70s/it]Best trial: 137. Best value: 127.591:  14%|█▍        | 139/1000 [39:16<4:00:19, 16.75s/it]                                                                                          Best trial: 137. Best value: 127.591:  14%|█▍        | 139/1000 [39:33<4:00:19, 16.75s/it]Best trial: 137. Best value: 127.591:  14%|█▍        | 139/1000 [39:33<4:00:19, 16.75s/it]Best trial: 137. Best value: 127.591:  14%|█▍        | 140/1000 [39:33<4:00:06, 16.75s/it]                                                                                          Best trial: 137. Best value: 127.591:  14%|█▍        | 140/1000 [39:50<4:00:06, 16.75s/it]Best trial: 137. Best value: 127.591:  14%|█▍        | 140/1000 [39:50<4:00:06, 16.75s/it]Best trial: 137. Best value: 127.591:  14%|█▍        | 141/1000 [39:50<3:59:53, 16.76s/it]                                                                                          Best trial: 137. Best value: 127.591:  14%|█▍        | 141/1000 [40:06<3:59:53, 16.76s/it]Best trial: 137. Best value: 127.591:  14%|█▍        | 141/1000 [40:06<3:59:53, 16.76s/it]Best trial: 137. Best value: 127.591:  14%|█▍        | 142/1000 [40:06<3:59:15, 16.73s/it]                                                                                          Best trial: 137. Best value: 127.591:  14%|█▍        | 142/1000 [40:23<3:59:15, 16.73s/it]Best trial: 137. Best value: 127.591:  14%|█▍        | 142/1000 [40:23<3:59:15, 16.73s/it]Best trial: 137. Best value: 127.591:  14%|█▍        | 143/1000 [40:23<3:58:40, 16.71s/it]                                                                                          Best trial: 137. Best value: 127.591:  14%|█▍        | 143/1000 [40:39<3:58:40, 16.71s/it]Best trial: 137. Best value: 127.591:  14%|█▍        | 143/1000 [40:39<3:58:40, 16.71s/it]Best trial: 137. Best value: 127.591:  14%|█▍        | 144/1000 [40:39<3:57:49, 16.67s/it]                                                                                          Best trial: 137. Best value: 127.591:  14%|█▍        | 144/1000 [40:56<3:57:49, 16.67s/it]Best trial: 137. Best value: 127.591:  14%|█▍        | 144/1000 [40:56<3:57:49, 16.67s/it]Best trial: 137. Best value: 127.591:  14%|█▍        | 145/1000 [40:56<3:57:20, 16.66s/it]                                                                                          Best trial: 137. Best value: 127.591:  14%|█▍        | 145/1000 [41:13<3:57:20, 16.66s/it]Best trial: 137. Best value: 127.591:  14%|█▍        | 145/1000 [41:13<3:57:20, 16.66s/it]Best trial: 137. Best value: 127.591:  15%|█▍        | 146/1000 [41:13<3:57:59, 16.72s/it]                                                                                          Best trial: 137. Best value: 127.591:  15%|█▍        | 146/1000 [41:30<3:57:59, 16.72s/it]Best trial: 137. Best value: 127.591:  15%|█▍        | 146/1000 [41:30<3:57:59, 16.72s/it]Best trial: 137. Best value: 127.591:  15%|█▍        | 147/1000 [41:30<3:57:56, 16.74s/it]                                                                                          
[I 2026-04-01 12:22:34,436] Trial 127 finished with value: 169.8052285127819 and parameters: {'alpha_0': 0.002182616333412776, 'alpha_1': 5.708492441875613e-05, 'alpha_2': 0.0001141313070975226, 'beta_0': 0.22201626699909965, 'beta_1': 14.646801897018397, 'beta_2': 0.24171194532154658, 'beta_3': 5.2953944372869115, 'beta_4': 31.958419101697363}. Best is trial 114 with value: 127.84211324922374.
[I 2026-04-01 12:22:51,224] Trial 128 finished with value: 130.01235054664704 and parameters: {'alpha_0': 0.002072426307017019, 'alpha_1': 5.004104214744399e-05, 'alpha_2': 0.0001115790292807808, 'beta_0': 0.11758166963846076, 'beta_1': 14.393785794586167, 'beta_2': 0.24432891931576697, 'beta_3': 4.8549605422127575, 'beta_4': 34.4433686721335}. Best is trial 114 with value: 127.84211324922374.
[I 2026-04-01 12:23:08,131] Trial 129 finished with value: 137.84019580291115 and parameters: {'alpha_0': 0.0023423828504358208, 'alpha_1': 5.958054155008122e-05, 'alpha_2': 0.00011682126911144497, 'beta_0': 0.10848150477512529, 'beta_1': 14.796173587319771, 'beta_2': 0.23796147214283578, 'beta_3': 5.742980292458561, 'beta_4': 33.469083703788094}. Best is trial 114 with value: 127.84211324922374.
[I 2026-04-01 12:23:24,845] Trial 130 finished with value: 134.02576550424743 and parameters: {'alpha_0': 0.0021512152746803537, 'alpha_1': 5.527857446178813e-05, 'alpha_2': 9.966138488808189e-05, 'beta_0': 0.1007536705288009, 'beta_1': 14.5795694943054, 'beta_2': 0.23943137209463639, 'beta_3': 5.375380361022567, 'beta_4': 32.528721940017704}. Best is trial 114 with value: 127.84211324922374.
[I 2026-04-01 12:23:41,507] Trial 131 finished with value: 128.4539613452956 and parameters: {'alpha_0': 0.002249851029480104, 'alpha_1': 5.0161241220006056e-05, 'alpha_2': 0.0001085932420495555, 'beta_0': 0.1062459860014449, 'beta_1': 14.775746396180827, 'beta_2': 0.23634050339953647, 'beta_3': 5.501887140952694, 'beta_4': 30.695920286652637}. Best is trial 114 with value: 127.84211324922374.
[I 2026-04-01 12:23:58,126] Trial 132 finished with value: 131.62595002203162 and parameters: {'alpha_0': 0.0022460174191915473, 'alpha_1': 5.4439078403108955e-05, 'alpha_2': 0.0001021340736061221, 'beta_0': 0.09715503364581242, 'beta_1': 14.980810601772273, 'beta_2': 0.23656696059194782, 'beta_3': 5.611144333949554, 'beta_4': 31.513334818420855}. Best is trial 114 with value: 127.84211324922374.
[I 2026-04-01 12:24:14,966] Trial 133 finished with value: 265.5504872273415 and parameters: {'alpha_0': 0.002195020368783876, 'alpha_1': 0.00013545181878154514, 'alpha_2': 0.0001100249095098999, 'beta_0': 0.1044652426927347, 'beta_1': 14.088373313709788, 'beta_2': 0.23382511860938116, 'beta_3': 5.5299171800191065, 'beta_4': 32.992291688858025}. Best is trial 114 with value: 127.84211324922374.
[I 2026-04-01 12:24:31,455] Trial 134 finished with value: 130.35075405895438 and parameters: {'alpha_0': 0.0020601638742790535, 'alpha_1': 5.210633493932406e-05, 'alpha_2': 0.00010419113266245964, 'beta_0': 0.09180325595704575, 'beta_1': 14.377268977900563, 'beta_2': 0.22936262068243393, 'beta_3': 5.254037550555101, 'beta_4': 30.53424915918051}. Best is trial 114 with value: 127.84211324922374.
[I 2026-04-01 12:24:48,284] Trial 135 finished with value: 135.19864049559794 and parameters: {'alpha_0': 0.002295298423835085, 'alpha_1': 5.67569824090529e-05, 'alpha_2': 0.0001078534100303801, 'beta_0': 0.1071380415386414, 'beta_1': 14.663219274422172, 'beta_2': 0.23868773713266037, 'beta_3': 5.067967091998355, 'beta_4': 30.946543191256342}. Best is trial 114 with value: 127.84211324922374.
[I 2026-04-01 12:25:04,871] Trial 136 finished with value: 129.32156086626975 and parameters: {'alpha_0': 0.002141967988996747, 'alpha_1': 5.19215861134318e-05, 'alpha_2': 0.00011254988303172096, 'beta_0': 0.10057537132703719, 'beta_1': 14.809315721965637, 'beta_2': 0.2420352090345401, 'beta_3': 5.793967531607738, 'beta_4': 32.07755170549794}. Best is trial 114 with value: 127.84211324922374.
[I 2026-04-01 12:25:21,594] Trial 137 finished with value: 127.59091900463008 and parameters: {'alpha_0': 0.002216303632029861, 'alpha_1': 5.029162182962872e-05, 'alpha_2': 0.00010669469368730822, 'beta_0': 0.11338125496975708, 'beta_1': 14.45888415184516, 'beta_2': 0.23501623055676937, 'beta_3': 5.40910410785612, 'beta_4': 29.352974808461298}. Best is trial 137 with value: 127.59091900463008.
[I 2026-04-01 12:25:38,452] Trial 138 finished with value: 127.93654507792868 and parameters: {'alpha_0': 0.0023629983649457666, 'alpha_1': 5.003292472352289e-05, 'alpha_2': 0.000106555630389389, 'beta_0': 0.11261606204303257, 'beta_1': 14.996752319143626, 'beta_2': 0.2352146120584806, 'beta_3': 5.403785212551363, 'beta_4': 29.634062464342858}. Best is trial 137 with value: 127.59091900463008.
[I 2026-04-01 12:25:55,213] Trial 139 finished with value: 132.47777007547526 and parameters: {'alpha_0': 0.0023550291803824627, 'alpha_1': 5.462831688846008e-05, 'alpha_2': 0.00010670351541108208, 'beta_0': 0.1174601334323453, 'beta_1': 14.976751668289145, 'beta_2': 0.23639282431630393, 'beta_3': 5.407588134793077, 'beta_4': 29.475478546761757}. Best is trial 137 with value: 127.59091900463008.
[I 2026-04-01 12:26:11,981] Trial 140 finished with value: 136.44457756914608 and parameters: {'alpha_0': 0.0023082151332958264, 'alpha_1': 5.7356126771175674e-05, 'alpha_2': 0.00011089606095186778, 'beta_0': 0.10838129997983614, 'beta_1': 14.586461402381854, 'beta_2': 0.23494903355129837, 'beta_3': 4.914710795404863, 'beta_4': 30.098945005326087}. Best is trial 137 with value: 127.59091900463008.
[I 2026-04-01 12:26:28,653] Trial 141 finished with value: 129.59433333628434 and parameters: {'alpha_0': 0.002456262773769975, 'alpha_1': 5.0207545788012294e-05, 'alpha_2': 0.00010888675831606305, 'beta_0': 0.11577976031995194, 'beta_1': 14.52070466794143, 'beta_2': 0.23986275016784558, 'beta_3': 5.563797545182366, 'beta_4': 30.56330267614159}. Best is trial 137 with value: 127.59091900463008.
[I 2026-04-01 12:26:45,315] Trial 142 finished with value: 132.3663328982051 and parameters: {'alpha_0': 0.0023888615259855537, 'alpha_1': 5.329703653986144e-05, 'alpha_2': 0.0001065303185710684, 'beta_0': 0.11175421399777699, 'beta_1': 14.780413783846114, 'beta_2': 0.231223464662455, 'beta_3': 5.237084846358679, 'beta_4': 31.415592479122832}. Best is trial 137 with value: 127.59091900463008.
[I 2026-04-01 12:27:01,893] Trial 143 finished with value: 128.89048470013478 and parameters: {'alpha_0': 0.002244020837681672, 'alpha_1': 5.0099383945801174e-05, 'alpha_2': 0.00010133280555232233, 'beta_0': 0.10327552706577504, 'beta_1': 14.405701899481192, 'beta_2': 0.24105447255430099, 'beta_3': 5.380914523086814, 'beta_4': 29.145188872124216}. Best is trial 137 with value: 127.59091900463008.
[I 2026-04-01 12:27:18,513] Trial 144 finished with value: 131.69131666177103 and parameters: {'alpha_0': 0.002254969173774999, 'alpha_1': 5.2540233149029754e-05, 'alpha_2': 0.00011412217415630723, 'beta_0': 0.1222937210516975, 'beta_1': 14.995487678185254, 'beta_2': 0.24429874585339864, 'beta_3': 5.344486577952579, 'beta_4': 29.304277088765907}. Best is trial 137 with value: 127.59091900463008.
[I 2026-04-01 12:27:35,387] Trial 145 finished with value: 133.18183474309433 and parameters: {'alpha_0': 0.0022255206982936516, 'alpha_1': 5.4257318090142116e-05, 'alpha_2': 0.00011117397905826607, 'beta_0': 0.11358345357647803, 'beta_1': 14.1367092650606, 'beta_2': 0.2408923248142714, 'beta_3': 5.974332574128316, 'beta_4': 30.065344358389318}. Best is trial 137 with value: 127.59091900463008.
[I 2026-04-01 12:27:52,161] Trial 146 finished with value: 131.272415261238 and parameters: {'alpha_0': 0.0022938343663591104, 'alpha_1': 5.239733574489769e-05, 'alpha_2': 0.00010410320518151216, 'beta_0': 0.1026070377859896, 'beta_1': 14.649922421514523, 'beta_2': 0.24682432136043683, 'beta_3': 5.120784737405011, 'beta_4': 33.03583538559267}. Best is trial 137 with value: 127.59091900463008.
