[I 2026-04-01 14:07:17,340] Trial 504 finished with value: 128.39955011942834 and parameters: {'alpha_0': 0.0009391570822868597, 'alpha_1': 5.1949895917168036e-05, 'alpha_2': 0.00011492742437051935, 'beta_0': 0.0582437832664676, 'beta_1': 14.815282917728666, 'beta_2': 0.19342020590627812, 'beta_3': 6.569194287530336, 'beta_4': 42.08965680564756}. Best is trial 486 with value: 126.23432226412109.Best trial: 486. Best value: 126.234:  50%|█████     | 504/1000 [2:20:55<2:17:08, 16.59s/it]Best trial: 486. Best value: 126.234:  50%|█████     | 504/1000 [2:20:55<2:17:08, 16.59s/it]Best trial: 486. Best value: 126.234:  50%|█████     | 505/1000 [2:20:55<2:16:40, 16.57s/it]                                                                                            Best trial: 486. Best value: 126.234:  50%|█████     | 505/1000 [2:21:12<2:16:40, 16.57s/it]Best trial: 486. Best value: 126.234:  50%|█████     | 505/1000 [2:21:12<2:16:40, 16.57s/it]Best trial: 486. Best value: 126.234:  51%|█████     | 506/1000 [2:21:12<2:16:26, 16.57s/it]                                                                                            Best trial: 486. Best value: 126.234:  51%|█████     | 506/1000 [2:21:28<2:16:26, 16.57s/it]Best trial: 486. Best value: 126.234:  51%|█████     | 506/1000 [2:21:28<2:16:26, 16.57s/it]Best trial: 486. Best value: 126.234:  51%|█████     | 507/1000 [2:21:28<2:16:10, 16.57s/it]                                                                                            Best trial: 486. Best value: 126.234:  51%|█████     | 507/1000 [2:21:45<2:16:10, 16.57s/it]Best trial: 486. Best value: 126.234:  51%|█████     | 507/1000 [2:21:45<2:16:10, 16.57s/it]Best trial: 486. Best value: 126.234:  51%|█████     | 508/1000 [2:21:45<2:15:56, 16.58s/it]                                                                                            Best trial: 486. Best value: 126.234:  51%|█████     | 508/1000 [2:22:01<2:15:56, 16.58s/it]Best trial: 486. Best value: 126.234:  51%|█████     | 508/1000 [2:22:01<2:15:56, 16.58s/it]Best trial: 486. Best value: 126.234:  51%|█████     | 509/1000 [2:22:01<2:15:39, 16.58s/it]                                                                                            Best trial: 486. Best value: 126.234:  51%|█████     | 509/1000 [2:22:18<2:15:39, 16.58s/it]Best trial: 486. Best value: 126.234:  51%|█████     | 509/1000 [2:22:18<2:15:39, 16.58s/it]Best trial: 486. Best value: 126.234:  51%|█████     | 510/1000 [2:22:18<2:15:24, 16.58s/it]                                                                                            Best trial: 486. Best value: 126.234:  51%|█████     | 510/1000 [2:22:34<2:15:24, 16.58s/it]Best trial: 486. Best value: 126.234:  51%|█████     | 510/1000 [2:22:34<2:15:24, 16.58s/it]Best trial: 486. Best value: 126.234:  51%|█████     | 511/1000 [2:22:34<2:15:17, 16.60s/it]                                                                                            Best trial: 486. Best value: 126.234:  51%|█████     | 511/1000 [2:22:51<2:15:17, 16.60s/it]Best trial: 486. Best value: 126.234:  51%|█████     | 511/1000 [2:22:51<2:15:17, 16.60s/it]Best trial: 486. Best value: 126.234:  51%|█████     | 512/1000 [2:22:51<2:14:51, 16.58s/it]                                                                                            Best trial: 486. Best value: 126.234:  51%|█████     | 512/1000 [2:23:08<2:14:51, 16.58s/it]Best trial: 486. Best value: 126.234:  51%|█████     | 512/1000 [2:23:08<2:14:51, 16.58s/it]Best trial: 486. Best value: 126.234:  51%|█████▏    | 513/1000 [2:23:08<2:14:26, 16.56s/it]                                                                                            Best trial: 486. Best value: 126.234:  51%|█████▏    | 513/1000 [2:23:24<2:14:26, 16.56s/it]Best trial: 486. Best value: 126.234:  51%|█████▏    | 513/1000 [2:23:24<2:14:26, 16.56s/it]Best trial: 486. Best value: 126.234:  51%|█████▏    | 514/1000 [2:23:24<2:14:16, 16.58s/it]                                                                                            Best trial: 486. Best value: 126.234:  51%|█████▏    | 514/1000 [2:23:41<2:14:16, 16.58s/it]Best trial: 486. Best value: 126.234:  51%|█████▏    | 514/1000 [2:23:41<2:14:16, 16.58s/it]Best trial: 486. Best value: 126.234:  52%|█████▏    | 515/1000 [2:23:41<2:14:02, 16.58s/it]                                                                                            Best trial: 486. Best value: 126.234:  52%|█████▏    | 515/1000 [2:23:57<2:14:02, 16.58s/it]Best trial: 486. Best value: 126.234:  52%|█████▏    | 515/1000 [2:23:57<2:14:02, 16.58s/it]Best trial: 486. Best value: 126.234:  52%|█████▏    | 516/1000 [2:23:57<2:13:47, 16.59s/it]                                                                                            Best trial: 486. Best value: 126.234:  52%|█████▏    | 516/1000 [2:24:14<2:13:47, 16.59s/it]Best trial: 486. Best value: 126.234:  52%|█████▏    | 516/1000 [2:24:14<2:13:47, 16.59s/it]Best trial: 486. Best value: 126.234:  52%|█████▏    | 517/1000 [2:24:14<2:13:35, 16.60s/it]                                                                                            Best trial: 486. Best value: 126.234:  52%|█████▏    | 517/1000 [2:24:31<2:13:35, 16.60s/it]Best trial: 486. Best value: 126.234:  52%|█████▏    | 517/1000 [2:24:31<2:13:35, 16.60s/it]Best trial: 486. Best value: 126.234:  52%|█████▏    | 518/1000 [2:24:31<2:13:20, 16.60s/it]                                                                                            Best trial: 486. Best value: 126.234:  52%|█████▏    | 518/1000 [2:24:47<2:13:20, 16.60s/it]Best trial: 486. Best value: 126.234:  52%|█████▏    | 518/1000 [2:24:47<2:13:20, 16.60s/it]Best trial: 486. Best value: 126.234:  52%|█████▏    | 519/1000 [2:24:47<2:12:59, 16.59s/it]                                                                                            Best trial: 486. Best value: 126.234:  52%|█████▏    | 519/1000 [2:25:04<2:12:59, 16.59s/it]Best trial: 486. Best value: 126.234:  52%|█████▏    | 519/1000 [2:25:04<2:12:59, 16.59s/it]Best trial: 486. Best value: 126.234:  52%|█████▏    | 520/1000 [2:25:04<2:12:44, 16.59s/it]                                                                                            Best trial: 486. Best value: 126.234:  52%|█████▏    | 520/1000 [2:25:20<2:12:44, 16.59s/it]Best trial: 486. Best value: 126.234:  52%|█████▏    | 520/1000 [2:25:20<2:12:44, 16.59s/it]Best trial: 486. Best value: 126.234:  52%|█████▏    | 521/1000 [2:25:20<2:12:43, 16.63s/it]                                                                                            Best trial: 486. Best value: 126.234:  52%|█████▏    | 521/1000 [2:25:37<2:12:43, 16.63s/it]Best trial: 486. Best value: 126.234:  52%|█████▏    | 521/1000 [2:25:37<2:12:43, 16.63s/it]Best trial: 486. Best value: 126.234:  52%|█████▏    | 522/1000 [2:25:37<2:12:47, 16.67s/it]                                                                                            Best trial: 486. Best value: 126.234:  52%|█████▏    | 522/1000 [2:25:54<2:12:47, 16.67s/it]Best trial: 486. Best value: 126.234:  52%|█████▏    | 522/1000 [2:25:54<2:12:47, 16.67s/it]Best trial: 486. Best value: 126.234:  52%|█████▏    | 523/1000 [2:25:54<2:12:49, 16.71s/it]                                                                                            Best trial: 486. Best value: 126.234:  52%|█████▏    | 523/1000 [2:26:11<2:12:49, 16.71s/it]Best trial: 486. Best value: 126.234:  52%|█████▏    | 523/1000 [2:26:11<2:12:49, 16.71s/it]Best trial: 486. Best value: 126.234:  52%|█████▏    | 524/1000 [2:26:11<2:12:18, 16.68s/it]                                                                                            Best trial: 486. Best value: 126.234:  52%|█████▏    | 524/1000 [2:26:27<2:12:18, 16.68s/it]Best trial: 524. Best value: 126.142:  52%|█████▏    | 524/1000 [2:26:27<2:12:18, 16.68s/it]Best trial: 524. Best value: 126.142:  52%|█████▎    | 525/1000 [2:26:27<2:11:47, 16.65s/it]                                                                                            
[I 2026-04-01 14:07:33,925] Trial 505 finished with value: 129.2146637786869 and parameters: {'alpha_0': 0.0008699557626093492, 'alpha_1': 5.365802824447417e-05, 'alpha_2': 0.00011559839280972199, 'beta_0': 0.07399338868733549, 'beta_1': 14.434428527933827, 'beta_2': 0.19387147929244578, 'beta_3': 7.0394845927233325, 'beta_4': 43.19836232393963}. Best is trial 486 with value: 126.23432226412109.
[I 2026-04-01 14:07:50,497] Trial 506 finished with value: 128.32168376769997 and parameters: {'alpha_0': 0.0009243346903374431, 'alpha_1': 5.2090709315532076e-05, 'alpha_2': 0.0001151228559077978, 'beta_0': 0.07074700524496419, 'beta_1': 14.67326419905377, 'beta_2': 0.1914653731685806, 'beta_3': 6.660278865457599, 'beta_4': 43.93611633465951}. Best is trial 486 with value: 126.23432226412109.
[I 2026-04-01 14:08:07,085] Trial 507 finished with value: 127.59110486797829 and parameters: {'alpha_0': 0.0008485391029782088, 'alpha_1': 5.0108567771901795e-05, 'alpha_2': 0.00011413615900502217, 'beta_0': 0.07564907926869377, 'beta_1': 14.30415394758426, 'beta_2': 0.18609053908295328, 'beta_3': 6.725700713939915, 'beta_4': 43.51817719600413}. Best is trial 486 with value: 126.23432226412109.
[I 2026-04-01 14:08:23,666] Trial 508 finished with value: 130.7637775714508 and parameters: {'alpha_0': 0.0008944396381206646, 'alpha_1': 5.531394893805691e-05, 'alpha_2': 0.00011622982407138282, 'beta_0': 0.07431344432555317, 'beta_1': 14.82585432007885, 'beta_2': 0.186792851833791, 'beta_3': 6.543272546610856, 'beta_4': 43.53714976025197}. Best is trial 486 with value: 126.23432226412109.
[I 2026-04-01 14:08:40,251] Trial 509 finished with value: 127.83056624122004 and parameters: {'alpha_0': 0.0009547326301303452, 'alpha_1': 5.173726524519136e-05, 'alpha_2': 0.00011342446515856514, 'beta_0': 0.07701836255941007, 'beta_1': 14.525909049185193, 'beta_2': 0.18988734736528448, 'beta_3': 6.830756670280571, 'beta_4': 41.980329840872294}. Best is trial 486 with value: 126.23432226412109.
[I 2026-04-01 14:08:56,895] Trial 510 finished with value: 126.63284634315974 and parameters: {'alpha_0': 0.0007918187878247842, 'alpha_1': 5.006912873502198e-05, 'alpha_2': 0.00011614008306573873, 'beta_0': 0.06673485192809867, 'beta_1': 14.997674201546127, 'beta_2': 0.1844914756100881, 'beta_3': 6.53843687989116, 'beta_4': 44.26002600081764}. Best is trial 486 with value: 126.23432226412109.
[I 2026-04-01 14:09:13,433] Trial 511 finished with value: 235.897923201382 and parameters: {'alpha_0': 0.0007861137731485656, 'alpha_1': 0.00012293808929213576, 'alpha_2': 0.00011559254236513826, 'beta_0': 0.06127503848999799, 'beta_1': 14.986675631726595, 'beta_2': 0.18397660864994886, 'beta_3': 6.634046972127009, 'beta_4': 43.51202865325296}. Best is trial 486 with value: 126.23432226412109.
[I 2026-04-01 14:09:29,955] Trial 512 finished with value: 203.85782328401115 and parameters: {'alpha_0': 0.0006903378351358397, 'alpha_1': 0.00010460063300691458, 'alpha_2': 0.0001136525002333888, 'beta_0': 0.06648777253253121, 'beta_1': 14.848198767965116, 'beta_2': 0.18411691086341955, 'beta_3': 6.729476837598963, 'beta_4': 43.648582425861875}. Best is trial 486 with value: 126.23432226412109.
[I 2026-04-01 14:09:46,568] Trial 513 finished with value: 129.29163387209638 and parameters: {'alpha_0': 0.0007520372737196072, 'alpha_1': 5.361675057801533e-05, 'alpha_2': 0.000116624690688784, 'beta_0': 0.07875348401384788, 'beta_1': 14.708765185062498, 'beta_2': 0.18537167858530376, 'beta_3': 6.513530387194075, 'beta_4': 44.81672658719781}. Best is trial 486 with value: 126.23432226412109.
[I 2026-04-01 14:10:03,158] Trial 514 finished with value: 131.70847791073146 and parameters: {'alpha_0': 0.0008025291372206017, 'alpha_1': 5.70394850335755e-05, 'alpha_2': 0.00011263464768630894, 'beta_0': 0.06545251129082653, 'beta_1': 14.996917715879604, 'beta_2': 0.18840617832826642, 'beta_3': 6.531272722169754, 'beta_4': 45.36094243459445}. Best is trial 486 with value: 126.23432226412109.
[I 2026-04-01 14:10:19,756] Trial 515 finished with value: 127.57007596467739 and parameters: {'alpha_0': 0.0007230780186780916, 'alpha_1': 5.00529633996252e-05, 'alpha_2': 0.00011995735677079293, 'beta_0': 0.07060424573679254, 'beta_1': 14.338497444511582, 'beta_2': 0.18315611657549946, 'beta_3': 6.481763957027371, 'beta_4': 46.570536351909205}. Best is trial 486 with value: 126.23432226412109.
[I 2026-04-01 14:10:36,371] Trial 516 finished with value: 127.81349616473842 and parameters: {'alpha_0': 0.000828466738622508, 'alpha_1': 5.216573784799973e-05, 'alpha_2': 0.00011514442687672483, 'beta_0': 0.07962868677228123, 'beta_1': 14.658782502906321, 'beta_2': 0.1817910350654368, 'beta_3': 6.625680694505825, 'beta_4': 42.95130059125681}. Best is trial 486 with value: 126.23432226412109.
[I 2026-04-01 14:10:52,975] Trial 517 finished with value: 127.81742477357689 and parameters: {'alpha_0': 0.0007679755757183317, 'alpha_1': 5.183232412418629e-05, 'alpha_2': 6.931056021460898e-05, 'beta_0': 0.07413459758626763, 'beta_1': 14.526504355267042, 'beta_2': 0.18543853113156822, 'beta_3': 6.871776275099566, 'beta_4': 44.25999274672599}. Best is trial 486 with value: 126.23432226412109.
[I 2026-04-01 14:11:09,545] Trial 518 finished with value: 130.09001495095129 and parameters: {'alpha_0': 0.0006687377103437257, 'alpha_1': 5.3636932369502174e-05, 'alpha_2': 8.850075238290761e-05, 'beta_0': 0.08024808573843913, 'beta_1': 14.24905832919562, 'beta_2': 0.18841270587843623, 'beta_3': 6.752457601806693, 'beta_4': 44.32432404674974}. Best is trial 486 with value: 126.23432226412109.
[I 2026-04-01 14:11:26,145] Trial 519 finished with value: 130.72221199248696 and parameters: {'alpha_0': 0.0007292717349943749, 'alpha_1': 5.511346379605688e-05, 'alpha_2': 7.624057368298226e-05, 'beta_0': 0.06319525229818351, 'beta_1': 14.830747824087478, 'beta_2': 0.18243812294235134, 'beta_3': 6.4673325981728365, 'beta_4': 44.99550901215566}. Best is trial 486 with value: 126.23432226412109.
[I 2026-04-01 14:11:42,849] Trial 520 finished with value: 127.00581317580468 and parameters: {'alpha_0': 0.000797887753668805, 'alpha_1': 5.004300538979463e-05, 'alpha_2': 0.00011693253965856612, 'beta_0': 0.07029161138961888, 'beta_1': 14.454786123948953, 'beta_2': 0.1922295263209458, 'beta_3': 6.990770516340565, 'beta_4': 41.45800533988096}. Best is trial 486 with value: 126.23432226412109.
[I 2026-04-01 14:11:59,616] Trial 521 finished with value: 128.27476687832205 and parameters: {'alpha_0': 0.0007808291802384876, 'alpha_1': 5.1781136558819135e-05, 'alpha_2': 0.00011442824276802917, 'beta_0': 0.0686767580826907, 'beta_1': 14.246181863898281, 'beta_2': 0.1926728492342358, 'beta_3': 6.948499136597303, 'beta_4': 42.005259861689254}. Best is trial 486 with value: 126.23432226412109.
[I 2026-04-01 14:12:16,418] Trial 522 finished with value: 127.49644637460347 and parameters: {'alpha_0': 0.0008364921929902513, 'alpha_1': 5.001964701983322e-05, 'alpha_2': 0.00011692536514838174, 'beta_0': 0.057320180659103825, 'beta_1': 14.436358880026258, 'beta_2': 0.1930003481518297, 'beta_3': 6.943050805152205, 'beta_4': 42.486443369123656}. Best is trial 486 with value: 126.23432226412109.
[I 2026-04-01 14:12:33,020] Trial 523 finished with value: 130.22126206605975 and parameters: {'alpha_0': 0.0007951507025648042, 'alpha_1': 5.334191195595203e-05, 'alpha_2': 0.00011560492143544589, 'beta_0': 0.06938979049584143, 'beta_1': 14.149864765608287, 'beta_2': 0.1891543471043069, 'beta_3': 6.6623546068744, 'beta_4': 41.162380457471315}. Best is trial 486 with value: 126.23432226412109.
[I 2026-04-01 14:12:49,600] Trial 524 finished with value: 126.14243661523494 and parameters: {'alpha_0': 0.0007250895140018414, 'alpha_1': 5.008977454962036e-05, 'alpha_2': 0.00011308424142570621, 'beta_0': 0.07329938132395092, 'beta_1': 14.534049835793889, 'beta_2': 0.19141217307961217, 'beta_3': 7.165745195691702, 'beta_4': 41.52916567412473}. Best is trial 524 with value: 126.14243661523494.
