[I 2026-04-01 15:51:50,062] Trial 884 finished with value: 1000000.0 and parameters: {'alpha_0': 0.0005608680946294935, 'alpha_1': 5.179586298076573e-05, 'alpha_2': 0.00010085870331931399, 'beta_0': 0.13005004962036504, 'beta_1': 14.197220122112839, 'beta_2': 0.19022028241275907, 'beta_3': 7.804239424682721, 'beta_4': 45.442907814260046}. Best is trial 713 with value: 124.40682604489682.

⚠ Crash: alpha=[0.0006209263920249781, 5.394165489237646e-05, 0.00010316835824763864], beta=[0.134572769745099, 14.524854909961661, 0.1938947021477587, 7.728234469964716, 46.605888010875404], stderr=/opt/homebrew/Cellar/python@3.13/3.13.3_1/Frameworks/Python.framework/Versions/3.13/Resources/Python.app/Contents/MacOS/Python: can't open file '/Users/dipanwitaguhathakurta/Downloads/inference-sim-pa
[I 2026-04-01 15:51:50,107] Trial 885 finished with value: 1000000.0 and parameters: {'alpha_0': 0.0006209263920249781, 'alpha_1': 5.394165489237646e-05, 'alpha_2': 0.00010316835824763864, 'beta_0': 0.134572769745099, 'beta_1': 14.524854909961661, 'beta_2': 0.1938947021477587, 'beta_3': 7.728234469964716, 'beta_4': 46.605888010875404}. Best is trial 713 with value: 124.40682604489682.

⚠ Crash: alpha=[0.0007092373703991761, 5.174789004242545e-05, 0.00010607756850252112], beta=[0.1272649997720811, 14.613424583445711, 0.1960173662170138, 7.988067004659853, 44.190945988147355], stderr=/opt/homebrew/Cellar/python@3.13/3.13.3_1/Frameworks/Python.framework/Versions/3.13/Resources/Python.app/Contents/MacOS/Python: can't open file '/Users/dipanwitaguhathakurta/Downloads/inference-sim-pa
[I 2026-04-01 15:51:50,157] Trial 886 finished with value: 1000000.0 and parameters: {'alpha_0': 0.0007092373703991761, 'alpha_1': 5.174789004242545e-05, 'alpha_2': 0.00010607756850252112, 'beta_0': 0.1272649997720811, 'beta_1': 14.613424583445711, 'beta_2': 0.1960173662170138, 'beta_3': 7.988067004659853, 'beta_4': 44.190945988147355}. Best is trial 713 with value: 124.40682604489682.

⚠ Crash: alpha=[0.0005525108157902797, 5.71158058975104e-05, 9.890295711080785e-05], beta=[0.13839280417162278, 14.423193734446732, 0.19176271286473157, 7.837542711116397, 45.85538694462206], stderr=/opt/homebrew/Cellar/python@3.13/3.13.3_1/Frameworks/Python.framework/Versions/3.13/Resources/Python.app/Contents/MacOS/Python: can't open file '/Users/dipanwitaguhathakurta/Downloads/inference-sim-pa
[I 2026-04-01 15:51:50,208] Trial 887 finished with value: 1000000.0 and parameters: {'alpha_0': 0.0005525108157902797, 'alpha_1': 5.71158058975104e-05, 'alpha_2': 9.890295711080785e-05, 'beta_0': 0.13839280417162278, 'beta_1': 14.423193734446732, 'beta_2': 0.19176271286473157, 'beta_3': 7.837542711116397, 'beta_4': 45.85538694462206}. Best is trial 713 with value: 124.40682604489682.

⚠ Crash: alpha=[0.0005955655095999162, 5.412680094625909e-05, 0.000101032517235038], beta=[0.14892140300763773, 14.667969133528496, 0.19351278758064003, 7.9934339715733955, 47.08208313012907], stderr=/opt/homebrew/Cellar/python@3.13/3.13.3_1/Frameworks/Python.framework/Versions/3.13/Resources/Python.app/Contents/MacOS/Python: can't open file '/Users/dipanwitaguhathakurta/Downloads/inference-sim-pa
[I 2026-04-01 15:51:50,255] Trial 888 finished with value: 1000000.0 and parameters: {'alpha_0': 0.0005955655095999162, 'alpha_1': 5.412680094625909e-05, 'alpha_2': 0.000101032517235038, 'beta_0': 0.14892140300763773, 'beta_1': 14.667969133528496, 'beta_2': 0.19351278758064003, 'beta_3': 7.9934339715733955, 'beta_4': 47.08208313012907}. Best is trial 713 with value: 124.40682604489682.

⚠ Crash: alpha=[0.0006409733775043163, 5.180199061655264e-05, 0.00010422194748483898], beta=[0.14040783048316016, 14.685319572139928, 0.19605263355560712, 7.615873133579318, 45.17221536721117], stderr=/opt/homebrew/Cellar/python@3.13/3.13.3_1/Frameworks/Python.framework/Versions/3.13/Resources/Python.app/Contents/MacOS/Python: can't open file '/Users/dipanwitaguhathakurta/Downloads/inference-sim-pa
[I 2026-04-01 15:51:50,305] Trial 889 finished with value: 1000000.0 and parameters: {'alpha_0': 0.0006409733775043163, 'alpha_1': 5.180199061655264e-05, 'alpha_2': 0.00010422194748483898, 'beta_0': 0.14040783048316016, 'beta_1': 14.685319572139928, 'beta_2': 0.19605263355560712, 'beta_3': 7.615873133579318, 'beta_4': 45.17221536721117}. Best is trial 713 with value: 124.40682604489682.

⚠ Crash: alpha=[0.000547886739937552, 5.594729227565297e-05, 0.00010253230151492582], beta=[0.12447798575139125, 14.227971097024641, 0.19014397153482399, 7.866467672276769, 46.19223812438542], stderr=/opt/homebrew/Cellar/python@3.13/3.13.3_1/Frameworks/Python.framework/Versions/3.13/Resources/Python.app/Contents/MacOS/Python: can't open file '/Users/dipanwitaguhathakurta/Downloads/inference-sim-pa
[I 2026-04-01 15:51:50,358] Trial 890 finished with value: 1000000.0 and parameters: {'alpha_0': 0.000547886739937552, 'alpha_1': 5.594729227565297e-05, 'alpha_2': 0.00010253230151492582, 'beta_0': 0.12447798575139125, 'beta_1': 14.227971097024641, 'beta_2': 0.19014397153482399, 'beta_3': 7.866467672276769, 'beta_4': 46.19223812438542}. Best is trial 713 with value: 124.40682604489682.

⚠ Crash: alpha=[0.0006738267360021998, 5.1767619906460915e-05, 0.0001072382938343691], beta=[0.13198541494448407, 11.467385503074501, 0.19237844382563196, 7.4674696389058575, 46.65294394891895], stderr=/opt/homebrew/Cellar/python@3.13/3.13.3_1/Frameworks/Python.framework/Versions/3.13/Resources/Python.app/Contents/MacOS/Python: can't open file '/Users/dipanwitaguhathakurta/Downloads/inference-sim-pa                                                                                          Best trial: 713. Best value: 124.407:  89%|████████▉ | 891/1000 [4:05:28<02:21,  1.30s/it]Best trial: 713. Best value: 124.407:  89%|████████▉ | 891/1000 [4:05:28<02:21,  1.30s/it]                                                                                          Best trial: 713. Best value: 124.407:  89%|████████▉ | 892/1000 [4:05:28<02:20,  1.30s/it]Best trial: 713. Best value: 124.407:  89%|████████▉ | 892/1000 [4:05:28<02:20,  1.30s/it]Best trial: 713. Best value: 124.407:  89%|████████▉ | 893/1000 [4:05:28<01:42,  1.04it/s]                                                                                          Best trial: 713. Best value: 124.407:  89%|████████▉ | 893/1000 [4:05:28<01:42,  1.04it/s]Best trial: 713. Best value: 124.407:  89%|████████▉ | 893/1000 [4:05:28<01:42,  1.04it/s]                                                                                          Best trial: 713. Best value: 124.407:  89%|████████▉ | 894/1000 [4:05:28<01:41,  1.04it/s]Best trial: 713. Best value: 124.407:  89%|████████▉ | 894/1000 [4:05:28<01:41,  1.04it/s]Best trial: 713. Best value: 124.407:  90%|████████▉ | 895/1000 [4:05:28<01:14,  1.42it/s]                                                                                          Best trial: 713. Best value: 124.407:  90%|████████▉ | 895/1000 [4:05:28<01:14,  1.42it/s]Best trial: 713. Best value: 124.407:  90%|████████▉ | 895/1000 [4:05:28<01:14,  1.42it/s]                                                                                          Best trial: 713. Best value: 124.407:  90%|████████▉ | 896/1000 [4:05:28<01:13,  1.42it/s]Best trial: 713. Best value: 124.407:  90%|████████▉ | 896/1000 [4:05:28<01:13,  1.42it/s]Best trial: 713. Best value: 124.407:  90%|████████▉ | 897/1000 [4:05:28<00:53,  1.93it/s]                                                                                          Best trial: 713. Best value: 124.407:  90%|████████▉ | 897/1000 [4:05:28<00:53,  1.93it/s]Best trial: 713. Best value: 124.407:  90%|████████▉ | 897/1000 [4:05:28<00:53,  1.93it/s]                                                                                          Best trial: 713. Best value: 124.407:  90%|████████▉ | 898/1000 [4:05:28<00:52,  1.93it/s]Best trial: 713. Best value: 124.407:  90%|████████▉ | 898/1000 [4:05:28<00:52,  1.93it/s]Best trial: 713. Best value: 124.407:  90%|████████▉ | 899/1000 [4:05:28<00:38,  2.61it/s]                                                                                          Best trial: 713. Best value: 124.407:  90%|████████▉ | 899/1000 [4:05:28<00:38,  2.61it/s]Best trial: 713. Best value: 124.407:  90%|████████▉ | 899/1000 [4:05:28<00:38,  2.61it/s]                                                                                          Best trial: 713. Best value: 124.407:  90%|█████████ | 900/1000 [4:05:28<00:38,  2.61it/s]Best trial: 713. Best value: 124.407:  90%|█████████ | 900/1000 [4:05:28<00:38,  2.61it/s]Best trial: 713. Best value: 124.407:  90%|█████████ | 901/1000 [4:05:28<00:28,  3.49it/s]                                                                                          
[I 2026-04-01 15:51:50,411] Trial 891 finished with value: 1000000.0 and parameters: {'alpha_0': 0.0006738267360021998, 'alpha_1': 5.1767619906460915e-05, 'alpha_2': 0.0001072382938343691, 'beta_0': 0.13198541494448407, 'beta_1': 11.467385503074501, 'beta_2': 0.19237844382563196, 'beta_3': 7.4674696389058575, 'beta_4': 46.65294394891895}. Best is trial 713 with value: 124.40682604489682.

⚠ Crash: alpha=[0.00059918352882489, 5.384446910466644e-05, 0.00010516152422545725], beta=[0.12101174254372969, 14.509558690499519, 0.1973846137355432, 7.7069984485177185, 44.851493958893016], stderr=/opt/homebrew/Cellar/python@3.13/3.13.3_1/Frameworks/Python.framework/Versions/3.13/Resources/Python.app/Contents/MacOS/Python: can't open file '/Users/dipanwitaguhathakurta/Downloads/inference-sim-pa
[I 2026-04-01 15:51:50,466] Trial 892 finished with value: 1000000.0 and parameters: {'alpha_0': 0.00059918352882489, 'alpha_1': 5.384446910466644e-05, 'alpha_2': 0.00010516152422545725, 'beta_0': 0.12101174254372969, 'beta_1': 14.509558690499519, 'beta_2': 0.1973846137355432, 'beta_3': 7.7069984485177185, 'beta_4': 44.851493958893016}. Best is trial 713 with value: 124.40682604489682.

⚠ Crash: alpha=[0.001655630395642822, 5.856074385485653e-05, 9.95223198530556e-05], beta=[0.143914133487175, 14.71506044963557, 0.19446180120956585, 7.995166250343366, 45.93295829422156], stderr=/opt/homebrew/Cellar/python@3.13/3.13.3_1/Frameworks/Python.framework/Versions/3.13/Resources/Python.app/Contents/MacOS/Python: can't open file '/Users/dipanwitaguhathakurta/Downloads/inference-sim-pa
[I 2026-04-01 15:51:50,520] Trial 893 finished with value: 1000000.0 and parameters: {'alpha_0': 0.001655630395642822, 'alpha_1': 5.856074385485653e-05, 'alpha_2': 9.95223198530556e-05, 'beta_0': 0.143914133487175, 'beta_1': 14.71506044963557, 'beta_2': 0.19446180120956585, 'beta_3': 7.995166250343366, 'beta_4': 45.93295829422156}. Best is trial 713 with value: 124.40682604489682.

⚠ Crash: alpha=[0.0006321675529113014, 5.188032616450964e-05, 0.00010320386383521463], beta=[0.12688618991193482, 14.362451953308717, 0.19017675752855462, 7.785976468677363, 47.19425513500237], stderr=/opt/homebrew/Cellar/python@3.13/3.13.3_1/Frameworks/Python.framework/Versions/3.13/Resources/Python.app/Contents/MacOS/Python: can't open file '/Users/dipanwitaguhathakurta/Downloads/inference-sim-pa
[I 2026-04-01 15:51:50,577] Trial 894 finished with value: 1000000.0 and parameters: {'alpha_0': 0.0006321675529113014, 'alpha_1': 5.188032616450964e-05, 'alpha_2': 0.00010320386383521463, 'beta_0': 0.12688618991193482, 'beta_1': 14.362451953308717, 'beta_2': 0.19017675752855462, 'beta_3': 7.785976468677363, 'beta_4': 47.19425513500237}. Best is trial 713 with value: 124.40682604489682.

⚠ Crash: alpha=[0.0005790783236030744, 5.522556768804437e-05, 0.000101018334856897], beta=[0.15591507937721422, 14.671733865888383, 0.19935955565099445, 7.5965070694881565, 45.56096646089422], stderr=/opt/homebrew/Cellar/python@3.13/3.13.3_1/Frameworks/Python.framework/Versions/3.13/Resources/Python.app/Contents/MacOS/Python: can't open file '/Users/dipanwitaguhathakurta/Downloads/inference-sim-pa
[I 2026-04-01 15:51:50,631] Trial 895 finished with value: 1000000.0 and parameters: {'alpha_0': 0.0005790783236030744, 'alpha_1': 5.522556768804437e-05, 'alpha_2': 0.000101018334856897, 'beta_0': 0.15591507937721422, 'beta_1': 14.671733865888383, 'beta_2': 0.19935955565099445, 'beta_3': 7.5965070694881565, 'beta_4': 45.56096646089422}. Best is trial 713 with value: 124.40682604489682.

⚠ Crash: alpha=[0.0007125860535316614, 5.3777840460947586e-05, 7.339299780033337e-05], beta=[0.13355888672084357, 14.524355619360266, 0.19562757157049301, 7.860883283685584, 46.54626643697274], stderr=/opt/homebrew/Cellar/python@3.13/3.13.3_1/Frameworks/Python.framework/Versions/3.13/Resources/Python.app/Contents/MacOS/Python: can't open file '/Users/dipanwitaguhathakurta/Downloads/inference-sim-pa
[I 2026-04-01 15:51:50,689] Trial 896 finished with value: 1000000.0 and parameters: {'alpha_0': 0.0007125860535316614, 'alpha_1': 5.3777840460947586e-05, 'alpha_2': 7.339299780033337e-05, 'beta_0': 0.13355888672084357, 'beta_1': 14.524355619360266, 'beta_2': 0.19562757157049301, 'beta_3': 7.860883283685584, 'beta_4': 46.54626643697274}. Best is trial 713 with value: 124.40682604489682.

⚠ Crash: alpha=[0.0005387751681288351, 5.207075133843475e-05, 0.00010519902767369715], beta=[0.12240376883511009, 14.113040332510355, 0.1932191208414426, 7.764139055148167, 47.097769523055376], stderr=/opt/homebrew/Cellar/python@3.13/3.13.3_1/Frameworks/Python.framework/Versions/3.13/Resources/Python.app/Contents/MacOS/Python: can't open file '/Users/dipanwitaguhathakurta/Downloads/inference-sim-pa
[I 2026-04-01 15:51:50,742] Trial 897 finished with value: 1000000.0 and parameters: {'alpha_0': 0.0005387751681288351, 'alpha_1': 5.207075133843475e-05, 'alpha_2': 0.00010519902767369715, 'beta_0': 0.12240376883511009, 'beta_1': 14.113040332510355, 'beta_2': 0.1932191208414426, 'beta_3': 7.764139055148167, 'beta_4': 47.097769523055376}. Best is trial 713 with value: 124.40682604489682.

⚠ Crash: alpha=[0.0006741644005927839, 5.565822709156218e-05, 0.00010262689819563388], beta=[0.13663404296523404, 12.173636863565902, 0.19704210566645178, 7.66657071675585, 44.848050661738704], stderr=/opt/homebrew/Cellar/python@3.13/3.13.3_1/Frameworks/Python.framework/Versions/3.13/Resources/Python.app/Contents/MacOS/Python: can't open file '/Users/dipanwitaguhathakurta/Downloads/inference-sim-pa
[I 2026-04-01 15:51:50,795] Trial 898 finished with value: 1000000.0 and parameters: {'alpha_0': 0.0006741644005927839, 'alpha_1': 5.565822709156218e-05, 'alpha_2': 0.00010262689819563388, 'beta_0': 0.13663404296523404, 'beta_1': 12.173636863565902, 'beta_2': 0.19704210566645178, 'beta_3': 7.66657071675585, 'beta_4': 44.848050661738704}. Best is trial 713 with value: 124.40682604489682.

⚠ Crash: alpha=[0.0006223094740283664, 5.164679966840139e-05, 9.778364074946965e-05], beta=[0.13003443554278798, 14.733570289158857, 0.19144785878941997, 7.912694760523083, 46.104124450471815], stderr=/opt/homebrew/Cellar/python@3.13/3.13.3_1/Frameworks/Python.framework/Versions/3.13/Resources/Python.app/Contents/MacOS/Python: can't open file '/Users/dipanwitaguhathakurta/Downloads/inference-sim-pa
[I 2026-04-01 15:51:50,850] Trial 899 finished with value: 1000000.0 and parameters: {'alpha_0': 0.0006223094740283664, 'alpha_1': 5.164679966840139e-05, 'alpha_2': 9.778364074946965e-05, 'beta_0': 0.13003443554278798, 'beta_1': 14.733570289158857, 'beta_2': 0.19144785878941997, 'beta_3': 7.912694760523083, 'beta_4': 46.104124450471815}. Best is trial 713 with value: 124.40682604489682.

⚠ Crash: alpha=[0.000586028413661091, 5.3339887405653455e-05, 0.00010701728626673477], beta=[0.12595180380576954, 14.802323186638235, 0.19929458479971207, 7.537787127701489, 34.34536342445432], stderr=/opt/homebrew/Cellar/python@3.13/3.13.3_1/Frameworks/Python.framework/Versions/3.13/Resources/Python.app/Contents/MacOS/Python: can't open file '/Users/dipanwitaguhathakurta/Downloads/inference-sim-pa
[I 2026-04-01 15:51:50,900] Trial 900 finished with value: 1000000.0 and parameters: {'alpha_0': 0.000586028413661091, 'alpha_1': 5.3339887405653455e-05, 'alpha_2': 0.00010701728626673477, 'beta_0': 0.12595180380576954, 'beta_1': 14.802323186638235, 'beta_2': 0.19929458479971207, 'beta_3': 7.537787127701489, 'beta_4': 34.34536342445432}. Best is trial 713 with value: 124.40682604489682.

⚠ Crash: alpha=[0.0005540223383772956, 5.164707156050726e-05, 0.00010122911985653735], beta=[0.10646283205075596, 7.039323968553706, 0.19429684858761623, 7.839882195029378, 46.731137862331025], stderr=/opt/homebrew/Cellar/python@3.13/3.13.3_1/Frameworks/Python.framework/Versions/3.13/Resources/Python.app/Contents/MacOS/Python: can't open file '/Users/dipanwitaguhathakurta/Downloads/inference-sim-pa
[I 2026-04-01 15:51:50,954] Trial 901 finished with value: 1000000.0 and parameters: {'alpha_0': 0.0005540223383772956, 'alpha_1': 5.164707156050726e-05, 'alpha_2': 0.00010122911985653735, 'beta_0': 0.10646283205075596, 'beta_1': 7.039323968553706, 'beta_2': 0.19429684858761623, 'beta_3': 7.839882195029378, 'beta_4': 46.731137862331025}. Best is trial 713 with value: 124.40682604489682.Best trial: 713. Best value: 124.407:  90%|█████████ | 901/1000 [4:05:29<00:28,  3.49it/s]Best trial: 713. Best value: 124.407:  90%|█████████ | 901/1000 [4:05:29<00:28,  3.49it/s]                                                                                          Best trial: 713. Best value: 124.407:  90%|█████████ | 902/1000 [4:05:29<00:28,  3.49it/s]Best trial: 713. Best value: 124.407:  90%|█████████ | 902/1000 [4:05:29<00:28,  3.49it/s]Best trial: 713. Best value: 124.407:  90%|█████████ | 903/1000 [4:05:29<00:21,  4.59it/s]                                                                                          Best trial: 713. Best value: 124.407:  90%|█████████ | 903/1000 [4:05:29<00:21,  4.59it/s]Best trial: 713. Best value: 124.407:  90%|█████████ | 903/1000 [4:05:29<00:21,  4.59it/s]                                                                                          Best trial: 713. Best value: 124.407:  90%|█████████ | 904/1000 [4:05:29<00:20,  4.59it/s]Best trial: 713. Best value: 124.407:  90%|█████████ | 904/1000 [4:05:29<00:20,  4.59it/s]Best trial: 713. Best value: 124.407:  90%|█████████ | 905/1000 [4:05:29<00:16,  5.93it/s]                                                                                          Best trial: 713. Best value: 124.407:  90%|█████████ | 905/1000 [4:05:29<00:16,  5.93it/s]Best trial: 713. Best value: 124.407:  90%|█████████ | 905/1000 [4:05:29<00:16,  5.93it/s]                                                                                          Best trial: 713. Best value: 124.407:  91%|█████████ | 906/1000 [4:05:29<00:15,  5.93it/s]Best trial: 713. Best value: 124.407:  91%|█████████ | 906/1000 [4:05:29<00:15,  5.93it/s]                                                                                          Best trial: 713. Best value: 124.407:  91%|█████████ | 907/1000 [4:05:29<00:15,  5.93it/s]Best trial: 713. Best value: 124.407:  91%|█████████ | 907/1000 [4:05:29<00:15,  5.93it/s]Best trial: 713. Best value: 124.407:  91%|█████████ | 908/1000 [4:05:29<00:11,  8.22it/s]                                                                                          Best trial: 713. Best value: 124.407:  91%|█████████ | 908/1000 [4:05:29<00:11,  8.22it/s]Best trial: 713. Best value: 124.407:  91%|█████████ | 908/1000 [4:05:29<00:11,  8.22it/s]                                                                                          Best trial: 713. Best value: 124.407:  91%|█████████ | 909/1000 [4:05:29<00:11,  8.22it/s]Best trial: 713. Best value: 124.407:  91%|█████████ | 909/1000 [4:05:29<00:11,  8.22it/s]Best trial: 713. Best value: 124.407:  91%|█████████ | 910/1000 [4:05:29<00:09,  9.76it/s]                                                                                          Best trial: 713. Best value: 124.407:  91%|█████████ | 910/1000 [4:05:29<00:09,  9.76it/s]Best trial: 713. Best value: 124.407:  91%|█████████ | 910/1000 [4:05:29<00:09,  9.76it/s]                                                                                          Best trial: 713. Best value: 124.407:  91%|█████████ | 911/1000 [4:05:29<00:09,  9.76it/s]Best trial: 713. Best value: 124.407:  91%|█████████ | 911/1000 [4:05:29<00:09,  9.76it/s]Best trial: 713. Best value: 124.407:  91%|█████████ | 912/1000 [4:05:29<00:07, 11.32it/s]

⚠ Crash: alpha=[0.0006488519040356328, 5.7392850200814335e-05, 0.00010419190199264054], beta=[0.12146949677962605, 14.430390097673165, 0.19215963484754248, 7.430292942112131, 47.36791193734908], stderr=/opt/homebrew/Cellar/python@3.13/3.13.3_1/Frameworks/Python.framework/Versions/3.13/Resources/Python.app/Contents/MacOS/Python: can't open file '/Users/dipanwitaguhathakurta/Downloads/inference-sim-pa
[I 2026-04-01 15:51:51,008] Trial 902 finished with value: 1000000.0 and parameters: {'alpha_0': 0.0006488519040356328, 'alpha_1': 5.7392850200814335e-05, 'alpha_2': 0.00010419190199264054, 'beta_0': 0.12146949677962605, 'beta_1': 14.430390097673165, 'beta_2': 0.19215963484754248, 'beta_3': 7.430292942112131, 'beta_4': 47.36791193734908}. Best is trial 713 with value: 124.40682604489682.

⚠ Crash: alpha=[0.0006036911830034971, 5.4115373791949595e-05, 9.987193151227662e-05], beta=[0.1396350845263601, 14.836695233822764, 0.19620383222089557, 7.993616950772056, 44.49179946056254], stderr=/opt/homebrew/Cellar/python@3.13/3.13.3_1/Frameworks/Python.framework/Versions/3.13/Resources/Python.app/Contents/MacOS/Python: can't open file '/Users/dipanwitaguhathakurta/Downloads/inference-sim-pa
