[I 2026-04-01 13:02:58,467] Trial 273 finished with value: 194.7793940147189 and parameters: {'alpha_0': 0.001327214376320079, 'alpha_1': 9.760876005156242e-05, 'alpha_2': 0.00011283560583072853, 'beta_0': 0.08491104775874457, 'beta_1': 14.684674469925845, 'beta_2': 0.2227929639740726, 'beta_3': 5.477449294611301, 'beta_4': 40.6554893941925}. Best is trial 247 with value: 127.23598630728915.Best trial: 247. Best value: 127.236:  27%|██▋       | 273/1000 [1:16:36<3:21:29, 16.63s/it]Best trial: 247. Best value: 127.236:  27%|██▋       | 273/1000 [1:16:36<3:21:29, 16.63s/it]Best trial: 247. Best value: 127.236:  27%|██▋       | 274/1000 [1:16:36<3:20:35, 16.58s/it]                                                                                            Best trial: 247. Best value: 127.236:  27%|██▋       | 274/1000 [1:16:53<3:20:35, 16.58s/it]Best trial: 247. Best value: 127.236:  27%|██▋       | 274/1000 [1:16:53<3:20:35, 16.58s/it]Best trial: 247. Best value: 127.236:  28%|██▊       | 275/1000 [1:16:53<3:20:04, 16.56s/it]                                                                                            Best trial: 247. Best value: 127.236:  28%|██▊       | 275/1000 [1:17:09<3:20:04, 16.56s/it]Best trial: 247. Best value: 127.236:  28%|██▊       | 275/1000 [1:17:09<3:20:04, 16.56s/it]Best trial: 247. Best value: 127.236:  28%|██▊       | 276/1000 [1:17:09<3:19:42, 16.55s/it]                                                                                            Best trial: 247. Best value: 127.236:  28%|██▊       | 276/1000 [1:17:26<3:19:42, 16.55s/it]Best trial: 247. Best value: 127.236:  28%|██▊       | 276/1000 [1:17:26<3:19:42, 16.55s/it]Best trial: 247. Best value: 127.236:  28%|██▊       | 277/1000 [1:17:26<3:19:24, 16.55s/it]                                                                                            Best trial: 247. Best value: 127.236:  28%|██▊       | 277/1000 [1:17:42<3:19:24, 16.55s/it]Best trial: 247. Best value: 127.236:  28%|██▊       | 277/1000 [1:17:42<3:19:24, 16.55s/it]Best trial: 247. Best value: 127.236:  28%|██▊       | 278/1000 [1:17:42<3:19:03, 16.54s/it]                                                                                            Best trial: 247. Best value: 127.236:  28%|██▊       | 278/1000 [1:17:59<3:19:03, 16.54s/it]Best trial: 247. Best value: 127.236:  28%|██▊       | 278/1000 [1:17:59<3:19:03, 16.54s/it]Best trial: 247. Best value: 127.236:  28%|██▊       | 279/1000 [1:17:59<3:18:42, 16.54s/it]                                                                                            Best trial: 247. Best value: 127.236:  28%|██▊       | 279/1000 [1:18:15<3:18:42, 16.54s/it]Best trial: 247. Best value: 127.236:  28%|██▊       | 279/1000 [1:18:15<3:18:42, 16.54s/it]Best trial: 247. Best value: 127.236:  28%|██▊       | 280/1000 [1:18:15<3:18:29, 16.54s/it]                                                                                            Best trial: 247. Best value: 127.236:  28%|██▊       | 280/1000 [1:18:32<3:18:29, 16.54s/it]Best trial: 247. Best value: 127.236:  28%|██▊       | 280/1000 [1:18:32<3:18:29, 16.54s/it]Best trial: 247. Best value: 127.236:  28%|██▊       | 281/1000 [1:18:32<3:20:39, 16.74s/it]                                                                                            Best trial: 247. Best value: 127.236:  28%|██▊       | 281/1000 [1:18:49<3:20:39, 16.74s/it]Best trial: 247. Best value: 127.236:  28%|██▊       | 281/1000 [1:18:49<3:20:39, 16.74s/it]Best trial: 247. Best value: 127.236:  28%|██▊       | 282/1000 [1:18:49<3:19:55, 16.71s/it]                                                                                            Best trial: 247. Best value: 127.236:  28%|██▊       | 282/1000 [1:19:06<3:19:55, 16.71s/it]Best trial: 247. Best value: 127.236:  28%|██▊       | 282/1000 [1:19:06<3:19:55, 16.71s/it]Best trial: 247. Best value: 127.236:  28%|██▊       | 283/1000 [1:19:06<3:18:48, 16.64s/it]                                                                                            Best trial: 247. Best value: 127.236:  28%|██▊       | 283/1000 [1:19:22<3:18:48, 16.64s/it]Best trial: 247. Best value: 127.236:  28%|██▊       | 283/1000 [1:19:22<3:18:48, 16.64s/it]Best trial: 247. Best value: 127.236:  28%|██▊       | 284/1000 [1:19:22<3:18:13, 16.61s/it]                                                                                            Best trial: 247. Best value: 127.236:  28%|██▊       | 284/1000 [1:19:39<3:18:13, 16.61s/it]Best trial: 247. Best value: 127.236:  28%|██▊       | 284/1000 [1:19:39<3:18:13, 16.61s/it]Best trial: 247. Best value: 127.236:  28%|██▊       | 285/1000 [1:19:39<3:17:46, 16.60s/it]                                                                                            Best trial: 247. Best value: 127.236:  28%|██▊       | 285/1000 [1:19:55<3:17:46, 16.60s/it]Best trial: 247. Best value: 127.236:  28%|██▊       | 285/1000 [1:19:55<3:17:46, 16.60s/it]Best trial: 247. Best value: 127.236:  29%|██▊       | 286/1000 [1:19:55<3:17:35, 16.60s/it]                                                                                            Best trial: 247. Best value: 127.236:  29%|██▊       | 286/1000 [1:20:12<3:17:35, 16.60s/it]Best trial: 247. Best value: 127.236:  29%|██▊       | 286/1000 [1:20:12<3:17:35, 16.60s/it]Best trial: 247. Best value: 127.236:  29%|██▊       | 287/1000 [1:20:12<3:17:36, 16.63s/it]                                                                                            Best trial: 247. Best value: 127.236:  29%|██▊       | 287/1000 [1:20:29<3:17:36, 16.63s/it]Best trial: 247. Best value: 127.236:  29%|██▊       | 287/1000 [1:20:29<3:17:36, 16.63s/it]Best trial: 247. Best value: 127.236:  29%|██▉       | 288/1000 [1:20:29<3:17:27, 16.64s/it]                                                                                            Best trial: 247. Best value: 127.236:  29%|██▉       | 288/1000 [1:20:45<3:17:27, 16.64s/it]Best trial: 247. Best value: 127.236:  29%|██▉       | 288/1000 [1:20:45<3:17:27, 16.64s/it]Best trial: 247. Best value: 127.236:  29%|██▉       | 289/1000 [1:20:45<3:16:49, 16.61s/it]                                                                                            Best trial: 247. Best value: 127.236:  29%|██▉       | 289/1000 [1:21:03<3:16:49, 16.61s/it]Best trial: 247. Best value: 127.236:  29%|██▉       | 289/1000 [1:21:03<3:16:49, 16.61s/it]Best trial: 247. Best value: 127.236:  29%|██▉       | 290/1000 [1:21:03<3:20:22, 16.93s/it]                                                                                            Best trial: 247. Best value: 127.236:  29%|██▉       | 290/1000 [1:21:19<3:20:22, 16.93s/it]Best trial: 247. Best value: 127.236:  29%|██▉       | 290/1000 [1:21:19<3:20:22, 16.93s/it]Best trial: 247. Best value: 127.236:  29%|██▉       | 291/1000 [1:21:19<3:18:50, 16.83s/it]                                                                                            Best trial: 247. Best value: 127.236:  29%|██▉       | 291/1000 [1:21:36<3:18:50, 16.83s/it]Best trial: 247. Best value: 127.236:  29%|██▉       | 291/1000 [1:21:36<3:18:50, 16.83s/it]Best trial: 247. Best value: 127.236:  29%|██▉       | 292/1000 [1:21:36<3:17:28, 16.74s/it]                                                                                            Best trial: 247. Best value: 127.236:  29%|██▉       | 292/1000 [1:21:53<3:17:28, 16.74s/it]Best trial: 247. Best value: 127.236:  29%|██▉       | 292/1000 [1:21:53<3:17:28, 16.74s/it]Best trial: 247. Best value: 127.236:  29%|██▉       | 293/1000 [1:21:53<3:16:36, 16.68s/it]                                                                                            Best trial: 247. Best value: 127.236:  29%|██▉       | 293/1000 [1:22:09<3:16:36, 16.68s/it]Best trial: 247. Best value: 127.236:  29%|██▉       | 293/1000 [1:22:09<3:16:36, 16.68s/it]Best trial: 247. Best value: 127.236:  29%|██▉       | 294/1000 [1:22:09<3:15:57, 16.65s/it]                                                                                            
[I 2026-04-01 13:03:14,979] Trial 274 finished with value: 131.9735891109723 and parameters: {'alpha_0': 0.0012460896341441505, 'alpha_1': 5.52995790826655e-05, 'alpha_2': 0.00011676609912173744, 'beta_0': 0.09115577734800905, 'beta_1': 14.771962052545097, 'beta_2': 0.2209733472013662, 'beta_3': 5.6534641447746035, 'beta_4': 42.30553916465855}. Best is trial 247 with value: 127.23598630728915.
[I 2026-04-01 13:03:31,513] Trial 275 finished with value: 128.33015890112983 and parameters: {'alpha_0': 0.0014224893361293434, 'alpha_1': 5.002495654677561e-05, 'alpha_2': 0.00011485277988411541, 'beta_0': 0.07130936330988874, 'beta_1': 14.509634138252274, 'beta_2': 0.21843865966949175, 'beta_3': 5.777160233554475, 'beta_4': 40.15629227187195}. Best is trial 247 with value: 127.23598630728915.
[I 2026-04-01 13:03:48,057] Trial 276 finished with value: 128.26927525370684 and parameters: {'alpha_0': 0.00107181018007801, 'alpha_1': 5.218943060496979e-05, 'alpha_2': 0.00011216668350651407, 'beta_0': 0.07798686640535452, 'beta_1': 14.992063408110795, 'beta_2': 0.22287318468186157, 'beta_3': 6.059669639497616, 'beta_4': 44.48168426964472}. Best is trial 247 with value: 127.23598630728915.
[I 2026-04-01 13:04:04,586] Trial 277 finished with value: 129.731404730453 and parameters: {'alpha_0': 0.001021413848099478, 'alpha_1': 5.34668566986542e-05, 'alpha_2': 0.00011771547684474145, 'beta_0': 0.08447461969802339, 'beta_1': 14.71288475275354, 'beta_2': 0.2229848692404296, 'beta_3': 5.395710393331757, 'beta_4': 39.45875139491895}. Best is trial 247 with value: 127.23598630728915.
[I 2026-04-01 13:04:21,106] Trial 278 finished with value: 129.19799776200796 and parameters: {'alpha_0': 0.0011114932444181442, 'alpha_1': 5.217682154902417e-05, 'alpha_2': 0.00011333121094012182, 'beta_0': 0.07317239336412527, 'beta_1': 14.790450170688485, 'beta_2': 0.2171724590299979, 'beta_3': 5.5955830296225635, 'beta_4': 41.04119999737866}. Best is trial 247 with value: 127.23598630728915.
[I 2026-04-01 13:04:37,658] Trial 279 finished with value: 132.19146384513215 and parameters: {'alpha_0': 0.0011472194114424512, 'alpha_1': 5.5812170721554725e-05, 'alpha_2': 0.00010989799059070326, 'beta_0': 0.08853519479333129, 'beta_1': 14.517702697058679, 'beta_2': 0.23206948050287798, 'beta_3': 5.901606187286118, 'beta_4': 41.706553079194556}. Best is trial 247 with value: 127.23598630728915.
[I 2026-04-01 13:04:54,878] Trial 280 finished with value: 134.960550271719 and parameters: {'alpha_0': 0.0012238018057997033, 'alpha_1': 5.1787013006332276e-05, 'alpha_2': 0.00011601456263223566, 'beta_0': 0.14777751186842192, 'beta_1': 9.65224838754441, 'beta_2': 0.2207019744659533, 'beta_3': 5.217817110948485, 'beta_4': 37.11792840393535}. Best is trial 247 with value: 127.23598630728915.
[I 2026-04-01 13:05:11,496] Trial 281 finished with value: 131.3318655142328 and parameters: {'alpha_0': 0.0010893048953167788, 'alpha_1': 5.403033997920696e-05, 'alpha_2': 5.7439076448162996e-05, 'beta_0': 0.06267744001884798, 'beta_1': 14.817905448520253, 'beta_2': 0.23613638608392462, 'beta_3': 5.744698831959458, 'beta_4': 43.01987860113239}. Best is trial 247 with value: 127.23598630728915.
[I 2026-04-01 13:05:27,972] Trial 282 finished with value: 129.80502576766318 and parameters: {'alpha_0': 0.0010260674377219788, 'alpha_1': 5.194071834210094e-05, 'alpha_2': 0.00011183313766863245, 'beta_0': 0.07908317581138781, 'beta_1': 14.219969343360166, 'beta_2': 0.23366055269587704, 'beta_3': 5.467064099761632, 'beta_4': 38.5696739598804}. Best is trial 247 with value: 127.23598630728915.
[I 2026-04-01 13:05:44,521] Trial 283 finished with value: 128.6293243382629 and parameters: {'alpha_0': 0.0011604626109401263, 'alpha_1': 5.170996023701213e-05, 'alpha_2': 0.00011833927457433367, 'beta_0': 0.08393859048565538, 'beta_1': 14.629091491875643, 'beta_2': 0.22411574977737456, 'beta_3': 5.608736846424993, 'beta_4': 40.762049967852526}. Best is trial 247 with value: 127.23598630728915.
[I 2026-04-01 13:06:01,085] Trial 284 finished with value: 127.73205103977878 and parameters: {'alpha_0': 0.001111069755282202, 'alpha_1': 5.0141923751008174e-05, 'alpha_2': 0.00011472425260452419, 'beta_0': 0.07234447580195363, 'beta_1': 14.992534699551868, 'beta_2': 0.22978315711156408, 'beta_3': 5.349249069924733, 'beta_4': 39.63027069835817}. Best is trial 247 with value: 127.23598630728915.
[I 2026-04-01 13:06:17,705] Trial 285 finished with value: 128.61698385399632 and parameters: {'alpha_0': 0.001111131684000731, 'alpha_1': 5.010832125488348e-05, 'alpha_2': 0.0001139280251579485, 'beta_0': 0.0731361562222695, 'beta_1': 14.405873337408625, 'beta_2': 0.2295565656069292, 'beta_3': 5.34033241975254, 'beta_4': 39.511960984387514}. Best is trial 247 with value: 127.23598630728915.
[I 2026-04-01 13:06:34,393] Trial 286 finished with value: 130.35563554825117 and parameters: {'alpha_0': 0.0011925153855356417, 'alpha_1': 5.4098442455972335e-05, 'alpha_2': 0.0001159949757032071, 'beta_0': 0.07024809295239912, 'beta_1': 14.997945071081507, 'beta_2': 0.22839038518716404, 'beta_3': 5.6783779246213, 'beta_4': 40.11466986604202}. Best is trial 247 with value: 127.23598630728915.
[I 2026-04-01 13:06:51,057] Trial 287 finished with value: 155.87282886443109 and parameters: {'alpha_0': 0.0010602849434898278, 'alpha_1': 7.448553416620396e-05, 'alpha_2': 0.00011503356898085136, 'beta_0': 0.0770440686470243, 'beta_1': 14.710747447569714, 'beta_2': 0.23122720755663356, 'beta_3': 5.825595043426238, 'beta_4': 38.98300426230695}. Best is trial 247 with value: 127.23598630728915.
[I 2026-04-01 13:07:07,599] Trial 288 finished with value: 133.03268199458222 and parameters: {'alpha_0': 0.0009006807914874355, 'alpha_1': 5.6632727542362126e-05, 'alpha_2': 0.00011727169664086725, 'beta_0': 0.06400959346723625, 'beta_1': 14.566542663181183, 'beta_2': 0.2273119037474317, 'beta_3': 5.531676227383332, 'beta_4': 41.26635753573888}. Best is trial 247 with value: 127.23598630728915.
[I 2026-04-01 13:07:25,287] Trial 289 finished with value: 141.69082142891435 and parameters: {'alpha_0': 0.0009705687460996109, 'alpha_1': 5.0027029465585056e-05, 'alpha_2': 0.00011210864697420345, 'beta_0': 0.19723779945748918, 'beta_1': 14.816443919364772, 'beta_2': 0.22443368592107768, 'beta_3': 5.954158447792199, 'beta_4': 42.129935498550395}. Best is trial 247 with value: 127.23598630728915.
[I 2026-04-01 13:07:41,864] Trial 290 finished with value: 130.0996030748496 and parameters: {'alpha_0': 0.001128548979836956, 'alpha_1': 5.3170800356239814e-05, 'alpha_2': 0.0001135467578956855, 'beta_0': 0.0906906031720824, 'beta_1': 14.162975258533104, 'beta_2': 0.150884425934788, 'beta_3': 5.695241109718839, 'beta_4': 40.54495890451765}. Best is trial 247 with value: 127.23598630728915.
[I 2026-04-01 13:07:58,388] Trial 291 finished with value: 129.83709147310572 and parameters: {'alpha_0': 0.0010873441411317715, 'alpha_1': 5.20452120315946e-05, 'alpha_2': 0.00011975135451072926, 'beta_0': 0.07839570744816891, 'beta_1': 14.408212293850472, 'beta_2': 0.2309054846446102, 'beta_3': 5.2979936816355835, 'beta_4': 39.999770558401075}. Best is trial 247 with value: 127.23598630728915.
[I 2026-04-01 13:08:14,954] Trial 292 finished with value: 131.54487697504064 and parameters: {'alpha_0': 0.0007104618823880777, 'alpha_1': 5.479148866979056e-05, 'alpha_2': 0.00011065824975855293, 'beta_0': 0.0565936233985282, 'beta_1': 14.811921066862766, 'beta_2': 0.23320712562081558, 'beta_3': 5.535791606318648, 'beta_4': 42.746206970531496}. Best is trial 247 with value: 127.23598630728915.
[I 2026-04-01 13:08:31,536] Trial 293 finished with value: 182.46069170885787 and parameters: {'alpha_0': 0.001155196434318209, 'alpha_1': 8.955093926738878e-05, 'alpha_2': 0.00011504578210161788, 'beta_0': 0.07121917788996439, 'beta_1': 11.972394476194552, 'beta_2': 0.2210596456996761, 'beta_3': 5.1254070511214085, 'beta_4': 41.51395879599238}. Best is trial 247 with value: 127.23598630728915.
