[I 2026-04-01 11:46:21,903] A new study created in memory with name: iter16_evolved
======================================================================
INNER LOOP SETUP
======================================================================

Iteration: 16
Backend: evolved
Reasoning: Iteration 16: Dimensionality Reduction and Stable Basin Recovery

**Context**: Iter15 catastrophically failed (loss 6538%, 182% worse than iter14) due to 10-dimensional cold-start search that rejected 5/10 coefficients. The three-axis correction strategy (decode amplification + MoE non-compute + dense batching) was fundamentally flawed — the optimizer pushed β₃, β₆, β₇, β₈, β₉ to effectively zero, indicating wrong physics hypotheses or negligible contributions.

**Previous iteration (iter15)**: Three-axis correction with 10 beta coefficients, cold-start initialization, 2000 trials. Result: 5/10 coefficients collapsed, loss increased 182%. Key learnings:
- β₈ (MoE non-compute) hypothesis was WRONG: β₈=0.000037 (270,000× too small) → MoE routing overhead is negligible or already in β₅
- β₉ (prefill batching) hypothesis was WRONG: β₉=7.2e-07 (2,800,000× too small) → Batch heterogeneity does NOT explain dense overestimation
- β₁, β₄ decode amplification was directionally CORRECT: β₁=6.4, β₄=6.5 helped reasoning-lite E2E (75-180%)
- Dimensional curse (10D cold-start): 2000 trials = 200 trials/dimension → insufficient for convergence
- Wrong baseline: Compared to iter7 (different dataset) instead of iter9 (same dataset, 161% loss, last stable state)

**This iteration removes**:
- **β₃ (KV management base)**: Collapsed to 0.001 (1500× too small) → negligible or already in β₀/β₁
- **β₆ (scheduler overhead)**: Collapsed to 0.042 (1000× too small) → vLLM scheduler is fast (<1ms), not 40-100ms
- **β₇ (decode per-request overhead)**: Collapsed to 0.016 (1000× too small) → output processing is fast
- **β₈ (MoE non-compute latency)**: Collapsed to 0.000037 (270,000× too small) → wrong hypothesis
- **β₉ (prefill batching penalty)**: Collapsed to 7.2e-07 (2,800,000× too small) → wrong hypothesis

**This iteration keeps**:
- **β₀ (prefill compute MFU)**: Used by iter15 (0.092) → scales down roofline prefill by 11×
- **β₁ (decode memory MFU)**: Used by iter15 (6.4) → amplifies decode memory-bound term
- **β₂ (TP communication)**: Used by iter15 (0.21) → scales TP all-reduce overhead
- **β₄ (decode compute MFU)**: Used by iter15 (6.5) → amplifies decode compute-bound term
- **β₅ (MoE gating efficiency)**: Used by iter15 (33.6) → scales MoE gating network FLOPs

**Strategy changes**:
1. **Reduce dimensionality**: 10D → 5D (remove collapsed coefficients)
2. **Warm-start from iter9**: Use iter9's optimal coefficients (161% loss, same dataset) instead of cold-start or iter7
3. **Adjust iter9 coefficients for amplified decode bounds**: Iter9 had β₁=1.361, β₄=0.466, but iter16 bounds are [5-15] and [3-8] → initialize to midpoints (10.0, 5.5) instead
4. **Standard trial budget**: 1000 trials (200 trials/dim in 5D, same sample density as iter15's 200 trials/dim in 10D)

**Expected outcome**: Loss 6538% → <1500% (≥4× improvement), with physically plausible coefficients and 10/15 experiments achieving TTFT APE <100%.

Modified files: ['sim/latency/evolved_model.go']

Verifying declared files...
  ✓ sim/latency/evolved_model.go

Running pre-flight validation...
🔍 Validating backend 'evolved' integration...

  ✅ Backend registered in sim/bundle.go
  ✅ Auto-fetch block found in cmd/root.go
  ✅ Backend in analytical backends config loading condition
  ✅ BLIS binary is up-to-date

  🧪 Running test simulation with backend 'evolved'...
  📋 Using coefficients from iteration 16:
     Alpha: 3 coefficients
     Beta: 5 coefficients
  ✅ Test simulation succeeded

======================================================================
✅ ALL VALIDATION CHECKS PASSED
======================================================================

Backend 'evolved' is properly integrated and ready for optimization!


Coefficient bounds loaded:
  Alpha: 3 coefficients
  Beta: 5 coefficients

Python executable: /Users/dipanwitaguhathakurta/Downloads/inference-sim-package/inference-sim/.inference-sim-env/bin/python3

Compiling BLIS...
  ✓ Compilation successful (0.1s)

Setup complete. Ready to optimize evolved.
======================================================================

======================================================================
BAYESIAN OPTIMIZATION (1000 trials)
Random seed: 42 (deterministic)
======================================================================
  Warm-start: Enqueued initial trial with suggested values
  0%|          | 0/1000 [00:00<?, ?it/s]/Users/dipanwitaguhathakurta/Downloads/inference-sim-package/inference-sim/.inference-sim-env/lib/python3.13/site-packages/optuna/trial/_trial.py:656: UserWarning: Fixed parameter 'alpha_0' with value 0.000351 is out of range for distribution FloatDistribution(high=0.0025, log=False, low=0.0005, step=None).
  warnings.warn(
                                          0%|          | 0/1000 [00:18<?, ?it/s]Best trial: 0. Best value: 162.864:   0%|          | 0/1000 [00:18<?, ?it/s]Best trial: 0. Best value: 162.864:   0%|          | 1/1000 [00:18<5:04:44, 18.30s/it]                                                                                      Best trial: 0. Best value: 162.864:   0%|          | 1/1000 [00:36<5:04:44, 18.30s/it]Best trial: 0. Best value: 162.864:   0%|          | 1/1000 [00:36<5:04:44, 18.30s/it]Best trial: 0. Best value: 162.864:   0%|          | 2/1000 [00:36<5:07:14, 18.47s/it]                                                                                      Best trial: 0. Best value: 162.864:   0%|          | 2/1000 [00:55<5:07:14, 18.47s/it]Best trial: 0. Best value: 162.864:   0%|          | 2/1000 [00:55<5:07:14, 18.47s/it]Best trial: 0. Best value: 162.864:   0%|          | 3/1000 [00:55<5:04:25, 18.32s/it]                                                                                      Best trial: 0. Best value: 162.864:   0%|          | 3/1000 [01:12<5:04:25, 18.32s/it]Best trial: 0. Best value: 162.864:   0%|          | 3/1000 [01:12<5:04:25, 18.32s/it]Best trial: 0. Best value: 162.864:   0%|          | 4/1000 [01:12<4:55:41, 17.81s/it]                                                                                      Best trial: 0. Best value: 162.864:   0%|          | 4/1000 [01:30<4:55:41, 17.81s/it]Best trial: 0. Best value: 162.864:   0%|          | 4/1000 [01:30<4:55:41, 17.81s/it]Best trial: 0. Best value: 162.864:   0%|          | 5/1000 [01:30<4:56:15, 17.87s/it]                                                                                      Best trial: 0. Best value: 162.864:   0%|          | 5/1000 [01:48<4:56:15, 17.87s/it]Best trial: 0. Best value: 162.864:   0%|          | 5/1000 [01:48<4:56:15, 17.87s/it]Best trial: 0. Best value: 162.864:   1%|          | 6/1000 [01:48<4:58:59, 18.05s/it]                                                                                      Best trial: 0. Best value: 162.864:   1%|          | 6/1000 [02:07<4:58:59, 18.05s/it]Best trial: 0. Best value: 162.864:   1%|          | 6/1000 [02:07<4:58:59, 18.05s/it]Best trial: 0. Best value: 162.864:   1%|          | 7/1000 [02:07<5:04:29, 18.40s/it]                                                                                      Best trial: 0. Best value: 162.864:   1%|          | 7/1000 [02:25<5:04:29, 18.40s/it]Best trial: 0. Best value: 162.864:   1%|          | 7/1000 [02:25<5:04:29, 18.40s/it]Best trial: 0. Best value: 162.864:   1%|          | 8/1000 [02:25<5:03:45, 18.37s/it]                                                                                      Best trial: 0. Best value: 162.864:   1%|          | 8/1000 [02:43<5:03:45, 18.37s/it]Best trial: 8. Best value: 152.709:   1%|          | 8/1000 [02:43<5:03:45, 18.37s/it]Best trial: 8. Best value: 152.709:   1%|          | 9/1000 [02:43<4:58:02, 18.05s/it]                                                                                      Best trial: 8. Best value: 152.709:   1%|          | 9/1000 [03:03<4:58:02, 18.05s/it]Best trial: 8. Best value: 152.709:   1%|          | 9/1000 [03:03<4:58:02, 18.05s/it]Best trial: 8. Best value: 152.709:   1%|          | 10/1000 [03:03<5:07:56, 18.66s/it]                                                                                       Best trial: 8. Best value: 152.709:   1%|          | 10/1000 [03:20<5:07:56, 18.66s/it]Best trial: 10. Best value: 134.458:   1%|          | 10/1000 [03:20<5:07:56, 18.66s/it]Best trial: 10. Best value: 134.458:   1%|          | 11/1000 [03:20<4:58:14, 18.09s/it]                                                                                        Best trial: 10. Best value: 134.458:   1%|          | 11/1000 [03:36<4:58:14, 18.09s/it]Best trial: 10. Best value: 134.458:   1%|          | 11/1000 [03:36<4:58:14, 18.09s/it]Best trial: 10. Best value: 134.458:   1%|          | 12/1000 [03:36<4:51:13, 17.69s/it]                                                                                        Best trial: 10. Best value: 134.458:   1%|          | 12/1000 [03:53<4:51:13, 17.69s/it]Best trial: 12. Best value: 131.791:   1%|          | 12/1000 [03:53<4:51:13, 17.69s/it]Best trial: 12. Best value: 131.791:   1%|▏         | 13/1000 [03:53<4:46:20, 17.41s/it]                                                                                        Best trial: 12. Best value: 131.791:   1%|▏         | 13/1000 [04:10<4:46:20, 17.41s/it]Best trial: 12. Best value: 131.791:   1%|▏         | 13/1000 [04:10<4:46:20, 17.41s/it]Best trial: 12. Best value: 131.791:   1%|▏         | 14/1000 [04:10<4:42:52, 17.21s/it]                                                                                        Best trial: 12. Best value: 131.791:   1%|▏         | 14/1000 [04:27<4:42:52, 17.21s/it]Best trial: 12. Best value: 131.791:   1%|▏         | 14/1000 [04:27<4:42:52, 17.21s/it]Best trial: 12. Best value: 131.791:   2%|▏         | 15/1000 [04:27<4:40:39, 17.10s/it]                                                                                        Best trial: 12. Best value: 131.791:   2%|▏         | 15/1000 [04:44<4:40:39, 17.10s/it]Best trial: 12. Best value: 131.791:   2%|▏         | 15/1000 [04:44<4:40:39, 17.10s/it]Best trial: 12. Best value: 131.791:   2%|▏         | 16/1000 [04:44<4:39:45, 17.06s/it]                                                                                        Best trial: 12. Best value: 131.791:   2%|▏         | 16/1000 [05:00<4:39:45, 17.06s/it]Best trial: 12. Best value: 131.791:   2%|▏         | 16/1000 [05:00<4:39:45, 17.06s/it]Best trial: 12. Best value: 131.791:   2%|▏         | 17/1000 [05:00<4:37:51, 16.96s/it]                                                                                        Best trial: 12. Best value: 131.791:   2%|▏         | 17/1000 [05:17<4:37:51, 16.96s/it]Best trial: 12. Best value: 131.791:   2%|▏         | 17/1000 [05:17<4:37:51, 16.96s/it]Best trial: 12. Best value: 131.791:   2%|▏         | 18/1000 [05:17<4:37:47, 16.97s/it]                                                                                        Best trial: 12. Best value: 131.791:   2%|▏         | 18/1000 [05:34<4:37:47, 16.97s/it]Best trial: 12. Best value: 131.791:   2%|▏         | 18/1000 [05:34<4:37:47, 16.97s/it]Best trial: 12. Best value: 131.791:   2%|▏         | 19/1000 [05:34<4:36:12, 16.89s/it]                                                                                        Best trial: 12. Best value: 131.791:   2%|▏         | 19/1000 [05:52<4:36:12, 16.89s/it]Best trial: 12. Best value: 131.791:   2%|▏         | 19/1000 [05:52<4:36:12, 16.89s/it]Best trial: 12. Best value: 131.791:   2%|▏         | 20/1000 [05:52<4:39:55, 17.14s/it]                                                                                        Best trial: 12. Best value: 131.791:   2%|▏         | 20/1000 [06:09<4:39:55, 17.14s/it]Best trial: 12. Best value: 131.791:   2%|▏         | 20/1000 [06:09<4:39:55, 17.14s/it]Best trial: 12. Best value: 131.791:   2%|▏         | 21/1000 [06:09<4:37:43, 17.02s/it]                                                                                        [I 2026-04-01 11:46:40,219] Trial 0 finished with value: 162.8640103099854 and parameters: {'alpha_0': 0.000351, 'alpha_1': 6.5e-05, 'alpha_2': 4.85e-05, 'beta_0': 0.162, 'beta_1': 10.0, 'beta_2': 0.2, 'beta_3': 5.5, 'beta_4': 35.0}. Best is trial 0 with value: 162.8640103099854.
[I 2026-04-01 11:46:58,809] Trial 1 finished with value: 328.3060403888454 and parameters: {'alpha_0': 0.001249080237694725, 'alpha_1': 0.00014507143064099162, 'alpha_2': 9.85595153449124e-05, 'beta_0': 0.16973169683940734, 'beta_1': 6.560186404424365, 'beta_2': 0.16559945203362025, 'beta_3': 3.2904180608409974, 'beta_4': 45.98528437324806}. Best is trial 0 with value: 162.8640103099854.
[I 2026-04-01 11:47:16,949] Trial 2 finished with value: 295.94613671110204 and parameters: {'alpha_0': 0.0017022300234864176, 'alpha_1': 0.00012080725777960454, 'alpha_2': 4.16467595436642e-05, 'beta_0': 0.2439819704323989, 'beta_1': 13.324426408004218, 'beta_2': 0.17123391106782762, 'beta_3': 3.9091248360355033, 'beta_4': 25.502135295603015}. Best is trial 0 with value: 162.8640103099854.
[I 2026-04-01 11:47:33,983] Trial 3 finished with value: 211.1372059030482 and parameters: {'alpha_0': 0.0011084844859190755, 'alpha_1': 0.00010247564316322378, 'alpha_2': 7.455560149136927e-05, 'beta_0': 0.10824582803960839, 'beta_1': 11.118528947223794, 'beta_2': 0.16394938606520418, 'beta_3': 4.4607232426760905, 'beta_4': 30.99085529881075}. Best is trial 0 with value: 162.8640103099854.
[I 2026-04-01 11:47:51,942] Trial 4 finished with value: 261.968528765994 and parameters: {'alpha_0': 0.0014121399684340718, 'alpha_1': 0.00012851759613930136, 'alpha_2': 5.597390257266878e-05, 'beta_0': 0.15284688768272234, 'beta_1': 10.924145688620424, 'beta_2': 0.15464504127199977, 'beta_3': 6.037724259507192, 'beta_4': 25.115723710618745}. Best is trial 0 with value: 162.8640103099854.
[I 2026-04-01 11:48:10,343] Trial 5 finished with value: 320.78719590251353 and parameters: {'alpha_0': 0.0006301031859705591, 'alpha_1': 0.00014488855372533333, 'alpha_2': 0.00011725056264596475, 'beta_0': 0.21167946962329223, 'beta_1': 8.046137691733707, 'beta_2': 0.15976721140063838, 'beta_3': 6.421165132560785, 'beta_4': 33.20457481218804}. Best is trial 0 with value: 162.8640103099854.
[I 2026-04-01 11:48:29,462] Trial 6 finished with value: 269.5625656209563 and parameters: {'alpha_0': 0.0007440764696895576, 'alpha_1': 9.951769101112701e-05, 'alpha_2': 4.2751081689217475e-05, 'beta_0': 0.23186408041575643, 'beta_1': 7.587799816000169, 'beta_2': 0.2162522284353982, 'beta_3': 4.558555380447054, 'beta_4': 35.602040635334326}. Best is trial 0 with value: 162.8640103099854.
[I 2026-04-01 11:48:47,782] Trial 7 finished with value: 173.07348218569825 and parameters: {'alpha_0': 0.0015934205586865594, 'alpha_1': 6.84854455525527e-05, 'alpha_2': 0.00011756677022116469, 'beta_0': 0.2050265646722229, 'beta_1': 14.394989415641891, 'beta_2': 0.23948273504276488, 'beta_3': 5.989499894055426, 'beta_4': 47.6562270506935}. Best is trial 0 with value: 162.8640103099854.
[I 2026-04-01 11:49:05,107] Trial 8 finished with value: 152.7090298004086 and parameters: {'alpha_0': 0.000676985004103839, 'alpha_1': 6.959828624191452e-05, 'alpha_2': 4.3618183112843046e-05, 'beta_0': 0.11506606615265287, 'beta_1': 8.88677289689482, 'beta_2': 0.17713490317738959, 'beta_3': 7.143687545759647, 'beta_4': 30.70259980080768}. Best is trial 8 with value: 152.7090298004086.
[I 2026-04-01 11:49:25,155] Trial 9 finished with value: 257.55324031482525 and parameters: {'alpha_0': 0.0010618690193747616, 'alpha_1': 0.00010426960831582485, 'alpha_2': 5.127393799798101e-05, 'beta_0': 0.21043939615080795, 'beta_1': 5.745506436797708, 'beta_2': 0.24868869366005172, 'beta_3': 6.861223846483287, 'beta_4': 25.96147044602517}. Best is trial 8 with value: 152.7090298004086.
[I 2026-04-01 11:49:41,957] Trial 10 finished with value: 134.45801329613187 and parameters: {'alpha_0': 0.0023902730884607735, 'alpha_1': 5.059971829558171e-05, 'alpha_2': 6.949830181768779e-05, 'beta_0': 0.05359237512296394, 'beta_1': 9.204040081843974, 'beta_2': 0.18802929602518106, 'beta_3': 7.854683575852504, 'beta_4': 40.69924419974333}. Best is trial 10 with value: 134.45801329613187.
[I 2026-04-01 11:49:58,708] Trial 11 finished with value: 134.63797076855084 and parameters: {'alpha_0': 0.002393923752780299, 'alpha_1': 5.036257945009711e-05, 'alpha_2': 7.107644289026307e-05, 'beta_0': 0.05231977668203851, 'beta_1': 9.337442116588582, 'beta_2': 0.18974210721387272, 'beta_3': 7.967337279906138, 'beta_4': 41.72765264800624}. Best is trial 10 with value: 134.45801329613187.
[I 2026-04-01 11:50:15,475] Trial 12 finished with value: 131.79113809348982 and parameters: {'alpha_0': 0.0024886798337079726, 'alpha_1': 5.041501942418165e-05, 'alpha_2': 7.209206584236468e-05, 'beta_0': 0.050715063572949005, 'beta_1': 12.129211517005622, 'beta_2': 0.19214985538571608, 'beta_3': 7.985873910170321, 'beta_4': 41.975662672475735}. Best is trial 12 with value: 131.79113809348982.
[I 2026-04-01 11:50:32,240] Trial 13 finished with value: 134.66012214093413 and parameters: {'alpha_0': 0.002483086665528242, 'alpha_1': 5.33585884934472e-05, 'alpha_2': 8.332296868181204e-05, 'beta_0': 0.05194279695572909, 'beta_1': 11.510158031715948, 'beta_2': 0.21608557252922866, 'beta_3': 7.996812193207758, 'beta_4': 41.28291551652088}. Best is trial 12 with value: 131.79113809348982.
[I 2026-04-01 11:50:49,064] Trial 14 finished with value: 174.58121599790698 and parameters: {'alpha_0': 0.0020660889034062237, 'alpha_1': 8.390141444705965e-05, 'alpha_2': 6.49787948737693e-05, 'beta_0': 0.08190617966136939, 'beta_1': 12.298348295317014, 'beta_2': 0.18292087946626465, 'beta_3': 7.329260590185223, 'beta_4': 41.272948299332654}. Best is trial 12 with value: 131.79113809348982.
[I 2026-04-01 11:51:06,034] Trial 15 finished with value: 168.9405871368353 and parameters: {'alpha_0': 0.002093139838511352, 'alpha_1': 8.095167295321367e-05, 'alpha_2': 8.7451330735377e-05, 'beta_0': 0.08664929053288636, 'beta_1': 13.20472253186692, 'beta_2': 0.20502567609606054, 'beta_3': 7.495917487206812, 'beta_4': 38.28719599584085}. Best is trial 12 with value: 131.79113809348982.
[I 2026-04-01 11:51:22,765] Trial 16 finished with value: 137.49329895117526 and parameters: {'alpha_0': 0.0021229638316734366, 'alpha_1': 5.995040170974311e-05, 'alpha_2': 6.176507545392852e-05, 'beta_0': 0.07547319678145273, 'beta_1': 14.825446056689952, 'beta_2': 0.19026687034817577, 'beta_3': 6.615305391266453, 'beta_4': 44.833617783726226}. Best is trial 12 with value: 131.79113809348982.
[I 2026-04-01 11:51:39,768] Trial 17 finished with value: 184.48837579523016 and parameters: {'alpha_0': 0.0018420563036818235, 'alpha_1': 8.405120167916805e-05, 'alpha_2': 9.284793966627663e-05, 'beta_0': 0.12712477418294255, 'beta_1': 10.053521550906606, 'beta_2': 0.22269647517880448, 'beta_3': 5.550704047410299, 'beta_4': 49.15384009243102}. Best is trial 12 with value: 131.79113809348982.
[I 2026-04-01 11:51:56,477] Trial 18 finished with value: 160.1753137570895 and parameters: {'alpha_0': 0.0023141006779277442, 'alpha_1': 7.436813643258688e-05, 'alpha_2': 0.00010056129318123348, 'beta_0': 0.0705871869875007, 'beta_1': 12.065920582486742, 'beta_2': 0.2006776256871667, 'beta_3': 7.595719615340953, 'beta_4': 38.49052219089412}. Best is trial 12 with value: 131.79113809348982.
[I 2026-04-01 11:52:14,184] Trial 19 finished with value: 142.25395476891245 and parameters: {'alpha_0': 0.0022484635581103093, 'alpha_1': 5.777698643615013e-05, 'alpha_2': 7.289585064080645e-05, 'beta_0': 0.13304572457588656, 'beta_1': 8.240121698151261, 'beta_2': 0.18672780416842902, 'beta_3': 6.956329263547435, 'beta_4': 43.6257255596544}. Best is trial 12 with value: 131.79113809348982.
[I 2026-04-01 11:52:30,932] Trial 20 finished with value: 193.89186995863446 and parameters: {'alpha_0': 0.0018261016975397255, 'alpha_1': 9.461385202739479e-05, 'alpha_2': 6.196933942630964e-05, 'beta_0': 0.09916706054990418, 'beta_1': 13.228182010033056, 'beta_2': 0.22757530342086937, 'beta_3': 4.953381016663255, 'beta_4': 38.97891178286955}. Best is trial 12 with value: 131.79113809348982.
