[I 2026-04-01 15:47:01,360] Trial 861 finished with value: 127.09430950224909 and parameters: {'alpha_0': 0.000684900447980003, 'alpha_1': 5.2120601302053135e-05, 'alpha_2': 9.7731277000796e-05, 'beta_0': 0.11795615113273503, 'beta_1': 14.421334117848955, 'beta_2': 0.19218328403359652, 'beta_3': 7.575708729918624, 'beta_4': 46.08925223838433}. Best is trial 713 with value: 124.40682604489682.Best trial: 713. Best value: 124.407:  86%|████████▌ | 861/1000 [4:00:39<39:03, 16.86s/it]Best trial: 713. Best value: 124.407:  86%|████████▌ | 861/1000 [4:00:39<39:03, 16.86s/it]Best trial: 713. Best value: 124.407:  86%|████████▌ | 862/1000 [4:00:39<38:45, 16.85s/it]                                                                                          Best trial: 713. Best value: 124.407:  86%|████████▌ | 862/1000 [4:00:56<38:45, 16.85s/it]Best trial: 713. Best value: 124.407:  86%|████████▌ | 862/1000 [4:00:56<38:45, 16.85s/it]Best trial: 713. Best value: 124.407:  86%|████████▋ | 863/1000 [4:00:56<38:20, 16.79s/it]                                                                                          Best trial: 713. Best value: 124.407:  86%|████████▋ | 863/1000 [4:01:13<38:20, 16.79s/it]Best trial: 713. Best value: 124.407:  86%|████████▋ | 863/1000 [4:01:13<38:20, 16.79s/it]Best trial: 713. Best value: 124.407:  86%|████████▋ | 864/1000 [4:01:13<38:22, 16.93s/it]                                                                                          Best trial: 713. Best value: 124.407:  86%|████████▋ | 864/1000 [4:01:30<38:22, 16.93s/it]Best trial: 713. Best value: 124.407:  86%|████████▋ | 864/1000 [4:01:30<38:22, 16.93s/it]Best trial: 713. Best value: 124.407:  86%|████████▋ | 865/1000 [4:01:30<38:29, 17.10s/it]                                                                                          Best trial: 713. Best value: 124.407:  86%|████████▋ | 865/1000 [4:01:47<38:29, 17.10s/it]Best trial: 713. Best value: 124.407:  86%|████████▋ | 865/1000 [4:01:47<38:29, 17.10s/it]Best trial: 713. Best value: 124.407:  87%|████████▋ | 866/1000 [4:01:47<38:03, 17.04s/it]                                                                                          Best trial: 713. Best value: 124.407:  87%|████████▋ | 866/1000 [4:02:04<38:03, 17.04s/it]Best trial: 713. Best value: 124.407:  87%|████████▋ | 866/1000 [4:02:04<38:03, 17.04s/it]Best trial: 713. Best value: 124.407:  87%|████████▋ | 867/1000 [4:02:04<37:41, 17.01s/it]                                                                                          Best trial: 713. Best value: 124.407:  87%|████████▋ | 867/1000 [4:02:21<37:41, 17.01s/it]Best trial: 713. Best value: 124.407:  87%|████████▋ | 867/1000 [4:02:21<37:41, 17.01s/it]Best trial: 713. Best value: 124.407:  87%|████████▋ | 868/1000 [4:02:21<37:17, 16.95s/it]                                                                                          Best trial: 713. Best value: 124.407:  87%|████████▋ | 868/1000 [4:02:38<37:17, 16.95s/it]Best trial: 713. Best value: 124.407:  87%|████████▋ | 868/1000 [4:02:38<37:17, 16.95s/it]Best trial: 713. Best value: 124.407:  87%|████████▋ | 869/1000 [4:02:38<36:58, 16.94s/it]                                                                                          Best trial: 713. Best value: 124.407:  87%|████████▋ | 869/1000 [4:02:55<36:58, 16.94s/it]Best trial: 713. Best value: 124.407:  87%|████████▋ | 869/1000 [4:02:55<36:58, 16.94s/it]Best trial: 713. Best value: 124.407:  87%|████████▋ | 870/1000 [4:02:55<36:44, 16.96s/it]                                                                                          Best trial: 713. Best value: 124.407:  87%|████████▋ | 870/1000 [4:03:12<36:44, 16.96s/it]Best trial: 713. Best value: 124.407:  87%|████████▋ | 870/1000 [4:03:12<36:44, 16.96s/it]Best trial: 713. Best value: 124.407:  87%|████████▋ | 871/1000 [4:03:12<36:21, 16.91s/it]                                                                                          Best trial: 713. Best value: 124.407:  87%|████████▋ | 871/1000 [4:03:28<36:21, 16.91s/it]Best trial: 713. Best value: 124.407:  87%|████████▋ | 871/1000 [4:03:28<36:21, 16.91s/it]Best trial: 713. Best value: 124.407:  87%|████████▋ | 872/1000 [4:03:28<35:56, 16.85s/it]                                                                                          Best trial: 713. Best value: 124.407:  87%|████████▋ | 872/1000 [4:03:45<35:56, 16.85s/it]Best trial: 713. Best value: 124.407:  87%|████████▋ | 872/1000 [4:03:45<35:56, 16.85s/it]Best trial: 713. Best value: 124.407:  87%|████████▋ | 873/1000 [4:03:45<35:42, 16.87s/it]                                                                                          Best trial: 713. Best value: 124.407:  87%|████████▋ | 873/1000 [4:04:02<35:42, 16.87s/it]Best trial: 713. Best value: 124.407:  87%|████████▋ | 873/1000 [4:04:02<35:42, 16.87s/it]Best trial: 713. Best value: 124.407:  87%|████████▋ | 874/1000 [4:04:02<35:27, 16.89s/it]                                                                                          Best trial: 713. Best value: 124.407:  87%|████████▋ | 874/1000 [4:04:19<35:27, 16.89s/it]Best trial: 713. Best value: 124.407:  87%|████████▋ | 874/1000 [4:04:19<35:27, 16.89s/it]Best trial: 713. Best value: 124.407:  88%|████████▊ | 875/1000 [4:04:19<35:13, 16.91s/it]                                                                                          Best trial: 713. Best value: 124.407:  88%|████████▊ | 875/1000 [4:04:36<35:13, 16.91s/it]Best trial: 713. Best value: 124.407:  88%|████████▊ | 875/1000 [4:04:36<35:13, 16.91s/it]Best trial: 713. Best value: 124.407:  88%|████████▊ | 876/1000 [4:04:36<35:01, 16.94s/it]                                                                                          Best trial: 713. Best value: 124.407:  88%|████████▊ | 876/1000 [4:04:54<35:01, 16.94s/it]Best trial: 713. Best value: 124.407:  88%|████████▊ | 876/1000 [4:04:54<35:01, 16.94s/it]Best trial: 713. Best value: 124.407:  88%|████████▊ | 877/1000 [4:04:54<35:00, 17.08s/it]                                                                                          Best trial: 713. Best value: 124.407:  88%|████████▊ | 877/1000 [4:05:10<35:00, 17.08s/it]Best trial: 713. Best value: 124.407:  88%|████████▊ | 877/1000 [4:05:10<35:00, 17.08s/it]Best trial: 713. Best value: 124.407:  88%|████████▊ | 878/1000 [4:05:10<34:27, 16.95s/it]                                                                                          Best trial: 713. Best value: 124.407:  88%|████████▊ | 878/1000 [4:05:27<34:27, 16.95s/it]Best trial: 713. Best value: 124.407:  88%|████████▊ | 878/1000 [4:05:27<34:27, 16.95s/it]Best trial: 713. Best value: 124.407:  88%|████████▊ | 879/1000 [4:05:27<34:13, 16.97s/it]                                                                                          Best trial: 713. Best value: 124.407:  88%|████████▊ | 879/1000 [4:05:27<34:13, 16.97s/it]Best trial: 713. Best value: 124.407:  88%|████████▊ | 879/1000 [4:05:27<34:13, 16.97s/it]                                                                                          
[I 2026-04-01 15:47:18,021] Trial 862 finished with value: 126.88440824637458 and parameters: {'alpha_0': 0.0007184607927613375, 'alpha_1': 5.2228346362867236e-05, 'alpha_2': 0.0001031122745406054, 'beta_0': 0.1226082497518023, 'beta_1': 14.234257804759093, 'beta_2': 0.1911707753622387, 'beta_3': 7.426304586930961, 'beta_4': 44.54462707802495}. Best is trial 713 with value: 124.40682604489682.
[I 2026-04-01 15:47:35,270] Trial 863 finished with value: 130.1630839405493 and parameters: {'alpha_0': 0.0006653279913852833, 'alpha_1': 5.491098326195208e-05, 'alpha_2': 0.00010118385842521536, 'beta_0': 0.14695227681249207, 'beta_1': 14.478471212390222, 'beta_2': 0.1949470549095123, 'beta_3': 7.638858098235318, 'beta_4': 45.365133991753005}. Best is trial 713 with value: 124.40682604489682.
[I 2026-04-01 15:47:52,780] Trial 864 finished with value: 129.49775826272094 and parameters: {'alpha_0': 0.0006473929633933246, 'alpha_1': 5.193028570251255e-05, 'alpha_2': 0.00010546338129458774, 'beta_0': 0.10798872957385378, 'beta_1': 6.00780755256917, 'beta_2': 0.1930865117887152, 'beta_3': 7.723267811077947, 'beta_4': 46.28644188929654}. Best is trial 713 with value: 124.40682604489682.
[I 2026-04-01 15:48:09,669] Trial 865 finished with value: 129.27328651587877 and parameters: {'alpha_0': 0.0006959683297691398, 'alpha_1': 5.3711397692511993e-05, 'alpha_2': 9.967558838563497e-05, 'beta_0': 0.13604576749114047, 'beta_1': 14.326478334636565, 'beta_2': 0.19392435208944786, 'beta_3': 7.535652563212061, 'beta_4': 44.92294999614726}. Best is trial 713 with value: 124.40682604489682.
[I 2026-04-01 15:48:26,596] Trial 866 finished with value: 126.12827196099443 and parameters: {'alpha_0': 0.0006225828911443003, 'alpha_1': 5.2028105258046315e-05, 'alpha_2': 0.00010288478492587126, 'beta_0': 0.1171152769787262, 'beta_1': 14.58004077882615, 'beta_2': 0.19100166953754721, 'beta_3': 7.7595429874237825, 'beta_4': 46.11117305946706}. Best is trial 713 with value: 124.40682604489682.
[I 2026-04-01 15:48:43,424] Trial 867 finished with value: 126.66844373591437 and parameters: {'alpha_0': 0.0006043157790097717, 'alpha_1': 5.1959602623629114e-05, 'alpha_2': 0.00010193952274682634, 'beta_0': 0.11729148743007635, 'beta_1': 14.200855322834055, 'beta_2': 0.19189089694008976, 'beta_3': 7.804219746641592, 'beta_4': 45.66657276971838}. Best is trial 713 with value: 124.40682604489682.
[I 2026-04-01 15:49:00,321] Trial 868 finished with value: 129.0607419152647 and parameters: {'alpha_0': 0.0006120975543485053, 'alpha_1': 5.5337791476762855e-05, 'alpha_2': 9.752557026845127e-05, 'beta_0': 0.11144168025015441, 'beta_1': 14.238627059796723, 'beta_2': 0.19090217906139417, 'beta_3': 7.629144691802582, 'beta_4': 46.24418341477675}. Best is trial 713 with value: 124.40682604489682.
[I 2026-04-01 15:49:17,340] Trial 869 finished with value: 230.33546237579054 and parameters: {'alpha_0': 0.0005903901746724939, 'alpha_1': 0.00011874160120053866, 'alpha_2': 0.00010041273296998329, 'beta_0': 0.11807393729522087, 'beta_1': 14.464422729623282, 'beta_2': 0.1906105731062938, 'beta_3': 7.775412627011423, 'beta_4': 45.59534707997052}. Best is trial 713 with value: 124.40682604489682.
[I 2026-04-01 15:49:34,144] Trial 870 finished with value: 161.11690070537372 and parameters: {'alpha_0': 0.0006463673211727358, 'alpha_1': 7.860681050122088e-05, 'alpha_2': 0.00010240496962701994, 'beta_0': 0.11384554793111322, 'beta_1': 14.4894339316001, 'beta_2': 0.19334475308424717, 'beta_3': 7.846525148488805, 'beta_4': 44.863139193541755}. Best is trial 713 with value: 124.40682604489682.
[I 2026-04-01 15:49:50,829] Trial 871 finished with value: 129.41752897245564 and parameters: {'alpha_0': 0.0013527579572687875, 'alpha_1': 5.350294224973075e-05, 'alpha_2': 0.00010582229357324631, 'beta_0': 0.1209766987770524, 'beta_1': 14.559473630055924, 'beta_2': 0.19049756748515614, 'beta_3': 7.703393838498897, 'beta_4': 46.43139442327614}. Best is trial 713 with value: 124.40682604489682.
[I 2026-04-01 15:50:07,747] Trial 872 finished with value: 126.50794672187328 and parameters: {'alpha_0': 0.0005709169374173212, 'alpha_1': 5.218789983162211e-05, 'alpha_2': 0.00010357426844337321, 'beta_0': 0.1436423206310185, 'beta_1': 14.305334652827057, 'beta_2': 0.19357407381192526, 'beta_3': 7.816548426122747, 'beta_4': 45.99808180495874}. Best is trial 713 with value: 124.40682604489682.
[I 2026-04-01 15:50:24,679] Trial 873 finished with value: 131.3112764476519 and parameters: {'alpha_0': 0.0006803206409932954, 'alpha_1': 5.64709366619483e-05, 'alpha_2': 0.00010146164658939919, 'beta_0': 0.11533199866375793, 'beta_1': 14.634848101218804, 'beta_2': 0.19097767068347085, 'beta_3': 7.467536722042912, 'beta_4': 45.26896911377667}. Best is trial 713 with value: 124.40682604489682.
[I 2026-04-01 15:50:41,642] Trial 874 finished with value: 125.98273915579126 and parameters: {'alpha_0': 0.0006199732484737618, 'alpha_1': 5.189239904677057e-05, 'alpha_2': 9.917715800421938e-05, 'beta_0': 0.13983388469012514, 'beta_1': 14.244967249861817, 'beta_2': 0.19387405826226745, 'beta_3': 7.9705442852515525, 'beta_4': 44.473930721119174}. Best is trial 713 with value: 124.40682604489682.
[I 2026-04-01 15:50:58,665] Trial 875 finished with value: 130.47101354775003 and parameters: {'alpha_0': 0.0006062106706324886, 'alpha_1': 5.460710840040495e-05, 'alpha_2': 9.537233925566369e-05, 'beta_0': 0.13992399893513166, 'beta_1': 14.286138581252668, 'beta_2': 0.19243383918736473, 'beta_3': 7.927489194694493, 'beta_4': 44.25906753470996}. Best is trial 713 with value: 124.40682604489682.
[I 2026-04-01 15:51:16,063] Trial 876 finished with value: 136.89829411625914 and parameters: {'alpha_0': 0.0005646759255514542, 'alpha_1': 5.8611911321927615e-05, 'alpha_2': 9.888474682385022e-05, 'beta_0': 0.15150180748882575, 'beta_1': 14.144220960730378, 'beta_2': 0.19402536963145556, 'beta_3': 7.9184496730149485, 'beta_4': 44.67062739922507}. Best is trial 713 with value: 124.40682604489682.
[I 2026-04-01 15:51:32,698] Trial 877 finished with value: 126.97171023864172 and parameters: {'alpha_0': 0.0006172768630902866, 'alpha_1': 5.1813453806614784e-05, 'alpha_2': 9.648792432965603e-05, 'beta_0': 0.1415035723880673, 'beta_1': 14.130184299078838, 'beta_2': 0.19104294050365286, 'beta_3': 7.61793815303916, 'beta_4': 44.22058415266042}. Best is trial 713 with value: 124.40682604489682.
[I 2026-04-01 15:51:49,740] Trial 878 finished with value: 129.19786886673805 and parameters: {'alpha_0': 0.0005766635247105576, 'alpha_1': 5.410861105406154e-05, 'alpha_2': 9.345389560307555e-05, 'beta_0': 0.13556661070913956, 'beta_1': 14.400459269837143, 'beta_2': 0.19260277217276453, 'beta_3': 7.966882083737645, 'beta_4': 45.13584674318008}. Best is trial 713 with value: 124.40682604489682.

⚠ Crash: alpha=[0.0006133607187873828, 5.237468309458345e-05, 9.906248530132375e-05], beta=[0.14724521807933819, 14.214554944916769, 0.19472748555595285, 7.730417927885047, 45.607274086434415], stderr=/opt/homebrew/Cellar/python@3.13/3.13.3_1/Frameworks/Python.framework/Versions/3.13/Resources/Python.app/Contents/MacOS/Python: can't open file '/Users/dipanwitaguhathakurta/Downloads/inference-sim-pa
[I 2026-04-01 15:51:49,798] Trial 879 finished with value: 1000000.0 and parameters: {'alpha_0': 0.0006133607187873828, 'alpha_1': 5.237468309458345e-05, 'alpha_2': 9.906248530132375e-05, 'beta_0': 0.14724521807933819, 'beta_1': 14.214554944916769, 'beta_2': 0.19472748555595285, 'beta_3': 7.730417927885047, 'beta_4': 45.607274086434415}. Best is trial 713 with value: 124.40682604489682.

⚠ Crash: alpha=[0.0005661927920204536, 5.1851451448844706e-05, 0.00010003554424151032], beta=[0.13251363762008359, 14.417827912071468, 0.19035060045584112, 7.815013376118114, 44.38169808355977], stderr=/opt/homebrew/Cellar/python@3.13/3.13.3_1/Frameworks/Python.framework/Versions/3.13/Resources/Python.app/Contents/MacOS/Python: can't open file '/Users/dipanwitaguhathakurta/Downloads/inference-sim-pa
[I 2026-04-01 15:51:49,856] Trial 880 finished with value: 1000000.0 and parameters: {'alpha_0': 0.0005661927920204536, 'alpha_1': 5.1851451448844706e-05, 'alpha_2': 0.00010003554424151032, 'beta_0': 0.13251363762008359, 'beta_1': 14.417827912071468, 'beta_2': 0.19035060045584112, 'beta_3': 7.815013376118114, 'beta_4': 44.38169808355977}. Best is trial 713 with value: 124.40682604489682.Best trial: 713. Best value: 124.407:  88%|████████▊ | 880/1000 [4:05:27<33:56, 16.97s/it]Best trial: 713. Best value: 124.407:  88%|████████▊ | 880/1000 [4:05:27<33:56, 16.97s/it]Best trial: 713. Best value: 124.407:  88%|████████▊ | 881/1000 [4:05:27<18:10,  9.17s/it]                                                                                          Best trial: 713. Best value: 124.407:  88%|████████▊ | 881/1000 [4:05:27<18:10,  9.17s/it]Best trial: 713. Best value: 124.407:  88%|████████▊ | 881/1000 [4:05:27<18:10,  9.17s/it]                                                                                          Best trial: 713. Best value: 124.407:  88%|████████▊ | 882/1000 [4:05:28<18:01,  9.17s/it]Best trial: 713. Best value: 124.407:  88%|████████▊ | 882/1000 [4:05:28<18:01,  9.17s/it]Best trial: 713. Best value: 124.407:  88%|████████▊ | 883/1000 [4:05:28<10:49,  5.55s/it]                                                                                          Best trial: 713. Best value: 124.407:  88%|████████▊ | 883/1000 [4:05:28<10:49,  5.55s/it]Best trial: 713. Best value: 124.407:  88%|████████▊ | 883/1000 [4:05:28<10:49,  5.55s/it]                                                                                          Best trial: 713. Best value: 124.407:  88%|████████▊ | 884/1000 [4:05:28<10:43,  5.55s/it]Best trial: 713. Best value: 124.407:  88%|████████▊ | 884/1000 [4:05:28<10:43,  5.55s/it]                                                                                          Best trial: 713. Best value: 124.407:  88%|████████▊ | 885/1000 [4:05:28<10:37,  5.55s/it]Best trial: 713. Best value: 124.407:  88%|████████▊ | 885/1000 [4:05:28<10:37,  5.55s/it]Best trial: 713. Best value: 124.407:  89%|████████▊ | 886/1000 [4:05:28<05:43,  3.02s/it]                                                                                          Best trial: 713. Best value: 124.407:  89%|████████▊ | 886/1000 [4:05:28<05:43,  3.02s/it]Best trial: 713. Best value: 124.407:  89%|████████▊ | 886/1000 [4:05:28<05:43,  3.02s/it]                                                                                          Best trial: 713. Best value: 124.407:  89%|████████▊ | 887/1000 [4:05:28<05:40,  3.02s/it]Best trial: 713. Best value: 124.407:  89%|████████▊ | 887/1000 [4:05:28<05:40,  3.02s/it]Best trial: 713. Best value: 124.407:  89%|████████▉ | 888/1000 [4:05:28<03:56,  2.11s/it]                                                                                          Best trial: 713. Best value: 124.407:  89%|████████▉ | 888/1000 [4:05:28<03:56,  2.11s/it]Best trial: 713. Best value: 124.407:  89%|████████▉ | 888/1000 [4:05:28<03:56,  2.11s/it]                                                                                          Best trial: 713. Best value: 124.407:  89%|████████▉ | 889/1000 [4:05:28<03:54,  2.11s/it]Best trial: 713. Best value: 124.407:  89%|████████▉ | 889/1000 [4:05:28<03:54,  2.11s/it]                                                                                          Best trial: 713. Best value: 124.407:  89%|████████▉ | 890/1000 [4:05:28<03:52,  2.11s/it]Best trial: 713. Best value: 124.407:  89%|████████▉ | 890/1000 [4:05:28<03:52,  2.11s/it]Best trial: 713. Best value: 124.407:  89%|████████▉ | 891/1000 [4:05:28<02:21,  1.30s/it]

⚠ Crash: alpha=[0.0006377940353643727, 5.6093324110062824e-05, 9.756893680443804e-05], beta=[0.1378680928379286, 14.546575255285328, 0.19449197105044103, 7.967913267429871, 44.96109072279606], stderr=/opt/homebrew/Cellar/python@3.13/3.13.3_1/Frameworks/Python.framework/Versions/3.13/Resources/Python.app/Contents/MacOS/Python: can't open file '/Users/dipanwitaguhathakurta/Downloads/inference-sim-pa
[I 2026-04-01 15:51:49,914] Trial 881 finished with value: 1000000.0 and parameters: {'alpha_0': 0.0006377940353643727, 'alpha_1': 5.6093324110062824e-05, 'alpha_2': 9.756893680443804e-05, 'beta_0': 0.1378680928379286, 'beta_1': 14.546575255285328, 'beta_2': 0.19449197105044103, 'beta_3': 7.967913267429871, 'beta_4': 44.96109072279606}. Best is trial 713 with value: 124.40682604489682.

⚠ Crash: alpha=[0.0005859699155692087, 5.188181597620777e-05, 0.00010742413297591699], beta=[0.12893609117219954, 14.340256179810448, 0.19232031865482077, 7.557005359421211, 45.904541920722906], stderr=/opt/homebrew/Cellar/python@3.13/3.13.3_1/Frameworks/Python.framework/Versions/3.13/Resources/Python.app/Contents/MacOS/Python: can't open file '/Users/dipanwitaguhathakurta/Downloads/inference-sim-pa
[I 2026-04-01 15:51:49,969] Trial 882 finished with value: 1000000.0 and parameters: {'alpha_0': 0.0005859699155692087, 'alpha_1': 5.188181597620777e-05, 'alpha_2': 0.00010742413297591699, 'beta_0': 0.12893609117219954, 'beta_1': 14.340256179810448, 'beta_2': 0.19232031865482077, 'beta_3': 7.557005359421211, 'beta_4': 45.904541920722906}. Best is trial 713 with value: 124.40682604489682.

⚠ Crash: alpha=[0.0006702723166551676, 5.427595220399971e-05, 0.00010448516851536536], beta=[0.1437470243320348, 14.646655745975233, 0.19535244638815008, 7.67741057294092, 46.617518877622295], stderr=/opt/homebrew/Cellar/python@3.13/3.13.3_1/Frameworks/Python.framework/Versions/3.13/Resources/Python.app/Contents/MacOS/Python: can't open file '/Users/dipanwitaguhathakurta/Downloads/inference-sim-pa
[I 2026-04-01 15:51:50,014] Trial 883 finished with value: 1000000.0 and parameters: {'alpha_0': 0.0006702723166551676, 'alpha_1': 5.427595220399971e-05, 'alpha_2': 0.00010448516851536536, 'beta_0': 0.1437470243320348, 'beta_1': 14.646655745975233, 'beta_2': 0.19535244638815008, 'beta_3': 7.67741057294092, 'beta_4': 46.617518877622295}. Best is trial 713 with value: 124.40682604489682.

⚠ Crash: alpha=[0.0005608680946294935, 5.179586298076573e-05, 0.00010085870331931399], beta=[0.13005004962036504, 14.197220122112839, 0.19022028241275907, 7.804239424682721, 45.442907814260046], stderr=/opt/homebrew/Cellar/python@3.13/3.13.3_1/Frameworks/Python.framework/Versions/3.13/Resources/Python.app/Contents/MacOS/Python: can't open file '/Users/dipanwitaguhathakurta/Downloads/inference-sim-pa
