[I 2026-04-01 12:10:35,025] Trial 84 finished with value: 135.35326427399076 and parameters: {'alpha_0': 0.002213617053279635, 'alpha_1': 5.582961167998336e-05, 'alpha_2': 0.00010603068292498527, 'beta_0': 0.10994373616388893, 'beta_1': 12.564646700738345, 'beta_2': 0.22992839561726777, 'beta_3': 6.88637085767911, 'beta_4': 31.447959289150244}. Best is trial 75 with value: 129.31044877346943.Best trial: 75. Best value: 129.31:   8%|▊         | 84/1000 [24:13<4:13:49, 16.63s/it]Best trial: 75. Best value: 129.31:   8%|▊         | 84/1000 [24:13<4:13:49, 16.63s/it]Best trial: 75. Best value: 129.31:   8%|▊         | 85/1000 [24:13<4:13:16, 16.61s/it]                                                                                       Best trial: 75. Best value: 129.31:   8%|▊         | 85/1000 [24:29<4:13:16, 16.61s/it]Best trial: 75. Best value: 129.31:   8%|▊         | 85/1000 [24:29<4:13:16, 16.61s/it]Best trial: 75. Best value: 129.31:   9%|▊         | 86/1000 [24:29<4:13:15, 16.62s/it]                                                                                       Best trial: 75. Best value: 129.31:   9%|▊         | 86/1000 [24:46<4:13:15, 16.62s/it]Best trial: 75. Best value: 129.31:   9%|▊         | 86/1000 [24:46<4:13:15, 16.62s/it]Best trial: 75. Best value: 129.31:   9%|▊         | 87/1000 [24:46<4:12:26, 16.59s/it]                                                                                       Best trial: 75. Best value: 129.31:   9%|▊         | 87/1000 [25:02<4:12:26, 16.59s/it]Best trial: 75. Best value: 129.31:   9%|▊         | 87/1000 [25:02<4:12:26, 16.59s/it]Best trial: 75. Best value: 129.31:   9%|▉         | 88/1000 [25:02<4:12:37, 16.62s/it]                                                                                       Best trial: 75. Best value: 129.31:   9%|▉         | 88/1000 [25:19<4:12:37, 16.62s/it]Best trial: 75. Best value: 129.31:   9%|▉         | 88/1000 [25:19<4:12:37, 16.62s/it]Best trial: 75. Best value: 129.31:   9%|▉         | 89/1000 [25:19<4:12:57, 16.66s/it]                                                                                       Best trial: 75. Best value: 129.31:   9%|▉         | 89/1000 [25:36<4:12:57, 16.66s/it]Best trial: 75. Best value: 129.31:   9%|▉         | 89/1000 [25:36<4:12:57, 16.66s/it]Best trial: 75. Best value: 129.31:   9%|▉         | 90/1000 [25:36<4:14:22, 16.77s/it]                                                                                       Best trial: 75. Best value: 129.31:   9%|▉         | 90/1000 [25:53<4:14:22, 16.77s/it]Best trial: 75. Best value: 129.31:   9%|▉         | 90/1000 [25:53<4:14:22, 16.77s/it]Best trial: 75. Best value: 129.31:   9%|▉         | 91/1000 [25:53<4:13:20, 16.72s/it]                                                                                       Best trial: 75. Best value: 129.31:   9%|▉         | 91/1000 [26:09<4:13:20, 16.72s/it]Best trial: 75. Best value: 129.31:   9%|▉         | 91/1000 [26:09<4:13:20, 16.72s/it]Best trial: 75. Best value: 129.31:   9%|▉         | 92/1000 [26:09<4:12:38, 16.69s/it]                                                                                       Best trial: 75. Best value: 129.31:   9%|▉         | 92/1000 [26:26<4:12:38, 16.69s/it]Best trial: 75. Best value: 129.31:   9%|▉         | 92/1000 [26:26<4:12:38, 16.69s/it]Best trial: 75. Best value: 129.31:   9%|▉         | 93/1000 [26:26<4:11:47, 16.66s/it]                                                                                       Best trial: 75. Best value: 129.31:   9%|▉         | 93/1000 [26:43<4:11:47, 16.66s/it]Best trial: 75. Best value: 129.31:   9%|▉         | 93/1000 [26:43<4:11:47, 16.66s/it]Best trial: 75. Best value: 129.31:   9%|▉         | 94/1000 [26:43<4:12:15, 16.71s/it]                                                                                       Best trial: 75. Best value: 129.31:   9%|▉         | 94/1000 [27:00<4:12:15, 16.71s/it]Best trial: 75. Best value: 129.31:   9%|▉         | 94/1000 [27:00<4:12:15, 16.71s/it]Best trial: 75. Best value: 129.31:  10%|▉         | 95/1000 [27:00<4:11:47, 16.69s/it]                                                                                       Best trial: 75. Best value: 129.31:  10%|▉         | 95/1000 [27:16<4:11:47, 16.69s/it]Best trial: 75. Best value: 129.31:  10%|▉         | 95/1000 [27:16<4:11:47, 16.69s/it]Best trial: 75. Best value: 129.31:  10%|▉         | 96/1000 [27:16<4:11:10, 16.67s/it]                                                                                       Best trial: 75. Best value: 129.31:  10%|▉         | 96/1000 [27:33<4:11:10, 16.67s/it]Best trial: 75. Best value: 129.31:  10%|▉         | 96/1000 [27:33<4:11:10, 16.67s/it]Best trial: 75. Best value: 129.31:  10%|▉         | 97/1000 [27:33<4:10:26, 16.64s/it]                                                                                       Best trial: 75. Best value: 129.31:  10%|▉         | 97/1000 [27:51<4:10:26, 16.64s/it]Best trial: 75. Best value: 129.31:  10%|▉         | 97/1000 [27:51<4:10:26, 16.64s/it]Best trial: 75. Best value: 129.31:  10%|▉         | 98/1000 [27:51<4:16:02, 17.03s/it]                                                                                       Best trial: 75. Best value: 129.31:  10%|▉         | 98/1000 [28:08<4:16:02, 17.03s/it]Best trial: 75. Best value: 129.31:  10%|▉         | 98/1000 [28:08<4:16:02, 17.03s/it]Best trial: 75. Best value: 129.31:  10%|▉         | 99/1000 [28:08<4:15:06, 16.99s/it]                                                                                       Best trial: 75. Best value: 129.31:  10%|▉         | 99/1000 [28:24<4:15:06, 16.99s/it]Best trial: 75. Best value: 129.31:  10%|▉         | 99/1000 [28:24<4:15:06, 16.99s/it]Best trial: 75. Best value: 129.31:  10%|█         | 100/1000 [28:24<4:14:20, 16.96s/it]                                                                                        Best trial: 75. Best value: 129.31:  10%|█         | 100/1000 [28:41<4:14:20, 16.96s/it]Best trial: 75. Best value: 129.31:  10%|█         | 100/1000 [28:41<4:14:20, 16.96s/it]Best trial: 75. Best value: 129.31:  10%|█         | 101/1000 [28:41<4:12:33, 16.86s/it]                                                                                        Best trial: 75. Best value: 129.31:  10%|█         | 101/1000 [28:58<4:12:33, 16.86s/it]Best trial: 75. Best value: 129.31:  10%|█         | 101/1000 [28:58<4:12:33, 16.86s/it]Best trial: 75. Best value: 129.31:  10%|█         | 102/1000 [28:58<4:11:32, 16.81s/it]                                                                                        Best trial: 75. Best value: 129.31:  10%|█         | 102/1000 [29:14<4:11:32, 16.81s/it]Best trial: 75. Best value: 129.31:  10%|█         | 102/1000 [29:14<4:11:32, 16.81s/it]Best trial: 75. Best value: 129.31:  10%|█         | 103/1000 [29:14<4:10:12, 16.74s/it]                                                                                        Best trial: 75. Best value: 129.31:  10%|█         | 103/1000 [29:31<4:10:12, 16.74s/it]Best trial: 75. Best value: 129.31:  10%|█         | 103/1000 [29:31<4:10:12, 16.74s/it]Best trial: 75. Best value: 129.31:  10%|█         | 104/1000 [29:31<4:09:31, 16.71s/it]                                                                                        Best trial: 75. Best value: 129.31:  10%|█         | 104/1000 [29:48<4:09:31, 16.71s/it]Best trial: 75. Best value: 129.31:  10%|█         | 104/1000 [29:48<4:09:31, 16.71s/it]Best trial: 75. Best value: 129.31:  10%|█         | 105/1000 [29:48<4:08:41, 16.67s/it]                                                                                        
[I 2026-04-01 12:10:51,688] Trial 85 finished with value: 133.01692122895003 and parameters: {'alpha_0': 0.0018513873201871354, 'alpha_1': 5.2834057179526355e-05, 'alpha_2': 0.00011468071383541947, 'beta_0': 0.13892843985056852, 'beta_1': 13.03424858100929, 'beta_2': 0.23372688151403054, 'beta_3': 6.516617512905581, 'beta_4': 23.299643228290893}. Best is trial 75 with value: 129.31044877346943.
[I 2026-04-01 12:11:08,197] Trial 86 finished with value: 141.52212145306981 and parameters: {'alpha_0': 0.0015320032605015232, 'alpha_1': 6.332114507736424e-05, 'alpha_2': 9.801400134379714e-05, 'beta_0': 0.09267311461330428, 'beta_1': 13.657818696219206, 'beta_2': 0.22664390631480727, 'beta_3': 7.204948072097175, 'beta_4': 24.45088217267924}. Best is trial 75 with value: 129.31044877346943.
[I 2026-04-01 12:11:24,887] Trial 87 finished with value: 134.75324319852837 and parameters: {'alpha_0': 0.00175116264425026, 'alpha_1': 5.667281301273646e-05, 'alpha_2': 0.00010911855318041456, 'beta_0': 0.12028124761710504, 'beta_1': 14.432014859774101, 'beta_2': 0.24298516927405686, 'beta_3': 6.143536189325117, 'beta_4': 27.437053272766637}. Best is trial 75 with value: 129.31044877346943.
[I 2026-04-01 12:11:41,640] Trial 88 finished with value: 139.51443247266496 and parameters: {'alpha_0': 0.00169480041992639, 'alpha_1': 6.0317643874986746e-05, 'alpha_2': 0.00011296462571398948, 'beta_0': 0.10696944695829155, 'beta_1': 13.272208472730977, 'beta_2': 0.21800746910102287, 'beta_3': 5.868417622622456, 'beta_4': 29.514717333503917}. Best is trial 75 with value: 129.31044877346943.
[I 2026-04-01 12:11:58,674] Trial 89 finished with value: 145.5972243221653 and parameters: {'alpha_0': 0.001954510687986186, 'alpha_1': 6.624583267973262e-05, 'alpha_2': 0.00011705890035718578, 'beta_0': 0.13002707143869338, 'beta_1': 14.67941852212544, 'beta_2': 0.21318028679964396, 'beta_3': 6.951210008800356, 'beta_4': 28.242973899626154}. Best is trial 75 with value: 129.31044877346943.
[I 2026-04-01 12:12:15,279] Trial 90 finished with value: 131.43285926703905 and parameters: {'alpha_0': 0.0018501843291247122, 'alpha_1': 5.2261304486870416e-05, 'alpha_2': 9.424464919261048e-05, 'beta_0': 0.09548084313802022, 'beta_1': 11.83677167934405, 'beta_2': 0.20853034132072257, 'beta_3': 6.370713312655153, 'beta_4': 34.20127478432593}. Best is trial 75 with value: 129.31044877346943.
[I 2026-04-01 12:12:31,908] Trial 91 finished with value: 130.0564906388662 and parameters: {'alpha_0': 0.0021179218912167493, 'alpha_1': 5.214472252997018e-05, 'alpha_2': 9.800050800774988e-05, 'beta_0': 0.0885916344205025, 'beta_1': 13.831677211946404, 'beta_2': 0.22365107125400843, 'beta_3': 6.462218808464143, 'beta_4': 30.174605297242852}. Best is trial 75 with value: 129.31044877346943.
[I 2026-04-01 12:12:48,478] Trial 92 finished with value: 133.30947553100657 and parameters: {'alpha_0': 0.0020887947177748744, 'alpha_1': 5.619666019232442e-05, 'alpha_2': 0.00010122916970334108, 'beta_0': 0.08453684731297255, 'beta_1': 14.22816745503442, 'beta_2': 0.22407992187074793, 'beta_3': 7.317989455438642, 'beta_4': 25.834949578918742}. Best is trial 75 with value: 129.31044877346943.
[I 2026-04-01 12:13:05,298] Trial 93 finished with value: 131.00423411488472 and parameters: {'alpha_0': 0.0021764640030190923, 'alpha_1': 5.303652216753525e-05, 'alpha_2': 0.00010790428028587748, 'beta_0': 0.11126442375583552, 'beta_1': 13.81895350351031, 'beta_2': 0.20259643877986416, 'beta_3': 6.588244839898978, 'beta_4': 21.70007523656165}. Best is trial 75 with value: 129.31044877346943.
[I 2026-04-01 12:13:21,963] Trial 94 finished with value: 137.67751204921467 and parameters: {'alpha_0': 0.0017978985867804517, 'alpha_1': 5.8732588646431525e-05, 'alpha_2': 9.831568569360537e-05, 'beta_0': 0.10185203949511475, 'beta_1': 13.113330700535471, 'beta_2': 0.2208551250852006, 'beta_3': 6.782423025519632, 'beta_4': 30.05812035477418}. Best is trial 75 with value: 129.31044877346943.
[I 2026-04-01 12:13:38,581] Trial 95 finished with value: 130.22425232890504 and parameters: {'alpha_0': 0.0019405485648924905, 'alpha_1': 5.1782049626895665e-05, 'alpha_2': 9.583897106529287e-05, 'beta_0': 0.09190724631607955, 'beta_1': 13.458530673855934, 'beta_2': 0.22577670533352534, 'beta_3': 6.668885924095352, 'beta_4': 26.748689238538457}. Best is trial 75 with value: 129.31044877346943.
[I 2026-04-01 12:13:55,152] Trial 96 finished with value: 134.46413121358353 and parameters: {'alpha_0': 0.0019325775827013826, 'alpha_1': 5.581465616170258e-05, 'alpha_2': 4.007086599255133e-05, 'beta_0': 0.09048444596173562, 'beta_1': 13.401825540918392, 'beta_2': 0.24935282493193056, 'beta_3': 6.97570054663535, 'beta_4': 26.443435321535414}. Best is trial 75 with value: 129.31044877346943.
[I 2026-04-01 12:14:13,095] Trial 97 finished with value: 148.15369485958473 and parameters: {'alpha_0': 0.0020194325305719174, 'alpha_1': 5.199676018805526e-05, 'alpha_2': 9.536998030442976e-05, 'beta_0': 0.19609434751709115, 'beta_1': 12.382543157281361, 'beta_2': 0.2328556806792003, 'beta_3': 6.2313034316269516, 'beta_4': 24.756520962388546}. Best is trial 75 with value: 129.31044877346943.
[I 2026-04-01 12:14:29,981] Trial 98 finished with value: 140.24562354572848 and parameters: {'alpha_0': 0.0016037090371118598, 'alpha_1': 6.15003327308096e-05, 'alpha_2': 0.00010239738074905727, 'beta_0': 0.08205448829206613, 'beta_1': 12.885665424216487, 'beta_2': 0.1963404134917743, 'beta_3': 6.808755222096157, 'beta_4': 27.246826036882563}. Best is trial 75 with value: 129.31044877346943.
[I 2026-04-01 12:14:46,862] Trial 99 finished with value: 199.7771799008495 and parameters: {'alpha_0': 0.001858061921195808, 'alpha_1': 9.815735527176496e-05, 'alpha_2': 9.176791338831808e-05, 'beta_0': 0.11944726397659153, 'beta_1': 14.040447553678234, 'beta_2': 0.21732864269651003, 'beta_3': 6.649459710993137, 'beta_4': 25.373382436113157}. Best is trial 75 with value: 129.31044877346943.
[I 2026-04-01 12:15:03,485] Trial 100 finished with value: 152.81093918529785 and parameters: {'alpha_0': 0.002059123499832703, 'alpha_1': 7.044666966493755e-05, 'alpha_2': 0.00010008352092874321, 'beta_0': 0.12431442281510875, 'beta_1': 14.534800433121475, 'beta_2': 0.2126567133592622, 'beta_3': 7.570571998980567, 'beta_4': 23.38549301713146}. Best is trial 75 with value: 129.31044877346943.
[I 2026-04-01 12:15:20,177] Trial 101 finished with value: 129.63013951051914 and parameters: {'alpha_0': 0.0021176868389115805, 'alpha_1': 5.195522451142574e-05, 'alpha_2': 0.00010551338285088387, 'beta_0': 0.09766248466342506, 'beta_1': 13.712108867791553, 'beta_2': 0.2270914799557014, 'beta_3': 6.458648188128235, 'beta_4': 28.432100961177298}. Best is trial 75 with value: 129.31044877346943.
[I 2026-04-01 12:15:36,750] Trial 102 finished with value: 130.41760239509802 and parameters: {'alpha_0': 0.001990898058998653, 'alpha_1': 5.1697556956559475e-05, 'alpha_2': 0.00010552811263733625, 'beta_0': 0.07814989816539586, 'beta_1': 13.518044283599316, 'beta_2': 0.23092842643726208, 'beta_3': 6.406337861811005, 'beta_4': 27.98859398515307}. Best is trial 75 with value: 129.31044877346943.
[I 2026-04-01 12:15:53,396] Trial 103 finished with value: 129.51179887632165 and parameters: {'alpha_0': 0.0019803291117816905, 'alpha_1': 5.137530837023354e-05, 'alpha_2': 0.00010520753015514354, 'beta_0': 0.09522830437996778, 'beta_1': 14.228507710884868, 'beta_2': 0.2315319212274648, 'beta_3': 5.916349751102914, 'beta_4': 28.399786230645418}. Best is trial 75 with value: 129.31044877346943.
[I 2026-04-01 12:16:09,980] Trial 104 finished with value: 132.37079651968156 and parameters: {'alpha_0': 0.0019931821587913373, 'alpha_1': 5.545750323760498e-05, 'alpha_2': 0.00010522332486228743, 'beta_0': 0.07970788831819753, 'beta_1': 14.823245758118581, 'beta_2': 0.229270579633116, 'beta_3': 6.0535182682574185, 'beta_4': 28.29190081125164}. Best is trial 75 with value: 129.31044877346943.
