[I 2026-04-01 15:51:53,982] Trial 960 finished with value: 1000000.0 and parameters: {'alpha_0': 0.0006322273659717011, 'alpha_1': 5.003685717716085e-05, 'alpha_2': 9.687132275169775e-05, 'beta_0': 0.12836726356114012, 'beta_1': 14.51214211667057, 'beta_2': 0.20252315868388918, 'beta_3': 7.72441558782201, 'beta_4': 47.60417773390493}. Best is trial 713 with value: 124.40682604489682.

⚠ Crash: alpha=[0.0005764578301176007, 5.438792053261827e-05, 0.00010797353123413915], beta=[0.1321424135630529, 14.99514266533876, 0.19941573840229565, 7.99798439477209, 46.64089813145051], stderr=/opt/homebrew/Cellar/python@3.13/3.13.3_1/Frameworks/Python.framework/Versions/3.13/Resources/Python.app/Contents/MacOS/Python: can't open file '/Users/dipanwitaguhathakurta/Downloads/inference-sim-pa
[I 2026-04-01 15:51:54,040] Trial 961 finished with value: 1000000.0 and parameters: {'alpha_0': 0.0005764578301176007, 'alpha_1': 5.438792053261827e-05, 'alpha_2': 0.00010797353123413915, 'beta_0': 0.1321424135630529, 'beta_1': 14.99514266533876, 'beta_2': 0.19941573840229565, 'beta_3': 7.99798439477209, 'beta_4': 46.64089813145051}. Best is trial 713 with value: 124.40682604489682.

⚠ Crash: alpha=[0.000534638571319111, 5.318467067117282e-05, 0.00010603321249750723], beta=[0.138816449932138, 14.304755956366149, 0.19149065025876183, 7.364858715253912, 48.411898421551335], stderr=/opt/homebrew/Cellar/python@3.13/3.13.3_1/Frameworks/Python.framework/Versions/3.13/Resources/Python.app/Contents/MacOS/Python: can't open file '/Users/dipanwitaguhathakurta/Downloads/inference-sim-pa
[I 2026-04-01 15:51:54,101] Trial 962 finished with value: 1000000.0 and parameters: {'alpha_0': 0.000534638571319111, 'alpha_1': 5.318467067117282e-05, 'alpha_2': 0.00010603321249750723, 'beta_0': 0.138816449932138, 'beta_1': 14.304755956366149, 'beta_2': 0.19149065025876183, 'beta_3': 7.364858715253912, 'beta_4': 48.411898421551335}. Best is trial 713 with value: 124.40682604489682.

⚠ Crash: alpha=[0.0005009020452655109, 5.566195614621341e-05, 9.895255311033996e-05], beta=[0.11946811911082242, 14.675492736431096, 0.19535362196808423, 7.8459298540077995, 49.25718014392233], stderr=/opt/homebrew/Cellar/python@3.13/3.13.3_1/Frameworks/Python.framework/Versions/3.13/Resources/Python.app/Contents/MacOS/Python: can't open file '/Users/dipanwitaguhathakurta/Downloads/inference-sim-pa
[I 2026-04-01 15:51:54,158] Trial 963 finished with value: 1000000.0 and parameters: {'alpha_0': 0.0005009020452655109, 'alpha_1': 5.566195614621341e-05, 'alpha_2': 9.895255311033996e-05, 'beta_0': 0.11946811911082242, 'beta_1': 14.675492736431096, 'beta_2': 0.19535362196808423, 'beta_3': 7.8459298540077995, 'beta_4': 49.25718014392233}. Best is trial 713 with value: 124.40682604489682.

⚠ Crash: alpha=[0.0006258295010440934, 5.171336300839637e-05, 0.00010463987389444952], beta=[0.12493681358608455, 14.817515188984649, 0.19779439093099194, 7.6405570300905, 46.10081233261219], stderr=/opt/homebrew/Cellar/python@3.13/3.13.3_1/Frameworks/Python.framework/Versions/3.13/Resources/Python.app/Contents/MacOS/Python: can't open file '/Users/dipanwitaguhathakurta/Downloads/inference-sim-pa
[I 2026-04-01 15:51:54,214] Trial 964 finished with value: 1000000.0 and parameters: {'alpha_0': 0.0006258295010440934, 'alpha_1': 5.171336300839637e-05, 'alpha_2': 0.00010463987389444952, 'beta_0': 0.12493681358608455, 'beta_1': 14.817515188984649, 'beta_2': 0.19779439093099194, 'beta_3': 7.6405570300905, 'beta_4': 46.10081233261219}. Best is trial 713 with value: 124.40682604489682.Best trial: 713. Best value: 124.407:  96%|█████████▋| 964/1000 [4:05:32<00:01, 18.02it/s]Best trial: 713. Best value: 124.407:  96%|█████████▋| 964/1000 [4:05:32<00:01, 18.02it/s]Best trial: 713. Best value: 124.407:  96%|█████████▋| 965/1000 [4:05:32<00:01, 17.94it/s]                                                                                          Best trial: 713. Best value: 124.407:  96%|█████████▋| 965/1000 [4:05:32<00:01, 17.94it/s]Best trial: 713. Best value: 124.407:  96%|█████████▋| 965/1000 [4:05:32<00:01, 17.94it/s]                                                                                          Best trial: 713. Best value: 124.407:  97%|█████████▋| 966/1000 [4:05:32<00:01, 17.94it/s]Best trial: 713. Best value: 124.407:  97%|█████████▋| 966/1000 [4:05:32<00:01, 17.94it/s]Best trial: 713. Best value: 124.407:  97%|█████████▋| 967/1000 [4:05:32<00:01, 17.88it/s]                                                                                          Best trial: 713. Best value: 124.407:  97%|█████████▋| 967/1000 [4:05:32<00:01, 17.88it/s]Best trial: 713. Best value: 124.407:  97%|█████████▋| 967/1000 [4:05:32<00:01, 17.88it/s]                                                                                          Best trial: 713. Best value: 124.407:  97%|█████████▋| 968/1000 [4:05:32<00:01, 17.88it/s]Best trial: 713. Best value: 124.407:  97%|█████████▋| 968/1000 [4:05:32<00:01, 17.88it/s]Best trial: 713. Best value: 124.407:  97%|█████████▋| 969/1000 [4:05:32<00:01, 18.34it/s]                                                                                          Best trial: 713. Best value: 124.407:  97%|█████████▋| 969/1000 [4:05:32<00:01, 18.34it/s]Best trial: 713. Best value: 124.407:  97%|█████████▋| 969/1000 [4:05:32<00:01, 18.34it/s]                                                                                          Best trial: 713. Best value: 124.407:  97%|█████████▋| 970/1000 [4:05:32<00:01, 18.34it/s]Best trial: 713. Best value: 124.407:  97%|█████████▋| 970/1000 [4:05:32<00:01, 18.34it/s]Best trial: 713. Best value: 124.407:  97%|█████████▋| 971/1000 [4:05:32<00:01, 18.30it/s]                                                                                          Best trial: 713. Best value: 124.407:  97%|█████████▋| 971/1000 [4:05:32<00:01, 18.30it/s]Best trial: 713. Best value: 124.407:  97%|█████████▋| 971/1000 [4:05:32<00:01, 18.30it/s]                                                                                          Best trial: 713. Best value: 124.407:  97%|█████████▋| 972/1000 [4:05:32<00:01, 18.30it/s]Best trial: 713. Best value: 124.407:  97%|█████████▋| 972/1000 [4:05:32<00:01, 18.30it/s]Best trial: 713. Best value: 124.407:  97%|█████████▋| 973/1000 [4:05:32<00:01, 18.04it/s]                                                                                          Best trial: 713. Best value: 124.407:  97%|█████████▋| 973/1000 [4:05:32<00:01, 18.04it/s]Best trial: 713. Best value: 124.407:  97%|█████████▋| 973/1000 [4:05:32<00:01, 18.04it/s]                                                                                          Best trial: 713. Best value: 124.407:  97%|█████████▋| 974/1000 [4:05:32<00:01, 18.04it/s]Best trial: 713. Best value: 124.407:  97%|█████████▋| 974/1000 [4:05:32<00:01, 18.04it/s]Best trial: 713. Best value: 124.407:  98%|█████████▊| 975/1000 [4:05:32<00:01, 18.19it/s]

⚠ Crash: alpha=[0.0005975395791788347, 5.1546253586097905e-05, 8.158638979968934e-05], beta=[0.14911251777904186, 7.510407685632256, 0.19348002600036338, 7.73154562220453, 47.35981823923799], stderr=/opt/homebrew/Cellar/python@3.13/3.13.3_1/Frameworks/Python.framework/Versions/3.13/Resources/Python.app/Contents/MacOS/Python: can't open file '/Users/dipanwitaguhathakurta/Downloads/inference-sim-pa
[I 2026-04-01 15:51:54,268] Trial 965 finished with value: 1000000.0 and parameters: {'alpha_0': 0.0005975395791788347, 'alpha_1': 5.1546253586097905e-05, 'alpha_2': 8.158638979968934e-05, 'beta_0': 0.14911251777904186, 'beta_1': 7.510407685632256, 'beta_2': 0.19348002600036338, 'beta_3': 7.73154562220453, 'beta_4': 47.35981823923799}. Best is trial 713 with value: 124.40682604489682.

⚠ Crash: alpha=[0.0006877629527841763, 5.5110325982219556e-05, 0.00010293715317599601], beta=[0.1160466210417722, 14.085889219615169, 0.18914840342773723, 7.837634097274964, 44.51050973953923], stderr=/opt/homebrew/Cellar/python@3.13/3.13.3_1/Frameworks/Python.framework/Versions/3.13/Resources/Python.app/Contents/MacOS/Python: can't open file '/Users/dipanwitaguhathakurta/Downloads/inference-sim-pa
[I 2026-04-01 15:51:54,326] Trial 966 finished with value: 1000000.0 and parameters: {'alpha_0': 0.0006877629527841763, 'alpha_1': 5.5110325982219556e-05, 'alpha_2': 0.00010293715317599601, 'beta_0': 0.1160466210417722, 'beta_1': 14.085889219615169, 'beta_2': 0.18914840342773723, 'beta_3': 7.837634097274964, 'beta_4': 44.51050973953923}. Best is trial 713 with value: 124.40682604489682.

⚠ Crash: alpha=[0.0006577420211000194, 5.320872534568861e-05, 0.00010107431872089732], beta=[0.10611701177262435, 14.495615648479774, 0.19682891579322545, 4.643376196822599, 45.38314511798892], stderr=/opt/homebrew/Cellar/python@3.13/3.13.3_1/Frameworks/Python.framework/Versions/3.13/Resources/Python.app/Contents/MacOS/Python: can't open file '/Users/dipanwitaguhathakurta/Downloads/inference-sim-pa
[I 2026-04-01 15:51:54,379] Trial 967 finished with value: 1000000.0 and parameters: {'alpha_0': 0.0006577420211000194, 'alpha_1': 5.320872534568861e-05, 'alpha_2': 0.00010107431872089732, 'beta_0': 0.10611701177262435, 'beta_1': 14.495615648479774, 'beta_2': 0.19682891579322545, 'beta_3': 4.643376196822599, 'beta_4': 45.38314511798892}. Best is trial 713 with value: 124.40682604489682.

⚠ Crash: alpha=[0.0005711248319051735, 5.0104536510973364e-05, 0.00010322427962368484], beta=[0.12945606957297487, 14.66923944629379, 0.2012768703068095, 7.51507425151318, 46.96008587596405], stderr=/opt/homebrew/Cellar/python@3.13/3.13.3_1/Frameworks/Python.framework/Versions/3.13/Resources/Python.app/Contents/MacOS/Python: can't open file '/Users/dipanwitaguhathakurta/Downloads/inference-sim-pa
[I 2026-04-01 15:51:54,428] Trial 968 finished with value: 1000000.0 and parameters: {'alpha_0': 0.0005711248319051735, 'alpha_1': 5.0104536510973364e-05, 'alpha_2': 0.00010322427962368484, 'beta_0': 0.12945606957297487, 'beta_1': 14.66923944629379, 'beta_2': 0.2012768703068095, 'beta_3': 7.51507425151318, 'beta_4': 46.96008587596405}. Best is trial 713 with value: 124.40682604489682.

⚠ Crash: alpha=[0.0006264752077775876, 5.001594787477633e-05, 0.00010556373501943034], beta=[0.1346678285367393, 14.773210598535591, 0.19168476436548307, 7.599687882208187, 47.86618291251619], stderr=/opt/homebrew/Cellar/python@3.13/3.13.3_1/Frameworks/Python.framework/Versions/3.13/Resources/Python.app/Contents/MacOS/Python: can't open file '/Users/dipanwitaguhathakurta/Downloads/inference-sim-pa
[I 2026-04-01 15:51:54,484] Trial 969 finished with value: 1000000.0 and parameters: {'alpha_0': 0.0006264752077775876, 'alpha_1': 5.001594787477633e-05, 'alpha_2': 0.00010556373501943034, 'beta_0': 0.1346678285367393, 'beta_1': 14.773210598535591, 'beta_2': 0.19168476436548307, 'beta_3': 7.599687882208187, 'beta_4': 47.86618291251619}. Best is trial 713 with value: 124.40682604489682.

⚠ Crash: alpha=[0.0005375491589435442, 5.319599591751594e-05, 0.00010022937756551086], beta=[0.17202140107629724, 9.059214533895247, 0.19462915868579073, 7.9055011290544215, 48.75140487052043], stderr=/opt/homebrew/Cellar/python@3.13/3.13.3_1/Frameworks/Python.framework/Versions/3.13/Resources/Python.app/Contents/MacOS/Python: can't open file '/Users/dipanwitaguhathakurta/Downloads/inference-sim-pa
[I 2026-04-01 15:51:54,538] Trial 970 finished with value: 1000000.0 and parameters: {'alpha_0': 0.0005375491589435442, 'alpha_1': 5.319599591751594e-05, 'alpha_2': 0.00010022937756551086, 'beta_0': 0.17202140107629724, 'beta_1': 9.059214533895247, 'beta_2': 0.19462915868579073, 'beta_3': 7.9055011290544215, 'beta_4': 48.75140487052043}. Best is trial 713 with value: 124.40682604489682.

⚠ Crash: alpha=[0.0006020596279602369, 5.81537768456068e-05, 9.479349923152424e-05], beta=[0.12568633663261344, 14.354815596461755, 0.19877528957433796, 7.765790638884418, 46.274744705789445], stderr=/opt/homebrew/Cellar/python@3.13/3.13.3_1/Frameworks/Python.framework/Versions/3.13/Resources/Python.app/Contents/MacOS/Python: can't open file '/Users/dipanwitaguhathakurta/Downloads/inference-sim-pa
[I 2026-04-01 15:51:54,598] Trial 971 finished with value: 1000000.0 and parameters: {'alpha_0': 0.0006020596279602369, 'alpha_1': 5.81537768456068e-05, 'alpha_2': 9.479349923152424e-05, 'beta_0': 0.12568633663261344, 'beta_1': 14.354815596461755, 'beta_2': 0.19877528957433796, 'beta_3': 7.765790638884418, 'beta_4': 46.274744705789445}. Best is trial 713 with value: 124.40682604489682.

⚠ Crash: alpha=[0.0006849854326882445, 5.517188478872083e-05, 9.79257303721615e-05], beta=[0.11226373471874342, 14.829090437017351, 0.2045051356471743, 7.815628752384767, 46.892764870557805], stderr=/opt/homebrew/Cellar/python@3.13/3.13.3_1/Frameworks/Python.framework/Versions/3.13/Resources/Python.app/Contents/MacOS/Python: can't open file '/Users/dipanwitaguhathakurta/Downloads/inference-sim-pa
[I 2026-04-01 15:51:54,653] Trial 972 finished with value: 1000000.0 and parameters: {'alpha_0': 0.0006849854326882445, 'alpha_1': 5.517188478872083e-05, 'alpha_2': 9.79257303721615e-05, 'beta_0': 0.11226373471874342, 'beta_1': 14.829090437017351, 'beta_2': 0.2045051356471743, 'beta_3': 7.815628752384767, 'beta_4': 46.892764870557805}. Best is trial 713 with value: 124.40682604489682.

⚠ Crash: alpha=[0.000565316599727398, 5.15705370605674e-05, 0.00010172459376745192], beta=[0.14216815789511544, 14.993989531322832, 0.19297421169597254, 7.6351179497438695, 45.441450709832196], stderr=/opt/homebrew/Cellar/python@3.13/3.13.3_1/Frameworks/Python.framework/Versions/3.13/Resources/Python.app/Contents/MacOS/Python: can't open file '/Users/dipanwitaguhathakurta/Downloads/inference-sim-pa
[I 2026-04-01 15:51:54,709] Trial 973 finished with value: 1000000.0 and parameters: {'alpha_0': 0.000565316599727398, 'alpha_1': 5.15705370605674e-05, 'alpha_2': 0.00010172459376745192, 'beta_0': 0.14216815789511544, 'beta_1': 14.993989531322832, 'beta_2': 0.19297421169597254, 'beta_3': 7.6351179497438695, 'beta_4': 45.441450709832196}. Best is trial 713 with value: 124.40682604489682.

⚠ Crash: alpha=[0.0007341128158498166, 5.301243066727786e-05, 0.00010776938177554329], beta=[0.12020608313309679, 14.572794385760885, 0.19036875574219772, 7.99554339542939, 43.81300929325347], stderr=/opt/homebrew/Cellar/python@3.13/3.13.3_1/Frameworks/Python.framework/Versions/3.13/Resources/Python.app/Contents/MacOS/Python: can't open file '/Users/dipanwitaguhathakurta/Downloads/inference-sim-pa
[I 2026-04-01 15:51:54,761] Trial 974 finished with value: 1000000.0 and parameters: {'alpha_0': 0.0007341128158498166, 'alpha_1': 5.301243066727786e-05, 'alpha_2': 0.00010776938177554329, 'beta_0': 0.12020608313309679, 'beta_1': 14.572794385760885, 'beta_2': 0.19036875574219772, 'beta_3': 7.99554339542939, 'beta_4': 43.81300929325347}. Best is trial 713 with value: 124.40682604489682.

⚠ Crash: alpha=[0.0006492149560002218, 5.698819508559215e-05, 0.00010417223033916967], beta=[0.13317965591595463, 14.470017198464111, 0.1963761785746292, 4.009453031670459, 47.77155622977903], stderr=/opt/homebrew/Cellar/python@3.13/3.13.3_1/Frameworks/Python.framework/Versions/3.13/Resources/Python.app/Contents/MacOS/Python: can't open file '/Users/dipanwitaguhathakurta/Downloads/inference-sim-pa                                                                                          Best trial: 713. Best value: 124.407:  98%|█████████▊| 975/1000 [4:05:32<00:01, 18.19it/s]Best trial: 713. Best value: 124.407:  98%|█████████▊| 975/1000 [4:05:32<00:01, 18.19it/s]                                                                                          Best trial: 713. Best value: 124.407:  98%|█████████▊| 976/1000 [4:05:32<00:01, 18.19it/s]Best trial: 713. Best value: 124.407:  98%|█████████▊| 976/1000 [4:05:32<00:01, 18.19it/s]Best trial: 713. Best value: 124.407:  98%|█████████▊| 977/1000 [4:05:32<00:01, 18.07it/s]                                                                                          Best trial: 713. Best value: 124.407:  98%|█████████▊| 977/1000 [4:05:33<00:01, 18.07it/s]Best trial: 713. Best value: 124.407:  98%|█████████▊| 977/1000 [4:05:33<00:01, 18.07it/s]                                                                                          Best trial: 713. Best value: 124.407:  98%|█████████▊| 978/1000 [4:05:33<00:01, 18.07it/s]Best trial: 713. Best value: 124.407:  98%|█████████▊| 978/1000 [4:05:33<00:01, 18.07it/s]Best trial: 713. Best value: 124.407:  98%|█████████▊| 979/1000 [4:05:33<00:01, 18.17it/s]                                                                                          Best trial: 713. Best value: 124.407:  98%|█████████▊| 979/1000 [4:05:33<00:01, 18.17it/s]Best trial: 713. Best value: 124.407:  98%|█████████▊| 979/1000 [4:05:33<00:01, 18.17it/s]                                                                                          Best trial: 713. Best value: 124.407:  98%|█████████▊| 980/1000 [4:05:33<00:01, 18.17it/s]Best trial: 713. Best value: 124.407:  98%|█████████▊| 980/1000 [4:05:33<00:01, 18.17it/s]Best trial: 713. Best value: 124.407:  98%|█████████▊| 981/1000 [4:05:33<00:01, 18.10it/s]                                                                                          Best trial: 713. Best value: 124.407:  98%|█████████▊| 981/1000 [4:05:33<00:01, 18.10it/s]Best trial: 713. Best value: 124.407:  98%|█████████▊| 981/1000 [4:05:33<00:01, 18.10it/s]                                                                                          Best trial: 713. Best value: 124.407:  98%|█████████▊| 982/1000 [4:05:33<00:00, 18.10it/s]Best trial: 713. Best value: 124.407:  98%|█████████▊| 982/1000 [4:05:33<00:00, 18.10it/s]Best trial: 713. Best value: 124.407:  98%|█████████▊| 983/1000 [4:05:33<00:00, 17.99it/s]                                                                                          Best trial: 713. Best value: 124.407:  98%|█████████▊| 983/1000 [4:05:33<00:00, 17.99it/s]Best trial: 713. Best value: 124.407:  98%|█████████▊| 983/1000 [4:05:33<00:00, 17.99it/s]                                                                                          Best trial: 713. Best value: 124.407:  98%|█████████▊| 984/1000 [4:05:33<00:00, 17.99it/s]Best trial: 713. Best value: 124.407:  98%|█████████▊| 984/1000 [4:05:33<00:00, 17.99it/s]Best trial: 713. Best value: 124.407:  98%|█████████▊| 985/1000 [4:05:33<00:00, 17.87it/s]                                                                                          
[I 2026-04-01 15:51:54,816] Trial 975 finished with value: 1000000.0 and parameters: {'alpha_0': 0.0006492149560002218, 'alpha_1': 5.698819508559215e-05, 'alpha_2': 0.00010417223033916967, 'beta_0': 0.13317965591595463, 'beta_1': 14.470017198464111, 'beta_2': 0.1963761785746292, 'beta_3': 4.009453031670459, 'beta_4': 47.77155622977903}. Best is trial 713 with value: 124.40682604489682.

⚠ Crash: alpha=[0.0005342365890230883, 5.008101604109243e-05, 0.00010607266906090109], beta=[0.12381459611792993, 14.842458956791775, 0.2003002029843023, 7.702073017581562, 46.035621112067616], stderr=/opt/homebrew/Cellar/python@3.13/3.13.3_1/Frameworks/Python.framework/Versions/3.13/Resources/Python.app/Contents/MacOS/Python: can't open file '/Users/dipanwitaguhathakurta/Downloads/inference-sim-pa
[I 2026-04-01 15:51:54,873] Trial 976 finished with value: 1000000.0 and parameters: {'alpha_0': 0.0005342365890230883, 'alpha_1': 5.008101604109243e-05, 'alpha_2': 0.00010607266906090109, 'beta_0': 0.12381459611792993, 'beta_1': 14.842458956791775, 'beta_2': 0.2003002029843023, 'beta_3': 7.702073017581562, 'beta_4': 46.035621112067616}. Best is trial 713 with value: 124.40682604489682.

⚠ Crash: alpha=[0.0006022878716036583, 0.0001333153965754568, 0.00010245029324070057], beta=[0.22837608988545438, 14.269145589400795, 0.1949069365620009, 7.885972085563897, 47.362250605154344], stderr=/opt/homebrew/Cellar/python@3.13/3.13.3_1/Frameworks/Python.framework/Versions/3.13/Resources/Python.app/Contents/MacOS/Python: can't open file '/Users/dipanwitaguhathakurta/Downloads/inference-sim-pa
[I 2026-04-01 15:51:54,930] Trial 977 finished with value: 1000000.0 and parameters: {'alpha_0': 0.0006022878716036583, 'alpha_1': 0.0001333153965754568, 'alpha_2': 0.00010245029324070057, 'beta_0': 0.22837608988545438, 'beta_1': 14.269145589400795, 'beta_2': 0.1949069365620009, 'beta_3': 7.885972085563897, 'beta_4': 47.362250605154344}. Best is trial 713 with value: 124.40682604489682.

⚠ Crash: alpha=[0.000640155687310713, 5.494597407338618e-05, 9.956405915995415e-05], beta=[0.12803293789684717, 14.675295858119545, 0.19286069854221663, 7.44769376067547, 44.938719480531496], stderr=/opt/homebrew/Cellar/python@3.13/3.13.3_1/Frameworks/Python.framework/Versions/3.13/Resources/Python.app/Contents/MacOS/Python: can't open file '/Users/dipanwitaguhathakurta/Downloads/inference-sim-pa
[I 2026-04-01 15:51:54,982] Trial 978 finished with value: 1000000.0 and parameters: {'alpha_0': 0.000640155687310713, 'alpha_1': 5.494597407338618e-05, 'alpha_2': 9.956405915995415e-05, 'beta_0': 0.12803293789684717, 'beta_1': 14.675295858119545, 'beta_2': 0.19286069854221663, 'beta_3': 7.44769376067547, 'beta_4': 44.938719480531496}. Best is trial 713 with value: 124.40682604489682.

⚠ Crash: alpha=[0.0005718148496532985, 5.30568144722375e-05, 0.00010431926066580838], beta=[0.11629470072560139, 14.063995915755784, 0.19785909807266994, 7.7837210348875505, 46.56235841901413], stderr=/opt/homebrew/Cellar/python@3.13/3.13.3_1/Frameworks/Python.framework/Versions/3.13/Resources/Python.app/Contents/MacOS/Python: can't open file '/Users/dipanwitaguhathakurta/Downloads/inference-sim-pa
