[I 2026-04-01 15:11:32,824] Trial 735 finished with value: 126.63074739990208 and parameters: {'alpha_0': 0.0005918903369717131, 'alpha_1': 5.2181980143009615e-05, 'alpha_2': 9.856038441258676e-05, 'beta_0': 0.14889392900349332, 'beta_1': 14.65455829286739, 'beta_2': 0.20030260578255527, 'beta_3': 7.939309562923874, 'beta_4': 45.699881719401894}. Best is trial 713 with value: 124.40682604489682.Best trial: 713. Best value: 124.407:  74%|███████▎  | 735/1000 [3:25:10<1:14:43, 16.92s/it]Best trial: 713. Best value: 124.407:  74%|███████▎  | 735/1000 [3:25:10<1:14:43, 16.92s/it]Best trial: 713. Best value: 124.407:  74%|███████▎  | 736/1000 [3:25:10<1:14:34, 16.95s/it]                                                                                            Best trial: 713. Best value: 124.407:  74%|███████▎  | 736/1000 [3:25:27<1:14:34, 16.95s/it]Best trial: 713. Best value: 124.407:  74%|███████▎  | 736/1000 [3:25:27<1:14:34, 16.95s/it]Best trial: 713. Best value: 124.407:  74%|███████▎  | 737/1000 [3:25:27<1:14:19, 16.96s/it]                                                                                            Best trial: 713. Best value: 124.407:  74%|███████▎  | 737/1000 [3:25:44<1:14:19, 16.96s/it]Best trial: 713. Best value: 124.407:  74%|███████▎  | 737/1000 [3:25:44<1:14:19, 16.96s/it]Best trial: 713. Best value: 124.407:  74%|███████▍  | 738/1000 [3:25:44<1:14:11, 16.99s/it]                                                                                            Best trial: 713. Best value: 124.407:  74%|███████▍  | 738/1000 [3:26:01<1:14:11, 16.99s/it]Best trial: 713. Best value: 124.407:  74%|███████▍  | 738/1000 [3:26:01<1:14:11, 16.99s/it]Best trial: 713. Best value: 124.407:  74%|███████▍  | 739/1000 [3:26:01<1:13:50, 16.97s/it]                                                                                            Best trial: 713. Best value: 124.407:  74%|███████▍  | 739/1000 [3:26:18<1:13:50, 16.97s/it]Best trial: 713. Best value: 124.407:  74%|███████▍  | 739/1000 [3:26:18<1:13:50, 16.97s/it]Best trial: 713. Best value: 124.407:  74%|███████▍  | 740/1000 [3:26:18<1:13:15, 16.91s/it]                                                                                            Best trial: 713. Best value: 124.407:  74%|███████▍  | 740/1000 [3:26:35<1:13:15, 16.91s/it]Best trial: 713. Best value: 124.407:  74%|███████▍  | 740/1000 [3:26:35<1:13:15, 16.91s/it]Best trial: 713. Best value: 124.407:  74%|███████▍  | 741/1000 [3:26:35<1:12:46, 16.86s/it]                                                                                            Best trial: 713. Best value: 124.407:  74%|███████▍  | 741/1000 [3:26:52<1:12:46, 16.86s/it]Best trial: 713. Best value: 124.407:  74%|███████▍  | 741/1000 [3:26:52<1:12:46, 16.86s/it]Best trial: 713. Best value: 124.407:  74%|███████▍  | 742/1000 [3:26:52<1:12:39, 16.90s/it]                                                                                            Best trial: 713. Best value: 124.407:  74%|███████▍  | 742/1000 [3:27:09<1:12:39, 16.90s/it]Best trial: 713. Best value: 124.407:  74%|███████▍  | 742/1000 [3:27:09<1:12:39, 16.90s/it]Best trial: 713. Best value: 124.407:  74%|███████▍  | 743/1000 [3:27:09<1:12:28, 16.92s/it]                                                                                            Best trial: 713. Best value: 124.407:  74%|███████▍  | 743/1000 [3:27:26<1:12:28, 16.92s/it]Best trial: 713. Best value: 124.407:  74%|███████▍  | 743/1000 [3:27:26<1:12:28, 16.92s/it]Best trial: 713. Best value: 124.407:  74%|███████▍  | 744/1000 [3:27:26<1:12:04, 16.89s/it]                                                                                            Best trial: 713. Best value: 124.407:  74%|███████▍  | 744/1000 [3:27:44<1:12:04, 16.89s/it]Best trial: 713. Best value: 124.407:  74%|███████▍  | 744/1000 [3:27:44<1:12:04, 16.89s/it]Best trial: 713. Best value: 124.407:  74%|███████▍  | 745/1000 [3:27:44<1:13:20, 17.26s/it]                                                                                            Best trial: 713. Best value: 124.407:  74%|███████▍  | 745/1000 [3:28:01<1:13:20, 17.26s/it]Best trial: 713. Best value: 124.407:  74%|███████▍  | 745/1000 [3:28:01<1:13:20, 17.26s/it]Best trial: 713. Best value: 124.407:  75%|███████▍  | 746/1000 [3:28:01<1:12:43, 17.18s/it]                                                                                            Best trial: 713. Best value: 124.407:  75%|███████▍  | 746/1000 [3:28:19<1:12:43, 17.18s/it]Best trial: 713. Best value: 124.407:  75%|███████▍  | 746/1000 [3:28:19<1:12:43, 17.18s/it]Best trial: 713. Best value: 124.407:  75%|███████▍  | 747/1000 [3:28:19<1:13:09, 17.35s/it]                                                                                            Best trial: 713. Best value: 124.407:  75%|███████▍  | 747/1000 [3:28:35<1:13:09, 17.35s/it]Best trial: 713. Best value: 124.407:  75%|███████▍  | 747/1000 [3:28:35<1:13:09, 17.35s/it]Best trial: 713. Best value: 124.407:  75%|███████▍  | 748/1000 [3:28:35<1:12:15, 17.20s/it]                                                                                            Best trial: 713. Best value: 124.407:  75%|███████▍  | 748/1000 [3:28:52<1:12:15, 17.20s/it]Best trial: 713. Best value: 124.407:  75%|███████▍  | 748/1000 [3:28:52<1:12:15, 17.20s/it]Best trial: 713. Best value: 124.407:  75%|███████▍  | 749/1000 [3:28:52<1:11:31, 17.10s/it]                                                                                            Best trial: 713. Best value: 124.407:  75%|███████▍  | 749/1000 [3:29:09<1:11:31, 17.10s/it]Best trial: 713. Best value: 124.407:  75%|███████▍  | 749/1000 [3:29:09<1:11:31, 17.10s/it]Best trial: 713. Best value: 124.407:  75%|███████▌  | 750/1000 [3:29:09<1:11:01, 17.04s/it]                                                                                            Best trial: 713. Best value: 124.407:  75%|███████▌  | 750/1000 [3:29:26<1:11:01, 17.04s/it]Best trial: 713. Best value: 124.407:  75%|███████▌  | 750/1000 [3:29:26<1:11:01, 17.04s/it]Best trial: 713. Best value: 124.407:  75%|███████▌  | 751/1000 [3:29:26<1:10:41, 17.03s/it]                                                                                            Best trial: 713. Best value: 124.407:  75%|███████▌  | 751/1000 [3:29:43<1:10:41, 17.03s/it]Best trial: 713. Best value: 124.407:  75%|███████▌  | 751/1000 [3:29:43<1:10:41, 17.03s/it]Best trial: 713. Best value: 124.407:  75%|███████▌  | 752/1000 [3:29:43<1:10:08, 16.97s/it]                                                                                            Best trial: 713. Best value: 124.407:  75%|███████▌  | 752/1000 [3:30:00<1:10:08, 16.97s/it]Best trial: 713. Best value: 124.407:  75%|███████▌  | 752/1000 [3:30:00<1:10:08, 16.97s/it]Best trial: 713. Best value: 124.407:  75%|███████▌  | 753/1000 [3:30:00<1:09:51, 16.97s/it]                                                                                            Best trial: 713. Best value: 124.407:  75%|███████▌  | 753/1000 [3:30:17<1:09:51, 16.97s/it]Best trial: 713. Best value: 124.407:  75%|███████▌  | 753/1000 [3:30:17<1:09:51, 16.97s/it]Best trial: 713. Best value: 124.407:  75%|███████▌  | 754/1000 [3:30:17<1:09:43, 17.01s/it]                                                                                            Best trial: 713. Best value: 124.407:  75%|███████▌  | 754/1000 [3:30:34<1:09:43, 17.01s/it]Best trial: 713. Best value: 124.407:  75%|███████▌  | 754/1000 [3:30:34<1:09:43, 17.01s/it]Best trial: 713. Best value: 124.407:  76%|███████▌  | 755/1000 [3:30:34<1:09:29, 17.02s/it]                                                                                            Best trial: 713. Best value: 124.407:  76%|███████▌  | 755/1000 [3:30:51<1:09:29, 17.02s/it]Best trial: 713. Best value: 124.407:  76%|███████▌  | 755/1000 [3:30:51<1:09:29, 17.02s/it]Best trial: 713. Best value: 124.407:  76%|███████▌  | 756/1000 [3:30:51<1:09:09, 17.01s/it]                                                                                            
[I 2026-04-01 15:11:49,798] Trial 736 finished with value: 130.82637386048683 and parameters: {'alpha_0': 0.0005764677551368154, 'alpha_1': 5.5271094917332335e-05, 'alpha_2': 9.988225823488823e-05, 'beta_0': 0.14732912447192542, 'beta_1': 14.996866396414438, 'beta_2': 0.20148387494291933, 'beta_3': 7.989867448779318, 'beta_4': 46.211343669756985}. Best is trial 713 with value: 124.40682604489682.
[I 2026-04-01 15:12:06,864] Trial 737 finished with value: 136.046192875388 and parameters: {'alpha_0': 0.0005414585136165872, 'alpha_1': 5.8492841023838145e-05, 'alpha_2': 9.722317596532788e-05, 'beta_0': 0.15092557050366268, 'beta_1': 14.80084613640714, 'beta_2': 0.2011544186871743, 'beta_3': 7.832259437283502, 'beta_4': 45.73943047800576}. Best is trial 713 with value: 124.40682604489682.
[I 2026-04-01 15:12:23,804] Trial 738 finished with value: 127.16434681056842 and parameters: {'alpha_0': 0.0005915976664360814, 'alpha_1': 5.433005885921346e-05, 'alpha_2': 9.862440452617496e-05, 'beta_0': 0.13435992312507167, 'beta_1': 14.993734472315472, 'beta_2': 0.19969794314679726, 'beta_3': 7.919439028366111, 'beta_4': 45.26203313916709}. Best is trial 713 with value: 124.40682604489682.
[I 2026-04-01 15:12:40,553] Trial 739 finished with value: 131.34991285183798 and parameters: {'alpha_0': 0.0006161524810815831, 'alpha_1': 5.6612436804772426e-05, 'alpha_2': 0.0001007909340881418, 'beta_0': 0.12784528039724558, 'beta_1': 14.68560449169425, 'beta_2': 0.19940028374778565, 'beta_3': 7.727406591848726, 'beta_4': 46.80714433265186}. Best is trial 713 with value: 124.40682604489682.
[I 2026-04-01 15:12:57,297] Trial 740 finished with value: 127.48205939576818 and parameters: {'alpha_0': 0.0005351299935977953, 'alpha_1': 5.2256582999389056e-05, 'alpha_2': 9.574732431137485e-05, 'beta_0': 0.1338918676871775, 'beta_1': 14.587012338679726, 'beta_2': 0.19791875915095433, 'beta_3': 7.676719963296592, 'beta_4': 45.7007575107453}. Best is trial 713 with value: 124.40682604489682.
[I 2026-04-01 15:13:14,288] Trial 741 finished with value: 128.68143078225944 and parameters: {'alpha_0': 0.0006090370784540291, 'alpha_1': 5.347062776707819e-05, 'alpha_2': 0.0001026805812133322, 'beta_0': 0.1597219172535318, 'beta_1': 14.815138899057754, 'beta_2': 0.1959297266658122, 'beta_3': 7.564847178849545, 'beta_4': 45.65456434590117}. Best is trial 713 with value: 124.40682604489682.
[I 2026-04-01 15:13:31,258] Trial 742 finished with value: 126.35751742035387 and parameters: {'alpha_0': 0.0005682794726569038, 'alpha_1': 5.232573984415734e-05, 'alpha_2': 0.00010152684263441444, 'beta_0': 0.14131535249991023, 'beta_1': 14.646997840848641, 'beta_2': 0.19983797303138565, 'beta_3': 7.899205727263626, 'beta_4': 44.85493221755728}. Best is trial 713 with value: 124.40682604489682.
[I 2026-04-01 15:13:48,086] Trial 743 finished with value: 137.8136517887639 and parameters: {'alpha_0': 0.0005621244823716376, 'alpha_1': 6.087771236330534e-05, 'alpha_2': 0.00010130015652256103, 'beta_0': 0.13732431648977836, 'beta_1': 14.549909838557527, 'beta_2': 0.20225460662110042, 'beta_3': 7.890781493502106, 'beta_4': 45.66084528404552}. Best is trial 713 with value: 124.40682604489682.
[I 2026-04-01 15:14:06,193] Trial 744 finished with value: 136.36202399624034 and parameters: {'alpha_0': 0.0005033201722509673, 'alpha_1': 5.865433480128777e-05, 'alpha_2': 0.00010171108381354842, 'beta_0': 0.14098023975327825, 'beta_1': 5.705974533590705, 'beta_2': 0.20059594768750733, 'beta_3': 7.791185694022325, 'beta_4': 47.033950613671024}. Best is trial 713 with value: 124.40682604489682.
[I 2026-04-01 15:14:23,186] Trial 745 finished with value: 131.37073769352756 and parameters: {'alpha_0': 0.0006419116907266539, 'alpha_1': 5.614002285170228e-05, 'alpha_2': 9.833217802777058e-05, 'beta_0': 0.1436664171140782, 'beta_1': 14.997903008836625, 'beta_2': 0.20310345781266764, 'beta_3': 7.996731486477371, 'beta_4': 44.64783614525354}. Best is trial 713 with value: 124.40682604489682.
[I 2026-04-01 15:14:40,943] Trial 746 finished with value: 129.81635501632707 and parameters: {'alpha_0': 0.0005436422897637699, 'alpha_1': 5.4702418457395646e-05, 'alpha_2': 0.00010428438073824926, 'beta_0': 0.15283754638393493, 'beta_1': 14.634476378221994, 'beta_2': 0.19980759758294114, 'beta_3': 7.767704963578324, 'beta_4': 44.80086884529308}. Best is trial 713 with value: 124.40682604489682.
[I 2026-04-01 15:14:57,807] Trial 747 finished with value: 129.59622181790087 and parameters: {'alpha_0': 0.0006066871046183929, 'alpha_1': 5.310826874593853e-05, 'alpha_2': 9.937067567891708e-05, 'beta_0': 0.1486469222762248, 'beta_1': 14.473141541704788, 'beta_2': 0.19830051353727318, 'beta_3': 7.919477161554831, 'beta_4': 45.01285539587117}. Best is trial 713 with value: 124.40682604489682.
[I 2026-04-01 15:15:14,659] Trial 748 finished with value: 126.40711619389958 and parameters: {'alpha_0': 0.0006494296303148678, 'alpha_1': 5.2150037652596455e-05, 'alpha_2': 0.00010231639622570298, 'beta_0': 0.11748260119800985, 'beta_1': 14.799708738884226, 'beta_2': 0.19806698263074476, 'beta_3': 7.877423086523826, 'beta_4': 46.335158163523005}. Best is trial 713 with value: 124.40682604489682.
[I 2026-04-01 15:15:31,575] Trial 749 finished with value: 132.40695297640278 and parameters: {'alpha_0': 0.0005691901231515214, 'alpha_1': 5.751254060108911e-05, 'alpha_2': 0.0001026196071342323, 'beta_0': 0.13052407828968182, 'beta_1': 14.641225121578135, 'beta_2': 0.20211305169515814, 'beta_3': 7.845217481074713, 'beta_4': 46.33063938243974}. Best is trial 713 with value: 124.40682604489682.
[I 2026-04-01 15:15:48,582] Trial 750 finished with value: 129.03655081872932 and parameters: {'alpha_0': 0.0006653322737417023, 'alpha_1': 5.532817773379643e-05, 'alpha_2': 9.983222458888745e-05, 'beta_0': 0.14625861818189, 'beta_1': 14.803643018614972, 'beta_2': 0.19921573518466124, 'beta_3': 7.620782544676356, 'beta_4': 45.49919775586442}. Best is trial 713 with value: 124.40682604489682.
[I 2026-04-01 15:16:05,400] Trial 751 finished with value: 129.63685290333217 and parameters: {'alpha_0': 0.000501276202172299, 'alpha_1': 5.4720770873282686e-05, 'alpha_2': 0.00010273220543368335, 'beta_0': 0.1181892011315349, 'beta_1': 14.421765430202335, 'beta_2': 0.1971750723329047, 'beta_3': 7.715684235715454, 'beta_4': 46.49462448158517}. Best is trial 713 with value: 124.40682604489682.
[I 2026-04-01 15:16:22,376] Trial 752 finished with value: 126.46609213820354 and parameters: {'alpha_0': 0.0006082923454497816, 'alpha_1': 5.315320020927325e-05, 'alpha_2': 0.00010172858038805081, 'beta_0': 0.1284816893753221, 'beta_1': 14.817238779374177, 'beta_2': 0.19716247678742355, 'beta_3': 7.899503854353648, 'beta_4': 45.94945599334386}. Best is trial 713 with value: 124.40682604489682.
[I 2026-04-01 15:16:39,468] Trial 753 finished with value: 131.7248211548577 and parameters: {'alpha_0': 0.0005812540376339079, 'alpha_1': 5.7450310625833175e-05, 'alpha_2': 0.00010147683005850461, 'beta_0': 0.12291818387268877, 'beta_1': 14.833174892158981, 'beta_2': 0.2001827788052456, 'beta_3': 7.929823102467497, 'beta_4': 45.96163845054774}. Best is trial 713 with value: 124.40682604489682.
[I 2026-04-01 15:16:56,514] Trial 754 finished with value: 216.38931651650424 and parameters: {'alpha_0': 0.00065697350236769, 'alpha_1': 0.00011045258439501402, 'alpha_2': 0.00010389808435085783, 'beta_0': 0.12900516198746792, 'beta_1': 14.827352796934541, 'beta_2': 0.19780381203763298, 'beta_3': 7.86018641761817, 'beta_4': 45.17571959543305}. Best is trial 713 with value: 124.40682604489682.
[I 2026-04-01 15:17:13,490] Trial 755 finished with value: 129.5683157089287 and parameters: {'alpha_0': 0.0005389608925658684, 'alpha_1': 5.633436925048516e-05, 'alpha_2': 0.00010032705978596226, 'beta_0': 0.13287915202921113, 'beta_1': 14.990296868745377, 'beta_2': 0.20356437146962708, 'beta_3': 7.991031471334459, 'beta_4': 46.51691466870642}. Best is trial 713 with value: 124.40682604489682.
