[I 2026-04-01 11:58:44,610] Trial 42 finished with value: 147.28609808813422 and parameters: {'alpha_0': 0.0009178422847312084, 'alpha_1': 6.754862658414321e-05, 'alpha_2': 9.360640849047597e-05, 'beta_0': 0.07594167743326342, 'beta_1': 13.826436066739321, 'beta_2': 0.1628572070085414, 'beta_3': 4.303140937892332, 'beta_4': 22.74483265775077}. Best is trial 12 with value: 131.79113809348982.Best trial: 12. Best value: 131.791:   4%|▍         | 42/1000 [12:22<4:31:56, 17.03s/it]Best trial: 12. Best value: 131.791:   4%|▍         | 42/1000 [12:22<4:31:56, 17.03s/it]Best trial: 12. Best value: 131.791:   4%|▍         | 43/1000 [12:22<4:29:37, 16.90s/it]                                                                                        Best trial: 12. Best value: 131.791:   4%|▍         | 43/1000 [12:39<4:29:37, 16.90s/it]Best trial: 12. Best value: 131.791:   4%|▍         | 43/1000 [12:39<4:29:37, 16.90s/it]Best trial: 12. Best value: 131.791:   4%|▍         | 44/1000 [12:39<4:28:58, 16.88s/it]                                                                                        Best trial: 12. Best value: 131.791:   4%|▍         | 44/1000 [12:56<4:28:58, 16.88s/it]Best trial: 12. Best value: 131.791:   4%|▍         | 44/1000 [12:56<4:28:58, 16.88s/it]Best trial: 12. Best value: 131.791:   4%|▍         | 45/1000 [12:56<4:29:42, 16.95s/it]                                                                                        Best trial: 12. Best value: 131.791:   4%|▍         | 45/1000 [13:14<4:29:42, 16.95s/it]Best trial: 12. Best value: 131.791:   4%|▍         | 45/1000 [13:14<4:29:42, 16.95s/it]Best trial: 12. Best value: 131.791:   5%|▍         | 46/1000 [13:14<4:33:47, 17.22s/it]                                                                                        Best trial: 12. Best value: 131.791:   5%|▍         | 46/1000 [13:32<4:33:47, 17.22s/it]Best trial: 12. Best value: 131.791:   5%|▍         | 46/1000 [13:32<4:33:47, 17.22s/it]Best trial: 12. Best value: 131.791:   5%|▍         | 47/1000 [13:32<4:36:20, 17.40s/it]                                                                                        Best trial: 12. Best value: 131.791:   5%|▍         | 47/1000 [13:49<4:36:20, 17.40s/it]Best trial: 12. Best value: 131.791:   5%|▍         | 47/1000 [13:49<4:36:20, 17.40s/it]Best trial: 12. Best value: 131.791:   5%|▍         | 48/1000 [13:49<4:33:11, 17.22s/it]                                                                                        Best trial: 12. Best value: 131.791:   5%|▍         | 48/1000 [14:05<4:33:11, 17.22s/it]Best trial: 12. Best value: 131.791:   5%|▍         | 48/1000 [14:05<4:33:11, 17.22s/it]Best trial: 12. Best value: 131.791:   5%|▍         | 49/1000 [14:05<4:30:52, 17.09s/it]                                                                                        Best trial: 12. Best value: 131.791:   5%|▍         | 49/1000 [14:26<4:30:52, 17.09s/it]Best trial: 12. Best value: 131.791:   5%|▍         | 49/1000 [14:26<4:30:52, 17.09s/it]Best trial: 12. Best value: 131.791:   5%|▌         | 50/1000 [14:26<4:46:19, 18.08s/it]                                                                                        Best trial: 12. Best value: 131.791:   5%|▌         | 50/1000 [14:43<4:46:19, 18.08s/it]Best trial: 12. Best value: 131.791:   5%|▌         | 50/1000 [14:43<4:46:19, 18.08s/it]Best trial: 12. Best value: 131.791:   5%|▌         | 51/1000 [14:43<4:44:05, 17.96s/it]                                                                                        Best trial: 12. Best value: 131.791:   5%|▌         | 51/1000 [15:00<4:44:05, 17.96s/it]Best trial: 12. Best value: 131.791:   5%|▌         | 51/1000 [15:00<4:44:05, 17.96s/it]Best trial: 12. Best value: 131.791:   5%|▌         | 52/1000 [15:00<4:38:17, 17.61s/it]                                                                                        Best trial: 12. Best value: 131.791:   5%|▌         | 52/1000 [15:17<4:38:17, 17.61s/it]Best trial: 12. Best value: 131.791:   5%|▌         | 52/1000 [15:17<4:38:17, 17.61s/it]Best trial: 12. Best value: 131.791:   5%|▌         | 53/1000 [15:17<4:34:00, 17.36s/it]                                                                                        Best trial: 12. Best value: 131.791:   5%|▌         | 53/1000 [15:34<4:34:00, 17.36s/it]Best trial: 12. Best value: 131.791:   5%|▌         | 53/1000 [15:34<4:34:00, 17.36s/it]Best trial: 12. Best value: 131.791:   5%|▌         | 54/1000 [15:34<4:30:00, 17.13s/it]                                                                                        Best trial: 12. Best value: 131.791:   5%|▌         | 54/1000 [15:50<4:30:00, 17.13s/it]Best trial: 12. Best value: 131.791:   5%|▌         | 54/1000 [15:50<4:30:00, 17.13s/it]Best trial: 12. Best value: 131.791:   6%|▌         | 55/1000 [15:50<4:27:29, 16.98s/it]                                                                                        Best trial: 12. Best value: 131.791:   6%|▌         | 55/1000 [16:07<4:27:29, 16.98s/it]Best trial: 55. Best value: 130.464:   6%|▌         | 55/1000 [16:07<4:27:29, 16.98s/it]Best trial: 55. Best value: 130.464:   6%|▌         | 56/1000 [16:07<4:26:31, 16.94s/it]                                                                                        Best trial: 55. Best value: 130.464:   6%|▌         | 56/1000 [16:24<4:26:31, 16.94s/it]Best trial: 55. Best value: 130.464:   6%|▌         | 56/1000 [16:24<4:26:31, 16.94s/it]Best trial: 55. Best value: 130.464:   6%|▌         | 57/1000 [16:24<4:24:19, 16.82s/it]                                                                                        Best trial: 55. Best value: 130.464:   6%|▌         | 57/1000 [16:41<4:24:19, 16.82s/it]Best trial: 55. Best value: 130.464:   6%|▌         | 57/1000 [16:41<4:24:19, 16.82s/it]Best trial: 55. Best value: 130.464:   6%|▌         | 58/1000 [16:41<4:27:03, 17.01s/it]                                                                                        Best trial: 55. Best value: 130.464:   6%|▌         | 58/1000 [16:58<4:27:03, 17.01s/it]Best trial: 55. Best value: 130.464:   6%|▌         | 58/1000 [16:58<4:27:03, 17.01s/it]Best trial: 55. Best value: 130.464:   6%|▌         | 59/1000 [16:58<4:27:51, 17.08s/it]                                                                                        Best trial: 55. Best value: 130.464:   6%|▌         | 59/1000 [17:15<4:27:51, 17.08s/it]Best trial: 55. Best value: 130.464:   6%|▌         | 59/1000 [17:15<4:27:51, 17.08s/it]Best trial: 55. Best value: 130.464:   6%|▌         | 60/1000 [17:15<4:25:44, 16.96s/it]                                                                                        Best trial: 55. Best value: 130.464:   6%|▌         | 60/1000 [17:32<4:25:44, 16.96s/it]Best trial: 55. Best value: 130.464:   6%|▌         | 60/1000 [17:32<4:25:44, 16.96s/it]Best trial: 55. Best value: 130.464:   6%|▌         | 61/1000 [17:32<4:23:52, 16.86s/it]                                                                                        Best trial: 55. Best value: 130.464:   6%|▌         | 61/1000 [17:48<4:23:52, 16.86s/it]Best trial: 61. Best value: 130.325:   6%|▌         | 61/1000 [17:48<4:23:52, 16.86s/it]Best trial: 61. Best value: 130.325:   6%|▌         | 62/1000 [17:48<4:22:06, 16.77s/it]                                                                                        Best trial: 61. Best value: 130.325:   6%|▌         | 62/1000 [18:05<4:22:06, 16.77s/it]Best trial: 61. Best value: 130.325:   6%|▌         | 62/1000 [18:05<4:22:06, 16.77s/it]Best trial: 61. Best value: 130.325:   6%|▋         | 63/1000 [18:05<4:20:58, 16.71s/it]                                                                                        
[I 2026-04-01 11:59:01,438] Trial 43 finished with value: 140.46123153438387 and parameters: {'alpha_0': 0.0012346325237892228, 'alpha_1': 5.611062118598779e-05, 'alpha_2': 8.968610041672148e-05, 'beta_0': 0.06007957295771466, 'beta_1': 6.817956147956233, 'beta_2': 0.16585152581204404, 'beta_3': 5.043475522860546, 'beta_4': 23.765027199552744}. Best is trial 12 with value: 131.79113809348982.
[I 2026-04-01 11:59:18,532] Trial 44 finished with value: 134.1843149414334 and parameters: {'alpha_0': 0.0023878058891999994, 'alpha_1': 5.007850625860861e-05, 'alpha_2': 8.121743640221244e-05, 'beta_0': 0.0881574563390355, 'beta_1': 7.701821159057863, 'beta_2': 0.18917733905046188, 'beta_3': 5.297941645661416, 'beta_4': 25.514326236979528}. Best is trial 12 with value: 131.79113809348982.
[I 2026-04-01 11:59:36,390] Trial 45 finished with value: 151.5951885107844 and parameters: {'alpha_0': 0.0005320134290244326, 'alpha_1': 6.848549358716115e-05, 'alpha_2': 0.0001012247499797524, 'beta_0': 0.09105448170652106, 'beta_1': 6.109101180803698, 'beta_2': 0.17434716738049108, 'beta_3': 5.265667781396609, 'beta_4': 27.049916320389695}. Best is trial 12 with value: 131.79113809348982.
[I 2026-04-01 11:59:54,208] Trial 46 finished with value: 147.02866211395025 and parameters: {'alpha_0': 0.0015589725245211848, 'alpha_1': 6.017496909420221e-05, 'alpha_2': 8.193112107072944e-05, 'beta_0': 0.10701328029675845, 'beta_1': 7.278278491583487, 'beta_2': 0.1787249263069213, 'beta_3': 4.579252224684984, 'beta_4': 24.222306022415165}. Best is trial 12 with value: 131.79113809348982.
[I 2026-04-01 12:00:11,005] Trial 47 finished with value: 138.1119920847382 and parameters: {'alpha_0': 0.0022937836867469538, 'alpha_1': 5.4551444040981766e-05, 'alpha_2': 9.031325577994307e-05, 'beta_0': 0.08312886068217756, 'beta_1': 8.448997503496003, 'beta_2': 0.19083906856134586, 'beta_3': 5.613724880768977, 'beta_4': 28.879460232173795}. Best is trial 12 with value: 131.79113809348982.
[I 2026-04-01 12:00:27,794] Trial 48 finished with value: 267.54122417750136 and parameters: {'alpha_0': 0.001466387966175246, 'alpha_1': 0.00013655441991720793, 'alpha_2': 7.735847863350226e-05, 'beta_0': 0.0728777988643414, 'beta_1': 7.820770110819141, 'beta_2': 0.19588569293294517, 'beta_3': 6.004792388244338, 'beta_4': 25.534200492558412}. Best is trial 12 with value: 131.79113809348982.
[I 2026-04-01 12:00:48,197] Trial 49 finished with value: 315.5115429729676 and parameters: {'alpha_0': 0.002417361749863633, 'alpha_1': 0.00011646055307660336, 'alpha_2': 8.420961267461958e-05, 'beta_0': 0.24019315409092556, 'beta_1': 5.282795626718515, 'beta_2': 0.18572786111287454, 'beta_3': 4.23452328305077, 'beta_4': 20.044148261887997}. Best is trial 12 with value: 131.79113809348982.
[I 2026-04-01 12:01:05,872] Trial 50 finished with value: 152.14071422372436 and parameters: {'alpha_0': 0.0017363443214365633, 'alpha_1': 6.486465533882025e-05, 'alpha_2': 7.98914437533545e-05, 'beta_0': 0.09933407445499504, 'beta_1': 6.365556963905917, 'beta_2': 0.20572185643259072, 'beta_3': 4.775973388950568, 'beta_4': 23.757925243182417}. Best is trial 12 with value: 131.79113809348982.
[I 2026-04-01 12:01:22,673] Trial 51 finished with value: 135.61812941759035 and parameters: {'alpha_0': 0.0023948074293976994, 'alpha_1': 5.1043598018544514e-05, 'alpha_2': 7.067972968631386e-05, 'beta_0': 0.05835450005984835, 'beta_1': 9.165688540634983, 'beta_2': 0.18821465976408497, 'beta_3': 5.194966190095074, 'beta_4': 46.673214689090045}. Best is trial 12 with value: 131.79113809348982.
[I 2026-04-01 12:01:39,444] Trial 52 finished with value: 143.84924323122672 and parameters: {'alpha_0': 0.002169725652420124, 'alpha_1': 5.8587603854032986e-05, 'alpha_2': 6.642107809869738e-05, 'beta_0': 0.07229163069941484, 'beta_1': 7.37346052315973, 'beta_2': 0.19876779733941374, 'beta_3': 5.419541514831879, 'beta_4': 40.35331807424515}. Best is trial 12 with value: 131.79113809348982.
[I 2026-04-01 12:01:56,020] Trial 53 finished with value: 137.33112483391997 and parameters: {'alpha_0': 0.0024217584549441518, 'alpha_1': 5.3513094409559544e-05, 'alpha_2': 7.097859997151116e-05, 'beta_0': 0.055206443208518766, 'beta_1': 7.866413740940663, 'beta_2': 0.18390313086075497, 'beta_3': 7.812843657423085, 'beta_4': 42.72619824012452}. Best is trial 12 with value: 131.79113809348982.
[I 2026-04-01 12:02:12,675] Trial 54 finished with value: 134.40860784551117 and parameters: {'alpha_0': 0.002075001495572266, 'alpha_1': 5.0118734581028415e-05, 'alpha_2': 7.378412187496459e-05, 'beta_0': 0.06901106683686982, 'beta_1': 8.90941410841381, 'beta_2': 0.1920039175905092, 'beta_3': 6.774529947760202, 'beta_4': 22.858923649427616}. Best is trial 12 with value: 131.79113809348982.
[I 2026-04-01 12:02:29,514] Trial 55 finished with value: 130.46438458910103 and parameters: {'alpha_0': 0.0023025853190565128, 'alpha_1': 5.011226224394479e-05, 'alpha_2': 7.596312016129293e-05, 'beta_0': 0.11497856731226427, 'beta_1': 11.753335521918414, 'beta_2': 0.19182520411819354, 'beta_3': 5.664703303701506, 'beta_4': 22.51091783007858}. Best is trial 55 with value: 130.46438458910103.
[I 2026-04-01 12:02:46,047] Trial 56 finished with value: 140.86400427109356 and parameters: {'alpha_0': 0.00232726313297777, 'alpha_1': 5.481813812360948e-05, 'alpha_2': 7.514018368406147e-05, 'beta_0': 0.11647775478187393, 'beta_1': 11.753942824862394, 'beta_2': 0.15532600978904404, 'beta_3': 3.973329060181136, 'beta_4': 27.054660775242606}. Best is trial 55 with value: 130.46438458910103.
[I 2026-04-01 12:03:03,504] Trial 57 finished with value: 143.16421369684284 and parameters: {'alpha_0': 0.0022685081530520726, 'alpha_1': 5.868322139857557e-05, 'alpha_2': 8.102416129072636e-05, 'beta_0': 0.14215413198057275, 'beta_1': 12.659384628990594, 'beta_2': 0.19820292871175943, 'beta_3': 6.17783217226112, 'beta_4': 24.63141478407405}. Best is trial 55 with value: 130.46438458910103.
[I 2026-04-01 12:03:20,747] Trial 58 finished with value: 166.23859843647796 and parameters: {'alpha_0': 0.0024397905572669633, 'alpha_1': 7.10041329994704e-05, 'alpha_2': 8.6598412656653e-05, 'beta_0': 0.16319248811492848, 'beta_1': 12.791263451251652, 'beta_2': 0.17350208041349, 'beta_3': 5.756194048351521, 'beta_4': 22.577879064997383}. Best is trial 55 with value: 130.46438458910103.
[I 2026-04-01 12:03:37,436] Trial 59 finished with value: 146.25995750007877 and parameters: {'alpha_0': 0.0023190342748988725, 'alpha_1': 6.233160025898813e-05, 'alpha_2': 6.41555548002727e-05, 'beta_0': 0.0802240565236376, 'beta_1': 10.920165277493519, 'beta_2': 0.17713115733771045, 'beta_3': 4.69040100835937, 'beta_4': 20.28379162629106}. Best is trial 55 with value: 130.46438458910103.
[I 2026-04-01 12:03:54,058] Trial 60 finished with value: 131.1217767982937 and parameters: {'alpha_0': 0.002022860753255453, 'alpha_1': 5.374194024655099e-05, 'alpha_2': 0.00010346952725567584, 'beta_0': 0.08814225487930245, 'beta_1': 13.951537311160253, 'beta_2': 0.18843586663862216, 'beta_3': 7.085027267056082, 'beta_4': 25.854357948532147}. Best is trial 55 with value: 130.46438458910103.
[I 2026-04-01 12:04:10,604] Trial 61 finished with value: 130.3248783790625 and parameters: {'alpha_0': 0.002035026960877702, 'alpha_1': 5.2942202974060745e-05, 'alpha_2': 0.00010296004399540453, 'beta_0': 0.08733743400819317, 'beta_1': 13.90951082197013, 'beta_2': 0.18971709490232735, 'beta_3': 7.079223779612573, 'beta_4': 25.90453418225278}. Best is trial 61 with value: 130.3248783790625.
[I 2026-04-01 12:04:27,186] Trial 62 finished with value: 130.71948978093832 and parameters: {'alpha_0': 0.00190551901749541, 'alpha_1': 5.423601254044184e-05, 'alpha_2': 0.00010522824594611438, 'beta_0': 0.0895764139080284, 'beta_1': 13.845147195607032, 'beta_2': 0.20230557219691803, 'beta_3': 7.14781572556885, 'beta_4': 26.281285890242994}. Best is trial 61 with value: 130.3248783790625.
