[I 2026-04-01 15:51:52,045] Trial 922 finished with value: 1000000.0 and parameters: {'alpha_0': 0.0006425279487295129, 'alpha_1': 5.344163060608807e-05, 'alpha_2': 0.00010375148211489295, 'beta_0': 0.1294848398168845, 'beta_1': 14.230589488385768, 'beta_2': 0.19456223545802948, 'beta_3': 7.42248601591184, 'beta_4': 46.69003414761068}. Best is trial 713 with value: 124.40682604489682.Best trial: 713. Best value: 124.407:  92%|█████████▏| 922/1000 [4:05:30<00:04, 16.27it/s]Best trial: 713. Best value: 124.407:  92%|█████████▏| 922/1000 [4:05:30<00:04, 16.27it/s]Best trial: 713. Best value: 124.407:  92%|█████████▏| 923/1000 [4:05:30<00:04, 16.82it/s]                                                                                          Best trial: 713. Best value: 124.407:  92%|█████████▏| 923/1000 [4:05:30<00:04, 16.82it/s]Best trial: 713. Best value: 124.407:  92%|█████████▏| 923/1000 [4:05:30<00:04, 16.82it/s]                                                                                          Best trial: 713. Best value: 124.407:  92%|█████████▏| 924/1000 [4:05:30<00:04, 16.82it/s]Best trial: 713. Best value: 124.407:  92%|█████████▏| 924/1000 [4:05:30<00:04, 16.82it/s]                                                                                          Best trial: 713. Best value: 124.407:  92%|█████████▎| 925/1000 [4:05:30<00:04, 16.82it/s]Best trial: 713. Best value: 124.407:  92%|█████████▎| 925/1000 [4:05:30<00:04, 16.82it/s]Best trial: 713. Best value: 124.407:  93%|█████████▎| 926/1000 [4:05:30<00:03, 18.76it/s]                                                                                          Best trial: 713. Best value: 124.407:  93%|█████████▎| 926/1000 [4:05:30<00:03, 18.76it/s]Best trial: 713. Best value: 124.407:  93%|█████████▎| 926/1000 [4:05:30<00:03, 18.76it/s]                                                                                          Best trial: 713. Best value: 124.407:  93%|█████████▎| 927/1000 [4:05:30<00:03, 18.76it/s]Best trial: 713. Best value: 124.407:  93%|█████████▎| 927/1000 [4:05:30<00:03, 18.76it/s]                                                                                          Best trial: 713. Best value: 124.407:  93%|█████████▎| 928/1000 [4:05:30<00:03, 18.76it/s]Best trial: 713. Best value: 124.407:  93%|█████████▎| 928/1000 [4:05:30<00:03, 18.76it/s]Best trial: 713. Best value: 124.407:  93%|█████████▎| 929/1000 [4:05:30<00:03, 20.03it/s]                                                                                          Best trial: 713. Best value: 124.407:  93%|█████████▎| 929/1000 [4:05:30<00:03, 20.03it/s]Best trial: 713. Best value: 124.407:  93%|█████████▎| 929/1000 [4:05:30<00:03, 20.03it/s]                                                                                          Best trial: 713. Best value: 124.407:  93%|█████████▎| 930/1000 [4:05:30<00:03, 20.03it/s]Best trial: 713. Best value: 124.407:  93%|█████████▎| 930/1000 [4:05:30<00:03, 20.03it/s]                                                                                          Best trial: 713. Best value: 124.407:  93%|█████████▎| 931/1000 [4:05:30<00:03, 20.03it/s]Best trial: 713. Best value: 124.407:  93%|█████████▎| 931/1000 [4:05:30<00:03, 20.03it/s]Best trial: 713. Best value: 124.407:  93%|█████████▎| 932/1000 [4:05:30<00:03, 21.13it/s]                                                                                          Best trial: 713. Best value: 124.407:  93%|█████████▎| 932/1000 [4:05:30<00:03, 21.13it/s]Best trial: 713. Best value: 124.407:  93%|█████████▎| 932/1000 [4:05:30<00:03, 21.13it/s]

⚠ Crash: alpha=[0.0005247970304144143, 5.144709523038261e-05, 5.970642162262532e-05], beta=[0.11623643758517296, 14.820459515268206, 0.190101612085813, 7.808690482989078, 43.97024622630325], stderr=/opt/homebrew/Cellar/python@3.13/3.13.3_1/Frameworks/Python.framework/Versions/3.13/Resources/Python.app/Contents/MacOS/Python: can't open file '/Users/dipanwitaguhathakurta/Downloads/inference-sim-pa
[I 2026-04-01 15:51:52,089] Trial 923 finished with value: 1000000.0 and parameters: {'alpha_0': 0.0005247970304144143, 'alpha_1': 5.144709523038261e-05, 'alpha_2': 5.970642162262532e-05, 'beta_0': 0.11623643758517296, 'beta_1': 14.820459515268206, 'beta_2': 0.190101612085813, 'beta_3': 7.808690482989078, 'beta_4': 43.97024622630325}. Best is trial 713 with value: 124.40682604489682.

⚠ Crash: alpha=[0.0006098968838566631, 5.54947572754239e-05, 9.850798497957858e-05], beta=[0.10922509163352814, 14.546234955581353, 0.1928256372880299, 7.656985998194527, 48.90997967305004], stderr=/opt/homebrew/Cellar/python@3.13/3.13.3_1/Frameworks/Python.framework/Versions/3.13/Resources/Python.app/Contents/MacOS/Python: can't open file '/Users/dipanwitaguhathakurta/Downloads/inference-sim-pa
[I 2026-04-01 15:51:52,131] Trial 924 finished with value: 1000000.0 and parameters: {'alpha_0': 0.0006098968838566631, 'alpha_1': 5.54947572754239e-05, 'alpha_2': 9.850798497957858e-05, 'beta_0': 0.10922509163352814, 'beta_1': 14.546234955581353, 'beta_2': 0.1928256372880299, 'beta_3': 7.656985998194527, 'beta_4': 48.90997967305004}. Best is trial 713 with value: 124.40682604489682.

⚠ Crash: alpha=[0.0005608684636776607, 5.3589838752109804e-05, 0.00010071680461165816], beta=[0.13302331652122526, 14.667052194046219, 0.19681715052309065, 7.899647158601034, 48.12893509146197], stderr=/opt/homebrew/Cellar/python@3.13/3.13.3_1/Frameworks/Python.framework/Versions/3.13/Resources/Python.app/Contents/MacOS/Python: can't open file '/Users/dipanwitaguhathakurta/Downloads/inference-sim-pa
[I 2026-04-01 15:51:52,174] Trial 925 finished with value: 1000000.0 and parameters: {'alpha_0': 0.0005608684636776607, 'alpha_1': 5.3589838752109804e-05, 'alpha_2': 0.00010071680461165816, 'beta_0': 0.13302331652122526, 'beta_1': 14.667052194046219, 'beta_2': 0.19681715052309065, 'beta_3': 7.899647158601034, 'beta_4': 48.12893509146197}. Best is trial 713 with value: 124.40682604489682.

⚠ Crash: alpha=[0.0006886148868325477, 5.1546499968719675e-05, 0.00010461364086967037], beta=[0.1269074512943008, 14.99218064313349, 0.19556652844212566, 7.726097809848499, 45.373005062610424], stderr=/opt/homebrew/Cellar/python@3.13/3.13.3_1/Frameworks/Python.framework/Versions/3.13/Resources/Python.app/Contents/MacOS/Python: can't open file '/Users/dipanwitaguhathakurta/Downloads/inference-sim-pa
[I 2026-04-01 15:51:52,219] Trial 926 finished with value: 1000000.0 and parameters: {'alpha_0': 0.0006886148868325477, 'alpha_1': 5.1546499968719675e-05, 'alpha_2': 0.00010461364086967037, 'beta_0': 0.1269074512943008, 'beta_1': 14.99218064313349, 'beta_2': 0.19556652844212566, 'beta_3': 7.726097809848499, 'beta_4': 45.373005062610424}. Best is trial 713 with value: 124.40682604489682.

⚠ Crash: alpha=[0.001893458663852903, 5.767841269865322e-05, 0.00010190440499649255], beta=[0.12310047942292791, 14.998375565357007, 0.20226332472258957, 7.579078308772039, 46.057380213160734], stderr=/opt/homebrew/Cellar/python@3.13/3.13.3_1/Frameworks/Python.framework/Versions/3.13/Resources/Python.app/Contents/MacOS/Python: can't open file '/Users/dipanwitaguhathakurta/Downloads/inference-sim-pa
[I 2026-04-01 15:51:52,262] Trial 927 finished with value: 1000000.0 and parameters: {'alpha_0': 0.001893458663852903, 'alpha_1': 5.767841269865322e-05, 'alpha_2': 0.00010190440499649255, 'beta_0': 0.12310047942292791, 'beta_1': 14.998375565357007, 'beta_2': 0.20226332472258957, 'beta_3': 7.579078308772039, 'beta_4': 46.057380213160734}. Best is trial 713 with value: 124.40682604489682.

⚠ Crash: alpha=[0.0005023189528909017, 5.1560694989736585e-05, 0.00010555261498835338], beta=[0.11879426800049228, 14.35021010289046, 0.19164752556983677, 7.823736033742976, 44.50669603011544], stderr=/opt/homebrew/Cellar/python@3.13/3.13.3_1/Frameworks/Python.framework/Versions/3.13/Resources/Python.app/Contents/MacOS/Python: can't open file '/Users/dipanwitaguhathakurta/Downloads/inference-sim-pa
[I 2026-04-01 15:51:52,305] Trial 928 finished with value: 1000000.0 and parameters: {'alpha_0': 0.0005023189528909017, 'alpha_1': 5.1560694989736585e-05, 'alpha_2': 0.00010555261498835338, 'beta_0': 0.11879426800049228, 'beta_1': 14.35021010289046, 'beta_2': 0.19164752556983677, 'beta_3': 7.823736033742976, 'beta_4': 44.50669603011544}. Best is trial 713 with value: 124.40682604489682.

⚠ Crash: alpha=[0.0006520507193402567, 5.5603275621540324e-05, 9.991729369027494e-05], beta=[0.14051729798890858, 14.670347496254815, 0.20508101365205306, 7.9068782038765715, 47.42431193128722], stderr=/opt/homebrew/Cellar/python@3.13/3.13.3_1/Frameworks/Python.framework/Versions/3.13/Resources/Python.app/Contents/MacOS/Python: can't open file '/Users/dipanwitaguhathakurta/Downloads/inference-sim-pa
[I 2026-04-01 15:51:52,348] Trial 929 finished with value: 1000000.0 and parameters: {'alpha_0': 0.0006520507193402567, 'alpha_1': 5.5603275621540324e-05, 'alpha_2': 9.991729369027494e-05, 'beta_0': 0.14051729798890858, 'beta_1': 14.670347496254815, 'beta_2': 0.20508101365205306, 'beta_3': 7.9068782038765715, 'beta_4': 47.42431193128722}. Best is trial 713 with value: 124.40682604489682.

⚠ Crash: alpha=[0.0005966291003607452, 5.344711713576665e-05, 0.0001021994479862123], beta=[0.13585056207335452, 14.808875661649177, 0.2001009016617295, 7.691670785248154, 46.79872882223369], stderr=/opt/homebrew/Cellar/python@3.13/3.13.3_1/Frameworks/Python.framework/Versions/3.13/Resources/Python.app/Contents/MacOS/Python: can't open file '/Users/dipanwitaguhathakurta/Downloads/inference-sim-pa
[I 2026-04-01 15:51:52,391] Trial 930 finished with value: 1000000.0 and parameters: {'alpha_0': 0.0005966291003607452, 'alpha_1': 5.344711713576665e-05, 'alpha_2': 0.0001021994479862123, 'beta_0': 0.13585056207335452, 'beta_1': 14.808875661649177, 'beta_2': 0.2001009016617295, 'beta_3': 7.691670785248154, 'beta_4': 46.79872882223369}. Best is trial 713 with value: 124.40682604489682.

⚠ Crash: alpha=[0.0007238475669394833, 9.825705221436371e-05, 0.00010371587462359866], beta=[0.1284566902931816, 14.512799322726492, 0.19791222775551634, 7.50139908264663, 48.64224979522497], stderr=/opt/homebrew/Cellar/python@3.13/3.13.3_1/Frameworks/Python.framework/Versions/3.13/Resources/Python.app/Contents/MacOS/Python: can't open file '/Users/dipanwitaguhathakurta/Downloads/inference-sim-pa
[I 2026-04-01 15:51:52,431] Trial 931 finished with value: 1000000.0 and parameters: {'alpha_0': 0.0007238475669394833, 'alpha_1': 9.825705221436371e-05, 'alpha_2': 0.00010371587462359866, 'beta_0': 0.1284566902931816, 'beta_1': 14.512799322726492, 'beta_2': 0.19791222775551634, 'beta_3': 7.50139908264663, 'beta_4': 48.64224979522497}. Best is trial 713 with value: 124.40682604489682.

⚠ Crash: alpha=[0.0005634441711088437, 5.1473889943400264e-05, 9.616617789843702e-05], beta=[0.12405107115688102, 14.122959117666852, 0.19405675132240857, 7.776963287070588, 47.797561652271995], stderr=/opt/homebrew/Cellar/python@3.13/3.13.3_1/Frameworks/Python.framework/Versions/3.13/Resources/Python.app/Contents/MacOS/Python: can't open file '/Users/dipanwitaguhathakurta/Downloads/inference-sim-pa
[I 2026-04-01 15:51:52,476] Trial 932 finished with value: 1000000.0 and parameters: {'alpha_0': 0.0005634441711088437, 'alpha_1': 5.1473889943400264e-05, 'alpha_2': 9.616617789843702e-05, 'beta_0': 0.12405107115688102, 'beta_1': 14.122959117666852, 'beta_2': 0.19405675132240857, 'beta_3': 7.776963287070588, 'beta_4': 47.797561652271995}. Best is trial 713 with value: 124.40682604489682.

⚠ Crash: alpha=[0.0006234475648414408, 6.81994113960313e-05, 0.0001071623703479107], beta=[0.14962608557519003, 14.998907454448918, 0.18974450911428764, 7.913093768361418, 46.02272076538319], stderr=/opt/homebrew/Cellar/python@3.13/3.13.3_1/Frameworks/Python.framework/Versions/3.13/Resources/Python.app/Contents/MacOS/Python: can't open file '/Users/dipanwitaguhathakurta/Downloads/inference-sim-pa                                                                                          Best trial: 713. Best value: 124.407:  93%|█████████▎| 933/1000 [4:05:30<00:03, 21.13it/s]Best trial: 713. Best value: 124.407:  93%|█████████▎| 933/1000 [4:05:30<00:03, 21.13it/s]                                                                                          Best trial: 713. Best value: 124.407:  93%|█████████▎| 934/1000 [4:05:30<00:03, 21.13it/s]Best trial: 713. Best value: 124.407:  93%|█████████▎| 934/1000 [4:05:30<00:03, 21.13it/s]Best trial: 713. Best value: 124.407:  94%|█████████▎| 935/1000 [4:05:30<00:02, 21.72it/s]                                                                                          Best trial: 713. Best value: 124.407:  94%|█████████▎| 935/1000 [4:05:30<00:02, 21.72it/s]Best trial: 713. Best value: 124.407:  94%|█████████▎| 935/1000 [4:05:30<00:02, 21.72it/s]                                                                                          Best trial: 713. Best value: 124.407:  94%|█████████▎| 936/1000 [4:05:30<00:02, 21.72it/s]Best trial: 713. Best value: 124.407:  94%|█████████▎| 936/1000 [4:05:30<00:02, 21.72it/s]                                                                                          Best trial: 713. Best value: 124.407:  94%|█████████▎| 937/1000 [4:05:30<00:02, 21.72it/s]Best trial: 713. Best value: 124.407:  94%|█████████▎| 937/1000 [4:05:30<00:02, 21.72it/s]Best trial: 713. Best value: 124.407:  94%|█████████▍| 938/1000 [4:05:30<00:03, 20.49it/s]                                                                                          Best trial: 713. Best value: 124.407:  94%|█████████▍| 938/1000 [4:05:30<00:03, 20.49it/s]Best trial: 713. Best value: 124.407:  94%|█████████▍| 938/1000 [4:05:30<00:03, 20.49it/s]                                                                                          Best trial: 713. Best value: 124.407:  94%|█████████▍| 939/1000 [4:05:30<00:02, 20.49it/s]Best trial: 713. Best value: 124.407:  94%|█████████▍| 939/1000 [4:05:30<00:02, 20.49it/s]                                                                                          Best trial: 713. Best value: 124.407:  94%|█████████▍| 940/1000 [4:05:30<00:02, 20.49it/s]Best trial: 713. Best value: 124.407:  94%|█████████▍| 940/1000 [4:05:30<00:02, 20.49it/s]Best trial: 713. Best value: 124.407:  94%|█████████▍| 941/1000 [4:05:30<00:03, 19.37it/s]                                                                                          Best trial: 713. Best value: 124.407:  94%|█████████▍| 941/1000 [4:05:31<00:03, 19.37it/s]Best trial: 713. Best value: 124.407:  94%|█████████▍| 941/1000 [4:05:31<00:03, 19.37it/s]                                                                                          Best trial: 713. Best value: 124.407:  94%|█████████▍| 942/1000 [4:05:31<00:02, 19.37it/s]Best trial: 713. Best value: 124.407:  94%|█████████▍| 942/1000 [4:05:31<00:02, 19.37it/s]Best trial: 713. Best value: 124.407:  94%|█████████▍| 943/1000 [4:05:31<00:03, 18.89it/s]                                                                                          
[I 2026-04-01 15:51:52,518] Trial 933 finished with value: 1000000.0 and parameters: {'alpha_0': 0.0006234475648414408, 'alpha_1': 6.81994113960313e-05, 'alpha_2': 0.0001071623703479107, 'beta_0': 0.14962608557519003, 'beta_1': 14.998907454448918, 'beta_2': 0.18974450911428764, 'beta_3': 7.913093768361418, 'beta_4': 46.02272076538319}. Best is trial 713 with value: 124.40682604489682.

⚠ Crash: alpha=[0.0006644875734899652, 5.001851829036457e-05, 9.790777559755968e-05], beta=[0.13107494042910067, 14.645917936340888, 0.1915299992087225, 7.630088855168086, 45.13789595471989], stderr=/opt/homebrew/Cellar/python@3.13/3.13.3_1/Frameworks/Python.framework/Versions/3.13/Resources/Python.app/Contents/MacOS/Python: can't open file '/Users/dipanwitaguhathakurta/Downloads/inference-sim-pa
[I 2026-04-01 15:51:52,561] Trial 934 finished with value: 1000000.0 and parameters: {'alpha_0': 0.0006644875734899652, 'alpha_1': 5.001851829036457e-05, 'alpha_2': 9.790777559755968e-05, 'beta_0': 0.13107494042910067, 'beta_1': 14.645917936340888, 'beta_2': 0.1915299992087225, 'beta_3': 7.630088855168086, 'beta_4': 45.13789595471989}. Best is trial 713 with value: 124.40682604489682.

⚠ Crash: alpha=[0.0005305983896705161, 0.00013978682532770714, 7.030565923172445e-05], beta=[0.1426598073615597, 14.792612854447757, 0.19581425339583547, 7.8072488344013085, 47.027092476153456], stderr=/opt/homebrew/Cellar/python@3.13/3.13.3_1/Frameworks/Python.framework/Versions/3.13/Resources/Python.app/Contents/MacOS/Python: can't open file '/Users/dipanwitaguhathakurta/Downloads/inference-sim-pa
[I 2026-04-01 15:51:52,613] Trial 935 finished with value: 1000000.0 and parameters: {'alpha_0': 0.0005305983896705161, 'alpha_1': 0.00013978682532770714, 'alpha_2': 7.030565923172445e-05, 'beta_0': 0.1426598073615597, 'beta_1': 14.792612854447757, 'beta_2': 0.19581425339583547, 'beta_3': 7.8072488344013085, 'beta_4': 47.027092476153456}. Best is trial 713 with value: 124.40682604489682.

⚠ Crash: alpha=[0.0005960152824329662, 5.3933859838232624e-05, 0.00010072572464034576], beta=[0.11312126700010922, 14.361788102330049, 0.19852627147286714, 7.394507438715136, 46.46798536218418], stderr=/opt/homebrew/Cellar/python@3.13/3.13.3_1/Frameworks/Python.framework/Versions/3.13/Resources/Python.app/Contents/MacOS/Python: can't open file '/Users/dipanwitaguhathakurta/Downloads/inference-sim-pa
[I 2026-04-01 15:51:52,669] Trial 936 finished with value: 1000000.0 and parameters: {'alpha_0': 0.0005960152824329662, 'alpha_1': 5.3933859838232624e-05, 'alpha_2': 0.00010072572464034576, 'beta_0': 0.11312126700010922, 'beta_1': 14.361788102330049, 'beta_2': 0.19852627147286714, 'beta_3': 7.394507438715136, 'beta_4': 46.46798536218418}. Best is trial 713 with value: 124.40682604489682.

⚠ Crash: alpha=[0.000561947831248561, 6.0413622468338056e-05, 6.397364120455605e-05], beta=[0.15922789010373883, 14.813291702800074, 0.19362040908491399, 7.988926494246231, 48.067423782821706], stderr=/opt/homebrew/Cellar/python@3.13/3.13.3_1/Frameworks/Python.framework/Versions/3.13/Resources/Python.app/Contents/MacOS/Python: can't open file '/Users/dipanwitaguhathakurta/Downloads/inference-sim-pa
[I 2026-04-01 15:51:52,726] Trial 937 finished with value: 1000000.0 and parameters: {'alpha_0': 0.000561947831248561, 'alpha_1': 6.0413622468338056e-05, 'alpha_2': 6.397364120455605e-05, 'beta_0': 0.15922789010373883, 'beta_1': 14.813291702800074, 'beta_2': 0.19362040908491399, 'beta_3': 7.988926494246231, 'beta_4': 48.067423782821706}. Best is trial 713 with value: 124.40682604489682.

⚠ Crash: alpha=[0.0006160430926160143, 5.5791588864017845e-05, 0.00010370906527561383], beta=[0.11993651776885497, 14.542516352039176, 0.2006988335959596, 7.758619484394647, 45.61438798253195], stderr=/opt/homebrew/Cellar/python@3.13/3.13.3_1/Frameworks/Python.framework/Versions/3.13/Resources/Python.app/Contents/MacOS/Python: can't open file '/Users/dipanwitaguhathakurta/Downloads/inference-sim-pa
[I 2026-04-01 15:51:52,781] Trial 938 finished with value: 1000000.0 and parameters: {'alpha_0': 0.0006160430926160143, 'alpha_1': 5.5791588864017845e-05, 'alpha_2': 0.00010370906527561383, 'beta_0': 0.11993651776885497, 'beta_1': 14.542516352039176, 'beta_2': 0.2006988335959596, 'beta_3': 7.758619484394647, 'beta_4': 45.61438798253195}. Best is trial 713 with value: 124.40682604489682.

⚠ Crash: alpha=[0.0006958592269844591, 5.3419375266915054e-05, 0.00010603159633501693], beta=[0.13378411320295963, 14.647662835662533, 0.18958158643779605, 4.898965694595275, 47.36035849202502], stderr=/opt/homebrew/Cellar/python@3.13/3.13.3_1/Frameworks/Python.framework/Versions/3.13/Resources/Python.app/Contents/MacOS/Python: can't open file '/Users/dipanwitaguhathakurta/Downloads/inference-sim-pa
[I 2026-04-01 15:51:52,837] Trial 939 finished with value: 1000000.0 and parameters: {'alpha_0': 0.0006958592269844591, 'alpha_1': 5.3419375266915054e-05, 'alpha_2': 0.00010603159633501693, 'beta_0': 0.13378411320295963, 'beta_1': 14.647662835662533, 'beta_2': 0.18958158643779605, 'beta_3': 4.898965694595275, 'beta_4': 47.36035849202502}. Best is trial 713 with value: 124.40682604489682.

⚠ Crash: alpha=[0.0006428640971011633, 5.144507188797715e-05, 0.00010248237782452857], beta=[0.1264539708030179, 14.289601892745084, 0.19524322622764542, 7.893397016601325, 44.76576888604327], stderr=/opt/homebrew/Cellar/python@3.13/3.13.3_1/Frameworks/Python.framework/Versions/3.13/Resources/Python.app/Contents/MacOS/Python: can't open file '/Users/dipanwitaguhathakurta/Downloads/inference-sim-pa
[I 2026-04-01 15:51:52,899] Trial 940 finished with value: 1000000.0 and parameters: {'alpha_0': 0.0006428640971011633, 'alpha_1': 5.144507188797715e-05, 'alpha_2': 0.00010248237782452857, 'beta_0': 0.1264539708030179, 'beta_1': 14.289601892745084, 'beta_2': 0.19524322622764542, 'beta_3': 7.893397016601325, 'beta_4': 44.76576888604327}. Best is trial 713 with value: 124.40682604489682.

⚠ Crash: alpha=[0.0005370875162842948, 5.15274268960379e-05, 9.953990858122345e-05], beta=[0.13793568322149996, 14.998766152713403, 0.19266034307887428, 7.5667301067389205, 48.922649054662095], stderr=/opt/homebrew/Cellar/python@3.13/3.13.3_1/Frameworks/Python.framework/Versions/3.13/Resources/Python.app/Contents/MacOS/Python: can't open file '/Users/dipanwitaguhathakurta/Downloads/inference-sim-pa
