[I 2026-04-01 13:49:45,643] Trial 441 finished with value: 127.61409959723773 and parameters: {'alpha_0': 0.0006708358836700199, 'alpha_1': 5.0092547126516856e-05, 'alpha_2': 0.000116799865520566, 'beta_0': 0.09615943330578129, 'beta_1': 14.15709956104378, 'beta_2': 0.16662492591124817, 'beta_3': 6.106723402253521, 'beta_4': 37.293286130974316}. Best is trial 378 with value: 127.02756683178792.Best trial: 378. Best value: 127.028:  44%|████▍     | 441/1000 [2:03:23<2:35:35, 16.70s/it]Best trial: 378. Best value: 127.028:  44%|████▍     | 441/1000 [2:03:23<2:35:35, 16.70s/it]Best trial: 378. Best value: 127.028:  44%|████▍     | 442/1000 [2:03:23<2:35:40, 16.74s/it]                                                                                            Best trial: 378. Best value: 127.028:  44%|████▍     | 442/1000 [2:03:40<2:35:40, 16.74s/it]Best trial: 378. Best value: 127.028:  44%|████▍     | 442/1000 [2:03:40<2:35:40, 16.74s/it]Best trial: 378. Best value: 127.028:  44%|████▍     | 443/1000 [2:03:40<2:34:58, 16.69s/it]                                                                                            Best trial: 378. Best value: 127.028:  44%|████▍     | 443/1000 [2:03:56<2:34:58, 16.69s/it]Best trial: 378. Best value: 127.028:  44%|████▍     | 443/1000 [2:03:56<2:34:58, 16.69s/it]Best trial: 378. Best value: 127.028:  44%|████▍     | 444/1000 [2:03:56<2:34:19, 16.65s/it]                                                                                            Best trial: 378. Best value: 127.028:  44%|████▍     | 444/1000 [2:04:13<2:34:19, 16.65s/it]Best trial: 378. Best value: 127.028:  44%|████▍     | 444/1000 [2:04:13<2:34:19, 16.65s/it]Best trial: 378. Best value: 127.028:  44%|████▍     | 445/1000 [2:04:13<2:34:06, 16.66s/it]                                                                                            Best trial: 378. Best value: 127.028:  44%|████▍     | 445/1000 [2:04:30<2:34:06, 16.66s/it]Best trial: 378. Best value: 127.028:  44%|████▍     | 445/1000 [2:04:30<2:34:06, 16.66s/it]Best trial: 378. Best value: 127.028:  45%|████▍     | 446/1000 [2:04:30<2:33:31, 16.63s/it]                                                                                            Best trial: 378. Best value: 127.028:  45%|████▍     | 446/1000 [2:04:46<2:33:31, 16.63s/it]Best trial: 378. Best value: 127.028:  45%|████▍     | 446/1000 [2:04:46<2:33:31, 16.63s/it]Best trial: 378. Best value: 127.028:  45%|████▍     | 447/1000 [2:04:46<2:33:32, 16.66s/it]                                                                                            Best trial: 378. Best value: 127.028:  45%|████▍     | 447/1000 [2:05:04<2:33:32, 16.66s/it]Best trial: 378. Best value: 127.028:  45%|████▍     | 447/1000 [2:05:04<2:33:32, 16.66s/it]Best trial: 378. Best value: 127.028:  45%|████▍     | 448/1000 [2:05:04<2:37:01, 17.07s/it]                                                                                            Best trial: 378. Best value: 127.028:  45%|████▍     | 448/1000 [2:05:21<2:37:01, 17.07s/it]Best trial: 378. Best value: 127.028:  45%|████▍     | 448/1000 [2:05:21<2:37:01, 17.07s/it]Best trial: 378. Best value: 127.028:  45%|████▍     | 449/1000 [2:05:21<2:35:17, 16.91s/it]                                                                                            Best trial: 378. Best value: 127.028:  45%|████▍     | 449/1000 [2:05:38<2:35:17, 16.91s/it]Best trial: 378. Best value: 127.028:  45%|████▍     | 449/1000 [2:05:38<2:35:17, 16.91s/it]Best trial: 378. Best value: 127.028:  45%|████▌     | 450/1000 [2:05:38<2:34:20, 16.84s/it]                                                                                            Best trial: 378. Best value: 127.028:  45%|████▌     | 450/1000 [2:05:54<2:34:20, 16.84s/it]Best trial: 378. Best value: 127.028:  45%|████▌     | 450/1000 [2:05:54<2:34:20, 16.84s/it]Best trial: 378. Best value: 127.028:  45%|████▌     | 451/1000 [2:05:54<2:33:12, 16.74s/it]                                                                                            Best trial: 378. Best value: 127.028:  45%|████▌     | 451/1000 [2:06:11<2:33:12, 16.74s/it]Best trial: 378. Best value: 127.028:  45%|████▌     | 451/1000 [2:06:11<2:33:12, 16.74s/it]Best trial: 378. Best value: 127.028:  45%|████▌     | 452/1000 [2:06:11<2:32:48, 16.73s/it]                                                                                            Best trial: 378. Best value: 127.028:  45%|████▌     | 452/1000 [2:06:27<2:32:48, 16.73s/it]Best trial: 378. Best value: 127.028:  45%|████▌     | 452/1000 [2:06:27<2:32:48, 16.73s/it]Best trial: 378. Best value: 127.028:  45%|████▌     | 453/1000 [2:06:27<2:32:07, 16.69s/it]                                                                                            Best trial: 378. Best value: 127.028:  45%|████▌     | 453/1000 [2:06:44<2:32:07, 16.69s/it]Best trial: 378. Best value: 127.028:  45%|████▌     | 453/1000 [2:06:44<2:32:07, 16.69s/it]Best trial: 378. Best value: 127.028:  45%|████▌     | 454/1000 [2:06:44<2:31:25, 16.64s/it]                                                                                            Best trial: 378. Best value: 127.028:  45%|████▌     | 454/1000 [2:07:01<2:31:25, 16.64s/it]Best trial: 454. Best value: 126.716:  45%|████▌     | 454/1000 [2:07:01<2:31:25, 16.64s/it]Best trial: 454. Best value: 126.716:  46%|████▌     | 455/1000 [2:07:01<2:31:08, 16.64s/it]                                                                                            Best trial: 454. Best value: 126.716:  46%|████▌     | 455/1000 [2:07:17<2:31:08, 16.64s/it]Best trial: 454. Best value: 126.716:  46%|████▌     | 455/1000 [2:07:17<2:31:08, 16.64s/it]Best trial: 454. Best value: 126.716:  46%|████▌     | 456/1000 [2:07:17<2:30:47, 16.63s/it]                                                                                            Best trial: 454. Best value: 126.716:  46%|████▌     | 456/1000 [2:07:34<2:30:47, 16.63s/it]Best trial: 454. Best value: 126.716:  46%|████▌     | 456/1000 [2:07:34<2:30:47, 16.63s/it]Best trial: 454. Best value: 126.716:  46%|████▌     | 457/1000 [2:07:34<2:30:29, 16.63s/it]                                                                                            Best trial: 454. Best value: 126.716:  46%|████▌     | 457/1000 [2:07:50<2:30:29, 16.63s/it]Best trial: 454. Best value: 126.716:  46%|████▌     | 457/1000 [2:07:50<2:30:29, 16.63s/it]Best trial: 454. Best value: 126.716:  46%|████▌     | 458/1000 [2:07:50<2:30:23, 16.65s/it]                                                                                            Best trial: 454. Best value: 126.716:  46%|████▌     | 458/1000 [2:08:07<2:30:23, 16.65s/it]Best trial: 454. Best value: 126.716:  46%|████▌     | 458/1000 [2:08:07<2:30:23, 16.65s/it]Best trial: 454. Best value: 126.716:  46%|████▌     | 459/1000 [2:08:07<2:30:40, 16.71s/it]                                                                                            Best trial: 454. Best value: 126.716:  46%|████▌     | 459/1000 [2:08:24<2:30:40, 16.71s/it]Best trial: 454. Best value: 126.716:  46%|████▌     | 459/1000 [2:08:24<2:30:40, 16.71s/it]Best trial: 454. Best value: 126.716:  46%|████▌     | 460/1000 [2:08:24<2:30:07, 16.68s/it]                                                                                            Best trial: 454. Best value: 126.716:  46%|████▌     | 460/1000 [2:08:41<2:30:07, 16.68s/it]Best trial: 454. Best value: 126.716:  46%|████▌     | 460/1000 [2:08:41<2:30:07, 16.68s/it]Best trial: 454. Best value: 126.716:  46%|████▌     | 461/1000 [2:08:41<2:29:41, 16.66s/it]                                                                                            Best trial: 454. Best value: 126.716:  46%|████▌     | 461/1000 [2:08:57<2:29:41, 16.66s/it]Best trial: 454. Best value: 126.716:  46%|████▌     | 461/1000 [2:08:57<2:29:41, 16.66s/it]Best trial: 454. Best value: 126.716:  46%|████▌     | 462/1000 [2:08:57<2:29:11, 16.64s/it]                                                                                            
[I 2026-04-01 13:50:02,229] Trial 442 finished with value: 130.60039994043225 and parameters: {'alpha_0': 0.0007969725431768174, 'alpha_1': 5.338417748512233e-05, 'alpha_2': 0.00011841078891688164, 'beta_0': 0.08464354440388218, 'beta_1': 13.68812078398154, 'beta_2': 0.15439761820084044, 'beta_3': 6.493120739391147, 'beta_4': 38.68003653404697}. Best is trial 378 with value: 127.02756683178792.
[I 2026-04-01 13:50:18,793] Trial 443 finished with value: 128.09446034185473 and parameters: {'alpha_0': 0.0007506316593353213, 'alpha_1': 5.0101211809577934e-05, 'alpha_2': 0.00011604927570534607, 'beta_0': 0.07961079967341898, 'beta_1': 13.972388262131982, 'beta_2': 0.2003186158483419, 'beta_3': 5.981046427516866, 'beta_4': 36.437816473251566}. Best is trial 378 with value: 127.02756683178792.
[I 2026-04-01 13:50:35,468] Trial 444 finished with value: 128.21012223313025 and parameters: {'alpha_0': 0.0008632640971139573, 'alpha_1': 5.161620388295404e-05, 'alpha_2': 0.00011990787646796886, 'beta_0': 0.0902741005318562, 'beta_1': 14.2369505336682, 'beta_2': 0.1706881626868466, 'beta_3': 6.32031837432917, 'beta_4': 37.505959625696605}. Best is trial 378 with value: 127.02756683178792.
[I 2026-04-01 13:50:52,016] Trial 445 finished with value: 129.8886660165851 and parameters: {'alpha_0': 0.0008284562937681589, 'alpha_1': 5.323989692840913e-05, 'alpha_2': 8.531267932582508e-05, 'beta_0': 0.08524874932402875, 'beta_1': 14.269379973463854, 'beta_2': 0.190628652970412, 'beta_3': 6.134892686192392, 'beta_4': 38.28992128732912}. Best is trial 378 with value: 127.02756683178792.
[I 2026-04-01 13:51:08,752] Trial 446 finished with value: 127.61860394614018 and parameters: {'alpha_0': 0.0007008916496304676, 'alpha_1': 5.000739003443955e-05, 'alpha_2': 0.00011738897735093934, 'beta_0': 0.09377912049936767, 'beta_1': 13.487902838884782, 'beta_2': 0.1877941854451198, 'beta_3': 5.984607737127266, 'beta_4': 37.95680532770994}. Best is trial 378 with value: 127.02756683178792.
[I 2026-04-01 13:51:26,770] Trial 447 finished with value: 160.88210567747097 and parameters: {'alpha_0': 0.0007829174962091022, 'alpha_1': 5.47029234438899e-05, 'alpha_2': 0.00011855286979571604, 'beta_0': 0.21190202902627103, 'beta_1': 13.96237310026788, 'beta_2': 0.18558688923160083, 'beta_3': 6.193807980477687, 'beta_4': 38.437678288854016}. Best is trial 378 with value: 127.02756683178792.
[I 2026-04-01 13:51:43,311] Trial 448 finished with value: 128.7739885921419 and parameters: {'alpha_0': 0.0007368509917733455, 'alpha_1': 5.2346114716572636e-05, 'alpha_2': 0.00011558069082259798, 'beta_0': 0.07774896906805746, 'beta_1': 14.394041910304772, 'beta_2': 0.1822942313953839, 'beta_3': 6.048032250903755, 'beta_4': 36.86191674615029}. Best is trial 378 with value: 127.02756683178792.
[I 2026-04-01 13:51:59,981] Trial 449 finished with value: 136.6190680570475 and parameters: {'alpha_0': 0.0006529169071608375, 'alpha_1': 5.670805237100173e-05, 'alpha_2': 0.00011702227392899049, 'beta_0': 0.08217150461764275, 'beta_1': 10.21775364472638, 'beta_2': 0.1844458412183532, 'beta_3': 6.182244091218779, 'beta_4': 38.63930218019369}. Best is trial 378 with value: 127.02756683178792.
[I 2026-04-01 13:52:16,509] Trial 450 finished with value: 129.4801159413911 and parameters: {'alpha_0': 0.0008537774229707589, 'alpha_1': 5.168921401250664e-05, 'alpha_2': 6.042064769522962e-05, 'beta_0': 0.08948582303414127, 'beta_1': 14.127137815289622, 'beta_2': 0.18993308415782942, 'beta_3': 6.019025695042827, 'beta_4': 37.58653142478323}. Best is trial 378 with value: 127.02756683178792.
[I 2026-04-01 13:52:33,207] Trial 451 finished with value: 127.23418302581365 and parameters: {'alpha_0': 0.0007084537286433943, 'alpha_1': 5.001832726005936e-05, 'alpha_2': 0.00011841665096078384, 'beta_0': 0.09928939736085271, 'beta_1': 13.796421124694731, 'beta_2': 0.17576390917276705, 'beta_3': 6.301101418607979, 'beta_4': 38.762883322300816}. Best is trial 378 with value: 127.02756683178792.
[I 2026-04-01 13:52:49,793] Trial 452 finished with value: 128.06887739007888 and parameters: {'alpha_0': 0.0006860393911277035, 'alpha_1': 5.002636791472781e-05, 'alpha_2': 0.00011855243654077564, 'beta_0': 0.07589646289385014, 'beta_1': 13.723338130239588, 'beta_2': 0.17954510853569744, 'beta_3': 6.334223925357562, 'beta_4': 38.05702939288114}. Best is trial 378 with value: 127.02756683178792.
[I 2026-04-01 13:53:06,322] Trial 453 finished with value: 129.78099135320454 and parameters: {'alpha_0': 0.0007765429667223729, 'alpha_1': 5.3522656405937295e-05, 'alpha_2': 0.00011852286859018848, 'beta_0': 0.09992011435877629, 'beta_1': 13.809478314079382, 'beta_2': 0.1696317950132061, 'beta_3': 6.5651711838130025, 'beta_4': 37.07127847771329}. Best is trial 378 with value: 127.02756683178792.
[I 2026-04-01 13:53:22,963] Trial 454 finished with value: 126.71566127506844 and parameters: {'alpha_0': 0.0007077509056808841, 'alpha_1': 5.0002322870341824e-05, 'alpha_2': 0.00011738238207769753, 'beta_0': 0.09629066126998051, 'beta_1': 13.52634652423333, 'beta_2': 0.17661624102532258, 'beta_3': 6.363967873909244, 'beta_4': 38.594843948774}. Best is trial 454 with value: 126.71566127506844.
[I 2026-04-01 13:53:39,576] Trial 455 finished with value: 131.98097571941537 and parameters: {'alpha_0': 0.000811148863716753, 'alpha_1': 5.5054054556399944e-05, 'alpha_2': 4.994518957757655e-05, 'beta_0': 0.09933781979131975, 'beta_1': 13.37907807781125, 'beta_2': 0.17671843710419416, 'beta_3': 6.42128822467672, 'beta_4': 38.87296079474578}. Best is trial 454 with value: 126.71566127506844.
[I 2026-04-01 13:53:56,197] Trial 456 finished with value: 128.48532948339655 and parameters: {'alpha_0': 0.0007024518566385867, 'alpha_1': 5.2221420587869166e-05, 'alpha_2': 0.00011626635656770576, 'beta_0': 0.09589673681245411, 'beta_1': 13.791019523935553, 'beta_2': 0.1755340005672435, 'beta_3': 6.39678780666939, 'beta_4': 49.68655925545866}. Best is trial 454 with value: 126.71566127506844.
[I 2026-04-01 13:54:12,892] Trial 457 finished with value: 128.86806149566758 and parameters: {'alpha_0': 0.0006262543182943074, 'alpha_1': 5.2237131709830415e-05, 'alpha_2': 0.00011704094072746188, 'beta_0': 0.09258046943462622, 'beta_1': 13.291632608018645, 'beta_2': 0.17627078976690053, 'beta_3': 6.451663870371968, 'beta_4': 39.083685572981004}. Best is trial 454 with value: 126.71566127506844.
[I 2026-04-01 13:54:29,746] Trial 458 finished with value: 153.71054826773056 and parameters: {'alpha_0': 0.0007498048376082534, 'alpha_1': 6.981737957974781e-05, 'alpha_2': 0.00011577351726057525, 'beta_0': 0.09804319787674104, 'beta_1': 8.097758007604824, 'beta_2': 0.1747735224247748, 'beta_3': 6.308169341632351, 'beta_4': 38.59502647806904}. Best is trial 454 with value: 126.71566127506844.
[I 2026-04-01 13:54:46,358] Trial 459 finished with value: 130.07240591955423 and parameters: {'alpha_0': 0.0006719138372579222, 'alpha_1': 5.363124641112638e-05, 'alpha_2': 0.00011778045396629941, 'beta_0': 0.09432061632830094, 'beta_1': 13.600213121610146, 'beta_2': 0.17794509051983154, 'beta_3': 6.531964352518579, 'beta_4': 21.80172380356443}. Best is trial 454 with value: 126.71566127506844.
[I 2026-04-01 13:55:02,983] Trial 460 finished with value: 128.45650500625578 and parameters: {'alpha_0': 0.0007161827693041638, 'alpha_1': 5.0039571419227595e-05, 'alpha_2': 0.00011858126378597918, 'beta_0': 0.10126416209056026, 'beta_1': 12.221316648825573, 'beta_2': 0.17289439798496317, 'beta_3': 6.261375831193167, 'beta_4': 24.891199924565672}. Best is trial 454 with value: 126.71566127506844.
[I 2026-04-01 13:55:19,561] Trial 461 finished with value: 128.71472230980967 and parameters: {'alpha_0': 0.0005914675795731409, 'alpha_1': 5.000790883962857e-05, 'alpha_2': 7.240983232594716e-05, 'beta_0': 0.08870917895118245, 'beta_1': 13.472168840019842, 'beta_2': 0.17919267425289198, 'beta_3': 6.259899943431546, 'beta_4': 39.2794451938041}. Best is trial 454 with value: 126.71566127506844.
