[I 2026-04-01 13:43:54,358] Trial 420 finished with value: 215.96661427835915 and parameters: {'alpha_0': 0.0016377364113614587, 'alpha_1': 0.00010957102041248514, 'alpha_2': 0.00011383256558930151, 'beta_0': 0.08261081449474912, 'beta_1': 14.255694558796199, 'beta_2': 0.18715079180848954, 'beta_3': 6.10958350875138, 'beta_4': 40.48331226860399}. Best is trial 378 with value: 127.02756683178792.Best trial: 378. Best value: 127.028:  42%|████▏     | 420/1000 [1:57:32<2:41:58, 16.76s/it]Best trial: 378. Best value: 127.028:  42%|████▏     | 420/1000 [1:57:32<2:41:58, 16.76s/it]Best trial: 378. Best value: 127.028:  42%|████▏     | 421/1000 [1:57:32<2:41:06, 16.70s/it]                                                                                            Best trial: 378. Best value: 127.028:  42%|████▏     | 421/1000 [1:57:48<2:41:06, 16.70s/it]Best trial: 378. Best value: 127.028:  42%|████▏     | 421/1000 [1:57:48<2:41:06, 16.70s/it]Best trial: 378. Best value: 127.028:  42%|████▏     | 422/1000 [1:57:48<2:40:22, 16.65s/it]                                                                                            Best trial: 378. Best value: 127.028:  42%|████▏     | 422/1000 [1:58:05<2:40:22, 16.65s/it]Best trial: 378. Best value: 127.028:  42%|████▏     | 422/1000 [1:58:05<2:40:22, 16.65s/it]Best trial: 378. Best value: 127.028:  42%|████▏     | 423/1000 [1:58:05<2:39:39, 16.60s/it]                                                                                            Best trial: 378. Best value: 127.028:  42%|████▏     | 423/1000 [1:58:22<2:39:39, 16.60s/it]Best trial: 378. Best value: 127.028:  42%|████▏     | 423/1000 [1:58:22<2:39:39, 16.60s/it]Best trial: 378. Best value: 127.028:  42%|████▏     | 424/1000 [1:58:22<2:39:16, 16.59s/it]                                                                                            Best trial: 378. Best value: 127.028:  42%|████▏     | 424/1000 [1:58:39<2:39:16, 16.59s/it]Best trial: 378. Best value: 127.028:  42%|████▏     | 424/1000 [1:58:39<2:39:16, 16.59s/it]Best trial: 378. Best value: 127.028:  42%|████▎     | 425/1000 [1:58:39<2:42:37, 16.97s/it]                                                                                            Best trial: 378. Best value: 127.028:  42%|████▎     | 425/1000 [1:58:56<2:42:37, 16.97s/it]Best trial: 378. Best value: 127.028:  42%|████▎     | 425/1000 [1:58:56<2:42:37, 16.97s/it]Best trial: 378. Best value: 127.028:  43%|████▎     | 426/1000 [1:58:56<2:41:08, 16.84s/it]                                                                                            Best trial: 378. Best value: 127.028:  43%|████▎     | 426/1000 [1:59:13<2:41:08, 16.84s/it]Best trial: 378. Best value: 127.028:  43%|████▎     | 426/1000 [1:59:13<2:41:08, 16.84s/it]Best trial: 378. Best value: 127.028:  43%|████▎     | 427/1000 [1:59:13<2:40:06, 16.76s/it]                                                                                            Best trial: 378. Best value: 127.028:  43%|████▎     | 427/1000 [1:59:30<2:40:06, 16.76s/it]Best trial: 378. Best value: 127.028:  43%|████▎     | 427/1000 [1:59:30<2:40:06, 16.76s/it]Best trial: 378. Best value: 127.028:  43%|████▎     | 428/1000 [1:59:30<2:41:33, 16.95s/it]                                                                                            Best trial: 378. Best value: 127.028:  43%|████▎     | 428/1000 [1:59:47<2:41:33, 16.95s/it]Best trial: 378. Best value: 127.028:  43%|████▎     | 428/1000 [1:59:47<2:41:33, 16.95s/it]Best trial: 378. Best value: 127.028:  43%|████▎     | 429/1000 [1:59:47<2:41:52, 17.01s/it]                                                                                            Best trial: 378. Best value: 127.028:  43%|████▎     | 429/1000 [2:00:04<2:41:52, 17.01s/it]Best trial: 378. Best value: 127.028:  43%|████▎     | 429/1000 [2:00:04<2:41:52, 17.01s/it]Best trial: 378. Best value: 127.028:  43%|████▎     | 430/1000 [2:00:04<2:40:18, 16.87s/it]                                                                                            Best trial: 378. Best value: 127.028:  43%|████▎     | 430/1000 [2:00:20<2:40:18, 16.87s/it]Best trial: 378. Best value: 127.028:  43%|████▎     | 430/1000 [2:00:20<2:40:18, 16.87s/it]Best trial: 378. Best value: 127.028:  43%|████▎     | 431/1000 [2:00:20<2:39:12, 16.79s/it]                                                                                            Best trial: 378. Best value: 127.028:  43%|████▎     | 431/1000 [2:00:37<2:39:12, 16.79s/it]Best trial: 378. Best value: 127.028:  43%|████▎     | 431/1000 [2:00:37<2:39:12, 16.79s/it]Best trial: 378. Best value: 127.028:  43%|████▎     | 432/1000 [2:00:37<2:38:21, 16.73s/it]                                                                                            Best trial: 378. Best value: 127.028:  43%|████▎     | 432/1000 [2:00:53<2:38:21, 16.73s/it]Best trial: 378. Best value: 127.028:  43%|████▎     | 432/1000 [2:00:53<2:38:21, 16.73s/it]Best trial: 378. Best value: 127.028:  43%|████▎     | 433/1000 [2:00:53<2:37:36, 16.68s/it]                                                                                            Best trial: 378. Best value: 127.028:  43%|████▎     | 433/1000 [2:01:10<2:37:36, 16.68s/it]Best trial: 378. Best value: 127.028:  43%|████▎     | 433/1000 [2:01:10<2:37:36, 16.68s/it]Best trial: 378. Best value: 127.028:  43%|████▎     | 434/1000 [2:01:10<2:36:59, 16.64s/it]                                                                                            Best trial: 378. Best value: 127.028:  43%|████▎     | 434/1000 [2:01:26<2:36:59, 16.64s/it]Best trial: 378. Best value: 127.028:  43%|████▎     | 434/1000 [2:01:26<2:36:59, 16.64s/it]Best trial: 378. Best value: 127.028:  44%|████▎     | 435/1000 [2:01:26<2:36:30, 16.62s/it]                                                                                            Best trial: 378. Best value: 127.028:  44%|████▎     | 435/1000 [2:01:43<2:36:30, 16.62s/it]Best trial: 378. Best value: 127.028:  44%|████▎     | 435/1000 [2:01:43<2:36:30, 16.62s/it]Best trial: 378. Best value: 127.028:  44%|████▎     | 436/1000 [2:01:43<2:35:58, 16.59s/it]                                                                                            Best trial: 378. Best value: 127.028:  44%|████▎     | 436/1000 [2:02:00<2:35:58, 16.59s/it]Best trial: 378. Best value: 127.028:  44%|████▎     | 436/1000 [2:02:00<2:35:58, 16.59s/it]Best trial: 378. Best value: 127.028:  44%|████▎     | 437/1000 [2:02:00<2:35:41, 16.59s/it]                                                                                            Best trial: 378. Best value: 127.028:  44%|████▎     | 437/1000 [2:02:16<2:35:41, 16.59s/it]Best trial: 378. Best value: 127.028:  44%|████▎     | 437/1000 [2:02:16<2:35:41, 16.59s/it]Best trial: 378. Best value: 127.028:  44%|████▍     | 438/1000 [2:02:16<2:35:20, 16.59s/it]                                                                                            Best trial: 378. Best value: 127.028:  44%|████▍     | 438/1000 [2:02:33<2:35:20, 16.59s/it]Best trial: 378. Best value: 127.028:  44%|████▍     | 438/1000 [2:02:33<2:35:20, 16.59s/it]Best trial: 378. Best value: 127.028:  44%|████▍     | 439/1000 [2:02:33<2:35:16, 16.61s/it]                                                                                            Best trial: 378. Best value: 127.028:  44%|████▍     | 439/1000 [2:02:50<2:35:16, 16.61s/it]Best trial: 378. Best value: 127.028:  44%|████▍     | 439/1000 [2:02:50<2:35:16, 16.61s/it]Best trial: 378. Best value: 127.028:  44%|████▍     | 440/1000 [2:02:50<2:35:30, 16.66s/it]                                                                                            Best trial: 378. Best value: 127.028:  44%|████▍     | 440/1000 [2:03:06<2:35:30, 16.66s/it]Best trial: 378. Best value: 127.028:  44%|████▍     | 440/1000 [2:03:06<2:35:30, 16.66s/it]Best trial: 378. Best value: 127.028:  44%|████▍     | 441/1000 [2:03:06<2:35:35, 16.70s/it]                                                                                            
[I 2026-04-01 13:44:10,895] Trial 421 finished with value: 127.59396133933309 and parameters: {'alpha_0': 0.0006182272194147067, 'alpha_1': 5.00685755189342e-05, 'alpha_2': 6.41321414334841e-05, 'beta_0': 0.0787324449500895, 'beta_1': 14.612091084199955, 'beta_2': 0.17738672459116522, 'beta_3': 5.8066979727006, 'beta_4': 39.10677827692451}. Best is trial 378 with value: 127.02756683178792.
[I 2026-04-01 13:44:27,391] Trial 422 finished with value: 127.34440979919827 and parameters: {'alpha_0': 0.0005278397290951782, 'alpha_1': 5.006593847395624e-05, 'alpha_2': 0.00011827848202763426, 'beta_0': 0.0775029573944252, 'beta_1': 14.505991432711728, 'beta_2': 0.17608930853489843, 'beta_3': 5.960531718716806, 'beta_4': 36.737688115361465}. Best is trial 378 with value: 127.02756683178792.
[I 2026-04-01 13:44:43,954] Trial 423 finished with value: 131.18379112352093 and parameters: {'alpha_0': 0.0005051482454994729, 'alpha_1': 5.521665328512089e-05, 'alpha_2': 0.00011851481394399675, 'beta_0': 0.07765004100187897, 'beta_1': 14.293393066501231, 'beta_2': 0.1711657537054986, 'beta_3': 6.2133192030778135, 'beta_4': 37.582334737416204}. Best is trial 378 with value: 127.02756683178792.
[I 2026-04-01 13:45:01,806] Trial 424 finished with value: 131.3214090245732 and parameters: {'alpha_0': 0.0005466532124324875, 'alpha_1': 5.225174792590608e-05, 'alpha_2': 0.00011865342315587482, 'beta_0': 0.13076684104064962, 'beta_1': 13.072017944927197, 'beta_2': 0.17794585367658017, 'beta_3': 5.996979758656947, 'beta_4': 36.49289421787613}. Best is trial 378 with value: 127.02756683178792.
[I 2026-04-01 13:45:18,356] Trial 425 finished with value: 129.19960782083402 and parameters: {'alpha_0': 0.000535313335294023, 'alpha_1': 5.174829840130034e-05, 'alpha_2': 0.00011678084954091937, 'beta_0': 0.08298638676271956, 'beta_1': 13.651673908605456, 'beta_2': 0.18126344380281195, 'beta_3': 5.973172843053418, 'beta_4': 37.29052486507402}. Best is trial 378 with value: 127.02756683178792.
[I 2026-04-01 13:45:34,937] Trial 426 finished with value: 130.62976680488282 and parameters: {'alpha_0': 0.0007316377203846021, 'alpha_1': 5.426185361410656e-05, 'alpha_2': 0.00011867194846257526, 'beta_0': 0.08003913087950747, 'beta_1': 14.394524046383482, 'beta_2': 0.17403222152760225, 'beta_3': 6.082998444680652, 'beta_4': 36.74893929600894}. Best is trial 378 with value: 127.02756683178792.
[I 2026-04-01 13:45:52,308] Trial 427 finished with value: 184.93140751522742 and parameters: {'alpha_0': 0.0006093357825406398, 'alpha_1': 8.587791699339756e-05, 'alpha_2': 0.00011684863374766244, 'beta_0': 0.16660048892737578, 'beta_1': 13.856314177039257, 'beta_2': 0.19721532547249704, 'beta_3': 6.378682760497365, 'beta_4': 35.823425649634494}. Best is trial 378 with value: 127.02756683178792.
[I 2026-04-01 13:46:09,462] Trial 428 finished with value: 133.78737687220917 and parameters: {'alpha_0': 0.0005217224466971722, 'alpha_1': 5.177442639757748e-05, 'alpha_2': 0.00011519499749805203, 'beta_0': 0.07718371011609587, 'beta_1': 6.147590056051978, 'beta_2': 0.17306119594039235, 'beta_3': 5.924049027265773, 'beta_4': 35.104113014553754}. Best is trial 378 with value: 127.02756683178792.
[I 2026-04-01 13:46:26,021] Trial 429 finished with value: 127.46095002030935 and parameters: {'alpha_0': 0.0007724005076575931, 'alpha_1': 5.018763313939555e-05, 'alpha_2': 0.00011855611223552394, 'beta_0': 0.08496821139749015, 'beta_1': 14.142857766261939, 'beta_2': 0.20590479158017955, 'beta_3': 6.1242719742498055, 'beta_4': 37.97417226525049}. Best is trial 378 with value: 127.02756683178792.
[I 2026-04-01 13:46:42,609] Trial 430 finished with value: 129.13123774771304 and parameters: {'alpha_0': 0.0008077493969684337, 'alpha_1': 5.340003550163233e-05, 'alpha_2': 0.00011865576525239984, 'beta_0': 0.08587062388686757, 'beta_1': 13.943445958028743, 'beta_2': 0.2122147477442258, 'beta_3': 6.237989207120473, 'beta_4': 36.9003565172459}. Best is trial 378 with value: 127.02756683178792.
[I 2026-04-01 13:46:59,195] Trial 431 finished with value: 127.54333143612581 and parameters: {'alpha_0': 0.00076796779322067, 'alpha_1': 5.014323407369916e-05, 'alpha_2': 0.00011986252270307162, 'beta_0': 0.08560216290329695, 'beta_1': 14.149646233750179, 'beta_2': 0.1847266627501467, 'beta_3': 6.132025519478922, 'beta_4': 37.92243256680128}. Best is trial 378 with value: 127.02756683178792.
[I 2026-04-01 13:47:15,758] Trial 432 finished with value: 127.53260230572073 and parameters: {'alpha_0': 0.0007705564916005277, 'alpha_1': 5.012625545900838e-05, 'alpha_2': 0.00011959171504638782, 'beta_0': 0.08523552382899768, 'beta_1': 14.029410928224438, 'beta_2': 0.164881976045007, 'beta_3': 6.124400651358671, 'beta_4': 37.89411184876914}. Best is trial 378 with value: 127.02756683178792.
[I 2026-04-01 13:47:32,316] Trial 433 finished with value: 132.05899792457143 and parameters: {'alpha_0': 0.0007577329442710162, 'alpha_1': 5.5808038584527925e-05, 'alpha_2': 0.00011960305328787068, 'beta_0': 0.08723720137797655, 'beta_1': 13.812900888440728, 'beta_2': 0.16539310761728324, 'beta_3': 6.12538945870404, 'beta_4': 37.25983489404337}. Best is trial 378 with value: 127.02756683178792.
[I 2026-04-01 13:47:48,889] Trial 434 finished with value: 130.16947198386828 and parameters: {'alpha_0': 0.0007737716017791024, 'alpha_1': 5.296785133847193e-05, 'alpha_2': 0.00011999701558470576, 'beta_0': 0.09071250026723723, 'beta_1': 13.32677841174204, 'beta_2': 0.16366854259216687, 'beta_3': 6.2974214250885305, 'beta_4': 36.05157871004782}. Best is trial 378 with value: 127.02756683178792.
[I 2026-04-01 13:48:05,415] Trial 435 finished with value: 128.64445973959977 and parameters: {'alpha_0': 0.000708709385122126, 'alpha_1': 5.174980037413453e-05, 'alpha_2': 0.00011831761132874834, 'beta_0': 0.08311838841928405, 'beta_1': 14.032933449243835, 'beta_2': 0.2080583112080596, 'beta_3': 6.17719925195428, 'beta_4': 38.07947027667922}. Best is trial 378 with value: 127.02756683178792.
[I 2026-04-01 13:48:22,008] Trial 436 finished with value: 135.0678568495429 and parameters: {'alpha_0': 0.0008037770470619657, 'alpha_1': 5.8384150087256014e-05, 'alpha_2': 0.00011984407419455626, 'beta_0': 0.08691709594251615, 'beta_1': 13.597221045428634, 'beta_2': 0.1560407941610274, 'beta_3': 6.404876811892592, 'beta_4': 36.69320655556473}. Best is trial 378 with value: 127.02756683178792.
[I 2026-04-01 13:48:38,576] Trial 437 finished with value: 127.72127334935142 and parameters: {'alpha_0': 0.0007918440633951612, 'alpha_1': 5.0029999473396466e-05, 'alpha_2': 0.00011999167469353891, 'beta_0': 0.0828617967304931, 'beta_1': 14.07965766452202, 'beta_2': 0.161531303445442, 'beta_3': 6.19452462733718, 'beta_4': 37.73703822168522}. Best is trial 378 with value: 127.02756683178792.
[I 2026-04-01 13:48:55,230] Trial 438 finished with value: 130.21801835674648 and parameters: {'alpha_0': 0.0007371249522650506, 'alpha_1': 5.383632591225479e-05, 'alpha_2': 0.00011737663682295996, 'beta_0': 0.09196351415489996, 'beta_1': 13.75979064596539, 'beta_2': 0.18637278672719365, 'beta_3': 6.094516036815603, 'beta_4': 38.15748043467635}. Best is trial 378 with value: 127.02756683178792.
[I 2026-04-01 13:49:12,021] Trial 439 finished with value: 129.27083837631295 and parameters: {'alpha_0': 0.0008491491984586838, 'alpha_1': 5.182445324089875e-05, 'alpha_2': 0.00011707335901419658, 'beta_0': 0.08036045810575858, 'beta_1': 14.147652690549327, 'beta_2': 0.20566679302156987, 'beta_3': 6.075597015185517, 'beta_4': 37.79960428379481}. Best is trial 378 with value: 127.02756683178792.
[I 2026-04-01 13:49:28,811] Trial 440 finished with value: 131.3640248081157 and parameters: {'alpha_0': 0.0005026152897725272, 'alpha_1': 5.564255056149066e-05, 'alpha_2': 0.00011837952341746463, 'beta_0': 0.08824153773059737, 'beta_1': 13.90426824563491, 'beta_2': 0.1830727365249015, 'beta_3': 6.2504488575020005, 'beta_4': 38.39163058063829}. Best is trial 378 with value: 127.02756683178792.
