[I 2026-03-31 17:43:14,852] Trial 781 finished with value: 3326.5963611753896 and parameters: {'alpha_0': 0.0013988842759672516, 'alpha_1': 5.19802256431116e-05, 'alpha_2': 9.852689144047032e-05, 'beta_0': 0.44276279014267167, 'beta_1': 0.8864404384360719, 'beta_2': 0.23059899957438612, 'beta_3': 0.0013446112274777557, 'beta_4': 0.9505862377533976, 'beta_5': 41.62900117531975, 'beta_6': 0.010897328251176388, 'beta_7': 0.02806530213174993}. Best is trial 663 with value: 2322.408756152314.Best trial: 663. Best value: 2322.41:  78%|███████▊  | 781/1000 [21:24<04:37,  1.27s/it]Best trial: 663. Best value: 2322.41:  78%|███████▊  | 781/1000 [21:24<04:37,  1.27s/it]Best trial: 663. Best value: 2322.41:  78%|███████▊  | 782/1000 [21:24<04:56,  1.36s/it]                                                                                        Best trial: 663. Best value: 2322.41:  78%|███████▊  | 782/1000 [21:25<04:56,  1.36s/it]Best trial: 663. Best value: 2322.41:  78%|███████▊  | 782/1000 [21:25<04:56,  1.36s/it]Best trial: 663. Best value: 2322.41:  78%|███████▊  | 783/1000 [21:25<04:47,  1.33s/it]                                                                                        Best trial: 663. Best value: 2322.41:  78%|███████▊  | 783/1000 [21:26<04:47,  1.33s/it]Best trial: 663. Best value: 2322.41:  78%|███████▊  | 783/1000 [21:26<04:47,  1.33s/it]Best trial: 663. Best value: 2322.41:  78%|███████▊  | 784/1000 [21:26<04:42,  1.31s/it]                                                                                        Best trial: 663. Best value: 2322.41:  78%|███████▊  | 784/1000 [21:28<04:42,  1.31s/it]Best trial: 663. Best value: 2322.41:  78%|███████▊  | 784/1000 [21:28<04:42,  1.31s/it]Best trial: 663. Best value: 2322.41:  78%|███████▊  | 785/1000 [21:28<04:39,  1.30s/it]                                                                                        Best trial: 663. Best value: 2322.41:  78%|███████▊  | 785/1000 [21:29<04:39,  1.30s/it]Best trial: 663. Best value: 2322.41:  78%|███████▊  | 785/1000 [21:29<04:39,  1.30s/it]Best trial: 663. Best value: 2322.41:  79%|███████▊  | 786/1000 [21:29<04:36,  1.29s/it]                                                                                        Best trial: 663. Best value: 2322.41:  79%|███████▊  | 786/1000 [21:30<04:36,  1.29s/it]Best trial: 663. Best value: 2322.41:  79%|███████▊  | 786/1000 [21:30<04:36,  1.29s/it]Best trial: 663. Best value: 2322.41:  79%|███████▊  | 787/1000 [21:30<04:31,  1.27s/it]                                                                                        Best trial: 663. Best value: 2322.41:  79%|███████▊  | 787/1000 [21:31<04:31,  1.27s/it]Best trial: 663. Best value: 2322.41:  79%|███████▊  | 787/1000 [21:31<04:31,  1.27s/it]Best trial: 663. Best value: 2322.41:  79%|███████▉  | 788/1000 [21:31<04:27,  1.26s/it]                                                                                        Best trial: 663. Best value: 2322.41:  79%|███████▉  | 788/1000 [21:33<04:27,  1.26s/it]Best trial: 663. Best value: 2322.41:  79%|███████▉  | 788/1000 [21:33<04:27,  1.26s/it]Best trial: 663. Best value: 2322.41:  79%|███████▉  | 789/1000 [21:33<04:27,  1.27s/it]                                                                                        Best trial: 663. Best value: 2322.41:  79%|███████▉  | 789/1000 [21:34<04:27,  1.27s/it]Best trial: 663. Best value: 2322.41:  79%|███████▉  | 789/1000 [21:34<04:27,  1.27s/it]Best trial: 663. Best value: 2322.41:  79%|███████▉  | 790/1000 [21:34<04:25,  1.26s/it]                                                                                        Best trial: 663. Best value: 2322.41:  79%|███████▉  | 790/1000 [21:35<04:25,  1.26s/it]Best trial: 663. Best value: 2322.41:  79%|███████▉  | 790/1000 [21:35<04:25,  1.26s/it]Best trial: 663. Best value: 2322.41:  79%|███████▉  | 791/1000 [21:35<04:24,  1.27s/it]                                                                                        Best trial: 663. Best value: 2322.41:  79%|███████▉  | 791/1000 [21:36<04:24,  1.27s/it]Best trial: 663. Best value: 2322.41:  79%|███████▉  | 791/1000 [21:36<04:24,  1.27s/it]Best trial: 663. Best value: 2322.41:  79%|███████▉  | 792/1000 [21:36<04:21,  1.26s/it]                                                                                        Best trial: 663. Best value: 2322.41:  79%|███████▉  | 792/1000 [21:38<04:21,  1.26s/it]Best trial: 663. Best value: 2322.41:  79%|███████▉  | 792/1000 [21:38<04:21,  1.26s/it]Best trial: 663. Best value: 2322.41:  79%|███████▉  | 793/1000 [21:38<04:21,  1.26s/it]                                                                                        Best trial: 663. Best value: 2322.41:  79%|███████▉  | 793/1000 [21:39<04:21,  1.26s/it]Best trial: 663. Best value: 2322.41:  79%|███████▉  | 793/1000 [21:39<04:21,  1.26s/it]Best trial: 663. Best value: 2322.41:  79%|███████▉  | 794/1000 [21:39<04:20,  1.26s/it]                                                                                        Best trial: 663. Best value: 2322.41:  79%|███████▉  | 794/1000 [21:40<04:20,  1.26s/it]Best trial: 663. Best value: 2322.41:  79%|███████▉  | 794/1000 [21:40<04:20,  1.26s/it]Best trial: 663. Best value: 2322.41:  80%|███████▉  | 795/1000 [21:40<04:20,  1.27s/it]                                                                                        Best trial: 663. Best value: 2322.41:  80%|███████▉  | 795/1000 [21:42<04:20,  1.27s/it]Best trial: 663. Best value: 2322.41:  80%|███████▉  | 795/1000 [21:42<04:20,  1.27s/it]Best trial: 663. Best value: 2322.41:  80%|███████▉  | 796/1000 [21:42<04:19,  1.27s/it]                                                                                        Best trial: 663. Best value: 2322.41:  80%|███████▉  | 796/1000 [21:43<04:19,  1.27s/it]Best trial: 663. Best value: 2322.41:  80%|███████▉  | 796/1000 [21:43<04:19,  1.27s/it]Best trial: 663. Best value: 2322.41:  80%|███████▉  | 797/1000 [21:43<04:17,  1.27s/it]                                                                                        Best trial: 663. Best value: 2322.41:  80%|███████▉  | 797/1000 [21:44<04:17,  1.27s/it]Best trial: 663. Best value: 2322.41:  80%|███████▉  | 797/1000 [21:44<04:17,  1.27s/it]Best trial: 663. Best value: 2322.41:  80%|███████▉  | 798/1000 [21:44<04:15,  1.26s/it]                                                                                        
[I 2026-03-31 17:43:16,103] Trial 782 finished with value: 2343.2556789317023 and parameters: {'alpha_0': 0.0015799719101508708, 'alpha_1': 5.010387645871401e-05, 'alpha_2': 9.420682326963581e-05, 'beta_0': 0.4208061838683308, 'beta_1': 0.9349939757946166, 'beta_2': 0.19771518904791624, 'beta_3': 0.0013580753142774906, 'beta_4': 0.9809205861876709, 'beta_5': 43.51927036865054, 'beta_6': 0.01331302559059399, 'beta_7': 0.03234757748691354}. Best is trial 663 with value: 2322.408756152314.
[I 2026-03-31 17:43:17,361] Trial 783 finished with value: 2564.3805288705444 and parameters: {'alpha_0': 0.0015881364558492405, 'alpha_1': 5.3591576239928796e-05, 'alpha_2': 9.474924550234772e-05, 'beta_0': 0.42238078881368823, 'beta_1': 0.9316145099358668, 'beta_2': 0.1950715846318885, 'beta_3': 0.0013517727424735542, 'beta_4': 0.9858817619747752, 'beta_5': 44.29759597141376, 'beta_6': 0.012506073768185435, 'beta_7': 0.03490027610921439}. Best is trial 663 with value: 2322.408756152314.
[I 2026-03-31 17:43:18,647] Trial 784 finished with value: 2629.792016685229 and parameters: {'alpha_0': 0.0016135170185851181, 'alpha_1': 5.1936261857906824e-05, 'alpha_2': 9.804034928980912e-05, 'beta_0': 0.4233603743831774, 'beta_1': 0.9185866767875336, 'beta_2': 0.21245645821615664, 'beta_3': 0.0012661431765608564, 'beta_4': 0.9784900441136162, 'beta_5': 37.842998058064666, 'beta_6': 0.0091335181780748, 'beta_7': 0.033309588128214156}. Best is trial 663 with value: 2322.408756152314.
[I 2026-03-31 17:43:19,922] Trial 785 finished with value: 2563.013254727063 and parameters: {'alpha_0': 0.0016682862879238744, 'alpha_1': 5.4184512595435074e-05, 'alpha_2': 9.328348023474055e-05, 'beta_0': 0.4357192968301742, 'beta_1': 0.9402117712079554, 'beta_2': 0.18882254887447253, 'beta_3': 0.0013769493639837873, 'beta_4': 0.9627751220738895, 'beta_5': 39.96922582680766, 'beta_6': 0.013109707171783063, 'beta_7': 0.033868824911971504}. Best is trial 663 with value: 2322.408756152314.
[I 2026-03-31 17:43:21,150] Trial 786 finished with value: 2497.0633119084832 and parameters: {'alpha_0': 0.0015627030092183849, 'alpha_1': 5.185841800887709e-05, 'alpha_2': 9.534188214247496e-05, 'beta_0': 0.41349642780019114, 'beta_1': 0.9024699490555923, 'beta_2': 0.22357265021821027, 'beta_3': 0.0014149572555155817, 'beta_4': 0.9964788172347488, 'beta_5': 43.45251725705188, 'beta_6': 0.00844077986779314, 'beta_7': 0.032521638790405406}. Best is trial 663 with value: 2322.408756152314.
[I 2026-03-31 17:43:22,392] Trial 787 finished with value: 2532.270660254557 and parameters: {'alpha_0': 0.001543433952833292, 'alpha_1': 5.003578903504965e-05, 'alpha_2': 9.359917609720939e-05, 'beta_0': 0.45552989094700097, 'beta_1': 0.8684961940492991, 'beta_2': 0.20910997716770155, 'beta_3': 0.0013618819127853006, 'beta_4': 1.0242741871388403, 'beta_5': 45.33722959086084, 'beta_6': 0.010859731203669128, 'beta_7': 0.032428783627267664}. Best is trial 663 with value: 2322.408756152314.
[I 2026-03-31 17:43:23,677] Trial 788 finished with value: 2750.340731555494 and parameters: {'alpha_0': 0.001615728917957434, 'alpha_1': 5.3330556441003184e-05, 'alpha_2': 9.931751754892586e-05, 'beta_0': 0.4342174545965869, 'beta_1': 0.9411014039993315, 'beta_2': 0.1933199110691015, 'beta_3': 0.001299745534603682, 'beta_4': 0.9395700344522601, 'beta_5': 41.07055368263613, 'beta_6': 0.01351358947582123, 'beta_7': 0.03314612378656676}. Best is trial 663 with value: 2322.408756152314.
[I 2026-03-31 17:43:24,921] Trial 789 finished with value: 2338.8654503396538 and parameters: {'alpha_0': 0.001525734609830871, 'alpha_1': 5.002643293562336e-05, 'alpha_2': 9.714491778644406e-05, 'beta_0': 0.41059676536380413, 'beta_1': 0.9231355920565163, 'beta_2': 0.20313070568452782, 'beta_3': 0.0013104673197961753, 'beta_4': 0.9248762493955751, 'beta_5': 38.913486249707006, 'beta_6': 0.007486627519326333, 'beta_7': 0.03212608980464016}. Best is trial 663 with value: 2322.408756152314.
[I 2026-03-31 17:43:26,198] Trial 790 finished with value: 2651.6241381851496 and parameters: {'alpha_0': 0.0014453834976593317, 'alpha_1': 5.415452008822998e-05, 'alpha_2': 9.722747283855437e-05, 'beta_0': 0.4100251008359784, 'beta_1': 0.9199500702524985, 'beta_2': 0.21611106024704443, 'beta_3': 0.0013067460929160652, 'beta_4': 0.9297822451631375, 'beta_5': 34.599480095549715, 'beta_6': 0.007315169275870968, 'beta_7': 0.03294375044854552}. Best is trial 663 with value: 2322.408756152314.
[I 2026-03-31 17:43:27,439] Trial 791 finished with value: 2325.3673521144683 and parameters: {'alpha_0': 0.0015137500896598881, 'alpha_1': 5.0124768696276794e-05, 'alpha_2': 0.00010060914875610627, 'beta_0': 0.41754301431374147, 'beta_1': 0.9047522689868245, 'beta_2': 0.17996073266279966, 'beta_3': 0.0012505860800266734, 'beta_4': 0.924799663952596, 'beta_5': 37.2909347804958, 'beta_6': 0.005001958718414956, 'beta_7': 0.03234265626460254}. Best is trial 663 with value: 2322.408756152314.
[I 2026-03-31 17:43:28,717] Trial 792 finished with value: 2726.3518703947793 and parameters: {'alpha_0': 0.0015797495243035074, 'alpha_1': 5.203807055050075e-05, 'alpha_2': 0.00010154640429056989, 'beta_0': 0.42268185121193846, 'beta_1': 0.897809835067257, 'beta_2': 0.17909190704759706, 'beta_3': 0.0012465236092800275, 'beta_4': 0.9339950219893564, 'beta_5': 36.12665046953892, 'beta_6': 0.005277556836757672, 'beta_7': 0.03388132577262585}. Best is trial 663 with value: 2322.408756152314.
[I 2026-03-31 17:43:29,974] Trial 793 finished with value: 2494.9608967110426 and parameters: {'alpha_0': 0.0015262492944279088, 'alpha_1': 5.0042012882730845e-05, 'alpha_2': 0.00010020307963295743, 'beta_0': 0.44733020067566676, 'beta_1': 0.9321785644298501, 'beta_2': 0.1792839919270995, 'beta_3': 0.0012869186994385472, 'beta_4': 0.9248763109806925, 'beta_5': 33.162774953455546, 'beta_6': 0.007312156588337611, 'beta_7': 0.032602609415202065}. Best is trial 663 with value: 2322.408756152314.
[I 2026-03-31 17:43:31,267] Trial 794 finished with value: 2445.4099376081494 and parameters: {'alpha_0': 0.0015036547542279497, 'alpha_1': 5.318419855088958e-05, 'alpha_2': 0.00010551558142045063, 'beta_0': 0.426951166194018, 'beta_1': 0.9524725909085433, 'beta_2': 0.2335870214739635, 'beta_3': 0.0012712866869508408, 'beta_4': 0.9146245367358274, 'beta_5': 37.495771002194246, 'beta_6': 0.005218220621461216, 'beta_7': 0.03153534701712813}. Best is trial 663 with value: 2322.408756152314.
[I 2026-03-31 17:43:32,546] Trial 795 finished with value: 2637.54006305199 and parameters: {'alpha_0': 0.0015762272957823295, 'alpha_1': 5.443813921105869e-05, 'alpha_2': 0.00010366288371378365, 'beta_0': 0.41639952203736086, 'beta_1': 0.8906145285970731, 'beta_2': 0.20621336725818107, 'beta_3': 0.0013290076601773595, 'beta_4': 0.9168505262884987, 'beta_5': 38.6126713503329, 'beta_6': 0.009757516512066166, 'beta_7': 0.03324516591284789}. Best is trial 663 with value: 2322.408756152314.
[I 2026-03-31 17:43:33,809] Trial 796 finished with value: 2333.7562276465405 and parameters: {'alpha_0': 0.0016392080639563913, 'alpha_1': 5.157183058234437e-05, 'alpha_2': 9.892057686819093e-05, 'beta_0': 0.4391432041244881, 'beta_1': 0.9060409773829379, 'beta_2': 0.223212538712913, 'beta_3': 0.0013497116270662576, 'beta_4': 0.9482549095715417, 'beta_5': 35.676497003729864, 'beta_6': 0.007781064109310206, 'beta_7': 0.032289801163609265}. Best is trial 663 with value: 2322.408756152314.
[I 2026-03-31 17:43:35,060] Trial 797 finished with value: 2598.3382756775177 and parameters: {'alpha_0': 0.001522201445870384, 'alpha_1': 5.0027570356736606e-05, 'alpha_2': 9.605372585491834e-05, 'beta_0': 0.4452064198127585, 'beta_1': 0.8770014382938682, 'beta_2': 0.24457534765261651, 'beta_3': 0.00128217182671164, 'beta_4': 0.9439502254105414, 'beta_5': 28.146765803408606, 'beta_6': 0.00975897547054426, 'beta_7': 0.03281729529790256}. Best is trial 663 with value: 2322.408756152314.
[I 2026-03-31 17:43:36,351] Trial 798 finished with value: 2436.3888945573635 and parameters: {'alpha_0': 0.0016534398371676306, 'alpha_1': 5.17681048405338e-05, 'alpha_2': 0.00010001948623709787, 'beta_0': 0.4372627523781553, 'beta_1': 0.9028477402042271, 'beta_2': 0.22888310213950833, 'beta_3': 0.0012454260913222891, 'beta_4': 0.9382076911342706, 'beta_5': 35.59434715560228, 'beta_6': 0.007262627177608588, 'beta_7': 0.03144111730497147}. Best is trial 663 with value: 2322.408756152314.Best trial: 663. Best value: 2322.41:  80%|███████▉  | 798/1000 [21:45<04:15,  1.26s/it]Best trial: 663. Best value: 2322.41:  80%|███████▉  | 798/1000 [21:45<04:15,  1.26s/it]Best trial: 663. Best value: 2322.41:  80%|███████▉  | 799/1000 [21:45<04:15,  1.27s/it]                                                                                        Best trial: 663. Best value: 2322.41:  80%|███████▉  | 799/1000 [21:47<04:15,  1.27s/it]Best trial: 663. Best value: 2322.41:  80%|███████▉  | 799/1000 [21:47<04:15,  1.27s/it]Best trial: 663. Best value: 2322.41:  80%|████████  | 800/1000 [21:47<04:13,  1.27s/it]                                                                                        Best trial: 663. Best value: 2322.41:  80%|████████  | 800/1000 [21:48<04:13,  1.27s/it]Best trial: 663. Best value: 2322.41:  80%|████████  | 800/1000 [21:48<04:13,  1.27s/it]Best trial: 663. Best value: 2322.41:  80%|████████  | 801/1000 [21:48<04:13,  1.27s/it]                                                                                        Best trial: 663. Best value: 2322.41:  80%|████████  | 801/1000 [21:49<04:13,  1.27s/it]Best trial: 663. Best value: 2322.41:  80%|████████  | 801/1000 [21:49<04:13,  1.27s/it]Best trial: 663. Best value: 2322.41:  80%|████████  | 802/1000 [21:49<04:13,  1.28s/it]                                                                                        Best trial: 663. Best value: 2322.41:  80%|████████  | 802/1000 [21:50<04:13,  1.28s/it]Best trial: 663. Best value: 2322.41:  80%|████████  | 802/1000 [21:50<04:13,  1.28s/it]Best trial: 663. Best value: 2322.41:  80%|████████  | 803/1000 [21:50<04:10,  1.27s/it]                                                                                        Best trial: 663. Best value: 2322.41:  80%|████████  | 803/1000 [21:52<04:10,  1.27s/it]Best trial: 663. Best value: 2322.41:  80%|████████  | 803/1000 [21:52<04:10,  1.27s/it]Best trial: 663. Best value: 2322.41:  80%|████████  | 804/1000 [21:52<04:10,  1.28s/it]                                                                                        Best trial: 663. Best value: 2322.41:  80%|████████  | 804/1000 [21:53<04:10,  1.28s/it]Best trial: 663. Best value: 2322.41:  80%|████████  | 804/1000 [21:53<04:10,  1.28s/it]Best trial: 663. Best value: 2322.41:  80%|████████  | 805/1000 [21:53<04:08,  1.28s/it]                                                                                        Best trial: 663. Best value: 2322.41:  80%|████████  | 805/1000 [21:54<04:08,  1.28s/it]Best trial: 663. Best value: 2322.41:  80%|████████  | 805/1000 [21:54<04:08,  1.28s/it]Best trial: 663. Best value: 2322.41:  81%|████████  | 806/1000 [21:54<04:06,  1.27s/it]                                                                                        Best trial: 663. Best value: 2322.41:  81%|████████  | 806/1000 [21:56<04:06,  1.27s/it]Best trial: 663. Best value: 2322.41:  81%|████████  | 806/1000 [21:56<04:06,  1.27s/it]Best trial: 663. Best value: 2322.41:  81%|████████  | 807/1000 [21:56<04:06,  1.27s/it]                                                                                        Best trial: 663. Best value: 2322.41:  81%|████████  | 807/1000 [21:57<04:06,  1.27s/it]Best trial: 663. Best value: 2322.41:  81%|████████  | 807/1000 [21:57<04:06,  1.27s/it]Best trial: 663. Best value: 2322.41:  81%|████████  | 808/1000 [21:57<04:04,  1.27s/it]                                                                                        Best trial: 663. Best value: 2322.41:  81%|████████  | 808/1000 [21:58<04:04,  1.27s/it]Best trial: 663. Best value: 2322.41:  81%|████████  | 808/1000 [21:58<04:04,  1.27s/it]Best trial: 663. Best value: 2322.41:  81%|████████  | 809/1000 [21:58<04:01,  1.27s/it]                                                                                        Best trial: 663. Best value: 2322.41:  81%|████████  | 809/1000 [21:59<04:01,  1.27s/it]Best trial: 663. Best value: 2322.41:  81%|████████  | 809/1000 [21:59<04:01,  1.27s/it]Best trial: 663. Best value: 2322.41:  81%|████████  | 810/1000 [21:59<03:58,  1.26s/it]                                                                                        Best trial: 663. Best value: 2322.41:  81%|████████  | 810/1000 [22:01<03:58,  1.26s/it]Best trial: 663. Best value: 2322.41:  81%|████████  | 810/1000 [22:01<03:58,  1.26s/it]Best trial: 663. Best value: 2322.41:  81%|████████  | 811/1000 [22:01<03:58,  1.26s/it]                                                                                        Best trial: 663. Best value: 2322.41:  81%|████████  | 811/1000 [22:02<03:58,  1.26s/it]Best trial: 663. Best value: 2322.41:  81%|████████  | 811/1000 [22:02<03:58,  1.26s/it]Best trial: 663. Best value: 2322.41:  81%|████████  | 812/1000 [22:02<03:55,  1.26s/it]                                                                                        Best trial: 663. Best value: 2322.41:  81%|████████  | 812/1000 [22:03<03:55,  1.26s/it]Best trial: 663. Best value: 2322.41:  81%|████████  | 812/1000 [22:03<03:55,  1.26s/it]Best trial: 663. Best value: 2322.41:  81%|████████▏ | 813/1000 [22:03<03:55,  1.26s/it]                                                                                        Best trial: 663. Best value: 2322.41:  81%|████████▏ | 813/1000 [22:08<03:55,  1.26s/it]Best trial: 663. Best value: 2322.41:  81%|████████▏ | 813/1000 [22:08<03:55,  1.26s/it]Best trial: 663. Best value: 2322.41:  81%|████████▏ | 814/1000 [22:08<07:34,  2.45s/it]                                                                                        Best trial: 663. Best value: 2322.41:  81%|████████▏ | 814/1000 [22:10<07:34,  2.45s/it]Best trial: 663. Best value: 2322.41:  81%|████████▏ | 814/1000 [22:10<07:34,  2.45s/it]Best trial: 663. Best value: 2322.41:  82%|████████▏ | 815/1000 [22:10<06:27,  2.09s/it]                                                                                        
[I 2026-03-31 17:43:37,608] Trial 799 finished with value: 2344.587708764365 and parameters: {'alpha_0': 0.0015642958989950466, 'alpha_1': 5.172603568426245e-05, 'alpha_2': 9.815135486915503e-05, 'beta_0': 0.4098185175383418, 'beta_1': 0.9076081563311205, 'beta_2': 0.22224167713042825, 'beta_3': 0.001315076696441215, 'beta_4': 0.9160128354329288, 'beta_5': 32.540165435240226, 'beta_6': 0.011205408151406979, 'beta_7': 0.032273109735826}. Best is trial 663 with value: 2322.408756152314.
[I 2026-03-31 17:43:38,893] Trial 800 finished with value: 2515.01490652464 and parameters: {'alpha_0': 0.001629256384300886, 'alpha_1': 5.219748372182575e-05, 'alpha_2': 0.00010247728767378986, 'beta_0': 0.40513215645711115, 'beta_1': 0.9085986957952753, 'beta_2': 0.24960174556441117, 'beta_3': 0.0013281759250754375, 'beta_4': 0.9162766653284298, 'beta_5': 34.68585128297891, 'beta_6': 0.005143111496853233, 'beta_7': 0.033403857499971046}. Best is trial 663 with value: 2322.408756152314.
