[I 2026-03-31 17:44:56,686] Trial 852 finished with value: 2459.2228894516875 and parameters: {'alpha_0': 0.0013049070106750601, 'alpha_1': 7.908196368547271e-05, 'alpha_2': 0.00010162524825891518, 'beta_0': 0.42940127432057595, 'beta_1': 0.8818458426333438, 'beta_2': 0.2072334687688509, 'beta_3': 0.0013527300030469164, 'beta_4': 0.9799325399075375, 'beta_5': 19.55933689319812, 'beta_6': 0.006554946583951738, 'beta_7': 0.03187051927012711}. Best is trial 663 with value: 2322.408756152314.
[I 2026-03-31 17:44:57,996] Trial 853 finished with value: 2462.9563575934535 and parameters: {'alpha_0': 0.0015151014867814262, 'alpha_1': 5.00659895631835e-05, 'alpha_2': 9.941062326623205e-05, 'beta_0': 0.41973551416223825, 'beta_1': 0.8233480904754362, 'beta_2': 0.1871688565037799, 'beta_3': 0.0014030254290129014, 'beta_4': 0.9929866787396973, 'beta_5': 16.258348128105826, 'beta_6': 0.00988597793480272, 'beta_7': 0.031570520503882274}. Best is trial 663 with value: 2322.408756152314.
[I 2026-03-31 17:44:59,266] Trial 854 finished with value: 2651.049224004992 and parameters: {'alpha_0': 0.0013678889441374332, 'alpha_1': 5.179706191688484e-05, 'alpha_2': 9.550249220078634e-05, 'beta_0': 0.43833486104670594, 'beta_1': 0.8722484386971947, 'beta_2': 0.22411143232806968, 'beta_3': 0.0013498809995185314, 'beta_4': 0.9671276060099158, 'beta_5': 38.79771752819523, 'beta_6': 0.005331357649949556, 'beta_7': 0.0328222713110318}. Best is trial 663 with value: 2322.408756152314.
[I 2026-03-31 17:45:00,552] Trial 855 finished with value: 2615.943152071256 and parameters: {'alpha_0': 0.001522636754589401, 'alpha_1': 5.35878980004106e-05, 'alpha_2': 9.185987739547785e-05, 'beta_0': 0.40930054223646817, 'beta_1': 0.9013360578388818, 'beta_2': 0.20877353582169633, 'beta_3': 0.0014189648867485147, 'beta_4': 0.9721246240217616, 'beta_5': 17.588693806980565, 'beta_6': 0.015190933698366198, 'beta_7': 0.030895704707211705}. Best is trial 663 with value: 2322.408756152314.
[I 2026-03-31 17:45:01,770] Trial 856 finished with value: 2579.5419134444246 and parameters: {'alpha_0': 0.0014669484412732606, 'alpha_1': 5.010430740517096e-05, 'alpha_2': 9.945373417086693e-05, 'beta_0': 0.39652928479803873, 'beta_1': 0.8880888409507511, 'beta_2': 0.1780995657034705, 'beta_3': 0.0013770467933606884, 'beta_4': 1.0078536378547776, 'beta_5': 39.96046683226907, 'beta_6': 0.012380285210975719, 'beta_7': 0.03572392474282633}. Best is trial 663 with value: 2322.408756152314.
[I 2026-03-31 17:45:02,996] Trial 857 finished with value: 2341.760420981697 and parameters: {'alpha_0': 0.0014331720242817248, 'alpha_1': 5.551726657379986e-05, 'alpha_2': 9.319246010804219e-05, 'beta_0': 0.42395013332582093, 'beta_1': 0.924853076418254, 'beta_2': 0.1966542969454426, 'beta_3': 0.0013304970638767929, 'beta_4': 0.9511046166017015, 'beta_5': 32.093397515227316, 'beta_6': 0.008434057301474902, 'beta_7': 0.03229223691138225}. Best is trial 663 with value: 2322.408756152314.
[I 2026-03-31 17:45:04,283] Trial 858 finished with value: 2732.0529249612173 and parameters: {'alpha_0': 0.0014035848946023883, 'alpha_1': 5.5064580049507124e-05, 'alpha_2': 9.312055934809832e-05, 'beta_0': 0.4215636593354988, 'beta_1': 0.9284880126024894, 'beta_2': 0.19666670668655578, 'beta_3': 0.0013190794209080496, 'beta_4': 0.5842412250533224, 'beta_5': 29.49668006816464, 'beta_6': 0.009310785600975861, 'beta_7': 0.03372444589329425}. Best is trial 663 with value: 2322.408756152314.
[I 2026-03-31 17:45:05,509] Trial 859 finished with value: 2556.4233344827717 and parameters: {'alpha_0': 0.0014238686990634235, 'alpha_1': 5.584027195418998e-05, 'alpha_2': 9.144760813529872e-05, 'beta_0': 0.41092877880844303, 'beta_1': 0.9451460925680443, 'beta_2': 0.18633538286537302, 'beta_3': 0.0012384705269572114, 'beta_4': 0.954244082784481, 'beta_5': 32.50730001769022, 'beta_6': 0.012957444468136643, 'beta_7': 0.032815407615415876}. Best is trial 663 with value: 2322.408756152314.
[I 2026-03-31 17:45:06,794] Trial 860 finished with value: 2611.725743964805 and parameters: {'alpha_0': 0.001358213428117875, 'alpha_1': 5.590651478389883e-05, 'alpha_2': 9.45876913870261e-05, 'beta_0': 0.425168057430076, 'beta_1': 0.9224789507996894, 'beta_2': 0.17567048315613298, 'beta_3': 0.0013207865998175737, 'beta_4': 0.9394799371597345, 'beta_5': 32.00964727849799, 'beta_6': 0.011229478225209713, 'beta_7': 0.034211701085205194}. Best is trial 663 with value: 2322.408756152314.
[I 2026-03-31 17:45:08,061] Trial 861 finished with value: 2519.2346318437712 and parameters: {'alpha_0': 0.001442173087170287, 'alpha_1': 5.572796624566481e-05, 'alpha_2': 9.291447087504654e-05, 'beta_0': 0.39883824759096, 'beta_1': 0.9434799743510156, 'beta_2': 0.19841894920139144, 'beta_3': 0.001418395337039778, 'beta_4': 0.9503243486084797, 'beta_5': 29.89139265073237, 'beta_6': 0.014136483399605089, 'beta_7': 0.032421337531773814}. Best is trial 663 with value: 2322.408756152314.
[I 2026-03-31 17:45:09,345] Trial 862 finished with value: 2574.6532877305035 and parameters: {'alpha_0': 0.0014923710027107818, 'alpha_1': 5.363228614796108e-05, 'alpha_2': 9.553001635875825e-05, 'beta_0': 0.415368605344768, 'beta_1': 0.9517265304794914, 'beta_2': 0.18933237651011656, 'beta_3': 0.0012549826312490025, 'beta_4': 0.9393693666321693, 'beta_5': 27.829776699996575, 'beta_6': 0.005046643240423884, 'beta_7': 0.03334968012079448}. Best is trial 663 with value: 2322.408756152314.
[I 2026-03-31 17:45:10,638] Trial 863 finished with value: 2496.311134971377 and parameters: {'alpha_0': 0.001451328699926831, 'alpha_1': 8.459407209457454e-05, 'alpha_2': 9.38573657608367e-05, 'beta_0': 0.4317029164096389, 'beta_1': 0.9291606066380942, 'beta_2': 0.1980645130730301, 'beta_3': 0.0011981026369089936, 'beta_4': 0.9568816496346364, 'beta_5': 26.616894794599567, 'beta_6': 0.008699645189681256, 'beta_7': 0.03160021297774924}. Best is trial 663 with value: 2322.408756152314.
[I 2026-03-31 17:45:11,893] Trial 864 finished with value: 2350.939993678688 and parameters: {'alpha_0': 0.0015576650007809501, 'alpha_1': 5.361193791919655e-05, 'alpha_2': 9.077792663328908e-05, 'beta_0': 0.40752471006968805, 'beta_1': 0.9054731234372636, 'beta_2': 0.22052106549201014, 'beta_3': 0.0013312945063480657, 'beta_4': 0.9697152823860227, 'beta_5': 33.31101677384181, 'beta_6': 0.01033197086358642, 'beta_7': 0.03221139631002387}. Best is trial 663 with value: 2322.408756152314.
[I 2026-03-31 17:45:13,161] Trial 865 finished with value: 3918.3672408360517 and parameters: {'alpha_0': 0.0014902215127938156, 'alpha_1': 5.525719588177143e-05, 'alpha_2': 9.688053539554018e-05, 'beta_0': 0.42372067111183676, 'beta_1': 0.922755297854283, 'beta_2': 0.17794907484820865, 'beta_3': 0.0014340453448443665, 'beta_4': 0.9456554483432404, 'beta_5': 37.02250763793521, 'beta_6': 0.01576288623192605, 'beta_7': 0.03289824771449223}. Best is trial 663 with value: 2322.408756152314.
[I 2026-03-31 17:45:14,424] Trial 866 finished with value: 2562.243423244009 and parameters: {'alpha_0': 0.0013838175067503913, 'alpha_1': 0.00012597040381060072, 'alpha_2': 9.214434782567475e-05, 'beta_0': 0.41541205662499603, 'beta_1': 0.8963123948282733, 'beta_2': 0.20396125403717924, 'beta_3': 0.0012869036083317932, 'beta_4': 0.9291530661955063, 'beta_5': 40.09802273904718, 'beta_6': 0.007217417396716737, 'beta_7': 0.031161993620407287}. Best is trial 663 with value: 2322.408756152314.Best trial: 663. Best value: 2322.41:  87%|████████▋ | 866/1000 [23:23<02:50,  1.27s/it]Best trial: 663. Best value: 2322.41:  87%|████████▋ | 866/1000 [23:23<02:50,  1.27s/it]Best trial: 663. Best value: 2322.41:  87%|████████▋ | 867/1000 [23:23<02:48,  1.27s/it]                                                                                        Best trial: 663. Best value: 2322.41:  87%|████████▋ | 867/1000 [23:25<02:48,  1.27s/it]Best trial: 663. Best value: 2322.41:  87%|████████▋ | 867/1000 [23:25<02:48,  1.27s/it]Best trial: 663. Best value: 2322.41:  87%|████████▋ | 868/1000 [23:25<02:46,  1.26s/it]                                                                                        Best trial: 663. Best value: 2322.41:  87%|████████▋ | 868/1000 [23:26<02:46,  1.26s/it]Best trial: 663. Best value: 2322.41:  87%|████████▋ | 868/1000 [23:26<02:46,  1.26s/it]Best trial: 663. Best value: 2322.41:  87%|████████▋ | 869/1000 [23:26<02:46,  1.27s/it]                                                                                        Best trial: 663. Best value: 2322.41:  87%|████████▋ | 869/1000 [23:27<02:46,  1.27s/it]Best trial: 663. Best value: 2322.41:  87%|████████▋ | 869/1000 [23:27<02:46,  1.27s/it]Best trial: 663. Best value: 2322.41:  87%|████████▋ | 870/1000 [23:27<02:45,  1.27s/it]                                                                                        Best trial: 663. Best value: 2322.41:  87%|████████▋ | 870/1000 [23:28<02:45,  1.27s/it]Best trial: 663. Best value: 2322.41:  87%|████████▋ | 870/1000 [23:28<02:45,  1.27s/it]Best trial: 663. Best value: 2322.41:  87%|████████▋ | 871/1000 [23:28<02:42,  1.26s/it]                                                                                        Best trial: 663. Best value: 2322.41:  87%|████████▋ | 871/1000 [23:30<02:42,  1.26s/it]Best trial: 663. Best value: 2322.41:  87%|████████▋ | 871/1000 [23:30<02:42,  1.26s/it]Best trial: 663. Best value: 2322.41:  87%|████████▋ | 872/1000 [23:30<02:40,  1.25s/it]                                                                                        Best trial: 663. Best value: 2322.41:  87%|████████▋ | 872/1000 [23:31<02:40,  1.25s/it]Best trial: 663. Best value: 2322.41:  87%|████████▋ | 872/1000 [23:31<02:40,  1.25s/it]Best trial: 663. Best value: 2322.41:  87%|████████▋ | 873/1000 [23:31<02:40,  1.26s/it]                                                                                        Best trial: 663. Best value: 2322.41:  87%|████████▋ | 873/1000 [23:32<02:40,  1.26s/it]Best trial: 663. Best value: 2322.41:  87%|████████▋ | 873/1000 [23:32<02:40,  1.26s/it]Best trial: 663. Best value: 2322.41:  87%|████████▋ | 874/1000 [23:32<02:40,  1.27s/it]                                                                                        Best trial: 663. Best value: 2322.41:  87%|████████▋ | 874/1000 [23:33<02:40,  1.27s/it]Best trial: 663. Best value: 2322.41:  87%|████████▋ | 874/1000 [23:33<02:40,  1.27s/it]Best trial: 663. Best value: 2322.41:  88%|████████▊ | 875/1000 [23:33<02:37,  1.26s/it]                                                                                        Best trial: 663. Best value: 2322.41:  88%|████████▊ | 875/1000 [23:35<02:37,  1.26s/it]Best trial: 663. Best value: 2322.41:  88%|████████▊ | 875/1000 [23:35<02:37,  1.26s/it]Best trial: 663. Best value: 2322.41:  88%|████████▊ | 876/1000 [23:35<02:37,  1.27s/it]                                                                                        Best trial: 663. Best value: 2322.41:  88%|████████▊ | 876/1000 [23:36<02:37,  1.27s/it]Best trial: 663. Best value: 2322.41:  88%|████████▊ | 876/1000 [23:36<02:37,  1.27s/it]Best trial: 663. Best value: 2322.41:  88%|████████▊ | 877/1000 [23:36<02:36,  1.27s/it]                                                                                        Best trial: 663. Best value: 2322.41:  88%|████████▊ | 877/1000 [23:37<02:36,  1.27s/it]Best trial: 663. Best value: 2322.41:  88%|████████▊ | 877/1000 [23:37<02:36,  1.27s/it]Best trial: 663. Best value: 2322.41:  88%|████████▊ | 878/1000 [23:37<02:35,  1.28s/it]                                                                                        Best trial: 663. Best value: 2322.41:  88%|████████▊ | 878/1000 [23:39<02:35,  1.28s/it]Best trial: 663. Best value: 2322.41:  88%|████████▊ | 878/1000 [23:39<02:35,  1.28s/it]Best trial: 663. Best value: 2322.41:  88%|████████▊ | 879/1000 [23:39<02:33,  1.27s/it]                                                                                        Best trial: 663. Best value: 2322.41:  88%|████████▊ | 879/1000 [23:40<02:33,  1.27s/it]Best trial: 663. Best value: 2322.41:  88%|████████▊ | 879/1000 [23:40<02:33,  1.27s/it]Best trial: 663. Best value: 2322.41:  88%|████████▊ | 880/1000 [23:40<02:32,  1.27s/it]                                                                                        Best trial: 663. Best value: 2322.41:  88%|████████▊ | 880/1000 [23:41<02:32,  1.27s/it]Best trial: 663. Best value: 2322.41:  88%|████████▊ | 880/1000 [23:41<02:32,  1.27s/it]Best trial: 663. Best value: 2322.41:  88%|████████▊ | 881/1000 [23:41<02:31,  1.28s/it]                                                                                        Best trial: 663. Best value: 2322.41:  88%|████████▊ | 881/1000 [23:42<02:31,  1.28s/it]Best trial: 663. Best value: 2322.41:  88%|████████▊ | 881/1000 [23:42<02:31,  1.28s/it]Best trial: 663. Best value: 2322.41:  88%|████████▊ | 882/1000 [23:42<02:29,  1.27s/it]                                                                                        Best trial: 663. Best value: 2322.41:  88%|████████▊ | 882/1000 [23:44<02:29,  1.27s/it]Best trial: 663. Best value: 2322.41:  88%|████████▊ | 882/1000 [23:44<02:29,  1.27s/it]Best trial: 663. Best value: 2322.41:  88%|████████▊ | 883/1000 [23:44<02:27,  1.26s/it]                                                                                        
[I 2026-03-31 17:45:15,670] Trial 867 finished with value: 2411.9447922434338 and parameters: {'alpha_0': 0.0015468577045876272, 'alpha_1': 5.293356768673992e-05, 'alpha_2': 9.489536749352368e-05, 'beta_0': 0.3995786798214274, 'beta_1': 0.9510752560967063, 'beta_2': 0.18686771215044162, 'beta_3': 0.0013685193195835626, 'beta_4': 0.8995931033738693, 'beta_5': 33.861446387680026, 'beta_6': 0.012242142606320628, 'beta_7': 0.03187338988610096}. Best is trial 663 with value: 2322.408756152314.
[I 2026-03-31 17:45:16,956] Trial 868 finished with value: 2716.196703217232 and parameters: {'alpha_0': 0.0014380166553785857, 'alpha_1': 5.1983790364357485e-05, 'alpha_2': 9.634183215818815e-05, 'beta_0': 0.4331039854965317, 'beta_1': 0.9371881704996324, 'beta_2': 0.23152582065873473, 'beta_3': 0.0013112802074597858, 'beta_4': 0.9672898016383391, 'beta_5': 37.925170321852605, 'beta_6': 0.007838289352405943, 'beta_7': 0.033596600457698515}. Best is trial 663 with value: 2322.408756152314.
[I 2026-03-31 17:45:18,232] Trial 869 finished with value: 2506.176264809047 and parameters: {'alpha_0': 0.0016128574178934838, 'alpha_1': 5.6293054093738343e-05, 'alpha_2': 9.389285155670264e-05, 'beta_0': 0.4068271539085711, 'beta_1': 0.9154641959155437, 'beta_2': 0.208414914327538, 'beta_3': 0.0012623565706090744, 'beta_4': 0.9144201434740753, 'beta_5': 39.72048658938237, 'beta_6': 0.009802932107772534, 'beta_7': 0.032572562030858}. Best is trial 663 with value: 2322.408756152314.
[I 2026-03-31 17:45:19,456] Trial 870 finished with value: 2686.9584271416106 and parameters: {'alpha_0': 0.0014941989740575633, 'alpha_1': 5.364694239069526e-05, 'alpha_2': 9.205970425443455e-05, 'beta_0': 0.44514237727698786, 'beta_1': 0.9028335781420037, 'beta_2': 0.24754619143390338, 'beta_3': 0.0014063037137583034, 'beta_4': 0.9364454856436633, 'beta_5': 35.701823777388455, 'beta_6': 0.0051564506455596786, 'beta_7': 0.038147693647051124}. Best is trial 663 with value: 2322.408756152314.
[I 2026-03-31 17:45:20,705] Trial 871 finished with value: 2472.255000664938 and parameters: {'alpha_0': 0.0016483921619106813, 'alpha_1': 5.598414440917544e-05, 'alpha_2': 9.77922466741373e-05, 'beta_0': 0.4206631123425221, 'beta_1': 0.9315505730399705, 'beta_2': 0.19417582991217114, 'beta_3': 0.0014568217886175335, 'beta_4': 0.957298239869215, 'beta_5': 37.857713989192916, 'beta_6': 0.014972434781481598, 'beta_7': 0.0317006667585817}. Best is trial 663 with value: 2322.408756152314.
[I 2026-03-31 17:45:21,980] Trial 872 finished with value: 2624.874908933303 and parameters: {'alpha_0': 0.0015543202843128216, 'alpha_1': 5.238823903846317e-05, 'alpha_2': 9.037931105501803e-05, 'beta_0': 0.4280869514726854, 'beta_1': 0.9508979467517547, 'beta_2': 0.21852833741192196, 'beta_3': 0.0013532750773036814, 'beta_4': 0.9784920268204995, 'beta_5': 31.95533341420363, 'beta_6': 0.011729367217922464, 'beta_7': 0.033153056914550665}. Best is trial 663 with value: 2322.408756152314.
[I 2026-03-31 17:45:23,276] Trial 873 finished with value: 2557.0058539950937 and parameters: {'alpha_0': 0.001516435512613445, 'alpha_1': 5.0015029401632626e-05, 'alpha_2': 4.2056471374607165e-05, 'beta_0': 0.4575048269501859, 'beta_1': 0.9182390854766004, 'beta_2': 0.20213391292180777, 'beta_3': 0.0012203430795895381, 'beta_4': 0.9498504118404205, 'beta_5': 34.219588317366195, 'beta_6': 0.007867310244090405, 'beta_7': 0.030724518740949756}. Best is trial 663 with value: 2322.408756152314.
[I 2026-03-31 17:45:24,506] Trial 874 finished with value: 2348.390449115954 and parameters: {'alpha_0': 0.0015848557558519325, 'alpha_1': 5.1944448458992715e-05, 'alpha_2': 9.547313537569187e-05, 'beta_0': 0.3966983114048901, 'beta_1': 0.8985256459158971, 'beta_2': 0.17976606857237595, 'beta_3': 0.001304005619597181, 'beta_4': 0.9266971279075638, 'beta_5': 40.2649035010135, 'beta_6': 0.013359663424547674, 'beta_7': 0.03227895666936278}. Best is trial 663 with value: 2322.408756152314.
[I 2026-03-31 17:45:25,810] Trial 875 finished with value: 2439.7324485621375 and parameters: {'alpha_0': 0.001467521527882236, 'alpha_1': 5.375070532514116e-05, 'alpha_2': 9.419602120964864e-05, 'beta_0': 0.4133488769298056, 'beta_1': 0.9377236203344995, 'beta_2': 0.21111588037049847, 'beta_3': 0.0011403882057733168, 'beta_4': 0.9002171527765406, 'beta_5': 30.50128392386907, 'beta_6': 0.009990226551440537, 'beta_7': 0.03154486221805425}. Best is trial 663 with value: 2322.408756152314.
[I 2026-03-31 17:45:27,081] Trial 876 finished with value: 2681.135689027011 and parameters: {'alpha_0': 0.0015259780077862095, 'alpha_1': 5.163642108121449e-05, 'alpha_2': 9.314414981338868e-05, 'beta_0': 0.4330512899440508, 'beta_1': 0.9096238362510907, 'beta_2': 0.18801083884813607, 'beta_3': 0.0014340496127783324, 'beta_4': 0.9624163143215951, 'beta_5': 36.489769424705244, 'beta_6': 0.008671604528984554, 'beta_7': 0.032721990510731325}. Best is trial 663 with value: 2322.408756152314.
[I 2026-03-31 17:45:28,365] Trial 877 finished with value: 2477.964522431058 and parameters: {'alpha_0': 0.0014007246101094381, 'alpha_1': 5.548288703519957e-05, 'alpha_2': 9.73576932674694e-05, 'beta_0': 0.4503148310442653, 'beta_1': 0.9228854490584931, 'beta_2': 0.19727287960758863, 'beta_3': 0.001371750845222781, 'beta_4': 0.9434241432993962, 'beta_5': 40.68666286194272, 'beta_6': 0.011463001783052092, 'beta_7': 0.031156772792764287}. Best is trial 663 with value: 2322.408756152314.
[I 2026-03-31 17:45:29,607] Trial 878 finished with value: 2420.171341668006 and parameters: {'alpha_0': 0.0015878680969755921, 'alpha_1': 5.369439663550079e-05, 'alpha_2': 9.089869869385703e-05, 'beta_0': 0.41970263162553145, 'beta_1': 0.9524583207807404, 'beta_2': 0.22440342626991727, 'beta_3': 0.0012647539368735188, 'beta_4': 0.9823774520639661, 'beta_5': 38.26532345274998, 'beta_6': 0.01546281017013808, 'beta_7': 0.03211383100822412}. Best is trial 663 with value: 2322.408756152314.
[I 2026-03-31 17:45:30,899] Trial 879 finished with value: 2638.6464343565294 and parameters: {'alpha_0': 0.0014890426189001786, 'alpha_1': 5.166476655649658e-05, 'alpha_2': 9.616145362292514e-05, 'beta_0': 0.4414411896038402, 'beta_1': 0.8886426301703508, 'beta_2': 0.2081082038429604, 'beta_3': 0.0013355814644756734, 'beta_4': 0.9122058159986589, 'beta_5': 34.26304273445217, 'beta_6': 0.007056224309635658, 'beta_7': 0.033204878232508526}. Best is trial 663 with value: 2322.408756152314.
[I 2026-03-31 17:45:32,183] Trial 880 finished with value: 2622.0024652742195 and parameters: {'alpha_0': 0.0013304575519160393, 'alpha_1': 5.411657874163732e-05, 'alpha_2': 0.00010131798411198176, 'beta_0': 0.4105576607623677, 'beta_1': 0.8717139329865364, 'beta_2': 0.23292080569614523, 'beta_3': 0.001414462952671073, 'beta_4': 0.9319137589969654, 'beta_5': 28.885299628022487, 'beta_6': 0.013292029143742806, 'beta_7': 0.03422610226006918}. Best is trial 663 with value: 2322.408756152314.
[I 2026-03-31 17:45:33,428] Trial 881 finished with value: 2508.6664291669304 and parameters: {'alpha_0': 0.001423713555005919, 'alpha_1': 5.17531289137446e-05, 'alpha_2': 9.279352058955061e-05, 'beta_0': 0.3990064720353023, 'beta_1': 0.936060967899067, 'beta_2': 0.1748859156891962, 'beta_3': 0.001301241839908617, 'beta_4': 0.9625200789275763, 'beta_5': 40.46844587027682, 'beta_6': 0.009616796892763456, 'beta_7': 0.03252892135916223}. Best is trial 663 with value: 2322.408756152314.
[I 2026-03-31 17:45:34,675] Trial 882 finished with value: 2403.582093254926 and parameters: {'alpha_0': 0.0016923003498236075, 'alpha_1': 5.573901924304049e-05, 'alpha_2': 9.502648548030725e-05, 'beta_0': 0.42920383944353807, 'beta_1': 0.91363897361942, 'beta_2': 0.19566679861465774, 'beta_3': 0.0014531113221797206, 'beta_4': 0.9469986636048342, 'beta_5': 32.2833082922524, 'beta_6': 0.006707475623782582, 'beta_7': 0.03184040102346494}. Best is trial 663 with value: 2322.408756152314.
