[I 2026-03-31 17:38:11,761] Trial 597 finished with value: 2654.153629557576 and parameters: {'alpha_0': 0.0005299748618116098, 'alpha_1': 8.798797923353642e-05, 'alpha_2': 5.9529374385209295e-05, 'beta_0': 0.30745611620302904, 'beta_1': 1.0448728365077429, 'beta_2': 0.1539323792469907, 'beta_3': 0.0017711990879731511, 'beta_4': 0.8208243537541108, 'beta_5': 88.31199634981101, 'beta_6': 0.05671839093698391, 'beta_7': 0.03211119638558298}. Best is trial 493 with value: 2345.693614299724.
[I 2026-03-31 17:38:13,048] Trial 598 finished with value: 2661.130733019668 and parameters: {'alpha_0': 0.0009426375239857435, 'alpha_1': 6.16294471888845e-05, 'alpha_2': 7.274749407401861e-05, 'beta_0': 0.37267576552377285, 'beta_1': 1.0620522081657722, 'beta_2': 0.12464430994716448, 'beta_3': 0.0018812239079659886, 'beta_4': 0.7439408164046797, 'beta_5': 57.13816026133247, 'beta_6': 0.031216816070637973, 'beta_7': 0.03325934187097117}. Best is trial 493 with value: 2345.693614299724.
[I 2026-03-31 17:38:14,326] Trial 599 finished with value: 2492.1670513037097 and parameters: {'alpha_0': 0.0010065323090440454, 'alpha_1': 5.466813516499279e-05, 'alpha_2': 5.7733738571327683e-05, 'beta_0': 0.3210117879152667, 'beta_1': 1.0896568374995947, 'beta_2': 0.29865705997778647, 'beta_3': 0.0016478224398070263, 'beta_4': 0.8738683290877849, 'beta_5': 53.07244191771304, 'beta_6': 0.033723814832000765, 'beta_7': 0.031187219845265658}. Best is trial 493 with value: 2345.693614299724.
[I 2026-03-31 17:38:15,606] Trial 600 finished with value: 2762.3809777017186 and parameters: {'alpha_0': 0.0011026402507945043, 'alpha_1': 5.7841018223915965e-05, 'alpha_2': 6.200123288992724e-05, 'beta_0': 0.284485205404354, 'beta_1': 1.28943300599398, 'beta_2': 0.1355769700646484, 'beta_3': 0.001847630868749166, 'beta_4': 0.7837862312904861, 'beta_5': 64.37692093554654, 'beta_6': 0.02201664796586593, 'beta_7': 0.03262153592495059}. Best is trial 493 with value: 2345.693614299724.
[I 2026-03-31 17:38:16,877] Trial 601 finished with value: 2382.8362657413063 and parameters: {'alpha_0': 0.0008494221547470427, 'alpha_1': 5.157580412261361e-05, 'alpha_2': 7.042207303178193e-05, 'beta_0': 0.3576089481636012, 'beta_1': 1.0803121732377015, 'beta_2': 0.10984005782243819, 'beta_3': 0.0016941501984103666, 'beta_4': 0.8046426002050354, 'beta_5': 63.11954853904193, 'beta_6': 0.03555008117024854, 'beta_7': 0.03192939721516501}. Best is trial 493 with value: 2345.693614299724.
[I 2026-03-31 17:38:18,175] Trial 602 finished with value: 2723.963150366142 and parameters: {'alpha_0': 0.0008178103134891404, 'alpha_1': 5.014886326251715e-05, 'alpha_2': 7.077194354873233e-05, 'beta_0': 0.35673453203252053, 'beta_1': 1.0741003947127845, 'beta_2': 0.1052804784400991, 'beta_3': 0.001603443468178853, 'beta_4': 0.8390827411592052, 'beta_5': 61.890400906480885, 'beta_6': 0.03529360744691381, 'beta_7': 0.03404661940885728}. Best is trial 493 with value: 2345.693614299724.
[I 2026-03-31 17:38:19,420] Trial 603 finished with value: 2529.875371226941 and parameters: {'alpha_0': 0.0008537785747223358, 'alpha_1': 5.1426146222577095e-05, 'alpha_2': 6.939662362096608e-05, 'beta_0': 0.3648445829832475, 'beta_1': 1.099712249572824, 'beta_2': 0.1108730770759149, 'beta_3': 0.0016574051860703965, 'beta_4': 0.8103422524132635, 'beta_5': 59.475291122000684, 'beta_6': 0.03267358502467997, 'beta_7': 0.032072974453985915}. Best is trial 493 with value: 2345.693614299724.
[I 2026-03-31 17:38:20,686] Trial 604 finished with value: 2625.7146005372324 and parameters: {'alpha_0': 0.0008236816203956418, 'alpha_1': 5.232898201737194e-05, 'alpha_2': 7.236502171054036e-05, 'beta_0': 0.35311922391470274, 'beta_1': 1.0819809206741435, 'beta_2': 0.10127917384440092, 'beta_3': 0.0016955021837089595, 'beta_4': 0.8208265844516769, 'beta_5': 63.231716669244676, 'beta_6': 0.03587984364749738, 'beta_7': 0.03314575764873985}. Best is trial 493 with value: 2345.693614299724.
[I 2026-03-31 17:38:21,943] Trial 605 finished with value: 2447.5238520958073 and parameters: {'alpha_0': 0.0009023509974971579, 'alpha_1': 5.000841689539231e-05, 'alpha_2': 6.860831808344048e-05, 'beta_0': 0.36781273494898514, 'beta_1': 1.4479127505369949, 'beta_2': 0.11485198944025447, 'beta_3': 0.0016248518911669099, 'beta_4': 0.8034933131479772, 'beta_5': 59.84927228526842, 'beta_6': 0.029674915887164817, 'beta_7': 0.03169570383074708}. Best is trial 493 with value: 2345.693614299724.
[I 2026-03-31 17:38:23,209] Trial 606 finished with value: 2498.2252760083893 and parameters: {'alpha_0': 0.0008693597968437905, 'alpha_1': 5.357172946819348e-05, 'alpha_2': 6.999229278989265e-05, 'beta_0': 0.3425025348335606, 'beta_1': 1.0596723137675712, 'beta_2': 0.1615913169687245, 'beta_3': 0.0016597830408345254, 'beta_4': 0.8310208575983987, 'beta_5': 57.024598565582245, 'beta_6': 0.03728018138003062, 'beta_7': 0.030821415110614994}. Best is trial 493 with value: 2345.693614299724.
[I 2026-03-31 17:38:24,468] Trial 607 finished with value: 2789.726629425127 and parameters: {'alpha_0': 0.0023781812161013864, 'alpha_1': 5.507896973622933e-05, 'alpha_2': 7.152774646485734e-05, 'beta_0': 0.37788413945621324, 'beta_1': 1.1095664247165367, 'beta_2': 0.10050534128881426, 'beta_3': 0.0017018461411262558, 'beta_4': 0.7977356650504959, 'beta_5': 62.11914953958929, 'beta_6': 0.033703837966287335, 'beta_7': 0.03246374425156145}. Best is trial 493 with value: 2345.693614299724.
[I 2026-03-31 17:38:25,737] Trial 608 finished with value: 4052.9281841245547 and parameters: {'alpha_0': 0.0008080142356009431, 'alpha_1': 0.00013993512594058565, 'alpha_2': 7.422282552724164e-05, 'beta_0': 0.3584328600094944, 'beta_1': 1.0374603032071776, 'beta_2': 0.12053593976101921, 'beta_3': 0.0015749722097845968, 'beta_4': 0.857030976239553, 'beta_5': 53.97637511952786, 'beta_6': 0.026620281287027276, 'beta_7': 0.03273138472818195}. Best is trial 493 with value: 2345.693614299724.
[I 2026-03-31 17:38:27,009] Trial 609 finished with value: 2526.463494928889 and parameters: {'alpha_0': 0.0007440241553225689, 'alpha_1': 6.793365961581099e-05, 'alpha_2': 6.692489744337958e-05, 'beta_0': 0.34456031724238606, 'beta_1': 1.0712053581675716, 'beta_2': 0.14831829236645752, 'beta_3': 0.0016826256839025675, 'beta_4': 0.8101587406552282, 'beta_5': 60.53467923152743, 'beta_6': 0.030766709964523808, 'beta_7': 0.03133379158271163}. Best is trial 493 with value: 2345.693614299724.
[I 2026-03-31 17:38:28,299] Trial 610 finished with value: 2721.080723413189 and parameters: {'alpha_0': 0.0009259772343806269, 'alpha_1': 6.406101455260307e-05, 'alpha_2': 7.049159075325327e-05, 'beta_0': 0.38870183202211117, 'beta_1': 1.091016764171508, 'beta_2': 0.11488644279523129, 'beta_3': 0.001635402406653704, 'beta_4': 0.7920886227986828, 'beta_5': 58.50201589727655, 'beta_6': 0.03453314291734399, 'beta_7': 0.03355768843602754}. Best is trial 493 with value: 2345.693614299724.
[I 2026-03-31 17:38:29,548] Trial 611 finished with value: 2651.395661533829 and parameters: {'alpha_0': 0.0016901623760141567, 'alpha_1': 5.214395326602105e-05, 'alpha_2': 6.545570447930279e-05, 'beta_0': 0.3347297642131931, 'beta_1': 1.077901003978707, 'beta_2': 0.1296137928014032, 'beta_3': 0.0019624779384976167, 'beta_4': 0.8201667405152268, 'beta_5': 45.199311505108, 'beta_6': 0.03833464699374162, 'beta_7': 0.034682156859594984}. Best is trial 493 with value: 2345.693614299724.Best trial: 493. Best value: 2345.69:  61%|██████    | 611/1000 [16:39<08:15,  1.27s/it]Best trial: 493. Best value: 2345.69:  61%|██████    | 611/1000 [16:39<08:15,  1.27s/it]Best trial: 493. Best value: 2345.69:  61%|██████    | 612/1000 [16:39<08:11,  1.27s/it]                                                                                        Best trial: 493. Best value: 2345.69:  61%|██████    | 612/1000 [16:40<08:11,  1.27s/it]Best trial: 493. Best value: 2345.69:  61%|██████    | 612/1000 [16:40<08:11,  1.27s/it]Best trial: 493. Best value: 2345.69:  61%|██████▏   | 613/1000 [16:40<08:15,  1.28s/it]                                                                                        Best trial: 493. Best value: 2345.69:  61%|██████▏   | 613/1000 [16:49<08:15,  1.28s/it]Best trial: 493. Best value: 2345.69:  61%|██████▏   | 613/1000 [16:49<08:15,  1.28s/it]Best trial: 493. Best value: 2345.69:  61%|██████▏   | 614/1000 [16:49<23:38,  3.67s/it]                                                                                        Best trial: 493. Best value: 2345.69:  61%|██████▏   | 614/1000 [16:50<23:38,  3.67s/it]Best trial: 493. Best value: 2345.69:  61%|██████▏   | 614/1000 [16:50<23:38,  3.67s/it]Best trial: 493. Best value: 2345.69:  62%|██████▏   | 615/1000 [16:50<18:52,  2.94s/it]                                                                                        Best trial: 493. Best value: 2345.69:  62%|██████▏   | 615/1000 [16:52<18:52,  2.94s/it]Best trial: 493. Best value: 2345.69:  62%|██████▏   | 615/1000 [16:52<18:52,  2.94s/it]Best trial: 493. Best value: 2345.69:  62%|██████▏   | 616/1000 [16:52<15:38,  2.44s/it]                                                                                        Best trial: 493. Best value: 2345.69:  62%|██████▏   | 616/1000 [16:53<15:38,  2.44s/it]Best trial: 493. Best value: 2345.69:  62%|██████▏   | 616/1000 [16:53<15:38,  2.44s/it]Best trial: 493. Best value: 2345.69:  62%|██████▏   | 617/1000 [16:53<13:28,  2.11s/it]                                                                                        Best trial: 493. Best value: 2345.69:  62%|██████▏   | 617/1000 [16:54<13:28,  2.11s/it]Best trial: 493. Best value: 2345.69:  62%|██████▏   | 617/1000 [16:54<13:28,  2.11s/it]Best trial: 493. Best value: 2345.69:  62%|██████▏   | 618/1000 [16:54<11:52,  1.86s/it]                                                                                        Best trial: 493. Best value: 2345.69:  62%|██████▏   | 618/1000 [16:56<11:52,  1.86s/it]Best trial: 493. Best value: 2345.69:  62%|██████▏   | 618/1000 [16:56<11:52,  1.86s/it]Best trial: 493. Best value: 2345.69:  62%|██████▏   | 619/1000 [16:56<10:42,  1.69s/it]                                                                                        Best trial: 493. Best value: 2345.69:  62%|██████▏   | 619/1000 [16:57<10:42,  1.69s/it]Best trial: 493. Best value: 2345.69:  62%|██████▏   | 619/1000 [16:57<10:42,  1.69s/it]Best trial: 493. Best value: 2345.69:  62%|██████▏   | 620/1000 [16:57<09:52,  1.56s/it]                                                                                        Best trial: 493. Best value: 2345.69:  62%|██████▏   | 620/1000 [16:58<09:52,  1.56s/it]Best trial: 493. Best value: 2345.69:  62%|██████▏   | 620/1000 [16:58<09:52,  1.56s/it]Best trial: 493. Best value: 2345.69:  62%|██████▏   | 621/1000 [16:58<09:16,  1.47s/it]                                                                                        Best trial: 493. Best value: 2345.69:  62%|██████▏   | 621/1000 [16:59<09:16,  1.47s/it]Best trial: 493. Best value: 2345.69:  62%|██████▏   | 621/1000 [16:59<09:16,  1.47s/it]Best trial: 493. Best value: 2345.69:  62%|██████▏   | 622/1000 [16:59<08:55,  1.42s/it]                                                                                        Best trial: 493. Best value: 2345.69:  62%|██████▏   | 622/1000 [17:01<08:55,  1.42s/it]Best trial: 493. Best value: 2345.69:  62%|██████▏   | 622/1000 [17:01<08:55,  1.42s/it]Best trial: 493. Best value: 2345.69:  62%|██████▏   | 623/1000 [17:01<08:39,  1.38s/it]                                                                                        Best trial: 493. Best value: 2345.69:  62%|██████▏   | 623/1000 [17:10<08:39,  1.38s/it]Best trial: 493. Best value: 2345.69:  62%|██████▏   | 623/1000 [17:10<08:39,  1.38s/it]Best trial: 493. Best value: 2345.69:  62%|██████▏   | 624/1000 [17:10<24:28,  3.91s/it]                                                                                        Best trial: 493. Best value: 2345.69:  62%|██████▏   | 624/1000 [17:12<24:28,  3.91s/it]Best trial: 493. Best value: 2345.69:  62%|██████▏   | 624/1000 [17:12<24:28,  3.91s/it]Best trial: 493. Best value: 2345.69:  62%|██████▎   | 625/1000 [17:12<19:30,  3.12s/it]                                                                                        Best trial: 493. Best value: 2345.69:  62%|██████▎   | 625/1000 [17:13<19:30,  3.12s/it]Best trial: 493. Best value: 2345.69:  62%|██████▎   | 625/1000 [17:13<19:30,  3.12s/it]Best trial: 493. Best value: 2345.69:  63%|██████▎   | 626/1000 [17:13<15:58,  2.56s/it]                                                                                        Best trial: 493. Best value: 2345.69:  63%|██████▎   | 626/1000 [17:14<15:58,  2.56s/it]Best trial: 493. Best value: 2345.69:  63%|██████▎   | 626/1000 [17:14<15:58,  2.56s/it]Best trial: 493. Best value: 2345.69:  63%|██████▎   | 627/1000 [17:14<13:33,  2.18s/it]                                                                                        Best trial: 493. Best value: 2345.69:  63%|██████▎   | 627/1000 [17:16<13:33,  2.18s/it]Best trial: 493. Best value: 2345.69:  63%|██████▎   | 627/1000 [17:16<13:33,  2.18s/it]Best trial: 493. Best value: 2345.69:  63%|██████▎   | 628/1000 [17:16<11:57,  1.93s/it]                                                                                        
[I 2026-03-31 17:38:30,860] Trial 612 finished with value: 2678.0065792519667 and parameters: {'alpha_0': 0.0018097853698571334, 'alpha_1': 6.076703902608777e-05, 'alpha_2': 5.489033585945738e-05, 'beta_0': 0.35018001643665747, 'beta_1': 1.1344440183242075, 'beta_2': 0.17072809547304293, 'beta_3': 0.0008732611104368535, 'beta_4': 0.784135455073748, 'beta_5': 55.22833335888008, 'beta_6': 0.028676705735937988, 'beta_7': 0.029999084790517192}. Best is trial 493 with value: 2345.693614299724.
[I 2026-03-31 17:38:40,119] Trial 613 finished with value: 7018.040133878093 and parameters: {'alpha_0': 0.0014832705269401494, 'alpha_1': 5.63685516103703e-05, 'alpha_2': 6.77301764782565e-05, 'beta_0': 0.36399233822114313, 'beta_1': 1.1006375720787547, 'beta_2': 0.572419001685625, 'beta_3': 0.0007406824440038966, 'beta_4': 0.677039968450901, 'beta_5': 64.64765655822681, 'beta_6': 0.03249120715782148, 'beta_7': 0.016911380623668898}. Best is trial 493 with value: 2345.693614299724.
[I 2026-03-31 17:38:41,352] Trial 614 finished with value: 2563.400565119148 and parameters: {'alpha_0': 0.0008615327084169727, 'alpha_1': 5.318662653365163e-05, 'alpha_2': 6.391910878799476e-05, 'beta_0': 0.33800265778657973, 'beta_1': 1.0122786461806565, 'beta_2': 0.14195541857109126, 'beta_3': 0.0017418871121141631, 'beta_4': 0.8047685944178687, 'beta_5': 84.64870253011706, 'beta_6': 0.036045679788561484, 'beta_7': 0.03211349685541059}. Best is trial 493 with value: 2345.693614299724.
[I 2026-03-31 17:38:42,633] Trial 615 finished with value: 2567.3274844525276 and parameters: {'alpha_0': 0.0009741665267687063, 'alpha_1': 5.8845004497621774e-05, 'alpha_2': 7.275252711619913e-05, 'beta_0': 0.3264080190374108, 'beta_1': 1.056462554347045, 'beta_2': 0.11177673136989344, 'beta_3': 0.00021460177576352007, 'beta_4': 0.7910391630522801, 'beta_5': 51.89624455027072, 'beta_6': 0.03136569890575606, 'beta_7': 0.03183387246720288}. Best is trial 493 with value: 2345.693614299724.
[I 2026-03-31 17:38:43,967] Trial 616 finished with value: 2799.676727570316 and parameters: {'alpha_0': 0.0007866437137177889, 'alpha_1': 7.43661779986607e-05, 'alpha_2': 6.870052956108005e-05, 'beta_0': 0.358761158647208, 'beta_1': 1.0905606762264795, 'beta_2': 0.15787377593759241, 'beta_3': 0.0017085183513727447, 'beta_4': 0.9109886947070609, 'beta_5': 61.60473836568886, 'beta_6': 0.03906709451255262, 'beta_7': 0.032968182719953144}. Best is trial 493 with value: 2345.693614299724.
[I 2026-03-31 17:38:45,259] Trial 617 finished with value: 2479.0458086113995 and parameters: {'alpha_0': 0.0009017521862061554, 'alpha_1': 5.5940555259543934e-05, 'alpha_2': 6.611075262710794e-05, 'beta_0': 0.2907595607773249, 'beta_1': 1.3950350450681586, 'beta_2': 0.5443293739409492, 'beta_3': 0.0009668706377716397, 'beta_4': 0.8321748800948717, 'beta_5': 57.507070073240854, 'beta_6': 0.03420391196529836, 'beta_7': 0.030630187715599264}. Best is trial 493 with value: 2345.693614299724.
[I 2026-03-31 17:38:46,528] Trial 618 finished with value: 2548.6332526692277 and parameters: {'alpha_0': 0.0009523558494727966, 'alpha_1': 5.16073234674879e-05, 'alpha_2': 6.273190233209699e-05, 'beta_0': 0.31366620959041136, 'beta_1': 1.1145611771914077, 'beta_2': 0.25510017103951915, 'beta_3': 0.000781859049495015, 'beta_4': 0.9823836887427699, 'beta_5': 63.51811322825888, 'beta_6': 0.02773060869222463, 'beta_7': 0.031328748681308013}. Best is trial 493 with value: 2345.693614299724.
[I 2026-03-31 17:38:47,788] Trial 619 finished with value: 2507.089840460284 and parameters: {'alpha_0': 0.001021425017611212, 'alpha_1': 5.7844229158154885e-05, 'alpha_2': 6.095047665371089e-05, 'beta_0': 0.3724283990451816, 'beta_1': 1.0722610302049824, 'beta_2': 0.12440968302854137, 'beta_3': 0.0016062297056693721, 'beta_4': 0.8072781286651961, 'beta_5': 78.34688296010759, 'beta_6': 0.025194479043238016, 'beta_7': 0.032350489724680395}. Best is trial 493 with value: 2345.693614299724.
[I 2026-03-31 17:38:49,046] Trial 620 finished with value: 2469.700723754398 and parameters: {'alpha_0': 0.0008484391337529251, 'alpha_1': 0.00010617411437940325, 'alpha_2': 6.464434658882376e-05, 'beta_0': 0.34998450790229335, 'beta_1': 1.4751240695423116, 'beta_2': 0.35073860896154985, 'beta_3': 0.0015583291130813908, 'beta_4': 0.7749481285658675, 'beta_5': 59.48894642146303, 'beta_6': 0.03702112024439873, 'beta_7': 0.031894534553703474}. Best is trial 493 with value: 2345.693614299724.
[I 2026-03-31 17:38:50,341] Trial 621 finished with value: 2666.932985508677 and parameters: {'alpha_0': 0.0009260321148825946, 'alpha_1': 5.4195826160242355e-05, 'alpha_2': 6.925092849827272e-05, 'beta_0': 0.3391113988676665, 'beta_1': 1.0517305492257447, 'beta_2': 0.1349984999436298, 'beta_3': 0.001671112444257201, 'beta_4': 0.8187456282069476, 'beta_5': 55.71623277867877, 'beta_6': 0.03048522354987951, 'beta_7': 0.03368280404779533}. Best is trial 493 with value: 2345.693614299724.
[I 2026-03-31 17:38:51,633] Trial 622 finished with value: 2627.5578470346004 and parameters: {'alpha_0': 0.0008858818659827697, 'alpha_1': 5.001851321240717e-05, 'alpha_2': 7.11880626330719e-05, 'beta_0': 0.3237323138341245, 'beta_1': 1.1226466688270271, 'beta_2': 0.1808284730755836, 'beta_3': 0.001727879592524312, 'beta_4': 0.7653531060679621, 'beta_5': 61.507948935214415, 'beta_6': 0.017145602733456677, 'beta_7': 0.032930092851677785}. Best is trial 493 with value: 2345.693614299724.
[I 2026-03-31 17:39:01,434] Trial 623 finished with value: 7904.204735481186 and parameters: {'alpha_0': 0.001070699794663945, 'alpha_1': 6.197934186639416e-05, 'alpha_2': 6.719847348195726e-05, 'beta_0': 0.3469688973581698, 'beta_1': 1.0378617376025152, 'beta_2': 0.14891289044123449, 'beta_3': 0.0006765890106501732, 'beta_4': 0.8407797180177076, 'beta_5': 65.4832483076517, 'beta_6': 0.03286947120726824, 'beta_7': 0.015184985538350392}. Best is trial 493 with value: 2345.693614299724.
[I 2026-03-31 17:39:02,729] Trial 624 finished with value: 2520.350726359922 and parameters: {'alpha_0': 0.0010099384094400528, 'alpha_1': 6.009558447482772e-05, 'alpha_2': 6.373592867732193e-05, 'beta_0': 0.33087657878397014, 'beta_1': 1.083767007691583, 'beta_2': 0.14051587089106793, 'beta_3': 0.0016267097110683074, 'beta_4': 0.7940161224655486, 'beta_5': 57.47327696106343, 'beta_6': 0.03544020056718606, 'beta_7': 0.031142969556672624}. Best is trial 493 with value: 2345.693614299724.
[I 2026-03-31 17:39:03,985] Trial 625 finished with value: 2649.201176810143 and parameters: {'alpha_0': 0.0009713233441489948, 'alpha_1': 5.5974764643837346e-05, 'alpha_2': 6.578309325095431e-05, 'beta_0': 0.3110815418071785, 'beta_1': 0.9718324506576871, 'beta_2': 0.43255147264508476, 'beta_3': 0.001760441627230873, 'beta_4': 0.7766569128347113, 'beta_5': 49.88346729363917, 'beta_6': 0.03951550004051101, 'beta_7': 0.032377726942605406}. Best is trial 493 with value: 2345.693614299724.
[I 2026-03-31 17:39:05,272] Trial 626 finished with value: 2550.0031049721424 and parameters: {'alpha_0': 0.0008391320413150044, 'alpha_1': 5.3512876526465076e-05, 'alpha_2': 6.846784988986025e-05, 'beta_0': 0.37970216590135464, 'beta_1': 1.0279317812140203, 'beta_2': 0.5214532855472337, 'beta_3': 0.0008140062988500189, 'beta_4': 1.1586582107424568, 'beta_5': 59.96163352642938, 'beta_6': 0.028904541138250597, 'beta_7': 0.03156213924574649}. Best is trial 493 with value: 2345.693614299724.
[I 2026-03-31 17:39:06,614] Trial 627 finished with value: 2591.1647525266435 and parameters: {'alpha_0': 0.0007762142814898427, 'alpha_1': 5.7873731318597436e-05, 'alpha_2': 7.310685734996948e-05, 'beta_0': 0.3562250183681907, 'beta_1': 1.062458672672344, 'beta_2': 0.12078681848570529, 'beta_3': 0.0012738311509790938, 'beta_4': 0.7163690936050146, 'beta_5': 63.40662865393759, 'beta_6': 0.021792072919156944, 'beta_7': 0.03059124333707237}. Best is trial 493 with value: 2345.693614299724.
