[I 2026-03-31 17:23:56,097] Trial 36 finished with value: 2870.6074726037655 and parameters: {'alpha_0': 0.0012930550852559676, 'alpha_1': 0.00012007878028076082, 'alpha_2': 7.015779671585755e-05, 'beta_0': 0.2991424775528428, 'beta_1': 1.4561232752926385, 'beta_2': 0.5124000379545646, 'beta_3': 0.0017355626153465484, 'beta_4': 0.7505362493825878, 'beta_5': 78.53051252887865, 'beta_6': 0.10615620548103552, 'beta_7': 0.029963356198627875}. Best is trial 27 with value: 2463.90954018953.
[I 2026-03-31 17:23:57,609] Trial 37 finished with value: 3318.851904066485 and parameters: {'alpha_0': 0.0015284807311182712, 'alpha_1': 0.00013516859303091473, 'alpha_2': 0.00010574077726401166, 'beta_0': 0.31873570794024497, 'beta_1': 1.3170367803875842, 'beta_2': 0.45931512248534145, 'beta_3': 0.001992989694741487, 'beta_4': 0.829625979976554, 'beta_5': 78.92812716566452, 'beta_6': 0.0680756838838424, 'beta_7': 0.02824563026779415}. Best is trial 27 with value: 2463.90954018953.
[I 2026-03-31 17:23:59,122] Trial 38 finished with value: 10183.21080507011 and parameters: {'alpha_0': 0.0011105919283927298, 'alpha_1': 0.00010770887778397979, 'alpha_2': 8.819137604085005e-05, 'beta_0': 0.43401377045429457, 'beta_1': 1.4021672156149974, 'beta_2': 0.4059328769617202, 'beta_3': 0.0011075150202275676, 'beta_4': 0.6209271777450149, 'beta_5': 56.02731375171311, 'beta_6': 0.11925045325471761, 'beta_7': 0.026005753950977303}. Best is trial 27 with value: 2463.90954018953.
[I 2026-03-31 17:24:00,357] Trial 39 finished with value: 2612.008125160492 and parameters: {'alpha_0': 0.0017189075854581988, 'alpha_1': 0.00014276076616549725, 'alpha_2': 8.117886711965569e-05, 'beta_0': 0.26776643695543006, 'beta_1': 1.4450458466318525, 'beta_2': 0.5219600304442977, 'beta_3': 0.0018078852644761508, 'beta_4': 0.5726040313097136, 'beta_5': 85.55988192325555, 'beta_6': 0.032569485831486486, 'beta_7': 0.03201052850704165}. Best is trial 27 with value: 2463.90954018953.
[I 2026-03-31 17:24:01,764] Trial 40 finished with value: 8260.258326352085 and parameters: {'alpha_0': 0.0009248030019821713, 'alpha_1': 0.00011700131161206814, 'alpha_2': 0.0001144307145313588, 'beta_0': 0.488275627109014, 'beta_1': 1.4995076682529296, 'beta_2': 0.5557226312114807, 'beta_3': 0.0015135642758652321, 'beta_4': 0.7054001868175237, 'beta_5': 34.997371307508104, 'beta_6': 0.010926337490913632, 'beta_7': 0.026799327516930378}. Best is trial 27 with value: 2463.90954018953.
[I 2026-03-31 17:24:02,924] Trial 41 finished with value: 2768.7334013687873 and parameters: {'alpha_0': 0.001962566897212744, 'alpha_1': 0.00012746762488933942, 'alpha_2': 9.248974701606516e-05, 'beta_0': 0.05337306628836619, 'beta_1': 1.300688854775565, 'beta_2': 0.5633115333617572, 'beta_3': 0.0016859032098471552, 'beta_4': 0.8898007740612295, 'beta_5': 66.11023213789865, 'beta_6': 0.02110195252117638, 'beta_7': 0.03592050819394582}. Best is trial 27 with value: 2463.90954018953.
[I 2026-03-31 17:24:04,210] Trial 42 finished with value: 2815.4924332355063 and parameters: {'alpha_0': 0.0013661826688593185, 'alpha_1': 0.00010066206790491221, 'alpha_2': 0.00010656211075306797, 'beta_0': 0.38973239065084087, 'beta_1': 1.3717277207800997, 'beta_2': 0.4821990321345723, 'beta_3': 0.0013062682013605998, 'beta_4': 0.8262489064802682, 'beta_5': 42.912982340872155, 'beta_6': 0.005151510157129737, 'beta_7': 0.03317741626192871}. Best is trial 27 with value: 2463.90954018953.
[I 2026-03-31 17:24:05,430] Trial 43 finished with value: 2687.092295617743 and parameters: {'alpha_0': 0.002469036589042322, 'alpha_1': 8.913862293932228e-05, 'alpha_2': 9.322588503112216e-05, 'beta_0': 0.09586833812248638, 'beta_1': 1.4601368938355768, 'beta_2': 0.5717573987527824, 'beta_3': 0.0018249893688117734, 'beta_4': 0.7732223939550646, 'beta_5': 49.47734751991933, 'beta_6': 0.016633461832181146, 'beta_7': 0.03796949151286687}. Best is trial 27 with value: 2463.90954018953.
[I 2026-03-31 17:24:06,705] Trial 44 finished with value: 2586.1134351478627 and parameters: {'alpha_0': 0.0022653800436789272, 'alpha_1': 0.00011563682769762148, 'alpha_2': 9.829900492635802e-05, 'beta_0': 0.32746065040421013, 'beta_1': 1.2102104187064353, 'beta_2': 0.4325296681883774, 'beta_3': 0.0003441492198367729, 'beta_4': 0.9817439762974369, 'beta_5': 73.1022891564344, 'beta_6': 0.009654269076993668, 'beta_7': 0.032033107964492234}. Best is trial 27 with value: 2463.90954018953.
[I 2026-03-31 17:24:08,118] Trial 45 finished with value: 2791.573901347597 and parameters: {'alpha_0': 0.002325944427599581, 'alpha_1': 0.00011385134481083218, 'alpha_2': 0.00010081596632021639, 'beta_0': 0.35917573080718007, 'beta_1': 1.1422500388665089, 'beta_2': 0.4269301603711676, 'beta_3': 0.0014477975165403587, 'beta_4': 1.0037241194870612, 'beta_5': 74.78451943944755, 'beta_6': 0.010573241960282847, 'beta_7': 0.02915866862615863}. Best is trial 27 with value: 2463.90954018953.
[I 2026-03-31 17:24:09,402] Trial 46 finished with value: 2653.0584158243723 and parameters: {'alpha_0': 0.0022592633332712848, 'alpha_1': 0.00013422285995016357, 'alpha_2': 0.00010049108421166746, 'beta_0': 0.32037486480696903, 'beta_1': 1.1927986316051373, 'beta_2': 0.38726542073630554, 'beta_3': 0.00022684881148071214, 'beta_4': 1.122204936864912, 'beta_5': 65.76029286187746, 'beta_6': 0.00998381571287644, 'beta_7': 0.03182983871945205}. Best is trial 27 with value: 2463.90954018953.
[I 2026-03-31 17:24:10,682] Trial 47 finished with value: 2854.1456448901854 and parameters: {'alpha_0': 0.0021839555980651326, 'alpha_1': 0.00010740666067853191, 'alpha_2': 0.00011484019361319719, 'beta_0': 0.27606567521247827, 'beta_1': 1.3543191754813766, 'beta_2': 0.3528908212385651, 'beta_3': 0.001187708061678594, 'beta_4': 0.5380787723238603, 'beta_5': 99.313782034731, 'beta_6': 0.025705420041277884, 'beta_7': 0.03380533277855286}. Best is trial 27 with value: 2463.90954018953.
[I 2026-03-31 17:24:12,016] Trial 48 finished with value: 2559.534623114412 and parameters: {'alpha_0': 0.002383482771629336, 'alpha_1': 0.0001202985531593618, 'alpha_2': 5.937258622958018e-05, 'beta_0': 0.4006939247994415, 'beta_1': 0.9589491752118711, 'beta_2': 0.45123036994758564, 'beta_3': 0.0016151676546010323, 'beta_4': 0.685679957294971, 'beta_5': 57.19702611102288, 'beta_6': 0.009297813846397494, 'beta_7': 0.029839307360489196}. Best is trial 27 with value: 2463.90954018953.
[I 2026-03-31 17:24:13,849] Trial 49 finished with value: 4528.876333817062 and parameters: {'alpha_0': 0.002414549571645925, 'alpha_1': 0.00012618288628080034, 'alpha_2': 5.918714872770978e-05, 'beta_0': 0.4744508624775524, 'beta_1': 0.895225662674913, 'beta_2': 0.4585912363867526, 'beta_3': 0.0016037798432757102, 'beta_4': 0.6796777034990387, 'beta_5': 56.311742173819155, 'beta_6': 0.015345657511897707, 'beta_7': 0.027345608185100873}. Best is trial 27 with value: 2463.90954018953.
[I 2026-03-31 17:24:15,220] Trial 50 finished with value: 2761.0535850695956 and parameters: {'alpha_0': 0.0015519019029294995, 'alpha_1': 0.00012153643329766126, 'alpha_2': 4.0977611503781786e-05, 'beta_0': 0.40380139431243023, 'beta_1': 0.962021033924157, 'beta_2': 0.5419207753615773, 'beta_3': 0.001871524005533082, 'beta_4': 0.6341949135015368, 'beta_5': 63.23352206583391, 'beta_6': 0.02884816781106002, 'beta_7': 0.028858627350562147}. Best is trial 27 with value: 2463.90954018953.Best trial: 27. Best value: 2463.91:   5%|▌         | 50/1000 [02:24<23:15,  1.47s/it]Best trial: 27. Best value: 2463.91:   5%|▌         | 50/1000 [02:24<23:15,  1.47s/it]Best trial: 27. Best value: 2463.91:   5%|▌         | 51/1000 [02:24<22:46,  1.44s/it]                                                                                      Best trial: 27. Best value: 2463.91:   5%|▌         | 51/1000 [02:26<22:46,  1.44s/it]Best trial: 27. Best value: 2463.91:   5%|▌         | 51/1000 [02:26<22:46,  1.44s/it]Best trial: 27. Best value: 2463.91:   5%|▌         | 52/1000 [02:26<22:16,  1.41s/it]                                                                                      Best trial: 27. Best value: 2463.91:   5%|▌         | 52/1000 [02:27<22:16,  1.41s/it]Best trial: 27. Best value: 2463.91:   5%|▌         | 52/1000 [02:27<22:16,  1.41s/it]Best trial: 27. Best value: 2463.91:   5%|▌         | 53/1000 [02:27<21:32,  1.37s/it]                                                                                      Best trial: 27. Best value: 2463.91:   5%|▌         | 53/1000 [02:28<21:32,  1.37s/it]Best trial: 27. Best value: 2463.91:   5%|▌         | 53/1000 [02:28<21:32,  1.37s/it]Best trial: 27. Best value: 2463.91:   5%|▌         | 54/1000 [02:28<21:11,  1.34s/it]                                                                                      Best trial: 27. Best value: 2463.91:   5%|▌         | 54/1000 [02:29<21:11,  1.34s/it]Best trial: 27. Best value: 2463.91:   5%|▌         | 54/1000 [02:29<21:11,  1.34s/it]Best trial: 27. Best value: 2463.91:   6%|▌         | 55/1000 [02:29<20:29,  1.30s/it]                                                                                      Best trial: 27. Best value: 2463.91:   6%|▌         | 55/1000 [02:31<20:29,  1.30s/it]Best trial: 27. Best value: 2463.91:   6%|▌         | 55/1000 [02:31<20:29,  1.30s/it]Best trial: 27. Best value: 2463.91:   6%|▌         | 56/1000 [02:31<20:22,  1.29s/it]                                                                                      Best trial: 27. Best value: 2463.91:   6%|▌         | 56/1000 [02:32<20:22,  1.29s/it]Best trial: 27. Best value: 2463.91:   6%|▌         | 56/1000 [02:32<20:22,  1.29s/it]Best trial: 27. Best value: 2463.91:   6%|▌         | 57/1000 [02:32<20:17,  1.29s/it]                                                                                      Best trial: 27. Best value: 2463.91:   6%|▌         | 57/1000 [02:33<20:17,  1.29s/it]Best trial: 27. Best value: 2463.91:   6%|▌         | 57/1000 [02:33<20:17,  1.29s/it]Best trial: 27. Best value: 2463.91:   6%|▌         | 58/1000 [02:33<20:10,  1.28s/it]                                                                                      Best trial: 27. Best value: 2463.91:   6%|▌         | 58/1000 [02:34<20:10,  1.28s/it]Best trial: 27. Best value: 2463.91:   6%|▌         | 58/1000 [02:34<20:10,  1.28s/it]Best trial: 27. Best value: 2463.91:   6%|▌         | 59/1000 [02:34<19:30,  1.24s/it]                                                                                      Best trial: 27. Best value: 2463.91:   6%|▌         | 59/1000 [02:36<19:30,  1.24s/it]Best trial: 27. Best value: 2463.91:   6%|▌         | 59/1000 [02:36<19:30,  1.24s/it]Best trial: 27. Best value: 2463.91:   6%|▌         | 60/1000 [02:36<19:35,  1.25s/it]                                                                                      Best trial: 27. Best value: 2463.91:   6%|▌         | 60/1000 [02:37<19:35,  1.25s/it]Best trial: 27. Best value: 2463.91:   6%|▌         | 60/1000 [02:37<19:35,  1.25s/it]Best trial: 27. Best value: 2463.91:   6%|▌         | 61/1000 [02:37<21:11,  1.35s/it]                                                                                      Best trial: 27. Best value: 2463.91:   6%|▌         | 61/1000 [02:38<21:11,  1.35s/it]Best trial: 27. Best value: 2463.91:   6%|▌         | 61/1000 [02:38<21:11,  1.35s/it]Best trial: 27. Best value: 2463.91:   6%|▌         | 62/1000 [02:38<20:33,  1.32s/it]                                                                                      Best trial: 27. Best value: 2463.91:   6%|▌         | 62/1000 [02:40<20:33,  1.32s/it]Best trial: 27. Best value: 2463.91:   6%|▌         | 62/1000 [02:40<20:33,  1.32s/it]Best trial: 27. Best value: 2463.91:   6%|▋         | 63/1000 [02:40<20:25,  1.31s/it]                                                                                      Best trial: 27. Best value: 2463.91:   6%|▋         | 63/1000 [02:41<20:25,  1.31s/it]Best trial: 27. Best value: 2463.91:   6%|▋         | 63/1000 [02:41<20:25,  1.31s/it]Best trial: 27. Best value: 2463.91:   6%|▋         | 64/1000 [02:41<20:17,  1.30s/it]                                                                                      Best trial: 27. Best value: 2463.91:   6%|▋         | 64/1000 [02:42<20:17,  1.30s/it]Best trial: 27. Best value: 2463.91:   6%|▋         | 64/1000 [02:42<20:17,  1.30s/it]Best trial: 27. Best value: 2463.91:   6%|▋         | 65/1000 [02:42<20:07,  1.29s/it]                                                                                      Best trial: 27. Best value: 2463.91:   6%|▋         | 65/1000 [02:45<20:07,  1.29s/it]Best trial: 27. Best value: 2463.91:   6%|▋         | 65/1000 [02:45<20:07,  1.29s/it]Best trial: 27. Best value: 2463.91:   7%|▋         | 66/1000 [02:45<25:24,  1.63s/it]                                                                                      Best trial: 27. Best value: 2463.91:   7%|▋         | 66/1000 [02:46<25:24,  1.63s/it]Best trial: 27. Best value: 2463.91:   7%|▋         | 66/1000 [02:46<25:24,  1.63s/it]Best trial: 27. Best value: 2463.91:   7%|▋         | 67/1000 [02:46<23:52,  1.54s/it]                                                                                      
[I 2026-03-31 17:24:16,562] Trial 51 finished with value: 2720.791291854584 and parameters: {'alpha_0': 0.0023497817218156494, 'alpha_1': 0.0001147480121550199, 'alpha_2': 8.25134173495139e-05, 'beta_0': 0.37790319042710063, 'beta_1': 1.1072128143994637, 'beta_2': 0.44150040100502075, 'beta_3': 0.0003808898483020379, 'beta_4': 0.7227452351071965, 'beta_5': 74.79339723075103, 'beta_6': 0.010231267050773856, 'beta_7': 0.029646309936445604}. Best is trial 27 with value: 2463.90954018953.
[I 2026-03-31 17:24:17,822] Trial 52 finished with value: 2562.2406242173365 and parameters: {'alpha_0': 0.0021888662035670758, 'alpha_1': 0.0001181075324884253, 'alpha_2': 6.094693074440976e-05, 'beta_0': 0.45634667811528173, 'beta_1': 0.969906760489364, 'beta_2': 0.4705052878740099, 'beta_3': 0.0014981936290272663, 'beta_4': 0.6085579503430179, 'beta_5': 84.01754555517198, 'beta_6': 0.005481224491167487, 'beta_7': 0.03220513269638247}. Best is trial 27 with value: 2463.90954018953.
[I 2026-03-31 17:24:19,118] Trial 53 finished with value: 2691.2202820952666 and parameters: {'alpha_0': 0.0020316556927058023, 'alpha_1': 0.0001309583021158513, 'alpha_2': 6.034651698853951e-05, 'beta_0': 0.4578496863662898, 'beta_1': 0.9488459109382621, 'beta_2': 0.47804164422073087, 'beta_3': 0.0015117460188865265, 'beta_4': 0.5858404337809346, 'beta_5': 83.77886921234246, 'beta_6': 0.008034218209934066, 'beta_7': 0.03319945710785559}. Best is trial 27 with value: 2463.90954018953.
[I 2026-03-31 17:24:20,319] Trial 54 finished with value: 2789.357690120577 and parameters: {'alpha_0': 0.0018967666621810294, 'alpha_1': 0.00011916446013122776, 'alpha_2': 5.50150836889595e-05, 'beta_0': 0.44919447561321874, 'beta_1': 0.8348170073590764, 'beta_2': 0.3912744373991537, 'beta_3': 0.0013641385972808738, 'beta_4': 0.6506685165684516, 'beta_5': 59.36345129209538, 'beta_6': 0.017617109057390917, 'beta_7': 0.03645823657873744}. Best is trial 27 with value: 2463.90954018953.
[I 2026-03-31 17:24:21,598] Trial 55 finished with value: 2716.873238282193 and parameters: {'alpha_0': 0.002195453839953906, 'alpha_1': 0.00014986874709649203, 'alpha_2': 6.751879493657357e-05, 'beta_0': 0.3990461878861052, 'beta_1': 1.0170290092099419, 'beta_2': 0.45245131244951464, 'beta_3': 0.0010576382925113026, 'beta_4': 0.5907926418023844, 'beta_5': 52.29144183379108, 'beta_6': 0.022298135614071388, 'beta_7': 0.030892138276721475}. Best is trial 27 with value: 2463.90954018953.
[I 2026-03-31 17:24:22,879] Trial 56 finished with value: 2656.001389307341 and parameters: {'alpha_0': 0.0014357317018464744, 'alpha_1': 0.00010886316936361157, 'alpha_2': 7.59704942037581e-05, 'beta_0': 0.41559728928598794, 'beta_1': 0.9723333401000471, 'beta_2': 0.5205173297629511, 'beta_3': 0.0012556893167431833, 'beta_4': 0.5504446303219594, 'beta_5': 89.42296588306326, 'beta_6': 0.005748419652362618, 'beta_7': 0.034208893680378424}. Best is trial 27 with value: 2463.90954018953.
[I 2026-03-31 17:24:24,150] Trial 57 finished with value: 2564.7238360049587 and parameters: {'alpha_0': 0.0016065241051520954, 'alpha_1': 0.000105126507035359, 'alpha_2': 5.349314554792392e-05, 'beta_0': 0.07494594151237635, 'beta_1': 0.8976778997469601, 'beta_2': 0.5018253018597872, 'beta_3': 0.0016606982957671108, 'beta_4': 0.6919716327684371, 'beta_5': 82.18791563374722, 'beta_6': 0.014202951364934407, 'beta_7': 0.03429930427261848}. Best is trial 27 with value: 2463.90954018953.
[I 2026-03-31 17:24:25,297] Trial 58 finished with value: 3262.4190189872334 and parameters: {'alpha_0': 0.0012416315869470788, 'alpha_1': 9.4124799010736e-05, 'alpha_2': 5.2892745235444496e-05, 'beta_0': 0.07099991713756991, 'beta_1': 0.9233816091736051, 'beta_2': 0.49886055340371827, 'beta_3': 0.0017408846902170546, 'beta_4': 0.6823780067414706, 'beta_5': 91.84685204598685, 'beta_6': 0.08261743354980547, 'beta_7': 0.038993646143469486}. Best is trial 27 with value: 2463.90954018953.
[I 2026-03-31 17:24:26,564] Trial 59 finished with value: 2901.039744129994 and parameters: {'alpha_0': 0.0024974483324469283, 'alpha_1': 0.00013822779945726752, 'alpha_2': 4.813919063724442e-05, 'beta_0': 0.36116700525385553, 'beta_1': 0.8790293813816231, 'beta_2': 0.5348648061053934, 'beta_3': 0.0016615659405752373, 'beta_4': 0.7054970632147463, 'beta_5': 84.65814950680331, 'beta_6': 0.012873834367222598, 'beta_7': 0.03281580598416442}. Best is trial 27 with value: 2463.90954018953.
[I 2026-03-31 17:24:28,158] Trial 60 finished with value: 10918.892136311628 and parameters: {'alpha_0': 0.0010448862404762033, 'alpha_1': 0.0001050071106873502, 'alpha_2': 4.449604308478391e-05, 'beta_0': 0.42595963819630417, 'beta_1': 0.997613980554561, 'beta_2': 0.243678280397677, 'beta_3': 0.0014683308800683204, 'beta_4': 0.738046070375084, 'beta_5': 45.71560168507996, 'beta_6': 0.024347023671191244, 'beta_7': 0.025389579275646553}. Best is trial 27 with value: 2463.90954018953.
[I 2026-03-31 17:24:29,385] Trial 61 finished with value: 3116.5285266826368 and parameters: {'alpha_0': 0.0016432490902788348, 'alpha_1': 0.00013118604531758878, 'alpha_2': 6.37851225436482e-05, 'beta_0': 0.10532240994585895, 'beta_1': 0.8541392537543085, 'beta_2': 0.4687687155333727, 'beta_3': 0.0016452055986931067, 'beta_4': 0.6323345927571563, 'beta_5': 1.3015347213076751, 'beta_6': 0.005300858875857431, 'beta_7': 0.034486997297786925}. Best is trial 27 with value: 2463.90954018953.
[I 2026-03-31 17:24:30,675] Trial 62 finished with value: 2554.494607473218 and parameters: {'alpha_0': 0.001806946471315099, 'alpha_1': 0.00011971687503492938, 'alpha_2': 5.1718202292443866e-05, 'beta_0': 0.13493596490930904, 'beta_1': 1.0672802381472086, 'beta_2': 0.4253821299491508, 'beta_3': 0.0015472242806288895, 'beta_4': 0.6026711364781413, 'beta_5': 80.88576985868414, 'beta_6': 0.0182494284440489, 'beta_7': 0.031272156738468566}. Best is trial 27 with value: 2463.90954018953.
[I 2026-03-31 17:24:31,959] Trial 63 finished with value: 2560.1732801988937 and parameters: {'alpha_0': 0.0017727690953341548, 'alpha_1': 0.00012638246867686576, 'alpha_2': 5.2249752916922914e-05, 'beta_0': 0.07875040379865107, 'beta_1': 1.0404859271494276, 'beta_2': 0.3684061348940511, 'beta_3': 0.0015438188895335186, 'beta_4': 0.6069379855280925, 'beta_5': 68.80574967919851, 'beta_6': 0.017817978637532532, 'beta_7': 0.03126092139923025}. Best is trial 27 with value: 2463.90954018953.
[I 2026-03-31 17:24:33,227] Trial 64 finished with value: 2643.7814396500044 and parameters: {'alpha_0': 0.0017704211747537378, 'alpha_1': 0.0001261022463891399, 'alpha_2': 5.0580569980888585e-05, 'beta_0': 0.13050724991621984, 'beta_1': 1.0795967755083367, 'beta_2': 0.33286978336998607, 'beta_3': 0.001565221955471507, 'beta_4': 0.5937911387797249, 'beta_5': 67.54234174523211, 'beta_6': 0.020303956725331057, 'beta_7': 0.03049988895447253}. Best is trial 27 with value: 2463.90954018953.
[I 2026-03-31 17:24:35,657] Trial 65 finished with value: 7853.719037627432 and parameters: {'alpha_0': 0.002098156403691653, 'alpha_1': 0.00014500800794886888, 'alpha_2': 5.752821442301191e-05, 'beta_0': 0.16775115645278416, 'beta_1': 1.055336959615126, 'beta_2': 0.36950212754325984, 'beta_3': 0.001374610442525067, 'beta_4': 0.5072315802071293, 'beta_5': 38.56378842041445, 'beta_6': 0.038144767273973555, 'beta_7': 0.023978081324704074}. Best is trial 27 with value: 2463.90954018953.
[I 2026-03-31 17:24:36,967] Trial 66 finished with value: 2541.330524194189 and parameters: {'alpha_0': 0.0018922932139439478, 'alpha_1': 0.00012002138281124213, 'alpha_2': 6.459303033855514e-05, 'beta_0': 0.052683761844453565, 'beta_1': 1.1499351068473023, 'beta_2': 0.4010596387742919, 'beta_3': 0.0019993859013221235, 'beta_4': 0.6039776339977583, 'beta_5': 77.86115655708836, 'beta_6': 0.016984079515140072, 'beta_7': 0.02903992246739314}. Best is trial 27 with value: 2463.90954018953.
