[I 2026-03-31 17:36:24,980] Trial 526 finished with value: 2689.8006865006787 and parameters: {'alpha_0': 0.0009356392585988699, 'alpha_1': 5.506729143424898e-05, 'alpha_2': 6.677728986678008e-05, 'beta_0': 0.3171038961634512, 'beta_1': 1.0995040397226181, 'beta_2': 0.47770169876882457, 'beta_3': 0.001744025520750523, 'beta_4': 0.7631947108768642, 'beta_5': 67.47817580870257, 'beta_6': 0.026932410900836114, 'beta_7': 0.03348506364085243}. Best is trial 493 with value: 2345.693614299724.Best trial: 493. Best value: 2345.69:  53%|█████▎    | 526/1000 [14:34<10:20,  1.31s/it]Best trial: 493. Best value: 2345.69:  53%|█████▎    | 526/1000 [14:34<10:20,  1.31s/it]Best trial: 493. Best value: 2345.69:  53%|█████▎    | 527/1000 [14:34<10:15,  1.30s/it]                                                                                        Best trial: 493. Best value: 2345.69:  53%|█████▎    | 527/1000 [14:35<10:15,  1.30s/it]Best trial: 493. Best value: 2345.69:  53%|█████▎    | 527/1000 [14:35<10:15,  1.30s/it]Best trial: 493. Best value: 2345.69:  53%|█████▎    | 528/1000 [14:35<10:03,  1.28s/it]                                                                                        Best trial: 493. Best value: 2345.69:  53%|█████▎    | 528/1000 [14:37<10:03,  1.28s/it]Best trial: 493. Best value: 2345.69:  53%|█████▎    | 528/1000 [14:37<10:03,  1.28s/it]Best trial: 493. Best value: 2345.69:  53%|█████▎    | 529/1000 [14:37<11:09,  1.42s/it]                                                                                        Best trial: 493. Best value: 2345.69:  53%|█████▎    | 529/1000 [14:38<11:09,  1.42s/it]Best trial: 493. Best value: 2345.69:  53%|█████▎    | 529/1000 [14:38<11:09,  1.42s/it]Best trial: 493. Best value: 2345.69:  53%|█████▎    | 530/1000 [14:38<10:38,  1.36s/it]                                                                                        Best trial: 493. Best value: 2345.69:  53%|█████▎    | 530/1000 [14:39<10:38,  1.36s/it]Best trial: 493. Best value: 2345.69:  53%|█████▎    | 530/1000 [14:39<10:38,  1.36s/it]Best trial: 493. Best value: 2345.69:  53%|█████▎    | 531/1000 [14:39<10:27,  1.34s/it]                                                                                        Best trial: 493. Best value: 2345.69:  53%|█████▎    | 531/1000 [14:41<10:27,  1.34s/it]Best trial: 493. Best value: 2345.69:  53%|█████▎    | 531/1000 [14:41<10:27,  1.34s/it]Best trial: 493. Best value: 2345.69:  53%|█████▎    | 532/1000 [14:41<10:17,  1.32s/it]                                                                                        Best trial: 493. Best value: 2345.69:  53%|█████▎    | 532/1000 [14:42<10:17,  1.32s/it]Best trial: 493. Best value: 2345.69:  53%|█████▎    | 532/1000 [14:42<10:17,  1.32s/it]Best trial: 493. Best value: 2345.69:  53%|█████▎    | 533/1000 [14:42<10:12,  1.31s/it]                                                                                        Best trial: 493. Best value: 2345.69:  53%|█████▎    | 533/1000 [14:43<10:12,  1.31s/it]Best trial: 493. Best value: 2345.69:  53%|█████▎    | 533/1000 [14:43<10:12,  1.31s/it]Best trial: 493. Best value: 2345.69:  53%|█████▎    | 534/1000 [14:43<10:01,  1.29s/it]                                                                                        Best trial: 493. Best value: 2345.69:  53%|█████▎    | 534/1000 [14:45<10:01,  1.29s/it]Best trial: 493. Best value: 2345.69:  53%|█████▎    | 534/1000 [14:45<10:01,  1.29s/it]Best trial: 493. Best value: 2345.69:  54%|█████▎    | 535/1000 [14:45<09:54,  1.28s/it]                                                                                        Best trial: 493. Best value: 2345.69:  54%|█████▎    | 535/1000 [14:46<09:54,  1.28s/it]Best trial: 493. Best value: 2345.69:  54%|█████▎    | 535/1000 [14:46<09:54,  1.28s/it]Best trial: 493. Best value: 2345.69:  54%|█████▎    | 536/1000 [14:46<09:46,  1.26s/it]                                                                                        Best trial: 493. Best value: 2345.69:  54%|█████▎    | 536/1000 [14:47<09:46,  1.26s/it]Best trial: 493. Best value: 2345.69:  54%|█████▎    | 536/1000 [14:47<09:46,  1.26s/it]Best trial: 493. Best value: 2345.69:  54%|█████▎    | 537/1000 [14:47<09:48,  1.27s/it]                                                                                        Best trial: 493. Best value: 2345.69:  54%|█████▎    | 537/1000 [14:48<09:48,  1.27s/it]Best trial: 493. Best value: 2345.69:  54%|█████▎    | 537/1000 [14:48<09:48,  1.27s/it]Best trial: 493. Best value: 2345.69:  54%|█████▍    | 538/1000 [14:48<09:47,  1.27s/it]                                                                                        Best trial: 493. Best value: 2345.69:  54%|█████▍    | 538/1000 [14:50<09:47,  1.27s/it]Best trial: 493. Best value: 2345.69:  54%|█████▍    | 538/1000 [14:50<09:47,  1.27s/it]Best trial: 493. Best value: 2345.69:  54%|█████▍    | 539/1000 [14:50<09:45,  1.27s/it]                                                                                        Best trial: 493. Best value: 2345.69:  54%|█████▍    | 539/1000 [14:51<09:45,  1.27s/it]Best trial: 493. Best value: 2345.69:  54%|█████▍    | 539/1000 [14:51<09:45,  1.27s/it]Best trial: 493. Best value: 2345.69:  54%|█████▍    | 540/1000 [14:51<09:38,  1.26s/it]                                                                                        Best trial: 493. Best value: 2345.69:  54%|█████▍    | 540/1000 [14:52<09:38,  1.26s/it]Best trial: 493. Best value: 2345.69:  54%|█████▍    | 540/1000 [14:52<09:38,  1.26s/it]Best trial: 493. Best value: 2345.69:  54%|█████▍    | 541/1000 [14:52<09:38,  1.26s/it]                                                                                        Best trial: 493. Best value: 2345.69:  54%|█████▍    | 541/1000 [14:53<09:38,  1.26s/it]Best trial: 493. Best value: 2345.69:  54%|█████▍    | 541/1000 [14:53<09:38,  1.26s/it]Best trial: 493. Best value: 2345.69:  54%|█████▍    | 542/1000 [14:53<09:40,  1.27s/it]                                                                                        Best trial: 493. Best value: 2345.69:  54%|█████▍    | 542/1000 [14:55<09:40,  1.27s/it]Best trial: 493. Best value: 2345.69:  54%|█████▍    | 542/1000 [14:55<09:40,  1.27s/it]Best trial: 493. Best value: 2345.69:  54%|█████▍    | 543/1000 [14:55<09:34,  1.26s/it]                                                                                        
[I 2026-03-31 17:36:26,205] Trial 527 finished with value: 2589.639990386874 and parameters: {'alpha_0': 0.0013319543797380897, 'alpha_1': 5.224460353969997e-05, 'alpha_2': 5.5306672951157285e-05, 'beta_0': 0.36163194960895556, 'beta_1': 1.030452890753747, 'beta_2': 0.19741950244073003, 'beta_3': 0.0016110132028173537, 'beta_4': 0.77578340897008, 'beta_5': 63.85349931497555, 'beta_6': 0.03333194439138669, 'beta_7': 0.032436805715720135}. Best is trial 493 with value: 2345.693614299724.
[I 2026-03-31 17:36:27,961] Trial 528 finished with value: 11664.098496347004 and parameters: {'alpha_0': 0.0008950550387856784, 'alpha_1': 5.7259565880099176e-05, 'alpha_2': 6.994670886620179e-05, 'beta_0': 0.34636457475561633, 'beta_1': 1.0737612921187052, 'beta_2': 0.3374185111552998, 'beta_3': 0.0007105590850463996, 'beta_4': 0.7396918145096888, 'beta_5': 60.81535973924342, 'beta_6': 0.03859638686883193, 'beta_7': 0.025606690774851962}. Best is trial 493 with value: 2345.693614299724.
[I 2026-03-31 17:36:29,173] Trial 529 finished with value: 2540.176710809894 and parameters: {'alpha_0': 0.0005437310762329214, 'alpha_1': 6.0733114585563236e-05, 'alpha_2': 6.35959546343999e-05, 'beta_0': 0.39465130104096197, 'beta_1': 0.9840265285409462, 'beta_2': 0.15838661811279967, 'beta_3': 0.0016712657386121178, 'beta_4': 0.8054252556456252, 'beta_5': 53.934125086054166, 'beta_6': 0.03005192310959498, 'beta_7': 0.03211144993085173}. Best is trial 493 with value: 2345.693614299724.
[I 2026-03-31 17:36:30,460] Trial 530 finished with value: 2736.992788537021 and parameters: {'alpha_0': 0.0007585160245295712, 'alpha_1': 5.4577563290724363e-05, 'alpha_2': 6.529915163625587e-05, 'beta_0': 0.2264012941949978, 'beta_1': 1.1060702095558645, 'beta_2': 0.13684733326381762, 'beta_3': 0.0017106548313459541, 'beta_4': 0.7467875684942075, 'beta_5': 70.17618248917772, 'beta_6': 0.02028713630755394, 'beta_7': 0.03296492182837745}. Best is trial 493 with value: 2345.693614299724.
[I 2026-03-31 17:36:31,735] Trial 531 finished with value: 2500.7856772283685 and parameters: {'alpha_0': 0.000968083554996619, 'alpha_1': 5.17149062752227e-05, 'alpha_2': 6.843291700475139e-05, 'beta_0': 0.3712056991196901, 'beta_1': 1.046932444432432, 'beta_2': 0.3132157836337824, 'beta_3': 0.0015489161348875592, 'beta_4': 0.7709516797888472, 'beta_5': 75.07165566435614, 'beta_6': 0.04121391166404305, 'beta_7': 0.03122481896335973}. Best is trial 493 with value: 2345.693614299724.
[I 2026-03-31 17:36:33,033] Trial 532 finished with value: 2415.853563148738 and parameters: {'alpha_0': 0.0010145503024853396, 'alpha_1': 5.767937858930091e-05, 'alpha_2': 6.203517398028836e-05, 'beta_0': 0.25802602616307097, 'beta_1': 1.348722612946399, 'beta_2': 0.1471609403414046, 'beta_3': 0.001491789817449695, 'beta_4': 0.9239828756584885, 'beta_5': 77.73044123866667, 'beta_6': 0.035493487467889884, 'beta_7': 0.03020057127297034}. Best is trial 493 with value: 2345.693614299724.
[I 2026-03-31 17:36:34,273] Trial 533 finished with value: 2478.8999110899936 and parameters: {'alpha_0': 0.0006312020990897657, 'alpha_1': 5.3680852787828195e-05, 'alpha_2': 5.1882473376103746e-05, 'beta_0': 0.3073779403532665, 'beta_1': 1.1237999286362228, 'beta_2': 0.5067873797181268, 'beta_3': 0.0016193143458923804, 'beta_4': 0.7886607954463912, 'beta_5': 56.16057285453028, 'beta_6': 0.04331298649401023, 'beta_7': 0.031708636775208285}. Best is trial 493 with value: 2345.693614299724.
[I 2026-03-31 17:36:35,519] Trial 534 finished with value: 2645.8526673099695 and parameters: {'alpha_0': 0.0008131477810468267, 'alpha_1': 5.567966806227223e-05, 'alpha_2': 6.709449688644717e-05, 'beta_0': 0.35429153259844076, 'beta_1': 1.3345028377423969, 'beta_2': 0.12519822982795567, 'beta_3': 0.0017567711636975246, 'beta_4': 0.8031862059905386, 'beta_5': 19.43256068314674, 'beta_6': 0.03220135577629558, 'beta_7': 0.03494297826239301}. Best is trial 493 with value: 2345.693614299724.
[I 2026-03-31 17:36:36,750] Trial 535 finished with value: 2489.519720291304 and parameters: {'alpha_0': 0.0008661569798412642, 'alpha_1': 5.941088367999128e-05, 'alpha_2': 4.942323365155239e-05, 'beta_0': 0.32779136199242437, 'beta_1': 1.1570718966962168, 'beta_2': 0.18053922205004275, 'beta_3': 0.0007419245117295139, 'beta_4': 0.7563788944124163, 'beta_5': 65.46750468294191, 'beta_6': 0.03718953306578544, 'beta_7': 0.032419926917694186}. Best is trial 493 with value: 2345.693614299724.
[I 2026-03-31 17:36:38,039] Trial 536 finished with value: 2641.6633946872707 and parameters: {'alpha_0': 0.0009323508971830234, 'alpha_1': 5.182446605866204e-05, 'alpha_2': 6.445098137745626e-05, 'beta_0': 0.33570636109040886, 'beta_1': 1.0880851770919793, 'beta_2': 0.1711318642347765, 'beta_3': 0.0017888390583833751, 'beta_4': 0.688929016406059, 'beta_5': 51.261981258363875, 'beta_6': 0.028993065814127594, 'beta_7': 0.03376839543718265}. Best is trial 493 with value: 2345.693614299724.
[I 2026-03-31 17:36:39,313] Trial 537 finished with value: 2526.7878994055927 and parameters: {'alpha_0': 0.0009760428422279791, 'alpha_1': 5.5633063032421826e-05, 'alpha_2': 5.985441617954329e-05, 'beta_0': 0.2751384036163974, 'beta_1': 1.3991396618351473, 'beta_2': 0.2639896274094605, 'beta_3': 0.001639666249514598, 'beta_4': 0.7703828460701206, 'beta_5': 59.00467729111144, 'beta_6': 0.03442069183688938, 'beta_7': 0.03080826792635829}. Best is trial 493 with value: 2345.693614299724.
[I 2026-03-31 17:36:40,580] Trial 538 finished with value: 2534.322634958448 and parameters: {'alpha_0': 0.0010474220247739378, 'alpha_1': 6.215134397492711e-05, 'alpha_2': 6.975563768302714e-05, 'beta_0': 0.318707631028156, 'beta_1': 1.3782901722127043, 'beta_2': 0.130741941690789, 'beta_3': 0.0018628194525711385, 'beta_4': 0.7884615902119355, 'beta_5': 62.11981547811364, 'beta_6': 0.03967112442971445, 'beta_7': 0.031806292479951294}. Best is trial 493 with value: 2345.693614299724.
[I 2026-03-31 17:36:41,810] Trial 539 finished with value: 2540.0504576533494 and parameters: {'alpha_0': 0.0008881165154380397, 'alpha_1': 5.817010011738681e-05, 'alpha_2': 7.2275355331283e-05, 'beta_0': 0.37999612915330566, 'beta_1': 1.0674377453918538, 'beta_2': 0.15008764244603562, 'beta_3': 0.0007984860679599925, 'beta_4': 0.7272483227343882, 'beta_5': 57.75308590863963, 'beta_6': 0.04483697345695177, 'beta_7': 0.03293144067435327}. Best is trial 493 with value: 2345.693614299724.
[I 2026-03-31 17:36:43,072] Trial 540 finished with value: 2533.833433619432 and parameters: {'alpha_0': 0.0008389628579700947, 'alpha_1': 5.3716806171889945e-05, 'alpha_2': 9.754538279468637e-05, 'beta_0': 0.34430423325892906, 'beta_1': 1.0565767494741638, 'beta_2': 0.11734451422507595, 'beta_3': 0.0016918153997264717, 'beta_4': 0.8159804276468563, 'beta_5': 61.320959750456716, 'beta_6': 0.030808245822581844, 'beta_7': 0.03222022288057553}. Best is trial 493 with value: 2345.693614299724.
[I 2026-03-31 17:36:44,358] Trial 541 finished with value: 2552.580418042133 and parameters: {'alpha_0': 0.0009253673080488322, 'alpha_1': 0.00010328115233358863, 'alpha_2': 6.27059274395206e-05, 'beta_0': 0.35290207924968336, 'beta_1': 1.0946879508262932, 'beta_2': 0.1406933939220395, 'beta_3': 0.0017366038695507554, 'beta_4': 0.7460962395488313, 'beta_5': 43.082687762444486, 'beta_6': 0.027190559138986062, 'beta_7': 0.03136749282022309}. Best is trial 493 with value: 2345.693614299724.
[I 2026-03-31 17:36:45,593] Trial 542 finished with value: 2558.464714678322 and parameters: {'alpha_0': 0.0009855062265203226, 'alpha_1': 6.079556790586331e-05, 'alpha_2': 6.518941755215827e-05, 'beta_0': 0.2907622168594429, 'beta_1': 1.0207305603019838, 'beta_2': 0.16141505541665496, 'beta_3': 0.0006642530793412001, 'beta_4': 0.7792604590817743, 'beta_5': 64.10285544907087, 'beta_6': 0.033928633044696205, 'beta_7': 0.03333738309083067}. Best is trial 493 with value: 2345.693614299724.
[I 2026-03-31 17:36:46,906] Trial 543 finished with value: 2591.390226173952 and parameters: {'alpha_0': 0.0010177964872358938, 'alpha_1': 5.698723029115522e-05, 'alpha_2': 6.745424238993157e-05, 'beta_0': 0.32554818400223984, 'beta_1': 1.082205946351528, 'beta_2': 0.3640078217370971, 'beta_3': 0.0004109047584143486, 'beta_4': 0.7998015314719109, 'beta_5': 49.141862869086296, 'beta_6': 0.01792326057034333, 'beta_7': 0.030637253140670236}. Best is trial 493 with value: 2345.693614299724.Best trial: 493. Best value: 2345.69:  54%|█████▍    | 543/1000 [14:56<09:34,  1.26s/it]Best trial: 493. Best value: 2345.69:  54%|█████▍    | 543/1000 [14:56<09:34,  1.26s/it]Best trial: 493. Best value: 2345.69:  54%|█████▍    | 544/1000 [14:56<09:41,  1.27s/it]                                                                                        Best trial: 493. Best value: 2345.69:  54%|█████▍    | 544/1000 [14:57<09:41,  1.27s/it]Best trial: 493. Best value: 2345.69:  54%|█████▍    | 544/1000 [14:57<09:41,  1.27s/it]Best trial: 493. Best value: 2345.69:  55%|█████▍    | 545/1000 [14:57<09:39,  1.27s/it]                                                                                        Best trial: 493. Best value: 2345.69:  55%|█████▍    | 545/1000 [14:58<09:39,  1.27s/it]Best trial: 493. Best value: 2345.69:  55%|█████▍    | 545/1000 [14:58<09:39,  1.27s/it]Best trial: 493. Best value: 2345.69:  55%|█████▍    | 546/1000 [14:58<09:35,  1.27s/it]                                                                                        Best trial: 493. Best value: 2345.69:  55%|█████▍    | 546/1000 [15:00<09:35,  1.27s/it]Best trial: 493. Best value: 2345.69:  55%|█████▍    | 546/1000 [15:00<09:35,  1.27s/it]Best trial: 493. Best value: 2345.69:  55%|█████▍    | 547/1000 [15:00<09:35,  1.27s/it]                                                                                        Best trial: 493. Best value: 2345.69:  55%|█████▍    | 547/1000 [15:01<09:35,  1.27s/it]Best trial: 493. Best value: 2345.69:  55%|█████▍    | 547/1000 [15:01<09:35,  1.27s/it]Best trial: 493. Best value: 2345.69:  55%|█████▍    | 548/1000 [15:01<09:33,  1.27s/it]                                                                                        Best trial: 493. Best value: 2345.69:  55%|█████▍    | 548/1000 [15:02<09:33,  1.27s/it]Best trial: 493. Best value: 2345.69:  55%|█████▍    | 548/1000 [15:02<09:33,  1.27s/it]Best trial: 493. Best value: 2345.69:  55%|█████▍    | 549/1000 [15:02<09:28,  1.26s/it]                                                                                        Best trial: 493. Best value: 2345.69:  55%|█████▍    | 549/1000 [15:03<09:28,  1.26s/it]Best trial: 493. Best value: 2345.69:  55%|█████▍    | 549/1000 [15:03<09:28,  1.26s/it]Best trial: 493. Best value: 2345.69:  55%|█████▌    | 550/1000 [15:03<09:25,  1.26s/it]                                                                                        Best trial: 493. Best value: 2345.69:  55%|█████▌    | 550/1000 [15:13<09:25,  1.26s/it]Best trial: 493. Best value: 2345.69:  55%|█████▌    | 550/1000 [15:13<09:25,  1.26s/it]Best trial: 493. Best value: 2345.69:  55%|█████▌    | 551/1000 [15:13<27:13,  3.64s/it]                                                                                        Best trial: 493. Best value: 2345.69:  55%|█████▌    | 551/1000 [15:14<27:13,  3.64s/it]Best trial: 493. Best value: 2345.69:  55%|█████▌    | 551/1000 [15:14<27:13,  3.64s/it]Best trial: 493. Best value: 2345.69:  55%|█████▌    | 552/1000 [15:14<21:53,  2.93s/it]                                                                                        Best trial: 493. Best value: 2345.69:  55%|█████▌    | 552/1000 [15:15<21:53,  2.93s/it]Best trial: 493. Best value: 2345.69:  55%|█████▌    | 552/1000 [15:15<21:53,  2.93s/it]Best trial: 493. Best value: 2345.69:  55%|█████▌    | 553/1000 [15:15<18:11,  2.44s/it]                                                                                        Best trial: 493. Best value: 2345.69:  55%|█████▌    | 553/1000 [15:17<18:11,  2.44s/it]Best trial: 493. Best value: 2345.69:  55%|█████▌    | 553/1000 [15:17<18:11,  2.44s/it]Best trial: 493. Best value: 2345.69:  55%|█████▌    | 554/1000 [15:17<15:33,  2.09s/it]                                                                                        Best trial: 493. Best value: 2345.69:  55%|█████▌    | 554/1000 [15:18<15:33,  2.09s/it]Best trial: 493. Best value: 2345.69:  55%|█████▌    | 554/1000 [15:18<15:33,  2.09s/it]Best trial: 493. Best value: 2345.69:  56%|█████▌    | 555/1000 [15:18<13:45,  1.86s/it]                                                                                        Best trial: 493. Best value: 2345.69:  56%|█████▌    | 555/1000 [15:19<13:45,  1.86s/it]Best trial: 493. Best value: 2345.69:  56%|█████▌    | 555/1000 [15:19<13:45,  1.86s/it]Best trial: 493. Best value: 2345.69:  56%|█████▌    | 556/1000 [15:19<12:25,  1.68s/it]                                                                                        Best trial: 493. Best value: 2345.69:  56%|█████▌    | 556/1000 [15:20<12:25,  1.68s/it]Best trial: 493. Best value: 2345.69:  56%|█████▌    | 556/1000 [15:20<12:25,  1.68s/it]Best trial: 493. Best value: 2345.69:  56%|█████▌    | 557/1000 [15:20<11:33,  1.56s/it]                                                                                        Best trial: 493. Best value: 2345.69:  56%|█████▌    | 557/1000 [15:22<11:33,  1.56s/it]Best trial: 493. Best value: 2345.69:  56%|█████▌    | 557/1000 [15:22<11:33,  1.56s/it]Best trial: 493. Best value: 2345.69:  56%|█████▌    | 558/1000 [15:22<10:52,  1.48s/it]                                                                                        Best trial: 493. Best value: 2345.69:  56%|█████▌    | 558/1000 [15:23<10:52,  1.48s/it]Best trial: 493. Best value: 2345.69:  56%|█████▌    | 558/1000 [15:23<10:52,  1.48s/it]Best trial: 493. Best value: 2345.69:  56%|█████▌    | 559/1000 [15:23<10:20,  1.41s/it]                                                                                        Best trial: 493. Best value: 2345.69:  56%|█████▌    | 559/1000 [15:24<10:20,  1.41s/it]Best trial: 493. Best value: 2345.69:  56%|█████▌    | 559/1000 [15:24<10:20,  1.41s/it]Best trial: 493. Best value: 2345.69:  56%|█████▌    | 560/1000 [15:24<10:03,  1.37s/it]                                                                                        
[I 2026-03-31 17:36:48,176] Trial 544 finished with value: 3361.4930749990017 and parameters: {'alpha_0': 0.0009101289452276828, 'alpha_1': 0.00011035183885180379, 'alpha_2': 6.081703644391391e-05, 'beta_0': 0.23430171745102546, 'beta_1': 1.040883046070244, 'beta_2': 0.13670515000886357, 'beta_3': 0.0017861937018750947, 'beta_4': 0.763091231172595, 'beta_5': 83.94583685775052, 'beta_6': 0.03625593462265911, 'beta_7': 0.0324964066592187}. Best is trial 493 with value: 2345.693614299724.
[I 2026-03-31 17:36:49,428] Trial 545 finished with value: 2408.5301071858203 and parameters: {'alpha_0': 0.0007896852799928871, 'alpha_1': 5.350005263740977e-05, 'alpha_2': 6.372953337963869e-05, 'beta_0': 0.31070090969620506, 'beta_1': 1.0005028759428505, 'beta_2': 0.10958884215791803, 'beta_3': 0.0016684281154040494, 'beta_4': 1.0513421425388199, 'beta_5': 67.62118302849909, 'beta_6': 0.041798765851990334, 'beta_7': 0.031816035703411384}. Best is trial 493 with value: 2345.693614299724.
