[I 2026-03-31 17:25:14,012] Trial 87 finished with value: 5441.941523500536 and parameters: {'alpha_0': 0.0012743427579479964, 'alpha_1': 7.209751089045551e-05, 'alpha_2': 4.290018677215462e-05, 'beta_0': 0.12426541813719968, 'beta_1': 1.023763445047592, 'beta_2': 0.34909564588272973, 'beta_3': 0.0019502991441532303, 'beta_4': 0.5407544165811015, 'beta_5': 61.695558875839026, 'beta_6': 0.06561460063411065, 'beta_7': 0.026611570434973506}. Best is trial 27 with value: 2463.90954018953.
[I 2026-03-31 17:25:15,306] Trial 88 finished with value: 2710.6990074930527 and parameters: {'alpha_0': 0.0016621960001039257, 'alpha_1': 5.996918336547082e-05, 'alpha_2': 4.0746239281941875e-05, 'beta_0': 0.298306189974117, 'beta_1': 1.4752063100256334, 'beta_2': 0.37980363720889454, 'beta_3': 0.0019042981121964921, 'beta_4': 0.6194200333641089, 'beta_5': 42.054863126528616, 'beta_6': 0.05944799520069518, 'beta_7': 0.03364864666519265}. Best is trial 27 with value: 2463.90954018953.
[I 2026-03-31 17:25:16,541] Trial 89 finished with value: 2480.9617250673164 and parameters: {'alpha_0': 0.000570595142550528, 'alpha_1': 5.033486934558465e-05, 'alpha_2': 6.699015326697467e-05, 'beta_0': 0.22094956789899117, 'beta_1': 1.1347741358865093, 'beta_2': 0.39600428902487883, 'beta_3': 0.0017856384816566026, 'beta_4': 0.8495809962030051, 'beta_5': 57.728569032058346, 'beta_6': 0.05434181359302992, 'beta_7': 0.03158809748749162}. Best is trial 27 with value: 2463.90954018953.
[I 2026-03-31 17:25:17,793] Trial 90 finished with value: 2471.9649339762523 and parameters: {'alpha_0': 0.0007287746099748276, 'alpha_1': 5.546938691181607e-05, 'alpha_2': 6.759472616800235e-05, 'beta_0': 0.21468509736033042, 'beta_1': 1.1383940041580236, 'beta_2': 0.1258591625842947, 'beta_3': 0.001764968902409533, 'beta_4': 0.8643856218740108, 'beta_5': 58.10263685408105, 'beta_6': 0.04643825001761487, 'beta_7': 0.031654329956661245}. Best is trial 27 with value: 2463.90954018953.
[I 2026-03-31 17:25:19,066] Trial 91 finished with value: 2476.0552741661545 and parameters: {'alpha_0': 0.0005846873554931544, 'alpha_1': 5.109569345476363e-05, 'alpha_2': 6.963808130250131e-05, 'beta_0': 0.25890973987791943, 'beta_1': 1.1976517601514816, 'beta_2': 0.22245570340520043, 'beta_3': 0.0018077914745766959, 'beta_4': 0.8407333604742374, 'beta_5': 58.80336891588767, 'beta_6': 0.05225151733685102, 'beta_7': 0.03157691136473652}. Best is trial 27 with value: 2463.90954018953.
[I 2026-03-31 17:25:20,298] Trial 92 finished with value: 2529.1660306423 and parameters: {'alpha_0': 0.0005448256360167024, 'alpha_1': 5.1516540318397276e-05, 'alpha_2': 7.157381260871017e-05, 'beta_0': 0.21994212038723335, 'beta_1': 1.2147162232200837, 'beta_2': 0.13913749094033126, 'beta_3': 0.0017896912446031632, 'beta_4': 0.8247767629783549, 'beta_5': 57.909755186880645, 'beta_6': 0.04612057501666369, 'beta_7': 0.031920132695425686}. Best is trial 27 with value: 2463.90954018953.
[I 2026-03-31 17:25:21,523] Trial 93 finished with value: 2541.3069370644434 and parameters: {'alpha_0': 0.0005074150182953208, 'alpha_1': 5.0461352152168086e-05, 'alpha_2': 7.087306809975523e-05, 'beta_0': 0.22251927305335856, 'beta_1': 1.2032146999478326, 'beta_2': 0.12002488739345443, 'beta_3': 0.0017117043468731223, 'beta_4': 0.857743408493143, 'beta_5': 64.80902944638356, 'beta_6': 0.05422707383362366, 'beta_7': 0.03201579860784099}. Best is trial 27 with value: 2463.90954018953.
[I 2026-03-31 17:25:30,834] Trial 94 finished with value: 8157.056180995789 and parameters: {'alpha_0': 0.0006941934809205497, 'alpha_1': 5.244627553150193e-05, 'alpha_2': 7.213380158851317e-05, 'beta_0': 0.26422726948705094, 'beta_1': 1.2717982013538618, 'beta_2': 0.13897677625053487, 'beta_3': 0.0017987436260632167, 'beta_4': 0.8188682334795553, 'beta_5': 54.72729782838499, 'beta_6': 0.045953122274235716, 'beta_7': 0.017810659033181374}. Best is trial 27 with value: 2463.90954018953.
[I 2026-03-31 17:25:32,066] Trial 95 finished with value: 2676.381979712989 and parameters: {'alpha_0': 0.0005103001805719338, 'alpha_1': 5.281819523706315e-05, 'alpha_2': 6.699976707979076e-05, 'beta_0': 0.25091234094442894, 'beta_1': 1.1677950581586642, 'beta_2': 0.20705246138521022, 'beta_3': 0.00175838849836736, 'beta_4': 0.8455110872510193, 'beta_5': 57.82657165370964, 'beta_6': 0.049188483429615314, 'beta_7': 0.03484180854296792}. Best is trial 27 with value: 2463.90954018953.
[I 2026-03-31 17:25:33,351] Trial 96 finished with value: 2701.516728613572 and parameters: {'alpha_0': 0.0006664968591137268, 'alpha_1': 6.356376615075293e-05, 'alpha_2': 6.72006586282534e-05, 'beta_0': 0.20654570289217172, 'beta_1': 1.233656134780697, 'beta_2': 0.16218805373388687, 'beta_3': 0.001832178949228712, 'beta_4': 0.9145526710393885, 'beta_5': 61.21365804653222, 'beta_6': 0.04232670281288272, 'beta_7': 0.03366719688347237}. Best is trial 27 with value: 2463.90954018953.
[I 2026-03-31 17:25:34,609] Trial 97 finished with value: 2520.6004138101157 and parameters: {'alpha_0': 0.0005863717085513759, 'alpha_1': 5.7145007989642594e-05, 'alpha_2': 7.710870750728771e-05, 'beta_0': 0.22414532786428484, 'beta_1': 1.182483932541087, 'beta_2': 0.10341775515073093, 'beta_3': 0.0017091734235112916, 'beta_4': 0.8857989551546139, 'beta_5': 58.21198923535288, 'beta_6': 0.05307870117234509, 'beta_7': 0.031916561664489224}. Best is trial 27 with value: 2463.90954018953.
[I 2026-03-31 17:25:35,794] Trial 98 finished with value: 2771.5409609654407 and parameters: {'alpha_0': 0.0008029786065507354, 'alpha_1': 5.6339172086592294e-05, 'alpha_2': 7.738875716299568e-05, 'beta_0': 0.29033543975000076, 'beta_1': 1.185948915103654, 'beta_2': 0.10465209031658843, 'beta_3': 0.0016942475349556107, 'beta_4': 0.9487178595371504, 'beta_5': 54.80689201754238, 'beta_6': 0.05269332469725677, 'beta_7': 0.03612543957915949}. Best is trial 27 with value: 2463.90954018953.
[I 2026-03-31 17:25:37,067] Trial 99 finished with value: 2702.243845255757 and parameters: {'alpha_0': 0.0005867894791292872, 'alpha_1': 7.617602716644872e-05, 'alpha_2': 8.344790283076043e-05, 'beta_0': 0.23768246673133753, 'beta_1': 1.1687765519276894, 'beta_2': 0.21673788685066298, 'beta_3': 0.0018580475541137545, 'beta_4': 0.8744695729073676, 'beta_5': 65.19525241835208, 'beta_6': 0.03983284859485532, 'beta_7': 0.03275460345306491}. Best is trial 27 with value: 2463.90954018953.
[I 2026-03-31 17:25:38,347] Trial 100 finished with value: 2668.281223052044 and parameters: {'alpha_0': 0.0007428026990205225, 'alpha_1': 8.415300274567225e-05, 'alpha_2': 6.185874697047639e-05, 'beta_0': 0.2109178403114942, 'beta_1': 1.1380832534728211, 'beta_2': 0.11596871970033282, 'beta_3': 0.001630110726561968, 'beta_4': 0.8909039383058692, 'beta_5': 59.882786449805735, 'beta_6': 0.03588036636116257, 'beta_7': 0.033875940154520064}. Best is trial 27 with value: 2463.90954018953.
[I 2026-03-31 17:25:39,576] Trial 101 finished with value: 2494.0368076687073 and parameters: {'alpha_0': 0.0005953605607539375, 'alpha_1': 5.012203449921833e-05, 'alpha_2': 7.352997303305741e-05, 'beta_0': 0.22882689031113035, 'beta_1': 1.198939753251391, 'beta_2': 0.13964838601697674, 'beta_3': 0.0017830414368324027, 'beta_4': 0.8108247079682285, 'beta_5': 57.02222675453394, 'beta_6': 0.054851632797253254, 'beta_7': 0.03151423542446995}. Best is trial 27 with value: 2463.90954018953.Best trial: 27. Best value: 2463.91:  10%|█         | 101/1000 [03:49<23:06,  1.54s/it]Best trial: 27. Best value: 2463.91:  10%|█         | 101/1000 [03:49<23:06,  1.54s/it]Best trial: 27. Best value: 2463.91:  10%|█         | 102/1000 [03:49<21:40,  1.45s/it]                                                                                       Best trial: 27. Best value: 2463.91:  10%|█         | 102/1000 [03:50<21:40,  1.45s/it]Best trial: 27. Best value: 2463.91:  10%|█         | 102/1000 [03:50<21:40,  1.45s/it]Best trial: 27. Best value: 2463.91:  10%|█         | 103/1000 [03:50<21:11,  1.42s/it]                                                                                       Best trial: 27. Best value: 2463.91:  10%|█         | 103/1000 [03:51<21:11,  1.42s/it]Best trial: 103. Best value: 2439.29:  10%|█         | 103/1000 [03:51<21:11,  1.42s/it]Best trial: 103. Best value: 2439.29:  10%|█         | 104/1000 [03:51<20:29,  1.37s/it]                                                                                        Best trial: 103. Best value: 2439.29:  10%|█         | 104/1000 [03:52<20:29,  1.37s/it]Best trial: 103. Best value: 2439.29:  10%|█         | 104/1000 [03:52<20:29,  1.37s/it]Best trial: 103. Best value: 2439.29:  10%|█         | 105/1000 [03:52<19:49,  1.33s/it]                                                                                        Best trial: 103. Best value: 2439.29:  10%|█         | 105/1000 [03:54<19:49,  1.33s/it]Best trial: 103. Best value: 2439.29:  10%|█         | 105/1000 [03:54<19:49,  1.33s/it]Best trial: 103. Best value: 2439.29:  11%|█         | 106/1000 [03:54<19:27,  1.31s/it]                                                                                        Best trial: 103. Best value: 2439.29:  11%|█         | 106/1000 [03:55<19:27,  1.31s/it]Best trial: 106. Best value: 2400.91:  11%|█         | 106/1000 [03:55<19:27,  1.31s/it]Best trial: 106. Best value: 2400.91:  11%|█         | 107/1000 [03:55<19:11,  1.29s/it]                                                                                        Best trial: 106. Best value: 2400.91:  11%|█         | 107/1000 [03:56<19:11,  1.29s/it]Best trial: 106. Best value: 2400.91:  11%|█         | 107/1000 [03:56<19:11,  1.29s/it]Best trial: 106. Best value: 2400.91:  11%|█         | 108/1000 [03:56<19:09,  1.29s/it]                                                                                        Best trial: 106. Best value: 2400.91:  11%|█         | 108/1000 [03:58<19:09,  1.29s/it]Best trial: 106. Best value: 2400.91:  11%|█         | 108/1000 [03:58<19:09,  1.29s/it]Best trial: 106. Best value: 2400.91:  11%|█         | 109/1000 [03:58<19:58,  1.35s/it]                                                                                        Best trial: 106. Best value: 2400.91:  11%|█         | 109/1000 [03:59<19:58,  1.35s/it]Best trial: 106. Best value: 2400.91:  11%|█         | 109/1000 [03:59<19:58,  1.35s/it]Best trial: 106. Best value: 2400.91:  11%|█         | 110/1000 [03:59<19:33,  1.32s/it]                                                                                        Best trial: 106. Best value: 2400.91:  11%|█         | 110/1000 [04:00<19:33,  1.32s/it]Best trial: 106. Best value: 2400.91:  11%|█         | 110/1000 [04:00<19:33,  1.32s/it]Best trial: 106. Best value: 2400.91:  11%|█         | 111/1000 [04:00<20:06,  1.36s/it]                                                                                        Best trial: 106. Best value: 2400.91:  11%|█         | 111/1000 [04:02<20:06,  1.36s/it]Best trial: 106. Best value: 2400.91:  11%|█         | 111/1000 [04:02<20:06,  1.36s/it]Best trial: 106. Best value: 2400.91:  11%|█         | 112/1000 [04:02<19:37,  1.33s/it]                                                                                        Best trial: 106. Best value: 2400.91:  11%|█         | 112/1000 [04:03<19:37,  1.33s/it]Best trial: 106. Best value: 2400.91:  11%|█         | 112/1000 [04:03<19:37,  1.33s/it]Best trial: 106. Best value: 2400.91:  11%|█▏        | 113/1000 [04:03<19:16,  1.30s/it]                                                                                        Best trial: 106. Best value: 2400.91:  11%|█▏        | 113/1000 [04:04<19:16,  1.30s/it]Best trial: 106. Best value: 2400.91:  11%|█▏        | 113/1000 [04:04<19:16,  1.30s/it]Best trial: 106. Best value: 2400.91:  11%|█▏        | 114/1000 [04:04<19:19,  1.31s/it]                                                                                        Best trial: 106. Best value: 2400.91:  11%|█▏        | 114/1000 [04:05<19:19,  1.31s/it]Best trial: 106. Best value: 2400.91:  11%|█▏        | 114/1000 [04:05<19:19,  1.31s/it]Best trial: 106. Best value: 2400.91:  12%|█▏        | 115/1000 [04:05<19:09,  1.30s/it]                                                                                        Best trial: 106. Best value: 2400.91:  12%|█▏        | 115/1000 [04:07<19:09,  1.30s/it]Best trial: 115. Best value: 2383.83:  12%|█▏        | 115/1000 [04:07<19:09,  1.30s/it]Best trial: 115. Best value: 2383.83:  12%|█▏        | 116/1000 [04:07<18:58,  1.29s/it]                                                                                        Best trial: 115. Best value: 2383.83:  12%|█▏        | 116/1000 [04:08<18:58,  1.29s/it]Best trial: 115. Best value: 2383.83:  12%|█▏        | 116/1000 [04:08<18:58,  1.29s/it]Best trial: 115. Best value: 2383.83:  12%|█▏        | 117/1000 [04:08<18:45,  1.27s/it]                                                                                        Best trial: 115. Best value: 2383.83:  12%|█▏        | 117/1000 [04:09<18:45,  1.27s/it]Best trial: 115. Best value: 2383.83:  12%|█▏        | 117/1000 [04:09<18:45,  1.27s/it]Best trial: 115. Best value: 2383.83:  12%|█▏        | 118/1000 [04:09<18:40,  1.27s/it]                                                                                        
[I 2026-03-31 17:25:40,921] Trial 102 finished with value: 2546.6744782597307 and parameters: {'alpha_0': 0.000845877976952613, 'alpha_1': 5.8127709398509046e-05, 'alpha_2': 7.426024079244474e-05, 'beta_0': 0.2508277865871975, 'beta_1': 1.2513487618005141, 'beta_2': 0.1608787077037851, 'beta_3': 0.001696955817814316, 'beta_4': 0.8064030789435082, 'beta_5': 59.31354572919767, 'beta_6': 0.054102839665596286, 'beta_7': 0.029789019673197345}. Best is trial 27 with value: 2463.90954018953.
[I 2026-03-31 17:25:42,188] Trial 103 finished with value: 2439.2938315848983 and parameters: {'alpha_0': 0.0006042819915675466, 'alpha_1': 5.0122456586407035e-05, 'alpha_2': 8.170876039502457e-05, 'beta_0': 0.27740577929873544, 'beta_1': 1.1909206500436824, 'beta_2': 0.1281680534077749, 'beta_3': 0.0018218398614477432, 'beta_4': 0.7862671491510914, 'beta_5': 56.91797583896508, 'beta_6': 0.06054543814707034, 'beta_7': 0.03168605295702059}. Best is trial 103 with value: 2439.2938315848983.
[I 2026-03-31 17:25:43,418] Trial 104 finished with value: 2484.624133048267 and parameters: {'alpha_0': 0.0006125923924248578, 'alpha_1': 5.063718074408023e-05, 'alpha_2': 8.125777930089607e-05, 'beta_0': 0.2708806820382962, 'beta_1': 1.1923865848519921, 'beta_2': 0.12012324591448169, 'beta_3': 0.001723694666730179, 'beta_4': 0.7738993256194302, 'beta_5': 56.47724015651988, 'beta_6': 0.049343543196638105, 'beta_7': 0.031554663522588615}. Best is trial 103 with value: 2439.2938315848983.
[I 2026-03-31 17:25:44,669] Trial 105 finished with value: 2578.4884021094936 and parameters: {'alpha_0': 0.000595916825727862, 'alpha_1': 5.3356204540973184e-05, 'alpha_2': 6.932538113653714e-05, 'beta_0': 0.27089620223483024, 'beta_1': 1.195785753366249, 'beta_2': 0.14324501378193133, 'beta_3': 0.0015822093929704004, 'beta_4': 0.7986206555969115, 'beta_5': 62.91593816463805, 'beta_6': 0.05607199540015968, 'beta_7': 0.03242823326831254}. Best is trial 103 with value: 2439.2938315848983.
[I 2026-03-31 17:25:45,919] Trial 106 finished with value: 2400.9134142270295 and parameters: {'alpha_0': 0.0005967522419027763, 'alpha_1': 5.4088615200333846e-05, 'alpha_2': 8.151145353362869e-05, 'beta_0': 0.2326001455891219, 'beta_1': 1.2739841207183202, 'beta_2': 0.128170089587707, 'beta_3': 0.0017693297525022103, 'beta_4': 0.759968154673448, 'beta_5': 67.25386749200904, 'beta_6': 0.04374729827793895, 'beta_7': 0.031773325117230064}. Best is trial 106 with value: 2400.9134142270295.
[I 2026-03-31 17:25:47,207] Trial 107 finished with value: 2680.9077368135177 and parameters: {'alpha_0': 0.0006373892660655267, 'alpha_1': 5.07198566615257e-05, 'alpha_2': 9.080946660911553e-05, 'beta_0': 0.27904684304676486, 'beta_1': 1.2320359341525438, 'beta_2': 0.1828241421033765, 'beta_3': 0.0017595894200983233, 'beta_4': 0.7750948165652908, 'beta_5': 67.6214730372229, 'beta_6': 0.04821124977159777, 'beta_7': 0.0334046190212387}. Best is trial 106 with value: 2400.9134142270295.
[I 2026-03-31 17:25:48,684] Trial 108 finished with value: 2857.972727203425 and parameters: {'alpha_0': 0.0007310393790700544, 'alpha_1': 5.4433249200715915e-05, 'alpha_2': 8.053228039698576e-05, 'beta_0': 0.2604350488224605, 'beta_1': 1.326925810378367, 'beta_2': 0.1294690591207396, 'beta_3': 0.001817763973332732, 'beta_4': 0.7600512834817984, 'beta_5': 72.89215952355785, 'beta_6': 0.05985878161268032, 'beta_7': 0.028496536346163764}. Best is trial 106 with value: 2400.9134142270295.
[I 2026-03-31 17:25:49,939] Trial 109 finished with value: 2640.608653224395 and parameters: {'alpha_0': 0.0006452733723858091, 'alpha_1': 5.027139142726908e-05, 'alpha_2': 8.666810689802987e-05, 'beta_0': 0.3203507050534029, 'beta_1': 1.2764299399468655, 'beta_2': 0.15992248297662287, 'beta_3': 0.0016381609511331471, 'beta_4': 0.8435689545721934, 'beta_5': 55.7028986349952, 'beta_6': 0.04067474555320855, 'beta_7': 0.03501621267558546}. Best is trial 106 with value: 2400.9134142270295.
[I 2026-03-31 17:25:51,386] Trial 110 finished with value: 2643.715176161695 and parameters: {'alpha_0': 0.0008429167495672281, 'alpha_1': 5.357277111113261e-05, 'alpha_2': 8.298631001121987e-05, 'beta_0': 0.19417594256177056, 'beta_1': 1.4483392241543718, 'beta_2': 0.16962093426848654, 'beta_3': 0.0017353030110352496, 'beta_4': 0.7793151606521763, 'beta_5': 69.92698377998684, 'beta_6': 0.043939662685098094, 'beta_7': 0.029553813537019295}. Best is trial 106 with value: 2400.9134142270295.
[I 2026-03-31 17:25:52,641] Trial 111 finished with value: 2513.9213720358257 and parameters: {'alpha_0': 0.000578965812523527, 'alpha_1': 5.687479530020083e-05, 'alpha_2': 8.167238547636654e-05, 'beta_0': 0.23236438935670664, 'beta_1': 1.178292038395126, 'beta_2': 0.11669384832043876, 'beta_3': 0.001719116039279605, 'beta_4': 0.8582926303089756, 'beta_5': 57.28017815314384, 'beta_6': 0.051318039718791626, 'beta_7': 0.03191545747807572}. Best is trial 106 with value: 2400.9134142270295.
[I 2026-03-31 17:25:53,894] Trial 112 finished with value: 2480.1579264056177 and parameters: {'alpha_0': 0.0005489581314275018, 'alpha_1': 5.590044493137363e-05, 'alpha_2': 8.188215954799104e-05, 'beta_0': 0.23137918002226646, 'beta_1': 1.2239913303893306, 'beta_2': 0.15003754424222251, 'beta_3': 0.0016666954516647997, 'beta_4': 0.8569771294281207, 'beta_5': 60.92444807329422, 'beta_6': 0.05095271073939013, 'beta_7': 0.03168913949154165}. Best is trial 106 with value: 2400.9134142270295.
[I 2026-03-31 17:25:55,215] Trial 113 finished with value: 2540.6971208318178 and parameters: {'alpha_0': 0.0006989981976680091, 'alpha_1': 5.9006222335309096e-05, 'alpha_2': 8.510600200872533e-05, 'beta_0': 0.3386193550379529, 'beta_1': 1.2264179888465343, 'beta_2': 0.1479734681940994, 'beta_3': 0.001678069495810679, 'beta_4': 0.7901109884281852, 'beta_5': 64.2049170718434, 'beta_6': 0.055454503430635925, 'beta_7': 0.03015400968103488}. Best is trial 106 with value: 2400.9134142270295.
[I 2026-03-31 17:25:56,488] Trial 114 finished with value: 2712.44073389996 and parameters: {'alpha_0': 0.0005451026539316807, 'alpha_1': 5.1814319123362165e-05, 'alpha_2': 7.945384988955417e-05, 'beta_0': 0.2450421415974008, 'beta_1': 1.3018363167528288, 'beta_2': 0.1927447809548417, 'beta_3': 0.0017804304260227203, 'beta_4': 0.7550756654299309, 'beta_5': 66.17947805085161, 'beta_6': 0.04765418463943812, 'beta_7': 0.032966198466450776}. Best is trial 106 with value: 2400.9134142270295.
[I 2026-03-31 17:25:57,752] Trial 115 finished with value: 2383.8325613702136 and parameters: {'alpha_0': 0.0006081302926649406, 'alpha_1': 5.030806399716106e-05, 'alpha_2': 7.438262139453792e-05, 'beta_0': 0.25913104116370783, 'beta_1': 1.2030907671349613, 'beta_2': 0.12866192336235835, 'beta_3': 0.0018655957821376243, 'beta_4': 0.8279819126671413, 'beta_5': 61.48674247889502, 'beta_6': 0.03603824104463839, 'beta_7': 0.031662578500341376}. Best is trial 115 with value: 2383.8325613702136.
[I 2026-03-31 17:25:58,996] Trial 116 finished with value: 2453.7916341902946 and parameters: {'alpha_0': 0.0006342739958932466, 'alpha_1': 5.5077636117351056e-05, 'alpha_2': 7.445432493546307e-05, 'beta_0': 0.31136991042768863, 'beta_1': 1.250277899952082, 'beta_2': 0.1250267267046031, 'beta_3': 0.0018732837946945807, 'beta_4': 0.8130947650420942, 'beta_5': 62.138900509782246, 'beta_6': 0.03491147173442395, 'beta_7': 0.03151779551009568}. Best is trial 115 with value: 2383.8325613702136.
[I 2026-03-31 17:26:00,255] Trial 117 finished with value: 2798.413330709867 and parameters: {'alpha_0': 0.0006238700938089256, 'alpha_1': 5.0215344068643124e-05, 'alpha_2': 7.33666926056838e-05, 'beta_0': 0.2536458656526476, 'beta_1': 1.2560091611322086, 'beta_2': 0.1272957992609518, 'beta_3': 0.001874539737561618, 'beta_4': 0.8375894997588738, 'beta_5': 54.17351364640768, 'beta_6': 0.03746828273919719, 'beta_7': 0.03259636872065191}. Best is trial 115 with value: 2383.8325613702136.
