[I 2026-03-31 17:45:35,974] Trial 883 finished with value: 2386.4116649322523 and parameters: {'alpha_0': 0.0015453871908036494, 'alpha_1': 5.162335274701191e-05, 'alpha_2': 9.878850441918748e-05, 'beta_0': 0.4374055423380303, 'beta_1': 0.8992345561524313, 'beta_2': 0.2111719173895345, 'beta_3': 0.00138325992947834, 'beta_4': 0.8938366612080744, 'beta_5': 36.6273671723008, 'beta_6': 0.0113900884710916, 'beta_7': 0.030197748718307806}. Best is trial 663 with value: 2322.408756152314.Best trial: 663. Best value: 2322.41:  88%|████████▊ | 883/1000 [23:45<02:27,  1.26s/it]Best trial: 663. Best value: 2322.41:  88%|████████▊ | 883/1000 [23:45<02:27,  1.26s/it]Best trial: 663. Best value: 2322.41:  88%|████████▊ | 884/1000 [23:45<02:27,  1.27s/it]                                                                                        Best trial: 663. Best value: 2322.41:  88%|████████▊ | 884/1000 [23:46<02:27,  1.27s/it]Best trial: 663. Best value: 2322.41:  88%|████████▊ | 884/1000 [23:46<02:27,  1.27s/it]Best trial: 663. Best value: 2322.41:  88%|████████▊ | 885/1000 [23:46<02:26,  1.28s/it]                                                                                        Best trial: 663. Best value: 2322.41:  88%|████████▊ | 885/1000 [23:48<02:26,  1.28s/it]Best trial: 663. Best value: 2322.41:  88%|████████▊ | 885/1000 [23:48<02:26,  1.28s/it]Best trial: 663. Best value: 2322.41:  89%|████████▊ | 886/1000 [23:48<02:25,  1.28s/it]                                                                                        Best trial: 663. Best value: 2322.41:  89%|████████▊ | 886/1000 [23:49<02:25,  1.28s/it]Best trial: 663. Best value: 2322.41:  89%|████████▊ | 886/1000 [23:49<02:25,  1.28s/it]Best trial: 663. Best value: 2322.41:  89%|████████▊ | 887/1000 [23:49<02:24,  1.27s/it]                                                                                        Best trial: 663. Best value: 2322.41:  89%|████████▊ | 887/1000 [23:50<02:24,  1.27s/it]Best trial: 663. Best value: 2322.41:  89%|████████▊ | 887/1000 [23:50<02:24,  1.27s/it]Best trial: 663. Best value: 2322.41:  89%|████████▉ | 888/1000 [23:50<02:23,  1.28s/it]                                                                                        Best trial: 663. Best value: 2322.41:  89%|████████▉ | 888/1000 [23:59<02:23,  1.28s/it]Best trial: 663. Best value: 2322.41:  89%|████████▉ | 888/1000 [23:59<02:23,  1.28s/it]Best trial: 663. Best value: 2322.41:  89%|████████▉ | 889/1000 [23:59<06:44,  3.65s/it]                                                                                        Best trial: 663. Best value: 2322.41:  89%|████████▉ | 889/1000 [24:01<06:44,  3.65s/it]Best trial: 663. Best value: 2322.41:  89%|████████▉ | 889/1000 [24:01<06:44,  3.65s/it]Best trial: 663. Best value: 2322.41:  89%|████████▉ | 890/1000 [24:01<05:22,  2.93s/it]                                                                                        Best trial: 663. Best value: 2322.41:  89%|████████▉ | 890/1000 [24:02<05:22,  2.93s/it]Best trial: 663. Best value: 2322.41:  89%|████████▉ | 890/1000 [24:02<05:22,  2.93s/it]Best trial: 663. Best value: 2322.41:  89%|████████▉ | 891/1000 [24:02<04:25,  2.44s/it]                                                                                        Best trial: 663. Best value: 2322.41:  89%|████████▉ | 891/1000 [24:03<04:25,  2.44s/it]Best trial: 663. Best value: 2322.41:  89%|████████▉ | 891/1000 [24:03<04:25,  2.44s/it]Best trial: 663. Best value: 2322.41:  89%|████████▉ | 892/1000 [24:03<03:45,  2.09s/it]                                                                                        Best trial: 663. Best value: 2322.41:  89%|████████▉ | 892/1000 [24:04<03:45,  2.09s/it]Best trial: 663. Best value: 2322.41:  89%|████████▉ | 892/1000 [24:04<03:45,  2.09s/it]Best trial: 663. Best value: 2322.41:  89%|████████▉ | 893/1000 [24:04<03:16,  1.83s/it]                                                                                        Best trial: 663. Best value: 2322.41:  89%|████████▉ | 893/1000 [24:06<03:16,  1.83s/it]Best trial: 663. Best value: 2322.41:  89%|████████▉ | 893/1000 [24:06<03:16,  1.83s/it]Best trial: 663. Best value: 2322.41:  89%|████████▉ | 894/1000 [24:06<02:55,  1.66s/it]                                                                                        Best trial: 663. Best value: 2322.41:  89%|████████▉ | 894/1000 [24:07<02:55,  1.66s/it]Best trial: 663. Best value: 2322.41:  89%|████████▉ | 894/1000 [24:07<02:55,  1.66s/it]Best trial: 663. Best value: 2322.41:  90%|████████▉ | 895/1000 [24:07<02:42,  1.55s/it]                                                                                        Best trial: 663. Best value: 2322.41:  90%|████████▉ | 895/1000 [24:08<02:42,  1.55s/it]Best trial: 663. Best value: 2322.41:  90%|████████▉ | 895/1000 [24:08<02:42,  1.55s/it]Best trial: 663. Best value: 2322.41:  90%|████████▉ | 896/1000 [24:08<02:32,  1.46s/it]                                                                                        Best trial: 663. Best value: 2322.41:  90%|████████▉ | 896/1000 [24:09<02:32,  1.46s/it]Best trial: 663. Best value: 2322.41:  90%|████████▉ | 896/1000 [24:09<02:32,  1.46s/it]Best trial: 663. Best value: 2322.41:  90%|████████▉ | 897/1000 [24:09<02:24,  1.40s/it]                                                                                        Best trial: 663. Best value: 2322.41:  90%|████████▉ | 897/1000 [24:11<02:24,  1.40s/it]Best trial: 663. Best value: 2322.41:  90%|████████▉ | 897/1000 [24:11<02:24,  1.40s/it]Best trial: 663. Best value: 2322.41:  90%|████████▉ | 898/1000 [24:11<02:18,  1.36s/it]                                                                                        Best trial: 663. Best value: 2322.41:  90%|████████▉ | 898/1000 [24:12<02:18,  1.36s/it]Best trial: 663. Best value: 2322.41:  90%|████████▉ | 898/1000 [24:12<02:18,  1.36s/it]Best trial: 663. Best value: 2322.41:  90%|████████▉ | 899/1000 [24:12<02:15,  1.34s/it]                                                                                        Best trial: 663. Best value: 2322.41:  90%|████████▉ | 899/1000 [24:22<02:15,  1.34s/it]Best trial: 663. Best value: 2322.41:  90%|████████▉ | 899/1000 [24:22<02:15,  1.34s/it]Best trial: 663. Best value: 2322.41:  90%|█████████ | 900/1000 [24:22<06:27,  3.87s/it]                                                                                        
[I 2026-03-31 17:45:37,261] Trial 884 finished with value: 2585.630175117055 and parameters: {'alpha_0': 0.0016246479136190395, 'alpha_1': 5.366359876252927e-05, 'alpha_2': 9.759380821123284e-05, 'beta_0': 0.47777461807129146, 'beta_1': 0.9570496117480991, 'beta_2': 0.21868237671354135, 'beta_3': 0.001344820665860553, 'beta_4': 0.9966034678034911, 'beta_5': 41.32102415895538, 'beta_6': 0.005041690904603803, 'beta_7': 0.03336653839543803}. Best is trial 663 with value: 2322.408756152314.
[I 2026-03-31 17:45:38,542] Trial 885 finished with value: 2567.933780505875 and parameters: {'alpha_0': 0.0014643541918767209, 'alpha_1': 5.0044206162774044e-05, 'alpha_2': 9.026777871773851e-05, 'beta_0': 0.4057167236412151, 'beta_1': 0.9286551287169856, 'beta_2': 0.18375923360477914, 'beta_3': 0.00125422606148357, 'beta_4': 0.9747635206549904, 'beta_5': 25.3705531231503, 'beta_6': 0.008804234169918043, 'beta_7': 0.03104991836409616}. Best is trial 663 with value: 2322.408756152314.
[I 2026-03-31 17:45:39,809] Trial 886 finished with value: 2349.5221405876723 and parameters: {'alpha_0': 0.0015610654794775104, 'alpha_1': 5.3532704850536195e-05, 'alpha_2': 9.340863789995496e-05, 'beta_0': 0.421091678201677, 'beta_1': 0.9121882704924824, 'beta_2': 0.19959368484611592, 'beta_3': 0.0013007569669310818, 'beta_4': 0.92012075349718, 'beta_5': 38.98040928116443, 'beta_6': 0.015347785991116638, 'beta_7': 0.03235531966677233}. Best is trial 663 with value: 2322.408756152314.
[I 2026-03-31 17:45:41,100] Trial 887 finished with value: 2485.731431474459 and parameters: {'alpha_0': 0.0015049517891939088, 'alpha_1': 5.6305862573360405e-05, 'alpha_2': 9.552457340746997e-05, 'beta_0': 0.45116513266611197, 'beta_1': 0.9425732158332294, 'beta_2': 0.23996472442131905, 'beta_3': 0.0014235421889279222, 'beta_4': 0.9358620526365886, 'beta_5': 34.71183860389456, 'beta_6': 0.013087370781832244, 'beta_7': 0.031653186912491395}. Best is trial 663 with value: 2322.408756152314.
[I 2026-03-31 17:45:50,274] Trial 888 finished with value: 10385.56094276955 and parameters: {'alpha_0': 0.0016023869315396082, 'alpha_1': 5.193789521785249e-05, 'alpha_2': 9.221272360381163e-05, 'beta_0': 0.4288503099727357, 'beta_1': 0.8454468871158938, 'beta_2': 0.19106462481368092, 'beta_3': 0.001194807059085076, 'beta_4': 0.95472758558408, 'beta_5': 43.994473261889524, 'beta_6': 0.011095826999582125, 'beta_7': 0.022182587083857418}. Best is trial 663 with value: 2322.408756152314.
[I 2026-03-31 17:45:51,531] Trial 889 finished with value: 2630.091783565127 and parameters: {'alpha_0': 0.0016528685159848274, 'alpha_1': 0.0001221113832637445, 'alpha_2': 9.667191012518906e-05, 'beta_0': 0.416634549451188, 'beta_1': 0.8937519278853189, 'beta_2': 0.22135356654896837, 'beta_3': 0.0014603202948902747, 'beta_4': 1.0124501595891526, 'beta_5': 37.55772510789755, 'beta_6': 0.005093567324628396, 'beta_7': 0.034782447739473143}. Best is trial 663 with value: 2322.408756152314.
[I 2026-03-31 17:45:52,816] Trial 890 finished with value: 2834.5143880267415 and parameters: {'alpha_0': 0.0015308913265230416, 'alpha_1': 5.432106818741228e-05, 'alpha_2': 0.00010240072677923338, 'beta_0': 0.39453972277412525, 'beta_1': 0.9196676986109308, 'beta_2': 0.20587136061494987, 'beta_3': 0.0013329104320174221, 'beta_4': 0.9788316181430647, 'beta_5': 43.048168959574454, 'beta_6': 0.008519328797478064, 'beta_7': 0.03307322234938402}. Best is trial 663 with value: 2322.408756152314.
[I 2026-03-31 17:45:54,084] Trial 891 finished with value: 2595.5424430862004 and parameters: {'alpha_0': 0.001471199004034612, 'alpha_1': 5.1741209091604224e-05, 'alpha_2': 9.441013215008006e-05, 'beta_0': 0.40810108070858864, 'beta_1': 0.8804499971864705, 'beta_2': 0.17542384654403245, 'beta_3': 0.0013804898312844386, 'beta_4': 0.9099453753533248, 'beta_5': 30.872391274182522, 'beta_6': 0.007457900433292836, 'beta_7': 0.033865246872214386}. Best is trial 663 with value: 2322.408756152314.
[I 2026-03-31 17:45:55,328] Trial 892 finished with value: 2482.4017660861173 and parameters: {'alpha_0': 0.0015704335388031022, 'alpha_1': 5.0040701372344225e-05, 'alpha_2': 9.130157958694883e-05, 'beta_0': 0.4416331957342342, 'beta_1': 0.9555835409694483, 'beta_2': 0.2143414697547029, 'beta_3': 0.0012734126900882017, 'beta_4': 0.619359324870209, 'beta_5': 32.892488759786325, 'beta_6': 0.010736783716844684, 'beta_7': 0.032613725183062735}. Best is trial 663 with value: 2322.408756152314.
[I 2026-03-31 17:45:56,573] Trial 893 finished with value: 2422.9148643479016 and parameters: {'alpha_0': 0.0014323297185665097, 'alpha_1': 5.619282792249891e-05, 'alpha_2': 9.813846799861869e-05, 'beta_0': 0.42404596408857925, 'beta_1': 0.9350263998399152, 'beta_2': 0.18746418244527008, 'beta_3': 0.0013308518264428801, 'beta_4': 0.9648284402698543, 'beta_5': 49.459206864220334, 'beta_6': 0.015587714872688924, 'beta_7': 0.0319896605548241}. Best is trial 663 with value: 2322.408756152314.
[I 2026-03-31 17:45:57,865] Trial 894 finished with value: 2573.587509560786 and parameters: {'alpha_0': 0.001887065921894574, 'alpha_1': 5.353378587331169e-05, 'alpha_2': 0.00010072338392247067, 'beta_0': 0.4673648918210658, 'beta_1': 0.902895474521, 'beta_2': 0.20184461820608962, 'beta_3': 0.001404159109504513, 'beta_4': 0.9460001898339795, 'beta_5': 41.103015079549095, 'beta_6': 0.013661781248016033, 'beta_7': 0.030687316941762816}. Best is trial 663 with value: 2322.408756152314.
[I 2026-03-31 17:45:59,136] Trial 895 finished with value: 2460.6905317810524 and parameters: {'alpha_0': 0.001510108520498538, 'alpha_1': 5.00864622703123e-05, 'alpha_2': 9.624513564422689e-05, 'beta_0': 0.43689413136697414, 'beta_1': 0.92557745887121, 'beta_2': 0.2328785226055179, 'beta_3': 0.00121916707360238, 'beta_4': 0.9286899018286859, 'beta_5': 35.31615541811178, 'beta_6': 0.009296568137260167, 'beta_7': 0.03138437371006258}. Best is trial 663 with value: 2322.408756152314.
[I 2026-03-31 17:46:00,396] Trial 896 finished with value: 3876.3246901556654 and parameters: {'alpha_0': 0.0013754438835985993, 'alpha_1': 9.04949240820755e-05, 'alpha_2': 9.379223663051673e-05, 'beta_0': 0.41387837108381004, 'beta_1': 0.9084757833781827, 'beta_2': 0.19373421774681399, 'beta_3': 0.0014679366773717776, 'beta_4': 0.9849152068146927, 'beta_5': 38.85550544801182, 'beta_6': 0.0050551950338847945, 'beta_7': 0.03286270415503516}. Best is trial 663 with value: 2322.408756152314.
[I 2026-03-31 17:46:01,661] Trial 897 finished with value: 2413.6703343075487 and parameters: {'alpha_0': 0.0016136491731942979, 'alpha_1': 5.210891474025492e-05, 'alpha_2': 9.174782482132053e-05, 'beta_0': 0.4056230039594545, 'beta_1': 0.867561641678956, 'beta_2': 0.2213250047646417, 'beta_3': 0.0012822248629485156, 'beta_4': 0.9571471455963733, 'beta_5': 26.908748795705634, 'beta_6': 0.011696956116837517, 'beta_7': 0.03210890291288639}. Best is trial 663 with value: 2322.408756152314.
[I 2026-03-31 17:46:02,958] Trial 898 finished with value: 2429.3136590936692 and parameters: {'alpha_0': 0.0017713976710266117, 'alpha_1': 5.003374847443861e-05, 'alpha_2': 8.956731534495366e-05, 'beta_0': 0.39593916083763336, 'beta_1': 0.9571956055385727, 'beta_2': 0.20611634367963474, 'beta_3': 0.001355082881207345, 'beta_4': 0.9377011963012107, 'beta_5': 45.348461134563266, 'beta_6': 0.0075096893994983215, 'beta_7': 0.031323614194603125}. Best is trial 663 with value: 2322.408756152314.
[I 2026-03-31 17:46:12,740] Trial 899 finished with value: 7554.954606634632 and parameters: {'alpha_0': 0.0017116184660889166, 'alpha_1': 5.474847619167183e-05, 'alpha_2': 0.00010007523245703391, 'beta_0': 0.4478225472466006, 'beta_1': 0.940560544076559, 'beta_2': 0.17500268310397252, 'beta_3': 0.0014330910683503352, 'beta_4': 0.9026324571517811, 'beta_5': 41.73982946320408, 'beta_6': 0.013369887540901081, 'beta_7': 0.013206361059445164}. Best is trial 663 with value: 2322.408756152314.
[I 2026-03-31 17:46:14,033] Trial 900 finished with value: 2722.789918308778 and parameters: {'alpha_0': 0.001542817988435094, 'alpha_1': 5.31769456026764e-05, 'alpha_2': 9.465089543867019e-05, 'beta_0': 0.4273890127354571, 'beta_1': 0.8883704800100355, 'beta_2': 0.18589908691090454, 'beta_3': 0.0013724386554186945, 'beta_4': 0.9220330120381776, 'beta_5': 36.79810584964695, 'beta_6': 0.010404846019779571, 'beta_7': 0.03362863631747986}. Best is trial 663 with value: 2322.408756152314.Best trial: 663. Best value: 2322.41:  90%|█████████ | 900/1000 [24:23<06:27,  3.87s/it]Best trial: 663. Best value: 2322.41:  90%|█████████ | 900/1000 [24:23<06:27,  3.87s/it]Best trial: 663. Best value: 2322.41:  90%|█████████ | 901/1000 [24:23<05:06,  3.10s/it]                                                                                        Best trial: 663. Best value: 2322.41:  90%|█████████ | 901/1000 [24:24<05:06,  3.10s/it]Best trial: 663. Best value: 2322.41:  90%|█████████ | 901/1000 [24:24<05:06,  3.10s/it]Best trial: 663. Best value: 2322.41:  90%|█████████ | 902/1000 [24:24<04:10,  2.55s/it]                                                                                        Best trial: 663. Best value: 2322.41:  90%|█████████ | 902/1000 [24:26<04:10,  2.55s/it]Best trial: 663. Best value: 2322.41:  90%|█████████ | 902/1000 [24:26<04:10,  2.55s/it]Best trial: 663. Best value: 2322.41:  90%|█████████ | 903/1000 [24:26<03:30,  2.17s/it]                                                                                        Best trial: 663. Best value: 2322.41:  90%|█████████ | 903/1000 [24:27<03:30,  2.17s/it]Best trial: 663. Best value: 2322.41:  90%|█████████ | 903/1000 [24:27<03:30,  2.17s/it]Best trial: 663. Best value: 2322.41:  90%|█████████ | 904/1000 [24:27<03:02,  1.91s/it]                                                                                        Best trial: 663. Best value: 2322.41:  90%|█████████ | 904/1000 [24:36<03:02,  1.91s/it]Best trial: 663. Best value: 2322.41:  90%|█████████ | 904/1000 [24:36<03:02,  1.91s/it]Best trial: 663. Best value: 2322.41:  90%|█████████ | 905/1000 [24:36<06:30,  4.11s/it]                                                                                        Best trial: 663. Best value: 2322.41:  90%|█████████ | 905/1000 [24:37<06:30,  4.11s/it]Best trial: 663. Best value: 2322.41:  90%|█████████ | 905/1000 [24:37<06:30,  4.11s/it]Best trial: 663. Best value: 2322.41:  91%|█████████ | 906/1000 [24:37<05:04,  3.24s/it]                                                                                        Best trial: 663. Best value: 2322.41:  91%|█████████ | 906/1000 [24:39<05:04,  3.24s/it]Best trial: 663. Best value: 2322.41:  91%|█████████ | 906/1000 [24:39<05:04,  3.24s/it]Best trial: 663. Best value: 2322.41:  91%|█████████ | 907/1000 [24:39<04:07,  2.66s/it]                                                                                        Best trial: 663. Best value: 2322.41:  91%|█████████ | 907/1000 [24:40<04:07,  2.66s/it]Best trial: 663. Best value: 2322.41:  91%|█████████ | 907/1000 [24:40<04:07,  2.66s/it]Best trial: 663. Best value: 2322.41:  91%|█████████ | 908/1000 [24:40<03:26,  2.24s/it]                                                                                        Best trial: 663. Best value: 2322.41:  91%|█████████ | 908/1000 [24:41<03:26,  2.24s/it]Best trial: 663. Best value: 2322.41:  91%|█████████ | 908/1000 [24:41<03:26,  2.24s/it]Best trial: 663. Best value: 2322.41:  91%|█████████ | 909/1000 [24:41<02:57,  1.95s/it]                                                                                        Best trial: 663. Best value: 2322.41:  91%|█████████ | 909/1000 [24:42<02:57,  1.95s/it]Best trial: 663. Best value: 2322.41:  91%|█████████ | 909/1000 [24:42<02:57,  1.95s/it]Best trial: 663. Best value: 2322.41:  91%|█████████ | 910/1000 [24:42<02:37,  1.75s/it]                                                                                        Best trial: 663. Best value: 2322.41:  91%|█████████ | 910/1000 [24:44<02:37,  1.75s/it]Best trial: 663. Best value: 2322.41:  91%|█████████ | 910/1000 [24:44<02:37,  1.75s/it]Best trial: 663. Best value: 2322.41:  91%|█████████ | 911/1000 [24:44<02:23,  1.61s/it]                                                                                        Best trial: 663. Best value: 2322.41:  91%|█████████ | 911/1000 [24:45<02:23,  1.61s/it]Best trial: 663. Best value: 2322.41:  91%|█████████ | 911/1000 [24:45<02:23,  1.61s/it]Best trial: 663. Best value: 2322.41:  91%|█████████ | 912/1000 [24:45<02:19,  1.58s/it]                                                                                        Best trial: 663. Best value: 2322.41:  91%|█████████ | 912/1000 [24:46<02:19,  1.58s/it]Best trial: 663. Best value: 2322.41:  91%|█████████ | 912/1000 [24:46<02:19,  1.58s/it]Best trial: 663. Best value: 2322.41:  91%|█████████▏| 913/1000 [24:46<02:08,  1.47s/it]                                                                                        Best trial: 663. Best value: 2322.41:  91%|█████████▏| 913/1000 [24:48<02:08,  1.47s/it]Best trial: 663. Best value: 2322.41:  91%|█████████▏| 913/1000 [24:48<02:08,  1.47s/it]Best trial: 663. Best value: 2322.41:  91%|█████████▏| 914/1000 [24:48<02:02,  1.42s/it]                                                                                        Best trial: 663. Best value: 2322.41:  91%|█████████▏| 914/1000 [24:49<02:02,  1.42s/it]Best trial: 663. Best value: 2322.41:  91%|█████████▏| 914/1000 [24:49<02:02,  1.42s/it]Best trial: 663. Best value: 2322.41:  92%|█████████▏| 915/1000 [24:49<01:57,  1.38s/it]                                                                                        Best trial: 663. Best value: 2322.41:  92%|█████████▏| 915/1000 [24:50<01:57,  1.38s/it]Best trial: 663. Best value: 2322.41:  92%|█████████▏| 915/1000 [24:50<01:57,  1.38s/it]Best trial: 663. Best value: 2322.41:  92%|█████████▏| 916/1000 [24:50<01:53,  1.35s/it]                                                                                        Best trial: 663. Best value: 2322.41:  92%|█████████▏| 916/1000 [24:52<01:53,  1.35s/it]Best trial: 663. Best value: 2322.41:  92%|█████████▏| 916/1000 [24:52<01:53,  1.35s/it]Best trial: 663. Best value: 2322.41:  92%|█████████▏| 917/1000 [24:52<01:49,  1.32s/it]                                                                                        
[I 2026-03-31 17:46:15,310] Trial 901 finished with value: 2502.7478647453695 and parameters: {'alpha_0': 0.0014875609325655157, 'alpha_1': 5.588715669441906e-05, 'alpha_2': 9.851144190708068e-05, 'beta_0': 0.41856054296635414, 'beta_1': 0.9175775983448412, 'beta_2': 0.2108462609348482, 'beta_3': 0.0013202956589803575, 'beta_4': 0.9733944398714202, 'beta_5': 39.555024346631086, 'beta_6': 0.007449219354457265, 'beta_7': 0.032536075813891285}. Best is trial 663 with value: 2322.408756152314.
[I 2026-03-31 17:46:16,597] Trial 902 finished with value: 2520.0237361386935 and parameters: {'alpha_0': 0.0015740001100901693, 'alpha_1': 5.182316595469634e-05, 'alpha_2': 9.665587603461151e-05, 'beta_0': 0.4561167455610724, 'beta_1': 0.853503670084252, 'beta_2': 0.1989031107628362, 'beta_3': 0.0012483194060936551, 'beta_4': 0.8880310954979352, 'beta_5': 44.035199911345565, 'beta_6': 0.015839843650558457, 'beta_7': 0.03177928669221584}. Best is trial 663 with value: 2322.408756152314.
