[I 2026-03-31 17:37:38,135] Trial 577 finished with value: 2534.5171258569994 and parameters: {'alpha_0': 0.0008455230952304112, 'alpha_1': 5.1793221331938105e-05, 'alpha_2': 6.194501615591873e-05, 'beta_0': 0.3379892306862689, 'beta_1': 1.0501027192267858, 'beta_2': 0.16342856838533162, 'beta_3': 0.001548377959970788, 'beta_4': 0.7436275280809178, 'beta_5': 64.16778842428947, 'beta_6': 0.023870390364643623, 'beta_7': 0.03231716071957515}. Best is trial 493 with value: 2345.693614299724.Best trial: 493. Best value: 2345.69:  58%|█████▊    | 577/1000 [15:47<08:55,  1.27s/it]Best trial: 493. Best value: 2345.69:  58%|█████▊    | 577/1000 [15:47<08:55,  1.27s/it]Best trial: 493. Best value: 2345.69:  58%|█████▊    | 578/1000 [15:47<08:51,  1.26s/it]                                                                                        Best trial: 493. Best value: 2345.69:  58%|█████▊    | 578/1000 [15:48<08:51,  1.26s/it]Best trial: 493. Best value: 2345.69:  58%|█████▊    | 578/1000 [15:48<08:51,  1.26s/it]Best trial: 493. Best value: 2345.69:  58%|█████▊    | 579/1000 [15:48<08:52,  1.26s/it]                                                                                        Best trial: 493. Best value: 2345.69:  58%|█████▊    | 579/1000 [15:50<08:52,  1.26s/it]Best trial: 493. Best value: 2345.69:  58%|█████▊    | 579/1000 [15:50<08:52,  1.26s/it]Best trial: 493. Best value: 2345.69:  58%|█████▊    | 580/1000 [15:50<08:52,  1.27s/it]                                                                                        Best trial: 493. Best value: 2345.69:  58%|█████▊    | 580/1000 [15:51<08:52,  1.27s/it]Best trial: 493. Best value: 2345.69:  58%|█████▊    | 580/1000 [15:51<08:52,  1.27s/it]Best trial: 493. Best value: 2345.69:  58%|█████▊    | 581/1000 [15:51<08:53,  1.27s/it]                                                                                        Best trial: 493. Best value: 2345.69:  58%|█████▊    | 581/1000 [15:52<08:53,  1.27s/it]Best trial: 493. Best value: 2345.69:  58%|█████▊    | 581/1000 [15:52<08:53,  1.27s/it]Best trial: 493. Best value: 2345.69:  58%|█████▊    | 582/1000 [15:52<08:48,  1.26s/it]                                                                                        Best trial: 493. Best value: 2345.69:  58%|█████▊    | 582/1000 [15:54<08:48,  1.26s/it]Best trial: 493. Best value: 2345.69:  58%|█████▊    | 582/1000 [15:54<08:48,  1.26s/it]Best trial: 493. Best value: 2345.69:  58%|█████▊    | 583/1000 [15:54<08:54,  1.28s/it]                                                                                        Best trial: 493. Best value: 2345.69:  58%|█████▊    | 583/1000 [16:03<08:54,  1.28s/it]Best trial: 493. Best value: 2345.69:  58%|█████▊    | 583/1000 [16:03<08:54,  1.28s/it]Best trial: 493. Best value: 2345.69:  58%|█████▊    | 584/1000 [16:03<25:40,  3.70s/it]                                                                                        Best trial: 493. Best value: 2345.69:  58%|█████▊    | 584/1000 [16:04<25:40,  3.70s/it]Best trial: 493. Best value: 2345.69:  58%|█████▊    | 584/1000 [16:04<25:40,  3.70s/it]Best trial: 493. Best value: 2345.69:  58%|█████▊    | 585/1000 [16:04<20:44,  3.00s/it]                                                                                        Best trial: 493. Best value: 2345.69:  58%|█████▊    | 585/1000 [16:06<20:44,  3.00s/it]Best trial: 493. Best value: 2345.69:  58%|█████▊    | 585/1000 [16:06<20:44,  3.00s/it]Best trial: 493. Best value: 2345.69:  59%|█████▊    | 586/1000 [16:06<17:10,  2.49s/it]                                                                                        Best trial: 493. Best value: 2345.69:  59%|█████▊    | 586/1000 [16:07<17:10,  2.49s/it]Best trial: 493. Best value: 2345.69:  59%|█████▊    | 586/1000 [16:07<17:10,  2.49s/it]Best trial: 493. Best value: 2345.69:  59%|█████▊    | 587/1000 [16:07<14:31,  2.11s/it]                                                                                        Best trial: 493. Best value: 2345.69:  59%|█████▊    | 587/1000 [16:08<14:31,  2.11s/it]Best trial: 493. Best value: 2345.69:  59%|█████▊    | 587/1000 [16:08<14:31,  2.11s/it]Best trial: 493. Best value: 2345.69:  59%|█████▉    | 588/1000 [16:08<12:46,  1.86s/it]                                                                                        Best trial: 493. Best value: 2345.69:  59%|█████▉    | 588/1000 [16:09<12:46,  1.86s/it]Best trial: 493. Best value: 2345.69:  59%|█████▉    | 588/1000 [16:09<12:46,  1.86s/it]Best trial: 493. Best value: 2345.69:  59%|█████▉    | 589/1000 [16:09<11:31,  1.68s/it]                                                                                        Best trial: 493. Best value: 2345.69:  59%|█████▉    | 589/1000 [16:11<11:31,  1.68s/it]Best trial: 493. Best value: 2345.69:  59%|█████▉    | 589/1000 [16:11<11:31,  1.68s/it]Best trial: 493. Best value: 2345.69:  59%|█████▉    | 590/1000 [16:11<10:36,  1.55s/it]                                                                                        Best trial: 493. Best value: 2345.69:  59%|█████▉    | 590/1000 [16:12<10:36,  1.55s/it]Best trial: 493. Best value: 2345.69:  59%|█████▉    | 590/1000 [16:12<10:36,  1.55s/it]Best trial: 493. Best value: 2345.69:  59%|█████▉    | 591/1000 [16:12<09:59,  1.47s/it]                                                                                        Best trial: 493. Best value: 2345.69:  59%|█████▉    | 591/1000 [16:13<09:59,  1.47s/it]Best trial: 493. Best value: 2345.69:  59%|█████▉    | 591/1000 [16:13<09:59,  1.47s/it]Best trial: 493. Best value: 2345.69:  59%|█████▉    | 592/1000 [16:13<09:35,  1.41s/it]                                                                                        Best trial: 493. Best value: 2345.69:  59%|█████▉    | 592/1000 [16:14<09:35,  1.41s/it]Best trial: 493. Best value: 2345.69:  59%|█████▉    | 592/1000 [16:14<09:35,  1.41s/it]Best trial: 493. Best value: 2345.69:  59%|█████▉    | 593/1000 [16:14<09:18,  1.37s/it]                                                                                        Best trial: 493. Best value: 2345.69:  59%|█████▉    | 593/1000 [16:16<09:18,  1.37s/it]Best trial: 493. Best value: 2345.69:  59%|█████▉    | 593/1000 [16:16<09:18,  1.37s/it]Best trial: 493. Best value: 2345.69:  59%|█████▉    | 594/1000 [16:16<09:04,  1.34s/it]                                                                                        
[I 2026-03-31 17:37:39,412] Trial 578 finished with value: 2780.5732395752843 and parameters: {'alpha_0': 0.0009323428581541688, 'alpha_1': 5.804129533463179e-05, 'alpha_2': 6.3581581600213e-05, 'beta_0': 0.2966862438674707, 'beta_1': 1.132865087986614, 'beta_2': 0.1323660782550996, 'beta_3': 0.0017683092352655274, 'beta_4': 0.9909550398959194, 'beta_5': 56.79833994292475, 'beta_6': 0.015426148927039677, 'beta_7': 0.03334955077362535}. Best is trial 493 with value: 2345.693614299724.
[I 2026-03-31 17:37:40,689] Trial 579 finished with value: 2535.444435746577 and parameters: {'alpha_0': 0.0010436896381318876, 'alpha_1': 5.52314479432534e-05, 'alpha_2': 6.50763907912872e-05, 'beta_0': 0.3285267437657714, 'beta_1': 1.0893805165282107, 'beta_2': 0.10093590067054035, 'beta_3': 0.0017054697785449818, 'beta_4': 1.1906819449535875, 'beta_5': 59.59539968403503, 'beta_6': 0.04073877608174991, 'beta_7': 0.030912810381743188}. Best is trial 493 with value: 2345.693614299724.
[I 2026-03-31 17:37:41,974] Trial 580 finished with value: 2709.1814294844107 and parameters: {'alpha_0': 0.0009949710388484684, 'alpha_1': 9.751034846375832e-05, 'alpha_2': 6.674970282124702e-05, 'beta_0': 0.15979824056993647, 'beta_1': 1.2756428049118147, 'beta_2': 0.11821207226316144, 'beta_3': 0.0018186519179733728, 'beta_4': 0.7679411823278504, 'beta_5': 62.265890477876425, 'beta_6': 0.031219207892003224, 'beta_7': 0.03280389361210976}. Best is trial 493 with value: 2345.693614299724.
[I 2026-03-31 17:37:43,216] Trial 581 finished with value: 2569.5353301470714 and parameters: {'alpha_0': 0.0005641615016312512, 'alpha_1': 5.000745179687951e-05, 'alpha_2': 7.051905981757295e-05, 'beta_0': 0.3087484065479662, 'beta_1': 1.3240690108270812, 'beta_2': 0.46949696353607884, 'beta_3': 0.0019241647919991255, 'beta_4': 0.8359977950745231, 'beta_5': 67.02365223897003, 'beta_6': 0.043614437961648385, 'beta_7': 0.031953949059332964}. Best is trial 493 with value: 2345.693614299724.
[I 2026-03-31 17:37:44,539] Trial 582 finished with value: 2559.8511718265786 and parameters: {'alpha_0': 0.000961044362879405, 'alpha_1': 5.7077419555288585e-05, 'alpha_2': 7.307807854283407e-05, 'beta_0': 0.3453639268982911, 'beta_1': 1.0665918887852244, 'beta_2': 0.5665907304093768, 'beta_3': 0.0018579728772291284, 'beta_4': 0.7268091093399233, 'beta_5': 52.438428793705604, 'beta_6': 0.026670045803081306, 'beta_7': 0.029288441167269513}. Best is trial 493 with value: 2345.693614299724.
[I 2026-03-31 17:37:53,892] Trial 583 finished with value: 7987.171581851515 and parameters: {'alpha_0': 0.0009147157176160652, 'alpha_1': 5.299359917567444e-05, 'alpha_2': 6.030476675469391e-05, 'beta_0': 0.3577995101722037, 'beta_1': 1.3571530866456496, 'beta_2': 0.1506683318226547, 'beta_3': 0.00082680362689581, 'beta_4': 0.698262238912579, 'beta_5': 57.903136239527186, 'beta_6': 0.051782823562151185, 'beta_7': 0.018637534794090294}. Best is trial 493 with value: 2345.693614299724.
[I 2026-03-31 17:37:55,252] Trial 584 finished with value: 2492.6168503903978 and parameters: {'alpha_0': 0.0020807960772817767, 'alpha_1': 5.978136107430145e-05, 'alpha_2': 6.876225021204842e-05, 'beta_0': 0.21689636407214838, 'beta_1': 1.103888275624062, 'beta_2': 0.17608047042422084, 'beta_3': 0.001236744901213215, 'beta_4': 0.7808592941865499, 'beta_5': 64.93540675421424, 'beta_6': 0.03297160987342626, 'beta_7': 0.03035116981331112}. Best is trial 493 with value: 2345.693614299724.
[I 2026-03-31 17:37:56,546] Trial 585 finished with value: 2566.1976750891045 and parameters: {'alpha_0': 0.0010799487081006895, 'alpha_1': 5.51280965985338e-05, 'alpha_2': 6.327148911746795e-05, 'beta_0': 0.23830447252883896, 'beta_1': 1.021008240724615, 'beta_2': 0.5492778373069803, 'beta_3': 0.0016782410695190002, 'beta_4': 0.8017935630017151, 'beta_5': 86.25931206009149, 'beta_6': 0.04649027121908579, 'beta_7': 0.03135344494449219}. Best is trial 493 with value: 2345.693614299724.
[I 2026-03-31 17:37:57,772] Trial 586 finished with value: 2565.617736200453 and parameters: {'alpha_0': 0.0020042077942735454, 'alpha_1': 6.215663333704994e-05, 'alpha_2': 6.599714669426983e-05, 'beta_0': 0.38034252860782997, 'beta_1': 1.1232188396491614, 'beta_2': 0.13925346472586003, 'beta_3': 0.0017307763619662734, 'beta_4': 0.7549510223278738, 'beta_5': 60.683455844558544, 'beta_6': 0.034907022070928315, 'beta_7': 0.03220134540348851}. Best is trial 493 with value: 2345.693614299724.
[I 2026-03-31 17:37:59,051] Trial 587 finished with value: 2604.7371485166013 and parameters: {'alpha_0': 0.0008375638078897856, 'alpha_1': 5.7056527423319066e-05, 'alpha_2': 6.749912600608363e-05, 'beta_0': 0.3349487678130189, 'beta_1': 1.0808658791668229, 'beta_2': 0.44512767600143566, 'beta_3': 0.0017915286572835426, 'beta_4': 0.8210342035676377, 'beta_5': 54.52460642522927, 'beta_6': 0.037770337557169756, 'beta_7': 0.03418866324692002}. Best is trial 493 with value: 2345.693614299724.
[I 2026-03-31 17:38:00,316] Trial 588 finished with value: 2734.725459699205 and parameters: {'alpha_0': 0.0010245591047125843, 'alpha_1': 0.00011382258319700043, 'alpha_2': 5.372895834663689e-05, 'beta_0': 0.3236939658047877, 'beta_1': 0.993135748294461, 'beta_2': 0.12717657188315357, 'beta_3': 0.001584794298413836, 'beta_4': 1.0910396489253467, 'beta_5': 62.8131585132017, 'beta_6': 0.030009495211796057, 'beta_7': 0.032978948605865324}. Best is trial 493 with value: 2345.693614299724.
[I 2026-03-31 17:38:01,566] Trial 589 finished with value: 2491.930818886827 and parameters: {'alpha_0': 0.002433124533285674, 'alpha_1': 6.520329346575166e-05, 'alpha_2': 6.161927484171606e-05, 'beta_0': 0.36576785366647047, 'beta_1': 1.0523637220561322, 'beta_2': 0.5310545509310654, 'beta_3': 0.0016262793824525486, 'beta_4': 0.7919591898762942, 'beta_5': 59.451889900560275, 'beta_6': 0.03987291619354223, 'beta_7': 0.03168704364101372}. Best is trial 493 with value: 2345.693614299724.
[I 2026-03-31 17:38:02,831] Trial 590 finished with value: 2633.130353260612 and parameters: {'alpha_0': 0.0023273421127626855, 'alpha_1': 5.289850948024259e-05, 'alpha_2': 6.466372032790785e-05, 'beta_0': 0.2554428232022125, 'beta_1': 1.0944295273396287, 'beta_2': 0.15866270914647077, 'beta_3': 0.0016677600115744507, 'beta_4': 0.7707489974608703, 'beta_5': 56.02613438180369, 'beta_6': 0.035776070781449024, 'beta_7': 0.03248753342794313}. Best is trial 493 with value: 2345.693614299724.
[I 2026-03-31 17:38:04,110] Trial 591 finished with value: 2523.4305264318637 and parameters: {'alpha_0': 0.0009514948042040423, 'alpha_1': 5.962526146102136e-05, 'alpha_2': 7.130381485976986e-05, 'beta_0': 0.3167900020122192, 'beta_1': 1.3749497081718682, 'beta_2': 0.1111211883360612, 'beta_3': 0.0017406609389746491, 'beta_4': 0.7358046759684673, 'beta_5': 48.75613831066661, 'beta_6': 0.03262324992945952, 'beta_7': 0.031007195607555518}. Best is trial 493 with value: 2345.693614299724.
[I 2026-03-31 17:38:05,394] Trial 592 finished with value: 2783.8120041128645 and parameters: {'alpha_0': 0.0008856351010201156, 'alpha_1': 5.460530489576314e-05, 'alpha_2': 6.900165752363328e-05, 'beta_0': 0.3435386511502158, 'beta_1': 1.0711911404635637, 'beta_2': 0.14794721138650146, 'beta_3': 0.0015226593404644169, 'beta_4': 0.8063681707654257, 'beta_5': 66.57646643793015, 'beta_6': 0.028005051580108874, 'beta_7': 0.033513217774900975}. Best is trial 493 with value: 2345.693614299724.
[I 2026-03-31 17:38:06,659] Trial 593 finished with value: 2474.1578239142873 and parameters: {'alpha_0': 0.000985934532128628, 'alpha_1': 5.6626454307557383e-05, 'alpha_2': 7.448243472540015e-05, 'beta_0': 0.35163032516789205, 'beta_1': 1.114798109226728, 'beta_2': 0.13440243561524817, 'beta_3': 0.0007679965633236277, 'beta_4': 0.7909806061422768, 'beta_5': 58.21941563143126, 'beta_6': 0.0246105372732994, 'beta_7': 0.03183621199074729}. Best is trial 493 with value: 2345.693614299724.
[I 2026-03-31 17:38:07,960] Trial 594 finished with value: 2644.901895600342 and parameters: {'alpha_0': 0.0010549749989980097, 'alpha_1': 5.2155333404737044e-05, 'alpha_2': 6.564794269665261e-05, 'beta_0': 0.3010779393815304, 'beta_1': 1.1526935692383378, 'beta_2': 0.16981994967086478, 'beta_3': 0.0006508804094843346, 'beta_4': 0.7610239854658855, 'beta_5': 73.43105540650721, 'beta_6': 0.042400503676337305, 'beta_7': 0.03043579380069499}. Best is trial 493 with value: 2345.693614299724.Best trial: 493. Best value: 2345.69:  59%|█████▉    | 594/1000 [16:17<09:04,  1.34s/it]Best trial: 493. Best value: 2345.69:  59%|█████▉    | 594/1000 [16:17<09:04,  1.34s/it]Best trial: 493. Best value: 2345.69:  60%|█████▉    | 595/1000 [16:17<08:58,  1.33s/it]                                                                                        Best trial: 493. Best value: 2345.69:  60%|█████▉    | 595/1000 [16:18<08:58,  1.33s/it]Best trial: 493. Best value: 2345.69:  60%|█████▉    | 595/1000 [16:18<08:58,  1.33s/it]Best trial: 493. Best value: 2345.69:  60%|█████▉    | 596/1000 [16:18<08:48,  1.31s/it]                                                                                        Best trial: 493. Best value: 2345.69:  60%|█████▉    | 596/1000 [16:20<08:48,  1.31s/it]Best trial: 493. Best value: 2345.69:  60%|█████▉    | 596/1000 [16:20<08:48,  1.31s/it]Best trial: 493. Best value: 2345.69:  60%|█████▉    | 597/1000 [16:20<08:45,  1.30s/it]                                                                                        Best trial: 493. Best value: 2345.69:  60%|█████▉    | 597/1000 [16:21<08:45,  1.30s/it]Best trial: 493. Best value: 2345.69:  60%|█████▉    | 597/1000 [16:21<08:45,  1.30s/it]Best trial: 493. Best value: 2345.69:  60%|█████▉    | 598/1000 [16:21<08:37,  1.29s/it]                                                                                        Best trial: 493. Best value: 2345.69:  60%|█████▉    | 598/1000 [16:22<08:37,  1.29s/it]Best trial: 493. Best value: 2345.69:  60%|█████▉    | 598/1000 [16:22<08:37,  1.29s/it]Best trial: 493. Best value: 2345.69:  60%|█████▉    | 599/1000 [16:22<08:35,  1.29s/it]                                                                                        Best trial: 493. Best value: 2345.69:  60%|█████▉    | 599/1000 [16:23<08:35,  1.29s/it]Best trial: 493. Best value: 2345.69:  60%|█████▉    | 599/1000 [16:23<08:35,  1.29s/it]Best trial: 493. Best value: 2345.69:  60%|██████    | 600/1000 [16:23<08:33,  1.28s/it]                                                                                        Best trial: 493. Best value: 2345.69:  60%|██████    | 600/1000 [16:25<08:33,  1.28s/it]Best trial: 493. Best value: 2345.69:  60%|██████    | 600/1000 [16:25<08:33,  1.28s/it]Best trial: 493. Best value: 2345.69:  60%|██████    | 601/1000 [16:25<08:31,  1.28s/it]                                                                                        Best trial: 493. Best value: 2345.69:  60%|██████    | 601/1000 [16:26<08:31,  1.28s/it]Best trial: 493. Best value: 2345.69:  60%|██████    | 601/1000 [16:26<08:31,  1.28s/it]Best trial: 493. Best value: 2345.69:  60%|██████    | 602/1000 [16:26<08:29,  1.28s/it]                                                                                        Best trial: 493. Best value: 2345.69:  60%|██████    | 602/1000 [16:27<08:29,  1.28s/it]Best trial: 493. Best value: 2345.69:  60%|██████    | 602/1000 [16:27<08:29,  1.28s/it]Best trial: 493. Best value: 2345.69:  60%|██████    | 603/1000 [16:27<08:30,  1.28s/it]                                                                                        Best trial: 493. Best value: 2345.69:  60%|██████    | 603/1000 [16:28<08:30,  1.28s/it]Best trial: 493. Best value: 2345.69:  60%|██████    | 603/1000 [16:28<08:30,  1.28s/it]Best trial: 493. Best value: 2345.69:  60%|██████    | 604/1000 [16:28<08:24,  1.27s/it]                                                                                        Best trial: 493. Best value: 2345.69:  60%|██████    | 604/1000 [16:30<08:24,  1.27s/it]Best trial: 493. Best value: 2345.69:  60%|██████    | 604/1000 [16:30<08:24,  1.27s/it]Best trial: 493. Best value: 2345.69:  60%|██████    | 605/1000 [16:30<08:22,  1.27s/it]                                                                                        Best trial: 493. Best value: 2345.69:  60%|██████    | 605/1000 [16:31<08:22,  1.27s/it]Best trial: 493. Best value: 2345.69:  60%|██████    | 605/1000 [16:31<08:22,  1.27s/it]Best trial: 493. Best value: 2345.69:  61%|██████    | 606/1000 [16:31<08:19,  1.27s/it]                                                                                        Best trial: 493. Best value: 2345.69:  61%|██████    | 606/1000 [16:32<08:19,  1.27s/it]Best trial: 493. Best value: 2345.69:  61%|██████    | 606/1000 [16:32<08:19,  1.27s/it]Best trial: 493. Best value: 2345.69:  61%|██████    | 607/1000 [16:32<08:17,  1.27s/it]                                                                                        Best trial: 493. Best value: 2345.69:  61%|██████    | 607/1000 [16:33<08:17,  1.27s/it]Best trial: 493. Best value: 2345.69:  61%|██████    | 607/1000 [16:33<08:17,  1.27s/it]Best trial: 493. Best value: 2345.69:  61%|██████    | 608/1000 [16:33<08:15,  1.26s/it]                                                                                        Best trial: 493. Best value: 2345.69:  61%|██████    | 608/1000 [16:35<08:15,  1.26s/it]Best trial: 493. Best value: 2345.69:  61%|██████    | 608/1000 [16:35<08:15,  1.26s/it]Best trial: 493. Best value: 2345.69:  61%|██████    | 609/1000 [16:35<08:14,  1.27s/it]                                                                                        Best trial: 493. Best value: 2345.69:  61%|██████    | 609/1000 [16:36<08:14,  1.27s/it]Best trial: 493. Best value: 2345.69:  61%|██████    | 609/1000 [16:36<08:14,  1.27s/it]Best trial: 493. Best value: 2345.69:  61%|██████    | 610/1000 [16:36<08:14,  1.27s/it]                                                                                        Best trial: 493. Best value: 2345.69:  61%|██████    | 610/1000 [16:37<08:14,  1.27s/it]Best trial: 493. Best value: 2345.69:  61%|██████    | 610/1000 [16:37<08:14,  1.27s/it]Best trial: 493. Best value: 2345.69:  61%|██████    | 611/1000 [16:37<08:15,  1.27s/it]                                                                                        
[I 2026-03-31 17:38:09,225] Trial 595 finished with value: 2553.9084935335322 and parameters: {'alpha_0': 0.0008704978152938596, 'alpha_1': 0.00012796290559002115, 'alpha_2': 6.361031802010685e-05, 'beta_0': 0.33197413742500836, 'beta_1': 1.332809776273561, 'beta_2': 0.11894920534133745, 'beta_3': 0.0007039214948271742, 'beta_4': 0.7764830172025166, 'beta_5': 69.6164398352237, 'beta_6': 0.03781861616627748, 'beta_7': 0.03268060034168858}. Best is trial 493 with value: 2345.693614299724.
[I 2026-03-31 17:38:10,514] Trial 596 finished with value: 2434.6636904633406 and parameters: {'alpha_0': 0.000909835353821836, 'alpha_1': 5.914271077667378e-05, 'alpha_2': 6.733440648557383e-05, 'beta_0': 0.2720505873614652, 'beta_1': 1.3102780373199123, 'beta_2': 0.14236213993582736, 'beta_3': 0.001707965350116923, 'beta_4': 0.9590791262659756, 'beta_5': 61.143613329130446, 'beta_6': 0.019346388714128332, 'beta_7': 0.03141129995351844}. Best is trial 493 with value: 2345.693614299724.
