[I 2026-03-31 17:35:44,315] Trial 495 finished with value: 2461.917874742905 and parameters: {'alpha_0': 0.0007656569051555886, 'alpha_1': 5.4772628710513315e-05, 'alpha_2': 5.4096928644933966e-05, 'beta_0': 0.23933983181767451, 'beta_1': 1.085251438645368, 'beta_2': 0.5256872583214535, 'beta_3': 0.0016695753786309753, 'beta_4': 0.6924314392333978, 'beta_5': 49.12061197133877, 'beta_6': 0.021566351378374975, 'beta_7': 0.02987084208497957}. Best is trial 493 with value: 2345.693614299724.
[I 2026-03-31 17:35:45,581] Trial 496 finished with value: 2453.4887195469964 and parameters: {'alpha_0': 0.002164767989294038, 'alpha_1': 5.1681451118587095e-05, 'alpha_2': 6.53814464615109e-05, 'beta_0': 0.24019998861064742, 'beta_1': 1.1154074716024893, 'beta_2': 0.42231677099681053, 'beta_3': 0.0006389695748997658, 'beta_4': 0.7382442714405006, 'beta_5': 53.632164639000564, 'beta_6': 0.020402136747839993, 'beta_7': 0.031227250348946283}. Best is trial 493 with value: 2345.693614299724.
[I 2026-03-31 17:35:46,818] Trial 497 finished with value: 2526.285020088797 and parameters: {'alpha_0': 0.0021110197067610724, 'alpha_1': 5.352341900701885e-05, 'alpha_2': 4.6788262930357635e-05, 'beta_0': 0.22742627047410152, 'beta_1': 1.1400964807658616, 'beta_2': 0.5266790928410718, 'beta_3': 0.0016400233523685703, 'beta_4': 0.723843894751102, 'beta_5': 53.853106853119925, 'beta_6': 0.022852431165095347, 'beta_7': 0.03243795651875124}. Best is trial 493 with value: 2345.693614299724.
[I 2026-03-31 17:35:48,109] Trial 498 finished with value: 2790.225504627909 and parameters: {'alpha_0': 0.0008677688751225383, 'alpha_1': 0.00010026038637027797, 'alpha_2': 6.98652654677874e-05, 'beta_0': 0.24670493936473592, 'beta_1': 1.3262719763601467, 'beta_2': 0.5387496928570761, 'beta_3': 0.0016845924121928577, 'beta_4': 0.7606688527610376, 'beta_5': 54.85142693969426, 'beta_6': 0.023516683578206167, 'beta_7': 0.03329656175275951}. Best is trial 493 with value: 2345.693614299724.
[I 2026-03-31 17:35:49,396] Trial 499 finished with value: 2481.2097902870128 and parameters: {'alpha_0': 0.0023823348877856218, 'alpha_1': 5.597862765934639e-05, 'alpha_2': 5.305159054240575e-05, 'beta_0': 0.3762085524280893, 'beta_1': 1.0896891351331204, 'beta_2': 0.3987534249449787, 'beta_3': 0.0007700024609230904, 'beta_4': 0.7073242181168501, 'beta_5': 79.21064885323037, 'beta_6': 0.021378755833121422, 'beta_7': 0.0319899524130251}. Best is trial 493 with value: 2345.693614299724.
[I 2026-03-31 17:35:51,634] Trial 500 finished with value: 7703.080672782027 and parameters: {'alpha_0': 0.001946065362540854, 'alpha_1': 5.29076610793641e-05, 'alpha_2': 6.644028476232592e-05, 'beta_0': 0.21485376567920672, 'beta_1': 1.1136230836158945, 'beta_2': 0.13896916921179103, 'beta_3': 0.001640754220163768, 'beta_4': 0.7371558401922564, 'beta_5': 50.96614411290303, 'beta_6': 0.02597153203551978, 'beta_7': 0.02377739327556789}. Best is trial 493 with value: 2345.693614299724.
[I 2026-03-31 17:35:52,948] Trial 501 finished with value: 2473.523416612744 and parameters: {'alpha_0': 0.0020145937003484787, 'alpha_1': 5.0004530737672246e-05, 'alpha_2': 5.027839993143928e-05, 'beta_0': 0.25534818458582254, 'beta_1': 1.3029455420001885, 'beta_2': 0.45488954053445446, 'beta_3': 0.0010773699945059263, 'beta_4': 0.7620344807388554, 'beta_5': 56.93231923134824, 'beta_6': 0.027908386025974823, 'beta_7': 0.030464182494975723}. Best is trial 493 with value: 2345.693614299724.
[I 2026-03-31 17:35:54,171] Trial 502 finished with value: 2496.635204064824 and parameters: {'alpha_0': 0.002459191895968326, 'alpha_1': 5.7329898205891215e-05, 'alpha_2': 6.16819210721937e-05, 'beta_0': 0.2065770756699242, 'beta_1': 1.3478042197981825, 'beta_2': 0.1359355515940534, 'beta_3': 0.0017017032347209204, 'beta_4': 0.7652798000158031, 'beta_5': 65.42963122404043, 'beta_6': 0.04998496447652617, 'beta_7': 0.03153493014839921}. Best is trial 493 with value: 2345.693614299724.
[I 2026-03-31 17:35:55,436] Trial 503 finished with value: 2656.827083104635 and parameters: {'alpha_0': 0.001730667410480736, 'alpha_1': 5.564215286466317e-05, 'alpha_2': 5.192737045417553e-05, 'beta_0': 0.2363167545643683, 'beta_1': 1.1026854572162699, 'beta_2': 0.5504108502868008, 'beta_3': 0.0016718818797081562, 'beta_4': 0.7447852725907248, 'beta_5': 74.49526574683422, 'beta_6': 0.019229540352936225, 'beta_7': 0.03289267053085371}. Best is trial 493 with value: 2345.693614299724.
[I 2026-03-31 17:35:56,671] Trial 504 finished with value: 2515.2119894972493 and parameters: {'alpha_0': 0.0009092812811791108, 'alpha_1': 5.195771040075037e-05, 'alpha_2': 5.3826546877836665e-05, 'beta_0': 0.23411185421373634, 'beta_1': 1.0796840118301483, 'beta_2': 0.17739360106048174, 'beta_3': 0.0015707834355734279, 'beta_4': 0.7506721047707635, 'beta_5': 66.99935507129943, 'beta_6': 0.044041363712053666, 'beta_7': 0.032214239111014245}. Best is trial 493 with value: 2345.693614299724.
[I 2026-03-31 17:35:57,956] Trial 505 finished with value: 2657.0157084662083 and parameters: {'alpha_0': 0.0007912540044043893, 'alpha_1': 5.521875208492406e-05, 'alpha_2': 6.794526106042148e-05, 'beta_0': 0.33010506147631097, 'beta_1': 1.1298733224853503, 'beta_2': 0.5642236930390921, 'beta_3': 0.001532178583411047, 'beta_4': 0.7709686676640944, 'beta_5': 56.40126152965716, 'beta_6': 0.041557146212921656, 'beta_7': 0.03390984490025625}. Best is trial 493 with value: 2345.693614299724.
[I 2026-03-31 17:35:59,239] Trial 506 finished with value: 2678.193610549066 and parameters: {'alpha_0': 0.0008339021139820207, 'alpha_1': 0.00014230601849843624, 'alpha_2': 5.113338362785323e-05, 'beta_0': 0.2306790828649813, 'beta_1': 1.0550852138480398, 'beta_2': 0.17019539928696087, 'beta_3': 0.001712919175531881, 'beta_4': 0.721385208137523, 'beta_5': 61.8899187626094, 'beta_6': 0.07088663490793451, 'beta_7': 0.03114090826896225}. Best is trial 493 with value: 2345.693614299724.
[I 2026-03-31 17:36:00,481] Trial 507 finished with value: 2428.056052364582 and parameters: {'alpha_0': 0.0009251966027299664, 'alpha_1': 5.771367036587186e-05, 'alpha_2': 4.8263289626030334e-05, 'beta_0': 0.24591538517293687, 'beta_1': 1.008988022264199, 'beta_2': 0.156257662668427, 'beta_3': 0.0007265105024456591, 'beta_4': 0.7677487986858165, 'beta_5': 12.194523915192924, 'beta_6': 0.025204439872289118, 'beta_7': 0.032599541926120724}. Best is trial 493 with value: 2345.693614299724.
[I 2026-03-31 17:36:01,718] Trial 508 finished with value: 2458.388177075727 and parameters: {'alpha_0': 0.000868870062624541, 'alpha_1': 5.428196738782403e-05, 'alpha_2': 6.450739365910142e-05, 'beta_0': 0.338715784370804, 'beta_1': 1.09522603055534, 'beta_2': 0.5287807290409146, 'beta_3': 0.0016290191649398586, 'beta_4': 0.7809534848933181, 'beta_5': 71.68891728650266, 'beta_6': 0.03989178696864239, 'beta_7': 0.03173393120729385}. Best is trial 493 with value: 2345.693614299724.
[I 2026-03-31 17:36:02,997] Trial 509 finished with value: 2924.7368488125085 and parameters: {'alpha_0': 0.000997605852294179, 'alpha_1': 5.200340612344646e-05, 'alpha_2': 6.330321639500435e-05, 'beta_0': 0.22052677827099101, 'beta_1': 1.3355535110238401, 'beta_2': 0.1300355920186747, 'beta_3': 0.0011396309807899694, 'beta_4': 0.7427441987404613, 'beta_5': 47.5193739098298, 'beta_6': 0.028880233627708786, 'beta_7': 0.03329960768034339}. Best is trial 493 with value: 2345.693614299724.Best trial: 493. Best value: 2345.69:  51%|█████     | 509/1000 [14:12<10:24,  1.27s/it]Best trial: 493. Best value: 2345.69:  51%|█████     | 509/1000 [14:12<10:24,  1.27s/it]Best trial: 493. Best value: 2345.69:  51%|█████     | 510/1000 [14:12<10:24,  1.27s/it]                                                                                        Best trial: 493. Best value: 2345.69:  51%|█████     | 510/1000 [14:13<10:24,  1.27s/it]Best trial: 493. Best value: 2345.69:  51%|█████     | 510/1000 [14:13<10:24,  1.27s/it]Best trial: 493. Best value: 2345.69:  51%|█████     | 511/1000 [14:13<10:43,  1.32s/it]                                                                                        Best trial: 493. Best value: 2345.69:  51%|█████     | 511/1000 [14:15<10:43,  1.32s/it]Best trial: 493. Best value: 2345.69:  51%|█████     | 511/1000 [14:15<10:43,  1.32s/it]Best trial: 493. Best value: 2345.69:  51%|█████     | 512/1000 [14:15<10:30,  1.29s/it]                                                                                        Best trial: 493. Best value: 2345.69:  51%|█████     | 512/1000 [14:16<10:30,  1.29s/it]Best trial: 493. Best value: 2345.69:  51%|█████     | 512/1000 [14:16<10:30,  1.29s/it]Best trial: 493. Best value: 2345.69:  51%|█████▏    | 513/1000 [14:16<10:21,  1.28s/it]                                                                                        Best trial: 493. Best value: 2345.69:  51%|█████▏    | 513/1000 [14:17<10:21,  1.28s/it]Best trial: 493. Best value: 2345.69:  51%|█████▏    | 513/1000 [14:17<10:21,  1.28s/it]Best trial: 493. Best value: 2345.69:  51%|█████▏    | 514/1000 [14:17<10:20,  1.28s/it]                                                                                        Best trial: 493. Best value: 2345.69:  51%|█████▏    | 514/1000 [14:18<10:20,  1.28s/it]Best trial: 493. Best value: 2345.69:  51%|█████▏    | 514/1000 [14:18<10:20,  1.28s/it]Best trial: 493. Best value: 2345.69:  52%|█████▏    | 515/1000 [14:18<10:23,  1.29s/it]                                                                                        Best trial: 493. Best value: 2345.69:  52%|█████▏    | 515/1000 [14:20<10:23,  1.29s/it]Best trial: 493. Best value: 2345.69:  52%|█████▏    | 515/1000 [14:20<10:23,  1.29s/it]Best trial: 493. Best value: 2345.69:  52%|█████▏    | 516/1000 [14:20<10:22,  1.29s/it]                                                                                        Best trial: 493. Best value: 2345.69:  52%|█████▏    | 516/1000 [14:21<10:22,  1.29s/it]Best trial: 493. Best value: 2345.69:  52%|█████▏    | 516/1000 [14:21<10:22,  1.29s/it]Best trial: 493. Best value: 2345.69:  52%|█████▏    | 517/1000 [14:21<10:17,  1.28s/it]                                                                                        Best trial: 493. Best value: 2345.69:  52%|█████▏    | 517/1000 [14:22<10:17,  1.28s/it]Best trial: 493. Best value: 2345.69:  52%|█████▏    | 517/1000 [14:22<10:17,  1.28s/it]Best trial: 493. Best value: 2345.69:  52%|█████▏    | 518/1000 [14:22<10:12,  1.27s/it]                                                                                        Best trial: 493. Best value: 2345.69:  52%|█████▏    | 518/1000 [14:24<10:12,  1.27s/it]Best trial: 493. Best value: 2345.69:  52%|█████▏    | 518/1000 [14:24<10:12,  1.27s/it]Best trial: 493. Best value: 2345.69:  52%|█████▏    | 519/1000 [14:24<10:13,  1.27s/it]                                                                                        Best trial: 493. Best value: 2345.69:  52%|█████▏    | 519/1000 [14:25<10:13,  1.27s/it]Best trial: 493. Best value: 2345.69:  52%|█████▏    | 519/1000 [14:25<10:13,  1.27s/it]Best trial: 493. Best value: 2345.69:  52%|█████▏    | 520/1000 [14:25<10:12,  1.28s/it]                                                                                        Best trial: 493. Best value: 2345.69:  52%|█████▏    | 520/1000 [14:26<10:12,  1.28s/it]Best trial: 493. Best value: 2345.69:  52%|█████▏    | 520/1000 [14:26<10:12,  1.28s/it]Best trial: 493. Best value: 2345.69:  52%|█████▏    | 521/1000 [14:26<10:15,  1.29s/it]                                                                                        Best trial: 493. Best value: 2345.69:  52%|█████▏    | 521/1000 [14:27<10:15,  1.29s/it]Best trial: 493. Best value: 2345.69:  52%|█████▏    | 521/1000 [14:27<10:15,  1.29s/it]Best trial: 493. Best value: 2345.69:  52%|█████▏    | 522/1000 [14:27<10:13,  1.28s/it]                                                                                        Best trial: 493. Best value: 2345.69:  52%|█████▏    | 522/1000 [14:29<10:13,  1.28s/it]Best trial: 493. Best value: 2345.69:  52%|█████▏    | 522/1000 [14:29<10:13,  1.28s/it]Best trial: 493. Best value: 2345.69:  52%|█████▏    | 523/1000 [14:29<10:09,  1.28s/it]                                                                                        Best trial: 493. Best value: 2345.69:  52%|█████▏    | 523/1000 [14:30<10:09,  1.28s/it]Best trial: 493. Best value: 2345.69:  52%|█████▏    | 523/1000 [14:30<10:09,  1.28s/it]Best trial: 493. Best value: 2345.69:  52%|█████▏    | 524/1000 [14:30<10:15,  1.29s/it]                                                                                        Best trial: 493. Best value: 2345.69:  52%|█████▏    | 524/1000 [14:31<10:15,  1.29s/it]Best trial: 493. Best value: 2345.69:  52%|█████▏    | 524/1000 [14:31<10:15,  1.29s/it]Best trial: 493. Best value: 2345.69:  52%|█████▎    | 525/1000 [14:31<10:32,  1.33s/it]                                                                                        Best trial: 493. Best value: 2345.69:  52%|█████▎    | 525/1000 [14:33<10:32,  1.33s/it]Best trial: 493. Best value: 2345.69:  52%|█████▎    | 525/1000 [14:33<10:32,  1.33s/it]Best trial: 493. Best value: 2345.69:  53%|█████▎    | 526/1000 [14:33<10:20,  1.31s/it]                                                                                        
[I 2026-03-31 17:36:04,413] Trial 510 finished with value: 2641.5209677078656 and parameters: {'alpha_0': 0.0017951802191882775, 'alpha_1': 5.785548473919591e-05, 'alpha_2': 0.00011929309465639131, 'beta_0': 0.2505116831541526, 'beta_1': 0.8786797648479042, 'beta_2': 0.1426743391834214, 'beta_3': 0.0006779183799146086, 'beta_4': 0.7562713782826731, 'beta_5': 64.37834412320623, 'beta_6': 0.03255328080608459, 'beta_7': 0.03067571048436893}. Best is trial 493 with value: 2345.693614299724.
[I 2026-03-31 17:36:05,651] Trial 511 finished with value: 2541.2236148818974 and parameters: {'alpha_0': 0.0022045694108926085, 'alpha_1': 5.432972045164902e-05, 'alpha_2': 5.240529192960285e-05, 'beta_0': 0.28412344298709336, 'beta_1': 1.3111375721569425, 'beta_2': 0.10102156678526271, 'beta_3': 0.0017305616856108767, 'beta_4': 0.779242705054759, 'beta_5': 58.09926651403338, 'beta_6': 0.04338279711152915, 'beta_7': 0.03198430609138894}. Best is trial 493 with value: 2345.693614299724.
[I 2026-03-31 17:36:06,887] Trial 512 finished with value: 2458.444232919286 and parameters: {'alpha_0': 0.0009434786104077581, 'alpha_1': 5.624009104907688e-05, 'alpha_2': 6.888117128240083e-05, 'beta_0': 0.4594382954138222, 'beta_1': 1.2773974701704611, 'beta_2': 0.11740711561287294, 'beta_3': 0.0007996144287457795, 'beta_4': 0.789921958909163, 'beta_5': 52.14066156533938, 'beta_6': 0.03407755001376141, 'beta_7': 0.032560996517030094}. Best is trial 493 with value: 2345.693614299724.
[I 2026-03-31 17:36:08,164] Trial 513 finished with value: 2503.7708145185798 and parameters: {'alpha_0': 0.0008971966454858299, 'alpha_1': 5.19101715291109e-05, 'alpha_2': 5.616392720782293e-05, 'beta_0': 0.3844999357298946, 'beta_1': 1.0758026037546031, 'beta_2': 0.15405847922181293, 'beta_3': 0.0016772445388825031, 'beta_4': 0.7642582828009598, 'beta_5': 45.98609276195605, 'beta_6': 0.0378810299002558, 'beta_7': 0.031145518699729768}. Best is trial 493 with value: 2345.693614299724.
[I 2026-03-31 17:36:09,470] Trial 514 finished with value: 2700.3184401097005 and parameters: {'alpha_0': 0.0013730771250650947, 'alpha_1': 5.864724910471046e-05, 'alpha_2': 6.689947301332562e-05, 'beta_0': 0.32232879803784065, 'beta_1': 1.360948970665283, 'beta_2': 0.4078391497323703, 'beta_3': 0.0005775302243612002, 'beta_4': 0.735927340698474, 'beta_5': 54.11922804240983, 'beta_6': 0.07723507844426929, 'beta_7': 0.031588167945176826}. Best is trial 493 with value: 2345.693614299724.
[I 2026-03-31 17:36:10,757] Trial 515 finished with value: 2773.9317436708434 and parameters: {'alpha_0': 0.0008114064786565869, 'alpha_1': 5.369736507799131e-05, 'alpha_2': 6.517514049072478e-05, 'beta_0': 0.36373745575298766, 'beta_1': 1.0211469557354265, 'beta_2': 0.13138317309155498, 'beta_3': 0.0016593985643824467, 'beta_4': 0.7051175190697943, 'beta_5': 60.25059425142363, 'beta_6': 0.031318309305668784, 'beta_7': 0.033425682683769886}. Best is trial 493 with value: 2345.693614299724.
[I 2026-03-31 17:36:12,017] Trial 516 finished with value: 2500.8163503022697 and parameters: {'alpha_0': 0.0010195594445205616, 'alpha_1': 5.655145611871445e-05, 'alpha_2': 7.048251929178238e-05, 'beta_0': 0.33751778736557914, 'beta_1': 1.0887092008657748, 'beta_2': 0.14342317852300832, 'beta_3': 0.0009463913236638039, 'beta_4': 1.1386860038592148, 'beta_5': 68.84473802119973, 'beta_6': 0.04617288286950847, 'beta_7': 0.03269855398941728}. Best is trial 493 with value: 2345.693614299724.
[I 2026-03-31 17:36:13,274] Trial 517 finished with value: 2556.830095497142 and parameters: {'alpha_0': 0.0022395131222612296, 'alpha_1': 5.035018314995806e-05, 'alpha_2': 6.095894625342928e-05, 'beta_0': 0.37403170999203583, 'beta_1': 1.11053959769603, 'beta_2': 0.16530958029188572, 'beta_3': 0.0017049458089975632, 'beta_4': 0.7775019655976779, 'beta_5': 63.056318253633954, 'beta_6': 0.028765755763982756, 'beta_7': 0.03213125278355594}. Best is trial 493 with value: 2345.693614299724.
[I 2026-03-31 17:36:14,556] Trial 518 finished with value: 2583.887076898558 and parameters: {'alpha_0': 0.0009571288769038409, 'alpha_1': 5.394460476053971e-05, 'alpha_2': 6.687878532813768e-05, 'beta_0': 0.33064522600104335, 'beta_1': 1.0577276459111284, 'beta_2': 0.5480973148774597, 'beta_3': 0.0017318698592351895, 'beta_4': 0.796330917411198, 'beta_5': 57.94261710586832, 'beta_6': 0.040304279872056856, 'beta_7': 0.03032449805378334}. Best is trial 493 with value: 2345.693614299724.
[I 2026-03-31 17:36:15,837] Trial 519 finished with value: 2617.9291544521284 and parameters: {'alpha_0': 0.0008672895493550691, 'alpha_1': 5.902651585547396e-05, 'alpha_2': 6.347972458675478e-05, 'beta_0': 0.3445336456002358, 'beta_1': 1.0412564315174315, 'beta_2': 0.11265346724531072, 'beta_3': 0.0019262179814638913, 'beta_4': 0.7529389325525463, 'beta_5': 65.72214332389524, 'beta_6': 0.025122479504745422, 'beta_7': 0.034200866793542416}. Best is trial 493 with value: 2345.693614299724.
[I 2026-03-31 17:36:17,143] Trial 520 finished with value: 2607.942521262397 and parameters: {'alpha_0': 0.0018484797178088958, 'alpha_1': 5.5843066661576975e-05, 'alpha_2': 6.86724607663694e-05, 'beta_0': 0.3572611444462985, 'beta_1': 1.0826305598457109, 'beta_2': 0.21290439858342308, 'beta_3': 0.0016460591304247741, 'beta_4': 0.7318992129914177, 'beta_5': 55.405872678786714, 'beta_6': 0.06497209475458487, 'beta_7': 0.031334863796119224}. Best is trial 493 with value: 2345.693614299724.
[I 2026-03-31 17:36:18,422] Trial 521 finished with value: 2485.3381851329914 and parameters: {'alpha_0': 0.0009134185064212597, 'alpha_1': 5.0081571059890324e-05, 'alpha_2': 6.475990810005088e-05, 'beta_0': 0.3201378999893859, 'beta_1': 1.142609358078441, 'beta_2': 0.12644515457741728, 'beta_3': 0.0007682983424960925, 'beta_4': 0.7784595362957415, 'beta_5': 80.98414037800227, 'beta_6': 0.03489523058357972, 'beta_7': 0.03202078484269677}. Best is trial 493 with value: 2345.693614299724.
[I 2026-03-31 17:36:19,686] Trial 522 finished with value: 2909.3494801206093 and parameters: {'alpha_0': 0.0009884862068772265, 'alpha_1': 5.2785847073205325e-05, 'alpha_2': 6.597606106617355e-05, 'beta_0': 0.29348471450820957, 'beta_1': 1.2910212587877756, 'beta_2': 0.14996084783659558, 'beta_3': 0.0015892069246773257, 'beta_4': 0.7598432634382948, 'beta_5': 60.78172699121585, 'beta_6': 0.0370016518507959, 'beta_7': 0.032831850990063305}. Best is trial 493 with value: 2345.693614299724.
[I 2026-03-31 17:36:21,014] Trial 523 finished with value: 2566.749839572255 and parameters: {'alpha_0': 0.0005823445054835147, 'alpha_1': 0.00013235753501813894, 'alpha_2': 7.199037975696178e-05, 'beta_0': 0.3292556833084294, 'beta_1': 1.123245481912453, 'beta_2': 0.13823928652778236, 'beta_3': 0.0008355716532304399, 'beta_4': 0.7979758122751411, 'beta_5': 59.097083928328, 'beta_6': 0.03155927615286251, 'beta_7': 0.030887749588284566}. Best is trial 493 with value: 2345.693614299724.
[I 2026-03-31 17:36:22,438] Trial 524 finished with value: 2954.3392404782326 and parameters: {'alpha_0': 0.0008406076485881424, 'alpha_1': 5.699629481456197e-05, 'alpha_2': 6.213470075947352e-05, 'beta_0': 0.30326249857352866, 'beta_1': 1.0600469589675392, 'beta_2': 0.10850470814914853, 'beta_3': 0.0003015243941686291, 'beta_4': 0.7881512249133438, 'beta_5': 62.669569322616454, 'beta_6': 0.04824713885258045, 'beta_7': 0.029528610511684567}. Best is trial 493 with value: 2345.693614299724.
[I 2026-03-31 17:36:23,696] Trial 525 finished with value: 2439.60572090587 and parameters: {'alpha_0': 0.0010355058786072513, 'alpha_1': 5.923105323017908e-05, 'alpha_2': 5.9901222487429055e-05, 'beta_0': 0.33981564480396775, 'beta_1': 1.3204772000758862, 'beta_2': 0.12087670310969595, 'beta_3': 0.0016952083789163535, 'beta_4': 0.7193378630205453, 'beta_5': 57.068315522673544, 'beta_6': 0.023522904426611264, 'beta_7': 0.0315364202438028}. Best is trial 493 with value: 2345.693614299724.
