[I 2026-03-31 17:48:19,034] Trial 985 finished with value: 2535.5556742884282 and parameters: {'alpha_0': 0.0016610003718822857, 'alpha_1': 5.006017411817691e-05, 'alpha_2': 9.969982863856482e-05, 'beta_0': 0.46161465384833444, 'beta_1': 0.8883332510146293, 'beta_2': 0.2165445111560711, 'beta_3': 0.0015080083891177564, 'beta_4': 0.9210171243129616, 'beta_5': 27.045946722240025, 'beta_6': 0.0076179239482883215, 'beta_7': 0.030917357500743866}. Best is trial 921 with value: 2319.5643249196864.Best trial: 921. Best value: 2319.56:  98%|█████████▊| 985/1000 [26:28<00:31,  2.10s/it]Best trial: 921. Best value: 2319.56:  98%|█████████▊| 985/1000 [26:28<00:31,  2.10s/it]Best trial: 921. Best value: 2319.56:  99%|█████████▊| 986/1000 [26:28<00:25,  1.85s/it]                                                                                        Best trial: 921. Best value: 2319.56:  99%|█████████▊| 986/1000 [26:29<00:25,  1.85s/it]Best trial: 921. Best value: 2319.56:  99%|█████████▊| 986/1000 [26:29<00:25,  1.85s/it]Best trial: 921. Best value: 2319.56:  99%|█████████▊| 987/1000 [26:29<00:21,  1.67s/it]                                                                                        Best trial: 921. Best value: 2319.56:  99%|█████████▊| 987/1000 [26:31<00:21,  1.67s/it]Best trial: 921. Best value: 2319.56:  99%|█████████▊| 987/1000 [26:31<00:21,  1.67s/it]Best trial: 921. Best value: 2319.56:  99%|█████████▉| 988/1000 [26:31<00:18,  1.55s/it]                                                                                        Best trial: 921. Best value: 2319.56:  99%|█████████▉| 988/1000 [26:32<00:18,  1.55s/it]Best trial: 921. Best value: 2319.56:  99%|█████████▉| 988/1000 [26:32<00:18,  1.55s/it]Best trial: 921. Best value: 2319.56:  99%|█████████▉| 989/1000 [26:32<00:16,  1.48s/it]                                                                                        Best trial: 921. Best value: 2319.56:  99%|█████████▉| 989/1000 [26:33<00:16,  1.48s/it]Best trial: 921. Best value: 2319.56:  99%|█████████▉| 989/1000 [26:33<00:16,  1.48s/it]Best trial: 921. Best value: 2319.56:  99%|█████████▉| 990/1000 [26:33<00:14,  1.42s/it]                                                                                        Best trial: 921. Best value: 2319.56:  99%|█████████▉| 990/1000 [26:34<00:14,  1.42s/it]Best trial: 921. Best value: 2319.56:  99%|█████████▉| 990/1000 [26:34<00:14,  1.42s/it]Best trial: 921. Best value: 2319.56:  99%|█████████▉| 991/1000 [26:34<00:12,  1.37s/it]                                                                                        Best trial: 921. Best value: 2319.56:  99%|█████████▉| 991/1000 [26:36<00:12,  1.37s/it]Best trial: 921. Best value: 2319.56:  99%|█████████▉| 991/1000 [26:36<00:12,  1.37s/it]Best trial: 921. Best value: 2319.56:  99%|█████████▉| 992/1000 [26:36<00:10,  1.35s/it]                                                                                        Best trial: 921. Best value: 2319.56:  99%|█████████▉| 992/1000 [26:37<00:10,  1.35s/it]Best trial: 921. Best value: 2319.56:  99%|█████████▉| 992/1000 [26:37<00:10,  1.35s/it]Best trial: 921. Best value: 2319.56:  99%|█████████▉| 993/1000 [26:37<00:09,  1.34s/it]                                                                                        Best trial: 921. Best value: 2319.56:  99%|█████████▉| 993/1000 [26:38<00:09,  1.34s/it]Best trial: 921. Best value: 2319.56:  99%|█████████▉| 993/1000 [26:38<00:09,  1.34s/it]Best trial: 921. Best value: 2319.56:  99%|█████████▉| 994/1000 [26:38<00:07,  1.31s/it]                                                                                        Best trial: 921. Best value: 2319.56:  99%|█████████▉| 994/1000 [26:40<00:07,  1.31s/it]Best trial: 921. Best value: 2319.56:  99%|█████████▉| 994/1000 [26:40<00:07,  1.31s/it]Best trial: 921. Best value: 2319.56: 100%|█████████▉| 995/1000 [26:40<00:06,  1.30s/it]                                                                                        Best trial: 921. Best value: 2319.56: 100%|█████████▉| 995/1000 [26:41<00:06,  1.30s/it]Best trial: 921. Best value: 2319.56: 100%|█████████▉| 995/1000 [26:41<00:06,  1.30s/it]Best trial: 921. Best value: 2319.56: 100%|█████████▉| 996/1000 [26:41<00:05,  1.29s/it]                                                                                        Best trial: 921. Best value: 2319.56: 100%|█████████▉| 996/1000 [26:42<00:05,  1.29s/it]Best trial: 921. Best value: 2319.56: 100%|█████████▉| 996/1000 [26:42<00:05,  1.29s/it]Best trial: 921. Best value: 2319.56: 100%|█████████▉| 997/1000 [26:42<00:03,  1.29s/it]                                                                                        Best trial: 921. Best value: 2319.56: 100%|█████████▉| 997/1000 [26:43<00:03,  1.29s/it]Best trial: 921. Best value: 2319.56: 100%|█████████▉| 997/1000 [26:43<00:03,  1.29s/it]Best trial: 921. Best value: 2319.56: 100%|█████████▉| 998/1000 [26:43<00:02,  1.29s/it]                                                                                        Best trial: 921. Best value: 2319.56: 100%|█████████▉| 998/1000 [26:45<00:02,  1.29s/it]Best trial: 921. Best value: 2319.56: 100%|█████████▉| 998/1000 [26:45<00:02,  1.29s/it]Best trial: 921. Best value: 2319.56: 100%|█████████▉| 999/1000 [26:45<00:01,  1.28s/it]                                                                                        Best trial: 921. Best value: 2319.56: 100%|█████████▉| 999/1000 [26:46<00:01,  1.28s/it]Best trial: 921. Best value: 2319.56: 100%|█████████▉| 999/1000 [26:46<00:01,  1.28s/it]Best trial: 921. Best value: 2319.56: 100%|██████████| 1000/1000 [26:46<00:00,  1.27s/it]Best trial: 921. Best value: 2319.56: 100%|██████████| 1000/1000 [26:46<00:00,  1.61s/it]

[I 2026-03-31 17:48:20,270] Trial 986 finished with value: 2414.4641682006127 and parameters: {'alpha_0': 0.0017910285694687808, 'alpha_1': 5.3264254887777765e-05, 'alpha_2': 9.680533413600278e-05, 'beta_0': 0.44933875721617733, 'beta_1': 0.9333285173082839, 'beta_2': 0.227305081104978, 'beta_3': 0.0011898095341575162, 'beta_4': 0.9072837521736163, 'beta_5': 28.025300131351255, 'beta_6': 0.010899915564657619, 'beta_7': 0.032137990267739516}. Best is trial 921 with value: 2319.5643249196864.
[I 2026-03-31 17:48:21,544] Trial 987 finished with value: 3940.6708223497644 and parameters: {'alpha_0': 0.0016086288288064009, 'alpha_1': 5.585097930637332e-05, 'alpha_2': 9.434446056837813e-05, 'beta_0': 0.4401191165866664, 'beta_1': 1.4995422253472774, 'beta_2': 0.2117662789372248, 'beta_3': 0.0013851769535416238, 'beta_4': 0.9619725067160778, 'beta_5': 23.904236653428264, 'beta_6': 0.0071706709386766005, 'beta_7': 0.03297353198096212}. Best is trial 921 with value: 2319.5643249196864.
[I 2026-03-31 17:48:22,850] Trial 988 finished with value: 2429.26443219024 and parameters: {'alpha_0': 0.0013750883042817192, 'alpha_1': 5.183487332017164e-05, 'alpha_2': 9.76719979997304e-05, 'beta_0': 0.4458933309553943, 'beta_1': 0.9044842544123242, 'beta_2': 0.1789315088030192, 'beta_3': 0.0014267984249302901, 'beta_4': 0.9357292802181232, 'beta_5': 22.34082013140172, 'beta_6': 0.0052036310989635945, 'beta_7': 0.031707130488938286}. Best is trial 921 with value: 2319.5643249196864.
[I 2026-03-31 17:48:24,143] Trial 989 finished with value: 2713.7660952147603 and parameters: {'alpha_0': 0.001576910104764773, 'alpha_1': 0.00014750121023213568, 'alpha_2': 9.520861270311554e-05, 'beta_0': 0.43334985032056605, 'beta_1': 0.9239846561580205, 'beta_2': 0.21329095398758885, 'beta_3': 0.001245908546646805, 'beta_4': 0.9504992474012182, 'beta_5': 30.681683330202063, 'beta_6': 0.005014007487342595, 'beta_7': 0.03448994432342182}. Best is trial 921 with value: 2319.5643249196864.
[I 2026-03-31 17:48:25,409] Trial 990 finished with value: 2359.704884954858 and parameters: {'alpha_0': 0.0016965051761892926, 'alpha_1': 5.3518991216289445e-05, 'alpha_2': 9.388553743344393e-05, 'beta_0': 0.45008169560525996, 'beta_1': 0.8682951126770798, 'beta_2': 0.19551515150277715, 'beta_3': 0.0013248678416715178, 'beta_4': 0.9198449590147976, 'beta_5': 20.404930289186872, 'beta_6': 0.008946400071350204, 'beta_7': 0.03233017074509522}. Best is trial 921 with value: 2319.5643249196864.
[I 2026-03-31 17:48:26,708] Trial 991 finished with value: 2619.63405158753 and parameters: {'alpha_0': 0.0016332371390904794, 'alpha_1': 5.0007851430881105e-05, 'alpha_2': 0.00010350458906661828, 'beta_0': 0.4665466589285068, 'beta_1': 0.8837216859543076, 'beta_2': 0.203876567933426, 'beta_3': 0.0013615241822975137, 'beta_4': 0.9651442173634907, 'beta_5': 26.68451960256411, 'beta_6': 0.01161966659225048, 'beta_7': 0.033414292723469706}. Best is trial 921 with value: 2319.5643249196864.
[I 2026-03-31 17:48:28,005] Trial 992 finished with value: 2424.50922987901 and parameters: {'alpha_0': 0.0018271257861990182, 'alpha_1': 5.1817770532637934e-05, 'alpha_2': 0.00010059195448684071, 'beta_0': 0.44087255650626034, 'beta_1': 0.9377121426668105, 'beta_2': 0.2194356294686585, 'beta_3': 0.0014859193163749957, 'beta_4': 0.932578634483555, 'beta_5': 37.602986261203164, 'beta_6': 0.009265891862028613, 'beta_7': 0.03116563011490579}. Best is trial 921 with value: 2319.5643249196864.
[I 2026-03-31 17:48:29,264] Trial 993 finished with value: 2320.661407155792 and parameters: {'alpha_0': 0.0015702261170916466, 'alpha_1': 5.5082355951922416e-05, 'alpha_2': 9.652073270266867e-05, 'beta_0': 0.4297113969806393, 'beta_1': 0.8411855462849442, 'beta_2': 0.25611194753329297, 'beta_3': 0.0012793095280186897, 'beta_4': 0.9015228785014847, 'beta_5': 28.433492567643267, 'beta_6': 0.005042080942695686, 'beta_7': 0.03239051004276558}. Best is trial 921 with value: 2319.5643249196864.
[I 2026-03-31 17:48:30,547] Trial 994 finished with value: 2633.5420442836935 and parameters: {'alpha_0': 0.0015739748156024462, 'alpha_1': 5.7416616930831576e-05, 'alpha_2': 9.282787046291522e-05, 'beta_0': 0.42711086077102167, 'beta_1': 0.8230343017117248, 'beta_2': 0.2664657060920978, 'beta_3': 0.0012370801254239282, 'beta_4': 0.8946763385733182, 'beta_5': 32.68968344804104, 'beta_6': 0.005081792185260025, 'beta_7': 0.033301342819320026}. Best is trial 921 with value: 2319.5643249196864.
[I 2026-03-31 17:48:31,809] Trial 995 finished with value: 2509.126187840234 and parameters: {'alpha_0': 0.0016142739684251424, 'alpha_1': 5.585354023344753e-05, 'alpha_2': 9.723437730810163e-05, 'beta_0': 0.41930083311780825, 'beta_1': 0.8626809944648479, 'beta_2': 0.24591242009437245, 'beta_3': 0.001264775189133063, 'beta_4': 0.8927128033835997, 'beta_5': 29.658536730031027, 'beta_6': 0.007884429885564237, 'beta_7': 0.03267495773424608}. Best is trial 921 with value: 2319.5643249196864.
[I 2026-03-31 17:48:33,080] Trial 996 finished with value: 2939.819706443307 and parameters: {'alpha_0': 0.0015424973897920206, 'alpha_1': 5.506935929030796e-05, 'alpha_2': 9.839480019889245e-05, 'beta_0': 0.4297912081839692, 'beta_1': 0.8728541077837245, 'beta_2': 0.1856223170679388, 'beta_3': 0.0012172497101377382, 'beta_4': 0.9008401589382101, 'beta_5': 35.11360114583738, 'beta_6': 0.011213276250457274, 'beta_7': 0.03306905467321783}. Best is trial 921 with value: 2319.5643249196864.
[I 2026-03-31 17:48:34,371] Trial 997 finished with value: 2518.7055191017316 and parameters: {'alpha_0': 0.0016603563130852467, 'alpha_1': 5.7809100015271396e-05, 'alpha_2': 9.494896534235408e-05, 'beta_0': 0.4191775040590351, 'beta_1': 0.8357709211332419, 'beta_2': 0.25214692540746375, 'beta_3': 0.0012910655400896344, 'beta_4': 0.916743757485839, 'beta_5': 31.96333891648389, 'beta_6': 0.006965373693296326, 'beta_7': 0.03175611653143312}. Best is trial 921 with value: 2319.5643249196864.
[I 2026-03-31 17:48:35,650] Trial 998 finished with value: 2599.0809628488687 and parameters: {'alpha_0': 0.0015731069270725517, 'alpha_1': 5.1722437005889345e-05, 'alpha_2': 9.265985052822858e-05, 'beta_0': 0.4344638637475791, 'beta_1': 0.8465861899700885, 'beta_2': 0.17226176816072636, 'beta_3': 0.00127449421881584, 'beta_4': 0.8849275602742032, 'beta_5': 29.376580497317562, 'beta_6': 0.00936016764794097, 'beta_7': 0.033949103985155875}. Best is trial 921 with value: 2319.5643249196864.
[I 2026-03-31 17:48:36,870] Trial 999 finished with value: 2483.0525204916157 and parameters: {'alpha_0': 0.0014739739735218646, 'alpha_1': 5.48725436340358e-05, 'alpha_2': 0.00010098902299493032, 'beta_0': 0.41335286241120617, 'beta_1': 0.858766189097216, 'beta_2': 0.23734118320344016, 'beta_3': 0.0013231543228140684, 'beta_4': 0.9048470495887058, 'beta_5': 39.3526262820745, 'beta_6': 0.006969726259642038, 'beta_7': 0.03247316974651324}. Best is trial 921 with value: 2319.5643249196864.

======================================================================
OPTIMIZATION COMPLETE
======================================================================

Best loss: 2319.564325
Best alpha: [0.001464501410943408, 5.469223537697539e-05, 9.130970874697072e-05]
Best beta: [0.39237120275797077, 0.9162413339145942, 0.21093202770665925, 0.001388753864397435, 0.943195690719604, 32.53498599753915, 0.005087025932159832, 0.03227768244227868]
Trials completed: 1000/1000
Optimization time: 1606.4s
Time per trial: 1.61s

======================================================================
POST-CONVERGENCE EVALUATION
======================================================================

Per-experiment metrics:
  /Users/dipanwitaguhathakurta/Downloads/inference-sim-package/inference-sim/training/trainval_data/62-mistral-nemo-12b-tp2-general-lite-2-1: TTFT APE=3774.063%, E2E APE=2904.786%
  /Users/dipanwitaguhathakurta/Downloads/inference-sim-package/inference-sim/training/trainval_data/20260217-155451-llama-2-7b-tp1-codegen: TTFT APE=1334.057%, E2E APE=1216.293%
  /Users/dipanwitaguhathakurta/Downloads/inference-sim-package/inference-sim/training/trainval_data/65-01-ai-yi-34b-tp2-general-lite-2-1: TTFT APE=1198.172%, E2E APE=1086.942%
  /Users/dipanwitaguhathakurta/Downloads/inference-sim-package/inference-sim/training/trainval_data/63-mistral-nemo-12b-tp1-codegen-1-1: TTFT APE=1188.053%, E2E APE=957.508%
  /Users/dipanwitaguhathakurta/Downloads/inference-sim-package/inference-sim/training/trainval_data/60-llama-3-1-70b-tp4-general-lite-4-1: TTFT APE=1033.110%, E2E APE=926.293%
  /Users/dipanwitaguhathakurta/Downloads/inference-sim-package/inference-sim/training/trainval_data/64-qwen2-5-7b-instruct-tp1-roleplay-1-1: TTFT APE=1029.093%, E2E APE=822.249%
  /Users/dipanwitaguhathakurta/Downloads/inference-sim-package/inference-sim/training/trainval_data/20260217-231439-llama-2-7b-tp1-general: TTFT APE=1559.104%, E2E APE=286.589%
  /Users/dipanwitaguhathakurta/Downloads/inference-sim-package/inference-sim/training/trainval_data/20260217-162547-llama-2-7b-tp1-roleplay: TTFT APE=1021.665%, E2E APE=689.063%
  /Users/dipanwitaguhathakurta/Downloads/inference-sim-package/inference-sim/training/trainval_data/17-llama-4-scout-17b-16e-tp2-general-lite-2-1: TTFT APE=767.301%, E2E APE=828.864%
  /Users/dipanwitaguhathakurta/Downloads/inference-sim-package/inference-sim/training/trainval_data/61-llama-3-1-70b-tp4-codegen-4-1: TTFT APE=616.517%, E2E APE=460.062%
  /Users/dipanwitaguhathakurta/Downloads/inference-sim-package/inference-sim/training/trainval_data/20-llama-4-scout-17b-16e-tp2-codegen-2: TTFT APE=543.766%, E2E APE=334.164%
  /Users/dipanwitaguhathakurta/Downloads/inference-sim-package/inference-sim/training/trainval_data/21-llama-4-scout-17b-16e-tp2-roleplay-2: TTFT APE=342.125%, E2E APE=181.348%
  /Users/dipanwitaguhathakurta/Downloads/inference-sim-package/inference-sim/training/trainval_data/48-llama-4-scout-17b-16e-tp2-reasoning-lite-2-1: TTFT APE=100.000%, E2E APE=100.000%
  /Users/dipanwitaguhathakurta/Downloads/inference-sim-package/inference-sim/training/trainval_data/66-qwen2-5-7b-instruct-tp1-reasoning-lite-1-1: TTFT APE=100.000%, E2E APE=100.000%
  /Users/dipanwitaguhathakurta/Downloads/inference-sim-package/inference-sim/training/trainval_data/67-llama-2-7b-hf-tp1-reasoning-lite-1-1: TTFT APE=100.000%, E2E APE=100.000%

Results saved to: iterations/iter14/inner_loop_results.json

======================================================================
INNER LOOP COMPLETE
======================================================================
