[I 2026-03-31 17:31:21,752] Trial 322 finished with value: 2390.289706003029 and parameters: {'alpha_0': 0.0009484106032859611, 'alpha_1': 5.3316865768498074e-05, 'alpha_2': 7.161905145847768e-05, 'beta_0': 0.3546933828995011, 'beta_1': 1.323001092628108, 'beta_2': 0.29502533197842495, 'beta_3': 0.0008140397975364592, 'beta_4': 0.7495602580207789, 'beta_5': 91.50221240165266, 'beta_6': 0.04337050744091426, 'beta_7': 0.032760363218821344}. Best is trial 175 with value: 2367.0380894697555.Best trial: 175. Best value: 2367.04:  32%|███▏      | 322/1000 [09:31<14:18,  1.27s/it]Best trial: 175. Best value: 2367.04:  32%|███▏      | 322/1000 [09:31<14:18,  1.27s/it]Best trial: 175. Best value: 2367.04:  32%|███▏      | 323/1000 [09:31<14:10,  1.26s/it]                                                                                        Best trial: 175. Best value: 2367.04:  32%|███▏      | 323/1000 [09:32<14:10,  1.26s/it]Best trial: 175. Best value: 2367.04:  32%|███▏      | 323/1000 [09:32<14:10,  1.26s/it]Best trial: 175. Best value: 2367.04:  32%|███▏      | 324/1000 [09:32<14:12,  1.26s/it]                                                                                        Best trial: 175. Best value: 2367.04:  32%|███▏      | 324/1000 [09:33<14:12,  1.26s/it]Best trial: 175. Best value: 2367.04:  32%|███▏      | 324/1000 [09:33<14:12,  1.26s/it]Best trial: 175. Best value: 2367.04:  32%|███▎      | 325/1000 [09:33<13:50,  1.23s/it]                                                                                        Best trial: 175. Best value: 2367.04:  32%|███▎      | 325/1000 [09:34<13:50,  1.23s/it]Best trial: 175. Best value: 2367.04:  32%|███▎      | 325/1000 [09:34<13:50,  1.23s/it]Best trial: 175. Best value: 2367.04:  33%|███▎      | 326/1000 [09:34<13:50,  1.23s/it]                                                                                        Best trial: 175. Best value: 2367.04:  33%|███▎      | 326/1000 [09:36<13:50,  1.23s/it]Best trial: 175. Best value: 2367.04:  33%|███▎      | 326/1000 [09:36<13:50,  1.23s/it]Best trial: 175. Best value: 2367.04:  33%|███▎      | 327/1000 [09:36<13:55,  1.24s/it]                                                                                        Best trial: 175. Best value: 2367.04:  33%|███▎      | 327/1000 [09:37<13:55,  1.24s/it]Best trial: 175. Best value: 2367.04:  33%|███▎      | 327/1000 [09:37<13:55,  1.24s/it]Best trial: 175. Best value: 2367.04:  33%|███▎      | 328/1000 [09:37<13:59,  1.25s/it]                                                                                        Best trial: 175. Best value: 2367.04:  33%|███▎      | 328/1000 [09:38<13:59,  1.25s/it]Best trial: 175. Best value: 2367.04:  33%|███▎      | 328/1000 [09:38<13:59,  1.25s/it]Best trial: 175. Best value: 2367.04:  33%|███▎      | 329/1000 [09:38<14:02,  1.26s/it]                                                                                        Best trial: 175. Best value: 2367.04:  33%|███▎      | 329/1000 [09:39<14:02,  1.26s/it]Best trial: 175. Best value: 2367.04:  33%|███▎      | 329/1000 [09:39<14:02,  1.26s/it]Best trial: 175. Best value: 2367.04:  33%|███▎      | 330/1000 [09:39<14:00,  1.25s/it]                                                                                        Best trial: 175. Best value: 2367.04:  33%|███▎      | 330/1000 [09:41<14:00,  1.25s/it]Best trial: 175. Best value: 2367.04:  33%|███▎      | 330/1000 [09:41<14:00,  1.25s/it]Best trial: 175. Best value: 2367.04:  33%|███▎      | 331/1000 [09:41<13:58,  1.25s/it]                                                                                        Best trial: 175. Best value: 2367.04:  33%|███▎      | 331/1000 [09:42<13:58,  1.25s/it]Best trial: 175. Best value: 2367.04:  33%|███▎      | 331/1000 [09:42<13:58,  1.25s/it]Best trial: 175. Best value: 2367.04:  33%|███▎      | 332/1000 [09:42<14:01,  1.26s/it]                                                                                        Best trial: 175. Best value: 2367.04:  33%|███▎      | 332/1000 [09:43<14:01,  1.26s/it]Best trial: 175. Best value: 2367.04:  33%|███▎      | 332/1000 [09:43<14:01,  1.26s/it]Best trial: 175. Best value: 2367.04:  33%|███▎      | 333/1000 [09:43<14:08,  1.27s/it]                                                                                        Best trial: 175. Best value: 2367.04:  33%|███▎      | 333/1000 [09:45<14:08,  1.27s/it]Best trial: 175. Best value: 2367.04:  33%|███▎      | 333/1000 [09:45<14:08,  1.27s/it]Best trial: 175. Best value: 2367.04:  33%|███▎      | 334/1000 [09:45<14:06,  1.27s/it]                                                                                        Best trial: 175. Best value: 2367.04:  33%|███▎      | 334/1000 [09:46<14:06,  1.27s/it]Best trial: 175. Best value: 2367.04:  33%|███▎      | 334/1000 [09:46<14:06,  1.27s/it]Best trial: 175. Best value: 2367.04:  34%|███▎      | 335/1000 [09:46<13:59,  1.26s/it]                                                                                        Best trial: 175. Best value: 2367.04:  34%|███▎      | 335/1000 [09:47<13:59,  1.26s/it]Best trial: 175. Best value: 2367.04:  34%|███▎      | 335/1000 [09:47<13:59,  1.26s/it]Best trial: 175. Best value: 2367.04:  34%|███▎      | 336/1000 [09:47<13:54,  1.26s/it]                                                                                        Best trial: 175. Best value: 2367.04:  34%|███▎      | 336/1000 [09:48<13:54,  1.26s/it]Best trial: 175. Best value: 2367.04:  34%|███▎      | 336/1000 [09:48<13:54,  1.26s/it]Best trial: 175. Best value: 2367.04:  34%|███▎      | 337/1000 [09:48<13:51,  1.25s/it]                                                                                        Best trial: 175. Best value: 2367.04:  34%|███▎      | 337/1000 [09:50<13:51,  1.25s/it]Best trial: 175. Best value: 2367.04:  34%|███▎      | 337/1000 [09:50<13:51,  1.25s/it]Best trial: 175. Best value: 2367.04:  34%|███▍      | 338/1000 [09:50<13:56,  1.26s/it]                                                                                        Best trial: 175. Best value: 2367.04:  34%|███▍      | 338/1000 [09:51<13:56,  1.26s/it]Best trial: 175. Best value: 2367.04:  34%|███▍      | 338/1000 [09:51<13:56,  1.26s/it]Best trial: 175. Best value: 2367.04:  34%|███▍      | 339/1000 [09:51<13:55,  1.26s/it]                                                                                        
[I 2026-03-31 17:31:23,027] Trial 323 finished with value: 2611.684582542369 and parameters: {'alpha_0': 0.0009555505741780358, 'alpha_1': 5.0336303009700685e-05, 'alpha_2': 7.267831191067029e-05, 'beta_0': 0.3603953542119815, 'beta_1': 1.3346939892584981, 'beta_2': 0.1275969632158552, 'beta_3': 0.0008430268780302176, 'beta_4': 0.725298389011699, 'beta_5': 55.860492263333846, 'beta_6': 0.04487067641242576, 'beta_7': 0.0344528245352365}. Best is trial 175 with value: 2367.0380894697555.
[I 2026-03-31 17:31:24,186] Trial 324 finished with value: 2952.5358383549765 and parameters: {'alpha_0': 0.0010047329672634262, 'alpha_1': 5.338683695393646e-05, 'alpha_2': 7.129278073564196e-05, 'beta_0': 0.35726457148951857, 'beta_1': 1.3259401818138319, 'beta_2': 0.2800150168404096, 'beta_3': 0.0007125239128829881, 'beta_4': 0.7445162052759678, 'beta_5': 93.90861176510757, 'beta_6': 0.041999002544955144, 'beta_7': 0.03683756833065193}. Best is trial 175 with value: 2367.0380894697555.
[I 2026-03-31 17:31:25,423] Trial 325 finished with value: 2524.4128653423813 and parameters: {'alpha_0': 0.0009305381529969958, 'alpha_1': 5.244597523098531e-05, 'alpha_2': 6.950825801198583e-05, 'beta_0': 0.3492619044159175, 'beta_1': 1.3621429549082509, 'beta_2': 0.28148924645852336, 'beta_3': 0.0006430790795396398, 'beta_4': 0.749296302523815, 'beta_5': 94.00485819164687, 'beta_6': 0.04667122906031558, 'beta_7': 0.033116276018897516}. Best is trial 175 with value: 2367.0380894697555.
[I 2026-03-31 17:31:26,684] Trial 326 finished with value: 2463.9979945079954 and parameters: {'alpha_0': 0.001028243054588324, 'alpha_1': 5.0226774343858894e-05, 'alpha_2': 7.08754626944019e-05, 'beta_0': 0.36740731239372476, 'beta_1': 1.3928689659479425, 'beta_2': 0.29964875531001983, 'beta_3': 0.000785809231441866, 'beta_4': 0.7546956956322117, 'beta_5': 55.33688089704689, 'beta_6': 0.04428597817650109, 'beta_7': 0.032651258960253934}. Best is trial 175 with value: 2367.0380894697555.
[I 2026-03-31 17:31:27,952] Trial 327 finished with value: 3874.2541746737093 and parameters: {'alpha_0': 0.0008759114653377203, 'alpha_1': 5.404456721353942e-05, 'alpha_2': 7.20287154374321e-05, 'beta_0': 0.388544355986774, 'beta_1': 1.3455738434350561, 'beta_2': 0.13454266863729014, 'beta_3': 0.0007521075924810297, 'beta_4': 0.7588321719708725, 'beta_5': 91.6105545898722, 'beta_6': 0.015519279742319378, 'beta_7': 0.0335845382003943}. Best is trial 175 with value: 2367.0380894697555.
[I 2026-03-31 17:31:29,221] Trial 328 finished with value: 2617.444044432181 and parameters: {'alpha_0': 0.0009592336462055694, 'alpha_1': 5.408638237471265e-05, 'alpha_2': 7.235663536083027e-05, 'beta_0': 0.35478638198472684, 'beta_1': 1.3435500147140587, 'beta_2': 0.29319710455652737, 'beta_3': 0.0008435329651490284, 'beta_4': 0.7121787413237618, 'beta_5': 89.65004828926097, 'beta_6': 0.04821161497866083, 'beta_7': 0.03540700039190379}. Best is trial 175 with value: 2367.0380894697555.
[I 2026-03-31 17:31:30,472] Trial 329 finished with value: 2506.7605715405825 and parameters: {'alpha_0': 0.0010564256566232915, 'alpha_1': 5.2224964184825175e-05, 'alpha_2': 6.914770726740788e-05, 'beta_0': 0.33727295795848006, 'beta_1': 1.3147324298115175, 'beta_2': 0.20639035984535967, 'beta_3': 0.0007814716924669819, 'beta_4': 0.7337209698014584, 'beta_5': 51.607377686867345, 'beta_6': 0.039116459933441046, 'beta_7': 0.03291956465019176}. Best is trial 175 with value: 2367.0380894697555.
[I 2026-03-31 17:31:31,722] Trial 330 finished with value: 2456.7887775903478 and parameters: {'alpha_0': 0.0009245534383397063, 'alpha_1': 5.16842655243032e-05, 'alpha_2': 6.910191806512677e-05, 'beta_0': 0.34399072089153504, 'beta_1': 1.3306468165310732, 'beta_2': 0.33294518330336814, 'beta_3': 0.0008336616743710756, 'beta_4': 0.7381143137324385, 'beta_5': 97.74133168445832, 'beta_6': 0.04276763414561044, 'beta_7': 0.03256091881742652}. Best is trial 175 with value: 2367.0380894697555.
[I 2026-03-31 17:31:32,999] Trial 331 finished with value: 2679.0418530704 and parameters: {'alpha_0': 0.000991142990608538, 'alpha_1': 5.4562417423455634e-05, 'alpha_2': 6.859239089590983e-05, 'beta_0': 0.3415503585679557, 'beta_1': 1.3442201293481166, 'beta_2': 0.10911005166288294, 'beta_3': 0.0007007724268316073, 'beta_4': 0.7607142555625458, 'beta_5': 55.324717515709345, 'beta_6': 0.04219751885416891, 'beta_7': 0.03394698694781823}. Best is trial 175 with value: 2367.0380894697555.
[I 2026-03-31 17:31:34,301] Trial 332 finished with value: 2514.7445088234635 and parameters: {'alpha_0': 0.0009004232650504535, 'alpha_1': 5.5156261503781064e-05, 'alpha_2': 7.364654447289883e-05, 'beta_0': 0.3560098230543145, 'beta_1': 1.3585745773522144, 'beta_2': 0.1444884611950965, 'beta_3': 0.0006060497651054281, 'beta_4': 0.7869132111409334, 'beta_5': 53.51500146891032, 'beta_6': 0.03999560483944469, 'beta_7': 0.03247890194362962}. Best is trial 175 with value: 2367.0380894697555.
[I 2026-03-31 17:31:35,569] Trial 333 finished with value: 2970.183418285588 and parameters: {'alpha_0': 0.0008664303948236257, 'alpha_1': 5.01766438470236e-05, 'alpha_2': 7.090058250299261e-05, 'beta_0': 0.3741589121905312, 'beta_1': 1.3718487454848565, 'beta_2': 0.3079734856205915, 'beta_3': 0.0008668390285521764, 'beta_4': 0.7671476043422749, 'beta_5': 83.73718929526099, 'beta_6': 0.019296210017766276, 'beta_7': 0.033430449453026805}. Best is trial 175 with value: 2367.0380894697555.
[I 2026-03-31 17:31:36,812] Trial 334 finished with value: 2437.2439912138966 and parameters: {'alpha_0': 0.0009600306941458086, 'alpha_1': 5.2698572852546814e-05, 'alpha_2': 6.844623582191423e-05, 'beta_0': 0.3661164875357126, 'beta_1': 1.3186762373915928, 'beta_2': 0.12471713301079472, 'beta_3': 0.0007563066947068385, 'beta_4': 0.7473996655479872, 'beta_5': 91.04842656113327, 'beta_6': 0.01236003620671725, 'beta_7': 0.03241159747702246}. Best is trial 175 with value: 2367.0380894697555.
[I 2026-03-31 17:31:38,055] Trial 335 finished with value: 2424.9052472532157 and parameters: {'alpha_0': 0.0009642373859485649, 'alpha_1': 5.468238165765256e-05, 'alpha_2': 6.83088549018157e-05, 'beta_0': 0.3853106593264674, 'beta_1': 1.3099397430473203, 'beta_2': 0.12238107389824182, 'beta_3': 0.0007831238350084506, 'beta_4': 0.7280337294767547, 'beta_5': 85.78101032505035, 'beta_6': 0.01241341802960326, 'beta_7': 0.03250301781300417}. Best is trial 175 with value: 2367.0380894697555.
[I 2026-03-31 17:31:39,302] Trial 336 finished with value: 2483.043145342742 and parameters: {'alpha_0': 0.0010245171097982312, 'alpha_1': 5.524195535514708e-05, 'alpha_2': 6.74723913341875e-05, 'beta_0': 0.37701842562394816, 'beta_1': 1.329982440228321, 'beta_2': 0.11753607181537047, 'beta_3': 0.0006920349343879406, 'beta_4': 1.191114414108302, 'beta_5': 83.70820770706946, 'beta_6': 0.014320151410100918, 'beta_7': 0.033073647878804076}. Best is trial 175 with value: 2367.0380894697555.
[I 2026-03-31 17:31:40,588] Trial 337 finished with value: 2592.565268207034 and parameters: {'alpha_0': 0.000924006284475465, 'alpha_1': 5.5106044280621715e-05, 'alpha_2': 7.026973205317035e-05, 'beta_0': 0.3890963892574408, 'beta_1': 1.3003580718766414, 'beta_2': 0.3208365423265698, 'beta_3': 0.0007861055813926579, 'beta_4': 0.7238326399428312, 'beta_5': 87.9021882720733, 'beta_6': 0.010407364698590188, 'beta_7': 0.03406772235705893}. Best is trial 175 with value: 2367.0380894697555.
[I 2026-03-31 17:31:41,852] Trial 338 finished with value: 2457.818069074201 and parameters: {'alpha_0': 0.001078639591428847, 'alpha_1': 6.0209094542520045e-05, 'alpha_2': 6.936238591360368e-05, 'beta_0': 0.37966642327983235, 'beta_1': 1.3179800322293014, 'beta_2': 0.2542695213670074, 'beta_3': 0.0008088515020277602, 'beta_4': 0.7072939646830286, 'beta_5': 85.05806158405206, 'beta_6': 0.016486353600634704, 'beta_7': 0.0323810560742181}. Best is trial 175 with value: 2367.0380894697555.
[I 2026-03-31 17:31:43,091] Trial 339 finished with value: 2494.8675953906472 and parameters: {'alpha_0': 0.00099526815539971, 'alpha_1': 5.8688263237467785e-05, 'alpha_2': 7.193312241978582e-05, 'beta_0': 0.3378177131386597, 'beta_1': 1.3317552757025797, 'beta_2': 0.13723247762203153, 'beta_3': 0.0007281392786247192, 'beta_4': 0.7319611038928276, 'beta_5': 92.17933038125963, 'beta_6': 0.010766076563429204, 'beta_7': 0.0331739202302457}. Best is trial 175 with value: 2367.0380894697555.Best trial: 175. Best value: 2367.04:  34%|███▍      | 339/1000 [09:52<13:55,  1.26s/it]Best trial: 175. Best value: 2367.04:  34%|███▍      | 339/1000 [09:52<13:55,  1.26s/it]Best trial: 175. Best value: 2367.04:  34%|███▍      | 340/1000 [09:52<13:49,  1.26s/it]                                                                                        Best trial: 175. Best value: 2367.04:  34%|███▍      | 340/1000 [09:53<13:49,  1.26s/it]Best trial: 175. Best value: 2367.04:  34%|███▍      | 340/1000 [09:53<13:49,  1.26s/it]Best trial: 175. Best value: 2367.04:  34%|███▍      | 341/1000 [09:53<14:01,  1.28s/it]                                                                                        Best trial: 175. Best value: 2367.04:  34%|███▍      | 341/1000 [09:55<14:01,  1.28s/it]Best trial: 175. Best value: 2367.04:  34%|███▍      | 341/1000 [09:55<14:01,  1.28s/it]Best trial: 175. Best value: 2367.04:  34%|███▍      | 342/1000 [09:55<13:52,  1.27s/it]                                                                                        Best trial: 175. Best value: 2367.04:  34%|███▍      | 342/1000 [09:56<13:52,  1.27s/it]Best trial: 175. Best value: 2367.04:  34%|███▍      | 342/1000 [09:56<13:52,  1.27s/it]Best trial: 175. Best value: 2367.04:  34%|███▍      | 343/1000 [09:56<13:53,  1.27s/it]                                                                                        Best trial: 175. Best value: 2367.04:  34%|███▍      | 343/1000 [09:57<13:53,  1.27s/it]Best trial: 175. Best value: 2367.04:  34%|███▍      | 343/1000 [09:57<13:53,  1.27s/it]Best trial: 175. Best value: 2367.04:  34%|███▍      | 344/1000 [09:57<13:57,  1.28s/it]                                                                                        Best trial: 175. Best value: 2367.04:  34%|███▍      | 344/1000 [10:07<13:57,  1.28s/it]Best trial: 175. Best value: 2367.04:  34%|███▍      | 344/1000 [10:07<13:57,  1.28s/it]Best trial: 175. Best value: 2367.04:  34%|███▍      | 345/1000 [10:07<42:13,  3.87s/it]                                                                                        Best trial: 175. Best value: 2367.04:  34%|███▍      | 345/1000 [10:08<42:13,  3.87s/it]Best trial: 175. Best value: 2367.04:  34%|███▍      | 345/1000 [10:08<42:13,  3.87s/it]Best trial: 175. Best value: 2367.04:  35%|███▍      | 346/1000 [10:08<33:32,  3.08s/it]                                                                                        Best trial: 175. Best value: 2367.04:  35%|███▍      | 346/1000 [10:10<33:32,  3.08s/it]Best trial: 175. Best value: 2367.04:  35%|███▍      | 346/1000 [10:10<33:32,  3.08s/it]Best trial: 175. Best value: 2367.04:  35%|███▍      | 347/1000 [10:10<27:37,  2.54s/it]                                                                                        Best trial: 175. Best value: 2367.04:  35%|███▍      | 347/1000 [10:11<27:37,  2.54s/it]Best trial: 175. Best value: 2367.04:  35%|███▍      | 347/1000 [10:11<27:37,  2.54s/it]Best trial: 175. Best value: 2367.04:  35%|███▍      | 348/1000 [10:11<23:28,  2.16s/it]                                                                                        Best trial: 175. Best value: 2367.04:  35%|███▍      | 348/1000 [10:12<23:28,  2.16s/it]Best trial: 175. Best value: 2367.04:  35%|███▍      | 348/1000 [10:12<23:28,  2.16s/it]Best trial: 175. Best value: 2367.04:  35%|███▍      | 349/1000 [10:12<20:33,  1.89s/it]                                                                                        Best trial: 175. Best value: 2367.04:  35%|███▍      | 349/1000 [10:13<20:33,  1.89s/it]Best trial: 175. Best value: 2367.04:  35%|███▍      | 349/1000 [10:13<20:33,  1.89s/it]Best trial: 175. Best value: 2367.04:  35%|███▌      | 350/1000 [10:13<18:20,  1.69s/it]                                                                                        Best trial: 175. Best value: 2367.04:  35%|███▌      | 350/1000 [10:15<18:20,  1.69s/it]Best trial: 175. Best value: 2367.04:  35%|███▌      | 350/1000 [10:15<18:20,  1.69s/it]Best trial: 175. Best value: 2367.04:  35%|███▌      | 351/1000 [10:15<16:53,  1.56s/it]                                                                                        Best trial: 175. Best value: 2367.04:  35%|███▌      | 351/1000 [10:16<16:53,  1.56s/it]Best trial: 175. Best value: 2367.04:  35%|███▌      | 351/1000 [10:16<16:53,  1.56s/it]Best trial: 175. Best value: 2367.04:  35%|███▌      | 352/1000 [10:16<15:57,  1.48s/it]                                                                                        Best trial: 175. Best value: 2367.04:  35%|███▌      | 352/1000 [10:17<15:57,  1.48s/it]Best trial: 175. Best value: 2367.04:  35%|███▌      | 352/1000 [10:17<15:57,  1.48s/it]Best trial: 175. Best value: 2367.04:  35%|███▌      | 353/1000 [10:17<15:21,  1.42s/it]                                                                                        Best trial: 175. Best value: 2367.04:  35%|███▌      | 353/1000 [10:18<15:21,  1.42s/it]Best trial: 175. Best value: 2367.04:  35%|███▌      | 353/1000 [10:18<15:21,  1.42s/it]Best trial: 175. Best value: 2367.04:  35%|███▌      | 354/1000 [10:18<14:43,  1.37s/it]                                                                                        Best trial: 175. Best value: 2367.04:  35%|███▌      | 354/1000 [10:20<14:43,  1.37s/it]Best trial: 175. Best value: 2367.04:  35%|███▌      | 354/1000 [10:20<14:43,  1.37s/it]Best trial: 175. Best value: 2367.04:  36%|███▌      | 355/1000 [10:20<14:15,  1.33s/it]                                                                                        Best trial: 175. Best value: 2367.04:  36%|███▌      | 355/1000 [10:21<14:15,  1.33s/it]Best trial: 175. Best value: 2367.04:  36%|███▌      | 355/1000 [10:21<14:15,  1.33s/it]Best trial: 175. Best value: 2367.04:  36%|███▌      | 356/1000 [10:21<13:56,  1.30s/it]                                                                                        
[I 2026-03-31 17:31:44,417] Trial 340 finished with value: 2463.9342963252993 and parameters: {'alpha_0': 0.0009562654361682204, 'alpha_1': 5.3794394986929313e-05, 'alpha_2': 6.677867019599594e-05, 'beta_0': 0.3499683854109214, 'beta_1': 1.3097807964749466, 'beta_2': 0.10527664922888455, 'beta_3': 0.00077110828352822, 'beta_4': 0.749806405552677, 'beta_5': 88.39951580936734, 'beta_6': 0.008135787637479791, 'beta_7': 0.03223927196882649}. Best is trial 175 with value: 2367.0380894697555.
[I 2026-03-31 17:31:45,656] Trial 341 finished with value: 2386.977331518761 and parameters: {'alpha_0': 0.000906471617655359, 'alpha_1': 5.6375831503595695e-05, 'alpha_2': 6.608684351752706e-05, 'beta_0': 0.3404295110939048, 'beta_1': 1.3455343738534882, 'beta_2': 0.14622238689269054, 'beta_3': 0.0008045846944713643, 'beta_4': 0.7006086752416482, 'beta_5': 81.29834723210321, 'beta_6': 0.03966188832055008, 'beta_7': 0.03275884074896193}. Best is trial 175 with value: 2367.0380894697555.
