[I 2026-03-31 17:42:34,833] Trial 750 finished with value: 2330.213665738324 and parameters: {'alpha_0': 0.0014084451862840393, 'alpha_1': 5.175475050644256e-05, 'alpha_2': 9.041026367332052e-05, 'beta_0': 0.4073881432057398, 'beta_1': 0.9052838144853387, 'beta_2': 0.20068823545019768, 'beta_3': 0.0014485218609340952, 'beta_4': 0.978287460857936, 'beta_5': 39.105898173766036, 'beta_6': 0.008161546785781518, 'beta_7': 0.03227802585760445}. Best is trial 663 with value: 2322.408756152314.
[I 2026-03-31 17:42:36,103] Trial 751 finished with value: 2704.872694175072 and parameters: {'alpha_0': 0.0013878959904368216, 'alpha_1': 5.009338943050098e-05, 'alpha_2': 9.168771607195337e-05, 'beta_0': 0.41075860971219014, 'beta_1': 0.9015246500146205, 'beta_2': 0.20630171845954162, 'beta_3': 0.0014277329426298662, 'beta_4': 0.9851356976013137, 'beta_5': 36.19934628628097, 'beta_6': 0.007709170722923106, 'beta_7': 0.03374694984724999}. Best is trial 663 with value: 2322.408756152314.
[I 2026-03-31 17:42:37,374] Trial 752 finished with value: 2501.5531857768656 and parameters: {'alpha_0': 0.001422781622474683, 'alpha_1': 5.17439170626457e-05, 'alpha_2': 9.067250392590986e-05, 'beta_0': 0.403221878512846, 'beta_1': 0.8875796919071636, 'beta_2': 0.1928989416683709, 'beta_3': 0.0013773480121201708, 'beta_4': 1.0067504022920535, 'beta_5': 38.70739040321384, 'beta_6': 0.0053163965633051015, 'beta_7': 0.032435456842045796}. Best is trial 663 with value: 2322.408756152314.
[I 2026-03-31 17:42:38,637] Trial 753 finished with value: 2838.697634431425 and parameters: {'alpha_0': 0.0014858929492209232, 'alpha_1': 5.001519096188612e-05, 'alpha_2': 9.010571284776723e-05, 'beta_0': 0.41290723107210164, 'beta_1': 0.9064920217935045, 'beta_2': 0.21967250210019149, 'beta_3': 0.0014479003315496415, 'beta_4': 0.9671374479547119, 'beta_5': 41.745237180983736, 'beta_6': 0.009178187353140434, 'beta_7': 0.03295365366431541}. Best is trial 663 with value: 2322.408756152314.
[I 2026-03-31 17:42:39,905] Trial 754 finished with value: 2336.861902111364 and parameters: {'alpha_0': 0.0014633923076196014, 'alpha_1': 5.001014648762119e-05, 'alpha_2': 9.3175477741395e-05, 'beta_0': 0.4222071369259853, 'beta_1': 0.9178925474563487, 'beta_2': 0.2015201071078434, 'beta_3': 0.0014567004941935424, 'beta_4': 0.9508579310295127, 'beta_5': 39.341160892773736, 'beta_6': 0.011239867724775972, 'beta_7': 0.03226406828529391}. Best is trial 663 with value: 2322.408756152314.
[I 2026-03-31 17:42:41,201] Trial 755 finished with value: 2743.3329810898604 and parameters: {'alpha_0': 0.0014655895231979498, 'alpha_1': 5.171406026129515e-05, 'alpha_2': 9.478423783487733e-05, 'beta_0': 0.4391496356929558, 'beta_1': 0.9139017450765822, 'beta_2': 0.20002470520800725, 'beta_3': 0.0014726614454417801, 'beta_4': 0.9494801096630293, 'beta_5': 40.40635582897907, 'beta_6': 0.01123285230371759, 'beta_7': 0.03354458445293948}. Best is trial 663 with value: 2322.408756152314.
[I 2026-03-31 17:42:42,478] Trial 756 finished with value: 2671.0041722473825 and parameters: {'alpha_0': 0.0014193997698107794, 'alpha_1': 5.0070371878482625e-05, 'alpha_2': 9.288483507235305e-05, 'beta_0': 0.43843352809229763, 'beta_1': 0.9328463067140788, 'beta_2': 0.18607785425990483, 'beta_3': 0.0015049631427089712, 'beta_4': 0.9836184503425903, 'beta_5': 43.64862527580806, 'beta_6': 0.011998243652188337, 'beta_7': 0.032657902927829136}. Best is trial 663 with value: 2322.408756152314.
[I 2026-03-31 17:42:43,737] Trial 757 finished with value: 2330.2533691337526 and parameters: {'alpha_0': 0.0015294456216519779, 'alpha_1': 5.017020757492562e-05, 'alpha_2': 9.577809731308545e-05, 'beta_0': 0.4305630233180004, 'beta_1': 0.8669206463849234, 'beta_2': 0.20265342572826447, 'beta_3': 0.0014668433302717405, 'beta_4': 0.9532234249610736, 'beta_5': 39.20666128602347, 'beta_6': 0.008275318334108281, 'beta_7': 0.03221096450229088}. Best is trial 663 with value: 2322.408756152314.
[I 2026-03-31 17:42:45,024] Trial 758 finished with value: 2627.0804903896533 and parameters: {'alpha_0': 0.0014853438027324709, 'alpha_1': 5.1893829175451505e-05, 'alpha_2': 9.609720963186867e-05, 'beta_0': 0.4271787436102142, 'beta_1': 0.8745019372309968, 'beta_2': 0.19725000388635755, 'beta_3': 0.0013866112982488536, 'beta_4': 0.9573034008406995, 'beta_5': 39.79704581557061, 'beta_6': 0.0077369785873257855, 'beta_7': 0.03318204741920261}. Best is trial 663 with value: 2322.408756152314.
[I 2026-03-31 17:42:46,273] Trial 759 finished with value: 2506.068343823453 and parameters: {'alpha_0': 0.001519078826020626, 'alpha_1': 5.0019702894455276e-05, 'alpha_2': 9.715399654189933e-05, 'beta_0': 0.43727607220019316, 'beta_1': 0.8861442108192857, 'beta_2': 0.20815159659357976, 'beta_3': 0.0014560017871596952, 'beta_4': 0.9314975900480356, 'beta_5': 38.675982079331014, 'beta_6': 0.008782280632628644, 'beta_7': 0.032311240000988804}. Best is trial 663 with value: 2322.408756152314.
[I 2026-03-31 17:42:47,561] Trial 760 finished with value: 2488.045452702898 and parameters: {'alpha_0': 0.0014530196289700384, 'alpha_1': 5.192385705340879e-05, 'alpha_2': 9.360927425207677e-05, 'beta_0': 0.40311744314715003, 'beta_1': 0.8313580197402687, 'beta_2': 0.18893517361797232, 'beta_3': 0.0014811245793309152, 'beta_4': 0.9448461769008721, 'beta_5': 42.10427060321839, 'beta_6': 0.010695565253345104, 'beta_7': 0.03141995190479481}. Best is trial 663 with value: 2322.408756152314.
[I 2026-03-31 17:42:48,851] Trial 761 finished with value: 2642.1358105214267 and parameters: {'alpha_0': 0.0015228637956356595, 'alpha_1': 5.007311575996786e-05, 'alpha_2': 9.860659428731302e-05, 'beta_0': 0.4233254303971643, 'beta_1': 0.8574739608682286, 'beta_2': 0.20367244446945273, 'beta_3': 0.0014578378279948483, 'beta_4': 0.967821678588514, 'beta_5': 48.67349018189824, 'beta_6': 0.007297939798930751, 'beta_7': 0.03407036297081233}. Best is trial 663 with value: 2322.408756152314.
[I 2026-03-31 17:42:50,125] Trial 762 finished with value: 3940.9606722306717 and parameters: {'alpha_0': 0.0013978678118420245, 'alpha_1': 5.367160886608651e-05, 'alpha_2': 9.46074828776984e-05, 'beta_0': 0.4544931808507944, 'beta_1': 0.8659056009060871, 'beta_2': 0.19204031861417412, 'beta_3': 0.0015057922450967642, 'beta_4': 0.9992236646671458, 'beta_5': 34.291695022910154, 'beta_6': 0.013251060622346642, 'beta_7': 0.032846355605188525}. Best is trial 663 with value: 2322.408756152314.
[I 2026-03-31 17:42:51,344] Trial 763 finished with value: 2337.1739884483577 and parameters: {'alpha_0': 0.001557160830616724, 'alpha_1': 5.0003496060920194e-05, 'alpha_2': 9.241960277612372e-05, 'beta_0': 0.4309805469767624, 'beta_1': 0.9204679778431202, 'beta_2': 0.18123288798009327, 'beta_3': 0.0013541533112960522, 'beta_4': 0.9704216326861034, 'beta_5': 45.45511303903828, 'beta_6': 0.005391926119809402, 'beta_7': 0.032061867997561534}. Best is trial 663 with value: 2322.408756152314.
[I 2026-03-31 17:42:52,588] Trial 764 finished with value: 2553.609589996242 and parameters: {'alpha_0': 0.001483816946102148, 'alpha_1': 5.188488560813462e-05, 'alpha_2': 9.603004939161282e-05, 'beta_0': 0.4303543504070602, 'beta_1': 0.8982516930426088, 'beta_2': 0.18814683853878855, 'beta_3': 0.0015336162619222892, 'beta_4': 0.9749347809764224, 'beta_5': 46.13638595787353, 'beta_6': 0.0059681494217630505, 'beta_7': 0.03252345215187698}. Best is trial 663 with value: 2322.408756152314.Best trial: 663. Best value: 2322.41:  76%|███████▋  | 764/1000 [21:02<04:58,  1.26s/it]Best trial: 663. Best value: 2322.41:  76%|███████▋  | 764/1000 [21:02<04:58,  1.26s/it]Best trial: 663. Best value: 2322.41:  76%|███████▋  | 765/1000 [21:02<04:55,  1.26s/it]                                                                                        Best trial: 663. Best value: 2322.41:  76%|███████▋  | 765/1000 [21:03<04:55,  1.26s/it]Best trial: 663. Best value: 2322.41:  76%|███████▋  | 765/1000 [21:03<04:55,  1.26s/it]Best trial: 663. Best value: 2322.41:  77%|███████▋  | 766/1000 [21:03<05:24,  1.39s/it]                                                                                        Best trial: 663. Best value: 2322.41:  77%|███████▋  | 766/1000 [21:05<05:24,  1.39s/it]Best trial: 663. Best value: 2322.41:  77%|███████▋  | 766/1000 [21:05<05:24,  1.39s/it]Best trial: 663. Best value: 2322.41:  77%|███████▋  | 767/1000 [21:05<05:16,  1.36s/it]                                                                                        Best trial: 663. Best value: 2322.41:  77%|███████▋  | 767/1000 [21:06<05:16,  1.36s/it]Best trial: 663. Best value: 2322.41:  77%|███████▋  | 767/1000 [21:06<05:16,  1.36s/it]Best trial: 663. Best value: 2322.41:  77%|███████▋  | 768/1000 [21:06<05:10,  1.34s/it]                                                                                        Best trial: 663. Best value: 2322.41:  77%|███████▋  | 768/1000 [21:07<05:10,  1.34s/it]Best trial: 663. Best value: 2322.41:  77%|███████▋  | 768/1000 [21:07<05:10,  1.34s/it]Best trial: 663. Best value: 2322.41:  77%|███████▋  | 769/1000 [21:07<05:05,  1.32s/it]                                                                                        Best trial: 663. Best value: 2322.41:  77%|███████▋  | 769/1000 [21:08<05:05,  1.32s/it]Best trial: 663. Best value: 2322.41:  77%|███████▋  | 769/1000 [21:08<05:05,  1.32s/it]Best trial: 663. Best value: 2322.41:  77%|███████▋  | 770/1000 [21:08<04:59,  1.30s/it]                                                                                        Best trial: 663. Best value: 2322.41:  77%|███████▋  | 770/1000 [21:10<04:59,  1.30s/it]Best trial: 663. Best value: 2322.41:  77%|███████▋  | 770/1000 [21:10<04:59,  1.30s/it]Best trial: 663. Best value: 2322.41:  77%|███████▋  | 771/1000 [21:10<04:53,  1.28s/it]                                                                                        Best trial: 663. Best value: 2322.41:  77%|███████▋  | 771/1000 [21:11<04:53,  1.28s/it]Best trial: 663. Best value: 2322.41:  77%|███████▋  | 771/1000 [21:11<04:53,  1.28s/it]Best trial: 663. Best value: 2322.41:  77%|███████▋  | 772/1000 [21:11<04:52,  1.28s/it]                                                                                        Best trial: 663. Best value: 2322.41:  77%|███████▋  | 772/1000 [21:12<04:52,  1.28s/it]Best trial: 663. Best value: 2322.41:  77%|███████▋  | 772/1000 [21:12<04:52,  1.28s/it]Best trial: 663. Best value: 2322.41:  77%|███████▋  | 773/1000 [21:12<04:51,  1.28s/it]                                                                                        Best trial: 663. Best value: 2322.41:  77%|███████▋  | 773/1000 [21:13<04:51,  1.28s/it]Best trial: 663. Best value: 2322.41:  77%|███████▋  | 773/1000 [21:13<04:51,  1.28s/it]Best trial: 663. Best value: 2322.41:  77%|███████▋  | 774/1000 [21:13<04:43,  1.25s/it]                                                                                        Best trial: 663. Best value: 2322.41:  77%|███████▋  | 774/1000 [21:15<04:43,  1.25s/it]Best trial: 663. Best value: 2322.41:  77%|███████▋  | 774/1000 [21:15<04:43,  1.25s/it]Best trial: 663. Best value: 2322.41:  78%|███████▊  | 775/1000 [21:15<04:43,  1.26s/it]                                                                                        Best trial: 663. Best value: 2322.41:  78%|███████▊  | 775/1000 [21:16<04:43,  1.26s/it]Best trial: 663. Best value: 2322.41:  78%|███████▊  | 775/1000 [21:16<04:43,  1.26s/it]Best trial: 663. Best value: 2322.41:  78%|███████▊  | 776/1000 [21:16<04:40,  1.25s/it]                                                                                        Best trial: 663. Best value: 2322.41:  78%|███████▊  | 776/1000 [21:17<04:40,  1.25s/it]Best trial: 663. Best value: 2322.41:  78%|███████▊  | 776/1000 [21:17<04:40,  1.25s/it]Best trial: 663. Best value: 2322.41:  78%|███████▊  | 777/1000 [21:17<04:42,  1.27s/it]                                                                                        Best trial: 663. Best value: 2322.41:  78%|███████▊  | 777/1000 [21:18<04:42,  1.27s/it]Best trial: 663. Best value: 2322.41:  78%|███████▊  | 777/1000 [21:18<04:42,  1.27s/it]Best trial: 663. Best value: 2322.41:  78%|███████▊  | 778/1000 [21:18<04:41,  1.27s/it]                                                                                        Best trial: 663. Best value: 2322.41:  78%|███████▊  | 778/1000 [21:20<04:41,  1.27s/it]Best trial: 663. Best value: 2322.41:  78%|███████▊  | 778/1000 [21:20<04:41,  1.27s/it]Best trial: 663. Best value: 2322.41:  78%|███████▊  | 779/1000 [21:20<04:41,  1.27s/it]                                                                                        Best trial: 663. Best value: 2322.41:  78%|███████▊  | 779/1000 [21:21<04:41,  1.27s/it]Best trial: 663. Best value: 2322.41:  78%|███████▊  | 779/1000 [21:21<04:41,  1.27s/it]Best trial: 663. Best value: 2322.41:  78%|███████▊  | 780/1000 [21:21<04:39,  1.27s/it]                                                                                        Best trial: 663. Best value: 2322.41:  78%|███████▊  | 780/1000 [21:22<04:39,  1.27s/it]Best trial: 663. Best value: 2322.41:  78%|███████▊  | 780/1000 [21:22<04:39,  1.27s/it]Best trial: 663. Best value: 2322.41:  78%|███████▊  | 781/1000 [21:22<04:37,  1.27s/it]                                                                                        
[I 2026-03-31 17:42:54,276] Trial 765 finished with value: 13192.900497087126 and parameters: {'alpha_0': 0.0015480283466062321, 'alpha_1': 5.1818290831753656e-05, 'alpha_2': 0.00010161817425889917, 'beta_0': 0.46445745054181836, 'beta_1': 0.9225411064542536, 'beta_2': 0.17952264238464585, 'beta_3': 0.0014012283098549108, 'beta_4': 0.9527360302246118, 'beta_5': 44.69158450168282, 'beta_6': 0.008766906002615354, 'beta_7': 0.02633693981720158}. Best is trial 663 with value: 2322.408756152314.
[I 2026-03-31 17:42:55,567] Trial 766 finished with value: 2762.5084706455295 and parameters: {'alpha_0': 0.0014457270949359189, 'alpha_1': 5.013337216525998e-05, 'alpha_2': 9.26833175926673e-05, 'beta_0': 0.43558787358032347, 'beta_1': 0.9132097240230598, 'beta_2': 0.19959485794308876, 'beta_3': 0.0014937189050375616, 'beta_4': 0.9875059295123353, 'beta_5': 48.43000483163798, 'beta_6': 0.010114405516672826, 'beta_7': 0.03345427270187636}. Best is trial 663 with value: 2322.408756152314.
[I 2026-03-31 17:42:56,856] Trial 767 finished with value: 2509.505227204483 and parameters: {'alpha_0': 0.0015172396230473193, 'alpha_1': 5.360515553539144e-05, 'alpha_2': 9.408862490906805e-05, 'beta_0': 0.4438053123814502, 'beta_1': 0.902872298085795, 'beta_2': 0.18207398361160654, 'beta_3': 0.0015488136518008924, 'beta_4': 0.9641327505577596, 'beta_5': 43.90997222739678, 'beta_6': 0.012016518479563854, 'beta_7': 0.03139030466773383}. Best is trial 663 with value: 2322.408756152314.
[I 2026-03-31 17:42:58,142] Trial 768 finished with value: 2569.524930652066 and parameters: {'alpha_0': 0.0014722274582133158, 'alpha_1': 5.015723972077168e-05, 'alpha_2': 8.738230877347719e-05, 'beta_0': 0.4190066982816241, 'beta_1': 0.9256365095228515, 'beta_2': 0.19895495762483484, 'beta_3': 0.0014950538316187258, 'beta_4': 0.926388679130518, 'beta_5': 42.10018442948224, 'beta_6': 0.0056249326405720425, 'beta_7': 0.03083685342896819}. Best is trial 663 with value: 2322.408756152314.
[I 2026-03-31 17:42:59,394] Trial 769 finished with value: 2342.3431969787825 and parameters: {'alpha_0': 0.0015476317840796708, 'alpha_1': 5.3684220971586775e-05, 'alpha_2': 9.21018943379931e-05, 'beta_0': 0.41791374230828476, 'beta_1': 0.9295498695383716, 'beta_2': 0.18165512762787786, 'beta_3': 0.0013417760972438428, 'beta_4': 0.9408776632303116, 'beta_5': 46.166064220367346, 'beta_6': 0.005061937124124152, 'beta_7': 0.03222158285232034}. Best is trial 663 with value: 2322.408756152314.
[I 2026-03-31 17:43:00,632] Trial 770 finished with value: 2543.162173576567 and parameters: {'alpha_0': 0.0015099117017111825, 'alpha_1': 5.349065136217203e-05, 'alpha_2': 9.231756072678764e-05, 'beta_0': 0.422163533227498, 'beta_1': 0.9259789786720428, 'beta_2': 0.18039268733405303, 'beta_3': 0.0013927440487892157, 'beta_4': 1.0166349016802083, 'beta_5': 47.88226771178195, 'beta_6': 0.005135948383921217, 'beta_7': 0.03270666301944968}. Best is trial 663 with value: 2322.408756152314.
[I 2026-03-31 17:43:01,921] Trial 771 finished with value: 2624.7849333006898 and parameters: {'alpha_0': 0.0014410901534961413, 'alpha_1': 5.3913637588629364e-05, 'alpha_2': 9.668940322798274e-05, 'beta_0': 0.42912958762317766, 'beta_1': 0.8961278218690127, 'beta_2': 0.18135427345369207, 'beta_3': 0.0013134699730182298, 'beta_4': 0.9786790593801356, 'beta_5': 45.74108089267529, 'beta_6': 0.0075650444538392075, 'beta_7': 0.03321837939344666}. Best is trial 663 with value: 2322.408756152314.
[I 2026-03-31 17:43:03,200] Trial 772 finished with value: 2740.1666228180366 and parameters: {'alpha_0': 0.0013726424796341773, 'alpha_1': 5.005314029328161e-05, 'alpha_2': 9.484877455303438e-05, 'beta_0': 0.41522835470337394, 'beta_1': 0.9124813499182592, 'beta_2': 0.20813905916366812, 'beta_3': 0.0013131814962528904, 'beta_4': 0.9542131500336737, 'beta_5': 46.34664373962118, 'beta_6': 0.005280809897443589, 'beta_7': 0.03381923961243122}. Best is trial 663 with value: 2322.408756152314.
[I 2026-03-31 17:43:04,383] Trial 773 finished with value: 2902.5434358435764 and parameters: {'alpha_0': 0.0015438125988300312, 'alpha_1': 0.00011947745046257109, 'alpha_2': 9.193699773941655e-05, 'beta_0': 0.414795538203418, 'beta_1': 0.9441062549161358, 'beta_2': 0.1902431864497965, 'beta_3': 0.0014063062759201077, 'beta_4': 0.9909531553928017, 'beta_5': 37.957382079261016, 'beta_6': 0.009441410934843786, 'beta_7': 0.039222599234061434}. Best is trial 663 with value: 2322.408756152314.
[I 2026-03-31 17:43:05,659] Trial 774 finished with value: 2355.4284896591957 and parameters: {'alpha_0': 0.0016026348156673509, 'alpha_1': 5.349376959080522e-05, 'alpha_2': 9.832119839994629e-05, 'beta_0': 0.43100535817348107, 'beta_1': 0.9343197327856848, 'beta_2': 0.20676294923245994, 'beta_3': 0.001369213261054616, 'beta_4': 0.9590527995533314, 'beta_5': 42.35518317112732, 'beta_6': 0.007936927346199859, 'beta_7': 0.032286729304249015}. Best is trial 663 with value: 2322.408756152314.
[I 2026-03-31 17:43:06,901] Trial 775 finished with value: 2602.756153225966 and parameters: {'alpha_0': 0.0015994183324937019, 'alpha_1': 0.00012999501328341546, 'alpha_2': 9.626903095319073e-05, 'beta_0': 0.4295924252565554, 'beta_1': 0.936915297521116, 'beta_2': 0.21501039574358605, 'beta_3': 0.001305018829981514, 'beta_4': 0.9630868940579635, 'beta_5': 42.70155296395061, 'beta_6': 0.007259893208340779, 'beta_7': 0.03267831795448797}. Best is trial 663 with value: 2322.408756152314.
[I 2026-03-31 17:43:08,191] Trial 776 finished with value: 2631.613564896322 and parameters: {'alpha_0': 0.0016234275792176163, 'alpha_1': 5.246103164614533e-05, 'alpha_2': 9.875768525157985e-05, 'beta_0': 0.4496891361215209, 'beta_1': 0.9199517142618456, 'beta_2': 0.20564951306387683, 'beta_3': 0.001387795535273769, 'beta_4': 0.9452875723283091, 'beta_5': 40.35965900503995, 'beta_6': 0.00857568852907064, 'beta_7': 0.03316070449544554}. Best is trial 663 with value: 2322.408756152314.
[I 2026-03-31 17:43:09,470] Trial 777 finished with value: 2339.9277534062962 and parameters: {'alpha_0': 0.0015553791422333492, 'alpha_1': 5.2860868039192716e-05, 'alpha_2': 9.832831707277552e-05, 'beta_0': 0.44534531934154736, 'beta_1': 0.9315784996965638, 'beta_2': 0.2113154856495142, 'beta_3': 0.0013379704955721165, 'beta_4': 0.9737297126117123, 'beta_5': 41.46473315925488, 'beta_6': 0.010093659325377922, 'beta_7': 0.032378471216361324}. Best is trial 663 with value: 2322.408756152314.
[I 2026-03-31 17:43:10,753] Trial 778 finished with value: 2629.0368745941287 and parameters: {'alpha_0': 0.0013292615145930632, 'alpha_1': 5.2107630920153166e-05, 'alpha_2': 0.00010042730265199887, 'beta_0': 0.444140226626169, 'beta_1': 0.9294312143260641, 'beta_2': 0.2123933590177281, 'beta_3': 0.0013497568834670423, 'beta_4': 0.9727320664882652, 'beta_5': 41.8308358538843, 'beta_6': 0.010636183995147682, 'beta_7': 0.034364488443748446}. Best is trial 663 with value: 2322.408756152314.
[I 2026-03-31 17:43:12,022] Trial 779 finished with value: 2728.632315790209 and parameters: {'alpha_0': 0.0014887027349233107, 'alpha_1': 5.344245557448912e-05, 'alpha_2': 9.691590938174524e-05, 'beta_0': 0.43315355593925803, 'beta_1': 0.9095771531470926, 'beta_2': 0.2213074106620531, 'beta_3': 0.0013372260476596253, 'beta_4': 1.000124309495467, 'beta_5': 36.06387184845831, 'beta_6': 0.007522932009485941, 'beta_7': 0.033619985292121964}. Best is trial 663 with value: 2322.408756152314.
[I 2026-03-31 17:43:13,282] Trial 780 finished with value: 2637.350010922723 and parameters: {'alpha_0': 0.0015517365138506154, 'alpha_1': 5.235217455904772e-05, 'alpha_2': 0.00010273305470339782, 'beta_0': 0.4724376292525584, 'beta_1': 0.9475693398641358, 'beta_2': 0.20368324330160853, 'beta_3': 0.001347292791726873, 'beta_4': 0.9673745214205907, 'beta_5': 39.07943476564313, 'beta_6': 0.00531271576749583, 'beta_7': 0.03279851390417836}. Best is trial 663 with value: 2322.408756152314.
