[I 2026-03-31 17:31:46,931] Trial 342 finished with value: 2787.947853865793 and parameters: {'alpha_0': 0.0008980935832739608, 'alpha_1': 5.619174331559152e-05, 'alpha_2': 6.599774298424875e-05, 'beta_0': 0.3674265259249904, 'beta_1': 1.3420024649563296, 'beta_2': 0.22916911763325587, 'beta_3': 0.0008254274276087398, 'beta_4': 0.6847188669915018, 'beta_5': 81.82198208045135, 'beta_6': 0.03830317301246495, 'beta_7': 0.033644489552174105}. Best is trial 175 with value: 2367.0380894697555.
[I 2026-03-31 17:31:48,225] Trial 343 finished with value: 2516.092382857691 and parameters: {'alpha_0': 0.0008729890783348625, 'alpha_1': 5.810809004358581e-05, 'alpha_2': 6.577470413097848e-05, 'beta_0': 0.332713393492462, 'beta_1': 1.3399057387311655, 'beta_2': 0.14815399048881694, 'beta_3': 0.000821761624438877, 'beta_4': 0.6927427357245934, 'beta_5': 86.15546807441045, 'beta_6': 0.04029855938707657, 'beta_7': 0.03207675082548112}. Best is trial 175 with value: 2367.0380894697555.
[I 2026-03-31 17:31:58,140] Trial 344 finished with value: 7562.8458617885735 and parameters: {'alpha_0': 0.0008467591686326623, 'alpha_1': 6.328528291564278e-05, 'alpha_2': 6.804175906694754e-05, 'beta_0': 0.3839947633994884, 'beta_1': 1.3596450217103904, 'beta_2': 0.1273636414610437, 'beta_3': 0.0005406401760006971, 'beta_4': 0.6486010222923098, 'beta_5': 58.039457814090085, 'beta_6': 0.037489863084613, 'beta_7': 0.013851373690604352}. Best is trial 175 with value: 2367.0380894697555.
[I 2026-03-31 17:31:59,375] Trial 345 finished with value: 2439.6508459786546 and parameters: {'alpha_0': 0.0009120929282874418, 'alpha_1': 7.107353046179842e-05, 'alpha_2': 6.26685006420801e-05, 'beta_0': 0.3553962533282476, 'beta_1': 1.309779599101276, 'beta_2': 0.3181878909578123, 'beta_3': 0.0006488888015900409, 'beta_4': 0.7054330112585533, 'beta_5': 79.1833530494948, 'beta_6': 0.036834861010557544, 'beta_7': 0.03289239083541946}. Best is trial 175 with value: 2367.0380894697555.
[I 2026-03-31 17:32:00,652] Trial 346 finished with value: 2577.56796605802 and parameters: {'alpha_0': 0.0008388449517244257, 'alpha_1': 7.953448045225525e-05, 'alpha_2': 6.489806633725158e-05, 'beta_0': 0.40163961362158546, 'beta_1': 1.3309594680355636, 'beta_2': 0.15022102064002968, 'beta_3': 0.0007424812774885796, 'beta_4': 0.7233597492769845, 'beta_5': 75.86532581538523, 'beta_6': 0.03916083428351716, 'beta_7': 0.03219907965839752}. Best is trial 175 with value: 2367.0380894697555.
[I 2026-03-31 17:32:01,930] Trial 347 finished with value: 2636.888388478472 and parameters: {'alpha_0': 0.0010550026854395434, 'alpha_1': 5.676015204901984e-05, 'alpha_2': 6.651972909135914e-05, 'beta_0': 0.33807275885047555, 'beta_1': 1.0088931106526327, 'beta_2': 0.11769890590438183, 'beta_3': 0.0008170645129063892, 'beta_4': 1.028339558714861, 'beta_5': 71.9151959650479, 'beta_6': 0.036288975737897855, 'beta_7': 0.031065346458246407}. Best is trial 175 with value: 2367.0380894697555.
[I 2026-03-31 17:32:03,207] Trial 348 finished with value: 3023.5936458995593 and parameters: {'alpha_0': 0.0012274363451878483, 'alpha_1': 6.017449376072768e-05, 'alpha_2': 6.385833363321449e-05, 'beta_0': 0.34857090517675715, 'beta_1': 1.3515239593547066, 'beta_2': 0.24596696439271976, 'beta_3': 0.0008847022549899111, 'beta_4': 0.7167159894253674, 'beta_5': 60.44950210401847, 'beta_6': 0.02002866202653172, 'beta_7': 0.03333988319960206}. Best is trial 175 with value: 2367.0380894697555.
[I 2026-03-31 17:32:04,429] Trial 349 finished with value: 2488.5141286516064 and parameters: {'alpha_0': 0.0009942023108983802, 'alpha_1': 5.526392100140608e-05, 'alpha_2': 6.797914791921273e-05, 'beta_0': 0.3253832347471495, 'beta_1': 1.0368712218778704, 'beta_2': 0.23521593698823956, 'beta_3': 0.0011617688966726945, 'beta_4': 0.83264646547643, 'beta_5': 62.12196510616408, 'beta_6': 0.04330708289564697, 'beta_7': 0.03207415780543634}. Best is trial 175 with value: 2367.0380894697555.
[I 2026-03-31 17:32:05,684] Trial 350 finished with value: 2417.1343867154637 and parameters: {'alpha_0': 0.0009147276255734277, 'alpha_1': 5.8930973790264625e-05, 'alpha_2': 6.234987394585039e-05, 'beta_0': 0.3975528664585425, 'beta_1': 1.319134618787887, 'beta_2': 0.164994704385375, 'beta_3': 0.0007493244103798051, 'beta_4': 0.6739521405145308, 'beta_5': 81.73453937249123, 'beta_6': 0.04501910249396902, 'beta_7': 0.0327233690540748}. Best is trial 175 with value: 2367.0380894697555.
[I 2026-03-31 17:32:06,967] Trial 351 finished with value: 2650.1820510146763 and parameters: {'alpha_0': 0.0009187815715402496, 'alpha_1': 6.177177417901391e-05, 'alpha_2': 7.350890085031195e-05, 'beta_0': 0.387629213841145, 'beta_1': 1.322005559975783, 'beta_2': 0.13112174858771597, 'beta_3': 0.0007991979763975882, 'beta_4': 0.7947043271553266, 'beta_5': 83.645865618932, 'beta_6': 0.04718840600681065, 'beta_7': 0.03401711316840975}. Best is trial 175 with value: 2367.0380894697555.
[I 2026-03-31 17:32:08,264] Trial 352 finished with value: 2664.9862882991647 and parameters: {'alpha_0': 0.0008667578977563198, 'alpha_1': 6.538829559386088e-05, 'alpha_2': 6.191711563767424e-05, 'beta_0': 0.39032135136725526, 'beta_1': 1.3205876811202226, 'beta_2': 0.2709448673601715, 'beta_3': 0.0007249746079690861, 'beta_4': 0.8513588705989549, 'beta_5': 74.00298056061357, 'beta_6': 0.045171868659575475, 'beta_7': 0.03472792642969435}. Best is trial 175 with value: 2367.0380894697555.
[I 2026-03-31 17:32:09,501] Trial 353 finished with value: 2400.4178301051656 and parameters: {'alpha_0': 0.0009614746230328902, 'alpha_1': 5.9089068209744943e-05, 'alpha_2': 6.608220154297476e-05, 'beta_0': 0.37006925506687105, 'beta_1': 1.3028106987728185, 'beta_2': 0.145472507213718, 'beta_3': 0.0007514687842250838, 'beta_4': 1.0834619767097993, 'beta_5': 80.93374454505512, 'beta_6': 0.04065399236258411, 'beta_7': 0.032755722039734904}. Best is trial 175 with value: 2367.0380894697555.
[I 2026-03-31 17:32:10,731] Trial 354 finished with value: 2560.828458946677 and parameters: {'alpha_0': 0.0008820189806424909, 'alpha_1': 6.205859064054813e-05, 'alpha_2': 6.535258766067134e-05, 'beta_0': 0.39748645357764556, 'beta_1': 1.3729447019936656, 'beta_2': 0.14920813222251703, 'beta_3': 0.0006394878095151538, 'beta_4': 0.6446414339830924, 'beta_5': 80.022563701831, 'beta_6': 0.04091821173859727, 'beta_7': 0.033105498576704605}. Best is trial 175 with value: 2367.0380894697555.
[I 2026-03-31 17:32:11,964] Trial 355 finished with value: 2422.509854977322 and parameters: {'alpha_0': 0.0008212183349174299, 'alpha_1': 5.956147187249765e-05, 'alpha_2': 6.368016798046257e-05, 'beta_0': 0.4417597603998544, 'beta_1': 1.3005563747056672, 'beta_2': 0.1630379507493661, 'beta_3': 0.0007450749747809276, 'beta_4': 0.666800689957791, 'beta_5': 77.92531690645816, 'beta_6': 0.04477917603348633, 'beta_7': 0.032841209220150214}. Best is trial 175 with value: 2367.0380894697555.
[I 2026-03-31 17:32:13,253] Trial 356 finished with value: 2836.2754605131686 and parameters: {'alpha_0': 0.000925310784101367, 'alpha_1': 5.906069717311982e-05, 'alpha_2': 5.825752918898044e-05, 'beta_0': 0.4138192630982907, 'beta_1': 1.053493248820263, 'beta_2': 0.14505275018241293, 'beta_3': 0.0008648718497669717, 'beta_4': 0.6846065057344267, 'beta_5': 80.62951664270265, 'beta_6': 0.04354745526198063, 'beta_7': 0.03363517825468619}. Best is trial 175 with value: 2367.0380894697555.Best trial: 175. Best value: 2367.04:  36%|███▌      | 356/1000 [10:22<13:56,  1.30s/it]Best trial: 175. Best value: 2367.04:  36%|███▌      | 356/1000 [10:22<13:56,  1.30s/it]Best trial: 175. Best value: 2367.04:  36%|███▌      | 357/1000 [10:22<13:52,  1.30s/it]                                                                                        Best trial: 175. Best value: 2367.04:  36%|███▌      | 357/1000 [10:24<13:52,  1.30s/it]Best trial: 175. Best value: 2367.04:  36%|███▌      | 357/1000 [10:24<13:52,  1.30s/it]Best trial: 175. Best value: 2367.04:  36%|███▌      | 358/1000 [10:24<13:46,  1.29s/it]                                                                                        Best trial: 175. Best value: 2367.04:  36%|███▌      | 358/1000 [10:25<13:46,  1.29s/it]Best trial: 175. Best value: 2367.04:  36%|███▌      | 358/1000 [10:25<13:46,  1.29s/it]Best trial: 175. Best value: 2367.04:  36%|███▌      | 359/1000 [10:25<13:40,  1.28s/it]                                                                                        Best trial: 175. Best value: 2367.04:  36%|███▌      | 359/1000 [10:26<13:40,  1.28s/it]Best trial: 175. Best value: 2367.04:  36%|███▌      | 359/1000 [10:26<13:40,  1.28s/it]Best trial: 175. Best value: 2367.04:  36%|███▌      | 360/1000 [10:26<13:42,  1.29s/it]                                                                                        Best trial: 175. Best value: 2367.04:  36%|███▌      | 360/1000 [10:27<13:42,  1.29s/it]Best trial: 175. Best value: 2367.04:  36%|███▌      | 360/1000 [10:27<13:42,  1.29s/it]Best trial: 175. Best value: 2367.04:  36%|███▌      | 361/1000 [10:27<13:46,  1.29s/it]                                                                                        Best trial: 175. Best value: 2367.04:  36%|███▌      | 361/1000 [10:29<13:46,  1.29s/it]Best trial: 175. Best value: 2367.04:  36%|███▌      | 361/1000 [10:29<13:46,  1.29s/it]Best trial: 175. Best value: 2367.04:  36%|███▌      | 362/1000 [10:29<13:36,  1.28s/it]                                                                                        Best trial: 175. Best value: 2367.04:  36%|███▌      | 362/1000 [10:30<13:36,  1.28s/it]Best trial: 175. Best value: 2367.04:  36%|███▌      | 362/1000 [10:30<13:36,  1.28s/it]Best trial: 175. Best value: 2367.04:  36%|███▋      | 363/1000 [10:30<13:27,  1.27s/it]                                                                                        Best trial: 175. Best value: 2367.04:  36%|███▋      | 363/1000 [10:31<13:27,  1.27s/it]Best trial: 175. Best value: 2367.04:  36%|███▋      | 363/1000 [10:31<13:27,  1.27s/it]Best trial: 175. Best value: 2367.04:  36%|███▋      | 364/1000 [10:31<13:31,  1.28s/it]                                                                                        Best trial: 175. Best value: 2367.04:  36%|███▋      | 364/1000 [10:32<13:31,  1.28s/it]Best trial: 175. Best value: 2367.04:  36%|███▋      | 364/1000 [10:32<13:31,  1.28s/it]Best trial: 175. Best value: 2367.04:  36%|███▋      | 365/1000 [10:32<13:27,  1.27s/it]                                                                                        Best trial: 175. Best value: 2367.04:  36%|███▋      | 365/1000 [10:34<13:27,  1.27s/it]Best trial: 175. Best value: 2367.04:  36%|███▋      | 365/1000 [10:34<13:27,  1.27s/it]Best trial: 175. Best value: 2367.04:  37%|███▋      | 366/1000 [10:34<13:22,  1.27s/it]                                                                                        Best trial: 175. Best value: 2367.04:  37%|███▋      | 366/1000 [10:35<13:22,  1.27s/it]Best trial: 175. Best value: 2367.04:  37%|███▋      | 366/1000 [10:35<13:22,  1.27s/it]Best trial: 175. Best value: 2367.04:  37%|███▋      | 367/1000 [10:35<13:45,  1.30s/it]                                                                                        Best trial: 175. Best value: 2367.04:  37%|███▋      | 367/1000 [10:36<13:45,  1.30s/it]Best trial: 175. Best value: 2367.04:  37%|███▋      | 367/1000 [10:36<13:45,  1.30s/it]Best trial: 175. Best value: 2367.04:  37%|███▋      | 368/1000 [10:36<13:39,  1.30s/it]                                                                                        Best trial: 175. Best value: 2367.04:  37%|███▋      | 368/1000 [10:38<13:39,  1.30s/it]Best trial: 175. Best value: 2367.04:  37%|███▋      | 368/1000 [10:38<13:39,  1.30s/it]Best trial: 175. Best value: 2367.04:  37%|███▋      | 369/1000 [10:38<13:26,  1.28s/it]                                                                                        Best trial: 175. Best value: 2367.04:  37%|███▋      | 369/1000 [10:39<13:26,  1.28s/it]Best trial: 175. Best value: 2367.04:  37%|███▋      | 369/1000 [10:39<13:26,  1.28s/it]Best trial: 175. Best value: 2367.04:  37%|███▋      | 370/1000 [10:39<13:24,  1.28s/it]                                                                                        Best trial: 175. Best value: 2367.04:  37%|███▋      | 370/1000 [10:40<13:24,  1.28s/it]Best trial: 175. Best value: 2367.04:  37%|███▋      | 370/1000 [10:40<13:24,  1.28s/it]Best trial: 175. Best value: 2367.04:  37%|███▋      | 371/1000 [10:40<13:19,  1.27s/it]                                                                                        Best trial: 175. Best value: 2367.04:  37%|███▋      | 371/1000 [10:42<13:19,  1.27s/it]Best trial: 175. Best value: 2367.04:  37%|███▋      | 371/1000 [10:42<13:19,  1.27s/it]Best trial: 175. Best value: 2367.04:  37%|███▋      | 372/1000 [10:42<13:49,  1.32s/it]                                                                                        Best trial: 175. Best value: 2367.04:  37%|███▋      | 372/1000 [10:43<13:49,  1.32s/it]Best trial: 175. Best value: 2367.04:  37%|███▋      | 372/1000 [10:43<13:49,  1.32s/it]Best trial: 175. Best value: 2367.04:  37%|███▋      | 373/1000 [10:43<13:39,  1.31s/it]                                                                                        
[I 2026-03-31 17:32:14,521] Trial 357 finished with value: 2617.406476281507 and parameters: {'alpha_0': 0.0010197636539621751, 'alpha_1': 6.164008114660503e-05, 'alpha_2': 6.087602615605624e-05, 'beta_0': 0.4269273229283805, 'beta_1': 1.349844666157129, 'beta_2': 0.15631291670212621, 'beta_3': 0.0006636228177164142, 'beta_4': 0.6571971111714627, 'beta_5': 83.0520559536905, 'beta_6': 0.041437455422265845, 'beta_7': 0.03136279183243459}. Best is trial 175 with value: 2367.0380894697555.
[I 2026-03-31 17:32:15,785] Trial 358 finished with value: 2469.3838037655873 and parameters: {'alpha_0': 0.0009797937492553703, 'alpha_1': 5.7961194915322065e-05, 'alpha_2': 6.619308773683532e-05, 'beta_0': 0.3651178759538532, 'beta_1': 1.026047925897183, 'beta_2': 0.17664027323304465, 'beta_3': 0.000718442344725745, 'beta_4': 1.1406652132536181, 'beta_5': 76.51945256630967, 'beta_6': 0.039868368152883, 'beta_7': 0.032691403476143674}. Best is trial 175 with value: 2367.0380894697555.
[I 2026-03-31 17:32:17,082] Trial 359 finished with value: 2545.674945710044 and parameters: {'alpha_0': 0.0008867234485946695, 'alpha_1': 6.346331518698626e-05, 'alpha_2': 6.483916480959529e-05, 'beta_0': 0.36056312144385066, 'beta_1': 1.2997830443967504, 'beta_2': 0.13757139335258678, 'beta_3': 0.0008534287042153599, 'beta_4': 0.810866544969032, 'beta_5': 57.654580226746326, 'beta_6': 0.047058561139421355, 'beta_7': 0.03208529177497045}. Best is trial 175 with value: 2367.0380894697555.
[I 2026-03-31 17:32:18,397] Trial 360 finished with value: 2537.9597747820817 and parameters: {'alpha_0': 0.0010955954039231412, 'alpha_1': 5.8952722167779896e-05, 'alpha_2': 5.9994220014542855e-05, 'beta_0': 0.40370390459852884, 'beta_1': 1.3379477208073602, 'beta_2': 0.1515575888196786, 'beta_3': 0.0007449864885985917, 'beta_4': 0.6713057619473698, 'beta_5': 78.63652006225117, 'beta_6': 0.049851499889831764, 'beta_7': 0.03104986777732508}. Best is trial 175 with value: 2367.0380894697555.
[I 2026-03-31 17:32:19,642] Trial 361 finished with value: 2470.0472185932103 and parameters: {'alpha_0': 0.0009366029413147984, 'alpha_1': 5.7033602331108155e-05, 'alpha_2': 6.253441382366268e-05, 'beta_0': 0.3486505268400433, 'beta_1': 1.100319650708418, 'beta_2': 0.1666389502727771, 'beta_3': 0.0007458296799232448, 'beta_4': 0.7972760227847092, 'beta_5': 68.91336079720534, 'beta_6': 0.03887821720373139, 'beta_7': 0.03264968869548274}. Best is trial 175 with value: 2367.0380894697555.
[I 2026-03-31 17:32:20,880] Trial 362 finished with value: 2584.1978713506633 and parameters: {'alpha_0': 0.0008462357449708327, 'alpha_1': 8.970158837597897e-05, 'alpha_2': 6.722164724898675e-05, 'beta_0': 0.3328126111465634, 'beta_1': 1.1162946822468747, 'beta_2': 0.1357317654873576, 'beta_3': 0.0005986870129323079, 'beta_4': 0.8263534690631067, 'beta_5': 82.03343955874624, 'beta_6': 0.02330752646835256, 'beta_7': 0.03349759368175394}. Best is trial 175 with value: 2367.0380894697555.
[I 2026-03-31 17:32:22,176] Trial 363 finished with value: 2522.413710101323 and parameters: {'alpha_0': 0.0009662192413352626, 'alpha_1': 6.012972233615814e-05, 'alpha_2': 6.443529803790023e-05, 'beta_0': 0.37065866008220083, 'beta_1': 1.3856670364436445, 'beta_2': 0.14374993742930722, 'beta_3': 0.0009861218629973242, 'beta_4': 1.0615316776744674, 'beta_5': 56.326383867315386, 'beta_6': 0.03566829177003125, 'beta_7': 0.031865099651584496}. Best is trial 175 with value: 2367.0380894697555.
[I 2026-03-31 17:32:23,440] Trial 364 finished with value: 2593.765966336052 and parameters: {'alpha_0': 0.0010391407039457659, 'alpha_1': 5.742573607776256e-05, 'alpha_2': 7.124845882849989e-05, 'beta_0': 0.34171519838503434, 'beta_1': 0.9921529075894995, 'beta_2': 0.13061530974521537, 'beta_3': 0.0008043722342762447, 'beta_4': 0.6710100026336004, 'beta_5': 59.11177575009103, 'beta_6': 0.04175808098835575, 'beta_7': 0.03121805153743343}. Best is trial 175 with value: 2367.0380894697555.
[I 2026-03-31 17:32:24,692] Trial 365 finished with value: 2631.822711332871 and parameters: {'alpha_0': 0.0009002395823298335, 'alpha_1': 5.245037316094945e-05, 'alpha_2': 6.59632158313968e-05, 'beta_0': 0.3194690204962149, 'beta_1': 1.0798306019495723, 'beta_2': 0.10020783827896174, 'beta_3': 0.0010445645690535185, 'beta_4': 1.0991385552623358, 'beta_5': 74.31014858478659, 'beta_6': 0.043717344136332006, 'beta_7': 0.03308901264973133}. Best is trial 175 with value: 2367.0380894697555.
[I 2026-03-31 17:32:26,086] Trial 366 finished with value: 2670.887467097318 and parameters: {'alpha_0': 0.0008058056490880677, 'alpha_1': 6.431188962933313e-05, 'alpha_2': 6.247446129077664e-05, 'beta_0': 0.357244371302646, 'beta_1': 1.0511296639688332, 'beta_2': 0.1567508998224915, 'beta_3': 0.0007002451570546397, 'beta_4': 0.7824426439925045, 'beta_5': 70.7548601612151, 'beta_6': 0.0387740582182588, 'beta_7': 0.030535452180575937}. Best is trial 175 with value: 2367.0380894697555.
[I 2026-03-31 17:32:27,363] Trial 367 finished with value: 2686.3551943501557 and parameters: {'alpha_0': 0.0010066244503681052, 'alpha_1': 6.110073017189061e-05, 'alpha_2': 6.699340788589166e-05, 'beta_0': 0.3309256841080043, 'beta_1': 1.3265466113195155, 'beta_2': 0.34726242188779155, 'beta_3': 0.0006852195890183671, 'beta_4': 0.8156073171760098, 'beta_5': 61.83288521877797, 'beta_6': 0.04560035533878339, 'beta_7': 0.03437965705104438}. Best is trial 175 with value: 2367.0380894697555.
[I 2026-03-31 17:32:28,601] Trial 368 finished with value: 2604.414960051881 and parameters: {'alpha_0': 0.001173169568817708, 'alpha_1': 5.671979842669021e-05, 'alpha_2': 6.948145504387539e-05, 'beta_0': 0.3468327550387906, 'beta_1': 1.0644202115029806, 'beta_2': 0.14198484629739216, 'beta_3': 0.0018812633173960582, 'beta_4': 0.9989331075550614, 'beta_5': 54.306276716610476, 'beta_6': 0.03544322325061633, 'beta_7': 0.03222255027935695}. Best is trial 175 with value: 2367.0380894697555.
[I 2026-03-31 17:32:29,874] Trial 369 finished with value: 2569.4185449762053 and parameters: {'alpha_0': 0.0009350844869123441, 'alpha_1': 5.367574088371468e-05, 'alpha_2': 6.421737780436452e-05, 'beta_0': 0.31884579413448116, 'beta_1': 1.1002795030119161, 'beta_2': 0.11475060224386172, 'beta_3': 0.0007581399030178523, 'beta_4': 0.9685175272921036, 'beta_5': 59.678898431358355, 'beta_6': 0.03733144533595387, 'beta_7': 0.03163400531599979}. Best is trial 175 with value: 2367.0380894697555.
[I 2026-03-31 17:32:31,133] Trial 370 finished with value: 2514.851645823062 and parameters: {'alpha_0': 0.000830029198767396, 'alpha_1': 5.940929991585739e-05, 'alpha_2': 6.05521560772236e-05, 'beta_0': 0.33788939109846217, 'beta_1': 1.0437719118513646, 'beta_2': 0.16845678295091393, 'beta_3': 0.0012760655936718407, 'beta_4': 0.8418342475370175, 'beta_5': 99.48089832244048, 'beta_6': 0.03375132879193145, 'beta_7': 0.03240390844497382}. Best is trial 175 with value: 2367.0380894697555.
[I 2026-03-31 17:32:32,569] Trial 371 finished with value: 2916.1293587799482 and parameters: {'alpha_0': 0.000871846999733988, 'alpha_1': 5.224734375141503e-05, 'alpha_2': 6.773086236377778e-05, 'beta_0': 0.37459206463744504, 'beta_1': 1.295840294982669, 'beta_2': 0.13153281859634058, 'beta_3': 0.0008607372841658271, 'beta_4': 0.6967351095503898, 'beta_5': 49.990916188278604, 'beta_6': 0.04119460425579098, 'beta_7': 0.02973324869469327}. Best is trial 175 with value: 2367.0380894697555.
[I 2026-03-31 17:32:33,842] Trial 372 finished with value: 3883.6147134556977 and parameters: {'alpha_0': 0.0009646461737016983, 'alpha_1': 5.000087822944386e-05, 'alpha_2': 6.555486416316596e-05, 'beta_0': 0.32748079483587517, 'beta_1': 1.3687404498022104, 'beta_2': 0.15084835192242885, 'beta_3': 0.0012101589162402304, 'beta_4': 0.6311772735660476, 'beta_5': 66.91274023778924, 'beta_6': 0.025450738279389516, 'beta_7': 0.033124020169313526}. Best is trial 175 with value: 2367.0380894697555.
