[I 2026-03-31 17:33:15,402] Trial 392 finished with value: 2499.0310743463756 and parameters: {'alpha_0': 0.0009988128688192058, 'alpha_1': 5.195804157016116e-05, 'alpha_2': 7.076467324682708e-05, 'beta_0': 0.29932849663304273, 'beta_1': 1.408188113363095, 'beta_2': 0.11219317956064337, 'beta_3': 0.0017498761076172372, 'beta_4': 0.8013345365296851, 'beta_5': 62.95669617378142, 'beta_6': 0.03633498737825036, 'beta_7': 0.03074644915344903}. Best is trial 175 with value: 2367.0380894697555.
[I 2026-03-31 17:33:16,687] Trial 393 finished with value: 2658.0944975434277 and parameters: {'alpha_0': 0.0010364772587874106, 'alpha_1': 5.622865815156876e-05, 'alpha_2': 7.260987146268939e-05, 'beta_0': 0.3220675499266156, 'beta_1': 1.0385890580822938, 'beta_2': 0.10057889296126432, 'beta_3': 0.00171145509142011, 'beta_4': 0.8210277173570768, 'beta_5': 57.4379802344406, 'beta_6': 0.027647062537035024, 'beta_7': 0.033642922428786234}. Best is trial 175 with value: 2367.0380894697555.
[I 2026-03-31 17:33:17,940] Trial 394 finished with value: 2413.113545947253 and parameters: {'alpha_0': 0.0010838892604458092, 'alpha_1': 5.851204094874234e-05, 'alpha_2': 6.989197416270546e-05, 'beta_0': 0.34187338811280016, 'beta_1': 1.0886951244929983, 'beta_2': 0.1282219071205005, 'beta_3': 0.0018892826475541888, 'beta_4': 0.7695696207233726, 'beta_5': 61.001138193151824, 'beta_6': 0.03818177059875304, 'beta_7': 0.03153869497165604}. Best is trial 175 with value: 2367.0380894697555.
[I 2026-03-31 17:33:19,233] Trial 395 finished with value: 2720.549849461952 and parameters: {'alpha_0': 0.0009836955669558641, 'alpha_1': 9.56660675794603e-05, 'alpha_2': 5.615380742578204e-05, 'beta_0': 0.36240017422904564, 'beta_1': 1.1215894072212929, 'beta_2': 0.13503877382043816, 'beta_3': 0.0018208374058701347, 'beta_4': 0.7499436752570948, 'beta_5': 51.80588663225853, 'beta_6': 0.03445053891551338, 'beta_7': 0.032875357023504574}. Best is trial 175 with value: 2367.0380894697555.
[I 2026-03-31 17:33:20,491] Trial 396 finished with value: 2551.3075214157957 and parameters: {'alpha_0': 0.0010003493148025703, 'alpha_1': 6.59654489331109e-05, 'alpha_2': 6.895815291001152e-05, 'beta_0': 0.23242807791783252, 'beta_1': 1.0147123309116366, 'beta_2': 0.15481067975290028, 'beta_3': 0.0016778430951468492, 'beta_4': 0.7851696955237225, 'beta_5': 64.37475704324312, 'beta_6': 0.030896552026282692, 'beta_7': 0.032389052843917486}. Best is trial 175 with value: 2367.0380894697555.
[I 2026-03-31 17:33:21,763] Trial 397 finished with value: 2582.0416465513813 and parameters: {'alpha_0': 0.0010419372925018014, 'alpha_1': 5.4036639949302625e-05, 'alpha_2': 7.553429496082421e-05, 'beta_0': 0.3357069132446362, 'beta_1': 1.0689661089292943, 'beta_2': 0.12314891454823422, 'beta_3': 0.0017975333593302982, 'beta_4': 0.8328481356949816, 'beta_5': 58.94708917293021, 'beta_6': 0.025714086397541417, 'beta_7': 0.030402718821683137}. Best is trial 175 with value: 2367.0380894697555.
[I 2026-03-31 17:33:22,998] Trial 398 finished with value: 2402.803531068591 and parameters: {'alpha_0': 0.0011201579210759476, 'alpha_1': 6.036491122194207e-05, 'alpha_2': 7.837068142375577e-05, 'beta_0': 0.34983751083892445, 'beta_1': 1.0481730521978114, 'beta_2': 0.14918018309855477, 'beta_3': 0.0017705647500685774, 'beta_4': 0.8125322990817354, 'beta_5': 96.13001321761466, 'beta_6': 0.0330927800646614, 'beta_7': 0.03175715970992007}. Best is trial 175 with value: 2367.0380894697555.
[I 2026-03-31 17:33:24,286] Trial 399 finished with value: 2537.1005622819475 and parameters: {'alpha_0': 0.0011986193825610659, 'alpha_1': 6.330238578762026e-05, 'alpha_2': 7.641265967260609e-05, 'beta_0': 0.35013602564902524, 'beta_1': 1.0363778402012989, 'beta_2': 0.14608441742736253, 'beta_3': 0.0017637820700278635, 'beta_4': 0.841142317874948, 'beta_5': 69.37802047216833, 'beta_6': 0.03744684253499022, 'beta_7': 0.031053644572105205}. Best is trial 175 with value: 2367.0380894697555.
[I 2026-03-31 17:33:25,546] Trial 400 finished with value: 2542.8949232232817 and parameters: {'alpha_0': 0.0011286876598885377, 'alpha_1': 6.211257509923316e-05, 'alpha_2': 6.43672002290709e-05, 'beta_0': 0.357653752018913, 'beta_1': 1.0590739876148247, 'beta_2': 0.21616382033643416, 'beta_3': 0.0018449327219890387, 'beta_4': 1.0199393852612373, 'beta_5': 96.14302333403745, 'beta_6': 0.033836218831645025, 'beta_7': 0.0319506168364927}. Best is trial 175 with value: 2367.0380894697555.
[I 2026-03-31 17:33:26,816] Trial 401 finished with value: 2422.164202864118 and parameters: {'alpha_0': 0.0011079980913792247, 'alpha_1': 5.932495907435064e-05, 'alpha_2': 7.84461544571243e-05, 'beta_0': 0.3666135178260369, 'beta_1': 1.052669070844822, 'beta_2': 0.1481423359857445, 'beta_3': 0.00036226148393367027, 'beta_4': 0.8124875919671537, 'beta_5': 89.37725061053801, 'beta_6': 0.03590626007588771, 'beta_7': 0.0331862603713051}. Best is trial 175 with value: 2367.0380894697555.
[I 2026-03-31 17:33:28,057] Trial 402 finished with value: 2445.064209856727 and parameters: {'alpha_0': 0.0010846738152106982, 'alpha_1': 5.1918636840440984e-05, 'alpha_2': 7.677443748087726e-05, 'beta_0': 0.3468705533675225, 'beta_1': 1.0480425439667045, 'beta_2': 0.15510710598750962, 'beta_3': 0.0017789305174141692, 'beta_4': 0.7603925871181368, 'beta_5': 94.82198528196719, 'beta_6': 0.02906663860867948, 'beta_7': 0.03148825834437209}. Best is trial 175 with value: 2367.0380894697555.
[I 2026-03-31 17:33:29,319] Trial 403 finished with value: 3038.4988889505976 and parameters: {'alpha_0': 0.0012510295346034967, 'alpha_1': 6.0287992253360796e-05, 'alpha_2': 8.095211756410028e-05, 'beta_0': 0.3320907698328766, 'beta_1': 1.002831174307024, 'beta_2': 0.115519174916973, 'beta_3': 0.0017317559747233344, 'beta_4': 0.8211883566698969, 'beta_5': 56.20919071813911, 'beta_6': 0.038470146707674555, 'beta_7': 0.03256053372226588}. Best is trial 175 with value: 2367.0380894697555.
[I 2026-03-31 17:33:30,574] Trial 404 finished with value: 2566.47256964887 and parameters: {'alpha_0': 0.001175952996376267, 'alpha_1': 5.575138509205181e-05, 'alpha_2': 8.142594079506872e-05, 'beta_0': 0.3083375620742727, 'beta_1': 1.074847604819894, 'beta_2': 0.26840188818716965, 'beta_3': 0.0018115242829542387, 'beta_4': 0.8047720682453985, 'beta_5': 53.91061157873092, 'beta_6': 0.039992755067908045, 'beta_7': 0.032146157324246694}. Best is trial 175 with value: 2367.0380894697555.
[I 2026-03-31 17:33:31,846] Trial 405 finished with value: 2637.933657324307 and parameters: {'alpha_0': 0.001125096964025167, 'alpha_1': 6.022551338861688e-05, 'alpha_2': 7.819912563952826e-05, 'beta_0': 0.32497240256177373, 'beta_1': 1.0923250585694908, 'beta_2': 0.16039774729704737, 'beta_3': 0.0017686982555142647, 'beta_4': 1.1734482558259194, 'beta_5': 90.5563598465421, 'beta_6': 0.03281999933611112, 'beta_7': 0.03402506492787958}. Best is trial 175 with value: 2367.0380894697555.
[I 2026-03-31 17:33:33,132] Trial 406 finished with value: 2510.4843492956393 and parameters: {'alpha_0': 0.0009699191589264147, 'alpha_1': 5.759890167229267e-05, 'alpha_2': 7.902027399004413e-05, 'beta_0': 0.34398646307233877, 'beta_1': 1.028314021740091, 'beta_2': 0.1354020209547745, 'beta_3': 0.0018744457401385069, 'beta_4': 0.7783745245057626, 'beta_5': 94.45915456807492, 'beta_6': 0.03553639870167721, 'beta_7': 0.0309984555958592}. Best is trial 175 with value: 2367.0380894697555.
[I 2026-03-31 17:33:34,446] Trial 407 finished with value: 2441.518158757167 and parameters: {'alpha_0': 0.0010290518587890566, 'alpha_1': 6.435017160935801e-05, 'alpha_2': 5.7912762897460906e-05, 'beta_0': 0.35647640180168966, 'beta_1': 0.8304508312710946, 'beta_2': 0.17941947792315868, 'beta_3': 0.0017059647829801802, 'beta_4': 0.7934354910013369, 'beta_5': 98.61637176208924, 'beta_6': 0.022150874718601343, 'beta_7': 0.02993210410708986}. Best is trial 175 with value: 2367.0380894697555.Best trial: 175. Best value: 2367.04:  41%|████      | 407/1000 [11:43<12:33,  1.27s/it]Best trial: 175. Best value: 2367.04:  41%|████      | 407/1000 [11:43<12:33,  1.27s/it]Best trial: 175. Best value: 2367.04:  41%|████      | 408/1000 [11:43<12:39,  1.28s/it]                                                                                        Best trial: 175. Best value: 2367.04:  41%|████      | 408/1000 [11:45<12:39,  1.28s/it]Best trial: 175. Best value: 2367.04:  41%|████      | 408/1000 [11:45<12:39,  1.28s/it]Best trial: 175. Best value: 2367.04:  41%|████      | 409/1000 [11:45<13:53,  1.41s/it]                                                                                        Best trial: 175. Best value: 2367.04:  41%|████      | 409/1000 [11:46<13:53,  1.41s/it]Best trial: 175. Best value: 2367.04:  41%|████      | 409/1000 [11:46<13:53,  1.41s/it]Best trial: 175. Best value: 2367.04:  41%|████      | 410/1000 [11:46<13:31,  1.37s/it]                                                                                        Best trial: 175. Best value: 2367.04:  41%|████      | 410/1000 [11:48<13:31,  1.37s/it]Best trial: 175. Best value: 2367.04:  41%|████      | 410/1000 [11:48<13:31,  1.37s/it]Best trial: 175. Best value: 2367.04:  41%|████      | 411/1000 [11:48<13:06,  1.34s/it]                                                                                        Best trial: 175. Best value: 2367.04:  41%|████      | 411/1000 [11:49<13:06,  1.34s/it]Best trial: 175. Best value: 2367.04:  41%|████      | 411/1000 [11:49<13:06,  1.34s/it]Best trial: 175. Best value: 2367.04:  41%|████      | 412/1000 [11:49<12:54,  1.32s/it]                                                                                        Best trial: 175. Best value: 2367.04:  41%|████      | 412/1000 [11:50<12:54,  1.32s/it]Best trial: 175. Best value: 2367.04:  41%|████      | 412/1000 [11:50<12:54,  1.32s/it]Best trial: 175. Best value: 2367.04:  41%|████▏     | 413/1000 [11:50<13:08,  1.34s/it]                                                                                        Best trial: 175. Best value: 2367.04:  41%|████▏     | 413/1000 [11:52<13:08,  1.34s/it]Best trial: 175. Best value: 2367.04:  41%|████▏     | 413/1000 [11:52<13:08,  1.34s/it]Best trial: 175. Best value: 2367.04:  41%|████▏     | 414/1000 [11:52<12:52,  1.32s/it]                                                                                        Best trial: 175. Best value: 2367.04:  41%|████▏     | 414/1000 [11:53<12:52,  1.32s/it]Best trial: 175. Best value: 2367.04:  41%|████▏     | 414/1000 [11:53<12:52,  1.32s/it]Best trial: 175. Best value: 2367.04:  42%|████▏     | 415/1000 [11:53<12:52,  1.32s/it]                                                                                        Best trial: 175. Best value: 2367.04:  42%|████▏     | 415/1000 [11:54<12:52,  1.32s/it]Best trial: 175. Best value: 2367.04:  42%|████▏     | 415/1000 [11:54<12:52,  1.32s/it]Best trial: 175. Best value: 2367.04:  42%|████▏     | 416/1000 [11:54<12:32,  1.29s/it]                                                                                        Best trial: 175. Best value: 2367.04:  42%|████▏     | 416/1000 [11:56<12:32,  1.29s/it]Best trial: 175. Best value: 2367.04:  42%|████▏     | 416/1000 [11:56<12:32,  1.29s/it]Best trial: 175. Best value: 2367.04:  42%|████▏     | 417/1000 [11:56<13:28,  1.39s/it]                                                                                        Best trial: 175. Best value: 2367.04:  42%|████▏     | 417/1000 [11:57<13:28,  1.39s/it]Best trial: 175. Best value: 2367.04:  42%|████▏     | 417/1000 [11:57<13:28,  1.39s/it]Best trial: 175. Best value: 2367.04:  42%|████▏     | 418/1000 [11:57<13:06,  1.35s/it]                                                                                        Best trial: 175. Best value: 2367.04:  42%|████▏     | 418/1000 [11:58<13:06,  1.35s/it]Best trial: 175. Best value: 2367.04:  42%|████▏     | 418/1000 [11:58<13:06,  1.35s/it]Best trial: 175. Best value: 2367.04:  42%|████▏     | 419/1000 [11:58<12:49,  1.33s/it]                                                                                        Best trial: 175. Best value: 2367.04:  42%|████▏     | 419/1000 [12:00<12:49,  1.33s/it]Best trial: 175. Best value: 2367.04:  42%|████▏     | 419/1000 [12:00<12:49,  1.33s/it]Best trial: 175. Best value: 2367.04:  42%|████▏     | 420/1000 [12:00<12:37,  1.31s/it]                                                                                        Best trial: 175. Best value: 2367.04:  42%|████▏     | 420/1000 [12:01<12:37,  1.31s/it]Best trial: 175. Best value: 2367.04:  42%|████▏     | 420/1000 [12:01<12:37,  1.31s/it]Best trial: 175. Best value: 2367.04:  42%|████▏     | 421/1000 [12:01<12:28,  1.29s/it]                                                                                        Best trial: 175. Best value: 2367.04:  42%|████▏     | 421/1000 [12:02<12:28,  1.29s/it]Best trial: 175. Best value: 2367.04:  42%|████▏     | 421/1000 [12:02<12:28,  1.29s/it]Best trial: 175. Best value: 2367.04:  42%|████▏     | 422/1000 [12:02<12:20,  1.28s/it]                                                                                        Best trial: 175. Best value: 2367.04:  42%|████▏     | 422/1000 [12:03<12:20,  1.28s/it]Best trial: 175. Best value: 2367.04:  42%|████▏     | 422/1000 [12:03<12:20,  1.28s/it]Best trial: 175. Best value: 2367.04:  42%|████▏     | 423/1000 [12:03<12:22,  1.29s/it]                                                                                        Best trial: 175. Best value: 2367.04:  42%|████▏     | 423/1000 [12:13<12:22,  1.29s/it]Best trial: 175. Best value: 2367.04:  42%|████▏     | 423/1000 [12:13<12:22,  1.29s/it]Best trial: 175. Best value: 2367.04:  42%|████▏     | 424/1000 [12:13<35:10,  3.66s/it]                                                                                        
[I 2026-03-31 17:33:36,150] Trial 408 finished with value: 3648.638630891599 and parameters: {'alpha_0': 0.0010658614935768827, 'alpha_1': 5.343214968348395e-05, 'alpha_2': 7.989514875190097e-05, 'beta_0': 0.33619115541309497, 'beta_1': 1.115681394792704, 'beta_2': 0.1413883652861401, 'beta_3': 0.0017415728055306654, 'beta_4': 0.7418414835810622, 'beta_5': 96.91806809376186, 'beta_6': 0.030547621627100476, 'beta_7': 0.027756982166132992}. Best is trial 175 with value: 2367.0380894697555.
[I 2026-03-31 17:33:37,443] Trial 409 finished with value: 2761.535579289907 and parameters: {'alpha_0': 0.0009924733415630576, 'alpha_1': 0.0001365112005025398, 'alpha_2': 6.655455796169909e-05, 'beta_0': 0.37176848452470723, 'beta_1': 0.9772471360347127, 'beta_2': 0.12352418376483106, 'beta_3': 0.0018052030495860725, 'beta_4': 0.8392143218488154, 'beta_5': 58.379359065442536, 'beta_6': 0.0323990016940194, 'beta_7': 0.033123868700704634}. Best is trial 175 with value: 2367.0380894697555.
[I 2026-03-31 17:33:38,686] Trial 410 finished with value: 2591.516298074066 and parameters: {'alpha_0': 0.0008926285190978054, 'alpha_1': 5.01638998953135e-05, 'alpha_2': 6.145460735912225e-05, 'beta_0': 0.31707887413862784, 'beta_1': 1.1031413724763024, 'beta_2': 0.11167202421076665, 'beta_3': 0.0016940562605349022, 'beta_4': 0.7685570826772072, 'beta_5': 65.81243083033128, 'beta_6': 0.09973927033278797, 'beta_7': 0.0316539577523908}. Best is trial 175 with value: 2367.0380894697555.
[I 2026-03-31 17:33:39,962] Trial 411 finished with value: 2933.25132491385 and parameters: {'alpha_0': 0.0009530577662237834, 'alpha_1': 6.21135038246443e-05, 'alpha_2': 6.775157355227487e-05, 'beta_0': 0.3481447842538116, 'beta_1': 1.0789181181222396, 'beta_2': 0.1585102298554574, 'beta_3': 0.0018531746026574697, 'beta_4': 0.8117228385109574, 'beta_5': 55.132297274029185, 'beta_6': 0.04022729582317315, 'beta_7': 0.032565856279906734}. Best is trial 175 with value: 2367.0380894697555.
[I 2026-03-31 17:33:41,365] Trial 412 finished with value: 2632.8189157797815 and parameters: {'alpha_0': 0.0011530105729066508, 'alpha_1': 5.565516520445067e-05, 'alpha_2': 6.426283238798017e-05, 'beta_0': 0.29565739595398205, 'beta_1': 1.0450495287448276, 'beta_2': 0.13037102841209763, 'beta_3': 0.0006213696518766133, 'beta_4': 0.7571523597080141, 'beta_5': 61.96165771660627, 'beta_6': 0.027329486684353678, 'beta_7': 0.030610312488761397}. Best is trial 175 with value: 2367.0380894697555.
[I 2026-03-31 17:33:42,625] Trial 413 finished with value: 2529.6482325564266 and parameters: {'alpha_0': 0.0010231639497974387, 'alpha_1': 6.690786368204036e-05, 'alpha_2': 5.938678932618943e-05, 'beta_0': 0.33084615874520923, 'beta_1': 1.0187961992909365, 'beta_2': 0.14506056436707948, 'beta_3': 0.0017446657750350015, 'beta_4': 0.7874740055432471, 'beta_5': 92.59791926430258, 'beta_6': 0.034669959158487536, 'beta_7': 0.031960198815247344}. Best is trial 175 with value: 2367.0380894697555.
[I 2026-03-31 17:33:43,949] Trial 414 finished with value: 2537.739919492436 and parameters: {'alpha_0': 0.0015662004163223085, 'alpha_1': 5.8123216846282615e-05, 'alpha_2': 7.52091802112304e-05, 'beta_0': 0.3060131838131144, 'beta_1': 1.063754134477909, 'beta_2': 0.17185247606893936, 'beta_3': 0.0017832413120701196, 'beta_4': 0.8293131462196884, 'beta_5': 67.74825524781353, 'beta_6': 0.03738368448372144, 'beta_7': 0.03118897839253203}. Best is trial 175 with value: 2367.0380894697555.
[I 2026-03-31 17:33:45,165] Trial 415 finished with value: 2569.970397121199 and parameters: {'alpha_0': 0.0008556748187746849, 'alpha_1': 5.3570747548070026e-05, 'alpha_2': 6.54693753173157e-05, 'beta_0': 0.32180982490331905, 'beta_1': 1.1299174272733161, 'beta_2': 0.12283354373392477, 'beta_3': 0.0005659944967384304, 'beta_4': 0.7761959002116584, 'beta_5': 6.606028457857569, 'beta_6': 0.030109469403305673, 'beta_7': 0.03353701014281641}. Best is trial 175 with value: 2367.0380894697555.
[I 2026-03-31 17:33:46,780] Trial 416 finished with value: 10527.862779493675 and parameters: {'alpha_0': 0.001301372681690527, 'alpha_1': 5.210936493142585e-05, 'alpha_2': 0.00010330705215871305, 'beta_0': 0.3637915595688709, 'beta_1': 1.0918719349307038, 'beta_2': 0.1515272108178583, 'beta_3': 0.0016747220968953772, 'beta_4': 0.7993321927940482, 'beta_5': 60.16135392311108, 'beta_6': 0.0427429141100903, 'beta_7': 0.025040808626612527}. Best is trial 175 with value: 2367.0380894697555.
[I 2026-03-31 17:33:48,048] Trial 417 finished with value: 2422.0471982599393 and parameters: {'alpha_0': 0.0016298236699708434, 'alpha_1': 6.067674389778796e-05, 'alpha_2': 6.73122638669748e-05, 'beta_0': 0.33911274796065605, 'beta_1': 1.0767596100142416, 'beta_2': 0.13480115289721428, 'beta_3': 0.0007002815744973639, 'beta_4': 0.7509140071336087, 'beta_5': 58.10522086987242, 'beta_6': 0.032785108791491664, 'beta_7': 0.03281487616543144}. Best is trial 175 with value: 2367.0380894697555.
[I 2026-03-31 17:33:49,313] Trial 418 finished with value: 2538.4253276468053 and parameters: {'alpha_0': 0.0016999353965247539, 'alpha_1': 5.513404030668709e-05, 'alpha_2': 6.311334893278833e-05, 'beta_0': 0.352376877794164, 'beta_1': 1.0436554168425498, 'beta_2': 0.1068511247012917, 'beta_3': 0.0017133038586109109, 'beta_4': 0.8125839226170762, 'beta_5': 63.83359752794179, 'beta_6': 0.023836975593995707, 'beta_7': 0.03216522077465407}. Best is trial 175 with value: 2367.0380894697555.
[I 2026-03-31 17:33:50,576] Trial 419 finished with value: 2484.5852619702764 and parameters: {'alpha_0': 0.0010845947007214034, 'alpha_1': 5.73492461385091e-05, 'alpha_2': 7.749183165135433e-05, 'beta_0': 0.3778045371573089, 'beta_1': 1.1011232816231906, 'beta_2': 0.14145786372603175, 'beta_3': 0.0018291237315364065, 'beta_4': 0.8523701286555985, 'beta_5': 56.7356044206993, 'beta_6': 0.039234484213955007, 'beta_7': 0.03149381960595521}. Best is trial 175 with value: 2367.0380894697555.
[I 2026-03-31 17:33:51,837] Trial 420 finished with value: 2792.8130855877016 and parameters: {'alpha_0': 0.0009282717230788257, 'alpha_1': 6.99690873063277e-05, 'alpha_2': 6.185607596269018e-05, 'beta_0': 0.3269084546496026, 'beta_1': 1.0602445861737388, 'beta_2': 0.16131842621962403, 'beta_3': 0.0019068288199055566, 'beta_4': 0.7378193415726347, 'beta_5': 15.531134508774002, 'beta_6': 0.03512857862865181, 'beta_7': 0.03225882620299877}. Best is trial 175 with value: 2367.0380894697555.
[I 2026-03-31 17:33:53,093] Trial 421 finished with value: 2485.7252425686243 and parameters: {'alpha_0': 0.0009767964032748257, 'alpha_1': 7.438568798521943e-05, 'alpha_2': 6.578352890335891e-05, 'beta_0': 0.3143590069732552, 'beta_1': 1.10660509748251, 'beta_2': 0.12904577964823222, 'beta_3': 0.001751483619830039, 'beta_4': 0.7769195205228044, 'beta_5': 60.61274822887609, 'beta_6': 0.026705456993700735, 'beta_7': 0.03155360721094478}. Best is trial 175 with value: 2367.0380894697555.
[I 2026-03-31 17:33:54,393] Trial 422 finished with value: 2697.620488432861 and parameters: {'alpha_0': 0.0009028413454877309, 'alpha_1': 5.878240357898823e-05, 'alpha_2': 6.862533083469991e-05, 'beta_0': 0.4987358889794853, 'beta_1': 1.0286668334440774, 'beta_2': 0.11774960306806685, 'beta_3': 0.00048289390511251117, 'beta_4': 0.789344920944582, 'beta_5': 72.87836648492635, 'beta_6': 0.03753056325514047, 'beta_7': 0.03034687672906295}. Best is trial 175 with value: 2367.0380894697555.
[I 2026-03-31 17:34:03,605] Trial 423 finished with value: 10798.58839216935 and parameters: {'alpha_0': 0.0010396258409058174, 'alpha_1': 5.184432385951894e-05, 'alpha_2': 6.414237192243652e-05, 'beta_0': 0.3420619237762416, 'beta_1': 1.0821288183330473, 'beta_2': 0.4926348604197457, 'beta_3': 0.0016535584035720296, 'beta_4': 0.8257521747416542, 'beta_5': 62.44247045826976, 'beta_6': 0.03173264533496955, 'beta_7': 0.022229521625735944}. Best is trial 175 with value: 2367.0380894697555.
