[I 2026-03-31 17:41:57,052] Trial 730 finished with value: 2444.4416570630215 and parameters: {'alpha_0': 0.001656713833939572, 'alpha_1': 5.211169792084334e-05, 'alpha_2': 9.139473435028394e-05, 'beta_0': 0.37680668529509487, 'beta_1': 0.8955559015263089, 'beta_2': 0.21096522237429305, 'beta_3': 0.001537050067477854, 'beta_4': 0.9960413250816064, 'beta_5': 43.40998146020032, 'beta_6': 0.010942089054429501, 'beta_7': 0.03165914877529435}. Best is trial 663 with value: 2322.408756152314.Best trial: 663. Best value: 2322.41:  73%|███████▎  | 730/1000 [20:06<05:40,  1.26s/it]Best trial: 663. Best value: 2322.41:  73%|███████▎  | 730/1000 [20:06<05:40,  1.26s/it]Best trial: 663. Best value: 2322.41:  73%|███████▎  | 731/1000 [20:06<05:38,  1.26s/it]                                                                                        Best trial: 663. Best value: 2322.41:  73%|███████▎  | 731/1000 [20:07<05:38,  1.26s/it]Best trial: 663. Best value: 2322.41:  73%|███████▎  | 731/1000 [20:07<05:38,  1.26s/it]Best trial: 663. Best value: 2322.41:  73%|███████▎  | 732/1000 [20:07<05:37,  1.26s/it]                                                                                        Best trial: 663. Best value: 2322.41:  73%|███████▎  | 732/1000 [20:09<05:37,  1.26s/it]Best trial: 663. Best value: 2322.41:  73%|███████▎  | 732/1000 [20:09<05:37,  1.26s/it]Best trial: 663. Best value: 2322.41:  73%|███████▎  | 733/1000 [20:09<05:37,  1.26s/it]                                                                                        Best trial: 663. Best value: 2322.41:  73%|███████▎  | 733/1000 [20:10<05:37,  1.26s/it]Best trial: 663. Best value: 2322.41:  73%|███████▎  | 733/1000 [20:10<05:37,  1.26s/it]Best trial: 663. Best value: 2322.41:  73%|███████▎  | 734/1000 [20:10<05:36,  1.26s/it]                                                                                        Best trial: 663. Best value: 2322.41:  73%|███████▎  | 734/1000 [20:11<05:36,  1.26s/it]Best trial: 663. Best value: 2322.41:  73%|███████▎  | 734/1000 [20:11<05:36,  1.26s/it]Best trial: 663. Best value: 2322.41:  74%|███████▎  | 735/1000 [20:11<05:36,  1.27s/it]                                                                                        Best trial: 663. Best value: 2322.41:  74%|███████▎  | 735/1000 [20:12<05:36,  1.27s/it]Best trial: 663. Best value: 2322.41:  74%|███████▎  | 735/1000 [20:12<05:36,  1.27s/it]Best trial: 663. Best value: 2322.41:  74%|███████▎  | 736/1000 [20:12<05:33,  1.26s/it]                                                                                        Best trial: 663. Best value: 2322.41:  74%|███████▎  | 736/1000 [20:14<05:33,  1.26s/it]Best trial: 663. Best value: 2322.41:  74%|███████▎  | 736/1000 [20:14<05:33,  1.26s/it]Best trial: 663. Best value: 2322.41:  74%|███████▎  | 737/1000 [20:14<05:29,  1.25s/it]                                                                                        Best trial: 663. Best value: 2322.41:  74%|███████▎  | 737/1000 [20:15<05:29,  1.25s/it]Best trial: 663. Best value: 2322.41:  74%|███████▎  | 737/1000 [20:15<05:29,  1.25s/it]Best trial: 663. Best value: 2322.41:  74%|███████▍  | 738/1000 [20:15<05:29,  1.26s/it]                                                                                        Best trial: 663. Best value: 2322.41:  74%|███████▍  | 738/1000 [20:16<05:29,  1.26s/it]Best trial: 663. Best value: 2322.41:  74%|███████▍  | 738/1000 [20:16<05:29,  1.26s/it]Best trial: 663. Best value: 2322.41:  74%|███████▍  | 739/1000 [20:16<05:31,  1.27s/it]                                                                                        Best trial: 663. Best value: 2322.41:  74%|███████▍  | 739/1000 [20:17<05:31,  1.27s/it]Best trial: 663. Best value: 2322.41:  74%|███████▍  | 739/1000 [20:17<05:31,  1.27s/it]Best trial: 663. Best value: 2322.41:  74%|███████▍  | 740/1000 [20:17<05:30,  1.27s/it]                                                                                        Best trial: 663. Best value: 2322.41:  74%|███████▍  | 740/1000 [20:19<05:30,  1.27s/it]Best trial: 663. Best value: 2322.41:  74%|███████▍  | 740/1000 [20:19<05:30,  1.27s/it]Best trial: 663. Best value: 2322.41:  74%|███████▍  | 741/1000 [20:19<05:28,  1.27s/it]                                                                                        Best trial: 663. Best value: 2322.41:  74%|███████▍  | 741/1000 [20:20<05:28,  1.27s/it]Best trial: 663. Best value: 2322.41:  74%|███████▍  | 741/1000 [20:20<05:28,  1.27s/it]Best trial: 663. Best value: 2322.41:  74%|███████▍  | 742/1000 [20:20<05:24,  1.26s/it]                                                                                        Best trial: 663. Best value: 2322.41:  74%|███████▍  | 742/1000 [20:21<05:24,  1.26s/it]Best trial: 663. Best value: 2322.41:  74%|███████▍  | 742/1000 [20:21<05:24,  1.26s/it]Best trial: 663. Best value: 2322.41:  74%|███████▍  | 743/1000 [20:21<05:24,  1.26s/it]                                                                                        Best trial: 663. Best value: 2322.41:  74%|███████▍  | 743/1000 [20:35<05:24,  1.26s/it]Best trial: 663. Best value: 2322.41:  74%|███████▍  | 743/1000 [20:35<05:24,  1.26s/it]Best trial: 663. Best value: 2322.41:  74%|███████▍  | 744/1000 [20:35<21:18,  4.99s/it]                                                                                        Best trial: 663. Best value: 2322.41:  74%|███████▍  | 744/1000 [20:36<21:18,  4.99s/it]Best trial: 663. Best value: 2322.41:  74%|███████▍  | 744/1000 [20:36<21:18,  4.99s/it]Best trial: 663. Best value: 2322.41:  74%|███████▍  | 745/1000 [20:36<16:30,  3.88s/it]                                                                                        Best trial: 663. Best value: 2322.41:  74%|███████▍  | 745/1000 [20:37<16:30,  3.88s/it]Best trial: 663. Best value: 2322.41:  74%|███████▍  | 745/1000 [20:37<16:30,  3.88s/it]Best trial: 663. Best value: 2322.41:  75%|███████▍  | 746/1000 [20:37<13:04,  3.09s/it]                                                                                        Best trial: 663. Best value: 2322.41:  75%|███████▍  | 746/1000 [20:39<13:04,  3.09s/it]Best trial: 663. Best value: 2322.41:  75%|███████▍  | 746/1000 [20:39<13:04,  3.09s/it]Best trial: 663. Best value: 2322.41:  75%|███████▍  | 747/1000 [20:39<10:44,  2.55s/it]                                                                                        
[I 2026-03-31 17:41:58,315] Trial 731 finished with value: 2935.6226217043136 and parameters: {'alpha_0': 0.0013754495677800198, 'alpha_1': 5.1669629990849374e-05, 'alpha_2': 9.501610344647899e-05, 'beta_0': 0.41525731293254126, 'beta_1': 0.9476891046717492, 'beta_2': 0.2237738097845904, 'beta_3': 0.0015032729737917076, 'beta_4': 0.9465273244807318, 'beta_5': 40.099181192522906, 'beta_6': 0.012764579266363743, 'beta_7': 0.03276776610760539}. Best is trial 663 with value: 2322.408756152314.
[I 2026-03-31 17:41:59,587] Trial 732 finished with value: 2524.702446749764 and parameters: {'alpha_0': 0.0015475918715931976, 'alpha_1': 5.007436336770548e-05, 'alpha_2': 9.351664772089522e-05, 'beta_0': 0.40908236359204997, 'beta_1': 0.928608552810815, 'beta_2': 0.1839573819048942, 'beta_3': 0.0013671870505975552, 'beta_4': 0.9433533170857675, 'beta_5': 48.171214315147026, 'beta_6': 0.006664363637580922, 'beta_7': 0.031026909280334348}. Best is trial 663 with value: 2322.408756152314.
[I 2026-03-31 17:42:00,851] Trial 733 finished with value: 2344.575991396284 and parameters: {'alpha_0': 0.0015074880809522813, 'alpha_1': 5.413517886824795e-05, 'alpha_2': 8.983230712876401e-05, 'beta_0': 0.40102259239849747, 'beta_1': 0.9653902123348668, 'beta_2': 0.2028966887058098, 'beta_3': 0.0015647203106087088, 'beta_4': 0.979876000715873, 'beta_5': 46.38860857161485, 'beta_6': 0.01471782954232189, 'beta_7': 0.03206160884667463}. Best is trial 663 with value: 2322.408756152314.
[I 2026-03-31 17:42:02,135] Trial 734 finished with value: 2768.5963776715116 and parameters: {'alpha_0': 0.00150595337842272, 'alpha_1': 5.388937832143398e-05, 'alpha_2': 8.999736013445318e-05, 'beta_0': 0.42538257908050836, 'beta_1': 0.9649861218885349, 'beta_2': 0.1940733010719316, 'beta_3': 0.0015798226940442733, 'beta_4': 0.9543591896039175, 'beta_5': 47.360549747505814, 'beta_6': 0.014535026036782916, 'beta_7': 0.03338126438939848}. Best is trial 663 with value: 2322.408756152314.
[I 2026-03-31 17:42:03,382] Trial 735 finished with value: 2515.8734084594316 and parameters: {'alpha_0': 0.0014611131816840335, 'alpha_1': 5.36775663670337e-05, 'alpha_2': 8.855039460954727e-05, 'beta_0': 0.4201053584840672, 'beta_1': 0.9819845825870641, 'beta_2': 0.20346639465004268, 'beta_3': 0.0015605233312191282, 'beta_4': 0.9606919537777399, 'beta_5': 45.60383972418689, 'beta_6': 0.017390290101156378, 'beta_7': 0.03246351235632539}. Best is trial 663 with value: 2322.408756152314.
[I 2026-03-31 17:42:04,611] Trial 736 finished with value: 2354.13345587782 and parameters: {'alpha_0': 0.001554707529272947, 'alpha_1': 5.009126235756449e-05, 'alpha_2': 9.759354005267685e-05, 'beta_0': 0.4141636535463393, 'beta_1': 0.9548052634158024, 'beta_2': 0.21768834604981907, 'beta_3': 0.0015153347914511402, 'beta_4': 0.9739030457723291, 'beta_5': 43.094905174358665, 'beta_6': 0.011590278043196773, 'beta_7': 0.03202358319675089}. Best is trial 663 with value: 2322.408756152314.
[I 2026-03-31 17:42:05,881] Trial 737 finished with value: 2522.7175974556035 and parameters: {'alpha_0': 0.0015382201361966278, 'alpha_1': 5.1728301726664334e-05, 'alpha_2': 9.17167619000219e-05, 'beta_0': 0.4094989629547053, 'beta_1': 0.9463930275609187, 'beta_2': 0.22160484915093923, 'beta_3': 0.001518345989187402, 'beta_4': 0.9727082800406059, 'beta_5': 42.67063547081798, 'beta_6': 0.01138234778072642, 'beta_7': 0.030510998645744837}. Best is trial 663 with value: 2322.408756152314.
[I 2026-03-31 17:42:07,181] Trial 738 finished with value: 2435.1168254508693 and parameters: {'alpha_0': 0.0015733161811037608, 'alpha_1': 5.173237132018324e-05, 'alpha_2': 9.77556918485875e-05, 'beta_0': 0.4199517182969817, 'beta_1': 0.9586000003238736, 'beta_2': 0.23424436427692702, 'beta_3': 0.0014565465343480575, 'beta_4': 0.9824800988348757, 'beta_5': 45.096431301119814, 'beta_6': 0.005492702939843633, 'beta_7': 0.03138345493709909}. Best is trial 663 with value: 2322.408756152314.
[I 2026-03-31 17:42:08,447] Trial 739 finished with value: 2415.0985673440828 and parameters: {'alpha_0': 0.0014978894993546846, 'alpha_1': 5.025108224450006e-05, 'alpha_2': 9.795064643233035e-05, 'beta_0': 0.4278129617667785, 'beta_1': 0.9339468754135946, 'beta_2': 0.2155333439355543, 'beta_3': 0.0015272544308369692, 'beta_4': 0.9917451498363204, 'beta_5': 42.218885091810456, 'beta_6': 0.011469883451873789, 'beta_7': 0.03182060683899463}. Best is trial 663 with value: 2322.408756152314.
[I 2026-03-31 17:42:09,707] Trial 740 finished with value: 2337.890681727953 and parameters: {'alpha_0': 0.001616728843357476, 'alpha_1': 5.1782154544951726e-05, 'alpha_2': 9.628737130957943e-05, 'beta_0': 0.4031843939918335, 'beta_1': 0.9712366169828806, 'beta_2': 0.21075074752131223, 'beta_3': 0.001563080577973559, 'beta_4': 0.9676537873886796, 'beta_5': 40.414271257566355, 'beta_6': 0.014286797660605382, 'beta_7': 0.03207449897923125}. Best is trial 663 with value: 2322.408756152314.
[I 2026-03-31 17:42:10,949] Trial 741 finished with value: 2500.6026275270324 and parameters: {'alpha_0': 0.0016152930387796848, 'alpha_1': 5.022074388891095e-05, 'alpha_2': 9.458476441592856e-05, 'beta_0': 0.40471214947001793, 'beta_1': 0.971107847599522, 'beta_2': 0.22769622897684724, 'beta_3': 0.0015667598425762566, 'beta_4': 0.9714155154939377, 'beta_5': 39.05425283588579, 'beta_6': 0.01402463854077827, 'beta_7': 0.03219746733359289}. Best is trial 663 with value: 2322.408756152314.
[I 2026-03-31 17:42:12,223] Trial 742 finished with value: 2536.3424808260643 and parameters: {'alpha_0': 0.0016518157698149675, 'alpha_1': 5.0039778116406655e-05, 'alpha_2': 9.589060227909787e-05, 'beta_0': 0.43032603094447064, 'beta_1': 0.9542722332919086, 'beta_2': 0.20937899218179926, 'beta_3': 0.001493293573099365, 'beta_4': 0.9595028694200128, 'beta_5': 40.562769003498275, 'beta_6': 0.008957273820549519, 'beta_7': 0.030958114215335272}. Best is trial 663 with value: 2322.408756152314.
[I 2026-03-31 17:42:25,916] Trial 743 finished with value: 9718.417015867171 and parameters: {'alpha_0': 0.0016047547282417346, 'alpha_1': 5.33241888628478e-05, 'alpha_2': 9.680608357382304e-05, 'beta_0': 0.4045068236989349, 'beta_1': 0.9705542218936984, 'beta_2': 0.24109858501229198, 'beta_3': 0.0015460479125166357, 'beta_4': 0.9894114120616144, 'beta_5': 37.649817985948026, 'beta_6': 0.015332354512572914, 'beta_7': 0.010086257215349989}. Best is trial 663 with value: 2322.408756152314.
[I 2026-03-31 17:42:27,211] Trial 744 finished with value: 2623.7406751223184 and parameters: {'alpha_0': 0.0016939664036285723, 'alpha_1': 5.195631397697995e-05, 'alpha_2': 9.321009523350341e-05, 'beta_0': 0.420665885555076, 'beta_1': 0.9397699129143594, 'beta_2': 0.21833981661143587, 'beta_3': 0.0015794963170208337, 'beta_4': 0.9673624968371982, 'beta_5': 43.30980431124057, 'beta_6': 0.012050912134338445, 'beta_7': 0.032963737634391754}. Best is trial 663 with value: 2322.408756152314.
[I 2026-03-31 17:42:28,448] Trial 745 finished with value: 2425.9154656101127 and parameters: {'alpha_0': 0.0015610443707287716, 'alpha_1': 5.204282793902159e-05, 'alpha_2': 9.943482064833329e-05, 'beta_0': 0.41423529443765966, 'beta_1': 0.9873379229451282, 'beta_2': 0.20031173712992578, 'beta_3': 0.0014044186117525954, 'beta_4': 1.0064650004659697, 'beta_5': 46.44636126355718, 'beta_6': 0.017281352909270884, 'beta_7': 0.03199856219024444}. Best is trial 663 with value: 2322.408756152314.
[I 2026-03-31 17:42:29,733] Trial 746 finished with value: 2470.597840354167 and parameters: {'alpha_0': 0.0015209042089215806, 'alpha_1': 5.371740975682272e-05, 'alpha_2': 0.00010137081929734763, 'beta_0': 0.4492217498638037, 'beta_1': 0.9644222301477404, 'beta_2': 0.21037124012527636, 'beta_3': 0.0014842150916257247, 'beta_4': 0.9372369575645634, 'beta_5': 31.819854084454445, 'beta_6': 0.014742683728358482, 'beta_7': 0.03151078356384407}. Best is trial 663 with value: 2322.408756152314.
[I 2026-03-31 17:42:31,003] Trial 747 finished with value: 2664.3047036805583 and parameters: {'alpha_0': 0.001580296246875895, 'alpha_1': 5.1987564541593576e-05, 'alpha_2': 8.622489108711345e-05, 'beta_0': 0.40155185501551854, 'beta_1': 0.9829079646288977, 'beta_2': 0.2311271700903755, 'beta_3': 0.001530449512505634, 'beta_4': 0.9741587041214693, 'beta_5': 44.25875747557914, 'beta_6': 0.0102392301824452, 'beta_7': 0.03272053285314073}. Best is trial 663 with value: 2322.408756152314.Best trial: 663. Best value: 2322.41:  75%|███████▍  | 747/1000 [20:40<10:44,  2.55s/it]Best trial: 663. Best value: 2322.41:  75%|███████▍  | 747/1000 [20:40<10:44,  2.55s/it]Best trial: 663. Best value: 2322.41:  75%|███████▍  | 748/1000 [20:40<09:05,  2.16s/it]                                                                                        Best trial: 663. Best value: 2322.41:  75%|███████▍  | 748/1000 [20:41<09:05,  2.16s/it]Best trial: 663. Best value: 2322.41:  75%|███████▍  | 748/1000 [20:41<09:05,  2.16s/it]Best trial: 663. Best value: 2322.41:  75%|███████▍  | 749/1000 [20:41<07:56,  1.90s/it]                                                                                        Best trial: 663. Best value: 2322.41:  75%|███████▍  | 749/1000 [20:43<07:56,  1.90s/it]Best trial: 663. Best value: 2322.41:  75%|███████▍  | 749/1000 [20:43<07:56,  1.90s/it]Best trial: 663. Best value: 2322.41:  75%|███████▌  | 750/1000 [20:43<07:08,  1.71s/it]                                                                                        Best trial: 663. Best value: 2322.41:  75%|███████▌  | 750/1000 [20:44<07:08,  1.71s/it]Best trial: 663. Best value: 2322.41:  75%|███████▌  | 750/1000 [20:44<07:08,  1.71s/it]Best trial: 663. Best value: 2322.41:  75%|███████▌  | 751/1000 [20:44<06:33,  1.58s/it]                                                                                        Best trial: 663. Best value: 2322.41:  75%|███████▌  | 751/1000 [20:45<06:33,  1.58s/it]Best trial: 663. Best value: 2322.41:  75%|███████▌  | 751/1000 [20:45<06:33,  1.58s/it]Best trial: 663. Best value: 2322.41:  75%|███████▌  | 752/1000 [20:45<06:08,  1.49s/it]                                                                                        Best trial: 663. Best value: 2322.41:  75%|███████▌  | 752/1000 [20:46<06:08,  1.49s/it]Best trial: 663. Best value: 2322.41:  75%|███████▌  | 752/1000 [20:46<06:08,  1.49s/it]Best trial: 663. Best value: 2322.41:  75%|███████▌  | 753/1000 [20:46<05:51,  1.42s/it]                                                                                        Best trial: 663. Best value: 2322.41:  75%|███████▌  | 753/1000 [20:48<05:51,  1.42s/it]Best trial: 663. Best value: 2322.41:  75%|███████▌  | 753/1000 [20:48<05:51,  1.42s/it]Best trial: 663. Best value: 2322.41:  75%|███████▌  | 754/1000 [20:48<05:38,  1.37s/it]                                                                                        Best trial: 663. Best value: 2322.41:  75%|███████▌  | 754/1000 [20:49<05:38,  1.37s/it]Best trial: 663. Best value: 2322.41:  75%|███████▌  | 754/1000 [20:49<05:38,  1.37s/it]Best trial: 663. Best value: 2322.41:  76%|███████▌  | 755/1000 [20:49<05:28,  1.34s/it]                                                                                        Best trial: 663. Best value: 2322.41:  76%|███████▌  | 755/1000 [20:50<05:28,  1.34s/it]Best trial: 663. Best value: 2322.41:  76%|███████▌  | 755/1000 [20:50<05:28,  1.34s/it]Best trial: 663. Best value: 2322.41:  76%|███████▌  | 756/1000 [20:50<05:24,  1.33s/it]                                                                                        Best trial: 663. Best value: 2322.41:  76%|███████▌  | 756/1000 [20:51<05:24,  1.33s/it]Best trial: 663. Best value: 2322.41:  76%|███████▌  | 756/1000 [20:51<05:24,  1.33s/it]Best trial: 663. Best value: 2322.41:  76%|███████▌  | 757/1000 [20:51<05:19,  1.31s/it]                                                                                        Best trial: 663. Best value: 2322.41:  76%|███████▌  | 757/1000 [20:53<05:19,  1.31s/it]Best trial: 663. Best value: 2322.41:  76%|███████▌  | 757/1000 [20:53<05:19,  1.31s/it]Best trial: 663. Best value: 2322.41:  76%|███████▌  | 758/1000 [20:53<05:13,  1.30s/it]                                                                                        Best trial: 663. Best value: 2322.41:  76%|███████▌  | 758/1000 [20:54<05:13,  1.30s/it]Best trial: 663. Best value: 2322.41:  76%|███████▌  | 758/1000 [20:54<05:13,  1.30s/it]Best trial: 663. Best value: 2322.41:  76%|███████▌  | 759/1000 [20:54<05:11,  1.29s/it]                                                                                        Best trial: 663. Best value: 2322.41:  76%|███████▌  | 759/1000 [20:55<05:11,  1.29s/it]Best trial: 663. Best value: 2322.41:  76%|███████▌  | 759/1000 [20:55<05:11,  1.29s/it]Best trial: 663. Best value: 2322.41:  76%|███████▌  | 760/1000 [20:55<05:07,  1.28s/it]                                                                                        Best trial: 663. Best value: 2322.41:  76%|███████▌  | 760/1000 [20:57<05:07,  1.28s/it]Best trial: 663. Best value: 2322.41:  76%|███████▌  | 760/1000 [20:57<05:07,  1.28s/it]Best trial: 663. Best value: 2322.41:  76%|███████▌  | 761/1000 [20:57<05:06,  1.28s/it]                                                                                        Best trial: 663. Best value: 2322.41:  76%|███████▌  | 761/1000 [20:58<05:06,  1.28s/it]Best trial: 663. Best value: 2322.41:  76%|███████▌  | 761/1000 [20:58<05:06,  1.28s/it]Best trial: 663. Best value: 2322.41:  76%|███████▌  | 762/1000 [20:58<05:05,  1.29s/it]                                                                                        Best trial: 663. Best value: 2322.41:  76%|███████▌  | 762/1000 [20:59<05:05,  1.29s/it]Best trial: 663. Best value: 2322.41:  76%|███████▌  | 762/1000 [20:59<05:05,  1.29s/it]Best trial: 663. Best value: 2322.41:  76%|███████▋  | 763/1000 [20:59<05:03,  1.28s/it]                                                                                        Best trial: 663. Best value: 2322.41:  76%|███████▋  | 763/1000 [21:00<05:03,  1.28s/it]Best trial: 663. Best value: 2322.41:  76%|███████▋  | 763/1000 [21:00<05:03,  1.28s/it]Best trial: 663. Best value: 2322.41:  76%|███████▋  | 764/1000 [21:00<04:58,  1.26s/it]                                                                                        
[I 2026-03-31 17:42:32,278] Trial 748 finished with value: 2355.800226351741 and parameters: {'alpha_0': 0.0014691331442339994, 'alpha_1': 5.0073182522279476e-05, 'alpha_2': 9.110219723163747e-05, 'beta_0': 0.4048085190462098, 'beta_1': 0.9160925277328428, 'beta_2': 0.1936619732395592, 'beta_3': 0.0014418518191979114, 'beta_4': 0.9676945009142891, 'beta_5': 41.06313832154949, 'beta_6': 0.013681682378946037, 'beta_7': 0.03218556411622317}. Best is trial 663 with value: 2322.408756152314.
[I 2026-03-31 17:42:33,564] Trial 749 finished with value: 2602.475783351911 and parameters: {'alpha_0': 0.0014410055146488589, 'alpha_1': 5.002924153757124e-05, 'alpha_2': 8.871255950028506e-05, 'beta_0': 0.4092279867601961, 'beta_1': 0.9170428657137143, 'beta_2': 0.19402482601606888, 'beta_3': 0.0014236402827236226, 'beta_4': 0.9601226893619096, 'beta_5': 40.86451009088586, 'beta_6': 0.013472466659553761, 'beta_7': 0.03327578118109761}. Best is trial 663 with value: 2322.408756152314.
