[I 2026-03-31 17:26:38,218] Trial 137 finished with value: 2409.991424442202 and parameters: {'alpha_0': 0.000704241210703011, 'alpha_1': 6.122739687929542e-05, 'alpha_2': 7.298718558046934e-05, 'beta_0': 0.28290132593159756, 'beta_1': 1.2813112299955325, 'beta_2': 0.13313753256380564, 'beta_3': 0.00188862547989012, 'beta_4': 0.8474130934287601, 'beta_5': 63.852337965564246, 'beta_6': 0.040929845530092684, 'beta_7': 0.031573304573142405}. Best is trial 115 with value: 2383.8325613702136.
[I 2026-03-31 17:26:39,531] Trial 138 finished with value: 2653.45897207136 and parameters: {'alpha_0': 0.0006419052671264457, 'alpha_1': 5.401688352301473e-05, 'alpha_2': 7.318348646207641e-05, 'beta_0': 0.28263390515496684, 'beta_1': 1.284340249487197, 'beta_2': 0.13308565053497093, 'beta_3': 0.0019044775223111031, 'beta_4': 0.8060844719050936, 'beta_5': 23.053159540075224, 'beta_6': 0.04098854176735535, 'beta_7': 0.033851152819836194}. Best is trial 115 with value: 2383.8325613702136.
[I 2026-03-31 17:26:40,798] Trial 139 finished with value: 2545.2113447327956 and parameters: {'alpha_0': 0.0006896807060087625, 'alpha_1': 5.724504925704787e-05, 'alpha_2': 6.809762529581077e-05, 'beta_0': 0.2672249978952635, 'beta_1': 1.1543131588063633, 'beta_2': 0.16918888719769398, 'beta_3': 0.0019595395327795533, 'beta_4': 0.8438143915912371, 'beta_5': 66.06364554337212, 'beta_6': 0.046180604867634555, 'beta_7': 0.02986090317720406}. Best is trial 115 with value: 2383.8325613702136.
[I 2026-03-31 17:26:42,054] Trial 140 finished with value: 2489.309077068722 and parameters: {'alpha_0': 0.0007163659587281913, 'alpha_1': 5.962075198051476e-05, 'alpha_2': 7.095297292826267e-05, 'beta_0': 0.21409879626945125, 'beta_1': 1.2692930243983944, 'beta_2': 0.14849860961604663, 'beta_3': 0.0018423946219677115, 'beta_4': 0.8538522776579922, 'beta_5': 63.688411091911526, 'beta_6': 0.03831686163173073, 'beta_7': 0.03162074542587309}. Best is trial 115 with value: 2383.8325613702136.
[I 2026-03-31 17:26:43,340] Trial 141 finished with value: 2580.006413928247 and parameters: {'alpha_0': 0.0006426297441833888, 'alpha_1': 6.215014954700429e-05, 'alpha_2': 7.648070658654089e-05, 'beta_0': 0.306452243207941, 'beta_1': 1.2464566452490726, 'beta_2': 0.12207148775039409, 'beta_3': 0.0017905683396104706, 'beta_4': 0.8811912622552811, 'beta_5': 59.43545206805397, 'beta_6': 0.03554555936987355, 'beta_7': 0.031288165089462604}. Best is trial 115 with value: 2383.8325613702136.
[I 2026-03-31 17:26:44,580] Trial 142 finished with value: 2544.638320344716 and parameters: {'alpha_0': 0.0005789634597337455, 'alpha_1': 6.806693859995433e-05, 'alpha_2': 7.51613393693166e-05, 'beta_0': 0.2759599007528109, 'beta_1': 1.2284428210209686, 'beta_2': 0.11071340877894367, 'beta_3': 0.0016873410111300038, 'beta_4': 1.0421446058813544, 'beta_5': 61.53463572835429, 'beta_6': 0.02635316651945068, 'beta_7': 0.03225552880203103}. Best is trial 115 with value: 2383.8325613702136.
[I 2026-03-31 17:26:45,859] Trial 143 finished with value: 2658.6365771098685 and parameters: {'alpha_0': 0.00061481744060135, 'alpha_1': 6.459657518883575e-05, 'alpha_2': 7.978918618456523e-05, 'beta_0': 0.31700730271085675, 'beta_1': 1.3012249935434368, 'beta_2': 0.1359594763447461, 'beta_3': 0.0018851093898431097, 'beta_4': 0.8322127255109438, 'beta_5': 54.11475275692004, 'beta_6': 0.03349048848649636, 'beta_7': 0.03295963907545665}. Best is trial 115 with value: 2383.8325613702136.
[I 2026-03-31 17:26:47,128] Trial 144 finished with value: 2497.3179026512844 and parameters: {'alpha_0': 0.0005415920246103911, 'alpha_1': 5.570898096543005e-05, 'alpha_2': 7.016172289329731e-05, 'beta_0': 0.20027559513894985, 'beta_1': 1.2079512629067735, 'beta_2': 0.13988128796726734, 'beta_3': 0.0018214813237710046, 'beta_4': 0.8628704599301142, 'beta_5': 58.49868606375312, 'beta_6': 0.030481003060043962, 'beta_7': 0.030784937389118763}. Best is trial 115 with value: 2383.8325613702136.
[I 2026-03-31 17:26:48,368] Trial 145 finished with value: 2495.4661559686833 and parameters: {'alpha_0': 0.0006539968040837303, 'alpha_1': 5.259164522022604e-05, 'alpha_2': 6.261505734091089e-05, 'beta_0': 0.2871499725796983, 'beta_1': 1.2675728900212508, 'beta_2': 0.1187943757724201, 'beta_3': 0.0019204938356094058, 'beta_4': 0.8443131029995464, 'beta_5': 64.38749736663533, 'beta_6': 0.04252029131484886, 'beta_7': 0.031726117026303985}. Best is trial 115 with value: 2383.8325613702136.
[I 2026-03-31 17:26:49,659] Trial 146 finished with value: 2598.3143861304743 and parameters: {'alpha_0': 0.000773498319011807, 'alpha_1': 6.156075712154837e-05, 'alpha_2': 7.231276007022289e-05, 'beta_0': 0.3028922627117753, 'beta_1': 1.2539483810101242, 'beta_2': 0.15126286655696924, 'beta_3': 0.0017646864787857718, 'beta_4': 0.898784469930749, 'beta_5': 56.01764207296624, 'beta_6': 0.04010902476820215, 'beta_7': 0.030227186431389}. Best is trial 115 with value: 2383.8325613702136.
[I 2026-03-31 17:26:59,050] Trial 147 finished with value: 10350.59963080279 and parameters: {'alpha_0': 0.0005103755350783719, 'alpha_1': 5.742216221444327e-05, 'alpha_2': 0.00011766278494757722, 'beta_0': 0.2646176334035924, 'beta_1': 1.1344184417855818, 'beta_2': 0.1081645302618929, 'beta_3': 0.001872918363959241, 'beta_4': 0.8089877980541278, 'beta_5': 62.06079113315666, 'beta_6': 0.05143967766310564, 'beta_7': 0.02134871660207089}. Best is trial 115 with value: 2383.8325613702136.
[I 2026-03-31 17:27:00,391] Trial 148 finished with value: 2640.504136506021 and parameters: {'alpha_0': 0.0008947069101333224, 'alpha_1': 5.463173291569692e-05, 'alpha_2': 6.500326870677055e-05, 'beta_0': 0.2324795853648363, 'beta_1': 1.179642105742525, 'beta_2': 0.1828682169364837, 'beta_3': 0.001733594389017077, 'beta_4': 0.8242399560009996, 'beta_5': 74.71350930177633, 'beta_6': 0.04735972089572034, 'beta_7': 0.02940130320790106}. Best is trial 115 with value: 2383.8325613702136.
[I 2026-03-31 17:27:01,636] Trial 149 finished with value: 2474.1102983205083 and parameters: {'alpha_0': 0.0005997312914195451, 'alpha_1': 5.146267230075948e-05, 'alpha_2': 7.764002755512014e-05, 'beta_0': 0.17101989843042287, 'beta_1': 1.2848049691948729, 'beta_2': 0.16380723760596477, 'beta_3': 0.0019526626161567924, 'beta_4': 0.785535308808903, 'beta_5': 30.515939421137055, 'beta_6': 0.04445390903956656, 'beta_7': 0.03126741420372023}. Best is trial 115 with value: 2383.8325613702136.
[I 2026-03-31 17:27:02,950] Trial 150 finished with value: 2622.703552462717 and parameters: {'alpha_0': 0.0005809564195869378, 'alpha_1': 5.215992011994759e-05, 'alpha_2': 9.511866825808841e-05, 'beta_0': 0.168686615131719, 'beta_1': 1.2010550894157677, 'beta_2': 0.17021651568090002, 'beta_3': 0.0019613607471364466, 'beta_4': 0.739771810652245, 'beta_5': 33.1013525347745, 'beta_6': 0.044439743283940264, 'beta_7': 0.03339256179687661}. Best is trial 115 with value: 2383.8325613702136.
[I 2026-03-31 17:27:04,172] Trial 151 finished with value: 2477.101742646681 and parameters: {'alpha_0': 0.0006136437015428212, 'alpha_1': 5.1706696991105486e-05, 'alpha_2': 7.735536523402745e-05, 'beta_0': 0.25415420608900013, 'beta_1': 1.2890973610157619, 'beta_2': 0.1323353517765763, 'beta_3': 0.0019268354196878862, 'beta_4': 0.7818636278527615, 'beta_5': 30.293588383438735, 'beta_6': 0.03803239482819603, 'beta_7': 0.03140026824647625}. Best is trial 115 with value: 2383.8325613702136.
[I 2026-03-31 17:27:05,434] Trial 152 finished with value: 2542.3719231640343 and parameters: {'alpha_0': 0.0006136077805053114, 'alpha_1': 5.021340385091495e-05, 'alpha_2': 7.872749752888439e-05, 'beta_0': 0.24477051514933768, 'beta_1': 1.2861592821010812, 'beta_2': 0.24077891797683998, 'beta_3': 0.0019341968894253081, 'beta_4': 0.7912774331604258, 'beta_5': 30.741663408147915, 'beta_6': 0.038371989906106234, 'beta_7': 0.03195819907827267}. Best is trial 115 with value: 2383.8325613702136.Best trial: 115. Best value: 2383.83:  15%|█▌        | 152/1000 [05:14<26:12,  1.85s/it]Best trial: 115. Best value: 2383.83:  15%|█▌        | 152/1000 [05:14<26:12,  1.85s/it]Best trial: 115. Best value: 2383.83:  15%|█▌        | 153/1000 [05:14<23:40,  1.68s/it]                                                                                        Best trial: 115. Best value: 2383.83:  15%|█▌        | 153/1000 [05:16<23:40,  1.68s/it]Best trial: 115. Best value: 2383.83:  15%|█▌        | 153/1000 [05:16<23:40,  1.68s/it]Best trial: 115. Best value: 2383.83:  15%|█▌        | 154/1000 [05:16<21:54,  1.55s/it]                                                                                        Best trial: 115. Best value: 2383.83:  15%|█▌        | 154/1000 [05:17<21:54,  1.55s/it]Best trial: 115. Best value: 2383.83:  15%|█▌        | 154/1000 [05:17<21:54,  1.55s/it]Best trial: 115. Best value: 2383.83:  16%|█▌        | 155/1000 [05:17<20:41,  1.47s/it]                                                                                        Best trial: 115. Best value: 2383.83:  16%|█▌        | 155/1000 [05:18<20:41,  1.47s/it]Best trial: 115. Best value: 2383.83:  16%|█▌        | 155/1000 [05:18<20:41,  1.47s/it]Best trial: 115. Best value: 2383.83:  16%|█▌        | 156/1000 [05:18<19:49,  1.41s/it]                                                                                        Best trial: 115. Best value: 2383.83:  16%|█▌        | 156/1000 [05:19<19:49,  1.41s/it]Best trial: 115. Best value: 2383.83:  16%|█▌        | 156/1000 [05:19<19:49,  1.41s/it]Best trial: 115. Best value: 2383.83:  16%|█▌        | 157/1000 [05:19<19:08,  1.36s/it]                                                                                        Best trial: 115. Best value: 2383.83:  16%|█▌        | 157/1000 [05:21<19:08,  1.36s/it]Best trial: 115. Best value: 2383.83:  16%|█▌        | 157/1000 [05:21<19:08,  1.36s/it]Best trial: 115. Best value: 2383.83:  16%|█▌        | 158/1000 [05:21<18:34,  1.32s/it]                                                                                        Best trial: 115. Best value: 2383.83:  16%|█▌        | 158/1000 [05:22<18:34,  1.32s/it]Best trial: 115. Best value: 2383.83:  16%|█▌        | 158/1000 [05:22<18:34,  1.32s/it]Best trial: 115. Best value: 2383.83:  16%|█▌        | 159/1000 [05:22<18:16,  1.30s/it]                                                                                        Best trial: 115. Best value: 2383.83:  16%|█▌        | 159/1000 [05:23<18:16,  1.30s/it]Best trial: 115. Best value: 2383.83:  16%|█▌        | 159/1000 [05:23<18:16,  1.30s/it]Best trial: 115. Best value: 2383.83:  16%|█▌        | 160/1000 [05:23<18:09,  1.30s/it]                                                                                        Best trial: 115. Best value: 2383.83:  16%|█▌        | 160/1000 [05:25<18:09,  1.30s/it]Best trial: 115. Best value: 2383.83:  16%|█▌        | 160/1000 [05:25<18:09,  1.30s/it]Best trial: 115. Best value: 2383.83:  16%|█▌        | 161/1000 [05:25<18:04,  1.29s/it]                                                                                        Best trial: 115. Best value: 2383.83:  16%|█▌        | 161/1000 [05:26<18:04,  1.29s/it]Best trial: 115. Best value: 2383.83:  16%|█▌        | 161/1000 [05:26<18:04,  1.29s/it]Best trial: 115. Best value: 2383.83:  16%|█▌        | 162/1000 [05:26<18:06,  1.30s/it]                                                                                        Best trial: 115. Best value: 2383.83:  16%|█▌        | 162/1000 [05:27<18:06,  1.30s/it]Best trial: 115. Best value: 2383.83:  16%|█▌        | 162/1000 [05:27<18:06,  1.30s/it]Best trial: 115. Best value: 2383.83:  16%|█▋        | 163/1000 [05:27<17:59,  1.29s/it]                                                                                        Best trial: 115. Best value: 2383.83:  16%|█▋        | 163/1000 [05:28<17:59,  1.29s/it]Best trial: 115. Best value: 2383.83:  16%|█▋        | 163/1000 [05:28<17:59,  1.29s/it]Best trial: 115. Best value: 2383.83:  16%|█▋        | 164/1000 [05:28<17:46,  1.28s/it]                                                                                        Best trial: 115. Best value: 2383.83:  16%|█▋        | 164/1000 [05:30<17:46,  1.28s/it]Best trial: 115. Best value: 2383.83:  16%|█▋        | 164/1000 [05:30<17:46,  1.28s/it]Best trial: 115. Best value: 2383.83:  16%|█▋        | 165/1000 [05:30<17:56,  1.29s/it]                                                                                        Best trial: 115. Best value: 2383.83:  16%|█▋        | 165/1000 [05:31<17:56,  1.29s/it]Best trial: 115. Best value: 2383.83:  16%|█▋        | 165/1000 [05:31<17:56,  1.29s/it]Best trial: 115. Best value: 2383.83:  17%|█▋        | 166/1000 [05:31<18:03,  1.30s/it]                                                                                        Best trial: 115. Best value: 2383.83:  17%|█▋        | 166/1000 [05:32<18:03,  1.30s/it]Best trial: 115. Best value: 2383.83:  17%|█▋        | 166/1000 [05:32<18:03,  1.30s/it]Best trial: 115. Best value: 2383.83:  17%|█▋        | 167/1000 [05:32<18:02,  1.30s/it]                                                                                        Best trial: 115. Best value: 2383.83:  17%|█▋        | 167/1000 [05:34<18:02,  1.30s/it]Best trial: 115. Best value: 2383.83:  17%|█▋        | 167/1000 [05:34<18:02,  1.30s/it]Best trial: 115. Best value: 2383.83:  17%|█▋        | 168/1000 [05:34<17:47,  1.28s/it]                                                                                        Best trial: 115. Best value: 2383.83:  17%|█▋        | 168/1000 [05:35<17:47,  1.28s/it]Best trial: 115. Best value: 2383.83:  17%|█▋        | 168/1000 [05:35<17:47,  1.28s/it]Best trial: 115. Best value: 2383.83:  17%|█▋        | 169/1000 [05:35<17:47,  1.29s/it]                                                                                        
[I 2026-03-31 17:27:06,700] Trial 153 finished with value: 2917.4047783195874 and parameters: {'alpha_0': 0.000719971645591294, 'alpha_1': 5.3860750670751006e-05, 'alpha_2': 7.410597252779688e-05, 'beta_0': 0.25061208640832106, 'beta_1': 1.2394772310610327, 'beta_2': 0.15395882633034133, 'beta_3': 0.0018498744410889942, 'beta_4': 0.7775151496976772, 'beta_5': 33.82797862956779, 'beta_6': 0.04218556528204328, 'beta_7': 0.03256369954197383}. Best is trial 115 with value: 2383.8325613702136.
[I 2026-03-31 17:27:07,973] Trial 154 finished with value: 2606.787869570291 and parameters: {'alpha_0': 0.0006685333253580787, 'alpha_1': 5.628229014809396e-05, 'alpha_2': 8.214264108563532e-05, 'beta_0': 0.23202654844291065, 'beta_1': 1.28046709408551, 'beta_2': 0.1339467441810091, 'beta_3': 0.0006733873197848892, 'beta_4': 0.8046448177024237, 'beta_5': 30.206425142773753, 'beta_6': 0.050596228190182606, 'beta_7': 0.03136333501907128}. Best is trial 115 with value: 2383.8325613702136.
[I 2026-03-31 17:27:09,243] Trial 155 finished with value: 2650.631685262403 and parameters: {'alpha_0': 0.0005018437377352037, 'alpha_1': 5.002665754502114e-05, 'alpha_2': 7.778394846841264e-05, 'beta_0': 0.25715682782398486, 'beta_1': 1.2169434943855102, 'beta_2': 0.16307467464230593, 'beta_3': 0.0019637550222312648, 'beta_4': 0.8327178102573556, 'beta_5': 22.460751518049292, 'beta_6': 0.058173293701913195, 'beta_7': 0.03021447632937191}. Best is trial 115 with value: 2383.8325613702136.
[I 2026-03-31 17:27:10,494] Trial 156 finished with value: 2533.0945543973385 and parameters: {'alpha_0': 0.000565829530317828, 'alpha_1': 5.1832023891536455e-05, 'alpha_2': 7.468933264744326e-05, 'beta_0': 0.2186932149208481, 'beta_1': 1.154398962582216, 'beta_2': 0.14376156399570442, 'beta_3': 0.0019136463566650267, 'beta_4': 1.150279652359254, 'beta_5': 28.20483502455052, 'beta_6': 0.03654371331763953, 'beta_7': 0.03199363310783606}. Best is trial 115 with value: 2383.8325613702136.
[I 2026-03-31 17:27:11,726] Trial 157 finished with value: 2722.4978874563103 and parameters: {'alpha_0': 0.0005957506120864304, 'alpha_1': 5.486015076707914e-05, 'alpha_2': 8.02297704829186e-05, 'beta_0': 0.17993441562864565, 'beta_1': 1.3257590936390184, 'beta_2': 0.1269013462054787, 'beta_3': 0.001886941943625295, 'beta_4': 0.8675087136020074, 'beta_5': 36.858964693421505, 'beta_6': 0.04552955043600121, 'beta_7': 0.03449947509901112}. Best is trial 115 with value: 2383.8325613702136.
[I 2026-03-31 17:27:12,986] Trial 158 finished with value: 2575.516653170599 and parameters: {'alpha_0': 0.0006267376588480626, 'alpha_1': 5.874317662943595e-05, 'alpha_2': 7.238776993356343e-05, 'beta_0': 0.2808317958927849, 'beta_1': 1.260042644573973, 'beta_2': 0.12013597241054512, 'beta_3': 0.0018301363232514495, 'beta_4': 0.8448131723286878, 'beta_5': 68.76931162186865, 'beta_6': 0.04840101133324781, 'beta_7': 0.03087842363399734}. Best is trial 115 with value: 2383.8325613702136.
[I 2026-03-31 17:27:14,265] Trial 159 finished with value: 2734.580154116391 and parameters: {'alpha_0': 0.0006817659365851246, 'alpha_1': 5.19327180107475e-05, 'alpha_2': 7.664968240395695e-05, 'beta_0': 0.2653351246064421, 'beta_1': 1.1119242604890909, 'beta_2': 0.14213490888074592, 'beta_3': 0.0017963707628334661, 'beta_4': 0.8181364830866253, 'beta_5': 59.98311052759438, 'beta_6': 0.03945666759975154, 'beta_7': 0.03293785553648473}. Best is trial 115 with value: 2383.8325613702136.
[I 2026-03-31 17:27:15,548] Trial 160 finished with value: 2594.2033121565128 and parameters: {'alpha_0': 0.0005453033023707799, 'alpha_1': 5.3415566228741896e-05, 'alpha_2': 0.00010866680362341297, 'beta_0': 0.27335349717644547, 'beta_1': 1.294108158780013, 'beta_2': 0.1894440526409899, 'beta_3': 0.0008874219772167181, 'beta_4': 0.7884356079002298, 'beta_5': 57.66716097900168, 'beta_6': 0.04162435766632055, 'beta_7': 0.03152792993295546}. Best is trial 115 with value: 2383.8325613702136.
[I 2026-03-31 17:27:16,853] Trial 161 finished with value: 2510.8903194607183 and parameters: {'alpha_0': 0.0007565183048240343, 'alpha_1': 5.647437849411209e-05, 'alpha_2': 7.721786322244218e-05, 'beta_0': 0.2936065116771783, 'beta_1': 1.3058619946106853, 'beta_2': 0.10045593467171887, 'beta_3': 0.001764167885832701, 'beta_4': 0.8847722963362459, 'beta_5': 21.030552289006735, 'beta_6': 0.033544369230070356, 'beta_7': 0.031086947346052638}. Best is trial 115 with value: 2383.8325613702136.
[I 2026-03-31 17:27:18,126] Trial 162 finished with value: 2540.478855065951 and parameters: {'alpha_0': 0.000645106550752855, 'alpha_1': 5.928914989547596e-05, 'alpha_2': 7.563286632874345e-05, 'beta_0': 0.20081715771251604, 'beta_1': 1.2335961854168256, 'beta_2': 0.11145637384010929, 'beta_3': 0.001856899869372757, 'beta_4': 0.7623519581999803, 'beta_5': 27.138833137331925, 'beta_6': 0.03732067344791689, 'beta_7': 0.030623885189003868}. Best is trial 115 with value: 2383.8325613702136.
[I 2026-03-31 17:27:19,369] Trial 163 finished with value: 2596.0091953906176 and parameters: {'alpha_0': 0.0007114300940714173, 'alpha_1': 5.4228200947049775e-05, 'alpha_2': 7.864742941272228e-05, 'beta_0': 0.31658226841952675, 'beta_1': 1.2486393885995262, 'beta_2': 0.13015129212724297, 'beta_3': 0.0018169751043146118, 'beta_4': 0.8529110616217691, 'beta_5': 52.09229106832705, 'beta_6': 0.030283791013396462, 'beta_7': 0.0322628974309288}. Best is trial 115 with value: 2383.8325613702136.
[I 2026-03-31 17:27:20,691] Trial 164 finished with value: 2551.7736951557354 and parameters: {'alpha_0': 0.0005953339163995501, 'alpha_1': 6.00998883648805e-05, 'alpha_2': 8.56312647951613e-05, 'beta_0': 0.2975365803237458, 'beta_1': 1.38087598976239, 'beta_2': 0.12325650577296303, 'beta_3': 0.001717367650744062, 'beta_4': 0.7468524206624413, 'beta_5': 54.69187922284118, 'beta_6': 0.027203655614089946, 'beta_7': 0.03133453891831481}. Best is trial 115 with value: 2383.8325613702136.
[I 2026-03-31 17:27:22,012] Trial 165 finished with value: 2674.5910805621525 and parameters: {'alpha_0': 0.0005449807153767672, 'alpha_1': 5.205432494123831e-05, 'alpha_2': 8.362566803167312e-05, 'beta_0': 0.24002224867509495, 'beta_1': 1.2683605485279554, 'beta_2': 0.2022806927255143, 'beta_3': 0.0019077393010460708, 'beta_4': 0.8628932619625271, 'beta_5': 66.27094087200155, 'beta_6': 0.03459298527170083, 'beta_7': 0.02898361951356374}. Best is trial 115 with value: 2383.8325613702136.
[I 2026-03-31 17:27:23,315] Trial 166 finished with value: 2592.3381226670026 and parameters: {'alpha_0': 0.0006270632380152188, 'alpha_1': 9.861695330849274e-05, 'alpha_2': 7.41160650337574e-05, 'beta_0': 0.25095966998880764, 'beta_1': 1.3209929821130948, 'beta_2': 0.15633585511099318, 'beta_3': 0.0019461419030206717, 'beta_4': 0.8261229980155412, 'beta_5': 25.77409317609765, 'beta_6': 0.04435094104247576, 'beta_7': 0.02965183968703997}. Best is trial 115 with value: 2383.8325613702136.
[I 2026-03-31 17:27:24,560] Trial 167 finished with value: 2408.316930621868 and parameters: {'alpha_0': 0.000801187477481923, 'alpha_1': 5.720283568806263e-05, 'alpha_2': 7.215176474328475e-05, 'beta_0': 0.22737076513504473, 'beta_1': 1.3397636634789254, 'beta_2': 0.13668717072943606, 'beta_3': 0.001656317959683636, 'beta_4': 0.7979484793937827, 'beta_5': 61.786058273970525, 'beta_6': 0.03204706843320501, 'beta_7': 0.03183171108163006}. Best is trial 115 with value: 2383.8325613702136.
[I 2026-03-31 17:27:25,849] Trial 168 finished with value: 2813.8626857424847 and parameters: {'alpha_0': 0.0006743337382977917, 'alpha_1': 5.567403127896628e-05, 'alpha_2': 6.969488468657344e-05, 'beta_0': 0.22671620157947167, 'beta_1': 1.2244399297347437, 'beta_2': 0.14175316037729244, 'beta_3': 0.0016105995564090416, 'beta_4': 0.792811234550954, 'beta_5': 62.6948986853162, 'beta_6': 0.05271850035295653, 'beta_7': 0.03338180200132613}. Best is trial 115 with value: 2383.8325613702136.
