[I 2026-03-31 17:35:19,005] Trial 475 finished with value: 2649.231454304693 and parameters: {'alpha_0': 0.0008326075909208965, 'alpha_1': 5.4308297303696435e-05, 'alpha_2': 7.102288791978636e-05, 'beta_0': 0.33203225372003525, 'beta_1': 1.0752674423920656, 'beta_2': 0.14705821436103972, 'beta_3': 0.0017859266711750593, 'beta_4': 0.7537488852652388, 'beta_5': 64.23297809342473, 'beta_6': 0.09409847537703755, 'beta_7': 0.03201600779625869}. Best is trial 175 with value: 2367.0380894697555.Best trial: 175. Best value: 2367.04:  48%|████▊     | 475/1000 [13:28<11:07,  1.27s/it]Best trial: 175. Best value: 2367.04:  48%|████▊     | 475/1000 [13:28<11:07,  1.27s/it]Best trial: 175. Best value: 2367.04:  48%|████▊     | 476/1000 [13:28<11:02,  1.27s/it]                                                                                        Best trial: 175. Best value: 2367.04:  48%|████▊     | 476/1000 [13:29<11:02,  1.27s/it]Best trial: 175. Best value: 2367.04:  48%|████▊     | 476/1000 [13:29<11:02,  1.27s/it]Best trial: 175. Best value: 2367.04:  48%|████▊     | 477/1000 [13:29<11:00,  1.26s/it]                                                                                        Best trial: 175. Best value: 2367.04:  48%|████▊     | 477/1000 [13:30<11:00,  1.26s/it]Best trial: 175. Best value: 2367.04:  48%|████▊     | 477/1000 [13:30<11:00,  1.26s/it]Best trial: 175. Best value: 2367.04:  48%|████▊     | 478/1000 [13:30<10:56,  1.26s/it]                                                                                        Best trial: 175. Best value: 2367.04:  48%|████▊     | 478/1000 [13:32<10:56,  1.26s/it]Best trial: 175. Best value: 2367.04:  48%|████▊     | 478/1000 [13:32<10:56,  1.26s/it]Best trial: 175. Best value: 2367.04:  48%|████▊     | 479/1000 [13:32<10:48,  1.24s/it]                                                                                        Best trial: 175. Best value: 2367.04:  48%|████▊     | 479/1000 [13:33<10:48,  1.24s/it]Best trial: 175. Best value: 2367.04:  48%|████▊     | 479/1000 [13:33<10:48,  1.24s/it]Best trial: 175. Best value: 2367.04:  48%|████▊     | 480/1000 [13:33<10:47,  1.25s/it]                                                                                        Best trial: 175. Best value: 2367.04:  48%|████▊     | 480/1000 [13:34<10:47,  1.25s/it]Best trial: 175. Best value: 2367.04:  48%|████▊     | 480/1000 [13:34<10:47,  1.25s/it]Best trial: 175. Best value: 2367.04:  48%|████▊     | 481/1000 [13:34<10:50,  1.25s/it]                                                                                        Best trial: 175. Best value: 2367.04:  48%|████▊     | 481/1000 [13:36<10:50,  1.25s/it]Best trial: 175. Best value: 2367.04:  48%|████▊     | 481/1000 [13:36<10:50,  1.25s/it]Best trial: 175. Best value: 2367.04:  48%|████▊     | 482/1000 [13:36<10:52,  1.26s/it]                                                                                        Best trial: 175. Best value: 2367.04:  48%|████▊     | 482/1000 [13:37<10:52,  1.26s/it]Best trial: 175. Best value: 2367.04:  48%|████▊     | 482/1000 [13:37<10:52,  1.26s/it]Best trial: 175. Best value: 2367.04:  48%|████▊     | 483/1000 [13:37<10:55,  1.27s/it]                                                                                        Best trial: 175. Best value: 2367.04:  48%|████▊     | 483/1000 [13:38<10:55,  1.27s/it]Best trial: 175. Best value: 2367.04:  48%|████▊     | 483/1000 [13:38<10:55,  1.27s/it]Best trial: 175. Best value: 2367.04:  48%|████▊     | 484/1000 [13:38<10:48,  1.26s/it]                                                                                        Best trial: 175. Best value: 2367.04:  48%|████▊     | 484/1000 [13:39<10:48,  1.26s/it]Best trial: 175. Best value: 2367.04:  48%|████▊     | 484/1000 [13:39<10:48,  1.26s/it]Best trial: 175. Best value: 2367.04:  48%|████▊     | 485/1000 [13:39<10:50,  1.26s/it]                                                                                        Best trial: 175. Best value: 2367.04:  48%|████▊     | 485/1000 [13:41<10:50,  1.26s/it]Best trial: 175. Best value: 2367.04:  48%|████▊     | 485/1000 [13:41<10:50,  1.26s/it]Best trial: 175. Best value: 2367.04:  49%|████▊     | 486/1000 [13:41<10:48,  1.26s/it]                                                                                        Best trial: 175. Best value: 2367.04:  49%|████▊     | 486/1000 [13:42<10:48,  1.26s/it]Best trial: 486. Best value: 2363.91:  49%|████▊     | 486/1000 [13:42<10:48,  1.26s/it]Best trial: 486. Best value: 2363.91:  49%|████▊     | 487/1000 [13:42<10:49,  1.27s/it]                                                                                        Best trial: 486. Best value: 2363.91:  49%|████▊     | 487/1000 [13:43<10:49,  1.27s/it]Best trial: 486. Best value: 2363.91:  49%|████▊     | 487/1000 [13:43<10:49,  1.27s/it]Best trial: 486. Best value: 2363.91:  49%|████▉     | 488/1000 [13:43<10:47,  1.26s/it]                                                                                        Best trial: 486. Best value: 2363.91:  49%|████▉     | 488/1000 [13:44<10:47,  1.26s/it]Best trial: 486. Best value: 2363.91:  49%|████▉     | 488/1000 [13:44<10:47,  1.26s/it]Best trial: 486. Best value: 2363.91:  49%|████▉     | 489/1000 [13:44<10:48,  1.27s/it]                                                                                        Best trial: 486. Best value: 2363.91:  49%|████▉     | 489/1000 [13:46<10:48,  1.27s/it]Best trial: 486. Best value: 2363.91:  49%|████▉     | 489/1000 [13:46<10:48,  1.27s/it]Best trial: 486. Best value: 2363.91:  49%|████▉     | 490/1000 [13:46<10:51,  1.28s/it]                                                                                        Best trial: 486. Best value: 2363.91:  49%|████▉     | 490/1000 [13:47<10:51,  1.28s/it]Best trial: 486. Best value: 2363.91:  49%|████▉     | 490/1000 [13:47<10:51,  1.28s/it]Best trial: 486. Best value: 2363.91:  49%|████▉     | 491/1000 [13:47<10:47,  1.27s/it]                                                                                        Best trial: 486. Best value: 2363.91:  49%|████▉     | 491/1000 [13:48<10:47,  1.27s/it]Best trial: 486. Best value: 2363.91:  49%|████▉     | 491/1000 [13:48<10:47,  1.27s/it]Best trial: 486. Best value: 2363.91:  49%|████▉     | 492/1000 [13:48<10:42,  1.26s/it]                                                                                        
[I 2026-03-31 17:35:20,261] Trial 476 finished with value: 2523.4948573187708 and parameters: {'alpha_0': 0.0011099474446021466, 'alpha_1': 5.0265978092352215e-05, 'alpha_2': 7.384059327813538e-05, 'beta_0': 0.3005489683966826, 'beta_1': 1.103740546028715, 'beta_2': 0.10967704109247609, 'beta_3': 0.0008221187628498029, 'beta_4': 0.8486691284660594, 'beta_5': 68.66933288306926, 'beta_6': 0.030620409696245292, 'beta_7': 0.03309366229755603}. Best is trial 175 with value: 2367.0380894697555.
[I 2026-03-31 17:35:21,506] Trial 477 finished with value: 2480.5916039731965 and parameters: {'alpha_0': 0.0009486719734868185, 'alpha_1': 6.024517567724426e-05, 'alpha_2': 7.742832066573705e-05, 'beta_0': 0.35816305489886036, 'beta_1': 1.1293881669263564, 'beta_2': 0.1904016438501448, 'beta_3': 0.0017218294586854026, 'beta_4': 0.8135006032512253, 'beta_5': 57.72137006080597, 'beta_6': 0.0416732907530403, 'beta_7': 0.031616272374746866}. Best is trial 175 with value: 2367.0380894697555.
[I 2026-03-31 17:35:22,723] Trial 478 finished with value: 2713.555591868114 and parameters: {'alpha_0': 0.000869341737152104, 'alpha_1': 5.610064903498065e-05, 'alpha_2': 6.598656980237582e-05, 'beta_0': 0.34051259427122366, 'beta_1': 0.9544529978097754, 'beta_2': 0.2781803841964988, 'beta_3': 0.0018217146438930204, 'beta_4': 0.7960182757409136, 'beta_5': 62.409669354403604, 'beta_6': 0.03330217049229255, 'beta_7': 0.03807873760268074}. Best is trial 175 with value: 2367.0380894697555.
[I 2026-03-31 17:35:23,969] Trial 479 finished with value: 2418.7903283229216 and parameters: {'alpha_0': 0.0012372535555998136, 'alpha_1': 5.847684612915449e-05, 'alpha_2': 6.311131601818445e-05, 'beta_0': 0.31417146115111705, 'beta_1': 1.0906330858816133, 'beta_2': 0.1264367272291676, 'beta_3': 0.0008949474607822206, 'beta_4': 0.7729944230964472, 'beta_5': 59.92829459335939, 'beta_6': 0.024890314411430782, 'beta_7': 0.03248269205785671}. Best is trial 175 with value: 2367.0380894697555.
[I 2026-03-31 17:35:25,240] Trial 480 finished with value: 2543.2934330210246 and parameters: {'alpha_0': 0.0010028252943635586, 'alpha_1': 6.470643581002918e-05, 'alpha_2': 8.040037156518788e-05, 'beta_0': 0.3271821437817092, 'beta_1': 1.0274346882992655, 'beta_2': 0.38783266298996144, 'beta_3': 0.0016447062821022646, 'beta_4': 0.7319945619368964, 'beta_5': 90.12255769580234, 'beta_6': 0.01894462569975813, 'beta_7': 0.030711287490696425}. Best is trial 175 with value: 2367.0380894697555.
[I 2026-03-31 17:35:26,516] Trial 481 finished with value: 2680.0570854249027 and parameters: {'alpha_0': 0.0009305564255476452, 'alpha_1': 5.2705588245502694e-05, 'alpha_2': 0.00010697028541451621, 'beta_0': 0.3057226095054843, 'beta_1': 1.0545978675591332, 'beta_2': 0.16034556895664617, 'beta_3': 0.0016960189241169215, 'beta_4': 0.828341487874464, 'beta_5': 55.8660042671982, 'beta_6': 0.03829267655123063, 'beta_7': 0.03286827928240228}. Best is trial 175 with value: 2367.0380894697555.
[I 2026-03-31 17:35:27,801] Trial 482 finished with value: 2565.5481720434836 and parameters: {'alpha_0': 0.001152916226534935, 'alpha_1': 5.009848819075786e-05, 'alpha_2': 6.782429357437384e-05, 'beta_0': 0.37121087491573335, 'beta_1': 1.323483159826643, 'beta_2': 0.3001873095014624, 'beta_3': 0.0017569655611296532, 'beta_4': 0.784597903806684, 'beta_5': 85.74226440540485, 'beta_6': 0.035632743347998264, 'beta_7': 0.031326835496442836}. Best is trial 175 with value: 2367.0380894697555.
[I 2026-03-31 17:35:29,035] Trial 483 finished with value: 2401.766496829097 and parameters: {'alpha_0': 0.0009722004018517707, 'alpha_1': 6.062044361837561e-05, 'alpha_2': 5.674169053562875e-05, 'beta_0': 0.3502300501817831, 'beta_1': 1.0696587880069364, 'beta_2': 0.5525776438535517, 'beta_3': 0.0016066851509184395, 'beta_4': 0.7535849088659382, 'beta_5': 52.04748672974594, 'beta_6': 0.031206027918818227, 'beta_7': 0.03193772134242969}. Best is trial 175 with value: 2367.0380894697555.
[I 2026-03-31 17:35:30,311] Trial 484 finished with value: 2770.3079422681617 and parameters: {'alpha_0': 0.000967357807042416, 'alpha_1': 0.00011627466317377764, 'alpha_2': 5.737453471625611e-05, 'beta_0': 0.35050143390744204, 'beta_1': 1.0372021153277586, 'beta_2': 0.20658468292399518, 'beta_3': 0.0016187644413411663, 'beta_4': 0.7478327788770843, 'beta_5': 49.9436026253426, 'beta_6': 0.02775855349239696, 'beta_7': 0.0336062087789341}. Best is trial 175 with value: 2367.0380894697555.
[I 2026-03-31 17:35:31,571] Trial 485 finished with value: 2554.2493142562193 and parameters: {'alpha_0': 0.0009810527513574936, 'alpha_1': 5.8371609942925276e-05, 'alpha_2': 5.728471548125846e-05, 'beta_0': 0.3510463841082889, 'beta_1': 1.0590344372611318, 'beta_2': 0.23460429982293846, 'beta_3': 0.0015577099387328866, 'beta_4': 0.7126706087211853, 'beta_5': 51.29092711101842, 'beta_6': 0.030828512429959085, 'beta_7': 0.03234161411822082}. Best is trial 175 with value: 2367.0380894697555.
[I 2026-03-31 17:35:32,847] Trial 486 finished with value: 2363.9118758684394 and parameters: {'alpha_0': 0.000915869811781702, 'alpha_1': 5.568683855597954e-05, 'alpha_2': 5.2296906743474015e-05, 'beta_0': 0.36185495016896185, 'beta_1': 1.0705004965705134, 'beta_2': 0.5428769003466427, 'beta_3': 0.0016104797825297896, 'beta_4': 0.7323283163090009, 'beta_5': 52.076813437227926, 'beta_6': 0.0293315284658528, 'beta_7': 0.03203084563839217}. Best is trial 486 with value: 2363.9118758684394.
[I 2026-03-31 17:35:34,106] Trial 487 finished with value: 2569.358037995125 and parameters: {'alpha_0': 0.0008969000622756941, 'alpha_1': 5.487380728891872e-05, 'alpha_2': 5.8572117347191325e-05, 'beta_0': 0.3831094643289486, 'beta_1': 1.0721770289726855, 'beta_2': 0.5355240506685445, 'beta_3': 0.0016180286777026586, 'beta_4': 0.723569512593306, 'beta_5': 55.396104054271994, 'beta_6': 0.025723605148187126, 'beta_7': 0.034554689255520854}. Best is trial 486 with value: 2363.9118758684394.
[I 2026-03-31 17:35:35,386] Trial 488 finished with value: 2621.4576273974 and parameters: {'alpha_0': 0.0009257318020314481, 'alpha_1': 5.29209725691454e-05, 'alpha_2': 5.032202273188968e-05, 'beta_0': 0.36414461383352825, 'beta_1': 1.079750010674844, 'beta_2': 0.5715648002605327, 'beta_3': 0.0015742858450685491, 'beta_4': 0.7001552430172753, 'beta_5': 50.710023783066, 'beta_6': 0.02322556534942277, 'beta_7': 0.03308013563904579}. Best is trial 486 with value: 2363.9118758684394.
[I 2026-03-31 17:35:36,687] Trial 489 finished with value: 2661.975362609315 and parameters: {'alpha_0': 0.0008543592622788504, 'alpha_1': 5.6019581424743685e-05, 'alpha_2': 4.82550459752303e-05, 'beta_0': 0.3711859385217398, 'beta_1': 1.3429639244646605, 'beta_2': 0.37542851320986176, 'beta_3': 0.0015886685872835498, 'beta_4': 0.7343661823701423, 'beta_5': 47.849141584492415, 'beta_6': 0.02842019812220523, 'beta_7': 0.03403432762692707}. Best is trial 486 with value: 2363.9118758684394.
[I 2026-03-31 17:35:37,946] Trial 490 finished with value: 2500.3940803845408 and parameters: {'alpha_0': 0.000887280653108597, 'alpha_1': 5.4298174645259626e-05, 'alpha_2': 5.537169233524883e-05, 'beta_0': 0.35755489135794716, 'beta_1': 1.3745962824432874, 'beta_2': 0.5913864215618432, 'beta_3': 0.0016018677911905264, 'beta_4': 0.7142009059721828, 'beta_5': 53.22910567262961, 'beta_6': 0.026317717152857086, 'beta_7': 0.03219651933901953}. Best is trial 486 with value: 2363.9118758684394.
[I 2026-03-31 17:35:39,193] Trial 491 finished with value: 2960.1429495829307 and parameters: {'alpha_0': 0.0005056447761514923, 'alpha_1': 5.642838852421125e-05, 'alpha_2': 5.352563011385404e-05, 'beta_0': 0.36332403042572914, 'beta_1': 1.067918225260741, 'beta_2': 0.5596741250997096, 'beta_3': 0.0016451507618823779, 'beta_4': 0.7545512211369366, 'beta_5': 52.870520988335336, 'beta_6': 0.030009339322311045, 'beta_7': 0.03263965648745279}. Best is trial 486 with value: 2363.9118758684394.
[I 2026-03-31 17:35:40,471] Trial 492 finished with value: 2532.060705534157 and parameters: {'alpha_0': 0.0009459954282473303, 'alpha_1': 5.1972863933806435e-05, 'alpha_2': 5.4997022880983975e-05, 'beta_0': 0.341693905658418, 'beta_1': 1.0667067453514631, 'beta_2': 0.5382360525754036, 'beta_3': 0.0015959081600337985, 'beta_4': 0.7280315395912975, 'beta_5': 52.06589150759744, 'beta_6': 0.046599901091935424, 'beta_7': 0.03082938249905863}. Best is trial 486 with value: 2363.9118758684394.Best trial: 486. Best value: 2363.91:  49%|████▉     | 492/1000 [13:49<10:42,  1.26s/it]Best trial: 486. Best value: 2363.91:  49%|████▉     | 492/1000 [13:49<10:42,  1.26s/it]Best trial: 486. Best value: 2363.91:  49%|████▉     | 493/1000 [13:49<10:43,  1.27s/it]                                                                                        Best trial: 486. Best value: 2363.91:  49%|████▉     | 493/1000 [13:51<10:43,  1.27s/it]Best trial: 493. Best value: 2345.69:  49%|████▉     | 493/1000 [13:51<10:43,  1.27s/it]Best trial: 493. Best value: 2345.69:  49%|████▉     | 494/1000 [13:51<10:38,  1.26s/it]                                                                                        Best trial: 493. Best value: 2345.69:  49%|████▉     | 494/1000 [13:52<10:38,  1.26s/it]Best trial: 493. Best value: 2345.69:  49%|████▉     | 494/1000 [13:52<10:38,  1.26s/it]Best trial: 493. Best value: 2345.69:  50%|████▉     | 495/1000 [13:52<10:40,  1.27s/it]                                                                                        Best trial: 493. Best value: 2345.69:  50%|████▉     | 495/1000 [13:53<10:40,  1.27s/it]Best trial: 493. Best value: 2345.69:  50%|████▉     | 495/1000 [13:53<10:40,  1.27s/it]Best trial: 493. Best value: 2345.69:  50%|████▉     | 496/1000 [13:53<10:46,  1.28s/it]                                                                                        Best trial: 493. Best value: 2345.69:  50%|████▉     | 496/1000 [13:55<10:46,  1.28s/it]Best trial: 493. Best value: 2345.69:  50%|████▉     | 496/1000 [13:55<10:46,  1.28s/it]Best trial: 493. Best value: 2345.69:  50%|████▉     | 497/1000 [13:55<10:42,  1.28s/it]                                                                                        Best trial: 493. Best value: 2345.69:  50%|████▉     | 497/1000 [13:56<10:42,  1.28s/it]Best trial: 493. Best value: 2345.69:  50%|████▉     | 497/1000 [13:56<10:42,  1.28s/it]Best trial: 493. Best value: 2345.69:  50%|████▉     | 498/1000 [13:56<10:35,  1.27s/it]                                                                                        Best trial: 493. Best value: 2345.69:  50%|████▉     | 498/1000 [13:57<10:35,  1.27s/it]Best trial: 493. Best value: 2345.69:  50%|████▉     | 498/1000 [13:57<10:35,  1.27s/it]Best trial: 493. Best value: 2345.69:  50%|████▉     | 499/1000 [13:57<10:37,  1.27s/it]                                                                                        Best trial: 493. Best value: 2345.69:  50%|████▉     | 499/1000 [13:58<10:37,  1.27s/it]Best trial: 493. Best value: 2345.69:  50%|████▉     | 499/1000 [13:58<10:37,  1.27s/it]Best trial: 493. Best value: 2345.69:  50%|█████     | 500/1000 [13:58<10:38,  1.28s/it]                                                                                        Best trial: 493. Best value: 2345.69:  50%|█████     | 500/1000 [14:01<10:38,  1.28s/it]Best trial: 493. Best value: 2345.69:  50%|█████     | 500/1000 [14:01<10:38,  1.28s/it]Best trial: 493. Best value: 2345.69:  50%|█████     | 501/1000 [14:01<13:01,  1.57s/it]                                                                                        Best trial: 493. Best value: 2345.69:  50%|█████     | 501/1000 [14:02<13:01,  1.57s/it]Best trial: 493. Best value: 2345.69:  50%|█████     | 501/1000 [14:02<13:01,  1.57s/it]Best trial: 493. Best value: 2345.69:  50%|█████     | 502/1000 [14:02<12:22,  1.49s/it]                                                                                        Best trial: 493. Best value: 2345.69:  50%|█████     | 502/1000 [14:03<12:22,  1.49s/it]Best trial: 493. Best value: 2345.69:  50%|█████     | 502/1000 [14:03<12:22,  1.49s/it]Best trial: 493. Best value: 2345.69:  50%|█████     | 503/1000 [14:03<11:40,  1.41s/it]                                                                                        Best trial: 493. Best value: 2345.69:  50%|█████     | 503/1000 [14:04<11:40,  1.41s/it]Best trial: 493. Best value: 2345.69:  50%|█████     | 503/1000 [14:04<11:40,  1.41s/it]Best trial: 493. Best value: 2345.69:  50%|█████     | 504/1000 [14:04<11:17,  1.37s/it]                                                                                        Best trial: 493. Best value: 2345.69:  50%|█████     | 504/1000 [14:06<11:17,  1.37s/it]Best trial: 493. Best value: 2345.69:  50%|█████     | 504/1000 [14:06<11:17,  1.37s/it]Best trial: 493. Best value: 2345.69:  50%|█████     | 505/1000 [14:06<10:56,  1.33s/it]                                                                                        Best trial: 493. Best value: 2345.69:  50%|█████     | 505/1000 [14:07<10:56,  1.33s/it]Best trial: 493. Best value: 2345.69:  50%|█████     | 505/1000 [14:07<10:56,  1.33s/it]Best trial: 493. Best value: 2345.69:  51%|█████     | 506/1000 [14:07<10:49,  1.31s/it]                                                                                        Best trial: 493. Best value: 2345.69:  51%|█████     | 506/1000 [14:08<10:49,  1.31s/it]Best trial: 493. Best value: 2345.69:  51%|█████     | 506/1000 [14:08<10:49,  1.31s/it]Best trial: 493. Best value: 2345.69:  51%|█████     | 507/1000 [14:08<10:43,  1.30s/it]                                                                                        Best trial: 493. Best value: 2345.69:  51%|█████     | 507/1000 [14:09<10:43,  1.30s/it]Best trial: 493. Best value: 2345.69:  51%|█████     | 507/1000 [14:09<10:43,  1.30s/it]Best trial: 493. Best value: 2345.69:  51%|█████     | 508/1000 [14:09<10:32,  1.29s/it]                                                                                        Best trial: 493. Best value: 2345.69:  51%|█████     | 508/1000 [14:11<10:32,  1.29s/it]Best trial: 493. Best value: 2345.69:  51%|█████     | 508/1000 [14:11<10:32,  1.29s/it]Best trial: 493. Best value: 2345.69:  51%|█████     | 509/1000 [14:11<10:24,  1.27s/it]                                                                                        
[I 2026-03-31 17:35:41,716] Trial 493 finished with value: 2345.693614299724 and parameters: {'alpha_0': 0.002066979018905731, 'alpha_1': 5.368415803117229e-05, 'alpha_2': 5.502643577619142e-05, 'beta_0': 0.23592646231175188, 'beta_1': 1.0853163286808367, 'beta_2': 0.525814254002245, 'beta_3': 0.0016520332538922915, 'beta_4': 0.7421127786556162, 'beta_5': 52.034197261546495, 'beta_6': 0.021667363435410758, 'beta_7': 0.03195828275939179}. Best is trial 493 with value: 2345.693614299724.
[I 2026-03-31 17:35:43,000] Trial 494 finished with value: 2645.45971248519 and parameters: {'alpha_0': 0.000823300922681281, 'alpha_1': 5.325589018106912e-05, 'alpha_2': 5.070093035279631e-05, 'beta_0': 0.2213150040147833, 'beta_1': 1.1065932973500279, 'beta_2': 0.5488927491915602, 'beta_3': 0.0016654776881722233, 'beta_4': 0.7441062995223087, 'beta_5': 49.40411885397945, 'beta_6': 0.017689564961388217, 'beta_7': 0.03309486826682267}. Best is trial 493 with value: 2345.693614299724.
