[I 2026-03-31 17:41:17,831] Trial 699 finished with value: 2599.6618283512953 and parameters: {'alpha_0': 0.0015981924898847105, 'alpha_1': 5.0034752976013994e-05, 'alpha_2': 9.96716013468346e-05, 'beta_0': 0.4013625982198258, 'beta_1': 0.8538319223510694, 'beta_2': 0.19620291524597971, 'beta_3': 0.0014770738019722648, 'beta_4': 0.8764216469849171, 'beta_5': 44.91235501951051, 'beta_6': 0.01934586415715193, 'beta_7': 0.03080999472027501}. Best is trial 663 with value: 2322.408756152314.
[I 2026-03-31 17:41:19,085] Trial 700 finished with value: 2489.686660477048 and parameters: {'alpha_0': 0.0014470213369521753, 'alpha_1': 5.004562704077502e-05, 'alpha_2': 8.836196900192806e-05, 'beta_0': 0.3826031345549148, 'beta_1': 0.9017076148894972, 'beta_2': 0.200642018143843, 'beta_3': 0.001553205427176061, 'beta_4': 0.8658754509690918, 'beta_5': 43.99098985827501, 'beta_6': 0.01458504150883407, 'beta_7': 0.03219521279637312}. Best is trial 663 with value: 2322.408756152314.
[I 2026-03-31 17:41:20,362] Trial 701 finished with value: 2487.115515809014 and parameters: {'alpha_0': 0.0016762191851196744, 'alpha_1': 5.317626409871801e-05, 'alpha_2': 9.569846519368233e-05, 'beta_0': 0.37788845215980243, 'beta_1': 0.93340804474262, 'beta_2': 0.18758693066579857, 'beta_3': 0.0015088310643137195, 'beta_4': 0.8997090518692317, 'beta_5': 46.42755326920386, 'beta_6': 0.01758245998442244, 'beta_7': 0.03161389794447807}. Best is trial 663 with value: 2322.408756152314.
[I 2026-03-31 17:41:21,601] Trial 702 finished with value: 2499.9910684928655 and parameters: {'alpha_0': 0.0015471765846615324, 'alpha_1': 5.3132614433011325e-05, 'alpha_2': 8.675004817420157e-05, 'beta_0': 0.38084460188396446, 'beta_1': 0.9137266905854772, 'beta_2': 0.2071305045194882, 'beta_3': 0.001563110483985872, 'beta_4': 0.9356247736005303, 'beta_5': 38.17525023538077, 'beta_6': 0.013177477359261718, 'beta_7': 0.03245189410363955}. Best is trial 663 with value: 2322.408756152314.
[I 2026-03-31 17:41:22,874] Trial 703 finished with value: 2437.8015710434893 and parameters: {'alpha_0': 0.0015013260308833582, 'alpha_1': 5.001839359210694e-05, 'alpha_2': 9.288263076916374e-05, 'beta_0': 0.39616097284899604, 'beta_1': 0.9830880750147577, 'beta_2': 0.23015493180822702, 'beta_3': 0.0014946448539658965, 'beta_4': 0.8815398302868711, 'beta_5': 41.97777259081815, 'beta_6': 0.00948381027686768, 'beta_7': 0.031309856016310915}. Best is trial 663 with value: 2322.408756152314.
[I 2026-03-31 17:41:24,128] Trial 704 finished with value: 2366.5856803735433 and parameters: {'alpha_0': 0.0015831587836828867, 'alpha_1': 5.199503742859635e-05, 'alpha_2': 9.017482343718685e-05, 'beta_0': 0.37468899721260973, 'beta_1': 0.9674795892174237, 'beta_2': 0.21456232790072102, 'beta_3': 0.0014361505570711032, 'beta_4': 0.8546230463193814, 'beta_5': 40.18981976988989, 'beta_6': 0.020194279505787144, 'beta_7': 0.03199585776180093}. Best is trial 663 with value: 2322.408756152314.
[I 2026-03-31 17:41:25,390] Trial 705 finished with value: 2373.2058770500907 and parameters: {'alpha_0': 0.0016451018592035813, 'alpha_1': 5.292903035424281e-05, 'alpha_2': 9.070493070781121e-05, 'beta_0': 0.1825635773778376, 'beta_1': 0.9701717093913008, 'beta_2': 0.22103655520679535, 'beta_3': 0.0014359431077922325, 'beta_4': 0.8687005902125685, 'beta_5': 37.05220762913833, 'beta_6': 0.018199131563539393, 'beta_7': 0.03209464706211167}. Best is trial 663 with value: 2322.408756152314.
[I 2026-03-31 17:41:26,660] Trial 706 finished with value: 3928.844650549854 and parameters: {'alpha_0': 0.0016780765289068236, 'alpha_1': 5.34011327118379e-05, 'alpha_2': 8.972484427534583e-05, 'beta_0': 0.1552656686831794, 'beta_1': 0.9662397135845701, 'beta_2': 0.2248086552605481, 'beta_3': 0.0014226315276604702, 'beta_4': 0.8717378240522154, 'beta_5': 32.7533932000602, 'beta_6': 0.019599007356804865, 'beta_7': 0.03291726148513377}. Best is trial 663 with value: 2322.408756152314.
[I 2026-03-31 17:41:27,919] Trial 707 finished with value: 2481.74452522321 and parameters: {'alpha_0': 0.0016018686869626133, 'alpha_1': 5.339915714614214e-05, 'alpha_2': 8.526226544498801e-05, 'beta_0': 0.1721262188617383, 'beta_1': 0.9541389790126905, 'beta_2': 0.21749381967390652, 'beta_3': 0.001457273371089854, 'beta_4': 0.8547213029055802, 'beta_5': 35.08555086102444, 'beta_6': 0.020089354905118418, 'beta_7': 0.032393514432755684}. Best is trial 663 with value: 2322.408756152314.
[I 2026-03-31 17:41:29,177] Trial 708 finished with value: 2434.2958034860494 and parameters: {'alpha_0': 0.0016461310493311146, 'alpha_1': 5.3658746291056046e-05, 'alpha_2': 8.949905873545846e-05, 'beta_0': 0.1670756173371892, 'beta_1': 0.9719229408414886, 'beta_2': 0.21378841833326798, 'beta_3': 0.001399493130290591, 'beta_4': 0.8691610045902162, 'beta_5': 37.32982764121629, 'beta_6': 0.017333968117410427, 'beta_7': 0.032088476038816774}. Best is trial 663 with value: 2322.408756152314.
[I 2026-03-31 17:41:30,452] Trial 709 finished with value: 2508.5624491521107 and parameters: {'alpha_0': 0.0015718629428753612, 'alpha_1': 5.2246384856199624e-05, 'alpha_2': 9.330095578521134e-05, 'beta_0': 0.11182308739976982, 'beta_1': 0.9852673831354308, 'beta_2': 0.23962102295308463, 'beta_3': 0.0014393373264020167, 'beta_4': 0.9192995726001916, 'beta_5': 39.90377411618283, 'beta_6': 0.015567740068023011, 'beta_7': 0.030842040549782235}. Best is trial 663 with value: 2322.408756152314.
[I 2026-03-31 17:41:31,730] Trial 710 finished with value: 2452.461921238684 and parameters: {'alpha_0': 0.0016331266110147923, 'alpha_1': 5.229478165642688e-05, 'alpha_2': 9.096876673161097e-05, 'beta_0': 0.18778652768523277, 'beta_1': 0.9409325262696474, 'beta_2': 0.22912928360619172, 'beta_3': 0.0013374511606054733, 'beta_4': 0.8534283261869153, 'beta_5': 41.02675146452855, 'beta_6': 0.020586476787791217, 'beta_7': 0.03155654924680495}. Best is trial 663 with value: 2322.408756152314.
[I 2026-03-31 17:41:32,980] Trial 711 finished with value: 2495.642919291547 and parameters: {'alpha_0': 0.0015338926236258986, 'alpha_1': 5.3574894360797585e-05, 'alpha_2': 8.80896743487462e-05, 'beta_0': 0.17381081494651834, 'beta_1': 0.9925831721188383, 'beta_2': 0.20431852585006205, 'beta_3': 0.001514864108699202, 'beta_4': 0.8926162033043284, 'beta_5': 36.90096512194042, 'beta_6': 0.01227110189515221, 'beta_7': 0.032615249754963334}. Best is trial 663 with value: 2322.408756152314.
[I 2026-03-31 17:41:34,255] Trial 712 finished with value: 2617.9070448423954 and parameters: {'alpha_0': 0.0015873713688975663, 'alpha_1': 5.169715112062827e-05, 'alpha_2': 8.627651544956222e-05, 'beta_0': 0.18625829187180903, 'beta_1': 1.0001112058417083, 'beta_2': 0.22027841312017005, 'beta_3': 0.0014698100570923178, 'beta_4': 0.8871421953156776, 'beta_5': 42.73382543925462, 'beta_6': 0.018406802075149116, 'beta_7': 0.033127418815145644}. Best is trial 663 with value: 2322.408756152314.
[I 2026-03-31 17:41:35,513] Trial 713 finished with value: 2417.2899672328176 and parameters: {'alpha_0': 0.0014810568654154846, 'alpha_1': 5.005352420605868e-05, 'alpha_2': 9.113070522636516e-05, 'beta_0': 0.19471199056387356, 'beta_1': 0.9563696517910741, 'beta_2': 0.1958656165629339, 'beta_3': 0.0013731166613665802, 'beta_4': 0.8682790110965447, 'beta_5': 38.96587572772354, 'beta_6': 0.015430127028951798, 'beta_7': 0.032007903038666026}. Best is trial 663 with value: 2322.408756152314.Best trial: 663. Best value: 2322.41:  71%|███████▏  | 713/1000 [19:44<06:03,  1.27s/it]Best trial: 663. Best value: 2322.41:  71%|███████▏  | 713/1000 [19:45<06:03,  1.27s/it]Best trial: 663. Best value: 2322.41:  71%|███████▏  | 714/1000 [19:45<06:01,  1.26s/it]                                                                                        Best trial: 663. Best value: 2322.41:  71%|███████▏  | 714/1000 [19:46<06:01,  1.26s/it]Best trial: 663. Best value: 2322.41:  71%|███████▏  | 714/1000 [19:46<06:01,  1.26s/it]Best trial: 663. Best value: 2322.41:  72%|███████▏  | 715/1000 [19:46<06:01,  1.27s/it]                                                                                        Best trial: 663. Best value: 2322.41:  72%|███████▏  | 715/1000 [19:47<06:01,  1.27s/it]Best trial: 663. Best value: 2322.41:  72%|███████▏  | 715/1000 [19:47<06:01,  1.27s/it]Best trial: 663. Best value: 2322.41:  72%|███████▏  | 716/1000 [19:47<05:58,  1.26s/it]                                                                                        Best trial: 663. Best value: 2322.41:  72%|███████▏  | 716/1000 [19:48<05:58,  1.26s/it]Best trial: 663. Best value: 2322.41:  72%|███████▏  | 716/1000 [19:48<05:58,  1.26s/it]Best trial: 663. Best value: 2322.41:  72%|███████▏  | 717/1000 [19:48<06:01,  1.28s/it]                                                                                        Best trial: 663. Best value: 2322.41:  72%|███████▏  | 717/1000 [19:50<06:01,  1.28s/it]Best trial: 663. Best value: 2322.41:  72%|███████▏  | 717/1000 [19:50<06:01,  1.28s/it]Best trial: 663. Best value: 2322.41:  72%|███████▏  | 718/1000 [19:50<05:58,  1.27s/it]                                                                                        Best trial: 663. Best value: 2322.41:  72%|███████▏  | 718/1000 [19:51<05:58,  1.27s/it]Best trial: 663. Best value: 2322.41:  72%|███████▏  | 718/1000 [19:51<05:58,  1.27s/it]Best trial: 663. Best value: 2322.41:  72%|███████▏  | 719/1000 [19:51<05:56,  1.27s/it]                                                                                        Best trial: 663. Best value: 2322.41:  72%|███████▏  | 719/1000 [19:52<05:56,  1.27s/it]Best trial: 663. Best value: 2322.41:  72%|███████▏  | 719/1000 [19:52<05:56,  1.27s/it]Best trial: 663. Best value: 2322.41:  72%|███████▏  | 720/1000 [19:52<05:52,  1.26s/it]                                                                                        Best trial: 663. Best value: 2322.41:  72%|███████▏  | 720/1000 [19:53<05:52,  1.26s/it]Best trial: 663. Best value: 2322.41:  72%|███████▏  | 720/1000 [19:53<05:52,  1.26s/it]Best trial: 663. Best value: 2322.41:  72%|███████▏  | 721/1000 [19:53<05:51,  1.26s/it]                                                                                        Best trial: 663. Best value: 2322.41:  72%|███████▏  | 721/1000 [19:55<05:51,  1.26s/it]Best trial: 663. Best value: 2322.41:  72%|███████▏  | 721/1000 [19:55<05:51,  1.26s/it]Best trial: 663. Best value: 2322.41:  72%|███████▏  | 722/1000 [19:55<05:52,  1.27s/it]                                                                                        Best trial: 663. Best value: 2322.41:  72%|███████▏  | 722/1000 [19:56<05:52,  1.27s/it]Best trial: 663. Best value: 2322.41:  72%|███████▏  | 722/1000 [19:56<05:52,  1.27s/it]Best trial: 663. Best value: 2322.41:  72%|███████▏  | 723/1000 [19:56<05:52,  1.27s/it]                                                                                        Best trial: 663. Best value: 2322.41:  72%|███████▏  | 723/1000 [19:57<05:52,  1.27s/it]Best trial: 663. Best value: 2322.41:  72%|███████▏  | 723/1000 [19:57<05:52,  1.27s/it]Best trial: 663. Best value: 2322.41:  72%|███████▏  | 724/1000 [19:57<05:52,  1.28s/it]                                                                                        Best trial: 663. Best value: 2322.41:  72%|███████▏  | 724/1000 [19:58<05:52,  1.28s/it]Best trial: 663. Best value: 2322.41:  72%|███████▏  | 724/1000 [19:58<05:52,  1.28s/it]Best trial: 663. Best value: 2322.41:  72%|███████▎  | 725/1000 [19:58<05:50,  1.27s/it]                                                                                        Best trial: 663. Best value: 2322.41:  72%|███████▎  | 725/1000 [20:00<05:50,  1.27s/it]Best trial: 663. Best value: 2322.41:  72%|███████▎  | 725/1000 [20:00<05:50,  1.27s/it]Best trial: 663. Best value: 2322.41:  73%|███████▎  | 726/1000 [20:00<05:47,  1.27s/it]                                                                                        Best trial: 663. Best value: 2322.41:  73%|███████▎  | 726/1000 [20:01<05:47,  1.27s/it]Best trial: 663. Best value: 2322.41:  73%|███████▎  | 726/1000 [20:01<05:47,  1.27s/it]Best trial: 663. Best value: 2322.41:  73%|███████▎  | 727/1000 [20:01<05:48,  1.28s/it]                                                                                        Best trial: 663. Best value: 2322.41:  73%|███████▎  | 727/1000 [20:02<05:48,  1.28s/it]Best trial: 663. Best value: 2322.41:  73%|███████▎  | 727/1000 [20:02<05:48,  1.28s/it]Best trial: 663. Best value: 2322.41:  73%|███████▎  | 728/1000 [20:02<05:43,  1.26s/it]                                                                                        Best trial: 663. Best value: 2322.41:  73%|███████▎  | 728/1000 [20:04<05:43,  1.26s/it]Best trial: 663. Best value: 2322.41:  73%|███████▎  | 728/1000 [20:04<05:43,  1.26s/it]Best trial: 663. Best value: 2322.41:  73%|███████▎  | 729/1000 [20:04<05:42,  1.26s/it]                                                                                        Best trial: 663. Best value: 2322.41:  73%|███████▎  | 729/1000 [20:05<05:42,  1.26s/it]Best trial: 663. Best value: 2322.41:  73%|███████▎  | 729/1000 [20:05<05:42,  1.26s/it]Best trial: 663. Best value: 2322.41:  73%|███████▎  | 730/1000 [20:05<05:40,  1.26s/it]                                                                                        
[I 2026-03-31 17:41:36,793] Trial 714 finished with value: 2440.7642285640813 and parameters: {'alpha_0': 0.0015549860421735329, 'alpha_1': 5.220157622954562e-05, 'alpha_2': 8.858235114141977e-05, 'beta_0': 0.3940275305005096, 'beta_1': 0.9707402084225116, 'beta_2': 0.2105561030289034, 'beta_3': 0.0015294382870952201, 'beta_4': 0.9099047429364848, 'beta_5': 47.326240748601194, 'beta_6': 0.007140070417054453, 'beta_7': 0.03127397098354771}. Best is trial 663 with value: 2322.408756152314.
[I 2026-03-31 17:41:38,038] Trial 715 finished with value: 2547.7391584927727 and parameters: {'alpha_0': 0.0016299082360911733, 'alpha_1': 5.3966286670899385e-05, 'alpha_2': 9.373906081657026e-05, 'beta_0': 0.3776322495472083, 'beta_1': 0.9828067715596611, 'beta_2': 0.18919669276392967, 'beta_3': 0.0014408363056233775, 'beta_4': 0.8819944781558433, 'beta_5': 40.77861893133619, 'beta_6': 0.01678389528178213, 'beta_7': 0.032611779590466496}. Best is trial 663 with value: 2322.408756152314.
[I 2026-03-31 17:41:39,348] Trial 716 finished with value: 2448.8426860349928 and parameters: {'alpha_0': 0.0014957303898707561, 'alpha_1': 5.377445179284719e-05, 'alpha_2': 9.171881706600252e-05, 'beta_0': 0.3869824534545258, 'beta_1': 1.0010256248467932, 'beta_2': 0.2023482620199782, 'beta_3': 0.0015356088323152219, 'beta_4': 0.8562902083334482, 'beta_5': 45.3000210115435, 'beta_6': 0.020710507396054435, 'beta_7': 0.030172499792724954}. Best is trial 663 with value: 2322.408756152314.
[I 2026-03-31 17:41:40,603] Trial 717 finished with value: 2417.919304944901 and parameters: {'alpha_0': 0.0015357931705372405, 'alpha_1': 5.006655101669544e-05, 'alpha_2': 8.723761855704614e-05, 'beta_0': 0.3901000850141334, 'beta_1': 0.9220601890004226, 'beta_2': 0.237026478501759, 'beta_3': 0.0014726059317377417, 'beta_4': 0.8952599739467888, 'beta_5': 43.64726682200721, 'beta_6': 0.010940777726238785, 'beta_7': 0.03184797006665544}. Best is trial 663 with value: 2322.408756152314.
[I 2026-03-31 17:41:41,873] Trial 718 finished with value: 2459.313331000528 and parameters: {'alpha_0': 0.0014271987770291107, 'alpha_1': 5.176256316512404e-05, 'alpha_2': 8.996297464643552e-05, 'beta_0': 0.37143341514371747, 'beta_1': 0.9391355355950468, 'beta_2': 0.18396498965158037, 'beta_3': 0.0015658101158524042, 'beta_4': 0.8735052610859955, 'beta_5': 38.34873510644013, 'beta_6': 0.01484831483601351, 'beta_7': 0.031173333166862466}. Best is trial 663 with value: 2322.408756152314.
[I 2026-03-31 17:41:43,104] Trial 719 finished with value: 2512.41393246614 and parameters: {'alpha_0': 0.0016046019175045268, 'alpha_1': 5.3965192801930375e-05, 'alpha_2': 8.986062042623915e-05, 'beta_0': 0.3708145893291445, 'beta_1': 0.9602856573320858, 'beta_2': 0.21599838335285235, 'beta_3': 0.001511218489940484, 'beta_4': 0.8489156693877021, 'beta_5': 34.44340647377968, 'beta_6': 0.018539050408084422, 'beta_7': 0.03226041190749938}. Best is trial 663 with value: 2322.408756152314.
[I 2026-03-31 17:41:44,373] Trial 720 finished with value: 2622.874213743051 and parameters: {'alpha_0': 0.0015694119121282982, 'alpha_1': 5.20350734989827e-05, 'alpha_2': 9.268072422156895e-05, 'beta_0': 0.3715097345498264, 'beta_1': 0.977661029315942, 'beta_2': 0.19953007275321372, 'beta_3': 0.0015718488057054948, 'beta_4': 0.8618072437982205, 'beta_5': 42.34870914058443, 'beta_6': 0.013419923126373799, 'beta_7': 0.030692961515859787}. Best is trial 663 with value: 2322.408756152314.
[I 2026-03-31 17:41:45,654] Trial 721 finished with value: 2722.114428659886 and parameters: {'alpha_0': 0.0015268445062410737, 'alpha_1': 5.3869855477695494e-05, 'alpha_2': 9.59222519208831e-05, 'beta_0': 0.13947348469184467, 'beta_1': 0.8511627519845391, 'beta_2': 0.22526067777940476, 'beta_3': 0.0014943949233457597, 'beta_4': 0.87532816707547, 'beta_5': 36.25959669733989, 'beta_6': 0.020489519164510143, 'beta_7': 0.032813973659409065}. Best is trial 663 with value: 2322.408756152314.
[I 2026-03-31 17:41:46,944] Trial 722 finished with value: 2595.1337128483838 and parameters: {'alpha_0': 0.0014726096183691958, 'alpha_1': 5.000391628552341e-05, 'alpha_2': 8.482210445144689e-05, 'beta_0': 0.4171598363722818, 'beta_1': 0.9491112478774297, 'beta_2': 0.2068007289694729, 'beta_3': 0.0015348581593659647, 'beta_4': 0.9736777470838005, 'beta_5': 43.83810936600604, 'beta_6': 0.016130732958732116, 'beta_7': 0.033344531306382263}. Best is trial 663 with value: 2322.408756152314.
[I 2026-03-31 17:41:48,227] Trial 723 finished with value: 2477.757658522032 and parameters: {'alpha_0': 0.0015882183667338668, 'alpha_1': 5.3362268456903404e-05, 'alpha_2': 8.792936704396395e-05, 'beta_0': 0.38219176687891626, 'beta_1': 0.9981239267947277, 'beta_2': 0.18138446007754852, 'beta_3': 0.0014286839507209243, 'beta_4': 0.9014237822903038, 'beta_5': 41.03735476160932, 'beta_6': 0.013093606796728035, 'beta_7': 0.03152026427612979}. Best is trial 663 with value: 2322.408756152314.
[I 2026-03-31 17:41:49,491] Trial 724 finished with value: 2340.9889026912724 and parameters: {'alpha_0': 0.0015100885735029712, 'alpha_1': 5.201948241446989e-05, 'alpha_2': 9.428784543290305e-05, 'beta_0': 0.37585174338305427, 'beta_1': 0.9786090634317018, 'beta_2': 0.19485090026576146, 'beta_3': 0.0015708314233865083, 'beta_4': 0.9537326425508248, 'beta_5': 46.184061619927306, 'beta_6': 0.009732494202957001, 'beta_7': 0.03206023472663276}. Best is trial 663 with value: 2322.408756152314.
[I 2026-03-31 17:41:50,748] Trial 725 finished with value: 2482.8678200215245 and parameters: {'alpha_0': 0.0015044171022420298, 'alpha_1': 5.179542786784297e-05, 'alpha_2': 9.544169694171951e-05, 'beta_0': 0.37703469613189317, 'beta_1': 0.9703160587414835, 'beta_2': 0.1910737164556991, 'beta_3': 0.0015723623089357677, 'beta_4': 0.9369099127343306, 'beta_5': 47.44291911915644, 'beta_6': 0.008772095973222274, 'beta_7': 0.032346916926708685}. Best is trial 663 with value: 2322.408756152314.
[I 2026-03-31 17:41:52,050] Trial 726 finished with value: 2632.7164621682196 and parameters: {'alpha_0': 0.0014098618444874321, 'alpha_1': 5.1836697698329906e-05, 'alpha_2': 9.924811033904501e-05, 'beta_0': 0.38879876719486295, 'beta_1': 0.9919810279249435, 'beta_2': 0.19631210355058878, 'beta_3': 0.001487216620346883, 'beta_4': 0.9264509027325278, 'beta_5': 44.9146617256453, 'beta_6': 0.007113051239088137, 'beta_7': 0.03305075084938698}. Best is trial 663 with value: 2322.408756152314.
[I 2026-03-31 17:41:53,275] Trial 727 finished with value: 2353.1758148780077 and parameters: {'alpha_0': 0.0014582312037933487, 'alpha_1': 5.002694919648227e-05, 'alpha_2': 9.33790810856734e-05, 'beta_0': 0.4051779036455756, 'beta_1': 0.9655699064295667, 'beta_2': 0.20895593983343952, 'beta_3': 0.0015316555700367646, 'beta_4': 0.9655772146471004, 'beta_5': 46.957146974052776, 'beta_6': 0.011041628898546985, 'beta_7': 0.0319304554818242}. Best is trial 663 with value: 2322.408756152314.
[I 2026-03-31 17:41:54,540] Trial 728 finished with value: 2546.1473379682056 and parameters: {'alpha_0': 0.0017213676306542854, 'alpha_1': 5.1749400547403915e-05, 'alpha_2': 9.411714577779715e-05, 'beta_0': 0.3948062833748542, 'beta_1': 0.9606122883105219, 'beta_2': 0.21373885001596346, 'beta_3': 0.001533380491145866, 'beta_4': 0.9794887833686422, 'beta_5': 47.91785157911755, 'beta_6': 0.009189846789290875, 'beta_7': 0.0337144652381389}. Best is trial 663 with value: 2322.408756152314.
[I 2026-03-31 17:41:55,792] Trial 729 finished with value: 2535.6849354207916 and parameters: {'alpha_0': 0.0014549634732439324, 'alpha_1': 5.013152855524929e-05, 'alpha_2': 9.24163083112046e-05, 'beta_0': 0.39888796259878867, 'beta_1': 0.9780158352399229, 'beta_2': 0.20333392430556382, 'beta_3': 0.001468190902498728, 'beta_4': 0.9539423376321766, 'beta_5': 45.817964171998305, 'beta_6': 0.010026087634758513, 'beta_7': 0.03234495682454845}. Best is trial 663 with value: 2322.408756152314.
