[I 2026-03-31 17:26:01,511] Trial 118 finished with value: 2487.6437189006965 and parameters: {'alpha_0': 0.00075588152622589, 'alpha_1': 5.541446353559768e-05, 'alpha_2': 7.495010174551556e-05, 'beta_0': 0.2915303604008486, 'beta_1': 1.2480531777672785, 'beta_2': 0.15104036272491767, 'beta_3': 0.0018201108774019128, 'beta_4': 0.8195946955535326, 'beta_5': 61.27031174077828, 'beta_6': 0.03534806166258225, 'beta_7': 0.03160290180361426}. Best is trial 115 with value: 2383.8325613702136.Best trial: 115. Best value: 2383.83:  12%|█▏        | 118/1000 [04:10<18:40,  1.27s/it]Best trial: 115. Best value: 2383.83:  12%|█▏        | 118/1000 [04:10<18:40,  1.27s/it]Best trial: 115. Best value: 2383.83:  12%|█▏        | 119/1000 [04:10<18:35,  1.27s/it]                                                                                        Best trial: 115. Best value: 2383.83:  12%|█▏        | 119/1000 [04:12<18:35,  1.27s/it]Best trial: 115. Best value: 2383.83:  12%|█▏        | 119/1000 [04:12<18:35,  1.27s/it]Best trial: 115. Best value: 2383.83:  12%|█▏        | 120/1000 [04:12<18:36,  1.27s/it]                                                                                        Best trial: 115. Best value: 2383.83:  12%|█▏        | 120/1000 [04:13<18:36,  1.27s/it]Best trial: 115. Best value: 2383.83:  12%|█▏        | 120/1000 [04:13<18:36,  1.27s/it]Best trial: 115. Best value: 2383.83:  12%|█▏        | 121/1000 [04:13<18:34,  1.27s/it]                                                                                        Best trial: 115. Best value: 2383.83:  12%|█▏        | 121/1000 [04:14<18:34,  1.27s/it]Best trial: 115. Best value: 2383.83:  12%|█▏        | 121/1000 [04:14<18:34,  1.27s/it]Best trial: 115. Best value: 2383.83:  12%|█▏        | 122/1000 [04:14<18:42,  1.28s/it]                                                                                        Best trial: 115. Best value: 2383.83:  12%|█▏        | 122/1000 [04:16<18:42,  1.28s/it]Best trial: 115. Best value: 2383.83:  12%|█▏        | 122/1000 [04:16<18:42,  1.28s/it]Best trial: 115. Best value: 2383.83:  12%|█▏        | 123/1000 [04:16<18:43,  1.28s/it]                                                                                        Best trial: 115. Best value: 2383.83:  12%|█▏        | 123/1000 [04:17<18:43,  1.28s/it]Best trial: 115. Best value: 2383.83:  12%|█▏        | 123/1000 [04:17<18:43,  1.28s/it]Best trial: 115. Best value: 2383.83:  12%|█▏        | 124/1000 [04:17<18:34,  1.27s/it]                                                                                        Best trial: 115. Best value: 2383.83:  12%|█▏        | 124/1000 [04:18<18:34,  1.27s/it]Best trial: 115. Best value: 2383.83:  12%|█▏        | 124/1000 [04:18<18:34,  1.27s/it]Best trial: 115. Best value: 2383.83:  12%|█▎        | 125/1000 [04:18<18:25,  1.26s/it]                                                                                        Best trial: 115. Best value: 2383.83:  12%|█▎        | 125/1000 [04:19<18:25,  1.26s/it]Best trial: 115. Best value: 2383.83:  12%|█▎        | 125/1000 [04:19<18:25,  1.26s/it]Best trial: 115. Best value: 2383.83:  13%|█▎        | 126/1000 [04:19<18:28,  1.27s/it]                                                                                        Best trial: 115. Best value: 2383.83:  13%|█▎        | 126/1000 [04:21<18:28,  1.27s/it]Best trial: 115. Best value: 2383.83:  13%|█▎        | 126/1000 [04:21<18:28,  1.27s/it]Best trial: 115. Best value: 2383.83:  13%|█▎        | 127/1000 [04:21<18:35,  1.28s/it]                                                                                        Best trial: 115. Best value: 2383.83:  13%|█▎        | 127/1000 [04:22<18:35,  1.28s/it]Best trial: 115. Best value: 2383.83:  13%|█▎        | 127/1000 [04:22<18:35,  1.28s/it]Best trial: 115. Best value: 2383.83:  13%|█▎        | 128/1000 [04:22<19:15,  1.32s/it]                                                                                        Best trial: 115. Best value: 2383.83:  13%|█▎        | 128/1000 [04:23<19:15,  1.32s/it]Best trial: 115. Best value: 2383.83:  13%|█▎        | 128/1000 [04:23<19:15,  1.32s/it]Best trial: 115. Best value: 2383.83:  13%|█▎        | 129/1000 [04:23<19:05,  1.31s/it]                                                                                        Best trial: 115. Best value: 2383.83:  13%|█▎        | 129/1000 [04:37<19:05,  1.31s/it]Best trial: 115. Best value: 2383.83:  13%|█▎        | 129/1000 [04:37<19:05,  1.31s/it]Best trial: 115. Best value: 2383.83:  13%|█▎        | 130/1000 [04:37<1:12:45,  5.02s/it]                                                                                          Best trial: 115. Best value: 2383.83:  13%|█▎        | 130/1000 [04:38<1:12:45,  5.02s/it]Best trial: 115. Best value: 2383.83:  13%|█▎        | 130/1000 [04:38<1:12:45,  5.02s/it]Best trial: 115. Best value: 2383.83:  13%|█▎        | 131/1000 [04:38<56:20,  3.89s/it]                                                                                          Best trial: 115. Best value: 2383.83:  13%|█▎        | 131/1000 [04:40<56:20,  3.89s/it]Best trial: 115. Best value: 2383.83:  13%|█▎        | 131/1000 [04:40<56:20,  3.89s/it]Best trial: 115. Best value: 2383.83:  13%|█▎        | 132/1000 [04:40<44:53,  3.10s/it]                                                                                        Best trial: 115. Best value: 2383.83:  13%|█▎        | 132/1000 [04:41<44:53,  3.10s/it]Best trial: 115. Best value: 2383.83:  13%|█▎        | 132/1000 [04:41<44:53,  3.10s/it]Best trial: 115. Best value: 2383.83:  13%|█▎        | 133/1000 [04:41<36:48,  2.55s/it]                                                                                        Best trial: 115. Best value: 2383.83:  13%|█▎        | 133/1000 [04:42<36:48,  2.55s/it]Best trial: 115. Best value: 2383.83:  13%|█▎        | 133/1000 [04:42<36:48,  2.55s/it]Best trial: 115. Best value: 2383.83:  13%|█▎        | 134/1000 [04:42<31:19,  2.17s/it]                                                                                        Best trial: 115. Best value: 2383.83:  13%|█▎        | 134/1000 [04:43<31:19,  2.17s/it]Best trial: 115. Best value: 2383.83:  13%|█▎        | 134/1000 [04:43<31:19,  2.17s/it]Best trial: 115. Best value: 2383.83:  14%|█▎        | 135/1000 [04:43<27:25,  1.90s/it]                                                                                        
[I 2026-03-31 17:26:02,785] Trial 119 finished with value: 2589.292227452115 and parameters: {'alpha_0': 0.0007769924307982406, 'alpha_1': 6.131470000371735e-05, 'alpha_2': 6.881379260541368e-05, 'beta_0': 0.3089356378259269, 'beta_1': 1.286357421084274, 'beta_2': 0.12753643790076868, 'beta_3': 0.0018263529443487395, 'beta_4': 0.9087781218454484, 'beta_5': 60.56649901430772, 'beta_6': 0.034480873422911854, 'beta_7': 0.03418452810659732}. Best is trial 115 with value: 2383.8325613702136.
[I 2026-03-31 17:26:04,052] Trial 120 finished with value: 2472.1042180760496 and parameters: {'alpha_0': 0.0006818044863757804, 'alpha_1': 5.45249453813831e-05, 'alpha_2': 7.594796081840236e-05, 'beta_0': 0.2873915035859637, 'beta_1': 1.2409327387560987, 'beta_2': 0.15291546927479932, 'beta_3': 0.001862125105241585, 'beta_4': 0.831791994999304, 'beta_5': 61.414170324040576, 'beta_6': 0.030869064902045613, 'beta_7': 0.030723089232868234}. Best is trial 115 with value: 2383.8325613702136.
[I 2026-03-31 17:26:05,356] Trial 121 finished with value: 2488.2876557205473 and parameters: {'alpha_0': 0.0006720371428207171, 'alpha_1': 5.536630484259752e-05, 'alpha_2': 7.582538432203104e-05, 'beta_0': 0.2884787181334916, 'beta_1': 1.2415048890751772, 'beta_2': 0.17436245791838692, 'beta_3': 0.0018744980141968703, 'beta_4': 0.8701039384787005, 'beta_5': 61.938775988150226, 'beta_6': 0.03159796704746986, 'beta_7': 0.030794077261184803}. Best is trial 115 with value: 2383.8325613702136.
[I 2026-03-31 17:26:06,643] Trial 122 finished with value: 2587.5330649568355 and parameters: {'alpha_0': 0.0007308473782241502, 'alpha_1': 5.4803102672106504e-05, 'alpha_2': 7.267764456859004e-05, 'beta_0': 0.2603086515982986, 'beta_1': 1.2236288145995102, 'beta_2': 0.15652964270922246, 'beta_3': 0.001838077975591615, 'beta_4': 0.836266305748577, 'beta_5': 60.31018684181923, 'beta_6': 0.028429809065926775, 'beta_7': 0.03006804367578723}. Best is trial 115 with value: 2383.8325613702136.
[I 2026-03-31 17:26:07,894] Trial 123 finished with value: 2790.226368385055 and parameters: {'alpha_0': 0.000525770763493614, 'alpha_1': 5.3250458152334376e-05, 'alpha_2': 7.824337182849515e-05, 'beta_0': 0.3091637318054833, 'beta_1': 1.2088881421097233, 'beta_2': 0.14869327598400373, 'beta_3': 0.0018953748497378866, 'beta_4': 0.8168984220392532, 'beta_5': 51.64970364927889, 'beta_6': 0.035256724522809146, 'beta_7': 0.032297557603853715}. Best is trial 115 with value: 2383.8325613702136.
[I 2026-03-31 17:26:09,137] Trial 124 finished with value: 2462.334135645825 and parameters: {'alpha_0': 0.0005612808248755708, 'alpha_1': 5.8818424241263516e-05, 'alpha_2': 7.48799667541764e-05, 'beta_0': 0.28004626910721875, 'beta_1': 1.2644213989003654, 'beta_2': 0.11701293009098973, 'beta_3': 0.0018098461047242578, 'beta_4': 0.8554824586596272, 'beta_5': 65.74922764242275, 'beta_6': 0.03953791471946503, 'beta_7': 0.03157425903246725}. Best is trial 115 with value: 2383.8325613702136.
[I 2026-03-31 17:26:10,417] Trial 125 finished with value: 2559.22023931959 and parameters: {'alpha_0': 0.0005512000124932568, 'alpha_1': 5.878947980236017e-05, 'alpha_2': 8.116597539821119e-05, 'beta_0': 0.2802723377060631, 'beta_1': 1.2387122603315586, 'beta_2': 0.11502995420868636, 'beta_3': 0.0017653428719628852, 'beta_4': 0.8574537512567926, 'beta_5': 67.12518616168911, 'beta_6': 0.0434657008011204, 'beta_7': 0.030566517139965374}. Best is trial 115 with value: 2383.8325613702136.
[I 2026-03-31 17:26:11,718] Trial 126 finished with value: 2706.3073874924576 and parameters: {'alpha_0': 0.000619712478514679, 'alpha_1': 5.7206999519384544e-05, 'alpha_2': 6.651083623411498e-05, 'beta_0': 0.27191249255582967, 'beta_1': 1.293230762908951, 'beta_2': 0.12732253023312026, 'beta_3': 0.0018605843469542732, 'beta_4': 0.791980061284924, 'beta_5': 71.403527817727, 'beta_6': 0.039795392710521106, 'beta_7': 0.03326124751458624}. Best is trial 115 with value: 2383.8325613702136.
[I 2026-03-31 17:26:13,152] Trial 127 finished with value: 2717.493694818403 and parameters: {'alpha_0': 0.0006948927869797423, 'alpha_1': 6.543353700250188e-05, 'alpha_2': 6.921226571029868e-05, 'beta_0': 0.24024509719192394, 'beta_1': 1.2601752016292744, 'beta_2': 0.1348635450466603, 'beta_3': 0.0019100100309408828, 'beta_4': 0.8778341753804708, 'beta_5': 64.88847800378107, 'beta_6': 0.044470506342653766, 'beta_7': 0.02943944260947551}. Best is trial 115 with value: 2383.8325613702136.
[I 2026-03-31 17:26:14,443] Trial 128 finished with value: 2484.1233150875487 and parameters: {'alpha_0': 0.0008953726949623108, 'alpha_1': 6.227338685367224e-05, 'alpha_2': 7.632570457737494e-05, 'beta_0': 0.30439897288023987, 'beta_1': 1.3111199375241545, 'beta_2': 0.10062086651282892, 'beta_3': 0.0017305936396496508, 'beta_4': 0.9050945800601762, 'beta_5': 49.29381147021401, 'beta_6': 0.026364143389041084, 'beta_7': 0.031099177508499054}. Best is trial 115 with value: 2383.8325613702136.
[I 2026-03-31 17:26:28,100] Trial 129 finished with value: 10041.054617788073 and parameters: {'alpha_0': 0.0008804065872745508, 'alpha_1': 6.240602244961003e-05, 'alpha_2': 7.671616872348951e-05, 'beta_0': 0.31055066586137936, 'beta_1': 1.261736704713108, 'beta_2': 0.22358128789353898, 'beta_3': 0.0016631169871776498, 'beta_4': 0.9035335414760689, 'beta_5': 48.497210187710024, 'beta_6': 0.025095837003090718, 'beta_7': 0.010304474347119069}. Best is trial 115 with value: 2383.8325613702136.
[I 2026-03-31 17:26:29,361] Trial 130 finished with value: 2536.0994262326835 and parameters: {'alpha_0': 0.0008131041562267554, 'alpha_1': 6.002129708205474e-05, 'alpha_2': 6.56133141593939e-05, 'beta_0': 0.32912855482460585, 'beta_1': 1.314995505664273, 'beta_2': 0.10122859718591846, 'beta_3': 0.0018080384188072472, 'beta_4': 0.9224286800792276, 'beta_5': 68.81952202635127, 'beta_6': 0.03297319012934147, 'beta_7': 0.030914717795125616}. Best is trial 115 with value: 2383.8325613702136.
[I 2026-03-31 17:26:30,629] Trial 131 finished with value: 2456.625188265494 and parameters: {'alpha_0': 0.0005634230266935646, 'alpha_1': 5.3509971863844554e-05, 'alpha_2': 7.964331196901935e-05, 'beta_0': 0.29276042088142873, 'beta_1': 1.2779973328709089, 'beta_2': 0.11215135430764954, 'beta_3': 0.0017518429792782965, 'beta_4': 0.8535663102868172, 'beta_5': 56.73132467849227, 'beta_6': 0.03094601748006151, 'beta_7': 0.031529453345951516}. Best is trial 115 with value: 2383.8325613702136.
[I 2026-03-31 17:26:31,876] Trial 132 finished with value: 3097.6952534911243 and parameters: {'alpha_0': 0.000552495086168233, 'alpha_1': 5.3348836418777946e-05, 'alpha_2': 7.957804289571864e-05, 'beta_0': 0.2996614206636886, 'beta_1': 1.3533502894246205, 'beta_2': 0.10014081933424206, 'beta_3': 0.0017554430092430805, 'beta_4': 0.9375012853933402, 'beta_5': 63.04929530459631, 'beta_6': 0.02993681010809776, 'beta_7': 0.03250577612515315}. Best is trial 115 with value: 2383.8325613702136.
[I 2026-03-31 17:26:33,169] Trial 133 finished with value: 2648.5338708242666 and parameters: {'alpha_0': 0.0006692434672783664, 'alpha_1': 5.6300464112314924e-05, 'alpha_2': 7.538970608809712e-05, 'beta_0': 0.28386457235995466, 'beta_1': 1.275989673790349, 'beta_2': 0.11190804428960863, 'beta_3': 0.0019383964857391796, 'beta_4': 0.8557413548782632, 'beta_5': 53.19218288511911, 'beta_6': 0.03794209370328204, 'beta_7': 0.032911616677193604}. Best is trial 115 with value: 2383.8325613702136.
[I 2026-03-31 17:26:34,444] Trial 134 finished with value: 2511.3691617886707 and parameters: {'alpha_0': 0.0005051661688988795, 'alpha_1': 5.872985606044068e-05, 'alpha_2': 7.819644385537446e-05, 'beta_0': 0.2937455911100781, 'beta_1': 1.2167612719572125, 'beta_2': 0.11076177038154378, 'beta_3': 0.001797915171769325, 'beta_4': 0.8306067792960525, 'beta_5': 58.722057687037555, 'beta_6': 0.027919547048756998, 'beta_7': 0.03092057829765589}. Best is trial 115 with value: 2383.8325613702136.
[I 2026-03-31 17:26:35,725] Trial 135 finished with value: 2624.1462485372995 and parameters: {'alpha_0': 0.0009465033030191973, 'alpha_1': 6.647345778901626e-05, 'alpha_2': 7.114060630285907e-05, 'beta_0': 0.25802270448001885, 'beta_1': 1.335026796463848, 'beta_2': 0.12645643878437404, 'beta_3': 0.0018568372152557042, 'beta_4': 0.8924933507013444, 'beta_5': 56.06033096700382, 'beta_6': 0.032186022440413437, 'beta_7': 0.030399925455777}. Best is trial 115 with value: 2383.8325613702136.Best trial: 115. Best value: 2383.83:  14%|█▎        | 135/1000 [04:45<27:25,  1.90s/it]Best trial: 115. Best value: 2383.83:  14%|█▎        | 135/1000 [04:45<27:25,  1.90s/it]Best trial: 115. Best value: 2383.83:  14%|█▎        | 136/1000 [04:45<24:42,  1.72s/it]                                                                                        Best trial: 115. Best value: 2383.83:  14%|█▎        | 136/1000 [04:46<24:42,  1.72s/it]Best trial: 115. Best value: 2383.83:  14%|█▎        | 136/1000 [04:46<24:42,  1.72s/it]Best trial: 115. Best value: 2383.83:  14%|█▎        | 137/1000 [04:46<22:40,  1.58s/it]                                                                                        Best trial: 115. Best value: 2383.83:  14%|█▎        | 137/1000 [04:47<22:40,  1.58s/it]Best trial: 115. Best value: 2383.83:  14%|█▎        | 137/1000 [04:47<22:40,  1.58s/it]Best trial: 115. Best value: 2383.83:  14%|█▍        | 138/1000 [04:47<21:12,  1.48s/it]                                                                                        Best trial: 115. Best value: 2383.83:  14%|█▍        | 138/1000 [04:49<21:12,  1.48s/it]Best trial: 115. Best value: 2383.83:  14%|█▍        | 138/1000 [04:49<21:12,  1.48s/it]Best trial: 115. Best value: 2383.83:  14%|█▍        | 139/1000 [04:49<20:28,  1.43s/it]                                                                                        Best trial: 115. Best value: 2383.83:  14%|█▍        | 139/1000 [04:50<20:28,  1.43s/it]Best trial: 115. Best value: 2383.83:  14%|█▍        | 139/1000 [04:50<20:28,  1.43s/it]Best trial: 115. Best value: 2383.83:  14%|█▍        | 140/1000 [04:50<19:45,  1.38s/it]                                                                                        Best trial: 115. Best value: 2383.83:  14%|█▍        | 140/1000 [04:51<19:45,  1.38s/it]Best trial: 115. Best value: 2383.83:  14%|█▍        | 140/1000 [04:51<19:45,  1.38s/it]Best trial: 115. Best value: 2383.83:  14%|█▍        | 141/1000 [04:51<19:12,  1.34s/it]                                                                                        Best trial: 115. Best value: 2383.83:  14%|█▍        | 141/1000 [04:52<19:12,  1.34s/it]Best trial: 115. Best value: 2383.83:  14%|█▍        | 141/1000 [04:52<19:12,  1.34s/it]Best trial: 115. Best value: 2383.83:  14%|█▍        | 142/1000 [04:52<18:57,  1.33s/it]                                                                                        Best trial: 115. Best value: 2383.83:  14%|█▍        | 142/1000 [04:54<18:57,  1.33s/it]Best trial: 115. Best value: 2383.83:  14%|█▍        | 142/1000 [04:54<18:57,  1.33s/it]Best trial: 115. Best value: 2383.83:  14%|█▍        | 143/1000 [04:54<18:33,  1.30s/it]                                                                                        Best trial: 115. Best value: 2383.83:  14%|█▍        | 143/1000 [04:55<18:33,  1.30s/it]Best trial: 115. Best value: 2383.83:  14%|█▍        | 143/1000 [04:55<18:33,  1.30s/it]Best trial: 115. Best value: 2383.83:  14%|█▍        | 144/1000 [04:55<18:27,  1.29s/it]                                                                                        Best trial: 115. Best value: 2383.83:  14%|█▍        | 144/1000 [04:56<18:27,  1.29s/it]Best trial: 115. Best value: 2383.83:  14%|█▍        | 144/1000 [04:56<18:27,  1.29s/it]Best trial: 115. Best value: 2383.83:  14%|█▍        | 145/1000 [04:56<18:19,  1.29s/it]                                                                                        Best trial: 115. Best value: 2383.83:  14%|█▍        | 145/1000 [04:57<18:19,  1.29s/it]Best trial: 115. Best value: 2383.83:  14%|█▍        | 145/1000 [04:57<18:19,  1.29s/it]Best trial: 115. Best value: 2383.83:  15%|█▍        | 146/1000 [04:57<18:06,  1.27s/it]                                                                                        Best trial: 115. Best value: 2383.83:  15%|█▍        | 146/1000 [04:59<18:06,  1.27s/it]Best trial: 115. Best value: 2383.83:  15%|█▍        | 146/1000 [04:59<18:06,  1.27s/it]Best trial: 115. Best value: 2383.83:  15%|█▍        | 147/1000 [04:59<18:10,  1.28s/it]                                                                                        Best trial: 115. Best value: 2383.83:  15%|█▍        | 147/1000 [05:08<18:10,  1.28s/it]Best trial: 115. Best value: 2383.83:  15%|█▍        | 147/1000 [05:08<18:10,  1.28s/it]Best trial: 115. Best value: 2383.83:  15%|█▍        | 148/1000 [05:08<52:42,  3.71s/it]                                                                                        Best trial: 115. Best value: 2383.83:  15%|█▍        | 148/1000 [05:09<52:42,  3.71s/it]Best trial: 115. Best value: 2383.83:  15%|█▍        | 148/1000 [05:09<52:42,  3.71s/it]Best trial: 115. Best value: 2383.83:  15%|█▍        | 149/1000 [05:09<42:33,  3.00s/it]                                                                                        Best trial: 115. Best value: 2383.83:  15%|█▍        | 149/1000 [05:11<42:33,  3.00s/it]Best trial: 115. Best value: 2383.83:  15%|█▍        | 149/1000 [05:11<42:33,  3.00s/it]Best trial: 115. Best value: 2383.83:  15%|█▌        | 150/1000 [05:11<35:02,  2.47s/it]                                                                                        Best trial: 115. Best value: 2383.83:  15%|█▌        | 150/1000 [05:12<35:02,  2.47s/it]Best trial: 115. Best value: 2383.83:  15%|█▌        | 150/1000 [05:12<35:02,  2.47s/it]Best trial: 115. Best value: 2383.83:  15%|█▌        | 151/1000 [05:12<30:04,  2.13s/it]                                                                                        Best trial: 115. Best value: 2383.83:  15%|█▌        | 151/1000 [05:13<30:04,  2.13s/it]Best trial: 115. Best value: 2383.83:  15%|█▌        | 151/1000 [05:13<30:04,  2.13s/it]Best trial: 115. Best value: 2383.83:  15%|█▌        | 152/1000 [05:13<26:12,  1.85s/it]                                                                                        
[I 2026-03-31 17:26:36,976] Trial 136 finished with value: 2509.9460667294043 and parameters: {'alpha_0': 0.0005618346338653467, 'alpha_1': 5.246025146191187e-05, 'alpha_2': 8.379689546365204e-05, 'beta_0': 0.2443387273770144, 'beta_1': 1.310695775600837, 'beta_2': 0.2686556965356046, 'beta_3': 0.0017414707690558764, 'beta_4': 0.8722351097936132, 'beta_5': 49.41195861727799, 'beta_6': 0.023325595731683822, 'beta_7': 0.032190780425352374}. Best is trial 115 with value: 2383.8325613702136.
