[I 2026-03-31 17:44:31,381] Trial 832 finished with value: 8539.196163848934 and parameters: {'alpha_0': 0.0014218140134750479, 'alpha_1': 5.355620929222192e-05, 'alpha_2': 0.00010081006492991976, 'beta_0': 0.4597370556828008, 'beta_1': 0.8697985730936132, 'beta_2': 0.1778028566565745, 'beta_3': 0.0012561174791793578, 'beta_4': 0.9218254855989376, 'beta_5': 26.83975614610803, 'beta_6': 0.010377524882885509, 'beta_7': 0.019057823287119885}. Best is trial 663 with value: 2322.408756152314.Best trial: 663. Best value: 2322.41:  83%|████████▎ | 832/1000 [22:40<03:33,  1.27s/it]Best trial: 663. Best value: 2322.41:  83%|████████▎ | 832/1000 [22:40<03:33,  1.27s/it]Best trial: 663. Best value: 2322.41:  83%|████████▎ | 833/1000 [22:40<10:12,  3.67s/it]                                                                                        Best trial: 663. Best value: 2322.41:  83%|████████▎ | 833/1000 [22:42<10:12,  3.67s/it]Best trial: 663. Best value: 2322.41:  83%|████████▎ | 833/1000 [22:42<10:12,  3.67s/it]Best trial: 663. Best value: 2322.41:  83%|████████▎ | 834/1000 [22:42<08:08,  2.94s/it]                                                                                        Best trial: 663. Best value: 2322.41:  83%|████████▎ | 834/1000 [22:43<08:08,  2.94s/it]Best trial: 663. Best value: 2322.41:  83%|████████▎ | 834/1000 [22:43<08:08,  2.94s/it]Best trial: 663. Best value: 2322.41:  84%|████████▎ | 835/1000 [22:43<06:40,  2.43s/it]                                                                                        Best trial: 663. Best value: 2322.41:  84%|████████▎ | 835/1000 [22:44<06:40,  2.43s/it]Best trial: 663. Best value: 2322.41:  84%|████████▎ | 835/1000 [22:44<06:40,  2.43s/it]Best trial: 663. Best value: 2322.41:  84%|████████▎ | 836/1000 [22:44<05:41,  2.08s/it]                                                                                        Best trial: 663. Best value: 2322.41:  84%|████████▎ | 836/1000 [22:45<05:41,  2.08s/it]Best trial: 663. Best value: 2322.41:  84%|████████▎ | 836/1000 [22:45<05:41,  2.08s/it]Best trial: 663. Best value: 2322.41:  84%|████████▎ | 837/1000 [22:45<04:58,  1.83s/it]                                                                                        Best trial: 663. Best value: 2322.41:  84%|████████▎ | 837/1000 [22:47<04:58,  1.83s/it]Best trial: 663. Best value: 2322.41:  84%|████████▎ | 837/1000 [22:47<04:58,  1.83s/it]Best trial: 663. Best value: 2322.41:  84%|████████▍ | 838/1000 [22:47<04:29,  1.66s/it]                                                                                        Best trial: 663. Best value: 2322.41:  84%|████████▍ | 838/1000 [22:48<04:29,  1.66s/it]Best trial: 663. Best value: 2322.41:  84%|████████▍ | 838/1000 [22:48<04:29,  1.66s/it]Best trial: 663. Best value: 2322.41:  84%|████████▍ | 839/1000 [22:48<04:09,  1.55s/it]                                                                                        Best trial: 663. Best value: 2322.41:  84%|████████▍ | 839/1000 [22:49<04:09,  1.55s/it]Best trial: 663. Best value: 2322.41:  84%|████████▍ | 839/1000 [22:49<04:09,  1.55s/it]Best trial: 663. Best value: 2322.41:  84%|████████▍ | 840/1000 [22:49<03:55,  1.47s/it]                                                                                        Best trial: 663. Best value: 2322.41:  84%|████████▍ | 840/1000 [22:50<03:55,  1.47s/it]Best trial: 663. Best value: 2322.41:  84%|████████▍ | 840/1000 [22:50<03:55,  1.47s/it]Best trial: 663. Best value: 2322.41:  84%|████████▍ | 841/1000 [22:50<03:42,  1.40s/it]                                                                                        Best trial: 663. Best value: 2322.41:  84%|████████▍ | 841/1000 [22:52<03:42,  1.40s/it]Best trial: 663. Best value: 2322.41:  84%|████████▍ | 841/1000 [22:52<03:42,  1.40s/it]Best trial: 663. Best value: 2322.41:  84%|████████▍ | 842/1000 [22:52<03:36,  1.37s/it]                                                                                        Best trial: 663. Best value: 2322.41:  84%|████████▍ | 842/1000 [22:53<03:36,  1.37s/it]Best trial: 663. Best value: 2322.41:  84%|████████▍ | 842/1000 [22:53<03:36,  1.37s/it]Best trial: 663. Best value: 2322.41:  84%|████████▍ | 843/1000 [22:53<03:28,  1.33s/it]                                                                                        Best trial: 663. Best value: 2322.41:  84%|████████▍ | 843/1000 [22:54<03:28,  1.33s/it]Best trial: 663. Best value: 2322.41:  84%|████████▍ | 843/1000 [22:54<03:28,  1.33s/it]Best trial: 663. Best value: 2322.41:  84%|████████▍ | 844/1000 [22:54<03:25,  1.32s/it]                                                                                        Best trial: 663. Best value: 2322.41:  84%|████████▍ | 844/1000 [22:56<03:25,  1.32s/it]Best trial: 663. Best value: 2322.41:  84%|████████▍ | 844/1000 [22:56<03:25,  1.32s/it]Best trial: 663. Best value: 2322.41:  84%|████████▍ | 845/1000 [22:56<03:20,  1.30s/it]                                                                                        Best trial: 663. Best value: 2322.41:  84%|████████▍ | 845/1000 [22:57<03:20,  1.30s/it]Best trial: 663. Best value: 2322.41:  84%|████████▍ | 845/1000 [22:57<03:20,  1.30s/it]Best trial: 663. Best value: 2322.41:  85%|████████▍ | 846/1000 [22:57<03:19,  1.30s/it]                                                                                        Best trial: 663. Best value: 2322.41:  85%|████████▍ | 846/1000 [22:58<03:19,  1.30s/it]Best trial: 663. Best value: 2322.41:  85%|████████▍ | 846/1000 [22:58<03:19,  1.30s/it]Best trial: 663. Best value: 2322.41:  85%|████████▍ | 847/1000 [22:58<03:17,  1.29s/it]                                                                                        Best trial: 663. Best value: 2322.41:  85%|████████▍ | 847/1000 [22:59<03:17,  1.29s/it]Best trial: 663. Best value: 2322.41:  85%|████████▍ | 847/1000 [22:59<03:17,  1.29s/it]Best trial: 663. Best value: 2322.41:  85%|████████▍ | 848/1000 [22:59<03:14,  1.28s/it]                                                                                        Best trial: 663. Best value: 2322.41:  85%|████████▍ | 848/1000 [23:01<03:14,  1.28s/it]Best trial: 663. Best value: 2322.41:  85%|████████▍ | 848/1000 [23:01<03:14,  1.28s/it]Best trial: 663. Best value: 2322.41:  85%|████████▍ | 849/1000 [23:01<03:13,  1.28s/it]                                                                                        
[I 2026-03-31 17:44:32,622] Trial 833 finished with value: 2491.9755624309037 and parameters: {'alpha_0': 0.0015918988599393992, 'alpha_1': 5.189248994638539e-05, 'alpha_2': 9.79533177538452e-05, 'beta_0': 0.44514860999929134, 'beta_1': 0.9240520224681135, 'beta_2': 0.18918650954543392, 'beta_3': 0.001382099190229076, 'beta_4': 0.9659430349909026, 'beta_5': 31.63808576375875, 'beta_6': 0.008018576417231698, 'beta_7': 0.03238433499381821}. Best is trial 663 with value: 2322.408756152314.
[I 2026-03-31 17:44:33,857] Trial 834 finished with value: 2540.777147921758 and parameters: {'alpha_0': 0.0015159997023752756, 'alpha_1': 5.512961681067667e-05, 'alpha_2': 9.467611883471198e-05, 'beta_0': 0.46921674455926915, 'beta_1': 0.8801063928754459, 'beta_2': 0.20461869053747372, 'beta_3': 0.001296612448492425, 'beta_4': 0.9448065765624163, 'beta_5': 38.98626584235658, 'beta_6': 0.012572071091380551, 'beta_7': 0.03729355262359991}. Best is trial 663 with value: 2322.408756152314.
[I 2026-03-31 17:44:35,132] Trial 835 finished with value: 3933.201020897498 and parameters: {'alpha_0': 0.0016530570677293778, 'alpha_1': 5.1945604613025036e-05, 'alpha_2': 0.00010252064188973084, 'beta_0': 0.4160730337138832, 'beta_1': 0.8990578891842892, 'beta_2': 0.2114305941376008, 'beta_3': 0.001351771391322178, 'beta_4': 0.9126115120295765, 'beta_5': 30.868965773557232, 'beta_6': 0.006872135018221624, 'beta_7': 0.03301752051929367}. Best is trial 663 with value: 2322.408756152314.
[I 2026-03-31 17:44:36,368] Trial 836 finished with value: 2455.717904327688 and parameters: {'alpha_0': 0.00145263862374022, 'alpha_1': 0.00013525968158057154, 'alpha_2': 9.583391971701056e-05, 'beta_0': 0.42851142889667876, 'beta_1': 0.9163922216954048, 'beta_2': 0.19949267437210005, 'beta_3': 0.0012155376526994137, 'beta_4': 0.9756698478003809, 'beta_5': 33.44274938326075, 'beta_6': 0.010305596846165124, 'beta_7': 0.032204388295066916}. Best is trial 663 with value: 2322.408756152314.
[I 2026-03-31 17:44:37,644] Trial 837 finished with value: 2888.1570988366757 and parameters: {'alpha_0': 0.0015486124297621568, 'alpha_1': 5.006531308435699e-05, 'alpha_2': 9.874331931822842e-05, 'beta_0': 0.434460606579063, 'beta_1': 0.9428233163452977, 'beta_2': 0.19108586971134905, 'beta_3': 0.0013187987270266435, 'beta_4': 0.9340761733542674, 'beta_5': 37.34639250414029, 'beta_6': 0.013557976121231486, 'beta_7': 0.03307953787017494}. Best is trial 663 with value: 2322.408756152314.
[I 2026-03-31 17:44:38,931] Trial 838 finished with value: 2489.0985063538355 and parameters: {'alpha_0': 0.001483002213426116, 'alpha_1': 5.39084490311158e-05, 'alpha_2': 9.707507301477339e-05, 'beta_0': 0.41597425023421863, 'beta_1': 0.905129731494878, 'beta_2': 0.17769633630274195, 'beta_3': 0.0014025791165336815, 'beta_4': 0.9966124855582126, 'beta_5': 35.76793770452195, 'beta_6': 0.008904005582453953, 'beta_7': 0.03153268247860968}. Best is trial 663 with value: 2322.408756152314.
[I 2026-03-31 17:44:40,224] Trial 839 finished with value: 2558.5747674830172 and parameters: {'alpha_0': 0.0016202044458393347, 'alpha_1': 5.1903615355227766e-05, 'alpha_2': 9.439461620341912e-05, 'beta_0': 0.42458693701901234, 'beta_1': 0.8394308255928333, 'beta_2': 0.21765134323804214, 'beta_3': 0.0012796452489652146, 'beta_4': 0.9564197057434728, 'beta_5': 38.311991665391325, 'beta_6': 0.011766627496931269, 'beta_7': 0.03400388578269548}. Best is trial 663 with value: 2322.408756152314.
[I 2026-03-31 17:44:41,448] Trial 840 finished with value: 2349.7690253691712 and parameters: {'alpha_0': 0.001566380154131373, 'alpha_1': 5.520251297225242e-05, 'alpha_2': 9.999288585540792e-05, 'beta_0': 0.4454233244407305, 'beta_1': 0.9274822876934276, 'beta_2': 0.20368944548989323, 'beta_3': 0.001354905170241965, 'beta_4': 0.9204155972172952, 'beta_5': 28.136290095416754, 'beta_6': 0.0069658540049176675, 'beta_7': 0.03222100933024504}. Best is trial 663 with value: 2322.408756152314.
[I 2026-03-31 17:44:42,743] Trial 841 finished with value: 2445.513422851306 and parameters: {'alpha_0': 0.0015134274312152663, 'alpha_1': 5.003136178497103e-05, 'alpha_2': 9.550718862269699e-05, 'beta_0': 0.4131101795267039, 'beta_1': 0.8614372764546206, 'beta_2': 0.18754258744091276, 'beta_3': 0.0012562656206912717, 'beta_4': 0.9833294225180438, 'beta_5': 33.946964375925376, 'beta_6': 0.0050006010101222124, 'beta_7': 0.031389342609276165}. Best is trial 663 with value: 2322.408756152314.
[I 2026-03-31 17:44:43,983] Trial 842 finished with value: 2545.2844579159346 and parameters: {'alpha_0': 0.0014338899283328932, 'alpha_1': 5.3345183966350954e-05, 'alpha_2': 9.316544727961979e-05, 'beta_0': 0.43734286159629354, 'beta_1': 0.8869860084759138, 'beta_2': 0.22683147919679889, 'beta_3': 0.0013870314670702188, 'beta_4': 0.9543543598933352, 'beta_5': 39.09127124755846, 'beta_6': 0.01007809184703042, 'beta_7': 0.03268602146472373}. Best is trial 663 with value: 2322.408756152314.
[I 2026-03-31 17:44:45,269] Trial 843 finished with value: 2595.9133464520055 and parameters: {'alpha_0': 0.001587614775249081, 'alpha_1': 5.1800759566310096e-05, 'alpha_2': 9.859861380255144e-05, 'beta_0': 0.4586644230880841, 'beta_1': 0.9136837477887444, 'beta_2': 0.2105228514402702, 'beta_3': 0.0013260468298867544, 'beta_4': 0.9426308954919896, 'beta_5': 35.93109250247044, 'beta_6': 0.013488981897515552, 'beta_7': 0.03321719403439994}. Best is trial 663 with value: 2322.408756152314.
[I 2026-03-31 17:44:46,517] Trial 844 finished with value: 2363.609873414973 and parameters: {'alpha_0': 0.0015326285780299326, 'alpha_1': 5.555221074057841e-05, 'alpha_2': 9.629158094786116e-05, 'beta_0': 0.4884105615701517, 'beta_1': 0.9344781708151173, 'beta_2': 0.19970983467234446, 'beta_3': 0.0011883394853147052, 'beta_4': 1.008111801285635, 'beta_5': 30.100220406939087, 'beta_6': 0.007233564238149858, 'beta_7': 0.03234235937852241}. Best is trial 663 with value: 2322.408756152314.
[I 2026-03-31 17:44:47,816] Trial 845 finished with value: 2458.719706181591 and parameters: {'alpha_0': 0.0016773123583170384, 'alpha_1': 5.367229221414848e-05, 'alpha_2': 9.39583345466709e-05, 'beta_0': 0.4242661436228059, 'beta_1': 0.9461152587972161, 'beta_2': 0.2168740697378532, 'beta_3': 0.0012979396707153005, 'beta_4': 0.8995351553032574, 'beta_5': 37.95726402538334, 'beta_6': 0.011293057658460741, 'beta_7': 0.031509199842827754}. Best is trial 663 with value: 2322.408756152314.
[I 2026-03-31 17:44:49,096] Trial 846 finished with value: 2716.3627957313092 and parameters: {'alpha_0': 0.0014824504698388848, 'alpha_1': 5.205730133956857e-05, 'alpha_2': 9.73071093717401e-05, 'beta_0': 0.45144073752848, 'beta_1': 0.893873170052342, 'beta_2': 0.1877077745974806, 'beta_3': 0.0013987447010143698, 'beta_4': 0.9313916811566697, 'beta_5': 31.620941312584062, 'beta_6': 0.009107308590364946, 'beta_7': 0.03357510944326683}. Best is trial 663 with value: 2322.408756152314.
[I 2026-03-31 17:44:50,338] Trial 847 finished with value: 2353.6811427151465 and parameters: {'alpha_0': 0.0016215281690000777, 'alpha_1': 5.177619216663419e-05, 'alpha_2': 0.00010070047578465182, 'beta_0': 0.4309758765549485, 'beta_1': 0.9210505047672609, 'beta_2': 0.23332394547560165, 'beta_3': 0.0013516247697627258, 'beta_4': 0.9701561418574255, 'beta_5': 34.631458677205174, 'beta_6': 0.01438714794766224, 'beta_7': 0.03225257985072911}. Best is trial 663 with value: 2322.408756152314.
[I 2026-03-31 17:44:51,622] Trial 848 finished with value: 2473.894352192733 and parameters: {'alpha_0': 0.0014051206925760414, 'alpha_1': 5.360268168418342e-05, 'alpha_2': 9.427039359011271e-05, 'beta_0': 0.40790907459896963, 'beta_1': 0.9121116496965995, 'beta_2': 0.1774362643047147, 'beta_3': 0.0012305861158882613, 'beta_4': 0.9591796220145413, 'beta_5': 39.051494922151825, 'beta_6': 0.007940451262545669, 'beta_7': 0.031345050282741496}. Best is trial 663 with value: 2322.408756152314.
[I 2026-03-31 17:44:52,896] Trial 849 finished with value: 2749.242011941733 and parameters: {'alpha_0': 0.001566833262308079, 'alpha_1': 9.486283042388433e-05, 'alpha_2': 9.217052630090564e-05, 'beta_0': 0.4174971252884807, 'beta_1': 0.9385726480972795, 'beta_2': 0.2000102140057971, 'beta_3': 0.001277460725658991, 'beta_4': 0.9152769129988091, 'beta_5': 36.30932837966051, 'beta_6': 0.011719085515807602, 'beta_7': 0.0329184067716778}. Best is trial 663 with value: 2322.408756152314.Best trial: 663. Best value: 2322.41:  85%|████████▍ | 849/1000 [23:02<03:13,  1.28s/it]Best trial: 663. Best value: 2322.41:  85%|████████▍ | 849/1000 [23:02<03:13,  1.28s/it]Best trial: 663. Best value: 2322.41:  85%|████████▌ | 850/1000 [23:02<03:11,  1.28s/it]                                                                                        Best trial: 663. Best value: 2322.41:  85%|████████▌ | 850/1000 [23:03<03:11,  1.28s/it]Best trial: 663. Best value: 2322.41:  85%|████████▌ | 850/1000 [23:03<03:11,  1.28s/it]Best trial: 663. Best value: 2322.41:  85%|████████▌ | 851/1000 [23:03<03:08,  1.26s/it]                                                                                        Best trial: 663. Best value: 2322.41:  85%|████████▌ | 851/1000 [23:04<03:08,  1.26s/it]Best trial: 663. Best value: 2322.41:  85%|████████▌ | 851/1000 [23:04<03:08,  1.26s/it]Best trial: 663. Best value: 2322.41:  85%|████████▌ | 852/1000 [23:04<03:08,  1.27s/it]                                                                                        Best trial: 663. Best value: 2322.41:  85%|████████▌ | 852/1000 [23:06<03:08,  1.27s/it]Best trial: 663. Best value: 2322.41:  85%|████████▌ | 852/1000 [23:06<03:08,  1.27s/it]Best trial: 663. Best value: 2322.41:  85%|████████▌ | 853/1000 [23:06<03:06,  1.27s/it]                                                                                        Best trial: 663. Best value: 2322.41:  85%|████████▌ | 853/1000 [23:07<03:06,  1.27s/it]Best trial: 663. Best value: 2322.41:  85%|████████▌ | 853/1000 [23:07<03:06,  1.27s/it]Best trial: 663. Best value: 2322.41:  85%|████████▌ | 854/1000 [23:07<03:07,  1.28s/it]                                                                                        Best trial: 663. Best value: 2322.41:  85%|████████▌ | 854/1000 [23:08<03:07,  1.28s/it]Best trial: 663. Best value: 2322.41:  85%|████████▌ | 854/1000 [23:08<03:07,  1.28s/it]Best trial: 663. Best value: 2322.41:  86%|████████▌ | 855/1000 [23:08<03:05,  1.28s/it]                                                                                        Best trial: 663. Best value: 2322.41:  86%|████████▌ | 855/1000 [23:10<03:05,  1.28s/it]Best trial: 663. Best value: 2322.41:  86%|████████▌ | 855/1000 [23:10<03:05,  1.28s/it]Best trial: 663. Best value: 2322.41:  86%|████████▌ | 856/1000 [23:10<03:04,  1.28s/it]                                                                                        Best trial: 663. Best value: 2322.41:  86%|████████▌ | 856/1000 [23:11<03:04,  1.28s/it]Best trial: 663. Best value: 2322.41:  86%|████████▌ | 856/1000 [23:11<03:04,  1.28s/it]Best trial: 663. Best value: 2322.41:  86%|████████▌ | 857/1000 [23:11<03:00,  1.26s/it]                                                                                        Best trial: 663. Best value: 2322.41:  86%|████████▌ | 857/1000 [23:12<03:00,  1.26s/it]Best trial: 663. Best value: 2322.41:  86%|████████▌ | 857/1000 [23:12<03:00,  1.26s/it]Best trial: 663. Best value: 2322.41:  86%|████████▌ | 858/1000 [23:12<02:57,  1.25s/it]                                                                                        Best trial: 663. Best value: 2322.41:  86%|████████▌ | 858/1000 [23:13<02:57,  1.25s/it]Best trial: 663. Best value: 2322.41:  86%|████████▌ | 858/1000 [23:13<02:57,  1.25s/it]Best trial: 663. Best value: 2322.41:  86%|████████▌ | 859/1000 [23:13<02:57,  1.26s/it]                                                                                        Best trial: 663. Best value: 2322.41:  86%|████████▌ | 859/1000 [23:14<02:57,  1.26s/it]Best trial: 663. Best value: 2322.41:  86%|████████▌ | 859/1000 [23:14<02:57,  1.26s/it]Best trial: 663. Best value: 2322.41:  86%|████████▌ | 860/1000 [23:14<02:55,  1.25s/it]                                                                                        Best trial: 663. Best value: 2322.41:  86%|████████▌ | 860/1000 [23:16<02:55,  1.25s/it]Best trial: 663. Best value: 2322.41:  86%|████████▌ | 860/1000 [23:16<02:55,  1.25s/it]Best trial: 663. Best value: 2322.41:  86%|████████▌ | 861/1000 [23:16<02:55,  1.26s/it]                                                                                        Best trial: 663. Best value: 2322.41:  86%|████████▌ | 861/1000 [23:17<02:55,  1.26s/it]Best trial: 663. Best value: 2322.41:  86%|████████▌ | 861/1000 [23:17<02:55,  1.26s/it]Best trial: 663. Best value: 2322.41:  86%|████████▌ | 862/1000 [23:17<02:54,  1.26s/it]                                                                                        Best trial: 663. Best value: 2322.41:  86%|████████▌ | 862/1000 [23:18<02:54,  1.26s/it]Best trial: 663. Best value: 2322.41:  86%|████████▌ | 862/1000 [23:18<02:54,  1.26s/it]Best trial: 663. Best value: 2322.41:  86%|████████▋ | 863/1000 [23:18<02:53,  1.27s/it]                                                                                        Best trial: 663. Best value: 2322.41:  86%|████████▋ | 863/1000 [23:20<02:53,  1.27s/it]Best trial: 663. Best value: 2322.41:  86%|████████▋ | 863/1000 [23:20<02:53,  1.27s/it]Best trial: 663. Best value: 2322.41:  86%|████████▋ | 864/1000 [23:20<02:53,  1.28s/it]                                                                                        Best trial: 663. Best value: 2322.41:  86%|████████▋ | 864/1000 [23:21<02:53,  1.28s/it]Best trial: 663. Best value: 2322.41:  86%|████████▋ | 864/1000 [23:21<02:53,  1.28s/it]Best trial: 663. Best value: 2322.41:  86%|████████▋ | 865/1000 [23:21<02:51,  1.27s/it]                                                                                        Best trial: 663. Best value: 2322.41:  86%|████████▋ | 865/1000 [23:22<02:51,  1.27s/it]Best trial: 663. Best value: 2322.41:  86%|████████▋ | 865/1000 [23:22<02:51,  1.27s/it]Best trial: 663. Best value: 2322.41:  87%|████████▋ | 866/1000 [23:22<02:50,  1.27s/it]                                                                                        
[I 2026-03-31 17:44:54,123] Trial 850 finished with value: 2346.948193524727 and parameters: {'alpha_0': 0.00152749110315666, 'alpha_1': 5.001245330188712e-05, 'alpha_2': 9.911115365704238e-05, 'beta_0': 0.43993933590778467, 'beta_1': 0.8815809433671221, 'beta_2': 0.21097506007334085, 'beta_3': 0.0013722063810828753, 'beta_4': 0.9870855259904248, 'beta_5': 21.655788306656266, 'beta_6': 0.007114738501865825, 'beta_7': 0.032077910020052544}. Best is trial 663 with value: 2322.408756152314.
[I 2026-03-31 17:44:55,422] Trial 851 finished with value: 2508.678194577992 and parameters: {'alpha_0': 0.0014661808132124636, 'alpha_1': 5.009566786188252e-05, 'alpha_2': 0.00010389561579311178, 'beta_0': 0.39996880261176027, 'beta_1': 0.8587640502471331, 'beta_2': 0.1943038170777822, 'beta_3': 0.0013935570596285167, 'beta_4': 0.9917305118055529, 'beta_5': 23.921250517634494, 'beta_6': 0.006663448777805134, 'beta_7': 0.031053215970748286}. Best is trial 663 with value: 2322.408756152314.
