[I 2026-03-31 17:40:39,535] Trial 679 finished with value: 2444.25943727449 and parameters: {'alpha_0': 0.0015345914132012062, 'alpha_1': 5.194861874336256e-05, 'alpha_2': 9.078725604837262e-05, 'beta_0': 0.39411352991534465, 'beta_1': 0.9929513679445323, 'beta_2': 0.23243267803445825, 'beta_3': 0.0014778444047454176, 'beta_4': 0.8948473641142546, 'beta_5': 44.55397062566256, 'beta_6': 0.01294068833131411, 'beta_7': 0.031154777049820774}. Best is trial 663 with value: 2322.408756152314.Best trial: 663. Best value: 2322.41:  68%|██████▊   | 679/1000 [18:49<07:13,  1.35s/it]Best trial: 663. Best value: 2322.41:  68%|██████▊   | 679/1000 [18:49<07:13,  1.35s/it]Best trial: 663. Best value: 2322.41:  68%|██████▊   | 680/1000 [18:49<07:06,  1.33s/it]                                                                                        Best trial: 663. Best value: 2322.41:  68%|██████▊   | 680/1000 [18:50<07:06,  1.33s/it]Best trial: 663. Best value: 2322.41:  68%|██████▊   | 680/1000 [18:50<07:06,  1.33s/it]Best trial: 663. Best value: 2322.41:  68%|██████▊   | 681/1000 [18:50<06:57,  1.31s/it]                                                                                        Best trial: 663. Best value: 2322.41:  68%|██████▊   | 681/1000 [18:51<06:57,  1.31s/it]Best trial: 663. Best value: 2322.41:  68%|██████▊   | 681/1000 [18:51<06:57,  1.31s/it]Best trial: 663. Best value: 2322.41:  68%|██████▊   | 682/1000 [18:51<06:52,  1.30s/it]                                                                                        Best trial: 663. Best value: 2322.41:  68%|██████▊   | 682/1000 [18:52<06:52,  1.30s/it]Best trial: 663. Best value: 2322.41:  68%|██████▊   | 682/1000 [18:52<06:52,  1.30s/it]Best trial: 663. Best value: 2322.41:  68%|██████▊   | 683/1000 [18:52<06:47,  1.29s/it]                                                                                        Best trial: 663. Best value: 2322.41:  68%|██████▊   | 683/1000 [18:54<06:47,  1.29s/it]Best trial: 663. Best value: 2322.41:  68%|██████▊   | 683/1000 [18:54<06:47,  1.29s/it]Best trial: 663. Best value: 2322.41:  68%|██████▊   | 684/1000 [18:54<06:47,  1.29s/it]                                                                                        Best trial: 663. Best value: 2322.41:  68%|██████▊   | 684/1000 [19:07<06:47,  1.29s/it]Best trial: 663. Best value: 2322.41:  68%|██████▊   | 684/1000 [19:07<06:47,  1.29s/it]Best trial: 663. Best value: 2322.41:  68%|██████▊   | 685/1000 [19:07<25:46,  4.91s/it]                                                                                        Best trial: 663. Best value: 2322.41:  68%|██████▊   | 685/1000 [19:08<25:46,  4.91s/it]Best trial: 663. Best value: 2322.41:  68%|██████▊   | 685/1000 [19:08<25:46,  4.91s/it]Best trial: 663. Best value: 2322.41:  69%|██████▊   | 686/1000 [19:08<19:55,  3.81s/it]                                                                                        Best trial: 663. Best value: 2322.41:  69%|██████▊   | 686/1000 [19:09<19:55,  3.81s/it]Best trial: 663. Best value: 2322.41:  69%|██████▊   | 686/1000 [19:09<19:55,  3.81s/it]Best trial: 663. Best value: 2322.41:  69%|██████▊   | 687/1000 [19:09<15:54,  3.05s/it]                                                                                        Best trial: 663. Best value: 2322.41:  69%|██████▊   | 687/1000 [19:11<15:54,  3.05s/it]Best trial: 663. Best value: 2322.41:  69%|██████▊   | 687/1000 [19:11<15:54,  3.05s/it]Best trial: 663. Best value: 2322.41:  69%|██████▉   | 688/1000 [19:11<13:02,  2.51s/it]                                                                                        Best trial: 663. Best value: 2322.41:  69%|██████▉   | 688/1000 [19:12<13:02,  2.51s/it]Best trial: 663. Best value: 2322.41:  69%|██████▉   | 688/1000 [19:12<13:02,  2.51s/it]Best trial: 663. Best value: 2322.41:  69%|██████▉   | 689/1000 [19:12<11:05,  2.14s/it]                                                                                        Best trial: 663. Best value: 2322.41:  69%|██████▉   | 689/1000 [19:13<11:05,  2.14s/it]Best trial: 663. Best value: 2322.41:  69%|██████▉   | 689/1000 [19:13<11:05,  2.14s/it]Best trial: 663. Best value: 2322.41:  69%|██████▉   | 690/1000 [19:13<09:41,  1.88s/it]                                                                                        Best trial: 663. Best value: 2322.41:  69%|██████▉   | 690/1000 [19:15<09:41,  1.88s/it]Best trial: 663. Best value: 2322.41:  69%|██████▉   | 690/1000 [19:15<09:41,  1.88s/it]Best trial: 663. Best value: 2322.41:  69%|██████▉   | 691/1000 [19:15<08:57,  1.74s/it]                                                                                        Best trial: 663. Best value: 2322.41:  69%|██████▉   | 691/1000 [19:16<08:57,  1.74s/it]Best trial: 663. Best value: 2322.41:  69%|██████▉   | 691/1000 [19:16<08:57,  1.74s/it]Best trial: 663. Best value: 2322.41:  69%|██████▉   | 692/1000 [19:16<08:15,  1.61s/it]                                                                                        Best trial: 663. Best value: 2322.41:  69%|██████▉   | 692/1000 [19:17<08:15,  1.61s/it]Best trial: 663. Best value: 2322.41:  69%|██████▉   | 692/1000 [19:17<08:15,  1.61s/it]Best trial: 663. Best value: 2322.41:  69%|██████▉   | 693/1000 [19:17<07:49,  1.53s/it]                                                                                        Best trial: 663. Best value: 2322.41:  69%|██████▉   | 693/1000 [19:19<07:49,  1.53s/it]Best trial: 663. Best value: 2322.41:  69%|██████▉   | 693/1000 [19:19<07:49,  1.53s/it]Best trial: 663. Best value: 2322.41:  69%|██████▉   | 694/1000 [19:19<07:21,  1.44s/it]                                                                                        Best trial: 663. Best value: 2322.41:  69%|██████▉   | 694/1000 [19:20<07:21,  1.44s/it]Best trial: 663. Best value: 2322.41:  69%|██████▉   | 694/1000 [19:20<07:21,  1.44s/it]Best trial: 663. Best value: 2322.41:  70%|██████▉   | 695/1000 [19:20<07:03,  1.39s/it]                                                                                        Best trial: 663. Best value: 2322.41:  70%|██████▉   | 695/1000 [19:21<07:03,  1.39s/it]Best trial: 663. Best value: 2322.41:  70%|██████▉   | 695/1000 [19:21<07:03,  1.39s/it]Best trial: 663. Best value: 2322.41:  70%|██████▉   | 696/1000 [19:21<06:49,  1.35s/it]                                                                                        
[I 2026-03-31 17:40:40,781] Trial 680 finished with value: 2360.9070062488113 and parameters: {'alpha_0': 0.0015003636680945367, 'alpha_1': 5.019146273935198e-05, 'alpha_2': 8.621494143618914e-05, 'beta_0': 0.37792243180743335, 'beta_1': 0.9786552654130446, 'beta_2': 0.20186223605186054, 'beta_3': 0.0015396463387870698, 'beta_4': 0.857600608711873, 'beta_5': 42.29043015475463, 'beta_6': 0.018703728713350718, 'beta_7': 0.031998480252422135}. Best is trial 663 with value: 2322.408756152314.
[I 2026-03-31 17:40:42,052] Trial 681 finished with value: 2555.363399504822 and parameters: {'alpha_0': 0.0015960807254368683, 'alpha_1': 5.025208955405588e-05, 'alpha_2': 8.63631105656739e-05, 'beta_0': 0.37758625729756196, 'beta_1': 0.9806931452097507, 'beta_2': 0.21056804343731583, 'beta_3': 0.001545997284920892, 'beta_4': 0.8779819451468722, 'beta_5': 34.01194179529468, 'beta_6': 0.006989952692839975, 'beta_7': 0.030437457562141557}. Best is trial 663 with value: 2322.408756152314.
[I 2026-03-31 17:40:43,310] Trial 682 finished with value: 2430.7670143482947 and parameters: {'alpha_0': 0.00145649157299841, 'alpha_1': 5.007656342078314e-05, 'alpha_2': 8.976690067207289e-05, 'beta_0': 0.4099718574398611, 'beta_1': 0.9757273416263675, 'beta_2': 0.19989813069254958, 'beta_3': 0.0014021764547983032, 'beta_4': 0.8574694224818017, 'beta_5': 42.62087501579433, 'beta_6': 0.018374070599093913, 'beta_7': 0.03181734086114143}. Best is trial 663 with value: 2322.408756152314.
[I 2026-03-31 17:40:44,615] Trial 683 finished with value: 2471.427826676003 and parameters: {'alpha_0': 0.0015093091003371118, 'alpha_1': 5.1536994442983407e-05, 'alpha_2': 8.927126419036359e-05, 'beta_0': 0.38895013946312984, 'beta_1': 0.9931481691235996, 'beta_2': 0.19394304514547478, 'beta_3': 0.0015452035267945153, 'beta_4': 0.8610165246442274, 'beta_5': 38.72267011982661, 'beta_6': 0.018930329200361605, 'beta_7': 0.031254208197163985}. Best is trial 663 with value: 2322.408756152314.
[I 2026-03-31 17:40:57,972] Trial 684 finished with value: 10832.864106248333 and parameters: {'alpha_0': 0.0016558669226209317, 'alpha_1': 5.2075898582903946e-05, 'alpha_2': 8.60024585432132e-05, 'beta_0': 0.38100048090762667, 'beta_1': 0.9531866785393298, 'beta_2': 0.2062202403532323, 'beta_3': 0.001483379298477868, 'beta_4': 0.9498475469742148, 'beta_5': 46.01409409464253, 'beta_6': 0.01591491557169719, 'beta_7': 0.011267579518329266}. Best is trial 663 with value: 2322.408756152314.
[I 2026-03-31 17:40:59,209] Trial 685 finished with value: 2347.9725459344495 and parameters: {'alpha_0': 0.0015462954720667109, 'alpha_1': 5.215751095230497e-05, 'alpha_2': 9.259711384651554e-05, 'beta_0': 0.3847925474016336, 'beta_1': 0.9346817365679381, 'beta_2': 0.22544947422715828, 'beta_3': 0.0015525807549343687, 'beta_4': 0.8761553258978053, 'beta_5': 41.81373709230139, 'beta_6': 0.008084881971126497, 'beta_7': 0.031930422453313796}. Best is trial 663 with value: 2322.408756152314.
[I 2026-03-31 17:41:00,489] Trial 686 finished with value: 2570.1459191071963 and parameters: {'alpha_0': 0.0015689779552503396, 'alpha_1': 5.218371299972965e-05, 'alpha_2': 9.257367983066749e-05, 'beta_0': 0.38999635986524506, 'beta_1': 0.9330997937290375, 'beta_2': 0.22566598797973006, 'beta_3': 0.0015497110743620762, 'beta_4': 0.886929151668725, 'beta_5': 35.35927060922481, 'beta_6': 0.007540661809455489, 'beta_7': 0.030689734116209226}. Best is trial 663 with value: 2322.408756152314.
[I 2026-03-31 17:41:01,727] Trial 687 finished with value: 2401.5907237655165 and parameters: {'alpha_0': 0.0014071853100925881, 'alpha_1': 5.208485820371244e-05, 'alpha_2': 9.166533297193693e-05, 'beta_0': 0.39780359721459857, 'beta_1': 0.9643037476017342, 'beta_2': 0.21820803797165633, 'beta_3': 0.0014990564272796792, 'beta_4': 0.8657993832993583, 'beta_5': 41.370495155728996, 'beta_6': 0.00904747514997093, 'beta_7': 0.03184127001134847}. Best is trial 663 with value: 2322.408756152314.
[I 2026-03-31 17:41:03,015] Trial 688 finished with value: 2457.758502001508 and parameters: {'alpha_0': 0.00152538056008129, 'alpha_1': 5.025295328966596e-05, 'alpha_2': 9.382541044729906e-05, 'beta_0': 0.38565946615388685, 'beta_1': 0.9257289634495132, 'beta_2': 0.2103236326022875, 'beta_3': 0.0015667552106212897, 'beta_4': 0.8752395030098803, 'beta_5': 43.221966413445, 'beta_6': 0.005271474730504825, 'beta_7': 0.03106742670969902}. Best is trial 663 with value: 2322.408756152314.
[I 2026-03-31 17:41:04,275] Trial 689 finished with value: 2411.8552334117217 and parameters: {'alpha_0': 0.0014939955657878772, 'alpha_1': 5.009791623257877e-05, 'alpha_2': 8.737971515199828e-05, 'beta_0': 0.39255606665987136, 'beta_1': 0.9481278083505579, 'beta_2': 0.18750286623477916, 'beta_3': 0.001435527976666475, 'beta_4': 0.9190928119590731, 'beta_5': 44.759853113872275, 'beta_6': 0.010606522598398999, 'beta_7': 0.03194550110338888}. Best is trial 663 with value: 2322.408756152314.
[I 2026-03-31 17:41:05,700] Trial 690 finished with value: 2611.565353309465 and parameters: {'alpha_0': 0.0015353842553254822, 'alpha_1': 5.006336992797881e-05, 'alpha_2': 9.098805183265781e-05, 'beta_0': 0.3811851653663158, 'beta_1': 1.0031338438040318, 'beta_2': 0.18945829084260102, 'beta_3': 0.0015494818061619726, 'beta_4': 0.8995736009989317, 'beta_5': 38.41247734847471, 'beta_6': 0.014230856743748325, 'beta_7': 0.029707189992883097}. Best is trial 663 with value: 2322.408756152314.
[I 2026-03-31 17:41:06,995] Trial 691 finished with value: 2508.457590318438 and parameters: {'alpha_0': 0.0015821561072785987, 'alpha_1': 5.285635979240699e-05, 'alpha_2': 8.458425821507839e-05, 'beta_0': 0.40556051611964195, 'beta_1': 0.9903944993617283, 'beta_2': 0.2182662687311716, 'beta_3': 0.0015258114730352036, 'beta_4': 0.857753482297005, 'beta_5': 41.873881057074044, 'beta_6': 0.018361470163653797, 'beta_7': 0.0313617670761989}. Best is trial 663 with value: 2322.408756152314.
[I 2026-03-31 17:41:08,338] Trial 692 finished with value: 2429.2366687701533 and parameters: {'alpha_0': 0.001468352566060684, 'alpha_1': 5.28764259762634e-05, 'alpha_2': 8.832391929344535e-05, 'beta_0': 0.3719210230771637, 'beta_1': 0.9759499091327284, 'beta_2': 0.20236048658927658, 'beta_3': 0.0014743267819185687, 'beta_4': 0.8537773776835328, 'beta_5': 47.76679881437307, 'beta_6': 0.012159396175699387, 'beta_7': 0.030264732566460277}. Best is trial 663 with value: 2322.408756152314.
[I 2026-03-31 17:41:09,585] Trial 693 finished with value: 2339.492055976235 and parameters: {'alpha_0': 0.0015565947941678002, 'alpha_1': 5.2108560640657146e-05, 'alpha_2': 9.002956948415882e-05, 'beta_0': 0.3784857559364689, 'beta_1': 0.9628031952930571, 'beta_2': 0.18762462123298596, 'beta_3': 0.0015355139937754756, 'beta_4': 0.884229803631394, 'beta_5': 41.22183008924538, 'beta_6': 0.01544191885791326, 'beta_7': 0.03211063622967311}. Best is trial 663 with value: 2322.408756152314.
[I 2026-03-31 17:41:10,841] Trial 694 finished with value: 2336.673559431526 and parameters: {'alpha_0': 0.0015489800705447575, 'alpha_1': 5.177578391914244e-05, 'alpha_2': 9.552422770567733e-05, 'beta_0': 0.38563510838590165, 'beta_1': 0.8936302096427486, 'beta_2': 0.18499163514008246, 'beta_3': 0.001528221258378077, 'beta_4': 0.8792188446831404, 'beta_5': 41.45404458032437, 'beta_6': 0.014833176802978477, 'beta_7': 0.032102226359083594}. Best is trial 663 with value: 2322.408756152314.
[I 2026-03-31 17:41:12,095] Trial 695 finished with value: 2482.954863951557 and parameters: {'alpha_0': 0.0016185604639687072, 'alpha_1': 5.242075741160727e-05, 'alpha_2': 9.45178466176651e-05, 'beta_0': 0.3960055769733695, 'beta_1': 0.9633777270283636, 'beta_2': 0.1965582341083255, 'beta_3': 0.0015281003784682944, 'beta_4': 0.8882356069173695, 'beta_5': 40.01675897194282, 'beta_6': 0.015445434211190875, 'beta_7': 0.03220892018909713}. Best is trial 663 with value: 2322.408756152314.
[I 2026-03-31 17:41:14,010] Trial 696 finished with value: 9133.554781410208 and parameters: {'alpha_0': 0.001553912762933582, 'alpha_1': 5.154966906998727e-05, 'alpha_2': 9.690497079321645e-05, 'beta_0': 0.4063492644523685, 'beta_1': 0.878312458409083, 'beta_2': 0.18596720390882088, 'beta_3': 0.0014995331369283982, 'beta_4': 0.9069151519193459, 'beta_5': 36.71021281797958, 'beta_6': 0.01647025902600292, 'beta_7': 0.02440196921928718}. Best is trial 663 with value: 2322.408756152314.Best trial: 663. Best value: 2322.41:  70%|██████▉   | 696/1000 [19:23<06:49,  1.35s/it]Best trial: 663. Best value: 2322.41:  70%|██████▉   | 696/1000 [19:23<06:49,  1.35s/it]Best trial: 663. Best value: 2322.41:  70%|██████▉   | 697/1000 [19:23<07:39,  1.52s/it]                                                                                        Best trial: 663. Best value: 2322.41:  70%|██████▉   | 697/1000 [19:24<07:39,  1.52s/it]Best trial: 663. Best value: 2322.41:  70%|██████▉   | 697/1000 [19:24<07:39,  1.52s/it]Best trial: 663. Best value: 2322.41:  70%|██████▉   | 698/1000 [19:24<07:16,  1.45s/it]                                                                                        Best trial: 663. Best value: 2322.41:  70%|██████▉   | 698/1000 [19:26<07:16,  1.45s/it]Best trial: 663. Best value: 2322.41:  70%|██████▉   | 698/1000 [19:26<07:16,  1.45s/it]Best trial: 663. Best value: 2322.41:  70%|██████▉   | 699/1000 [19:26<06:57,  1.39s/it]                                                                                        Best trial: 663. Best value: 2322.41:  70%|██████▉   | 699/1000 [19:27<06:57,  1.39s/it]Best trial: 663. Best value: 2322.41:  70%|██████▉   | 699/1000 [19:27<06:57,  1.39s/it]Best trial: 663. Best value: 2322.41:  70%|███████   | 700/1000 [19:27<06:47,  1.36s/it]                                                                                        Best trial: 663. Best value: 2322.41:  70%|███████   | 700/1000 [19:28<06:47,  1.36s/it]Best trial: 663. Best value: 2322.41:  70%|███████   | 700/1000 [19:28<06:47,  1.36s/it]Best trial: 663. Best value: 2322.41:  70%|███████   | 701/1000 [19:28<06:36,  1.33s/it]                                                                                        Best trial: 663. Best value: 2322.41:  70%|███████   | 701/1000 [19:29<06:36,  1.33s/it]Best trial: 663. Best value: 2322.41:  70%|███████   | 701/1000 [19:29<06:36,  1.33s/it]Best trial: 663. Best value: 2322.41:  70%|███████   | 702/1000 [19:29<06:30,  1.31s/it]                                                                                        Best trial: 663. Best value: 2322.41:  70%|███████   | 702/1000 [19:31<06:30,  1.31s/it]Best trial: 663. Best value: 2322.41:  70%|███████   | 702/1000 [19:31<06:30,  1.31s/it]Best trial: 663. Best value: 2322.41:  70%|███████   | 703/1000 [19:31<06:23,  1.29s/it]                                                                                        Best trial: 663. Best value: 2322.41:  70%|███████   | 703/1000 [19:32<06:23,  1.29s/it]Best trial: 663. Best value: 2322.41:  70%|███████   | 703/1000 [19:32<06:23,  1.29s/it]Best trial: 663. Best value: 2322.41:  70%|███████   | 704/1000 [19:32<06:20,  1.28s/it]                                                                                        Best trial: 663. Best value: 2322.41:  70%|███████   | 704/1000 [19:33<06:20,  1.28s/it]Best trial: 663. Best value: 2322.41:  70%|███████   | 704/1000 [19:33<06:20,  1.28s/it]Best trial: 663. Best value: 2322.41:  70%|███████   | 705/1000 [19:33<06:16,  1.28s/it]                                                                                        Best trial: 663. Best value: 2322.41:  70%|███████   | 705/1000 [19:34<06:16,  1.28s/it]Best trial: 663. Best value: 2322.41:  70%|███████   | 705/1000 [19:34<06:16,  1.28s/it]Best trial: 663. Best value: 2322.41:  71%|███████   | 706/1000 [19:34<06:13,  1.27s/it]                                                                                        Best trial: 663. Best value: 2322.41:  71%|███████   | 706/1000 [19:36<06:13,  1.27s/it]Best trial: 663. Best value: 2322.41:  71%|███████   | 706/1000 [19:36<06:13,  1.27s/it]Best trial: 663. Best value: 2322.41:  71%|███████   | 707/1000 [19:36<06:12,  1.27s/it]                                                                                        Best trial: 663. Best value: 2322.41:  71%|███████   | 707/1000 [19:37<06:12,  1.27s/it]Best trial: 663. Best value: 2322.41:  71%|███████   | 707/1000 [19:37<06:12,  1.27s/it]Best trial: 663. Best value: 2322.41:  71%|███████   | 708/1000 [19:37<06:10,  1.27s/it]                                                                                        Best trial: 663. Best value: 2322.41:  71%|███████   | 708/1000 [19:38<06:10,  1.27s/it]Best trial: 663. Best value: 2322.41:  71%|███████   | 708/1000 [19:38<06:10,  1.27s/it]Best trial: 663. Best value: 2322.41:  71%|███████   | 709/1000 [19:38<06:08,  1.26s/it]                                                                                        Best trial: 663. Best value: 2322.41:  71%|███████   | 709/1000 [19:39<06:08,  1.26s/it]Best trial: 663. Best value: 2322.41:  71%|███████   | 709/1000 [19:39<06:08,  1.26s/it]Best trial: 663. Best value: 2322.41:  71%|███████   | 710/1000 [19:39<06:07,  1.27s/it]                                                                                        Best trial: 663. Best value: 2322.41:  71%|███████   | 710/1000 [19:41<06:07,  1.27s/it]Best trial: 663. Best value: 2322.41:  71%|███████   | 710/1000 [19:41<06:07,  1.27s/it]Best trial: 663. Best value: 2322.41:  71%|███████   | 711/1000 [19:41<06:07,  1.27s/it]                                                                                        Best trial: 663. Best value: 2322.41:  71%|███████   | 711/1000 [19:42<06:07,  1.27s/it]Best trial: 663. Best value: 2322.41:  71%|███████   | 711/1000 [19:42<06:07,  1.27s/it]Best trial: 663. Best value: 2322.41:  71%|███████   | 712/1000 [19:42<06:04,  1.26s/it]                                                                                        Best trial: 663. Best value: 2322.41:  71%|███████   | 712/1000 [19:43<06:04,  1.26s/it]Best trial: 663. Best value: 2322.41:  71%|███████   | 712/1000 [19:43<06:04,  1.26s/it]Best trial: 663. Best value: 2322.41:  71%|███████▏  | 713/1000 [19:43<06:03,  1.27s/it]                                                                                        
[I 2026-03-31 17:41:15,290] Trial 697 finished with value: 2527.8203909490076 and parameters: {'alpha_0': 0.0016113780966838342, 'alpha_1': 5.0239435617860656e-05, 'alpha_2': 9.020505632225507e-05, 'beta_0': 0.38835234081592235, 'beta_1': 0.887009769893907, 'beta_2': 0.18483674816141507, 'beta_3': 0.001560968894996904, 'beta_4': 0.8764131761571577, 'beta_5': 42.12410086829919, 'beta_6': 0.012173588823122776, 'beta_7': 0.03144113324502797}. Best is trial 663 with value: 2322.408756152314.
[I 2026-03-31 17:41:16,540] Trial 698 finished with value: 2467.821090617991 and parameters: {'alpha_0': 0.0015553175072261396, 'alpha_1': 5.1861123091116486e-05, 'alpha_2': 9.621088731711344e-05, 'beta_0': 0.38624311071181705, 'beta_1': 0.9505051019164611, 'beta_2': 0.2095713967015546, 'beta_3': 0.00141802074515135, 'beta_4': 0.8902549792781738, 'beta_5': 39.86510090587949, 'beta_6': 0.008981127329540217, 'beta_7': 0.03238958437950393}. Best is trial 663 with value: 2322.408756152314.
