[I 2026-03-31 17:30:34,117] Trial 291 finished with value: 2682.4450328163316 and parameters: {'alpha_0': 0.0009316614311985581, 'alpha_1': 5.44822684721555e-05, 'alpha_2': 5.988168386675966e-05, 'beta_0': 0.34268404888226206, 'beta_1': 1.0451562065044788, 'beta_2': 0.1467059774178185, 'beta_3': 0.0017612687390476665, 'beta_4': 0.7682967250935525, 'beta_5': 61.45691026666742, 'beta_6': 0.03150476488911872, 'beta_7': 0.03377297945408214}. Best is trial 175 with value: 2367.0380894697555.
[I 2026-03-31 17:30:35,362] Trial 292 finished with value: 2382.3644438972915 and parameters: {'alpha_0': 0.0010084428279296435, 'alpha_1': 6.0584098817156675e-05, 'alpha_2': 6.54448155526782e-05, 'beta_0': 0.3046346165605778, 'beta_1': 1.085894674375347, 'beta_2': 0.11672670835749893, 'beta_3': 0.0016577531518875708, 'beta_4': 0.8019938486515421, 'beta_5': 66.09629056839961, 'beta_6': 0.028408725223061218, 'beta_7': 0.031792268586179506}. Best is trial 175 with value: 2367.0380894697555.
[I 2026-03-31 17:30:36,629] Trial 293 finished with value: 2672.3409555873613 and parameters: {'alpha_0': 0.0010651043584538925, 'alpha_1': 6.234589903651774e-05, 'alpha_2': 6.684415598948617e-05, 'beta_0': 0.3141023874236433, 'beta_1': 1.0879529602911593, 'beta_2': 0.11624714837365833, 'beta_3': 0.0016179760634096431, 'beta_4': 0.816140990796138, 'beta_5': 66.85192058297788, 'beta_6': 0.04180540506876517, 'beta_7': 0.03309920540473615}. Best is trial 175 with value: 2367.0380894697555.
[I 2026-03-31 17:30:37,872] Trial 294 finished with value: 2396.330915396643 and parameters: {'alpha_0': 0.001009963470625743, 'alpha_1': 6.0191139944700387e-05, 'alpha_2': 6.517010832572583e-05, 'beta_0': 0.301757303181668, 'beta_1': 1.0804571210053806, 'beta_2': 0.10550360955190338, 'beta_3': 0.0016599987173085147, 'beta_4': 0.8018931685961352, 'beta_5': 64.78570059240106, 'beta_6': 0.033829474736978116, 'beta_7': 0.03180929402510792}. Best is trial 175 with value: 2367.0380894697555.
[I 2026-03-31 17:30:39,129] Trial 295 finished with value: 2813.8100553841273 and parameters: {'alpha_0': 0.0010258111576929609, 'alpha_1': 6.095615392186782e-05, 'alpha_2': 6.471986080048658e-05, 'beta_0': 0.30707053844803706, 'beta_1': 1.0669334768368663, 'beta_2': 0.11167947628253062, 'beta_3': 0.0016721666365916276, 'beta_4': 0.8073469834660333, 'beta_5': 67.47345278586094, 'beta_6': 0.035023999038843574, 'beta_7': 0.032517215603497414}. Best is trial 175 with value: 2367.0380894697555.
[I 2026-03-31 17:30:48,468] Trial 296 finished with value: 8334.822140165474 and parameters: {'alpha_0': 0.0009875135204293485, 'alpha_1': 6.029204113927462e-05, 'alpha_2': 6.379247389514566e-05, 'beta_0': 0.3020294893979046, 'beta_1': 1.0845244675093053, 'beta_2': 0.1175451803805254, 'beta_3': 0.0015938262186242808, 'beta_4': 0.747672450133852, 'beta_5': 69.79569861260792, 'beta_6': 0.03798327779397669, 'beta_7': 0.02001411304598828}. Best is trial 175 with value: 2367.0380894697555.
[I 2026-03-31 17:30:49,731] Trial 297 finished with value: 2508.7168931445667 and parameters: {'alpha_0': 0.0010760662607339833, 'alpha_1': 6.537068326180893e-05, 'alpha_2': 6.851236042297319e-05, 'beta_0': 0.30265740534563934, 'beta_1': 1.10514307712074, 'beta_2': 0.10033705258045016, 'beta_3': 0.0016555200170502665, 'beta_4': 0.836237624627099, 'beta_5': 65.12699367531116, 'beta_6': 0.034103200902322515, 'beta_7': 0.03200691798241537}. Best is trial 175 with value: 2367.0380894697555.
[I 2026-03-31 17:30:51,018] Trial 298 finished with value: 2509.3168827709396 and parameters: {'alpha_0': 0.001018495125076826, 'alpha_1': 6.391524631909132e-05, 'alpha_2': 6.518379887167786e-05, 'beta_0': 0.3062500483041231, 'beta_1': 1.0744601681009116, 'beta_2': 0.10765864068103947, 'beta_3': 0.0016940196232862607, 'beta_4': 0.7777623082124574, 'beta_5': 66.13198710335926, 'beta_6': 0.029659320751573553, 'beta_7': 0.03100773163295278}. Best is trial 175 with value: 2367.0380894697555.
[I 2026-03-31 17:30:52,291] Trial 299 finished with value: 2933.4465502987696 and parameters: {'alpha_0': 0.0009930337657089083, 'alpha_1': 6.734179748318979e-05, 'alpha_2': 6.254407598258115e-05, 'beta_0': 0.32566336583603867, 'beta_1': 1.1204118142232686, 'beta_2': 0.1257089210835073, 'beta_3': 0.0016264519903291287, 'beta_4': 0.818789439915593, 'beta_5': 63.86469529884745, 'beta_6': 0.033147252437670284, 'beta_7': 0.03278142845781876}. Best is trial 175 with value: 2367.0380894697555.
[I 2026-03-31 17:30:53,538] Trial 300 finished with value: 2495.845649839886 and parameters: {'alpha_0': 0.001112952681499674, 'alpha_1': 5.877644569333816e-05, 'alpha_2': 8.28986136971575e-05, 'beta_0': 0.298330904900544, 'beta_1': 1.0539862979740955, 'beta_2': 0.10029189960381554, 'beta_3': 0.0018010038726995676, 'beta_4': 0.8014450772724832, 'beta_5': 68.90564512547135, 'beta_6': 0.024893432376634342, 'beta_7': 0.03191302694185324}. Best is trial 175 with value: 2367.0380894697555.
[I 2026-03-31 17:30:54,797] Trial 301 finished with value: 2529.6649011987565 and parameters: {'alpha_0': 0.0009559673546043264, 'alpha_1': 6.036147830485754e-05, 'alpha_2': 6.729470776300515e-05, 'beta_0': 0.31724706961348476, 'beta_1': 1.088518458959253, 'beta_2': 0.1271194919116675, 'beta_3': 0.0018397247238464962, 'beta_4': 0.7661353961487853, 'beta_5': 63.88908982960458, 'beta_6': 0.03630917828880516, 'beta_7': 0.030739801780007774}. Best is trial 175 with value: 2367.0380894697555.
[I 2026-03-31 17:30:56,295] Trial 302 finished with value: 13202.404200757599 and parameters: {'alpha_0': 0.001055962156509777, 'alpha_1': 5.7796895797629854e-05, 'alpha_2': 6.555313051264431e-05, 'beta_0': 0.36288005079614366, 'beta_1': 1.1030010485157895, 'beta_2': 0.11508545593920283, 'beta_3': 0.001712624177332164, 'beta_4': 0.7849336083918922, 'beta_5': 66.10373510138902, 'beta_6': 0.11871741385484391, 'beta_7': 0.026054026438143325}. Best is trial 175 with value: 2367.0380894697555.
[I 2026-03-31 17:30:57,571] Trial 303 finished with value: 2575.2543365652828 and parameters: {'alpha_0': 0.0010152720898252878, 'alpha_1': 6.344903398434314e-05, 'alpha_2': 7.009722714301588e-05, 'beta_0': 0.32813071834755375, 'beta_1': 1.145480971177229, 'beta_2': 0.12974697798029228, 'beta_3': 0.0002622292184015078, 'beta_4': 0.7214564512899622, 'beta_5': 70.7821093433811, 'beta_6': 0.029169568224077916, 'beta_7': 0.03173876985739284}. Best is trial 175 with value: 2367.0380894697555.
[I 2026-03-31 17:30:58,877] Trial 304 finished with value: 2688.890459649798 and parameters: {'alpha_0': 0.0009584719734170636, 'alpha_1': 5.9432408046332735e-05, 'alpha_2': 6.33276048370683e-05, 'beta_0': 0.2817812036535415, 'beta_1': 1.1278382026212708, 'beta_2': 0.12279485381604001, 'beta_3': 0.0016733850125024198, 'beta_4': 0.7543449015478781, 'beta_5': 63.22919096034839, 'beta_6': 0.04057097503801993, 'beta_7': 0.033385824337761424}. Best is trial 175 with value: 2367.0380894697555.
[I 2026-03-31 17:31:00,129] Trial 305 finished with value: 2637.2062136613185 and parameters: {'alpha_0': 0.0008756365897050033, 'alpha_1': 7.64800525491686e-05, 'alpha_2': 6.138271577365223e-05, 'beta_0': 0.3533044926028635, 'beta_1': 1.374247598245217, 'beta_2': 0.13668849440765907, 'beta_3': 0.0016540253676788036, 'beta_4': 0.8284904263526507, 'beta_5': 68.04576815292586, 'beta_6': 0.03284734146600599, 'beta_7': 0.032415173927739196}. Best is trial 175 with value: 2367.0380894697555.Best trial: 175. Best value: 2367.04:  30%|███       | 305/1000 [09:09<16:49,  1.45s/it]Best trial: 175. Best value: 2367.04:  30%|███       | 305/1000 [09:09<16:49,  1.45s/it]Best trial: 175. Best value: 2367.04:  31%|███       | 306/1000 [09:09<16:06,  1.39s/it]                                                                                        Best trial: 175. Best value: 2367.04:  31%|███       | 306/1000 [09:10<16:06,  1.39s/it]Best trial: 175. Best value: 2367.04:  31%|███       | 306/1000 [09:10<16:06,  1.39s/it]Best trial: 175. Best value: 2367.04:  31%|███       | 307/1000 [09:10<15:46,  1.37s/it]                                                                                        Best trial: 175. Best value: 2367.04:  31%|███       | 307/1000 [09:12<15:46,  1.37s/it]Best trial: 175. Best value: 2367.04:  31%|███       | 307/1000 [09:12<15:46,  1.37s/it]Best trial: 175. Best value: 2367.04:  31%|███       | 308/1000 [09:12<15:16,  1.32s/it]                                                                                        Best trial: 175. Best value: 2367.04:  31%|███       | 308/1000 [09:13<15:16,  1.32s/it]Best trial: 175. Best value: 2367.04:  31%|███       | 308/1000 [09:13<15:16,  1.32s/it]Best trial: 175. Best value: 2367.04:  31%|███       | 309/1000 [09:13<14:58,  1.30s/it]                                                                                        Best trial: 175. Best value: 2367.04:  31%|███       | 309/1000 [09:14<14:58,  1.30s/it]Best trial: 175. Best value: 2367.04:  31%|███       | 309/1000 [09:14<14:58,  1.30s/it]Best trial: 175. Best value: 2367.04:  31%|███       | 310/1000 [09:14<14:55,  1.30s/it]                                                                                        Best trial: 175. Best value: 2367.04:  31%|███       | 310/1000 [09:15<14:55,  1.30s/it]Best trial: 175. Best value: 2367.04:  31%|███       | 310/1000 [09:15<14:55,  1.30s/it]Best trial: 175. Best value: 2367.04:  31%|███       | 311/1000 [09:15<14:52,  1.29s/it]                                                                                        Best trial: 175. Best value: 2367.04:  31%|███       | 311/1000 [09:17<14:52,  1.29s/it]Best trial: 175. Best value: 2367.04:  31%|███       | 311/1000 [09:17<14:52,  1.29s/it]Best trial: 175. Best value: 2367.04:  31%|███       | 312/1000 [09:17<14:51,  1.30s/it]                                                                                        Best trial: 175. Best value: 2367.04:  31%|███       | 312/1000 [09:18<14:51,  1.30s/it]Best trial: 175. Best value: 2367.04:  31%|███       | 312/1000 [09:18<14:51,  1.30s/it]Best trial: 175. Best value: 2367.04:  31%|███▏      | 313/1000 [09:18<14:57,  1.31s/it]                                                                                        Best trial: 175. Best value: 2367.04:  31%|███▏      | 313/1000 [09:19<14:57,  1.31s/it]Best trial: 175. Best value: 2367.04:  31%|███▏      | 313/1000 [09:19<14:57,  1.31s/it]Best trial: 175. Best value: 2367.04:  31%|███▏      | 314/1000 [09:19<14:46,  1.29s/it]                                                                                        Best trial: 175. Best value: 2367.04:  31%|███▏      | 314/1000 [09:21<14:46,  1.29s/it]Best trial: 175. Best value: 2367.04:  31%|███▏      | 314/1000 [09:21<14:46,  1.29s/it]Best trial: 175. Best value: 2367.04:  32%|███▏      | 315/1000 [09:21<14:41,  1.29s/it]                                                                                        Best trial: 175. Best value: 2367.04:  32%|███▏      | 315/1000 [09:22<14:41,  1.29s/it]Best trial: 175. Best value: 2367.04:  32%|███▏      | 315/1000 [09:22<14:41,  1.29s/it]Best trial: 175. Best value: 2367.04:  32%|███▏      | 316/1000 [09:22<14:30,  1.27s/it]                                                                                        Best trial: 175. Best value: 2367.04:  32%|███▏      | 316/1000 [09:23<14:30,  1.27s/it]Best trial: 175. Best value: 2367.04:  32%|███▏      | 316/1000 [09:23<14:30,  1.27s/it]Best trial: 175. Best value: 2367.04:  32%|███▏      | 317/1000 [09:23<14:34,  1.28s/it]                                                                                        Best trial: 175. Best value: 2367.04:  32%|███▏      | 317/1000 [09:24<14:34,  1.28s/it]Best trial: 175. Best value: 2367.04:  32%|███▏      | 317/1000 [09:24<14:34,  1.28s/it]Best trial: 175. Best value: 2367.04:  32%|███▏      | 318/1000 [09:24<14:32,  1.28s/it]                                                                                        Best trial: 175. Best value: 2367.04:  32%|███▏      | 318/1000 [09:26<14:32,  1.28s/it]Best trial: 175. Best value: 2367.04:  32%|███▏      | 318/1000 [09:26<14:32,  1.28s/it]Best trial: 175. Best value: 2367.04:  32%|███▏      | 319/1000 [09:26<14:33,  1.28s/it]                                                                                        Best trial: 175. Best value: 2367.04:  32%|███▏      | 319/1000 [09:27<14:33,  1.28s/it]Best trial: 175. Best value: 2367.04:  32%|███▏      | 319/1000 [09:27<14:33,  1.28s/it]Best trial: 175. Best value: 2367.04:  32%|███▏      | 320/1000 [09:27<14:24,  1.27s/it]                                                                                        Best trial: 175. Best value: 2367.04:  32%|███▏      | 320/1000 [09:28<14:24,  1.27s/it]Best trial: 175. Best value: 2367.04:  32%|███▏      | 320/1000 [09:28<14:24,  1.27s/it]Best trial: 175. Best value: 2367.04:  32%|███▏      | 321/1000 [09:28<14:23,  1.27s/it]                                                                                        Best trial: 175. Best value: 2367.04:  32%|███▏      | 321/1000 [09:30<14:23,  1.27s/it]Best trial: 175. Best value: 2367.04:  32%|███▏      | 321/1000 [09:30<14:23,  1.27s/it]Best trial: 175. Best value: 2367.04:  32%|███▏      | 322/1000 [09:30<14:18,  1.27s/it]                                                                                        
[I 2026-03-31 17:31:01,430] Trial 306 finished with value: 2526.0756908474013 and parameters: {'alpha_0': 0.0007864015181544855, 'alpha_1': 6.149192874695561e-05, 'alpha_2': 6.56210375085552e-05, 'beta_0': 0.310222418650827, 'beta_1': 1.0669607723420935, 'beta_2': 0.108108754962822, 'beta_3': 0.0015989470688335646, 'beta_4': 0.8052841368088425, 'beta_5': 79.21818841901037, 'beta_6': 0.035431077484881925, 'beta_7': 0.03139217119842407}. Best is trial 175 with value: 2367.0380894697555.
[I 2026-03-31 17:31:02,661] Trial 307 finished with value: 2620.9317248853613 and parameters: {'alpha_0': 0.0008998857727740777, 'alpha_1': 5.616917277969028e-05, 'alpha_2': 6.864041919040986e-05, 'beta_0': 0.3222556507529924, 'beta_1': 1.090152635239401, 'beta_2': 0.11810182735661577, 'beta_3': 0.0017703487261274203, 'beta_4': 0.7755659820330332, 'beta_5': 53.34231260175831, 'beta_6': 0.038151172160619654, 'beta_7': 0.03436313818789641}. Best is trial 175 with value: 2367.0380894697555.
[I 2026-03-31 17:31:03,905] Trial 308 finished with value: 2616.204133731157 and parameters: {'alpha_0': 0.0009706009808379716, 'alpha_1': 5.780575530078218e-05, 'alpha_2': 8.452211050265638e-05, 'beta_0': 0.33197127685022354, 'beta_1': 1.0545751314562064, 'beta_2': 0.13344513918994239, 'beta_3': 0.0013379259492261788, 'beta_4': 0.7929960680863276, 'beta_5': 56.61774930077125, 'beta_6': 0.08695417234740044, 'beta_7': 0.03216876266422313}. Best is trial 175 with value: 2367.0380894697555.
[I 2026-03-31 17:31:05,197] Trial 309 finished with value: 2525.7687228820228 and parameters: {'alpha_0': 0.0008409459218497676, 'alpha_1': 5.441296366938975e-05, 'alpha_2': 6.35772269694466e-05, 'beta_0': 0.29783045206561365, 'beta_1': 1.0767601964358076, 'beta_2': 0.14285739213809293, 'beta_3': 0.0017311706038163153, 'beta_4': 0.8437442770128946, 'beta_5': 62.191040514934244, 'beta_6': 0.026625128052129396, 'beta_7': 0.03063587950439734}. Best is trial 175 with value: 2367.0380894697555.
[I 2026-03-31 17:31:06,484] Trial 310 finished with value: 2627.1311080507953 and parameters: {'alpha_0': 0.0010357695669227442, 'alpha_1': 5.6296522113859204e-05, 'alpha_2': 6.745266619171344e-05, 'beta_0': 0.34525308681251504, 'beta_1': 1.113294591730302, 'beta_2': 0.12647988130825388, 'beta_3': 0.0016969810449909844, 'beta_4': 0.8191914762160879, 'beta_5': 64.42777741623563, 'beta_6': 0.02190069725428183, 'beta_7': 0.033005594228794365}. Best is trial 175 with value: 2367.0380894697555.
[I 2026-03-31 17:31:07,782] Trial 311 finished with value: 2593.246211534558 and parameters: {'alpha_0': 0.00078340210677216, 'alpha_1': 5.855947552259266e-05, 'alpha_2': 6.117376058199229e-05, 'beta_0': 0.3139955220057537, 'beta_1': 1.0375872242548234, 'beta_2': 0.15349715404270384, 'beta_3': 0.0018239221695975916, 'beta_4': 0.7440710737927201, 'beta_5': 58.85512711653214, 'beta_6': 0.03117565648936632, 'beta_7': 0.03012088269744257}. Best is trial 175 with value: 2367.0380894697555.
[I 2026-03-31 17:31:09,115] Trial 312 finished with value: 2586.972857701684 and parameters: {'alpha_0': 0.0010984707029141644, 'alpha_1': 6.166651311227888e-05, 'alpha_2': 6.375082424678032e-05, 'beta_0': 0.29049592647814465, 'beta_1': 1.130876272051262, 'beta_2': 0.11599967425945001, 'beta_3': 0.0016417865106158594, 'beta_4': 0.7620548236098112, 'beta_5': 95.68716840599629, 'beta_6': 0.03349143428138799, 'beta_7': 0.031424276410136946}. Best is trial 175 with value: 2367.0380894697555.
[I 2026-03-31 17:31:10,373] Trial 313 finished with value: 2417.0774607603335 and parameters: {'alpha_0': 0.000950153894340195, 'alpha_1': 5.364862038344715e-05, 'alpha_2': 6.586573405251007e-05, 'beta_0': 0.33922828313577047, 'beta_1': 1.1510527392752223, 'beta_2': 0.1364034525605336, 'beta_3': 0.0008665317407682309, 'beta_4': 0.7796757198769154, 'beta_5': 62.3322887814481, 'beta_6': 0.0160240111277647, 'beta_7': 0.03251675312171593}. Best is trial 175 with value: 2367.0380894697555.
[I 2026-03-31 17:31:11,646] Trial 314 finished with value: 2791.5446249624692 and parameters: {'alpha_0': 0.0011506160860798851, 'alpha_1': 5.020684782759719e-05, 'alpha_2': 6.664861334050552e-05, 'beta_0': 0.3513426440287503, 'beta_1': 1.1519999770144793, 'beta_2': 0.13414162743186042, 'beta_3': 0.0009191944418939374, 'beta_4': 0.7790286246247888, 'beta_5': 66.10182541272891, 'beta_6': 0.017873543192877112, 'beta_7': 0.033551316830610384}. Best is trial 175 with value: 2367.0380894697555.
[I 2026-03-31 17:31:12,884] Trial 315 finished with value: 2432.6126447024244 and parameters: {'alpha_0': 0.0009474724930822293, 'alpha_1': 5.3939077190220205e-05, 'alpha_2': 6.96502458019487e-05, 'beta_0': 0.3422216434571186, 'beta_1': 1.1671294016129534, 'beta_2': 0.1399427585990355, 'beta_3': 0.0007760118308785052, 'beta_4': 0.7668745037990119, 'beta_5': 87.29260120459814, 'beta_6': 0.04183409483440508, 'beta_7': 0.03273235026269395}. Best is trial 175 with value: 2367.0380894697555.
[I 2026-03-31 17:31:14,184] Trial 316 finished with value: 2392.6917163123862 and parameters: {'alpha_0': 0.0009144688256008282, 'alpha_1': 5.257955351630806e-05, 'alpha_2': 7.031024144421762e-05, 'beta_0': 0.36229207025228227, 'beta_1': 1.3449360333426683, 'beta_2': 0.14569146050586648, 'beta_3': 0.0007460429813802368, 'beta_4': 0.7524262512909299, 'beta_5': 55.341671680413356, 'beta_6': 0.04343084334321864, 'beta_7': 0.03281996895147223}. Best is trial 175 with value: 2367.0380894697555.
[I 2026-03-31 17:31:15,462] Trial 317 finished with value: 2626.983488606823 and parameters: {'alpha_0': 0.0008142867636273075, 'alpha_1': 5.252446382677979e-05, 'alpha_2': 7.052811222173925e-05, 'beta_0': 0.3726629121531247, 'beta_1': 1.162310690607471, 'beta_2': 0.1441079105826181, 'beta_3': 0.0009037067776600591, 'beta_4': 0.7261190769902912, 'beta_5': 88.17175322336374, 'beta_6': 0.013618306506135106, 'beta_7': 0.033652037531782975}. Best is trial 175 with value: 2367.0380894697555.
[I 2026-03-31 17:31:16,751] Trial 318 finished with value: 2682.001390095965 and parameters: {'alpha_0': 0.0009024053120038983, 'alpha_1': 5.291164496699008e-05, 'alpha_2': 6.765314586159178e-05, 'beta_0': 0.3793336663581386, 'beta_1': 1.170702650733631, 'beta_2': 0.15650045338447505, 'beta_3': 0.0007841845917735964, 'beta_4': 0.7391233315225303, 'beta_5': 51.46498566067892, 'beta_6': 0.042522676970937194, 'beta_7': 0.034898364533041584}. Best is trial 175 with value: 2367.0380894697555.
[I 2026-03-31 17:31:17,994] Trial 319 finished with value: 2398.2901238366917 and parameters: {'alpha_0': 0.0009565188869605103, 'alpha_1': 5.110978027116333e-05, 'alpha_2': 6.958171900078034e-05, 'beta_0': 0.3533200498226052, 'beta_1': 1.3453767142824746, 'beta_2': 0.26729979512851393, 'beta_3': 0.0006986521263127891, 'beta_4': 0.7514136999779627, 'beta_5': 55.202843798029065, 'beta_6': 0.04293546499233544, 'beta_7': 0.03288445653427842}. Best is trial 175 with value: 2367.0380894697555.
[I 2026-03-31 17:31:19,269] Trial 320 finished with value: 2604.916411559848 and parameters: {'alpha_0': 0.000940697421343955, 'alpha_1': 5.101321734774034e-05, 'alpha_2': 7.068765777270198e-05, 'beta_0': 0.3658736549473046, 'beta_1': 1.3621783925212563, 'beta_2': 0.25668245357189456, 'beta_3': 0.0007240376448099875, 'beta_4': 0.7010740659018604, 'beta_5': 53.30208884890794, 'beta_6': 0.04359831912904041, 'beta_7': 0.034055929961878895}. Best is trial 175 with value: 2367.0380894697555.
[I 2026-03-31 17:31:20,521] Trial 321 finished with value: 2521.026833367923 and parameters: {'alpha_0': 0.0009872726955384807, 'alpha_1': 5.142452214123602e-05, 'alpha_2': 6.974173640777231e-05, 'beta_0': 0.3601762080897719, 'beta_1': 1.3502819915909836, 'beta_2': 0.14092556396476036, 'beta_3': 0.000671102238817599, 'beta_4': 0.7586182309266083, 'beta_5': 57.774070347379585, 'beta_6': 0.04102535110993092, 'beta_7': 0.033002860615105094}. Best is trial 175 with value: 2367.0380894697555.
