[I 2026-03-31 17:23:06,173] Trial 16 finished with value: 2686.4283462582625 and parameters: {'alpha_0': 0.002080078445141598, 'alpha_1': 0.00012997262533999456, 'alpha_2': 8.621178722637953e-05, 'beta_0': 0.12382499118975332, 'beta_1': 1.0403369466028982, 'beta_2': 0.4663267534256733, 'beta_3': 0.0009674239989693691, 'beta_4': 0.6065942227016565, 'beta_5': 18.33053558140757, 'beta_6': 0.025333343298887704, 'beta_7': 0.03457202128703502}. Best is trial 13 with value: 2578.0792171033345.Best trial: 13. Best value: 2578.08:   2%|▏         | 16/1000 [01:15<1:08:55,  4.20s/it]Best trial: 13. Best value: 2578.08:   2%|▏         | 16/1000 [01:15<1:08:55,  4.20s/it]Best trial: 13. Best value: 2578.08:   2%|▏         | 17/1000 [01:15<54:24,  3.32s/it]                                                                                        Best trial: 13. Best value: 2578.08:   2%|▏         | 17/1000 [01:24<54:24,  3.32s/it]Best trial: 13. Best value: 2578.08:   2%|▏         | 17/1000 [01:24<54:24,  3.32s/it]Best trial: 13. Best value: 2578.08:   2%|▏         | 18/1000 [01:24<1:23:56,  5.13s/it]                                                                                        Best trial: 13. Best value: 2578.08:   2%|▏         | 18/1000 [01:26<1:23:56,  5.13s/it]Best trial: 13. Best value: 2578.08:   2%|▏         | 18/1000 [01:26<1:23:56,  5.13s/it]Best trial: 13. Best value: 2578.08:   2%|▏         | 19/1000 [01:26<1:04:52,  3.97s/it]                                                                                        Best trial: 13. Best value: 2578.08:   2%|▏         | 19/1000 [01:27<1:04:52,  3.97s/it]Best trial: 13. Best value: 2578.08:   2%|▏         | 19/1000 [01:27<1:04:52,  3.97s/it]Best trial: 13. Best value: 2578.08:   2%|▏         | 20/1000 [01:27<51:32,  3.16s/it]                                                                                        Best trial: 13. Best value: 2578.08:   2%|▏         | 20/1000 [01:28<51:32,  3.16s/it]Best trial: 13. Best value: 2578.08:   2%|▏         | 20/1000 [01:28<51:32,  3.16s/it]Best trial: 13. Best value: 2578.08:   2%|▏         | 21/1000 [01:28<42:24,  2.60s/it]                                                                                      Best trial: 13. Best value: 2578.08:   2%|▏         | 21/1000 [01:30<42:24,  2.60s/it]Best trial: 13. Best value: 2578.08:   2%|▏         | 21/1000 [01:30<42:24,  2.60s/it]Best trial: 13. Best value: 2578.08:   2%|▏         | 22/1000 [01:30<35:53,  2.20s/it]                                                                                      Best trial: 13. Best value: 2578.08:   2%|▏         | 22/1000 [01:31<35:53,  2.20s/it]Best trial: 13. Best value: 2578.08:   2%|▏         | 22/1000 [01:31<35:53,  2.20s/it]Best trial: 13. Best value: 2578.08:   2%|▏         | 23/1000 [01:31<31:31,  1.94s/it]                                                                                      Best trial: 13. Best value: 2578.08:   2%|▏         | 23/1000 [01:32<31:31,  1.94s/it]Best trial: 13. Best value: 2578.08:   2%|▏         | 23/1000 [01:32<31:31,  1.94s/it]Best trial: 13. Best value: 2578.08:   2%|▏         | 24/1000 [01:32<28:13,  1.73s/it]                                                                                      Best trial: 13. Best value: 2578.08:   2%|▏         | 24/1000 [01:33<28:13,  1.73s/it]Best trial: 13. Best value: 2578.08:   2%|▏         | 24/1000 [01:33<28:13,  1.73s/it]Best trial: 13. Best value: 2578.08:   2%|▎         | 25/1000 [01:33<25:23,  1.56s/it]                                                                                      Best trial: 13. Best value: 2578.08:   2%|▎         | 25/1000 [01:43<25:23,  1.56s/it]Best trial: 13. Best value: 2578.08:   2%|▎         | 25/1000 [01:43<25:23,  1.56s/it]Best trial: 13. Best value: 2578.08:   3%|▎         | 26/1000 [01:43<1:02:52,  3.87s/it]                                                                                        Best trial: 13. Best value: 2578.08:   3%|▎         | 26/1000 [01:44<1:02:52,  3.87s/it]Best trial: 13. Best value: 2578.08:   3%|▎         | 26/1000 [01:44<1:02:52,  3.87s/it]Best trial: 13. Best value: 2578.08:   3%|▎         | 27/1000 [01:44<49:54,  3.08s/it]                                                                                        Best trial: 13. Best value: 2578.08:   3%|▎         | 27/1000 [01:45<49:54,  3.08s/it]Best trial: 27. Best value: 2463.91:   3%|▎         | 27/1000 [01:45<49:54,  3.08s/it]Best trial: 27. Best value: 2463.91:   3%|▎         | 28/1000 [01:45<40:50,  2.52s/it]                                                                                      Best trial: 27. Best value: 2463.91:   3%|▎         | 28/1000 [01:54<40:50,  2.52s/it]Best trial: 27. Best value: 2463.91:   3%|▎         | 28/1000 [01:54<40:50,  2.52s/it]Best trial: 27. Best value: 2463.91:   3%|▎         | 29/1000 [01:54<1:13:38,  4.55s/it]                                                                                        Best trial: 27. Best value: 2463.91:   3%|▎         | 29/1000 [01:56<1:13:38,  4.55s/it]Best trial: 27. Best value: 2463.91:   3%|▎         | 29/1000 [01:56<1:13:38,  4.55s/it]Best trial: 27. Best value: 2463.91:   3%|▎         | 30/1000 [01:56<57:28,  3.55s/it]                                                                                        Best trial: 27. Best value: 2463.91:   3%|▎         | 30/1000 [01:57<57:28,  3.55s/it]Best trial: 27. Best value: 2463.91:   3%|▎         | 30/1000 [01:57<57:28,  3.55s/it]Best trial: 27. Best value: 2463.91:   3%|▎         | 31/1000 [01:57<46:14,  2.86s/it]                                                                                      Best trial: 27. Best value: 2463.91:   3%|▎         | 31/1000 [01:58<46:14,  2.86s/it]Best trial: 27. Best value: 2463.91:   3%|▎         | 31/1000 [01:58<46:14,  2.86s/it]Best trial: 27. Best value: 2463.91:   3%|▎         | 32/1000 [01:58<38:36,  2.39s/it]                                                                                      Best trial: 27. Best value: 2463.91:   3%|▎         | 32/1000 [02:00<38:36,  2.39s/it]Best trial: 27. Best value: 2463.91:   3%|▎         | 32/1000 [02:00<38:36,  2.39s/it]Best trial: 27. Best value: 2463.91:   3%|▎         | 33/1000 [02:00<34:46,  2.16s/it]                                                                                      
[I 2026-03-31 17:23:15,510] Trial 17 finished with value: 8477.537135550463 and parameters: {'alpha_0': 0.001992276619612536, 'alpha_1': 0.00011753036720102169, 'alpha_2': 8.425588174144247e-05, 'beta_0': 0.11876775170367285, 'beta_1': 1.0788698012129365, 'beta_2': 0.10612795889675858, 'beta_3': 0.0005624545176611888, 'beta_4': 1.1938940373005198, 'beta_5': 13.825341117452764, 'beta_6': 0.02931815765897705, 'beta_7': 0.021236924123753206}. Best is trial 13 with value: 2578.0792171033345.
[I 2026-03-31 17:23:16,772] Trial 18 finished with value: 2970.0997472483987 and parameters: {'alpha_0': 0.001600896401888751, 'alpha_1': 0.00012937516760946172, 'alpha_2': 7.553120154739706e-05, 'beta_0': 0.0965205956674603, 'beta_1': 1.0190814634931191, 'beta_2': 0.4861449077603856, 'beta_3': 0.0016139848637778834, 'beta_4': 0.7387307615294669, 'beta_5': 17.660393000485655, 'beta_6': 0.045225653671593646, 'beta_7': 0.03290931099191903}. Best is trial 13 with value: 2578.0792171033345.
[I 2026-03-31 17:23:18,036] Trial 19 finished with value: 2591.052202722106 and parameters: {'alpha_0': 0.0020504565583352083, 'alpha_1': 0.0001016941490651967, 'alpha_2': 9.217593223873948e-05, 'beta_0': 0.2420443874037104, 'beta_1': 1.290201483274856, 'beta_2': 0.5864504334729593, 'beta_3': 0.0004787180730278192, 'beta_4': 0.8961673041692151, 'beta_5': 42.130608431719466, 'beta_6': 0.021211778428230278, 'beta_7': 0.03551615220007092}. Best is trial 13 with value: 2578.0792171033345.
[I 2026-03-31 17:23:19,339] Trial 20 finished with value: 2825.4067998950454 and parameters: {'alpha_0': 0.0016829527387277748, 'alpha_1': 0.00010375158915009597, 'alpha_2': 9.294018278058388e-05, 'beta_0': 0.25131994246981204, 'beta_1': 1.3711215083184753, 'beta_2': 0.5987349142404866, 'beta_3': 0.00044385537929505256, 'beta_4': 0.9641643274122293, 'beta_5': 40.43700779771406, 'beta_6': 0.07485920824094931, 'beta_7': 0.03041830793732244}. Best is trial 13 with value: 2578.0792171033345.
[I 2026-03-31 17:23:20,614] Trial 21 finished with value: 2650.3270849710466 and parameters: {'alpha_0': 0.002108944832064856, 'alpha_1': 0.00011227463769873152, 'alpha_2': 0.00010917076720070543, 'beta_0': 0.140547293935152, 'beta_1': 1.2438090948016047, 'beta_2': 0.5844307321960491, 'beta_3': 0.0009451751751248633, 'beta_4': 0.926420899706925, 'beta_5': 27.648901273676593, 'beta_6': 0.022245788729926844, 'beta_7': 0.03490788700185134}. Best is trial 13 with value: 2578.0792171033345.
[I 2026-03-31 17:23:21,928] Trial 22 finished with value: 2712.324703679688 and parameters: {'alpha_0': 0.002152070818166921, 'alpha_1': 9.242776353680804e-05, 'alpha_2': 0.00011221030054535915, 'beta_0': 0.23996105502738274, 'beta_1': 1.2591192662385104, 'beta_2': 0.5874357277489696, 'beta_3': 0.0005200019045350797, 'beta_4': 0.9095121010611346, 'beta_5': 24.01429895888181, 'beta_6': 0.02012506530610435, 'beta_7': 0.03521708839228435}. Best is trial 13 with value: 2578.0792171033345.
[I 2026-03-31 17:23:23,194] Trial 23 finished with value: 2669.774355318208 and parameters: {'alpha_0': 0.0019496232354988755, 'alpha_1': 0.00011027713530535202, 'alpha_2': 0.0001105222521923029, 'beta_0': 0.16239410725703318, 'beta_1': 1.4193224409904304, 'beta_2': 0.5025775530672416, 'beta_3': 0.0012035317728310534, 'beta_4': 0.8714589783552598, 'beta_5': 43.29290625024346, 'beta_6': 0.03801401277920211, 'beta_7': 0.03090646659185266}. Best is trial 13 with value: 2578.0792171033345.
[I 2026-03-31 17:23:24,354] Trial 24 finished with value: 2927.667984061559 and parameters: {'alpha_0': 0.0014233902469317162, 'alpha_1': 8.020940383906016e-05, 'alpha_2': 9.555436693094669e-05, 'beta_0': 0.30265687986461703, 'beta_1': 1.271508192300857, 'beta_2': 0.5602776424004778, 'beta_3': 0.000900529141326983, 'beta_4': 0.9962933213341955, 'beta_5': 10.105899961029664, 'beta_6': 0.018668200286911123, 'beta_7': 0.037254988716427496}. Best is trial 13 with value: 2578.0792171033345.
[I 2026-03-31 17:23:33,618] Trial 25 finished with value: 10948.543244696182 and parameters: {'alpha_0': 0.001698079148858327, 'alpha_1': 0.0001115857388537949, 'alpha_2': 0.00010071245222342581, 'beta_0': 0.1519657464733354, 'beta_1': 1.1833336815000293, 'beta_2': 0.4071642973648789, 'beta_3': 0.001336872216496287, 'beta_4': 0.8011778988855354, 'beta_5': 26.602574350579918, 'beta_6': 0.03332216056221092, 'beta_7': 0.022811410716289487}. Best is trial 13 with value: 2578.0792171033345.
[I 2026-03-31 17:23:34,841] Trial 26 finished with value: 2756.4291781544844 and parameters: {'alpha_0': 0.002265456957717954, 'alpha_1': 9.795510868223658e-05, 'alpha_2': 0.0001102717194087031, 'beta_0': 0.23575222167810347, 'beta_1': 1.3911789797476672, 'beta_2': 0.5012722888657501, 'beta_3': 0.0005892248000471051, 'beta_4': 0.7899263594345599, 'beta_5': 9.196748513026595, 'beta_6': 0.04734680362639887, 'beta_7': 0.03568268747678972}. Best is trial 13 with value: 2578.0792171033345.
[I 2026-03-31 17:23:36,062] Trial 27 finished with value: 2463.90954018953 and parameters: {'alpha_0': 0.002047693425375436, 'alpha_1': 0.00012268736543484603, 'alpha_2': 0.00010839406043155941, 'beta_0': 0.08402232085528555, 'beta_1': 1.4896560687537683, 'beta_2': 0.5680351017480334, 'beta_3': 0.0014753973302979216, 'beta_4': 0.8544221722611844, 'beta_5': 40.66116449642614, 'beta_6': 0.0050508119661108325, 'beta_7': 0.03185544078673228}. Best is trial 27 with value: 2463.90954018953.
[I 2026-03-31 17:23:45,347] Trial 28 finished with value: 7845.1685889753135 and parameters: {'alpha_0': 0.0017753039780205057, 'alpha_1': 0.00012271571241394893, 'alpha_2': 7.07012370416564e-05, 'beta_0': 0.08715324332318658, 'beta_1': 1.4912682110090754, 'beta_2': 0.31223092354790905, 'beta_3': 0.001823043519456728, 'beta_4': 0.8688832580618063, 'beta_5': 47.83037794252234, 'beta_6': 0.014438584011917964, 'beta_7': 0.017437475174788306}. Best is trial 27 with value: 2463.90954018953.
[I 2026-03-31 17:23:46,579] Trial 29 finished with value: 2508.2092406141883 and parameters: {'alpha_0': 0.0013994111114478632, 'alpha_1': 0.00012165518352982266, 'alpha_2': 8.852658658966712e-05, 'beta_0': 0.34993744920392555, 'beta_1': 1.4959063698481367, 'beta_2': 0.5063901650541633, 'beta_3': 0.0016084764723760668, 'beta_4': 0.671592175170091, 'beta_5': 63.20055176560371, 'beta_6': 0.005646712967610936, 'beta_7': 0.03157136711085653}. Best is trial 27 with value: 2463.90954018953.
[I 2026-03-31 17:23:47,829] Trial 30 finished with value: 2507.149013733748 and parameters: {'alpha_0': 0.001325361577690793, 'alpha_1': 0.0001387990329303098, 'alpha_2': 8.672305549721422e-05, 'beta_0': 0.3341173681021061, 'beta_1': 1.4137793009815913, 'beta_2': 0.39200208874748166, 'beta_3': 0.001915542622543747, 'beta_4': 0.67923391021861, 'beta_5': 67.99532375479404, 'beta_6': 0.005306815546887354, 'beta_7': 0.03133694505373277}. Best is trial 27 with value: 2463.90954018953.
[I 2026-03-31 17:23:49,125] Trial 31 finished with value: 2600.7387525939353 and parameters: {'alpha_0': 0.0013375866114586413, 'alpha_1': 0.00013617395031616052, 'alpha_2': 8.511706793386878e-05, 'beta_0': 0.3535850110891234, 'beta_1': 1.491759430519795, 'beta_2': 0.3789340628832262, 'beta_3': 0.0019642868203092953, 'beta_4': 0.6545540674654297, 'beta_5': 71.92533231013714, 'beta_6': 0.005490957037646314, 'beta_7': 0.03100241250159222}. Best is trial 27 with value: 2463.90954018953.
[I 2026-03-31 17:23:50,732] Trial 32 finished with value: 10547.35862176866 and parameters: {'alpha_0': 0.001197130648313861, 'alpha_1': 0.0001246949287570279, 'alpha_2': 8.95861752773114e-05, 'beta_0': 0.336066945108734, 'beta_1': 1.4285179286111016, 'beta_2': 0.4151750041516644, 'beta_3': 0.0017031949346503774, 'beta_4': 0.6907509280434565, 'beta_5': 60.761735179649804, 'beta_6': 0.014123783607198126, 'beta_7': 0.0250470350694122}. Best is trial 27 with value: 2463.90954018953.
[I 2026-03-31 17:23:52,270] Trial 33 finished with value: 3337.66572553484 and parameters: {'alpha_0': 0.0014452516713527304, 'alpha_1': 0.0001392056816150549, 'alpha_2': 9.653701201987452e-05, 'beta_0': 0.3826587440788538, 'beta_1': 1.417814034599004, 'beta_2': 0.4850254299713308, 'beta_3': 0.001415211927428773, 'beta_4': 0.7663244422665794, 'beta_5': 68.68309757531316, 'beta_6': 0.00585116322106587, 'beta_7': 0.027979221641596764}. Best is trial 27 with value: 2463.90954018953.Best trial: 27. Best value: 2463.91:   3%|▎         | 33/1000 [02:01<34:46,  2.16s/it]Best trial: 27. Best value: 2463.91:   3%|▎         | 33/1000 [02:01<34:46,  2.16s/it]Best trial: 27. Best value: 2463.91:   3%|▎         | 34/1000 [02:01<31:44,  1.97s/it]                                                                                      Best trial: 27. Best value: 2463.91:   3%|▎         | 34/1000 [02:03<31:44,  1.97s/it]Best trial: 27. Best value: 2463.91:   3%|▎         | 34/1000 [02:03<31:44,  1.97s/it]Best trial: 27. Best value: 2463.91:   4%|▎         | 35/1000 [02:03<28:14,  1.76s/it]                                                                                      Best trial: 27. Best value: 2463.91:   4%|▎         | 35/1000 [02:04<28:14,  1.76s/it]Best trial: 27. Best value: 2463.91:   4%|▎         | 35/1000 [02:04<28:14,  1.76s/it]Best trial: 27. Best value: 2463.91:   4%|▎         | 36/1000 [02:04<25:46,  1.60s/it]                                                                                      Best trial: 27. Best value: 2463.91:   4%|▎         | 36/1000 [02:05<25:46,  1.60s/it]Best trial: 27. Best value: 2463.91:   4%|▎         | 36/1000 [02:05<25:46,  1.60s/it]Best trial: 27. Best value: 2463.91:   4%|▎         | 37/1000 [02:05<24:23,  1.52s/it]                                                                                      Best trial: 27. Best value: 2463.91:   4%|▎         | 37/1000 [02:07<24:23,  1.52s/it]Best trial: 27. Best value: 2463.91:   4%|▎         | 37/1000 [02:07<24:23,  1.52s/it]Best trial: 27. Best value: 2463.91:   4%|▍         | 38/1000 [02:07<24:19,  1.52s/it]                                                                                      Best trial: 27. Best value: 2463.91:   4%|▍         | 38/1000 [02:08<24:19,  1.52s/it]Best trial: 27. Best value: 2463.91:   4%|▍         | 38/1000 [02:08<24:19,  1.52s/it]Best trial: 27. Best value: 2463.91:   4%|▍         | 39/1000 [02:08<24:16,  1.52s/it]                                                                                      Best trial: 27. Best value: 2463.91:   4%|▍         | 39/1000 [02:09<24:16,  1.52s/it]Best trial: 27. Best value: 2463.91:   4%|▍         | 39/1000 [02:09<24:16,  1.52s/it]Best trial: 27. Best value: 2463.91:   4%|▍         | 40/1000 [02:09<22:54,  1.43s/it]                                                                                      Best trial: 27. Best value: 2463.91:   4%|▍         | 40/1000 [02:11<22:54,  1.43s/it]Best trial: 27. Best value: 2463.91:   4%|▍         | 40/1000 [02:11<22:54,  1.43s/it]Best trial: 27. Best value: 2463.91:   4%|▍         | 41/1000 [02:11<22:45,  1.42s/it]                                                                                      Best trial: 27. Best value: 2463.91:   4%|▍         | 41/1000 [02:12<22:45,  1.42s/it]Best trial: 27. Best value: 2463.91:   4%|▍         | 41/1000 [02:12<22:45,  1.42s/it]Best trial: 27. Best value: 2463.91:   4%|▍         | 42/1000 [02:12<21:28,  1.35s/it]                                                                                      Best trial: 27. Best value: 2463.91:   4%|▍         | 42/1000 [02:13<21:28,  1.35s/it]Best trial: 27. Best value: 2463.91:   4%|▍         | 42/1000 [02:13<21:28,  1.35s/it]Best trial: 27. Best value: 2463.91:   4%|▍         | 43/1000 [02:13<21:10,  1.33s/it]                                                                                      Best trial: 27. Best value: 2463.91:   4%|▍         | 43/1000 [02:14<21:10,  1.33s/it]Best trial: 27. Best value: 2463.91:   4%|▍         | 43/1000 [02:14<21:10,  1.33s/it]Best trial: 27. Best value: 2463.91:   4%|▍         | 44/1000 [02:14<20:38,  1.30s/it]                                                                                      Best trial: 27. Best value: 2463.91:   4%|▍         | 44/1000 [02:16<20:38,  1.30s/it]Best trial: 27. Best value: 2463.91:   4%|▍         | 44/1000 [02:16<20:38,  1.30s/it]Best trial: 27. Best value: 2463.91:   4%|▍         | 45/1000 [02:16<20:31,  1.29s/it]                                                                                      Best trial: 27. Best value: 2463.91:   4%|▍         | 45/1000 [02:17<20:31,  1.29s/it]Best trial: 27. Best value: 2463.91:   4%|▍         | 45/1000 [02:17<20:31,  1.29s/it]Best trial: 27. Best value: 2463.91:   5%|▍         | 46/1000 [02:17<21:05,  1.33s/it]                                                                                      Best trial: 27. Best value: 2463.91:   5%|▍         | 46/1000 [02:18<21:05,  1.33s/it]Best trial: 27. Best value: 2463.91:   5%|▍         | 46/1000 [02:18<21:05,  1.33s/it]Best trial: 27. Best value: 2463.91:   5%|▍         | 47/1000 [02:18<20:51,  1.31s/it]                                                                                      Best trial: 27. Best value: 2463.91:   5%|▍         | 47/1000 [02:20<20:51,  1.31s/it]Best trial: 27. Best value: 2463.91:   5%|▍         | 47/1000 [02:20<20:51,  1.31s/it]Best trial: 27. Best value: 2463.91:   5%|▍         | 48/1000 [02:20<20:40,  1.30s/it]                                                                                      Best trial: 27. Best value: 2463.91:   5%|▍         | 48/1000 [02:21<20:40,  1.30s/it]Best trial: 27. Best value: 2463.91:   5%|▍         | 48/1000 [02:21<20:40,  1.30s/it]Best trial: 27. Best value: 2463.91:   5%|▍         | 49/1000 [02:21<20:48,  1.31s/it]                                                                                      Best trial: 27. Best value: 2463.91:   5%|▍         | 49/1000 [02:23<20:48,  1.31s/it]Best trial: 27. Best value: 2463.91:   5%|▍         | 49/1000 [02:23<20:48,  1.31s/it]Best trial: 27. Best value: 2463.91:   5%|▌         | 50/1000 [02:23<23:15,  1.47s/it]                                                                                      
[I 2026-03-31 17:23:53,524] Trial 34 finished with value: 2639.9636439857613 and parameters: {'alpha_0': 0.0009692251093339932, 'alpha_1': 0.00014176691416725279, 'alpha_2': 7.92301824159531e-05, 'beta_0': 0.419363941946764, 'beta_1': 1.4949233927877121, 'beta_2': 0.35772857196034197, 'beta_3': 0.001933308981985392, 'beta_4': 0.6618033632109177, 'beta_5': 55.49135616528696, 'beta_6': 0.012070591444521689, 'beta_7': 0.0319857851758548}. Best is trial 27 with value: 2463.90954018953.
[I 2026-03-31 17:23:54,774] Trial 35 finished with value: 2632.2482442874107 and parameters: {'alpha_0': 0.0011882526235799567, 'alpha_1': 0.00012319684795969866, 'alpha_2': 9.840304230442513e-05, 'beta_0': 0.3434776408625103, 'beta_1': 1.3641740761238226, 'beta_2': 0.32237630095130543, 'beta_3': 0.0015418165490809611, 'beta_4': 0.5591860979754433, 'beta_5': 62.80400424199892, 'beta_6': 0.016383877506270725, 'beta_7': 0.037206120810444145}. Best is trial 27 with value: 2463.90954018953.
