[I 2026-03-31 17:32:35,114] Trial 373 finished with value: 2591.1458279851745 and parameters: {'alpha_0': 0.0009306831319987983, 'alpha_1': 5.665621737509845e-05, 'alpha_2': 6.327592283190709e-05, 'beta_0': 0.3539880105197451, 'beta_1': 1.350364820520919, 'beta_2': 0.19014394698438458, 'beta_3': 0.0009346826330855311, 'beta_4': 0.7945312493906602, 'beta_5': 57.04728742323884, 'beta_6': 0.03895696677885844, 'beta_7': 0.031192714347346318}. Best is trial 175 with value: 2367.0380894697555.Best trial: 175. Best value: 2367.04:  37%|███▋      | 373/1000 [10:44<13:39,  1.31s/it]Best trial: 175. Best value: 2367.04:  37%|███▋      | 373/1000 [10:44<13:39,  1.31s/it]Best trial: 175. Best value: 2367.04:  37%|███▋      | 374/1000 [10:44<13:31,  1.30s/it]                                                                                        Best trial: 175. Best value: 2367.04:  37%|███▋      | 374/1000 [10:45<13:31,  1.30s/it]Best trial: 175. Best value: 2367.04:  37%|███▋      | 374/1000 [10:45<13:31,  1.30s/it]Best trial: 175. Best value: 2367.04:  38%|███▊      | 375/1000 [10:45<13:23,  1.29s/it]                                                                                        Best trial: 175. Best value: 2367.04:  38%|███▊      | 375/1000 [10:47<13:23,  1.29s/it]Best trial: 175. Best value: 2367.04:  38%|███▊      | 375/1000 [10:47<13:23,  1.29s/it]Best trial: 175. Best value: 2367.04:  38%|███▊      | 376/1000 [10:47<13:21,  1.28s/it]                                                                                        Best trial: 175. Best value: 2367.04:  38%|███▊      | 376/1000 [10:48<13:21,  1.28s/it]Best trial: 175. Best value: 2367.04:  38%|███▊      | 376/1000 [10:48<13:21,  1.28s/it]Best trial: 175. Best value: 2367.04:  38%|███▊      | 377/1000 [10:48<13:13,  1.27s/it]                                                                                        Best trial: 175. Best value: 2367.04:  38%|███▊      | 377/1000 [10:49<13:13,  1.27s/it]Best trial: 175. Best value: 2367.04:  38%|███▊      | 377/1000 [10:49<13:13,  1.27s/it]Best trial: 175. Best value: 2367.04:  38%|███▊      | 378/1000 [10:49<13:16,  1.28s/it]                                                                                        Best trial: 175. Best value: 2367.04:  38%|███▊      | 378/1000 [10:50<13:16,  1.28s/it]Best trial: 175. Best value: 2367.04:  38%|███▊      | 378/1000 [10:50<13:16,  1.28s/it]Best trial: 175. Best value: 2367.04:  38%|███▊      | 379/1000 [10:50<13:08,  1.27s/it]                                                                                        Best trial: 175. Best value: 2367.04:  38%|███▊      | 379/1000 [10:52<13:08,  1.27s/it]Best trial: 175. Best value: 2367.04:  38%|███▊      | 379/1000 [10:52<13:08,  1.27s/it]Best trial: 175. Best value: 2367.04:  38%|███▊      | 380/1000 [10:52<13:00,  1.26s/it]                                                                                        Best trial: 175. Best value: 2367.04:  38%|███▊      | 380/1000 [11:01<13:00,  1.26s/it]Best trial: 175. Best value: 2367.04:  38%|███▊      | 380/1000 [11:01<13:00,  1.26s/it]Best trial: 175. Best value: 2367.04:  38%|███▊      | 381/1000 [11:01<37:55,  3.68s/it]                                                                                        Best trial: 175. Best value: 2367.04:  38%|███▊      | 381/1000 [11:02<37:55,  3.68s/it]Best trial: 175. Best value: 2367.04:  38%|███▊      | 381/1000 [11:02<37:55,  3.68s/it]Best trial: 175. Best value: 2367.04:  38%|███▊      | 382/1000 [11:02<30:44,  2.98s/it]                                                                                        Best trial: 175. Best value: 2367.04:  38%|███▊      | 382/1000 [11:12<30:44,  2.98s/it]Best trial: 175. Best value: 2367.04:  38%|███▊      | 382/1000 [11:12<30:44,  2.98s/it]Best trial: 175. Best value: 2367.04:  38%|███▊      | 383/1000 [11:12<50:19,  4.89s/it]                                                                                        Best trial: 175. Best value: 2367.04:  38%|███▊      | 383/1000 [11:13<50:19,  4.89s/it]Best trial: 175. Best value: 2367.04:  38%|███▊      | 383/1000 [11:13<50:19,  4.89s/it]Best trial: 175. Best value: 2367.04:  38%|███▊      | 384/1000 [11:13<39:02,  3.80s/it]                                                                                        Best trial: 175. Best value: 2367.04:  38%|███▊      | 384/1000 [11:14<39:02,  3.80s/it]Best trial: 175. Best value: 2367.04:  38%|███▊      | 384/1000 [11:14<39:02,  3.80s/it]Best trial: 175. Best value: 2367.04:  38%|███▊      | 385/1000 [11:14<31:05,  3.03s/it]                                                                                        Best trial: 175. Best value: 2367.04:  38%|███▊      | 385/1000 [11:15<31:05,  3.03s/it]Best trial: 175. Best value: 2367.04:  38%|███▊      | 385/1000 [11:15<31:05,  3.03s/it]Best trial: 175. Best value: 2367.04:  39%|███▊      | 386/1000 [11:15<25:34,  2.50s/it]                                                                                        Best trial: 175. Best value: 2367.04:  39%|███▊      | 386/1000 [11:17<25:34,  2.50s/it]Best trial: 175. Best value: 2367.04:  39%|███▊      | 386/1000 [11:17<25:34,  2.50s/it]Best trial: 175. Best value: 2367.04:  39%|███▊      | 387/1000 [11:17<21:47,  2.13s/it]                                                                                        Best trial: 175. Best value: 2367.04:  39%|███▊      | 387/1000 [11:18<21:47,  2.13s/it]Best trial: 175. Best value: 2367.04:  39%|███▊      | 387/1000 [11:18<21:47,  2.13s/it]Best trial: 175. Best value: 2367.04:  39%|███▉      | 388/1000 [11:18<19:12,  1.88s/it]                                                                                        Best trial: 175. Best value: 2367.04:  39%|███▉      | 388/1000 [11:19<19:12,  1.88s/it]Best trial: 175. Best value: 2367.04:  39%|███▉      | 388/1000 [11:19<19:12,  1.88s/it]Best trial: 175. Best value: 2367.04:  39%|███▉      | 389/1000 [11:19<17:10,  1.69s/it]                                                                                        Best trial: 175. Best value: 2367.04:  39%|███▉      | 389/1000 [11:20<17:10,  1.69s/it]Best trial: 175. Best value: 2367.04:  39%|███▉      | 389/1000 [11:20<17:10,  1.69s/it]Best trial: 175. Best value: 2367.04:  39%|███▉      | 390/1000 [11:20<15:47,  1.55s/it]                                                                                        
[I 2026-03-31 17:32:36,373] Trial 374 finished with value: 2381.3122297811565 and parameters: {'alpha_0': 0.0010444523802434235, 'alpha_1': 5.846673948357449e-05, 'alpha_2': 7.508380211277386e-05, 'beta_0': 0.31252264480750486, 'beta_1': 1.0789003580136682, 'beta_2': 0.1249335902952245, 'beta_3': 0.001784902816951659, 'beta_4': 0.7784291027579112, 'beta_5': 60.952286656984484, 'beta_6': 0.03541528917438427, 'beta_7': 0.031834860940055214}. Best is trial 175 with value: 2367.0380894697555.
[I 2026-03-31 17:32:37,658] Trial 375 finished with value: 2661.279594448768 and parameters: {'alpha_0': 0.0011061436737764823, 'alpha_1': 5.604419551044211e-05, 'alpha_2': 7.412163299405042e-05, 'beta_0': 0.30938441803921457, 'beta_1': 1.0776322880450813, 'beta_2': 0.11113490275222326, 'beta_3': 0.0017781122603539867, 'beta_4': 0.7772997655997383, 'beta_5': 60.6993228911657, 'beta_6': 0.034637414718042256, 'beta_7': 0.030479573261419392}. Best is trial 175 with value: 2367.0380894697555.
[I 2026-03-31 17:32:38,906] Trial 376 finished with value: 2398.0907557175137 and parameters: {'alpha_0': 0.0010621635745790424, 'alpha_1': 6.279512759907745e-05, 'alpha_2': 7.467960465635784e-05, 'beta_0': 0.30825941397685913, 'beta_1': 1.0897067195059484, 'beta_2': 0.1242782083713507, 'beta_3': 0.0018442166310138333, 'beta_4': 0.8004834867663386, 'beta_5': 63.66261355688512, 'beta_6': 0.03245769591664727, 'beta_7': 0.031694838656411047}. Best is trial 175 with value: 2367.0380894697555.
[I 2026-03-31 17:32:40,201] Trial 377 finished with value: 2523.520254109114 and parameters: {'alpha_0': 0.001068728523098007, 'alpha_1': 6.676598296565785e-05, 'alpha_2': 7.377583077317072e-05, 'beta_0': 0.3063918315237468, 'beta_1': 1.0629314727948378, 'beta_2': 0.12242531641991959, 'beta_3': 0.0018495067810226572, 'beta_4': 0.8070122502550943, 'beta_5': 64.79453551396509, 'beta_6': 0.03244875134646023, 'beta_7': 0.031043956469697043}. Best is trial 175 with value: 2367.0380894697555.
[I 2026-03-31 17:32:41,449] Trial 378 finished with value: 2408.1189244263505 and parameters: {'alpha_0': 0.0011624933920082378, 'alpha_1': 6.385738407227151e-05, 'alpha_2': 7.631363189402085e-05, 'beta_0': 0.31379193675031947, 'beta_1': 1.093655694360169, 'beta_2': 0.1214668122500303, 'beta_3': 0.0018175067394578758, 'beta_4': 0.8253332442146817, 'beta_5': 59.162762992932684, 'beta_6': 0.035979650278688234, 'beta_7': 0.031693300250599944}. Best is trial 175 with value: 2367.0380894697555.
[I 2026-03-31 17:32:42,679] Trial 379 finished with value: 2415.412847471678 and parameters: {'alpha_0': 0.0011388654748762787, 'alpha_1': 6.397258182882362e-05, 'alpha_2': 7.422936191478553e-05, 'beta_0': 0.3169389819308834, 'beta_1': 1.0918011719864709, 'beta_2': 0.10687660666367786, 'beta_3': 0.0018143500032004474, 'beta_4': 0.817390154142675, 'beta_5': 58.09624332318322, 'beta_6': 0.035253145775973146, 'beta_7': 0.031747253216137084}. Best is trial 175 with value: 2367.0380894697555.
[I 2026-03-31 17:32:51,996] Trial 380 finished with value: 6740.4215705466195 and parameters: {'alpha_0': 0.0011276581755607028, 'alpha_1': 6.869251784069605e-05, 'alpha_2': 7.51696906546501e-05, 'beta_0': 0.31222716573453796, 'beta_1': 1.0869769403716047, 'beta_2': 0.11813508592453412, 'beta_3': 0.0017762930412401608, 'beta_4': 0.8004124747219149, 'beta_5': 55.35968666147465, 'beta_6': 0.033270490099008225, 'beta_7': 0.01536516557670485}. Best is trial 175 with value: 2367.0380894697555.
[I 2026-03-31 17:32:53,365] Trial 381 finished with value: 2587.2192817135965 and parameters: {'alpha_0': 0.001071617197922398, 'alpha_1': 6.166398410028455e-05, 'alpha_2': 7.716819682528918e-05, 'beta_0': 0.3240673820206814, 'beta_1': 1.109039908044333, 'beta_2': 0.12428517318888957, 'beta_3': 0.0004472442209291189, 'beta_4': 0.8259258855578533, 'beta_5': 58.55048075860174, 'beta_6': 0.02825819042557109, 'beta_7': 0.030744549315897908}. Best is trial 175 with value: 2367.0380894697555.
[I 2026-03-31 17:33:02,716] Trial 382 finished with value: 8657.498470634964 and parameters: {'alpha_0': 0.0011820592290249128, 'alpha_1': 6.328780862689105e-05, 'alpha_2': 7.54721615151361e-05, 'beta_0': 0.3141687327921611, 'beta_1': 1.0758376592608994, 'beta_2': 0.11085014897975473, 'beta_3': 0.0017996533274109187, 'beta_4': 0.7953505676762987, 'beta_5': 60.72415319304632, 'beta_6': 0.036153798898177686, 'beta_7': 0.018986343547078104}. Best is trial 175 with value: 2367.0380894697555.
[I 2026-03-31 17:33:03,971] Trial 383 finished with value: 2579.1516910750483 and parameters: {'alpha_0': 0.0010498484564027168, 'alpha_1': 6.513313728393689e-05, 'alpha_2': 7.519407504268063e-05, 'beta_0': 0.4825848817495241, 'beta_1': 1.0964479190303993, 'beta_2': 0.12676568130224547, 'beta_3': 0.001856637158230883, 'beta_4': 0.8098061757884027, 'beta_5': 56.665820992996395, 'beta_6': 0.03179333257937016, 'beta_7': 0.03196790261000197}. Best is trial 175 with value: 2367.0380894697555.
[I 2026-03-31 17:33:05,211] Trial 384 finished with value: 2470.4548596195455 and parameters: {'alpha_0': 0.001112482037278807, 'alpha_1': 6.075177312829801e-05, 'alpha_2': 7.605256481823657e-05, 'beta_0': 0.3034942658397226, 'beta_1': 1.1181521515879735, 'beta_2': 0.11739777663341493, 'beta_3': 0.0017629783259131753, 'beta_4': 0.7858408782808175, 'beta_5': 53.43357234445243, 'beta_6': 0.03458586599594302, 'beta_7': 0.031517285165961445}. Best is trial 175 with value: 2367.0380894697555.
[I 2026-03-31 17:33:06,466] Trial 385 finished with value: 2502.1163766802024 and parameters: {'alpha_0': 0.0010762864381146267, 'alpha_1': 5.848208288125796e-05, 'alpha_2': 7.249500064786794e-05, 'beta_0': 0.323316892378929, 'beta_1': 1.0839068826268177, 'beta_2': 0.10584644462839854, 'beta_3': 0.001800016753907546, 'beta_4': 0.8308112490847565, 'beta_5': 58.59238668777149, 'beta_6': 0.028650823429145055, 'beta_7': 0.03199761434681935}. Best is trial 175 with value: 2367.0380894697555.
[I 2026-03-31 17:33:07,744] Trial 386 finished with value: 2610.5928785850615 and parameters: {'alpha_0': 0.0010157042775763353, 'alpha_1': 6.140990979638965e-05, 'alpha_2': 7.938006549136147e-05, 'beta_0': 0.3067588028997078, 'beta_1': 1.0644949054812805, 'beta_2': 0.12713102377188762, 'beta_3': 0.001834827023026173, 'beta_4': 0.7703039577938441, 'beta_5': 63.0527285515104, 'beta_6': 0.036449908717625296, 'beta_7': 0.030122476203923252}. Best is trial 175 with value: 2367.0380894697555.
[I 2026-03-31 17:33:09,043] Trial 387 finished with value: 2509.471442302789 and parameters: {'alpha_0': 0.0010390701016360878, 'alpha_1': 5.771200036493031e-05, 'alpha_2': 7.184264377272523e-05, 'beta_0': 0.31793634739783466, 'beta_1': 1.0772886918581894, 'beta_2': 0.13911827832471552, 'beta_3': 0.0017466631636212343, 'beta_4': 0.7890669046200476, 'beta_5': 60.685086700395395, 'beta_6': 0.03279322389231576, 'beta_7': 0.03106758279292258}. Best is trial 175 with value: 2367.0380894697555.
[I 2026-03-31 17:33:10,268] Trial 388 finished with value: 2474.4410557668357 and parameters: {'alpha_0': 0.0011001458562335052, 'alpha_1': 6.285458096779634e-05, 'alpha_2': 7.366298594371542e-05, 'beta_0': 0.21850888948921637, 'beta_1': 1.0990847510252106, 'beta_2': 0.11919521483702694, 'beta_3': 0.001740945402492662, 'beta_4': 0.8173259914480548, 'beta_5': 55.53063716229753, 'beta_6': 0.029680410945083772, 'beta_7': 0.031422063877722305}. Best is trial 175 with value: 2367.0380894697555.
[I 2026-03-31 17:33:11,511] Trial 389 finished with value: 2543.8382148579713 and parameters: {'alpha_0': 0.001015161559874137, 'alpha_1': 5.9718183874729055e-05, 'alpha_2': 0.00011329944295252462, 'beta_0': 0.3327807133526611, 'beta_1': 1.0270903770297728, 'beta_2': 0.13217398351071266, 'beta_3': 0.0017056685083567296, 'beta_4': 0.8014200553194507, 'beta_5': 59.79091546010356, 'beta_6': 0.03767518326053679, 'beta_7': 0.03201506265257682}. Best is trial 175 with value: 2367.0380894697555.
[I 2026-03-31 17:33:12,865] Trial 390 finished with value: 2539.572962226956 and parameters: {'alpha_0': 0.0010559872025036681, 'alpha_1': 5.498756826765951e-05, 'alpha_2': 7.769820293333709e-05, 'beta_0': 0.3280197117738042, 'beta_1': 1.1074984665369, 'beta_2': 0.1409643500417618, 'beta_3': 0.001790252325217521, 'beta_4': 0.7681525973431487, 'beta_5': 67.11650416318287, 'beta_6': 0.03390309832165857, 'beta_7': 0.02933282684294291}. Best is trial 175 with value: 2367.0380894697555.Best trial: 175. Best value: 2367.04:  39%|███▉      | 390/1000 [11:22<15:47,  1.55s/it]Best trial: 175. Best value: 2367.04:  39%|███▉      | 390/1000 [11:22<15:47,  1.55s/it]Best trial: 175. Best value: 2367.04:  39%|███▉      | 391/1000 [11:22<15:09,  1.49s/it]                                                                                        Best trial: 175. Best value: 2367.04:  39%|███▉      | 391/1000 [11:23<15:09,  1.49s/it]Best trial: 175. Best value: 2367.04:  39%|███▉      | 391/1000 [11:23<15:09,  1.49s/it]Best trial: 175. Best value: 2367.04:  39%|███▉      | 392/1000 [11:23<14:28,  1.43s/it]                                                                                        Best trial: 175. Best value: 2367.04:  39%|███▉      | 392/1000 [11:24<14:28,  1.43s/it]Best trial: 175. Best value: 2367.04:  39%|███▉      | 392/1000 [11:24<14:28,  1.43s/it]Best trial: 175. Best value: 2367.04:  39%|███▉      | 393/1000 [11:24<13:56,  1.38s/it]                                                                                        Best trial: 175. Best value: 2367.04:  39%|███▉      | 393/1000 [11:26<13:56,  1.38s/it]Best trial: 175. Best value: 2367.04:  39%|███▉      | 393/1000 [11:26<13:56,  1.38s/it]Best trial: 175. Best value: 2367.04:  39%|███▉      | 394/1000 [11:26<13:38,  1.35s/it]                                                                                        Best trial: 175. Best value: 2367.04:  39%|███▉      | 394/1000 [11:27<13:38,  1.35s/it]Best trial: 175. Best value: 2367.04:  39%|███▉      | 394/1000 [11:27<13:38,  1.35s/it]Best trial: 175. Best value: 2367.04:  40%|███▉      | 395/1000 [11:27<13:19,  1.32s/it]                                                                                        Best trial: 175. Best value: 2367.04:  40%|███▉      | 395/1000 [11:28<13:19,  1.32s/it]Best trial: 175. Best value: 2367.04:  40%|███▉      | 395/1000 [11:28<13:19,  1.32s/it]Best trial: 175. Best value: 2367.04:  40%|███▉      | 396/1000 [11:28<13:12,  1.31s/it]                                                                                        Best trial: 175. Best value: 2367.04:  40%|███▉      | 396/1000 [11:29<13:12,  1.31s/it]Best trial: 175. Best value: 2367.04:  40%|███▉      | 396/1000 [11:29<13:12,  1.31s/it]Best trial: 175. Best value: 2367.04:  40%|███▉      | 397/1000 [11:29<13:01,  1.30s/it]                                                                                        Best trial: 175. Best value: 2367.04:  40%|███▉      | 397/1000 [11:31<13:01,  1.30s/it]Best trial: 175. Best value: 2367.04:  40%|███▉      | 397/1000 [11:31<13:01,  1.30s/it]Best trial: 175. Best value: 2367.04:  40%|███▉      | 398/1000 [11:31<12:55,  1.29s/it]                                                                                        Best trial: 175. Best value: 2367.04:  40%|███▉      | 398/1000 [11:32<12:55,  1.29s/it]Best trial: 175. Best value: 2367.04:  40%|███▉      | 398/1000 [11:32<12:55,  1.29s/it]Best trial: 175. Best value: 2367.04:  40%|███▉      | 399/1000 [11:32<12:44,  1.27s/it]                                                                                        Best trial: 175. Best value: 2367.04:  40%|███▉      | 399/1000 [11:33<12:44,  1.27s/it]Best trial: 175. Best value: 2367.04:  40%|███▉      | 399/1000 [11:33<12:44,  1.27s/it]Best trial: 175. Best value: 2367.04:  40%|████      | 400/1000 [11:33<12:46,  1.28s/it]                                                                                        Best trial: 175. Best value: 2367.04:  40%|████      | 400/1000 [11:35<12:46,  1.28s/it]Best trial: 175. Best value: 2367.04:  40%|████      | 400/1000 [11:35<12:46,  1.28s/it]Best trial: 175. Best value: 2367.04:  40%|████      | 401/1000 [11:35<12:42,  1.27s/it]                                                                                        Best trial: 175. Best value: 2367.04:  40%|████      | 401/1000 [11:36<12:42,  1.27s/it]Best trial: 175. Best value: 2367.04:  40%|████      | 401/1000 [11:36<12:42,  1.27s/it]Best trial: 175. Best value: 2367.04:  40%|████      | 402/1000 [11:36<12:40,  1.27s/it]                                                                                        Best trial: 175. Best value: 2367.04:  40%|████      | 402/1000 [11:37<12:40,  1.27s/it]Best trial: 175. Best value: 2367.04:  40%|████      | 402/1000 [11:37<12:40,  1.27s/it]Best trial: 175. Best value: 2367.04:  40%|████      | 403/1000 [11:37<12:33,  1.26s/it]                                                                                        Best trial: 175. Best value: 2367.04:  40%|████      | 403/1000 [11:38<12:33,  1.26s/it]Best trial: 175. Best value: 2367.04:  40%|████      | 403/1000 [11:38<12:33,  1.26s/it]Best trial: 175. Best value: 2367.04:  40%|████      | 404/1000 [11:38<12:32,  1.26s/it]                                                                                        Best trial: 175. Best value: 2367.04:  40%|████      | 404/1000 [11:40<12:32,  1.26s/it]Best trial: 175. Best value: 2367.04:  40%|████      | 404/1000 [11:40<12:32,  1.26s/it]Best trial: 175. Best value: 2367.04:  40%|████      | 405/1000 [11:40<12:29,  1.26s/it]                                                                                        Best trial: 175. Best value: 2367.04:  40%|████      | 405/1000 [11:41<12:29,  1.26s/it]Best trial: 175. Best value: 2367.04:  40%|████      | 405/1000 [11:41<12:29,  1.26s/it]Best trial: 175. Best value: 2367.04:  41%|████      | 406/1000 [11:41<12:30,  1.26s/it]                                                                                        Best trial: 175. Best value: 2367.04:  41%|████      | 406/1000 [11:42<12:30,  1.26s/it]Best trial: 175. Best value: 2367.04:  41%|████      | 406/1000 [11:42<12:30,  1.26s/it]Best trial: 175. Best value: 2367.04:  41%|████      | 407/1000 [11:42<12:33,  1.27s/it]                                                                                        
[I 2026-03-31 17:33:14,142] Trial 391 finished with value: 3181.1062463060052 and parameters: {'alpha_0': 0.0011501844503708993, 'alpha_1': 0.00010718376351541348, 'alpha_2': 7.655448314780564e-05, 'beta_0': 0.3139627137927142, 'beta_1': 1.0580711338318738, 'beta_2': 0.14664189788603013, 'beta_3': 0.0018423850747856473, 'beta_4': 0.7848121089942679, 'beta_5': 72.08605375084319, 'beta_6': 0.03144745319979542, 'beta_7': 0.032420568376426706}. Best is trial 175 with value: 2367.0380894697555.
