[I 2026-03-31 17:21:50,503] A new study created in memory with name: iter14_evolved
======================================================================
INNER LOOP SETUP
======================================================================

Iteration: 14
Backend: evolved
Reasoning: Iteration 14: Fix β₅ MoE Gating Layer Multiplier Bug (One Bug, One Fix)

**What Changed**:
- Added missing `× numMoELayers` multiplier to β₅ (MoE gating) basis function
- Reverted to iter7's stable 8-beta architecture (β₀-β₅, β₆-β₇, indices 0-7)
- Removed β₈ (MoE routing) and β₁₀ (batching inefficiency) until β₅ proven stable
- Warm-started from iter7 optimal coefficients (not iter13's inflated values)

**Why This Matters**:
- Iter13 catastrophic failure (loss 2387%, 15.4× worse than iter7) traced to single bug:
  β₅ basis function computed gating time for SINGLE layer but Scout has 56 MoE layers
- Evidence: β₅ = 1924.4 / 56 layers = 34.4 (within expected 1-50 range for per-layer coefficient)
- The β₈ (MoE routing) code already correctly multiplies by numMoELayers (line 290),
  but β₅ (MoE gating) was missing this multiplier (lines 230-238)

**Expected Outcome**:
- β₅ converges to 1-50 (physically plausible), not 1924.4 (catastrophic)
- Loss 2387% → <180% (targeting iter7 baseline 155% + margin for dataset shift)
- Three reasoning-lite experiments recover from 100% timeout errors
- Dense models recover to iter7 ±10pp (proves β₅ was sole cascade cause)

**Previous Iteration (13)**:
- Attempted to return to iter7 baseline + add β₈ + β₁₀
- Result: β₅ exploded 46,800× (0.0411 → 1924.4), worst iteration in history
- Root cause: Missing numMoELayers multiplier in β₅ basis function
- Dataset changed between iter7/iter13: reasoning → reasoning-lite (lighter load)

**This Iteration Strategy**:
- Return to iter7's PROVEN stable 8-beta architecture (NOT iter7+β₈+β₁₀)
- Fix β₅ basis function ONLY (add layer multiplier, copied from β₈ pattern)
- Validate fix works (β₅ converges to 1-50) before adding complexity in iter15+

Modified files: ['sim/latency/evolved_model.go']

Verifying declared files...
  ✓ sim/latency/evolved_model.go

Running pre-flight validation...
🔍 Validating backend 'evolved' integration...

  ✅ Backend registered in sim/bundle.go
  ✅ Auto-fetch block found in cmd/root.go
  ✅ Backend in analytical backends config loading condition
  ✅ BLIS binary is up-to-date

  🧪 Running test simulation with backend 'evolved'...
  📋 Using coefficients from iteration 14:
     Alpha: 3 coefficients
     Beta: 8 coefficients
  ✅ Test simulation succeeded

======================================================================
✅ ALL VALIDATION CHECKS PASSED
======================================================================

Backend 'evolved' is properly integrated and ready for optimization!


Coefficient bounds loaded:
  Alpha: 3 coefficients
  Beta: 8 coefficients

Python executable: /Users/dipanwitaguhathakurta/Downloads/inference-sim-package/inference-sim/.inference-sim-env/bin/python3

Compiling BLIS...
  ✓ Compilation successful (0.1s)

Setup complete. Ready to optimize evolved.
======================================================================

======================================================================
BAYESIAN OPTIMIZATION (1000 trials)
Random seed: 42 (deterministic)
======================================================================
  Warm-start: Enqueued initial trial with suggested values
  0%|          | 0/1000 [00:00<?, ?it/s]/Users/dipanwitaguhathakurta/Downloads/inference-sim-package/inference-sim/.inference-sim-env/lib/python3.13/site-packages/optuna/trial/_trial.py:656: UserWarning: Fixed parameter 'beta_3' with value 0.004403966639981373 is out of range for distribution FloatDistribution(high=0.002, log=False, low=0.0002, step=None).
  warnings.warn(
                                          0%|          | 0/1000 [00:01<?, ?it/s]Best trial: 0. Best value: 2834.49:   0%|          | 0/1000 [00:01<?, ?it/s]Best trial: 0. Best value: 2834.49:   0%|          | 1/1000 [00:01<23:48,  1.43s/it]                                                                                    Best trial: 0. Best value: 2834.49:   0%|          | 1/1000 [00:15<23:48,  1.43s/it]Best trial: 0. Best value: 2834.49:   0%|          | 1/1000 [00:15<23:48,  1.43s/it]Best trial: 0. Best value: 2834.49:   0%|          | 2/1000 [00:15<2:28:12,  8.91s/it]                                                                                      Best trial: 0. Best value: 2834.49:   0%|          | 2/1000 [00:25<2:28:12,  8.91s/it]Best trial: 0. Best value: 2834.49:   0%|          | 2/1000 [00:25<2:28:12,  8.91s/it]Best trial: 0. Best value: 2834.49:   0%|          | 3/1000 [00:25<2:34:00,  9.27s/it]                                                                                      Best trial: 0. Best value: 2834.49:   0%|          | 3/1000 [00:38<2:34:00,  9.27s/it]Best trial: 0. Best value: 2834.49:   0%|          | 3/1000 [00:38<2:34:00,  9.27s/it]Best trial: 0. Best value: 2834.49:   0%|          | 4/1000 [00:38<3:00:40, 10.88s/it]                                                                                      Best trial: 0. Best value: 2834.49:   0%|          | 4/1000 [00:39<3:00:40, 10.88s/it]Best trial: 4. Best value: 2692.08:   0%|          | 4/1000 [00:39<3:00:40, 10.88s/it]Best trial: 4. Best value: 2692.08:   0%|          | 5/1000 [00:39<2:02:22,  7.38s/it]                                                                                      Best trial: 4. Best value: 2692.08:   0%|          | 5/1000 [00:41<2:02:22,  7.38s/it]Best trial: 4. Best value: 2692.08:   0%|          | 5/1000 [00:41<2:02:22,  7.38s/it]Best trial: 4. Best value: 2692.08:   1%|          | 6/1000 [00:41<1:28:35,  5.35s/it]                                                                                      Best trial: 4. Best value: 2692.08:   1%|          | 6/1000 [00:42<1:28:35,  5.35s/it]Best trial: 4. Best value: 2692.08:   1%|          | 6/1000 [00:42<1:28:35,  5.35s/it]Best trial: 4. Best value: 2692.08:   1%|          | 7/1000 [00:42<1:08:08,  4.12s/it]                                                                                      Best trial: 4. Best value: 2692.08:   1%|          | 7/1000 [00:44<1:08:08,  4.12s/it]Best trial: 4. Best value: 2692.08:   1%|          | 7/1000 [00:44<1:08:08,  4.12s/it]Best trial: 4. Best value: 2692.08:   1%|          | 8/1000 [00:44<52:48,  3.19s/it]                                                                                      Best trial: 4. Best value: 2692.08:   1%|          | 8/1000 [00:45<52:48,  3.19s/it]Best trial: 4. Best value: 2692.08:   1%|          | 8/1000 [00:45<52:48,  3.19s/it]Best trial: 4. Best value: 2692.08:   1%|          | 9/1000 [00:45<44:16,  2.68s/it]                                                                                    Best trial: 4. Best value: 2692.08:   1%|          | 9/1000 [00:59<44:16,  2.68s/it]Best trial: 4. Best value: 2692.08:   1%|          | 9/1000 [00:59<44:16,  2.68s/it]Best trial: 4. Best value: 2692.08:   1%|          | 10/1000 [00:59<1:39:06,  6.01s/it]                                                                                       Best trial: 4. Best value: 2692.08:   1%|          | 10/1000 [01:00<1:39:06,  6.01s/it]Best trial: 4. Best value: 2692.08:   1%|          | 10/1000 [01:00<1:39:06,  6.01s/it]Best trial: 4. Best value: 2692.08:   1%|          | 11/1000 [01:00<1:14:40,  4.53s/it]                                                                                       Best trial: 4. Best value: 2692.08:   1%|          | 11/1000 [01:01<1:14:40,  4.53s/it]Best trial: 4. Best value: 2692.08:   1%|          | 11/1000 [01:01<1:14:40,  4.53s/it]Best trial: 4. Best value: 2692.08:   1%|          | 12/1000 [01:01<57:48,  3.51s/it]                                                                                       Best trial: 4. Best value: 2692.08:   1%|          | 12/1000 [01:02<57:48,  3.51s/it]Best trial: 4. Best value: 2692.08:   1%|          | 12/1000 [01:02<57:48,  3.51s/it]Best trial: 4. Best value: 2692.08:   1%|▏         | 13/1000 [01:02<46:23,  2.82s/it]                                                                                     Best trial: 4. Best value: 2692.08:   1%|▏         | 13/1000 [01:03<46:23,  2.82s/it]Best trial: 13. Best value: 2578.08:   1%|▏         | 13/1000 [01:03<46:23,  2.82s/it]Best trial: 13. Best value: 2578.08:   1%|▏         | 14/1000 [01:03<38:31,  2.34s/it]                                                                                      Best trial: 13. Best value: 2578.08:   1%|▏         | 14/1000 [01:05<38:31,  2.34s/it]Best trial: 13. Best value: 2578.08:   1%|▏         | 14/1000 [01:05<38:31,  2.34s/it]Best trial: 13. Best value: 2578.08:   2%|▏         | 15/1000 [01:05<33:12,  2.02s/it]                                                                                      Best trial: 13. Best value: 2578.08:   2%|▏         | 15/1000 [01:14<33:12,  2.02s/it]Best trial: 13. Best value: 2578.08:   2%|▏         | 15/1000 [01:14<33:12,  2.02s/it]Best trial: 13. Best value: 2578.08:   2%|▏         | 16/1000 [01:14<1:08:55,  4.20s/it]                                                                                        [I 2026-03-31 17:21:51,943] Trial 0 finished with value: 2834.4919231587505 and parameters: {'alpha_0': 0.0013203497002758444, 'alpha_1': 0.00011755415462300615, 'alpha_2': 9.05373651637129e-05, 'beta_0': 0.19116281832398505, 'beta_1': 1.107582827856762, 'beta_2': 0.1845841867110804, 'beta_3': 0.004403966639981373, 'beta_4': 0.713240961338525, 'beta_5': 0.0411178430799963, 'beta_6': 0.013157126573261829, 'beta_7': 0.026258732912539808}. Best is trial 0 with value: 2834.4919231587505.
[I 2026-03-31 17:22:06,090] Trial 1 finished with value: 9385.833217664514 and parameters: {'alpha_0': 0.001249080237694725, 'alpha_1': 0.00014507143064099162, 'alpha_2': 9.85595153449124e-05, 'beta_0': 0.31939631788866646, 'beta_1': 0.9092130483097056, 'beta_2': 0.17799726016810133, 'beta_3': 0.00030455050190275905, 'beta_4': 1.1063233020424545, 'beta_5': 60.11150117432088, 'beta_6': 0.08642834644654522, 'beta_7': 0.010617534828874073}. Best is trial 0 with value: 2834.4919231587505.
[I 2026-03-31 17:22:15,784] Trial 2 finished with value: 8089.008062021587 and parameters: {'alpha_0': 0.0024398197043239886, 'alpha_1': 0.00013324426408004218, 'alpha_2': 5.6987128854262094e-05, 'beta_0': 0.13182123524319528, 'beta_1': 0.9283831568974037, 'beta_2': 0.25212112147976884, 'beta_3': 0.001144561576938028, 'beta_4': 0.802361513049481, 'beta_5': 29.122914019804192, 'beta_6': 0.07536308289307363, 'beta_7': 0.014184815819561256}. Best is trial 0 with value: 2834.4919231587505.
[I 2026-03-31 17:22:29,144] Trial 3 finished with value: 11263.347707363002 and parameters: {'alpha_0': 0.0010842892970704364, 'alpha_1': 8.663618432936917e-05, 'alpha_2': 7.648559873736287e-05, 'beta_0': 0.40332918262685613, 'beta_1': 0.9397716475108518, 'beta_2': 0.35711721920680584, 'beta_3': 0.0012663462239516764, 'beta_4': 0.5325152889039984, 'beta_5': 60.75448519014384, 'beta_6': 0.024610274224038525, 'beta_7': 0.011951547789558386}. Best is trial 0 with value: 2834.4919231587505.
[I 2026-03-31 17:22:30,309] Trial 4 finished with value: 2692.0775116661252 and parameters: {'alpha_0': 0.0023977710745066664, 'alpha_1': 0.00014656320330745594, 'alpha_2': 0.00010467178784931689, 'beta_0': 0.18707619612801682, 'beta_1': 0.8683704798044688, 'beta_2': 0.4421165132560785, 'beta_3': 0.0009922744887312822, 'beta_4': 0.5854267643913452, 'beta_5': 49.51769101112702, 'beta_6': 0.008954679928250116, 'beta_7': 0.03727961206236346}. Best is trial 4 with value: 2692.0775116661252.
[I 2026-03-31 17:22:31,714] Trial 5 finished with value: 3190.9058735613726 and parameters: {'alpha_0': 0.0010175599632000337, 'alpha_1': 0.0001162522284353982, 'alpha_2': 6.493688608715287e-05, 'beta_0': 0.28403060953001485, 'beta_1': 1.1826971955402958, 'beta_2': 0.19242722776276353, 'beta_3': 0.0019452523299762054, 'beta_4': 1.0425929763527801, 'beta_5': 93.9498941564189, 'beta_6': 0.1079051452991796, 'beta_7': 0.027936999364332554}. Best is trial 4 with value: 2692.0775116661252.
[I 2026-03-31 17:22:33,299] Trial 6 finished with value: 10997.533876307447 and parameters: {'alpha_0': 0.002343748470046234, 'alpha_1': 5.884925020519195e-05, 'alpha_2': 5.5678628993531614e-05, 'beta_0': 0.07035228000974213, 'beta_1': 1.027731231534285, 'beta_2': 0.29433864484474104, 'beta_3': 0.0006884282571930126, 'beta_4': 1.0801162564063505, 'beta_5': 35.67533266935893, 'beta_6': 0.03730746861404879, 'beta_7': 0.026280882494747453}. Best is trial 4 with value: 2692.0775116661252.
[I 2026-03-31 17:22:34,515] Trial 7 finished with value: 2790.5025509184875 and parameters: {'alpha_0': 0.0007818484499495253, 'alpha_1': 0.00013021969807540395, 'alpha_2': 4.596405149438167e-05, 'beta_0': 0.49409912147023277, 'beta_1': 1.3405713385076603, 'beta_2': 0.1993578407670862, 'beta_3': 0.00020993981082248432, 'beta_4': 1.0708229999183838, 'beta_5': 70.68573438476172, 'beta_6': 0.08883582432471353, 'beta_7': 0.033138110400578374}. Best is trial 4 with value: 2692.0775116661252.
[I 2026-03-31 17:22:36,065] Trial 8 finished with value: 3499.1405750814456 and parameters: {'alpha_0': 0.0006480893034681807, 'alpha_1': 8.584657285442726e-05, 'alpha_2': 4.926952476201038e-05, 'beta_0': 0.4383965416440171, 'beta_1': 1.2363086887792905, 'beta_2': 0.26544901242632457, 'beta_3': 0.0003144050305148426, 'beta_4': 0.7176876252009635, 'beta_5': 32.518332202674706, 'beta_6': 0.08890471050887737, 'beta_7': 0.029126724140656392}. Best is trial 4 with value: 2692.0775116661252.
[I 2026-03-31 17:22:49,520] Trial 9 finished with value: 10472.73056845264 and parameters: {'alpha_0': 0.002274425485152653, 'alpha_1': 9.722149251619492e-05, 'alpha_2': 4.956753967506414e-05, 'beta_0': 0.3709601542503478, 'beta_1': 1.3325495340318283, 'beta_2': 0.38063859878474815, 'beta_3': 0.0015877409239182098, 'beta_4': 0.8456569174550735, 'beta_5': 52.27328293819941, 'beta_6': 0.05416721711123321, 'beta_7': 0.010762573802322857}. Best is trial 4 with value: 2692.0775116661252.
[I 2026-03-31 17:22:50,705] Trial 10 finished with value: 2718.1262376316995 and parameters: {'alpha_0': 0.0018149209055487157, 'alpha_1': 5.059971829558171e-05, 'alpha_2': 0.00011756296886302926, 'beta_0': 0.20608290113297978, 'beta_1': 0.8102715144049513, 'beta_2': 0.5352641520216104, 'beta_3': 0.0007351394089226185, 'beta_4': 0.5078127167481031, 'beta_5': 88.11703997690682, 'beta_6': 0.00641578449996779, 'beta_7': 0.03976987229218541}. Best is trial 4 with value: 2692.0775116661252.
[I 2026-03-31 17:22:51,882] Trial 11 finished with value: 2794.130477302759 and parameters: {'alpha_0': 0.0018501681853718963, 'alpha_1': 5.723110972159388e-05, 'alpha_2': 0.00011926987931216406, 'beta_0': 0.2041321971819904, 'beta_1': 0.807704105717615, 'beta_2': 0.5388327815859373, 'beta_3': 0.0007534548035145624, 'beta_4': 0.5055818582629508, 'beta_5': 94.83371979792723, 'beta_6': 0.011967214538177093, 'beta_7': 0.03996257281262367}. Best is trial 4 with value: 2692.0775116661252.
[I 2026-03-31 17:22:53,113] Trial 12 finished with value: 2738.92274156194 and parameters: {'alpha_0': 0.0018728402090144116, 'alpha_1': 7.333699254414586e-05, 'alpha_2': 0.00011926713082914543, 'beta_0': 0.18310153615795022, 'beta_1': 0.8022462524225202, 'beta_2': 0.5382206079168177, 'beta_3': 0.0008158685951702616, 'beta_4': 0.6178761194565772, 'beta_5': 79.99225503017121, 'beta_6': 0.042872796792582796, 'beta_7': 0.038674922666925876}. Best is trial 4 with value: 2692.0775116661252.
[I 2026-03-31 17:22:54,357] Trial 13 finished with value: 2578.0792171033345 and parameters: {'alpha_0': 0.0018268128572239651, 'alpha_1': 0.00010954555772697578, 'alpha_2': 0.0001053307005464453, 'beta_0': 0.09971062293104456, 'beta_1': 1.4757365622458185, 'beta_2': 0.4390286584947515, 'beta_3': 0.000948856640451316, 'beta_4': 0.634651915011877, 'beta_5': 14.097306846253346, 'beta_6': 0.009269540613919252, 'beta_7': 0.035242877966916254}. Best is trial 13 with value: 2578.0792171033345.
[I 2026-03-31 17:22:55,637] Trial 14 finished with value: 2747.420627766302 and parameters: {'alpha_0': 0.002140944506373384, 'alpha_1': 0.0001488503487189646, 'alpha_2': 0.00010293022974159985, 'beta_0': 0.051592819736370726, 'beta_1': 1.4562928115562155, 'beta_2': 0.44718346187384767, 'beta_3': 0.001409541704726896, 'beta_4': 0.6595206765192217, 'beta_5': 1.7025032626987127, 'beta_6': 0.02736211622489794, 'beta_7': 0.03370666130240322}. Best is trial 13 with value: 2578.0792171033345.
[I 2026-03-31 17:23:04,902] Trial 15 finished with value: 8445.472440275917 and parameters: {'alpha_0': 0.0015915641363800923, 'alpha_1': 0.0001041713814929568, 'alpha_2': 0.00010392309506772961, 'beta_0': 0.1191767670109907, 'beta_1': 1.4627634484894942, 'beta_2': 0.4327155288327128, 'beta_3': 0.0010032685783944873, 'beta_4': 0.9341042354491903, 'beta_5': 16.880322261525155, 'beta_6': 0.056969559576383846, 'beta_7': 0.020689450974645238}. Best is trial 13 with value: 2578.0792171033345.
