[I 2026-03-31 17:34:04,858] Trial 424 finished with value: 2606.68383028682 and parameters: {'alpha_0': 0.0008652098477898686, 'alpha_1': 6.28193343935849e-05, 'alpha_2': 7.433886637480453e-05, 'beta_0': 0.3580879948435872, 'beta_1': 1.1182074842208294, 'beta_2': 0.15110213273023113, 'beta_3': 0.0011023532689349296, 'beta_4': 0.7630040620931281, 'beta_5': 65.26112083223293, 'beta_6': 0.02893019767411976, 'beta_7': 0.03298483177404976}. Best is trial 175 with value: 2367.0380894697555.Best trial: 175. Best value: 2367.04:  42%|████▏     | 424/1000 [12:14<35:10,  3.66s/it]Best trial: 175. Best value: 2367.04:  42%|████▏     | 424/1000 [12:14<35:10,  3.66s/it]Best trial: 175. Best value: 2367.04:  42%|████▎     | 425/1000 [12:14<28:11,  2.94s/it]                                                                                        Best trial: 175. Best value: 2367.04:  42%|████▎     | 425/1000 [12:15<28:11,  2.94s/it]Best trial: 175. Best value: 2367.04:  42%|████▎     | 425/1000 [12:15<28:11,  2.94s/it]Best trial: 175. Best value: 2367.04:  43%|████▎     | 426/1000 [12:15<23:22,  2.44s/it]                                                                                        Best trial: 175. Best value: 2367.04:  43%|████▎     | 426/1000 [12:16<23:22,  2.44s/it]Best trial: 175. Best value: 2367.04:  43%|████▎     | 426/1000 [12:16<23:22,  2.44s/it]Best trial: 175. Best value: 2367.04:  43%|████▎     | 427/1000 [12:16<19:59,  2.09s/it]                                                                                        Best trial: 175. Best value: 2367.04:  43%|████▎     | 427/1000 [12:18<19:59,  2.09s/it]Best trial: 175. Best value: 2367.04:  43%|████▎     | 427/1000 [12:18<19:59,  2.09s/it]Best trial: 175. Best value: 2367.04:  43%|████▎     | 428/1000 [12:18<17:31,  1.84s/it]                                                                                        Best trial: 175. Best value: 2367.04:  43%|████▎     | 428/1000 [12:19<17:31,  1.84s/it]Best trial: 175. Best value: 2367.04:  43%|████▎     | 428/1000 [12:19<17:31,  1.84s/it]Best trial: 175. Best value: 2367.04:  43%|████▎     | 429/1000 [12:19<15:48,  1.66s/it]                                                                                        Best trial: 175. Best value: 2367.04:  43%|████▎     | 429/1000 [12:20<15:48,  1.66s/it]Best trial: 175. Best value: 2367.04:  43%|████▎     | 429/1000 [12:20<15:48,  1.66s/it]Best trial: 175. Best value: 2367.04:  43%|████▎     | 430/1000 [12:20<14:35,  1.54s/it]                                                                                        Best trial: 175. Best value: 2367.04:  43%|████▎     | 430/1000 [12:21<14:35,  1.54s/it]Best trial: 175. Best value: 2367.04:  43%|████▎     | 430/1000 [12:21<14:35,  1.54s/it]Best trial: 175. Best value: 2367.04:  43%|████▎     | 431/1000 [12:21<13:49,  1.46s/it]                                                                                        Best trial: 175. Best value: 2367.04:  43%|████▎     | 431/1000 [12:23<13:49,  1.46s/it]Best trial: 175. Best value: 2367.04:  43%|████▎     | 431/1000 [12:23<13:49,  1.46s/it]Best trial: 175. Best value: 2367.04:  43%|████▎     | 432/1000 [12:23<13:13,  1.40s/it]                                                                                        Best trial: 175. Best value: 2367.04:  43%|████▎     | 432/1000 [12:24<13:13,  1.40s/it]Best trial: 175. Best value: 2367.04:  43%|████▎     | 432/1000 [12:24<13:13,  1.40s/it]Best trial: 175. Best value: 2367.04:  43%|████▎     | 433/1000 [12:24<12:53,  1.36s/it]                                                                                        Best trial: 175. Best value: 2367.04:  43%|████▎     | 433/1000 [12:25<12:53,  1.36s/it]Best trial: 175. Best value: 2367.04:  43%|████▎     | 433/1000 [12:25<12:53,  1.36s/it]Best trial: 175. Best value: 2367.04:  43%|████▎     | 434/1000 [12:25<13:03,  1.38s/it]                                                                                        Best trial: 175. Best value: 2367.04:  43%|████▎     | 434/1000 [12:27<13:03,  1.38s/it]Best trial: 175. Best value: 2367.04:  43%|████▎     | 434/1000 [12:27<13:03,  1.38s/it]Best trial: 175. Best value: 2367.04:  44%|████▎     | 435/1000 [12:27<12:36,  1.34s/it]                                                                                        Best trial: 175. Best value: 2367.04:  44%|████▎     | 435/1000 [12:28<12:36,  1.34s/it]Best trial: 175. Best value: 2367.04:  44%|████▎     | 435/1000 [12:28<12:36,  1.34s/it]Best trial: 175. Best value: 2367.04:  44%|████▎     | 436/1000 [12:28<12:15,  1.30s/it]                                                                                        Best trial: 175. Best value: 2367.04:  44%|████▎     | 436/1000 [12:29<12:15,  1.30s/it]Best trial: 175. Best value: 2367.04:  44%|████▎     | 436/1000 [12:29<12:15,  1.30s/it]Best trial: 175. Best value: 2367.04:  44%|████▎     | 437/1000 [12:29<12:14,  1.30s/it]                                                                                        Best trial: 175. Best value: 2367.04:  44%|████▎     | 437/1000 [12:30<12:14,  1.30s/it]Best trial: 175. Best value: 2367.04:  44%|████▎     | 437/1000 [12:30<12:14,  1.30s/it]Best trial: 175. Best value: 2367.04:  44%|████▍     | 438/1000 [12:30<12:10,  1.30s/it]                                                                                        Best trial: 175. Best value: 2367.04:  44%|████▍     | 438/1000 [12:32<12:10,  1.30s/it]Best trial: 175. Best value: 2367.04:  44%|████▍     | 438/1000 [12:32<12:10,  1.30s/it]Best trial: 175. Best value: 2367.04:  44%|████▍     | 439/1000 [12:32<12:17,  1.31s/it]                                                                                        Best trial: 175. Best value: 2367.04:  44%|████▍     | 439/1000 [12:33<12:17,  1.31s/it]Best trial: 175. Best value: 2367.04:  44%|████▍     | 439/1000 [12:33<12:17,  1.31s/it]Best trial: 175. Best value: 2367.04:  44%|████▍     | 440/1000 [12:33<12:11,  1.31s/it]                                                                                        Best trial: 175. Best value: 2367.04:  44%|████▍     | 440/1000 [12:34<12:11,  1.31s/it]Best trial: 175. Best value: 2367.04:  44%|████▍     | 440/1000 [12:34<12:11,  1.31s/it]Best trial: 175. Best value: 2367.04:  44%|████▍     | 441/1000 [12:34<12:01,  1.29s/it]                                                                                        
[I 2026-03-31 17:34:06,142] Trial 425 finished with value: 2536.182172675661 and parameters: {'alpha_0': 0.0009620581734246695, 'alpha_1': 5.5081402401007376e-05, 'alpha_2': 7.020553472393392e-05, 'beta_0': 0.3314741137595754, 'beta_1': 1.0677363511545777, 'beta_2': 0.14054176809724936, 'beta_3': 0.001783527689269865, 'beta_4': 0.800846283322017, 'beta_5': 75.89145063992257, 'beta_6': 0.0421641105035578, 'beta_7': 0.031073300581057693}. Best is trial 175 with value: 2367.0380894697555.
[I 2026-03-31 17:34:07,418] Trial 426 finished with value: 2619.32632483406 and parameters: {'alpha_0': 0.0010000127627318549, 'alpha_1': 5.736753380657221e-05, 'alpha_2': 8.262459936056926e-05, 'beta_0': 0.3027715695556131, 'beta_1': 1.089548252590474, 'beta_2': 0.1290774072560376, 'beta_3': 0.0017130472717070736, 'beta_4': 0.7736651618325657, 'beta_5': 54.398611905679516, 'beta_6': 0.03455091420620182, 'beta_7': 0.0342056158591384}. Best is trial 175 with value: 2367.0380894697555.
[I 2026-03-31 17:34:08,662] Trial 427 finished with value: 2554.3129583738446 and parameters: {'alpha_0': 0.0010602688457996496, 'alpha_1': 5.006397353825408e-05, 'alpha_2': 6.685824283261612e-05, 'beta_0': 0.3204798163567627, 'beta_1': 1.1359975191869998, 'beta_2': 0.16741895296174103, 'beta_3': 0.001864358186880043, 'beta_4': 0.8076705264972658, 'beta_5': 69.43176224962066, 'beta_6': 0.039925743570092403, 'beta_7': 0.032011088146274944}. Best is trial 175 with value: 2367.0380894697555.
[I 2026-03-31 17:34:09,908] Trial 428 finished with value: 2559.351533749111 and parameters: {'alpha_0': 0.0011026653179569187, 'alpha_1': 6.032747417181517e-05, 'alpha_2': 5.352212190276645e-05, 'beta_0': 0.3420339800469633, 'beta_1': 1.051102620025724, 'beta_2': 0.10084214571755323, 'beta_3': 0.0006688732727771846, 'beta_4': 0.757793471183665, 'beta_5': 58.7366478104454, 'beta_6': 0.03645611951399942, 'beta_7': 0.033320338070367814}. Best is trial 175 with value: 2367.0380894697555.
[I 2026-03-31 17:34:11,153] Trial 429 finished with value: 2512.2945559662967 and parameters: {'alpha_0': 0.000910370224592313, 'alpha_1': 5.302269111644752e-05, 'alpha_2': 6.00136462711592e-05, 'beta_0': 0.30944557206832024, 'beta_1': 1.1066472016829954, 'beta_2': 0.2897107386564722, 'beta_3': 0.0011575469837843857, 'beta_4': 1.0765099289966114, 'beta_5': 60.93243578210709, 'beta_6': 0.03229349931674861, 'beta_7': 0.03261664477277416}. Best is trial 175 with value: 2367.0380894697555.
[I 2026-03-31 17:34:12,426] Trial 430 finished with value: 2672.252966011647 and parameters: {'alpha_0': 0.0014517982542205745, 'alpha_1': 6.502939863348518e-05, 'alpha_2': 6.301333021228791e-05, 'beta_0': 0.35108285417952384, 'beta_1': 1.0145766729635022, 'beta_2': 0.11828117747197872, 'beta_3': 0.0012389433834454327, 'beta_4': 0.7909764529767933, 'beta_5': 63.532654811597475, 'beta_6': 0.024877403828676262, 'beta_7': 0.03518992282771904}. Best is trial 175 with value: 2367.0380894697555.
[I 2026-03-31 17:34:13,682] Trial 431 finished with value: 2452.716437174372 and parameters: {'alpha_0': 0.001200560219676683, 'alpha_1': 5.6078103540021386e-05, 'alpha_2': 6.514085945220933e-05, 'beta_0': 0.37032228845105297, 'beta_1': 1.0010057595648176, 'beta_2': 0.14486629181711885, 'beta_3': 0.001685053203729581, 'beta_4': 0.8221615132437955, 'beta_5': 56.61315450475924, 'beta_6': 0.02972864702060564, 'beta_7': 0.03171271173430896}. Best is trial 175 with value: 2367.0380894697555.
[I 2026-03-31 17:34:14,972] Trial 432 finished with value: 2481.930790953652 and parameters: {'alpha_0': 0.0011432924921224129, 'alpha_1': 5.4370601212364374e-05, 'alpha_2': 7.128362735388164e-05, 'beta_0': 0.3313088235747219, 'beta_1': 1.0748980493373206, 'beta_2': 0.1353707335639193, 'beta_3': 0.001807665917853976, 'beta_4': 0.7797087724817512, 'beta_5': 67.4904241625093, 'beta_6': 0.0341943494665482, 'beta_7': 0.030949966249371894}. Best is trial 175 with value: 2367.0380894697555.
[I 2026-03-31 17:34:16,400] Trial 433 finished with value: 7270.377814472345 and parameters: {'alpha_0': 0.0008430507628903435, 'alpha_1': 5.8906282381797004e-05, 'alpha_2': 6.846202823422864e-05, 'beta_0': 0.29188710615655894, 'beta_1': 1.0338934115324094, 'beta_2': 0.30936763561980957, 'beta_3': 0.001622259767856442, 'beta_4': 1.1054442171868852, 'beta_5': 50.43448299603972, 'beta_6': 0.03817150638407361, 'beta_7': 0.0268277241609301}. Best is trial 175 with value: 2367.0380894697555.
[I 2026-03-31 17:34:17,632] Trial 434 finished with value: 2726.6651266537433 and parameters: {'alpha_0': 0.0009293110939862336, 'alpha_1': 6.145174551791658e-05, 'alpha_2': 6.109250330843385e-05, 'beta_0': 0.35891493366905236, 'beta_1': 1.0548166938337862, 'beta_2': 0.15576135343620187, 'beta_3': 0.0017438226113169226, 'beta_4': 0.7425667594320439, 'beta_5': 96.72294739224938, 'beta_6': 0.036072185121201306, 'beta_7': 0.032410294985237106}. Best is trial 175 with value: 2367.0380894697555.
[I 2026-03-31 17:34:18,854] Trial 435 finished with value: 2478.5084681659673 and parameters: {'alpha_0': 0.0010174166650239475, 'alpha_1': 5.665946404437939e-05, 'alpha_2': 8.03742948347176e-05, 'beta_0': 0.31798799852039533, 'beta_1': 1.0860400296322468, 'beta_2': 0.11342533416031166, 'beta_3': 0.001658536960875031, 'beta_4': 0.8401599991308651, 'beta_5': 59.249891801215895, 'beta_6': 0.027425509460954834, 'beta_7': 0.03150681497726489}. Best is trial 175 with value: 2367.0380894697555.
[I 2026-03-31 17:34:20,162] Trial 436 finished with value: 2642.8293027718933 and parameters: {'alpha_0': 0.0009706165707363889, 'alpha_1': 5.221779977981043e-05, 'alpha_2': 7.335960921031357e-05, 'beta_0': 0.33895697264907515, 'beta_1': 1.126785360559725, 'beta_2': 0.12522957975350157, 'beta_3': 0.001779633993237236, 'beta_4': 0.797502519743238, 'beta_5': 65.45726888419898, 'beta_6': 0.031345005025336894, 'beta_7': 0.033715289686952345}. Best is trial 175 with value: 2367.0380894697555.
[I 2026-03-31 17:34:21,450] Trial 437 finished with value: 2846.901980140765 and parameters: {'alpha_0': 0.0008706692954404276, 'alpha_1': 8.604174471446154e-05, 'alpha_2': 6.66961431115038e-05, 'beta_0': 0.3803262208388515, 'beta_1': 1.0665127627964586, 'beta_2': 0.4394280022978043, 'beta_3': 0.001833054491667761, 'beta_4': 0.7665516884697842, 'beta_5': 53.13218072679271, 'beta_6': 0.040463770319360014, 'beta_7': 0.032609700221040386}. Best is trial 175 with value: 2367.0380894697555.
[I 2026-03-31 17:34:22,799] Trial 438 finished with value: 2490.0763082363137 and parameters: {'alpha_0': 0.001058347595078975, 'alpha_1': 5.451918250118642e-05, 'alpha_2': 6.422586645388109e-05, 'beta_0': 0.3477655133151212, 'beta_1': 1.3636404000224223, 'beta_2': 0.14732141277594482, 'beta_3': 0.0017318079956332845, 'beta_4': 0.8624327500070358, 'beta_5': 62.12388980561767, 'beta_6': 0.03269448691083241, 'beta_7': 0.030051180470213563}. Best is trial 175 with value: 2367.0380894697555.
[I 2026-03-31 17:34:24,088] Trial 439 finished with value: 2657.668353307319 and parameters: {'alpha_0': 0.0008935394395222583, 'alpha_1': 8.303009823713572e-05, 'alpha_2': 6.253887978347219e-05, 'beta_0': 0.32741201972416334, 'beta_1': 1.0999842602926797, 'beta_2': 0.5837704566955091, 'beta_3': 0.0012983912985978171, 'beta_4': 0.8115427146280881, 'beta_5': 70.61415069214266, 'beta_6': 0.04351789327812368, 'beta_7': 0.030680649401489117}. Best is trial 175 with value: 2367.0380894697555.
[I 2026-03-31 17:34:25,343] Trial 440 finished with value: 2509.062960376529 and parameters: {'alpha_0': 0.000944025658955501, 'alpha_1': 5.9325635782147834e-05, 'alpha_2': 6.575162711038219e-05, 'beta_0': 0.3113043072202972, 'beta_1': 1.0434986360668057, 'beta_2': 0.1595793342712455, 'beta_3': 0.0016874475430028305, 'beta_4': 0.7879718701619135, 'beta_5': 93.22026857806438, 'beta_6': 0.03655774167028511, 'beta_7': 0.03197408682654873}. Best is trial 175 with value: 2367.0380894697555.
[I 2026-03-31 17:34:26,628] Trial 441 finished with value: 2653.131373395331 and parameters: {'alpha_0': 0.0008253344785936907, 'alpha_1': 6.313973503657256e-05, 'alpha_2': 7.549844434147993e-05, 'beta_0': 0.30028279478880926, 'beta_1': 1.1138525493627158, 'beta_2': 0.1355531586459182, 'beta_3': 0.0017531092508150275, 'beta_4': 0.8223424389701589, 'beta_5': 56.605544027989446, 'beta_6': 0.029739299884007187, 'beta_7': 0.03308789632738692}. Best is trial 175 with value: 2367.0380894697555.Best trial: 175. Best value: 2367.04:  44%|████▍     | 441/1000 [12:36<12:01,  1.29s/it]Best trial: 175. Best value: 2367.04:  44%|████▍     | 441/1000 [12:36<12:01,  1.29s/it]Best trial: 175. Best value: 2367.04:  44%|████▍     | 442/1000 [12:36<11:59,  1.29s/it]                                                                                        Best trial: 175. Best value: 2367.04:  44%|████▍     | 442/1000 [12:37<11:59,  1.29s/it]Best trial: 175. Best value: 2367.04:  44%|████▍     | 442/1000 [12:37<11:59,  1.29s/it]Best trial: 175. Best value: 2367.04:  44%|████▍     | 443/1000 [12:37<11:57,  1.29s/it]                                                                                        Best trial: 175. Best value: 2367.04:  44%|████▍     | 443/1000 [12:38<11:57,  1.29s/it]Best trial: 175. Best value: 2367.04:  44%|████▍     | 443/1000 [12:38<11:57,  1.29s/it]Best trial: 175. Best value: 2367.04:  44%|████▍     | 444/1000 [12:38<11:50,  1.28s/it]                                                                                        Best trial: 175. Best value: 2367.04:  44%|████▍     | 444/1000 [12:39<11:50,  1.28s/it]Best trial: 175. Best value: 2367.04:  44%|████▍     | 444/1000 [12:39<11:50,  1.28s/it]Best trial: 175. Best value: 2367.04:  44%|████▍     | 445/1000 [12:39<11:36,  1.26s/it]                                                                                        Best trial: 175. Best value: 2367.04:  44%|████▍     | 445/1000 [12:41<11:36,  1.26s/it]Best trial: 175. Best value: 2367.04:  44%|████▍     | 445/1000 [12:41<11:36,  1.26s/it]Best trial: 175. Best value: 2367.04:  45%|████▍     | 446/1000 [12:41<11:35,  1.25s/it]                                                                                        Best trial: 175. Best value: 2367.04:  45%|████▍     | 446/1000 [12:42<11:35,  1.25s/it]Best trial: 175. Best value: 2367.04:  45%|████▍     | 446/1000 [12:42<11:35,  1.25s/it]Best trial: 175. Best value: 2367.04:  45%|████▍     | 447/1000 [12:42<11:36,  1.26s/it]                                                                                        Best trial: 175. Best value: 2367.04:  45%|████▍     | 447/1000 [12:43<11:36,  1.26s/it]Best trial: 175. Best value: 2367.04:  45%|████▍     | 447/1000 [12:43<11:36,  1.26s/it]Best trial: 175. Best value: 2367.04:  45%|████▍     | 448/1000 [12:43<11:35,  1.26s/it]                                                                                        Best trial: 175. Best value: 2367.04:  45%|████▍     | 448/1000 [12:44<11:35,  1.26s/it]Best trial: 175. Best value: 2367.04:  45%|████▍     | 448/1000 [12:44<11:35,  1.26s/it]Best trial: 175. Best value: 2367.04:  45%|████▍     | 449/1000 [12:44<11:33,  1.26s/it]                                                                                        Best trial: 175. Best value: 2367.04:  45%|████▍     | 449/1000 [12:46<11:33,  1.26s/it]Best trial: 175. Best value: 2367.04:  45%|████▍     | 449/1000 [12:46<11:33,  1.26s/it]Best trial: 175. Best value: 2367.04:  45%|████▌     | 450/1000 [12:46<11:35,  1.26s/it]                                                                                        Best trial: 175. Best value: 2367.04:  45%|████▌     | 450/1000 [12:47<11:35,  1.26s/it]Best trial: 175. Best value: 2367.04:  45%|████▌     | 450/1000 [12:47<11:35,  1.26s/it]Best trial: 175. Best value: 2367.04:  45%|████▌     | 451/1000 [12:47<11:30,  1.26s/it]                                                                                        Best trial: 175. Best value: 2367.04:  45%|████▌     | 451/1000 [12:57<11:30,  1.26s/it]Best trial: 175. Best value: 2367.04:  45%|████▌     | 451/1000 [12:57<11:30,  1.26s/it]Best trial: 175. Best value: 2367.04:  45%|████▌     | 452/1000 [12:57<35:42,  3.91s/it]                                                                                        Best trial: 175. Best value: 2367.04:  45%|████▌     | 452/1000 [12:59<35:42,  3.91s/it]Best trial: 175. Best value: 2367.04:  45%|████▌     | 452/1000 [12:59<35:42,  3.91s/it]Best trial: 175. Best value: 2367.04:  45%|████▌     | 453/1000 [12:59<29:04,  3.19s/it]                                                                                        Best trial: 175. Best value: 2367.04:  45%|████▌     | 453/1000 [13:00<29:04,  3.19s/it]Best trial: 175. Best value: 2367.04:  45%|████▌     | 453/1000 [13:00<29:04,  3.19s/it]Best trial: 175. Best value: 2367.04:  45%|████▌     | 454/1000 [13:00<23:42,  2.61s/it]                                                                                        Best trial: 175. Best value: 2367.04:  45%|████▌     | 454/1000 [13:01<23:42,  2.61s/it]Best trial: 175. Best value: 2367.04:  45%|████▌     | 454/1000 [13:01<23:42,  2.61s/it]Best trial: 175. Best value: 2367.04:  46%|████▌     | 455/1000 [13:01<19:53,  2.19s/it]                                                                                        Best trial: 175. Best value: 2367.04:  46%|████▌     | 455/1000 [13:02<19:53,  2.19s/it]Best trial: 175. Best value: 2367.04:  46%|████▌     | 455/1000 [13:02<19:53,  2.19s/it]Best trial: 175. Best value: 2367.04:  46%|████▌     | 456/1000 [13:02<17:25,  1.92s/it]                                                                                        Best trial: 175. Best value: 2367.04:  46%|████▌     | 456/1000 [13:04<17:25,  1.92s/it]Best trial: 175. Best value: 2367.04:  46%|████▌     | 456/1000 [13:04<17:25,  1.92s/it]Best trial: 175. Best value: 2367.04:  46%|████▌     | 457/1000 [13:04<15:56,  1.76s/it]                                                                                        Best trial: 175. Best value: 2367.04:  46%|████▌     | 457/1000 [13:05<15:56,  1.76s/it]Best trial: 175. Best value: 2367.04:  46%|████▌     | 457/1000 [13:05<15:56,  1.76s/it]Best trial: 175. Best value: 2367.04:  46%|████▌     | 458/1000 [13:05<14:37,  1.62s/it]                                                                                        
[I 2026-03-31 17:34:27,913] Trial 442 finished with value: 2579.2801727132683 and parameters: {'alpha_0': 0.0010086817050395482, 'alpha_1': 5.7301866026419786e-05, 'alpha_2': 6.932232733461621e-05, 'beta_0': 0.335925244279495, 'beta_1': 1.0732827586468827, 'beta_2': 0.1813261413178214, 'beta_3': 0.0007091850825588094, 'beta_4': 0.7572356661686469, 'beta_5': 59.65658450073946, 'beta_6': 0.03447420570899255, 'beta_7': 0.03123744481676309}. Best is trial 175 with value: 2367.0380894697555.
[I 2026-03-31 17:34:29,168] Trial 443 finished with value: 2569.930505137115 and parameters: {'alpha_0': 0.001100314212354055, 'alpha_1': 5.1648780884561946e-05, 'alpha_2': 7.797561975813489e-05, 'beta_0': 0.3249753450634671, 'beta_1': 1.0927043397789293, 'beta_2': 0.2592580387880288, 'beta_3': 0.0018085646004593404, 'beta_4': 0.7787002869006611, 'beta_5': 63.7056000807432, 'beta_6': 0.039272217336879786, 'beta_7': 0.03206698773921317}. Best is trial 175 with value: 2367.0380894697555.
