[I 2026-03-31 17:30:05,062] Trial 271 finished with value: 2592.1831651871616 and parameters: {'alpha_0': 0.0008833798870390526, 'alpha_1': 5.412155598001447e-05, 'alpha_2': 6.621848067372255e-05, 'beta_0': 0.3471906323473073, 'beta_1': 1.0575094491020967, 'beta_2': 0.1570104335267235, 'beta_3': 0.0016980060916063555, 'beta_4': 0.8045647116010969, 'beta_5': 55.86334415544511, 'beta_6': 0.07155880746827027, 'beta_7': 0.03188107534156173}. Best is trial 175 with value: 2367.0380894697555.Best trial: 175. Best value: 2367.04:  27%|██▋       | 271/1000 [08:14<15:32,  1.28s/it]Best trial: 175. Best value: 2367.04:  27%|██▋       | 271/1000 [08:14<15:32,  1.28s/it]Best trial: 175. Best value: 2367.04:  27%|██▋       | 272/1000 [08:14<15:24,  1.27s/it]                                                                                        Best trial: 175. Best value: 2367.04:  27%|██▋       | 272/1000 [08:15<15:24,  1.27s/it]Best trial: 175. Best value: 2367.04:  27%|██▋       | 272/1000 [08:15<15:24,  1.27s/it]Best trial: 175. Best value: 2367.04:  27%|██▋       | 273/1000 [08:15<15:22,  1.27s/it]                                                                                        Best trial: 175. Best value: 2367.04:  27%|██▋       | 273/1000 [08:16<15:22,  1.27s/it]Best trial: 175. Best value: 2367.04:  27%|██▋       | 273/1000 [08:16<15:22,  1.27s/it]Best trial: 175. Best value: 2367.04:  27%|██▋       | 274/1000 [08:16<14:51,  1.23s/it]                                                                                        Best trial: 175. Best value: 2367.04:  27%|██▋       | 274/1000 [08:18<14:51,  1.23s/it]Best trial: 175. Best value: 2367.04:  27%|██▋       | 274/1000 [08:18<14:51,  1.23s/it]Best trial: 175. Best value: 2367.04:  28%|██▊       | 275/1000 [08:18<14:59,  1.24s/it]                                                                                        Best trial: 175. Best value: 2367.04:  28%|██▊       | 275/1000 [08:19<14:59,  1.24s/it]Best trial: 175. Best value: 2367.04:  28%|██▊       | 275/1000 [08:19<14:59,  1.24s/it]Best trial: 175. Best value: 2367.04:  28%|██▊       | 276/1000 [08:19<14:58,  1.24s/it]                                                                                        Best trial: 175. Best value: 2367.04:  28%|██▊       | 276/1000 [08:20<14:58,  1.24s/it]Best trial: 175. Best value: 2367.04:  28%|██▊       | 276/1000 [08:20<14:58,  1.24s/it]Best trial: 175. Best value: 2367.04:  28%|██▊       | 277/1000 [08:20<15:02,  1.25s/it]                                                                                        Best trial: 175. Best value: 2367.04:  28%|██▊       | 277/1000 [08:21<15:02,  1.25s/it]Best trial: 175. Best value: 2367.04:  28%|██▊       | 277/1000 [08:21<15:02,  1.25s/it]Best trial: 175. Best value: 2367.04:  28%|██▊       | 278/1000 [08:21<15:01,  1.25s/it]                                                                                        Best trial: 175. Best value: 2367.04:  28%|██▊       | 278/1000 [08:23<15:01,  1.25s/it]Best trial: 175. Best value: 2367.04:  28%|██▊       | 278/1000 [08:23<15:01,  1.25s/it]Best trial: 175. Best value: 2367.04:  28%|██▊       | 279/1000 [08:23<14:53,  1.24s/it]                                                                                        Best trial: 175. Best value: 2367.04:  28%|██▊       | 279/1000 [08:24<14:53,  1.24s/it]Best trial: 175. Best value: 2367.04:  28%|██▊       | 279/1000 [08:24<14:53,  1.24s/it]Best trial: 175. Best value: 2367.04:  28%|██▊       | 280/1000 [08:24<14:48,  1.23s/it]                                                                                        Best trial: 175. Best value: 2367.04:  28%|██▊       | 280/1000 [08:29<14:48,  1.23s/it]Best trial: 175. Best value: 2367.04:  28%|██▊       | 280/1000 [08:29<14:48,  1.23s/it]Best trial: 175. Best value: 2367.04:  28%|██▊       | 281/1000 [08:29<29:04,  2.43s/it]                                                                                        Best trial: 175. Best value: 2367.04:  28%|██▊       | 281/1000 [08:30<29:04,  2.43s/it]Best trial: 175. Best value: 2367.04:  28%|██▊       | 281/1000 [08:30<29:04,  2.43s/it]Best trial: 175. Best value: 2367.04:  28%|██▊       | 282/1000 [08:30<24:55,  2.08s/it]                                                                                        Best trial: 175. Best value: 2367.04:  28%|██▊       | 282/1000 [08:32<24:55,  2.08s/it]Best trial: 175. Best value: 2367.04:  28%|██▊       | 282/1000 [08:32<24:55,  2.08s/it]Best trial: 175. Best value: 2367.04:  28%|██▊       | 283/1000 [08:32<22:00,  1.84s/it]                                                                                        Best trial: 175. Best value: 2367.04:  28%|██▊       | 283/1000 [08:33<22:00,  1.84s/it]Best trial: 175. Best value: 2367.04:  28%|██▊       | 283/1000 [08:33<22:00,  1.84s/it]Best trial: 175. Best value: 2367.04:  28%|██▊       | 284/1000 [08:33<19:58,  1.67s/it]                                                                                        Best trial: 175. Best value: 2367.04:  28%|██▊       | 284/1000 [08:34<19:58,  1.67s/it]Best trial: 175. Best value: 2367.04:  28%|██▊       | 284/1000 [08:34<19:58,  1.67s/it]Best trial: 175. Best value: 2367.04:  28%|██▊       | 285/1000 [08:34<18:27,  1.55s/it]                                                                                        Best trial: 175. Best value: 2367.04:  28%|██▊       | 285/1000 [08:35<18:27,  1.55s/it]Best trial: 175. Best value: 2367.04:  28%|██▊       | 285/1000 [08:35<18:27,  1.55s/it]Best trial: 175. Best value: 2367.04:  29%|██▊       | 286/1000 [08:35<17:18,  1.45s/it]                                                                                        Best trial: 175. Best value: 2367.04:  29%|██▊       | 286/1000 [08:37<17:18,  1.45s/it]Best trial: 175. Best value: 2367.04:  29%|██▊       | 286/1000 [08:37<17:18,  1.45s/it]Best trial: 175. Best value: 2367.04:  29%|██▊       | 287/1000 [08:37<16:41,  1.40s/it]                                                                                        Best trial: 175. Best value: 2367.04:  29%|██▊       | 287/1000 [08:38<16:41,  1.40s/it]Best trial: 175. Best value: 2367.04:  29%|██▊       | 287/1000 [08:38<16:41,  1.40s/it]Best trial: 175. Best value: 2367.04:  29%|██▉       | 288/1000 [08:38<16:07,  1.36s/it]                                                                                        
[I 2026-03-31 17:30:06,331] Trial 272 finished with value: 2758.986664922327 and parameters: {'alpha_0': 0.0009446749731824768, 'alpha_1': 5.765161106505643e-05, 'alpha_2': 6.181813134034073e-05, 'beta_0': 0.3334229824499666, 'beta_1': 1.0486718226727065, 'beta_2': 0.13663954913185408, 'beta_3': 0.001767551854879482, 'beta_4': 0.7745625306437998, 'beta_5': 58.96806807772728, 'beta_6': 0.022203368149619405, 'beta_7': 0.033304622929885765}. Best is trial 175 with value: 2367.0380894697555.
[I 2026-03-31 17:30:07,464] Trial 273 finished with value: 3319.7958286756375 and parameters: {'alpha_0': 0.0010833978987863646, 'alpha_1': 5.2561014949631045e-05, 'alpha_2': 6.445662367090021e-05, 'beta_0': 0.34645821655185327, 'beta_1': 1.0900209966384182, 'beta_2': 0.14702245152560403, 'beta_3': 0.0016396855172734477, 'beta_4': 0.7566010534278794, 'beta_5': 68.66099845110438, 'beta_6': 0.03735936279237578, 'beta_7': 0.039561512264008225}. Best is trial 175 with value: 2367.0380894697555.
[I 2026-03-31 17:30:08,734] Trial 274 finished with value: 2380.444178054815 and parameters: {'alpha_0': 0.0008079311808562886, 'alpha_1': 6.13407455976973e-05, 'alpha_2': 6.725563330932731e-05, 'beta_0': 0.3779503415701651, 'beta_1': 1.1129801876558367, 'beta_2': 0.16848932966380042, 'beta_3': 0.0010219932377410407, 'beta_4': 0.8229793543506962, 'beta_5': 73.800222287749, 'beta_6': 0.03276394333262918, 'beta_7': 0.03258549910943641}. Best is trial 175 with value: 2367.0380894697555.
[I 2026-03-31 17:30:09,977] Trial 275 finished with value: 2530.6981178586893 and parameters: {'alpha_0': 0.0008361061387578831, 'alpha_1': 6.562831358452657e-05, 'alpha_2': 6.714732938836497e-05, 'beta_0': 0.32035790481574994, 'beta_1': 1.1328210729628048, 'beta_2': 0.16976858784045562, 'beta_3': 0.0010963135629684373, 'beta_4': 0.8219668351784564, 'beta_5': 62.20125385965734, 'beta_6': 0.02788521345904179, 'beta_7': 0.032769894396163526}. Best is trial 175 with value: 2367.0380894697555.
[I 2026-03-31 17:30:11,243] Trial 276 finished with value: 2789.2562939059712 and parameters: {'alpha_0': 0.0008103846055326469, 'alpha_1': 6.190167658226546e-05, 'alpha_2': 6.552786681162821e-05, 'beta_0': 0.33320771212099154, 'beta_1': 1.1064819174619662, 'beta_2': 0.1624917781738467, 'beta_3': 0.0010166869212176327, 'beta_4': 0.8247579657444223, 'beta_5': 57.15029900365164, 'beta_6': 0.031065821409965895, 'beta_7': 0.033943752748940945}. Best is trial 175 with value: 2367.0380894697555.
[I 2026-03-31 17:30:12,493] Trial 277 finished with value: 2588.450332699399 and parameters: {'alpha_0': 0.0008818370272250444, 'alpha_1': 6.454174466305303e-05, 'alpha_2': 6.802713606904632e-05, 'beta_0': 0.37624139956910435, 'beta_1': 1.0931094536088197, 'beta_2': 0.1767237784464782, 'beta_3': 0.001112795351757004, 'beta_4': 0.7981159154044092, 'beta_5': 59.93804387595555, 'beta_6': 0.03852269863030611, 'beta_7': 0.0380395551449782}. Best is trial 175 with value: 2367.0380894697555.
[I 2026-03-31 17:30:13,709] Trial 278 finished with value: 2700.6688485317004 and parameters: {'alpha_0': 0.0010043674067625537, 'alpha_1': 6.064896600929217e-05, 'alpha_2': 6.346935498751855e-05, 'beta_0': 0.36276319689301595, 'beta_1': 1.064166145688535, 'beta_2': 0.1605372764201756, 'beta_3': 0.0017915946097775296, 'beta_4': 0.7943922606044348, 'beta_5': 64.9912432483763, 'beta_6': 0.02477950814566389, 'beta_7': 0.032344479256741485}. Best is trial 175 with value: 2367.0380894697555.
[I 2026-03-31 17:30:14,932] Trial 279 finished with value: 4020.8641008903637 and parameters: {'alpha_0': 0.0008472527631748828, 'alpha_1': 5.954215789637696e-05, 'alpha_2': 6.056833262242516e-05, 'beta_0': 0.3087022355161029, 'beta_1': 1.1112400354654952, 'beta_2': 0.1493158035368624, 'beta_3': 0.0010079392422857156, 'beta_4': 0.8069191491357885, 'beta_5': 54.48982386575105, 'beta_6': 0.07988464651011973, 'beta_7': 0.033279767095142306}. Best is trial 175 with value: 2367.0380894697555.
[I 2026-03-31 17:30:20,138] Trial 280 finished with value: 8746.87582486791 and parameters: {'alpha_0': 0.0009458900290567883, 'alpha_1': 5.7564910070030023e-05, 'alpha_2': 6.629780443869601e-05, 'beta_0': 0.3209613943358586, 'beta_1': 1.1255271921720365, 'beta_2': 0.17055436031249036, 'beta_3': 0.0017204120786174584, 'beta_4': 0.7804782766684046, 'beta_5': 81.14891481673608, 'beta_6': 0.033121989456740865, 'beta_7': 0.02302883163137293}. Best is trial 175 with value: 2367.0380894697555.
[I 2026-03-31 17:30:21,422] Trial 281 finished with value: 2557.2061936468754 and parameters: {'alpha_0': 0.0009237985957691117, 'alpha_1': 6.337385138056493e-05, 'alpha_2': 6.257544616121617e-05, 'beta_0': 0.3862197146045592, 'beta_1': 1.0084424187866408, 'beta_2': 0.14156713850469038, 'beta_3': 0.0016803349178290353, 'beta_4': 0.8306374091318909, 'beta_5': 58.41313412375181, 'beta_6': 0.029537699114414753, 'beta_7': 0.031273499777442836}. Best is trial 175 with value: 2367.0380894697555.
[I 2026-03-31 17:30:22,702] Trial 282 finished with value: 2498.587480843782 and parameters: {'alpha_0': 0.0007903952287578613, 'alpha_1': 5.5985438050241697e-05, 'alpha_2': 5.676946175462188e-05, 'beta_0': 0.3535860904666371, 'beta_1': 1.1056350187258346, 'beta_2': 0.12080493710437869, 'beta_3': 0.0009571119392127092, 'beta_4': 0.7897519268756866, 'beta_5': 63.38344645306181, 'beta_6': 0.03672583237436071, 'beta_7': 0.03194870642610343}. Best is trial 175 with value: 2367.0380894697555.
[I 2026-03-31 17:30:23,981] Trial 283 finished with value: 2589.022475445092 and parameters: {'alpha_0': 0.0010362571945848162, 'alpha_1': 6.176743797300295e-05, 'alpha_2': 6.453487800059481e-05, 'beta_0': 0.3283975744556936, 'beta_1': 1.1499835237992615, 'beta_2': 0.15596024927892643, 'beta_3': 0.0017387402535288701, 'beta_4': 0.8124849873345242, 'beta_5': 73.94227597680243, 'beta_6': 0.04040027223217043, 'beta_7': 0.030586137962080977}. Best is trial 175 with value: 2367.0380894697555.
[I 2026-03-31 17:30:25,240] Trial 284 finished with value: 2521.5375075620022 and parameters: {'alpha_0': 0.0008806703514367206, 'alpha_1': 5.1486821192428315e-05, 'alpha_2': 6.841871958481016e-05, 'beta_0': 0.3434348785618983, 'beta_1': 1.0353207003816771, 'beta_2': 0.13154229570384524, 'beta_3': 0.0010602702278179777, 'beta_4': 0.7772777754975968, 'beta_5': 61.03402032647695, 'beta_6': 0.03188701901417218, 'beta_7': 0.032896745051845394}. Best is trial 175 with value: 2367.0380894697555.
[I 2026-03-31 17:30:26,472] Trial 285 finished with value: 2463.0243071981895 and parameters: {'alpha_0': 0.0008284803668790569, 'alpha_1': 5.9519915424518067e-05, 'alpha_2': 5.8600567227607517e-05, 'beta_0': 0.3147842300394666, 'beta_1': 1.1172272695821377, 'beta_2': 0.1418008240870888, 'beta_3': 0.0009247516015755999, 'beta_4': 0.8012143521778209, 'beta_5': 65.71162402601331, 'beta_6': 0.035160926738242726, 'beta_7': 0.03242895513796548}. Best is trial 175 with value: 2367.0380894697555.
[I 2026-03-31 17:30:27,762] Trial 286 finished with value: 2544.746517411286 and parameters: {'alpha_0': 0.0009102901612445751, 'alpha_1': 5.3712733566200144e-05, 'alpha_2': 6.65860677966737e-05, 'beta_0': 0.3356059920360316, 'beta_1': 1.0803563415768596, 'beta_2': 0.12233521394566635, 'beta_3': 0.0018175239909493039, 'beta_4': 0.8222124537425288, 'beta_5': 56.109685838326754, 'beta_6': 0.02715580452922289, 'beta_7': 0.03126406889518983}. Best is trial 175 with value: 2367.0380894697555.
[I 2026-03-31 17:30:29,016] Trial 287 finished with value: 2507.2803753511066 and parameters: {'alpha_0': 0.0011239481917697403, 'alpha_1': 5.760092045975411e-05, 'alpha_2': 6.174383726029864e-05, 'beta_0': 0.3933527536011981, 'beta_1': 1.1373511656538677, 'beta_2': 0.19791457252862404, 'beta_3': 0.0017769487740114396, 'beta_4': 0.7682966368122388, 'beta_5': 77.2160629496476, 'beta_6': 0.03025742625252637, 'beta_7': 0.03187569302187585}. Best is trial 175 with value: 2367.0380894697555.
[I 2026-03-31 17:30:30,310] Trial 288 finished with value: 2595.77388575401 and parameters: {'alpha_0': 0.0009770856404803987, 'alpha_1': 5.585771626486802e-05, 'alpha_2': 6.478973327545844e-05, 'beta_0': 0.37345856593761295, 'beta_1': 1.0686618092227964, 'beta_2': 0.166027450569242, 'beta_3': 0.0016831691917854085, 'beta_4': 0.7355984008847303, 'beta_5': 59.80793027614459, 'beta_6': 0.033227081341481314, 'beta_7': 0.030443962293708993}. Best is trial 175 with value: 2367.0380894697555.Best trial: 175. Best value: 2367.04:  29%|██▉       | 288/1000 [08:39<16:07,  1.36s/it]Best trial: 175. Best value: 2367.04:  29%|██▉       | 288/1000 [08:39<16:07,  1.36s/it]Best trial: 175. Best value: 2367.04:  29%|██▉       | 289/1000 [08:39<15:52,  1.34s/it]                                                                                        Best trial: 175. Best value: 2367.04:  29%|██▉       | 289/1000 [08:41<15:52,  1.34s/it]Best trial: 175. Best value: 2367.04:  29%|██▉       | 289/1000 [08:41<15:52,  1.34s/it]Best trial: 175. Best value: 2367.04:  29%|██▉       | 290/1000 [08:41<15:40,  1.32s/it]                                                                                        Best trial: 175. Best value: 2367.04:  29%|██▉       | 290/1000 [08:42<15:40,  1.32s/it]Best trial: 175. Best value: 2367.04:  29%|██▉       | 290/1000 [08:42<15:40,  1.32s/it]Best trial: 175. Best value: 2367.04:  29%|██▉       | 291/1000 [08:42<15:17,  1.29s/it]                                                                                        Best trial: 175. Best value: 2367.04:  29%|██▉       | 291/1000 [08:43<15:17,  1.29s/it]Best trial: 175. Best value: 2367.04:  29%|██▉       | 291/1000 [08:43<15:17,  1.29s/it]Best trial: 175. Best value: 2367.04:  29%|██▉       | 292/1000 [08:43<15:16,  1.29s/it]                                                                                        Best trial: 175. Best value: 2367.04:  29%|██▉       | 292/1000 [08:44<15:16,  1.29s/it]Best trial: 175. Best value: 2367.04:  29%|██▉       | 292/1000 [08:44<15:16,  1.29s/it]Best trial: 175. Best value: 2367.04:  29%|██▉       | 293/1000 [08:44<15:04,  1.28s/it]                                                                                        Best trial: 175. Best value: 2367.04:  29%|██▉       | 293/1000 [08:46<15:04,  1.28s/it]Best trial: 175. Best value: 2367.04:  29%|██▉       | 293/1000 [08:46<15:04,  1.28s/it]Best trial: 175. Best value: 2367.04:  29%|██▉       | 294/1000 [08:46<15:00,  1.28s/it]                                                                                        Best trial: 175. Best value: 2367.04:  29%|██▉       | 294/1000 [08:47<15:00,  1.28s/it]Best trial: 175. Best value: 2367.04:  29%|██▉       | 294/1000 [08:47<15:00,  1.28s/it]Best trial: 175. Best value: 2367.04:  30%|██▉       | 295/1000 [08:47<14:52,  1.27s/it]                                                                                        Best trial: 175. Best value: 2367.04:  30%|██▉       | 295/1000 [08:48<14:52,  1.27s/it]Best trial: 175. Best value: 2367.04:  30%|██▉       | 295/1000 [08:48<14:52,  1.27s/it]Best trial: 175. Best value: 2367.04:  30%|██▉       | 296/1000 [08:48<14:49,  1.26s/it]                                                                                        Best trial: 175. Best value: 2367.04:  30%|██▉       | 296/1000 [08:57<14:49,  1.26s/it]Best trial: 175. Best value: 2367.04:  30%|██▉       | 296/1000 [08:57<14:49,  1.26s/it]Best trial: 175. Best value: 2367.04:  30%|██▉       | 297/1000 [08:57<43:11,  3.69s/it]                                                                                        Best trial: 175. Best value: 2367.04:  30%|██▉       | 297/1000 [08:59<43:11,  3.69s/it]Best trial: 175. Best value: 2367.04:  30%|██▉       | 297/1000 [08:59<43:11,  3.69s/it]Best trial: 175. Best value: 2367.04:  30%|██▉       | 298/1000 [08:59<34:37,  2.96s/it]                                                                                        Best trial: 175. Best value: 2367.04:  30%|██▉       | 298/1000 [09:00<34:37,  2.96s/it]Best trial: 175. Best value: 2367.04:  30%|██▉       | 298/1000 [09:00<34:37,  2.96s/it]Best trial: 175. Best value: 2367.04:  30%|██▉       | 299/1000 [09:00<28:42,  2.46s/it]                                                                                        Best trial: 175. Best value: 2367.04:  30%|██▉       | 299/1000 [09:01<28:42,  2.46s/it]Best trial: 175. Best value: 2367.04:  30%|██▉       | 299/1000 [09:01<28:42,  2.46s/it]Best trial: 175. Best value: 2367.04:  30%|███       | 300/1000 [09:01<24:31,  2.10s/it]                                                                                        Best trial: 175. Best value: 2367.04:  30%|███       | 300/1000 [09:03<24:31,  2.10s/it]Best trial: 175. Best value: 2367.04:  30%|███       | 300/1000 [09:03<24:31,  2.10s/it]Best trial: 175. Best value: 2367.04:  30%|███       | 301/1000 [09:03<21:30,  1.85s/it]                                                                                        Best trial: 175. Best value: 2367.04:  30%|███       | 301/1000 [09:04<21:30,  1.85s/it]Best trial: 175. Best value: 2367.04:  30%|███       | 301/1000 [09:04<21:30,  1.85s/it]Best trial: 175. Best value: 2367.04:  30%|███       | 302/1000 [09:04<19:25,  1.67s/it]                                                                                        Best trial: 175. Best value: 2367.04:  30%|███       | 302/1000 [09:05<19:25,  1.67s/it]Best trial: 175. Best value: 2367.04:  30%|███       | 302/1000 [09:05<19:25,  1.67s/it]Best trial: 175. Best value: 2367.04:  30%|███       | 303/1000 [09:05<18:47,  1.62s/it]                                                                                        Best trial: 175. Best value: 2367.04:  30%|███       | 303/1000 [09:07<18:47,  1.62s/it]Best trial: 175. Best value: 2367.04:  30%|███       | 303/1000 [09:07<18:47,  1.62s/it]Best trial: 175. Best value: 2367.04:  30%|███       | 304/1000 [09:07<17:34,  1.52s/it]                                                                                        Best trial: 175. Best value: 2367.04:  30%|███       | 304/1000 [09:08<17:34,  1.52s/it]Best trial: 175. Best value: 2367.04:  30%|███       | 304/1000 [09:08<17:34,  1.52s/it]Best trial: 175. Best value: 2367.04:  30%|███       | 305/1000 [09:08<16:49,  1.45s/it]                                                                                        
[I 2026-03-31 17:30:31,598] Trial 289 finished with value: 2531.7312986266925 and parameters: {'alpha_0': 0.0007917174119887267, 'alpha_1': 5.196054316662766e-05, 'alpha_2': 6.975603803787092e-05, 'beta_0': 0.41390257115324053, 'beta_1': 1.16287937241999, 'beta_2': 0.15394258528813615, 'beta_3': 0.0017291631575666274, 'beta_4': 0.8366560757385448, 'beta_5': 62.67720205680551, 'beta_6': 0.03646170196922278, 'beta_7': 0.03112344582584394}. Best is trial 175 with value: 2367.0380894697555.
[I 2026-03-31 17:30:32,821] Trial 290 finished with value: 2585.753273315427 and parameters: {'alpha_0': 0.000854825596587772, 'alpha_1': 5.8212623522337526e-05, 'alpha_2': 6.287146887539541e-05, 'beta_0': 0.32303834096429757, 'beta_1': 1.100176359457832, 'beta_2': 0.13460265597537782, 'beta_3': 0.0017025297374886246, 'beta_4': 0.7872711926772121, 'beta_5': 58.04402224215288, 'beta_6': 0.039088816296065226, 'beta_7': 0.03234412517626517}. Best is trial 175 with value: 2367.0380894697555.
