[I 2026-03-31 17:39:07,908] Trial 628 finished with value: 2616.3358763585074 and parameters: {'alpha_0': 0.0010571697506711524, 'alpha_1': 5.171160126117203e-05, 'alpha_2': 4.919177278866174e-05, 'beta_0': 0.295986150540225, 'beta_1': 1.1016946888543462, 'beta_2': 0.10958663967149927, 'beta_3': 0.0016843385613396326, 'beta_4': 0.7554995472400861, 'beta_5': 56.132512520635835, 'beta_6': 0.03301731336246398, 'beta_7': 0.03321947096453571}. Best is trial 493 with value: 2345.693614299724.Best trial: 493. Best value: 2345.69:  63%|██████▎   | 628/1000 [17:17<11:57,  1.93s/it]Best trial: 493. Best value: 2345.69:  63%|██████▎   | 628/1000 [17:17<11:57,  1.93s/it]Best trial: 493. Best value: 2345.69:  63%|██████▎   | 629/1000 [17:17<10:44,  1.74s/it]                                                                                        Best trial: 493. Best value: 2345.69:  63%|██████▎   | 629/1000 [17:18<10:44,  1.74s/it]Best trial: 493. Best value: 2345.69:  63%|██████▎   | 629/1000 [17:18<10:44,  1.74s/it]Best trial: 493. Best value: 2345.69:  63%|██████▎   | 630/1000 [17:18<09:46,  1.58s/it]                                                                                        Best trial: 493. Best value: 2345.69:  63%|██████▎   | 630/1000 [17:19<09:46,  1.58s/it]Best trial: 493. Best value: 2345.69:  63%|██████▎   | 630/1000 [17:19<09:46,  1.58s/it]Best trial: 493. Best value: 2345.69:  63%|██████▎   | 631/1000 [17:19<09:09,  1.49s/it]                                                                                        Best trial: 493. Best value: 2345.69:  63%|██████▎   | 631/1000 [17:21<09:09,  1.49s/it]Best trial: 493. Best value: 2345.69:  63%|██████▎   | 631/1000 [17:21<09:09,  1.49s/it]Best trial: 493. Best value: 2345.69:  63%|██████▎   | 632/1000 [17:21<08:49,  1.44s/it]                                                                                        Best trial: 493. Best value: 2345.69:  63%|██████▎   | 632/1000 [17:22<08:49,  1.44s/it]Best trial: 493. Best value: 2345.69:  63%|██████▎   | 632/1000 [17:22<08:49,  1.44s/it]Best trial: 493. Best value: 2345.69:  63%|██████▎   | 633/1000 [17:22<08:30,  1.39s/it]                                                                                        Best trial: 493. Best value: 2345.69:  63%|██████▎   | 633/1000 [17:23<08:30,  1.39s/it]Best trial: 493. Best value: 2345.69:  63%|██████▎   | 633/1000 [17:23<08:30,  1.39s/it]Best trial: 493. Best value: 2345.69:  63%|██████▎   | 634/1000 [17:23<08:15,  1.35s/it]                                                                                        Best trial: 493. Best value: 2345.69:  63%|██████▎   | 634/1000 [17:35<08:15,  1.35s/it]Best trial: 493. Best value: 2345.69:  63%|██████▎   | 634/1000 [17:35<08:15,  1.35s/it]Best trial: 493. Best value: 2345.69:  64%|██████▎   | 635/1000 [17:35<27:08,  4.46s/it]                                                                                        Best trial: 493. Best value: 2345.69:  64%|██████▎   | 635/1000 [17:44<27:08,  4.46s/it]Best trial: 493. Best value: 2345.69:  64%|██████▎   | 635/1000 [17:44<27:08,  4.46s/it]Best trial: 493. Best value: 2345.69:  64%|██████▎   | 636/1000 [17:44<35:44,  5.89s/it]                                                                                        Best trial: 493. Best value: 2345.69:  64%|██████▎   | 636/1000 [17:46<35:44,  5.89s/it]Best trial: 493. Best value: 2345.69:  64%|██████▎   | 636/1000 [17:46<35:44,  5.89s/it]Best trial: 493. Best value: 2345.69:  64%|██████▎   | 637/1000 [17:46<27:22,  4.52s/it]                                                                                        Best trial: 493. Best value: 2345.69:  64%|██████▎   | 637/1000 [17:47<27:22,  4.52s/it]Best trial: 493. Best value: 2345.69:  64%|██████▎   | 637/1000 [17:47<27:22,  4.52s/it]Best trial: 493. Best value: 2345.69:  64%|██████▍   | 638/1000 [17:47<21:19,  3.53s/it]                                                                                        Best trial: 493. Best value: 2345.69:  64%|██████▍   | 638/1000 [17:48<21:19,  3.53s/it]Best trial: 493. Best value: 2345.69:  64%|██████▍   | 638/1000 [17:48<21:19,  3.53s/it]Best trial: 493. Best value: 2345.69:  64%|██████▍   | 639/1000 [17:48<17:10,  2.86s/it]                                                                                        Best trial: 493. Best value: 2345.69:  64%|██████▍   | 639/1000 [17:49<17:10,  2.86s/it]Best trial: 493. Best value: 2345.69:  64%|██████▍   | 639/1000 [17:49<17:10,  2.86s/it]Best trial: 493. Best value: 2345.69:  64%|██████▍   | 640/1000 [17:49<14:15,  2.38s/it]                                                                                        Best trial: 493. Best value: 2345.69:  64%|██████▍   | 640/1000 [17:51<14:15,  2.38s/it]Best trial: 493. Best value: 2345.69:  64%|██████▍   | 640/1000 [17:51<14:15,  2.38s/it]Best trial: 493. Best value: 2345.69:  64%|██████▍   | 641/1000 [17:51<12:16,  2.05s/it]                                                                                        Best trial: 493. Best value: 2345.69:  64%|██████▍   | 641/1000 [17:52<12:16,  2.05s/it]Best trial: 493. Best value: 2345.69:  64%|██████▍   | 641/1000 [17:52<12:16,  2.05s/it]Best trial: 493. Best value: 2345.69:  64%|██████▍   | 642/1000 [17:52<10:52,  1.82s/it]                                                                                        Best trial: 493. Best value: 2345.69:  64%|██████▍   | 642/1000 [17:53<10:52,  1.82s/it]Best trial: 493. Best value: 2345.69:  64%|██████▍   | 642/1000 [17:53<10:52,  1.82s/it]Best trial: 493. Best value: 2345.69:  64%|██████▍   | 643/1000 [17:53<09:55,  1.67s/it]                                                                                        Best trial: 493. Best value: 2345.69:  64%|██████▍   | 643/1000 [17:54<09:55,  1.67s/it]Best trial: 493. Best value: 2345.69:  64%|██████▍   | 643/1000 [17:54<09:55,  1.67s/it]Best trial: 493. Best value: 2345.69:  64%|██████▍   | 644/1000 [17:54<09:09,  1.54s/it]                                                                                        Best trial: 493. Best value: 2345.69:  64%|██████▍   | 644/1000 [17:56<09:09,  1.54s/it]Best trial: 493. Best value: 2345.69:  64%|██████▍   | 644/1000 [17:56<09:09,  1.54s/it]Best trial: 493. Best value: 2345.69:  64%|██████▍   | 645/1000 [17:56<08:40,  1.47s/it]                                                                                        
[I 2026-03-31 17:39:09,135] Trial 629 finished with value: 2562.4858566631974 and parameters: {'alpha_0': 0.0009381662164157031, 'alpha_1': 5.5164322913654226e-05, 'alpha_2': 6.216451907493905e-05, 'beta_0': 0.366037406231313, 'beta_1': 1.367223770262576, 'beta_2': 0.16404464135581495, 'beta_3': 0.0018080216134994471, 'beta_4': 0.8011968552641492, 'beta_5': 52.71562002790484, 'beta_6': 0.036872032872896025, 'beta_7': 0.03216818292019786}. Best is trial 493 with value: 2345.693614299724.
[I 2026-03-31 17:39:10,398] Trial 630 finished with value: 3924.2394986716245 and parameters: {'alpha_0': 0.0008928527944615658, 'alpha_1': 6.297812811632878e-05, 'alpha_2': 7.52136841021109e-05, 'beta_0': 0.3350300310145281, 'beta_1': 0.9263134120707044, 'beta_2': 0.15324728009709299, 'beta_3': 0.001650035996350459, 'beta_4': 0.9283678742611654, 'beta_5': 58.3128322469459, 'beta_6': 0.023792898924797218, 'beta_7': 0.03270530781863277}. Best is trial 493 with value: 2345.693614299724.
[I 2026-03-31 17:39:11,721] Trial 631 finished with value: 2680.5302228611154 and parameters: {'alpha_0': 0.0017653503083542698, 'alpha_1': 0.00014526742137448766, 'alpha_2': 7.023053020346591e-05, 'beta_0': 0.3204385556737434, 'beta_1': 1.0839287792547154, 'beta_2': 0.13105786099288175, 'beta_3': 0.0013972900606711498, 'beta_4': 0.7831636094800761, 'beta_5': 61.34707410423935, 'beta_6': 0.03110833709745604, 'beta_7': 0.03162810896184599}. Best is trial 493 with value: 2345.693614299724.
[I 2026-03-31 17:39:12,997] Trial 632 finished with value: 2709.361665112565 and parameters: {'alpha_0': 0.0009790323363792442, 'alpha_1': 5.9212891777681114e-05, 'alpha_2': 5.968081299659363e-05, 'beta_0': 0.30488281832410974, 'beta_1': 1.3523090700302487, 'beta_2': 0.5608743395527555, 'beta_3': 0.0007167852521279605, 'beta_4': 0.8161283647324722, 'beta_5': 54.628298764663136, 'beta_6': 0.04007741633860726, 'beta_7': 0.03397674617333597}. Best is trial 493 with value: 2345.693614299724.
[I 2026-03-31 17:39:14,270] Trial 633 finished with value: 2492.9552454219747 and parameters: {'alpha_0': 0.0010356595900170697, 'alpha_1': 5.332767143091471e-05, 'alpha_2': 5.166873899588116e-05, 'beta_0': 0.34157831744296, 'beta_1': 1.1767529360923086, 'beta_2': 0.14336608857899555, 'beta_3': 0.0015898502505100776, 'beta_4': 0.7306558759148918, 'beta_5': 66.3308249208261, 'beta_6': 0.03555183487879024, 'beta_7': 0.030959817551918158}. Best is trial 493 with value: 2345.693614299724.
[I 2026-03-31 17:39:25,978] Trial 634 finished with value: 10057.174200772919 and parameters: {'alpha_0': 0.0008766878129090305, 'alpha_1': 5.683817605208605e-05, 'alpha_2': 6.733815833518808e-05, 'beta_0': 0.35004020679070513, 'beta_1': 1.1383827585330055, 'beta_2': 0.1304374890874396, 'beta_3': 0.0017149814875601804, 'beta_4': 0.8267390746617631, 'beta_5': 63.35620450923439, 'beta_6': 0.026416816787850773, 'beta_7': 0.012314435129755868}. Best is trial 493 with value: 2345.693614299724.
[I 2026-03-31 17:39:35,207] Trial 635 finished with value: 8948.935559484944 and parameters: {'alpha_0': 0.0011036284601713589, 'alpha_1': 9.22770165526168e-05, 'alpha_2': 6.541775972642516e-05, 'beta_0': 0.3291419648686902, 'beta_1': 1.045179043122312, 'beta_2': 0.5079398214191504, 'beta_3': 0.0011181845078150957, 'beta_4': 0.8486206523500252, 'beta_5': 76.21779786511561, 'beta_6': 0.029404843767693357, 'beta_7': 0.021297538275008937}. Best is trial 493 with value: 2345.693614299724.
[I 2026-03-31 17:39:36,540] Trial 636 finished with value: 2488.91223989323 and parameters: {'alpha_0': 0.0013455567839589801, 'alpha_1': 6.118501434582737e-05, 'alpha_2': 6.27021621715393e-05, 'beta_0': 0.3720410278973874, 'beta_1': 1.0702165483596404, 'beta_2': 0.12019857675816358, 'beta_3': 0.001750955251946169, 'beta_4': 0.7469782357614575, 'beta_5': 81.698907403719, 'beta_6': 0.03490325619886174, 'beta_7': 0.029983343829577087}. Best is trial 493 with value: 2345.693614299724.
[I 2026-03-31 17:39:37,766] Trial 637 finished with value: 2594.6231002342843 and parameters: {'alpha_0': 0.0009282282136026, 'alpha_1': 5.47253677099126e-05, 'alpha_2': 6.428278138447487e-05, 'beta_0': 0.3585262239054406, 'beta_1': 1.1073085991211147, 'beta_2': 0.15482485046994135, 'beta_3': 0.0019000533804667214, 'beta_4': 0.7653350457098419, 'beta_5': 60.156601383540334, 'beta_6': 0.041181380851374266, 'beta_7': 0.03212349323377598}. Best is trial 493 with value: 2345.693614299724.
[I 2026-03-31 17:39:39,036] Trial 638 finished with value: 3992.812335466032 and parameters: {'alpha_0': 0.002218049398222304, 'alpha_1': 5.189198624127655e-05, 'alpha_2': 7.186405563227867e-05, 'beta_0': 0.4008389848368089, 'beta_1': 1.0242090608969938, 'beta_2': 0.14037468287549382, 'beta_3': 0.001652210395399876, 'beta_4': 0.7932098660932764, 'beta_5': 58.493866289741, 'beta_6': 0.03241366864791563, 'beta_7': 0.03272083761951276}. Best is trial 493 with value: 2345.693614299724.
[I 2026-03-31 17:39:40,294] Trial 639 finished with value: 2474.826718169257 and parameters: {'alpha_0': 0.0009831257832158447, 'alpha_1': 5.8117651258104614e-05, 'alpha_2': 6.665184138648538e-05, 'beta_0': 0.38670948399156624, 'beta_1': 1.092497424196082, 'beta_2': 0.41633729379710727, 'beta_3': 0.0017956300748227672, 'beta_4': 0.7823022568403052, 'beta_5': 62.660484060056156, 'beta_6': 0.03828485844430944, 'beta_7': 0.03149660952431809}. Best is trial 493 with value: 2345.693614299724.
[I 2026-03-31 17:39:41,585] Trial 640 finished with value: 2637.072260471589 and parameters: {'alpha_0': 0.0012139874829114757, 'alpha_1': 5.0048860154573116e-05, 'alpha_2': 5.628238285174871e-05, 'beta_0': 0.31767486221337066, 'beta_1': 1.057815790990092, 'beta_2': 0.17425898532065082, 'beta_3': 0.0016792586388306955, 'beta_4': 0.8116530869054979, 'beta_5': 65.21652020946313, 'beta_6': 0.030246991773374955, 'beta_7': 0.03348764696388448}. Best is trial 493 with value: 2345.693614299724.
[I 2026-03-31 17:39:42,876] Trial 641 finished with value: 2501.804799226895 and parameters: {'alpha_0': 0.0022871202413575105, 'alpha_1': 5.621114101437303e-05, 'alpha_2': 6.922246182434435e-05, 'beta_0': 0.3408046040875874, 'beta_1': 1.0766378569163357, 'beta_2': 0.11214377545286772, 'beta_3': 0.0007632330393717634, 'beta_4': 0.7694918970283302, 'beta_5': 56.257703434028414, 'beta_6': 0.027358986562093738, 'beta_7': 0.03218239226907087}. Best is trial 493 with value: 2345.693614299724.
[I 2026-03-31 17:39:44,181] Trial 642 finished with value: 2707.495712222866 and parameters: {'alpha_0': 0.0008199160025742921, 'alpha_1': 0.00014988910832820264, 'alpha_2': 5.811735273474015e-05, 'beta_0': 0.3293570897526614, 'beta_1': 1.1194646861262618, 'beta_2': 0.19485762477786697, 'beta_3': 0.0010577423624865791, 'beta_4': 0.7082727532806372, 'beta_5': 51.45073150359448, 'beta_6': 0.03377771981932854, 'beta_7': 0.03088360787827972}. Best is trial 493 with value: 2345.693614299724.
[I 2026-03-31 17:39:45,431] Trial 643 finished with value: 2515.213272930172 and parameters: {'alpha_0': 0.000945097985145832, 'alpha_1': 5.3776887710076435e-05, 'alpha_2': 6.123768962423694e-05, 'beta_0': 0.3130184931912764, 'beta_1': 1.3402318808783578, 'beta_2': 0.16180956737396482, 'beta_3': 0.0016152768648458832, 'beta_4': 0.8016155868131478, 'beta_5': 60.256173655872715, 'beta_6': 0.06157161350332052, 'beta_7': 0.03170303538291027}. Best is trial 493 with value: 2345.693614299724.
[I 2026-03-31 17:39:46,721] Trial 644 finished with value: 2700.613742461357 and parameters: {'alpha_0': 0.0008597424748450483, 'alpha_1': 6.601466312989451e-05, 'alpha_2': 7.443404224517627e-05, 'beta_0': 0.36017664183839826, 'beta_1': 1.0037922466533236, 'beta_2': 0.3195453168728436, 'beta_3': 0.0015167994424284317, 'beta_4': 1.141243451138894, 'beta_5': 53.84979139390953, 'beta_6': 0.0369116026664197, 'beta_7': 0.033020858145010844}. Best is trial 493 with value: 2345.693614299724.
[I 2026-03-31 17:39:47,963] Trial 645 finished with value: 2556.0099475057573 and parameters: {'alpha_0': 0.0010168504267351129, 'alpha_1': 6.0115278476321256e-05, 'alpha_2': 6.485402881524133e-05, 'beta_0': 0.3003909500219541, 'beta_1': 1.1013318980355067, 'beta_2': 0.1274051172871235, 'beta_3': 0.0017002781737429995, 'beta_4': 0.7511721776170424, 'beta_5': 68.0211230560033, 'beta_6': 0.031991139166832036, 'beta_7': 0.03232743147437031}. Best is trial 493 with value: 2345.693614299724.Best trial: 493. Best value: 2345.69:  64%|██████▍   | 645/1000 [17:57<08:40,  1.47s/it]Best trial: 493. Best value: 2345.69:  64%|██████▍   | 645/1000 [17:57<08:40,  1.47s/it]Best trial: 493. Best value: 2345.69:  65%|██████▍   | 646/1000 [17:57<08:15,  1.40s/it]                                                                                        Best trial: 493. Best value: 2345.69:  65%|██████▍   | 646/1000 [17:58<08:15,  1.40s/it]Best trial: 493. Best value: 2345.69:  65%|██████▍   | 646/1000 [17:58<08:15,  1.40s/it]Best trial: 493. Best value: 2345.69:  65%|██████▍   | 647/1000 [17:58<07:53,  1.34s/it]                                                                                        Best trial: 493. Best value: 2345.69:  65%|██████▍   | 647/1000 [17:59<07:53,  1.34s/it]Best trial: 493. Best value: 2345.69:  65%|██████▍   | 647/1000 [17:59<07:53,  1.34s/it]Best trial: 493. Best value: 2345.69:  65%|██████▍   | 648/1000 [17:59<07:50,  1.34s/it]                                                                                        Best trial: 493. Best value: 2345.69:  65%|██████▍   | 648/1000 [18:01<07:50,  1.34s/it]Best trial: 493. Best value: 2345.69:  65%|██████▍   | 648/1000 [18:01<07:50,  1.34s/it]Best trial: 493. Best value: 2345.69:  65%|██████▍   | 649/1000 [18:01<07:39,  1.31s/it]                                                                                        Best trial: 493. Best value: 2345.69:  65%|██████▍   | 649/1000 [18:02<07:39,  1.31s/it]Best trial: 493. Best value: 2345.69:  65%|██████▍   | 649/1000 [18:02<07:39,  1.31s/it]Best trial: 493. Best value: 2345.69:  65%|██████▌   | 650/1000 [18:02<07:33,  1.30s/it]                                                                                        Best trial: 493. Best value: 2345.69:  65%|██████▌   | 650/1000 [18:03<07:33,  1.30s/it]Best trial: 493. Best value: 2345.69:  65%|██████▌   | 650/1000 [18:03<07:33,  1.30s/it]Best trial: 493. Best value: 2345.69:  65%|██████▌   | 651/1000 [18:03<07:32,  1.30s/it]                                                                                        Best trial: 493. Best value: 2345.69:  65%|██████▌   | 651/1000 [18:05<07:32,  1.30s/it]Best trial: 493. Best value: 2345.69:  65%|██████▌   | 651/1000 [18:05<07:32,  1.30s/it]Best trial: 493. Best value: 2345.69:  65%|██████▌   | 652/1000 [18:05<07:26,  1.28s/it]                                                                                        Best trial: 493. Best value: 2345.69:  65%|██████▌   | 652/1000 [18:06<07:26,  1.28s/it]Best trial: 493. Best value: 2345.69:  65%|██████▌   | 652/1000 [18:06<07:26,  1.28s/it]Best trial: 493. Best value: 2345.69:  65%|██████▌   | 653/1000 [18:06<07:41,  1.33s/it]                                                                                        Best trial: 493. Best value: 2345.69:  65%|██████▌   | 653/1000 [18:15<07:41,  1.33s/it]Best trial: 493. Best value: 2345.69:  65%|██████▌   | 653/1000 [18:15<07:41,  1.33s/it]Best trial: 493. Best value: 2345.69:  65%|██████▌   | 654/1000 [18:15<21:14,  3.68s/it]                                                                                        Best trial: 493. Best value: 2345.69:  65%|██████▌   | 654/1000 [18:16<21:14,  3.68s/it]Best trial: 493. Best value: 2345.69:  65%|██████▌   | 654/1000 [18:16<21:14,  3.68s/it]Best trial: 493. Best value: 2345.69:  66%|██████▌   | 655/1000 [18:16<17:02,  2.96s/it]                                                                                        Best trial: 493. Best value: 2345.69:  66%|██████▌   | 655/1000 [18:18<17:02,  2.96s/it]Best trial: 493. Best value: 2345.69:  66%|██████▌   | 655/1000 [18:18<17:02,  2.96s/it]Best trial: 493. Best value: 2345.69:  66%|██████▌   | 656/1000 [18:18<14:01,  2.45s/it]                                                                                        Best trial: 493. Best value: 2345.69:  66%|██████▌   | 656/1000 [18:19<14:01,  2.45s/it]Best trial: 493. Best value: 2345.69:  66%|██████▌   | 656/1000 [18:19<14:01,  2.45s/it]Best trial: 493. Best value: 2345.69:  66%|██████▌   | 657/1000 [18:19<11:53,  2.08s/it]                                                                                        Best trial: 493. Best value: 2345.69:  66%|██████▌   | 657/1000 [18:20<11:53,  2.08s/it]Best trial: 493. Best value: 2345.69:  66%|██████▌   | 657/1000 [18:20<11:53,  2.08s/it]Best trial: 493. Best value: 2345.69:  66%|██████▌   | 658/1000 [18:20<10:24,  1.83s/it]                                                                                        Best trial: 493. Best value: 2345.69:  66%|██████▌   | 658/1000 [18:21<10:24,  1.83s/it]Best trial: 493. Best value: 2345.69:  66%|██████▌   | 658/1000 [18:21<10:24,  1.83s/it]Best trial: 493. Best value: 2345.69:  66%|██████▌   | 659/1000 [18:21<09:29,  1.67s/it]                                                                                        Best trial: 493. Best value: 2345.69:  66%|██████▌   | 659/1000 [18:23<09:29,  1.67s/it]Best trial: 493. Best value: 2345.69:  66%|██████▌   | 659/1000 [18:23<09:29,  1.67s/it]Best trial: 493. Best value: 2345.69:  66%|██████▌   | 660/1000 [18:23<08:46,  1.55s/it]                                                                                        Best trial: 493. Best value: 2345.69:  66%|██████▌   | 660/1000 [18:24<08:46,  1.55s/it]Best trial: 493. Best value: 2345.69:  66%|██████▌   | 660/1000 [18:24<08:46,  1.55s/it]Best trial: 493. Best value: 2345.69:  66%|██████▌   | 661/1000 [18:24<08:16,  1.46s/it]                                                                                        Best trial: 493. Best value: 2345.69:  66%|██████▌   | 661/1000 [18:25<08:16,  1.46s/it]Best trial: 493. Best value: 2345.69:  66%|██████▌   | 661/1000 [18:25<08:16,  1.46s/it]Best trial: 493. Best value: 2345.69:  66%|██████▌   | 662/1000 [18:25<07:51,  1.40s/it]                                                                                        
[I 2026-03-31 17:39:49,165] Trial 646 finished with value: 2629.48061551875 and parameters: {'alpha_0': 0.0009010739928279425, 'alpha_1': 5.708094440695168e-05, 'alpha_2': 6.766366133609314e-05, 'beta_0': 0.3483085575595768, 'beta_1': 1.1523682452175297, 'beta_2': 0.14824613670621978, 'beta_3': 0.0017431554689120608, 'beta_4': 0.7836953660473205, 'beta_5': 40.53886544277355, 'beta_6': 0.024559242805964568, 'beta_7': 0.036506253222261115}. Best is trial 493 with value: 2345.693614299724.
[I 2026-03-31 17:39:50,498] Trial 647 finished with value: 2642.7414359728946 and parameters: {'alpha_0': 0.0010554703601760329, 'alpha_1': 7.720173073345993e-05, 'alpha_2': 7.041612561352426e-05, 'beta_0': 0.335185045029114, 'beta_1': 1.0640195426226726, 'beta_2': 0.10025711784075053, 'beta_3': 0.0006152061594146029, 'beta_4': 0.8304692400802166, 'beta_5': 58.26639350573456, 'beta_6': 0.034538016602841344, 'beta_7': 0.0303784840233762}. Best is trial 493 with value: 2345.693614299724.
