[I 2026-03-31 17:43:40,192] Trial 801 finished with value: 2725.1277019111362 and parameters: {'alpha_0': 0.001483101048147294, 'alpha_1': 5.446297101867948e-05, 'alpha_2': 9.56933652094317e-05, 'beta_0': 0.4002803559352301, 'beta_1': 0.8897075084909892, 'beta_2': 0.23775320746941, 'beta_3': 0.001213670049748789, 'beta_4': 0.914653980531317, 'beta_5': 32.83414507376733, 'beta_6': 0.009494955976861764, 'beta_7': 0.03379372056992478}. Best is trial 663 with value: 2322.408756152314.
[I 2026-03-31 17:43:41,444] Trial 802 finished with value: 2508.898907095345 and parameters: {'alpha_0': 0.0016943443795263548, 'alpha_1': 5.199411904509392e-05, 'alpha_2': 9.384593179529128e-05, 'beta_0': 0.4211336833165645, 'beta_1': 0.8453645911281482, 'beta_2': 0.2231447688133967, 'beta_3': 0.0013143908239494524, 'beta_4': 0.9239081019547492, 'beta_5': 33.416281167348004, 'beta_6': 0.00747831250054984, 'beta_7': 0.03252888970159083}. Best is trial 663 with value: 2322.408756152314.
[I 2026-03-31 17:43:42,729] Trial 803 finished with value: 2626.179033728875 and parameters: {'alpha_0': 0.0014228378379852078, 'alpha_1': 5.423121729578178e-05, 'alpha_2': 9.91674914123839e-05, 'beta_0': 0.46549219154008314, 'beta_1': 0.8669628615990618, 'beta_2': 0.1820335567386884, 'beta_3': 0.0012831982894129475, 'beta_4': 0.9479241066280811, 'beta_5': 29.972426184515108, 'beta_6': 0.011612166589370913, 'beta_7': 0.03440292870796104}. Best is trial 663 with value: 2322.408756152314.
[I 2026-03-31 17:43:44,007] Trial 804 finished with value: 2958.8132901513227 and parameters: {'alpha_0': 0.0015779118504909565, 'alpha_1': 5.22891015395063e-05, 'alpha_2': 9.70367634842329e-05, 'beta_0': 0.4104710467694311, 'beta_1': 0.9218868196796812, 'beta_2': 0.19718335134172157, 'beta_3': 0.0013562227121483392, 'beta_4': 0.9072134963903703, 'beta_5': 30.439755460295473, 'beta_6': 0.005001048431486013, 'beta_7': 0.032963569959592896}. Best is trial 663 with value: 2322.408756152314.
[I 2026-03-31 17:43:45,265] Trial 805 finished with value: 2343.8711617240783 and parameters: {'alpha_0': 0.0015115115002065215, 'alpha_1': 5.1966463468960384e-05, 'alpha_2': 9.500733148062766e-05, 'beta_0': 0.42984640781971467, 'beta_1': 0.9065552080496793, 'beta_2': 0.22759090489725017, 'beta_3': 0.001345885255430187, 'beta_4': 0.9323785562817791, 'beta_5': 31.892278930814026, 'beta_6': 0.009379383521642925, 'beta_7': 0.03233329001218279}. Best is trial 663 with value: 2322.408756152314.
[I 2026-03-31 17:43:46,549] Trial 806 finished with value: 2592.1842185628257 and parameters: {'alpha_0': 0.0014680458997907034, 'alpha_1': 5.46749119849243e-05, 'alpha_2': 9.517325264065788e-05, 'beta_0': 0.4350013794692636, 'beta_1': 0.905151918693997, 'beta_2': 0.22986653035183086, 'beta_3': 0.0013381552688392282, 'beta_4': 0.9254702683258433, 'beta_5': 30.009982684364772, 'beta_6': 0.009140171364948633, 'beta_7': 0.03339689447802707}. Best is trial 663 with value: 2322.408756152314.
[I 2026-03-31 17:43:47,813] Trial 807 finished with value: 2513.7922889070123 and parameters: {'alpha_0': 0.0015152703059980845, 'alpha_1': 5.435027516693493e-05, 'alpha_2': 9.377582552606286e-05, 'beta_0': 0.42478276312722013, 'beta_1': 0.8780109705007081, 'beta_2': 0.22237841363412197, 'beta_3': 0.0012431655967199337, 'beta_4': 0.9048931252159391, 'beta_5': 32.08655987561636, 'beta_6': 0.007506285072764525, 'beta_7': 0.032569167703100636}. Best is trial 663 with value: 2322.408756152314.
[I 2026-03-31 17:43:49,068] Trial 808 finished with value: 3936.267491087133 and parameters: {'alpha_0': 0.0016386520936594582, 'alpha_1': 5.216338950906227e-05, 'alpha_2': 0.000100818028955212, 'beta_0': 0.45202902196734435, 'beta_1': 0.8932842777275316, 'beta_2': 0.23843735950704714, 'beta_3': 0.0013655511646590447, 'beta_4': 0.9346213771799422, 'beta_5': 26.332114939542056, 'beta_6': 0.011151742953514895, 'beta_7': 0.03300765960353412}. Best is trial 663 with value: 2322.408756152314.
[I 2026-03-31 17:43:50,298] Trial 809 finished with value: 2347.135884471188 and parameters: {'alpha_0': 0.0015846410824947787, 'alpha_1': 5.2099188036591266e-05, 'alpha_2': 9.758070220169418e-05, 'beta_0': 0.442511270606283, 'beta_1': 0.9093187929617756, 'beta_2': 0.2149897803166981, 'beta_3': 0.0012963342053874426, 'beta_4': 0.9243477593964327, 'beta_5': 35.68855048984165, 'beta_6': 0.009527786084716638, 'beta_7': 0.032302590629393245}. Best is trial 663 with value: 2322.408756152314.
[I 2026-03-31 17:43:51,576] Trial 810 finished with value: 2610.445181365411 and parameters: {'alpha_0': 0.0015941854795854448, 'alpha_1': 5.504262187148556e-05, 'alpha_2': 9.713606858377988e-05, 'beta_0': 0.4599456166393747, 'beta_1': 0.9105769212976128, 'beta_2': 0.2277163008828175, 'beta_3': 0.001298722182180969, 'beta_4': 0.925364250377247, 'beta_5': 31.483345671670858, 'beta_6': 0.008982865206153318, 'beta_7': 0.03428990349051533}. Best is trial 663 with value: 2322.408756152314.
[I 2026-03-31 17:43:52,814] Trial 811 finished with value: 2340.8811016908103 and parameters: {'alpha_0': 0.0014891598317126181, 'alpha_1': 5.331762528071598e-05, 'alpha_2': 9.874427813151797e-05, 'beta_0': 0.4442873057451969, 'beta_1': 0.9214154965534899, 'beta_2': 0.21577519176117904, 'beta_3': 0.0012718570418049138, 'beta_4': 0.9398769381071955, 'beta_5': 34.9527840719778, 'beta_6': 0.006923750064754334, 'beta_7': 0.032336334163708035}. Best is trial 663 with value: 2322.408756152314.
[I 2026-03-31 17:43:54,089] Trial 812 finished with value: 2604.4795148299763 and parameters: {'alpha_0': 0.001512804579456344, 'alpha_1': 5.48276058774437e-05, 'alpha_2': 4.0030468751388536e-05, 'beta_0': 0.44542155028823105, 'beta_1': 0.9223010203183689, 'beta_2': 0.2183894558179072, 'beta_3': 0.0012064578233481336, 'beta_4': 0.9418895013758755, 'beta_5': 35.22153366452593, 'beta_6': 0.005083273144682127, 'beta_7': 0.03363548021961829}. Best is trial 663 with value: 2322.408756152314.
[I 2026-03-31 17:43:59,300] Trial 813 finished with value: 8723.704057846895 and parameters: {'alpha_0': 0.0015482138878232107, 'alpha_1': 5.472288042644476e-05, 'alpha_2': 9.900544176606537e-05, 'beta_0': 0.4512614211749162, 'beta_1': 0.8939886865486193, 'beta_2': 0.23926067510205873, 'beta_3': 0.0012753421632307174, 'beta_4': 0.9157109383957596, 'beta_5': 33.33529246650472, 'beta_6': 0.006814759192429645, 'beta_7': 0.023472300748897695}. Best is trial 663 with value: 2322.408756152314.
[I 2026-03-31 17:44:00,566] Trial 814 finished with value: 3933.1124098519213 and parameters: {'alpha_0': 0.0016760004122623275, 'alpha_1': 5.316061116441872e-05, 'alpha_2': 0.00010050948847835595, 'beta_0': 0.4323440464875505, 'beta_1': 0.9076254330778196, 'beta_2': 0.24964301349693135, 'beta_3': 0.0013103293829525048, 'beta_4': 0.938679148080188, 'beta_5': 36.082266296451, 'beta_6': 0.007798564661759267, 'beta_7': 0.03306440712263443}. Best is trial 663 with value: 2322.408756152314.
[I 2026-03-31 17:44:01,838] Trial 815 finished with value: 2521.646545996281 and parameters: {'alpha_0': 0.0016129894657921943, 'alpha_1': 5.313013270089317e-05, 'alpha_2': 9.833812529084465e-05, 'beta_0': 0.43776365660405336, 'beta_1': 0.9238244084916358, 'beta_2': 0.22828845050389593, 'beta_3': 0.001242051330405785, 'beta_4': 0.9267721280744041, 'beta_5': 36.83744661406337, 'beta_6': 0.008799693495684774, 'beta_7': 0.035107051142900796}. Best is trial 663 with value: 2322.408756152314.Best trial: 663. Best value: 2322.41:  82%|████████▏ | 815/1000 [22:11<06:27,  2.09s/it]Best trial: 663. Best value: 2322.41:  82%|████████▏ | 815/1000 [22:11<06:27,  2.09s/it]Best trial: 663. Best value: 2322.41:  82%|████████▏ | 816/1000 [22:11<05:39,  1.85s/it]                                                                                        Best trial: 663. Best value: 2322.41:  82%|████████▏ | 816/1000 [22:12<05:39,  1.85s/it]Best trial: 663. Best value: 2322.41:  82%|████████▏ | 816/1000 [22:12<05:39,  1.85s/it]Best trial: 663. Best value: 2322.41:  82%|████████▏ | 817/1000 [22:12<05:06,  1.68s/it]                                                                                        Best trial: 663. Best value: 2322.41:  82%|████████▏ | 817/1000 [22:13<05:06,  1.68s/it]Best trial: 663. Best value: 2322.41:  82%|████████▏ | 817/1000 [22:13<05:06,  1.68s/it]Best trial: 663. Best value: 2322.41:  82%|████████▏ | 818/1000 [22:13<04:43,  1.56s/it]                                                                                        Best trial: 663. Best value: 2322.41:  82%|████████▏ | 818/1000 [22:15<04:43,  1.56s/it]Best trial: 663. Best value: 2322.41:  82%|████████▏ | 818/1000 [22:15<04:43,  1.56s/it]Best trial: 663. Best value: 2322.41:  82%|████████▏ | 819/1000 [22:15<04:27,  1.48s/it]                                                                                        Best trial: 663. Best value: 2322.41:  82%|████████▏ | 819/1000 [22:16<04:27,  1.48s/it]Best trial: 663. Best value: 2322.41:  82%|████████▏ | 819/1000 [22:16<04:27,  1.48s/it]Best trial: 663. Best value: 2322.41:  82%|████████▏ | 820/1000 [22:16<04:13,  1.41s/it]                                                                                        Best trial: 663. Best value: 2322.41:  82%|████████▏ | 820/1000 [22:17<04:13,  1.41s/it]Best trial: 663. Best value: 2322.41:  82%|████████▏ | 820/1000 [22:17<04:13,  1.41s/it]Best trial: 663. Best value: 2322.41:  82%|████████▏ | 821/1000 [22:17<04:03,  1.36s/it]                                                                                        Best trial: 663. Best value: 2322.41:  82%|████████▏ | 821/1000 [22:18<04:03,  1.36s/it]Best trial: 663. Best value: 2322.41:  82%|████████▏ | 821/1000 [22:18<04:03,  1.36s/it]Best trial: 663. Best value: 2322.41:  82%|████████▏ | 822/1000 [22:18<03:57,  1.34s/it]                                                                                        Best trial: 663. Best value: 2322.41:  82%|████████▏ | 822/1000 [22:20<03:57,  1.34s/it]Best trial: 663. Best value: 2322.41:  82%|████████▏ | 822/1000 [22:20<03:57,  1.34s/it]Best trial: 663. Best value: 2322.41:  82%|████████▏ | 823/1000 [22:20<03:50,  1.30s/it]                                                                                        Best trial: 663. Best value: 2322.41:  82%|████████▏ | 823/1000 [22:21<03:50,  1.30s/it]Best trial: 663. Best value: 2322.41:  82%|████████▏ | 823/1000 [22:21<03:50,  1.30s/it]Best trial: 663. Best value: 2322.41:  82%|████████▏ | 824/1000 [22:21<03:48,  1.30s/it]                                                                                        Best trial: 663. Best value: 2322.41:  82%|████████▏ | 824/1000 [22:22<03:48,  1.30s/it]Best trial: 663. Best value: 2322.41:  82%|████████▏ | 824/1000 [22:22<03:48,  1.30s/it]Best trial: 663. Best value: 2322.41:  82%|████████▎ | 825/1000 [22:22<03:44,  1.28s/it]                                                                                        Best trial: 663. Best value: 2322.41:  82%|████████▎ | 825/1000 [22:23<03:44,  1.28s/it]Best trial: 663. Best value: 2322.41:  82%|████████▎ | 825/1000 [22:23<03:44,  1.28s/it]Best trial: 663. Best value: 2322.41:  83%|████████▎ | 826/1000 [22:23<03:42,  1.28s/it]                                                                                        Best trial: 663. Best value: 2322.41:  83%|████████▎ | 826/1000 [22:25<03:42,  1.28s/it]Best trial: 663. Best value: 2322.41:  83%|████████▎ | 826/1000 [22:25<03:42,  1.28s/it]Best trial: 663. Best value: 2322.41:  83%|████████▎ | 827/1000 [22:25<03:39,  1.27s/it]                                                                                        Best trial: 663. Best value: 2322.41:  83%|████████▎ | 827/1000 [22:26<03:39,  1.27s/it]Best trial: 663. Best value: 2322.41:  83%|████████▎ | 827/1000 [22:26<03:39,  1.27s/it]Best trial: 663. Best value: 2322.41:  83%|████████▎ | 828/1000 [22:26<03:39,  1.28s/it]                                                                                        Best trial: 663. Best value: 2322.41:  83%|████████▎ | 828/1000 [22:27<03:39,  1.28s/it]Best trial: 663. Best value: 2322.41:  83%|████████▎ | 828/1000 [22:27<03:39,  1.28s/it]Best trial: 663. Best value: 2322.41:  83%|████████▎ | 829/1000 [22:27<03:38,  1.28s/it]                                                                                        Best trial: 663. Best value: 2322.41:  83%|████████▎ | 829/1000 [22:29<03:38,  1.28s/it]Best trial: 663. Best value: 2322.41:  83%|████████▎ | 829/1000 [22:29<03:38,  1.28s/it]Best trial: 663. Best value: 2322.41:  83%|████████▎ | 830/1000 [22:29<03:36,  1.27s/it]                                                                                        Best trial: 663. Best value: 2322.41:  83%|████████▎ | 830/1000 [22:30<03:36,  1.27s/it]Best trial: 663. Best value: 2322.41:  83%|████████▎ | 830/1000 [22:30<03:36,  1.27s/it]Best trial: 663. Best value: 2322.41:  83%|████████▎ | 831/1000 [22:30<03:35,  1.27s/it]                                                                                        Best trial: 663. Best value: 2322.41:  83%|████████▎ | 831/1000 [22:31<03:35,  1.27s/it]Best trial: 663. Best value: 2322.41:  83%|████████▎ | 831/1000 [22:31<03:35,  1.27s/it]Best trial: 663. Best value: 2322.41:  83%|████████▎ | 832/1000 [22:31<03:33,  1.27s/it]                                                                                        
[I 2026-03-31 17:44:03,118] Trial 816 finished with value: 2562.6089632981284 and parameters: {'alpha_0': 0.0014891527168255263, 'alpha_1': 5.5082489502994154e-05, 'alpha_2': 0.00010194696923134464, 'beta_0': 0.44240642377019457, 'beta_1': 0.8810664936091495, 'beta_2': 0.21224032545418184, 'beta_3': 0.0013302063086773042, 'beta_4': 0.9075383319253063, 'beta_5': 34.520336856035684, 'beta_6': 0.010003555444940597, 'beta_7': 0.033902621160854116}. Best is trial 663 with value: 2322.408756152314.
[I 2026-03-31 17:44:04,398] Trial 817 finished with value: 2336.0804821310235 and parameters: {'alpha_0': 0.0015574054382398476, 'alpha_1': 5.273543577749374e-05, 'alpha_2': 9.615321956548652e-05, 'beta_0': 0.42878009236268655, 'beta_1': 0.9094720966290933, 'beta_2': 0.2198489543588249, 'beta_3': 0.0012528750282079977, 'beta_4': 0.9456856251355068, 'beta_5': 32.88062792327677, 'beta_6': 0.005149081782287516, 'beta_7': 0.03247971219970626}. Best is trial 663 with value: 2322.408756152314.
[I 2026-03-31 17:44:05,682] Trial 818 finished with value: 2588.0142378038404 and parameters: {'alpha_0': 0.0015696987108970932, 'alpha_1': 5.4994126267330924e-05, 'alpha_2': 9.645960206460884e-05, 'beta_0': 0.42887718003554537, 'beta_1': 0.9047930833422748, 'beta_2': 0.23084740618986416, 'beta_3': 0.0011635909730549725, 'beta_4': 0.9500279735288971, 'beta_5': 31.219077357542954, 'beta_6': 0.005121673434529685, 'beta_7': 0.03353955106272747}. Best is trial 663 with value: 2322.408756152314.
[I 2026-03-31 17:44:06,927] Trial 819 finished with value: 2504.3204925386453 and parameters: {'alpha_0': 0.0013726462774219102, 'alpha_1': 5.294140340462093e-05, 'alpha_2': 9.812250355699289e-05, 'beta_0': 0.4402109823284616, 'beta_1': 0.8905647869609191, 'beta_2': 0.21805493637402723, 'beta_3': 0.0012400864726160488, 'beta_4': 0.9328408523564982, 'beta_5': 29.469274208232875, 'beta_6': 0.007415857407722163, 'beta_7': 0.03268936341255151}. Best is trial 663 with value: 2322.408756152314.
[I 2026-03-31 17:44:08,180] Trial 820 finished with value: 2504.6838344620955 and parameters: {'alpha_0': 0.0014293365899727974, 'alpha_1': 5.502719783543121e-05, 'alpha_2': 9.603000360953938e-05, 'beta_0': 0.4638374516487139, 'beta_1': 0.9149930336036686, 'beta_2': 0.24239152974083916, 'beta_3': 0.0012013214662431532, 'beta_4': 0.9540524413976817, 'beta_5': 32.63669640360757, 'beta_6': 0.00685055308534827, 'beta_7': 0.032566323464595495}. Best is trial 663 with value: 2322.408756152314.
[I 2026-03-31 17:44:09,460] Trial 821 finished with value: 2633.936610182308 and parameters: {'alpha_0': 0.0016305778708893992, 'alpha_1': 5.322760426917457e-05, 'alpha_2': 0.00010438432157762291, 'beta_0': 0.4209278594045186, 'beta_1': 0.9271058128086692, 'beta_2': 0.2230494892828347, 'beta_3': 0.0013124830734131624, 'beta_4': 0.920869651568636, 'beta_5': 34.900046878002165, 'beta_6': 0.00933097040027955, 'beta_7': 0.03322855787852746}. Best is trial 663 with value: 2322.408756152314.
[I 2026-03-31 17:44:10,681] Trial 822 finished with value: 2514.3876463728598 and parameters: {'alpha_0': 0.0014967720199390092, 'alpha_1': 5.2103237242926583e-05, 'alpha_2': 0.00010001307370183894, 'beta_0': 0.455715184624698, 'beta_1': 0.9022104526703802, 'beta_2': 0.21461884790415234, 'beta_3': 0.0013681583206104546, 'beta_4': 0.9432774009144305, 'beta_5': 37.05358017147057, 'beta_6': 0.006906220742459745, 'beta_7': 0.032623364156887796}. Best is trial 663 with value: 2322.408756152314.
[I 2026-03-31 17:44:11,962] Trial 823 finished with value: 2571.6910503118434 and parameters: {'alpha_0': 0.0017274823485956695, 'alpha_1': 5.5064860364222344e-05, 'alpha_2': 9.509914273782544e-05, 'beta_0': 0.4332355359572308, 'beta_1': 0.8657437828344788, 'beta_2': 0.23719454353322691, 'beta_3': 0.0012833477416437466, 'beta_4': 0.9568389987033599, 'beta_5': 32.23112685170947, 'beta_6': 0.005069261770929279, 'beta_7': 0.034108327530572406}. Best is trial 663 with value: 2322.408756152314.
[I 2026-03-31 17:44:13,216] Trial 824 finished with value: 2351.6154573627264 and parameters: {'alpha_0': 0.0015893298541586726, 'alpha_1': 5.321868006366703e-05, 'alpha_2': 9.754540271321979e-05, 'beta_0': 0.4423055285880744, 'beta_1': 0.9329094283167908, 'beta_2': 0.2232896592101329, 'beta_3': 0.0012608240279684325, 'beta_4': 0.9045390156875834, 'beta_5': 36.993971510451374, 'beta_6': 0.010464392560548097, 'beta_7': 0.03230535337228791}. Best is trial 663 with value: 2322.408756152314.
[I 2026-03-31 17:44:14,494] Trial 825 finished with value: 2861.7658368697266 and parameters: {'alpha_0': 0.0015336103103192984, 'alpha_1': 5.194673822324311e-05, 'alpha_2': 9.848642433116988e-05, 'beta_0': 0.4212027857345632, 'beta_1': 0.9155153744648455, 'beta_2': 0.2133431814388637, 'beta_3': 0.0013390841761585664, 'beta_4': 0.9297198350215705, 'beta_5': 33.86410753470336, 'beta_6': 0.008279029902810613, 'beta_7': 0.033085175780790926}. Best is trial 663 with value: 2322.408756152314.
[I 2026-03-31 17:44:15,739] Trial 826 finished with value: 2343.950827956078 and parameters: {'alpha_0': 0.0014681644730420336, 'alpha_1': 5.494370006119123e-05, 'alpha_2': 9.536369615868673e-05, 'beta_0': 0.4484350883310397, 'beta_1': 0.8951425957732377, 'beta_2': 0.20472464347362446, 'beta_3': 0.0012732638841494032, 'beta_4': 0.9442825325002832, 'beta_5': 28.08967513003056, 'beta_6': 0.01163653406314408, 'beta_7': 0.03236626586811358}. Best is trial 663 with value: 2322.408756152314.
[I 2026-03-31 17:44:17,034] Trial 827 finished with value: 2608.415434399424 and parameters: {'alpha_0': 0.0013995611875829126, 'alpha_1': 5.540082527363887e-05, 'alpha_2': 9.584356228820707e-05, 'beta_0': 0.475678940726015, 'beta_1': 0.8908525207008802, 'beta_2': 0.20263755436370795, 'beta_3': 0.001228709283315482, 'beta_4': 0.9438547055437905, 'beta_5': 24.126488911194215, 'beta_6': 0.011836230961944959, 'beta_7': 0.033488247423512765}. Best is trial 663 with value: 2322.408756152314.
[I 2026-03-31 17:44:18,313] Trial 828 finished with value: 2673.149217243762 and parameters: {'alpha_0': 0.0014528928526351382, 'alpha_1': 5.494778456708642e-05, 'alpha_2': 9.715034417745045e-05, 'beta_0': 0.449569658666657, 'beta_1': 0.8764743802835997, 'beta_2': 0.18254696279896357, 'beta_3': 0.00127432202451262, 'beta_4': 0.9600523676597574, 'beta_5': 25.164136697041286, 'beta_6': 0.011868204208415159, 'beta_7': 0.03288710610293887}. Best is trial 663 with value: 2322.408756152314.
[I 2026-03-31 17:44:19,577] Trial 829 finished with value: 2494.536384860531 and parameters: {'alpha_0': 0.0013470535639061362, 'alpha_1': 5.361428965232025e-05, 'alpha_2': 9.954991513929661e-05, 'beta_0': 0.45208668392441975, 'beta_1': 0.901008981036051, 'beta_2': 0.19217085719106658, 'beta_3': 0.0012904041612093315, 'beta_4': 0.9360656855164947, 'beta_5': 28.5551178100171, 'beta_6': 0.009725649322727271, 'beta_7': 0.032481780666359567}. Best is trial 663 with value: 2322.408756152314.
[I 2026-03-31 17:44:20,847] Trial 830 finished with value: 2572.930940670632 and parameters: {'alpha_0': 0.001476676509005335, 'alpha_1': 5.519646395620407e-05, 'alpha_2': 9.47627208926494e-05, 'beta_0': 0.42906255185742764, 'beta_1': 0.8897406728134128, 'beta_2': 0.2040909500280112, 'beta_3': 0.0013252908686140264, 'beta_4': 0.9802203086304617, 'beta_5': 28.61768219542454, 'beta_6': 0.013009955484676573, 'beta_7': 0.034640267588035845}. Best is trial 663 with value: 2322.408756152314.
[I 2026-03-31 17:44:22,109] Trial 831 finished with value: 2576.965684179435 and parameters: {'alpha_0': 0.0014999747168281902, 'alpha_1': 5.193481463414505e-05, 'alpha_2': 9.649425919853993e-05, 'beta_0': 0.43784503793291596, 'beta_1': 0.910810808502622, 'beta_2': 0.21503611827659727, 'beta_3': 0.0011721359994795752, 'beta_4': 0.9508353522843532, 'beta_5': 35.27694296051103, 'beta_6': 0.005081330692524518, 'beta_7': 0.03361964969568846}. Best is trial 663 with value: 2322.408756152314.
