[I 2026-03-31 17:47:05,582] Trial 934 finished with value: 2388.5794746659253 and parameters: {'alpha_0': 0.0014390297658761653, 'alpha_1': 8.204575850646531e-05, 'alpha_2': 9.649541317680366e-05, 'beta_0': 0.4363840201008467, 'beta_1': 0.8744406211433746, 'beta_2': 0.19229295925960058, 'beta_3': 0.0013788955296585488, 'beta_4': 0.9499859717922459, 'beta_5': 28.41767108347718, 'beta_6': 0.007772701130632956, 'beta_7': 0.03211979482099067}. Best is trial 921 with value: 2319.5643249196864.Best trial: 921. Best value: 2319.56:  93%|█████████▎| 934/1000 [25:15<01:24,  1.29s/it]Best trial: 921. Best value: 2319.56:  93%|█████████▎| 934/1000 [25:15<01:24,  1.29s/it]Best trial: 921. Best value: 2319.56:  94%|█████████▎| 935/1000 [25:15<01:22,  1.27s/it]                                                                                        Best trial: 921. Best value: 2319.56:  94%|█████████▎| 935/1000 [25:16<01:22,  1.27s/it]Best trial: 921. Best value: 2319.56:  94%|█████████▎| 935/1000 [25:16<01:22,  1.27s/it]Best trial: 921. Best value: 2319.56:  94%|█████████▎| 936/1000 [25:16<01:21,  1.27s/it]                                                                                        Best trial: 921. Best value: 2319.56:  94%|█████████▎| 936/1000 [25:17<01:21,  1.27s/it]Best trial: 921. Best value: 2319.56:  94%|█████████▎| 936/1000 [25:17<01:21,  1.27s/it]Best trial: 921. Best value: 2319.56:  94%|█████████▎| 937/1000 [25:17<01:20,  1.27s/it]                                                                                        Best trial: 921. Best value: 2319.56:  94%|█████████▎| 937/1000 [25:18<01:20,  1.27s/it]Best trial: 921. Best value: 2319.56:  94%|█████████▎| 937/1000 [25:18<01:20,  1.27s/it]Best trial: 921. Best value: 2319.56:  94%|█████████▍| 938/1000 [25:18<01:18,  1.27s/it]                                                                                        Best trial: 921. Best value: 2319.56:  94%|█████████▍| 938/1000 [25:20<01:18,  1.27s/it]Best trial: 921. Best value: 2319.56:  94%|█████████▍| 938/1000 [25:20<01:18,  1.27s/it]Best trial: 921. Best value: 2319.56:  94%|█████████▍| 939/1000 [25:20<01:17,  1.27s/it]                                                                                        Best trial: 921. Best value: 2319.56:  94%|█████████▍| 939/1000 [25:21<01:17,  1.27s/it]Best trial: 921. Best value: 2319.56:  94%|█████████▍| 939/1000 [25:21<01:17,  1.27s/it]Best trial: 921. Best value: 2319.56:  94%|█████████▍| 940/1000 [25:21<01:16,  1.27s/it]                                                                                        Best trial: 921. Best value: 2319.56:  94%|█████████▍| 940/1000 [25:22<01:16,  1.27s/it]Best trial: 921. Best value: 2319.56:  94%|█████████▍| 940/1000 [25:22<01:16,  1.27s/it]Best trial: 921. Best value: 2319.56:  94%|█████████▍| 941/1000 [25:22<01:15,  1.28s/it]                                                                                        Best trial: 921. Best value: 2319.56:  94%|█████████▍| 941/1000 [25:23<01:15,  1.28s/it]Best trial: 921. Best value: 2319.56:  94%|█████████▍| 941/1000 [25:23<01:15,  1.28s/it]Best trial: 921. Best value: 2319.56:  94%|█████████▍| 942/1000 [25:23<01:13,  1.26s/it]                                                                                        Best trial: 921. Best value: 2319.56:  94%|█████████▍| 942/1000 [25:25<01:13,  1.26s/it]Best trial: 921. Best value: 2319.56:  94%|█████████▍| 942/1000 [25:25<01:13,  1.26s/it]Best trial: 921. Best value: 2319.56:  94%|█████████▍| 943/1000 [25:25<01:12,  1.28s/it]                                                                                        Best trial: 921. Best value: 2319.56:  94%|█████████▍| 943/1000 [25:26<01:12,  1.28s/it]Best trial: 921. Best value: 2319.56:  94%|█████████▍| 943/1000 [25:26<01:12,  1.28s/it]Best trial: 921. Best value: 2319.56:  94%|█████████▍| 944/1000 [25:26<01:11,  1.27s/it]                                                                                        Best trial: 921. Best value: 2319.56:  94%|█████████▍| 944/1000 [25:27<01:11,  1.27s/it]Best trial: 921. Best value: 2319.56:  94%|█████████▍| 944/1000 [25:27<01:11,  1.27s/it]Best trial: 921. Best value: 2319.56:  94%|█████████▍| 945/1000 [25:27<01:10,  1.28s/it]                                                                                        Best trial: 921. Best value: 2319.56:  94%|█████████▍| 945/1000 [25:29<01:10,  1.28s/it]Best trial: 921. Best value: 2319.56:  94%|█████████▍| 945/1000 [25:29<01:10,  1.28s/it]Best trial: 921. Best value: 2319.56:  95%|█████████▍| 946/1000 [25:29<01:08,  1.27s/it]                                                                                        Best trial: 921. Best value: 2319.56:  95%|█████████▍| 946/1000 [25:30<01:08,  1.27s/it]Best trial: 921. Best value: 2319.56:  95%|█████████▍| 946/1000 [25:30<01:08,  1.27s/it]Best trial: 921. Best value: 2319.56:  95%|█████████▍| 947/1000 [25:30<01:07,  1.28s/it]                                                                                        Best trial: 921. Best value: 2319.56:  95%|█████████▍| 947/1000 [25:31<01:07,  1.28s/it]Best trial: 921. Best value: 2319.56:  95%|█████████▍| 947/1000 [25:31<01:07,  1.28s/it]Best trial: 921. Best value: 2319.56:  95%|█████████▍| 948/1000 [25:31<01:06,  1.27s/it]                                                                                        Best trial: 921. Best value: 2319.56:  95%|█████████▍| 948/1000 [25:32<01:06,  1.27s/it]Best trial: 921. Best value: 2319.56:  95%|█████████▍| 948/1000 [25:32<01:06,  1.27s/it]Best trial: 921. Best value: 2319.56:  95%|█████████▍| 949/1000 [25:32<01:05,  1.28s/it]                                                                                        Best trial: 921. Best value: 2319.56:  95%|█████████▍| 949/1000 [25:34<01:05,  1.28s/it]Best trial: 921. Best value: 2319.56:  95%|█████████▍| 949/1000 [25:34<01:05,  1.28s/it]Best trial: 921. Best value: 2319.56:  95%|█████████▌| 950/1000 [25:34<01:10,  1.42s/it]                                                                                        Best trial: 921. Best value: 2319.56:  95%|█████████▌| 950/1000 [25:35<01:10,  1.42s/it]Best trial: 921. Best value: 2319.56:  95%|█████████▌| 950/1000 [25:35<01:10,  1.42s/it]Best trial: 921. Best value: 2319.56:  95%|█████████▌| 951/1000 [25:35<01:07,  1.37s/it]                                                                                        
[I 2026-03-31 17:47:06,869] Trial 935 finished with value: 2802.6117058170794 and parameters: {'alpha_0': 0.0015538557101510214, 'alpha_1': 9.951320024823097e-05, 'alpha_2': 0.00010141811785213422, 'beta_0': 0.391417972188202, 'beta_1': 0.8831886130290584, 'beta_2': 0.2041533621855617, 'beta_3': 0.0013389227582574935, 'beta_4': 0.9614330508314946, 'beta_5': 25.106144189455172, 'beta_6': 0.010328139645223543, 'beta_7': 0.03359444519738611}. Best is trial 921 with value: 2319.5643249196864.
[I 2026-03-31 17:47:08,140] Trial 936 finished with value: 2536.062021123291 and parameters: {'alpha_0': 0.001494182520923675, 'alpha_1': 5.4302084474971095e-05, 'alpha_2': 9.91516829514028e-05, 'beta_0': 0.4149805384487066, 'beta_1': 0.8916294588702206, 'beta_2': 0.21356859859035576, 'beta_3': 0.001294294855599894, 'beta_4': 0.9484688486306866, 'beta_5': 31.247685838975862, 'beta_6': 0.007273540823113544, 'beta_7': 0.031244566689198793}. Best is trial 921 with value: 2319.5643249196864.
[I 2026-03-31 17:47:09,390] Trial 937 finished with value: 2504.667817518658 and parameters: {'alpha_0': 0.0016046186651003942, 'alpha_1': 5.617646503707837e-05, 'alpha_2': 9.386111610190553e-05, 'beta_0': 0.4043149696794152, 'beta_1': 0.868051458879545, 'beta_2': 0.180882801942796, 'beta_3': 0.0013933468304810242, 'beta_4': 0.9695132802381333, 'beta_5': 34.999564218200256, 'beta_6': 0.010329915998716976, 'beta_7': 0.03254291685682326}. Best is trial 921 with value: 2319.5643249196864.
[I 2026-03-31 17:47:10,677] Trial 938 finished with value: 2508.7116941785343 and parameters: {'alpha_0': 0.0015351840148690801, 'alpha_1': 5.3496083331383044e-05, 'alpha_2': 9.769299249010835e-05, 'beta_0': 0.4278837945150921, 'beta_1': 0.907439347545835, 'beta_2': 0.20205212038289333, 'beta_3': 0.0012514784232802376, 'beta_4': 0.937199990875186, 'beta_5': 32.484474658310745, 'beta_6': 0.006993452944945784, 'beta_7': 0.03180309643133946}. Best is trial 921 with value: 2319.5643249196864.
[I 2026-03-31 17:47:11,956] Trial 939 finished with value: 2846.3167626795644 and parameters: {'alpha_0': 0.0014689520783586663, 'alpha_1': 5.6862894238727635e-05, 'alpha_2': 9.211534927498583e-05, 'beta_0': 0.4199036980272389, 'beta_1': 0.8961666258496567, 'beta_2': 0.19104924177681262, 'beta_3': 0.0013121932129692819, 'beta_4': 0.9894041933812311, 'beta_5': 36.71529652834115, 'beta_6': 0.009181485269238912, 'beta_7': 0.033081788659485356}. Best is trial 921 with value: 2319.5643249196864.
[I 2026-03-31 17:47:13,232] Trial 940 finished with value: 2601.2593528395405 and parameters: {'alpha_0': 0.0013914069129862443, 'alpha_1': 0.00010438467521289274, 'alpha_2': 9.557249191068494e-05, 'beta_0': 0.3979288800624426, 'beta_1': 0.9148667876347276, 'beta_2': 0.17628467424458252, 'beta_3': 0.0014236209083757384, 'beta_4': 0.9491117994561603, 'beta_5': 29.5901304952841, 'beta_6': 0.011423408919837619, 'beta_7': 0.03096242946188569}. Best is trial 921 with value: 2319.5643249196864.
[I 2026-03-31 17:47:14,464] Trial 941 finished with value: 2340.426787439826 and parameters: {'alpha_0': 0.0017206815870287721, 'alpha_1': 5.374075181040995e-05, 'alpha_2': 9.339868506145181e-05, 'beta_0': 0.43816751270393395, 'beta_1': 0.8818284673698389, 'beta_2': 0.20745376247568892, 'beta_3': 0.001352228570405284, 'beta_4': 0.929154207938955, 'beta_5': 26.63963194385942, 'beta_6': 0.007436009822517789, 'beta_7': 0.032250882486903616}. Best is trial 921 with value: 2319.5643249196864.
[I 2026-03-31 17:47:15,775] Trial 942 finished with value: 2467.3509945126934 and parameters: {'alpha_0': 0.0017059833105601918, 'alpha_1': 5.6635114748584504e-05, 'alpha_2': 9.308292213110987e-05, 'beta_0': 0.44880842606971527, 'beta_1': 0.845606893547636, 'beta_2': 0.1951416693461269, 'beta_3': 0.0013715161821975966, 'beta_4': 1.015928518712579, 'beta_5': 29.57332052886018, 'beta_6': 0.005162317969583767, 'beta_7': 0.03160426921876364}. Best is trial 921 with value: 2319.5643249196864.
[I 2026-03-31 17:47:17,032] Trial 943 finished with value: 2672.271025358763 and parameters: {'alpha_0': 0.001653969755218203, 'alpha_1': 5.501644977983389e-05, 'alpha_2': 9.144136011271927e-05, 'beta_0': 0.461483726807796, 'beta_1': 0.8660668793041084, 'beta_2': 0.20969964740504587, 'beta_3': 0.0014022275817264932, 'beta_4': 0.9751561043416852, 'beta_5': 24.311362766286237, 'beta_6': 0.007157839187656071, 'beta_7': 0.03281450695552842}. Best is trial 921 with value: 2319.5643249196864.
[I 2026-03-31 17:47:18,335] Trial 944 finished with value: 2627.2507791261087 and parameters: {'alpha_0': 0.0017963213707927234, 'alpha_1': 8.745750089539065e-05, 'alpha_2': 9.405318004360474e-05, 'beta_0': 0.43870510519416395, 'beta_1': 0.8804529683467837, 'beta_2': 0.20316990945961108, 'beta_3': 0.001354729992070974, 'beta_4': 0.9582039294396887, 'beta_5': 28.33286054172579, 'beta_6': 0.0050648224567471254, 'beta_7': 0.033532995262110545}. Best is trial 921 with value: 2319.5643249196864.
[I 2026-03-31 17:47:19,594] Trial 945 finished with value: 2345.2777117730097 and parameters: {'alpha_0': 0.001759242543892703, 'alpha_1': 5.4341438063581896e-05, 'alpha_2': 9.326627122193688e-05, 'beta_0': 0.4420065995022542, 'beta_1': 0.8713600277879845, 'beta_2': 0.1846482597276527, 'beta_3': 0.0014500749903642758, 'beta_4': 0.9339934824465878, 'beta_5': 25.637054226120956, 'beta_6': 0.007903931649623561, 'beta_7': 0.03218793114632864}. Best is trial 921 with value: 2319.5643249196864.
[I 2026-03-31 17:47:20,892] Trial 946 finished with value: 2467.687796945542 and parameters: {'alpha_0': 0.0014289848571355929, 'alpha_1': 5.32453016499521e-05, 'alpha_2': 9.145524779138357e-05, 'beta_0': 0.43354648599236234, 'beta_1': 0.8344695451986642, 'beta_2': 0.1953086944172757, 'beta_3': 0.0013759660727467858, 'beta_4': 0.964302410027758, 'beta_5': 38.753316737814714, 'beta_6': 0.00839201824993566, 'beta_7': 0.03154594616955602}. Best is trial 921 with value: 2319.5643249196864.
[I 2026-03-31 17:47:22,139] Trial 947 finished with value: 2525.408696919622 and parameters: {'alpha_0': 0.001689147211536992, 'alpha_1': 5.676566529445739e-05, 'alpha_2': 9.467320015735477e-05, 'beta_0': 0.44145893282997184, 'beta_1': 0.8877849927762647, 'beta_2': 0.17491863942567482, 'beta_3': 0.0014064683677128041, 'beta_4': 0.9466870635539844, 'beta_5': 26.12902719083216, 'beta_6': 0.006880050668131155, 'beta_7': 0.03262854048148698}. Best is trial 921 with value: 2319.5643249196864.
[I 2026-03-31 17:47:23,431] Trial 948 finished with value: 2612.707758965087 and parameters: {'alpha_0': 0.0017071696770093795, 'alpha_1': 5.456662446555658e-05, 'alpha_2': 9.22639112968488e-05, 'beta_0': 0.4302314177569253, 'beta_1': 0.8561759202261725, 'beta_2': 0.2058761421146586, 'beta_3': 0.0013424873150779057, 'beta_4': 0.9872637325233901, 'beta_5': 21.596288495509278, 'beta_6': 0.10438709825386715, 'beta_7': 0.03024388835023014}. Best is trial 921 with value: 2319.5643249196864.
[I 2026-03-31 17:47:25,178] Trial 949 finished with value: 11414.542401673714 and parameters: {'alpha_0': 0.0014931792781339346, 'alpha_1': 0.0001122630741554659, 'alpha_2': 9.594583900854534e-05, 'beta_0': 0.45548003676411436, 'beta_1': 0.895044134159167, 'beta_2': 0.19037573452006795, 'beta_3': 0.0014405807570555208, 'beta_4': 0.9738360192302745, 'beta_5': 26.625968528583037, 'beta_6': 0.005024035760359345, 'beta_7': 0.024840251674995685}. Best is trial 921 with value: 2319.5643249196864.
[I 2026-03-31 17:47:26,438] Trial 950 finished with value: 2414.816638748608 and parameters: {'alpha_0': 0.0016269047968812194, 'alpha_1': 5.337524279476528e-05, 'alpha_2': 9.424603093215695e-05, 'beta_0': 0.4524928331226886, 'beta_1': 0.8801481875070859, 'beta_2': 0.21339220019999547, 'beta_3': 0.0012638431051015908, 'beta_4': 0.9287840319855624, 'beta_5': 36.636718218892376, 'beta_6': 0.00928572516157468, 'beta_7': 0.03198585412650973}. Best is trial 921 with value: 2319.5643249196864.
[I 2026-03-31 17:47:27,713] Trial 951 finished with value: 2578.101309502026 and parameters: {'alpha_0': 0.001518417135861466, 'alpha_1': 5.283963723030959e-05, 'alpha_2': 9.044385127406587e-05, 'beta_0': 0.4249089620483989, 'beta_1': 0.9283580312711894, 'beta_2': 0.19836176553233906, 'beta_3': 0.0012257018482827184, 'beta_4': 0.9556418257574507, 'beta_5': 24.054053765876308, 'beta_6': 0.010518233708143249, 'beta_7': 0.03107961282833213}. Best is trial 921 with value: 2319.5643249196864.Best trial: 921. Best value: 2319.56:  95%|█████████▌| 951/1000 [25:37<01:07,  1.37s/it]Best trial: 921. Best value: 2319.56:  95%|█████████▌| 951/1000 [25:37<01:07,  1.37s/it]Best trial: 921. Best value: 2319.56:  95%|█████████▌| 952/1000 [25:37<01:04,  1.34s/it]                                                                                        Best trial: 921. Best value: 2319.56:  95%|█████████▌| 952/1000 [25:38<01:04,  1.34s/it]Best trial: 921. Best value: 2319.56:  95%|█████████▌| 952/1000 [25:38<01:04,  1.34s/it]Best trial: 921. Best value: 2319.56:  95%|█████████▌| 953/1000 [25:38<01:02,  1.33s/it]                                                                                        Best trial: 921. Best value: 2319.56:  95%|█████████▌| 953/1000 [25:39<01:02,  1.33s/it]Best trial: 921. Best value: 2319.56:  95%|█████████▌| 953/1000 [25:39<01:02,  1.33s/it]Best trial: 921. Best value: 2319.56:  95%|█████████▌| 954/1000 [25:39<01:00,  1.31s/it]                                                                                        Best trial: 921. Best value: 2319.56:  95%|█████████▌| 954/1000 [25:41<01:00,  1.31s/it]Best trial: 921. Best value: 2319.56:  95%|█████████▌| 954/1000 [25:41<01:00,  1.31s/it]Best trial: 921. Best value: 2319.56:  96%|█████████▌| 955/1000 [25:41<00:58,  1.30s/it]                                                                                        Best trial: 921. Best value: 2319.56:  96%|█████████▌| 955/1000 [25:42<00:58,  1.30s/it]Best trial: 921. Best value: 2319.56:  96%|█████████▌| 955/1000 [25:42<00:58,  1.30s/it]Best trial: 921. Best value: 2319.56:  96%|█████████▌| 956/1000 [25:42<00:57,  1.30s/it]                                                                                        Best trial: 921. Best value: 2319.56:  96%|█████████▌| 956/1000 [25:43<00:57,  1.30s/it]Best trial: 921. Best value: 2319.56:  96%|█████████▌| 956/1000 [25:43<00:57,  1.30s/it]Best trial: 921. Best value: 2319.56:  96%|█████████▌| 957/1000 [25:43<00:55,  1.29s/it]                                                                                        Best trial: 921. Best value: 2319.56:  96%|█████████▌| 957/1000 [25:44<00:55,  1.29s/it]Best trial: 921. Best value: 2319.56:  96%|█████████▌| 957/1000 [25:44<00:55,  1.29s/it]Best trial: 921. Best value: 2319.56:  96%|█████████▌| 958/1000 [25:44<00:53,  1.28s/it]                                                                                        Best trial: 921. Best value: 2319.56:  96%|█████████▌| 958/1000 [25:46<00:53,  1.28s/it]Best trial: 921. Best value: 2319.56:  96%|█████████▌| 958/1000 [25:46<00:53,  1.28s/it]Best trial: 921. Best value: 2319.56:  96%|█████████▌| 959/1000 [25:46<00:52,  1.28s/it]                                                                                        Best trial: 921. Best value: 2319.56:  96%|█████████▌| 959/1000 [25:47<00:52,  1.28s/it]Best trial: 921. Best value: 2319.56:  96%|█████████▌| 959/1000 [25:47<00:52,  1.28s/it]Best trial: 921. Best value: 2319.56:  96%|█████████▌| 960/1000 [25:47<00:50,  1.27s/it]                                                                                        Best trial: 921. Best value: 2319.56:  96%|█████████▌| 960/1000 [25:48<00:50,  1.27s/it]Best trial: 921. Best value: 2319.56:  96%|█████████▌| 960/1000 [25:48<00:50,  1.27s/it]Best trial: 921. Best value: 2319.56:  96%|█████████▌| 961/1000 [25:48<00:49,  1.28s/it]                                                                                        Best trial: 921. Best value: 2319.56:  96%|█████████▌| 961/1000 [25:49<00:49,  1.28s/it]Best trial: 921. Best value: 2319.56:  96%|█████████▌| 961/1000 [25:49<00:49,  1.28s/it]Best trial: 921. Best value: 2319.56:  96%|█████████▌| 962/1000 [25:49<00:48,  1.27s/it]                                                                                        Best trial: 921. Best value: 2319.56:  96%|█████████▌| 962/1000 [25:51<00:48,  1.27s/it]Best trial: 921. Best value: 2319.56:  96%|█████████▌| 962/1000 [25:51<00:48,  1.27s/it]Best trial: 921. Best value: 2319.56:  96%|█████████▋| 963/1000 [25:51<00:46,  1.27s/it]                                                                                        Best trial: 921. Best value: 2319.56:  96%|█████████▋| 963/1000 [25:52<00:46,  1.27s/it]Best trial: 921. Best value: 2319.56:  96%|█████████▋| 963/1000 [25:52<00:46,  1.27s/it]Best trial: 921. Best value: 2319.56:  96%|█████████▋| 964/1000 [25:52<00:45,  1.27s/it]                                                                                        Best trial: 921. Best value: 2319.56:  96%|█████████▋| 964/1000 [25:53<00:45,  1.27s/it]Best trial: 921. Best value: 2319.56:  96%|█████████▋| 964/1000 [25:53<00:45,  1.27s/it]Best trial: 921. Best value: 2319.56:  96%|█████████▋| 965/1000 [25:53<00:45,  1.30s/it]                                                                                        Best trial: 921. Best value: 2319.56:  96%|█████████▋| 965/1000 [25:55<00:45,  1.30s/it]Best trial: 921. Best value: 2319.56:  96%|█████████▋| 965/1000 [25:55<00:45,  1.30s/it]Best trial: 921. Best value: 2319.56:  97%|█████████▋| 966/1000 [25:55<00:44,  1.30s/it]                                                                                        Best trial: 921. Best value: 2319.56:  97%|█████████▋| 966/1000 [25:56<00:44,  1.30s/it]Best trial: 921. Best value: 2319.56:  97%|█████████▋| 966/1000 [25:56<00:44,  1.30s/it]Best trial: 921. Best value: 2319.56:  97%|█████████▋| 967/1000 [25:56<00:42,  1.29s/it]                                                                                        Best trial: 921. Best value: 2319.56:  97%|█████████▋| 967/1000 [25:57<00:42,  1.29s/it]Best trial: 921. Best value: 2319.56:  97%|█████████▋| 967/1000 [25:57<00:42,  1.29s/it]Best trial: 921. Best value: 2319.56:  97%|█████████▋| 968/1000 [25:57<00:40,  1.28s/it]                                                                                        
[I 2026-03-31 17:47:29,005] Trial 952 finished with value: 2616.610386259432 and parameters: {'alpha_0': 0.001452371127208097, 'alpha_1': 5.7032044622313174e-05, 'alpha_2': 9.643752804833425e-05, 'beta_0': 0.4370005668143264, 'beta_1': 0.9024442150687224, 'beta_2': 0.18689979299490986, 'beta_3': 0.001292549742968993, 'beta_4': 1.0063009507815026, 'beta_5': 39.5490197413599, 'beta_6': 0.013322072558676453, 'beta_7': 0.03420439323415066}. Best is trial 921 with value: 2319.5643249196864.
