[I 2026-03-31 17:24:38,297] Trial 67 finished with value: 2724.2121573273503 and parameters: {'alpha_0': 0.0018719266584797112, 'alpha_1': 0.00012171671092122849, 'alpha_2': 6.336603776580672e-05, 'beta_0': 0.05949475452225893, 'beta_1': 1.1278882559463523, 'beta_2': 0.4005431820381266, 'beta_3': 0.0019229986557031948, 'beta_4': 0.662364321410589, 'beta_5': 70.22751049876466, 'beta_6': 0.018528374928347593, 'beta_7': 0.02888930680828345}. Best is trial 27 with value: 2463.90954018953.Best trial: 27. Best value: 2463.91:   7%|▋         | 67/1000 [02:47<23:52,  1.54s/it]Best trial: 27. Best value: 2463.91:   7%|▋         | 67/1000 [02:47<23:52,  1.54s/it]Best trial: 27. Best value: 2463.91:   7%|▋         | 68/1000 [02:47<22:53,  1.47s/it]                                                                                      Best trial: 27. Best value: 2463.91:   7%|▋         | 68/1000 [02:49<22:53,  1.47s/it]Best trial: 27. Best value: 2463.91:   7%|▋         | 68/1000 [02:49<22:53,  1.47s/it]Best trial: 27. Best value: 2463.91:   7%|▋         | 69/1000 [02:49<25:44,  1.66s/it]                                                                                      Best trial: 27. Best value: 2463.91:   7%|▋         | 69/1000 [02:59<25:44,  1.66s/it]Best trial: 27. Best value: 2463.91:   7%|▋         | 69/1000 [02:59<25:44,  1.66s/it]Best trial: 27. Best value: 2463.91:   7%|▋         | 70/1000 [02:59<1:03:29,  4.10s/it]                                                                                        Best trial: 27. Best value: 2463.91:   7%|▋         | 70/1000 [03:00<1:03:29,  4.10s/it]Best trial: 27. Best value: 2463.91:   7%|▋         | 70/1000 [03:00<1:03:29,  4.10s/it]Best trial: 27. Best value: 2463.91:   7%|▋         | 71/1000 [03:00<50:10,  3.24s/it]                                                                                        Best trial: 27. Best value: 2463.91:   7%|▋         | 71/1000 [03:02<50:10,  3.24s/it]Best trial: 27. Best value: 2463.91:   7%|▋         | 71/1000 [03:02<50:10,  3.24s/it]Best trial: 27. Best value: 2463.91:   7%|▋         | 72/1000 [03:02<40:46,  2.64s/it]                                                                                      Best trial: 27. Best value: 2463.91:   7%|▋         | 72/1000 [03:03<40:46,  2.64s/it]Best trial: 27. Best value: 2463.91:   7%|▋         | 72/1000 [03:03<40:46,  2.64s/it]Best trial: 27. Best value: 2463.91:   7%|▋         | 73/1000 [03:03<34:26,  2.23s/it]                                                                                      Best trial: 27. Best value: 2463.91:   7%|▋         | 73/1000 [03:04<34:26,  2.23s/it]Best trial: 27. Best value: 2463.91:   7%|▋         | 73/1000 [03:04<34:26,  2.23s/it]Best trial: 27. Best value: 2463.91:   7%|▋         | 74/1000 [03:04<30:33,  1.98s/it]                                                                                      Best trial: 27. Best value: 2463.91:   7%|▋         | 74/1000 [03:06<30:33,  1.98s/it]Best trial: 27. Best value: 2463.91:   7%|▋         | 74/1000 [03:06<30:33,  1.98s/it]Best trial: 27. Best value: 2463.91:   8%|▊         | 75/1000 [03:06<27:05,  1.76s/it]                                                                                      Best trial: 27. Best value: 2463.91:   8%|▊         | 75/1000 [03:07<27:05,  1.76s/it]Best trial: 27. Best value: 2463.91:   8%|▊         | 75/1000 [03:07<27:05,  1.76s/it]Best trial: 27. Best value: 2463.91:   8%|▊         | 76/1000 [03:07<24:47,  1.61s/it]                                                                                      Best trial: 27. Best value: 2463.91:   8%|▊         | 76/1000 [03:08<24:47,  1.61s/it]Best trial: 27. Best value: 2463.91:   8%|▊         | 76/1000 [03:08<24:47,  1.61s/it]Best trial: 27. Best value: 2463.91:   8%|▊         | 77/1000 [03:08<23:29,  1.53s/it]                                                                                      Best trial: 27. Best value: 2463.91:   8%|▊         | 77/1000 [03:09<23:29,  1.53s/it]Best trial: 27. Best value: 2463.91:   8%|▊         | 77/1000 [03:09<23:29,  1.53s/it]Best trial: 27. Best value: 2463.91:   8%|▊         | 78/1000 [03:09<22:00,  1.43s/it]                                                                                      Best trial: 27. Best value: 2463.91:   8%|▊         | 78/1000 [03:11<22:00,  1.43s/it]Best trial: 27. Best value: 2463.91:   8%|▊         | 78/1000 [03:11<22:00,  1.43s/it]Best trial: 27. Best value: 2463.91:   8%|▊         | 79/1000 [03:11<21:16,  1.39s/it]                                                                                      Best trial: 27. Best value: 2463.91:   8%|▊         | 79/1000 [03:12<21:16,  1.39s/it]Best trial: 27. Best value: 2463.91:   8%|▊         | 79/1000 [03:12<21:16,  1.39s/it]Best trial: 27. Best value: 2463.91:   8%|▊         | 80/1000 [03:12<20:49,  1.36s/it]                                                                                      Best trial: 27. Best value: 2463.91:   8%|▊         | 80/1000 [03:13<20:49,  1.36s/it]Best trial: 27. Best value: 2463.91:   8%|▊         | 80/1000 [03:13<20:49,  1.36s/it]Best trial: 27. Best value: 2463.91:   8%|▊         | 81/1000 [03:13<20:25,  1.33s/it]                                                                                      Best trial: 27. Best value: 2463.91:   8%|▊         | 81/1000 [03:15<20:25,  1.33s/it]Best trial: 27. Best value: 2463.91:   8%|▊         | 81/1000 [03:15<20:25,  1.33s/it]Best trial: 27. Best value: 2463.91:   8%|▊         | 82/1000 [03:15<20:36,  1.35s/it]                                                                                      Best trial: 27. Best value: 2463.91:   8%|▊         | 82/1000 [03:16<20:36,  1.35s/it]Best trial: 27. Best value: 2463.91:   8%|▊         | 82/1000 [03:16<20:36,  1.35s/it]Best trial: 27. Best value: 2463.91:   8%|▊         | 83/1000 [03:16<20:20,  1.33s/it]                                                                                      Best trial: 27. Best value: 2463.91:   8%|▊         | 83/1000 [03:17<20:20,  1.33s/it]Best trial: 27. Best value: 2463.91:   8%|▊         | 83/1000 [03:17<20:20,  1.33s/it]Best trial: 27. Best value: 2463.91:   8%|▊         | 84/1000 [03:17<20:00,  1.31s/it]                                                                                      
[I 2026-03-31 17:24:40,386] Trial 68 finished with value: 5233.603077045092 and parameters: {'alpha_0': 0.001921829125359144, 'alpha_1': 0.00012830039309956668, 'alpha_2': 7.403450322022949e-05, 'beta_0': 0.07289211961442577, 'beta_1': 1.0910561797808171, 'beta_2': 0.4243135995035203, 'beta_3': 0.0017918934767637649, 'beta_4': 0.5697256859140217, 'beta_5': 77.00046429832783, 'beta_6': 0.030716261379985507, 'beta_7': 0.027122790482902476}. Best is trial 27 with value: 2463.90954018953.
[I 2026-03-31 17:24:50,171] Trial 69 finished with value: 8198.42878988872 and parameters: {'alpha_0': 0.001813683891910368, 'alpha_1': 0.00013167001715260778, 'alpha_2': 4.690535260943215e-05, 'beta_0': 0.11371068087872681, 'beta_1': 1.164873322807366, 'beta_2': 0.338918891803033, 'beta_3': 0.0018546467480185362, 'beta_4': 0.7268661824233019, 'beta_5': 59.2622491964696, 'beta_6': 0.051754618054970974, 'beta_7': 0.013770400813420779}. Best is trial 27 with value: 2463.90954018953.
[I 2026-03-31 17:24:51,414] Trial 70 finished with value: 2483.3515946485236 and parameters: {'alpha_0': 0.0014873829049507513, 'alpha_1': 6.866995941496137e-05, 'alpha_2': 5.129406778533665e-05, 'beta_0': 0.08879976083138565, 'beta_1': 1.0550526205621078, 'beta_2': 0.3636728080120109, 'beta_3': 0.0019881681986404763, 'beta_4': 0.5238747640736827, 'beta_5': 52.749464423896434, 'beta_6': 0.03602007072024666, 'beta_7': 0.03130143774811107}. Best is trial 27 with value: 2463.90954018953.
[I 2026-03-31 17:24:52,642] Trial 71 finished with value: 2523.9150781820954 and parameters: {'alpha_0': 0.001382668346209979, 'alpha_1': 7.156462883463509e-05, 'alpha_2': 4.314050526067514e-05, 'beta_0': 0.08979155098788036, 'beta_1': 1.0461650047792304, 'beta_2': 0.37318585578252406, 'beta_3': 0.001996864555959305, 'beta_4': 0.5247530021405942, 'beta_5': 52.68152843097209, 'beta_6': 0.06295355612179357, 'beta_7': 0.031206663454852776}. Best is trial 27 with value: 2463.90954018953.
[I 2026-03-31 17:24:53,920] Trial 72 finished with value: 2657.1205938382486 and parameters: {'alpha_0': 0.001356345715590036, 'alpha_1': 6.636558474163256e-05, 'alpha_2': 4.175744197999073e-05, 'beta_0': 0.08219703869890706, 'beta_1': 1.0603797800397494, 'beta_2': 0.4173249712278631, 'beta_3': 0.001976916089086823, 'beta_4': 0.5563640107179544, 'beta_5': 53.587374507313626, 'beta_6': 0.06412245999084645, 'beta_7': 0.02993933105964714}. Best is trial 27 with value: 2463.90954018953.
[I 2026-03-31 17:24:55,319] Trial 73 finished with value: 2750.440464884142 and parameters: {'alpha_0': 0.0014696219667087443, 'alpha_1': 6.847878027482776e-05, 'alpha_2': 4.4694694014080785e-05, 'beta_0': 0.13937299976453116, 'beta_1': 0.9933792052336025, 'beta_2': 0.2871244828536976, 'beta_3': 0.0019022860571965945, 'beta_4': 0.5222369554976571, 'beta_5': 46.8076289564183, 'beta_6': 0.057749424430371156, 'beta_7': 0.02817816790619558}. Best is trial 27 with value: 2463.90954018953.
[I 2026-03-31 17:24:56,556] Trial 74 finished with value: 2542.98160754492 and parameters: {'alpha_0': 0.0015075265931041252, 'alpha_1': 5.531567442241605e-05, 'alpha_2': 5.635617856458721e-05, 'beta_0': 0.09267847498448212, 'beta_1': 1.1211164394724524, 'beta_2': 0.37276634433155176, 'beta_3': 0.001994273446070567, 'beta_4': 0.5508130704406663, 'beta_5': 50.823305976298684, 'beta_6': 0.07436733307743641, 'beta_7': 0.031233143913334704}. Best is trial 27 with value: 2463.90954018953.
[I 2026-03-31 17:24:57,823] Trial 75 finished with value: 2729.924716223675 and parameters: {'alpha_0': 0.0014955103923239928, 'alpha_1': 5.241244820490072e-05, 'alpha_2': 4.3703505301014435e-05, 'beta_0': 0.09207692414949914, 'beta_1': 1.1122684846193873, 'beta_2': 0.30410824108827084, 'beta_3': 0.001993183574141757, 'beta_4': 0.533675353548724, 'beta_5': 50.76619856487221, 'beta_6': 0.06877193650709587, 'beta_7': 0.0326324735963124}. Best is trial 27 with value: 2463.90954018953.
[I 2026-03-31 17:24:59,156] Trial 76 finished with value: 2658.210239842432 and parameters: {'alpha_0': 0.001280488197073139, 'alpha_1': 7.78410895971522e-05, 'alpha_2': 4.939325949476896e-05, 'beta_0': 0.10497179860397712, 'beta_1': 1.148241448795487, 'beta_2': 0.370593306120641, 'beta_3': 0.0017739329654890598, 'beta_4': 0.5216653382782978, 'beta_5': 63.31073861496103, 'beta_6': 0.08083259880363224, 'beta_7': 0.0312275484272175}. Best is trial 27 with value: 2463.90954018953.
[I 2026-03-31 17:25:00,369] Trial 77 finished with value: 2557.0793755922305 and parameters: {'alpha_0': 0.0011618789383509855, 'alpha_1': 6.142536973618293e-05, 'alpha_2': 5.671347033956197e-05, 'beta_0': 0.05081409970620062, 'beta_1': 1.099242714358022, 'beta_2': 0.34804142449315034, 'beta_3': 0.001991093935727071, 'beta_4': 0.5773130725066082, 'beta_5': 37.24003149866995, 'beta_6': 0.07666961322609217, 'beta_7': 0.03140353689667035}. Best is trial 27 with value: 2463.90954018953.
[I 2026-03-31 17:25:01,645] Trial 78 finished with value: 2761.2054701180314 and parameters: {'alpha_0': 0.0015467809461176998, 'alpha_1': 5.474854859160194e-05, 'alpha_2': 7.865394320487509e-05, 'beta_0': 0.06610905888194786, 'beta_1': 1.2181424572041823, 'beta_2': 0.39519617043512884, 'beta_3': 0.001877899681231711, 'beta_4': 0.5015358114478269, 'beta_5': 32.86566831831395, 'beta_6': 0.07196940640097574, 'beta_7': 0.03325123111284233}. Best is trial 27 with value: 2463.90954018953.
[I 2026-03-31 17:25:02,938] Trial 79 finished with value: 2527.841073220744 and parameters: {'alpha_0': 0.0013978010937176948, 'alpha_1': 6.12735247162965e-05, 'alpha_2': 5.080865995751753e-05, 'beta_0': 0.20824655833904804, 'beta_1': 1.1680176361003853, 'beta_2': 0.3812626975985628, 'beta_3': 0.0019363945893720695, 'beta_4': 0.5307027302664933, 'beta_5': 44.416493654169855, 'beta_6': 0.06293326593736373, 'beta_7': 0.03045781220936701}. Best is trial 27 with value: 2463.90954018953.
[I 2026-03-31 17:25:04,215] Trial 80 finished with value: 2676.9548633405457 and parameters: {'alpha_0': 0.001390416677951315, 'alpha_1': 6.409584948738093e-05, 'alpha_2': 8.862701966249539e-05, 'beta_0': 0.18102389357481488, 'beta_1': 1.1671782513944298, 'beta_2': 0.3381165230707167, 'beta_3': 0.0019478697125341077, 'beta_4': 0.5418383441333545, 'beta_5': 44.052411992866524, 'beta_6': 0.06325830021349321, 'beta_7': 0.030304428243819934}. Best is trial 27 with value: 2463.90954018953.
[I 2026-03-31 17:25:05,594] Trial 81 finished with value: 2851.8006289489203 and parameters: {'alpha_0': 0.0013147799077387174, 'alpha_1': 6.870115456069388e-05, 'alpha_2': 5.1082752550799166e-05, 'beta_0': 0.1121958334672642, 'beta_1': 1.1248202506603238, 'beta_2': 0.38138954145552256, 'beta_3': 0.0019355267102248652, 'beta_4': 0.5592348979280891, 'beta_5': 40.21097877416473, 'beta_6': 0.09020886525948159, 'beta_7': 0.02877854866091459}. Best is trial 27 with value: 2463.90954018953.
[I 2026-03-31 17:25:06,886] Trial 82 finished with value: 2545.43530562648 and parameters: {'alpha_0': 0.0014032368629551407, 'alpha_1': 5.976394404693482e-05, 'alpha_2': 4.6820201666001656e-05, 'beta_0': 0.14654908839310313, 'beta_1': 1.0799972619852336, 'beta_2': 0.3639511521404864, 'beta_3': 0.0019994917498326707, 'beta_4': 0.5265571589913618, 'beta_5': 48.04416774129527, 'beta_6': 0.057237705889477644, 'beta_7': 0.03069340381372774}. Best is trial 27 with value: 2463.90954018953.
[I 2026-03-31 17:25:08,150] Trial 83 finished with value: 3004.3243779288564 and parameters: {'alpha_0': 0.0013926598793483976, 'alpha_1': 5.7652602148287994e-05, 'alpha_2': 4.6457479193448484e-05, 'beta_0': 0.22132380118577766, 'beta_1': 1.438437265420232, 'beta_2': 0.3606515411932869, 'beta_3': 0.0018934545611914964, 'beta_4': 0.5207574429066337, 'beta_5': 48.30132105139923, 'beta_6': 0.06056008088565543, 'beta_7': 0.03251120257458148}. Best is trial 27 with value: 2463.90954018953.
[I 2026-03-31 17:25:09,550] Trial 84 finished with value: 2684.9504975920245 and parameters: {'alpha_0': 0.0012236784073152889, 'alpha_1': 7.304950393326438e-05, 'alpha_2': 4.816263222194542e-05, 'beta_0': 0.15160654126227288, 'beta_1': 1.4745554944459218, 'beta_2': 0.3244538813322, 'beta_3': 0.0018438887774847197, 'beta_4': 0.5004483847149946, 'beta_5': 53.2383610705952, 'beta_6': 0.05024530675789566, 'beta_7': 0.029345338122057092}. Best is trial 27 with value: 2463.90954018953.Best trial: 27. Best value: 2463.91:   8%|▊         | 84/1000 [03:19<20:00,  1.31s/it]Best trial: 27. Best value: 2463.91:   8%|▊         | 84/1000 [03:19<20:00,  1.31s/it]Best trial: 27. Best value: 2463.91:   8%|▊         | 85/1000 [03:19<20:23,  1.34s/it]                                                                                      Best trial: 27. Best value: 2463.91:   8%|▊         | 85/1000 [03:20<20:23,  1.34s/it]Best trial: 27. Best value: 2463.91:   8%|▊         | 85/1000 [03:20<20:23,  1.34s/it]Best trial: 27. Best value: 2463.91:   9%|▊         | 86/1000 [03:20<22:03,  1.45s/it]                                                                                      Best trial: 27. Best value: 2463.91:   9%|▊         | 86/1000 [03:22<22:03,  1.45s/it]Best trial: 27. Best value: 2463.91:   9%|▊         | 86/1000 [03:22<22:03,  1.45s/it]Best trial: 27. Best value: 2463.91:   9%|▊         | 87/1000 [03:22<21:14,  1.40s/it]                                                                                      Best trial: 27. Best value: 2463.91:   9%|▊         | 87/1000 [03:23<21:14,  1.40s/it]Best trial: 27. Best value: 2463.91:   9%|▊         | 87/1000 [03:23<21:14,  1.40s/it]Best trial: 27. Best value: 2463.91:   9%|▉         | 88/1000 [03:23<21:36,  1.42s/it]                                                                                      Best trial: 27. Best value: 2463.91:   9%|▉         | 88/1000 [03:24<21:36,  1.42s/it]Best trial: 27. Best value: 2463.91:   9%|▉         | 88/1000 [03:24<21:36,  1.42s/it]Best trial: 27. Best value: 2463.91:   9%|▉         | 89/1000 [03:24<21:00,  1.38s/it]                                                                                      Best trial: 27. Best value: 2463.91:   9%|▉         | 89/1000 [03:26<21:00,  1.38s/it]Best trial: 27. Best value: 2463.91:   9%|▉         | 89/1000 [03:26<21:00,  1.38s/it]Best trial: 27. Best value: 2463.91:   9%|▉         | 90/1000 [03:26<20:18,  1.34s/it]                                                                                      Best trial: 27. Best value: 2463.91:   9%|▉         | 90/1000 [03:27<20:18,  1.34s/it]Best trial: 27. Best value: 2463.91:   9%|▉         | 90/1000 [03:27<20:18,  1.34s/it]Best trial: 27. Best value: 2463.91:   9%|▉         | 91/1000 [03:27<19:53,  1.31s/it]                                                                                      Best trial: 27. Best value: 2463.91:   9%|▉         | 91/1000 [03:28<19:53,  1.31s/it]Best trial: 27. Best value: 2463.91:   9%|▉         | 91/1000 [03:28<19:53,  1.31s/it]Best trial: 27. Best value: 2463.91:   9%|▉         | 92/1000 [03:28<19:41,  1.30s/it]                                                                                      Best trial: 27. Best value: 2463.91:   9%|▉         | 92/1000 [03:29<19:41,  1.30s/it]Best trial: 27. Best value: 2463.91:   9%|▉         | 92/1000 [03:29<19:41,  1.30s/it]Best trial: 27. Best value: 2463.91:   9%|▉         | 93/1000 [03:29<19:21,  1.28s/it]                                                                                      Best trial: 27. Best value: 2463.91:   9%|▉         | 93/1000 [03:31<19:21,  1.28s/it]Best trial: 27. Best value: 2463.91:   9%|▉         | 93/1000 [03:31<19:21,  1.28s/it]Best trial: 27. Best value: 2463.91:   9%|▉         | 94/1000 [03:31<19:04,  1.26s/it]                                                                                      Best trial: 27. Best value: 2463.91:   9%|▉         | 94/1000 [03:40<19:04,  1.26s/it]Best trial: 27. Best value: 2463.91:   9%|▉         | 94/1000 [03:40<19:04,  1.26s/it]Best trial: 27. Best value: 2463.91:  10%|▉         | 95/1000 [03:40<55:28,  3.68s/it]                                                                                      Best trial: 27. Best value: 2463.91:  10%|▉         | 95/1000 [03:41<55:28,  3.68s/it]Best trial: 27. Best value: 2463.91:  10%|▉         | 95/1000 [03:41<55:28,  3.68s/it]Best trial: 27. Best value: 2463.91:  10%|▉         | 96/1000 [03:41<44:21,  2.94s/it]                                                                                      Best trial: 27. Best value: 2463.91:  10%|▉         | 96/1000 [03:42<44:21,  2.94s/it]Best trial: 27. Best value: 2463.91:  10%|▉         | 96/1000 [03:42<44:21,  2.94s/it]Best trial: 27. Best value: 2463.91:  10%|▉         | 97/1000 [03:42<36:49,  2.45s/it]                                                                                      Best trial: 27. Best value: 2463.91:  10%|▉         | 97/1000 [03:44<36:49,  2.45s/it]Best trial: 27. Best value: 2463.91:  10%|▉         | 97/1000 [03:44<36:49,  2.45s/it]Best trial: 27. Best value: 2463.91:  10%|▉         | 98/1000 [03:44<31:25,  2.09s/it]                                                                                      Best trial: 27. Best value: 2463.91:  10%|▉         | 98/1000 [03:45<31:25,  2.09s/it]Best trial: 27. Best value: 2463.91:  10%|▉         | 98/1000 [03:45<31:25,  2.09s/it]Best trial: 27. Best value: 2463.91:  10%|▉         | 99/1000 [03:45<27:18,  1.82s/it]                                                                                      Best trial: 27. Best value: 2463.91:  10%|▉         | 99/1000 [03:46<27:18,  1.82s/it]Best trial: 27. Best value: 2463.91:  10%|▉         | 99/1000 [03:46<27:18,  1.82s/it]Best trial: 27. Best value: 2463.91:  10%|█         | 100/1000 [03:46<24:49,  1.65s/it]                                                                                       Best trial: 27. Best value: 2463.91:  10%|█         | 100/1000 [03:47<24:49,  1.65s/it]Best trial: 27. Best value: 2463.91:  10%|█         | 100/1000 [03:47<24:49,  1.65s/it]Best trial: 27. Best value: 2463.91:  10%|█         | 101/1000 [03:47<23:06,  1.54s/it]                                                                                       
[I 2026-03-31 17:25:11,255] Trial 85 finished with value: 3866.1284521948373 and parameters: {'alpha_0': 0.0014866746167105812, 'alpha_1': 5.517720545119827e-05, 'alpha_2': 5.4727139185453e-05, 'beta_0': 0.09094760255129508, 'beta_1': 1.0418965253204273, 'beta_2': 0.28430272954638863, 'beta_3': 0.00199133047756151, 'beta_4': 0.5249736812354685, 'beta_5': 51.028907771754675, 'beta_6': 0.09365015490033644, 'beta_7': 0.027553602880396887}. Best is trial 27 with value: 2463.90954018953.
[I 2026-03-31 17:25:12,530] Trial 86 finished with value: 2594.0274013294083 and parameters: {'alpha_0': 0.0011298356083688052, 'alpha_1': 6.336476889702027e-05, 'alpha_2': 8.649469492085364e-05, 'beta_0': 0.1912787178412622, 'beta_1': 1.4016543542862117, 'beta_2': 0.4108709804337548, 'beta_3': 0.0017425122470704664, 'beta_4': 0.564109303789338, 'beta_5': 45.94492364436701, 'beta_6': 0.042138386238325234, 'beta_7': 0.030634922357822544}. Best is trial 27 with value: 2463.90954018953.
