[I 2026-03-31 17:47:30,290] Trial 953 finished with value: 2630.9694254182823 and parameters: {'alpha_0': 0.0015873609628303267, 'alpha_1': 5.500865937359203e-05, 'alpha_2': 9.281188557041142e-05, 'beta_0': 0.44484620812912384, 'beta_1': 0.9321448306051745, 'beta_2': 0.21757893423575062, 'beta_3': 0.0013509340132569357, 'beta_4': 0.9790900399980473, 'beta_5': 27.363271206984663, 'beta_6': 0.008747467737358277, 'beta_7': 0.033167116023358326}. Best is trial 921 with value: 2319.5643249196864.
[I 2026-03-31 17:47:31,547] Trial 954 finished with value: 2483.108724853455 and parameters: {'alpha_0': 0.0015229821275655473, 'alpha_1': 5.1998226158994655e-05, 'alpha_2': 9.565903306975962e-05, 'beta_0': 0.42148539913410793, 'beta_1': 0.9138387059566638, 'beta_2': 0.1734364945293947, 'beta_3': 0.0013781907430708451, 'beta_4': 0.9397343748563296, 'beta_5': 44.0074855726112, 'beta_6': 0.006949020387544176, 'beta_7': 0.03239970178558451}. Best is trial 921 with value: 2319.5643249196864.
[I 2026-03-31 17:47:32,850] Trial 955 finished with value: 2452.2811869890957 and parameters: {'alpha_0': 0.001729968029661582, 'alpha_1': 5.330121232202792e-05, 'alpha_2': 9.414331035127374e-05, 'beta_0': 0.3866699211824319, 'beta_1': 0.8748135791723597, 'beta_2': 0.20783521424448437, 'beta_3': 0.0014247733463906183, 'beta_4': 0.9635646731120486, 'beta_5': 34.81292631479345, 'beta_6': 0.00510901063169986, 'beta_7': 0.03170282761236842}. Best is trial 921 with value: 2319.5643249196864.
[I 2026-03-31 17:47:34,119] Trial 956 finished with value: 2828.9268552032336 and parameters: {'alpha_0': 0.0013989856959129503, 'alpha_1': 5.1737395801709505e-05, 'alpha_2': 9.127261649788703e-05, 'beta_0': 0.46780091446769884, 'beta_1': 0.8407289267834713, 'beta_2': 0.20126111159501003, 'beta_3': 0.0014892149618115653, 'beta_4': 0.9269816084977864, 'beta_5': 37.53248350535672, 'beta_6': 0.012200054368276307, 'beta_7': 0.032914195435456664}. Best is trial 921 with value: 2319.5643249196864.
[I 2026-03-31 17:47:35,371] Trial 957 finished with value: 2588.0671413626997 and parameters: {'alpha_0': 0.0014787180132852502, 'alpha_1': 5.5111595926547165e-05, 'alpha_2': 0.00010463287685748567, 'beta_0': 0.4343808606645011, 'beta_1': 0.9467653318187869, 'beta_2': 0.18566036404859784, 'beta_3': 0.00133351084847528, 'beta_4': 0.9481430395904628, 'beta_5': 22.466519543191826, 'beta_6': 0.009119214572419489, 'beta_7': 0.03057931170617559}. Best is trial 921 with value: 2319.5643249196864.
[I 2026-03-31 17:47:36,657] Trial 958 finished with value: 2726.1061244301072 and parameters: {'alpha_0': 0.0015695291256682398, 'alpha_1': 5.6937044838565e-05, 'alpha_2': 8.925352649846084e-05, 'beta_0': 0.44755461310740474, 'beta_1': 0.8912576420703342, 'beta_2': 0.22795626010424422, 'beta_3': 0.0012997321759553187, 'beta_4': 0.9844343713358807, 'beta_5': 42.786060120377186, 'beta_6': 0.005053078881492881, 'beta_7': 0.033651771563324724}. Best is trial 921 with value: 2319.5643249196864.
[I 2026-03-31 17:47:37,901] Trial 959 finished with value: 2350.2439538785056 and parameters: {'alpha_0': 0.0016205361139939444, 'alpha_1': 5.001102819871484e-05, 'alpha_2': 9.481056865039126e-05, 'beta_0': 0.41359744202024007, 'beta_1': 0.9226329428800473, 'beta_2': 0.1941114496802518, 'beta_3': 0.0014002474094357775, 'beta_4': 0.9650408021636121, 'beta_5': 39.768398231100306, 'beta_6': 0.010804219014894915, 'beta_7': 0.03216045304927518}. Best is trial 921 with value: 2319.5643249196864.
[I 2026-03-31 17:47:39,201] Trial 960 finished with value: 2441.9325391007296 and parameters: {'alpha_0': 0.001739842249830246, 'alpha_1': 5.336191389499763e-05, 'alpha_2': 9.269450383649389e-05, 'beta_0': 0.4269184734299875, 'beta_1': 0.9378780203701099, 'beta_2': 0.21488391406831947, 'beta_3': 0.0014550633734836452, 'beta_4': 0.9398420004647069, 'beta_5': 46.063068816432704, 'beta_6': 0.007692169359412283, 'beta_7': 0.031347814991349345}. Best is trial 921 with value: 2319.5643249196864.
[I 2026-03-31 17:47:40,453] Trial 961 finished with value: 2495.5079945862226 and parameters: {'alpha_0': 0.0012855200136728839, 'alpha_1': 5.207527422507236e-05, 'alpha_2': 0.00010019944815243421, 'beta_0': 0.39611243125075946, 'beta_1': 0.8603367469044841, 'beta_2': 0.2056846675341649, 'beta_3': 0.0012671639562141558, 'beta_4': 0.9162731799666346, 'beta_5': 31.323239499292264, 'beta_6': 0.014013140070132662, 'beta_7': 0.03275147347224089}. Best is trial 921 with value: 2319.5643249196864.
[I 2026-03-31 17:47:41,721] Trial 962 finished with value: 2437.558067672234 and parameters: {'alpha_0': 0.0016573587286749518, 'alpha_1': 5.4841577756099546e-05, 'alpha_2': 9.697984850442522e-05, 'beta_0': 0.41999097156148607, 'beta_1': 0.9003203273216662, 'beta_2': 0.18236277818060653, 'beta_3': 0.0013346590534797885, 'beta_4': 0.9508123584847565, 'beta_5': 34.29321057661745, 'beta_6': 0.010190842871209863, 'beta_7': 0.031849262366826676}. Best is trial 921 with value: 2319.5643249196864.
[I 2026-03-31 17:47:42,979] Trial 963 finished with value: 2514.3112652081595 and parameters: {'alpha_0': 0.0014485723030304152, 'alpha_1': 5.002213100378289e-05, 'alpha_2': 9.281813052866576e-05, 'beta_0': 0.0632683953576211, 'beta_1': 0.9155824640214845, 'beta_2': 0.17085733080641113, 'beta_3': 0.001153879064065375, 'beta_4': 0.9952398829089627, 'beta_5': 41.16455092752421, 'beta_6': 0.0070549737278464975, 'beta_7': 0.031024637290749422}. Best is trial 921 with value: 2319.5643249196864.
[I 2026-03-31 17:47:44,372] Trial 964 finished with value: 2714.9762891341315 and parameters: {'alpha_0': 0.001528527461621493, 'alpha_1': 5.321667107804458e-05, 'alpha_2': 9.521344254960793e-05, 'beta_0': 0.4360655387598177, 'beta_1': 0.9449794736988618, 'beta_2': 0.19523485560527695, 'beta_3': 0.0013728448624890336, 'beta_4': 0.9649794540596102, 'beta_5': 37.23393176723671, 'beta_6': 0.012371018491994058, 'beta_7': 0.0292995541389305}. Best is trial 921 with value: 2319.5643249196864.
[I 2026-03-31 17:47:45,656] Trial 965 finished with value: 2612.90570891064 and parameters: {'alpha_0': 0.0013467739581585155, 'alpha_1': 5.684678676830086e-05, 'alpha_2': 9.004049029986214e-05, 'beta_0': 0.4086154346888437, 'beta_1': 0.9594740919626061, 'beta_2': 0.21980708350896966, 'beta_3': 0.0015009917774409245, 'beta_4': 0.9283516178638124, 'beta_5': 44.699388532846775, 'beta_6': 0.0090898515778983, 'beta_7': 0.03336068356726306}. Best is trial 921 with value: 2319.5643249196864.
[I 2026-03-31 17:47:46,927] Trial 966 finished with value: 2622.8181435435235 and parameters: {'alpha_0': 0.0014984995541497891, 'alpha_1': 0.00010937608398119355, 'alpha_2': 9.858829739347536e-05, 'beta_0': 0.3866649886442181, 'beta_1': 0.8859474481107567, 'beta_2': 0.20479865674497563, 'beta_3': 0.001210778798311923, 'beta_4': 0.9416903234632658, 'beta_5': 28.14107863024021, 'beta_6': 0.0070000640807740214, 'beta_7': 0.03501824006331463}. Best is trial 921 with value: 2319.5643249196864.
[I 2026-03-31 17:47:48,174] Trial 967 finished with value: 2504.137408920543 and parameters: {'alpha_0': 0.0015665458551224487, 'alpha_1': 5.186708199892384e-05, 'alpha_2': 9.657474676502876e-05, 'beta_0': 0.45596036137532925, 'beta_1': 0.9282653005770864, 'beta_2': 0.19040570097715423, 'beta_3': 0.0014250473536050144, 'beta_4': 0.9802553453907791, 'beta_5': 39.440443606724735, 'beta_6': 0.014174275526847514, 'beta_7': 0.03231709210878739}. Best is trial 921 with value: 2319.5643249196864.
[I 2026-03-31 17:47:49,464] Trial 968 finished with value: 2498.4014216690166 and parameters: {'alpha_0': 0.0015967248418995877, 'alpha_1': 5.486643976150423e-05, 'alpha_2': 9.149870219454101e-05, 'beta_0': 0.4252894316596043, 'beta_1': 0.9051191765596557, 'beta_2': 0.21081427544688358, 'beta_3': 0.0013046318734520608, 'beta_4': 0.9599687185011443, 'beta_5': 35.985296541385715, 'beta_6': 0.011042438874237153, 'beta_7': 0.03171275243629346}. Best is trial 921 with value: 2319.5643249196864.Best trial: 921. Best value: 2319.56:  97%|█████████▋| 968/1000 [25:58<00:40,  1.28s/it]Best trial: 921. Best value: 2319.56:  97%|█████████▋| 968/1000 [25:58<00:40,  1.28s/it]Best trial: 921. Best value: 2319.56:  97%|█████████▋| 969/1000 [25:58<00:39,  1.28s/it]                                                                                        Best trial: 921. Best value: 2319.56:  97%|█████████▋| 969/1000 [26:00<00:39,  1.28s/it]Best trial: 921. Best value: 2319.56:  97%|█████████▋| 969/1000 [26:00<00:39,  1.28s/it]Best trial: 921. Best value: 2319.56:  97%|█████████▋| 970/1000 [26:00<00:37,  1.26s/it]                                                                                        Best trial: 921. Best value: 2319.56:  97%|█████████▋| 970/1000 [26:01<00:37,  1.26s/it]Best trial: 921. Best value: 2319.56:  97%|█████████▋| 970/1000 [26:01<00:37,  1.26s/it]Best trial: 921. Best value: 2319.56:  97%|█████████▋| 971/1000 [26:01<00:36,  1.27s/it]                                                                                        Best trial: 921. Best value: 2319.56:  97%|█████████▋| 971/1000 [26:02<00:36,  1.27s/it]Best trial: 921. Best value: 2319.56:  97%|█████████▋| 971/1000 [26:02<00:36,  1.27s/it]Best trial: 921. Best value: 2319.56:  97%|█████████▋| 972/1000 [26:02<00:35,  1.27s/it]                                                                                        Best trial: 921. Best value: 2319.56:  97%|█████████▋| 972/1000 [26:03<00:35,  1.27s/it]Best trial: 921. Best value: 2319.56:  97%|█████████▋| 972/1000 [26:03<00:35,  1.27s/it]Best trial: 921. Best value: 2319.56:  97%|█████████▋| 973/1000 [26:03<00:34,  1.27s/it]                                                                                        Best trial: 921. Best value: 2319.56:  97%|█████████▋| 973/1000 [26:05<00:34,  1.27s/it]Best trial: 921. Best value: 2319.56:  97%|█████████▋| 973/1000 [26:05<00:34,  1.27s/it]Best trial: 921. Best value: 2319.56:  97%|█████████▋| 974/1000 [26:05<00:33,  1.27s/it]                                                                                        Best trial: 921. Best value: 2319.56:  97%|█████████▋| 974/1000 [26:06<00:33,  1.27s/it]Best trial: 921. Best value: 2319.56:  97%|█████████▋| 974/1000 [26:06<00:33,  1.27s/it]Best trial: 921. Best value: 2319.56:  98%|█████████▊| 975/1000 [26:06<00:31,  1.27s/it]                                                                                        Best trial: 921. Best value: 2319.56:  98%|█████████▊| 975/1000 [26:07<00:31,  1.27s/it]Best trial: 921. Best value: 2319.56:  98%|█████████▊| 975/1000 [26:07<00:31,  1.27s/it]Best trial: 921. Best value: 2319.56:  98%|█████████▊| 976/1000 [26:07<00:30,  1.28s/it]                                                                                        Best trial: 921. Best value: 2319.56:  98%|█████████▊| 976/1000 [26:09<00:30,  1.28s/it]Best trial: 921. Best value: 2319.56:  98%|█████████▊| 976/1000 [26:09<00:30,  1.28s/it]Best trial: 921. Best value: 2319.56:  98%|█████████▊| 977/1000 [26:09<00:29,  1.26s/it]                                                                                        Best trial: 921. Best value: 2319.56:  98%|█████████▊| 977/1000 [26:10<00:29,  1.26s/it]Best trial: 921. Best value: 2319.56:  98%|█████████▊| 977/1000 [26:10<00:29,  1.26s/it]Best trial: 921. Best value: 2319.56:  98%|█████████▊| 978/1000 [26:10<00:27,  1.27s/it]                                                                                        Best trial: 921. Best value: 2319.56:  98%|█████████▊| 978/1000 [26:11<00:27,  1.27s/it]Best trial: 921. Best value: 2319.56:  98%|█████████▊| 978/1000 [26:11<00:27,  1.27s/it]Best trial: 921. Best value: 2319.56:  98%|█████████▊| 979/1000 [26:11<00:26,  1.27s/it]                                                                                        Best trial: 921. Best value: 2319.56:  98%|█████████▊| 979/1000 [26:12<00:26,  1.27s/it]Best trial: 921. Best value: 2319.56:  98%|█████████▊| 979/1000 [26:12<00:26,  1.27s/it]Best trial: 921. Best value: 2319.56:  98%|█████████▊| 980/1000 [26:12<00:25,  1.27s/it]                                                                                        Best trial: 921. Best value: 2319.56:  98%|█████████▊| 980/1000 [26:14<00:25,  1.27s/it]Best trial: 921. Best value: 2319.56:  98%|█████████▊| 980/1000 [26:14<00:25,  1.27s/it]Best trial: 921. Best value: 2319.56:  98%|█████████▊| 981/1000 [26:14<00:23,  1.26s/it]                                                                                        Best trial: 921. Best value: 2319.56:  98%|█████████▊| 981/1000 [26:23<00:23,  1.26s/it]Best trial: 921. Best value: 2319.56:  98%|█████████▊| 981/1000 [26:23<00:23,  1.26s/it]Best trial: 921. Best value: 2319.56:  98%|█████████▊| 982/1000 [26:23<01:05,  3.66s/it]                                                                                        Best trial: 921. Best value: 2319.56:  98%|█████████▊| 982/1000 [26:24<01:05,  3.66s/it]Best trial: 921. Best value: 2319.56:  98%|█████████▊| 982/1000 [26:24<01:05,  3.66s/it]Best trial: 921. Best value: 2319.56:  98%|█████████▊| 983/1000 [26:24<00:50,  2.95s/it]                                                                                        Best trial: 921. Best value: 2319.56:  98%|█████████▊| 983/1000 [26:25<00:50,  2.95s/it]Best trial: 921. Best value: 2319.56:  98%|█████████▊| 983/1000 [26:25<00:50,  2.95s/it]Best trial: 921. Best value: 2319.56:  98%|█████████▊| 984/1000 [26:25<00:39,  2.44s/it]                                                                                        Best trial: 921. Best value: 2319.56:  98%|█████████▊| 984/1000 [26:27<00:39,  2.44s/it]Best trial: 921. Best value: 2319.56:  98%|█████████▊| 984/1000 [26:27<00:39,  2.44s/it]Best trial: 921. Best value: 2319.56:  98%|█████████▊| 985/1000 [26:27<00:31,  2.10s/it]                                                                                        
[I 2026-03-31 17:47:50,689] Trial 969 finished with value: 2739.5276018478544 and parameters: {'alpha_0': 0.001465751788626502, 'alpha_1': 0.00011749623005945798, 'alpha_2': 9.430622330872569e-05, 'beta_0': 0.4446218992350334, 'beta_1': 0.9209482882020261, 'beta_2': 0.22918957229117579, 'beta_3': 0.0013637474318029907, 'beta_4': 0.9222870278541624, 'beta_5': 33.67518328364597, 'beta_6': 0.008956740646301685, 'beta_7': 0.032750514456116535}. Best is trial 921 with value: 2319.5643249196864.
[I 2026-03-31 17:47:51,974] Trial 970 finished with value: 2628.4434559873607 and parameters: {'alpha_0': 0.0014106516264974292, 'alpha_1': 5.2240461904301816e-05, 'alpha_2': 9.357200697876407e-05, 'beta_0': 0.4043298653960838, 'beta_1': 0.8667473606787703, 'beta_2': 0.1998845164764963, 'beta_3': 0.0014800292208382037, 'beta_4': 0.9473145557748521, 'beta_5': 42.09148731538496, 'beta_6': 0.005147810924777959, 'beta_7': 0.03401696935704588}. Best is trial 921 with value: 2319.5643249196864.
[I 2026-03-31 17:47:53,236] Trial 971 finished with value: 2433.636296746916 and parameters: {'alpha_0': 0.0015377824592474173, 'alpha_1': 5.183144908059757e-05, 'alpha_2': 9.735319551970436e-05, 'beta_0': 0.4143687032187774, 'beta_1': 0.9518582400683336, 'beta_2': 0.1727022306200885, 'beta_3': 0.0012463400276270034, 'beta_4': 0.9733768803608063, 'beta_5': 30.819193007294313, 'beta_6': 0.011884198081329896, 'beta_7': 0.03202426287337065}. Best is trial 921 with value: 2319.5643249196864.
[I 2026-03-31 17:47:54,509] Trial 972 finished with value: 2755.197800701674 and parameters: {'alpha_0': 0.0015007218349941253, 'alpha_1': 5.339428800358807e-05, 'alpha_2': 9.560654545236714e-05, 'beta_0': 0.4322636751063916, 'beta_1': 0.8878450906060471, 'beta_2': 0.22039382113133352, 'beta_3': 0.0013227859782222288, 'beta_4': 0.9118902991800666, 'beta_5': 47.529760349609646, 'beta_6': 0.01429410126626251, 'beta_7': 0.033137675123810585}. Best is trial 921 with value: 2319.5643249196864.
[I 2026-03-31 17:47:55,785] Trial 973 finished with value: 2439.8363885868284 and parameters: {'alpha_0': 0.0016344212169623212, 'alpha_1': 5.51803230411261e-05, 'alpha_2': 9.089408667748529e-05, 'beta_0': 0.3889180009566767, 'beta_1': 0.931703107167652, 'beta_2': 0.18289869249209936, 'beta_3': 0.001397020042854927, 'beta_4': 1.001742111873615, 'beta_5': 38.44911764874194, 'beta_6': 0.008701851003369565, 'beta_7': 0.03114796998361631}. Best is trial 921 with value: 2319.5643249196864.
[I 2026-03-31 17:47:57,046] Trial 974 finished with value: 2537.464204735188 and parameters: {'alpha_0': 0.0015561439777919204, 'alpha_1': 5.6811111432783054e-05, 'alpha_2': 0.00010066319793867989, 'beta_0': 0.42066511389108185, 'beta_1': 0.913267939088244, 'beta_2': 0.23930331705453886, 'beta_3': 0.0014564341006858053, 'beta_4': 0.9375127587739132, 'beta_5': 44.161716533664844, 'beta_6': 0.016692985234783422, 'beta_7': 0.03238623228361933}. Best is trial 921 with value: 2319.5643249196864.
[I 2026-03-31 17:47:58,360] Trial 975 finished with value: 2458.131803736949 and parameters: {'alpha_0': 0.0014418363998992345, 'alpha_1': 5.184608602515197e-05, 'alpha_2': 9.203923999305145e-05, 'beta_0': 0.39834572598411555, 'beta_1': 0.966623381819799, 'beta_2': 0.2112596588190713, 'beta_3': 0.0012991474870897234, 'beta_4': 0.9560160120194702, 'beta_5': 40.604504814328074, 'beta_6': 0.007034825802791741, 'beta_7': 0.03158989371926261}. Best is trial 921 with value: 2319.5643249196864.
[I 2026-03-31 17:47:59,576] Trial 976 finished with value: 2526.3019911414467 and parameters: {'alpha_0': 0.0015956593079643187, 'alpha_1': 5.40589728182221e-05, 'alpha_2': 9.82755429968803e-05, 'beta_0': 0.4397401105996432, 'beta_1': 0.8991508411200371, 'beta_2': 0.19631191518941887, 'beta_3': 0.001362864400255409, 'beta_4': 0.9734452454475083, 'beta_5': 35.54795359598636, 'beta_6': 0.005039456354617425, 'beta_7': 0.032701993028341876}. Best is trial 921 with value: 2319.5643249196864.
[I 2026-03-31 17:48:00,851] Trial 977 finished with value: 2556.9936658334545 and parameters: {'alpha_0': 0.001495950882824618, 'alpha_1': 5.011083146960968e-05, 'alpha_2': 9.392785981423227e-05, 'beta_0': 0.4287820034536093, 'beta_1': 0.9394659509940101, 'beta_2': 0.2037993813245336, 'beta_3': 0.0014294874277258024, 'beta_4': 0.9264231479564745, 'beta_5': 43.376941844529675, 'beta_6': 0.0103953246934851, 'beta_7': 0.0305562317791625}. Best is trial 921 with value: 2319.5643249196864.
[I 2026-03-31 17:48:02,137] Trial 978 finished with value: 2612.3396810103263 and parameters: {'alpha_0': 0.0015410117062382045, 'alpha_1': 5.006308624380834e-05, 'alpha_2': 8.892772660522978e-05, 'beta_0': 0.4614462064772404, 'beta_1': 0.87678694895657, 'beta_2': 0.18826432649238944, 'beta_3': 0.0012791761059333126, 'beta_4': 0.9075998850790156, 'beta_5': 33.28588811783609, 'beta_6': 0.013305564761930937, 'beta_7': 0.033491192142801614}. Best is trial 921 with value: 2319.5643249196864.
[I 2026-03-31 17:48:03,404] Trial 979 finished with value: 2344.5676234643997 and parameters: {'alpha_0': 0.0018374282491497268, 'alpha_1': 5.356985778908361e-05, 'alpha_2': 9.622585646520924e-05, 'beta_0': 0.4503732703164776, 'beta_1': 0.9200052826617249, 'beta_2': 0.2198708830382757, 'beta_3': 0.0015055569282955543, 'beta_4': 0.9501789120540705, 'beta_5': 26.788661953689278, 'beta_6': 0.0076590513683688554, 'beta_7': 0.03213699374273031}. Best is trial 921 with value: 2319.5643249196864.
[I 2026-03-31 17:48:04,641] Trial 980 finished with value: 2512.0362340280763 and parameters: {'alpha_0': 0.0018314321296584576, 'alpha_1': 5.191977456293855e-05, 'alpha_2': 9.682599533095205e-05, 'beta_0': 0.45127476451529047, 'beta_1': 0.9099234144763094, 'beta_2': 0.23801003738831344, 'beta_3': 0.0014874304062624348, 'beta_4': 0.9334694880372927, 'beta_5': 30.660350248504454, 'beta_6': 0.008000646314047111, 'beta_7': 0.03252616539236152}. Best is trial 921 with value: 2319.5643249196864.
[I 2026-03-31 17:48:13,899] Trial 981 finished with value: 8049.414958693102 and parameters: {'alpha_0': 0.001857524782518695, 'alpha_1': 5.334638709926411e-05, 'alpha_2': 9.915027759316526e-05, 'beta_0': 0.47393714610486243, 'beta_1': 0.9211688519909734, 'beta_2': 0.22532927909258385, 'beta_3': 0.0014441115936716215, 'beta_4': 0.9478588396762879, 'beta_5': 25.229562323801172, 'beta_6': 0.007027353674590061, 'beta_7': 0.019728473348862005}. Best is trial 921 with value: 2319.5643249196864.
[I 2026-03-31 17:48:15,194] Trial 982 finished with value: 2502.23183582651 and parameters: {'alpha_0': 0.0017333703781433607, 'alpha_1': 5.7343235799496895e-05, 'alpha_2': 9.581159666383562e-05, 'beta_0': 0.4701700436552947, 'beta_1': 0.8974941320523036, 'beta_2': 0.23027086918793263, 'beta_3': 0.001403326788626734, 'beta_4': 0.9364346412627966, 'beta_5': 24.22538497765798, 'beta_6': 0.009256483643596651, 'beta_7': 0.03151105313566196}. Best is trial 921 with value: 2319.5643249196864.
[I 2026-03-31 17:48:16,458] Trial 983 finished with value: 2896.488994226085 and parameters: {'alpha_0': 0.0018462462327608425, 'alpha_1': 5.1725709810946284e-05, 'alpha_2': 9.550085858079736e-05, 'beta_0': 0.48436756537687947, 'beta_1': 0.9204447506193837, 'beta_2': 0.24523418898034463, 'beta_3': 0.0013402064326454985, 'beta_4': 0.9469885448607533, 'beta_5': 26.350110867720428, 'beta_6': 0.006999024129318717, 'beta_7': 0.032913978492022294}. Best is trial 921 with value: 2319.5643249196864.
[I 2026-03-31 17:48:17,756] Trial 984 finished with value: 2592.0564570450724 and parameters: {'alpha_0': 0.001921786087936031, 'alpha_1': 5.5006925306250656e-05, 'alpha_2': 9.827408607897437e-05, 'beta_0': 0.4552250561325555, 'beta_1': 0.907431915023645, 'beta_2': 0.21987101078808188, 'beta_3': 0.0014658579308251228, 'beta_4': 0.9561679781287016, 'beta_5': 29.182882437329567, 'beta_6': 0.010147143050834185, 'beta_7': 0.03389926652429045}. Best is trial 921 with value: 2319.5643249196864.
