[I 2026-03-31 17:27:51,107] Trial 188 finished with value: 2549.1640986602615 and parameters: {'alpha_0': 0.0005828311491454979, 'alpha_1': 5.4149987342756876e-05, 'alpha_2': 7.08888450936365e-05, 'beta_0': 0.28416232371088945, 'beta_1': 1.2899052975910792, 'beta_2': 0.14717204557864924, 'beta_3': 0.0014267279536773628, 'beta_4': 0.7668162550586353, 'beta_5': 72.59334262178852, 'beta_6': 0.043684073581821706, 'beta_7': 0.03258376394304582}. Best is trial 175 with value: 2367.0380894697555.
[I 2026-03-31 17:27:52,388] Trial 189 finished with value: 2564.073733271801 and parameters: {'alpha_0': 0.0007041888218041582, 'alpha_1': 5.6629764673360726e-05, 'alpha_2': 7.654193321088415e-05, 'beta_0': 0.2202782788727665, 'beta_1': 1.2540260487483343, 'beta_2': 0.17247140004450567, 'beta_3': 0.001593698756109119, 'beta_4': 0.8152764505282188, 'beta_5': 67.98510445217416, 'beta_6': 0.03571751596529621, 'beta_7': 0.030801354177707456}. Best is trial 175 with value: 2367.0380894697555.
[I 2026-03-31 17:27:53,628] Trial 190 finished with value: 2547.6946373680457 and parameters: {'alpha_0': 0.00098011622029555, 'alpha_1': 6.0510300188209524e-05, 'alpha_2': 7.917425191614894e-05, 'beta_0': 0.23493240762653905, 'beta_1': 1.2776667046379655, 'beta_2': 0.15622250987428368, 'beta_3': 0.0017621439692676725, 'beta_4': 0.8411776013553901, 'beta_5': 65.91902021060262, 'beta_6': 0.03011544358760115, 'beta_7': 0.03217123280429285}. Best is trial 175 with value: 2367.0380894697555.
[I 2026-03-31 17:27:54,883] Trial 191 finished with value: 2515.297228732947 and parameters: {'alpha_0': 0.0007869934428287024, 'alpha_1': 5.2312801314735896e-05, 'alpha_2': 6.90589691573414e-05, 'beta_0': 0.24321454792903324, 'beta_1': 1.1803509393174223, 'beta_2': 0.13845736791107957, 'beta_3': 0.0016897811949439512, 'beta_4': 0.8008376097640442, 'beta_5': 64.25794577203361, 'beta_6': 0.026253594000437044, 'beta_7': 0.03220000542619254}. Best is trial 175 with value: 2367.0380894697555.
[I 2026-03-31 17:27:56,115] Trial 192 finished with value: 2447.462030737209 and parameters: {'alpha_0': 0.0008274060522391324, 'alpha_1': 5.1964754710191815e-05, 'alpha_2': 6.64183266664243e-05, 'beta_0': 0.23901847477141971, 'beta_1': 1.19189874954149, 'beta_2': 0.16326158319024622, 'beta_3': 0.0016469212521807238, 'beta_4': 0.7960738128731708, 'beta_5': 59.74061432813978, 'beta_6': 0.03162322017126448, 'beta_7': 0.031603668059466884}. Best is trial 175 with value: 2367.0380894697555.
[I 2026-03-31 17:27:57,395] Trial 193 finished with value: 2575.9621918180524 and parameters: {'alpha_0': 0.0008205992891110951, 'alpha_1': 5.406311482341569e-05, 'alpha_2': 6.771372391467653e-05, 'beta_0': 0.2570262021851725, 'beta_1': 1.2025378072784985, 'beta_2': 0.12578871887925588, 'beta_3': 0.0016536313827457878, 'beta_4': 0.8257241671787672, 'beta_5': 59.42192500144733, 'beta_6': 0.06710227644439234, 'beta_7': 0.03144135462258704}. Best is trial 175 with value: 2367.0380894697555.
[I 2026-03-31 17:27:58,625] Trial 194 finished with value: 2463.2193023888185 and parameters: {'alpha_0': 0.0007410741261488999, 'alpha_1': 5.0096096160207085e-05, 'alpha_2': 6.183662516595227e-05, 'beta_0': 0.22597634676493417, 'beta_1': 1.2282375008232878, 'beta_2': 0.157492715806402, 'beta_3': 0.001523193493312443, 'beta_4': 0.7918198768966483, 'beta_5': 61.498898910682676, 'beta_6': 0.03483945388552361, 'beta_7': 0.031663718693175365}. Best is trial 175 with value: 2367.0380894697555.
[I 2026-03-31 17:27:59,893] Trial 195 finished with value: 2829.010796164706 and parameters: {'alpha_0': 0.000904621630923734, 'alpha_1': 5.1543521915706566e-05, 'alpha_2': 6.0846364002797013e-05, 'beta_0': 0.2772835957445901, 'beta_1': 1.1584248961635484, 'beta_2': 0.16473603225179695, 'beta_3': 0.0015115601930268435, 'beta_4': 0.793287210640441, 'beta_5': 62.57594815831989, 'beta_6': 0.03275997166086085, 'beta_7': 0.032983974013004326}. Best is trial 175 with value: 2367.0380894697555.
[I 2026-03-31 17:28:01,187] Trial 196 finished with value: 2461.710316580448 and parameters: {'alpha_0': 0.0007411945746353906, 'alpha_1': 5.000363354777243e-05, 'alpha_2': 6.180037010584217e-05, 'beta_0': 0.26647039273624773, 'beta_1': 1.1782216014131952, 'beta_2': 0.1825560817172924, 'beta_3': 0.0015490302353667572, 'beta_4': 0.7829611677555026, 'beta_5': 59.077512116144796, 'beta_6': 0.036224832195907955, 'beta_7': 0.03015005430611363}. Best is trial 175 with value: 2367.0380894697555.
[I 2026-03-31 17:28:02,509] Trial 197 finished with value: 2485.2422114324604 and parameters: {'alpha_0': 0.0008597407858842555, 'alpha_1': 5.0294056573905076e-05, 'alpha_2': 6.261759597209466e-05, 'beta_0': 0.266080704061934, 'beta_1': 1.1757554075432028, 'beta_2': 0.17599728629362893, 'beta_3': 0.0015543996040223815, 'beta_4': 0.765629936386946, 'beta_5': 58.85997787350503, 'beta_6': 0.03411713061943244, 'beta_7': 0.029998233323025404}. Best is trial 175 with value: 2367.0380894697555.
[I 2026-03-31 17:28:03,773] Trial 198 finished with value: 2588.4625576459393 and parameters: {'alpha_0': 0.0007613619382685423, 'alpha_1': 5.343031686871102e-05, 'alpha_2': 5.849179566612845e-05, 'beta_0': 0.29313688951380656, 'beta_1': 1.1877642461752569, 'beta_2': 0.1882361355296725, 'beta_3': 0.0014758140631495544, 'beta_4': 0.8094714406344665, 'beta_5': 7.873379615958541, 'beta_6': 0.028773266925962753, 'beta_7': 0.03058149002650882}. Best is trial 175 with value: 2367.0380894697555.
[I 2026-03-31 17:28:05,056] Trial 199 finished with value: 2547.6998616103683 and parameters: {'alpha_0': 0.0007016942322099909, 'alpha_1': 5.002315702395373e-05, 'alpha_2': 6.997536227689228e-05, 'beta_0': 0.21209707935265484, 'beta_1': 1.1449648227295266, 'beta_2': 0.5988115163012008, 'beta_3': 0.0015322511009848903, 'beta_4': 0.7344641890079614, 'beta_5': 60.784191925627596, 'beta_6': 0.0315294242118579, 'beta_7': 0.030908750803788156}. Best is trial 175 with value: 2367.0380894697555.
[I 2026-03-31 17:28:06,330] Trial 200 finished with value: 2647.1204261417533 and parameters: {'alpha_0': 0.0008076413926287731, 'alpha_1': 5.3427184524989854e-05, 'alpha_2': 5.957147546258164e-05, 'beta_0': 0.20247518780931967, 'beta_1': 1.2145149993045807, 'beta_2': 0.21994465481521355, 'beta_3': 0.0013943596942585605, 'beta_4': 0.7128123411713073, 'beta_5': 56.27742635359003, 'beta_6': 0.03578311716146789, 'beta_7': 0.03402616254081168}. Best is trial 175 with value: 2367.0380894697555.
[I 2026-03-31 17:28:07,617] Trial 201 finished with value: 2563.4474639005966 and parameters: {'alpha_0': 0.0007303511911540163, 'alpha_1': 5.196079964468937e-05, 'alpha_2': 6.443471597462492e-05, 'beta_0': 0.25373969931175794, 'beta_1': 1.2444898718874573, 'beta_2': 0.14140762598899378, 'beta_3': 0.0016145892834636157, 'beta_4': 0.780848966230189, 'beta_5': 31.12241755225562, 'beta_6': 0.040989430351314624, 'beta_7': 0.03143966605111238}. Best is trial 175 with value: 2367.0380894697555.
[I 2026-03-31 17:28:08,869] Trial 202 finished with value: 2427.1237302342292 and parameters: {'alpha_0': 0.0006565663407203348, 'alpha_1': 5.53711754838185e-05, 'alpha_2': 6.333670459188088e-05, 'beta_0': 0.26538291350608084, 'beta_1': 1.1902977757407083, 'beta_2': 0.1638206847126936, 'beta_3': 0.0015730131862149322, 'beta_4': 0.7574645955563224, 'beta_5': 63.128685243337536, 'beta_6': 0.037191026668393, 'beta_7': 0.03191002371633453}. Best is trial 175 with value: 2367.0380894697555.
[I 2026-03-31 17:28:10,112] Trial 203 finished with value: 2537.3132167976974 and parameters: {'alpha_0': 0.0006617848023811192, 'alpha_1': 5.532201326261421e-05, 'alpha_2': 6.592865581710777e-05, 'beta_0': 0.2705788010838468, 'beta_1': 1.194014731003877, 'beta_2': 0.18404387173286188, 'beta_3': 0.0015725837702530358, 'beta_4': 0.7515523187491336, 'beta_5': 62.913160136235796, 'beta_6': 0.03689874072258592, 'beta_7': 0.03230100268671401}. Best is trial 175 with value: 2367.0380894697555.Best trial: 175. Best value: 2367.04:  20%|██        | 203/1000 [06:19<16:53,  1.27s/it]Best trial: 175. Best value: 2367.04:  20%|██        | 203/1000 [06:19<16:53,  1.27s/it]Best trial: 175. Best value: 2367.04:  20%|██        | 204/1000 [06:19<16:45,  1.26s/it]                                                                                        Best trial: 175. Best value: 2367.04:  20%|██        | 204/1000 [06:20<16:45,  1.26s/it]Best trial: 175. Best value: 2367.04:  20%|██        | 204/1000 [06:20<16:45,  1.26s/it]Best trial: 175. Best value: 2367.04:  20%|██        | 205/1000 [06:20<16:42,  1.26s/it]                                                                                        Best trial: 175. Best value: 2367.04:  20%|██        | 205/1000 [06:22<16:42,  1.26s/it]Best trial: 175. Best value: 2367.04:  20%|██        | 205/1000 [06:22<16:42,  1.26s/it]Best trial: 175. Best value: 2367.04:  21%|██        | 206/1000 [06:22<16:41,  1.26s/it]                                                                                        Best trial: 175. Best value: 2367.04:  21%|██        | 206/1000 [06:23<16:41,  1.26s/it]Best trial: 175. Best value: 2367.04:  21%|██        | 206/1000 [06:23<16:41,  1.26s/it]Best trial: 175. Best value: 2367.04:  21%|██        | 207/1000 [06:23<16:35,  1.26s/it]                                                                                        Best trial: 175. Best value: 2367.04:  21%|██        | 207/1000 [06:24<16:35,  1.26s/it]Best trial: 175. Best value: 2367.04:  21%|██        | 207/1000 [06:24<16:35,  1.26s/it]Best trial: 175. Best value: 2367.04:  21%|██        | 208/1000 [06:24<16:33,  1.25s/it]                                                                                        Best trial: 175. Best value: 2367.04:  21%|██        | 208/1000 [06:25<16:33,  1.25s/it]Best trial: 175. Best value: 2367.04:  21%|██        | 208/1000 [06:25<16:33,  1.25s/it]Best trial: 175. Best value: 2367.04:  21%|██        | 209/1000 [06:25<16:32,  1.25s/it]                                                                                        Best trial: 175. Best value: 2367.04:  21%|██        | 209/1000 [06:27<16:32,  1.25s/it]Best trial: 175. Best value: 2367.04:  21%|██        | 209/1000 [06:27<16:32,  1.25s/it]Best trial: 175. Best value: 2367.04:  21%|██        | 210/1000 [06:27<16:44,  1.27s/it]                                                                                        Best trial: 175. Best value: 2367.04:  21%|██        | 210/1000 [06:29<16:44,  1.27s/it]Best trial: 175. Best value: 2367.04:  21%|██        | 210/1000 [06:29<16:44,  1.27s/it]Best trial: 175. Best value: 2367.04:  21%|██        | 211/1000 [06:29<19:12,  1.46s/it]                                                                                        Best trial: 175. Best value: 2367.04:  21%|██        | 211/1000 [06:30<19:12,  1.46s/it]Best trial: 175. Best value: 2367.04:  21%|██        | 211/1000 [06:30<19:12,  1.46s/it]Best trial: 175. Best value: 2367.04:  21%|██        | 212/1000 [06:30<18:39,  1.42s/it]                                                                                        Best trial: 175. Best value: 2367.04:  21%|██        | 212/1000 [06:31<18:39,  1.42s/it]Best trial: 175. Best value: 2367.04:  21%|██        | 212/1000 [06:31<18:39,  1.42s/it]Best trial: 175. Best value: 2367.04:  21%|██▏       | 213/1000 [06:31<18:08,  1.38s/it]                                                                                        Best trial: 175. Best value: 2367.04:  21%|██▏       | 213/1000 [06:32<18:08,  1.38s/it]Best trial: 175. Best value: 2367.04:  21%|██▏       | 213/1000 [06:32<18:08,  1.38s/it]Best trial: 175. Best value: 2367.04:  21%|██▏       | 214/1000 [06:32<17:37,  1.35s/it]                                                                                        Best trial: 175. Best value: 2367.04:  21%|██▏       | 214/1000 [06:42<17:37,  1.35s/it]Best trial: 175. Best value: 2367.04:  21%|██▏       | 214/1000 [06:42<17:37,  1.35s/it]Best trial: 175. Best value: 2367.04:  22%|██▏       | 215/1000 [06:42<48:49,  3.73s/it]                                                                                        Best trial: 175. Best value: 2367.04:  22%|██▏       | 215/1000 [06:43<48:49,  3.73s/it]Best trial: 175. Best value: 2367.04:  22%|██▏       | 215/1000 [06:43<48:49,  3.73s/it]Best trial: 175. Best value: 2367.04:  22%|██▏       | 216/1000 [06:43<39:02,  2.99s/it]                                                                                        Best trial: 175. Best value: 2367.04:  22%|██▏       | 216/1000 [06:44<39:02,  2.99s/it]Best trial: 175. Best value: 2367.04:  22%|██▏       | 216/1000 [06:44<39:02,  2.99s/it]Best trial: 175. Best value: 2367.04:  22%|██▏       | 217/1000 [06:44<32:10,  2.47s/it]                                                                                        Best trial: 175. Best value: 2367.04:  22%|██▏       | 217/1000 [06:46<32:10,  2.47s/it]Best trial: 175. Best value: 2367.04:  22%|██▏       | 217/1000 [06:46<32:10,  2.47s/it]Best trial: 175. Best value: 2367.04:  22%|██▏       | 218/1000 [06:46<27:30,  2.11s/it]                                                                                        Best trial: 175. Best value: 2367.04:  22%|██▏       | 218/1000 [06:47<27:30,  2.11s/it]Best trial: 175. Best value: 2367.04:  22%|██▏       | 218/1000 [06:47<27:30,  2.11s/it]Best trial: 175. Best value: 2367.04:  22%|██▏       | 219/1000 [06:47<24:11,  1.86s/it]                                                                                        Best trial: 175. Best value: 2367.04:  22%|██▏       | 219/1000 [06:48<24:11,  1.86s/it]Best trial: 175. Best value: 2367.04:  22%|██▏       | 219/1000 [06:48<24:11,  1.86s/it]Best trial: 175. Best value: 2367.04:  22%|██▏       | 220/1000 [06:48<22:19,  1.72s/it]                                                                                        
[I 2026-03-31 17:28:11,369] Trial 204 finished with value: 2474.1548448821313 and parameters: {'alpha_0': 0.0006504658927910348, 'alpha_1': 5.827401647880072e-05, 'alpha_2': 6.321439002206963e-05, 'beta_0': 0.2624089137391584, 'beta_1': 1.228150815881644, 'beta_2': 0.16762219064232553, 'beta_3': 0.0015390333379732743, 'beta_4': 0.8005905138714872, 'beta_5': 58.71572324450116, 'beta_6': 0.039710221933875495, 'beta_7': 0.031891347756469735}. Best is trial 175 with value: 2367.0380894697555.
[I 2026-03-31 17:28:12,631] Trial 205 finished with value: 2940.1732849527807 and parameters: {'alpha_0': 0.0007651154401687379, 'alpha_1': 5.871673594048719e-05, 'alpha_2': 6.327170864417216e-05, 'beta_0': 0.28759786768822565, 'beta_1': 1.1691138276204287, 'beta_2': 0.1660037233035361, 'beta_3': 0.001528205543209949, 'beta_4': 0.7960094246382662, 'beta_5': 66.57440897498296, 'beta_6': 0.039306437857339206, 'beta_7': 0.03289017916036327}. Best is trial 175 with value: 2367.0380894697555.
[I 2026-03-31 17:28:13,870] Trial 206 finished with value: 2443.129990359009 and parameters: {'alpha_0': 0.0007392322172651317, 'alpha_1': 5.75554067756894e-05, 'alpha_2': 6.479406271127698e-05, 'beta_0': 0.28239818951109047, 'beta_1': 1.2266418153100813, 'beta_2': 0.1565707519121585, 'beta_3': 0.0015820451614581385, 'beta_4': 0.7696181296771178, 'beta_5': 59.902270086462835, 'beta_6': 0.034255192401454616, 'beta_7': 0.03177584077528661}. Best is trial 175 with value: 2367.0380894697555.
[I 2026-03-31 17:28:15,125] Trial 207 finished with value: 2511.9529932294377 and parameters: {'alpha_0': 0.000748205672163421, 'alpha_1': 5.60020576623338e-05, 'alpha_2': 6.060248088955685e-05, 'beta_0': 0.2782550666910412, 'beta_1': 1.2117681247818501, 'beta_2': 0.15957539050226638, 'beta_3': 0.0015906389086429416, 'beta_4': 0.7628340298759615, 'beta_5': 61.0619843490416, 'beta_6': 0.03470264345275408, 'beta_7': 0.03086177315299318}. Best is trial 175 with value: 2367.0380894697555.
[I 2026-03-31 17:28:16,378] Trial 208 finished with value: 2478.327221584461 and parameters: {'alpha_0': 0.0008276451635191611, 'alpha_1': 5.4139066208607334e-05, 'alpha_2': 6.220194725343339e-05, 'beta_0': 0.22684421027667429, 'beta_1': 1.2326901327477837, 'beta_2': 0.15103083500834366, 'beta_3': 0.0014399333596396395, 'beta_4': 0.7501818994089648, 'beta_5': 64.71033620060386, 'beta_6': 0.03247497155038995, 'beta_7': 0.032421578241052726}. Best is trial 175 with value: 2367.0380894697555.
[I 2026-03-31 17:28:17,688] Trial 209 finished with value: 2469.2173709476274 and parameters: {'alpha_0': 0.0006899164641416839, 'alpha_1': 5.696422300746228e-05, 'alpha_2': 6.137481954866882e-05, 'beta_0': 0.29388379163699474, 'beta_1': 1.1215684284903578, 'beta_2': 0.11145077545774722, 'beta_3': 0.0016181934550451949, 'beta_4': 0.7711145703926363, 'beta_5': 63.21283879074756, 'beta_6': 0.03009195917978465, 'beta_7': 0.030146074552422093}. Best is trial 175 with value: 2367.0380894697555.
[I 2026-03-31 17:28:19,590] Trial 210 finished with value: 9100.973410795445 and parameters: {'alpha_0': 0.0007118588652798048, 'alpha_1': 5.676405042115533e-05, 'alpha_2': 6.204077798964553e-05, 'beta_0': 0.2979909113675744, 'beta_1': 1.1028419989821594, 'beta_2': 0.11186566990819122, 'beta_3': 0.0014964447469835202, 'beta_4': 0.7710264629372927, 'beta_5': 63.05688264797354, 'beta_6': 0.029718382348054146, 'beta_7': 0.024349431203450723}. Best is trial 175 with value: 2367.0380894697555.
[I 2026-03-31 17:28:20,919] Trial 211 finished with value: 2493.6578308699354 and parameters: {'alpha_0': 0.0006930744017625651, 'alpha_1': 5.983939766835067e-05, 'alpha_2': 6.474883452338395e-05, 'beta_0': 0.27989469672077094, 'beta_1': 1.1231935943743951, 'beta_2': 0.12153201225806176, 'beta_3': 0.0016221381993318602, 'beta_4': 0.7863494280371708, 'beta_5': 60.9102279928334, 'beta_6': 0.033395072673765534, 'beta_7': 0.0301537800461754}. Best is trial 175 with value: 2367.0380894697555.
[I 2026-03-31 17:28:22,213] Trial 212 finished with value: 2527.0012608448637 and parameters: {'alpha_0': 0.0007379915318747679, 'alpha_1': 8.315414866911979e-05, 'alpha_2': 6.637913486979567e-05, 'beta_0': 0.2914082003431017, 'beta_1': 1.1586787680216661, 'beta_2': 0.144977127664476, 'beta_3': 0.0015759111645613072, 'beta_4': 0.7378523520641049, 'beta_5': 67.47169968090523, 'beta_6': 0.027460737302264667, 'beta_7': 0.03126665110680098}. Best is trial 175 with value: 2367.0380894697555.
[I 2026-03-31 17:28:23,473] Trial 213 finished with value: 2442.6265592959817 and parameters: {'alpha_0': 0.0007860534425654691, 'alpha_1': 5.331211555697243e-05, 'alpha_2': 6.13532887911885e-05, 'beta_0': 0.30007482357415255, 'beta_1': 1.1352194911812743, 'beta_2': 0.15738895706579165, 'beta_3': 0.0016257037146175798, 'beta_4': 0.77387121933332, 'beta_5': 64.25541225132744, 'beta_6': 0.03101514522802326, 'beta_7': 0.031732530236844865}. Best is trial 175 with value: 2367.0380894697555.
[I 2026-03-31 17:28:32,771] Trial 214 finished with value: 7927.828215479534 and parameters: {'alpha_0': 0.0007879097354593177, 'alpha_1': 5.495704078770889e-05, 'alpha_2': 5.9277625890889635e-05, 'beta_0': 0.3244026551820307, 'beta_1': 1.139313713732339, 'beta_2': 0.13031330319159476, 'beta_3': 0.0016121146390468929, 'beta_4': 0.7570283643114383, 'beta_5': 64.6619211028543, 'beta_6': 0.024746357504241024, 'beta_7': 0.017793671735387963}. Best is trial 175 with value: 2367.0380894697555.
[I 2026-03-31 17:28:34,024] Trial 215 finished with value: 2569.653356974426 and parameters: {'alpha_0': 0.0008117153705561006, 'alpha_1': 0.00010219924714067361, 'alpha_2': 5.777510983420863e-05, 'beta_0': 0.3036035432574665, 'beta_1': 1.1836841119711898, 'beta_2': 0.10973828508703645, 'beta_3': 0.0015604251159563435, 'beta_4': 0.7724801894317687, 'beta_5': 62.49111346890989, 'beta_6': 0.030798995209863747, 'beta_7': 0.03210546678027917}. Best is trial 175 with value: 2367.0380894697555.
[I 2026-03-31 17:28:35,272] Trial 216 finished with value: 2398.8006103356724 and parameters: {'alpha_0': 0.0008912749135425873, 'alpha_1': 5.766639325680498e-05, 'alpha_2': 6.021537964782079e-05, 'beta_0': 0.30714542101929193, 'beta_1': 1.1220627461609107, 'beta_2': 0.15484523766433145, 'beta_3': 0.0016373110472380596, 'beta_4': 0.8156819942090294, 'beta_5': 59.1285459507768, 'beta_6': 0.03628959994002816, 'beta_7': 0.031831732394980466}. Best is trial 175 with value: 2367.0380894697555.
[I 2026-03-31 17:28:36,554] Trial 217 finished with value: 2606.8530809479284 and parameters: {'alpha_0': 0.0007397951391401363, 'alpha_1': 5.316655933608893e-05, 'alpha_2': 6.0966673033300104e-05, 'beta_0': 0.31344211842749636, 'beta_1': 1.121911791313591, 'beta_2': 0.15426871498771538, 'beta_3': 0.0016084625214491683, 'beta_4': 0.817514847925744, 'beta_5': 57.647404593472444, 'beta_6': 0.036901664201611305, 'beta_7': 0.030419531938382746}. Best is trial 175 with value: 2367.0380894697555.
[I 2026-03-31 17:28:37,822] Trial 218 finished with value: 2650.615217371192 and parameters: {'alpha_0': 0.0008546500497479292, 'alpha_1': 6.0232794143789935e-05, 'alpha_2': 6.14513547964717e-05, 'beta_0': 0.30048556485897454, 'beta_1': 1.1105350608929516, 'beta_2': 0.12321144253397795, 'beta_3': 0.0016372712357654703, 'beta_4': 0.7222817061795794, 'beta_5': 66.15810828337527, 'beta_6': 0.03380661072678544, 'beta_7': 0.033264612413211866}. Best is trial 175 with value: 2367.0380894697555.
[I 2026-03-31 17:28:39,212] Trial 219 finished with value: 2652.8767912724657 and parameters: {'alpha_0': 0.0006815902988263024, 'alpha_1': 5.553855267574616e-05, 'alpha_2': 6.357093053987912e-05, 'beta_0': 0.29014233214673385, 'beta_1': 1.1366848326204917, 'beta_2': 0.13644493974338248, 'beta_3': 0.0015416171330126694, 'beta_4': 0.829636966790412, 'beta_5': 69.68700120607865, 'beta_6': 0.03580547466662447, 'beta_7': 0.029677484643890004}. Best is trial 175 with value: 2367.0380894697555.
