[I 2026-03-31 17:39:51,741] Trial 648 finished with value: 2482.261298103606 and parameters: {'alpha_0': 0.0009753341275739008, 'alpha_1': 5.197818621563508e-05, 'alpha_2': 0.00011538554987557383, 'beta_0': 0.3710628784982335, 'beta_1': 1.047474511760533, 'beta_2': 0.1359830815575695, 'beta_3': 0.0018500799587481734, 'beta_4': 0.734205147745559, 'beta_5': 61.62552314758769, 'beta_6': 0.03885608826400532, 'beta_7': 0.03142447223310766}. Best is trial 493 with value: 2345.693614299724.
[I 2026-03-31 17:39:53,005] Trial 649 finished with value: 4093.0957048241644 and parameters: {'alpha_0': 0.0008003604210050099, 'alpha_1': 5.505563941247641e-05, 'alpha_2': 6.59661092134395e-05, 'beta_0': 0.2802972377706444, 'beta_1': 1.3838686081434026, 'beta_2': 0.12048481694398294, 'beta_3': 0.0015805455065745423, 'beta_4': 0.7652824288229824, 'beta_5': 64.1321840950738, 'beta_6': 0.09071940821645141, 'beta_7': 0.03273456701628615}. Best is trial 493 with value: 2345.693614299724.
[I 2026-03-31 17:39:54,307] Trial 650 finished with value: 2635.2388153337392 and parameters: {'alpha_0': 0.0009102678426257717, 'alpha_1': 5.874718148667964e-05, 'alpha_2': 6.051919655791691e-05, 'beta_0': 0.32179071387989383, 'beta_1': 1.0885543486738964, 'beta_2': 0.14593886244752183, 'beta_3': 0.0009269350251485583, 'beta_4': 0.8004059881926976, 'beta_5': 55.677476948474435, 'beta_6': 0.027950416975333833, 'beta_7': 0.03432826243959641}. Best is trial 493 with value: 2345.693614299724.
[I 2026-03-31 17:39:55,552] Trial 651 finished with value: 2385.4782511073563 and parameters: {'alpha_0': 0.001510420995249493, 'alpha_1': 5.31194364778241e-05, 'alpha_2': 9.202005424856471e-05, 'beta_0': 0.3525984454011387, 'beta_1': 1.0347178685648113, 'beta_2': 0.16636140278050066, 'beta_3': 0.0016456782868659017, 'beta_4': 0.816142748512043, 'beta_5': 59.13601754394587, 'beta_6': 0.0306831726681539, 'beta_7': 0.031935948373985876}. Best is trial 493 with value: 2345.693614299724.
[I 2026-03-31 17:39:56,993] Trial 652 finished with value: 2714.3351241295622 and parameters: {'alpha_0': 0.0014202337372703872, 'alpha_1': 5.1625625476868725e-05, 'alpha_2': 7.320264920615886e-05, 'beta_0': 0.13041138524255702, 'beta_1': 1.0173571679227718, 'beta_2': 0.18417285824400545, 'beta_3': 0.0016066493346154342, 'beta_4': 0.8436968361852502, 'beta_5': 58.86081726660789, 'beta_6': 0.029942913521353746, 'beta_7': 0.029054849976771224}. Best is trial 493 with value: 2345.693614299724.
[I 2026-03-31 17:40:06,168] Trial 653 finished with value: 10863.403418993801 and parameters: {'alpha_0': 0.0014753995444432245, 'alpha_1': 5.2760288335448457e-05, 'alpha_2': 9.766662213648196e-05, 'beta_0': 0.3447752496516319, 'beta_1': 1.032756227200057, 'beta_2': 0.17113288532671284, 'beta_3': 0.0016522831104948711, 'beta_4': 0.8229709643289255, 'beta_5': 57.0003351960048, 'beta_6': 0.027362032192238876, 'beta_7': 0.022243400313698036}. Best is trial 493 with value: 2345.693614299724.
[I 2026-03-31 17:40:07,454] Trial 654 finished with value: 2515.9384460456567 and parameters: {'alpha_0': 0.0015264423524641256, 'alpha_1': 5.297456267645725e-05, 'alpha_2': 5.416154905025621e-05, 'beta_0': 0.3530744484321139, 'beta_1': 1.0346031755950942, 'beta_2': 0.16468845211287136, 'beta_3': 0.0016300351402539555, 'beta_4': 0.8158025895600624, 'beta_5': 60.53499198527465, 'beta_6': 0.03154346877795957, 'beta_7': 0.031003587769617775}. Best is trial 493 with value: 2345.693614299724.
[I 2026-03-31 17:40:08,688] Trial 655 finished with value: 2363.955473216183 and parameters: {'alpha_0': 0.0007268486357775944, 'alpha_1': 5.455029430891423e-05, 'alpha_2': 8.754173452576474e-05, 'beta_0': 0.3499502560251477, 'beta_1': 1.0016599655278386, 'beta_2': 0.18660991995665888, 'beta_3': 0.0015556256349055358, 'beta_4': 0.8334111676443887, 'beta_5': 47.673848940206426, 'beta_6': 0.02017299159146519, 'beta_7': 0.03189401660141996}. Best is trial 493 with value: 2345.693614299724.
[I 2026-03-31 17:40:09,914] Trial 656 finished with value: 2357.8588836890935 and parameters: {'alpha_0': 0.0015417488676102477, 'alpha_1': 5.015158116657134e-05, 'alpha_2': 8.82277174186603e-05, 'beta_0': 0.3531882220113117, 'beta_1': 1.0187825746551313, 'beta_2': 0.19879171849603067, 'beta_3': 0.0015609147978691493, 'beta_4': 0.8657054319810594, 'beta_5': 46.449737169392016, 'beta_6': 0.018554283211625573, 'beta_7': 0.031920366393724094}. Best is trial 493 with value: 2345.693614299724.
[I 2026-03-31 17:40:11,150] Trial 657 finished with value: 2348.25331953786 and parameters: {'alpha_0': 0.001546649567491274, 'alpha_1': 5.0232210649972024e-05, 'alpha_2': 9.211217017070838e-05, 'beta_0': 0.35975423065046475, 'beta_1': 0.9993385851834625, 'beta_2': 0.19998944576457997, 'beta_3': 0.001542224687435746, 'beta_4': 0.861951818202986, 'beta_5': 45.14257119440774, 'beta_6': 0.014627997030384175, 'beta_7': 0.03197674552065866}. Best is trial 493 with value: 2345.693614299724.
[I 2026-03-31 17:40:12,459] Trial 658 finished with value: 2443.9387771641486 and parameters: {'alpha_0': 0.0015693205172048455, 'alpha_1': 5.194423850248334e-05, 'alpha_2': 9.079483727189226e-05, 'beta_0': 0.36130757247379275, 'beta_1': 0.9869959842178746, 'beta_2': 0.21369059956314773, 'beta_3': 0.0015089911353736208, 'beta_4': 0.9064336419874655, 'beta_5': 44.05651617337186, 'beta_6': 0.016555569086609066, 'beta_7': 0.031171343517181302}. Best is trial 493 with value: 2345.693614299724.
[I 2026-03-31 17:40:13,722] Trial 659 finished with value: 2353.4966124401053 and parameters: {'alpha_0': 0.0015674146654143727, 'alpha_1': 5.150660584000601e-05, 'alpha_2': 8.86564048196269e-05, 'beta_0': 0.3508081775534037, 'beta_1': 0.9942339468511445, 'beta_2': 0.1930926007467231, 'beta_3': 0.0016047048282228087, 'beta_4': 0.8829967849824164, 'beta_5': 42.44210524577538, 'beta_6': 0.014731606381312367, 'beta_7': 0.0318365213318786}. Best is trial 493 with value: 2345.693614299724.
[I 2026-03-31 17:40:14,991] Trial 660 finished with value: 2529.77577380195 and parameters: {'alpha_0': 0.001494584201015594, 'alpha_1': 5.072830667507715e-05, 'alpha_2': 9.286163093299517e-05, 'beta_0': 0.35446309765252504, 'beta_1': 0.9673317863416252, 'beta_2': 0.19565513420078257, 'beta_3': 0.0015344917136762884, 'beta_4': 0.883411892950561, 'beta_5': 39.317499153558835, 'beta_6': 0.014240953536744257, 'beta_7': 0.030539556193536842}. Best is trial 493 with value: 2345.693614299724.
[I 2026-03-31 17:40:16,226] Trial 661 finished with value: 2365.139800784439 and parameters: {'alpha_0': 0.0015572383816172526, 'alpha_1': 5.095946037505048e-05, 'alpha_2': 8.838223614324609e-05, 'beta_0': 0.3628341577415462, 'beta_1': 0.9933494554717621, 'beta_2': 0.1967351661998923, 'beta_3': 0.0015460723919552928, 'beta_4': 0.937334334844037, 'beta_5': 44.30514050928716, 'beta_6': 0.02051838304203457, 'beta_7': 0.031919468100547015}. Best is trial 493 with value: 2345.693614299724.
[I 2026-03-31 17:40:17,459] Trial 662 finished with value: 2353.863653215549 and parameters: {'alpha_0': 0.001529401901846525, 'alpha_1': 5.011808950446866e-05, 'alpha_2': 8.917131638835222e-05, 'beta_0': 0.3612713347751513, 'beta_1': 0.9730189155603794, 'beta_2': 0.2063397632186814, 'beta_3': 0.0016010381567517907, 'beta_4': 0.9511962980304121, 'beta_5': 43.29341018485362, 'beta_6': 0.016350403732704556, 'beta_7': 0.03188911747703082}. Best is trial 493 with value: 2345.693614299724.Best trial: 493. Best value: 2345.69:  66%|██████▌   | 662/1000 [18:26<07:51,  1.40s/it]Best trial: 493. Best value: 2345.69:  66%|██████▌   | 662/1000 [18:26<07:51,  1.40s/it]Best trial: 493. Best value: 2345.69:  66%|██████▋   | 663/1000 [18:26<07:33,  1.35s/it]                                                                                        Best trial: 493. Best value: 2345.69:  66%|██████▋   | 663/1000 [18:28<07:33,  1.35s/it]Best trial: 663. Best value: 2322.41:  66%|██████▋   | 663/1000 [18:28<07:33,  1.35s/it]Best trial: 663. Best value: 2322.41:  66%|██████▋   | 664/1000 [18:28<07:23,  1.32s/it]                                                                                        Best trial: 663. Best value: 2322.41:  66%|██████▋   | 664/1000 [18:29<07:23,  1.32s/it]Best trial: 663. Best value: 2322.41:  66%|██████▋   | 664/1000 [18:29<07:23,  1.32s/it]Best trial: 663. Best value: 2322.41:  66%|██████▋   | 665/1000 [18:29<07:17,  1.31s/it]                                                                                        Best trial: 663. Best value: 2322.41:  66%|██████▋   | 665/1000 [18:30<07:17,  1.31s/it]Best trial: 663. Best value: 2322.41:  66%|██████▋   | 665/1000 [18:30<07:17,  1.31s/it]Best trial: 663. Best value: 2322.41:  67%|██████▋   | 666/1000 [18:30<07:09,  1.29s/it]                                                                                        Best trial: 663. Best value: 2322.41:  67%|██████▋   | 666/1000 [18:31<07:09,  1.29s/it]Best trial: 663. Best value: 2322.41:  67%|██████▋   | 666/1000 [18:31<07:09,  1.29s/it]Best trial: 663. Best value: 2322.41:  67%|██████▋   | 667/1000 [18:31<07:04,  1.27s/it]                                                                                        Best trial: 663. Best value: 2322.41:  67%|██████▋   | 667/1000 [18:33<07:04,  1.27s/it]Best trial: 663. Best value: 2322.41:  67%|██████▋   | 667/1000 [18:33<07:04,  1.27s/it]Best trial: 663. Best value: 2322.41:  67%|██████▋   | 668/1000 [18:33<07:03,  1.28s/it]                                                                                        Best trial: 663. Best value: 2322.41:  67%|██████▋   | 668/1000 [18:34<07:03,  1.28s/it]Best trial: 663. Best value: 2322.41:  67%|██████▋   | 668/1000 [18:34<07:03,  1.28s/it]Best trial: 663. Best value: 2322.41:  67%|██████▋   | 669/1000 [18:34<07:03,  1.28s/it]                                                                                        Best trial: 663. Best value: 2322.41:  67%|██████▋   | 669/1000 [18:35<07:03,  1.28s/it]Best trial: 663. Best value: 2322.41:  67%|██████▋   | 669/1000 [18:35<07:03,  1.28s/it]Best trial: 663. Best value: 2322.41:  67%|██████▋   | 670/1000 [18:35<06:56,  1.26s/it]                                                                                        Best trial: 663. Best value: 2322.41:  67%|██████▋   | 670/1000 [18:37<06:56,  1.26s/it]Best trial: 663. Best value: 2322.41:  67%|██████▋   | 670/1000 [18:37<06:56,  1.26s/it]Best trial: 663. Best value: 2322.41:  67%|██████▋   | 671/1000 [18:37<06:54,  1.26s/it]                                                                                        Best trial: 663. Best value: 2322.41:  67%|██████▋   | 671/1000 [18:38<06:54,  1.26s/it]Best trial: 663. Best value: 2322.41:  67%|██████▋   | 671/1000 [18:38<06:54,  1.26s/it]Best trial: 663. Best value: 2322.41:  67%|██████▋   | 672/1000 [18:38<06:54,  1.26s/it]                                                                                        Best trial: 663. Best value: 2322.41:  67%|██████▋   | 672/1000 [18:39<06:54,  1.26s/it]Best trial: 663. Best value: 2322.41:  67%|██████▋   | 672/1000 [18:39<06:54,  1.26s/it]Best trial: 663. Best value: 2322.41:  67%|██████▋   | 673/1000 [18:39<06:51,  1.26s/it]                                                                                        Best trial: 663. Best value: 2322.41:  67%|██████▋   | 673/1000 [18:40<06:51,  1.26s/it]Best trial: 663. Best value: 2322.41:  67%|██████▋   | 673/1000 [18:40<06:51,  1.26s/it]Best trial: 663. Best value: 2322.41:  67%|██████▋   | 674/1000 [18:40<06:52,  1.27s/it]                                                                                        Best trial: 663. Best value: 2322.41:  67%|██████▋   | 674/1000 [18:42<06:52,  1.27s/it]Best trial: 663. Best value: 2322.41:  67%|██████▋   | 674/1000 [18:42<06:52,  1.27s/it]Best trial: 663. Best value: 2322.41:  68%|██████▊   | 675/1000 [18:42<06:49,  1.26s/it]                                                                                        Best trial: 663. Best value: 2322.41:  68%|██████▊   | 675/1000 [18:43<06:49,  1.26s/it]Best trial: 663. Best value: 2322.41:  68%|██████▊   | 675/1000 [18:43<06:49,  1.26s/it]Best trial: 663. Best value: 2322.41:  68%|██████▊   | 676/1000 [18:43<07:04,  1.31s/it]                                                                                        Best trial: 663. Best value: 2322.41:  68%|██████▊   | 676/1000 [18:45<07:04,  1.31s/it]Best trial: 663. Best value: 2322.41:  68%|██████▊   | 676/1000 [18:45<07:04,  1.31s/it]Best trial: 663. Best value: 2322.41:  68%|██████▊   | 677/1000 [18:45<07:38,  1.42s/it]                                                                                        Best trial: 663. Best value: 2322.41:  68%|██████▊   | 677/1000 [18:46<07:38,  1.42s/it]Best trial: 663. Best value: 2322.41:  68%|██████▊   | 677/1000 [18:46<07:38,  1.42s/it]Best trial: 663. Best value: 2322.41:  68%|██████▊   | 678/1000 [18:46<07:23,  1.38s/it]                                                                                        Best trial: 663. Best value: 2322.41:  68%|██████▊   | 678/1000 [18:47<07:23,  1.38s/it]Best trial: 663. Best value: 2322.41:  68%|██████▊   | 678/1000 [18:47<07:23,  1.38s/it]Best trial: 663. Best value: 2322.41:  68%|██████▊   | 679/1000 [18:47<07:13,  1.35s/it]                                                                                        
[I 2026-03-31 17:40:18,718] Trial 663 finished with value: 2322.408756152314 and parameters: {'alpha_0': 0.001542191520551986, 'alpha_1': 5.0051578165489564e-05, 'alpha_2': 8.84165027401995e-05, 'beta_0': 0.36713733055937764, 'beta_1': 0.963661168440925, 'beta_2': 0.20442133930557776, 'beta_3': 0.0014804997747322958, 'beta_4': 0.8709759911556063, 'beta_5': 41.95164416093816, 'beta_6': 0.011536424234742933, 'beta_7': 0.03216201841061364}. Best is trial 663 with value: 2322.408756152314.
[I 2026-03-31 17:40:19,988] Trial 664 finished with value: 2345.011939240668 and parameters: {'alpha_0': 0.001536884619686031, 'alpha_1': 5.0420431622888426e-05, 'alpha_2': 8.95668503898596e-05, 'beta_0': 0.36568401199383727, 'beta_1': 0.957488325173097, 'beta_2': 0.2107312956923662, 'beta_3': 0.0014814098042614065, 'beta_4': 0.8815593864242433, 'beta_5': 41.46255144546621, 'beta_6': 0.012185539718681561, 'beta_7': 0.03221661582937022}. Best is trial 663 with value: 2322.408756152314.
[I 2026-03-31 17:40:21,234] Trial 665 finished with value: 2496.11132506351 and parameters: {'alpha_0': 0.001569474114584518, 'alpha_1': 5.038180673657212e-05, 'alpha_2': 8.769635902161717e-05, 'beta_0': 0.3709326630567206, 'beta_1': 0.9370815652477065, 'beta_2': 0.20399539670291794, 'beta_3': 0.0014987209548713858, 'beta_4': 0.8649983683276907, 'beta_5': 42.36428474538434, 'beta_6': 0.007901518519127534, 'beta_7': 0.03235081210181105}. Best is trial 663 with value: 2322.408756152314.
[I 2026-03-31 17:40:22,474] Trial 666 finished with value: 2468.9754418553684 and parameters: {'alpha_0': 0.001519301319180573, 'alpha_1': 5.028838638765624e-05, 'alpha_2': 8.90195994220507e-05, 'beta_0': 0.3767607042617455, 'beta_1': 0.9616559551254706, 'beta_2': 0.2041517022829939, 'beta_3': 0.0015110969884372387, 'beta_4': 0.9147092797981885, 'beta_5': 37.77945980724525, 'beta_6': 0.012464147476030755, 'beta_7': 0.03223295141705367}. Best is trial 663 with value: 2322.408756152314.
[I 2026-03-31 17:40:23,757] Trial 667 finished with value: 2603.6288022790422 and parameters: {'alpha_0': 0.0015425093558688436, 'alpha_1': 5.036080796412289e-05, 'alpha_2': 9.069926443837656e-05, 'beta_0': 0.3641747097366773, 'beta_1': 0.9436172358014121, 'beta_2': 0.22073056540264405, 'beta_3': 0.0014548148888679717, 'beta_4': 0.8984009460352631, 'beta_5': 41.60248885156895, 'beta_6': 0.009497619845722704, 'beta_7': 0.03318504776424533}. Best is trial 663 with value: 2322.408756152314.
[I 2026-03-31 17:40:25,041] Trial 668 finished with value: 2441.533849620556 and parameters: {'alpha_0': 0.0016331870602220798, 'alpha_1': 5.026831197182204e-05, 'alpha_2': 9.21728781358305e-05, 'beta_0': 0.3691108280468669, 'beta_1': 0.971003768356619, 'beta_2': 0.2000317574475946, 'beta_3': 0.0014240020003760021, 'beta_4': 0.88937235801249, 'beta_5': 44.45687020791383, 'beta_6': 0.01416489107677919, 'beta_7': 0.03135840230717041}. Best is trial 663 with value: 2322.408756152314.
[I 2026-03-31 17:40:26,269] Trial 669 finished with value: 2478.0938384827678 and parameters: {'alpha_0': 0.0015407267395528654, 'alpha_1': 5.000984922905426e-05, 'alpha_2': 8.700343914308811e-05, 'beta_0': 0.3636895072590912, 'beta_1': 0.9800493179088078, 'beta_2': 0.20640177270163276, 'beta_3': 0.0015285325018347777, 'beta_4': 0.8757819552625727, 'beta_5': 41.13564813447543, 'beta_6': 0.012900840417654744, 'beta_7': 0.032449830929174556}. Best is trial 663 with value: 2322.408756152314.
[I 2026-03-31 17:40:27,524] Trial 670 finished with value: 2397.677148609082 and parameters: {'alpha_0': 0.0016051275435261826, 'alpha_1': 5.03445645776572e-05, 'alpha_2': 9.122152329447348e-05, 'beta_0': 0.3796366659822741, 'beta_1': 0.9472592458824812, 'beta_2': 0.19573993634915868, 'beta_3': 0.0014464629556151536, 'beta_4': 0.8756863831128754, 'beta_5': 46.139215734131426, 'beta_6': 0.010534180432127845, 'beta_7': 0.03189769189709616}. Best is trial 663 with value: 2322.408756152314.
[I 2026-03-31 17:40:28,792] Trial 671 finished with value: 2500.4024236869745 and parameters: {'alpha_0': 0.0015005207769671668, 'alpha_1': 5.004262945860653e-05, 'alpha_2': 8.931663243569878e-05, 'beta_0': 0.3827950539198336, 'beta_1': 0.9620930021134908, 'beta_2': 0.21692078053679015, 'beta_3': 0.0015130302608616097, 'beta_4': 0.8775838254624653, 'beta_5': 43.67488342888013, 'beta_6': 0.01724893010975848, 'beta_7': 0.031221493017158465}. Best is trial 663 with value: 2322.408756152314.
[I 2026-03-31 17:40:30,038] Trial 672 finished with value: 2503.640410902086 and parameters: {'alpha_0': 0.0014487584704748545, 'alpha_1': 5.165288046274626e-05, 'alpha_2': 8.955054198261022e-05, 'beta_0': 0.3627756096500105, 'beta_1': 0.98751432210972, 'beta_2': 0.20857739208378265, 'beta_3': 0.0014599399170439954, 'beta_4': 0.9340643803552752, 'beta_5': 45.63845593336726, 'beta_6': 0.015132391526193917, 'beta_7': 0.03254992174330183}. Best is trial 663 with value: 2322.408756152314.
[I 2026-03-31 17:40:31,320] Trial 673 finished with value: 2582.6371089483982 and parameters: {'alpha_0': 0.0015125022548371295, 'alpha_1': 5.1654090493220065e-05, 'alpha_2': 8.8572453655109e-05, 'beta_0': 0.35498687407372387, 'beta_1': 0.9764943797145625, 'beta_2': 0.19142095233542075, 'beta_3': 0.0015416951082216266, 'beta_4': 0.8598370867694598, 'beta_5': 43.06893652656488, 'beta_6': 0.013031687376208944, 'beta_7': 0.03330010827579067}. Best is trial 663 with value: 2322.408756152314.
[I 2026-03-31 17:40:32,571] Trial 674 finished with value: 2342.93076065108 and parameters: {'alpha_0': 0.0015956990579702023, 'alpha_1': 5.0128380652777194e-05, 'alpha_2': 9.399688215917886e-05, 'beta_0': 0.3652796848606963, 'beta_1': 0.9529519203540437, 'beta_2': 0.21389735679939703, 'beta_3': 0.0014860089715228323, 'beta_4': 0.8624840468084004, 'beta_5': 35.66433838119061, 'beta_6': 0.011433038613286841, 'beta_7': 0.03194049436734197}. Best is trial 663 with value: 2322.408756152314.
[I 2026-03-31 17:40:33,997] Trial 675 finished with value: 2601.2201511830162 and parameters: {'alpha_0': 0.001572469823307452, 'alpha_1': 5.0025640269182165e-05, 'alpha_2': 9.42196021417885e-05, 'beta_0': 0.3741351890785204, 'beta_1': 0.9621195126072892, 'beta_2': 0.21389754646405587, 'beta_3': 0.0014560082571597587, 'beta_4': 0.8668122410023865, 'beta_5': 39.36102315070584, 'beta_6': 0.016633869280615065, 'beta_7': 0.029837219203269393}. Best is trial 663 with value: 2322.408756152314.
[I 2026-03-31 17:40:35,669] Trial 676 finished with value: 4379.963007444088 and parameters: {'alpha_0': 0.0015633358810293767, 'alpha_1': 5.188609245777679e-05, 'alpha_2': 9.503225778568365e-05, 'beta_0': 0.3688586535420334, 'beta_1': 0.9544672709988448, 'beta_2': 0.22349310551507146, 'beta_3': 0.0015085456895556938, 'beta_4': 0.9000940219879408, 'beta_5': 36.38697473031355, 'beta_6': 0.01480882680473641, 'beta_7': 0.027318343563452648}. Best is trial 663 with value: 2322.408756152314.
[I 2026-03-31 17:40:36,955] Trial 677 finished with value: 2596.1469542797895 and parameters: {'alpha_0': 0.0014758202527901092, 'alpha_1': 5.000741722278581e-05, 'alpha_2': 9.241571882427091e-05, 'beta_0': 0.35938087256902923, 'beta_1': 0.9400641586268701, 'beta_2': 0.19075166599491256, 'beta_3': 0.001481665456982184, 'beta_4': 0.8864132024582058, 'beta_5': 46.93129095952296, 'beta_6': 0.010727905749298931, 'beta_7': 0.030796816714367115}. Best is trial 663 with value: 2322.408756152314.
[I 2026-03-31 17:40:38,242] Trial 678 finished with value: 2471.4076117884997 and parameters: {'alpha_0': 0.0016324380625764878, 'alpha_1': 5.218227851261837e-05, 'alpha_2': 8.748976903488857e-05, 'beta_0': 0.35700094967235996, 'beta_1': 0.9152561626712424, 'beta_2': 0.20005406897853728, 'beta_3': 0.001480002984021159, 'beta_4': 0.8668161809267035, 'beta_5': 40.57193207452384, 'beta_6': 0.011053710761898905, 'beta_7': 0.0316251909285377}. Best is trial 663 with value: 2322.408756152314.
