[I 2026-03-31 17:28:40,463] Trial 220 finished with value: 3036.386783141682 and parameters: {'alpha_0': 0.0007817194427963845, 'alpha_1': 5.3415924671802387e-05, 'alpha_2': 5.8592321235669505e-05, 'beta_0': 0.31141632753328646, 'beta_1': 1.1266482957155939, 'beta_2': 0.1459738860535835, 'beta_3': 0.0015990444145727544, 'beta_4': 0.7767378789035634, 'beta_5': 59.51624043853681, 'beta_6': 0.037036529730245106, 'beta_7': 0.03263599776759241}. Best is trial 175 with value: 2367.0380894697555.Best trial: 175. Best value: 2367.04:  22%|██▏       | 220/1000 [06:49<22:19,  1.72s/it]Best trial: 175. Best value: 2367.04:  22%|██▏       | 220/1000 [06:49<22:19,  1.72s/it]Best trial: 175. Best value: 2367.04:  22%|██▏       | 221/1000 [06:49<20:29,  1.58s/it]                                                                                        Best trial: 175. Best value: 2367.04:  22%|██▏       | 221/1000 [06:51<20:29,  1.58s/it]Best trial: 175. Best value: 2367.04:  22%|██▏       | 221/1000 [06:51<20:29,  1.58s/it]Best trial: 175. Best value: 2367.04:  22%|██▏       | 222/1000 [06:51<19:12,  1.48s/it]                                                                                        Best trial: 175. Best value: 2367.04:  22%|██▏       | 222/1000 [06:52<19:12,  1.48s/it]Best trial: 175. Best value: 2367.04:  22%|██▏       | 222/1000 [06:52<19:12,  1.48s/it]Best trial: 175. Best value: 2367.04:  22%|██▏       | 223/1000 [06:52<18:14,  1.41s/it]                                                                                        Best trial: 175. Best value: 2367.04:  22%|██▏       | 223/1000 [06:53<18:14,  1.41s/it]Best trial: 175. Best value: 2367.04:  22%|██▏       | 223/1000 [06:53<18:14,  1.41s/it]Best trial: 175. Best value: 2367.04:  22%|██▏       | 224/1000 [06:53<17:51,  1.38s/it]                                                                                        Best trial: 175. Best value: 2367.04:  22%|██▏       | 224/1000 [07:07<17:51,  1.38s/it]Best trial: 175. Best value: 2367.04:  22%|██▏       | 224/1000 [07:07<17:51,  1.38s/it]Best trial: 175. Best value: 2367.04:  22%|██▎       | 225/1000 [07:07<1:04:06,  4.96s/it]                                                                                          Best trial: 175. Best value: 2367.04:  22%|██▎       | 225/1000 [07:08<1:04:06,  4.96s/it]Best trial: 175. Best value: 2367.04:  22%|██▎       | 225/1000 [07:08<1:04:06,  4.96s/it]Best trial: 175. Best value: 2367.04:  23%|██▎       | 226/1000 [07:08<49:41,  3.85s/it]                                                                                          Best trial: 175. Best value: 2367.04:  23%|██▎       | 226/1000 [07:09<49:41,  3.85s/it]Best trial: 175. Best value: 2367.04:  23%|██▎       | 226/1000 [07:09<49:41,  3.85s/it]Best trial: 175. Best value: 2367.04:  23%|██▎       | 227/1000 [07:09<39:38,  3.08s/it]                                                                                        Best trial: 175. Best value: 2367.04:  23%|██▎       | 227/1000 [07:10<39:38,  3.08s/it]Best trial: 175. Best value: 2367.04:  23%|██▎       | 227/1000 [07:10<39:38,  3.08s/it]Best trial: 175. Best value: 2367.04:  23%|██▎       | 228/1000 [07:10<32:42,  2.54s/it]                                                                                        Best trial: 175. Best value: 2367.04:  23%|██▎       | 228/1000 [07:12<32:42,  2.54s/it]Best trial: 175. Best value: 2367.04:  23%|██▎       | 228/1000 [07:12<32:42,  2.54s/it]Best trial: 175. Best value: 2367.04:  23%|██▎       | 229/1000 [07:12<27:48,  2.16s/it]                                                                                        Best trial: 175. Best value: 2367.04:  23%|██▎       | 229/1000 [07:13<27:48,  2.16s/it]Best trial: 175. Best value: 2367.04:  23%|██▎       | 229/1000 [07:13<27:48,  2.16s/it]Best trial: 175. Best value: 2367.04:  23%|██▎       | 230/1000 [07:13<24:17,  1.89s/it]                                                                                        Best trial: 175. Best value: 2367.04:  23%|██▎       | 230/1000 [07:14<24:17,  1.89s/it]Best trial: 175. Best value: 2367.04:  23%|██▎       | 230/1000 [07:14<24:17,  1.89s/it]Best trial: 175. Best value: 2367.04:  23%|██▎       | 231/1000 [07:14<21:56,  1.71s/it]                                                                                        Best trial: 175. Best value: 2367.04:  23%|██▎       | 231/1000 [07:15<21:56,  1.71s/it]Best trial: 175. Best value: 2367.04:  23%|██▎       | 231/1000 [07:15<21:56,  1.71s/it]Best trial: 175. Best value: 2367.04:  23%|██▎       | 232/1000 [07:15<20:08,  1.57s/it]                                                                                        Best trial: 175. Best value: 2367.04:  23%|██▎       | 232/1000 [07:17<20:08,  1.57s/it]Best trial: 175. Best value: 2367.04:  23%|██▎       | 232/1000 [07:17<20:08,  1.57s/it]Best trial: 175. Best value: 2367.04:  23%|██▎       | 233/1000 [07:17<18:51,  1.48s/it]                                                                                        Best trial: 175. Best value: 2367.04:  23%|██▎       | 233/1000 [07:18<18:51,  1.48s/it]Best trial: 175. Best value: 2367.04:  23%|██▎       | 233/1000 [07:18<18:51,  1.48s/it]Best trial: 175. Best value: 2367.04:  23%|██▎       | 234/1000 [07:18<17:59,  1.41s/it]                                                                                        Best trial: 175. Best value: 2367.04:  23%|██▎       | 234/1000 [07:19<17:59,  1.41s/it]Best trial: 175. Best value: 2367.04:  23%|██▎       | 234/1000 [07:19<17:59,  1.41s/it]Best trial: 175. Best value: 2367.04:  24%|██▎       | 235/1000 [07:19<17:24,  1.37s/it]                                                                                        Best trial: 175. Best value: 2367.04:  24%|██▎       | 235/1000 [07:21<17:24,  1.37s/it]Best trial: 175. Best value: 2367.04:  24%|██▎       | 235/1000 [07:21<17:24,  1.37s/it]Best trial: 175. Best value: 2367.04:  24%|██▎       | 236/1000 [07:21<17:04,  1.34s/it]                                                                                        Best trial: 175. Best value: 2367.04:  24%|██▎       | 236/1000 [07:22<17:04,  1.34s/it]Best trial: 175. Best value: 2367.04:  24%|██▎       | 236/1000 [07:22<17:04,  1.34s/it]Best trial: 175. Best value: 2367.04:  24%|██▎       | 237/1000 [07:22<16:43,  1.32s/it]                                                                                        
[I 2026-03-31 17:28:41,719] Trial 221 finished with value: 2445.0450225079076 and parameters: {'alpha_0': 0.0008841121474065395, 'alpha_1': 5.634610525146227e-05, 'alpha_2': 6.46001723648987e-05, 'beta_0': 0.329619510290499, 'beta_1': 1.090888583652711, 'beta_2': 0.17348046308016227, 'beta_3': 0.00167221499214576, 'beta_4': 0.8095238583338177, 'beta_5': 61.66671856748357, 'beta_6': 0.031240237290162565, 'beta_7': 0.03170441485965074}. Best is trial 175 with value: 2367.0380894697555.
[I 2026-03-31 17:28:42,958] Trial 222 finished with value: 2386.850466290734 and parameters: {'alpha_0': 0.000879405466685005, 'alpha_1': 5.79146011613033e-05, 'alpha_2': 6.478006664807978e-05, 'beta_0': 0.33507711066395124, 'beta_1': 1.0907574829518212, 'beta_2': 0.15497422585360313, 'beta_3': 0.0016915707157174231, 'beta_4': 0.7949378418646592, 'beta_5': 63.466428124337575, 'beta_6': 0.027979918427784085, 'beta_7': 0.03176026908702931}. Best is trial 175 with value: 2367.0380894697555.
[I 2026-03-31 17:28:44,275] Trial 223 finished with value: 2491.586707084346 and parameters: {'alpha_0': 0.0008979770110258737, 'alpha_1': 6.165563679911823e-05, 'alpha_2': 6.443348695012551e-05, 'beta_0': 0.3577405753907661, 'beta_1': 1.093182919946277, 'beta_2': 0.18268518831369396, 'beta_3': 0.0016918357842853641, 'beta_4': 0.7938980001678071, 'beta_5': 63.635683835543475, 'beta_6': 0.02846194569015163, 'beta_7': 0.03196136027918758}. Best is trial 175 with value: 2367.0380894697555.
[I 2026-03-31 17:28:57,599] Trial 224 finished with value: 11001.468618944142 and parameters: {'alpha_0': 0.0009240477431225572, 'alpha_1': 5.79178947819951e-05, 'alpha_2': 6.050081707841996e-05, 'beta_0': 0.33429969696564427, 'beta_1': 1.0759599362340286, 'beta_2': 0.17460222106820605, 'beta_3': 0.0016595184170111732, 'beta_4': 0.764314077946647, 'beta_5': 55.87333823284921, 'beta_6': 0.03429883492537063, 'beta_7': 0.01121403825780569}. Best is trial 175 with value: 2367.0380894697555.
[I 2026-03-31 17:28:58,859] Trial 225 finished with value: 2444.300489409232 and parameters: {'alpha_0': 0.0009869994510692665, 'alpha_1': 5.680606889855335e-05, 'alpha_2': 6.523571722735147e-05, 'beta_0': 0.32588795875556054, 'beta_1': 1.1495986588826392, 'beta_2': 0.1353309899553802, 'beta_3': 0.0017139395500150032, 'beta_4': 0.8052985805570618, 'beta_5': 65.27327387324382, 'beta_6': 0.029646832349579915, 'beta_7': 0.03162954821194347}. Best is trial 175 with value: 2367.0380894697555.
[I 2026-03-31 17:29:00,126] Trial 226 finished with value: 3018.6281298659924 and parameters: {'alpha_0': 0.0008282142404576119, 'alpha_1': 5.8867392203412526e-05, 'alpha_2': 6.553586166574084e-05, 'beta_0': 0.34339319456681044, 'beta_1': 1.0842487127841236, 'beta_2': 0.15791076374331586, 'beta_3': 0.0017185908483592696, 'beta_4': 0.8039986245617465, 'beta_5': 67.75159444066207, 'beta_6': 0.029395982543341692, 'beta_7': 0.03258259532564107}. Best is trial 175 with value: 2367.0380894697555.
[I 2026-03-31 17:29:01,419] Trial 227 finished with value: 2509.6684614181595 and parameters: {'alpha_0': 0.0009944195975776556, 'alpha_1': 5.677838436651029e-05, 'alpha_2': 6.186399406462918e-05, 'beta_0': 0.31008996806322175, 'beta_1': 1.096297687520895, 'beta_2': 0.1347148928606356, 'beta_3': 0.0016390574466966913, 'beta_4': 0.7850781976769311, 'beta_5': 65.24434493560673, 'beta_6': 0.03178385573579948, 'beta_7': 0.03110371625337016}. Best is trial 175 with value: 2367.0380894697555.
[I 2026-03-31 17:29:02,703] Trial 228 finished with value: 2502.642101612346 and parameters: {'alpha_0': 0.0009097091820594029, 'alpha_1': 6.34819947447298e-05, 'alpha_2': 6.341875655687674e-05, 'beta_0': 0.3267553472107286, 'beta_1': 1.1514493330817397, 'beta_2': 0.14306370543156752, 'beta_3': 0.00157550793976603, 'beta_4': 0.7953014824239831, 'beta_5': 63.559018505361884, 'beta_6': 0.02527983084781163, 'beta_7': 0.031569092338851135}. Best is trial 175 with value: 2367.0380894697555.
[I 2026-03-31 17:29:03,960] Trial 229 finished with value: 2668.5125647460864 and parameters: {'alpha_0': 0.0008735758726505793, 'alpha_1': 0.0001467553203719016, 'alpha_2': 5.692480711166088e-05, 'beta_0': 0.3679820742147975, 'beta_1': 1.1029560262335243, 'beta_2': 0.1119948897962735, 'beta_3': 0.0016749033116766085, 'beta_4': 0.7501263531176932, 'beta_5': 65.68123752729522, 'beta_6': 0.02804470900058261, 'beta_7': 0.03220620394896964}. Best is trial 175 with value: 2367.0380894697555.
[I 2026-03-31 17:29:05,249] Trial 230 finished with value: 2802.770111227097 and parameters: {'alpha_0': 0.0008641361534705399, 'alpha_1': 5.2118997526208775e-05, 'alpha_2': 6.366238965190028e-05, 'beta_0': 0.3364859687156908, 'beta_1': 1.1144091456390086, 'beta_2': 0.17468172189803427, 'beta_3': 0.0016241516531256656, 'beta_4': 0.8158777938156251, 'beta_5': 61.98735485450946, 'beta_6': 0.033619581810499066, 'beta_7': 0.03335705600657805}. Best is trial 175 with value: 2367.0380894697555.
[I 2026-03-31 17:29:06,503] Trial 231 finished with value: 2401.0599188606247 and parameters: {'alpha_0': 0.0007950936774921028, 'alpha_1': 5.6041199735292204e-05, 'alpha_2': 6.625999678785765e-05, 'beta_0': 0.34754596330263515, 'beta_1': 1.1291039645151801, 'beta_2': 0.12279422675055526, 'beta_3': 0.0017288850702512903, 'beta_4': 0.7761771368153765, 'beta_5': 58.741490457580774, 'beta_6': 0.035512205621381306, 'beta_7': 0.03180360355852899}. Best is trial 175 with value: 2367.0380894697555.
[I 2026-03-31 17:29:07,749] Trial 232 finished with value: 2443.891652771874 and parameters: {'alpha_0': 0.0009332270389569171, 'alpha_1': 5.6628000227332395e-05, 'alpha_2': 6.686270186786293e-05, 'beta_0': 0.3473165219306499, 'beta_1': 1.0691342082910653, 'beta_2': 0.11991979669070882, 'beta_3': 0.001729178126078452, 'beta_4': 0.77845670239851, 'beta_5': 59.966886092017404, 'beta_6': 0.030606214532589243, 'beta_7': 0.03162362293870613}. Best is trial 175 with value: 2367.0380894697555.
[I 2026-03-31 17:29:09,003] Trial 233 finished with value: 2399.9987673102632 and parameters: {'alpha_0': 0.0008831998696629276, 'alpha_1': 5.486281013939035e-05, 'alpha_2': 6.493638682976968e-05, 'beta_0': 0.32953755109730803, 'beta_1': 1.0634593819654772, 'beta_2': 0.13198282020435406, 'beta_3': 0.001723471122788014, 'beta_4': 0.7922455338663269, 'beta_5': 59.70440029451829, 'beta_6': 0.035664388915147845, 'beta_7': 0.031709451235110854}. Best is trial 175 with value: 2367.0380894697555.
[I 2026-03-31 17:29:10,268] Trial 234 finished with value: 2468.8352694104988 and parameters: {'alpha_0': 0.00093611266883398, 'alpha_1': 6.080924514914151e-05, 'alpha_2': 6.56431175532195e-05, 'beta_0': 0.34521380863974244, 'beta_1': 1.072743068914055, 'beta_2': 0.12103112890254267, 'beta_3': 0.0017228387030441361, 'beta_4': 0.8068030042131749, 'beta_5': 59.258303933595904, 'beta_6': 0.0359805698455248, 'beta_7': 0.03168850008419122}. Best is trial 175 with value: 2367.0380894697555.
[I 2026-03-31 17:29:11,549] Trial 235 finished with value: 2599.770808274986 and parameters: {'alpha_0': 0.0010026505298920672, 'alpha_1': 0.00011242185729089971, 'alpha_2': 6.579652904653139e-05, 'beta_0': 0.35115241645677236, 'beta_1': 1.0560532757036982, 'beta_2': 0.13860077669199977, 'beta_3': 0.001730370197840465, 'beta_4': 0.7921467178311845, 'beta_5': 56.936651353453406, 'beta_6': 0.03827894308818106, 'beta_7': 0.031109374291425657}. Best is trial 175 with value: 2367.0380894697555.
[I 2026-03-31 17:29:12,805] Trial 236 finished with value: 2456.9875420143553 and parameters: {'alpha_0': 0.0009720144316540626, 'alpha_1': 5.863909934498708e-05, 'alpha_2': 6.436082603180601e-05, 'beta_0': 0.32903503601719475, 'beta_1': 1.0608863630141272, 'beta_2': 0.12991755803007707, 'beta_3': 0.0016973790577265173, 'beta_4': 0.7676936397536924, 'beta_5': 59.243074744979154, 'beta_6': 0.03463244010924855, 'beta_7': 0.031691611247175906}. Best is trial 175 with value: 2367.0380894697555.
[I 2026-03-31 17:29:14,052] Trial 237 finished with value: 2393.7479521292285 and parameters: {'alpha_0': 0.0009275989985642499, 'alpha_1': 5.8744185566877774e-05, 'alpha_2': 6.376163521393674e-05, 'beta_0': 0.32644558773330085, 'beta_1': 1.0333735018736263, 'beta_2': 0.1296151915216073, 'beta_3': 0.001705440445607339, 'beta_4': 0.7729390400720869, 'beta_5': 59.614725608072334, 'beta_6': 0.03453661933808895, 'beta_7': 0.0318095477216728}. Best is trial 175 with value: 2367.0380894697555.Best trial: 175. Best value: 2367.04:  24%|██▎       | 237/1000 [07:23<16:43,  1.32s/it]Best trial: 175. Best value: 2367.04:  24%|██▎       | 237/1000 [07:23<16:43,  1.32s/it]Best trial: 175. Best value: 2367.04:  24%|██▍       | 238/1000 [07:23<16:26,  1.29s/it]                                                                                        Best trial: 175. Best value: 2367.04:  24%|██▍       | 238/1000 [07:24<16:26,  1.29s/it]Best trial: 175. Best value: 2367.04:  24%|██▍       | 238/1000 [07:24<16:26,  1.29s/it]Best trial: 175. Best value: 2367.04:  24%|██▍       | 239/1000 [07:24<16:19,  1.29s/it]                                                                                        Best trial: 175. Best value: 2367.04:  24%|██▍       | 239/1000 [07:26<16:19,  1.29s/it]Best trial: 175. Best value: 2367.04:  24%|██▍       | 239/1000 [07:26<16:19,  1.29s/it]Best trial: 175. Best value: 2367.04:  24%|██▍       | 240/1000 [07:26<16:25,  1.30s/it]                                                                                        Best trial: 175. Best value: 2367.04:  24%|██▍       | 240/1000 [07:35<16:25,  1.30s/it]Best trial: 175. Best value: 2367.04:  24%|██▍       | 240/1000 [07:35<16:25,  1.30s/it]Best trial: 175. Best value: 2367.04:  24%|██▍       | 241/1000 [07:35<46:39,  3.69s/it]                                                                                        Best trial: 175. Best value: 2367.04:  24%|██▍       | 241/1000 [07:36<46:39,  3.69s/it]Best trial: 175. Best value: 2367.04:  24%|██▍       | 241/1000 [07:36<46:39,  3.69s/it]Best trial: 175. Best value: 2367.04:  24%|██▍       | 242/1000 [07:36<37:18,  2.95s/it]                                                                                        Best trial: 175. Best value: 2367.04:  24%|██▍       | 242/1000 [07:37<37:18,  2.95s/it]Best trial: 175. Best value: 2367.04:  24%|██▍       | 242/1000 [07:37<37:18,  2.95s/it]Best trial: 175. Best value: 2367.04:  24%|██▍       | 243/1000 [07:37<30:53,  2.45s/it]                                                                                        Best trial: 175. Best value: 2367.04:  24%|██▍       | 243/1000 [07:39<30:53,  2.45s/it]Best trial: 175. Best value: 2367.04:  24%|██▍       | 243/1000 [07:39<30:53,  2.45s/it]Best trial: 175. Best value: 2367.04:  24%|██▍       | 244/1000 [07:39<26:15,  2.08s/it]                                                                                        Best trial: 175. Best value: 2367.04:  24%|██▍       | 244/1000 [07:40<26:15,  2.08s/it]Best trial: 175. Best value: 2367.04:  24%|██▍       | 244/1000 [07:40<26:15,  2.08s/it]Best trial: 175. Best value: 2367.04:  24%|██▍       | 245/1000 [07:40<23:13,  1.85s/it]                                                                                        Best trial: 175. Best value: 2367.04:  24%|██▍       | 245/1000 [07:41<23:13,  1.85s/it]Best trial: 175. Best value: 2367.04:  24%|██▍       | 245/1000 [07:41<23:13,  1.85s/it]Best trial: 175. Best value: 2367.04:  25%|██▍       | 246/1000 [07:41<20:54,  1.66s/it]                                                                                        Best trial: 175. Best value: 2367.04:  25%|██▍       | 246/1000 [07:42<20:54,  1.66s/it]Best trial: 175. Best value: 2367.04:  25%|██▍       | 246/1000 [07:42<20:54,  1.66s/it]Best trial: 175. Best value: 2367.04:  25%|██▍       | 247/1000 [07:42<19:18,  1.54s/it]                                                                                        Best trial: 175. Best value: 2367.04:  25%|██▍       | 247/1000 [07:44<19:18,  1.54s/it]Best trial: 175. Best value: 2367.04:  25%|██▍       | 247/1000 [07:44<19:18,  1.54s/it]Best trial: 175. Best value: 2367.04:  25%|██▍       | 248/1000 [07:44<18:15,  1.46s/it]                                                                                        Best trial: 175. Best value: 2367.04:  25%|██▍       | 248/1000 [07:45<18:15,  1.46s/it]Best trial: 175. Best value: 2367.04:  25%|██▍       | 248/1000 [07:45<18:15,  1.46s/it]Best trial: 175. Best value: 2367.04:  25%|██▍       | 249/1000 [07:45<17:28,  1.40s/it]                                                                                        Best trial: 175. Best value: 2367.04:  25%|██▍       | 249/1000 [07:46<17:28,  1.40s/it]Best trial: 175. Best value: 2367.04:  25%|██▍       | 249/1000 [07:46<17:28,  1.40s/it]Best trial: 175. Best value: 2367.04:  25%|██▌       | 250/1000 [07:46<16:52,  1.35s/it]                                                                                        Best trial: 175. Best value: 2367.04:  25%|██▌       | 250/1000 [07:47<16:52,  1.35s/it]Best trial: 175. Best value: 2367.04:  25%|██▌       | 250/1000 [07:47<16:52,  1.35s/it]Best trial: 175. Best value: 2367.04:  25%|██▌       | 251/1000 [07:47<16:32,  1.32s/it]                                                                                        Best trial: 175. Best value: 2367.04:  25%|██▌       | 251/1000 [07:49<16:32,  1.32s/it]Best trial: 175. Best value: 2367.04:  25%|██▌       | 251/1000 [07:49<16:32,  1.32s/it]Best trial: 175. Best value: 2367.04:  25%|██▌       | 252/1000 [07:49<16:21,  1.31s/it]                                                                                        Best trial: 175. Best value: 2367.04:  25%|██▌       | 252/1000 [07:50<16:21,  1.31s/it]Best trial: 175. Best value: 2367.04:  25%|██▌       | 252/1000 [07:50<16:21,  1.31s/it]Best trial: 175. Best value: 2367.04:  25%|██▌       | 253/1000 [07:50<16:04,  1.29s/it]                                                                                        Best trial: 175. Best value: 2367.04:  25%|██▌       | 253/1000 [07:51<16:04,  1.29s/it]Best trial: 175. Best value: 2367.04:  25%|██▌       | 253/1000 [07:51<16:04,  1.29s/it]Best trial: 175. Best value: 2367.04:  25%|██▌       | 254/1000 [07:51<15:56,  1.28s/it]                                                                                        
[I 2026-03-31 17:29:15,321] Trial 238 finished with value: 3963.2613395206135 and parameters: {'alpha_0': 0.0009543469353385122, 'alpha_1': 5.917402693335524e-05, 'alpha_2': 6.476777083402203e-05, 'beta_0': 0.3286952009265071, 'beta_1': 1.0363782512255557, 'beta_2': 0.12881544761313302, 'beta_3': 0.001696687656642544, 'beta_4': 0.7575327393780172, 'beta_5': 58.679315354136946, 'beta_6': 0.032761895442682494, 'beta_7': 0.03267699983035844}. Best is trial 175 with value: 2367.0380894697555.
