[I 2026-03-31 17:46:17,880] Trial 903 finished with value: 2616.823249320568 and parameters: {'alpha_0': 0.0014360041423442545, 'alpha_1': 5.37034273910747e-05, 'alpha_2': 9.288820413576088e-05, 'beta_0': 0.4353179050077595, 'beta_1': 0.9445553161612655, 'beta_2': 0.22722663377768906, 'beta_3': 0.0014614706340468947, 'beta_4': 0.9458529580421282, 'beta_5': 34.15600050624498, 'beta_6': 0.009146041590816476, 'beta_7': 0.033044510342806525}. Best is trial 663 with value: 2322.408756152314.
[I 2026-03-31 17:46:27,133] Trial 904 finished with value: 6634.074048377485 and parameters: {'alpha_0': 0.0015197143220646364, 'alpha_1': 5.0025733678864986e-05, 'alpha_2': 9.546937459827113e-05, 'beta_0': 0.40317714401641586, 'beta_1': 0.9284522063518141, 'beta_2': 0.21522689175734136, 'beta_3': 0.001393135445104803, 'beta_4': 0.9619565575738882, 'beta_5': 31.428072786209068, 'beta_6': 0.012445798146640243, 'beta_7': 0.015606485799186779}. Best is trial 663 with value: 2322.408756152314.
[I 2026-03-31 17:46:28,354] Trial 905 finished with value: 2346.6119249543244 and parameters: {'alpha_0': 0.0016394882456506861, 'alpha_1': 5.000032812276439e-05, 'alpha_2': 9.010614718832068e-05, 'beta_0': 0.4294688793983946, 'beta_1': 0.8955942545495984, 'beta_2': 0.25831051901135105, 'beta_3': 0.0013092710852213663, 'beta_4': 0.9944365212849026, 'beta_5': 38.01004725793527, 'beta_6': 0.006558965147715605, 'beta_7': 0.03220300092695124}. Best is trial 663 with value: 2322.408756152314.
[I 2026-03-31 17:46:29,666] Trial 906 finished with value: 2424.9292312653897 and parameters: {'alpha_0': 0.0014674160722158729, 'alpha_1': 5.216758334783585e-05, 'alpha_2': 9.811090726747071e-05, 'beta_0': 0.3920844433669867, 'beta_1': 0.9099141029805329, 'beta_2': 0.1931245805045857, 'beta_3': 0.001177548780374337, 'beta_4': 0.9358395878200276, 'beta_5': 29.508291558673314, 'beta_6': 0.005043560955946046, 'beta_7': 0.030517502951108992}. Best is trial 663 with value: 2322.408756152314.
[I 2026-03-31 17:46:30,923] Trial 907 finished with value: 2413.765736670677 and parameters: {'alpha_0': 0.001592530701479317, 'alpha_1': 5.5754660654871354e-05, 'alpha_2': 9.162153820128766e-05, 'beta_0': 0.4144847004868553, 'beta_1': 0.9597620535088537, 'beta_2': 0.18379803897331734, 'beta_3': 0.0014180952479314357, 'beta_4': 0.9106328378827314, 'beta_5': 49.19295466689921, 'beta_6': 0.010551371424989287, 'beta_7': 0.03179709571232996}. Best is trial 663 with value: 2322.408756152314.
[I 2026-03-31 17:46:32,198] Trial 908 finished with value: 2716.931045571865 and parameters: {'alpha_0': 0.0015445134921472222, 'alpha_1': 5.345604743035386e-05, 'alpha_2': 9.349527981816762e-05, 'beta_0': 0.44449221225143165, 'beta_1': 0.9321491268101065, 'beta_2': 0.20498110731985741, 'beta_3': 0.0014787318634164577, 'beta_4': 0.9494813270030369, 'beta_5': 41.15046488926753, 'beta_6': 0.0160723722383259, 'beta_7': 0.032700773662529596}. Best is trial 663 with value: 2322.408756152314.
[I 2026-03-31 17:46:33,485] Trial 909 finished with value: 2536.3578163824013 and parameters: {'alpha_0': 0.0014955583192113042, 'alpha_1': 5.2294983038331494e-05, 'alpha_2': 9.513975516577931e-05, 'beta_0': 0.4229192315500069, 'beta_1': 0.8800425344941597, 'beta_2': 0.22334777455072602, 'beta_3': 0.0013610813530182163, 'beta_4': 0.9693501261554625, 'beta_5': 46.19410824600508, 'beta_6': 0.009380484368882374, 'beta_7': 0.031062822121350562}. Best is trial 663 with value: 2322.408756152314.
[I 2026-03-31 17:46:34,764] Trial 910 finished with value: 2635.832320200302 and parameters: {'alpha_0': 0.0014168765916045506, 'alpha_1': 5.4904872722228104e-05, 'alpha_2': 9.664247130975704e-05, 'beta_0': 0.434265758578999, 'beta_1': 0.9200803210340714, 'beta_2': 0.19911762384266893, 'beta_3': 0.0013000712726941792, 'beta_4': 0.8912935618212241, 'beta_5': 35.592943905636645, 'beta_6': 0.012378989775346953, 'beta_7': 0.033221089121552375}. Best is trial 663 with value: 2322.408756152314.
[I 2026-03-31 17:46:36,282] Trial 911 finished with value: 9844.142224456613 and parameters: {'alpha_0': 0.001558047711862759, 'alpha_1': 5.2036227649622434e-05, 'alpha_2': 9.970985179107435e-05, 'beta_0': 0.41135204247709894, 'beta_1': 0.9444934344952759, 'beta_2': 0.17412282057845194, 'beta_3': 0.0012793713505894646, 'beta_4': 0.924005115959699, 'beta_5': 42.854486120565824, 'beta_6': 0.0077041150404334666, 'beta_7': 0.025691023600528103}. Best is trial 663 with value: 2322.408756152314.
[I 2026-03-31 17:46:37,502] Trial 912 finished with value: 2353.544075908727 and parameters: {'alpha_0': 0.001946988118020482, 'alpha_1': 5.4515787022749904e-05, 'alpha_2': 9.295568721041225e-05, 'beta_0': 0.40282345016206145, 'beta_1': 0.9034107365134488, 'beta_2': 0.2138116217473715, 'beta_3': 0.0012183485745323424, 'beta_4': 1.000965159636689, 'beta_5': 39.42418336275127, 'beta_6': 0.013664980782170166, 'beta_7': 0.032368592664053446}. Best is trial 663 with value: 2322.408756152314.
[I 2026-03-31 17:46:38,799] Trial 913 finished with value: 2713.187527494377 and parameters: {'alpha_0': 0.0016044606571943784, 'alpha_1': 5.189223873355554e-05, 'alpha_2': 8.958996260484157e-05, 'beta_0': 0.42311981777740737, 'beta_1': 0.9257339269175594, 'beta_2': 0.23371501472262782, 'beta_3': 0.0013498895678428786, 'beta_4': 0.9544301747212459, 'beta_5': 33.424293037989045, 'beta_6': 0.10754352942620433, 'beta_7': 0.0315198298688928}. Best is trial 663 with value: 2322.408756152314.
[I 2026-03-31 17:46:40,092] Trial 914 finished with value: 2561.635516403908 and parameters: {'alpha_0': 0.0015128270257736454, 'alpha_1': 5.0000737808586927e-05, 'alpha_2': 0.00010253070695921321, 'beta_0': 0.3949403140837377, 'beta_1': 0.9612610099741562, 'beta_2': 0.192413401475963, 'beta_3': 0.0014272753028704939, 'beta_4': 0.9860551752041604, 'beta_5': 36.53127187011897, 'beta_6': 0.010598372726611124, 'beta_7': 0.0339200121638226}. Best is trial 663 with value: 2322.408756152314.
[I 2026-03-31 17:46:41,370] Trial 915 finished with value: 2672.903446903838 and parameters: {'alpha_0': 0.0014544362580561003, 'alpha_1': 5.6168920650787534e-05, 'alpha_2': 9.138666342957325e-05, 'beta_0': 0.4585454274745199, 'beta_1': 0.8973927167265521, 'beta_2': 0.20542951533605022, 'beta_3': 0.0014731453469399804, 'beta_4': 0.9352129976438239, 'beta_5': 44.660192161285714, 'beta_6': 0.006971851096091671, 'beta_7': 0.03269074960021617}. Best is trial 663 with value: 2322.408756152314.
[I 2026-03-31 17:46:42,613] Trial 916 finished with value: 2356.80491715038 and parameters: {'alpha_0': 0.0016799964277366653, 'alpha_1': 5.352272817466485e-05, 'alpha_2': 9.729659211774588e-05, 'beta_0': 0.4424729973221324, 'beta_1': 0.8781119506939841, 'beta_2': 0.4838250865586749, 'beta_3': 0.0013875012591604782, 'beta_4': 1.0269641604637978, 'beta_5': 40.69727757339737, 'beta_6': 0.008867942816830036, 'beta_7': 0.032094707361220574}. Best is trial 663 with value: 2322.408756152314.
[I 2026-03-31 17:46:43,903] Trial 917 finished with value: 2604.5273582857603 and parameters: {'alpha_0': 0.001388654470501354, 'alpha_1': 5.184299300535328e-05, 'alpha_2': 9.920254649630308e-05, 'beta_0': 0.4175945266927835, 'beta_1': 0.9451924620488142, 'beta_2': 0.24483658288226398, 'beta_3': 0.0012471139567865061, 'beta_4': 0.915133455187039, 'beta_5': 28.14302656063408, 'beta_6': 0.014776837360550563, 'beta_7': 0.03104131552294024}. Best is trial 663 with value: 2322.408756152314.Best trial: 663. Best value: 2322.41:  92%|█████████▏| 917/1000 [24:53<01:49,  1.32s/it]Best trial: 663. Best value: 2322.41:  92%|█████████▏| 917/1000 [24:53<01:49,  1.32s/it]Best trial: 663. Best value: 2322.41:  92%|█████████▏| 918/1000 [24:53<01:47,  1.31s/it]                                                                                        Best trial: 663. Best value: 2322.41:  92%|█████████▏| 918/1000 [24:54<01:47,  1.31s/it]Best trial: 663. Best value: 2322.41:  92%|█████████▏| 918/1000 [24:54<01:47,  1.31s/it]Best trial: 663. Best value: 2322.41:  92%|█████████▏| 919/1000 [24:54<01:46,  1.31s/it]                                                                                        Best trial: 663. Best value: 2322.41:  92%|█████████▏| 919/1000 [24:55<01:46,  1.31s/it]Best trial: 663. Best value: 2322.41:  92%|█████████▏| 919/1000 [24:55<01:46,  1.31s/it]Best trial: 663. Best value: 2322.41:  92%|█████████▏| 920/1000 [24:55<01:44,  1.31s/it]                                                                                        Best trial: 663. Best value: 2322.41:  92%|█████████▏| 920/1000 [24:57<01:44,  1.31s/it]Best trial: 663. Best value: 2322.41:  92%|█████████▏| 920/1000 [24:57<01:44,  1.31s/it]Best trial: 663. Best value: 2322.41:  92%|█████████▏| 921/1000 [24:57<01:42,  1.30s/it]                                                                                        Best trial: 663. Best value: 2322.41:  92%|█████████▏| 921/1000 [24:58<01:42,  1.30s/it]Best trial: 921. Best value: 2319.56:  92%|█████████▏| 921/1000 [24:58<01:42,  1.30s/it]Best trial: 921. Best value: 2319.56:  92%|█████████▏| 922/1000 [24:58<01:40,  1.29s/it]                                                                                        Best trial: 921. Best value: 2319.56:  92%|█████████▏| 922/1000 [24:59<01:40,  1.29s/it]Best trial: 921. Best value: 2319.56:  92%|█████████▏| 922/1000 [24:59<01:40,  1.29s/it]Best trial: 921. Best value: 2319.56:  92%|█████████▏| 923/1000 [24:59<01:39,  1.29s/it]                                                                                        Best trial: 921. Best value: 2319.56:  92%|█████████▏| 923/1000 [25:01<01:39,  1.29s/it]Best trial: 921. Best value: 2319.56:  92%|█████████▏| 923/1000 [25:01<01:39,  1.29s/it]Best trial: 921. Best value: 2319.56:  92%|█████████▏| 924/1000 [25:01<01:37,  1.29s/it]                                                                                        Best trial: 921. Best value: 2319.56:  92%|█████████▏| 924/1000 [25:02<01:37,  1.29s/it]Best trial: 921. Best value: 2319.56:  92%|█████████▏| 924/1000 [25:02<01:37,  1.29s/it]Best trial: 921. Best value: 2319.56:  92%|█████████▎| 925/1000 [25:02<01:36,  1.28s/it]                                                                                        Best trial: 921. Best value: 2319.56:  92%|█████████▎| 925/1000 [25:03<01:36,  1.28s/it]Best trial: 921. Best value: 2319.56:  92%|█████████▎| 925/1000 [25:03<01:36,  1.28s/it]Best trial: 921. Best value: 2319.56:  93%|█████████▎| 926/1000 [25:03<01:33,  1.26s/it]                                                                                        Best trial: 921. Best value: 2319.56:  93%|█████████▎| 926/1000 [25:04<01:33,  1.26s/it]Best trial: 921. Best value: 2319.56:  93%|█████████▎| 926/1000 [25:04<01:33,  1.26s/it]Best trial: 921. Best value: 2319.56:  93%|█████████▎| 927/1000 [25:04<01:32,  1.27s/it]                                                                                        Best trial: 921. Best value: 2319.56:  93%|█████████▎| 927/1000 [25:06<01:32,  1.27s/it]Best trial: 921. Best value: 2319.56:  93%|█████████▎| 927/1000 [25:06<01:32,  1.27s/it]Best trial: 921. Best value: 2319.56:  93%|█████████▎| 928/1000 [25:06<01:30,  1.26s/it]                                                                                        Best trial: 921. Best value: 2319.56:  93%|█████████▎| 928/1000 [25:07<01:30,  1.26s/it]Best trial: 921. Best value: 2319.56:  93%|█████████▎| 928/1000 [25:07<01:30,  1.26s/it]Best trial: 921. Best value: 2319.56:  93%|█████████▎| 929/1000 [25:07<01:30,  1.27s/it]                                                                                        Best trial: 921. Best value: 2319.56:  93%|█████████▎| 929/1000 [25:08<01:30,  1.27s/it]Best trial: 921. Best value: 2319.56:  93%|█████████▎| 929/1000 [25:08<01:30,  1.27s/it]Best trial: 921. Best value: 2319.56:  93%|█████████▎| 930/1000 [25:08<01:28,  1.27s/it]                                                                                        Best trial: 921. Best value: 2319.56:  93%|█████████▎| 930/1000 [25:09<01:28,  1.27s/it]Best trial: 921. Best value: 2319.56:  93%|█████████▎| 930/1000 [25:09<01:28,  1.27s/it]Best trial: 921. Best value: 2319.56:  93%|█████████▎| 931/1000 [25:09<01:27,  1.27s/it]                                                                                        Best trial: 921. Best value: 2319.56:  93%|█████████▎| 931/1000 [25:11<01:27,  1.27s/it]Best trial: 921. Best value: 2319.56:  93%|█████████▎| 931/1000 [25:11<01:27,  1.27s/it]Best trial: 921. Best value: 2319.56:  93%|█████████▎| 932/1000 [25:11<01:26,  1.28s/it]                                                                                        Best trial: 921. Best value: 2319.56:  93%|█████████▎| 932/1000 [25:12<01:26,  1.28s/it]Best trial: 921. Best value: 2319.56:  93%|█████████▎| 932/1000 [25:12<01:26,  1.28s/it]Best trial: 921. Best value: 2319.56:  93%|█████████▎| 933/1000 [25:12<01:24,  1.26s/it]                                                                                        Best trial: 921. Best value: 2319.56:  93%|█████████▎| 933/1000 [25:13<01:24,  1.26s/it]Best trial: 921. Best value: 2319.56:  93%|█████████▎| 933/1000 [25:13<01:24,  1.26s/it]Best trial: 921. Best value: 2319.56:  93%|█████████▎| 934/1000 [25:13<01:24,  1.29s/it]                                                                                        
[I 2026-03-31 17:46:45,226] Trial 918 finished with value: 2586.1576630559052 and parameters: {'alpha_0': 0.0015622025849847197, 'alpha_1': 5.66227805583264e-05, 'alpha_2': 9.480133048498027e-05, 'beta_0': 0.4304000153522699, 'beta_1': 0.9125718711944387, 'beta_2': 0.18518604693576646, 'beta_3': 0.0013278052405865175, 'beta_4': 0.9714810165403774, 'beta_5': 37.97533134688395, 'beta_6': 0.012000100529903733, 'beta_7': 0.02976576179916989}. Best is trial 663 with value: 2322.408756152314.
[I 2026-03-31 17:46:46,512] Trial 919 finished with value: 2711.91753140508 and parameters: {'alpha_0': 0.0015107260642062078, 'alpha_1': 5.002005543086087e-05, 'alpha_2': 9.559803421115264e-05, 'beta_0': 0.4082088161476907, 'beta_1': 0.9327489833689312, 'beta_2': 0.217097312099194, 'beta_3': 0.0012782305476389448, 'beta_4': 0.954749428567083, 'beta_5': 47.159354891749, 'beta_6': 0.016574436593529654, 'beta_7': 0.03340607803742403}. Best is trial 663 with value: 2322.408756152314.
[I 2026-03-31 17:46:47,791] Trial 920 finished with value: 2458.4192816452614 and parameters: {'alpha_0': 0.0016260726034141224, 'alpha_1': 5.366339922647788e-05, 'alpha_2': 9.356514940539333e-05, 'beta_0': 0.4495032959148961, 'beta_1': 0.8895252541416285, 'beta_2': 0.19904277646962223, 'beta_3': 0.0014561202280752368, 'beta_4': 0.8983858385682912, 'beta_5': 42.392271844334005, 'beta_6': 0.008836244429696584, 'beta_7': 0.03162614596937515}. Best is trial 663 with value: 2322.408756152314.
[I 2026-03-31 17:46:49,065] Trial 921 finished with value: 2319.5643249196864 and parameters: {'alpha_0': 0.001464501410943408, 'alpha_1': 5.469223537697539e-05, 'alpha_2': 9.130970874697072e-05, 'beta_0': 0.39237120275797077, 'beta_1': 0.9162413339145942, 'beta_2': 0.21093202770665925, 'beta_3': 0.001388753864397435, 'beta_4': 0.943195690719604, 'beta_5': 32.53498599753915, 'beta_6': 0.005087025932159832, 'beta_7': 0.03227768244227868}. Best is trial 921 with value: 2319.5643249196864.
[I 2026-03-31 17:46:50,356] Trial 922 finished with value: 2553.129558703172 and parameters: {'alpha_0': 0.0014734162030383892, 'alpha_1': 5.6786324528839784e-05, 'alpha_2': 9.079380227704475e-05, 'beta_0': 0.4093072724310494, 'beta_1': 0.9103910959171112, 'beta_2': 0.22573979912025263, 'beta_3': 0.0014068529491358486, 'beta_4': 0.9411145645809531, 'beta_5': 30.68855966333093, 'beta_6': 0.005026816656883937, 'beta_7': 0.0345037233083646}. Best is trial 921 with value: 2319.5643249196864.
[I 2026-03-31 17:46:51,633] Trial 923 finished with value: 3891.0589876823374 and parameters: {'alpha_0': 0.0016374654458285599, 'alpha_1': 5.467653182005106e-05, 'alpha_2': 8.907452564056991e-05, 'beta_0': 0.3909203023315702, 'beta_1': 0.9229190082700743, 'beta_2': 0.21269447538056133, 'beta_3': 0.0013771395645860612, 'beta_4': 0.9295642723512975, 'beta_5': 32.801013287324764, 'beta_6': 0.007121954398955037, 'beta_7': 0.03296322535643265}. Best is trial 921 with value: 2319.5643249196864.
[I 2026-03-31 17:46:52,907] Trial 924 finished with value: 2627.405670333934 and parameters: {'alpha_0': 0.0016742368515766822, 'alpha_1': 7.090357540108275e-05, 'alpha_2': 9.246372774136492e-05, 'beta_0': 0.3973295962491558, 'beta_1': 0.9019834354714297, 'beta_2': 0.206008206050441, 'beta_3': 0.001431405324661615, 'beta_4': 0.9609741812062895, 'beta_5': 34.87511572717996, 'beta_6': 0.006955691144065484, 'beta_7': 0.03346407169127715}. Best is trial 921 with value: 2319.5643249196864.
[I 2026-03-31 17:46:54,120] Trial 925 finished with value: 2481.3228649177586 and parameters: {'alpha_0': 0.0014118638424781113, 'alpha_1': 5.156948452884391e-05, 'alpha_2': 9.273128209339402e-05, 'beta_0': 0.38880458636331106, 'beta_1': 0.9401071971890586, 'beta_2': 0.22134126296464166, 'beta_3': 0.0013494807239237054, 'beta_4': 0.9421017270609584, 'beta_5': 31.66856148162511, 'beta_6': 0.0071519772414154695, 'beta_7': 0.03244314034054536}. Best is trial 921 with value: 2319.5643249196864.
[I 2026-03-31 17:46:55,411] Trial 926 finished with value: 2675.5906465096186 and parameters: {'alpha_0': 0.001589313476821929, 'alpha_1': 5.180617706977755e-05, 'alpha_2': 9.067280974179132e-05, 'beta_0': 0.40146098474363634, 'beta_1': 0.9204535945150512, 'beta_2': 0.23336168143780747, 'beta_3': 0.0013981421491207004, 'beta_4': 0.9233678735040035, 'beta_5': 33.06820050208736, 'beta_6': 0.0052474851461262444, 'beta_7': 0.032831002516928165}. Best is trial 921 with value: 2319.5643249196864.
[I 2026-03-31 17:46:56,654] Trial 927 finished with value: 2341.3963570736355 and parameters: {'alpha_0': 0.0015388972707302572, 'alpha_1': 5.4997190401415685e-05, 'alpha_2': 9.517211594331314e-05, 'beta_0': 0.3921995072056501, 'beta_1': 0.8581612852086323, 'beta_2': 0.19553736726289764, 'beta_3': 0.0013341023618599975, 'beta_4': 0.9699247776287621, 'beta_5': 27.916487203832244, 'beta_6': 0.009315456583894292, 'beta_7': 0.03224463308130902}. Best is trial 921 with value: 2319.5643249196864.
[I 2026-03-31 17:46:57,950] Trial 928 finished with value: 2628.782098008166 and parameters: {'alpha_0': 0.0014552565294181387, 'alpha_1': 0.00010205904884199258, 'alpha_2': 9.68392178837873e-05, 'beta_0': 0.3926965200629825, 'beta_1': 0.851481343296017, 'beta_2': 0.1823607466025633, 'beta_3': 0.0013504690446354854, 'beta_4': 0.9829534805795622, 'beta_5': 25.6231928716642, 'beta_6': 0.008741031622156621, 'beta_7': 0.03401205099117921}. Best is trial 921 with value: 2319.5643249196864.
[I 2026-03-31 17:46:59,211] Trial 929 finished with value: 2756.7470364064748 and parameters: {'alpha_0': 0.0015371193910617114, 'alpha_1': 5.696336538343178e-05, 'alpha_2': 9.462451515439197e-05, 'beta_0': 0.4013050058194197, 'beta_1': 0.8273479417627196, 'beta_2': 0.1953002611636549, 'beta_3': 0.0013222699099998132, 'beta_4': 0.9753091705732813, 'beta_5': 23.01696622964517, 'beta_6': 0.11491540409221826, 'beta_7': 0.03205421787261763}. Best is trial 921 with value: 2319.5643249196864.
[I 2026-03-31 17:47:00,496] Trial 930 finished with value: 3000.8341804173197 and parameters: {'alpha_0': 0.001588169824024385, 'alpha_1': 7.301450749861327e-05, 'alpha_2': 9.783674548914946e-05, 'beta_0': 0.39104586648290746, 'beta_1': 0.820419638269177, 'beta_2': 0.17304780148412618, 'beta_3': 0.0013139958315618629, 'beta_4': 0.9601846908617869, 'beta_5': 27.463631654406264, 'beta_6': 0.09685845390474015, 'beta_7': 0.03315686500253668}. Best is trial 921 with value: 2319.5643249196864.
[I 2026-03-31 17:47:01,776] Trial 931 finished with value: 2587.903255968601 and parameters: {'alpha_0': 0.0014945911853143598, 'alpha_1': 5.5757640113349914e-05, 'alpha_2': 9.55620920399429e-05, 'beta_0': 0.41516960126499086, 'beta_1': 0.8523935073689325, 'beta_2': 0.18866138780744715, 'beta_3': 0.0013659742506613674, 'beta_4': 0.973143291093576, 'beta_5': 27.704190673394564, 'beta_6': 0.06796055977089502, 'beta_7': 0.03147009403170828}. Best is trial 921 with value: 2319.5643249196864.
[I 2026-03-31 17:47:03,005] Trial 932 finished with value: 2514.0048351799605 and parameters: {'alpha_0': 0.0016601712124309567, 'alpha_1': 5.640144794121428e-05, 'alpha_2': 9.426025755815805e-05, 'beta_0': 0.424641212867969, 'beta_1': 0.8587235703985587, 'beta_2': 0.1982741667872472, 'beta_3': 0.0012807445822957833, 'beta_4': 1.0021087173505288, 'beta_5': 29.970173808876623, 'beta_6': 0.005116007395933559, 'beta_7': 0.032663162883898464}. Best is trial 921 with value: 2319.5643249196864.
[I 2026-03-31 17:47:04,353] Trial 933 finished with value: 2578.8713025972975 and parameters: {'alpha_0': 0.0013478124058684097, 'alpha_1': 5.51844232178739e-05, 'alpha_2': 0.00010680281830629344, 'beta_0': 0.40415280588505614, 'beta_1': 0.8640355999256155, 'beta_2': 0.1820472536616414, 'beta_3': 0.001328486122018518, 'beta_4': 0.9905836788869784, 'beta_5': 29.763293237441665, 'beta_6': 0.009648584930201076, 'beta_7': 0.030533913459635693}. Best is trial 921 with value: 2319.5643249196864.
