[I 2026-03-31 17:36:50,710] Trial 546 finished with value: 2511.803418661223 and parameters: {'alpha_0': 0.0009493155901497635, 'alpha_1': 5.020072220599518e-05, 'alpha_2': 7.094061276261857e-05, 'beta_0': 0.21137741281777406, 'beta_1': 1.112723638792524, 'beta_2': 0.12449585111281625, 'beta_3': 0.0018911708192537926, 'beta_4': 0.7116977519655084, 'beta_5': 59.566439166921434, 'beta_6': 0.024230759702185432, 'beta_7': 0.031149774128572998}. Best is trial 493 with value: 2345.693614299724.
[I 2026-03-31 17:36:51,973] Trial 547 finished with value: 2681.894874408563 and parameters: {'alpha_0': 0.001057301250737669, 'alpha_1': 5.891770963645891e-05, 'alpha_2': 6.536451544230981e-05, 'beta_0': 0.3339299567330614, 'beta_1': 1.3652342112545883, 'beta_2': 0.14476203265038462, 'beta_3': 0.0017259266634478555, 'beta_4': 0.7902158187139106, 'beta_5': 54.54534938365702, 'beta_6': 0.03888692643429274, 'beta_7': 0.03288777938239716}. Best is trial 493 with value: 2345.693614299724.
[I 2026-03-31 17:36:53,215] Trial 548 finished with value: 2396.909877114051 and parameters: {'alpha_0': 0.0015929826478946227, 'alpha_1': 5.5381440394196354e-05, 'alpha_2': 6.823704937381326e-05, 'beta_0': 0.35990723427811255, 'beta_1': 1.1345365797028553, 'beta_2': 0.5432768272752625, 'beta_3': 0.0015807172358942574, 'beta_4': 0.9589590542877818, 'beta_5': 57.44733236060087, 'beta_6': 0.03268978887630676, 'beta_7': 0.0318768087542926}. Best is trial 493 with value: 2345.693614299724.
[I 2026-03-31 17:36:54,460] Trial 549 finished with value: 2532.4507376535125 and parameters: {'alpha_0': 0.0015306877819786036, 'alpha_1': 5.5191704915204164e-05, 'alpha_2': 6.929857518484527e-05, 'beta_0': 0.3691640140494342, 'beta_1': 1.2633621660919636, 'beta_2': 0.541982729191987, 'beta_3': 0.001558452618415004, 'beta_4': 0.8398460566008076, 'beta_5': 55.71462238762283, 'beta_6': 0.02952122449548471, 'beta_7': 0.03225211392706505}. Best is trial 493 with value: 2345.693614299724.
[I 2026-03-31 17:37:03,659] Trial 550 finished with value: 8611.419411393288 and parameters: {'alpha_0': 0.002059532296902754, 'alpha_1': 5.182048578358013e-05, 'alpha_2': 9.417420355893874e-05, 'beta_0': 0.3629923703006339, 'beta_1': 1.072578054507045, 'beta_2': 0.5194335813054118, 'beta_3': 0.0016041346857774623, 'beta_4': 1.0046461532809776, 'beta_5': 53.072176778188776, 'beta_6': 0.032300942818566054, 'beta_7': 0.02046252455887351}. Best is trial 493 with value: 2345.693614299724.
[I 2026-03-31 17:37:04,942] Trial 551 finished with value: 2645.3526351726887 and parameters: {'alpha_0': 0.0019124099237993024, 'alpha_1': 5.3802428575278874e-05, 'alpha_2': 7.103631655223098e-05, 'beta_0': 0.38316889872615545, 'beta_1': 1.3069247920927165, 'beta_2': 0.5431567504529644, 'beta_3': 0.001587090459806188, 'beta_4': 1.122063567318719, 'beta_5': 65.99222433533379, 'beta_6': 0.02874393911218916, 'beta_7': 0.03368906000842643}. Best is trial 493 with value: 2345.693614299724.
[I 2026-03-31 17:37:06,242] Trial 552 finished with value: 2529.339733854288 and parameters: {'alpha_0': 0.0016109177756370003, 'alpha_1': 5.0114049510332386e-05, 'alpha_2': 6.859575680770829e-05, 'beta_0': 0.3746782467017463, 'beta_1': 1.137969026596514, 'beta_2': 0.5266671036806736, 'beta_3': 0.0015076358741656433, 'beta_4': 1.09472290832993, 'beta_5': 57.24743589007425, 'beta_6': 0.025719052700665754, 'beta_7': 0.031469855899717375}. Best is trial 493 with value: 2345.693614299724.
[I 2026-03-31 17:37:07,516] Trial 553 finished with value: 3923.585089572308 and parameters: {'alpha_0': 0.001271143784982711, 'alpha_1': 5.6850500531304635e-05, 'alpha_2': 6.776339674413109e-05, 'beta_0': 0.2993339295760069, 'beta_1': 1.0975071931206277, 'beta_2': 0.5775711310332987, 'beta_3': 0.0015575377383063194, 'beta_4': 0.8664748717037281, 'beta_5': 71.20212510778289, 'beta_6': 0.02108327707373036, 'beta_7': 0.03275942445138984}. Best is trial 493 with value: 2345.693614299724.
[I 2026-03-31 17:37:08,819] Trial 554 finished with value: 2480.5222567155533 and parameters: {'alpha_0': 0.0010038191842639435, 'alpha_1': 6.0052296507706036e-05, 'alpha_2': 5.8920581664464083e-05, 'beta_0': 0.3595890840349428, 'beta_1': 1.0594577180535358, 'beta_2': 0.5599321474427461, 'beta_3': 0.001618916974016676, 'beta_4': 0.9675674733796115, 'beta_5': 62.3310453387408, 'beta_6': 0.03139517926472897, 'beta_7': 0.030214584228033022}. Best is trial 493 with value: 2345.693614299724.
[I 2026-03-31 17:37:10,084] Trial 555 finished with value: 2535.568878221221 and parameters: {'alpha_0': 0.0024991613581129683, 'alpha_1': 8.138714301941541e-05, 'alpha_2': 7.349726866886324e-05, 'beta_0': 0.24327370597978984, 'beta_1': 1.03467864977132, 'beta_2': 0.53616656877303, 'beta_3': 0.0006185095364047344, 'beta_4': 1.0331111567748934, 'beta_5': 59.83911580856763, 'beta_6': 0.027517390255467317, 'beta_7': 0.031930018281748955}. Best is trial 493 with value: 2345.693614299724.
[I 2026-03-31 17:37:11,384] Trial 556 finished with value: 2614.224375050887 and parameters: {'alpha_0': 0.0009612917874545123, 'alpha_1': 5.298645167167947e-05, 'alpha_2': 4.53214300700627e-05, 'beta_0': 0.36534022365348023, 'beta_1': 1.3312272980559494, 'beta_2': 0.5422786035974955, 'beta_3': 0.0016499749770597094, 'beta_4': 1.16595657203041, 'beta_5': 55.5753633614335, 'beta_6': 0.03232031068144967, 'beta_7': 0.030698920432823365}. Best is trial 493 with value: 2345.693614299724.
[I 2026-03-31 17:37:12,655] Trial 557 finished with value: 2655.972438109013 and parameters: {'alpha_0': 0.0021304373581265317, 'alpha_1': 5.80110065714652e-05, 'alpha_2': 6.219976880045357e-05, 'beta_0': 0.3120490738523406, 'beta_1': 0.8030285383397749, 'beta_2': 0.5537416120024106, 'beta_3': 0.0014539406918237852, 'beta_4': 1.0781575432075938, 'beta_5': 64.03422556902437, 'beta_6': 0.03466013064205648, 'beta_7': 0.033363841478804}. Best is trial 493 with value: 2345.693614299724.
[I 2026-03-31 17:37:13,902] Trial 558 finished with value: 2607.842563028504 and parameters: {'alpha_0': 0.0016557015759084287, 'alpha_1': 6.227833553595829e-05, 'alpha_2': 8.569509730583965e-05, 'beta_0': 0.3533732148958052, 'beta_1': 1.3515079010333853, 'beta_2': 0.155751891864037, 'beta_3': 0.0015844656124057066, 'beta_4': 0.8194323298969929, 'beta_5': 51.72900356079761, 'beta_6': 0.03089981399129418, 'beta_7': 0.03247309565652139}. Best is trial 493 with value: 2345.693614299724.
[I 2026-03-31 17:37:15,189] Trial 559 finished with value: 2546.280106434192 and parameters: {'alpha_0': 0.0010705672271986806, 'alpha_1': 5.463754344598136e-05, 'alpha_2': 7.162296467439497e-05, 'beta_0': 0.3410091388804452, 'beta_1': 1.085143153933733, 'beta_2': 0.5347390602326655, 'beta_3': 0.0016281056966392401, 'beta_4': 0.9455506777060918, 'beta_5': 58.1634685789471, 'beta_6': 0.03682857546729391, 'beta_7': 0.03142606402706189}. Best is trial 493 with value: 2345.693614299724.
[I 2026-03-31 17:37:16,474] Trial 560 finished with value: 2766.946420242039 and parameters: {'alpha_0': 0.0014323614404551527, 'alpha_1': 5.6014601176010357e-05, 'alpha_2': 6.663521760564901e-05, 'beta_0': 0.3272239780917193, 'beta_1': 1.147675676213934, 'beta_2': 0.16215571446498594, 'beta_3': 0.0006949839179574231, 'beta_4': 1.066199420345778, 'beta_5': 68.02718260714876, 'beta_6': 0.022565916846271523, 'beta_7': 0.03436229904803779}. Best is trial 493 with value: 2345.693614299724.Best trial: 493. Best value: 2345.69:  56%|█████▌    | 560/1000 [15:25<10:03,  1.37s/it]Best trial: 493. Best value: 2345.69:  56%|█████▌    | 560/1000 [15:25<10:03,  1.37s/it]Best trial: 493. Best value: 2345.69:  56%|█████▌    | 561/1000 [15:25<09:50,  1.35s/it]                                                                                        Best trial: 493. Best value: 2345.69:  56%|█████▌    | 561/1000 [15:27<09:50,  1.35s/it]Best trial: 493. Best value: 2345.69:  56%|█████▌    | 561/1000 [15:27<09:50,  1.35s/it]Best trial: 493. Best value: 2345.69:  56%|█████▌    | 562/1000 [15:27<09:42,  1.33s/it]                                                                                        Best trial: 493. Best value: 2345.69:  56%|█████▌    | 562/1000 [15:28<09:42,  1.33s/it]Best trial: 493. Best value: 2345.69:  56%|█████▌    | 562/1000 [15:28<09:42,  1.33s/it]Best trial: 493. Best value: 2345.69:  56%|█████▋    | 563/1000 [15:28<09:29,  1.30s/it]                                                                                        Best trial: 493. Best value: 2345.69:  56%|█████▋    | 563/1000 [15:29<09:29,  1.30s/it]Best trial: 493. Best value: 2345.69:  56%|█████▋    | 563/1000 [15:29<09:29,  1.30s/it]Best trial: 493. Best value: 2345.69:  56%|█████▋    | 564/1000 [15:29<09:12,  1.27s/it]                                                                                        Best trial: 493. Best value: 2345.69:  56%|█████▋    | 564/1000 [15:30<09:12,  1.27s/it]Best trial: 493. Best value: 2345.69:  56%|█████▋    | 564/1000 [15:30<09:12,  1.27s/it]Best trial: 493. Best value: 2345.69:  56%|█████▋    | 565/1000 [15:30<09:13,  1.27s/it]                                                                                        Best trial: 493. Best value: 2345.69:  56%|█████▋    | 565/1000 [15:32<09:13,  1.27s/it]Best trial: 493. Best value: 2345.69:  56%|█████▋    | 565/1000 [15:32<09:13,  1.27s/it]Best trial: 493. Best value: 2345.69:  57%|█████▋    | 566/1000 [15:32<09:09,  1.27s/it]                                                                                        Best trial: 493. Best value: 2345.69:  57%|█████▋    | 566/1000 [15:33<09:09,  1.27s/it]Best trial: 493. Best value: 2345.69:  57%|█████▋    | 566/1000 [15:33<09:09,  1.27s/it]Best trial: 493. Best value: 2345.69:  57%|█████▋    | 567/1000 [15:33<09:06,  1.26s/it]                                                                                        Best trial: 493. Best value: 2345.69:  57%|█████▋    | 567/1000 [15:34<09:06,  1.26s/it]Best trial: 493. Best value: 2345.69:  57%|█████▋    | 567/1000 [15:34<09:06,  1.26s/it]Best trial: 493. Best value: 2345.69:  57%|█████▋    | 568/1000 [15:34<09:23,  1.30s/it]                                                                                        Best trial: 493. Best value: 2345.69:  57%|█████▋    | 568/1000 [15:36<09:23,  1.30s/it]Best trial: 493. Best value: 2345.69:  57%|█████▋    | 568/1000 [15:36<09:23,  1.30s/it]Best trial: 493. Best value: 2345.69:  57%|█████▋    | 569/1000 [15:36<09:31,  1.33s/it]                                                                                        Best trial: 493. Best value: 2345.69:  57%|█████▋    | 569/1000 [15:37<09:31,  1.33s/it]Best trial: 493. Best value: 2345.69:  57%|█████▋    | 569/1000 [15:37<09:31,  1.33s/it]Best trial: 493. Best value: 2345.69:  57%|█████▋    | 570/1000 [15:37<09:22,  1.31s/it]                                                                                        Best trial: 493. Best value: 2345.69:  57%|█████▋    | 570/1000 [15:38<09:22,  1.31s/it]Best trial: 493. Best value: 2345.69:  57%|█████▋    | 570/1000 [15:38<09:22,  1.31s/it]Best trial: 493. Best value: 2345.69:  57%|█████▋    | 571/1000 [15:38<09:14,  1.29s/it]                                                                                        Best trial: 493. Best value: 2345.69:  57%|█████▋    | 571/1000 [15:40<09:14,  1.29s/it]Best trial: 493. Best value: 2345.69:  57%|█████▋    | 571/1000 [15:40<09:14,  1.29s/it]Best trial: 493. Best value: 2345.69:  57%|█████▋    | 572/1000 [15:40<09:14,  1.30s/it]                                                                                        Best trial: 493. Best value: 2345.69:  57%|█████▋    | 572/1000 [15:41<09:14,  1.30s/it]Best trial: 493. Best value: 2345.69:  57%|█████▋    | 572/1000 [15:41<09:14,  1.30s/it]Best trial: 493. Best value: 2345.69:  57%|█████▋    | 573/1000 [15:41<09:03,  1.27s/it]                                                                                        Best trial: 493. Best value: 2345.69:  57%|█████▋    | 573/1000 [15:42<09:03,  1.27s/it]Best trial: 493. Best value: 2345.69:  57%|█████▋    | 573/1000 [15:42<09:03,  1.27s/it]Best trial: 493. Best value: 2345.69:  57%|█████▋    | 574/1000 [15:42<09:07,  1.29s/it]                                                                                        Best trial: 493. Best value: 2345.69:  57%|█████▋    | 574/1000 [15:43<09:07,  1.29s/it]Best trial: 493. Best value: 2345.69:  57%|█████▋    | 574/1000 [15:43<09:07,  1.29s/it]Best trial: 493. Best value: 2345.69:  57%|█████▊    | 575/1000 [15:43<09:03,  1.28s/it]                                                                                        Best trial: 493. Best value: 2345.69:  57%|█████▊    | 575/1000 [15:45<09:03,  1.28s/it]Best trial: 493. Best value: 2345.69:  57%|█████▊    | 575/1000 [15:45<09:03,  1.28s/it]Best trial: 493. Best value: 2345.69:  58%|█████▊    | 576/1000 [15:45<09:00,  1.27s/it]                                                                                        Best trial: 493. Best value: 2345.69:  58%|█████▊    | 576/1000 [15:46<09:00,  1.27s/it]Best trial: 493. Best value: 2345.69:  58%|█████▊    | 576/1000 [15:46<09:00,  1.27s/it]Best trial: 493. Best value: 2345.69:  58%|█████▊    | 577/1000 [15:46<08:55,  1.27s/it]                                                                                        
[I 2026-03-31 17:37:17,765] Trial 561 finished with value: 2492.8111195298716 and parameters: {'alpha_0': 0.0008965006436067814, 'alpha_1': 5.18382706990098e-05, 'alpha_2': 8.227604248965438e-05, 'beta_0': 0.2855519318114776, 'beta_1': 1.0501114332840977, 'beta_2': 0.5131431047745078, 'beta_3': 0.0008528451431739271, 'beta_4': 1.1166615936025657, 'beta_5': 61.3404122673562, 'beta_6': 0.03378993200123126, 'beta_7': 0.032001965406632374}. Best is trial 493 with value: 2345.693614299724.
[I 2026-03-31 17:37:19,006] Trial 562 finished with value: 2471.82517095818 and parameters: {'alpha_0': 0.0010323938508564826, 'alpha_1': 5.98642987301899e-05, 'alpha_2': 6.96065578797073e-05, 'beta_0': 0.20052409522821713, 'beta_1': 1.1102491289027019, 'beta_2': 0.1521779552219177, 'beta_3': 0.0010040092212890343, 'beta_4': 0.8082420872039318, 'beta_5': 56.565659753107894, 'beta_6': 0.02954696824043003, 'beta_7': 0.03290695836411343}. Best is trial 493 with value: 2345.693614299724.
[I 2026-03-31 17:37:20,187] Trial 563 finished with value: 2931.2294868617237 and parameters: {'alpha_0': 0.0009537815331197032, 'alpha_1': 5.719723769877725e-05, 'alpha_2': 6.433060889083904e-05, 'beta_0': 0.39021543677444454, 'beta_1': 1.0671262957450762, 'beta_2': 0.5575274377370252, 'beta_3': 0.0007602027185949154, 'beta_4': 0.7318398974015629, 'beta_5': 53.8469770374605, 'beta_6': 0.04489394677591788, 'beta_7': 0.03995748388706681}. Best is trial 493 with value: 2345.693614299724.
[I 2026-03-31 17:37:21,472] Trial 564 finished with value: 2531.4462880387873 and parameters: {'alpha_0': 0.0009949920681543518, 'alpha_1': 5.498926743066775e-05, 'alpha_2': 6.793703839754947e-05, 'beta_0': 0.3176804236104035, 'beta_1': 1.2944570391307915, 'beta_2': 0.2899471297601287, 'beta_3': 0.001652139601128433, 'beta_4': 0.7496452209643241, 'beta_5': 65.59069013866895, 'beta_6': 0.03809484319896082, 'beta_7': 0.03102810582453863}. Best is trial 493 with value: 2345.693614299724.
[I 2026-03-31 17:37:22,721] Trial 565 finished with value: 2744.8291521239003 and parameters: {'alpha_0': 0.0017442953198349073, 'alpha_1': 5.301223099154385e-05, 'alpha_2': 6.093976606721715e-05, 'beta_0': 0.3043772058616158, 'beta_1': 1.095814933376469, 'beta_2': 0.3257748201649081, 'beta_3': 0.0018395694622903884, 'beta_4': 0.8873485211063624, 'beta_5': 72.59632014367492, 'beta_6': 0.04204819224159213, 'beta_7': 0.03231679795663569}. Best is trial 493 with value: 2345.693614299724.
[I 2026-03-31 17:37:23,977] Trial 566 finished with value: 2516.281760583649 and parameters: {'alpha_0': 0.0018600108084774944, 'alpha_1': 5.846980826725575e-05, 'alpha_2': 6.596538358255473e-05, 'beta_0': 0.34523088001997787, 'beta_1': 1.0122429425014203, 'beta_2': 0.22640051476437703, 'beta_3': 0.0011899686248110397, 'beta_4': 0.8265928511039068, 'beta_5': 2.373371634850699, 'beta_6': 0.026023222366651402, 'beta_7': 0.03155777839245498}. Best is trial 493 with value: 2345.693614299724.
[I 2026-03-31 17:37:25,376] Trial 567 finished with value: 2653.726075360865 and parameters: {'alpha_0': 0.0008743887262776318, 'alpha_1': 6.156071520774586e-05, 'alpha_2': 7.228959971251192e-05, 'beta_0': 0.3349554430832297, 'beta_1': 1.316810212689813, 'beta_2': 0.16867340363446096, 'beta_3': 0.0013235707165130887, 'beta_4': 0.803180049946518, 'beta_5': 63.15910970080848, 'beta_6': 0.033279025069779, 'beta_7': 0.029849477954457086}. Best is trial 493 with value: 2345.693614299724.
[I 2026-03-31 17:37:26,757] Trial 568 finished with value: 2664.5664531559582 and parameters: {'alpha_0': 0.000924100440793678, 'alpha_1': 5.565724223141709e-05, 'alpha_2': 6.297152893793243e-05, 'beta_0': 0.35753788500292477, 'beta_1': 1.1229528955433092, 'beta_2': 0.4950996291391708, 'beta_3': 0.0016867279985047375, 'beta_4': 1.0128340436282974, 'beta_5': 60.05532631399728, 'beta_6': 0.04839222533843424, 'beta_7': 0.02841864870262685}. Best is trial 493 with value: 2345.693614299724.
[I 2026-03-31 17:37:28,026] Trial 569 finished with value: 3930.6915006996496 and parameters: {'alpha_0': 0.0010263757590574783, 'alpha_1': 5.1744119031874226e-05, 'alpha_2': 6.995179805182705e-05, 'beta_0': 0.37528909670694705, 'beta_1': 1.0790254135926363, 'beta_2': 0.1865276453617074, 'beta_3': 0.0005000156218326543, 'beta_4': 0.7683636300058224, 'beta_5': 61.42790344058119, 'beta_6': 0.035768313082081955, 'beta_7': 0.03384328629767405}. Best is trial 493 with value: 2345.693614299724.
[I 2026-03-31 17:37:29,280] Trial 570 finished with value: 2521.524279344564 and parameters: {'alpha_0': 0.0015846669988702155, 'alpha_1': 5.375864710832396e-05, 'alpha_2': 5.624291859537006e-05, 'beta_0': 0.2656049370819992, 'beta_1': 1.163001737981807, 'beta_2': 0.14369090594525402, 'beta_3': 0.0009063681192504169, 'beta_4': 1.0473026019826248, 'beta_5': 58.418032075965264, 'beta_6': 0.02793997875982702, 'beta_7': 0.03310553862819729}. Best is trial 493 with value: 2345.693614299724.
[I 2026-03-31 17:37:30,585] Trial 571 finished with value: 2487.675761256813 and parameters: {'alpha_0': 0.0010848099256992683, 'alpha_1': 5.8592875933499396e-05, 'alpha_2': 0.00011024709961998617, 'beta_0': 0.3248728957612761, 'beta_1': 1.0407244916980463, 'beta_2': 0.13486312129756342, 'beta_3': 0.0008005264595384202, 'beta_4': 0.7816847869027534, 'beta_5': 82.33254302444497, 'beta_6': 0.031151700509170873, 'beta_7': 0.031878674325295946}. Best is trial 493 with value: 2345.693614299724.
[I 2026-03-31 17:37:31,805] Trial 572 finished with value: 2685.9836925835098 and parameters: {'alpha_0': 0.0009577776496281448, 'alpha_1': 5.644727436650268e-05, 'alpha_2': 6.661137124017601e-05, 'beta_0': 0.2262853436696593, 'beta_1': 1.0621492594464201, 'beta_2': 0.15378594576425247, 'beta_3': 0.0016283003005352632, 'beta_4': 0.7562094611734885, 'beta_5': 76.25660220718416, 'beta_6': 0.03929151993414271, 'beta_7': 0.03555328787280802}. Best is trial 493 with value: 2345.693614299724.
[I 2026-03-31 17:37:33,119] Trial 573 finished with value: 2581.277695395473 and parameters: {'alpha_0': 0.0009069488729728348, 'alpha_1': 6.051372392161415e-05, 'alpha_2': 6.470294089453617e-05, 'beta_0': 0.24803906035316078, 'beta_1': 1.029502600223793, 'beta_2': 0.276459633791098, 'beta_3': 0.0007305418624057971, 'beta_4': 0.8499864901329333, 'beta_5': 69.48108781890924, 'beta_6': 0.08378865339829847, 'beta_7': 0.030963182449678776}. Best is trial 493 with value: 2345.693614299724.
[I 2026-03-31 17:37:34,384] Trial 574 finished with value: 2567.099154988288 and parameters: {'alpha_0': 0.0006166551487142186, 'alpha_1': 5.002401603650578e-05, 'alpha_2': 5.847818907596988e-05, 'beta_0': 0.31698204157238924, 'beta_1': 1.1066899924784313, 'beta_2': 0.12936742004712762, 'beta_3': 0.0016837028574482212, 'beta_4': 0.7939787859340617, 'beta_5': 79.91458500091295, 'beta_6': 0.03397362320040801, 'beta_7': 0.037492008741165234}. Best is trial 493 with value: 2345.693614299724.
[I 2026-03-31 17:37:35,644] Trial 575 finished with value: 2812.6922210543976 and parameters: {'alpha_0': 0.0009899837371382934, 'alpha_1': 6.303261232219017e-05, 'alpha_2': 6.835598005124919e-05, 'beta_0': 0.35040377130312655, 'beta_1': 1.079861747546736, 'beta_2': 0.14291979015311246, 'beta_3': 0.0016490443469730524, 'beta_4': 0.8135320865038278, 'beta_5': 50.56701994279737, 'beta_6': 0.029172463526439315, 'beta_7': 0.03252737620503441}. Best is trial 493 with value: 2345.693614299724.
[I 2026-03-31 17:37:36,895] Trial 576 finished with value: 2504.611745057374 and parameters: {'alpha_0': 0.0008780897608448157, 'alpha_1': 5.4092436224211914e-05, 'alpha_2': 5.2561339936821714e-05, 'beta_0': 0.3670853583214332, 'beta_1': 1.3427059680805424, 'beta_2': 0.24206895447114973, 'beta_3': 0.0015956615469508062, 'beta_4': 0.7141555300099754, 'beta_5': 54.953423717616914, 'beta_6': 0.03663661736464669, 'beta_7': 0.03156211421985412}. Best is trial 493 with value: 2345.693614299724.
