[I 2026-03-31 17:29:16,641] Trial 239 finished with value: 2568.1839381409777 and parameters: {'alpha_0': 0.0010249657530214536, 'alpha_1': 5.8379854812593564e-05, 'alpha_2': 6.681884711369559e-05, 'beta_0': 0.3217841430223892, 'beta_1': 1.002635312018449, 'beta_2': 0.1197142909265371, 'beta_3': 0.0017505608761714535, 'beta_4': 0.7712545948727222, 'beta_5': 59.788744825183564, 'beta_6': 0.03763520041132528, 'beta_7': 0.03125670138110893}. Best is trial 175 with value: 2367.0380894697555.
[I 2026-03-31 17:29:25,910] Trial 240 finished with value: 7105.525651918651 and parameters: {'alpha_0': 0.0009348245706647193, 'alpha_1': 6.22122972563358e-05, 'alpha_2': 6.379004181005134e-05, 'beta_0': 0.3430462081467951, 'beta_1': 1.0590329347904237, 'beta_2': 0.1316517014812294, 'beta_3': 0.001700555802934129, 'beta_4': 0.7396925108181253, 'beta_5': 55.21636361229356, 'beta_6': 0.03466714619791545, 'beta_7': 0.016299875881443607}. Best is trial 175 with value: 2367.0380894697555.
[I 2026-03-31 17:29:27,148] Trial 241 finished with value: 2397.9205566762057 and parameters: {'alpha_0': 0.0009724175945720892, 'alpha_1': 5.512804869899011e-05, 'alpha_2': 6.279230178663651e-05, 'beta_0': 0.33096242833851525, 'beta_1': 1.0657277877040963, 'beta_2': 0.1486970083155355, 'beta_3': 0.0017477336739477622, 'beta_4': 0.7792137895910229, 'beta_5': 60.940415338376525, 'beta_6': 0.0355228034155152, 'beta_7': 0.03182453975822021}. Best is trial 175 with value: 2367.0380894697555.
[I 2026-03-31 17:29:28,420] Trial 242 finished with value: 2373.9540625508475 and parameters: {'alpha_0': 0.0010897985313573415, 'alpha_1': 5.555074845582886e-05, 'alpha_2': 6.431553454962605e-05, 'beta_0': 0.33763627077084096, 'beta_1': 1.0462779446059371, 'beta_2': 0.14249229394619212, 'beta_3': 0.0017630072181608475, 'beta_4': 0.7730951090596201, 'beta_5': 57.36815653099754, 'beta_6': 0.03265669979282083, 'beta_7': 0.03184762452179087}. Best is trial 175 with value: 2367.0380894697555.
[I 2026-03-31 17:29:29,650] Trial 243 finished with value: 2504.3562245454877 and parameters: {'alpha_0': 0.0009670777297358756, 'alpha_1': 5.568705390809712e-05, 'alpha_2': 6.30280268409355e-05, 'beta_0': 0.334944459687, 'beta_1': 1.0478757351487709, 'beta_2': 0.13867822187981307, 'beta_3': 0.0017328767146456265, 'beta_4': 0.7755817720284993, 'beta_5': 57.275449247785694, 'beta_6': 0.031326026933984855, 'beta_7': 0.032066773889163465}. Best is trial 175 with value: 2367.0380894697555.
[I 2026-03-31 17:29:30,940] Trial 244 finished with value: 2522.5601740396914 and parameters: {'alpha_0': 0.00097862573776973, 'alpha_1': 5.6556022664664543e-05, 'alpha_2': 6.487038944192896e-05, 'beta_0': 0.3506954260666775, 'beta_1': 1.0701384759367252, 'beta_2': 0.14757382502125319, 'beta_3': 0.0017668183210481025, 'beta_4': 0.7565257958239529, 'beta_5': 60.03321278383022, 'beta_6': 0.0331256038627255, 'beta_7': 0.0309205746897733}. Best is trial 175 with value: 2367.0380894697555.
[I 2026-03-31 17:29:32,181] Trial 245 finished with value: 2382.2467378037927 and parameters: {'alpha_0': 0.0010281437940129262, 'alpha_1': 5.481142989467204e-05, 'alpha_2': 6.714703591205909e-05, 'beta_0': 0.3284110007199583, 'beta_1': 1.0228949294688505, 'beta_2': 0.13237539319156477, 'beta_3': 0.0016787159031979243, 'beta_4': 0.7667084362419208, 'beta_5': 58.47514903128986, 'beta_6': 0.029682213684041822, 'beta_7': 0.03184903492297352}. Best is trial 175 with value: 2367.0380894697555.
[I 2026-03-31 17:29:33,425] Trial 246 finished with value: 2518.343410717598 and parameters: {'alpha_0': 0.0010040707739044066, 'alpha_1': 5.4823012698548654e-05, 'alpha_2': 6.760272784124784e-05, 'beta_0': 0.3277730546505579, 'beta_1': 1.0427232189404714, 'beta_2': 0.13064528637069578, 'beta_3': 0.0017267084766447523, 'beta_4': 0.7682086597777419, 'beta_5': 55.20484651372474, 'beta_6': 0.026387151063075143, 'beta_7': 0.03200869008936366}. Best is trial 175 with value: 2367.0380894697555.
[I 2026-03-31 17:29:34,693] Trial 247 finished with value: 2777.3094513135525 and parameters: {'alpha_0': 0.0010812718227215178, 'alpha_1': 5.762090873778924e-05, 'alpha_2': 6.574181097325211e-05, 'beta_0': 0.3338392960775786, 'beta_1': 1.0528162230463092, 'beta_2': 0.14684917230383018, 'beta_3': 0.001678724069384121, 'beta_4': 0.7444969356112081, 'beta_5': 57.29562121458782, 'beta_6': 0.029385693611316297, 'beta_7': 0.03276600188730352}. Best is trial 175 with value: 2367.0380894697555.
[I 2026-03-31 17:29:35,949] Trial 248 finished with value: 2476.7131309556785 and parameters: {'alpha_0': 0.0010480509380909062, 'alpha_1': 5.512843526054184e-05, 'alpha_2': 6.684096243644619e-05, 'beta_0': 0.3193397143146863, 'beta_1': 1.0231675849378792, 'beta_2': 0.12528560059360308, 'beta_3': 0.0016998376040268002, 'beta_4': 0.7607816245433446, 'beta_5': 61.21637525625523, 'beta_6': 0.027082867460180758, 'beta_7': 0.0317143641334287}. Best is trial 175 with value: 2367.0380894697555.
[I 2026-03-31 17:29:37,191] Trial 249 finished with value: 2548.521974406287 and parameters: {'alpha_0': 0.0009018291249628819, 'alpha_1': 6.030487040469334e-05, 'alpha_2': 6.412445403370024e-05, 'beta_0': 0.3365276148047726, 'beta_1': 1.0265206752597047, 'beta_2': 0.13739103985985934, 'beta_3': 0.0017767355792727266, 'beta_4': 0.8037178883853968, 'beta_5': 61.26562013502199, 'beta_6': 0.030715144629145038, 'beta_7': 0.03220645097044799}. Best is trial 175 with value: 2367.0380894697555.
[I 2026-03-31 17:29:38,456] Trial 250 finished with value: 2524.803732162131 and parameters: {'alpha_0': 0.000952510876121973, 'alpha_1': 5.66973283797237e-05, 'alpha_2': 6.67965266494416e-05, 'beta_0': 0.36164560771768584, 'beta_1': 1.0076453480473198, 'beta_2': 0.1411699230468574, 'beta_3': 0.001685684571013372, 'beta_4': 0.7731181210402515, 'beta_5': 58.620271485091706, 'beta_6': 0.03265507332668918, 'beta_7': 0.031016877588900735}. Best is trial 175 with value: 2367.0380894697555.
[I 2026-03-31 17:29:39,740] Trial 251 finished with value: 2653.7633394551867 and parameters: {'alpha_0': 0.0010324425360178121, 'alpha_1': 5.416627863974764e-05, 'alpha_2': 6.328799600614216e-05, 'beta_0': 0.3216463272183425, 'beta_1': 1.0405339247340226, 'beta_2': 0.1215548985158465, 'beta_3': 0.0016591031818253353, 'beta_4': 0.7835133585828413, 'beta_5': 56.935835022437075, 'beta_6': 0.029201921005183772, 'beta_7': 0.03286113260413285}. Best is trial 175 with value: 2367.0380894697555.
[I 2026-03-31 17:29:40,983] Trial 252 finished with value: 2461.275863079663 and parameters: {'alpha_0': 0.0011029578474882956, 'alpha_1': 5.851932960809294e-05, 'alpha_2': 6.505271259058077e-05, 'beta_0': 0.3443963195103085, 'beta_1': 1.0638316533501182, 'beta_2': 0.15331047607969905, 'beta_3': 0.0017562539220662354, 'beta_4': 0.796887846712712, 'beta_5': 62.013102289234524, 'beta_6': 0.03437859784922865, 'beta_7': 0.03165885562390415}. Best is trial 175 with value: 2367.0380894697555.
[I 2026-03-31 17:29:42,241] Trial 253 finished with value: 3051.0878279566296 and parameters: {'alpha_0': 0.0008852875824251502, 'alpha_1': 5.354627222770574e-05, 'alpha_2': 6.812572702985569e-05, 'beta_0': 0.3292076894749342, 'beta_1': 1.0730693887709806, 'beta_2': 0.1274585204646375, 'beta_3': 0.0017465092572077348, 'beta_4': 0.7520535747051316, 'beta_5': 54.567794064763625, 'beta_6': 0.03129321177353303, 'beta_7': 0.03248196145322327}. Best is trial 175 with value: 2367.0380894697555.
[I 2026-03-31 17:29:43,536] Trial 254 finished with value: 2669.983269006457 and parameters: {'alpha_0': 0.0009708392973349514, 'alpha_1': 5.57533404267286e-05, 'alpha_2': 6.287893491159746e-05, 'beta_0': 0.31688757887975477, 'beta_1': 1.080139112374828, 'beta_2': 0.13829324764719442, 'beta_3': 0.0016600570805222453, 'beta_4': 0.733854365474446, 'beta_5': 59.9984708764774, 'beta_6': 0.10392426570683302, 'beta_7': 0.03123234944266276}. Best is trial 175 with value: 2367.0380894697555.Best trial: 175. Best value: 2367.04:  25%|██▌       | 254/1000 [07:53<15:56,  1.28s/it]Best trial: 175. Best value: 2367.04:  25%|██▌       | 254/1000 [07:53<15:56,  1.28s/it]Best trial: 175. Best value: 2367.04:  26%|██▌       | 255/1000 [07:53<15:57,  1.29s/it]                                                                                        Best trial: 175. Best value: 2367.04:  26%|██▌       | 255/1000 [07:54<15:57,  1.29s/it]Best trial: 175. Best value: 2367.04:  26%|██▌       | 255/1000 [07:54<15:57,  1.29s/it]Best trial: 175. Best value: 2367.04:  26%|██▌       | 256/1000 [07:54<15:55,  1.28s/it]                                                                                        Best trial: 175. Best value: 2367.04:  26%|██▌       | 256/1000 [07:55<15:55,  1.28s/it]Best trial: 175. Best value: 2367.04:  26%|██▌       | 256/1000 [07:55<15:55,  1.28s/it]Best trial: 175. Best value: 2367.04:  26%|██▌       | 257/1000 [07:55<15:50,  1.28s/it]                                                                                        Best trial: 175. Best value: 2367.04:  26%|██▌       | 257/1000 [07:56<15:50,  1.28s/it]Best trial: 175. Best value: 2367.04:  26%|██▌       | 257/1000 [07:56<15:50,  1.28s/it]Best trial: 175. Best value: 2367.04:  26%|██▌       | 258/1000 [07:56<15:50,  1.28s/it]                                                                                        Best trial: 175. Best value: 2367.04:  26%|██▌       | 258/1000 [07:58<15:50,  1.28s/it]Best trial: 175. Best value: 2367.04:  26%|██▌       | 258/1000 [07:58<15:50,  1.28s/it]Best trial: 175. Best value: 2367.04:  26%|██▌       | 259/1000 [07:58<15:37,  1.27s/it]                                                                                        Best trial: 175. Best value: 2367.04:  26%|██▌       | 259/1000 [07:59<15:37,  1.27s/it]Best trial: 175. Best value: 2367.04:  26%|██▌       | 259/1000 [07:59<15:37,  1.27s/it]Best trial: 175. Best value: 2367.04:  26%|██▌       | 260/1000 [07:59<15:31,  1.26s/it]                                                                                        Best trial: 175. Best value: 2367.04:  26%|██▌       | 260/1000 [08:00<15:31,  1.26s/it]Best trial: 175. Best value: 2367.04:  26%|██▌       | 260/1000 [08:00<15:31,  1.26s/it]Best trial: 175. Best value: 2367.04:  26%|██▌       | 261/1000 [08:00<15:26,  1.25s/it]                                                                                        Best trial: 175. Best value: 2367.04:  26%|██▌       | 261/1000 [08:01<15:26,  1.25s/it]Best trial: 175. Best value: 2367.04:  26%|██▌       | 261/1000 [08:01<15:26,  1.25s/it]Best trial: 175. Best value: 2367.04:  26%|██▌       | 262/1000 [08:01<15:33,  1.27s/it]                                                                                        Best trial: 175. Best value: 2367.04:  26%|██▌       | 262/1000 [08:03<15:33,  1.27s/it]Best trial: 175. Best value: 2367.04:  26%|██▌       | 262/1000 [08:03<15:33,  1.27s/it]Best trial: 175. Best value: 2367.04:  26%|██▋       | 263/1000 [08:03<15:34,  1.27s/it]                                                                                        Best trial: 175. Best value: 2367.04:  26%|██▋       | 263/1000 [08:04<15:34,  1.27s/it]Best trial: 175. Best value: 2367.04:  26%|██▋       | 263/1000 [08:04<15:34,  1.27s/it]Best trial: 175. Best value: 2367.04:  26%|██▋       | 264/1000 [08:04<15:32,  1.27s/it]                                                                                        Best trial: 175. Best value: 2367.04:  26%|██▋       | 264/1000 [08:05<15:32,  1.27s/it]Best trial: 175. Best value: 2367.04:  26%|██▋       | 264/1000 [08:05<15:32,  1.27s/it]Best trial: 175. Best value: 2367.04:  26%|██▋       | 265/1000 [08:05<15:35,  1.27s/it]                                                                                        Best trial: 175. Best value: 2367.04:  26%|██▋       | 265/1000 [08:06<15:35,  1.27s/it]Best trial: 175. Best value: 2367.04:  26%|██▋       | 265/1000 [08:06<15:35,  1.27s/it]Best trial: 175. Best value: 2367.04:  27%|██▋       | 266/1000 [08:06<15:37,  1.28s/it]                                                                                        Best trial: 175. Best value: 2367.04:  27%|██▋       | 266/1000 [08:08<15:37,  1.28s/it]Best trial: 175. Best value: 2367.04:  27%|██▋       | 266/1000 [08:08<15:37,  1.28s/it]Best trial: 175. Best value: 2367.04:  27%|██▋       | 267/1000 [08:08<15:25,  1.26s/it]                                                                                        Best trial: 175. Best value: 2367.04:  27%|██▋       | 267/1000 [08:09<15:25,  1.26s/it]Best trial: 175. Best value: 2367.04:  27%|██▋       | 267/1000 [08:09<15:25,  1.26s/it]Best trial: 175. Best value: 2367.04:  27%|██▋       | 268/1000 [08:09<15:19,  1.26s/it]                                                                                        Best trial: 175. Best value: 2367.04:  27%|██▋       | 268/1000 [08:10<15:19,  1.26s/it]Best trial: 175. Best value: 2367.04:  27%|██▋       | 268/1000 [08:10<15:19,  1.26s/it]Best trial: 175. Best value: 2367.04:  27%|██▋       | 269/1000 [08:10<15:15,  1.25s/it]                                                                                        Best trial: 175. Best value: 2367.04:  27%|██▋       | 269/1000 [08:12<15:15,  1.25s/it]Best trial: 175. Best value: 2367.04:  27%|██▋       | 269/1000 [08:12<15:15,  1.25s/it]Best trial: 175. Best value: 2367.04:  27%|██▋       | 270/1000 [08:12<15:27,  1.27s/it]                                                                                        Best trial: 175. Best value: 2367.04:  27%|██▋       | 270/1000 [08:13<15:27,  1.27s/it]Best trial: 175. Best value: 2367.04:  27%|██▋       | 270/1000 [08:13<15:27,  1.27s/it]Best trial: 175. Best value: 2367.04:  27%|██▋       | 271/1000 [08:13<15:32,  1.28s/it]                                                                                        
[I 2026-03-31 17:29:44,816] Trial 255 finished with value: 2494.6456077662588 and parameters: {'alpha_0': 0.0009176154838855269, 'alpha_1': 5.778441070099539e-05, 'alpha_2': 6.600295482974715e-05, 'beta_0': 0.3531647499002427, 'beta_1': 1.0878272461361005, 'beta_2': 0.10816738569170967, 'beta_3': 0.0017089331412283196, 'beta_4': 0.8174487647632764, 'beta_5': 62.894924271926094, 'beta_6': 0.03554956233588234, 'beta_7': 0.030729863996794338}. Best is trial 175 with value: 2367.0380894697555.
[I 2026-03-31 17:29:46,085] Trial 256 finished with value: 2375.149015862992 and parameters: {'alpha_0': 0.0008712964765940151, 'alpha_1': 6.015877566249908e-05, 'alpha_2': 6.0289217766394e-05, 'beta_0': 0.34059438370594547, 'beta_1': 1.0306122633799584, 'beta_2': 0.15054215723667513, 'beta_3': 0.0017989864724718286, 'beta_4': 0.7814385238194645, 'beta_5': 58.270391957021964, 'beta_6': 0.027485805149498877, 'beta_7': 0.03183105867960796}. Best is trial 175 with value: 2367.0380894697555.
[I 2026-03-31 17:29:47,368] Trial 257 finished with value: 2617.2948008611793 and parameters: {'alpha_0': 0.0008776353095554061, 'alpha_1': 6.0653928918348536e-05, 'alpha_2': 6.025076447968985e-05, 'beta_0': 0.34173490001433005, 'beta_1': 1.0471456926223102, 'beta_2': 0.1530793352728119, 'beta_3': 0.0017816835055230451, 'beta_4': 0.7833914095086261, 'beta_5': 57.650923654643044, 'beta_6': 0.024940812158793395, 'beta_7': 0.033063583009174405}. Best is trial 175 with value: 2367.0380894697555.
[I 2026-03-31 17:29:48,597] Trial 258 finished with value: 2545.286651397009 and parameters: {'alpha_0': 0.0008501833940758994, 'alpha_1': 5.375053451750304e-05, 'alpha_2': 6.83586720936617e-05, 'beta_0': 0.3472977650350439, 'beta_1': 0.9830570435128848, 'beta_2': 0.1463760433398119, 'beta_3': 0.0018053477605594103, 'beta_4': 0.8044257484512322, 'beta_5': 53.07008811693456, 'beta_6': 0.020421449599032884, 'beta_7': 0.03223216861891522}. Best is trial 175 with value: 2367.0380894697555.
[I 2026-03-31 17:29:49,840] Trial 259 finished with value: 2448.262609855671 and parameters: {'alpha_0': 0.0009135297588684487, 'alpha_1': 5.5636465171319745e-05, 'alpha_2': 5.952572940958873e-05, 'beta_0': 0.33707392835006234, 'beta_1': 1.0215034063977169, 'beta_2': 0.1468882383537665, 'beta_3': 0.0017418185925398841, 'beta_4': 0.7903826133692662, 'beta_5': 61.183901042216604, 'beta_6': 0.027451084741106087, 'beta_7': 0.031488187185191474}. Best is trial 175 with value: 2367.0380894697555.
[I 2026-03-31 17:29:51,083] Trial 260 finished with value: 2805.6498855552254 and parameters: {'alpha_0': 0.0009040067532967619, 'alpha_1': 5.6629020561442613e-05, 'alpha_2': 5.91927019675258e-05, 'beta_0': 0.3682210089283315, 'beta_1': 1.018887800692878, 'beta_2': 0.15929535655930685, 'beta_3': 0.001793771607466102, 'beta_4': 0.7871943806009678, 'beta_5': 63.33255575491561, 'beta_6': 0.02325026510378412, 'beta_7': 0.032392771421761384}. Best is trial 175 with value: 2367.0380894697555.
[I 2026-03-31 17:29:52,376] Trial 261 finished with value: 2573.3139551553813 and parameters: {'alpha_0': 0.0009343798991032773, 'alpha_1': 5.5522719426324416e-05, 'alpha_2': 6.045858105564277e-05, 'beta_0': 0.3390511819764628, 'beta_1': 1.0328302113396357, 'beta_2': 0.1459425945078425, 'beta_3': 0.0016516071835981144, 'beta_4': 0.7965170214100101, 'beta_5': 61.295602369119464, 'beta_6': 0.027317475977774886, 'beta_7': 0.030783585299738295}. Best is trial 175 with value: 2367.0380894697555.
[I 2026-03-31 17:29:53,652] Trial 262 finished with value: 2600.126506299309 and parameters: {'alpha_0': 0.0008673023032684715, 'alpha_1': 6.29400355044779e-05, 'alpha_2': 6.246434883360469e-05, 'beta_0': 0.32335746430938794, 'beta_1': 1.0197090555531578, 'beta_2': 0.15271888759955454, 'beta_3': 0.0017349692981120672, 'beta_4': 0.7755427861261247, 'beta_5': 60.260818439942895, 'beta_6': 0.02798367340938821, 'beta_7': 0.033566775382405906}. Best is trial 175 with value: 2367.0380894697555.
[I 2026-03-31 17:29:54,914] Trial 263 finished with value: 2490.167038376866 and parameters: {'alpha_0': 0.0010229940734251305, 'alpha_1': 6.0223622203810815e-05, 'alpha_2': 5.7741337571968115e-05, 'beta_0': 0.3573973568186455, 'beta_1': 1.0270115117980425, 'beta_2': 0.14001034741295715, 'beta_3': 0.0018353983093559623, 'beta_4': 0.7595794415455329, 'beta_5': 62.64496495998038, 'beta_6': 0.02540094326944983, 'beta_7': 0.031825779203873285}. Best is trial 175 with value: 2367.0380894697555.
[I 2026-03-31 17:29:56,202] Trial 264 finished with value: 2537.2589415748266 and parameters: {'alpha_0': 0.0008468346418856798, 'alpha_1': 5.281698175559207e-05, 'alpha_2': 5.516780508457614e-05, 'beta_0': 0.3374337357116575, 'beta_1': 1.0344327476760429, 'beta_2': 0.1605246870670482, 'beta_3': 0.0012132538872411452, 'beta_4': 0.8115926871769709, 'beta_5': 64.55287460024158, 'beta_6': 0.029444663879726028, 'beta_7': 0.031179882000932843}. Best is trial 175 with value: 2367.0380894697555.
[I 2026-03-31 17:29:57,491] Trial 265 finished with value: 2662.5561619618256 and parameters: {'alpha_0': 0.0009078829159810633, 'alpha_1': 5.718510831752149e-05, 'alpha_2': 6.004939536490891e-05, 'beta_0': 0.31547670670263145, 'beta_1': 1.0119513619910656, 'beta_2': 0.13274340571017665, 'beta_3': 0.0017178797622168721, 'beta_4': 0.7892040670397348, 'beta_5': 67.24863305401888, 'beta_6': 0.03236366545864089, 'beta_7': 0.03292016487346476}. Best is trial 175 with value: 2367.0380894697555.
[I 2026-03-31 17:29:58,717] Trial 266 finished with value: 2374.596223483902 and parameters: {'alpha_0': 0.001068871958178415, 'alpha_1': 5.459080836140573e-05, 'alpha_2': 6.215672221136277e-05, 'beta_0': 0.33338240606248704, 'beta_1': 1.084345640726442, 'beta_2': 0.14683345446216756, 'beta_3': 0.0016606940383363355, 'beta_4': 0.777902908205226, 'beta_5': 60.51368691392925, 'beta_6': 0.021978967918185436, 'beta_7': 0.031945717961100226}. Best is trial 175 with value: 2367.0380894697555.
[I 2026-03-31 17:29:59,959] Trial 267 finished with value: 2521.1310256031315 and parameters: {'alpha_0': 0.001062690211647799, 'alpha_1': 5.4862095515227825e-05, 'alpha_2': 6.155053690144947e-05, 'beta_0': 0.35336030799225526, 'beta_1': 1.0958639749806505, 'beta_2': 0.14926275337523498, 'beta_3': 0.0016553921347420585, 'beta_4': 0.7738789758163881, 'beta_5': 60.065076263936035, 'beta_6': 0.02678309973880281, 'beta_7': 0.032086597509135915}. Best is trial 175 with value: 2367.0380894697555.
[I 2026-03-31 17:30:01,204] Trial 268 finished with value: 2728.707706313501 and parameters: {'alpha_0': 0.0009884261196356362, 'alpha_1': 5.264292376386868e-05, 'alpha_2': 6.43495423560551e-05, 'beta_0': 0.3330470614901503, 'beta_1': 0.9890444475576561, 'beta_2': 0.1524967079772213, 'beta_3': 0.0016787351315262927, 'beta_4': 0.7462001418658633, 'beta_5': 58.21420930089815, 'beta_6': 0.02319517872027009, 'beta_7': 0.032475380063580694}. Best is trial 175 with value: 2367.0380894697555.
[I 2026-03-31 17:30:02,515] Trial 269 finished with value: 2501.184868441618 and parameters: {'alpha_0': 0.001142403542258853, 'alpha_1': 5.928843289368332e-05, 'alpha_2': 5.920900549788365e-05, 'beta_0': 0.3401251969617561, 'beta_1': 1.0829124642761885, 'beta_2': 0.1406600259313055, 'beta_3': 0.0016383851020852014, 'beta_4': 0.7614122116222841, 'beta_5': 64.14632741514946, 'beta_6': 0.02032409600406292, 'beta_7': 0.03136023958344101}. Best is trial 175 with value: 2367.0380894697555.
[I 2026-03-31 17:30:03,816] Trial 270 finished with value: 2573.652494913169 and parameters: {'alpha_0': 0.0011903639175894483, 'alpha_1': 5.646850511556997e-05, 'alpha_2': 6.288104176340049e-05, 'beta_0': 0.32666368924806793, 'beta_1': 1.071400934934319, 'beta_2': 0.1649998935142585, 'beta_3': 0.0017440513627642487, 'beta_4': 0.7854513615416884, 'beta_5': 61.31985445603671, 'beta_6': 0.029606115191981, 'beta_7': 0.030680444185172663}. Best is trial 175 with value: 2367.0380894697555.
