[I 2026-03-31 17:34:30,371] Trial 444 finished with value: 2715.7575703383322 and parameters: {'alpha_0': 0.0009869800412529663, 'alpha_1': 5.376541927002691e-05, 'alpha_2': 5.9080160514334724e-05, 'beta_0': 0.3638583684565286, 'beta_1': 1.059529732904893, 'beta_2': 0.10945318459791444, 'beta_3': 0.001713616992880898, 'beta_4': 0.8018914546384508, 'beta_5': 61.28945240548816, 'beta_6': 0.021622626116774152, 'beta_7': 0.036071977092293275}. Best is trial 175 with value: 2367.0380894697555.
[I 2026-03-31 17:34:31,623] Trial 445 finished with value: 3948.7881709250532 and parameters: {'alpha_0': 0.0009084702647487392, 'alpha_1': 5.9855948869796784e-05, 'alpha_2': 6.755503880722295e-05, 'beta_0': 0.3492788040221279, 'beta_1': 1.4289729878798663, 'beta_2': 0.12780045661873474, 'beta_3': 0.0016254673859794277, 'beta_4': 0.732107810961456, 'beta_5': 86.77706583671451, 'beta_6': 0.03322883138997704, 'beta_7': 0.0327345825368937}. Best is trial 175 with value: 2367.0380894697555.
[I 2026-03-31 17:34:32,896] Trial 446 finished with value: 2694.6267584487987 and parameters: {'alpha_0': 0.0009412441172431125, 'alpha_1': 9.172302812189207e-05, 'alpha_2': 7.183505929658234e-05, 'beta_0': 0.3133223387960841, 'beta_1': 1.3394117853226943, 'beta_2': 0.3571125252518136, 'beta_3': 0.001876408269786356, 'beta_4': 0.8349043575052116, 'beta_5': 57.84055036047831, 'beta_6': 0.027833861080263787, 'beta_7': 0.0334496431816599}. Best is trial 175 with value: 2367.0380894697555.
[I 2026-03-31 17:34:34,159] Trial 447 finished with value: 2466.5633788537007 and parameters: {'alpha_0': 0.001045700644445396, 'alpha_1': 5.551616387381978e-05, 'alpha_2': 6.416780897597648e-05, 'beta_0': 0.34026021727531736, 'beta_1': 1.033783820665328, 'beta_2': 0.14833121866070878, 'beta_3': 0.001772385574553766, 'beta_4': 0.7688446564513655, 'beta_5': 99.0828826493083, 'beta_6': 0.0370958326682882, 'beta_7': 0.03159290713803302}. Best is trial 175 with value: 2367.0380894697555.
[I 2026-03-31 17:34:35,410] Trial 448 finished with value: 2585.7950936480224 and parameters: {'alpha_0': 0.0008651597008304105, 'alpha_1': 6.125002212511057e-05, 'alpha_2': 6.131945123395768e-05, 'beta_0': 0.3224937584307303, 'beta_1': 1.1366928481213083, 'beta_2': 0.1403024171659652, 'beta_3': 0.0016620276668148973, 'beta_4': 0.746838519732778, 'beta_5': 55.26305164851248, 'beta_6': 0.046029898004826104, 'beta_7': 0.03220159224870946}. Best is trial 175 with value: 2367.0380894697555.
[I 2026-03-31 17:34:36,687] Trial 449 finished with value: 2561.2695661041407 and parameters: {'alpha_0': 0.0008043810609683523, 'alpha_1': 5.763574475410779e-05, 'alpha_2': 6.539805665158074e-05, 'beta_0': 0.3572071630836776, 'beta_1': 1.0831110615947814, 'beta_2': 0.16753801186023992, 'beta_3': 0.001719892427267274, 'beta_4': 0.7923935532630761, 'beta_5': 66.39226807341448, 'beta_6': 0.0482033552351596, 'beta_7': 0.03074698740095623}. Best is trial 175 with value: 2367.0380894697555.
[I 2026-03-31 17:34:37,930] Trial 450 finished with value: 2715.181434813893 and parameters: {'alpha_0': 0.0009645982214645132, 'alpha_1': 5.3403606323028043e-05, 'alpha_2': 6.320035484508389e-05, 'beta_0': 0.37143578285674644, 'beta_1': 1.1163825114737553, 'beta_2': 0.32952770652016494, 'beta_3': 0.0018199100717041826, 'beta_4': 0.81137554749178, 'beta_5': 59.64743750978319, 'beta_6': 0.0424178412030417, 'beta_7': 0.03454811088265461}. Best is trial 175 with value: 2367.0380894697555.
[I 2026-03-31 17:34:48,029] Trial 451 finished with value: 7747.553208160605 and parameters: {'alpha_0': 0.0019750966466095003, 'alpha_1': 0.0001242479763069595, 'alpha_2': 6.758843810233217e-05, 'beta_0': 0.33252780560880296, 'beta_1': 1.0471376079030252, 'beta_2': 0.1209948346365282, 'beta_3': 0.0016906084936578402, 'beta_4': 0.7827679576340286, 'beta_5': 62.96104327898341, 'beta_6': 0.03050380159285486, 'beta_7': 0.012620330162283722}. Best is trial 175 with value: 2367.0380894697555.
[I 2026-03-31 17:34:49,536] Trial 452 finished with value: 2892.0988393493053 and parameters: {'alpha_0': 0.0011246759699975297, 'alpha_1': 5.603008406995608e-05, 'alpha_2': 7.420395763278757e-05, 'beta_0': 0.29626535922995145, 'beta_1': 1.0225686327500447, 'beta_2': 0.13369191021047727, 'beta_3': 0.0008073791931329246, 'beta_4': 0.8233156447735271, 'beta_5': 58.01506505637963, 'beta_6': 0.026098313187998684, 'beta_7': 0.02950872287601959}. Best is trial 175 with value: 2367.0380894697555.
[I 2026-03-31 17:34:50,780] Trial 453 finished with value: 2483.861777895764 and parameters: {'alpha_0': 0.0010069218414079668, 'alpha_1': 5.012545403586196e-05, 'alpha_2': 6.971247129857757e-05, 'beta_0': 0.34677539589761547, 'beta_1': 1.100661718705987, 'beta_2': 0.15477414041699072, 'beta_3': 0.0017681973135465078, 'beta_4': 0.7633862103005056, 'beta_5': 68.245760818552, 'beta_6': 0.03495630728776496, 'beta_7': 0.031386098755014566}. Best is trial 175 with value: 2367.0380894697555.
[I 2026-03-31 17:34:52,000] Trial 454 finished with value: 2512.734404494311 and parameters: {'alpha_0': 0.0008933333648596937, 'alpha_1': 6.26319348522461e-05, 'alpha_2': 7.657601060041607e-05, 'beta_0': 0.30928335140541996, 'beta_1': 1.062931777452404, 'beta_2': 0.1152243903379136, 'beta_3': 0.0009740194984431254, 'beta_4': 0.9444901832598471, 'beta_5': 60.34394074837701, 'beta_6': 0.04020095209742567, 'beta_7': 0.03288297827303331}. Best is trial 175 with value: 2367.0380894697555.
[I 2026-03-31 17:34:53,297] Trial 455 finished with value: 2499.011661667959 and parameters: {'alpha_0': 0.0010665778738992333, 'alpha_1': 5.907698761559475e-05, 'alpha_2': 5.795732583330091e-05, 'beta_0': 0.33116496834454284, 'beta_1': 1.385490264922069, 'beta_2': 0.14187041949758716, 'beta_3': 0.0007737061273049463, 'beta_4': 0.8027166583878486, 'beta_5': 52.79167804042902, 'beta_6': 0.03178872817549881, 'beta_7': 0.0321383685163602}. Best is trial 175 with value: 2367.0380894697555.
[I 2026-03-31 17:34:54,684] Trial 456 finished with value: 2760.654074760615 and parameters: {'alpha_0': 0.0009361746754595931, 'alpha_1': 5.2303003389358e-05, 'alpha_2': 6.62714069101763e-05, 'beta_0': 0.3201805880942323, 'beta_1': 1.352517541954473, 'beta_2': 0.12635598856738856, 'beta_3': 0.0019040062051575357, 'beta_4': 0.7165335002950907, 'beta_5': 64.47741141112962, 'beta_6': 0.038478912207336055, 'beta_7': 0.02873758782397805}. Best is trial 175 with value: 2367.0380894697555.
[I 2026-03-31 17:34:55,971] Trial 457 finished with value: 2488.515628411392 and parameters: {'alpha_0': 0.0007609499781165697, 'alpha_1': 5.516732104689225e-05, 'alpha_2': 7.919968794379942e-05, 'beta_0': 0.35494806848340027, 'beta_1': 1.0827498250862218, 'beta_2': 0.17295961817263253, 'beta_3': 0.0016474664142846842, 'beta_4': 0.8483030672392178, 'beta_5': 46.883597605740114, 'beta_6': 0.03394987351469995, 'beta_7': 0.031108342616102472}. Best is trial 175 with value: 2367.0380894697555.
[I 2026-03-31 17:34:57,262] Trial 458 finished with value: 2825.1372405700504 and parameters: {'alpha_0': 0.0008414576686354406, 'alpha_1': 5.773116481791466e-05, 'alpha_2': 6.268517859420084e-05, 'beta_0': 0.3406144999636134, 'beta_1': 0.910022212590939, 'beta_2': 0.10057008164324088, 'beta_3': 0.001724802214337202, 'beta_4': 0.7771312456105428, 'beta_5': 61.72502842752669, 'beta_6': 0.11293491818428135, 'beta_7': 0.03369328617584661}. Best is trial 175 with value: 2367.0380894697555.Best trial: 175. Best value: 2367.04:  46%|████▌     | 458/1000 [13:06<14:37,  1.62s/it]Best trial: 175. Best value: 2367.04:  46%|████▌     | 458/1000 [13:06<14:37,  1.62s/it]Best trial: 175. Best value: 2367.04:  46%|████▌     | 459/1000 [13:06<13:42,  1.52s/it]                                                                                        Best trial: 175. Best value: 2367.04:  46%|████▌     | 459/1000 [13:08<13:42,  1.52s/it]Best trial: 175. Best value: 2367.04:  46%|████▌     | 459/1000 [13:08<13:42,  1.52s/it]Best trial: 175. Best value: 2367.04:  46%|████▌     | 460/1000 [13:08<12:58,  1.44s/it]                                                                                        Best trial: 175. Best value: 2367.04:  46%|████▌     | 460/1000 [13:09<12:58,  1.44s/it]Best trial: 175. Best value: 2367.04:  46%|████▌     | 460/1000 [13:09<12:58,  1.44s/it]Best trial: 175. Best value: 2367.04:  46%|████▌     | 461/1000 [13:09<12:31,  1.39s/it]                                                                                        Best trial: 175. Best value: 2367.04:  46%|████▌     | 461/1000 [13:10<12:31,  1.39s/it]Best trial: 175. Best value: 2367.04:  46%|████▌     | 461/1000 [13:10<12:31,  1.39s/it]Best trial: 175. Best value: 2367.04:  46%|████▌     | 462/1000 [13:10<12:12,  1.36s/it]                                                                                        Best trial: 175. Best value: 2367.04:  46%|████▌     | 462/1000 [13:11<12:12,  1.36s/it]Best trial: 175. Best value: 2367.04:  46%|████▌     | 462/1000 [13:11<12:12,  1.36s/it]Best trial: 175. Best value: 2367.04:  46%|████▋     | 463/1000 [13:11<11:56,  1.33s/it]                                                                                        Best trial: 175. Best value: 2367.04:  46%|████▋     | 463/1000 [13:13<11:56,  1.33s/it]Best trial: 175. Best value: 2367.04:  46%|████▋     | 463/1000 [13:13<11:56,  1.33s/it]Best trial: 175. Best value: 2367.04:  46%|████▋     | 464/1000 [13:13<11:42,  1.31s/it]                                                                                        Best trial: 175. Best value: 2367.04:  46%|████▋     | 464/1000 [13:14<11:42,  1.31s/it]Best trial: 175. Best value: 2367.04:  46%|████▋     | 464/1000 [13:14<11:42,  1.31s/it]Best trial: 175. Best value: 2367.04:  46%|████▋     | 465/1000 [13:14<11:41,  1.31s/it]                                                                                        Best trial: 175. Best value: 2367.04:  46%|████▋     | 465/1000 [13:15<11:41,  1.31s/it]Best trial: 175. Best value: 2367.04:  46%|████▋     | 465/1000 [13:15<11:41,  1.31s/it]Best trial: 175. Best value: 2367.04:  47%|████▋     | 466/1000 [13:15<11:36,  1.30s/it]                                                                                        Best trial: 175. Best value: 2367.04:  47%|████▋     | 466/1000 [13:16<11:36,  1.30s/it]Best trial: 175. Best value: 2367.04:  47%|████▋     | 466/1000 [13:16<11:36,  1.30s/it]Best trial: 175. Best value: 2367.04:  47%|████▋     | 467/1000 [13:16<11:29,  1.29s/it]                                                                                        Best trial: 175. Best value: 2367.04:  47%|████▋     | 467/1000 [13:18<11:29,  1.29s/it]Best trial: 175. Best value: 2367.04:  47%|████▋     | 467/1000 [13:18<11:29,  1.29s/it]Best trial: 175. Best value: 2367.04:  47%|████▋     | 468/1000 [13:18<11:27,  1.29s/it]                                                                                        Best trial: 175. Best value: 2367.04:  47%|████▋     | 468/1000 [13:19<11:27,  1.29s/it]Best trial: 175. Best value: 2367.04:  47%|████▋     | 468/1000 [13:19<11:27,  1.29s/it]Best trial: 175. Best value: 2367.04:  47%|████▋     | 469/1000 [13:19<11:20,  1.28s/it]                                                                                        Best trial: 175. Best value: 2367.04:  47%|████▋     | 469/1000 [13:20<11:20,  1.28s/it]Best trial: 175. Best value: 2367.04:  47%|████▋     | 469/1000 [13:20<11:20,  1.28s/it]Best trial: 175. Best value: 2367.04:  47%|████▋     | 470/1000 [13:20<11:18,  1.28s/it]                                                                                        Best trial: 175. Best value: 2367.04:  47%|████▋     | 470/1000 [13:22<11:18,  1.28s/it]Best trial: 175. Best value: 2367.04:  47%|████▋     | 470/1000 [13:22<11:18,  1.28s/it]Best trial: 175. Best value: 2367.04:  47%|████▋     | 471/1000 [13:22<11:40,  1.32s/it]                                                                                        Best trial: 175. Best value: 2367.04:  47%|████▋     | 471/1000 [13:23<11:40,  1.32s/it]Best trial: 175. Best value: 2367.04:  47%|████▋     | 471/1000 [13:23<11:40,  1.32s/it]Best trial: 175. Best value: 2367.04:  47%|████▋     | 472/1000 [13:23<11:29,  1.31s/it]                                                                                        Best trial: 175. Best value: 2367.04:  47%|████▋     | 472/1000 [13:24<11:29,  1.31s/it]Best trial: 175. Best value: 2367.04:  47%|████▋     | 472/1000 [13:24<11:29,  1.31s/it]Best trial: 175. Best value: 2367.04:  47%|████▋     | 473/1000 [13:24<11:24,  1.30s/it]                                                                                        Best trial: 175. Best value: 2367.04:  47%|████▋     | 473/1000 [13:25<11:24,  1.30s/it]Best trial: 175. Best value: 2367.04:  47%|████▋     | 473/1000 [13:25<11:24,  1.30s/it]Best trial: 175. Best value: 2367.04:  47%|████▋     | 474/1000 [13:25<11:06,  1.27s/it]                                                                                        Best trial: 175. Best value: 2367.04:  47%|████▋     | 474/1000 [13:27<11:06,  1.27s/it]Best trial: 175. Best value: 2367.04:  47%|████▋     | 474/1000 [13:27<11:06,  1.27s/it]Best trial: 175. Best value: 2367.04:  48%|████▊     | 475/1000 [13:27<11:07,  1.27s/it]                                                                                        
[I 2026-03-31 17:34:58,517] Trial 459 finished with value: 2471.1136271194773 and parameters: {'alpha_0': 0.0011551481234787157, 'alpha_1': 6.097248345623835e-05, 'alpha_2': 7.067749012852498e-05, 'beta_0': 0.3641875837417653, 'beta_1': 1.1250769021262812, 'beta_2': 0.15139823794994395, 'beta_3': 0.0015981516664704903, 'beta_4': 0.7476377005519553, 'beta_5': 65.6209596293492, 'beta_6': 0.03628661252745747, 'beta_7': 0.031810607927470355}. Best is trial 175 with value: 2367.0380894697555.
[I 2026-03-31 17:34:59,803] Trial 460 finished with value: 2630.4896637943903 and parameters: {'alpha_0': 0.0010297993789831802, 'alpha_1': 6.42515994549527e-05, 'alpha_2': 6.839545561391605e-05, 'beta_0': 0.30178492279578667, 'beta_1': 1.0965211026636599, 'beta_2': 0.13325462771540755, 'beta_3': 0.0018416254596190316, 'beta_4': 0.9809422577848392, 'beta_5': 55.01659531776724, 'beta_6': 0.029036656214899807, 'beta_7': 0.03045387639236565}. Best is trial 175 with value: 2367.0380894697555.
[I 2026-03-31 17:35:01,085] Trial 461 finished with value: 3925.00940549379 and parameters: {'alpha_0': 0.0009807674070955335, 'alpha_1': 5.436279175122451e-05, 'alpha_2': 6.076678026917451e-05, 'beta_0': 0.2445243680294536, 'beta_1': 1.0704093432467947, 'beta_2': 0.16389592909708559, 'beta_3': 0.0017899752766583532, 'beta_4': 0.788766363582082, 'beta_5': 77.26794888316249, 'beta_6': 0.0328343524502003, 'beta_7': 0.032528513371270405}. Best is trial 175 with value: 2367.0380894697555.
[I 2026-03-31 17:35:02,355] Trial 462 finished with value: 2596.284362103963 and parameters: {'alpha_0': 0.0009059545852632586, 'alpha_1': 5.160235216139345e-05, 'alpha_2': 7.276816512599169e-05, 'beta_0': 0.3245852407512095, 'beta_1': 1.0138305177313136, 'beta_2': 0.12268012796361998, 'beta_3': 0.0017541588860109114, 'beta_4': 0.8145505651818796, 'beta_5': 56.92050411507948, 'beta_6': 0.042091114105652895, 'beta_7': 0.03301121011239631}. Best is trial 175 with value: 2367.0380894697555.
[I 2026-03-31 17:35:03,613] Trial 463 finished with value: 2438.6764320728953 and parameters: {'alpha_0': 0.0008629184498916024, 'alpha_1': 5.690077836754139e-05, 'alpha_2': 6.437343232108833e-05, 'beta_0': 0.3471592513408802, 'beta_1': 1.0485161796113351, 'beta_2': 0.1421462302814108, 'beta_3': 0.001681879817693275, 'beta_4': 0.7686067564338508, 'beta_5': 58.98869207597204, 'beta_6': 0.02373083604743868, 'beta_7': 0.03165471282590551}. Best is trial 175 with value: 2367.0380894697555.
[I 2026-03-31 17:35:04,925] Trial 464 finished with value: 2593.148555942475 and parameters: {'alpha_0': 0.0010902856544693436, 'alpha_1': 6.648346401478332e-05, 'alpha_2': 6.59170781587301e-05, 'beta_0': 0.3110006913154308, 'beta_1': 1.3338219744265198, 'beta_2': 0.11084337108718559, 'beta_3': 0.0007166045561017363, 'beta_4': 0.8352920829144294, 'beta_5': 99.99092512967152, 'beta_6': 0.03751834243814724, 'beta_7': 0.03236359822285351}. Best is trial 175 with value: 2367.0380894697555.
[I 2026-03-31 17:35:06,214] Trial 465 finished with value: 2504.368528882646 and parameters: {'alpha_0': 0.0008100354001433128, 'alpha_1': 5.92971957411638e-05, 'alpha_2': 6.722607344230288e-05, 'beta_0': 0.3360670250181772, 'beta_1': 0.9978329271524357, 'beta_2': 0.345606585006817, 'beta_3': 0.0018663664073789422, 'beta_4': 0.7918874217934264, 'beta_5': 62.4872520728792, 'beta_6': 0.030181036865405787, 'beta_7': 0.03105330847314032}. Best is trial 175 with value: 2367.0380894697555.
[I 2026-03-31 17:35:07,484] Trial 466 finished with value: 2513.276811473398 and parameters: {'alpha_0': 0.000950966192849032, 'alpha_1': 5.395471694707257e-05, 'alpha_2': 6.384949451762844e-05, 'beta_0': 0.37929853288287013, 'beta_1': 1.1141166210599356, 'beta_2': 0.13488454504146205, 'beta_3': 0.0006797394227032128, 'beta_4': 0.7562926007195131, 'beta_5': 63.65512866523506, 'beta_6': 0.03532388349615443, 'beta_7': 0.03186598388974003}. Best is trial 175 with value: 2367.0380894697555.
[I 2026-03-31 17:35:08,773] Trial 467 finished with value: 2799.7008799183227 and parameters: {'alpha_0': 0.0010132809925514235, 'alpha_1': 5.685898207818586e-05, 'alpha_2': 8.430947227806055e-05, 'beta_0': 0.19138143311761435, 'beta_1': 1.0823307602127907, 'beta_2': 0.15240356247030215, 'beta_3': 0.0017140517272323528, 'beta_4': 0.797362038439095, 'beta_5': 60.416576495519195, 'beta_6': 0.04430776624247057, 'beta_7': 0.03331587402012636}. Best is trial 175 with value: 2367.0380894697555.
[I 2026-03-31 17:35:10,031] Trial 468 finished with value: 3919.9907953702827 and parameters: {'alpha_0': 0.0008915805704951648, 'alpha_1': 6.151498589263844e-05, 'alpha_2': 7.551363370681201e-05, 'beta_0': 0.35389342920878936, 'beta_1': 1.3096603069526378, 'beta_2': 0.5164565940462217, 'beta_3': 0.001626275201325305, 'beta_4': 0.8108548369007997, 'beta_5': 70.50583779865764, 'beta_6': 0.040242359860792734, 'beta_7': 0.032678031550616146}. Best is trial 175 with value: 2367.0380894697555.
[I 2026-03-31 17:35:11,308] Trial 469 finished with value: 2482.853546326969 and parameters: {'alpha_0': 0.0010687745959392385, 'alpha_1': 5.149740525167354e-05, 'alpha_2': 6.22092090563978e-05, 'beta_0': 0.29139798910978176, 'beta_1': 1.035108834693824, 'beta_2': 0.24662060246995066, 'beta_3': 0.0013730304948657475, 'beta_4': 0.7385632291945803, 'beta_5': 73.3820650769057, 'beta_6': 0.026736463084014214, 'beta_7': 0.03148457789672542}. Best is trial 175 with value: 2367.0380894697555.
[I 2026-03-31 17:35:12,734] Trial 470 finished with value: 2626.978809198104 and parameters: {'alpha_0': 0.002296804842197614, 'alpha_1': 5.911011436262727e-05, 'alpha_2': 6.868749139085402e-05, 'beta_0': 0.3177896206392129, 'beta_1': 1.065166869977744, 'beta_2': 0.12311619602127458, 'beta_3': 0.0010351557657895976, 'beta_4': 0.7771715979900284, 'beta_5': 56.92594924052567, 'beta_6': 0.03219116491907252, 'beta_7': 0.03022504186275158}. Best is trial 175 with value: 2367.0380894697555.
[I 2026-03-31 17:35:14,000] Trial 471 finished with value: 2625.0716165748136 and parameters: {'alpha_0': 0.0009812874021524413, 'alpha_1': 5.546585804694533e-05, 'alpha_2': 0.00010064081702611068, 'beta_0': 0.3342357862023803, 'beta_1': 1.1452730632685064, 'beta_2': 0.14498971952472905, 'beta_3': 0.0018121951226800048, 'beta_4': 0.8283036730588841, 'beta_5': 66.85693487538059, 'beta_6': 0.03395477731430695, 'beta_7': 0.032318652906329494}. Best is trial 175 with value: 2367.0380894697555.
[I 2026-03-31 17:35:15,282] Trial 472 finished with value: 2670.10662905144 and parameters: {'alpha_0': 0.0009152694908459467, 'alpha_1': 5.3089091142375635e-05, 'alpha_2': 8.791024408969395e-05, 'beta_0': 0.3663758030912664, 'beta_1': 1.096065927678085, 'beta_2': 0.1601663876394585, 'beta_3': 0.0017546757407199062, 'beta_4': 0.8027642784429293, 'beta_5': 58.927275305218494, 'beta_6': 0.03822095873954748, 'beta_7': 0.033819224811683674}. Best is trial 175 with value: 2367.0380894697555.
[I 2026-03-31 17:35:16,475] Trial 473 finished with value: 2819.5405212799533 and parameters: {'alpha_0': 0.0007785963055180623, 'alpha_1': 6.27640732245323e-05, 'alpha_2': 6.465214622541324e-05, 'beta_0': 0.3452935347092749, 'beta_1': 1.047696711783071, 'beta_2': 0.11669854843483973, 'beta_3': 0.001668304403590458, 'beta_4': 0.76896704017963, 'beta_5': 54.75014594054368, 'beta_6': 0.028626205506513486, 'beta_7': 0.038818161627277324}. Best is trial 175 with value: 2367.0380894697555.
[I 2026-03-31 17:35:17,753] Trial 474 finished with value: 2490.9240274469503 and parameters: {'alpha_0': 0.001043253655139697, 'alpha_1': 5.736588298712366e-05, 'alpha_2': 5.975903284879639e-05, 'beta_0': 0.3231990554589518, 'beta_1': 1.359497297655415, 'beta_2': 0.13273004030465554, 'beta_3': 0.0007463705306975126, 'beta_4': 0.7850433764410394, 'beta_5': 61.30457543138761, 'beta_6': 0.03600048250911191, 'beta_7': 0.031087992827867023}. Best is trial 175 with value: 2367.0380894697555.
