[I 2026-03-31 17:27:27,091] Trial 169 finished with value: 2472.678961625466 and parameters: {'alpha_0': 0.0008269653815376372, 'alpha_1': 5.743003070655151e-05, 'alpha_2': 7.172867762572161e-05, 'beta_0': 0.23920606862878116, 'beta_1': 1.1912974596090982, 'beta_2': 0.1647423774368239, 'beta_3': 0.0016667764582508242, 'beta_4': 0.8112014050657966, 'beta_5': 60.630899777276504, 'beta_6': 0.0317035607824498, 'beta_7': 0.03178994286521857}. Best is trial 115 with value: 2383.8325613702136.Best trial: 115. Best value: 2383.83:  17%|█▋        | 169/1000 [05:36<17:47,  1.29s/it]Best trial: 115. Best value: 2383.83:  17%|█▋        | 169/1000 [05:36<17:47,  1.29s/it]Best trial: 115. Best value: 2383.83:  17%|█▋        | 170/1000 [05:36<17:36,  1.27s/it]                                                                                        Best trial: 115. Best value: 2383.83:  17%|█▋        | 170/1000 [05:37<17:36,  1.27s/it]Best trial: 115. Best value: 2383.83:  17%|█▋        | 170/1000 [05:37<17:36,  1.27s/it]Best trial: 115. Best value: 2383.83:  17%|█▋        | 171/1000 [05:37<17:36,  1.27s/it]                                                                                        Best trial: 115. Best value: 2383.83:  17%|█▋        | 171/1000 [05:39<17:36,  1.27s/it]Best trial: 115. Best value: 2383.83:  17%|█▋        | 171/1000 [05:39<17:36,  1.27s/it]Best trial: 115. Best value: 2383.83:  17%|█▋        | 172/1000 [05:39<17:27,  1.26s/it]                                                                                        Best trial: 115. Best value: 2383.83:  17%|█▋        | 172/1000 [05:40<17:27,  1.26s/it]Best trial: 115. Best value: 2383.83:  17%|█▋        | 172/1000 [05:40<17:27,  1.26s/it]Best trial: 115. Best value: 2383.83:  17%|█▋        | 173/1000 [05:40<17:19,  1.26s/it]                                                                                        Best trial: 115. Best value: 2383.83:  17%|█▋        | 173/1000 [05:41<17:19,  1.26s/it]Best trial: 115. Best value: 2383.83:  17%|█▋        | 173/1000 [05:41<17:19,  1.26s/it]Best trial: 115. Best value: 2383.83:  17%|█▋        | 174/1000 [05:41<17:16,  1.26s/it]                                                                                        Best trial: 115. Best value: 2383.83:  17%|█▋        | 174/1000 [05:42<17:16,  1.26s/it]Best trial: 115. Best value: 2383.83:  17%|█▋        | 174/1000 [05:42<17:16,  1.26s/it]Best trial: 115. Best value: 2383.83:  18%|█▊        | 175/1000 [05:42<17:19,  1.26s/it]                                                                                        Best trial: 115. Best value: 2383.83:  18%|█▊        | 175/1000 [05:44<17:19,  1.26s/it]Best trial: 175. Best value: 2367.04:  18%|█▊        | 175/1000 [05:44<17:19,  1.26s/it]Best trial: 175. Best value: 2367.04:  18%|█▊        | 176/1000 [05:44<17:20,  1.26s/it]                                                                                        Best trial: 175. Best value: 2367.04:  18%|█▊        | 176/1000 [05:45<17:20,  1.26s/it]Best trial: 175. Best value: 2367.04:  18%|█▊        | 176/1000 [05:45<17:20,  1.26s/it]Best trial: 175. Best value: 2367.04:  18%|█▊        | 177/1000 [05:45<17:26,  1.27s/it]                                                                                        Best trial: 175. Best value: 2367.04:  18%|█▊        | 177/1000 [05:46<17:26,  1.27s/it]Best trial: 175. Best value: 2367.04:  18%|█▊        | 177/1000 [05:46<17:26,  1.27s/it]Best trial: 175. Best value: 2367.04:  18%|█▊        | 178/1000 [05:46<17:26,  1.27s/it]                                                                                        Best trial: 175. Best value: 2367.04:  18%|█▊        | 178/1000 [05:47<17:26,  1.27s/it]Best trial: 175. Best value: 2367.04:  18%|█▊        | 178/1000 [05:47<17:26,  1.27s/it]Best trial: 175. Best value: 2367.04:  18%|█▊        | 179/1000 [05:47<17:15,  1.26s/it]                                                                                        Best trial: 175. Best value: 2367.04:  18%|█▊        | 179/1000 [05:49<17:15,  1.26s/it]Best trial: 175. Best value: 2367.04:  18%|█▊        | 179/1000 [05:49<17:15,  1.26s/it]Best trial: 175. Best value: 2367.04:  18%|█▊        | 180/1000 [05:49<17:20,  1.27s/it]                                                                                        Best trial: 175. Best value: 2367.04:  18%|█▊        | 180/1000 [05:50<17:20,  1.27s/it]Best trial: 175. Best value: 2367.04:  18%|█▊        | 180/1000 [05:50<17:20,  1.27s/it]Best trial: 175. Best value: 2367.04:  18%|█▊        | 181/1000 [05:50<17:09,  1.26s/it]                                                                                        Best trial: 175. Best value: 2367.04:  18%|█▊        | 181/1000 [05:51<17:09,  1.26s/it]Best trial: 175. Best value: 2367.04:  18%|█▊        | 181/1000 [05:51<17:09,  1.26s/it]Best trial: 175. Best value: 2367.04:  18%|█▊        | 182/1000 [05:51<17:11,  1.26s/it]                                                                                        Best trial: 175. Best value: 2367.04:  18%|█▊        | 182/1000 [05:52<17:11,  1.26s/it]Best trial: 175. Best value: 2367.04:  18%|█▊        | 182/1000 [05:52<17:11,  1.26s/it]Best trial: 175. Best value: 2367.04:  18%|█▊        | 183/1000 [05:52<17:11,  1.26s/it]                                                                                        Best trial: 175. Best value: 2367.04:  18%|█▊        | 183/1000 [05:54<17:11,  1.26s/it]Best trial: 175. Best value: 2367.04:  18%|█▊        | 183/1000 [05:54<17:11,  1.26s/it]Best trial: 175. Best value: 2367.04:  18%|█▊        | 184/1000 [05:54<17:13,  1.27s/it]                                                                                        Best trial: 175. Best value: 2367.04:  18%|█▊        | 184/1000 [05:55<17:13,  1.27s/it]Best trial: 175. Best value: 2367.04:  18%|█▊        | 184/1000 [05:55<17:13,  1.27s/it]Best trial: 175. Best value: 2367.04:  18%|█▊        | 185/1000 [05:55<17:14,  1.27s/it]                                                                                        Best trial: 175. Best value: 2367.04:  18%|█▊        | 185/1000 [05:56<17:14,  1.27s/it]Best trial: 175. Best value: 2367.04:  18%|█▊        | 185/1000 [05:56<17:14,  1.27s/it]Best trial: 175. Best value: 2367.04:  19%|█▊        | 186/1000 [05:56<17:12,  1.27s/it]                                                                                        
[I 2026-03-31 17:27:28,371] Trial 170 finished with value: 2750.774231780487 and parameters: {'alpha_0': 0.0007675416285779546, 'alpha_1': 5.787743016700197e-05, 'alpha_2': 7.107909007320797e-05, 'beta_0': 0.21443339907161346, 'beta_1': 1.3537953068739284, 'beta_2': 0.17841244981333182, 'beta_3': 0.001657420774682215, 'beta_4': 0.7699183059245231, 'beta_5': 60.70482766312361, 'beta_6': 0.060687895810606164, 'beta_7': 0.032545743369944063}. Best is trial 115 with value: 2383.8325613702136.
[I 2026-03-31 17:27:29,613] Trial 171 finished with value: 2482.0353736594016 and parameters: {'alpha_0': 0.0008239287952138532, 'alpha_1': 5.353111549223483e-05, 'alpha_2': 7.378203185311375e-05, 'beta_0': 0.23672205790295364, 'beta_1': 1.1906093852133686, 'beta_2': 0.16008807969570582, 'beta_3': 0.0016899998481424508, 'beta_4': 0.8049344753172968, 'beta_5': 57.413216328692194, 'beta_6': 0.03767158272816124, 'beta_7': 0.03175736730270324}. Best is trial 115 with value: 2383.8325613702136.
[I 2026-03-31 17:27:30,852] Trial 172 finished with value: 2480.5200035253156 and parameters: {'alpha_0': 0.0007856687661732925, 'alpha_1': 5.2057088473815086e-05, 'alpha_2': 6.810137261210686e-05, 'beta_0': 0.2382987397257647, 'beta_1': 1.1886987828523727, 'beta_2': 0.1630070973810794, 'beta_3': 0.0016760639209396143, 'beta_4': 0.8018694080053731, 'beta_5': 63.81567587481333, 'beta_6': 0.031488303465722296, 'beta_7': 0.03215217984969034}. Best is trial 115 with value: 2383.8325613702136.
[I 2026-03-31 17:27:32,103] Trial 173 finished with value: 2467.1320276163133 and parameters: {'alpha_0': 0.0008054006129693912, 'alpha_1': 5.16580656089994e-05, 'alpha_2': 6.756147408449128e-05, 'beta_0': 0.2267903479831611, 'beta_1': 1.1780118879760604, 'beta_2': 0.16896952155225226, 'beta_3': 0.001587979771482046, 'beta_4': 0.7841520855519948, 'beta_5': 64.55699573244958, 'beta_6': 0.03161057544740464, 'beta_7': 0.03222222710396393}. Best is trial 115 with value: 2383.8325613702136.
[I 2026-03-31 17:27:33,375] Trial 174 finished with value: 3038.0189161150374 and parameters: {'alpha_0': 0.0008149212771395499, 'alpha_1': 5.6157322430497115e-05, 'alpha_2': 6.826307048755635e-05, 'beta_0': 0.24847950629761822, 'beta_1': 1.1778467900972673, 'beta_2': 0.16698382515496257, 'beta_3': 0.0015661531537727049, 'beta_4': 0.7811277318578198, 'beta_5': 64.7051143671, 'beta_6': 0.028705923800174442, 'beta_7': 0.032743309217880164}. Best is trial 115 with value: 2383.8325613702136.
[I 2026-03-31 17:27:34,645] Trial 175 finished with value: 2367.0380894697555 and parameters: {'alpha_0': 0.0008488311326979738, 'alpha_1': 5.0064648266592236e-05, 'alpha_2': 6.567556832488838e-05, 'beta_0': 0.23330319242676265, 'beta_1': 1.158028544599862, 'beta_2': 0.15186698769541446, 'beta_3': 0.0016080657898400162, 'beta_4': 0.8161885651813925, 'beta_5': 66.73353513656683, 'beta_6': 0.03217278581200673, 'beta_7': 0.03203637140417102}. Best is trial 175 with value: 2367.0380894697555.
[I 2026-03-31 17:27:35,936] Trial 176 finished with value: 2653.5025345765425 and parameters: {'alpha_0': 0.0008566362708620255, 'alpha_1': 5.0097828164284015e-05, 'alpha_2': 6.43440166630269e-05, 'beta_0': 0.2582792521980804, 'beta_1': 1.1598931874070546, 'beta_2': 0.14999900130604296, 'beta_3': 0.0014702096985298426, 'beta_4': 0.7270151418030565, 'beta_5': 70.07578993813333, 'beta_6': 0.034867819787424974, 'beta_7': 0.033643944893242475}. Best is trial 175 with value: 2367.0380894697555.
[I 2026-03-31 17:27:37,212] Trial 177 finished with value: 2620.573948682595 and parameters: {'alpha_0': 0.0007313005909310346, 'alpha_1': 9.46710486912686e-05, 'alpha_2': 7.140255711112606e-05, 'beta_0': 0.2312823591559127, 'beta_1': 1.1674188378307866, 'beta_2': 0.1765859845545078, 'beta_3': 0.0015911501608389886, 'beta_4': 0.817623140118815, 'beta_5': 67.04086376946871, 'beta_6': 0.031045730702492107, 'beta_7': 0.030482097434108162}. Best is trial 175 with value: 2367.0380894697555.
[I 2026-03-31 17:27:38,446] Trial 178 finished with value: 2497.7015569296414 and parameters: {'alpha_0': 0.0010573873788064865, 'alpha_1': 5.375790395754311e-05, 'alpha_2': 6.969505146809783e-05, 'beta_0': 0.2260620549071135, 'beta_1': 1.205871326410293, 'beta_2': 0.13120396337038093, 'beta_3': 0.0015286658563425338, 'beta_4': 0.8393337413103997, 'beta_5': 62.3270151416526, 'beta_6': 0.032241079670016284, 'beta_7': 0.03219925521673941}. Best is trial 175 with value: 2367.0380894697555.
[I 2026-03-31 17:27:39,733] Trial 179 finished with value: 2617.412676007787 and parameters: {'alpha_0': 0.0009400054725844222, 'alpha_1': 5.7666141187040154e-05, 'alpha_2': 6.641072191122722e-05, 'beta_0': 0.209127135155149, 'beta_1': 1.3415812787590549, 'beta_2': 0.14522014538882166, 'beta_3': 0.0016329735620219715, 'beta_4': 0.7845419392859766, 'beta_5': 66.00660672492803, 'beta_6': 0.03904394735811282, 'beta_7': 0.0332148560850822}. Best is trial 175 with value: 2367.0380894697555.
[I 2026-03-31 17:27:40,962] Trial 180 finished with value: 2451.4309882667158 and parameters: {'alpha_0': 0.0007018047785742844, 'alpha_1': 5.4800409960203226e-05, 'alpha_2': 7.281056253543862e-05, 'beta_0': 0.26919879194373686, 'beta_1': 1.2893432014051696, 'beta_2': 0.13320862558770155, 'beta_3': 0.0016300208471739836, 'beta_4': 0.758272972173057, 'beta_5': 71.8229754990816, 'beta_6': 0.03352228014581712, 'beta_7': 0.031706823740738695}. Best is trial 175 with value: 2367.0380894697555.
[I 2026-03-31 17:27:42,234] Trial 181 finished with value: 2484.0392478610006 and parameters: {'alpha_0': 0.0007136334428771417, 'alpha_1': 5.546016131567491e-05, 'alpha_2': 7.18748436804507e-05, 'beta_0': 0.27474718963830597, 'beta_1': 1.2971635888898374, 'beta_2': 0.13520137002039564, 'beta_3': 0.0016001435187352729, 'beta_4': 0.7645852468200559, 'beta_5': 71.68741095768762, 'beta_6': 0.033798591966329075, 'beta_7': 0.03184225003331289}. Best is trial 175 with value: 2367.0380894697555.
[I 2026-03-31 17:27:43,501] Trial 182 finished with value: 2516.6481074441426 and parameters: {'alpha_0': 0.0007827331895964394, 'alpha_1': 5.212348422614791e-05, 'alpha_2': 7.492674869397809e-05, 'beta_0': 0.26357945609294936, 'beta_1': 1.2789445324869066, 'beta_2': 0.1176977604832337, 'beta_3': 0.001628254590280363, 'beta_4': 0.7547469080575596, 'beta_5': 68.34380963667266, 'beta_6': 0.028827882554595327, 'beta_7': 0.031111587330501525}. Best is trial 175 with value: 2367.0380894697555.
[I 2026-03-31 17:27:44,774] Trial 183 finished with value: 3059.3798393904826 and parameters: {'alpha_0': 0.0006763586171720957, 'alpha_1': 5.479078538150364e-05, 'alpha_2': 7.30566706060149e-05, 'beta_0': 0.28618057745735787, 'beta_1': 1.2634544714213491, 'beta_2': 0.1525443012411168, 'beta_3': 0.0014957308446172793, 'beta_4': 0.8141507209739884, 'beta_5': 60.46303740011855, 'beta_6': 0.036557892388923235, 'beta_7': 0.03273044869763054}. Best is trial 175 with value: 2367.0380894697555.
[I 2026-03-31 17:27:46,051] Trial 184 finished with value: 2526.9237994644545 and parameters: {'alpha_0': 0.0006112029653315361, 'alpha_1': 5.204927152864517e-05, 'alpha_2': 6.913226912879572e-05, 'beta_0': 0.2441771551273748, 'beta_1': 1.1441172448236392, 'beta_2': 0.13726421530429553, 'beta_3': 0.0015651502555824866, 'beta_4': 0.7976179069870775, 'beta_5': 64.58715580839238, 'beta_6': 0.03269393968489841, 'beta_7': 0.030783731112041145}. Best is trial 175 with value: 2367.0380894697555.
[I 2026-03-31 17:27:47,317] Trial 185 finished with value: 2487.4871565437325 and parameters: {'alpha_0': 0.000750338246061198, 'alpha_1': 5.0009473268170505e-05, 'alpha_2': 6.544290312411667e-05, 'beta_0': 0.25638966079446557, 'beta_1': 1.2391791930009952, 'beta_2': 0.12742799276082162, 'beta_3': 0.0016612998736192377, 'beta_4': 0.8303359608705411, 'beta_5': 62.25828417751615, 'beta_6': 0.040608397522829486, 'beta_7': 0.0317888671236979}. Best is trial 175 with value: 2367.0380894697555.
[I 2026-03-31 17:27:48,569] Trial 186 finished with value: 2633.7635908218217 and parameters: {'alpha_0': 0.0008549378620317942, 'alpha_1': 8.902012895509828e-05, 'alpha_2': 8.100370686058703e-05, 'beta_0': 0.2713755110007997, 'beta_1': 1.2166219219107597, 'beta_2': 0.11662657881426979, 'beta_3': 0.0017101007778666329, 'beta_4': 0.7448987723697325, 'beta_5': 75.89502662464754, 'beta_6': 0.023129444376669417, 'beta_7': 0.030157485147414405}. Best is trial 175 with value: 2367.0380894697555.Best trial: 175. Best value: 2367.04:  19%|█▊        | 186/1000 [05:58<17:12,  1.27s/it]Best trial: 175. Best value: 2367.04:  19%|█▊        | 186/1000 [05:58<17:12,  1.27s/it]Best trial: 175. Best value: 2367.04:  19%|█▊        | 187/1000 [05:58<17:07,  1.26s/it]                                                                                        Best trial: 175. Best value: 2367.04:  19%|█▊        | 187/1000 [05:59<17:07,  1.26s/it]Best trial: 175. Best value: 2367.04:  19%|█▊        | 187/1000 [05:59<17:07,  1.26s/it]Best trial: 175. Best value: 2367.04:  19%|█▉        | 188/1000 [05:59<17:12,  1.27s/it]                                                                                        Best trial: 175. Best value: 2367.04:  19%|█▉        | 188/1000 [06:00<17:12,  1.27s/it]Best trial: 175. Best value: 2367.04:  19%|█▉        | 188/1000 [06:00<17:12,  1.27s/it]Best trial: 175. Best value: 2367.04:  19%|█▉        | 189/1000 [06:00<17:05,  1.26s/it]                                                                                        Best trial: 175. Best value: 2367.04:  19%|█▉        | 189/1000 [06:01<17:05,  1.26s/it]Best trial: 175. Best value: 2367.04:  19%|█▉        | 189/1000 [06:01<17:05,  1.26s/it]Best trial: 175. Best value: 2367.04:  19%|█▉        | 190/1000 [06:01<17:08,  1.27s/it]                                                                                        Best trial: 175. Best value: 2367.04:  19%|█▉        | 190/1000 [06:03<17:08,  1.27s/it]Best trial: 175. Best value: 2367.04:  19%|█▉        | 190/1000 [06:03<17:08,  1.27s/it]Best trial: 175. Best value: 2367.04:  19%|█▉        | 191/1000 [06:03<16:59,  1.26s/it]                                                                                        Best trial: 175. Best value: 2367.04:  19%|█▉        | 191/1000 [06:04<16:59,  1.26s/it]Best trial: 175. Best value: 2367.04:  19%|█▉        | 191/1000 [06:04<16:59,  1.26s/it]Best trial: 175. Best value: 2367.04:  19%|█▉        | 192/1000 [06:04<16:57,  1.26s/it]                                                                                        Best trial: 175. Best value: 2367.04:  19%|█▉        | 192/1000 [06:05<16:57,  1.26s/it]Best trial: 175. Best value: 2367.04:  19%|█▉        | 192/1000 [06:05<16:57,  1.26s/it]Best trial: 175. Best value: 2367.04:  19%|█▉        | 193/1000 [06:05<16:49,  1.25s/it]                                                                                        Best trial: 175. Best value: 2367.04:  19%|█▉        | 193/1000 [06:06<16:49,  1.25s/it]Best trial: 175. Best value: 2367.04:  19%|█▉        | 193/1000 [06:06<16:49,  1.25s/it]Best trial: 175. Best value: 2367.04:  19%|█▉        | 194/1000 [06:06<16:55,  1.26s/it]                                                                                        Best trial: 175. Best value: 2367.04:  19%|█▉        | 194/1000 [06:08<16:55,  1.26s/it]Best trial: 175. Best value: 2367.04:  19%|█▉        | 194/1000 [06:08<16:55,  1.26s/it]Best trial: 175. Best value: 2367.04:  20%|█▉        | 195/1000 [06:08<16:46,  1.25s/it]                                                                                        Best trial: 175. Best value: 2367.04:  20%|█▉        | 195/1000 [06:09<16:46,  1.25s/it]Best trial: 175. Best value: 2367.04:  20%|█▉        | 195/1000 [06:09<16:46,  1.25s/it]Best trial: 175. Best value: 2367.04:  20%|█▉        | 196/1000 [06:09<16:49,  1.26s/it]                                                                                        Best trial: 175. Best value: 2367.04:  20%|█▉        | 196/1000 [06:10<16:49,  1.26s/it]Best trial: 175. Best value: 2367.04:  20%|█▉        | 196/1000 [06:10<16:49,  1.26s/it]Best trial: 175. Best value: 2367.04:  20%|█▉        | 197/1000 [06:10<16:57,  1.27s/it]                                                                                        Best trial: 175. Best value: 2367.04:  20%|█▉        | 197/1000 [06:11<16:57,  1.27s/it]Best trial: 175. Best value: 2367.04:  20%|█▉        | 197/1000 [06:11<16:57,  1.27s/it]Best trial: 175. Best value: 2367.04:  20%|█▉        | 198/1000 [06:11<17:09,  1.28s/it]                                                                                        Best trial: 175. Best value: 2367.04:  20%|█▉        | 198/1000 [06:13<17:09,  1.28s/it]Best trial: 175. Best value: 2367.04:  20%|█▉        | 198/1000 [06:13<17:09,  1.28s/it]Best trial: 175. Best value: 2367.04:  20%|█▉        | 199/1000 [06:13<17:03,  1.28s/it]                                                                                        Best trial: 175. Best value: 2367.04:  20%|█▉        | 199/1000 [06:14<17:03,  1.28s/it]Best trial: 175. Best value: 2367.04:  20%|█▉        | 199/1000 [06:14<17:03,  1.28s/it]Best trial: 175. Best value: 2367.04:  20%|██        | 200/1000 [06:14<17:03,  1.28s/it]                                                                                        Best trial: 175. Best value: 2367.04:  20%|██        | 200/1000 [06:15<17:03,  1.28s/it]Best trial: 175. Best value: 2367.04:  20%|██        | 200/1000 [06:15<17:03,  1.28s/it]Best trial: 175. Best value: 2367.04:  20%|██        | 201/1000 [06:15<17:00,  1.28s/it]                                                                                        Best trial: 175. Best value: 2367.04:  20%|██        | 201/1000 [06:17<17:00,  1.28s/it]Best trial: 175. Best value: 2367.04:  20%|██        | 201/1000 [06:17<17:00,  1.28s/it]Best trial: 175. Best value: 2367.04:  20%|██        | 202/1000 [06:17<17:01,  1.28s/it]                                                                                        Best trial: 175. Best value: 2367.04:  20%|██        | 202/1000 [06:18<17:01,  1.28s/it]Best trial: 175. Best value: 2367.04:  20%|██        | 202/1000 [06:18<17:01,  1.28s/it]Best trial: 175. Best value: 2367.04:  20%|██        | 203/1000 [06:18<16:53,  1.27s/it]                                                                                        
[I 2026-03-31 17:27:49,858] Trial 187 finished with value: 2592.509750268774 and parameters: {'alpha_0': 0.0006552382009176644, 'alpha_1': 5.766065181964229e-05, 'alpha_2': 7.285744408391767e-05, 'beta_0': 0.2482695590162357, 'beta_1': 1.198651113632685, 'beta_2': 0.19255066499865964, 'beta_3': 0.001637691255903667, 'beta_4': 0.7794559058680745, 'beta_5': 70.24974206087414, 'beta_6': 0.046296487277357266, 'beta_7': 0.03142648480484666}. Best is trial 175 with value: 2367.0380894697555.
