[I 2026-03-30 20:52:30,899] Trial 168 finished with value: 5732.940562915068 and parameters: {'alpha_0': 0.0012455200004451088, 'alpha_1': 0.0002088954181311112, 'alpha_2': 8.245682263359724e-05, 'beta_0': 0.25121590459548165, 'beta_1': 1.2009797130407946, 'beta_2': 0.9277457529335086, 'beta_3': 0.0005369138798735712, 'beta_4': 1.7922325145573035e-07, 'beta_5': 0.7483179467941479, 'beta_6': 2.790697247231594e-05, 'beta_7': 0.032995076385214914, 'beta_8': 0.006323879282373146, 'beta_9': 4.423866796188572e-05, 'beta_10': 8.866358740553928e-07}. Best is trial 165 with value: 4362.496469131374.Best trial: 165. Best value: 4362.5:  67%|██████▋   | 168/250 [1:15:07<42:15, 30.92s/it]Best trial: 165. Best value: 4362.5:  67%|██████▋   | 168/250 [1:15:07<42:15, 30.92s/it]Best trial: 165. Best value: 4362.5:  68%|██████▊   | 169/250 [1:15:07<41:38, 30.85s/it]                                                                                        Best trial: 165. Best value: 4362.5:  68%|██████▊   | 169/250 [1:15:38<41:38, 30.85s/it]Best trial: 165. Best value: 4362.5:  68%|██████▊   | 169/250 [1:15:38<41:38, 30.85s/it]Best trial: 165. Best value: 4362.5:  68%|██████▊   | 170/250 [1:15:38<41:08, 30.86s/it]                                                                                        Best trial: 165. Best value: 4362.5:  68%|██████▊   | 170/250 [1:16:09<41:08, 30.86s/it]Best trial: 165. Best value: 4362.5:  68%|██████▊   | 170/250 [1:16:09<41:08, 30.86s/it]Best trial: 165. Best value: 4362.5:  68%|██████▊   | 171/250 [1:16:09<40:33, 30.80s/it]                                                                                        Best trial: 165. Best value: 4362.5:  68%|██████▊   | 171/250 [1:16:40<40:33, 30.80s/it]Best trial: 165. Best value: 4362.5:  68%|██████▊   | 171/250 [1:16:40<40:33, 30.80s/it]Best trial: 165. Best value: 4362.5:  69%|██████▉   | 172/250 [1:16:40<39:58, 30.75s/it]                                                                                        Best trial: 165. Best value: 4362.5:  69%|██████▉   | 172/250 [1:17:10<39:58, 30.75s/it]Best trial: 165. Best value: 4362.5:  69%|██████▉   | 172/250 [1:17:10<39:58, 30.75s/it]Best trial: 165. Best value: 4362.5:  69%|██████▉   | 173/250 [1:17:10<39:32, 30.81s/it]                                                                                        Best trial: 165. Best value: 4362.5:  69%|██████▉   | 173/250 [1:17:41<39:32, 30.81s/it]Best trial: 165. Best value: 4362.5:  69%|██████▉   | 173/250 [1:17:41<39:32, 30.81s/it]Best trial: 165. Best value: 4362.5:  70%|██████▉   | 174/250 [1:17:41<38:58, 30.78s/it]                                                                                        Best trial: 165. Best value: 4362.5:  70%|██████▉   | 174/250 [1:17:50<38:58, 30.78s/it]Best trial: 165. Best value: 4362.5:  70%|██████▉   | 174/250 [1:17:50<38:58, 30.78s/it]Best trial: 165. Best value: 4362.5:  70%|███████   | 175/250 [1:17:50<30:23, 24.31s/it]                                                                                        Best trial: 165. Best value: 4362.5:  70%|███████   | 175/250 [1:18:21<30:23, 24.31s/it]Best trial: 165. Best value: 4362.5:  70%|███████   | 175/250 [1:18:21<30:23, 24.31s/it]Best trial: 165. Best value: 4362.5:  70%|███████   | 176/250 [1:18:21<32:18, 26.20s/it]                                                                                        Best trial: 165. Best value: 4362.5:  70%|███████   | 176/250 [1:18:52<32:18, 26.20s/it]Best trial: 165. Best value: 4362.5:  70%|███████   | 176/250 [1:18:52<32:18, 26.20s/it]Best trial: 165. Best value: 4362.5:  71%|███████   | 177/250 [1:18:52<33:37, 27.64s/it]                                                                                        Best trial: 165. Best value: 4362.5:  71%|███████   | 177/250 [1:19:23<33:37, 27.64s/it]Best trial: 165. Best value: 4362.5:  71%|███████   | 177/250 [1:19:23<33:37, 27.64s/it]Best trial: 165. Best value: 4362.5:  71%|███████   | 178/250 [1:19:23<34:13, 28.52s/it]                                                                                        Best trial: 165. Best value: 4362.5:  71%|███████   | 178/250 [1:19:53<34:13, 28.52s/it]Best trial: 165. Best value: 4362.5:  71%|███████   | 178/250 [1:19:53<34:13, 28.52s/it]Best trial: 165. Best value: 4362.5:  72%|███████▏  | 179/250 [1:19:53<34:26, 29.11s/it]                                                                                        Best trial: 165. Best value: 4362.5:  72%|███████▏  | 179/250 [1:20:24<34:26, 29.11s/it]Best trial: 165. Best value: 4362.5:  72%|███████▏  | 179/250 [1:20:24<34:26, 29.11s/it]Best trial: 165. Best value: 4362.5:  72%|███████▏  | 180/250 [1:20:24<34:29, 29.56s/it]                                                                                        Best trial: 165. Best value: 4362.5:  72%|███████▏  | 180/250 [1:20:55<34:29, 29.56s/it]Best trial: 165. Best value: 4362.5:  72%|███████▏  | 180/250 [1:20:55<34:29, 29.56s/it]Best trial: 165. Best value: 4362.5:  72%|███████▏  | 181/250 [1:20:55<34:32, 30.03s/it]                                                                                        Best trial: 165. Best value: 4362.5:  72%|███████▏  | 181/250 [1:21:25<34:32, 30.03s/it]Best trial: 165. Best value: 4362.5:  72%|███████▏  | 181/250 [1:21:25<34:32, 30.03s/it]Best trial: 165. Best value: 4362.5:  73%|███████▎  | 182/250 [1:21:25<34:12, 30.19s/it]                                                                                        
[I 2026-03-30 20:53:01,776] Trial 169 finished with value: 4958.855114791846 and parameters: {'alpha_0': 0.0008010191903471512, 'alpha_1': 0.00021531731324706476, 'alpha_2': 0.00015599736708436516, 'beta_0': 0.23628366001383005, 'beta_1': 1.1862355601455894, 'beta_2': 0.7919031255357071, 'beta_3': 0.0004818965443716128, 'beta_4': 2.240824741464509e-07, 'beta_5': 0.733716210534678, 'beta_6': 2.844219551759029e-05, 'beta_7': 0.03593379543964557, 'beta_8': 0.005532172749021082, 'beta_9': 5.253732340798358e-05, 'beta_10': 7.457300684360007e-07}. Best is trial 165 with value: 4362.496469131374.
[I 2026-03-30 20:53:32,432] Trial 170 finished with value: 4519.648187170429 and parameters: {'alpha_0': 0.0009833841733650922, 'alpha_1': 0.00018325529414630695, 'alpha_2': 0.00011220209839006021, 'beta_0': 0.23057063982291084, 'beta_1': 1.1102815550491245, 'beta_2': 0.8691644375096506, 'beta_3': 0.0005940727464284511, 'beta_4': 1.0121671955513298e-07, 'beta_5': 0.7731888998770544, 'beta_6': 2.7402171335768675e-05, 'beta_7': 0.029600736754930048, 'beta_8': 0.005052134604705131, 'beta_9': 4.728042272898522e-05, 'beta_10': 9.69860763482172e-07}. Best is trial 165 with value: 4362.496469131374.
[I 2026-03-30 20:54:03,078] Trial 171 finished with value: 4747.528873273006 and parameters: {'alpha_0': 0.0009590555564805239, 'alpha_1': 0.0001838513121047346, 'alpha_2': 0.00011272986778159413, 'beta_0': 0.2410270605965971, 'beta_1': 1.1265261025138782, 'beta_2': 0.8799601007508399, 'beta_3': 0.0005806335694852753, 'beta_4': 1.0678975985634269e-07, 'beta_5': 0.7557093812584192, 'beta_6': 2.576181236333365e-05, 'beta_7': 0.031735663077977545, 'beta_8': 0.00530948695959797, 'beta_9': 4.713874480448911e-05, 'beta_10': 9.495271818919676e-07}. Best is trial 165 with value: 4362.496469131374.
[I 2026-03-30 20:54:34,027] Trial 172 finished with value: 4548.761411553694 and parameters: {'alpha_0': 0.0010116105269506168, 'alpha_1': 0.00019162494327526038, 'alpha_2': 0.00010401938350771126, 'beta_0': 0.24775983153583167, 'beta_1': 1.108650451209795, 'beta_2': 0.8490279579457751, 'beta_3': 0.0006280436436978995, 'beta_4': 1.4033274746393088e-07, 'beta_5': 0.7682439899043767, 'beta_6': 2.7686760666507137e-05, 'beta_7': 0.029728841137540558, 'beta_8': 0.00502558839341005, 'beta_9': 5.0283174592231134e-05, 'beta_10': 8.538203118825383e-07}. Best is trial 165 with value: 4362.496469131374.
[I 2026-03-30 20:55:04,718] Trial 173 finished with value: 4507.742704537048 and parameters: {'alpha_0': 0.0010253674070161394, 'alpha_1': 0.0001692798203627378, 'alpha_2': 9.542566619949443e-05, 'beta_0': 0.2454654146012095, 'beta_1': 1.1090688526200112, 'beta_2': 0.8458710343100694, 'beta_3': 0.000628697135995527, 'beta_4': 1.0116428469178834e-07, 'beta_5': 0.7737286893968275, 'beta_6': 2.7829014182456415e-05, 'beta_7': 0.02944766262648841, 'beta_8': 0.005031005326596189, 'beta_9': 5.39855258237629e-05, 'beta_10': 8.54867307214444e-07}. Best is trial 165 with value: 4362.496469131374.
[I 2026-03-30 20:55:13,957] Trial 174 finished with value: 8646.82312544206 and parameters: {'alpha_0': 0.001288737710296785, 'alpha_1': 0.00016975095369588494, 'alpha_2': 9.475919132053108e-05, 'beta_0': 0.2310756910321064, 'beta_1': 1.108871693006776, 'beta_2': 0.8518204113059177, 'beta_3': 0.0006141560729952856, 'beta_4': 1.4987584450111025e-07, 'beta_5': 0.772147114798838, 'beta_6': 2.760695537187877e-05, 'beta_7': 0.029321887533699464, 'beta_8': 0.02035962901685935, 'beta_9': 5.409887057201385e-05, 'beta_10': 9.974770858445164e-07}. Best is trial 165 with value: 4362.496469131374.
[I 2026-03-30 20:55:44,548] Trial 175 finished with value: 5107.447975577854 and parameters: {'alpha_0': 0.0011111009134237822, 'alpha_1': 0.0001728282327393927, 'alpha_2': 0.00010092947845489007, 'beta_0': 0.2470227289477167, 'beta_1': 1.1082532985434677, 'beta_2': 0.8072592236264916, 'beta_3': 0.00041595487372870945, 'beta_4': 1.1980087053384295e-07, 'beta_5': 0.7739808662613438, 'beta_6': 2.806135172359959e-05, 'beta_7': 0.026375277781722307, 'beta_8': 0.005863431848678928, 'beta_9': 5.058915798224444e-05, 'beta_10': 8.592723892113805e-07}. Best is trial 165 with value: 4362.496469131374.
[I 2026-03-30 20:56:15,543] Trial 176 finished with value: 4478.545361546989 and parameters: {'alpha_0': 0.0022173521678313136, 'alpha_1': 0.00018324928245314127, 'alpha_2': 0.00010392587817485174, 'beta_0': 0.23768127147502788, 'beta_1': 1.0885705769651786, 'beta_2': 0.8699796453376766, 'beta_3': 0.0005438142825478996, 'beta_4': 1.7019451308900392e-07, 'beta_5': 0.7611490192274122, 'beta_6': 2.865821713124391e-05, 'beta_7': 0.02997543978028234, 'beta_8': 0.005003972544010277, 'beta_9': 5.5375689880752566e-05, 'beta_10': 9.543985071424876e-07}. Best is trial 165 with value: 4362.496469131374.
[I 2026-03-30 20:56:46,115] Trial 177 finished with value: 4872.9165587132 and parameters: {'alpha_0': 0.0020275302603077403, 'alpha_1': 0.00018077965541586863, 'alpha_2': 0.00010485327712945699, 'beta_0': 0.2388221763136385, 'beta_1': 1.0886911486654658, 'beta_2': 0.8684898810662897, 'beta_3': 0.000524745386112393, 'beta_4': 1.7878777059910422e-07, 'beta_5': 0.7771138525985853, 'beta_6': 2.754510478346329e-05, 'beta_7': 0.030203780569827633, 'beta_8': 0.0054625037887364725, 'beta_9': 5.642803751040589e-05, 'beta_10': 9.270413363025102e-07}. Best is trial 165 with value: 4362.496469131374.
[I 2026-03-30 20:57:16,612] Trial 178 finished with value: 5327.1379328422045 and parameters: {'alpha_0': 0.002528879587904426, 'alpha_1': 0.0001069210970841935, 'alpha_2': 9.654863756052672e-05, 'beta_0': 0.23409560949169148, 'beta_1': 1.0716982696402488, 'beta_2': 0.944363618140108, 'beta_3': 0.0005416095117169273, 'beta_4': 1.0693923992207088e-07, 'beta_5': 0.7564098503201955, 'beta_6': 2.8248763550949807e-05, 'beta_7': 0.028136399662669606, 'beta_8': 0.006101016588395424, 'beta_9': 5.4462085476208754e-05, 'beta_10': 8.952122130648387e-07}. Best is trial 165 with value: 4362.496469131374.
[I 2026-03-30 20:57:47,221] Trial 179 finished with value: 4391.820186100432 and parameters: {'alpha_0': 0.0022114262769090637, 'alpha_1': 0.00017636649286517569, 'alpha_2': 8.80700184190121e-05, 'beta_0': 0.24242597597492596, 'beta_1': 1.1239829904186507, 'beta_2': 0.9017460311129252, 'beta_3': 0.0004740654092500529, 'beta_4': 1.8719982208539728e-07, 'beta_5': 0.7638918895881073, 'beta_6': 2.7882856173911334e-05, 'beta_7': 0.029006469205916652, 'beta_8': 0.005012116274701426, 'beta_9': 5.1448631366956986e-05, 'beta_10': 9.652455856420236e-07}. Best is trial 165 with value: 4362.496469131374.
[I 2026-03-30 20:58:18,359] Trial 180 finished with value: 5061.674174178632 and parameters: {'alpha_0': 0.002333514596440193, 'alpha_1': 0.0001750046113686009, 'alpha_2': 8.669553692431284e-05, 'beta_0': 0.24329336004583293, 'beta_1': 1.1166387803148554, 'beta_2': 0.9095309336923086, 'beta_3': 0.0004600189669013737, 'beta_4': 1.0000883970997949e-07, 'beta_5': 0.7633152030926089, 'beta_6': 2.6855474237716777e-05, 'beta_7': 0.025028235897181256, 'beta_8': 0.0057762402619338325, 'beta_9': 5.142554111929916e-05, 'beta_10': 9.59119118650494e-07}. Best is trial 165 with value: 4362.496469131374.
[I 2026-03-30 20:58:48,910] Trial 181 finished with value: 4664.354332629408 and parameters: {'alpha_0': 0.0022393443176993853, 'alpha_1': 0.00018409589592439235, 'alpha_2': 9.207781198350922e-05, 'beta_0': 0.23793957763717374, 'beta_1': 1.0931966194902079, 'beta_2': 0.9015116736701576, 'beta_3': 0.0004035878062207534, 'beta_4': 1.8296011900442257e-07, 'beta_5': 0.7854361954489248, 'beta_6': 2.7860539348533e-05, 'beta_7': 0.029320108720757677, 'beta_8': 0.005366290739907732, 'beta_9': 5.961395450428483e-05, 'beta_10': 9.66315559445123e-07}. Best is trial 165 with value: 4362.496469131374.
[I 2026-03-30 20:59:19,251] Trial 182 finished with value: 4475.681734337732 and parameters: {'alpha_0': 0.002187594621903779, 'alpha_1': 0.0001677119092346309, 'alpha_2': 0.00010164123268604984, 'beta_0': 0.23132695560809505, 'beta_1': 1.1044428800892463, 'beta_2': 0.8529817705671054, 'beta_3': 0.000497067181822389, 'beta_4': 2.436359841567883e-07, 'beta_5': 0.764100888048884, 'beta_6': 2.8698471507368226e-05, 'beta_7': 0.02708836542277675, 'beta_8': 0.005056017892670951, 'beta_9': 5.375350480301185e-05, 'beta_10': 9.769274848224701e-07}. Best is trial 165 with value: 4362.496469131374.Best trial: 165. Best value: 4362.5:  73%|███████▎  | 182/250 [1:21:56<34:12, 30.19s/it]Best trial: 165. Best value: 4362.5:  73%|███████▎  | 182/250 [1:21:56<34:12, 30.19s/it]Best trial: 165. Best value: 4362.5:  73%|███████▎  | 183/250 [1:21:56<33:45, 30.23s/it]                                                                                        Best trial: 165. Best value: 4362.5:  73%|███████▎  | 183/250 [1:22:26<33:45, 30.23s/it]Best trial: 165. Best value: 4362.5:  73%|███████▎  | 183/250 [1:22:26<33:45, 30.23s/it]Best trial: 165. Best value: 4362.5:  74%|███████▎  | 184/250 [1:22:26<33:22, 30.34s/it]                                                                                        Best trial: 165. Best value: 4362.5:  74%|███████▎  | 184/250 [1:22:57<33:22, 30.34s/it]Best trial: 165. Best value: 4362.5:  74%|███████▎  | 184/250 [1:22:57<33:22, 30.34s/it]Best trial: 165. Best value: 4362.5:  74%|███████▍  | 185/250 [1:22:57<33:03, 30.52s/it]                                                                                        Best trial: 165. Best value: 4362.5:  74%|███████▍  | 185/250 [1:23:28<33:03, 30.52s/it]Best trial: 165. Best value: 4362.5:  74%|███████▍  | 185/250 [1:23:28<33:03, 30.52s/it]Best trial: 165. Best value: 4362.5:  74%|███████▍  | 186/250 [1:23:28<32:44, 30.69s/it]                                                                                        Best trial: 165. Best value: 4362.5:  74%|███████▍  | 186/250 [1:23:59<32:44, 30.69s/it]Best trial: 165. Best value: 4362.5:  74%|███████▍  | 186/250 [1:23:59<32:44, 30.69s/it]Best trial: 165. Best value: 4362.5:  75%|███████▍  | 187/250 [1:23:59<32:14, 30.71s/it]                                                                                        Best trial: 165. Best value: 4362.5:  75%|███████▍  | 187/250 [1:24:30<32:14, 30.71s/it]Best trial: 165. Best value: 4362.5:  75%|███████▍  | 187/250 [1:24:30<32:14, 30.71s/it]Best trial: 165. Best value: 4362.5:  75%|███████▌  | 188/250 [1:24:30<31:45, 30.74s/it]                                                                                        Best trial: 165. Best value: 4362.5:  75%|███████▌  | 188/250 [1:25:01<31:45, 30.74s/it]Best trial: 165. Best value: 4362.5:  75%|███████▌  | 188/250 [1:25:01<31:45, 30.74s/it]Best trial: 165. Best value: 4362.5:  76%|███████▌  | 189/250 [1:25:01<31:23, 30.88s/it]                                                                                        Best trial: 165. Best value: 4362.5:  76%|███████▌  | 189/250 [1:25:32<31:23, 30.88s/it]Best trial: 165. Best value: 4362.5:  76%|███████▌  | 189/250 [1:25:32<31:23, 30.88s/it]Best trial: 165. Best value: 4362.5:  76%|███████▌  | 190/250 [1:25:32<30:57, 30.96s/it]                                                                                        Best trial: 165. Best value: 4362.5:  76%|███████▌  | 190/250 [1:26:02<30:57, 30.96s/it]Best trial: 165. Best value: 4362.5:  76%|███████▌  | 190/250 [1:26:02<30:57, 30.96s/it]Best trial: 165. Best value: 4362.5:  76%|███████▋  | 191/250 [1:26:02<30:13, 30.73s/it]                                                                                        Best trial: 165. Best value: 4362.5:  76%|███████▋  | 191/250 [1:26:33<30:13, 30.73s/it]Best trial: 165. Best value: 4362.5:  76%|███████▋  | 191/250 [1:26:33<30:13, 30.73s/it]Best trial: 165. Best value: 4362.5:  77%|███████▋  | 192/250 [1:26:33<29:37, 30.65s/it]                                                                                        Best trial: 165. Best value: 4362.5:  77%|███████▋  | 192/250 [1:27:03<29:37, 30.65s/it]Best trial: 165. Best value: 4362.5:  77%|███████▋  | 192/250 [1:27:03<29:37, 30.65s/it]Best trial: 165. Best value: 4362.5:  77%|███████▋  | 193/250 [1:27:03<29:02, 30.56s/it]                                                                                        Best trial: 165. Best value: 4362.5:  77%|███████▋  | 193/250 [1:27:34<29:02, 30.56s/it]Best trial: 193. Best value: 4344.58:  77%|███████▋  | 193/250 [1:27:34<29:02, 30.56s/it]Best trial: 193. Best value: 4344.58:  78%|███████▊  | 194/250 [1:27:34<28:34, 30.62s/it]                                                                                         Best trial: 193. Best value: 4344.58:  78%|███████▊  | 194/250 [1:28:05<28:34, 30.62s/it]Best trial: 193. Best value: 4344.58:  78%|███████▊  | 194/250 [1:28:05<28:34, 30.62s/it]Best trial: 193. Best value: 4344.58:  78%|███████▊  | 195/250 [1:28:05<28:05, 30.65s/it]                                                                                         Best trial: 193. Best value: 4344.58:  78%|███████▊  | 195/250 [1:28:35<28:05, 30.65s/it]Best trial: 193. Best value: 4344.58:  78%|███████▊  | 195/250 [1:28:35<28:05, 30.65s/it]Best trial: 193. Best value: 4344.58:  78%|███████▊  | 196/250 [1:28:35<27:26, 30.49s/it]                                                                                         
[I 2026-03-30 20:59:49,823] Trial 183 finished with value: 4756.467491509294 and parameters: {'alpha_0': 0.002126843636987649, 'alpha_1': 0.0001546755897228344, 'alpha_2': 0.00010015686593999508, 'beta_0': 0.23759421198283812, 'beta_1': 1.1019152149218228, 'beta_2': 0.885265816119963, 'beta_3': 0.0004997185333966209, 'beta_4': 2.460200684856441e-07, 'beta_5': 0.7663306387600629, 'beta_6': 2.8661114240724718e-05, 'beta_7': 0.027746676057245657, 'beta_8': 0.005401580119792944, 'beta_9': 5.5171993327977866e-05, 'beta_10': 9.462219488573267e-07}. Best is trial 165 with value: 4362.496469131374.
[I 2026-03-30 21:00:20,765] Trial 184 finished with value: 4470.7614431770835 and parameters: {'alpha_0': 0.0021842252652662093, 'alpha_1': 0.000170490783489931, 'alpha_2': 0.00010402644609900318, 'beta_0': 0.23534965452802967, 'beta_1': 1.1260752902584037, 'beta_2': 0.8545869768991741, 'beta_3': 0.0005782298531756629, 'beta_4': 1.4951573488475915e-07, 'beta_5': 0.7477930998647658, 'beta_6': 2.7357129305498284e-05, 'beta_7': 0.02691384062846553, 'beta_8': 0.005006880869412795, 'beta_9': 5.7543410073015686e-05, 'beta_10': 9.770371217210974e-07}. Best is trial 165 with value: 4362.496469131374.
[I 2026-03-30 21:00:51,851] Trial 185 finished with value: 5068.630416135648 and parameters: {'alpha_0': 0.0024036519243234426, 'alpha_1': 0.0001664609055393265, 'alpha_2': 9.522594000234846e-05, 'beta_0': 0.232317977525858, 'beta_1': 1.1256754905849529, 'beta_2': 0.9196531671466113, 'beta_3': 0.0005796166624049995, 'beta_4': 1.4808407725848942e-07, 'beta_5': 0.7782935026611183, 'beta_6': 2.721027314811724e-05, 'beta_7': 0.027133335530015325, 'beta_8': 0.00567624665210578, 'beta_9': 5.777177813164864e-05, 'beta_10': 9.772234894498756e-07}. Best is trial 165 with value: 4362.496469131374.
[I 2026-03-30 21:01:22,610] Trial 186 finished with value: 4376.667050152903 and parameters: {'alpha_0': 0.0021983291623047783, 'alpha_1': 0.0001681793388899498, 'alpha_2': 0.00010564328211609, 'beta_0': 0.24809239081317383, 'beta_1': 1.0845395610922006, 'beta_2': 0.8600497567645929, 'beta_3': 0.0004673409141535967, 'beta_4': 2.019076920884098e-07, 'beta_5': 0.7534948215137599, 'beta_6': 2.8420488380799735e-05, 'beta_7': 0.026457364608252716, 'beta_8': 0.005018044772445291, 'beta_9': 5.0035414487421684e-05, 'beta_10': 9.803740672036776e-07}. Best is trial 165 with value: 4362.496469131374.
[I 2026-03-30 21:01:53,426] Trial 187 finished with value: 5384.628332150734 and parameters: {'alpha_0': 0.002161482760514315, 'alpha_1': 0.00014880768635069507, 'alpha_2': 0.00010565760156433297, 'beta_0': 0.24395075052045087, 'beta_1': 1.063663628761733, 'beta_2': 0.8671583996977941, 'beta_3': 0.0004701613108187552, 'beta_4': 1.6717701751864182e-07, 'beta_5': 0.7465288376242509, 'beta_6': 2.813336654127567e-05, 'beta_7': 0.026088529945035403, 'beta_8': 0.006125318681122105, 'beta_9': 5.220305759249605e-05, 'beta_10': 9.786495878858317e-07}. Best is trial 165 with value: 4362.496469131374.
