[I 2026-03-30 20:21:13,241] Trial 104 finished with value: 4628.5594619790045 and parameters: {'alpha_0': 0.0008672636588684202, 'alpha_1': 0.00019811995407763213, 'alpha_2': 0.00011733493757492682, 'beta_0': 0.2626332036048409, 'beta_1': 1.1550159772437123, 'beta_2': 0.830995103185473, 'beta_3': 0.00070221560269198, 'beta_4': 1.4710743335918038e-07, 'beta_5': 0.7218953330282969, 'beta_6': 2.8806941848144423e-05, 'beta_7': 0.03159140452817662, 'beta_8': 0.00502672756264695, 'beta_9': 4.318907977900779e-05, 'beta_10': 8.123297951793844e-07}. Best is trial 101 with value: 4532.314108912247.
[I 2026-03-30 20:21:43,994] Trial 105 finished with value: 4725.933356594696 and parameters: {'alpha_0': 0.0007003075260191671, 'alpha_1': 0.00019870512474450585, 'alpha_2': 0.00010846197810055135, 'beta_0': 0.2672669580613819, 'beta_1': 1.156291441411254, 'beta_2': 0.8251954533160294, 'beta_3': 0.0006894431809986431, 'beta_4': 3.056728044907907e-07, 'beta_5': 0.695467760618229, 'beta_6': 2.9208093801412613e-05, 'beta_7': 0.03184197530859228, 'beta_8': 0.005073219546150337, 'beta_9': 3.892272915746333e-05, 'beta_10': 8.339413120341578e-07}. Best is trial 101 with value: 4532.314108912247.
[I 2026-03-30 20:22:14,546] Trial 106 finished with value: 5837.489228288934 and parameters: {'alpha_0': 0.0007179525536537603, 'alpha_1': 0.00019810049503972058, 'alpha_2': 0.00011278516909155562, 'beta_0': 0.26781831064926653, 'beta_1': 1.1430142421707525, 'beta_2': 0.8354140033826303, 'beta_3': 0.0007351493097420515, 'beta_4': 3.0884725752363843e-07, 'beta_5': 0.6501949993927205, 'beta_6': 2.910505443721916e-05, 'beta_7': 0.03158879330998671, 'beta_8': 0.006242676750111895, 'beta_9': 3.944515931619084e-05, 'beta_10': 9.486685477951865e-07}. Best is trial 101 with value: 4532.314108912247.
[I 2026-03-30 20:22:45,225] Trial 107 finished with value: 4945.750177999094 and parameters: {'alpha_0': 0.0005282370588555166, 'alpha_1': 0.00020891967842309928, 'alpha_2': 0.00012105476961325513, 'beta_0': 0.28239339680390574, 'beta_1': 1.1816982204038182, 'beta_2': 0.7419767699529697, 'beta_3': 0.0008129587601697776, 'beta_4': 4.5617791622960507e-07, 'beta_5': 0.7092563253200485, 'beta_6': 2.2270582172632864e-05, 'beta_7': 0.02995191764683343, 'beta_8': 0.005090128703519911, 'beta_9': 3.4995103916645674e-05, 'beta_10': 8.487839830235851e-07}. Best is trial 101 with value: 4532.314108912247.
[I 2026-03-30 20:23:15,930] Trial 108 finished with value: 5064.841371625877 and parameters: {'alpha_0': 0.0005437795968083203, 'alpha_1': 0.00020410176839886243, 'alpha_2': 0.00012230730639446887, 'beta_0': 0.2813766245034023, 'beta_1': 1.1626680516023997, 'beta_2': 0.8216800530967835, 'beta_3': 0.000700579382539193, 'beta_4': 4.4574394288382475e-07, 'beta_5': 0.7056647256219405, 'beta_6': 2.9372658071561646e-05, 'beta_7': 0.029516245698093874, 'beta_8': 0.005366521280370534, 'beta_9': 3.458425292111225e-05, 'beta_10': 8.411587260453815e-07}. Best is trial 101 with value: 4532.314108912247.
[I 2026-03-30 20:23:46,525] Trial 109 finished with value: 6352.777092091773 and parameters: {'alpha_0': 0.000883123934410816, 'alpha_1': 0.0002086713825863188, 'alpha_2': 0.00012550584924820825, 'beta_0': 0.25635264657241286, 'beta_1': 1.1811585749715694, 'beta_2': 0.7514845618741464, 'beta_3': 0.0007636420107303885, 'beta_4': 3.8129449541774743e-07, 'beta_5': 0.6928819937441167, 'beta_6': 2.2177141860787133e-05, 'beta_7': 0.030238523261272084, 'beta_8': 0.006724620887287825, 'beta_9': 3.068415233711352e-05, 'beta_10': 8.608868155109859e-07}. Best is trial 101 with value: 4532.314108912247.
[I 2026-03-30 20:24:16,712] Trial 110 finished with value: 4793.1054141233435 and parameters: {'alpha_0': 0.0010296388511314314, 'alpha_1': 0.00019335736750840813, 'alpha_2': 0.00011393021649566889, 'beta_0': 0.2759432429393662, 'beta_1': 1.1335572082360834, 'beta_2': 0.7422095226669779, 'beta_3': 0.000832945987096939, 'beta_4': 3.115293151262007e-07, 'beta_5': 0.7006859719367179, 'beta_6': 2.873624393453403e-05, 'beta_7': 0.03218196600214772, 'beta_8': 0.005005760036998883, 'beta_9': 3.895573822004138e-05, 'beta_10': 8.140567367473392e-07}. Best is trial 101 with value: 4532.314108912247.
[I 2026-03-30 20:24:47,898] Trial 111 finished with value: 5745.961168958703 and parameters: {'alpha_0': 0.0010422949744580885, 'alpha_1': 0.00019191283243120234, 'alpha_2': 0.00011550936758837395, 'beta_0': 0.2804244054449621, 'beta_1': 1.150194374418726, 'beta_2': 0.7859724330483507, 'beta_3': 0.0008511880416099851, 'beta_4': 3.10177725272029e-07, 'beta_5': 0.7113986101090751, 'beta_6': 2.755464825372126e-05, 'beta_7': 0.03221880318749468, 'beta_8': 0.0060163238455684465, 'beta_9': 3.893446852279818e-05, 'beta_10': 8.155028711322698e-07}. Best is trial 101 with value: 4532.314108912247.
[I 2026-03-30 20:25:18,103] Trial 112 finished with value: 4838.5524644637435 and parameters: {'alpha_0': 0.0006623053661755419, 'alpha_1': 0.00019682500327850158, 'alpha_2': 0.00013801265296420557, 'beta_0': 0.2635054931488845, 'beta_1': 1.12951327109314, 'beta_2': 0.8410381956962393, 'beta_3': 0.0008054025212314113, 'beta_4': 4.210816487417062e-07, 'beta_5': 0.7279308164622759, 'beta_6': 2.868038481604714e-05, 'beta_7': 0.029025831386182283, 'beta_8': 0.005045168382255781, 'beta_9': 4.173819094535914e-05, 'beta_10': 8.001151394599598e-07}. Best is trial 101 with value: 4532.314108912247.Best trial: 101. Best value: 4532.31:  45%|████▍     | 112/250 [47:55<1:10:28, 30.64s/it]Best trial: 101. Best value: 4532.31:  45%|████▍     | 112/250 [47:55<1:10:28, 30.64s/it]Best trial: 101. Best value: 4532.31:  45%|████▌     | 113/250 [47:55<1:09:39, 30.51s/it]                                                                                         Best trial: 101. Best value: 4532.31:  45%|████▌     | 113/250 [48:25<1:09:39, 30.51s/it]Best trial: 101. Best value: 4532.31:  45%|████▌     | 113/250 [48:25<1:09:39, 30.51s/it]Best trial: 101. Best value: 4532.31:  46%|████▌     | 114/250 [48:25<1:09:07, 30.49s/it]                                                                                         Best trial: 101. Best value: 4532.31:  46%|████▌     | 114/250 [48:55<1:09:07, 30.49s/it]Best trial: 101. Best value: 4532.31:  46%|████▌     | 114/250 [48:55<1:09:07, 30.49s/it]Best trial: 101. Best value: 4532.31:  46%|████▌     | 115/250 [48:55<1:08:27, 30.43s/it]                                                                                         Best trial: 101. Best value: 4532.31:  46%|████▌     | 115/250 [49:26<1:08:27, 30.43s/it]Best trial: 101. Best value: 4532.31:  46%|████▌     | 115/250 [49:26<1:08:27, 30.43s/it]Best trial: 101. Best value: 4532.31:  46%|████▋     | 116/250 [49:26<1:08:12, 30.54s/it]                                                                                         Best trial: 101. Best value: 4532.31:  46%|████▋     | 116/250 [49:57<1:08:12, 30.54s/it]Best trial: 101. Best value: 4532.31:  46%|████▋     | 116/250 [49:57<1:08:12, 30.54s/it]Best trial: 101. Best value: 4532.31:  47%|████▋     | 117/250 [49:57<1:07:59, 30.68s/it]                                                                                         Best trial: 101. Best value: 4532.31:  47%|████▋     | 117/250 [50:28<1:07:59, 30.68s/it]Best trial: 101. Best value: 4532.31:  47%|████▋     | 117/250 [50:28<1:07:59, 30.68s/it]Best trial: 101. Best value: 4532.31:  47%|████▋     | 118/250 [50:28<1:07:26, 30.66s/it]                                                                                         Best trial: 101. Best value: 4532.31:  47%|████▋     | 118/250 [50:41<1:07:26, 30.66s/it]Best trial: 101. Best value: 4532.31:  47%|████▋     | 118/250 [50:41<1:07:26, 30.66s/it]Best trial: 101. Best value: 4532.31:  48%|████▊     | 119/250 [50:41<55:40, 25.50s/it]                                                                                         Best trial: 101. Best value: 4532.31:  48%|████▊     | 119/250 [51:12<55:40, 25.50s/it]Best trial: 101. Best value: 4532.31:  48%|████▊     | 119/250 [51:12<55:40, 25.50s/it]Best trial: 101. Best value: 4532.31:  48%|████▊     | 120/250 [51:12<58:33, 27.02s/it]                                                                                       Best trial: 101. Best value: 4532.31:  48%|████▊     | 120/250 [51:42<58:33, 27.02s/it]Best trial: 101. Best value: 4532.31:  48%|████▊     | 120/250 [51:42<58:33, 27.02s/it]Best trial: 101. Best value: 4532.31:  48%|████▊     | 121/250 [51:42<1:00:24, 28.09s/it]                                                                                         Best trial: 101. Best value: 4532.31:  48%|████▊     | 121/250 [52:13<1:00:24, 28.09s/it]Best trial: 101. Best value: 4532.31:  48%|████▊     | 121/250 [52:13<1:00:24, 28.09s/it]Best trial: 101. Best value: 4532.31:  49%|████▉     | 122/250 [52:13<1:01:32, 28.85s/it]                                                                                         Best trial: 101. Best value: 4532.31:  49%|████▉     | 122/250 [52:43<1:01:32, 28.85s/it]Best trial: 101. Best value: 4532.31:  49%|████▉     | 122/250 [52:43<1:01:32, 28.85s/it]Best trial: 101. Best value: 4532.31:  49%|████▉     | 123/250 [52:43<1:02:01, 29.30s/it]                                                                                         Best trial: 101. Best value: 4532.31:  49%|████▉     | 123/250 [53:14<1:02:01, 29.30s/it]Best trial: 101. Best value: 4532.31:  49%|████▉     | 123/250 [53:14<1:02:01, 29.30s/it]Best trial: 101. Best value: 4532.31:  50%|████▉     | 124/250 [53:14<1:02:34, 29.80s/it]                                                                                         Best trial: 101. Best value: 4532.31:  50%|████▉     | 124/250 [53:45<1:02:34, 29.80s/it]Best trial: 101. Best value: 4532.31:  50%|████▉     | 124/250 [53:45<1:02:34, 29.80s/it]Best trial: 101. Best value: 4532.31:  50%|█████     | 125/250 [53:45<1:02:47, 30.14s/it]                                                                                         Best trial: 101. Best value: 4532.31:  50%|█████     | 125/250 [54:16<1:02:47, 30.14s/it]Best trial: 101. Best value: 4532.31:  50%|█████     | 125/250 [54:16<1:02:47, 30.14s/it]Best trial: 101. Best value: 4532.31:  50%|█████     | 126/250 [54:16<1:02:37, 30.30s/it]                                                                                         
[I 2026-03-30 20:25:48,560] Trial 113 finished with value: 4994.8499037590245 and parameters: {'alpha_0': 0.0007278305490354721, 'alpha_1': 0.00019585727931917078, 'alpha_2': 0.00014161651022461758, 'beta_0': 0.26127531517361907, 'beta_1': 1.1024432459318625, 'beta_2': 0.8420812898873564, 'beta_3': 0.0006980589180708547, 'beta_4': 4.110837692946178e-07, 'beta_5': 0.6672115177365996, 'beta_6': 2.880926492429241e-05, 'beta_7': 0.03208856552902492, 'beta_8': 0.005343214554962372, 'beta_9': 3.663888070274786e-05, 'beta_10': 8.130213854298818e-07}. Best is trial 101 with value: 4532.314108912247.
[I 2026-03-30 20:26:18,828] Trial 114 finished with value: 4565.532007018712 and parameters: {'alpha_0': 0.0010383123537082998, 'alpha_1': 0.0002008712425136467, 'alpha_2': 0.0001043306124504446, 'beta_0': 0.2697758241487712, 'beta_1': 1.1250207597158353, 'beta_2': 0.8972162038851085, 'beta_3': 0.0006303061790932317, 'beta_4': 1.589655257145716e-07, 'beta_5': 0.7279342515882675, 'beta_6': 2.958830105007595e-05, 'beta_7': 0.02908935643471161, 'beta_8': 0.0050090567466812026, 'beta_9': 4.2846120816815465e-05, 'beta_10': 8.866873785758935e-07}. Best is trial 101 with value: 4532.314108912247.
[I 2026-03-30 20:26:49,637] Trial 115 finished with value: 5995.589320801359 and parameters: {'alpha_0': 0.000991967363691632, 'alpha_1': 0.000201033657371535, 'alpha_2': 0.00011184298368055494, 'beta_0': 0.2699667866925077, 'beta_1': 1.1290835051261343, 'beta_2': 0.894372082087591, 'beta_3': 0.0010693965816802216, 'beta_4': 3.4491469410173116e-07, 'beta_5': 0.731274545908976, 'beta_6': 2.9550376157793255e-05, 'beta_7': 0.02906469195094997, 'beta_8': 0.0060399452717351115, 'beta_9': 4.193213903401703e-05, 'beta_10': 7.701360624449079e-07}. Best is trial 101 with value: 4532.314108912247.
[I 2026-03-30 20:27:20,626] Trial 116 finished with value: 6227.499063644416 and parameters: {'alpha_0': 0.0008540516165597828, 'alpha_1': 0.00021574899220050994, 'alpha_2': 0.00010285750769319012, 'beta_0': 0.25017375661523555, 'beta_1': 1.1038354943978799, 'beta_2': 0.8528760091497668, 'beta_3': 0.0009855835520642972, 'beta_4': 1.5565924356290934e-07, 'beta_5': 0.6992741153313615, 'beta_6': 2.85453375128466e-05, 'beta_7': 0.03082937723567658, 'beta_8': 0.006440471129369969, 'beta_9': 3.956069591958636e-05, 'beta_10': 8.872208952932178e-07}. Best is trial 101 with value: 4532.314108912247.
[I 2026-03-30 20:27:51,244] Trial 117 finished with value: 4604.340394968195 and parameters: {'alpha_0': 0.0010687061300223117, 'alpha_1': 0.0001868026247415374, 'alpha_2': 9.60373073166956e-05, 'beta_0': 0.27424211574350016, 'beta_1': 1.116521321458462, 'beta_2': 0.7734643148929992, 'beta_3': 0.00061525723761592, 'beta_4': 1.9949040381709518e-07, 'beta_5': 0.688240233498904, 'beta_6': 2.869792475111416e-05, 'beta_7': 0.033947812451495994, 'beta_8': 0.005064810372983909, 'beta_9': 4.1207657469716365e-05, 'beta_10': 9.210841382995025e-07}. Best is trial 101 with value: 4532.314108912247.
[I 2026-03-30 20:28:04,710] Trial 118 finished with value: 10861.555211550807 and parameters: {'alpha_0': 0.0010206356960940138, 'alpha_1': 0.0001883133059211581, 'alpha_2': 9.699309927189679e-05, 'beta_0': 0.2719923966143167, 'beta_1': 1.0720693249643132, 'beta_2': 0.7728919624940545, 'beta_3': 0.0006218353114699702, 'beta_4': 2.0003088466184362e-07, 'beta_5': 0.6456939842356599, 'beta_6': 2.998554442690648e-05, 'beta_7': 0.03387656031931046, 'beta_8': 0.011795672532216986, 'beta_9': 3.23386256739955e-05, 'beta_10': 9.329120939801998e-07}. Best is trial 101 with value: 4532.314108912247.
[I 2026-03-30 20:28:35,286] Trial 119 finished with value: 6902.137889361828 and parameters: {'alpha_0': 0.0010961405328786162, 'alpha_1': 0.00019104246045589348, 'alpha_2': 9.114704042683492e-05, 'beta_0': 0.2948349485252646, 'beta_1': 1.1595570997797215, 'beta_2': 0.823804538144835, 'beta_3': 0.0020457632638421286, 'beta_4': 3.0074930821535153e-07, 'beta_5': 0.6871854954923502, 'beta_6': 2.953052020295347e-05, 'beta_7': 0.03251435019844307, 'beta_8': 0.006047358986059933, 'beta_9': 3.671328509929161e-05, 'beta_10': 9.657235449180694e-07}. Best is trial 101 with value: 4532.314108912247.
[I 2026-03-30 20:29:05,878] Trial 120 finished with value: 6216.332808612909 and parameters: {'alpha_0': 0.0012892423736609502, 'alpha_1': 0.0002120527874641181, 'alpha_2': 0.00010681177983054674, 'beta_0': 0.2780810581784483, 'beta_1': 1.0354351166251863, 'beta_2': 0.7089842303390751, 'beta_3': 0.0004000501495501728, 'beta_4': 1.9109827576693555e-06, 'beta_5': 0.6710355527407067, 'beta_6': 2.7733659966281535e-05, 'beta_7': 0.03114409219266014, 'beta_8': 0.005032981208377847, 'beta_9': 3.987832016738126e-05, 'beta_10': 9.17410914769297e-07}. Best is trial 101 with value: 4532.314108912247.
[I 2026-03-30 20:29:36,483] Trial 121 finished with value: 4725.145077318707 and parameters: {'alpha_0': 0.0007590465498440824, 'alpha_1': 0.0001951326632968856, 'alpha_2': 0.00013106658059799754, 'beta_0': 0.26181773090941407, 'beta_1': 1.1466580586480435, 'beta_2': 0.8843770599562825, 'beta_3': 0.0008094516926153611, 'beta_4': 2.2207377108362737e-07, 'beta_5': 0.7224381641153961, 'beta_6': 2.7194598926179547e-05, 'beta_7': 0.03156140679027025, 'beta_8': 0.005005391605163558, 'beta_9': 4.199330673571226e-05, 'beta_10': 7.949904341893679e-07}. Best is trial 101 with value: 4532.314108912247.
[I 2026-03-30 20:30:06,850] Trial 122 finished with value: 4976.744445524417 and parameters: {'alpha_0': 0.000803087750914636, 'alpha_1': 0.00018684047659994505, 'alpha_2': 9.815339011690469e-05, 'beta_0': 0.25373713181397395, 'beta_1': 1.1218612187972627, 'beta_2': 0.935832218214784, 'beta_3': 0.0007596146211000489, 'beta_4': 2.3202259242081207e-07, 'beta_5': 0.7172326886309813, 'beta_6': 2.7070578742945627e-05, 'beta_7': 0.0315676594327795, 'beta_8': 0.005303970732991832, 'beta_9': 4.543188531026288e-05, 'beta_10': 8.661071489340461e-07}. Best is trial 101 with value: 4532.314108912247.
[I 2026-03-30 20:30:37,814] Trial 123 finished with value: 5502.45553725725 and parameters: {'alpha_0': 0.0007606825411233498, 'alpha_1': 0.0002037589776844932, 'alpha_2': 0.0001169160684703794, 'beta_0': 0.2643850244408369, 'beta_1': 1.1397578359428528, 'beta_2': 0.8902683032324197, 'beta_3': 0.0006126912738573857, 'beta_4': 1.3837239886523295e-06, 'beta_5': 0.6992674684659467, 'beta_6': 2.5248479494491248e-05, 'beta_7': 0.033799065537586714, 'beta_8': 0.005011792017593364, 'beta_9': 4.69380646008374e-05, 'beta_10': 8.275504414477462e-07}. Best is trial 101 with value: 4532.314108912247.
[I 2026-03-30 20:31:08,749] Trial 124 finished with value: 5277.592061686485 and parameters: {'alpha_0': 0.0009290327418589936, 'alpha_1': 6.858077066254409e-05, 'alpha_2': 8.327035978480439e-05, 'beta_0': 0.25943018920418764, 'beta_1': 1.1144816564154467, 'beta_2': 0.8206247498085844, 'beta_3': 0.0006760568758777895, 'beta_4': 1.593266736880684e-07, 'beta_5': 0.6884584356249097, 'beta_6': 2.7197482921826877e-05, 'beta_7': 0.03040593971330553, 'beta_8': 0.005971803119907406, 'beta_9': 4.276489268468887e-05, 'beta_10': 8.857980243994461e-07}. Best is trial 101 with value: 4532.314108912247.
[I 2026-03-30 20:31:39,416] Trial 125 finished with value: 4957.085229146943 and parameters: {'alpha_0': 0.0011243289173392805, 'alpha_1': 0.00017631211144470885, 'alpha_2': 0.00010757308233925992, 'beta_0': 0.2887304047503857, 'beta_1': 1.169229010147303, 'beta_2': 0.7850456423794313, 'beta_3': 0.0006106310527618276, 'beta_4': 2.952084674674135e-07, 'beta_5': 0.7417744613821218, 'beta_6': 2.7883993064223214e-05, 'beta_7': 0.03260337035680069, 'beta_8': 0.00542157595999398, 'beta_9': 3.8342030368145864e-05, 'beta_10': 9.90451131816604e-07}. Best is trial 101 with value: 4532.314108912247.
