[I 2026-03-30 21:22:27,044] Trial 229 finished with value: 4320.940034918187 and parameters: {'alpha_0': 0.002181854623466256, 'alpha_1': 0.00014490928532866117, 'alpha_2': 0.00012151520759353778, 'beta_0': 0.2530179723763442, 'beta_1': 1.1669076488969894, 'beta_2': 0.8863972860230744, 'beta_3': 0.0004449507173498865, 'beta_4': 2.5680670906115944e-07, 'beta_5': 0.4306948215309578, 'beta_6': 2.897224707988807e-05, 'beta_7': 0.028444651737981688, 'beta_8': 0.0050056312448903476, 'beta_9': 5.852457070646074e-05, 'beta_10': 9.257235624534201e-07}. Best is trial 210 with value: 4270.876269717457.
[I 2026-03-30 21:22:58,040] Trial 230 finished with value: 4297.649354433907 and parameters: {'alpha_0': 0.002201592431090535, 'alpha_1': 0.00012165144940858506, 'alpha_2': 0.00012261706958204986, 'beta_0': 0.2527392265263773, 'beta_1': 1.1370459800015935, 'beta_2': 0.9132624655440174, 'beta_3': 0.0004500626501354663, 'beta_4': 2.641716065661538e-07, 'beta_5': 0.43599920830388195, 'beta_6': 2.9944294469979928e-05, 'beta_7': 0.028518491458925835, 'beta_8': 0.0050169858808910145, 'beta_9': 5.774286204026836e-05, 'beta_10': 9.205377295817834e-07}. Best is trial 210 with value: 4270.876269717457.
[I 2026-03-30 21:23:29,235] Trial 231 finished with value: 4300.437227480252 and parameters: {'alpha_0': 0.0021595963158958665, 'alpha_1': 0.00012525170762515015, 'alpha_2': 0.0001245209607423331, 'beta_0': 0.25216690858600194, 'beta_1': 1.137322564612433, 'beta_2': 0.912279102862055, 'beta_3': 0.000451753351852189, 'beta_4': 2.7495542713792074e-07, 'beta_5': 0.4232393709606398, 'beta_6': 2.9165282554408242e-05, 'beta_7': 0.028489705624333322, 'beta_8': 0.00501965995809004, 'beta_9': 5.7729203797037964e-05, 'beta_10': 9.181903894349645e-07}. Best is trial 210 with value: 4270.876269717457.
[I 2026-03-30 21:23:59,682] Trial 232 finished with value: 4288.761503183971 and parameters: {'alpha_0': 0.002201612539021433, 'alpha_1': 0.00012743334626578114, 'alpha_2': 0.0001264495668701198, 'beta_0': 0.252562453118002, 'beta_1': 1.1357881789793596, 'beta_2': 0.9186195177365994, 'beta_3': 0.00044529381128637465, 'beta_4': 2.7455096765020287e-07, 'beta_5': 0.42396386198314934, 'beta_6': 2.9736968433706306e-05, 'beta_7': 0.02834426342752671, 'beta_8': 0.005007968209303721, 'beta_9': 5.831166443111594e-05, 'beta_10': 9.24974905980509e-07}. Best is trial 210 with value: 4270.876269717457.
[I 2026-03-30 21:24:09,526] Trial 233 finished with value: 7797.919796553202 and parameters: {'alpha_0': 0.0021660388516471086, 'alpha_1': 0.0001315426416587868, 'alpha_2': 0.00012800427269150084, 'beta_0': 0.25249015867111796, 'beta_1': 1.1363624991576637, 'beta_2': 0.9436407263152679, 'beta_3': 0.00044771086699774495, 'beta_4': 3.325825171801654e-07, 'beta_5': 0.42222940923551366, 'beta_6': 2.9738431282091914e-05, 'beta_7': 0.02690895312895696, 'beta_8': 0.014259052118558092, 'beta_9': 5.821009844778673e-05, 'beta_10': 9.236926128196768e-07}. Best is trial 210 with value: 4270.876269717457.
[I 2026-03-30 21:24:40,085] Trial 234 finished with value: 4823.957709664538 and parameters: {'alpha_0': 0.0020476599969135954, 'alpha_1': 0.00012257039684033296, 'alpha_2': 0.0001333376232735696, 'beta_0': 0.24930372238207718, 'beta_1': 1.1303920805347498, 'beta_2': 0.9143539711222889, 'beta_3': 0.0004440219722933821, 'beta_4': 2.789276353549513e-07, 'beta_5': 0.4215971424887947, 'beta_6': 2.9382277957784543e-05, 'beta_7': 0.028615439176290967, 'beta_8': 0.0055905604231216485, 'beta_9': 5.709380043950604e-05, 'beta_10': 9.110163009755526e-07}. Best is trial 210 with value: 4270.876269717457.
[I 2026-03-30 21:25:10,244] Trial 235 finished with value: 4655.343383718876 and parameters: {'alpha_0': 0.0022877661408231918, 'alpha_1': 0.00011763943602793184, 'alpha_2': 0.00012316631416214765, 'beta_0': 0.2568391628054179, 'beta_1': 1.1470102297923297, 'beta_2': 0.9866950585094362, 'beta_3': 0.000489269755552127, 'beta_4': 2.564058968185831e-07, 'beta_5': 0.4035523017659419, 'beta_6': 2.973410933832034e-05, 'beta_7': 0.02771763213980387, 'beta_8': 0.005394274800443759, 'beta_9': 5.945589419314213e-05, 'beta_10': 9.22027512239891e-07}. Best is trial 210 with value: 4270.876269717457.
[I 2026-03-30 21:25:40,739] Trial 236 finished with value: 4992.890941723932 and parameters: {'alpha_0': 0.002157024393321432, 'alpha_1': 0.00013769040032901155, 'alpha_2': 0.0001234648931720096, 'beta_0': 0.25356321419463795, 'beta_1': 1.1181533185836885, 'beta_2': 0.9272969708539152, 'beta_3': 0.0004035199485127572, 'beta_4': 3.1424098074882667e-07, 'beta_5': 0.4427441934696145, 'beta_6': 2.989654993438908e-05, 'beta_7': 0.02558469053152293, 'beta_8': 0.005771447113029465, 'beta_9': 6.121191054028939e-05, 'beta_10': 9.369275573870716e-07}. Best is trial 210 with value: 4270.876269717457.
[I 2026-03-30 21:26:11,281] Trial 237 finished with value: 4335.805335716821 and parameters: {'alpha_0': 0.0023578429488556522, 'alpha_1': 0.00012564149638235556, 'alpha_2': 0.00013716909838673097, 'beta_0': 0.24795206420323226, 'beta_1': 1.1377144381403805, 'beta_2': 0.9094166953317157, 'beta_3': 0.0004544048002079649, 'beta_4': 2.7228532447918733e-07, 'beta_5': 0.4439914515297281, 'beta_6': 2.997824151923996e-05, 'beta_7': 0.028498146725165395, 'beta_8': 0.005033645639914133, 'beta_9': 6.494796995761271e-05, 'beta_10': 9.6433118951154e-07}. Best is trial 210 with value: 4270.876269717457.
[I 2026-03-30 21:26:41,612] Trial 238 finished with value: 4267.2234914238725 and parameters: {'alpha_0': 0.0024796949638348324, 'alpha_1': 0.0001276064240536534, 'alpha_2': 0.00013504129812528802, 'beta_0': 0.24854481179144366, 'beta_1': 1.1544329539475517, 'beta_2': 0.9539139222464167, 'beta_3': 0.00040173209147548655, 'beta_4': 2.701064823972018e-07, 'beta_5': 0.4399811275853185, 'beta_6': 2.9291471849572003e-05, 'beta_7': 0.02845792722316332, 'beta_8': 0.005005717819762827, 'beta_9': 6.575163372535677e-05, 'beta_10': 9.446792800289884e-07}. Best is trial 238 with value: 4267.2234914238725.Best trial: 210. Best value: 4270.88:  95%|█████████▌| 238/250 [1:49:18<05:48, 29.01s/it]Best trial: 238. Best value: 4267.22:  95%|█████████▌| 238/250 [1:49:18<05:48, 29.01s/it]Best trial: 238. Best value: 4267.22:  96%|█████████▌| 239/250 [1:49:18<05:23, 29.41s/it]                                                                                         Best trial: 238. Best value: 4267.22:  96%|█████████▌| 239/250 [1:49:49<05:23, 29.41s/it]Best trial: 238. Best value: 4267.22:  96%|█████████▌| 239/250 [1:49:49<05:23, 29.41s/it]Best trial: 238. Best value: 4267.22:  96%|█████████▌| 240/250 [1:49:49<04:57, 29.77s/it]                                                                                         Best trial: 238. Best value: 4267.22:  96%|█████████▌| 240/250 [1:50:19<04:57, 29.77s/it]Best trial: 238. Best value: 4267.22:  96%|█████████▌| 240/250 [1:50:19<04:57, 29.77s/it]Best trial: 238. Best value: 4267.22:  96%|█████████▋| 241/250 [1:50:19<04:29, 29.98s/it]                                                                                         Best trial: 238. Best value: 4267.22:  96%|█████████▋| 241/250 [1:50:50<04:29, 29.98s/it]Best trial: 238. Best value: 4267.22:  96%|█████████▋| 241/250 [1:50:50<04:29, 29.98s/it]Best trial: 238. Best value: 4267.22:  97%|█████████▋| 242/250 [1:50:50<04:01, 30.19s/it]                                                                                         Best trial: 238. Best value: 4267.22:  97%|█████████▋| 242/250 [1:51:20<04:01, 30.19s/it]Best trial: 238. Best value: 4267.22:  97%|█████████▋| 242/250 [1:51:20<04:01, 30.19s/it]Best trial: 238. Best value: 4267.22:  97%|█████████▋| 243/250 [1:51:20<03:32, 30.31s/it]                                                                                         Best trial: 238. Best value: 4267.22:  97%|█████████▋| 243/250 [1:51:51<03:32, 30.31s/it]Best trial: 238. Best value: 4267.22:  97%|█████████▋| 243/250 [1:51:51<03:32, 30.31s/it]Best trial: 238. Best value: 4267.22:  98%|█████████▊| 244/250 [1:51:51<03:03, 30.54s/it]                                                                                         Best trial: 238. Best value: 4267.22:  98%|█████████▊| 244/250 [1:52:22<03:03, 30.54s/it]Best trial: 238. Best value: 4267.22:  98%|█████████▊| 244/250 [1:52:22<03:03, 30.54s/it]Best trial: 238. Best value: 4267.22:  98%|█████████▊| 245/250 [1:52:22<02:32, 30.53s/it]                                                                                         Best trial: 238. Best value: 4267.22:  98%|█████████▊| 245/250 [1:52:53<02:32, 30.53s/it]Best trial: 238. Best value: 4267.22:  98%|█████████▊| 245/250 [1:52:53<02:32, 30.53s/it]Best trial: 238. Best value: 4267.22:  98%|█████████▊| 246/250 [1:52:53<02:02, 30.55s/it]                                                                                         Best trial: 238. Best value: 4267.22:  98%|█████████▊| 246/250 [1:53:23<02:02, 30.55s/it]Best trial: 238. Best value: 4267.22:  98%|█████████▊| 246/250 [1:53:23<02:02, 30.55s/it]Best trial: 238. Best value: 4267.22:  99%|█████████▉| 247/250 [1:53:23<01:31, 30.56s/it]                                                                                         Best trial: 238. Best value: 4267.22:  99%|█████████▉| 247/250 [1:53:54<01:31, 30.56s/it]Best trial: 238. Best value: 4267.22:  99%|█████████▉| 247/250 [1:53:54<01:31, 30.56s/it]Best trial: 238. Best value: 4267.22:  99%|█████████▉| 248/250 [1:53:54<01:01, 30.51s/it]                                                                                         Best trial: 238. Best value: 4267.22:  99%|█████████▉| 248/250 [1:54:24<01:01, 30.51s/it]Best trial: 238. Best value: 4267.22:  99%|█████████▉| 248/250 [1:54:24<01:01, 30.51s/it]Best trial: 238. Best value: 4267.22: 100%|█████████▉| 249/250 [1:54:24<00:30, 30.60s/it]                                                                                         Best trial: 238. Best value: 4267.22: 100%|█████████▉| 249/250 [1:54:55<00:30, 30.60s/it]Best trial: 238. Best value: 4267.22: 100%|█████████▉| 249/250 [1:54:55<00:30, 30.60s/it]Best trial: 238. Best value: 4267.22: 100%|██████████| 250/250 [1:54:55<00:00, 30.63s/it]Best trial: 238. Best value: 4267.22: 100%|██████████| 250/250 [1:54:55<00:00, 27.58s/it]

[I 2026-03-30 21:27:12,217] Trial 239 finished with value: 4671.554103715087 and parameters: {'alpha_0': 0.002464947558339164, 'alpha_1': 0.00011640833122576248, 'alpha_2': 0.00013546065840262366, 'beta_0': 0.2484497468531259, 'beta_1': 1.1552136064898673, 'beta_2': 0.9794834968217082, 'beta_3': 0.00040065295149000217, 'beta_4': 2.978911725580042e-07, 'beta_5': 0.43326812598305203, 'beta_6': 2.9213208612255623e-05, 'beta_7': 0.02834381079865557, 'beta_8': 0.005478215879550425, 'beta_9': 6.426705667441568e-05, 'beta_10': 9.45420190606746e-07}. Best is trial 238 with value: 4267.2234914238725.
[I 2026-03-30 21:27:42,688] Trial 240 finished with value: 5279.939652335671 and parameters: {'alpha_0': 0.002401997674865151, 'alpha_1': 0.00012493954288785852, 'alpha_2': 0.0001420241933309041, 'beta_0': 0.2530197211521326, 'beta_1': 1.142727345314395, 'beta_2': 0.9611872106265476, 'beta_3': 0.0004518234653630169, 'beta_4': 2.803577457429794e-07, 'beta_5': 0.44837154387082795, 'beta_6': 2.9932970852929e-05, 'beta_7': 0.028093249553888772, 'beta_8': 0.006087971937992787, 'beta_9': 6.559251565282734e-05, 'beta_10': 9.27198553823626e-07}. Best is trial 238 with value: 4267.2234914238725.
[I 2026-03-30 21:28:13,368] Trial 241 finished with value: 4347.617874704927 and parameters: {'alpha_0': 0.0023001042864885, 'alpha_1': 0.00012022096325466619, 'alpha_2': 0.00013870562612658657, 'beta_0': 0.24550942570951104, 'beta_1': 1.1302892911325741, 'beta_2': 0.9053883965596528, 'beta_3': 0.0004493543107275165, 'beta_4': 3.4511186824924373e-07, 'beta_5': 0.479032209131352, 'beta_6': 2.9298165276904328e-05, 'beta_7': 0.02873255341043754, 'beta_8': 0.005025251166178095, 'beta_9': 5.8046095291143465e-05, 'beta_10': 9.622808001722034e-07}. Best is trial 238 with value: 4267.2234914238725.
[I 2026-03-30 21:28:43,972] Trial 242 finished with value: 4691.45131098532 and parameters: {'alpha_0': 0.002313725449548914, 'alpha_1': 0.00012041937957087549, 'alpha_2': 0.00014010396403105982, 'beta_0': 0.24540089042720734, 'beta_1': 1.1400699280239974, 'beta_2': 0.909058108831577, 'beta_3': 0.000456346179256951, 'beta_4': 3.270670002253535e-07, 'beta_5': 0.4636510870226851, 'beta_6': 2.9463870123922833e-05, 'beta_7': 0.028840199741721473, 'beta_8': 0.005391344872665761, 'beta_9': 6.336733289040988e-05, 'beta_10': 9.61469295389972e-07}. Best is trial 238 with value: 4267.2234914238725.
[I 2026-03-30 21:29:15,045] Trial 243 finished with value: 4566.558512172174 and parameters: {'alpha_0': 0.002505433555408539, 'alpha_1': 0.0001119508936563935, 'alpha_2': 0.00012925006856723514, 'beta_0': 0.24928830134387728, 'beta_1': 1.1569080901229822, 'beta_2': 0.941746951226765, 'beta_3': 0.0004479105152096955, 'beta_4': 2.738864296434468e-07, 'beta_5': 0.43384944278996546, 'beta_6': 2.920956537859784e-05, 'beta_7': 0.028651251773771647, 'beta_8': 0.005332138880399221, 'beta_9': 5.9621958499449316e-05, 'beta_10': 9.045133029949704e-07}. Best is trial 238 with value: 4267.2234914238725.
[I 2026-03-30 21:29:45,536] Trial 244 finished with value: 4997.140921374703 and parameters: {'alpha_0': 0.0023586582906026587, 'alpha_1': 0.0001309919057696558, 'alpha_2': 0.0001357181743238435, 'beta_0': 0.25827141711225865, 'beta_1': 1.1653572198430873, 'beta_2': 0.9239742938679767, 'beta_3': 0.00047801242526242905, 'beta_4': 3.529615632846975e-07, 'beta_5': 0.4346960934411298, 'beta_6': 2.910935892592902e-05, 'beta_7': 0.02619011023894705, 'beta_8': 0.005697076022414168, 'beta_9': 6.22796150388415e-05, 'beta_10': 9.418506244353244e-07}. Best is trial 238 with value: 4267.2234914238725.
[I 2026-03-30 21:30:16,144] Trial 245 finished with value: 4278.189880800284 and parameters: {'alpha_0': 0.0023115486790165752, 'alpha_1': 0.00012576960807710505, 'alpha_2': 0.0001465940678892458, 'beta_0': 0.2461947701776309, 'beta_1': 1.1350345401743103, 'beta_2': 0.9008926547418553, 'beta_3': 0.00040073354252350487, 'beta_4': 2.3168259915219056e-07, 'beta_5': 0.44728520762811663, 'beta_6': 2.9891594942226834e-05, 'beta_7': 0.0288768255441394, 'beta_8': 0.005044290836550637, 'beta_9': 6.893710086702702e-05, 'beta_10': 9.61555986511129e-07}. Best is trial 238 with value: 4267.2234914238725.
[I 2026-03-30 21:30:46,736] Trial 246 finished with value: 4568.873001688253 and parameters: {'alpha_0': 0.0024031246819067394, 'alpha_1': 0.00012653235414849439, 'alpha_2': 0.00014411079419605332, 'beta_0': 0.24348343535057718, 'beta_1': 1.150039983151947, 'beta_2': 0.9606504636015647, 'beta_3': 0.0004007495594011867, 'beta_4': 2.477174106451659e-07, 'beta_5': 0.4823034494550499, 'beta_6': 2.989664417880406e-05, 'beta_7': 0.027575311597594597, 'beta_8': 0.005360514809404178, 'beta_9': 7.076676593218932e-05, 'beta_10': 9.838394651095376e-07}. Best is trial 238 with value: 4267.2234914238725.
[I 2026-03-30 21:31:17,133] Trial 247 finished with value: 4301.925753168197 and parameters: {'alpha_0': 0.002285861416268622, 'alpha_1': 0.0001327307883257988, 'alpha_2': 0.00013841810642049954, 'beta_0': 0.25307452508635153, 'beta_1': 1.1336967802061526, 'beta_2': 0.9058228310857039, 'beta_3': 0.0004006281660916876, 'beta_4': 2.837999415618568e-07, 'beta_5': 0.4549266237126187, 'beta_6': 2.967039169496483e-05, 'beta_7': 0.026136049867293582, 'beta_8': 0.005043596105712091, 'beta_9': 6.767321607937153e-05, 'beta_10': 9.637194728420275e-07}. Best is trial 238 with value: 4267.2234914238725.
[I 2026-03-30 21:31:47,951] Trial 248 finished with value: 4284.297836646525 and parameters: {'alpha_0': 0.002276431912738739, 'alpha_1': 0.0001338265755737163, 'alpha_2': 0.00014977818951014858, 'beta_0': 0.2531224865566571, 'beta_1': 1.1356588919109487, 'beta_2': 0.9073125785034212, 'beta_3': 0.0004045594020077873, 'beta_4': 2.998729922081855e-07, 'beta_5': 0.45479098085761294, 'beta_6': 2.9970319970160606e-05, 'beta_7': 0.024809344877212598, 'beta_8': 0.005003574702915221, 'beta_9': 6.740852203563999e-05, 'beta_10': 9.664249053902056e-07}. Best is trial 238 with value: 4267.2234914238725.
[I 2026-03-30 21:32:18,642] Trial 249 finished with value: 4957.098186602561 and parameters: {'alpha_0': 0.002249482455202942, 'alpha_1': 0.0001218278844824463, 'alpha_2': 0.00015006236083192571, 'beta_0': 0.2522424791885711, 'beta_1': 1.143186490842198, 'beta_2': 0.9314306434427865, 'beta_3': 0.0004060586571533611, 'beta_4': 3.3913638493425946e-07, 'beta_5': 0.453847461651528, 'beta_6': 2.9659446084670577e-05, 'beta_7': 0.025768113952167913, 'beta_8': 0.005743318623944807, 'beta_9': 6.760542884659895e-05, 'beta_10': 9.348334612958554e-07}. Best is trial 238 with value: 4267.2234914238725.

======================================================================
OPTIMIZATION COMPLETE
======================================================================

Best loss: 4267.223491
Best alpha: [0.0024796949638348324, 0.0001276064240536534, 0.00013504129812528802]
Best beta: [0.24854481179144366, 1.1544329539475517, 0.9539139222464167, 0.00040173209147548655, 2.701064823972018e-07, 0.4399811275853185, 2.9291471849572003e-05, 0.02845792722316332, 0.005005717819762827, 6.575163372535677e-05, 9.446792800289884e-07]
Trials completed: 250/250
Status: Completed all requested trials
Optimization time: 6895.6s
Time per trial: 27.58s

======================================================================
POST-CONVERGENCE EVALUATION
======================================================================

Per-experiment metrics:
  /Users/dipanwitaguhathakurta/Downloads/inference-sim-package/inference-sim/training/trainval_data/62-mistral-nemo-12b-tp2-general-lite-2-1: TTFT APE=2675.244%, E2E APE=5483.406%
  /Users/dipanwitaguhathakurta/Downloads/inference-sim-package/inference-sim/training/trainval_data/20260217-155451-llama-2-7b-tp1-codegen: TTFT APE=2376.450%, E2E APE=4737.874%
  /Users/dipanwitaguhathakurta/Downloads/inference-sim-package/inference-sim/training/trainval_data/63-mistral-nemo-12b-tp1-codegen-1-1: TTFT APE=2032.354%, E2E APE=3835.554%
  /Users/dipanwitaguhathakurta/Downloads/inference-sim-package/inference-sim/training/trainval_data/64-qwen2-5-7b-instruct-tp1-roleplay-1-1: TTFT APE=1795.526%, E2E APE=3318.248%
  /Users/dipanwitaguhathakurta/Downloads/inference-sim-package/inference-sim/training/trainval_data/20260217-162547-llama-2-7b-tp1-roleplay: TTFT APE=1771.240%, E2E APE=2822.114%
  /Users/dipanwitaguhathakurta/Downloads/inference-sim-package/inference-sim/training/trainval_data/20260217-231439-llama-2-7b-tp1-general: TTFT APE=1577.214%, E2E APE=2994.301%
  /Users/dipanwitaguhathakurta/Downloads/inference-sim-package/inference-sim/training/trainval_data/65-01-ai-yi-34b-tp2-general-lite-2-1: TTFT APE=1179.537%, E2E APE=2136.881%
  /Users/dipanwitaguhathakurta/Downloads/inference-sim-package/inference-sim/training/trainval_data/61-llama-3-1-70b-tp4-codegen-4-1: TTFT APE=1190.848%, E2E APE=2005.833%
  /Users/dipanwitaguhathakurta/Downloads/inference-sim-package/inference-sim/training/trainval_data/60-llama-3-1-70b-tp4-general-lite-4-1: TTFT APE=1112.008%, E2E APE=1898.761%
  /Users/dipanwitaguhathakurta/Downloads/inference-sim-package/inference-sim/training/trainval_data/66-qwen2-5-7b-instruct-tp1-reasoning-lite-1-1: TTFT APE=1140.296%, E2E APE=1384.099%
  /Users/dipanwitaguhathakurta/Downloads/inference-sim-package/inference-sim/training/trainval_data/20-llama-4-scout-17b-16e-tp2-codegen-2: TTFT APE=859.114%, E2E APE=1511.507%
  /Users/dipanwitaguhathakurta/Downloads/inference-sim-package/inference-sim/training/trainval_data/17-llama-4-scout-17b-16e-tp2-general-lite-2-1: TTFT APE=826.522%, E2E APE=1523.553%
  /Users/dipanwitaguhathakurta/Downloads/inference-sim-package/inference-sim/training/trainval_data/21-llama-4-scout-17b-16e-tp2-roleplay-2: TTFT APE=660.852%, E2E APE=942.546%
  /Users/dipanwitaguhathakurta/Downloads/inference-sim-package/inference-sim/training/trainval_data/67-llama-2-7b-hf-tp1-reasoning-lite-1-1: TTFT APE=602.279%, E2E APE=827.932%
  /Users/dipanwitaguhathakurta/Downloads/inference-sim-package/inference-sim/training/trainval_data/48-llama-4-scout-17b-16e-tp2-reasoning-lite-2-1: TTFT APE=183.275%, E2E APE=287.196%

Results saved to: iterations/iter10/inner_loop_results.json

======================================================================
INNER LOOP COMPLETE
======================================================================
