[I 2026-03-30 19:52:11,967] Trial 42 finished with value: 6140.507428500661 and parameters: {'alpha_0': 0.002696415529594112, 'alpha_1': 0.00022242473922550382, 'alpha_2': 0.0002360852629732681, 'beta_0': 0.158850545813823, 'beta_1': 1.090509463029898, 'beta_2': 0.8462877543511278, 'beta_3': 0.001117837964723366, 'beta_4': 8.796975815723926e-07, 'beta_5': 0.6808013561426178, 'beta_6': 1.5076178883274202e-05, 'beta_7': 0.013859806171382954, 'beta_8': 0.00605213658913227, 'beta_9': 9.329142748478158e-05, 'beta_10': 2.5102445855994665e-07}. Best is trial 35 with value: 4798.705537280949.Best trial: 35. Best value: 4798.71:  17%|█▋        | 42/250 [14:48<1:09:32, 20.06s/it]Best trial: 35. Best value: 4798.71:  17%|█▋        | 42/250 [14:48<1:09:32, 20.06s/it]Best trial: 35. Best value: 4798.71:  17%|█▋        | 43/250 [14:48<1:20:12, 23.25s/it]                                                                                       Best trial: 35. Best value: 4798.71:  17%|█▋        | 43/250 [15:19<1:20:12, 23.25s/it]Best trial: 35. Best value: 4798.71:  17%|█▋        | 43/250 [15:19<1:20:12, 23.25s/it]Best trial: 35. Best value: 4798.71:  18%|█▊        | 44/250 [15:19<1:27:42, 25.54s/it]                                                                                       Best trial: 35. Best value: 4798.71:  18%|█▊        | 44/250 [15:29<1:27:42, 25.54s/it]Best trial: 35. Best value: 4798.71:  18%|█▊        | 44/250 [15:29<1:27:42, 25.54s/it]Best trial: 35. Best value: 4798.71:  18%|█▊        | 45/250 [15:29<1:11:11, 20.83s/it]                                                                                       Best trial: 35. Best value: 4798.71:  18%|█▊        | 45/250 [16:00<1:11:11, 20.83s/it]Best trial: 35. Best value: 4798.71:  18%|█▊        | 45/250 [16:00<1:11:11, 20.83s/it]Best trial: 35. Best value: 4798.71:  18%|█▊        | 46/250 [16:00<1:21:11, 23.88s/it]                                                                                       Best trial: 35. Best value: 4798.71:  18%|█▊        | 46/250 [16:31<1:21:11, 23.88s/it]Best trial: 35. Best value: 4798.71:  18%|█▊        | 46/250 [16:31<1:21:11, 23.88s/it]Best trial: 35. Best value: 4798.71:  19%|█▉        | 47/250 [16:31<1:28:14, 26.08s/it]                                                                                       Best trial: 35. Best value: 4798.71:  19%|█▉        | 47/250 [16:41<1:28:14, 26.08s/it]Best trial: 35. Best value: 4798.71:  19%|█▉        | 47/250 [16:41<1:28:14, 26.08s/it]Best trial: 35. Best value: 4798.71:  19%|█▉        | 48/250 [16:41<1:10:52, 21.05s/it]                                                                                       Best trial: 35. Best value: 4798.71:  19%|█▉        | 48/250 [16:57<1:10:52, 21.05s/it]Best trial: 35. Best value: 4798.71:  19%|█▉        | 48/250 [16:57<1:10:52, 21.05s/it]Best trial: 35. Best value: 4798.71:  20%|█▉        | 49/250 [16:57<1:05:58, 19.69s/it]                                                                                       Best trial: 35. Best value: 4798.71:  20%|█▉        | 49/250 [17:28<1:05:58, 19.69s/it]Best trial: 35. Best value: 4798.71:  20%|█▉        | 49/250 [17:28<1:05:58, 19.69s/it]Best trial: 35. Best value: 4798.71:  20%|██        | 50/250 [17:28<1:16:51, 23.06s/it]                                                                                       Best trial: 35. Best value: 4798.71:  20%|██        | 50/250 [17:37<1:16:51, 23.06s/it]Best trial: 35. Best value: 4798.71:  20%|██        | 50/250 [17:37<1:16:51, 23.06s/it]Best trial: 35. Best value: 4798.71:  20%|██        | 51/250 [17:37<1:02:50, 18.95s/it]                                                                                       Best trial: 35. Best value: 4798.71:  20%|██        | 51/250 [18:08<1:02:50, 18.95s/it]Best trial: 35. Best value: 4798.71:  20%|██        | 51/250 [18:08<1:02:50, 18.95s/it]Best trial: 35. Best value: 4798.71:  21%|██        | 52/250 [18:08<1:14:05, 22.45s/it]                                                                                       Best trial: 35. Best value: 4798.71:  21%|██        | 52/250 [18:39<1:14:05, 22.45s/it]Best trial: 35. Best value: 4798.71:  21%|██        | 52/250 [18:39<1:14:05, 22.45s/it]Best trial: 35. Best value: 4798.71:  21%|██        | 53/250 [18:39<1:21:56, 24.96s/it]                                                                                       Best trial: 35. Best value: 4798.71:  21%|██        | 53/250 [19:10<1:21:56, 24.96s/it]Best trial: 35. Best value: 4798.71:  21%|██        | 53/250 [19:10<1:21:56, 24.96s/it]Best trial: 35. Best value: 4798.71:  22%|██▏       | 54/250 [19:10<1:27:12, 26.70s/it]                                                                                       Best trial: 35. Best value: 4798.71:  22%|██▏       | 54/250 [19:41<1:27:12, 26.70s/it]Best trial: 35. Best value: 4798.71:  22%|██▏       | 54/250 [19:41<1:27:12, 26.70s/it]Best trial: 35. Best value: 4798.71:  22%|██▏       | 55/250 [19:41<1:30:56, 27.98s/it]                                                                                       Best trial: 35. Best value: 4798.71:  22%|██▏       | 55/250 [20:11<1:30:56, 27.98s/it]Best trial: 35. Best value: 4798.71:  22%|██▏       | 55/250 [20:11<1:30:56, 27.98s/it]Best trial: 35. Best value: 4798.71:  22%|██▏       | 56/250 [20:11<1:32:57, 28.75s/it]                                                                                       
[I 2026-03-30 19:52:42,867] Trial 43 finished with value: 7555.056460343004 and parameters: {'alpha_0': 0.0032277372906273534, 'alpha_1': 0.00018315664660290394, 'alpha_2': 6.721367120165431e-05, 'beta_0': 0.18692643256453254, 'beta_1': 1.028811941935795, 'beta_2': 0.4052958133372879, 'beta_3': 0.0011727128015209245, 'beta_4': 6.895217727209933e-07, 'beta_5': 0.7593423671971427, 'beta_6': 1.9913984862454065e-05, 'beta_7': 0.059848123474505896, 'beta_8': 0.007508008878657391, 'beta_9': 8.362779117463186e-05, 'beta_10': 4.687980008639176e-07}. Best is trial 35 with value: 4798.705537280949.
[I 2026-03-30 19:52:52,713] Trial 44 finished with value: 8124.807860348789 and parameters: {'alpha_0': 0.002759462631811877, 'alpha_1': 0.00019556199695666465, 'alpha_2': 0.00010771582004038754, 'beta_0': 0.16890386673783836, 'beta_1': 1.0440453832174914, 'beta_2': 0.7353760309669047, 'beta_3': 0.001238596052356533, 'beta_4': 1.040492973683225e-06, 'beta_5': 0.535555955986585, 'beta_6': 1.8321234773634516e-05, 'beta_7': 0.03436005658154481, 'beta_8': 0.013613865922716212, 'beta_9': 6.68458323933727e-05, 'beta_10': 8.344476884739409e-07}. Best is trial 35 with value: 4798.705537280949.
[I 2026-03-30 19:53:23,700] Trial 45 finished with value: 6682.504464746744 and parameters: {'alpha_0': 0.002271761899207631, 'alpha_1': 0.0002696404119888018, 'alpha_2': 0.00018460542331768674, 'beta_0': 0.14414299780967568, 'beta_1': 1.0867525203170523, 'beta_2': 0.3608473795337692, 'beta_3': 0.0008627853969934249, 'beta_4': 1.303080014427498e-06, 'beta_5': 0.7266120074163509, 'beta_6': 1.7005018859260976e-05, 'beta_7': 0.029722395286789004, 'beta_8': 0.006578377039072263, 'beta_9': 8.787020895357814e-05, 'beta_10': 2.836811091736247e-07}. Best is trial 35 with value: 4798.705537280949.
[I 2026-03-30 19:53:54,920] Trial 46 finished with value: 5761.560055989926 and parameters: {'alpha_0': 0.0034823246504961077, 'alpha_1': 0.0001780323141813334, 'alpha_2': 0.00023832019954225407, 'beta_0': 0.23759139068584303, 'beta_1': 1.1823031482264987, 'beta_2': 1.0261893495183811, 'beta_3': 0.0010487183777159112, 'beta_4': 5.317463043982565e-07, 'beta_5': 0.6089978833690134, 'beta_6': 1.56672513763446e-05, 'beta_7': 0.024625583481654154, 'beta_8': 0.005852925388988781, 'beta_9': 9.450085059299034e-05, 'beta_10': 3.5212712262416376e-07}. Best is trial 35 with value: 4798.705537280949.
[I 2026-03-30 19:54:04,227] Trial 47 finished with value: 6794.11738571882 and parameters: {'alpha_0': 0.0019284645658765704, 'alpha_1': 8.68643145296156e-05, 'alpha_2': 0.00020195207336610107, 'beta_0': 0.2184496486651894, 'beta_1': 1.0059875910955656, 'beta_2': 0.6438295563073448, 'beta_3': 0.0012794371328851643, 'beta_4': 6.784416794151436e-07, 'beta_5': 0.805389046552789, 'beta_6': 1.1014828131142933e-05, 'beta_7': 0.017566673881866297, 'beta_8': 0.01573880023267048, 'beta_9': 6.992971677022777e-05, 'beta_10': 4.1414495426741936e-07}. Best is trial 35 with value: 4798.705537280949.
[I 2026-03-30 19:54:20,751] Trial 48 finished with value: 9306.259971023452 and parameters: {'alpha_0': 0.002292598401229969, 'alpha_1': 0.00025107211261439033, 'alpha_2': 0.00015003175049371894, 'beta_0': 0.1540209552885872, 'beta_1': 1.114572462661927, 'beta_2': 0.8276649733595843, 'beta_3': 0.0015940485553381008, 'beta_4': 1.5501918909158997e-06, 'beta_5': 0.7053536826382362, 'beta_6': 2.6484836239038592e-05, 'beta_7': 0.019846330949755898, 'beta_8': 0.00863309405171116, 'beta_9': 8.106356052230173e-05, 'beta_10': 5.527388646271474e-07}. Best is trial 35 with value: 4798.705537280949.
[I 2026-03-30 19:54:51,667] Trial 49 finished with value: 5246.619551390173 and parameters: {'alpha_0': 0.002954361826315727, 'alpha_1': 0.0002256369251179348, 'alpha_2': 0.0002181895753585788, 'beta_0': 0.1818093977877755, 'beta_1': 1.461646217486329, 'beta_2': 0.6879518957408165, 'beta_3': 0.00047700415691641763, 'beta_4': 8.737255725712505e-07, 'beta_5': 0.7534081071337919, 'beta_6': 1.4148215982385564e-05, 'beta_7': 0.02832298615182123, 'beta_8': 0.005619470538551916, 'beta_9': 5.571327826564078e-05, 'beta_10': 4.971346277347299e-07}. Best is trial 35 with value: 4798.705537280949.
[I 2026-03-30 19:55:01,020] Trial 50 finished with value: 8217.00426904091 and parameters: {'alpha_0': 0.0029668384373164416, 'alpha_1': 0.00022324024782336273, 'alpha_2': 0.00021671702225061645, 'beta_0': 0.17178827145723313, 'beta_1': 1.4915225787159638, 'beta_2': 0.7185289822536097, 'beta_3': 0.0004318826731124915, 'beta_4': 1.0959203912459205e-06, 'beta_5': 0.8243314504680287, 'beta_6': 1.4270065461932238e-05, 'beta_7': 0.02834523082543766, 'beta_8': 0.01876273376600808, 'beta_9': 5.0012563210705695e-05, 'beta_10': 5.023131801682097e-07}. Best is trial 35 with value: 4798.705537280949.
[I 2026-03-30 19:55:31,644] Trial 51 finished with value: 4956.331632803077 and parameters: {'alpha_0': 0.0025577616118796303, 'alpha_1': 0.00024088622118989832, 'alpha_2': 0.00019140493561125904, 'beta_0': 0.18256449106754755, 'beta_1': 1.4268463199266819, 'beta_2': 0.6020715628808146, 'beta_3': 0.0006583041167957494, 'beta_4': 8.843104239539578e-07, 'beta_5': 0.7510690414261298, 'beta_6': 1.500332613883872e-05, 'beta_7': 0.02584462655840924, 'beta_8': 0.005021310095602243, 'beta_9': 5.804816278613077e-05, 'beta_10': 6.446143345791599e-07}. Best is trial 35 with value: 4798.705537280949.
[I 2026-03-30 19:56:02,449] Trial 52 finished with value: 5574.108364709172 and parameters: {'alpha_0': 0.002680707209760216, 'alpha_1': 0.00024104144332609494, 'alpha_2': 0.00022025356614440242, 'beta_0': 0.1975699257019908, 'beta_1': 1.4570458415654124, 'beta_2': 0.604346337637625, 'beta_3': 0.0006672330280448005, 'beta_4': 8.643899763154417e-07, 'beta_5': 0.754485800338078, 'beta_6': 1.3520993086569612e-05, 'beta_7': 0.02616854322387657, 'beta_8': 0.005750726650822625, 'beta_9': 5.528691257867442e-05, 'beta_10': 6.420744389034176e-07}. Best is trial 35 with value: 4798.705537280949.
[I 2026-03-30 19:56:33,202] Trial 53 finished with value: 7307.9042426487795 and parameters: {'alpha_0': 0.0031054470099996056, 'alpha_1': 0.00025290253513073524, 'alpha_2': 0.00019337320548623067, 'beta_0': 0.18206083497585093, 'beta_1': 1.412324248637289, 'beta_2': 0.5255238291374409, 'beta_3': 0.0005467636620654353, 'beta_4': 1.16538453147499e-06, 'beta_5': 0.7820369186825828, 'beta_6': 1.4784356916064267e-05, 'beta_7': 0.032050282780987156, 'beta_8': 0.007533306106326647, 'beta_9': 6.0179138571986345e-05, 'beta_10': 6.891384638414995e-07}. Best is trial 35 with value: 4798.705537280949.
[I 2026-03-30 19:57:04,180] Trial 54 finished with value: 6315.134678326031 and parameters: {'alpha_0': 0.003837109476462767, 'alpha_1': 0.00014626547324372998, 'alpha_2': 0.0002421474703631403, 'beta_0': 0.16276012599303735, 'beta_1': 1.5285143080096852, 'beta_2': 0.6884374195196448, 'beta_3': 0.0007109343840789073, 'beta_4': 8.469427081862e-07, 'beta_5': 0.7344761272642732, 'beta_6': 1.606898892935445e-05, 'beta_7': 0.03396192850801102, 'beta_8': 0.006708038095918072, 'beta_9': 4.311208109253781e-05, 'beta_10': 5.372266626170555e-07}. Best is trial 35 with value: 4798.705537280949.
[I 2026-03-30 19:57:34,723] Trial 55 finished with value: 5275.709651397753 and parameters: {'alpha_0': 0.0028168100216553965, 'alpha_1': 0.00028267436284085666, 'alpha_2': 0.000177372101318049, 'beta_0': 0.1723773248632325, 'beta_1': 1.376378348933135, 'beta_2': 0.6698545453905768, 'beta_3': 0.0009100717850490776, 'beta_4': 9.561288605493294e-07, 'beta_5': 0.37194746587554367, 'beta_6': 1.3100805437791088e-05, 'beta_7': 0.025521719999765817, 'beta_8': 0.005040862931640265, 'beta_9': 5.743675161825846e-05, 'beta_10': 6.228843671838983e-07}. Best is trial 35 with value: 4798.705537280949.
[I 2026-03-30 19:57:51,090] Trial 56 finished with value: 9472.796818726662 and parameters: {'alpha_0': 0.0020259285051007314, 'alpha_1': 0.0002867089780835898, 'alpha_2': 0.00017074627853938407, 'beta_0': 0.1718388580450694, 'beta_1': 1.3850490318725284, 'beta_2': 0.6542041343759363, 'beta_3': 0.0009237746611915071, 'beta_4': 1.7550303245758465e-06, 'beta_5': 0.3967689271705365, 'beta_6': 1.3157730312614145e-05, 'beta_7': 0.02831324346081397, 'beta_8': 0.009240363783422825, 'beta_9': 5.293007163068164e-05, 'beta_10': 6.134510505019235e-07}. Best is trial 35 with value: 4798.705537280949.Best trial: 35. Best value: 4798.71:  22%|██▏       | 56/250 [20:28<1:32:57, 28.75s/it]Best trial: 35. Best value: 4798.71:  22%|██▏       | 56/250 [20:28<1:32:57, 28.75s/it]Best trial: 35. Best value: 4798.71:  23%|██▎       | 57/250 [20:28<1:20:31, 25.03s/it]                                                                                       Best trial: 35. Best value: 4798.71:  23%|██▎       | 57/250 [20:58<1:20:31, 25.03s/it]Best trial: 35. Best value: 4798.71:  23%|██▎       | 57/250 [20:58<1:20:31, 25.03s/it]Best trial: 35. Best value: 4798.71:  23%|██▎       | 58/250 [20:58<1:25:15, 26.64s/it]                                                                                       Best trial: 35. Best value: 4798.71:  23%|██▎       | 58/250 [21:28<1:25:15, 26.64s/it]Best trial: 35. Best value: 4798.71:  23%|██▎       | 58/250 [21:28<1:25:15, 26.64s/it]Best trial: 35. Best value: 4798.71:  24%|██▎       | 59/250 [21:28<1:28:30, 27.80s/it]                                                                                       Best trial: 35. Best value: 4798.71:  24%|██▎       | 59/250 [21:38<1:28:30, 27.80s/it]Best trial: 35. Best value: 4798.71:  24%|██▎       | 59/250 [21:38<1:28:30, 27.80s/it]Best trial: 35. Best value: 4798.71:  24%|██▍       | 60/250 [21:38<1:10:26, 22.24s/it]                                                                                       Best trial: 35. Best value: 4798.71:  24%|██▍       | 60/250 [22:09<1:10:26, 22.24s/it]Best trial: 35. Best value: 4798.71:  24%|██▍       | 60/250 [22:09<1:10:26, 22.24s/it]Best trial: 35. Best value: 4798.71:  24%|██▍       | 61/250 [22:09<1:18:23, 24.89s/it]                                                                                       Best trial: 35. Best value: 4798.71:  24%|██▍       | 61/250 [22:40<1:18:23, 24.89s/it]Best trial: 35. Best value: 4798.71:  24%|██▍       | 61/250 [22:40<1:18:23, 24.89s/it]Best trial: 35. Best value: 4798.71:  25%|██▍       | 62/250 [22:40<1:23:33, 26.67s/it]                                                                                       Best trial: 35. Best value: 4798.71:  25%|██▍       | 62/250 [23:10<1:23:33, 26.67s/it]Best trial: 35. Best value: 4798.71:  25%|██▍       | 62/250 [23:10<1:23:33, 26.67s/it]Best trial: 35. Best value: 4798.71:  25%|██▌       | 63/250 [23:10<1:26:58, 27.91s/it]                                                                                       Best trial: 35. Best value: 4798.71:  25%|██▌       | 63/250 [23:41<1:26:58, 27.91s/it]Best trial: 35. Best value: 4798.71:  25%|██▌       | 63/250 [23:41<1:26:58, 27.91s/it]Best trial: 35. Best value: 4798.71:  26%|██▌       | 64/250 [23:41<1:29:16, 28.80s/it]                                                                                       Best trial: 35. Best value: 4798.71:  26%|██▌       | 64/250 [24:12<1:29:16, 28.80s/it]Best trial: 35. Best value: 4798.71:  26%|██▌       | 64/250 [24:12<1:29:16, 28.80s/it]Best trial: 35. Best value: 4798.71:  26%|██▌       | 65/250 [24:12<1:30:48, 29.45s/it]                                                                                       Best trial: 35. Best value: 4798.71:  26%|██▌       | 65/250 [24:43<1:30:48, 29.45s/it]Best trial: 35. Best value: 4798.71:  26%|██▌       | 65/250 [24:43<1:30:48, 29.45s/it]Best trial: 35. Best value: 4798.71:  26%|██▋       | 66/250 [24:43<1:31:10, 29.73s/it]                                                                                       Best trial: 35. Best value: 4798.71:  26%|██▋       | 66/250 [25:13<1:31:10, 29.73s/it]Best trial: 35. Best value: 4798.71:  26%|██▋       | 66/250 [25:13<1:31:10, 29.73s/it]Best trial: 35. Best value: 4798.71:  27%|██▋       | 67/250 [25:13<1:31:30, 30.00s/it]                                                                                       Best trial: 35. Best value: 4798.71:  27%|██▋       | 67/250 [25:44<1:31:30, 30.00s/it]Best trial: 35. Best value: 4798.71:  27%|██▋       | 67/250 [25:44<1:31:30, 30.00s/it]Best trial: 35. Best value: 4798.71:  27%|██▋       | 68/250 [25:44<1:32:00, 30.33s/it]                                                                                       Best trial: 35. Best value: 4798.71:  27%|██▋       | 68/250 [26:15<1:32:00, 30.33s/it]Best trial: 35. Best value: 4798.71:  27%|██▋       | 68/250 [26:15<1:32:00, 30.33s/it]Best trial: 35. Best value: 4798.71:  28%|██▊       | 69/250 [26:15<1:31:44, 30.41s/it]                                                                                       Best trial: 35. Best value: 4798.71:  28%|██▊       | 69/250 [26:46<1:31:44, 30.41s/it]Best trial: 35. Best value: 4798.71:  28%|██▊       | 69/250 [26:46<1:31:44, 30.41s/it]Best trial: 35. Best value: 4798.71:  28%|██▊       | 70/250 [26:46<1:31:33, 30.52s/it]                                                                                       
[I 2026-03-30 19:58:21,482] Trial 57 finished with value: 5937.982547079157 and parameters: {'alpha_0': 0.0027993769795575966, 'alpha_1': 0.0002809126409211253, 'alpha_2': 0.00017770211044991643, 'beta_0': 0.19240778974960718, 'beta_1': 1.345143157289616, 'beta_2': 0.5491031650520688, 'beta_3': 0.0007940547069412514, 'beta_4': 9.813735574636901e-07, 'beta_5': 0.38095219247913503, 'beta_6': 1.1116337041979107e-05, 'beta_7': 0.04398996332263784, 'beta_8': 0.005818586687605064, 'beta_9': 5.891263638526253e-05, 'beta_10': 6.750361602824501e-07}. Best is trial 35 with value: 4798.705537280949.
[I 2026-03-30 19:58:51,991] Trial 58 finished with value: 7947.4248270293865 and parameters: {'alpha_0': 0.0032569815234044456, 'alpha_1': 0.0002651339968976097, 'alpha_2': 0.0001908421213833616, 'beta_0': 0.20750871178027533, 'beta_1': 1.4596287987910088, 'beta_2': 0.48205532525901806, 'beta_3': 0.0005413771509855663, 'beta_4': 1.2571411189409696e-06, 'beta_5': 0.5164748485362528, 'beta_6': 1.450308829625432e-05, 'beta_7': 0.021706179038390366, 'beta_8': 0.008246866670987127, 'beta_9': 6.33909481987839e-05, 'beta_10': 4.831803045592747e-07}. Best is trial 35 with value: 4798.705537280949.
[I 2026-03-30 19:59:01,262] Trial 59 finished with value: 9418.441139138335 and parameters: {'alpha_0': 0.001777683271764007, 'alpha_1': 0.00015954016522639345, 'alpha_2': 0.00016332672610126444, 'beta_0': 0.14857528818877022, 'beta_1': 1.4355464728650915, 'beta_2': 0.5971277195462279, 'beta_3': 0.0007396714248859505, 'beta_4': 9.813469663013275e-07, 'beta_5': 0.45632825557595047, 'beta_6': 1.257783249769085e-05, 'beta_7': 0.038217701862270095, 'beta_8': 0.021603552869174352, 'beta_9': 4.7901982231018405e-05, 'beta_10': 7.5742456382691e-07}. Best is trial 35 with value: 4798.705537280949.
[I 2026-03-30 19:59:32,319] Trial 60 finished with value: 6367.544703076599 and parameters: {'alpha_0': 0.002464545352463137, 'alpha_1': 0.00014165434572075667, 'alpha_2': 0.00013612556873273532, 'beta_0': 0.13898418768248263, 'beta_1': 1.3265535814148237, 'beta_2': 0.7525870354643273, 'beta_3': 0.0004459422300274974, 'beta_4': 1.131412943162327e-06, 'beta_5': 0.31197204479415064, 'beta_6': 1.575254429183425e-05, 'beta_7': 0.023930877240009446, 'beta_8': 0.006928074925232573, 'beta_9': 5.462873233804541e-05, 'beta_10': 6.509389514230018e-07}. Best is trial 35 with value: 4798.705537280949.
[I 2026-03-30 20:00:03,150] Trial 61 finished with value: 5398.3127535128815 and parameters: {'alpha_0': 0.002599688326185631, 'alpha_1': 0.00021797395206894597, 'alpha_2': 0.00020978793002945518, 'beta_0': 0.16223588252847138, 'beta_1': 1.5075759640655129, 'beta_2': 0.6723801686506823, 'beta_3': 0.0010067158379062134, 'beta_4': 7.334006137104521e-07, 'beta_5': 0.6806404409989731, 'beta_6': 1.714953260609743e-05, 'beta_7': 0.025490601330017116, 'beta_8': 0.005360750748136684, 'beta_9': 6.474076061594839e-05, 'beta_10': 5.729228480278342e-07}. Best is trial 35 with value: 4798.705537280949.
