[I 2026-03-30 21:13:02,101] Trial 210 finished with value: 4270.876269717457 and parameters: {'alpha_0': 0.0021919685385954745, 'alpha_1': 0.00014623706897351423, 'alpha_2': 0.00012156889488399705, 'beta_0': 0.2548630190312013, 'beta_1': 1.1523057588538317, 'beta_2': 0.8692370000676484, 'beta_3': 0.0004030948295934611, 'beta_4': 1.000442819976208e-07, 'beta_5': 0.8024140189209573, 'beta_6': 2.8784371830132674e-05, 'beta_7': 0.027178915686396934, 'beta_8': 0.005011402255500557, 'beta_9': 5.657491284618917e-05, 'beta_10': 9.824910553008256e-07}. Best is trial 210 with value: 4270.876269717457.Best trial: 209. Best value: 4298.8:  84%|████████▍ | 210/250 [1:35:39<18:50, 28.26s/it]Best trial: 210. Best value: 4270.88:  84%|████████▍ | 210/250 [1:35:39<18:50, 28.26s/it]Best trial: 210. Best value: 4270.88:  84%|████████▍ | 211/250 [1:35:39<18:48, 28.94s/it]                                                                                         Best trial: 210. Best value: 4270.88:  84%|████████▍ | 211/250 [1:36:09<18:48, 28.94s/it]Best trial: 210. Best value: 4270.88:  84%|████████▍ | 211/250 [1:36:09<18:48, 28.94s/it]Best trial: 210. Best value: 4270.88:  85%|████████▍ | 212/250 [1:36:09<18:42, 29.54s/it]                                                                                         Best trial: 210. Best value: 4270.88:  85%|████████▍ | 212/250 [1:36:40<18:42, 29.54s/it]Best trial: 210. Best value: 4270.88:  85%|████████▍ | 212/250 [1:36:40<18:42, 29.54s/it]Best trial: 210. Best value: 4270.88:  85%|████████▌ | 213/250 [1:36:40<18:28, 29.96s/it]                                                                                         Best trial: 210. Best value: 4270.88:  85%|████████▌ | 213/250 [1:37:11<18:28, 29.96s/it]Best trial: 210. Best value: 4270.88:  85%|████████▌ | 213/250 [1:37:11<18:28, 29.96s/it]Best trial: 210. Best value: 4270.88:  86%|████████▌ | 214/250 [1:37:11<18:04, 30.12s/it]                                                                                         Best trial: 210. Best value: 4270.88:  86%|████████▌ | 214/250 [1:37:42<18:04, 30.12s/it]Best trial: 210. Best value: 4270.88:  86%|████████▌ | 214/250 [1:37:42<18:04, 30.12s/it]Best trial: 210. Best value: 4270.88:  86%|████████▌ | 215/250 [1:37:42<17:39, 30.28s/it]                                                                                         Best trial: 210. Best value: 4270.88:  86%|████████▌ | 215/250 [1:38:12<17:39, 30.28s/it]Best trial: 210. Best value: 4270.88:  86%|████████▌ | 215/250 [1:38:12<17:39, 30.28s/it]Best trial: 210. Best value: 4270.88:  86%|████████▋ | 216/250 [1:38:12<17:11, 30.33s/it]                                                                                         Best trial: 210. Best value: 4270.88:  86%|████████▋ | 216/250 [1:38:43<17:11, 30.33s/it]Best trial: 210. Best value: 4270.88:  86%|████████▋ | 216/250 [1:38:43<17:11, 30.33s/it]Best trial: 210. Best value: 4270.88:  87%|████████▋ | 217/250 [1:38:43<16:46, 30.51s/it]                                                                                         Best trial: 210. Best value: 4270.88:  87%|████████▋ | 217/250 [1:39:14<16:46, 30.51s/it]Best trial: 210. Best value: 4270.88:  87%|████████▋ | 217/250 [1:39:14<16:46, 30.51s/it]Best trial: 210. Best value: 4270.88:  87%|████████▋ | 218/250 [1:39:14<16:18, 30.59s/it]                                                                                         Best trial: 210. Best value: 4270.88:  87%|████████▋ | 218/250 [1:39:44<16:18, 30.59s/it]Best trial: 210. Best value: 4270.88:  87%|████████▋ | 218/250 [1:39:44<16:18, 30.59s/it]Best trial: 210. Best value: 4270.88:  88%|████████▊ | 219/250 [1:39:44<15:45, 30.49s/it]                                                                                         Best trial: 210. Best value: 4270.88:  88%|████████▊ | 219/250 [1:39:57<15:45, 30.49s/it]Best trial: 210. Best value: 4270.88:  88%|████████▊ | 219/250 [1:39:57<15:45, 30.49s/it]Best trial: 210. Best value: 4270.88:  88%|████████▊ | 220/250 [1:39:57<12:40, 25.36s/it]                                                                                         Best trial: 210. Best value: 4270.88:  88%|████████▊ | 220/250 [1:40:29<12:40, 25.36s/it]Best trial: 210. Best value: 4270.88:  88%|████████▊ | 220/250 [1:40:29<12:40, 25.36s/it]Best trial: 210. Best value: 4270.88:  88%|████████▊ | 221/250 [1:40:29<13:06, 27.11s/it]                                                                                         Best trial: 210. Best value: 4270.88:  88%|████████▊ | 221/250 [1:40:59<13:06, 27.11s/it]Best trial: 210. Best value: 4270.88:  88%|████████▊ | 221/250 [1:40:59<13:06, 27.11s/it]Best trial: 210. Best value: 4270.88:  89%|████████▉ | 222/250 [1:40:59<13:09, 28.20s/it]                                                                                         Best trial: 210. Best value: 4270.88:  89%|████████▉ | 222/250 [1:41:30<13:09, 28.20s/it]Best trial: 210. Best value: 4270.88:  89%|████████▉ | 222/250 [1:41:30<13:09, 28.20s/it]Best trial: 210. Best value: 4270.88:  89%|████████▉ | 223/250 [1:41:30<12:58, 28.83s/it]                                                                                         Best trial: 210. Best value: 4270.88:  89%|████████▉ | 223/250 [1:42:00<12:58, 28.83s/it]Best trial: 210. Best value: 4270.88:  89%|████████▉ | 223/250 [1:42:00<12:58, 28.83s/it]Best trial: 210. Best value: 4270.88:  90%|████████▉ | 224/250 [1:42:00<12:40, 29.26s/it]                                                                                         
[I 2026-03-30 21:13:33,031] Trial 211 finished with value: 4637.332439010889 and parameters: {'alpha_0': 0.002146605655983112, 'alpha_1': 0.0001386185106978908, 'alpha_2': 0.00012110678142341418, 'beta_0': 0.25496422857410467, 'beta_1': 1.1567769310674152, 'beta_2': 0.875000883973041, 'beta_3': 0.0004059571448956051, 'beta_4': 1.259890007653952e-07, 'beta_5': 0.8066638568514458, 'beta_6': 2.8475674732840883e-05, 'beta_7': 0.027741628049729444, 'beta_8': 0.00542995575178616, 'beta_9': 5.6676132362601014e-05, 'beta_10': 9.843800503520198e-07}. Best is trial 210 with value: 4270.876269717457.
[I 2026-03-30 21:14:03,995] Trial 212 finished with value: 4328.375603689003 and parameters: {'alpha_0': 0.0023582764949757907, 'alpha_1': 0.00014642853628236605, 'alpha_2': 0.00011565468002851767, 'beta_0': 0.25300246399737353, 'beta_1': 1.1476097795255422, 'beta_2': 0.8944284687570121, 'beta_3': 0.0004479863325509008, 'beta_4': 1.8068143130783743e-07, 'beta_5': 0.7880846118284797, 'beta_6': 2.881533650033711e-05, 'beta_7': 0.026909452468131898, 'beta_8': 0.005021707487705874, 'beta_9': 5.4524078751698876e-05, 'beta_10': 9.619746666437883e-07}. Best is trial 210 with value: 4270.876269717457.
[I 2026-03-30 21:14:34,481] Trial 213 finished with value: 4917.559925593421 and parameters: {'alpha_0': 0.0022181706598931785, 'alpha_1': 0.00014317080821462177, 'alpha_2': 0.00011802257598606101, 'beta_0': 0.2524128008078602, 'beta_1': 1.1489309282653883, 'beta_2': 0.8658126946232847, 'beta_3': 0.0004475914393125852, 'beta_4': 1.1078858443442921e-07, 'beta_5': 0.7889231189796563, 'beta_6': 2.8840403291308008e-05, 'beta_7': 0.0269502203754268, 'beta_8': 0.005676010060553513, 'beta_9': 5.4072142646797254e-05, 'beta_10': 9.602147775294448e-07}. Best is trial 210 with value: 4270.876269717457.
[I 2026-03-30 21:15:05,145] Trial 214 finished with value: 4636.9502970030135 and parameters: {'alpha_0': 0.0023305488160100937, 'alpha_1': 0.0001462277083396169, 'alpha_2': 0.0001236414309709964, 'beta_0': 0.24141383260901367, 'beta_1': 1.143361112588924, 'beta_2': 0.9394044162968844, 'beta_3': 0.00046407795353835133, 'beta_4': 1.7457959916887605e-07, 'beta_5': 0.8065644667978443, 'beta_6': 2.9001581047693747e-05, 'beta_7': 0.025439459228915343, 'beta_8': 0.005348074243628446, 'beta_9': 5.551071895300486e-05, 'beta_10': 9.748026926210234e-07}. Best is trial 210 with value: 4270.876269717457.
[I 2026-03-30 21:15:35,582] Trial 215 finished with value: 4315.008033420887 and parameters: {'alpha_0': 0.0023859686890126608, 'alpha_1': 0.00015236686601830966, 'alpha_2': 0.00011643597605279817, 'beta_0': 0.2565535262552993, 'beta_1': 1.12503836734157, 'beta_2': 0.88884396751575, 'beta_3': 0.0004019822994619443, 'beta_4': 2.3635171918893672e-07, 'beta_5': 0.786457791770669, 'beta_6': 2.8195111624313298e-05, 'beta_7': 0.025988178576550426, 'beta_8': 0.005026594605711628, 'beta_9': 5.847861058450177e-05, 'beta_10': 9.247139201654923e-07}. Best is trial 210 with value: 4270.876269717457.
[I 2026-03-30 21:16:06,518] Trial 216 finished with value: 5350.592704714365 and parameters: {'alpha_0': 0.0023974050981856268, 'alpha_1': 0.0001468439268851005, 'alpha_2': 0.0001153613491571076, 'beta_0': 0.25644896850605586, 'beta_1': 1.1315486821767426, 'beta_2': 0.8927839879450943, 'beta_3': 0.000409940277473925, 'beta_4': 2.3751500768168848e-07, 'beta_5': 0.7969418843864616, 'beta_6': 2.8124278355530917e-05, 'beta_7': 0.025919596619767248, 'beta_8': 0.006150932044787394, 'beta_9': 5.811912129267584e-05, 'beta_10': 9.520737534981776e-07}. Best is trial 210 with value: 4270.876269717457.
[I 2026-03-30 21:16:37,298] Trial 217 finished with value: 5067.208162763394 and parameters: {'alpha_0': 0.0021708569679936935, 'alpha_1': 0.00012860218352361228, 'alpha_2': 0.00012017355337450421, 'beta_0': 0.2562061707340279, 'beta_1': 1.1446823726044901, 'beta_2': 0.9248400546353038, 'beta_3': 0.0005220188381585895, 'beta_4': 1.0728142783954099e-07, 'beta_5': 0.7829418551310471, 'beta_6': 2.858221989516449e-05, 'beta_7': 0.028611966249390657, 'beta_8': 0.005799713553007124, 'beta_9': 5.895470764248257e-05, 'beta_10': 9.177360201056406e-07}. Best is trial 210 with value: 4270.876269717457.
[I 2026-03-30 21:17:07,537] Trial 218 finished with value: 4609.343024015129 and parameters: {'alpha_0': 0.0025931246995541885, 'alpha_1': 0.00014770642348236528, 'alpha_2': 8.05019774356145e-05, 'beta_0': 0.2384178502143978, 'beta_1': 1.128980166089799, 'beta_2': 0.8650598900243248, 'beta_3': 0.00044759009574466647, 'beta_4': 1.9463506133448802e-07, 'beta_5': 0.7829425663593651, 'beta_6': 2.9014038186898207e-05, 'beta_7': 0.023945264069867005, 'beta_8': 0.005331049375674085, 'beta_9': 6.100643188137708e-05, 'beta_10': 9.304272155096117e-07}. Best is trial 210 with value: 4270.876269717457.
[I 2026-03-30 21:17:20,929] Trial 219 finished with value: 11681.648270741087 and parameters: {'alpha_0': 0.0023014829154410117, 'alpha_1': 0.00015375211126213926, 'alpha_2': 0.00011438540688291478, 'beta_0': 0.2439175421280847, 'beta_1': 1.1251565115270417, 'beta_2': 0.89176126820742, 'beta_3': 0.0004020963076070948, 'beta_4': 1.6332163450862617e-07, 'beta_5': 0.7964487627659625, 'beta_6': 2.815984207093304e-05, 'beta_7': 0.02669183454953892, 'beta_8': 0.01294321642354565, 'beta_9': 5.346345949934595e-05, 'beta_10': 9.999035024921655e-07}. Best is trial 210 with value: 4270.876269717457.
[I 2026-03-30 21:17:52,113] Trial 220 finished with value: 5748.053255782963 and parameters: {'alpha_0': 0.0020859562352222847, 'alpha_1': 0.00015958188848792972, 'alpha_2': 9.728640576975612e-05, 'beta_0': 0.24875789745427399, 'beta_1': 1.1598661729882769, 'beta_2': 0.9152063084957629, 'beta_3': 0.0005433670689099386, 'beta_4': 1.5669057174145143e-06, 'beta_5': 0.7685971689270105, 'beta_6': 2.7367269072026406e-05, 'beta_7': 0.022716811609391208, 'beta_8': 0.005008127919585203, 'beta_9': 5.6848810164037936e-05, 'beta_10': 9.69764904839426e-07}. Best is trial 210 with value: 4270.876269717457.
[I 2026-03-30 21:18:22,853] Trial 221 finished with value: 4377.676959569166 and parameters: {'alpha_0': 0.0022215221616515087, 'alpha_1': 0.00013813652605273023, 'alpha_2': 0.00012391032813013035, 'beta_0': 0.2519971522464828, 'beta_1': 1.1176611164255186, 'beta_2': 0.8465237065534957, 'beta_3': 0.0004866865483138182, 'beta_4': 2.6557796589809416e-07, 'beta_5': 0.7548472341015389, 'beta_6': 2.8711238646513565e-05, 'beta_7': 0.027667542867530513, 'beta_8': 0.005022041166234641, 'beta_9': 5.460029745659065e-05, 'beta_10': 9.540292187963073e-07}. Best is trial 210 with value: 4270.876269717457.
[I 2026-03-30 21:18:53,179] Trial 222 finished with value: 4662.699770093067 and parameters: {'alpha_0': 0.002238754630570772, 'alpha_1': 0.00013580415272794263, 'alpha_2': 0.00012623575477450558, 'beta_0': 0.2525745238148258, 'beta_1': 1.116491325645613, 'beta_2': 0.8450545807440224, 'beta_3': 0.0004694143993301487, 'beta_4': 2.437594292295735e-07, 'beta_5': 0.7549504361523857, 'beta_6': 2.857212012422285e-05, 'beta_7': 0.027626854579913138, 'beta_8': 0.005369096434194434, 'beta_9': 5.490242001732249e-05, 'beta_10': 9.544956017655051e-07}. Best is trial 210 with value: 4270.876269717457.
[I 2026-03-30 21:19:23,441] Trial 223 finished with value: 4419.7036350417975 and parameters: {'alpha_0': 0.002387610120499696, 'alpha_1': 0.00013231693167323717, 'alpha_2': 0.00012132958814288527, 'beta_0': 0.25688648427159205, 'beta_1': 1.1332981989078963, 'beta_2': 0.8804953129014139, 'beta_3': 0.0005135269097766484, 'beta_4': 2.2172682047747773e-07, 'beta_5': 0.7745001217809937, 'beta_6': 2.9331171352839237e-05, 'beta_7': 0.02880003706591136, 'beta_8': 0.005042419647259906, 'beta_9': 5.292341254772638e-05, 'beta_10': 9.826392725933759e-07}. Best is trial 210 with value: 4270.876269717457.
[I 2026-03-30 21:19:54,326] Trial 224 finished with value: 4909.684143895456 and parameters: {'alpha_0': 0.002401907296167703, 'alpha_1': 0.0001363744220293536, 'alpha_2': 0.0001226876645154924, 'beta_0': 0.2579253820248236, 'beta_1': 1.1468900010897027, 'beta_2': 0.8858189766837717, 'beta_3': 0.00040058047665237164, 'beta_4': 2.6769091125370676e-07, 'beta_5': 0.7858434999204873, 'beta_6': 2.9432143494113485e-05, 'beta_7': 0.02473323056558787, 'beta_8': 0.005696294925253668, 'beta_9': 5.622235072469335e-05, 'beta_10': 9.81763590787883e-07}. Best is trial 210 with value: 4270.876269717457.Best trial: 210. Best value: 4270.88:  90%|████████▉ | 224/250 [1:42:31<12:40, 29.26s/it]Best trial: 210. Best value: 4270.88:  90%|████████▉ | 224/250 [1:42:31<12:40, 29.26s/it]Best trial: 210. Best value: 4270.88:  90%|█████████ | 225/250 [1:42:31<12:23, 29.75s/it]                                                                                         Best trial: 210. Best value: 4270.88:  90%|█████████ | 225/250 [1:43:01<12:23, 29.75s/it]Best trial: 210. Best value: 4270.88:  90%|█████████ | 225/250 [1:43:01<12:23, 29.75s/it]Best trial: 210. Best value: 4270.88:  90%|█████████ | 226/250 [1:43:01<12:00, 30.01s/it]                                                                                         Best trial: 210. Best value: 4270.88:  90%|█████████ | 226/250 [1:43:32<12:00, 30.01s/it]Best trial: 210. Best value: 4270.88:  90%|█████████ | 226/250 [1:43:32<12:00, 30.01s/it]Best trial: 210. Best value: 4270.88:  91%|█████████ | 227/250 [1:43:32<11:33, 30.16s/it]                                                                                         Best trial: 210. Best value: 4270.88:  91%|█████████ | 227/250 [1:44:02<11:33, 30.16s/it]Best trial: 210. Best value: 4270.88:  91%|█████████ | 227/250 [1:44:02<11:33, 30.16s/it]Best trial: 210. Best value: 4270.88:  91%|█████████ | 228/250 [1:44:02<11:04, 30.20s/it]                                                                                         Best trial: 210. Best value: 4270.88:  91%|█████████ | 228/250 [1:44:33<11:04, 30.20s/it]Best trial: 210. Best value: 4270.88:  91%|█████████ | 228/250 [1:44:33<11:04, 30.20s/it]Best trial: 210. Best value: 4270.88:  92%|█████████▏| 229/250 [1:44:33<10:37, 30.36s/it]                                                                                         Best trial: 210. Best value: 4270.88:  92%|█████████▏| 229/250 [1:45:03<10:37, 30.36s/it]Best trial: 210. Best value: 4270.88:  92%|█████████▏| 229/250 [1:45:03<10:37, 30.36s/it]Best trial: 210. Best value: 4270.88:  92%|█████████▏| 230/250 [1:45:03<10:08, 30.42s/it]                                                                                         Best trial: 210. Best value: 4270.88:  92%|█████████▏| 230/250 [1:45:34<10:08, 30.42s/it]Best trial: 210. Best value: 4270.88:  92%|█████████▏| 230/250 [1:45:34<10:08, 30.42s/it]Best trial: 210. Best value: 4270.88:  92%|█████████▏| 231/250 [1:45:34<09:41, 30.59s/it]                                                                                         Best trial: 210. Best value: 4270.88:  92%|█████████▏| 231/250 [1:46:06<09:41, 30.59s/it]Best trial: 210. Best value: 4270.88:  92%|█████████▏| 231/250 [1:46:06<09:41, 30.59s/it]Best trial: 210. Best value: 4270.88:  93%|█████████▎| 232/250 [1:46:06<09:13, 30.77s/it]                                                                                         Best trial: 210. Best value: 4270.88:  93%|█████████▎| 232/250 [1:46:36<09:13, 30.77s/it]Best trial: 210. Best value: 4270.88:  93%|█████████▎| 232/250 [1:46:36<09:13, 30.77s/it]Best trial: 210. Best value: 4270.88:  93%|█████████▎| 233/250 [1:46:36<08:41, 30.68s/it]                                                                                         Best trial: 210. Best value: 4270.88:  93%|█████████▎| 233/250 [1:46:46<08:41, 30.68s/it]Best trial: 210. Best value: 4270.88:  93%|█████████▎| 233/250 [1:46:46<08:41, 30.68s/it]Best trial: 210. Best value: 4270.88:  94%|█████████▎| 234/250 [1:46:46<06:30, 24.43s/it]                                                                                         Best trial: 210. Best value: 4270.88:  94%|█████████▎| 234/250 [1:47:17<06:30, 24.43s/it]Best trial: 210. Best value: 4270.88:  94%|█████████▎| 234/250 [1:47:17<06:30, 24.43s/it]Best trial: 210. Best value: 4270.88:  94%|█████████▍| 235/250 [1:47:17<06:33, 26.27s/it]                                                                                         Best trial: 210. Best value: 4270.88:  94%|█████████▍| 235/250 [1:47:47<06:33, 26.27s/it]Best trial: 210. Best value: 4270.88:  94%|█████████▍| 235/250 [1:47:47<06:33, 26.27s/it]Best trial: 210. Best value: 4270.88:  94%|█████████▍| 236/250 [1:47:47<06:24, 27.44s/it]                                                                                         Best trial: 210. Best value: 4270.88:  94%|█████████▍| 236/250 [1:48:17<06:24, 27.44s/it]Best trial: 210. Best value: 4270.88:  94%|█████████▍| 236/250 [1:48:17<06:24, 27.44s/it]Best trial: 210. Best value: 4270.88:  95%|█████████▍| 237/250 [1:48:17<06:08, 28.35s/it]                                                                                         Best trial: 210. Best value: 4270.88:  95%|█████████▍| 237/250 [1:48:48<06:08, 28.35s/it]Best trial: 210. Best value: 4270.88:  95%|█████████▍| 237/250 [1:48:48<06:08, 28.35s/it]Best trial: 210. Best value: 4270.88:  95%|█████████▌| 238/250 [1:48:48<05:48, 29.01s/it]                                                                                         
[I 2026-03-30 21:20:24,951] Trial 225 finished with value: 4391.989070347039 and parameters: {'alpha_0': 0.002317204598599552, 'alpha_1': 0.0001424479486650603, 'alpha_2': 0.00012879181998937746, 'beta_0': 0.25295313341414305, 'beta_1': 1.1323284628750214, 'beta_2': 0.8571390051882252, 'beta_3': 0.0005064370140549744, 'beta_4': 2.2050815100997394e-07, 'beta_5': 0.7575137694806002, 'beta_6': 2.8878150253376456e-05, 'beta_7': 0.0283229896542873, 'beta_8': 0.005014392552555045, 'beta_9': 5.2668730305806685e-05, 'beta_10': 9.419698744111014e-07}. Best is trial 210 with value: 4270.876269717457.
[I 2026-03-30 21:20:55,443] Trial 226 finished with value: 4729.5443913350155 and parameters: {'alpha_0': 0.002530494242751444, 'alpha_1': 0.00014169769016099314, 'alpha_2': 0.00012733663227987288, 'beta_0': 0.25425446676394015, 'beta_1': 1.1376555925433776, 'beta_2': 0.9457751349521302, 'beta_3': 0.0005072531600275477, 'beta_4': 2.1964544400273404e-07, 'beta_5': 0.7593304507385036, 'beta_6': 2.9235760053790786e-05, 'beta_7': 0.02720666812830876, 'beta_8': 0.005406115936276989, 'beta_9': 5.266346433074722e-05, 'beta_10': 9.412552700011964e-07}. Best is trial 210 with value: 4270.876269717457.
[I 2026-03-30 21:21:25,739] Trial 227 finished with value: 5073.5449712159225 and parameters: {'alpha_0': 0.0023559793507522907, 'alpha_1': 0.00013008752523391761, 'alpha_2': 0.00012039837948955326, 'beta_0': 0.2576508977748323, 'beta_1': 1.1283126700347275, 'beta_2': 0.8990109107194116, 'beta_3': 0.0004535879090327928, 'beta_4': 2.659421994390616e-07, 'beta_5': 0.7527196875892386, 'beta_6': 2.9609328115233108e-05, 'beta_7': 0.025870072603636877, 'beta_8': 0.005845261653637233, 'beta_9': 6.01123153880334e-05, 'beta_10': 9.859890634916389e-07}. Best is trial 210 with value: 4270.876269717457.
[I 2026-03-30 21:21:56,482] Trial 228 finished with value: 4755.697048337793 and parameters: {'alpha_0': 0.0019432720446585033, 'alpha_1': 0.00015101224407332626, 'alpha_2': 0.00013157569250044662, 'beta_0': 0.25012951735502353, 'beta_1': 1.1528971005679578, 'beta_2': 0.8670819632848608, 'beta_3': 0.0005316701921743471, 'beta_4': 2.1405197780602444e-07, 'beta_5': 0.7616332235372592, 'beta_6': 2.870844186516355e-05, 'beta_7': 0.028127586353624057, 'beta_8': 0.005392052178187795, 'beta_9': 6.265519927728726e-05, 'beta_10': 9.530858493100152e-07}. Best is trial 210 with value: 4270.876269717457.
