[I 2026-03-30 19:41:27,064] Trial 15 finished with value: 5428.161784937787 and parameters: {'alpha_0': 0.002403603481699362, 'alpha_1': 0.00020572417202379938, 'alpha_2': 0.00022843663392999055, 'beta_0': 0.16648981718670355, 'beta_1': 1.1294924656522294, 'beta_2': 0.869227758618947, 'beta_3': 0.0014169803881877293, 'beta_4': 7.632975379256698e-07, 'beta_5': 0.6590865681182378, 'beta_6': 1.681573433060369e-05, 'beta_7': 0.02644074431839802, 'beta_8': 0.005041234732906008, 'beta_9': 9.859303701971934e-05, 'beta_10': 1.2261193414705653e-07}. Best is trial 15 with value: 5428.161784937787.
[I 2026-03-30 19:41:42,366] Trial 16 finished with value: 9029.003946093137 and parameters: {'alpha_0': 0.002034421992807171, 'alpha_1': 0.0002109887641631686, 'alpha_2': 0.0002487578478392997, 'beta_0': 0.1672131214120117, 'beta_1': 1.3084614127465735, 'beta_2': 0.8629277696581489, 'beta_3': 0.0015428343736686107, 'beta_4': 7.977072088654192e-07, 'beta_5': 0.6954755018140392, 'beta_6': 1.7978409909529103e-05, 'beta_7': 0.026825761923256905, 'beta_8': 0.008813720010499512, 'beta_9': 9.744455008990991e-05, 'beta_10': 1.1045886546479764e-07}. Best is trial 15 with value: 5428.161784937787.
[I 2026-03-30 19:42:12,962] Trial 17 finished with value: 5423.33508365146 and parameters: {'alpha_0': 0.0025087944326907708, 'alpha_1': 0.00020915096606496345, 'alpha_2': 0.00020698944853862606, 'beta_0': 0.18485687856719518, 'beta_1': 1.1676873023395837, 'beta_2': 0.17116518096737365, 'beta_3': 0.0010928454387548153, 'beta_4': 7.502617326985953e-07, 'beta_5': 0.6602493534957055, 'beta_6': 1.0289818812005035e-05, 'beta_7': 0.01784335693923292, 'beta_8': 0.0053446352512165115, 'beta_9': 9.993511462793782e-05, 'beta_10': 3.775796970147228e-07}. Best is trial 17 with value: 5423.33508365146.
[I 2026-03-30 19:42:27,388] Trial 18 finished with value: 9016.396902947989 and parameters: {'alpha_0': 0.0015606514313271096, 'alpha_1': 0.00023394818118105694, 'alpha_2': 0.00022455986148529295, 'beta_0': 0.18845962191623156, 'beta_1': 1.1754996621491063, 'beta_2': 0.18017407953290432, 'beta_3': 0.0010258933182293933, 'beta_4': 6.197873296942522e-07, 'beta_5': 0.8006929296451459, 'beta_6': 1.381433813233121e-05, 'beta_7': 0.013369299183094097, 'beta_8': 0.00935678054823188, 'beta_9': 8.333445164552972e-05, 'beta_10': 1.9658423194968484e-07}. Best is trial 17 with value: 5423.33508365146.
[I 2026-03-30 19:42:40,980] Trial 19 finished with value: 11403.839491787217 and parameters: {'alpha_0': 0.0025800925667506655, 'alpha_1': 0.00016752032096465112, 'alpha_2': 0.00021403943887951304, 'beta_0': 0.19344577543614536, 'beta_1': 1.331510331093528, 'beta_2': 0.17354662494592893, 'beta_3': 0.0009873451069991066, 'beta_4': 9.33337458698381e-07, 'beta_5': 0.6587065892419854, 'beta_6': 2.9852958240468187e-05, 'beta_7': 0.01938299241312319, 'beta_8': 0.011935633681634661, 'beta_9': 8.720492660151783e-05, 'beta_10': 3.9720247181735085e-07}. Best is trial 17 with value: 5423.33508365146.
[I 2026-03-30 19:43:12,216] Trial 20 finished with value: 8041.514906867586 and parameters: {'alpha_0': 0.004231348335673929, 'alpha_1': 0.0002415254188125353, 'alpha_2': 0.00021757186495117233, 'beta_0': 0.25621910578298124, 'beta_1': 1.2527964447715914, 'beta_2': 0.5803150595550811, 'beta_3': 0.0013762668207955445, 'beta_4': 1.2448130553756913e-07, 'beta_5': 0.7734401632280111, 'beta_6': 1.7689778353063798e-05, 'beta_7': 0.015625760145616834, 'beta_8': 0.007955678500553433, 'beta_9': 7.319437648692505e-05, 'beta_10': 6.401427485130928e-07}. Best is trial 17 with value: 5423.33508365146.
[I 2026-03-30 19:43:42,834] Trial 21 finished with value: 5929.07018808726 and parameters: {'alpha_0': 0.002421829086161128, 'alpha_1': 0.00020357716199453812, 'alpha_2': 0.00018583021319373505, 'beta_0': 0.13404215038867529, 'beta_1': 1.083753957665083, 'beta_2': 0.7809528345626772, 'beta_3': 0.0017738311912543433, 'beta_4': 8.013410068908845e-07, 'beta_5': 0.572011018360766, 'beta_6': 1.0044917202159332e-05, 'beta_7': 0.022202626305495715, 'beta_8': 0.005170875041666727, 'beta_9': 9.824576037247427e-05, 'beta_10': 3.634730263462401e-07}. Best is trial 17 with value: 5423.33508365146.
[I 2026-03-30 19:44:13,576] Trial 22 finished with value: 5711.923752891674 and parameters: {'alpha_0': 0.002409364646856873, 'alpha_1': 0.0002117418091237048, 'alpha_2': 0.0002007171850424025, 'beta_0': 0.1776554115298813, 'beta_1': 1.1534274305677097, 'beta_2': 0.7682434892462507, 'beta_3': 0.0017059202271952976, 'beta_4': 5.92037529809394e-07, 'beta_5': 0.6564143264103413, 'beta_6': 1.2253967752624594e-05, 'beta_7': 0.021472139650353363, 'beta_8': 0.005077796924628837, 'beta_9': 9.880401612191497e-05, 'beta_10': 4.0152641786180086e-07}. Best is trial 17 with value: 5423.33508365146.
[I 2026-03-30 19:44:27,300] Trial 23 finished with value: 10056.3813653668 and parameters: {'alpha_0': 0.0015987200958949323, 'alpha_1': 0.00022548496331196982, 'alpha_2': 0.0002314553242930317, 'beta_0': 0.18013680560712345, 'beta_1': 1.1636547904431367, 'beta_2': 0.7801314184614178, 'beta_3': 0.0008859502410151841, 'beta_4': 5.722573291552224e-07, 'beta_5': 0.6659711845081098, 'beta_6': 1.198269149426797e-05, 'beta_7': 0.02287712612346673, 'beta_8': 0.01073334351616712, 'beta_9': 9.103921319894993e-05, 'beta_10': 1.0278224717589429e-07}. Best is trial 17 with value: 5423.33508365146.
[I 2026-03-30 19:44:58,252] Trial 24 finished with value: 7429.820421301088 and parameters: {'alpha_0': 0.0026459222722641906, 'alpha_1': 0.00017532418804860165, 'alpha_2': 0.00020965532687271655, 'beta_0': 0.20447277787339221, 'beta_1': 1.2158168006257155, 'beta_2': 1.0309717270074723, 'beta_3': 0.001322799200087057, 'beta_4': 6.21544321677649e-07, 'beta_5': 0.6972620156047784, 'beta_6': 1.3173828386759036e-05, 'beta_7': 0.010280498331953766, 'beta_8': 0.0073772366991797286, 'beta_9': 7.79619391081175e-05, 'beta_10': 2.400135840194739e-07}. Best is trial 17 with value: 5423.33508365146.
[I 2026-03-30 19:45:29,382] Trial 25 finished with value: 7678.642130501692 and parameters: {'alpha_0': 0.003427636142807565, 'alpha_1': 0.00026317785019211914, 'alpha_2': 0.00020797092939853323, 'beta_0': 0.15211280692445475, 'beta_1': 1.1461087326872632, 'beta_2': 0.8102009379273986, 'beta_3': 0.0017065879337500088, 'beta_4': 9.395415985264786e-07, 'beta_5': 0.632837194391322, 'beta_6': 1.61582886398425e-05, 'beta_7': 0.030634039442269816, 'beta_8': 0.00691598545050396, 'beta_9': 8.969935950305896e-05, 'beta_10': 7.91422372217989e-07}. Best is trial 17 with value: 5423.33508365146.
[I 2026-03-30 19:46:00,649] Trial 26 finished with value: 5171.677465095953 and parameters: {'alpha_0': 0.0021533570326487308, 'alpha_1': 0.00014212479929587602, 'alpha_2': 0.00023587894670687193, 'beta_0': 0.17810140792473925, 'beta_1': 1.2757617428415484, 'beta_2': 0.5719122808467207, 'beta_3': 0.0011635275446163678, 'beta_4': 4.534423299872178e-07, 'beta_5': 0.74984436306928, 'beta_6': 1.8850314944973266e-05, 'beta_7': 0.01800492655148181, 'beta_8': 0.005236111332330412, 'beta_9': 6.666776070523244e-05, 'beta_10': 4.2501781732905483e-07}. Best is trial 26 with value: 5171.677465095953.
[I 2026-03-30 19:46:15,080] Trial 27 finished with value: 8918.463482231875 and parameters: {'alpha_0': 0.0018194589392669894, 'alpha_1': 0.00013667631756782627, 'alpha_2': 0.00023605889038555373, 'beta_0': 0.15300742549670426, 'beta_1': 1.4037543323540267, 'beta_2': 0.27714432076068907, 'beta_3': 0.00041577308862264734, 'beta_4': 4.3030129550462376e-07, 'beta_5': 0.7433966511579508, 'beta_6': 1.8896715233655027e-05, 'beta_7': 0.01679756830296799, 'beta_8': 0.009977473333175717, 'beta_9': 6.063376916928485e-05, 'beta_10': 4.471372894670405e-07}. Best is trial 26 with value: 5171.677465095953.
[I 2026-03-30 19:46:46,081] Trial 28 finished with value: 7894.628251935244 and parameters: {'alpha_0': 0.0013234354604711191, 'alpha_1': 0.0001700879353409136, 'alpha_2': 0.0002285872805664452, 'beta_0': 0.11991266120934986, 'beta_1': 1.282498266528375, 'beta_2': 0.5706262734947724, 'beta_3': 0.0011144709570494872, 'beta_4': 7.022073395219249e-07, 'beta_5': 0.8395699365695255, 'beta_6': 2.2388378590912214e-05, 'beta_7': 0.014705222183284437, 'beta_8': 0.008045527883357871, 'beta_9': 7.283675384155264e-05, 'beta_10': 5.848101479560126e-07}. Best is trial 26 with value: 5171.677465095953.Best trial: 26. Best value: 5171.68:  11%|█         | 28/250 [09:23<1:29:17, 24.13s/it]Best trial: 26. Best value: 5171.68:  11%|█         | 28/250 [09:23<1:29:17, 24.13s/it]Best trial: 26. Best value: 5171.68:  12%|█▏        | 29/250 [09:23<1:36:28, 26.19s/it]                                                                                       Best trial: 26. Best value: 5171.68:  12%|█▏        | 29/250 [09:36<1:36:28, 26.19s/it]Best trial: 26. Best value: 5171.68:  12%|█▏        | 29/250 [09:36<1:36:28, 26.19s/it]Best trial: 26. Best value: 5171.68:  12%|█▏        | 30/250 [09:36<1:22:05, 22.39s/it]                                                                                       Best trial: 26. Best value: 5171.68:  12%|█▏        | 30/250 [10:07<1:22:05, 22.39s/it]Best trial: 26. Best value: 5171.68:  12%|█▏        | 30/250 [10:07<1:22:05, 22.39s/it]Best trial: 26. Best value: 5171.68:  12%|█▏        | 31/250 [10:07<1:31:11, 24.98s/it]                                                                                       Best trial: 26. Best value: 5171.68:  12%|█▏        | 31/250 [10:38<1:31:11, 24.98s/it]Best trial: 26. Best value: 5171.68:  12%|█▏        | 31/250 [10:38<1:31:11, 24.98s/it]Best trial: 26. Best value: 5171.68:  13%|█▎        | 32/250 [10:38<1:37:06, 26.73s/it]                                                                                       Best trial: 26. Best value: 5171.68:  13%|█▎        | 32/250 [11:09<1:37:06, 26.73s/it]Best trial: 26. Best value: 5171.68:  13%|█▎        | 32/250 [11:09<1:37:06, 26.73s/it]Best trial: 26. Best value: 5171.68:  13%|█▎        | 33/250 [11:09<1:41:15, 28.00s/it]                                                                                       Best trial: 26. Best value: 5171.68:  13%|█▎        | 33/250 [11:40<1:41:15, 28.00s/it]Best trial: 26. Best value: 5171.68:  13%|█▎        | 33/250 [11:40<1:41:15, 28.00s/it]Best trial: 26. Best value: 5171.68:  14%|█▎        | 34/250 [11:40<1:44:26, 29.01s/it]                                                                                       Best trial: 26. Best value: 5171.68:  14%|█▎        | 34/250 [12:11<1:44:26, 29.01s/it]Best trial: 26. Best value: 5171.68:  14%|█▎        | 34/250 [12:11<1:44:26, 29.01s/it]Best trial: 26. Best value: 5171.68:  14%|█▍        | 35/250 [12:11<1:46:11, 29.64s/it]                                                                                       Best trial: 26. Best value: 5171.68:  14%|█▍        | 35/250 [12:41<1:46:11, 29.64s/it]Best trial: 35. Best value: 4798.71:  14%|█▍        | 35/250 [12:41<1:46:11, 29.64s/it]Best trial: 35. Best value: 4798.71:  14%|█▍        | 36/250 [12:41<1:46:18, 29.80s/it]                                                                                       Best trial: 35. Best value: 4798.71:  14%|█▍        | 36/250 [12:56<1:46:18, 29.80s/it]Best trial: 35. Best value: 4798.71:  14%|█▍        | 36/250 [12:56<1:46:18, 29.80s/it]Best trial: 35. Best value: 4798.71:  15%|█▍        | 37/250 [12:56<1:29:01, 25.08s/it]                                                                                       Best trial: 35. Best value: 4798.71:  15%|█▍        | 37/250 [13:05<1:29:01, 25.08s/it]Best trial: 35. Best value: 4798.71:  15%|█▍        | 37/250 [13:05<1:29:01, 25.08s/it]Best trial: 35. Best value: 4798.71:  15%|█▌        | 38/250 [13:05<1:11:49, 20.33s/it]                                                                                       Best trial: 35. Best value: 4798.71:  15%|█▌        | 38/250 [13:14<1:11:49, 20.33s/it]Best trial: 35. Best value: 4798.71:  15%|█▌        | 38/250 [13:14<1:11:49, 20.33s/it]Best trial: 35. Best value: 4798.71:  16%|█▌        | 39/250 [13:14<59:52, 17.03s/it]                                                                                       Best trial: 35. Best value: 4798.71:  16%|█▌        | 39/250 [13:45<59:52, 17.03s/it]Best trial: 35. Best value: 4798.71:  16%|█▌        | 39/250 [13:45<59:52, 17.03s/it]Best trial: 35. Best value: 4798.71:  16%|█▌        | 40/250 [13:45<1:13:59, 21.14s/it]                                                                                       Best trial: 35. Best value: 4798.71:  16%|█▌        | 40/250 [13:47<1:13:59, 21.14s/it]Best trial: 35. Best value: 4798.71:  16%|█▌        | 40/250 [13:47<1:13:59, 21.14s/it]Best trial: 35. Best value: 4798.71:  16%|█▋        | 41/250 [13:47<53:24, 15.33s/it]                                                                                       Best trial: 35. Best value: 4798.71:  16%|█▋        | 41/250 [14:18<53:24, 15.33s/it]Best trial: 35. Best value: 4798.71:  16%|█▋        | 41/250 [14:18<53:24, 15.33s/it]Best trial: 35. Best value: 4798.71:  17%|█▋        | 42/250 [14:18<1:09:32, 20.06s/it]                                                                                       
[I 2026-03-30 19:46:59,590] Trial 29 finished with value: 10272.411891368092 and parameters: {'alpha_0': 0.0021490780700695504, 'alpha_1': 0.0001161725503872028, 'alpha_2': 0.00024849289967176477, 'beta_0': 0.21114943918935708, 'beta_1': 1.3709031294701566, 'beta_2': 0.5568368894874487, 'beta_3': 0.0008125804204254881, 'beta_4': 2.1901904079565463e-07, 'beta_5': 0.797925932512312, 'beta_6': 2.3174642897618793e-05, 'beta_7': 0.0373657142746063, 'beta_8': 0.01135641880589108, 'beta_9': 5.1362949621905484e-05, 'beta_10': 2.0074459562414848e-07}. Best is trial 26 with value: 5171.677465095953.
[I 2026-03-30 19:47:30,628] Trial 30 finished with value: 6934.73622894463 and parameters: {'alpha_0': 0.0028498471141600594, 'alpha_1': 0.00015370067543153465, 'alpha_2': 0.00018347722198681058, 'beta_0': 0.17765505612855917, 'beta_1': 1.0604299559659751, 'beta_2': 0.40943307805332074, 'beta_3': 0.0015486389841130436, 'beta_4': 1.2346678578660586e-06, 'beta_5': 0.7397570517721286, 'beta_6': 1.9658151907127787e-05, 'beta_7': 0.023875234331755722, 'beta_8': 0.006365637582680021, 'beta_9': 6.598566438823221e-05, 'beta_10': 3.0390839742717283e-07}. Best is trial 26 with value: 5171.677465095953.
[I 2026-03-30 19:48:01,423] Trial 31 finished with value: 5260.36986621918 and parameters: {'alpha_0': 0.0023510652748295526, 'alpha_1': 0.00018882188453221105, 'alpha_2': 0.00020293828157285778, 'beta_0': 0.17387583188125114, 'beta_1': 1.1432684779691114, 'beta_2': 0.7239827649367194, 'beta_3': 0.0012918594606111376, 'beta_4': 5.136056350232072e-07, 'beta_5': 0.6767625582773774, 'beta_6': 1.6327679972866033e-05, 'beta_7': 0.019620952490817183, 'beta_8': 0.005098362870811217, 'beta_9': 9.333742220002165e-05, 'beta_10': 3.9823177598281425e-07}. Best is trial 26 with value: 5171.677465095953.
[I 2026-03-30 19:48:32,380] Trial 32 finished with value: 6124.524210361981 and parameters: {'alpha_0': 0.0022575529094338125, 'alpha_1': 0.0001843251426454259, 'alpha_2': 0.00022252508728639532, 'beta_0': 0.16017497862798336, 'beta_1': 1.199212325116528, 'beta_2': 0.9469837661315639, 'beta_3': 0.0012092671200551214, 'beta_4': 4.1650502559406483e-07, 'beta_5': 0.6107949549374216, 'beta_6': 1.6622626372144156e-05, 'beta_7': 0.01788975156313731, 'beta_8': 0.006184897549176925, 'beta_9': 8.055917091736342e-05, 'beta_10': 4.3313796036004023e-07}. Best is trial 26 with value: 5171.677465095953.
[I 2026-03-30 19:49:03,761] Trial 33 finished with value: 7934.73702047362 and parameters: {'alpha_0': 0.001709430057301341, 'alpha_1': 0.00019150053412021157, 'alpha_2': 0.00015526647722212752, 'beta_0': 0.19053237373424906, 'beta_1': 1.284645098843147, 'beta_2': 0.5168559183547158, 'beta_3': 0.0007756532014441691, 'beta_4': 3.200966870742356e-07, 'beta_5': 0.6917674890490133, 'beta_6': 1.9094491845417995e-05, 'beta_7': 0.019240966581894284, 'beta_8': 0.008477042207331809, 'beta_9': 9.104105351763719e-05, 'beta_10': 5.253125828560777e-07}. Best is trial 26 with value: 5171.677465095953.
[I 2026-03-30 19:49:34,858] Trial 34 finished with value: 7473.605419957856 and parameters: {'alpha_0': 0.0011644182689523007, 'alpha_1': 0.00029869166197273175, 'alpha_2': 0.00019936936574824356, 'beta_0': 0.17464822175786357, 'beta_1': 1.1273115765657342, 'beta_2': 0.628460599945318, 'beta_3': 0.001517930574360606, 'beta_4': 4.7624740784218867e-07, 'beta_5': 0.6349242443492994, 'beta_6': 1.8088203856012722e-05, 'beta_7': 0.01233673428835189, 'beta_8': 0.007103116097870914, 'beta_9': 9.363654913571678e-05, 'beta_10': 3.324267232510905e-07}. Best is trial 26 with value: 5171.677465095953.
[I 2026-03-30 19:50:05,052] Trial 35 finished with value: 4798.705537280949 and parameters: {'alpha_0': 0.0021866071542881367, 'alpha_1': 0.00015759153047332206, 'alpha_2': 7.663791299318026e-05, 'beta_0': 0.15184182515510858, 'beta_1': 1.0539254166877747, 'beta_2': 0.7298153042814176, 'beta_3': 0.0006311428872996828, 'beta_4': 9.140798795565024e-07, 'beta_5': 0.7797787685831958, 'beta_6': 2.0969092134569195e-05, 'beta_7': 0.029475643323921892, 'beta_8': 0.005030497996520546, 'beta_9': 7.801289635080688e-05, 'beta_10': 5.852651575915519e-07}. Best is trial 35 with value: 4798.705537280949.
[I 2026-03-30 19:50:19,098] Trial 36 finished with value: 9624.15752803505 and parameters: {'alpha_0': 0.002128097009032084, 'alpha_1': 0.00014937846196386598, 'alpha_2': 8.04355503978522e-05, 'beta_0': 0.2979136767470641, 'beta_1': 1.062723846885344, 'beta_2': 0.7019937704530266, 'beta_3': 0.0005981729022111494, 'beta_4': 9.197678914164672e-07, 'beta_5': 0.7829561626047326, 'beta_6': 2.1157579898656317e-05, 'beta_7': 0.03182048621676184, 'beta_8': 0.010341567070084358, 'beta_9': 7.918513462581418e-05, 'beta_10': 5.787489783640075e-07}. Best is trial 35 with value: 4798.705537280949.
[I 2026-03-30 19:50:28,347] Trial 37 finished with value: 7479.837674672099 and parameters: {'alpha_0': 0.0030788376731224957, 'alpha_1': 0.00012311921970201617, 'alpha_2': 0.00012165200077216495, 'beta_0': 0.21068081515856646, 'beta_1': 1.2375914696490562, 'beta_2': 0.2541947978277729, 'beta_3': 0.0005165089952834174, 'beta_4': 4.875423111765165e-07, 'beta_5': 0.7643140189661438, 'beta_6': 2.0448059716993494e-05, 'beta_7': 0.03609141130142435, 'beta_8': 0.017119140866309734, 'beta_9': 6.884742886681017e-05, 'beta_10': 6.15290758467142e-07}. Best is trial 35 with value: 4798.705537280949.
[I 2026-03-30 19:50:37,675] Trial 38 finished with value: 8713.301719570596 and parameters: {'alpha_0': 0.0014116774411833313, 'alpha_1': 0.0001606511390122876, 'alpha_2': 6.122799230291044e-05, 'beta_0': 0.14539555819516517, 'beta_1': 1.0586346133505349, 'beta_2': 0.4761775692218511, 'beta_3': 0.0009574619905540778, 'beta_4': 1.0608348340501492e-06, 'beta_5': 0.8194402673401155, 'beta_6': 2.2890764184422372e-05, 'beta_7': 0.019952699860867548, 'beta_8': 0.019297408155547674, 'beta_9': 8.513537405203513e-05, 'beta_10': 4.472538079886566e-07}. Best is trial 35 with value: 4798.705537280949.
[I 2026-03-30 19:51:08,405] Trial 39 finished with value: 5555.14990852894 and parameters: {'alpha_0': 0.0019364305548099422, 'alpha_1': 0.00010924186526702587, 'alpha_2': 8.609060505937538e-05, 'beta_0': 0.1261267429359802, 'beta_1': 1.5856282101650372, 'beta_2': 0.7327983010546104, 'beta_3': 0.0006434562181162128, 'beta_4': 1.1320107189803984e-07, 'beta_5': 0.717861015465946, 'beta_6': 2.199779634742745e-05, 'beta_7': 0.029586380512925687, 'beta_8': 0.006294450611335871, 'beta_9': 7.599455055278628e-05, 'beta_10': 5.138363848067529e-07}. Best is trial 35 with value: 4798.705537280949.
[I 2026-03-30 19:51:10,182] Trial 40 finished with value: 11342.589699764714 and parameters: {'alpha_0': 0.0009453986336817105, 'alpha_1': 0.00013483032760021587, 'alpha_2': 0.0001615268709663813, 'beta_0': 0.19834267474007772, 'beta_1': 1.2090107206031013, 'beta_2': 0.6359189891469438, 'beta_3': 0.001920476679222646, 'beta_4': 2.97237731877748e-07, 'beta_5': 0.7163714291489935, 'beta_6': 2.4299950000783137e-05, 'beta_7': 0.024421333799435722, 'beta_8': 0.024088601355248197, 'beta_9': 6.135440952657332e-05, 'beta_10': 7.510692875455379e-07}. Best is trial 35 with value: 4798.705537280949.
[I 2026-03-30 19:51:41,276] Trial 41 finished with value: 5391.352208550929 and parameters: {'alpha_0': 0.002665283287452782, 'alpha_1': 0.00022381661592221172, 'alpha_2': 0.00023690901685229665, 'beta_0': 0.16313245728048956, 'beta_1': 1.0867963039245123, 'beta_2': 0.8361986746999296, 'beta_3': 0.0012502469117257767, 'beta_4': 8.992302825581608e-07, 'beta_5': 0.6796278707454089, 'beta_6': 1.671996272655543e-05, 'beta_7': 0.025465392526777732, 'beta_8': 0.00505204191190964, 'beta_9': 9.470572095148785e-05, 'beta_10': 2.5996819012229363e-07}. Best is trial 35 with value: 4798.705537280949.
