[I 2026-03-30 19:37:23,065] A new study created in memory with name: iter10_evolved
======================================================================
INNER LOOP SETUP
======================================================================

Iteration: 10
Backend: evolved
Reasoning: Iteration 10: Sequence-Length-Dependent Batching Inefficiency

Iter9 discovered that Scout's bottleneck is sequence-length-dependent, NOT architecture-dependent (FP8).
β₉ (FP8 dequantization) converged to zero (0.14 μs vs expected 17-50 μs), rejecting the FP8 hypothesis.
However, a powerful pattern emerged: Scout short-sequence (roleplay, codegen) improved significantly
(-53pp, -34pp TTFT), while Scout long-sequence (general-lite, reasoning-lite) failed completely (0pp, -8pp).
This inverse correlation strongly indicates batching inefficiency — long sequences don't pack well into
batches, leading to scheduling delays and reduced GPU utilization.

Coefficient explosions in iter9 (β₆ +654%, β₂ +343%, β₈ +143%, β₃ +118%) signal the optimizer compensating
for missing sequence-length-dependent terms. These explosions absorbed long-sequence overhead into existing
coefficients, moving them beyond physically plausible ranges.

Iter10 adds:
- β₁₀ (batching inefficiency): Σ(prefillTokens² / batchSize) — captures queueing delays for long sequences
- β₃' (KV seq-len component): Split β₃ into base + sequence-length scaling (prefillTokens × numLayers)
- Alpha lower bounds: Constrain α₀ ≥ 0.5ms, α₁ ≥ 50μs, α₂ ≥ 40μs to prevent spurious reduction
- Remove β₉: FP8 hypothesis rejected

Expected outcomes:
- β₁₀ = 0.1-1.0 ms per (token²/batch_request) offloads long-sequence overhead from β₆, β₂, β₈
- β₆ reverts from 99ms to 15-40ms (scheduler overhead no longer absorbs queueing delays)
- β₃ reverts from 9.6ms to 0.4-1.5ms (base KV overhead)
- β₃' = 0.1-1.0 μs per (token×layer) captures sequence-length-dependent KV allocation
- Scout long-sequence TTFT: 91-92% → <60% (>31pp improvement)
- Overall loss: 160.6% → <90%

Modified files: ['sim/latency/evolved_model.go']

Verifying declared files...
  ✓ sim/latency/evolved_model.go

Running pre-flight validation...
🔍 Validating backend 'evolved' integration...

  ✅ Backend registered in sim/bundle.go
  ✅ Auto-fetch block found in cmd/root.go
  ✅ Backend in analytical backends config loading condition
  ✅ BLIS binary is up-to-date

  🧪 Running test simulation with backend 'evolved'...
  📋 Using coefficients from iteration 10:
     Alpha: 3 coefficients
     Beta: 11 coefficients
  ✅ Test simulation succeeded

======================================================================
✅ ALL VALIDATION CHECKS PASSED
======================================================================

Backend 'evolved' is properly integrated and ready for optimization!


Coefficient bounds loaded:
  Alpha: 3 coefficients
  Beta: 11 coefficients

Python executable: /Users/dipanwitaguhathakurta/Downloads/inference-sim-package/inference-sim/.inference-sim-env/bin/python3

Compiling BLIS...
  ✓ Compilation successful (0.1s)

Setup complete. Ready to optimize evolved.
======================================================================

======================================================================
BAYESIAN OPTIMIZATION (up to 250 trials)
Early stopping: >1% improvement required in 50-trial window
Random seed: 42 (deterministic)
======================================================================
  Warm-start: Enqueued initial trial with suggested values
  0%|          | 0/250 [00:00<?, ?it/s]                                         0%|          | 0/250 [00:11<?, ?it/s]Best trial: 0. Best value: 10270.8:   0%|          | 0/250 [00:11<?, ?it/s]Best trial: 0. Best value: 10270.8:   0%|          | 1/250 [00:11<48:51, 11.77s/it]                                                                                   Best trial: 0. Best value: 10270.8:   0%|          | 1/250 [00:14<48:51, 11.77s/it]Best trial: 1. Best value: 8868.54:   0%|          | 1/250 [00:14<48:51, 11.77s/it]Best trial: 1. Best value: 8868.54:   1%|          | 2/250 [00:14<27:01,  6.54s/it]                                                                                   Best trial: 1. Best value: 8868.54:   1%|          | 2/250 [00:23<27:01,  6.54s/it]Best trial: 1. Best value: 8868.54:   1%|          | 2/250 [00:23<27:01,  6.54s/it]Best trial: 1. Best value: 8868.54:   1%|          | 3/250 [00:23<31:59,  7.77s/it]                                                                                   Best trial: 1. Best value: 8868.54:   1%|          | 3/250 [00:33<31:59,  7.77s/it]Best trial: 3. Best value: 6979.75:   1%|          | 3/250 [00:33<31:59,  7.77s/it]Best trial: 3. Best value: 6979.75:   2%|▏         | 4/250 [00:33<34:11,  8.34s/it]                                                                                   Best trial: 3. Best value: 6979.75:   2%|▏         | 4/250 [00:37<34:11,  8.34s/it]Best trial: 3. Best value: 6979.75:   2%|▏         | 4/250 [00:37<34:11,  8.34s/it]Best trial: 3. Best value: 6979.75:   2%|▏         | 5/250 [00:37<28:02,  6.87s/it]                                                                                   Best trial: 3. Best value: 6979.75:   2%|▏         | 5/250 [00:46<28:02,  6.87s/it]Best trial: 3. Best value: 6979.75:   2%|▏         | 5/250 [00:46<28:02,  6.87s/it]Best trial: 3. Best value: 6979.75:   2%|▏         | 6/250 [00:46<31:22,  7.71s/it]                                                                                   Best trial: 3. Best value: 6979.75:   2%|▏         | 6/250 [00:56<31:22,  7.71s/it]Best trial: 3. Best value: 6979.75:   2%|▏         | 6/250 [00:56<31:22,  7.71s/it]Best trial: 3. Best value: 6979.75:   3%|▎         | 7/250 [00:56<33:23,  8.24s/it]                                                                                   Best trial: 3. Best value: 6979.75:   3%|▎         | 7/250 [01:05<33:23,  8.24s/it]Best trial: 3. Best value: 6979.75:   3%|▎         | 7/250 [01:05<33:23,  8.24s/it]Best trial: 3. Best value: 6979.75:   3%|▎         | 8/250 [01:05<35:21,  8.77s/it]                                                                                   Best trial: 3. Best value: 6979.75:   3%|▎         | 8/250 [01:37<35:21,  8.77s/it]Best trial: 3. Best value: 6979.75:   3%|▎         | 8/250 [01:37<35:21,  8.77s/it]Best trial: 3. Best value: 6979.75:   4%|▎         | 9/250 [01:37<1:03:40, 15.85s/it]                                                                                     Best trial: 3. Best value: 6979.75:   4%|▎         | 9/250 [01:56<1:03:40, 15.85s/it]Best trial: 3. Best value: 6979.75:   4%|▎         | 9/250 [01:56<1:03:40, 15.85s/it]Best trial: 3. Best value: 6979.75:   4%|▍         | 10/250 [01:56<1:07:24, 16.85s/it]                                                                                      Best trial: 3. Best value: 6979.75:   4%|▍         | 10/250 [02:08<1:07:24, 16.85s/it]Best trial: 3. Best value: 6979.75:   4%|▍         | 10/250 [02:08<1:07:24, 16.85s/it]Best trial: 3. Best value: 6979.75:   4%|▍         | 11/250 [02:08<1:00:54, 15.29s/it]                                                                                      Best trial: 3. Best value: 6979.75:   4%|▍         | 11/250 [02:39<1:00:54, 15.29s/it]Best trial: 11. Best value: 6624.72:   4%|▍         | 11/250 [02:39<1:00:54, 15.29s/it]Best trial: 11. Best value: 6624.72:   5%|▍         | 12/250 [02:39<1:19:28, 20.04s/it]                                                                                       Best trial: 11. Best value: 6624.72:   5%|▍         | 12/250 [02:52<1:19:28, 20.04s/it]Best trial: 11. Best value: 6624.72:   5%|▍         | 12/250 [02:52<1:19:28, 20.04s/it]Best trial: 11. Best value: 6624.72:   5%|▌         | 13/250 [02:52<1:11:37, 18.13s/it]                                                                                       Best trial: 11. Best value: 6624.72:   5%|▌         | 13/250 [03:02<1:11:37, 18.13s/it]Best trial: 11. Best value: 6624.72:   5%|▌         | 13/250 [03:02<1:11:37, 18.13s/it]Best trial: 11. Best value: 6624.72:   6%|▌         | 14/250 [03:02<1:00:59, 15.51s/it]                                                                                       [I 2026-03-30 19:37:34,846] Trial 0 finished with value: 10270.773515857782 and parameters: {'alpha_0': 0.0008, 'alpha_1': 8e-05, 'alpha_2': 6e-05, 'beta_0': 0.1624, 'beta_1': 1.3611, 'beta_2': 0.5, 'beta_3': 0.003, 'beta_4': 3e-07, 'beta_5': 0.4658, 'beta_6': 1.98e-05, 'beta_7': 0.04, 'beta_8': 0.011, 'beta_9': 7.27e-05, 'beta_10': 5e-07}. Best is trial 0 with value: 10270.773515857782.
[I 2026-03-30 19:37:37,720] Trial 1 finished with value: 8868.544816131987 and parameters: {'alpha_0': 0.002185430534813131, 'alpha_1': 0.000287678576602479, 'alpha_2': 0.0001937187277803951, 'beta_0': 0.21973169683940733, 'beta_1': 1.0936111842654619, 'beta_2': 0.3137942463530128, 'beta_3': 0.0005510173916373186, 'beta_4': 1.745734676972377e-06, 'beta_5': 0.6306132564587649, 'beta_6': 2.4161451555920908e-05, 'beta_7': 0.011029224714790122, 'beta_8': 0.024398197043239887, 'beta_9': 8.491983767203797e-05, 'beta_10': 2.911051996104485e-07}. Best is trial 1 with value: 8868.544816131987.
[I 2026-03-30 19:37:46,960] Trial 2 finished with value: 9684.569597644288 and parameters: {'alpha_0': 0.0013182123524319528, 'alpha_1': 9.585112746335845e-05, 'alpha_2': 0.00010389087102150293, 'beta_0': 0.20495128632644757, 'beta_1': 1.2591670111852695, 'beta_2': 0.455790597207944, 'beta_3': 0.0019908175262781866, 'beta_4': 3.650383352388795e-07, 'beta_5': 0.46067955669437, 'beta_6': 1.7327236865873834e-05, 'beta_7': 0.032803499210851794, 'beta_8': 0.020703519227860272, 'beta_9': 2.797064039425238e-05, 'beta_10': 5.628109945722504e-07}. Best is trial 1 with value: 8868.544816131987.
[I 2026-03-30 19:37:56,170] Trial 3 finished with value: 6979.747316130474 and parameters: {'alpha_0': 0.0031658655598791915, 'alpha_1': 6.161260317999943e-05, 'alpha_2': 0.00016758441889930207, 'beta_0': 0.1341048247374583, 'beta_1': 1.0390309557911677, 'beta_2': 1.1463298141159999, 'beta_3': 0.002910643285993854, 'beta_4': 1.6359549614212762e-06, 'beta_5': 0.46753757304535387, 'beta_6': 1.1953442280127678e-05, 'beta_7': 0.044211651325607844, 'beta_8': 0.013803049874792027, 'beta_9': 2.0983441136030095e-05, 'beta_10': 5.456592191001431e-07}. Best is trial 3 with value: 6979.747316130474.
[I 2026-03-30 19:38:00,428] Trial 4 finished with value: 9287.309851594995 and parameters: {'alpha_0': 0.0006547483450184828, 'alpha_1': 0.0002773301005196955, 'alpha_2': 9.434379613600356e-05, 'beta_0': 0.23250445687079638, 'beta_1': 1.1870266456536467, 'beta_2': 0.6960714222367014, 'beta_3': 0.001821446726292527, 'beta_4': 4.512234654985014e-07, 'beta_5': 0.8332715452705073, 'beta_6': 2.550265646722229e-05, 'beta_7': 0.05697494707820945, 'beta_8': 0.022896547008552978, 'beta_9': 6.381099809299767e-05, 'beta_10': 9.296868115208051e-07}. Best is trial 3 with value: 6979.747316130474.
[I 2026-03-30 19:38:09,784] Trial 5 finished with value: 11007.106759520195 and parameters: {'alpha_0': 0.0008982162592336378, 'alpha_1': 9.89957156047863e-05, 'alpha_2': 4.9497730671213e-05, 'beta_0': 0.16506606615265287, 'beta_1': 1.2332063738136891, 'beta_2': 0.4349164833625907, 'beta_3': 0.0025547175237950162, 'beta_4': 7.778313207178197e-07, 'beta_5': 0.4545139803280594, 'beta_6': 2.085392166316497e-05, 'beta_7': 0.017046211248738133, 'beta_8': 0.021043939615080793, 'beta_9': 1.6709557931179375e-05, 'beta_10': 9.881982429404654e-07}. Best is trial 3 with value: 6979.747316130474.
[I 2026-03-30 19:38:19,118] Trial 6 finished with value: 8715.2695806382 and parameters: {'alpha_0': 0.003975101461834959, 'alpha_1': 9.967892038354309e-05, 'alpha_2': 4.115964459595651e-05, 'beta_0': 0.2630922856909668, 'beta_1': 1.4241144063085702, 'beta_2': 0.9154575264430367, 'beta_3': 0.002405302901383459, 'beta_4': 2.406848382947717e-07, 'beta_5': 0.49715615069934993, 'beta_6': 1.2317381190502595e-05, 'beta_7': 0.053155171293779675, 'beta_8': 0.01746596253655116, 'beta_9': 3.978082223673843e-05, 'beta_10': 1.5720251525742128e-07}. Best is trial 3 with value: 6979.747316130474.
[I 2026-03-30 19:38:29,004] Trial 7 finished with value: 8468.5043521783 and parameters: {'alpha_0': 0.00189942044772048, 'alpha_1': 0.00013129583050668675, 'alpha_2': 0.00019321729745099347, 'beta_0': 0.2275114942710426, 'beta_1': 1.532327645545796, 'beta_2': 0.6458256714200468, 'beta_3': 0.0007109450394395845, 'beta_4': 1.4551650957236905e-06, 'beta_5': 0.7184317767392936, 'beta_6': 2.1225543951389923e-05, 'beta_7': 0.048548358997728046, 'beta_8': 0.014875911927287815, 'beta_9': 5.704595464437947e-05, 'beta_10': 4.847869165226947e-07}. Best is trial 3 with value: 6979.747316130474.
[I 2026-03-30 19:39:00,437] Trial 8 finished with value: 7865.688900865291 and parameters: {'alpha_0': 0.0006143860703484283, 'alpha_1': 7.697285674832611e-05, 'alpha_2': 4.6600128994214196e-05, 'beta_0': 0.22728208225275606, 'beta_1': 1.188613588645796, 'beta_2': 0.6839992257229379, 'beta_3': 0.0027596728322078416, 'beta_4': 5.736552353828624e-07, 'beta_5': 0.5257106076695963, 'beta_6': 2.5111022770860973e-05, 'beta_7': 0.021439908274581122, 'beta_8': 0.00653959819657586, 'beta_9': 3.6077630762239125e-05, 'beta_10': 2.4509915852860394e-07}. Best is trial 3 with value: 6979.747316130474.
[I 2026-03-30 19:39:19,527] Trial 9 finished with value: 8980.806782412286 and parameters: {'alpha_0': 0.004683639435541579, 'alpha_1': 0.0002520300948911042, 'alpha_2': 0.00017301478886718895, 'beta_0': 0.27429211803754355, 'beta_1': 1.4822032461394687, 'beta_2': 0.3458985618303376, 'beta_3': 0.0027206533960739423, 'beta_4': 1.1247502596397363e-06, 'beta_5': 0.7440920853402344, 'beta_6': 2.7921825998469864e-05, 'beta_7': 0.025900173748593193, 'beta_8': 0.007201038490553535, 'beta_9': 3.0514164628774754e-05, 'beta_10': 4.843970097636306e-07}. Best is trial 3 with value: 6979.747316130474.
[I 2026-03-30 19:39:31,283] Trial 10 finished with value: 10810.17322395389 and parameters: {'alpha_0': 0.0033249075091264795, 'alpha_1': 0.00018971272456436681, 'alpha_2': 0.00024360279326545188, 'beta_0': 0.1035923751229639, 'beta_1': 1.0087245250974186, 'beta_2': 1.1030480350466436, 'beta_3': 0.0011955516531509786, 'beta_4': 1.94954247524035e-06, 'beta_5': 0.3299670093579374, 'beta_6': 1.0246223391298749e-05, 'beta_7': 0.04391268998756261, 'beta_8': 0.01263951270040159, 'beta_9': 1.2156404153711084e-05, 'beta_10': 7.156412824364702e-07}. Best is trial 3 with value: 6979.747316130474.
[I 2026-03-30 19:40:02,169] Trial 11 finished with value: 6624.721079059296 and parameters: {'alpha_0': 0.0029194357180103905, 'alpha_1': 5.5074353603316104e-05, 'alpha_2': 0.0001296935841829997, 'beta_0': 0.1046909719228703, 'beta_1': 1.1190321555842402, 'beta_2': 1.1472482263002717, 'beta_3': 0.002200148121689419, 'beta_4': 1.0153895667051965e-06, 'beta_5': 0.5684039781194076, 'beta_6': 1.548969946564962e-05, 'beta_7': 0.027381671524829142, 'beta_8': 0.005671717698689439, 'beta_9': 4.292467142547632e-05, 'beta_10': 3.0032196137887387e-07}. Best is trial 11 with value: 6624.721079059296.
[I 2026-03-30 19:40:15,919] Trial 12 finished with value: 9968.42173054692 and parameters: {'alpha_0': 0.0029825363597354073, 'alpha_1': 5.073797372198604e-05, 'alpha_2': 0.00013200733517313823, 'beta_0': 0.10051132372374041, 'beta_1': 1.015329696886326, 'beta_2': 1.1963214621089509, 'beta_3': 0.0021893967310705176, 'beta_4': 1.1834784568372304e-06, 'beta_5': 0.35604598685513644, 'beta_6': 1.4272753711378352e-05, 'beta_7': 0.03294939401441826, 'beta_8': 0.009300872207369013, 'beta_9': 4.720726897234417e-05, 'beta_10': 3.390548380228768e-07}. Best is trial 11 with value: 6624.721079059296.
[I 2026-03-30 19:40:25,358] Trial 13 finished with value: 7767.215919836908 and parameters: {'alpha_0': 0.0036731373116773505, 'alpha_1': 0.00014999517484592869, 'alpha_2': 0.0001438334051410946, 'beta_0': 0.13345840235717893, 'beta_1': 1.1159314753271152, 'beta_2': 0.9843776323176935, 'beta_3': 0.0014095037538748843, 'beta_4': 1.359141567616552e-06, 'beta_5': 0.6064385671549528, 'beta_6': 1.5104869325088232e-05, 'beta_7': 0.039751399943962276, 'beta_8': 0.016650217644880665, 'beta_9': 1.854754325053847e-05, 'beta_10': 6.915804468801277e-07}. Best is trial 11 with value: 6624.721079059296.
[I 2026-03-30 19:40:55,940] Trial 14 finished with value: 6314.263447893332 and parameters: {'alpha_0': 0.002477300691586001, 'alpha_1': 0.00020649948120661697, 'alpha_2': 0.00017215901986626127, 'beta_0': 0.14248632718645787, 'beta_1': 1.0976438253540168, 'beta_2': 0.8925542024946688, 'beta_3': 0.002199721663314677, 'beta_4': 7.806342704335637e-07, 'beta_5': 0.5711421136971827, 'beta_6': 1.0473908230116644e-05, 'beta_7': 0.027811439961171587, 'beta_8': 0.005194129594858536, 'beta_9': 9.69268957414891e-05, 'beta_10': 3.88305761732125e-07}. Best is trial 14 with value: 6314.263447893332.Best trial: 11. Best value: 6624.72:   6%|▌         | 14/250 [03:32<1:00:59, 15.51s/it]Best trial: 14. Best value: 6314.26:   6%|▌         | 14/250 [03:32<1:00:59, 15.51s/it]Best trial: 14. Best value: 6314.26:   6%|▌         | 15/250 [03:32<1:18:31, 20.05s/it]                                                                                       Best trial: 14. Best value: 6314.26:   6%|▌         | 15/250 [04:03<1:18:31, 20.05s/it]Best trial: 15. Best value: 5428.16:   6%|▌         | 15/250 [04:03<1:18:31, 20.05s/it]Best trial: 15. Best value: 5428.16:   6%|▋         | 16/250 [04:03<1:31:11, 23.38s/it]                                                                                       Best trial: 15. Best value: 5428.16:   6%|▋         | 16/250 [04:19<1:31:11, 23.38s/it]Best trial: 15. Best value: 5428.16:   6%|▋         | 16/250 [04:19<1:31:11, 23.38s/it]Best trial: 15. Best value: 5428.16:   7%|▋         | 17/250 [04:19<1:21:22, 20.95s/it]                                                                                       Best trial: 15. Best value: 5428.16:   7%|▋         | 17/250 [04:49<1:21:22, 20.95s/it]Best trial: 17. Best value: 5423.34:   7%|▋         | 17/250 [04:49<1:21:22, 20.95s/it]Best trial: 17. Best value: 5423.34:   7%|▋         | 18/250 [04:49<1:32:13, 23.85s/it]                                                                                       Best trial: 17. Best value: 5423.34:   7%|▋         | 18/250 [05:04<1:32:13, 23.85s/it]Best trial: 17. Best value: 5423.34:   7%|▋         | 18/250 [05:04<1:32:13, 23.85s/it]Best trial: 17. Best value: 5423.34:   8%|▊         | 19/250 [05:04<1:20:55, 21.02s/it]                                                                                       Best trial: 17. Best value: 5423.34:   8%|▊         | 19/250 [05:17<1:20:55, 21.02s/it]Best trial: 17. Best value: 5423.34:   8%|▊         | 19/250 [05:17<1:20:55, 21.02s/it]Best trial: 17. Best value: 5423.34:   8%|▊         | 20/250 [05:17<1:12:01, 18.79s/it]                                                                                       Best trial: 17. Best value: 5423.34:   8%|▊         | 20/250 [05:49<1:12:01, 18.79s/it]Best trial: 17. Best value: 5423.34:   8%|▊         | 20/250 [05:49<1:12:01, 18.79s/it]Best trial: 17. Best value: 5423.34:   8%|▊         | 21/250 [05:49<1:25:58, 22.53s/it]                                                                                       Best trial: 17. Best value: 5423.34:   8%|▊         | 21/250 [06:19<1:25:58, 22.53s/it]Best trial: 17. Best value: 5423.34:   8%|▊         | 21/250 [06:19<1:25:58, 22.53s/it]Best trial: 17. Best value: 5423.34:   9%|▉         | 22/250 [06:19<1:34:49, 24.95s/it]                                                                                       Best trial: 17. Best value: 5423.34:   9%|▉         | 22/250 [06:50<1:34:49, 24.95s/it]Best trial: 17. Best value: 5423.34:   9%|▉         | 22/250 [06:50<1:34:49, 24.95s/it]Best trial: 17. Best value: 5423.34:   9%|▉         | 23/250 [06:50<1:40:58, 26.69s/it]                                                                                       Best trial: 17. Best value: 5423.34:   9%|▉         | 23/250 [07:04<1:40:58, 26.69s/it]Best trial: 17. Best value: 5423.34:   9%|▉         | 23/250 [07:04<1:40:58, 26.69s/it]Best trial: 17. Best value: 5423.34:  10%|▉         | 24/250 [07:04<1:25:52, 22.80s/it]                                                                                       Best trial: 17. Best value: 5423.34:  10%|▉         | 24/250 [07:35<1:25:52, 22.80s/it]Best trial: 17. Best value: 5423.34:  10%|▉         | 24/250 [07:35<1:25:52, 22.80s/it]Best trial: 17. Best value: 5423.34:  10%|█         | 25/250 [07:35<1:34:40, 25.25s/it]                                                                                       Best trial: 17. Best value: 5423.34:  10%|█         | 25/250 [08:06<1:34:40, 25.25s/it]Best trial: 17. Best value: 5423.34:  10%|█         | 25/250 [08:06<1:34:40, 25.25s/it]Best trial: 17. Best value: 5423.34:  10%|█         | 26/250 [08:06<1:40:50, 27.01s/it]                                                                                       Best trial: 17. Best value: 5423.34:  10%|█         | 26/250 [08:37<1:40:50, 27.01s/it]Best trial: 26. Best value: 5171.68:  10%|█         | 26/250 [08:37<1:40:50, 27.01s/it]Best trial: 26. Best value: 5171.68:  11%|█         | 27/250 [08:37<1:45:08, 28.29s/it]                                                                                       Best trial: 26. Best value: 5171.68:  11%|█         | 27/250 [08:52<1:45:08, 28.29s/it]Best trial: 26. Best value: 5171.68:  11%|█         | 27/250 [08:52<1:45:08, 28.29s/it]Best trial: 26. Best value: 5171.68:  11%|█         | 28/250 [08:52<1:29:17, 24.13s/it]                                                                                       
