[I 2026-03-30 20:11:35,583] Trial 84 finished with value: 5378.322035397712 and parameters: {'alpha_0': 0.0013670875432687409, 'alpha_1': 0.00016859584380643893, 'alpha_2': 7.661975423672968e-05, 'beta_0': 0.22639014799270796, 'beta_1': 1.2173639301443389, 'beta_2': 0.9687496116193389, 'beta_3': 0.0005201174425221931, 'beta_4': 1.6775683190054095e-07, 'beta_5': 0.7725000051515567, 'beta_6': 2.327476344741473e-05, 'beta_7': 0.03884292593691304, 'beta_8': 0.006055228778515569, 'beta_9': 4.640966520780492e-05, 'beta_10': 8.127765687450046e-07}. Best is trial 74 with value: 4601.299066035458.Best trial: 74. Best value: 4601.3:  34%|███▎      | 84/250 [34:12<1:25:20, 30.85s/it]Best trial: 74. Best value: 4601.3:  34%|███▎      | 84/250 [34:12<1:25:20, 30.85s/it]Best trial: 74. Best value: 4601.3:  34%|███▍      | 85/250 [34:12<1:24:56, 30.89s/it]                                                                                      Best trial: 74. Best value: 4601.3:  34%|███▍      | 85/250 [34:43<1:24:56, 30.89s/it]Best trial: 74. Best value: 4601.3:  34%|███▍      | 85/250 [34:43<1:24:56, 30.89s/it]Best trial: 74. Best value: 4601.3:  34%|███▍      | 86/250 [34:43<1:24:23, 30.88s/it]                                                                                      Best trial: 74. Best value: 4601.3:  34%|███▍      | 86/250 [35:14<1:24:23, 30.88s/it]Best trial: 74. Best value: 4601.3:  34%|███▍      | 86/250 [35:14<1:24:23, 30.88s/it]Best trial: 74. Best value: 4601.3:  35%|███▍      | 87/250 [35:14<1:23:59, 30.92s/it]                                                                                      Best trial: 74. Best value: 4601.3:  35%|███▍      | 87/250 [35:45<1:23:59, 30.92s/it]Best trial: 74. Best value: 4601.3:  35%|███▍      | 87/250 [35:45<1:23:59, 30.92s/it]Best trial: 74. Best value: 4601.3:  35%|███▌      | 88/250 [35:45<1:23:21, 30.88s/it]                                                                                      Best trial: 74. Best value: 4601.3:  35%|███▌      | 88/250 [36:16<1:23:21, 30.88s/it]Best trial: 74. Best value: 4601.3:  35%|███▌      | 88/250 [36:16<1:23:21, 30.88s/it]Best trial: 74. Best value: 4601.3:  36%|███▌      | 89/250 [36:16<1:23:10, 30.99s/it]                                                                                      Best trial: 74. Best value: 4601.3:  36%|███▌      | 89/250 [36:47<1:23:10, 30.99s/it]Best trial: 74. Best value: 4601.3:  36%|███▌      | 89/250 [36:47<1:23:10, 30.99s/it]Best trial: 74. Best value: 4601.3:  36%|███▌      | 90/250 [36:47<1:22:43, 31.02s/it]                                                                                      Best trial: 74. Best value: 4601.3:  36%|███▌      | 90/250 [37:18<1:22:43, 31.02s/it]Best trial: 74. Best value: 4601.3:  36%|███▌      | 90/250 [37:18<1:22:43, 31.02s/it]Best trial: 74. Best value: 4601.3:  36%|███▋      | 91/250 [37:18<1:22:27, 31.12s/it]                                                                                      Best trial: 74. Best value: 4601.3:  36%|███▋      | 91/250 [37:49<1:22:27, 31.12s/it]Best trial: 74. Best value: 4601.3:  36%|███▋      | 91/250 [37:49<1:22:27, 31.12s/it]Best trial: 74. Best value: 4601.3:  37%|███▋      | 92/250 [37:49<1:21:43, 31.03s/it]                                                                                      Best trial: 74. Best value: 4601.3:  37%|███▋      | 92/250 [38:20<1:21:43, 31.03s/it]Best trial: 74. Best value: 4601.3:  37%|███▋      | 92/250 [38:20<1:21:43, 31.03s/it]Best trial: 74. Best value: 4601.3:  37%|███▋      | 93/250 [38:20<1:21:12, 31.03s/it]                                                                                      Best trial: 74. Best value: 4601.3:  37%|███▋      | 93/250 [38:51<1:21:12, 31.03s/it]Best trial: 74. Best value: 4601.3:  37%|███▋      | 93/250 [38:51<1:21:12, 31.03s/it]Best trial: 74. Best value: 4601.3:  38%|███▊      | 94/250 [38:51<1:20:27, 30.94s/it]                                                                                      Best trial: 74. Best value: 4601.3:  38%|███▊      | 94/250 [39:03<1:20:27, 30.94s/it]Best trial: 74. Best value: 4601.3:  38%|███▊      | 94/250 [39:03<1:20:27, 30.94s/it]Best trial: 74. Best value: 4601.3:  38%|███▊      | 95/250 [39:03<1:05:13, 25.25s/it]                                                                                      Best trial: 74. Best value: 4601.3:  38%|███▊      | 95/250 [39:34<1:05:13, 25.25s/it]Best trial: 74. Best value: 4601.3:  38%|███▊      | 95/250 [39:34<1:05:13, 25.25s/it]Best trial: 74. Best value: 4601.3:  38%|███▊      | 96/250 [39:34<1:09:34, 27.11s/it]                                                                                      Best trial: 74. Best value: 4601.3:  38%|███▊      | 96/250 [40:05<1:09:34, 27.11s/it]Best trial: 74. Best value: 4601.3:  38%|███▊      | 96/250 [40:05<1:09:34, 27.11s/it]Best trial: 74. Best value: 4601.3:  39%|███▉      | 97/250 [40:05<1:11:50, 28.17s/it]                                                                                      Best trial: 74. Best value: 4601.3:  39%|███▉      | 97/250 [40:36<1:11:50, 28.17s/it]Best trial: 74. Best value: 4601.3:  39%|███▉      | 97/250 [40:36<1:11:50, 28.17s/it]Best trial: 74. Best value: 4601.3:  39%|███▉      | 98/250 [40:36<1:13:22, 28.97s/it]                                                                                      
[I 2026-03-30 20:12:06,440] Trial 85 finished with value: 6165.367124261015 and parameters: {'alpha_0': 0.0011912202364879085, 'alpha_1': 0.00015862115228997865, 'alpha_2': 4.886464144541376e-05, 'beta_0': 0.2040888825924347, 'beta_1': 1.242322707390413, 'beta_2': 1.0340286198174404, 'beta_3': 0.00040965872590166346, 'beta_4': 2.585023185558035e-07, 'beta_5': 0.7244145737690983, 'beta_6': 2.3941745115745827e-05, 'beta_7': 0.03550081875214911, 'beta_8': 0.0070187273128433335, 'beta_9': 3.248248267812754e-05, 'beta_10': 7.07339347734116e-07}. Best is trial 74 with value: 4601.299066035458.
[I 2026-03-30 20:12:37,444] Trial 86 finished with value: 5085.959389816349 and parameters: {'alpha_0': 0.0018002736621217546, 'alpha_1': 0.0001656674537844721, 'alpha_2': 7.089017218888597e-05, 'beta_0': 0.21591461200530015, 'beta_1': 1.294719345565411, 'beta_2': 1.0786191645528582, 'beta_3': 0.0005667067847832318, 'beta_4': 3.7069658575015695e-07, 'beta_5': 0.8339835676093129, 'beta_6': 2.6385404918062593e-05, 'beta_7': 0.0333291797311207, 'beta_8': 0.005636558338909484, 'beta_9': 4.839795747786149e-05, 'beta_10': 7.356547287977709e-07}. Best is trial 74 with value: 4601.299066035458.
[I 2026-03-30 20:13:08,228] Trial 87 finished with value: 7015.430207669517 and parameters: {'alpha_0': 0.0014932029436694073, 'alpha_1': 0.00017337272980125391, 'alpha_2': 6.87925755739949e-05, 'beta_0': 0.24527256488452348, 'beta_1': 1.320787756375083, 'beta_2': 1.0814885018140983, 'beta_3': 0.0007066258016447174, 'beta_4': 3.714641772724963e-07, 'beta_5': 0.831555035205281, 'beta_6': 2.671853155092919e-05, 'beta_7': 0.03768580589676107, 'beta_8': 0.007511304304543229, 'beta_9': 4.9401844503784696e-05, 'beta_10': 8.727027160804934e-07}. Best is trial 74 with value: 4601.299066035458.
[I 2026-03-30 20:13:39,501] Trial 88 finished with value: 5618.173126900738 and parameters: {'alpha_0': 0.0018082149312194336, 'alpha_1': 0.00016384999657024805, 'alpha_2': 4.214567532007061e-05, 'beta_0': 0.21386866128046395, 'beta_1': 1.296247334329947, 'beta_2': 1.1536132338053458, 'beta_3': 0.0005878713722924915, 'beta_4': 2.1663835283207134e-07, 'beta_5': 0.8496411598432437, 'beta_6': 2.5856815578325765e-05, 'beta_7': 0.03659830850136438, 'beta_8': 0.006218526876298451, 'beta_9': 4.843162088424367e-05, 'beta_10': 7.702045724967374e-07}. Best is trial 74 with value: 4601.299066035458.
[I 2026-03-30 20:14:10,587] Trial 89 finished with value: 5076.893373018844 and parameters: {'alpha_0': 0.0016952756647077335, 'alpha_1': 0.00018265275747779931, 'alpha_2': 8.851440527362388e-05, 'beta_0': 0.23453492061045894, 'beta_1': 1.2252174256245596, 'beta_2': 0.9132678802045474, 'beta_3': 0.0005414483807895508, 'beta_4': 1.0508712332629315e-07, 'beta_5': 0.8093311947216879, 'beta_6': 2.8087833084738487e-05, 'beta_7': 0.03445022107777634, 'beta_8': 0.005685243344484561, 'beta_9': 4.062109682304479e-05, 'beta_10': 7.486673874583449e-07}. Best is trial 74 with value: 4601.299066035458.
[I 2026-03-30 20:14:41,920] Trial 90 finished with value: 7514.496025603443 and parameters: {'alpha_0': 0.0015909748743619151, 'alpha_1': 0.00015266599662465684, 'alpha_2': 8.70218229107612e-05, 'beta_0': 0.233769732635345, 'beta_1': 1.2011313858400814, 'beta_2': 0.9105759782238045, 'beta_3': 0.0023802711199160803, 'beta_4': 1.2856131612085042e-07, 'beta_5': 0.802880745840878, 'beta_6': 2.8374417568215658e-05, 'beta_7': 0.03477417463063457, 'beta_8': 0.006461749707258652, 'beta_9': 4.0602518587363165e-05, 'beta_10': 7.983533832163599e-07}. Best is trial 74 with value: 4601.299066035458.
[I 2026-03-30 20:15:12,759] Trial 91 finished with value: 4971.510433354925 and parameters: {'alpha_0': 0.0018618527569056991, 'alpha_1': 0.00017974943417223206, 'alpha_2': 5.586224143445946e-05, 'beta_0': 0.2218337110990098, 'beta_1': 1.2503875321609987, 'beta_2': 1.056353542809183, 'beta_3': 0.0005616784533779216, 'beta_4': 1.030049776475235e-07, 'beta_5': 0.8148879676139015, 'beta_6': 2.8204345287568892e-05, 'beta_7': 0.041632421905068176, 'beta_8': 0.0055455716802942125, 'beta_9': 4.315412049718371e-05, 'beta_10': 7.370976063017099e-07}. Best is trial 74 with value: 4601.299066035458.
[I 2026-03-30 20:15:43,791] Trial 92 finished with value: 4804.48984436142 and parameters: {'alpha_0': 0.0019005980904406915, 'alpha_1': 0.00018053649461359283, 'alpha_2': 5.2372925042333836e-05, 'beta_0': 0.22253129363774582, 'beta_1': 1.2485557566462344, 'beta_2': 1.0024559713999084, 'beta_3': 0.0005215908532906577, 'beta_4': 1.0755811186296473e-07, 'beta_5': 0.8150353420279131, 'beta_6': 2.4913072847453564e-05, 'beta_7': 0.042470410788431084, 'beta_8': 0.0054133690742113475, 'beta_9': 4.344040664143719e-05, 'beta_10': 7.327902214091829e-07}. Best is trial 74 with value: 4601.299066035458.
[I 2026-03-30 20:16:14,527] Trial 93 finished with value: 4876.781504866821 and parameters: {'alpha_0': 0.0016841989487743946, 'alpha_1': 0.00018198547702024046, 'alpha_2': 5.5415682524739495e-05, 'beta_0': 0.223851813177548, 'beta_1': 1.227278128473643, 'beta_2': 1.0125718711037193, 'beta_3': 0.000505520733346753, 'beta_4': 1.080344237018782e-07, 'beta_5': 0.8193235861857708, 'beta_6': 2.9054297178396793e-05, 'beta_7': 0.042100489122542134, 'beta_8': 0.005495220495364859, 'beta_9': 4.4014467906113726e-05, 'beta_10': 6.769199609644355e-07}. Best is trial 74 with value: 4601.299066035458.
[I 2026-03-30 20:16:26,497] Trial 94 finished with value: 10872.527938406582 and parameters: {'alpha_0': 0.0019470697324965474, 'alpha_1': 0.0001778976448868982, 'alpha_2': 5.565978119940106e-05, 'beta_0': 0.22266041228047673, 'beta_1': 1.2585928435185492, 'beta_2': 1.0146305735947712, 'beta_3': 0.0004943714817761196, 'beta_4': 2.1158767702092552e-07, 'beta_5': 0.8172671149418914, 'beta_6': 2.9896763676033235e-05, 'beta_7': 0.041946584275100146, 'beta_8': 0.013429304938160344, 'beta_9': 4.4215339656899194e-05, 'beta_10': 6.78343603255021e-07}. Best is trial 74 with value: 4601.299066035458.
[I 2026-03-30 20:16:57,941] Trial 95 finished with value: 6401.592746168742 and parameters: {'alpha_0': 0.0015042196690920188, 'alpha_1': 0.00019085268006847713, 'alpha_2': 6.104479190416455e-05, 'beta_0': 0.24481928330362074, 'beta_1': 1.1940030766624443, 'beta_2': 1.1254620304922558, 'beta_3': 0.0007586012951617801, 'beta_4': 1.427973970471468e-07, 'beta_5': 0.8198739459075132, 'beta_6': 2.4347060968037916e-05, 'beta_7': 0.04494585593192736, 'beta_8': 0.006836910478652783, 'beta_9': 3.5369718885077456e-05, 'beta_10': 6.615799290077362e-07}. Best is trial 74 with value: 4601.299066035458.
[I 2026-03-30 20:17:28,588] Trial 96 finished with value: 5654.351626610842 and parameters: {'alpha_0': 0.00122469505148236, 'alpha_1': 0.0001566304885283649, 'alpha_2': 5.5298802467433064e-05, 'beta_0': 0.2229373773721785, 'beta_1': 1.2507369873204341, 'beta_2': 1.0581396565114007, 'beta_3': 0.0006642660366748223, 'beta_4': 3.3515393505605925e-07, 'beta_5': 0.8401386473417319, 'beta_6': 2.744314213925894e-05, 'beta_7': 0.05002215024336032, 'beta_8': 0.006131456014023529, 'beta_9': 2.7144223418231747e-05, 'beta_10': 6.931354218735841e-07}. Best is trial 74 with value: 4601.299066035458.
[I 2026-03-30 20:17:59,411] Trial 97 finished with value: 7053.329182953641 and parameters: {'alpha_0': 0.0017044024118353736, 'alpha_1': 0.00017229805252562676, 'alpha_2': 4.2578557163368385e-05, 'beta_0': 0.20792124809563903, 'beta_1': 1.2123385164965323, 'beta_2': 1.0030390039556327, 'beta_3': 0.0027793861223270626, 'beta_4': 1.7561435434331133e-07, 'beta_5': 0.7941313129165228, 'beta_6': 2.917876583198252e-05, 'beta_7': 0.04568048781240345, 'beta_8': 0.005506916033453864, 'beta_9': 4.2425904249529856e-05, 'beta_10': 6.340797404306043e-07}. Best is trial 74 with value: 4601.299066035458.
[I 2026-03-30 20:18:09,199] Trial 98 finished with value: 8281.117402870581 and parameters: {'alpha_0': 0.0018996587666584846, 'alpha_1': 0.00014281959729230953, 'alpha_2': 5.429418833717904e-05, 'beta_0': 0.22120667603151833, 'beta_1': 1.2687102520781048, 'beta_2': 1.0474411660596852, 'beta_3': 0.0006181757675422712, 'beta_4': 1.0222778524986414e-07, 'beta_5': 0.7830869622401109, 'beta_6': 2.5096357843497305e-05, 'beta_7': 0.04269263499814546, 'beta_8': 0.014784534808464748, 'beta_9': 5.227346674331446e-05, 'beta_10': 7.337525715596889e-07}. Best is trial 74 with value: 4601.299066035458.Best trial: 74. Best value: 4601.3:  39%|███▉      | 98/250 [40:46<1:13:22, 28.97s/it]Best trial: 74. Best value: 4601.3:  39%|███▉      | 98/250 [40:46<1:13:22, 28.97s/it]Best trial: 74. Best value: 4601.3:  40%|███▉      | 99/250 [40:46<58:25, 23.21s/it]                                                                                      Best trial: 74. Best value: 4601.3:  40%|███▉      | 99/250 [41:16<58:25, 23.21s/it]Best trial: 74. Best value: 4601.3:  40%|███▉      | 99/250 [41:16<58:25, 23.21s/it]Best trial: 74. Best value: 4601.3:  40%|████      | 100/250 [41:16<1:03:40, 25.47s/it]                                                                                       Best trial: 74. Best value: 4601.3:  40%|████      | 100/250 [41:47<1:03:40, 25.47s/it]Best trial: 74. Best value: 4601.3:  40%|████      | 100/250 [41:47<1:03:40, 25.47s/it]Best trial: 74. Best value: 4601.3:  40%|████      | 101/250 [41:47<1:07:26, 27.16s/it]                                                                                       Best trial: 74. Best value: 4601.3:  40%|████      | 101/250 [42:18<1:07:26, 27.16s/it]Best trial: 101. Best value: 4532.31:  40%|████      | 101/250 [42:18<1:07:26, 27.16s/it]Best trial: 101. Best value: 4532.31:  41%|████      | 102/250 [42:18<1:09:21, 28.12s/it]                                                                                         Best trial: 101. Best value: 4532.31:  41%|████      | 102/250 [42:48<1:09:21, 28.12s/it]Best trial: 101. Best value: 4532.31:  41%|████      | 102/250 [42:48<1:09:21, 28.12s/it]Best trial: 101. Best value: 4532.31:  41%|████      | 103/250 [42:48<1:10:40, 28.84s/it]                                                                                         Best trial: 101. Best value: 4532.31:  41%|████      | 103/250 [43:19<1:10:40, 28.84s/it]Best trial: 101. Best value: 4532.31:  41%|████      | 103/250 [43:19<1:10:40, 28.84s/it]Best trial: 101. Best value: 4532.31:  42%|████▏     | 104/250 [43:19<1:11:28, 29.37s/it]                                                                                         Best trial: 101. Best value: 4532.31:  42%|████▏     | 104/250 [43:50<1:11:28, 29.37s/it]Best trial: 101. Best value: 4532.31:  42%|████▏     | 104/250 [43:50<1:11:28, 29.37s/it]Best trial: 101. Best value: 4532.31:  42%|████▏     | 105/250 [43:50<1:11:56, 29.77s/it]                                                                                         Best trial: 101. Best value: 4532.31:  42%|████▏     | 105/250 [44:20<1:11:56, 29.77s/it]Best trial: 101. Best value: 4532.31:  42%|████▏     | 105/250 [44:20<1:11:56, 29.77s/it]Best trial: 101. Best value: 4532.31:  42%|████▏     | 106/250 [44:20<1:12:09, 30.07s/it]                                                                                         Best trial: 101. Best value: 4532.31:  42%|████▏     | 106/250 [44:51<1:12:09, 30.07s/it]Best trial: 101. Best value: 4532.31:  42%|████▏     | 106/250 [44:51<1:12:09, 30.07s/it]Best trial: 101. Best value: 4532.31:  43%|████▎     | 107/250 [44:51<1:12:00, 30.21s/it]                                                                                         Best trial: 101. Best value: 4532.31:  43%|████▎     | 107/250 [45:22<1:12:00, 30.21s/it]Best trial: 101. Best value: 4532.31:  43%|████▎     | 107/250 [45:22<1:12:00, 30.21s/it]Best trial: 101. Best value: 4532.31:  43%|████▎     | 108/250 [45:22<1:11:49, 30.35s/it]                                                                                         Best trial: 101. Best value: 4532.31:  43%|████▎     | 108/250 [45:52<1:11:49, 30.35s/it]Best trial: 101. Best value: 4532.31:  43%|████▎     | 108/250 [45:52<1:11:49, 30.35s/it]Best trial: 101. Best value: 4532.31:  44%|████▎     | 109/250 [45:52<1:11:34, 30.46s/it]                                                                                         Best trial: 101. Best value: 4532.31:  44%|████▎     | 109/250 [46:23<1:11:34, 30.46s/it]Best trial: 101. Best value: 4532.31:  44%|████▎     | 109/250 [46:23<1:11:34, 30.46s/it]Best trial: 101. Best value: 4532.31:  44%|████▍     | 110/250 [46:23<1:11:09, 30.50s/it]                                                                                         Best trial: 101. Best value: 4532.31:  44%|████▍     | 110/250 [46:53<1:11:09, 30.50s/it]Best trial: 101. Best value: 4532.31:  44%|████▍     | 110/250 [46:53<1:11:09, 30.50s/it]Best trial: 101. Best value: 4532.31:  44%|████▍     | 111/250 [46:53<1:10:26, 30.41s/it]                                                                                         Best trial: 101. Best value: 4532.31:  44%|████▍     | 111/250 [47:24<1:10:26, 30.41s/it]Best trial: 101. Best value: 4532.31:  44%|████▍     | 111/250 [47:24<1:10:26, 30.41s/it]Best trial: 101. Best value: 4532.31:  45%|████▍     | 112/250 [47:24<1:10:28, 30.64s/it]                                                                                         
[I 2026-03-30 20:18:39,942] Trial 99 finished with value: 4615.734009454826 and parameters: {'alpha_0': 0.0022392085765873893, 'alpha_1': 0.0001844596928208095, 'alpha_2': 6.502085736954667e-05, 'beta_0': 0.22871218365274115, 'beta_1': 1.1760784141587703, 'beta_2': 0.8236515298972099, 'beta_3': 0.0006874810201396624, 'beta_4': 2.9446146520393215e-07, 'beta_5': 0.7110199809252349, 'beta_6': 2.2338565606616937e-05, 'beta_7': 0.0320275476993379, 'beta_8': 0.00502018191617983, 'beta_9': 3.848859509811722e-05, 'beta_10': 7.667004185395069e-07}. Best is trial 74 with value: 4601.299066035458.
[I 2026-03-30 20:19:11,039] Trial 100 finished with value: 7228.424626943395 and parameters: {'alpha_0': 0.002231106350791318, 'alpha_1': 0.00018553240648805675, 'alpha_2': 6.465986521965911e-05, 'beta_0': 0.22958979594614956, 'beta_1': 1.1712605809574426, 'beta_2': 0.863032672945003, 'beta_3': 0.0008337100949859058, 'beta_4': 2.1279887068813857e-07, 'beta_5': 0.7511404766927234, 'beta_6': 2.2770996744496107e-05, 'beta_7': 0.03941592811211243, 'beta_8': 0.007671732626889323, 'beta_9': 3.7435839153596264e-05, 'beta_10': 9.020487050594963e-07}. Best is trial 74 with value: 4601.299066035458.
[I 2026-03-30 20:19:41,402] Trial 101 finished with value: 4532.314108912247 and parameters: {'alpha_0': 0.0009651133670234965, 'alpha_1': 0.00019951087797340526, 'alpha_2': 0.00011495348669141359, 'beta_0': 0.2516382996914105, 'beta_1': 1.2275123643324837, 'beta_2': 0.8456018688169538, 'beta_3': 0.00049103323487559, 'beta_4': 2.977234536232281e-07, 'beta_5': 0.7020734395246186, 'beta_6': 2.3586204314759902e-05, 'beta_7': 0.032129800060399075, 'beta_8': 0.00507673969849114, 'beta_9': 4.519235875537061e-05, 'beta_10': 7.7245573539515e-07}. Best is trial 101 with value: 4532.314108912247.
[I 2026-03-30 20:20:11,937] Trial 102 finished with value: 4618.602850022681 and parameters: {'alpha_0': 0.0019915405572040875, 'alpha_1': 0.00019463274553434978, 'alpha_2': 0.00011071991887416359, 'beta_0': 0.245466518353006, 'beta_1': 1.2270008318292716, 'beta_2': 0.8318559560012406, 'beta_3': 0.0006893195257156424, 'beta_4': 3.051295095489854e-07, 'beta_5': 0.7115842375770968, 'beta_6': 2.2320934572208796e-05, 'beta_7': 0.031591739078779865, 'beta_8': 0.00500602759353642, 'beta_9': 4.432680033160027e-05, 'beta_10': 7.663061655242722e-07}. Best is trial 101 with value: 4532.314108912247.
[I 2026-03-30 20:20:42,538] Trial 103 finished with value: 4663.9685844660235 and parameters: {'alpha_0': 0.0010076466872293516, 'alpha_1': 0.00020104689345358547, 'alpha_2': 5.123427014491328e-05, 'beta_0': 0.26042829027335546, 'beta_1': 1.1830657121867203, 'beta_2': 0.8332588848932178, 'beta_3': 0.0006919830045634656, 'beta_4': 3.1287705344800397e-07, 'beta_5': 0.706443964360536, 'beta_6': 2.9188256083836403e-05, 'beta_7': 0.031902303252806706, 'beta_8': 0.005008812227908932, 'beta_9': 4.400058303312185e-05, 'beta_10': 8.116057631605922e-07}. Best is trial 101 with value: 4532.314108912247.
