[I 2026-03-30 21:02:24,631] Trial 188 finished with value: 4745.717041492723 and parameters: {'alpha_0': 0.0026837321222897576, 'alpha_1': 0.00016895414120619119, 'alpha_2': 0.00010283950920967028, 'beta_0': 0.2504696992525311, 'beta_1': 1.0836637201615316, 'beta_2': 0.8525996636594626, 'beta_3': 0.00044780843410846294, 'beta_4': 2.1478004974925653e-07, 'beta_5': 0.7637737857049467, 'beta_6': 2.7602548760772657e-05, 'beta_7': 0.02473862527830174, 'beta_8': 0.005439084745539409, 'beta_9': 5.339488002880706e-05, 'beta_10': 9.77729722711898e-07}. Best is trial 165 with value: 4362.496469131374.
[I 2026-03-30 21:02:55,781] Trial 189 finished with value: 5050.349070779839 and parameters: {'alpha_0': 0.0022019287791012147, 'alpha_1': 0.00015990477215085204, 'alpha_2': 0.00010705799808793995, 'beta_0': 0.22870877919841964, 'beta_1': 1.097733141273972, 'beta_2': 0.9577643852303658, 'beta_3': 0.0005168923542237579, 'beta_4': 1.446787348195956e-07, 'beta_5': 0.7978893427747795, 'beta_6': 2.6489681552913007e-05, 'beta_7': 0.02697332348010936, 'beta_8': 0.0057163011812618935, 'beta_9': 5.0262185115848175e-05, 'beta_10': 9.954808722794115e-07}. Best is trial 165 with value: 4362.496469131374.
[I 2026-03-30 21:03:25,979] Trial 190 finished with value: 4464.966702590742 and parameters: {'alpha_0': 0.0022931743949728095, 'alpha_1': 0.00016396966858758056, 'alpha_2': 9.887875288922045e-05, 'beta_0': 0.24815963861395873, 'beta_1': 1.1327968561227515, 'beta_2': 0.89484251261265, 'beta_3': 0.000570223095599621, 'beta_4': 1.9526324615803442e-07, 'beta_5': 0.782467550425574, 'beta_6': 2.8458271733732047e-05, 'beta_7': 0.028867751706946245, 'beta_8': 0.005011633816293479, 'beta_9': 5.6189887826059815e-05, 'beta_10': 9.620170521685304e-07}. Best is trial 165 with value: 4362.496469131374.
[I 2026-03-30 21:03:56,443] Trial 191 finished with value: 4729.70914392246 and parameters: {'alpha_0': 0.0023231422784356862, 'alpha_1': 0.00016614969830854183, 'alpha_2': 0.00010037841683157358, 'beta_0': 0.24114322442231467, 'beta_1': 1.104215566109068, 'beta_2': 0.8922925110498534, 'beta_3': 0.000560982024027367, 'beta_4': 1.9148778247880703e-07, 'beta_5': 0.778286351614113, 'beta_6': 2.8468421984593985e-05, 'beta_7': 0.028021399877268198, 'beta_8': 0.005332661765238468, 'beta_9': 5.6566684773909506e-05, 'beta_10': 9.53982309025047e-07}. Best is trial 165 with value: 4362.496469131374.
[I 2026-03-30 21:04:26,804] Trial 192 finished with value: 4383.697227853828 and parameters: {'alpha_0': 0.0020456240845015054, 'alpha_1': 0.0001719284204827651, 'alpha_2': 0.0001114063656374768, 'beta_0': 0.2482736916342414, 'beta_1': 1.1357749164897046, 'beta_2': 0.871330413554056, 'beta_3': 0.00040176017401860825, 'beta_4': 2.4706338822720325e-07, 'beta_5': 0.7514564109152198, 'beta_6': 2.8087511238520153e-05, 'beta_7': 0.025954437529719314, 'beta_8': 0.00507060034470851, 'beta_9': 6.133975177983559e-05, 'beta_10': 9.778029405012134e-07}. Best is trial 165 with value: 4362.496469131374.
[I 2026-03-30 21:04:57,560] Trial 193 finished with value: 4344.582419780715 and parameters: {'alpha_0': 0.002410396842926365, 'alpha_1': 0.0001713794527046997, 'alpha_2': 0.00011075010226107139, 'beta_0': 0.24946214166130776, 'beta_1': 1.1338403621365245, 'beta_2': 0.9215398056792873, 'beta_3': 0.0004028140996861949, 'beta_4': 2.5304275635169924e-07, 'beta_5': 0.7522106598515087, 'beta_6': 2.7809488416521095e-05, 'beta_7': 0.0262154929405124, 'beta_8': 0.005009690868805884, 'beta_9': 5.9205253403440626e-05, 'beta_10': 9.7365225102687e-07}. Best is trial 193 with value: 4344.582419780715.
[I 2026-03-30 21:05:28,264] Trial 194 finished with value: 4632.35227534309 and parameters: {'alpha_0': 0.0024573665635899957, 'alpha_1': 0.0001708936120162162, 'alpha_2': 0.00011038609824440368, 'beta_0': 0.2475026062112847, 'beta_1': 1.1337984522399744, 'beta_2': 0.9367680516737122, 'beta_3': 0.00041562533078440733, 'beta_4': 1.3981430945974902e-07, 'beta_5': 0.7542252892971507, 'beta_6': 2.728448735621967e-05, 'beta_7': 0.023274809207846397, 'beta_8': 0.005362174495655821, 'beta_9': 6.155077899094994e-05, 'beta_10': 9.829036959789699e-07}. Best is trial 193 with value: 4344.582419780715.
[I 2026-03-30 21:05:58,388] Trial 195 finished with value: 4401.58703333349 and parameters: {'alpha_0': 0.0022585686333169417, 'alpha_1': 0.00016367612211556776, 'alpha_2': 0.00011321900071062992, 'beta_0': 0.2531162638700126, 'beta_1': 1.121066986802959, 'beta_2': 0.9040336754572411, 'beta_3': 0.0004920816472100972, 'beta_4': 2.1608435016615487e-07, 'beta_5': 0.7872823372718079, 'beta_6': 2.800984542851396e-05, 'beta_7': 0.025764643909157524, 'beta_8': 0.005011764122520968, 'beta_9': 5.752820632590569e-05, 'beta_10': 9.677357696365375e-07}. Best is trial 193 with value: 4344.582419780715.
[I 2026-03-30 21:06:07,763] Trial 196 finished with value: 6941.220758171187 and parameters: {'alpha_0': 0.002065024274480902, 'alpha_1': 0.0001592343888220385, 'alpha_2': 8.893363761060828e-05, 'beta_0': 0.25060782451761926, 'beta_1': 1.1248693529251772, 'beta_2': 0.8973883271033093, 'beta_3': 0.0004002272709996403, 'beta_4': 1.0106760402289354e-07, 'beta_5': 0.7885544388528706, 'beta_6': 2.789324318603358e-05, 'beta_7': 0.025422897711912217, 'beta_8': 0.016479555238493832, 'beta_9': 6.215137376520816e-05, 'beta_10': 9.679968730291497e-07}. Best is trial 193 with value: 4344.582419780715.Best trial: 193. Best value: 4344.58:  78%|███████▊  | 196/250 [1:28:44<27:26, 30.49s/it]Best trial: 193. Best value: 4344.58:  78%|███████▊  | 196/250 [1:28:44<27:26, 30.49s/it]Best trial: 193. Best value: 4344.58:  79%|███████▉  | 197/250 [1:28:44<21:20, 24.16s/it]                                                                                         Best trial: 193. Best value: 4344.58:  79%|███████▉  | 197/250 [1:29:15<21:20, 24.16s/it]Best trial: 193. Best value: 4344.58:  79%|███████▉  | 197/250 [1:29:15<21:20, 24.16s/it]Best trial: 193. Best value: 4344.58:  79%|███████▉  | 198/250 [1:29:15<22:37, 26.10s/it]                                                                                         Best trial: 193. Best value: 4344.58:  79%|███████▉  | 198/250 [1:29:46<22:37, 26.10s/it]Best trial: 193. Best value: 4344.58:  79%|███████▉  | 198/250 [1:29:46<22:37, 26.10s/it]Best trial: 193. Best value: 4344.58:  80%|███████▉  | 199/250 [1:29:46<23:22, 27.49s/it]                                                                                         Best trial: 193. Best value: 4344.58:  80%|███████▉  | 199/250 [1:30:16<23:22, 27.49s/it]Best trial: 193. Best value: 4344.58:  80%|███████▉  | 199/250 [1:30:16<23:22, 27.49s/it]Best trial: 193. Best value: 4344.58:  80%|████████  | 200/250 [1:30:16<23:39, 28.39s/it]                                                                                         Best trial: 193. Best value: 4344.58:  80%|████████  | 200/250 [1:30:47<23:39, 28.39s/it]Best trial: 193. Best value: 4344.58:  80%|████████  | 200/250 [1:30:47<23:39, 28.39s/it]Best trial: 193. Best value: 4344.58:  80%|████████  | 201/250 [1:30:47<23:54, 29.28s/it]                                                                                         Best trial: 193. Best value: 4344.58:  80%|████████  | 201/250 [1:31:18<23:54, 29.28s/it]Best trial: 193. Best value: 4344.58:  80%|████████  | 201/250 [1:31:18<23:54, 29.28s/it]Best trial: 193. Best value: 4344.58:  81%|████████  | 202/250 [1:31:18<23:44, 29.68s/it]                                                                                         Best trial: 193. Best value: 4344.58:  81%|████████  | 202/250 [1:31:49<23:44, 29.68s/it]Best trial: 193. Best value: 4344.58:  81%|████████  | 202/250 [1:31:49<23:44, 29.68s/it]Best trial: 193. Best value: 4344.58:  81%|████████  | 203/250 [1:31:49<23:36, 30.13s/it]                                                                                         Best trial: 193. Best value: 4344.58:  81%|████████  | 203/250 [1:32:20<23:36, 30.13s/it]Best trial: 193. Best value: 4344.58:  81%|████████  | 203/250 [1:32:20<23:36, 30.13s/it]Best trial: 193. Best value: 4344.58:  82%|████████▏ | 204/250 [1:32:20<23:16, 30.37s/it]                                                                                         Best trial: 193. Best value: 4344.58:  82%|████████▏ | 204/250 [1:32:51<23:16, 30.37s/it]Best trial: 193. Best value: 4344.58:  82%|████████▏ | 204/250 [1:32:51<23:16, 30.37s/it]Best trial: 193. Best value: 4344.58:  82%|████████▏ | 205/250 [1:32:51<22:52, 30.51s/it]                                                                                         Best trial: 193. Best value: 4344.58:  82%|████████▏ | 205/250 [1:33:22<22:52, 30.51s/it]Best trial: 193. Best value: 4344.58:  82%|████████▏ | 205/250 [1:33:22<22:52, 30.51s/it]Best trial: 193. Best value: 4344.58:  82%|████████▏ | 206/250 [1:33:22<22:27, 30.62s/it]                                                                                         Best trial: 193. Best value: 4344.58:  82%|████████▏ | 206/250 [1:33:53<22:27, 30.62s/it]Best trial: 193. Best value: 4344.58:  82%|████████▏ | 206/250 [1:33:53<22:27, 30.62s/it]Best trial: 193. Best value: 4344.58:  83%|████████▎ | 207/250 [1:33:53<21:58, 30.67s/it]                                                                                         Best trial: 193. Best value: 4344.58:  83%|████████▎ | 207/250 [1:34:06<21:58, 30.67s/it]Best trial: 193. Best value: 4344.58:  83%|████████▎ | 207/250 [1:34:06<21:58, 30.67s/it]Best trial: 193. Best value: 4344.58:  83%|████████▎ | 208/250 [1:34:06<17:53, 25.55s/it]                                                                                         Best trial: 193. Best value: 4344.58:  83%|████████▎ | 208/250 [1:34:37<17:53, 25.55s/it]Best trial: 193. Best value: 4344.58:  83%|████████▎ | 208/250 [1:34:37<17:53, 25.55s/it]Best trial: 193. Best value: 4344.58:  84%|████████▎ | 209/250 [1:34:37<18:34, 27.19s/it]                                                                                         Best trial: 193. Best value: 4344.58:  84%|████████▎ | 209/250 [1:35:08<18:34, 27.19s/it]Best trial: 209. Best value: 4298.8:  84%|████████▎ | 209/250 [1:35:08<18:34, 27.19s/it] Best trial: 209. Best value: 4298.8:  84%|████████▍ | 210/250 [1:35:08<18:50, 28.26s/it]                                                                                        
[I 2026-03-30 21:06:38,407] Trial 197 finished with value: 5112.081184656734 and parameters: {'alpha_0': 0.002275881775573363, 'alpha_1': 0.0001653762895849924, 'alpha_2': 9.858671056560368e-05, 'beta_0': 0.2544223905939, 'beta_1': 1.1359215982435937, 'beta_2': 0.9611880820576432, 'beta_3': 0.0004851832859864797, 'beta_4': 2.1764579158221559e-07, 'beta_5': 0.8016985368101054, 'beta_6': 2.7708893955649143e-05, 'beta_7': 0.02444454705224204, 'beta_8': 0.005829997304394157, 'beta_9': 6.437322259569238e-05, 'beta_10': 9.435679327710553e-07}. Best is trial 193 with value: 4344.582419780715.
[I 2026-03-30 21:07:09,141] Trial 198 finished with value: 5921.466155755648 and parameters: {'alpha_0': 0.001974101323884528, 'alpha_1': 0.00017765394673610122, 'alpha_2': 0.00010256594942186818, 'beta_0': 0.24646647194960736, 'beta_1': 1.1115167295584703, 'beta_2': 0.9308363347580525, 'beta_3': 0.000502990645133142, 'beta_4': 1.7192696378441215e-07, 'beta_5': 0.7663771601564349, 'beta_6': 2.8983996155563606e-05, 'beta_7': 0.02577733806327055, 'beta_8': 0.006626892233407672, 'beta_9': 5.841321424168847e-05, 'beta_10': 9.998409956405605e-07}. Best is trial 193 with value: 4344.582419780715.
[I 2026-03-30 21:07:39,632] Trial 199 finished with value: 4354.667612509924 and parameters: {'alpha_0': 0.0021931057666450217, 'alpha_1': 0.00015289365184247618, 'alpha_2': 0.00010770475225403024, 'beta_0': 0.23525924819526015, 'beta_1': 1.1377193527916056, 'beta_2': 0.9199481113909159, 'beta_3': 0.00046277382629962284, 'beta_4': 2.613438930002141e-07, 'beta_5': 0.7842478164834661, 'beta_6': 2.6931594840593598e-05, 'beta_7': 0.02648727241480186, 'beta_8': 0.005005546777292888, 'beta_9': 5.507883297495978e-05, 'beta_10': 9.648489512289522e-07}. Best is trial 193 with value: 4344.582419780715.
[I 2026-03-30 21:08:10,969] Trial 200 finished with value: 4958.3833485466685 and parameters: {'alpha_0': 0.002214170837677812, 'alpha_1': 0.00015131000894680035, 'alpha_2': 0.00011416757108112848, 'beta_0': 0.23584638023421603, 'beta_1': 1.1430484958728004, 'beta_2': 0.9156193235283124, 'beta_3': 0.0004439602258880226, 'beta_4': 2.5000802866742283e-07, 'beta_5': 0.7868918309913622, 'beta_6': 2.698885754359346e-05, 'beta_7': 0.026628371888526885, 'beta_8': 0.005678721161830727, 'beta_9': 5.9541480419092865e-05, 'beta_10': 9.632576452943426e-07}. Best is trial 193 with value: 4344.582419780715.
[I 2026-03-30 21:08:41,591] Trial 201 finished with value: 4764.4220998503515 and parameters: {'alpha_0': 0.002296391480138967, 'alpha_1': 0.00015424262963363515, 'alpha_2': 0.00010689716911261333, 'beta_0': 0.24489248083700715, 'beta_1': 1.120121639468287, 'beta_2': 0.90871143212263, 'beta_3': 0.0005314637733076194, 'beta_4': 2.1345536154691124e-07, 'beta_5': 0.748688127979524, 'beta_6': 2.7526441963419184e-05, 'beta_7': 0.02632217066133722, 'beta_8': 0.005404916740882783, 'beta_9': 5.5797857352038594e-05, 'beta_10': 9.36190167587195e-07}. Best is trial 193 with value: 4344.582419780715.
[I 2026-03-30 21:09:12,782] Trial 202 finished with value: 4402.13943851926 and parameters: {'alpha_0': 0.0021312938529895187, 'alpha_1': 0.00016224719222566087, 'alpha_2': 9.298189003771433e-05, 'beta_0': 0.2400764435655849, 'beta_1': 1.1372776088266345, 'beta_2': 0.8696268495761919, 'beta_3': 0.00046136726036822884, 'beta_4': 2.6731428869921545e-07, 'beta_5': 0.7721590126077708, 'beta_6': 2.7980414059012435e-05, 'beta_7': 0.02729273946744911, 'beta_8': 0.0050333095303494715, 'beta_9': 6.056794197239959e-05, 'beta_10': 9.79344498941746e-07}. Best is trial 193 with value: 4344.582419780715.
[I 2026-03-30 21:09:43,702] Trial 203 finished with value: 4346.368417378011 and parameters: {'alpha_0': 0.00212970862049055, 'alpha_1': 0.0001634144130480628, 'alpha_2': 9.371510585043088e-05, 'beta_0': 0.2325431772765878, 'beta_1': 1.139319817417509, 'beta_2': 0.8685121660836459, 'beta_3': 0.00045274972469849627, 'beta_4': 1.4230683404133305e-07, 'beta_5': 0.7732684154016881, 'beta_6': 2.786019489461875e-05, 'beta_7': 0.027419877406460864, 'beta_8': 0.005019124253818891, 'beta_9': 6.087273297144297e-05, 'beta_10': 9.841111274103668e-07}. Best is trial 193 with value: 4344.582419780715.
[I 2026-03-30 21:10:14,538] Trial 204 finished with value: 4680.963065810384 and parameters: {'alpha_0': 0.002237519857911163, 'alpha_1': 0.0001571852441024785, 'alpha_2': 9.191159110217232e-05, 'beta_0': 0.23143080239722774, 'beta_1': 1.1379678407120017, 'beta_2': 0.8719040020456357, 'beta_3': 0.00045253603893952675, 'beta_4': 1.3331493333296015e-07, 'beta_5': 0.7785932072077432, 'beta_6': 2.6078973200127626e-05, 'beta_7': 0.027401980252351275, 'beta_8': 0.00540215529191311, 'beta_9': 5.9952758131108e-05, 'beta_10': 9.816528254042765e-07}. Best is trial 193 with value: 4344.582419780715.
[I 2026-03-30 21:10:45,429] Trial 205 finished with value: 5253.4143085192345 and parameters: {'alpha_0': 0.0021500077737646663, 'alpha_1': 0.00016207467275093754, 'alpha_2': 8.560666627015854e-05, 'beta_0': 0.23898707432905542, 'beta_1': 1.1100734467859523, 'beta_2': 0.974090542290849, 'beta_3': 0.0004078612642546473, 'beta_4': 2.1510342152379986e-07, 'beta_5': 0.7673905913772076, 'beta_6': 2.7278843786194218e-05, 'beta_7': 0.023849844327759093, 'beta_8': 0.0060501864727459664, 'beta_9': 5.8178830290286744e-05, 'beta_10': 9.580110235862311e-07}. Best is trial 193 with value: 4344.582419780715.
[I 2026-03-30 21:11:16,210] Trial 206 finished with value: 5037.018949454382 and parameters: {'alpha_0': 0.002104168285276265, 'alpha_1': 0.00016879743825450353, 'alpha_2': 9.353998370375893e-05, 'beta_0': 0.2343031182274648, 'beta_1': 1.0886753676138514, 'beta_2': 0.8552761281268197, 'beta_3': 0.00048493038371701244, 'beta_4': 2.588025106003813e-07, 'beta_5': 0.794801242426584, 'beta_6': 2.7806087957908627e-05, 'beta_7': 0.02516624603278659, 'beta_8': 0.005682687522970261, 'beta_9': 6.327585663275377e-05, 'beta_10': 9.990715148601616e-07}. Best is trial 193 with value: 4344.582419780715.
[I 2026-03-30 21:11:29,812] Trial 207 finished with value: 9785.84886423434 and parameters: {'alpha_0': 0.0020696398529403406, 'alpha_1': 0.00017544524540909537, 'alpha_2': 0.00011262179033508551, 'beta_0': 0.24932731180073986, 'beta_1': 1.138406589261865, 'beta_2': 0.8828851792161313, 'beta_3': 0.00047369723391880493, 'beta_4': 1.8228151821679048e-07, 'beta_5': 0.7598356048448563, 'beta_6': 2.6820182211557875e-05, 'beta_7': 0.028280743304769592, 'beta_8': 0.010740572008045679, 'beta_9': 6.078252345966185e-05, 'beta_10': 9.722752586845174e-07}. Best is trial 193 with value: 4344.582419780715.
[I 2026-03-30 21:12:00,810] Trial 208 finished with value: 4683.2744060834775 and parameters: {'alpha_0': 0.00200866649102807, 'alpha_1': 0.00016293356557678436, 'alpha_2': 0.00010955836776814829, 'beta_0': 0.2264639351828288, 'beta_1': 1.1021577153706181, 'beta_2': 0.9172058000695938, 'beta_3': 0.0005080087488961544, 'beta_4': 1.4837163913754572e-07, 'beta_5': 0.7767520983418861, 'beta_6': 2.795352934796991e-05, 'beta_7': 0.02648784390539888, 'beta_8': 0.00535616336867181, 'beta_9': 6.679580101593026e-05, 'beta_10': 9.388753906891895e-07}. Best is trial 193 with value: 4344.582419780715.
[I 2026-03-30 21:12:31,588] Trial 209 finished with value: 4298.795552243277 and parameters: {'alpha_0': 0.002219406336003587, 'alpha_1': 0.00014744414308663214, 'alpha_2': 0.00012130100456547225, 'beta_0': 0.2537303233927884, 'beta_1': 1.1472082190015762, 'beta_2': 0.8638275888319538, 'beta_3': 0.00044531866944407775, 'beta_4': 1.0066055588481741e-07, 'beta_5': 0.7857474804743013, 'beta_6': 2.8481848973545978e-05, 'beta_7': 0.028581674800322875, 'beta_8': 0.005010168515588277, 'beta_9': 5.3869672015568906e-05, 'beta_10': 9.80483982813358e-07}. Best is trial 209 with value: 4298.795552243277.
