[I 2026-03-30 20:00:33,945] Trial 62 finished with value: 5215.9331926949 and parameters: {'alpha_0': 0.002923688171000636, 'alpha_1': 0.00023664635766009959, 'alpha_2': 0.00023045835279014563, 'beta_0': 0.18229344740073955, 'beta_1': 1.436820432048105, 'beta_2': 0.8024046420266694, 'beta_3': 0.0008676856175802499, 'beta_4': 8.196263019493136e-07, 'beta_5': 0.7903631611007131, 'beta_6': 1.8609572151200327e-05, 'beta_7': 0.02818554735198434, 'beta_8': 0.005142270763315674, 'beta_9': 5.7349553030537315e-05, 'beta_10': 6.118210866701467e-07}. Best is trial 35 with value: 4798.705537280949.
[I 2026-03-30 20:01:04,814] Trial 63 finished with value: 5735.81307813734 and parameters: {'alpha_0': 0.00292101998406575, 'alpha_1': 0.0002446921044146536, 'alpha_2': 0.00022641723115777423, 'beta_0': 0.18177795412200556, 'beta_1': 1.4494612309564845, 'beta_2': 0.6825109248269752, 'beta_3': 0.0008525824602618104, 'beta_4': 6.462975946550961e-07, 'beta_5': 0.8486839607266032, 'beta_6': 1.8431928239593666e-05, 'beta_7': 0.030838088927826055, 'beta_8': 0.005834315623366625, 'beta_9': 5.747783743065651e-05, 'beta_10': 6.023213317739585e-07}. Best is trial 35 with value: 4798.705537280949.
[I 2026-03-30 20:01:35,801] Trial 64 finished with value: 4968.588872233423 and parameters: {'alpha_0': 0.003424575153303759, 'alpha_1': 0.0002324439615596033, 'alpha_2': 0.00017705410290044717, 'beta_0': 0.20251532572545564, 'beta_1': 1.3909261648268394, 'beta_2': 0.8005188248360158, 'beta_3': 0.0006641914517067721, 'beta_4': 8.122140396957955e-07, 'beta_5': 0.7936286966336079, 'beta_6': 1.926394837656451e-05, 'beta_7': 0.027291771263605425, 'beta_8': 0.005083180983433644, 'beta_9': 4.454122342952171e-05, 'beta_10': 5.459397738177473e-07}. Best is trial 35 with value: 4798.705537280949.
[I 2026-03-30 20:02:06,184] Trial 65 finished with value: 7418.025685494247 and parameters: {'alpha_0': 0.003510162548174256, 'alpha_1': 0.00023332403916937323, 'alpha_2': 0.0001991328080205137, 'beta_0': 0.21809400062060147, 'beta_1': 1.4027966142453663, 'beta_2': 0.8030220873886924, 'beta_3': 0.0006357213668938709, 'beta_4': 8.109120455491604e-07, 'beta_5': 0.796633331179633, 'beta_6': 1.932679705086311e-05, 'beta_7': 0.04690432525764662, 'beta_8': 0.007733233978399442, 'beta_9': 3.329866783072065e-05, 'beta_10': 5.599245329654239e-07}. Best is trial 35 with value: 4798.705537280949.
[I 2026-03-30 20:02:36,822] Trial 66 finished with value: 5772.625191305035 and parameters: {'alpha_0': 0.004727725477458513, 'alpha_1': 0.00019766983305008937, 'alpha_2': 0.00021375905095316576, 'beta_0': 0.19832730178945515, 'beta_1': 1.4769213296725896, 'beta_2': 0.774242468313899, 'beta_3': 0.0005000061145449111, 'beta_4': 4.021987386036927e-07, 'beta_5': 0.816186444681773, 'beta_6': 2.168656301036577e-05, 'beta_7': 0.027804316850625198, 'beta_8': 0.006409485316351422, 'beta_9': 4.133229927039239e-05, 'beta_10': 7.314071871346795e-07}. Best is trial 35 with value: 4798.705537280949.
[I 2026-03-30 20:03:07,920] Trial 67 finished with value: 6886.728716543176 and parameters: {'alpha_0': 0.0042577663376150154, 'alpha_1': 0.00025710567805971784, 'alpha_2': 0.00023147232092457536, 'beta_0': 0.20345579582016388, 'beta_1': 1.3538354958856345, 'beta_2': 0.885048403790788, 'beta_3': 0.0007171904966192537, 'beta_4': 5.62928783627508e-07, 'beta_5': 0.7795657404490677, 'beta_6': 2.0175796597331507e-05, 'beta_7': 0.04125765244603304, 'beta_8': 0.0071749648478014755, 'beta_9': 4.628469474549678e-05, 'beta_10': 5.302202118632626e-07}. Best is trial 35 with value: 4798.705537280949.
[I 2026-03-30 20:03:38,516] Trial 68 finished with value: 5321.046196601685 and parameters: {'alpha_0': 0.003693017170207649, 'alpha_1': 0.00023420131961016466, 'alpha_2': 0.0002040658084370021, 'beta_0': 0.1854948036028146, 'beta_1': 1.4282435646025242, 'beta_2': 0.9116215260425116, 'beta_3': 0.0006352187955655931, 'beta_4': 7.501308409883045e-07, 'beta_5': 0.7621622609046209, 'beta_6': 2.068268306575784e-05, 'beta_7': 0.022563481171780753, 'beta_8': 0.005621674246810921, 'beta_9': 7.639919562100259e-05, 'beta_10': 4.6638858334759477e-07}. Best is trial 35 with value: 4798.705537280949.
[I 2026-03-30 20:04:09,285] Trial 69 finished with value: 6422.718438484684 and parameters: {'alpha_0': 0.003087538145368647, 'alpha_1': 0.00021495677014752662, 'alpha_2': 0.0001899792787710271, 'beta_0': 0.19059845729316482, 'beta_1': 1.5740320999119535, 'beta_2': 0.6087543701884928, 'beta_3': 0.0007882615884282009, 'beta_4': 8.151095051554876e-07, 'beta_5': 0.7931090700980293, 'beta_6': 1.878825382688702e-05, 'beta_7': 0.01609107732783588, 'beta_8': 0.00668158275382072, 'beta_9': 3.7571677126455583e-05, 'beta_10': 4.285261755660552e-07}. Best is trial 35 with value: 4798.705537280949.
[I 2026-03-30 20:04:23,286] Trial 70 finished with value: 9707.155060659308 and parameters: {'alpha_0': 0.004978858448697157, 'alpha_1': 0.0002332222099368807, 'alpha_2': 0.00024731942915790027, 'beta_0': 0.23785913254936852, 'beta_1': 1.3104627704068736, 'beta_2': 0.7959226105532681, 'beta_3': 0.0014508541469231246, 'beta_4': 5.317453892091996e-07, 'beta_5': 0.7476140903364935, 'beta_6': 1.747135613674801e-05, 'beta_7': 0.029499540780941684, 'beta_8': 0.009556351686314449, 'beta_9': 2.3629545510830234e-05, 'beta_10': 5.063716694386011e-07}. Best is trial 35 with value: 4798.705537280949.Best trial: 35. Best value: 4798.71:  28%|██▊       | 70/250 [27:00<1:31:33, 30.52s/it]Best trial: 35. Best value: 4798.71:  28%|██▊       | 70/250 [27:00<1:31:33, 30.52s/it]Best trial: 35. Best value: 4798.71:  28%|██▊       | 71/250 [27:00<1:16:15, 25.56s/it]                                                                                       Best trial: 35. Best value: 4798.71:  28%|██▊       | 71/250 [27:30<1:16:15, 25.56s/it]Best trial: 35. Best value: 4798.71:  28%|██▊       | 71/250 [27:30<1:16:15, 25.56s/it]Best trial: 35. Best value: 4798.71:  29%|██▉       | 72/250 [27:30<1:19:52, 26.92s/it]                                                                                       Best trial: 35. Best value: 4798.71:  29%|██▉       | 72/250 [28:00<1:19:52, 26.92s/it]Best trial: 35. Best value: 4798.71:  29%|██▉       | 72/250 [28:00<1:19:52, 26.92s/it]Best trial: 35. Best value: 4798.71:  29%|██▉       | 73/250 [28:00<1:22:35, 28.00s/it]                                                                                       Best trial: 35. Best value: 4798.71:  29%|██▉       | 73/250 [28:31<1:22:35, 28.00s/it]Best trial: 35. Best value: 4798.71:  29%|██▉       | 73/250 [28:31<1:22:35, 28.00s/it]Best trial: 35. Best value: 4798.71:  30%|██▉       | 74/250 [28:31<1:24:36, 28.85s/it]                                                                                       Best trial: 35. Best value: 4798.71:  30%|██▉       | 74/250 [29:02<1:24:36, 28.85s/it]Best trial: 74. Best value: 4601.3:  30%|██▉       | 74/250 [29:02<1:24:36, 28.85s/it] Best trial: 74. Best value: 4601.3:  30%|███       | 75/250 [29:02<1:26:03, 29.50s/it]                                                                                      Best trial: 74. Best value: 4601.3:  30%|███       | 75/250 [29:33<1:26:03, 29.50s/it]Best trial: 74. Best value: 4601.3:  30%|███       | 75/250 [29:33<1:26:03, 29.50s/it]Best trial: 74. Best value: 4601.3:  30%|███       | 76/250 [29:33<1:26:43, 29.90s/it]                                                                                      Best trial: 74. Best value: 4601.3:  30%|███       | 76/250 [30:04<1:26:43, 29.90s/it]Best trial: 74. Best value: 4601.3:  30%|███       | 76/250 [30:04<1:26:43, 29.90s/it]Best trial: 74. Best value: 4601.3:  31%|███       | 77/250 [30:04<1:27:16, 30.27s/it]                                                                                      Best trial: 74. Best value: 4601.3:  31%|███       | 77/250 [30:35<1:27:16, 30.27s/it]Best trial: 74. Best value: 4601.3:  31%|███       | 77/250 [30:35<1:27:16, 30.27s/it]Best trial: 74. Best value: 4601.3:  31%|███       | 78/250 [30:35<1:27:20, 30.47s/it]                                                                                      Best trial: 74. Best value: 4601.3:  31%|███       | 78/250 [31:06<1:27:20, 30.47s/it]Best trial: 74. Best value: 4601.3:  31%|███       | 78/250 [31:06<1:27:20, 30.47s/it]Best trial: 74. Best value: 4601.3:  32%|███▏      | 79/250 [31:06<1:27:25, 30.68s/it]                                                                                      Best trial: 74. Best value: 4601.3:  32%|███▏      | 79/250 [31:37<1:27:25, 30.68s/it]Best trial: 74. Best value: 4601.3:  32%|███▏      | 79/250 [31:37<1:27:25, 30.68s/it]Best trial: 74. Best value: 4601.3:  32%|███▏      | 80/250 [31:37<1:27:20, 30.83s/it]                                                                                      Best trial: 74. Best value: 4601.3:  32%|███▏      | 80/250 [32:08<1:27:20, 30.83s/it]Best trial: 74. Best value: 4601.3:  32%|███▏      | 80/250 [32:08<1:27:20, 30.83s/it]Best trial: 74. Best value: 4601.3:  32%|███▏      | 81/250 [32:08<1:26:58, 30.88s/it]                                                                                      Best trial: 74. Best value: 4601.3:  32%|███▏      | 81/250 [32:39<1:26:58, 30.88s/it]Best trial: 74. Best value: 4601.3:  32%|███▏      | 81/250 [32:39<1:26:58, 30.88s/it]Best trial: 74. Best value: 4601.3:  33%|███▎      | 82/250 [32:39<1:26:33, 30.91s/it]                                                                                      Best trial: 74. Best value: 4601.3:  33%|███▎      | 82/250 [33:10<1:26:33, 30.91s/it]Best trial: 74. Best value: 4601.3:  33%|███▎      | 82/250 [33:10<1:26:33, 30.91s/it]Best trial: 74. Best value: 4601.3:  33%|███▎      | 83/250 [33:10<1:26:06, 30.94s/it]                                                                                      Best trial: 74. Best value: 4601.3:  33%|███▎      | 83/250 [33:41<1:26:06, 30.94s/it]Best trial: 74. Best value: 4601.3:  33%|███▎      | 83/250 [33:41<1:26:06, 30.94s/it]Best trial: 74. Best value: 4601.3:  34%|███▎      | 84/250 [33:41<1:25:20, 30.85s/it]                                                                                      
[I 2026-03-30 20:04:53,384] Trial 71 finished with value: 5375.137513790807 and parameters: {'alpha_0': 0.0034001878969979263, 'alpha_1': 0.0002743832602135182, 'alpha_2': 0.00018198141753511757, 'beta_0': 0.17618188290028722, 'beta_1': 1.3798084411310632, 'beta_2': 0.7582633920097771, 'beta_3': 0.000908035843090246, 'beta_4': 9.652850883115129e-07, 'beta_5': 0.41332197751578537, 'beta_6': 1.763387336598777e-05, 'beta_7': 0.027056666738547973, 'beta_8': 0.005119897410648976, 'beta_9': 5.545671826542401e-05, 'beta_10': 6.542990000010959e-07}. Best is trial 35 with value: 4798.705537280949.
[I 2026-03-30 20:05:23,893] Trial 72 finished with value: 5279.2429547705715 and parameters: {'alpha_0': 0.0025284200592153895, 'alpha_1': 0.0002022903360257077, 'alpha_2': 0.00017501210781932614, 'beta_0': 0.1675255823742922, 'beta_1': 1.3978974325411324, 'beta_2': 0.7142985584519903, 'beta_3': 0.0009430800504701626, 'beta_4': 9.914932415324058e-07, 'beta_5': 0.8299086312228153, 'beta_6': 1.9650077011921362e-05, 'beta_7': 0.020678675451776766, 'beta_8': 0.005139573118711721, 'beta_9': 6.959442433715097e-05, 'beta_10': 5.970951984946043e-07}. Best is trial 35 with value: 4798.705537280949.
[I 2026-03-30 20:05:54,715] Trial 73 finished with value: 5590.129468855648 and parameters: {'alpha_0': 0.0023481576514990175, 'alpha_1': 0.0001248248143416619, 'alpha_2': 0.00016557172553264068, 'beta_0': 0.1551489143847856, 'beta_1': 1.4392563037758765, 'beta_2': 0.6730020062060383, 'beta_3': 0.0005705546009120457, 'beta_4': 1.0748143168226286e-06, 'beta_5': 0.47819176055456286, 'beta_6': 1.4069953851329714e-05, 'beta_7': 0.023478701200270846, 'beta_8': 0.005983621773195531, 'beta_9': 6.226995378635671e-05, 'beta_10': 6.213944930400595e-07}. Best is trial 35 with value: 4798.705537280949.
[I 2026-03-30 20:06:25,752] Trial 74 finished with value: 4601.299066035458 and parameters: {'alpha_0': 0.0021058042764988886, 'alpha_1': 0.00029397268421124336, 'alpha_2': 0.00019654855260846057, 'beta_0': 0.18003290050555015, 'beta_1': 1.2667810888999878, 'beta_2': 0.7345591094320718, 'beta_3': 0.000474981788495458, 'beta_4': 1.8804388326615013e-07, 'beta_5': 0.7711271116191912, 'beta_6': 1.279726697126969e-05, 'beta_7': 0.032978475658183376, 'beta_8': 0.005041226911777257, 'beta_9': 5.1578012955965293e-05, 'beta_10': 7.065490783803599e-07}. Best is trial 74 with value: 4601.299066035458.
[I 2026-03-30 20:06:56,587] Trial 75 finished with value: 5164.3275701008915 and parameters: {'alpha_0': 0.0020653839058837275, 'alpha_1': 0.00029696630079354997, 'alpha_2': 0.00021142351816164477, 'beta_0': 0.1940693884597491, 'beta_1': 1.2756864784223387, 'beta_2': 0.9512272025397704, 'beta_3': 0.0004499888771455673, 'beta_4': 2.664524897047467e-07, 'beta_5': 0.7724729604003626, 'beta_6': 1.5292274592045193e-05, 'beta_7': 0.033410001180170346, 'beta_8': 0.005627149239371306, 'beta_9': 4.596580827168893e-05, 'beta_10': 7.06838004127267e-07}. Best is trial 74 with value: 4601.299066035458.
[I 2026-03-30 20:07:27,700] Trial 76 finished with value: 6507.742724558098 and parameters: {'alpha_0': 0.0016188962596323843, 'alpha_1': 0.00026909991357208145, 'alpha_2': 0.0002118984705397466, 'beta_0': 0.19619042189519442, 'beta_1': 1.2710731151891883, 'beta_2': 1.0967413051964392, 'beta_3': 0.0004636060037440683, 'beta_4': 1.8716590724327297e-07, 'beta_5': 0.7742219916244217, 'beta_6': 2.1615760047690484e-05, 'beta_7': 0.0361011432066616, 'beta_8': 0.007172302444790441, 'beta_9': 4.42847417667083e-05, 'beta_10': 8.399216573539438e-07}. Best is trial 74 with value: 4601.299066035458.
[I 2026-03-30 20:07:58,636] Trial 77 finished with value: 7416.789070909501 and parameters: {'alpha_0': 0.002011119665962129, 'alpha_1': 0.0002979425839623159, 'alpha_2': 0.00022245221363191488, 'beta_0': 0.22685104288152724, 'beta_1': 1.2310087280078792, 'beta_2': 0.9342990258892103, 'beta_3': 0.00040977667997911006, 'beta_4': 3.3848700208796203e-07, 'beta_5': 0.8105553532322244, 'beta_6': 1.5383379044047165e-05, 'beta_7': 0.03303649294860205, 'beta_8': 0.008013932354066356, 'beta_9': 4.9958259286582356e-05, 'beta_10': 7.109305867919783e-07}. Best is trial 74 with value: 4601.299066035458.
[I 2026-03-30 20:08:29,803] Trial 78 finished with value: 5858.869635034747 and parameters: {'alpha_0': 0.0021749476170267465, 'alpha_1': 0.00025805458675786427, 'alpha_2': 0.00019605378225647928, 'beta_0': 0.18586261176369365, 'beta_1': 1.2966229745776137, 'beta_2': 0.989733254503319, 'beta_3': 0.0006022099684806964, 'beta_4': 1.6907425547513966e-07, 'beta_5': 0.7372050458984485, 'beta_6': 1.1502447871826918e-05, 'beta_7': 0.031091888644777705, 'beta_8': 0.006348183589733466, 'beta_9': 3.817735999569543e-05, 'beta_10': 7.809065094367298e-07}. Best is trial 74 with value: 4601.299066035458.
[I 2026-03-30 20:09:00,987] Trial 79 finished with value: 5074.563857728555 and parameters: {'alpha_0': 0.002071244894284576, 'alpha_1': 0.00016286692381410774, 'alpha_2': 0.00010187784696421714, 'beta_0': 0.20776933342685674, 'beta_1': 1.2583668942968402, 'beta_2': 0.8649767490438307, 'beta_3': 0.0004999362263749887, 'beta_4': 2.690632671585463e-07, 'beta_5': 0.7880976372596011, 'beta_6': 2.098308224599537e-05, 'beta_7': 0.0354149201788607, 'beta_8': 0.005719142914339959, 'beta_9': 5.1427524459497363e-05, 'beta_10': 6.938181126356334e-07}. Best is trial 74 with value: 4601.299066035458.
[I 2026-03-30 20:09:31,990] Trial 80 finished with value: 6296.294658021092 and parameters: {'alpha_0': 0.0021054580513117705, 'alpha_1': 0.0002938815397898167, 'alpha_2': 9.576256911542544e-05, 'beta_0': 0.21212242658730748, 'beta_1': 1.2591341873189312, 'beta_2': 0.8725657081492152, 'beta_3': 0.0006677845452747802, 'beta_4': 2.7269497915289183e-07, 'beta_5': 0.7891632648906962, 'beta_6': 2.127089344988309e-05, 'beta_7': 0.04053788097944362, 'beta_8': 0.0066036559094343195, 'beta_9': 5.2477683789031134e-05, 'beta_10': 6.706884532488846e-07}. Best is trial 74 with value: 4601.299066035458.
[I 2026-03-30 20:10:02,970] Trial 81 finished with value: 5020.7452236202025 and parameters: {'alpha_0': 0.0018538839400710073, 'alpha_1': 0.0001634276829604108, 'alpha_2': 7.776096573795014e-05, 'beta_0': 0.20272869565391294, 'beta_1': 1.2333836522723287, 'beta_2': 0.9622940411005398, 'beta_3': 0.0005280555704778045, 'beta_4': 2.4649208719605835e-07, 'beta_5': 0.7679525781038579, 'beta_6': 2.330725207017647e-05, 'beta_7': 0.03303494966899857, 'beta_8': 0.005659821528658218, 'beta_9': 4.813524110667297e-05, 'beta_10': 7.068283519198022e-07}. Best is trial 74 with value: 4601.299066035458.
[I 2026-03-30 20:10:33,976] Trial 82 finished with value: 5077.749060677276 and parameters: {'alpha_0': 0.001811401123059418, 'alpha_1': 0.0001625937790326061, 'alpha_2': 7.414382539919719e-05, 'beta_0': 0.20450506722236977, 'beta_1': 1.2410245020716568, 'beta_2': 0.9860308660543262, 'beta_3': 0.0005725461000460855, 'beta_4': 2.553765548506503e-07, 'beta_5': 0.7671573025222317, 'beta_6': 2.0814920455574788e-05, 'beta_7': 0.03687722322016048, 'beta_8': 0.00566317849620711, 'beta_9': 4.9952508936794765e-05, 'beta_10': 7.175548003053675e-07}. Best is trial 74 with value: 4601.299066035458.
[I 2026-03-30 20:11:04,610] Trial 83 finished with value: 5076.19695319272 and parameters: {'alpha_0': 0.0014893039327241147, 'alpha_1': 0.00016164179809880527, 'alpha_2': 7.09839853981009e-05, 'beta_0': 0.22303086671529784, 'beta_1': 1.2484311270947084, 'beta_2': 0.9763813936831434, 'beta_3': 0.0005376372369772417, 'beta_4': 2.521214330033388e-07, 'beta_5': 0.7655346556764663, 'beta_6': 2.391035706224852e-05, 'beta_7': 0.03563412477120282, 'beta_8': 0.005696458759194843, 'beta_9': 4.568508626580007e-05, 'beta_10': 7.33979306723831e-07}. Best is trial 74 with value: 4601.299066035458.
