[I 2026-03-30 20:32:09,654] Trial 126 finished with value: 6326.14653365477 and parameters: {'alpha_0': 0.0008265952121317891, 'alpha_1': 0.00019531691113256112, 'alpha_2': 0.00011128235514598262, 'beta_0': 0.27666363016897283, 'beta_1': 1.1920544102372235, 'beta_2': 0.7365777256051679, 'beta_3': 0.0007233999755958705, 'beta_4': 1.8980174717908469e-07, 'beta_5': 0.5923372796702093, 'beta_6': 2.881096094434227e-05, 'beta_7': 0.054726057988499624, 'beta_8': 0.006765831281674811, 'beta_9': 4.130930573130613e-05, 'beta_10': 7.848179823086875e-07}. Best is trial 101 with value: 4532.314108912247.Best trial: 101. Best value: 4532.31:  50%|█████     | 126/250 [54:46<1:02:37, 30.30s/it]Best trial: 101. Best value: 4532.31:  50%|█████     | 126/250 [54:46<1:02:37, 30.30s/it]Best trial: 101. Best value: 4532.31:  51%|█████     | 127/250 [54:46<1:02:04, 30.28s/it]                                                                                         Best trial: 101. Best value: 4532.31:  51%|█████     | 127/250 [55:17<1:02:04, 30.28s/it]Best trial: 101. Best value: 4532.31:  51%|█████     | 127/250 [55:17<1:02:04, 30.28s/it]Best trial: 101. Best value: 4532.31:  51%|█████     | 128/250 [55:17<1:01:59, 30.49s/it]                                                                                         Best trial: 101. Best value: 4532.31:  51%|█████     | 128/250 [55:26<1:01:59, 30.49s/it]Best trial: 101. Best value: 4532.31:  51%|█████     | 128/250 [55:26<1:01:59, 30.49s/it]Best trial: 101. Best value: 4532.31:  52%|█████▏    | 129/250 [55:26<48:35, 24.09s/it]                                                                                         Best trial: 101. Best value: 4532.31:  52%|█████▏    | 129/250 [55:57<48:35, 24.09s/it]Best trial: 101. Best value: 4532.31:  52%|█████▏    | 129/250 [55:57<48:35, 24.09s/it]Best trial: 101. Best value: 4532.31:  52%|█████▏    | 130/250 [55:57<52:14, 26.12s/it]                                                                                       Best trial: 101. Best value: 4532.31:  52%|█████▏    | 130/250 [56:28<52:14, 26.12s/it]Best trial: 101. Best value: 4532.31:  52%|█████▏    | 130/250 [56:28<52:14, 26.12s/it]Best trial: 101. Best value: 4532.31:  52%|█████▏    | 131/250 [56:28<54:29, 27.48s/it]                                                                                       Best trial: 101. Best value: 4532.31:  52%|█████▏    | 131/250 [56:58<54:29, 27.48s/it]Best trial: 101. Best value: 4532.31:  52%|█████▏    | 131/250 [56:59<54:29, 27.48s/it]Best trial: 101. Best value: 4532.31:  53%|█████▎    | 132/250 [56:59<55:59, 28.47s/it]                                                                                       Best trial: 101. Best value: 4532.31:  53%|█████▎    | 132/250 [57:29<55:59, 28.47s/it]Best trial: 101. Best value: 4532.31:  53%|█████▎    | 132/250 [57:29<55:59, 28.47s/it]Best trial: 101. Best value: 4532.31:  53%|█████▎    | 133/250 [57:29<56:35, 29.02s/it]                                                                                       Best trial: 101. Best value: 4532.31:  53%|█████▎    | 133/250 [58:00<56:35, 29.02s/it]Best trial: 101. Best value: 4532.31:  53%|█████▎    | 133/250 [58:00<56:35, 29.02s/it]Best trial: 101. Best value: 4532.31:  54%|█████▎    | 134/250 [58:00<57:07, 29.55s/it]                                                                                       Best trial: 101. Best value: 4532.31:  54%|█████▎    | 134/250 [58:02<57:07, 29.55s/it]Best trial: 101. Best value: 4532.31:  54%|█████▎    | 134/250 [58:02<57:07, 29.55s/it]Best trial: 101. Best value: 4532.31:  54%|█████▍    | 135/250 [58:02<40:47, 21.28s/it]                                                                                       Best trial: 101. Best value: 4532.31:  54%|█████▍    | 135/250 [58:32<40:47, 21.28s/it]Best trial: 101. Best value: 4532.31:  54%|█████▍    | 135/250 [58:32<40:47, 21.28s/it]Best trial: 101. Best value: 4532.31:  54%|█████▍    | 136/250 [58:32<45:49, 24.12s/it]                                                                                       Best trial: 101. Best value: 4532.31:  54%|█████▍    | 136/250 [59:03<45:49, 24.12s/it]Best trial: 101. Best value: 4532.31:  54%|█████▍    | 136/250 [59:03<45:49, 24.12s/it]Best trial: 101. Best value: 4532.31:  55%|█████▍    | 137/250 [59:03<49:00, 26.02s/it]                                                                                       Best trial: 101. Best value: 4532.31:  55%|█████▍    | 137/250 [59:34<49:00, 26.02s/it]Best trial: 101. Best value: 4532.31:  55%|█████▍    | 137/250 [59:34<49:00, 26.02s/it]Best trial: 101. Best value: 4532.31:  55%|█████▌    | 138/250 [59:34<51:21, 27.51s/it]                                                                                       Best trial: 101. Best value: 4532.31:  55%|█████▌    | 138/250 [1:00:05<51:21, 27.51s/it]Best trial: 101. Best value: 4532.31:  55%|█████▌    | 138/250 [1:00:05<51:21, 27.51s/it]Best trial: 101. Best value: 4532.31:  56%|█████▌    | 139/250 [1:00:05<52:41, 28.48s/it]                                                                                         Best trial: 101. Best value: 4532.31:  56%|█████▌    | 139/250 [1:00:35<52:41, 28.48s/it]Best trial: 101. Best value: 4532.31:  56%|█████▌    | 139/250 [1:00:35<52:41, 28.48s/it]Best trial: 101. Best value: 4532.31:  56%|█████▌    | 140/250 [1:00:35<53:32, 29.20s/it]                                                                                         
[I 2026-03-30 20:32:40,624] Trial 127 finished with value: 6161.268635560638 and parameters: {'alpha_0': 0.0005800444375887071, 'alpha_1': 0.0002190230903590684, 'alpha_2': 0.00013220890497304713, 'beta_0': 0.2488785873612734, 'beta_1': 1.0727609478986524, 'beta_2': 0.7686400778496417, 'beta_3': 0.0008790445319586311, 'beta_4': 2.2931754105529518e-07, 'beta_5': 0.7198952723223125, 'beta_6': 2.3549109098018062e-05, 'beta_7': 0.0345212136477645, 'beta_8': 0.00641490637323003, 'beta_9': 4.4983174245764586e-05, 'beta_10': 7.622408190295942e-07}. Best is trial 101 with value: 4532.314108912247.
[I 2026-03-30 20:32:49,791] Trial 128 finished with value: 7600.4337901259205 and parameters: {'alpha_0': 0.0009145376085688246, 'alpha_1': 0.00020643376941424554, 'alpha_2': 0.00010053402662188467, 'beta_0': 0.24053890236133915, 'beta_1': 1.1564930501391162, 'beta_2': 0.876423361407214, 'beta_3': 0.0004704370441841833, 'beta_4': 4.882373688645335e-07, 'beta_5': 0.7335103057061205, 'beta_6': 2.264555463856095e-05, 'beta_7': 0.02885469581406461, 'beta_8': 0.018057107437681404, 'beta_9': 1.4675295486708944e-05, 'beta_10': 7.906755989674603e-07}. Best is trial 101 with value: 4532.314108912247.
[I 2026-03-30 20:33:20,642] Trial 129 finished with value: 6569.198597646053 and parameters: {'alpha_0': 0.0006413909247826383, 'alpha_1': 0.00019886255805457123, 'alpha_2': 0.00012555548289156532, 'beta_0': 0.26633160375252646, 'beta_1': 1.134869060131028, 'beta_2': 0.8096996942808212, 'beta_3': 0.0006493350248121653, 'beta_4': 3.5489921056936186e-07, 'beta_5': 0.6779054741914238, 'beta_6': 2.482919899098799e-05, 'beta_7': 0.027250141650162867, 'beta_8': 0.007094060219291307, 'beta_9': 2.9133438679964736e-05, 'beta_10': 8.187221871261009e-07}. Best is trial 101 with value: 4532.314108912247.
[I 2026-03-30 20:33:51,292] Trial 130 finished with value: 5090.451200025402 and parameters: {'alpha_0': 0.0012754162647173723, 'alpha_1': 0.0001850744297498849, 'alpha_2': 0.0001295984007350572, 'beta_0': 0.25710795095608235, 'beta_1': 1.2049696589835204, 'beta_2': 0.7973273948258923, 'beta_3': 0.000801306248632087, 'beta_4': 1.4203928962210995e-07, 'beta_5': 0.7108092578991493, 'beta_6': 2.613817556984579e-05, 'beta_7': 0.0304453769677913, 'beta_8': 0.0054298951704592376, 'beta_9': 5.375138382108037e-05, 'beta_10': 8.517555208231161e-07}. Best is trial 101 with value: 4532.314108912247.
[I 2026-03-30 20:34:22,068] Trial 131 finished with value: 4754.732854328005 and parameters: {'alpha_0': 0.0006546901973793927, 'alpha_1': 0.00019398897386151693, 'alpha_2': 0.00011718486027788248, 'beta_0': 0.2734419458237907, 'beta_1': 1.1494943304274567, 'beta_2': 0.8540051101270475, 'beta_3': 0.0007845606645560694, 'beta_4': 2.8591281866200914e-07, 'beta_5': 0.7266257883296443, 'beta_6': 2.8683302978125037e-05, 'beta_7': 0.02872109582433545, 'beta_8': 0.005030106099267787, 'beta_9': 4.159774251820598e-05, 'beta_10': 7.932145331648188e-07}. Best is trial 101 with value: 4532.314108912247.
[I 2026-03-30 20:34:52,392] Trial 132 finished with value: 5531.772729978567 and parameters: {'alpha_0': 0.001104955587262351, 'alpha_1': 0.00019265880055602117, 'alpha_2': 0.00011935345649387915, 'beta_0': 0.2747348120712261, 'beta_1': 1.1124636368819587, 'beta_2': 0.8579676123904967, 'beta_3': 0.0007480647522109014, 'beta_4': 2.8437517878277527e-07, 'beta_5': 0.7220995094992793, 'beta_6': 2.8369788504925767e-05, 'beta_7': 0.03181443185863633, 'beta_8': 0.005914855226654884, 'beta_9': 4.3205147160121475e-05, 'beta_10': 7.756744271108154e-07}. Best is trial 101 with value: 4532.314108912247.
[I 2026-03-30 20:35:23,167] Trial 133 finished with value: 4871.335193884384 and parameters: {'alpha_0': 0.0006591273859888364, 'alpha_1': 0.0001715556609912769, 'alpha_2': 0.0001047822498356351, 'beta_0': 0.2847531864911842, 'beta_1': 1.1529625795085858, 'beta_2': 0.927997039131177, 'beta_3': 0.0005776686296951707, 'beta_4': 3.266799959578829e-07, 'beta_5': 0.6994458042734935, 'beta_6': 2.974601367982829e-05, 'beta_7': 0.03275498614773846, 'beta_8': 0.005401115979807964, 'beta_9': 4.6998572437685625e-05, 'beta_10': 8.043223483199015e-07}. Best is trial 101 with value: 4532.314108912247.
[I 2026-03-30 20:35:25,165] Trial 134 finished with value: 8165.712907963976 and parameters: {'alpha_0': 0.000997591431040127, 'alpha_1': 0.0002014318036686064, 'alpha_2': 9.163506775363706e-05, 'beta_0': 0.2529333575109488, 'beta_1': 1.1913792126598521, 'beta_2': 0.884953840781739, 'beta_3': 0.0006908423364003747, 'beta_4': 1.9423849644783433e-07, 'beta_5': 0.6872161852105114, 'beta_6': 2.1710459936524515e-05, 'beta_7': 0.026632961172835583, 'beta_8': 0.024701220261032598, 'beta_9': 4.053686665833667e-05, 'beta_10': 8.290348913800142e-07}. Best is trial 101 with value: 4532.314108912247.
[I 2026-03-30 20:35:55,911] Trial 135 finished with value: 5185.071783494799 and parameters: {'alpha_0': 0.0007504114532360044, 'alpha_1': 0.0001821323803782123, 'alpha_2': 0.0001148643996229029, 'beta_0': 0.2697761025492291, 'beta_1': 1.1746261189088394, 'beta_2': 0.7559106698106517, 'beta_3': 0.0004569906017785018, 'beta_4': 2.292635708599813e-07, 'beta_5': 0.7402453405518196, 'beta_6': 2.900391556960554e-05, 'beta_7': 0.035108878251967436, 'beta_8': 0.0058792662378925765, 'beta_9': 3.384499782092653e-05, 'beta_10': 7.521003389219792e-07}. Best is trial 101 with value: 4532.314108912247.
[I 2026-03-30 20:36:26,363] Trial 136 finished with value: 4859.328139331588 and parameters: {'alpha_0': 0.0008626621157312203, 'alpha_1': 0.0001885584063953683, 'alpha_2': 0.0001486362638174134, 'beta_0': 0.2728338895533215, 'beta_1': 1.0972051160210954, 'beta_2': 0.8978218905721402, 'beta_3': 0.0009165357577522273, 'beta_4': 2.722755454332268e-07, 'beta_5': 0.7550170878620859, 'beta_6': 2.805287256405642e-05, 'beta_7': 0.028376094339114363, 'beta_8': 0.005019820463160436, 'beta_9': 3.61901654113685e-05, 'beta_10': 8.992903347979403e-07}. Best is trial 101 with value: 4532.314108912247.
[I 2026-03-30 20:36:57,347] Trial 137 finished with value: 5809.68412272674 and parameters: {'alpha_0': 0.000500582599947129, 'alpha_1': 0.00021296650878863794, 'alpha_2': 0.00013032841593084053, 'beta_0': 0.28801471149435537, 'beta_1': 1.2201895347814304, 'beta_2': 0.8221562140069252, 'beta_3': 0.0006419794734025928, 'beta_4': 1.5242356907040857e-07, 'beta_5': 0.66184106427435, 'beta_6': 2.7054665696744428e-05, 'beta_7': 0.03356343399926879, 'beta_8': 0.006304582572184256, 'beta_9': 5.0894024538091425e-05, 'beta_10': 7.881523898741749e-07}. Best is trial 101 with value: 4532.314108912247.
[I 2026-03-30 20:37:28,083] Trial 138 finished with value: 4790.272778596302 and parameters: {'alpha_0': 0.0014131215448373135, 'alpha_1': 0.00017822988883238938, 'alpha_2': 0.00011027839290614445, 'beta_0': 0.2588087899672781, 'beta_1': 1.049490455314748, 'beta_2': 0.7249675115003053, 'beta_3': 0.0008354268418153888, 'beta_4': 3.867402798310249e-07, 'beta_5': 0.7258248194402929, 'beta_6': 2.928031888732849e-05, 'beta_7': 0.03091676868841138, 'beta_8': 0.005015332730235141, 'beta_9': 3.859543092982823e-05, 'beta_10': 7.597723718925606e-07}. Best is trial 101 with value: 4532.314108912247.
[I 2026-03-30 20:37:58,982] Trial 139 finished with value: 4937.419671690128 and parameters: {'alpha_0': 0.0012132029817164803, 'alpha_1': 0.00017655639125982054, 'alpha_2': 0.00010912959127902668, 'beta_0': 0.26042478512281736, 'beta_1': 1.1399238459946992, 'beta_2': 0.6994999888686737, 'beta_3': 0.0009661256577374685, 'beta_4': 3.8768215623908773e-07, 'beta_5': 0.6251789916168027, 'beta_6': 2.9367758078267764e-05, 'beta_7': 0.02990996824586645, 'beta_8': 0.005027097246874031, 'beta_9': 4.0362595783229586e-05, 'beta_10': 8.759766885755097e-07}. Best is trial 101 with value: 4532.314108912247.
[I 2026-03-30 20:38:29,333] Trial 140 finished with value: 5581.615614136449 and parameters: {'alpha_0': 0.0009593503201106809, 'alpha_1': 0.00019344776787786976, 'alpha_2': 0.00012482109567627254, 'beta_0': 0.26791348707195195, 'beta_1': 1.0213015887617807, 'beta_2': 0.7349290273828425, 'beta_3': 0.0008431300941283183, 'beta_4': 3.387646634035411e-07, 'beta_5': 0.7294771488405374, 'beta_6': 2.853007087647812e-05, 'beta_7': 0.031119115348229948, 'beta_8': 0.005842164133534399, 'beta_9': 3.708909021120403e-05, 'beta_10': 8.307475184985123e-07}. Best is trial 101 with value: 4532.314108912247.Best trial: 101. Best value: 4532.31:  56%|█████▌    | 140/250 [1:01:06<53:32, 29.20s/it]Best trial: 101. Best value: 4532.31:  56%|█████▌    | 140/250 [1:01:06<53:32, 29.20s/it]Best trial: 101. Best value: 4532.31:  56%|█████▋    | 141/250 [1:01:06<53:40, 29.55s/it]                                                                                         Best trial: 101. Best value: 4532.31:  56%|█████▋    | 141/250 [1:01:37<53:40, 29.55s/it]Best trial: 101. Best value: 4532.31:  56%|█████▋    | 141/250 [1:01:37<53:40, 29.55s/it]Best trial: 101. Best value: 4532.31:  57%|█████▋    | 142/250 [1:01:37<53:54, 29.95s/it]                                                                                         Best trial: 101. Best value: 4532.31:  57%|█████▋    | 142/250 [1:02:08<53:54, 29.95s/it]Best trial: 101. Best value: 4532.31:  57%|█████▋    | 142/250 [1:02:08<53:54, 29.95s/it]Best trial: 101. Best value: 4532.31:  57%|█████▋    | 143/250 [1:02:08<54:09, 30.37s/it]                                                                                         Best trial: 101. Best value: 4532.31:  57%|█████▋    | 143/250 [1:02:39<54:09, 30.37s/it]Best trial: 143. Best value: 4426.88:  57%|█████▋    | 143/250 [1:02:39<54:09, 30.37s/it]Best trial: 143. Best value: 4426.88:  58%|█████▊    | 144/250 [1:02:39<53:48, 30.46s/it]                                                                                         Best trial: 143. Best value: 4426.88:  58%|█████▊    | 144/250 [1:03:09<53:48, 30.46s/it]Best trial: 143. Best value: 4426.88:  58%|█████▊    | 144/250 [1:03:09<53:48, 30.46s/it]Best trial: 143. Best value: 4426.88:  58%|█████▊    | 145/250 [1:03:09<53:24, 30.52s/it]                                                                                         Best trial: 143. Best value: 4426.88:  58%|█████▊    | 145/250 [1:03:40<53:24, 30.52s/it]Best trial: 143. Best value: 4426.88:  58%|█████▊    | 145/250 [1:03:40<53:24, 30.52s/it]Best trial: 143. Best value: 4426.88:  58%|█████▊    | 146/250 [1:03:40<53:03, 30.61s/it]                                                                                         Best trial: 143. Best value: 4426.88:  58%|█████▊    | 146/250 [1:03:49<53:03, 30.61s/it]Best trial: 143. Best value: 4426.88:  58%|█████▊    | 146/250 [1:03:49<53:03, 30.61s/it]Best trial: 143. Best value: 4426.88:  59%|█████▉    | 147/250 [1:03:49<41:31, 24.19s/it]                                                                                         Best trial: 143. Best value: 4426.88:  59%|█████▉    | 147/250 [1:04:20<41:31, 24.19s/it]Best trial: 143. Best value: 4426.88:  59%|█████▉    | 147/250 [1:04:20<41:31, 24.19s/it]Best trial: 143. Best value: 4426.88:  59%|█████▉    | 148/250 [1:04:20<44:23, 26.11s/it]                                                                                         Best trial: 143. Best value: 4426.88:  59%|█████▉    | 148/250 [1:04:51<44:23, 26.11s/it]Best trial: 143. Best value: 4426.88:  59%|█████▉    | 148/250 [1:04:51<44:23, 26.11s/it]Best trial: 143. Best value: 4426.88:  60%|█████▉    | 149/250 [1:04:51<46:17, 27.50s/it]                                                                                         Best trial: 143. Best value: 4426.88:  60%|█████▉    | 149/250 [1:05:22<46:17, 27.50s/it]Best trial: 143. Best value: 4426.88:  60%|█████▉    | 149/250 [1:05:22<46:17, 27.50s/it]Best trial: 143. Best value: 4426.88:  60%|██████    | 150/250 [1:05:22<47:32, 28.53s/it]                                                                                         Best trial: 143. Best value: 4426.88:  60%|██████    | 150/250 [1:05:52<47:32, 28.53s/it]Best trial: 143. Best value: 4426.88:  60%|██████    | 150/250 [1:05:52<47:32, 28.53s/it]Best trial: 143. Best value: 4426.88:  60%|██████    | 151/250 [1:05:52<47:59, 29.08s/it]                                                                                         Best trial: 143. Best value: 4426.88:  60%|██████    | 151/250 [1:06:23<47:59, 29.08s/it]Best trial: 143. Best value: 4426.88:  60%|██████    | 151/250 [1:06:23<47:59, 29.08s/it]Best trial: 143. Best value: 4426.88:  61%|██████    | 152/250 [1:06:23<48:15, 29.55s/it]                                                                                         Best trial: 143. Best value: 4426.88:  61%|██████    | 152/250 [1:06:53<48:15, 29.55s/it]Best trial: 143. Best value: 4426.88:  61%|██████    | 152/250 [1:06:53<48:15, 29.55s/it]Best trial: 143. Best value: 4426.88:  61%|██████    | 153/250 [1:06:53<48:11, 29.81s/it]                                                                                         Best trial: 143. Best value: 4426.88:  61%|██████    | 153/250 [1:07:24<48:11, 29.81s/it]Best trial: 143. Best value: 4426.88:  61%|██████    | 153/250 [1:07:24<48:11, 29.81s/it]Best trial: 143. Best value: 4426.88:  62%|██████▏   | 154/250 [1:07:24<48:08, 30.08s/it]                                                                                         
[I 2026-03-30 20:39:00,227] Trial 141 finished with value: 7206.857089768489 and parameters: {'alpha_0': 0.00143149987142638, 'alpha_1': 0.00020578769011896238, 'alpha_2': 0.00011883618810179064, 'beta_0': 0.24765312871027123, 'beta_1': 1.0469022451357775, 'beta_2': 0.7177409948315268, 'beta_3': 0.0029918396346055756, 'beta_4': 2.5032655325766915e-07, 'beta_5': 0.7120026477089348, 'beta_6': 2.915600734728676e-05, 'beta_7': 0.03176970530727457, 'beta_8': 0.005363915998566021, 'beta_9': 3.901451590197823e-05, 'beta_10': 7.656190708080143e-07}. Best is trial 101 with value: 4532.314108912247.
[I 2026-03-30 20:39:31,565] Trial 142 finished with value: 5137.421206976956 and parameters: {'alpha_0': 0.0010640299503334146, 'alpha_1': 0.00018048105725209534, 'alpha_2': 6.398561883465308e-05, 'beta_0': 0.2538031817741341, 'beta_1': 1.0814686287494713, 'beta_2': 0.7852486018992755, 'beta_3': 0.0007755782119548033, 'beta_4': 2.94476377295019e-07, 'beta_5': 0.7021976271247424, 'beta_6': 2.954111325698628e-05, 'beta_7': 0.03262597496255651, 'beta_8': 0.005488376222458343, 'beta_9': 4.439942733150078e-05, 'beta_10': 7.990348325669206e-07}. Best is trial 101 with value: 4532.314108912247.
[I 2026-03-30 20:40:02,225] Trial 143 finished with value: 4426.881768295303 and parameters: {'alpha_0': 0.002324495356410705, 'alpha_1': 0.0001685275762723048, 'alpha_2': 0.0001047460125718074, 'beta_0': 0.11029502512661316, 'beta_1': 1.0560914380815392, 'beta_2': 0.8573795950667064, 'beta_3': 0.0005396050631943457, 'beta_4': 2.3053334095714837e-07, 'beta_5': 0.739021077032975, 'beta_6': 2.8779761982003827e-05, 'beta_7': 0.029236622255088347, 'beta_8': 0.005017069161774328, 'beta_9': 4.2501892003875906e-05, 'beta_10': 7.49946542849279e-07}. Best is trial 143 with value: 4426.881768295303.
[I 2026-03-30 20:40:32,903] Trial 144 finished with value: 5294.087163148955 and parameters: {'alpha_0': 0.002247043836330965, 'alpha_1': 0.00016762747186158507, 'alpha_2': 0.00010317259020717208, 'beta_0': 0.12096295032658756, 'beta_1': 1.056855531205772, 'beta_2': 0.8509393429182999, 'beta_3': 0.000732134241390177, 'beta_4': 2.0314192415131407e-07, 'beta_5': 0.7453453892162156, 'beta_6': 2.8713876163837284e-05, 'beta_7': 0.028106077015251665, 'beta_8': 0.005775292082459886, 'beta_9': 4.140001749069299e-05, 'beta_10': 7.555037435978103e-07}. Best is trial 143 with value: 4426.881768295303.
[I 2026-03-30 20:41:03,725] Trial 145 finished with value: 4582.344932167355 and parameters: {'alpha_0': 0.002386219583450418, 'alpha_1': 0.00019995775123759376, 'alpha_2': 0.00011185616360026218, 'beta_0': 0.2641534570557839, 'beta_1': 1.0499922630115286, 'beta_2': 0.8077387614244605, 'beta_3': 0.0005817613014998651, 'beta_4': 3.6800900965481203e-07, 'beta_5': 0.722013923552409, 'beta_6': 2.8197759711103462e-05, 'beta_7': 0.029743581955025092, 'beta_8': 0.005005655928507414, 'beta_9': 3.7860371028902744e-05, 'beta_10': 8.459830013872223e-07}. Best is trial 143 with value: 4426.881768295303.
