[I 2026-03-30 20:41:12,926] Trial 146 finished with value: 10866.801820769811 and parameters: {'alpha_0': 0.002336596462142765, 'alpha_1': 0.0001866798295143977, 'alpha_2': 0.00010984466237542536, 'beta_0': 0.26321618176434325, 'beta_1': 1.0135140437777996, 'beta_2': 0.809392941023881, 'beta_3': 0.0006058163629433177, 'beta_4': 3.823627233211568e-07, 'beta_5': 0.722472723527707, 'beta_6': 2.8010562678696298e-05, 'beta_7': 0.030757895056162082, 'beta_8': 0.02270905428792867, 'beta_9': 3.806785237322759e-05, 'beta_10': 8.532335956172252e-07}. Best is trial 143 with value: 4426.881768295303.
[I 2026-03-30 20:41:43,513] Trial 147 finished with value: 5817.600537853812 and parameters: {'alpha_0': 0.0008129065185643863, 'alpha_1': 0.0001989333796284416, 'alpha_2': 0.0001145816979694361, 'beta_0': 0.25786849360133235, 'beta_1': 1.0297539815858863, 'beta_2': 0.8732359675811702, 'beta_3': 0.0006905989790921303, 'beta_4': 3.272581304953533e-07, 'beta_5': 0.7373854441077342, 'beta_6': 2.7489208942089762e-05, 'beta_7': 0.029375928228740206, 'beta_8': 0.006290038144021361, 'beta_9': 3.130499102541382e-05, 'beta_10': 9.050445333030082e-07}. Best is trial 143 with value: 4426.881768295303.
[I 2026-03-30 20:42:14,276] Trial 148 finished with value: 4565.768639575558 and parameters: {'alpha_0': 0.0024494340763646667, 'alpha_1': 0.00020907947689978413, 'alpha_2': 9.926484188275297e-05, 'beta_0': 0.24316130118047685, 'beta_1': 1.1217049038674105, 'beta_2': 0.8395771870727811, 'beta_3': 0.0005775673042240343, 'beta_4': 2.8334899861710434e-07, 'beta_5': 0.7168024888355901, 'beta_6': 2.8241214251404124e-05, 'beta_7': 0.03390785267341734, 'beta_8': 0.0050045479654608985, 'beta_9': 3.486376276916015e-05, 'beta_10': 7.870080058317527e-07}. Best is trial 143 with value: 4426.881768295303.
[I 2026-03-30 20:42:45,186] Trial 149 finished with value: 5066.633163125674 and parameters: {'alpha_0': 0.002449782616644714, 'alpha_1': 0.00020990164720224248, 'alpha_2': 9.956385845995175e-05, 'beta_0': 0.24250442190714805, 'beta_1': 1.0751976755624777, 'beta_2': 0.8459820324793936, 'beta_3': 0.0005772973821175698, 'beta_4': 2.425874706458492e-07, 'beta_5': 0.7167525515590822, 'beta_6': 2.991002250281626e-05, 'beta_7': 0.03366900087964122, 'beta_8': 0.005547570721977958, 'beta_9': 3.399139564641778e-05, 'beta_10': 7.847670762980701e-07}. Best is trial 143 with value: 4426.881768295303.
[I 2026-03-30 20:43:15,559] Trial 150 finished with value: 6005.1817478930425 and parameters: {'alpha_0': 0.002385935709144526, 'alpha_1': 0.00020125801278865772, 'alpha_2': 9.368622431348456e-05, 'beta_0': 0.25085217527422377, 'beta_1': 1.0931787931242893, 'beta_2': 0.8343728985659484, 'beta_3': 0.0004622120431788598, 'beta_4': 4.316670304661223e-07, 'beta_5': 0.686970197571096, 'beta_6': 2.8120634242248183e-05, 'beta_7': 0.036517796669978786, 'beta_8': 0.006611608128152928, 'beta_9': 4.707500795020979e-05, 'beta_10': 8.36346763070133e-07}. Best is trial 143 with value: 4426.881768295303.
[I 2026-03-30 20:43:46,194] Trial 151 finished with value: 4812.818043623143 and parameters: {'alpha_0': 0.0025737424021347083, 'alpha_1': 0.00019465309567938058, 'alpha_2': 0.00010692426235287294, 'beta_0': 0.2731499020044824, 'beta_1': 1.1200700345727328, 'beta_2': 0.7675604351238174, 'beta_3': 0.000794296354967348, 'beta_4': 2.906952883377772e-07, 'beta_5': 0.7067134401367701, 'beta_6': 2.8874900378978848e-05, 'beta_7': 0.03452137698323677, 'beta_8': 0.005072824143240893, 'beta_9': 3.554344697015686e-05, 'beta_10': 8.1133466456841e-07}. Best is trial 143 with value: 4426.881768295303.
[I 2026-03-30 20:44:16,617] Trial 152 finished with value: 4485.331129138576 and parameters: {'alpha_0': 0.0009146954464469223, 'alpha_1': 0.00018770024917574588, 'alpha_2': 0.00011737556315912097, 'beta_0': 0.2660584125311713, 'beta_1': 1.166544766700863, 'beta_2': 0.8039774906626479, 'beta_3': 0.0005422775630223374, 'beta_4': 1.827698454009046e-07, 'beta_5': 0.7251105397543672, 'beta_6': 2.847794604952026e-05, 'beta_7': 0.031622101611969294, 'beta_8': 0.005035621083621986, 'beta_9': 4.2149993263761895e-05, 'beta_10': 7.732275604721003e-07}. Best is trial 143 with value: 4426.881768295303.
[I 2026-03-30 20:44:47,342] Trial 153 finished with value: 5167.807520741072 and parameters: {'alpha_0': 0.0006963635670926614, 'alpha_1': 0.00018666835880002834, 'alpha_2': 0.00011907705208200448, 'beta_0': 0.26512856643737226, 'beta_1': 1.1634470530476861, 'beta_2': 0.866230136607233, 'beta_3': 0.0005285365568601983, 'beta_4': 1.7593793849855609e-07, 'beta_5': 0.5520524433465737, 'beta_6': 2.835891996410461e-05, 'beta_7': 0.030377140587583867, 'beta_8': 0.005808603080919511, 'beta_9': 4.224355919933626e-05, 'beta_10': 7.554328280748445e-07}. Best is trial 143 with value: 4426.881768295303.
[I 2026-03-30 20:45:18,365] Trial 154 finished with value: 4941.081076206154 and parameters: {'alpha_0': 0.0009102539955677044, 'alpha_1': 0.00020616247878751286, 'alpha_2': 0.00010347557205170078, 'beta_0': 0.2599831233649096, 'beta_1': 1.1483409622958642, 'beta_2': 0.805209069106248, 'beta_3': 0.0005679652881707169, 'beta_4': 2.2218276292443197e-07, 'beta_5': 0.7298274556436979, 'beta_6': 2.768575217128306e-05, 'beta_7': 0.02762899832277152, 'beta_8': 0.0054686882809697685, 'beta_9': 4.51210955633965e-05, 'beta_10': 7.192462711929645e-07}. Best is trial 143 with value: 4426.881768295303.Best trial: 143. Best value: 4426.88:  62%|██████▏   | 154/250 [1:07:55<48:08, 30.08s/it]Best trial: 143. Best value: 4426.88:  62%|██████▏   | 154/250 [1:07:55<48:08, 30.08s/it]Best trial: 143. Best value: 4426.88:  62%|██████▏   | 155/250 [1:07:55<48:04, 30.37s/it]                                                                                         Best trial: 143. Best value: 4426.88:  62%|██████▏   | 155/250 [1:08:26<48:04, 30.37s/it]Best trial: 143. Best value: 4426.88:  62%|██████▏   | 155/250 [1:08:26<48:04, 30.37s/it]Best trial: 143. Best value: 4426.88:  62%|██████▏   | 156/250 [1:08:26<48:05, 30.70s/it]                                                                                         Best trial: 143. Best value: 4426.88:  62%|██████▏   | 156/250 [1:08:58<48:05, 30.70s/it]Best trial: 143. Best value: 4426.88:  62%|██████▏   | 156/250 [1:08:58<48:05, 30.70s/it]Best trial: 143. Best value: 4426.88:  63%|██████▎   | 157/250 [1:08:58<47:51, 30.87s/it]                                                                                         Best trial: 143. Best value: 4426.88:  63%|██████▎   | 157/250 [1:09:28<47:51, 30.87s/it]Best trial: 143. Best value: 4426.88:  63%|██████▎   | 157/250 [1:09:28<47:51, 30.87s/it]Best trial: 143. Best value: 4426.88:  63%|██████▎   | 158/250 [1:09:28<47:12, 30.79s/it]                                                                                         Best trial: 143. Best value: 4426.88:  63%|██████▎   | 158/250 [1:09:59<47:12, 30.79s/it]Best trial: 143. Best value: 4426.88:  63%|██████▎   | 158/250 [1:09:59<47:12, 30.79s/it]Best trial: 143. Best value: 4426.88:  64%|██████▎   | 159/250 [1:09:59<46:45, 30.84s/it]                                                                                         Best trial: 143. Best value: 4426.88:  64%|██████▎   | 159/250 [1:10:30<46:45, 30.84s/it]Best trial: 143. Best value: 4426.88:  64%|██████▎   | 159/250 [1:10:30<46:45, 30.84s/it]Best trial: 143. Best value: 4426.88:  64%|██████▍   | 160/250 [1:10:30<46:08, 30.76s/it]                                                                                         Best trial: 143. Best value: 4426.88:  64%|██████▍   | 160/250 [1:11:00<46:08, 30.76s/it]Best trial: 143. Best value: 4426.88:  64%|██████▍   | 160/250 [1:11:00<46:08, 30.76s/it]Best trial: 143. Best value: 4426.88:  64%|██████▍   | 161/250 [1:11:00<45:34, 30.72s/it]                                                                                         Best trial: 143. Best value: 4426.88:  64%|██████▍   | 161/250 [1:11:31<45:34, 30.72s/it]Best trial: 143. Best value: 4426.88:  64%|██████▍   | 161/250 [1:11:31<45:34, 30.72s/it]Best trial: 143. Best value: 4426.88:  65%|██████▍   | 162/250 [1:11:31<45:06, 30.76s/it]                                                                                         Best trial: 143. Best value: 4426.88:  65%|██████▍   | 162/250 [1:12:02<45:06, 30.76s/it]Best trial: 143. Best value: 4426.88:  65%|██████▍   | 162/250 [1:12:02<45:06, 30.76s/it]Best trial: 143. Best value: 4426.88:  65%|██████▌   | 163/250 [1:12:02<44:43, 30.85s/it]                                                                                         Best trial: 143. Best value: 4426.88:  65%|██████▌   | 163/250 [1:12:33<44:43, 30.85s/it]Best trial: 143. Best value: 4426.88:  65%|██████▌   | 163/250 [1:12:33<44:43, 30.85s/it]Best trial: 143. Best value: 4426.88:  66%|██████▌   | 164/250 [1:12:33<44:13, 30.85s/it]                                                                                         Best trial: 143. Best value: 4426.88:  66%|██████▌   | 164/250 [1:13:04<44:13, 30.85s/it]Best trial: 143. Best value: 4426.88:  66%|██████▌   | 164/250 [1:13:04<44:13, 30.85s/it]Best trial: 143. Best value: 4426.88:  66%|██████▌   | 165/250 [1:13:04<43:42, 30.85s/it]                                                                                         Best trial: 143. Best value: 4426.88:  66%|██████▌   | 165/250 [1:13:35<43:42, 30.85s/it]Best trial: 165. Best value: 4362.5:  66%|██████▌   | 165/250 [1:13:35<43:42, 30.85s/it] Best trial: 165. Best value: 4362.5:  66%|██████▋   | 166/250 [1:13:35<43:10, 30.84s/it]                                                                                        Best trial: 165. Best value: 4362.5:  66%|██████▋   | 166/250 [1:14:05<43:10, 30.84s/it]Best trial: 165. Best value: 4362.5:  66%|██████▋   | 166/250 [1:14:05<43:10, 30.84s/it]Best trial: 165. Best value: 4362.5:  67%|██████▋   | 167/250 [1:14:05<42:36, 30.80s/it]                                                                                        Best trial: 165. Best value: 4362.5:  67%|██████▋   | 167/250 [1:14:37<42:36, 30.80s/it]Best trial: 165. Best value: 4362.5:  67%|██████▋   | 167/250 [1:14:37<42:36, 30.80s/it]Best trial: 165. Best value: 4362.5:  67%|██████▋   | 168/250 [1:14:37<42:15, 30.92s/it]                                                                                        
[I 2026-03-30 20:45:49,844] Trial 155 finished with value: 5580.045276169529 and parameters: {'alpha_0': 0.0023008087223902545, 'alpha_1': 0.000220468018700845, 'alpha_2': 0.00012682623539039185, 'beta_0': 0.10604660341096006, 'beta_1': 1.0012881940369043, 'beta_2': 0.8335135684688514, 'beta_3': 0.0004950598342801842, 'beta_4': 2.6789394169380786e-07, 'beta_5': 0.7532480185832201, 'beta_6': 2.9244029581953162e-05, 'beta_7': 0.031130136624247275, 'beta_8': 0.006226562117136302, 'beta_9': 4.2692823426862256e-05, 'beta_10': 7.81817009774935e-07}. Best is trial 143 with value: 4426.881768295303.
[I 2026-03-30 20:46:21,124] Trial 156 finished with value: 4544.831247544634 and parameters: {'alpha_0': 0.001146383368590893, 'alpha_1': 0.00017428755231806793, 'alpha_2': 0.00011037891044297507, 'beta_0': 0.2668403170714252, 'beta_1': 1.1815070780465935, 'beta_2': 0.90143188163165, 'beta_3': 0.0006437004789135751, 'beta_4': 1.8896325582566617e-07, 'beta_5': 0.7416578801049615, 'beta_6': 2.842847122846641e-05, 'beta_7': 0.03290041298803465, 'beta_8': 0.005006115198871904, 'beta_9': 4.8513684342478974e-05, 'beta_10': 7.710531942093324e-07}. Best is trial 143 with value: 4426.881768295303.
[I 2026-03-30 20:46:51,721] Trial 157 finished with value: 5015.16544452257 and parameters: {'alpha_0': 0.0006068590687516032, 'alpha_1': 0.00017390479389942955, 'alpha_2': 0.00013601199636051542, 'beta_0': 0.2681170269574073, 'beta_1': 1.1833593557179123, 'beta_2': 0.9115821635956162, 'beta_3': 0.0006636767352505388, 'beta_4': 1.5581241442090919e-07, 'beta_5': 0.7393469429073644, 'beta_6': 2.6889534288311916e-05, 'beta_7': 0.03365310410683994, 'beta_8': 0.005478141959109614, 'beta_9': 4.870049558613854e-05, 'beta_10': 9.344661032901682e-07}. Best is trial 143 with value: 4426.881768295303.
[I 2026-03-30 20:47:22,659] Trial 158 finished with value: 5463.756073045404 and parameters: {'alpha_0': 0.0021342825130660197, 'alpha_1': 0.00018923993076154621, 'alpha_2': 0.00012130522460532576, 'beta_0': 0.2547913670776033, 'beta_1': 1.1736548108106122, 'beta_2': 0.895618373540739, 'beta_3': 0.0006022304711326079, 'beta_4': 2.0747131433602267e-07, 'beta_5': 0.7161807696243729, 'beta_6': 2.737397143939371e-05, 'beta_7': 0.03539664667726986, 'beta_8': 0.005994238250264259, 'beta_9': 4.5745905162097466e-05, 'beta_10': 8.041695892552743e-07}. Best is trial 143 with value: 4426.881768295303.
[I 2026-03-30 20:47:53,249] Trial 159 finished with value: 4481.250282375193 and parameters: {'alpha_0': 0.0011318051054101759, 'alpha_1': 0.00019937404851046227, 'alpha_2': 0.00011639607005321524, 'beta_0': 0.26386083139880945, 'beta_1': 1.2016150383708957, 'beta_2': 0.8704446056718242, 'beta_3': 0.0005456669947940718, 'beta_4': 1.3768016351531045e-07, 'beta_5': 0.7610634520834548, 'beta_6': 2.8394655377394697e-05, 'beta_7': 0.032753727179570334, 'beta_8': 0.005007668834651644, 'beta_9': 4.952181990473692e-05, 'beta_10': 8.642717398698737e-07}. Best is trial 143 with value: 4426.881768295303.
[I 2026-03-30 20:48:23,870] Trial 160 finished with value: 5152.998568197576 and parameters: {'alpha_0': 0.0011596103529548229, 'alpha_1': 0.00022613254380527786, 'alpha_2': 9.651327194561754e-05, 'beta_0': 0.2639399909988175, 'beta_1': 1.1899500422022287, 'beta_2': 0.9265725876958221, 'beta_3': 0.0004436998755978564, 'beta_4': 1.3640906038666161e-07, 'beta_5': 0.7467455168464073, 'beta_6': 2.7814836552403597e-05, 'beta_7': 0.03288211317141929, 'beta_8': 0.005765282892394696, 'beta_9': 5.118076665323269e-05, 'beta_10': 8.766985762378491e-07}. Best is trial 143 with value: 4426.881768295303.
[I 2026-03-30 20:48:54,720] Trial 161 finished with value: 4920.174946007137 and parameters: {'alpha_0': 0.002470747169367756, 'alpha_1': 0.00020154044376189284, 'alpha_2': 0.00011639222557201297, 'beta_0': 0.2685448840627868, 'beta_1': 1.2071292446356212, 'beta_2': 0.8587444503743632, 'beta_3': 0.0005541708580331133, 'beta_4': 1.7699801351840164e-07, 'beta_5': 0.7600689989314319, 'beta_6': 2.839891329545417e-05, 'beta_7': 0.03180658707912639, 'beta_8': 0.005451256539026169, 'beta_9': 4.878312007224825e-05, 'beta_10': 8.633927373723796e-07}. Best is trial 143 with value: 4426.881768295303.
[I 2026-03-30 20:49:25,769] Trial 162 finished with value: 4583.679133967133 and parameters: {'alpha_0': 0.0007804851579739513, 'alpha_1': 0.00019692484144355222, 'alpha_2': 0.00010494159960518958, 'beta_0': 0.27188761873945577, 'beta_1': 1.1591929440942959, 'beta_2': 0.8781392879430047, 'beta_3': 0.0006446449709856661, 'beta_4': 2.459393238987236e-07, 'beta_5': 0.7346060827778277, 'beta_6': 2.855417649306283e-05, 'beta_7': 0.029678160416822953, 'beta_8': 0.005008738491570832, 'beta_9': 4.3903937549577635e-05, 'beta_10': 8.402835450538355e-07}. Best is trial 143 with value: 4426.881768295303.
[I 2026-03-30 20:49:56,634] Trial 163 finished with value: 4886.549647083375 and parameters: {'alpha_0': 0.0009451728849447005, 'alpha_1': 0.00021214120937011107, 'alpha_2': 0.00010501050326604541, 'beta_0': 0.2785167855882668, 'beta_1': 1.1653180950807307, 'beta_2': 0.8777205096206017, 'beta_3': 0.000515682078751453, 'beta_4': 2.4685928271910034e-07, 'beta_5': 0.6947349523697701, 'beta_6': 2.8264523352398208e-05, 'beta_7': 0.03447986277634404, 'beta_8': 0.005386299342629793, 'beta_9': 4.3966306734401054e-05, 'beta_10': 9.122410879163155e-07}. Best is trial 143 with value: 4426.881768295303.
[I 2026-03-30 20:50:27,494] Trial 164 finished with value: 5455.848255180251 and parameters: {'alpha_0': 0.0011525779297076374, 'alpha_1': 0.00019770540180441944, 'alpha_2': 0.00010926030779859014, 'beta_0': 0.26239568269048674, 'beta_1': 1.1969012530204022, 'beta_2': 0.8243594046778029, 'beta_3': 0.0006346411045804819, 'beta_4': 1.961658300447053e-07, 'beta_5': 0.7616564412420199, 'beta_6': 2.948918309449306e-05, 'beta_7': 0.029921360773968095, 'beta_8': 0.005965633625878463, 'beta_9': 4.771683550818129e-05, 'beta_10': 8.437780020067758e-07}. Best is trial 143 with value: 4426.881768295303.
[I 2026-03-30 20:50:58,292] Trial 165 finished with value: 4362.496469131374 and parameters: {'alpha_0': 0.0008010375075361998, 'alpha_1': 0.00020441865373010265, 'alpha_2': 9.984263291339527e-05, 'beta_0': 0.24572779418770135, 'beta_1': 1.1769630309136285, 'beta_2': 0.9514131342882768, 'beta_3': 0.00040196256591492377, 'beta_4': 1.4293585903493828e-07, 'beta_5': 0.7365440709839992, 'beta_6': 2.8961484859452483e-05, 'beta_7': 0.03297879186285603, 'beta_8': 0.005007784540593629, 'beta_9': 4.570552779213037e-05, 'beta_10': 8.196329190927491e-07}. Best is trial 165 with value: 4362.496469131374.
[I 2026-03-30 20:51:29,017] Trial 166 finished with value: 4777.505051692836 and parameters: {'alpha_0': 0.0008420014003088538, 'alpha_1': 0.000204011366394923, 'alpha_2': 9.983502606449203e-05, 'beta_0': 0.24613078767829372, 'beta_1': 1.214502002313805, 'beta_2': 0.9043726148715656, 'beta_3': 0.0004137277131424295, 'beta_4': 1.4616830935554843e-07, 'beta_5': 0.7411183006625841, 'beta_6': 2.8947728922481598e-05, 'beta_7': 0.033014288323231555, 'beta_8': 0.005459906761301758, 'beta_9': 4.6299264681932044e-05, 'beta_10': 7.729727660476669e-07}. Best is trial 165 with value: 4362.496469131374.
[I 2026-03-30 20:52:00,216] Trial 167 finished with value: 5106.370896638693 and parameters: {'alpha_0': 0.0010720869255678232, 'alpha_1': 0.00018982630203370703, 'alpha_2': 9.007225977688956e-05, 'beta_0': 0.24152030895883342, 'beta_1': 1.1718726298510114, 'beta_2': 0.9510387474542502, 'beta_3': 0.00047830028254791906, 'beta_4': 1.2694121164819847e-07, 'beta_5': 0.7128857073213387, 'beta_6': 2.661148153669144e-05, 'beta_7': 0.03492271468952976, 'beta_8': 0.0057562571479681125, 'beta_9': 4.948461151217861e-05, 'beta_10': 8.200122329383419e-07}. Best is trial 165 with value: 4362.496469131374.
