[I 2026-03-31 15:33:08,407] Trial 60 finished with value: 3069.655365004926 and parameters: {'alpha_0': 0.003032866160145666, 'alpha_1': 7.834904452912316e-05, 'alpha_2': 0.0002313168531608158, 'beta_0': 0.14877041560289953, 'beta_1': 1.328961239163027, 'beta_2': 0.5707070899913992, 'beta_3': 0.004516150411015865, 'beta_4': 0.8658968504857767, 'beta_5': 189.97528103589855, 'beta_6': 0.022119982908097472, 'beta_7': 0.02578457892094136, 'beta_8': 8.653590526305721e-05, 'beta_9': 8.673390136365735e-07}. Best is trial 51 with value: 2514.6051342609703.Best trial: 51. Best value: 2514.61:   6%|▌         | 60/1000 [03:02<22:50,  1.46s/it]Best trial: 51. Best value: 2514.61:   6%|▌         | 60/1000 [03:02<22:50,  1.46s/it]Best trial: 51. Best value: 2514.61:   6%|▌         | 61/1000 [03:02<22:20,  1.43s/it]                                                                                      Best trial: 51. Best value: 2514.61:   6%|▌         | 61/1000 [03:03<22:20,  1.43s/it]Best trial: 51. Best value: 2514.61:   6%|▌         | 61/1000 [03:03<22:20,  1.43s/it]Best trial: 51. Best value: 2514.61:   6%|▌         | 62/1000 [03:03<21:17,  1.36s/it]                                                                                      Best trial: 51. Best value: 2514.61:   6%|▌         | 62/1000 [03:04<21:17,  1.36s/it]Best trial: 51. Best value: 2514.61:   6%|▌         | 62/1000 [03:04<21:17,  1.36s/it]Best trial: 51. Best value: 2514.61:   6%|▋         | 63/1000 [03:04<20:42,  1.33s/it]                                                                                      Best trial: 51. Best value: 2514.61:   6%|▋         | 63/1000 [03:05<20:42,  1.33s/it]Best trial: 51. Best value: 2514.61:   6%|▋         | 63/1000 [03:05<20:42,  1.33s/it]Best trial: 51. Best value: 2514.61:   6%|▋         | 64/1000 [03:05<20:08,  1.29s/it]                                                                                      Best trial: 51. Best value: 2514.61:   6%|▋         | 64/1000 [03:07<20:08,  1.29s/it]Best trial: 51. Best value: 2514.61:   6%|▋         | 64/1000 [03:07<20:08,  1.29s/it]Best trial: 51. Best value: 2514.61:   6%|▋         | 65/1000 [03:07<20:17,  1.30s/it]                                                                                      Best trial: 51. Best value: 2514.61:   6%|▋         | 65/1000 [03:08<20:17,  1.30s/it]Best trial: 51. Best value: 2514.61:   6%|▋         | 65/1000 [03:08<20:17,  1.30s/it]Best trial: 51. Best value: 2514.61:   7%|▋         | 66/1000 [03:08<20:23,  1.31s/it]                                                                                      Best trial: 51. Best value: 2514.61:   7%|▋         | 66/1000 [03:09<20:23,  1.31s/it]Best trial: 51. Best value: 2514.61:   7%|▋         | 66/1000 [03:09<20:23,  1.31s/it]Best trial: 51. Best value: 2514.61:   7%|▋         | 67/1000 [03:09<20:18,  1.31s/it]                                                                                      Best trial: 51. Best value: 2514.61:   7%|▋         | 67/1000 [03:11<20:18,  1.31s/it]Best trial: 51. Best value: 2514.61:   7%|▋         | 67/1000 [03:11<20:18,  1.31s/it]Best trial: 51. Best value: 2514.61:   7%|▋         | 68/1000 [03:11<20:19,  1.31s/it]                                                                                      Best trial: 51. Best value: 2514.61:   7%|▋         | 68/1000 [03:12<20:19,  1.31s/it]Best trial: 51. Best value: 2514.61:   7%|▋         | 68/1000 [03:12<20:19,  1.31s/it]Best trial: 51. Best value: 2514.61:   7%|▋         | 69/1000 [03:12<20:14,  1.30s/it]                                                                                      Best trial: 51. Best value: 2514.61:   7%|▋         | 69/1000 [03:13<20:14,  1.30s/it]Best trial: 51. Best value: 2514.61:   7%|▋         | 69/1000 [03:13<20:14,  1.30s/it]Best trial: 51. Best value: 2514.61:   7%|▋         | 70/1000 [03:13<20:13,  1.30s/it]                                                                                      Best trial: 51. Best value: 2514.61:   7%|▋         | 70/1000 [03:15<20:13,  1.30s/it]Best trial: 51. Best value: 2514.61:   7%|▋         | 70/1000 [03:15<20:13,  1.30s/it]Best trial: 51. Best value: 2514.61:   7%|▋         | 71/1000 [03:15<20:06,  1.30s/it]                                                                                      Best trial: 51. Best value: 2514.61:   7%|▋         | 71/1000 [03:16<20:06,  1.30s/it]Best trial: 51. Best value: 2514.61:   7%|▋         | 71/1000 [03:16<20:06,  1.30s/it]Best trial: 51. Best value: 2514.61:   7%|▋         | 72/1000 [03:16<20:09,  1.30s/it]                                                                                      Best trial: 51. Best value: 2514.61:   7%|▋         | 72/1000 [03:17<20:09,  1.30s/it]Best trial: 51. Best value: 2514.61:   7%|▋         | 72/1000 [03:17<20:09,  1.30s/it]Best trial: 51. Best value: 2514.61:   7%|▋         | 73/1000 [03:17<20:11,  1.31s/it]                                                                                      Best trial: 51. Best value: 2514.61:   7%|▋         | 73/1000 [03:19<20:11,  1.31s/it]Best trial: 51. Best value: 2514.61:   7%|▋         | 73/1000 [03:19<20:11,  1.31s/it]Best trial: 51. Best value: 2514.61:   7%|▋         | 74/1000 [03:19<20:12,  1.31s/it]                                                                                      Best trial: 51. Best value: 2514.61:   7%|▋         | 74/1000 [03:20<20:12,  1.31s/it]Best trial: 51. Best value: 2514.61:   7%|▋         | 74/1000 [03:20<20:12,  1.31s/it]Best trial: 51. Best value: 2514.61:   8%|▊         | 75/1000 [03:20<19:42,  1.28s/it]                                                                                      
[I 2026-03-31 15:33:09,614] Trial 61 finished with value: 2846.813267743351 and parameters: {'alpha_0': 0.0037123850248265864, 'alpha_1': 8.556661397567258e-05, 'alpha_2': 0.000242614895513682, 'beta_0': 0.1383203663830047, 'beta_1': 1.4920803435946404, 'beta_2': 0.5360101720442362, 'beta_3': 0.005279444829112836, 'beta_4': 0.9655566820713125, 'beta_5': 347.56616984645814, 'beta_6': 0.031162657873272298, 'beta_7': 0.0318162587834625, 'beta_8': 7.755654853067585e-05, 'beta_9': 2.8666057802735586e-07}. Best is trial 51 with value: 2514.6051342609703.
[I 2026-03-31 15:33:10,858] Trial 62 finished with value: 2842.11358789102 and parameters: {'alpha_0': 0.0036979697340053077, 'alpha_1': 8.824054792726248e-05, 'alpha_2': 0.00024276294538717465, 'beta_0': 0.14078361456260732, 'beta_1': 1.486702078246113, 'beta_2': 0.5406895930335246, 'beta_3': 0.005255761933169274, 'beta_4': 0.9637437850106689, 'beta_5': 329.23655886754204, 'beta_6': 0.031204331311687823, 'beta_7': 0.031785465052584776, 'beta_8': 7.765578926418544e-05, 'beta_9': 3.0273253113286806e-07}. Best is trial 51 with value: 2514.6051342609703.
[I 2026-03-31 15:33:12,066] Trial 63 finished with value: 2877.92408465235 and parameters: {'alpha_0': 0.0034917096018251, 'alpha_1': 9.438135543496112e-05, 'alpha_2': 0.0002496436701361075, 'beta_0': 0.12378425581582751, 'beta_1': 1.4455482373326802, 'beta_2': 0.5529164706449472, 'beta_3': 0.004721877925919301, 'beta_4': 0.9342846526480595, 'beta_5': 313.4537809553103, 'beta_6': 0.015733595358635954, 'beta_7': 0.03319895500478207, 'beta_8': 7.314802863320641e-05, 'beta_9': 1.8276858663972533e-07}. Best is trial 51 with value: 2514.6051342609703.
[I 2026-03-31 15:33:13,394] Trial 64 finished with value: 2858.448043091272 and parameters: {'alpha_0': 0.0038332311440359124, 'alpha_1': 7.372398834867502e-05, 'alpha_2': 0.0002343139111692538, 'beta_0': 0.1455355067552166, 'beta_1': 1.4985480905059685, 'beta_2': 0.5160299242424341, 'beta_3': 0.005730280654651552, 'beta_4': 0.9813711314431454, 'beta_5': 135.72791258579593, 'beta_6': 0.053158889624136056, 'beta_7': 0.026879051489784447, 'beta_8': 8.262940534828646e-05, 'beta_9': 4.868468197055999e-07}. Best is trial 51 with value: 2514.6051342609703.
[I 2026-03-31 15:33:14,721] Trial 65 finished with value: 2854.143109406055 and parameters: {'alpha_0': 0.003136835262716371, 'alpha_1': 0.00012126338777045445, 'alpha_2': 0.00021794247208272032, 'beta_0': 0.1709622710680364, 'beta_1': 1.4706768202684433, 'beta_2': 0.5817166345901968, 'beta_3': 0.005955849942300733, 'beta_4': 0.9968967110873368, 'beta_5': 538.760711061127, 'beta_6': 0.010089456347078156, 'beta_7': 0.029288516039490255, 'beta_8': 9.020540750508681e-05, 'beta_9': 3.6501905084801266e-07}. Best is trial 51 with value: 2514.6051342609703.
[I 2026-03-31 15:33:16,021] Trial 66 finished with value: 2598.4081396744864 and parameters: {'alpha_0': 0.003287568379239681, 'alpha_1': 6.136192654563038e-05, 'alpha_2': 0.00024280138512165856, 'beta_0': 0.10995139369788402, 'beta_1': 1.4102498390335327, 'beta_2': 0.5995957019679484, 'beta_3': 0.005357463260883253, 'beta_4': 0.9055235876424733, 'beta_5': 434.33086415717185, 'beta_6': 0.023114793413305187, 'beta_7': 0.03059060508133084, 'beta_8': 9.568011353489402e-05, 'beta_9': 2.6548917298038086e-07}. Best is trial 51 with value: 2514.6051342609703.
[I 2026-03-31 15:33:17,332] Trial 67 finished with value: 2713.7710007354403 and parameters: {'alpha_0': 0.002854056094184565, 'alpha_1': 6.455680283855991e-05, 'alpha_2': 0.00022251632311168172, 'beta_0': 0.11252600682722944, 'beta_1': 1.3742379055221021, 'beta_2': 0.5989515209740564, 'beta_3': 0.004995990955993075, 'beta_4': 0.9013829463550506, 'beta_5': 777.8643943076986, 'beta_6': 0.029190989208991155, 'beta_7': 0.03049340498809813, 'beta_8': 9.80319591318531e-05, 'beta_9': 2.3961269798307163e-07}. Best is trial 51 with value: 2514.6051342609703.
[I 2026-03-31 15:33:18,630] Trial 68 finished with value: 2808.8375921035195 and parameters: {'alpha_0': 0.0028604711287372672, 'alpha_1': 6.63825049919826e-05, 'alpha_2': 0.00021267716389683446, 'beta_0': 0.10994020498289005, 'beta_1': 1.3400356651471674, 'beta_2': 0.5993815608345603, 'beta_3': 0.004118492762649016, 'beta_4': 0.8998830570591692, 'beta_5': 830.3195955486124, 'beta_6': 0.03982477816983264, 'beta_7': 0.03057830478701654, 'beta_8': 9.793873251236722e-05, 'beta_9': 1.716752976401794e-07}. Best is trial 51 with value: 2514.6051342609703.
[I 2026-03-31 15:33:19,933] Trial 69 finished with value: 2732.1014719128952 and parameters: {'alpha_0': 0.0024274035370207532, 'alpha_1': 6.294087878343037e-05, 'alpha_2': 0.00019609889888444, 'beta_0': 0.1089480587195738, 'beta_1': 1.4067787606703275, 'beta_2': 0.5930806637273436, 'beta_3': 0.004983388905800582, 'beta_4': 0.8308623467744148, 'beta_5': 771.4182711244065, 'beta_6': 0.03910554709372776, 'beta_7': 0.03092574170587481, 'beta_8': 9.962412412008104e-05, 'beta_9': 2.3678929642695562e-07}. Best is trial 51 with value: 2514.6051342609703.
[I 2026-03-31 15:33:21,219] Trial 70 finished with value: 2759.8169684164814 and parameters: {'alpha_0': 0.002533731236183105, 'alpha_1': 6.594622853962812e-05, 'alpha_2': 0.00019753762208796102, 'beta_0': 0.10912845266548335, 'beta_1': 1.3799080797381966, 'beta_2': 0.5908041725454899, 'beta_3': 0.005006059212642096, 'beta_4': 0.8433143145390772, 'beta_5': 765.955548904775, 'beta_6': 0.04049297356214329, 'beta_7': 0.030773522968795878, 'beta_8': 9.655210834921487e-05, 'beta_9': 2.192300107657905e-07}. Best is trial 51 with value: 2514.6051342609703.
[I 2026-03-31 15:33:22,532] Trial 71 finished with value: 2748.2060363497344 and parameters: {'alpha_0': 0.0025134459435696872, 'alpha_1': 5.596499886065797e-05, 'alpha_2': 0.00019630384157109617, 'beta_0': 0.10822773035837222, 'beta_1': 1.374728976349915, 'beta_2': 0.5998493529061367, 'beta_3': 0.004965727416276408, 'beta_4': 0.8448877350207623, 'beta_5': 776.5894923452317, 'beta_6': 0.03970822492784579, 'beta_7': 0.030663027534599152, 'beta_8': 9.649325713647318e-05, 'beta_9': 2.486973004610861e-07}. Best is trial 51 with value: 2514.6051342609703.
[I 2026-03-31 15:33:23,849] Trial 72 finished with value: 2843.959887330318 and parameters: {'alpha_0': 0.002511130450297661, 'alpha_1': 5.616762985004288e-05, 'alpha_2': 0.00019364728952230286, 'beta_0': 0.10941417799740183, 'beta_1': 1.4054344140120951, 'beta_2': 0.5959843492940813, 'beta_3': 0.004998118369843324, 'beta_4': 0.8297445497671411, 'beta_5': 748.9639336441045, 'beta_6': 0.0427515140973299, 'beta_7': 0.030003241684109175, 'beta_8': 9.983025094129289e-05, 'beta_9': 2.3722178633154958e-07}. Best is trial 51 with value: 2514.6051342609703.
[I 2026-03-31 15:33:25,164] Trial 73 finished with value: 2738.0708722749446 and parameters: {'alpha_0': 0.0023877492136725608, 'alpha_1': 5.077614875205177e-05, 'alpha_2': 0.00016123644782110855, 'beta_0': 0.10159543609980694, 'beta_1': 1.3751077190184626, 'beta_2': 0.5588998215510204, 'beta_3': 0.0049021144660014535, 'beta_4': 0.7763518263195783, 'beta_5': 834.0620795011163, 'beta_6': 0.038831966180843724, 'beta_7': 0.030812205420759207, 'beta_8': 9.642875939341785e-05, 'beta_9': 1.7827583394567147e-07}. Best is trial 51 with value: 2514.6051342609703.
[I 2026-03-31 15:33:26,371] Trial 74 finished with value: 2681.039935392319 and parameters: {'alpha_0': 0.00236951396989156, 'alpha_1': 5.2415815363672676e-05, 'alpha_2': 0.00016805848807729802, 'beta_0': 0.101622949376199, 'beta_1': 1.3774497565879824, 'beta_2': 0.5548025951682474, 'beta_3': 0.005014983377362813, 'beta_4': 0.7757789582101025, 'beta_5': 937.1752417518154, 'beta_6': 0.0490089020477888, 'beta_7': 0.03356104495159623, 'beta_8': 9.62900701773284e-05, 'beta_9': 2.2411646078654378e-07}. Best is trial 51 with value: 2514.6051342609703.
[I 2026-03-31 15:33:27,608] Trial 75 finished with value: 2875.7341361495514 and parameters: {'alpha_0': 0.0021114757784433504, 'alpha_1': 5.3961310082921004e-05, 'alpha_2': 0.00017157388759008003, 'beta_0': 0.10070915735683578, 'beta_1': 1.3828266217682046, 'beta_2': 0.553894805893025, 'beta_3': 0.004856329165486361, 'beta_4': 0.7855513135926019, 'beta_5': 934.6064081875786, 'beta_6': 0.048910839526443844, 'beta_7': 0.03490313266733596, 'beta_8': 9.454118443996664e-05, 'beta_9': 2.588608232702193e-07}. Best is trial 51 with value: 2514.6051342609703.Best trial: 51. Best value: 2514.61:   8%|▊         | 75/1000 [03:21<19:42,  1.28s/it]Best trial: 51. Best value: 2514.61:   8%|▊         | 75/1000 [03:21<19:42,  1.28s/it]Best trial: 51. Best value: 2514.61:   8%|▊         | 76/1000 [03:21<19:29,  1.27s/it]                                                                                      Best trial: 51. Best value: 2514.61:   8%|▊         | 76/1000 [03:22<19:29,  1.27s/it]Best trial: 51. Best value: 2514.61:   8%|▊         | 76/1000 [03:22<19:29,  1.27s/it]Best trial: 51. Best value: 2514.61:   8%|▊         | 77/1000 [03:22<19:19,  1.26s/it]                                                                                      Best trial: 51. Best value: 2514.61:   8%|▊         | 77/1000 [03:23<19:19,  1.26s/it]Best trial: 51. Best value: 2514.61:   8%|▊         | 77/1000 [03:23<19:19,  1.26s/it]Best trial: 51. Best value: 2514.61:   8%|▊         | 78/1000 [03:23<19:27,  1.27s/it]                                                                                      Best trial: 51. Best value: 2514.61:   8%|▊         | 78/1000 [03:25<19:27,  1.27s/it]Best trial: 51. Best value: 2514.61:   8%|▊         | 78/1000 [03:25<19:27,  1.27s/it]Best trial: 51. Best value: 2514.61:   8%|▊         | 79/1000 [03:25<19:40,  1.28s/it]                                                                                      Best trial: 51. Best value: 2514.61:   8%|▊         | 79/1000 [03:26<19:40,  1.28s/it]Best trial: 51. Best value: 2514.61:   8%|▊         | 79/1000 [03:26<19:40,  1.28s/it]Best trial: 51. Best value: 2514.61:   8%|▊         | 80/1000 [03:26<19:14,  1.26s/it]                                                                                      Best trial: 51. Best value: 2514.61:   8%|▊         | 80/1000 [03:27<19:14,  1.26s/it]Best trial: 51. Best value: 2514.61:   8%|▊         | 80/1000 [03:27<19:14,  1.26s/it]Best trial: 51. Best value: 2514.61:   8%|▊         | 81/1000 [03:27<19:34,  1.28s/it]                                                                                      Best trial: 51. Best value: 2514.61:   8%|▊         | 81/1000 [03:29<19:34,  1.28s/it]Best trial: 51. Best value: 2514.61:   8%|▊         | 81/1000 [03:29<19:34,  1.28s/it]Best trial: 51. Best value: 2514.61:   8%|▊         | 82/1000 [03:29<19:37,  1.28s/it]                                                                                      Best trial: 51. Best value: 2514.61:   8%|▊         | 82/1000 [03:30<19:37,  1.28s/it]Best trial: 51. Best value: 2514.61:   8%|▊         | 82/1000 [03:30<19:37,  1.28s/it]Best trial: 51. Best value: 2514.61:   8%|▊         | 83/1000 [03:30<19:12,  1.26s/it]                                                                                      Best trial: 51. Best value: 2514.61:   8%|▊         | 83/1000 [03:31<19:12,  1.26s/it]Best trial: 51. Best value: 2514.61:   8%|▊         | 83/1000 [03:31<19:12,  1.26s/it]Best trial: 51. Best value: 2514.61:   8%|▊         | 84/1000 [03:31<18:52,  1.24s/it]                                                                                      Best trial: 51. Best value: 2514.61:   8%|▊         | 84/1000 [03:32<18:52,  1.24s/it]Best trial: 51. Best value: 2514.61:   8%|▊         | 84/1000 [03:32<18:52,  1.24s/it]Best trial: 51. Best value: 2514.61:   8%|▊         | 85/1000 [03:32<18:53,  1.24s/it]                                                                                      Best trial: 51. Best value: 2514.61:   8%|▊         | 85/1000 [03:33<18:53,  1.24s/it]Best trial: 51. Best value: 2514.61:   8%|▊         | 85/1000 [03:33<18:53,  1.24s/it]Best trial: 51. Best value: 2514.61:   9%|▊         | 86/1000 [03:33<18:39,  1.23s/it]                                                                                      Best trial: 51. Best value: 2514.61:   9%|▊         | 86/1000 [03:35<18:39,  1.23s/it]Best trial: 51. Best value: 2514.61:   9%|▊         | 86/1000 [03:35<18:39,  1.23s/it]Best trial: 51. Best value: 2514.61:   9%|▊         | 87/1000 [03:35<18:38,  1.23s/it]                                                                                      Best trial: 51. Best value: 2514.61:   9%|▊         | 87/1000 [03:36<18:38,  1.23s/it]Best trial: 51. Best value: 2514.61:   9%|▊         | 87/1000 [03:36<18:38,  1.23s/it]Best trial: 51. Best value: 2514.61:   9%|▉         | 88/1000 [03:36<18:29,  1.22s/it]                                                                                      Best trial: 51. Best value: 2514.61:   9%|▉         | 88/1000 [03:37<18:29,  1.22s/it]Best trial: 51. Best value: 2514.61:   9%|▉         | 88/1000 [03:37<18:29,  1.22s/it]Best trial: 51. Best value: 2514.61:   9%|▉         | 89/1000 [03:37<18:18,  1.21s/it]                                                                                      Best trial: 51. Best value: 2514.61:   9%|▉         | 89/1000 [03:38<18:18,  1.21s/it]Best trial: 51. Best value: 2514.61:   9%|▉         | 89/1000 [03:38<18:18,  1.21s/it]Best trial: 51. Best value: 2514.61:   9%|▉         | 90/1000 [03:38<18:37,  1.23s/it]                                                                                      
[I 2026-03-31 15:33:28,839] Trial 76 finished with value: 2699.6942837965908 and parameters: {'alpha_0': 0.0022720653234476382, 'alpha_1': 5.595866419016567e-05, 'alpha_2': 0.00015922456530899386, 'beta_0': 0.10291751545478219, 'beta_1': 1.4004764359737463, 'beta_2': 0.5310398771751778, 'beta_3': 0.005312372016833135, 'beta_4': 0.7462659781877371, 'beta_5': 1044.1764705109467, 'beta_6': 0.03523318803046352, 'beta_7': 0.03301079171409035, 'beta_8': 9.154663389123405e-05, 'beta_9': 2.958800367417402e-07}. Best is trial 51 with value: 2514.6051342609703.
[I 2026-03-31 15:33:30,131] Trial 77 finished with value: 2636.771432180543 and parameters: {'alpha_0': 0.0019144962403165975, 'alpha_1': 5.186184411128249e-05, 'alpha_2': 0.0001396035822093327, 'beta_0': 0.1211825635806229, 'beta_1': 1.4107175655456297, 'beta_2': 0.5264996119007074, 'beta_3': 0.005245194981932907, 'beta_4': 0.7430950335899722, 'beta_5': 1045.6795455924926, 'beta_6': 0.03246320828620821, 'beta_7': 0.03340735193415274, 'beta_8': 9.14488809930839e-05, 'beta_9': 1.6600802488909292e-07}. Best is trial 51 with value: 2514.6051342609703.
[I 2026-03-31 15:33:31,449] Trial 78 finished with value: 2752.799869297093 and parameters: {'alpha_0': 0.0018460695492696323, 'alpha_1': 5.916422742401908e-05, 'alpha_2': 0.00012921402421689604, 'beta_0': 0.1214300139198845, 'beta_1': 1.429903345208137, 'beta_2': 0.5286295515655078, 'beta_3': 0.00534210703574356, 'beta_4': 0.7491776775945828, 'beta_5': 1012.3717721990375, 'beta_6': 0.03519032310774576, 'beta_7': 0.0332670273686051, 'beta_8': 9.148999630571137e-05, 'beta_9': 3.11507305605969e-07}. Best is trial 51 with value: 2514.6051342609703.
[I 2026-03-31 15:33:32,642] Trial 79 finished with value: 3375.407861482062 and parameters: {'alpha_0': 0.0020896603882872814, 'alpha_1': 6.95777709024748e-05, 'alpha_2': 0.00014978321329961559, 'beta_0': 0.1321820648311161, 'beta_1': 1.4133940281279191, 'beta_2': 0.443265724919586, 'beta_3': 0.0056247345234923295, 'beta_4': 0.722684117194664, 'beta_5': 688.4010699048229, 'beta_6': 0.03160220368940463, 'beta_7': 0.0355259064192698, 'beta_8': 9.422634680815498e-05, 'beta_9': 1.5568123343042384e-07}. Best is trial 51 with value: 2514.6051342609703.
