[I 2026-03-31 15:36:13,350] Trial 195 finished with value: 2906.4901176454805 and parameters: {'alpha_0': 0.0006259641583247442, 'alpha_1': 5.544116897222717e-05, 'alpha_2': 0.00011249162083010587, 'beta_0': 0.16531350732802536, 'beta_1': 1.2266759821994502, 'beta_2': 0.336643968585156, 'beta_3': 0.0025302369210653203, 'beta_4': 0.5393379820569169, 'beta_5': 356.2281329703727, 'beta_6': 0.015818148424160444, 'beta_7': 0.027820166192123644, 'beta_8': 8.879598289688673e-05, 'beta_9': 2.6858781409590674e-07}. Best is trial 175 with value: 2442.945463412674.Best trial: 175. Best value: 2442.95:  20%|█▉        | 195/1000 [06:07<19:07,  1.42s/it]Best trial: 175. Best value: 2442.95:  20%|█▉        | 195/1000 [06:07<19:07,  1.42s/it]Best trial: 175. Best value: 2442.95:  20%|█▉        | 196/1000 [06:07<19:19,  1.44s/it]                                                                                        Best trial: 175. Best value: 2442.95:  20%|█▉        | 196/1000 [06:08<19:19,  1.44s/it]Best trial: 175. Best value: 2442.95:  20%|█▉        | 196/1000 [06:08<19:19,  1.44s/it]Best trial: 175. Best value: 2442.95:  20%|█▉        | 197/1000 [06:08<19:04,  1.42s/it]                                                                                        Best trial: 175. Best value: 2442.95:  20%|█▉        | 197/1000 [06:09<19:04,  1.42s/it]Best trial: 175. Best value: 2442.95:  20%|█▉        | 197/1000 [06:09<19:04,  1.42s/it]Best trial: 175. Best value: 2442.95:  20%|█▉        | 198/1000 [06:09<18:25,  1.38s/it]                                                                                        Best trial: 175. Best value: 2442.95:  20%|█▉        | 198/1000 [06:19<18:25,  1.38s/it]Best trial: 175. Best value: 2442.95:  20%|█▉        | 198/1000 [06:19<18:25,  1.38s/it]Best trial: 175. Best value: 2442.95:  20%|█▉        | 199/1000 [06:19<50:59,  3.82s/it]                                                                                        Best trial: 175. Best value: 2442.95:  20%|█▉        | 199/1000 [06:20<50:59,  3.82s/it]Best trial: 175. Best value: 2442.95:  20%|█▉        | 199/1000 [06:20<50:59,  3.82s/it]Best trial: 175. Best value: 2442.95:  20%|██        | 200/1000 [06:20<41:18,  3.10s/it]                                                                                        Best trial: 175. Best value: 2442.95:  20%|██        | 200/1000 [06:22<41:18,  3.10s/it]Best trial: 175. Best value: 2442.95:  20%|██        | 200/1000 [06:22<41:18,  3.10s/it]Best trial: 175. Best value: 2442.95:  20%|██        | 201/1000 [06:22<34:00,  2.55s/it]                                                                                        Best trial: 175. Best value: 2442.95:  20%|██        | 201/1000 [06:23<34:00,  2.55s/it]Best trial: 175. Best value: 2442.95:  20%|██        | 201/1000 [06:23<34:00,  2.55s/it]Best trial: 175. Best value: 2442.95:  20%|██        | 202/1000 [06:23<29:01,  2.18s/it]                                                                                        Best trial: 175. Best value: 2442.95:  20%|██        | 202/1000 [06:24<29:01,  2.18s/it]Best trial: 175. Best value: 2442.95:  20%|██        | 202/1000 [06:24<29:01,  2.18s/it]Best trial: 175. Best value: 2442.95:  20%|██        | 203/1000 [06:24<25:23,  1.91s/it]                                                                                        Best trial: 175. Best value: 2442.95:  20%|██        | 203/1000 [06:25<25:23,  1.91s/it]Best trial: 175. Best value: 2442.95:  20%|██        | 203/1000 [06:25<25:23,  1.91s/it]Best trial: 175. Best value: 2442.95:  20%|██        | 204/1000 [06:25<22:54,  1.73s/it]                                                                                        Best trial: 175. Best value: 2442.95:  20%|██        | 204/1000 [06:27<22:54,  1.73s/it]Best trial: 175. Best value: 2442.95:  20%|██        | 204/1000 [06:27<22:54,  1.73s/it]Best trial: 175. Best value: 2442.95:  20%|██        | 205/1000 [06:27<22:00,  1.66s/it]                                                                                        Best trial: 175. Best value: 2442.95:  20%|██        | 205/1000 [06:28<22:00,  1.66s/it]Best trial: 175. Best value: 2442.95:  20%|██        | 205/1000 [06:28<22:00,  1.66s/it]Best trial: 175. Best value: 2442.95:  21%|██        | 206/1000 [06:28<20:42,  1.56s/it]                                                                                        Best trial: 175. Best value: 2442.95:  21%|██        | 206/1000 [06:30<20:42,  1.56s/it]Best trial: 175. Best value: 2442.95:  21%|██        | 206/1000 [06:30<20:42,  1.56s/it]Best trial: 175. Best value: 2442.95:  21%|██        | 207/1000 [06:30<19:47,  1.50s/it]                                                                                        Best trial: 175. Best value: 2442.95:  21%|██        | 207/1000 [06:31<19:47,  1.50s/it]Best trial: 175. Best value: 2442.95:  21%|██        | 207/1000 [06:31<19:47,  1.50s/it]Best trial: 175. Best value: 2442.95:  21%|██        | 208/1000 [06:31<18:57,  1.44s/it]                                                                                        Best trial: 175. Best value: 2442.95:  21%|██        | 208/1000 [06:32<18:57,  1.44s/it]Best trial: 175. Best value: 2442.95:  21%|██        | 208/1000 [06:32<18:57,  1.44s/it]Best trial: 175. Best value: 2442.95:  21%|██        | 209/1000 [06:32<18:52,  1.43s/it]                                                                                        Best trial: 175. Best value: 2442.95:  21%|██        | 209/1000 [06:34<18:52,  1.43s/it]Best trial: 175. Best value: 2442.95:  21%|██        | 209/1000 [06:34<18:52,  1.43s/it]Best trial: 175. Best value: 2442.95:  21%|██        | 210/1000 [06:34<18:45,  1.42s/it]                                                                                        
[I 2026-03-31 15:36:14,733] Trial 196 finished with value: 2485.3393426946527 and parameters: {'alpha_0': 0.0008149024545733319, 'alpha_1': 6.424024353370557e-05, 'alpha_2': 0.0001296380743763064, 'beta_0': 0.14710448698416004, 'beta_1': 1.1942343967655011, 'beta_2': 0.3525028627793528, 'beta_3': 0.002667854612373722, 'beta_4': 0.46507326116652536, 'beta_5': 462.2227871968443, 'beta_6': 0.010008893998878242, 'beta_7': 0.029071337583009674, 'beta_8': 9.717477799644038e-05, 'beta_9': 1.3857637894605293e-07}. Best is trial 175 with value: 2442.945463412674.
[I 2026-03-31 15:36:16,003] Trial 197 finished with value: 2656.2697891527114 and parameters: {'alpha_0': 0.0005647675211493916, 'alpha_1': 6.324443910420442e-05, 'alpha_2': 0.0001214896246349498, 'beta_0': 0.15941274228785426, 'beta_1': 1.1924625371271502, 'beta_2': 0.3765081637795644, 'beta_3': 0.0027268050446265855, 'beta_4': 0.4615878558968781, 'beta_5': 470.98317963137697, 'beta_6': 0.010039125758576632, 'beta_7': 0.029154628110431523, 'beta_8': 9.750394594991254e-05, 'beta_9': 1.4866877723723972e-07}. Best is trial 175 with value: 2442.945463412674.
[I 2026-03-31 15:36:25,519] Trial 198 finished with value: 7599.813761289858 and parameters: {'alpha_0': 0.0005020015813621079, 'alpha_1': 6.567445090536523e-05, 'alpha_2': 0.0001081728865624658, 'beta_0': 0.14482408889741044, 'beta_1': 1.1656808441614404, 'beta_2': 0.35771279732218214, 'beta_3': 0.003045437744839932, 'beta_4': 0.48889756978195, 'beta_5': 527.2227469451528, 'beta_6': 0.012765651681909199, 'beta_7': 0.01607384182993677, 'beta_8': 9.636898440688445e-05, 'beta_9': 1.3453520080468568e-07}. Best is trial 175 with value: 2442.945463412674.
[I 2026-03-31 15:36:26,934] Trial 199 finished with value: 2659.170764969719 and parameters: {'alpha_0': 0.0006959007362891872, 'alpha_1': 5.391704295940332e-05, 'alpha_2': 0.00011812292761247093, 'beta_0': 0.1799036568960268, 'beta_1': 1.2124749252925218, 'beta_2': 0.31435437542436806, 'beta_3': 0.0026334743053782524, 'beta_4': 0.518368674969332, 'beta_5': 579.5023684420623, 'beta_6': 0.019331695317241455, 'beta_7': 0.02808219280113731, 'beta_8': 9.458850438951095e-05, 'beta_9': 1.8778912967070401e-07}. Best is trial 175 with value: 2442.945463412674.
[I 2026-03-31 15:36:28,205] Trial 200 finished with value: 2567.4216737904508 and parameters: {'alpha_0': 0.004427393908394565, 'alpha_1': 5.8242556073356086e-05, 'alpha_2': 0.00013260891490385086, 'beta_0': 0.17595998306122118, 'beta_1': 1.2416908591778564, 'beta_2': 0.29111242799145304, 'beta_3': 0.0032344230359578163, 'beta_4': 0.5589794418210726, 'beta_5': 645.2115520274119, 'beta_6': 0.012765744719378263, 'beta_7': 0.029736433481724858, 'beta_8': 9.052499938704337e-05, 'beta_9': 2.0651758703999688e-07}. Best is trial 175 with value: 2442.945463412674.
[I 2026-03-31 15:36:29,523] Trial 201 finished with value: 2603.479315982951 and parameters: {'alpha_0': 0.0007908208889373986, 'alpha_1': 5.8321921689646825e-05, 'alpha_2': 0.0001340895364598072, 'beta_0': 0.17375210564788007, 'beta_1': 1.2536405490389246, 'beta_2': 0.313720147077061, 'beta_3': 0.003273595277027875, 'beta_4': 0.5585595795200168, 'beta_5': 659.4584554086694, 'beta_6': 0.012107014237041972, 'beta_7': 0.029607168628079716, 'beta_8': 9.0207931809762e-05, 'beta_9': 2.1284794068516913e-07}. Best is trial 175 with value: 2442.945463412674.
[I 2026-03-31 15:36:30,800] Trial 202 finished with value: 2503.5995346304408 and parameters: {'alpha_0': 0.004387468104655302, 'alpha_1': 6.423048849135028e-05, 'alpha_2': 0.00013042724566401652, 'beta_0': 0.18707842016459247, 'beta_1': 1.2372903457401434, 'beta_2': 0.29044493457545956, 'beta_3': 0.003147795683843471, 'beta_4': 0.48353682069600157, 'beta_5': 455.3966860803713, 'beta_6': 0.014333734236411695, 'beta_7': 0.030370049189702195, 'beta_8': 8.677846253386307e-05, 'beta_9': 1.770400507962571e-07}. Best is trial 175 with value: 2442.945463412674.
[I 2026-03-31 15:36:32,096] Trial 203 finished with value: 2593.700997272076 and parameters: {'alpha_0': 0.0008820137231569389, 'alpha_1': 5.462036195179902e-05, 'alpha_2': 0.00013067513361947287, 'beta_0': 0.16813240993256506, 'beta_1': 1.2373469947502969, 'beta_2': 0.28984466695744127, 'beta_3': 0.0031367742985236916, 'beta_4': 0.48403539642511634, 'beta_5': 451.9687834159375, 'beta_6': 0.010196034973837743, 'beta_7': 0.030485149138815698, 'beta_8': 9.387547728903608e-05, 'beta_9': 1.7824604836326054e-07}. Best is trial 175 with value: 2442.945463412674.
[I 2026-03-31 15:36:33,604] Trial 204 finished with value: 2738.2896001354175 and parameters: {'alpha_0': 0.0006883272736169497, 'alpha_1': 6.561844090320496e-05, 'alpha_2': 0.00012864475320345522, 'beta_0': 0.17560685212722577, 'beta_1': 1.2657978818839482, 'beta_2': 0.29385418230431926, 'beta_3': 0.002278759264898369, 'beta_4': 0.46748277700913204, 'beta_5': 518.9408457045604, 'beta_6': 0.014742918971516247, 'beta_7': 0.029036193916956814, 'beta_8': 9.154620208791787e-05, 'beta_9': 2.2327904224814046e-07}. Best is trial 175 with value: 2442.945463412674.
[I 2026-03-31 15:36:34,945] Trial 205 finished with value: 2562.9276937411505 and parameters: {'alpha_0': 0.004608769537710318, 'alpha_1': 6.16512250456299e-05, 'alpha_2': 0.00012289708981589803, 'beta_0': 0.1625848070200519, 'beta_1': 1.171700288915752, 'beta_2': 0.11650237576508454, 'beta_3': 0.0029207763924101785, 'beta_4': 0.5390759086718829, 'beta_5': 484.05771899192325, 'beta_6': 0.014006590588844143, 'beta_7': 0.029752096782386966, 'beta_8': 8.735344159280562e-05, 'beta_9': 1.8083923935881672e-07}. Best is trial 175 with value: 2442.945463412674.
[I 2026-03-31 15:36:36,283] Trial 206 finished with value: 2578.187776068687 and parameters: {'alpha_0': 0.00450946654867574, 'alpha_1': 6.520007186766064e-05, 'alpha_2': 0.00012103722393202746, 'beta_0': 0.1915997277827418, 'beta_1': 1.149710526721718, 'beta_2': 0.10889147555747078, 'beta_3': 0.0029710491048810287, 'beta_4': 0.5064647635847861, 'beta_5': 556.49741544648, 'beta_6': 0.013395475598581586, 'beta_7': 0.029693275651635025, 'beta_8': 8.863956084038729e-05, 'beta_9': 1.3977269545432944e-07}. Best is trial 175 with value: 2442.945463412674.
[I 2026-03-31 15:36:37,579] Trial 207 finished with value: 2596.904454946555 and parameters: {'alpha_0': 0.0045894970431062335, 'alpha_1': 6.24952370442896e-05, 'alpha_2': 0.00014002650081641556, 'beta_0': 0.16470252430844423, 'beta_1': 1.1746461618348638, 'beta_2': 0.0830255770146737, 'beta_3': 0.0031814737925368866, 'beta_4': 0.5457169654099853, 'beta_5': 492.61185743258176, 'beta_6': 0.012462733211660183, 'beta_7': 0.030365184182858534, 'beta_8': 8.995687467567358e-05, 'beta_9': 2.592374322657048e-07}. Best is trial 175 with value: 2442.945463412674.
[I 2026-03-31 15:36:38,998] Trial 208 finished with value: 2579.2855830613626 and parameters: {'alpha_0': 0.004221466387607668, 'alpha_1': 6.756417896616462e-05, 'alpha_2': 0.00011400342187029544, 'beta_0': 0.1827345248588949, 'beta_1': 1.2424662890128728, 'beta_2': 0.15022344388192543, 'beta_3': 0.002351740975170943, 'beta_4': 0.5634511343375832, 'beta_5': 622.4957519513624, 'beta_6': 0.015807638339499382, 'beta_7': 0.028770961618542416, 'beta_8': 3.386638504168623e-05, 'beta_9': 1.7485343913868845e-07}. Best is trial 175 with value: 2442.945463412674.
[I 2026-03-31 15:36:40,405] Trial 209 finished with value: 3335.5158861055384 and parameters: {'alpha_0': 0.004634123908066221, 'alpha_1': 6.0979860065332376e-05, 'alpha_2': 0.00012486199783754933, 'beta_0': 0.18672394555951538, 'beta_1': 1.1970280435711478, 'beta_2': 0.32685277929515605, 'beta_3': 0.002869693998614987, 'beta_4': 0.5293217642549891, 'beta_5': 425.72626076859774, 'beta_6': 0.08380814659948789, 'beta_7': 0.029774650605044008, 'beta_8': 9.257087169971803e-05, 'beta_9': 1.0829193992660075e-06}. Best is trial 175 with value: 2442.945463412674.
[I 2026-03-31 15:36:41,724] Trial 210 finished with value: 2719.5310451853065 and parameters: {'alpha_0': 0.00471549490012361, 'alpha_1': 5.0285200464556505e-05, 'alpha_2': 0.0001290345854028846, 'beta_0': 0.147451808466913, 'beta_1': 1.216980713266853, 'beta_2': 0.02052183659793122, 'beta_3': 0.0033498216071114247, 'beta_4': 0.5861908630815076, 'beta_5': 483.5431104024094, 'beta_6': 0.017180766883864346, 'beta_7': 0.02844551912225334, 'beta_8': 9.792303201631084e-05, 'beta_9': 2.3565557791902972e-07}. Best is trial 175 with value: 2442.945463412674.Best trial: 175. Best value: 2442.95:  21%|██        | 210/1000 [06:35<18:45,  1.42s/it]Best trial: 175. Best value: 2442.95:  21%|██        | 210/1000 [06:35<18:45,  1.42s/it]Best trial: 175. Best value: 2442.95:  21%|██        | 211/1000 [06:35<18:18,  1.39s/it]                                                                                        Best trial: 175. Best value: 2442.95:  21%|██        | 211/1000 [06:36<18:18,  1.39s/it]Best trial: 175. Best value: 2442.95:  21%|██        | 211/1000 [06:36<18:18,  1.39s/it]Best trial: 175. Best value: 2442.95:  21%|██        | 212/1000 [06:36<18:06,  1.38s/it]                                                                                        Best trial: 175. Best value: 2442.95:  21%|██        | 212/1000 [06:38<18:06,  1.38s/it]Best trial: 175. Best value: 2442.95:  21%|██        | 212/1000 [06:38<18:06,  1.38s/it]Best trial: 175. Best value: 2442.95:  21%|██▏       | 213/1000 [06:38<17:52,  1.36s/it]                                                                                        Best trial: 175. Best value: 2442.95:  21%|██▏       | 213/1000 [06:39<17:52,  1.36s/it]Best trial: 175. Best value: 2442.95:  21%|██▏       | 213/1000 [06:39<17:52,  1.36s/it]Best trial: 175. Best value: 2442.95:  21%|██▏       | 214/1000 [06:39<17:41,  1.35s/it]                                                                                        Best trial: 175. Best value: 2442.95:  21%|██▏       | 214/1000 [06:40<17:41,  1.35s/it]Best trial: 214. Best value: 2441.78:  21%|██▏       | 214/1000 [06:40<17:41,  1.35s/it]Best trial: 214. Best value: 2441.78:  22%|██▏       | 215/1000 [06:40<17:33,  1.34s/it]                                                                                        Best trial: 214. Best value: 2441.78:  22%|██▏       | 215/1000 [06:42<17:33,  1.34s/it]Best trial: 214. Best value: 2441.78:  22%|██▏       | 215/1000 [06:42<17:33,  1.34s/it]Best trial: 214. Best value: 2441.78:  22%|██▏       | 216/1000 [06:42<17:18,  1.32s/it]                                                                                        Best trial: 214. Best value: 2441.78:  22%|██▏       | 216/1000 [06:43<17:18,  1.32s/it]Best trial: 214. Best value: 2441.78:  22%|██▏       | 216/1000 [06:43<17:18,  1.32s/it]Best trial: 214. Best value: 2441.78:  22%|██▏       | 217/1000 [06:43<17:11,  1.32s/it]                                                                                        Best trial: 214. Best value: 2441.78:  22%|██▏       | 217/1000 [06:44<17:11,  1.32s/it]Best trial: 214. Best value: 2441.78:  22%|██▏       | 217/1000 [06:44<17:11,  1.32s/it]Best trial: 214. Best value: 2441.78:  22%|██▏       | 218/1000 [06:44<17:06,  1.31s/it]                                                                                        Best trial: 214. Best value: 2441.78:  22%|██▏       | 218/1000 [06:46<17:06,  1.31s/it]Best trial: 214. Best value: 2441.78:  22%|██▏       | 218/1000 [06:46<17:06,  1.31s/it]Best trial: 214. Best value: 2441.78:  22%|██▏       | 219/1000 [06:46<17:07,  1.32s/it]                                                                                        Best trial: 214. Best value: 2441.78:  22%|██▏       | 219/1000 [06:47<17:07,  1.32s/it]Best trial: 214. Best value: 2441.78:  22%|██▏       | 219/1000 [06:47<17:07,  1.32s/it]Best trial: 214. Best value: 2441.78:  22%|██▏       | 220/1000 [06:47<16:59,  1.31s/it]                                                                                        Best trial: 214. Best value: 2441.78:  22%|██▏       | 220/1000 [06:48<16:59,  1.31s/it]Best trial: 214. Best value: 2441.78:  22%|██▏       | 220/1000 [06:48<16:59,  1.31s/it]Best trial: 214. Best value: 2441.78:  22%|██▏       | 221/1000 [06:48<16:58,  1.31s/it]                                                                                        Best trial: 214. Best value: 2441.78:  22%|██▏       | 221/1000 [06:50<16:58,  1.31s/it]Best trial: 214. Best value: 2441.78:  22%|██▏       | 221/1000 [06:50<16:58,  1.31s/it]Best trial: 214. Best value: 2441.78:  22%|██▏       | 222/1000 [06:50<17:05,  1.32s/it]                                                                                        Best trial: 214. Best value: 2441.78:  22%|██▏       | 222/1000 [06:51<17:05,  1.32s/it]Best trial: 214. Best value: 2441.78:  22%|██▏       | 222/1000 [06:51<17:05,  1.32s/it]Best trial: 214. Best value: 2441.78:  22%|██▏       | 223/1000 [06:51<16:56,  1.31s/it]                                                                                        Best trial: 214. Best value: 2441.78:  22%|██▏       | 223/1000 [06:52<16:56,  1.31s/it]Best trial: 214. Best value: 2441.78:  22%|██▏       | 223/1000 [06:52<16:56,  1.31s/it]Best trial: 214. Best value: 2441.78:  22%|██▏       | 224/1000 [06:52<16:58,  1.31s/it]                                                                                        Best trial: 214. Best value: 2441.78:  22%|██▏       | 224/1000 [06:53<16:58,  1.31s/it]Best trial: 214. Best value: 2441.78:  22%|██▏       | 224/1000 [06:54<16:58,  1.31s/it]Best trial: 214. Best value: 2441.78:  22%|██▎       | 225/1000 [06:54<17:01,  1.32s/it]                                                                                        
[I 2026-03-31 15:36:43,071] Trial 211 finished with value: 2512.761800491522 and parameters: {'alpha_0': 0.004374712074296223, 'alpha_1': 6.60890017075252e-05, 'alpha_2': 0.00011875058153574908, 'beta_0': 0.17112473941059891, 'beta_1': 1.1413070691597078, 'beta_2': 0.11561030651289764, 'beta_3': 0.0029765021414889627, 'beta_4': 0.5078214942830109, 'beta_5': 530.7392662413902, 'beta_6': 0.014063309283260706, 'beta_7': 0.029615213612771488, 'beta_8': 8.699595727127583e-05, 'beta_9': 1.394065863349015e-07}. Best is trial 175 with value: 2442.945463412674.
[I 2026-03-31 15:36:44,390] Trial 212 finished with value: 2600.651720615214 and parameters: {'alpha_0': 0.004365704988172324, 'alpha_1': 5.757137129897991e-05, 'alpha_2': 0.00012277745669219791, 'beta_0': 0.17151900121557068, 'beta_1': 1.1505502167302633, 'beta_2': 0.17549108295394844, 'beta_3': 0.0030539775923936873, 'beta_4': 0.49773174302315615, 'beta_5': 546.4117910890832, 'beta_6': 0.012585250862725933, 'beta_7': 0.029290547311793255, 'beta_8': 8.710672885401495e-05, 'beta_9': 1.4113593822996726e-07}. Best is trial 175 with value: 2442.945463412674.
[I 2026-03-31 15:36:45,716] Trial 213 finished with value: 2567.2927858606836 and parameters: {'alpha_0': 0.004404852557370573, 'alpha_1': 6.965408561416277e-05, 'alpha_2': 0.00011592135650329642, 'beta_0': 0.1630314156412187, 'beta_1': 1.119769264170647, 'beta_2': 0.12101873814812407, 'beta_3': 0.0029472265994595756, 'beta_4': 0.5382909082285147, 'beta_5': 586.5503972047729, 'beta_6': 0.010331223509032074, 'beta_7': 0.029978333999230528, 'beta_8': 8.625940518204928e-05, 'beta_9': 1.8114259897357617e-07}. Best is trial 175 with value: 2442.945463412674.
[I 2026-03-31 15:36:47,041] Trial 214 finished with value: 2441.777350257716 and parameters: {'alpha_0': 0.004257318916042918, 'alpha_1': 7.101433643553212e-05, 'alpha_2': 0.0001160081092012925, 'beta_0': 0.16191186801329432, 'beta_1': 1.1145397455894819, 'beta_2': 0.12061419191907698, 'beta_3': 0.0029374166303731243, 'beta_4': 0.5389507021810171, 'beta_5': 582.7516582954819, 'beta_6': 0.010278132197985023, 'beta_7': 0.03046250845587606, 'beta_8': 8.607028279505668e-05, 'beta_9': 1.7370788597643294e-07}. Best is trial 214 with value: 2441.777350257716.
