[I 2026-03-31 15:49:30,729] Trial 690 finished with value: 3214.881923764075 and parameters: {'alpha_0': 0.0009219788124736355, 'alpha_1': 5.492351586402038e-05, 'alpha_2': 0.000127789213258718, 'beta_0': 0.1729012191367654, 'beta_1': 1.1917905163346558, 'beta_2': 0.3594019194558425, 'beta_3': 0.0038461108347167487, 'beta_4': 0.5299745922000754, 'beta_5': 1872.5936712700436, 'beta_6': 0.012403176471938863, 'beta_7': 0.029847948486355382, 'beta_8': 9.17171354884284e-05, 'beta_9': 1.0132238679011022e-06}. Best is trial 537 with value: 2387.245732511589.Best trial: 537. Best value: 2387.25:  69%|██████▉   | 690/1000 [19:24<20:44,  4.01s/it]Best trial: 537. Best value: 2387.25:  69%|██████▉   | 690/1000 [19:24<20:44,  4.01s/it]Best trial: 537. Best value: 2387.25:  69%|██████▉   | 691/1000 [19:24<16:35,  3.22s/it]                                                                                        Best trial: 537. Best value: 2387.25:  69%|██████▉   | 691/1000 [19:25<16:35,  3.22s/it]Best trial: 537. Best value: 2387.25:  69%|██████▉   | 691/1000 [19:25<16:35,  3.22s/it]Best trial: 537. Best value: 2387.25:  69%|██████▉   | 692/1000 [19:25<13:36,  2.65s/it]                                                                                        Best trial: 537. Best value: 2387.25:  69%|██████▉   | 692/1000 [19:27<13:36,  2.65s/it]Best trial: 537. Best value: 2387.25:  69%|██████▉   | 692/1000 [19:27<13:36,  2.65s/it]Best trial: 537. Best value: 2387.25:  69%|██████▉   | 693/1000 [19:27<11:32,  2.25s/it]                                                                                        Best trial: 537. Best value: 2387.25:  69%|██████▉   | 693/1000 [19:28<11:32,  2.25s/it]Best trial: 537. Best value: 2387.25:  69%|██████▉   | 693/1000 [19:28<11:32,  2.25s/it]Best trial: 537. Best value: 2387.25:  69%|██████▉   | 694/1000 [19:28<10:06,  1.98s/it]                                                                                        Best trial: 537. Best value: 2387.25:  69%|██████▉   | 694/1000 [19:29<10:06,  1.98s/it]Best trial: 537. Best value: 2387.25:  69%|██████▉   | 694/1000 [19:30<10:06,  1.98s/it]Best trial: 537. Best value: 2387.25:  70%|██████▉   | 695/1000 [19:30<09:11,  1.81s/it]                                                                                        Best trial: 537. Best value: 2387.25:  70%|██████▉   | 695/1000 [19:31<09:11,  1.81s/it]Best trial: 537. Best value: 2387.25:  70%|██████▉   | 695/1000 [19:31<09:11,  1.81s/it]Best trial: 537. Best value: 2387.25:  70%|██████▉   | 696/1000 [19:31<08:29,  1.68s/it]                                                                                        Best trial: 537. Best value: 2387.25:  70%|██████▉   | 696/1000 [19:32<08:29,  1.68s/it]Best trial: 537. Best value: 2387.25:  70%|██████▉   | 696/1000 [19:32<08:29,  1.68s/it]Best trial: 537. Best value: 2387.25:  70%|██████▉   | 697/1000 [19:32<07:58,  1.58s/it]                                                                                        Best trial: 537. Best value: 2387.25:  70%|██████▉   | 697/1000 [19:34<07:58,  1.58s/it]Best trial: 537. Best value: 2387.25:  70%|██████▉   | 697/1000 [19:34<07:58,  1.58s/it]Best trial: 537. Best value: 2387.25:  70%|██████▉   | 698/1000 [19:34<07:40,  1.53s/it]                                                                                        Best trial: 537. Best value: 2387.25:  70%|██████▉   | 698/1000 [19:35<07:40,  1.53s/it]Best trial: 537. Best value: 2387.25:  70%|██████▉   | 698/1000 [19:35<07:40,  1.53s/it]Best trial: 537. Best value: 2387.25:  70%|██████▉   | 699/1000 [19:35<07:19,  1.46s/it]                                                                                        Best trial: 537. Best value: 2387.25:  70%|██████▉   | 699/1000 [19:36<07:19,  1.46s/it]Best trial: 537. Best value: 2387.25:  70%|██████▉   | 699/1000 [19:36<07:19,  1.46s/it]Best trial: 537. Best value: 2387.25:  70%|███████   | 700/1000 [19:36<07:09,  1.43s/it]                                                                                        Best trial: 537. Best value: 2387.25:  70%|███████   | 700/1000 [19:38<07:09,  1.43s/it]Best trial: 537. Best value: 2387.25:  70%|███████   | 700/1000 [19:38<07:09,  1.43s/it]Best trial: 537. Best value: 2387.25:  70%|███████   | 701/1000 [19:38<07:00,  1.41s/it]                                                                                        Best trial: 537. Best value: 2387.25:  70%|███████   | 701/1000 [19:39<07:00,  1.41s/it]Best trial: 537. Best value: 2387.25:  70%|███████   | 701/1000 [19:39<07:00,  1.41s/it]Best trial: 537. Best value: 2387.25:  70%|███████   | 702/1000 [19:39<06:52,  1.38s/it]                                                                                        Best trial: 537. Best value: 2387.25:  70%|███████   | 702/1000 [19:40<06:52,  1.38s/it]Best trial: 537. Best value: 2387.25:  70%|███████   | 702/1000 [19:40<06:52,  1.38s/it]Best trial: 537. Best value: 2387.25:  70%|███████   | 703/1000 [19:40<06:50,  1.38s/it]                                                                                        Best trial: 537. Best value: 2387.25:  70%|███████   | 703/1000 [19:42<06:50,  1.38s/it]Best trial: 537. Best value: 2387.25:  70%|███████   | 703/1000 [19:42<06:50,  1.38s/it]Best trial: 537. Best value: 2387.25:  70%|███████   | 704/1000 [19:42<06:44,  1.37s/it]                                                                                        Best trial: 537. Best value: 2387.25:  70%|███████   | 704/1000 [19:43<06:44,  1.37s/it]Best trial: 537. Best value: 2387.25:  70%|███████   | 704/1000 [19:43<06:44,  1.37s/it]Best trial: 537. Best value: 2387.25:  70%|███████   | 705/1000 [19:43<06:42,  1.37s/it]                                                                                        
[I 2026-03-31 15:49:32,040] Trial 691 finished with value: 2488.7129416454786 and parameters: {'alpha_0': 0.0007564830113817387, 'alpha_1': 5.0032098024214e-05, 'alpha_2': 0.00012167733053298955, 'beta_0': 0.14917502477102962, 'beta_1': 1.1750374992699626, 'beta_2': 0.33676261331772517, 'beta_3': 0.0028704737991847133, 'beta_4': 0.5510960322646812, 'beta_5': 1820.5567683994057, 'beta_6': 0.01833763983560065, 'beta_7': 0.03069262766241284, 'beta_8': 1.5390888204712138e-05, 'beta_9': 1.0148898752415672e-07}. Best is trial 537 with value: 2387.245732511589.
[I 2026-03-31 15:49:33,380] Trial 692 finished with value: 2728.928314916266 and parameters: {'alpha_0': 0.0006959634319235386, 'alpha_1': 7.771846350023505e-05, 'alpha_2': 0.0001382692743895668, 'beta_0': 0.1624254278291238, 'beta_1': 1.1141105418189337, 'beta_2': 0.34671425713292964, 'beta_3': 0.004111297069579488, 'beta_4': 0.590255690386877, 'beta_5': 1672.1066502519388, 'beta_6': 0.05671811245814798, 'beta_7': 0.029302447193869745, 'beta_8': 2.666062937626933e-05, 'beta_9': 1.8240107505565777e-07}. Best is trial 537 with value: 2387.245732511589.
[I 2026-03-31 15:49:34,725] Trial 693 finished with value: 2688.573176779866 and parameters: {'alpha_0': 0.00102396085393218, 'alpha_1': 6.16349631429376e-05, 'alpha_2': 4.3369944036799855e-05, 'beta_0': 0.18965529452268026, 'beta_1': 1.231557546113844, 'beta_2': 0.3201742975258132, 'beta_3': 0.0037372329494424843, 'beta_4': 0.5631999114721374, 'beta_5': 1460.580936489788, 'beta_6': 0.015632412877028906, 'beta_7': 0.03020254528005826, 'beta_8': 1.8262011694266224e-05, 'beta_9': 1.6233679210506837e-07}. Best is trial 537 with value: 2387.245732511589.
[I 2026-03-31 15:49:36,124] Trial 694 finished with value: 2788.994624264777 and parameters: {'alpha_0': 0.0008284010691344416, 'alpha_1': 6.739296135060578e-05, 'alpha_2': 4.9108519193620874e-05, 'beta_0': 0.17747998938185347, 'beta_1': 1.1476534781754681, 'beta_2': 0.4309874991946898, 'beta_3': 0.0034933146397602807, 'beta_4': 0.414088270739464, 'beta_5': 1932.8202645561837, 'beta_6': 0.07380363250492221, 'beta_7': 0.028212539273728902, 'beta_8': 8.896532730127975e-05, 'beta_9': 2.1351642508605796e-07}. Best is trial 537 with value: 2387.245732511589.
[I 2026-03-31 15:49:37,492] Trial 695 finished with value: 2736.1319935440265 and parameters: {'alpha_0': 0.000607635414276128, 'alpha_1': 5.731631785671945e-05, 'alpha_2': 0.00013168456925996073, 'beta_0': 0.19584586056365383, 'beta_1': 1.0933788791511796, 'beta_2': 0.3670089306035698, 'beta_3': 0.0032440990895640886, 'beta_4': 0.5190670135409792, 'beta_5': 1599.7857555047472, 'beta_6': 0.04812149794523323, 'beta_7': 0.03133886268141843, 'beta_8': 9.530462242874005e-05, 'beta_9': 1.0068411379844966e-07}. Best is trial 537 with value: 2387.245732511589.
[I 2026-03-31 15:49:38,844] Trial 696 finished with value: 2507.796500288321 and parameters: {'alpha_0': 0.0009292370944780277, 'alpha_1': 5.7982714582049364e-05, 'alpha_2': 0.00011919456546874468, 'beta_0': 0.16674841479686817, 'beta_1': 1.2112136212674354, 'beta_2': 0.3520687597138288, 'beta_3': 0.0039820289520021215, 'beta_4': 0.4514900249873934, 'beta_5': 1966.2475156949615, 'beta_6': 0.010190261502465568, 'beta_7': 0.029220846023431106, 'beta_8': 1.2031746534306717e-05, 'beta_9': 1.354957181272751e-07}. Best is trial 537 with value: 2387.245732511589.
[I 2026-03-31 15:49:40,251] Trial 697 finished with value: 2610.778982358663 and parameters: {'alpha_0': 0.0007917565169548167, 'alpha_1': 6.284285785419367e-05, 'alpha_2': 7.154254422990015e-05, 'beta_0': 0.17033517152385688, 'beta_1': 1.2414493226327346, 'beta_2': 0.3286989115082432, 'beta_3': 0.003626610103626346, 'beta_4': 0.5467346296941267, 'beta_5': 1904.452433353169, 'beta_6': 0.019415072088890074, 'beta_7': 0.027312528768583286, 'beta_8': 2.045990894486845e-05, 'beta_9': 1.814159054458372e-07}. Best is trial 537 with value: 2387.245732511589.
[I 2026-03-31 15:49:41,559] Trial 698 finished with value: 2436.5385806570775 and parameters: {'alpha_0': 0.001061842451847023, 'alpha_1': 7.082469858335669e-05, 'alpha_2': 5.7527661848624984e-05, 'beta_0': 0.1582757420276138, 'beta_1': 1.2208649008172738, 'beta_2': 0.3067237224636613, 'beta_3': 0.003373428187563921, 'beta_4': 0.5821437015667257, 'beta_5': 1958.6727992525746, 'beta_6': 0.014081044469473624, 'beta_7': 0.029988928249472743, 'beta_8': 3.474296662167952e-05, 'beta_9': 1.000747854627328e-07}. Best is trial 537 with value: 2387.245732511589.
[I 2026-03-31 15:49:42,927] Trial 699 finished with value: 2777.2655863553555 and parameters: {'alpha_0': 0.0017765172670806528, 'alpha_1': 7.870130375741156e-05, 'alpha_2': 6.002920010720781e-05, 'beta_0': 0.15210187011910886, 'beta_1': 1.2190196104759452, 'beta_2': 0.302707552242235, 'beta_3': 0.003396728147095335, 'beta_4': 0.5684945555832156, 'beta_5': 1965.0260568727658, 'beta_6': 0.022636246494566258, 'beta_7': 0.030807271938953038, 'beta_8': 3.081957543883064e-05, 'beta_9': 3.947542652378256e-07}. Best is trial 537 with value: 2387.245732511589.
[I 2026-03-31 15:49:44,263] Trial 700 finished with value: 2650.568583934211 and parameters: {'alpha_0': 0.0011974059826756448, 'alpha_1': 7.462559816429691e-05, 'alpha_2': 6.607846481752216e-05, 'beta_0': 0.15624840664111908, 'beta_1': 1.2050673690050202, 'beta_2': 0.28655095332254477, 'beta_3': 0.0033467561214919994, 'beta_4': 0.5795323774347727, 'beta_5': 1930.2658422682773, 'beta_6': 0.02010966200046725, 'beta_7': 0.03039322726201432, 'beta_8': 2.494356932587116e-05, 'beta_9': 1.3622025258430471e-07}. Best is trial 537 with value: 2387.245732511589.
[I 2026-03-31 15:49:45,603] Trial 701 finished with value: 2509.567650434864 and parameters: {'alpha_0': 0.0010816132507077817, 'alpha_1': 7.262186908054725e-05, 'alpha_2': 5.535216792120374e-05, 'beta_0': 0.1575355881012073, 'beta_1': 1.2215506414867747, 'beta_2': 0.35938281559717117, 'beta_3': 0.003499175401454354, 'beta_4': 0.5561938322065861, 'beta_5': 1970.0322937773508, 'beta_6': 0.016758459491860767, 'beta_7': 0.02989453934884496, 'beta_8': 2.2515093175802865e-05, 'beta_9': 2.2898283142223102e-07}. Best is trial 537 with value: 2387.245732511589.
[I 2026-03-31 15:49:46,977] Trial 702 finished with value: 2679.0626855138175 and parameters: {'alpha_0': 0.0010861519671549174, 'alpha_1': 8.295814480169231e-05, 'alpha_2': 5.848682814112088e-05, 'beta_0': 0.16011852731392492, 'beta_1': 1.1958022821499552, 'beta_2': 0.3878765563454487, 'beta_3': 0.003394901072776439, 'beta_4': 0.5364563083983628, 'beta_5': 1883.3787016419305, 'beta_6': 0.016473483709583653, 'beta_7': 0.03189228305318607, 'beta_8': 8.514188939615302e-05, 'beta_9': 1.5742840833188582e-07}. Best is trial 537 with value: 2387.245732511589.
[I 2026-03-31 15:49:48,312] Trial 703 finished with value: 2817.4966968848585 and parameters: {'alpha_0': 0.0010038059965450298, 'alpha_1': 7.152431622427149e-05, 'alpha_2': 6.175022954992339e-05, 'beta_0': 0.15341125815440937, 'beta_1': 1.2108767057938348, 'beta_2': 0.46729234962923794, 'beta_3': 0.0035544060680236145, 'beta_4': 0.6309056342077226, 'beta_5': 1926.2068488498817, 'beta_6': 0.026724473998529744, 'beta_7': 0.030548032703175736, 'beta_8': 2.8562168823625868e-05, 'beta_9': 1.9620963544397886e-07}. Best is trial 537 with value: 2387.245732511589.
[I 2026-03-31 15:49:49,669] Trial 704 finished with value: 2725.733106124791 and parameters: {'alpha_0': 0.0011663585937510778, 'alpha_1': 6.770235938844157e-05, 'alpha_2': 5.537074685454085e-05, 'beta_0': 0.16279714142402718, 'beta_1': 1.226830082784838, 'beta_2': 0.38030642968331957, 'beta_3': 0.003319256049685069, 'beta_4': 0.5783935206743909, 'beta_5': 1996.2440251168894, 'beta_6': 0.014262230820214009, 'beta_7': 0.03127753408150547, 'beta_8': 1.7553442163736868e-05, 'beta_9': 1.378857853979088e-07}. Best is trial 537 with value: 2387.245732511589.
[I 2026-03-31 15:49:50,998] Trial 705 finished with value: 2709.528764009701 and parameters: {'alpha_0': 0.0012686711206427433, 'alpha_1': 7.461835538690297e-05, 'alpha_2': 5.622384379080311e-05, 'beta_0': 0.15826749602221046, 'beta_1': 1.123359147122494, 'beta_2': 0.3416832502763952, 'beta_3': 0.0034552037847823537, 'beta_4': 0.9277909710952894, 'beta_5': 1861.0419729279768, 'beta_6': 0.02005482423228267, 'beta_7': 0.03022877960683879, 'beta_8': 9.281579567722299e-05, 'beta_9': 2.637930608464212e-07}. Best is trial 537 with value: 2387.245732511589.Best trial: 537. Best value: 2387.25:  70%|███████   | 705/1000 [19:44<06:42,  1.37s/it]Best trial: 537. Best value: 2387.25:  70%|███████   | 705/1000 [19:44<06:42,  1.37s/it]Best trial: 537. Best value: 2387.25:  71%|███████   | 706/1000 [19:44<06:37,  1.35s/it]                                                                                        Best trial: 537. Best value: 2387.25:  71%|███████   | 706/1000 [19:46<06:37,  1.35s/it]Best trial: 537. Best value: 2387.25:  71%|███████   | 706/1000 [19:46<06:37,  1.35s/it]Best trial: 537. Best value: 2387.25:  71%|███████   | 707/1000 [19:46<06:33,  1.34s/it]                                                                                        Best trial: 537. Best value: 2387.25:  71%|███████   | 707/1000 [19:47<06:33,  1.34s/it]Best trial: 537. Best value: 2387.25:  71%|███████   | 707/1000 [19:47<06:33,  1.34s/it]Best trial: 537. Best value: 2387.25:  71%|███████   | 708/1000 [19:47<06:31,  1.34s/it]                                                                                        Best trial: 537. Best value: 2387.25:  71%|███████   | 708/1000 [19:48<06:31,  1.34s/it]Best trial: 537. Best value: 2387.25:  71%|███████   | 708/1000 [19:48<06:31,  1.34s/it]Best trial: 537. Best value: 2387.25:  71%|███████   | 709/1000 [19:48<06:31,  1.35s/it]                                                                                        Best trial: 537. Best value: 2387.25:  71%|███████   | 709/1000 [19:50<06:31,  1.35s/it]Best trial: 537. Best value: 2387.25:  71%|███████   | 709/1000 [19:50<06:31,  1.35s/it]Best trial: 537. Best value: 2387.25:  71%|███████   | 710/1000 [19:50<06:30,  1.35s/it]                                                                                        Best trial: 537. Best value: 2387.25:  71%|███████   | 710/1000 [19:51<06:30,  1.35s/it]Best trial: 537. Best value: 2387.25:  71%|███████   | 710/1000 [19:51<06:30,  1.35s/it]Best trial: 537. Best value: 2387.25:  71%|███████   | 711/1000 [19:51<06:30,  1.35s/it]                                                                                        Best trial: 537. Best value: 2387.25:  71%|███████   | 711/1000 [19:52<06:30,  1.35s/it]Best trial: 537. Best value: 2387.25:  71%|███████   | 711/1000 [19:52<06:30,  1.35s/it]Best trial: 537. Best value: 2387.25:  71%|███████   | 712/1000 [19:52<06:25,  1.34s/it]                                                                                        Best trial: 537. Best value: 2387.25:  71%|███████   | 712/1000 [19:54<06:25,  1.34s/it]Best trial: 537. Best value: 2387.25:  71%|███████   | 712/1000 [19:54<06:25,  1.34s/it]Best trial: 537. Best value: 2387.25:  71%|███████▏  | 713/1000 [19:54<06:27,  1.35s/it]                                                                                        Best trial: 537. Best value: 2387.25:  71%|███████▏  | 713/1000 [19:55<06:27,  1.35s/it]Best trial: 537. Best value: 2387.25:  71%|███████▏  | 713/1000 [19:55<06:27,  1.35s/it]Best trial: 537. Best value: 2387.25:  71%|███████▏  | 714/1000 [19:55<06:26,  1.35s/it]                                                                                        Best trial: 537. Best value: 2387.25:  71%|███████▏  | 714/1000 [19:56<06:26,  1.35s/it]Best trial: 537. Best value: 2387.25:  71%|███████▏  | 714/1000 [19:57<06:26,  1.35s/it]Best trial: 537. Best value: 2387.25:  72%|███████▏  | 715/1000 [19:57<06:24,  1.35s/it]                                                                                        Best trial: 537. Best value: 2387.25:  72%|███████▏  | 715/1000 [19:58<06:24,  1.35s/it]Best trial: 537. Best value: 2387.25:  72%|███████▏  | 715/1000 [19:58<06:24,  1.35s/it]Best trial: 537. Best value: 2387.25:  72%|███████▏  | 716/1000 [19:58<06:24,  1.35s/it]                                                                                        Best trial: 537. Best value: 2387.25:  72%|███████▏  | 716/1000 [19:59<06:24,  1.35s/it]Best trial: 537. Best value: 2387.25:  72%|███████▏  | 716/1000 [19:59<06:24,  1.35s/it]Best trial: 537. Best value: 2387.25:  72%|███████▏  | 717/1000 [19:59<06:20,  1.34s/it]                                                                                        Best trial: 537. Best value: 2387.25:  72%|███████▏  | 717/1000 [20:01<06:20,  1.34s/it]Best trial: 537. Best value: 2387.25:  72%|███████▏  | 717/1000 [20:01<06:20,  1.34s/it]Best trial: 537. Best value: 2387.25:  72%|███████▏  | 718/1000 [20:01<06:20,  1.35s/it]                                                                                        Best trial: 537. Best value: 2387.25:  72%|███████▏  | 718/1000 [20:03<06:20,  1.35s/it]Best trial: 537. Best value: 2387.25:  72%|███████▏  | 718/1000 [20:03<06:20,  1.35s/it]Best trial: 537. Best value: 2387.25:  72%|███████▏  | 719/1000 [20:03<07:20,  1.57s/it]                                                                                        Best trial: 537. Best value: 2387.25:  72%|███████▏  | 719/1000 [20:04<07:20,  1.57s/it]Best trial: 537. Best value: 2387.25:  72%|███████▏  | 719/1000 [20:04<07:20,  1.57s/it]Best trial: 537. Best value: 2387.25:  72%|███████▏  | 720/1000 [20:04<06:58,  1.49s/it]                                                                                        
[I 2026-03-31 15:49:52,314] Trial 706 finished with value: 2544.2137556623707 and parameters: {'alpha_0': 0.0009180744663610334, 'alpha_1': 7.009015030924879e-05, 'alpha_2': 5.2393137668388934e-05, 'beta_0': 0.16479115040636105, 'beta_1': 1.4836330470585086, 'beta_2': 0.3160892098907525, 'beta_3': 0.003696590323484125, 'beta_4': 0.6088526262279716, 'beta_5': 1941.9546986996822, 'beta_6': 0.017800515492113478, 'beta_7': 0.029378346174895025, 'beta_8': 3.4594660655783255e-05, 'beta_9': 1.0026826907224138e-07}. Best is trial 537 with value: 2387.245732511589.
[I 2026-03-31 15:49:53,647] Trial 707 finished with value: 2516.3209832191874 and parameters: {'alpha_0': 0.0010068832487905226, 'alpha_1': 6.558759274643437e-05, 'alpha_2': 6.36252472790547e-05, 'beta_0': 0.16411320155689946, 'beta_1': 1.2143834971996155, 'beta_2': 0.37211410072791695, 'beta_3': 0.0035791322115320675, 'beta_4': 0.5595203900069265, 'beta_5': 1893.1929688903076, 'beta_6': 0.01465029568305742, 'beta_7': 0.02964812776483384, 'beta_8': 1.0181881534478904e-05, 'beta_9': 1.6964919971251913e-07}. Best is trial 537 with value: 2387.245732511589.
[I 2026-03-31 15:49:55,005] Trial 708 finished with value: 2809.100522851829 and parameters: {'alpha_0': 0.002181026885095844, 'alpha_1': 6.99230244219393e-05, 'alpha_2': 5.214973094740212e-05, 'beta_0': 0.14472820394314778, 'beta_1': 1.1959929489784809, 'beta_2': 0.33353508605931137, 'beta_3': 0.003793935237519825, 'beta_4': 0.5461128205490366, 'beta_5': 1997.4313780324278, 'beta_6': 0.023381411542634293, 'beta_7': 0.030955074244196634, 'beta_8': 1.3411083404623002e-05, 'beta_9': 1.3580481866054905e-07}. Best is trial 537 with value: 2387.245732511589.
[I 2026-03-31 15:49:56,358] Trial 709 finished with value: 2760.5985167195904 and parameters: {'alpha_0': 0.0008675124726095, 'alpha_1': 7.648477830795585e-05, 'alpha_2': 4.8691543533232255e-05, 'beta_0': 0.15993578235925954, 'beta_1': 1.2221761232888753, 'beta_2': 0.28017580922239327, 'beta_3': 0.00426033612969505, 'beta_4': 0.5975898400497023, 'beta_5': 1259.2643816475208, 'beta_6': 0.013097132852679065, 'beta_7': 0.02982274472204332, 'beta_8': 2.2943807791782395e-05, 'beta_9': 2.029527591805491e-07}. Best is trial 537 with value: 2387.245732511589.
