[I 2026-03-31 15:42:47,507] Trial 440 finished with value: 2543.0339195999604 and parameters: {'alpha_0': 0.0011240831901446634, 'alpha_1': 7.004033099436557e-05, 'alpha_2': 5.918686684398541e-05, 'beta_0': 0.17008528911463539, 'beta_1': 1.2170359940739828, 'beta_2': 0.32236739993665947, 'beta_3': 0.004252770395975367, 'beta_4': 0.6882438877707381, 'beta_5': 1948.0016186642833, 'beta_6': 0.010044311470424689, 'beta_7': 0.028430592423238633, 'beta_8': 2.1087498205098087e-05, 'beta_9': 1.0112085678814341e-07}. Best is trial 423 with value: 2407.2110142847305.
[I 2026-03-31 15:42:48,822] Trial 441 finished with value: 2735.7402947013657 and parameters: {'alpha_0': 0.0006636918066870278, 'alpha_1': 6.371188868624977e-05, 'alpha_2': 7.351459650877361e-05, 'beta_0': 0.17741962200497852, 'beta_1': 1.2478765480518947, 'beta_2': 0.3341897575906778, 'beta_3': 0.004074375401866398, 'beta_4': 0.6038024451423043, 'beta_5': 1883.8868549777262, 'beta_6': 0.11287495354583696, 'beta_7': 0.029040873732308795, 'beta_8': 1.891274053526619e-05, 'beta_9': 1.5883451006891e-07}. Best is trial 423 with value: 2407.2110142847305.
[I 2026-03-31 15:42:50,150] Trial 442 finished with value: 2943.2993552322687 and parameters: {'alpha_0': 0.0008652082310763314, 'alpha_1': 5.5156387874383184e-05, 'alpha_2': 4.7577689500014526e-05, 'beta_0': 0.17100791623075265, 'beta_1': 1.234636936314119, 'beta_2': 0.34988589951942467, 'beta_3': 0.003974613679332174, 'beta_4': 0.597562887715825, 'beta_5': 1941.7138601107492, 'beta_6': 0.016844329836908863, 'beta_7': 0.030376662156176983, 'beta_8': 1.698385649445406e-05, 'beta_9': 1.3365024794397913e-07}. Best is trial 423 with value: 2407.2110142847305.
[I 2026-03-31 15:42:51,439] Trial 443 finished with value: 2547.1252611787895 and parameters: {'alpha_0': 0.0011839690888234807, 'alpha_1': 5.7614924287402774e-05, 'alpha_2': 6.598852656546333e-05, 'beta_0': 0.19254540799279274, 'beta_1': 1.2238664225661073, 'beta_2': 0.3841348200954023, 'beta_3': 0.0038845013979103937, 'beta_4': 0.5805808708975672, 'beta_5': 1906.5501872261957, 'beta_6': 0.014244922722203695, 'beta_7': 0.029618758641368193, 'beta_8': 2.1558632430699206e-05, 'beta_9': 1.9028586948272407e-07}. Best is trial 423 with value: 2407.2110142847305.
[I 2026-03-31 15:42:52,795] Trial 444 finished with value: 2693.710255357718 and parameters: {'alpha_0': 0.0007596346168083267, 'alpha_1': 6.760761625889348e-05, 'alpha_2': 6.881888667696355e-05, 'beta_0': 0.1816468975977631, 'beta_1': 1.1960296034111997, 'beta_2': 0.31283020764893665, 'beta_3': 0.004001333691018303, 'beta_4': 0.5738434465854965, 'beta_5': 1848.178564387438, 'beta_6': 0.012535929557303854, 'beta_7': 0.031418098810151694, 'beta_8': 2.0102712570848882e-05, 'beta_9': 1.0022716365343103e-07}. Best is trial 423 with value: 2407.2110142847305.
[I 2026-03-31 15:42:54,130] Trial 445 finished with value: 2580.098626365767 and parameters: {'alpha_0': 0.000979793222522058, 'alpha_1': 5.014459853311335e-05, 'alpha_2': 5.26440890174299e-05, 'beta_0': 0.16890589299203934, 'beta_1': 1.2119872132138247, 'beta_2': 0.36813893115680874, 'beta_3': 0.004201526987513289, 'beta_4': 0.5926201636308235, 'beta_5': 1999.7023158905697, 'beta_6': 0.0182411922499826, 'beta_7': 0.027738037635903035, 'beta_8': 2.3966140769797993e-05, 'beta_9': 1.6012968089335815e-07}. Best is trial 423 with value: 2407.2110142847305.
[I 2026-03-31 15:42:55,469] Trial 446 finished with value: 2731.7131065330095 and parameters: {'alpha_0': 0.0008674360546034604, 'alpha_1': 6.232652909527839e-05, 'alpha_2': 8.210139355629819e-05, 'beta_0': 0.20437135354959368, 'beta_1': 1.2568345422145277, 'beta_2': 0.32485266691114745, 'beta_3': 0.0038485861068750316, 'beta_4': 0.6106940761192462, 'beta_5': 1963.4632790207531, 'beta_6': 0.015065011751826817, 'beta_7': 0.030769129198752118, 'beta_8': 1.5112062732370792e-05, 'beta_9': 1.9667155814080577e-07}. Best is trial 423 with value: 2407.2110142847305.
[I 2026-03-31 15:42:56,818] Trial 447 finished with value: 2486.273863614285 and parameters: {'alpha_0': 0.0006802829018588334, 'alpha_1': 5.471197379280709e-05, 'alpha_2': 6.351265320243042e-05, 'beta_0': 0.17599809386512677, 'beta_1': 1.2320234367593086, 'beta_2': 0.3571945249390448, 'beta_3': 0.003567223372245516, 'beta_4': 0.6440125224601165, 'beta_5': 1888.9996560637253, 'beta_6': 0.010027002272465666, 'beta_7': 0.028943352829630745, 'beta_8': 2.6954369396467123e-05, 'beta_9': 1.33657513408451e-07}. Best is trial 423 with value: 2407.2110142847305.
[I 2026-03-31 15:42:58,246] Trial 448 finished with value: 2654.55646631103 and parameters: {'alpha_0': 0.0006509339753375638, 'alpha_1': 6.0878193971218335e-05, 'alpha_2': 6.253795198771788e-05, 'beta_0': 0.19893394773121653, 'beta_1': 1.2408904196098252, 'beta_2': 0.36010478052883865, 'beta_3': 0.003558009676838747, 'beta_4': 0.651038841548147, 'beta_5': 1941.8738866587012, 'beta_6': 0.01017448520909104, 'beta_7': 0.027169566071382538, 'beta_8': 2.6967961908626757e-05, 'beta_9': 1.3099353953474716e-07}. Best is trial 423 with value: 2407.2110142847305.
[I 2026-03-31 15:42:59,631] Trial 449 finished with value: 2650.2595424785104 and parameters: {'alpha_0': 0.0007278977046031548, 'alpha_1': 5.706826915016065e-05, 'alpha_2': 7.333890854018877e-05, 'beta_0': 0.13707604964251055, 'beta_1': 1.2239174968687292, 'beta_2': 0.37638141903236216, 'beta_3': 0.003500257424506923, 'beta_4': 0.41377788641781593, 'beta_5': 1872.2769551427389, 'beta_6': 0.012533739163137594, 'beta_7': 0.028361941746621037, 'beta_8': 1.9911039185831547e-05, 'beta_9': 1.3462762748162243e-07}. Best is trial 423 with value: 2407.2110142847305.
[I 2026-03-31 15:43:00,946] Trial 450 finished with value: 2496.389601635653 and parameters: {'alpha_0': 0.0006572776441599335, 'alpha_1': 7.095874773133988e-05, 'alpha_2': 6.650423358320665e-05, 'beta_0': 0.17295745256260653, 'beta_1': 1.2059198470521104, 'beta_2': 0.3553337201418128, 'beta_3': 0.003624570644109588, 'beta_4': 0.6585210785720123, 'beta_5': 1956.1573031247542, 'beta_6': 0.010316177109886278, 'beta_7': 0.02894088337046047, 'beta_8': 2.5608382901170483e-05, 'beta_9': 1.386886253941775e-07}. Best is trial 423 with value: 2407.2110142847305.Best trial: 423. Best value: 2407.21:  45%|████▌     | 450/1000 [12:54<12:34,  1.37s/it]Best trial: 423. Best value: 2407.21:  45%|████▌     | 450/1000 [12:54<12:34,  1.37s/it]Best trial: 423. Best value: 2407.21:  45%|████▌     | 451/1000 [12:54<12:23,  1.35s/it]                                                                                        Best trial: 423. Best value: 2407.21:  45%|████▌     | 451/1000 [12:56<12:23,  1.35s/it]Best trial: 423. Best value: 2407.21:  45%|████▌     | 451/1000 [12:56<12:23,  1.35s/it]Best trial: 423. Best value: 2407.21:  45%|████▌     | 452/1000 [12:56<12:26,  1.36s/it]                                                                                        Best trial: 423. Best value: 2407.21:  45%|████▌     | 452/1000 [12:57<12:26,  1.36s/it]Best trial: 423. Best value: 2407.21:  45%|████▌     | 452/1000 [12:57<12:26,  1.36s/it]Best trial: 423. Best value: 2407.21:  45%|████▌     | 453/1000 [12:57<12:21,  1.36s/it]                                                                                        Best trial: 423. Best value: 2407.21:  45%|████▌     | 453/1000 [12:58<12:21,  1.36s/it]Best trial: 423. Best value: 2407.21:  45%|████▌     | 453/1000 [12:58<12:21,  1.36s/it]Best trial: 423. Best value: 2407.21:  45%|████▌     | 454/1000 [12:58<12:18,  1.35s/it]                                                                                        Best trial: 423. Best value: 2407.21:  45%|████▌     | 454/1000 [13:00<12:18,  1.35s/it]Best trial: 423. Best value: 2407.21:  45%|████▌     | 454/1000 [13:00<12:18,  1.35s/it]Best trial: 423. Best value: 2407.21:  46%|████▌     | 455/1000 [13:00<12:12,  1.34s/it]                                                                                        Best trial: 423. Best value: 2407.21:  46%|████▌     | 455/1000 [13:01<12:12,  1.34s/it]Best trial: 423. Best value: 2407.21:  46%|████▌     | 455/1000 [13:01<12:12,  1.34s/it]Best trial: 423. Best value: 2407.21:  46%|████▌     | 456/1000 [13:01<12:35,  1.39s/it]                                                                                        Best trial: 423. Best value: 2407.21:  46%|████▌     | 456/1000 [13:03<12:35,  1.39s/it]Best trial: 423. Best value: 2407.21:  46%|████▌     | 456/1000 [13:03<12:35,  1.39s/it]Best trial: 423. Best value: 2407.21:  46%|████▌     | 457/1000 [13:03<12:26,  1.37s/it]                                                                                        Best trial: 423. Best value: 2407.21:  46%|████▌     | 457/1000 [13:04<12:26,  1.37s/it]Best trial: 423. Best value: 2407.21:  46%|████▌     | 457/1000 [13:04<12:26,  1.37s/it]Best trial: 423. Best value: 2407.21:  46%|████▌     | 458/1000 [13:04<12:26,  1.38s/it]                                                                                        Best trial: 423. Best value: 2407.21:  46%|████▌     | 458/1000 [13:05<12:26,  1.38s/it]Best trial: 423. Best value: 2407.21:  46%|████▌     | 458/1000 [13:05<12:26,  1.38s/it]Best trial: 423. Best value: 2407.21:  46%|████▌     | 459/1000 [13:05<12:17,  1.36s/it]                                                                                        Best trial: 423. Best value: 2407.21:  46%|████▌     | 459/1000 [13:07<12:17,  1.36s/it]Best trial: 459. Best value: 2405.32:  46%|████▌     | 459/1000 [13:07<12:17,  1.36s/it]Best trial: 459. Best value: 2405.32:  46%|████▌     | 460/1000 [13:07<12:10,  1.35s/it]                                                                                        Best trial: 459. Best value: 2405.32:  46%|████▌     | 460/1000 [13:08<12:10,  1.35s/it]Best trial: 459. Best value: 2405.32:  46%|████▌     | 460/1000 [13:08<12:10,  1.35s/it]Best trial: 459. Best value: 2405.32:  46%|████▌     | 461/1000 [13:08<12:11,  1.36s/it]                                                                                        Best trial: 459. Best value: 2405.32:  46%|████▌     | 461/1000 [13:09<12:11,  1.36s/it]Best trial: 459. Best value: 2405.32:  46%|████▌     | 461/1000 [13:09<12:11,  1.36s/it]Best trial: 459. Best value: 2405.32:  46%|████▌     | 462/1000 [13:09<12:04,  1.35s/it]                                                                                        Best trial: 459. Best value: 2405.32:  46%|████▌     | 462/1000 [13:11<12:04,  1.35s/it]Best trial: 459. Best value: 2405.32:  46%|████▌     | 462/1000 [13:11<12:04,  1.35s/it]Best trial: 459. Best value: 2405.32:  46%|████▋     | 463/1000 [13:11<12:06,  1.35s/it]                                                                                        Best trial: 459. Best value: 2405.32:  46%|████▋     | 463/1000 [13:12<12:06,  1.35s/it]Best trial: 459. Best value: 2405.32:  46%|████▋     | 463/1000 [13:12<12:06,  1.35s/it]Best trial: 459. Best value: 2405.32:  46%|████▋     | 464/1000 [13:12<11:59,  1.34s/it]                                                                                        Best trial: 459. Best value: 2405.32:  46%|████▋     | 464/1000 [13:13<11:59,  1.34s/it]Best trial: 459. Best value: 2405.32:  46%|████▋     | 464/1000 [13:13<11:59,  1.34s/it]Best trial: 459. Best value: 2405.32:  46%|████▋     | 465/1000 [13:13<11:52,  1.33s/it]                                                                                        
[I 2026-03-31 15:43:02,327] Trial 451 finished with value: 2524.0812656768057 and parameters: {'alpha_0': 0.0006018607327938552, 'alpha_1': 7.19745250764816e-05, 'alpha_2': 6.846094749213256e-05, 'beta_0': 0.17404671082121628, 'beta_1': 1.2050219825091275, 'beta_2': 0.3666594475529362, 'beta_3': 0.0037472071634627713, 'beta_4': 0.6762815471252365, 'beta_5': 1962.6950385472517, 'beta_6': 0.01212492551765125, 'beta_7': 0.02798680721485569, 'beta_8': 2.5669874984913518e-05, 'beta_9': 1.3378740199936873e-07}. Best is trial 423 with value: 2407.2110142847305.
[I 2026-03-31 15:43:03,663] Trial 452 finished with value: 2594.9387707019705 and parameters: {'alpha_0': 0.0006794482412011703, 'alpha_1': 6.90105561016697e-05, 'alpha_2': 6.443727284541487e-05, 'beta_0': 0.16963724138016206, 'beta_1': 1.2063522810685845, 'beta_2': 0.3504113575569404, 'beta_3': 0.003635832392554592, 'beta_4': 0.6602196378737625, 'beta_5': 1269.4354061602469, 'beta_6': 0.010154545253346458, 'beta_7': 0.02858130727920825, 'beta_8': 2.662068356004896e-05, 'beta_9': 1.013949697302912e-07}. Best is trial 423 with value: 2407.2110142847305.
[I 2026-03-31 15:43:05,011] Trial 453 finished with value: 2575.5295788736344 and parameters: {'alpha_0': 0.0006008932585166222, 'alpha_1': 7.068515646358181e-05, 'alpha_2': 8.215789547654348e-05, 'beta_0': 0.17331514867165249, 'beta_1': 1.1921828031026336, 'beta_2': 0.35989278528889174, 'beta_3': 0.00367568802910295, 'beta_4': 0.6735961942410269, 'beta_5': 1926.6518352286678, 'beta_6': 0.010058496087761513, 'beta_7': 0.02896427591598675, 'beta_8': 2.6323930759125357e-05, 'beta_9': 1.6233190166414123e-07}. Best is trial 423 with value: 2407.2110142847305.
[I 2026-03-31 15:43:06,337] Trial 454 finished with value: 2578.7181690567695 and parameters: {'alpha_0': 0.0007761095467162251, 'alpha_1': 6.52011035783278e-05, 'alpha_2': 6.634847893780482e-05, 'beta_0': 0.17868980536172566, 'beta_1': 1.2174423209325107, 'beta_2': 0.3442160379883782, 'beta_3': 0.0035381587555468664, 'beta_4': 0.64298453453132, 'beta_5': 1968.6369573480483, 'beta_6': 0.012654181988971825, 'beta_7': 0.028934892277612426, 'beta_8': 2.2803675373408293e-05, 'beta_9': 1.0031679635626698e-07}. Best is trial 423 with value: 2407.2110142847305.
[I 2026-03-31 15:43:07,831] Trial 455 finished with value: 2861.2106730071537 and parameters: {'alpha_0': 0.0006790194473547629, 'alpha_1': 6.636304232302528e-05, 'alpha_2': 7.71585968218962e-05, 'beta_0': 0.16843066728209619, 'beta_1': 1.2167356111959036, 'beta_2': 0.3737974623356915, 'beta_3': 0.003466043057114894, 'beta_4': 0.6933513744043759, 'beta_5': 1922.224124340561, 'beta_6': 0.010020996580063142, 'beta_7': 0.02707878945863915, 'beta_8': 2.9425476796363185e-05, 'beta_9': 1.403544447634853e-07}. Best is trial 423 with value: 2407.2110142847305.
[I 2026-03-31 15:43:09,168] Trial 456 finished with value: 2641.754446393461 and parameters: {'alpha_0': 0.0007934755948232544, 'alpha_1': 7.310098034317975e-05, 'alpha_2': 6.918114765318663e-05, 'beta_0': 0.18260181029961417, 'beta_1': 1.1967309123638061, 'beta_2': 0.39244014932876, 'beta_3': 0.0036636017644411257, 'beta_4': 0.6621726910004487, 'beta_5': 1994.2634349757684, 'beta_6': 0.013356848154110618, 'beta_7': 0.03003185725386924, 'beta_8': 2.4897508520404722e-05, 'beta_9': 1.8521341429384147e-07}. Best is trial 423 with value: 2407.2110142847305.
[I 2026-03-31 15:43:10,554] Trial 457 finished with value: 2674.871178447969 and parameters: {'alpha_0': 0.0007055926506338529, 'alpha_1': 6.169780114591347e-05, 'alpha_2': 7.27712496300164e-05, 'beta_0': 0.17357981581685486, 'beta_1': 1.2274558988804614, 'beta_2': 0.3129777883170014, 'beta_3': 0.0037353934416176284, 'beta_4': 0.6401853301563094, 'beta_5': 1963.6360667604467, 'beta_6': 0.012521629489295628, 'beta_7': 0.028053339609274357, 'beta_8': 1.7853359962182233e-05, 'beta_9': 1.372165178437683e-07}. Best is trial 423 with value: 2407.2110142847305.
[I 2026-03-31 15:43:11,879] Trial 458 finished with value: 2710.1119880122696 and parameters: {'alpha_0': 0.0006065616212793378, 'alpha_1': 6.559073456537229e-05, 'alpha_2': 6.037982206749461e-05, 'beta_0': 0.17725800635633862, 'beta_1': 1.2459374282700566, 'beta_2': 0.3333911299569773, 'beta_3': 0.0034708235224503734, 'beta_4': 0.6560184494467156, 'beta_5': 1893.3043268374595, 'beta_6': 0.010099033617000312, 'beta_7': 0.02879602163769879, 'beta_8': 2.7565562073592017e-05, 'beta_9': 1.6454463026950596e-07}. Best is trial 423 with value: 2407.2110142847305.
[I 2026-03-31 15:43:13,210] Trial 459 finished with value: 2405.323170902653 and parameters: {'alpha_0': 0.0008110160807836711, 'alpha_1': 6.046057076897705e-05, 'alpha_2': 0.00012429473831013032, 'beta_0': 0.16793735847911906, 'beta_1': 1.208696972304284, 'beta_2': 0.35629869860182894, 'beta_3': 0.004151066481337055, 'beta_4': 0.5770327305406451, 'beta_5': 1529.5048755211387, 'beta_6': 0.014540563449793396, 'beta_7': 0.029266823285388443, 'beta_8': 2.511503358265552e-05, 'beta_9': 1.0102185585479213e-07}. Best is trial 459 with value: 2405.323170902653.
[I 2026-03-31 15:43:14,575] Trial 460 finished with value: 2809.8506910720052 and parameters: {'alpha_0': 0.0008292076627815881, 'alpha_1': 5.906445983952884e-05, 'alpha_2': 0.00012411014516003528, 'beta_0': 0.16633267060749007, 'beta_1': 1.2363875066032708, 'beta_2': 0.3403867735756313, 'beta_3': 0.00417028370915929, 'beta_4': 0.5726958549400534, 'beta_5': 1452.9284441660357, 'beta_6': 0.017761499570887955, 'beta_7': 0.03024288862473524, 'beta_8': 2.3997287995847016e-05, 'beta_9': 1.290358449398013e-07}. Best is trial 459 with value: 2405.323170902653.
[I 2026-03-31 15:43:15,899] Trial 461 finished with value: 2501.353501050942 and parameters: {'alpha_0': 0.0009554908260260632, 'alpha_1': 5.432233150138524e-05, 'alpha_2': 0.00012739958032568648, 'beta_0': 0.1670680076847854, 'beta_1': 1.2530529444881244, 'beta_2': 0.3851643129621557, 'beta_3': 0.004062468221564024, 'beta_4': 0.5939729153761907, 'beta_5': 1514.5559521000089, 'beta_6': 0.021535242744543274, 'beta_7': 0.02942921489801426, 'beta_8': 1.6926275136352578e-05, 'beta_9': 1.0351448643406079e-07}. Best is trial 459 with value: 2405.323170902653.
[I 2026-03-31 15:43:17,266] Trial 462 finished with value: 2738.2885972295003 and parameters: {'alpha_0': 0.0008447843807493828, 'alpha_1': 6.213417460259846e-05, 'alpha_2': 0.0001224764140684996, 'beta_0': 0.21731745225415167, 'beta_1': 1.2169165522153378, 'beta_2': 0.32140144092057454, 'beta_3': 0.004153352307556716, 'beta_4': 0.580734175327, 'beta_5': 1547.7569138202398, 'beta_6': 0.01487995076059112, 'beta_7': 0.0308886434312601, 'beta_8': 9.696570209198606e-05, 'beta_9': 2.0812135382886014e-07}. Best is trial 459 with value: 2405.323170902653.
[I 2026-03-31 15:43:18,588] Trial 463 finished with value: 2606.301428425236 and parameters: {'alpha_0': 0.0007650361523414124, 'alpha_1': 5.458333465739056e-05, 'alpha_2': 0.00011908673673421127, 'beta_0': 0.17034599694651173, 'beta_1': 1.2307141858265815, 'beta_2': 0.3095023299405137, 'beta_3': 0.0038651567903357645, 'beta_4': 0.5625124268535174, 'beta_5': 1583.7079389695486, 'beta_6': 0.01472686560099936, 'beta_7': 0.029917190042016144, 'beta_8': 2.0675810808794136e-05, 'beta_9': 1.6715992167966278e-07}. Best is trial 459 with value: 2405.323170902653.
[I 2026-03-31 15:43:19,887] Trial 464 finished with value: 2626.0023607750554 and parameters: {'alpha_0': 0.0009020080162479939, 'alpha_1': 5.9750850232691796e-05, 'alpha_2': 0.00012452872424711584, 'beta_0': 0.16795694824049562, 'beta_1': 1.2247247285543457, 'beta_2': 0.3600816641311147, 'beta_3': 0.004424338566247925, 'beta_4': 0.5855127814337577, 'beta_5': 1472.7349605881004, 'beta_6': 0.01807488296709845, 'beta_7': 0.032649605021574477, 'beta_8': 2.2228619929066592e-05, 'beta_9': 1.3385226156872404e-07}. Best is trial 459 with value: 2405.323170902653.
