[I 2026-03-31 15:45:44,396] Trial 555 finished with value: 2650.832613648213 and parameters: {'alpha_0': 0.0010531585872674274, 'alpha_1': 5.444780631841736e-05, 'alpha_2': 0.00011326969591189055, 'beta_0': 0.18175696273986947, 'beta_1': 1.2293897347309037, 'beta_2': 0.3290677528646808, 'beta_3': 0.003922322440954426, 'beta_4': 0.5777436180153698, 'beta_5': 1822.1962945536518, 'beta_6': 0.023729030477507244, 'beta_7': 0.02977066206515705, 'beta_8': 1.602226283782889e-05, 'beta_9': 2.0939453682976244e-07}. Best is trial 537 with value: 2387.245732511589.Best trial: 537. Best value: 2387.25:  56%|█████▌    | 555/1000 [15:38<10:10,  1.37s/it]Best trial: 537. Best value: 2387.25:  56%|█████▌    | 555/1000 [15:38<10:10,  1.37s/it]Best trial: 537. Best value: 2387.25:  56%|█████▌    | 556/1000 [15:38<10:03,  1.36s/it]                                                                                        Best trial: 537. Best value: 2387.25:  56%|█████▌    | 556/1000 [15:39<10:03,  1.36s/it]Best trial: 537. Best value: 2387.25:  56%|█████▌    | 556/1000 [15:39<10:03,  1.36s/it]Best trial: 537. Best value: 2387.25:  56%|█████▌    | 557/1000 [15:39<10:02,  1.36s/it]                                                                                        Best trial: 537. Best value: 2387.25:  56%|█████▌    | 557/1000 [15:40<10:02,  1.36s/it]Best trial: 537. Best value: 2387.25:  56%|█████▌    | 557/1000 [15:41<10:02,  1.36s/it]Best trial: 537. Best value: 2387.25:  56%|█████▌    | 558/1000 [15:41<10:02,  1.36s/it]                                                                                        Best trial: 537. Best value: 2387.25:  56%|█████▌    | 558/1000 [15:42<10:02,  1.36s/it]Best trial: 537. Best value: 2387.25:  56%|█████▌    | 558/1000 [15:42<10:02,  1.36s/it]Best trial: 537. Best value: 2387.25:  56%|█████▌    | 559/1000 [15:42<09:58,  1.36s/it]                                                                                        Best trial: 537. Best value: 2387.25:  56%|█████▌    | 559/1000 [15:43<09:58,  1.36s/it]Best trial: 537. Best value: 2387.25:  56%|█████▌    | 559/1000 [15:43<09:58,  1.36s/it]Best trial: 537. Best value: 2387.25:  56%|█████▌    | 560/1000 [15:43<10:06,  1.38s/it]                                                                                        Best trial: 537. Best value: 2387.25:  56%|█████▌    | 560/1000 [15:45<10:06,  1.38s/it]Best trial: 537. Best value: 2387.25:  56%|█████▌    | 560/1000 [15:45<10:06,  1.38s/it]Best trial: 537. Best value: 2387.25:  56%|█████▌    | 561/1000 [15:45<10:09,  1.39s/it]                                                                                        Best trial: 537. Best value: 2387.25:  56%|█████▌    | 561/1000 [15:46<10:09,  1.39s/it]Best trial: 537. Best value: 2387.25:  56%|█████▌    | 561/1000 [15:46<10:09,  1.39s/it]Best trial: 537. Best value: 2387.25:  56%|█████▌    | 562/1000 [15:46<09:59,  1.37s/it]                                                                                        Best trial: 537. Best value: 2387.25:  56%|█████▌    | 562/1000 [15:47<09:59,  1.37s/it]Best trial: 537. Best value: 2387.25:  56%|█████▌    | 562/1000 [15:47<09:59,  1.37s/it]Best trial: 537. Best value: 2387.25:  56%|█████▋    | 563/1000 [15:47<09:52,  1.35s/it]                                                                                        Best trial: 537. Best value: 2387.25:  56%|█████▋    | 563/1000 [15:49<09:52,  1.35s/it]Best trial: 537. Best value: 2387.25:  56%|█████▋    | 563/1000 [15:49<09:52,  1.35s/it]Best trial: 537. Best value: 2387.25:  56%|█████▋    | 564/1000 [15:49<09:53,  1.36s/it]                                                                                        Best trial: 537. Best value: 2387.25:  56%|█████▋    | 564/1000 [15:50<09:53,  1.36s/it]Best trial: 537. Best value: 2387.25:  56%|█████▋    | 564/1000 [15:50<09:53,  1.36s/it]Best trial: 537. Best value: 2387.25:  56%|█████▋    | 565/1000 [15:50<09:56,  1.37s/it]                                                                                        Best trial: 537. Best value: 2387.25:  56%|█████▋    | 565/1000 [15:51<09:56,  1.37s/it]Best trial: 537. Best value: 2387.25:  56%|█████▋    | 565/1000 [15:52<09:56,  1.37s/it]Best trial: 537. Best value: 2387.25:  57%|█████▋    | 566/1000 [15:52<09:53,  1.37s/it]                                                                                        Best trial: 537. Best value: 2387.25:  57%|█████▋    | 566/1000 [15:53<09:53,  1.37s/it]Best trial: 537. Best value: 2387.25:  57%|█████▋    | 566/1000 [15:53<09:53,  1.37s/it]Best trial: 537. Best value: 2387.25:  57%|█████▋    | 567/1000 [15:53<09:55,  1.38s/it]                                                                                        Best trial: 537. Best value: 2387.25:  57%|█████▋    | 567/1000 [15:54<09:55,  1.38s/it]Best trial: 537. Best value: 2387.25:  57%|█████▋    | 567/1000 [15:54<09:55,  1.38s/it]Best trial: 537. Best value: 2387.25:  57%|█████▋    | 568/1000 [15:54<09:49,  1.37s/it]                                                                                        Best trial: 537. Best value: 2387.25:  57%|█████▋    | 568/1000 [15:56<09:49,  1.37s/it]Best trial: 537. Best value: 2387.25:  57%|█████▋    | 568/1000 [15:56<09:49,  1.37s/it]Best trial: 537. Best value: 2387.25:  57%|█████▋    | 569/1000 [15:56<09:44,  1.36s/it]                                                                                        Best trial: 537. Best value: 2387.25:  57%|█████▋    | 569/1000 [15:57<09:44,  1.36s/it]Best trial: 537. Best value: 2387.25:  57%|█████▋    | 569/1000 [15:57<09:44,  1.36s/it]Best trial: 537. Best value: 2387.25:  57%|█████▋    | 570/1000 [15:57<09:45,  1.36s/it]                                                                                        
[I 2026-03-31 15:45:45,759] Trial 556 finished with value: 2730.7793330992963 and parameters: {'alpha_0': 0.0009190652915436611, 'alpha_1': 5.665584667789345e-05, 'alpha_2': 0.0001174189024461353, 'beta_0': 0.16109856730234173, 'beta_1': 1.2378107726589926, 'beta_2': 0.2993726121986045, 'beta_3': 0.0035095814551795424, 'beta_4': 0.5429009264880094, 'beta_5': 1860.342973182064, 'beta_6': 0.014643600690442708, 'beta_7': 0.03060103435324459, 'beta_8': 1.1272432184423848e-05, 'beta_9': 2.2969368031315634e-07}. Best is trial 537 with value: 2387.245732511589.
[I 2026-03-31 15:45:47,130] Trial 557 finished with value: 2815.163417587679 and parameters: {'alpha_0': 0.0008426091236007098, 'alpha_1': 5.866090459619698e-05, 'alpha_2': 9.460406416748632e-05, 'beta_0': 0.2277614931058211, 'beta_1': 1.2252369337919071, 'beta_2': 0.36906208503646515, 'beta_3': 0.0037136810269460677, 'beta_4': 0.574108115996942, 'beta_5': 1243.459649632421, 'beta_6': 0.012625759364164112, 'beta_7': 0.03125821852534921, 'beta_8': 1.7393272303131525e-05, 'beta_9': 1.8479153872749465e-07}. Best is trial 537 with value: 2387.245732511589.
[I 2026-03-31 15:45:48,471] Trial 558 finished with value: 2508.620328396109 and parameters: {'alpha_0': 0.0011955702822060686, 'alpha_1': 5.403198621749782e-05, 'alpha_2': 0.00010973372803588859, 'beta_0': 0.1864490499263057, 'beta_1': 1.2235876576771776, 'beta_2': 0.3451501901250337, 'beta_3': 0.0036000197926819317, 'beta_4': 0.532782129196573, 'beta_5': 1786.0346854208312, 'beta_6': 0.016953918194697076, 'beta_7': 0.02984329513957485, 'beta_8': 1.0232231111310903e-05, 'beta_9': 2.7647908970276193e-07}. Best is trial 537 with value: 2387.245732511589.
[I 2026-03-31 15:45:49,892] Trial 559 finished with value: 2602.886827595692 and parameters: {'alpha_0': 0.0007237603345473867, 'alpha_1': 5.012713029983294e-05, 'alpha_2': 0.00011888592454734635, 'beta_0': 0.17564977371103788, 'beta_1': 1.2504783099285737, 'beta_2': 0.31520373952619624, 'beta_3': 0.003488086453512793, 'beta_4': 0.5567672723792194, 'beta_5': 1756.3543597818527, 'beta_6': 0.012416187225130208, 'beta_7': 0.02925968924781643, 'beta_8': 2.0529506750556383e-05, 'beta_9': 2.0186540350714313e-07}. Best is trial 537 with value: 2387.245732511589.
[I 2026-03-31 15:45:51,308] Trial 560 finished with value: 3199.853213775429 and parameters: {'alpha_0': 0.0009775199937626033, 'alpha_1': 6.250095679309415e-05, 'alpha_2': 0.00012068989579077238, 'beta_0': 0.19338908373630692, 'beta_1': 1.218983116638334, 'beta_2': 0.3344977754101787, 'beta_3': 0.0037533667596135866, 'beta_4': 0.5991922576261228, 'beta_5': 1862.444865703528, 'beta_6': 0.020166589643902368, 'beta_7': 0.030505464684136535, 'beta_8': 1.3777731792729262e-05, 'beta_9': 1.574607723642946e-07}. Best is trial 537 with value: 2387.245732511589.
[I 2026-03-31 15:45:52,634] Trial 561 finished with value: 2577.6037613605604 and parameters: {'alpha_0': 0.0006090293537066671, 'alpha_1': 5.46792193780104e-05, 'alpha_2': 0.00011367303324947074, 'beta_0': 0.16389711378777766, 'beta_1': 1.2652958821421816, 'beta_2': 0.3499895173922888, 'beta_3': 0.00107243095253165, 'beta_4': 0.5819999748217971, 'beta_5': 1909.2696540346742, 'beta_6': 0.01549701187092471, 'beta_7': 0.0374937696558218, 'beta_8': 1.9096740990235047e-05, 'beta_9': 1.3113806687825357e-07}. Best is trial 537 with value: 2387.245732511589.
[I 2026-03-31 15:45:53,955] Trial 562 finished with value: 2889.0720004780774 and parameters: {'alpha_0': 0.0005038502761900215, 'alpha_1': 5.923272610709432e-05, 'alpha_2': 0.00010547795928233717, 'beta_0': 0.18319412826228174, 'beta_1': 1.0968508429224655, 'beta_2': 0.3711903172808181, 'beta_3': 0.003970645459498865, 'beta_4': 0.5496968120706409, 'beta_5': 1853.295014679236, 'beta_6': 0.012445615776144576, 'beta_7': 0.032818428193917795, 'beta_8': 1.695331396074871e-05, 'beta_9': 1.808889615129204e-07}. Best is trial 537 with value: 2387.245732511589.
[I 2026-03-31 15:45:55,331] Trial 563 finished with value: 2579.1089140894646 and parameters: {'alpha_0': 0.0008120403696981395, 'alpha_1': 5.062122811386665e-05, 'alpha_2': 0.00011612174188311047, 'beta_0': 0.19902954856505958, 'beta_1': 1.2354018115533096, 'beta_2': 0.32318032693208826, 'beta_3': 0.003377902826162883, 'beta_4': 0.567418933506474, 'beta_5': 1932.2784558359906, 'beta_6': 0.017842478439271114, 'beta_7': 0.02998707104199661, 'beta_8': 2.0289802587220972e-05, 'beta_9': 2.4906067326563545e-07}. Best is trial 537 with value: 2387.245732511589.
[I 2026-03-31 15:45:56,721] Trial 564 finished with value: 3540.826360841019 and parameters: {'alpha_0': 0.002846186999511495, 'alpha_1': 6.286267646186848e-05, 'alpha_2': 0.0001207296287233837, 'beta_0': 0.17952068454071354, 'beta_1': 1.2144251467777838, 'beta_2': 0.4035910233603628, 'beta_3': 0.003835121234332973, 'beta_4': 0.4139980705250094, 'beta_5': 1737.2136352068546, 'beta_6': 0.02144789381187482, 'beta_7': 0.028492552386652464, 'beta_8': 2.284015641488095e-05, 'beta_9': 1.5517399800262384e-06}. Best is trial 537 with value: 2387.245732511589.
[I 2026-03-31 15:45:58,085] Trial 565 finished with value: 2660.9140823488215 and parameters: {'alpha_0': 0.0008975801988250787, 'alpha_1': 5.022401412684799e-05, 'alpha_2': 9.803610677144342e-05, 'beta_0': 0.1892235791402988, 'beta_1': 1.2352481447837356, 'beta_2': 0.3601986976681004, 'beta_3': 0.003647908703211332, 'beta_4': 0.6985025394171697, 'beta_5': 1887.0589858353671, 'beta_6': 0.016199925521073348, 'beta_7': 0.03169575608385844, 'beta_8': 1.5086811497548986e-05, 'beta_9': 1.3489304607712536e-07}. Best is trial 537 with value: 2387.245732511589.
[I 2026-03-31 15:45:59,483] Trial 566 finished with value: 2793.2159957999993 and parameters: {'alpha_0': 0.0007119497913050732, 'alpha_1': 5.644961332433632e-05, 'alpha_2': 0.00011092483245419616, 'beta_0': 0.17467156012542298, 'beta_1': 1.2080653739998897, 'beta_2': 0.39150003497340946, 'beta_3': 0.0034423532747598646, 'beta_4': 0.59584731885716, 'beta_5': 1799.4070800220572, 'beta_6': 0.09997632054053068, 'beta_7': 0.029193795883293235, 'beta_8': 1.2600462019815668e-05, 'beta_9': 2.1076045730047753e-07}. Best is trial 537 with value: 2387.245732511589.
[I 2026-03-31 15:46:00,822] Trial 567 finished with value: 3908.044891080095 and parameters: {'alpha_0': 0.0008031866167392647, 'alpha_1': 6.543766336218615e-05, 'alpha_2': 4.3735089019146865e-05, 'beta_0': 0.16749844949197956, 'beta_1': 1.2445468691831834, 'beta_2': 0.33381716706349845, 'beta_3': 0.0035640639229012807, 'beta_4': 0.6093805928298681, 'beta_5': 1953.4401584708667, 'beta_6': 0.01005530228004169, 'beta_7': 0.030680782336756515, 'beta_8': 1.0085402869417579e-05, 'beta_9': 1.0103984160362869e-07}. Best is trial 537 with value: 2387.245732511589.
[I 2026-03-31 15:46:02,157] Trial 568 finished with value: 2501.3975231929244 and parameters: {'alpha_0': 0.0010786872058618756, 'alpha_1': 5.801418565819786e-05, 'alpha_2': 0.0001254498082734855, 'beta_0': 0.16147845702681288, 'beta_1': 1.2252530094912972, 'beta_2': 0.30291949194594087, 'beta_3': 0.003268891860206475, 'beta_4': 0.5837483807814299, 'beta_5': 1849.826436677137, 'beta_6': 0.014117368861958404, 'beta_7': 0.029922329967164263, 'beta_8': 1.7633945317560045e-05, 'beta_9': 1.6642818843956273e-07}. Best is trial 537 with value: 2387.245732511589.
[I 2026-03-31 15:46:03,526] Trial 569 finished with value: 2671.843134917276 and parameters: {'alpha_0': 0.0006297991801064724, 'alpha_1': 7.069594864733596e-05, 'alpha_2': 0.00012113631407627619, 'beta_0': 0.17919848921019918, 'beta_1': 1.2696166139580143, 'beta_2': 0.34125162605425413, 'beta_3': 0.0038023653511319983, 'beta_4': 0.5276179703175464, 'beta_5': 1907.8116968909358, 'beta_6': 0.024440366829936694, 'beta_7': 0.02892362419433835, 'beta_8': 2.217985053536818e-05, 'beta_9': 3.203566461136049e-07}. Best is trial 537 with value: 2387.245732511589.
[I 2026-03-31 15:46:04,916] Trial 570 finished with value: 2719.740420003186 and parameters: {'alpha_0': 0.0009622524937633114, 'alpha_1': 5.0033925063948755e-05, 'alpha_2': 0.0001166484218301551, 'beta_0': 0.1711982294741362, 'beta_1': 1.204305148263724, 'beta_2': 0.35336919638535974, 'beta_3': 0.0036534130002744253, 'beta_4': 0.5673626687841332, 'beta_5': 1965.4099312991461, 'beta_6': 0.01266454313380587, 'beta_7': 0.031105747019950253, 'beta_8': 1.954377694660762e-05, 'beta_9': 1.5912563481854163e-07}. Best is trial 537 with value: 2387.245732511589.Best trial: 537. Best value: 2387.25:  57%|█████▋    | 570/1000 [15:58<09:45,  1.36s/it]Best trial: 537. Best value: 2387.25:  57%|█████▋    | 570/1000 [15:58<09:45,  1.36s/it]Best trial: 537. Best value: 2387.25:  57%|█████▋    | 571/1000 [15:58<09:47,  1.37s/it]                                                                                        Best trial: 537. Best value: 2387.25:  57%|█████▋    | 571/1000 [16:00<09:47,  1.37s/it]Best trial: 537. Best value: 2387.25:  57%|█████▋    | 571/1000 [16:00<09:47,  1.37s/it]Best trial: 537. Best value: 2387.25:  57%|█████▋    | 572/1000 [16:00<09:45,  1.37s/it]                                                                                        Best trial: 537. Best value: 2387.25:  57%|█████▋    | 572/1000 [16:01<09:45,  1.37s/it]Best trial: 537. Best value: 2387.25:  57%|█████▋    | 572/1000 [16:01<09:45,  1.37s/it]Best trial: 537. Best value: 2387.25:  57%|█████▋    | 573/1000 [16:01<10:03,  1.41s/it]                                                                                        Best trial: 537. Best value: 2387.25:  57%|█████▋    | 573/1000 [16:02<10:03,  1.41s/it]Best trial: 537. Best value: 2387.25:  57%|█████▋    | 573/1000 [16:03<10:03,  1.41s/it]Best trial: 537. Best value: 2387.25:  57%|█████▋    | 574/1000 [16:03<09:51,  1.39s/it]                                                                                        Best trial: 537. Best value: 2387.25:  57%|█████▋    | 574/1000 [16:04<09:51,  1.39s/it]Best trial: 537. Best value: 2387.25:  57%|█████▋    | 574/1000 [16:04<09:51,  1.39s/it]Best trial: 537. Best value: 2387.25:  57%|█████▊    | 575/1000 [16:04<09:44,  1.38s/it]                                                                                        Best trial: 537. Best value: 2387.25:  57%|█████▊    | 575/1000 [16:05<09:44,  1.38s/it]Best trial: 537. Best value: 2387.25:  57%|█████▊    | 575/1000 [16:05<09:44,  1.38s/it]Best trial: 537. Best value: 2387.25:  58%|█████▊    | 576/1000 [16:05<09:44,  1.38s/it]                                                                                        Best trial: 537. Best value: 2387.25:  58%|█████▊    | 576/1000 [16:07<09:44,  1.38s/it]Best trial: 537. Best value: 2387.25:  58%|█████▊    | 576/1000 [16:07<09:44,  1.38s/it]Best trial: 537. Best value: 2387.25:  58%|█████▊    | 577/1000 [16:07<09:41,  1.37s/it]                                                                                        Best trial: 537. Best value: 2387.25:  58%|█████▊    | 577/1000 [16:08<09:41,  1.37s/it]Best trial: 537. Best value: 2387.25:  58%|█████▊    | 577/1000 [16:08<09:41,  1.37s/it]Best trial: 537. Best value: 2387.25:  58%|█████▊    | 578/1000 [16:08<09:38,  1.37s/it]                                                                                        Best trial: 537. Best value: 2387.25:  58%|█████▊    | 578/1000 [16:09<09:38,  1.37s/it]Best trial: 537. Best value: 2387.25:  58%|█████▊    | 578/1000 [16:09<09:38,  1.37s/it]Best trial: 537. Best value: 2387.25:  58%|█████▊    | 579/1000 [16:09<09:33,  1.36s/it]                                                                                        Best trial: 537. Best value: 2387.25:  58%|█████▊    | 579/1000 [16:11<09:33,  1.36s/it]Best trial: 537. Best value: 2387.25:  58%|█████▊    | 579/1000 [16:11<09:33,  1.36s/it]Best trial: 537. Best value: 2387.25:  58%|█████▊    | 580/1000 [16:11<09:45,  1.39s/it]                                                                                        Best trial: 537. Best value: 2387.25:  58%|█████▊    | 580/1000 [16:12<09:45,  1.39s/it]Best trial: 537. Best value: 2387.25:  58%|█████▊    | 580/1000 [16:12<09:45,  1.39s/it]Best trial: 537. Best value: 2387.25:  58%|█████▊    | 581/1000 [16:12<09:41,  1.39s/it]                                                                                        Best trial: 537. Best value: 2387.25:  58%|█████▊    | 581/1000 [16:14<09:41,  1.39s/it]Best trial: 537. Best value: 2387.25:  58%|█████▊    | 581/1000 [16:14<09:41,  1.39s/it]Best trial: 537. Best value: 2387.25:  58%|█████▊    | 582/1000 [16:14<09:42,  1.39s/it]                                                                                        Best trial: 537. Best value: 2387.25:  58%|█████▊    | 582/1000 [16:15<09:42,  1.39s/it]Best trial: 537. Best value: 2387.25:  58%|█████▊    | 582/1000 [16:15<09:42,  1.39s/it]Best trial: 537. Best value: 2387.25:  58%|█████▊    | 583/1000 [16:15<09:37,  1.39s/it]                                                                                        Best trial: 537. Best value: 2387.25:  58%|█████▊    | 583/1000 [16:16<09:37,  1.39s/it]Best trial: 537. Best value: 2387.25:  58%|█████▊    | 583/1000 [16:16<09:37,  1.39s/it]Best trial: 537. Best value: 2387.25:  58%|█████▊    | 584/1000 [16:16<09:29,  1.37s/it]                                                                                        Best trial: 537. Best value: 2387.25:  58%|█████▊    | 584/1000 [16:18<09:29,  1.37s/it]Best trial: 537. Best value: 2387.25:  58%|█████▊    | 584/1000 [16:18<09:29,  1.37s/it]Best trial: 537. Best value: 2387.25:  58%|█████▊    | 585/1000 [16:18<09:25,  1.36s/it]                                                                                        
[I 2026-03-31 15:46:06,284] Trial 571 finished with value: 2698.04969701761 and parameters: {'alpha_0': 0.0007398898204092469, 'alpha_1': 6.133429403478099e-05, 'alpha_2': 0.00012456863402098903, 'beta_0': 0.19649333949551245, 'beta_1': 1.2167554973769104, 'beta_2': 0.3801202395880963, 'beta_3': 0.0038978275092133993, 'beta_4': 0.6214218747595773, 'beta_5': 1886.2874554875912, 'beta_6': 0.01905293415902113, 'beta_7': 0.028024041606030916, 'beta_8': 2.147731756571126e-05, 'beta_9': 2.339326887743126e-07}. Best is trial 537 with value: 2387.245732511589.
[I 2026-03-31 15:46:07,800] Trial 572 finished with value: 2929.774756110286 and parameters: {'alpha_0': 0.0008351807841117059, 'alpha_1': 5.4851271207712565e-05, 'alpha_2': 0.00010513932793079989, 'beta_0': 0.16658453955302688, 'beta_1': 1.1323285875468865, 'beta_2': 0.31779967373044493, 'beta_3': 0.004198510730580933, 'beta_4': 0.5439278503944528, 'beta_5': 1660.6907177502676, 'beta_6': 0.015555657300171706, 'beta_7': 0.025686202335720436, 'beta_8': 1.5963077950529155e-05, 'beta_9': 1.0018229438160226e-07}. Best is trial 537 with value: 2387.245732511589.
[I 2026-03-31 15:46:09,128] Trial 573 finished with value: 2575.9372230525587 and parameters: {'alpha_0': 0.000885121250853606, 'alpha_1': 6.25918573529542e-05, 'alpha_2': 0.00011358055478675624, 'beta_0': 0.18502558272167074, 'beta_1': 1.2542001679193822, 'beta_2': 0.3280736323875163, 'beta_3': 0.003481275518839886, 'beta_4': 0.5920189503962728, 'beta_5': 1817.7053499672168, 'beta_6': 0.010083994903019856, 'beta_7': 0.029616393935777648, 'beta_8': 1.3683253768929267e-05, 'beta_9': 1.9018654698681925e-07}. Best is trial 537 with value: 2387.245732511589.
[I 2026-03-31 15:46:10,476] Trial 574 finished with value: 2832.7395486717214 and parameters: {'alpha_0': 0.0006814727966804106, 'alpha_1': 5.708107822986469e-05, 'alpha_2': 0.0001282846119235579, 'beta_0': 0.26467129760162666, 'beta_1': 1.2298900753311877, 'beta_2': 0.36552944689505273, 'beta_3': 0.0031459926256154087, 'beta_4': 0.562639898434823, 'beta_5': 1999.0655386441565, 'beta_6': 0.017620913968968394, 'beta_7': 0.03032234882084893, 'beta_8': 1.8847951002986342e-05, 'beta_9': 5.143780289881576e-07}. Best is trial 537 with value: 2387.245732511589.
