[I 2026-03-31 15:38:09,460] Trial 260 finished with value: 3287.725536732203 and parameters: {'alpha_0': 0.004585184871150401, 'alpha_1': 7.122968026072301e-05, 'alpha_2': 0.00011855230421334503, 'beta_0': 0.16402346068173304, 'beta_1': 1.0534854463654257, 'beta_2': 0.035320423690111416, 'beta_3': 0.0007977359967886563, 'beta_4': 0.4711437125316163, 'beta_5': 543.0825703672461, 'beta_6': 0.017836410636452624, 'beta_7': 0.02867210557323272, 'beta_8': 2.124800683850641e-05, 'beta_9': 1.5707583857003993e-07}. Best is trial 214 with value: 2441.777350257716.
[I 2026-03-31 15:38:10,787] Trial 261 finished with value: 3671.049649496702 and parameters: {'alpha_0': 0.004197974263943406, 'alpha_1': 7.886910114279445e-05, 'alpha_2': 0.0001355521903981273, 'beta_0': 0.15987506388155412, 'beta_1': 1.03107789478499, 'beta_2': 0.16233868051107725, 'beta_3': 0.002448911941446706, 'beta_4': 0.5447039874458938, 'beta_5': 404.4173281864742, 'beta_6': 0.014911791266095212, 'beta_7': 0.030204282021280386, 'beta_8': 9.27660946429465e-05, 'beta_9': 1.606568653799872e-06}. Best is trial 214 with value: 2441.777350257716.
[I 2026-03-31 15:38:12,125] Trial 262 finished with value: 2725.390412789126 and parameters: {'alpha_0': 0.004543207881007179, 'alpha_1': 5.5094214246848464e-05, 'alpha_2': 0.00014755331018014592, 'beta_0': 0.15467306896643984, 'beta_1': 1.067577137465653, 'beta_2': 0.35007637093018745, 'beta_3': 0.0028005968230851363, 'beta_4': 0.5297253505801466, 'beta_5': 512.6662590001249, 'beta_6': 0.11733023106840873, 'beta_7': 0.02961146600648108, 'beta_8': 9.671795049148691e-05, 'beta_9': 1.0135403383275291e-07}. Best is trial 214 with value: 2441.777350257716.
[I 2026-03-31 15:38:13,485] Trial 263 finished with value: 2580.9917919373347 and parameters: {'alpha_0': 0.0048360663368731596, 'alpha_1': 6.25766201796711e-05, 'alpha_2': 0.000130845400389211, 'beta_0': 0.15159812566735456, 'beta_1': 1.0838133008930455, 'beta_2': 0.3395771125661853, 'beta_3': 0.001663776752026775, 'beta_4': 0.5203546896712716, 'beta_5': 584.6754765497597, 'beta_6': 0.021080570165110155, 'beta_7': 0.03083351939781543, 'beta_8': 6.909841247160647e-05, 'beta_9': 2.478313317506718e-07}. Best is trial 214 with value: 2441.777350257716.
[I 2026-03-31 15:38:14,869] Trial 264 finished with value: 2622.055549293141 and parameters: {'alpha_0': 0.0043992559820784935, 'alpha_1': 7.363389286165896e-05, 'alpha_2': 0.00012116743597474978, 'beta_0': 0.1740437700289094, 'beta_1': 1.2346430168375753, 'beta_2': 0.09145343102712804, 'beta_3': 0.002956550928098894, 'beta_4': 0.5007287253600883, 'beta_5': 346.7610563795018, 'beta_6': 0.012355699390407402, 'beta_7': 0.02818111076724823, 'beta_8': 8.632575706557416e-05, 'beta_9': 1.8643330229699847e-07}. Best is trial 214 with value: 2441.777350257716.
[I 2026-03-31 15:38:16,155] Trial 265 finished with value: 2790.978756181891 and parameters: {'alpha_0': 0.004275992485767548, 'alpha_1': 0.0001033492782142213, 'alpha_2': 0.00011448281467776547, 'beta_0': 0.16510213443822755, 'beta_1': 1.1294301955886359, 'beta_2': 0.12769872876161273, 'beta_3': 0.0031459173765035296, 'beta_4': 0.5077535194527555, 'beta_5': 444.1438139399016, 'beta_6': 0.016581794971185095, 'beta_7': 0.028971508726661807, 'beta_8': 9.170015674743745e-05, 'beta_9': 1.6213286810375175e-07}. Best is trial 214 with value: 2441.777350257716.
[I 2026-03-31 15:38:17,442] Trial 266 finished with value: 2571.6677424755962 and parameters: {'alpha_0': 0.0007844606288608508, 'alpha_1': 6.637403037106342e-05, 'alpha_2': 0.00012588350923015427, 'beta_0': 0.1587922386712985, 'beta_1': 1.2640574867413794, 'beta_2': 0.14272626017099788, 'beta_3': 0.003077028460806361, 'beta_4': 0.4888347280363466, 'beta_5': 478.5450577445547, 'beta_6': 0.01271373917618173, 'beta_7': 0.0299417842791583, 'beta_8': 8.04106119919925e-05, 'beta_9': 2.3235818794427539e-07}. Best is trial 214 with value: 2441.777350257716.
[I 2026-03-31 15:38:18,771] Trial 267 finished with value: 2689.4491442549624 and parameters: {'alpha_0': 0.004341713587021687, 'alpha_1': 5.5647986280679256e-05, 'alpha_2': 0.0001201871848598875, 'beta_0': 0.16160395715581985, 'beta_1': 1.1811774386282856, 'beta_2': 0.3217843393917022, 'beta_3': 0.0028959307415930974, 'beta_4': 0.5469813512425847, 'beta_5': 294.74474027257656, 'beta_6': 0.018889224193657055, 'beta_7': 0.03137695829865819, 'beta_8': 8.766035054467103e-05, 'beta_9': 1.4164333677856017e-07}. Best is trial 214 with value: 2441.777350257716.
[I 2026-03-31 15:38:20,049] Trial 268 finished with value: 2664.20266101588 and parameters: {'alpha_0': 0.0040608056023349205, 'alpha_1': 8.120412709135108e-05, 'alpha_2': 0.00011542793327273242, 'beta_0': 0.1711993776823265, 'beta_1': 1.2240701300644448, 'beta_2': 0.10480597702159777, 'beta_3': 0.003311710482603394, 'beta_4': 0.5312009316620371, 'beta_5': 375.41620381272594, 'beta_6': 0.01545453876135736, 'beta_7': 0.030382212628210135, 'beta_8': 8.973338140717649e-05, 'beta_9': 1.9822065436681572e-07}. Best is trial 214 with value: 2441.777350257716.
[I 2026-03-31 15:38:21,339] Trial 269 finished with value: 2667.198473762879 and parameters: {'alpha_0': 0.004955800961295023, 'alpha_1': 5.9211406904232794e-05, 'alpha_2': 0.00012515671488239503, 'beta_0': 0.15680900415478977, 'beta_1': 1.139452246999665, 'beta_2': 0.05313885689500527, 'beta_3': 0.0027438115621629443, 'beta_4': 0.5160538172679533, 'beta_5': 544.3441072296717, 'beta_6': 0.023273208191102956, 'beta_7': 0.029473710679892358, 'beta_8': 6.210166366437807e-05, 'beta_9': 1.3313915234576958e-07}. Best is trial 214 with value: 2441.777350257716.
[I 2026-03-31 15:38:22,907] Trial 270 finished with value: 3728.468829401707 and parameters: {'alpha_0': 0.0007607551172775887, 'alpha_1': 6.78367013838137e-05, 'alpha_2': 0.00014025325449766528, 'beta_0': 0.1633539918964265, 'beta_1': 1.2377518432503636, 'beta_2': 0.07466390945767533, 'beta_3': 0.002526939529441619, 'beta_4': 0.5687410001555401, 'beta_5': 642.8620358434716, 'beta_6': 0.1260958473634443, 'beta_7': 0.026906369190989973, 'beta_8': 7.297025693137728e-05, 'beta_9': 1.7695316563229858e-07}. Best is trial 214 with value: 2441.777350257716.Best trial: 214. Best value: 2441.78:  27%|██▋       | 270/1000 [08:16<16:47,  1.38s/it]Best trial: 214. Best value: 2441.78:  27%|██▋       | 270/1000 [08:16<16:47,  1.38s/it]Best trial: 214. Best value: 2441.78:  27%|██▋       | 271/1000 [08:16<17:26,  1.44s/it]                                                                                        Best trial: 214. Best value: 2441.78:  27%|██▋       | 271/1000 [08:18<17:26,  1.44s/it]Best trial: 214. Best value: 2441.78:  27%|██▋       | 271/1000 [08:18<17:26,  1.44s/it]Best trial: 214. Best value: 2441.78:  27%|██▋       | 272/1000 [08:18<17:08,  1.41s/it]                                                                                        Best trial: 214. Best value: 2441.78:  27%|██▋       | 272/1000 [08:19<17:08,  1.41s/it]Best trial: 214. Best value: 2441.78:  27%|██▋       | 272/1000 [08:19<17:08,  1.41s/it]Best trial: 214. Best value: 2441.78:  27%|██▋       | 273/1000 [08:19<17:22,  1.43s/it]                                                                                        Best trial: 214. Best value: 2441.78:  27%|██▋       | 273/1000 [08:21<17:22,  1.43s/it]Best trial: 214. Best value: 2441.78:  27%|██▋       | 273/1000 [08:21<17:22,  1.43s/it]Best trial: 214. Best value: 2441.78:  27%|██▋       | 274/1000 [08:21<17:36,  1.46s/it]                                                                                        Best trial: 214. Best value: 2441.78:  27%|██▋       | 274/1000 [08:22<17:36,  1.46s/it]Best trial: 214. Best value: 2441.78:  27%|██▋       | 274/1000 [08:22<17:36,  1.46s/it]Best trial: 214. Best value: 2441.78:  28%|██▊       | 275/1000 [08:22<17:02,  1.41s/it]                                                                                        Best trial: 214. Best value: 2441.78:  28%|██▊       | 275/1000 [08:23<17:02,  1.41s/it]Best trial: 214. Best value: 2441.78:  28%|██▊       | 275/1000 [08:23<17:02,  1.41s/it]Best trial: 214. Best value: 2441.78:  28%|██▊       | 276/1000 [08:23<16:38,  1.38s/it]                                                                                        Best trial: 214. Best value: 2441.78:  28%|██▊       | 276/1000 [08:25<16:38,  1.38s/it]Best trial: 214. Best value: 2441.78:  28%|██▊       | 276/1000 [08:25<16:38,  1.38s/it]Best trial: 214. Best value: 2441.78:  28%|██▊       | 277/1000 [08:25<16:59,  1.41s/it]                                                                                        Best trial: 214. Best value: 2441.78:  28%|██▊       | 277/1000 [08:26<16:59,  1.41s/it]Best trial: 277. Best value: 2419.11:  28%|██▊       | 277/1000 [08:26<16:59,  1.41s/it]Best trial: 277. Best value: 2419.11:  28%|██▊       | 278/1000 [08:26<16:33,  1.38s/it]                                                                                        Best trial: 277. Best value: 2419.11:  28%|██▊       | 278/1000 [08:27<16:33,  1.38s/it]Best trial: 277. Best value: 2419.11:  28%|██▊       | 278/1000 [08:27<16:33,  1.38s/it]Best trial: 277. Best value: 2419.11:  28%|██▊       | 279/1000 [08:27<16:13,  1.35s/it]                                                                                        Best trial: 277. Best value: 2419.11:  28%|██▊       | 279/1000 [08:29<16:13,  1.35s/it]Best trial: 277. Best value: 2419.11:  28%|██▊       | 279/1000 [08:29<16:13,  1.35s/it]Best trial: 277. Best value: 2419.11:  28%|██▊       | 280/1000 [08:29<16:12,  1.35s/it]                                                                                        Best trial: 277. Best value: 2419.11:  28%|██▊       | 280/1000 [08:30<16:12,  1.35s/it]Best trial: 277. Best value: 2419.11:  28%|██▊       | 280/1000 [08:30<16:12,  1.35s/it]Best trial: 277. Best value: 2419.11:  28%|██▊       | 281/1000 [08:30<16:04,  1.34s/it]                                                                                        Best trial: 277. Best value: 2419.11:  28%|██▊       | 281/1000 [08:31<16:04,  1.34s/it]Best trial: 277. Best value: 2419.11:  28%|██▊       | 281/1000 [08:31<16:04,  1.34s/it]Best trial: 277. Best value: 2419.11:  28%|██▊       | 282/1000 [08:31<16:04,  1.34s/it]                                                                                        Best trial: 277. Best value: 2419.11:  28%|██▊       | 282/1000 [08:33<16:04,  1.34s/it]Best trial: 277. Best value: 2419.11:  28%|██▊       | 282/1000 [08:33<16:04,  1.34s/it]Best trial: 277. Best value: 2419.11:  28%|██▊       | 283/1000 [08:33<16:02,  1.34s/it]                                                                                        Best trial: 277. Best value: 2419.11:  28%|██▊       | 283/1000 [08:34<16:02,  1.34s/it]Best trial: 277. Best value: 2419.11:  28%|██▊       | 283/1000 [08:34<16:02,  1.34s/it]Best trial: 277. Best value: 2419.11:  28%|██▊       | 284/1000 [08:34<16:00,  1.34s/it]                                                                                        Best trial: 277. Best value: 2419.11:  28%|██▊       | 284/1000 [08:35<16:00,  1.34s/it]Best trial: 277. Best value: 2419.11:  28%|██▊       | 284/1000 [08:35<16:00,  1.34s/it]Best trial: 277. Best value: 2419.11:  28%|██▊       | 285/1000 [08:35<16:00,  1.34s/it]                                                                                        
[I 2026-03-31 15:38:24,266] Trial 271 finished with value: 2471.4173349253288 and parameters: {'alpha_0': 0.004679877877720265, 'alpha_1': 5.4224994391450944e-05, 'alpha_2': 0.0001039937593726689, 'beta_0': 0.20202137179849364, 'beta_1': 1.2489989456565787, 'beta_2': 0.3111415828843662, 'beta_3': 0.003001339906643049, 'beta_4': 0.5902175616849547, 'beta_5': 495.44170510423527, 'beta_6': 0.010093280963302862, 'beta_7': 0.028717005961782418, 'beta_8': 4.011396312313251e-05, 'beta_9': 1.0004786979133209e-07}. Best is trial 214 with value: 2441.777350257716.
[I 2026-03-31 15:38:25,746] Trial 272 finished with value: 2624.41238573585 and parameters: {'alpha_0': 0.004689637614536602, 'alpha_1': 5.427475763130944e-05, 'alpha_2': 0.00010095528936801571, 'beta_0': 0.20217870073090868, 'beta_1': 1.2562042272701512, 'beta_2': 0.31330691013038164, 'beta_3': 0.0028244673768151483, 'beta_4': 0.5845728505829312, 'beta_5': 509.29660245852483, 'beta_6': 0.010053542637692182, 'beta_7': 0.028508364451968197, 'beta_8': 3.8905127279384834e-05, 'beta_9': 1.016888592862996e-07}. Best is trial 214 with value: 2441.777350257716.
[I 2026-03-31 15:38:27,252] Trial 273 finished with value: 2917.5029015155615 and parameters: {'alpha_0': 0.0046604447833706805, 'alpha_1': 5.0294314426101024e-05, 'alpha_2': 0.00010722290927078473, 'beta_0': 0.19691869046278673, 'beta_1': 1.273143911992246, 'beta_2': 0.32954606652016216, 'beta_3': 0.0029430011149758997, 'beta_4': 0.5489667023135133, 'beta_5': 581.040309520479, 'beta_6': 0.010081434493630264, 'beta_7': 0.027622845115585406, 'beta_8': 2.5524230577838732e-05, 'beta_9': 2.4135784026127084e-07}. Best is trial 214 with value: 2441.777350257716.
[I 2026-03-31 15:38:28,553] Trial 274 finished with value: 2665.094912694338 and parameters: {'alpha_0': 0.004787685462689785, 'alpha_1': 5.946918314791915e-05, 'alpha_2': 0.00011267029470838942, 'beta_0': 0.2025403718405339, 'beta_1': 1.2451372178528657, 'beta_2': 0.30411315083604573, 'beta_3': 0.0030025494563694914, 'beta_4': 0.5910987850092944, 'beta_5': 467.24433066897825, 'beta_6': 0.015012225464164678, 'beta_7': 0.028869633561609633, 'beta_8': 9.463528518136278e-05, 'beta_9': 1.9874805266015125e-07}. Best is trial 214 with value: 2441.777350257716.
[I 2026-03-31 15:38:29,863] Trial 275 finished with value: 2657.1280127224845 and parameters: {'alpha_0': 0.004518515649529271, 'alpha_1': 0.00016352512427367612, 'alpha_2': 0.0001028228080183202, 'beta_0': 0.20982836776769168, 'beta_1': 1.1593983435170288, 'beta_2': 0.36147676573176285, 'beta_3': 0.0026166261226550414, 'beta_4': 0.5672396269344447, 'beta_5': 701.008109926139, 'beta_6': 0.01824468882887064, 'beta_7': 0.030639977924684498, 'beta_8': 9.967434323442089e-05, 'beta_9': 1.6355777183410376e-07}. Best is trial 214 with value: 2441.777350257716.
[I 2026-03-31 15:38:31,345] Trial 276 finished with value: 2731.4886818023724 and parameters: {'alpha_0': 0.004596814359861974, 'alpha_1': 5.434730171225483e-05, 'alpha_2': 0.00011740452127548835, 'beta_0': 0.179253421386431, 'beta_1': 1.2491422942920765, 'beta_2': 0.3063931372840837, 'beta_3': 0.00324412171412109, 'beta_4': 0.4749949201733649, 'beta_5': 511.0710200375985, 'beta_6': 0.01255063121513256, 'beta_7': 0.028056422834019195, 'beta_8': 4.378370182214213e-05, 'beta_9': 2.308234771194e-07}. Best is trial 214 with value: 2441.777350257716.
[I 2026-03-31 15:38:32,644] Trial 277 finished with value: 2419.109288143763 and parameters: {'alpha_0': 0.0008259827253848844, 'alpha_1': 6.185259252085587e-05, 'alpha_2': 0.00012028060421079828, 'beta_0': 0.16637296506154625, 'beta_1': 1.0960985309018274, 'beta_2': 0.3351996681872081, 'beta_3': 0.003406102715524405, 'beta_4': 0.537853439092786, 'beta_5': 1989.6325633976453, 'beta_6': 0.015333965627227036, 'beta_7': 0.030060064723415183, 'beta_8': 1.7495435239884512e-05, 'beta_9': 1.3016004286439012e-07}. Best is trial 277 with value: 2419.109288143763.
[I 2026-03-31 15:38:33,932] Trial 278 finished with value: 2612.6033650371055 and parameters: {'alpha_0': 0.0035750093135163445, 'alpha_1': 6.4452686251083e-05, 'alpha_2': 0.00010585430995259193, 'beta_0': 0.16890830023533357, 'beta_1': 1.0946143099702283, 'beta_2': 0.3382721480293663, 'beta_3': 0.003477224545945432, 'beta_4': 0.5385082849718995, 'beta_5': 432.8757507971973, 'beta_6': 0.02040685698902397, 'beta_7': 0.030177840083476987, 'beta_8': 1.9799124126973045e-05, 'beta_9': 1.2742780943271183e-07}. Best is trial 277 with value: 2419.109288143763.
[I 2026-03-31 15:38:35,281] Trial 279 finished with value: 2706.661067066623 and parameters: {'alpha_0': 0.0009224659775188124, 'alpha_1': 6.05098955943394e-05, 'alpha_2': 0.00011200008887592828, 'beta_0': 0.17412432858691232, 'beta_1': 1.1102844260847218, 'beta_2': 0.27910639139338883, 'beta_3': 0.003586567289462404, 'beta_4': 0.5546357448751545, 'beta_5': 1925.8274529968985, 'beta_6': 0.01645947185771294, 'beta_7': 0.031002842969336218, 'beta_8': 1.4485851215407894e-05, 'beta_9': 1.0503009410830831e-07}. Best is trial 277 with value: 2419.109288143763.
[I 2026-03-31 15:38:36,602] Trial 280 finished with value: 2454.3660889346256 and parameters: {'alpha_0': 0.0009898750890838053, 'alpha_1': 7.112667346261483e-05, 'alpha_2': 0.0001202683182001669, 'beta_0': 0.16756675235314028, 'beta_1': 1.1205638252423702, 'beta_2': 0.3192200966275083, 'beta_3': 0.0033940911029395125, 'beta_4': 0.5786321844804588, 'beta_5': 1694.0135460866031, 'beta_6': 0.010088608868816034, 'beta_7': 0.029913859422957753, 'beta_8': 8.752031274723203e-05, 'beta_9': 1.50642813064292e-07}. Best is trial 277 with value: 2419.109288143763.
[I 2026-03-31 15:38:37,950] Trial 281 finished with value: 2711.4414503451226 and parameters: {'alpha_0': 0.000945689782684939, 'alpha_1': 6.943869433131104e-05, 'alpha_2': 0.00011675391506567788, 'beta_0': 0.26123854027800386, 'beta_1': 1.1283903927845962, 'beta_2': 0.3191073707496155, 'beta_3': 0.0033267473602441246, 'beta_4': 0.5859226683679843, 'beta_5': 1755.3341490394148, 'beta_6': 0.015060785037191857, 'beta_7': 0.03173082294968795, 'beta_8': 8.743777986916746e-05, 'beta_9': 1.3911222927258925e-07}. Best is trial 277 with value: 2419.109288143763.
[I 2026-03-31 15:38:39,290] Trial 282 finished with value: 2486.305387988122 and parameters: {'alpha_0': 0.0010666442692804634, 'alpha_1': 7.231210231295805e-05, 'alpha_2': 4.784712585593512e-05, 'beta_0': 0.16645257872059374, 'beta_1': 1.1193159657616352, 'beta_2': 0.34376835226773667, 'beta_3': 0.003417298707728635, 'beta_4': 0.5713466541222451, 'beta_5': 1634.1631121508128, 'beta_6': 0.010391443351445706, 'beta_7': 0.030058893745085687, 'beta_8': 8.967787956826519e-05, 'beta_9': 1.0101585135372645e-07}. Best is trial 277 with value: 2419.109288143763.
[I 2026-03-31 15:38:40,631] Trial 283 finished with value: 2619.2074318907357 and parameters: {'alpha_0': 0.0010488604408049572, 'alpha_1': 7.175754148011881e-05, 'alpha_2': 5.116376469897095e-05, 'beta_0': 0.16815829462959792, 'beta_1': 1.1243453544645523, 'beta_2': 0.34470217384662943, 'beta_3': 0.003394548296945958, 'beta_4': 0.5741925002087089, 'beta_5': 1865.5759362015424, 'beta_6': 0.010289826829091697, 'beta_7': 0.029500095096371217, 'beta_8': 8.955212481717217e-05, 'beta_9': 2.069187342126657e-07}. Best is trial 277 with value: 2419.109288143763.
[I 2026-03-31 15:38:41,977] Trial 284 finished with value: 2759.079685538496 and parameters: {'alpha_0': 0.0011434655248250066, 'alpha_1': 6.51995359874264e-05, 'alpha_2': 0.00011356787640407464, 'beta_0': 0.17643466972253694, 'beta_1': 1.1180541872909826, 'beta_2': 0.3569555394641063, 'beta_3': 0.0033916353650051906, 'beta_4': 0.5968352570083223, 'beta_5': 1613.4599400031757, 'beta_6': 0.010230848884140374, 'beta_7': 0.03130218420495111, 'beta_8': 8.644204595497477e-05, 'beta_9': 1.0109326907127844e-07}. Best is trial 277 with value: 2419.109288143763.
