[I 2026-03-31 15:48:14,432] Trial 645 finished with value: 2528.5878248540985 and parameters: {'alpha_0': 0.0007682638166502352, 'alpha_1': 6.638181790381771e-05, 'alpha_2': 4.015905347474238e-05, 'beta_0': 0.16655309277303512, 'beta_1': 1.104948010539561, 'beta_2': 0.37526151338992675, 'beta_3': 0.004041493290065268, 'beta_4': 0.4220866913067068, 'beta_5': 1492.0884423969821, 'beta_6': 0.010050929777943396, 'beta_7': 0.029326138548784984, 'beta_8': 8.73433898083232e-05, 'beta_9': 1.965096989118331e-07}. Best is trial 537 with value: 2387.245732511589.Best trial: 537. Best value: 2387.25:  64%|██████▍   | 645/1000 [18:08<08:03,  1.36s/it]Best trial: 537. Best value: 2387.25:  64%|██████▍   | 645/1000 [18:08<08:03,  1.36s/it]Best trial: 537. Best value: 2387.25:  65%|██████▍   | 646/1000 [18:08<08:03,  1.37s/it]                                                                                        Best trial: 537. Best value: 2387.25:  65%|██████▍   | 646/1000 [18:09<08:03,  1.37s/it]Best trial: 537. Best value: 2387.25:  65%|██████▍   | 646/1000 [18:09<08:03,  1.37s/it]Best trial: 537. Best value: 2387.25:  65%|██████▍   | 647/1000 [18:09<08:00,  1.36s/it]                                                                                        Best trial: 537. Best value: 2387.25:  65%|██████▍   | 647/1000 [18:10<08:00,  1.36s/it]Best trial: 537. Best value: 2387.25:  65%|██████▍   | 647/1000 [18:11<08:00,  1.36s/it]Best trial: 537. Best value: 2387.25:  65%|██████▍   | 648/1000 [18:11<07:56,  1.35s/it]                                                                                        Best trial: 537. Best value: 2387.25:  65%|██████▍   | 648/1000 [18:12<07:56,  1.35s/it]Best trial: 537. Best value: 2387.25:  65%|██████▍   | 648/1000 [18:12<07:56,  1.35s/it]Best trial: 537. Best value: 2387.25:  65%|██████▍   | 649/1000 [18:12<07:55,  1.35s/it]                                                                                        Best trial: 537. Best value: 2387.25:  65%|██████▍   | 649/1000 [18:13<07:55,  1.35s/it]Best trial: 537. Best value: 2387.25:  65%|██████▍   | 649/1000 [18:13<07:55,  1.35s/it]Best trial: 537. Best value: 2387.25:  65%|██████▌   | 650/1000 [18:13<07:57,  1.36s/it]                                                                                        Best trial: 537. Best value: 2387.25:  65%|██████▌   | 650/1000 [18:15<07:57,  1.36s/it]Best trial: 537. Best value: 2387.25:  65%|██████▌   | 650/1000 [18:15<07:57,  1.36s/it]Best trial: 537. Best value: 2387.25:  65%|██████▌   | 651/1000 [18:15<08:04,  1.39s/it]                                                                                        Best trial: 537. Best value: 2387.25:  65%|██████▌   | 651/1000 [18:16<08:04,  1.39s/it]Best trial: 537. Best value: 2387.25:  65%|██████▌   | 651/1000 [18:16<08:04,  1.39s/it]Best trial: 537. Best value: 2387.25:  65%|██████▌   | 652/1000 [18:16<08:01,  1.38s/it]                                                                                        Best trial: 537. Best value: 2387.25:  65%|██████▌   | 652/1000 [18:17<08:01,  1.38s/it]Best trial: 537. Best value: 2387.25:  65%|██████▌   | 652/1000 [18:18<08:01,  1.38s/it]Best trial: 537. Best value: 2387.25:  65%|██████▌   | 653/1000 [18:18<08:02,  1.39s/it]                                                                                        Best trial: 537. Best value: 2387.25:  65%|██████▌   | 653/1000 [18:19<08:02,  1.39s/it]Best trial: 537. Best value: 2387.25:  65%|██████▌   | 653/1000 [18:19<08:02,  1.39s/it]Best trial: 537. Best value: 2387.25:  65%|██████▌   | 654/1000 [18:19<08:04,  1.40s/it]                                                                                        Best trial: 537. Best value: 2387.25:  65%|██████▌   | 654/1000 [18:20<08:04,  1.40s/it]Best trial: 537. Best value: 2387.25:  65%|██████▌   | 654/1000 [18:20<08:04,  1.40s/it]Best trial: 537. Best value: 2387.25:  66%|██████▌   | 655/1000 [18:20<08:07,  1.41s/it]                                                                                        Best trial: 537. Best value: 2387.25:  66%|██████▌   | 655/1000 [18:22<08:07,  1.41s/it]Best trial: 537. Best value: 2387.25:  66%|██████▌   | 655/1000 [18:22<08:07,  1.41s/it]Best trial: 537. Best value: 2387.25:  66%|██████▌   | 656/1000 [18:22<08:05,  1.41s/it]                                                                                        Best trial: 537. Best value: 2387.25:  66%|██████▌   | 656/1000 [18:23<08:05,  1.41s/it]Best trial: 537. Best value: 2387.25:  66%|██████▌   | 656/1000 [18:23<08:05,  1.41s/it]Best trial: 537. Best value: 2387.25:  66%|██████▌   | 657/1000 [18:23<08:20,  1.46s/it]                                                                                        Best trial: 537. Best value: 2387.25:  66%|██████▌   | 657/1000 [18:25<08:20,  1.46s/it]Best trial: 537. Best value: 2387.25:  66%|██████▌   | 657/1000 [18:25<08:20,  1.46s/it]Best trial: 537. Best value: 2387.25:  66%|██████▌   | 658/1000 [18:25<08:10,  1.43s/it]                                                                                        Best trial: 537. Best value: 2387.25:  66%|██████▌   | 658/1000 [18:26<08:10,  1.43s/it]Best trial: 537. Best value: 2387.25:  66%|██████▌   | 658/1000 [18:26<08:10,  1.43s/it]Best trial: 537. Best value: 2387.25:  66%|██████▌   | 659/1000 [18:26<08:04,  1.42s/it]                                                                                        Best trial: 537. Best value: 2387.25:  66%|██████▌   | 659/1000 [18:27<08:04,  1.42s/it]Best trial: 537. Best value: 2387.25:  66%|██████▌   | 659/1000 [18:27<08:04,  1.42s/it]Best trial: 537. Best value: 2387.25:  66%|██████▌   | 660/1000 [18:27<07:57,  1.41s/it]                                                                                        
[I 2026-03-31 15:48:15,785] Trial 646 finished with value: 2633.5527327263335 and parameters: {'alpha_0': 0.0005943051089442754, 'alpha_1': 0.00012715895047459453, 'alpha_2': 5.7521378225416116e-05, 'beta_0': 0.19525835266913422, 'beta_1': 1.0790147669365793, 'beta_2': 0.36149521676224333, 'beta_3': 0.004309638760028117, 'beta_4': 0.4258046899721786, 'beta_5': 1441.1328987915754, 'beta_6': 0.013799613342861628, 'beta_7': 0.02867387528060637, 'beta_8': 9.21818547675083e-05, 'beta_9': 1.5799877690560622e-07}. Best is trial 537 with value: 2387.245732511589.
[I 2026-03-31 15:48:17,121] Trial 647 finished with value: 2645.568012952667 and parameters: {'alpha_0': 0.0012538026635435687, 'alpha_1': 6.0707461678355526e-05, 'alpha_2': 4.9631725565068984e-05, 'beta_0': 0.1626108196595808, 'beta_1': 1.1322906429622963, 'beta_2': 0.303358667541274, 'beta_3': 0.004200067219081536, 'beta_4': 0.4145317226648148, 'beta_5': 1997.8299478925078, 'beta_6': 0.01684151279853463, 'beta_7': 0.029364729021200974, 'beta_8': 9.510443669551608e-05, 'beta_9': 1.8476076209680248e-07}. Best is trial 537 with value: 2387.245732511589.
[I 2026-03-31 15:48:18,477] Trial 648 finished with value: 3915.1026226050917 and parameters: {'alpha_0': 0.001508393069191045, 'alpha_1': 6.358853693911669e-05, 'alpha_2': 4.3781222296279454e-05, 'beta_0': 0.1527965554402526, 'beta_1': 1.1232556520852408, 'beta_2': 0.28775833053025374, 'beta_3': 0.00453288211422584, 'beta_4': 0.42207755272588166, 'beta_5': 1925.0773784527041, 'beta_6': 0.0123054306619307, 'beta_7': 0.029722110816369406, 'beta_8': 9.056453419703686e-05, 'beta_9': 1.4143364693290193e-07}. Best is trial 537 with value: 2387.245732511589.
[I 2026-03-31 15:48:19,858] Trial 649 finished with value: 2643.9341852309717 and parameters: {'alpha_0': 0.0024311289370961596, 'alpha_1': 0.0001578085281845974, 'alpha_2': 5.8424309913350125e-05, 'beta_0': 0.19136279584543964, 'beta_1': 1.095896739764079, 'beta_2': 0.355444459465075, 'beta_3': 0.004650828484857369, 'beta_4': 0.4383812243920333, 'beta_5': 1890.6478096139547, 'beta_6': 0.020232319302299955, 'beta_7': 0.027928953577183863, 'beta_8': 2.9982064328686128e-05, 'beta_9': 1.004130124860234e-07}. Best is trial 537 with value: 2387.245732511589.
[I 2026-03-31 15:48:21,313] Trial 650 finished with value: 2767.253681702465 and parameters: {'alpha_0': 0.0008565779275025702, 'alpha_1': 5.920263726563089e-05, 'alpha_2': 5.336332964526982e-05, 'beta_0': 0.15825341834370923, 'beta_1': 1.2730802964135992, 'beta_2': 0.39453624869815584, 'beta_3': 0.00405224005753704, 'beta_4': 0.5348737421149634, 'beta_5': 177.6755729498812, 'beta_6': 0.036828534256952365, 'beta_7': 0.026559255083000274, 'beta_8': 5.249372479520337e-05, 'beta_9': 2.0077636910758193e-07}. Best is trial 537 with value: 2387.245732511589.
[I 2026-03-31 15:48:22,679] Trial 651 finished with value: 2555.404982070516 and parameters: {'alpha_0': 0.0007478150307055581, 'alpha_1': 7.003733336657323e-05, 'alpha_2': 4.6975353316719296e-05, 'beta_0': 0.1689152419797386, 'beta_1': 1.1538972738952444, 'beta_2': 0.36993986231877707, 'beta_3': 0.004162020433656098, 'beta_4': 0.5219999994110351, 'beta_5': 1934.23973622649, 'beta_6': 0.015172591117675325, 'beta_7': 0.02887027652698954, 'beta_8': 8.856392616815814e-05, 'beta_9': 1.4327189223003643e-07}. Best is trial 537 with value: 2387.245732511589.
[I 2026-03-31 15:48:24,084] Trial 652 finished with value: 3092.453113169435 and parameters: {'alpha_0': 0.0009081409984761398, 'alpha_1': 5.505710707285245e-05, 'alpha_2': 6.384150807560336e-05, 'beta_0': 0.16735800644532914, 'beta_1': 1.106346935700899, 'beta_2': 0.028478479705060705, 'beta_3': 0.004295369289560963, 'beta_4': 0.4324365396903159, 'beta_5': 1962.855995059905, 'beta_6': 0.012633278410115328, 'beta_7': 0.030258858195735067, 'beta_8': 9.607813448971313e-05, 'beta_9': 9.384039535295394e-07}. Best is trial 537 with value: 2387.245732511589.
[I 2026-03-31 15:48:25,505] Trial 653 finished with value: 2705.9962866262426 and parameters: {'alpha_0': 0.000657197438435912, 'alpha_1': 8.055839312856008e-05, 'alpha_2': 4.9157829984617815e-05, 'beta_0': 0.2080921252472289, 'beta_1': 1.2604343447033548, 'beta_2': 0.32084025102503333, 'beta_3': 0.004508422809220677, 'beta_4': 0.40038925727268193, 'beta_5': 1855.1792539122548, 'beta_6': 0.017968263023713543, 'beta_7': 0.029454670903315168, 'beta_8': 9.103827717801221e-05, 'beta_9': 1.5734782181855607e-07}. Best is trial 537 with value: 2387.245732511589.
[I 2026-03-31 15:48:26,955] Trial 654 finished with value: 2551.243402381476 and parameters: {'alpha_0': 0.0007780241951307954, 'alpha_1': 6.536636588155129e-05, 'alpha_2': 5.2543209820085326e-05, 'beta_0': 0.18427389603033079, 'beta_1': 1.1703591531103619, 'beta_2': 0.34698685178626315, 'beta_3': 0.003950585759286619, 'beta_4': 0.6125942076245734, 'beta_5': 1900.2701427520947, 'beta_6': 0.010077508419219417, 'beta_7': 0.02846428303074128, 'beta_8': 9.264309414223744e-05, 'beta_9': 2.010121063933891e-07}. Best is trial 537 with value: 2387.245732511589.
[I 2026-03-31 15:48:28,360] Trial 655 finished with value: 2960.243916035235 and parameters: {'alpha_0': 0.0008305515049912194, 'alpha_1': 6.0536638858453164e-05, 'alpha_2': 4.473428330643351e-05, 'beta_0': 0.16138469200170624, 'beta_1': 1.191934857083292, 'beta_2': 0.3599385957663908, 'beta_3': 0.0040452206513087695, 'beta_4': 0.4475123831336027, 'beta_5': 1998.5691949836894, 'beta_6': 0.027062440945436375, 'beta_7': 0.03065222804998148, 'beta_8': 6.65229488568609e-05, 'beta_9': 6.989381016510006e-07}. Best is trial 537 with value: 2387.245732511589.
[I 2026-03-31 15:48:29,933] Trial 656 finished with value: 2726.3801864057777 and parameters: {'alpha_0': 0.0005752382911247816, 'alpha_1': 5.3920441933295066e-05, 'alpha_2': 5.8740208240866144e-05, 'beta_0': 0.187723871616748, 'beta_1': 1.2008356063628443, 'beta_2': 0.40688660385861647, 'beta_3': 0.0028672454730899128, 'beta_4': 0.5442132739100103, 'beta_5': 1582.911568691372, 'beta_6': 0.014725682281313782, 'beta_7': 0.02748006396889388, 'beta_8': 3.204978807494164e-05, 'beta_9': 1.0060753870045764e-07}. Best is trial 537 with value: 2387.245732511589.
[I 2026-03-31 15:48:31,306] Trial 657 finished with value: 2886.6935336075426 and parameters: {'alpha_0': 0.0038753041113480787, 'alpha_1': 0.0002054530193800068, 'alpha_2': 5.401482065881632e-05, 'beta_0': 0.16557496942418445, 'beta_1': 1.1122301862289186, 'beta_2': 0.322618812652372, 'beta_3': 0.004185563444470519, 'beta_4': 0.6046834370734081, 'beta_5': 1846.698322836198, 'beta_6': 0.02169255884968557, 'beta_7': 0.029863331016781274, 'beta_8': 8.769796415919742e-05, 'beta_9': 1.3939506881398084e-07}. Best is trial 537 with value: 2387.245732511589.
[I 2026-03-31 15:48:32,688] Trial 658 finished with value: 2581.842576911641 and parameters: {'alpha_0': 0.0010183299666018766, 'alpha_1': 5.8070173715746884e-05, 'alpha_2': 0.00013044364566504945, 'beta_0': 0.19447021279515717, 'beta_1': 1.1352057925018841, 'beta_2': 0.37659105810979776, 'beta_3': 0.003858595809720683, 'beta_4': 0.6238054491627555, 'beta_5': 1928.04709660659, 'beta_6': 0.017883268730008596, 'beta_7': 0.029039780541979095, 'beta_8': 1.538544376942007e-05, 'beta_9': 1.7453246896105607e-07}. Best is trial 537 with value: 2387.245732511589.
[I 2026-03-31 15:48:34,066] Trial 659 finished with value: 2664.008654420183 and parameters: {'alpha_0': 0.0007017593733852363, 'alpha_1': 6.918922534684094e-05, 'alpha_2': 4.286699538529539e-05, 'beta_0': 0.1559201751942349, 'beta_1': 1.250865252204699, 'beta_2': 0.3093928922151412, 'beta_3': 0.003949323603037752, 'beta_4': 0.5716921344004611, 'beta_5': 561.1815316474828, 'beta_6': 0.013058349776975483, 'beta_7': 0.029898757781232334, 'beta_8': 2.6407729482930618e-05, 'beta_9': 1.0203508428004533e-07}. Best is trial 537 with value: 2387.245732511589.
[I 2026-03-31 15:48:35,453] Trial 660 finished with value: 2564.57988657658 and parameters: {'alpha_0': 0.0011458658295553394, 'alpha_1': 5.015396448100975e-05, 'alpha_2': 4.829181107798525e-05, 'beta_0': 0.17247714471529071, 'beta_1': 1.2424890020747688, 'beta_2': 0.42344465893566174, 'beta_3': 0.004531783578198196, 'beta_4': 0.5901444457074215, 'beta_5': 1613.5448656536676, 'beta_6': 0.015798896589611505, 'beta_7': 0.028355325894885895, 'beta_8': 2.0434753522662996e-05, 'beta_9': 1.610612772158838e-07}. Best is trial 537 with value: 2387.245732511589.Best trial: 537. Best value: 2387.25:  66%|██████▌   | 660/1000 [18:29<07:57,  1.41s/it]Best trial: 537. Best value: 2387.25:  66%|██████▌   | 660/1000 [18:29<07:57,  1.41s/it]Best trial: 537. Best value: 2387.25:  66%|██████▌   | 661/1000 [18:29<07:54,  1.40s/it]                                                                                        Best trial: 537. Best value: 2387.25:  66%|██████▌   | 661/1000 [18:30<07:54,  1.40s/it]Best trial: 537. Best value: 2387.25:  66%|██████▌   | 661/1000 [18:30<07:54,  1.40s/it]Best trial: 537. Best value: 2387.25:  66%|██████▌   | 662/1000 [18:30<07:50,  1.39s/it]                                                                                        Best trial: 537. Best value: 2387.25:  66%|██████▌   | 662/1000 [18:32<07:50,  1.39s/it]Best trial: 537. Best value: 2387.25:  66%|██████▌   | 662/1000 [18:32<07:50,  1.39s/it]Best trial: 537. Best value: 2387.25:  66%|██████▋   | 663/1000 [18:32<07:43,  1.37s/it]                                                                                        Best trial: 537. Best value: 2387.25:  66%|██████▋   | 663/1000 [18:33<07:43,  1.37s/it]Best trial: 537. Best value: 2387.25:  66%|██████▋   | 663/1000 [18:33<07:43,  1.37s/it]Best trial: 537. Best value: 2387.25:  66%|██████▋   | 664/1000 [18:33<07:38,  1.37s/it]                                                                                        Best trial: 537. Best value: 2387.25:  66%|██████▋   | 664/1000 [18:34<07:38,  1.37s/it]Best trial: 537. Best value: 2387.25:  66%|██████▋   | 664/1000 [18:34<07:38,  1.37s/it]Best trial: 537. Best value: 2387.25:  66%|██████▋   | 665/1000 [18:34<07:40,  1.37s/it]                                                                                        Best trial: 537. Best value: 2387.25:  66%|██████▋   | 665/1000 [18:36<07:40,  1.37s/it]Best trial: 537. Best value: 2387.25:  66%|██████▋   | 665/1000 [18:36<07:40,  1.37s/it]Best trial: 537. Best value: 2387.25:  67%|██████▋   | 666/1000 [18:36<07:41,  1.38s/it]                                                                                        Best trial: 537. Best value: 2387.25:  67%|██████▋   | 666/1000 [18:37<07:41,  1.38s/it]Best trial: 537. Best value: 2387.25:  67%|██████▋   | 666/1000 [18:37<07:41,  1.38s/it]Best trial: 537. Best value: 2387.25:  67%|██████▋   | 667/1000 [18:37<07:59,  1.44s/it]                                                                                        Best trial: 537. Best value: 2387.25:  67%|██████▋   | 667/1000 [18:39<07:59,  1.44s/it]Best trial: 537. Best value: 2387.25:  67%|██████▋   | 667/1000 [18:39<07:59,  1.44s/it]Best trial: 537. Best value: 2387.25:  67%|██████▋   | 668/1000 [18:39<07:54,  1.43s/it]                                                                                        Best trial: 537. Best value: 2387.25:  67%|██████▋   | 668/1000 [18:40<07:54,  1.43s/it]Best trial: 537. Best value: 2387.25:  67%|██████▋   | 668/1000 [18:40<07:54,  1.43s/it]Best trial: 537. Best value: 2387.25:  67%|██████▋   | 669/1000 [18:40<07:54,  1.43s/it]                                                                                        Best trial: 537. Best value: 2387.25:  67%|██████▋   | 669/1000 [18:41<07:54,  1.43s/it]Best trial: 537. Best value: 2387.25:  67%|██████▋   | 669/1000 [18:41<07:54,  1.43s/it]Best trial: 537. Best value: 2387.25:  67%|██████▋   | 670/1000 [18:41<07:42,  1.40s/it]                                                                                        Best trial: 537. Best value: 2387.25:  67%|██████▋   | 670/1000 [18:43<07:42,  1.40s/it]Best trial: 537. Best value: 2387.25:  67%|██████▋   | 670/1000 [18:43<07:42,  1.40s/it]Best trial: 537. Best value: 2387.25:  67%|██████▋   | 671/1000 [18:43<07:40,  1.40s/it]                                                                                        Best trial: 537. Best value: 2387.25:  67%|██████▋   | 671/1000 [18:44<07:40,  1.40s/it]Best trial: 537. Best value: 2387.25:  67%|██████▋   | 671/1000 [18:44<07:40,  1.40s/it]Best trial: 537. Best value: 2387.25:  67%|██████▋   | 672/1000 [18:44<07:36,  1.39s/it]                                                                                        Best trial: 537. Best value: 2387.25:  67%|██████▋   | 672/1000 [18:46<07:36,  1.39s/it]Best trial: 537. Best value: 2387.25:  67%|██████▋   | 672/1000 [18:46<07:36,  1.39s/it]Best trial: 537. Best value: 2387.25:  67%|██████▋   | 673/1000 [18:46<07:42,  1.42s/it]                                                                                        Best trial: 537. Best value: 2387.25:  67%|██████▋   | 673/1000 [18:47<07:42,  1.42s/it]Best trial: 537. Best value: 2387.25:  67%|██████▋   | 673/1000 [18:47<07:42,  1.42s/it]Best trial: 537. Best value: 2387.25:  67%|██████▋   | 674/1000 [18:47<07:29,  1.38s/it]                                                                                        Best trial: 537. Best value: 2387.25:  67%|██████▋   | 674/1000 [18:48<07:29,  1.38s/it]Best trial: 537. Best value: 2387.25:  67%|██████▋   | 674/1000 [18:48<07:29,  1.38s/it]Best trial: 537. Best value: 2387.25:  68%|██████▊   | 675/1000 [18:48<07:25,  1.37s/it]                                                                                        
[I 2026-03-31 15:48:36,823] Trial 661 finished with value: 2533.956138242645 and parameters: {'alpha_0': 0.0009012782887313378, 'alpha_1': 6.358486834275604e-05, 'alpha_2': 0.0001365627661196024, 'beta_0': 0.16117031151935932, 'beta_1': 1.2105223045575066, 'beta_2': 0.29326957598280384, 'beta_3': 0.0029405543388729234, 'beta_4': 0.5245222176563875, 'beta_5': 1999.1866843753469, 'beta_6': 0.012229537833217794, 'beta_7': 0.030525905438693154, 'beta_8': 9.43266934924204e-05, 'beta_9': 1.9385568869682417e-07}. Best is trial 537 with value: 2387.245732511589.
[I 2026-03-31 15:48:38,153] Trial 662 finished with value: 2487.9586335249064 and parameters: {'alpha_0': 0.0008036944065191015, 'alpha_1': 5.460383419250615e-05, 'alpha_2': 6.284094686334312e-05, 'beta_0': 0.19147583728147788, 'beta_1': 1.1887521222311086, 'beta_2': 0.34436861387567885, 'beta_3': 0.004066873755262015, 'beta_4': 0.5462324325693413, 'beta_5': 1894.26095857489, 'beta_6': 0.010064220208192028, 'beta_7': 0.029513132558177113, 'beta_8': 9.673797778826833e-05, 'beta_9': 1.0032354322021218e-07}. Best is trial 537 with value: 2387.245732511589.
[I 2026-03-31 15:48:39,504] Trial 663 finished with value: 2717.720169666 and parameters: {'alpha_0': 0.000699451166978632, 'alpha_1': 5.9453018091773286e-05, 'alpha_2': 5.0957599202015635e-05, 'beta_0': 0.24705153469741042, 'beta_1': 1.0906410762729821, 'beta_2': 0.1783691132612383, 'beta_3': 0.0043247824629795, 'beta_4': 0.8420006660009277, 'beta_5': 1954.1026793945048, 'beta_6': 0.023803399433435915, 'beta_7': 0.029202468567572113, 'beta_8': 8.65097434160188e-05, 'beta_9': 2.333230423449781e-07}. Best is trial 537 with value: 2387.245732511589.
[I 2026-03-31 15:48:40,898] Trial 664 finished with value: 3027.782571590793 and parameters: {'alpha_0': 0.0018313492619628623, 'alpha_1': 0.0002635033347873528, 'alpha_2': 4.0392408169338086e-05, 'beta_0': 0.16991625043408506, 'beta_1': 1.1229393183843488, 'beta_2': 0.3330042494137066, 'beta_3': 0.003799482295412169, 'beta_4': 0.5619322930552523, 'beta_5': 1942.5972119198825, 'beta_6': 0.01922643130745548, 'beta_7': 0.030298833277068365, 'beta_8': 6.922194118305436e-05, 'beta_9': 1.5845741170692923e-07}. Best is trial 537 with value: 2387.245732511589.
