[I 2026-03-31 15:46:11,857] Trial 575 finished with value: 2598.9676441469505 and parameters: {'alpha_0': 0.0010265486953352247, 'alpha_1': 6.775230822833366e-05, 'alpha_2': 0.0001095372613664294, 'beta_0': 0.1912529305184625, 'beta_1': 1.2153843545373124, 'beta_2': 0.34546185948444164, 'beta_3': 0.003699318579271979, 'beta_4': 0.6054363211158255, 'beta_5': 1933.6384739555374, 'beta_6': 0.012717904848079515, 'beta_7': 0.029210337920565838, 'beta_8': 2.4121790623137768e-05, 'beta_9': 1.3517151107006091e-07}. Best is trial 537 with value: 2387.245732511589.
[I 2026-03-31 15:46:13,225] Trial 576 finished with value: 2578.758327004279 and parameters: {'alpha_0': 0.0007736246875194839, 'alpha_1': 5.449498366789401e-05, 'alpha_2': 0.00012009646534733721, 'beta_0': 0.17379002389593962, 'beta_1': 1.2438109127655617, 'beta_2': 0.30627410488585066, 'beta_3': 0.0033249281727306805, 'beta_4': 0.5740532193648492, 'beta_5': 1960.2092008690033, 'beta_6': 0.02167416464824003, 'beta_7': 0.02862202049039006, 'beta_8': 1.6712543595721044e-05, 'beta_9': 1.6353360918899793e-07}. Best is trial 537 with value: 2387.245732511589.
[I 2026-03-31 15:46:14,591] Trial 577 finished with value: 4079.106169678198 and parameters: {'alpha_0': 0.0015412597430852029, 'alpha_1': 0.00018019508365689588, 'alpha_2': 9.178180123018018e-05, 'beta_0': 0.1608007603319327, 'beta_1': 1.1067847698588182, 'beta_2': 0.36170758854782714, 'beta_3': 0.004052993590928969, 'beta_4': 0.5562404545312495, 'beta_5': 1693.176248071018, 'beta_6': 0.01470224831688637, 'beta_7': 0.030134225084175636, 'beta_8': 2.160335356467381e-05, 'beta_9': 2.0763908785838244e-07}. Best is trial 537 with value: 2387.245732511589.
[I 2026-03-31 15:46:15,931] Trial 578 finished with value: 2436.4900115591663 and parameters: {'alpha_0': 0.0009279650246862526, 'alpha_1': 5.9469159272758234e-05, 'alpha_2': 0.00010093705189432429, 'beta_0': 0.20222304924228834, 'beta_1': 1.1213630160506876, 'beta_2': 0.3389419945075965, 'beta_3': 0.003785490894678752, 'beta_4': 0.5350493712734613, 'beta_5': 1879.808323771312, 'beta_6': 0.012781205251538728, 'beta_7': 0.029574897944655693, 'beta_8': 1.1863282791763737e-05, 'beta_9': 1.2959328972255474e-07}. Best is trial 537 with value: 2387.245732511589.
[I 2026-03-31 15:46:17,403] Trial 579 finished with value: 2642.667244725901 and parameters: {'alpha_0': 0.000589024333145543, 'alpha_1': 7.245486430742052e-05, 'alpha_2': 9.678952227658804e-05, 'beta_0': 0.20247044501328146, 'beta_1': 1.1275188602516164, 'beta_2': 0.35082560913204774, 'beta_3': 0.0035751761020540846, 'beta_4': 0.5354026171226663, 'beta_5': 1768.5871405379387, 'beta_6': 0.012644147728819022, 'beta_7': 0.027613722308273518, 'beta_8': 1.577205984511787e-05, 'beta_9': 1.2888775126542284e-07}. Best is trial 537 with value: 2387.245732511589.
[I 2026-03-31 15:46:18,770] Trial 580 finished with value: 2790.0883317428784 and parameters: {'alpha_0': 0.0008329284937135198, 'alpha_1': 6.531541168838158e-05, 'alpha_2': 9.802559652120079e-05, 'beta_0': 0.2080658653325794, 'beta_1': 1.1162658775114551, 'beta_2': 0.38869718066614756, 'beta_3': 0.0037202864947111607, 'beta_4': 0.5302545240221059, 'beta_5': 1844.9487745996164, 'beta_6': 0.012090493529236645, 'beta_7': 0.03095773417654111, 'beta_8': 1.1740216805871985e-05, 'beta_9': 1.3442229507996888e-07}. Best is trial 537 with value: 2387.245732511589.
[I 2026-03-31 15:46:20,181] Trial 581 finished with value: 2970.4080632457412 and parameters: {'alpha_0': 0.0011302085410979663, 'alpha_1': 0.0001936747334568293, 'alpha_2': 0.00010472457535368143, 'beta_0': 0.2030516121504531, 'beta_1': 1.4583945130655005, 'beta_2': 0.3729998001744652, 'beta_3': 0.003441356115657979, 'beta_4': 0.543232787994286, 'beta_5': 1876.938261712036, 'beta_6': 0.11830299110831105, 'beta_7': 0.029354102255590916, 'beta_8': 1.0021089997851195e-05, 'beta_9': 1.0213005778019997e-07}. Best is trial 537 with value: 2387.245732511589.
[I 2026-03-31 15:46:21,547] Trial 582 finished with value: 3487.209729346373 and parameters: {'alpha_0': 0.0009650232763567254, 'alpha_1': 0.00025056704999388917, 'alpha_2': 9.915308569621991e-05, 'beta_0': 0.21546638883742533, 'beta_1': 1.131391131384024, 'beta_2': 0.3387113743714264, 'beta_3': 0.0035362496603918436, 'beta_4': 0.5261349467824625, 'beta_5': 1803.875976364458, 'beta_6': 0.01019432297614652, 'beta_7': 0.030356925003063983, 'beta_8': 1.2276972712775524e-05, 'beta_9': 1.1449053357098193e-06}. Best is trial 537 with value: 2387.245732511589.
[I 2026-03-31 15:46:22,880] Trial 583 finished with value: 3006.8328584195906 and parameters: {'alpha_0': 0.0036992024370884977, 'alpha_1': 6.126150807193585e-05, 'alpha_2': 0.00010230814437987932, 'beta_0': 0.20689919636609927, 'beta_1': 1.1020828078029796, 'beta_2': 0.35626197241707847, 'beta_3': 0.0037554939437201345, 'beta_4': 0.5527168527381515, 'beta_5': 1742.4095089338841, 'beta_6': 0.1407361902609011, 'beta_7': 0.032264851959678376, 'beta_8': 1.3591264207977415e-05, 'beta_9': 1.3665796448264936e-07}. Best is trial 537 with value: 2387.245732511589.
[I 2026-03-31 15:46:24,230] Trial 584 finished with value: 2654.8505659434895 and parameters: {'alpha_0': 0.000711802860223625, 'alpha_1': 6.811710054103277e-05, 'alpha_2': 0.00010131243789403593, 'beta_0': 0.19994944499580153, 'beta_1': 1.1164264826734032, 'beta_2': 0.3215114218798183, 'beta_3': 0.003630180249695145, 'beta_4': 0.5427453792772879, 'beta_5': 1851.0785492033185, 'beta_6': 0.02835424161280585, 'beta_7': 0.02857241179905864, 'beta_8': 1.1704111868535438e-05, 'beta_9': 1.005196691473466e-07}. Best is trial 537 with value: 2387.245732511589.
[I 2026-03-31 15:46:25,588] Trial 585 finished with value: 2792.0811446299454 and parameters: {'alpha_0': 0.0008984305636285223, 'alpha_1': 6.0141948172823465e-05, 'alpha_2': 4.8706921707023114e-05, 'beta_0': 0.19612505820353757, 'beta_1': 1.108200505587466, 'beta_2': 0.4356435093810274, 'beta_3': 0.003373759012096597, 'beta_4': 0.5634346339976736, 'beta_5': 1902.4943804543568, 'beta_6': 0.017286445012420926, 'beta_7': 0.03157082466219822, 'beta_8': 1.4360063547261538e-05, 'beta_9': 1.773901149060879e-07}. Best is trial 537 with value: 2387.245732511589.Best trial: 537. Best value: 2387.25:  58%|█████▊    | 585/1000 [16:19<09:25,  1.36s/it]Best trial: 537. Best value: 2387.25:  58%|█████▊    | 585/1000 [16:19<09:25,  1.36s/it]Best trial: 537. Best value: 2387.25:  59%|█████▊    | 586/1000 [16:19<09:24,  1.36s/it]                                                                                        Best trial: 537. Best value: 2387.25:  59%|█████▊    | 586/1000 [16:21<09:24,  1.36s/it]Best trial: 537. Best value: 2387.25:  59%|█████▊    | 586/1000 [16:21<09:24,  1.36s/it]Best trial: 537. Best value: 2387.25:  59%|█████▊    | 587/1000 [16:21<09:50,  1.43s/it]                                                                                        Best trial: 537. Best value: 2387.25:  59%|█████▊    | 587/1000 [16:30<09:50,  1.43s/it]Best trial: 537. Best value: 2387.25:  59%|█████▊    | 587/1000 [16:30<09:50,  1.43s/it]Best trial: 537. Best value: 2387.25:  59%|█████▉    | 588/1000 [16:30<26:38,  3.88s/it]                                                                                        Best trial: 537. Best value: 2387.25:  59%|█████▉    | 588/1000 [16:32<26:38,  3.88s/it]Best trial: 537. Best value: 2387.25:  59%|█████▉    | 588/1000 [16:32<26:38,  3.88s/it]Best trial: 537. Best value: 2387.25:  59%|█████▉    | 589/1000 [16:32<21:27,  3.13s/it]                                                                                        Best trial: 537. Best value: 2387.25:  59%|█████▉    | 589/1000 [16:33<21:27,  3.13s/it]Best trial: 537. Best value: 2387.25:  59%|█████▉    | 589/1000 [16:33<21:27,  3.13s/it]Best trial: 537. Best value: 2387.25:  59%|█████▉    | 590/1000 [16:33<17:49,  2.61s/it]                                                                                        Best trial: 537. Best value: 2387.25:  59%|█████▉    | 590/1000 [16:34<17:49,  2.61s/it]Best trial: 537. Best value: 2387.25:  59%|█████▉    | 590/1000 [16:34<17:49,  2.61s/it]Best trial: 537. Best value: 2387.25:  59%|█████▉    | 591/1000 [16:34<15:13,  2.23s/it]                                                                                        Best trial: 537. Best value: 2387.25:  59%|█████▉    | 591/1000 [16:36<15:13,  2.23s/it]Best trial: 537. Best value: 2387.25:  59%|█████▉    | 591/1000 [16:36<15:13,  2.23s/it]Best trial: 537. Best value: 2387.25:  59%|█████▉    | 592/1000 [16:36<13:28,  1.98s/it]                                                                                        Best trial: 537. Best value: 2387.25:  59%|█████▉    | 592/1000 [16:37<13:28,  1.98s/it]Best trial: 537. Best value: 2387.25:  59%|█████▉    | 592/1000 [16:37<13:28,  1.98s/it]Best trial: 537. Best value: 2387.25:  59%|█████▉    | 593/1000 [16:37<12:11,  1.80s/it]                                                                                        Best trial: 537. Best value: 2387.25:  59%|█████▉    | 593/1000 [16:39<12:11,  1.80s/it]Best trial: 537. Best value: 2387.25:  59%|█████▉    | 593/1000 [16:39<12:11,  1.80s/it]Best trial: 537. Best value: 2387.25:  59%|█████▉    | 594/1000 [16:39<12:15,  1.81s/it]                                                                                        Best trial: 537. Best value: 2387.25:  59%|█████▉    | 594/1000 [16:40<12:15,  1.81s/it]Best trial: 537. Best value: 2387.25:  59%|█████▉    | 594/1000 [16:40<12:15,  1.81s/it]Best trial: 537. Best value: 2387.25:  60%|█████▉    | 595/1000 [16:40<11:21,  1.68s/it]                                                                                        Best trial: 537. Best value: 2387.25:  60%|█████▉    | 595/1000 [16:42<11:21,  1.68s/it]Best trial: 537. Best value: 2387.25:  60%|█████▉    | 595/1000 [16:42<11:21,  1.68s/it]Best trial: 537. Best value: 2387.25:  60%|█████▉    | 596/1000 [16:42<10:41,  1.59s/it]                                                                                        Best trial: 537. Best value: 2387.25:  60%|█████▉    | 596/1000 [16:43<10:41,  1.59s/it]Best trial: 537. Best value: 2387.25:  60%|█████▉    | 596/1000 [16:43<10:41,  1.59s/it]Best trial: 537. Best value: 2387.25:  60%|█████▉    | 597/1000 [16:43<10:15,  1.53s/it]                                                                                        Best trial: 537. Best value: 2387.25:  60%|█████▉    | 597/1000 [16:44<10:15,  1.53s/it]Best trial: 537. Best value: 2387.25:  60%|█████▉    | 597/1000 [16:44<10:15,  1.53s/it]Best trial: 537. Best value: 2387.25:  60%|█████▉    | 598/1000 [16:44<09:55,  1.48s/it]                                                                                        Best trial: 537. Best value: 2387.25:  60%|█████▉    | 598/1000 [16:46<09:55,  1.48s/it]Best trial: 537. Best value: 2387.25:  60%|█████▉    | 598/1000 [16:46<09:55,  1.48s/it]Best trial: 537. Best value: 2387.25:  60%|█████▉    | 599/1000 [16:46<09:42,  1.45s/it]                                                                                        Best trial: 537. Best value: 2387.25:  60%|█████▉    | 599/1000 [16:56<09:42,  1.45s/it]Best trial: 537. Best value: 2387.25:  60%|█████▉    | 599/1000 [16:56<09:42,  1.45s/it]Best trial: 537. Best value: 2387.25:  60%|██████    | 600/1000 [16:56<26:47,  4.02s/it]                                                                                        
[I 2026-03-31 15:46:27,179] Trial 586 finished with value: 2974.5343932377878 and parameters: {'alpha_0': 0.000777564085400969, 'alpha_1': 5.888715404178599e-05, 'alpha_2': 4.0703194763544674e-05, 'beta_0': 0.2105751205966685, 'beta_1': 1.1175908327411719, 'beta_2': 0.2958999741614201, 'beta_3': 0.0032690644711579017, 'beta_4': 0.58590351815482, 'beta_5': 1906.8328173878224, 'beta_6': 0.014530319646673447, 'beta_7': 0.027057100924254115, 'beta_8': 4.660174728090118e-05, 'beta_9': 2.528342274934716e-07}. Best is trial 537 with value: 2387.245732511589.
[I 2026-03-31 15:46:36,775] Trial 587 finished with value: 10887.038208275939 and parameters: {'alpha_0': 0.0006540596217797235, 'alpha_1': 6.516138165740788e-05, 'alpha_2': 0.00010160535500013966, 'beta_0': 0.198920881336122, 'beta_1': 1.122401908008585, 'beta_2': 0.3441487395567047, 'beta_3': 0.0038321217245092932, 'beta_4': 0.532288827981275, 'beta_5': 1298.4941706838927, 'beta_6': 0.012723415671987752, 'beta_7': 0.020292848520794913, 'beta_8': 1.3077527464726216e-05, 'beta_9': 1.9591283890669576e-07}. Best is trial 537 with value: 2387.245732511589.
[I 2026-03-31 15:46:38,161] Trial 588 finished with value: 2519.4712607542424 and parameters: {'alpha_0': 0.0010239514400035834, 'alpha_1': 7.59596845643366e-05, 'alpha_2': 9.061462500799226e-05, 'beta_0': 0.19251217031836412, 'beta_1': 1.0958811182583676, 'beta_2': 0.3664300269187243, 'beta_3': 0.0036323501658274155, 'beta_4': 0.5561490684647085, 'beta_5': 1960.9867527507736, 'beta_6': 0.018624908785560543, 'beta_7': 0.029829415619545642, 'beta_8': 1.1489758546313074e-05, 'beta_9': 1.5510085601822472e-07}. Best is trial 537 with value: 2387.245732511589.
[I 2026-03-31 15:46:39,545] Trial 589 finished with value: 2889.772991370657 and parameters: {'alpha_0': 0.0008097289077613438, 'alpha_1': 0.00013882886020404988, 'alpha_2': 5.1434630211441344e-05, 'beta_0': 0.20339226557522125, 'beta_1': 1.1354484945065009, 'beta_2': 0.31342777216125384, 'beta_3': 0.0034874300324972333, 'beta_4': 0.5785605455632081, 'beta_5': 1839.5050680260888, 'beta_6': 0.05284558598738525, 'beta_7': 0.030669643006809487, 'beta_8': 9.288834718834197e-05, 'beta_9': 1.3438527703931344e-07}. Best is trial 537 with value: 2387.245732511589.
[I 2026-03-31 15:46:40,909] Trial 590 finished with value: 2596.902095670296 and parameters: {'alpha_0': 0.0008761162451367669, 'alpha_1': 5.6928636595873944e-05, 'alpha_2': 4.483227131475227e-05, 'beta_0': 0.16345373386431777, 'beta_1': 1.1998738087675398, 'beta_2': 0.37930679436424736, 'beta_3': 0.0037551587527712544, 'beta_4': 0.5475143289061133, 'beta_5': 1999.542173196492, 'beta_6': 0.015239187258279469, 'beta_7': 0.02910912066502842, 'beta_8': 2.4073960604481716e-05, 'beta_9': 2.2042511024660223e-07}. Best is trial 537 with value: 2387.245732511589.
[I 2026-03-31 15:46:42,300] Trial 591 finished with value: 2557.5481670858244 and parameters: {'alpha_0': 0.0005709715248013668, 'alpha_1': 5.012869067237636e-05, 'alpha_2': 0.00010610438700252814, 'beta_0': 0.16737999007508716, 'beta_1': 1.2087119999007228, 'beta_2': 0.3312336965756047, 'beta_3': 0.003557141792623314, 'beta_4': 0.5706396994665408, 'beta_5': 1472.8413761430597, 'beta_6': 0.010097567001348229, 'beta_7': 0.028142116000594426, 'beta_8': 2.532870516871923e-05, 'beta_9': 2.9279878518208573e-07}. Best is trial 537 with value: 2387.245732511589.
[I 2026-03-31 15:46:43,668] Trial 592 finished with value: 2546.4020477517342 and parameters: {'alpha_0': 0.001229971777177611, 'alpha_1': 6.269961164361705e-05, 'alpha_2': 0.00012807606967427958, 'beta_0': 0.1581730716637149, 'beta_1': 1.12565463862271, 'beta_2': 0.35129098649655666, 'beta_3': 0.0031253099468425416, 'beta_4': 0.5892298639684498, 'beta_5': 1930.9162710280332, 'beta_6': 0.020779375101395256, 'beta_7': 0.029772858997736643, 'beta_8': 1.2572347202338431e-05, 'beta_9': 1.0081180312649218e-07}. Best is trial 537 with value: 2387.245732511589.
[I 2026-03-31 15:46:45,512] Trial 593 finished with value: 11514.196155345096 and parameters: {'alpha_0': 0.0017025570697654768, 'alpha_1': 5.472212902913083e-05, 'alpha_2': 0.00010901358185227454, 'beta_0': 0.1943504385639155, 'beta_1': 1.2194093716325682, 'beta_2': 0.16094733755144197, 'beta_3': 0.0033849327571180547, 'beta_4': 0.5379444660637346, 'beta_5': 1799.6364126971941, 'beta_6': 0.012785809492125665, 'beta_7': 0.024318950077540452, 'beta_8': 1.5009122854191404e-05, 'beta_9': 1.6600140404640974e-07}. Best is trial 537 with value: 2387.245732511589.
[I 2026-03-31 15:46:46,889] Trial 594 finished with value: 2659.849167352481 and parameters: {'alpha_0': 0.0007160499193648638, 'alpha_1': 5.000271226508096e-05, 'alpha_2': 0.00012379050302279118, 'beta_0': 0.2005756319298217, 'beta_1': 1.1994465045981542, 'beta_2': 0.3405462239048774, 'beta_3': 0.0032353265560321107, 'beta_4': 0.5585946241206882, 'beta_5': 1884.9581656880991, 'beta_6': 0.01629652885409972, 'beta_7': 0.028875151278858778, 'beta_8': 9.287025887467214e-05, 'beta_9': 1.9659946741164726e-07}. Best is trial 537 with value: 2387.245732511589.
[I 2026-03-31 15:46:48,260] Trial 595 finished with value: 2995.007230748257 and parameters: {'alpha_0': 0.0009119964523303099, 'alpha_1': 6.992031639242496e-05, 'alpha_2': 9.582115661441343e-05, 'beta_0': 0.18776888263123398, 'beta_1': 1.08510560247125, 'beta_2': 0.20177642546192176, 'beta_3': 0.003973006748139068, 'beta_4': 0.5999307202379692, 'beta_5': 1706.0674435336346, 'beta_6': 0.012527998440545874, 'beta_7': 0.030384823408185904, 'beta_8': 2.2866868003548948e-05, 'beta_9': 1.3479520209262978e-07}. Best is trial 537 with value: 2387.245732511589.
[I 2026-03-31 15:46:49,645] Trial 596 finished with value: 2780.17963093058 and parameters: {'alpha_0': 0.0007735726698815205, 'alpha_1': 5.832271901925862e-05, 'alpha_2': 8.550850010437943e-05, 'beta_0': 0.20506792615329378, 'beta_1': 1.2124362563893896, 'beta_2': 0.36069242606407664, 'beta_3': 0.003696623099212661, 'beta_4': 0.6843723902791193, 'beta_5': 1407.9047115502603, 'beta_6': 0.010050195163109718, 'beta_7': 0.031094161144802027, 'beta_8': 2.0946452476147376e-05, 'beta_9': 1.682670832513925e-07}. Best is trial 537 with value: 2387.245732511589.
[I 2026-03-31 15:46:51,018] Trial 597 finished with value: 2438.6795920264794 and parameters: {'alpha_0': 0.0009821747378617337, 'alpha_1': 6.323038919473857e-05, 'alpha_2': 4.6992335085577205e-05, 'beta_0': 0.16304751339863996, 'beta_1': 1.1873420339652114, 'beta_2': 0.3263631305842035, 'beta_3': 0.0038389929100965986, 'beta_4': 0.5507869126085746, 'beta_5': 1963.8665374249506, 'beta_6': 0.01922545834579507, 'beta_7': 0.02955451774493841, 'beta_8': 1.1127532636584866e-05, 'beta_9': 1.0038888274595863e-07}. Best is trial 537 with value: 2387.245732511589.
[I 2026-03-31 15:46:52,406] Trial 598 finished with value: 2827.7228014185393 and parameters: {'alpha_0': 0.001101344437912671, 'alpha_1': 5.484419277402626e-05, 'alpha_2': 4.48447947194179e-05, 'beta_0': 0.16001129762854965, 'beta_1': 1.1866449224346987, 'beta_2': 0.3218639166894335, 'beta_3': 0.0038593831626394237, 'beta_4': 0.5298516029777445, 'beta_5': 1929.673967807959, 'beta_6': 0.07720398430742245, 'beta_7': 0.02998776223944545, 'beta_8': 1.0007834597550523e-05, 'beta_9': 2.4207226823577275e-07}. Best is trial 537 with value: 2387.245732511589.
[I 2026-03-31 15:47:02,407] Trial 599 finished with value: 7854.652002329341 and parameters: {'alpha_0': 0.0006487897423459042, 'alpha_1': 6.273079204060986e-05, 'alpha_2': 0.00013347081863851907, 'beta_0': 0.16452770356607344, 'beta_1': 1.170175586999821, 'beta_2': 0.30567008113847616, 'beta_3': 0.003946196100593219, 'beta_4': 0.5497710459079573, 'beta_5': 1880.0393785995561, 'beta_6': 0.017304853260639068, 'beta_7': 0.011386903746015016, 'beta_8': 1.002856868669025e-05, 'beta_9': 1.4114465786620462e-07}. Best is trial 537 with value: 2387.245732511589.
