[I 2026-03-31 15:50:34,950] Trial 737 finished with value: 2705.141415036778 and parameters: {'alpha_0': 0.001032042894637254, 'alpha_1': 5.033549318327327e-05, 'alpha_2': 0.0002285500412766573, 'beta_0': 0.1623717101185425, 'beta_1': 1.072631103023391, 'beta_2': 0.4134637340156201, 'beta_3': 0.003186527040410976, 'beta_4': 0.5234036294724221, 'beta_5': 1566.4606861203995, 'beta_6': 0.015183738024268168, 'beta_7': 0.032362225908878064, 'beta_8': 2.4381561124347503e-05, 'beta_9': 1.6291012019262507e-07}. Best is trial 537 with value: 2387.245732511589.

[Convergence] Stopping at trial 738/1000
[Convergence] Best loss 200 trials ago: 2387.245733
[Convergence] Current best loss: 2387.245733
[Convergence] Change: +0.000000 (no improvement)

======================================================================
OPTIMIZATION COMPLETE
======================================================================

Best loss: 2387.245733
Best alpha: [0.0009388693735132245, 5.426369263146135e-05, 0.00010288899180856226]
Best beta: [0.187225346973137, 1.2192043756518127, 0.36176685630740046, 0.003413254095021639, 0.5621847572646262, 1924.3879282249263, 0.010010706556981342, 0.029981371709124967, 1.3257959010629852e-05, 1.0048865964095349e-07]
Trials completed: 738/1000
Status: Converged early (no improvement in last 200 trials)
Optimization time: 1228.9s
Time per trial: 1.67s

======================================================================
POST-CONVERGENCE EVALUATION
======================================================================

Per-experiment metrics:
  /Users/dipanwitaguhathakurta/Downloads/inference-sim-package/inference-sim/training/trainval_data/62-mistral-nemo-12b-tp2-general-lite-2-1: TTFT APE=3964.945%, E2E APE=2892.791%
  /Users/dipanwitaguhathakurta/Downloads/inference-sim-package/inference-sim/training/trainval_data/20260217-155451-llama-2-7b-tp1-codegen: TTFT APE=1416.980%, E2E APE=1242.281%
  /Users/dipanwitaguhathakurta/Downloads/inference-sim-package/inference-sim/training/trainval_data/65-01-ai-yi-34b-tp2-general-lite-2-1: TTFT APE=1182.932%, E2E APE=1081.445%
  /Users/dipanwitaguhathakurta/Downloads/inference-sim-package/inference-sim/training/trainval_data/63-mistral-nemo-12b-tp1-codegen-1-1: TTFT APE=1192.911%, E2E APE=986.042%
  /Users/dipanwitaguhathakurta/Downloads/inference-sim-package/inference-sim/training/trainval_data/64-qwen2-5-7b-instruct-tp1-roleplay-1-1: TTFT APE=1137.043%, E2E APE=953.318%
  /Users/dipanwitaguhathakurta/Downloads/inference-sim-package/inference-sim/training/trainval_data/60-llama-3-1-70b-tp4-general-lite-4-1: TTFT APE=1009.606%, E2E APE=921.546%
  /Users/dipanwitaguhathakurta/Downloads/inference-sim-package/inference-sim/training/trainval_data/20260217-162547-llama-2-7b-tp1-roleplay: TTFT APE=1122.907%, E2E APE=801.210%
  /Users/dipanwitaguhathakurta/Downloads/inference-sim-package/inference-sim/training/trainval_data/20260217-231439-llama-2-7b-tp1-general: TTFT APE=1513.260%, E2E APE=285.522%
  /Users/dipanwitaguhathakurta/Downloads/inference-sim-package/inference-sim/training/trainval_data/17-llama-4-scout-17b-16e-tp2-general-lite-2-1: TTFT APE=846.834%, E2E APE=757.381%
  /Users/dipanwitaguhathakurta/Downloads/inference-sim-package/inference-sim/training/trainval_data/61-llama-3-1-70b-tp4-codegen-4-1: TTFT APE=742.388%, E2E APE=457.967%
  /Users/dipanwitaguhathakurta/Downloads/inference-sim-package/inference-sim/training/trainval_data/20-llama-4-scout-17b-16e-tp2-codegen-2: TTFT APE=558.594%, E2E APE=333.376%
  /Users/dipanwitaguhathakurta/Downloads/inference-sim-package/inference-sim/training/trainval_data/21-llama-4-scout-17b-16e-tp2-roleplay-2: TTFT APE=383.892%, E2E APE=221.360%
  /Users/dipanwitaguhathakurta/Downloads/inference-sim-package/inference-sim/training/trainval_data/48-llama-4-scout-17b-16e-tp2-reasoning-lite-2-1: TTFT APE=100.000%, E2E APE=100.000%
  /Users/dipanwitaguhathakurta/Downloads/inference-sim-package/inference-sim/training/trainval_data/66-qwen2-5-7b-instruct-tp1-reasoning-lite-1-1: TTFT APE=100.000%, E2E APE=100.000%
  /Users/dipanwitaguhathakurta/Downloads/inference-sim-package/inference-sim/training/trainval_data/67-llama-2-7b-hf-tp1-reasoning-lite-1-1: TTFT APE=100.000%, E2E APE=100.000%

Results saved to: iterations/iter13/inner_loop_results.json

======================================================================
INNER LOOP COMPLETE
======================================================================
