[I 2026-03-31 15:40:28,374] Trial 350 finished with value: 2749.535533265177 and parameters: {'alpha_0': 0.0010679871665300522, 'alpha_1': 6.110275384214241e-05, 'alpha_2': 4.2886466165300936e-05, 'beta_0': 0.19413783388748226, 'beta_1': 1.0986822135846404, 'beta_2': 0.28224960171288704, 'beta_3': 0.0033981393578880856, 'beta_4': 0.6050940983346939, 'beta_5': 853.1684520958935, 'beta_6': 0.01243469967182263, 'beta_7': 0.031178083859660553, 'beta_8': 8.894858412366169e-05, 'beta_9': 1.380258301173186e-07}. Best is trial 277 with value: 2419.109288143763.
[I 2026-03-31 15:40:29,673] Trial 351 finished with value: 2773.2145993465124 and parameters: {'alpha_0': 0.0006113253906680821, 'alpha_1': 0.00022494372790774877, 'alpha_2': 0.00013131660087279296, 'beta_0': 0.1659150425549847, 'beta_1': 1.1359851614163077, 'beta_2': 0.1708653543422316, 'beta_3': 0.0038810303961378614, 'beta_4': 0.6644313295569656, 'beta_5': 1696.0041417999282, 'beta_6': 0.010001678327650237, 'beta_7': 0.029176201044224567, 'beta_8': 4.733518515798915e-05, 'beta_9': 1.781889875864929e-07}. Best is trial 277 with value: 2419.109288143763.
[I 2026-03-31 15:40:31,051] Trial 352 finished with value: 2636.155098837498 and parameters: {'alpha_0': 0.0009297552877630625, 'alpha_1': 5.42531765119293e-05, 'alpha_2': 0.00013424159167886024, 'beta_0': 0.14996095457832193, 'beta_1': 1.2210366291079566, 'beta_2': 0.31283090693634663, 'beta_3': 0.0026015951526800712, 'beta_4': 0.4168095056054225, 'beta_5': 1674.5108441074576, 'beta_6': 0.019435330933183285, 'beta_7': 0.02821725418708738, 'beta_8': 9.166262185019938e-05, 'beta_9': 2.252609087811612e-07}. Best is trial 277 with value: 2419.109288143763.
[I 2026-03-31 15:40:32,373] Trial 353 finished with value: 2667.836786116223 and parameters: {'alpha_0': 0.0005063301297640005, 'alpha_1': 6.748008756137701e-05, 'alpha_2': 0.0001245646214497406, 'beta_0': 0.14501017676744318, 'beta_1': 1.1121034686792668, 'beta_2': 0.2686384507399218, 'beta_3': 0.0032383388890639556, 'beta_4': 0.46326981328888506, 'beta_5': 1876.5435092597395, 'beta_6': 0.015504752118300486, 'beta_7': 0.030587448634789238, 'beta_8': 8.771749912160078e-05, 'beta_9': 1.3601277602701307e-07}. Best is trial 277 with value: 2419.109288143763.
[I 2026-03-31 15:40:33,711] Trial 354 finished with value: 3603.73354336389 and parameters: {'alpha_0': 0.0007819373367043463, 'alpha_1': 5.871333957575617e-05, 'alpha_2': 4.809584746917144e-05, 'beta_0': 0.15777811974324304, 'beta_1': 1.2605583543693062, 'beta_2': 0.29269804084808837, 'beta_3': 0.003544651837922954, 'beta_4': 0.485260579800432, 'beta_5': 1933.041913866404, 'beta_6': 0.012783398283568682, 'beta_7': 0.029946417447273024, 'beta_8': 8.543969040079e-05, 'beta_9': 1.5239411643982945e-06}. Best is trial 277 with value: 2419.109288143763.
[I 2026-03-31 15:40:35,036] Trial 355 finished with value: 2754.657414582459 and parameters: {'alpha_0': 0.0006791859929703452, 'alpha_1': 7.030987681366174e-05, 'alpha_2': 0.00012398831416787626, 'beta_0': 0.17044198640839087, 'beta_1': 1.1270900798247072, 'beta_2': 0.33085246509037275, 'beta_3': 0.0033834020938890335, 'beta_4': 0.432049299751173, 'beta_5': 1339.0859276518165, 'beta_6': 0.021869284214869646, 'beta_7': 0.028586987400675643, 'beta_8': 2.1582180764948025e-05, 'beta_9': 3.029978188274062e-07}. Best is trial 277 with value: 2419.109288143763.
[I 2026-03-31 15:40:36,343] Trial 356 finished with value: 2569.2561075982185 and parameters: {'alpha_0': 0.0012058841791880437, 'alpha_1': 6.540386040403433e-05, 'alpha_2': 5.904582949054461e-05, 'beta_0': 0.15427304982070672, 'beta_1': 1.1410669326165077, 'beta_2': 0.24995593000075153, 'beta_3': 0.003697757124446513, 'beta_4': 0.4524772645138923, 'beta_5': 1723.0664508799853, 'beta_6': 0.01705248721069802, 'beta_7': 0.02932015836364488, 'beta_8': 5.080012584223263e-05, 'beta_9': 1.955327207482605e-07}. Best is trial 277 with value: 2419.109288143763.
[I 2026-03-31 15:40:38,642] Trial 357 finished with value: 8052.139253804937 and parameters: {'alpha_0': 0.0008513618922344234, 'alpha_1': 0.0001483813581716804, 'alpha_2': 0.0001283595800035535, 'beta_0': 0.16247677537068558, 'beta_1': 1.2715830088518276, 'beta_2': 0.30382267151349074, 'beta_3': 0.0031732863758474564, 'beta_4': 0.49318680705264395, 'beta_5': 1615.4211190004005, 'beta_6': 0.010144140329815797, 'beta_7': 0.02236356257173954, 'beta_8': 4.063783090806093e-05, 'beta_9': 1.3645600204105462e-07}. Best is trial 277 with value: 2419.109288143763.
[I 2026-03-31 15:40:40,003] Trial 358 finished with value: 2633.850758449724 and parameters: {'alpha_0': 0.0007327108202509787, 'alpha_1': 5.413367849392302e-05, 'alpha_2': 0.00015194092892620507, 'beta_0': 0.1666863462572839, 'beta_1': 1.2508255851288728, 'beta_2': 0.3205267850017621, 'beta_3': 0.00351323994665539, 'beta_4': 0.6267632044484392, 'beta_5': 1384.4870570258856, 'beta_6': 0.013968488064438365, 'beta_7': 0.03077135326184713, 'beta_8': 8.635641519979989e-05, 'beta_9': 2.5426226915851806e-07}. Best is trial 277 with value: 2419.109288143763.
[I 2026-03-31 15:40:41,262] Trial 359 finished with value: 3027.987199901003 and parameters: {'alpha_0': 0.000995186646274546, 'alpha_1': 5.922755744481344e-05, 'alpha_2': 7.001739045555823e-05, 'beta_0': 0.16084871126301478, 'beta_1': 1.2306140145318256, 'beta_2': 0.35408004249465086, 'beta_3': 0.0058276917364969375, 'beta_4': 0.5906875470658992, 'beta_5': 941.2333506646418, 'beta_6': 0.019376431222689568, 'beta_7': 0.03161949740419425, 'beta_8': 1.2718659328534671e-05, 'beta_9': 1.7463369041018318e-07}. Best is trial 277 with value: 2419.109288143763.
[I 2026-03-31 15:40:42,660] Trial 360 finished with value: 2714.797285029971 and parameters: {'alpha_0': 0.0008731406710486991, 'alpha_1': 0.00018404836305404478, 'alpha_2': 9.913051110028173e-05, 'beta_0': 0.18153014417157298, 'beta_1': 1.1959410601878946, 'beta_2': 0.25745406309406543, 'beta_3': 0.0024524059461083865, 'beta_4': 0.46982512723841774, 'beta_5': 1571.9632812701625, 'beta_6': 0.015734341884280967, 'beta_7': 0.029974852603412424, 'beta_8': 8.991014241812737e-05, 'beta_9': 2.2094609051034485e-07}. Best is trial 277 with value: 2419.109288143763.Best trial: 277. Best value: 2419.11:  36%|███▌      | 360/1000 [10:36<15:33,  1.46s/it]Best trial: 277. Best value: 2419.11:  36%|███▌      | 360/1000 [10:36<15:33,  1.46s/it]Best trial: 277. Best value: 2419.11:  36%|███▌      | 361/1000 [10:36<15:19,  1.44s/it]                                                                                        Best trial: 277. Best value: 2419.11:  36%|███▌      | 361/1000 [10:37<15:19,  1.44s/it]Best trial: 277. Best value: 2419.11:  36%|███▌      | 361/1000 [10:37<15:19,  1.44s/it]Best trial: 277. Best value: 2419.11:  36%|███▌      | 362/1000 [10:37<15:14,  1.43s/it]                                                                                        Best trial: 277. Best value: 2419.11:  36%|███▌      | 362/1000 [10:39<15:14,  1.43s/it]Best trial: 277. Best value: 2419.11:  36%|███▌      | 362/1000 [10:39<15:14,  1.43s/it]Best trial: 277. Best value: 2419.11:  36%|███▋      | 363/1000 [10:39<15:14,  1.44s/it]                                                                                        Best trial: 277. Best value: 2419.11:  36%|███▋      | 363/1000 [10:40<15:14,  1.44s/it]Best trial: 277. Best value: 2419.11:  36%|███▋      | 363/1000 [10:40<15:14,  1.44s/it]Best trial: 277. Best value: 2419.11:  36%|███▋      | 364/1000 [10:40<15:03,  1.42s/it]                                                                                        Best trial: 277. Best value: 2419.11:  36%|███▋      | 364/1000 [10:42<15:03,  1.42s/it]Best trial: 277. Best value: 2419.11:  36%|███▋      | 364/1000 [10:42<15:03,  1.42s/it]Best trial: 277. Best value: 2419.11:  36%|███▋      | 365/1000 [10:42<14:53,  1.41s/it]                                                                                        Best trial: 277. Best value: 2419.11:  36%|███▋      | 365/1000 [10:43<14:53,  1.41s/it]Best trial: 277. Best value: 2419.11:  36%|███▋      | 365/1000 [10:43<14:53,  1.41s/it]Best trial: 277. Best value: 2419.11:  37%|███▋      | 366/1000 [10:43<14:55,  1.41s/it]                                                                                        Best trial: 277. Best value: 2419.11:  37%|███▋      | 366/1000 [10:45<14:55,  1.41s/it]Best trial: 277. Best value: 2419.11:  37%|███▋      | 366/1000 [10:45<14:55,  1.41s/it]Best trial: 277. Best value: 2419.11:  37%|███▋      | 367/1000 [10:45<14:59,  1.42s/it]                                                                                        Best trial: 277. Best value: 2419.11:  37%|███▋      | 367/1000 [10:47<14:59,  1.42s/it]Best trial: 277. Best value: 2419.11:  37%|███▋      | 367/1000 [10:47<14:59,  1.42s/it]Best trial: 277. Best value: 2419.11:  37%|███▋      | 368/1000 [10:47<16:58,  1.61s/it]                                                                                        Best trial: 277. Best value: 2419.11:  37%|███▋      | 368/1000 [10:48<16:58,  1.61s/it]Best trial: 277. Best value: 2419.11:  37%|███▋      | 368/1000 [10:48<16:58,  1.61s/it]Best trial: 277. Best value: 2419.11:  37%|███▋      | 369/1000 [10:48<16:03,  1.53s/it]                                                                                        Best trial: 277. Best value: 2419.11:  37%|███▋      | 369/1000 [10:49<16:03,  1.53s/it]Best trial: 277. Best value: 2419.11:  37%|███▋      | 369/1000 [10:49<16:03,  1.53s/it]Best trial: 277. Best value: 2419.11:  37%|███▋      | 370/1000 [10:49<15:21,  1.46s/it]                                                                                        Best trial: 277. Best value: 2419.11:  37%|███▋      | 370/1000 [10:51<15:21,  1.46s/it]Best trial: 277. Best value: 2419.11:  37%|███▋      | 370/1000 [10:51<15:21,  1.46s/it]Best trial: 277. Best value: 2419.11:  37%|███▋      | 371/1000 [10:51<14:48,  1.41s/it]                                                                                        Best trial: 277. Best value: 2419.11:  37%|███▋      | 371/1000 [10:52<14:48,  1.41s/it]Best trial: 277. Best value: 2419.11:  37%|███▋      | 371/1000 [10:52<14:48,  1.41s/it]Best trial: 277. Best value: 2419.11:  37%|███▋      | 372/1000 [10:52<14:27,  1.38s/it]                                                                                        Best trial: 277. Best value: 2419.11:  37%|███▋      | 372/1000 [10:53<14:27,  1.38s/it]Best trial: 277. Best value: 2419.11:  37%|███▋      | 372/1000 [10:53<14:27,  1.38s/it]Best trial: 277. Best value: 2419.11:  37%|███▋      | 373/1000 [10:53<14:17,  1.37s/it]                                                                                        Best trial: 277. Best value: 2419.11:  37%|███▋      | 373/1000 [10:54<14:17,  1.37s/it]Best trial: 277. Best value: 2419.11:  37%|███▋      | 373/1000 [10:55<14:17,  1.37s/it]Best trial: 277. Best value: 2419.11:  37%|███▋      | 374/1000 [10:55<14:07,  1.35s/it]                                                                                        Best trial: 277. Best value: 2419.11:  37%|███▋      | 374/1000 [10:56<14:07,  1.35s/it]Best trial: 277. Best value: 2419.11:  37%|███▋      | 374/1000 [10:56<14:07,  1.35s/it]Best trial: 277. Best value: 2419.11:  38%|███▊      | 375/1000 [10:56<14:08,  1.36s/it]                                                                                        
[I 2026-03-31 15:40:44,079] Trial 361 finished with value: 2556.0323154902635 and parameters: {'alpha_0': 0.0033829412065192856, 'alpha_1': 7.758334725322572e-05, 'alpha_2': 0.0001221195691336559, 'beta_0': 0.18903713048663626, 'beta_1': 1.2393620594149122, 'beta_2': 0.2354014540143307, 'beta_3': 0.002841684284578007, 'beta_4': 0.5772627601575414, 'beta_5': 815.3027415098251, 'beta_6': 0.012599002288319554, 'beta_7': 0.028912150930186536, 'beta_8': 9.243126093937659e-05, 'beta_9': 1.0152779100072643e-07}. Best is trial 277 with value: 2419.109288143763.
[I 2026-03-31 15:40:45,521] Trial 362 finished with value: 2683.2808912706205 and parameters: {'alpha_0': 0.004794355725096623, 'alpha_1': 6.395125730120028e-05, 'alpha_2': 0.0001079718501828604, 'beta_0': 0.2928270408386637, 'beta_1': 1.1148567934704687, 'beta_2': 0.3328922717914045, 'beta_3': 0.0031053715548729223, 'beta_4': 0.49145726912195126, 'beta_5': 1967.4072986269139, 'beta_6': 0.01491873937236177, 'beta_7': 0.027588969753276467, 'beta_8': 8.797171523042868e-05, 'beta_9': 1.5997636536175848e-07}. Best is trial 277 with value: 2419.109288143763.
[I 2026-03-31 15:40:46,907] Trial 363 finished with value: 2676.9404160636295 and parameters: {'alpha_0': 0.0006117078564491693, 'alpha_1': 5.435657329387904e-05, 'alpha_2': 0.00012887832304031923, 'beta_0': 0.17050846918249712, 'beta_1': 1.0943842671728519, 'beta_2': 0.21498403355448714, 'beta_3': 0.0027430439231651096, 'beta_4': 0.4785162687255207, 'beta_5': 1639.5179120927373, 'beta_6': 0.018038466930746257, 'beta_7': 0.0294583962590112, 'beta_8': 3.1825243175092206e-05, 'beta_9': 1.3625469762507282e-07}. Best is trial 277 with value: 2419.109288143763.
[I 2026-03-31 15:40:48,283] Trial 364 finished with value: 2510.5989616938086 and parameters: {'alpha_0': 0.00319610761228102, 'alpha_1': 5.011370099758493e-05, 'alpha_2': 0.00013407047772265548, 'beta_0': 0.15742863354725622, 'beta_1': 1.2977604997077965, 'beta_2': 0.2833012914338005, 'beta_3': 0.0033167186258952126, 'beta_4': 0.5652553946456027, 'beta_5': 1791.9807826980095, 'beta_6': 0.010062958501411461, 'beta_7': 0.030164140511143262, 'beta_8': 2.913730729333177e-05, 'beta_9': 1.980191554460588e-07}. Best is trial 277 with value: 2419.109288143763.
[I 2026-03-31 15:40:49,709] Trial 365 finished with value: 2581.6430964490137 and parameters: {'alpha_0': 0.0032169199310800073, 'alpha_1': 5.0570486888369796e-05, 'alpha_2': 0.00013582755306202463, 'beta_0': 0.15354971976749404, 'beta_1': 1.3004466692367724, 'beta_2': 0.2740982037914991, 'beta_3': 0.0033352349592269638, 'beta_4': 0.5867941474173667, 'beta_5': 1825.2208384731548, 'beta_6': 0.010076270317047102, 'beta_7': 0.028156152984259483, 'beta_8': 3.9499231374528405e-05, 'beta_9': 2.7656704070881713e-07}. Best is trial 277 with value: 2419.109288143763.
[I 2026-03-31 15:40:51,143] Trial 366 finished with value: 2615.094050588894 and parameters: {'alpha_0': 0.0035910067199637847, 'alpha_1': 5.0116381875809694e-05, 'alpha_2': 0.0001396727412207477, 'beta_0': 0.1573882930823814, 'beta_1': 1.28683913408488, 'beta_2': 0.2888974681096167, 'beta_3': 0.003451969378355508, 'beta_4': 0.5598526975632181, 'beta_5': 1843.068510146278, 'beta_6': 0.02300451843205637, 'beta_7': 0.030910849005024815, 'beta_8': 2.4132247599127245e-05, 'beta_9': 2.222586759953489e-07}. Best is trial 277 with value: 2419.109288143763.
[I 2026-03-31 15:40:53,203] Trial 367 finished with value: 4606.035624302573 and parameters: {'alpha_0': 0.0007885140744806517, 'alpha_1': 5.6054441327595605e-05, 'alpha_2': 0.0001330803369276044, 'beta_0': 0.19422323225658109, 'beta_1': 1.2743409608225542, 'beta_2': 0.2989043512407004, 'beta_3': 0.0036247591493006326, 'beta_4': 0.574997790551202, 'beta_5': 1787.2245227914996, 'beta_6': 0.01407757521552655, 'beta_7': 0.025313893909715897, 'beta_8': 2.586676013286714e-05, 'beta_9': 1.951540282765641e-07}. Best is trial 277 with value: 2419.109288143763.
[I 2026-03-31 15:40:54,529] Trial 368 finished with value: 2587.9117799646438 and parameters: {'alpha_0': 0.0007048683211972367, 'alpha_1': 5.9674697525719244e-05, 'alpha_2': 0.00012742188794748975, 'beta_0': 0.14930032449709518, 'beta_1': 1.2602137130091946, 'beta_2': 0.2821548618728961, 'beta_3': 0.003249103072128896, 'beta_4': 0.5971620476416124, 'beta_5': 1888.1160311898634, 'beta_6': 0.01250218404490764, 'beta_7': 0.02954303884061152, 'beta_8': 2.9177567384444978e-05, 'beta_9': 2.364419660723307e-07}. Best is trial 277 with value: 2419.109288143763.
[I 2026-03-31 15:40:55,843] Trial 369 finished with value: 2710.884630852369 and parameters: {'alpha_0': 0.0034715862822293844, 'alpha_1': 5.706412224445844e-05, 'alpha_2': 0.00013542706382769243, 'beta_0': 0.17646272109524613, 'beta_1': 1.3010115865922607, 'beta_2': 0.30948249559539076, 'beta_3': 0.0033830015252278483, 'beta_4': 0.5661634688237319, 'beta_5': 1696.7281183259756, 'beta_6': 0.01650272509853179, 'beta_7': 0.028711309514734534, 'beta_8': 3.427383107718849e-05, 'beta_9': 1.3426882683494036e-07}. Best is trial 277 with value: 2419.109288143763.
[I 2026-03-31 15:40:57,141] Trial 370 finished with value: 2626.4209756472414 and parameters: {'alpha_0': 0.003780282175225633, 'alpha_1': 5.0584234206254375e-05, 'alpha_2': 0.0001315389006700188, 'beta_0': 0.16503253724442196, 'beta_1': 1.2964344263596133, 'beta_2': 0.27142970571607217, 'beta_3': 0.0035468062139349817, 'beta_4': 0.49531079429010433, 'beta_5': 1759.0713394660572, 'beta_6': 0.021349048037428608, 'beta_7': 0.030113394213913333, 'beta_8': 2.770069272156424e-05, 'beta_9': 1.8192158760320082e-07}. Best is trial 277 with value: 2419.109288143763.
[I 2026-03-31 15:40:58,446] Trial 371 finished with value: 2543.9552390379745 and parameters: {'alpha_0': 0.000996989644757392, 'alpha_1': 6.344152645715907e-05, 'alpha_2': 0.00013933719679210576, 'beta_0': 0.1570039608004887, 'beta_1': 1.251454946569063, 'beta_2': 0.315780108502025, 'beta_3': 0.0032640240627976776, 'beta_4': 0.4427327801359307, 'beta_5': 1779.2861315225987, 'beta_6': 0.02594113101795977, 'beta_7': 0.029151815190603704, 'beta_8': 9.84311558102026e-05, 'beta_9': 1.335579005896449e-07}. Best is trial 277 with value: 2419.109288143763.
[I 2026-03-31 15:40:59,785] Trial 372 finished with value: 2710.582818061746 and parameters: {'alpha_0': 0.0005759732638895873, 'alpha_1': 5.8454472914004066e-05, 'alpha_2': 0.00012321531932800277, 'beta_0': 0.1685612330274012, 'beta_1': 1.2780678197380835, 'beta_2': 0.3006266835734514, 'beta_3': 0.0037647713195975646, 'beta_4': 0.6116771776787014, 'beta_5': 1813.0529440932282, 'beta_6': 0.018554967128228537, 'beta_7': 0.03040648049161029, 'beta_8': 9.34228904016308e-05, 'beta_9': 3.257519887231662e-07}. Best is trial 277 with value: 2419.109288143763.
[I 2026-03-31 15:41:01,103] Trial 373 finished with value: 2604.011190401653 and parameters: {'alpha_0': 0.0029957007643509623, 'alpha_1': 5.493387591350807e-05, 'alpha_2': 0.00014359001064858417, 'beta_0': 0.16396698937116208, 'beta_1': 1.1791157011607976, 'beta_2': 0.25969603512021466, 'beta_3': 0.003433806164261706, 'beta_4': 0.5028168480937142, 'beta_5': 1730.9906205922002, 'beta_6': 0.012612196722718199, 'beta_7': 0.03262138249799695, 'beta_8': 2.900019031574371e-05, 'beta_9': 2.730504853463792e-07}. Best is trial 277 with value: 2419.109288143763.
[I 2026-03-31 15:41:02,470] Trial 374 finished with value: 2611.5419592260832 and parameters: {'alpha_0': 0.0009078942831110305, 'alpha_1': 6.217253953972606e-05, 'alpha_2': 0.00012589211788840266, 'beta_0': 0.16002921794471314, 'beta_1': 1.284752884764453, 'beta_2': 0.32433092837214256, 'beta_3': 0.003168184768674027, 'beta_4': 0.46754803371249276, 'beta_5': 1855.4590214184675, 'beta_6': 0.014649546293655459, 'beta_7': 0.031242191495844788, 'beta_8': 3.581024893341533e-05, 'beta_9': 2.1210388494978128e-07}. Best is trial 277 with value: 2419.109288143763.
