[I 2026-03-31 15:39:10,523] Trial 305 finished with value: 2620.453250209672 and parameters: {'alpha_0': 0.004847650150936403, 'alpha_1': 6.071222201833338e-05, 'alpha_2': 6.692859983862669e-05, 'beta_0': 0.19861431125953638, 'beta_1': 1.15305106399499, 'beta_2': 0.3239998988891087, 'beta_3': 0.003483260440057704, 'beta_4': 0.48784253163357677, 'beta_5': 1901.6880679516491, 'beta_6': 0.014678746411018805, 'beta_7': 0.029015628423342953, 'beta_8': 3.5481320485705216e-05, 'beta_9': 2.9506882153143834e-07}. Best is trial 277 with value: 2419.109288143763.
[I 2026-03-31 15:39:11,845] Trial 306 finished with value: 2549.421668139951 and parameters: {'alpha_0': 0.0049449740563119945, 'alpha_1': 5.025091517972045e-05, 'alpha_2': 5.686956059081452e-05, 'beta_0': 0.16051344691383557, 'beta_1': 1.2384664629293116, 'beta_2': 0.37296085972918813, 'beta_3': 0.0035358546711065568, 'beta_4': 0.4686465653528145, 'beta_5': 1845.4245480273162, 'beta_6': 0.017331195254403717, 'beta_7': 0.029774499910846335, 'beta_8': 2.2731946894141665e-05, 'beta_9': 2.2596093229436651e-07}. Best is trial 277 with value: 2419.109288143763.
[I 2026-03-31 15:39:13,194] Trial 307 finished with value: 2615.3571185957812 and parameters: {'alpha_0': 0.0010714068876350215, 'alpha_1': 5.6355104807840146e-05, 'alpha_2': 6.122307909253927e-05, 'beta_0': 0.1984000417362903, 'beta_1': 1.2187227938073115, 'beta_2': 0.3041736995936911, 'beta_3': 0.0036174890034924544, 'beta_4': 0.5219506168551439, 'beta_5': 1807.9634584320409, 'beta_6': 0.012956859152927309, 'beta_7': 0.028328329984200016, 'beta_8': 3.529608838344985e-05, 'beta_9': 1.865509951570639e-07}. Best is trial 277 with value: 2419.109288143763.
[I 2026-03-31 15:39:14,546] Trial 308 finished with value: 3350.1075358546577 and parameters: {'alpha_0': 0.0007372219304931557, 'alpha_1': 6.26954718097752e-05, 'alpha_2': 4.556229051055634e-05, 'beta_0': 0.16647640372387407, 'beta_1': 1.2633973518339565, 'beta_2': 0.3419188180227105, 'beta_3': 0.0033069685159936237, 'beta_4': 0.5102902603317335, 'beta_5': 1989.6252158302284, 'beta_6': 0.015376189075863411, 'beta_7': 0.02914991631944516, 'beta_8': 8.8742444769057e-05, 'beta_9': 1.322733403873221e-06}. Best is trial 277 with value: 2419.109288143763.
[I 2026-03-31 15:39:15,844] Trial 309 finished with value: 2710.7874094253784 and parameters: {'alpha_0': 0.0006057130210583574, 'alpha_1': 5.54375252172426e-05, 'alpha_2': 6.859446954131101e-05, 'beta_0': 0.14166242340392668, 'beta_1': 1.1216247938637445, 'beta_2': 0.3260106227704512, 'beta_3': 0.0033530935952083936, 'beta_4': 0.5394420736353804, 'beta_5': 1914.447506707119, 'beta_6': 0.022956656022246988, 'beta_7': 0.030158346217673465, 'beta_8': 2.6697415612479265e-05, 'beta_9': 2.9015845870682254e-07}. Best is trial 277 with value: 2419.109288143763.
[I 2026-03-31 15:39:17,424] Trial 310 finished with value: 3254.371937856141 and parameters: {'alpha_0': 0.0008632217253821897, 'alpha_1': 5.030401924348375e-05, 'alpha_2': 5.483746955288405e-05, 'beta_0': 0.15951499716765974, 'beta_1': 1.1149786179866017, 'beta_2': 0.35785508250631975, 'beta_3': 0.0030650586980774932, 'beta_4': 0.48378849853740963, 'beta_5': 1567.444508244024, 'beta_6': 0.01277978733585203, 'beta_7': 0.026339347565001097, 'beta_8': 1.833759034069327e-05, 'beta_9': 2.339962927816094e-07}. Best is trial 277 with value: 2419.109288143763.
[I 2026-03-31 15:39:18,748] Trial 311 finished with value: 2782.141771555267 and parameters: {'alpha_0': 0.000762971955445083, 'alpha_1': 6.008114816615625e-05, 'alpha_2': 4.820212888606648e-05, 'beta_0': 0.19482975898710989, 'beta_1': 1.1700233160604794, 'beta_2': 0.289216921494535, 'beta_3': 0.003524365852653877, 'beta_4': 0.5236168916306254, 'beta_5': 1866.865342341506, 'beta_6': 0.017541341276395468, 'beta_7': 0.03145547908968536, 'beta_8': 4.9124585141174134e-05, 'beta_9': 1.0062583484909572e-07}. Best is trial 277 with value: 2419.109288143763.
[I 2026-03-31 15:39:20,121] Trial 312 finished with value: 2546.319747528275 and parameters: {'alpha_0': 0.004804086644845731, 'alpha_1': 6.449169264755909e-05, 'alpha_2': 6.375186265839305e-05, 'beta_0': 0.15436002179191738, 'beta_1': 1.2385365667316495, 'beta_2': 0.3093028967965275, 'beta_3': 0.0031257290824781583, 'beta_4': 0.4284205503309212, 'beta_5': 1967.1643355688666, 'beta_6': 0.010157098637841602, 'beta_7': 0.027938484721131106, 'beta_8': 9.207773197363541e-05, 'beta_9': 1.7097038142008968e-07}. Best is trial 277 with value: 2419.109288143763.
[I 2026-03-31 15:39:21,452] Trial 313 finished with value: 2628.446594208538 and parameters: {'alpha_0': 0.0009777179538991126, 'alpha_1': 5.534606207886489e-05, 'alpha_2': 0.00012754282756813858, 'beta_0': 0.1493185497007157, 'beta_1': 1.160167458027117, 'beta_2': 0.3349239521633796, 'beta_3': 0.0032373902200332452, 'beta_4': 0.502479079035284, 'beta_5': 1494.6532443526976, 'beta_6': 0.01978059778964708, 'beta_7': 0.029514620172582343, 'beta_8': 4.234365177797593e-05, 'beta_9': 2.556138492961603e-07}. Best is trial 277 with value: 2419.109288143763.
[I 2026-03-31 15:39:22,766] Trial 314 finished with value: 2699.6873673389555 and parameters: {'alpha_0': 0.0014122477026574016, 'alpha_1': 5.9966603663314785e-05, 'alpha_2': 7.806644255055381e-05, 'beta_0': 0.17911470470042914, 'beta_1': 1.145915676724641, 'beta_2': 0.320033307140776, 'beta_3': 0.0037896214215413686, 'beta_4': 0.5125137304450436, 'beta_5': 1912.9916229982034, 'beta_6': 0.014666817541793182, 'beta_7': 0.0302473478794325, 'beta_8': 2.3805874403031518e-05, 'beta_9': 2.0552587136740996e-07}. Best is trial 277 with value: 2419.109288143763.
[I 2026-03-31 15:39:24,104] Trial 315 finished with value: 2612.719847020201 and parameters: {'alpha_0': 0.0006633722381507249, 'alpha_1': 6.565812398126426e-05, 'alpha_2': 0.00010746579069881269, 'beta_0': 0.16413120850782065, 'beta_1': 1.2521528809940108, 'beta_2': 0.30322697317474157, 'beta_3': 0.003091108592291525, 'beta_4': 0.5309985220214887, 'beta_5': 1944.060051019887, 'beta_6': 0.012581459636005548, 'beta_7': 0.03077680344020456, 'beta_8': 9.28502024893885e-05, 'beta_9': 1.5794749525759585e-07}. Best is trial 277 with value: 2419.109288143763.Best trial: 277. Best value: 2419.11:  32%|███▏      | 315/1000 [09:17<15:25,  1.35s/it]Best trial: 277. Best value: 2419.11:  32%|███▏      | 315/1000 [09:18<15:25,  1.35s/it]Best trial: 277. Best value: 2419.11:  32%|███▏      | 316/1000 [09:18<15:20,  1.35s/it]                                                                                        Best trial: 277. Best value: 2419.11:  32%|███▏      | 316/1000 [09:19<15:20,  1.35s/it]Best trial: 277. Best value: 2419.11:  32%|███▏      | 316/1000 [09:19<15:20,  1.35s/it]Best trial: 277. Best value: 2419.11:  32%|███▏      | 317/1000 [09:19<15:19,  1.35s/it]                                                                                        Best trial: 277. Best value: 2419.11:  32%|███▏      | 317/1000 [09:20<15:19,  1.35s/it]Best trial: 277. Best value: 2419.11:  32%|███▏      | 317/1000 [09:20<15:19,  1.35s/it]Best trial: 277. Best value: 2419.11:  32%|███▏      | 318/1000 [09:20<15:14,  1.34s/it]                                                                                        Best trial: 277. Best value: 2419.11:  32%|███▏      | 318/1000 [09:30<15:14,  1.34s/it]Best trial: 277. Best value: 2419.11:  32%|███▏      | 318/1000 [09:30<15:14,  1.34s/it]Best trial: 277. Best value: 2419.11:  32%|███▏      | 319/1000 [09:30<42:37,  3.76s/it]                                                                                        Best trial: 277. Best value: 2419.11:  32%|███▏      | 319/1000 [09:31<42:37,  3.76s/it]Best trial: 277. Best value: 2419.11:  32%|███▏      | 319/1000 [09:31<42:37,  3.76s/it]Best trial: 277. Best value: 2419.11:  32%|███▏      | 320/1000 [09:31<34:12,  3.02s/it]                                                                                        Best trial: 277. Best value: 2419.11:  32%|███▏      | 320/1000 [09:32<34:12,  3.02s/it]Best trial: 277. Best value: 2419.11:  32%|███▏      | 320/1000 [09:32<34:12,  3.02s/it]Best trial: 277. Best value: 2419.11:  32%|███▏      | 321/1000 [09:32<29:09,  2.58s/it]                                                                                        Best trial: 277. Best value: 2419.11:  32%|███▏      | 321/1000 [09:34<29:09,  2.58s/it]Best trial: 277. Best value: 2419.11:  32%|███▏      | 321/1000 [09:34<29:09,  2.58s/it]Best trial: 277. Best value: 2419.11:  32%|███▏      | 322/1000 [09:34<24:42,  2.19s/it]                                                                                        Best trial: 277. Best value: 2419.11:  32%|███▏      | 322/1000 [09:35<24:42,  2.19s/it]Best trial: 277. Best value: 2419.11:  32%|███▏      | 322/1000 [09:35<24:42,  2.19s/it]Best trial: 277. Best value: 2419.11:  32%|███▏      | 323/1000 [09:35<21:49,  1.93s/it]                                                                                        Best trial: 277. Best value: 2419.11:  32%|███▏      | 323/1000 [09:36<21:49,  1.93s/it]Best trial: 277. Best value: 2419.11:  32%|███▏      | 323/1000 [09:36<21:49,  1.93s/it]Best trial: 277. Best value: 2419.11:  32%|███▏      | 324/1000 [09:36<19:57,  1.77s/it]                                                                                        Best trial: 277. Best value: 2419.11:  32%|███▏      | 324/1000 [09:38<19:57,  1.77s/it]Best trial: 277. Best value: 2419.11:  32%|███▏      | 324/1000 [09:38<19:57,  1.77s/it]Best trial: 277. Best value: 2419.11:  32%|███▎      | 325/1000 [09:38<18:24,  1.64s/it]                                                                                        Best trial: 277. Best value: 2419.11:  32%|███▎      | 325/1000 [09:39<18:24,  1.64s/it]Best trial: 277. Best value: 2419.11:  32%|███▎      | 325/1000 [09:39<18:24,  1.64s/it]Best trial: 277. Best value: 2419.11:  33%|███▎      | 326/1000 [09:39<17:21,  1.55s/it]                                                                                        Best trial: 277. Best value: 2419.11:  33%|███▎      | 326/1000 [09:40<17:21,  1.55s/it]Best trial: 277. Best value: 2419.11:  33%|███▎      | 326/1000 [09:40<17:21,  1.55s/it]Best trial: 277. Best value: 2419.11:  33%|███▎      | 327/1000 [09:40<16:54,  1.51s/it]                                                                                        Best trial: 277. Best value: 2419.11:  33%|███▎      | 327/1000 [09:42<16:54,  1.51s/it]Best trial: 277. Best value: 2419.11:  33%|███▎      | 327/1000 [09:42<16:54,  1.51s/it]Best trial: 277. Best value: 2419.11:  33%|███▎      | 328/1000 [09:42<16:13,  1.45s/it]                                                                                        Best trial: 277. Best value: 2419.11:  33%|███▎      | 328/1000 [09:43<16:13,  1.45s/it]Best trial: 277. Best value: 2419.11:  33%|███▎      | 328/1000 [09:43<16:13,  1.45s/it]Best trial: 277. Best value: 2419.11:  33%|███▎      | 329/1000 [09:43<16:04,  1.44s/it]                                                                                        Best trial: 277. Best value: 2419.11:  33%|███▎      | 329/1000 [09:45<16:04,  1.44s/it]Best trial: 277. Best value: 2419.11:  33%|███▎      | 329/1000 [09:45<16:04,  1.44s/it]Best trial: 277. Best value: 2419.11:  33%|███▎      | 330/1000 [09:45<15:45,  1.41s/it]                                                                                        
[I 2026-03-31 15:39:25,451] Trial 316 finished with value: 2621.537065700981 and parameters: {'alpha_0': 0.0011164152309359287, 'alpha_1': 5.0133102234934964e-05, 'alpha_2': 0.0001023305495789676, 'beta_0': 0.16768985847430076, 'beta_1': 1.1761029577906215, 'beta_2': 0.35020505486742337, 'beta_3': 0.00341349563657506, 'beta_4': 0.4712574722696923, 'beta_5': 1884.8608737349016, 'beta_6': 0.07005362367756983, 'beta_7': 0.029126338426032523, 'beta_8': 3.106582962859278e-05, 'beta_9': 1.4168987488846822e-07}. Best is trial 277 with value: 2419.109288143763.
[I 2026-03-31 15:39:26,778] Trial 317 finished with value: 2679.980104666358 and parameters: {'alpha_0': 0.0005222357505562224, 'alpha_1': 5.793565433272563e-05, 'alpha_2': 0.00011304895604390903, 'beta_0': 0.1582123110695228, 'beta_1': 1.2885851301439455, 'beta_2': 0.39656512719128334, 'beta_3': 0.0036362085308744825, 'beta_4': 0.45620286202640054, 'beta_5': 1938.2251650646726, 'beta_6': 0.016841731395342376, 'beta_7': 0.02863748029055995, 'beta_8': 1.3034001271267303e-05, 'beta_9': 2.0775673236024637e-07}. Best is trial 277 with value: 2419.109288143763.
[I 2026-03-31 15:39:36,169] Trial 318 finished with value: 10666.896253721745 and parameters: {'alpha_0': 0.004992580711339094, 'alpha_1': 6.925711593815119e-05, 'alpha_2': 5.2232483694480984e-05, 'beta_0': 0.20683008357304544, 'beta_1': 1.266779887298346, 'beta_2': 0.3302313785464401, 'beta_3': 0.0034264282730033712, 'beta_4': 0.49517208507408594, 'beta_5': 1634.1709260889968, 'beta_6': 0.012441605611796356, 'beta_7': 0.020212921936533464, 'beta_8': 8.840489199797736e-05, 'beta_9': 1.700574728734344e-07}. Best is trial 277 with value: 2419.109288143763.
[I 2026-03-31 15:39:37,469] Trial 319 finished with value: 2565.1609968199027 and parameters: {'alpha_0': 0.0008372146207838183, 'alpha_1': 6.252729911047885e-05, 'alpha_2': 0.00012494218424484197, 'beta_0': 0.18501401852855212, 'beta_1': 1.2280769312591702, 'beta_2': 0.31104076083353477, 'beta_3': 0.003301274653702194, 'beta_4': 0.5406360053471547, 'beta_5': 1994.0805392907923, 'beta_6': 0.02153181005829746, 'beta_7': 0.02978279870585969, 'beta_8': 9.517948022749252e-05, 'beta_9': 2.63591214317507e-07}. Best is trial 277 with value: 2419.109288143763.
[I 2026-03-31 15:39:39,013] Trial 320 finished with value: 2808.984221922511 and parameters: {'alpha_0': 0.004761312463643639, 'alpha_1': 5.509041013522014e-05, 'alpha_2': 0.00013122325670698548, 'beta_0': 0.23346501101278694, 'beta_1': 1.1227076637682127, 'beta_2': 0.2849113684429021, 'beta_3': 0.0028945162786041907, 'beta_4': 0.5233760265583239, 'beta_5': 1742.962826418748, 'beta_6': 0.014681210900876172, 'beta_7': 0.027563911728222475, 'beta_8': 8.99370608906398e-05, 'beta_9': 1.0178173426747991e-07}. Best is trial 277 with value: 2419.109288143763.
[I 2026-03-31 15:39:40,293] Trial 321 finished with value: 2532.860812594092 and parameters: {'alpha_0': 0.0009181958634641359, 'alpha_1': 6.813371598834522e-05, 'alpha_2': 0.00011261517680827961, 'beta_0': 0.15390799267869834, 'beta_1': 1.105418257462285, 'beta_2': 0.36162591550604245, 'beta_3': 0.0031807260042121767, 'beta_4': 0.488211225284928, 'beta_5': 567.1169816471321, 'beta_6': 0.017394390062468623, 'beta_7': 0.030363940718371858, 'beta_8': 9.667507902791115e-05, 'beta_9': 1.437979811273329e-07}. Best is trial 277 with value: 2419.109288143763.
[I 2026-03-31 15:39:41,636] Trial 322 finished with value: 2505.3916719108483 and parameters: {'alpha_0': 0.0007463149600984147, 'alpha_1': 6.045623071147115e-05, 'alpha_2': 0.00012047464819479599, 'beta_0': 0.1611530563220736, 'beta_1': 1.1854348859255777, 'beta_2': 0.3188211765911138, 'beta_3': 0.003032985765240837, 'beta_4': 0.5077149104455239, 'beta_5': 802.7215219259502, 'beta_6': 0.011989071944327374, 'beta_7': 0.02873049885640562, 'beta_8': 3.7441361388744304e-05, 'beta_9': 1.9449531263847876e-07}. Best is trial 277 with value: 2419.109288143763.
[I 2026-03-31 15:39:43,029] Trial 323 finished with value: 2687.3388593234404 and parameters: {'alpha_0': 0.0007011803609879262, 'alpha_1': 6.352870748561369e-05, 'alpha_2': 0.00012113309788594522, 'beta_0': 0.1618116880745769, 'beta_1': 1.1826926958555737, 'beta_2': 0.2948240349621105, 'beta_3': 0.0029814859719668133, 'beta_4': 0.5027328738981834, 'beta_5': 781.041973921495, 'beta_6': 0.010066128309220896, 'beta_7': 0.028234550180365296, 'beta_8': 3.821148731459117e-05, 'beta_9': 2.174699123924796e-07}. Best is trial 277 with value: 2419.109288143763.
[I 2026-03-31 15:39:44,343] Trial 324 finished with value: 2721.764869451603 and parameters: {'alpha_0': 0.0006420415563243229, 'alpha_1': 6.770828321548227e-05, 'alpha_2': 0.00012724716113978813, 'beta_0': 0.16998902594478787, 'beta_1': 1.1871884736930856, 'beta_2': 0.3417107466153583, 'beta_3': 0.0030374541863691876, 'beta_4': 0.5128907893399016, 'beta_5': 811.4297839030497, 'beta_6': 0.015074367522455358, 'beta_7': 0.028828611067642104, 'beta_8': 3.279628903532345e-05, 'beta_9': 3.1384365872101217e-07}. Best is trial 277 with value: 2419.109288143763.
[I 2026-03-31 15:39:45,681] Trial 325 finished with value: 2687.600913982228 and parameters: {'alpha_0': 0.000816576432395787, 'alpha_1': 0.0001380434882981806, 'alpha_2': 0.00012222441003331767, 'beta_0': 0.16507045432395087, 'beta_1': 1.138605377791631, 'beta_2': 0.32122171958865775, 'beta_3': 0.0035725026642709364, 'beta_4': 0.4761847022504064, 'beta_5': 1827.345118540266, 'beta_6': 0.01206230767565802, 'beta_7': 0.029312140727820644, 'beta_8': 4.025182720779258e-05, 'beta_9': 1.910083529054812e-07}. Best is trial 277 with value: 2419.109288143763.
[I 2026-03-31 15:39:47,098] Trial 326 finished with value: 2718.267413934307 and parameters: {'alpha_0': 0.0005823426758352802, 'alpha_1': 6.0711533617776894e-05, 'alpha_2': 6.21733938997903e-05, 'beta_0': 0.15934916547451314, 'beta_1': 1.1555490521655285, 'beta_2': 0.27765568558826825, 'beta_3': 0.002837116783476781, 'beta_4': 0.5073008328520296, 'beta_5': 752.4434441677219, 'beta_6': 0.0192221265363526, 'beta_7': 0.02784397304253356, 'beta_8': 5.4342001487588755e-05, 'beta_9': 2.5010727763252157e-07}. Best is trial 277 with value: 2419.109288143763.
[I 2026-03-31 15:39:48,408] Trial 327 finished with value: 2733.96337669484 and parameters: {'alpha_0': 0.0007254119175436433, 'alpha_1': 5.789962534420746e-05, 'alpha_2': 0.00011676643307425627, 'beta_0': 0.17405022468987802, 'beta_1': 1.2023611133397798, 'beta_2': 0.30930346519160085, 'beta_3': 0.0034506970969238626, 'beta_4': 0.48994160839936396, 'beta_5': 473.59192697992387, 'beta_6': 0.010112782608404914, 'beta_7': 0.031088233742038257, 'beta_8': 4.549510375947753e-05, 'beta_9': 1.2987803550760267e-07}. Best is trial 277 with value: 2419.109288143763.
[I 2026-03-31 15:39:49,822] Trial 328 finished with value: 2812.9711352239483 and parameters: {'alpha_0': 0.0009121444504440378, 'alpha_1': 6.704731110680211e-05, 'alpha_2': 0.00013200311733692314, 'beta_0': 0.16169308811181968, 'beta_1': 1.1666451656055072, 'beta_2': 0.37948871545718516, 'beta_3': 0.002926232590463114, 'beta_4': 0.5213489378172808, 'beta_5': 675.9233760489894, 'beta_6': 0.015546149805866105, 'beta_7': 0.02716026576641888, 'beta_8': 3.756943133641059e-05, 'beta_9': 1.8545847482383623e-07}. Best is trial 277 with value: 2419.109288143763.
[I 2026-03-31 15:39:51,169] Trial 329 finished with value: 2754.2914967520987 and parameters: {'alpha_0': 0.001751452964378659, 'alpha_1': 0.00017488223220779516, 'alpha_2': 0.00012598391131136237, 'beta_0': 0.16729761257272402, 'beta_1': 1.147275558581704, 'beta_2': 0.0006195595473043741, 'beta_3': 0.0037289010513716944, 'beta_4': 0.6168491786901428, 'beta_5': 554.9265605015066, 'beta_6': 0.023960184043903997, 'beta_7': 0.028834410792699928, 'beta_8': 3.635511405212845e-05, 'beta_9': 2.2445377476367732e-07}. Best is trial 277 with value: 2419.109288143763.
