[I 2026-03-31 15:47:39,798] Trial 620 finished with value: 2781.520888509014 and parameters: {'alpha_0': 0.000542874415240184, 'alpha_1': 6.740911582939133e-05, 'alpha_2': 4.623500091978738e-05, 'beta_0': 0.16495890477030187, 'beta_1': 1.1887282107624972, 'beta_2': 0.3117669349402503, 'beta_3': 0.004308877585460365, 'beta_4': 0.6074451852972622, 'beta_5': 1949.5393218507916, 'beta_6': 0.018175337801688216, 'beta_7': 0.026092175510260454, 'beta_8': 1.2654108545479977e-05, 'beta_9': 1.318353500422784e-07}. Best is trial 537 with value: 2387.245732511589.
[I 2026-03-31 15:47:41,213] Trial 621 finished with value: 2631.7057836720132 and parameters: {'alpha_0': 0.0006173271522432969, 'alpha_1': 7.606314576337893e-05, 'alpha_2': 5.965053244539958e-05, 'beta_0': 0.2854886107812779, 'beta_1': 1.162901443285928, 'beta_2': 0.38269821248295793, 'beta_3': 0.0040044338004582, 'beta_4': 0.5663724633757334, 'beta_5': 1920.8839786753424, 'beta_6': 0.026281677425507723, 'beta_7': 0.02704405681500098, 'beta_8': 1.4316278432711127e-05, 'beta_9': 1.361575688306612e-07}. Best is trial 537 with value: 2387.245732511589.
[I 2026-03-31 15:47:42,648] Trial 622 finished with value: 2543.7673861073545 and parameters: {'alpha_0': 0.0005031748201658083, 'alpha_1': 6.944674536141712e-05, 'alpha_2': 5.266693141532798e-05, 'beta_0': 0.1876286969148674, 'beta_1': 1.1784022800090517, 'beta_2': 0.3549760781235694, 'beta_3': 0.0041310239422695915, 'beta_4': 0.5830691410395743, 'beta_5': 1626.822262223688, 'beta_6': 0.014842755075742987, 'beta_7': 0.027663466532146436, 'beta_8': 1.1712568557494187e-05, 'beta_9': 1.0085873509908779e-07}. Best is trial 537 with value: 2387.245732511589.
[I 2026-03-31 15:47:44,031] Trial 623 finished with value: 2634.9805437719638 and parameters: {'alpha_0': 0.0006439369307052564, 'alpha_1': 6.256965286117719e-05, 'alpha_2': 4.884799979570652e-05, 'beta_0': 0.1906167378583318, 'beta_1': 1.1953826477964056, 'beta_2': 0.3286329566941006, 'beta_3': 0.004142021294839094, 'beta_4': 0.6157580756798773, 'beta_5': 1902.83250933612, 'beta_6': 0.021044676715797548, 'beta_7': 0.028052581440956365, 'beta_8': 1.4698335254793298e-05, 'beta_9': 1.0108072710702585e-07}. Best is trial 537 with value: 2387.245732511589.
[I 2026-03-31 15:47:45,440] Trial 624 finished with value: 2521.4832224120864 and parameters: {'alpha_0': 0.0006922267117517181, 'alpha_1': 6.20690154834997e-05, 'alpha_2': 5.7429151509913565e-05, 'beta_0': 0.1686120607368794, 'beta_1': 1.196765166827038, 'beta_2': 0.34221784210993544, 'beta_3': 0.004362866854006136, 'beta_4': 0.5611474635699508, 'beta_5': 1965.463305396374, 'beta_6': 0.01681352747941905, 'beta_7': 0.027250276308983714, 'beta_8': 5.479199042184638e-05, 'beta_9': 1.5834352608005703e-07}. Best is trial 537 with value: 2387.245732511589.
[I 2026-03-31 15:47:46,817] Trial 625 finished with value: 2582.011213802176 and parameters: {'alpha_0': 0.0006240577448099614, 'alpha_1': 6.775712593596175e-05, 'alpha_2': 4.8836525756806646e-05, 'beta_0': 0.16058660543567657, 'beta_1': 1.1848809777125031, 'beta_2': 0.36957254867473444, 'beta_3': 0.004174980682541451, 'beta_4': 0.5887153067039803, 'beta_5': 1930.5424400696018, 'beta_6': 0.019561916227133793, 'beta_7': 0.028523840948638978, 'beta_8': 4.420352261462507e-05, 'beta_9': 1.3130582945616365e-07}. Best is trial 537 with value: 2387.245732511589.
[I 2026-03-31 15:47:48,179] Trial 626 finished with value: 2452.015183139335 and parameters: {'alpha_0': 0.0007480490467854861, 'alpha_1': 6.0162845772874646e-05, 'alpha_2': 5.4500478706151443e-05, 'beta_0': 0.1861206922555073, 'beta_1': 1.2035123446921703, 'beta_2': 0.31410180452534014, 'beta_3': 0.004460245755881899, 'beta_4': 0.4008129953266394, 'beta_5': 1890.861545983703, 'beta_6': 0.01485630797594792, 'beta_7': 0.028830277577954155, 'beta_8': 9.157777986510126e-05, 'beta_9': 1.6531510167650276e-07}. Best is trial 537 with value: 2387.245732511589.
[I 2026-03-31 15:47:49,566] Trial 627 finished with value: 2574.4689326206158 and parameters: {'alpha_0': 0.0006019455735456268, 'alpha_1': 6.479050354085606e-05, 'alpha_2': 5.2794497327916706e-05, 'beta_0': 0.21260542805197805, 'beta_1': 1.1568219903274801, 'beta_2': 0.29882058096258113, 'beta_3': 0.0046269643519298975, 'beta_4': 0.40870187359699456, 'beta_5': 1883.3033567712748, 'beta_6': 0.023137929496923268, 'beta_7': 0.027901216190563884, 'beta_8': 9.157150385829231e-05, 'beta_9': 1.5875084936124978e-07}. Best is trial 537 with value: 2387.245732511589.
[I 2026-03-31 15:47:50,985] Trial 628 finished with value: 2600.9779014612122 and parameters: {'alpha_0': 0.0007560788189598258, 'alpha_1': 5.855695476049176e-05, 'alpha_2': 5.20081219695074e-05, 'beta_0': 0.18471656245728996, 'beta_1': 1.1296592711446192, 'beta_2': 0.3041228965976652, 'beta_3': 0.004216594470284421, 'beta_4': 0.42172228263504935, 'beta_5': 1962.1443755154937, 'beta_6': 0.016684314448619376, 'beta_7': 0.028692100773895262, 'beta_8': 9.05858734683834e-05, 'beta_9': 1.3331960394821325e-07}. Best is trial 537 with value: 2387.245732511589.
[I 2026-03-31 15:47:52,379] Trial 629 finished with value: 3794.8575651268293 and parameters: {'alpha_0': 0.0006746514185608462, 'alpha_1': 5.726850452825176e-05, 'alpha_2': 5.5251002958933984e-05, 'beta_0': 0.17682249154194196, 'beta_1': 1.1891645731218092, 'beta_2': 0.2813707146564012, 'beta_3': 0.004079646708450675, 'beta_4': 0.40050331204433703, 'beta_5': 1923.6234707566875, 'beta_6': 0.019341869496523258, 'beta_7': 0.028150757968692576, 'beta_8': 9.193671199686955e-05, 'beta_9': 1.8951886062891068e-06}. Best is trial 537 with value: 2387.245732511589.
[I 2026-03-31 15:47:53,768] Trial 630 finished with value: 2644.7560955045465 and parameters: {'alpha_0': 0.0007957312779061664, 'alpha_1': 8.225381818596763e-05, 'alpha_2': 5.376838206388732e-05, 'beta_0': 0.17109541241899523, 'beta_1': 1.2032220293949374, 'beta_2': 0.31211884943771867, 'beta_3': 0.004412273723592461, 'beta_4': 0.434264886925797, 'beta_5': 1880.2673347676082, 'beta_6': 0.01509824794762119, 'beta_7': 0.02753900811942398, 'beta_8': 9.547237238676145e-05, 'beta_9': 1.7616664053052107e-07}. Best is trial 537 with value: 2387.245732511589.Best trial: 537. Best value: 2387.25:  63%|██████▎   | 630/1000 [17:47<08:37,  1.40s/it]Best trial: 537. Best value: 2387.25:  63%|██████▎   | 630/1000 [17:47<08:37,  1.40s/it]Best trial: 537. Best value: 2387.25:  63%|██████▎   | 631/1000 [17:47<08:34,  1.40s/it]                                                                                        Best trial: 537. Best value: 2387.25:  63%|██████▎   | 631/1000 [17:48<08:34,  1.40s/it]Best trial: 537. Best value: 2387.25:  63%|██████▎   | 631/1000 [17:49<08:34,  1.40s/it]Best trial: 537. Best value: 2387.25:  63%|██████▎   | 632/1000 [17:49<08:24,  1.37s/it]                                                                                        Best trial: 537. Best value: 2387.25:  63%|██████▎   | 632/1000 [17:50<08:24,  1.37s/it]Best trial: 537. Best value: 2387.25:  63%|██████▎   | 632/1000 [17:50<08:24,  1.37s/it]Best trial: 537. Best value: 2387.25:  63%|██████▎   | 633/1000 [17:50<08:18,  1.36s/it]                                                                                        Best trial: 537. Best value: 2387.25:  63%|██████▎   | 633/1000 [17:51<08:18,  1.36s/it]Best trial: 537. Best value: 2387.25:  63%|██████▎   | 633/1000 [17:51<08:18,  1.36s/it]Best trial: 537. Best value: 2387.25:  63%|██████▎   | 634/1000 [17:51<08:35,  1.41s/it]                                                                                        Best trial: 537. Best value: 2387.25:  63%|██████▎   | 634/1000 [17:53<08:35,  1.41s/it]Best trial: 537. Best value: 2387.25:  63%|██████▎   | 634/1000 [17:53<08:35,  1.41s/it]Best trial: 537. Best value: 2387.25:  64%|██████▎   | 635/1000 [17:53<08:28,  1.39s/it]                                                                                        Best trial: 537. Best value: 2387.25:  64%|██████▎   | 635/1000 [17:54<08:28,  1.39s/it]Best trial: 537. Best value: 2387.25:  64%|██████▎   | 635/1000 [17:54<08:28,  1.39s/it]Best trial: 537. Best value: 2387.25:  64%|██████▎   | 636/1000 [17:54<08:28,  1.40s/it]                                                                                        Best trial: 537. Best value: 2387.25:  64%|██████▎   | 636/1000 [17:55<08:28,  1.40s/it]Best trial: 537. Best value: 2387.25:  64%|██████▎   | 636/1000 [17:55<08:28,  1.40s/it]Best trial: 537. Best value: 2387.25:  64%|██████▎   | 637/1000 [17:55<08:23,  1.39s/it]                                                                                        Best trial: 537. Best value: 2387.25:  64%|██████▎   | 637/1000 [17:57<08:23,  1.39s/it]Best trial: 537. Best value: 2387.25:  64%|██████▎   | 637/1000 [17:57<08:23,  1.39s/it]Best trial: 537. Best value: 2387.25:  64%|██████▍   | 638/1000 [17:57<08:30,  1.41s/it]                                                                                        Best trial: 537. Best value: 2387.25:  64%|██████▍   | 638/1000 [17:58<08:30,  1.41s/it]Best trial: 537. Best value: 2387.25:  64%|██████▍   | 638/1000 [17:58<08:30,  1.41s/it]Best trial: 537. Best value: 2387.25:  64%|██████▍   | 639/1000 [17:58<08:22,  1.39s/it]                                                                                        Best trial: 537. Best value: 2387.25:  64%|██████▍   | 639/1000 [18:00<08:22,  1.39s/it]Best trial: 537. Best value: 2387.25:  64%|██████▍   | 639/1000 [18:00<08:22,  1.39s/it]Best trial: 537. Best value: 2387.25:  64%|██████▍   | 640/1000 [18:00<08:17,  1.38s/it]                                                                                        Best trial: 537. Best value: 2387.25:  64%|██████▍   | 640/1000 [18:01<08:17,  1.38s/it]Best trial: 537. Best value: 2387.25:  64%|██████▍   | 640/1000 [18:01<08:17,  1.38s/it]Best trial: 537. Best value: 2387.25:  64%|██████▍   | 641/1000 [18:01<08:18,  1.39s/it]                                                                                        Best trial: 537. Best value: 2387.25:  64%|██████▍   | 641/1000 [18:02<08:18,  1.39s/it]Best trial: 537. Best value: 2387.25:  64%|██████▍   | 641/1000 [18:02<08:18,  1.39s/it]Best trial: 537. Best value: 2387.25:  64%|██████▍   | 642/1000 [18:02<08:09,  1.37s/it]                                                                                        Best trial: 537. Best value: 2387.25:  64%|██████▍   | 642/1000 [18:04<08:09,  1.37s/it]Best trial: 537. Best value: 2387.25:  64%|██████▍   | 642/1000 [18:04<08:09,  1.37s/it]Best trial: 537. Best value: 2387.25:  64%|██████▍   | 643/1000 [18:04<08:11,  1.38s/it]                                                                                        Best trial: 537. Best value: 2387.25:  64%|██████▍   | 643/1000 [18:05<08:11,  1.38s/it]Best trial: 537. Best value: 2387.25:  64%|██████▍   | 643/1000 [18:05<08:11,  1.38s/it]Best trial: 537. Best value: 2387.25:  64%|██████▍   | 644/1000 [18:05<08:12,  1.38s/it]                                                                                        Best trial: 537. Best value: 2387.25:  64%|██████▍   | 644/1000 [18:06<08:12,  1.38s/it]Best trial: 537. Best value: 2387.25:  64%|██████▍   | 644/1000 [18:06<08:12,  1.38s/it]Best trial: 537. Best value: 2387.25:  64%|██████▍   | 645/1000 [18:06<08:03,  1.36s/it]                                                                                        
[I 2026-03-31 15:47:55,073] Trial 631 finished with value: 2770.7942317377665 and parameters: {'alpha_0': 0.0007105643926740957, 'alpha_1': 7.212655438133302e-05, 'alpha_2': 6.099930478991719e-05, 'beta_0': 0.1645284846700727, 'beta_1': 1.1020222301208373, 'beta_2': 0.4178226346286814, 'beta_3': 0.004462446074876679, 'beta_4': 0.40418819003954415, 'beta_5': 1997.9892771046627, 'beta_6': 0.11089079331786467, 'beta_7': 0.02892495825663995, 'beta_8': 9.313265644766058e-05, 'beta_9': 1.3204614488415084e-07}. Best is trial 537 with value: 2387.245732511589.
[I 2026-03-31 15:47:56,412] Trial 632 finished with value: 2537.447412194222 and parameters: {'alpha_0': 0.0005848109560836312, 'alpha_1': 6.383072600052866e-05, 'alpha_2': 5.5745536735897524e-05, 'beta_0': 0.17854089336990053, 'beta_1': 1.2150022515941477, 'beta_2': 0.3161296556696679, 'beta_3': 0.004572112408739872, 'beta_4': 0.6022300939732038, 'beta_5': 1935.9545127915644, 'beta_6': 0.015243363778934574, 'beta_7': 0.02843981176420835, 'beta_8': 8.96997186382961e-05, 'beta_9': 1.6722800097430075e-07}. Best is trial 537 with value: 2387.245732511589.
[I 2026-03-31 15:47:57,934] Trial 633 finished with value: 2663.2419056006365 and parameters: {'alpha_0': 0.0008434430898019924, 'alpha_1': 5.487879172780982e-05, 'alpha_2': 4.491804379686111e-05, 'beta_0': 0.1732447005507354, 'beta_1': 1.1754533744692375, 'beta_2': 0.2901497925656361, 'beta_3': 0.0047581179182035445, 'beta_4': 0.6207257383631678, 'beta_5': 1900.9446818976169, 'beta_6': 0.018791754013786913, 'beta_7': 0.02651174845169303, 'beta_8': 9.445094389344742e-05, 'beta_9': 1.0039368368289626e-07}. Best is trial 537 with value: 2387.245732511589.
[I 2026-03-31 15:47:59,296] Trial 634 finished with value: 2409.3215266444245 and parameters: {'alpha_0': 0.0019580685801442667, 'alpha_1': 7.13428158375953e-05, 'alpha_2': 5.675978526441108e-05, 'beta_0': 0.15688494672381673, 'beta_1': 1.1119092192255489, 'beta_2': 0.3901621960737723, 'beta_3': 0.004329215165743388, 'beta_4': 0.4293340902016148, 'beta_5': 1955.973100241984, 'beta_6': 0.010068172116114642, 'beta_7': 0.029049356671647524, 'beta_8': 8.920048032319113e-05, 'beta_9': 1.007063557356482e-07}. Best is trial 537 with value: 2387.245732511589.
[I 2026-03-31 15:48:00,696] Trial 635 finished with value: 2567.2263767323693 and parameters: {'alpha_0': 0.0006690700437730247, 'alpha_1': 7.698000569107651e-05, 'alpha_2': 5.530783251032416e-05, 'beta_0': 0.154225269577915, 'beta_1': 1.1089222166985933, 'beta_2': 0.409147742696101, 'beta_3': 0.004494098234927623, 'beta_4': 0.4171286849232134, 'beta_5': 1379.1994766435653, 'beta_6': 0.021994877189743904, 'beta_7': 0.0272198247874578, 'beta_8': 9.117644644450422e-05, 'beta_9': 1.3086976780113727e-07}. Best is trial 537 with value: 2387.245732511589.
[I 2026-03-31 15:48:02,057] Trial 636 finished with value: 2605.417847187422 and parameters: {'alpha_0': 0.0019280328659481273, 'alpha_1': 7.786398392873163e-05, 'alpha_2': 5.7688618919930206e-05, 'beta_0': 0.15628359716825088, 'beta_1': 1.1231003970029985, 'beta_2': 0.38200609591718093, 'beta_3': 0.004313577174301342, 'beta_4': 0.43445903387415113, 'beta_5': 1867.9491546091356, 'beta_6': 0.014049333424173013, 'beta_7': 0.028029921136349795, 'beta_8': 8.903773101513115e-05, 'beta_9': 1.3150851202517418e-07}. Best is trial 537 with value: 2387.245732511589.
[I 2026-03-31 15:48:03,523] Trial 637 finished with value: 4141.618002838895 and parameters: {'alpha_0': 0.0022854849377805945, 'alpha_1': 6.734782316242389e-05, 'alpha_2': 6.236847718089768e-05, 'beta_0': 0.14903554445169237, 'beta_1': 1.113929701729878, 'beta_2': 0.3963912937321472, 'beta_3': 0.004157837925623941, 'beta_4': 0.4293334111784517, 'beta_5': 1545.4514649971754, 'beta_6': 0.016933372274458798, 'beta_7': 0.02498897969531276, 'beta_8': 8.899490200881612e-05, 'beta_9': 1.2374921685208793e-07}. Best is trial 537 with value: 2387.245732511589.
[I 2026-03-31 15:48:04,876] Trial 638 finished with value: 2528.3797171383735 and parameters: {'alpha_0': 0.0025111623382927627, 'alpha_1': 7.979884457642273e-05, 'alpha_2': 5.0925684552709214e-05, 'beta_0': 0.15838735614868552, 'beta_1': 1.0964493863203335, 'beta_2': 0.40134855892159604, 'beta_3': 0.004373943357608439, 'beta_4': 0.4041873680489327, 'beta_5': 1975.0327334131525, 'beta_6': 0.012228569739531379, 'beta_7': 0.028919093740916092, 'beta_8': 9.3082199286846e-05, 'beta_9': 1.3050291368758764e-07}. Best is trial 537 with value: 2387.245732511589.
[I 2026-03-31 15:48:06,238] Trial 639 finished with value: 3780.650572002355 and parameters: {'alpha_0': 0.0014287056622330416, 'alpha_1': 7.299019901258036e-05, 'alpha_2': 6.037310790531847e-05, 'beta_0': 0.16036966146906795, 'beta_1': 1.1013056504641203, 'beta_2': 0.39060796616410043, 'beta_3': 0.004397597440474208, 'beta_4': 0.4151676211983413, 'beta_5': 1918.2081564197097, 'beta_6': 0.024451641987177655, 'beta_7': 0.02898455228676179, 'beta_8': 8.883979911849369e-05, 'beta_9': 1.651143788862673e-06}. Best is trial 537 with value: 2387.245732511589.
[I 2026-03-31 15:48:07,637] Trial 640 finished with value: 2524.586667215318 and parameters: {'alpha_0': 0.0013321189762010685, 'alpha_1': 7.223683576602791e-05, 'alpha_2': 0.000164011562611679, 'beta_0': 0.1510669484468493, 'beta_1': 1.0854581131278944, 'beta_2': 0.37817710791189796, 'beta_3': 0.00441171661337595, 'beta_4': 0.6292590907570661, 'beta_5': 1949.6896981378654, 'beta_6': 0.014242736994177446, 'beta_7': 0.028365093040990653, 'beta_8': 9.310121114652674e-05, 'beta_9': 1.0459232342502714e-07}. Best is trial 537 with value: 2387.245732511589.
[I 2026-03-31 15:48:08,956] Trial 641 finished with value: 2734.023246554834 and parameters: {'alpha_0': 0.0005090708688205118, 'alpha_1': 7.05807122271357e-05, 'alpha_2': 5.5369690150968104e-05, 'beta_0': 0.16213880318865243, 'beta_1': 1.1149863800382318, 'beta_2': 0.3833159971329835, 'beta_3': 0.00425410513512383, 'beta_4': 0.45066385307254636, 'beta_5': 1341.2457350849932, 'beta_6': 0.06924798396151609, 'beta_7': 0.02919791153855066, 'beta_8': 8.991791922281702e-05, 'beta_9': 1.0240907769219392e-07}. Best is trial 537 with value: 2387.245732511589.
[I 2026-03-31 15:48:10,352] Trial 642 finished with value: 2586.353281091524 and parameters: {'alpha_0': 0.0016365937087760424, 'alpha_1': 6.785989919289189e-05, 'alpha_2': 4.571970690221829e-05, 'beta_0': 0.1550135930277158, 'beta_1': 1.128869993366793, 'beta_2': 0.39098353020558424, 'beta_3': 0.004582259890731393, 'beta_4': 0.4085339345696821, 'beta_5': 1893.049309953681, 'beta_6': 0.019968227672894426, 'beta_7': 0.02768588277921758, 'beta_8': 9.117168160509433e-05, 'beta_9': 1.0084240830487786e-07}. Best is trial 537 with value: 2387.245732511589.
[I 2026-03-31 15:48:11,752] Trial 643 finished with value: 2533.840643841425 and parameters: {'alpha_0': 0.0006968674401318766, 'alpha_1': 6.223324142332236e-05, 'alpha_2': 4.945217500516048e-05, 'beta_0': 0.15855718659540313, 'beta_1': 1.1409365276495684, 'beta_2': 0.41506683164720315, 'beta_3': 0.004261261065598137, 'beta_4': 0.4031632999662615, 'beta_5': 1858.469170786341, 'beta_6': 0.01020814605183163, 'beta_7': 0.028417790629618845, 'beta_8': 8.890225144128e-05, 'beta_9': 1.768303462439545e-07}. Best is trial 537 with value: 2387.245732511589.
[I 2026-03-31 15:48:13,062] Trial 644 finished with value: 2621.383724593935 and parameters: {'alpha_0': 0.0033158899591323628, 'alpha_1': 7.387472216549054e-05, 'alpha_2': 5.287671907367833e-05, 'beta_0': 0.16375018131651384, 'beta_1': 1.1185183354488246, 'beta_2': 0.366562494272076, 'beta_3': 0.00444981779051962, 'beta_4': 0.4431754529934845, 'beta_5': 1968.3792556808503, 'beta_6': 0.0170248053351105, 'beta_7': 0.0290958134538394, 'beta_8': 9.386943528370069e-05, 'beta_9': 1.5666796188971759e-07}. Best is trial 537 with value: 2387.245732511589.
