[I 2026-03-31 15:30:06,133] A new study created in memory with name: iter13_evolved
======================================================================
INNER LOOP SETUP
======================================================================

Iteration: 13
Backend: evolved
Reasoning: Iteration 13: Return to Iter7 Stable Baseline + Sequence-Length Term

**Critical Learning**: Iter9-12 catastrophic failures (161% → 4267% → 4084% → 2590%) were caused by:
1. Warm-starting from inflated coefficients (iter9 had β₆=99ms, β₂=0.82, β₈=73μs after β₉ rejection)
2. Collinearity between β₁₀ and β₃' (both scale with sequence length)
3. Missing the stable foundation - iter7 (155%) was better than iter6 (162%)

**Strategy**: Return to iter7 stable baseline + add sequence-length term

**Previous iteration (iter12)**: Catastrophic failure (loss 2590%, 16× worse than iter9)
- Widened β₃' bounds to capture bandwidth saturation
- Result: β₃' collapsed (0.252μs → 0.064μs), moved AWAY from target
- Root cause: Warm-started from iter9's inflated coefficients, collinearity with β₁₀

**This iteration returns to iter7 stable baseline**:
- Iter7 had loss 155.37% (7pp better than iter6's 162%)
- Iter7's β₇ (decode overhead) stabilized β₁ (1.851→1.108) and β₄ (1.451→0.713)
- All iter7 coefficients physically plausible except β₅ (0.0411 collapsed, should be 300-1000)

**Architecture changes**:
- KEEP all iter7 terms (β₀-β₇, proven stable)
- ADD β₈ from iter8 (30μs MoE routing, captures real 39ms Scout mechanism)
- ADD β₁₀ (batching inefficiency, addresses iter9's sequence-length discovery)
- DO NOT add β₃' (causes collinearity with β₁₀)
- Total: 3 alpha + 10 beta

**Warm-start source**:
- Alpha: Iter7 optimal [1.32ms, 118μs, 90.5μs]
- Beta[0-7]: Iter7 optimal (β₀-β₇)
- Beta[8]: Iter8 optimal for β₈ (30μs)
- Beta[9]: NEW β₁₀ (0.5μs initial, mid-range of 0.1-1.0μs expected)

**Key insight from iter9**: Scout's bottleneck is sequence-length-dependent (not FP8):
- Short-sequence Scout improved: roleplay -53pp, codegen -34pp
- Long-sequence Scout failed: general-lite 0pp, reasoning-lite -8pp
- β₁₀ (batching inefficiency) addresses this with quadratic scaling: prefillTokens² / batchSize

**Expected outcome**: Loss 155% → 120-140% (15-35pp improvement), stable foundation for iter14+

**Risk mitigation**:
- Clean warm-start from iter7 (not inflated iter9-12) prevents trapped local optimum
- Proven architecture (iter7 + iter8) minimizes risk
- If β₁₀ causes problems, can remove for iter14 (still have stable iter7 baseline)

Modified files: ['sim/latency/evolved_model.go']

Verifying declared files...
  ✓ sim/latency/evolved_model.go

Running pre-flight validation...
🔍 Validating backend 'evolved' integration...

  ✅ Backend registered in sim/bundle.go
  ✅ Auto-fetch block found in cmd/root.go
  ✅ Backend in analytical backends config loading condition
  ✅ BLIS binary is up-to-date

  🧪 Running test simulation with backend 'evolved'...
  📋 Using coefficients from iteration 13:
     Alpha: 3 coefficients
     Beta: 10 coefficients
  ✅ Test simulation succeeded

======================================================================
✅ ALL VALIDATION CHECKS PASSED
======================================================================

Backend 'evolved' is properly integrated and ready for optimization!


Coefficient bounds loaded:
  Alpha: 3 coefficients
  Beta: 10 coefficients

Python executable: /Users/dipanwitaguhathakurta/Downloads/inference-sim-package/inference-sim/.inference-sim-env/bin/python3

Compiling BLIS...
  ✓ Compilation successful (0.1s)

Setup complete. Ready to optimize evolved.
======================================================================

======================================================================
BAYESIAN OPTIMIZATION (up to 1000 trials)
Early stopping: stops if no improvement in 200-trial window
Random seed: 42 (deterministic)
======================================================================
  Warm-start: Enqueued initial trial with suggested values
  0%|          | 0/1000 [00:00<?, ?it/s]                                          0%|          | 0/1000 [00:01<?, ?it/s]Best trial: 0. Best value: 2937.33:   0%|          | 0/1000 [00:01<?, ?it/s]Best trial: 0. Best value: 2937.33:   0%|          | 1/1000 [00:01<23:07,  1.39s/it]                                                                                    Best trial: 0. Best value: 2937.33:   0%|          | 1/1000 [00:33<23:07,  1.39s/it]Best trial: 0. Best value: 2937.33:   0%|          | 1/1000 [00:33<23:07,  1.39s/it]Best trial: 0. Best value: 2937.33:   0%|          | 2/1000 [00:33<5:21:07, 19.31s/it]                                                                                      Best trial: 0. Best value: 2937.33:   0%|          | 2/1000 [00:42<5:21:07, 19.31s/it]Best trial: 0. Best value: 2937.33:   0%|          | 2/1000 [00:42<5:21:07, 19.31s/it]Best trial: 0. Best value: 2937.33:   0%|          | 3/1000 [00:42<4:07:02, 14.87s/it]                                                                                      Best trial: 0. Best value: 2937.33:   0%|          | 3/1000 [00:52<4:07:02, 14.87s/it]Best trial: 0. Best value: 2937.33:   0%|          | 3/1000 [00:52<4:07:02, 14.87s/it]Best trial: 0. Best value: 2937.33:   0%|          | 4/1000 [00:52<3:32:14, 12.79s/it]                                                                                      Best trial: 0. Best value: 2937.33:   0%|          | 4/1000 [01:01<3:32:14, 12.79s/it]Best trial: 0. Best value: 2937.33:   0%|          | 4/1000 [01:01<3:32:14, 12.79s/it]Best trial: 0. Best value: 2937.33:   0%|          | 5/1000 [01:01<3:12:08, 11.59s/it]                                                                                      Best trial: 0. Best value: 2937.33:   0%|          | 5/1000 [01:03<3:12:08, 11.59s/it]Best trial: 0. Best value: 2937.33:   0%|          | 5/1000 [01:03<3:12:08, 11.59s/it]Best trial: 0. Best value: 2937.33:   1%|          | 6/1000 [01:03<2:13:48,  8.08s/it]                                                                                      Best trial: 0. Best value: 2937.33:   1%|          | 6/1000 [01:04<2:13:48,  8.08s/it]Best trial: 6. Best value: 2847.83:   1%|          | 6/1000 [01:04<2:13:48,  8.08s/it]Best trial: 6. Best value: 2847.83:   1%|          | 7/1000 [01:04<1:36:51,  5.85s/it]                                                                                      Best trial: 6. Best value: 2847.83:   1%|          | 7/1000 [01:05<1:36:51,  5.85s/it]Best trial: 6. Best value: 2847.83:   1%|          | 7/1000 [01:05<1:36:51,  5.85s/it]Best trial: 6. Best value: 2847.83:   1%|          | 8/1000 [01:05<1:12:24,  4.38s/it]                                                                                      Best trial: 6. Best value: 2847.83:   1%|          | 8/1000 [01:07<1:12:24,  4.38s/it]Best trial: 6. Best value: 2847.83:   1%|          | 8/1000 [01:07<1:12:24,  4.38s/it]Best trial: 6. Best value: 2847.83:   1%|          | 9/1000 [01:07<57:10,  3.46s/it]                                                                                      Best trial: 6. Best value: 2847.83:   1%|          | 9/1000 [01:08<57:10,  3.46s/it]Best trial: 6. Best value: 2847.83:   1%|          | 9/1000 [01:08<57:10,  3.46s/it]Best trial: 6. Best value: 2847.83:   1%|          | 10/1000 [01:08<47:19,  2.87s/it]                                                                                     Best trial: 6. Best value: 2847.83:   1%|          | 10/1000 [01:09<47:19,  2.87s/it]Best trial: 6. Best value: 2847.83:   1%|          | 10/1000 [01:09<47:19,  2.87s/it]Best trial: 6. Best value: 2847.83:   1%|          | 11/1000 [01:09<38:41,  2.35s/it]                                                                                     Best trial: 6. Best value: 2847.83:   1%|          | 11/1000 [01:11<38:41,  2.35s/it]Best trial: 6. Best value: 2847.83:   1%|          | 11/1000 [01:11<38:41,  2.35s/it]Best trial: 6. Best value: 2847.83:   1%|          | 12/1000 [01:11<33:15,  2.02s/it]                                                                                     Best trial: 6. Best value: 2847.83:   1%|          | 12/1000 [01:12<33:15,  2.02s/it]Best trial: 6. Best value: 2847.83:   1%|          | 12/1000 [01:12<33:15,  2.02s/it]Best trial: 6. Best value: 2847.83:   1%|▏         | 13/1000 [01:12<29:47,  1.81s/it]                                                                                     Best trial: 6. Best value: 2847.83:   1%|▏         | 13/1000 [01:13<29:47,  1.81s/it]Best trial: 6. Best value: 2847.83:   1%|▏         | 13/1000 [01:13<29:47,  1.81s/it]Best trial: 6. Best value: 2847.83:   1%|▏         | 14/1000 [01:13<27:24,  1.67s/it]                                                                                     Best trial: 6. Best value: 2847.83:   1%|▏         | 14/1000 [01:14<27:24,  1.67s/it]Best trial: 6. Best value: 2847.83:   1%|▏         | 14/1000 [01:14<27:24,  1.67s/it]Best trial: 6. Best value: 2847.83:   2%|▏         | 15/1000 [01:14<25:02,  1.53s/it]                                                                                     [I 2026-03-31 15:30:07,527] Trial 0 finished with value: 2937.333616187474 and parameters: {'alpha_0': 0.0013203, 'alpha_1': 0.00011755, 'alpha_2': 9.054e-05, 'beta_0': 0.19116, 'beta_1': 1.10758, 'beta_2': 0.18458, 'beta_3': 0.0044, 'beta_4': 0.71324, 'beta_5': 500.0, 'beta_6': 0.01316, 'beta_7': 0.02626, 'beta_8': 3e-05, 'beta_9': 5e-07}. Best is trial 0 with value: 2937.333616187474.
[I 2026-03-31 15:30:39,375] Trial 1 finished with value: 8443.39022956025 and parameters: {'alpha_0': 0.002185430534813131, 'alpha_1': 0.000287678576602479, 'alpha_2': 0.0001937187277803951, 'beta_0': 0.21973169683940733, 'beta_1': 1.0780093202212182, 'beta_2': 0.09359671220172158, 'beta_3': 0.000725268228141917, 'beta_4': 0.9197056874649611, 'beta_5': 1202.2300234864176, 'beta_6': 0.10913016089144637, 'beta_7': 0.008658703817465679, 'beta_8': 9.72918866945795e-05, 'beta_9': 1.6816410175208013e-06}. Best is trial 0 with value: 2937.333616187474.
[I 2026-03-31 15:30:48,960] Trial 2 finished with value: 8952.066478991195 and parameters: {'alpha_0': 0.001455525998052243, 'alpha_1': 9.545624180177515e-05, 'alpha_2': 7.85149470692211e-05, 'beta_0': 0.16084844859190756, 'beta_1': 1.262378215816119, 'beta_2': 0.25916701118526947, 'beta_3': 0.0020308831851090347, 'beta_4': 0.7671117368334277, 'beta_5': 278.98772130408366, 'beta_6': 0.05090025079493054, 'beta_7': 0.019723578985398133, 'beta_8': 5.1046298579533235e-05, 'beta_9': 1.591834326646726e-06}. Best is trial 0 with value: 2937.333616187474.
[I 2026-03-31 15:30:58,554] Trial 3 finished with value: 7842.106196010378 and parameters: {'alpha_0': 0.001398532019712619, 'alpha_1': 0.00017855860960340288, 'alpha_2': 0.00016440705946102891, 'beta_0': 0.10929008254399955, 'beta_1': 1.303772425950719, 'beta_2': 0.10231447421237491, 'beta_3': 0.0007642889207175654, 'beta_4': 0.9693313223519999, 'beta_5': 1931.2640661491187, 'beta_6': 0.12317562873630454, 'beta_7': 0.017747640613547864, 'beta_8': 1.879049026057455e-05, 'beta_9': 1.4000427503730981e-06}. Best is trial 0 with value: 2937.333616187474.
[I 2026-03-31 15:31:08,014] Trial 4 finished with value: 7968.277851944267 and parameters: {'alpha_0': 0.002480686221828206, 'alpha_1': 8.05095587111947e-05, 'alpha_2': 0.00014398715112336674, 'beta_0': 0.10687770422304368, 'beta_1': 1.454660201039391, 'beta_2': 0.15526798896001015, 'beta_3': 0.004110124792382299, 'beta_4': 0.5870266456536466, 'beta_5': 1040.1360423556216, 'beta_6': 0.08653943910805914, 'beta_7': 0.013915342576816866, 'beta_8': 9.726261649881027e-05, 'beta_9': 1.5727523643861176e-06}. Best is trial 0 with value: 2937.333616187474.
[I 2026-03-31 15:31:09,279] Trial 5 finished with value: 3282.406559346322 and parameters: {'alpha_0': 0.004727745237038851, 'alpha_1': 0.0002737068376069122, 'alpha_2': 0.0001655589955503279, 'beta_0': 0.28437484700462334, 'beta_1': 1.0442462510259598, 'beta_2': 0.11758971745148711, 'beta_3': 0.0006532728178990132, 'beta_4': 0.5951981984579586, 'beta_5': 777.354579378964, 'beta_6': 0.04798886444834542, 'beta_7': 0.03451960029286174, 'beta_8': 4.210779940242304e-05, 'beta_9': 6.337755684060234e-07}. Best is trial 0 with value: 2937.333616187474.
[I 2026-03-31 15:31:10,550] Trial 6 finished with value: 2847.8259479041844 and parameters: {'alpha_0': 0.0029421323742121184, 'alpha_1': 8.523105624369065e-05, 'alpha_2': 0.00020846136595834835, 'beta_0': 0.11491012873595417, 'beta_1': 1.4934434683002586, 'beta_2': 0.46334686157799443, 'beta_3': 0.0015128078165913654, 'beta_4': 0.4033132702741615, 'beta_5': 1630.9228569096683, 'beta_6': 0.10896002813866638, 'beta_7': 0.0313282293773116, 'beta_8': 7.941433120173513e-05, 'beta_9': 2.406848382947717e-07}. Best is trial 6 with value: 2847.8259479041844.
[I 2026-03-31 15:31:11,778] Trial 7 finished with value: 2893.407303703938 and parameters: {'alpha_0': 0.002113095778449227, 'alpha_1': 7.896726488128243e-05, 'alpha_2': 0.00022125171943387464, 'beta_0': 0.22465962536551157, 'beta_1': 1.1654490124263246, 'beta_2': 0.03813501017161418, 'beta_3': 0.0021415010016077084, 'beta_4': 0.5951099932160483, 'beta_5': 1459.2123566761281, 'beta_6': 0.09925804598972983, 'beta_7': 0.03639080776244245, 'beta_8': 5.249934326457544e-05, 'beta_9': 3.272290672827732e-07}. Best is trial 6 with value: 2847.8259479041844.
[I 2026-03-31 15:31:13,220] Trial 8 finished with value: 3551.3777724313063 and parameters: {'alpha_0': 0.0037096015425034778, 'alpha_1': 0.00024019626215422433, 'alpha_2': 0.00015786821148959423, 'beta_0': 0.2541934359909122, 'beta_1': 1.2468977981821954, 'beta_2': 0.3136396976291964, 'beta_3': 0.002794229702807878, 'beta_4': 0.4152514760464571, 'beta_5': 215.7828539866089, 'beta_6': 0.014400085996142795, 'beta_7': 0.028365133160440974, 'beta_8': 3.8292038296869404e-05, 'beta_9': 1.0662843132129352e-06}. Best is trial 6 with value: 2847.8259479041844.
[I 2026-03-31 15:31:14,759] Trial 9 finished with value: 4407.529745915989 and parameters: {'alpha_0': 0.004584049132667419, 'alpha_1': 0.00011232305728721873, 'alpha_2': 0.00012618041383748226, 'beta_0': 0.25111022770860975, 'beta_1': 1.1143990827458112, 'beta_2': 0.046187945897275796, 'beta_3': 0.002022608136317101, 'beta_4': 0.49673277235240265, 'beta_5': 1859.3953046851461, 'beta_6': 0.12313685313901836, 'beta_7': 0.02826892020833355, 'beta_8': 8.84314531168946e-05, 'beta_9': 1.6269769461083176e-06}. Best is trial 6 with value: 2847.8259479041844.
[I 2026-03-31 15:31:15,925] Trial 10 finished with value: 4120.219190991047 and parameters: {'alpha_0': 0.0034147276589456418, 'alpha_1': 0.00016833183036366712, 'alpha_2': 0.00024360279326545188, 'beta_0': 0.1499250661682379, 'beta_1': 1.4919388541692706, 'beta_2': 0.5223169824259324, 'beta_3': 0.005774716177294352, 'beta_4': 0.40653592577705455, 'beta_5': 1489.321798901471, 'beta_6': 0.14893077316444725, 'beta_7': 0.03963689896729021, 'beta_8': 7.340408257375803e-05, 'beta_9': 1.4467381511203277e-07}. Best is trial 6 with value: 2847.8259479041844.
[I 2026-03-31 15:31:17,194] Trial 11 finished with value: 2886.7851661003237 and parameters: {'alpha_0': 0.003149899427433171, 'alpha_1': 5.6005159258960745e-05, 'alpha_2': 0.000237399089414395, 'beta_0': 0.19370632399326854, 'beta_1': 1.3838129988503958, 'beta_2': 0.4934784303605781, 'beta_3': 0.0021789626618578814, 'beta_4': 0.5726723298669655, 'beta_5': 1524.2769519339543, 'beta_6': 0.08948168918375018, 'beta_7': 0.03435153402741137, 'beta_8': 6.801985210480595e-05, 'beta_9': 1.6381318137549667e-07}. Best is trial 6 with value: 2847.8259479041844.
[I 2026-03-31 15:31:18,526] Trial 12 finished with value: 3003.0410807341455 and parameters: {'alpha_0': 0.003271805229378829, 'alpha_1': 5.2592170474931684e-05, 'alpha_2': 0.0002477070285956089, 'beta_0': 0.14718895603840548, 'beta_1': 1.3910698957554617, 'beta_2': 0.510536685935561, 'beta_3': 0.0014827512891551747, 'beta_4': 0.5062446169430511, 'beta_5': 1595.9897381580345, 'beta_6': 0.06581131108400992, 'beta_7': 0.03172379111599829, 'beta_8': 7.434805089572111e-05, 'beta_9': 7.440596678845388e-07}. Best is trial 6 with value: 2847.8259479041844.
[I 2026-03-31 15:31:19,862] Trial 13 finished with value: 2935.036577948029 and parameters: {'alpha_0': 0.0038966230071365696, 'alpha_1': 0.00015335352492317817, 'alpha_2': 0.00020483981055072664, 'beta_0': 0.18304132327266, 'beta_1': 1.3949828442656664, 'beta_2': 0.4229562495609063, 'beta_3': 0.0032150394945732567, 'beta_4': 0.8086592148099022, 'beta_5': 1255.4051558179085, 'beta_6': 0.07574729275585881, 'beta_7': 0.03231121605771946, 'beta_8': 7.130934854751365e-05, 'beta_9': 1.8243814364927127e-07}. Best is trial 6 with value: 2847.8259479041844.
[I 2026-03-31 15:31:21,058] Trial 14 finished with value: 4515.416739255076 and parameters: {'alpha_0': 0.0005697967189740218, 'alpha_1': 6.0377542639444156e-05, 'alpha_2': 4.099542512714873e-05, 'beta_0': 0.1287600177370159, 'beta_1': 1.3862263283638485, 'beta_2': 0.5877878998087374, 'beta_3': 0.0030972756729111643, 'beta_4': 0.5091446443475663, 'beta_5': 1692.1464641321093, 'beta_6': 0.14687818080353313, 'beta_7': 0.03680687477705616, 'beta_8': 6.396767599776617e-05, 'beta_9': 9.302911423491755e-07}. Best is trial 6 with value: 2847.8259479041844.
