[I 2026-03-31 15:37:30,079] Trial 240 finished with value: 2633.290895788633 and parameters: {'alpha_0': 0.0038726364832096954, 'alpha_1': 8.374596844546944e-05, 'alpha_2': 0.00012100573491414599, 'beta_0': 0.14802304167774674, 'beta_1': 1.1085620562215657, 'beta_2': 0.13264124051792087, 'beta_3': 0.002712694155043438, 'beta_4': 0.538276083063813, 'beta_5': 204.86551199251136, 'beta_6': 0.010116246519524107, 'beta_7': 0.02872979601415666, 'beta_8': 8.174752726075656e-05, 'beta_9': 1.6008112469996703e-07}. Best is trial 214 with value: 2441.777350257716.Best trial: 214. Best value: 2441.78:  24%|██▍       | 240/1000 [07:23<48:37,  3.84s/it]Best trial: 214. Best value: 2441.78:  24%|██▍       | 240/1000 [07:23<48:37,  3.84s/it]Best trial: 214. Best value: 2441.78:  24%|██▍       | 241/1000 [07:23<39:16,  3.10s/it]                                                                                        Best trial: 214. Best value: 2441.78:  24%|██▍       | 241/1000 [07:25<39:16,  3.10s/it]Best trial: 214. Best value: 2441.78:  24%|██▍       | 241/1000 [07:25<39:16,  3.10s/it]Best trial: 214. Best value: 2441.78:  24%|██▍       | 242/1000 [07:25<32:26,  2.57s/it]                                                                                        Best trial: 214. Best value: 2441.78:  24%|██▍       | 242/1000 [07:26<32:26,  2.57s/it]Best trial: 214. Best value: 2441.78:  24%|██▍       | 242/1000 [07:26<32:26,  2.57s/it]Best trial: 214. Best value: 2441.78:  24%|██▍       | 243/1000 [07:26<28:05,  2.23s/it]                                                                                        Best trial: 214. Best value: 2441.78:  24%|██▍       | 243/1000 [07:27<28:05,  2.23s/it]Best trial: 214. Best value: 2441.78:  24%|██▍       | 243/1000 [07:28<28:05,  2.23s/it]Best trial: 214. Best value: 2441.78:  24%|██▍       | 244/1000 [07:28<24:34,  1.95s/it]                                                                                        Best trial: 214. Best value: 2441.78:  24%|██▍       | 244/1000 [07:29<24:34,  1.95s/it]Best trial: 214. Best value: 2441.78:  24%|██▍       | 244/1000 [07:29<24:34,  1.95s/it]Best trial: 214. Best value: 2441.78:  24%|██▍       | 245/1000 [07:29<22:13,  1.77s/it]                                                                                        Best trial: 214. Best value: 2441.78:  24%|██▍       | 245/1000 [07:30<22:13,  1.77s/it]Best trial: 214. Best value: 2441.78:  24%|██▍       | 245/1000 [07:30<22:13,  1.77s/it]Best trial: 214. Best value: 2441.78:  25%|██▍       | 246/1000 [07:30<20:24,  1.62s/it]                                                                                        Best trial: 214. Best value: 2441.78:  25%|██▍       | 246/1000 [07:31<20:24,  1.62s/it]Best trial: 214. Best value: 2441.78:  25%|██▍       | 246/1000 [07:31<20:24,  1.62s/it]Best trial: 214. Best value: 2441.78:  25%|██▍       | 247/1000 [07:31<19:18,  1.54s/it]                                                                                        Best trial: 214. Best value: 2441.78:  25%|██▍       | 247/1000 [07:33<19:18,  1.54s/it]Best trial: 214. Best value: 2441.78:  25%|██▍       | 247/1000 [07:33<19:18,  1.54s/it]Best trial: 214. Best value: 2441.78:  25%|██▍       | 248/1000 [07:33<18:13,  1.45s/it]                                                                                        Best trial: 214. Best value: 2441.78:  25%|██▍       | 248/1000 [07:34<18:13,  1.45s/it]Best trial: 214. Best value: 2441.78:  25%|██▍       | 248/1000 [07:34<18:13,  1.45s/it]Best trial: 214. Best value: 2441.78:  25%|██▍       | 249/1000 [07:34<17:45,  1.42s/it]                                                                                        Best trial: 214. Best value: 2441.78:  25%|██▍       | 249/1000 [07:35<17:45,  1.42s/it]Best trial: 214. Best value: 2441.78:  25%|██▍       | 249/1000 [07:35<17:45,  1.42s/it]Best trial: 214. Best value: 2441.78:  25%|██▌       | 250/1000 [07:35<17:30,  1.40s/it]                                                                                        Best trial: 214. Best value: 2441.78:  25%|██▌       | 250/1000 [07:37<17:30,  1.40s/it]Best trial: 214. Best value: 2441.78:  25%|██▌       | 250/1000 [07:37<17:30,  1.40s/it]Best trial: 214. Best value: 2441.78:  25%|██▌       | 251/1000 [07:37<17:12,  1.38s/it]                                                                                        Best trial: 214. Best value: 2441.78:  25%|██▌       | 251/1000 [07:38<17:12,  1.38s/it]Best trial: 214. Best value: 2441.78:  25%|██▌       | 251/1000 [07:38<17:12,  1.38s/it]Best trial: 214. Best value: 2441.78:  25%|██▌       | 252/1000 [07:38<16:55,  1.36s/it]                                                                                        Best trial: 214. Best value: 2441.78:  25%|██▌       | 252/1000 [07:39<16:55,  1.36s/it]Best trial: 214. Best value: 2441.78:  25%|██▌       | 252/1000 [07:39<16:55,  1.36s/it]Best trial: 214. Best value: 2441.78:  25%|██▌       | 253/1000 [07:39<16:59,  1.36s/it]                                                                                        Best trial: 214. Best value: 2441.78:  25%|██▌       | 253/1000 [07:41<16:59,  1.36s/it]Best trial: 214. Best value: 2441.78:  25%|██▌       | 253/1000 [07:41<16:59,  1.36s/it]Best trial: 214. Best value: 2441.78:  25%|██▌       | 254/1000 [07:41<16:49,  1.35s/it]                                                                                        Best trial: 214. Best value: 2441.78:  25%|██▌       | 254/1000 [07:42<16:49,  1.35s/it]Best trial: 214. Best value: 2441.78:  25%|██▌       | 254/1000 [07:42<16:49,  1.35s/it]Best trial: 214. Best value: 2441.78:  26%|██▌       | 255/1000 [07:42<17:05,  1.38s/it]                                                                                        
[I 2026-03-31 15:37:31,397] Trial 241 finished with value: 2755.3953234690357 and parameters: {'alpha_0': 0.004317172846309715, 'alpha_1': 9.78167424020524e-05, 'alpha_2': 0.00011706685490441184, 'beta_0': 0.17188522934830183, 'beta_1': 1.073736095886134, 'beta_2': 0.11004970910203589, 'beta_3': 0.0028842055352271212, 'beta_4': 0.5508394707226797, 'beta_5': 247.9153525300712, 'beta_6': 0.013312651512077672, 'beta_7': 0.02929010890008482, 'beta_8': 8.548092756936421e-05, 'beta_9': 2.0783938187394363e-07}. Best is trial 214 with value: 2441.777350257716.
[I 2026-03-31 15:37:32,825] Trial 242 finished with value: 2786.6399273033016 and parameters: {'alpha_0': 0.004742315366382638, 'alpha_1': 7.182336682579957e-05, 'alpha_2': 0.0001105848327576965, 'beta_0': 0.1616817132044794, 'beta_1': 1.040946536717995, 'beta_2': 0.09770479850393513, 'beta_3': 0.00253742353753924, 'beta_4': 0.5667742151000332, 'beta_5': 499.67300561531965, 'beta_6': 0.017203392356042825, 'beta_7': 0.028105241933731956, 'beta_8': 8.869592954258614e-05, 'beta_9': 1.795564385479362e-07}. Best is trial 214 with value: 2441.777350257716.
[I 2026-03-31 15:37:34,130] Trial 243 finished with value: 2547.8239571181784 and parameters: {'alpha_0': 0.004507461720169368, 'alpha_1': 9.052916331378376e-05, 'alpha_2': 0.00012278351503491267, 'beta_0': 0.15703806441413498, 'beta_1': 1.09499304994708, 'beta_2': 0.07885713280754934, 'beta_3': 0.002983517927454899, 'beta_4': 0.5317864527883986, 'beta_5': 532.3184000822445, 'beta_6': 0.012311404054218178, 'beta_7': 0.030157230166155267, 'beta_8': 6.498897733374958e-05, 'beta_9': 1.2837445533764696e-07}. Best is trial 214 with value: 2441.777350257716.
[I 2026-03-31 15:37:35,465] Trial 244 finished with value: 2780.8604655686777 and parameters: {'alpha_0': 0.004502158455143412, 'alpha_1': 8.770378443848029e-05, 'alpha_2': 0.00012012389321721837, 'beta_0': 0.15309581511251635, 'beta_1': 1.0875349165339203, 'beta_2': 0.07867263253037149, 'beta_3': 0.0030299545383912457, 'beta_4': 0.5106476449612716, 'beta_5': 533.8304245109168, 'beta_6': 0.012843120951760555, 'beta_7': 0.03100093181156298, 'beta_8': 2.335566273184376e-05, 'beta_9': 1.36271485135041e-07}. Best is trial 214 with value: 2441.777350257716.
[I 2026-03-31 15:37:36,760] Trial 245 finished with value: 2562.0885323309753 and parameters: {'alpha_0': 0.0040749229705222345, 'alpha_1': 9.718781011726308e-05, 'alpha_2': 0.00012849991436057778, 'beta_0': 0.1566618986640471, 'beta_1': 1.096381973812053, 'beta_2': 0.09863322080479742, 'beta_3': 0.0028240464916683087, 'beta_4': 0.5296153050488297, 'beta_5': 412.89918379805624, 'beta_6': 0.015527362814053034, 'beta_7': 0.030226159263684695, 'beta_8': 4.5622982949580174e-05, 'beta_9': 1.4056353761614397e-07}. Best is trial 214 with value: 2441.777350257716.
[I 2026-03-31 15:37:38,099] Trial 246 finished with value: 2653.197716934798 and parameters: {'alpha_0': 0.004232105557780229, 'alpha_1': 8.917168551735266e-05, 'alpha_2': 0.00012385534789629277, 'beta_0': 0.1643130133544306, 'beta_1': 1.069010752736477, 'beta_2': 0.11599435524578706, 'beta_3': 0.0029760846131303923, 'beta_4': 0.48554824734272894, 'beta_5': 473.69838872482103, 'beta_6': 0.010035553241476645, 'beta_7': 0.029044884703592334, 'beta_8': 9.423047618442227e-05, 'beta_9': 1.8985875944023662e-07}. Best is trial 214 with value: 2441.777350257716.
[I 2026-03-31 15:37:39,357] Trial 247 finished with value: 3735.298861823761 and parameters: {'alpha_0': 0.0044702949874137095, 'alpha_1': 9.174380084348471e-05, 'alpha_2': 0.00011476669580880327, 'beta_0': 0.16965907443492415, 'beta_1': 1.1079902285273313, 'beta_2': 0.06995647915120368, 'beta_3': 0.0026477897637182503, 'beta_4': 0.5346158346569609, 'beta_5': 556.7309055387356, 'beta_6': 0.017933569995583026, 'beta_7': 0.03169791226588185, 'beta_8': 6.338096341549588e-05, 'beta_9': 1.9491526838185374e-06}. Best is trial 214 with value: 2441.777350257716.
[I 2026-03-31 15:37:40,692] Trial 248 finished with value: 2550.0158004520285 and parameters: {'alpha_0': 0.004356735212540627, 'alpha_1': 7.775479517990397e-05, 'alpha_2': 0.00013634180863612285, 'beta_0': 0.15905001848975953, 'beta_1': 1.0533701082991258, 'beta_2': 0.08797203659487886, 'beta_3': 0.0031173458896839425, 'beta_4': 0.5192410337075071, 'beta_5': 388.6038495901346, 'beta_6': 0.012730604310974062, 'beta_7': 0.029570376091404723, 'beta_8': 8.296763712259022e-05, 'beta_9': 1.328216238781789e-07}. Best is trial 214 with value: 2441.777350257716.
[I 2026-03-31 15:37:42,050] Trial 249 finished with value: 2676.0786733196464 and parameters: {'alpha_0': 0.004394639817721519, 'alpha_1': 6.582651052122636e-05, 'alpha_2': 0.00013812729991358357, 'beta_0': 0.15861750637838654, 'beta_1': 1.250681530208086, 'beta_2': 0.0899078650335418, 'beta_3': 0.002742904298821318, 'beta_4': 0.5554199794440017, 'beta_5': 383.0698736860521, 'beta_6': 0.015067112980476804, 'beta_7': 0.02828730961815768, 'beta_8': 5.627832767685019e-05, 'beta_9': 1.0187770060100408e-07}. Best is trial 214 with value: 2441.777350257716.
[I 2026-03-31 15:37:43,377] Trial 250 finished with value: 2511.1614460869173 and parameters: {'alpha_0': 0.0047253571407102945, 'alpha_1': 7.552616604551932e-05, 'alpha_2': 0.0001339274483501721, 'beta_0': 0.16100105983107416, 'beta_1': 1.076398252642934, 'beta_2': 0.060374076264481644, 'beta_3': 0.003093683132823961, 'beta_4': 0.5004945734054516, 'beta_5': 352.19830997999344, 'beta_6': 0.019934651201222023, 'beta_7': 0.029341057848378697, 'beta_8': 6.545752284719321e-05, 'beta_9': 1.3163835714135913e-07}. Best is trial 214 with value: 2441.777350257716.
[I 2026-03-31 15:37:44,685] Trial 251 finished with value: 2598.9969644096586 and parameters: {'alpha_0': 0.004330856851643115, 'alpha_1': 7.528915913727556e-05, 'alpha_2': 0.00013371330357163044, 'beta_0': 0.15114367567743184, 'beta_1': 1.0482479922019072, 'beta_2': 0.06753084281980157, 'beta_3': 0.0031400621879877637, 'beta_4': 0.4966723625282659, 'beta_5': 291.5273550798148, 'beta_6': 0.021121416002304355, 'beta_7': 0.029182786238573653, 'beta_8': 5.9861191359777804e-05, 'beta_9': 1.5259528741546964e-07}. Best is trial 214 with value: 2441.777350257716.
[I 2026-03-31 15:37:46,062] Trial 252 finished with value: 2616.974788219325 and parameters: {'alpha_0': 0.0046393893794564565, 'alpha_1': 6.529280365313213e-05, 'alpha_2': 0.0001287841041675391, 'beta_0': 0.2081122349043475, 'beta_1': 1.0887219890228454, 'beta_2': 0.045575809008341545, 'beta_3': 0.003095052751213433, 'beta_4': 0.5095017562326297, 'beta_5': 321.8923696348094, 'beta_6': 0.01955119924691345, 'beta_7': 0.02782746534246708, 'beta_8': 9.575458685918228e-05, 'beta_9': 1.2985082665572404e-07}. Best is trial 214 with value: 2441.777350257716.
[I 2026-03-31 15:37:47,392] Trial 253 finished with value: 2663.114289792852 and parameters: {'alpha_0': 0.004828250267081875, 'alpha_1': 7.087347265611093e-05, 'alpha_2': 0.00013589754347535408, 'beta_0': 0.16070381223098423, 'beta_1': 1.0751546262756413, 'beta_2': 0.08402539839721603, 'beta_3': 0.0032392373928902874, 'beta_4': 0.4550088465080375, 'beta_5': 360.19196724269074, 'beta_6': 0.017220245304213816, 'beta_7': 0.02950552221388973, 'beta_8': 1.0749022336863521e-05, 'beta_9': 2.016217278961735e-07}. Best is trial 214 with value: 2441.777350257716.
[I 2026-03-31 15:37:48,826] Trial 254 finished with value: 2558.719391966379 and parameters: {'alpha_0': 0.0037498559743868176, 'alpha_1': 6.495340969355348e-05, 'alpha_2': 0.00012642615732184572, 'beta_0': 0.1558472455437498, 'beta_1': 1.2589512712184256, 'beta_2': 0.05819259305682234, 'beta_3': 0.002866423344797517, 'beta_4': 0.4782522506933628, 'beta_5': 245.54803116281255, 'beta_6': 0.015091046753999339, 'beta_7': 0.028525851797508488, 'beta_8': 7.055134530030195e-05, 'beta_9': 1.55860185843196e-07}. Best is trial 214 with value: 2441.777350257716.
[I 2026-03-31 15:37:50,144] Trial 255 finished with value: 2640.0777064933936 and parameters: {'alpha_0': 0.004416676373249175, 'alpha_1': 5.935481917052168e-05, 'alpha_2': 0.00014339952235868563, 'beta_0': 0.1621774605151899, 'beta_1': 1.0794016218574742, 'beta_2': 0.08015778602587866, 'beta_3': 0.0029581402001892924, 'beta_4': 0.5233635727045525, 'beta_5': 368.02185473551714, 'beta_6': 0.021000222168996524, 'beta_7': 0.028998241472537857, 'beta_8': 5.220673174798703e-05, 'beta_9': 1.0087007594028213e-07}. Best is trial 214 with value: 2441.777350257716.Best trial: 214. Best value: 2441.78:  26%|██▌       | 255/1000 [07:44<17:05,  1.38s/it]Best trial: 214. Best value: 2441.78:  26%|██▌       | 255/1000 [07:44<17:05,  1.38s/it]Best trial: 214. Best value: 2441.78:  26%|██▌       | 256/1000 [07:44<16:51,  1.36s/it]                                                                                        Best trial: 214. Best value: 2441.78:  26%|██▌       | 256/1000 [07:45<16:51,  1.36s/it]Best trial: 214. Best value: 2441.78:  26%|██▌       | 256/1000 [07:45<16:51,  1.36s/it]Best trial: 214. Best value: 2441.78:  26%|██▌       | 257/1000 [07:45<16:48,  1.36s/it]                                                                                        Best trial: 214. Best value: 2441.78:  26%|██▌       | 257/1000 [07:46<16:48,  1.36s/it]Best trial: 214. Best value: 2441.78:  26%|██▌       | 257/1000 [07:46<16:48,  1.36s/it]Best trial: 214. Best value: 2441.78:  26%|██▌       | 258/1000 [07:46<16:46,  1.36s/it]                                                                                        Best trial: 214. Best value: 2441.78:  26%|██▌       | 258/1000 [08:00<16:46,  1.36s/it]Best trial: 214. Best value: 2441.78:  26%|██▌       | 258/1000 [08:00<16:46,  1.36s/it]Best trial: 214. Best value: 2441.78:  26%|██▌       | 259/1000 [08:00<1:02:14,  5.04s/it]                                                                                          Best trial: 214. Best value: 2441.78:  26%|██▌       | 259/1000 [08:01<1:02:14,  5.04s/it]Best trial: 214. Best value: 2441.78:  26%|██▌       | 259/1000 [08:01<1:02:14,  5.04s/it]Best trial: 214. Best value: 2441.78:  26%|██▌       | 260/1000 [08:01<48:42,  3.95s/it]                                                                                          Best trial: 214. Best value: 2441.78:  26%|██▌       | 260/1000 [08:03<48:42,  3.95s/it]Best trial: 214. Best value: 2441.78:  26%|██▌       | 260/1000 [08:03<48:42,  3.95s/it]Best trial: 214. Best value: 2441.78:  26%|██▌       | 261/1000 [08:03<39:51,  3.24s/it]                                                                                        Best trial: 214. Best value: 2441.78:  26%|██▌       | 261/1000 [08:04<39:51,  3.24s/it]Best trial: 214. Best value: 2441.78:  26%|██▌       | 261/1000 [08:04<39:51,  3.24s/it]Best trial: 214. Best value: 2441.78:  26%|██▌       | 262/1000 [08:04<32:45,  2.66s/it]                                                                                        Best trial: 214. Best value: 2441.78:  26%|██▌       | 262/1000 [08:05<32:45,  2.66s/it]Best trial: 214. Best value: 2441.78:  26%|██▌       | 262/1000 [08:06<32:45,  2.66s/it]Best trial: 214. Best value: 2441.78:  26%|██▋       | 263/1000 [08:06<27:49,  2.27s/it]                                                                                        Best trial: 214. Best value: 2441.78:  26%|██▋       | 263/1000 [08:07<27:49,  2.27s/it]Best trial: 214. Best value: 2441.78:  26%|██▋       | 263/1000 [08:07<27:49,  2.27s/it]Best trial: 214. Best value: 2441.78:  26%|██▋       | 264/1000 [08:07<24:28,  2.00s/it]                                                                                        Best trial: 214. Best value: 2441.78:  26%|██▋       | 264/1000 [08:08<24:28,  2.00s/it]Best trial: 214. Best value: 2441.78:  26%|██▋       | 264/1000 [08:08<24:28,  2.00s/it]Best trial: 214. Best value: 2441.78:  26%|██▋       | 265/1000 [08:08<22:10,  1.81s/it]                                                                                        Best trial: 214. Best value: 2441.78:  26%|██▋       | 265/1000 [08:10<22:10,  1.81s/it]Best trial: 214. Best value: 2441.78:  26%|██▋       | 265/1000 [08:10<22:10,  1.81s/it]Best trial: 214. Best value: 2441.78:  27%|██▋       | 266/1000 [08:10<20:13,  1.65s/it]                                                                                        Best trial: 214. Best value: 2441.78:  27%|██▋       | 266/1000 [08:11<20:13,  1.65s/it]Best trial: 214. Best value: 2441.78:  27%|██▋       | 266/1000 [08:11<20:13,  1.65s/it]Best trial: 214. Best value: 2441.78:  27%|██▋       | 267/1000 [08:11<18:51,  1.54s/it]                                                                                        Best trial: 214. Best value: 2441.78:  27%|██▋       | 267/1000 [08:12<18:51,  1.54s/it]Best trial: 214. Best value: 2441.78:  27%|██▋       | 267/1000 [08:12<18:51,  1.54s/it]Best trial: 214. Best value: 2441.78:  27%|██▋       | 268/1000 [08:12<18:02,  1.48s/it]                                                                                        Best trial: 214. Best value: 2441.78:  27%|██▋       | 268/1000 [08:13<18:02,  1.48s/it]Best trial: 214. Best value: 2441.78:  27%|██▋       | 268/1000 [08:13<18:02,  1.48s/it]Best trial: 214. Best value: 2441.78:  27%|██▋       | 269/1000 [08:13<17:17,  1.42s/it]                                                                                        Best trial: 214. Best value: 2441.78:  27%|██▋       | 269/1000 [08:15<17:17,  1.42s/it]Best trial: 214. Best value: 2441.78:  27%|██▋       | 269/1000 [08:15<17:17,  1.42s/it]Best trial: 214. Best value: 2441.78:  27%|██▋       | 270/1000 [08:15<16:47,  1.38s/it]                                                                                        
[I 2026-03-31 15:37:51,495] Trial 256 finished with value: 2666.558319426731 and parameters: {'alpha_0': 0.004717095919959858, 'alpha_1': 7.58874163684899e-05, 'alpha_2': 0.0001235231811863049, 'beta_0': 0.15609790753144037, 'beta_1': 1.1150673851155224, 'beta_2': 0.05266405105564234, 'beta_3': 0.0031646564207649364, 'beta_4': 0.5003727690634764, 'beta_5': 442.03799762386865, 'beta_6': 0.0125582238634959, 'beta_7': 0.029620082118222247, 'beta_8': 6.525961813185178e-05, 'beta_9': 2.1030411174335056e-07}. Best is trial 214 with value: 2441.777350257716.
[I 2026-03-31 15:37:52,851] Trial 257 finished with value: 2634.464046198571 and parameters: {'alpha_0': 0.004223867429496944, 'alpha_1': 5.6015724014098334e-05, 'alpha_2': 0.00012842126084330088, 'beta_0': 0.14757752345626446, 'beta_1': 1.15313780261364, 'beta_2': 0.32546953049918886, 'beta_3': 0.0028820787410255982, 'beta_4': 0.48735267707688257, 'beta_5': 88.07970337381323, 'beta_6': 0.0176540900654451, 'beta_7': 0.03097007022448492, 'beta_8': 5.797298034947995e-05, 'beta_9': 1.726171163800039e-07}. Best is trial 214 with value: 2441.777350257716.
[I 2026-03-31 15:38:06,487] Trial 258 finished with value: 11119.493658255928 and parameters: {'alpha_0': 0.004320365644297096, 'alpha_1': 6.799073906603788e-05, 'alpha_2': 0.00013232889226563973, 'beta_0': 0.14341096000774392, 'beta_1': 1.229206587080877, 'beta_2': 0.020743072800502693, 'beta_3': 0.0032707447739809725, 'beta_4': 0.5121752402935887, 'beta_5': 620.5776261592439, 'beta_6': 0.01433346313215961, 'beta_7': 0.00989137340660659, 'beta_8': 8.871172520989051e-05, 'beta_9': 1.2848477590502792e-07}. Best is trial 214 with value: 2441.777350257716.
[I 2026-03-31 15:38:07,890] Trial 259 finished with value: 2808.8646386176133 and parameters: {'alpha_0': 0.004443661260070291, 'alpha_1': 6.247032964861352e-05, 'alpha_2': 0.0001233406666145848, 'beta_0': 0.18640247108023952, 'beta_1': 1.2484930065117126, 'beta_2': 0.3139425232019117, 'beta_3': 0.003055708899661235, 'beta_4': 0.5366772299981133, 'beta_5': 470.057979979042, 'beta_6': 0.012584422136707357, 'beta_7': 0.027557589185725262, 'beta_8': 6.51143685209031e-05, 'beta_9': 2.104228613629163e-07}. Best is trial 214 with value: 2441.777350257716.
