[I 2026-03-31 15:44:42,925] Trial 510 finished with value: 2545.201429699724 and parameters: {'alpha_0': 0.000642369526050864, 'alpha_1': 5.0173837207749994e-05, 'alpha_2': 0.00012318328509799365, 'beta_0': 0.17174197125595328, 'beta_1': 1.2160752666590806, 'beta_2': 0.3446659979294474, 'beta_3': 0.003786368909547306, 'beta_4': 0.6771498151772591, 'beta_5': 1996.6324664234016, 'beta_6': 0.01533409930087709, 'beta_7': 0.029201622055403907, 'beta_8': 2.5677940913057166e-05, 'beta_9': 1.8893295105091893e-07}. Best is trial 459 with value: 2405.323170902653.Best trial: 459. Best value: 2405.32:  51%|█████     | 510/1000 [14:36<11:10,  1.37s/it]Best trial: 459. Best value: 2405.32:  51%|█████     | 510/1000 [14:36<11:10,  1.37s/it]Best trial: 459. Best value: 2405.32:  51%|█████     | 511/1000 [14:36<11:00,  1.35s/it]                                                                                        Best trial: 459. Best value: 2405.32:  51%|█████     | 511/1000 [14:38<11:00,  1.35s/it]Best trial: 459. Best value: 2405.32:  51%|█████     | 511/1000 [14:38<11:00,  1.35s/it]Best trial: 459. Best value: 2405.32:  51%|█████     | 512/1000 [14:38<10:59,  1.35s/it]                                                                                        Best trial: 459. Best value: 2405.32:  51%|█████     | 512/1000 [14:39<10:59,  1.35s/it]Best trial: 459. Best value: 2405.32:  51%|█████     | 512/1000 [14:39<10:59,  1.35s/it]Best trial: 459. Best value: 2405.32:  51%|█████▏    | 513/1000 [14:39<10:56,  1.35s/it]                                                                                        Best trial: 459. Best value: 2405.32:  51%|█████▏    | 513/1000 [14:40<10:56,  1.35s/it]Best trial: 459. Best value: 2405.32:  51%|█████▏    | 513/1000 [14:40<10:56,  1.35s/it]Best trial: 459. Best value: 2405.32:  51%|█████▏    | 514/1000 [14:40<10:59,  1.36s/it]                                                                                        Best trial: 459. Best value: 2405.32:  51%|█████▏    | 514/1000 [14:42<10:59,  1.36s/it]Best trial: 459. Best value: 2405.32:  51%|█████▏    | 514/1000 [14:42<10:59,  1.36s/it]Best trial: 459. Best value: 2405.32:  52%|█████▏    | 515/1000 [14:42<10:51,  1.34s/it]                                                                                        Best trial: 459. Best value: 2405.32:  52%|█████▏    | 515/1000 [14:43<10:51,  1.34s/it]Best trial: 459. Best value: 2405.32:  52%|█████▏    | 515/1000 [14:43<10:51,  1.34s/it]Best trial: 459. Best value: 2405.32:  52%|█████▏    | 516/1000 [14:43<10:53,  1.35s/it]                                                                                        Best trial: 459. Best value: 2405.32:  52%|█████▏    | 516/1000 [14:44<10:53,  1.35s/it]Best trial: 459. Best value: 2405.32:  52%|█████▏    | 516/1000 [14:44<10:53,  1.35s/it]Best trial: 459. Best value: 2405.32:  52%|█████▏    | 517/1000 [14:44<10:52,  1.35s/it]                                                                                        Best trial: 459. Best value: 2405.32:  52%|█████▏    | 517/1000 [14:46<10:52,  1.35s/it]Best trial: 459. Best value: 2405.32:  52%|█████▏    | 517/1000 [14:46<10:52,  1.35s/it]Best trial: 459. Best value: 2405.32:  52%|█████▏    | 518/1000 [14:46<10:51,  1.35s/it]                                                                                        Best trial: 459. Best value: 2405.32:  52%|█████▏    | 518/1000 [14:47<10:51,  1.35s/it]Best trial: 459. Best value: 2405.32:  52%|█████▏    | 518/1000 [14:47<10:51,  1.35s/it]Best trial: 459. Best value: 2405.32:  52%|█████▏    | 519/1000 [14:47<10:44,  1.34s/it]                                                                                        Best trial: 459. Best value: 2405.32:  52%|█████▏    | 519/1000 [14:48<10:44,  1.34s/it]Best trial: 459. Best value: 2405.32:  52%|█████▏    | 519/1000 [14:48<10:44,  1.34s/it]Best trial: 459. Best value: 2405.32:  52%|█████▏    | 520/1000 [14:48<10:41,  1.34s/it]                                                                                        Best trial: 459. Best value: 2405.32:  52%|█████▏    | 520/1000 [14:50<10:41,  1.34s/it]Best trial: 459. Best value: 2405.32:  52%|█████▏    | 520/1000 [14:50<10:41,  1.34s/it]Best trial: 459. Best value: 2405.32:  52%|█████▏    | 521/1000 [14:50<10:42,  1.34s/it]                                                                                        Best trial: 459. Best value: 2405.32:  52%|█████▏    | 521/1000 [14:51<10:42,  1.34s/it]Best trial: 459. Best value: 2405.32:  52%|█████▏    | 521/1000 [14:51<10:42,  1.34s/it]Best trial: 459. Best value: 2405.32:  52%|█████▏    | 522/1000 [14:51<10:43,  1.35s/it]                                                                                        Best trial: 459. Best value: 2405.32:  52%|█████▏    | 522/1000 [14:53<10:43,  1.35s/it]Best trial: 459. Best value: 2405.32:  52%|█████▏    | 522/1000 [14:53<10:43,  1.35s/it]Best trial: 459. Best value: 2405.32:  52%|█████▏    | 523/1000 [14:53<11:08,  1.40s/it]                                                                                        Best trial: 459. Best value: 2405.32:  52%|█████▏    | 523/1000 [14:54<11:08,  1.40s/it]Best trial: 459. Best value: 2405.32:  52%|█████▏    | 523/1000 [14:54<11:08,  1.40s/it]Best trial: 459. Best value: 2405.32:  52%|█████▏    | 524/1000 [14:54<11:00,  1.39s/it]                                                                                        Best trial: 459. Best value: 2405.32:  52%|█████▏    | 524/1000 [14:55<11:00,  1.39s/it]Best trial: 459. Best value: 2405.32:  52%|█████▏    | 524/1000 [14:55<11:00,  1.39s/it]Best trial: 459. Best value: 2405.32:  52%|█████▎    | 525/1000 [14:55<10:54,  1.38s/it]                                                                                        
[I 2026-03-31 15:44:44,276] Trial 511 finished with value: 2631.578665067026 and parameters: {'alpha_0': 0.0009130986603064289, 'alpha_1': 6.744906404054283e-05, 'alpha_2': 0.00011703411407328697, 'beta_0': 0.18091387678216078, 'beta_1': 1.1110555462438636, 'beta_2': 0.3092922822065556, 'beta_3': 0.00410611136650194, 'beta_4': 0.6341672420521101, 'beta_5': 1932.998333109681, 'beta_6': 0.022734690966596575, 'beta_7': 0.028163612960900617, 'beta_8': 1.945101740505618e-05, 'beta_9': 1.0091205932013953e-07}. Best is trial 459 with value: 2405.323170902653.
[I 2026-03-31 15:44:45,618] Trial 512 finished with value: 2473.141594061889 and parameters: {'alpha_0': 0.0007610395995480867, 'alpha_1': 5.914797280391772e-05, 'alpha_2': 9.137629195421029e-05, 'beta_0': 0.18854876295680428, 'beta_1': 1.2042719708704943, 'beta_2': 0.332859330922353, 'beta_3': 0.003594626099032943, 'beta_4': 0.5534867718732277, 'beta_5': 1763.8463072907698, 'beta_6': 0.012347629380034782, 'beta_7': 0.029773466569787584, 'beta_8': 1.088029501024296e-05, 'beta_9': 2.6865174806618266e-07}. Best is trial 459 with value: 2405.323170902653.
[I 2026-03-31 15:44:46,995] Trial 513 finished with value: 2676.3807132150737 and parameters: {'alpha_0': 0.000738814186213831, 'alpha_1': 5.7605791556285614e-05, 'alpha_2': 8.996761376186661e-05, 'beta_0': 0.19058450672092406, 'beta_1': 1.1988107472963836, 'beta_2': 0.3527261382197696, 'beta_3': 0.0035923212416107304, 'beta_4': 0.5447292212055217, 'beta_5': 1678.572449486265, 'beta_6': 0.010073036508433917, 'beta_7': 0.030708508431148765, 'beta_8': 1.3704990524413081e-05, 'beta_9': 2.7529872442420126e-07}. Best is trial 459 with value: 2405.323170902653.
[I 2026-03-31 15:44:48,305] Trial 514 finished with value: 2661.2161725528326 and parameters: {'alpha_0': 0.0006464440271886872, 'alpha_1': 5.035902588527898e-05, 'alpha_2': 9.229332012147056e-05, 'beta_0': 0.18811524541646624, 'beta_1': 1.1948715145315238, 'beta_2': 0.33600029763497513, 'beta_3': 0.0034482129723712894, 'beta_4': 0.5570253429216085, 'beta_5': 1733.2123486516548, 'beta_6': 0.012429252965944161, 'beta_7': 0.03011860770526154, 'beta_8': 1.0129960671597357e-05, 'beta_9': 2.4346082661227185e-07}. Best is trial 459 with value: 2405.323170902653.
[I 2026-03-31 15:44:49,672] Trial 515 finished with value: 2457.5236465039748 and parameters: {'alpha_0': 0.0007908734505686648, 'alpha_1': 5.753077113570292e-05, 'alpha_2': 0.00011115942649295687, 'beta_0': 0.19448429172060314, 'beta_1': 1.2067434720977324, 'beta_2': 0.3684342756713057, 'beta_3': 0.0035717826248096974, 'beta_4': 0.5576982260010459, 'beta_5': 1747.256387245483, 'beta_6': 0.016688634403606416, 'beta_7': 0.02970680828742319, 'beta_8': 1.061777668257265e-05, 'beta_9': 1.799796779041737e-07}. Best is trial 459 with value: 2405.323170902653.
[I 2026-03-31 15:44:51,022] Trial 516 finished with value: 2643.130842601353 and parameters: {'alpha_0': 0.0005776108658375456, 'alpha_1': 5.830669838679253e-05, 'alpha_2': 0.00011138328308181343, 'beta_0': 0.19606627074030403, 'beta_1': 1.172461742814102, 'beta_2': 0.3739980630385767, 'beta_3': 0.003692777059613806, 'beta_4': 0.5432409581721797, 'beta_5': 1748.5944868243575, 'beta_6': 0.020205232721960634, 'beta_7': 0.029105892811892523, 'beta_8': 1.1349567503968814e-05, 'beta_9': 2.6042568937971877e-07}. Best is trial 459 with value: 2405.323170902653.
[I 2026-03-31 15:44:52,371] Trial 517 finished with value: 2740.0283754941197 and parameters: {'alpha_0': 0.000760859210150822, 'alpha_1': 5.479155531064086e-05, 'alpha_2': 0.00010721218808443244, 'beta_0': 0.19360928099065455, 'beta_1': 1.1866146106616255, 'beta_2': 0.40067040915200386, 'beta_3': 0.003591931902158883, 'beta_4': 0.5529222909897289, 'beta_5': 1845.1415168323324, 'beta_6': 0.04159519803015357, 'beta_7': 0.028492197937418036, 'beta_8': 1.1845757490068655e-05, 'beta_9': 2.113667685853274e-07}. Best is trial 459 with value: 2405.323170902653.
[I 2026-03-31 15:44:53,690] Trial 518 finished with value: 2506.791114169203 and parameters: {'alpha_0': 0.0006965069758608559, 'alpha_1': 5.8477190662228264e-05, 'alpha_2': 0.00011626779098740031, 'beta_0': 0.19720632551339326, 'beta_1': 1.202721664891071, 'beta_2': 0.384767250620144, 'beta_3': 0.003530689447367018, 'beta_4': 0.6497909074646385, 'beta_5': 1775.090708046377, 'beta_6': 0.025401137491253157, 'beta_7': 0.02964813043817737, 'beta_8': 1.0731815284960902e-05, 'beta_9': 1.877482383516034e-07}. Best is trial 459 with value: 2405.323170902653.
[I 2026-03-31 15:44:55,021] Trial 519 finished with value: 2745.5496648208755 and parameters: {'alpha_0': 0.0008271545028351809, 'alpha_1': 5.533513825685238e-05, 'alpha_2': 0.00011142477710566313, 'beta_0': 0.20036114173222344, 'beta_1': 1.207265837108023, 'beta_2': 0.3677842644646736, 'beta_3': 0.003655140400035265, 'beta_4': 0.5695661845286358, 'beta_5': 1828.234354832209, 'beta_6': 0.018226916338943938, 'beta_7': 0.031133022159827748, 'beta_8': 1.0254894784723697e-05, 'beta_9': 2.3214728261316965e-07}. Best is trial 459 with value: 2405.323170902653.
[I 2026-03-31 15:44:56,375] Trial 520 finished with value: 3058.8329417421282 and parameters: {'alpha_0': 0.0007956988270058307, 'alpha_1': 5.0345308956845953e-05, 'alpha_2': 0.0001133068292425612, 'beta_0': 0.18878150538535673, 'beta_1': 1.2109023716973775, 'beta_2': 0.36392737303632944, 'beta_3': 0.003774544800784182, 'beta_4': 0.550351582384418, 'beta_5': 1724.6770662858862, 'beta_6': 0.016946749783559516, 'beta_7': 0.030000555431004907, 'beta_8': 1.2397507087258285e-05, 'beta_9': 7.735741778696789e-07}. Best is trial 459 with value: 2405.323170902653.
[I 2026-03-31 15:44:57,732] Trial 521 finished with value: 2619.5505484978803 and parameters: {'alpha_0': 0.0005814948583659413, 'alpha_1': 6.281799714016203e-05, 'alpha_2': 0.0001042894513391361, 'beta_0': 0.18562455509732984, 'beta_1': 1.190829644664864, 'beta_2': 0.37874096823305325, 'beta_3': 0.0034894249063379327, 'beta_4': 0.5629590021332325, 'beta_5': 1781.8392966253502, 'beta_6': 0.02294072400589265, 'beta_7': 0.02882310429177536, 'beta_8': 1.2108049075095828e-05, 'beta_9': 1.761366382090657e-07}. Best is trial 459 with value: 2405.323170902653.
[I 2026-03-31 15:44:59,253] Trial 522 finished with value: 2794.2789241139913 and parameters: {'alpha_0': 0.0006880409634609997, 'alpha_1': 5.8312147963161024e-05, 'alpha_2': 0.00011948522335775492, 'beta_0': 0.1914033202385034, 'beta_1': 1.1994807780386076, 'beta_2': 0.3528260440105149, 'beta_3': 0.003667553735111214, 'beta_4': 0.5400571908996672, 'beta_5': 1804.9303112491068, 'beta_6': 0.020181463070719722, 'beta_7': 0.02769989641158809, 'beta_8': 1.3519507927650149e-05, 'beta_9': 2.670187145324407e-07}. Best is trial 459 with value: 2405.323170902653.
[I 2026-03-31 15:45:00,619] Trial 523 finished with value: 2677.324383566174 and parameters: {'alpha_0': 0.0008391953354448564, 'alpha_1': 5.4305341986720385e-05, 'alpha_2': 9.903848042867245e-05, 'beta_0': 0.20436065979062165, 'beta_1': 1.216163702006934, 'beta_2': 0.3598947220335794, 'beta_3': 0.003757677780009816, 'beta_4': 0.6254715157765356, 'beta_5': 76.91326050830276, 'beta_6': 0.016733427024665255, 'beta_7': 0.032051849695118435, 'beta_8': 1.4581802709434055e-05, 'beta_9': 1.6359888053325173e-07}. Best is trial 459 with value: 2405.323170902653.
[I 2026-03-31 15:45:01,970] Trial 524 finished with value: 2527.8923851390446 and parameters: {'alpha_0': 0.0007465683181721758, 'alpha_1': 6.293357214603399e-05, 'alpha_2': 0.0001129728790048055, 'beta_0': 0.19372507647288617, 'beta_1': 1.1764911884095517, 'beta_2': 0.3380879916464422, 'beta_3': 0.0038766007929124393, 'beta_4': 0.5796695459511179, 'beta_5': 1721.9351614473865, 'beta_6': 0.014680553571071077, 'beta_7': 0.02945574909117713, 'beta_8': 1.5727500194014707e-05, 'beta_9': 2.0671378369845674e-07}. Best is trial 459 with value: 2405.323170902653.
[I 2026-03-31 15:45:03,354] Trial 525 finished with value: 2690.578497332659 and parameters: {'alpha_0': 0.0006193300411452503, 'alpha_1': 5.040365827552294e-05, 'alpha_2': 0.0001172402368643754, 'beta_0': 0.2001855450941086, 'beta_1': 1.205701023234729, 'beta_2': 0.3869777953703769, 'beta_3': 0.0035753282895946738, 'beta_4': 0.5572789251571216, 'beta_5': 1765.317256785949, 'beta_6': 0.018851219977784044, 'beta_7': 0.02850714383144356, 'beta_8': 1.2543498387658874e-05, 'beta_9': 1.6939716041363916e-07}. Best is trial 459 with value: 2405.323170902653.Best trial: 459. Best value: 2405.32:  52%|█████▎    | 525/1000 [14:57<10:54,  1.38s/it]Best trial: 459. Best value: 2405.32:  52%|█████▎    | 525/1000 [14:57<10:54,  1.38s/it]Best trial: 459. Best value: 2405.32:  53%|█████▎    | 526/1000 [14:57<10:53,  1.38s/it]                                                                                        Best trial: 459. Best value: 2405.32:  53%|█████▎    | 526/1000 [14:58<10:53,  1.38s/it]Best trial: 459. Best value: 2405.32:  53%|█████▎    | 526/1000 [14:58<10:53,  1.38s/it]Best trial: 459. Best value: 2405.32:  53%|█████▎    | 527/1000 [14:58<10:45,  1.36s/it]                                                                                        Best trial: 459. Best value: 2405.32:  53%|█████▎    | 527/1000 [14:59<10:45,  1.36s/it]Best trial: 459. Best value: 2405.32:  53%|█████▎    | 527/1000 [14:59<10:45,  1.36s/it]Best trial: 459. Best value: 2405.32:  53%|█████▎    | 528/1000 [14:59<10:42,  1.36s/it]                                                                                        Best trial: 459. Best value: 2405.32:  53%|█████▎    | 528/1000 [15:01<10:42,  1.36s/it]Best trial: 459. Best value: 2405.32:  53%|█████▎    | 528/1000 [15:01<10:42,  1.36s/it]Best trial: 459. Best value: 2405.32:  53%|█████▎    | 529/1000 [15:01<10:43,  1.37s/it]                                                                                        Best trial: 459. Best value: 2405.32:  53%|█████▎    | 529/1000 [15:02<10:43,  1.37s/it]Best trial: 459. Best value: 2405.32:  53%|█████▎    | 529/1000 [15:02<10:43,  1.37s/it]Best trial: 459. Best value: 2405.32:  53%|█████▎    | 530/1000 [15:02<10:39,  1.36s/it]                                                                                        Best trial: 459. Best value: 2405.32:  53%|█████▎    | 530/1000 [15:03<10:39,  1.36s/it]Best trial: 459. Best value: 2405.32:  53%|█████▎    | 530/1000 [15:04<10:39,  1.36s/it]Best trial: 459. Best value: 2405.32:  53%|█████▎    | 531/1000 [15:04<10:33,  1.35s/it]                                                                                        Best trial: 459. Best value: 2405.32:  53%|█████▎    | 531/1000 [15:05<10:33,  1.35s/it]Best trial: 459. Best value: 2405.32:  53%|█████▎    | 531/1000 [15:05<10:33,  1.35s/it]Best trial: 459. Best value: 2405.32:  53%|█████▎    | 532/1000 [15:05<10:33,  1.35s/it]                                                                                        Best trial: 459. Best value: 2405.32:  53%|█████▎    | 532/1000 [15:06<10:33,  1.35s/it]Best trial: 459. Best value: 2405.32:  53%|█████▎    | 532/1000 [15:06<10:33,  1.35s/it]Best trial: 459. Best value: 2405.32:  53%|█████▎    | 533/1000 [15:06<10:44,  1.38s/it]                                                                                        Best trial: 459. Best value: 2405.32:  53%|█████▎    | 533/1000 [15:08<10:44,  1.38s/it]Best trial: 459. Best value: 2405.32:  53%|█████▎    | 533/1000 [15:08<10:44,  1.38s/it]Best trial: 459. Best value: 2405.32:  53%|█████▎    | 534/1000 [15:08<11:36,  1.49s/it]                                                                                        Best trial: 459. Best value: 2405.32:  53%|█████▎    | 534/1000 [15:09<11:36,  1.49s/it]Best trial: 459. Best value: 2405.32:  53%|█████▎    | 534/1000 [15:09<11:36,  1.49s/it]Best trial: 459. Best value: 2405.32:  54%|█████▎    | 535/1000 [15:09<11:08,  1.44s/it]                                                                                        Best trial: 459. Best value: 2405.32:  54%|█████▎    | 535/1000 [15:11<11:08,  1.44s/it]Best trial: 459. Best value: 2405.32:  54%|█████▎    | 535/1000 [15:11<11:08,  1.44s/it]Best trial: 459. Best value: 2405.32:  54%|█████▎    | 536/1000 [15:11<10:52,  1.41s/it]                                                                                        Best trial: 459. Best value: 2405.32:  54%|█████▎    | 536/1000 [15:12<10:52,  1.41s/it]Best trial: 459. Best value: 2405.32:  54%|█████▎    | 536/1000 [15:12<10:52,  1.41s/it]Best trial: 459. Best value: 2405.32:  54%|█████▎    | 537/1000 [15:12<10:43,  1.39s/it]                                                                                        Best trial: 459. Best value: 2405.32:  54%|█████▎    | 537/1000 [15:13<10:43,  1.39s/it]Best trial: 537. Best value: 2387.25:  54%|█████▎    | 537/1000 [15:13<10:43,  1.39s/it]Best trial: 537. Best value: 2387.25:  54%|█████▍    | 538/1000 [15:13<10:37,  1.38s/it]                                                                                        Best trial: 537. Best value: 2387.25:  54%|█████▍    | 538/1000 [15:15<10:37,  1.38s/it]Best trial: 537. Best value: 2387.25:  54%|█████▍    | 538/1000 [15:15<10:37,  1.38s/it]Best trial: 537. Best value: 2387.25:  54%|█████▍    | 539/1000 [15:15<10:31,  1.37s/it]                                                                                        Best trial: 537. Best value: 2387.25:  54%|█████▍    | 539/1000 [15:16<10:31,  1.37s/it]Best trial: 537. Best value: 2387.25:  54%|█████▍    | 539/1000 [15:16<10:31,  1.37s/it]Best trial: 537. Best value: 2387.25:  54%|█████▍    | 540/1000 [15:16<10:25,  1.36s/it]                                                                                        
[I 2026-03-31 15:45:04,683] Trial 526 finished with value: 2688.595008361154 and parameters: {'alpha_0': 0.0008860617627586386, 'alpha_1': 5.887026464057802e-05, 'alpha_2': 0.00011004238537013621, 'beta_0': 0.18528731561637776, 'beta_1': 1.2254527278553633, 'beta_2': 0.4119404470079302, 'beta_3': 0.0033199828834358214, 'beta_4': 0.6155120166882073, 'beta_5': 1807.2288604788237, 'beta_6': 0.015094259602723495, 'beta_7': 0.030456449602568502, 'beta_8': 5.81049847012084e-05, 'beta_9': 2.1782334016975156e-07}. Best is trial 459 with value: 2405.323170902653.
[I 2026-03-31 15:45:06,036] Trial 527 finished with value: 2518.3176884223385 and parameters: {'alpha_0': 0.0007430244394534516, 'alpha_1': 6.605611446455828e-05, 'alpha_2': 0.00012214726739259368, 'beta_0': 0.1835298334399039, 'beta_1': 1.186328026374906, 'beta_2': 0.3672649771720259, 'beta_3': 0.0034634469080281577, 'beta_4': 0.646426443075063, 'beta_5': 1872.3448203784094, 'beta_6': 0.012599826313699162, 'beta_7': 0.029671957627625485, 'beta_8': 1.0258075238582202e-05, 'beta_9': 1.5727320275397238e-07}. Best is trial 459 with value: 2405.323170902653.
[I 2026-03-31 15:45:07,409] Trial 528 finished with value: 2971.5451522797575 and parameters: {'alpha_0': 0.0008383856955058397, 'alpha_1': 5.454329204520617e-05, 'alpha_2': 0.00012790128627407615, 'beta_0': 0.1949445049190165, 'beta_1': 1.213368578144625, 'beta_2': 0.3313873178943257, 'beta_3': 0.0035907400665219553, 'beta_4': 0.6683805789650604, 'beta_5': 1356.5759108729185, 'beta_6': 0.021254166295047932, 'beta_7': 0.030759138337294753, 'beta_8': 2.8408316358304384e-05, 'beta_9': 1.405134506303423e-07}. Best is trial 459 with value: 2405.323170902653.
[I 2026-03-31 15:45:08,765] Trial 529 finished with value: 2952.945007923859 and parameters: {'alpha_0': 0.0006623162925869242, 'alpha_1': 0.0002982077472479641, 'alpha_2': 0.00012046517656740045, 'beta_0': 0.1984187794627877, 'beta_1': 1.2367851793370739, 'beta_2': 0.34838691533987404, 'beta_3': 0.0037907301785990335, 'beta_4': 0.6329656628707058, 'beta_5': 1889.6938845754528, 'beta_6': 0.01698519530767111, 'beta_7': 0.029057869243748508, 'beta_8': 2.6826419468843676e-05, 'beta_9': 2.018554139015585e-07}. Best is trial 459 with value: 2405.323170902653.
