[I 2026-03-31 15:47:03,790] Trial 600 finished with value: 2597.3413794644403 and parameters: {'alpha_0': 0.0008069196702440254, 'alpha_1': 5.814086755696036e-05, 'alpha_2': 4.64248884665172e-05, 'beta_0': 0.15617698416331316, 'beta_1': 1.196930127032384, 'beta_2': 0.31763836616539354, 'beta_3': 0.00438572988695753, 'beta_4': 0.5704205975391221, 'beta_5': 1955.0893622236445, 'beta_6': 0.014678667247675936, 'beta_7': 0.028428959394962837, 'beta_8': 1.149800118127195e-05, 'beta_9': 1.9219202446965154e-07}. Best is trial 537 with value: 2387.245732511589.Best trial: 537. Best value: 2387.25:  60%|██████    | 600/1000 [16:57<26:47,  4.02s/it]Best trial: 537. Best value: 2387.25:  60%|██████    | 600/1000 [16:57<26:47,  4.02s/it]Best trial: 537. Best value: 2387.25:  60%|██████    | 601/1000 [16:57<21:27,  3.23s/it]                                                                                        Best trial: 537. Best value: 2387.25:  60%|██████    | 601/1000 [16:59<21:27,  3.23s/it]Best trial: 537. Best value: 2387.25:  60%|██████    | 601/1000 [16:59<21:27,  3.23s/it]Best trial: 537. Best value: 2387.25:  60%|██████    | 602/1000 [16:59<17:43,  2.67s/it]                                                                                        Best trial: 537. Best value: 2387.25:  60%|██████    | 602/1000 [17:00<17:43,  2.67s/it]Best trial: 537. Best value: 2387.25:  60%|██████    | 602/1000 [17:00<17:43,  2.67s/it]Best trial: 537. Best value: 2387.25:  60%|██████    | 603/1000 [17:00<15:06,  2.28s/it]                                                                                        Best trial: 537. Best value: 2387.25:  60%|██████    | 603/1000 [17:01<15:06,  2.28s/it]Best trial: 537. Best value: 2387.25:  60%|██████    | 603/1000 [17:01<15:06,  2.28s/it]Best trial: 537. Best value: 2387.25:  60%|██████    | 604/1000 [17:01<13:14,  2.01s/it]                                                                                        Best trial: 537. Best value: 2387.25:  60%|██████    | 604/1000 [17:03<13:14,  2.01s/it]Best trial: 537. Best value: 2387.25:  60%|██████    | 604/1000 [17:03<13:14,  2.01s/it]Best trial: 537. Best value: 2387.25:  60%|██████    | 605/1000 [17:03<11:56,  1.81s/it]                                                                                        Best trial: 537. Best value: 2387.25:  60%|██████    | 605/1000 [17:04<11:56,  1.81s/it]Best trial: 537. Best value: 2387.25:  60%|██████    | 605/1000 [17:04<11:56,  1.81s/it]Best trial: 537. Best value: 2387.25:  61%|██████    | 606/1000 [17:04<11:08,  1.70s/it]                                                                                        Best trial: 537. Best value: 2387.25:  61%|██████    | 606/1000 [17:05<11:08,  1.70s/it]Best trial: 537. Best value: 2387.25:  61%|██████    | 606/1000 [17:05<11:08,  1.70s/it]Best trial: 537. Best value: 2387.25:  61%|██████    | 607/1000 [17:05<10:29,  1.60s/it]                                                                                        Best trial: 537. Best value: 2387.25:  61%|██████    | 607/1000 [17:15<10:29,  1.60s/it]Best trial: 537. Best value: 2387.25:  61%|██████    | 607/1000 [17:15<10:29,  1.60s/it]Best trial: 537. Best value: 2387.25:  61%|██████    | 608/1000 [17:15<26:01,  3.98s/it]                                                                                        Best trial: 537. Best value: 2387.25:  61%|██████    | 608/1000 [17:16<26:01,  3.98s/it]Best trial: 537. Best value: 2387.25:  61%|██████    | 608/1000 [17:16<26:01,  3.98s/it]Best trial: 537. Best value: 2387.25:  61%|██████    | 609/1000 [17:16<20:52,  3.20s/it]                                                                                        Best trial: 537. Best value: 2387.25:  61%|██████    | 609/1000 [17:18<20:52,  3.20s/it]Best trial: 537. Best value: 2387.25:  61%|██████    | 609/1000 [17:18<20:52,  3.20s/it]Best trial: 537. Best value: 2387.25:  61%|██████    | 610/1000 [17:18<17:16,  2.66s/it]                                                                                        Best trial: 537. Best value: 2387.25:  61%|██████    | 610/1000 [17:19<17:16,  2.66s/it]Best trial: 537. Best value: 2387.25:  61%|██████    | 610/1000 [17:19<17:16,  2.66s/it]Best trial: 537. Best value: 2387.25:  61%|██████    | 611/1000 [17:19<14:46,  2.28s/it]                                                                                        Best trial: 537. Best value: 2387.25:  61%|██████    | 611/1000 [17:21<14:46,  2.28s/it]Best trial: 537. Best value: 2387.25:  61%|██████    | 611/1000 [17:21<14:46,  2.28s/it]Best trial: 537. Best value: 2387.25:  61%|██████    | 612/1000 [17:21<12:58,  2.01s/it]                                                                                        Best trial: 537. Best value: 2387.25:  61%|██████    | 612/1000 [17:22<12:58,  2.01s/it]Best trial: 537. Best value: 2387.25:  61%|██████    | 612/1000 [17:22<12:58,  2.01s/it]Best trial: 537. Best value: 2387.25:  61%|██████▏   | 613/1000 [17:22<11:45,  1.82s/it]                                                                                        Best trial: 537. Best value: 2387.25:  61%|██████▏   | 613/1000 [17:23<11:45,  1.82s/it]Best trial: 537. Best value: 2387.25:  61%|██████▏   | 613/1000 [17:23<11:45,  1.82s/it]Best trial: 537. Best value: 2387.25:  61%|██████▏   | 614/1000 [17:23<10:52,  1.69s/it]                                                                                        Best trial: 537. Best value: 2387.25:  61%|██████▏   | 614/1000 [17:25<10:52,  1.69s/it]Best trial: 537. Best value: 2387.25:  61%|██████▏   | 614/1000 [17:25<10:52,  1.69s/it]Best trial: 537. Best value: 2387.25:  62%|██████▏   | 615/1000 [17:25<10:17,  1.60s/it]                                                                                        
[I 2026-03-31 15:47:05,164] Trial 601 finished with value: 2855.1925589485036 and parameters: {'alpha_0': 0.0007220991195327087, 'alpha_1': 0.00028060324735569103, 'alpha_2': 0.00012299949840984017, 'beta_0': 0.162184788563872, 'beta_1': 1.1827193370913733, 'beta_2': 0.32911402661028266, 'beta_3': 0.0034579581387173706, 'beta_4': 0.5410712696702662, 'beta_5': 1766.2778578422535, 'beta_6': 0.014715890912739595, 'beta_7': 0.02946895556624497, 'beta_8': 4.976161495029131e-05, 'beta_9': 1.311003484433479e-07}. Best is trial 537 with value: 2387.245732511589.
[I 2026-03-31 15:47:06,543] Trial 602 finished with value: 2818.628063017273 and parameters: {'alpha_0': 0.0009876598771540726, 'alpha_1': 5.432832635787379e-05, 'alpha_2': 4.002152755045573e-05, 'beta_0': 0.16802305900004344, 'beta_1': 1.1883359145516383, 'beta_2': 0.2931526453794405, 'beta_3': 0.004003298955351363, 'beta_4': 0.5541912856542935, 'beta_5': 1815.6708159658674, 'beta_6': 0.01890896712659527, 'beta_7': 0.0305492451866324, 'beta_8': 1.297793737080041e-05, 'beta_9': 1.6451532308072973e-07}. Best is trial 537 with value: 2387.245732511589.
[I 2026-03-31 15:47:07,902] Trial 603 finished with value: 2588.61447611535 and parameters: {'alpha_0': 0.0005828853527719213, 'alpha_1': 6.18427752714104e-05, 'alpha_2': 0.00011106421974741757, 'beta_0': 0.17123853220563, 'beta_1': 1.1377154930110718, 'beta_2': 0.312253637821063, 'beta_3': 0.0038160614341027133, 'beta_4': 0.5231830750057863, 'beta_5': 1970.2028223703867, 'beta_6': 0.010110133361519169, 'beta_7': 0.02901151850969534, 'beta_8': 1.1107300898902692e-05, 'beta_9': 2.0507515347778955e-07}. Best is trial 537 with value: 2387.245732511589.
[I 2026-03-31 15:47:09,265] Trial 604 finished with value: 2806.1151712463916 and parameters: {'alpha_0': 0.0008748149905303234, 'alpha_1': 5.4174633528930935e-05, 'alpha_2': 0.00011840408540120352, 'beta_0': 0.1658440546946673, 'beta_1': 1.1948744289337079, 'beta_2': 0.3300273055559301, 'beta_3': 0.003577635855148084, 'beta_4': 0.5762327374790985, 'beta_5': 1865.8585574842355, 'beta_6': 0.012479268527271131, 'beta_7': 0.03113521590260086, 'beta_8': 1.3656595608437573e-05, 'beta_9': 1.016228104730103e-07}. Best is trial 537 with value: 2387.245732511589.
[I 2026-03-31 15:47:10,695] Trial 605 finished with value: 2674.354608002151 and parameters: {'alpha_0': 0.000692474036358698, 'alpha_1': 6.615495577805675e-05, 'alpha_2': 0.0001301237106640062, 'beta_0': 0.15286062196555633, 'beta_1': 1.177252935024551, 'beta_2': 0.3369357706059809, 'beta_3': 0.004091694562553795, 'beta_4': 0.5565562235928276, 'beta_5': 1650.5770078789192, 'beta_6': 0.023961790138455903, 'beta_7': 0.03022936745482826, 'beta_8': 1.0141614231750513e-05, 'beta_9': 2.3366675736229332e-07}. Best is trial 537 with value: 2387.245732511589.
[I 2026-03-31 15:47:12,069] Trial 606 finished with value: 3381.7506001656834 and parameters: {'alpha_0': 0.0008565615248356943, 'alpha_1': 5.015516825198355e-05, 'alpha_2': 0.00012717425776180506, 'beta_0': 0.16398283770856667, 'beta_1': 1.204420414227496, 'beta_2': 0.3106076284658622, 'beta_3': 0.004243668965089105, 'beta_4': 0.5861740070526906, 'beta_5': 1200.9304536413165, 'beta_6': 0.017409856655637546, 'beta_7': 0.027905295804741832, 'beta_8': 2.5109842181094058e-05, 'beta_9': 1.278261179056306e-06}. Best is trial 537 with value: 2387.245732511589.
[I 2026-03-31 15:47:21,616] Trial 607 finished with value: 7196.249535616769 and parameters: {'alpha_0': 0.0010495859230723029, 'alpha_1': 5.842864163626024e-05, 'alpha_2': 0.00011464025859000328, 'beta_0': 0.15936031896778027, 'beta_1': 1.1913798486641622, 'beta_2': 0.3444174795181798, 'beta_3': 0.0033140358295046224, 'beta_4': 0.5694210887627063, 'beta_5': 1913.6791993089896, 'beta_6': 0.014602069467375627, 'beta_7': 0.014550288769278606, 'beta_8': 2.8786790014174022e-05, 'beta_9': 1.5661982182917696e-07}. Best is trial 537 with value: 2387.245732511589.
[I 2026-03-31 15:47:22,994] Trial 608 finished with value: 2586.6607747247244 and parameters: {'alpha_0': 0.0009508646428439442, 'alpha_1': 6.172082199691446e-05, 'alpha_2': 0.00010660400670500612, 'beta_0': 0.16925995646131617, 'beta_1': 1.1652845806200656, 'beta_2': 0.3263335235624729, 'beta_3': 0.0030659933812799585, 'beta_4': 0.5413747481368932, 'beta_5': 1969.8908927631685, 'beta_6': 0.02093141518234197, 'beta_7': 0.029605948969312283, 'beta_8': 3.290513894763256e-05, 'beta_9': 1.3143450270467316e-07}. Best is trial 537 with value: 2387.245732511589.
[I 2026-03-31 15:47:24,377] Trial 609 finished with value: 2948.0428933242665 and parameters: {'alpha_0': 0.0007675937479225032, 'alpha_1': 7.311139168111861e-05, 'alpha_2': 0.0001202873805856795, 'beta_0': 0.1739600092849397, 'beta_1': 1.207299927122745, 'beta_2': 0.2997606958990544, 'beta_3': 0.003203355967029373, 'beta_4': 0.5975862181364675, 'beta_5': 1996.7321741257579, 'beta_6': 0.12257390313265784, 'beta_7': 0.0317349223838719, 'beta_8': 1.2355963590261906e-05, 'beta_9': 1.9079426004366137e-07}. Best is trial 537 with value: 2387.245732511589.
[I 2026-03-31 15:47:25,773] Trial 610 finished with value: 2900.485947575353 and parameters: {'alpha_0': 0.0005112897597845556, 'alpha_1': 0.00023529545810299567, 'alpha_2': 4.827818835160251e-05, 'beta_0': 0.16963233248405452, 'beta_1': 1.1082749299895274, 'beta_2': 0.39938440829721955, 'beta_3': 0.0036339351751297263, 'beta_4': 0.5622559899147772, 'beta_5': 1836.4089437413195, 'beta_6': 0.012450931699335994, 'beta_7': 0.02891261221593199, 'beta_8': 6.156932043296825e-05, 'beta_9': 2.9175474730065563e-07}. Best is trial 537 with value: 2387.245732511589.
[I 2026-03-31 15:47:27,143] Trial 611 finished with value: 2507.658231320672 and parameters: {'alpha_0': 0.0006525160800977655, 'alpha_1': 5.458959151690642e-05, 'alpha_2': 0.00010081642370309583, 'beta_0': 0.18265819721192197, 'beta_1': 1.2020387376387207, 'beta_2': 0.319387941735717, 'beta_3': 0.003417547929285456, 'beta_4': 0.8119184189430584, 'beta_5': 1564.2867865089916, 'beta_6': 0.016258120396650894, 'beta_7': 0.02987301228782919, 'beta_8': 9.15961142185516e-05, 'beta_9': 1.3648042858684473e-07}. Best is trial 537 with value: 2387.245732511589.
[I 2026-03-31 15:47:28,535] Trial 612 finished with value: 2777.5709028865876 and parameters: {'alpha_0': 0.0008080791611722233, 'alpha_1': 6.478858288182818e-05, 'alpha_2': 0.00013777205795877, 'beta_0': 0.16168509264615308, 'beta_1': 1.1195910489088061, 'beta_2': 0.23637700329524375, 'beta_3': 0.003853303968378977, 'beta_4': 0.524243343671277, 'beta_5': 1913.9113937670156, 'beta_6': 0.012508373535739139, 'beta_7': 0.030704849525637016, 'beta_8': 1.3723406327186238e-05, 'beta_9': 1.6998301941418745e-07}. Best is trial 537 with value: 2387.245732511589.
[I 2026-03-31 15:47:29,912] Trial 613 finished with value: 2621.7622463936355 and parameters: {'alpha_0': 0.0009038412103482309, 'alpha_1': 5.0149540785194895e-05, 'alpha_2': 4.288724515799204e-05, 'beta_0': 0.1762894055340976, 'beta_1': 1.214058546054332, 'beta_2': 0.3368996607091605, 'beta_3': 0.0035287816294894735, 'beta_4': 0.6115936685262278, 'beta_5': 1875.5441697178276, 'beta_6': 0.019254029294531832, 'beta_7': 0.028501312894245276, 'beta_8': 2.3652655021893994e-05, 'beta_9': 1.015681689784661e-07}. Best is trial 537 with value: 2387.245732511589.
[I 2026-03-31 15:47:31,323] Trial 614 finished with value: 3483.0165951152417 and parameters: {'alpha_0': 0.0007383147604164572, 'alpha_1': 5.872561522407911e-05, 'alpha_2': 0.00012483983537105961, 'beta_0': 0.16566515690422637, 'beta_1': 1.1420067302352532, 'beta_2': 0.34850910199185026, 'beta_3': 0.003630212905901554, 'beta_4': 0.5828370235589586, 'beta_5': 1942.0286936177401, 'beta_6': 0.014884211347131748, 'beta_7': 0.029332131440480788, 'beta_8': 2.51713547243581e-05, 'beta_9': 1.3722737273150578e-06}. Best is trial 537 with value: 2387.245732511589.
[I 2026-03-31 15:47:32,726] Trial 615 finished with value: 2769.321459903881 and parameters: {'alpha_0': 0.0021140690932205594, 'alpha_1': 6.975331900388732e-05, 'alpha_2': 9.359615616646335e-05, 'beta_0': 0.1729565734316783, 'beta_1': 1.2218049401641107, 'beta_2': 0.32382308852911446, 'beta_3': 0.003768464805440278, 'beta_4': 0.548291017470509, 'beta_5': 1787.1242743572775, 'beta_6': 0.017168215137936704, 'beta_7': 0.030179905657421034, 'beta_8': 9.538583175184911e-05, 'beta_9': 2.2923434273207165e-07}. Best is trial 537 with value: 2387.245732511589.Best trial: 537. Best value: 2387.25:  62%|██████▏   | 615/1000 [17:26<10:17,  1.60s/it]Best trial: 537. Best value: 2387.25:  62%|██████▏   | 615/1000 [17:26<10:17,  1.60s/it]Best trial: 537. Best value: 2387.25:  62%|██████▏   | 616/1000 [17:26<09:52,  1.54s/it]                                                                                        Best trial: 537. Best value: 2387.25:  62%|██████▏   | 616/1000 [17:27<09:52,  1.54s/it]Best trial: 537. Best value: 2387.25:  62%|██████▏   | 616/1000 [17:28<09:52,  1.54s/it]Best trial: 537. Best value: 2387.25:  62%|██████▏   | 617/1000 [17:28<09:32,  1.50s/it]                                                                                        Best trial: 537. Best value: 2387.25:  62%|██████▏   | 617/1000 [17:29<09:32,  1.50s/it]Best trial: 537. Best value: 2387.25:  62%|██████▏   | 617/1000 [17:29<09:32,  1.50s/it]Best trial: 537. Best value: 2387.25:  62%|██████▏   | 618/1000 [17:29<09:16,  1.46s/it]                                                                                        Best trial: 537. Best value: 2387.25:  62%|██████▏   | 618/1000 [17:30<09:16,  1.46s/it]Best trial: 537. Best value: 2387.25:  62%|██████▏   | 618/1000 [17:30<09:16,  1.46s/it]Best trial: 537. Best value: 2387.25:  62%|██████▏   | 619/1000 [17:30<08:58,  1.41s/it]                                                                                        Best trial: 537. Best value: 2387.25:  62%|██████▏   | 619/1000 [17:32<08:58,  1.41s/it]Best trial: 537. Best value: 2387.25:  62%|██████▏   | 619/1000 [17:32<08:58,  1.41s/it]Best trial: 537. Best value: 2387.25:  62%|██████▏   | 620/1000 [17:32<08:56,  1.41s/it]                                                                                        Best trial: 537. Best value: 2387.25:  62%|██████▏   | 620/1000 [17:33<08:56,  1.41s/it]Best trial: 537. Best value: 2387.25:  62%|██████▏   | 620/1000 [17:33<08:56,  1.41s/it]Best trial: 537. Best value: 2387.25:  62%|██████▏   | 621/1000 [17:33<09:16,  1.47s/it]                                                                                        Best trial: 537. Best value: 2387.25:  62%|██████▏   | 621/1000 [17:35<09:16,  1.47s/it]Best trial: 537. Best value: 2387.25:  62%|██████▏   | 621/1000 [17:35<09:16,  1.47s/it]Best trial: 537. Best value: 2387.25:  62%|██████▏   | 622/1000 [17:35<09:09,  1.45s/it]                                                                                        Best trial: 537. Best value: 2387.25:  62%|██████▏   | 622/1000 [17:36<09:09,  1.45s/it]Best trial: 537. Best value: 2387.25:  62%|██████▏   | 622/1000 [17:36<09:09,  1.45s/it]Best trial: 537. Best value: 2387.25:  62%|██████▏   | 623/1000 [17:36<09:06,  1.45s/it]                                                                                        Best trial: 537. Best value: 2387.25:  62%|██████▏   | 623/1000 [17:37<09:06,  1.45s/it]Best trial: 537. Best value: 2387.25:  62%|██████▏   | 623/1000 [17:37<09:06,  1.45s/it]Best trial: 537. Best value: 2387.25:  62%|██████▏   | 624/1000 [17:37<08:56,  1.43s/it]                                                                                        Best trial: 537. Best value: 2387.25:  62%|██████▏   | 624/1000 [17:39<08:56,  1.43s/it]Best trial: 537. Best value: 2387.25:  62%|██████▏   | 624/1000 [17:39<08:56,  1.43s/it]Best trial: 537. Best value: 2387.25:  62%|██████▎   | 625/1000 [17:39<08:53,  1.42s/it]                                                                                        Best trial: 537. Best value: 2387.25:  62%|██████▎   | 625/1000 [17:40<08:53,  1.42s/it]Best trial: 537. Best value: 2387.25:  62%|██████▎   | 625/1000 [17:40<08:53,  1.42s/it]Best trial: 537. Best value: 2387.25:  63%|██████▎   | 626/1000 [17:40<08:46,  1.41s/it]                                                                                        Best trial: 537. Best value: 2387.25:  63%|██████▎   | 626/1000 [17:42<08:46,  1.41s/it]Best trial: 537. Best value: 2387.25:  63%|██████▎   | 626/1000 [17:42<08:46,  1.41s/it]Best trial: 537. Best value: 2387.25:  63%|██████▎   | 627/1000 [17:42<08:40,  1.39s/it]                                                                                        Best trial: 537. Best value: 2387.25:  63%|██████▎   | 627/1000 [17:43<08:40,  1.39s/it]Best trial: 537. Best value: 2387.25:  63%|██████▎   | 627/1000 [17:43<08:40,  1.39s/it]Best trial: 537. Best value: 2387.25:  63%|██████▎   | 628/1000 [17:43<08:38,  1.39s/it]                                                                                        Best trial: 537. Best value: 2387.25:  63%|██████▎   | 628/1000 [17:44<08:38,  1.39s/it]Best trial: 537. Best value: 2387.25:  63%|██████▎   | 628/1000 [17:44<08:38,  1.39s/it]Best trial: 537. Best value: 2387.25:  63%|██████▎   | 629/1000 [17:44<08:39,  1.40s/it]                                                                                        Best trial: 537. Best value: 2387.25:  63%|██████▎   | 629/1000 [17:46<08:39,  1.40s/it]Best trial: 537. Best value: 2387.25:  63%|██████▎   | 629/1000 [17:46<08:39,  1.40s/it]Best trial: 537. Best value: 2387.25:  63%|██████▎   | 630/1000 [17:46<08:37,  1.40s/it]                                                                                        
[I 2026-03-31 15:47:34,107] Trial 616 finished with value: 2539.9417656937903 and parameters: {'alpha_0': 0.0009774198874485521, 'alpha_1': 5.8838234865875705e-05, 'alpha_2': 0.00011819415122366883, 'beta_0': 0.15808447686490162, 'beta_1': 1.0909442237539264, 'beta_2': 0.36910420214957945, 'beta_3': 0.003924809679925207, 'beta_4': 0.5356442704833394, 'beta_5': 1517.7809906745058, 'beta_6': 0.012591270945866866, 'beta_7': 0.031225429249824705, 'beta_8': 2.7013493742028698e-05, 'beta_9': 1.650397848111079e-07}. Best is trial 537 with value: 2387.245732511589.
[I 2026-03-31 15:47:35,476] Trial 617 finished with value: 2622.5572784836177 and parameters: {'alpha_0': 0.0011080344683318567, 'alpha_1': 5.46319587546596e-05, 'alpha_2': 0.00011241957345888535, 'beta_0': 0.15465242964987572, 'beta_1': 1.1799603123459756, 'beta_2': 0.29692816514638204, 'beta_3': 0.0033677755401483626, 'beta_4': 0.5727243967847766, 'beta_5': 1730.196128914357, 'beta_6': 0.022500191654608977, 'beta_7': 0.029516475368548477, 'beta_8': 2.306509712528959e-05, 'beta_9': 1.9939203342087855e-07}. Best is trial 537 with value: 2387.245732511589.
[I 2026-03-31 15:47:36,779] Trial 618 finished with value: 2842.4522331090307 and parameters: {'alpha_0': 0.0008650487071463431, 'alpha_1': 6.349164531138598e-05, 'alpha_2': 0.00012240341887838701, 'beta_0': 0.18067277333412515, 'beta_1': 1.2804690507862866, 'beta_2': 0.3361597375125981, 'beta_3': 0.0034879442226487785, 'beta_4': 0.5957875489302815, 'beta_5': 1998.8475196040067, 'beta_6': 0.010216268596438104, 'beta_7': 0.03322044704423795, 'beta_8': 1.1443901754675685e-05, 'beta_9': 2.6784432944591375e-07}. Best is trial 537 with value: 2387.245732511589.
[I 2026-03-31 15:47:38,192] Trial 619 finished with value: 2469.92808342127 and parameters: {'alpha_0': 0.0006339979245104329, 'alpha_1': 5.941692760354565e-05, 'alpha_2': 5.456920458252428e-05, 'beta_0': 0.18644395452934945, 'beta_1': 1.1921277842673914, 'beta_2': 0.3496699603919366, 'beta_3': 0.004137052353265315, 'beta_4': 0.5584345378317389, 'beta_5': 1903.6293553164264, 'beta_6': 0.01476715925202477, 'beta_7': 0.027425575557054414, 'beta_8': 1.4746037826412266e-05, 'beta_9': 1.345617997602726e-07}. Best is trial 537 with value: 2387.245732511589.
