[I 2026-03-31 15:42:12,375] Trial 420 finished with value: 2992.9089021018463 and parameters: {'alpha_0': 0.0008396965677655549, 'alpha_1': 5.424086783476777e-05, 'alpha_2': 4.033007044908506e-05, 'beta_0': 0.22054694281647924, 'beta_1': 1.241763652049349, 'beta_2': 0.3572554732295434, 'beta_3': 0.003924206439764384, 'beta_4': 0.6708976457143625, 'beta_5': 1846.1979885182936, 'beta_6': 0.019858508579027313, 'beta_7': 0.02883723968417787, 'beta_8': 1.603787521182346e-05, 'beta_9': 9.77737850227166e-07}. Best is trial 385 with value: 2408.8828178913027.Best trial: 385. Best value: 2408.88:  42%|████▏     | 420/1000 [12:06<12:54,  1.33s/it]Best trial: 385. Best value: 2408.88:  42%|████▏     | 420/1000 [12:06<12:54,  1.33s/it]Best trial: 385. Best value: 2408.88:  42%|████▏     | 421/1000 [12:06<12:55,  1.34s/it]                                                                                        Best trial: 385. Best value: 2408.88:  42%|████▏     | 421/1000 [12:07<12:55,  1.34s/it]Best trial: 385. Best value: 2408.88:  42%|████▏     | 421/1000 [12:07<12:55,  1.34s/it]Best trial: 385. Best value: 2408.88:  42%|████▏     | 422/1000 [12:07<12:50,  1.33s/it]                                                                                        Best trial: 385. Best value: 2408.88:  42%|████▏     | 422/1000 [12:08<12:50,  1.33s/it]Best trial: 385. Best value: 2408.88:  42%|████▏     | 422/1000 [12:08<12:50,  1.33s/it]Best trial: 385. Best value: 2408.88:  42%|████▏     | 423/1000 [12:08<12:52,  1.34s/it]                                                                                        Best trial: 385. Best value: 2408.88:  42%|████▏     | 423/1000 [12:10<12:52,  1.34s/it]Best trial: 423. Best value: 2407.21:  42%|████▏     | 423/1000 [12:10<12:52,  1.34s/it]Best trial: 423. Best value: 2407.21:  42%|████▏     | 424/1000 [12:10<12:49,  1.34s/it]                                                                                        Best trial: 423. Best value: 2407.21:  42%|████▏     | 424/1000 [12:11<12:49,  1.34s/it]Best trial: 423. Best value: 2407.21:  42%|████▏     | 424/1000 [12:11<12:49,  1.34s/it]Best trial: 423. Best value: 2407.21:  42%|████▎     | 425/1000 [12:11<12:56,  1.35s/it]                                                                                        Best trial: 423. Best value: 2407.21:  42%|████▎     | 425/1000 [12:12<12:56,  1.35s/it]Best trial: 423. Best value: 2407.21:  42%|████▎     | 425/1000 [12:12<12:56,  1.35s/it]Best trial: 423. Best value: 2407.21:  43%|████▎     | 426/1000 [12:12<12:48,  1.34s/it]                                                                                        Best trial: 423. Best value: 2407.21:  43%|████▎     | 426/1000 [12:14<12:48,  1.34s/it]Best trial: 423. Best value: 2407.21:  43%|████▎     | 426/1000 [12:14<12:48,  1.34s/it]Best trial: 423. Best value: 2407.21:  43%|████▎     | 427/1000 [12:14<12:49,  1.34s/it]                                                                                        Best trial: 423. Best value: 2407.21:  43%|████▎     | 427/1000 [12:23<12:49,  1.34s/it]Best trial: 423. Best value: 2407.21:  43%|████▎     | 427/1000 [12:23<12:49,  1.34s/it]Best trial: 423. Best value: 2407.21:  43%|████▎     | 428/1000 [12:23<36:25,  3.82s/it]                                                                                        Best trial: 423. Best value: 2407.21:  43%|████▎     | 428/1000 [12:25<36:25,  3.82s/it]Best trial: 423. Best value: 2407.21:  43%|████▎     | 428/1000 [12:25<36:25,  3.82s/it]Best trial: 423. Best value: 2407.21:  43%|████▎     | 429/1000 [12:25<29:23,  3.09s/it]                                                                                        Best trial: 423. Best value: 2407.21:  43%|████▎     | 429/1000 [12:26<29:23,  3.09s/it]Best trial: 423. Best value: 2407.21:  43%|████▎     | 429/1000 [12:26<29:23,  3.09s/it]Best trial: 423. Best value: 2407.21:  43%|████▎     | 430/1000 [12:26<24:20,  2.56s/it]                                                                                        Best trial: 423. Best value: 2407.21:  43%|████▎     | 430/1000 [12:27<24:20,  2.56s/it]Best trial: 423. Best value: 2407.21:  43%|████▎     | 430/1000 [12:27<24:20,  2.56s/it]Best trial: 423. Best value: 2407.21:  43%|████▎     | 431/1000 [12:27<20:51,  2.20s/it]                                                                                        Best trial: 423. Best value: 2407.21:  43%|████▎     | 431/1000 [12:29<20:51,  2.20s/it]Best trial: 423. Best value: 2407.21:  43%|████▎     | 431/1000 [12:29<20:51,  2.20s/it]Best trial: 423. Best value: 2407.21:  43%|████▎     | 432/1000 [12:29<18:19,  1.94s/it]                                                                                        Best trial: 423. Best value: 2407.21:  43%|████▎     | 432/1000 [12:30<18:19,  1.94s/it]Best trial: 423. Best value: 2407.21:  43%|████▎     | 432/1000 [12:30<18:19,  1.94s/it]Best trial: 423. Best value: 2407.21:  43%|████▎     | 433/1000 [12:30<16:41,  1.77s/it]                                                                                        Best trial: 423. Best value: 2407.21:  43%|████▎     | 433/1000 [12:31<16:41,  1.77s/it]Best trial: 423. Best value: 2407.21:  43%|████▎     | 433/1000 [12:32<16:41,  1.77s/it]Best trial: 423. Best value: 2407.21:  43%|████▎     | 434/1000 [12:32<15:28,  1.64s/it]                                                                                        Best trial: 423. Best value: 2407.21:  43%|████▎     | 434/1000 [12:33<15:28,  1.64s/it]Best trial: 423. Best value: 2407.21:  43%|████▎     | 434/1000 [12:33<15:28,  1.64s/it]Best trial: 423. Best value: 2407.21:  44%|████▎     | 435/1000 [12:33<14:35,  1.55s/it]                                                                                        
[I 2026-03-31 15:42:13,682] Trial 421 finished with value: 2708.1922187536547 and parameters: {'alpha_0': 0.0006927706162926563, 'alpha_1': 0.00021105518547985275, 'alpha_2': 4.770566686405696e-05, 'beta_0': 0.19756988736054112, 'beta_1': 1.208474493460244, 'beta_2': 0.33742925020642867, 'beta_3': 0.0036488117901137566, 'beta_4': 0.6340561469298747, 'beta_5': 1931.0508356838145, 'beta_6': 0.016223212850525935, 'beta_7': 0.029481294494636042, 'beta_8': 1.9433728696526614e-05, 'beta_9': 1.5919068246389975e-07}. Best is trial 385 with value: 2408.8828178913027.
[I 2026-03-31 15:42:15,042] Trial 422 finished with value: 2930.707457668629 and parameters: {'alpha_0': 0.0009136257396557285, 'alpha_1': 0.0002348949609316121, 'alpha_2': 6.014078967304694e-05, 'beta_0': 0.1740021981591061, 'beta_1': 1.2266804180876663, 'beta_2': 0.35244239769980085, 'beta_3': 0.0035790271520353568, 'beta_4': 0.6027929100642229, 'beta_5': 1962.8386367242822, 'beta_6': 0.02339389802981897, 'beta_7': 0.03042786139397723, 'beta_8': 1.8147999535865725e-05, 'beta_9': 1.0032602934589618e-07}. Best is trial 385 with value: 2408.8828178913027.
[I 2026-03-31 15:42:16,374] Trial 423 finished with value: 2407.2110142847305 and parameters: {'alpha_0': 0.0007952927093819462, 'alpha_1': 5.0066954890588684e-05, 'alpha_2': 5.1590820343217176e-05, 'beta_0': 0.20554055441167415, 'beta_1': 1.2382004951570311, 'beta_2': 0.36492615030412645, 'beta_3': 0.0037697942489524077, 'beta_4': 0.617888129439732, 'beta_5': 1886.840592343723, 'beta_6': 0.014093605599223579, 'beta_7': 0.029633613028318316, 'beta_8': 2.1023589473131218e-05, 'beta_9': 1.4174824889831598e-07}. Best is trial 423 with value: 2407.2110142847305.
[I 2026-03-31 15:42:17,760] Trial 424 finished with value: 2505.3410641175074 and parameters: {'alpha_0': 0.0010386152986344372, 'alpha_1': 5.0924872934671436e-05, 'alpha_2': 5.506003431526752e-05, 'beta_0': 0.21084276102862343, 'beta_1': 1.240389764115935, 'beta_2': 0.36599147739566146, 'beta_3': 0.0038225162973765372, 'beta_4': 0.5930591579322886, 'beta_5': 1856.2895025474138, 'beta_6': 0.013219919504366273, 'beta_7': 0.028781759575881468, 'beta_8': 2.015666278089332e-05, 'beta_9': 1.331633436540614e-07}. Best is trial 423 with value: 2407.2110142847305.
[I 2026-03-31 15:42:19,067] Trial 425 finished with value: 2607.564514733548 and parameters: {'alpha_0': 0.0008227036499778933, 'alpha_1': 5.013597918651236e-05, 'alpha_2': 5.095233414821606e-05, 'beta_0': 0.19645903800050957, 'beta_1': 1.222744915655566, 'beta_2': 0.3794908935793594, 'beta_3': 0.00373020108663663, 'beta_4': 0.6122840641089007, 'beta_5': 1880.8096116658953, 'beta_6': 0.09601808912651869, 'beta_7': 0.02952821592041944, 'beta_8': 2.2782633434560016e-05, 'beta_9': 1.611832098338457e-07}. Best is trial 423 with value: 2407.2110142847305.
[I 2026-03-31 15:42:20,424] Trial 426 finished with value: 2833.575359653868 and parameters: {'alpha_0': 0.000939692414256667, 'alpha_1': 0.00019923152474464085, 'alpha_2': 5.6826400255139126e-05, 'beta_0': 0.20683875354993111, 'beta_1': 1.2468278277089733, 'beta_2': 0.3649480221919736, 'beta_3': 0.0038967327169420873, 'beta_4': 0.5880947495867216, 'beta_5': 1939.740148016612, 'beta_6': 0.010069814047465599, 'beta_7': 0.030916525466641025, 'beta_8': 2.0447234392766744e-05, 'beta_9': 1.350575569481541e-07}. Best is trial 423 with value: 2407.2110142847305.
[I 2026-03-31 15:42:30,024] Trial 427 finished with value: 9421.427937692812 and parameters: {'alpha_0': 0.0008239252668189962, 'alpha_1': 5.706039190008756e-05, 'alpha_2': 4.4108514322778274e-05, 'beta_0': 0.20106377626416788, 'beta_1': 1.2330166037797972, 'beta_2': 0.39921349253944544, 'beta_3': 0.003773877502693747, 'beta_4': 0.6171286307276461, 'beta_5': 1993.4960319227616, 'beta_6': 0.014203963314230125, 'beta_7': 0.0190553044107638, 'beta_8': 2.4359850203644864e-05, 'beta_9': 1.0033764563517441e-07}. Best is trial 423 with value: 2407.2110142847305.
[I 2026-03-31 15:42:31,404] Trial 428 finished with value: 2593.1255375605006 and parameters: {'alpha_0': 0.0011001978654581676, 'alpha_1': 5.9433612515152515e-05, 'alpha_2': 6.35954518021194e-05, 'beta_0': 0.18102913274513607, 'beta_1': 1.2169952947525033, 'beta_2': 0.34853598516573475, 'beta_3': 0.003667365753268599, 'beta_4': 0.6033944823938991, 'beta_5': 1902.2695042872283, 'beta_6': 0.01811655464876927, 'beta_7': 0.029051084896920248, 'beta_8': 2.2105475402432592e-05, 'beta_9': 1.6691807836453734e-07}. Best is trial 423 with value: 2407.2110142847305.
[I 2026-03-31 15:42:32,741] Trial 429 finished with value: 3957.376496453692 and parameters: {'alpha_0': 0.0007367750501458497, 'alpha_1': 5.463412836836558e-05, 'alpha_2': 5.0438853044024674e-05, 'beta_0': 0.20725139675687324, 'beta_1': 1.2408710573640527, 'beta_2': 0.3336026678584919, 'beta_3': 0.004182170824927034, 'beta_4': 0.6460837883171338, 'beta_5': 1962.9490093065126, 'beta_6': 0.012466965078284748, 'beta_7': 0.030070431126023933, 'beta_8': 1.639880420353646e-05, 'beta_9': 1.32966974256829e-07}. Best is trial 423 with value: 2407.2110142847305.
[I 2026-03-31 15:42:34,090] Trial 430 finished with value: 2581.379608392098 and parameters: {'alpha_0': 0.000881840804430613, 'alpha_1': 5.0351803800491085e-05, 'alpha_2': 4.636927261692951e-05, 'beta_0': 0.17258186355679958, 'beta_1': 1.2286567316762584, 'beta_2': 0.39233903932277875, 'beta_3': 0.003970109061996918, 'beta_4': 0.6194091255073527, 'beta_5': 1822.3174493659349, 'beta_6': 0.015146628728923247, 'beta_7': 0.028334346326199716, 'beta_8': 1.8849450686500125e-05, 'beta_9': 1.8114536932223676e-07}. Best is trial 423 with value: 2407.2110142847305.
[I 2026-03-31 15:42:35,412] Trial 431 finished with value: 2597.1195257364725 and parameters: {'alpha_0': 0.001621709402187304, 'alpha_1': 5.9731831348822047e-05, 'alpha_2': 5.3387381407316173e-05, 'beta_0': 0.2029804193556421, 'beta_1': 1.2114093171490203, 'beta_2': 0.3431657759001368, 'beta_3': 0.0038385882132244446, 'beta_4': 0.6311645596612211, 'beta_5': 1908.1861407639988, 'beta_6': 0.018346906661670298, 'beta_7': 0.032069250144922914, 'beta_8': 1.3842362121940626e-05, 'beta_9': 1.3106746492729364e-07}. Best is trial 423 with value: 2407.2110142847305.
[I 2026-03-31 15:42:36,778] Trial 432 finished with value: 3769.549179793733 and parameters: {'alpha_0': 0.000998123023160631, 'alpha_1': 5.475709087848891e-05, 'alpha_2': 5.798131835014456e-05, 'beta_0': 0.1785090259980821, 'beta_1': 1.1996463794332715, 'beta_2': 0.36982330462837654, 'beta_3': 0.0036099121454285462, 'beta_4': 0.5954945706767916, 'beta_5': 1861.5232940486665, 'beta_6': 0.012335091548133935, 'beta_7': 0.029475923508692502, 'beta_8': 2.1248275577490573e-05, 'beta_9': 1.6846435978981772e-06}. Best is trial 423 with value: 2407.2110142847305.
[I 2026-03-31 15:42:38,129] Trial 433 finished with value: 3894.7319361886084 and parameters: {'alpha_0': 0.0007725342815774688, 'alpha_1': 6.412555719988439e-05, 'alpha_2': 4.41895713381838e-05, 'beta_0': 0.21416044364939102, 'beta_1': 1.252664768634597, 'beta_2': 0.35349492940114036, 'beta_3': 0.0037025212661589077, 'beta_4': 0.5809974769687521, 'beta_5': 1951.2813698729099, 'beta_6': 0.015570100736673824, 'beta_7': 0.03052084039284132, 'beta_8': 1.7236221623919275e-05, 'beta_9': 1.7674774610320516e-07}. Best is trial 423 with value: 2407.2110142847305.
[I 2026-03-31 15:42:39,465] Trial 434 finished with value: 2878.8439307279323 and parameters: {'alpha_0': 0.0006697840515898572, 'alpha_1': 5.869766307834371e-05, 'alpha_2': 5.078977814245948e-05, 'beta_0': 0.16972830723076743, 'beta_1': 1.2342221078251265, 'beta_2': 0.3293048871324607, 'beta_3': 0.003561633757252194, 'beta_4': 0.6088184733694139, 'beta_5': 1463.4585495365307, 'beta_6': 0.08806814535700656, 'beta_7': 0.0311897486015141, 'beta_8': 1.238211827311229e-05, 'beta_9': 1.0090163645158388e-07}. Best is trial 423 with value: 2407.2110142847305.
[I 2026-03-31 15:42:40,805] Trial 435 finished with value: 2676.1235390478646 and parameters: {'alpha_0': 0.0009281566378899456, 'alpha_1': 5.437229539002319e-05, 'alpha_2': 5.063465826182854e-05, 'beta_0': 0.27499977968068956, 'beta_1': 1.2179671597658916, 'beta_2': 0.33907296681469873, 'beta_3': 0.003815774407921918, 'beta_4': 0.6628511720784266, 'beta_5': 1922.2635789309434, 'beta_6': 0.010106933583876975, 'beta_7': 0.02999984087714836, 'beta_8': 2.480527483562573e-05, 'beta_9': 2.0413680205262803e-07}. Best is trial 423 with value: 2407.2110142847305.Best trial: 423. Best value: 2407.21:  44%|████▎     | 435/1000 [12:34<14:35,  1.55s/it]Best trial: 423. Best value: 2407.21:  44%|████▎     | 435/1000 [12:34<14:35,  1.55s/it]Best trial: 423. Best value: 2407.21:  44%|████▎     | 436/1000 [12:34<13:57,  1.49s/it]                                                                                        Best trial: 423. Best value: 2407.21:  44%|████▎     | 436/1000 [12:36<13:57,  1.49s/it]Best trial: 423. Best value: 2407.21:  44%|████▎     | 436/1000 [12:36<13:57,  1.49s/it]Best trial: 423. Best value: 2407.21:  44%|████▎     | 437/1000 [12:36<13:31,  1.44s/it]                                                                                        Best trial: 423. Best value: 2407.21:  44%|████▎     | 437/1000 [12:37<13:31,  1.44s/it]Best trial: 423. Best value: 2407.21:  44%|████▎     | 437/1000 [12:37<13:31,  1.44s/it]Best trial: 423. Best value: 2407.21:  44%|████▍     | 438/1000 [12:37<13:16,  1.42s/it]                                                                                        Best trial: 423. Best value: 2407.21:  44%|████▍     | 438/1000 [12:38<13:16,  1.42s/it]Best trial: 423. Best value: 2407.21:  44%|████▍     | 438/1000 [12:38<13:16,  1.42s/it]Best trial: 423. Best value: 2407.21:  44%|████▍     | 439/1000 [12:38<12:59,  1.39s/it]                                                                                        Best trial: 423. Best value: 2407.21:  44%|████▍     | 439/1000 [12:40<12:59,  1.39s/it]Best trial: 423. Best value: 2407.21:  44%|████▍     | 439/1000 [12:40<12:59,  1.39s/it]Best trial: 423. Best value: 2407.21:  44%|████▍     | 440/1000 [12:40<12:53,  1.38s/it]                                                                                        Best trial: 423. Best value: 2407.21:  44%|████▍     | 440/1000 [12:41<12:53,  1.38s/it]Best trial: 423. Best value: 2407.21:  44%|████▍     | 440/1000 [12:41<12:53,  1.38s/it]Best trial: 423. Best value: 2407.21:  44%|████▍     | 441/1000 [12:41<12:41,  1.36s/it]                                                                                        Best trial: 423. Best value: 2407.21:  44%|████▍     | 441/1000 [12:42<12:41,  1.36s/it]Best trial: 423. Best value: 2407.21:  44%|████▍     | 441/1000 [12:42<12:41,  1.36s/it]Best trial: 423. Best value: 2407.21:  44%|████▍     | 442/1000 [12:42<12:32,  1.35s/it]                                                                                        Best trial: 423. Best value: 2407.21:  44%|████▍     | 442/1000 [12:44<12:32,  1.35s/it]Best trial: 423. Best value: 2407.21:  44%|████▍     | 442/1000 [12:44<12:32,  1.35s/it]Best trial: 423. Best value: 2407.21:  44%|████▍     | 443/1000 [12:44<12:27,  1.34s/it]                                                                                        Best trial: 423. Best value: 2407.21:  44%|████▍     | 443/1000 [12:45<12:27,  1.34s/it]Best trial: 423. Best value: 2407.21:  44%|████▍     | 443/1000 [12:45<12:27,  1.34s/it]Best trial: 423. Best value: 2407.21:  44%|████▍     | 444/1000 [12:45<12:17,  1.33s/it]                                                                                        Best trial: 423. Best value: 2407.21:  44%|████▍     | 444/1000 [12:46<12:17,  1.33s/it]Best trial: 423. Best value: 2407.21:  44%|████▍     | 444/1000 [12:46<12:17,  1.33s/it]Best trial: 423. Best value: 2407.21:  44%|████▍     | 445/1000 [12:46<12:21,  1.34s/it]                                                                                        Best trial: 423. Best value: 2407.21:  44%|████▍     | 445/1000 [12:47<12:21,  1.34s/it]Best trial: 423. Best value: 2407.21:  44%|████▍     | 445/1000 [12:48<12:21,  1.34s/it]Best trial: 423. Best value: 2407.21:  45%|████▍     | 446/1000 [12:48<12:20,  1.34s/it]                                                                                        Best trial: 423. Best value: 2407.21:  45%|████▍     | 446/1000 [12:49<12:20,  1.34s/it]Best trial: 423. Best value: 2407.21:  45%|████▍     | 446/1000 [12:49<12:20,  1.34s/it]Best trial: 423. Best value: 2407.21:  45%|████▍     | 447/1000 [12:49<12:18,  1.34s/it]                                                                                        Best trial: 423. Best value: 2407.21:  45%|████▍     | 447/1000 [12:50<12:18,  1.34s/it]Best trial: 423. Best value: 2407.21:  45%|████▍     | 447/1000 [12:50<12:18,  1.34s/it]Best trial: 423. Best value: 2407.21:  45%|████▍     | 448/1000 [12:50<12:19,  1.34s/it]                                                                                        Best trial: 423. Best value: 2407.21:  45%|████▍     | 448/1000 [12:52<12:19,  1.34s/it]Best trial: 423. Best value: 2407.21:  45%|████▍     | 448/1000 [12:52<12:19,  1.34s/it]Best trial: 423. Best value: 2407.21:  45%|████▍     | 449/1000 [12:52<12:33,  1.37s/it]                                                                                        Best trial: 423. Best value: 2407.21:  45%|████▍     | 449/1000 [12:53<12:33,  1.37s/it]Best trial: 423. Best value: 2407.21:  45%|████▍     | 449/1000 [12:53<12:33,  1.37s/it]Best trial: 423. Best value: 2407.21:  45%|████▌     | 450/1000 [12:53<12:34,  1.37s/it]                                                                                        
[I 2026-03-31 15:42:42,140] Trial 436 finished with value: 2523.3373184062593 and parameters: {'alpha_0': 0.0007761022883152674, 'alpha_1': 5.008080790245886e-05, 'alpha_2': 4.4781692340793356e-05, 'beta_0': 0.1864989352986156, 'beta_1': 1.243208233062532, 'beta_2': 0.35934476499753754, 'beta_3': 0.003722876265360539, 'beta_4': 0.6242501620528947, 'beta_5': 1811.877659767303, 'beta_6': 0.020250959195275035, 'beta_7': 0.02870724499102426, 'beta_8': 2.313252030251328e-05, 'beta_9': 1.6086613688693582e-07}. Best is trial 423 with value: 2407.2110142847305.
[I 2026-03-31 15:42:43,504] Trial 437 finished with value: 2488.215435092679 and parameters: {'alpha_0': 0.0010551599107031814, 'alpha_1': 6.274843366781717e-05, 'alpha_2': 8.045194983443365e-05, 'beta_0': 0.1713969402011447, 'beta_1': 1.223760481054397, 'beta_2': 0.32148550971451967, 'beta_3': 0.0040909206985182515, 'beta_4': 0.5939841688158963, 'beta_5': 1976.1272705440101, 'beta_6': 0.014174894991881029, 'beta_7': 0.029424787456898627, 'beta_8': 1.9258232789540693e-05, 'beta_9': 1.3847510555669516e-07}. Best is trial 423 with value: 2407.2110142847305.
[I 2026-03-31 15:42:44,820] Trial 438 finished with value: 2800.1459170228054 and parameters: {'alpha_0': 0.0010571356711315386, 'alpha_1': 6.467003493214611e-05, 'alpha_2': 5.6270292363988394e-05, 'beta_0': 0.1727490625509325, 'beta_1': 1.2268118312737208, 'beta_2': 0.32588024774831, 'beta_3': 0.004073610009300735, 'beta_4': 0.583162753097274, 'beta_5': 1988.8208469837564, 'beta_6': 0.0737339135742032, 'beta_7': 0.027788777883463164, 'beta_8': 1.9051578025184972e-05, 'beta_9': 1.3536264058223844e-07}. Best is trial 423 with value: 2407.2110142847305.
[I 2026-03-31 15:42:46,186] Trial 439 finished with value: 3403.0798149015627 and parameters: {'alpha_0': 0.0012817782683955887, 'alpha_1': 5.962781336444837e-05, 'alpha_2': 7.857173615923465e-05, 'beta_0': 0.1753316812928597, 'beta_1': 1.2054757727947523, 'beta_2': 0.34293768239973915, 'beta_3': 0.004328068556967574, 'beta_4': 0.5892272648364004, 'beta_5': 1995.914790923635, 'beta_6': 0.012980923371131051, 'beta_7': 0.029375618911754546, 'beta_8': 1.5663183189543117e-05, 'beta_9': 1.2997227035141644e-06}. Best is trial 423 with value: 2407.2110142847305.
