[I 2026-03-31 15:35:38,529] Trial 170 finished with value: 2605.6691346317493 and parameters: {'alpha_0': 0.0007996316752828962, 'alpha_1': 5.499701008953108e-05, 'alpha_2': 0.00011275473999831104, 'beta_0': 0.1374757734112482, 'beta_1': 1.2684168013087094, 'beta_2': 0.3091681763684262, 'beta_3': 0.0037437594266381035, 'beta_4': 0.5405506110071987, 'beta_5': 1149.1034525088007, 'beta_6': 0.01792862641739756, 'beta_7': 0.029853972684129267, 'beta_8': 9.02397900756485e-05, 'beta_9': 1.4392181213696763e-07}. Best is trial 130 with value: 2499.9824319690442.
[I 2026-03-31 15:35:39,834] Trial 171 finished with value: 2468.02220989489 and parameters: {'alpha_0': 0.0008211391782947002, 'alpha_1': 5.0607174057192066e-05, 'alpha_2': 0.00012088740356760857, 'beta_0': 0.16165610575771686, 'beta_1': 1.2784013128549496, 'beta_2': 0.304011842801236, 'beta_3': 0.003562984993158746, 'beta_4': 0.5921286251672759, 'beta_5': 1051.3727774913602, 'beta_6': 0.01787978471657798, 'beta_7': 0.029927545620082038, 'beta_8': 9.126949269264909e-05, 'beta_9': 1.506736255276355e-07}. Best is trial 171 with value: 2468.02220989489.
[I 2026-03-31 15:35:41,101] Trial 172 finished with value: 2591.9037452076946 and parameters: {'alpha_0': 0.0007339584877373897, 'alpha_1': 5.020781614037749e-05, 'alpha_2': 0.00012191693878815883, 'beta_0': 0.16308091880380968, 'beta_1': 1.2534667418863115, 'beta_2': 0.3053462426855475, 'beta_3': 0.003696978821653543, 'beta_4': 0.5233954118173854, 'beta_5': 500.9466812002283, 'beta_6': 0.01783119546155578, 'beta_7': 0.02995610121264957, 'beta_8': 9.08913732142503e-05, 'beta_9': 1.4260166374983757e-07}. Best is trial 171 with value: 2468.02220989489.
[I 2026-03-31 15:35:42,444] Trial 173 finished with value: 2505.803789251623 and parameters: {'alpha_0': 0.0006520733424639373, 'alpha_1': 5.099987070645814e-05, 'alpha_2': 0.00012053845418318042, 'beta_0': 0.16702002307044927, 'beta_1': 1.2558130698577998, 'beta_2': 0.3256848195309793, 'beta_3': 0.0032069600187171633, 'beta_4': 0.5190710433813569, 'beta_5': 1061.7952714224655, 'beta_6': 0.013065903522267396, 'beta_7': 0.028401574868129, 'beta_8': 9.061476070813504e-05, 'beta_9': 1.7456382763133718e-07}. Best is trial 171 with value: 2468.02220989489.
[I 2026-03-31 15:35:43,715] Trial 174 finished with value: 2807.159697709528 and parameters: {'alpha_0': 0.0006143696912569288, 'alpha_1': 5.100647473057425e-05, 'alpha_2': 0.00012760422743831072, 'beta_0': 0.16326258679601063, 'beta_1': 1.2539250157509314, 'beta_2': 0.36806982218469797, 'beta_3': 0.00321052628692552, 'beta_4': 0.49436951286563957, 'beta_5': 467.6404536253969, 'beta_6': 0.14502030806466829, 'beta_7': 0.030197672252741652, 'beta_8': 9.269891902416123e-05, 'beta_9': 1.435182866434999e-07}. Best is trial 171 with value: 2468.02220989489.
[I 2026-03-31 15:35:45,002] Trial 175 finished with value: 2442.945463412674 and parameters: {'alpha_0': 0.00071850268896908, 'alpha_1': 5.1606890321029114e-05, 'alpha_2': 0.00012425765656652054, 'beta_0': 0.16572247299113785, 'beta_1': 1.2431293980196207, 'beta_2': 0.3457356220039246, 'beta_3': 0.003551973192786483, 'beta_4': 0.5346903102517431, 'beta_5': 521.6671420747451, 'beta_6': 0.01320018101930772, 'beta_7': 0.029686304424174224, 'beta_8': 9.3893474056654e-05, 'beta_9': 1.8554298627697041e-07}. Best is trial 175 with value: 2442.945463412674.
[I 2026-03-31 15:35:46,339] Trial 176 finished with value: 2527.7643907369984 and parameters: {'alpha_0': 0.0007065900320688467, 'alpha_1': 5.2571819033058695e-05, 'alpha_2': 0.00011944298095084715, 'beta_0': 0.1643491126004096, 'beta_1': 1.23254034637516, 'beta_2': 0.3418037749986057, 'beta_3': 0.002957264129193857, 'beta_4': 0.5198906502513927, 'beta_5': 409.6742971188852, 'beta_6': 0.01309465407111116, 'beta_7': 0.0281090261385264, 'beta_8': 9.422655229000625e-05, 'beta_9': 1.8145853476780002e-07}. Best is trial 175 with value: 2442.945463412674.
[I 2026-03-31 15:35:47,677] Trial 177 finished with value: 2549.510684721751 and parameters: {'alpha_0': 0.000697565728118756, 'alpha_1': 5.3160647985459086e-05, 'alpha_2': 0.00012250864704361675, 'beta_0': 0.16395110980668, 'beta_1': 1.2276778983628236, 'beta_2': 0.3274754131789332, 'beta_3': 0.0029948841099255545, 'beta_4': 0.5086357612438981, 'beta_5': 490.66207518067887, 'beta_6': 0.013093543205537773, 'beta_7': 0.028099287958940834, 'beta_8': 9.41098969098613e-05, 'beta_9': 1.770014314070859e-07}. Best is trial 175 with value: 2442.945463412674.
[I 2026-03-31 15:35:49,189] Trial 178 finished with value: 2863.369378807801 and parameters: {'alpha_0': 0.000682105742236561, 'alpha_1': 5.4327501843749225e-05, 'alpha_2': 0.00012191371760049606, 'beta_0': 0.16591515829646317, 'beta_1': 1.2222138513670946, 'beta_2': 0.3414203600527156, 'beta_3': 0.0025996718991764174, 'beta_4': 0.5150894831647171, 'beta_5': 394.56863190076825, 'beta_6': 0.013286876728810581, 'beta_7': 0.02780459798669611, 'beta_8': 9.371153068752108e-05, 'beta_9': 1.8442564580163833e-07}. Best is trial 175 with value: 2442.945463412674.
[I 2026-03-31 15:35:50,525] Trial 179 finished with value: 2571.6741308008077 and parameters: {'alpha_0': 0.0005729324480473843, 'alpha_1': 5.222442204513352e-05, 'alpha_2': 0.00012106255119732071, 'beta_0': 0.1738277511350514, 'beta_1': 1.207116068859257, 'beta_2': 0.3486283872131673, 'beta_3': 0.002736706035162039, 'beta_4': 0.49250442350162726, 'beta_5': 495.03069832974643, 'beta_6': 0.013084064741357131, 'beta_7': 0.028286461257665246, 'beta_8': 9.096427855117675e-05, 'beta_9': 2.2213299611833244e-07}. Best is trial 175 with value: 2442.945463412674.
[I 2026-03-31 15:35:51,948] Trial 180 finished with value: 3358.701657117909 and parameters: {'alpha_0': 0.0005714393224230953, 'alpha_1': 5.053723906189622e-05, 'alpha_2': 0.00013255889463794428, 'beta_0': 0.16858550239547604, 'beta_1': 1.2119523690651592, 'beta_2': 0.32873020900838634, 'beta_3': 0.0027606273006438365, 'beta_4': 0.4797126224410158, 'beta_5': 567.5901080401709, 'beta_6': 0.014195068767719785, 'beta_7': 0.02653116218117362, 'beta_8': 9.397680808204325e-05, 'beta_9': 2.188878076066481e-07}. Best is trial 175 with value: 2442.945463412674.Best trial: 175. Best value: 2442.95:  18%|█▊        | 180/1000 [05:45<18:37,  1.36s/it]Best trial: 175. Best value: 2442.95:  18%|█▊        | 180/1000 [05:45<18:37,  1.36s/it]Best trial: 175. Best value: 2442.95:  18%|█▊        | 181/1000 [05:45<18:51,  1.38s/it]                                                                                        Best trial: 175. Best value: 2442.95:  18%|█▊        | 181/1000 [05:47<18:51,  1.38s/it]Best trial: 175. Best value: 2442.95:  18%|█▊        | 181/1000 [05:47<18:51,  1.38s/it]Best trial: 175. Best value: 2442.95:  18%|█▊        | 182/1000 [05:47<19:09,  1.41s/it]                                                                                        Best trial: 175. Best value: 2442.95:  18%|█▊        | 182/1000 [05:48<19:09,  1.41s/it]Best trial: 175. Best value: 2442.95:  18%|█▊        | 182/1000 [05:48<19:09,  1.41s/it]Best trial: 175. Best value: 2442.95:  18%|█▊        | 183/1000 [05:48<19:35,  1.44s/it]                                                                                        Best trial: 175. Best value: 2442.95:  18%|█▊        | 183/1000 [05:50<19:35,  1.44s/it]Best trial: 175. Best value: 2442.95:  18%|█▊        | 183/1000 [05:50<19:35,  1.44s/it]Best trial: 175. Best value: 2442.95:  18%|█▊        | 184/1000 [05:50<19:19,  1.42s/it]                                                                                        Best trial: 175. Best value: 2442.95:  18%|█▊        | 184/1000 [05:51<19:19,  1.42s/it]Best trial: 175. Best value: 2442.95:  18%|█▊        | 184/1000 [05:51<19:19,  1.42s/it]Best trial: 175. Best value: 2442.95:  18%|█▊        | 185/1000 [05:51<19:10,  1.41s/it]                                                                                        Best trial: 175. Best value: 2442.95:  18%|█▊        | 185/1000 [05:52<19:10,  1.41s/it]Best trial: 175. Best value: 2442.95:  18%|█▊        | 185/1000 [05:52<19:10,  1.41s/it]Best trial: 175. Best value: 2442.95:  19%|█▊        | 186/1000 [05:52<18:56,  1.40s/it]                                                                                        Best trial: 175. Best value: 2442.95:  19%|█▊        | 186/1000 [05:54<18:56,  1.40s/it]Best trial: 175. Best value: 2442.95:  19%|█▊        | 186/1000 [05:54<18:56,  1.40s/it]Best trial: 175. Best value: 2442.95:  19%|█▊        | 187/1000 [05:54<19:15,  1.42s/it]                                                                                        Best trial: 175. Best value: 2442.95:  19%|█▊        | 187/1000 [05:55<19:15,  1.42s/it]Best trial: 175. Best value: 2442.95:  19%|█▊        | 187/1000 [05:55<19:15,  1.42s/it]Best trial: 175. Best value: 2442.95:  19%|█▉        | 188/1000 [05:55<19:10,  1.42s/it]                                                                                        Best trial: 175. Best value: 2442.95:  19%|█▉        | 188/1000 [05:57<19:10,  1.42s/it]Best trial: 175. Best value: 2442.95:  19%|█▉        | 188/1000 [05:57<19:10,  1.42s/it]Best trial: 175. Best value: 2442.95:  19%|█▉        | 189/1000 [05:57<19:01,  1.41s/it]                                                                                        Best trial: 175. Best value: 2442.95:  19%|█▉        | 189/1000 [05:58<19:01,  1.41s/it]Best trial: 175. Best value: 2442.95:  19%|█▉        | 189/1000 [05:58<19:01,  1.41s/it]Best trial: 175. Best value: 2442.95:  19%|█▉        | 190/1000 [05:58<18:40,  1.38s/it]                                                                                        Best trial: 175. Best value: 2442.95:  19%|█▉        | 190/1000 [06:00<18:40,  1.38s/it]Best trial: 175. Best value: 2442.95:  19%|█▉        | 190/1000 [06:00<18:40,  1.38s/it]Best trial: 175. Best value: 2442.95:  19%|█▉        | 191/1000 [06:00<19:41,  1.46s/it]                                                                                        Best trial: 175. Best value: 2442.95:  19%|█▉        | 191/1000 [06:01<19:41,  1.46s/it]Best trial: 175. Best value: 2442.95:  19%|█▉        | 191/1000 [06:01<19:41,  1.46s/it]Best trial: 175. Best value: 2442.95:  19%|█▉        | 192/1000 [06:01<19:09,  1.42s/it]                                                                                        Best trial: 175. Best value: 2442.95:  19%|█▉        | 192/1000 [06:02<19:09,  1.42s/it]Best trial: 175. Best value: 2442.95:  19%|█▉        | 192/1000 [06:02<19:09,  1.42s/it]Best trial: 175. Best value: 2442.95:  19%|█▉        | 193/1000 [06:02<19:04,  1.42s/it]                                                                                        Best trial: 175. Best value: 2442.95:  19%|█▉        | 193/1000 [06:04<19:04,  1.42s/it]Best trial: 175. Best value: 2442.95:  19%|█▉        | 193/1000 [06:04<19:04,  1.42s/it]Best trial: 175. Best value: 2442.95:  19%|█▉        | 194/1000 [06:04<18:39,  1.39s/it]                                                                                        Best trial: 175. Best value: 2442.95:  19%|█▉        | 194/1000 [06:05<18:39,  1.39s/it]Best trial: 175. Best value: 2442.95:  19%|█▉        | 194/1000 [06:05<18:39,  1.39s/it]Best trial: 175. Best value: 2442.95:  20%|█▉        | 195/1000 [06:05<19:07,  1.42s/it]                                                                                        
[I 2026-03-31 15:35:53,411] Trial 181 finished with value: 2860.56322910248 and parameters: {'alpha_0': 0.0007307961776468293, 'alpha_1': 5.050684865276703e-05, 'alpha_2': 0.0001195948529976022, 'beta_0': 0.17442870665097757, 'beta_1': 1.2388413101277242, 'beta_2': 0.3467650273303907, 'beta_3': 0.00246550048512372, 'beta_4': 0.5175434096838989, 'beta_5': 491.0818330697484, 'beta_6': 0.012753779335682133, 'beta_7': 0.028099745830086894, 'beta_8': 9.1397291029745e-05, 'beta_9': 1.822856472150801e-07}. Best is trial 175 with value: 2442.945463412674.
[I 2026-03-31 15:35:54,929] Trial 182 finished with value: 3052.5027755974816 and parameters: {'alpha_0': 0.0006405266807356896, 'alpha_1': 5.84320478983752e-05, 'alpha_2': 0.00012514858421267322, 'beta_0': 0.16023354256921452, 'beta_1': 1.2229327502490557, 'beta_2': 0.32433851595817187, 'beta_3': 0.002927475654110334, 'beta_4': 0.498500364708712, 'beta_5': 497.1171290698399, 'beta_6': 0.01678805396402257, 'beta_7': 0.027256391905526565, 'beta_8': 5.370620162291047e-05, 'beta_9': 2.3518833619339274e-07}. Best is trial 175 with value: 2442.945463412674.
[I 2026-03-31 15:35:56,305] Trial 183 finished with value: 2590.2194417033525 and parameters: {'alpha_0': 0.0007173410093984052, 'alpha_1': 5.016467900301684e-05, 'alpha_2': 0.00011612025464957915, 'beta_0': 0.15475517669047004, 'beta_1': 1.246784393628583, 'beta_2': 0.30876733764763975, 'beta_3': 0.002878357993369184, 'beta_4': 0.4890632703429944, 'beta_5': 524.087704568532, 'beta_6': 0.016774814922514404, 'beta_7': 0.028542341239905705, 'beta_8': 9.077003794712502e-05, 'beta_9': 1.6526394010259696e-07}. Best is trial 175 with value: 2442.945463412674.
[I 2026-03-31 15:35:57,696] Trial 184 finished with value: 2898.2759002887615 and parameters: {'alpha_0': 0.0005540687705504338, 'alpha_1': 5.6929452294319595e-05, 'alpha_2': 0.00011551518647835853, 'beta_0': 0.14989447840127054, 'beta_1': 1.2046133597805038, 'beta_2': 0.3544518429414229, 'beta_3': 0.002707558133667962, 'beta_4': 0.5051443252787015, 'beta_5': 555.244094283495, 'beta_6': 0.01294230126788078, 'beta_7': 0.028415000534417485, 'beta_8': 8.916377097629917e-05, 'beta_9': 7.32351777662062e-07}. Best is trial 175 with value: 2442.945463412674.
[I 2026-03-31 15:35:59,058] Trial 185 finished with value: 2585.5859352068715 and parameters: {'alpha_0': 0.0008221620839677028, 'alpha_1': 5.903621866462486e-05, 'alpha_2': 0.00012663024066671518, 'beta_0': 0.1541473643527255, 'beta_1': 1.2296692670803815, 'beta_2': 0.3366164278285838, 'beta_3': 0.002828078364356698, 'beta_4': 0.44284587123045144, 'beta_5': 403.7014482476174, 'beta_6': 0.01595268280341968, 'beta_7': 0.02870201030348909, 'beta_8': 9.267370931024627e-05, 'beta_9': 2.559184690322324e-07}. Best is trial 175 with value: 2442.945463412674.
[I 2026-03-31 15:36:00,536] Trial 186 finished with value: 2818.6991246020443 and parameters: {'alpha_0': 0.0007626514254290996, 'alpha_1': 5.9244497844899146e-05, 'alpha_2': 0.0001324038762960084, 'beta_0': 0.15439739111084602, 'beta_1': 1.1880045108314718, 'beta_2': 0.33346662112279923, 'beta_3': 0.002827937033906455, 'beta_4': 0.42604874899975764, 'beta_5': 392.2648738475216, 'beta_6': 0.011737527513698335, 'beta_7': 0.02764876541616669, 'beta_8': 9.264425144424438e-05, 'beta_9': 1.7888044224935632e-07}. Best is trial 175 with value: 2442.945463412674.
[I 2026-03-31 15:36:01,942] Trial 187 finished with value: 2719.6144997714227 and parameters: {'alpha_0': 0.0008349102012572421, 'alpha_1': 5.482572616813823e-05, 'alpha_2': 0.00012632039128148876, 'beta_0': 0.1718612882854215, 'beta_1': 1.2301869805736327, 'beta_2': 0.3705660447014573, 'beta_3': 0.002942441071502052, 'beta_4': 0.4775509411171898, 'beta_5': 631.5945729310931, 'beta_6': 0.01568882523503771, 'beta_7': 0.028510297697615376, 'beta_8': 9.520064256333714e-05, 'beta_9': 2.0889931394290423e-07}. Best is trial 175 with value: 2442.945463412674.
[I 2026-03-31 15:36:03,327] Trial 188 finished with value: 2506.5976295599257 and parameters: {'alpha_0': 0.0005016435876937318, 'alpha_1': 6.004440572494402e-05, 'alpha_2': 0.00011723825261070958, 'beta_0': 0.15853879661306547, 'beta_1': 1.2473603766763097, 'beta_2': 0.3188084346270339, 'beta_3': 0.0026535779276952573, 'beta_4': 0.5003848024114868, 'beta_5': 439.35976071191203, 'beta_6': 0.012918353925975068, 'beta_7': 0.029103819627627713, 'beta_8': 9.126257265162268e-05, 'beta_9': 1.608885217912902e-07}. Best is trial 175 with value: 2442.945463412674.
[I 2026-03-31 15:36:04,655] Trial 189 finished with value: 2612.19341677004 and parameters: {'alpha_0': 0.0005084149018908057, 'alpha_1': 5.971740158334378e-05, 'alpha_2': 0.00012096313674436766, 'beta_0': 0.16479050605213266, 'beta_1': 1.2330551406166912, 'beta_2': 0.31954717383112285, 'beta_3': 0.00245373308826675, 'beta_4': 0.4453314877172982, 'beta_5': 341.8058395681156, 'beta_6': 0.010017164514552562, 'beta_7': 0.02932060121339508, 'beta_8': 9.330127254078145e-05, 'beta_9': 2.5078182651280013e-07}. Best is trial 175 with value: 2442.945463412674.
[I 2026-03-31 15:36:06,293] Trial 190 finished with value: 5553.562333415631 and parameters: {'alpha_0': 0.0006154652662122172, 'alpha_1': 6.403260495480244e-05, 'alpha_2': 0.00011224323906534421, 'beta_0': 0.15976120915142944, 'beta_1': 1.2126069565665136, 'beta_2': 0.34595858084282943, 'beta_3': 0.0030400788525669345, 'beta_4': 0.46457160225540484, 'beta_5': 429.7212916769832, 'beta_6': 0.013089749140227251, 'beta_7': 0.026004991720623604, 'beta_8': 8.927199643377285e-05, 'beta_9': 2.020831604317804e-07}. Best is trial 175 with value: 2442.945463412674.
[I 2026-03-31 15:36:07,629] Trial 191 finished with value: 2491.0129327533605 and parameters: {'alpha_0': 0.0008465306199103722, 'alpha_1': 5.573977452429195e-05, 'alpha_2': 0.00011487016081781915, 'beta_0': 0.1564454281175148, 'beta_1': 1.243417962730092, 'beta_2': 0.2913397587087174, 'beta_3': 0.002721502720076679, 'beta_4': 0.49174920616274653, 'beta_5': 525.402091477367, 'beta_6': 0.015611620385390948, 'beta_7': 0.028825875013541856, 'beta_8': 9.120324701624664e-05, 'beta_9': 1.5707834911817012e-07}. Best is trial 175 with value: 2442.945463412674.
[I 2026-03-31 15:36:09,038] Trial 192 finished with value: 7960.233773816532 and parameters: {'alpha_0': 0.0008562264882525985, 'alpha_1': 5.648811316525316e-05, 'alpha_2': 0.00010806061035249262, 'beta_0': 0.16982034524797715, 'beta_1': 1.2602193805753357, 'beta_2': 0.29323038082922087, 'beta_3': 0.00261681150921837, 'beta_4': 0.5017252948695673, 'beta_5': 448.50347382966277, 'beta_6': 0.012793955043998276, 'beta_7': 0.024848066362629206, 'beta_8': 9.169076232013203e-05, 'beta_9': 1.3794865489243442e-07}. Best is trial 175 with value: 2442.945463412674.
[I 2026-03-31 15:36:10,357] Trial 193 finished with value: 2614.394039244819 and parameters: {'alpha_0': 0.0009143578027683275, 'alpha_1': 5.004822632779821e-05, 'alpha_2': 0.0001254501707296417, 'beta_0': 0.15798852850222056, 'beta_1': 1.2753179351629969, 'beta_2': 0.3207367588328411, 'beta_3': 0.0026971829446422358, 'beta_4': 0.531274424741734, 'beta_5': 394.8404594953464, 'beta_6': 0.01898160335287476, 'beta_7': 0.029272504188285996, 'beta_8': 9.543548166358656e-05, 'beta_9': 1.6382827862020918e-07}. Best is trial 175 with value: 2442.945463412674.
[I 2026-03-31 15:36:11,861] Trial 194 finished with value: 2944.4387757336617 and parameters: {'alpha_0': 0.004980994519974595, 'alpha_1': 6.096366259352507e-05, 'alpha_2': 0.00011656866217760859, 'beta_0': 0.15159185537262632, 'beta_1': 1.2447787936587071, 'beta_2': 0.2797410045210695, 'beta_3': 0.0031601348760190964, 'beta_4': 0.5103723448189589, 'beta_5': 267.96906801738544, 'beta_6': 0.01447979663541918, 'beta_7': 0.026975781389525638, 'beta_8': 6.088403526660165e-05, 'beta_9': 2.18787506272903e-07}. Best is trial 175 with value: 2442.945463412674.
