[I 2026-03-31 15:49:57,716] Trial 710 finished with value: 2655.455576594403 and parameters: {'alpha_0': 0.000964674478329902, 'alpha_1': 6.475512611030036e-05, 'alpha_2': 4.035164096892419e-05, 'beta_0': 0.15390495511744542, 'beta_1': 1.206630754105604, 'beta_2': 0.255355326813564, 'beta_3': 0.0032558750457149723, 'beta_4': 0.4307874451028494, 'beta_5': 1813.2720971104438, 'beta_6': 0.017001281770491938, 'beta_7': 0.032124154140090795, 'beta_8': 1.5843942828792897e-05, 'beta_9': 1.608312347072753e-07}. Best is trial 537 with value: 2387.245732511589.
[I 2026-03-31 15:49:59,033] Trial 711 finished with value: 3755.9788730203836 and parameters: {'alpha_0': 0.0008205684869859485, 'alpha_1': 6.158565539098653e-05, 'alpha_2': 5.8906756437153375e-05, 'beta_0': 0.16837514511148186, 'beta_1': 1.1849273102012066, 'beta_2': 0.3524916909096154, 'beta_3': 0.004477715926143926, 'beta_4': 0.5261563940157603, 'beta_5': 1961.3969069619336, 'beta_6': 0.012745589582878974, 'beta_7': 0.03021615348941386, 'beta_8': 2.6549243953441215e-05, 'beta_9': 1.994876894876694e-06}. Best is trial 537 with value: 2387.245732511589.
[I 2026-03-31 15:50:00,391] Trial 712 finished with value: 2545.6384129242447 and parameters: {'alpha_0': 0.0010798928127992086, 'alpha_1': 8.604244770805014e-05, 'alpha_2': 4.7574846605164095e-05, 'beta_0': 0.1767896439113854, 'beta_1': 1.130708713257095, 'beta_2': 0.3018527531911924, 'beta_3': 0.0038998632014038146, 'beta_4': 0.5725726801453052, 'beta_5': 1915.1745214096095, 'beta_6': 0.020985616527768872, 'beta_7': 0.02935321397574251, 'beta_8': 1.9836560085305362e-05, 'beta_9': 2.3874050943790203e-07}. Best is trial 537 with value: 2387.245732511589.
[I 2026-03-31 15:50:01,756] Trial 713 finished with value: 2683.5210397802302 and parameters: {'alpha_0': 0.0007045750325577944, 'alpha_1': 6.685050823282179e-05, 'alpha_2': 7.023279630213717e-05, 'beta_0': 0.1506169602252651, 'beta_1': 1.2317420465812612, 'beta_2': 0.21103041579182819, 'beta_3': 0.003650776527544461, 'beta_4': 0.6209553544719648, 'beta_5': 1860.9909741981191, 'beta_6': 0.015660665126828652, 'beta_7': 0.03150178526592776, 'beta_8': 9.728095648617862e-05, 'beta_9': 1.3154798439289062e-07}. Best is trial 537 with value: 2387.245732511589.
[I 2026-03-31 15:50:03,097] Trial 714 finished with value: 2689.977075059928 and parameters: {'alpha_0': 0.0009226708377034783, 'alpha_1': 5.917284320422689e-05, 'alpha_2': 0.000127760037501616, 'beta_0': 0.17380049308011108, 'beta_1': 1.1049345253365623, 'beta_2': 0.32132776354249093, 'beta_3': 0.0034451414034548, 'beta_4': 0.590592545801685, 'beta_5': 1948.1734059539237, 'beta_6': 0.018782258641581524, 'beta_7': 0.028848313411718375, 'beta_8': 9.993765475315113e-05, 'beta_9': 1.9742585143859075e-07}. Best is trial 537 with value: 2387.245732511589.
[I 2026-03-31 15:50:04,464] Trial 715 finished with value: 2771.8600528979196 and parameters: {'alpha_0': 0.0007668985105776026, 'alpha_1': 7.986045736625794e-05, 'alpha_2': 0.00012258092256049957, 'beta_0': 0.18413986571416444, 'beta_1': 1.2159108404754733, 'beta_2': 0.3620294467616641, 'beta_3': 0.004020133225774423, 'beta_4': 0.5509644124028588, 'beta_5': 1910.421349945524, 'beta_6': 0.012373452745141008, 'beta_7': 0.030738515716535537, 'beta_8': 8.766674436380268e-05, 'beta_9': 1.6743490797361776e-07}. Best is trial 537 with value: 2387.245732511589.
[I 2026-03-31 15:50:05,782] Trial 716 finished with value: 2512.5763108689052 and parameters: {'alpha_0': 0.0005896307045757217, 'alpha_1': 5.506178898338769e-05, 'alpha_2': 5.087980534546863e-05, 'beta_0': 0.16266977515047745, 'beta_1': 1.084612895119678, 'beta_2': 0.33857704177635917, 'beta_3': 0.0035782802746421962, 'beta_4': 0.6394437129507008, 'beta_5': 1969.598716676178, 'beta_6': 0.014583896626225175, 'beta_7': 0.030005487480139214, 'beta_8': 2.4040174711889026e-05, 'beta_9': 1.0176425008831812e-07}. Best is trial 537 with value: 2387.245732511589.
[I 2026-03-31 15:50:07,146] Trial 717 finished with value: 2598.213212132209 and parameters: {'alpha_0': 0.0008628425617307911, 'alpha_1': 6.353382475543241e-05, 'alpha_2': 5.580078307101179e-05, 'beta_0': 0.16808040722840872, 'beta_1': 1.4991561170790497, 'beta_2': 0.3490656478332988, 'beta_3': 0.004157851161172071, 'beta_4': 0.5841833093685114, 'beta_5': 1889.5356950803496, 'beta_6': 0.01721941394763531, 'beta_7': 0.02880317752743097, 'beta_8': 9.061637541619755e-05, 'beta_9': 1.3433370928176167e-07}. Best is trial 537 with value: 2387.245732511589.
[I 2026-03-31 15:50:09,227] Trial 718 finished with value: 8318.188024957082 and parameters: {'alpha_0': 0.0006691948146004286, 'alpha_1': 7.009409011680903e-05, 'alpha_2': 0.00015125264195011394, 'beta_0': 0.1561812784771068, 'beta_1': 1.027741644463187, 'beta_2': 0.4070560955504851, 'beta_3': 0.0033350952680918536, 'beta_4': 0.534397805300728, 'beta_5': 1565.593901785353, 'beta_6': 0.012137752145819905, 'beta_7': 0.022412502465836173, 'beta_8': 9.39795925857728e-05, 'beta_9': 1.9583601656182908e-07}. Best is trial 537 with value: 2387.245732511589.
[I 2026-03-31 15:50:10,544] Trial 719 finished with value: 2443.251041990909 and parameters: {'alpha_0': 0.001034337141626873, 'alpha_1': 5.4653948714918806e-05, 'alpha_2': 4.556408231127459e-05, 'beta_0': 0.1809836532964078, 'beta_1': 1.1975296570271823, 'beta_2': 0.37840585826949763, 'beta_3': 0.003782805233635742, 'beta_4': 0.5620887631539776, 'beta_5': 1641.3067047387106, 'beta_6': 0.014891036193937243, 'beta_7': 0.02951582655174819, 'beta_8': 6.334404475552735e-05, 'beta_9': 1.0094028801386007e-07}. Best is trial 537 with value: 2387.245732511589.
[I 2026-03-31 15:50:11,907] Trial 720 finished with value: 2697.215218382084 and parameters: {'alpha_0': 0.0011885629907113853, 'alpha_1': 5.418661292072105e-05, 'alpha_2': 5.364653758912245e-05, 'beta_0': 0.17870714979407545, 'beta_1': 1.1764341918346752, 'beta_2': 0.3857219891995802, 'beta_3': 0.003767586719392792, 'beta_4': 0.5641349038276958, 'beta_5': 1637.9712270199834, 'beta_6': 0.010126037272945046, 'beta_7': 0.030808694698010945, 'beta_8': 7.681001845630196e-05, 'beta_9': 1.3069609486622948e-07}. Best is trial 537 with value: 2387.245732511589.Best trial: 537. Best value: 2387.25:  72%|███████▏  | 720/1000 [20:05<06:58,  1.49s/it]Best trial: 537. Best value: 2387.25:  72%|███████▏  | 720/1000 [20:05<06:58,  1.49s/it]Best trial: 537. Best value: 2387.25:  72%|███████▏  | 721/1000 [20:05<06:46,  1.46s/it]                                                                                        Best trial: 537. Best value: 2387.25:  72%|███████▏  | 721/1000 [20:07<06:46,  1.46s/it]Best trial: 537. Best value: 2387.25:  72%|███████▏  | 721/1000 [20:07<06:46,  1.46s/it]Best trial: 537. Best value: 2387.25:  72%|███████▏  | 722/1000 [20:07<06:33,  1.42s/it]                                                                                        Best trial: 537. Best value: 2387.25:  72%|███████▏  | 722/1000 [20:08<06:33,  1.42s/it]Best trial: 537. Best value: 2387.25:  72%|███████▏  | 722/1000 [20:08<06:33,  1.42s/it]Best trial: 537. Best value: 2387.25:  72%|███████▏  | 723/1000 [20:08<06:27,  1.40s/it]                                                                                        Best trial: 537. Best value: 2387.25:  72%|███████▏  | 723/1000 [20:09<06:27,  1.40s/it]Best trial: 537. Best value: 2387.25:  72%|███████▏  | 723/1000 [20:09<06:27,  1.40s/it]Best trial: 537. Best value: 2387.25:  72%|███████▏  | 724/1000 [20:09<06:19,  1.37s/it]                                                                                        Best trial: 537. Best value: 2387.25:  72%|███████▏  | 724/1000 [20:11<06:19,  1.37s/it]Best trial: 537. Best value: 2387.25:  72%|███████▏  | 724/1000 [20:11<06:19,  1.37s/it]Best trial: 537. Best value: 2387.25:  72%|███████▎  | 725/1000 [20:11<06:17,  1.37s/it]                                                                                        Best trial: 537. Best value: 2387.25:  72%|███████▎  | 725/1000 [20:12<06:17,  1.37s/it]Best trial: 537. Best value: 2387.25:  72%|███████▎  | 725/1000 [20:12<06:17,  1.37s/it]Best trial: 537. Best value: 2387.25:  73%|███████▎  | 726/1000 [20:12<06:13,  1.36s/it]                                                                                        Best trial: 537. Best value: 2387.25:  73%|███████▎  | 726/1000 [20:13<06:13,  1.36s/it]Best trial: 537. Best value: 2387.25:  73%|███████▎  | 726/1000 [20:13<06:13,  1.36s/it]Best trial: 537. Best value: 2387.25:  73%|███████▎  | 727/1000 [20:13<06:13,  1.37s/it]                                                                                        Best trial: 537. Best value: 2387.25:  73%|███████▎  | 727/1000 [20:15<06:13,  1.37s/it]Best trial: 537. Best value: 2387.25:  73%|███████▎  | 727/1000 [20:15<06:13,  1.37s/it]Best trial: 537. Best value: 2387.25:  73%|███████▎  | 728/1000 [20:15<06:06,  1.35s/it]                                                                                        Best trial: 537. Best value: 2387.25:  73%|███████▎  | 728/1000 [20:16<06:06,  1.35s/it]Best trial: 537. Best value: 2387.25:  73%|███████▎  | 728/1000 [20:16<06:06,  1.35s/it]Best trial: 537. Best value: 2387.25:  73%|███████▎  | 729/1000 [20:16<06:06,  1.35s/it]                                                                                        Best trial: 537. Best value: 2387.25:  73%|███████▎  | 729/1000 [20:17<06:06,  1.35s/it]Best trial: 537. Best value: 2387.25:  73%|███████▎  | 729/1000 [20:17<06:06,  1.35s/it]Best trial: 537. Best value: 2387.25:  73%|███████▎  | 730/1000 [20:17<06:07,  1.36s/it]                                                                                        Best trial: 537. Best value: 2387.25:  73%|███████▎  | 730/1000 [20:19<06:07,  1.36s/it]Best trial: 537. Best value: 2387.25:  73%|███████▎  | 730/1000 [20:19<06:07,  1.36s/it]Best trial: 537. Best value: 2387.25:  73%|███████▎  | 731/1000 [20:19<06:07,  1.37s/it]                                                                                        Best trial: 537. Best value: 2387.25:  73%|███████▎  | 731/1000 [20:20<06:07,  1.37s/it]Best trial: 537. Best value: 2387.25:  73%|███████▎  | 731/1000 [20:20<06:07,  1.37s/it]Best trial: 537. Best value: 2387.25:  73%|███████▎  | 732/1000 [20:20<06:05,  1.36s/it]                                                                                        Best trial: 537. Best value: 2387.25:  73%|███████▎  | 732/1000 [20:21<06:05,  1.36s/it]Best trial: 537. Best value: 2387.25:  73%|███████▎  | 732/1000 [20:22<06:05,  1.36s/it]Best trial: 537. Best value: 2387.25:  73%|███████▎  | 733/1000 [20:22<06:03,  1.36s/it]                                                                                        Best trial: 537. Best value: 2387.25:  73%|███████▎  | 733/1000 [20:23<06:03,  1.36s/it]Best trial: 537. Best value: 2387.25:  73%|███████▎  | 733/1000 [20:23<06:03,  1.36s/it]Best trial: 537. Best value: 2387.25:  73%|███████▎  | 734/1000 [20:23<06:01,  1.36s/it]                                                                                        Best trial: 537. Best value: 2387.25:  73%|███████▎  | 734/1000 [20:24<06:01,  1.36s/it]Best trial: 537. Best value: 2387.25:  73%|███████▎  | 734/1000 [20:24<06:01,  1.36s/it]Best trial: 537. Best value: 2387.25:  74%|███████▎  | 735/1000 [20:24<06:00,  1.36s/it]                                                                                        
[I 2026-03-31 15:50:13,235] Trial 721 finished with value: 2405.974644291696 and parameters: {'alpha_0': 0.0012841728014001685, 'alpha_1': 5.015949140461327e-05, 'alpha_2': 5.947186600853681e-05, 'beta_0': 0.17228633594983495, 'beta_1': 1.1945104893651999, 'beta_2': 0.30980033570112475, 'beta_3': 0.0037001972203889776, 'beta_4': 0.5567783228363129, 'beta_5': 1669.2681626908523, 'beta_6': 0.014297342069473208, 'beta_7': 0.029745957046565345, 'beta_8': 1.2025927728497749e-05, 'beta_9': 1.283953228556974e-07}. Best is trial 537 with value: 2387.245732511589.
[I 2026-03-31 15:50:14,591] Trial 722 finished with value: 2765.138428574085 and parameters: {'alpha_0': 0.0012272916494921883, 'alpha_1': 5.0447097711304414e-05, 'alpha_2': 5.895654543299162e-05, 'beta_0': 0.17169065408609854, 'beta_1': 1.1604301804925345, 'beta_2': 0.2893064547150472, 'beta_3': 0.0036839086593669725, 'beta_4': 0.5425601828068123, 'beta_5': 1567.1082303037897, 'beta_6': 0.010124806584715785, 'beta_7': 0.03140291281170288, 'beta_8': 6.0591367550993415e-05, 'beta_9': 1.028969052815613e-07}. Best is trial 537 with value: 2387.245732511589.
[I 2026-03-31 15:50:15,904] Trial 723 finished with value: 2685.6845193518116 and parameters: {'alpha_0': 0.0013859164999521709, 'alpha_1': 5.413460752654978e-05, 'alpha_2': 6.19282366850331e-05, 'beta_0': 0.17421060915444764, 'beta_1': 1.1969747632221144, 'beta_2': 0.30965550108259227, 'beta_3': 0.0036548005811004557, 'beta_4': 0.5666245477552438, 'beta_5': 1619.582672901927, 'beta_6': 0.014094047916281329, 'beta_7': 0.03269746093001642, 'beta_8': 1.163327476238538e-05, 'beta_9': 1.3278929270414769e-07}. Best is trial 537 with value: 2387.245732511589.
[I 2026-03-31 15:50:17,279] Trial 724 finished with value: 2627.5807335642294 and parameters: {'alpha_0': 0.0010831171691600412, 'alpha_1': 5.419701788429276e-05, 'alpha_2': 0.00012475511715691188, 'beta_0': 0.17115686777119474, 'beta_1': 1.1851371909649109, 'beta_2': 0.2968469239581014, 'beta_3': 0.0035246387271043083, 'beta_4': 0.5533030664015386, 'beta_5': 1682.029886389954, 'beta_6': 0.012809238899885899, 'beta_7': 0.030292452869020214, 'beta_8': 1.0235977498921207e-05, 'beta_9': 1.321839731061944e-07}. Best is trial 537 with value: 2387.245732511589.
[I 2026-03-31 15:50:18,622] Trial 725 finished with value: 2588.8579542548914 and parameters: {'alpha_0': 0.0013228000827285179, 'alpha_1': 5.248791207636203e-05, 'alpha_2': 6.129564768875091e-05, 'beta_0': 0.16747720868999555, 'beta_1': 1.4393337540170152, 'beta_2': 0.26868604437698285, 'beta_3': 0.0037362118116188647, 'beta_4': 0.5422539481740212, 'beta_5': 1622.3792664158484, 'beta_6': 0.016371134730612004, 'beta_7': 0.029889210734302347, 'beta_8': 7.033745645089317e-05, 'beta_9': 1.0356028915183627e-07}. Best is trial 537 with value: 2387.245732511589.
[I 2026-03-31 15:50:20,001] Trial 726 finished with value: 2929.1109016316705 and parameters: {'alpha_0': 0.0011708594045837597, 'alpha_1': 5.407162758603612e-05, 'alpha_2': 6.706389102809844e-05, 'beta_0': 0.1755825788644502, 'beta_1': 1.115089631704669, 'beta_2': 0.30833909907835527, 'beta_3': 0.0035926989215274824, 'beta_4': 0.5735070851755012, 'beta_5': 1670.0863514541716, 'beta_6': 0.06209565628241302, 'beta_7': 0.030847854223029356, 'beta_8': 1.2148997008208493e-05, 'beta_9': 1.6413866906464847e-07}. Best is trial 537 with value: 2387.245732511589.
[I 2026-03-31 15:50:21,299] Trial 727 finished with value: 2593.884315647607 and parameters: {'alpha_0': 0.0012899778903281759, 'alpha_1': 5.7842093149304215e-05, 'alpha_2': 6.636108128810518e-05, 'beta_0': 0.17011821220936682, 'beta_1': 1.2022193493611437, 'beta_2': 0.2908057713521428, 'beta_3': 0.003802836599777533, 'beta_4': 0.5291351987473991, 'beta_5': 1620.8081244367168, 'beta_6': 0.012684855840156654, 'beta_7': 0.029774587256213673, 'beta_8': 1.0120196393216239e-05, 'beta_9': 1.6629990000298998e-07}. Best is trial 537 with value: 2387.245732511589.
[I 2026-03-31 15:50:22,664] Trial 728 finished with value: 2709.382018300903 and parameters: {'alpha_0': 0.001146654913623039, 'alpha_1': 5.036826449022962e-05, 'alpha_2': 0.00013041556411753975, 'beta_0': 0.16245675478241858, 'beta_1': 1.1394751591454453, 'beta_2': 0.39830734240380955, 'beta_3': 0.0035062392258657952, 'beta_4': 0.5614766431725375, 'beta_5': 1686.8495303293807, 'beta_6': 0.010118734995350336, 'beta_7': 0.030509512239710285, 'beta_8': 2.5295521662738713e-05, 'beta_9': 1.0274438289284342e-07}. Best is trial 537 with value: 2387.245732511589.
[I 2026-03-31 15:50:24,042] Trial 729 finished with value: 2700.059543620976 and parameters: {'alpha_0': 0.0010118161184394959, 'alpha_1': 5.058960495466276e-05, 'alpha_2': 0.0001199781084765015, 'beta_0': 0.1661483000030804, 'beta_1': 1.2898724670373187, 'beta_2': 0.3114990435118743, 'beta_3': 0.0036940967365978634, 'beta_4': 0.516280776695734, 'beta_5': 1541.366564995139, 'beta_6': 0.015075573703756041, 'beta_7': 0.03170228327410978, 'beta_8': 8.506832034251545e-05, 'beta_9': 1.0286969530264574e-07}. Best is trial 537 with value: 2387.245732511589.
[I 2026-03-31 15:50:25,426] Trial 730 finished with value: 2557.701302696454 and parameters: {'alpha_0': 0.001088532767664496, 'alpha_1': 5.783638960987987e-05, 'alpha_2': 0.00013495442901498834, 'beta_0': 0.14674553916268063, 'beta_1': 1.1957691602215703, 'beta_2': 0.2985282319006244, 'beta_3': 0.0033855100760093477, 'beta_4': 0.5525916716243211, 'beta_5': 1659.9685733141807, 'beta_6': 0.018657912133457907, 'beta_7': 0.02959061375652158, 'beta_8': 2.2058518597478255e-05, 'beta_9': 1.6608980907028462e-07}. Best is trial 537 with value: 2387.245732511589.
[I 2026-03-31 15:50:26,778] Trial 731 finished with value: 2649.4659970714188 and parameters: {'alpha_0': 0.0009904499237954575, 'alpha_1': 6.172946538203192e-05, 'alpha_2': 0.00011577120407978134, 'beta_0': 0.17488473895271409, 'beta_1': 1.1805239826276448, 'beta_2': 0.3227617976508393, 'beta_3': 0.0035910863510421587, 'beta_4': 0.5710843892038314, 'beta_5': 1651.9266151367267, 'beta_6': 0.014195700483215112, 'beta_7': 0.030265851628747967, 'beta_8': 8.847232906931684e-05, 'beta_9': 1.0134018053422156e-07}. Best is trial 537 with value: 2387.245732511589.
[I 2026-03-31 15:50:28,133] Trial 732 finished with value: 2479.885254365683 and parameters: {'alpha_0': 0.0015053137682622204, 'alpha_1': 5.5027762117506975e-05, 'alpha_2': 0.00012680954260928338, 'beta_0': 0.1707601513165867, 'beta_1': 1.0969183159885378, 'beta_2': 0.2253153905833194, 'beta_3': 0.0038373453608275985, 'beta_4': 0.5392522067214965, 'beta_5': 1593.3504821915378, 'beta_6': 0.016806743140481563, 'beta_7': 0.02955410622990748, 'beta_8': 6.269286759017713e-05, 'beta_9': 2.2106955307721116e-07}. Best is trial 537 with value: 2387.245732511589.
[I 2026-03-31 15:50:29,495] Trial 733 finished with value: 2667.7956341554427 and parameters: {'alpha_0': 0.0010298069378882134, 'alpha_1': 5.779148688097761e-05, 'alpha_2': 5.786069080370779e-05, 'beta_0': 0.15913651972874387, 'beta_1': 1.168876144725726, 'beta_2': 0.4483778432369993, 'beta_3': 0.0034777230652728204, 'beta_4': 0.5841488737719462, 'beta_5': 1706.4399773749362, 'beta_6': 0.01205099185675516, 'beta_7': 0.030596147856481112, 'beta_8': 2.7253577103704957e-05, 'beta_9': 1.3340205729122654e-07}. Best is trial 537 with value: 2387.245732511589.
[I 2026-03-31 15:50:30,860] Trial 734 finished with value: 2704.7063585849087 and parameters: {'alpha_0': 0.0011309351607496551, 'alpha_1': 6.449792262936501e-05, 'alpha_2': 5.1578007550959844e-05, 'beta_0': 0.17983642512829723, 'beta_1': 1.1236136340049516, 'beta_2': 0.27989295029721856, 'beta_3': 0.0037090206635721867, 'beta_4': 0.41210668263634515, 'beta_5': 1690.949659251719, 'beta_6': 0.014874823245307851, 'beta_7': 0.031280662724628934, 'beta_8': 1.286354432502825e-05, 'beta_9': 1.886508037998264e-07}. Best is trial 537 with value: 2387.245732511589.
[I 2026-03-31 15:50:32,220] Trial 735 finished with value: 2874.363046860106 and parameters: {'alpha_0': 0.0010643202720601974, 'alpha_1': 0.0001674872006508655, 'alpha_2': 0.00012177486628653279, 'beta_0': 0.16691246756999278, 'beta_1': 1.2063592748730836, 'beta_2': 0.31621066108844115, 'beta_3': 0.003594838629907075, 'beta_4': 0.5545950670304648, 'beta_5': 1723.7662553968505, 'beta_6': 0.01847949778191159, 'beta_7': 0.02925257388745804, 'beta_8': 6.404608718676813e-05, 'beta_9': 7.441400437073701e-07}. Best is trial 537 with value: 2387.245732511589.Best trial: 537. Best value: 2387.25:  74%|███████▎  | 735/1000 [20:26<06:00,  1.36s/it]Best trial: 537. Best value: 2387.25:  74%|███████▎  | 735/1000 [20:26<06:00,  1.36s/it]Best trial: 537. Best value: 2387.25:  74%|███████▎  | 736/1000 [20:26<05:59,  1.36s/it]                                                                                        Best trial: 537. Best value: 2387.25:  74%|███████▎  | 736/1000 [20:27<05:59,  1.36s/it]Best trial: 537. Best value: 2387.25:  74%|███████▎  | 736/1000 [20:27<05:59,  1.36s/it]Best trial: 537. Best value: 2387.25:  74%|███████▎  | 737/1000 [20:27<05:57,  1.36s/it]                                                                                        Best trial: 537. Best value: 2387.25:  74%|███████▎  | 737/1000 [20:28<05:57,  1.36s/it]Best trial: 537. Best value: 2387.25:  74%|███████▎  | 737/1000 [20:28<05:57,  1.36s/it]Best trial: 537. Best value: 2387.25:  74%|███████▍  | 738/1000 [20:28<05:57,  1.36s/it]Best trial: 537. Best value: 2387.25:  74%|███████▍  | 738/1000 [20:28<07:16,  1.67s/it]

[I 2026-03-31 15:50:33,579] Trial 736 finished with value: 2627.0225286622936 and parameters: {'alpha_0': 0.0023727929464090482, 'alpha_1': 5.0315242128465425e-05, 'alpha_2': 0.0001183430817520179, 'beta_0': 0.17432735025971235, 'beta_1': 1.225162288211698, 'beta_2': 0.3288134373547183, 'beta_3': 0.0037834399528665023, 'beta_4': 0.5728295442142342, 'beta_5': 1656.6947627216332, 'beta_6': 0.012438013427637597, 'beta_7': 0.030029595297995842, 'beta_8': 2.1556691180451803e-05, 'beta_9': 1.0017059186477816e-07}. Best is trial 537 with value: 2387.245732511589.
