[I 2026-03-31 15:41:03,802] Trial 375 finished with value: 2532.9410215041225 and parameters: {'alpha_0': 0.003053538481820259, 'alpha_1': 6.909233309150724e-05, 'alpha_2': 5.5032564416817345e-05, 'beta_0': 0.20334292651429478, 'beta_1': 1.1533858013024114, 'beta_2': 0.28996374912671297, 'beta_3': 0.003545947213463805, 'beta_4': 0.4865877112266333, 'beta_5': 1909.0422855555346, 'beta_6': 0.0165813971133005, 'beta_7': 0.028147250700158295, 'beta_8': 9.07328303436793e-05, 'beta_9': 1.038209484745179e-07}. Best is trial 277 with value: 2419.109288143763.Best trial: 277. Best value: 2419.11:  38%|███▊      | 375/1000 [10:57<14:08,  1.36s/it]Best trial: 277. Best value: 2419.11:  38%|███▊      | 375/1000 [10:57<14:08,  1.36s/it]Best trial: 277. Best value: 2419.11:  38%|███▊      | 376/1000 [10:57<14:03,  1.35s/it]                                                                                        Best trial: 277. Best value: 2419.11:  38%|███▊      | 376/1000 [10:58<14:03,  1.35s/it]Best trial: 277. Best value: 2419.11:  38%|███▊      | 376/1000 [10:59<14:03,  1.35s/it]Best trial: 277. Best value: 2419.11:  38%|███▊      | 377/1000 [10:59<13:54,  1.34s/it]                                                                                        Best trial: 277. Best value: 2419.11:  38%|███▊      | 377/1000 [11:00<13:54,  1.34s/it]Best trial: 277. Best value: 2419.11:  38%|███▊      | 377/1000 [11:00<13:54,  1.34s/it]Best trial: 277. Best value: 2419.11:  38%|███▊      | 378/1000 [11:00<13:56,  1.34s/it]                                                                                        Best trial: 277. Best value: 2419.11:  38%|███▊      | 378/1000 [11:01<13:56,  1.34s/it]Best trial: 277. Best value: 2419.11:  38%|███▊      | 378/1000 [11:01<13:56,  1.34s/it]Best trial: 277. Best value: 2419.11:  38%|███▊      | 379/1000 [11:01<13:52,  1.34s/it]                                                                                        Best trial: 277. Best value: 2419.11:  38%|███▊      | 379/1000 [11:02<13:52,  1.34s/it]Best trial: 277. Best value: 2419.11:  38%|███▊      | 379/1000 [11:02<13:52,  1.34s/it]Best trial: 277. Best value: 2419.11:  38%|███▊      | 380/1000 [11:02<13:40,  1.32s/it]                                                                                        Best trial: 277. Best value: 2419.11:  38%|███▊      | 380/1000 [11:04<13:40,  1.32s/it]Best trial: 277. Best value: 2419.11:  38%|███▊      | 380/1000 [11:04<13:40,  1.32s/it]Best trial: 277. Best value: 2419.11:  38%|███▊      | 381/1000 [11:04<13:42,  1.33s/it]                                                                                        Best trial: 277. Best value: 2419.11:  38%|███▊      | 381/1000 [11:05<13:42,  1.33s/it]Best trial: 277. Best value: 2419.11:  38%|███▊      | 381/1000 [11:05<13:42,  1.33s/it]Best trial: 277. Best value: 2419.11:  38%|███▊      | 382/1000 [11:05<13:21,  1.30s/it]                                                                                        Best trial: 277. Best value: 2419.11:  38%|███▊      | 382/1000 [11:06<13:21,  1.30s/it]Best trial: 277. Best value: 2419.11:  38%|███▊      | 382/1000 [11:06<13:21,  1.30s/it]Best trial: 277. Best value: 2419.11:  38%|███▊      | 383/1000 [11:06<13:23,  1.30s/it]                                                                                        Best trial: 277. Best value: 2419.11:  38%|███▊      | 383/1000 [11:08<13:23,  1.30s/it]Best trial: 277. Best value: 2419.11:  38%|███▊      | 383/1000 [11:08<13:23,  1.30s/it]Best trial: 277. Best value: 2419.11:  38%|███▊      | 384/1000 [11:08<13:28,  1.31s/it]                                                                                        Best trial: 277. Best value: 2419.11:  38%|███▊      | 384/1000 [11:09<13:28,  1.31s/it]Best trial: 277. Best value: 2419.11:  38%|███▊      | 384/1000 [11:09<13:28,  1.31s/it]Best trial: 277. Best value: 2419.11:  38%|███▊      | 385/1000 [11:09<13:34,  1.32s/it]                                                                                        Best trial: 277. Best value: 2419.11:  38%|███▊      | 385/1000 [11:10<13:34,  1.32s/it]Best trial: 385. Best value: 2408.88:  38%|███▊      | 385/1000 [11:10<13:34,  1.32s/it]Best trial: 385. Best value: 2408.88:  39%|███▊      | 386/1000 [11:10<13:31,  1.32s/it]                                                                                        Best trial: 385. Best value: 2408.88:  39%|███▊      | 386/1000 [11:12<13:31,  1.32s/it]Best trial: 385. Best value: 2408.88:  39%|███▊      | 386/1000 [11:12<13:31,  1.32s/it]Best trial: 385. Best value: 2408.88:  39%|███▊      | 387/1000 [11:12<13:36,  1.33s/it]                                                                                        Best trial: 385. Best value: 2408.88:  39%|███▊      | 387/1000 [11:13<13:36,  1.33s/it]Best trial: 385. Best value: 2408.88:  39%|███▊      | 387/1000 [11:13<13:36,  1.33s/it]Best trial: 385. Best value: 2408.88:  39%|███▉      | 388/1000 [11:13<13:40,  1.34s/it]                                                                                        Best trial: 385. Best value: 2408.88:  39%|███▉      | 388/1000 [11:14<13:40,  1.34s/it]Best trial: 385. Best value: 2408.88:  39%|███▉      | 388/1000 [11:14<13:40,  1.34s/it]Best trial: 385. Best value: 2408.88:  39%|███▉      | 389/1000 [11:14<13:34,  1.33s/it]                                                                                        Best trial: 385. Best value: 2408.88:  39%|███▉      | 389/1000 [11:16<13:34,  1.33s/it]Best trial: 385. Best value: 2408.88:  39%|███▉      | 389/1000 [11:16<13:34,  1.33s/it]Best trial: 385. Best value: 2408.88:  39%|███▉      | 390/1000 [11:16<13:37,  1.34s/it]                                                                                        
[I 2026-03-31 15:41:05,117] Trial 376 finished with value: 2493.3530418509654 and parameters: {'alpha_0': 0.0007865584262806138, 'alpha_1': 5.491003905024284e-05, 'alpha_2': 0.0001205532663024407, 'beta_0': 0.16981003147867693, 'beta_1': 1.2130361895475503, 'beta_2': 0.36344735224181446, 'beta_3': 0.002650393779607222, 'beta_4': 0.45375353346931446, 'beta_5': 1952.3480167564476, 'beta_6': 0.012328960328526, 'beta_7': 0.029750882425637757, 'beta_8': 2.2529365532188614e-05, 'beta_9': 1.6156039221781552e-07}. Best is trial 277 with value: 2419.109288143763.
[I 2026-03-31 15:41:06,474] Trial 377 finished with value: 3694.2590329530526 and parameters: {'alpha_0': 0.0031419912109175484, 'alpha_1': 5.005971440291092e-05, 'alpha_2': 0.00011930365874756119, 'beta_0': 0.17323136405613113, 'beta_1': 1.2059948484667657, 'beta_2': 0.34938850799328813, 'beta_3': 0.0024841256347321976, 'beta_4': 0.9422011505523978, 'beta_5': 1995.8329821906545, 'beta_6': 0.012273693294195795, 'beta_7': 0.029759624260141504, 'beta_8': 2.1015841963951597e-05, 'beta_9': 1.8528996770478663e-06}. Best is trial 277 with value: 2419.109288143763.
[I 2026-03-31 15:41:07,809] Trial 378 finished with value: 2529.4723129576087 and parameters: {'alpha_0': 0.0011326087847163746, 'alpha_1': 5.5201349319132426e-05, 'alpha_2': 0.0001115918001314546, 'beta_0': 0.18413223713502364, 'beta_1': 1.2214724029864734, 'beta_2': 0.36756001388413095, 'beta_3': 0.0025928139422812424, 'beta_4': 0.4384734681439125, 'beta_5': 1937.5878048713737, 'beta_6': 0.01028100514539922, 'beta_7': 0.030730016926589363, 'beta_8': 1.7106750573565308e-05, 'beta_9': 2.552285093881134e-07}. Best is trial 277 with value: 2419.109288143763.
[I 2026-03-31 15:41:09,092] Trial 379 finished with value: 2472.188732791105 and parameters: {'alpha_0': 0.0008213550585033803, 'alpha_1': 5.5349847394402046e-05, 'alpha_2': 0.00012154050533255562, 'beta_0': 0.17626228046796932, 'beta_1': 1.2127450562427642, 'beta_2': 0.33701828935098255, 'beta_3': 0.003301186471565316, 'beta_4': 0.5817370260921758, 'beta_5': 1951.5055425262242, 'beta_6': 0.010056604055718071, 'beta_7': 0.030223199490043515, 'beta_8': 2.3082771744431863e-05, 'beta_9': 1.7178768638680715e-07}. Best is trial 277 with value: 2419.109288143763.
[I 2026-03-31 15:41:10,434] Trial 380 finished with value: 2723.984668165369 and parameters: {'alpha_0': 0.0008018201886549763, 'alpha_1': 5.464066098776647e-05, 'alpha_2': 0.00012089996386151351, 'beta_0': 0.17748902497408883, 'beta_1': 1.1910890707993125, 'beta_2': 0.3666220641118393, 'beta_3': 0.0033710203648175873, 'beta_4': 0.595213684517455, 'beta_5': 1962.4464475873533, 'beta_6': 0.010162070663108485, 'beta_7': 0.031354594232169714, 'beta_8': 2.3583700181285016e-05, 'beta_9': 1.6763183129010883e-07}. Best is trial 277 with value: 2419.109288143763.
[I 2026-03-31 15:41:11,658] Trial 381 finished with value: 3391.298325307303 and parameters: {'alpha_0': 0.0009254544116939321, 'alpha_1': 5.800660723082074e-05, 'alpha_2': 0.00011683018844525055, 'beta_0': 0.18044180624734393, 'beta_1': 1.2108360600827408, 'beta_2': 0.38297500552168884, 'beta_3': 0.0036505343846386026, 'beta_4': 0.577852423666214, 'beta_5': 1912.042993105685, 'beta_6': 0.01258287694951946, 'beta_7': 0.039513746032510844, 'beta_8': 2.5456699140342687e-05, 'beta_9': 1.8845542178095198e-07}. Best is trial 277 with value: 2419.109288143763.
[I 2026-03-31 15:41:12,967] Trial 382 finished with value: 2687.346609256817 and parameters: {'alpha_0': 0.0008605647815219462, 'alpha_1': 5.370829039710335e-05, 'alpha_2': 0.00012362659706648452, 'beta_0': 0.17093500907915724, 'beta_1': 1.2148030171467679, 'beta_2': 0.3493572685684469, 'beta_3': 0.0033024581863618685, 'beta_4': 0.5887121349368045, 'beta_5': 1998.7209204220885, 'beta_6': 0.05101679744322527, 'beta_7': 0.030205290197235363, 'beta_8': 2.8200709265375633e-05, 'beta_9': 1.6783519506406395e-07}. Best is trial 277 with value: 2419.109288143763.
[I 2026-03-31 15:41:14,308] Trial 383 finished with value: 2722.8288387468415 and parameters: {'alpha_0': 0.0010468866579048813, 'alpha_1': 5.008798259358852e-05, 'alpha_2': 0.00012116235374753069, 'beta_0': 0.24849595261391905, 'beta_1': 1.2020346157464785, 'beta_2': 0.3708671456142672, 'beta_3': 0.0034765729845480597, 'beta_4': 0.5515934542304521, 'beta_5': 1936.2320778302474, 'beta_6': 0.014323332525034368, 'beta_7': 0.030531189162537158, 'beta_8': 1.9959468817740298e-05, 'beta_9': 2.0505705114676178e-07}. Best is trial 277 with value: 2419.109288143763.
[I 2026-03-31 15:41:15,659] Trial 384 finished with value: 2656.5238011700103 and parameters: {'alpha_0': 0.000755039865915832, 'alpha_1': 5.967650963955063e-05, 'alpha_2': 0.00011448035300231343, 'beta_0': 0.17307891804911363, 'beta_1': 1.2243475521577365, 'beta_2': 0.3390409111616654, 'beta_3': 0.0032227625869549834, 'beta_4': 0.5653383997827599, 'beta_5': 1876.966102511875, 'beta_6': 0.012553011690829943, 'beta_7': 0.03181966187868553, 'beta_8': 2.4379633325002296e-05, 'beta_9': 1.5076111582705134e-07}. Best is trial 277 with value: 2419.109288143763.
[I 2026-03-31 15:41:16,977] Trial 385 finished with value: 2408.8828178913027 and parameters: {'alpha_0': 0.0008561584912414187, 'alpha_1': 6.129285589853904e-05, 'alpha_2': 0.00012720538730779562, 'beta_0': 0.17498364639387512, 'beta_1': 1.2113344920075433, 'beta_2': 0.3557192063315981, 'beta_3': 0.0035812557600320744, 'beta_4': 0.6051397653036079, 'beta_5': 1933.3752947260264, 'beta_6': 0.010264779312396898, 'beta_7': 0.029769733787983633, 'beta_8': 2.286681379113024e-05, 'beta_9': 1.4817932218922284e-07}. Best is trial 385 with value: 2408.8828178913027.
[I 2026-03-31 15:41:18,332] Trial 386 finished with value: 3083.598491311256 and parameters: {'alpha_0': 0.0009668107629954078, 'alpha_1': 0.00012389688496043538, 'alpha_2': 0.00012750826844543618, 'beta_0': 0.18434676587412174, 'beta_1': 1.209748808102475, 'beta_2': 0.3588038269224462, 'beta_3': 0.003624169337535012, 'beta_4': 0.6044105906108427, 'beta_5': 1940.1861704700045, 'beta_6': 0.010251751818923805, 'beta_7': 0.02989352756121239, 'beta_8': 2.3171297061513984e-05, 'beta_9': 7.050392758250504e-07}. Best is trial 385 with value: 2408.8828178913027.
[I 2026-03-31 15:41:19,689] Trial 387 finished with value: 2747.531806538711 and parameters: {'alpha_0': 0.0008434790762189622, 'alpha_1': 5.009561711135208e-05, 'alpha_2': 0.0001299534259692293, 'beta_0': 0.17962392507416844, 'beta_1': 1.198236961553906, 'beta_2': 0.3540099164913086, 'beta_3': 0.0036861817637202773, 'beta_4': 0.6208740341411486, 'beta_5': 1891.2834546372171, 'beta_6': 0.012386263210815138, 'beta_7': 0.030783497869202377, 'beta_8': 2.200325466919746e-05, 'beta_9': 2.2147415591441529e-07}. Best is trial 385 with value: 2408.8828178913027.
[I 2026-03-31 15:41:21,009] Trial 388 finished with value: 2446.1106790203576 and parameters: {'alpha_0': 0.0007198653860358396, 'alpha_1': 6.010318618357295e-05, 'alpha_2': 0.0001245055002073651, 'beta_0': 0.17609702222637943, 'beta_1': 1.2265965904931073, 'beta_2': 0.33549336385924045, 'beta_3': 0.00380018386973853, 'beta_4': 0.6040301354286413, 'beta_5': 1964.7186023418776, 'beta_6': 0.015273241329254929, 'beta_7': 0.029556195796784514, 'beta_8': 2.679544347792678e-05, 'beta_9': 1.7074661405632885e-07}. Best is trial 385 with value: 2408.8828178913027.
[I 2026-03-31 15:41:22,358] Trial 389 finished with value: 2657.2801923311695 and parameters: {'alpha_0': 0.0006975892096063399, 'alpha_1': 5.829212347957243e-05, 'alpha_2': 0.0001261632423372775, 'beta_0': 0.17956098368104093, 'beta_1': 1.2276287613592458, 'beta_2': 0.39193615468835885, 'beta_3': 0.0037697538027704363, 'beta_4': 0.6112821310412222, 'beta_5': 1960.7634230819551, 'beta_6': 0.010249999051332972, 'beta_7': 0.030140813002934648, 'beta_8': 2.717013731216829e-05, 'beta_9': 1.873580739254838e-07}. Best is trial 385 with value: 2408.8828178913027.
[I 2026-03-31 15:41:23,724] Trial 390 finished with value: 2805.86228508849 and parameters: {'alpha_0': 0.000793142853658786, 'alpha_1': 6.147767211473864e-05, 'alpha_2': 0.00012272927945463993, 'beta_0': 0.17375976404648907, 'beta_1': 1.215007187242448, 'beta_2': 0.3404592975212662, 'beta_3': 0.003770558697778435, 'beta_4': 0.6031511679746673, 'beta_5': 1965.2183152087407, 'beta_6': 0.01485648424652908, 'beta_7': 0.031023421949537704, 'beta_8': 2.5666883109455847e-05, 'beta_9': 2.38523224252243e-07}. Best is trial 385 with value: 2408.8828178913027.Best trial: 385. Best value: 2408.88:  39%|███▉      | 390/1000 [11:17<13:37,  1.34s/it]Best trial: 385. Best value: 2408.88:  39%|███▉      | 390/1000 [11:17<13:37,  1.34s/it]Best trial: 385. Best value: 2408.88:  39%|███▉      | 391/1000 [11:17<13:39,  1.35s/it]                                                                                        Best trial: 385. Best value: 2408.88:  39%|███▉      | 391/1000 [11:18<13:39,  1.35s/it]Best trial: 385. Best value: 2408.88:  39%|███▉      | 391/1000 [11:18<13:39,  1.35s/it]Best trial: 385. Best value: 2408.88:  39%|███▉      | 392/1000 [11:18<13:31,  1.33s/it]                                                                                        Best trial: 385. Best value: 2408.88:  39%|███▉      | 392/1000 [11:20<13:31,  1.33s/it]Best trial: 385. Best value: 2408.88:  39%|███▉      | 392/1000 [11:20<13:31,  1.33s/it]Best trial: 385. Best value: 2408.88:  39%|███▉      | 393/1000 [11:20<13:33,  1.34s/it]                                                                                        Best trial: 385. Best value: 2408.88:  39%|███▉      | 393/1000 [11:29<13:33,  1.34s/it]Best trial: 385. Best value: 2408.88:  39%|███▉      | 393/1000 [11:29<13:33,  1.34s/it]Best trial: 385. Best value: 2408.88:  39%|███▉      | 394/1000 [11:29<38:28,  3.81s/it]                                                                                        Best trial: 385. Best value: 2408.88:  39%|███▉      | 394/1000 [11:31<38:28,  3.81s/it]Best trial: 385. Best value: 2408.88:  39%|███▉      | 394/1000 [11:31<38:28,  3.81s/it]Best trial: 385. Best value: 2408.88:  40%|███▉      | 395/1000 [11:31<30:59,  3.07s/it]                                                                                        Best trial: 385. Best value: 2408.88:  40%|███▉      | 395/1000 [11:32<30:59,  3.07s/it]Best trial: 385. Best value: 2408.88:  40%|███▉      | 395/1000 [11:32<30:59,  3.07s/it]Best trial: 385. Best value: 2408.88:  40%|███▉      | 396/1000 [11:32<25:41,  2.55s/it]                                                                                        Best trial: 385. Best value: 2408.88:  40%|███▉      | 396/1000 [11:33<25:41,  2.55s/it]Best trial: 385. Best value: 2408.88:  40%|███▉      | 396/1000 [11:33<25:41,  2.55s/it]Best trial: 385. Best value: 2408.88:  40%|███▉      | 397/1000 [11:33<21:57,  2.18s/it]                                                                                        Best trial: 385. Best value: 2408.88:  40%|███▉      | 397/1000 [11:35<21:57,  2.18s/it]Best trial: 385. Best value: 2408.88:  40%|███▉      | 397/1000 [11:35<21:57,  2.18s/it]Best trial: 385. Best value: 2408.88:  40%|███▉      | 398/1000 [11:35<19:14,  1.92s/it]                                                                                        Best trial: 385. Best value: 2408.88:  40%|███▉      | 398/1000 [11:36<19:14,  1.92s/it]Best trial: 385. Best value: 2408.88:  40%|███▉      | 398/1000 [11:36<19:14,  1.92s/it]Best trial: 385. Best value: 2408.88:  40%|███▉      | 399/1000 [11:36<18:37,  1.86s/it]                                                                                        Best trial: 385. Best value: 2408.88:  40%|███▉      | 399/1000 [11:38<18:37,  1.86s/it]Best trial: 385. Best value: 2408.88:  40%|███▉      | 399/1000 [11:38<18:37,  1.86s/it]Best trial: 385. Best value: 2408.88:  40%|████      | 400/1000 [11:38<17:02,  1.70s/it]                                                                                        Best trial: 385. Best value: 2408.88:  40%|████      | 400/1000 [11:39<17:02,  1.70s/it]Best trial: 385. Best value: 2408.88:  40%|████      | 400/1000 [11:39<17:02,  1.70s/it]Best trial: 385. Best value: 2408.88:  40%|████      | 401/1000 [11:39<15:57,  1.60s/it]                                                                                        Best trial: 385. Best value: 2408.88:  40%|████      | 401/1000 [11:40<15:57,  1.60s/it]Best trial: 385. Best value: 2408.88:  40%|████      | 401/1000 [11:40<15:57,  1.60s/it]Best trial: 385. Best value: 2408.88:  40%|████      | 402/1000 [11:40<15:07,  1.52s/it]                                                                                        Best trial: 385. Best value: 2408.88:  40%|████      | 402/1000 [11:42<15:07,  1.52s/it]Best trial: 385. Best value: 2408.88:  40%|████      | 402/1000 [11:42<15:07,  1.52s/it]Best trial: 385. Best value: 2408.88:  40%|████      | 403/1000 [11:42<14:27,  1.45s/it]                                                                                        Best trial: 385. Best value: 2408.88:  40%|████      | 403/1000 [11:43<14:27,  1.45s/it]Best trial: 385. Best value: 2408.88:  40%|████      | 403/1000 [11:43<14:27,  1.45s/it]Best trial: 385. Best value: 2408.88:  40%|████      | 404/1000 [11:43<14:08,  1.42s/it]                                                                                        Best trial: 385. Best value: 2408.88:  40%|████      | 404/1000 [11:44<14:08,  1.42s/it]Best trial: 385. Best value: 2408.88:  40%|████      | 404/1000 [11:44<14:08,  1.42s/it]Best trial: 385. Best value: 2408.88:  40%|████      | 405/1000 [11:44<13:59,  1.41s/it]                                                                                        
[I 2026-03-31 15:41:25,031] Trial 391 finished with value: 2499.468191826035 and parameters: {'alpha_0': 0.0008992617151920592, 'alpha_1': 5.619567407524828e-05, 'alpha_2': 5.000743639526813e-05, 'beta_0': 0.17692948921656618, 'beta_1': 1.2320605307406693, 'beta_2': 0.3327397753279171, 'beta_3': 0.0038928679253937564, 'beta_4': 0.6274779032454478, 'beta_5': 1901.480453103462, 'beta_6': 0.015654138968097166, 'beta_7': 0.029633831085250764, 'beta_8': 2.2341536355475728e-05, 'beta_9': 1.721294048376591e-07}. Best is trial 385 with value: 2408.8828178913027.
[I 2026-03-31 15:41:26,384] Trial 392 finished with value: 2422.0589855633225 and parameters: {'alpha_0': 0.0009082838253635544, 'alpha_1': 5.740984673023033e-05, 'alpha_2': 4.857373687561628e-05, 'beta_0': 0.17882931911424407, 'beta_1': 1.2302160767596007, 'beta_2': 0.33160285901117004, 'beta_3': 0.004024924084275056, 'beta_4': 0.6257605763175536, 'beta_5': 1911.9154059393834, 'beta_6': 0.016383433632936255, 'beta_7': 0.02938139086775278, 'beta_8': 1.9523776877094897e-05, 'beta_9': 1.4581062770846689e-07}. Best is trial 385 with value: 2408.8828178913027.
[I 2026-03-31 15:41:35,952] Trial 393 finished with value: 6608.915935471047 and parameters: {'alpha_0': 0.001045980802678063, 'alpha_1': 5.543754380945877e-05, 'alpha_2': 4.322861349137949e-05, 'beta_0': 0.17661922004985228, 'beta_1': 1.2330327626261384, 'beta_2': 0.3656261338022248, 'beta_3': 0.003886077424063684, 'beta_4': 0.6184120697564156, 'beta_5': 1875.0796795376218, 'beta_6': 0.016572556173056155, 'beta_7': 0.01294679275774377, 'beta_8': 2.088873267119482e-05, 'beta_9': 1.5659548182846056e-07}. Best is trial 385 with value: 2408.8828178913027.
[I 2026-03-31 15:41:37,311] Trial 394 finished with value: 2564.4871851448625 and parameters: {'alpha_0': 0.0009494160467148847, 'alpha_1': 6.141613614704008e-05, 'alpha_2': 4.771617274933354e-05, 'beta_0': 0.18390689780409653, 'beta_1': 1.222022390867444, 'beta_2': 0.3452286202148403, 'beta_3': 0.003873376852410296, 'beta_4': 0.6304328969063682, 'beta_5': 1941.7877406688199, 'beta_6': 0.017292136251352792, 'beta_7': 0.029105312019720355, 'beta_8': 2.1610065454940758e-05, 'beta_9': 1.3906471257837521e-07}. Best is trial 385 with value: 2408.8828178913027.
