[I 2026-03-31 15:34:38,733] Trial 125 finished with value: 3860.042399090583 and parameters: {'alpha_0': 0.0008547433361400683, 'alpha_1': 5.767342922652921e-05, 'alpha_2': 0.00010551453354373897, 'beta_0': 0.1259513462581767, 'beta_1': 1.324019950255864, 'beta_2': 0.2876557855142901, 'beta_3': 0.0029932434176969318, 'beta_4': 0.5731889689511441, 'beta_5': 981.9751791119421, 'beta_6': 0.01093333838708118, 'beta_7': 0.03123208578028255, 'beta_8': 8.191563289106157e-05, 'beta_9': 2.13823882241301e-07}. Best is trial 51 with value: 2514.6051342609703.
[I 2026-03-31 15:34:40,029] Trial 126 finished with value: 2562.8292765661613 and parameters: {'alpha_0': 0.0009233339574778012, 'alpha_1': 6.285203464237888e-05, 'alpha_2': 0.0001113535850405072, 'beta_0': 0.11087935152056191, 'beta_1': 1.362174941930298, 'beta_2': 0.2741971895137622, 'beta_3': 0.0037088571808432625, 'beta_4': 0.6157448256498717, 'beta_5': 1089.0090402155238, 'beta_6': 0.010082803719681966, 'beta_7': 0.029517238448630863, 'beta_8': 8.50425156808172e-05, 'beta_9': 2.720663865553067e-07}. Best is trial 51 with value: 2514.6051342609703.
[I 2026-03-31 15:34:41,345] Trial 127 finished with value: 2619.728706879271 and parameters: {'alpha_0': 0.0009313805619913678, 'alpha_1': 6.185130818901341e-05, 'alpha_2': 9.151707770054633e-05, 'beta_0': 0.11114477353715285, 'beta_1': 1.3632234161931216, 'beta_2': 0.264566868021764, 'beta_3': 0.003658153721867833, 'beta_4': 0.6109691986617396, 'beta_5': 1018.5145905974086, 'beta_6': 0.015581429512693248, 'beta_7': 0.028712425145854217, 'beta_8': 8.521369472470968e-05, 'beta_9': 3.299571481112341e-07}. Best is trial 51 with value: 2514.6051342609703.
[I 2026-03-31 15:34:42,646] Trial 128 finished with value: 2605.2277348258513 and parameters: {'alpha_0': 0.000798542477502134, 'alpha_1': 6.331223893418596e-05, 'alpha_2': 9.660381253823981e-05, 'beta_0': 0.11291552536022305, 'beta_1': 1.35984520256835, 'beta_2': 0.26155426945671695, 'beta_3': 0.003482671773223045, 'beta_4': 0.6022178620298198, 'beta_5': 1018.3581808637896, 'beta_6': 0.010451364851647603, 'beta_7': 0.028955023422668123, 'beta_8': 8.497405301690623e-05, 'beta_9': 3.40602963034927e-07}. Best is trial 51 with value: 2514.6051342609703.
[I 2026-03-31 15:34:43,974] Trial 129 finished with value: 2663.642544398192 and parameters: {'alpha_0': 0.0007240167793530904, 'alpha_1': 6.647679922276018e-05, 'alpha_2': 9.0298984721871e-05, 'beta_0': 0.29843288256571865, 'beta_1': 1.3605543328817986, 'beta_2': 0.2712397240943171, 'beta_3': 0.0036567757653153915, 'beta_4': 0.6069989265890676, 'beta_5': 950.7879037247308, 'beta_6': 0.012438208142285731, 'beta_7': 0.028748952403227657, 'beta_8': 7.944508216165992e-05, 'beta_9': 3.544497547910214e-07}. Best is trial 51 with value: 2514.6051342609703.
[I 2026-03-31 15:34:45,279] Trial 130 finished with value: 2499.9824319690442 and parameters: {'alpha_0': 0.0009708419299739725, 'alpha_1': 6.059577961835392e-05, 'alpha_2': 0.00010713737282315149, 'beta_0': 0.11101735243296211, 'beta_1': 1.3315887777865816, 'beta_2': 0.2534817573493189, 'beta_3': 0.0034542337598629843, 'beta_4': 0.6304006038208853, 'beta_5': 1021.5678958624251, 'beta_6': 0.01552091275757669, 'beta_7': 0.0297886452048378, 'beta_8': 8.48395738854765e-05, 'beta_9': 3.25046992732859e-07}. Best is trial 130 with value: 2499.9824319690442.
[I 2026-03-31 15:34:46,571] Trial 131 finished with value: 2736.4677330264935 and parameters: {'alpha_0': 0.0010726797291698332, 'alpha_1': 6.267179177841086e-05, 'alpha_2': 0.0001102222560356345, 'beta_0': 0.11175570418629951, 'beta_1': 1.3330551732431386, 'beta_2': 0.2533333955020437, 'beta_3': 0.0035503786871745073, 'beta_4': 0.6319058531297416, 'beta_5': 1027.984951378319, 'beta_6': 0.01608037791739684, 'beta_7': 0.030019862510332316, 'beta_8': 8.482201247633422e-05, 'beta_9': 3.2700545256394435e-07}. Best is trial 130 with value: 2499.9824319690442.
[I 2026-03-31 15:34:47,900] Trial 132 finished with value: 2615.3659987943056 and parameters: {'alpha_0': 0.0008887099862034895, 'alpha_1': 7.036935512148496e-05, 'alpha_2': 9.513992527134514e-05, 'beta_0': 0.10990684338030929, 'beta_1': 1.3549928568295406, 'beta_2': 0.3164505731630226, 'beta_3': 0.0033236788133968968, 'beta_4': 0.6031930329995192, 'beta_5': 985.8712760870626, 'beta_6': 0.010236355154579158, 'beta_7': 0.029406085568979994, 'beta_8': 8.512886712345112e-05, 'beta_9': 2.81759016584481e-07}. Best is trial 130 with value: 2499.9824319690442.
[I 2026-03-31 15:34:49,262] Trial 133 finished with value: 2615.284241539396 and parameters: {'alpha_0': 0.0010017304997559527, 'alpha_1': 7.018068821967128e-05, 'alpha_2': 9.597609622693974e-05, 'beta_0': 0.11079046730506355, 'beta_1': 1.3550434190533605, 'beta_2': 0.226602972034641, 'beta_3': 0.0033481395935514072, 'beta_4': 0.5721669985287583, 'beta_5': 893.8802771482406, 'beta_6': 0.014689428685771864, 'beta_7': 0.029178014116670096, 'beta_8': 8.283194130133348e-05, 'beta_9': 2.9111330448114826e-07}. Best is trial 130 with value: 2499.9824319690442.
[I 2026-03-31 15:34:50,587] Trial 134 finished with value: 2638.130505992882 and parameters: {'alpha_0': 0.0005015914876831905, 'alpha_1': 7.172481974588685e-05, 'alpha_2': 9.397120847993088e-05, 'beta_0': 0.11058387213680725, 'beta_1': 1.3541024062341136, 'beta_2': 0.23112707689865666, 'beta_3': 0.003423163036287042, 'beta_4': 0.5758315470639065, 'beta_5': 916.8781499343945, 'beta_6': 0.014558230518177446, 'beta_7': 0.029355629568645947, 'beta_8': 8.330858086533888e-05, 'beta_9': 2.832650880834525e-07}. Best is trial 130 with value: 2499.9824319690442.
[I 2026-03-31 15:34:52,156] Trial 135 finished with value: 3096.156076593305 and parameters: {'alpha_0': 0.0010195460502623046, 'alpha_1': 6.261186370096048e-05, 'alpha_2': 7.50725497868337e-05, 'beta_0': 0.10469737758445381, 'beta_1': 1.3416969788857624, 'beta_2': 0.2041504461730165, 'beta_3': 0.003114443082379893, 'beta_4': 0.5324422016722516, 'beta_5': 970.5227253587001, 'beta_6': 0.017865582685848726, 'beta_7': 0.026662328503342787, 'beta_8': 7.698814143669129e-05, 'beta_9': 3.0392019566253403e-07}. Best is trial 130 with value: 2499.9824319690442.Best trial: 130. Best value: 2499.98:  14%|█▎        | 135/1000 [04:46<19:06,  1.33s/it]Best trial: 130. Best value: 2499.98:  14%|█▎        | 135/1000 [04:46<19:06,  1.33s/it]Best trial: 130. Best value: 2499.98:  14%|█▎        | 136/1000 [04:46<20:08,  1.40s/it]                                                                                        Best trial: 130. Best value: 2499.98:  14%|█▎        | 136/1000 [04:47<20:08,  1.40s/it]Best trial: 130. Best value: 2499.98:  14%|█▎        | 136/1000 [04:47<20:08,  1.40s/it]Best trial: 130. Best value: 2499.98:  14%|█▎        | 137/1000 [04:47<19:39,  1.37s/it]                                                                                        Best trial: 130. Best value: 2499.98:  14%|█▎        | 137/1000 [04:48<19:39,  1.37s/it]Best trial: 130. Best value: 2499.98:  14%|█▎        | 137/1000 [04:48<19:39,  1.37s/it]Best trial: 130. Best value: 2499.98:  14%|█▍        | 138/1000 [04:48<19:19,  1.35s/it]                                                                                        Best trial: 130. Best value: 2499.98:  14%|█▍        | 138/1000 [04:49<19:19,  1.35s/it]Best trial: 130. Best value: 2499.98:  14%|█▍        | 138/1000 [04:49<19:19,  1.35s/it]Best trial: 130. Best value: 2499.98:  14%|█▍        | 139/1000 [04:49<19:24,  1.35s/it]                                                                                        Best trial: 130. Best value: 2499.98:  14%|█▍        | 139/1000 [04:51<19:24,  1.35s/it]Best trial: 130. Best value: 2499.98:  14%|█▍        | 139/1000 [04:51<19:24,  1.35s/it]Best trial: 130. Best value: 2499.98:  14%|█▍        | 140/1000 [04:51<19:12,  1.34s/it]                                                                                        Best trial: 130. Best value: 2499.98:  14%|█▍        | 140/1000 [04:52<19:12,  1.34s/it]Best trial: 130. Best value: 2499.98:  14%|█▍        | 140/1000 [04:52<19:12,  1.34s/it]Best trial: 130. Best value: 2499.98:  14%|█▍        | 141/1000 [04:52<20:03,  1.40s/it]                                                                                        Best trial: 130. Best value: 2499.98:  14%|█▍        | 141/1000 [04:54<20:03,  1.40s/it]Best trial: 130. Best value: 2499.98:  14%|█▍        | 141/1000 [04:54<20:03,  1.40s/it]Best trial: 130. Best value: 2499.98:  14%|█▍        | 142/1000 [04:54<19:35,  1.37s/it]                                                                                        Best trial: 130. Best value: 2499.98:  14%|█▍        | 142/1000 [04:55<19:35,  1.37s/it]Best trial: 130. Best value: 2499.98:  14%|█▍        | 142/1000 [04:55<19:35,  1.37s/it]Best trial: 130. Best value: 2499.98:  14%|█▍        | 143/1000 [04:55<19:09,  1.34s/it]                                                                                        Best trial: 130. Best value: 2499.98:  14%|█▍        | 143/1000 [04:56<19:09,  1.34s/it]Best trial: 130. Best value: 2499.98:  14%|█▍        | 143/1000 [04:56<19:09,  1.34s/it]Best trial: 130. Best value: 2499.98:  14%|█▍        | 144/1000 [04:56<19:58,  1.40s/it]                                                                                        Best trial: 130. Best value: 2499.98:  14%|█▍        | 144/1000 [04:58<19:58,  1.40s/it]Best trial: 130. Best value: 2499.98:  14%|█▍        | 144/1000 [04:58<19:58,  1.40s/it]Best trial: 130. Best value: 2499.98:  14%|█▍        | 145/1000 [04:58<19:27,  1.37s/it]                                                                                        Best trial: 130. Best value: 2499.98:  14%|█▍        | 145/1000 [04:59<19:27,  1.37s/it]Best trial: 130. Best value: 2499.98:  14%|█▍        | 145/1000 [04:59<19:27,  1.37s/it]Best trial: 130. Best value: 2499.98:  15%|█▍        | 146/1000 [04:59<19:00,  1.34s/it]                                                                                        Best trial: 130. Best value: 2499.98:  15%|█▍        | 146/1000 [05:00<19:00,  1.34s/it]Best trial: 130. Best value: 2499.98:  15%|█▍        | 146/1000 [05:00<19:00,  1.34s/it]Best trial: 130. Best value: 2499.98:  15%|█▍        | 147/1000 [05:00<19:00,  1.34s/it]                                                                                        Best trial: 130. Best value: 2499.98:  15%|█▍        | 147/1000 [05:02<19:00,  1.34s/it]Best trial: 130. Best value: 2499.98:  15%|█▍        | 147/1000 [05:02<19:00,  1.34s/it]Best trial: 130. Best value: 2499.98:  15%|█▍        | 148/1000 [05:02<18:50,  1.33s/it]                                                                                        Best trial: 130. Best value: 2499.98:  15%|█▍        | 148/1000 [05:03<18:50,  1.33s/it]Best trial: 130. Best value: 2499.98:  15%|█▍        | 148/1000 [05:03<18:50,  1.33s/it]Best trial: 130. Best value: 2499.98:  15%|█▍        | 149/1000 [05:03<18:45,  1.32s/it]                                                                                        Best trial: 130. Best value: 2499.98:  15%|█▍        | 149/1000 [05:04<18:45,  1.32s/it]Best trial: 130. Best value: 2499.98:  15%|█▍        | 149/1000 [05:04<18:45,  1.32s/it]Best trial: 130. Best value: 2499.98:  15%|█▌        | 150/1000 [05:04<18:37,  1.31s/it]                                                                                        
[I 2026-03-31 15:34:53,447] Trial 136 finished with value: 2776.801585585229 and parameters: {'alpha_0': 0.0009371487353739999, 'alpha_1': 7.760292226062263e-05, 'alpha_2': 8.4568206041557e-05, 'beta_0': 0.11493610109659644, 'beta_1': 1.3647453822083508, 'beta_2': 0.3133424206647121, 'beta_3': 0.00333133184825397, 'beta_4': 0.6221864456190146, 'beta_5': 1008.816057493528, 'beta_6': 0.01398135785383811, 'beta_7': 0.028617046515323052, 'beta_8': 8.540118884217697e-05, 'beta_9': 3.8599079024794596e-07}. Best is trial 130 with value: 2499.9824319690442.
[I 2026-03-31 15:34:54,744] Trial 137 finished with value: 2783.600190072147 and parameters: {'alpha_0': 0.0007313658513077608, 'alpha_1': 5.6407748280724096e-05, 'alpha_2': 9.650100342618524e-05, 'beta_0': 0.10822585881384593, 'beta_1': 1.3527741981146906, 'beta_2': 0.2723585465775614, 'beta_3': 0.0037019350249448374, 'beta_4': 0.6014722097019557, 'beta_5': 535.6030094525639, 'beta_6': 0.010879725238571059, 'beta_7': 0.029810968311132613, 'beta_8': 8.243397506853229e-05, 'beta_9': 4.6133218093547916e-07}. Best is trial 130 with value: 2499.9824319690442.
[I 2026-03-31 15:34:56,112] Trial 138 finished with value: 2824.9493786870225 and parameters: {'alpha_0': 0.0007954256934158035, 'alpha_1': 0.00014242336319002726, 'alpha_2': 0.0001113096869461252, 'beta_0': 0.1116049194527877, 'beta_1': 1.3880669660634286, 'beta_2': 0.25272107377923914, 'beta_3': 0.003353456235792203, 'beta_4': 0.5852875684913811, 'beta_5': 877.2545526828035, 'beta_6': 0.016086991809600604, 'beta_7': 0.028158245711654265, 'beta_8': 7.840358568455741e-05, 'beta_9': 5.35634806825547e-07}. Best is trial 130 with value: 2499.9824319690442.
[I 2026-03-31 15:34:57,423] Trial 139 finished with value: 2915.214825889682 and parameters: {'alpha_0': 0.001171867629974949, 'alpha_1': 0.0002549016061537851, 'alpha_2': 0.00011558500277875871, 'beta_0': 0.10475760521753384, 'beta_1': 1.3614684428527177, 'beta_2': 0.23480412246459784, 'beta_3': 0.003066555975881531, 'beta_4': 0.6418670972734102, 'beta_5': 365.61047611691384, 'beta_6': 0.018423080373457006, 'beta_7': 0.02933947843412495, 'beta_8': 8.975882312708608e-05, 'beta_9': 3.3842907699303875e-07}. Best is trial 130 with value: 2499.9824319690442.
[I 2026-03-31 15:34:58,968] Trial 140 finished with value: 2934.8934031418976 and parameters: {'alpha_0': 0.0009314448444805645, 'alpha_1': 6.835771822548405e-05, 'alpha_2': 8.191751244699492e-05, 'beta_0': 0.11471081395726575, 'beta_1': 1.381893186335543, 'beta_2': 0.28656228981490306, 'beta_3': 0.0032383796850480534, 'beta_4': 0.5489247428167875, 'beta_5': 1066.349201919397, 'beta_6': 0.013176078644391732, 'beta_7': 0.027100855514115, 'beta_8': 8.570005795076028e-05, 'beta_9': 2.5590972714461746e-07}. Best is trial 130 with value: 2499.9824319690442.
[I 2026-03-31 15:35:00,264] Trial 141 finished with value: 2896.043052778007 and parameters: {'alpha_0': 0.0006388004733133123, 'alpha_1': 6.942013211120001e-05, 'alpha_2': 9.633640625692901e-05, 'beta_0': 0.10905309278080712, 'beta_1': 1.339127689885251, 'beta_2': 0.2665121412292076, 'beta_3': 0.0035794803527459122, 'beta_4': 0.6294938815622515, 'beta_5': 1080.2771177306424, 'beta_6': 0.02302338009778126, 'beta_7': 0.03042550522642986, 'beta_8': 7.45491237393734e-05, 'beta_9': 2.8334510981837883e-07}. Best is trial 130 with value: 2499.9824319690442.
[I 2026-03-31 15:35:01,539] Trial 142 finished with value: 2660.215425888321 and parameters: {'alpha_0': 0.001102354595451033, 'alpha_1': 6.284639678663758e-05, 'alpha_2': 8.978831452505882e-05, 'beta_0': 0.11632500359679003, 'beta_1': 1.3683680697721798, 'beta_2': 0.31050184150346466, 'beta_3': 0.0037530289818018254, 'beta_4': 0.6110528920024455, 'beta_5': 438.02412383169764, 'beta_6': 0.019338057193007747, 'beta_7': 0.029127968870309745, 'beta_8': 8.366116118699402e-05, 'beta_9': 3.595137404648358e-07}. Best is trial 130 with value: 2499.9824319690442.
[I 2026-03-31 15:35:03,077] Trial 143 finished with value: 2819.142874079763 and parameters: {'alpha_0': 0.0009817831591117992, 'alpha_1': 6.664962302052149e-05, 'alpha_2': 9.801809446905363e-05, 'beta_0': 0.1004771319756916, 'beta_1': 1.3480668987217908, 'beta_2': 0.20945028284272882, 'beta_3': 0.0029703409944093285, 'beta_4': 0.5842232385992306, 'beta_5': 1130.4156978172766, 'beta_6': 0.02240837988014748, 'beta_7': 0.02735868345143407, 'beta_8': 8.61628298769583e-05, 'beta_9': 2.4068002240495976e-07}. Best is trial 130 with value: 2499.9824319690442.
[I 2026-03-31 15:35:04,362] Trial 144 finished with value: 2847.9996811186156 and parameters: {'alpha_0': 0.0012771831442486372, 'alpha_1': 7.503402411846412e-05, 'alpha_2': 0.00010739494647953285, 'beta_0': 0.11235901191418941, 'beta_1': 1.333564507497718, 'beta_2': 0.24179118454991785, 'beta_3': 0.0038474877283211266, 'beta_4': 0.5624690408414926, 'beta_5': 25.804423051943786, 'beta_6': 0.015323700485682771, 'beta_7': 0.03112351459942433, 'beta_8': 9.028555925838066e-05, 'beta_9': 4.03331331931805e-07}. Best is trial 130 with value: 2499.9824319690442.
[I 2026-03-31 15:35:05,629] Trial 145 finished with value: 2715.4951695950795 and parameters: {'alpha_0': 0.00078288414096294, 'alpha_1': 5.5016537644335956e-05, 'alpha_2': 0.00011868659381005651, 'beta_0': 0.10498804399878606, 'beta_1': 1.3679526238755106, 'beta_2': 0.1884618678621048, 'beta_3': 0.0034095492568245664, 'beta_4': 0.6247811067572671, 'beta_5': 1176.7693191245055, 'beta_6': 0.018626121750180302, 'beta_7': 0.030050352138312916, 'beta_8': 8.205880367583417e-05, 'beta_9': 3.1500918294045815e-07}. Best is trial 130 with value: 2499.9824319690442.
[I 2026-03-31 15:35:06,967] Trial 146 finished with value: 3094.429524191712 and parameters: {'alpha_0': 0.0008913243716348273, 'alpha_1': 6.0321622197383494e-05, 'alpha_2': 9.263630269882661e-05, 'beta_0': 0.12273671608764863, 'beta_1': 1.202085360185736, 'beta_2': 0.22164745655005114, 'beta_3': 0.003631485197213801, 'beta_4': 0.6541249655938759, 'beta_5': 946.1534886674789, 'beta_6': 0.01250497622703209, 'beta_7': 0.02805297541468052, 'beta_8': 8.669516973588772e-05, 'beta_9': 9.397205698626467e-07}. Best is trial 130 with value: 2499.9824319690442.
[I 2026-03-31 15:35:08,271] Trial 147 finished with value: 2935.0429747709327 and parameters: {'alpha_0': 0.0005979084753863187, 'alpha_1': 0.00018512767479888893, 'alpha_2': 0.00010402850547465756, 'beta_0': 0.1167233961961747, 'beta_1': 1.3434452857554786, 'beta_2': 0.3401143367719097, 'beta_3': 0.003177094925833199, 'beta_4': 0.5979614281915642, 'beta_5': 1034.7474878341577, 'beta_6': 0.010358340511373014, 'beta_7': 0.031699011222685244, 'beta_8': 8.873045295881228e-05, 'beta_9': 2.6913060244477397e-07}. Best is trial 130 with value: 2499.9824319690442.
[I 2026-03-31 15:35:09,582] Trial 148 finished with value: 2650.8693011996224 and parameters: {'alpha_0': 0.0013079803044557532, 'alpha_1': 7.75762126263622e-05, 'alpha_2': 7.055229206564097e-05, 'beta_0': 0.10893899771622542, 'beta_1': 1.2971538553371353, 'beta_2': 0.2782394458218415, 'beta_3': 0.004051917871408272, 'beta_4': 0.6455497978220749, 'beta_5': 1094.2973666261337, 'beta_6': 0.020935780730145473, 'beta_7': 0.02881775069836491, 'beta_8': 8.445737019580123e-05, 'beta_9': 1.9945133936601703e-07}. Best is trial 130 with value: 2499.9824319690442.
[I 2026-03-31 15:35:10,879] Trial 149 finished with value: 2991.7464749825194 and parameters: {'alpha_0': 0.001085575554366867, 'alpha_1': 5.0516547122301324e-05, 'alpha_2': 0.00011414972140673817, 'beta_0': 0.12710445000106424, 'beta_1': 1.382641432437117, 'beta_2': 0.2615222908546551, 'beta_3': 0.003836830845900555, 'beta_4': 0.6120698521558027, 'beta_5': 1014.8478412653691, 'beta_6': 0.06708935180685838, 'beta_7': 0.030556180626511963, 'beta_8': 4.1008017179539656e-05, 'beta_9': 4.3456610759956144e-07}. Best is trial 130 with value: 2499.9824319690442.
