[I 2026-03-31 15:39:52,739] Trial 330 finished with value: 3558.152141719052 and parameters: {'alpha_0': 0.000503738785215625, 'alpha_1': 0.0002799707013777978, 'alpha_2': 0.00012042968617712366, 'beta_0': 0.21282373249534364, 'beta_1': 1.129612104437399, 'beta_2': 0.29774597828353216, 'beta_3': 0.00043501835909684917, 'beta_4': 0.5003527397906274, 'beta_5': 516.288520903306, 'beta_6': 0.1350699204095026, 'beta_7': 0.029846423703397948, 'beta_8': 4.1028818937027953e-05, 'beta_9': 1.3945451471762692e-07}. Best is trial 277 with value: 2419.109288143763.Best trial: 277. Best value: 2419.11:  33%|███▎      | 330/1000 [09:46<15:45,  1.41s/it]Best trial: 277. Best value: 2419.11:  33%|███▎      | 330/1000 [09:46<15:45,  1.41s/it]Best trial: 277. Best value: 2419.11:  33%|███▎      | 331/1000 [09:46<16:15,  1.46s/it]                                                                                        Best trial: 277. Best value: 2419.11:  33%|███▎      | 331/1000 [09:47<16:15,  1.46s/it]Best trial: 277. Best value: 2419.11:  33%|███▎      | 331/1000 [09:47<16:15,  1.46s/it]Best trial: 277. Best value: 2419.11:  33%|███▎      | 332/1000 [09:47<15:42,  1.41s/it]                                                                                        Best trial: 277. Best value: 2419.11:  33%|███▎      | 332/1000 [09:49<15:42,  1.41s/it]Best trial: 277. Best value: 2419.11:  33%|███▎      | 332/1000 [09:49<15:42,  1.41s/it]Best trial: 277. Best value: 2419.11:  33%|███▎      | 333/1000 [09:49<15:24,  1.39s/it]                                                                                        Best trial: 277. Best value: 2419.11:  33%|███▎      | 333/1000 [09:50<15:24,  1.39s/it]Best trial: 277. Best value: 2419.11:  33%|███▎      | 333/1000 [09:50<15:24,  1.39s/it]Best trial: 277. Best value: 2419.11:  33%|███▎      | 334/1000 [09:50<15:24,  1.39s/it]                                                                                        Best trial: 277. Best value: 2419.11:  33%|███▎      | 334/1000 [09:51<15:24,  1.39s/it]Best trial: 277. Best value: 2419.11:  33%|███▎      | 334/1000 [09:51<15:24,  1.39s/it]Best trial: 277. Best value: 2419.11:  34%|███▎      | 335/1000 [09:51<15:08,  1.37s/it]                                                                                        Best trial: 277. Best value: 2419.11:  34%|███▎      | 335/1000 [09:53<15:08,  1.37s/it]Best trial: 277. Best value: 2419.11:  34%|███▎      | 335/1000 [09:53<15:08,  1.37s/it]Best trial: 277. Best value: 2419.11:  34%|███▎      | 336/1000 [09:53<15:10,  1.37s/it]                                                                                        Best trial: 277. Best value: 2419.11:  34%|███▎      | 336/1000 [09:54<15:10,  1.37s/it]Best trial: 277. Best value: 2419.11:  34%|███▎      | 336/1000 [09:54<15:10,  1.37s/it]Best trial: 277. Best value: 2419.11:  34%|███▎      | 337/1000 [09:54<15:15,  1.38s/it]                                                                                        Best trial: 277. Best value: 2419.11:  34%|███▎      | 337/1000 [09:56<15:15,  1.38s/it]Best trial: 277. Best value: 2419.11:  34%|███▎      | 337/1000 [09:56<15:15,  1.38s/it]Best trial: 277. Best value: 2419.11:  34%|███▍      | 338/1000 [09:56<15:14,  1.38s/it]                                                                                        Best trial: 277. Best value: 2419.11:  34%|███▍      | 338/1000 [10:05<15:14,  1.38s/it]Best trial: 277. Best value: 2419.11:  34%|███▍      | 338/1000 [10:05<15:14,  1.38s/it]Best trial: 277. Best value: 2419.11:  34%|███▍      | 339/1000 [10:05<42:16,  3.84s/it]                                                                                        Best trial: 277. Best value: 2419.11:  34%|███▍      | 339/1000 [10:07<42:16,  3.84s/it]Best trial: 277. Best value: 2419.11:  34%|███▍      | 339/1000 [10:07<42:16,  3.84s/it]Best trial: 277. Best value: 2419.11:  34%|███▍      | 340/1000 [10:07<34:02,  3.09s/it]                                                                                        Best trial: 277. Best value: 2419.11:  34%|███▍      | 340/1000 [10:08<34:02,  3.09s/it]Best trial: 277. Best value: 2419.11:  34%|███▍      | 340/1000 [10:08<34:02,  3.09s/it]Best trial: 277. Best value: 2419.11:  34%|███▍      | 341/1000 [10:08<28:14,  2.57s/it]                                                                                        Best trial: 277. Best value: 2419.11:  34%|███▍      | 341/1000 [10:09<28:14,  2.57s/it]Best trial: 277. Best value: 2419.11:  34%|███▍      | 341/1000 [10:09<28:14,  2.57s/it]Best trial: 277. Best value: 2419.11:  34%|███▍      | 342/1000 [10:09<24:51,  2.27s/it]                                                                                        Best trial: 277. Best value: 2419.11:  34%|███▍      | 342/1000 [10:11<24:51,  2.27s/it]Best trial: 277. Best value: 2419.11:  34%|███▍      | 342/1000 [10:11<24:51,  2.27s/it]Best trial: 277. Best value: 2419.11:  34%|███▍      | 343/1000 [10:11<21:43,  1.98s/it]                                                                                        Best trial: 277. Best value: 2419.11:  34%|███▍      | 343/1000 [10:12<21:43,  1.98s/it]Best trial: 277. Best value: 2419.11:  34%|███▍      | 343/1000 [10:12<21:43,  1.98s/it]Best trial: 277. Best value: 2419.11:  34%|███▍      | 344/1000 [10:12<19:43,  1.80s/it]                                                                                        Best trial: 277. Best value: 2419.11:  34%|███▍      | 344/1000 [10:14<19:43,  1.80s/it]Best trial: 277. Best value: 2419.11:  34%|███▍      | 344/1000 [10:14<19:43,  1.80s/it]Best trial: 277. Best value: 2419.11:  34%|███▍      | 345/1000 [10:14<18:13,  1.67s/it]                                                                                        
[I 2026-03-31 15:39:54,037] Trial 331 finished with value: 2724.0810273218735 and parameters: {'alpha_0': 0.001029028320894261, 'alpha_1': 7.250795147866414e-05, 'alpha_2': 0.00011508664238146038, 'beta_0': 0.15547311909391673, 'beta_1': 1.1096213953727294, 'beta_2': 0.3413845901224972, 'beta_3': 0.003079656203989362, 'beta_4': 0.532113058447476, 'beta_5': 624.3159515189233, 'beta_6': 0.012935907167651892, 'beta_7': 0.030505167678955357, 'beta_8': 2.4830808191101297e-05, 'beta_9': 2.8882296053611786e-07}. Best is trial 277 with value: 2419.109288143763.
[I 2026-03-31 15:39:55,366] Trial 332 finished with value: 2648.8014790286493 and parameters: {'alpha_0': 0.0007888559612889093, 'alpha_1': 6.21994420942184e-05, 'alpha_2': 0.00010450677244233505, 'beta_0': 0.17150993571857415, 'beta_1': 1.1341189072940117, 'beta_2': 0.32057768283269, 'beta_3': 0.0032748718083883714, 'beta_4': 0.5147167346621032, 'beta_5': 456.5959313983975, 'beta_6': 0.016951789825502248, 'beta_7': 0.03198616878333821, 'beta_8': 9.383538775603237e-05, 'beta_9': 1.690445776973773e-07}. Best is trial 277 with value: 2419.109288143763.
[I 2026-03-31 15:39:56,754] Trial 333 finished with value: 2453.4341104394325 and parameters: {'alpha_0': 0.0006970187558431927, 'alpha_1': 5.454704281503885e-05, 'alpha_2': 0.00012453146107424572, 'beta_0': 0.1638573786497351, 'beta_1': 1.2187542517677916, 'beta_2': 0.2734856446934578, 'beta_3': 0.00284807101069079, 'beta_4': 0.48616258351908337, 'beta_5': 1402.3001208376786, 'beta_6': 0.020369932109151473, 'beta_7': 0.028622114018126695, 'beta_8': 8.736064973388395e-05, 'beta_9': 1.0074259519934238e-07}. Best is trial 277 with value: 2419.109288143763.
[I 2026-03-31 15:39:58,075] Trial 334 finished with value: 2761.5442693934465 and parameters: {'alpha_0': 0.004703671012079227, 'alpha_1': 5.7069579037888925e-05, 'alpha_2': 0.0001303287082208702, 'beta_0': 0.15865934445246976, 'beta_1': 1.1932372089509293, 'beta_2': 0.267133004306099, 'beta_3': 0.002790713215809215, 'beta_4': 0.4901350743917902, 'beta_5': 1532.0605307245428, 'beta_6': 0.05616434948874414, 'beta_7': 0.02932911813996742, 'beta_8': 8.774146657603593e-05, 'beta_9': 1.0370551135158153e-07}. Best is trial 277 with value: 2419.109288143763.
[I 2026-03-31 15:39:59,455] Trial 335 finished with value: 2521.2514531853976 and parameters: {'alpha_0': 0.000616979077114903, 'alpha_1': 6.899324752429924e-05, 'alpha_2': 0.00013551902689201616, 'beta_0': 0.16393328730252557, 'beta_1': 1.116380209545698, 'beta_2': 0.2727309903935317, 'beta_3': 0.002710483989167472, 'beta_4': 0.45961634345634517, 'beta_5': 1645.8184465921947, 'beta_6': 0.02009535453492739, 'beta_7': 0.02880135171033423, 'beta_8': 8.683495755527857e-05, 'beta_9': 1.0189893337655785e-07}. Best is trial 277 with value: 2419.109288143763.
[I 2026-03-31 15:40:00,860] Trial 336 finished with value: 2582.655937570095 and parameters: {'alpha_0': 0.0005788850768516179, 'alpha_1': 7.447143687202967e-05, 'alpha_2': 0.00014141210076080345, 'beta_0': 0.15259912899252995, 'beta_1': 1.1185775248065213, 'beta_2': 0.28595013528586094, 'beta_3': 0.0026806385065427304, 'beta_4': 0.45918136698064843, 'beta_5': 1665.0050791783724, 'beta_6': 0.025066981679784318, 'beta_7': 0.028837824937261423, 'beta_8': 8.714512218329256e-05, 'beta_9': 1.3129574910233688e-07}. Best is trial 277 with value: 2419.109288143763.
[I 2026-03-31 15:40:02,241] Trial 337 finished with value: 2959.7772552785136 and parameters: {'alpha_0': 0.0006478587014695545, 'alpha_1': 7.026916457250478e-05, 'alpha_2': 0.00013724846397528907, 'beta_0': 0.1619269680875404, 'beta_1': 1.2188906173736367, 'beta_2': 0.2755091440763215, 'beta_3': 0.0022898893428485952, 'beta_4': 0.47057757912648196, 'beta_5': 1647.4730584476386, 'beta_6': 0.027382557139530556, 'beta_7': 0.028357477667869113, 'beta_8': 9.08043881621077e-05, 'beta_9': 7.819945366722479e-07}. Best is trial 277 with value: 2419.109288143763.
[I 2026-03-31 15:40:11,810] Trial 338 finished with value: 8264.087196860655 and parameters: {'alpha_0': 0.0007421297471855981, 'alpha_1': 7.728088263923234e-05, 'alpha_2': 0.00013537790751797556, 'beta_0': 0.20112425358361657, 'beta_1': 1.2030650041662774, 'beta_2': 0.2973519344659577, 'beta_3': 0.0035641056873850006, 'beta_4': 0.4543745181937476, 'beta_5': 1604.297506101908, 'beta_6': 0.02017615889390053, 'beta_7': 0.01613167647448618, 'beta_8': 8.72754557794851e-05, 'beta_9': 1.0509511493046142e-07}. Best is trial 277 with value: 2419.109288143763.
[I 2026-03-31 15:40:13,172] Trial 339 finished with value: 2591.501424495881 and parameters: {'alpha_0': 0.0008618772290219993, 'alpha_1': 6.217079730642934e-05, 'alpha_2': 0.00014395273173033727, 'beta_0': 0.15744955710030614, 'beta_1': 1.1022919431842768, 'beta_2': 0.28748917481613556, 'beta_3': 0.0027251531107043785, 'beta_4': 0.47658774271658044, 'beta_5': 1415.6406958350922, 'beta_6': 0.02014423394539403, 'beta_7': 0.029541381312311765, 'beta_8': 8.922435907188031e-05, 'beta_9': 1.0166942200889855e-07}. Best is trial 277 with value: 2419.109288143763.
[I 2026-03-31 15:40:14,523] Trial 340 finished with value: 2663.88833338614 and parameters: {'alpha_0': 0.0006456552520189043, 'alpha_1': 5.5353275619034496e-05, 'alpha_2': 0.00012774707353178631, 'beta_0': 0.1641767358437701, 'beta_1': 1.1194092596597458, 'beta_2': 0.3055663816108615, 'beta_3': 0.0033564516326047684, 'beta_4': 0.4644694221480338, 'beta_5': 960.8688939947818, 'beta_6': 0.021843940746286074, 'beta_7': 0.02874449667426216, 'beta_8': 3.2689212855246014e-05, 'beta_9': 1.584941661358541e-07}. Best is trial 277 with value: 2419.109288143763.
[I 2026-03-31 15:40:16,077] Trial 341 finished with value: 2901.5829063972487 and parameters: {'alpha_0': 0.004891473203532541, 'alpha_1': 6.757976212231926e-05, 'alpha_2': 0.00013462358591107552, 'beta_0': 0.16931243869086582, 'beta_1': 1.1439646613064354, 'beta_2': 0.2726926700096045, 'beta_3': 0.0021249744003772335, 'beta_4': 0.47607699718012286, 'beta_5': 1749.4987592049686, 'beta_6': 0.025214460158348544, 'beta_7': 0.027969094884102944, 'beta_8': 4.283913745231877e-05, 'beta_9': 2.067158227687478e-07}. Best is trial 277 with value: 2419.109288143763.
[I 2026-03-31 15:40:17,398] Trial 342 finished with value: 2420.9876781601733 and parameters: {'alpha_0': 0.0008149768393604294, 'alpha_1': 6.083281186231414e-05, 'alpha_2': 0.00013143208492168046, 'beta_0': 0.17654982754334422, 'beta_1': 1.130105913514564, 'beta_2': 0.27315123575941347, 'beta_3': 0.003524194849077479, 'beta_4': 0.449966304646507, 'beta_5': 1566.8742630119677, 'beta_6': 0.017963476083946696, 'beta_7': 0.029872797686904224, 'beta_8': 9.07529431215436e-05, 'beta_9': 1.4033833683106542e-07}. Best is trial 277 with value: 2419.109288143763.
[I 2026-03-31 15:40:18,787] Trial 343 finished with value: 2616.812732258976 and parameters: {'alpha_0': 0.0009652432946288137, 'alpha_1': 5.839129296459117e-05, 'alpha_2': 0.0001320391022247365, 'beta_0': 0.18840680602663767, 'beta_1': 1.1277429851767118, 'beta_2': 0.2775881152702973, 'beta_3': 0.003647128547381937, 'beta_4': 0.4421771445047534, 'beta_5': 1573.4697458132518, 'beta_6': 0.02297164280148984, 'beta_7': 0.029340824694859716, 'beta_8': 3.707298876258655e-05, 'beta_9': 1.0068370278006372e-07}. Best is trial 277 with value: 2419.109288143763.
[I 2026-03-31 15:40:20,141] Trial 344 finished with value: 3278.185421465739 and parameters: {'alpha_0': 0.0008200561868159014, 'alpha_1': 5.520352828676736e-05, 'alpha_2': 0.00013994224529392417, 'beta_0': 0.17859443813429107, 'beta_1': 1.1077476203894048, 'beta_2': 0.26170238430271076, 'beta_3': 0.003488440185972634, 'beta_4': 0.46034289242071774, 'beta_5': 1711.3162093935068, 'beta_6': 0.018555669596261454, 'beta_7': 0.028465429397102487, 'beta_8': 9.151795586676057e-05, 'beta_9': 1.1583153808934786e-06}. Best is trial 277 with value: 2419.109288143763.
[I 2026-03-31 15:40:21,449] Trial 345 finished with value: 2620.1163812006153 and parameters: {'alpha_0': 0.0007314651480557206, 'alpha_1': 6.266548562940663e-05, 'alpha_2': 0.00012987008557695427, 'beta_0': 0.17706637702280384, 'beta_1': 1.2124137077850852, 'beta_2': 0.2703223525534082, 'beta_3': 0.0037816735877933484, 'beta_4': 0.4261695474817506, 'beta_5': 1609.0545328665385, 'beta_6': 0.02136427066979095, 'beta_7': 0.02978417617730273, 'beta_8': 2.7412493075362625e-05, 'beta_9': 1.5141532574317056e-07}. Best is trial 277 with value: 2419.109288143763.Best trial: 277. Best value: 2419.11:  34%|███▍      | 345/1000 [10:15<18:13,  1.67s/it]Best trial: 277. Best value: 2419.11:  34%|███▍      | 345/1000 [10:15<18:13,  1.67s/it]Best trial: 277. Best value: 2419.11:  35%|███▍      | 346/1000 [10:15<17:01,  1.56s/it]                                                                                        Best trial: 277. Best value: 2419.11:  35%|███▍      | 346/1000 [10:16<17:01,  1.56s/it]Best trial: 277. Best value: 2419.11:  35%|███▍      | 346/1000 [10:16<17:01,  1.56s/it]Best trial: 277. Best value: 2419.11:  35%|███▍      | 347/1000 [10:16<16:55,  1.55s/it]                                                                                        Best trial: 277. Best value: 2419.11:  35%|███▍      | 347/1000 [10:18<16:55,  1.55s/it]Best trial: 277. Best value: 2419.11:  35%|███▍      | 347/1000 [10:18<16:55,  1.55s/it]Best trial: 277. Best value: 2419.11:  35%|███▍      | 348/1000 [10:18<16:21,  1.51s/it]                                                                                        Best trial: 277. Best value: 2419.11:  35%|███▍      | 348/1000 [10:19<16:21,  1.51s/it]Best trial: 277. Best value: 2419.11:  35%|███▍      | 348/1000 [10:19<16:21,  1.51s/it]Best trial: 277. Best value: 2419.11:  35%|███▍      | 349/1000 [10:19<15:56,  1.47s/it]                                                                                        Best trial: 277. Best value: 2419.11:  35%|███▍      | 349/1000 [10:20<15:56,  1.47s/it]Best trial: 277. Best value: 2419.11:  35%|███▍      | 349/1000 [10:20<15:56,  1.47s/it]Best trial: 277. Best value: 2419.11:  35%|███▌      | 350/1000 [10:20<15:16,  1.41s/it]                                                                                        Best trial: 277. Best value: 2419.11:  35%|███▌      | 350/1000 [10:22<15:16,  1.41s/it]Best trial: 277. Best value: 2419.11:  35%|███▌      | 350/1000 [10:22<15:16,  1.41s/it]Best trial: 277. Best value: 2419.11:  35%|███▌      | 351/1000 [10:22<15:01,  1.39s/it]                                                                                        Best trial: 277. Best value: 2419.11:  35%|███▌      | 351/1000 [10:23<15:01,  1.39s/it]Best trial: 277. Best value: 2419.11:  35%|███▌      | 351/1000 [10:23<15:01,  1.39s/it]Best trial: 277. Best value: 2419.11:  35%|███▌      | 352/1000 [10:23<14:42,  1.36s/it]                                                                                        Best trial: 277. Best value: 2419.11:  35%|███▌      | 352/1000 [10:24<14:42,  1.36s/it]Best trial: 277. Best value: 2419.11:  35%|███▌      | 352/1000 [10:24<14:42,  1.36s/it]Best trial: 277. Best value: 2419.11:  35%|███▌      | 353/1000 [10:24<14:43,  1.37s/it]                                                                                        Best trial: 277. Best value: 2419.11:  35%|███▌      | 353/1000 [10:26<14:43,  1.37s/it]Best trial: 277. Best value: 2419.11:  35%|███▌      | 353/1000 [10:26<14:43,  1.37s/it]Best trial: 277. Best value: 2419.11:  35%|███▌      | 354/1000 [10:26<14:34,  1.35s/it]                                                                                        Best trial: 277. Best value: 2419.11:  35%|███▌      | 354/1000 [10:27<14:34,  1.35s/it]Best trial: 277. Best value: 2419.11:  35%|███▌      | 354/1000 [10:27<14:34,  1.35s/it]Best trial: 277. Best value: 2419.11:  36%|███▌      | 355/1000 [10:27<14:29,  1.35s/it]                                                                                        Best trial: 277. Best value: 2419.11:  36%|███▌      | 355/1000 [10:28<14:29,  1.35s/it]Best trial: 277. Best value: 2419.11:  36%|███▌      | 355/1000 [10:28<14:29,  1.35s/it]Best trial: 277. Best value: 2419.11:  36%|███▌      | 356/1000 [10:28<14:23,  1.34s/it]                                                                                        Best trial: 277. Best value: 2419.11:  36%|███▌      | 356/1000 [10:30<14:23,  1.34s/it]Best trial: 277. Best value: 2419.11:  36%|███▌      | 356/1000 [10:30<14:23,  1.34s/it]Best trial: 277. Best value: 2419.11:  36%|███▌      | 357/1000 [10:30<14:16,  1.33s/it]                                                                                        Best trial: 277. Best value: 2419.11:  36%|███▌      | 357/1000 [10:32<14:16,  1.33s/it]Best trial: 277. Best value: 2419.11:  36%|███▌      | 357/1000 [10:32<14:16,  1.33s/it]Best trial: 277. Best value: 2419.11:  36%|███▌      | 358/1000 [10:32<17:20,  1.62s/it]                                                                                        Best trial: 277. Best value: 2419.11:  36%|███▌      | 358/1000 [10:33<17:20,  1.62s/it]Best trial: 277. Best value: 2419.11:  36%|███▌      | 358/1000 [10:33<17:20,  1.62s/it]Best trial: 277. Best value: 2419.11:  36%|███▌      | 359/1000 [10:33<16:30,  1.54s/it]                                                                                        Best trial: 277. Best value: 2419.11:  36%|███▌      | 359/1000 [10:35<16:30,  1.54s/it]Best trial: 277. Best value: 2419.11:  36%|███▌      | 359/1000 [10:35<16:30,  1.54s/it]Best trial: 277. Best value: 2419.11:  36%|███▌      | 360/1000 [10:35<15:33,  1.46s/it]                                                                                        
[I 2026-03-31 15:40:22,988] Trial 346 finished with value: 2878.2981596198306 and parameters: {'alpha_0': 0.0009144138306024299, 'alpha_1': 5.4048525113666886e-05, 'alpha_2': 5.396432822737949e-05, 'beta_0': 0.1821642538611505, 'beta_1': 1.124968668229707, 'beta_2': 0.24435322591551706, 'beta_3': 0.003538839496557373, 'beta_4': 0.4474886822132041, 'beta_5': 1458.7177682139607, 'beta_6': 0.017698226740787647, 'beta_7': 0.026760984241486197, 'beta_8': 8.960751302927793e-05, 'beta_9': 1.4703492258944875e-07}. Best is trial 277 with value: 2419.109288143763.
[I 2026-03-31 15:40:24,381] Trial 347 finished with value: 2825.5245972403113 and parameters: {'alpha_0': 0.0005801244275301113, 'alpha_1': 5.98934447476067e-05, 'alpha_2': 0.00014693183195095685, 'beta_0': 0.174060980125177, 'beta_1': 1.1174177850503433, 'beta_2': 0.2869748904654786, 'beta_3': 0.003441380154909588, 'beta_4': 0.44329550408956564, 'beta_5': 1647.9592225129602, 'beta_6': 0.14089219976193748, 'beta_7': 0.027555618465404687, 'beta_8': 1.792859372978442e-05, 'beta_9': 1.0058100268451692e-07}. Best is trial 277 with value: 2419.109288143763.
[I 2026-03-31 15:40:25,763] Trial 348 finished with value: 2842.8320933040645 and parameters: {'alpha_0': 0.0008216411086767581, 'alpha_1': 5.010827544478263e-05, 'alpha_2': 0.00012567714331504363, 'beta_0': 0.16180965002294476, 'beta_1': 1.2355837222244261, 'beta_2': 0.2977106694333333, 'beta_3': 0.003660660126887916, 'beta_4': 0.8838832121353687, 'beta_5': 1592.9664770185939, 'beta_6': 0.10663729170470851, 'beta_7': 0.028956370251500663, 'beta_8': 9.036094507255003e-05, 'beta_9': 2.545462887485706e-07}. Best is trial 277 with value: 2419.109288143763.
[I 2026-03-31 15:40:27,037] Trial 349 finished with value: 2574.647738072503 and parameters: {'alpha_0': 0.0006992721805090527, 'alpha_1': 6.46916823471726e-05, 'alpha_2': 0.00013736904679571515, 'beta_0': 0.17334608596126252, 'beta_1': 1.2447063485543484, 'beta_2': 0.31141542006205297, 'beta_3': 0.0032964028897938336, 'beta_4': 0.4813116673768035, 'beta_5': 1514.6196267000153, 'beta_6': 0.01696612543165202, 'beta_7': 0.029828519220412443, 'beta_8': 9.264211991689686e-05, 'beta_9': 1.943482860758921e-07}. Best is trial 277 with value: 2419.109288143763.
