[I 2026-03-31 15:38:43,460] Trial 285 finished with value: 2771.871561578242 and parameters: {'alpha_0': 0.0010057061325928515, 'alpha_1': 7.161571282186106e-05, 'alpha_2': 0.00011938032938378912, 'beta_0': 0.17110332190006222, 'beta_1': 1.119963007915966, 'beta_2': 0.33464978653648686, 'beta_3': 0.0036159008788601045, 'beta_4': 0.5789018625053225, 'beta_5': 1672.7695671518677, 'beta_6': 0.018013865906993422, 'beta_7': 0.03051265694160448, 'beta_8': 1.5023434514112606e-05, 'beta_9': 1.5803128267666372e-07}. Best is trial 277 with value: 2419.109288143763.Best trial: 277. Best value: 2419.11:  28%|██▊       | 285/1000 [08:37<16:00,  1.34s/it]Best trial: 277. Best value: 2419.11:  28%|██▊       | 285/1000 [08:37<16:00,  1.34s/it]Best trial: 277. Best value: 2419.11:  29%|██▊       | 286/1000 [08:37<16:29,  1.39s/it]                                                                                        Best trial: 277. Best value: 2419.11:  29%|██▊       | 286/1000 [08:38<16:29,  1.39s/it]Best trial: 277. Best value: 2419.11:  29%|██▊       | 286/1000 [08:38<16:29,  1.39s/it]Best trial: 277. Best value: 2419.11:  29%|██▊       | 287/1000 [08:38<16:12,  1.36s/it]                                                                                        Best trial: 277. Best value: 2419.11:  29%|██▊       | 287/1000 [08:40<16:12,  1.36s/it]Best trial: 277. Best value: 2419.11:  29%|██▊       | 287/1000 [08:40<16:12,  1.36s/it]Best trial: 277. Best value: 2419.11:  29%|██▉       | 288/1000 [08:40<16:34,  1.40s/it]                                                                                        Best trial: 277. Best value: 2419.11:  29%|██▉       | 288/1000 [08:41<16:34,  1.40s/it]Best trial: 277. Best value: 2419.11:  29%|██▉       | 288/1000 [08:41<16:34,  1.40s/it]Best trial: 277. Best value: 2419.11:  29%|██▉       | 289/1000 [08:41<16:21,  1.38s/it]                                                                                        Best trial: 277. Best value: 2419.11:  29%|██▉       | 289/1000 [08:42<16:21,  1.38s/it]Best trial: 277. Best value: 2419.11:  29%|██▉       | 289/1000 [08:42<16:21,  1.38s/it]Best trial: 277. Best value: 2419.11:  29%|██▉       | 290/1000 [08:42<16:10,  1.37s/it]                                                                                        Best trial: 277. Best value: 2419.11:  29%|██▉       | 290/1000 [08:44<16:10,  1.37s/it]Best trial: 277. Best value: 2419.11:  29%|██▉       | 290/1000 [08:44<16:10,  1.37s/it]Best trial: 277. Best value: 2419.11:  29%|██▉       | 291/1000 [08:44<16:12,  1.37s/it]                                                                                        Best trial: 277. Best value: 2419.11:  29%|██▉       | 291/1000 [08:45<16:12,  1.37s/it]Best trial: 277. Best value: 2419.11:  29%|██▉       | 291/1000 [08:45<16:12,  1.37s/it]Best trial: 277. Best value: 2419.11:  29%|██▉       | 292/1000 [08:45<16:08,  1.37s/it]                                                                                        Best trial: 277. Best value: 2419.11:  29%|██▉       | 292/1000 [08:46<16:08,  1.37s/it]Best trial: 277. Best value: 2419.11:  29%|██▉       | 292/1000 [08:46<16:08,  1.37s/it]Best trial: 277. Best value: 2419.11:  29%|██▉       | 293/1000 [08:46<16:00,  1.36s/it]                                                                                        Best trial: 277. Best value: 2419.11:  29%|██▉       | 293/1000 [08:48<16:00,  1.36s/it]Best trial: 277. Best value: 2419.11:  29%|██▉       | 293/1000 [08:48<16:00,  1.36s/it]Best trial: 277. Best value: 2419.11:  29%|██▉       | 294/1000 [08:48<15:51,  1.35s/it]                                                                                        Best trial: 277. Best value: 2419.11:  29%|██▉       | 294/1000 [08:49<15:51,  1.35s/it]Best trial: 277. Best value: 2419.11:  29%|██▉       | 294/1000 [08:49<15:51,  1.35s/it]Best trial: 277. Best value: 2419.11:  30%|██▉       | 295/1000 [08:49<15:50,  1.35s/it]                                                                                        Best trial: 277. Best value: 2419.11:  30%|██▉       | 295/1000 [08:50<15:50,  1.35s/it]Best trial: 277. Best value: 2419.11:  30%|██▉       | 295/1000 [08:50<15:50,  1.35s/it]Best trial: 277. Best value: 2419.11:  30%|██▉       | 296/1000 [08:50<15:48,  1.35s/it]                                                                                        Best trial: 277. Best value: 2419.11:  30%|██▉       | 296/1000 [08:52<15:48,  1.35s/it]Best trial: 277. Best value: 2419.11:  30%|██▉       | 296/1000 [08:52<15:48,  1.35s/it]Best trial: 277. Best value: 2419.11:  30%|██▉       | 297/1000 [08:52<15:37,  1.33s/it]                                                                                        Best trial: 277. Best value: 2419.11:  30%|██▉       | 297/1000 [08:53<15:37,  1.33s/it]Best trial: 277. Best value: 2419.11:  30%|██▉       | 297/1000 [08:53<15:37,  1.33s/it]Best trial: 277. Best value: 2419.11:  30%|██▉       | 298/1000 [08:53<15:32,  1.33s/it]                                                                                        Best trial: 277. Best value: 2419.11:  30%|██▉       | 298/1000 [08:54<15:32,  1.33s/it]Best trial: 277. Best value: 2419.11:  30%|██▉       | 298/1000 [08:54<15:32,  1.33s/it]Best trial: 277. Best value: 2419.11:  30%|██▉       | 299/1000 [08:54<15:24,  1.32s/it]                                                                                        Best trial: 277. Best value: 2419.11:  30%|██▉       | 299/1000 [08:56<15:24,  1.32s/it]Best trial: 277. Best value: 2419.11:  30%|██▉       | 299/1000 [08:56<15:24,  1.32s/it]Best trial: 277. Best value: 2419.11:  30%|███       | 300/1000 [08:56<15:21,  1.32s/it]                                                                                        
[I 2026-03-31 15:38:44,779] Trial 286 finished with value: 2703.552650582087 and parameters: {'alpha_0': 0.0008490623671948254, 'alpha_1': 6.265234390993361e-05, 'alpha_2': 0.00011566232200245841, 'beta_0': 0.1660400229279521, 'beta_1': 1.110453374156426, 'beta_2': 0.1797451055422607, 'beta_3': 0.003479289751455775, 'beta_4': 0.5955898523158738, 'beta_5': 1671.6221723284727, 'beta_6': 0.07838592748388606, 'beta_7': 0.029761589062274805, 'beta_8': 9.097000838593788e-05, 'beta_9': 2.667012494454636e-07}. Best is trial 277 with value: 2419.109288143763.
[I 2026-03-31 15:38:46,251] Trial 287 finished with value: 4125.894942601728 and parameters: {'alpha_0': 0.0008100483632282117, 'alpha_1': 6.73381420405517e-05, 'alpha_2': 0.00011020285935535222, 'beta_0': 0.16704255181379665, 'beta_1': 1.2603619641223405, 'beta_2': 0.3120342300453016, 'beta_3': 0.0012346876640264683, 'beta_4': 0.5680220467208429, 'beta_5': 1543.8548022589764, 'beta_6': 0.10223092510909979, 'beta_7': 0.02995184190140028, 'beta_8': 8.795352548064102e-05, 'beta_9': 1.7548401273710098e-06}. Best is trial 277 with value: 2419.109288143763.
[I 2026-03-31 15:38:47,593] Trial 288 finished with value: 2724.28150032253 and parameters: {'alpha_0': 0.0009133716153157655, 'alpha_1': 5.869782609483499e-05, 'alpha_2': 0.00012990027682502377, 'beta_0': 0.21653666513421485, 'beta_1': 1.1340582887826185, 'beta_2': 0.38640435617686836, 'beta_3': 0.003237287126736716, 'beta_4': 0.5602410913032626, 'beta_5': 731.7101721098948, 'beta_6': 0.014707552730650305, 'beta_7': 0.030685007373652564, 'beta_8': 8.46991105060348e-05, 'beta_9': 1.953499549082423e-07}. Best is trial 277 with value: 2419.109288143763.
[I 2026-03-31 15:38:48,929] Trial 289 finished with value: 3430.147060886163 and parameters: {'alpha_0': 0.003915596768204487, 'alpha_1': 7.2652247320409e-05, 'alpha_2': 0.00011890820808029642, 'beta_0': 0.17086986816138328, 'beta_1': 1.1395977459391975, 'beta_2': 0.29468481380572753, 'beta_3': 0.0034861149315115877, 'beta_4': 0.5798768840834425, 'beta_5': 1991.164973898826, 'beta_6': 0.02236397995303964, 'beta_7': 0.029412582894288455, 'beta_8': 8.95537662428195e-05, 'beta_9': 1.2153255096658244e-06}. Best is trial 277 with value: 2419.109288143763.
[I 2026-03-31 15:38:50,309] Trial 290 finished with value: 3027.1426921911616 and parameters: {'alpha_0': 0.0010555275578315692, 'alpha_1': 0.00024470217824783963, 'alpha_2': 5.197182479872275e-05, 'beta_0': 0.18293894096953478, 'beta_1': 1.2772421743656954, 'beta_2': 0.3671440310119828, 'beta_3': 0.0034095094012461078, 'beta_4': 0.4484163679299563, 'beta_5': 1789.1278364335885, 'beta_6': 0.06248172133644345, 'beta_7': 0.03208882335935742, 'beta_8': 9.203441000297227e-05, 'beta_9': 1.6254489464637332e-07}. Best is trial 277 with value: 2419.109288143763.
[I 2026-03-31 15:38:51,671] Trial 291 finished with value: 3135.1510981332312 and parameters: {'alpha_0': 0.0008632135963647696, 'alpha_1': 6.132690014096959e-05, 'alpha_2': 4.0311468220274795e-05, 'beta_0': 0.16498703941868356, 'beta_1': 1.1042797919888618, 'beta_2': 0.3457636309983088, 'beta_3': 0.0032971288839932817, 'beta_4': 0.45945651236545176, 'beta_5': 1774.4564111016678, 'beta_6': 0.015989876245255687, 'beta_7': 0.031247464431094676, 'beta_8': 3.3699546055523325e-05, 'beta_9': 1.0018327007964404e-06}. Best is trial 277 with value: 2419.109288143763.
[I 2026-03-31 15:38:53,007] Trial 292 finished with value: 2620.6050936550937 and parameters: {'alpha_0': 0.0006460405293854412, 'alpha_1': 6.545636617106117e-05, 'alpha_2': 0.00010859641172108075, 'beta_0': 0.17547616115604506, 'beta_1': 1.2505988047483725, 'beta_2': 0.33220180606618954, 'beta_3': 0.003201462360974449, 'beta_4': 0.49339352269205755, 'beta_5': 1715.127096333292, 'beta_6': 0.013403171430104926, 'beta_7': 0.0291088178144985, 'beta_8': 8.587128973290317e-05, 'beta_9': 1.4019942675428001e-07}. Best is trial 277 with value: 2419.109288143763.
[I 2026-03-31 15:38:54,328] Trial 293 finished with value: 2462.6166783561675 and parameters: {'alpha_0': 0.0007474015778596338, 'alpha_1': 5.005080473896563e-05, 'alpha_2': 6.85569281096734e-05, 'beta_0': 0.16221698093397033, 'beta_1': 1.1457030622852682, 'beta_2': 0.32206632849044564, 'beta_3': 0.0033659804166938333, 'beta_4': 0.5614312341613122, 'beta_5': 1923.217886016066, 'beta_6': 0.010103393444528559, 'beta_7': 0.030290142893230152, 'beta_8': 2.668979324997721e-05, 'beta_9': 1.0189383856834294e-07}. Best is trial 277 with value: 2419.109288143763.
[I 2026-03-31 15:38:55,678] Trial 294 finished with value: 3146.5665666416244 and parameters: {'alpha_0': 0.0007569930261774967, 'alpha_1': 5.523247161377504e-05, 'alpha_2': 7.261866811012647e-05, 'beta_0': 0.16213694378030785, 'beta_1': 1.1435643678513208, 'beta_2': 0.007927743889499933, 'beta_3': 0.0036200666577106168, 'beta_4': 0.5990284592445101, 'beta_5': 657.6355432106678, 'beta_6': 0.012031654304331778, 'beta_7': 0.03006349061033704, 'beta_8': 1.5870920511830265e-05, 'beta_9': 8.617576553725433e-07}. Best is trial 277 with value: 2419.109288143763.
[I 2026-03-31 15:38:57,020] Trial 295 finished with value: 2649.3311222993298 and parameters: {'alpha_0': 0.0005948969540317682, 'alpha_1': 5.1339713637123514e-05, 'alpha_2': 6.443563255937112e-05, 'beta_0': 0.1609633717766811, 'beta_1': 1.158682584709502, 'beta_2': 0.1941116851674756, 'beta_3': 0.003327683482419067, 'beta_4': 0.5704726808209469, 'beta_5': 606.0986762218147, 'beta_6': 0.010227112269453439, 'beta_7': 0.028825970589785695, 'beta_8': 2.8873961223606136e-05, 'beta_9': 2.0771752117492566e-07}. Best is trial 277 with value: 2419.109288143763.
[I 2026-03-31 15:38:58,324] Trial 296 finished with value: 2509.777258629841 and parameters: {'alpha_0': 0.000831146809565745, 'alpha_1': 5.91893371404922e-05, 'alpha_2': 5.7367658336266315e-05, 'beta_0': 0.1654569886669884, 'beta_1': 1.1462149555361176, 'beta_2': 0.3206767324829142, 'beta_3': 0.003539940095447867, 'beta_4': 0.47998442924470014, 'beta_5': 1960.3067907477023, 'beta_6': 0.014280752504557334, 'beta_7': 0.02950752285844286, 'beta_8': 2.5832125815805842e-05, 'beta_9': 2.36815032896583e-07}. Best is trial 277 with value: 2419.109288143763.
[I 2026-03-31 15:38:59,641] Trial 297 finished with value: 2609.6798995166146 and parameters: {'alpha_0': 0.0012280549403097922, 'alpha_1': 5.715851112826138e-05, 'alpha_2': 6.005445967338862e-05, 'beta_0': 0.16543891514268758, 'beta_1': 1.161076272201211, 'beta_2': 0.3181186144826966, 'beta_3': 0.0034343875182318018, 'beta_4': 0.4822308958488628, 'beta_5': 1918.5767680325737, 'beta_6': 0.014973612097615552, 'beta_7': 0.02850907800055577, 'beta_8': 2.6193190037659113e-05, 'beta_9': 1.043915454880385e-07}. Best is trial 277 with value: 2419.109288143763.
[I 2026-03-31 15:39:00,938] Trial 298 finished with value: 2619.107147313991 and parameters: {'alpha_0': 0.0009813305292591765, 'alpha_1': 0.0001168057223033546, 'alpha_2': 5.560480641502874e-05, 'beta_0': 0.1725981799245722, 'beta_1': 1.1422277164857306, 'beta_2': 0.32947191520298647, 'beta_3': 0.0031960618653011142, 'beta_4': 0.4012687415228693, 'beta_5': 1893.507187097843, 'beta_6': 0.010161701181145885, 'beta_7': 0.029268983788437973, 'beta_8': 3.0226919684143967e-05, 'beta_9': 1.7058449379095468e-07}. Best is trial 277 with value: 2419.109288143763.
[I 2026-03-31 15:39:02,251] Trial 299 finished with value: 2568.6244792496827 and parameters: {'alpha_0': 0.0008849457727963967, 'alpha_1': 5.068867311196069e-05, 'alpha_2': 4.757507671625495e-05, 'beta_0': 0.1512243500014151, 'beta_1': 1.1268227203641223, 'beta_2': 0.31734220897287146, 'beta_3': 0.003168377275557943, 'beta_4': 0.4805677554241616, 'beta_5': 1998.6530679914265, 'beta_6': 0.01727887559792077, 'beta_7': 0.030124102067227463, 'beta_8': 9.06096600920265e-05, 'beta_9': 2.6840750839180914e-07}. Best is trial 277 with value: 2419.109288143763.
[I 2026-03-31 15:39:03,606] Trial 300 finished with value: 2694.842473369936 and parameters: {'alpha_0': 0.000768965156232596, 'alpha_1': 5.904351831477273e-05, 'alpha_2': 4.382009043184953e-05, 'beta_0': 0.16317548884392524, 'beta_1': 1.1502567905793906, 'beta_2': 0.03208640761791953, 'beta_3': 0.0033639923247723003, 'beta_4': 0.4670208214456404, 'beta_5': 1958.6166050315255, 'beta_6': 0.013041957235232571, 'beta_7': 0.03083045227574275, 'beta_8': 2.7999170505132922e-05, 'beta_9': 1.439564829580271e-07}. Best is trial 277 with value: 2419.109288143763.Best trial: 277. Best value: 2419.11:  30%|███       | 300/1000 [08:57<15:21,  1.32s/it]Best trial: 277. Best value: 2419.11:  30%|███       | 300/1000 [08:57<15:21,  1.32s/it]Best trial: 277. Best value: 2419.11:  30%|███       | 301/1000 [08:57<15:28,  1.33s/it]                                                                                        Best trial: 277. Best value: 2419.11:  30%|███       | 301/1000 [08:58<15:28,  1.33s/it]Best trial: 277. Best value: 2419.11:  30%|███       | 301/1000 [08:58<15:28,  1.33s/it]Best trial: 277. Best value: 2419.11:  30%|███       | 302/1000 [08:58<15:44,  1.35s/it]                                                                                        Best trial: 277. Best value: 2419.11:  30%|███       | 302/1000 [09:00<15:44,  1.35s/it]Best trial: 277. Best value: 2419.11:  30%|███       | 302/1000 [09:00<15:44,  1.35s/it]Best trial: 277. Best value: 2419.11:  30%|███       | 303/1000 [09:00<16:20,  1.41s/it]                                                                                        Best trial: 277. Best value: 2419.11:  30%|███       | 303/1000 [09:01<16:20,  1.41s/it]Best trial: 277. Best value: 2419.11:  30%|███       | 303/1000 [09:01<16:20,  1.41s/it]Best trial: 277. Best value: 2419.11:  30%|███       | 304/1000 [09:01<15:49,  1.36s/it]                                                                                        Best trial: 277. Best value: 2419.11:  30%|███       | 304/1000 [09:03<15:49,  1.36s/it]Best trial: 277. Best value: 2419.11:  30%|███       | 304/1000 [09:03<15:49,  1.36s/it]Best trial: 277. Best value: 2419.11:  30%|███       | 305/1000 [09:03<15:48,  1.36s/it]                                                                                        Best trial: 277. Best value: 2419.11:  30%|███       | 305/1000 [09:04<15:48,  1.36s/it]Best trial: 277. Best value: 2419.11:  30%|███       | 305/1000 [09:04<15:48,  1.36s/it]Best trial: 277. Best value: 2419.11:  31%|███       | 306/1000 [09:04<15:44,  1.36s/it]                                                                                        Best trial: 277. Best value: 2419.11:  31%|███       | 306/1000 [09:05<15:44,  1.36s/it]Best trial: 277. Best value: 2419.11:  31%|███       | 306/1000 [09:05<15:44,  1.36s/it]Best trial: 277. Best value: 2419.11:  31%|███       | 307/1000 [09:05<15:33,  1.35s/it]                                                                                        Best trial: 277. Best value: 2419.11:  31%|███       | 307/1000 [09:07<15:33,  1.35s/it]Best trial: 277. Best value: 2419.11:  31%|███       | 307/1000 [09:07<15:33,  1.35s/it]Best trial: 277. Best value: 2419.11:  31%|███       | 308/1000 [09:07<15:32,  1.35s/it]                                                                                        Best trial: 277. Best value: 2419.11:  31%|███       | 308/1000 [09:08<15:32,  1.35s/it]Best trial: 277. Best value: 2419.11:  31%|███       | 308/1000 [09:08<15:32,  1.35s/it]Best trial: 277. Best value: 2419.11:  31%|███       | 309/1000 [09:08<15:32,  1.35s/it]                                                                                        Best trial: 277. Best value: 2419.11:  31%|███       | 309/1000 [09:09<15:32,  1.35s/it]Best trial: 277. Best value: 2419.11:  31%|███       | 309/1000 [09:09<15:32,  1.35s/it]Best trial: 277. Best value: 2419.11:  31%|███       | 310/1000 [09:09<15:20,  1.33s/it]                                                                                        Best trial: 277. Best value: 2419.11:  31%|███       | 310/1000 [09:11<15:20,  1.33s/it]Best trial: 277. Best value: 2419.11:  31%|███       | 310/1000 [09:11<15:20,  1.33s/it]Best trial: 277. Best value: 2419.11:  31%|███       | 311/1000 [09:11<16:09,  1.41s/it]                                                                                        Best trial: 277. Best value: 2419.11:  31%|███       | 311/1000 [09:12<16:09,  1.41s/it]Best trial: 277. Best value: 2419.11:  31%|███       | 311/1000 [09:12<16:09,  1.41s/it]Best trial: 277. Best value: 2419.11:  31%|███       | 312/1000 [09:12<15:51,  1.38s/it]                                                                                        Best trial: 277. Best value: 2419.11:  31%|███       | 312/1000 [09:13<15:51,  1.38s/it]Best trial: 277. Best value: 2419.11:  31%|███       | 312/1000 [09:14<15:51,  1.38s/it]Best trial: 277. Best value: 2419.11:  31%|███▏      | 313/1000 [09:14<15:47,  1.38s/it]                                                                                        Best trial: 277. Best value: 2419.11:  31%|███▏      | 313/1000 [09:15<15:47,  1.38s/it]Best trial: 277. Best value: 2419.11:  31%|███▏      | 313/1000 [09:15<15:47,  1.38s/it]Best trial: 277. Best value: 2419.11:  31%|███▏      | 314/1000 [09:15<15:36,  1.37s/it]                                                                                        Best trial: 277. Best value: 2419.11:  31%|███▏      | 314/1000 [09:16<15:36,  1.37s/it]Best trial: 277. Best value: 2419.11:  31%|███▏      | 314/1000 [09:16<15:36,  1.37s/it]Best trial: 277. Best value: 2419.11:  32%|███▏      | 315/1000 [09:16<15:25,  1.35s/it]                                                                                        
[I 2026-03-31 15:39:05,017] Trial 301 finished with value: 2533.9414270381694 and parameters: {'alpha_0': 0.004897903088245154, 'alpha_1': 5.034404236729011e-05, 'alpha_2': 4.4979170367865144e-05, 'beta_0': 0.19147926993604808, 'beta_1': 1.1335340919851784, 'beta_2': 0.3481211386541987, 'beta_3': 0.0019659055682994626, 'beta_4': 0.4981283022476538, 'beta_5': 1829.8691941214813, 'beta_6': 0.015471928513473223, 'beta_7': 0.02953808060888281, 'beta_8': 1.6964881645421073e-05, 'beta_9': 1.9370307790348921e-07}. Best is trial 277 with value: 2419.109288143763.
[I 2026-03-31 15:39:06,547] Trial 302 finished with value: 3054.1966315697573 and parameters: {'alpha_0': 0.0009796431086794544, 'alpha_1': 5.451701508709132e-05, 'alpha_2': 5.071038709857474e-05, 'beta_0': 0.19073837115743764, 'beta_1': 1.1323283368304784, 'beta_2': 0.3520975956564387, 'beta_3': 0.0017840221422959711, 'beta_4': 0.4952064783884624, 'beta_5': 1961.0546150124583, 'beta_6': 0.018338300846370007, 'beta_7': 0.028463479562963256, 'beta_8': 2.1191903320169338e-05, 'beta_9': 6.233940798312608e-07}. Best is trial 277 with value: 2419.109288143763.
[I 2026-03-31 15:39:07,810] Trial 303 finished with value: 2496.5802780757936 and parameters: {'alpha_0': 0.004895123718755492, 'alpha_1': 5.000384730255569e-05, 'alpha_2': 5.723814948404987e-05, 'beta_0': 0.1966547981416777, 'beta_1': 1.1490262164411371, 'beta_2': 0.34981905842131844, 'beta_3': 0.003556947556005708, 'beta_4': 0.501232806247597, 'beta_5': 1846.2424256505142, 'beta_6': 0.01566634414585785, 'beta_7': 0.029595965861221523, 'beta_8': 3.8449921417450556e-05, 'beta_9': 2.2647298002534402e-07}. Best is trial 277 with value: 2419.109288143763.
[I 2026-03-31 15:39:09,177] Trial 304 finished with value: 2569.092094830513 and parameters: {'alpha_0': 0.0008356695447575476, 'alpha_1': 5.599347396593363e-05, 'alpha_2': 5.801212703350283e-05, 'beta_0': 0.20439863963669047, 'beta_1': 1.1453198367657778, 'beta_2': 0.33768001069885595, 'beta_3': 0.0037042983061707888, 'beta_4': 0.5047007326864967, 'beta_5': 1953.929037026356, 'beta_6': 0.019611453268950495, 'beta_7': 0.027304532385787124, 'beta_8': 3.881575538157965e-05, 'beta_9': 2.3641221145218373e-07}. Best is trial 277 with value: 2419.109288143763.
