[I 2026-03-31 15:43:56,795] Trial 485 finished with value: 2661.7274938269447 and parameters: {'alpha_0': 0.0008451577475803217, 'alpha_1': 6.4451551011894e-05, 'alpha_2': 0.00012999738400811095, 'beta_0': 0.17301581079627654, 'beta_1': 1.2659425536970312, 'beta_2': 0.35778060018220725, 'beta_3': 0.004109601689439743, 'beta_4': 0.6454601825784017, 'beta_5': 1942.1368771427126, 'beta_6': 0.018108815782007657, 'beta_7': 0.031161663314179234, 'beta_8': 9.911112461687247e-05, 'beta_9': 1.0013192411413984e-07}. Best is trial 459 with value: 2405.323170902653.
[I 2026-03-31 15:43:58,127] Trial 486 finished with value: 2430.481152365155 and parameters: {'alpha_0': 0.0007439005062786794, 'alpha_1': 5.007907003500342e-05, 'alpha_2': 0.00012320790669829846, 'beta_0': 0.16458045596003662, 'beta_1': 1.209593742570412, 'beta_2': 0.3821262251489917, 'beta_3': 0.0035124673773556307, 'beta_4': 0.5621716721734619, 'beta_5': 1888.044211048839, 'beta_6': 0.012740179915262995, 'beta_7': 0.029851048434234816, 'beta_8': 2.569609423949243e-05, 'beta_9': 1.7750993145473977e-07}. Best is trial 459 with value: 2405.323170902653.
[I 2026-03-31 15:43:59,435] Trial 487 finished with value: 2659.7483623912576 and parameters: {'alpha_0': 0.0005738537986987913, 'alpha_1': 5.07010224175516e-05, 'alpha_2': 0.00012582530477248902, 'beta_0': 0.1750072093966708, 'beta_1': 1.1830994902243623, 'beta_2': 0.3810732485791691, 'beta_3': 0.0034868286530713123, 'beta_4': 0.5588552369631804, 'beta_5': 1782.3008871060395, 'beta_6': 0.012913733558438426, 'beta_7': 0.030082467175167365, 'beta_8': 2.5423907973346405e-05, 'beta_9': 2.4225225158674904e-07}. Best is trial 459 with value: 2405.323170902653.
[I 2026-03-31 15:44:00,789] Trial 488 finished with value: 2674.374507801227 and parameters: {'alpha_0': 0.0007092622917851648, 'alpha_1': 5.4158495259824395e-05, 'alpha_2': 0.00013078281673210387, 'beta_0': 0.17106669396509389, 'beta_1': 1.210727176233318, 'beta_2': 0.4228832486284746, 'beta_3': 0.0033866706535507834, 'beta_4': 0.5511046483412801, 'beta_5': 1827.097199632949, 'beta_6': 0.012299238873859667, 'beta_7': 0.030526361932215616, 'beta_8': 2.820530401718046e-05, 'beta_9': 1.8707647821407327e-07}. Best is trial 459 with value: 2405.323170902653.
[I 2026-03-31 15:44:02,163] Trial 489 finished with value: 2698.8163170537773 and parameters: {'alpha_0': 0.0007617572458477413, 'alpha_1': 5.762683112676469e-05, 'alpha_2': 0.00012154621924952025, 'beta_0': 0.18016611993631018, 'beta_1': 1.199453537814116, 'beta_2': 0.39547703854427935, 'beta_3': 0.003566864407509644, 'beta_4': 0.5673980984843786, 'beta_5': 1880.9602203954598, 'beta_6': 0.0101397498543273, 'beta_7': 0.0310017031067102, 'beta_8': 2.6279501956012332e-05, 'beta_9': 1.3757957492129503e-07}. Best is trial 459 with value: 2405.323170902653.
[I 2026-03-31 15:44:03,450] Trial 490 finished with value: 2846.7800381900197 and parameters: {'alpha_0': 0.00066432551453727, 'alpha_1': 5.02071662235368e-05, 'alpha_2': 0.00012499256201838974, 'beta_0': 0.19500214299308014, 'beta_1': 1.2067385965545987, 'beta_2': 0.39079381607189995, 'beta_3': 0.003647547762277946, 'beta_4': 0.5828949816686243, 'beta_5': 1904.725456476519, 'beta_6': 0.014741909177101942, 'beta_7': 0.029626801907159106, 'beta_8': 2.976361820552641e-05, 'beta_9': 6.526983528892206e-07}. Best is trial 459 with value: 2405.323170902653.
[I 2026-03-31 15:44:04,765] Trial 491 finished with value: 2888.2980088743084 and parameters: {'alpha_0': 0.0007949858155465829, 'alpha_1': 7.013643463599635e-05, 'alpha_2': 5.1392506751395334e-05, 'beta_0': 0.18629620320436574, 'beta_1': 1.1906235897752175, 'beta_2': 0.40840234357672256, 'beta_3': 0.0037150816344447973, 'beta_4': 0.5489018246304496, 'beta_5': 1953.2302018905143, 'beta_6': 0.12896313171435356, 'beta_7': 0.029862193347733455, 'beta_8': 2.2844317973190953e-05, 'beta_9': 1.9066803272957715e-07}. Best is trial 459 with value: 2405.323170902653.
[I 2026-03-31 15:44:18,409] Trial 492 finished with value: 10874.13205838739 and parameters: {'alpha_0': 0.0009299566444846099, 'alpha_1': 5.991016009603542e-05, 'alpha_2': 4.252091068976179e-05, 'beta_0': 0.16427781968592586, 'beta_1': 1.2204671885983853, 'beta_2': 0.37112614226992874, 'beta_3': 0.0034871738736467254, 'beta_4': 0.5782312549091393, 'beta_5': 1924.0407752257902, 'beta_6': 0.013002997269608737, 'beta_7': 0.00934356257073873, 'beta_8': 2.510842123581141e-05, 'beta_9': 1.3147721721593022e-07}. Best is trial 459 with value: 2405.323170902653.
[I 2026-03-31 15:44:19,776] Trial 493 finished with value: 2779.947603236972 and parameters: {'alpha_0': 0.0005779827119649248, 'alpha_1': 0.00016847486256845405, 'alpha_2': 4.5849782422282625e-05, 'beta_0': 0.17621505060137072, 'beta_1': 1.2130641032447846, 'beta_2': 0.36770317415873316, 'beta_3': 0.003833439446004118, 'beta_4': 0.605436575220461, 'beta_5': 1855.6404496995854, 'beta_6': 0.010039999791097588, 'beta_7': 0.03170317383854971, 'beta_8': 2.094682612271004e-05, 'beta_9': 2.2100751027588785e-07}. Best is trial 459 with value: 2405.323170902653.
[I 2026-03-31 15:44:21,163] Trial 494 finished with value: 2526.6270283227914 and parameters: {'alpha_0': 0.0010218972356437035, 'alpha_1': 5.4217170158806695e-05, 'alpha_2': 7.783114093463689e-05, 'beta_0': 0.16893879314805987, 'beta_1': 1.2223289840090488, 'beta_2': 0.38690129201949724, 'beta_3': 0.0033892623157919873, 'beta_4': 0.6254879564733785, 'beta_5': 1799.0367088918342, 'beta_6': 0.01667108261461175, 'beta_7': 0.029220025338397654, 'beta_8': 2.3916524769106132e-05, 'beta_9': 1.6873324148964403e-07}. Best is trial 459 with value: 2405.323170902653.
[I 2026-03-31 15:44:22,529] Trial 495 finished with value: 2804.674547384909 and parameters: {'alpha_0': 0.0007123724172915072, 'alpha_1': 6.30026527151941e-05, 'alpha_2': 0.0001284890079108179, 'beta_0': 0.20595340442871538, 'beta_1': 1.199060205601423, 'beta_2': 0.35954579480815807, 'beta_3': 0.0039628658309821645, 'beta_4': 0.5668910251415487, 'beta_5': 1962.2137618455215, 'beta_6': 0.014856373273894458, 'beta_7': 0.03065448001497312, 'beta_8': 1.552600794591695e-05, 'beta_9': 1.026303114120899e-07}. Best is trial 459 with value: 2405.323170902653.Best trial: 459. Best value: 2405.32:  50%|████▉     | 495/1000 [14:16<26:39,  3.17s/it]Best trial: 459. Best value: 2405.32:  50%|████▉     | 495/1000 [14:16<26:39,  3.17s/it]Best trial: 459. Best value: 2405.32:  50%|████▉     | 496/1000 [14:16<22:03,  2.63s/it]                                                                                        Best trial: 459. Best value: 2405.32:  50%|████▉     | 496/1000 [14:17<22:03,  2.63s/it]Best trial: 459. Best value: 2405.32:  50%|████▉     | 496/1000 [14:17<22:03,  2.63s/it]Best trial: 459. Best value: 2405.32:  50%|████▉     | 497/1000 [14:17<18:43,  2.23s/it]                                                                                        Best trial: 459. Best value: 2405.32:  50%|████▉     | 497/1000 [14:19<18:43,  2.23s/it]Best trial: 459. Best value: 2405.32:  50%|████▉     | 497/1000 [14:19<18:43,  2.23s/it]Best trial: 459. Best value: 2405.32:  50%|████▉     | 498/1000 [14:19<16:34,  1.98s/it]                                                                                        Best trial: 459. Best value: 2405.32:  50%|████▉     | 498/1000 [14:20<16:34,  1.98s/it]Best trial: 459. Best value: 2405.32:  50%|████▉     | 498/1000 [14:20<16:34,  1.98s/it]Best trial: 459. Best value: 2405.32:  50%|████▉     | 499/1000 [14:20<14:57,  1.79s/it]                                                                                        Best trial: 459. Best value: 2405.32:  50%|████▉     | 499/1000 [14:21<14:57,  1.79s/it]Best trial: 459. Best value: 2405.32:  50%|████▉     | 499/1000 [14:21<14:57,  1.79s/it]Best trial: 459. Best value: 2405.32:  50%|█████     | 500/1000 [14:21<13:56,  1.67s/it]                                                                                        Best trial: 459. Best value: 2405.32:  50%|█████     | 500/1000 [14:23<13:56,  1.67s/it]Best trial: 459. Best value: 2405.32:  50%|█████     | 500/1000 [14:23<13:56,  1.67s/it]Best trial: 459. Best value: 2405.32:  50%|█████     | 501/1000 [14:23<13:07,  1.58s/it]                                                                                        Best trial: 459. Best value: 2405.32:  50%|█████     | 501/1000 [14:24<13:07,  1.58s/it]Best trial: 459. Best value: 2405.32:  50%|█████     | 501/1000 [14:24<13:07,  1.58s/it]Best trial: 459. Best value: 2405.32:  50%|█████     | 502/1000 [14:24<12:30,  1.51s/it]                                                                                        Best trial: 459. Best value: 2405.32:  50%|█████     | 502/1000 [14:25<12:30,  1.51s/it]Best trial: 459. Best value: 2405.32:  50%|█████     | 502/1000 [14:25<12:30,  1.51s/it]Best trial: 459. Best value: 2405.32:  50%|█████     | 503/1000 [14:25<12:04,  1.46s/it]                                                                                        Best trial: 459. Best value: 2405.32:  50%|█████     | 503/1000 [14:27<12:04,  1.46s/it]Best trial: 459. Best value: 2405.32:  50%|█████     | 503/1000 [14:27<12:04,  1.46s/it]Best trial: 459. Best value: 2405.32:  50%|█████     | 504/1000 [14:27<11:46,  1.42s/it]                                                                                        Best trial: 459. Best value: 2405.32:  50%|█████     | 504/1000 [14:28<11:46,  1.42s/it]Best trial: 459. Best value: 2405.32:  50%|█████     | 504/1000 [14:28<11:46,  1.42s/it]Best trial: 459. Best value: 2405.32:  50%|█████     | 505/1000 [14:28<11:36,  1.41s/it]                                                                                        Best trial: 459. Best value: 2405.32:  50%|█████     | 505/1000 [14:29<11:36,  1.41s/it]Best trial: 459. Best value: 2405.32:  50%|█████     | 505/1000 [14:30<11:36,  1.41s/it]Best trial: 459. Best value: 2405.32:  51%|█████     | 506/1000 [14:30<11:33,  1.40s/it]                                                                                        Best trial: 459. Best value: 2405.32:  51%|█████     | 506/1000 [14:31<11:33,  1.40s/it]Best trial: 459. Best value: 2405.32:  51%|█████     | 506/1000 [14:31<11:33,  1.40s/it]Best trial: 459. Best value: 2405.32:  51%|█████     | 507/1000 [14:31<11:39,  1.42s/it]                                                                                        Best trial: 459. Best value: 2405.32:  51%|█████     | 507/1000 [14:32<11:39,  1.42s/it]Best trial: 459. Best value: 2405.32:  51%|█████     | 507/1000 [14:32<11:39,  1.42s/it]Best trial: 459. Best value: 2405.32:  51%|█████     | 508/1000 [14:32<11:26,  1.39s/it]                                                                                        Best trial: 459. Best value: 2405.32:  51%|█████     | 508/1000 [14:34<11:26,  1.39s/it]Best trial: 459. Best value: 2405.32:  51%|█████     | 508/1000 [14:34<11:26,  1.39s/it]Best trial: 459. Best value: 2405.32:  51%|█████     | 509/1000 [14:34<11:18,  1.38s/it]                                                                                        Best trial: 459. Best value: 2405.32:  51%|█████     | 509/1000 [14:35<11:18,  1.38s/it]Best trial: 459. Best value: 2405.32:  51%|█████     | 509/1000 [14:35<11:18,  1.38s/it]Best trial: 459. Best value: 2405.32:  51%|█████     | 510/1000 [14:35<11:10,  1.37s/it]                                                                                        
[I 2026-03-31 15:44:23,848] Trial 496 finished with value: 2780.5530626265195 and parameters: {'alpha_0': 0.0008409064946910612, 'alpha_1': 7.4994209744745e-05, 'alpha_2': 0.00012035075781434684, 'beta_0': 0.17175887449094657, 'beta_1': 1.228311506911793, 'beta_2': 0.3380388495525266, 'beta_3': 0.003583378886526951, 'beta_4': 0.589655934224586, 'beta_5': 1905.380611826059, 'beta_6': 0.08319247599110688, 'beta_7': 0.029885802950494717, 'beta_8': 2.7497009776405137e-05, 'beta_9': 1.7798047863214574e-07}. Best is trial 459 with value: 2405.323170902653.
[I 2026-03-31 15:44:25,242] Trial 497 finished with value: 2658.1577079138424 and parameters: {'alpha_0': 0.0006687594146791832, 'alpha_1': 0.00011656076259135943, 'alpha_2': 5.435622678560831e-05, 'beta_0': 0.2105558251683519, 'beta_1': 1.2099464444480388, 'beta_2': 0.3771396293152591, 'beta_3': 0.004208901037969933, 'beta_4': 0.6361028200528628, 'beta_5': 1871.08540038013, 'beta_6': 0.02002883202418121, 'beta_7': 0.02874490951360128, 'beta_8': 9.988727801856898e-05, 'beta_9': 1.0118813180891115e-07}. Best is trial 459 with value: 2405.323170902653.
[I 2026-03-31 15:44:26,591] Trial 498 finished with value: 2685.013678104787 and parameters: {'alpha_0': 0.0008947546783179531, 'alpha_1': 5.8003014160271656e-05, 'alpha_2': 4.021530310233394e-05, 'beta_0': 0.164716558266464, 'beta_1': 1.101879591242824, 'beta_2': 0.3999127319160249, 'beta_3': 0.003710150902204521, 'beta_4': 0.5590328321348241, 'beta_5': 1997.3589639718216, 'beta_6': 0.013188735788552371, 'beta_7': 0.03025640960930718, 'beta_8': 1.901475223620987e-05, 'beta_9': 2.3833693548644732e-07}. Best is trial 459 with value: 2405.323170902653.
[I 2026-03-31 15:44:27,985] Trial 499 finished with value: 2562.3838106805642 and parameters: {'alpha_0': 0.0011234927788070256, 'alpha_1': 6.774420106314636e-05, 'alpha_2': 0.0001250897970717429, 'beta_0': 0.1812454239901715, 'beta_1': 1.1261400642824806, 'beta_2': 0.3524885558780636, 'beta_3': 0.0033830579544316666, 'beta_4': 0.5972015056059126, 'beta_5': 1688.6847112152764, 'beta_6': 0.017447868922766802, 'beta_7': 0.029337210370368842, 'beta_8': 2.03188115101078e-05, 'beta_9': 1.407139992994587e-07}. Best is trial 459 with value: 2405.323170902653.
[I 2026-03-31 15:44:29,337] Trial 500 finished with value: 2780.597688839729 and parameters: {'alpha_0': 0.0007939028813468728, 'alpha_1': 5.0078042202482046e-05, 'alpha_2': 0.00013217084704876867, 'beta_0': 0.17654821831134976, 'beta_1': 1.2290946596864245, 'beta_2': 0.3263562695269012, 'beta_3': 0.0038509131593497813, 'beta_4': 0.5784388617254104, 'beta_5': 1949.9427580656711, 'beta_6': 0.012478494470479357, 'beta_7': 0.030910781904473265, 'beta_8': 1.6991439174104147e-05, 'beta_9': 1.9292586922760317e-07}. Best is trial 459 with value: 2405.323170902653.
[I 2026-03-31 15:44:30,684] Trial 501 finished with value: 2698.9240803861658 and parameters: {'alpha_0': 0.0018504295207183697, 'alpha_1': 6.168759359922963e-05, 'alpha_2': 4.744082167777716e-05, 'beta_0': 0.16808277339691083, 'beta_1': 1.2165032145014574, 'beta_2': 0.34183363158738794, 'beta_3': 0.003506918492542147, 'beta_4': 0.6133065459114505, 'beta_5': 1916.9392980706439, 'beta_6': 0.022346254798973373, 'beta_7': 0.028571776668406143, 'beta_8': 2.3612967987308744e-05, 'beta_9': 1.3582193676095546e-07}. Best is trial 459 with value: 2405.323170902653.
[I 2026-03-31 15:44:32,023] Trial 502 finished with value: 2508.1086913718964 and parameters: {'alpha_0': 0.0006270462752401325, 'alpha_1': 5.547386966614657e-05, 'alpha_2': 0.00011957585884749355, 'beta_0': 0.2006887606497609, 'beta_1': 1.1926959030517728, 'beta_2': 0.3624271527844258, 'beta_3': 0.003738285786781794, 'beta_4': 0.6041830905472019, 'beta_5': 1595.4518835023127, 'beta_6': 0.015896521616490564, 'beta_7': 0.029444493208147432, 'beta_8': 2.639844009758689e-05, 'beta_9': 1.636801905278797e-07}. Best is trial 459 with value: 2405.323170902653.
[I 2026-03-31 15:44:33,373] Trial 503 finished with value: 4103.55999546792 and parameters: {'alpha_0': 0.0009673571734659961, 'alpha_1': 6.500084112423261e-05, 'alpha_2': 6.077611263957282e-05, 'beta_0': 0.18560430220676186, 'beta_1': 1.2050690897356169, 'beta_2': 0.33183378981107714, 'beta_3': 0.004023772727607282, 'beta_4': 0.6228462951019401, 'beta_5': 1827.9591969908508, 'beta_6': 0.06521693837799215, 'beta_7': 0.030155147820235605, 'beta_8': 2.1737783150058484e-05, 'beta_9': 2.0655491725805073e-07}. Best is trial 459 with value: 2405.323170902653.
[I 2026-03-31 15:44:34,735] Trial 504 finished with value: 2657.8040706554402 and parameters: {'alpha_0': 0.0007572306086837264, 'alpha_1': 7.168207206318292e-05, 'alpha_2': 0.00012371695923513642, 'beta_0': 0.1729677536778763, 'beta_1': 1.2341246280580058, 'beta_2': 0.3169283649557534, 'beta_3': 0.0036097049786432507, 'beta_4': 0.5735468681335976, 'beta_5': 1953.3376523044494, 'beta_6': 0.010105677950230211, 'beta_7': 0.031603016342843786, 'beta_8': 2.433480472731665e-05, 'beta_9': 1.3120457855492074e-07}. Best is trial 459 with value: 2405.323170902653.
[I 2026-03-31 15:44:36,135] Trial 505 finished with value: 2535.440701715417 and parameters: {'alpha_0': 0.0005177466868423262, 'alpha_1': 5.401826251433625e-05, 'alpha_2': 5.103223933313365e-05, 'beta_0': 0.16404685922413856, 'beta_1': 1.2211460045633702, 'beta_2': 0.3490854032101713, 'beta_3': 0.0033157653831565495, 'beta_4': 0.5886832878643068, 'beta_5': 1501.9434179338543, 'beta_6': 0.01925692762701693, 'beta_7': 0.027611888860810386, 'beta_8': 1.4184051430255381e-05, 'beta_9': 1.6623633414836367e-07}. Best is trial 459 with value: 2405.323170902653.
[I 2026-03-31 15:44:37,581] Trial 506 finished with value: 2515.758257674202 and parameters: {'alpha_0': 0.0008866172542641882, 'alpha_1': 5.8566026082593816e-05, 'alpha_2': 0.000116612511960878, 'beta_0': 0.19229663570982342, 'beta_1': 1.2504958956767798, 'beta_2': 0.36571304820653383, 'beta_3': 0.003892911002884026, 'beta_4': 0.6423713126288301, 'beta_5': 1868.8349713889559, 'beta_6': 0.012710668062480262, 'beta_7': 0.028819603192262958, 'beta_8': 2.043661453107857e-05, 'beta_9': 1.002479991733938e-07}. Best is trial 459 with value: 2405.323170902653.
[I 2026-03-31 15:44:38,926] Trial 507 finished with value: 2529.989247040692 and parameters: {'alpha_0': 0.0010274125187269307, 'alpha_1': 6.141097861828149e-05, 'alpha_2': 0.00012918801416029332, 'beta_0': 0.17825664382954814, 'beta_1': 1.088645366660108, 'beta_2': 0.19441486814698222, 'beta_3': 0.003511428614440216, 'beta_4': 0.5452523081256581, 'beta_5': 1965.7654149934792, 'beta_6': 0.01486661164829144, 'beta_7': 0.029774550258429313, 'beta_8': 1.818421718671092e-05, 'beta_9': 2.1443735461903337e-07}. Best is trial 459 with value: 2405.323170902653.
[I 2026-03-31 15:44:40,278] Trial 508 finished with value: 2747.612971178786 and parameters: {'alpha_0': 0.0007202768527775409, 'alpha_1': 7.788088990402497e-05, 'alpha_2': 8.466071591399339e-05, 'beta_0': 0.16884665439852603, 'beta_1': 1.235198460461, 'beta_2': 0.324539900871918, 'beta_3': 0.003694481265244981, 'beta_4': 0.5640335987341184, 'beta_5': 1905.6168255445482, 'beta_6': 0.012441831420395228, 'beta_7': 0.031131264020534583, 'beta_8': 3.002072662827518e-05, 'beta_9': 1.3975024224075598e-07}. Best is trial 459 with value: 2405.323170902653.
[I 2026-03-31 15:44:41,617] Trial 509 finished with value: 2666.7337021294024 and parameters: {'alpha_0': 0.0008177173875420234, 'alpha_1': 5.3580346698106495e-05, 'alpha_2': 5.656643971760041e-05, 'beta_0': 0.16369898223996696, 'beta_1': 1.182616466711499, 'beta_2': 0.3818821693643849, 'beta_3': 0.0033593862991691233, 'beta_4': 0.5943810150291446, 'beta_5': 1880.3146133692267, 'beta_6': 0.01787416291916668, 'beta_7': 0.030425125835280745, 'beta_8': 2.2346641029484816e-05, 'beta_9': 2.421464358726949e-07}. Best is trial 459 with value: 2405.323170902653.
