[I 2026-03-31 15:36:48,324] Trial 215 finished with value: 2523.6334640667355 and parameters: {'alpha_0': 0.004326913710022371, 'alpha_1': 7.407543274414599e-05, 'alpha_2': 0.00011566002751684696, 'beta_0': 0.16078775804932266, 'beta_1': 1.1131668864211388, 'beta_2': 0.13085445858424372, 'beta_3': 0.0029828389337848613, 'beta_4': 0.5414952311867969, 'beta_5': 663.6037294903056, 'beta_6': 0.010537213468837297, 'beta_7': 0.03026288134978214, 'beta_8': 8.607822734521267e-05, 'beta_9': 1.706381185792858e-07}. Best is trial 214 with value: 2441.777350257716.
[I 2026-03-31 15:36:49,625] Trial 216 finished with value: 2620.1584700155236 and parameters: {'alpha_0': 0.004110271901229367, 'alpha_1': 7.419139306239495e-05, 'alpha_2': 0.00011680503969683233, 'beta_0': 0.16126172006590297, 'beta_1': 1.114379968871061, 'beta_2': 0.12167567331786111, 'beta_3': 0.002958676674828094, 'beta_4': 0.5357214800745345, 'beta_5': 568.9392291059147, 'beta_6': 0.010034315942233567, 'beta_7': 0.03063851078918737, 'beta_8': 8.620349057210175e-05, 'beta_9': 1.8268020523880545e-07}. Best is trial 214 with value: 2441.777350257716.
[I 2026-03-31 15:36:50,928] Trial 217 finished with value: 2743.6808740490087 and parameters: {'alpha_0': 0.004329372533272678, 'alpha_1': 6.892632535121607e-05, 'alpha_2': 0.00010434052068338071, 'beta_0': 0.15695677011076548, 'beta_1': 1.0861199674471098, 'beta_2': 0.08770969596821121, 'beta_3': 0.0029049263017101572, 'beta_4': 0.5222271340659269, 'beta_5': 718.5933807772257, 'beta_6': 0.09371674346430645, 'beta_7': 0.030396860051253298, 'beta_8': 8.452212161500638e-05, 'beta_9': 1.6413771903152246e-07}. Best is trial 214 with value: 2441.777350257716.
[I 2026-03-31 15:36:52,249] Trial 218 finished with value: 2609.416071398102 and parameters: {'alpha_0': 0.004477984108317024, 'alpha_1': 7.761275029206706e-05, 'alpha_2': 0.00011265124863016823, 'beta_0': 0.16300969669583057, 'beta_1': 1.1697488246656462, 'beta_2': 0.1295733055464127, 'beta_3': 0.0031230183129128597, 'beta_4': 0.5482094828049744, 'beta_5': 677.4730498141678, 'beta_6': 0.010203443237788209, 'beta_7': 0.029064184534163946, 'beta_8': 8.52768296013294e-05, 'beta_9': 1.0044464941923752e-07}. Best is trial 214 with value: 2441.777350257716.
[I 2026-03-31 15:36:53,537] Trial 219 finished with value: 2524.539603852193 and parameters: {'alpha_0': 0.0042745740435852775, 'alpha_1': 7.199867613272226e-05, 'alpha_2': 0.00011692540693383195, 'beta_0': 0.1678320695639262, 'beta_1': 1.1562273102203193, 'beta_2': 0.06426049966061131, 'beta_3': 0.003013881936711931, 'beta_4': 0.5108696255523807, 'beta_5': 603.9555615012906, 'beta_6': 0.014907357787819316, 'beta_7': 0.030218614003348427, 'beta_8': 8.738738124519661e-05, 'beta_9': 1.6791284141645278e-07}. Best is trial 214 with value: 2441.777350257716.
[I 2026-03-31 15:36:54,843] Trial 220 finished with value: 2639.236453622906 and parameters: {'alpha_0': 0.004290036501275398, 'alpha_1': 7.325427402358602e-05, 'alpha_2': 0.00011872231399249434, 'beta_0': 0.16733571641222958, 'beta_1': 1.1376786115018556, 'beta_2': 0.09729772747846227, 'beta_3': 0.003056834664887317, 'beta_4': 0.47474301982937334, 'beta_5': 588.8041063970733, 'beta_6': 0.015007311194466381, 'beta_7': 0.030547994752903915, 'beta_8': 8.781563566392436e-05, 'beta_9': 1.345788816061561e-07}. Best is trial 214 with value: 2441.777350257716.
[I 2026-03-31 15:36:56,188] Trial 221 finished with value: 3577.2115594017096 and parameters: {'alpha_0': 0.004211327699794434, 'alpha_1': 6.980345132174522e-05, 'alpha_2': 0.00011498756298248646, 'beta_0': 0.16127675437316993, 'beta_1': 1.124733219945454, 'beta_2': 0.043425329022026254, 'beta_3': 0.0028168110956901314, 'beta_4': 0.5095656007095838, 'beta_5': 603.3495025441002, 'beta_6': 0.014830864376950349, 'beta_7': 0.029800145908963113, 'beta_8': 8.67878322766272e-05, 'beta_9': 1.4589187263997454e-06}. Best is trial 214 with value: 2441.777350257716.
[I 2026-03-31 15:36:57,473] Trial 222 finished with value: 2553.08243985871 and parameters: {'alpha_0': 0.004131485504586016, 'alpha_1': 7.896627594161838e-05, 'alpha_2': 0.00011066604707857064, 'beta_0': 0.16851908215179714, 'beta_1': 1.1030669601420475, 'beta_2': 0.11575656135308089, 'beta_3': 0.0030100168473113733, 'beta_4': 0.5188721714690793, 'beta_5': 507.1088045482369, 'beta_6': 0.012256953359555227, 'beta_7': 0.02996681699729187, 'beta_8': 8.376468487370471e-05, 'beta_9': 1.7747440604196824e-07}. Best is trial 214 with value: 2441.777350257716.
[I 2026-03-31 15:36:58,797] Trial 223 finished with value: 2625.0974126296937 and parameters: {'alpha_0': 0.003961243962979914, 'alpha_1': 8.034074907887999e-05, 'alpha_2': 0.00010910559267547323, 'beta_0': 0.15677554562048784, 'beta_1': 1.0977063651656926, 'beta_2': 0.07379671928799247, 'beta_3': 0.0034172910190738382, 'beta_4': 0.5157139010079449, 'beta_5': 455.0145959540896, 'beta_6': 0.01552522179575723, 'beta_7': 0.029298750823162193, 'beta_8': 8.319263614868412e-05, 'beta_9': 1.6797099590877948e-07}. Best is trial 214 with value: 2441.777350257716.
[I 2026-03-31 15:37:00,127] Trial 224 finished with value: 2737.3523295244413 and parameters: {'alpha_0': 0.004169856823768386, 'alpha_1': 7.887113437056799e-05, 'alpha_2': 0.00012336884704796609, 'beta_0': 0.16840194631340685, 'beta_1': 1.0989030822538823, 'beta_2': 0.06164046045400878, 'beta_3': 0.0031494961998135944, 'beta_4': 0.5240414989576822, 'beta_5': 532.8728585359838, 'beta_6': 0.01281502233986212, 'beta_7': 0.03094398969140756, 'beta_8': 8.411176889689501e-05, 'beta_9': 2.8714651550997073e-07}. Best is trial 214 with value: 2441.777350257716.
[I 2026-03-31 15:37:01,451] Trial 225 finished with value: 2702.3283318833323 and parameters: {'alpha_0': 0.004263436999646168, 'alpha_1': 7.409708035566421e-05, 'alpha_2': 0.00011075509292233598, 'beta_0': 0.15157508706939662, 'beta_1': 1.098641161585104, 'beta_2': 0.15462798922193263, 'beta_3': 0.0032613440706284426, 'beta_4': 0.5051675327438316, 'beta_5': 516.3583680069206, 'beta_6': 0.018568646805874497, 'beta_7': 0.028885060233797544, 'beta_8': 8.840380072729735e-05, 'beta_9': 2.018738765463554e-07}. Best is trial 214 with value: 2441.777350257716.Best trial: 214. Best value: 2441.78:  22%|██▎       | 225/1000 [06:55<17:01,  1.32s/it]Best trial: 214. Best value: 2441.78:  22%|██▎       | 225/1000 [06:55<17:01,  1.32s/it]Best trial: 214. Best value: 2441.78:  23%|██▎       | 226/1000 [06:55<17:01,  1.32s/it]                                                                                        Best trial: 214. Best value: 2441.78:  23%|██▎       | 226/1000 [06:56<17:01,  1.32s/it]Best trial: 214. Best value: 2441.78:  23%|██▎       | 226/1000 [06:56<17:01,  1.32s/it]Best trial: 214. Best value: 2441.78:  23%|██▎       | 227/1000 [06:56<16:58,  1.32s/it]                                                                                        Best trial: 214. Best value: 2441.78:  23%|██▎       | 227/1000 [06:57<16:58,  1.32s/it]Best trial: 214. Best value: 2441.78:  23%|██▎       | 227/1000 [06:57<16:58,  1.32s/it]Best trial: 214. Best value: 2441.78:  23%|██▎       | 228/1000 [06:57<16:51,  1.31s/it]                                                                                        Best trial: 214. Best value: 2441.78:  23%|██▎       | 228/1000 [06:59<16:51,  1.31s/it]Best trial: 214. Best value: 2441.78:  23%|██▎       | 228/1000 [06:59<16:51,  1.31s/it]Best trial: 214. Best value: 2441.78:  23%|██▎       | 229/1000 [06:59<16:46,  1.31s/it]                                                                                        Best trial: 214. Best value: 2441.78:  23%|██▎       | 229/1000 [07:00<16:46,  1.31s/it]Best trial: 214. Best value: 2441.78:  23%|██▎       | 229/1000 [07:00<16:46,  1.31s/it]Best trial: 214. Best value: 2441.78:  23%|██▎       | 230/1000 [07:00<16:41,  1.30s/it]                                                                                        Best trial: 214. Best value: 2441.78:  23%|██▎       | 230/1000 [07:01<16:41,  1.30s/it]Best trial: 214. Best value: 2441.78:  23%|██▎       | 230/1000 [07:01<16:41,  1.30s/it]Best trial: 214. Best value: 2441.78:  23%|██▎       | 231/1000 [07:01<16:36,  1.30s/it]                                                                                        Best trial: 214. Best value: 2441.78:  23%|██▎       | 231/1000 [07:03<16:36,  1.30s/it]Best trial: 214. Best value: 2441.78:  23%|██▎       | 231/1000 [07:03<16:36,  1.30s/it]Best trial: 214. Best value: 2441.78:  23%|██▎       | 232/1000 [07:03<16:44,  1.31s/it]                                                                                        Best trial: 214. Best value: 2441.78:  23%|██▎       | 232/1000 [07:04<16:44,  1.31s/it]Best trial: 214. Best value: 2441.78:  23%|██▎       | 232/1000 [07:04<16:44,  1.31s/it]Best trial: 214. Best value: 2441.78:  23%|██▎       | 233/1000 [07:04<16:45,  1.31s/it]                                                                                        Best trial: 214. Best value: 2441.78:  23%|██▎       | 233/1000 [07:06<16:45,  1.31s/it]Best trial: 214. Best value: 2441.78:  23%|██▎       | 233/1000 [07:06<16:45,  1.31s/it]Best trial: 214. Best value: 2441.78:  23%|██▎       | 234/1000 [07:06<18:42,  1.47s/it]                                                                                        Best trial: 214. Best value: 2441.78:  23%|██▎       | 234/1000 [07:07<18:42,  1.47s/it]Best trial: 214. Best value: 2441.78:  23%|██▎       | 234/1000 [07:07<18:42,  1.47s/it]Best trial: 214. Best value: 2441.78:  24%|██▎       | 235/1000 [07:07<18:05,  1.42s/it]                                                                                        Best trial: 214. Best value: 2441.78:  24%|██▎       | 235/1000 [07:08<18:05,  1.42s/it]Best trial: 214. Best value: 2441.78:  24%|██▎       | 235/1000 [07:08<18:05,  1.42s/it]Best trial: 214. Best value: 2441.78:  24%|██▎       | 236/1000 [07:08<17:34,  1.38s/it]                                                                                        Best trial: 214. Best value: 2441.78:  24%|██▎       | 236/1000 [07:10<17:34,  1.38s/it]Best trial: 214. Best value: 2441.78:  24%|██▎       | 236/1000 [07:10<17:34,  1.38s/it]Best trial: 214. Best value: 2441.78:  24%|██▎       | 237/1000 [07:10<17:07,  1.35s/it]                                                                                        Best trial: 214. Best value: 2441.78:  24%|██▎       | 237/1000 [07:11<17:07,  1.35s/it]Best trial: 214. Best value: 2441.78:  24%|██▎       | 237/1000 [07:11<17:07,  1.35s/it]Best trial: 214. Best value: 2441.78:  24%|██▍       | 238/1000 [07:11<17:10,  1.35s/it]                                                                                        Best trial: 214. Best value: 2441.78:  24%|██▍       | 238/1000 [07:13<17:10,  1.35s/it]Best trial: 214. Best value: 2441.78:  24%|██▍       | 238/1000 [07:13<17:10,  1.35s/it]Best trial: 214. Best value: 2441.78:  24%|██▍       | 239/1000 [07:13<17:51,  1.41s/it]                                                                                        Best trial: 214. Best value: 2441.78:  24%|██▍       | 239/1000 [07:22<17:51,  1.41s/it]Best trial: 214. Best value: 2441.78:  24%|██▍       | 239/1000 [07:22<17:51,  1.41s/it]Best trial: 214. Best value: 2441.78:  24%|██▍       | 240/1000 [07:22<48:37,  3.84s/it]                                                                                        
[I 2026-03-31 15:37:02,762] Trial 226 finished with value: 2524.5725428001233 and parameters: {'alpha_0': 0.004324060059808869, 'alpha_1': 6.591023027715714e-05, 'alpha_2': 0.00011912325390152833, 'beta_0': 0.16634021515199046, 'beta_1': 1.067009389720023, 'beta_2': 0.10918966015247467, 'beta_3': 0.0028622236626802155, 'beta_4': 0.5382790277435968, 'beta_5': 461.6363285049515, 'beta_6': 0.014567028207246379, 'beta_7': 0.030312446721239776, 'beta_8': 8.557451109603604e-05, 'beta_9': 1.3123736665175551e-07}. Best is trial 214 with value: 2441.777350257716.
[I 2026-03-31 15:37:04,055] Trial 227 finished with value: 2534.1440314069987 and parameters: {'alpha_0': 0.0040578374966288916, 'alpha_1': 8.47433698861673e-05, 'alpha_2': 0.00011848313385700828, 'beta_0': 0.17033170384614715, 'beta_1': 1.0793147104202627, 'beta_2': 0.13249666810158878, 'beta_3': 0.002775792737199447, 'beta_4': 0.5542573680319476, 'beta_5': 408.30481361085367, 'beta_6': 0.010132048591146171, 'beta_7': 0.030500125594012006, 'beta_8': 8.377982499307285e-05, 'beta_9': 1.295349843251594e-07}. Best is trial 214 with value: 2441.777350257716.
[I 2026-03-31 15:37:05,352] Trial 228 finished with value: 2638.765891854062 and parameters: {'alpha_0': 0.0041324834052943685, 'alpha_1': 8.208718785605564e-05, 'alpha_2': 0.0001045474918758641, 'beta_0': 0.17110077329041298, 'beta_1': 1.0781074166554068, 'beta_2': 0.13786619015063659, 'beta_3': 0.0027778157797928144, 'beta_4': 0.528832210038131, 'beta_5': 378.84240151876946, 'beta_6': 0.01687696313324588, 'beta_7': 0.030846514945515373, 'beta_8': 8.407187331626344e-05, 'beta_9': 1.272416192191647e-07}. Best is trial 214 with value: 2441.777350257716.
[I 2026-03-31 15:37:06,642] Trial 229 finished with value: 2550.595161110242 and parameters: {'alpha_0': 0.004516834586044148, 'alpha_1': 8.388576018185496e-05, 'alpha_2': 0.00011872276682053096, 'beta_0': 0.16684684257117482, 'beta_1': 1.0597318360083043, 'beta_2': 0.1053513395507998, 'beta_3': 0.002669751066281174, 'beta_4': 0.5584373101539049, 'beta_5': 420.49225003860147, 'beta_6': 0.01000235929429574, 'beta_7': 0.0304754478564069, 'beta_8': 8.229985282886614e-05, 'beta_9': 1.2851702282056204e-07}. Best is trial 214 with value: 2441.777350257716.
[I 2026-03-31 15:37:07,925] Trial 230 finished with value: 2547.4510237846043 and parameters: {'alpha_0': 0.004040653525679042, 'alpha_1': 7.42342633536995e-05, 'alpha_2': 0.00011817173244245631, 'beta_0': 0.1682236508431917, 'beta_1': 1.0618589845900661, 'beta_2': 0.10960930387535103, 'beta_3': 0.002544132741308902, 'beta_4': 0.554331395367023, 'beta_5': 337.8189009688538, 'beta_6': 0.01986038114560334, 'beta_7': 0.030664493234365174, 'beta_8': 8.27035522104948e-05, 'beta_9': 1.1266630758750246e-07}. Best is trial 214 with value: 2441.777350257716.
[I 2026-03-31 15:37:09,260] Trial 231 finished with value: 2560.991882414272 and parameters: {'alpha_0': 0.003979712985296526, 'alpha_1': 8.607805484383753e-05, 'alpha_2': 0.00011874123323102424, 'beta_0': 0.1675823082112198, 'beta_1': 1.0625186887410965, 'beta_2': 0.10806578815560014, 'beta_3': 0.002530145321806747, 'beta_4': 0.5585694357762855, 'beta_5': 322.93262177582693, 'beta_6': 0.01438143974439201, 'beta_7': 0.030366015461965584, 'beta_8': 8.312544036599966e-05, 'beta_9': 1.0993626558980378e-07}. Best is trial 214 with value: 2441.777350257716.
[I 2026-03-31 15:37:10,580] Trial 232 finished with value: 2708.307690140085 and parameters: {'alpha_0': 0.004312578892074222, 'alpha_1': 7.498595296346416e-05, 'alpha_2': 0.00011857228693563338, 'beta_0': 0.1708017585650028, 'beta_1': 1.0587721114164412, 'beta_2': 0.14269888576017176, 'beta_3': 0.0025575142276186087, 'beta_4': 0.5544002962359167, 'beta_5': 407.8294971702496, 'beta_6': 0.019385801741059697, 'beta_7': 0.03161109311365656, 'beta_8': 8.17725575713081e-05, 'beta_9': 1.3411209819770306e-07}. Best is trial 214 with value: 2441.777350257716.
[I 2026-03-31 15:37:12,406] Trial 233 finished with value: 10987.941411171254 and parameters: {'alpha_0': 0.0045130966758986065, 'alpha_1': 7.549109127268045e-05, 'alpha_2': 0.00011392835520212777, 'beta_0': 0.17815230234590487, 'beta_1': 1.0617982726831812, 'beta_2': 0.1305936441541084, 'beta_3': 0.0026583996388128027, 'beta_4': 0.5442397855594815, 'beta_5': 361.4379792524406, 'beta_6': 0.012708157246830916, 'beta_7': 0.023504992062866877, 'beta_8': 8.523701728161589e-05, 'beta_9': 1.4870490164537192e-07}. Best is trial 214 with value: 2441.777350257716.
[I 2026-03-31 15:37:13,714] Trial 234 finished with value: 2630.0759003604167 and parameters: {'alpha_0': 0.004013178696515407, 'alpha_1': 6.81746812266898e-05, 'alpha_2': 0.00011801684364330481, 'beta_0': 0.16678329044025064, 'beta_1': 1.0497464539544605, 'beta_2': 0.10005659685200462, 'beta_3': 0.002753221087745098, 'beta_4': 0.5233815483807173, 'beta_5': 447.2561021520429, 'beta_6': 0.016827622802970385, 'beta_7': 0.03094299793374371, 'beta_8': 4.798959604149725e-05, 'beta_9': 1.0082986116376618e-07}. Best is trial 214 with value: 2441.777350257716.
[I 2026-03-31 15:37:15,006] Trial 235 finished with value: 2697.965306158266 and parameters: {'alpha_0': 0.004121891853902412, 'alpha_1': 0.00019951396601037926, 'alpha_2': 0.00010694762406086157, 'beta_0': 0.1588372989602335, 'beta_1': 1.0364185131509631, 'beta_2': 0.10971838119684871, 'beta_3': 0.0030207827407305893, 'beta_4': 0.5660803922733729, 'beta_5': 418.0202330905615, 'beta_6': 0.014497685441117921, 'beta_7': 0.030230920500513386, 'beta_8': 8.368331605851965e-05, 'beta_9': 1.562542726888489e-07}. Best is trial 214 with value: 2441.777350257716.
[I 2026-03-31 15:37:16,273] Trial 236 finished with value: 2595.6378137954325 and parameters: {'alpha_0': 0.004262022796914465, 'alpha_1': 8.629438949581223e-05, 'alpha_2': 0.00011414366342600244, 'beta_0': 0.16657502240402045, 'beta_1': 1.0704195778217522, 'beta_2': 0.06486950338205683, 'beta_3': 0.0028363448989111974, 'beta_4': 0.5156797170521317, 'beta_5': 328.0830196748309, 'beta_6': 0.019911561479163984, 'beta_7': 0.030278070239303626, 'beta_8': 8.621420471732839e-05, 'beta_9': 1.3105757856268845e-07}. Best is trial 214 with value: 2441.777350257716.
[I 2026-03-31 15:37:17,640] Trial 237 finished with value: 2548.3032529658162 and parameters: {'alpha_0': 0.00445181916202093, 'alpha_1': 9.18110134166048e-05, 'alpha_2': 0.00012346070605557968, 'beta_0': 0.15612668284573256, 'beta_1': 1.0891179532272433, 'beta_2': 0.09705823592643832, 'beta_3': 0.0026706299271779038, 'beta_4': 0.5505862012905037, 'beta_5': 234.45212970959273, 'beta_6': 0.012590297475646455, 'beta_7': 0.028979243382237483, 'beta_8': 1.1079011236958135e-05, 'beta_9': 1.6729413662857207e-07}. Best is trial 214 with value: 2441.777350257716.
[I 2026-03-31 15:37:19,178] Trial 238 finished with value: 3035.5687823018816 and parameters: {'alpha_0': 0.004420572327992223, 'alpha_1': 9.027272204171107e-05, 'alpha_2': 0.0001272114075015931, 'beta_0': 0.15422552181035631, 'beta_1': 1.1342186503897715, 'beta_2': 0.09129215863012645, 'beta_3': 0.002412571476760732, 'beta_4': 0.5458292752664318, 'beta_5': 156.93765841907043, 'beta_6': 0.011969311114679703, 'beta_7': 0.027392888160708725, 'beta_8': 6.806793419628463e-05, 'beta_9': 1.6963737817636798e-07}. Best is trial 214 with value: 2441.777350257716.
[I 2026-03-31 15:37:28,684] Trial 239 finished with value: 10785.941277935197 and parameters: {'alpha_0': 0.0043680491923122015, 'alpha_1': 7.896407634435397e-05, 'alpha_2': 0.00012385236991152034, 'beta_0': 0.15935666108355345, 'beta_1': 1.0888168531294224, 'beta_2': 0.12198308149484668, 'beta_3': 0.002639322641285705, 'beta_4': 0.49775945624969964, 'beta_5': 451.99172860727725, 'beta_6': 0.01597126450278572, 'beta_7': 0.02128945885474305, 'beta_8': 3.0930489384477675e-05, 'beta_9': 1.0324416910404132e-07}. Best is trial 214 with value: 2441.777350257716.
