[I 2026-03-31 15:35:12,202] Trial 150 finished with value: 2502.1152012411185 and parameters: {'alpha_0': 0.0007220587864279274, 'alpha_1': 7.077829290869626e-05, 'alpha_2': 0.00010059949988306415, 'beta_0': 0.10028121745993158, 'beta_1': 1.3240428394658967, 'beta_2': 0.2994302579234531, 'beta_3': 0.0034905307371829665, 'beta_4': 0.6365188137684304, 'beta_5': 892.1318920323738, 'beta_6': 0.016100002762845143, 'beta_7': 0.029816454585124608, 'beta_8': 8.019090986633531e-05, 'beta_9': 2.4276010615193574e-07}. Best is trial 130 with value: 2499.9824319690442.Best trial: 130. Best value: 2499.98:  15%|█▌        | 150/1000 [05:06<18:37,  1.31s/it]Best trial: 130. Best value: 2499.98:  15%|█▌        | 150/1000 [05:06<18:37,  1.31s/it]Best trial: 130. Best value: 2499.98:  15%|█▌        | 151/1000 [05:06<18:38,  1.32s/it]                                                                                        Best trial: 130. Best value: 2499.98:  15%|█▌        | 151/1000 [05:07<18:38,  1.32s/it]Best trial: 130. Best value: 2499.98:  15%|█▌        | 151/1000 [05:07<18:38,  1.32s/it]Best trial: 130. Best value: 2499.98:  15%|█▌        | 152/1000 [05:07<18:30,  1.31s/it]                                                                                        Best trial: 130. Best value: 2499.98:  15%|█▌        | 152/1000 [05:08<18:30,  1.31s/it]Best trial: 130. Best value: 2499.98:  15%|█▌        | 152/1000 [05:08<18:30,  1.31s/it]Best trial: 130. Best value: 2499.98:  15%|█▌        | 153/1000 [05:08<18:29,  1.31s/it]                                                                                        Best trial: 130. Best value: 2499.98:  15%|█▌        | 153/1000 [05:10<18:29,  1.31s/it]Best trial: 130. Best value: 2499.98:  15%|█▌        | 153/1000 [05:10<18:29,  1.31s/it]Best trial: 130. Best value: 2499.98:  15%|█▌        | 154/1000 [05:10<18:39,  1.32s/it]                                                                                        Best trial: 130. Best value: 2499.98:  15%|█▌        | 154/1000 [05:11<18:39,  1.32s/it]Best trial: 130. Best value: 2499.98:  15%|█▌        | 154/1000 [05:11<18:39,  1.32s/it]Best trial: 130. Best value: 2499.98:  16%|█▌        | 155/1000 [05:11<18:20,  1.30s/it]                                                                                        Best trial: 130. Best value: 2499.98:  16%|█▌        | 155/1000 [05:12<18:20,  1.30s/it]Best trial: 130. Best value: 2499.98:  16%|█▌        | 155/1000 [05:12<18:20,  1.30s/it]Best trial: 130. Best value: 2499.98:  16%|█▌        | 156/1000 [05:12<18:17,  1.30s/it]                                                                                        Best trial: 130. Best value: 2499.98:  16%|█▌        | 156/1000 [05:13<18:17,  1.30s/it]Best trial: 130. Best value: 2499.98:  16%|█▌        | 156/1000 [05:13<18:17,  1.30s/it]Best trial: 130. Best value: 2499.98:  16%|█▌        | 157/1000 [05:13<18:19,  1.30s/it]                                                                                        Best trial: 130. Best value: 2499.98:  16%|█▌        | 157/1000 [05:15<18:19,  1.30s/it]Best trial: 130. Best value: 2499.98:  16%|█▌        | 157/1000 [05:15<18:19,  1.30s/it]Best trial: 130. Best value: 2499.98:  16%|█▌        | 158/1000 [05:15<19:27,  1.39s/it]                                                                                        Best trial: 130. Best value: 2499.98:  16%|█▌        | 158/1000 [05:16<19:27,  1.39s/it]Best trial: 130. Best value: 2499.98:  16%|█▌        | 158/1000 [05:16<19:27,  1.39s/it]Best trial: 130. Best value: 2499.98:  16%|█▌        | 159/1000 [05:16<19:03,  1.36s/it]                                                                                        Best trial: 130. Best value: 2499.98:  16%|█▌        | 159/1000 [05:18<19:03,  1.36s/it]Best trial: 130. Best value: 2499.98:  16%|█▌        | 159/1000 [05:18<19:03,  1.36s/it]Best trial: 130. Best value: 2499.98:  16%|█▌        | 160/1000 [05:18<18:47,  1.34s/it]                                                                                        Best trial: 130. Best value: 2499.98:  16%|█▌        | 160/1000 [05:19<18:47,  1.34s/it]Best trial: 130. Best value: 2499.98:  16%|█▌        | 160/1000 [05:19<18:47,  1.34s/it]Best trial: 130. Best value: 2499.98:  16%|█▌        | 161/1000 [05:19<18:41,  1.34s/it]                                                                                        Best trial: 130. Best value: 2499.98:  16%|█▌        | 161/1000 [05:20<18:41,  1.34s/it]Best trial: 130. Best value: 2499.98:  16%|█▌        | 161/1000 [05:20<18:41,  1.34s/it]Best trial: 130. Best value: 2499.98:  16%|█▌        | 162/1000 [05:20<18:35,  1.33s/it]                                                                                        Best trial: 130. Best value: 2499.98:  16%|█▌        | 162/1000 [05:22<18:35,  1.33s/it]Best trial: 130. Best value: 2499.98:  16%|█▌        | 162/1000 [05:22<18:35,  1.33s/it]Best trial: 130. Best value: 2499.98:  16%|█▋        | 163/1000 [05:22<18:34,  1.33s/it]                                                                                        Best trial: 130. Best value: 2499.98:  16%|█▋        | 163/1000 [05:23<18:34,  1.33s/it]Best trial: 130. Best value: 2499.98:  16%|█▋        | 163/1000 [05:23<18:34,  1.33s/it]Best trial: 130. Best value: 2499.98:  16%|█▋        | 164/1000 [05:23<18:23,  1.32s/it]                                                                                        Best trial: 130. Best value: 2499.98:  16%|█▋        | 164/1000 [05:24<18:23,  1.32s/it]Best trial: 130. Best value: 2499.98:  16%|█▋        | 164/1000 [05:24<18:23,  1.32s/it]Best trial: 130. Best value: 2499.98:  16%|█▋        | 165/1000 [05:24<18:15,  1.31s/it]                                                                                        
[I 2026-03-31 15:35:13,495] Trial 151 finished with value: 2591.0330821848565 and parameters: {'alpha_0': 0.0006827105763591924, 'alpha_1': 7.141546038986961e-05, 'alpha_2': 8.597402040856584e-05, 'beta_0': 0.10470123760350379, 'beta_1': 1.3258225260070708, 'beta_2': 0.30230488186005156, 'beta_3': 0.003534904840918904, 'beta_4': 0.6377271645389553, 'beta_5': 886.1618143978385, 'beta_6': 0.01646901711756035, 'beta_7': 0.029813268029906446, 'beta_8': 7.926164054710712e-05, 'beta_9': 2.495026886544768e-07}. Best is trial 130 with value: 2499.9824319690442.
[I 2026-03-31 15:35:14,805] Trial 152 finished with value: 2643.043692491796 and parameters: {'alpha_0': 0.0006920665807721512, 'alpha_1': 7.255287046053374e-05, 'alpha_2': 8.760602977510079e-05, 'beta_0': 0.10080284464538335, 'beta_1': 1.354472024728877, 'beta_2': 0.300900961666593, 'beta_3': 0.00349153612343689, 'beta_4': 0.6365307353650141, 'beta_5': 884.730233556776, 'beta_6': 0.01658665685543994, 'beta_7': 0.029404805859305324, 'beta_8': 7.980054435808412e-05, 'beta_9': 2.529588241026209e-07}. Best is trial 130 with value: 2499.9824319690442.
[I 2026-03-31 15:35:16,160] Trial 153 finished with value: 2656.215740400793 and parameters: {'alpha_0': 0.0005039048416737, 'alpha_1': 6.331458560910014e-05, 'alpha_2': 0.0001007245614808951, 'beta_0': 0.1044062685376608, 'beta_1': 1.3207366877379956, 'beta_2': 0.32993578585248895, 'beta_3': 0.0034761363388170255, 'beta_4': 0.6664192066398817, 'beta_5': 833.027043793101, 'beta_6': 0.010022094162370036, 'beta_7': 0.02773207408750042, 'beta_8': 8.196591200898929e-05, 'beta_9': 3.300607893292136e-07}. Best is trial 130 with value: 2499.9824319690442.
[I 2026-03-31 15:35:17,415] Trial 154 finished with value: 2683.2794916910034 and parameters: {'alpha_0': 0.0008011090881082893, 'alpha_1': 5.490340775897406e-05, 'alpha_2': 8.16831175464611e-05, 'beta_0': 0.1071445471390886, 'beta_1': 1.3612557024356167, 'beta_2': 0.25664428444165577, 'beta_3': 0.003315293599351055, 'beta_4': 0.616885184462569, 'beta_5': 904.8774437166425, 'beta_6': 0.014576671916891052, 'beta_7': 0.03023232484543693, 'beta_8': 7.623279110006982e-05, 'beta_9': 2.922514942817324e-07}. Best is trial 130 with value: 2499.9824319690442.
[I 2026-03-31 15:35:18,709] Trial 155 finished with value: 2977.066762317534 and parameters: {'alpha_0': 0.0008733181271859077, 'alpha_1': 0.0002970555785032468, 'alpha_2': 9.500283324501336e-05, 'beta_0': 0.10006632257605837, 'beta_1': 1.374329537492578, 'beta_2': 0.2988270236615614, 'beta_3': 0.003635842909070753, 'beta_4': 0.5893622444240768, 'beta_5': 598.5194619044261, 'beta_6': 0.024277959098425596, 'beta_7': 0.028592304893793375, 'beta_8': 7.842656984614957e-05, 'beta_9': 3.6901953131183777e-07}. Best is trial 130 with value: 2499.9824319690442.
[I 2026-03-31 15:35:20,024] Trial 156 finished with value: 2858.2377969264426 and parameters: {'alpha_0': 0.0010004964953656097, 'alpha_1': 7.938672662554343e-05, 'alpha_2': 7.61267516048587e-05, 'beta_0': 0.11260417970850392, 'beta_1': 1.0154427736678264, 'beta_2': 0.24274358526110054, 'beta_3': 0.0032326785616089994, 'beta_4': 0.6527783834798738, 'beta_5': 966.843525726706, 'beta_6': 0.01789729867498131, 'beta_7': 0.03138131460420811, 'beta_8': 7.233484640689659e-05, 'beta_9': 2.369539920114934e-07}. Best is trial 130 with value: 2499.9824319690442.
[I 2026-03-31 15:35:21,600] Trial 157 finished with value: 3222.8936360965827 and parameters: {'alpha_0': 0.0006593322860850844, 'alpha_1': 6.0166228261297e-05, 'alpha_2': 0.00010721490592213774, 'beta_0': 0.10834625925633504, 'beta_1': 1.3446681168428363, 'beta_2': 0.3223757151641871, 'beta_3': 0.0037435268737271744, 'beta_4': 0.6355232898045002, 'beta_5': 926.8891868183898, 'beta_6': 0.012943411946802957, 'beta_7': 0.025861853680100043, 'beta_8': 8.400003164851375e-05, 'beta_9': 2.0384104050859545e-07}. Best is trial 130 with value: 2499.9824319690442.
[I 2026-03-31 15:35:22,899] Trial 158 finished with value: 2712.9414372604388 and parameters: {'alpha_0': 0.0007576778859104093, 'alpha_1': 7.2644520347625e-05, 'alpha_2': 6.552552464160398e-05, 'beta_0': 0.10397139855024985, 'beta_1': 1.325358506989495, 'beta_2': 0.2806099043619016, 'beta_3': 0.003958566775397955, 'beta_4': 0.5683976799753904, 'beta_5': 1010.247013256893, 'beta_6': 0.01594926029510791, 'beta_7': 0.029622750833355402, 'beta_8': 8.113278448368019e-05, 'beta_9': 2.834913874828753e-07}. Best is trial 130 with value: 2499.9824319690442.
[I 2026-03-31 15:35:24,197] Trial 159 finished with value: 2838.763354819597 and parameters: {'alpha_0': 0.0008786434153157207, 'alpha_1': 6.587360612245913e-05, 'alpha_2': 0.00010065872794017885, 'beta_0': 0.1121832037243586, 'beta_1': 1.3040932807980172, 'beta_2': 0.26176636027687, 'beta_3': 0.002828548214505762, 'beta_4': 0.6080156216371702, 'beta_5': 865.801640718557, 'beta_6': 0.022115339239883857, 'beta_7': 0.0318853489044723, 'beta_8': 8.601316136921541e-05, 'beta_9': 3.3117729409042e-07}. Best is trial 130 with value: 2499.9824319690442.
[I 2026-03-31 15:35:25,523] Trial 160 finished with value: 2735.674062286578 and parameters: {'alpha_0': 0.0005822470386566086, 'alpha_1': 5.452519941858877e-05, 'alpha_2': 9.249770052964393e-05, 'beta_0': 0.11689123917843675, 'beta_1': 1.3547790266062507, 'beta_2': 0.3600330429419841, 'beta_3': 0.003532063389095136, 'beta_4': 0.5482577355899484, 'beta_5': 299.78353599940766, 'beta_6': 0.01891684186944457, 'beta_7': 0.031161285875756815, 'beta_8': 8.265718311493827e-05, 'beta_9': 1.8319615892028106e-07}. Best is trial 130 with value: 2499.9824319690442.
[I 2026-03-31 15:35:26,840] Trial 161 finished with value: 2695.3915817477673 and parameters: {'alpha_0': 0.0009769514960665817, 'alpha_1': 6.847971518209423e-05, 'alpha_2': 8.842325797347471e-05, 'beta_0': 0.17711929551921707, 'beta_1': 1.331413464438179, 'beta_2': 0.24735066693549068, 'beta_3': 0.003375187466108104, 'beta_4': 0.6793351970548548, 'beta_5': 1118.045736906376, 'beta_6': 0.019822969204985517, 'beta_7': 0.03067699871455662, 'beta_8': 8.790754708093352e-05, 'beta_9': 1.491761044302165e-07}. Best is trial 130 with value: 2499.9824319690442.
[I 2026-03-31 15:35:28,175] Trial 162 finished with value: 2554.6264456067547 and parameters: {'alpha_0': 0.00068350717441068, 'alpha_1': 7.040527133927279e-05, 'alpha_2': 0.0001090027606504676, 'beta_0': 0.11809641465581955, 'beta_1': 1.335491663756824, 'beta_2': 0.29788717460386327, 'beta_3': 0.0035423862433157463, 'beta_4': 0.5801126790296307, 'beta_5': 1059.1608364422282, 'beta_6': 0.01392149439204612, 'beta_7': 0.02982213257148019, 'beta_8': 8.508334987100398e-05, 'beta_9': 2.3561848222712978e-07}. Best is trial 130 with value: 2499.9824319690442.
[I 2026-03-31 15:35:29,467] Trial 163 finished with value: 2534.5436882849726 and parameters: {'alpha_0': 0.0006662805310652224, 'alpha_1': 7.45299469957767e-05, 'alpha_2': 0.00012177782255025643, 'beta_0': 0.11170171366783713, 'beta_1': 1.3141936158810015, 'beta_2': 0.29996049804266156, 'beta_3': 0.0035499755368442283, 'beta_4': 0.5829003168840959, 'beta_5': 1071.6394607546326, 'beta_6': 0.01325246169680296, 'beta_7': 0.029659607868296228, 'beta_8': 8.450445091570255e-05, 'beta_9': 2.3427055134104083e-07}. Best is trial 130 with value: 2499.9824319690442.
[I 2026-03-31 15:35:30,759] Trial 164 finished with value: 2560.5009622345833 and parameters: {'alpha_0': 0.0006995175410284296, 'alpha_1': 8.225647312797771e-05, 'alpha_2': 0.00012652649369179146, 'beta_0': 0.16411643069390447, 'beta_1': 1.281691680574571, 'beta_2': 0.301941077851366, 'beta_3': 0.0034172627022259028, 'beta_4': 0.5770086432179169, 'beta_5': 1058.9750997039796, 'beta_6': 0.01005308424042927, 'beta_7': 0.02982614677316724, 'beta_8': 8.010725107207209e-05, 'beta_9': 2.3250848950059767e-07}. Best is trial 130 with value: 2499.9824319690442.
[I 2026-03-31 15:35:32,026] Trial 165 finished with value: 2729.936219399463 and parameters: {'alpha_0': 0.0006794771303934714, 'alpha_1': 8.138640136274248e-05, 'alpha_2': 0.00012437731649062706, 'beta_0': 0.11517324673424018, 'beta_1': 1.2816107585418484, 'beta_2': 0.29929683141752983, 'beta_3': 0.0034697209554540812, 'beta_4': 0.5740779998790058, 'beta_5': 1080.7027592134655, 'beta_6': 0.01481652405720241, 'beta_7': 0.030147524369361117, 'beta_8': 7.940782515243338e-05, 'beta_9': 2.3165438248005915e-07}. Best is trial 130 with value: 2499.9824319690442.Best trial: 130. Best value: 2499.98:  16%|█▋        | 165/1000 [05:25<18:15,  1.31s/it]Best trial: 130. Best value: 2499.98:  16%|█▋        | 165/1000 [05:25<18:15,  1.31s/it]Best trial: 130. Best value: 2499.98:  17%|█▋        | 166/1000 [05:25<18:02,  1.30s/it]                                                                                        Best trial: 130. Best value: 2499.98:  17%|█▋        | 166/1000 [05:27<18:02,  1.30s/it]Best trial: 130. Best value: 2499.98:  17%|█▋        | 166/1000 [05:27<18:02,  1.30s/it]Best trial: 130. Best value: 2499.98:  17%|█▋        | 167/1000 [05:27<18:05,  1.30s/it]                                                                                        Best trial: 130. Best value: 2499.98:  17%|█▋        | 167/1000 [05:28<18:05,  1.30s/it]Best trial: 130. Best value: 2499.98:  17%|█▋        | 167/1000 [05:28<18:05,  1.30s/it]Best trial: 130. Best value: 2499.98:  17%|█▋        | 168/1000 [05:28<18:05,  1.30s/it]                                                                                        Best trial: 130. Best value: 2499.98:  17%|█▋        | 168/1000 [05:29<18:05,  1.30s/it]Best trial: 130. Best value: 2499.98:  17%|█▋        | 168/1000 [05:29<18:05,  1.30s/it]Best trial: 130. Best value: 2499.98:  17%|█▋        | 169/1000 [05:29<18:04,  1.31s/it]                                                                                        Best trial: 130. Best value: 2499.98:  17%|█▋        | 169/1000 [05:31<18:04,  1.31s/it]Best trial: 130. Best value: 2499.98:  17%|█▋        | 169/1000 [05:31<18:04,  1.31s/it]Best trial: 130. Best value: 2499.98:  17%|█▋        | 170/1000 [05:31<18:02,  1.30s/it]                                                                                        Best trial: 130. Best value: 2499.98:  17%|█▋        | 170/1000 [05:32<18:02,  1.30s/it]Best trial: 130. Best value: 2499.98:  17%|█▋        | 170/1000 [05:32<18:02,  1.30s/it]Best trial: 130. Best value: 2499.98:  17%|█▋        | 171/1000 [05:32<17:53,  1.29s/it]                                                                                        Best trial: 130. Best value: 2499.98:  17%|█▋        | 171/1000 [05:33<17:53,  1.29s/it]Best trial: 171. Best value: 2468.02:  17%|█▋        | 171/1000 [05:33<17:53,  1.29s/it]Best trial: 171. Best value: 2468.02:  17%|█▋        | 172/1000 [05:33<17:54,  1.30s/it]                                                                                        Best trial: 171. Best value: 2468.02:  17%|█▋        | 172/1000 [05:34<17:54,  1.30s/it]Best trial: 171. Best value: 2468.02:  17%|█▋        | 172/1000 [05:34<17:54,  1.30s/it]Best trial: 171. Best value: 2468.02:  17%|█▋        | 173/1000 [05:34<17:45,  1.29s/it]                                                                                        Best trial: 171. Best value: 2468.02:  17%|█▋        | 173/1000 [05:36<17:45,  1.29s/it]Best trial: 171. Best value: 2468.02:  17%|█▋        | 173/1000 [05:36<17:45,  1.29s/it]Best trial: 171. Best value: 2468.02:  17%|█▋        | 174/1000 [05:36<17:57,  1.30s/it]                                                                                        Best trial: 171. Best value: 2468.02:  17%|█▋        | 174/1000 [05:37<17:57,  1.30s/it]Best trial: 171. Best value: 2468.02:  17%|█▋        | 174/1000 [05:37<17:57,  1.30s/it]Best trial: 171. Best value: 2468.02:  18%|█▊        | 175/1000 [05:37<17:48,  1.29s/it]                                                                                        Best trial: 171. Best value: 2468.02:  18%|█▊        | 175/1000 [05:38<17:48,  1.29s/it]Best trial: 175. Best value: 2442.95:  18%|█▊        | 175/1000 [05:38<17:48,  1.29s/it]Best trial: 175. Best value: 2442.95:  18%|█▊        | 176/1000 [05:38<17:44,  1.29s/it]                                                                                        Best trial: 175. Best value: 2442.95:  18%|█▊        | 176/1000 [05:40<17:44,  1.29s/it]Best trial: 175. Best value: 2442.95:  18%|█▊        | 176/1000 [05:40<17:44,  1.29s/it]Best trial: 175. Best value: 2442.95:  18%|█▊        | 177/1000 [05:40<17:54,  1.31s/it]                                                                                        Best trial: 175. Best value: 2442.95:  18%|█▊        | 177/1000 [05:41<17:54,  1.31s/it]Best trial: 175. Best value: 2442.95:  18%|█▊        | 177/1000 [05:41<17:54,  1.31s/it]Best trial: 175. Best value: 2442.95:  18%|█▊        | 178/1000 [05:41<18:01,  1.32s/it]                                                                                        Best trial: 175. Best value: 2442.95:  18%|█▊        | 178/1000 [05:43<18:01,  1.32s/it]Best trial: 175. Best value: 2442.95:  18%|█▊        | 178/1000 [05:43<18:01,  1.32s/it]Best trial: 175. Best value: 2442.95:  18%|█▊        | 179/1000 [05:43<18:48,  1.37s/it]                                                                                        Best trial: 175. Best value: 2442.95:  18%|█▊        | 179/1000 [05:44<18:48,  1.37s/it]Best trial: 175. Best value: 2442.95:  18%|█▊        | 179/1000 [05:44<18:48,  1.37s/it]Best trial: 175. Best value: 2442.95:  18%|█▊        | 180/1000 [05:44<18:37,  1.36s/it]                                                                                        
[I 2026-03-31 15:35:33,339] Trial 166 finished with value: 2710.9856729908543 and parameters: {'alpha_0': 0.0005206004784273579, 'alpha_1': 8.714420304338101e-05, 'alpha_2': 0.00011797403748467389, 'beta_0': 0.12304143079950308, 'beta_1': 1.2934674974229834, 'beta_2': 0.28558904858473433, 'beta_3': 0.003577538099881578, 'beta_4': 0.5278678259264691, 'beta_5': 1165.2337252614907, 'beta_6': 0.012768596151088798, 'beta_7': 0.03217223750610444, 'beta_8': 7.51754107205548e-05, 'beta_9': 1.9350388185718906e-07}. Best is trial 130 with value: 2499.9824319690442.
[I 2026-03-31 15:35:34,648] Trial 167 finished with value: 2900.7524183743644 and parameters: {'alpha_0': 0.0006261902031376899, 'alpha_1': 7.643139858042057e-05, 'alpha_2': 0.00013092584233001541, 'beta_0': 0.19706608693306712, 'beta_1': 1.3141795296222485, 'beta_2': 0.29776791538718056, 'beta_3': 0.0038372620837287086, 'beta_4': 0.5773803958638841, 'beta_5': 1064.8485627613134, 'beta_6': 0.025609620261419587, 'beta_7': 0.030740549778544634, 'beta_8': 8.085401740583623e-05, 'beta_9': 2.3388482038734e-07}. Best is trial 130 with value: 2499.9824319690442.
[I 2026-03-31 15:35:35,954] Trial 168 finished with value: 2529.403280193679 and parameters: {'alpha_0': 0.0007758314668369788, 'alpha_1': 5.0111714988476514e-05, 'alpha_2': 0.00011150501310193188, 'beta_0': 0.13116598469594976, 'beta_1': 1.2461024941387921, 'beta_2': 0.32861009338400854, 'beta_3': 0.003169503670912686, 'beta_4': 0.5578829624857831, 'beta_5': 1124.986943302625, 'beta_6': 0.012835038312239816, 'beta_7': 0.02978879805533462, 'beta_8': 7.793837502495622e-05, 'beta_9': 1.6797135914790076e-07}. Best is trial 130 with value: 2499.9824319690442.
[I 2026-03-31 15:35:37,255] Trial 169 finished with value: 3241.6531560457834 and parameters: {'alpha_0': 0.0007532461814045272, 'alpha_1': 0.00022094081065653854, 'alpha_2': 0.00010982500716339839, 'beta_0': 0.15696078975391656, 'beta_1': 1.2444427671598868, 'beta_2': 0.33017977725555114, 'beta_3': 0.003083706498884533, 'beta_4': 0.5551063482077104, 'beta_5': 1121.7062712624554, 'beta_6': 0.010016179034169778, 'beta_7': 0.031073975596050924, 'beta_8': 7.813684930511849e-05, 'beta_9': 1.6463097043017236e-07}. Best is trial 130 with value: 2499.9824319690442.
