[I 2026-03-31 15:34:13,425] Trial 105 finished with value: 2596.0246153857593 and parameters: {'alpha_0': 0.002592364466921996, 'alpha_1': 8.311611782789689e-05, 'alpha_2': 0.00018979490699021093, 'beta_0': 0.11710910697763748, 'beta_1': 1.3108133488808782, 'beta_2': 0.41576924489652056, 'beta_3': 0.0038714270732230376, 'beta_4': 0.7112605973348839, 'beta_5': 1142.1052995031641, 'beta_6': 0.020569575614455056, 'beta_7': 0.03208613773734277, 'beta_8': 8.289782434400593e-05, 'beta_9': 1.0206836690099013e-07}. Best is trial 51 with value: 2514.6051342609703.Best trial: 51. Best value: 2514.61:  10%|█         | 105/1000 [04:07<19:11,  1.29s/it]Best trial: 51. Best value: 2514.61:  10%|█         | 105/1000 [04:07<19:11,  1.29s/it]Best trial: 51. Best value: 2514.61:  11%|█         | 106/1000 [04:07<19:19,  1.30s/it]                                                                                       Best trial: 51. Best value: 2514.61:  11%|█         | 106/1000 [04:08<19:19,  1.30s/it]Best trial: 51. Best value: 2514.61:  11%|█         | 106/1000 [04:08<19:19,  1.30s/it]Best trial: 51. Best value: 2514.61:  11%|█         | 107/1000 [04:08<18:57,  1.27s/it]                                                                                       Best trial: 51. Best value: 2514.61:  11%|█         | 107/1000 [04:09<18:57,  1.27s/it]Best trial: 51. Best value: 2514.61:  11%|█         | 107/1000 [04:09<18:57,  1.27s/it]Best trial: 51. Best value: 2514.61:  11%|█         | 108/1000 [04:09<19:05,  1.28s/it]                                                                                       Best trial: 51. Best value: 2514.61:  11%|█         | 108/1000 [04:11<19:05,  1.28s/it]Best trial: 51. Best value: 2514.61:  11%|█         | 108/1000 [04:11<19:05,  1.28s/it]Best trial: 51. Best value: 2514.61:  11%|█         | 109/1000 [04:11<18:57,  1.28s/it]                                                                                       Best trial: 51. Best value: 2514.61:  11%|█         | 109/1000 [04:12<18:57,  1.28s/it]Best trial: 51. Best value: 2514.61:  11%|█         | 109/1000 [04:12<18:57,  1.28s/it]Best trial: 51. Best value: 2514.61:  11%|█         | 110/1000 [04:12<18:53,  1.27s/it]                                                                                       Best trial: 51. Best value: 2514.61:  11%|█         | 110/1000 [04:13<18:53,  1.27s/it]Best trial: 51. Best value: 2514.61:  11%|█         | 110/1000 [04:13<18:53,  1.27s/it]Best trial: 51. Best value: 2514.61:  11%|█         | 111/1000 [04:13<18:44,  1.27s/it]                                                                                       Best trial: 51. Best value: 2514.61:  11%|█         | 111/1000 [04:14<18:44,  1.27s/it]Best trial: 51. Best value: 2514.61:  11%|█         | 111/1000 [04:14<18:44,  1.27s/it]Best trial: 51. Best value: 2514.61:  11%|█         | 112/1000 [04:14<18:49,  1.27s/it]                                                                                       Best trial: 51. Best value: 2514.61:  11%|█         | 112/1000 [04:16<18:49,  1.27s/it]Best trial: 51. Best value: 2514.61:  11%|█         | 112/1000 [04:16<18:49,  1.27s/it]Best trial: 51. Best value: 2514.61:  11%|█▏        | 113/1000 [04:16<18:46,  1.27s/it]                                                                                       Best trial: 51. Best value: 2514.61:  11%|█▏        | 113/1000 [04:17<18:46,  1.27s/it]Best trial: 51. Best value: 2514.61:  11%|█▏        | 113/1000 [04:17<18:46,  1.27s/it]Best trial: 51. Best value: 2514.61:  11%|█▏        | 114/1000 [04:17<18:56,  1.28s/it]                                                                                       Best trial: 51. Best value: 2514.61:  11%|█▏        | 114/1000 [04:18<18:56,  1.28s/it]Best trial: 51. Best value: 2514.61:  11%|█▏        | 114/1000 [04:18<18:56,  1.28s/it]Best trial: 51. Best value: 2514.61:  12%|█▏        | 115/1000 [04:18<18:46,  1.27s/it]                                                                                       Best trial: 51. Best value: 2514.61:  12%|█▏        | 115/1000 [04:19<18:46,  1.27s/it]Best trial: 51. Best value: 2514.61:  12%|█▏        | 115/1000 [04:20<18:46,  1.27s/it]Best trial: 51. Best value: 2514.61:  12%|█▏        | 116/1000 [04:20<18:52,  1.28s/it]                                                                                       Best trial: 51. Best value: 2514.61:  12%|█▏        | 116/1000 [04:21<18:52,  1.28s/it]Best trial: 51. Best value: 2514.61:  12%|█▏        | 116/1000 [04:21<18:52,  1.28s/it]Best trial: 51. Best value: 2514.61:  12%|█▏        | 117/1000 [04:21<18:30,  1.26s/it]                                                                                       Best trial: 51. Best value: 2514.61:  12%|█▏        | 117/1000 [04:22<18:30,  1.26s/it]Best trial: 51. Best value: 2514.61:  12%|█▏        | 117/1000 [04:22<18:30,  1.26s/it]Best trial: 51. Best value: 2514.61:  12%|█▏        | 118/1000 [04:22<18:27,  1.26s/it]                                                                                       Best trial: 51. Best value: 2514.61:  12%|█▏        | 118/1000 [04:23<18:27,  1.26s/it]Best trial: 51. Best value: 2514.61:  12%|█▏        | 118/1000 [04:23<18:27,  1.26s/it]Best trial: 51. Best value: 2514.61:  12%|█▏        | 119/1000 [04:23<18:05,  1.23s/it]                                                                                       Best trial: 51. Best value: 2514.61:  12%|█▏        | 119/1000 [04:24<18:05,  1.23s/it]Best trial: 51. Best value: 2514.61:  12%|█▏        | 119/1000 [04:24<18:05,  1.23s/it]Best trial: 51. Best value: 2514.61:  12%|█▏        | 120/1000 [04:24<18:20,  1.25s/it]                                                                                       
[I 2026-03-31 15:34:14,644] Trial 106 finished with value: 3204.622425818458 and parameters: {'alpha_0': 0.0021784827989393234, 'alpha_1': 8.171444071438976e-05, 'alpha_2': 0.00020981282790101543, 'beta_0': 0.11553990708943734, 'beta_1': 1.2875895792468282, 'beta_2': 0.42623666375444613, 'beta_3': 0.0038088468167623104, 'beta_4': 0.7051261033143867, 'beta_5': 1159.5676353169486, 'beta_6': 0.013231226741481144, 'beta_7': 0.036903069611917284, 'beta_8': 8.138090941239383e-05, 'beta_9': 1.9800694245048381e-07}. Best is trial 51 with value: 2514.6051342609703.
[I 2026-03-31 15:34:15,953] Trial 107 finished with value: 2711.7030440496064 and parameters: {'alpha_0': 0.002598801319348438, 'alpha_1': 8.804239192357193e-05, 'alpha_2': 0.00020364500430329588, 'beta_0': 0.10651374833983102, 'beta_1': 1.3151256825566309, 'beta_2': 0.48087459585782116, 'beta_3': 0.0034825765516771448, 'beta_4': 0.6896065715690841, 'beta_5': 1095.3951549516996, 'beta_6': 0.02055423280898351, 'beta_7': 0.03226446948350959, 'beta_8': 8.285473837853254e-05, 'beta_9': 1.4041385817750427e-07}. Best is trial 51 with value: 2514.6051342609703.
[I 2026-03-31 15:34:17,210] Trial 108 finished with value: 2879.813159636843 and parameters: {'alpha_0': 0.0030600973080679252, 'alpha_1': 9.802892766445169e-05, 'alpha_2': 0.00019134549666458743, 'beta_0': 0.13384408141383017, 'beta_1': 1.2605106944753923, 'beta_2': 0.5188191144045636, 'beta_3': 0.003921560563943308, 'beta_4': 0.7614536212299039, 'beta_5': 1134.8340123953346, 'beta_6': 0.016542563457141897, 'beta_7': 0.03540123907863214, 'beta_8': 1.916758110865851e-05, 'beta_9': 1.8894704113293427e-07}. Best is trial 51 with value: 2514.6051342609703.
[I 2026-03-31 15:34:18,478] Trial 109 finished with value: 2750.1770431060004 and parameters: {'alpha_0': 0.002900449875483538, 'alpha_1': 7.422757825809917e-05, 'alpha_2': 0.00014888482706600014, 'beta_0': 0.11227297516342624, 'beta_1': 1.2934407480747354, 'beta_2': 0.40648068585399355, 'beta_3': 0.004425404600006426, 'beta_4': 0.7156972631484394, 'beta_5': 1300.7613225659995, 'beta_6': 0.027552453914597236, 'beta_7': 0.03167507795742218, 'beta_8': 9.244507305143973e-05, 'beta_9': 2.6707095361430057e-07}. Best is trial 51 with value: 2514.6051342609703.
[I 2026-03-31 15:34:19,719] Trial 110 finished with value: 2928.860337965874 and parameters: {'alpha_0': 0.0024648743525200055, 'alpha_1': 9.239160395491012e-05, 'alpha_2': 0.00018132785885582048, 'beta_0': 0.12444015994360455, 'beta_1': 1.2706649724231647, 'beta_2': 0.35639206292707626, 'beta_3': 0.004144415613421012, 'beta_4': 0.6190645348656522, 'beta_5': 1251.0705831806551, 'beta_6': 0.01138193019075841, 'beta_7': 0.03271710444925178, 'beta_8': 8.362259770526016e-05, 'beta_9': 1.6069902342119897e-07}. Best is trial 51 with value: 2514.6051342609703.
[I 2026-03-31 15:34:21,012] Trial 111 finished with value: 2621.0330402084514 and parameters: {'alpha_0': 0.0027348094843195297, 'alpha_1': 6.845308842937533e-05, 'alpha_2': 0.0001896188774875135, 'beta_0': 0.11822525456747286, 'beta_1': 1.330747422587624, 'beta_2': 0.4556257636733655, 'beta_3': 0.004765291872720354, 'beta_4': 0.7281654920101241, 'beta_5': 1210.2266306968977, 'beta_6': 0.020714066814434905, 'beta_7': 0.03407966500143109, 'beta_8': 8.75439602728951e-05, 'beta_9': 1.0250731144635258e-07}. Best is trial 51 with value: 2514.6051342609703.
[I 2026-03-31 15:34:22,276] Trial 112 finished with value: 2853.6665958587027 and parameters: {'alpha_0': 0.0027673657225742738, 'alpha_1': 5.9180359499228434e-05, 'alpha_2': 0.00019004917876685112, 'beta_0': 0.11835024088306852, 'beta_1': 1.3488397383772872, 'beta_2': 0.45129985301101966, 'beta_3': 0.004802513460819325, 'beta_4': 0.7307165550889761, 'beta_5': 1075.9980494453007, 'beta_6': 0.01997231542153943, 'beta_7': 0.03465300435496783, 'beta_8': 8.925482595045841e-05, 'beta_9': 2.0374456526542128e-07}. Best is trial 51 with value: 2514.6051342609703.
[I 2026-03-31 15:34:23,588] Trial 113 finished with value: 2914.8709331604286 and parameters: {'alpha_0': 0.002427114535467432, 'alpha_1': 0.0002714037414283057, 'alpha_2': 0.00018890280795089463, 'beta_0': 0.11281451819997915, 'beta_1': 1.3260776541655053, 'beta_2': 0.4653140646233412, 'beta_3': 0.004428217107244441, 'beta_4': 0.6742035793596292, 'beta_5': 1354.4945651193034, 'beta_6': 0.02366257373214807, 'beta_7': 0.03420783587196549, 'beta_8': 8.649890107977163e-05, 'beta_9': 1.378809308646677e-07}. Best is trial 51 with value: 2514.6051342609703.
[I 2026-03-31 15:34:24,841] Trial 114 finished with value: 2789.8335621895203 and parameters: {'alpha_0': 0.003243774224189787, 'alpha_1': 6.804868202507723e-05, 'alpha_2': 0.0002006289189933367, 'beta_0': 0.12920889325232138, 'beta_1': 1.305312734498365, 'beta_2': 0.39786108926216673, 'beta_3': 0.004210408577307416, 'beta_4': 0.6955128132369796, 'beta_5': 1220.2582949445548, 'beta_6': 0.01585017911020121, 'beta_7': 0.0357747305022645, 'beta_8': 7.983548182928826e-05, 'beta_9': 1.0424416548585018e-07}. Best is trial 51 with value: 2514.6051342609703.
[I 2026-03-31 15:34:26,138] Trial 115 finished with value: 2993.8409893854646 and parameters: {'alpha_0': 0.0025794882185253914, 'alpha_1': 8.358134455102031e-05, 'alpha_2': 0.00016837025434982754, 'beta_0': 0.10727568566671727, 'beta_1': 1.35901086337803, 'beta_2': 0.44037238028181913, 'beta_3': 0.004746699785518931, 'beta_4': 0.7563553197980841, 'beta_5': 1129.9523950948724, 'beta_6': 0.029993015184577573, 'beta_7': 0.032076755903726696, 'beta_8': 9.243126760209808e-05, 'beta_9': 2.617753794748468e-07}. Best is trial 51 with value: 2514.6051342609703.
[I 2026-03-31 15:34:27,342] Trial 116 finished with value: 3434.9689106422597 and parameters: {'alpha_0': 0.0015488344333943135, 'alpha_1': 0.0001646498017880266, 'alpha_2': 5.799074385634637e-05, 'beta_0': 0.122935023395115, 'beta_1': 1.3339584593688314, 'beta_2': 0.41526664412984277, 'beta_3': 0.004509645985268643, 'beta_4': 0.7161016650898787, 'beta_5': 1197.2829915120124, 'beta_6': 0.037184437703768204, 'beta_7': 0.033094875889863776, 'beta_8': 9.527353779415855e-05, 'beta_9': 1.7211476519942427e-07}. Best is trial 51 with value: 2514.6051342609703.
[I 2026-03-31 15:34:28,594] Trial 117 finished with value: 2925.26548910563 and parameters: {'alpha_0': 0.0029357682393358338, 'alpha_1': 0.00012984654022423286, 'alpha_2': 0.00014278308026310433, 'beta_0': 0.10077202612655779, 'beta_1': 1.3443294008864721, 'beta_2': 0.5138167841035092, 'beta_3': 0.003924574320161067, 'beta_4': 0.7687881359122198, 'beta_5': 1152.7330832114258, 'beta_6': 0.02094604429139625, 'beta_7': 0.035156656286023276, 'beta_8': 9.351660443859137e-05, 'beta_9': 2.290825521379266e-07}. Best is trial 51 with value: 2514.6051342609703.
[I 2026-03-31 15:34:29,768] Trial 118 finished with value: 3884.3786005811385 and parameters: {'alpha_0': 0.0011879072917183862, 'alpha_1': 5.9349386927464987e-05, 'alpha_2': 0.00017767813338332794, 'beta_0': 0.11662045728869258, 'beta_1': 1.3183001938239485, 'beta_2': 0.5384691937395049, 'beta_3': 0.0051856746797178735, 'beta_4': 0.7409250248931268, 'beta_5': 1431.6484688146038, 'beta_6': 0.026403485405414397, 'beta_7': 0.033934261687323795, 'beta_8': 8.40079316827039e-05, 'beta_9': 1.7347863361272778e-06}. Best is trial 51 with value: 2514.6051342609703.
[I 2026-03-31 15:34:31,065] Trial 119 finished with value: 2569.846802979667 and parameters: {'alpha_0': 0.0006687430802259681, 'alpha_1': 5.025987004901747e-05, 'alpha_2': 0.00011015549352899335, 'beta_0': 0.10651230035233945, 'beta_1': 1.3649523305516011, 'beta_2': 0.25160036053351076, 'beta_3': 0.00485595658640079, 'beta_4': 0.7077906098600386, 'beta_5': 1073.0572454388948, 'beta_6': 0.01781068167098517, 'beta_7': 0.031383555710138844, 'beta_8': 9.003846364379163e-05, 'beta_9': 1.3553215260613029e-07}. Best is trial 51 with value: 2514.6051342609703.
[I 2026-03-31 15:34:32,357] Trial 120 finished with value: 2584.6896985258354 and parameters: {'alpha_0': 0.0008142143885017934, 'alpha_1': 5.2436636556968395e-05, 'alpha_2': 9.457734940923452e-05, 'beta_0': 0.10678064598020827, 'beta_1': 1.3658603644646263, 'beta_2': 0.26048311108614525, 'beta_3': 0.004917466396407515, 'beta_4': 0.6482154281786694, 'beta_5': 443.04039874720945, 'beta_6': 0.01808235767098503, 'beta_7': 0.03124182189121527, 'beta_8': 8.733830863933231e-05, 'beta_9': 2.0215557612568677e-07}. Best is trial 51 with value: 2514.6051342609703.Best trial: 51. Best value: 2514.61:  12%|█▏        | 120/1000 [04:26<18:20,  1.25s/it]Best trial: 51. Best value: 2514.61:  12%|█▏        | 120/1000 [04:26<18:20,  1.25s/it]Best trial: 51. Best value: 2514.61:  12%|█▏        | 121/1000 [04:26<18:30,  1.26s/it]                                                                                       Best trial: 51. Best value: 2514.61:  12%|█▏        | 121/1000 [04:27<18:30,  1.26s/it]Best trial: 51. Best value: 2514.61:  12%|█▏        | 121/1000 [04:27<18:30,  1.26s/it]Best trial: 51. Best value: 2514.61:  12%|█▏        | 122/1000 [04:27<18:22,  1.26s/it]                                                                                       Best trial: 51. Best value: 2514.61:  12%|█▏        | 122/1000 [04:28<18:22,  1.26s/it]Best trial: 51. Best value: 2514.61:  12%|█▏        | 122/1000 [04:28<18:22,  1.26s/it]Best trial: 51. Best value: 2514.61:  12%|█▏        | 123/1000 [04:28<18:02,  1.23s/it]                                                                                       Best trial: 51. Best value: 2514.61:  12%|█▏        | 123/1000 [04:29<18:02,  1.23s/it]Best trial: 51. Best value: 2514.61:  12%|█▏        | 123/1000 [04:29<18:02,  1.23s/it]Best trial: 51. Best value: 2514.61:  12%|█▏        | 124/1000 [04:29<18:20,  1.26s/it]                                                                                       Best trial: 51. Best value: 2514.61:  12%|█▏        | 124/1000 [04:31<18:20,  1.26s/it]Best trial: 51. Best value: 2514.61:  12%|█▏        | 124/1000 [04:31<18:20,  1.26s/it]Best trial: 51. Best value: 2514.61:  12%|█▎        | 125/1000 [04:31<18:41,  1.28s/it]                                                                                       Best trial: 51. Best value: 2514.61:  12%|█▎        | 125/1000 [04:32<18:41,  1.28s/it]Best trial: 51. Best value: 2514.61:  12%|█▎        | 125/1000 [04:32<18:41,  1.28s/it]Best trial: 51. Best value: 2514.61:  13%|█▎        | 126/1000 [04:32<18:46,  1.29s/it]                                                                                       Best trial: 51. Best value: 2514.61:  13%|█▎        | 126/1000 [04:33<18:46,  1.29s/it]Best trial: 51. Best value: 2514.61:  13%|█▎        | 126/1000 [04:33<18:46,  1.29s/it]Best trial: 51. Best value: 2514.61:  13%|█▎        | 127/1000 [04:33<18:47,  1.29s/it]                                                                                       Best trial: 51. Best value: 2514.61:  13%|█▎        | 127/1000 [04:35<18:47,  1.29s/it]Best trial: 51. Best value: 2514.61:  13%|█▎        | 127/1000 [04:35<18:47,  1.29s/it]Best trial: 51. Best value: 2514.61:  13%|█▎        | 128/1000 [04:35<18:52,  1.30s/it]                                                                                       Best trial: 51. Best value: 2514.61:  13%|█▎        | 128/1000 [04:36<18:52,  1.30s/it]Best trial: 51. Best value: 2514.61:  13%|█▎        | 128/1000 [04:36<18:52,  1.30s/it]Best trial: 51. Best value: 2514.61:  13%|█▎        | 129/1000 [04:36<18:51,  1.30s/it]                                                                                       Best trial: 51. Best value: 2514.61:  13%|█▎        | 129/1000 [04:37<18:51,  1.30s/it]Best trial: 51. Best value: 2514.61:  13%|█▎        | 129/1000 [04:37<18:51,  1.30s/it]Best trial: 51. Best value: 2514.61:  13%|█▎        | 130/1000 [04:37<18:57,  1.31s/it]                                                                                       Best trial: 51. Best value: 2514.61:  13%|█▎        | 130/1000 [04:39<18:57,  1.31s/it]Best trial: 130. Best value: 2499.98:  13%|█▎        | 130/1000 [04:39<18:57,  1.31s/it]Best trial: 130. Best value: 2499.98:  13%|█▎        | 131/1000 [04:39<18:55,  1.31s/it]                                                                                        Best trial: 130. Best value: 2499.98:  13%|█▎        | 131/1000 [04:40<18:55,  1.31s/it]Best trial: 130. Best value: 2499.98:  13%|█▎        | 131/1000 [04:40<18:55,  1.31s/it]Best trial: 130. Best value: 2499.98:  13%|█▎        | 132/1000 [04:40<18:50,  1.30s/it]                                                                                        Best trial: 130. Best value: 2499.98:  13%|█▎        | 132/1000 [04:41<18:50,  1.30s/it]Best trial: 130. Best value: 2499.98:  13%|█▎        | 132/1000 [04:41<18:50,  1.30s/it]Best trial: 130. Best value: 2499.98:  13%|█▎        | 133/1000 [04:41<18:56,  1.31s/it]                                                                                        Best trial: 130. Best value: 2499.98:  13%|█▎        | 133/1000 [04:43<18:56,  1.31s/it]Best trial: 130. Best value: 2499.98:  13%|█▎        | 133/1000 [04:43<18:56,  1.31s/it]Best trial: 130. Best value: 2499.98:  13%|█▎        | 134/1000 [04:43<19:08,  1.33s/it]                                                                                        Best trial: 130. Best value: 2499.98:  13%|█▎        | 134/1000 [04:44<19:08,  1.33s/it]Best trial: 130. Best value: 2499.98:  13%|█▎        | 134/1000 [04:44<19:08,  1.33s/it]Best trial: 130. Best value: 2499.98:  14%|█▎        | 135/1000 [04:44<19:06,  1.33s/it]                                                                                        
[I 2026-03-31 15:34:33,593] Trial 121 finished with value: 3265.460675513342 and parameters: {'alpha_0': 0.0005820434307390951, 'alpha_1': 5.051938106053218e-05, 'alpha_2': 0.00010185035502842098, 'beta_0': 0.10660675813172954, 'beta_1': 1.3691925991399136, 'beta_2': 0.24591086466810927, 'beta_3': 0.004892388843410124, 'beta_4': 0.6546511239548116, 'beta_5': 463.47150931380884, 'beta_6': 0.017650694728919534, 'beta_7': 0.029933610489926356, 'beta_8': 8.734270639103135e-05, 'beta_9': 1.3199892279399764e-06}. Best is trial 51 with value: 2514.6051342609703.
[I 2026-03-31 15:34:34,777] Trial 122 finished with value: 2733.273035753037 and parameters: {'alpha_0': 0.0006855510344834366, 'alpha_1': 6.576623534614404e-05, 'alpha_2': 8.584661120442436e-05, 'beta_0': 0.10967492700216888, 'beta_1': 1.348045183428868, 'beta_2': 0.21104616798993384, 'beta_3': 0.004665392093665011, 'beta_4': 0.6896026878937448, 'beta_5': 422.75427456720354, 'beta_6': 0.014091201083362242, 'beta_7': 0.03254588233151236, 'beta_8': 8.897484648332906e-05, 'beta_9': 1.7243299209473965e-07}. Best is trial 51 with value: 2514.6051342609703.
[I 2026-03-31 15:34:36,084] Trial 123 finished with value: 2607.0297248712973 and parameters: {'alpha_0': 0.0023409914297169345, 'alpha_1': 5.648610013976688e-05, 'alpha_2': 0.00010035876626148738, 'beta_0': 0.11119093480943457, 'beta_1': 1.3605220238346811, 'beta_2': 0.2585189704177922, 'beta_3': 0.004866911665113754, 'beta_4': 0.6390553687642392, 'beta_5': 1000.6100299152522, 'beta_6': 0.022230432422529953, 'beta_7': 0.03129153850597799, 'beta_8': 8.182196929031628e-05, 'beta_9': 2.074227673924201e-07}. Best is trial 51 with value: 2514.6051342609703.
[I 2026-03-31 15:34:37,428] Trial 124 finished with value: 2624.9205519311836 and parameters: {'alpha_0': 0.0008295403323670201, 'alpha_1': 5.7398495845862255e-05, 'alpha_2': 0.00010468139944516456, 'beta_0': 0.12010398664078602, 'beta_1': 1.3268233764078876, 'beta_2': 0.2872436841380793, 'beta_3': 0.004353918993457623, 'beta_4': 0.5965335693240121, 'beta_5': 996.209394306283, 'beta_6': 0.010255842191740274, 'beta_7': 0.031307005333201604, 'beta_8': 8.068813024683647e-05, 'beta_9': 2.163038872213725e-07}. Best is trial 51 with value: 2514.6051342609703.
