[I 2026-03-31 15:43:21,250] Trial 465 finished with value: 3074.3720027890904 and parameters: {'alpha_0': 0.0010335548367383972, 'alpha_1': 6.384165447346083e-05, 'alpha_2': 0.00011889269792851286, 'beta_0': 0.1770280323965326, 'beta_1': 1.209555612512873, 'beta_2': 0.34076840968200206, 'beta_3': 0.0039197808864867185, 'beta_4': 0.6027891986338448, 'beta_5': 1535.9073217575146, 'beta_6': 0.04537486003430312, 'beta_7': 0.030407524600914147, 'beta_8': 1.853642120312031e-05, 'beta_9': 1.8278390021479e-07}. Best is trial 459 with value: 2405.323170902653.Best trial: 459. Best value: 2405.32:  46%|████▋     | 465/1000 [13:15<11:52,  1.33s/it]Best trial: 459. Best value: 2405.32:  46%|████▋     | 465/1000 [13:15<11:52,  1.33s/it]Best trial: 459. Best value: 2405.32:  47%|████▋     | 466/1000 [13:15<11:55,  1.34s/it]                                                                                        Best trial: 459. Best value: 2405.32:  47%|████▋     | 466/1000 [13:16<11:55,  1.34s/it]Best trial: 459. Best value: 2405.32:  47%|████▋     | 466/1000 [13:16<11:55,  1.34s/it]Best trial: 459. Best value: 2405.32:  47%|████▋     | 467/1000 [13:16<11:55,  1.34s/it]                                                                                        Best trial: 459. Best value: 2405.32:  47%|████▋     | 467/1000 [13:17<11:55,  1.34s/it]Best trial: 459. Best value: 2405.32:  47%|████▋     | 467/1000 [13:17<11:55,  1.34s/it]Best trial: 459. Best value: 2405.32:  47%|████▋     | 468/1000 [13:17<11:50,  1.34s/it]                                                                                        Best trial: 459. Best value: 2405.32:  47%|████▋     | 468/1000 [13:27<11:50,  1.34s/it]Best trial: 459. Best value: 2405.32:  47%|████▋     | 468/1000 [13:27<11:50,  1.34s/it]Best trial: 459. Best value: 2405.32:  47%|████▋     | 469/1000 [13:27<33:42,  3.81s/it]                                                                                        Best trial: 459. Best value: 2405.32:  47%|████▋     | 469/1000 [13:28<33:42,  3.81s/it]Best trial: 459. Best value: 2405.32:  47%|████▋     | 469/1000 [13:28<33:42,  3.81s/it]Best trial: 459. Best value: 2405.32:  47%|████▋     | 470/1000 [13:28<27:05,  3.07s/it]                                                                                        Best trial: 459. Best value: 2405.32:  47%|████▋     | 470/1000 [13:30<27:05,  3.07s/it]Best trial: 459. Best value: 2405.32:  47%|████▋     | 470/1000 [13:30<27:05,  3.07s/it]Best trial: 459. Best value: 2405.32:  47%|████▋     | 471/1000 [13:30<22:32,  2.56s/it]                                                                                        Best trial: 459. Best value: 2405.32:  47%|████▋     | 471/1000 [13:31<22:32,  2.56s/it]Best trial: 459. Best value: 2405.32:  47%|████▋     | 471/1000 [13:31<22:32,  2.56s/it]Best trial: 459. Best value: 2405.32:  47%|████▋     | 472/1000 [13:31<19:22,  2.20s/it]                                                                                        Best trial: 459. Best value: 2405.32:  47%|████▋     | 472/1000 [13:32<19:22,  2.20s/it]Best trial: 459. Best value: 2405.32:  47%|████▋     | 472/1000 [13:32<19:22,  2.20s/it]Best trial: 459. Best value: 2405.32:  47%|████▋     | 473/1000 [13:32<16:57,  1.93s/it]                                                                                        Best trial: 459. Best value: 2405.32:  47%|████▋     | 473/1000 [13:34<16:57,  1.93s/it]Best trial: 459. Best value: 2405.32:  47%|████▋     | 473/1000 [13:34<16:57,  1.93s/it]Best trial: 459. Best value: 2405.32:  47%|████▋     | 474/1000 [13:34<15:35,  1.78s/it]                                                                                        Best trial: 459. Best value: 2405.32:  47%|████▋     | 474/1000 [13:35<15:35,  1.78s/it]Best trial: 459. Best value: 2405.32:  47%|████▋     | 474/1000 [13:35<15:35,  1.78s/it]Best trial: 459. Best value: 2405.32:  48%|████▊     | 475/1000 [13:35<14:24,  1.65s/it]                                                                                        Best trial: 459. Best value: 2405.32:  48%|████▊     | 475/1000 [13:36<14:24,  1.65s/it]Best trial: 459. Best value: 2405.32:  48%|████▊     | 475/1000 [13:36<14:24,  1.65s/it]Best trial: 459. Best value: 2405.32:  48%|████▊     | 476/1000 [13:36<13:34,  1.56s/it]                                                                                        Best trial: 459. Best value: 2405.32:  48%|████▊     | 476/1000 [13:38<13:34,  1.56s/it]Best trial: 459. Best value: 2405.32:  48%|████▊     | 476/1000 [13:38<13:34,  1.56s/it]Best trial: 459. Best value: 2405.32:  48%|████▊     | 477/1000 [13:38<13:06,  1.50s/it]                                                                                        Best trial: 459. Best value: 2405.32:  48%|████▊     | 477/1000 [13:39<13:06,  1.50s/it]Best trial: 459. Best value: 2405.32:  48%|████▊     | 477/1000 [13:39<13:06,  1.50s/it]Best trial: 459. Best value: 2405.32:  48%|████▊     | 478/1000 [13:39<12:32,  1.44s/it]                                                                                        Best trial: 459. Best value: 2405.32:  48%|████▊     | 478/1000 [13:40<12:32,  1.44s/it]Best trial: 459. Best value: 2405.32:  48%|████▊     | 478/1000 [13:40<12:32,  1.44s/it]Best trial: 459. Best value: 2405.32:  48%|████▊     | 479/1000 [13:40<12:21,  1.42s/it]                                                                                        Best trial: 459. Best value: 2405.32:  48%|████▊     | 479/1000 [13:42<12:21,  1.42s/it]Best trial: 459. Best value: 2405.32:  48%|████▊     | 479/1000 [13:42<12:21,  1.42s/it]Best trial: 459. Best value: 2405.32:  48%|████▊     | 480/1000 [13:42<12:10,  1.40s/it]                                                                                        
[I 2026-03-31 15:43:22,600] Trial 466 finished with value: 2658.617402499624 and parameters: {'alpha_0': 0.0007891467493546665, 'alpha_1': 5.3605369340661014e-05, 'alpha_2': 0.00011576378701966174, 'beta_0': 0.17111718810456522, 'beta_1': 1.2637052843790086, 'beta_2': 0.3738626969016125, 'beta_3': 0.004021629747888102, 'beta_4': 0.5714880083242069, 'beta_5': 1583.2279281616904, 'beta_6': 0.025254745304670922, 'beta_7': 0.03152912046233966, 'beta_8': 2.4139416776989094e-05, 'beta_9': 1.009739389076852e-07}. Best is trial 459 with value: 2405.323170902653.
[I 2026-03-31 15:43:23,921] Trial 467 finished with value: 2643.252710599521 and parameters: {'alpha_0': 0.0009438828962498032, 'alpha_1': 5.7618734755776664e-05, 'alpha_2': 0.00012714300317998693, 'beta_0': 0.1828474398304943, 'beta_1': 1.2434285531787475, 'beta_2': 0.3260003429517642, 'beta_3': 0.0043357120917339115, 'beta_4': 0.6143979104570575, 'beta_5': 1920.1225563030641, 'beta_6': 0.014174534076593956, 'beta_7': 0.029340039081967532, 'beta_8': 1.5419694041766396e-05, 'beta_9': 2.131900682800299e-07}. Best is trial 459 with value: 2405.323170902653.
[I 2026-03-31 15:43:33,497] Trial 468 finished with value: 8341.93998263132 and parameters: {'alpha_0': 0.0020260953779123172, 'alpha_1': 6.711099190042636e-05, 'alpha_2': 0.00012275596484473137, 'beta_0': 0.16694412735972466, 'beta_1': 1.2349943707952227, 'beta_2': 0.3463534690730849, 'beta_3': 0.0041055750031847756, 'beta_4': 0.592926020090926, 'beta_5': 1884.587961504185, 'beta_6': 0.019791650200982717, 'beta_7': 0.01747707399330536, 'beta_8': 2.1739471446348353e-05, 'beta_9': 1.0146386082119138e-07}. Best is trial 459 with value: 2405.323170902653.
[I 2026-03-31 15:43:34,834] Trial 469 finished with value: 3336.3870170720547 and parameters: {'alpha_0': 0.0007240020082628744, 'alpha_1': 0.00021648685477380819, 'alpha_2': 0.00011629872059966143, 'beta_0': 0.178709414332564, 'beta_1': 1.1976386389163973, 'beta_2': 0.31624454558125165, 'beta_3': 0.004277216595239137, 'beta_4': 0.5722156860755132, 'beta_5': 1381.0396134622672, 'beta_6': 0.059689902970723976, 'beta_7': 0.02984680723900371, 'beta_8': 1.9671224478437475e-05, 'beta_9': 1.5574184792499724e-07}. Best is trial 459 with value: 2405.323170902653.
[I 2026-03-31 15:43:36,194] Trial 470 finished with value: 2734.984020613871 and parameters: {'alpha_0': 0.0008585350712812842, 'alpha_1': 0.00010996092186863309, 'alpha_2': 8.768571605391844e-05, 'beta_0': 0.17456940574350802, 'beta_1': 1.2193771994590628, 'beta_2': 0.35269750297740965, 'beta_3': 0.00378129108790595, 'beta_4': 0.5850623146358308, 'beta_5': 1500.5627188637532, 'beta_6': 0.016864291885597515, 'beta_7': 0.028354619058540385, 'beta_8': 1.747304319200356e-05, 'beta_9': 1.9361609468698033e-07}. Best is trial 459 with value: 2405.323170902653.
[I 2026-03-31 15:43:37,576] Trial 471 finished with value: 2670.545632243412 and parameters: {'alpha_0': 0.0010467364786029402, 'alpha_1': 5.013851498012019e-05, 'alpha_2': 0.0001292759121403722, 'beta_0': 0.16603574453125786, 'beta_1': 1.2546882621851188, 'beta_2': 0.3328502600617909, 'beta_3': 0.003416543898705956, 'beta_4': 0.6243203799343529, 'beta_5': 1995.7402667688496, 'beta_6': 0.013525720229044465, 'beta_7': 0.030754421993465963, 'beta_8': 3.080398690609602e-05, 'beta_9': 1.3622677358671181e-07}. Best is trial 459 with value: 2405.323170902653.
[I 2026-03-31 15:43:38,875] Trial 472 finished with value: 2471.395361796854 and parameters: {'alpha_0': 0.0008084864161415813, 'alpha_1': 5.906520836103989e-05, 'alpha_2': 4.0719562278507636e-05, 'beta_0': 0.18632596485119107, 'beta_1': 1.2107820168485086, 'beta_2': 0.3643374588288005, 'beta_3': 0.003980514503750939, 'beta_4': 0.6099650165261467, 'beta_5': 1935.2571408585643, 'beta_6': 0.02221681340074706, 'beta_7': 0.029235400511654186, 'beta_8': 9.609005306768318e-05, 'beta_9': 1.6322521607798142e-07}. Best is trial 459 with value: 2405.323170902653.
[I 2026-03-31 15:43:40,299] Trial 473 finished with value: 2603.695745867152 and parameters: {'alpha_0': 0.0009079761168415136, 'alpha_1': 6.276519392368019e-05, 'alpha_2': 4.00598959090496e-05, 'beta_0': 0.1881213174753696, 'beta_1': 1.1883263747794084, 'beta_2': 0.3069194409756194, 'beta_3': 0.003950149168325281, 'beta_4': 0.5981026684646905, 'beta_5': 1820.9587437482053, 'beta_6': 0.023140357658637076, 'beta_7': 0.02750274781242041, 'beta_8': 9.825345708334525e-05, 'beta_9': 2.2914060995503752e-07}. Best is trial 459 with value: 2405.323170902653.
[I 2026-03-31 15:43:41,636] Trial 474 finished with value: 2550.907662640632 and parameters: {'alpha_0': 0.001378955630907709, 'alpha_1': 6.10728237107693e-05, 'alpha_2': 4.067751576800563e-05, 'beta_0': 0.1868693991341366, 'beta_1': 1.2281424758639727, 'beta_2': 0.33983721849155285, 'beta_3': 0.004143686154112072, 'beta_4': 0.6123450626102024, 'beta_5': 1313.0479888455482, 'beta_6': 0.02827723800485657, 'beta_7': 0.029126667271040806, 'beta_8': 9.620527157049295e-05, 'beta_9': 1.3754953578536817e-07}. Best is trial 459 with value: 2405.323170902653.
[I 2026-03-31 15:43:42,977] Trial 475 finished with value: 2605.5354423616354 and parameters: {'alpha_0': 0.0011120905146983886, 'alpha_1': 6.74973710089121e-05, 'alpha_2': 4.1899861707651204e-05, 'beta_0': 0.1906909692727982, 'beta_1': 1.2404983152013442, 'beta_2': 0.3245787629320524, 'beta_3': 0.00396016107088034, 'beta_4': 0.6066910196891346, 'beta_5': 1916.5328990626872, 'beta_6': 0.021722512718136956, 'beta_7': 0.028236677626916486, 'beta_8': 9.473281477504718e-05, 'beta_9': 1.011416715316294e-07}. Best is trial 459 with value: 2405.323170902653.
[I 2026-03-31 15:43:44,354] Trial 476 finished with value: 2682.744859311723 and parameters: {'alpha_0': 0.00070218348792286, 'alpha_1': 0.00013144702139092894, 'alpha_2': 4.454717575833698e-05, 'beta_0': 0.18423692446896472, 'beta_1': 1.2076161551376192, 'beta_2': 0.3552993687424496, 'beta_3': 0.003757847962455357, 'beta_4': 0.6272820421987229, 'beta_5': 1550.61874922285, 'beta_6': 0.024687987292943848, 'beta_7': 0.029060836940729702, 'beta_8': 9.849361588981097e-05, 'beta_9': 1.746428747661011e-07}. Best is trial 459 with value: 2405.323170902653.
[I 2026-03-31 15:43:45,655] Trial 477 finished with value: 3326.1658475190943 and parameters: {'alpha_0': 0.0010012407710437783, 'alpha_1': 5.8720641891236656e-05, 'alpha_2': 4.2527118457521564e-05, 'beta_0': 0.18256352555899522, 'beta_1': 1.1765864916311717, 'beta_2': 0.37847637005376794, 'beta_3': 0.004276439472497996, 'beta_4': 0.5607944052182423, 'beta_5': 1426.3573486529247, 'beta_6': 0.019886212370607167, 'beta_7': 0.030287028357504284, 'beta_8': 9.443172586320066e-05, 'beta_9': 1.4251408778624075e-06}. Best is trial 459 with value: 2405.323170902653.
[I 2026-03-31 15:43:47,038] Trial 478 finished with value: 2897.977255647632 and parameters: {'alpha_0': 0.0008240522587367956, 'alpha_1': 5.4588514835478075e-05, 'alpha_2': 4.8090717974144725e-05, 'beta_0': 0.18788698129405618, 'beta_1': 1.106074637332524, 'beta_2': 0.36787544730313637, 'beta_3': 0.004047064246393991, 'beta_4': 0.6352885939069262, 'beta_5': 1866.7445150318456, 'beta_6': 0.14980159147297845, 'beta_7': 0.028559617720034212, 'beta_8': 9.601235584251357e-05, 'beta_9': 2.028012927484585e-07}. Best is trial 459 with value: 2405.323170902653.
[I 2026-03-31 15:43:48,397] Trial 479 finished with value: 3214.020722336216 and parameters: {'alpha_0': 0.0008825713911198762, 'alpha_1': 6.469879695922074e-05, 'alpha_2': 4.596144679768304e-05, 'beta_0': 0.17980768114370765, 'beta_1': 1.2290538097789871, 'beta_2': 0.3360595372865003, 'beta_3': 0.0037874388390873944, 'beta_4': 0.5853195111388315, 'beta_5': 1933.6372574552552, 'beta_6': 0.01733348339002272, 'beta_7': 0.02961929552157215, 'beta_8': 9.369004109610482e-05, 'beta_9': 8.947964755324614e-07}. Best is trial 459 with value: 2405.323170902653.
[I 2026-03-31 15:43:49,745] Trial 480 finished with value: 2685.580188669224 and parameters: {'alpha_0': 0.0005384356076390999, 'alpha_1': 7.47353131782076e-05, 'alpha_2': 0.00015620455633190872, 'beta_0': 0.19171826132892716, 'beta_1': 1.2440036200390678, 'beta_2': 0.31894693142806185, 'beta_3': 0.003969083770404946, 'beta_4': 0.6129316663660911, 'beta_5': 1896.0905734232158, 'beta_6': 0.021747493083925616, 'beta_7': 0.03191519335886921, 'beta_8': 1.3387686617341673e-05, 'beta_9': 1.632266897343859e-07}. Best is trial 459 with value: 2405.323170902653.Best trial: 459. Best value: 2405.32:  48%|████▊     | 480/1000 [13:43<12:10,  1.40s/it]Best trial: 459. Best value: 2405.32:  48%|████▊     | 480/1000 [13:43<12:10,  1.40s/it]Best trial: 459. Best value: 2405.32:  48%|████▊     | 481/1000 [13:43<11:59,  1.39s/it]                                                                                        Best trial: 459. Best value: 2405.32:  48%|████▊     | 481/1000 [13:45<11:59,  1.39s/it]Best trial: 459. Best value: 2405.32:  48%|████▊     | 481/1000 [13:45<11:59,  1.39s/it]Best trial: 459. Best value: 2405.32:  48%|████▊     | 482/1000 [13:45<12:25,  1.44s/it]                                                                                        Best trial: 459. Best value: 2405.32:  48%|████▊     | 482/1000 [13:46<12:25,  1.44s/it]Best trial: 459. Best value: 2405.32:  48%|████▊     | 482/1000 [13:46<12:25,  1.44s/it]Best trial: 459. Best value: 2405.32:  48%|████▊     | 483/1000 [13:46<12:10,  1.41s/it]                                                                                        Best trial: 459. Best value: 2405.32:  48%|████▊     | 483/1000 [13:47<12:10,  1.41s/it]Best trial: 459. Best value: 2405.32:  48%|████▊     | 483/1000 [13:47<12:10,  1.41s/it]Best trial: 459. Best value: 2405.32:  48%|████▊     | 484/1000 [13:47<11:59,  1.40s/it]                                                                                        Best trial: 459. Best value: 2405.32:  48%|████▊     | 484/1000 [13:49<11:59,  1.40s/it]Best trial: 459. Best value: 2405.32:  48%|████▊     | 484/1000 [13:49<11:59,  1.40s/it]Best trial: 459. Best value: 2405.32:  48%|████▊     | 485/1000 [13:49<12:00,  1.40s/it]                                                                                        Best trial: 459. Best value: 2405.32:  48%|████▊     | 485/1000 [13:50<12:00,  1.40s/it]Best trial: 459. Best value: 2405.32:  48%|████▊     | 485/1000 [13:50<12:00,  1.40s/it]Best trial: 459. Best value: 2405.32:  49%|████▊     | 486/1000 [13:50<11:55,  1.39s/it]                                                                                        Best trial: 459. Best value: 2405.32:  49%|████▊     | 486/1000 [13:51<11:55,  1.39s/it]Best trial: 459. Best value: 2405.32:  49%|████▊     | 486/1000 [13:52<11:55,  1.39s/it]Best trial: 459. Best value: 2405.32:  49%|████▊     | 487/1000 [13:52<11:44,  1.37s/it]                                                                                        Best trial: 459. Best value: 2405.32:  49%|████▊     | 487/1000 [13:53<11:44,  1.37s/it]Best trial: 459. Best value: 2405.32:  49%|████▊     | 487/1000 [13:53<11:44,  1.37s/it]Best trial: 459. Best value: 2405.32:  49%|████▉     | 488/1000 [13:53<11:33,  1.35s/it]                                                                                        Best trial: 459. Best value: 2405.32:  49%|████▉     | 488/1000 [13:54<11:33,  1.35s/it]Best trial: 459. Best value: 2405.32:  49%|████▉     | 488/1000 [13:54<11:33,  1.35s/it]Best trial: 459. Best value: 2405.32:  49%|████▉     | 489/1000 [13:54<11:32,  1.36s/it]                                                                                        Best trial: 459. Best value: 2405.32:  49%|████▉     | 489/1000 [13:56<11:32,  1.36s/it]Best trial: 459. Best value: 2405.32:  49%|████▉     | 489/1000 [13:56<11:32,  1.36s/it]Best trial: 459. Best value: 2405.32:  49%|████▉     | 490/1000 [13:56<11:33,  1.36s/it]                                                                                        Best trial: 459. Best value: 2405.32:  49%|████▉     | 490/1000 [13:57<11:33,  1.36s/it]Best trial: 459. Best value: 2405.32:  49%|████▉     | 490/1000 [13:57<11:33,  1.36s/it]Best trial: 459. Best value: 2405.32:  49%|████▉     | 491/1000 [13:57<11:21,  1.34s/it]                                                                                        Best trial: 459. Best value: 2405.32:  49%|████▉     | 491/1000 [13:58<11:21,  1.34s/it]Best trial: 459. Best value: 2405.32:  49%|████▉     | 491/1000 [13:58<11:21,  1.34s/it]Best trial: 459. Best value: 2405.32:  49%|████▉     | 492/1000 [13:58<11:16,  1.33s/it]                                                                                        Best trial: 459. Best value: 2405.32:  49%|████▉     | 492/1000 [14:12<11:16,  1.33s/it]Best trial: 459. Best value: 2405.32:  49%|████▉     | 492/1000 [14:12<11:16,  1.33s/it]Best trial: 459. Best value: 2405.32:  49%|████▉     | 493/1000 [14:12<42:27,  5.02s/it]                                                                                        Best trial: 459. Best value: 2405.32:  49%|████▉     | 493/1000 [14:13<42:27,  5.02s/it]Best trial: 459. Best value: 2405.32:  49%|████▉     | 493/1000 [14:13<42:27,  5.02s/it]Best trial: 459. Best value: 2405.32:  49%|████▉     | 494/1000 [14:13<33:07,  3.93s/it]                                                                                        Best trial: 459. Best value: 2405.32:  49%|████▉     | 494/1000 [14:15<33:07,  3.93s/it]Best trial: 459. Best value: 2405.32:  49%|████▉     | 494/1000 [14:15<33:07,  3.93s/it]Best trial: 459. Best value: 2405.32:  50%|████▉     | 495/1000 [14:15<26:39,  3.17s/it]                                                                                        
[I 2026-03-31 15:43:51,304] Trial 481 finished with value: 2996.339816759994 and parameters: {'alpha_0': 0.0007487257161354316, 'alpha_1': 5.824281797817689e-05, 'alpha_2': 0.00012641188684800204, 'beta_0': 0.14342814775697754, 'beta_1': 1.2191800856987347, 'beta_2': 0.3496065481804553, 'beta_3': 0.003565816668343033, 'beta_4': 0.599471058659535, 'beta_5': 1995.9058116676335, 'beta_6': 0.01652448140046215, 'beta_7': 0.02656201138784546, 'beta_8': 9.557734903097083e-05, 'beta_9': 1.5302299356616347e-07}. Best is trial 459 with value: 2405.323170902653.
[I 2026-03-31 15:43:52,655] Trial 482 finished with value: 3092.6894051168047 and parameters: {'alpha_0': 0.001196116449130013, 'alpha_1': 6.839009032765572e-05, 'alpha_2': 4.711013431622522e-05, 'beta_0': 0.17967618244821143, 'beta_1': 1.0021327158358495, 'beta_2': 0.30613554696725936, 'beta_3': 0.0034186026524288017, 'beta_4': 0.5735200681190452, 'beta_5': 1843.577982510263, 'beta_6': 0.02651827426256233, 'beta_7': 0.02925752679664747, 'beta_8': 2.787058944554187e-05, 'beta_9': 1.0553414853375796e-06}. Best is trial 459 with value: 2405.323170902653.
[I 2026-03-31 15:43:54,011] Trial 483 finished with value: 3188.520525159276 and parameters: {'alpha_0': 0.0006466411325189463, 'alpha_1': 6.089890352650033e-05, 'alpha_2': 5.510088739396297e-05, 'beta_0': 0.18352576677450846, 'beta_1': 1.199365210260524, 'beta_2': 0.3309487542863912, 'beta_3': 0.003840715836973304, 'beta_4': 0.5941517230594933, 'beta_5': 1997.6137417977757, 'beta_6': 0.019604230792470857, 'beta_7': 0.030409549307253238, 'beta_8': 1.8127809567118954e-05, 'beta_9': 2.1549420950875242e-07}. Best is trial 459 with value: 2405.323170902653.
[I 2026-03-31 15:43:55,419] Trial 484 finished with value: 2513.3157069691865 and parameters: {'alpha_0': 0.0009723137358177692, 'alpha_1': 5.474457640444837e-05, 'alpha_2': 0.00011121836064621393, 'beta_0': 0.17622896879659586, 'beta_1': 1.238269234539556, 'beta_2': 0.3465386379724111, 'beta_3': 0.003632830907562876, 'beta_4': 0.616173613610621, 'beta_5': 1625.3546554184493, 'beta_6': 0.015024655009908421, 'beta_7': 0.028021554056174756, 'beta_8': 9.720441235767817e-05, 'beta_9': 1.3305669410865193e-07}. Best is trial 459 with value: 2405.323170902653.
