[I 2026-03-31 15:31:30,587] Trial 15 finished with value: 11355.42871637562 and parameters: {'alpha_0': 0.0029228098030835226, 'alpha_1': 0.00012549768059020815, 'alpha_2': 0.00019333402733580458, 'beta_0': 0.2989123333660165, 'beta_1': 1.4495206714323592, 'beta_2': 0.3580108787595709, 'beta_3': 0.001449889189105864, 'beta_4': 0.6558079996564564, 'beta_5': 870.6925141517368, 'beta_6': 0.09633751282009018, 'beta_7': 0.0227195586839846, 'beta_8': 8.37160638611051e-05, 'beta_9': 4.2387642921101467e-07}. Best is trial 6 with value: 2847.8259479041844.Best trial: 6. Best value: 2847.83:   2%|▏         | 15/1000 [01:24<25:02,  1.53s/it]Best trial: 6. Best value: 2847.83:   2%|▏         | 15/1000 [01:24<25:02,  1.53s/it]Best trial: 6. Best value: 2847.83:   2%|▏         | 16/1000 [01:24<1:04:31,  3.93s/it]                                                                                       Best trial: 6. Best value: 2847.83:   2%|▏         | 16/1000 [01:25<1:04:31,  3.93s/it]Best trial: 6. Best value: 2847.83:   2%|▏         | 16/1000 [01:25<1:04:31,  3.93s/it]Best trial: 6. Best value: 2847.83:   2%|▏         | 17/1000 [01:25<51:11,  3.12s/it]                                                                                       Best trial: 6. Best value: 2847.83:   2%|▏         | 17/1000 [01:27<51:11,  3.12s/it]Best trial: 6. Best value: 2847.83:   2%|▏         | 17/1000 [01:27<51:11,  3.12s/it]Best trial: 6. Best value: 2847.83:   2%|▏         | 18/1000 [01:27<46:58,  2.87s/it]                                                                                     Best trial: 6. Best value: 2847.83:   2%|▏         | 18/1000 [01:29<46:58,  2.87s/it]Best trial: 6. Best value: 2847.83:   2%|▏         | 18/1000 [01:29<46:58,  2.87s/it]Best trial: 6. Best value: 2847.83:   2%|▏         | 19/1000 [01:29<38:44,  2.37s/it]                                                                                     Best trial: 6. Best value: 2847.83:   2%|▏         | 19/1000 [01:30<38:44,  2.37s/it]Best trial: 6. Best value: 2847.83:   2%|▏         | 19/1000 [01:30<38:44,  2.37s/it]Best trial: 6. Best value: 2847.83:   2%|▏         | 20/1000 [01:30<33:23,  2.04s/it]                                                                                     Best trial: 6. Best value: 2847.83:   2%|▏         | 20/1000 [01:31<33:23,  2.04s/it]Best trial: 6. Best value: 2847.83:   2%|▏         | 20/1000 [01:31<33:23,  2.04s/it]Best trial: 6. Best value: 2847.83:   2%|▏         | 21/1000 [01:31<30:45,  1.88s/it]                                                                                     Best trial: 6. Best value: 2847.83:   2%|▏         | 21/1000 [01:33<30:45,  1.88s/it]Best trial: 6. Best value: 2847.83:   2%|▏         | 21/1000 [01:33<30:45,  1.88s/it]Best trial: 6. Best value: 2847.83:   2%|▏         | 22/1000 [01:33<27:27,  1.68s/it]                                                                                     Best trial: 6. Best value: 2847.83:   2%|▏         | 22/1000 [01:34<27:27,  1.68s/it]Best trial: 6. Best value: 2847.83:   2%|▏         | 22/1000 [01:34<27:27,  1.68s/it]Best trial: 6. Best value: 2847.83:   2%|▏         | 23/1000 [01:34<25:20,  1.56s/it]                                                                                     Best trial: 6. Best value: 2847.83:   2%|▏         | 23/1000 [01:35<25:20,  1.56s/it]Best trial: 6. Best value: 2847.83:   2%|▏         | 23/1000 [01:35<25:20,  1.56s/it]Best trial: 6. Best value: 2847.83:   2%|▏         | 24/1000 [01:35<23:53,  1.47s/it]                                                                                     Best trial: 6. Best value: 2847.83:   2%|▏         | 24/1000 [01:37<23:53,  1.47s/it]Best trial: 6. Best value: 2847.83:   2%|▏         | 24/1000 [01:37<23:53,  1.47s/it]Best trial: 6. Best value: 2847.83:   2%|▎         | 25/1000 [01:37<23:06,  1.42s/it]                                                                                     Best trial: 6. Best value: 2847.83:   2%|▎         | 25/1000 [01:38<23:06,  1.42s/it]Best trial: 6. Best value: 2847.83:   2%|▎         | 25/1000 [01:38<23:06,  1.42s/it]Best trial: 6. Best value: 2847.83:   3%|▎         | 26/1000 [01:38<21:53,  1.35s/it]                                                                                     Best trial: 6. Best value: 2847.83:   3%|▎         | 26/1000 [01:39<21:53,  1.35s/it]Best trial: 6. Best value: 2847.83:   3%|▎         | 26/1000 [01:39<21:53,  1.35s/it]Best trial: 6. Best value: 2847.83:   3%|▎         | 27/1000 [01:39<23:05,  1.42s/it]                                                                                     Best trial: 6. Best value: 2847.83:   3%|▎         | 27/1000 [01:41<23:05,  1.42s/it]Best trial: 6. Best value: 2847.83:   3%|▎         | 27/1000 [01:41<23:05,  1.42s/it]Best trial: 6. Best value: 2847.83:   3%|▎         | 28/1000 [01:41<22:31,  1.39s/it]                                                                                     Best trial: 6. Best value: 2847.83:   3%|▎         | 28/1000 [01:42<22:31,  1.39s/it]Best trial: 6. Best value: 2847.83:   3%|▎         | 28/1000 [01:42<22:31,  1.39s/it]Best trial: 6. Best value: 2847.83:   3%|▎         | 29/1000 [01:42<21:22,  1.32s/it]                                                                                     Best trial: 6. Best value: 2847.83:   3%|▎         | 29/1000 [01:43<21:22,  1.32s/it]Best trial: 6. Best value: 2847.83:   3%|▎         | 29/1000 [01:43<21:22,  1.32s/it]Best trial: 6. Best value: 2847.83:   3%|▎         | 30/1000 [01:43<21:23,  1.32s/it]                                                                                     
[I 2026-03-31 15:31:31,827] Trial 16 finished with value: 4256.801990887294 and parameters: {'alpha_0': 0.004184405771369581, 'alpha_1': 0.000194922787083665, 'alpha_2': 0.00022323363215178885, 'beta_0': 0.17206605906011607, 'beta_1': 1.3446034356848842, 'beta_2': 0.42053314083579646, 'beta_3': 0.003707257958881055, 'beta_4': 0.46451943308647015, 'beta_5': 1331.8331838936986, 'beta_6': 0.12100095261103647, 'beta_7': 0.030968407015770433, 'beta_8': 6.243580025615253e-05, 'beta_9': 1.914043144412076e-06}. Best is trial 6 with value: 2847.8259479041844.
[I 2026-03-31 15:31:34,105] Trial 17 finished with value: 7995.470177220455 and parameters: {'alpha_0': 0.002830178244494111, 'alpha_1': 0.00013754683305597463, 'alpha_2': 0.00021809113879460744, 'beta_0': 0.2148774274982788, 'beta_1': 1.4943890982141297, 'beta_2': 0.4755124712478111, 'beta_3': 0.001525019311667855, 'beta_4': 0.5594573256003217, 'beta_5': 1738.0387817276037, 'beta_6': 0.06008892752219715, 'beta_7': 0.023916188745696686, 'beta_8': 8.235114231485357e-05, 'beta_9': 1.0062717675084739e-07}. Best is trial 6 with value: 2847.8259479041844.
[I 2026-03-31 15:31:35,307] Trial 18 finished with value: 3689.3386688943096 and parameters: {'alpha_0': 0.0031655813159271362, 'alpha_1': 5.101603655606919e-05, 'alpha_2': 0.00018579704226664192, 'beta_0': 0.12748061345830913, 'beta_1': 1.4312404495902853, 'beta_2': 0.5817629182950663, 'beta_3': 0.002603351416321266, 'beta_4': 0.69088473617284, 'beta_5': 1960.7054256165084, 'beta_6': 0.08094995271651917, 'beta_7': 0.03866342749771231, 'beta_8': 6.251384711432553e-05, 'beta_9': 1.004595935397876e-06}. Best is trial 6 with value: 2847.8259479041844.
[I 2026-03-31 15:31:36,596] Trial 19 finished with value: 3440.533987396954 and parameters: {'alpha_0': 0.0018901718109509463, 'alpha_1': 0.00021013253334140752, 'alpha_2': 0.000248786654166421, 'beta_0': 0.25743199387634674, 'beta_1': 1.3322571996856694, 'beta_2': 0.4088819863987368, 'beta_3': 0.004978755376904403, 'beta_4': 0.8543888596860164, 'beta_5': 1054.0275420923272, 'beta_6': 0.034724667156051534, 'beta_7': 0.034442614577850535, 'beta_8': 8.859159770232046e-05, 'beta_9': 7.906556322178271e-07}. Best is trial 6 with value: 2847.8259479041844.
[I 2026-03-31 15:31:38,107] Trial 20 finished with value: 3097.312718057964 and parameters: {'alpha_0': 0.002544278273830659, 'alpha_1': 9.112394661828348e-05, 'alpha_2': 0.00011228822985361919, 'beta_0': 0.19842008248247592, 'beta_1': 1.256244796120737, 'beta_2': 0.26634193468592515, 'beta_3': 0.0013057954047918673, 'beta_4': 0.45280374312706456, 'beta_5': 702.5572404406284, 'beta_6': 0.10724654212320024, 'beta_7': 0.029051570591258447, 'beta_8': 1.1250780236111494e-05, 'beta_9': 3.431211951132022e-07}. Best is trial 6 with value: 2847.8259479041844.
[I 2026-03-31 15:31:39,326] Trial 21 finished with value: 3049.0150295753883 and parameters: {'alpha_0': 0.0019832000704120235, 'alpha_1': 8.178642562882998e-05, 'alpha_2': 0.00022214511469920443, 'beta_0': 0.22654539543174024, 'beta_1': 1.1874768645232514, 'beta_2': 0.34123906819739147, 'beta_3': 0.002238434681802206, 'beta_4': 0.6359037459136275, 'beta_5': 1505.294907945621, 'beta_6': 0.0968586999035949, 'beta_7': 0.035617339483474765, 'beta_8': 5.155256111192723e-05, 'beta_9': 3.195124705657372e-07}. Best is trial 6 with value: 2847.8259479041844.
[I 2026-03-31 15:31:40,581] Trial 22 finished with value: 3349.950770701267 and parameters: {'alpha_0': 0.0024590713910581175, 'alpha_1': 7.775536745099708e-05, 'alpha_2': 0.00023135126407854237, 'beta_0': 0.23729589301350484, 'beta_1': 1.1845365109731814, 'beta_2': 0.22484266348022203, 'beta_3': 0.002414941415766385, 'beta_4': 0.5583598683757692, 'beta_5': 1398.1849056623646, 'beta_6': 0.13424205329465025, 'beta_7': 0.03339427441709932, 'beta_8': 5.636160588619068e-05, 'beta_9': 5.641890773468021e-07}. Best is trial 6 with value: 2847.8259479041844.
[I 2026-03-31 15:31:41,847] Trial 23 finished with value: 3107.5547040557412 and parameters: {'alpha_0': 0.0036120840400080015, 'alpha_1': 0.00010575258115081505, 'alpha_2': 0.00020831846760965183, 'beta_0': 0.20663800288866999, 'beta_1': 1.1638580967155618, 'beta_2': 0.4757062039982216, 'beta_3': 0.0018250353928467205, 'beta_4': 0.7430259663376342, 'beta_5': 1711.0848774964836, 'beta_6': 0.09894083717003481, 'beta_7': 0.03749409606877372, 'beta_8': 4.4595571337033804e-05, 'beta_9': 3.1382425788089126e-07}. Best is trial 6 with value: 2847.8259479041844.
[I 2026-03-31 15:31:43,161] Trial 24 finished with value: 3635.8283854261435 and parameters: {'alpha_0': 0.002984858957092959, 'alpha_1': 6.923771347588352e-05, 'alpha_2': 0.00017916325242554285, 'beta_0': 0.17731992643795252, 'beta_1': 1.0100415751398233, 'beta_2': 0.01392844875057005, 'beta_3': 0.00324317220261768, 'beta_4': 0.632787578867138, 'beta_5': 1197.0083949434766, 'beta_6': 0.11106280565835272, 'beta_7': 0.0303573447633868, 'beta_8': 6.764167569600618e-05, 'beta_9': 1.2092073304734354e-06}. Best is trial 6 with value: 2847.8259479041844.
[I 2026-03-31 15:31:44,338] Trial 25 finished with value: 3236.5919825338856 and parameters: {'alpha_0': 0.0017078637336268808, 'alpha_1': 0.00013236745518181662, 'alpha_2': 0.00023252267220332166, 'beta_0': 0.27828356520489267, 'beta_1': 1.2196367073162329, 'beta_2': 0.3823546344039831, 'beta_3': 0.0012593885645981085, 'beta_4': 0.5480405726765268, 'beta_5': 1516.370072007844, 'beta_6': 0.09155016359246236, 'beta_7': 0.036315732105602336, 'beta_8': 7.78200892305113e-05, 'beta_9': 2.5449406414520974e-07}. Best is trial 6 with value: 2847.8259479041844.
[I 2026-03-31 15:31:45,938] Trial 26 finished with value: 3744.8497065853517 and parameters: {'alpha_0': 0.0008940450761011714, 'alpha_1': 0.00010265148817013774, 'alpha_2': 0.00020903245531748963, 'beta_0': 0.2341015380691681, 'beta_1': 1.2981133960505757, 'beta_2': 0.5458972023386102, 'beta_3': 0.0028044710708416943, 'beta_4': 0.4724095588213322, 'beta_5': 1787.6179896425738, 'beta_6': 0.07056271311947016, 'beta_7': 0.02656100986698066, 'beta_8': 5.585437123255355e-05, 'beta_9': 6.738621607015919e-07}. Best is trial 6 with value: 2847.8259479041844.
[I 2026-03-31 15:31:47,251] Trial 27 finished with value: 3207.475662146271 and parameters: {'alpha_0': 0.004180345851399469, 'alpha_1': 0.0001438953277758863, 'alpha_2': 0.0002339725973323735, 'beta_0': 0.13311822153567537, 'beta_1': 1.42219977019433, 'beta_2': 0.45916426994445375, 'beta_3': 0.0018840916553432769, 'beta_4': 0.6757617428415483, 'beta_5': 5.335922554562558, 'beta_6': 0.13586159832278732, 'beta_7': 0.03328052242396194, 'beta_8': 2.9502554034861113e-05, 'beta_9': 4.951864501087532e-07}. Best is trial 6 with value: 2847.8259479041844.
[I 2026-03-31 15:31:48,407] Trial 28 finished with value: 3514.1359332792936 and parameters: {'alpha_0': 0.00229240794474169, 'alpha_1': 6.738677447661733e-05, 'alpha_2': 0.00017898857252999486, 'beta_0': 0.2012521665242446, 'beta_1': 1.3473273464594009, 'beta_2': 0.554502205832488, 'beta_3': 0.0009625723943474797, 'beta_4': 0.6141517177906058, 'beta_5': 1409.1991164023545, 'beta_6': 0.08059408713777366, 'beta_7': 0.039799599686059145, 'beta_8': 7.9675672643894e-05, 'beta_9': 4.2378632800406097e-07}. Best is trial 6 with value: 2847.8259479041844.
[I 2026-03-31 15:31:49,738] Trial 29 finished with value: 3221.3162098245675 and parameters: {'alpha_0': 0.0027037134163818348, 'alpha_1': 0.00011995409153808229, 'alpha_2': 0.00020051245786385243, 'beta_0': 0.18834348225241898, 'beta_1': 1.1261271086752085, 'beta_2': 0.1660662612174479, 'beta_3': 0.0037020188750698443, 'beta_4': 0.5292935034638264, 'beta_5': 1632.834051912377, 'beta_6': 0.10399123865583697, 'beta_7': 0.02627982888157163, 'beta_8': 3.4731686974789964e-05, 'beta_9': 4.918982994484993e-07}. Best is trial 6 with value: 2847.8259479041844.
[I 2026-03-31 15:31:59,161] Trial 30 finished with value: 8926.34501437589 and parameters: {'alpha_0': 0.0010077339515881549, 'alpha_1': 8.864921896023894e-05, 'alpha_2': 0.00021465396050821976, 'beta_0': 0.16197580754266153, 'beta_1': 1.470647692445793, 'beta_2': 0.22603669288150932, 'beta_3': 0.0004219987663519446, 'beta_4': 0.7242055721923577, 'beta_5': 1105.9393965377435, 'beta_6': 0.11695368430149669, 'beta_7': 0.021847273590596444, 'beta_8': 4.8748617475330024e-05, 'beta_9': 2.0724259722465505e-07}. Best is trial 6 with value: 2847.8259479041844.Best trial: 6. Best value: 2847.83:   3%|▎         | 30/1000 [01:53<21:23,  1.32s/it]Best trial: 6. Best value: 2847.83:   3%|▎         | 30/1000 [01:53<21:23,  1.32s/it]Best trial: 6. Best value: 2847.83:   3%|▎         | 31/1000 [01:53<1:00:36,  3.75s/it]                                                                                       Best trial: 6. Best value: 2847.83:   3%|▎         | 31/1000 [01:54<1:00:36,  3.75s/it]Best trial: 6. Best value: 2847.83:   3%|▎         | 31/1000 [01:54<1:00:36,  3.75s/it]Best trial: 6. Best value: 2847.83:   3%|▎         | 32/1000 [01:54<48:45,  3.02s/it]                                                                                       Best trial: 6. Best value: 2847.83:   3%|▎         | 32/1000 [01:55<48:45,  3.02s/it]Best trial: 6. Best value: 2847.83:   3%|▎         | 32/1000 [01:55<48:45,  3.02s/it]Best trial: 6. Best value: 2847.83:   3%|▎         | 33/1000 [01:55<40:29,  2.51s/it]                                                                                     Best trial: 6. Best value: 2847.83:   3%|▎         | 33/1000 [01:56<40:29,  2.51s/it]Best trial: 6. Best value: 2847.83:   3%|▎         | 33/1000 [01:56<40:29,  2.51s/it]Best trial: 6. Best value: 2847.83:   3%|▎         | 34/1000 [01:56<34:32,  2.15s/it]                                                                                     Best trial: 6. Best value: 2847.83:   3%|▎         | 34/1000 [01:58<34:32,  2.15s/it]Best trial: 6. Best value: 2847.83:   3%|▎         | 34/1000 [01:58<34:32,  2.15s/it]Best trial: 6. Best value: 2847.83:   4%|▎         | 35/1000 [01:58<30:01,  1.87s/it]                                                                                     Best trial: 6. Best value: 2847.83:   4%|▎         | 35/1000 [02:08<30:01,  1.87s/it]Best trial: 6. Best value: 2847.83:   4%|▎         | 35/1000 [02:08<30:01,  1.87s/it]Best trial: 6. Best value: 2847.83:   4%|▎         | 36/1000 [02:08<1:09:05,  4.30s/it]                                                                                       Best trial: 6. Best value: 2847.83:   4%|▎         | 36/1000 [02:09<1:09:05,  4.30s/it]Best trial: 6. Best value: 2847.83:   4%|▎         | 36/1000 [02:09<1:09:05,  4.30s/it]Best trial: 6. Best value: 2847.83:   4%|▎         | 37/1000 [02:09<54:18,  3.38s/it]                                                                                       Best trial: 6. Best value: 2847.83:   4%|▎         | 37/1000 [02:10<54:18,  3.38s/it]Best trial: 6. Best value: 2847.83:   4%|▎         | 37/1000 [02:10<54:18,  3.38s/it]Best trial: 6. Best value: 2847.83:   4%|▍         | 38/1000 [02:10<44:28,  2.77s/it]                                                                                     Best trial: 6. Best value: 2847.83:   4%|▍         | 38/1000 [02:11<44:28,  2.77s/it]Best trial: 6. Best value: 2847.83:   4%|▍         | 38/1000 [02:11<44:28,  2.77s/it]Best trial: 6. Best value: 2847.83:   4%|▍         | 39/1000 [02:11<36:46,  2.30s/it]                                                                                     Best trial: 6. Best value: 2847.83:   4%|▍         | 39/1000 [02:13<36:46,  2.30s/it]Best trial: 6. Best value: 2847.83:   4%|▍         | 39/1000 [02:13<36:46,  2.30s/it]Best trial: 6. Best value: 2847.83:   4%|▍         | 40/1000 [02:13<33:05,  2.07s/it]                                                                                     Best trial: 6. Best value: 2847.83:   4%|▍         | 40/1000 [02:15<33:05,  2.07s/it]Best trial: 6. Best value: 2847.83:   4%|▍         | 40/1000 [02:15<33:05,  2.07s/it]Best trial: 6. Best value: 2847.83:   4%|▍         | 41/1000 [02:15<31:14,  1.95s/it]                                                                                     Best trial: 6. Best value: 2847.83:   4%|▍         | 41/1000 [02:16<31:14,  1.95s/it]Best trial: 6. Best value: 2847.83:   4%|▍         | 41/1000 [02:16<31:14,  1.95s/it]Best trial: 6. Best value: 2847.83:   4%|▍         | 42/1000 [02:16<27:53,  1.75s/it]                                                                                     Best trial: 6. Best value: 2847.83:   4%|▍         | 42/1000 [02:17<27:53,  1.75s/it]Best trial: 42. Best value: 2831.92:   4%|▍         | 42/1000 [02:17<27:53,  1.75s/it]Best trial: 42. Best value: 2831.92:   4%|▍         | 43/1000 [02:17<25:33,  1.60s/it]                                                                                      Best trial: 42. Best value: 2831.92:   4%|▍         | 43/1000 [02:31<25:33,  1.60s/it]Best trial: 42. Best value: 2831.92:   4%|▍         | 43/1000 [02:31<25:33,  1.60s/it]Best trial: 42. Best value: 2831.92:   4%|▍         | 44/1000 [02:31<1:23:43,  5.25s/it]                                                                                        Best trial: 42. Best value: 2831.92:   4%|▍         | 44/1000 [02:32<1:23:43,  5.25s/it]Best trial: 42. Best value: 2831.92:   4%|▍         | 44/1000 [02:32<1:23:43,  5.25s/it]Best trial: 42. Best value: 2831.92:   4%|▍         | 45/1000 [02:32<1:04:37,  4.06s/it]                                                                                        
[I 2026-03-31 15:32:00,476] Trial 31 finished with value: 2938.6003774228866 and parameters: {'alpha_0': 0.004028994276706022, 'alpha_1': 0.00015494634679979718, 'alpha_2': 0.00020111581125673668, 'beta_0': 0.18957674862577803, 'beta_1': 1.394851130635448, 'beta_2': 0.4354467069954556, 'beta_3': 0.0033108563403013444, 'beta_4': 0.7957890778533226, 'beta_5': 1240.3348221874292, 'beta_6': 0.07406977072050047, 'beta_7': 0.032341617351451066, 'beta_8': 6.871826730305361e-05, 'beta_9': 1.8759563684657575e-07}. Best is trial 6 with value: 2847.8259479041844.
[I 2026-03-31 15:32:01,799] Trial 32 finished with value: 2890.6783291897045 and parameters: {'alpha_0': 0.0038111971818189606, 'alpha_1': 0.00021208249933423712, 'alpha_2': 0.0002339956467318838, 'beta_0': 0.18120739105070074, 'beta_1': 1.4083746010734333, 'beta_2': 0.3880587805833983, 'beta_3': 0.0022662399089874905, 'beta_4': 0.8989532421847481, 'beta_5': 1313.6159669255856, 'beta_6': 0.08874270581155977, 'beta_7': 0.02991541662921976, 'beta_8': 7.111977944135924e-05, 'beta_9': 1.2597399902874444e-07}. Best is trial 6 with value: 2847.8259479041844.
[I 2026-03-31 15:32:03,088] Trial 33 finished with value: 3113.146333858791 and parameters: {'alpha_0': 0.004414137160654151, 'alpha_1': 0.0002274456524175389, 'alpha_2': 0.00023871231839139964, 'beta_0': 0.16688011688370946, 'beta_1': 1.4258214644242797, 'beta_2': 0.38012979154174065, 'beta_3': 0.002349532502738277, 'beta_4': 0.8873429166049258, 'beta_5': 1360.8548057006794, 'beta_6': 0.0885249524259766, 'beta_7': 0.03064205418172595, 'beta_8': 5.806044555784932e-05, 'beta_9': 3.36016837718736e-07}. Best is trial 6 with value: 2847.8259479041844.
[I 2026-03-31 15:32:04,303] Trial 34 finished with value: 3407.747913944906 and parameters: {'alpha_0': 0.0036566617643676077, 'alpha_1': 0.00024182768911641862, 'alpha_2': 0.0002269282944183749, 'beta_0': 0.21218657179404343, 'beta_1': 1.36860201616834, 'beta_2': 0.5059735859725084, 'beta_3': 0.0010082384590695975, 'beta_4': 0.9724053031094068, 'beta_5': 1596.169163386601, 'beta_6': 0.11244263931640044, 'beta_7': 0.03554784860676159, 'beta_8': 8.906436661291689e-05, 'beta_9': 4.248100014702515e-07}. Best is trial 6 with value: 2847.8259479041844.
