[I 2026-03-31 15:45:10,094] Trial 530 finished with value: 3044.7547853746655 and parameters: {'alpha_0': 0.0007814374003726234, 'alpha_1': 5.003023525231772e-05, 'alpha_2': 0.00010884547140395246, 'beta_0': 0.18926767430294736, 'beta_1': 1.247233973633494, 'beta_2': 0.3156123353533393, 'beta_3': 0.0038969384871375655, 'beta_4': 0.5350821009519404, 'beta_5': 1848.294402923267, 'beta_6': 0.012483217519837471, 'beta_7': 0.030293118212963984, 'beta_8': 3.112868491141979e-05, 'beta_9': 2.566817950741831e-07}. Best is trial 459 with value: 2405.323170902653.
[I 2026-03-31 15:45:11,450] Trial 531 finished with value: 2631.615046623103 and parameters: {'alpha_0': 0.0005229186265970547, 'alpha_1': 6.0115733555358326e-05, 'alpha_2': 0.00012652152297872385, 'beta_0': 0.1835155446471664, 'beta_1': 1.1988928593774095, 'beta_2': 0.37428639370985184, 'beta_3': 0.003696019399743455, 'beta_4': 0.606714122893429, 'beta_5': 1690.6034314600706, 'beta_6': 0.01493581381719348, 'beta_7': 0.03143947648259146, 'beta_8': 2.369540569763402e-05, 'beta_9': 1.3169656361286669e-07}. Best is trial 459 with value: 2405.323170902653.
[I 2026-03-31 15:45:12,891] Trial 532 finished with value: 2685.307524794569 and parameters: {'alpha_0': 0.0009335204755009292, 'alpha_1': 6.486049317790951e-05, 'alpha_2': 0.0001139267238517645, 'beta_0': 0.17974041543215727, 'beta_1': 1.2579256900061124, 'beta_2': 0.35663716301602033, 'beta_3': 0.0034115280964073028, 'beta_4': 0.42973737881264046, 'beta_5': 1916.5754086168156, 'beta_6': 0.010145219190201024, 'beta_7': 0.0281473652631953, 'beta_8': 9.71618635956052e-05, 'beta_9': 4.794127308265352e-07}. Best is trial 459 with value: 2405.323170902653.
[I 2026-03-31 15:45:14,650] Trial 533 finished with value: 11283.507568941772 and parameters: {'alpha_0': 0.0007160240509562065, 'alpha_1': 5.515045368816047e-05, 'alpha_2': 0.00013318210679496808, 'beta_0': 0.17734792938459149, 'beta_1': 1.2219999117496265, 'beta_2': 0.34269013181257335, 'beta_3': 0.0032665867728683983, 'beta_4': 0.5540460782227475, 'beta_5': 1771.5021946081156, 'beta_6': 0.018389459307094333, 'beta_7': 0.023009457264027516, 'beta_8': 2.4799583170792114e-05, 'beta_9': 1.801059681136788e-07}. Best is trial 459 with value: 2405.323170902653.
[I 2026-03-31 15:45:15,960] Trial 534 finished with value: 2518.0096455927965 and parameters: {'alpha_0': 0.0008413567247623211, 'alpha_1': 5.938259672519612e-05, 'alpha_2': 0.00012430767426044697, 'beta_0': 0.20679100298352457, 'beta_1': 1.2073691477858608, 'beta_2': 0.33233919936694784, 'beta_3': 0.003541856612874201, 'beta_4': 0.5766996502322211, 'beta_5': 1814.1765567825958, 'beta_6': 0.026683086351741766, 'beta_7': 0.029729942687084357, 'beta_8': 2.1841945836206502e-05, 'beta_9': 2.9907024663213707e-07}. Best is trial 459 with value: 2405.323170902653.
[I 2026-03-31 15:45:17,294] Trial 535 finished with value: 2738.8436023947625 and parameters: {'alpha_0': 0.0006367658800588061, 'alpha_1': 6.81724781307274e-05, 'alpha_2': 0.00011814972716560709, 'beta_0': 0.181474513944769, 'beta_1': 1.2273821583726139, 'beta_2': 0.3226339800386709, 'beta_3': 0.003789564863195757, 'beta_4': 0.6178809126794089, 'beta_5': 1945.3671636667368, 'beta_6': 0.014473216314235683, 'beta_7': 0.02910252006927496, 'beta_8': 1.5685849123089004e-05, 'beta_9': 5.960437188151376e-07}. Best is trial 459 with value: 2405.323170902653.
[I 2026-03-31 15:45:18,647] Trial 536 finished with value: 2746.15180832487 and parameters: {'alpha_0': 0.0007940928935724182, 'alpha_1': 6.252221660638167e-05, 'alpha_2': 0.00012178371564075722, 'beta_0': 0.1916361178455181, 'beta_1': 1.235481802304172, 'beta_2': 0.3067284598200115, 'beta_3': 0.003683608063390496, 'beta_4': 0.6526220116614778, 'beta_5': 1887.877525524934, 'beta_6': 0.023520290467998518, 'beta_7': 0.030833661768052027, 'beta_8': 2.7405145468757e-05, 'beta_9': 1.3958935747224182e-07}. Best is trial 459 with value: 2405.323170902653.
[I 2026-03-31 15:45:20,001] Trial 537 finished with value: 2387.245732511589 and parameters: {'alpha_0': 0.0009388693735132245, 'alpha_1': 5.426369263146135e-05, 'alpha_2': 0.00010288899180856226, 'beta_0': 0.187225346973137, 'beta_1': 1.2192043756518127, 'beta_2': 0.36176685630740046, 'beta_3': 0.003413254095021639, 'beta_4': 0.5621847572646262, 'beta_5': 1924.3879282249263, 'beta_6': 0.010010706556981342, 'beta_7': 0.029981371709124967, 'beta_8': 1.3257959010629852e-05, 'beta_9': 1.0048865964095349e-07}. Best is trial 537 with value: 2387.245732511589.
[I 2026-03-31 15:45:21,347] Trial 538 finished with value: 3094.3731464239027 and parameters: {'alpha_0': 0.000954824061677495, 'alpha_1': 5.465219316169868e-05, 'alpha_2': 9.598847539007109e-05, 'beta_0': 0.19020840905522227, 'beta_1': 1.1938188531622875, 'beta_2': 0.37185805980544273, 'beta_3': 0.003373230665098866, 'beta_4': 0.5665481748636406, 'beta_5': 1928.4984662423028, 'beta_6': 0.016677516264332178, 'beta_7': 0.03007266000320463, 'beta_8': 1.1982576794086053e-05, 'beta_9': 8.263271283727509e-07}. Best is trial 537 with value: 2387.245732511589.
[I 2026-03-31 15:45:22,677] Trial 539 finished with value: 3124.9655881636754 and parameters: {'alpha_0': 0.0009030601251027516, 'alpha_1': 5.8791247663608446e-05, 'alpha_2': 0.00010022535516857434, 'beta_0': 0.18760864425400137, 'beta_1': 1.2148207125393542, 'beta_2': 0.3421750770457327, 'beta_3': 0.0032455395264529407, 'beta_4': 0.5463850945196412, 'beta_5': 1933.3957853885013, 'beta_6': 0.012913255702183539, 'beta_7': 0.03148141462847181, 'beta_8': 1.0199203876756601e-05, 'beta_9': 1.1042316996009593e-06}. Best is trial 537 with value: 2387.245732511589.
[I 2026-03-31 15:45:24,032] Trial 540 finished with value: 2776.495193498866 and parameters: {'alpha_0': 0.0009671141561754346, 'alpha_1': 6.5178078954306e-05, 'alpha_2': 0.00010205598049584818, 'beta_0': 0.19470873810761907, 'beta_1': 1.217018375008493, 'beta_2': 0.36021868550873615, 'beta_3': 0.0034636561034774365, 'beta_4': 0.5689860479958994, 'beta_5': 1965.317236418756, 'beta_6': 0.030726218156351973, 'beta_7': 0.030587159596218542, 'beta_8': 1.2332016163957058e-05, 'beta_9': 1.0279251456403505e-07}. Best is trial 537 with value: 2387.245732511589.Best trial: 537. Best value: 2387.25:  54%|█████▍    | 540/1000 [15:17<10:25,  1.36s/it]Best trial: 537. Best value: 2387.25:  54%|█████▍    | 540/1000 [15:17<10:25,  1.36s/it]Best trial: 537. Best value: 2387.25:  54%|█████▍    | 541/1000 [15:17<10:22,  1.36s/it]                                                                                        Best trial: 537. Best value: 2387.25:  54%|█████▍    | 541/1000 [15:19<10:22,  1.36s/it]Best trial: 537. Best value: 2387.25:  54%|█████▍    | 541/1000 [15:19<10:22,  1.36s/it]Best trial: 537. Best value: 2387.25:  54%|█████▍    | 542/1000 [15:19<10:22,  1.36s/it]                                                                                        Best trial: 537. Best value: 2387.25:  54%|█████▍    | 542/1000 [15:20<10:22,  1.36s/it]Best trial: 537. Best value: 2387.25:  54%|█████▍    | 542/1000 [15:20<10:22,  1.36s/it]Best trial: 537. Best value: 2387.25:  54%|█████▍    | 543/1000 [15:20<10:21,  1.36s/it]                                                                                        Best trial: 537. Best value: 2387.25:  54%|█████▍    | 543/1000 [15:21<10:21,  1.36s/it]Best trial: 537. Best value: 2387.25:  54%|█████▍    | 543/1000 [15:22<10:21,  1.36s/it]Best trial: 537. Best value: 2387.25:  54%|█████▍    | 544/1000 [15:22<10:17,  1.35s/it]                                                                                        Best trial: 537. Best value: 2387.25:  54%|█████▍    | 544/1000 [15:23<10:17,  1.35s/it]Best trial: 537. Best value: 2387.25:  54%|█████▍    | 544/1000 [15:23<10:17,  1.35s/it]Best trial: 537. Best value: 2387.25:  55%|█████▍    | 545/1000 [15:23<10:09,  1.34s/it]                                                                                        Best trial: 537. Best value: 2387.25:  55%|█████▍    | 545/1000 [15:24<10:09,  1.34s/it]Best trial: 537. Best value: 2387.25:  55%|█████▍    | 545/1000 [15:24<10:09,  1.34s/it]Best trial: 537. Best value: 2387.25:  55%|█████▍    | 546/1000 [15:24<10:07,  1.34s/it]                                                                                        Best trial: 537. Best value: 2387.25:  55%|█████▍    | 546/1000 [15:25<10:07,  1.34s/it]Best trial: 537. Best value: 2387.25:  55%|█████▍    | 546/1000 [15:25<10:07,  1.34s/it]Best trial: 537. Best value: 2387.25:  55%|█████▍    | 547/1000 [15:25<10:06,  1.34s/it]                                                                                        Best trial: 537. Best value: 2387.25:  55%|█████▍    | 547/1000 [15:27<10:06,  1.34s/it]Best trial: 537. Best value: 2387.25:  55%|█████▍    | 547/1000 [15:27<10:06,  1.34s/it]Best trial: 537. Best value: 2387.25:  55%|█████▍    | 548/1000 [15:27<10:07,  1.34s/it]                                                                                        Best trial: 537. Best value: 2387.25:  55%|█████▍    | 548/1000 [15:28<10:07,  1.34s/it]Best trial: 537. Best value: 2387.25:  55%|█████▍    | 548/1000 [15:28<10:07,  1.34s/it]Best trial: 537. Best value: 2387.25:  55%|█████▍    | 549/1000 [15:28<10:07,  1.35s/it]                                                                                        Best trial: 537. Best value: 2387.25:  55%|█████▍    | 549/1000 [15:30<10:07,  1.35s/it]Best trial: 537. Best value: 2387.25:  55%|█████▍    | 549/1000 [15:30<10:07,  1.35s/it]Best trial: 537. Best value: 2387.25:  55%|█████▌    | 550/1000 [15:30<10:20,  1.38s/it]                                                                                        Best trial: 537. Best value: 2387.25:  55%|█████▌    | 550/1000 [15:31<10:20,  1.38s/it]Best trial: 537. Best value: 2387.25:  55%|█████▌    | 550/1000 [15:31<10:20,  1.38s/it]Best trial: 537. Best value: 2387.25:  55%|█████▌    | 551/1000 [15:31<10:16,  1.37s/it]                                                                                        Best trial: 537. Best value: 2387.25:  55%|█████▌    | 551/1000 [15:32<10:16,  1.37s/it]Best trial: 537. Best value: 2387.25:  55%|█████▌    | 551/1000 [15:32<10:16,  1.37s/it]Best trial: 537. Best value: 2387.25:  55%|█████▌    | 552/1000 [15:32<10:10,  1.36s/it]                                                                                        Best trial: 537. Best value: 2387.25:  55%|█████▌    | 552/1000 [15:34<10:10,  1.36s/it]Best trial: 537. Best value: 2387.25:  55%|█████▌    | 552/1000 [15:34<10:10,  1.36s/it]Best trial: 537. Best value: 2387.25:  55%|█████▌    | 553/1000 [15:34<10:12,  1.37s/it]                                                                                        Best trial: 537. Best value: 2387.25:  55%|█████▌    | 553/1000 [15:35<10:12,  1.37s/it]Best trial: 537. Best value: 2387.25:  55%|█████▌    | 553/1000 [15:35<10:12,  1.37s/it]Best trial: 537. Best value: 2387.25:  55%|█████▌    | 554/1000 [15:35<10:09,  1.37s/it]                                                                                        Best trial: 537. Best value: 2387.25:  55%|█████▌    | 554/1000 [15:36<10:09,  1.37s/it]Best trial: 537. Best value: 2387.25:  55%|█████▌    | 554/1000 [15:36<10:09,  1.37s/it]Best trial: 537. Best value: 2387.25:  56%|█████▌    | 555/1000 [15:36<10:10,  1.37s/it]                                                                                        
[I 2026-03-31 15:45:25,393] Trial 541 finished with value: 2713.157716933839 and parameters: {'alpha_0': 0.0008709440676168152, 'alpha_1': 5.3821285550692045e-05, 'alpha_2': 0.00010522306015201032, 'beta_0': 0.2017943298572471, 'beta_1': 1.2059933986859077, 'beta_2': 0.39179383418447067, 'beta_3': 0.003308029195667754, 'beta_4': 0.5578671865614581, 'beta_5': 1999.791769090266, 'beta_6': 0.01923927239384502, 'beta_7': 0.032469570040085036, 'beta_8': 1.3279739879780797e-05, 'beta_9': 1.7097584539824885e-07}. Best is trial 537 with value: 2387.245732511589.
[I 2026-03-31 15:45:26,757] Trial 542 finished with value: 2738.377297949037 and parameters: {'alpha_0': 0.0009796105069675794, 'alpha_1': 7.058783573850736e-05, 'alpha_2': 0.00010698787639166379, 'beta_0': 0.18612397068808886, 'beta_1': 1.2004405391533348, 'beta_2': 0.32615366933342416, 'beta_3': 0.004008164360714269, 'beta_4': 0.5799977914876129, 'beta_5': 1962.5541548013052, 'beta_6': 0.014500045593480967, 'beta_7': 0.029965936814725348, 'beta_8': 1.442901555951739e-05, 'beta_9': 2.2894777917314887e-07}. Best is trial 537 with value: 2387.245732511589.
[I 2026-03-31 15:45:28,096] Trial 543 finished with value: 2595.977290322423 and parameters: {'alpha_0': 0.0008554282591435314, 'alpha_1': 6.048726319946937e-05, 'alpha_2': 0.00010286255247049717, 'beta_0': 0.19493808209113014, 'beta_1': 1.1808755066576249, 'beta_2': 0.30409704927892456, 'beta_3': 0.003498599125477053, 'beta_4': 0.5859882038933909, 'beta_5': 1849.3458164676786, 'beta_6': 0.012688658835944873, 'beta_7': 0.03098864870421922, 'beta_8': 1.5175846193641856e-05, 'beta_9': 1.3246895273985096e-07}. Best is trial 537 with value: 2387.245732511589.
[I 2026-03-31 15:45:29,398] Trial 544 finished with value: 2746.6465290310343 and parameters: {'alpha_0': 0.0007912443830087521, 'alpha_1': 0.00014757195092929254, 'alpha_2': 0.00011083190997715798, 'beta_0': 0.21080329912191176, 'beta_1': 1.1686847982554536, 'beta_2': 0.3477439253693795, 'beta_3': 0.003943188837373087, 'beta_4': 0.5336296348334871, 'beta_5': 1914.6545414357636, 'beta_6': 0.020507111999418612, 'beta_7': 0.029571286319569318, 'beta_8': 1.1870722471755618e-05, 'beta_9': 1.009428092703837e-07}. Best is trial 537 with value: 2387.245732511589.
[I 2026-03-31 15:45:30,735] Trial 545 finished with value: 2610.8323762105874 and parameters: {'alpha_0': 0.0009113934726080597, 'alpha_1': 5.05466235032552e-05, 'alpha_2': 9.754789130792793e-05, 'beta_0': 0.18931988229467112, 'beta_1': 1.222714296606689, 'beta_2': 0.383082320516839, 'beta_3': 0.0034072440295703508, 'beta_4': 0.5502813019781376, 'beta_5': 1956.9874029365399, 'beta_6': 0.01005745066243496, 'beta_7': 0.0303756252074647, 'beta_8': 1.6263827717641074e-05, 'beta_9': 1.8222286817152534e-07}. Best is trial 537 with value: 2387.245732511589.
[I 2026-03-31 15:45:32,078] Trial 546 finished with value: 2660.429742168967 and parameters: {'alpha_0': 0.0007751471305206148, 'alpha_1': 5.015624895776895e-05, 'alpha_2': 0.00011354172375689666, 'beta_0': 0.19788137854665913, 'beta_1': 1.2104916089296909, 'beta_2': 0.22344073265688968, 'beta_3': 0.0036177471734219493, 'beta_4': 0.5676542943153199, 'beta_5': 1712.8154033414805, 'beta_6': 0.09117638550324737, 'beta_7': 0.029530432423451897, 'beta_8': 1.2897031078847387e-05, 'beta_9': 1.6117845906253307e-07}. Best is trial 537 with value: 2387.245732511589.
[I 2026-03-31 15:45:33,434] Trial 547 finished with value: 2524.2182290396495 and parameters: {'alpha_0': 0.0010183410782065951, 'alpha_1': 5.82047605862344e-05, 'alpha_2': 0.00010831815643085864, 'beta_0': 0.18400979714156196, 'beta_1': 1.2434816333882843, 'beta_2': 0.3132838359927834, 'beta_3': 0.0032018463400915855, 'beta_4': 0.6031692654203734, 'beta_5': 1890.7283601795268, 'beta_6': 0.01664381955831735, 'beta_7': 0.030250186909533697, 'beta_8': 1.745748140818452e-05, 'beta_9': 1.9855979751138635e-07}. Best is trial 537 with value: 2387.245732511589.
[I 2026-03-31 15:45:34,792] Trial 548 finished with value: 2763.619420348204 and parameters: {'alpha_0': 0.0008735357380113267, 'alpha_1': 6.068111177519371e-05, 'alpha_2': 0.00011650201667166488, 'beta_0': 0.18725937449914706, 'beta_1': 1.1918483319440587, 'beta_2': 0.33301316506634965, 'beta_3': 0.0038487829293400804, 'beta_4': 0.587201903790579, 'beta_5': 1999.3608950882228, 'beta_6': 0.013322934440557897, 'beta_7': 0.031146849091664843, 'beta_8': 1.4516775894915782e-05, 'beta_9': 1.3375546981061654e-07}. Best is trial 537 with value: 2387.245732511589.
[I 2026-03-31 15:45:36,240] Trial 549 finished with value: 2795.3032329598573 and parameters: {'alpha_0': 0.0007292643104059393, 'alpha_1': 6.681419325173588e-05, 'alpha_2': 0.00013175119449203152, 'beta_0': 0.13263266722347353, 'beta_1': 1.2183797945535517, 'beta_2': 0.3615471553025444, 'beta_3': 0.0013555718133424744, 'beta_4': 0.5377224864374083, 'beta_5': 1420.2159838509735, 'beta_6': 0.01654798632696135, 'beta_7': 0.028686305234436348, 'beta_8': 9.418276134692641e-05, 'beta_9': 1.634215440039792e-07}. Best is trial 537 with value: 2387.245732511589.
[I 2026-03-31 15:45:37,598] Trial 550 finished with value: 2554.8076107197467 and parameters: {'alpha_0': 0.002256211187351414, 'alpha_1': 5.574305995806039e-05, 'alpha_2': 0.0001245109071768703, 'beta_0': 0.20444005021435663, 'beta_1': 1.2073905566077205, 'beta_2': 0.37570551406231717, 'beta_3': 0.0033388072423854616, 'beta_4': 0.5646664557760154, 'beta_5': 1924.3913158544774, 'beta_6': 0.021801431634601524, 'beta_7': 0.029362873891331284, 'beta_8': 5.1094629977224015e-05, 'beta_9': 1.0128668416541069e-07}. Best is trial 537 with value: 2387.245732511589.
[I 2026-03-31 15:45:38,940] Trial 551 finished with value: 2475.7706589598956 and parameters: {'alpha_0': 0.0009586380455469528, 'alpha_1': 5.009001229057592e-05, 'alpha_2': 0.00011531827471093157, 'beta_0': 0.18211586410456085, 'beta_1': 1.226956644951434, 'beta_2': 0.34986891068257286, 'beta_3': 0.0036898972525757374, 'beta_4': 0.5547027903077758, 'beta_5': 1822.319250744076, 'beta_6': 0.01319520781871272, 'beta_7': 0.029840852126566828, 'beta_8': 1.733528585725472e-05, 'beta_9': 2.1844760614967617e-07}. Best is trial 537 with value: 2387.245732511589.
[I 2026-03-31 15:45:40,329] Trial 552 finished with value: 3002.0471757989667 and parameters: {'alpha_0': 0.0011040733552773554, 'alpha_1': 0.00028828850376214944, 'alpha_2': 0.00010868794595372534, 'beta_0': 0.18010603652250048, 'beta_1': 1.229890059918165, 'beta_2': 0.31957879418358925, 'beta_3': 0.0037079206228667278, 'beta_4': 0.5538649284076976, 'beta_5': 1755.3059812506278, 'beta_6': 0.018716969119226934, 'beta_7': 0.030829468735517146, 'beta_8': 1.6948808556930585e-05, 'beta_9': 2.5220660279734146e-07}. Best is trial 537 with value: 2387.245732511589.
[I 2026-03-31 15:45:41,684] Trial 553 finished with value: 2710.8165612272223 and parameters: {'alpha_0': 0.001000101894513507, 'alpha_1': 5.0396503511484016e-05, 'alpha_2': 0.00010381956045855565, 'beta_0': 0.183760373757197, 'beta_1': 1.2576343656160192, 'beta_2': 0.3406447896471614, 'beta_3': 0.003813051741887261, 'beta_4': 0.5453762399603411, 'beta_5': 1825.6738265767733, 'beta_6': 0.015544553812650656, 'beta_7': 0.03184467183369424, 'beta_8': 1.836089836160176e-05, 'beta_9': 2.746581920266041e-07}. Best is trial 537 with value: 2387.245732511589.
[I 2026-03-31 15:45:43,062] Trial 554 finished with value: 2705.8889659967813 and parameters: {'alpha_0': 0.00094179803260348, 'alpha_1': 5.404298092795101e-05, 'alpha_2': 0.00011505652152553985, 'beta_0': 0.19095353963002165, 'beta_1': 1.2455073032884587, 'beta_2': 0.35419628354620897, 'beta_3': 0.003624820840123616, 'beta_4': 0.560805952224315, 'beta_5': 1800.1962557555228, 'beta_6': 0.018932883734643267, 'beta_7': 0.030146930903772243, 'beta_8': 1.439544935124076e-05, 'beta_9': 2.2570088031241805e-07}. Best is trial 537 with value: 2387.245732511589.
