[I 2026-03-31 15:32:14,284] Trial 35 finished with value: 8182.440247709757 and parameters: {'alpha_0': 0.003348973138136748, 'alpha_1': 0.00019021168139387765, 'alpha_2': 0.00018881163907871366, 'beta_0': 0.1509422057525902, 'beta_1': 1.298979490624483, 'beta_2': 0.3401377027359618, 'beta_3': 0.0019139189302347724, 'beta_4': 0.8337483302135456, 'beta_5': 901.7411774993711, 'beta_6': 0.08547829307151886, 'beta_7': 0.013316856679388056, 'beta_8': 9.9737908492475e-05, 'beta_9': 2.532604990992e-07}. Best is trial 6 with value: 2847.8259479041844.
[I 2026-03-31 15:32:15,528] Trial 36 finished with value: 3195.429710140038 and parameters: {'alpha_0': 0.0022568435054006854, 'alpha_1': 0.00026514845105721164, 'alpha_2': 7.30349617355714e-05, 'beta_0': 0.11694202338440458, 'beta_1': 1.4667148702338801, 'beta_2': 0.2998923333864839, 'beta_3': 0.0017206351928031717, 'beta_4': 0.9291050425176536, 'beta_5': 1837.1919580102528, 'beta_6': 0.10196532157510561, 'beta_7': 0.03764571097128497, 'beta_8': 7.563797066489417e-05, 'beta_9': 1.1327604003217109e-07}. Best is trial 6 with value: 2847.8259479041844.
[I 2026-03-31 15:32:16,878] Trial 37 finished with value: 3193.919152391107 and parameters: {'alpha_0': 0.0016436897358542025, 'alpha_1': 0.00020640636645898725, 'alpha_2': 0.00014408096810181246, 'beta_0': 0.1021699026114366, 'beta_1': 1.0830679682580984, 'beta_2': 0.45774559993851605, 'beta_3': 0.0022048827778391586, 'beta_4': 0.7702165405583599, 'beta_5': 1118.5338862208223, 'beta_6': 0.06275267752490571, 'beta_7': 0.029352780867137884, 'beta_8': 6.611096768364326e-05, 'beta_9': 5.706565335405398e-07}. Best is trial 6 with value: 2847.8259479041844.
[I 2026-03-31 15:32:18,059] Trial 38 finished with value: 3732.089734551124 and parameters: {'alpha_0': 0.00310340190585138, 'alpha_1': 7.101598991106098e-05, 'alpha_2': 0.00016850218223769592, 'beta_0': 0.2425772706462324, 'beta_1': 1.2307983226117651, 'beta_2': 0.38540339155357145, 'beta_3': 0.0027647572819606606, 'beta_4': 0.5920134416349963, 'beta_5': 1477.7574287193224, 'beta_6': 0.12924243140126204, 'beta_7': 0.03428913668118837, 'beta_8': 5.927298174294687e-05, 'beta_9': 1.2463590281973206e-06}. Best is trial 6 with value: 2847.8259479041844.
[I 2026-03-31 15:32:19,594] Trial 39 finished with value: 3898.770745700944 and parameters: {'alpha_0': 0.0048669962178911575, 'alpha_1': 0.00017324565760823838, 'alpha_2': 0.0002394979813452909, 'beta_0': 0.22214703947626807, 'beta_1': 1.1448581055473508, 'beta_2': 0.07388133795239371, 'beta_3': 0.0025680381075982575, 'beta_4': 0.9292665561098972, 'beta_5': 1260.9166548423887, 'beta_6': 0.0897229204858207, 'beta_7': 0.027139037632618438, 'beta_8': 9.361493059958069e-05, 'beta_9': 8.214576121241381e-07}. Best is trial 6 with value: 2847.8259479041844.
[I 2026-03-31 15:32:21,287] Trial 40 finished with value: 11088.535152237364 and parameters: {'alpha_0': 0.0026455230320901794, 'alpha_1': 0.0002913150085355206, 'alpha_2': 0.00013066212015066817, 'beta_0': 0.26953682130366646, 'beta_1': 1.2761989153643982, 'beta_2': 0.1402196595995863, 'beta_3': 0.002119642033472613, 'beta_4': 0.4348987539906115, 'beta_5': 1872.667925793165, 'beta_6': 0.03772960868270223, 'beta_7': 0.0245550042179844, 'beta_8': 4.904419694497834e-05, 'beta_9': 6.40361222315859e-07}. Best is trial 6 with value: 2847.8259479041844.
[I 2026-03-31 15:32:22,549] Trial 41 finished with value: 3066.4167767784757 and parameters: {'alpha_0': 0.00392423834434286, 'alpha_1': 0.0001536249983334984, 'alpha_2': 0.00020405876967504493, 'beta_0': 0.18186283459466313, 'beta_1': 1.4193360020448444, 'beta_2': 0.4265022825309598, 'beta_3': 0.0035540374052930733, 'beta_4': 0.8172636807062448, 'beta_5': 1285.7221294515164, 'beta_6': 0.07533040847344936, 'beta_7': 0.03249890181879201, 'beta_8': 7.033775897054902e-05, 'beta_9': 2.1914727611924696e-07}. Best is trial 6 with value: 2847.8259479041844.
[I 2026-03-31 15:32:23,815] Trial 42 finished with value: 2831.9207838851594 and parameters: {'alpha_0': 0.003511513616687265, 'alpha_1': 0.00010229877939646101, 'alpha_2': 0.00021589800644616523, 'beta_0': 0.18265701668378306, 'beta_1': 1.3260091963215026, 'beta_2': 0.49276609586605535, 'beta_3': 0.00421157659825323, 'beta_4': 0.8770735515178008, 'beta_5': 1162.2098199294192, 'beta_6': 0.054186702844501757, 'beta_7': 0.03198243341600245, 'beta_8': 7.079463084988194e-05, 'beta_9': 1.2682327592622983e-07}. Best is trial 42 with value: 2831.9207838851594.
[I 2026-03-31 15:32:37,590] Trial 43 finished with value: 11262.50775460694 and parameters: {'alpha_0': 0.0035177082195704526, 'alpha_1': 9.79328503889837e-05, 'alpha_2': 0.0002169906811156067, 'beta_0': 0.1943407105753904, 'beta_1': 1.3207871442653012, 'beta_2': 0.5123075448885723, 'beta_3': 0.004483783266162731, 'beta_4': 0.8875261339898726, 'beta_5': 963.8008346393177, 'beta_6': 0.05351317469466904, 'beta_7': 0.008540263337148616, 'beta_8': 8.008174761211037e-05, 'beta_9': 1.1162618276012453e-07}. Best is trial 42 with value: 2831.9207838851594.
[I 2026-03-31 15:32:38,863] Trial 44 finished with value: 2859.9934637233428 and parameters: {'alpha_0': 0.003274489310163553, 'alpha_1': 5.9065982211172724e-05, 'alpha_2': 0.00024955969111045755, 'beta_0': 0.2055017564275534, 'beta_1': 1.3544711419664541, 'beta_2': 0.4923869118974361, 'beta_3': 0.005097892110474649, 'beta_4': 0.9845927177032887, 'beta_5': 1158.6714708830602, 'beta_6': 0.013126226687833885, 'beta_7': 0.029734432321504564, 'beta_8': 8.503709039412607e-05, 'beta_9': 2.784078773971899e-07}. Best is trial 42 with value: 2831.9207838851594.
[I 2026-03-31 15:32:40,150] Trial 45 finished with value: 2859.536236843787 and parameters: {'alpha_0': 0.0037996365662733814, 'alpha_1': 6.069294329082645e-05, 'alpha_2': 0.000248718342809631, 'beta_0': 0.1546575839775142, 'beta_1': 1.3679383213448764, 'beta_2': 0.48623944931053203, 'beta_3': 0.005191629652512878, 'beta_4': 0.9783991760641394, 'beta_5': 615.3484395807106, 'beta_6': 0.028142447467769553, 'beta_7': 0.02837142805419262, 'beta_8': 8.618435711631559e-05, 'beta_9': 4.187138316696903e-07}. Best is trial 42 with value: 2831.9207838851594.Best trial: 42. Best value: 2831.92:   4%|▍         | 45/1000 [02:34<1:04:37,  4.06s/it]Best trial: 42. Best value: 2831.92:   4%|▍         | 45/1000 [02:34<1:04:37,  4.06s/it]Best trial: 42. Best value: 2831.92:   5%|▍         | 46/1000 [02:34<51:19,  3.23s/it]                                                                                        Best trial: 42. Best value: 2831.92:   5%|▍         | 46/1000 [02:35<51:19,  3.23s/it]Best trial: 46. Best value: 2699.96:   5%|▍         | 46/1000 [02:35<51:19,  3.23s/it]Best trial: 46. Best value: 2699.96:   5%|▍         | 47/1000 [02:35<42:05,  2.65s/it]                                                                                      Best trial: 46. Best value: 2699.96:   5%|▍         | 47/1000 [02:36<42:05,  2.65s/it]Best trial: 46. Best value: 2699.96:   5%|▍         | 47/1000 [02:36<42:05,  2.65s/it]Best trial: 46. Best value: 2699.96:   5%|▍         | 48/1000 [02:36<35:30,  2.24s/it]                                                                                      Best trial: 46. Best value: 2699.96:   5%|▍         | 48/1000 [02:37<35:30,  2.24s/it]Best trial: 46. Best value: 2699.96:   5%|▍         | 48/1000 [02:37<35:30,  2.24s/it]Best trial: 46. Best value: 2699.96:   5%|▍         | 49/1000 [02:37<31:04,  1.96s/it]                                                                                      Best trial: 46. Best value: 2699.96:   5%|▍         | 49/1000 [02:39<31:04,  1.96s/it]Best trial: 46. Best value: 2699.96:   5%|▍         | 49/1000 [02:39<31:04,  1.96s/it]Best trial: 46. Best value: 2699.96:   5%|▌         | 50/1000 [02:39<28:05,  1.77s/it]                                                                                      Best trial: 46. Best value: 2699.96:   5%|▌         | 50/1000 [02:48<28:05,  1.77s/it]Best trial: 46. Best value: 2699.96:   5%|▌         | 50/1000 [02:48<28:05,  1.77s/it]Best trial: 46. Best value: 2699.96:   5%|▌         | 51/1000 [02:48<1:04:52,  4.10s/it]                                                                                        Best trial: 46. Best value: 2699.96:   5%|▌         | 51/1000 [02:50<1:04:52,  4.10s/it]Best trial: 51. Best value: 2514.61:   5%|▌         | 51/1000 [02:50<1:04:52,  4.10s/it]Best trial: 51. Best value: 2514.61:   5%|▌         | 52/1000 [02:50<51:26,  3.26s/it]                                                                                        Best trial: 51. Best value: 2514.61:   5%|▌         | 52/1000 [02:51<51:26,  3.26s/it]Best trial: 51. Best value: 2514.61:   5%|▌         | 52/1000 [02:51<51:26,  3.26s/it]Best trial: 51. Best value: 2514.61:   5%|▌         | 53/1000 [02:51<42:06,  2.67s/it]                                                                                      Best trial: 51. Best value: 2514.61:   5%|▌         | 53/1000 [02:52<42:06,  2.67s/it]Best trial: 51. Best value: 2514.61:   5%|▌         | 53/1000 [02:52<42:06,  2.67s/it]Best trial: 51. Best value: 2514.61:   5%|▌         | 54/1000 [02:52<35:55,  2.28s/it]                                                                                      Best trial: 51. Best value: 2514.61:   5%|▌         | 54/1000 [02:53<35:55,  2.28s/it]Best trial: 51. Best value: 2514.61:   5%|▌         | 54/1000 [02:53<35:55,  2.28s/it]Best trial: 51. Best value: 2514.61:   6%|▌         | 55/1000 [02:53<30:57,  1.97s/it]                                                                                      Best trial: 51. Best value: 2514.61:   6%|▌         | 55/1000 [02:55<30:57,  1.97s/it]Best trial: 51. Best value: 2514.61:   6%|▌         | 55/1000 [02:55<30:57,  1.97s/it]Best trial: 51. Best value: 2514.61:   6%|▌         | 56/1000 [02:55<28:15,  1.80s/it]                                                                                      Best trial: 51. Best value: 2514.61:   6%|▌         | 56/1000 [02:56<28:15,  1.80s/it]Best trial: 51. Best value: 2514.61:   6%|▌         | 56/1000 [02:56<28:15,  1.80s/it]Best trial: 51. Best value: 2514.61:   6%|▌         | 57/1000 [02:56<27:22,  1.74s/it]                                                                                      Best trial: 51. Best value: 2514.61:   6%|▌         | 57/1000 [02:58<27:22,  1.74s/it]Best trial: 51. Best value: 2514.61:   6%|▌         | 57/1000 [02:58<27:22,  1.74s/it]Best trial: 51. Best value: 2514.61:   6%|▌         | 58/1000 [02:58<25:27,  1.62s/it]                                                                                      Best trial: 51. Best value: 2514.61:   6%|▌         | 58/1000 [02:59<25:27,  1.62s/it]Best trial: 51. Best value: 2514.61:   6%|▌         | 58/1000 [02:59<25:27,  1.62s/it]Best trial: 51. Best value: 2514.61:   6%|▌         | 59/1000 [02:59<23:52,  1.52s/it]                                                                                      Best trial: 51. Best value: 2514.61:   6%|▌         | 59/1000 [03:00<23:52,  1.52s/it]Best trial: 51. Best value: 2514.61:   6%|▌         | 59/1000 [03:00<23:52,  1.52s/it]Best trial: 51. Best value: 2514.61:   6%|▌         | 60/1000 [03:00<22:50,  1.46s/it]                                                                                      
[I 2026-03-31 15:32:41,449] Trial 46 finished with value: 2699.9582949442292 and parameters: {'alpha_0': 0.0033453506183440938, 'alpha_1': 6.224695619958316e-05, 'alpha_2': 0.00024994260532819096, 'beta_0': 0.13871548823615334, 'beta_1': 1.370085544939708, 'beta_2': 0.5463998590588051, 'beta_3': 0.005388992388699963, 'beta_4': 0.991203908039156, 'beta_5': 787.3415222995983, 'beta_6': 0.016916229601084486, 'beta_7': 0.027856701197662256, 'beta_8': 8.596292726646065e-05, 'beta_9': 4.092862983265899e-07}. Best is trial 46 with value: 2699.9582949442292.
[I 2026-03-31 15:32:42,725] Trial 47 finished with value: 2813.4989639014802 and parameters: {'alpha_0': 0.003394406363172303, 'alpha_1': 6.471539108805039e-05, 'alpha_2': 0.0002475399334414964, 'beta_0': 0.14086873579353493, 'beta_1': 1.361981843118939, 'beta_2': 0.5979206441560867, 'beta_3': 0.005727699657254328, 'beta_4': 0.992145364331925, 'beta_5': 520.9319400088916, 'beta_6': 0.018589628541850617, 'beta_7': 0.027908014737489526, 'beta_8': 8.428937841045047e-05, 'beta_9': 4.478039124194603e-07}. Best is trial 46 with value: 2699.9582949442292.
[I 2026-03-31 15:32:44,040] Trial 48 finished with value: 2872.618611072082 and parameters: {'alpha_0': 0.0034814313614500614, 'alpha_1': 8.555664808909452e-05, 'alpha_2': 0.00024262645818949225, 'beta_0': 0.13585922386292487, 'beta_1': 1.2799249126726784, 'beta_2': 0.555312401210118, 'beta_3': 0.005976707617504091, 'beta_4': 0.9976229728772352, 'beta_5': 573.913179747537, 'beta_6': 0.02123463229896413, 'beta_7': 0.027757880623853315, 'beta_8': 9.613173649933921e-05, 'beta_9': 4.178053966864871e-07}. Best is trial 46 with value: 2699.9582949442292.
[I 2026-03-31 15:32:45,380] Trial 49 finished with value: 2942.7317562859184 and parameters: {'alpha_0': 0.0044152737555983555, 'alpha_1': 0.00011214782172636613, 'alpha_2': 0.0002263496874976492, 'beta_0': 0.14108416452927727, 'beta_1': 1.3640794657874917, 'beta_2': 0.5945660306182629, 'beta_3': 0.0054738645528119466, 'beta_4': 0.9492970985197295, 'beta_5': 388.0462567320419, 'beta_6': 0.027508360461894206, 'beta_7': 0.02513641543622527, 'beta_8': 8.992220586293938e-05, 'beta_9': 5.285424702813359e-07}. Best is trial 46 with value: 2699.9582949442292.
[I 2026-03-31 15:32:54,910] Trial 50 finished with value: 9620.633748368919 and parameters: {'alpha_0': 0.002999189954392587, 'alpha_1': 6.308685656242307e-05, 'alpha_2': 0.00024408531209786622, 'beta_0': 0.11740903125028826, 'beta_1': 1.318409045046624, 'beta_2': 0.5360002902996782, 'beta_3': 0.004383254780812912, 'beta_4': 0.9531355780386271, 'beta_5': 664.6678569614394, 'beta_6': 0.042780526754317885, 'beta_7': 0.01839726515596528, 'beta_8': 9.238447972003578e-05, 'beta_9': 4.0105485019160804e-07}. Best is trial 46 with value: 2699.9582949442292.
[I 2026-03-31 15:32:56,194] Trial 51 finished with value: 2514.6051342609703 and parameters: {'alpha_0': 0.0033561117626094796, 'alpha_1': 7.486745039575536e-05, 'alpha_2': 0.00024970283635324705, 'beta_0': 0.1569254578211536, 'beta_1': 1.3635377080925835, 'beta_2': 0.5686380885011332, 'beta_3': 0.005225881134119289, 'beta_4': 0.989542709113265, 'beta_5': 444.4946886603943, 'beta_6': 0.014217194028404783, 'beta_7': 0.028105338854401307, 'beta_8': 8.498819633637196e-05, 'beta_9': 2.757641098537802e-07}. Best is trial 51 with value: 2514.6051342609703.
[I 2026-03-31 15:32:57,491] Trial 52 finished with value: 2845.3431132744745 and parameters: {'alpha_0': 0.0036628634672127174, 'alpha_1': 7.487613314501775e-05, 'alpha_2': 0.00024767961263903504, 'beta_0': 0.15284354844601672, 'beta_1': 1.449420408736046, 'beta_2': 0.5691157770153686, 'beta_3': 0.005437134512860466, 'beta_4': 0.9980189971647508, 'beta_5': 425.21978157250726, 'beta_6': 0.022029145481760846, 'beta_7': 0.028280274124908175, 'beta_8': 8.568908791397462e-05, 'beta_9': 3.714064173356035e-07}. Best is trial 51 with value: 2514.6051342609703.
[I 2026-03-31 15:32:58,861] Trial 53 finished with value: 2890.869499836698 and parameters: {'alpha_0': 0.003405164667705318, 'alpha_1': 7.321682577617621e-05, 'alpha_2': 0.00021456513095681262, 'beta_0': 0.11828192815623932, 'beta_1': 1.4494654769300905, 'beta_2': 0.5653917111753388, 'beta_3': 0.005538232229359435, 'beta_4': 0.9538108167863094, 'beta_5': 474.8962757807054, 'beta_6': 0.010653272242174643, 'beta_7': 0.025473304199548904, 'beta_8': 8.131348362360587e-05, 'beta_9': 6.834592796558692e-07}. Best is trial 51 with value: 2514.6051342609703.
[I 2026-03-31 15:33:00,097] Trial 54 finished with value: 2815.4471996659167 and parameters: {'alpha_0': 0.0031352476586041576, 'alpha_1': 9.441905624746638e-05, 'alpha_2': 0.0002386388262123798, 'beta_0': 0.140964873236496, 'beta_1': 1.476335102928341, 'beta_2': 0.5717560572597176, 'beta_3': 0.004639608432248148, 'beta_4': 0.8605560531846267, 'beta_5': 264.8658688748991, 'beta_6': 0.021522366801524258, 'beta_7': 0.0315860106024555, 'beta_8': 7.634916438383944e-05, 'beta_9': 3.5520274530433524e-07}. Best is trial 51 with value: 2514.6051342609703.
[I 2026-03-31 15:33:01,497] Trial 55 finished with value: 11068.525275167007 and parameters: {'alpha_0': 0.003197739098830792, 'alpha_1': 9.49798594905791e-05, 'alpha_2': 0.00022822951667731325, 'beta_0': 0.14272633805953422, 'beta_1': 1.4666185083424077, 'beta_2': 0.5790983211409535, 'beta_3': 0.004767335351004684, 'beta_4': 0.8662360672009067, 'beta_5': 253.48861230001046, 'beta_6': 0.01837151769837145, 'beta_7': 0.02301145113897289, 'beta_8': 8.552934885591119e-05, 'beta_9': 1.8498464875638286e-06}. Best is trial 51 with value: 2514.6051342609703.
[I 2026-03-31 15:33:03,111] Trial 56 finished with value: 11001.771857145963 and parameters: {'alpha_0': 0.003597416097555894, 'alpha_1': 0.00011160142546691297, 'alpha_2': 0.0002383788142596402, 'beta_0': 0.1596687576643873, 'beta_1': 1.4389034223177437, 'beta_2': 0.5997221543206077, 'beta_3': 0.005456414930085024, 'beta_4': 0.9147782984371208, 'beta_5': 150.39639513250074, 'beta_6': 0.025214272516018113, 'beta_7': 0.02118932434749747, 'beta_8': 7.617959642914242e-05, 'beta_9': 3.619384108811674e-07}. Best is trial 51 with value: 2514.6051342609703.
[I 2026-03-31 15:33:04,453] Trial 57 finished with value: 3565.994974356969 and parameters: {'alpha_0': 0.002828574200687303, 'alpha_1': 5.0174673318908066e-05, 'alpha_2': 0.00023915706941036029, 'beta_0': 0.16821350739277185, 'beta_1': 1.4057616001874413, 'beta_2': 0.5237056222748178, 'beta_3': 0.004856614755251487, 'beta_4': 0.9997834434587324, 'beta_5': 388.8474150739761, 'beta_6': 0.03468831862630813, 'beta_7': 0.02747130760354522, 'beta_8': 7.442869637516635e-05, 'beta_9': 1.506480738115598e-06}. Best is trial 51 with value: 2514.6051342609703.
[I 2026-03-31 15:33:05,742] Trial 58 finished with value: 2930.863954951712 and parameters: {'alpha_0': 0.0040706602473527635, 'alpha_1': 8.176215568021638e-05, 'alpha_2': 0.00022434611910307538, 'beta_0': 0.12679831555635696, 'beta_1': 1.481379795870043, 'beta_2': 0.5711179552784413, 'beta_3': 0.00406573472954463, 'beta_4': 0.9495672430810879, 'beta_5': 791.585934334335, 'beta_6': 0.01847653087275192, 'beta_7': 0.031285404005005915, 'beta_8': 8.284947996599893e-05, 'beta_9': 5.933805987940528e-07}. Best is trial 51 with value: 2514.6051342609703.
[I 2026-03-31 15:33:07,051] Trial 59 finished with value: 3119.687029737867 and parameters: {'alpha_0': 0.0033431129059839776, 'alpha_1': 0.00010246116017007365, 'alpha_2': 0.00024893181411242833, 'beta_0': 0.15766070460616827, 'beta_1': 1.3845749463901964, 'beta_2': 0.5348771006185499, 'beta_3': 0.005721434365289692, 'beta_4': 0.9146007055611707, 'beta_5': 483.4861252549632, 'beta_6': 0.04509241545622345, 'beta_7': 0.028574693888951973, 'beta_8': 9.291004104033419e-05, 'beta_9': 4.941226617312935e-07}. Best is trial 51 with value: 2514.6051342609703.
