[I 2026-03-31 15:41:38,645] Trial 395 finished with value: 2477.712898766981 and parameters: {'alpha_0': 0.0009175928376274291, 'alpha_1': 5.5061797125635695e-05, 'alpha_2': 0.00011590014445770984, 'beta_0': 0.17790631601256937, 'beta_1': 1.23298866042171, 'beta_2': 0.33341147260937787, 'beta_3': 0.003909345243346882, 'beta_4': 0.6287897801526197, 'beta_5': 1922.1359449104516, 'beta_6': 0.015253102026996902, 'beta_7': 0.02960883067812366, 'beta_8': 1.8765938195688253e-05, 'beta_9': 1.6631744576061485e-07}. Best is trial 385 with value: 2408.8828178913027.
[I 2026-03-31 15:41:39,972] Trial 396 finished with value: 2594.3616384855736 and parameters: {'alpha_0': 0.0009153514676778537, 'alpha_1': 5.482073663269736e-05, 'alpha_2': 4.0145942098341595e-05, 'beta_0': 0.18897724073479596, 'beta_1': 1.2322726178247545, 'beta_2': 0.3332012630090984, 'beta_3': 0.004083816097979355, 'beta_4': 0.6451031001693293, 'beta_5': 1927.3731402213302, 'beta_6': 0.016672202495697928, 'beta_7': 0.03217263251551937, 'beta_8': 1.7748857903571517e-05, 'beta_9': 1.6101143007960994e-07}. Best is trial 385 with value: 2408.8828178913027.
[I 2026-03-31 15:41:41,263] Trial 397 finished with value: 2614.8226699946076 and parameters: {'alpha_0': 0.0010769703513957816, 'alpha_1': 5.483769930969114e-05, 'alpha_2': 5.345684110696575e-05, 'beta_0': 0.182045245202541, 'beta_1': 1.211090895540665, 'beta_2': 0.352727049790587, 'beta_3': 0.0038789868438685827, 'beta_4': 0.6553110214602691, 'beta_5': 1894.8915364042155, 'beta_6': 0.015117416217855567, 'beta_7': 0.029872944962441746, 'beta_8': 1.9360840939836844e-05, 'beta_9': 1.0085959025690162e-07}. Best is trial 385 with value: 2408.8828178913027.
[I 2026-03-31 15:41:42,990] Trial 398 finished with value: 13334.285653481362 and parameters: {'alpha_0': 0.0011811902559205577, 'alpha_1': 6.352856626824756e-05, 'alpha_2': 0.00010577174744510207, 'beta_0': 0.17716472577434772, 'beta_1': 1.2233027923704014, 'beta_2': 0.3341185802333461, 'beta_3': 0.003830818142466206, 'beta_4': 0.6277751959852866, 'beta_5': 1997.716058422319, 'beta_6': 0.018788947286407155, 'beta_7': 0.023934984211623093, 'beta_8': 1.832867199556732e-05, 'beta_9': 1.7905595310759762e-07}. Best is trial 385 with value: 2408.8828178913027.
[I 2026-03-31 15:41:44,331] Trial 399 finished with value: 2667.5034468320955 and parameters: {'alpha_0': 0.0009948798850407312, 'alpha_1': 5.72208772095186e-05, 'alpha_2': 5.265488964219779e-05, 'beta_0': 0.1853122619897436, 'beta_1': 1.2334768075700921, 'beta_2': 0.35994239468055256, 'beta_3': 0.003929513056215256, 'beta_4': 0.637012078395855, 'beta_5': 1850.2086956728772, 'beta_6': 0.014049836336516831, 'beta_7': 0.03138614534999267, 'beta_8': 1.8813983956332273e-05, 'beta_9': 1.3566456365489416e-07}. Best is trial 385 with value: 2408.8828178913027.
[I 2026-03-31 15:41:45,682] Trial 400 finished with value: 2605.782919714512 and parameters: {'alpha_0': 0.0008811078634239267, 'alpha_1': 5.0015678154128523e-05, 'alpha_2': 5.149525069276046e-05, 'beta_0': 0.17555383356233178, 'beta_1': 1.2414446690251304, 'beta_2': 0.3454405493849269, 'beta_3': 0.004136064488773317, 'beta_4': 0.6257824749950474, 'beta_5': 1917.3323511498786, 'beta_6': 0.016598384897889878, 'beta_7': 0.030391534622225, 'beta_8': 1.6536466024308928e-05, 'beta_9': 1.9272863693080293e-07}. Best is trial 385 with value: 2408.8828178913027.
[I 2026-03-31 15:41:47,009] Trial 401 finished with value: 2516.9693268373194 and parameters: {'alpha_0': 0.0007857253361362813, 'alpha_1': 6.269320859681771e-05, 'alpha_2': 5.058959573260045e-05, 'beta_0': 0.17690641646897573, 'beta_1': 1.2189721661788109, 'beta_2': 0.3317312429620519, 'beta_3': 0.004104030562015082, 'beta_4': 0.6386303077765012, 'beta_5': 1853.4023209646828, 'beta_6': 0.012618832372770195, 'beta_7': 0.02918281604356544, 'beta_8': 2.045457700069179e-05, 'beta_9': 1.329557730424125e-07}. Best is trial 385 with value: 2408.8828178913027.
[I 2026-03-31 15:41:48,313] Trial 402 finished with value: 2626.6140562145065 and parameters: {'alpha_0': 0.0008776666075531504, 'alpha_1': 5.5398234994448455e-05, 'alpha_2': 4.6939154498903226e-05, 'beta_0': 0.17963545547351345, 'beta_1': 1.2148413483480858, 'beta_2': 0.36130430805073027, 'beta_3': 0.004016808010252222, 'beta_4': 0.6125052431988006, 'beta_5': 1887.0559533860057, 'beta_6': 0.01927426556030794, 'beta_7': 0.029632185103961938, 'beta_8': 2.3451030969769026e-05, 'beta_9': 1.0098307690782279e-07}. Best is trial 385 with value: 2408.8828178913027.
[I 2026-03-31 15:41:49,669] Trial 403 finished with value: 2808.680115344756 and parameters: {'alpha_0': 0.0011131798139220538, 'alpha_1': 6.512322823726033e-05, 'alpha_2': 4.380245960857296e-05, 'beta_0': 0.18122252307412656, 'beta_1': 1.204024535847138, 'beta_2': 0.3747582486224868, 'beta_3': 0.0040488123926044435, 'beta_4': 0.6242093670696752, 'beta_5': 1897.3587357786296, 'beta_6': 0.012635739840560522, 'beta_7': 0.03075402942375497, 'beta_8': 1.958268445484238e-05, 'beta_9': 1.6604941556295893e-07}. Best is trial 385 with value: 2408.8828178913027.
[I 2026-03-31 15:41:51,047] Trial 404 finished with value: 2562.3699831110625 and parameters: {'alpha_0': 0.0009936899997457257, 'alpha_1': 5.909148633770832e-05, 'alpha_2': 0.00011325941429325956, 'beta_0': 0.18812509781971348, 'beta_1': 1.2393537791560267, 'beta_2': 0.34058819501403464, 'beta_3': 0.00396527460851116, 'beta_4': 0.6053047336923774, 'beta_5': 1962.9628161165833, 'beta_6': 0.010049399951684235, 'beta_7': 0.028486118886593016, 'beta_8': 2.2529379878103763e-05, 'beta_9': 2.077070774466615e-07}. Best is trial 385 with value: 2408.8828178913027.
[I 2026-03-31 15:41:52,385] Trial 405 finished with value: 2468.6718891144083 and parameters: {'alpha_0': 0.0007712021558061547, 'alpha_1': 5.4569160101674186e-05, 'alpha_2': 4.893417848833916e-05, 'beta_0': 0.1752545370469353, 'beta_1': 1.1938450325276226, 'beta_2': 0.3262169543497219, 'beta_3': 0.0037811300314366117, 'beta_4': 0.6431254233325315, 'beta_5': 1997.297135621884, 'beta_6': 0.015304778900443478, 'beta_7': 0.02967807918173835, 'beta_8': 2.2208053808981344e-05, 'beta_9': 1.5964836692987587e-07}. Best is trial 385 with value: 2408.8828178913027.Best trial: 385. Best value: 2408.88:  40%|████      | 405/1000 [11:46<13:59,  1.41s/it]Best trial: 385. Best value: 2408.88:  40%|████      | 405/1000 [11:46<13:59,  1.41s/it]Best trial: 385. Best value: 2408.88:  41%|████      | 406/1000 [11:46<13:44,  1.39s/it]                                                                                        Best trial: 385. Best value: 2408.88:  41%|████      | 406/1000 [11:47<13:44,  1.39s/it]Best trial: 385. Best value: 2408.88:  41%|████      | 406/1000 [11:47<13:44,  1.39s/it]Best trial: 385. Best value: 2408.88:  41%|████      | 407/1000 [11:47<13:34,  1.37s/it]                                                                                        Best trial: 385. Best value: 2408.88:  41%|████      | 407/1000 [11:48<13:34,  1.37s/it]Best trial: 385. Best value: 2408.88:  41%|████      | 407/1000 [11:48<13:34,  1.37s/it]Best trial: 385. Best value: 2408.88:  41%|████      | 408/1000 [11:48<13:28,  1.37s/it]                                                                                        Best trial: 385. Best value: 2408.88:  41%|████      | 408/1000 [11:50<13:28,  1.37s/it]Best trial: 385. Best value: 2408.88:  41%|████      | 408/1000 [11:50<13:28,  1.37s/it]Best trial: 385. Best value: 2408.88:  41%|████      | 409/1000 [11:50<13:20,  1.35s/it]                                                                                        Best trial: 385. Best value: 2408.88:  41%|████      | 409/1000 [11:51<13:20,  1.35s/it]Best trial: 385. Best value: 2408.88:  41%|████      | 409/1000 [11:51<13:20,  1.35s/it]Best trial: 385. Best value: 2408.88:  41%|████      | 410/1000 [11:51<13:18,  1.35s/it]                                                                                        Best trial: 385. Best value: 2408.88:  41%|████      | 410/1000 [11:52<13:18,  1.35s/it]Best trial: 385. Best value: 2408.88:  41%|████      | 410/1000 [11:52<13:18,  1.35s/it]Best trial: 385. Best value: 2408.88:  41%|████      | 411/1000 [11:52<13:08,  1.34s/it]                                                                                        Best trial: 385. Best value: 2408.88:  41%|████      | 411/1000 [11:54<13:08,  1.34s/it]Best trial: 385. Best value: 2408.88:  41%|████      | 411/1000 [11:54<13:08,  1.34s/it]Best trial: 385. Best value: 2408.88:  41%|████      | 412/1000 [11:54<13:01,  1.33s/it]                                                                                        Best trial: 385. Best value: 2408.88:  41%|████      | 412/1000 [11:55<13:01,  1.33s/it]Best trial: 385. Best value: 2408.88:  41%|████      | 412/1000 [11:55<13:01,  1.33s/it]Best trial: 385. Best value: 2408.88:  41%|████▏     | 413/1000 [11:55<13:02,  1.33s/it]                                                                                        Best trial: 385. Best value: 2408.88:  41%|████▏     | 413/1000 [11:56<13:02,  1.33s/it]Best trial: 385. Best value: 2408.88:  41%|████▏     | 413/1000 [11:56<13:02,  1.33s/it]Best trial: 385. Best value: 2408.88:  41%|████▏     | 414/1000 [11:56<12:58,  1.33s/it]                                                                                        Best trial: 385. Best value: 2408.88:  41%|████▏     | 414/1000 [11:58<12:58,  1.33s/it]Best trial: 385. Best value: 2408.88:  41%|████▏     | 414/1000 [11:58<12:58,  1.33s/it]Best trial: 385. Best value: 2408.88:  42%|████▏     | 415/1000 [11:58<12:57,  1.33s/it]                                                                                        Best trial: 385. Best value: 2408.88:  42%|████▏     | 415/1000 [11:59<12:57,  1.33s/it]Best trial: 385. Best value: 2408.88:  42%|████▏     | 415/1000 [11:59<12:57,  1.33s/it]Best trial: 385. Best value: 2408.88:  42%|████▏     | 416/1000 [11:59<12:57,  1.33s/it]                                                                                        Best trial: 385. Best value: 2408.88:  42%|████▏     | 416/1000 [12:00<12:57,  1.33s/it]Best trial: 385. Best value: 2408.88:  42%|████▏     | 416/1000 [12:00<12:57,  1.33s/it]Best trial: 385. Best value: 2408.88:  42%|████▏     | 417/1000 [12:00<12:57,  1.33s/it]                                                                                        Best trial: 385. Best value: 2408.88:  42%|████▏     | 417/1000 [12:02<12:57,  1.33s/it]Best trial: 385. Best value: 2408.88:  42%|████▏     | 417/1000 [12:02<12:57,  1.33s/it]Best trial: 385. Best value: 2408.88:  42%|████▏     | 418/1000 [12:02<12:53,  1.33s/it]                                                                                        Best trial: 385. Best value: 2408.88:  42%|████▏     | 418/1000 [12:03<12:53,  1.33s/it]Best trial: 385. Best value: 2408.88:  42%|████▏     | 418/1000 [12:03<12:53,  1.33s/it]Best trial: 385. Best value: 2408.88:  42%|████▏     | 419/1000 [12:03<12:52,  1.33s/it]                                                                                        Best trial: 385. Best value: 2408.88:  42%|████▏     | 419/1000 [12:04<12:52,  1.33s/it]Best trial: 385. Best value: 2408.88:  42%|████▏     | 419/1000 [12:04<12:52,  1.33s/it]Best trial: 385. Best value: 2408.88:  42%|████▏     | 420/1000 [12:04<12:54,  1.33s/it]                                                                                        
[I 2026-03-31 15:41:53,723] Trial 406 finished with value: 3013.3156816180763 and parameters: {'alpha_0': 0.0009283984096386, 'alpha_1': 6.328097176352008e-05, 'alpha_2': 4.538028517462159e-05, 'beta_0': 0.17569945300202905, 'beta_1': 1.192553386689869, 'beta_2': 0.3243801938380328, 'beta_3': 0.00392328632658162, 'beta_4': 0.6493917763155183, 'beta_5': 1991.157861007145, 'beta_6': 0.01701340355483995, 'beta_7': 0.030268843349210355, 'beta_8': 2.2129298849760352e-05, 'beta_9': 1.4212561134184286e-07}. Best is trial 385 with value: 2408.8828178913027.
[I 2026-03-31 15:41:55,072] Trial 407 finished with value: 2797.874785001357 and parameters: {'alpha_0': 0.0007650365148565028, 'alpha_1': 0.00015870489180136476, 'alpha_2': 4.577349642834739e-05, 'beta_0': 0.17981701662402005, 'beta_1': 1.1895981595334768, 'beta_2': 0.3790760763214398, 'beta_3': 0.003976371718779236, 'beta_4': 0.6378842461831536, 'beta_5': 1939.0300364346176, 'beta_6': 0.021425375241818367, 'beta_7': 0.03151203087426094, 'beta_8': 2.2922977632015715e-05, 'beta_9': 1.3414989423954836e-07}. Best is trial 385 with value: 2408.8828178913027.
[I 2026-03-31 15:41:56,398] Trial 408 finished with value: 2746.6305277677034 and parameters: {'alpha_0': 0.0012791578035175025, 'alpha_1': 5.80320338397181e-05, 'alpha_2': 6.028447484467066e-05, 'beta_0': 0.1848923033592668, 'beta_1': 1.1997475227699197, 'beta_2': 0.34585376075004787, 'beta_3': 0.0041931170851583184, 'beta_4': 0.6219624569799933, 'beta_5': 1919.947037045763, 'beta_6': 0.015155961143464715, 'beta_7': 0.02990403334322134, 'beta_8': 2.0194191398161836e-05, 'beta_9': 2.1767967814911435e-07}. Best is trial 385 with value: 2408.8828178913027.
[I 2026-03-31 15:41:57,751] Trial 409 finished with value: 2743.0962020261545 and parameters: {'alpha_0': 0.0008463709969926857, 'alpha_1': 5.506925675190057e-05, 'alpha_2': 5.6169782657962884e-05, 'beta_0': 0.17483482508594714, 'beta_1': 1.1826177763881964, 'beta_2': 0.3328675582694787, 'beta_3': 0.0038105234269437665, 'beta_4': 0.6314033745356827, 'beta_5': 1999.1767020349923, 'beta_6': 0.018529675422635852, 'beta_7': 0.03065531427455588, 'beta_8': 1.4286241132094386e-05, 'beta_9': 1.6531664884425655e-07}. Best is trial 385 with value: 2408.8828178913027.
[I 2026-03-31 15:41:59,058] Trial 410 finished with value: 2453.218405133446 and parameters: {'alpha_0': 0.0007405519080852408, 'alpha_1': 6.527242427724046e-05, 'alpha_2': 4.796795466536464e-05, 'beta_0': 0.19228749352431257, 'beta_1': 1.2252961935213844, 'beta_2': 0.3584126766100723, 'beta_3': 0.003728288510103615, 'beta_4': 0.6573977838269024, 'beta_5': 1969.3100794799282, 'beta_6': 0.014742060996724505, 'beta_7': 0.029568568439866487, 'beta_8': 1.8837196201308343e-05, 'beta_9': 1.0086131088775213e-07}. Best is trial 385 with value: 2408.8828178913027.
[I 2026-03-31 15:42:00,358] Trial 411 finished with value: 2476.957551126632 and parameters: {'alpha_0': 0.0009682357847242452, 'alpha_1': 6.687802501374351e-05, 'alpha_2': 5.0750711272566426e-05, 'beta_0': 0.19868037664915936, 'beta_1': 1.2268567750929382, 'beta_2': 0.3577907247176675, 'beta_3': 0.003725940790885657, 'beta_4': 0.6694152516779841, 'beta_5': 1960.006265455634, 'beta_6': 0.020130697861758712, 'beta_7': 0.029549432730194638, 'beta_8': 1.673073099182136e-05, 'beta_9': 1.0313923857907027e-07}. Best is trial 385 with value: 2408.8828178913027.
[I 2026-03-31 15:42:01,704] Trial 412 finished with value: 2569.7869442231545 and parameters: {'alpha_0': 0.0010009284663095588, 'alpha_1': 6.758602173187757e-05, 'alpha_2': 4.9956526373509234e-05, 'beta_0': 0.1979592490919701, 'beta_1': 1.2252545111385018, 'beta_2': 0.3729264753734423, 'beta_3': 0.003682327186667373, 'beta_4': 0.6684518682480396, 'beta_5': 1957.7002001697522, 'beta_6': 0.023613612210398358, 'beta_7': 0.02951940931001138, 'beta_8': 1.666819164771138e-05, 'beta_9': 1.0023000793803297e-07}. Best is trial 385 with value: 2408.8828178913027.
[I 2026-03-31 15:42:03,022] Trial 413 finished with value: 2576.3072242375833 and parameters: {'alpha_0': 0.001067093741935182, 'alpha_1': 6.549251363223612e-05, 'alpha_2': 4.5623369129097914e-05, 'beta_0': 0.19920362315406365, 'beta_1': 1.2134576658320695, 'beta_2': 0.3573975648412441, 'beta_3': 0.003794126477620434, 'beta_4': 0.6808358055132194, 'beta_5': 1965.7886854996527, 'beta_6': 0.021272114217176508, 'beta_7': 0.029347184565205853, 'beta_8': 1.597879107928912e-05, 'beta_9': 1.0258944292923234e-07}. Best is trial 385 with value: 2408.8828178913027.
[I 2026-03-31 15:42:04,351] Trial 414 finished with value: 2647.4806602178433 and parameters: {'alpha_0': 0.0009389186180999508, 'alpha_1': 5.4518792692725e-05, 'alpha_2': 4.961643723301989e-05, 'beta_0': 0.19289141847047378, 'beta_1': 1.2232015116538417, 'beta_2': 0.3622124633552805, 'beta_3': 0.004001150561891971, 'beta_4': 0.6513734533188548, 'beta_5': 1917.0475658537405, 'beta_6': 0.029124815612574052, 'beta_7': 0.0297466125071384, 'beta_8': 2.0248126145308768e-05, 'beta_9': 1.3478113048104763e-07}. Best is trial 385 with value: 2408.8828178913027.
[I 2026-03-31 15:42:05,689] Trial 415 finished with value: 2784.8675204320907 and parameters: {'alpha_0': 0.000880885355139589, 'alpha_1': 5.940288212867324e-05, 'alpha_2': 4.055374970706648e-05, 'beta_0': 0.20904814296434684, 'beta_1': 1.2101217165541007, 'beta_2': 0.35159024376655246, 'beta_3': 0.00374022108874714, 'beta_4': 0.6607311354355515, 'beta_5': 1961.0080347730402, 'beta_6': 0.019068910057772233, 'beta_7': 0.031167908122420495, 'beta_8': 1.87346311334922e-05, 'beta_9': 1.3542033883958164e-07}. Best is trial 385 with value: 2408.8828178913027.
[I 2026-03-31 15:42:07,028] Trial 416 finished with value: 2689.712279315187 and parameters: {'alpha_0': 0.0008215530767527012, 'alpha_1': 5.4529747528546874e-05, 'alpha_2': 4.9445603653319705e-05, 'beta_0': 0.1946885274176265, 'beta_1': 1.2304239871212057, 'beta_2': 0.40797313888567344, 'beta_3': 0.0037420862119392257, 'beta_4': 0.648486148941085, 'beta_5': 1996.2913432888463, 'beta_6': 0.024673957938647073, 'beta_7': 0.030145198802969606, 'beta_8': 1.4441261553322186e-05, 'beta_9': 1.0224956917402217e-07}. Best is trial 385 with value: 2408.8828178913027.
[I 2026-03-31 15:42:08,345] Trial 417 finished with value: 2539.343749072038 and parameters: {'alpha_0': 0.0011485864977866184, 'alpha_1': 6.709448138514086e-05, 'alpha_2': 5.418255363592797e-05, 'beta_0': 0.2042606931997313, 'beta_1': 1.219948292041945, 'beta_2': 0.3727002709605009, 'beta_3': 0.0038588008343766796, 'beta_4': 0.6415110074949287, 'beta_5': 1908.4060149413654, 'beta_6': 0.017216515337405425, 'beta_7': 0.029164568654225648, 'beta_8': 1.815414567891868e-05, 'beta_9': 1.0073003640783449e-07}. Best is trial 385 with value: 2408.8828178913027.
[I 2026-03-31 15:42:09,678] Trial 418 finished with value: 3040.4010639870266 and parameters: {'alpha_0': 0.0007280073374716328, 'alpha_1': 6.194897232979505e-05, 'alpha_2': 4.871001788638649e-05, 'beta_0': 0.2015302026028637, 'beta_1': 1.2027791460662216, 'beta_2': 0.34413460311556787, 'beta_3': 0.003641324066625768, 'beta_4': 0.6575997203409092, 'beta_5': 1876.542683438622, 'beta_6': 0.02122197814366779, 'beta_7': 0.030749661343011866, 'beta_8': 2.198079594135154e-05, 'beta_9': 5.556251834292256e-07}. Best is trial 385 with value: 2408.8828178913027.
[I 2026-03-31 15:42:11,018] Trial 419 finished with value: 2916.496615267104 and parameters: {'alpha_0': 0.0009744969386452487, 'alpha_1': 0.0002629071270011224, 'alpha_2': 5.4186999229113764e-05, 'beta_0': 0.19113328457680068, 'beta_1': 1.2319774083807211, 'beta_2': 0.38350380452019944, 'beta_3': 0.004031502508201741, 'beta_4': 0.617094595105079, 'beta_5': 1921.614061691403, 'beta_6': 0.015321523705162461, 'beta_7': 0.029965206185042947, 'beta_8': 2.436270701440706e-05, 'beta_9': 1.4219087289454977e-07}. Best is trial 385 with value: 2408.8828178913027.
