[I 2026-03-31 15:48:42,301] Trial 665 finished with value: 2711.501804529721 and parameters: {'alpha_0': 0.0009382258598533283, 'alpha_1': 7.44713372758652e-05, 'alpha_2': 0.00013303022687268036, 'beta_0': 0.16590458067633965, 'beta_1': 1.2348559628105937, 'beta_2': 0.35596693141575664, 'beta_3': 0.0039004001669339394, 'beta_4': 0.5975494155349091, 'beta_5': 1861.088978229637, 'beta_6': 0.033020574900969636, 'beta_7': 0.02810492261484688, 'beta_8': 9.065089897119492e-05, 'beta_9': 1.3321507729590628e-07}. Best is trial 537 with value: 2387.245732511589.
[I 2026-03-31 15:48:43,871] Trial 666 finished with value: 2769.3817185793605 and parameters: {'alpha_0': 0.002714446666253855, 'alpha_1': 5.004594322124971e-05, 'alpha_2': 0.00014221344075346826, 'beta_0': 0.1853538768226385, 'beta_1': 1.2203922774740117, 'beta_2': 0.38507993538884583, 'beta_3': 0.00380290300189675, 'beta_4': 0.5749027269880091, 'beta_5': 1922.994676541968, 'beta_6': 0.015013058081998275, 'beta_7': 0.0311190295444331, 'beta_8': 1.557711972814785e-05, 'beta_9': 2.1583740013953645e-07}. Best is trial 537 with value: 2387.245732511589.
[I 2026-03-31 15:48:45,274] Trial 667 finished with value: 2561.0125716312245 and parameters: {'alpha_0': 0.002949734402156092, 'alpha_1': 6.583486967049253e-05, 'alpha_2': 5.756719006797837e-05, 'beta_0': 0.18038061798232416, 'beta_1': 1.202492821010505, 'beta_2': 0.32420514805719386, 'beta_3': 0.004232586935224235, 'beta_4': 0.7913795290579634, 'beta_5': 11.010099614918886, 'beta_6': 0.017340572826826446, 'beta_7': 0.028922452025173417, 'beta_8': 1.8736994977165218e-05, 'beta_9': 1.4251262899886715e-07}. Best is trial 537 with value: 2387.245732511589.
[I 2026-03-31 15:48:46,719] Trial 668 finished with value: 2704.4965889819896 and parameters: {'alpha_0': 0.0008132980294601875, 'alpha_1': 5.7878972178351606e-05, 'alpha_2': 4.66262446207293e-05, 'beta_0': 0.20189592876591364, 'beta_1': 1.2105819851424522, 'beta_2': 0.3660490445084959, 'beta_3': 0.003986539353774263, 'beta_4': 0.5331487737223817, 'beta_5': 1963.0493031175101, 'beta_6': 0.012673802439436839, 'beta_7': 0.0299154390509833, 'beta_8': 1.412573197879517e-05, 'beta_9': 1.8565910426572926e-07}. Best is trial 537 with value: 2387.245732511589.
[I 2026-03-31 15:48:48,044] Trial 669 finished with value: 2547.9882743882654 and parameters: {'alpha_0': 0.0006422216312259271, 'alpha_1': 6.245713685221451e-05, 'alpha_2': 5.475615952155199e-05, 'beta_0': 0.15827744254830894, 'beta_1': 1.181696533363607, 'beta_2': 0.30825285119202506, 'beta_3': 0.0037241734339462664, 'beta_4': 0.6134253439521707, 'beta_5': 1891.6236289331248, 'beta_6': 0.010007218685312133, 'beta_7': 0.029439405589014173, 'beta_8': 2.8221848326565346e-05, 'beta_9': 1.3366618181952965e-07}. Best is trial 537 with value: 2387.245732511589.
[I 2026-03-31 15:48:49,446] Trial 670 finished with value: 2673.2223500215837 and parameters: {'alpha_0': 0.002026489130722468, 'alpha_1': 5.456607402237411e-05, 'alpha_2': 0.00012920795045017627, 'beta_0': 0.1701245286546693, 'beta_1': 1.112728321117169, 'beta_2': 0.2795586539251479, 'beta_3': 0.0030948432842924354, 'beta_4': 0.6368458794628014, 'beta_5': 1836.161961634436, 'beta_6': 0.021933553883056595, 'beta_7': 0.028740818405546754, 'beta_8': 8.940900978678915e-05, 'beta_9': 1.0042190037425046e-07}. Best is trial 537 with value: 2387.245732511589.
[I 2026-03-31 15:48:50,814] Trial 671 finished with value: 2627.758854866804 and parameters: {'alpha_0': 0.0007402569321462766, 'alpha_1': 6.945862320498263e-05, 'alpha_2': 0.00014669912567078153, 'beta_0': 0.19674724735846624, 'beta_1': 1.1464844457144459, 'beta_2': 0.2475678695364424, 'beta_3': 0.0041326118282273595, 'beta_4': 0.5511680489660029, 'beta_5': 1963.8990117194337, 'beta_6': 0.014839017738829358, 'beta_7': 0.030427120473290305, 'beta_8': 4.195454307126614e-05, 'beta_9': 1.7396487115698738e-07}. Best is trial 537 with value: 2387.245732511589.
[I 2026-03-31 15:48:52,290] Trial 672 finished with value: 2741.190368145825 and parameters: {'alpha_0': 0.0008778659751648331, 'alpha_1': 5.874065566908305e-05, 'alpha_2': 0.00012658948293257395, 'beta_0': 0.16305880699291078, 'beta_1': 1.2234434020712293, 'beta_2': 0.34385777662857614, 'beta_3': 0.0035201436496115337, 'beta_4': 0.5924863561114017, 'beta_5': 1911.9208845908197, 'beta_6': 0.019094172096890273, 'beta_7': 0.0271127697698892, 'beta_8': 9.243855508376739e-05, 'beta_9': 2.2565572111519972e-07}. Best is trial 537 with value: 2387.245732511589.
[I 2026-03-31 15:48:53,583] Trial 673 finished with value: 3762.1548265831707 and parameters: {'alpha_0': 0.0010482514389264725, 'alpha_1': 5.4298989670102265e-05, 'alpha_2': 4.981091546210291e-05, 'beta_0': 0.18806514506152983, 'beta_1': 1.1978024182459042, 'beta_2': 0.3282788166120536, 'beta_3': 0.0038817565325761656, 'beta_4': 0.5759294978509474, 'beta_5': 1872.4248198012515, 'beta_6': 0.012702431601345822, 'beta_7': 0.031931059898587875, 'beta_8': 9.771365405140104e-05, 'beta_9': 1.7577858883343048e-06}. Best is trial 537 with value: 2387.245732511589.
[I 2026-03-31 15:48:54,939] Trial 674 finished with value: 2624.6218289885815 and parameters: {'alpha_0': 0.0009506056834653882, 'alpha_1': 6.479248394783048e-05, 'alpha_2': 4.767696933925931e-05, 'beta_0': 0.15290983966993904, 'beta_1': 1.2551356438443446, 'beta_2': 0.37229904022551097, 'beta_3': 0.0036590183078681793, 'beta_4': 0.6047489617041342, 'beta_5': 1961.816714156951, 'beta_6': 0.016528387765408, 'beta_7': 0.030823729283166276, 'beta_8': 1.747290560025305e-05, 'beta_9': 1.3543837244143214e-07}. Best is trial 537 with value: 2387.245732511589.
[I 2026-03-31 15:48:56,359] Trial 675 finished with value: 2812.901797823452 and parameters: {'alpha_0': 0.0005742957659706492, 'alpha_1': 7.415537282920814e-05, 'alpha_2': 0.000126698196723864, 'beta_0': 0.1752389825049593, 'beta_1': 1.233624879830831, 'beta_2': 0.35065998899141454, 'beta_3': 0.001640822010793919, 'beta_4': 0.5168527301295925, 'beta_5': 1999.615593457237, 'beta_6': 0.08142714895853315, 'beta_7': 0.029512447457683687, 'beta_8': 2.1374909979497742e-05, 'beta_9': 2.0234404982482586e-07}. Best is trial 537 with value: 2387.245732511589.Best trial: 537. Best value: 2387.25:  68%|██████▊   | 675/1000 [18:50<07:25,  1.37s/it]Best trial: 537. Best value: 2387.25:  68%|██████▊   | 675/1000 [18:50<07:25,  1.37s/it]Best trial: 537. Best value: 2387.25:  68%|██████▊   | 676/1000 [18:50<07:29,  1.39s/it]                                                                                        Best trial: 537. Best value: 2387.25:  68%|██████▊   | 676/1000 [18:51<07:29,  1.39s/it]Best trial: 537. Best value: 2387.25:  68%|██████▊   | 676/1000 [18:51<07:29,  1.39s/it]Best trial: 537. Best value: 2387.25:  68%|██████▊   | 677/1000 [18:51<07:47,  1.45s/it]                                                                                        Best trial: 537. Best value: 2387.25:  68%|██████▊   | 677/1000 [18:53<07:47,  1.45s/it]Best trial: 537. Best value: 2387.25:  68%|██████▊   | 677/1000 [18:53<07:47,  1.45s/it]Best trial: 537. Best value: 2387.25:  68%|██████▊   | 678/1000 [18:53<07:39,  1.43s/it]                                                                                        Best trial: 537. Best value: 2387.25:  68%|██████▊   | 678/1000 [18:54<07:39,  1.43s/it]Best trial: 537. Best value: 2387.25:  68%|██████▊   | 678/1000 [18:54<07:39,  1.43s/it]Best trial: 537. Best value: 2387.25:  68%|██████▊   | 679/1000 [18:54<07:28,  1.40s/it]                                                                                        Best trial: 537. Best value: 2387.25:  68%|██████▊   | 679/1000 [18:55<07:28,  1.40s/it]Best trial: 537. Best value: 2387.25:  68%|██████▊   | 679/1000 [18:55<07:28,  1.40s/it]Best trial: 537. Best value: 2387.25:  68%|██████▊   | 680/1000 [18:55<07:23,  1.38s/it]                                                                                        Best trial: 537. Best value: 2387.25:  68%|██████▊   | 680/1000 [18:57<07:23,  1.38s/it]Best trial: 537. Best value: 2387.25:  68%|██████▊   | 680/1000 [18:57<07:23,  1.38s/it]Best trial: 537. Best value: 2387.25:  68%|██████▊   | 681/1000 [18:57<07:18,  1.37s/it]                                                                                        Best trial: 537. Best value: 2387.25:  68%|██████▊   | 681/1000 [18:58<07:18,  1.37s/it]Best trial: 537. Best value: 2387.25:  68%|██████▊   | 681/1000 [18:58<07:18,  1.37s/it]Best trial: 537. Best value: 2387.25:  68%|██████▊   | 682/1000 [18:58<07:16,  1.37s/it]                                                                                        Best trial: 537. Best value: 2387.25:  68%|██████▊   | 682/1000 [18:59<07:16,  1.37s/it]Best trial: 537. Best value: 2387.25:  68%|██████▊   | 682/1000 [19:00<07:16,  1.37s/it]Best trial: 537. Best value: 2387.25:  68%|██████▊   | 683/1000 [19:00<07:14,  1.37s/it]                                                                                        Best trial: 537. Best value: 2387.25:  68%|██████▊   | 683/1000 [19:02<07:14,  1.37s/it]Best trial: 537. Best value: 2387.25:  68%|██████▊   | 683/1000 [19:02<07:14,  1.37s/it]Best trial: 537. Best value: 2387.25:  68%|██████▊   | 684/1000 [19:02<09:20,  1.77s/it]                                                                                        Best trial: 537. Best value: 2387.25:  68%|██████▊   | 684/1000 [19:04<09:20,  1.77s/it]Best trial: 537. Best value: 2387.25:  68%|██████▊   | 684/1000 [19:04<09:20,  1.77s/it]Best trial: 537. Best value: 2387.25:  68%|██████▊   | 685/1000 [19:04<08:45,  1.67s/it]                                                                                        Best trial: 537. Best value: 2387.25:  68%|██████▊   | 685/1000 [19:05<08:45,  1.67s/it]Best trial: 537. Best value: 2387.25:  68%|██████▊   | 685/1000 [19:05<08:45,  1.67s/it]Best trial: 537. Best value: 2387.25:  69%|██████▊   | 686/1000 [19:05<08:09,  1.56s/it]                                                                                        Best trial: 537. Best value: 2387.25:  69%|██████▊   | 686/1000 [19:06<08:09,  1.56s/it]Best trial: 537. Best value: 2387.25:  69%|██████▊   | 686/1000 [19:06<08:09,  1.56s/it]Best trial: 537. Best value: 2387.25:  69%|██████▊   | 687/1000 [19:06<07:45,  1.49s/it]                                                                                        Best trial: 537. Best value: 2387.25:  69%|██████▊   | 687/1000 [19:08<07:45,  1.49s/it]Best trial: 537. Best value: 2387.25:  69%|██████▊   | 687/1000 [19:08<07:45,  1.49s/it]Best trial: 537. Best value: 2387.25:  69%|██████▉   | 688/1000 [19:08<07:30,  1.44s/it]                                                                                        Best trial: 537. Best value: 2387.25:  69%|██████▉   | 688/1000 [19:21<07:30,  1.44s/it]Best trial: 537. Best value: 2387.25:  69%|██████▉   | 688/1000 [19:21<07:30,  1.44s/it]Best trial: 537. Best value: 2387.25:  69%|██████▉   | 689/1000 [19:21<26:40,  5.15s/it]                                                                                        Best trial: 537. Best value: 2387.25:  69%|██████▉   | 689/1000 [19:23<26:40,  5.15s/it]Best trial: 537. Best value: 2387.25:  69%|██████▉   | 689/1000 [19:23<26:40,  5.15s/it]Best trial: 537. Best value: 2387.25:  69%|██████▉   | 690/1000 [19:23<20:44,  4.01s/it]                                                                                        
[I 2026-03-31 15:48:57,947] Trial 676 finished with value: 5017.43908158614 and parameters: {'alpha_0': 0.0007538825027223496, 'alpha_1': 6.027369241836891e-05, 'alpha_2': 0.00020577045455416764, 'beta_0': 0.16733293810980268, 'beta_1': 1.1247080269567677, 'beta_2': 0.31629049291605826, 'beta_3': 0.0006372448717212827, 'beta_4': 0.5658437101960493, 'beta_5': 507.3981422156525, 'beta_6': 0.015141373292608043, 'beta_7': 0.028009983001464275, 'beta_8': 1.2899357235816796e-05, 'beta_9': 1.003428209306552e-07}. Best is trial 537 with value: 2387.245732511589.
[I 2026-03-31 15:48:59,327] Trial 677 finished with value: 3432.149907936702 and parameters: {'alpha_0': 0.0005037808807332514, 'alpha_1': 5.4315330742082563e-05, 'alpha_2': 5.2590280898787184e-05, 'beta_0': 0.20561518985997923, 'beta_1': 1.2106664171075794, 'beta_2': 0.3364227958551453, 'beta_3': 0.0034079137841795458, 'beta_4': 0.6176164281720682, 'beta_5': 721.8519702895965, 'beta_6': 0.020880036891196822, 'beta_7': 0.030040644217558234, 'beta_8': 2.560111929014015e-05, 'beta_9': 1.2020005064739383e-06}. Best is trial 537 with value: 2387.245732511589.
[I 2026-03-31 15:49:00,660] Trial 678 finished with value: 2528.199013133353 and parameters: {'alpha_0': 0.0008475403977491806, 'alpha_1': 6.654116908255068e-05, 'alpha_2': 4.368150641393989e-05, 'beta_0': 0.18123708381935802, 'beta_1': 1.1645822724364625, 'beta_2': 0.3898283675181612, 'beta_3': 0.0044319501936702895, 'beta_4': 0.4381052730225011, 'beta_5': 1920.9284478198538, 'beta_6': 0.012302444543437319, 'beta_7': 0.028673454538539166, 'beta_8': 8.771691847915941e-05, 'beta_9': 1.5974589056852487e-07}. Best is trial 537 with value: 2387.245732511589.
[I 2026-03-31 15:49:02,008] Trial 679 finished with value: 2650.9582234465197 and parameters: {'alpha_0': 0.00063848881377501, 'alpha_1': 5.887172310705256e-05, 'alpha_2': 6.585331480970931e-05, 'beta_0': 0.16047031683909227, 'beta_1': 1.1365692714974334, 'beta_2': 0.2666241105653074, 'beta_3': 0.002982514108866536, 'beta_4': 0.5377592746430153, 'beta_5': 1846.5390983167076, 'beta_6': 0.017708511715562696, 'beta_7': 0.02939344605024294, 'beta_8': 1.638468019679149e-05, 'beta_9': 1.3686644676917016e-07}. Best is trial 537 with value: 2387.245732511589.
[I 2026-03-31 15:49:03,364] Trial 680 finished with value: 2601.936671373607 and parameters: {'alpha_0': 0.0007223282528119445, 'alpha_1': 6.214301732934094e-05, 'alpha_2': 0.00015664142827163526, 'beta_0': 0.17330693977103112, 'beta_1': 1.2221376371546557, 'beta_2': 0.14956867419261408, 'beta_3': 0.003188948050759394, 'beta_4': 0.5812897197587465, 'beta_5': 1928.968394579131, 'beta_6': 0.014415499621114288, 'beta_7': 0.031321012630920374, 'beta_8': 1.9496831371330534e-05, 'beta_9': 1.8362784432003417e-07}. Best is trial 537 with value: 2387.245732511589.
[I 2026-03-31 15:49:04,736] Trial 681 finished with value: 2586.621772044041 and parameters: {'alpha_0': 0.0010140844603214922, 'alpha_1': 5.434655667021205e-05, 'alpha_2': 5.797761402007431e-05, 'beta_0': 0.17831620268984985, 'beta_1': 1.2405300245419022, 'beta_2': 0.3551541418142698, 'beta_3': 0.004054486649443131, 'beta_4': 0.42173371303140084, 'beta_5': 1887.22254342794, 'beta_6': 0.012398848664990825, 'beta_7': 0.030242941737761174, 'beta_8': 9.40804488594666e-05, 'beta_9': 2.2803154605905784e-07}. Best is trial 537 with value: 2387.245732511589.
[I 2026-03-31 15:49:06,100] Trial 682 finished with value: 2499.588253395115 and parameters: {'alpha_0': 0.0008822998876180988, 'alpha_1': 5.0124070899510373e-05, 'alpha_2': 0.0001331035233303187, 'beta_0': 0.18610879165180227, 'beta_1': 1.2016352816535405, 'beta_2': 0.30093178734915405, 'beta_3': 0.003701666590196472, 'beta_4': 0.6328168994556915, 'beta_5': 1524.7561986682394, 'beta_6': 0.019054698860505582, 'beta_7': 0.02880833326114671, 'beta_8': 7.415203041801929e-05, 'beta_9': 1.3650013883311578e-07}. Best is trial 537 with value: 2387.245732511589.
[I 2026-03-31 15:49:08,807] Trial 683 finished with value: 7905.504006045425 and parameters: {'alpha_0': 0.0008096060468182275, 'alpha_1': 0.00010620727512475897, 'alpha_2': 0.00012341362790290936, 'beta_0': 0.16460421593353283, 'beta_1': 1.1033335459261657, 'beta_2': 0.3665785142771893, 'beta_3': 0.0035414363015297337, 'beta_4': 0.5565383938777362, 'beta_5': 89.36441189599043, 'beta_6': 0.02447891399333312, 'beta_7': 0.02168073320163169, 'beta_8': 8.592284070561955e-05, 'beta_9': 1.013171906898017e-07}. Best is trial 537 with value: 2387.245732511589.
[I 2026-03-31 15:49:10,234] Trial 684 finished with value: 2546.7054843352 and parameters: {'alpha_0': 0.0006613132568468493, 'alpha_1': 7.206807573118089e-05, 'alpha_2': 4.4126925852116223e-05, 'beta_0': 0.15632471079236301, 'beta_1': 1.1859157518488865, 'beta_2': 0.32533450714823453, 'beta_3': 0.003930879380514588, 'beta_4': 0.5427566508686275, 'beta_5': 1966.2495847113396, 'beta_6': 0.010164469297920774, 'beta_7': 0.027765503588858414, 'beta_8': 9.011567126904077e-05, 'beta_9': 1.694593113598263e-07}. Best is trial 537 with value: 2387.245732511589.
[I 2026-03-31 15:49:11,535] Trial 685 finished with value: 3400.8415360044487 and parameters: {'alpha_0': 0.0009579899513162647, 'alpha_1': 6.780032699457239e-05, 'alpha_2': 5.310399200265013e-05, 'beta_0': 0.19256296447626428, 'beta_1': 1.2287196798578186, 'beta_2': 0.3787843113308799, 'beta_3': 0.004297480543822049, 'beta_4': 0.5938477558389599, 'beta_5': 1897.7077005605395, 'beta_6': 0.015395650165600754, 'beta_7': 0.030788407589925435, 'beta_8': 2.3950544730742965e-05, 'beta_9': 1.4750302693506603e-06}. Best is trial 537 with value: 2387.245732511589.
[I 2026-03-31 15:49:12,859] Trial 686 finished with value: 2633.5133223325874 and parameters: {'alpha_0': 0.0007496130532314903, 'alpha_1': 5.808982015112395e-05, 'alpha_2': 6.136937228438531e-05, 'beta_0': 0.21181518389487478, 'beta_1': 1.2043462675811634, 'beta_2': 0.40053577464128315, 'beta_3': 0.0037886312594222395, 'beta_4': 0.5639782515263864, 'beta_5': 1835.235623938498, 'beta_6': 0.01722347136929344, 'beta_7': 0.02986567388253197, 'beta_8': 1.3771920732470663e-05, 'beta_9': 1.9967086284007747e-07}. Best is trial 537 with value: 2387.245732511589.
[I 2026-03-31 15:49:14,193] Trial 687 finished with value: 2531.600319318989 and parameters: {'alpha_0': 0.001143105215747297, 'alpha_1': 5.013916212401469e-05, 'alpha_2': 0.00011810511432914226, 'beta_0': 0.16892034555125435, 'beta_1': 1.21564824834704, 'beta_2': 0.34086742152859145, 'beta_3': 0.003307217003640746, 'beta_4': 0.6214094231398376, 'beta_5': 598.4575658691268, 'beta_6': 0.012625285124544822, 'beta_7': 0.029181453817499373, 'beta_8': 5.697231739710298e-05, 'beta_9': 1.3628483407032405e-07}. Best is trial 537 with value: 2387.245732511589.
[I 2026-03-31 15:49:27,989] Trial 688 finished with value: 9781.799145608147 and parameters: {'alpha_0': 0.0008478166641805565, 'alpha_1': 8.32345998796484e-05, 'alpha_2': 0.0001245432128442252, 'beta_0': 0.19966988329017163, 'beta_1': 1.2508989262252166, 'beta_2': 0.31214924226597474, 'beta_3': 0.003605490011617381, 'beta_4': 0.6051203450766822, 'beta_5': 1998.985543828037, 'beta_6': 0.021618428953831394, 'beta_7': 0.008012187500555417, 'beta_8': 2.942557390950584e-05, 'beta_9': 1.505920585801585e-07}. Best is trial 537 with value: 2387.245732511589.
[I 2026-03-31 15:49:29,359] Trial 689 finished with value: 2684.1115801492724 and parameters: {'alpha_0': 0.0006102927478465422, 'alpha_1': 6.279161126234447e-05, 'alpha_2': 4.855317669510337e-05, 'beta_0': 0.18294741197730352, 'beta_1': 1.26372580648224, 'beta_2': 0.29422189230771334, 'beta_3': 0.0034407958521332845, 'beta_4': 0.5762635537392055, 'beta_5': 1941.0003712436503, 'beta_6': 0.014709428071216349, 'beta_7': 0.028531439329995006, 'beta_8': 2.165227918188982e-05, 'beta_9': 2.4544202229903665e-07}. Best is trial 537 with value: 2387.245732511589.
