[I 2026-03-31 15:33:33,974] Trial 80 finished with value: 2655.272147771252 and parameters: {'alpha_0': 0.0015287064075702177, 'alpha_1': 8.113988848022994e-05, 'alpha_2': 0.00013705535696270088, 'beta_0': 0.11481156984234288, 'beta_1': 1.3954825200536147, 'beta_2': 0.5161448864360294, 'beta_3': 0.00512057448994611, 'beta_4': 0.7078711244232084, 'beta_5': 1058.7175132759116, 'beta_6': 0.02552829916333006, 'beta_7': 0.033878509651993245, 'beta_8': 9.865960942084553e-05, 'beta_9': 1.0324333923760029e-07}. Best is trial 51 with value: 2514.6051342609703.
[I 2026-03-31 15:33:35,266] Trial 81 finished with value: 2814.8329457790005 and parameters: {'alpha_0': 0.0013808337795182379, 'alpha_1': 7.78570554668598e-05, 'alpha_2': 0.00013618892516810814, 'beta_0': 0.11099840876504671, 'beta_1': 1.397186785941569, 'beta_2': 0.5054909874823769, 'beta_3': 0.005146316956850791, 'beta_4': 0.6856314653169966, 'beta_5': 1046.5613973794377, 'beta_6': 0.025516566982445445, 'beta_7': 0.034515529828158115, 'beta_8': 9.97199727690265e-05, 'beta_9': 1.0947958506444269e-07}. Best is trial 51 with value: 2514.6051342609703.
[I 2026-03-31 15:33:36,464] Trial 82 finished with value: 3273.3344210758164 and parameters: {'alpha_0': 0.0011831508151476018, 'alpha_1': 6.087609702673382e-05, 'alpha_2': 0.00011831301973595236, 'beta_0': 0.1210701500140153, 'beta_1': 1.3995511413943196, 'beta_2': 0.47191059808695374, 'beta_3': 0.005343556838923486, 'beta_4': 0.7507422109153057, 'beta_5': 978.5246220325218, 'beta_6': 0.014593808432682185, 'beta_7': 0.037065292236740884, 'beta_8': 8.836423932245295e-05, 'beta_9': 2.1627199301371939e-07}. Best is trial 51 with value: 2514.6051342609703.
[I 2026-03-31 15:33:37,651] Trial 83 finished with value: 3051.7817107430715 and parameters: {'alpha_0': 0.0014914712552021277, 'alpha_1': 7.020541123925078e-05, 'alpha_2': 0.00015242482777104883, 'beta_0': 0.11373676251724296, 'beta_1': 1.347111717473642, 'beta_2': 0.5476550114033154, 'beta_3': 0.005062208202665133, 'beta_4': 0.8018676195016587, 'beta_5': 866.9831075975359, 'beta_6': 0.029154333755310933, 'beta_7': 0.032676567532373975, 'beta_8': 9.173514581691063e-05, 'beta_9': 2.8333641663905175e-07}. Best is trial 51 with value: 2514.6051342609703.
[I 2026-03-31 15:33:38,897] Trial 84 finished with value: 2847.6997740548936 and parameters: {'alpha_0': 0.0019149173081725007, 'alpha_1': 5.061075640854562e-05, 'alpha_2': 0.00010009183500529208, 'beta_0': 0.10502891807760523, 'beta_1': 1.4182991499447173, 'beta_2': 0.5066736141882638, 'beta_3': 0.005875656662047083, 'beta_4': 0.736534571400414, 'beta_5': 1078.8892816129771, 'beta_6': 0.033765558984055796, 'beta_7': 0.03355787077303983, 'beta_8': 9.4960678578578e-05, 'beta_9': 1.5346330926734007e-07}. Best is trial 51 with value: 2514.6051342609703.
[I 2026-03-31 15:33:40,090] Trial 85 finished with value: 4151.89552520368 and parameters: {'alpha_0': 0.0023454746190852012, 'alpha_1': 6.263890251488678e-05, 'alpha_2': 0.00013628764851036928, 'beta_0': 0.13009631899951182, 'beta_1': 1.4330223874252601, 'beta_2': 0.521763929520305, 'beta_3': 0.005596964585698237, 'beta_4': 0.7575757152857505, 'beta_5': 925.3296348682435, 'beta_6': 0.04709355296556715, 'beta_7': 0.03856259649859477, 'beta_8': 9.831245914815862e-05, 'beta_9': 1.114890331741102e-06}. Best is trial 51 with value: 2514.6051342609703.
[I 2026-03-31 15:33:41,316] Trial 86 finished with value: 2833.8750833643426 and parameters: {'alpha_0': 0.0017666219077007038, 'alpha_1': 8.112031746409801e-05, 'alpha_2': 0.00015286719829069295, 'beta_0': 0.1248164002969289, 'beta_1': 1.355231223214471, 'beta_2': 0.5807698643378365, 'beta_3': 0.0046112665016252085, 'beta_4': 0.7092169211223718, 'beta_5': 617.2619865872489, 'beta_6': 0.0264396376496615, 'beta_7': 0.033713173575356394, 'beta_8': 8.826836301263299e-05, 'beta_9': 4.5925217896305047e-07}. Best is trial 51 with value: 2514.6051342609703.
[I 2026-03-31 15:33:42,513] Trial 87 finished with value: 3066.247922688881 and parameters: {'alpha_0': 0.00269648720911, 'alpha_1': 5.6565710185904684e-05, 'alpha_2': 0.0001771634182731918, 'beta_0': 0.11459047586259234, 'beta_1': 1.3923615398091438, 'beta_2': 0.5444396010991617, 'beta_3': 0.005219324239196338, 'beta_4': 0.6618348279206266, 'beta_5': 995.038180639499, 'beta_6': 0.05738129294605061, 'beta_7': 0.03511433668190381, 'beta_8': 9.152492566244023e-05, 'beta_9': 1.9796216462749794e-07}. Best is trial 51 with value: 2514.6051342609703.
[I 2026-03-31 15:33:43,694] Trial 88 finished with value: 3285.911287552719 and parameters: {'alpha_0': 0.0016187303886139926, 'alpha_1': 7.171835501520223e-05, 'alpha_2': 0.00015847222399332332, 'beta_0': 0.10500901240561072, 'beta_1': 1.3578653649356882, 'beta_2': 0.5633713292006135, 'beta_3': 0.005368343978211271, 'beta_4': 0.8216565460903223, 'beta_5': 883.3859365627903, 'beta_6': 0.0242147734430992, 'beta_7': 0.03621616517945512, 'beta_8': 9.438625605349456e-05, 'beta_9': 3.108381228209411e-07}. Best is trial 51 with value: 2514.6051342609703.
[I 2026-03-31 15:33:44,972] Trial 89 finished with value: 2744.400717564987 and parameters: {'alpha_0': 0.001993793860520836, 'alpha_1': 6.380609993992043e-05, 'alpha_2': 0.0001401878000257498, 'beta_0': 0.11444505972497811, 'beta_1': 1.4131053678345875, 'beta_2': 0.5797491563859676, 'beta_3': 0.005130101986421225, 'beta_4': 0.786417620552862, 'beta_5': 715.6519306313908, 'beta_6': 0.017627197641452506, 'beta_7': 0.029119526257673948, 'beta_8': 9.808725354723727e-05, 'beta_9': 3.875524671768254e-07}. Best is trial 51 with value: 2514.6051342609703.
[I 2026-03-31 15:33:46,195] Trial 90 finished with value: 2794.2242671309873 and parameters: {'alpha_0': 0.002268102315160696, 'alpha_1': 7.86617640831293e-05, 'alpha_2': 0.0001226084673007843, 'beta_0': 0.13460307589099127, 'beta_1': 1.3066977611761774, 'beta_2': 0.4855099198853954, 'beta_3': 0.004364366641346817, 'beta_4': 0.7006345837838176, 'beta_5': 1177.0695728117391, 'beta_6': 0.013555382040177887, 'beta_7': 0.03266783665366188, 'beta_8': 9.004027327092101e-05, 'beta_9': 3.3129005110229603e-07}. Best is trial 51 with value: 2514.6051342609703.Best trial: 51. Best value: 2514.61:   9%|▉         | 90/1000 [03:40<18:37,  1.23s/it]Best trial: 51. Best value: 2514.61:   9%|▉         | 90/1000 [03:40<18:37,  1.23s/it]Best trial: 51. Best value: 2514.61:   9%|▉         | 91/1000 [03:40<18:34,  1.23s/it]                                                                                      Best trial: 51. Best value: 2514.61:   9%|▉         | 91/1000 [03:41<18:34,  1.23s/it]Best trial: 51. Best value: 2514.61:   9%|▉         | 91/1000 [03:41<18:34,  1.23s/it]Best trial: 51. Best value: 2514.61:   9%|▉         | 92/1000 [03:41<18:53,  1.25s/it]                                                                                      Best trial: 51. Best value: 2514.61:   9%|▉         | 92/1000 [03:42<18:53,  1.25s/it]Best trial: 51. Best value: 2514.61:   9%|▉         | 92/1000 [03:42<18:53,  1.25s/it]Best trial: 51. Best value: 2514.61:   9%|▉         | 93/1000 [03:42<19:02,  1.26s/it]                                                                                      Best trial: 51. Best value: 2514.61:   9%|▉         | 93/1000 [03:52<19:02,  1.26s/it]Best trial: 51. Best value: 2514.61:   9%|▉         | 93/1000 [03:52<19:02,  1.26s/it]Best trial: 51. Best value: 2514.61:   9%|▉         | 94/1000 [03:52<56:36,  3.75s/it]                                                                                      Best trial: 51. Best value: 2514.61:   9%|▉         | 94/1000 [03:53<56:36,  3.75s/it]Best trial: 51. Best value: 2514.61:   9%|▉         | 94/1000 [03:53<56:36,  3.75s/it]Best trial: 51. Best value: 2514.61:  10%|▉         | 95/1000 [03:53<45:29,  3.02s/it]                                                                                      Best trial: 51. Best value: 2514.61:  10%|▉         | 95/1000 [03:54<45:29,  3.02s/it]Best trial: 51. Best value: 2514.61:  10%|▉         | 95/1000 [03:54<45:29,  3.02s/it]Best trial: 51. Best value: 2514.61:  10%|▉         | 96/1000 [03:54<37:21,  2.48s/it]                                                                                      Best trial: 51. Best value: 2514.61:  10%|▉         | 96/1000 [03:56<37:21,  2.48s/it]Best trial: 51. Best value: 2514.61:  10%|▉         | 96/1000 [03:56<37:21,  2.48s/it]Best trial: 51. Best value: 2514.61:  10%|▉         | 97/1000 [03:56<32:03,  2.13s/it]                                                                                      Best trial: 51. Best value: 2514.61:  10%|▉         | 97/1000 [03:57<32:03,  2.13s/it]Best trial: 51. Best value: 2514.61:  10%|▉         | 97/1000 [03:57<32:03,  2.13s/it]Best trial: 51. Best value: 2514.61:  10%|▉         | 98/1000 [03:57<28:10,  1.87s/it]                                                                                      Best trial: 51. Best value: 2514.61:  10%|▉         | 98/1000 [03:58<28:10,  1.87s/it]Best trial: 51. Best value: 2514.61:  10%|▉         | 98/1000 [03:58<28:10,  1.87s/it]Best trial: 51. Best value: 2514.61:  10%|▉         | 99/1000 [03:58<25:33,  1.70s/it]                                                                                      Best trial: 51. Best value: 2514.61:  10%|▉         | 99/1000 [03:59<25:33,  1.70s/it]Best trial: 51. Best value: 2514.61:  10%|▉         | 99/1000 [03:59<25:33,  1.70s/it]Best trial: 51. Best value: 2514.61:  10%|█         | 100/1000 [03:59<23:13,  1.55s/it]                                                                                       Best trial: 51. Best value: 2514.61:  10%|█         | 100/1000 [04:01<23:13,  1.55s/it]Best trial: 51. Best value: 2514.61:  10%|█         | 100/1000 [04:01<23:13,  1.55s/it]Best trial: 51. Best value: 2514.61:  10%|█         | 101/1000 [04:01<21:34,  1.44s/it]                                                                                       Best trial: 51. Best value: 2514.61:  10%|█         | 101/1000 [04:02<21:34,  1.44s/it]Best trial: 51. Best value: 2514.61:  10%|█         | 101/1000 [04:02<21:34,  1.44s/it]Best trial: 51. Best value: 2514.61:  10%|█         | 102/1000 [04:02<20:50,  1.39s/it]                                                                                       Best trial: 51. Best value: 2514.61:  10%|█         | 102/1000 [04:03<20:50,  1.39s/it]Best trial: 51. Best value: 2514.61:  10%|█         | 102/1000 [04:03<20:50,  1.39s/it]Best trial: 51. Best value: 2514.61:  10%|█         | 103/1000 [04:03<20:00,  1.34s/it]                                                                                       Best trial: 51. Best value: 2514.61:  10%|█         | 103/1000 [04:04<20:00,  1.34s/it]Best trial: 51. Best value: 2514.61:  10%|█         | 103/1000 [04:04<20:00,  1.34s/it]Best trial: 51. Best value: 2514.61:  10%|█         | 104/1000 [04:04<19:29,  1.30s/it]                                                                                       Best trial: 51. Best value: 2514.61:  10%|█         | 104/1000 [04:05<19:29,  1.30s/it]Best trial: 51. Best value: 2514.61:  10%|█         | 104/1000 [04:05<19:29,  1.30s/it]Best trial: 51. Best value: 2514.61:  10%|█         | 105/1000 [04:05<19:11,  1.29s/it]                                                                                       
[I 2026-03-31 15:33:47,495] Trial 91 finished with value: 2653.1817636229016 and parameters: {'alpha_0': 0.002420459744719643, 'alpha_1': 5.093726980384558e-05, 'alpha_2': 0.00016171518543203991, 'beta_0': 0.10045528717816113, 'beta_1': 1.3750155340053976, 'beta_2': 0.5611823640735952, 'beta_3': 0.004862792080273769, 'beta_4': 0.7712672451135806, 'beta_5': 833.8959600010115, 'beta_6': 0.03494146473494271, 'beta_7': 0.03396874374402305, 'beta_8': 9.626732778805652e-05, 'beta_9': 1.485736270260535e-07}. Best is trial 51 with value: 2514.6051342609703.
[I 2026-03-31 15:33:48,781] Trial 92 finished with value: 2649.1345984869395 and parameters: {'alpha_0': 0.0021600545932525914, 'alpha_1': 5.870946292269054e-05, 'alpha_2': 0.00018652671162479003, 'beta_0': 0.10557210915202499, 'beta_1': 1.3930057358369818, 'beta_2': 0.5598245310219968, 'beta_3': 0.004763971681878987, 'beta_4': 0.7234854572780711, 'beta_5': 1105.0105178446886, 'beta_6': 0.03572829860053629, 'beta_7': 0.03406442251724466, 'beta_8': 8.757559220658836e-05, 'beta_9': 1.0046665999376181e-07}. Best is trial 51 with value: 2514.6051342609703.
[I 2026-03-31 15:33:58,337] Trial 93 finished with value: 7486.621857842583 and parameters: {'alpha_0': 0.0021812003605339372, 'alpha_1': 5.5158797221351444e-05, 'alpha_2': 0.00016418402845827363, 'beta_0': 0.10449058649030606, 'beta_1': 1.390933715334679, 'beta_2': 0.5244678585707488, 'beta_3': 0.004793328812031533, 'beta_4': 0.737972810628936, 'beta_5': 1113.4281618078983, 'beta_6': 0.035391759790642935, 'beta_7': 0.011505175175616326, 'beta_8': 8.843808106232562e-05, 'beta_9': 1.513860793854359e-07}. Best is trial 51 with value: 2514.6051342609703.
[I 2026-03-31 15:33:59,644] Trial 94 finished with value: 2672.4142544588576 and parameters: {'alpha_0': 0.0026460518550189167, 'alpha_1': 6.748640639839975e-05, 'alpha_2': 0.00018675340797132941, 'beta_0': 0.12005311843663688, 'beta_1': 1.3361068254759547, 'beta_2': 0.5061127769722692, 'beta_3': 0.004691999444659817, 'beta_4': 0.719790301237771, 'beta_5': 1029.3439210205697, 'beta_6': 0.029668869783258108, 'beta_7': 0.03438903658381085, 'beta_8': 8.721985295839946e-05, 'beta_9': 1.2743948036932892e-07}. Best is trial 51 with value: 2514.6051342609703.
[I 2026-03-31 15:34:00,871] Trial 95 finished with value: 2585.5723139993097 and parameters: {'alpha_0': 0.0026620093301448705, 'alpha_1': 5.8755319406618236e-05, 'alpha_2': 0.00018598936400239898, 'beta_0': 0.11914878670925586, 'beta_1': 1.3384423402040766, 'beta_2': 0.5079225270661931, 'beta_3': 0.004642784752899632, 'beta_4': 0.7272367178464066, 'beta_5': 1028.1274389853968, 'beta_6': 0.020972589790792435, 'beta_7': 0.033874991882175465, 'beta_8': 8.707138174121724e-05, 'beta_9': 1.095341490249346e-07}. Best is trial 51 with value: 2514.6051342609703.
[I 2026-03-31 15:34:02,185] Trial 96 finished with value: 2664.6638671434976 and parameters: {'alpha_0': 0.002684158223230415, 'alpha_1': 7.041443930700392e-05, 'alpha_2': 0.0001733355526587807, 'beta_0': 0.11923635928986027, 'beta_1': 1.3376385590239028, 'beta_2': 0.4991648297805099, 'beta_3': 0.004653087115735313, 'beta_4': 0.7243634019285623, 'beta_5': 1215.2461038510064, 'beta_6': 0.044116561441074856, 'beta_7': 0.03391852047674758, 'beta_8': 8.760288607879593e-05, 'beta_9': 1.0054510679175292e-07}. Best is trial 51 with value: 2514.6051342609703.
[I 2026-03-31 15:34:03,462] Trial 97 finished with value: 2602.3178239781723 and parameters: {'alpha_0': 0.002601350923349008, 'alpha_1': 7.402016262417237e-05, 'alpha_2': 0.0001864668923392731, 'beta_0': 0.1199969925710194, 'beta_1': 1.3118177234979544, 'beta_2': 0.5002771837596248, 'beta_3': 0.004272967690599594, 'beta_4': 0.7217466851483885, 'beta_5': 1220.9881650770212, 'beta_6': 0.023085807926778886, 'beta_7': 0.0341221616301166, 'beta_8': 8.724328433967682e-05, 'beta_9': 1.0239313633757426e-07}. Best is trial 51 with value: 2514.6051342609703.
[I 2026-03-31 15:34:04,763] Trial 98 finished with value: 2650.52953961583 and parameters: {'alpha_0': 0.0026616551879799955, 'alpha_1': 8.527520603464234e-05, 'alpha_2': 0.00018567335559364166, 'beta_0': 0.12001337772760634, 'beta_1': 1.3119932140098918, 'beta_2': 0.44691847238017424, 'beta_3': 0.004614302959426606, 'beta_4': 0.7240972208707245, 'beta_5': 1221.522192026869, 'beta_6': 0.02060180038206153, 'beta_7': 0.03414100565328765, 'beta_8': 8.078748642874963e-05, 'beta_9': 1.0257648201858976e-07}. Best is trial 51 with value: 2514.6051342609703.
[I 2026-03-31 15:34:05,952] Trial 99 finished with value: 3255.640796285784 and parameters: {'alpha_0': 0.002764092562213471, 'alpha_1': 9.037631881029217e-05, 'alpha_2': 0.000180578365963418, 'beta_0': 0.12850355122819224, 'beta_1': 1.287123080763689, 'beta_2': 0.44872512690102195, 'beta_3': 0.0045309306741318734, 'beta_4': 0.668106486426113, 'beta_5': 1215.1077385994308, 'beta_6': 0.02376312145215389, 'beta_7': 0.036327177904956785, 'beta_8': 8.102639913316674e-05, 'beta_9': 1.0410735111408948e-07}. Best is trial 51 with value: 2514.6051342609703.
[I 2026-03-31 15:34:07,139] Trial 100 finished with value: 3255.7286287468155 and parameters: {'alpha_0': 0.002005867255311379, 'alpha_1': 8.476151754296276e-05, 'alpha_2': 0.0001736776616304937, 'beta_0': 0.12538520044745355, 'beta_1': 1.2644349601132923, 'beta_2': 0.47363070731314355, 'beta_3': 0.003994068144226397, 'beta_4': 0.6457574487592774, 'beta_5': 1378.73119313309, 'beta_6': 0.019842461298436368, 'beta_7': 0.03805615445465283, 'beta_8': 8.505033431161509e-05, 'beta_9': 1.5110681057148662e-07}. Best is trial 51 with value: 2514.6051342609703.
[I 2026-03-31 15:34:08,420] Trial 101 finished with value: 2650.4525398115024 and parameters: {'alpha_0': 0.002626811840245065, 'alpha_1': 7.331679846656842e-05, 'alpha_2': 0.0001872415220677001, 'beta_0': 0.11939269932359335, 'beta_1': 1.3116424928872694, 'beta_2': 0.4977283876187499, 'beta_3': 0.004269257245766125, 'beta_4': 0.7211123163919991, 'beta_5': 1299.1668012006428, 'beta_6': 0.031931500108794086, 'beta_7': 0.03434529364640557, 'beta_8': 8.745440285950402e-05, 'beta_9': 1.2773141790576364e-07}. Best is trial 51 with value: 2514.6051342609703.
[I 2026-03-31 15:34:09,631] Trial 102 finished with value: 2941.1581637680147 and parameters: {'alpha_0': 0.002584718715187799, 'alpha_1': 7.464504852997709e-05, 'alpha_2': 0.0001843201694891581, 'beta_0': 0.11785603460120388, 'beta_1': 1.3157174217678458, 'beta_2': 0.4615640536714454, 'beta_3': 0.0043136668852406974, 'beta_4': 0.6798159455858674, 'beta_5': 1440.1343145187152, 'beta_6': 0.023286107059080123, 'beta_7': 0.03592316876109208, 'beta_8': 8.44102519542406e-05, 'beta_9': 1.0005938507173161e-07}. Best is trial 51 with value: 2514.6051342609703.
[I 2026-03-31 15:34:10,858] Trial 103 finished with value: 2726.627332707528 and parameters: {'alpha_0': 0.0029563014564341723, 'alpha_1': 7.66858134276873e-05, 'alpha_2': 0.00018386677113399526, 'beta_0': 0.12228156380454618, 'beta_1': 1.3046447743446128, 'beta_2': 0.4935072162647173, 'beta_3': 0.004267153945444014, 'beta_4': 0.700225701919069, 'beta_5': 1320.3862691211111, 'beta_6': 0.03264368229623686, 'beta_7': 0.033995266999835225, 'beta_8': 7.874315983562072e-05, 'beta_9': 1.8283259178797366e-07}. Best is trial 51 with value: 2514.6051342609703.
[I 2026-03-31 15:34:12,104] Trial 104 finished with value: 2878.736561271771 and parameters: {'alpha_0': 0.0027762000357207696, 'alpha_1': 0.00010770397478665021, 'alpha_2': 0.00017438380286823198, 'beta_0': 0.1290664727948636, 'beta_1': 1.236732880434941, 'beta_2': 0.4944435869928656, 'beta_3': 0.004576830539166567, 'beta_4': 0.7312255427406646, 'beta_5': 1273.3030286766025, 'beta_6': 0.02650216248429252, 'beta_7': 0.03486521917759101, 'beta_8': 9.053087395670566e-05, 'beta_9': 1.4214721178999947e-07}. Best is trial 51 with value: 2514.6051342609703.
