[I 2026-03-30 23:27:58,655] Trial 145 finished with value: 7420.157116746923 and parameters: {'alpha_0': 0.001225241014385908, 'alpha_1': 0.0001268156969941517, 'alpha_2': 0.00016766496031362665, 'beta_0': 0.20264274409215266, 'beta_1': 1.0104908919730675, 'beta_2': 0.24799302310656923, 'beta_3': 0.0005817829544823249, 'beta_4': 6.205750778091427e-08, 'beta_5': 0.7207129916989802, 'beta_6': 1.1031391714578454e-05, 'beta_7': 0.01394279902858738, 'beta_8': 0.018085153223199035, 'beta_9': 0.0001407033449831753, 'beta_10': 1.0774635688944857e-06}. Best is trial 136 with value: 4460.080881581064.
[I 2026-03-30 23:28:29,442] Trial 146 finished with value: 4515.187216069649 and parameters: {'alpha_0': 0.0007155853421676639, 'alpha_1': 9.013069432888007e-05, 'alpha_2': 0.00017672406058704177, 'beta_0': 0.22098878095631286, 'beta_1': 1.0306504231685878, 'beta_2': 0.3184618987674002, 'beta_3': 0.0006104766350376772, 'beta_4': 1.0342333819638715e-07, 'beta_5': 0.7528914815805517, 'beta_6': 1.3110497012678654e-05, 'beta_7': 0.015422655792167384, 'beta_8': 0.005230450136397691, 'beta_9': 0.000135950783716149, 'beta_10': 1.1194843484623498e-06}. Best is trial 136 with value: 4460.080881581064.
[I 2026-03-30 23:28:39,487] Trial 147 finished with value: 7869.857468112185 and parameters: {'alpha_0': 0.0011544042707789283, 'alpha_1': 0.00011624501181261273, 'alpha_2': 0.00017522232288950877, 'beta_0': 0.21783574755868715, 'beta_1': 1.0289823209027453, 'beta_2': 0.2885565537066455, 'beta_3': 0.000616027172119199, 'beta_4': 9.802328745517567e-08, 'beta_5': 0.7521080987651285, 'beta_6': 1.3044075618174963e-05, 'beta_7': 0.015800107526645263, 'beta_8': 0.013673847882795406, 'beta_9': 0.00013606360357891148, 'beta_10': 1.1236450375353453e-06}. Best is trial 136 with value: 4460.080881581064.
[I 2026-03-30 23:29:09,871] Trial 148 finished with value: 4225.3157846287695 and parameters: {'alpha_0': 0.0006106672262087276, 'alpha_1': 9.471351572962526e-05, 'alpha_2': 0.00015859035529011236, 'beta_0': 0.23680599205787026, 'beta_1': 1.0685627199242846, 'beta_2': 0.3158519576811488, 'beta_3': 0.00037732890738198207, 'beta_4': 1.7724150385363556e-07, 'beta_5': 0.7750339923856524, 'beta_6': 1.0817526143707715e-05, 'beta_7': 0.051513549886718676, 'beta_8': 0.005005553769151925, 'beta_9': 0.00013954651121562105, 'beta_10': 1.0079614091600067e-06}. Best is trial 148 with value: 4225.3157846287695.
[I 2026-03-30 23:29:40,424] Trial 149 finished with value: 5334.659662324453 and parameters: {'alpha_0': 0.00059678570930795, 'alpha_1': 9.251454445385121e-05, 'alpha_2': 0.00015646268263423132, 'beta_0': 0.19744883438223718, 'beta_1': 1.0657076890730297, 'beta_2': 0.3204119320864571, 'beta_3': 0.0003649167365478931, 'beta_4': 1.7307395902682576e-07, 'beta_5': 0.7727202244113832, 'beta_6': 1.0710156497731404e-05, 'beta_7': 0.048923687399548846, 'beta_8': 0.006240445415701478, 'beta_9': 0.0001401856545162095, 'beta_10': 1.0094472800824076e-06}. Best is trial 148 with value: 4225.3157846287695.
[I 2026-03-30 23:30:11,301] Trial 150 finished with value: 4433.782868435126 and parameters: {'alpha_0': 0.0010440562282439552, 'alpha_1': 9.213806531797059e-05, 'alpha_2': 0.00016480735304874708, 'beta_0': 0.21106533038350106, 'beta_1': 1.033023929401956, 'beta_2': 0.2923322752490255, 'beta_3': 0.0006568863827468706, 'beta_4': 1.1193483709194351e-07, 'beta_5': 0.7649443249012035, 'beta_6': 1.202712239267686e-05, 'beta_7': 0.016005425289359648, 'beta_8': 0.0050761432412100745, 'beta_9': 0.00013895906181128856, 'beta_10': 1.0919505038291845e-06}. Best is trial 148 with value: 4225.3157846287695.
[I 2026-03-30 23:30:42,188] Trial 151 finished with value: 4545.196240704762 and parameters: {'alpha_0': 0.0008112660776664864, 'alpha_1': 9.392088657435344e-05, 'alpha_2': 0.00015212183660364965, 'beta_0': 0.23924626853816827, 'beta_1': 1.0369169934293525, 'beta_2': 0.36456492361693876, 'beta_3': 0.000676487905731176, 'beta_4': 1.0696189693645162e-07, 'beta_5': 0.763666743549748, 'beta_6': 1.2312071684078471e-05, 'beta_7': 0.05631605361332858, 'beta_8': 0.0050727742423920755, 'beta_9': 0.0001387433092626462, 'beta_10': 1.0687227444968525e-06}. Best is trial 148 with value: 4225.3157846287695.
[I 2026-03-30 23:31:13,161] Trial 152 finished with value: 4493.775304993656 and parameters: {'alpha_0': 0.0007595619197243789, 'alpha_1': 9.177954678383524e-05, 'alpha_2': 0.00015029343139587838, 'beta_0': 0.24110637059740467, 'beta_1': 1.0363756599213187, 'beta_2': 0.3555129860910191, 'beta_3': 0.0006655954354516106, 'beta_4': 5.2785256786343653e-08, 'beta_5': 0.7628743909073542, 'beta_6': 1.2144441737746426e-05, 'beta_7': 0.051618279550227505, 'beta_8': 0.005046658841480098, 'beta_9': 0.00013824501888060883, 'beta_10': 1.0920080947378741e-06}. Best is trial 148 with value: 4225.3157846287695.
[I 2026-03-30 23:31:43,939] Trial 153 finished with value: 5326.958794113018 and parameters: {'alpha_0': 0.0009174433690178577, 'alpha_1': 9.351246983748414e-05, 'alpha_2': 0.0001526764477416291, 'beta_0': 0.24180058938628576, 'beta_1': 1.0115654550125655, 'beta_2': 0.3584853351332338, 'beta_3': 0.0006712327483740024, 'beta_4': 5.3468201232623074e-08, 'beta_5': 0.7368651087927768, 'beta_6': 1.260039383405777e-05, 'beta_7': 0.055114980183629085, 'beta_8': 0.00589908746454991, 'beta_9': 0.00013363909870024441, 'beta_10': 1.0743524918367396e-06}. Best is trial 148 with value: 4225.3157846287695.
[I 2026-03-30 23:32:14,629] Trial 154 finished with value: 4512.108301796659 and parameters: {'alpha_0': 0.0007715478692074093, 'alpha_1': 9.838440872154773e-05, 'alpha_2': 0.000160028402779609, 'beta_0': 0.23601077254973876, 'beta_1': 1.0475497392356141, 'beta_2': 0.25845246074454864, 'beta_3': 0.0006740640374081469, 'beta_4': 9.664452128990871e-08, 'beta_5': 0.7621987286268981, 'beta_6': 1.1499111235549729e-05, 'beta_7': 0.052972453944403454, 'beta_8': 0.005051117137399122, 'beta_9': 0.0001378145004392278, 'beta_10': 9.414441791041885e-07}. Best is trial 148 with value: 4225.3157846287695.Best trial: 148. Best value: 4225.32:  31%|███       | 154/500 [1:06:52<2:51:02, 29.66s/it]Best trial: 148. Best value: 4225.32:  31%|███       | 154/500 [1:06:52<2:51:02, 29.66s/it]Best trial: 148. Best value: 4225.32:  31%|███       | 155/500 [1:06:52<2:52:19, 29.97s/it]                                                                                           Best trial: 148. Best value: 4225.32:  31%|███       | 155/500 [1:07:23<2:52:19, 29.97s/it]Best trial: 148. Best value: 4225.32:  31%|███       | 155/500 [1:07:23<2:52:19, 29.97s/it]Best trial: 148. Best value: 4225.32:  31%|███       | 156/500 [1:07:23<2:53:13, 30.21s/it]                                                                                           Best trial: 148. Best value: 4225.32:  31%|███       | 156/500 [1:07:54<2:53:13, 30.21s/it]Best trial: 148. Best value: 4225.32:  31%|███       | 156/500 [1:07:54<2:53:13, 30.21s/it]Best trial: 148. Best value: 4225.32:  31%|███▏      | 157/500 [1:07:54<2:53:16, 30.31s/it]                                                                                           Best trial: 148. Best value: 4225.32:  31%|███▏      | 157/500 [1:08:25<2:53:16, 30.31s/it]Best trial: 148. Best value: 4225.32:  31%|███▏      | 157/500 [1:08:25<2:53:16, 30.31s/it]Best trial: 148. Best value: 4225.32:  32%|███▏      | 158/500 [1:08:25<2:53:51, 30.50s/it]                                                                                           Best trial: 148. Best value: 4225.32:  32%|███▏      | 158/500 [1:08:55<2:53:51, 30.50s/it]Best trial: 148. Best value: 4225.32:  32%|███▏      | 158/500 [1:08:55<2:53:51, 30.50s/it]Best trial: 148. Best value: 4225.32:  32%|███▏      | 159/500 [1:08:55<2:53:50, 30.59s/it]                                                                                           Best trial: 148. Best value: 4225.32:  32%|███▏      | 159/500 [1:09:27<2:53:50, 30.59s/it]Best trial: 148. Best value: 4225.32:  32%|███▏      | 159/500 [1:09:27<2:53:50, 30.59s/it]Best trial: 148. Best value: 4225.32:  32%|███▏      | 160/500 [1:09:27<2:54:47, 30.84s/it]                                                                                           Best trial: 148. Best value: 4225.32:  32%|███▏      | 160/500 [1:09:57<2:54:47, 30.84s/it]Best trial: 148. Best value: 4225.32:  32%|███▏      | 160/500 [1:09:57<2:54:47, 30.84s/it]Best trial: 148. Best value: 4225.32:  32%|███▏      | 161/500 [1:09:57<2:53:42, 30.74s/it]                                                                                           Best trial: 148. Best value: 4225.32:  32%|███▏      | 161/500 [1:10:28<2:53:42, 30.74s/it]Best trial: 148. Best value: 4225.32:  32%|███▏      | 161/500 [1:10:28<2:53:42, 30.74s/it]Best trial: 148. Best value: 4225.32:  32%|███▏      | 162/500 [1:10:28<2:53:01, 30.71s/it]                                                                                           Best trial: 148. Best value: 4225.32:  32%|███▏      | 162/500 [1:10:59<2:53:01, 30.71s/it]Best trial: 148. Best value: 4225.32:  32%|███▏      | 162/500 [1:10:59<2:53:01, 30.71s/it]Best trial: 148. Best value: 4225.32:  33%|███▎      | 163/500 [1:10:59<2:53:01, 30.80s/it]                                                                                           Best trial: 148. Best value: 4225.32:  33%|███▎      | 163/500 [1:11:30<2:53:01, 30.80s/it]Best trial: 148. Best value: 4225.32:  33%|███▎      | 163/500 [1:11:30<2:53:01, 30.80s/it]Best trial: 148. Best value: 4225.32:  33%|███▎      | 164/500 [1:11:30<2:52:41, 30.84s/it]                                                                                           Best trial: 148. Best value: 4225.32:  33%|███▎      | 164/500 [1:12:01<2:52:41, 30.84s/it]Best trial: 148. Best value: 4225.32:  33%|███▎      | 164/500 [1:12:01<2:52:41, 30.84s/it]Best trial: 148. Best value: 4225.32:  33%|███▎      | 165/500 [1:12:01<2:52:23, 30.88s/it]                                                                                           Best trial: 148. Best value: 4225.32:  33%|███▎      | 165/500 [1:12:32<2:52:23, 30.88s/it]Best trial: 148. Best value: 4225.32:  33%|███▎      | 165/500 [1:12:32<2:52:23, 30.88s/it]Best trial: 148. Best value: 4225.32:  33%|███▎      | 166/500 [1:12:32<2:51:49, 30.87s/it]                                                                                           Best trial: 148. Best value: 4225.32:  33%|███▎      | 166/500 [1:13:03<2:51:49, 30.87s/it]Best trial: 148. Best value: 4225.32:  33%|███▎      | 166/500 [1:13:03<2:51:49, 30.87s/it]Best trial: 148. Best value: 4225.32:  33%|███▎      | 167/500 [1:13:03<2:51:45, 30.95s/it]                                                                                           Best trial: 148. Best value: 4225.32:  33%|███▎      | 167/500 [1:13:34<2:51:45, 30.95s/it]Best trial: 148. Best value: 4225.32:  33%|███▎      | 167/500 [1:13:34<2:51:45, 30.95s/it]Best trial: 148. Best value: 4225.32:  34%|███▎      | 168/500 [1:13:34<2:51:43, 31.03s/it]                                                                                           
[I 2026-03-30 23:32:45,414] Trial 155 finished with value: 4613.05012158551 and parameters: {'alpha_0': 0.0007479028946609249, 'alpha_1': 9.727929341520316e-05, 'alpha_2': 0.00015998658142931616, 'beta_0': 0.23726709626078937, 'beta_1': 1.0481612936101006, 'beta_2': 0.25954053056302073, 'beta_3': 0.0007982154151777656, 'beta_4': 9.128942138652941e-08, 'beta_5': 0.7648859158815736, 'beta_6': 1.0777607540778159e-05, 'beta_7': 0.0514061812880259, 'beta_8': 0.005027121755594146, 'beta_9': 0.0001380367487310951, 'beta_10': 9.79497835361175e-07}. Best is trial 148 with value: 4225.3157846287695.
[I 2026-03-30 23:33:15,952] Trial 156 finished with value: 4568.110914600607 and parameters: {'alpha_0': 0.0007822254722327026, 'alpha_1': 9.784475080046655e-05, 'alpha_2': 0.0001595898097641923, 'beta_0': 0.2505977737470032, 'beta_1': 1.0491093813222385, 'beta_2': 0.29965568419815264, 'beta_3': 0.0007904385229475538, 'beta_4': 8.87829986628846e-08, 'beta_5': 0.7660907441699918, 'beta_6': 1.1223660812754975e-05, 'beta_7': 0.05104771744262751, 'beta_8': 0.005007902644736004, 'beta_9': 0.00013804406026040198, 'beta_10': 9.59946917570279e-07}. Best is trial 148 with value: 4225.3157846287695.
[I 2026-03-30 23:33:46,894] Trial 157 finished with value: 4772.389798808283 and parameters: {'alpha_0': 0.0007656249004392118, 'alpha_1': 9.78964906880802e-05, 'alpha_2': 0.00015781300967175068, 'beta_0': 0.25391655982414507, 'beta_1': 1.0457213162338126, 'beta_2': 0.2568092101827299, 'beta_3': 0.0008645261870852084, 'beta_4': 1.0375109849100394e-07, 'beta_5': 0.7632567917282738, 'beta_6': 1.128523621476118e-05, 'beta_7': 0.051201400693470435, 'beta_8': 0.005128584745488442, 'beta_9': 0.00013780465247978653, 'beta_10': 9.531143748404517e-07}. Best is trial 148 with value: 4225.3157846287695.
[I 2026-03-30 23:34:17,689] Trial 158 finished with value: 4603.819603327664 and parameters: {'alpha_0': 0.0007710973328197937, 'alpha_1': 8.813229493327533e-05, 'alpha_2': 0.00015070475946152886, 'beta_0': 0.2590929857289012, 'beta_1': 1.076084381485281, 'beta_2': 0.30513787573469203, 'beta_3': 0.0008075525183164632, 'beta_4': 1.205034192033871e-07, 'beta_5': 0.754420145935022, 'beta_6': 1.1376348937033374e-05, 'beta_7': 0.05472799439149477, 'beta_8': 0.00501513110544518, 'beta_9': 0.00013941067790379115, 'beta_10': 9.801934268100723e-07}. Best is trial 148 with value: 4225.3157846287695.
[I 2026-03-30 23:34:49,130] Trial 159 finished with value: 4487.690333388443 and parameters: {'alpha_0': 0.0009819703961438614, 'alpha_1': 9.121950951641809e-05, 'alpha_2': 0.00015187951765361014, 'beta_0': 0.2760325883879354, 'beta_1': 1.0769914658054538, 'beta_2': 0.30264766908205804, 'beta_3': 0.0006853561226525651, 'beta_4': 1.285553454813416e-07, 'beta_5': 0.7481915652962824, 'beta_6': 1.3313627483601533e-05, 'beta_7': 0.05381135815733078, 'beta_8': 0.0050094565985549675, 'beta_9': 5.318872936389925e-05, 'beta_10': 1.026450628734573e-06}. Best is trial 148 with value: 4225.3157846287695.
[I 2026-03-30 23:35:19,642] Trial 160 finished with value: 5389.533142342665 and parameters: {'alpha_0': 0.0009507499692101159, 'alpha_1': 0.0001057188577778005, 'alpha_2': 0.00014298065577246694, 'beta_0': 0.27471320723445386, 'beta_1': 1.0560843420142714, 'beta_2': 0.3216906288017766, 'beta_3': 0.0006823762627773626, 'beta_4': 5.122572600964869e-08, 'beta_5': 0.7477077058572346, 'beta_6': 1.3105294220980427e-05, 'beta_7': 0.057517156721988046, 'beta_8': 0.005942167454872258, 'beta_9': 5.0762645107222774e-05, 'beta_10': 1.0359963054472397e-06}. Best is trial 148 with value: 4225.3157846287695.
[I 2026-03-30 23:35:50,282] Trial 161 finished with value: 5265.111827518659 and parameters: {'alpha_0': 0.000656123681080548, 'alpha_1': 8.986010315643267e-05, 'alpha_2': 0.0001634855829242556, 'beta_0': 0.26651094596644165, 'beta_1': 1.0822580180785326, 'beta_2': 0.3018338564996128, 'beta_3': 0.000763872268446121, 'beta_4': 1.3622175941010772e-07, 'beta_5': 0.754002941650817, 'beta_6': 1.2339006440894635e-05, 'beta_7': 0.05358910939883566, 'beta_8': 0.005779964654741758, 'beta_9': 0.00014047610817897744, 'beta_10': 9.193530785074919e-07}. Best is trial 148 with value: 4225.3157846287695.
[I 2026-03-30 23:36:21,298] Trial 162 finished with value: 4644.766232911823 and parameters: {'alpha_0': 0.0010374269213222634, 'alpha_1': 9.185151856219251e-05, 'alpha_2': 0.00015199224930088171, 'beta_0': 0.24304807443144097, 'beta_1': 1.034516529514501, 'beta_2': 0.3478082730656826, 'beta_3': 0.0008370387196431567, 'beta_4': 1.2830991296107803e-07, 'beta_5': 0.7758024559472448, 'beta_6': 1.1287450234048591e-05, 'beta_7': 0.054140708538549936, 'beta_8': 0.005010933935377273, 'beta_9': 0.00013537677848083374, 'beta_10': 9.965207125571426e-07}. Best is trial 148 with value: 4225.3157846287695.
[I 2026-03-30 23:36:52,214] Trial 163 finished with value: 4461.541860863372 and parameters: {'alpha_0': 0.0006892262630133721, 'alpha_1': 8.717122730834052e-05, 'alpha_2': 0.00016426385778682868, 'beta_0': 0.2613419816949088, 'beta_1': 1.0708084454546287, 'beta_2': 0.2870406289872933, 'beta_3': 0.0006251196438187093, 'beta_4': 9.615735885530197e-08, 'beta_5': 0.7265839687204775, 'beta_6': 1.337940304196502e-05, 'beta_7': 0.059972938711418525, 'beta_8': 0.005024762446063006, 'beta_9': 0.000142055204580566, 'beta_10': 1.0831189048880004e-06}. Best is trial 148 with value: 4225.3157846287695.
[I 2026-03-30 23:37:23,176] Trial 164 finished with value: 5591.160808360812 and parameters: {'alpha_0': 0.0008451515479276957, 'alpha_1': 9.623547167828659e-05, 'alpha_2': 0.00016333313456242006, 'beta_0': 0.26597293561618435, 'beta_1': 1.0095798681928465, 'beta_2': 0.2918255248389604, 'beta_3': 0.000638877716233789, 'beta_4': 1.0498802820689276e-07, 'beta_5': 0.7290955734905509, 'beta_6': 1.4268490386096864e-05, 'beta_7': 0.046853749974299, 'beta_8': 0.006217023421247931, 'beta_9': 0.00014281764870143512, 'beta_10': 1.0940953303891151e-06}. Best is trial 148 with value: 4225.3157846287695.
[I 2026-03-30 23:37:54,020] Trial 165 finished with value: 5233.693821144789 and parameters: {'alpha_0': 0.000649905604461811, 'alpha_1': 0.00010069102033079003, 'alpha_2': 0.0001561638955430488, 'beta_0': 0.274950784257297, 'beta_1': 1.0715299076065317, 'beta_2': 0.1980094370925321, 'beta_3': 0.0007182052365909799, 'beta_4': 1.497470817428908e-07, 'beta_5': 0.7410895144223212, 'beta_6': 1.341354185427204e-05, 'beta_7': 0.05973656493829966, 'beta_8': 0.00574094849360356, 'beta_9': 0.00013621275057755945, 'beta_10': 1.049972310462605e-06}. Best is trial 148 with value: 4225.3157846287695.
[I 2026-03-30 23:38:25,153] Trial 166 finished with value: 5961.6288726144685 and parameters: {'alpha_0': 0.0005041818989561021, 'alpha_1': 0.00011566619128505874, 'alpha_2': 0.00014642333703424827, 'beta_0': 0.2893442078845491, 'beta_1': 1.0383460563223272, 'beta_2': 0.3793551794641703, 'beta_3': 0.0006462166362363616, 'beta_4': 8.946080590862634e-08, 'beta_5': 0.7179602769114364, 'beta_6': 1.2400535649030837e-05, 'beta_7': 0.0557986607815653, 'beta_8': 0.006569040776177757, 'beta_9': 0.0001473308933462534, 'beta_10': 1.0841963481672304e-06}. Best is trial 148 with value: 4225.3157846287695.
[I 2026-03-30 23:38:56,393] Trial 167 finished with value: 4495.175299544873 and parameters: {'alpha_0': 0.0010700692072964698, 'alpha_1': 8.521901759453767e-05, 'alpha_2': 0.00016738119077837804, 'beta_0': 0.24732465279767876, 'beta_1': 1.0012549697834165, 'beta_2': 0.33023784195671646, 'beta_3': 0.0007143723236053926, 'beta_4': 7.158156367333243e-08, 'beta_5': 0.7814268726172079, 'beta_6': 1.0692007759015205e-05, 'beta_7': 0.05107749404808965, 'beta_8': 0.005023399675423776, 'beta_9': 0.0001337848253903873, 'beta_10': 9.339727504300187e-07}. Best is trial 148 with value: 4225.3157846287695.
