[I 2026-03-30 22:47:33,813] Trial 62 finished with value: 5364.203724262765 and parameters: {'alpha_0': 0.0012124067339799264, 'alpha_1': 7.758110785436617e-05, 'alpha_2': 0.0001461690701050436, 'beta_0': 0.142386352479973, 'beta_1': 1.2402694610276457, 'beta_2': 0.840924323907098, 'beta_3': 0.001087157554320051, 'beta_4': 7.524194814290211e-07, 'beta_5': 0.6793663261006492, 'beta_6': 2.3378238109811814e-05, 'beta_7': 0.011546536245298762, 'beta_8': 0.00550632345089553, 'beta_9': 9.178633966229271e-05, 'beta_10': 9.592919233339289e-07}. Best is trial 55 with value: 5276.344122769001.
[I 2026-03-30 22:48:04,833] Trial 63 finished with value: 6606.102446657256 and parameters: {'alpha_0': 0.0010562073215497091, 'alpha_1': 9.070887293650392e-05, 'alpha_2': 0.00014850325655680886, 'beta_0': 0.1425790641845866, 'beta_1': 1.1972119048031047, 'beta_2': 0.8348003994132455, 'beta_3': 0.0011287753274012626, 'beta_4': 9.154885359205078e-07, 'beta_5': 0.6904944171675386, 'beta_6': 2.3537337718006462e-05, 'beta_7': 0.010421020601536952, 'beta_8': 0.00671992471224901, 'beta_9': 9.198427448432815e-05, 'beta_10': 9.361780080546512e-07}. Best is trial 55 with value: 5276.344122769001.
[I 2026-03-30 22:48:35,265] Trial 64 finished with value: 5361.752274287658 and parameters: {'alpha_0': 0.0016974861340669299, 'alpha_1': 7.83372311770139e-05, 'alpha_2': 0.00015969356352383751, 'beta_0': 0.12909503948932322, 'beta_1': 1.2401811811569894, 'beta_2': 0.8127000248260361, 'beta_3': 0.0008986137720558785, 'beta_4': 7.548324835899395e-07, 'beta_5': 0.6678907797867886, 'beta_6': 2.670681758596761e-05, 'beta_7': 0.01298929915171515, 'beta_8': 0.005641093161075248, 'beta_9': 7.631941045389286e-05, 'beta_10': 1.0412104681393998e-06}. Best is trial 55 with value: 5276.344122769001.
[I 2026-03-30 22:49:05,936] Trial 65 finished with value: 5681.737996678653 and parameters: {'alpha_0': 0.001822727818864499, 'alpha_1': 7.256915368712122e-05, 'alpha_2': 0.00016190593311492366, 'beta_0': 0.11244608989629863, 'beta_1': 1.2469646832789898, 'beta_2': 0.8051366999304236, 'beta_3': 0.0009369830446842723, 'beta_4': 1.1362514762265334e-06, 'beta_5': 0.6894690877729008, 'beta_6': 2.4939806512069304e-05, 'beta_7': 0.020367057251761626, 'beta_8': 0.005612306944939516, 'beta_9': 7.759431963090913e-05, 'beta_10': 1.0138984718122275e-06}. Best is trial 55 with value: 5276.344122769001.
[I 2026-03-30 22:49:36,828] Trial 66 finished with value: 7344.065049524879 and parameters: {'alpha_0': 0.0013059679733393487, 'alpha_1': 7.90128734464105e-05, 'alpha_2': 0.00013710208993110534, 'beta_0': 0.12797973127605064, 'beta_1': 1.2299929726578023, 'beta_2': 0.8560623077816794, 'beta_3': 0.0008189417713601824, 'beta_4': 7.41109369694731e-07, 'beta_5': 0.714628645205795, 'beta_6': 2.4006377753923347e-05, 'beta_7': 0.01767955586879775, 'beta_8': 0.007823836596063742, 'beta_9': 6.541574821215321e-05, 'beta_10': 1.26171769685476e-06}. Best is trial 55 with value: 5276.344122769001.
[I 2026-03-30 22:50:07,717] Trial 67 finished with value: 8164.203138259788 and parameters: {'alpha_0': 0.0020492592044377973, 'alpha_1': 5.0033690280725266e-05, 'alpha_2': 0.00015874828212059214, 'beta_0': 0.12263982095915041, 'beta_1': 1.20541001158998, 'beta_2': 0.80547794207673, 'beta_3': 0.0008976012155037475, 'beta_4': 9.387079278654048e-07, 'beta_5': 0.5947332025626588, 'beta_6': 2.6906226408147113e-05, 'beta_7': 0.010024628907496553, 'beta_8': 0.008652167202672858, 'beta_9': 0.00010793487470096201, 'beta_10': 1.1017842207636967e-06}. Best is trial 55 with value: 5276.344122769001.
[I 2026-03-30 22:50:16,959] Trial 68 finished with value: 10487.47251328353 and parameters: {'alpha_0': 0.0005273614234281557, 'alpha_1': 6.406009694294858e-05, 'alpha_2': 0.00016938075257251966, 'beta_0': 0.1010422703875313, 'beta_1': 1.2429520101516507, 'beta_2': 0.6874594267908949, 'beta_3': 0.0010485898721679385, 'beta_4': 6.811916158915212e-07, 'beta_5': 0.6374813943897328, 'beta_6': 2.5169545893720702e-05, 'beta_7': 0.01423763516141611, 'beta_8': 0.021836428591758248, 'beta_9': 8.463588305632318e-05, 'beta_10': 8.489876337198881e-07}. Best is trial 55 with value: 5276.344122769001.
[I 2026-03-30 22:50:47,643] Trial 69 finished with value: 7419.212790659229 and parameters: {'alpha_0': 0.0012385251667603524, 'alpha_1': 0.0002713853153650369, 'alpha_2': 0.0001417745055246469, 'beta_0': 0.13589794874777691, 'beta_1': 1.1694425148726544, 'beta_2': 0.27711649411462697, 'beta_3': 0.0013215789519132421, 'beta_4': 9.94856025110951e-07, 'beta_5': 0.6600775665864405, 'beta_6': 3.0449891378621857e-05, 'beta_7': 0.013234859513667162, 'beta_8': 0.006928619581776918, 'beta_9': 9.353475416666066e-05, 'beta_10': 9.781871301170323e-07}. Best is trial 55 with value: 5276.344122769001.
[I 2026-03-30 22:50:57,025] Trial 70 finished with value: 8060.472173267287 and parameters: {'alpha_0': 0.0016290934019576866, 'alpha_1': 7.919847916195283e-05, 'alpha_2': 0.0001490852811301985, 'beta_0': 0.11593225740852374, 'beta_1': 1.175961192038054, 'beta_2': 0.7297403569533327, 'beta_3': 0.001190132266143023, 'beta_4': 1.337335135571197e-06, 'beta_5': 0.7704811148115455, 'beta_6': 2.8882477800376252e-05, 'beta_7': 0.01634585589136035, 'beta_8': 0.017802350203750275, 'beta_9': 0.00010418471752097213, 'beta_10': 1.1509300719559135e-06}. Best is trial 55 with value: 5276.344122769001.Best trial: 55. Best value: 5276.34:  14%|█▍        | 70/500 [25:35<3:05:19, 25.86s/it]Best trial: 55. Best value: 5276.34:  14%|█▍        | 70/500 [25:35<3:05:19, 25.86s/it]Best trial: 55. Best value: 5276.34:  14%|█▍        | 71/500 [25:35<2:29:33, 20.92s/it]                                                                                       Best trial: 55. Best value: 5276.34:  14%|█▍        | 71/500 [26:05<2:29:33, 20.92s/it]Best trial: 55. Best value: 5276.34:  14%|█▍        | 71/500 [26:05<2:29:33, 20.92s/it]Best trial: 55. Best value: 5276.34:  14%|█▍        | 72/500 [26:05<2:49:32, 23.77s/it]                                                                                       Best trial: 55. Best value: 5276.34:  14%|█▍        | 72/500 [26:36<2:49:32, 23.77s/it]Best trial: 72. Best value: 5160.43:  14%|█▍        | 72/500 [26:36<2:49:32, 23.77s/it]Best trial: 72. Best value: 5160.43:  15%|█▍        | 73/500 [26:36<3:04:02, 25.86s/it]                                                                                       Best trial: 72. Best value: 5160.43:  15%|█▍        | 73/500 [27:07<3:04:02, 25.86s/it]Best trial: 73. Best value: 5073.79:  15%|█▍        | 73/500 [27:07<3:04:02, 25.86s/it]Best trial: 73. Best value: 5073.79:  15%|█▍        | 74/500 [27:07<3:14:23, 27.38s/it]                                                                                       Best trial: 73. Best value: 5073.79:  15%|█▍        | 74/500 [27:37<3:14:23, 27.38s/it]Best trial: 74. Best value: 4599.13:  15%|█▍        | 74/500 [27:37<3:14:23, 27.38s/it]Best trial: 74. Best value: 4599.13:  15%|█▌        | 75/500 [27:37<3:20:46, 28.34s/it]                                                                                       Best trial: 74. Best value: 4599.13:  15%|█▌        | 75/500 [28:08<3:20:46, 28.34s/it]Best trial: 74. Best value: 4599.13:  15%|█▌        | 75/500 [28:08<3:20:46, 28.34s/it]Best trial: 74. Best value: 4599.13:  15%|█▌        | 76/500 [28:08<3:25:41, 29.11s/it]                                                                                       Best trial: 74. Best value: 4599.13:  15%|█▌        | 76/500 [28:39<3:25:41, 29.11s/it]Best trial: 74. Best value: 4599.13:  15%|█▌        | 76/500 [28:39<3:25:41, 29.11s/it]Best trial: 74. Best value: 4599.13:  15%|█▌        | 77/500 [28:39<3:28:35, 29.59s/it]                                                                                       Best trial: 74. Best value: 4599.13:  15%|█▌        | 77/500 [29:09<3:28:35, 29.59s/it]Best trial: 74. Best value: 4599.13:  15%|█▌        | 77/500 [29:09<3:28:35, 29.59s/it]Best trial: 74. Best value: 4599.13:  16%|█▌        | 78/500 [29:09<3:29:34, 29.80s/it]                                                                                       Best trial: 74. Best value: 4599.13:  16%|█▌        | 78/500 [29:40<3:29:34, 29.80s/it]Best trial: 74. Best value: 4599.13:  16%|█▌        | 78/500 [29:40<3:29:34, 29.80s/it]Best trial: 74. Best value: 4599.13:  16%|█▌        | 79/500 [29:40<3:30:51, 30.05s/it]                                                                                       Best trial: 74. Best value: 4599.13:  16%|█▌        | 79/500 [30:11<3:30:51, 30.05s/it]Best trial: 74. Best value: 4599.13:  16%|█▌        | 79/500 [30:11<3:30:51, 30.05s/it]Best trial: 74. Best value: 4599.13:  16%|█▌        | 80/500 [30:11<3:32:31, 30.36s/it]                                                                                       Best trial: 74. Best value: 4599.13:  16%|█▌        | 80/500 [30:42<3:32:31, 30.36s/it]Best trial: 74. Best value: 4599.13:  16%|█▌        | 80/500 [30:42<3:32:31, 30.36s/it]Best trial: 74. Best value: 4599.13:  16%|█▌        | 81/500 [30:42<3:32:57, 30.49s/it]                                                                                       Best trial: 74. Best value: 4599.13:  16%|█▌        | 81/500 [31:12<3:32:57, 30.49s/it]Best trial: 74. Best value: 4599.13:  16%|█▌        | 81/500 [31:12<3:32:57, 30.49s/it]Best trial: 74. Best value: 4599.13:  16%|█▋        | 82/500 [31:12<3:32:28, 30.50s/it]                                                                                       Best trial: 74. Best value: 4599.13:  16%|█▋        | 82/500 [31:43<3:32:28, 30.50s/it]Best trial: 74. Best value: 4599.13:  16%|█▋        | 82/500 [31:43<3:32:28, 30.50s/it]Best trial: 74. Best value: 4599.13:  17%|█▋        | 83/500 [31:43<3:32:53, 30.63s/it]                                                                                       Best trial: 74. Best value: 4599.13:  17%|█▋        | 83/500 [32:14<3:32:53, 30.63s/it]Best trial: 74. Best value: 4599.13:  17%|█▋        | 83/500 [32:14<3:32:53, 30.63s/it]Best trial: 74. Best value: 4599.13:  17%|█▋        | 84/500 [32:14<3:31:53, 30.56s/it]                                                                                       
[I 2026-03-30 22:51:27,441] Trial 71 finished with value: 5416.113748868896 and parameters: {'alpha_0': 0.0028912364946011584, 'alpha_1': 8.686244498914472e-05, 'alpha_2': 0.00017338257871627756, 'beta_0': 0.13077681607955863, 'beta_1': 1.2812143162340675, 'beta_2': 0.6281628980224946, 'beta_3': 0.0010426253797873133, 'beta_4': 8.359735390034525e-07, 'beta_5': 0.6178301981885534, 'beta_6': 2.6606173320883574e-05, 'beta_7': 0.012548070528932859, 'beta_8': 0.005479853888164056, 'beta_9': 0.00011254781846332933, 'beta_10': 1.0388798609105622e-06}. Best is trial 55 with value: 5276.344122769001.
[I 2026-03-30 22:51:58,188] Trial 72 finished with value: 5160.4330592947945 and parameters: {'alpha_0': 0.0028960923460571377, 'alpha_1': 5.616519466214383e-05, 'alpha_2': 0.0001913544697662205, 'beta_0': 0.14345490021314103, 'beta_1': 1.2961654828764324, 'beta_2': 0.6613654517418392, 'beta_3': 0.0009810040381556227, 'beta_4': 5.833430849811893e-07, 'beta_5': 0.6729794384723958, 'beta_6': 2.6875737401515415e-05, 'beta_7': 0.01201672529284557, 'beta_8': 0.005517178470530738, 'beta_9': 0.00011327829256111148, 'beta_10': 7.312831683795555e-07}. Best is trial 72 with value: 5160.4330592947945.
[I 2026-03-30 22:52:29,111] Trial 73 finished with value: 5073.788482298824 and parameters: {'alpha_0': 0.002971433018701538, 'alpha_1': 5.646768954976385e-05, 'alpha_2': 0.0001902119330355161, 'beta_0': 0.1441381551633489, 'beta_1': 1.2839050145788076, 'beta_2': 0.6777587565351911, 'beta_3': 0.0007554125409835237, 'beta_4': 7.980587522940631e-07, 'beta_5': 0.6730044360316041, 'beta_6': 2.1927861725712185e-05, 'beta_7': 0.014437444031337173, 'beta_8': 0.00541698783987501, 'beta_9': 0.00011157040507932256, 'beta_10': 1.049563563257217e-06}. Best is trial 73 with value: 5073.788482298824.
[I 2026-03-30 22:52:59,709] Trial 74 finished with value: 4599.126497223448 and parameters: {'alpha_0': 0.0022718912580739162, 'alpha_1': 5.623198358312106e-05, 'alpha_2': 0.00018921052643946674, 'beta_0': 0.14726169229337197, 'beta_1': 1.2825728759692465, 'beta_2': 0.5906733396585607, 'beta_3': 0.0007372778798635185, 'beta_4': 5.751348017841297e-07, 'beta_5': 0.7034774100091962, 'beta_6': 2.2036030157445406e-05, 'beta_7': 0.020268895531348655, 'beta_8': 0.0050402489362437585, 'beta_9': 0.0001240664554272105, 'beta_10': 1.0325998374271725e-06}. Best is trial 74 with value: 4599.126497223448.
[I 2026-03-30 22:53:30,596] Trial 75 finished with value: 4786.759107625119 and parameters: {'alpha_0': 0.0023085842341710955, 'alpha_1': 5.589998307185764e-05, 'alpha_2': 0.00019122744874956147, 'beta_0': 0.14530458122687476, 'beta_1': 1.282400554989963, 'beta_2': 0.871460233676086, 'beta_3': 0.0007284582520479186, 'beta_4': 5.735648484465539e-07, 'beta_5': 0.7123880207752373, 'beta_6': 2.1913293617992372e-05, 'beta_7': 0.019922812317741387, 'beta_8': 0.005114020196499123, 'beta_9': 0.00012327434356236873, 'beta_10': 1.2522875106257107e-06}. Best is trial 74 with value: 4599.126497223448.
[I 2026-03-30 22:54:01,304] Trial 76 finished with value: 4613.721783448055 and parameters: {'alpha_0': 0.0029277461352185605, 'alpha_1': 5.523282681283235e-05, 'alpha_2': 0.00019033127379499985, 'beta_0': 0.14761879810502915, 'beta_1': 1.2852181620965828, 'beta_2': 0.5822680189546985, 'beta_3': 0.00043045870126373983, 'beta_4': 5.753026882707916e-07, 'beta_5': 0.6760035417898657, 'beta_6': 2.190676917193364e-05, 'beta_7': 0.021161299877958513, 'beta_8': 0.005083091447776394, 'beta_9': 0.0001269250953760159, 'beta_10': 1.3907598375404297e-06}. Best is trial 74 with value: 4599.126497223448.
[I 2026-03-30 22:54:31,587] Trial 77 finished with value: 5948.113767006602 and parameters: {'alpha_0': 0.002324435346255863, 'alpha_1': 5.541961020214496e-05, 'alpha_2': 0.0001921758022863283, 'beta_0': 0.14677498697812624, 'beta_1': 1.220280121512507, 'beta_2': 0.572522741800161, 'beta_3': 0.00044346643814140445, 'beta_4': 5.639062241804126e-07, 'beta_5': 0.7239532478338763, 'beta_6': 2.2460550679271055e-05, 'beta_7': 0.02050926775541058, 'beta_8': 0.0068173885069239305, 'beta_9': 0.00012385046782083286, 'beta_10': 1.4573337460101822e-06}. Best is trial 74 with value: 4599.126497223448.
[I 2026-03-30 22:55:02,233] Trial 78 finished with value: 5174.333222979727 and parameters: {'alpha_0': 0.0024755568201625827, 'alpha_1': 5.771797349088965e-05, 'alpha_2': 0.00020226311470620569, 'beta_0': 0.14521027323774488, 'beta_1': 1.2599016145343094, 'beta_2': 0.9917653697154988, 'beta_3': 0.0006737241858189308, 'beta_4': 5.893146281053663e-07, 'beta_5': 0.6791247243986303, 'beta_6': 2.0242395078179448e-05, 'beta_7': 0.024304702485988608, 'beta_8': 0.005058577911417166, 'beta_9': 0.00013888423561863783, 'beta_10': 1.6199440878668716e-06}. Best is trial 74 with value: 4599.126497223448.
[I 2026-03-30 22:55:33,313] Trial 79 finished with value: 5598.3457879072375 and parameters: {'alpha_0': 0.0025453878076674183, 'alpha_1': 5.516627925304871e-05, 'alpha_2': 0.00020377237093186269, 'beta_0': 0.15016016772583862, 'beta_1': 1.2622457875354536, 'beta_2': 0.979224080048167, 'beta_3': 0.0003265146406877448, 'beta_4': 4.47558928426304e-07, 'beta_5': 0.7366651862778345, 'beta_6': 2.0409628624314465e-05, 'beta_7': 0.033118452536355904, 'beta_8': 0.006389132349328482, 'beta_9': 0.00014170492388959296, 'beta_10': 1.574380612404493e-06}. Best is trial 74 with value: 4599.126497223448.
[I 2026-03-30 22:56:04,121] Trial 80 finished with value: 5264.035816273923 and parameters: {'alpha_0': 0.00296768645634579, 'alpha_1': 5.1561961064944786e-05, 'alpha_2': 0.0001997317335392706, 'beta_0': 0.1470146410982777, 'beta_1': 1.3000780661206357, 'beta_2': 1.1053381262988788, 'beta_3': 0.00071689432537173, 'beta_4': 5.981416519439977e-07, 'beta_5': 0.6730956008595058, 'beta_6': 1.8132806532979246e-05, 'beta_7': 0.024057115720010427, 'beta_8': 0.005010923472938339, 'beta_9': 0.00013415402666675205, 'beta_10': 1.8937217582519245e-06}. Best is trial 74 with value: 4599.126497223448.
[I 2026-03-30 22:56:34,633] Trial 81 finished with value: 5216.138170638264 and parameters: {'alpha_0': 0.0029874686246957184, 'alpha_1': 5.16647306905682e-05, 'alpha_2': 0.00019812136939467812, 'beta_0': 0.16697906849684355, 'beta_1': 1.29907680163228, 'beta_2': 1.1304173664620738, 'beta_3': 0.0007084965688311609, 'beta_4': 6.058852265696169e-07, 'beta_5': 0.6745866975393334, 'beta_6': 1.7791703437886146e-05, 'beta_7': 0.023435294999474193, 'beta_8': 0.00505344601448902, 'beta_9': 0.0001374359076020785, 'beta_10': 1.918255275752219e-06}. Best is trial 74 with value: 4599.126497223448.
[I 2026-03-30 22:57:05,571] Trial 82 finished with value: 5031.907968715319 and parameters: {'alpha_0': 0.0029375077208334335, 'alpha_1': 5.2101298211065374e-05, 'alpha_2': 0.00019953573687826528, 'beta_0': 0.1652692613963139, 'beta_1': 1.3052317823829285, 'beta_2': 1.0987494973631993, 'beta_3': 0.0007135325768553815, 'beta_4': 5.750693304150731e-07, 'beta_5': 0.7048464638355633, 'beta_6': 1.79408326605267e-05, 'beta_7': 0.023217923415325796, 'beta_8': 0.005009729423279708, 'beta_9': 0.00013645051426008743, 'beta_10': 1.8798518763166323e-06}. Best is trial 74 with value: 4599.126497223448.
[I 2026-03-30 22:57:35,970] Trial 83 finished with value: 5946.953478867682 and parameters: {'alpha_0': 0.002982536154845264, 'alpha_1': 5.002594185984834e-05, 'alpha_2': 0.00019969040227220004, 'beta_0': 0.16930165497902455, 'beta_1': 1.2954152103364192, 'beta_2': 1.113882976910348, 'beta_3': 0.0006378648153984424, 'beta_4': 5.706034833575224e-07, 'beta_5': 0.706876565020415, 'beta_6': 1.763446237511982e-05, 'beta_7': 0.02424197797133668, 'beta_8': 0.006396346917023541, 'beta_9': 0.00013615957622524055, 'beta_10': 1.8949339409177479e-06}. Best is trial 74 with value: 4599.126497223448.
