[I 2026-03-30 22:25:21,758] A new study created in memory with name: iter11_evolved
======================================================================
INNER LOOP SETUP
======================================================================

Iteration: 11
Backend: evolved
Reasoning: Iteration 11: Basis Function Bug Fixes (Batching Inefficiency + KV Seq-Len Scaling)

Previous iteration (iter10): Catastrophic failure (loss 4267.22%, 27× worse than iter9's 160.6%).
Root cause identified: Systematic unit/scaling errors in β₁₀ (batching inefficiency) and β₃' (KV seq-len component).

Critical discoveries from iter10 analysis:
- β₁₀ functional form is CORRECT (quadratic scaling preserved: long/short ratio = 197× matches expected 200×)
- β₁₀ magnitude is WRONG (all contributions 1000× too small — factor-of-1000 error)
- β₃' magnitude is WRONG (65× too large: 65.8μs vs expected 0.1-1.0μs per token×layer)
- β₃ split concept is SOUND (β₃ reverted correctly to 0.402ms within expected 0.4-1.5ms)

Iter11 strategy:
1. Audit and fix β₁₀ basis function (lines 369-406 in evolved_model.go) — likely seconds-to-microseconds conversion error
2. Audit and fix β₃' basis function (lines 240-262 in evolved_model.go) — likely microseconds-to-seconds conversion error
3. Write unit tests BEFORE training to validate expected contributions (TestBeta10BatchingInefficiency, TestBeta3PrimeKVSeqLen)
4. Warm-start from iter9 (NOT iter10) to avoid broken coefficient artifacts
5. Maintain constrained alpha bounds to prevent spurious reduction

Expected outcome: Overall loss 160.6% → <90% (44% improvement), Scout long-sequence TTFT <60% (>31pp improvement),
β₁₀ = 0.1-1.0 ms, β₃' = 0.1-1.0 μs, β₆ revert to 15-40ms.

Modified files: ['sim/latency/evolved_model.go', 'sim/latency/evolved_model_test.go']

Verifying declared files...
  ✓ sim/latency/evolved_model.go
  ✓ sim/latency/evolved_model_test.go

Running pre-flight validation...
🔍 Validating backend 'evolved' integration...

  ✅ Backend registered in sim/bundle.go
  ✅ Auto-fetch block found in cmd/root.go
  ✅ Backend in analytical backends config loading condition
  ✅ BLIS binary is up-to-date

  🧪 Running test simulation with backend 'evolved'...
  📋 Using coefficients from iteration 11:
     Alpha: 3 coefficients
     Beta: 11 coefficients
  ✅ Test simulation succeeded

======================================================================
✅ ALL VALIDATION CHECKS PASSED
======================================================================

Backend 'evolved' is properly integrated and ready for optimization!


Coefficient bounds loaded:
  Alpha: 3 coefficients
  Beta: 11 coefficients

Python executable: /Users/dipanwitaguhathakurta/Downloads/inference-sim-package/inference-sim/.inference-sim-env/bin/python3

Compiling BLIS...
  ✓ Compilation successful (0.1s)

Setup complete. Ready to optimize evolved.
======================================================================

======================================================================
BAYESIAN OPTIMIZATION (up to 500 trials)
Early stopping: >1% improvement required in 200-trial window
Random seed: 42 (deterministic)
======================================================================
  Warm-start: Enqueued initial trial with suggested values
  0%|          | 0/500 [00:00<?, ?it/s]                                         0%|          | 0/500 [00:13<?, ?it/s]Best trial: 0. Best value: 10244.3:   0%|          | 0/500 [00:13<?, ?it/s]Best trial: 0. Best value: 10244.3:   0%|          | 1/500 [00:13<1:51:03, 13.35s/it]                                                                                     Best trial: 0. Best value: 10244.3:   0%|          | 1/500 [00:16<1:51:03, 13.35s/it]Best trial: 1. Best value: 9139.11:   0%|          | 1/500 [00:16<1:51:03, 13.35s/it]Best trial: 1. Best value: 9139.11:   0%|          | 2/500 [00:16<1:02:00,  7.47s/it]                                                                                     Best trial: 1. Best value: 9139.11:   0%|          | 2/500 [00:25<1:02:00,  7.47s/it]Best trial: 1. Best value: 9139.11:   0%|          | 2/500 [00:25<1:02:00,  7.47s/it]Best trial: 1. Best value: 9139.11:   1%|          | 3/500 [00:25<1:08:11,  8.23s/it]                                                                                     Best trial: 1. Best value: 9139.11:   1%|          | 3/500 [00:35<1:08:11,  8.23s/it]Best trial: 3. Best value: 7191.32:   1%|          | 3/500 [00:35<1:08:11,  8.23s/it]Best trial: 3. Best value: 7191.32:   1%|          | 4/500 [00:35<1:11:19,  8.63s/it]                                                                                     Best trial: 3. Best value: 7191.32:   1%|          | 4/500 [00:38<1:11:19,  8.63s/it]Best trial: 3. Best value: 7191.32:   1%|          | 4/500 [00:38<1:11:19,  8.63s/it]Best trial: 3. Best value: 7191.32:   1%|          | 5/500 [00:38<55:01,  6.67s/it]                                                                                     Best trial: 3. Best value: 7191.32:   1%|          | 5/500 [00:47<55:01,  6.67s/it]Best trial: 3. Best value: 7191.32:   1%|          | 5/500 [00:47<55:01,  6.67s/it]Best trial: 3. Best value: 7191.32:   1%|          | 6/500 [00:47<1:02:10,  7.55s/it]                                                                                     Best trial: 3. Best value: 7191.32:   1%|          | 6/500 [00:56<1:02:10,  7.55s/it]Best trial: 3. Best value: 7191.32:   1%|          | 6/500 [00:57<1:02:10,  7.55s/it]Best trial: 3. Best value: 7191.32:   1%|▏         | 7/500 [00:57<1:07:10,  8.18s/it]                                                                                     Best trial: 3. Best value: 7191.32:   1%|▏         | 7/500 [01:06<1:07:10,  8.18s/it]Best trial: 3. Best value: 7191.32:   1%|▏         | 7/500 [01:06<1:07:10,  8.18s/it]Best trial: 3. Best value: 7191.32:   2%|▏         | 8/500 [01:06<1:11:18,  8.70s/it]                                                                                     Best trial: 3. Best value: 7191.32:   2%|▏         | 8/500 [01:37<1:11:18,  8.70s/it]Best trial: 3. Best value: 7191.32:   2%|▏         | 8/500 [01:37<1:11:18,  8.70s/it]Best trial: 3. Best value: 7191.32:   2%|▏         | 9/500 [01:37<2:07:51, 15.62s/it]                                                                                     Best trial: 3. Best value: 7191.32:   2%|▏         | 9/500 [01:57<2:07:51, 15.62s/it]Best trial: 3. Best value: 7191.32:   2%|▏         | 9/500 [01:57<2:07:51, 15.62s/it]Best trial: 3. Best value: 7191.32:   2%|▏         | 10/500 [01:57<2:17:01, 16.78s/it]                                                                                      Best trial: 3. Best value: 7191.32:   2%|▏         | 10/500 [02:08<2:17:01, 16.78s/it]Best trial: 3. Best value: 7191.32:   2%|▏         | 10/500 [02:08<2:17:01, 16.78s/it]Best trial: 3. Best value: 7191.32:   2%|▏         | 11/500 [02:08<2:04:03, 15.22s/it]                                                                                      Best trial: 3. Best value: 7191.32:   2%|▏         | 11/500 [02:40<2:04:03, 15.22s/it]Best trial: 3. Best value: 7191.32:   2%|▏         | 11/500 [02:40<2:04:03, 15.22s/it]Best trial: 3. Best value: 7191.32:   2%|▏         | 12/500 [02:40<2:43:32, 20.11s/it]                                                                                      Best trial: 3. Best value: 7191.32:   2%|▏         | 12/500 [02:53<2:43:32, 20.11s/it]Best trial: 3. Best value: 7191.32:   2%|▏         | 12/500 [02:53<2:43:32, 20.11s/it]Best trial: 3. Best value: 7191.32:   3%|▎         | 13/500 [02:53<2:27:00, 18.11s/it]                                                                                      Best trial: 3. Best value: 7191.32:   3%|▎         | 13/500 [03:02<2:27:00, 18.11s/it]Best trial: 3. Best value: 7191.32:   3%|▎         | 13/500 [03:02<2:27:00, 18.11s/it]Best trial: 3. Best value: 7191.32:   3%|▎         | 14/500 [03:02<2:05:28, 15.49s/it]                                                                                      [I 2026-03-30 22:25:35,117] Trial 0 finished with value: 10244.26191444562 and parameters: {'alpha_0': 0.0008, 'alpha_1': 0.0001, 'alpha_2': 8e-05, 'beta_0': 0.1624, 'beta_1': 1.3611, 'beta_2': 0.5, 'beta_3': 0.001, 'beta_4': 5e-07, 'beta_5': 0.4658, 'beta_6': 1.98e-05, 'beta_7': 0.03, 'beta_8': 0.011, 'beta_9': 6e-05, 'beta_10': 5e-07}. Best is trial 0 with value: 10244.26191444562.
[I 2026-03-30 22:25:38,471] Trial 1 finished with value: 9139.113242801923 and parameters: {'alpha_0': 0.002185430534813131, 'alpha_1': 0.000287678576602479, 'alpha_2': 0.0001937187277803951, 'beta_0': 0.21973169683940733, 'beta_1': 1.0936111842654619, 'beta_2': 0.3137942463530128, 'beta_3': 0.0003626341140709585, 'beta_4': 1.7390434842611235e-06, 'beta_5': 0.6306132564587649, 'beta_6': 3.124217733388137e-05, 'beta_7': 0.011440914600706172, 'beta_8': 0.024398197043239887, 'beta_9': 0.00012654196971205903, 'beta_10': 4.640612658226385e-07}. Best is trial 1 with value: 9139.113242801923.
[I 2026-03-30 22:25:47,610] Trial 2 finished with value: 9676.172607026694 and parameters: {'alpha_0': 0.0013182123524319528, 'alpha_1': 9.585112746335845e-05, 'alpha_2': 0.00010389087102150293, 'beta_0': 0.20495128632644757, 'beta_1': 1.2591670111852695, 'beta_2': 0.455790597207944, 'beta_3': 0.0019131881052226625, 'beta_4': 3.2201302827148156e-07, 'beta_5': 0.46067955669437, 'beta_6': 2.0990855298810753e-05, 'beta_7': 0.04192489889519252, 'beta_8': 0.020703519227860272, 'beta_9': 3.7954329502170364e-05, 'beta_10': 1.0527571549065426e-06}. Best is trial 1 with value: 9139.113242801923.
[I 2026-03-30 22:25:56,841] Trial 3 finished with value: 7191.319139462518 and parameters: {'alpha_0': 0.0031658655598791915, 'alpha_1': 6.161260317999943e-05, 'alpha_2': 0.00016758441889930207, 'beta_0': 0.1341048247374583, 'beta_1': 1.0390309557911677, 'beta_2': 1.1463298141159999, 'beta_3': 0.0029037696926087664, 'beta_4': 1.6263748288270993e-06, 'beta_5': 0.46753757304535387, 'beta_6': 1.2930163420191518e-05, 'beta_7': 0.057896311855850986, 'beta_8': 0.013803049874792027, 'beta_9': 2.7085352878269034e-05, 'beta_10': 1.0155949747169768e-06}. Best is trial 3 with value: 7191.319139462518.
[I 2026-03-30 22:26:00,043] Trial 4 finished with value: 9309.093049323383 and parameters: {'alpha_0': 0.0006547483450184828, 'alpha_1': 0.0002773301005196955, 'alpha_2': 9.434379613600356e-05, 'beta_0': 0.23250445687079638, 'beta_1': 1.1870266456536467, 'beta_2': 0.6960714222367014, 'beta_3': 0.001730788782161183, 'beta_4': 4.1046618827477774e-07, 'beta_5': 0.8332715452705073, 'beta_6': 3.325398470083344e-05, 'beta_7': 0.07576492590949324, 'beta_8': 0.022896547008552978, 'beta_9': 9.370599703355191e-05, 'beta_10': 1.8476547582950778e-06}. Best is trial 3 with value: 7191.319139462518.
[I 2026-03-30 22:26:09,302] Trial 5 finished with value: 11253.51448814437 and parameters: {'alpha_0': 0.0008982162592336378, 'alpha_1': 9.89957156047863e-05, 'alpha_2': 4.9497730671213e-05, 'beta_0': 0.16506606615265287, 'beta_1': 1.2332063738136891, 'beta_2': 0.4349164833625907, 'beta_3': 0.0025204650256254024, 'beta_4': 7.456689870524991e-07, 'beta_5': 0.4545139803280594, 'beta_6': 2.6280882494747457e-05, 'beta_7': 0.019864695748233387, 'beta_8': 0.021043939615080793, 'beta_9': 2.0437090115167916e-05, 'beta_10': 1.9744295263710087e-06}. Best is trial 3 with value: 7191.319139462518.
[I 2026-03-30 22:26:18,763] Trial 6 finished with value: 8654.115112640824 and parameters: {'alpha_0': 0.003975101461834959, 'alpha_1': 9.967892038354309e-05, 'alpha_2': 4.115964459595651e-05, 'beta_0': 0.2630922856909668, 'beta_1': 1.4241144063085702, 'beta_2': 0.9154575264430367, 'beta_3': 0.002359556970720648, 'beta_4': 1.943870708814762e-07, 'beta_5': 0.49715615069934993, 'beta_6': 1.3476071785753893e-05, 'beta_7': 0.07041723981129155, 'beta_8': 0.01746596253655116, 'beta_9': 5.632572347937088e-05, 'beta_10': 1.739387830577461e-07}. Best is trial 3 with value: 7191.319139462518.
[I 2026-03-30 22:26:28,572] Trial 7 finished with value: 8577.73816504424 and parameters: {'alpha_0': 0.00189942044772048, 'alpha_1': 0.00013129583050668675, 'alpha_2': 0.00019321729745099347, 'beta_0': 0.2275114942710426, 'beta_1': 1.532327645545796, 'beta_2': 0.6458256714200468, 'beta_3': 0.0005348638886272448, 'beta_4': 1.4408273350848403e-06, 'beta_5': 0.7184317767392936, 'beta_6': 2.683831592708489e-05, 'beta_7': 0.06396770259681928, 'beta_8': 0.014875911927287815, 'beta_9': 8.318259611347917e-05, 'beta_10': 8.837049857991718e-07}. Best is trial 3 with value: 7191.319139462518.
[I 2026-03-30 22:26:59,428] Trial 8 finished with value: 7828.387665934428 and parameters: {'alpha_0': 0.0006143860703484283, 'alpha_1': 7.697285674832611e-05, 'alpha_2': 4.6600128994214196e-05, 'beta_0': 0.22728208225275606, 'beta_1': 1.188613588645796, 'beta_2': 0.6839992257229379, 'beta_3': 0.0027411861269930607, 'beta_4': 5.361198468403062e-07, 'beta_5': 0.5257106076695963, 'beta_6': 3.2666534156291466e-05, 'beta_7': 0.026015871584413573, 'beta_8': 0.00653959819657586, 'beta_9': 5.056520340792752e-05, 'beta_10': 3.643815101453086e-07}. Best is trial 3 with value: 7191.319139462518.
[I 2026-03-30 22:27:18,794] Trial 9 finished with value: 9224.990443878378 and parameters: {'alpha_0': 0.004683639435541579, 'alpha_1': 0.0002520300948911042, 'alpha_2': 0.00017301478886718895, 'beta_0': 0.27429211803754355, 'beta_1': 1.4822032461394687, 'beta_2': 0.3458985618303376, 'beta_3': 0.0026991651957719376, 'beta_4': 1.101717371735519e-06, 'beta_5': 0.7440920853402344, 'beta_6': 3.6882738997704803e-05, 'beta_7': 0.03226024324803047, 'beta_8': 0.007201038490553535, 'beta_9': 4.191092275587183e-05, 'beta_10': 8.828601878211998e-07}. Best is trial 3 with value: 7191.319139462518.
[I 2026-03-30 22:27:30,484] Trial 10 finished with value: 10923.7861129292 and parameters: {'alpha_0': 0.0033249075091264795, 'alpha_1': 0.000198141290840547, 'alpha_2': 0.00024360279326545188, 'beta_0': 0.1035923751229639, 'beta_1': 1.0087245250974186, 'beta_2': 1.1030480350466436, 'beta_3': 0.0012116735900370664, 'beta_4': 1.948214645641412e-06, 'beta_5': 0.3299670093579374, 'beta_6': 1.0369335086948123e-05, 'beta_7': 0.057477765982587664, 'beta_8': 0.01263951270040159, 'beta_9': 1.3354406461328353e-05, 'beta_10': 1.3838894452790187e-06}. Best is trial 3 with value: 7191.319139462518.
[I 2026-03-30 22:28:01,771] Trial 11 finished with value: 7378.866441288589 and parameters: {'alpha_0': 0.0029194357180103905, 'alpha_1': 5.5074353603316104e-05, 'alpha_2': 0.00014729178922033884, 'beta_0': 0.1046909719228703, 'beta_1': 1.1190321555842402, 'beta_2': 1.1472482263002717, 'beta_3': 0.0029513077765802647, 'beta_4': 1.0791688414085625e-06, 'beta_5': 0.5684039781194076, 'beta_6': 1.823454919847443e-05, 'beta_7': 0.0493272830423746, 'beta_8': 0.005671717698689439, 'beta_9': 6.121615555074093e-05, 'beta_10': 8.768346343813946e-08}. Best is trial 3 with value: 7191.319139462518.
[I 2026-03-30 22:28:15,285] Trial 12 finished with value: 11127.117146751536 and parameters: {'alpha_0': 0.0029825363597354073, 'alpha_1': 5.073797372198604e-05, 'alpha_2': 0.00013518406319325805, 'beta_0': 0.10051132372374041, 'beta_1': 1.015329696886326, 'beta_2': 1.1963214621089509, 'beta_3': 0.0029927240300022064, 'beta_4': 1.2491929902344844e-06, 'beta_5': 0.35604598685513644, 'beta_6': 1.6409130567067535e-05, 'beta_7': 0.05487819953137177, 'beta_8': 0.009300872207369013, 'beta_9': 0.00011357994102894966, 'beta_10': 1.4494480792030995e-06}. Best is trial 3 with value: 7191.319139462518.
[I 2026-03-30 22:28:24,722] Trial 13 finished with value: 7855.192617146229 and parameters: {'alpha_0': 0.0036731373116773505, 'alpha_1': 0.00014999517484592869, 'alpha_2': 0.0001438334051410946, 'beta_0': 0.13345840235717893, 'beta_1': 1.1159314753271152, 'beta_2': 0.9843776323176935, 'beta_3': 0.0020550478757540803, 'beta_4': 1.5730253560670724e-06, 'beta_5': 0.6064385671549528, 'beta_6': 1.765730398763235e-05, 'beta_7': 0.042693886264476275, 'beta_8': 0.016650217644880665, 'beta_9': 7.033423147581068e-05, 'beta_10': 9.057480847183284e-08}. Best is trial 3 with value: 7191.319139462518.
[I 2026-03-30 22:28:55,813] Trial 14 finished with value: 6233.151503958095 and parameters: {'alpha_0': 0.002477300691586001, 'alpha_1': 5.0655832671068234e-05, 'alpha_2': 0.00017215901986626127, 'beta_0': 0.14248632718645787, 'beta_1': 1.0976438253540168, 'beta_2': 0.8925542024946688, 'beta_3': 0.0022312528173663846, 'beta_4': 7.994846657612945e-07, 'beta_5': 0.5711421136971827, 'beta_6': 1.0710862345174963e-05, 'beta_7': 0.051344226914878034, 'beta_8': 0.005194129594858536, 'beta_9': 3.179744394959714e-05, 'beta_10': 6.746624837529378e-07}. Best is trial 14 with value: 6233.151503958095.Best trial: 3. Best value: 7191.32:   3%|▎         | 14/500 [03:34<2:05:28, 15.49s/it]Best trial: 14. Best value: 6233.15:   3%|▎         | 14/500 [03:34<2:05:28, 15.49s/it]Best trial: 14. Best value: 6233.15:   3%|▎         | 15/500 [03:34<2:43:13, 20.19s/it]                                                                                       Best trial: 14. Best value: 6233.15:   3%|▎         | 15/500 [03:43<2:43:13, 20.19s/it]Best trial: 14. Best value: 6233.15:   3%|▎         | 15/500 [03:43<2:43:13, 20.19s/it]Best trial: 14. Best value: 6233.15:   3%|▎         | 16/500 [03:43<2:17:58, 17.11s/it]                                                                                       Best trial: 14. Best value: 6233.15:   3%|▎         | 16/500 [03:58<2:17:58, 17.11s/it]Best trial: 14. Best value: 6233.15:   3%|▎         | 16/500 [03:58<2:17:58, 17.11s/it]Best trial: 14. Best value: 6233.15:   3%|▎         | 17/500 [03:58<2:10:17, 16.19s/it]                                                                                       Best trial: 14. Best value: 6233.15:   3%|▎         | 17/500 [04:07<2:10:17, 16.19s/it]Best trial: 14. Best value: 6233.15:   3%|▎         | 17/500 [04:07<2:10:17, 16.19s/it]Best trial: 14. Best value: 6233.15:   4%|▎         | 18/500 [04:07<1:53:32, 14.13s/it]                                                                                       Best trial: 14. Best value: 6233.15:   4%|▎         | 18/500 [04:16<1:53:32, 14.13s/it]Best trial: 14. Best value: 6233.15:   4%|▎         | 18/500 [04:16<1:53:32, 14.13s/it]Best trial: 14. Best value: 6233.15:   4%|▍         | 19/500 [04:16<1:41:41, 12.68s/it]                                                                                       Best trial: 14. Best value: 6233.15:   4%|▍         | 19/500 [04:30<1:41:41, 12.68s/it]Best trial: 14. Best value: 6233.15:   4%|▍         | 19/500 [04:30<1:41:41, 12.68s/it]Best trial: 14. Best value: 6233.15:   4%|▍         | 20/500 [04:30<1:43:55, 12.99s/it]                                                                                       Best trial: 14. Best value: 6233.15:   4%|▍         | 20/500 [04:39<1:43:55, 12.99s/it]Best trial: 14. Best value: 6233.15:   4%|▍         | 20/500 [04:39<1:43:55, 12.99s/it]Best trial: 14. Best value: 6233.15:   4%|▍         | 21/500 [04:39<1:35:09, 11.92s/it]                                                                                       Best trial: 14. Best value: 6233.15:   4%|▍         | 21/500 [05:10<1:35:09, 11.92s/it]Best trial: 14. Best value: 6233.15:   4%|▍         | 21/500 [05:10<1:35:09, 11.92s/it]Best trial: 14. Best value: 6233.15:   4%|▍         | 22/500 [05:10<2:20:19, 17.61s/it]                                                                                       Best trial: 14. Best value: 6233.15:   4%|▍         | 22/500 [05:41<2:20:19, 17.61s/it]Best trial: 14. Best value: 6233.15:   4%|▍         | 22/500 [05:41<2:20:19, 17.61s/it]Best trial: 14. Best value: 6233.15:   5%|▍         | 23/500 [05:41<2:50:58, 21.51s/it]                                                                                       Best trial: 14. Best value: 6233.15:   5%|▍         | 23/500 [06:12<2:50:58, 21.51s/it]Best trial: 14. Best value: 6233.15:   5%|▍         | 23/500 [06:12<2:50:58, 21.51s/it]Best trial: 14. Best value: 6233.15:   5%|▍         | 24/500 [06:12<3:12:30, 24.27s/it]                                                                                       Best trial: 14. Best value: 6233.15:   5%|▍         | 24/500 [06:29<3:12:30, 24.27s/it]Best trial: 14. Best value: 6233.15:   5%|▍         | 24/500 [06:29<3:12:30, 24.27s/it]Best trial: 14. Best value: 6233.15:   5%|▌         | 25/500 [06:29<2:57:07, 22.37s/it]                                                                                       Best trial: 14. Best value: 6233.15:   5%|▌         | 25/500 [06:43<2:57:07, 22.37s/it]Best trial: 14. Best value: 6233.15:   5%|▌         | 25/500 [06:43<2:57:07, 22.37s/it]Best trial: 14. Best value: 6233.15:   5%|▌         | 26/500 [06:43<2:35:34, 19.69s/it]                                                                                       Best trial: 14. Best value: 6233.15:   5%|▌         | 26/500 [07:14<2:35:34, 19.69s/it]Best trial: 14. Best value: 6233.15:   5%|▌         | 26/500 [07:14<2:35:34, 19.69s/it]Best trial: 14. Best value: 6233.15:   5%|▌         | 27/500 [07:14<3:01:06, 22.97s/it]                                                                                       Best trial: 14. Best value: 6233.15:   5%|▌         | 27/500 [07:45<3:01:06, 22.97s/it]Best trial: 14. Best value: 6233.15:   5%|▌         | 27/500 [07:45<3:01:06, 22.97s/it]Best trial: 14. Best value: 6233.15:   6%|▌         | 28/500 [07:45<3:19:54, 25.41s/it]                                                                                       
