[I 2026-03-31 00:30:01,309] Trial 271 finished with value: 4249.820765950507 and parameters: {'alpha_0': 0.0013196693962919896, 'alpha_1': 6.538646984783627e-05, 'alpha_2': 0.00016931735548523822, 'beta_0': 0.23318861252444498, 'beta_1': 1.091582065663383, 'beta_2': 0.35529494461725053, 'beta_3': 0.00040060138569161406, 'beta_4': 2.781528144027442e-07, 'beta_5': 0.8320961303089988, 'beta_6': 1.53108928843842e-05, 'beta_7': 0.06689257464109269, 'beta_8': 0.005003667728603763, 'beta_9': 4.828335359752299e-05, 'beta_10': 8.926227339687792e-07}. Best is trial 148 with value: 4225.3157846287695.
[I 2026-03-31 00:30:31,896] Trial 272 finished with value: 4396.796295922806 and parameters: {'alpha_0': 0.0013369719385629307, 'alpha_1': 6.296274362994608e-05, 'alpha_2': 0.00017510061840871326, 'beta_0': 0.2842800504055696, 'beta_1': 1.0956400225150027, 'beta_2': 0.40273448223542213, 'beta_3': 0.0005123322335036696, 'beta_4': 2.8381731520439663e-07, 'beta_5': 0.8338017277425561, 'beta_6': 1.70588263703717e-05, 'beta_7': 0.06876861732560104, 'beta_8': 0.0050075461650958405, 'beta_9': 4.875230691658322e-05, 'beta_10': 8.988317334007601e-07}. Best is trial 148 with value: 4225.3157846287695.
[I 2026-03-31 00:31:03,001] Trial 273 finished with value: 6862.849286597786 and parameters: {'alpha_0': 0.0014393463807871292, 'alpha_1': 6.348148932149272e-05, 'alpha_2': 0.0001798488993088073, 'beta_0': 0.2848649135970566, 'beta_1': 1.124568337700384, 'beta_2': 0.34278515937815907, 'beta_3': 0.002489446544755189, 'beta_4': 2.730797301298773e-07, 'beta_5': 0.8409154156875928, 'beta_6': 1.6213125963964362e-05, 'beta_7': 0.07177147674447856, 'beta_8': 0.005639666003857813, 'beta_9': 4.946017934881848e-05, 'beta_10': 8.869578767171933e-07}. Best is trial 148 with value: 4225.3157846287695.
[I 2026-03-31 00:31:33,788] Trial 274 finished with value: 4649.464953026145 and parameters: {'alpha_0': 0.0013230016413977, 'alpha_1': 5.8122587804766636e-05, 'alpha_2': 0.00017414269655503158, 'beta_0': 0.2866120697319875, 'beta_1': 1.0917981356547402, 'beta_2': 0.3687182021942658, 'beta_3': 0.0004323994017565358, 'beta_4': 2.706784667920539e-07, 'beta_5': 0.8341629654225015, 'beta_6': 1.6845491089026553e-05, 'beta_7': 0.06746249137689742, 'beta_8': 0.00541491073255961, 'beta_9': 4.703223290005772e-05, 'beta_10': 9.433130163594065e-07}. Best is trial 148 with value: 4225.3157846287695.
[I 2026-03-31 00:32:04,517] Trial 275 finished with value: 8237.659491979188 and parameters: {'alpha_0': 0.0013441474612068275, 'alpha_1': 6.542237876696035e-05, 'alpha_2': 0.00017646691203383207, 'beta_0': 0.2341336668133008, 'beta_1': 1.1053917323858546, 'beta_2': 0.39617743988559345, 'beta_3': 0.0028879966301589713, 'beta_4': 1.7251512028061067e-06, 'beta_5': 0.8268513982341207, 'beta_6': 1.5178556460265784e-05, 'beta_7': 0.06832898040228204, 'beta_8': 0.005925214437392426, 'beta_9': 5.2140165570054404e-05, 'beta_10': 8.939645797812775e-07}. Best is trial 148 with value: 4225.3157846287695.
[I 2026-03-31 00:32:13,822] Trial 276 finished with value: 7602.603488204013 and parameters: {'alpha_0': 0.0012315052938344877, 'alpha_1': 7.137293872653374e-05, 'alpha_2': 0.0001702884288488939, 'beta_0': 0.2810590593154785, 'beta_1': 1.0868020401609493, 'beta_2': 0.3634807585764979, 'beta_3': 0.0005200619794527194, 'beta_4': 3.6226391647016065e-07, 'beta_5': 0.849378018847065, 'beta_6': 1.724364539198144e-05, 'beta_7': 0.06640443433337748, 'beta_8': 0.015888085071459127, 'beta_9': 4.543887119822065e-05, 'beta_10': 9.712430151205044e-07}. Best is trial 148 with value: 4225.3157846287695.
[I 2026-03-31 00:32:44,548] Trial 277 finished with value: 4643.200271076719 and parameters: {'alpha_0': 0.0011038756424638118, 'alpha_1': 5.871572958924668e-05, 'alpha_2': 0.00017099240206472718, 'beta_0': 0.28885045665705056, 'beta_1': 1.0813545046892448, 'beta_2': 0.3487571326425207, 'beta_3': 0.0004692443219488978, 'beta_4': 2.3061082934339683e-07, 'beta_5': 0.8182366411406083, 'beta_6': 1.572510882200054e-05, 'beta_7': 0.06451106002085487, 'beta_8': 0.0053814066102821695, 'beta_9': 5.000404348742374e-05, 'beta_10': 9.041973854911303e-07}. Best is trial 148 with value: 4225.3157846287695.
[I 2026-03-31 00:33:15,314] Trial 278 finished with value: 4574.952870003588 and parameters: {'alpha_0': 0.0014735559219298331, 'alpha_1': 6.494305761283767e-05, 'alpha_2': 0.00016785214237481625, 'beta_0': 0.2921989082172578, 'beta_1': 1.0986786528179096, 'beta_2': 0.3168960861572635, 'beta_3': 0.000381693502603367, 'beta_4': 2.1495507462950479e-07, 'beta_5': 0.8333141125313598, 'beta_6': 1.5391693907895654e-05, 'beta_7': 0.06301698101650534, 'beta_8': 0.005398867519714166, 'beta_9': 4.333067372889311e-05, 'beta_10': 9.276099196414408e-07}. Best is trial 148 with value: 4225.3157846287695.
[I 2026-03-31 00:33:46,455] Trial 279 finished with value: 5239.9735236676115 and parameters: {'alpha_0': 0.0012813697700516274, 'alpha_1': 7.007629471854937e-05, 'alpha_2': 0.00017560720677754145, 'beta_0': 0.23215440453743433, 'beta_1': 1.0804683122513437, 'beta_2': 0.38165118622024763, 'beta_3': 0.000552529104891239, 'beta_4': 1.2160503986466935e-06, 'beta_5': 0.8268001807574747, 'beta_6': 1.611788486960609e-05, 'beta_7': 0.05829411838653909, 'beta_8': 0.005036926093708939, 'beta_9': 5.575841941039964e-05, 'beta_10': 9.8379003871284e-07}. Best is trial 148 with value: 4225.3157846287695.
[I 2026-03-31 00:34:17,400] Trial 280 finished with value: 4357.729010593252 and parameters: {'alpha_0': 0.0011697978052242876, 'alpha_1': 5.548690439754758e-05, 'alpha_2': 0.00016708228221788807, 'beta_0': 0.2872990119773017, 'beta_1': 1.0977744466061647, 'beta_2': 0.3319431884860079, 'beta_3': 0.0004903144362689046, 'beta_4': 2.474846212733807e-07, 'beta_5': 0.8123507360132931, 'beta_6': 1.5206814236933541e-05, 'beta_7': 0.07115416217835081, 'beta_8': 0.005023789477389819, 'beta_9': 4.774618533395364e-05, 'beta_10': 8.630715971420832e-07}. Best is trial 148 with value: 4225.3157846287695.Best trial: 148. Best value: 4225.32:  56%|█████▌    | 280/500 [2:08:55<1:45:00, 28.64s/it]Best trial: 148. Best value: 4225.32:  56%|█████▌    | 280/500 [2:08:55<1:45:00, 28.64s/it]Best trial: 148. Best value: 4225.32:  56%|█████▌    | 281/500 [2:08:55<1:47:03, 29.33s/it]                                                                                           Best trial: 148. Best value: 4225.32:  56%|█████▌    | 281/500 [2:09:26<1:47:03, 29.33s/it]Best trial: 148. Best value: 4225.32:  56%|█████▌    | 281/500 [2:09:26<1:47:03, 29.33s/it]Best trial: 148. Best value: 4225.32:  56%|█████▋    | 282/500 [2:09:26<1:47:59, 29.72s/it]                                                                                           Best trial: 148. Best value: 4225.32:  56%|█████▋    | 282/500 [2:09:56<1:47:59, 29.72s/it]Best trial: 282. Best value: 4201.99:  56%|█████▋    | 282/500 [2:09:56<1:47:59, 29.72s/it]Best trial: 282. Best value: 4201.99:  57%|█████▋    | 283/500 [2:09:56<1:48:04, 29.88s/it]                                                                                           Best trial: 282. Best value: 4201.99:  57%|█████▋    | 283/500 [2:10:27<1:48:04, 29.88s/it]Best trial: 282. Best value: 4201.99:  57%|█████▋    | 283/500 [2:10:27<1:48:04, 29.88s/it]Best trial: 282. Best value: 4201.99:  57%|█████▋    | 284/500 [2:10:27<1:48:59, 30.27s/it]                                                                                           Best trial: 282. Best value: 4201.99:  57%|█████▋    | 284/500 [2:10:58<1:48:59, 30.27s/it]Best trial: 282. Best value: 4201.99:  57%|█████▋    | 284/500 [2:10:58<1:48:59, 30.27s/it]Best trial: 282. Best value: 4201.99:  57%|█████▋    | 285/500 [2:10:58<1:49:01, 30.43s/it]                                                                                           Best trial: 282. Best value: 4201.99:  57%|█████▋    | 285/500 [2:11:29<1:49:01, 30.43s/it]Best trial: 282. Best value: 4201.99:  57%|█████▋    | 285/500 [2:11:29<1:49:01, 30.43s/it]Best trial: 282. Best value: 4201.99:  57%|█████▋    | 286/500 [2:11:29<1:48:46, 30.50s/it]                                                                                           Best trial: 282. Best value: 4201.99:  57%|█████▋    | 286/500 [2:12:00<1:48:46, 30.50s/it]Best trial: 282. Best value: 4201.99:  57%|█████▋    | 286/500 [2:12:00<1:48:46, 30.50s/it]Best trial: 282. Best value: 4201.99:  57%|█████▋    | 287/500 [2:12:00<1:48:57, 30.69s/it]                                                                                           Best trial: 282. Best value: 4201.99:  57%|█████▋    | 287/500 [2:12:31<1:48:57, 30.69s/it]Best trial: 282. Best value: 4201.99:  57%|█████▋    | 287/500 [2:12:31<1:48:57, 30.69s/it]Best trial: 282. Best value: 4201.99:  58%|█████▊    | 288/500 [2:12:31<1:48:30, 30.71s/it]                                                                                           Best trial: 282. Best value: 4201.99:  58%|█████▊    | 288/500 [2:13:01<1:48:30, 30.71s/it]Best trial: 282. Best value: 4201.99:  58%|█████▊    | 288/500 [2:13:02<1:48:30, 30.71s/it]Best trial: 282. Best value: 4201.99:  58%|█████▊    | 289/500 [2:13:02<1:48:13, 30.77s/it]                                                                                           Best trial: 282. Best value: 4201.99:  58%|█████▊    | 289/500 [2:13:32<1:48:13, 30.77s/it]Best trial: 282. Best value: 4201.99:  58%|█████▊    | 289/500 [2:13:32<1:48:13, 30.77s/it]Best trial: 282. Best value: 4201.99:  58%|█████▊    | 290/500 [2:13:32<1:47:26, 30.70s/it]                                                                                           Best trial: 282. Best value: 4201.99:  58%|█████▊    | 290/500 [2:14:03<1:47:26, 30.70s/it]Best trial: 282. Best value: 4201.99:  58%|█████▊    | 290/500 [2:14:03<1:47:26, 30.70s/it]Best trial: 282. Best value: 4201.99:  58%|█████▊    | 291/500 [2:14:03<1:47:05, 30.75s/it]                                                                                           Best trial: 282. Best value: 4201.99:  58%|█████▊    | 291/500 [2:14:34<1:47:05, 30.75s/it]Best trial: 282. Best value: 4201.99:  58%|█████▊    | 291/500 [2:14:34<1:47:05, 30.75s/it]Best trial: 282. Best value: 4201.99:  58%|█████▊    | 292/500 [2:14:34<1:46:34, 30.74s/it]                                                                                           Best trial: 282. Best value: 4201.99:  58%|█████▊    | 292/500 [2:14:43<1:46:34, 30.74s/it]Best trial: 282. Best value: 4201.99:  58%|█████▊    | 292/500 [2:14:43<1:46:34, 30.74s/it]Best trial: 282. Best value: 4201.99:  59%|█████▊    | 293/500 [2:14:43<1:23:52, 24.31s/it]                                                                                           Best trial: 282. Best value: 4201.99:  59%|█████▊    | 293/500 [2:14:57<1:23:52, 24.31s/it]Best trial: 282. Best value: 4201.99:  59%|█████▊    | 293/500 [2:14:57<1:23:52, 24.31s/it]Best trial: 282. Best value: 4201.99:  59%|█████▉    | 294/500 [2:14:57<1:12:34, 21.14s/it]                                                                                           
[I 2026-03-31 00:34:48,040] Trial 281 finished with value: 5242.342060765743 and parameters: {'alpha_0': 0.0009974264020561592, 'alpha_1': 5.3011432939780466e-05, 'alpha_2': 0.00017302894538911344, 'beta_0': 0.2877429188989265, 'beta_1': 1.117247853409816, 'beta_2': 0.3317694944339834, 'beta_3': 0.0005015266677257056, 'beta_4': 2.767398534715285e-07, 'beta_5': 0.8137046530313107, 'beta_6': 1.5074584355171414e-05, 'beta_7': 0.07009152806355212, 'beta_8': 0.005997124550399916, 'beta_9': 4.787961170023474e-05, 'beta_10': 8.540981546944679e-07}. Best is trial 148 with value: 4225.3157846287695.
[I 2026-03-31 00:35:18,287] Trial 282 finished with value: 4201.985286381378 and parameters: {'alpha_0': 0.001384015661451995, 'alpha_1': 5.6642333308659065e-05, 'alpha_2': 0.0001024855006441216, 'beta_0': 0.29827788408433353, 'beta_1': 1.0971379314888725, 'beta_2': 0.30908788879674065, 'beta_3': 0.0003419768770599482, 'beta_4': 2.476743902320262e-07, 'beta_5': 0.836697763140742, 'beta_6': 1.4727817451705438e-05, 'beta_7': 0.06968965463691863, 'beta_8': 0.005006240714342462, 'beta_9': 4.6324519417632304e-05, 'beta_10': 9.055149937723083e-07}. Best is trial 282 with value: 4201.985286381378.
[I 2026-03-31 00:35:49,480] Trial 283 finished with value: 4835.801438659611 and parameters: {'alpha_0': 0.0013656506431653586, 'alpha_1': 5.8830576119621855e-05, 'alpha_2': 0.00018007500506406635, 'beta_0': 0.29155753325400835, 'beta_1': 1.0952782120492521, 'beta_2': 0.31220879794500145, 'beta_3': 0.0003307745567790533, 'beta_4': 3.4478361222234585e-07, 'beta_5': 0.8453573881569135, 'beta_6': 1.5681680999662607e-05, 'beta_7': 0.07140949598539734, 'beta_8': 0.0056620484864943095, 'beta_9': 4.541355725069418e-05, 'beta_10': 8.959610605517155e-07}. Best is trial 282 with value: 4201.985286381378.
[I 2026-03-31 00:36:20,258] Trial 284 finished with value: 6583.43980645844 and parameters: {'alpha_0': 0.0015460237198565718, 'alpha_1': 5.546745831827111e-05, 'alpha_2': 0.00011442499278015998, 'beta_0': 0.2971665653141473, 'beta_1': 1.1010977474258694, 'beta_2': 0.30355552199439556, 'beta_3': 0.0015295284643791112, 'beta_4': 3.1257801544274884e-07, 'beta_5': 0.8140998363539003, 'beta_6': 1.4857434530653366e-05, 'beta_7': 0.07410541809830458, 'beta_8': 0.006337101714665179, 'beta_9': 5.231315964291424e-05, 'beta_10': 8.510430657528651e-07}. Best is trial 282 with value: 4201.985286381378.
[I 2026-03-31 00:36:50,931] Trial 285 finished with value: 4635.752958157253 and parameters: {'alpha_0': 0.001274538520414337, 'alpha_1': 5.069332637126376e-05, 'alpha_2': 0.00010456455130255802, 'beta_0': 0.2844758255663181, 'beta_1': 1.1272554545268554, 'beta_2': 0.32845101601554383, 'beta_3': 0.00041185192885151726, 'beta_4': 2.532072545972397e-07, 'beta_5': 0.8369607727437459, 'beta_6': 1.672211118880443e-05, 'beta_7': 0.06903597870300521, 'beta_8': 0.005421235977753064, 'beta_9': 4.433414831521736e-05, 'beta_10': 9.231588584297525e-07}. Best is trial 282 with value: 4201.985286381378.
[I 2026-03-31 00:37:22,070] Trial 286 finished with value: 4216.636162182869 and parameters: {'alpha_0': 0.001076429749304942, 'alpha_1': 6.320137324071091e-05, 'alpha_2': 8.688178998064195e-05, 'beta_0': 0.2984082284889852, 'beta_1': 1.115223868219263, 'beta_2': 0.3031746755902584, 'beta_3': 0.0003540528007739044, 'beta_4': 2.278133674421236e-07, 'beta_5': 0.8211205333573834, 'beta_6': 1.5404600976704027e-05, 'beta_7': 0.07027752042928428, 'beta_8': 0.005004486607578766, 'beta_9': 4.275471126590769e-05, 'beta_10': 9.200373195449142e-07}. Best is trial 282 with value: 4201.985286381378.
[I 2026-03-31 00:37:52,822] Trial 287 finished with value: 4903.114369910823 and parameters: {'alpha_0': 0.0014195963611640698, 'alpha_1': 5.971928617240402e-05, 'alpha_2': 0.00016975773621178162, 'beta_0': 0.29919953920545406, 'beta_1': 1.1362991519675352, 'beta_2': 0.3616875355429669, 'beta_3': 0.0003233165566325353, 'beta_4': 2.4760283464909853e-07, 'beta_5': 0.8224237978447572, 'beta_6': 1.6053514393360254e-05, 'beta_7': 0.0733757566659663, 'beta_8': 0.005766815254794133, 'beta_9': 4.6675426270991395e-05, 'beta_10': 8.934270832885906e-07}. Best is trial 282 with value: 4201.985286381378.
[I 2026-03-31 00:38:23,742] Trial 288 finished with value: 4245.482900542496 and parameters: {'alpha_0': 0.0012238410977744023, 'alpha_1': 6.302930801258534e-05, 'alpha_2': 4.097272232942849e-05, 'beta_0': 0.2946604985497169, 'beta_1': 1.1137522561864868, 'beta_2': 0.3171884831047058, 'beta_3': 0.0003597704564564691, 'beta_4': 2.9863181993524296e-07, 'beta_5': 0.8094390974299465, 'beta_6': 1.540159575476116e-05, 'beta_7': 0.06713510738875528, 'beta_8': 0.005010702559088535, 'beta_9': 5.0384327647373206e-05, 'beta_10': 9.452812451065651e-07}. Best is trial 282 with value: 4201.985286381378.
[I 2026-03-31 00:38:54,262] Trial 289 finished with value: 4604.265622453395 and parameters: {'alpha_0': 0.001177317535644481, 'alpha_1': 5.513826020808696e-05, 'alpha_2': 6.816383273974824e-05, 'beta_0': 0.29280472984766387, 'beta_1': 1.1049540114705791, 'beta_2': 0.32662990251394314, 'beta_3': 0.0003360781395338601, 'beta_4': 2.889398022918533e-07, 'beta_5': 0.8370527369588691, 'beta_6': 1.5411845163846835e-05, 'beta_7': 0.0678903580549858, 'beta_8': 0.005447178766661849, 'beta_9': 5.1121112045525765e-05, 'beta_10': 8.682292463993305e-07}. Best is trial 282 with value: 4201.985286381378.
[I 2026-03-31 00:39:25,119] Trial 290 finished with value: 4917.537975274883 and parameters: {'alpha_0': 0.0009225815240802818, 'alpha_1': 6.30133157323243e-05, 'alpha_2': 6.303229742211138e-05, 'beta_0': 0.2960393518525564, 'beta_1': 1.1139029366650908, 'beta_2': 0.30344842363227653, 'beta_3': 0.00025144329118580784, 'beta_4': 3.9003211171064417e-07, 'beta_5': 0.8102790010768818, 'beta_6': 1.6517581833585703e-05, 'beta_7': 0.07012863532994178, 'beta_8': 0.005820095019144744, 'beta_9': 4.160635770070322e-05, 'beta_10': 9.229426414809104e-07}. Best is trial 282 with value: 4201.985286381378.
[I 2026-03-31 00:39:55,853] Trial 291 finished with value: 4635.829038125622 and parameters: {'alpha_0': 0.0010942283509626177, 'alpha_1': 6.311064625626208e-05, 'alpha_2': 0.00017786475355884747, 'beta_0': 0.2995565500712661, 'beta_1': 1.1169812541335997, 'beta_2': 0.39979035722854256, 'beta_3': 0.00041615702271256935, 'beta_4': 3.3081739525889675e-07, 'beta_5': 0.30073785683221177, 'beta_6': 1.5168870800836701e-05, 'beta_7': 0.06662560445545529, 'beta_8': 0.005387428542816945, 'beta_9': 4.924583318335486e-05, 'beta_10': 9.54622678528858e-07}. Best is trial 282 with value: 4201.985286381378.
[I 2026-03-31 00:40:05,165] Trial 292 finished with value: 7514.150093261673 and parameters: {'alpha_0': 0.0013072578850454638, 'alpha_1': 5.5837544341464706e-05, 'alpha_2': 0.00011754020956934968, 'beta_0': 0.28873660645191024, 'beta_1': 1.093060009495829, 'beta_2': 0.33830941163863293, 'beta_3': 0.0003669315843331654, 'beta_4': 2.250483279926031e-07, 'beta_5': 0.8224095914271542, 'beta_6': 1.7474066049083123e-05, 'beta_7': 0.07011368753211793, 'beta_8': 0.017258485179328625, 'beta_9': 5.409520575277966e-05, 'beta_10': 9.258944930660613e-07}. Best is trial 282 with value: 4201.985286381378.
[I 2026-03-31 00:40:18,892] Trial 293 finished with value: 9721.186884902274 and parameters: {'alpha_0': 0.0012134075224049443, 'alpha_1': 6.29965867510352e-05, 'alpha_2': 4.41614922201441e-05, 'beta_0': 0.2952691431911396, 'beta_1': 1.1326700951677628, 'beta_2': 0.31728571858111265, 'beta_3': 0.00044790123055919376, 'beta_4': 2.9068193792501376e-07, 'beta_5': 0.8328762174098907, 'beta_6': 1.5834656623582863e-05, 'beta_7': 0.0670736900144133, 'beta_8': 0.010785608460171119, 'beta_9': 4.2712369140383774e-05, 'beta_10': 8.747320766885992e-07}. Best is trial 282 with value: 4201.985286381378.
