[I 2026-03-31 00:40:49,694] Trial 294 finished with value: 5259.210484757357 and parameters: {'alpha_0': 0.0010118459752437962, 'alpha_1': 6.695057819532442e-05, 'alpha_2': 8.185280129177774e-05, 'beta_0': 0.29904686159426574, 'beta_1': 1.109519164703981, 'beta_2': 0.28326314097887445, 'beta_3': 0.0003676247469860351, 'beta_4': 2.2884975917418863e-07, 'beta_5': 0.8112051536911281, 'beta_6': 1.4843617438573224e-05, 'beta_7': 0.06452129443927562, 'beta_8': 0.006151009155767713, 'beta_9': 4.7630317646697624e-05, 'beta_10': 9.62232788483037e-07}. Best is trial 282 with value: 4201.985286381378.Best trial: 282. Best value: 4201.99:  59%|█████▉    | 294/500 [2:15:27<1:12:34, 21.14s/it]Best trial: 282. Best value: 4201.99:  59%|█████▉    | 294/500 [2:15:27<1:12:34, 21.14s/it]Best trial: 282. Best value: 4201.99:  59%|█████▉    | 295/500 [2:15:27<1:22:07, 24.04s/it]                                                                                           Best trial: 282. Best value: 4201.99:  59%|█████▉    | 295/500 [2:15:58<1:22:07, 24.04s/it]Best trial: 282. Best value: 4201.99:  59%|█████▉    | 295/500 [2:15:58<1:22:07, 24.04s/it]Best trial: 282. Best value: 4201.99:  59%|█████▉    | 296/500 [2:15:58<1:28:42, 26.09s/it]                                                                                           Best trial: 282. Best value: 4201.99:  59%|█████▉    | 296/500 [2:16:29<1:28:42, 26.09s/it]Best trial: 282. Best value: 4201.99:  59%|█████▉    | 296/500 [2:16:29<1:28:42, 26.09s/it]Best trial: 282. Best value: 4201.99:  59%|█████▉    | 297/500 [2:16:29<1:32:53, 27.45s/it]                                                                                           Best trial: 282. Best value: 4201.99:  59%|█████▉    | 297/500 [2:17:00<1:32:53, 27.45s/it]Best trial: 282. Best value: 4201.99:  59%|█████▉    | 297/500 [2:17:00<1:32:53, 27.45s/it]Best trial: 282. Best value: 4201.99:  60%|█████▉    | 298/500 [2:17:00<1:35:36, 28.40s/it]                                                                                           Best trial: 282. Best value: 4201.99:  60%|█████▉    | 298/500 [2:17:30<1:35:36, 28.40s/it]Best trial: 282. Best value: 4201.99:  60%|█████▉    | 298/500 [2:17:30<1:35:36, 28.40s/it]Best trial: 282. Best value: 4201.99:  60%|█████▉    | 299/500 [2:17:30<1:37:30, 29.10s/it]                                                                                           Best trial: 282. Best value: 4201.99:  60%|█████▉    | 299/500 [2:18:01<1:37:30, 29.10s/it]Best trial: 282. Best value: 4201.99:  60%|█████▉    | 299/500 [2:18:01<1:37:30, 29.10s/it]Best trial: 282. Best value: 4201.99:  60%|██████    | 300/500 [2:18:01<1:38:54, 29.67s/it]                                                                                           Best trial: 282. Best value: 4201.99:  60%|██████    | 300/500 [2:18:32<1:38:54, 29.67s/it]Best trial: 282. Best value: 4201.99:  60%|██████    | 300/500 [2:18:32<1:38:54, 29.67s/it]Best trial: 282. Best value: 4201.99:  60%|██████    | 301/500 [2:18:32<1:39:49, 30.10s/it]                                                                                           Best trial: 282. Best value: 4201.99:  60%|██████    | 301/500 [2:19:03<1:39:49, 30.10s/it]Best trial: 282. Best value: 4201.99:  60%|██████    | 301/500 [2:19:04<1:39:49, 30.10s/it]Best trial: 282. Best value: 4201.99:  60%|██████    | 302/500 [2:19:04<1:40:18, 30.40s/it]                                                                                           Best trial: 282. Best value: 4201.99:  60%|██████    | 302/500 [2:19:34<1:40:18, 30.40s/it]Best trial: 282. Best value: 4201.99:  60%|██████    | 302/500 [2:19:34<1:40:18, 30.40s/it]Best trial: 282. Best value: 4201.99:  61%|██████    | 303/500 [2:19:34<1:39:44, 30.38s/it]                                                                                           Best trial: 282. Best value: 4201.99:  61%|██████    | 303/500 [2:20:05<1:39:44, 30.38s/it]Best trial: 282. Best value: 4201.99:  61%|██████    | 303/500 [2:20:05<1:39:44, 30.38s/it]Best trial: 282. Best value: 4201.99:  61%|██████    | 304/500 [2:20:05<1:39:44, 30.53s/it]                                                                                           Best trial: 282. Best value: 4201.99:  61%|██████    | 304/500 [2:20:35<1:39:44, 30.53s/it]Best trial: 282. Best value: 4201.99:  61%|██████    | 304/500 [2:20:35<1:39:44, 30.53s/it]Best trial: 282. Best value: 4201.99:  61%|██████    | 305/500 [2:20:35<1:39:12, 30.52s/it]                                                                                           Best trial: 282. Best value: 4201.99:  61%|██████    | 305/500 [2:21:06<1:39:12, 30.52s/it]Best trial: 305. Best value: 4084.44:  61%|██████    | 305/500 [2:21:06<1:39:12, 30.52s/it]Best trial: 305. Best value: 4084.44:  61%|██████    | 306/500 [2:21:06<1:38:56, 30.60s/it]                                                                                           Best trial: 305. Best value: 4084.44:  61%|██████    | 306/500 [2:21:37<1:38:56, 30.60s/it]Best trial: 305. Best value: 4084.44:  61%|██████    | 306/500 [2:21:37<1:38:56, 30.60s/it]Best trial: 305. Best value: 4084.44:  61%|██████▏   | 307/500 [2:21:37<1:38:48, 30.72s/it]                                                                                           Best trial: 305. Best value: 4084.44:  61%|██████▏   | 307/500 [2:22:08<1:38:48, 30.72s/it]Best trial: 305. Best value: 4084.44:  61%|██████▏   | 307/500 [2:22:08<1:38:48, 30.72s/it]Best trial: 305. Best value: 4084.44:  62%|██████▏   | 308/500 [2:22:08<1:38:15, 30.71s/it]                                                                                           
[I 2026-03-31 00:41:20,578] Trial 295 finished with value: 4442.5550494441895 and parameters: {'alpha_0': 0.0013863997497004141, 'alpha_1': 5.813337634702136e-05, 'alpha_2': 9.479350583464897e-05, 'beta_0': 0.2897500080843285, 'beta_1': 1.0866110489040832, 'beta_2': 0.3701159219663696, 'beta_3': 0.0003054038152296237, 'beta_4': 2.1452749707043156e-07, 'beta_5': 0.8496764287514579, 'beta_6': 1.4751725940863455e-05, 'beta_7': 0.05774434633398136, 'beta_8': 0.005362693742425297, 'beta_9': 5.1142056467463496e-05, 'beta_10': 8.180257883471268e-07}. Best is trial 282 with value: 4201.985286381378.
[I 2026-03-31 00:41:51,214] Trial 296 finished with value: 4991.114876139362 and parameters: {'alpha_0': 0.001107548961698307, 'alpha_1': 6.667200421030997e-05, 'alpha_2': 8.858013735351902e-05, 'beta_0': 0.28339332546267393, 'beta_1': 1.0996387751373244, 'beta_2': 0.347438080239428, 'beta_3': 0.0004711537540836641, 'beta_4': 2.603246393854403e-07, 'beta_5': 0.8196839668573886, 'beta_6': 1.524713657661291e-05, 'beta_7': 0.07329327399893117, 'beta_8': 0.005684302588450803, 'beta_9': 3.9524388084063545e-05, 'beta_10': 9.82714379615841e-07}. Best is trial 282 with value: 4201.985286381378.
[I 2026-03-31 00:42:21,817] Trial 297 finished with value: 4217.520062708436 and parameters: {'alpha_0': 0.0011992638240149957, 'alpha_1': 5.071584175365815e-05, 'alpha_2': 5.775939875737926e-05, 'beta_0': 0.2938938765767636, 'beta_1': 1.0843720357192201, 'beta_2': 0.31219342209680506, 'beta_3': 0.0003962697265637433, 'beta_4': 1.9237350216883502e-07, 'beta_5': 0.8063567029298968, 'beta_6': 1.648659751779783e-05, 'beta_7': 0.06894067321529586, 'beta_8': 0.005003533180791223, 'beta_9': 4.54809840186109e-05, 'beta_10': 9.147828018679548e-07}. Best is trial 282 with value: 4201.985286381378.
[I 2026-03-31 00:42:52,569] Trial 298 finished with value: 4241.454816754858 and parameters: {'alpha_0': 0.0011945831844152163, 'alpha_1': 5.422137247110185e-05, 'alpha_2': 6.497610689738741e-05, 'beta_0': 0.2948614466090232, 'beta_1': 1.0847898603286883, 'beta_2': 0.31190601163813264, 'beta_3': 0.00039617187290495205, 'beta_4': 1.9460129935352398e-07, 'beta_5': 0.8066120840758166, 'beta_6': 1.626722299480345e-05, 'beta_7': 0.06893556001272107, 'beta_8': 0.005019195989999492, 'beta_9': 4.2628666939754765e-05, 'beta_10': 8.998165094928857e-07}. Best is trial 282 with value: 4201.985286381378.
[I 2026-03-31 00:43:23,571] Trial 299 finished with value: 4529.6594370118055 and parameters: {'alpha_0': 0.001310607173111794, 'alpha_1': 5.0601765056401266e-05, 'alpha_2': 4.113036038639452e-05, 'beta_0': 0.2938067142460618, 'beta_1': 1.0835260335812391, 'beta_2': 0.31371434470304166, 'beta_3': 0.0003723945654813159, 'beta_4': 1.9783543180552587e-07, 'beta_5': 0.8267495871772162, 'beta_6': 1.6488420095565365e-05, 'beta_7': 0.07127433993058845, 'beta_8': 0.005367220715126115, 'beta_9': 4.2634803720925315e-05, 'beta_10': 8.317765578723193e-07}. Best is trial 282 with value: 4201.985286381378.
[I 2026-03-31 00:43:54,664] Trial 300 finished with value: 5605.725965455083 and parameters: {'alpha_0': 0.0012080645528579576, 'alpha_1': 5.5267458833962095e-05, 'alpha_2': 5.741203104709253e-05, 'beta_0': 0.29353986860333764, 'beta_1': 1.0891729144530113, 'beta_2': 0.33445228143259165, 'beta_3': 0.00042735455498659435, 'beta_4': 3.1473640507428464e-07, 'beta_5': 0.8061683515555533, 'beta_6': 1.7024720260277048e-05, 'beta_7': 0.06952493800643182, 'beta_8': 0.006408915403522458, 'beta_9': 4.8027198265340614e-05, 'beta_10': 8.937851459418619e-07}. Best is trial 282 with value: 4201.985286381378.
[I 2026-03-31 00:44:25,760] Trial 301 finished with value: 4934.639148494321 and parameters: {'alpha_0': 0.0014713288529577995, 'alpha_1': 5.046018434667712e-05, 'alpha_2': 4.993474231638534e-05, 'beta_0': 0.29931103194228126, 'beta_1': 1.1164694782815778, 'beta_2': 0.36022655580023855, 'beta_3': 0.00029692882160707747, 'beta_4': 2.4864492830041174e-07, 'beta_5': 0.8390325854589582, 'beta_6': 1.59841061841394e-05, 'beta_7': 0.06816031966122323, 'beta_8': 0.005843510983684956, 'beta_9': 4.0593938056957363e-05, 'beta_10': 9.285969968336445e-07}. Best is trial 282 with value: 4201.985286381378.
[I 2026-03-31 00:44:56,089] Trial 302 finished with value: 4582.767228778643 and parameters: {'alpha_0': 0.0011793266656443526, 'alpha_1': 5.962682299622649e-05, 'alpha_2': 5.2081261548644516e-05, 'beta_0': 0.2890609384364783, 'beta_1': 1.0996075956198368, 'beta_2': 0.3081658580607509, 'beta_3': 0.00041650399729287603, 'beta_4': 1.8975844757086432e-07, 'beta_5': 0.8185095197903393, 'beta_6': 1.634413572185667e-05, 'beta_7': 0.06132133925654807, 'beta_8': 0.005398131254026122, 'beta_9': 4.512320040754271e-05, 'beta_10': 8.588434420722976e-07}. Best is trial 282 with value: 4201.985286381378.
[I 2026-03-31 00:45:26,990] Trial 303 finished with value: 4455.413746080294 and parameters: {'alpha_0': 0.0013759498768741193, 'alpha_1': 0.00017745823506433212, 'alpha_2': 7.720974300690444e-05, 'beta_0': 0.29614324304524786, 'beta_1': 1.0737335996045403, 'beta_2': 0.33436332437151434, 'beta_3': 0.00038363140363605253, 'beta_4': 2.7789500827314824e-07, 'beta_5': 0.8068891579684975, 'beta_6': 1.5679671985365258e-05, 'beta_7': 0.06718285404506741, 'beta_8': 0.0050179613819760814, 'beta_9': 5.093240224908357e-05, 'beta_10': 9.044168131530492e-07}. Best is trial 282 with value: 4201.985286381378.
[I 2026-03-31 00:45:57,489] Trial 304 finished with value: 4691.442254450372 and parameters: {'alpha_0': 0.0011176025325735437, 'alpha_1': 5.537982822719821e-05, 'alpha_2': 5.5063772586194406e-05, 'beta_0': 0.29181132289482653, 'beta_1': 1.0833250433804624, 'beta_2': 0.30456693013698294, 'beta_3': 0.0004779879041891261, 'beta_4': 2.1558696776915012e-07, 'beta_5': 0.8287246412717026, 'beta_6': 1.765101300960756e-05, 'beta_7': 0.06582418611148899, 'beta_8': 0.005422089789034668, 'beta_9': 3.846376684518867e-05, 'beta_10': 9.929176141431003e-07}. Best is trial 282 with value: 4201.985286381378.
[I 2026-03-31 00:46:28,268] Trial 305 finished with value: 4084.4379324804377 and parameters: {'alpha_0': 0.0012476477554458753, 'alpha_1': 6.26620043954172e-05, 'alpha_2': 7.565239260521516e-05, 'beta_0': 0.28607230278288415, 'beta_1': 1.106639900397992, 'beta_2': 0.38249274982569786, 'beta_3': 0.0002066754968816178, 'beta_4': 2.51874841765241e-07, 'beta_5': 0.8149808674175666, 'beta_6': 1.551020503894682e-05, 'beta_7': 0.059268519878091286, 'beta_8': 0.0050067306872606685, 'beta_9': 4.445208354343463e-05, 'beta_10': 9.496446597327716e-07}. Best is trial 305 with value: 4084.4379324804377.
[I 2026-03-31 00:46:59,255] Trial 306 finished with value: 5000.16844865368 and parameters: {'alpha_0': 0.0010223214185491065, 'alpha_1': 5.920481400398212e-05, 'alpha_2': 6.347325027345858e-05, 'beta_0': 0.2779165204263307, 'beta_1': 1.0969266342499915, 'beta_2': 0.3847233426988135, 'beta_3': 0.00024719072753440067, 'beta_4': 2.998251994897802e-07, 'beta_5': 0.8169772639664786, 'beta_6': 1.6924455799667787e-05, 'beta_7': 0.05894409367346534, 'beta_8': 0.005972718230393949, 'beta_9': 4.74225532451248e-05, 'beta_10': 9.486312334292313e-07}. Best is trial 305 with value: 4084.4379324804377.
[I 2026-03-31 00:47:29,940] Trial 307 finished with value: 4116.436125753725 and parameters: {'alpha_0': 0.0012155819472293354, 'alpha_1': 6.26972753484826e-05, 'alpha_2': 6.506416130727532e-05, 'beta_0': 0.28760314494597905, 'beta_1': 1.1106939890464185, 'beta_2': 0.40329539124646663, 'beta_3': 0.00021128445862859507, 'beta_4': 2.659916757820993e-07, 'beta_5': 0.8359515389180215, 'beta_6': 1.5537973389391084e-05, 'beta_7': 0.0720153516215282, 'beta_8': 0.005010555832482167, 'beta_9': 5.334425601705166e-05, 'beta_10': 8.772147876371799e-07}. Best is trial 305 with value: 4084.4379324804377.
[I 2026-03-31 00:48:00,501] Trial 308 finished with value: 4149.130052250768 and parameters: {'alpha_0': 0.0013402760526532395, 'alpha_1': 6.234142462641911e-05, 'alpha_2': 7.54698046794621e-05, 'beta_0': 0.28484445204820436, 'beta_1': 1.1301103400170693, 'beta_2': 0.41215803926567135, 'beta_3': 0.00020535297032143847, 'beta_4': 3.5390248914391507e-07, 'beta_5': 0.8340429948263313, 'beta_6': 1.609368952890944e-05, 'beta_7': 0.07101611130587576, 'beta_8': 0.00500186405452928, 'beta_9': 5.734294141797216e-05, 'beta_10': 8.438648576151556e-07}. Best is trial 305 with value: 4084.4379324804377.Best trial: 305. Best value: 4084.44:  62%|██████▏   | 308/500 [2:22:38<1:38:15, 30.71s/it]Best trial: 305. Best value: 4084.44:  62%|██████▏   | 308/500 [2:22:38<1:38:15, 30.71s/it]Best trial: 305. Best value: 4084.44:  62%|██████▏   | 309/500 [2:22:38<1:37:36, 30.66s/it]                                                                                           Best trial: 305. Best value: 4084.44:  62%|██████▏   | 309/500 [2:22:48<1:37:36, 30.66s/it]Best trial: 305. Best value: 4084.44:  62%|██████▏   | 309/500 [2:22:48<1:37:36, 30.66s/it]Best trial: 305. Best value: 4084.44:  62%|██████▏   | 310/500 [2:22:48<1:16:53, 24.28s/it]                                                                                           Best trial: 305. Best value: 4084.44:  62%|██████▏   | 310/500 [2:23:19<1:16:53, 24.28s/it]Best trial: 305. Best value: 4084.44:  62%|██████▏   | 310/500 [2:23:19<1:16:53, 24.28s/it]Best trial: 305. Best value: 4084.44:  62%|██████▏   | 311/500 [2:23:19<1:22:53, 26.32s/it]                                                                                           Best trial: 305. Best value: 4084.44:  62%|██████▏   | 311/500 [2:23:49<1:22:53, 26.32s/it]Best trial: 305. Best value: 4084.44:  62%|██████▏   | 311/500 [2:23:49<1:22:53, 26.32s/it]Best trial: 305. Best value: 4084.44:  62%|██████▏   | 312/500 [2:23:49<1:26:26, 27.59s/it]                                                                                           Best trial: 305. Best value: 4084.44:  62%|██████▏   | 312/500 [2:24:20<1:26:26, 27.59s/it]Best trial: 305. Best value: 4084.44:  62%|██████▏   | 312/500 [2:24:20<1:26:26, 27.59s/it]Best trial: 305. Best value: 4084.44:  63%|██████▎   | 313/500 [2:24:20<1:29:03, 28.57s/it]                                                                                           Best trial: 305. Best value: 4084.44:  63%|██████▎   | 313/500 [2:24:51<1:29:03, 28.57s/it]Best trial: 305. Best value: 4084.44:  63%|██████▎   | 313/500 [2:24:51<1:29:03, 28.57s/it]Best trial: 305. Best value: 4084.44:  63%|██████▎   | 314/500 [2:24:51<1:30:17, 29.13s/it]                                                                                           Best trial: 305. Best value: 4084.44:  63%|██████▎   | 314/500 [2:25:21<1:30:17, 29.13s/it]Best trial: 305. Best value: 4084.44:  63%|██████▎   | 314/500 [2:25:21<1:30:17, 29.13s/it]Best trial: 305. Best value: 4084.44:  63%|██████▎   | 315/500 [2:25:21<1:31:13, 29.58s/it]                                                                                           Best trial: 305. Best value: 4084.44:  63%|██████▎   | 315/500 [2:25:52<1:31:13, 29.58s/it]Best trial: 305. Best value: 4084.44:  63%|██████▎   | 315/500 [2:25:52<1:31:13, 29.58s/it]Best trial: 305. Best value: 4084.44:  63%|██████▎   | 316/500 [2:25:52<1:31:46, 29.93s/it]                                                                                           Best trial: 305. Best value: 4084.44:  63%|██████▎   | 316/500 [2:26:23<1:31:46, 29.93s/it]Best trial: 305. Best value: 4084.44:  63%|██████▎   | 316/500 [2:26:23<1:31:46, 29.93s/it]Best trial: 305. Best value: 4084.44:  63%|██████▎   | 317/500 [2:26:23<1:32:05, 30.19s/it]                                                                                           Best trial: 305. Best value: 4084.44:  63%|██████▎   | 317/500 [2:26:53<1:32:05, 30.19s/it]Best trial: 305. Best value: 4084.44:  63%|██████▎   | 317/500 [2:26:53<1:32:05, 30.19s/it]Best trial: 305. Best value: 4084.44:  64%|██████▎   | 318/500 [2:26:53<1:31:53, 30.29s/it]                                                                                           Best trial: 305. Best value: 4084.44:  64%|██████▎   | 318/500 [2:27:24<1:31:53, 30.29s/it]Best trial: 305. Best value: 4084.44:  64%|██████▎   | 318/500 [2:27:24<1:31:53, 30.29s/it]Best trial: 305. Best value: 4084.44:  64%|██████▍   | 319/500 [2:27:24<1:31:59, 30.50s/it]                                                                                           Best trial: 305. Best value: 4084.44:  64%|██████▍   | 319/500 [2:27:55<1:31:59, 30.50s/it]Best trial: 305. Best value: 4084.44:  64%|██████▍   | 319/500 [2:27:55<1:31:59, 30.50s/it]Best trial: 305. Best value: 4084.44:  64%|██████▍   | 320/500 [2:27:55<1:31:32, 30.51s/it]                                                                                           Best trial: 305. Best value: 4084.44:  64%|██████▍   | 320/500 [2:28:25<1:31:32, 30.51s/it]Best trial: 305. Best value: 4084.44:  64%|██████▍   | 320/500 [2:28:25<1:31:32, 30.51s/it]Best trial: 305. Best value: 4084.44:  64%|██████▍   | 321/500 [2:28:25<1:30:52, 30.46s/it]                                                                                           Best trial: 305. Best value: 4084.44:  64%|██████▍   | 321/500 [2:28:56<1:30:52, 30.46s/it]Best trial: 305. Best value: 4084.44:  64%|██████▍   | 321/500 [2:28:56<1:30:52, 30.46s/it]Best trial: 305. Best value: 4084.44:  64%|██████▍   | 322/500 [2:28:56<1:30:37, 30.55s/it]                                                                                           
[I 2026-03-31 00:48:09,893] Trial 309 finished with value: 7639.555709542286 and parameters: {'alpha_0': 0.0013514970615897417, 'alpha_1': 6.206716951315374e-05, 'alpha_2': 7.35963300823355e-05, 'beta_0': 0.2873575126746425, 'beta_1': 1.1503793858750313, 'beta_2': 0.4089295116592589, 'beta_3': 0.0002160088411800193, 'beta_4': 3.2329557102021647e-07, 'beta_5': 0.8445883373848296, 'beta_6': 1.6516959564978727e-05, 'beta_7': 0.07242976453031132, 'beta_8': 0.018621894722837075, 'beta_9': 5.263491232151964e-05, 'beta_10': 8.268145482135221e-07}. Best is trial 305 with value: 4084.4379324804377.
[I 2026-03-31 00:48:40,956] Trial 310 finished with value: 4686.974755489769 and parameters: {'alpha_0': 0.0015013055861145277, 'alpha_1': 5.4764782569931294e-05, 'alpha_2': 7.521036528574884e-05, 'beta_0': 0.2912245129622761, 'beta_1': 1.1329558547724117, 'beta_2': 0.4057520280944798, 'beta_3': 0.00021997958421371053, 'beta_4': 2.792293081359784e-07, 'beta_5': 0.8331545658024808, 'beta_6': 1.6246612100921313e-05, 'beta_7': 0.07126865896271622, 'beta_8': 0.0056659300892614875, 'beta_9': 5.367301551781779e-05, 'beta_10': 8.913387733582789e-07}. Best is trial 305 with value: 4084.4379324804377.
[I 2026-03-31 00:49:11,517] Trial 311 finished with value: 4165.849457773542 and parameters: {'alpha_0': 0.0012800315137651884, 'alpha_1': 5.015749127201355e-05, 'alpha_2': 6.195521482956729e-05, 'beta_0': 0.2858681250738609, 'beta_1': 1.1222357759651276, 'beta_2': 0.37844324037943716, 'beta_3': 0.00026881775247752004, 'beta_4': 3.608821868838938e-07, 'beta_5': 0.8430550840057616, 'beta_6': 1.572014924302337e-05, 'beta_7': 0.07467392623011132, 'beta_8': 0.00500310534900046, 'beta_9': 5.7620698791235204e-05, 'beta_10': 8.413530957447036e-07}. Best is trial 305 with value: 4084.4379324804377.
[I 2026-03-31 00:49:42,388] Trial 312 finished with value: 4775.227431511398 and parameters: {'alpha_0': 0.0012847718328013239, 'alpha_1': 5.304306404834614e-05, 'alpha_2': 6.189727598087514e-05, 'beta_0': 0.28612301908474125, 'beta_1': 1.122310914699676, 'beta_2': 0.44678459174378704, 'beta_3': 0.00030858255868154326, 'beta_4': 3.602498958391861e-07, 'beta_5': 0.8412698630746811, 'beta_6': 1.7143645220781275e-05, 'beta_7': 0.07644036550923529, 'beta_8': 0.005613796747316517, 'beta_9': 5.70953610897292e-05, 'beta_10': 8.664038906654962e-07}. Best is trial 305 with value: 4084.4379324804377.
