[I 2026-03-30 22:58:06,727] Trial 84 finished with value: 6899.820962483018 and parameters: {'alpha_0': 0.002611055958579141, 'alpha_1': 5.616910830840475e-05, 'alpha_2': 0.00020782049402974165, 'beta_0': 0.1540839296628806, 'beta_1': 1.304568651420212, 'beta_2': 1.0982151997713152, 'beta_3': 0.0007513453614422685, 'beta_4': 6.511992864519822e-07, 'beta_5': 0.7605694122414558, 'beta_6': 1.8131628188038486e-05, 'beta_7': 0.026957094374693666, 'beta_8': 0.007342676750961966, 'beta_9': 0.00014825143715476208, 'beta_10': 1.8019302907062351e-06}. Best is trial 74 with value: 4599.126497223448.Best trial: 74. Best value: 4599.13:  17%|█▋        | 84/500 [32:44<3:31:53, 30.56s/it]Best trial: 74. Best value: 4599.13:  17%|█▋        | 84/500 [32:44<3:31:53, 30.56s/it]Best trial: 74. Best value: 4599.13:  17%|█▋        | 85/500 [32:44<3:31:47, 30.62s/it]                                                                                       Best trial: 74. Best value: 4599.13:  17%|█▋        | 85/500 [33:15<3:31:47, 30.62s/it]Best trial: 74. Best value: 4599.13:  17%|█▋        | 85/500 [33:15<3:31:47, 30.62s/it]Best trial: 74. Best value: 4599.13:  17%|█▋        | 86/500 [33:15<3:32:04, 30.74s/it]                                                                                       Best trial: 74. Best value: 4599.13:  17%|█▋        | 86/500 [33:46<3:32:04, 30.74s/it]Best trial: 74. Best value: 4599.13:  17%|█▋        | 86/500 [33:46<3:32:04, 30.74s/it]Best trial: 74. Best value: 4599.13:  17%|█▋        | 87/500 [33:46<3:31:51, 30.78s/it]                                                                                       Best trial: 74. Best value: 4599.13:  17%|█▋        | 87/500 [34:17<3:31:51, 30.78s/it]Best trial: 74. Best value: 4599.13:  17%|█▋        | 87/500 [34:17<3:31:51, 30.78s/it]Best trial: 74. Best value: 4599.13:  18%|█▊        | 88/500 [34:17<3:30:46, 30.69s/it]                                                                                       Best trial: 74. Best value: 4599.13:  18%|█▊        | 88/500 [34:48<3:30:46, 30.69s/it]Best trial: 74. Best value: 4599.13:  18%|█▊        | 88/500 [34:48<3:30:46, 30.69s/it]Best trial: 74. Best value: 4599.13:  18%|█▊        | 89/500 [34:48<3:30:44, 30.77s/it]                                                                                       Best trial: 74. Best value: 4599.13:  18%|█▊        | 89/500 [35:19<3:30:44, 30.77s/it]Best trial: 74. Best value: 4599.13:  18%|█▊        | 89/500 [35:19<3:30:44, 30.77s/it]Best trial: 74. Best value: 4599.13:  18%|█▊        | 90/500 [35:19<3:30:29, 30.80s/it]                                                                                       Best trial: 74. Best value: 4599.13:  18%|█▊        | 90/500 [35:50<3:30:29, 30.80s/it]Best trial: 74. Best value: 4599.13:  18%|█▊        | 90/500 [35:50<3:30:29, 30.80s/it]Best trial: 74. Best value: 4599.13:  18%|█▊        | 91/500 [35:50<3:30:23, 30.87s/it]                                                                                       Best trial: 74. Best value: 4599.13:  18%|█▊        | 91/500 [36:20<3:30:23, 30.87s/it]Best trial: 74. Best value: 4599.13:  18%|█▊        | 91/500 [36:20<3:30:23, 30.87s/it]Best trial: 74. Best value: 4599.13:  18%|█▊        | 92/500 [36:20<3:29:45, 30.85s/it]                                                                                       Best trial: 74. Best value: 4599.13:  18%|█▊        | 92/500 [36:51<3:29:45, 30.85s/it]Best trial: 74. Best value: 4599.13:  18%|█▊        | 92/500 [36:51<3:29:45, 30.85s/it]Best trial: 74. Best value: 4599.13:  19%|█▊        | 93/500 [36:51<3:29:03, 30.82s/it]                                                                                       Best trial: 74. Best value: 4599.13:  19%|█▊        | 93/500 [37:23<3:29:03, 30.82s/it]Best trial: 74. Best value: 4599.13:  19%|█▊        | 93/500 [37:23<3:29:03, 30.82s/it]Best trial: 74. Best value: 4599.13:  19%|█▉        | 94/500 [37:23<3:29:29, 30.96s/it]                                                                                       Best trial: 74. Best value: 4599.13:  19%|█▉        | 94/500 [37:53<3:29:29, 30.96s/it]Best trial: 74. Best value: 4599.13:  19%|█▉        | 94/500 [37:53<3:29:29, 30.96s/it]Best trial: 74. Best value: 4599.13:  19%|█▉        | 95/500 [37:53<3:28:33, 30.90s/it]                                                                                       Best trial: 74. Best value: 4599.13:  19%|█▉        | 95/500 [38:24<3:28:33, 30.90s/it]Best trial: 74. Best value: 4599.13:  19%|█▉        | 95/500 [38:24<3:28:33, 30.90s/it]Best trial: 74. Best value: 4599.13:  19%|█▉        | 96/500 [38:24<3:27:19, 30.79s/it]                                                                                       Best trial: 74. Best value: 4599.13:  19%|█▉        | 96/500 [38:54<3:27:19, 30.79s/it]Best trial: 74. Best value: 4599.13:  19%|█▉        | 96/500 [38:54<3:27:19, 30.79s/it]Best trial: 74. Best value: 4599.13:  19%|█▉        | 97/500 [38:54<3:26:24, 30.73s/it]                                                                                       Best trial: 74. Best value: 4599.13:  19%|█▉        | 97/500 [39:25<3:26:24, 30.73s/it]Best trial: 74. Best value: 4599.13:  19%|█▉        | 97/500 [39:25<3:26:24, 30.73s/it]Best trial: 74. Best value: 4599.13:  20%|█▉        | 98/500 [39:25<3:25:58, 30.74s/it]                                                                                       
[I 2026-03-30 22:58:37,731] Trial 85 finished with value: 5262.062982357646 and parameters: {'alpha_0': 0.0023704991994910334, 'alpha_1': 7.085342335250901e-05, 'alpha_2': 0.00018738998617668794, 'beta_0': 0.1459722153662099, 'beta_1': 1.2884294287745814, 'beta_2': 1.1642897049187526, 'beta_3': 0.0005879118478005277, 'beta_4': 5.912983650922698e-07, 'beta_5': 0.7031304626987569, 'beta_6': 1.726466288345699e-05, 'beta_7': 0.023721417328204212, 'beta_8': 0.0050164789018359805, 'beta_9': 0.00013783224790061175, 'beta_10': 1.7296072402402579e-06}. Best is trial 74 with value: 4599.126497223448.
[I 2026-03-30 22:59:08,614] Trial 86 finished with value: 5096.029631990248 and parameters: {'alpha_0': 0.002312494765942006, 'alpha_1': 7.072638062489048e-05, 'alpha_2': 0.00018834492051919024, 'beta_0': 0.16515037745052147, 'beta_1': 1.2700774676850115, 'beta_2': 1.1985029196887957, 'beta_3': 0.0005857063055949015, 'beta_4': 4.589545638624985e-07, 'beta_5': 0.7979060620315719, 'beta_6': 2.1652056342108176e-05, 'beta_7': 0.0317249555407096, 'beta_8': 0.005000928772108652, 'beta_9': 0.00013994532374652535, 'beta_10': 1.6947851792394337e-06}. Best is trial 74 with value: 4599.126497223448.
[I 2026-03-30 22:59:39,109] Trial 87 finished with value: 5853.551870338486 and parameters: {'alpha_0': 0.002220011331463132, 'alpha_1': 5.838905088260033e-05, 'alpha_2': 0.000189513021868366, 'beta_0': 0.16671559436180955, 'beta_1': 1.2724790665232188, 'beta_2': 1.1929229146029876, 'beta_3': 0.0005386826256126073, 'beta_4': 4.61333831189267e-07, 'beta_5': 0.8107890005198282, 'beta_6': 2.1859992333504256e-05, 'beta_7': 0.034768879440605825, 'beta_8': 0.006220329162392888, 'beta_9': 0.000128672355706303, 'beta_10': 1.7386540660274079e-06}. Best is trial 74 with value: 4599.126497223448.
[I 2026-03-30 23:00:10,041] Trial 88 finished with value: 6076.086110146385 and parameters: {'alpha_0': 0.002090758829599819, 'alpha_1': 7.16594725756037e-05, 'alpha_2': 0.00021580829869111002, 'beta_0': 0.1756573972693497, 'beta_1': 1.3087680334541232, 'beta_2': 1.0330184862440146, 'beta_3': 0.0003889641221696444, 'beta_4': 4.0425652139904514e-07, 'beta_5': 0.8486044375502098, 'beta_6': 2.0140641139126673e-05, 'beta_7': 0.01940414952925708, 'beta_8': 0.006636861390318405, 'beta_9': 0.0001441781642657685, 'beta_10': 1.9579245726390187e-06}. Best is trial 74 with value: 4599.126497223448.
[I 2026-03-30 23:00:40,935] Trial 89 finished with value: 5469.4476625629 and parameters: {'alpha_0': 0.002870902571557141, 'alpha_1': 5.874295651106313e-05, 'alpha_2': 0.00019498072745945398, 'beta_0': 0.18962966208887566, 'beta_1': 1.336864283086066, 'beta_2': 1.0518396622061206, 'beta_3': 0.0002769211051891714, 'beta_4': 5.376336298120204e-07, 'beta_5': 0.7457027593136955, 'beta_6': 2.1233648919685986e-05, 'beta_7': 0.021607774739998892, 'beta_8': 0.006083211017248546, 'beta_9': 0.00012394096635685113, 'beta_10': 1.632099718383077e-06}. Best is trial 74 with value: 4599.126497223448.
[I 2026-03-30 23:01:11,942] Trial 90 finished with value: 7055.602519290223 and parameters: {'alpha_0': 0.003269307102374313, 'alpha_1': 7.019922344732977e-05, 'alpha_2': 0.00022123750437608218, 'beta_0': 0.16439268808951393, 'beta_1': 1.2597422537218141, 'beta_2': 1.075185547362435, 'beta_3': 0.00047872146967112045, 'beta_4': 3.0032454387262694e-07, 'beta_5': 0.6464077453511885, 'beta_6': 1.95712480292896e-05, 'beta_7': 0.04277366401782829, 'beta_8': 0.007929396543886733, 'beta_9': 0.00013906597009735047, 'beta_10': 1.5264702894112428e-06}. Best is trial 74 with value: 4599.126497223448.
[I 2026-03-30 23:01:42,744] Trial 91 finished with value: 5061.350994924059 and parameters: {'alpha_0': 0.0024424399485855983, 'alpha_1': 7.052107177864497e-05, 'alpha_2': 0.00018757051945302635, 'beta_0': 0.18262096385710302, 'beta_1': 1.2851137120344172, 'beta_2': 1.1577934828937868, 'beta_3': 0.0006065019961690415, 'beta_4': 5.335708529294323e-07, 'beta_5': 0.7018398429906245, 'beta_6': 1.6116544430118602e-05, 'beta_7': 0.028566176724892044, 'beta_8': 0.005037001511967333, 'beta_9': 0.00013751653921024963, 'beta_10': 1.7024018861544936e-06}. Best is trial 74 with value: 4599.126497223448.
[I 2026-03-30 23:02:13,499] Trial 92 finished with value: 5553.614914620472 and parameters: {'alpha_0': 0.0024649457507092388, 'alpha_1': 5.9401501537875015e-05, 'alpha_2': 0.00020441776324233005, 'beta_0': 0.18500560172592362, 'beta_1': 1.2750283712880752, 'beta_2': 1.130146335958311, 'beta_3': 0.0007671454042216804, 'beta_4': 6.437237715435454e-07, 'beta_5': 0.7325689706756889, 'beta_6': 1.627023268591686e-05, 'beta_7': 0.03144688411958087, 'beta_8': 0.005301196761504999, 'beta_9': 0.0001322939590766978, 'beta_10': 1.7317045679312835e-06}. Best is trial 74 with value: 4599.126497223448.
[I 2026-03-30 23:02:44,785] Trial 93 finished with value: 5145.520958537545 and parameters: {'alpha_0': 0.0026082961194003602, 'alpha_1': 5.02460038707679e-05, 'alpha_2': 0.00021208437550692473, 'beta_0': 0.18130125367041874, 'beta_1': 1.284430026775551, 'beta_2': 1.1648596093886494, 'beta_3': 0.0006390154032701015, 'beta_4': 5.196953368196293e-07, 'beta_5': 0.7986911992041957, 'beta_6': 1.889245359922302e-05, 'beta_7': 0.025694787779886735, 'beta_8': 0.00500002176406334, 'beta_9': 0.00012766612980765447, 'beta_10': 1.6686504355331097e-06}. Best is trial 74 with value: 4599.126497223448.
[I 2026-03-30 23:03:15,541] Trial 94 finished with value: 5550.33515067729 and parameters: {'alpha_0': 0.002610746545218619, 'alpha_1': 7.295645522379633e-05, 'alpha_2': 0.00021221339129456963, 'beta_0': 0.18135691088464104, 'beta_1': 1.2545522478282995, 'beta_2': 1.1866656678004517, 'beta_3': 0.00041650497007679097, 'beta_4': 5.000659610954985e-07, 'beta_5': 0.7987413237357188, 'beta_6': 1.8908599093041403e-05, 'beta_7': 0.027529346151776025, 'beta_8': 0.006034336125112059, 'beta_9': 0.00012132543185219128, 'beta_10': 1.6429676102550306e-06}. Best is trial 74 with value: 4599.126497223448.
[I 2026-03-30 23:03:46,078] Trial 95 finished with value: 6732.2110523704505 and parameters: {'alpha_0': 0.002143890381160583, 'alpha_1': 9.470524897622375e-05, 'alpha_2': 0.000184053314364259, 'beta_0': 0.17232669391601213, 'beta_1': 1.2841560490877173, 'beta_2': 1.1538953626683077, 'beta_3': 0.0006521344787524151, 'beta_4': 3.6953168020776565e-07, 'beta_5': 0.8011017367716451, 'beta_6': 2.0984165883481902e-05, 'beta_7': 0.031012170891985352, 'beta_8': 0.007357531559140479, 'beta_9': 0.00014608912918069217, 'beta_10': 1.8123274834715558e-06}. Best is trial 74 with value: 4599.126497223448.
[I 2026-03-30 23:04:16,667] Trial 96 finished with value: 5954.192055086689 and parameters: {'alpha_0': 0.002386862753370031, 'alpha_1': 6.202442059513148e-05, 'alpha_2': 0.00020717392087419727, 'beta_0': 0.1973823014848446, 'beta_1': 1.3108920822716168, 'beta_2': 1.0757001797850063, 'beta_3': 0.0005569806558236215, 'beta_4': 5.291708232862633e-07, 'beta_5': 0.6991157351145582, 'beta_6': 2.047270665584904e-05, 'beta_7': 0.02535330150880602, 'beta_8': 0.006604804171413203, 'beta_9': 0.00012719323743930671, 'beta_10': 1.6770535394729154e-06}. Best is trial 74 with value: 4599.126497223448.
[I 2026-03-30 23:04:47,443] Trial 97 finished with value: 5190.164242142106 and parameters: {'alpha_0': 0.0022835154447322357, 'alpha_1': 6.819319393181564e-05, 'alpha_2': 0.0001780982857822374, 'beta_0': 0.158412930939044, 'beta_1': 1.3355818732420344, 'beta_2': 1.0021902179695246, 'beta_3': 0.0008144635351475649, 'beta_4': 4.145922573117814e-07, 'beta_5': 0.7800469300160585, 'beta_6': 1.8772447929061554e-05, 'beta_7': 0.02810367271042176, 'beta_8': 0.005453553502818455, 'beta_9': 0.00014179549714309428, 'beta_10': 1.5492909180576779e-06}. Best is trial 74 with value: 4599.126497223448.
[I 2026-03-30 23:05:17,770] Trial 98 finished with value: 5668.502975236085 and parameters: {'alpha_0': 0.0025374192044045505, 'alpha_1': 0.00022453571502628153, 'alpha_2': 0.00019046847801000463, 'beta_0': 0.1508036247351117, 'beta_1': 1.2685249685679556, 'beta_2': 1.1717570107719628, 'beta_3': 0.0006519272829835592, 'beta_4': 4.726966578665283e-07, 'beta_5': 0.7563116824273992, 'beta_6': 2.1998799572257655e-05, 'beta_7': 0.02915813567797445, 'beta_8': 0.005975924905432104, 'beta_9': 0.0001293228596857545, 'beta_10': 1.3869095526250334e-06}. Best is trial 74 with value: 4599.126497223448.Best trial: 74. Best value: 4599.13:  20%|█▉        | 98/500 [39:56<3:25:58, 30.74s/it]Best trial: 74. Best value: 4599.13:  20%|█▉        | 98/500 [39:56<3:25:58, 30.74s/it]Best trial: 74. Best value: 4599.13:  20%|█▉        | 99/500 [39:56<3:24:38, 30.62s/it]                                                                                       Best trial: 74. Best value: 4599.13:  20%|█▉        | 99/500 [40:26<3:24:38, 30.62s/it]Best trial: 74. Best value: 4599.13:  20%|█▉        | 99/500 [40:26<3:24:38, 30.62s/it]Best trial: 74. Best value: 4599.13:  20%|██        | 100/500 [40:26<3:23:33, 30.53s/it]                                                                                        Best trial: 74. Best value: 4599.13:  20%|██        | 100/500 [40:57<3:23:33, 30.53s/it]Best trial: 74. Best value: 4599.13:  20%|██        | 100/500 [40:57<3:23:33, 30.53s/it]Best trial: 74. Best value: 4599.13:  20%|██        | 101/500 [40:57<3:25:06, 30.84s/it]                                                                                        Best trial: 74. Best value: 4599.13:  20%|██        | 101/500 [41:28<3:25:06, 30.84s/it]Best trial: 74. Best value: 4599.13:  20%|██        | 101/500 [41:28<3:25:06, 30.84s/it]Best trial: 74. Best value: 4599.13:  20%|██        | 102/500 [41:28<3:24:03, 30.76s/it]                                                                                        Best trial: 74. Best value: 4599.13:  20%|██        | 102/500 [41:59<3:24:03, 30.76s/it]Best trial: 74. Best value: 4599.13:  20%|██        | 102/500 [41:59<3:24:03, 30.76s/it]Best trial: 74. Best value: 4599.13:  21%|██        | 103/500 [41:59<3:23:55, 30.82s/it]                                                                                        Best trial: 74. Best value: 4599.13:  21%|██        | 103/500 [42:30<3:23:55, 30.82s/it]Best trial: 74. Best value: 4599.13:  21%|██        | 103/500 [42:30<3:23:55, 30.82s/it]Best trial: 74. Best value: 4599.13:  21%|██        | 104/500 [42:30<3:23:31, 30.84s/it]                                                                                        Best trial: 74. Best value: 4599.13:  21%|██        | 104/500 [43:00<3:23:31, 30.84s/it]Best trial: 74. Best value: 4599.13:  21%|██        | 104/500 [43:00<3:23:31, 30.84s/it]Best trial: 74. Best value: 4599.13:  21%|██        | 105/500 [43:00<3:22:32, 30.77s/it]                                                                                        Best trial: 74. Best value: 4599.13:  21%|██        | 105/500 [43:31<3:22:32, 30.77s/it]Best trial: 74. Best value: 4599.13:  21%|██        | 105/500 [43:31<3:22:32, 30.77s/it]Best trial: 74. Best value: 4599.13:  21%|██        | 106/500 [43:31<3:22:08, 30.78s/it]                                                                                        Best trial: 74. Best value: 4599.13:  21%|██        | 106/500 [44:02<3:22:08, 30.78s/it]Best trial: 74. Best value: 4599.13:  21%|██        | 106/500 [44:02<3:22:08, 30.78s/it]Best trial: 74. Best value: 4599.13:  21%|██▏       | 107/500 [44:02<3:20:52, 30.67s/it]                                                                                        Best trial: 74. Best value: 4599.13:  21%|██▏       | 107/500 [44:32<3:20:52, 30.67s/it]Best trial: 74. Best value: 4599.13:  21%|██▏       | 107/500 [44:32<3:20:52, 30.67s/it]Best trial: 74. Best value: 4599.13:  22%|██▏       | 108/500 [44:32<3:20:04, 30.62s/it]                                                                                        Best trial: 74. Best value: 4599.13:  22%|██▏       | 108/500 [45:03<3:20:04, 30.62s/it]Best trial: 74. Best value: 4599.13:  22%|██▏       | 108/500 [45:03<3:20:04, 30.62s/it]Best trial: 74. Best value: 4599.13:  22%|██▏       | 109/500 [45:03<3:19:54, 30.68s/it]                                                                                        Best trial: 74. Best value: 4599.13:  22%|██▏       | 109/500 [45:34<3:19:54, 30.68s/it]Best trial: 74. Best value: 4599.13:  22%|██▏       | 109/500 [45:34<3:19:54, 30.68s/it]Best trial: 74. Best value: 4599.13:  22%|██▏       | 110/500 [45:34<3:19:54, 30.75s/it]                                                                                        Best trial: 74. Best value: 4599.13:  22%|██▏       | 110/500 [46:05<3:19:54, 30.75s/it]Best trial: 74. Best value: 4599.13:  22%|██▏       | 110/500 [46:05<3:19:54, 30.75s/it]Best trial: 74. Best value: 4599.13:  22%|██▏       | 111/500 [46:05<3:19:27, 30.77s/it]                                                                                        Best trial: 74. Best value: 4599.13:  22%|██▏       | 111/500 [46:35<3:19:27, 30.77s/it]Best trial: 74. Best value: 4599.13:  22%|██▏       | 111/500 [46:35<3:19:27, 30.77s/it]Best trial: 74. Best value: 4599.13:  22%|██▏       | 112/500 [46:35<3:18:51, 30.75s/it]                                                                                        
[I 2026-03-30 23:05:48,105] Trial 99 finished with value: 4827.893157839748 and parameters: {'alpha_0': 0.003102152562299851, 'alpha_1': 5.554729501650007e-05, 'alpha_2': 0.0001942962672296587, 'beta_0': 0.1899071409112211, 'beta_1': 1.2103129927516758, 'beta_2': 1.0131101879927378, 'beta_3': 0.00030672006482058365, 'beta_4': 6.904876867369951e-07, 'beta_5': 0.8254024581601331, 'beta_6': 1.5589386734035993e-05, 'beta_7': 0.01817831170807023, 'beta_8': 0.005393626723007423, 'beta_9': 0.00011882243138411633, 'beta_10': 1.2621305037306116e-06}. Best is trial 74 with value: 4599.126497223448.
[I 2026-03-30 23:06:19,669] Trial 100 finished with value: 6062.132429337769 and parameters: {'alpha_0': 0.0030819174481764786, 'alpha_1': 8.410829781565961e-05, 'alpha_2': 0.00019455957749372742, 'beta_0': 0.19078496008502227, 'beta_1': 1.2150850307480001, 'beta_2': 1.017444281137233, 'beta_3': 0.00033378522847142837, 'beta_4': 6.796244689280019e-07, 'beta_5': 0.8480169180959259, 'beta_6': 1.4186836818673591e-05, 'beta_7': 0.01806228580495317, 'beta_8': 0.006957194675574244, 'beta_9': 0.00013236174901792, 'beta_10': 1.2489779224668822e-06}. Best is trial 74 with value: 4599.126497223448.
[I 2026-03-30 23:06:50,247] Trial 101 finished with value: 4864.340141229973 and parameters: {'alpha_0': 0.0019744526057900186, 'alpha_1': 5.508687291891256e-05, 'alpha_2': 0.0001861690914628001, 'beta_0': 0.18284819252163872, 'beta_1': 1.255970985655603, 'beta_2': 0.5255284668535539, 'beta_3': 0.0005298654286973915, 'beta_4': 5.359872997444935e-07, 'beta_5': 0.8275523677732878, 'beta_6': 1.6162299740031707e-05, 'beta_7': 0.02118721078956176, 'beta_8': 0.005388787958783176, 'beta_9': 0.00011777887783122994, 'beta_10': 1.3047434465327679e-06}. Best is trial 74 with value: 4599.126497223448.
[I 2026-03-30 23:07:21,197] Trial 102 finished with value: 5184.009819198069 and parameters: {'alpha_0': 0.0027010253488587163, 'alpha_1': 5.452029573979583e-05, 'alpha_2': 0.00023147635635769183, 'beta_0': 0.1745216596768177, 'beta_1': 1.2286065600981326, 'beta_2': 0.515240592201234, 'beta_3': 0.00024442660546067824, 'beta_4': 5.487784626039001e-07, 'beta_5': 0.8255232763592047, 'beta_6': 1.57911638306579e-05, 'beta_7': 0.020063063895692252, 'beta_8': 0.005901846713100522, 'beta_9': 0.0001196670535987231, 'beta_10': 1.3988527960517344e-06}. Best is trial 74 with value: 4599.126497223448.
[I 2026-03-30 23:07:52,077] Trial 103 finished with value: 4816.1997172224455 and parameters: {'alpha_0': 0.0019571407971988, 'alpha_1': 6.232405009038428e-05, 'alpha_2': 0.00018646412043257936, 'beta_0': 0.18449775510449679, 'beta_1': 1.2828435445553887, 'beta_2': 1.1371470944572772, 'beta_3': 0.0004802696332397667, 'beta_4': 4.848377538394092e-07, 'beta_5': 0.8284924426091692, 'beta_6': 1.657179612883495e-05, 'beta_7': 0.02119461144375165, 'beta_8': 0.005509880910281311, 'beta_9': 0.0001249864521799396, 'beta_10': 1.2859070358862676e-06}. Best is trial 74 with value: 4599.126497223448.
