[I 2026-03-31 01:01:59,813] Trial 336 finished with value: 4515.378646682366 and parameters: {'alpha_0': 0.0015954795998105718, 'alpha_1': 0.00013724619073199524, 'alpha_2': 7.111641801747808e-05, 'beta_0': 0.29370085708486193, 'beta_1': 1.111433839450593, 'beta_2': 0.3558583558869863, 'beta_3': 0.00039790893620179267, 'beta_4': 4.373622207615659e-07, 'beta_5': 0.8359587573943277, 'beta_6': 3.491258744458821e-05, 'beta_7': 0.07931778377308946, 'beta_8': 0.0050146177992181065, 'beta_9': 5.261991122209952e-05, 'beta_10': 9.261934539571631e-07}. Best is trial 305 with value: 4084.4379324804377.Best trial: 305. Best value: 4084.44:  67%|██████▋   | 336/500 [2:36:38<1:24:17, 30.84s/it]Best trial: 305. Best value: 4084.44:  67%|██████▋   | 336/500 [2:36:38<1:24:17, 30.84s/it]Best trial: 305. Best value: 4084.44:  67%|██████▋   | 337/500 [2:36:38<1:23:31, 30.74s/it]                                                                                           Best trial: 305. Best value: 4084.44:  67%|██████▋   | 337/500 [2:37:08<1:23:31, 30.74s/it]Best trial: 305. Best value: 4084.44:  67%|██████▋   | 337/500 [2:37:08<1:23:31, 30.74s/it]Best trial: 305. Best value: 4084.44:  68%|██████▊   | 338/500 [2:37:08<1:22:59, 30.74s/it]                                                                                           Best trial: 305. Best value: 4084.44:  68%|██████▊   | 338/500 [2:37:22<1:22:59, 30.74s/it]Best trial: 305. Best value: 4084.44:  68%|██████▊   | 338/500 [2:37:22<1:22:59, 30.74s/it]Best trial: 305. Best value: 4084.44:  68%|██████▊   | 339/500 [2:37:22<1:08:33, 25.55s/it]                                                                                           Best trial: 305. Best value: 4084.44:  68%|██████▊   | 339/500 [2:37:52<1:08:33, 25.55s/it]Best trial: 305. Best value: 4084.44:  68%|██████▊   | 339/500 [2:37:52<1:08:33, 25.55s/it]Best trial: 305. Best value: 4084.44:  68%|██████▊   | 340/500 [2:37:52<1:12:00, 27.00s/it]                                                                                           Best trial: 305. Best value: 4084.44:  68%|██████▊   | 340/500 [2:38:23<1:12:00, 27.00s/it]Best trial: 305. Best value: 4084.44:  68%|██████▊   | 340/500 [2:38:23<1:12:00, 27.00s/it]Best trial: 305. Best value: 4084.44:  68%|██████▊   | 341/500 [2:38:23<1:14:33, 28.13s/it]                                                                                           Best trial: 305. Best value: 4084.44:  68%|██████▊   | 341/500 [2:38:54<1:14:33, 28.13s/it]Best trial: 305. Best value: 4084.44:  68%|██████▊   | 341/500 [2:38:54<1:14:33, 28.13s/it]Best trial: 305. Best value: 4084.44:  68%|██████▊   | 342/500 [2:38:54<1:16:10, 28.93s/it]                                                                                           Best trial: 305. Best value: 4084.44:  68%|██████▊   | 342/500 [2:39:24<1:16:10, 28.93s/it]Best trial: 305. Best value: 4084.44:  68%|██████▊   | 342/500 [2:39:25<1:16:10, 28.93s/it]Best trial: 305. Best value: 4084.44:  69%|██████▊   | 343/500 [2:39:25<1:17:09, 29.49s/it]                                                                                           Best trial: 305. Best value: 4084.44:  69%|██████▊   | 343/500 [2:39:55<1:17:09, 29.49s/it]Best trial: 305. Best value: 4084.44:  69%|██████▊   | 343/500 [2:39:55<1:17:09, 29.49s/it]Best trial: 305. Best value: 4084.44:  69%|██████▉   | 344/500 [2:39:55<1:17:41, 29.88s/it]                                                                                           Best trial: 305. Best value: 4084.44:  69%|██████▉   | 344/500 [2:40:26<1:17:41, 29.88s/it]Best trial: 305. Best value: 4084.44:  69%|██████▉   | 344/500 [2:40:26<1:17:41, 29.88s/it]Best trial: 305. Best value: 4084.44:  69%|██████▉   | 345/500 [2:40:26<1:18:03, 30.22s/it]                                                                                           Best trial: 305. Best value: 4084.44:  69%|██████▉   | 345/500 [2:40:57<1:18:03, 30.22s/it]Best trial: 305. Best value: 4084.44:  69%|██████▉   | 345/500 [2:40:57<1:18:03, 30.22s/it]Best trial: 305. Best value: 4084.44:  69%|██████▉   | 346/500 [2:40:57<1:18:07, 30.44s/it]                                                                                           Best trial: 305. Best value: 4084.44:  69%|██████▉   | 346/500 [2:41:28<1:18:07, 30.44s/it]Best trial: 305. Best value: 4084.44:  69%|██████▉   | 346/500 [2:41:28<1:18:07, 30.44s/it]Best trial: 305. Best value: 4084.44:  69%|██████▉   | 347/500 [2:41:28<1:17:51, 30.54s/it]                                                                                           Best trial: 305. Best value: 4084.44:  69%|██████▉   | 347/500 [2:41:59<1:17:51, 30.54s/it]Best trial: 305. Best value: 4084.44:  69%|██████▉   | 347/500 [2:41:59<1:17:51, 30.54s/it]Best trial: 305. Best value: 4084.44:  70%|██████▉   | 348/500 [2:41:59<1:17:24, 30.56s/it]                                                                                           Best trial: 305. Best value: 4084.44:  70%|██████▉   | 348/500 [2:42:29<1:17:24, 30.56s/it]Best trial: 305. Best value: 4084.44:  70%|██████▉   | 348/500 [2:42:30<1:17:24, 30.56s/it]Best trial: 305. Best value: 4084.44:  70%|██████▉   | 349/500 [2:42:30<1:17:10, 30.66s/it]                                                                                           Best trial: 305. Best value: 4084.44:  70%|██████▉   | 349/500 [2:43:00<1:17:10, 30.66s/it]Best trial: 305. Best value: 4084.44:  70%|██████▉   | 349/500 [2:43:00<1:17:10, 30.66s/it]Best trial: 305. Best value: 4084.44:  70%|███████   | 350/500 [2:43:00<1:16:37, 30.65s/it]                                                                                           
[I 2026-03-31 01:02:30,530] Trial 337 finished with value: 6236.274078109394 and parameters: {'alpha_0': 0.0012295472361840219, 'alpha_1': 0.00015165302682461837, 'alpha_2': 5.922687666154908e-05, 'beta_0': 0.2859694239391577, 'beta_1': 1.1271401706575213, 'beta_2': 0.37912876865793876, 'beta_3': 0.0003216802175799018, 'beta_4': 1.80432275139257e-06, 'beta_5': 0.8266834044953297, 'beta_6': 3.177766452088864e-05, 'beta_7': 0.07258843492384275, 'beta_8': 0.00539170228939111, 'beta_9': 6.0037630741077214e-05, 'beta_10': 8.827518761635425e-07}. Best is trial 305 with value: 4084.4379324804377.
[I 2026-03-31 01:02:43,980] Trial 338 finished with value: 10413.606816306914 and parameters: {'alpha_0': 0.0014356216260838436, 'alpha_1': 5.8618817758138054e-05, 'alpha_2': 6.254490791142824e-05, 'beta_0': 0.2908087123061052, 'beta_1': 1.100821893917185, 'beta_2': 0.3523628418407168, 'beta_3': 0.000265209824623553, 'beta_4': 3.084403066834207e-07, 'beta_5': 0.3929645880815194, 'beta_6': 3.7996052905434896e-05, 'beta_7': 0.07124546463901409, 'beta_8': 0.01166795899336942, 'beta_9': 5.1781757408392147e-05, 'beta_10': 8.194878520148319e-07}. Best is trial 305 with value: 4084.4379324804377.
[I 2026-03-31 01:03:14,376] Trial 339 finished with value: 5631.544622950869 and parameters: {'alpha_0': 0.003682830336789659, 'alpha_1': 5.422148316014116e-05, 'alpha_2': 5.635221779270581e-05, 'beta_0': 0.29983114496112073, 'beta_1': 1.1115558753576131, 'beta_2': 0.4134446242471891, 'beta_3': 0.0003697098472284651, 'beta_4': 1.3340608749720961e-06, 'beta_5': 0.8369461524665334, 'beta_6': 3.5220571774813665e-05, 'beta_7': 0.07501160231484044, 'beta_8': 0.005748947970752027, 'beta_9': 5.6164366618694956e-05, 'beta_10': 9.096765132751498e-07}. Best is trial 305 with value: 4084.4379324804377.
[I 2026-03-31 01:03:45,141] Trial 340 finished with value: 4439.181754500465 and parameters: {'alpha_0': 0.001654213530203062, 'alpha_1': 6.5020328410638e-05, 'alpha_2': 8.965625258129468e-05, 'beta_0': 0.2756389061484252, 'beta_1': 1.1223348069785237, 'beta_2': 0.3969520011537276, 'beta_3': 0.0002014468695892751, 'beta_4': 2.6025063410510614e-07, 'beta_5': 0.8086423207608351, 'beta_6': 3.7618265258126226e-05, 'beta_7': 0.07983672421890474, 'beta_8': 0.005380001615341292, 'beta_9': 4.025698217357492e-05, 'beta_10': 7.528158365965059e-07}. Best is trial 305 with value: 4084.4379324804377.
[I 2026-03-31 01:04:15,929] Trial 341 finished with value: 4535.789303700151 and parameters: {'alpha_0': 0.0012517542658920418, 'alpha_1': 6.118129444276942e-05, 'alpha_2': 9.854805996846607e-05, 'beta_0': 0.29469772656483756, 'beta_1': 1.1404543871249095, 'beta_2': 0.37329588800659086, 'beta_3': 0.000319488509385561, 'beta_4': 3.621555050590472e-07, 'beta_5': 0.8278531371264647, 'beta_6': 3.845778034585624e-05, 'beta_7': 0.07065959696745924, 'beta_8': 0.005360776585541391, 'beta_9': 3.622241445390504e-05, 'beta_10': 8.644124042391425e-07}. Best is trial 305 with value: 4084.4379324804377.
[I 2026-03-31 01:04:46,728] Trial 342 finished with value: 4912.273732692902 and parameters: {'alpha_0': 0.0013565093682228275, 'alpha_1': 5.493464240620897e-05, 'alpha_2': 5.3485514236093364e-05, 'beta_0': 0.28106338444661383, 'beta_1': 1.167176363509271, 'beta_2': 0.351009916376357, 'beta_3': 0.00025109890818131135, 'beta_4': 2.7169193904966865e-07, 'beta_5': 0.8387912588311522, 'beta_6': 3.532482253626611e-05, 'beta_7': 0.07719055036669276, 'beta_8': 0.005828806068250368, 'beta_9': 5.1687039969789944e-05, 'beta_10': 9.447806576719041e-07}. Best is trial 305 with value: 4084.4379324804377.
[I 2026-03-31 01:05:17,527] Trial 343 finished with value: 4280.192578410285 and parameters: {'alpha_0': 0.0011150268810009847, 'alpha_1': 6.698371973889395e-05, 'alpha_2': 8.301160714197496e-05, 'beta_0': 0.2905438686721133, 'beta_1': 1.1037504910500122, 'beta_2': 0.3514058252422194, 'beta_3': 0.0003958793719415637, 'beta_4': 2.952136564976638e-07, 'beta_5': 0.541406131951128, 'beta_6': 3.702655560994899e-05, 'beta_7': 0.07367436082165978, 'beta_8': 0.005010814378176056, 'beta_9': 4.956622369524956e-05, 'beta_10': 8.305668870671867e-07}. Best is trial 305 with value: 4084.4379324804377.
[I 2026-03-31 01:05:48,519] Trial 344 finished with value: 4292.772034824951 and parameters: {'alpha_0': 0.0011199528660758888, 'alpha_1': 6.098237971757283e-05, 'alpha_2': 8.614011785497006e-05, 'beta_0': 0.2899128549809376, 'beta_1': 1.1042812375086548, 'beta_2': 0.4449154289192785, 'beta_3': 0.0004056224642399652, 'beta_4': 3.206122645732498e-07, 'beta_5': 0.5397111560284507, 'beta_6': 3.667753106401497e-05, 'beta_7': 0.07397357044283501, 'beta_8': 0.005022506327037525, 'beta_9': 5.34341189335864e-05, 'beta_10': 8.025614769553962e-07}. Best is trial 305 with value: 4084.4379324804377.
[I 2026-03-31 01:06:19,474] Trial 345 finished with value: 5660.008413291875 and parameters: {'alpha_0': 0.0011206572812551578, 'alpha_1': 5.921112997033307e-05, 'alpha_2': 8.036693499594866e-05, 'beta_0': 0.2958462970884184, 'beta_1': 1.1067951820245674, 'beta_2': 0.4495961560923611, 'beta_3': 0.0003725917779236369, 'beta_4': 3.099176085571644e-07, 'beta_5': 0.5412427339364158, 'beta_6': 3.650590900295448e-05, 'beta_7': 0.07268789740726385, 'beta_8': 0.006559476626227728, 'beta_9': 5.606826410805123e-05, 'beta_10': 7.980089252403322e-07}. Best is trial 305 with value: 4084.4379324804377.
[I 2026-03-31 01:06:50,239] Trial 346 finished with value: 7929.37056028406 and parameters: {'alpha_0': 0.001198410941280929, 'alpha_1': 5.4514088652932814e-05, 'alpha_2': 7.549549478770905e-05, 'beta_0': 0.29283224184349954, 'beta_1': 1.1217541997010116, 'beta_2': 0.4105762513649263, 'beta_3': 0.00040661328374047003, 'beta_4': 3.6481281369981924e-07, 'beta_5': 0.5663822663955511, 'beta_6': 3.7036130425956245e-05, 'beta_7': 0.07345685304326299, 'beta_8': 0.008970184520883807, 'beta_9': 5.330745166342625e-05, 'beta_10': 7.11970283993059e-07}. Best is trial 305 with value: 4084.4379324804377.
[I 2026-03-31 01:07:20,847] Trial 347 finished with value: 4810.416261193372 and parameters: {'alpha_0': 0.0011096515573083138, 'alpha_1': 5.9821647002828424e-05, 'alpha_2': 8.441181011827374e-05, 'beta_0': 0.2917142667255227, 'beta_1': 1.1032275616530582, 'beta_2': 0.4288494126286927, 'beta_3': 0.00030949264338680555, 'beta_4': 3.259167590205487e-07, 'beta_5': 0.5907391922918312, 'beta_6': 3.245567685075419e-05, 'beta_7': 0.07488465522879446, 'beta_8': 0.00568977281250924, 'beta_9': 8.015225175017272e-05, 'beta_10': 7.349672115340533e-07}. Best is trial 305 with value: 4084.4379324804377.
[I 2026-03-31 01:07:51,749] Trial 348 finished with value: 4536.1889314106065 and parameters: {'alpha_0': 0.0012172689593755483, 'alpha_1': 0.0002070731832386272, 'alpha_2': 8.743262523635844e-05, 'beta_0': 0.28875170833156916, 'beta_1': 1.1169135890908164, 'beta_2': 0.39169803025822797, 'beta_3': 0.0003642069903081306, 'beta_4': 4.2443243353289107e-07, 'beta_5': 0.5232246006643951, 'beta_6': 3.6920763226623454e-05, 'beta_7': 0.07625207359329761, 'beta_8': 0.00501122870725433, 'beta_9': 6.103293992838732e-05, 'beta_10': 8.028403045242923e-07}. Best is trial 305 with value: 4084.4379324804377.
[I 2026-03-31 01:08:22,378] Trial 349 finished with value: 4157.679202429 and parameters: {'alpha_0': 0.0014849280466760558, 'alpha_1': 6.594259419941081e-05, 'alpha_2': 8.127224564866445e-05, 'beta_0': 0.283359489462636, 'beta_1': 1.133748190523937, 'beta_2': 0.3755052765004372, 'beta_3': 0.00025616488043258114, 'beta_4': 2.8428743574608205e-07, 'beta_5': 0.505981355375357, 'beta_6': 3.3942530147847884e-05, 'beta_7': 0.07394475714610205, 'beta_8': 0.005015325053230148, 'beta_9': 5.1048388622253826e-05, 'beta_10': 8.430544072055732e-07}. Best is trial 305 with value: 4084.4379324804377.
[I 2026-03-31 01:08:52,866] Trial 350 finished with value: 5191.266906705352 and parameters: {'alpha_0': 0.001476481653758141, 'alpha_1': 6.713501659146862e-05, 'alpha_2': 8.150896142299678e-05, 'beta_0': 0.28233005325569216, 'beta_1': 1.1543820181441538, 'beta_2': 0.3747978376515132, 'beta_3': 0.00027226058927000803, 'beta_4': 2.899644234641337e-07, 'beta_5': 0.5742732966930446, 'beta_6': 3.590178945533034e-05, 'beta_7': 0.07432377512463853, 'beta_8': 0.006145281005523627, 'beta_9': 5.08890233219053e-05, 'beta_10': 8.311631233428483e-07}. Best is trial 305 with value: 4084.4379324804377.Best trial: 305. Best value: 4084.44:  70%|███████   | 350/500 [2:43:31<1:16:37, 30.65s/it]Best trial: 305. Best value: 4084.44:  70%|███████   | 350/500 [2:43:31<1:16:37, 30.65s/it]Best trial: 305. Best value: 4084.44:  70%|███████   | 351/500 [2:43:31<1:15:59, 30.60s/it]                                                                                           Best trial: 305. Best value: 4084.44:  70%|███████   | 351/500 [2:44:01<1:15:59, 30.60s/it]Best trial: 305. Best value: 4084.44:  70%|███████   | 351/500 [2:44:01<1:15:59, 30.60s/it]Best trial: 305. Best value: 4084.44:  70%|███████   | 352/500 [2:44:01<1:15:36, 30.65s/it]                                                                                           Best trial: 305. Best value: 4084.44:  70%|███████   | 352/500 [2:44:32<1:15:36, 30.65s/it]Best trial: 305. Best value: 4084.44:  70%|███████   | 352/500 [2:44:32<1:15:36, 30.65s/it]Best trial: 305. Best value: 4084.44:  71%|███████   | 353/500 [2:44:32<1:15:14, 30.71s/it]                                                                                           Best trial: 305. Best value: 4084.44:  71%|███████   | 353/500 [2:45:03<1:15:14, 30.71s/it]Best trial: 305. Best value: 4084.44:  71%|███████   | 353/500 [2:45:03<1:15:14, 30.71s/it]Best trial: 305. Best value: 4084.44:  71%|███████   | 354/500 [2:45:03<1:14:48, 30.74s/it]                                                                                           Best trial: 305. Best value: 4084.44:  71%|███████   | 354/500 [2:45:34<1:14:48, 30.74s/it]Best trial: 305. Best value: 4084.44:  71%|███████   | 354/500 [2:45:34<1:14:48, 30.74s/it]Best trial: 305. Best value: 4084.44:  71%|███████   | 355/500 [2:45:34<1:14:20, 30.76s/it]                                                                                           Best trial: 305. Best value: 4084.44:  71%|███████   | 355/500 [2:46:05<1:14:20, 30.76s/it]Best trial: 305. Best value: 4084.44:  71%|███████   | 355/500 [2:46:05<1:14:20, 30.76s/it]Best trial: 305. Best value: 4084.44:  71%|███████   | 356/500 [2:46:05<1:13:53, 30.79s/it]                                                                                           Best trial: 305. Best value: 4084.44:  71%|███████   | 356/500 [2:46:36<1:13:53, 30.79s/it]Best trial: 305. Best value: 4084.44:  71%|███████   | 356/500 [2:46:36<1:13:53, 30.79s/it]Best trial: 305. Best value: 4084.44:  71%|███████▏  | 357/500 [2:46:36<1:13:25, 30.81s/it]                                                                                           Best trial: 305. Best value: 4084.44:  71%|███████▏  | 357/500 [2:47:06<1:13:25, 30.81s/it]Best trial: 305. Best value: 4084.44:  71%|███████▏  | 357/500 [2:47:06<1:13:25, 30.81s/it]Best trial: 305. Best value: 4084.44:  72%|███████▏  | 358/500 [2:47:06<1:12:54, 30.80s/it]                                                                                           Best trial: 305. Best value: 4084.44:  72%|███████▏  | 358/500 [2:47:37<1:12:54, 30.80s/it]Best trial: 305. Best value: 4084.44:  72%|███████▏  | 358/500 [2:47:37<1:12:54, 30.80s/it]Best trial: 305. Best value: 4084.44:  72%|███████▏  | 359/500 [2:47:37<1:12:15, 30.74s/it]                                                                                           Best trial: 305. Best value: 4084.44:  72%|███████▏  | 359/500 [2:48:08<1:12:15, 30.74s/it]Best trial: 305. Best value: 4084.44:  72%|███████▏  | 359/500 [2:48:08<1:12:15, 30.74s/it]Best trial: 305. Best value: 4084.44:  72%|███████▏  | 360/500 [2:48:08<1:11:53, 30.81s/it]                                                                                           Best trial: 305. Best value: 4084.44:  72%|███████▏  | 360/500 [2:48:38<1:11:53, 30.81s/it]Best trial: 305. Best value: 4084.44:  72%|███████▏  | 360/500 [2:48:39<1:11:53, 30.81s/it]Best trial: 305. Best value: 4084.44:  72%|███████▏  | 361/500 [2:48:39<1:11:12, 30.74s/it]                                                                                           Best trial: 305. Best value: 4084.44:  72%|███████▏  | 361/500 [2:49:09<1:11:12, 30.74s/it]Best trial: 305. Best value: 4084.44:  72%|███████▏  | 361/500 [2:49:09<1:11:12, 30.74s/it]Best trial: 305. Best value: 4084.44:  72%|███████▏  | 362/500 [2:49:09<1:10:51, 30.81s/it]                                                                                           Best trial: 305. Best value: 4084.44:  72%|███████▏  | 362/500 [2:49:19<1:10:51, 30.81s/it]Best trial: 305. Best value: 4084.44:  72%|███████▏  | 362/500 [2:49:19<1:10:51, 30.81s/it]Best trial: 305. Best value: 4084.44:  73%|███████▎  | 363/500 [2:49:19<56:02, 24.55s/it]                                                                                           Best trial: 305. Best value: 4084.44:  73%|███████▎  | 363/500 [2:49:50<56:02, 24.55s/it]Best trial: 305. Best value: 4084.44:  73%|███████▎  | 363/500 [2:49:50<56:02, 24.55s/it]Best trial: 305. Best value: 4084.44:  73%|███████▎  | 364/500 [2:49:50<59:58, 26.46s/it]                                                                                         
[I 2026-03-31 01:09:23,631] Trial 351 finished with value: 4476.730291636214 and parameters: {'alpha_0': 0.0016411479422522874, 'alpha_1': 6.560631527501571e-05, 'alpha_2': 8.561558818615797e-05, 'beta_0': 0.27335697325594055, 'beta_1': 1.1350247763331187, 'beta_2': 0.41765226860686655, 'beta_3': 0.00023487349327784454, 'beta_4': 3.7756781215565227e-07, 'beta_5': 0.4567876374466895, 'beta_6': 3.740562844003198e-05, 'beta_7': 0.07372765484642153, 'beta_8': 0.005364833717791181, 'beta_9': 5.8008942984056045e-05, 'beta_10': 7.848043339841541e-07}. Best is trial 305 with value: 4084.4379324804377.
[I 2026-03-31 01:09:54,487] Trial 352 finished with value: 5013.185277043493 and parameters: {'alpha_0': 0.001374290855865411, 'alpha_1': 0.00016224001221076603, 'alpha_2': 6.958037919114157e-05, 'beta_0': 0.29760329014852266, 'beta_1': 1.1440628493572755, 'beta_2': 0.3881499737997215, 'beta_3': 0.0003172982733483001, 'beta_4': 3.189789819490298e-07, 'beta_5': 0.48513318919128323, 'beta_6': 3.8198515968824526e-05, 'beta_7': 0.07624014829861314, 'beta_8': 0.0056830444920547155, 'beta_9': 5.244218850856134e-05, 'beta_10': 8.419360939426682e-07}. Best is trial 305 with value: 4084.4379324804377.
[I 2026-03-31 01:10:25,299] Trial 353 finished with value: 4582.886061018619 and parameters: {'alpha_0': 0.0014645147600783153, 'alpha_1': 6.198946942544407e-05, 'alpha_2': 7.819205193471418e-05, 'beta_0': 0.28338961260501133, 'beta_1': 1.1298203308587087, 'beta_2': 0.4696098045530092, 'beta_3': 0.0004049524980305793, 'beta_4': 3.534666662485564e-07, 'beta_5': 0.4955023945323801, 'beta_6': 3.447849726303632e-05, 'beta_7': 0.06962328694006681, 'beta_8': 0.0053323569333874185, 'beta_9': 5.380926531281632e-05, 'beta_10': 8.88034607419867e-07}. Best is trial 305 with value: 4084.4379324804377.
[I 2026-03-31 01:10:56,111] Trial 354 finished with value: 5053.888251043469 and parameters: {'alpha_0': 0.0013565199560638338, 'alpha_1': 6.848673174417591e-05, 'alpha_2': 6.489388602727656e-05, 'beta_0': 0.27880373745119236, 'beta_1': 1.1776502670391045, 'beta_2': 0.36285894592924617, 'beta_3': 0.00020318459343385132, 'beta_4': 2.8167069853474926e-07, 'beta_5': 0.5112365399438064, 'beta_6': 3.6017408970305535e-05, 'beta_7': 0.07808939453773596, 'beta_8': 0.006051274042875754, 'beta_9': 4.9529029025440335e-05, 'beta_10': 7.524379094321366e-07}. Best is trial 305 with value: 4084.4379324804377.
