[I 2026-03-31 00:20:59,616] Trial 252 finished with value: 5327.896255594478 and parameters: {'alpha_0': 0.0012206429517784489, 'alpha_1': 7.168528304998528e-05, 'alpha_2': 0.00016891715135456526, 'beta_0': 0.27854095336529217, 'beta_1': 1.0988185500236216, 'beta_2': 0.38977602884718576, 'beta_3': 0.0005415663504686605, 'beta_4': 1.9303602900176896e-07, 'beta_5': 0.825894418419551, 'beta_6': 1.5147971405162746e-05, 'beta_7': 0.06578271291166043, 'beta_8': 0.006038762103676846, 'beta_9': 5.030110533342444e-05, 'beta_10': 9.936097747927892e-07}. Best is trial 148 with value: 4225.3157846287695.Best trial: 148. Best value: 4225.32:  50%|█████     | 252/500 [1:55:37<2:07:27, 30.84s/it]Best trial: 148. Best value: 4225.32:  50%|█████     | 252/500 [1:55:37<2:07:27, 30.84s/it]Best trial: 148. Best value: 4225.32:  51%|█████     | 253/500 [1:55:37<2:06:35, 30.75s/it]                                                                                           Best trial: 148. Best value: 4225.32:  51%|█████     | 253/500 [1:55:47<2:06:35, 30.75s/it]Best trial: 148. Best value: 4225.32:  51%|█████     | 253/500 [1:55:47<2:06:35, 30.75s/it]Best trial: 148. Best value: 4225.32:  51%|█████     | 254/500 [1:55:47<1:39:48, 24.34s/it]                                                                                           Best trial: 148. Best value: 4225.32:  51%|█████     | 254/500 [1:56:17<1:39:48, 24.34s/it]Best trial: 148. Best value: 4225.32:  51%|█████     | 254/500 [1:56:18<1:39:48, 24.34s/it]Best trial: 148. Best value: 4225.32:  51%|█████     | 255/500 [1:56:18<1:47:15, 26.27s/it]                                                                                           Best trial: 148. Best value: 4225.32:  51%|█████     | 255/500 [1:56:49<1:47:15, 26.27s/it]Best trial: 148. Best value: 4225.32:  51%|█████     | 255/500 [1:56:49<1:47:15, 26.27s/it]Best trial: 148. Best value: 4225.32:  51%|█████     | 256/500 [1:56:49<1:53:08, 27.82s/it]                                                                                           Best trial: 148. Best value: 4225.32:  51%|█████     | 256/500 [1:57:19<1:53:08, 27.82s/it]Best trial: 148. Best value: 4225.32:  51%|█████     | 256/500 [1:57:19<1:53:08, 27.82s/it]Best trial: 148. Best value: 4225.32:  51%|█████▏    | 257/500 [1:57:19<1:55:48, 28.59s/it]                                                                                           Best trial: 148. Best value: 4225.32:  51%|█████▏    | 257/500 [1:57:50<1:55:48, 28.59s/it]Best trial: 148. Best value: 4225.32:  51%|█████▏    | 257/500 [1:57:50<1:55:48, 28.59s/it]Best trial: 148. Best value: 4225.32:  52%|█████▏    | 258/500 [1:57:50<1:58:10, 29.30s/it]                                                                                           Best trial: 148. Best value: 4225.32:  52%|█████▏    | 258/500 [1:58:21<1:58:10, 29.30s/it]Best trial: 148. Best value: 4225.32:  52%|█████▏    | 258/500 [1:58:21<1:58:10, 29.30s/it]Best trial: 148. Best value: 4225.32:  52%|█████▏    | 259/500 [1:58:21<1:59:47, 29.82s/it]                                                                                           Best trial: 148. Best value: 4225.32:  52%|█████▏    | 259/500 [1:58:52<1:59:47, 29.82s/it]Best trial: 148. Best value: 4225.32:  52%|█████▏    | 259/500 [1:58:52<1:59:47, 29.82s/it]Best trial: 148. Best value: 4225.32:  52%|█████▏    | 260/500 [1:58:52<2:00:29, 30.12s/it]                                                                                           Best trial: 148. Best value: 4225.32:  52%|█████▏    | 260/500 [1:59:23<2:00:29, 30.12s/it]Best trial: 148. Best value: 4225.32:  52%|█████▏    | 260/500 [1:59:23<2:00:29, 30.12s/it]Best trial: 148. Best value: 4225.32:  52%|█████▏    | 261/500 [1:59:23<2:01:00, 30.38s/it]                                                                                           Best trial: 148. Best value: 4225.32:  52%|█████▏    | 261/500 [1:59:54<2:01:00, 30.38s/it]Best trial: 148. Best value: 4225.32:  52%|█████▏    | 261/500 [1:59:54<2:01:00, 30.38s/it]Best trial: 148. Best value: 4225.32:  52%|█████▏    | 262/500 [1:59:54<2:01:17, 30.58s/it]                                                                                           Best trial: 148. Best value: 4225.32:  52%|█████▏    | 262/500 [2:00:25<2:01:17, 30.58s/it]Best trial: 148. Best value: 4225.32:  52%|█████▏    | 262/500 [2:00:25<2:01:17, 30.58s/it]Best trial: 148. Best value: 4225.32:  53%|█████▎    | 263/500 [2:00:25<2:00:54, 30.61s/it]                                                                                           Best trial: 148. Best value: 4225.32:  53%|█████▎    | 263/500 [2:00:55<2:00:54, 30.61s/it]Best trial: 148. Best value: 4225.32:  53%|█████▎    | 263/500 [2:00:55<2:00:54, 30.61s/it]Best trial: 148. Best value: 4225.32:  53%|█████▎    | 264/500 [2:00:55<2:00:04, 30.53s/it]                                                                                           Best trial: 148. Best value: 4225.32:  53%|█████▎    | 264/500 [2:01:04<2:00:04, 30.53s/it]Best trial: 148. Best value: 4225.32:  53%|█████▎    | 264/500 [2:01:04<2:00:04, 30.53s/it]Best trial: 148. Best value: 4225.32:  53%|█████▎    | 265/500 [2:01:04<1:34:34, 24.15s/it]                                                                                           Best trial: 148. Best value: 4225.32:  53%|█████▎    | 265/500 [2:01:35<1:34:34, 24.15s/it]Best trial: 148. Best value: 4225.32:  53%|█████▎    | 265/500 [2:01:35<1:34:34, 24.15s/it]Best trial: 148. Best value: 4225.32:  53%|█████▎    | 266/500 [2:01:35<1:42:12, 26.21s/it]                                                                                           
[I 2026-03-31 00:21:09,001] Trial 253 finished with value: 8580.622244760003 and parameters: {'alpha_0': 0.000945882648728121, 'alpha_1': 6.512278073730685e-05, 'alpha_2': 0.0001649744782383431, 'beta_0': 0.23280715050282458, 'beta_1': 1.0679254231310733, 'beta_2': 0.3447680777251882, 'beta_3': 0.000498543613694729, 'beta_4': 1.6394068763792836e-07, 'beta_5': 0.813803420065085, 'beta_6': 1.455601913019434e-05, 'beta_7': 0.062453912915660076, 'beta_8': 0.019520190975400704, 'beta_9': 4.651820507931395e-05, 'beta_10': 4.710472615974187e-07}. Best is trial 148 with value: 4225.3157846287695.
[I 2026-03-31 00:21:39,762] Trial 254 finished with value: 4787.767675361399 and parameters: {'alpha_0': 0.0014034059109355743, 'alpha_1': 7.086566289442206e-05, 'alpha_2': 0.00015624180398225224, 'beta_0': 0.22750206098529882, 'beta_1': 1.0844825201997705, 'beta_2': 0.2914627730828123, 'beta_3': 0.0006077295483917001, 'beta_4': 1.7473583105096836e-07, 'beta_5': 0.8305289522534027, 'beta_6': 1.3833365386308969e-05, 'beta_7': 0.058251683357202155, 'beta_8': 0.005416456066446111, 'beta_9': 3.360399227017823e-05, 'beta_10': 1.0498499049495011e-06}. Best is trial 148 with value: 4225.3157846287695.
[I 2026-03-31 00:22:11,209] Trial 255 finished with value: 5176.614616069903 and parameters: {'alpha_0': 0.001323682027217614, 'alpha_1': 7.55889862479305e-05, 'alpha_2': 0.00016141213109730214, 'beta_0': 0.29396730756714046, 'beta_1': 1.1101725020015007, 'beta_2': 0.3148993054622978, 'beta_3': 0.0005687138545739485, 'beta_4': 5.1279535808436767e-08, 'beta_5': 0.8065231812431404, 'beta_6': 1.5886115207960146e-05, 'beta_7': 0.06020151813418737, 'beta_8': 0.0058760273686754416, 'beta_9': 4.404626966062092e-05, 'beta_10': 1.0271117006201494e-06}. Best is trial 148 with value: 4225.3157846287695.
[I 2026-03-31 00:22:41,605] Trial 256 finished with value: 4283.133595899672 and parameters: {'alpha_0': 0.0010002638942230256, 'alpha_1': 6.406118984475509e-05, 'alpha_2': 0.00016931159134901506, 'beta_0': 0.23834797424537918, 'beta_1': 1.0641709986608567, 'beta_2': 0.3330098690624142, 'beta_3': 0.0004834445216817149, 'beta_4': 1.2110470379380252e-07, 'beta_5': 0.8197043411365313, 'beta_6': 1.448680305027047e-05, 'beta_7': 0.06161305191904144, 'beta_8': 0.005004342768779483, 'beta_9': 4.7733280646033714e-05, 'beta_10': 1.0694523810077512e-06}. Best is trial 148 with value: 4225.3157846287695.
[I 2026-03-31 00:23:12,549] Trial 257 finished with value: 4261.780137505944 and parameters: {'alpha_0': 0.0011756331591944542, 'alpha_1': 6.153373847923663e-05, 'alpha_2': 0.00017106079365020933, 'beta_0': 0.23877150818009119, 'beta_1': 1.1278263544276776, 'beta_2': 0.33542036166386957, 'beta_3': 0.0004697748451195834, 'beta_4': 1.1375289075983703e-07, 'beta_5': 0.8220419720903547, 'beta_6': 1.4576470729497363e-05, 'beta_7': 0.06098501972374837, 'beta_8': 0.005013154497495673, 'beta_9': 4.837223463225939e-05, 'beta_10': 9.853009525842818e-07}. Best is trial 148 with value: 4225.3157846287695.
[I 2026-03-31 00:23:43,602] Trial 258 finished with value: 4797.370470217969 and parameters: {'alpha_0': 0.001286904327851004, 'alpha_1': 6.479454396883516e-05, 'alpha_2': 0.0001735707806136335, 'beta_0': 0.23839922733233096, 'beta_1': 1.1246641512989286, 'beta_2': 0.3319775472113826, 'beta_3': 0.00037945881127393865, 'beta_4': 1.2460677060475425e-07, 'beta_5': 0.8225323165559015, 'beta_6': 1.5216406814979866e-05, 'beta_7': 0.06140437168883337, 'beta_8': 0.0056590629971805485, 'beta_9': 5.148895988893167e-05, 'beta_10': 9.880627921044112e-07}. Best is trial 148 with value: 4225.3157846287695.
[I 2026-03-31 00:24:14,414] Trial 259 finished with value: 4291.751240846218 and parameters: {'alpha_0': 0.0011736028216639415, 'alpha_1': 6.365813782333783e-05, 'alpha_2': 0.0001723292649664009, 'beta_0': 0.2852235809554536, 'beta_1': 1.0659729498659372, 'beta_2': 0.3188131475175248, 'beta_3': 0.0004769563682964881, 'beta_4': 1.1333244616297774e-07, 'beta_5': 0.8348881358650114, 'beta_6': 1.4533298247250574e-05, 'beta_7': 0.06350156307706245, 'beta_8': 0.005015640191906487, 'beta_9': 4.8044032116618924e-05, 'beta_10': 9.708131644501927e-07}. Best is trial 148 with value: 4225.3157846287695.
[I 2026-03-31 00:24:45,400] Trial 260 finished with value: 4630.4227581458135 and parameters: {'alpha_0': 0.0011849964037503444, 'alpha_1': 6.047392525747751e-05, 'alpha_2': 0.00017180276101174684, 'beta_0': 0.23425966206586632, 'beta_1': 1.0674680841679391, 'beta_2': 0.37124562670536815, 'beta_3': 0.00045387900856677356, 'beta_4': 1.1165540619032848e-07, 'beta_5': 0.8375584114362912, 'beta_6': 1.4612612502142874e-05, 'beta_7': 0.06535884494642752, 'beta_8': 0.005425607370539594, 'beta_9': 4.685099252413197e-05, 'beta_10': 9.727059533450689e-07}. Best is trial 148 with value: 4225.3157846287695.
[I 2026-03-31 00:25:16,439] Trial 261 finished with value: 5369.96184057541 and parameters: {'alpha_0': 0.001153390046916623, 'alpha_1': 6.434950622416318e-05, 'alpha_2': 0.00016770761211025957, 'beta_0': 0.23680259291875883, 'beta_1': 1.0594910657554213, 'beta_2': 0.32838470539427184, 'beta_3': 0.00048485990622203863, 'beta_4': 1.4757738247524195e-07, 'beta_5': 0.8291938053114989, 'beta_6': 1.5619588577865778e-05, 'beta_7': 0.06351579994599643, 'beta_8': 0.0061920474568666105, 'beta_9': 4.071687039605762e-05, 'beta_10': 9.767322805781789e-07}. Best is trial 148 with value: 4225.3157846287695.
[I 2026-03-31 00:25:47,118] Trial 262 finished with value: 4607.841022160514 and parameters: {'alpha_0': 0.0014502864167901185, 'alpha_1': 6.017033504585682e-05, 'alpha_2': 0.00017266551138441782, 'beta_0': 0.2962017317727296, 'beta_1': 1.0755919344977756, 'beta_2': 0.3470163686106216, 'beta_3': 0.0004749020016236815, 'beta_4': 1.001610030385084e-07, 'beta_5': 0.8199258163376738, 'beta_6': 1.4075643170589609e-05, 'beta_7': 0.061912824489775614, 'beta_8': 0.005374847774212518, 'beta_9': 4.903832356919981e-05, 'beta_10': 1.0563349752337492e-06}. Best is trial 148 with value: 4225.3157846287695.
[I 2026-03-31 00:26:17,452] Trial 263 finished with value: 4339.589218465895 and parameters: {'alpha_0': 0.0012301678998671657, 'alpha_1': 6.937341549533448e-05, 'alpha_2': 0.0001659946748794561, 'beta_0': 0.2446948276552437, 'beta_1': 1.060876106370889, 'beta_2': 0.3043132954926969, 'beta_3': 0.0005223154785079735, 'beta_4': 1.657372071341702e-07, 'beta_5': 0.8134271614988344, 'beta_6': 1.4915287551907705e-05, 'beta_7': 0.059504395706646236, 'beta_8': 0.00500047627790926, 'beta_9': 4.117231251267241e-05, 'beta_10': 1.0228961648150012e-06}. Best is trial 148 with value: 4225.3157846287695.
[I 2026-03-31 00:26:26,711] Trial 264 finished with value: 8780.409840123328 and parameters: {'alpha_0': 0.0012752810857160567, 'alpha_1': 6.916782019169272e-05, 'alpha_2': 0.0001658289935792713, 'beta_0': 0.24325425072657603, 'beta_1': 1.064049829770429, 'beta_2': 0.3128082370713623, 'beta_3': 0.0005242143940150042, 'beta_4': 1.5335157749640203e-07, 'beta_5': 0.8399524311759508, 'beta_6': 1.4916921601999643e-05, 'beta_7': 0.0588243238345242, 'beta_8': 0.021257692408237498, 'beta_9': 3.6516223220393417e-05, 'beta_10': 1.020025299992897e-06}. Best is trial 148 with value: 4225.3157846287695.
[I 2026-03-31 00:26:57,733] Trial 265 finished with value: 4911.536440333259 and parameters: {'alpha_0': 0.0011960669592458086, 'alpha_1': 6.910142208614056e-05, 'alpha_2': 0.00017080917671358375, 'beta_0': 0.23109666021861106, 'beta_1': 1.0941539322644402, 'beta_2': 0.2962091952512717, 'beta_3': 0.0004026333543767275, 'beta_4': 8.684810126330128e-08, 'beta_5': 0.8146885057510393, 'beta_6': 1.4493629502297616e-05, 'beta_7': 0.060491754799926925, 'beta_8': 0.00575216932263996, 'beta_9': 4.081143359255312e-05, 'beta_10': 1.0597373211122037e-06}. Best is trial 148 with value: 4225.3157846287695.
[I 2026-03-31 00:27:27,878] Trial 266 finished with value: 4626.41378629794 and parameters: {'alpha_0': 0.0010486517751531336, 'alpha_1': 6.090722044297309e-05, 'alpha_2': 0.00017394276694311615, 'beta_0': 0.2831768925761874, 'beta_1': 1.057411279820366, 'beta_2': 0.33277327407519913, 'beta_3': 0.00047227924070296763, 'beta_4': 1.1572361273283239e-07, 'beta_5': 0.8298029017225484, 'beta_6': 3.9619189176070094e-05, 'beta_7': 0.061924328705235454, 'beta_8': 0.005405270656936557, 'beta_9': 4.27666071982139e-05, 'beta_10': 9.765645420611096e-07}. Best is trial 148 with value: 4225.3157846287695.Best trial: 148. Best value: 4225.32:  53%|█████▎    | 266/500 [2:02:06<1:42:12, 26.21s/it]Best trial: 148. Best value: 4225.32:  53%|█████▎    | 266/500 [2:02:06<1:42:12, 26.21s/it]Best trial: 148. Best value: 4225.32:  53%|█████▎    | 267/500 [2:02:06<1:46:21, 27.39s/it]                                                                                           Best trial: 148. Best value: 4225.32:  53%|█████▎    | 267/500 [2:02:36<1:46:21, 27.39s/it]Best trial: 148. Best value: 4225.32:  53%|█████▎    | 267/500 [2:02:36<1:46:21, 27.39s/it]Best trial: 148. Best value: 4225.32:  54%|█████▎    | 268/500 [2:02:36<1:49:24, 28.30s/it]                                                                                           Best trial: 148. Best value: 4225.32:  54%|█████▎    | 268/500 [2:03:06<1:49:24, 28.30s/it]Best trial: 148. Best value: 4225.32:  54%|█████▎    | 268/500 [2:03:06<1:49:24, 28.30s/it]Best trial: 148. Best value: 4225.32:  54%|█████▍    | 269/500 [2:03:06<1:51:19, 28.92s/it]                                                                                           Best trial: 148. Best value: 4225.32:  54%|█████▍    | 269/500 [2:03:37<1:51:19, 28.92s/it]Best trial: 148. Best value: 4225.32:  54%|█████▍    | 269/500 [2:03:37<1:51:19, 28.92s/it]Best trial: 148. Best value: 4225.32:  54%|█████▍    | 270/500 [2:03:37<1:52:41, 29.40s/it]                                                                                           Best trial: 148. Best value: 4225.32:  54%|█████▍    | 270/500 [2:04:08<1:52:41, 29.40s/it]Best trial: 148. Best value: 4225.32:  54%|█████▍    | 270/500 [2:04:08<1:52:41, 29.40s/it]Best trial: 148. Best value: 4225.32:  54%|█████▍    | 271/500 [2:04:08<1:54:25, 29.98s/it]                                                                                           Best trial: 148. Best value: 4225.32:  54%|█████▍    | 271/500 [2:04:39<1:54:25, 29.98s/it]Best trial: 148. Best value: 4225.32:  54%|█████▍    | 271/500 [2:04:39<1:54:25, 29.98s/it]Best trial: 148. Best value: 4225.32:  54%|█████▍    | 272/500 [2:04:39<1:54:51, 30.22s/it]                                                                                           Best trial: 148. Best value: 4225.32:  54%|█████▍    | 272/500 [2:05:10<1:54:51, 30.22s/it]Best trial: 148. Best value: 4225.32:  54%|█████▍    | 272/500 [2:05:10<1:54:51, 30.22s/it]Best trial: 148. Best value: 4225.32:  55%|█████▍    | 273/500 [2:05:10<1:54:45, 30.33s/it]                                                                                           Best trial: 148. Best value: 4225.32:  55%|█████▍    | 273/500 [2:05:41<1:54:45, 30.33s/it]Best trial: 148. Best value: 4225.32:  55%|█████▍    | 273/500 [2:05:41<1:54:45, 30.33s/it]Best trial: 148. Best value: 4225.32:  55%|█████▍    | 274/500 [2:05:41<1:55:07, 30.56s/it]                                                                                           Best trial: 148. Best value: 4225.32:  55%|█████▍    | 274/500 [2:06:12<1:55:07, 30.56s/it]Best trial: 148. Best value: 4225.32:  55%|█████▍    | 274/500 [2:06:12<1:55:07, 30.56s/it]Best trial: 148. Best value: 4225.32:  55%|█████▌    | 275/500 [2:06:12<1:54:52, 30.63s/it]                                                                                           Best trial: 148. Best value: 4225.32:  55%|█████▌    | 275/500 [2:06:42<1:54:52, 30.63s/it]Best trial: 148. Best value: 4225.32:  55%|█████▌    | 275/500 [2:06:42<1:54:52, 30.63s/it]Best trial: 148. Best value: 4225.32:  55%|█████▌    | 276/500 [2:06:42<1:54:28, 30.66s/it]                                                                                           Best trial: 148. Best value: 4225.32:  55%|█████▌    | 276/500 [2:06:52<1:54:28, 30.66s/it]Best trial: 148. Best value: 4225.32:  55%|█████▌    | 276/500 [2:06:52<1:54:28, 30.66s/it]Best trial: 148. Best value: 4225.32:  55%|█████▌    | 277/500 [2:06:52<1:30:08, 24.25s/it]                                                                                           Best trial: 148. Best value: 4225.32:  55%|█████▌    | 277/500 [2:07:22<1:30:08, 24.25s/it]Best trial: 148. Best value: 4225.32:  55%|█████▌    | 277/500 [2:07:22<1:30:08, 24.25s/it]Best trial: 148. Best value: 4225.32:  56%|█████▌    | 278/500 [2:07:22<1:36:55, 26.20s/it]                                                                                           Best trial: 148. Best value: 4225.32:  56%|█████▌    | 278/500 [2:07:53<1:36:55, 26.20s/it]Best trial: 148. Best value: 4225.32:  56%|█████▌    | 278/500 [2:07:53<1:36:55, 26.20s/it]Best trial: 148. Best value: 4225.32:  56%|█████▌    | 279/500 [2:07:53<1:41:32, 27.57s/it]                                                                                           Best trial: 148. Best value: 4225.32:  56%|█████▌    | 279/500 [2:08:24<1:41:32, 27.57s/it]Best trial: 148. Best value: 4225.32:  56%|█████▌    | 279/500 [2:08:24<1:41:32, 27.57s/it]Best trial: 148. Best value: 4225.32:  56%|█████▌    | 280/500 [2:08:24<1:45:00, 28.64s/it]                                                                                           
[I 2026-03-31 00:27:58,288] Trial 267 finished with value: 4391.86746229096 and parameters: {'alpha_0': 0.0012956583153313384, 'alpha_1': 6.469094418061183e-05, 'alpha_2': 0.00016340635093565906, 'beta_0': 0.23891958622569684, 'beta_1': 1.081013647288003, 'beta_2': 0.28577077715633176, 'beta_3': 0.0005332721435861408, 'beta_4': 2.369059258352186e-07, 'beta_5': 0.8187960174276525, 'beta_6': 1.5759749964846575e-05, 'beta_7': 0.0674516474882834, 'beta_8': 0.005001570427165325, 'beta_9': 4.6549989027831364e-05, 'beta_10': 1.0153374844031672e-06}. Best is trial 148 with value: 4225.3157846287695.
[I 2026-03-31 00:28:28,655] Trial 268 finished with value: 4941.743880193281 and parameters: {'alpha_0': 0.0013900363995535193, 'alpha_1': 5.989201255834129e-05, 'alpha_2': 0.00016870097844930867, 'beta_0': 0.24447888848552657, 'beta_1': 1.0764354500006583, 'beta_2': 0.2854409375751305, 'beta_3': 0.00045024025391340796, 'beta_4': 2.3628310352420876e-07, 'beta_5': 0.8219484209814386, 'beta_6': 1.6267372247591745e-05, 'beta_7': 0.0594774327295226, 'beta_8': 0.005729979592259305, 'beta_9': 4.8081867126950934e-05, 'beta_10': 1.0175904493994832e-06}. Best is trial 148 with value: 4225.3157846287695.
[I 2026-03-31 00:28:59,171] Trial 269 finished with value: 4378.509050120854 and parameters: {'alpha_0': 0.0012927586425032131, 'alpha_1': 6.457168226303207e-05, 'alpha_2': 0.00016220649070629995, 'beta_0': 0.28593669854340903, 'beta_1': 1.0846329451380161, 'beta_2': 0.3142405818594361, 'beta_3': 0.0005389645368542115, 'beta_4': 2.662697257312523e-07, 'beta_5': 0.8374986011026521, 'beta_6': 1.5804264979367227e-05, 'beta_7': 0.0580547423510773, 'beta_8': 0.005018354422901179, 'beta_9': 4.514776179775703e-05, 'beta_10': 9.58457018815294e-07}. Best is trial 148 with value: 4225.3157846287695.
[I 2026-03-31 00:29:30,520] Trial 270 finished with value: 5541.501781128108 and parameters: {'alpha_0': 0.0012664439264967878, 'alpha_1': 6.665368994366131e-05, 'alpha_2': 0.0001599378561874503, 'beta_0': 0.23976812905180878, 'beta_1': 1.107470183375102, 'beta_2': 0.3189878151602763, 'beta_3': 0.0005376855127046493, 'beta_4': 3.046124374306374e-07, 'beta_5': 0.8401178979417989, 'beta_6': 1.576200579630572e-05, 'beta_7': 0.0688847635581082, 'beta_8': 0.006226932834812966, 'beta_9': 4.507425452954276e-05, 'beta_10': 9.520343270189514e-07}. Best is trial 148 with value: 4225.3157846287695.
