[I 2026-03-31 00:50:12,811] Trial 313 finished with value: 5127.318479396081 and parameters: {'alpha_0': 0.0014096757588949506, 'alpha_1': 5.032996580351064e-05, 'alpha_2': 6.747227201946896e-05, 'beta_0': 0.2822096561900706, 'beta_1': 1.111611504596205, 'beta_2': 0.38123526840768635, 'beta_3': 0.000211783696570049, 'beta_4': 4.0538618458682605e-07, 'beta_5': 0.8485667282731391, 'beta_6': 1.6124212601091205e-05, 'beta_7': 0.07669459225543343, 'beta_8': 0.00611147846875852, 'beta_9': 5.741244752812887e-05, 'beta_10': 7.981639833693148e-07}. Best is trial 305 with value: 4084.4379324804377.
[I 2026-03-31 00:50:43,459] Trial 314 finished with value: 5667.743034958138 and parameters: {'alpha_0': 0.0013075050606541493, 'alpha_1': 6.186309504245295e-05, 'alpha_2': 8.750450020706536e-05, 'beta_0': 0.28571403161888276, 'beta_1': 1.1420836156043537, 'beta_2': 0.42344152657402245, 'beta_3': 0.00026296232657976783, 'beta_4': 3.590501525797427e-07, 'beta_5': 0.8335212625873826, 'beta_6': 1.551314247724422e-05, 'beta_7': 0.07515985061824466, 'beta_8': 0.006639245851232308, 'beta_9': 5.556624185418646e-05, 'beta_10': 8.989357723592154e-07}. Best is trial 305 with value: 4084.4379324804377.
[I 2026-03-31 00:51:14,175] Trial 315 finished with value: 4575.0243255965925 and parameters: {'alpha_0': 0.0012140049016115674, 'alpha_1': 5.719457706245031e-05, 'alpha_2': 5.7634152673975524e-05, 'beta_0': 0.27844040160464373, 'beta_1': 1.112180373447953, 'beta_2': 0.390984242675987, 'beta_3': 0.00028260141334220546, 'beta_4': 3.0373027439869944e-07, 'beta_5': 0.8286110304924539, 'beta_6': 1.5646731934028335e-05, 'beta_7': 0.07008618542739013, 'beta_8': 0.0054674240021645336, 'beta_9': 5.0106894249086826e-05, 'beta_10': 8.245847578264523e-07}. Best is trial 305 with value: 4084.4379324804377.
[I 2026-03-31 00:51:44,996] Trial 316 finished with value: 6408.001442856945 and parameters: {'alpha_0': 0.001564582331985073, 'alpha_1': 5.0027958631167815e-05, 'alpha_2': 7.043838838446176e-05, 'beta_0': 0.29606719455939573, 'beta_1': 1.1257858744798763, 'beta_2': 0.37209890083219177, 'beta_3': 0.0023381359229314455, 'beta_4': 2.4697376908221154e-07, 'beta_5': 0.8399895195689624, 'beta_6': 1.821691605598835e-05, 'beta_7': 0.06876530873606111, 'beta_8': 0.0053836119718717965, 'beta_9': 5.346433598805569e-05, 'beta_10': 8.568447398183043e-07}. Best is trial 305 with value: 4084.4379324804377.
[I 2026-03-31 00:52:15,529] Trial 317 finished with value: 4207.439481178604 and parameters: {'alpha_0': 0.0014234067309091532, 'alpha_1': 6.191458343062539e-05, 'alpha_2': 8.063376191174783e-05, 'beta_0': 0.2878258582501813, 'beta_1': 1.0996941328403629, 'beta_2': 0.40896056540300624, 'beta_3': 0.00028833712881525344, 'beta_4': 3.4643047073249585e-07, 'beta_5': 0.849635639305232, 'beta_6': 3.729339029842074e-05, 'beta_7': 0.07459423105291373, 'beta_8': 0.005005050994188546, 'beta_9': 4.662310311622196e-05, 'beta_10': 9.140708431995911e-07}. Best is trial 305 with value: 4084.4379324804377.
[I 2026-03-31 00:52:46,495] Trial 318 finished with value: 4919.283666141849 and parameters: {'alpha_0': 0.001437126463350895, 'alpha_1': 6.068497323388689e-05, 'alpha_2': 8.064795946518656e-05, 'beta_0': 0.28772868593746065, 'beta_1': 1.1088532672135503, 'beta_2': 0.4390048701585986, 'beta_3': 0.00026331466265534407, 'beta_4': 3.9992404294756834e-07, 'beta_5': 0.8423209597153738, 'beta_6': 1.6180002784688778e-05, 'beta_7': 0.07481869233711416, 'beta_8': 0.005791460763227373, 'beta_9': 3.4649371573527914e-05, 'beta_10': 8.574364543223423e-07}. Best is trial 305 with value: 4084.4379324804377.
[I 2026-03-31 00:53:17,052] Trial 319 finished with value: 4562.867624538907 and parameters: {'alpha_0': 0.0013543804196111538, 'alpha_1': 5.56575869341029e-05, 'alpha_2': 9.514455825407437e-05, 'beta_0': 0.29144294877561244, 'beta_1': 1.1037221411953753, 'beta_2': 0.4088747632808846, 'beta_3': 0.00033065690101650384, 'beta_4': 3.490318806748305e-07, 'beta_5': 0.8490869317838834, 'beta_6': 1.6730758463261104e-05, 'beta_7': 0.07245779135968831, 'beta_8': 0.0053817146198535185, 'beta_9': 5.0282063636982664e-05, 'beta_10': 9.152521835433129e-07}. Best is trial 305 with value: 4084.4379324804377.
[I 2026-03-31 00:53:47,396] Trial 320 finished with value: 4201.740953335103 and parameters: {'alpha_0': 0.0015966013472158598, 'alpha_1': 6.352713473802737e-05, 'alpha_2': 6.114889584442176e-05, 'beta_0': 0.27375937233124303, 'beta_1': 1.1288766434965718, 'beta_2': 0.3967107781025047, 'beta_3': 0.00029858037419299593, 'beta_4': 3.3302054224802295e-07, 'beta_5': 0.8307595183643726, 'beta_6': 3.1146525411876925e-05, 'beta_7': 0.07755751245828373, 'beta_8': 0.0050013886638647885, 'beta_9': 4.724007973896694e-05, 'beta_10': 8.288757369499187e-07}. Best is trial 305 with value: 4084.4379324804377.
[I 2026-03-31 00:54:18,141] Trial 321 finished with value: 5026.792801181909 and parameters: {'alpha_0': 0.0014926834800279294, 'alpha_1': 6.270274410696837e-05, 'alpha_2': 6.009320556279744e-05, 'beta_0': 0.2706519056251274, 'beta_1': 1.1597497450460807, 'beta_2': 0.4147130156140388, 'beta_3': 0.00021360030412523887, 'beta_4': 3.714503229984406e-07, 'beta_5': 0.8344260151997869, 'beta_6': 3.097888525875035e-05, 'beta_7': 0.07652686486350216, 'beta_8': 0.006001301042447914, 'beta_9': 4.1450336448904406e-05, 'beta_10': 8.090293436062569e-07}. Best is trial 305 with value: 4084.4379324804377.
[I 2026-03-31 00:54:48,814] Trial 322 finished with value: 4543.619713863141 and parameters: {'alpha_0': 0.0014019514059524384, 'alpha_1': 5.6138296580802354e-05, 'alpha_2': 7.199538892194423e-05, 'beta_0': 0.27329228947534046, 'beta_1': 1.134684354505192, 'beta_2': 0.3909877443626775, 'beta_3': 0.0002792631466095351, 'beta_4': 3.322043051146079e-07, 'beta_5': 0.8330622969017926, 'beta_6': 1.7536283063875765e-05, 'beta_7': 0.07735768240831632, 'beta_8': 0.005416601847091737, 'beta_9': 4.708281583819486e-05, 'beta_10': 8.36299086970984e-07}. Best is trial 305 with value: 4084.4379324804377.Best trial: 305. Best value: 4084.44:  64%|██████▍   | 322/500 [2:29:27<1:30:37, 30.55s/it]Best trial: 305. Best value: 4084.44:  64%|██████▍   | 322/500 [2:29:27<1:30:37, 30.55s/it]Best trial: 305. Best value: 4084.44:  65%|██████▍   | 323/500 [2:29:27<1:30:13, 30.59s/it]                                                                                           Best trial: 305. Best value: 4084.44:  65%|██████▍   | 323/500 [2:29:58<1:30:13, 30.59s/it]Best trial: 305. Best value: 4084.44:  65%|██████▍   | 323/500 [2:29:58<1:30:13, 30.59s/it]Best trial: 305. Best value: 4084.44:  65%|██████▍   | 324/500 [2:29:58<1:30:07, 30.72s/it]                                                                                           Best trial: 305. Best value: 4084.44:  65%|██████▍   | 324/500 [2:30:29<1:30:07, 30.72s/it]Best trial: 305. Best value: 4084.44:  65%|██████▍   | 324/500 [2:30:29<1:30:07, 30.72s/it]Best trial: 305. Best value: 4084.44:  65%|██████▌   | 325/500 [2:30:29<1:29:57, 30.84s/it]                                                                                           Best trial: 305. Best value: 4084.44:  65%|██████▌   | 325/500 [2:30:59<1:29:57, 30.84s/it]Best trial: 305. Best value: 4084.44:  65%|██████▌   | 325/500 [2:30:59<1:29:57, 30.84s/it]Best trial: 305. Best value: 4084.44:  65%|██████▌   | 326/500 [2:30:59<1:29:15, 30.78s/it]                                                                                           Best trial: 305. Best value: 4084.44:  65%|██████▌   | 326/500 [2:31:30<1:29:15, 30.78s/it]Best trial: 305. Best value: 4084.44:  65%|██████▌   | 326/500 [2:31:30<1:29:15, 30.78s/it]Best trial: 305. Best value: 4084.44:  65%|██████▌   | 327/500 [2:31:30<1:29:01, 30.88s/it]                                                                                           Best trial: 305. Best value: 4084.44:  65%|██████▌   | 327/500 [2:32:01<1:29:01, 30.88s/it]Best trial: 305. Best value: 4084.44:  65%|██████▌   | 327/500 [2:32:01<1:29:01, 30.88s/it]Best trial: 305. Best value: 4084.44:  66%|██████▌   | 328/500 [2:32:01<1:28:29, 30.87s/it]                                                                                           Best trial: 305. Best value: 4084.44:  66%|██████▌   | 328/500 [2:32:32<1:28:29, 30.87s/it]Best trial: 305. Best value: 4084.44:  66%|██████▌   | 328/500 [2:32:32<1:28:29, 30.87s/it]Best trial: 305. Best value: 4084.44:  66%|██████▌   | 329/500 [2:32:32<1:27:45, 30.79s/it]                                                                                           Best trial: 305. Best value: 4084.44:  66%|██████▌   | 329/500 [2:33:03<1:27:45, 30.79s/it]Best trial: 305. Best value: 4084.44:  66%|██████▌   | 329/500 [2:33:03<1:27:45, 30.79s/it]Best trial: 305. Best value: 4084.44:  66%|██████▌   | 330/500 [2:33:03<1:27:20, 30.82s/it]                                                                                           Best trial: 305. Best value: 4084.44:  66%|██████▌   | 330/500 [2:33:33<1:27:20, 30.82s/it]Best trial: 305. Best value: 4084.44:  66%|██████▌   | 330/500 [2:33:33<1:27:20, 30.82s/it]Best trial: 305. Best value: 4084.44:  66%|██████▌   | 331/500 [2:33:33<1:26:16, 30.63s/it]                                                                                           Best trial: 305. Best value: 4084.44:  66%|██████▌   | 331/500 [2:34:04<1:26:16, 30.63s/it]Best trial: 305. Best value: 4084.44:  66%|██████▌   | 331/500 [2:34:04<1:26:16, 30.63s/it]Best trial: 305. Best value: 4084.44:  66%|██████▋   | 332/500 [2:34:04<1:25:52, 30.67s/it]                                                                                           Best trial: 305. Best value: 4084.44:  66%|██████▋   | 332/500 [2:34:35<1:25:52, 30.67s/it]Best trial: 305. Best value: 4084.44:  66%|██████▋   | 332/500 [2:34:35<1:25:52, 30.67s/it]Best trial: 305. Best value: 4084.44:  67%|██████▋   | 333/500 [2:34:35<1:25:29, 30.72s/it]                                                                                           Best trial: 305. Best value: 4084.44:  67%|██████▋   | 333/500 [2:35:05<1:25:29, 30.72s/it]Best trial: 305. Best value: 4084.44:  67%|██████▋   | 333/500 [2:35:05<1:25:29, 30.72s/it]Best trial: 305. Best value: 4084.44:  67%|██████▋   | 334/500 [2:35:05<1:24:41, 30.61s/it]                                                                                           Best trial: 305. Best value: 4084.44:  67%|██████▋   | 334/500 [2:35:36<1:24:41, 30.61s/it]Best trial: 305. Best value: 4084.44:  67%|██████▋   | 334/500 [2:35:36<1:24:41, 30.61s/it]Best trial: 305. Best value: 4084.44:  67%|██████▋   | 335/500 [2:35:36<1:24:27, 30.71s/it]                                                                                           Best trial: 305. Best value: 4084.44:  67%|██████▋   | 335/500 [2:36:07<1:24:27, 30.71s/it]Best trial: 305. Best value: 4084.44:  67%|██████▋   | 335/500 [2:36:07<1:24:27, 30.71s/it]Best trial: 305. Best value: 4084.44:  67%|██████▋   | 336/500 [2:36:07<1:24:17, 30.84s/it]                                                                                           
[I 2026-03-31 00:55:19,855] Trial 323 finished with value: 4246.853242155446 and parameters: {'alpha_0': 0.001304219099007265, 'alpha_1': 6.248937348124478e-05, 'alpha_2': 6.74287431126876e-05, 'beta_0': 0.28533489585934296, 'beta_1': 1.1198147160540484, 'beta_2': 0.37042788035550334, 'beta_3': 0.00034980246671562206, 'beta_4': 3.09141126465159e-07, 'beta_5': 0.8494491737280493, 'beta_6': 3.556369210739644e-05, 'beta_7': 0.07988844773574776, 'beta_8': 0.005003605221704047, 'beta_9': 5.547577974178104e-05, 'beta_10': 8.664424265995598e-07}. Best is trial 305 with value: 4084.4379324804377.
[I 2026-03-31 00:55:50,980] Trial 324 finished with value: 4912.883180763434 and parameters: {'alpha_0': 0.0012998323972473963, 'alpha_1': 6.270475150387951e-05, 'alpha_2': 6.563023229294057e-05, 'beta_0': 0.2808119889618166, 'beta_1': 1.1245502534920797, 'beta_2': 0.38069808789574205, 'beta_3': 0.00034470947614532196, 'beta_4': 3.349901537571659e-07, 'beta_5': 0.8468535794339045, 'beta_6': 3.5803025548274274e-05, 'beta_7': 0.07829627744684271, 'beta_8': 0.005721197310267457, 'beta_9': 6.194723761835137e-05, 'beta_10': 8.732935104157e-07}. Best is trial 305 with value: 4084.4379324804377.
[I 2026-03-31 00:56:21,604] Trial 325 finished with value: 4224.126724310741 and parameters: {'alpha_0': 0.0014747969795098556, 'alpha_1': 5.757671134382717e-05, 'alpha_2': 8.160011144806741e-05, 'beta_0': 0.28428453615551885, 'beta_1': 1.1590061908625613, 'beta_2': 0.4028151238381361, 'beta_3': 0.0002801018000918293, 'beta_4': 4.1994673850827374e-07, 'beta_5': 0.8487234167621527, 'beta_6': 3.798027103049631e-05, 'beta_7': 0.07977659460636242, 'beta_8': 0.005000314911240201, 'beta_9': 5.877408141570929e-05, 'beta_10': 7.870872520871726e-07}. Best is trial 305 with value: 4084.4379324804377.
[I 2026-03-31 00:56:52,715] Trial 326 finished with value: 4563.102287408436 and parameters: {'alpha_0': 0.001527512606296719, 'alpha_1': 5.4675377682247294e-05, 'alpha_2': 7.741282497093888e-05, 'beta_0': 0.2875925957654004, 'beta_1': 1.1274184458270675, 'beta_2': 0.4742533410727884, 'beta_3': 0.0002831455423714347, 'beta_4': 4.034064023958104e-07, 'beta_5': 0.8431076509389744, 'beta_6': 3.834061317400278e-05, 'beta_7': 0.07989623352639191, 'beta_8': 0.005400303642277837, 'beta_9': 5.898860493889953e-05, 'beta_10': 8.061874737557873e-07}. Best is trial 305 with value: 4084.4379324804377.
[I 2026-03-31 00:57:23,560] Trial 327 finished with value: 5368.303302391057 and parameters: {'alpha_0': 0.0015461418466790524, 'alpha_1': 5.826773411613543e-05, 'alpha_2': 7.979334694176496e-05, 'beta_0': 0.2759757976564373, 'beta_1': 1.1426746266968741, 'beta_2': 0.43105611821661266, 'beta_3': 0.00021357110069129628, 'beta_4': 3.8023305970370813e-07, 'beta_5': 0.8278360115829956, 'beta_6': 3.766565461734138e-05, 'beta_7': 0.07752142426552054, 'beta_8': 0.0063561025277965155, 'beta_9': 5.7071070309469004e-05, 'beta_10': 6.984105481394634e-07}. Best is trial 305 with value: 4084.4379324804377.
[I 2026-03-31 00:57:54,178] Trial 328 finished with value: 4842.340757162789 and parameters: {'alpha_0': 0.0014452897166841376, 'alpha_1': 5.0362763547028044e-05, 'alpha_2': 7.318408786731248e-05, 'beta_0': 0.29373693563643405, 'beta_1': 1.1578751561601135, 'beta_2': 0.36001831912917553, 'beta_3': 0.00034514978516295803, 'beta_4': 3.363341049289181e-07, 'beta_5': 0.8477140666979033, 'beta_6': 3.911820154548218e-05, 'beta_7': 0.07840719393167128, 'beta_8': 0.00568524751796305, 'beta_9': 5.565924045317936e-05, 'beta_10': 7.669237546029289e-07}. Best is trial 305 with value: 4084.4379324804377.
[I 2026-03-31 00:58:25,077] Trial 329 finished with value: 4179.2749750947505 and parameters: {'alpha_0': 0.0015728815805214963, 'alpha_1': 5.824137861309505e-05, 'alpha_2': 8.45003289932987e-05, 'beta_0': 0.2818116833101049, 'beta_1': 1.1179085112005218, 'beta_2': 0.37143638386197586, 'beta_3': 0.00028146766456284543, 'beta_4': 3.093901264586138e-07, 'beta_5': 0.8352220436174016, 'beta_6': 3.641238510009736e-05, 'beta_7': 0.07832580517260966, 'beta_8': 0.005006510440128801, 'beta_9': 6.0369738422654455e-05, 'beta_10': 8.410941092235527e-07}. Best is trial 305 with value: 4084.4379324804377.
[I 2026-03-31 00:58:55,257] Trial 330 finished with value: 4543.870909839029 and parameters: {'alpha_0': 0.0015414814399311622, 'alpha_1': 5.778119728616445e-05, 'alpha_2': 8.483899310841209e-05, 'beta_0': 0.28420316732275985, 'beta_1': 1.4483623268237877, 'beta_2': 0.3788953314989228, 'beta_3': 0.0002772676761632344, 'beta_4': 4.10265749119752e-07, 'beta_5': 0.8490643761115667, 'beta_6': 3.591248291734311e-05, 'beta_7': 0.07803512229827501, 'beta_8': 0.005372820644063237, 'beta_9': 6.254469387945785e-05, 'beta_10': 7.780454228397587e-07}. Best is trial 305 with value: 4084.4379324804377.
[I 2026-03-31 00:59:26,020] Trial 331 finished with value: 5101.034555692228 and parameters: {'alpha_0': 0.0015702667868691155, 'alpha_1': 5.8572908377529725e-05, 'alpha_2': 9.170935827714536e-05, 'beta_0': 0.27883157380333745, 'beta_1': 1.1369098431804032, 'beta_2': 0.4079139415243832, 'beta_3': 0.0003340499956149317, 'beta_4': 3.1876426054640144e-07, 'beta_5': 0.8371757608894982, 'beta_6': 3.618934775286018e-05, 'beta_7': 0.07961004933046026, 'beta_8': 0.0059752036325389085, 'beta_9': 5.849203210315617e-05, 'beta_10': 8.463647109269302e-07}. Best is trial 305 with value: 4084.4379324804377.
[I 2026-03-31 00:59:56,838] Trial 332 finished with value: 4496.469160784169 and parameters: {'alpha_0': 0.0014340314440989283, 'alpha_1': 5.4829817715044026e-05, 'alpha_2': 6.657783108631851e-05, 'beta_0': 0.289873581127125, 'beta_1': 1.1182539708173196, 'beta_2': 0.3564065216999944, 'beta_3': 0.00020106223264093905, 'beta_4': 4.472001231837436e-07, 'beta_5': 0.8296540836336158, 'beta_6': 3.666259299166889e-05, 'beta_7': 0.07534355145063887, 'beta_8': 0.0053919121787950235, 'beta_9': 5.444865081830293e-05, 'beta_10': 8.268383315793957e-07}. Best is trial 305 with value: 4084.4379324804377.
[I 2026-03-31 01:00:27,218] Trial 333 finished with value: 4844.632725535746 and parameters: {'alpha_0': 0.001247877487899361, 'alpha_1': 6.253432381397953e-05, 'alpha_2': 8.342333000870732e-05, 'beta_0': 0.28365986888203976, 'beta_1': 1.1160786161054592, 'beta_2': 0.39203716968410934, 'beta_3': 0.0002656853334482045, 'beta_4': 3.8138259329986986e-07, 'beta_5': 0.8490510208401486, 'beta_6': 3.787168990040434e-05, 'beta_7': 0.07370130765703173, 'beta_8': 0.005723398533455917, 'beta_9': 6.462772302573152e-05, 'beta_10': 8.624897919682034e-07}. Best is trial 305 with value: 4084.4379324804377.
[I 2026-03-31 01:00:58,162] Trial 334 finished with value: 4605.533018240863 and parameters: {'alpha_0': 0.0016171187870386002, 'alpha_1': 5.003556149843175e-05, 'alpha_2': 4.646612313023436e-05, 'beta_0': 0.28787310063078153, 'beta_1': 1.1490284093628018, 'beta_2': 0.43332391861265096, 'beta_3': 0.0003516112448027066, 'beta_4': 2.934429592177471e-07, 'beta_5': 0.8386249935536799, 'beta_6': 3.6763875242779525e-05, 'beta_7': 0.07871600821907325, 'beta_8': 0.0054217220975485625, 'beta_9': 5.916388511764591e-05, 'beta_10': 7.811151165728716e-07}. Best is trial 305 with value: 4084.4379324804377.
[I 2026-03-31 01:01:29,285] Trial 335 finished with value: 5176.854749737487 and parameters: {'alpha_0': 0.001379727532305342, 'alpha_1': 6.540330210422847e-05, 'alpha_2': 7.728474957925002e-05, 'beta_0': 0.28046988562820935, 'beta_1': 1.1316235829886208, 'beta_2': 0.3653735396918041, 'beta_3': 0.00029234660013103793, 'beta_4': 3.4323012821350384e-07, 'beta_5': 0.8253848675541021, 'beta_6': 3.7208173633675756e-05, 'beta_7': 0.07564747921100415, 'beta_8': 0.006139558609191565, 'beta_9': 5.495095978324618e-05, 'beta_10': 1.296121443511786e-07}. Best is trial 305 with value: 4084.4379324804377.
