[I 2026-03-30 23:19:18,061] Trial 126 finished with value: 4825.284261603766 and parameters: {'alpha_0': 0.0018861371277545957, 'alpha_1': 9.958650344662361e-05, 'alpha_2': 0.00017398511253026355, 'beta_0': 0.21341808555837904, 'beta_1': 1.1047397700496602, 'beta_2': 0.22616566855710582, 'beta_3': 0.00045583852657414076, 'beta_4': 2.2779323977900244e-07, 'beta_5': 0.8492631831858258, 'beta_6': 1.0158906564120002e-05, 'beta_7': 0.017904275422758083, 'beta_8': 0.005622725604472472, 'beta_9': 0.0001337125886332529, 'beta_10': 1.1915452363310585e-06}. Best is trial 74 with value: 4599.126497223448.Best trial: 74. Best value: 4599.13:  25%|██▌       | 126/500 [53:56<3:08:22, 30.22s/it]Best trial: 74. Best value: 4599.13:  25%|██▌       | 126/500 [53:56<3:08:22, 30.22s/it]Best trial: 74. Best value: 4599.13:  25%|██▌       | 127/500 [53:56<3:08:38, 30.34s/it]                                                                                        Best trial: 74. Best value: 4599.13:  25%|██▌       | 127/500 [54:27<3:08:38, 30.34s/it]Best trial: 74. Best value: 4599.13:  25%|██▌       | 127/500 [54:27<3:08:38, 30.34s/it]Best trial: 74. Best value: 4599.13:  26%|██▌       | 128/500 [54:27<3:10:23, 30.71s/it]                                                                                        Best trial: 74. Best value: 4599.13:  26%|██▌       | 128/500 [54:58<3:10:23, 30.71s/it]Best trial: 128. Best value: 4576.65:  26%|██▌       | 128/500 [54:58<3:10:23, 30.71s/it]Best trial: 128. Best value: 4576.65:  26%|██▌       | 129/500 [54:58<3:09:36, 30.66s/it]                                                                                         Best trial: 128. Best value: 4576.65:  26%|██▌       | 129/500 [55:29<3:09:36, 30.66s/it]Best trial: 128. Best value: 4576.65:  26%|██▌       | 129/500 [55:29<3:09:36, 30.66s/it]Best trial: 128. Best value: 4576.65:  26%|██▌       | 130/500 [55:29<3:09:28, 30.73s/it]                                                                                         Best trial: 128. Best value: 4576.65:  26%|██▌       | 130/500 [56:00<3:09:28, 30.73s/it]Best trial: 128. Best value: 4576.65:  26%|██▌       | 130/500 [56:00<3:09:28, 30.73s/it]Best trial: 128. Best value: 4576.65:  26%|██▌       | 131/500 [56:00<3:09:27, 30.81s/it]                                                                                         Best trial: 128. Best value: 4576.65:  26%|██▌       | 131/500 [56:02<3:09:27, 30.81s/it]Best trial: 128. Best value: 4576.65:  26%|██▌       | 131/500 [56:02<3:09:27, 30.81s/it]Best trial: 128. Best value: 4576.65:  26%|██▋       | 132/500 [56:02<2:15:48, 22.14s/it]                                                                                         Best trial: 128. Best value: 4576.65:  26%|██▋       | 132/500 [56:33<2:15:48, 22.14s/it]Best trial: 128. Best value: 4576.65:  26%|██▋       | 132/500 [56:33<2:15:48, 22.14s/it]Best trial: 128. Best value: 4576.65:  27%|██▋       | 133/500 [56:33<2:31:54, 24.83s/it]                                                                                         Best trial: 128. Best value: 4576.65:  27%|██▋       | 133/500 [57:04<2:31:54, 24.83s/it]Best trial: 128. Best value: 4576.65:  27%|██▋       | 133/500 [57:04<2:31:54, 24.83s/it]Best trial: 128. Best value: 4576.65:  27%|██▋       | 134/500 [57:04<2:43:32, 26.81s/it]                                                                                         Best trial: 128. Best value: 4576.65:  27%|██▋       | 134/500 [57:35<2:43:32, 26.81s/it]Best trial: 128. Best value: 4576.65:  27%|██▋       | 134/500 [57:35<2:43:32, 26.81s/it]Best trial: 128. Best value: 4576.65:  27%|██▋       | 135/500 [57:35<2:50:47, 28.08s/it]                                                                                         Best trial: 128. Best value: 4576.65:  27%|██▋       | 135/500 [58:06<2:50:47, 28.08s/it]Best trial: 135. Best value: 4562.2:  27%|██▋       | 135/500 [58:06<2:50:47, 28.08s/it] Best trial: 135. Best value: 4562.2:  27%|██▋       | 136/500 [58:06<2:54:57, 28.84s/it]                                                                                        Best trial: 135. Best value: 4562.2:  27%|██▋       | 136/500 [58:37<2:54:57, 28.84s/it]Best trial: 136. Best value: 4460.08:  27%|██▋       | 136/500 [58:37<2:54:57, 28.84s/it]Best trial: 136. Best value: 4460.08:  27%|██▋       | 137/500 [58:37<2:59:01, 29.59s/it]                                                                                         Best trial: 136. Best value: 4460.08:  27%|██▋       | 137/500 [59:08<2:59:01, 29.59s/it]Best trial: 136. Best value: 4460.08:  27%|██▋       | 137/500 [59:08<2:59:01, 29.59s/it]Best trial: 136. Best value: 4460.08:  28%|██▊       | 138/500 [59:08<3:01:16, 30.05s/it]                                                                                         Best trial: 136. Best value: 4460.08:  28%|██▊       | 138/500 [59:39<3:01:16, 30.05s/it]Best trial: 136. Best value: 4460.08:  28%|██▊       | 138/500 [59:39<3:01:16, 30.05s/it]Best trial: 136. Best value: 4460.08:  28%|██▊       | 139/500 [59:39<3:01:45, 30.21s/it]                                                                                         Best trial: 136. Best value: 4460.08:  28%|██▊       | 139/500 [1:00:09<3:01:45, 30.21s/it]Best trial: 136. Best value: 4460.08:  28%|██▊       | 139/500 [1:00:09<3:01:45, 30.21s/it]Best trial: 136. Best value: 4460.08:  28%|██▊       | 140/500 [1:00:09<3:01:51, 30.31s/it]                                                                                           
[I 2026-03-30 23:19:49,622] Trial 127 finished with value: 4801.486535503009 and parameters: {'alpha_0': 0.0018991125589824097, 'alpha_1': 0.00010779770661418624, 'alpha_2': 0.00017193141368746992, 'beta_0': 0.21552198636737246, 'beta_1': 1.0548357882832664, 'beta_2': 0.2178149658863437, 'beta_3': 0.0004423573592235416, 'beta_4': 1.8271098525454478e-07, 'beta_5': 0.7901251974732494, 'beta_6': 1.0164894675438287e-05, 'beta_7': 0.018155576566912194, 'beta_8': 0.0056106301308083174, 'beta_9': 0.00013106270687145946, 'beta_10': 1.2254281987009674e-06}. Best is trial 74 with value: 4599.126497223448.
[I 2026-03-30 23:20:20,179] Trial 128 finished with value: 4576.6471742499725 and parameters: {'alpha_0': 0.002132610500293544, 'alpha_1': 0.00010140213960021321, 'alpha_2': 0.00017474104688949181, 'beta_0': 0.21734648026098474, 'beta_1': 1.022177599115263, 'beta_2': 0.18530802338324998, 'beta_3': 0.00042548840141255225, 'beta_4': 5.27903560840212e-08, 'beta_5': 0.7850140371989689, 'beta_6': 1.184629848138218e-05, 'beta_7': 0.018510746174381795, 'beta_8': 0.00546396225291975, 'beta_9': 0.00013033761747064252, 'beta_10': 1.164812561709354e-06}. Best is trial 128 with value: 4576.6471742499725.
[I 2026-03-30 23:20:51,047] Trial 129 finished with value: 6052.247454556265 and parameters: {'alpha_0': 0.0019071505625492527, 'alpha_1': 0.0001252481885245084, 'alpha_2': 0.00017150542448851716, 'beta_0': 0.21794102664132647, 'beta_1': 1.0236722338180417, 'beta_2': 0.19264419468823354, 'beta_3': 0.00042598290028271203, 'beta_4': 5.0583812136404126e-08, 'beta_5': 0.7708230980141053, 'beta_6': 1.0069348853524162e-05, 'beta_7': 0.022890041350407554, 'beta_8': 0.0069799874930343295, 'beta_9': 0.0001314159518159327, 'beta_10': 1.1853496351671243e-06}. Best is trial 128 with value: 4576.6471742499725.
[I 2026-03-30 23:21:22,042] Trial 130 finished with value: 5529.058175566509 and parameters: {'alpha_0': 0.0020981180913980813, 'alpha_1': 0.00010156292219800839, 'alpha_2': 0.00017596781848995105, 'beta_0': 0.20661948529936947, 'beta_1': 1.0854849475353952, 'beta_2': 0.21056714057449058, 'beta_3': 0.0004599344167673468, 'beta_4': 1.7614735923434307e-07, 'beta_5': 0.7860607208322654, 'beta_6': 1.1512818710630707e-05, 'beta_7': 0.019052781159599467, 'beta_8': 0.006410076424015006, 'beta_9': 0.00013473474964727258, 'beta_10': 1.1684084429752894e-06}. Best is trial 128 with value: 4576.6471742499725.
[I 2026-03-30 23:21:23,971] Trial 131 finished with value: 8068.92181671041 and parameters: {'alpha_0': 0.0018826069269301405, 'alpha_1': 0.00011804469208944486, 'alpha_2': 0.0001805227706423309, 'beta_0': 0.21593883637511752, 'beta_1': 1.0439786834238034, 'beta_2': 0.24981013350194542, 'beta_3': 0.00037779992856582184, 'beta_4': 3.2707379803512274e-07, 'beta_5': 0.8495629668619463, 'beta_6': 1.2518571927182039e-05, 'beta_7': 0.01767449865081679, 'beta_8': 0.024927096506681, 'beta_9': 0.00012745953546326852, 'beta_10': 1.2390171476596605e-06}. Best is trial 128 with value: 4576.6471742499725.
[I 2026-03-30 23:21:55,087] Trial 132 finished with value: 4830.217579076641 and parameters: {'alpha_0': 0.002032228466506367, 'alpha_1': 0.00010678664953472415, 'alpha_2': 0.00018327610377671306, 'beta_0': 0.21074006443058446, 'beta_1': 1.0621004069389919, 'beta_2': 0.15967468442610178, 'beta_3': 0.0004413749740117679, 'beta_4': 1.3501366106908772e-07, 'beta_5': 0.8188609958526233, 'beta_6': 1.0532500949798428e-05, 'beta_7': 0.0717036362423666, 'beta_8': 0.005519440898863993, 'beta_9': 0.00012925464939171424, 'beta_10': 1.1104399448973984e-06}. Best is trial 128 with value: 4576.6471742499725.
[I 2026-03-30 23:22:26,507] Trial 133 finished with value: 4616.606085354408 and parameters: {'alpha_0': 0.0019476697496178445, 'alpha_1': 0.00011080847168166093, 'alpha_2': 0.0001724494878910246, 'beta_0': 0.20722323571513554, 'beta_1': 1.025852505777956, 'beta_2': 0.23454633090614813, 'beta_3': 0.00039104848414931066, 'beta_4': 1.7999415189887794e-07, 'beta_5': 0.8274557485081963, 'beta_6': 1.1853673554277076e-05, 'beta_7': 0.01779329610562481, 'beta_8': 0.005489231943135745, 'beta_9': 0.00012559902357740424, 'beta_10': 1.210192253041841e-06}. Best is trial 128 with value: 4576.6471742499725.
[I 2026-03-30 23:22:57,534] Trial 134 finished with value: 5499.720708186211 and parameters: {'alpha_0': 0.002133013281553518, 'alpha_1': 0.00011369473533360897, 'alpha_2': 0.00017180507012531105, 'beta_0': 0.214168493931362, 'beta_1': 1.0204759381059607, 'beta_2': 0.24527593168011952, 'beta_3': 0.0005072428078825341, 'beta_4': 8.419685170417832e-08, 'beta_5': 0.8488622177890763, 'beta_6': 1.2047847243663378e-05, 'beta_7': 0.02189976020722886, 'beta_8': 0.006316858749558917, 'beta_9': 0.00012505696680961977, 'beta_10': 1.201236054136472e-06}. Best is trial 128 with value: 4576.6471742499725.
[I 2026-03-30 23:23:28,160] Trial 135 finished with value: 4562.203600371886 and parameters: {'alpha_0': 0.0019353555657513402, 'alpha_1': 0.00010673841385461031, 'alpha_2': 0.00017574822204803159, 'beta_0': 0.2062163467044088, 'beta_1': 1.029897065278003, 'beta_2': 0.22602567291862324, 'beta_3': 0.0004186033322691617, 'beta_4': 1.9155848567089916e-07, 'beta_5': 0.760708632308756, 'beta_6': 1.1755402217412366e-05, 'beta_7': 0.01956279226808721, 'beta_8': 0.005394542817399929, 'beta_9': 0.0001325827755314784, 'beta_10': 1.135981702445156e-06}. Best is trial 135 with value: 4562.203600371886.
[I 2026-03-30 23:23:59,497] Trial 136 finished with value: 4460.080881581064 and parameters: {'alpha_0': 0.0020008240717709655, 'alpha_1': 0.00010801020224356715, 'alpha_2': 0.0001643995571108317, 'beta_0': 0.20600914298485182, 'beta_1': 1.003898567228169, 'beta_2': 0.2863350351901204, 'beta_3': 0.00037018613827636757, 'beta_4': 5.562391808531187e-08, 'beta_5': 0.7653844778950413, 'beta_6': 1.2883586512224349e-05, 'beta_7': 0.014223155363749034, 'beta_8': 0.005390149616273216, 'beta_9': 0.00013053312032278657, 'beta_10': 1.0694718192927425e-06}. Best is trial 136 with value: 4460.080881581064.
[I 2026-03-30 23:24:30,606] Trial 137 finished with value: 5823.254402910576 and parameters: {'alpha_0': 0.0022147289445663397, 'alpha_1': 0.00010971675554573229, 'alpha_2': 0.00016355949049023656, 'beta_0': 0.2061396244257967, 'beta_1': 1.0006733378289754, 'beta_2': 0.3034601021236002, 'beta_3': 0.0003947407722083404, 'beta_4': 6.970912931595864e-08, 'beta_5': 0.7617750389664419, 'beta_6': 1.2911931999747486e-05, 'beta_7': 0.014127646297917806, 'beta_8': 0.006806167005882186, 'beta_9': 0.00013029433647691386, 'beta_10': 1.0622572152517518e-06}. Best is trial 136 with value: 4460.080881581064.
[I 2026-03-30 23:25:01,201] Trial 138 finished with value: 4640.806612017734 and parameters: {'alpha_0': 0.0016755386461240827, 'alpha_1': 0.00010381105183927887, 'alpha_2': 0.00017831867267150835, 'beta_0': 0.2191475395425059, 'beta_1': 1.0335654073963325, 'beta_2': 0.2844065524206, 'beta_3': 0.0005680541684685132, 'beta_4': 1.7346114542394977e-07, 'beta_5': 0.7933742270739771, 'beta_6': 1.2030848465054418e-05, 'beta_7': 0.019520456741853504, 'beta_8': 0.005337684502982638, 'beta_9': 0.00013968558196704664, 'beta_10': 1.1320063088964683e-06}. Best is trial 136 with value: 4460.080881581064.
[I 2026-03-30 23:25:31,746] Trial 139 finished with value: 4601.684416808196 and parameters: {'alpha_0': 0.0016869130108806503, 'alpha_1': 9.340753647123069e-05, 'alpha_2': 0.0001779672679710213, 'beta_0': 0.198840673521089, 'beta_1': 1.0342841165849774, 'beta_2': 0.29049731104047244, 'beta_3': 0.0005629666305467213, 'beta_4': 1.2078171782220991e-07, 'beta_5': 0.7438340123378666, 'beta_6': 1.1393158219477346e-05, 'beta_7': 0.013956685520084416, 'beta_8': 0.005365044605381425, 'beta_9': 0.0001403048592992702, 'beta_10': 1.1421672269162137e-06}. Best is trial 136 with value: 4460.080881581064.
[I 2026-03-30 23:25:45,146] Trial 140 finished with value: 10697.8271970629 and parameters: {'alpha_0': 0.0016892873315895608, 'alpha_1': 0.00010327561858964042, 'alpha_2': 0.00016706434422136997, 'beta_0': 0.20011643047571082, 'beta_1': 1.0247257616585426, 'beta_2': 0.27751960705204887, 'beta_3': 0.0005775692368324714, 'beta_4': 1.1818494584482463e-07, 'beta_5': 0.7447754978173121, 'beta_6': 1.1965726873347466e-05, 'beta_7': 0.014180365244784165, 'beta_8': 0.011822267859436917, 'beta_9': 0.00013803218164313885, 'beta_10': 1.1378869154688967e-06}. Best is trial 136 with value: 4460.080881581064.Best trial: 136. Best value: 4460.08:  28%|██▊       | 140/500 [1:00:23<3:01:51, 30.31s/it]Best trial: 136. Best value: 4460.08:  28%|██▊       | 140/500 [1:00:23<3:01:51, 30.31s/it]Best trial: 136. Best value: 4460.08:  28%|██▊       | 141/500 [1:00:23<2:31:00, 25.24s/it]                                                                                           Best trial: 136. Best value: 4460.08:  28%|██▊       | 141/500 [1:00:54<2:31:00, 25.24s/it]Best trial: 136. Best value: 4460.08:  28%|██▊       | 141/500 [1:00:54<2:31:00, 25.24s/it]Best trial: 136. Best value: 4460.08:  28%|██▊       | 142/500 [1:00:54<2:40:43, 26.94s/it]                                                                                           Best trial: 136. Best value: 4460.08:  28%|██▊       | 142/500 [1:01:25<2:40:43, 26.94s/it]Best trial: 136. Best value: 4460.08:  28%|██▊       | 142/500 [1:01:25<2:40:43, 26.94s/it]Best trial: 136. Best value: 4460.08:  29%|██▊       | 143/500 [1:01:25<2:48:00, 28.24s/it]                                                                                           Best trial: 136. Best value: 4460.08:  29%|██▊       | 143/500 [1:01:56<2:48:00, 28.24s/it]Best trial: 136. Best value: 4460.08:  29%|██▊       | 143/500 [1:01:56<2:48:00, 28.24s/it]Best trial: 136. Best value: 4460.08:  29%|██▉       | 144/500 [1:01:56<2:52:40, 29.10s/it]                                                                                           Best trial: 136. Best value: 4460.08:  29%|██▉       | 144/500 [1:02:27<2:52:40, 29.10s/it]Best trial: 136. Best value: 4460.08:  29%|██▉       | 144/500 [1:02:27<2:52:40, 29.10s/it]Best trial: 136. Best value: 4460.08:  29%|██▉       | 145/500 [1:02:27<2:55:33, 29.67s/it]                                                                                           Best trial: 136. Best value: 4460.08:  29%|██▉       | 145/500 [1:02:36<2:55:33, 29.67s/it]Best trial: 136. Best value: 4460.08:  29%|██▉       | 145/500 [1:02:36<2:55:33, 29.67s/it]Best trial: 136. Best value: 4460.08:  29%|██▉       | 146/500 [1:02:36<2:18:51, 23.53s/it]                                                                                           Best trial: 136. Best value: 4460.08:  29%|██▉       | 146/500 [1:03:07<2:18:51, 23.53s/it]Best trial: 136. Best value: 4460.08:  29%|██▉       | 146/500 [1:03:07<2:18:51, 23.53s/it]Best trial: 136. Best value: 4460.08:  29%|██▉       | 147/500 [1:03:07<2:31:15, 25.71s/it]                                                                                           Best trial: 136. Best value: 4460.08:  29%|██▉       | 147/500 [1:03:17<2:31:15, 25.71s/it]Best trial: 136. Best value: 4460.08:  29%|██▉       | 147/500 [1:03:17<2:31:15, 25.71s/it]Best trial: 136. Best value: 4460.08:  30%|██▉       | 148/500 [1:03:17<2:03:15, 21.01s/it]                                                                                           Best trial: 136. Best value: 4460.08:  30%|██▉       | 148/500 [1:03:48<2:03:15, 21.01s/it]Best trial: 148. Best value: 4225.32:  30%|██▉       | 148/500 [1:03:48<2:03:15, 21.01s/it]Best trial: 148. Best value: 4225.32:  30%|██▉       | 149/500 [1:03:48<2:19:21, 23.82s/it]                                                                                           Best trial: 148. Best value: 4225.32:  30%|██▉       | 149/500 [1:04:18<2:19:21, 23.82s/it]Best trial: 148. Best value: 4225.32:  30%|██▉       | 149/500 [1:04:18<2:19:21, 23.82s/it]Best trial: 148. Best value: 4225.32:  30%|███       | 150/500 [1:04:18<2:30:44, 25.84s/it]                                                                                           Best trial: 148. Best value: 4225.32:  30%|███       | 150/500 [1:04:49<2:30:44, 25.84s/it]Best trial: 148. Best value: 4225.32:  30%|███       | 150/500 [1:04:49<2:30:44, 25.84s/it]Best trial: 148. Best value: 4225.32:  30%|███       | 151/500 [1:04:49<2:39:05, 27.35s/it]                                                                                           Best trial: 148. Best value: 4225.32:  30%|███       | 151/500 [1:05:20<2:39:05, 27.35s/it]Best trial: 148. Best value: 4225.32:  30%|███       | 151/500 [1:05:20<2:39:05, 27.35s/it]Best trial: 148. Best value: 4225.32:  30%|███       | 152/500 [1:05:20<2:44:47, 28.41s/it]                                                                                           Best trial: 148. Best value: 4225.32:  30%|███       | 152/500 [1:05:51<2:44:47, 28.41s/it]Best trial: 148. Best value: 4225.32:  30%|███       | 152/500 [1:05:51<2:44:47, 28.41s/it]Best trial: 148. Best value: 4225.32:  31%|███       | 153/500 [1:05:51<2:48:45, 29.18s/it]                                                                                           Best trial: 148. Best value: 4225.32:  31%|███       | 153/500 [1:06:22<2:48:45, 29.18s/it]Best trial: 148. Best value: 4225.32:  31%|███       | 153/500 [1:06:22<2:48:45, 29.18s/it]Best trial: 148. Best value: 4225.32:  31%|███       | 154/500 [1:06:22<2:51:02, 29.66s/it]                                                                                           
[I 2026-03-30 23:26:16,047] Trial 141 finished with value: 4530.367712760843 and parameters: {'alpha_0': 0.0017408431984632141, 'alpha_1': 9.438798189032572e-05, 'alpha_2': 0.0001763560693866974, 'beta_0': 0.2199873601576672, 'beta_1': 1.0356067774726303, 'beta_2': 0.2665196045285929, 'beta_3': 0.0005347995212734098, 'beta_4': 1.3789991710917053e-07, 'beta_5': 0.7312932210030215, 'beta_6': 1.1710061373517554e-05, 'beta_7': 0.015664328327083032, 'beta_8': 0.005303312700530703, 'beta_9': 0.0001408697428851933, 'beta_10': 1.086370849897942e-06}. Best is trial 136 with value: 4460.080881581064.
[I 2026-03-30 23:26:47,316] Trial 142 finished with value: 4594.569671644893 and parameters: {'alpha_0': 0.0013396582118821395, 'alpha_1': 9.14359594480424e-05, 'alpha_2': 0.00017763288849443308, 'beta_0': 0.2194918589128431, 'beta_1': 1.0376706765268011, 'beta_2': 0.27599846518306465, 'beta_3': 0.0005549936380019009, 'beta_4': 1.458276953030382e-07, 'beta_5': 0.7287743545007525, 'beta_6': 1.1659600639092384e-05, 'beta_7': 0.015707973396477067, 'beta_8': 0.00534212153648167, 'beta_9': 0.00014058808929372788, 'beta_10': 1.0138972018845267e-06}. Best is trial 136 with value: 4460.080881581064.
[I 2026-03-30 23:27:18,440] Trial 143 finished with value: 5372.55521434703 and parameters: {'alpha_0': 0.0013168866895512078, 'alpha_1': 9.57469312108995e-05, 'alpha_2': 0.0001785931850574211, 'beta_0': 0.20811302131375925, 'beta_1': 1.0409109669938368, 'beta_2': 0.17803472767365092, 'beta_3': 0.0005134717199111558, 'beta_4': 1.412119306364361e-07, 'beta_5': 0.7309001004862604, 'beta_6': 1.280814343653374e-05, 'beta_7': 0.015333284277944642, 'beta_8': 0.006223732346782177, 'beta_9': 0.0001419077309123356, 'beta_10': 1.000944521191483e-06}. Best is trial 136 with value: 4460.080881581064.
[I 2026-03-30 23:27:49,444] Trial 144 finished with value: 4600.585560556864 and parameters: {'alpha_0': 0.0010440607410535391, 'alpha_1': 0.00011313201305607764, 'alpha_2': 0.00017666308875030626, 'beta_0': 0.22104498951394616, 'beta_1': 1.0135164141673318, 'beta_2': 0.28808062967513376, 'beta_3': 0.0006087529695660457, 'beta_4': 5.359226760450892e-08, 'beta_5': 0.7506441183523161, 'beta_6': 1.1455017965513632e-05, 'beta_7': 0.016122260584301953, 'beta_8': 0.005283624673424141, 'beta_9': 0.0001407788860916382, 'beta_10': 1.086430258654888e-06}. Best is trial 136 with value: 4460.080881581064.
