[I 2026-03-30 22:38:55,189] Trial 42 finished with value: 7113.297135597646 and parameters: {'alpha_0': 0.004144193955181816, 'alpha_1': 0.00013469852404578847, 'alpha_2': 0.00023914138645487814, 'beta_0': 0.23930069193879303, 'beta_1': 1.4563734568616624, 'beta_2': 0.553361947376882, 'beta_3': 0.0020346652276812477, 'beta_4': 3.1696952319582505e-07, 'beta_5': 0.5026940344365683, 'beta_6': 2.7994434896889988e-05, 'beta_7': 0.02295121931842407, 'beta_8': 0.006469858329076709, 'beta_9': 0.00012142167188913109, 'beta_10': 2.60848764045202e-07}. Best is trial 28 with value: 5860.04694356121.Best trial: 28. Best value: 5860.05:   8%|▊         | 42/500 [13:33<2:39:27, 20.89s/it]Best trial: 28. Best value: 5860.05:   8%|▊         | 42/500 [13:33<2:39:27, 20.89s/it]Best trial: 28. Best value: 5860.05:   9%|▊         | 43/500 [13:33<3:02:52, 24.01s/it]                                                                                       Best trial: 28. Best value: 5860.05:   9%|▊         | 43/500 [13:53<3:02:52, 24.01s/it]Best trial: 28. Best value: 5860.05:   9%|▊         | 43/500 [13:53<3:02:52, 24.01s/it]Best trial: 28. Best value: 5860.05:   9%|▉         | 44/500 [13:53<2:54:01, 22.90s/it]                                                                                       Best trial: 28. Best value: 5860.05:   9%|▉         | 44/500 [14:24<2:54:01, 22.90s/it]Best trial: 28. Best value: 5860.05:   9%|▉         | 44/500 [14:24<2:54:01, 22.90s/it]Best trial: 28. Best value: 5860.05:   9%|▉         | 45/500 [14:24<3:11:38, 25.27s/it]                                                                                       Best trial: 28. Best value: 5860.05:   9%|▉         | 45/500 [14:55<3:11:38, 25.27s/it]Best trial: 28. Best value: 5860.05:   9%|▉         | 45/500 [14:55<3:11:38, 25.27s/it]Best trial: 28. Best value: 5860.05:   9%|▉         | 46/500 [14:55<3:23:17, 26.87s/it]                                                                                       Best trial: 28. Best value: 5860.05:   9%|▉         | 46/500 [15:26<3:23:17, 26.87s/it]Best trial: 46. Best value: 5677.07:   9%|▉         | 46/500 [15:26<3:23:17, 26.87s/it]Best trial: 46. Best value: 5677.07:   9%|▉         | 47/500 [15:26<3:32:02, 28.08s/it]                                                                                       Best trial: 46. Best value: 5677.07:   9%|▉         | 47/500 [15:56<3:32:02, 28.08s/it]Best trial: 46. Best value: 5677.07:   9%|▉         | 47/500 [15:56<3:32:02, 28.08s/it]Best trial: 46. Best value: 5677.07:  10%|▉         | 48/500 [15:56<3:37:26, 28.86s/it]                                                                                       Best trial: 46. Best value: 5677.07:  10%|▉         | 48/500 [16:10<3:37:26, 28.86s/it]Best trial: 46. Best value: 5677.07:  10%|▉         | 48/500 [16:10<3:37:26, 28.86s/it]Best trial: 46. Best value: 5677.07:  10%|▉         | 49/500 [16:10<3:02:04, 24.22s/it]                                                                                       Best trial: 46. Best value: 5677.07:  10%|▉         | 49/500 [16:28<3:02:04, 24.22s/it]Best trial: 46. Best value: 5677.07:  10%|▉         | 49/500 [16:28<3:02:04, 24.22s/it]Best trial: 46. Best value: 5677.07:  10%|█         | 50/500 [16:28<2:48:45, 22.50s/it]                                                                                       Best trial: 46. Best value: 5677.07:  10%|█         | 50/500 [16:59<2:48:45, 22.50s/it]Best trial: 46. Best value: 5677.07:  10%|█         | 50/500 [16:59<2:48:45, 22.50s/it]Best trial: 46. Best value: 5677.07:  10%|█         | 51/500 [16:59<3:06:35, 24.93s/it]                                                                                       Best trial: 46. Best value: 5677.07:  10%|█         | 51/500 [17:29<3:06:35, 24.93s/it]Best trial: 51. Best value: 5618.27:  10%|█         | 51/500 [17:29<3:06:35, 24.93s/it]Best trial: 51. Best value: 5618.27:  10%|█         | 52/500 [17:29<3:19:14, 26.68s/it]                                                                                       Best trial: 51. Best value: 5618.27:  10%|█         | 52/500 [18:00<3:19:14, 26.68s/it]Best trial: 52. Best value: 5575.89:  10%|█         | 52/500 [18:00<3:19:14, 26.68s/it]Best trial: 52. Best value: 5575.89:  11%|█         | 53/500 [18:00<3:28:01, 27.92s/it]                                                                                       Best trial: 52. Best value: 5575.89:  11%|█         | 53/500 [18:31<3:28:01, 27.92s/it]Best trial: 52. Best value: 5575.89:  11%|█         | 53/500 [18:31<3:28:01, 27.92s/it]Best trial: 52. Best value: 5575.89:  11%|█         | 54/500 [18:31<3:33:16, 28.69s/it]                                                                                       Best trial: 52. Best value: 5575.89:  11%|█         | 54/500 [18:40<3:33:16, 28.69s/it]Best trial: 52. Best value: 5575.89:  11%|█         | 54/500 [18:40<3:33:16, 28.69s/it]Best trial: 52. Best value: 5575.89:  11%|█         | 55/500 [18:40<2:49:36, 22.87s/it]                                                                                       Best trial: 52. Best value: 5575.89:  11%|█         | 55/500 [19:10<2:49:36, 22.87s/it]Best trial: 55. Best value: 5276.34:  11%|█         | 55/500 [19:10<2:49:36, 22.87s/it]Best trial: 55. Best value: 5276.34:  11%|█         | 56/500 [19:10<3:05:54, 25.12s/it]                                                                                       
[I 2026-03-30 22:39:15,496] Trial 43 finished with value: 8554.522096131397 and parameters: {'alpha_0': 0.0015859245775792148, 'alpha_1': 0.00018216201524334566, 'alpha_2': 0.00019743525950296348, 'beta_0': 0.21639926955988414, 'beta_1': 1.5299629025004733, 'beta_2': 0.9012486021273408, 'beta_3': 0.0016410842080054394, 'beta_4': 6.03583302783352e-07, 'beta_5': 0.3921592588859889, 'beta_6': 2.210605788438188e-05, 'beta_7': 0.016845532494209718, 'beta_8': 0.008230282828241474, 'beta_9': 0.00010796426716608244, 'beta_10': 7.578484993604911e-07}. Best is trial 28 with value: 5860.04694356121.
[I 2026-03-30 22:39:46,300] Trial 44 finished with value: 6768.268120350438 and parameters: {'alpha_0': 0.004997272607159809, 'alpha_1': 0.00015791187577045632, 'alpha_2': 0.00011188706356970822, 'beta_0': 0.20186287022725868, 'beta_1': 1.2788227361351563, 'beta_2': 0.702486685671209, 'beta_3': 0.0006912021902157338, 'beta_4': 6.953427277270433e-07, 'beta_5': 0.7764238737172919, 'beta_6': 1.214517371790979e-05, 'beta_7': 0.029387159366791822, 'beta_8': 0.007230390731335211, 'beta_9': 0.00013428662803938933, 'beta_10': 1.0879427180790216e-06}. Best is trial 28 with value: 5860.04694356121.
[I 2026-03-30 22:40:16,895] Trial 45 finished with value: 6026.059377588058 and parameters: {'alpha_0': 0.0046080936408261575, 'alpha_1': 0.00010381018448873264, 'alpha_2': 0.00017693800377969112, 'beta_0': 0.15908894737193735, 'beta_1': 1.3288610948875932, 'beta_2': 0.636734003284723, 'beta_3': 0.0013990826579110174, 'beta_4': 4.979966894528536e-07, 'beta_5': 0.4732208252482469, 'beta_6': 2.553027577429014e-05, 'beta_7': 0.011586611574605395, 'beta_8': 0.005987272215400609, 'beta_9': 0.0001168969914474157, 'beta_10': 5.998232060134899e-07}. Best is trial 28 with value: 5860.04694356121.
[I 2026-03-30 22:40:47,818] Trial 46 finished with value: 5677.074543304247 and parameters: {'alpha_0': 0.00465184302572385, 'alpha_1': 8.594019506018638e-05, 'alpha_2': 0.00017531005396038052, 'beta_0': 0.16056445143012768, 'beta_1': 1.3195583408691818, 'beta_2': 0.6201355573586422, 'beta_3': 0.0010798790554767796, 'beta_4': 8.3327560196971e-07, 'beta_5': 0.47693347065485686, 'beta_6': 2.610314962270323e-05, 'beta_7': 0.012482298373849027, 'beta_8': 0.005728792865281736, 'beta_9': 8.732767521797817e-05, 'beta_10': 8.94141088113225e-07}. Best is trial 46 with value: 5677.074543304247.
[I 2026-03-30 22:41:18,501] Trial 47 finished with value: 6749.608497699418 and parameters: {'alpha_0': 0.004667425916648204, 'alpha_1': 8.85237849617477e-05, 'alpha_2': 0.00018276385903589348, 'beta_0': 0.1638107495115315, 'beta_1': 1.3450994250717814, 'beta_2': 0.5692077195095594, 'beta_3': 0.0011126869365561932, 'beta_4': 2.470945274753448e-07, 'beta_5': 0.47231534988790963, 'beta_6': 2.975822136607882e-05, 'beta_7': 0.011828141722092383, 'beta_8': 0.007054823494644015, 'beta_9': 8.858571196123013e-05, 'beta_10': 8.972462012127677e-07}. Best is trial 46 with value: 5677.074543304247.
[I 2026-03-30 22:41:31,893] Trial 48 finished with value: 10766.479158038155 and parameters: {'alpha_0': 0.004589289051553598, 'alpha_1': 0.0001076311510229111, 'alpha_2': 0.0001434905725171586, 'beta_0': 0.1772005232575877, 'beta_1': 1.3974757057187135, 'beta_2': 0.6468514278466896, 'beta_3': 0.00020446347259196534, 'beta_4': 3.981231169594999e-07, 'beta_5': 0.5165144735028057, 'beta_6': 2.6006628998870382e-05, 'beta_7': 0.022473576437715026, 'beta_8': 0.012192890851021723, 'beta_9': 0.00010464927854213544, 'beta_10': 1.0334456310393832e-06}. Best is trial 46 with value: 5677.074543304247.
[I 2026-03-30 22:41:50,374] Trial 49 finished with value: 8270.352699809531 and parameters: {'alpha_0': 0.004764104955317924, 'alpha_1': 8.406210199826159e-05, 'alpha_2': 8.537754023893674e-05, 'beta_0': 0.15682093606681635, 'beta_1': 1.2923014131678818, 'beta_2': 0.48575145411407933, 'beta_3': 0.0014793851091751303, 'beta_4': 5.102405816422478e-07, 'beta_5': 0.47712805347203535, 'beta_6': 3.395585057099525e-05, 'beta_7': 0.013023504693812677, 'beta_8': 0.00846881015543868, 'beta_9': 0.00011748907920453533, 'beta_10': 2.0029418289990255e-07}. Best is trial 46 with value: 5677.074543304247.
[I 2026-03-30 22:42:20,985] Trial 50 finished with value: 6354.389042438789 and parameters: {'alpha_0': 0.004419130468184193, 'alpha_1': 9.816137156903987e-05, 'alpha_2': 0.00019213723293276563, 'beta_0': 0.16050449072351738, 'beta_1': 1.3191608178541554, 'beta_2': 0.41578604010314085, 'beta_3': 0.0013497658793588962, 'beta_4': 8.482678931222038e-07, 'beta_5': 0.3440206385760253, 'beta_6': 3.180752266214529e-05, 'beta_7': 0.016248603876145483, 'beta_8': 0.006247856620750296, 'beta_9': 8.164622314668225e-05, 'beta_10': 3.758455830931564e-07}. Best is trial 46 with value: 5677.074543304247.
[I 2026-03-30 22:42:51,751] Trial 51 finished with value: 5618.267816908249 and parameters: {'alpha_0': 0.0027766817987861063, 'alpha_1': 6.262999885557751e-05, 'alpha_2': 0.00017309479733252224, 'beta_0': 0.1380988693275795, 'beta_1': 1.3464409595174405, 'beta_2': 0.6684394308755467, 'beta_3': 0.0010947664439031066, 'beta_4': 7.563065468875363e-07, 'beta_5': 0.5582449040766635, 'beta_6': 2.5001450124971232e-05, 'beta_7': 0.01054429791655326, 'beta_8': 0.0057464611521253275, 'beta_9': 0.00011324118580471983, 'beta_10': 8.717723226880983e-07}. Best is trial 51 with value: 5618.267816908249.
[I 2026-03-30 22:43:22,568] Trial 52 finished with value: 5575.892891698704 and parameters: {'alpha_0': 0.0038711266148952566, 'alpha_1': 6.505199173073258e-05, 'alpha_2': 0.00017557074478516293, 'beta_0': 0.1250918821162187, 'beta_1': 1.3467398213470303, 'beta_2': 0.6443966387568938, 'beta_3': 0.001095757238777946, 'beta_4': 7.263258429232147e-07, 'beta_5': 0.5597097830264399, 'beta_6': 2.499521968718781e-05, 'beta_7': 0.010165969268793113, 'beta_8': 0.0057133628460476924, 'beta_9': 0.0001129524188841794, 'beta_10': 8.674591771928804e-07}. Best is trial 52 with value: 5575.892891698704.
[I 2026-03-30 22:43:53,053] Trial 53 finished with value: 5632.607281814029 and parameters: {'alpha_0': 0.0038502278972007494, 'alpha_1': 6.536987373945715e-05, 'alpha_2': 0.00016670187564057524, 'beta_0': 0.1301896403760874, 'beta_1': 1.3569055281935911, 'beta_2': 0.72423021699497, 'beta_3': 0.0010472864480405735, 'beta_4': 7.537971367789261e-07, 'beta_5': 0.557700226291157, 'beta_6': 2.7270796427575207e-05, 'beta_7': 0.010065925730409233, 'beta_8': 0.005836527358847662, 'beta_9': 9.598964507030637e-05, 'beta_10': 8.948989555999675e-07}. Best is trial 52 with value: 5575.892891698704.
[I 2026-03-30 22:44:02,337] Trial 54 finished with value: 8960.833338438175 and parameters: {'alpha_0': 0.003494990083947924, 'alpha_1': 6.256939704245316e-05, 'alpha_2': 0.0001526288925250605, 'beta_0': 0.1283242238669344, 'beta_1': 1.3576013242385532, 'beta_2': 0.7401182896609142, 'beta_3': 0.0007123374170118655, 'beta_4': 7.15955609609109e-07, 'beta_5': 0.5538161555982524, 'beta_6': 2.737080346242544e-05, 'beta_7': 0.021353785470046655, 'beta_8': 0.01983186194402399, 'beta_9': 9.464756592605464e-05, 'beta_10': 8.719540264765583e-07}. Best is trial 52 with value: 5575.892891698704.
[I 2026-03-30 22:44:32,719] Trial 55 finished with value: 5276.344122769001 and parameters: {'alpha_0': 0.002772566635704632, 'alpha_1': 6.492296852981157e-05, 'alpha_2': 0.00016777647802205614, 'beta_0': 0.11483662512502948, 'beta_1': 1.239038533926765, 'beta_2': 0.6698545453905768, 'beta_3': 0.0010502946061425442, 'beta_4': 9.511033713530125e-07, 'beta_5': 0.6024597756308041, 'beta_6': 2.4184291503678544e-05, 'beta_7': 0.010057394555375056, 'beta_8': 0.005038350270048156, 'beta_9': 0.0001113058083287823, 'beta_10': 1.175961682426612e-06}. Best is trial 55 with value: 5276.344122769001.
[I 2026-03-30 22:45:03,373] Trial 56 finished with value: 6803.176018714659 and parameters: {'alpha_0': 0.0027518561725905616, 'alpha_1': 5.9720182651218956e-05, 'alpha_2': 0.00016555850851049118, 'beta_0': 0.11988967750906121, 'beta_1': 1.2480479318697482, 'beta_2': 0.6785841593015987, 'beta_3': 0.0009906186973310798, 'beta_4': 7.602146801663575e-07, 'beta_5': 0.603162621418115, 'beta_6': 2.4275903653420146e-05, 'beta_7': 0.010107822916469373, 'beta_8': 0.007085138332744179, 'beta_9': 8.615172777974673e-05, 'beta_10': 1.2007227149008579e-06}. Best is trial 55 with value: 5276.344122769001.Best trial: 55. Best value: 5276.34:  11%|█         | 56/500 [19:41<3:05:54, 25.12s/it]Best trial: 55. Best value: 5276.34:  11%|█         | 56/500 [19:41<3:05:54, 25.12s/it]Best trial: 55. Best value: 5276.34:  11%|█▏        | 57/500 [19:41<3:17:44, 26.78s/it]                                                                                       Best trial: 55. Best value: 5276.34:  11%|█▏        | 57/500 [20:12<3:17:44, 26.78s/it]Best trial: 55. Best value: 5276.34:  11%|█▏        | 57/500 [20:12<3:17:44, 26.78s/it]Best trial: 55. Best value: 5276.34:  12%|█▏        | 58/500 [20:12<3:26:29, 28.03s/it]                                                                                       Best trial: 55. Best value: 5276.34:  12%|█▏        | 58/500 [20:30<3:26:29, 28.03s/it]Best trial: 55. Best value: 5276.34:  12%|█▏        | 58/500 [20:30<3:26:29, 28.03s/it]Best trial: 55. Best value: 5276.34:  12%|█▏        | 59/500 [20:30<3:03:52, 25.02s/it]                                                                                       Best trial: 55. Best value: 5276.34:  12%|█▏        | 59/500 [21:01<3:03:52, 25.02s/it]Best trial: 55. Best value: 5276.34:  12%|█▏        | 59/500 [21:01<3:03:52, 25.02s/it]Best trial: 55. Best value: 5276.34:  12%|█▏        | 60/500 [21:01<3:15:45, 26.70s/it]                                                                                       Best trial: 55. Best value: 5276.34:  12%|█▏        | 60/500 [21:10<3:15:45, 26.70s/it]Best trial: 55. Best value: 5276.34:  12%|█▏        | 60/500 [21:10<3:15:45, 26.70s/it]Best trial: 55. Best value: 5276.34:  12%|█▏        | 61/500 [21:10<2:38:18, 21.64s/it]                                                                                       Best trial: 55. Best value: 5276.34:  12%|█▏        | 61/500 [21:41<2:38:18, 21.64s/it]Best trial: 55. Best value: 5276.34:  12%|█▏        | 61/500 [21:41<2:38:18, 21.64s/it]Best trial: 55. Best value: 5276.34:  12%|█▏        | 62/500 [21:41<2:57:13, 24.28s/it]                                                                                       Best trial: 55. Best value: 5276.34:  12%|█▏        | 62/500 [22:12<2:57:13, 24.28s/it]Best trial: 55. Best value: 5276.34:  12%|█▏        | 62/500 [22:12<2:57:13, 24.28s/it]Best trial: 55. Best value: 5276.34:  13%|█▎        | 63/500 [22:12<3:10:41, 26.18s/it]                                                                                       Best trial: 55. Best value: 5276.34:  13%|█▎        | 63/500 [22:43<3:10:41, 26.18s/it]Best trial: 55. Best value: 5276.34:  13%|█▎        | 63/500 [22:43<3:10:41, 26.18s/it]Best trial: 55. Best value: 5276.34:  13%|█▎        | 64/500 [22:43<3:20:48, 27.63s/it]                                                                                       Best trial: 55. Best value: 5276.34:  13%|█▎        | 64/500 [23:13<3:20:48, 27.63s/it]Best trial: 55. Best value: 5276.34:  13%|█▎        | 64/500 [23:13<3:20:48, 27.63s/it]Best trial: 55. Best value: 5276.34:  13%|█▎        | 65/500 [23:13<3:26:25, 28.47s/it]                                                                                       Best trial: 55. Best value: 5276.34:  13%|█▎        | 65/500 [23:44<3:26:25, 28.47s/it]Best trial: 55. Best value: 5276.34:  13%|█▎        | 65/500 [23:44<3:26:25, 28.47s/it]Best trial: 55. Best value: 5276.34:  13%|█▎        | 66/500 [23:44<3:30:43, 29.13s/it]                                                                                       Best trial: 55. Best value: 5276.34:  13%|█▎        | 66/500 [24:15<3:30:43, 29.13s/it]Best trial: 55. Best value: 5276.34:  13%|█▎        | 66/500 [24:15<3:30:43, 29.13s/it]Best trial: 55. Best value: 5276.34:  13%|█▎        | 67/500 [24:15<3:34:02, 29.66s/it]                                                                                       Best trial: 55. Best value: 5276.34:  13%|█▎        | 67/500 [24:45<3:34:02, 29.66s/it]Best trial: 55. Best value: 5276.34:  13%|█▎        | 67/500 [24:45<3:34:02, 29.66s/it]Best trial: 55. Best value: 5276.34:  14%|█▎        | 68/500 [24:45<3:36:12, 30.03s/it]                                                                                       Best trial: 55. Best value: 5276.34:  14%|█▎        | 68/500 [24:55<3:36:12, 30.03s/it]Best trial: 55. Best value: 5276.34:  14%|█▎        | 68/500 [24:55<3:36:12, 30.03s/it]Best trial: 55. Best value: 5276.34:  14%|█▍        | 69/500 [24:55<2:50:54, 23.79s/it]                                                                                       Best trial: 55. Best value: 5276.34:  14%|█▍        | 69/500 [25:25<2:50:54, 23.79s/it]Best trial: 55. Best value: 5276.34:  14%|█▍        | 69/500 [25:25<2:50:54, 23.79s/it]Best trial: 55. Best value: 5276.34:  14%|█▍        | 70/500 [25:25<3:05:19, 25.86s/it]                                                                                       
[I 2026-03-30 22:45:34,316] Trial 57 finished with value: 5967.212075526748 and parameters: {'alpha_0': 0.0027314141847333624, 'alpha_1': 6.618455913937182e-05, 'alpha_2': 0.00012942419971223622, 'beta_0': 0.1373399188299227, 'beta_1': 1.3505351497146496, 'beta_2': 0.6533236238050754, 'beta_3': 0.0011121726380465787, 'beta_4': 9.769982010299378e-07, 'beta_5': 0.6434628641893383, 'beta_6': 3.0089751938116125e-05, 'beta_7': 0.017242314883113587, 'beta_8': 0.005757963397802687, 'beta_9': 0.00011125769169806373, 'beta_10': 1.3181127108200347e-06}. Best is trial 55 with value: 5276.344122769001.
[I 2026-03-30 22:45:52,304] Trial 58 finished with value: 8998.60736145283 and parameters: {'alpha_0': 0.003123355385078296, 'alpha_1': 7.9169618889198e-05, 'alpha_2': 0.0001363659749331753, 'beta_0': 0.1084026717357915, 'beta_1': 1.1865343465213842, 'beta_2': 0.6058656487296877, 'beta_3': 0.0008103302562258872, 'beta_4': 1.1045461139257853e-06, 'beta_5': 0.5722827607525462, 'beta_6': 2.762136549915168e-05, 'beta_7': 0.012336153032615222, 'beta_8': 0.009200537249171829, 'beta_9': 7.662979301019247e-05, 'beta_10': 1.0949148042617285e-06}. Best is trial 55 with value: 5276.344122769001.
[I 2026-03-30 22:46:22,913] Trial 59 finished with value: 7216.51292149272 and parameters: {'alpha_0': 0.003232823823494602, 'alpha_1': 6.768359115806236e-05, 'alpha_2': 0.00016854522101403442, 'beta_0': 0.11645014555041715, 'beta_1': 1.2975179450576213, 'beta_2': 0.7193840805068749, 'beta_3': 0.0006070483796747973, 'beta_4': 1.0490331904054822e-06, 'beta_5': 0.6217803922543111, 'beta_6': 2.4940173682018676e-05, 'beta_7': 0.024423471712335033, 'beta_8': 0.007664331413910917, 'beta_9': 9.630519048703707e-05, 'beta_10': 1.4744198882916387e-06}. Best is trial 55 with value: 5276.344122769001.
[I 2026-03-30 22:46:32,746] Trial 60 finished with value: 8444.41681929836 and parameters: {'alpha_0': 0.0008702797671698397, 'alpha_1': 5.800789240852675e-05, 'alpha_2': 0.0001561796320104634, 'beta_0': 0.12907067287343096, 'beta_1': 1.3813137577801056, 'beta_2': 0.5543064412009667, 'beta_3': 0.0005003956507835252, 'beta_4': 8.258376915552549e-07, 'beta_5': 0.5544421912005341, 'beta_6': 2.867965997209073e-05, 'beta_7': 0.029647282980673977, 'beta_8': 0.015046129504938867, 'beta_9': 0.00010218952937403642, 'beta_10': 1.1763086705829073e-06}. Best is trial 55 with value: 5276.344122769001.
[I 2026-03-30 22:47:03,182] Trial 61 finished with value: 5500.791038851563 and parameters: {'alpha_0': 0.0018662057768788847, 'alpha_1': 7.745828948592331e-05, 'alpha_2': 0.00016144179596704246, 'beta_0': 0.13947821393381568, 'beta_1': 1.238405470969023, 'beta_2': 0.8444905070701009, 'beta_3': 0.0011200674295794052, 'beta_4': 9.310738182495161e-07, 'beta_5': 0.6032311187240648, 'beta_6': 2.355789915561023e-05, 'beta_7': 0.010068844235928087, 'beta_8': 0.00545906308920393, 'beta_9': 9.192362817148494e-05, 'beta_10': 9.234865892080896e-07}. Best is trial 55 with value: 5276.344122769001.
