[I 2026-03-30 22:29:05,747] Trial 15 finished with value: 8436.00282607755 and parameters: {'alpha_0': 0.001997708732897756, 'alpha_1': 0.0001973843624734245, 'alpha_2': 0.00022843663392999055, 'beta_0': 0.16648981718670355, 'beta_1': 1.3303416674801918, 'beta_2': 0.8687035333371294, 'beta_3': 0.002213018191388443, 'beta_4': 7.307527362921348e-07, 'beta_5': 0.3854908568002069, 'beta_6': 1.1200753653788885e-05, 'beta_7': 0.06193434587141054, 'beta_8': 0.01308143573361812, 'beta_9': 2.9126936260425086e-05, 'beta_10': 7.195091303664152e-07}. Best is trial 14 with value: 6233.151503958095.
[I 2026-03-30 22:29:19,796] Trial 16 finished with value: 9693.05434011612 and parameters: {'alpha_0': 0.0024433600369985465, 'alpha_1': 0.0001395819578410991, 'alpha_2': 0.00017395233440683618, 'beta_0': 0.14083659727207906, 'beta_1': 1.0813574575384273, 'beta_2': 1.0222447039663, 'beta_3': 0.0014435920541588973, 'beta_4': 8.214373530202675e-07, 'beta_5': 0.6520444157909641, 'beta_6': 1.4378753354191021e-05, 'beta_7': 0.07952965802438551, 'beta_8': 0.009112190171121345, 'beta_9': 1.3558580941053597e-05, 'beta_10': 1.331621054455776e-06}. Best is trial 14 with value: 6233.151503958095.
[I 2026-03-30 22:29:29,151] Trial 17 finished with value: 8000.621760685478 and parameters: {'alpha_0': 0.004058258225077842, 'alpha_1': 7.404382050944238e-05, 'alpha_2': 0.0002032600963657297, 'beta_0': 0.13478884456248894, 'beta_1': 1.0518753667076257, 'beta_2': 0.1758438649104036, 'beta_3': 0.002448600167985795, 'beta_4': 1.3949910178614343e-06, 'beta_5': 0.4080886050811154, 'beta_6': 2.4094445028258118e-05, 'beta_7': 0.04971909830558, 'beta_8': 0.016366825686793644, 'beta_9': 0.0001442798073844769, 'beta_10': 1.1483521200470316e-06}. Best is trial 14 with value: 6233.151503958095.
[I 2026-03-30 22:29:38,460] Trial 18 finished with value: 8789.396634602785 and parameters: {'alpha_0': 0.00479733891578415, 'alpha_1': 0.0001872027482889148, 'alpha_2': 0.00011899586955468769, 'beta_0': 0.2994939656961947, 'beta_1': 1.1591961707807936, 'beta_2': 0.75647103986563, 'beta_3': 0.0018521253194722469, 'beta_4': 1.988908654479068e-06, 'beta_5': 0.5391158081469805, 'beta_6': 1.298252510895002e-05, 'beta_7': 0.03597347943740807, 'beta_8': 0.019503230993988284, 'beta_9': 3.195776479045719e-05, 'beta_10': 6.819481307106888e-07}. Best is trial 14 with value: 6233.151503958095.
[I 2026-03-30 22:29:52,161] Trial 19 finished with value: 10514.26823862498 and parameters: {'alpha_0': 0.0014581830534642205, 'alpha_1': 0.00016495640619142437, 'alpha_2': 0.00016387130913251885, 'beta_0': 0.18549781532730902, 'beta_1': 1.260877339334369, 'beta_2': 0.8338866283156896, 'beta_3': 0.002158845370667152, 'beta_4': 9.052673918220226e-07, 'beta_5': 0.6887581107904804, 'beta_6': 1.0251647642294208e-05, 'beta_7': 0.0685753085577058, 'beta_8': 0.00906211993601825, 'beta_9': 8.972123741110163e-05, 'beta_10': 1.6031633626288411e-06}. Best is trial 14 with value: 6233.151503958095.
[I 2026-03-30 22:30:01,588] Trial 20 finished with value: 8133.393587803248 and parameters: {'alpha_0': 0.002651121862233098, 'alpha_1': 0.00012227326169969436, 'alpha_2': 0.00022480578623212141, 'beta_0': 0.12405182903310949, 'beta_1': 1.0027360734003887, 'beta_2': 1.062374112569034, 'beta_3': 0.0025870818314463204, 'beta_4': 1.7197480582950987e-06, 'beta_5': 0.5801201103368001, 'beta_6': 2.1534667529595697e-05, 'beta_7': 0.054638982525580686, 'beta_8': 0.013658581250048688, 'beta_9': 7.289480750983145e-05, 'beta_10': 1.220309288445035e-06}. Best is trial 14 with value: 6233.151503958095.
[I 2026-03-30 22:30:32,478] Trial 21 finished with value: 6993.424030423442 and parameters: {'alpha_0': 0.0030760186205112936, 'alpha_1': 5.080834477068029e-05, 'alpha_2': 0.00015529913940358933, 'beta_0': 0.11182866038697004, 'beta_1': 1.1325996459580745, 'beta_2': 1.1625107633766099, 'beta_3': 0.002960429066841205, 'beta_4': 1.0337224806897425e-06, 'beta_5': 0.5525743558564483, 'beta_6': 1.6846559143350572e-05, 'beta_7': 0.04608739931752893, 'beta_8': 0.00516134923215597, 'beta_9': 4.6068986813635974e-05, 'beta_10': 2.5843124612688616e-07}. Best is trial 14 with value: 6233.151503958095.
[I 2026-03-30 22:31:03,066] Trial 22 finished with value: 6893.676033592803 and parameters: {'alpha_0': 0.003332033575921429, 'alpha_1': 7.085864515185585e-05, 'alpha_2': 0.00016286829487184787, 'beta_0': 0.1518202261583117, 'beta_1': 1.0712897501660485, 'beta_2': 0.9917493447932088, 'beta_3': 0.0028004065935608767, 'beta_4': 1.230208083458361e-06, 'beta_5': 0.5328236278062113, 'beta_6': 1.581603027684927e-05, 'beta_7': 0.047098418685285436, 'beta_8': 0.005077648254169487, 'beta_9': 4.457301131451246e-05, 'beta_10': 6.735666549416702e-07}. Best is trial 14 with value: 6233.151503958095.
[I 2026-03-30 22:31:33,765] Trial 23 finished with value: 7215.5213265620005 and parameters: {'alpha_0': 0.0034200253714236663, 'alpha_1': 7.242976192484812e-05, 'alpha_2': 0.00012922387013169118, 'beta_0': 0.15604279651275457, 'beta_1': 1.1539007609895227, 'beta_2': 0.9567920615371904, 'beta_3': 0.0027702706127150254, 'beta_4': 1.1817357542889381e-06, 'beta_5': 0.5341467951784981, 'beta_6': 1.5046325442626876e-05, 'beta_7': 0.039921496561829535, 'beta_8': 0.005510151571212664, 'beta_9': 4.872632767018106e-05, 'beta_10': 2.7518510730759785e-07}. Best is trial 14 with value: 6233.151503958095.
[I 2026-03-30 22:31:51,723] Trial 24 finished with value: 9056.42015022978 and parameters: {'alpha_0': 0.0024604104423091135, 'alpha_1': 0.00022388169080208868, 'alpha_2': 0.00015582755771521755, 'beta_0': 0.1853819141367971, 'beta_1': 1.0740083297546026, 'beta_2': 0.8398384781639247, 'beta_3': 0.002414182330617599, 'beta_4': 9.642791934531241e-07, 'beta_5': 0.6604776704752328, 'beta_6': 1.668049554531382e-05, 'beta_7': 0.048732308581638115, 'beta_8': 0.00766595947441235, 'beta_9': 4.470821748234543e-05, 'beta_10': 6.554221685846825e-07}. Best is trial 14 with value: 6233.151503958095.
[I 2026-03-30 22:32:05,162] Trial 25 finished with value: 11734.6610065966 and parameters: {'alpha_0': 0.003755067935859103, 'alpha_1': 8.399445847036846e-05, 'alpha_2': 0.00018706135510497936, 'beta_0': 0.1193790469622282, 'beta_1': 1.1372698081985466, 'beta_2': 1.0421115210029561, 'beta_3': 0.002266037531188403, 'beta_4': 1.2676232705838694e-06, 'beta_5': 0.5901161019554165, 'beta_6': 2.4290021577856878e-05, 'beta_7': 0.04769698585210226, 'beta_8': 0.011001158734145259, 'beta_9': 7.025189239138078e-05, 'beta_10': 5.095764172148169e-07}. Best is trial 14 with value: 6233.151503958095.
[I 2026-03-30 22:32:35,794] Trial 26 finished with value: 6709.907090120425 and parameters: {'alpha_0': 0.004240975428781107, 'alpha_1': 0.00012166513271556364, 'alpha_2': 0.00021195302198571435, 'beta_0': 0.1520163309642044, 'beta_1': 1.217319787294934, 'beta_2': 0.7845540582899142, 'beta_3': 0.0026469788618864567, 'beta_4': 9.745144252805346e-07, 'beta_5': 0.41918227465748453, 'beta_6': 1.936849526161777e-05, 'beta_7': 0.03866445954348345, 'beta_8': 0.005119610748517022, 'beta_9': 3.555949129178026e-05, 'beta_10': 7.879783111812357e-07}. Best is trial 14 with value: 6233.151503958095.
[I 2026-03-30 22:33:06,892] Trial 27 finished with value: 8277.207400266483 and parameters: {'alpha_0': 0.004399717470627684, 'alpha_1': 0.00011122286775142412, 'alpha_2': 0.00021662935534790906, 'beta_0': 0.14850284659737628, 'beta_1': 1.2186595679882692, 'beta_2': 0.6025291851038779, 'beta_3': 0.0016057139102340296, 'beta_4': 7.840653819115367e-07, 'beta_5': 0.3050564989861746, 'beta_6': 2.251234572701703e-05, 'beta_7': 0.037458472172519706, 'beta_8': 0.007951236174400543, 'beta_9': 2.478045742322698e-05, 'beta_10': 8.195791346068089e-07}. Best is trial 14 with value: 6233.151503958095.
[I 2026-03-30 22:33:37,665] Trial 28 finished with value: 5860.04694356121 and parameters: {'alpha_0': 0.0044591672077182384, 'alpha_1': 0.00011956508980740481, 'alpha_2': 0.00024712916818670584, 'beta_0': 0.17898874902820802, 'beta_1': 1.3169799761723813, 'beta_2': 0.7603880817961035, 'beta_3': 0.0020179274985702798, 'beta_4': 6.271148383834592e-07, 'beta_5': 0.509254918923741, 'beta_6': 1.9522822464795102e-05, 'beta_7': 0.027739786114791568, 'beta_8': 0.005040279396153314, 'beta_9': 0.00010121952302316234, 'beta_10': 5.361966328282029e-07}. Best is trial 28 with value: 5860.04694356121.Best trial: 14. Best value: 6233.15:   6%|▌         | 28/500 [08:15<3:19:54, 25.41s/it]Best trial: 28. Best value: 5860.05:   6%|▌         | 28/500 [08:15<3:19:54, 25.41s/it]Best trial: 28. Best value: 5860.05:   6%|▌         | 29/500 [08:15<3:32:06, 27.02s/it]                                                                                       Best trial: 28. Best value: 5860.05:   6%|▌         | 29/500 [08:29<3:32:06, 27.02s/it]Best trial: 28. Best value: 5860.05:   6%|▌         | 29/500 [08:29<3:32:06, 27.02s/it]Best trial: 28. Best value: 5860.05:   6%|▌         | 30/500 [08:29<2:59:44, 22.95s/it]                                                                                       Best trial: 28. Best value: 5860.05:   6%|▌         | 30/500 [08:42<2:59:44, 22.95s/it]Best trial: 28. Best value: 5860.05:   6%|▌         | 30/500 [08:42<2:59:44, 22.95s/it]Best trial: 28. Best value: 5860.05:   6%|▌         | 31/500 [08:42<2:37:03, 20.09s/it]                                                                                       Best trial: 28. Best value: 5860.05:   6%|▌         | 31/500 [09:13<2:37:03, 20.09s/it]Best trial: 28. Best value: 5860.05:   6%|▌         | 31/500 [09:13<2:37:03, 20.09s/it]Best trial: 28. Best value: 5860.05:   6%|▋         | 32/500 [09:13<3:02:30, 23.40s/it]                                                                                       Best trial: 28. Best value: 5860.05:   6%|▋         | 32/500 [09:44<3:02:30, 23.40s/it]Best trial: 28. Best value: 5860.05:   6%|▋         | 32/500 [09:44<3:02:30, 23.40s/it]Best trial: 28. Best value: 5860.05:   7%|▋         | 33/500 [09:44<3:19:20, 25.61s/it]                                                                                       Best trial: 28. Best value: 5860.05:   7%|▋         | 33/500 [09:59<3:19:20, 25.61s/it]Best trial: 28. Best value: 5860.05:   7%|▋         | 33/500 [09:59<3:19:20, 25.61s/it]Best trial: 28. Best value: 5860.05:   7%|▋         | 34/500 [09:59<2:53:33, 22.35s/it]                                                                                       Best trial: 28. Best value: 5860.05:   7%|▋         | 34/500 [10:30<2:53:33, 22.35s/it]Best trial: 28. Best value: 5860.05:   7%|▋         | 34/500 [10:30<2:53:33, 22.35s/it]Best trial: 28. Best value: 5860.05:   7%|▋         | 35/500 [10:30<3:12:38, 24.86s/it]                                                                                       Best trial: 28. Best value: 5860.05:   7%|▋         | 35/500 [11:00<3:12:38, 24.86s/it]Best trial: 28. Best value: 5860.05:   7%|▋         | 35/500 [11:00<3:12:38, 24.86s/it]Best trial: 28. Best value: 5860.05:   7%|▋         | 36/500 [11:00<3:25:10, 26.53s/it]                                                                                       Best trial: 28. Best value: 5860.05:   7%|▋         | 36/500 [11:14<3:25:10, 26.53s/it]Best trial: 28. Best value: 5860.05:   7%|▋         | 36/500 [11:14<3:25:10, 26.53s/it]Best trial: 28. Best value: 5860.05:   7%|▋         | 37/500 [11:14<2:54:27, 22.61s/it]                                                                                       Best trial: 28. Best value: 5860.05:   7%|▋         | 37/500 [11:44<2:54:27, 22.61s/it]Best trial: 28. Best value: 5860.05:   7%|▋         | 37/500 [11:44<2:54:27, 22.61s/it]Best trial: 28. Best value: 5860.05:   8%|▊         | 38/500 [11:44<3:12:54, 25.05s/it]                                                                                       Best trial: 28. Best value: 5860.05:   8%|▊         | 38/500 [12:15<3:12:54, 25.05s/it]Best trial: 28. Best value: 5860.05:   8%|▊         | 38/500 [12:15<3:12:54, 25.05s/it]Best trial: 28. Best value: 5860.05:   8%|▊         | 39/500 [12:15<3:25:20, 26.73s/it]                                                                                       Best trial: 28. Best value: 5860.05:   8%|▊         | 39/500 [12:29<3:25:20, 26.73s/it]Best trial: 28. Best value: 5860.05:   8%|▊         | 39/500 [12:29<3:25:20, 26.73s/it]Best trial: 28. Best value: 5860.05:   8%|▊         | 40/500 [12:29<2:54:46, 22.80s/it]                                                                                       Best trial: 28. Best value: 5860.05:   8%|▊         | 40/500 [12:31<2:54:46, 22.80s/it]Best trial: 28. Best value: 5860.05:   8%|▊         | 40/500 [12:31<2:54:46, 22.80s/it]Best trial: 28. Best value: 5860.05:   8%|▊         | 41/500 [12:31<2:07:36, 16.68s/it]                                                                                       Best trial: 28. Best value: 5860.05:   8%|▊         | 41/500 [13:02<2:07:36, 16.68s/it]Best trial: 28. Best value: 5860.05:   8%|▊         | 41/500 [13:02<2:07:36, 16.68s/it]Best trial: 28. Best value: 5860.05:   8%|▊         | 42/500 [13:02<2:39:27, 20.89s/it]                                                                                       
[I 2026-03-30 22:33:51,107] Trial 29 finished with value: 10354.179486097491 and parameters: {'alpha_0': 0.0044325892338151545, 'alpha_1': 0.0001700546748046297, 'alpha_2': 0.00024880238693656336, 'beta_0': 0.19166645021329143, 'beta_1': 1.3791361471263954, 'beta_2': 0.7753626952566394, 'beta_3': 0.0008582180851850429, 'beta_4': 5.752734592335364e-07, 'beta_5': 0.4192059606632483, 'beta_6': 2.026014695393065e-05, 'beta_7': 0.02652925669472101, 'beta_8': 0.01097228445019894, 'beta_9': 0.00010789330975598499, 'beta_10': 5.159178541970714e-07}. Best is trial 28 with value: 5860.04694356121.
[I 2026-03-30 22:34:04,542] Trial 30 finished with value: 11460.484234254749 and parameters: {'alpha_0': 0.0043065873812304905, 'alpha_1': 0.00015199420261143384, 'alpha_2': 0.00020716663283256527, 'beta_0': 0.17847138922923408, 'beta_1': 1.3022752553691854, 'beta_2': 0.5957757821734533, 'beta_3': 0.002042832994345445, 'beta_4': 7.987627171957267e-08, 'beta_5': 0.4883877174134574, 'beta_6': 2.9074056483110954e-05, 'beta_7': 0.022264930672346542, 'beta_8': 0.011169249108107914, 'beta_9': 0.00010077349681236236, 'beta_10': 4.1446051832143015e-07}. Best is trial 28 with value: 5860.04694356121.
[I 2026-03-30 22:34:35,654] Trial 31 finished with value: 7821.387636140011 and parameters: {'alpha_0': 0.0035990324838700368, 'alpha_1': 0.00011960417490076015, 'alpha_2': 0.0002385821300173865, 'beta_0': 0.17150122627263364, 'beta_1': 1.373988659114874, 'beta_2': 0.770765721473256, 'beta_3': 0.0026072488566420446, 'beta_4': 6.601418911682055e-07, 'beta_5': 0.5077968132963134, 'beta_6': 1.931070499035173e-05, 'beta_7': 0.033132070258309276, 'beta_8': 0.006513169490332593, 'beta_9': 5.902074228304085e-05, 'beta_10': 6.092298517046296e-07}. Best is trial 28 with value: 5860.04694356121.
[I 2026-03-30 22:35:06,429] Trial 32 finished with value: 5923.8939866332 and parameters: {'alpha_0': 0.004946770958444359, 'alpha_1': 0.00011077400505756475, 'alpha_2': 0.00018039964872652967, 'beta_0': 0.1537875691786338, 'beta_1': 1.3177750667137216, 'beta_2': 0.923063134504335, 'beta_3': 0.001974565847326888, 'beta_4': 8.8571702528157e-07, 'beta_5': 0.4377963943664951, 'beta_6': 1.5262166454534967e-05, 'beta_7': 0.014460624702416497, 'beta_8': 0.0050145281754030374, 'beta_9': 0.00012721241688975492, 'beta_10': 8.041543013028144e-07}. Best is trial 28 with value: 5860.04694356121.
[I 2026-03-30 22:35:21,159] Trial 33 finished with value: 8933.40892488266 and parameters: {'alpha_0': 0.004960826077206709, 'alpha_1': 0.00011286796662723606, 'alpha_2': 0.00018579362640338542, 'beta_0': 0.19465038496655485, 'beta_1': 1.3251880875387203, 'beta_2': 0.8865318954919789, 'beta_3': 0.0019020403604246869, 'beta_4': 8.839867795631441e-07, 'beta_5': 0.4286665674648965, 'beta_6': 1.2309190916138527e-05, 'beta_7': 0.010115764227474084, 'beta_8': 0.008436024682333102, 'beta_9': 0.0001406745496503411, 'beta_10': 8.021857380499064e-07}. Best is trial 28 with value: 5860.04694356121.
[I 2026-03-30 22:35:51,874] Trial 34 finished with value: 6996.936045330749 and parameters: {'alpha_0': 0.004647940982189442, 'alpha_1': 9.314771290304597e-05, 'alpha_2': 0.00021187949209849763, 'beta_0': 0.14690043165975403, 'beta_1': 1.4230853032202067, 'beta_2': 0.8056008768020879, 'beta_3': 0.0015002052885490689, 'beta_4': 6.377623843592166e-07, 'beta_5': 0.37062449849970736, 'beta_6': 1.8789255980179517e-05, 'beta_7': 0.015485344240048035, 'beta_8': 0.006784495773113467, 'beta_9': 0.00012554570722893537, 'beta_10': 9.810384548312239e-07}. Best is trial 28 with value: 5860.04694356121.
[I 2026-03-30 22:36:22,307] Trial 35 finished with value: 6569.797752693685 and parameters: {'alpha_0': 0.004124870187149068, 'alpha_1': 0.00013899362803048327, 'alpha_2': 0.00022603080912626683, 'beta_0': 0.20413867217010515, 'beta_1': 1.2701195664016383, 'beta_2': 0.9380912562862166, 'beta_3': 0.0017175536760413927, 'beta_4': 5.219856652420648e-07, 'beta_5': 0.44335525712566, 'beta_6': 2.280162933021814e-05, 'beta_7': 0.01858687227200461, 'beta_8': 0.006147777770249293, 'beta_9': 0.0001300795506332704, 'beta_10': 5.722836102449774e-07}. Best is trial 28 with value: 5860.04694356121.
[I 2026-03-30 22:36:35,765] Trial 36 finished with value: 10310.467219259172 and parameters: {'alpha_0': 0.004880926111316129, 'alpha_1': 0.00014470346442497386, 'alpha_2': 0.00023105788602147443, 'beta_0': 0.20977454432521825, 'beta_1': 1.2671709949406846, 'beta_2': 0.9415565232212446, 'beta_3': 0.0017195942312170976, 'beta_4': 4.385916289927014e-07, 'beta_5': 0.4537490677434895, 'beta_6': 2.30845650590101e-05, 'beta_7': 0.01881573715273572, 'beta_8': 0.01029064212513187, 'beta_9': 0.00013062683357233389, 'beta_10': 5.38818947920079e-07}. Best is trial 28 with value: 5860.04694356121.
[I 2026-03-30 22:37:06,525] Trial 37 finished with value: 6018.642278301169 and parameters: {'alpha_0': 0.003889797807593731, 'alpha_1': 0.00015809380352181855, 'alpha_2': 0.0001820158591787198, 'beta_0': 0.20416917795450976, 'beta_1': 1.592868165099492, 'beta_2': 0.5201159385928914, 'beta_3': 0.0012038041629864643, 'beta_4': 3.3767149721292143e-07, 'beta_5': 0.4915399925246424, 'beta_6': 2.1277693319041223e-05, 'beta_7': 0.014968451602450012, 'beta_8': 0.006112195452326753, 'beta_9': 0.0001199062659946541, 'beta_10': 3.4849966355159275e-07}. Best is trial 28 with value: 5860.04694356121.
[I 2026-03-30 22:37:37,151] Trial 38 finished with value: 7527.44802411566 and parameters: {'alpha_0': 0.0022517405200708513, 'alpha_1': 0.00022303725695018155, 'alpha_2': 7.015574194424897e-05, 'beta_0': 0.23999110406351915, 'beta_1': 1.595853516569233, 'beta_2': 0.5150081746839569, 'beta_3': 0.0012508620292976, 'beta_4': 2.6236484264346284e-07, 'beta_5': 0.4895558993766601, 'beta_6': 2.607099668395926e-05, 'beta_7': 0.01479406122495023, 'beta_8': 0.007512056549271055, 'beta_9': 0.000116685998057053, 'beta_10': 3.5063067870344973e-07}. Best is trial 28 with value: 5860.04694356121.
[I 2026-03-30 22:37:50,779] Trial 39 finished with value: 9545.798582472205 and parameters: {'alpha_0': 0.0038872138836203423, 'alpha_1': 0.0001634605677894843, 'alpha_2': 0.00018084183327690982, 'beta_0': 0.17248074380648284, 'beta_1': 1.4785524303077677, 'beta_2': 0.464929541335335, 'beta_3': 0.0009639357457524252, 'beta_4': 3.678189507570162e-07, 'beta_5': 0.6208505943268872, 'beta_6': 1.4400377118218512e-05, 'beta_7': 0.025609161797545243, 'beta_8': 0.009919105023721918, 'beta_9': 9.855047966826332e-05, 'beta_10': 9.478698423543609e-07}. Best is trial 28 with value: 5860.04694356121.
[I 2026-03-30 22:37:53,190] Trial 40 finished with value: 7875.217072912301 and parameters: {'alpha_0': 0.0045378484514899, 'alpha_1': 0.00010108413001509303, 'alpha_2': 0.0001979705621784903, 'beta_0': 0.21332205338537766, 'beta_1': 1.4108880631230316, 'beta_2': 0.3762495912989683, 'beta_3': 0.0012774478478894086, 'beta_4': 1.631046771852943e-07, 'beta_5': 0.469515100356222, 'beta_6': 3.907045208146005e-05, 'beta_7': 0.013268325198473764, 'beta_8': 0.024088601355248197, 'beta_9': 0.00014945235348816434, 'beta_10': 4.299274068226592e-07}. Best is trial 28 with value: 5860.04694356121.
[I 2026-03-30 22:38:23,899] Trial 41 finished with value: 6587.265519642942 and parameters: {'alpha_0': 0.004036982744391322, 'alpha_1': 0.00013076823974993187, 'alpha_2': 0.00021917101404601012, 'beta_0': 0.20198484319510573, 'beta_1': 1.5720446885055979, 'beta_2': 0.7174739061207971, 'beta_3': 0.0017856348820391892, 'beta_4': 4.763752250626172e-07, 'beta_5': 0.44564482402043837, 'beta_6': 2.0930378956019652e-05, 'beta_7': 0.019149512400439654, 'beta_8': 0.0061229148188159475, 'beta_9': 0.00013350243711212034, 'beta_10': 5.495641550428668e-07}. Best is trial 28 with value: 5860.04694356121.
