[I 2026-03-30 23:08:22,676] Trial 104 finished with value: 5631.006474988823 and parameters: {'alpha_0': 0.001963434079348976, 'alpha_1': 6.710968288535036e-05, 'alpha_2': 0.00018725246071875053, 'beta_0': 0.1845308889127719, 'beta_1': 1.2812705579271328, 'beta_2': 1.140556387155644, 'beta_3': 0.0004874995781125986, 'beta_4': 4.3221310701203435e-07, 'beta_5': 0.8329696313869612, 'beta_6': 1.7062535837732743e-05, 'beta_7': 0.021806970238154928, 'beta_8': 0.006422292961989903, 'beta_9': 0.00012403681005949746, 'beta_10': 1.3306303054249435e-06}. Best is trial 74 with value: 4599.126497223448.
[I 2026-03-30 23:08:53,502] Trial 105 finished with value: 6319.087643734889 and parameters: {'alpha_0': 0.002187574576460128, 'alpha_1': 7.452466722898668e-05, 'alpha_2': 0.00017909048590765178, 'beta_0': 0.1880823050691441, 'beta_1': 1.320972260151639, 'beta_2': 1.0869950566793873, 'beta_3': 0.0003768746518888034, 'beta_4': 1.8746912112378287e-06, 'beta_5': 0.7884265488819143, 'beta_6': 1.5353969954675515e-05, 'beta_7': 0.025908383373321877, 'beta_8': 0.005408894712181974, 'beta_9': 0.00011776781918962659, 'beta_10': 1.2572831406215882e-06}. Best is trial 74 with value: 4599.126497223448.
[I 2026-03-30 23:09:23,899] Trial 106 finished with value: 5276.42960545685 and parameters: {'alpha_0': 0.0017449077856399168, 'alpha_1': 6.248729072020365e-05, 'alpha_2': 0.00021334665822008624, 'beta_0': 0.1954297407418515, 'beta_1': 1.2002618155806244, 'beta_2': 0.487508212336695, 'beta_3': 0.0005620051694209889, 'beta_4': 3.5821770438242497e-07, 'beta_5': 0.8152483581410181, 'beta_6': 1.4016329819523132e-05, 'beta_7': 0.018321917647324413, 'beta_8': 0.006004324724548005, 'beta_9': 0.00012565409970728426, 'beta_10': 1.4973964644568222e-06}. Best is trial 74 with value: 4599.126497223448.
[I 2026-03-30 23:09:54,412] Trial 107 finished with value: 4632.902126513401 and parameters: {'alpha_0': 0.0019438397013274013, 'alpha_1': 8.244130251184884e-05, 'alpha_2': 0.00018328299372584494, 'beta_0': 0.17889262096476258, 'beta_1': 1.3662032059378235, 'beta_2': 0.43165921577567096, 'beta_3': 0.0003001540295453248, 'beta_4': 5.030755363801515e-07, 'beta_5': 0.8257072215107064, 'beta_6': 1.5894006818245466e-05, 'beta_7': 0.020903896546453502, 'beta_8': 0.005372761043997987, 'beta_9': 0.00013051009169629836, 'beta_10': 1.2959972012258491e-06}. Best is trial 74 with value: 4599.126497223448.
[I 2026-03-30 23:10:25,215] Trial 108 finished with value: 6096.099923645865 and parameters: {'alpha_0': 0.0019028533679852555, 'alpha_1': 8.290652727244564e-05, 'alpha_2': 0.00018256091169374737, 'beta_0': 0.18040370207678874, 'beta_1': 1.3308199248318786, 'beta_2': 0.4107664609240086, 'beta_3': 0.00026960387901742524, 'beta_4': 4.878046694572272e-07, 'beta_5': 0.8221204500369351, 'beta_6': 1.3173261005589203e-05, 'beta_7': 0.020973931826285902, 'beta_8': 0.007145252028102396, 'beta_9': 0.0001312310883421509, 'beta_10': 1.3028505740322983e-06}. Best is trial 74 with value: 4599.126497223448.
[I 2026-03-30 23:10:56,153] Trial 109 finished with value: 5724.322821514495 and parameters: {'alpha_0': 0.0020077306607631596, 'alpha_1': 6.778197591396994e-05, 'alpha_2': 0.00018503401501889728, 'beta_0': 0.17043563601252706, 'beta_1': 1.3654187772796123, 'beta_2': 0.5455868063724935, 'beta_3': 0.0003334403847375437, 'beta_4': 6.456751134192202e-07, 'beta_5': 0.7874948495535026, 'beta_6': 1.4780590190874041e-05, 'beta_7': 0.015181376188122429, 'beta_8': 0.006568733910298805, 'beta_9': 0.00012247501222438406, 'beta_10': 1.4151066186023237e-06}. Best is trial 74 with value: 4599.126497223448.
[I 2026-03-30 23:11:26,947] Trial 110 finished with value: 4645.901928894141 and parameters: {'alpha_0': 0.0015099251342430855, 'alpha_1': 7.437754168406919e-05, 'alpha_2': 0.0001952715826299217, 'beta_0': 0.20693790343040686, 'beta_1': 1.253523933826022, 'beta_2': 0.45361495875353525, 'beta_3': 0.0004316821239104033, 'beta_4': 2.8299753998213015e-07, 'beta_5': 0.8434811548452283, 'beta_6': 1.6533465069810827e-05, 'beta_7': 0.019329583189348656, 'beta_8': 0.005419309993201669, 'beta_9': 0.0001360642923999111, 'beta_10': 1.3568329962686241e-06}. Best is trial 74 with value: 4599.126497223448.
[I 2026-03-30 23:11:57,661] Trial 111 finished with value: 5182.148620792208 and parameters: {'alpha_0': 0.001526507358680536, 'alpha_1': 0.00029826863281802484, 'alpha_2': 0.00019483818773444967, 'beta_0': 0.21076673938401932, 'beta_1': 1.2511406061559343, 'beta_2': 0.3649080796418102, 'beta_3': 0.0004555436635070272, 'beta_4': 1.596055348275575e-07, 'beta_5': 0.8391954927366844, 'beta_6': 1.6049202334540525e-05, 'beta_7': 0.019394188357949118, 'beta_8': 0.00564994558574318, 'beta_9': 0.00013557934583505377, 'beta_10': 1.342915908126345e-06}. Best is trial 74 with value: 4599.126497223448.
[I 2026-03-30 23:12:28,302] Trial 112 finished with value: 4643.438716735893 and parameters: {'alpha_0': 0.0017974723387646884, 'alpha_1': 6.114801974909489e-05, 'alpha_2': 0.0001884040867670694, 'beta_0': 0.22014022565168012, 'beta_1': 1.2139492784837138, 'beta_2': 0.46325726269607037, 'beta_3': 0.0005277258498203935, 'beta_4': 2.0327936349325738e-07, 'beta_5': 0.814419623580838, 'beta_6': 1.6521815802596243e-05, 'beta_7': 0.022286341314304334, 'beta_8': 0.005385210468000534, 'beta_9': 0.00014430620168039314, 'beta_10': 1.3590732004942603e-06}. Best is trial 74 with value: 4599.126497223448.Best trial: 74. Best value: 4599.13:  22%|██▏       | 112/500 [47:06<3:18:51, 30.75s/it]Best trial: 74. Best value: 4599.13:  22%|██▏       | 112/500 [47:06<3:18:51, 30.75s/it]Best trial: 74. Best value: 4599.13:  23%|██▎       | 113/500 [47:06<3:18:07, 30.72s/it]                                                                                        Best trial: 74. Best value: 4599.13:  23%|██▎       | 113/500 [47:36<3:18:07, 30.72s/it]Best trial: 74. Best value: 4599.13:  23%|██▎       | 113/500 [47:36<3:18:07, 30.72s/it]Best trial: 74. Best value: 4599.13:  23%|██▎       | 114/500 [47:36<3:16:55, 30.61s/it]                                                                                        Best trial: 74. Best value: 4599.13:  23%|██▎       | 114/500 [48:07<3:16:55, 30.61s/it]Best trial: 74. Best value: 4599.13:  23%|██▎       | 114/500 [48:07<3:16:55, 30.61s/it]Best trial: 74. Best value: 4599.13:  23%|██▎       | 115/500 [48:07<3:15:52, 30.53s/it]                                                                                        Best trial: 74. Best value: 4599.13:  23%|██▎       | 115/500 [48:37<3:15:52, 30.53s/it]Best trial: 74. Best value: 4599.13:  23%|██▎       | 115/500 [48:37<3:15:52, 30.53s/it]Best trial: 74. Best value: 4599.13:  23%|██▎       | 116/500 [48:37<3:15:30, 30.55s/it]                                                                                        Best trial: 74. Best value: 4599.13:  23%|██▎       | 116/500 [49:08<3:15:30, 30.55s/it]Best trial: 74. Best value: 4599.13:  23%|██▎       | 116/500 [49:08<3:15:30, 30.55s/it]Best trial: 74. Best value: 4599.13:  23%|██▎       | 117/500 [49:08<3:15:48, 30.67s/it]                                                                                        Best trial: 74. Best value: 4599.13:  23%|██▎       | 117/500 [49:39<3:15:48, 30.67s/it]Best trial: 74. Best value: 4599.13:  23%|██▎       | 117/500 [49:39<3:15:48, 30.67s/it]Best trial: 74. Best value: 4599.13:  24%|██▎       | 118/500 [49:39<3:15:08, 30.65s/it]                                                                                        Best trial: 74. Best value: 4599.13:  24%|██▎       | 118/500 [50:09<3:15:08, 30.65s/it]Best trial: 74. Best value: 4599.13:  24%|██▎       | 118/500 [50:09<3:15:08, 30.65s/it]Best trial: 74. Best value: 4599.13:  24%|██▍       | 119/500 [50:09<3:14:12, 30.59s/it]                                                                                        Best trial: 74. Best value: 4599.13:  24%|██▍       | 119/500 [50:19<3:14:12, 30.59s/it]Best trial: 74. Best value: 4599.13:  24%|██▍       | 119/500 [50:19<3:14:12, 30.59s/it]Best trial: 74. Best value: 4599.13:  24%|██▍       | 120/500 [50:19<2:34:18, 24.37s/it]                                                                                        Best trial: 74. Best value: 4599.13:  24%|██▍       | 120/500 [50:51<2:34:18, 24.37s/it]Best trial: 74. Best value: 4599.13:  24%|██▍       | 120/500 [50:51<2:34:18, 24.37s/it]Best trial: 74. Best value: 4599.13:  24%|██▍       | 121/500 [50:51<2:47:11, 26.47s/it]                                                                                        Best trial: 74. Best value: 4599.13:  24%|██▍       | 121/500 [51:21<2:47:11, 26.47s/it]Best trial: 74. Best value: 4599.13:  24%|██▍       | 121/500 [51:21<2:47:11, 26.47s/it]Best trial: 74. Best value: 4599.13:  24%|██▍       | 122/500 [51:21<2:54:08, 27.64s/it]                                                                                        Best trial: 74. Best value: 4599.13:  24%|██▍       | 122/500 [51:52<2:54:08, 27.64s/it]Best trial: 74. Best value: 4599.13:  24%|██▍       | 122/500 [51:52<2:54:08, 27.64s/it]Best trial: 74. Best value: 4599.13:  25%|██▍       | 123/500 [51:52<3:00:06, 28.66s/it]                                                                                        Best trial: 74. Best value: 4599.13:  25%|██▍       | 123/500 [52:23<3:00:06, 28.66s/it]Best trial: 74. Best value: 4599.13:  25%|██▍       | 123/500 [52:23<3:00:06, 28.66s/it]Best trial: 74. Best value: 4599.13:  25%|██▍       | 124/500 [52:23<3:04:31, 29.45s/it]                                                                                        Best trial: 74. Best value: 4599.13:  25%|██▍       | 124/500 [52:54<3:04:31, 29.45s/it]Best trial: 74. Best value: 4599.13:  25%|██▍       | 124/500 [52:54<3:04:31, 29.45s/it]Best trial: 74. Best value: 4599.13:  25%|██▌       | 125/500 [52:54<3:06:48, 29.89s/it]                                                                                        Best trial: 74. Best value: 4599.13:  25%|██▌       | 125/500 [53:25<3:06:48, 29.89s/it]Best trial: 74. Best value: 4599.13:  25%|██▌       | 125/500 [53:25<3:06:48, 29.89s/it]Best trial: 74. Best value: 4599.13:  25%|██▌       | 126/500 [53:25<3:08:22, 30.22s/it]                                                                                        
[I 2026-03-30 23:12:58,658] Trial 113 finished with value: 4678.604879201821 and parameters: {'alpha_0': 0.00175218694593211, 'alpha_1': 6.177451672914566e-05, 'alpha_2': 0.00019616218367513798, 'beta_0': 0.22207557705321687, 'beta_1': 1.2223117316455627, 'beta_2': 0.4256579673538429, 'beta_3': 0.0005066456045002839, 'beta_4': 2.548243849005482e-07, 'beta_5': 0.8382707195873538, 'beta_6': 1.6680410355930916e-05, 'beta_7': 0.022604208815897375, 'beta_8': 0.0054158781312630515, 'beta_9': 0.00014378592381061747, 'beta_10': 1.353093538926817e-06}. Best is trial 74 with value: 4599.126497223448.
[I 2026-03-30 23:13:28,990] Trial 114 finished with value: 5310.2113218504965 and parameters: {'alpha_0': 0.0014178875021945486, 'alpha_1': 6.197124807933411e-05, 'alpha_2': 0.00019638304610128084, 'beta_0': 0.2223330308887535, 'beta_1': 1.2140872225348995, 'beta_2': 0.307467600287577, 'beta_3': 0.0003965912329784491, 'beta_4': 9.5694308504942e-08, 'beta_5': 0.831814234475471, 'beta_6': 1.683424808460561e-05, 'beta_7': 0.022444472375464836, 'beta_8': 0.006315818025256929, 'beta_9': 0.0001498148094286153, 'beta_10': 1.288211231391017e-06}. Best is trial 74 with value: 4599.126497223448.
[I 2026-03-30 23:13:59,593] Trial 115 finished with value: 5006.245915728502 and parameters: {'alpha_0': 0.0018020231153804726, 'alpha_1': 8.138896833100142e-05, 'alpha_2': 0.0002013817137898325, 'beta_0': 0.2317179504226517, 'beta_1': 1.184980299322695, 'beta_2': 0.4261956174242518, 'beta_3': 0.0002055456833683876, 'beta_4': 2.865503596873017e-07, 'beta_5': 0.8119780794169926, 'beta_6': 1.5436025166692277e-05, 'beta_7': 0.016759256982800477, 'beta_8': 0.006069250661988375, 'beta_9': 0.00014645039946575798, 'beta_10': 1.418614918965716e-06}. Best is trial 74 with value: 4599.126497223448.
[I 2026-03-30 23:14:30,558] Trial 116 finished with value: 4846.069280876414 and parameters: {'alpha_0': 0.0017774522704324838, 'alpha_1': 8.105193224879772e-05, 'alpha_2': 0.00020225290067142827, 'beta_0': 0.23195772357838929, 'beta_1': 1.1447748525946, 'beta_2': 0.39452984515721184, 'beta_3': 0.0002527311591423126, 'beta_4': 2.2192214855977731e-07, 'beta_5': 0.8107934909277045, 'beta_6': 1.3708385027008392e-05, 'beta_7': 0.01687083572907331, 'beta_8': 0.005873990023661525, 'beta_9': 0.000146871829847791, 'beta_10': 1.219855391731368e-06}. Best is trial 74 with value: 4599.126497223448.
[I 2026-03-30 23:15:01,151] Trial 117 finished with value: 6420.933969127083 and parameters: {'alpha_0': 0.0017721590293539745, 'alpha_1': 9.621336275205314e-05, 'alpha_2': 0.0002080707694094659, 'beta_0': 0.2351647111791329, 'beta_1': 1.1212782695476209, 'beta_2': 0.4514734891932855, 'beta_3': 0.00020908182990115687, 'beta_4': 2.0660180188302706e-07, 'beta_5': 0.813737774467963, 'beta_6': 1.243145284197402e-05, 'beta_7': 0.016921793088511685, 'beta_8': 0.0075953342888046525, 'beta_9': 0.00014386065154125516, 'beta_10': 1.4297110811859478e-06}. Best is trial 74 with value: 4599.126497223448.
[I 2026-03-30 23:15:31,585] Trial 118 finished with value: 4979.441779062952 and parameters: {'alpha_0': 0.0016531800407678994, 'alpha_1': 8.905491787266915e-05, 'alpha_2': 0.00020405472447186852, 'beta_0': 0.2259622962222858, 'beta_1': 1.19592991972016, 'beta_2': 0.4245268025204656, 'beta_3': 0.0003332814271784267, 'beta_4': 2.440664347827202e-07, 'beta_5': 0.8397934451909677, 'beta_6': 1.3650697814176508e-05, 'beta_7': 0.015883162368302797, 'beta_8': 0.00593207033788469, 'beta_9': 0.00014373542326177847, 'beta_10': 1.3404625867993525e-06}. Best is trial 74 with value: 4599.126497223448.
[I 2026-03-30 23:15:41,438] Trial 119 finished with value: 8385.768573129408 and parameters: {'alpha_0': 0.001664118241995733, 'alpha_1': 8.843223513624638e-05, 'alpha_2': 0.00020601413564512932, 'beta_0': 0.25076700096363036, 'beta_1': 1.168007646453809, 'beta_2': 0.3926166889990649, 'beta_3': 0.00033150533928597985, 'beta_4': 2.0469217337092548e-07, 'beta_5': 0.838757577900734, 'beta_6': 1.4730779041318595e-05, 'beta_7': 0.018879632046931497, 'beta_8': 0.015130852952691091, 'beta_9': 0.00014345404844438048, 'beta_10': 1.3696421560141035e-06}. Best is trial 74 with value: 4599.126497223448.
[I 2026-03-30 23:16:12,811] Trial 120 finished with value: 7236.283006141612 and parameters: {'alpha_0': 0.0014388704865114987, 'alpha_1': 7.604225903298706e-05, 'alpha_2': 0.00017997879720808892, 'beta_0': 0.22186273787840238, 'beta_1': 1.2017509313521626, 'beta_2': 0.45726830569888816, 'beta_3': 0.0005139447947431956, 'beta_4': 1.1736891682785272e-07, 'beta_5': 0.8237097936064878, 'beta_6': 1.3641784701564749e-05, 'beta_7': 0.06141469341225081, 'beta_8': 0.008112676564040628, 'beta_9': 0.00014169977485170384, 'beta_10': 1.2167259245415289e-06}. Best is trial 74 with value: 4599.126497223448.
[I 2026-03-30 23:16:43,189] Trial 121 finished with value: 4912.76536938179 and parameters: {'alpha_0': 0.001509858075874122, 'alpha_1': 8.128924908960936e-05, 'alpha_2': 0.00020228203220569484, 'beta_0': 0.2246743538770251, 'beta_1': 1.1471458633036073, 'beta_2': 0.42152590105417975, 'beta_3': 0.0002788506016050199, 'beta_4': 2.692948523459374e-07, 'beta_5': 0.8094868320908782, 'beta_6': 1.1527838796523362e-05, 'beta_7': 0.01567419329617324, 'beta_8': 0.005915036845567176, 'beta_9': 0.0001469375400203305, 'beta_10': 1.3630758836666755e-06}. Best is trial 74 with value: 4599.126497223448.
[I 2026-03-30 23:17:14,239] Trial 122 finished with value: 4863.809900592667 and parameters: {'alpha_0': 0.0015087791832765621, 'alpha_1': 7.499691343077978e-05, 'alpha_2': 0.00019535564535538944, 'beta_0': 0.22733246564867438, 'beta_1': 1.1070787779786142, 'beta_2': 0.3321600581187667, 'beta_3': 0.0003078716017797898, 'beta_4': 2.4571096384977616e-07, 'beta_5': 0.8373724073671888, 'beta_6': 1.109005091134353e-05, 'beta_7': 0.020284897019272937, 'beta_8': 0.005867672283483428, 'beta_9': 0.00014500863405302145, 'beta_10': 1.2786303811817613e-06}. Best is trial 74 with value: 4599.126497223448.
[I 2026-03-30 23:17:45,509] Trial 123 finished with value: 5637.602301805296 and parameters: {'alpha_0': 0.001565541739713626, 'alpha_1': 6.298386163712885e-05, 'alpha_2': 0.00019390398019273014, 'beta_0': 0.24694015792306026, 'beta_1': 1.1428971221576425, 'beta_2': 0.3374874766943504, 'beta_3': 0.0002824099936304446, 'beta_4': 1.3603905613125245e-07, 'beta_5': 0.8075347833289036, 'beta_6': 1.0936788079080442e-05, 'beta_7': 0.02072008921195724, 'beta_8': 0.0067558566347308445, 'beta_9': 0.00014904155697704748, 'beta_10': 1.1307286060038443e-06}. Best is trial 74 with value: 4599.126497223448.
[I 2026-03-30 23:18:16,436] Trial 124 finished with value: 4757.21886318362 and parameters: {'alpha_0': 0.0019564640780279125, 'alpha_1': 7.574314873908229e-05, 'alpha_2': 0.000183566605370268, 'beta_0': 0.21950180903989192, 'beta_1': 1.0985114265014735, 'beta_2': 0.26940850093328145, 'beta_3': 0.0004442189471960101, 'beta_4': 2.5547165576752257e-07, 'beta_5': 0.8494389236372488, 'beta_6': 1.1721768718812741e-05, 'beta_7': 0.018119574802420765, 'beta_8': 0.005559747519709927, 'beta_9': 0.00013302105771799454, 'beta_10': 1.2732397035075572e-06}. Best is trial 74 with value: 4599.126497223448.
[I 2026-03-30 23:18:47,424] Trial 125 finished with value: 4743.03778066306 and parameters: {'alpha_0': 0.001929787377327178, 'alpha_1': 0.00010218813997497146, 'alpha_2': 0.00018358050898506227, 'beta_0': 0.2300470342212721, 'beta_1': 1.101368075494759, 'beta_2': 0.22243821782863726, 'beta_3': 0.00043120494336684317, 'beta_4': 2.3197224040020925e-07, 'beta_5': 0.826769481170973, 'beta_6': 1.1714159716080663e-05, 'beta_7': 0.01788374495499738, 'beta_8': 0.005538166445304544, 'beta_9': 0.00013063504320034807, 'beta_10': 1.2370885996135803e-06}. Best is trial 74 with value: 4599.126497223448.
