[I 2026-03-30 23:39:27,454] Trial 168 finished with value: 5179.075066432438 and parameters: {'alpha_0': 0.0010110953578460285, 'alpha_1': 8.618044674736136e-05, 'alpha_2': 0.00016047379925676568, 'beta_0': 0.2467637631560123, 'beta_1': 1.0131938541804055, 'beta_2': 0.3296767089095941, 'beta_3': 0.0006670815498975597, 'beta_4': 6.093963463154968e-08, 'beta_5': 0.7757688584339203, 'beta_6': 1.0433226896019322e-05, 'beta_7': 0.052466589600896577, 'beta_8': 0.005788148847095908, 'beta_9': 1.576875599226063e-05, 'beta_10': 9.263076945214933e-07}. Best is trial 148 with value: 4225.3157846287695.Best trial: 148. Best value: 4225.32:  34%|███▎      | 168/500 [1:14:05<2:51:43, 31.03s/it]Best trial: 148. Best value: 4225.32:  34%|███▎      | 168/500 [1:14:05<2:51:43, 31.03s/it]Best trial: 148. Best value: 4225.32:  34%|███▍      | 169/500 [1:14:05<2:51:14, 31.04s/it]                                                                                           Best trial: 148. Best value: 4225.32:  34%|███▍      | 169/500 [1:14:15<2:51:14, 31.04s/it]Best trial: 148. Best value: 4225.32:  34%|███▍      | 169/500 [1:14:15<2:51:14, 31.04s/it]Best trial: 148. Best value: 4225.32:  34%|███▍      | 170/500 [1:14:15<2:15:55, 24.71s/it]                                                                                           Best trial: 148. Best value: 4225.32:  34%|███▍      | 170/500 [1:14:47<2:15:55, 24.71s/it]Best trial: 148. Best value: 4225.32:  34%|███▍      | 170/500 [1:14:47<2:15:55, 24.71s/it]Best trial: 148. Best value: 4225.32:  34%|███▍      | 171/500 [1:14:47<2:27:05, 26.82s/it]                                                                                           Best trial: 148. Best value: 4225.32:  34%|███▍      | 171/500 [1:15:17<2:27:05, 26.82s/it]Best trial: 148. Best value: 4225.32:  34%|███▍      | 171/500 [1:15:17<2:27:05, 26.82s/it]Best trial: 148. Best value: 4225.32:  34%|███▍      | 172/500 [1:15:17<2:32:47, 27.95s/it]                                                                                           Best trial: 148. Best value: 4225.32:  34%|███▍      | 172/500 [1:15:49<2:32:47, 27.95s/it]Best trial: 148. Best value: 4225.32:  34%|███▍      | 172/500 [1:15:49<2:32:47, 27.95s/it]Best trial: 148. Best value: 4225.32:  35%|███▍      | 173/500 [1:15:49<2:37:22, 28.88s/it]                                                                                           Best trial: 148. Best value: 4225.32:  35%|███▍      | 173/500 [1:16:20<2:37:22, 28.88s/it]Best trial: 148. Best value: 4225.32:  35%|███▍      | 173/500 [1:16:20<2:37:22, 28.88s/it]Best trial: 148. Best value: 4225.32:  35%|███▍      | 174/500 [1:16:20<2:40:24, 29.52s/it]                                                                                           Best trial: 148. Best value: 4225.32:  35%|███▍      | 174/500 [1:16:51<2:40:24, 29.52s/it]Best trial: 148. Best value: 4225.32:  35%|███▍      | 174/500 [1:16:51<2:40:24, 29.52s/it]Best trial: 148. Best value: 4225.32:  35%|███▌      | 175/500 [1:16:51<2:42:19, 29.97s/it]                                                                                           Best trial: 148. Best value: 4225.32:  35%|███▌      | 175/500 [1:17:21<2:42:19, 29.97s/it]Best trial: 148. Best value: 4225.32:  35%|███▌      | 175/500 [1:17:22<2:42:19, 29.97s/it]Best trial: 148. Best value: 4225.32:  35%|███▌      | 176/500 [1:17:22<2:43:26, 30.27s/it]                                                                                           Best trial: 148. Best value: 4225.32:  35%|███▌      | 176/500 [1:17:52<2:43:26, 30.27s/it]Best trial: 148. Best value: 4225.32:  35%|███▌      | 176/500 [1:17:52<2:43:26, 30.27s/it]Best trial: 148. Best value: 4225.32:  35%|███▌      | 177/500 [1:17:52<2:43:54, 30.45s/it]                                                                                           Best trial: 148. Best value: 4225.32:  35%|███▌      | 177/500 [1:18:24<2:43:54, 30.45s/it]Best trial: 148. Best value: 4225.32:  35%|███▌      | 177/500 [1:18:24<2:43:54, 30.45s/it]Best trial: 148. Best value: 4225.32:  36%|███▌      | 178/500 [1:18:24<2:44:42, 30.69s/it]                                                                                           Best trial: 148. Best value: 4225.32:  36%|███▌      | 178/500 [1:18:54<2:44:42, 30.69s/it]Best trial: 148. Best value: 4225.32:  36%|███▌      | 178/500 [1:18:54<2:44:42, 30.69s/it]Best trial: 148. Best value: 4225.32:  36%|███▌      | 179/500 [1:18:54<2:43:53, 30.63s/it]                                                                                           Best trial: 148. Best value: 4225.32:  36%|███▌      | 179/500 [1:19:25<2:43:53, 30.63s/it]Best trial: 148. Best value: 4225.32:  36%|███▌      | 179/500 [1:19:25<2:43:53, 30.63s/it]Best trial: 148. Best value: 4225.32:  36%|███▌      | 180/500 [1:19:25<2:43:41, 30.69s/it]                                                                                           Best trial: 148. Best value: 4225.32:  36%|███▌      | 180/500 [1:19:56<2:43:41, 30.69s/it]Best trial: 148. Best value: 4225.32:  36%|███▌      | 180/500 [1:19:56<2:43:41, 30.69s/it]Best trial: 148. Best value: 4225.32:  36%|███▌      | 181/500 [1:19:56<2:43:38, 30.78s/it]                                                                                           Best trial: 148. Best value: 4225.32:  36%|███▌      | 181/500 [1:20:27<2:43:38, 30.78s/it]Best trial: 148. Best value: 4225.32:  36%|███▌      | 181/500 [1:20:27<2:43:38, 30.78s/it]Best trial: 148. Best value: 4225.32:  36%|███▋      | 182/500 [1:20:27<2:42:54, 30.74s/it]                                                                                           
[I 2026-03-30 23:39:37,400] Trial 169 finished with value: 8206.361962954441 and parameters: {'alpha_0': 0.0007130541586584381, 'alpha_1': 0.00010664127347639527, 'alpha_2': 0.00016658546762585646, 'beta_0': 0.23609633710552588, 'beta_1': 1.0030096882558317, 'beta_2': 0.3495814394231932, 'beta_3': 0.0007371338358568601, 'beta_4': 1.5698604126299165e-07, 'beta_5': 0.7787970120349426, 'beta_6': 3.417995694542907e-05, 'beta_7': 0.05652535574804408, 'beta_8': 0.014521884251627377, 'beta_9': 0.0001341361091720195, 'beta_10': 1.035980609432039e-06}. Best is trial 148 with value: 4225.3157846287695.
[I 2026-03-30 23:40:09,151] Trial 170 finished with value: 4689.636950832721 and parameters: {'alpha_0': 0.0011184476636528038, 'alpha_1': 9.985165949607005e-05, 'alpha_2': 0.00016818048988221434, 'beta_0': 0.2556833712107223, 'beta_1': 1.0588802450935195, 'beta_2': 0.2670221270622423, 'beta_3': 0.000881392900357624, 'beta_4': 8.548806006251107e-08, 'beta_5': 0.7617438432696448, 'beta_6': 1.2837219228284907e-05, 'beta_7': 0.04522469877379838, 'beta_8': 0.005052756623179951, 'beta_9': 0.00013334688601278563, 'beta_10': 8.319992167752894e-07}. Best is trial 148 with value: 4225.3157846287695.
[I 2026-03-30 23:40:39,727] Trial 171 finished with value: 4735.126594419436 and parameters: {'alpha_0': 0.0008956704271140237, 'alpha_1': 9.178670987874454e-05, 'alpha_2': 0.00015383232643219653, 'beta_0': 0.24665372662956153, 'beta_1': 1.020378146848528, 'beta_2': 0.314967944953112, 'beta_3': 0.0006046003912746748, 'beta_4': 1.1700590911049799e-07, 'beta_5': 0.7392963838285559, 'beta_6': 1.0768742409069241e-05, 'beta_7': 0.05957360694325693, 'beta_8': 0.005311804326634908, 'beta_9': 3.4840969432034944e-05, 'beta_10': 1.1531717968408543e-06}. Best is trial 148 with value: 4225.3157846287695.
[I 2026-03-30 23:41:10,767] Trial 172 finished with value: 4707.616216241585 and parameters: {'alpha_0': 0.0008371435004459138, 'alpha_1': 8.546044956903052e-05, 'alpha_2': 0.00016264476257104717, 'beta_0': 0.28019989832445225, 'beta_1': 1.0352391838972783, 'beta_2': 0.27962202905031575, 'beta_3': 0.0005528509164121323, 'beta_4': 5.3375859363979116e-08, 'beta_5': 0.7544819862069467, 'beta_6': 1.214836362234742e-05, 'beta_7': 0.06591263293464807, 'beta_8': 0.005372228905705588, 'beta_9': 0.00014114412057501807, 'beta_10': 1.017217403018614e-06}. Best is trial 148 with value: 4225.3157846287695.
[I 2026-03-30 23:41:41,798] Trial 173 finished with value: 5270.162354312306 and parameters: {'alpha_0': 0.0009798762868027456, 'alpha_1': 9.371670312006125e-05, 'alpha_2': 0.00014836644814581466, 'beta_0': 0.22902263667696884, 'beta_1': 1.0510240730723794, 'beta_2': 0.2935822338663521, 'beta_3': 0.0007127204634247151, 'beta_4': 1.9092967161927407e-07, 'beta_5': 0.7272152582270669, 'beta_6': 1.1584188903917189e-05, 'beta_7': 0.04969417181593456, 'beta_8': 0.00578410692670043, 'beta_9': 0.00013806837897722816, 'beta_10': 1.107399723835486e-06}. Best is trial 148 with value: 4225.3157846287695.
[I 2026-03-30 23:42:12,800] Trial 174 finished with value: 5489.236926436224 and parameters: {'alpha_0': 0.0006231720754333397, 'alpha_1': 8.90853496123215e-05, 'alpha_2': 0.00013978418451983637, 'beta_0': 0.242578149110801, 'beta_1': 1.0673081197877046, 'beta_2': 0.340307335311017, 'beta_3': 0.0006380404383413733, 'beta_4': 1.5847165462470102e-07, 'beta_5': 0.7460637760768498, 'beta_6': 1.354222417380819e-05, 'beta_7': 0.052111810259324376, 'beta_8': 0.006132332952463824, 'beta_9': 0.00014556449076098444, 'beta_10': 9.475263549525255e-07}. Best is trial 148 with value: 4225.3157846287695.
[I 2026-03-30 23:42:43,762] Trial 175 finished with value: 4742.185396027823 and parameters: {'alpha_0': 0.0011023372405232924, 'alpha_1': 0.00011218854876972402, 'alpha_2': 0.00013017063427885975, 'beta_0': 0.25317742557092987, 'beta_1': 1.0003204932500633, 'beta_2': 0.24003167752940846, 'beta_3': 0.0006074671578733995, 'beta_4': 9.615128469109849e-08, 'beta_5': 0.7657221097910571, 'beta_6': 1.1342299730171666e-05, 'beta_7': 0.050386526407617066, 'beta_8': 0.005326143625332659, 'beta_9': 6.152582638862983e-05, 'beta_10': 1.0768739290332981e-06}. Best is trial 148 with value: 4225.3157846287695.
[I 2026-03-30 23:43:14,628] Trial 176 finished with value: 4580.299037667852 and parameters: {'alpha_0': 0.0008557414375899014, 'alpha_1': 9.692307732456006e-05, 'alpha_2': 0.00016932724804815676, 'beta_0': 0.2626931436686719, 'beta_1': 1.019284683729112, 'beta_2': 0.36943223176461315, 'beta_3': 0.0007534315982083562, 'beta_4': 1.3935223231245882e-07, 'beta_5': 0.781587785624466, 'beta_6': 1.2467828685944373e-05, 'beta_7': 0.04786446280679493, 'beta_8': 0.005022999823530867, 'beta_9': 0.00014196267711163017, 'beta_10': 1.0297183151762997e-06}. Best is trial 148 with value: 4225.3157846287695.
[I 2026-03-30 23:43:45,889] Trial 177 finished with value: 5333.760399912175 and parameters: {'alpha_0': 0.0008391005584455302, 'alpha_1': 0.00010338070840638525, 'alpha_2': 0.00017042031253706555, 'beta_0': 0.2645064107798535, 'beta_1': 1.0164435911165683, 'beta_2': 0.37923419791734353, 'beta_3': 0.0007878818275091443, 'beta_4': 1.9894009460924952e-07, 'beta_5': 0.7781345271117974, 'beta_6': 1.0029117574370573e-05, 'beta_7': 0.0475102396271582, 'beta_8': 0.0058036488847343455, 'beta_9': 0.00013637429311636455, 'beta_10': 8.968538082867924e-07}. Best is trial 148 with value: 4225.3157846287695.
[I 2026-03-30 23:44:16,395] Trial 178 finished with value: 4631.493781817782 and parameters: {'alpha_0': 0.0007014545949886698, 'alpha_1': 9.901897652588041e-05, 'alpha_2': 0.000157438701430354, 'beta_0': 0.25763929664659496, 'beta_1': 1.045432581635319, 'beta_2': 0.3227755736483142, 'beta_3': 0.0007596989254004789, 'beta_4': 5.323800801351548e-08, 'beta_5': 0.7856534069509925, 'beta_6': 1.248093576533174e-05, 'beta_7': 0.05319679230667085, 'beta_8': 0.00508427696835424, 'beta_9': 4.1284457240717395e-05, 'beta_10': 9.96277676979504e-07}. Best is trial 148 with value: 4225.3157846287695.
[I 2026-03-30 23:44:47,221] Trial 179 finished with value: 4692.184436140599 and parameters: {'alpha_0': 0.0005880896556701557, 'alpha_1': 8.558637598472491e-05, 'alpha_2': 0.00016523422364422737, 'beta_0': 0.269510883033846, 'beta_1': 1.0248686397341236, 'beta_2': 0.2621129359860156, 'beta_3': 0.000919635292776578, 'beta_4': 1.4558622764896906e-07, 'beta_5': 0.7666963830232965, 'beta_6': 1.3257076952760697e-05, 'beta_7': 0.042967473990755956, 'beta_8': 0.005012785093856468, 'beta_9': 0.00014350602178637398, 'beta_10': 1.054559375293001e-06}. Best is trial 148 with value: 4225.3157846287695.
[I 2026-03-30 23:45:18,206] Trial 180 finished with value: 5127.296768750437 and parameters: {'alpha_0': 0.0009131446661174201, 'alpha_1': 0.00010813421477761344, 'alpha_2': 0.0001601060710582739, 'beta_0': 0.2607022903514519, 'beta_1': 1.0900373103254444, 'beta_2': 0.3586664150633926, 'beta_3': 0.0006717046725303047, 'beta_4': 9.523374029115923e-08, 'beta_5': 0.7194874792119897, 'beta_6': 1.2008643838899955e-05, 'beta_7': 0.048740705471099356, 'beta_8': 0.005698496555705239, 'beta_9': 0.000133584806647959, 'beta_10': 9.693105356222632e-07}. Best is trial 148 with value: 4225.3157846287695.
[I 2026-03-30 23:45:48,838] Trial 181 finished with value: 4805.126075002742 and parameters: {'alpha_0': 0.0007865406015599895, 'alpha_1': 9.580007431135385e-05, 'alpha_2': 0.00016909451679314734, 'beta_0': 0.24865583038109323, 'beta_1': 1.0385458233062892, 'beta_2': 0.15260930046666857, 'beta_3': 0.0005432675868714646, 'beta_4': 1.3885319385776818e-07, 'beta_5': 0.7458098172633721, 'beta_6': 1.0743989052723118e-05, 'beta_7': 0.058876425206774774, 'beta_8': 0.005433775357971935, 'beta_9': 0.0001402083601963733, 'beta_10': 1.1587072945580096e-06}. Best is trial 148 with value: 4225.3157846287695.
[I 2026-03-30 23:46:20,141] Trial 182 finished with value: 4863.292576501316 and parameters: {'alpha_0': 0.0010103785144744738, 'alpha_1': 9.21133450069098e-05, 'alpha_2': 0.00015440976880074756, 'beta_0': 0.2346038628492704, 'beta_1': 1.0294040953466481, 'beta_2': 0.30578694029238573, 'beta_3': 0.0006867416105449058, 'beta_4': 1.0770946611128391e-07, 'beta_5': 0.7355015271221913, 'beta_6': 1.4071315923091074e-05, 'beta_7': 0.050581807685585616, 'beta_8': 0.005404562357549889, 'beta_9': 0.00013822516427335475, 'beta_10': 1.0280478759739274e-06}. Best is trial 148 with value: 4225.3157846287695.Best trial: 148. Best value: 4225.32:  36%|███▋      | 182/500 [1:20:58<2:42:54, 30.74s/it]Best trial: 148. Best value: 4225.32:  36%|███▋      | 182/500 [1:20:58<2:42:54, 30.74s/it]Best trial: 148. Best value: 4225.32:  37%|███▋      | 183/500 [1:20:58<2:43:17, 30.91s/it]                                                                                           Best trial: 148. Best value: 4225.32:  37%|███▋      | 183/500 [1:21:29<2:43:17, 30.91s/it]Best trial: 148. Best value: 4225.32:  37%|███▋      | 183/500 [1:21:29<2:43:17, 30.91s/it]Best trial: 148. Best value: 4225.32:  37%|███▋      | 184/500 [1:21:29<2:42:54, 30.93s/it]                                                                                           Best trial: 148. Best value: 4225.32:  37%|███▋      | 184/500 [1:22:00<2:42:54, 30.93s/it]Best trial: 148. Best value: 4225.32:  37%|███▋      | 184/500 [1:22:00<2:42:54, 30.93s/it]Best trial: 148. Best value: 4225.32:  37%|███▋      | 185/500 [1:22:00<2:42:01, 30.86s/it]                                                                                           Best trial: 148. Best value: 4225.32:  37%|███▋      | 185/500 [1:22:30<2:42:01, 30.86s/it]Best trial: 148. Best value: 4225.32:  37%|███▋      | 185/500 [1:22:30<2:42:01, 30.86s/it]Best trial: 148. Best value: 4225.32:  37%|███▋      | 186/500 [1:22:30<2:41:07, 30.79s/it]                                                                                           Best trial: 148. Best value: 4225.32:  37%|███▋      | 186/500 [1:23:01<2:41:07, 30.79s/it]Best trial: 148. Best value: 4225.32:  37%|███▋      | 186/500 [1:23:01<2:41:07, 30.79s/it]Best trial: 148. Best value: 4225.32:  37%|███▋      | 187/500 [1:23:01<2:41:02, 30.87s/it]                                                                                           Best trial: 148. Best value: 4225.32:  37%|███▋      | 187/500 [1:23:32<2:41:02, 30.87s/it]Best trial: 148. Best value: 4225.32:  37%|███▋      | 187/500 [1:23:32<2:41:02, 30.87s/it]Best trial: 148. Best value: 4225.32:  38%|███▊      | 188/500 [1:23:32<2:39:55, 30.76s/it]                                                                                           Best trial: 148. Best value: 4225.32:  38%|███▊      | 188/500 [1:24:03<2:39:55, 30.76s/it]Best trial: 148. Best value: 4225.32:  38%|███▊      | 188/500 [1:24:03<2:39:55, 30.76s/it]Best trial: 148. Best value: 4225.32:  38%|███▊      | 189/500 [1:24:03<2:39:43, 30.82s/it]                                                                                           Best trial: 148. Best value: 4225.32:  38%|███▊      | 189/500 [1:24:33<2:39:43, 30.82s/it]Best trial: 148. Best value: 4225.32:  38%|███▊      | 189/500 [1:24:33<2:39:43, 30.82s/it]Best trial: 148. Best value: 4225.32:  38%|███▊      | 190/500 [1:24:33<2:38:59, 30.77s/it]                                                                                           Best trial: 148. Best value: 4225.32:  38%|███▊      | 190/500 [1:25:04<2:38:59, 30.77s/it]Best trial: 148. Best value: 4225.32:  38%|███▊      | 190/500 [1:25:04<2:38:59, 30.77s/it]Best trial: 148. Best value: 4225.32:  38%|███▊      | 191/500 [1:25:04<2:38:10, 30.71s/it]                                                                                           Best trial: 148. Best value: 4225.32:  38%|███▊      | 191/500 [1:25:35<2:38:10, 30.71s/it]Best trial: 148. Best value: 4225.32:  38%|███▊      | 191/500 [1:25:35<2:38:10, 30.71s/it]Best trial: 148. Best value: 4225.32:  38%|███▊      | 192/500 [1:25:35<2:37:52, 30.75s/it]                                                                                           Best trial: 148. Best value: 4225.32:  38%|███▊      | 192/500 [1:26:05<2:37:52, 30.75s/it]Best trial: 148. Best value: 4225.32:  38%|███▊      | 192/500 [1:26:05<2:37:52, 30.75s/it]Best trial: 148. Best value: 4225.32:  39%|███▊      | 193/500 [1:26:05<2:37:01, 30.69s/it]                                                                                           Best trial: 148. Best value: 4225.32:  39%|███▊      | 193/500 [1:26:36<2:37:01, 30.69s/it]Best trial: 148. Best value: 4225.32:  39%|███▊      | 193/500 [1:26:36<2:37:01, 30.69s/it]Best trial: 148. Best value: 4225.32:  39%|███▉      | 194/500 [1:26:36<2:37:01, 30.79s/it]                                                                                           Best trial: 148. Best value: 4225.32:  39%|███▉      | 194/500 [1:27:07<2:37:01, 30.79s/it]Best trial: 148. Best value: 4225.32:  39%|███▉      | 194/500 [1:27:07<2:37:01, 30.79s/it]Best trial: 148. Best value: 4225.32:  39%|███▉      | 195/500 [1:27:07<2:36:51, 30.86s/it]                                                                                           Best trial: 148. Best value: 4225.32:  39%|███▉      | 195/500 [1:27:17<2:36:51, 30.86s/it]Best trial: 148. Best value: 4225.32:  39%|███▉      | 195/500 [1:27:17<2:36:51, 30.86s/it]Best trial: 148. Best value: 4225.32:  39%|███▉      | 196/500 [1:27:17<2:03:44, 24.42s/it]                                                                                           
[I 2026-03-30 23:46:51,136] Trial 183 finished with value: 5530.617189759914 and parameters: {'alpha_0': 0.000707892753744521, 'alpha_1': 0.0001006709742223869, 'alpha_2': 0.00017556062189823013, 'beta_0': 0.2396443244881574, 'beta_1': 1.0589688785241997, 'beta_2': 0.28130428170866933, 'beta_3': 0.0005959937275737805, 'beta_4': 2.0580020156856133e-07, 'beta_5': 0.7559517556951859, 'beta_6': 1.1609814981682328e-05, 'beta_7': 0.05243895918679941, 'beta_8': 0.0061736404727687705, 'beta_9': 0.0001424966712674169, 'beta_10': 1.1223192784994537e-06}. Best is trial 148 with value: 4225.3157846287695.
[I 2026-03-30 23:47:21,836] Trial 184 finished with value: 4529.657460748065 and parameters: {'alpha_0': 0.0011370459402686344, 'alpha_1': 9.446674840053164e-05, 'alpha_2': 0.00016601165251352233, 'beta_0': 0.2268674690620542, 'beta_1': 1.0154866454397113, 'beta_2': 0.2019345746755239, 'beta_3': 0.0007029207105946439, 'beta_4': 1.6189362949064678e-07, 'beta_5': 0.7687052861313856, 'beta_6': 1.27588976267541e-05, 'beta_7': 0.056152932776072785, 'beta_8': 0.0050071106135462715, 'beta_9': 0.00014592186082249562, 'beta_10': 1.0928142061168264e-06}. Best is trial 148 with value: 4225.3157846287695.
[I 2026-03-30 23:47:52,447] Trial 185 finished with value: 5411.732625583054 and parameters: {'alpha_0': 0.0011269499203858042, 'alpha_1': 0.00010407385569012957, 'alpha_2': 0.0001643493102006219, 'beta_0': 0.22536259885179233, 'beta_1': 1.013635835662253, 'beta_2': 0.20172312613511806, 'beta_3': 0.0008376874436068815, 'beta_4': 1.6790543226703823e-07, 'beta_5': 0.782099569724839, 'beta_6': 1.2848719845817255e-05, 'beta_7': 0.056787025198988775, 'beta_8': 0.0057994699453693946, 'beta_9': 0.00014987601527023507, 'beta_10': 1.0802724104526628e-06}. Best is trial 148 with value: 4225.3157846287695.
[I 2026-03-30 23:48:23,512] Trial 186 finished with value: 4640.987875053265 and parameters: {'alpha_0': 0.0009449522535898659, 'alpha_1': 0.00012133165129641618, 'alpha_2': 6.832934848850033e-05, 'beta_0': 0.23112064712986605, 'beta_1': 1.0473837249047044, 'beta_2': 0.17312535330038867, 'beta_3': 0.0007533554825207525, 'beta_4': 8.514134773601665e-08, 'beta_5': 0.7736797288984727, 'beta_6': 1.2278432943719437e-05, 'beta_7': 0.06222766518934693, 'beta_8': 0.005025642852786425, 'beta_9': 0.00014582295136310672, 'beta_10': 1.0152872896642437e-06}. Best is trial 148 with value: 4225.3157846287695.
