[I 2026-03-31 09:19:51,293] Trial 462 finished with value: 4313.068837939908 and parameters: {'alpha_0': 0.001896006069423344, 'alpha_1': 6.292807388284761e-05, 'alpha_2': 8.872551806785698e-05, 'beta_0': 0.29071164514039594, 'beta_1': 1.1324376292264593, 'beta_2': 0.4002623962823279, 'beta_3': 0.0003376680696458636, 'beta_4': 4.4004468636753434e-07, 'beta_5': 0.5479024924752779, 'beta_6': 2.441888837867755e-05, 'beta_7': 0.06940969817133792, 'beta_8': 0.005012729284388327, 'beta_9': 6.52632655670873e-05, 'beta_10': 9.78381331826763e-07}. Best is trial 305 with value: 4084.4379324804377.Best trial: 305. Best value: 4084.44:  92%|█████████▏| 462/500 [10:54:29<1:07:42, 106.91s/it]Best trial: 305. Best value: 4084.44:  92%|█████████▏| 462/500 [10:54:29<1:07:42, 106.91s/it]Best trial: 305. Best value: 4084.44:  93%|█████████▎| 463/500 [10:54:29<51:54, 84.18s/it]                                                                                             Best trial: 305. Best value: 4084.44:  93%|█████████▎| 463/500 [10:54:59<51:54, 84.18s/it]Best trial: 305. Best value: 4084.44:  93%|█████████▎| 463/500 [10:55:00<51:54, 84.18s/it]Best trial: 305. Best value: 4084.44:  93%|█████████▎| 464/500 [10:55:00<40:50, 68.06s/it]                                                                                          Best trial: 305. Best value: 4084.44:  93%|█████████▎| 464/500 [10:55:09<40:50, 68.06s/it]Best trial: 305. Best value: 4084.44:  93%|█████████▎| 464/500 [10:55:09<40:50, 68.06s/it]Best trial: 305. Best value: 4084.44:  93%|█████████▎| 465/500 [10:55:09<29:26, 50.48s/it]                                                                                          Best trial: 305. Best value: 4084.44:  93%|█████████▎| 465/500 [10:55:39<29:26, 50.48s/it]Best trial: 305. Best value: 4084.44:  93%|█████████▎| 465/500 [10:55:39<29:26, 50.48s/it]Best trial: 305. Best value: 4084.44:  93%|█████████▎| 466/500 [10:55:39<25:11, 44.45s/it]                                                                                          Best trial: 305. Best value: 4084.44:  93%|█████████▎| 466/500 [10:56:11<25:11, 44.45s/it]Best trial: 305. Best value: 4084.44:  93%|█████████▎| 466/500 [10:56:11<25:11, 44.45s/it]Best trial: 305. Best value: 4084.44:  93%|█████████▎| 467/500 [10:56:11<22:17, 40.53s/it]                                                                                          Best trial: 305. Best value: 4084.44:  93%|█████████▎| 467/500 [10:56:41<22:17, 40.53s/it]Best trial: 305. Best value: 4084.44:  93%|█████████▎| 467/500 [10:56:41<22:17, 40.53s/it]Best trial: 305. Best value: 4084.44:  94%|█████████▎| 468/500 [10:56:41<20:02, 37.59s/it]                                                                                          Best trial: 305. Best value: 4084.44:  94%|█████████▎| 468/500 [10:56:51<20:02, 37.59s/it]Best trial: 305. Best value: 4084.44:  94%|█████████▎| 468/500 [10:56:51<20:02, 37.59s/it]Best trial: 305. Best value: 4084.44:  94%|█████████▍| 469/500 [10:56:51<15:02, 29.12s/it]                                                                                          Best trial: 305. Best value: 4084.44:  94%|█████████▍| 469/500 [10:57:21<15:02, 29.12s/it]Best trial: 305. Best value: 4084.44:  94%|█████████▍| 469/500 [10:57:21<15:02, 29.12s/it]Best trial: 305. Best value: 4084.44:  94%|█████████▍| 470/500 [10:57:21<14:46, 29.55s/it]                                                                                          Best trial: 305. Best value: 4084.44:  94%|█████████▍| 470/500 [10:57:52<14:46, 29.55s/it]Best trial: 305. Best value: 4084.44:  94%|█████████▍| 470/500 [10:57:52<14:46, 29.55s/it]Best trial: 305. Best value: 4084.44:  94%|█████████▍| 471/500 [10:57:52<14:28, 29.94s/it]                                                                                          Best trial: 305. Best value: 4084.44:  94%|█████████▍| 471/500 [10:58:23<14:28, 29.94s/it]Best trial: 305. Best value: 4084.44:  94%|█████████▍| 471/500 [10:58:23<14:28, 29.94s/it]Best trial: 305. Best value: 4084.44:  94%|█████████▍| 472/500 [10:58:23<14:04, 30.14s/it]                                                                                          Best trial: 305. Best value: 4084.44:  94%|█████████▍| 472/500 [10:58:53<14:04, 30.14s/it]Best trial: 305. Best value: 4084.44:  94%|█████████▍| 472/500 [10:58:53<14:04, 30.14s/it]Best trial: 305. Best value: 4084.44:  95%|█████████▍| 473/500 [10:58:53<13:37, 30.28s/it]                                                                                          Best trial: 305. Best value: 4084.44:  95%|█████████▍| 473/500 [10:59:24<13:37, 30.28s/it]Best trial: 305. Best value: 4084.44:  95%|█████████▍| 473/500 [10:59:24<13:37, 30.28s/it]Best trial: 305. Best value: 4084.44:  95%|█████████▍| 474/500 [10:59:24<13:09, 30.38s/it]                                                                                          Best trial: 305. Best value: 4084.44:  95%|█████████▍| 474/500 [10:59:38<13:09, 30.38s/it]Best trial: 305. Best value: 4084.44:  95%|█████████▍| 474/500 [10:59:38<13:09, 30.38s/it]Best trial: 305. Best value: 4084.44:  95%|█████████▌| 475/500 [10:59:38<10:34, 25.38s/it]                                                                                          Best trial: 305. Best value: 4084.44:  95%|█████████▌| 475/500 [11:00:09<10:34, 25.38s/it]Best trial: 305. Best value: 4084.44:  95%|█████████▌| 475/500 [11:00:09<10:34, 25.38s/it]Best trial: 305. Best value: 4084.44:  95%|█████████▌| 476/500 [11:00:09<10:48, 27.01s/it]                                                                                          
[I 2026-03-31 09:20:21,762] Trial 463 finished with value: 7158.0039401382855 and parameters: {'alpha_0': 0.0016798215694032836, 'alpha_1': 7.472932398336693e-05, 'alpha_2': 8.021100843118454e-05, 'beta_0': 0.2841613054512321, 'beta_1': 1.1593785089631121, 'beta_2': 0.7436349702674023, 'beta_3': 0.0027336717736050654, 'beta_4': 3.5695130190714633e-07, 'beta_5': 0.4971388317782669, 'beta_6': 3.661014505981878e-05, 'beta_7': 0.06585872334165578, 'beta_8': 0.005756259400698503, 'beta_9': 5.916817180380737e-05, 'beta_10': 7.490029463148009e-07}. Best is trial 305 with value: 4084.4379324804377.
[I 2026-03-31 09:20:31,205] Trial 464 finished with value: 11579.191308218251 and parameters: {'alpha_0': 0.0013808354798510955, 'alpha_1': 5.4605999300234924e-05, 'alpha_2': 5.8635279465302344e-05, 'beta_0': 0.28843854960336324, 'beta_1': 1.092708282982704, 'beta_2': 0.4455799679379463, 'beta_3': 0.00020034622487137313, 'beta_4': 2.6228129168236145e-07, 'beta_5': 0.8353816653458986, 'beta_6': 3.5330270668229145e-05, 'beta_7': 0.07843738486658308, 'beta_8': 0.02415032030158208, 'beta_9': 4.239300773016897e-05, 'beta_10': 6.670889815996434e-07}. Best is trial 305 with value: 4084.4379324804377.
[I 2026-03-31 09:21:01,592] Trial 465 finished with value: 4231.845700685398 and parameters: {'alpha_0': 0.0018176416521545511, 'alpha_1': 7.021124723552694e-05, 'alpha_2': 6.782334901855926e-05, 'beta_0': 0.2967103371124712, 'beta_1': 1.1126994537897188, 'beta_2': 0.4195438623554323, 'beta_3': 0.00025759356612488923, 'beta_4': 4.0080533968788687e-07, 'beta_5': 0.5728674739332147, 'beta_6': 3.398166274204967e-05, 'beta_7': 0.07430845275240641, 'beta_8': 0.005003714236198006, 'beta_9': 5.1358882856805124e-05, 'beta_10': 9.212037820404888e-07}. Best is trial 305 with value: 4084.4379324804377.
[I 2026-03-31 09:21:32,987] Trial 466 finished with value: 5130.339641662131 and parameters: {'alpha_0': 0.0021675576933759444, 'alpha_1': 7.0737396357217e-05, 'alpha_2': 0.00013406706079535668, 'beta_0': 0.29512547613813045, 'beta_1': 1.1230103576356092, 'beta_2': 0.4212861453863669, 'beta_3': 0.0002523644354030099, 'beta_4': 1.0132649741568937e-06, 'beta_5': 0.5627260351767973, 'beta_6': 3.453129144825032e-05, 'beta_7': 0.07387444121607249, 'beta_8': 0.005376228043904008, 'beta_9': 5.017624199740517e-05, 'beta_10': 9.550709766066676e-07}. Best is trial 305 with value: 4084.4379324804377.
[I 2026-03-31 09:22:03,700] Trial 467 finished with value: 5487.053888324689 and parameters: {'alpha_0': 0.002043742825801875, 'alpha_1': 7.82027034400122e-05, 'alpha_2': 7.180761362606065e-05, 'beta_0': 0.2971273226214288, 'beta_1': 1.139978014292671, 'beta_2': 0.41902548993926536, 'beta_3': 0.0002033408087009202, 'beta_4': 3.972945295592587e-07, 'beta_5': 0.5914311021169382, 'beta_6': 3.381019529610911e-05, 'beta_7': 0.0718513446816532, 'beta_8': 0.006449077511782426, 'beta_9': 5.1342689085066755e-05, 'beta_10': 9.140970011664698e-07}. Best is trial 305 with value: 4084.4379324804377.
[I 2026-03-31 09:22:13,070] Trial 468 finished with value: 7564.635345173929 and parameters: {'alpha_0': 0.0019711459103883664, 'alpha_1': 7.446960448992637e-05, 'alpha_2': 6.81869949185677e-05, 'beta_0': 0.2922325639074411, 'beta_1': 1.1113747138723344, 'beta_2': 0.4654255553496673, 'beta_3': 0.0004109842566408125, 'beta_4': 3.172918312845689e-07, 'beta_5': 0.5711380006334954, 'beta_6': 3.407887193072625e-05, 'beta_7': 0.0676983874320999, 'beta_8': 0.017076983068077572, 'beta_9': 4.6080101890154855e-05, 'beta_10': 9.733947789850123e-07}. Best is trial 305 with value: 4084.4379324804377.
[I 2026-03-31 09:22:43,630] Trial 469 finished with value: 4202.701632259723 and parameters: {'alpha_0': 0.0018803860977495016, 'alpha_1': 6.749478073338989e-05, 'alpha_2': 7.673408403490943e-05, 'beta_0': 0.2964613974653909, 'beta_1': 1.1305262505657954, 'beta_2': 0.44181769356899675, 'beta_3': 0.00025675880516977184, 'beta_4': 3.5499440302081177e-07, 'beta_5': 0.5545472118508242, 'beta_6': 3.2873110437164346e-05, 'beta_7': 0.07018090986269984, 'beta_8': 0.005003149600626352, 'beta_9': 4.94999492294631e-05, 'beta_10': 9.233986791023478e-07}. Best is trial 305 with value: 4084.4379324804377.
[I 2026-03-31 09:23:14,482] Trial 470 finished with value: 4211.665170752003 and parameters: {'alpha_0': 0.0019549876056856727, 'alpha_1': 7.147409040456136e-05, 'alpha_2': 7.851199086772211e-05, 'beta_0': 0.2976162428167425, 'beta_1': 1.1346098729551453, 'beta_2': 0.4507369862488451, 'beta_3': 0.00024920809858456467, 'beta_4': 3.6905657482992056e-07, 'beta_5': 0.5786991969522887, 'beta_6': 3.35061781757617e-05, 'beta_7': 0.07056913841436854, 'beta_8': 0.005001395721799525, 'beta_9': 5.1502828611818126e-05, 'beta_10': 9.368361472631273e-07}. Best is trial 305 with value: 4084.4379324804377.
[I 2026-03-31 09:23:45,098] Trial 471 finished with value: 4794.81912346899 and parameters: {'alpha_0': 0.002033735942584408, 'alpha_1': 6.940060380549553e-05, 'alpha_2': 8.379669909290433e-05, 'beta_0': 0.2990207480535178, 'beta_1': 1.1501747560977402, 'beta_2': 0.49634525372426525, 'beta_3': 0.0002643093901571819, 'beta_4': 3.4606863865995626e-07, 'beta_5': 0.4178325020377549, 'beta_6': 3.31326128748433e-05, 'beta_7': 0.07101132887303421, 'beta_8': 0.005662853910336617, 'beta_9': 4.952384404565785e-05, 'beta_10': 9.671085958822413e-07}. Best is trial 305 with value: 4084.4379324804377.
[I 2026-03-31 09:24:15,701] Trial 472 finished with value: 4568.1246392757985 and parameters: {'alpha_0': 0.001960680471797014, 'alpha_1': 6.80461952049342e-05, 'alpha_2': 7.86028031728192e-05, 'beta_0': 0.2957793639095575, 'beta_1': 1.1348983664912826, 'beta_2': 0.46733040051807284, 'beta_3': 0.00031863791021374767, 'beta_4': 3.668581072333471e-07, 'beta_5': 0.5441336149709516, 'beta_6': 3.282998836311717e-05, 'beta_7': 0.07112401013953554, 'beta_8': 0.0053732372563283235, 'beta_9': 4.959658948495967e-05, 'beta_10': 9.428874085852485e-07}. Best is trial 305 with value: 4084.4379324804377.
[I 2026-03-31 09:24:46,323] Trial 473 finished with value: 4917.12226603763 and parameters: {'alpha_0': 0.0020841990408680534, 'alpha_1': 6.568873882780167e-05, 'alpha_2': 8.64309122598721e-05, 'beta_0': 0.29782049774527897, 'beta_1': 1.1284796750618955, 'beta_2': 0.44420065624516925, 'beta_3': 0.0002531744700678225, 'beta_4': 4.000210863660485e-07, 'beta_5': 0.5617741608209146, 'beta_6': 3.321086257339107e-05, 'beta_7': 0.06972198086671762, 'beta_8': 0.005803721192897169, 'beta_9': 5.2134064095059676e-05, 'beta_10': 9.873845355486937e-07}. Best is trial 305 with value: 4084.4379324804377.
[I 2026-03-31 09:25:00,018] Trial 474 finished with value: 9564.191905691452 and parameters: {'alpha_0': 0.0018891928890406547, 'alpha_1': 7.895337857453317e-05, 'alpha_2': 7.397728487438794e-05, 'beta_0': 0.2933417367272153, 'beta_1': 1.1463501041229731, 'beta_2': 0.44875524034565456, 'beta_3': 0.00033717767538925204, 'beta_4': 3.106871806445286e-07, 'beta_5': 0.5739417422938062, 'beta_6': 3.2319114616858234e-05, 'beta_7': 0.0748207827719169, 'beta_8': 0.010664362185960202, 'beta_9': 5.2281471650152856e-05, 'beta_10': 9.037079178875814e-07}. Best is trial 305 with value: 4084.4379324804377.
[I 2026-03-31 09:25:30,829] Trial 475 finished with value: 4544.7856932172 and parameters: {'alpha_0': 0.001854869052756313, 'alpha_1': 7.179095192513463e-05, 'alpha_2': 7.87055854289675e-05, 'beta_0': 0.2994495068318996, 'beta_1': 1.1190082885426267, 'beta_2': 0.42946077610353395, 'beta_3': 0.0003013869731013984, 'beta_4': 3.59413149633456e-07, 'beta_5': 0.5516044240346526, 'beta_6': 3.37703936835343e-05, 'beta_7': 0.06973115700982328, 'beta_8': 0.005374367356763921, 'beta_9': 4.693689691865534e-05, 'beta_10': 8.781043886126539e-07}. Best is trial 305 with value: 4084.4379324804377.
[I 2026-03-31 09:26:01,965] Trial 476 finished with value: 4999.2312861339615 and parameters: {'alpha_0': 0.0018095646819562643, 'alpha_1': 6.389341403968254e-05, 'alpha_2': 8.397462915240439e-05, 'beta_0': 0.28791459791341956, 'beta_1': 1.1328607328394877, 'beta_2': 0.47637781401765267, 'beta_3': 0.00024900749460815753, 'beta_4': 3.099603850165813e-07, 'beta_5': 0.559974986376244, 'beta_6': 3.180112945701328e-05, 'beta_7': 0.07281984921336727, 'beta_8': 0.005951638029595828, 'beta_9': 5.3458504240178876e-05, 'beta_10': 8.172985076932172e-07}. Best is trial 305 with value: 4084.4379324804377.Best trial: 305. Best value: 4084.44:  95%|█████████▌| 476/500 [11:00:40<10:48, 27.01s/it]Best trial: 305. Best value: 4084.44:  95%|█████████▌| 476/500 [11:00:40<10:48, 27.01s/it]Best trial: 305. Best value: 4084.44:  95%|█████████▌| 477/500 [11:00:40<10:49, 28.25s/it]                                                                                          Best trial: 305. Best value: 4084.44:  95%|█████████▌| 477/500 [11:01:11<10:49, 28.25s/it]Best trial: 305. Best value: 4084.44:  95%|█████████▌| 477/500 [11:01:11<10:49, 28.25s/it]Best trial: 305. Best value: 4084.44:  96%|█████████▌| 478/500 [11:01:11<10:39, 29.06s/it]                                                                                          Best trial: 305. Best value: 4084.44:  96%|█████████▌| 478/500 [11:01:41<10:39, 29.06s/it]Best trial: 305. Best value: 4084.44:  96%|█████████▌| 478/500 [11:01:41<10:39, 29.06s/it]Best trial: 305. Best value: 4084.44:  96%|█████████▌| 479/500 [11:01:41<10:19, 29.49s/it]                                                                                          Best trial: 305. Best value: 4084.44:  96%|█████████▌| 479/500 [11:02:12<10:19, 29.49s/it]Best trial: 305. Best value: 4084.44:  96%|█████████▌| 479/500 [11:02:12<10:19, 29.49s/it]Best trial: 305. Best value: 4084.44:  96%|█████████▌| 480/500 [11:02:12<09:56, 29.85s/it]                                                                                          Best trial: 305. Best value: 4084.44:  96%|█████████▌| 480/500 [11:02:43<09:56, 29.85s/it]Best trial: 305. Best value: 4084.44:  96%|█████████▌| 480/500 [11:02:43<09:56, 29.85s/it]Best trial: 305. Best value: 4084.44:  96%|█████████▌| 481/500 [11:02:43<09:33, 30.17s/it]                                                                                          Best trial: 305. Best value: 4084.44:  96%|█████████▌| 481/500 [11:03:13<09:33, 30.17s/it]Best trial: 305. Best value: 4084.44:  96%|█████████▌| 481/500 [11:03:13<09:33, 30.17s/it]Best trial: 305. Best value: 4084.44:  96%|█████████▋| 482/500 [11:03:13<09:04, 30.25s/it]                                                                                          Best trial: 305. Best value: 4084.44:  96%|█████████▋| 482/500 [11:03:44<09:04, 30.25s/it]Best trial: 305. Best value: 4084.44:  96%|█████████▋| 482/500 [11:03:44<09:04, 30.25s/it]Best trial: 305. Best value: 4084.44:  97%|█████████▋| 483/500 [11:03:44<08:36, 30.38s/it]                                                                                          Best trial: 305. Best value: 4084.44:  97%|█████████▋| 483/500 [11:04:15<08:36, 30.38s/it]Best trial: 305. Best value: 4084.44:  97%|█████████▋| 483/500 [11:04:15<08:36, 30.38s/it]Best trial: 305. Best value: 4084.44:  97%|█████████▋| 484/500 [11:04:15<08:07, 30.45s/it]                                                                                          Best trial: 305. Best value: 4084.44:  97%|█████████▋| 484/500 [11:04:45<08:07, 30.45s/it]Best trial: 305. Best value: 4084.44:  97%|█████████▋| 484/500 [11:04:45<08:07, 30.45s/it]Best trial: 305. Best value: 4084.44:  97%|█████████▋| 485/500 [11:04:45<07:38, 30.55s/it]                                                                                          Best trial: 305. Best value: 4084.44:  97%|█████████▋| 485/500 [11:05:16<07:38, 30.55s/it]Best trial: 305. Best value: 4084.44:  97%|█████████▋| 485/500 [11:05:16<07:38, 30.55s/it]Best trial: 305. Best value: 4084.44:  97%|█████████▋| 486/500 [11:05:16<07:07, 30.55s/it]                                                                                          Best trial: 305. Best value: 4084.44:  97%|█████████▋| 486/500 [11:05:46<07:07, 30.55s/it]Best trial: 305. Best value: 4084.44:  97%|█████████▋| 486/500 [11:05:46<07:07, 30.55s/it]Best trial: 305. Best value: 4084.44:  97%|█████████▋| 487/500 [11:05:46<06:37, 30.55s/it]                                                                                          Best trial: 305. Best value: 4084.44:  97%|█████████▋| 487/500 [11:06:17<06:37, 30.55s/it]Best trial: 305. Best value: 4084.44:  97%|█████████▋| 487/500 [11:06:17<06:37, 30.55s/it]Best trial: 305. Best value: 4084.44:  98%|█████████▊| 488/500 [11:06:17<06:08, 30.70s/it]                                                                                          Best trial: 305. Best value: 4084.44:  98%|█████████▊| 488/500 [11:06:48<06:08, 30.70s/it]Best trial: 305. Best value: 4084.44:  98%|█████████▊| 488/500 [11:06:48<06:08, 30.70s/it]Best trial: 305. Best value: 4084.44:  98%|█████████▊| 489/500 [11:06:48<05:36, 30.56s/it]                                                                                          Best trial: 305. Best value: 4084.44:  98%|█████████▊| 489/500 [11:07:18<05:36, 30.56s/it]Best trial: 305. Best value: 4084.44:  98%|█████████▊| 489/500 [11:07:18<05:36, 30.56s/it]Best trial: 305. Best value: 4084.44:  98%|█████████▊| 490/500 [11:07:18<05:06, 30.60s/it]                                                                                          
[I 2026-03-31 09:26:32,923] Trial 477 finished with value: 4561.698943766034 and parameters: {'alpha_0': 0.0021568512254326365, 'alpha_1': 7.025448914802517e-05, 'alpha_2': 9.101290028460404e-05, 'beta_0': 0.2927166438978285, 'beta_1': 1.1223733838514758, 'beta_2': 0.43439164583838685, 'beta_3': 0.0003490939187177911, 'beta_4': 3.951837555922978e-07, 'beta_5': 0.584996557953391, 'beta_6': 3.3644707878510696e-05, 'beta_7': 0.06813418406924926, 'beta_8': 0.00532914026889851, 'beta_9': 4.932423696836748e-05, 'beta_10': 8.625529054050791e-07}. Best is trial 305 with value: 4084.4379324804377.
[I 2026-03-31 09:27:03,420] Trial 478 finished with value: 4198.052173479621 and parameters: {'alpha_0': 0.002010567268047153, 'alpha_1': 6.435521905622421e-05, 'alpha_2': 7.522676566445866e-05, 'beta_0': 0.29617406833024584, 'beta_1': 1.147570446853585, 'beta_2': 0.4045938701805585, 'beta_3': 0.0002568298633902667, 'beta_4': 3.444896905642687e-07, 'beta_5': 0.5520093352938602, 'beta_6': 3.4441600280993205e-05, 'beta_7': 0.0740703031107764, 'beta_8': 0.005002234891050497, 'beta_9': 5.484452279404573e-05, 'beta_10': 9.384078106410728e-07}. Best is trial 305 with value: 4084.4379324804377.
[I 2026-03-31 09:27:34,104] Trial 479 finished with value: 5186.179947336652 and parameters: {'alpha_0': 0.002089187545777639, 'alpha_1': 7.513992948851177e-05, 'alpha_2': 7.447131663167539e-05, 'beta_0': 0.2966685376791284, 'beta_1': 1.1591820008159102, 'beta_2': 0.4498614108939004, 'beta_3': 0.00020106515743017905, 'beta_4': 2.820252337471183e-07, 'beta_5': 0.577068848617748, 'beta_6': 3.2536796123145355e-05, 'beta_7': 0.07442842942008623, 'beta_8': 0.006178986579492517, 'beta_9': 4.7099495696152356e-05, 'beta_10': 9.557759498418124e-07}. Best is trial 305 with value: 4084.4379324804377.
[I 2026-03-31 09:28:05,003] Trial 480 finished with value: 4234.843622359986 and parameters: {'alpha_0': 0.001958336654791451, 'alpha_1': 6.52872060326305e-05, 'alpha_2': 8.120200135313555e-05, 'beta_0': 0.2999229295624752, 'beta_1': 1.1113749190439621, 'beta_2': 0.42251381683064565, 'beta_3': 0.0002713989479345919, 'beta_4': 3.3937345028938094e-07, 'beta_5': 0.5565501708220659, 'beta_6': 3.478911019313504e-05, 'beta_7': 0.07554291772892108, 'beta_8': 0.005008501206361488, 'beta_9': 5.138081906492076e-05, 'beta_10': 9.911708137235752e-07}. Best is trial 305 with value: 4084.4379324804377.
