[I 2026-03-31 01:11:26,947] Trial 355 finished with value: 4539.280821876168 and parameters: {'alpha_0': 0.0012547746802989124, 'alpha_1': 6.0300660683552e-05, 'alpha_2': 7.416506596669481e-05, 'beta_0': 0.29019747537584006, 'beta_1': 1.568655419182437, 'beta_2': 0.4026656265823927, 'beta_3': 0.00033267953746865986, 'beta_4': 3.4088542824047643e-07, 'beta_5': 0.5390638303380556, 'beta_6': 3.703704559842203e-05, 'beta_7': 0.0721259277371047, 'beta_8': 0.005375500350417574, 'beta_9': 5.603264303293609e-05, 'beta_10': 8.227587394068521e-07}. Best is trial 305 with value: 4084.4379324804377.
[I 2026-03-31 01:11:57,805] Trial 356 finished with value: 4138.816055696194 and parameters: {'alpha_0': 0.0010706842853242325, 'alpha_1': 5.008079274080285e-05, 'alpha_2': 8.27119960060163e-05, 'beta_0': 0.2995919567872119, 'beta_1': 1.1166882061945533, 'beta_2': 0.3512227629450403, 'beta_3': 0.0002612214370976607, 'beta_4': 2.473589964390141e-07, 'beta_5': 0.5439640582714571, 'beta_6': 3.632337943729739e-05, 'beta_7': 0.07420599336903332, 'beta_8': 0.00500480197996825, 'beta_9': 4.9941621363994276e-05, 'beta_10': 9.088935868194504e-07}. Best is trial 305 with value: 4084.4379324804377.
[I 2026-03-31 01:12:28,600] Trial 357 finished with value: 6102.884698096286 and parameters: {'alpha_0': 0.0010950337061301266, 'alpha_1': 5.1468456527377875e-05, 'alpha_2': 8.303000359536525e-05, 'beta_0': 0.2994114724815693, 'beta_1': 1.1198647317677273, 'beta_2': 0.3755872269754359, 'beta_3': 0.00026891675782442806, 'beta_4': 1.9965170582812735e-06, 'beta_5': 0.5501676381943884, 'beta_6': 3.642380833143486e-05, 'beta_7': 0.07403584275954313, 'beta_8': 0.005001832947741077, 'beta_9': 6.582422428756194e-05, 'beta_10': 9.032203507679036e-07}. Best is trial 305 with value: 4084.4379324804377.
[I 2026-03-31 01:12:59,209] Trial 358 finished with value: 4714.96883367549 and parameters: {'alpha_0': 0.0009529030969422665, 'alpha_1': 5.404743947788752e-05, 'alpha_2': 8.975176646508422e-05, 'beta_0': 0.2941484294476878, 'beta_1': 1.1087196926728053, 'beta_2': 0.4421317001922396, 'beta_3': 0.00020055798747692857, 'beta_4': 2.569160708470382e-07, 'beta_5': 0.544815191774247, 'beta_6': 2.981787537153566e-05, 'beta_7': 0.07549943423707361, 'beta_8': 0.005714987154448295, 'beta_9': 5.0521690418387425e-05, 'beta_10': 8.67506341327369e-07}. Best is trial 305 with value: 4084.4379324804377.
[I 2026-03-31 01:13:30,174] Trial 359 finished with value: 5832.387326557342 and parameters: {'alpha_0': 0.0010599447299189317, 'alpha_1': 0.0001430607451425456, 'alpha_2': 7.879162117827411e-05, 'beta_0': 0.2959233041319857, 'beta_1': 1.1368843201052121, 'beta_2': 0.4989094084039253, 'beta_3': 0.0018896303409545563, 'beta_4': 2.9342683321333843e-07, 'beta_5': 0.5296627882373611, 'beta_6': 3.354947804176634e-05, 'beta_7': 0.07730573432173242, 'beta_8': 0.005005549543950091, 'beta_9': 5.4001937295146655e-05, 'beta_10': 9.091197819708473e-07}. Best is trial 305 with value: 4084.4379324804377.
[I 2026-03-31 01:14:00,748] Trial 360 finished with value: 4486.609260317102 and parameters: {'alpha_0': 0.0009069134655060669, 'alpha_1': 5.059800628462642e-05, 'alpha_2': 0.00010104147576501882, 'beta_0': 0.29966831542067146, 'beta_1': 1.1219195920838327, 'beta_2': 0.3557771739376222, 'beta_3': 0.0002928096536933891, 'beta_4': 2.3559616132429704e-07, 'beta_5': 0.5188885702338298, 'beta_6': 3.5297385058121426e-05, 'beta_7': 0.07255836832507723, 'beta_8': 0.0054055253114697775, 'beta_9': 4.9368767150071054e-05, 'beta_10': 8.397094722250819e-07}. Best is trial 305 with value: 4084.4379324804377.
[I 2026-03-31 01:14:31,721] Trial 361 finished with value: 5501.125160275709 and parameters: {'alpha_0': 0.0015190716388752518, 'alpha_1': 5.7838020448082806e-05, 'alpha_2': 7.061033988672824e-05, 'beta_0': 0.29014030224062565, 'beta_1': 1.106927947629475, 'beta_2': 0.3511786828351668, 'beta_3': 0.00036389481282873685, 'beta_4': 3.898925554918313e-07, 'beta_5': 0.5041053430619146, 'beta_6': 3.569745094253898e-05, 'beta_7': 0.06977064568372415, 'beta_8': 0.006356220259711566, 'beta_9': 6.0482859331393215e-05, 'beta_10': 7.768626973841197e-07}. Best is trial 305 with value: 4084.4379324804377.
[I 2026-03-31 01:14:41,650] Trial 362 finished with value: 8106.4823249938945 and parameters: {'alpha_0': 0.001332258762990872, 'alpha_1': 0.00019161050682859297, 'alpha_2': 8.38552326514813e-05, 'beta_0': 0.2851674497751658, 'beta_1': 1.0976555991006072, 'beta_2': 0.38767368066066055, 'beta_3': 0.0002483753286848787, 'beta_4': 3.0066979210376116e-07, 'beta_5': 0.5466075826327688, 'beta_6': 3.8761571435941606e-05, 'beta_7': 0.06496673034537223, 'beta_8': 0.014396187375620581, 'beta_9': 4.7563446586841914e-05, 'beta_10': 8.680605660250505e-07}. Best is trial 305 with value: 4084.4379324804377.
[I 2026-03-31 01:15:12,585] Trial 363 finished with value: 4823.050204842839 and parameters: {'alpha_0': 0.0011396600913373858, 'alpha_1': 6.283692849914586e-05, 'alpha_2': 9.291139412511249e-05, 'beta_0': 0.29432675241324907, 'beta_1': 1.128987942413377, 'beta_2': 0.42689647811705916, 'beta_3': 0.00032970302596242496, 'beta_4': 3.32420273792494e-07, 'beta_5': 0.5311650109328139, 'beta_6': 3.644063030579459e-05, 'beta_7': 0.041248081921151876, 'beta_8': 0.005743413476005636, 'beta_9': 5.7362326417977755e-05, 'beta_10': 9.206913751227429e-07}. Best is trial 305 with value: 4084.4379324804377.
[I 2026-03-31 01:15:21,899] Trial 364 finished with value: 10785.52891766109 and parameters: {'alpha_0': 0.0014563788181314761, 'alpha_1': 5.811036169326297e-05, 'alpha_2': 7.424506226532352e-05, 'beta_0': 0.287398985765666, 'beta_1': 1.1523237959675832, 'beta_2': 0.3749724855112614, 'beta_3': 0.0004118303575258853, 'beta_4': 2.544279459425878e-07, 'beta_5': 0.5098160862801606, 'beta_6': 3.466421571830097e-05, 'beta_7': 0.07408226236975132, 'beta_8': 0.02282519302889592, 'beta_9': 5.171314982630531e-05, 'beta_10': 8.093122949034461e-07}. Best is trial 305 with value: 4084.4379324804377.Best trial: 305. Best value: 4084.44:  73%|███████▎  | 364/500 [2:50:00<59:58, 26.46s/it]Best trial: 305. Best value: 4084.44:  73%|███████▎  | 364/500 [2:50:00<59:58, 26.46s/it]Best trial: 305. Best value: 4084.44:  73%|███████▎  | 365/500 [2:50:00<47:58, 21.32s/it]                                                                                         Best trial: 305. Best value: 4084.44:  73%|███████▎  | 365/500 [2:50:30<47:58, 21.32s/it]Best trial: 305. Best value: 4084.44:  73%|███████▎  | 365/500 [2:50:30<47:58, 21.32s/it]Best trial: 305. Best value: 4084.44:  73%|███████▎  | 366/500 [2:50:30<53:43, 24.06s/it]                                                                                         Best trial: 305. Best value: 4084.44:  73%|███████▎  | 366/500 [2:51:01<53:43, 24.06s/it]Best trial: 305. Best value: 4084.44:  73%|███████▎  | 366/500 [2:51:01<53:43, 24.06s/it]Best trial: 305. Best value: 4084.44:  73%|███████▎  | 367/500 [2:51:01<57:39, 26.01s/it]                                                                                         Best trial: 305. Best value: 4084.44:  73%|███████▎  | 367/500 [2:51:32<57:39, 26.01s/it]Best trial: 305. Best value: 4084.44:  73%|███████▎  | 367/500 [2:51:32<57:39, 26.01s/it]Best trial: 305. Best value: 4084.44:  74%|███████▎  | 368/500 [2:51:32<1:00:33, 27.53s/it]                                                                                           Best trial: 305. Best value: 4084.44:  74%|███████▎  | 368/500 [2:52:02<1:00:33, 27.53s/it]Best trial: 305. Best value: 4084.44:  74%|███████▎  | 368/500 [2:52:02<1:00:33, 27.53s/it]Best trial: 305. Best value: 4084.44:  74%|███████▍  | 369/500 [2:52:02<1:02:09, 28.47s/it]                                                                                           Best trial: 305. Best value: 4084.44:  74%|███████▍  | 369/500 [2:52:34<1:02:09, 28.47s/it]Best trial: 305. Best value: 4084.44:  74%|███████▍  | 369/500 [2:52:34<1:02:09, 28.47s/it]Best trial: 305. Best value: 4084.44:  74%|███████▍  | 370/500 [2:52:34<1:03:27, 29.29s/it]                                                                                           Best trial: 305. Best value: 4084.44:  74%|███████▍  | 370/500 [2:53:04<1:03:27, 29.29s/it]Best trial: 305. Best value: 4084.44:  74%|███████▍  | 370/500 [2:53:04<1:03:27, 29.29s/it]Best trial: 305. Best value: 4084.44:  74%|███████▍  | 371/500 [2:53:04<1:03:46, 29.66s/it]                                                                                           Best trial: 305. Best value: 4084.44:  74%|███████▍  | 371/500 [2:53:18<1:03:46, 29.66s/it]Best trial: 305. Best value: 4084.44:  74%|███████▍  | 371/500 [2:53:18<1:03:46, 29.66s/it]Best trial: 305. Best value: 4084.44:  74%|███████▍  | 372/500 [2:53:18<52:52, 24.79s/it]                                                                                           Best trial: 305. Best value: 4084.44:  74%|███████▍  | 372/500 [2:53:48<52:52, 24.79s/it]Best trial: 305. Best value: 4084.44:  74%|███████▍  | 372/500 [2:53:48<52:52, 24.79s/it]Best trial: 305. Best value: 4084.44:  75%|███████▍  | 373/500 [2:53:48<56:06, 26.51s/it]                                                                                         Best trial: 305. Best value: 4084.44:  75%|███████▍  | 373/500 [2:54:19<56:06, 26.51s/it]Best trial: 305. Best value: 4084.44:  75%|███████▍  | 373/500 [2:54:19<56:06, 26.51s/it]Best trial: 305. Best value: 4084.44:  75%|███████▍  | 374/500 [2:54:19<58:14, 27.73s/it]                                                                                         Best trial: 305. Best value: 4084.44:  75%|███████▍  | 374/500 [2:54:50<58:14, 27.73s/it]Best trial: 305. Best value: 4084.44:  75%|███████▍  | 374/500 [2:54:50<58:14, 27.73s/it]Best trial: 305. Best value: 4084.44:  75%|███████▌  | 375/500 [2:54:50<59:48, 28.70s/it]                                                                                         Best trial: 305. Best value: 4084.44:  75%|███████▌  | 375/500 [2:55:20<59:48, 28.70s/it]Best trial: 305. Best value: 4084.44:  75%|███████▌  | 375/500 [2:55:20<59:48, 28.70s/it]Best trial: 305. Best value: 4084.44:  75%|███████▌  | 376/500 [2:55:20<1:00:27, 29.25s/it]                                                                                           Best trial: 305. Best value: 4084.44:  75%|███████▌  | 376/500 [2:55:51<1:00:27, 29.25s/it]Best trial: 305. Best value: 4084.44:  75%|███████▌  | 376/500 [2:55:51<1:00:27, 29.25s/it]Best trial: 305. Best value: 4084.44:  75%|███████▌  | 377/500 [2:55:51<1:00:47, 29.66s/it]                                                                                           Best trial: 305. Best value: 4084.44:  75%|███████▌  | 377/500 [2:56:22<1:00:47, 29.66s/it]Best trial: 305. Best value: 4084.44:  75%|███████▌  | 377/500 [2:56:22<1:00:47, 29.66s/it]Best trial: 305. Best value: 4084.44:  76%|███████▌  | 378/500 [2:56:22<1:00:59, 29.99s/it]                                                                                           
[I 2026-03-31 01:15:52,355] Trial 365 finished with value: 4468.915350347511 and parameters: {'alpha_0': 0.0010193181254831774, 'alpha_1': 6.510484615259593e-05, 'alpha_2': 6.555213200113311e-05, 'beta_0': 0.2905978951247094, 'beta_1': 1.1142188049383683, 'beta_2': 0.3475548891663495, 'beta_3': 0.00026481890576696794, 'beta_4': 2.2646774817073153e-07, 'beta_5': 0.5659807131683928, 'beta_6': 3.7294219251574245e-05, 'beta_7': 0.07049749248014578, 'beta_8': 0.005389591073187379, 'beta_9': 4.6967072102932294e-05, 'beta_10': 9.343095795138157e-07}. Best is trial 305 with value: 4084.4379324804377.
[I 2026-03-31 01:16:22,920] Trial 366 finished with value: 4198.05140563829 and parameters: {'alpha_0': 0.0012631350967712567, 'alpha_1': 5.07972638331132e-05, 'alpha_2': 4.9157033232039445e-05, 'beta_0': 0.27770724310849687, 'beta_1': 1.096617765409747, 'beta_2': 0.39738385676813154, 'beta_3': 0.00034206818188957735, 'beta_4': 2.8643411111158266e-07, 'beta_5': 0.3171560182279186, 'beta_6': 3.752649611322727e-05, 'beta_7': 0.07994117161228607, 'beta_8': 0.00500630335541842, 'beta_9': 5.535692000896958e-05, 'beta_10': 8.818737054376426e-07}. Best is trial 305 with value: 4084.4379324804377.
[I 2026-03-31 01:16:53,991] Trial 367 finished with value: 5099.190952509796 and parameters: {'alpha_0': 0.0015667341570328056, 'alpha_1': 5.131638899640072e-05, 'alpha_2': 4.70630350646804e-05, 'beta_0': 0.2795487309932433, 'beta_1': 1.0968046573256935, 'beta_2': 0.3997689145265755, 'beta_3': 0.000300794431324123, 'beta_4': 2.901553490250656e-07, 'beta_5': 0.439825261978331, 'beta_6': 3.758657312500023e-05, 'beta_7': 0.07776070748035255, 'beta_8': 0.006025185374115037, 'beta_9': 5.5736016114846866e-05, 'beta_10': 8.682373014289493e-07}. Best is trial 305 with value: 4084.4379324804377.
[I 2026-03-31 01:17:24,656] Trial 368 finished with value: 4257.3708985409085 and parameters: {'alpha_0': 0.0013123964771527752, 'alpha_1': 5.476415687380352e-05, 'alpha_2': 5.3807271059566274e-05, 'beta_0': 0.2728400525893207, 'beta_1': 1.137994090269207, 'beta_2': 0.41526973301003695, 'beta_3': 0.00036603831923590367, 'beta_4': 3.59039990423594e-07, 'beta_5': 0.4656796466324501, 'beta_6': 3.269995308053816e-05, 'beta_7': 0.07995836760145912, 'beta_8': 0.005001811345376094, 'beta_9': 5.363548294886063e-05, 'beta_10': 8.323120477983136e-07}. Best is trial 305 with value: 4084.4379324804377.
[I 2026-03-31 01:17:55,858] Trial 369 finished with value: 4834.207143263149 and parameters: {'alpha_0': 0.0013765965285947464, 'alpha_1': 5.435894541255449e-05, 'alpha_2': 4.8327409499774943e-05, 'beta_0': 0.2728644640098641, 'beta_1': 1.1404864391265055, 'beta_2': 0.420856320637949, 'beta_3': 0.0003605787411813201, 'beta_4': 3.9620097150051075e-07, 'beta_5': 0.6305068986421182, 'beta_6': 3.64600499715681e-05, 'beta_7': 0.07951599649731986, 'beta_8': 0.005651430681094731, 'beta_9': 5.537171076596883e-05, 'beta_10': 7.363583319278827e-07}. Best is trial 305 with value: 4084.4379324804377.
[I 2026-03-31 01:18:26,390] Trial 370 finished with value: 4529.934040641727 and parameters: {'alpha_0': 0.001720075291815336, 'alpha_1': 5.108100305413049e-05, 'alpha_2': 4.405557582776268e-05, 'beta_0': 0.268593301070305, 'beta_1': 1.1486085180531016, 'beta_2': 0.4609874964135939, 'beta_3': 0.0002566828302416024, 'beta_4': 4.477983878603126e-07, 'beta_5': 0.4067168027410274, 'beta_6': 3.2651375359661366e-05, 'beta_7': 0.07872514162750682, 'beta_8': 0.005390400453258962, 'beta_9': 5.885680400763692e-05, 'beta_10': 8.390204190377473e-07}. Best is trial 305 with value: 4084.4379324804377.
[I 2026-03-31 01:18:39,798] Trial 371 finished with value: 11360.286930687147 and parameters: {'alpha_0': 0.0013012837263189972, 'alpha_1': 5.83037837426458e-05, 'alpha_2': 5.915516120110234e-05, 'beta_0': 0.27734252907901785, 'beta_1': 1.1340200968254737, 'beta_2': 0.40662555864311867, 'beta_3': 0.0003249686907026178, 'beta_4': 3.6094459632733906e-07, 'beta_5': 0.5370450732524614, 'beta_6': 2.823474068456913e-05, 'beta_7': 0.07971283769056023, 'beta_8': 0.012580758174762573, 'beta_9': 6.409068346055664e-05, 'beta_10': 7.934816927667185e-07}. Best is trial 305 with value: 4084.4379324804377.
[I 2026-03-31 01:19:10,335] Trial 372 finished with value: 4974.374887113131 and parameters: {'alpha_0': 0.0014756347996318282, 'alpha_1': 5.4494194589677e-05, 'alpha_2': 5.700239231145548e-05, 'beta_0': 0.2821387609096355, 'beta_1': 1.1222559276583144, 'beta_2': 0.4430213260552187, 'beta_3': 0.00038431929390285143, 'beta_4': 3.3184295991830333e-07, 'beta_5': 0.3388141455844896, 'beta_6': 3.3263649640037304e-05, 'beta_7': 0.07706026263734735, 'beta_8': 0.005767445586557772, 'beta_9': 5.3413126101170675e-05, 'beta_10': 8.956937854129476e-07}. Best is trial 305 with value: 4084.4379324804377.
[I 2026-03-31 01:19:40,918] Trial 373 finished with value: 4510.165366359215 and parameters: {'alpha_0': 0.0014058939967811375, 'alpha_1': 5.077089912319786e-05, 'alpha_2': 5.083784798776778e-05, 'beta_0': 0.2754987266011675, 'beta_1': 1.1605313205216188, 'beta_2': 0.3900346454036139, 'beta_3': 0.0003027341868285441, 'beta_4': 4.268326588035542e-07, 'beta_5': 0.3827347407031988, 'beta_6': 3.431774412008934e-05, 'beta_7': 0.07852357973034084, 'beta_8': 0.005338984403997095, 'beta_9': 9.894209814071794e-05, 'beta_10': 8.309501033845943e-07}. Best is trial 305 with value: 4084.4379324804377.
[I 2026-03-31 01:20:11,889] Trial 374 finished with value: 5271.036663859482 and parameters: {'alpha_0': 0.0012914446564553546, 'alpha_1': 5.8470777979307184e-05, 'alpha_2': 5.213237623752701e-05, 'beta_0': 0.28466752852329025, 'beta_1': 1.1103622402891427, 'beta_2': 0.4206744289140153, 'beta_3': 0.00041685544670504366, 'beta_4': 3.157584240540795e-07, 'beta_5': 0.3152091475647681, 'beta_6': 3.219835859402369e-05, 'beta_7': 0.07983950500649264, 'beta_8': 0.006101622831087349, 'beta_9': 5.168820245154832e-05, 'beta_10': 8.787726713246903e-07}. Best is trial 305 with value: 4084.4379324804377.
[I 2026-03-31 01:20:42,426] Trial 375 finished with value: 4835.91558736232 and parameters: {'alpha_0': 0.0010788542361187664, 'alpha_1': 0.0002813594303219327, 'alpha_2': 4.1423878493847837e-05, 'beta_0': 0.27087584196073805, 'beta_1': 1.1235483853270305, 'beta_2': 0.4006010472614429, 'beta_3': 0.0002451701119802751, 'beta_4': 2.713237849977737e-07, 'beta_5': 0.4909739871201504, 'beta_6': 3.698878327601299e-05, 'beta_7': 0.07588959386058443, 'beta_8': 0.005384168595732281, 'beta_9': 6.197522299381805e-05, 'beta_10': 7.72713320197584e-07}. Best is trial 305 with value: 4084.4379324804377.
[I 2026-03-31 01:21:13,025] Trial 376 finished with value: 4236.244857359212 and parameters: {'alpha_0': 0.0016315049585958006, 'alpha_1': 5.963847455175944e-05, 'alpha_2': 6.1438000402718e-05, 'beta_0': 0.2767120387910564, 'beta_1': 1.1408012161265153, 'beta_2': 0.379181695426345, 'beta_3': 0.00035486684550996365, 'beta_4': 3.614422662475196e-07, 'beta_5': 0.516646728958879, 'beta_6': 3.903243358365262e-05, 'beta_7': 0.06827709212090056, 'beta_8': 0.005005904755438308, 'beta_9': 5.765933894506271e-05, 'beta_10': 8.316669335249282e-07}. Best is trial 305 with value: 4084.4379324804377.
[I 2026-03-31 01:21:43,806] Trial 377 finished with value: 5774.363277486691 and parameters: {'alpha_0': 0.0015849264424838952, 'alpha_1': 5.588100908244245e-05, 'alpha_2': 6.118342544158585e-05, 'beta_0': 0.2774410658849592, 'beta_1': 1.1427833430945722, 'beta_2': 0.3847784041644895, 'beta_3': 0.0003332263340032468, 'beta_4': 3.7896205768679093e-07, 'beta_5': 0.4249748597610944, 'beta_6': 3.864383748120079e-05, 'beta_7': 0.06808588572953775, 'beta_8': 0.006723121027395303, 'beta_9': 8.30979401379493e-05, 'beta_10': 9.222081947030428e-07}. Best is trial 305 with value: 4084.4379324804377.
