[I 2026-03-31 00:09:31,909] Trial 229 finished with value: 4426.676084931534 and parameters: {'alpha_0': 0.0011735400457683696, 'alpha_1': 7.392369110833884e-05, 'alpha_2': 0.00016657636379864487, 'beta_0': 0.23154658289064753, 'beta_1': 1.0520588330620533, 'beta_2': 0.32807524278578903, 'beta_3': 0.0006106409695256454, 'beta_4': 1.8223260166880742e-07, 'beta_5': 0.817612236680142, 'beta_6': 1.3385041669879219e-05, 'beta_7': 0.06062902173492235, 'beta_8': 0.005005605505028079, 'beta_9': 4.37660871803199e-05, 'beta_10': 1.0465428477641128e-06}. Best is trial 148 with value: 4225.3157846287695.
[I 2026-03-31 00:10:02,359] Trial 230 finished with value: 4421.127159960323 and parameters: {'alpha_0': 0.001149534926691247, 'alpha_1': 7.281296785715439e-05, 'alpha_2': 0.00016767822578715695, 'beta_0': 0.23275012561654113, 'beta_1': 1.075796360644506, 'beta_2': 0.3296250469791382, 'beta_3': 0.000593844345774549, 'beta_4': 1.856111826051903e-07, 'beta_5': 0.7936159179416136, 'beta_6': 1.3971889020851831e-05, 'beta_7': 0.056318809029735226, 'beta_8': 0.005016907845282202, 'beta_9': 4.4675310400343736e-05, 'beta_10': 1.0419345855300511e-06}. Best is trial 148 with value: 4225.3157846287695.
[I 2026-03-31 00:10:33,358] Trial 231 finished with value: 4415.472053288379 and parameters: {'alpha_0': 0.0011513077937166016, 'alpha_1': 7.165173427189613e-05, 'alpha_2': 0.00016842590967071735, 'beta_0': 0.2318839359488887, 'beta_1': 1.085586478457588, 'beta_2': 0.3295798167369469, 'beta_3': 0.0005855775587669218, 'beta_4': 1.7652970738978138e-07, 'beta_5': 0.7929820431070709, 'beta_6': 1.4023574465488851e-05, 'beta_7': 0.06012911386208649, 'beta_8': 0.00501932214471685, 'beta_9': 4.433615442279466e-05, 'beta_10': 1.0497902225268598e-06}. Best is trial 148 with value: 4225.3157846287695.
[I 2026-03-31 00:11:04,091] Trial 232 finished with value: 4417.350370807042 and parameters: {'alpha_0': 0.0011892472373237891, 'alpha_1': 7.071714003628809e-05, 'alpha_2': 0.00016826462750674012, 'beta_0': 0.23246249862767138, 'beta_1': 1.080397706865022, 'beta_2': 0.3260214496173991, 'beta_3': 0.0005947224921101863, 'beta_4': 1.8371914540645654e-07, 'beta_5': 0.8175116494350495, 'beta_6': 1.5215662341075216e-05, 'beta_7': 0.06160560263236461, 'beta_8': 0.00500796799723813, 'beta_9': 4.481786508630728e-05, 'beta_10': 1.0039353465950029e-06}. Best is trial 148 with value: 4225.3157846287695.
[I 2026-03-31 00:11:35,015] Trial 233 finished with value: 5047.478158346341 and parameters: {'alpha_0': 0.00117326510073816, 'alpha_1': 7.359500101988154e-05, 'alpha_2': 0.00016915426547041198, 'beta_0': 0.23198799739284817, 'beta_1': 1.088471878774591, 'beta_2': 0.32432290116299933, 'beta_3': 0.0006089378648676504, 'beta_4': 1.939073224879966e-07, 'beta_5': 0.8125850187967881, 'beta_6': 1.4070773485402786e-05, 'beta_7': 0.06178969581787184, 'beta_8': 0.0056810359982866375, 'beta_9': 4.465987355703132e-05, 'beta_10': 1.0080659591716068e-06}. Best is trial 148 with value: 4225.3157846287695.
[I 2026-03-31 00:12:06,189] Trial 234 finished with value: 4427.780097363135 and parameters: {'alpha_0': 0.0012752633912840867, 'alpha_1': 6.849702483597414e-05, 'alpha_2': 0.0001652187463383472, 'beta_0': 0.2327289662532442, 'beta_1': 1.0767163354967886, 'beta_2': 0.32804600394864547, 'beta_3': 0.0005829104039858619, 'beta_4': 1.8209208741482913e-07, 'beta_5': 0.7945403380409577, 'beta_6': 1.4988448568934392e-05, 'beta_7': 0.06024075655869136, 'beta_8': 0.005036912225024475, 'beta_9': 4.384020368680077e-05, 'beta_10': 1.0409245258943774e-06}. Best is trial 148 with value: 4225.3157846287695.
[I 2026-03-31 00:12:36,716] Trial 235 finished with value: 4756.717974341407 and parameters: {'alpha_0': 0.001318103117371063, 'alpha_1': 6.792881420672165e-05, 'alpha_2': 0.00016972896209702722, 'beta_0': 0.2340145455614174, 'beta_1': 1.0951327441993395, 'beta_2': 0.33852947563244057, 'beta_3': 0.0005825623386322824, 'beta_4': 1.9384983211950156e-07, 'beta_5': 0.8202027495113152, 'beta_6': 1.503828640633039e-05, 'beta_7': 0.060834714510515996, 'beta_8': 0.005399280535291906, 'beta_9': 4.5026485760412904e-05, 'beta_10': 1.035886003244878e-06}. Best is trial 148 with value: 4225.3157846287695.
[I 2026-03-31 00:13:07,282] Trial 236 finished with value: 5050.89692716579 and parameters: {'alpha_0': 0.0012560130022971176, 'alpha_1': 7.40129143041445e-05, 'alpha_2': 0.0001636365784137212, 'beta_0': 0.23046115233693198, 'beta_1': 1.0773656075329296, 'beta_2': 0.32478733705082646, 'beta_3': 0.0005877576103711817, 'beta_4': 1.6229756885603626e-07, 'beta_5': 0.7914516000636888, 'beta_6': 1.5185400433346191e-05, 'beta_7': 0.06455611050247854, 'beta_8': 0.005718034293732167, 'beta_9': 4.0064585870268655e-05, 'beta_10': 9.893671011909509e-07}. Best is trial 148 with value: 4225.3157846287695.
[I 2026-03-31 00:13:38,410] Trial 237 finished with value: 4439.848524017014 and parameters: {'alpha_0': 0.0010628009203467344, 'alpha_1': 7.128904517990164e-05, 'alpha_2': 0.00016568298621223165, 'beta_0': 0.23606454338547384, 'beta_1': 1.070763390793137, 'beta_2': 0.2969485657426693, 'beta_3': 0.0006264100579654523, 'beta_4': 1.2037820337505474e-07, 'beta_5': 0.7939552880985835, 'beta_6': 1.4135676688475996e-05, 'beta_7': 0.06029778411361642, 'beta_8': 0.005033657224889799, 'beta_9': 4.3360937547914946e-05, 'beta_10': 1.0376630697466536e-06}. Best is trial 148 with value: 4225.3157846287695.
[I 2026-03-31 00:14:09,544] Trial 238 finished with value: 4382.6125627450765 and parameters: {'alpha_0': 0.0010628326587768095, 'alpha_1': 6.88210256298244e-05, 'alpha_2': 0.00016023503805024148, 'beta_0': 0.23301339865723647, 'beta_1': 1.0820377761747713, 'beta_2': 0.2962274768096689, 'beta_3': 0.0005675013431835386, 'beta_4': 8.664905328899923e-08, 'beta_5': 0.8146339642108171, 'beta_6': 1.4125742030960282e-05, 'beta_7': 0.06009691860144703, 'beta_8': 0.005005934323231639, 'beta_9': 4.4004739758909593e-05, 'beta_10': 1.0398833183505819e-06}. Best is trial 148 with value: 4225.3157846287695.Best trial: 148. Best value: 4225.32:  48%|████▊     | 238/500 [1:48:47<2:13:42, 30.62s/it]Best trial: 148. Best value: 4225.32:  48%|████▊     | 238/500 [1:48:47<2:13:42, 30.62s/it]Best trial: 148. Best value: 4225.32:  48%|████▊     | 239/500 [1:48:47<2:13:51, 30.77s/it]                                                                                           Best trial: 148. Best value: 4225.32:  48%|████▊     | 239/500 [1:48:57<2:13:51, 30.77s/it]Best trial: 148. Best value: 4225.32:  48%|████▊     | 239/500 [1:48:57<2:13:51, 30.77s/it]Best trial: 148. Best value: 4225.32:  48%|████▊     | 240/500 [1:48:57<1:45:32, 24.35s/it]                                                                                           Best trial: 148. Best value: 4225.32:  48%|████▊     | 240/500 [1:49:27<1:45:32, 24.35s/it]Best trial: 148. Best value: 4225.32:  48%|████▊     | 240/500 [1:49:27<1:45:32, 24.35s/it]Best trial: 148. Best value: 4225.32:  48%|████▊     | 241/500 [1:49:27<1:53:18, 26.25s/it]                                                                                           Best trial: 148. Best value: 4225.32:  48%|████▊     | 241/500 [1:49:58<1:53:18, 26.25s/it]Best trial: 148. Best value: 4225.32:  48%|████▊     | 241/500 [1:49:58<1:53:18, 26.25s/it]Best trial: 148. Best value: 4225.32:  48%|████▊     | 242/500 [1:49:58<1:58:55, 27.66s/it]                                                                                           Best trial: 148. Best value: 4225.32:  48%|████▊     | 242/500 [1:50:29<1:58:55, 27.66s/it]Best trial: 148. Best value: 4225.32:  48%|████▊     | 242/500 [1:50:29<1:58:55, 27.66s/it]Best trial: 148. Best value: 4225.32:  49%|████▊     | 243/500 [1:50:29<2:02:22, 28.57s/it]                                                                                           Best trial: 148. Best value: 4225.32:  49%|████▊     | 243/500 [1:50:59<2:02:22, 28.57s/it]Best trial: 148. Best value: 4225.32:  49%|████▊     | 243/500 [1:50:59<2:02:22, 28.57s/it]Best trial: 148. Best value: 4225.32:  49%|████▉     | 244/500 [1:50:59<2:04:17, 29.13s/it]                                                                                           Best trial: 148. Best value: 4225.32:  49%|████▉     | 244/500 [1:51:30<2:04:17, 29.13s/it]Best trial: 148. Best value: 4225.32:  49%|████▉     | 244/500 [1:51:30<2:04:17, 29.13s/it]Best trial: 148. Best value: 4225.32:  49%|████▉     | 245/500 [1:51:30<2:05:56, 29.63s/it]                                                                                           Best trial: 148. Best value: 4225.32:  49%|████▉     | 245/500 [1:52:01<2:05:56, 29.63s/it]Best trial: 148. Best value: 4225.32:  49%|████▉     | 245/500 [1:52:01<2:05:56, 29.63s/it]Best trial: 148. Best value: 4225.32:  49%|████▉     | 246/500 [1:52:01<2:07:06, 30.03s/it]                                                                                           Best trial: 148. Best value: 4225.32:  49%|████▉     | 246/500 [1:52:33<2:07:06, 30.03s/it]Best trial: 148. Best value: 4225.32:  49%|████▉     | 246/500 [1:52:33<2:07:06, 30.03s/it]Best trial: 148. Best value: 4225.32:  49%|████▉     | 247/500 [1:52:33<2:08:19, 30.43s/it]                                                                                           Best trial: 148. Best value: 4225.32:  49%|████▉     | 247/500 [1:53:03<2:08:19, 30.43s/it]Best trial: 148. Best value: 4225.32:  49%|████▉     | 247/500 [1:53:03<2:08:19, 30.43s/it]Best trial: 148. Best value: 4225.32:  50%|████▉     | 248/500 [1:53:03<2:07:59, 30.47s/it]                                                                                           Best trial: 148. Best value: 4225.32:  50%|████▉     | 248/500 [1:53:34<2:07:59, 30.47s/it]Best trial: 148. Best value: 4225.32:  50%|████▉     | 248/500 [1:53:34<2:07:59, 30.47s/it]Best trial: 148. Best value: 4225.32:  50%|████▉     | 249/500 [1:53:34<2:08:04, 30.62s/it]                                                                                           Best trial: 148. Best value: 4225.32:  50%|████▉     | 249/500 [1:54:05<2:08:04, 30.62s/it]Best trial: 148. Best value: 4225.32:  50%|████▉     | 249/500 [1:54:05<2:08:04, 30.62s/it]Best trial: 148. Best value: 4225.32:  50%|█████     | 250/500 [1:54:05<2:07:40, 30.64s/it]                                                                                           Best trial: 148. Best value: 4225.32:  50%|█████     | 250/500 [1:54:36<2:07:40, 30.64s/it]Best trial: 148. Best value: 4225.32:  50%|█████     | 250/500 [1:54:36<2:07:40, 30.64s/it]Best trial: 148. Best value: 4225.32:  50%|█████     | 251/500 [1:54:36<2:07:35, 30.75s/it]                                                                                           Best trial: 148. Best value: 4225.32:  50%|█████     | 251/500 [1:55:07<2:07:35, 30.75s/it]Best trial: 148. Best value: 4225.32:  50%|█████     | 251/500 [1:55:07<2:07:35, 30.75s/it]Best trial: 148. Best value: 4225.32:  50%|█████     | 252/500 [1:55:07<2:07:27, 30.84s/it]                                                                                           
[I 2026-03-31 00:14:18,922] Trial 239 finished with value: 7081.190912870457 and parameters: {'alpha_0': 0.0010552532300894832, 'alpha_1': 7.025694385336606e-05, 'alpha_2': 0.00016089516341076057, 'beta_0': 0.23615169488572368, 'beta_1': 1.117435606062874, 'beta_2': 0.29698590894185, 'beta_3': 0.00053976578714609, 'beta_4': 7.068032116874121e-08, 'beta_5': 0.8158089244618126, 'beta_6': 1.4253461358923605e-05, 'beta_7': 0.06407934929900959, 'beta_8': 0.01651531608249705, 'beta_9': 4.29960721447932e-05, 'beta_10': 1.0362921268495386e-06}. Best is trial 148 with value: 4225.3157846287695.
[I 2026-03-31 00:14:49,595] Trial 240 finished with value: 4422.081188556738 and parameters: {'alpha_0': 0.0009928642329065788, 'alpha_1': 6.837926455173031e-05, 'alpha_2': 0.0001661586718033414, 'beta_0': 0.23290594306551554, 'beta_1': 1.060155955053247, 'beta_2': 0.29090640200129936, 'beta_3': 0.0006326746322548594, 'beta_4': 1.210687078061551e-07, 'beta_5': 0.8183092501407253, 'beta_6': 1.5561307410419608e-05, 'beta_7': 0.06045708746163505, 'beta_8': 0.00501458309356206, 'beta_9': 4.9005456638227545e-05, 'beta_10': 1.0001675864288821e-06}. Best is trial 148 with value: 4225.3157846287695.
[I 2026-03-31 00:15:20,540] Trial 241 finished with value: 4417.215551988858 and parameters: {'alpha_0': 0.000994571218004251, 'alpha_1': 6.824487376524608e-05, 'alpha_2': 0.00016589446180548874, 'beta_0': 0.23414250629971103, 'beta_1': 1.0834030467355764, 'beta_2': 0.2997379558010597, 'beta_3': 0.0006175411713148506, 'beta_4': 1.2837826046626872e-07, 'beta_5': 0.8175561864624473, 'beta_6': 1.5203075856141708e-05, 'beta_7': 0.06056942141474245, 'beta_8': 0.005025622537876164, 'beta_9': 4.8351088311864635e-05, 'beta_10': 9.97804971111564e-07}. Best is trial 148 with value: 4225.3157846287695.
[I 2026-03-31 00:15:51,242] Trial 242 finished with value: 4772.259864934928 and parameters: {'alpha_0': 0.0009727140876847416, 'alpha_1': 6.758075684911471e-05, 'alpha_2': 0.00016520271162223811, 'beta_0': 0.23363937495879591, 'beta_1': 1.0801022326435352, 'beta_2': 0.29356578042357906, 'beta_3': 0.0006252598920308267, 'beta_4': 1.274428698597791e-07, 'beta_5': 0.8174630579933384, 'beta_6': 1.539928332263072e-05, 'beta_7': 0.06073144832303472, 'beta_8': 0.0053798034437081525, 'beta_9': 4.807020707978599e-05, 'beta_10': 1.007534919419892e-06}. Best is trial 148 with value: 4225.3157846287695.
[I 2026-03-31 00:16:21,672] Trial 243 finished with value: 4940.89631899393 and parameters: {'alpha_0': 0.0010696840607441382, 'alpha_1': 7.040776551141543e-05, 'alpha_2': 0.00016008876125646543, 'beta_0': 0.23568987967871596, 'beta_1': 1.1085661565578873, 'beta_2': 0.3325507740081701, 'beta_3': 0.0005537658673058911, 'beta_4': 9.717999231700267e-08, 'beta_5': 0.8206019795021912, 'beta_6': 1.4564361371401246e-05, 'beta_7': 0.0630936375774748, 'beta_8': 0.005623728832878026, 'beta_9': 4.4970566872394326e-05, 'beta_10': 1.0452712616440574e-06}. Best is trial 148 with value: 4225.3157846287695.
[I 2026-03-31 00:16:52,484] Trial 244 finished with value: 4862.337790870096 and parameters: {'alpha_0': 0.0011322014646187792, 'alpha_1': 7.378189891617213e-05, 'alpha_2': 0.00016341142059564194, 'beta_0': 0.24109304890028474, 'beta_1': 1.0701631444966047, 'beta_2': 0.3083743768350868, 'beta_3': 0.0006345077238556912, 'beta_4': 1.3550583467220943e-07, 'beta_5': 0.808361465466754, 'beta_6': 1.5408800669448062e-05, 'beta_7': 0.059835256608443875, 'beta_8': 0.005454559317710164, 'beta_9': 4.212174097417929e-05, 'beta_10': 9.957516957964645e-07}. Best is trial 148 with value: 4225.3157846287695.
[I 2026-03-31 00:17:23,423] Trial 245 finished with value: 4588.965828923418 and parameters: {'alpha_0': 0.0010101482669898699, 'alpha_1': 6.701281551205605e-05, 'alpha_2': 0.00016627130340882027, 'beta_0': 0.23085119655732153, 'beta_1': 1.0889106098678367, 'beta_2': 0.2914287200704052, 'beta_3': 0.0005251186642141335, 'beta_4': 8.164385492478383e-08, 'beta_5': 0.7926522711656776, 'beta_6': 1.3964881150703208e-05, 'beta_7': 0.05856694231785661, 'beta_8': 0.00532569559880509, 'beta_9': 3.7496529366119267e-05, 'beta_10': 1.0569335629673997e-06}. Best is trial 148 with value: 4225.3157846287695.
[I 2026-03-31 00:17:54,806] Trial 246 finished with value: 4440.434888686663 and parameters: {'alpha_0': 0.0011551376264417985, 'alpha_1': 7.662789772992506e-05, 'alpha_2': 0.00015911909304756685, 'beta_0': 0.23588900133922414, 'beta_1': 1.0671367486939707, 'beta_2': 0.3481840516615772, 'beta_3': 0.000584850538065914, 'beta_4': 1.335771097047475e-07, 'beta_5': 0.828432822997197, 'beta_6': 1.4349194661922148e-05, 'beta_7': 0.06257811878681041, 'beta_8': 0.0050410864720855705, 'beta_9': 4.8633234175531715e-05, 'beta_10': 1.0242687359218866e-06}. Best is trial 148 with value: 4225.3157846287695.
[I 2026-03-31 00:18:25,372] Trial 247 finished with value: 5232.63077956305 and parameters: {'alpha_0': 0.0011284521747967416, 'alpha_1': 7.667002160533282e-05, 'alpha_2': 0.00015805786723262398, 'beta_0': 0.24236757862937913, 'beta_1': 1.0722031852398917, 'beta_2': 0.34900542791862194, 'beta_3': 0.0005836246440495418, 'beta_4': 1.545600000057105e-07, 'beta_5': 0.8195981886530498, 'beta_6': 1.5688358855433236e-05, 'beta_7': 0.06299737944456234, 'beta_8': 0.005915053445951602, 'beta_9': 4.919609972682392e-05, 'beta_10': 1.0287177471151894e-06}. Best is trial 148 with value: 4225.3157846287695.
[I 2026-03-31 00:18:56,322] Trial 248 finished with value: 4307.159498368109 and parameters: {'alpha_0': 0.0011788591883179376, 'alpha_1': 6.54363388335697e-05, 'alpha_2': 0.00016554948123052564, 'beta_0': 0.23109107740438345, 'beta_1': 1.0977925719320956, 'beta_2': 0.3175596957682765, 'beta_3': 0.0004875749685076179, 'beta_4': 1.646758674233385e-07, 'beta_5': 0.8289519772473267, 'beta_6': 1.4416899469718494e-05, 'beta_7': 0.0607814310181626, 'beta_8': 0.005003644521136421, 'beta_9': 4.5659064960201055e-05, 'beta_10': 1.0537955799877956e-06}. Best is trial 148 with value: 4225.3157846287695.
[I 2026-03-31 00:19:27,025] Trial 249 finished with value: 4316.692977209387 and parameters: {'alpha_0': 0.001211771614934505, 'alpha_1': 6.558731818955788e-05, 'alpha_2': 0.0001678486255091923, 'beta_0': 0.23116922178111282, 'beta_1': 1.0852577964414807, 'beta_2': 0.33492184596506247, 'beta_3': 0.0004987848123455403, 'beta_4': 1.8190921004684387e-07, 'beta_5': 0.8265635875925067, 'beta_6': 1.4728170275917486e-05, 'beta_7': 0.05957344465772477, 'beta_8': 0.005005691335473844, 'beta_9': 4.257611353365974e-05, 'beta_10': 9.939283714118956e-07}. Best is trial 148 with value: 4225.3157846287695.
[I 2026-03-31 00:19:58,015] Trial 250 finished with value: 4903.661902371321 and parameters: {'alpha_0': 0.0012263934617563173, 'alpha_1': 6.736974766376846e-05, 'alpha_2': 0.0001640751062272945, 'beta_0': 0.2296006688408185, 'beta_1': 1.0992897756405724, 'beta_2': 0.3116678338986397, 'beta_3': 0.000489929380072679, 'beta_4': 1.8414054470901766e-07, 'beta_5': 0.8336087581987482, 'beta_6': 1.4945176083573153e-05, 'beta_7': 0.060958957524557954, 'beta_8': 0.005648112112327485, 'beta_9': 4.259038468941132e-05, 'beta_10': 1.004177979941858e-06}. Best is trial 148 with value: 4225.3157846287695.
[I 2026-03-31 00:20:29,067] Trial 251 finished with value: 4615.067257262751 and parameters: {'alpha_0': 0.0013789035467280436, 'alpha_1': 6.528009737663117e-05, 'alpha_2': 0.0001719601051857875, 'beta_0': 0.23101436969300085, 'beta_1': 1.0834426908141008, 'beta_2': 0.3584357658120497, 'beta_3': 0.000491263057802601, 'beta_4': 1.2584597083767813e-07, 'beta_5': 0.8340988448629131, 'beta_6': 1.4291477134423132e-05, 'beta_7': 0.05990635582335116, 'beta_8': 0.00535702593011204, 'beta_9': 3.923524731706485e-05, 'beta_10': 1.0557174749638792e-06}. Best is trial 148 with value: 4225.3157846287695.
