[I 2026-03-30 23:48:54,000] Trial 187 finished with value: 4522.820328397091 and parameters: {'alpha_0': 0.0012005188698965233, 'alpha_1': 8.787089854260836e-05, 'alpha_2': 0.0001710566346272735, 'beta_0': 0.22320340982527365, 'beta_1': 1.0175625466775604, 'beta_2': 0.23331005665133983, 'beta_3': 0.0007077524062475353, 'beta_4': 2.1181177062312302e-07, 'beta_5': 0.794562051502648, 'beta_6': 1.4751490196412807e-05, 'beta_7': 0.05394280203244329, 'beta_8': 0.005017586963179854, 'beta_9': 7.099363859306869e-05, 'beta_10': 9.485255995613743e-07}. Best is trial 148 with value: 4225.3157846287695.
[I 2026-03-30 23:49:24,950] Trial 188 finished with value: 4514.674194165045 and parameters: {'alpha_0': 0.0012619324010365424, 'alpha_1': 8.374754002991362e-05, 'alpha_2': 0.00016877648105450427, 'beta_0': 0.2256012016412762, 'beta_1': 1.0231674896595386, 'beta_2': 0.22591845810097513, 'beta_3': 0.0007084922265872196, 'beta_4': 2.2367549647458377e-07, 'beta_5': 0.7981962280100273, 'beta_6': 1.3614272418232289e-05, 'beta_7': 0.054112402703075546, 'beta_8': 0.00501658045113823, 'beta_9': 5.249277986948286e-05, 'beta_10': 9.344077033505591e-07}. Best is trial 148 with value: 4225.3157846287695.
[I 2026-03-30 23:49:55,624] Trial 189 finished with value: 5137.089587828233 and parameters: {'alpha_0': 0.001368634045954884, 'alpha_1': 8.464063189113737e-05, 'alpha_2': 0.00017070445091776272, 'beta_0': 0.22849313243156966, 'beta_1': 1.0274043860465798, 'beta_2': 0.19014163877298718, 'beta_3': 0.0007095263789342345, 'beta_4': 2.1894800435574113e-07, 'beta_5': 0.8004686912497098, 'beta_6': 1.3959236119504475e-05, 'beta_7': 0.05541078042915739, 'beta_8': 0.005696687627231792, 'beta_9': 5.372805816361072e-05, 'beta_10': 8.822444798124815e-07}. Best is trial 148 with value: 4225.3157846287695.
[I 2026-03-30 23:50:26,205] Trial 190 finished with value: 4609.9020849149 and parameters: {'alpha_0': 0.0012668175737922881, 'alpha_1': 8.855637334566651e-05, 'alpha_2': 0.00015817888008360777, 'beta_0': 0.2251060104190691, 'beta_1': 1.0733920077185373, 'beta_2': 0.2250289159208934, 'beta_3': 0.0008090242128513022, 'beta_4': 1.7803850953608055e-07, 'beta_5': 0.7917808603931089, 'beta_6': 1.3346976695506782e-05, 'beta_7': 0.05335509276633851, 'beta_8': 0.00501134377229964, 'beta_9': 5.3772031251445435e-05, 'beta_10': 9.246803904921793e-07}. Best is trial 148 with value: 4225.3157846287695.
[I 2026-03-30 23:50:57,050] Trial 191 finished with value: 4908.965883458212 and parameters: {'alpha_0': 0.0011822485228947448, 'alpha_1': 9.639703495748858e-05, 'alpha_2': 0.0001667410052915305, 'beta_0': 0.24389423468053478, 'beta_1': 1.0018758990281142, 'beta_2': 0.24064143500372218, 'beta_3': 0.0007436777535703947, 'beta_4': 1.5189433688664775e-07, 'beta_5': 0.7678153709776272, 'beta_6': 1.4467630421741164e-05, 'beta_7': 0.05835824137281887, 'beta_8': 0.005374892002287538, 'beta_9': 6.759676950894872e-05, 'beta_10': 9.705446792046311e-07}. Best is trial 148 with value: 4225.3157846287695.
[I 2026-03-30 23:51:27,587] Trial 192 finished with value: 5457.717189474477 and parameters: {'alpha_0': 0.0008933479607972588, 'alpha_1': 8.283759134784793e-05, 'alpha_2': 0.00016197420963749785, 'beta_0': 0.21204501669777698, 'beta_1': 1.019874643854858, 'beta_2': 0.21232147267132678, 'beta_3': 0.0006964719373105853, 'beta_4': 2.0892324904050435e-07, 'beta_5': 0.7834092012393917, 'beta_6': 1.2725246563322108e-05, 'beta_7': 0.050033762854957836, 'beta_8': 0.006055461777803233, 'beta_9': 5.8678168973877137e-05, 'beta_10': 1.0441981773402647e-06}. Best is trial 148 with value: 4225.3157846287695.
[I 2026-03-30 23:51:58,612] Trial 193 finished with value: 4437.456179942375 and parameters: {'alpha_0': 0.0005770801547665377, 'alpha_1': 8.857840800120467e-05, 'alpha_2': 0.00017066685563769455, 'beta_0': 0.2821008361142882, 'beta_1': 1.0477114274562511, 'beta_2': 0.26165269327686713, 'beta_3': 0.0006389389702941301, 'beta_4': 1.2834383142706114e-07, 'beta_5': 0.7952356947174786, 'beta_6': 1.3610576578226299e-05, 'beta_7': 0.05186043973116862, 'beta_8': 0.005009799301638591, 'beta_9': 4.5179373393920156e-05, 'beta_10': 9.506167552588086e-07}. Best is trial 148 with value: 4225.3157846287695.
[I 2026-03-30 23:52:29,628] Trial 194 finished with value: 6006.414290698178 and parameters: {'alpha_0': 0.0005498317774435949, 'alpha_1': 8.983782928266657e-05, 'alpha_2': 0.00017065758279794128, 'beta_0': 0.2909491365860241, 'beta_1': 1.053177016986293, 'beta_2': 0.25885686911030625, 'beta_3': 0.0006469337071184364, 'beta_4': 1.6085915613198944e-06, 'beta_5': 0.7967757431751915, 'beta_6': 1.3801061922380506e-05, 'beta_7': 0.05396094571997956, 'beta_8': 0.00562569000299124, 'beta_9': 4.352224407233105e-05, 'beta_10': 8.57510421665836e-07}. Best is trial 148 with value: 4225.3157846287695.
[I 2026-03-30 23:52:39,033] Trial 195 finished with value: 10930.65142872501 and parameters: {'alpha_0': 0.0008186634263559529, 'alpha_1': 8.190947244526057e-05, 'alpha_2': 0.00015054953726327893, 'beta_0': 0.284645924710238, 'beta_1': 1.0390137203195782, 'beta_2': 0.23165234805910379, 'beta_3': 0.0005072091368808075, 'beta_4': 1.338430725611265e-07, 'beta_5': 0.7691188002985255, 'beta_6': 1.3125959338202531e-05, 'beta_7': 0.05097023691830797, 'beta_8': 0.023036320234173277, 'beta_9': 4.218129004214189e-05, 'beta_10': 9.308751963752463e-07}. Best is trial 148 with value: 4225.3157846287695.
[I 2026-03-30 23:53:09,701] Trial 196 finished with value: 4856.302981822809 and parameters: {'alpha_0': 0.0006531424609631943, 'alpha_1': 9.370089434534369e-05, 'alpha_2': 0.0001660202032974554, 'beta_0': 0.27023406944766504, 'beta_1': 1.026120038850667, 'beta_2': 0.267768366481867, 'beta_3': 0.0006123899004846223, 'beta_4': 2.869549564928989e-07, 'beta_5': 0.788100956821845, 'beta_6': 1.4856291920448804e-05, 'beta_7': 0.05255083211212414, 'beta_8': 0.00540471297443847, 'beta_9': 4.763845339784213e-05, 'beta_10': 9.571382041930547e-07}. Best is trial 148 with value: 4225.3157846287695.Best trial: 148. Best value: 4225.32:  39%|███▉      | 196/500 [1:27:47<2:03:44, 24.42s/it]Best trial: 148. Best value: 4225.32:  39%|███▉      | 196/500 [1:27:47<2:03:44, 24.42s/it]Best trial: 148. Best value: 4225.32:  39%|███▉      | 197/500 [1:27:47<2:12:47, 26.30s/it]                                                                                           Best trial: 148. Best value: 4225.32:  39%|███▉      | 197/500 [1:28:02<2:12:47, 26.30s/it]Best trial: 148. Best value: 4225.32:  39%|███▉      | 197/500 [1:28:02<2:12:47, 26.30s/it]Best trial: 148. Best value: 4225.32:  40%|███▉      | 198/500 [1:28:02<1:54:20, 22.72s/it]                                                                                           Best trial: 148. Best value: 4225.32:  40%|███▉      | 198/500 [1:28:33<1:54:20, 22.72s/it]Best trial: 148. Best value: 4225.32:  40%|███▉      | 198/500 [1:28:33<1:54:20, 22.72s/it]Best trial: 148. Best value: 4225.32:  40%|███▉      | 199/500 [1:28:33<2:06:19, 25.18s/it]                                                                                           Best trial: 148. Best value: 4225.32:  40%|███▉      | 199/500 [1:29:04<2:06:19, 25.18s/it]Best trial: 148. Best value: 4225.32:  40%|███▉      | 199/500 [1:29:04<2:06:19, 25.18s/it]Best trial: 148. Best value: 4225.32:  40%|████      | 200/500 [1:29:04<2:14:25, 26.89s/it]                                                                                           Best trial: 148. Best value: 4225.32:  40%|████      | 200/500 [1:29:34<2:14:25, 26.89s/it]Best trial: 148. Best value: 4225.32:  40%|████      | 200/500 [1:29:34<2:14:25, 26.89s/it]Best trial: 148. Best value: 4225.32:  40%|████      | 201/500 [1:29:34<2:19:24, 27.98s/it]                                                                                           Best trial: 148. Best value: 4225.32:  40%|████      | 201/500 [1:30:05<2:19:24, 27.98s/it]Best trial: 148. Best value: 4225.32:  40%|████      | 201/500 [1:30:05<2:19:24, 27.98s/it]Best trial: 148. Best value: 4225.32:  40%|████      | 202/500 [1:30:05<2:23:02, 28.80s/it]                                                                                           Best trial: 148. Best value: 4225.32:  40%|████      | 202/500 [1:30:35<2:23:02, 28.80s/it]Best trial: 148. Best value: 4225.32:  40%|████      | 202/500 [1:30:35<2:23:02, 28.80s/it]Best trial: 148. Best value: 4225.32:  41%|████      | 203/500 [1:30:35<2:25:04, 29.31s/it]                                                                                           Best trial: 148. Best value: 4225.32:  41%|████      | 203/500 [1:31:06<2:25:04, 29.31s/it]Best trial: 148. Best value: 4225.32:  41%|████      | 203/500 [1:31:06<2:25:04, 29.31s/it]Best trial: 148. Best value: 4225.32:  41%|████      | 204/500 [1:31:06<2:27:12, 29.84s/it]                                                                                           Best trial: 148. Best value: 4225.32:  41%|████      | 204/500 [1:31:37<2:27:12, 29.84s/it]Best trial: 148. Best value: 4225.32:  41%|████      | 204/500 [1:31:37<2:27:12, 29.84s/it]Best trial: 148. Best value: 4225.32:  41%|████      | 205/500 [1:31:37<2:28:31, 30.21s/it]                                                                                           Best trial: 148. Best value: 4225.32:  41%|████      | 205/500 [1:32:09<2:28:31, 30.21s/it]Best trial: 148. Best value: 4225.32:  41%|████      | 205/500 [1:32:09<2:28:31, 30.21s/it]Best trial: 148. Best value: 4225.32:  41%|████      | 206/500 [1:32:09<2:29:38, 30.54s/it]                                                                                           Best trial: 148. Best value: 4225.32:  41%|████      | 206/500 [1:32:40<2:29:38, 30.54s/it]Best trial: 148. Best value: 4225.32:  41%|████      | 206/500 [1:32:40<2:29:38, 30.54s/it]Best trial: 148. Best value: 4225.32:  41%|████▏     | 207/500 [1:32:40<2:29:54, 30.70s/it]                                                                                           Best trial: 148. Best value: 4225.32:  41%|████▏     | 207/500 [1:33:11<2:29:54, 30.70s/it]Best trial: 148. Best value: 4225.32:  41%|████▏     | 207/500 [1:33:11<2:29:54, 30.70s/it]Best trial: 148. Best value: 4225.32:  42%|████▏     | 208/500 [1:33:11<2:30:16, 30.88s/it]                                                                                           Best trial: 148. Best value: 4225.32:  42%|████▏     | 208/500 [1:33:42<2:30:16, 30.88s/it]Best trial: 148. Best value: 4225.32:  42%|████▏     | 208/500 [1:33:42<2:30:16, 30.88s/it]Best trial: 148. Best value: 4225.32:  42%|████▏     | 209/500 [1:33:42<2:29:37, 30.85s/it]                                                                                           Best trial: 148. Best value: 4225.32:  42%|████▏     | 209/500 [1:34:13<2:29:37, 30.85s/it]Best trial: 148. Best value: 4225.32:  42%|████▏     | 209/500 [1:34:13<2:29:37, 30.85s/it]Best trial: 148. Best value: 4225.32:  42%|████▏     | 210/500 [1:34:13<2:29:12, 30.87s/it]                                                                                           
[I 2026-03-30 23:53:24,064] Trial 197 finished with value: 9359.693861096317 and parameters: {'alpha_0': 0.0013392741008078977, 'alpha_1': 0.00021340674366118477, 'alpha_2': 0.00017320454400342064, 'beta_0': 0.23799649046002727, 'beta_1': 1.0567818395451458, 'beta_2': 0.3426970838865694, 'beta_3': 0.0006792978496513065, 'beta_4': 9.309567042912494e-08, 'beta_5': 0.7604937598809296, 'beta_6': 1.207422024912936e-05, 'beta_7': 0.05562807415195145, 'beta_8': 0.009839505447030902, 'beta_9': 7.08940735159249e-05, 'beta_10': 9.984951582126695e-07}. Best is trial 148 with value: 4225.3157846287695.
[I 2026-03-30 23:53:54,997] Trial 198 finished with value: 4588.645731186183 and parameters: {'alpha_0': 0.0007824285460186631, 'alpha_1': 8.741565018401545e-05, 'alpha_2': 0.00015954272874821134, 'beta_0': 0.23490370913496342, 'beta_1': 1.0400843384001364, 'beta_2': 0.1771846637150417, 'beta_3': 0.000780402334580509, 'beta_4': 1.740260259741122e-07, 'beta_5': 0.8017380847467616, 'beta_6': 1.2623780213509126e-05, 'beta_7': 0.04812083262224461, 'beta_8': 0.005044404563210725, 'beta_9': 2.6042531636236972e-05, 'beta_10': 7.952704612859917e-07}. Best is trial 148 with value: 4225.3157846287695.
[I 2026-03-30 23:54:25,862] Trial 199 finished with value: 4563.197547758568 and parameters: {'alpha_0': 0.0005060775234296369, 'alpha_1': 8.562697253236501e-05, 'alpha_2': 0.00015565839173269335, 'beta_0': 0.23218045502166004, 'beta_1': 1.0154478738598542, 'beta_2': 0.17885880669675552, 'beta_3': 0.0007834846808856569, 'beta_4': 2.3287707225645532e-07, 'beta_5': 0.8039269259116524, 'beta_6': 1.27379223094712e-05, 'beta_7': 0.04796487578973345, 'beta_8': 0.005005626095622711, 'beta_9': 6.11253610785659e-05, 'beta_10': 7.743873816859594e-07}. Best is trial 148 with value: 4225.3157846287695.
[I 2026-03-30 23:54:56,370] Trial 200 finished with value: 4604.347323991385 and parameters: {'alpha_0': 0.0005102118278461809, 'alpha_1': 7.860062803934942e-05, 'alpha_2': 0.0001466370655977848, 'beta_0': 0.2803497555184426, 'beta_1': 1.0147355877762774, 'beta_2': 0.2065907541286312, 'beta_3': 0.0008387506075010357, 'beta_4': 2.37655549108032e-07, 'beta_5': 0.7792326197830901, 'beta_6': 1.3428250520212748e-05, 'beta_7': 0.04507212664189618, 'beta_8': 0.005009946175089953, 'beta_9': 5.914732424115599e-05, 'beta_10': 6.58673385985256e-07}. Best is trial 148 with value: 4225.3157846287695.
[I 2026-03-30 23:55:27,096] Trial 201 finished with value: 5216.920126224856 and parameters: {'alpha_0': 0.0007369893467719791, 'alpha_1': 8.43250934088652e-05, 'alpha_2': 0.00016008466687113504, 'beta_0': 0.2330513643487462, 'beta_1': 1.045995460925916, 'beta_2': 0.1857412668884022, 'beta_3': 0.0007769071129504462, 'beta_4': 1.8239884966901484e-07, 'beta_5': 0.8009056417968319, 'beta_6': 1.2583227460839223e-05, 'beta_7': 0.047849818682435784, 'beta_8': 0.005723472807346792, 'beta_9': 2.6794178479173323e-05, 'beta_10': 7.829067110195778e-07}. Best is trial 148 with value: 4225.3157846287695.
[I 2026-03-30 23:55:57,587] Trial 202 finished with value: 5437.750741494265 and parameters: {'alpha_0': 0.0005980751680248721, 'alpha_1': 8.775371967925265e-05, 'alpha_2': 0.00015499473566421757, 'beta_0': 0.2390072691359105, 'beta_1': 1.029639766777031, 'beta_2': 0.17153162631423574, 'beta_3': 0.000774454508990863, 'beta_4': 1.4796171628104485e-06, 'beta_5': 0.7946210510331343, 'beta_6': 1.2808712541751373e-05, 'beta_7': 0.04848884325029861, 'beta_8': 0.005048825333049665, 'beta_9': 6.364957069976175e-05, 'beta_10': 7.033952754167178e-07}. Best is trial 148 with value: 4225.3157846287695.
[I 2026-03-30 23:56:28,670] Trial 203 finished with value: 4684.344388851849 and parameters: {'alpha_0': 0.0007890063648469699, 'alpha_1': 9.868211071188688e-05, 'alpha_2': 0.00016239229967172312, 'beta_0': 0.234636321661921, 'beta_1': 1.0083674701899294, 'beta_2': 0.2168745869978161, 'beta_3': 0.0008877324202515842, 'beta_4': 1.173811457617378e-07, 'beta_5': 0.7735941405210797, 'beta_6': 1.4217090230058349e-05, 'beta_7': 0.04964186063575805, 'beta_8': 0.005019483160007424, 'beta_9': 5.071532619696517e-05, 'beta_10': 7.991892698580009e-07}. Best is trial 148 with value: 4225.3157846287695.
[I 2026-03-30 23:56:59,738] Trial 204 finished with value: 5040.894638166212 and parameters: {'alpha_0': 0.0007096943054596915, 'alpha_1': 9.606169669509482e-05, 'alpha_2': 0.00015333744831365844, 'beta_0': 0.2515018566541949, 'beta_1': 1.063747719417053, 'beta_2': 0.23802515702947855, 'beta_3': 0.0007140593410913555, 'beta_4': 5.032506479419018e-08, 'beta_5': 0.802429758772861, 'beta_6': 1.0864072983363168e-05, 'beta_7': 0.046370130628625675, 'beta_8': 0.0055994773708054136, 'beta_9': 5.657598820677211e-05, 'beta_10': 7.309741272392701e-07}. Best is trial 148 with value: 4225.3157846287695.
[I 2026-03-30 23:57:31,050] Trial 205 finished with value: 5734.435904308555 and parameters: {'alpha_0': 0.00086153580523047, 'alpha_1': 8.850110484802676e-05, 'alpha_2': 0.0001688284332576693, 'beta_0': 0.2278557347218972, 'beta_1': 1.0204066415671875, 'beta_2': 0.17171111139155232, 'beta_3': 0.0009788840051813503, 'beta_4': 1.7401679997174677e-07, 'beta_5': 0.7884946073740897, 'beta_6': 1.2255754609287426e-05, 'beta_7': 0.05143168328911587, 'beta_8': 0.006056137322770081, 'beta_9': 4.667680537091859e-05, 'beta_10': 8.21295192327306e-07}. Best is trial 148 with value: 4225.3157846287695.
[I 2026-03-30 23:58:02,117] Trial 206 finished with value: 4904.224279419052 and parameters: {'alpha_0': 0.0006353212908754639, 'alpha_1': 8.127383881400956e-05, 'alpha_2': 0.00015769827886590198, 'beta_0': 0.23395138231204746, 'beta_1': 1.0021120749808035, 'beta_2': 0.15196533759212066, 'beta_3': 0.000660723383951163, 'beta_4': 2.2730637593959183e-07, 'beta_5': 0.7680995331589892, 'beta_6': 1.3535724319750686e-05, 'beta_7': 0.05335380619788533, 'beta_8': 0.005442035142494584, 'beta_9': 3.107435488984322e-05, 'beta_10': 1.1095883480438416e-06}. Best is trial 148 with value: 4225.3157846287695.
[I 2026-03-30 23:58:33,422] Trial 207 finished with value: 5020.8248091310725 and parameters: {'alpha_0': 0.0009898266252576175, 'alpha_1': 0.0001017533233716154, 'alpha_2': 0.00015012894153230294, 'beta_0': 0.22436389098191395, 'beta_1': 1.0379654545671475, 'beta_2': 0.315276308252237, 'beta_3': 0.0008385244331209161, 'beta_4': 9.284083803361257e-08, 'beta_5': 0.7579168214268059, 'beta_6': 1.2163943214001082e-05, 'beta_7': 0.05755654794276092, 'beta_8': 0.005400265257853432, 'beta_9': 7.337264366154166e-05, 'beta_10': 9.043567077822873e-07}. Best is trial 148 with value: 4225.3157846287695.
[I 2026-03-30 23:59:04,196] Trial 208 finished with value: 5891.783143250145 and parameters: {'alpha_0': 0.0010778378959709965, 'alpha_1': 9.318829829459562e-05, 'alpha_2': 0.0001640856571902664, 'beta_0': 0.2462943867874485, 'beta_1': 1.0790831783495123, 'beta_2': 0.1915402792562753, 'beta_3': 0.0007379578574822823, 'beta_4': 1.2715983159578154e-07, 'beta_5': 0.7814437076425864, 'beta_6': 1.4882333560363362e-05, 'beta_7': 0.05461277645870164, 'beta_8': 0.006430143159212155, 'beta_9': 0.00013519627798872126, 'beta_10': 1.0669461366505753e-06}. Best is trial 148 with value: 4225.3157846287695.
[I 2026-03-30 23:59:35,116] Trial 209 finished with value: 4457.537008512114 and parameters: {'alpha_0': 0.0005248114052671687, 'alpha_1': 8.620900778659133e-05, 'alpha_2': 0.00015979681921379958, 'beta_0': 0.24033317569326748, 'beta_1': 1.0473122978670175, 'beta_2': 0.24914021381128024, 'beta_3': 0.0006422916093967275, 'beta_4': 3.0555073002543765e-07, 'beta_5': 0.8071150510656906, 'beta_6': 1.2904174427341823e-05, 'beta_7': 0.05162742670595957, 'beta_8': 0.005010336882665143, 'beta_9': 3.822378225206318e-05, 'beta_10': 7.623246832773292e-07}. Best is trial 148 with value: 4225.3157846287695.
