[I 2026-03-31 01:53:29,969] Trial 439 finished with value: 5464.5872184096625 and parameters: {'alpha_0': 0.001830608350977528, 'alpha_1': 5.0066963831309657e-05, 'alpha_2': 7.935324984520313e-05, 'beta_0': 0.2805361833501465, 'beta_1': 1.115203505687163, 'beta_2': 0.39757499450791367, 'beta_3': 0.0012134014119128509, 'beta_4': 4.738245108388181e-07, 'beta_5': 0.528013036416445, 'beta_6': 3.629585688953579e-05, 'beta_7': 0.07710841392553078, 'beta_8': 0.005384217727858295, 'beta_9': 5.4530383053505766e-05, 'beta_10': 8.911169754200204e-07}. Best is trial 305 with value: 4084.4379324804377.
[I 2026-03-31 01:54:08,553] Trial 440 finished with value: 4948.853277890079 and parameters: {'alpha_0': 0.001459772234767427, 'alpha_1': 6.370699315096025e-05, 'alpha_2': 8.365932025082107e-05, 'beta_0': 0.2952794044171771, 'beta_1': 1.0927107375006293, 'beta_2': 0.4278222959782194, 'beta_3': 0.0003210893959886181, 'beta_4': 4.670697594260096e-07, 'beta_5': 0.6934077908412605, 'beta_6': 3.052208151418942e-05, 'beta_7': 0.07363283137109167, 'beta_8': 0.005757988439304894, 'beta_9': 0.00010275319943230654, 'beta_10': 7.229728156193273e-07}. Best is trial 305 with value: 4084.4379324804377.
[I 2026-03-31 01:54:46,397] Trial 441 finished with value: 4481.384411730335 and parameters: {'alpha_0': 0.001592083514199222, 'alpha_1': 7.035107974263513e-05, 'alpha_2': 7.410356364418813e-05, 'beta_0': 0.28982755073157895, 'beta_1': 1.104936721181741, 'beta_2': 0.3792521980072722, 'beta_3': 0.00025017319330339257, 'beta_4': 4.20523822460467e-07, 'beta_5': 0.36261553574057404, 'beta_6': 3.8306853193104724e-05, 'beta_7': 0.0719042840102813, 'beta_8': 0.0053180013449142475, 'beta_9': 6.020195590905585e-05, 'beta_10': 8.007957030343317e-07}. Best is trial 305 with value: 4084.4379324804377.
[I 2026-03-31 01:55:24,567] Trial 442 finished with value: 5128.565677804952 and parameters: {'alpha_0': 0.00192790573108308, 'alpha_1': 5.025115149547978e-05, 'alpha_2': 5.558584209410104e-05, 'beta_0': 0.2841277959975912, 'beta_1': 1.1238274050604755, 'beta_2': 0.3429722691254845, 'beta_3': 0.00034052739369144585, 'beta_4': 3.233750128455133e-07, 'beta_5': 0.6516850772782972, 'beta_6': 3.574924047133954e-05, 'beta_7': 0.07554206152724707, 'beta_8': 0.006005572014677365, 'beta_9': 6.482606870115485e-05, 'beta_10': 8.534497808844831e-07}. Best is trial 305 with value: 4084.4379324804377.
[I 2026-03-31 01:55:35,283] Trial 443 finished with value: 7868.96806056358 and parameters: {'alpha_0': 0.004229774446053379, 'alpha_1': 5.757382633370488e-05, 'alpha_2': 6.443160101449996e-05, 'beta_0': 0.28722452208338944, 'beta_1': 1.1515583157803073, 'beta_2': 0.4044230215238372, 'beta_3': 0.0002001884886095769, 'beta_4': 2.4512314001442716e-07, 'beta_5': 0.5117827732794789, 'beta_6': 3.9440706276635404e-05, 'beta_7': 0.07738265750108157, 'beta_8': 0.018888751890533892, 'beta_9': 5.3245850644615384e-05, 'beta_10': 9.103527134786713e-07}. Best is trial 305 with value: 4084.4379324804377.
[I 2026-03-31 01:56:14,287] Trial 444 finished with value: 5659.327682158835 and parameters: {'alpha_0': 0.0019913491003880693, 'alpha_1': 6.004474418362112e-05, 'alpha_2': 7.806670509395805e-05, 'beta_0': 0.27985217665566364, 'beta_1': 1.112592159893367, 'beta_2': 0.3634550447809579, 'beta_3': 0.0014113493879784826, 'beta_4': 5.621189792569153e-07, 'beta_5': 0.5372065744411073, 'beta_6': 3.68348742154056e-05, 'beta_7': 0.07319125593986817, 'beta_8': 0.005359195170995199, 'beta_9': 6.214996166125106e-05, 'beta_10': 9.689294364097242e-07}. Best is trial 305 with value: 4084.4379324804377.
[I 2026-03-31 01:56:52,336] Trial 445 finished with value: 4814.449932306239 and parameters: {'alpha_0': 0.001696661029142231, 'alpha_1': 6.594429795231404e-05, 'alpha_2': 8.657839268556538e-05, 'beta_0': 0.2959358661431674, 'beta_1': 1.094598290216649, 'beta_2': 0.3824996655873847, 'beta_3': 0.0002770580648820042, 'beta_4': 4.0628341477462095e-07, 'beta_5': 0.5029329999902842, 'beta_6': 3.759711468260949e-05, 'beta_7': 0.07045556336807803, 'beta_8': 0.005664268385323192, 'beta_9': 5.6954516463272136e-05, 'beta_10': 8.560850958432367e-07}. Best is trial 305 with value: 4084.4379324804377.
[I 2026-03-31 01:57:31,050] Trial 446 finished with value: 4623.719919326362 and parameters: {'alpha_0': 0.0017655888197796196, 'alpha_1': 5.5401214482164844e-05, 'alpha_2': 6.984418855578949e-05, 'beta_0': 0.2921148258423512, 'beta_1': 1.1266850065457386, 'beta_2': 0.4627377837638641, 'beta_3': 0.00029983631034912833, 'beta_4': 6.148257766068361e-07, 'beta_5': 0.37394825957049943, 'beta_6': 2.2969540278457664e-05, 'beta_7': 0.07460178206979051, 'beta_8': 0.005371023656230964, 'beta_9': 5.349151969992232e-05, 'beta_10': 7.651891760315393e-07}. Best is trial 305 with value: 4084.4379324804377.
[I 2026-03-31 01:58:09,615] Trial 447 finished with value: 5799.853695615849 and parameters: {'alpha_0': 0.001539121852568694, 'alpha_1': 7.299084188432647e-05, 'alpha_2': 5.844449679903248e-05, 'beta_0': 0.27781735423015086, 'beta_1': 1.141288356031329, 'beta_2': 0.3283889645330118, 'beta_3': 0.000365143905835588, 'beta_4': 2.2494425864125142e-07, 'beta_5': 0.4899122727484905, 'beta_6': 3.612956847150549e-05, 'beta_7': 0.07174117092299005, 'beta_8': 0.006696921490341964, 'beta_9': 0.00011588358332482754, 'beta_10': 6.998907064801418e-07}. Best is trial 305 with value: 4084.4379324804377.
[I 2026-03-31 09:11:54,153] Trial 448 finished with value: 5121.8706935749615 and parameters: {'alpha_0': 0.0014520336803673733, 'alpha_1': 6.18488672734169e-05, 'alpha_2': 8.197590257154501e-05, 'beta_0': 0.2839046828724893, 'beta_1': 1.103030927141722, 'beta_2': 0.3507300376706977, 'beta_3': 0.0002526257332901314, 'beta_4': 3.242272937224044e-07, 'beta_5': 0.40213660892192715, 'beta_6': 3.5207763327830906e-05, 'beta_7': 0.0762903889498424, 'beta_8': 0.006089444439088522, 'beta_9': 5.820856700992061e-05, 'beta_10': 8.162095445299968e-07}. Best is trial 305 with value: 4084.4379324804377.Best trial: 305. Best value: 4084.44:  90%|████████▉ | 448/500 [10:46:32<31:36, 36.47s/it]Best trial: 305. Best value: 4084.44:  90%|████████▉ | 448/500 [10:46:32<31:36, 36.47s/it]Best trial: 305. Best value: 4084.44:  90%|████████▉ | 449/500 [10:46:32<110:57:57, 7832.89s/it]                                                                                                Best trial: 305. Best value: 4084.44:  90%|████████▉ | 449/500 [10:47:13<110:57:57, 7832.89s/it]Best trial: 305. Best value: 4084.44:  90%|████████▉ | 449/500 [10:47:13<110:57:57, 7832.89s/it]Best trial: 305. Best value: 4084.44:  90%|█████████ | 450/500 [10:47:13<76:19:29, 5495.39s/it]                                                                                                Best trial: 305. Best value: 4084.44:  90%|█████████ | 450/500 [10:47:51<76:19:29, 5495.39s/it]Best trial: 305. Best value: 4084.44:  90%|█████████ | 450/500 [10:47:51<76:19:29, 5495.39s/it]Best trial: 305. Best value: 4084.44:  90%|█████████ | 451/500 [10:47:51<52:30:53, 3858.23s/it]                                                                                               Best trial: 305. Best value: 4084.44:  90%|█████████ | 451/500 [10:48:29<52:30:53, 3858.23s/it]Best trial: 305. Best value: 4084.44:  90%|█████████ | 451/500 [10:48:29<52:30:53, 3858.23s/it]Best trial: 305. Best value: 4084.44:  90%|█████████ | 452/500 [10:48:29<36:09:42, 2712.13s/it]                                                                                               Best trial: 305. Best value: 4084.44:  90%|█████████ | 452/500 [10:49:08<36:09:42, 2712.13s/it]Best trial: 305. Best value: 4084.44:  90%|█████████ | 452/500 [10:49:08<36:09:42, 2712.13s/it]Best trial: 305. Best value: 4084.44:  91%|█████████ | 453/500 [10:49:08<24:56:10, 1910.01s/it]                                                                                               Best trial: 305. Best value: 4084.44:  91%|█████████ | 453/500 [10:49:46<24:56:10, 1910.01s/it]Best trial: 305. Best value: 4084.44:  91%|█████████ | 453/500 [10:49:46<24:56:10, 1910.01s/it]Best trial: 305. Best value: 4084.44:  91%|█████████ | 454/500 [10:49:46<17:13:48, 1348.45s/it]                                                                                               Best trial: 305. Best value: 4084.44:  91%|█████████ | 454/500 [10:50:23<17:13:48, 1348.45s/it]Best trial: 305. Best value: 4084.44:  91%|█████████ | 454/500 [10:50:23<17:13:48, 1348.45s/it]Best trial: 305. Best value: 4084.44:  91%|█████████ | 455/500 [10:50:23<11:56:14, 955.00s/it]                                                                                               Best trial: 305. Best value: 4084.44:  91%|█████████ | 455/500 [10:50:53<11:56:14, 955.00s/it]Best trial: 305. Best value: 4084.44:  91%|█████████ | 455/500 [10:50:53<11:56:14, 955.00s/it]Best trial: 305. Best value: 4084.44:  91%|█████████ | 456/500 [10:50:53<8:16:58, 677.70s/it]                                                                                              Best trial: 305. Best value: 4084.44:  91%|█████████ | 456/500 [10:51:24<8:16:58, 677.70s/it]Best trial: 305. Best value: 4084.44:  91%|█████████ | 456/500 [10:51:24<8:16:58, 677.70s/it]Best trial: 305. Best value: 4084.44:  91%|█████████▏| 457/500 [10:51:24<5:46:32, 483.55s/it]                                                                                             Best trial: 305. Best value: 4084.44:  91%|█████████▏| 457/500 [10:51:54<5:46:32, 483.55s/it]Best trial: 305. Best value: 4084.44:  91%|█████████▏| 457/500 [10:51:54<5:46:32, 483.55s/it]Best trial: 305. Best value: 4084.44:  92%|█████████▏| 458/500 [10:51:54<4:03:18, 347.58s/it]                                                                                             Best trial: 305. Best value: 4084.44:  92%|█████████▏| 458/500 [10:52:25<4:03:18, 347.58s/it]Best trial: 305. Best value: 4084.44:  92%|█████████▏| 458/500 [10:52:25<4:03:18, 347.58s/it]Best trial: 305. Best value: 4084.44:  92%|█████████▏| 459/500 [10:52:25<2:52:39, 252.68s/it]                                                                                             Best trial: 305. Best value: 4084.44:  92%|█████████▏| 459/500 [10:52:56<2:52:39, 252.68s/it]Best trial: 305. Best value: 4084.44:  92%|█████████▏| 459/500 [10:52:56<2:52:39, 252.68s/it]Best trial: 305. Best value: 4084.44:  92%|█████████▏| 460/500 [10:52:56<2:04:03, 186.10s/it]                                                                                             Best trial: 305. Best value: 4084.44:  92%|█████████▏| 460/500 [10:53:27<2:04:03, 186.10s/it]Best trial: 305. Best value: 4084.44:  92%|█████████▏| 460/500 [10:53:27<2:04:03, 186.10s/it]Best trial: 305. Best value: 4084.44:  92%|█████████▏| 461/500 [10:53:27<1:30:43, 139.57s/it]                                                                                             Best trial: 305. Best value: 4084.44:  92%|█████████▏| 461/500 [10:53:58<1:30:43, 139.57s/it]Best trial: 305. Best value: 4084.44:  92%|█████████▏| 461/500 [10:53:58<1:30:43, 139.57s/it]Best trial: 305. Best value: 4084.44:  92%|█████████▏| 462/500 [10:53:58<1:07:42, 106.91s/it]                                                                                             
[I 2026-03-31 09:12:35,395] Trial 449 finished with value: 5396.44157256632 and parameters: {'alpha_0': 0.0016669274062888358, 'alpha_1': 6.71255408797998e-05, 'alpha_2': 6.209988497806292e-05, 'beta_0': 0.2997054361062026, 'beta_1': 1.1678443527841882, 'beta_2': 0.4166600022269744, 'beta_3': 0.0002951822506365348, 'beta_4': 1.5014835096694554e-06, 'beta_5': 0.5448446483609558, 'beta_6': 3.881096509158095e-05, 'beta_7': 0.07788020291778103, 'beta_8': 0.00500348232082403, 'beta_9': 6.159301358803657e-05, 'beta_10': 9.147478165220239e-07}. Best is trial 305 with value: 4084.4379324804377.
[I 2026-03-31 09:13:13,569] Trial 450 finished with value: 4361.157662444192 and parameters: {'alpha_0': 0.0015531944256661273, 'alpha_1': 0.00012862949339480858, 'alpha_2': 9.165567026823859e-05, 'beta_0': 0.28999589118648483, 'beta_1': 1.1154762563979221, 'beta_2': 0.38831235690219545, 'beta_3': 0.00036266670623598293, 'beta_4': 2.5603094261763745e-07, 'beta_5': 0.4729815088688181, 'beta_6': 3.692948225236085e-05, 'beta_7': 0.07248589452282803, 'beta_8': 0.005027311363736936, 'beta_9': 7.901948214312979e-05, 'beta_10': 8.806411226939608e-07}. Best is trial 305 with value: 4084.4379324804377.
[I 2026-03-31 09:13:51,459] Trial 451 finished with value: 4774.931139067527 and parameters: {'alpha_0': 0.00143708534540595, 'alpha_1': 5.510995547753401e-05, 'alpha_2': 7.462441191343044e-05, 'beta_0': 0.29403464511752514, 'beta_1': 1.0937919984500217, 'beta_2': 0.36706730089802325, 'beta_3': 0.00024408590700889605, 'beta_4': 3.8249973309170844e-07, 'beta_5': 0.34896652972087494, 'beta_6': 1.9916373426482123e-05, 'beta_7': 0.07032526108948756, 'beta_8': 0.0056612601483441004, 'beta_9': 5.217984642386984e-05, 'beta_10': 9.618798233098783e-07}. Best is trial 305 with value: 4084.4379324804377.
[I 2026-03-31 09:14:29,865] Trial 452 finished with value: 4275.975326920185 and parameters: {'alpha_0': 0.0018559844258245449, 'alpha_1': 6.103233662212231e-05, 'alpha_2': 9.78285714148791e-05, 'beta_0': 0.2738191883642517, 'beta_1': 1.1299840582971166, 'beta_2': 0.6138801646571475, 'beta_3': 0.0003225102089981869, 'beta_4': 4.69993506664805e-07, 'beta_5': 0.5125840530421713, 'beta_6': 3.797738146093278e-05, 'beta_7': 0.0744880872842845, 'beta_8': 0.005020497879163321, 'beta_9': 3.7979916254676735e-05, 'beta_10': 8.463306045079661e-07}. Best is trial 305 with value: 4084.4379324804377.
[I 2026-03-31 09:15:07,998] Trial 453 finished with value: 6101.40993392825 and parameters: {'alpha_0': 0.0017646732786727286, 'alpha_1': 7.761392666471477e-05, 'alpha_2': 5.1995186137130455e-05, 'beta_0': 0.2860913331330252, 'beta_1': 1.1521416881823234, 'beta_2': 0.4353985047846435, 'beta_3': 0.0019669380178678926, 'beta_4': 2.7858825030924364e-07, 'beta_5': 0.5290330515252928, 'beta_6': 3.50015490372584e-05, 'beta_7': 0.0709597590975632, 'beta_8': 0.005377621098657537, 'beta_9': 8.458900224637211e-05, 'beta_10': 9.239371643787585e-07}. Best is trial 305 with value: 4084.4379324804377.
[I 2026-03-31 09:15:44,953] Trial 454 finished with value: 4734.601830893082 and parameters: {'alpha_0': 0.0015853338867564933, 'alpha_1': 5.4630315104162195e-05, 'alpha_2': 6.650073216043885e-05, 'beta_0': 0.2819240709896223, 'beta_1': 1.118380552863582, 'beta_2': 0.322834015033312, 'beta_3': 0.0002043216136559333, 'beta_4': 3.489465085031303e-07, 'beta_5': 0.5055139133032148, 'beta_6': 3.563718446709811e-05, 'beta_7': 0.07847317602447958, 'beta_8': 0.005689374917043597, 'beta_9': 6.75341052593922e-05, 'beta_10': 7.996109247609495e-07}. Best is trial 305 with value: 4084.4379324804377.
[I 2026-03-31 09:16:15,618] Trial 455 finished with value: 4259.649703437397 and parameters: {'alpha_0': 0.0014370530131919703, 'alpha_1': 7.011436016742721e-05, 'alpha_2': 7.932044975680297e-05, 'beta_0': 0.29038141213373847, 'beta_1': 1.1094733093289215, 'beta_2': 0.7680619473418939, 'beta_3': 0.00040311657329739515, 'beta_4': 3.0789690699525513e-07, 'beta_5': 0.8407481077853542, 'beta_6': 1.7983567049149034e-05, 'beta_7': 0.07324856890532017, 'beta_8': 0.0050098845751343725, 'beta_9': 5.495046684160274e-05, 'beta_10': 3.2321868651655325e-07}. Best is trial 305 with value: 4084.4379324804377.
[I 2026-03-31 09:16:46,154] Trial 456 finished with value: 5302.646776352976 and parameters: {'alpha_0': 0.0016141294131006205, 'alpha_1': 6.444137671293262e-05, 'alpha_2': 8.426378212626157e-05, 'beta_0': 0.29415001865040835, 'beta_1': 1.1382820158349891, 'beta_2': 0.4080741077450864, 'beta_3': 0.0002869268961299953, 'beta_4': 5.20631081736113e-07, 'beta_5': 0.6334640571309407, 'beta_6': 3.995234377276305e-05, 'beta_7': 0.06845124379792268, 'beta_8': 0.00619253710339826, 'beta_9': 5.845361930630837e-05, 'beta_10': 7.306458891472591e-07}. Best is trial 305 with value: 4084.4379324804377.
[I 2026-03-31 09:17:16,469] Trial 457 finished with value: 4664.540311706918 and parameters: {'alpha_0': 0.0016657802049438516, 'alpha_1': 5.0185304345489926e-05, 'alpha_2': 7.104938354534748e-05, 'beta_0': 0.2999503472800202, 'beta_1': 1.1261712330557907, 'beta_2': 0.3474618203767199, 'beta_3': 0.0003393296268539626, 'beta_4': 4.318497696008053e-07, 'beta_5': 0.848710115722803, 'beta_6': 3.74835282769792e-05, 'beta_7': 0.07535419037075121, 'beta_8': 0.005427915696199463, 'beta_9': 6.216231745423539e-05, 'beta_10': 8.835845824693616e-07}. Best is trial 305 with value: 4084.4379324804377.
[I 2026-03-31 09:17:47,711] Trial 458 finished with value: 4779.469168294071 and parameters: {'alpha_0': 0.0014837618401467275, 'alpha_1': 5.882381968323409e-05, 'alpha_2': 4.7186499628475886e-05, 'beta_0': 0.27665002794831345, 'beta_1': 1.0931709885502148, 'beta_2': 0.3816794755104329, 'beta_3': 0.0002481659471407465, 'beta_4': 2.1871294170875543e-07, 'beta_5': 0.519339444664435, 'beta_6': 3.634852203850917e-05, 'beta_7': 0.07648004359436832, 'beta_8': 0.005728792429494365, 'beta_9': 5.2935600613466826e-05, 'beta_10': 9.362259905169866e-07}. Best is trial 305 with value: 4084.4379324804377.
[I 2026-03-31 09:18:18,448] Trial 459 finished with value: 4543.710698966691 and parameters: {'alpha_0': 0.0014117088145800664, 'alpha_1': 5.895586413577981e-05, 'alpha_2': 5.597951013317531e-05, 'beta_0': 0.28713264055807297, 'beta_1': 1.1040995776057276, 'beta_2': 0.3621639398209426, 'beta_3': 0.0003847698000009622, 'beta_4': 3.8094630829208373e-07, 'beta_5': 0.5360084201941492, 'beta_6': 3.856524651835504e-05, 'beta_7': 0.04361446667086756, 'beta_8': 0.005382397230934389, 'beta_9': 5.5823569053661394e-05, 'beta_10': 8.449596476653929e-07}. Best is trial 305 with value: 4084.4379324804377.
[I 2026-03-31 09:18:49,460] Trial 460 finished with value: 4450.58548426066 and parameters: {'alpha_0': 0.0017616896828493336, 'alpha_1': 6.728449131695435e-05, 'alpha_2': 6.324525476719655e-05, 'beta_0': 0.29613593312484243, 'beta_1': 1.144463461173031, 'beta_2': 0.9671577055971698, 'beta_3': 0.00025879336647557005, 'beta_4': 3.283993519011032e-07, 'beta_5': 0.849749777507496, 'beta_6': 2.087561474684735e-05, 'beta_7': 0.07124355445860966, 'beta_8': 0.005314749587850292, 'beta_9': 4.5451058864867444e-05, 'beta_10': 8.861675093104944e-07}. Best is trial 305 with value: 4084.4379324804377.
[I 2026-03-31 09:19:20,172] Trial 461 finished with value: 5044.408540539687 and parameters: {'alpha_0': 0.0015408549383792596, 'alpha_1': 5.0262596982513656e-05, 'alpha_2': 7.554774999823398e-05, 'beta_0': 0.2810391044942774, 'beta_1': 1.119511374011431, 'beta_2': 0.3336396940081805, 'beta_3': 0.00029581507565790187, 'beta_4': 2.765126297020824e-07, 'beta_5': 0.4804804510196716, 'beta_6': 3.4596417120214636e-05, 'beta_7': 0.07294609435837995, 'beta_8': 0.006010149800881609, 'beta_9': 9.519265254076802e-05, 'beta_10': 8.037981672328422e-07}. Best is trial 305 with value: 4084.4379324804377.
