[I 2026-03-31 01:31:03,664] Trial 397 finished with value: 7772.319423637144 and parameters: {'alpha_0': 0.0016008071719864985, 'alpha_1': 7.277174309577905e-05, 'alpha_2': 7.185883539861463e-05, 'beta_0': 0.2878477277936999, 'beta_1': 1.5079072111423444, 'beta_2': 0.36679555518869256, 'beta_3': 0.00029677778870072546, 'beta_4': 3.5128957495932147e-07, 'beta_5': 0.4977576748963769, 'beta_6': 3.365593504728245e-05, 'beta_7': 0.07029072947681464, 'beta_8': 0.01574334962067545, 'beta_9': 7.597739377800759e-05, 'beta_10': 7.173568421647511e-07}. Best is trial 305 with value: 4084.4379324804377.
[I 2026-03-31 01:31:34,208] Trial 398 finished with value: 4449.005321398317 and parameters: {'alpha_0': 0.0018251024838977217, 'alpha_1': 5.016972313250389e-05, 'alpha_2': 7.905315713020162e-05, 'beta_0': 0.2722038141992815, 'beta_1': 1.1813652750919095, 'beta_2': 0.3413486805179794, 'beta_3': 0.0002518340338881588, 'beta_4': 3.892547329714479e-07, 'beta_5': 0.5323372193718324, 'beta_6': 3.436476760245514e-05, 'beta_7': 0.06748404646324942, 'beta_8': 0.005387888800988507, 'beta_9': 5.70257076510926e-05, 'beta_10': 6.03857693392112e-07}. Best is trial 305 with value: 4084.4379324804377.
[I 2026-03-31 01:32:04,891] Trial 399 finished with value: 4245.743710797276 and parameters: {'alpha_0': 0.0016701056863983037, 'alpha_1': 6.842898699323568e-05, 'alpha_2': 5.626037304251917e-05, 'beta_0': 0.2968604082572945, 'beta_1': 1.1609952463468654, 'beta_2': 0.41128976717514215, 'beta_3': 0.00020180817166257764, 'beta_4': 4.781366300746063e-07, 'beta_5': 0.5102624012502265, 'beta_6': 3.474556712067923e-05, 'beta_7': 0.07058164713269828, 'beta_8': 0.005008073661619075, 'beta_9': 5.693703708609865e-05, 'beta_10': 9.386793836840998e-07}. Best is trial 305 with value: 4084.4379324804377.
[I 2026-03-31 01:32:35,852] Trial 400 finished with value: 4779.951057908413 and parameters: {'alpha_0': 0.00169587882368269, 'alpha_1': 6.853240712373854e-05, 'alpha_2': 5.7389796896811854e-05, 'beta_0': 0.2960038634809169, 'beta_1': 1.1582328972343243, 'beta_2': 0.4592623229579913, 'beta_3': 0.0002343241279104079, 'beta_4': 4.4955609673776886e-07, 'beta_5': 0.5032224044168662, 'beta_6': 3.595296156853216e-05, 'beta_7': 0.07066443023833789, 'beta_8': 0.005669189808320039, 'beta_9': 6.104316645930054e-05, 'beta_10': 6.691535259502328e-07}. Best is trial 305 with value: 4084.4379324804377.
[I 2026-03-31 01:33:06,696] Trial 401 finished with value: 5194.906510796667 and parameters: {'alpha_0': 0.0016354005641727408, 'alpha_1': 6.818615190007543e-05, 'alpha_2': 6.767976233026262e-05, 'beta_0': 0.29732490535984196, 'beta_1': 1.1754451991412194, 'beta_2': 0.41510555755811507, 'beta_3': 0.00031235536413743174, 'beta_4': 4.094807981517418e-07, 'beta_5': 0.5180485955801934, 'beta_6': 3.5487515797674247e-05, 'beta_7': 0.06835092467420963, 'beta_8': 0.00610970330717808, 'beta_9': 5.722289408617484e-05, 'beta_10': 6.5155194148257e-07}. Best is trial 305 with value: 4084.4379324804377.
[I 2026-03-31 01:33:37,379] Trial 402 finished with value: 5986.199091898705 and parameters: {'alpha_0': 0.0015410592433444744, 'alpha_1': 5.571539005769652e-05, 'alpha_2': 0.00010735853648753999, 'beta_0': 0.29970585492852875, 'beta_1': 1.1621028668544557, 'beta_2': 0.4294285704725358, 'beta_3': 0.0018039601471255265, 'beta_4': 3.3751198838678576e-07, 'beta_5': 0.5202390991472643, 'beta_6': 3.4927973955654814e-05, 'beta_7': 0.0692433769370555, 'beta_8': 0.005473524526335157, 'beta_9': 5.4746102259162734e-05, 'beta_10': 6.713006208183105e-07}. Best is trial 305 with value: 4084.4379324804377.
[I 2026-03-31 01:34:07,988] Trial 403 finished with value: 4211.868670133108 and parameters: {'alpha_0': 0.0017026266090422008, 'alpha_1': 6.413999944525383e-05, 'alpha_2': 5.354849598565119e-05, 'beta_0': 0.2937348448555471, 'beta_1': 1.1368422541143646, 'beta_2': 0.38966899908619274, 'beta_3': 0.0002099595422258926, 'beta_4': 4.398890402359072e-07, 'beta_5': 0.5088361335683336, 'beta_6': 3.379309038534257e-05, 'beta_7': 0.07129184468726352, 'beta_8': 0.005014017525813404, 'beta_9': 5.977088498956163e-05, 'beta_10': 9.335612258521807e-07}. Best is trial 305 with value: 4084.4379324804377.
[I 2026-03-31 01:34:38,752] Trial 404 finished with value: 4888.624384565019 and parameters: {'alpha_0': 0.0034030388250126473, 'alpha_1': 7.227873057735942e-05, 'alpha_2': 4.498263673858683e-05, 'beta_0': 0.2949095747976637, 'beta_1': 1.1490731395075227, 'beta_2': 0.39005277101386676, 'beta_3': 0.00020003476513004139, 'beta_4': 4.2585815142155447e-07, 'beta_5': 0.5095463513730965, 'beta_6': 3.442411948203451e-05, 'beta_7': 0.07138960319875295, 'beta_8': 0.005807147242188387, 'beta_9': 6.546449953331411e-05, 'beta_10': 9.380608378308763e-07}. Best is trial 305 with value: 4084.4379324804377.
[I 2026-03-31 01:35:09,245] Trial 405 finished with value: 4502.527863877036 and parameters: {'alpha_0': 0.001787246324029157, 'alpha_1': 6.53328510205978e-05, 'alpha_2': 6.029720883264883e-05, 'beta_0': 0.2920504153868811, 'beta_1': 1.1147896644460933, 'beta_2': 0.3805852611369227, 'beta_3': 0.0002528696145379991, 'beta_4': 4.917857163460013e-07, 'beta_5': 0.5159973984405881, 'beta_6': 3.552097618153034e-05, 'beta_7': 0.0706771275940997, 'beta_8': 0.005353419200361589, 'beta_9': 6.370299546167869e-05, 'beta_10': 5.667997956122503e-07}. Best is trial 305 with value: 4084.4379324804377.
[I 2026-03-31 01:35:39,693] Trial 406 finished with value: 4239.1589099476105 and parameters: {'alpha_0': 0.0017021665636433795, 'alpha_1': 7.418758674180065e-05, 'alpha_2': 7.684806460888388e-05, 'beta_0': 0.2917484061838235, 'beta_1': 1.1929454293601265, 'beta_2': 0.36948061497465323, 'beta_3': 0.00020024336013138631, 'beta_4': 4.786300328639188e-07, 'beta_5': 0.4992205805177265, 'beta_6': 3.419885108393637e-05, 'beta_7': 0.07243809051764372, 'beta_8': 0.005005856875358736, 'beta_9': 5.8295172514399837e-05, 'beta_10': 9.187995516447793e-07}. Best is trial 305 with value: 4084.4379324804377.Best trial: 305. Best value: 4084.44:  81%|████████  | 406/500 [3:10:17<47:27, 30.29s/it]Best trial: 305. Best value: 4084.44:  81%|████████  | 406/500 [3:10:17<47:27, 30.29s/it]Best trial: 305. Best value: 4084.44:  81%|████████▏ | 407/500 [3:10:17<47:01, 30.34s/it]                                                                                         Best trial: 305. Best value: 4084.44:  81%|████████▏ | 407/500 [3:10:48<47:01, 30.34s/it]Best trial: 305. Best value: 4084.44:  81%|████████▏ | 407/500 [3:10:48<47:01, 30.34s/it]Best trial: 305. Best value: 4084.44:  82%|████████▏ | 408/500 [3:10:48<46:47, 30.52s/it]                                                                                         Best trial: 305. Best value: 4084.44:  82%|████████▏ | 408/500 [3:11:19<46:47, 30.52s/it]Best trial: 305. Best value: 4084.44:  82%|████████▏ | 408/500 [3:11:19<46:47, 30.52s/it]Best trial: 305. Best value: 4084.44:  82%|████████▏ | 409/500 [3:11:19<46:21, 30.57s/it]                                                                                         Best trial: 305. Best value: 4084.44:  82%|████████▏ | 409/500 [3:11:50<46:21, 30.57s/it]Best trial: 305. Best value: 4084.44:  82%|████████▏ | 409/500 [3:11:50<46:21, 30.57s/it]Best trial: 305. Best value: 4084.44:  82%|████████▏ | 410/500 [3:11:50<46:01, 30.68s/it]                                                                                         Best trial: 305. Best value: 4084.44:  82%|████████▏ | 410/500 [3:12:21<46:01, 30.68s/it]Best trial: 305. Best value: 4084.44:  82%|████████▏ | 410/500 [3:12:21<46:01, 30.68s/it]Best trial: 305. Best value: 4084.44:  82%|████████▏ | 411/500 [3:12:21<45:42, 30.82s/it]                                                                                         Best trial: 305. Best value: 4084.44:  82%|████████▏ | 411/500 [3:12:52<45:42, 30.82s/it]Best trial: 305. Best value: 4084.44:  82%|████████▏ | 411/500 [3:12:52<45:42, 30.82s/it]Best trial: 305. Best value: 4084.44:  82%|████████▏ | 412/500 [3:12:52<45:18, 30.89s/it]                                                                                         Best trial: 305. Best value: 4084.44:  82%|████████▏ | 412/500 [3:13:23<45:18, 30.89s/it]Best trial: 305. Best value: 4084.44:  82%|████████▏ | 412/500 [3:13:23<45:18, 30.89s/it]Best trial: 305. Best value: 4084.44:  83%|████████▎ | 413/500 [3:13:23<44:50, 30.93s/it]                                                                                         Best trial: 305. Best value: 4084.44:  83%|████████▎ | 413/500 [3:13:54<44:50, 30.93s/it]Best trial: 305. Best value: 4084.44:  83%|████████▎ | 413/500 [3:13:54<44:50, 30.93s/it]Best trial: 305. Best value: 4084.44:  83%|████████▎ | 414/500 [3:13:54<44:11, 30.83s/it]                                                                                         Best trial: 305. Best value: 4084.44:  83%|████████▎ | 414/500 [3:14:25<44:11, 30.83s/it]Best trial: 305. Best value: 4084.44:  83%|████████▎ | 414/500 [3:14:25<44:11, 30.83s/it]Best trial: 305. Best value: 4084.44:  83%|████████▎ | 415/500 [3:14:25<43:46, 30.90s/it]                                                                                         Best trial: 305. Best value: 4084.44:  83%|████████▎ | 415/500 [3:14:56<43:46, 30.90s/it]Best trial: 305. Best value: 4084.44:  83%|████████▎ | 415/500 [3:14:56<43:46, 30.90s/it]Best trial: 305. Best value: 4084.44:  83%|████████▎ | 416/500 [3:14:56<43:17, 30.92s/it]                                                                                         Best trial: 305. Best value: 4084.44:  83%|████████▎ | 416/500 [3:15:26<43:17, 30.92s/it]Best trial: 305. Best value: 4084.44:  83%|████████▎ | 416/500 [3:15:26<43:17, 30.92s/it]Best trial: 305. Best value: 4084.44:  83%|████████▎ | 417/500 [3:15:26<42:32, 30.75s/it]                                                                                         Best trial: 305. Best value: 4084.44:  83%|████████▎ | 417/500 [3:15:57<42:32, 30.75s/it]Best trial: 305. Best value: 4084.44:  83%|████████▎ | 417/500 [3:15:57<42:32, 30.75s/it]Best trial: 305. Best value: 4084.44:  84%|████████▎ | 418/500 [3:15:57<42:02, 30.77s/it]                                                                                         Best trial: 305. Best value: 4084.44:  84%|████████▎ | 418/500 [3:16:28<42:02, 30.77s/it]Best trial: 305. Best value: 4084.44:  84%|████████▎ | 418/500 [3:16:28<42:02, 30.77s/it]Best trial: 305. Best value: 4084.44:  84%|████████▍ | 419/500 [3:16:28<41:30, 30.75s/it]                                                                                         Best trial: 305. Best value: 4084.44:  84%|████████▍ | 419/500 [3:16:59<41:30, 30.75s/it]Best trial: 305. Best value: 4084.44:  84%|████████▍ | 419/500 [3:16:59<41:30, 30.75s/it]Best trial: 305. Best value: 4084.44:  84%|████████▍ | 420/500 [3:16:59<41:12, 30.91s/it]                                                                                         
[I 2026-03-31 01:36:10,626] Trial 407 finished with value: 4600.285573939216 and parameters: {'alpha_0': 0.0018642362516391893, 'alpha_1': 7.678747470770137e-05, 'alpha_2': 7.569357780523918e-05, 'beta_0': 0.2903577774003067, 'beta_1': 1.1554349667737425, 'beta_2': 0.39213700198651075, 'beta_3': 0.00021638904854765807, 'beta_4': 5.059170640328621e-07, 'beta_5': 0.5059172442377381, 'beta_6': 3.371195332994945e-05, 'beta_7': 0.07239214218886936, 'beta_8': 0.005387489787979864, 'beta_9': 6.009396186765045e-05, 'beta_10': 9.451707559156162e-07}. Best is trial 305 with value: 4084.4379324804377.
[I 2026-03-31 01:36:41,315] Trial 408 finished with value: 5126.63144909216 and parameters: {'alpha_0': 0.0017199292208822509, 'alpha_1': 7.456104641571005e-05, 'alpha_2': 7.29682366311405e-05, 'beta_0': 0.29993447858897115, 'beta_1': 1.1418199490371017, 'beta_2': 0.3704646952501937, 'beta_3': 0.0002513907678474742, 'beta_4': 4.5506435984322213e-07, 'beta_5': 0.6017010388241855, 'beta_6': 3.423558441119635e-05, 'beta_7': 0.07495052141223875, 'beta_8': 0.005966434448187104, 'beta_9': 6.089879156106283e-05, 'beta_10': 9.195254018153811e-07}. Best is trial 305 with value: 4084.4379324804377.
[I 2026-03-31 01:37:12,249] Trial 409 finished with value: 4220.67561293689 and parameters: {'alpha_0': 0.0016376062721007723, 'alpha_1': 7.121094199769806e-05, 'alpha_2': 8.777578865517302e-05, 'beta_0': 0.2869937979022407, 'beta_1': 1.1267783341174349, 'beta_2': 0.3932242520597593, 'beta_3': 0.00020235799708105941, 'beta_4': 4.6036608285273116e-07, 'beta_5': 0.4856158684366312, 'beta_6': 3.482440177957716e-05, 'beta_7': 0.07287763270151684, 'beta_8': 0.005001208362483632, 'beta_9': 6.727257073881645e-05, 'beta_10': 9.558804300840453e-07}. Best is trial 305 with value: 4084.4379324804377.
[I 2026-03-31 01:37:43,388] Trial 410 finished with value: 5467.14961874207 and parameters: {'alpha_0': 0.0017304269288595765, 'alpha_1': 7.249906076714183e-05, 'alpha_2': 8.970241989655266e-05, 'beta_0': 0.2915153611501554, 'beta_1': 1.1728953762619792, 'beta_2': 0.43937509178953194, 'beta_3': 0.00020521816323946251, 'beta_4': 5.218661562609401e-07, 'beta_5': 0.47854996718486975, 'beta_6': 3.448630640425254e-05, 'beta_7': 0.07279820572934446, 'beta_8': 0.006387028164257099, 'beta_9': 6.866510688948374e-05, 'beta_10': 9.437859970978232e-07}. Best is trial 305 with value: 4084.4379324804377.
[I 2026-03-31 01:38:14,441] Trial 411 finished with value: 4247.4050868073355 and parameters: {'alpha_0': 0.0018340125971608224, 'alpha_1': 7.034867815148229e-05, 'alpha_2': 8.786329336790714e-05, 'beta_0': 0.2940503949835879, 'beta_1': 1.196786892992598, 'beta_2': 0.4008447407369276, 'beta_3': 0.00020596868116998343, 'beta_4': 4.829260014546493e-07, 'beta_5': 0.495919219053355, 'beta_6': 3.386958730566249e-05, 'beta_7': 0.07031965847639665, 'beta_8': 0.005002525687573606, 'beta_9': 6.401444525898858e-05, 'beta_10': 9.601909573790778e-07}. Best is trial 305 with value: 4084.4379324804377.
[I 2026-03-31 01:38:45,466] Trial 412 finished with value: 4887.6778526258 and parameters: {'alpha_0': 0.0016436037536534664, 'alpha_1': 7.586955165991956e-05, 'alpha_2': 8.077553153773323e-05, 'beta_0': 0.28779604588422564, 'beta_1': 1.1290104483828978, 'beta_2': 0.48127246322940426, 'beta_3': 0.000271931389976674, 'beta_4': 4.7318895548661745e-07, 'beta_5': 0.48627713639246456, 'beta_6': 3.464097841656491e-05, 'beta_7': 0.07153460569956926, 'beta_8': 0.005700252667222026, 'beta_9': 8.772967381899591e-05, 'beta_10': 9.10644062573955e-07}. Best is trial 305 with value: 4084.4379324804377.
[I 2026-03-31 01:39:16,059] Trial 413 finished with value: 4583.364098930735 and parameters: {'alpha_0': 0.0016664649688707732, 'alpha_1': 6.813548656635432e-05, 'alpha_2': 9.339709024182448e-05, 'beta_0': 0.29605568497771434, 'beta_1': 1.1628610490080507, 'beta_2': 0.4098057858446668, 'beta_3': 0.000202566708375554, 'beta_4': 5.515012040251577e-07, 'beta_5': 0.49190652311435823, 'beta_6': 3.377836489065719e-05, 'beta_7': 0.07279576346736406, 'beta_8': 0.00537845687280721, 'beta_9': 7.385151580350786e-05, 'beta_10': 9.515885910975471e-07}. Best is trial 305 with value: 4084.4379324804377.
[I 2026-03-31 01:39:47,122] Trial 414 finished with value: 4835.843325139596 and parameters: {'alpha_0': 0.0017338923818522782, 'alpha_1': 6.223356889378355e-05, 'alpha_2': 5.000572129738549e-05, 'beta_0': 0.2840540418730402, 'beta_1': 1.151209502049497, 'beta_2': 0.3900375058959209, 'beta_3': 0.000290447954812193, 'beta_4': 4.515325019529757e-07, 'beta_5': 0.5250849668265108, 'beta_6': 3.476732796514144e-05, 'beta_7': 0.06940975582783769, 'beta_8': 0.005701283482156585, 'beta_9': 5.850153332628147e-05, 'beta_10': 6.421094096727892e-07}. Best is trial 305 with value: 4084.4379324804377.
[I 2026-03-31 01:40:18,096] Trial 415 finished with value: 4392.528142177407 and parameters: {'alpha_0': 0.001607428506827862, 'alpha_1': 5.873715972457656e-05, 'alpha_2': 8.576006059277553e-05, 'beta_0': 0.29179776306838845, 'beta_1': 1.1395245265604261, 'beta_2': 0.43548773356188725, 'beta_3': 0.0002007738717076693, 'beta_4': 5.13665091886826e-07, 'beta_5': 0.5090897997058605, 'beta_6': 3.6050930046130315e-05, 'beta_7': 0.03734225345482086, 'beta_8': 0.0053553487285811436, 'beta_9': 6.632565925178896e-05, 'beta_10': 7.012739382416048e-07}. Best is trial 305 with value: 4084.4379324804377.
[I 2026-03-31 01:40:48,444] Trial 416 finished with value: 5172.67418818148 and parameters: {'alpha_0': 0.0015548090681242182, 'alpha_1': 6.700790888711642e-05, 'alpha_2': 7.691409651263819e-05, 'beta_0': 0.2893410795882126, 'beta_1': 1.1865520130853526, 'beta_2': 0.4108302348004404, 'beta_3': 0.0002933452207556897, 'beta_4': 4.7431677664295776e-07, 'beta_5': 0.5154299936017406, 'beta_6': 3.3163531097439906e-05, 'beta_7': 0.07448543373827889, 'beta_8': 0.0060345075029555224, 'beta_9': 6.259558899779607e-05, 'beta_10': 8.948536186387247e-07}. Best is trial 305 with value: 4084.4379324804377.
[I 2026-03-31 01:41:19,257] Trial 417 finished with value: 4217.2553365243075 and parameters: {'alpha_0': 0.0018676703411736805, 'alpha_1': 5.873334152557755e-05, 'alpha_2': 5.710852783449173e-05, 'beta_0': 0.2812372292027288, 'beta_1': 1.1273671381366261, 'beta_2': 0.37244892152203035, 'beta_3': 0.00025661206313837493, 'beta_4': 4.1991185506516723e-07, 'beta_5': 0.531435164063909, 'beta_6': 3.515363672692627e-05, 'beta_7': 0.07169194617738485, 'beta_8': 0.005012819382616024, 'beta_9': 6.059885942538392e-05, 'beta_10': 9.165201219425088e-07}. Best is trial 305 with value: 4084.4379324804377.
[I 2026-03-31 01:41:49,956] Trial 418 finished with value: 4586.847311376088 and parameters: {'alpha_0': 0.0018476250443345767, 'alpha_1': 5.864931221707748e-05, 'alpha_2': 9.718565359359498e-05, 'beta_0': 0.28006906842401924, 'beta_1': 1.1247327803536409, 'beta_2': 0.3607780694439726, 'beta_3': 0.0003090253122960536, 'beta_4': 4.0849276087000827e-07, 'beta_5': 0.529616379857601, 'beta_6': 3.561005783766679e-05, 'beta_7': 0.07214332162375264, 'beta_8': 0.0054205271426648206, 'beta_9': 6.032055061344371e-05, 'beta_10': 7.786077868134736e-07}. Best is trial 305 with value: 4084.4379324804377.
[I 2026-03-31 01:42:21,247] Trial 419 finished with value: 6027.665054744954 and parameters: {'alpha_0': 0.0017936070665504694, 'alpha_1': 5.481803326838793e-05, 'alpha_2': 8.016303536729275e-05, 'beta_0': 0.2836228316118062, 'beta_1': 1.110842911070178, 'beta_2': 0.3463327018585563, 'beta_3': 0.00026254291954561066, 'beta_4': 3.9823151502798505e-07, 'beta_5': 0.5531116349045776, 'beta_6': 3.6356266900925144e-05, 'beta_7': 0.07325232060906166, 'beta_8': 0.00700861538577245, 'beta_9': 6.868928761276655e-05, 'beta_10': 8.7033413996775e-07}. Best is trial 305 with value: 4084.4379324804377.
