[I 2026-03-31 01:42:51,867] Trial 420 finished with value: 4855.2839095394675 and parameters: {'alpha_0': 0.001562971614173603, 'alpha_1': 5.984324334684409e-05, 'alpha_2': 8.541149997877255e-05, 'beta_0': 0.2880116742860171, 'beta_1': 1.131577415706296, 'beta_2': 0.3763854505182079, 'beta_3': 0.00031789742885090914, 'beta_4': 4.336773114188579e-07, 'beta_5': 0.547156347336331, 'beta_6': 3.399971518003678e-05, 'beta_7': 0.07536586954013128, 'beta_8': 0.005650388477328977, 'beta_9': 6.280628353862108e-05, 'beta_10': 8.705066587960895e-07}. Best is trial 305 with value: 4084.4379324804377.Best trial: 305. Best value: 4084.44:  84%|████████▍ | 420/500 [3:17:30<41:12, 30.91s/it]Best trial: 305. Best value: 4084.44:  84%|████████▍ | 420/500 [3:17:30<41:12, 30.91s/it]Best trial: 305. Best value: 4084.44:  84%|████████▍ | 421/500 [3:17:30<40:35, 30.82s/it]                                                                                         Best trial: 305. Best value: 4084.44:  84%|████████▍ | 421/500 [3:18:00<40:35, 30.82s/it]Best trial: 305. Best value: 4084.44:  84%|████████▍ | 421/500 [3:18:00<40:35, 30.82s/it]Best trial: 305. Best value: 4084.44:  84%|████████▍ | 422/500 [3:18:00<40:02, 30.80s/it]                                                                                         Best trial: 305. Best value: 4084.44:  84%|████████▍ | 422/500 [3:18:31<40:02, 30.80s/it]Best trial: 305. Best value: 4084.44:  84%|████████▍ | 422/500 [3:18:31<40:02, 30.80s/it]Best trial: 305. Best value: 4084.44:  85%|████████▍ | 423/500 [3:18:31<39:31, 30.80s/it]                                                                                         Best trial: 305. Best value: 4084.44:  85%|████████▍ | 423/500 [3:19:02<39:31, 30.80s/it]Best trial: 305. Best value: 4084.44:  85%|████████▍ | 423/500 [3:19:02<39:31, 30.80s/it]Best trial: 305. Best value: 4084.44:  85%|████████▍ | 424/500 [3:19:02<38:55, 30.73s/it]                                                                                         Best trial: 305. Best value: 4084.44:  85%|████████▍ | 424/500 [3:19:33<38:55, 30.73s/it]Best trial: 305. Best value: 4084.44:  85%|████████▍ | 424/500 [3:19:33<38:55, 30.73s/it]Best trial: 305. Best value: 4084.44:  85%|████████▌ | 425/500 [3:19:33<38:27, 30.77s/it]                                                                                         Best trial: 305. Best value: 4084.44:  85%|████████▌ | 425/500 [3:20:03<38:27, 30.77s/it]Best trial: 305. Best value: 4084.44:  85%|████████▌ | 425/500 [3:20:03<38:27, 30.77s/it]Best trial: 305. Best value: 4084.44:  85%|████████▌ | 426/500 [3:20:03<37:57, 30.77s/it]                                                                                         Best trial: 305. Best value: 4084.44:  85%|████████▌ | 426/500 [3:20:34<37:57, 30.77s/it]Best trial: 305. Best value: 4084.44:  85%|████████▌ | 426/500 [3:20:34<37:57, 30.77s/it]Best trial: 305. Best value: 4084.44:  85%|████████▌ | 427/500 [3:20:34<37:21, 30.70s/it]                                                                                         Best trial: 305. Best value: 4084.44:  85%|████████▌ | 427/500 [3:21:05<37:21, 30.70s/it]Best trial: 305. Best value: 4084.44:  85%|████████▌ | 427/500 [3:21:05<37:21, 30.70s/it]Best trial: 305. Best value: 4084.44:  86%|████████▌ | 428/500 [3:21:05<36:51, 30.72s/it]                                                                                         Best trial: 305. Best value: 4084.44:  86%|████████▌ | 428/500 [3:21:36<36:51, 30.72s/it]Best trial: 305. Best value: 4084.44:  86%|████████▌ | 428/500 [3:21:36<36:51, 30.72s/it]Best trial: 305. Best value: 4084.44:  86%|████████▌ | 429/500 [3:21:36<36:26, 30.80s/it]                                                                                         Best trial: 305. Best value: 4084.44:  86%|████████▌ | 429/500 [3:22:06<36:26, 30.80s/it]Best trial: 305. Best value: 4084.44:  86%|████████▌ | 429/500 [3:22:06<36:26, 30.80s/it]Best trial: 305. Best value: 4084.44:  86%|████████▌ | 430/500 [3:22:06<35:52, 30.75s/it]                                                                                         Best trial: 305. Best value: 4084.44:  86%|████████▌ | 430/500 [3:22:37<35:52, 30.75s/it]Best trial: 305. Best value: 4084.44:  86%|████████▌ | 430/500 [3:22:37<35:52, 30.75s/it]Best trial: 305. Best value: 4084.44:  86%|████████▌ | 431/500 [3:22:37<35:16, 30.68s/it]                                                                                         Best trial: 305. Best value: 4084.44:  86%|████████▌ | 431/500 [3:23:07<35:16, 30.68s/it]Best trial: 305. Best value: 4084.44:  86%|████████▌ | 431/500 [3:23:07<35:16, 30.68s/it]Best trial: 305. Best value: 4084.44:  86%|████████▋ | 432/500 [3:23:07<34:44, 30.66s/it]                                                                                         Best trial: 305. Best value: 4084.44:  86%|████████▋ | 432/500 [3:23:38<34:44, 30.66s/it]Best trial: 305. Best value: 4084.44:  86%|████████▋ | 432/500 [3:23:38<34:44, 30.66s/it]Best trial: 305. Best value: 4084.44:  87%|████████▋ | 433/500 [3:23:38<34:19, 30.74s/it]                                                                                         Best trial: 305. Best value: 4084.44:  87%|████████▋ | 433/500 [3:24:17<34:19, 30.74s/it]Best trial: 305. Best value: 4084.44:  87%|████████▋ | 433/500 [3:24:17<34:19, 30.74s/it]Best trial: 305. Best value: 4084.44:  87%|████████▋ | 434/500 [3:24:17<36:22, 33.07s/it]                                                                                         
[I 2026-03-31 01:43:22,610] Trial 421 finished with value: 4468.482072054721 and parameters: {'alpha_0': 0.0015011663969687142, 'alpha_1': 5.422065405013296e-05, 'alpha_2': 4.0595366732006965e-05, 'beta_0': 0.2812077337858808, 'beta_1': 1.1161567049237962, 'beta_2': 0.3429673113392036, 'beta_3': 0.00025836069709632295, 'beta_4': 3.7498164057632064e-07, 'beta_5': 0.533222770307474, 'beta_6': 1.8923799022532636e-05, 'beta_7': 0.07145994089442721, 'beta_8': 0.0053629929031399895, 'beta_9': 6.548713490625784e-05, 'beta_10': 9.13439247391837e-07}. Best is trial 305 with value: 4084.4379324804377.
[I 2026-03-31 01:43:53,400] Trial 422 finished with value: 5514.274456561651 and parameters: {'alpha_0': 0.0017472443474468296, 'alpha_1': 5.009504531131973e-05, 'alpha_2': 6.315889847847487e-05, 'beta_0': 0.28615005005747435, 'beta_1': 1.1063675231123509, 'beta_2': 0.37083913393909135, 'beta_3': 0.0003185712959620138, 'beta_4': 1.1484879144078803e-06, 'beta_5': 0.6620350720251936, 'beta_6': 3.54362695743142e-05, 'beta_7': 0.06889612971034159, 'beta_8': 0.00596040980946214, 'beta_9': 5.899988029546404e-05, 'beta_10': 7.949793133138615e-07}. Best is trial 305 with value: 4084.4379324804377.
[I 2026-03-31 01:44:23,978] Trial 423 finished with value: 4537.296736038803 and parameters: {'alpha_0': 0.0016289548367511317, 'alpha_1': 6.301082279785166e-05, 'alpha_2': 9.04973508584388e-05, 'beta_0': 0.2773787532209045, 'beta_1': 1.1427008304949828, 'beta_2': 0.37707838097929575, 'beta_3': 0.0002573518204315933, 'beta_4': 4.253689041651253e-07, 'beta_5': 0.5659700199717238, 'beta_6': 3.508071606662829e-05, 'beta_7': 0.07468780769361409, 'beta_8': 0.005346207115353275, 'beta_9': 5.753692981092388e-05, 'beta_10': 9.599305385393202e-07}. Best is trial 305 with value: 4084.4379324804377.
[I 2026-03-31 01:44:54,832] Trial 424 finished with value: 4850.583736958843 and parameters: {'alpha_0': 0.001874662161958263, 'alpha_1': 5.85282473448948e-05, 'alpha_2': 5.287857890888043e-05, 'beta_0': 0.29208325432391663, 'beta_1': 1.128208519337412, 'beta_2': 0.393707402940184, 'beta_3': 0.0003384320441379002, 'beta_4': 3.8787992058694024e-07, 'beta_5': 0.5016081643992927, 'beta_6': 2.576538376413158e-05, 'beta_7': 0.07317522302092963, 'beta_8': 0.005666858425313675, 'beta_9': 6.045733509074347e-05, 'beta_10': 9.032585056590095e-07}. Best is trial 305 with value: 4084.4379324804377.
[I 2026-03-31 01:45:25,614] Trial 425 finished with value: 5350.259957330227 and parameters: {'alpha_0': 0.0015158047662516463, 'alpha_1': 6.371121461599369e-05, 'alpha_2': 7.084643005206216e-05, 'beta_0': 0.28353080762089106, 'beta_1': 1.396887917272716, 'beta_2': 0.3371840367119174, 'beta_3': 0.00025876020786755154, 'beta_4': 3.425371813282662e-07, 'beta_5': 0.5234456616352611, 'beta_6': 3.604846240009409e-05, 'beta_7': 0.0696146697850386, 'beta_8': 0.006330041121224251, 'beta_9': 7.112107755271166e-05, 'beta_10': 8.674138469689939e-07}. Best is trial 305 with value: 4084.4379324804377.
[I 2026-03-31 01:45:56,152] Trial 426 finished with value: 4525.12961481307 and parameters: {'alpha_0': 0.0017390238300972114, 'alpha_1': 5.580116312122693e-05, 'alpha_2': 7.6817919655392e-05, 'beta_0': 0.28689896548951, 'beta_1': 1.1204596281105996, 'beta_2': 0.3580240727377206, 'beta_3': 0.0003069320762114408, 'beta_4': 4.367810410939571e-07, 'beta_5': 0.5318287445425783, 'beta_6': 3.88623985333958e-05, 'beta_7': 0.07664210915930246, 'beta_8': 0.005315177725483101, 'beta_9': 5.6119690494054033e-05, 'beta_10': 8.522889802012685e-07}. Best is trial 305 with value: 4084.4379324804377.
[I 2026-03-31 01:46:26,912] Trial 427 finished with value: 6646.705299842394 and parameters: {'alpha_0': 0.0016057574434466828, 'alpha_1': 7.182329998717416e-05, 'alpha_2': 5.904067648242412e-05, 'beta_0': 0.28008724300667304, 'beta_1': 1.0990255325202145, 'beta_2': 0.908157690631179, 'beta_3': 0.002641815135607531, 'beta_4': 8.854073863013374e-07, 'beta_5': 0.48797237537351795, 'beta_6': 3.968570827765316e-05, 'beta_7': 0.0713510303167522, 'beta_8': 0.005007048682372777, 'beta_9': 6.220507096612517e-05, 'beta_10': 9.182947074220293e-07}. Best is trial 305 with value: 4084.4379324804377.
[I 2026-03-31 01:46:57,911] Trial 428 finished with value: 4222.146098632125 and parameters: {'alpha_0': 0.001988630244993659, 'alpha_1': 6.504963138443023e-05, 'alpha_2': 8.29012440396024e-05, 'beta_0': 0.2999023961723841, 'beta_1': 1.1379820694341973, 'beta_2': 0.3919755760152749, 'beta_3': 0.0002530068567956339, 'beta_4': 3.8904938525389797e-07, 'beta_5': 0.545570609050727, 'beta_6': 3.799287316950673e-05, 'beta_7': 0.07395590069489354, 'beta_8': 0.005018390072798868, 'beta_9': 5.847420446607454e-05, 'beta_10': 8.053460924644358e-07}. Best is trial 305 with value: 4084.4379324804377.
[I 2026-03-31 01:47:28,530] Trial 429 finished with value: 6323.562884500565 and parameters: {'alpha_0': 0.002018568220387194, 'alpha_1': 6.630837584554265e-05, 'alpha_2': 8.231859949350184e-05, 'beta_0': 0.2998676693312109, 'beta_1': 1.14354148117662, 'beta_2': 0.3910425735456956, 'beta_3': 0.0016831852235682273, 'beta_4': 3.929159312331551e-07, 'beta_5': 0.5547918701515265, 'beta_6': 3.726289814406193e-05, 'beta_7': 0.07360647954589443, 'beta_8': 0.005854063066509642, 'beta_9': 6.0377930814110524e-05, 'beta_10': 7.802570612066575e-07}. Best is trial 305 with value: 4084.4379324804377.
[I 2026-03-31 01:47:59,051] Trial 430 finished with value: 5146.327862714281 and parameters: {'alpha_0': 0.0019216337363591137, 'alpha_1': 5.8031375431371145e-05, 'alpha_2': 8.625064504085813e-05, 'beta_0': 0.2923421511077417, 'beta_1': 1.1342874751086574, 'beta_2': 0.4100249724520896, 'beta_3': 0.0013367087801417442, 'beta_4': 3.755884249166515e-07, 'beta_5': 0.5661161945138184, 'beta_6': 3.818722466086297e-05, 'beta_7': 0.07585344003356455, 'beta_8': 0.0050032965404760155, 'beta_9': 5.862073646201661e-05, 'beta_10': 6.825959637584322e-07}. Best is trial 305 with value: 4084.4379324804377.
[I 2026-03-31 01:48:29,661] Trial 431 finished with value: 4529.777374960877 and parameters: {'alpha_0': 0.001838464580155187, 'alpha_1': 7.622944438305728e-05, 'alpha_2': 7.813402684603684e-05, 'beta_0': 0.2889688088755579, 'beta_1': 1.145462296128586, 'beta_2': 0.4462426511506203, 'beta_3': 0.0002513408746809246, 'beta_4': 4.4408274811996285e-07, 'beta_5': 0.5430337321486586, 'beta_6': 2.9240771445556596e-05, 'beta_7': 0.07385832238389577, 'beta_8': 0.00538550883121356, 'beta_9': 6.622411274952962e-05, 'beta_10': 7.50601310041666e-07}. Best is trial 305 with value: 4084.4379324804377.
[I 2026-03-31 01:49:00,575] Trial 432 finished with value: 4512.749194884011 and parameters: {'alpha_0': 0.0017928658095837237, 'alpha_1': 0.00025321000827670443, 'alpha_2': 7.367390459143547e-05, 'beta_0': 0.2963161433911686, 'beta_1': 1.125798595887754, 'beta_2': 0.535284541820626, 'beta_3': 0.0002518694573790538, 'beta_4': 4.0429862148062054e-07, 'beta_5': 0.5405222189152449, 'beta_6': 3.7651856326008925e-05, 'beta_7': 0.07229468098961045, 'beta_8': 0.005012495827192715, 'beta_9': 6.328642548559148e-05, 'beta_10': 8.094629419538268e-07}. Best is trial 305 with value: 4084.4379324804377.
[I 2026-03-31 01:49:39,089] Trial 433 finished with value: 5040.83992893746 and parameters: {'alpha_0': 0.0019170514836703077, 'alpha_1': 0.00024198841521968933, 'alpha_2': 8.243372560816696e-05, 'beta_0': 0.2834726099012841, 'beta_1': 1.1343111645002508, 'beta_2': 0.38685612550159687, 'beta_3': 0.00020019241765994856, 'beta_4': 3.4714760108371456e-07, 'beta_5': 0.5205776636866026, 'beta_6': 3.867333439169396e-05, 'beta_7': 0.07473131639730038, 'beta_8': 0.005702712847184664, 'beta_9': 5.542567177941898e-05, 'beta_10': 8.185267994911558e-07}. Best is trial 305 with value: 4084.4379324804377.
[I 2026-03-31 01:50:17,488] Trial 434 finished with value: 4243.228196874581 and parameters: {'alpha_0': 0.0016844890471921414, 'alpha_1': 5.386965620644445e-05, 'alpha_2': 6.44900681880715e-05, 'beta_0': 0.276474094017698, 'beta_1': 1.107899477689673, 'beta_2': 0.36563281238480316, 'beta_3': 0.0002989599293100267, 'beta_4': 4.696995469209645e-07, 'beta_5': 0.5755291986668528, 'beta_6': 3.690126376432152e-05, 'beta_7': 0.0768521847326931, 'beta_8': 0.005004416843890572, 'beta_9': 5.777606751560004e-05, 'beta_10': 8.525989575894162e-07}. Best is trial 305 with value: 4084.4379324804377.Best trial: 305. Best value: 4084.44:  87%|████████▋ | 434/500 [3:24:55<36:22, 33.07s/it]Best trial: 305. Best value: 4084.44:  87%|████████▋ | 434/500 [3:24:55<36:22, 33.07s/it]Best trial: 305. Best value: 4084.44:  87%|████████▋ | 435/500 [3:24:55<37:33, 34.67s/it]                                                                                         Best trial: 305. Best value: 4084.44:  87%|████████▋ | 435/500 [3:25:34<37:33, 34.67s/it]Best trial: 305. Best value: 4084.44:  87%|████████▋ | 435/500 [3:25:34<37:33, 34.67s/it]Best trial: 305. Best value: 4084.44:  87%|████████▋ | 436/500 [3:25:34<38:13, 35.84s/it]                                                                                         Best trial: 305. Best value: 4084.44:  87%|████████▋ | 436/500 [3:26:12<38:13, 35.84s/it]Best trial: 305. Best value: 4084.44:  87%|████████▋ | 436/500 [3:26:13<38:13, 35.84s/it]Best trial: 305. Best value: 4084.44:  87%|████████▋ | 437/500 [3:26:13<38:32, 36.70s/it]                                                                                         Best trial: 305. Best value: 4084.44:  87%|████████▋ | 437/500 [3:26:51<38:32, 36.70s/it]Best trial: 305. Best value: 4084.44:  87%|████████▋ | 437/500 [3:26:52<38:32, 36.70s/it]Best trial: 305. Best value: 4084.44:  88%|████████▊ | 438/500 [3:26:52<38:37, 37.37s/it]                                                                                         Best trial: 305. Best value: 4084.44:  88%|████████▊ | 438/500 [3:27:30<38:37, 37.37s/it]Best trial: 305. Best value: 4084.44:  88%|████████▊ | 438/500 [3:27:30<38:37, 37.37s/it]Best trial: 305. Best value: 4084.44:  88%|████████▊ | 439/500 [3:27:30<38:14, 37.62s/it]                                                                                         Best trial: 305. Best value: 4084.44:  88%|████████▊ | 439/500 [3:28:08<38:14, 37.62s/it]Best trial: 305. Best value: 4084.44:  88%|████████▊ | 439/500 [3:28:08<38:14, 37.62s/it]Best trial: 305. Best value: 4084.44:  88%|████████▊ | 440/500 [3:28:08<37:45, 37.75s/it]                                                                                         Best trial: 305. Best value: 4084.44:  88%|████████▊ | 440/500 [3:28:46<37:45, 37.75s/it]Best trial: 305. Best value: 4084.44:  88%|████████▊ | 440/500 [3:28:46<37:45, 37.75s/it]Best trial: 305. Best value: 4084.44:  88%|████████▊ | 441/500 [3:28:46<37:22, 38.00s/it]                                                                                         Best trial: 305. Best value: 4084.44:  88%|████████▊ | 441/500 [3:29:24<37:22, 38.00s/it]Best trial: 305. Best value: 4084.44:  88%|████████▊ | 441/500 [3:29:24<37:22, 38.00s/it]Best trial: 305. Best value: 4084.44:  88%|████████▊ | 442/500 [3:29:24<36:41, 37.95s/it]                                                                                         Best trial: 305. Best value: 4084.44:  88%|████████▊ | 442/500 [3:30:02<36:41, 37.95s/it]Best trial: 305. Best value: 4084.44:  88%|████████▊ | 442/500 [3:30:02<36:41, 37.95s/it]Best trial: 305. Best value: 4084.44:  89%|████████▊ | 443/500 [3:30:02<36:07, 38.02s/it]                                                                                         Best trial: 305. Best value: 4084.44:  89%|████████▊ | 443/500 [3:30:13<36:07, 38.02s/it]Best trial: 305. Best value: 4084.44:  89%|████████▊ | 443/500 [3:30:13<36:07, 38.02s/it]Best trial: 305. Best value: 4084.44:  89%|████████▉ | 444/500 [3:30:13<27:50, 29.83s/it]                                                                                         Best trial: 305. Best value: 4084.44:  89%|████████▉ | 444/500 [3:30:52<27:50, 29.83s/it]Best trial: 305. Best value: 4084.44:  89%|████████▉ | 444/500 [3:30:52<27:50, 29.83s/it]Best trial: 305. Best value: 4084.44:  89%|████████▉ | 445/500 [3:30:52<29:52, 32.58s/it]                                                                                         Best trial: 305. Best value: 4084.44:  89%|████████▉ | 445/500 [3:31:30<29:52, 32.58s/it]Best trial: 305. Best value: 4084.44:  89%|████████▉ | 445/500 [3:31:30<29:52, 32.58s/it]Best trial: 305. Best value: 4084.44:  89%|████████▉ | 446/500 [3:31:30<30:47, 34.22s/it]                                                                                         Best trial: 305. Best value: 4084.44:  89%|████████▉ | 446/500 [3:32:09<30:47, 34.22s/it]Best trial: 305. Best value: 4084.44:  89%|████████▉ | 446/500 [3:32:09<30:47, 34.22s/it]Best trial: 305. Best value: 4084.44:  89%|████████▉ | 447/500 [3:32:09<31:25, 35.57s/it]                                                                                         Best trial: 305. Best value: 4084.44:  89%|████████▉ | 447/500 [3:32:47<31:25, 35.57s/it]Best trial: 305. Best value: 4084.44:  89%|████████▉ | 447/500 [3:32:47<31:25, 35.57s/it]Best trial: 305. Best value: 4084.44:  90%|████████▉ | 448/500 [3:32:47<31:36, 36.47s/it]                                                                                         
[I 2026-03-31 01:50:56,072] Trial 435 finished with value: 5603.125371171707 and parameters: {'alpha_0': 0.0020693786838310267, 'alpha_1': 5.324085259488868e-05, 'alpha_2': 9.283872371717519e-05, 'beta_0': 0.27634340673379865, 'beta_1': 1.106405819414494, 'beta_2': 0.4255169201264019, 'beta_3': 0.00029064248000426266, 'beta_4': 4.3809216457755846e-07, 'beta_5': 0.6125064602875002, 'beta_6': 3.791821927226219e-05, 'beta_7': 0.07763587168358695, 'beta_8': 0.006507541004571128, 'beta_9': 3.0722869347277076e-05, 'beta_10': 7.627796044862458e-07}. Best is trial 305 with value: 4084.4379324804377.
[I 2026-03-31 01:51:34,746] Trial 436 finished with value: 5025.80769566677 and parameters: {'alpha_0': 0.0017101060550328208, 'alpha_1': 0.00017247984427244488, 'alpha_2': 8.877072268932607e-05, 'beta_0': 0.2870387396925787, 'beta_1': 1.0919721996198044, 'beta_2': 0.3741673296047131, 'beta_3': 0.00029174043183784946, 'beta_4': 5.216844103426065e-07, 'beta_5': 0.49665575080559554, 'beta_6': 3.6928973161059775e-05, 'beta_7': 0.07673346334694041, 'beta_8': 0.005605781970157542, 'beta_9': 5.995583815194776e-05, 'beta_10': 8.405789160557163e-07}. Best is trial 305 with value: 4084.4379324804377.
[I 2026-03-31 01:52:13,720] Trial 437 finished with value: 5162.492397794707 and parameters: {'alpha_0': 0.0015059391757538143, 'alpha_1': 5.4332193327172096e-05, 'alpha_2': 6.08816762899506e-05, 'beta_0': 0.2928377763090129, 'beta_1': 1.119035212837946, 'beta_2': 0.40045106091958926, 'beta_3': 0.0002441870604326374, 'beta_4': 5.028581558506066e-07, 'beta_5': 0.5190983728201373, 'beta_6': 3.6567812272218736e-05, 'beta_7': 0.07595041509604172, 'beta_8': 0.006078526329702325, 'beta_9': 5.705853326517835e-05, 'beta_10': 8.317102242169298e-07}. Best is trial 305 with value: 4084.4379324804377.
[I 2026-03-31 01:52:51,910] Trial 438 finished with value: 4740.530899961983 and parameters: {'alpha_0': 0.001694208809767233, 'alpha_1': 0.00026650026637512966, 'alpha_2': 6.937679330920875e-05, 'beta_0': 0.29993657154635645, 'beta_1': 1.1044359809835236, 'beta_2': 0.3645546062690626, 'beta_3': 0.00020301687125112323, 'beta_4': 2.3468432708792012e-07, 'beta_5': 0.44716520476929006, 'beta_6': 3.7394756180364624e-05, 'beta_7': 0.07482364095637133, 'beta_8': 0.005371031123688279, 'beta_9': 9.038408133712958e-05, 'beta_10': 7.860667729293589e-07}. Best is trial 305 with value: 4084.4379324804377.
