[I 2026-03-31 01:22:01,883] Trial 378 finished with value: 8709.730525850528 and parameters: {'alpha_0': 0.0017231763453418644, 'alpha_1': 5.003042598149145e-05, 'alpha_2': 5.4681439124359786e-05, 'beta_0': 0.2811052636854974, 'beta_1': 1.1693624062474932, 'beta_2': 0.3648613220270696, 'beta_3': 0.00026518453537738784, 'beta_4': 4.777770818772112e-07, 'beta_5': 0.4704559875256049, 'beta_6': 3.904053406950448e-05, 'beta_7': 0.06703832620699662, 'beta_8': 0.009819566921743659, 'beta_9': 5.843898969423819e-05, 'beta_10': 8.499680786586045e-07}. Best is trial 305 with value: 4084.4379324804377.Best trial: 305. Best value: 4084.44:  76%|███████▌  | 378/500 [2:56:40<1:00:59, 29.99s/it]Best trial: 305. Best value: 4084.44:  76%|███████▌  | 378/500 [2:56:40<1:00:59, 29.99s/it]Best trial: 305. Best value: 4084.44:  76%|███████▌  | 379/500 [2:56:40<53:16, 26.42s/it]                                                                                           Best trial: 305. Best value: 4084.44:  76%|███████▌  | 379/500 [2:57:10<53:16, 26.42s/it]Best trial: 305. Best value: 4084.44:  76%|███████▌  | 379/500 [2:57:10<53:16, 26.42s/it]Best trial: 305. Best value: 4084.44:  76%|███████▌  | 380/500 [2:57:10<55:23, 27.70s/it]                                                                                         Best trial: 305. Best value: 4084.44:  76%|███████▌  | 380/500 [2:57:20<55:23, 27.70s/it]Best trial: 305. Best value: 4084.44:  76%|███████▌  | 380/500 [2:57:20<55:23, 27.70s/it]Best trial: 305. Best value: 4084.44:  76%|███████▌  | 381/500 [2:57:20<43:58, 22.17s/it]                                                                                         Best trial: 305. Best value: 4084.44:  76%|███████▌  | 381/500 [2:57:51<43:58, 22.17s/it]Best trial: 305. Best value: 4084.44:  76%|███████▌  | 381/500 [2:57:51<43:58, 22.17s/it]Best trial: 305. Best value: 4084.44:  76%|███████▋  | 382/500 [2:57:51<48:46, 24.80s/it]                                                                                         Best trial: 305. Best value: 4084.44:  76%|███████▋  | 382/500 [2:58:21<48:46, 24.80s/it]Best trial: 305. Best value: 4084.44:  76%|███████▋  | 382/500 [2:58:21<48:46, 24.80s/it]Best trial: 305. Best value: 4084.44:  77%|███████▋  | 383/500 [2:58:21<51:48, 26.57s/it]                                                                                         Best trial: 305. Best value: 4084.44:  77%|███████▋  | 383/500 [2:58:51<51:48, 26.57s/it]Best trial: 305. Best value: 4084.44:  77%|███████▋  | 383/500 [2:58:51<51:48, 26.57s/it]Best trial: 305. Best value: 4084.44:  77%|███████▋  | 384/500 [2:58:51<53:25, 27.63s/it]                                                                                         Best trial: 305. Best value: 4084.44:  77%|███████▋  | 384/500 [2:59:22<53:25, 27.63s/it]Best trial: 305. Best value: 4084.44:  77%|███████▋  | 384/500 [2:59:22<53:25, 27.63s/it]Best trial: 305. Best value: 4084.44:  77%|███████▋  | 385/500 [2:59:22<54:31, 28.44s/it]                                                                                         Best trial: 305. Best value: 4084.44:  77%|███████▋  | 385/500 [2:59:52<54:31, 28.44s/it]Best trial: 305. Best value: 4084.44:  77%|███████▋  | 385/500 [2:59:52<54:31, 28.44s/it]Best trial: 305. Best value: 4084.44:  77%|███████▋  | 386/500 [2:59:52<55:19, 29.12s/it]                                                                                         Best trial: 305. Best value: 4084.44:  77%|███████▋  | 386/500 [3:00:24<55:19, 29.12s/it]Best trial: 305. Best value: 4084.44:  77%|███████▋  | 386/500 [3:00:24<55:19, 29.12s/it]Best trial: 305. Best value: 4084.44:  77%|███████▋  | 387/500 [3:00:24<55:59, 29.73s/it]                                                                                         Best trial: 305. Best value: 4084.44:  77%|███████▋  | 387/500 [3:00:55<55:59, 29.73s/it]Best trial: 305. Best value: 4084.44:  77%|███████▋  | 387/500 [3:00:55<55:59, 29.73s/it]Best trial: 305. Best value: 4084.44:  78%|███████▊  | 388/500 [3:00:55<56:16, 30.14s/it]                                                                                         Best trial: 305. Best value: 4084.44:  78%|███████▊  | 388/500 [3:01:25<56:16, 30.14s/it]Best trial: 305. Best value: 4084.44:  78%|███████▊  | 388/500 [3:01:25<56:16, 30.14s/it]Best trial: 305. Best value: 4084.44:  78%|███████▊  | 389/500 [3:01:25<55:46, 30.15s/it]                                                                                         Best trial: 305. Best value: 4084.44:  78%|███████▊  | 389/500 [3:01:56<55:46, 30.15s/it]Best trial: 305. Best value: 4084.44:  78%|███████▊  | 389/500 [3:01:56<55:46, 30.15s/it]Best trial: 305. Best value: 4084.44:  78%|███████▊  | 390/500 [3:01:56<55:43, 30.39s/it]                                                                                         Best trial: 305. Best value: 4084.44:  78%|███████▊  | 390/500 [3:02:27<55:43, 30.39s/it]Best trial: 305. Best value: 4084.44:  78%|███████▊  | 390/500 [3:02:27<55:43, 30.39s/it]Best trial: 305. Best value: 4084.44:  78%|███████▊  | 391/500 [3:02:27<55:31, 30.56s/it]                                                                                         Best trial: 305. Best value: 4084.44:  78%|███████▊  | 391/500 [3:02:58<55:31, 30.56s/it]Best trial: 305. Best value: 4084.44:  78%|███████▊  | 391/500 [3:02:58<55:31, 30.56s/it]Best trial: 305. Best value: 4084.44:  78%|███████▊  | 392/500 [3:02:58<55:11, 30.67s/it]                                                                                         
[I 2026-03-31 01:22:32,557] Trial 379 finished with value: 4244.777207702619 and parameters: {'alpha_0': 0.0016170793141412167, 'alpha_1': 5.9762749709513066e-05, 'alpha_2': 6.616192206873798e-05, 'beta_0': 0.26742990223556834, 'beta_1': 1.1352705929033058, 'beta_2': 0.355271321091805, 'beta_3': 0.0003565893018188995, 'beta_4': 3.6678454740549477e-07, 'beta_5': 0.5595942692525814, 'beta_6': 3.330790109730539e-05, 'beta_7': 0.06896168405934074, 'beta_8': 0.005004194617597919, 'beta_9': 5.705855471806787e-05, 'beta_10': 8.799376126747127e-07}. Best is trial 305 with value: 4084.4379324804377.
[I 2026-03-31 01:22:41,849] Trial 380 finished with value: 9259.532581072495 and parameters: {'alpha_0': 0.0016580853718623284, 'alpha_1': 0.00023031124643979427, 'alpha_2': 6.603774312991668e-05, 'beta_0': 0.267156265265206, 'beta_1': 1.1501639443250427, 'beta_2': 0.37672649767499744, 'beta_3': 0.00035135087766207155, 'beta_4': 4.093955869653215e-07, 'beta_5': 0.5614260350379102, 'beta_6': 3.406333144362881e-05, 'beta_7': 0.06895271895823425, 'beta_8': 0.02021848150428933, 'beta_9': 6.212441868644232e-05, 'beta_10': 8.867909533084692e-07}. Best is trial 305 with value: 4084.4379324804377.
[I 2026-03-31 01:23:12,778] Trial 381 finished with value: 4812.322780935385 and parameters: {'alpha_0': 0.0018020152486113148, 'alpha_1': 5.668054919065864e-05, 'alpha_2': 6.072402855668322e-05, 'beta_0': 0.272638784375695, 'beta_1': 1.1345363336808016, 'beta_2': 0.36224085403131323, 'beta_3': 0.00029956260883506685, 'beta_4': 3.7277910025489667e-07, 'beta_5': 0.55293293063139, 'beta_6': 3.9665290172191336e-05, 'beta_7': 0.07176466913467525, 'beta_8': 0.005680863276265095, 'beta_9': 5.923488042535535e-05, 'beta_10': 8.3090895395681e-07}. Best is trial 305 with value: 4084.4379324804377.
[I 2026-03-31 01:23:43,477] Trial 382 finished with value: 4422.148199661155 and parameters: {'alpha_0': 0.0016025451886791258, 'alpha_1': 5.9760634674340546e-05, 'alpha_2': 7.195528530906625e-05, 'beta_0': 0.2769192900589097, 'beta_1': 1.1599527761015238, 'beta_2': 0.40106279095607666, 'beta_3': 0.00020385756881255052, 'beta_4': 3.4475658873093605e-07, 'beta_5': 0.5260235063720293, 'beta_6': 3.292142854735678e-05, 'beta_7': 0.07068630857783298, 'beta_8': 0.005365593331316683, 'beta_9': 5.677529307881265e-05, 'beta_10': 8.750477004127395e-07}. Best is trial 305 with value: 4084.4379324804377.
[I 2026-03-31 01:24:13,592] Trial 383 finished with value: 4299.979157091335 and parameters: {'alpha_0': 0.0015167917461551778, 'alpha_1': 5.490839531754954e-05, 'alpha_2': 6.396763155971495e-05, 'beta_0': 0.2959595353554164, 'beta_1': 1.129718447161484, 'beta_2': 0.37272394677383175, 'beta_3': 0.000370730723400924, 'beta_4': 4.08995947525098e-07, 'beta_5': 0.559366540687459, 'beta_6': 3.178798918786241e-05, 'beta_7': 0.06800921685168371, 'beta_8': 0.005009720032074656, 'beta_9': 5.55704836850091e-05, 'beta_10': 9.094569181250945e-07}. Best is trial 305 with value: 4084.4379324804377.
[I 2026-03-31 01:24:43,930] Trial 384 finished with value: 5345.347822480966 and parameters: {'alpha_0': 0.0016111563699336686, 'alpha_1': 6.129024067353937e-05, 'alpha_2': 6.95358796324687e-05, 'beta_0': 0.2690457404280622, 'beta_1': 1.1374564435556278, 'beta_2': 0.3438738112128307, 'beta_3': 0.0002000474326077192, 'beta_4': 1.0573478840667094e-06, 'beta_5': 0.35805123313354625, 'beta_6': 3.33948122682509e-05, 'beta_7': 0.06949285485559334, 'beta_8': 0.00592785602821555, 'beta_9': 6.815985705284172e-05, 'beta_10': 8.378612493966558e-07}. Best is trial 305 with value: 4084.4379324804377.
[I 2026-03-31 01:25:14,629] Trial 385 finished with value: 4564.424610363715 and parameters: {'alpha_0': 0.001482304095301243, 'alpha_1': 5.482020290181928e-05, 'alpha_2': 5.482350076951712e-05, 'beta_0': 0.27394853697902977, 'beta_1': 1.1179661103779053, 'beta_2': 0.4264011956106346, 'beta_3': 0.0002937535498792367, 'beta_4': 3.6202856966365187e-07, 'beta_5': 0.5871622966552166, 'beta_6': 3.120953672249173e-05, 'beta_7': 0.07830665571670276, 'beta_8': 0.005420322152792274, 'beta_9': 5.9414126928246705e-05, 'beta_10': 7.966330820625333e-07}. Best is trial 305 with value: 4084.4379324804377.
[I 2026-03-31 01:25:45,772] Trial 386 finished with value: 4851.401851229987 and parameters: {'alpha_0': 0.0016821959392478122, 'alpha_1': 6.912083704331577e-05, 'alpha_2': 7.662223234495915e-05, 'beta_0': 0.2646194074825303, 'beta_1': 1.1487016391914822, 'beta_2': 0.3531377797427101, 'beta_3': 0.00035592178976802765, 'beta_4': 2.9102912281414983e-07, 'beta_5': 0.5750117373000208, 'beta_6': 3.80005986139444e-05, 'beta_7': 0.06630057762113836, 'beta_8': 0.005675282741790161, 'beta_9': 5.115237342601593e-05, 'beta_10': 9.367163048912343e-07}. Best is trial 305 with value: 4084.4379324804377.
[I 2026-03-31 01:26:16,885] Trial 387 finished with value: 4462.798233348449 and parameters: {'alpha_0': 0.0013953460490691311, 'alpha_1': 5.071715109863934e-05, 'alpha_2': 6.0618358012638755e-05, 'beta_0': 0.2802262249945322, 'beta_1': 1.1175134068142, 'beta_2': 0.3846151589177534, 'beta_3': 0.0002550362249330654, 'beta_4': 3.332545444563793e-07, 'beta_5': 0.4793292793552636, 'beta_6': 3.922678042980476e-05, 'beta_7': 0.07271629884982461, 'beta_8': 0.005383676582727649, 'beta_9': 5.470095107881093e-05, 'beta_10': 8.681233392515246e-07}. Best is trial 305 with value: 4084.4379324804377.
[I 2026-03-31 01:26:47,047] Trial 388 finished with value: 4301.922820139498 and parameters: {'alpha_0': 0.001525184516286955, 'alpha_1': 6.102237782467497e-05, 'alpha_2': 6.79313996529164e-05, 'beta_0': 0.28285690166798316, 'beta_1': 1.1363568968954554, 'beta_2': 0.41019184870920333, 'beta_3': 0.00041499491951897964, 'beta_4': 2.6157556387896126e-07, 'beta_5': 0.8488857589552845, 'beta_6': 3.824958865156436e-05, 'beta_7': 0.07614266041102442, 'beta_8': 0.005007448292170641, 'beta_9': 6.238509970690653e-05, 'beta_10': 8.946784030866398e-07}. Best is trial 305 with value: 4084.4379324804377.
[I 2026-03-31 01:27:18,012] Trial 389 finished with value: 5232.752082116705 and parameters: {'alpha_0': 0.0013524880455391703, 'alpha_1': 5.011887652856334e-05, 'alpha_2': 8.247871496138075e-05, 'beta_0': 0.2766113752683862, 'beta_1': 1.1230148797676711, 'beta_2': 0.36558205311868386, 'beta_3': 0.0002991577556529198, 'beta_4': 4.5892575484079185e-07, 'beta_5': 0.5009701626230778, 'beta_6': 3.398765804096699e-05, 'beta_7': 0.07183686331764368, 'beta_8': 0.006167158623661184, 'beta_9': 5.048857164205263e-05, 'beta_10': 7.31666443827143e-07}. Best is trial 305 with value: 4084.4379324804377.
[I 2026-03-31 01:27:48,969] Trial 390 finished with value: 4855.8581578092835 and parameters: {'alpha_0': 0.0014433584077679453, 'alpha_1': 5.7238811608421044e-05, 'alpha_2': 4.973094216238473e-05, 'beta_0': 0.29953396019325546, 'beta_1': 1.1122231877289364, 'beta_2': 0.39294165155770344, 'beta_3': 0.0003400761430203779, 'beta_4': 2.976070661068444e-07, 'beta_5': 0.3238114388368263, 'beta_6': 3.7571452175407425e-05, 'beta_7': 0.0782949691208767, 'beta_8': 0.005696327371483328, 'beta_9': 5.337645297624743e-05, 'beta_10': 8.260862573627869e-07}. Best is trial 305 with value: 4084.4379324804377.
[I 2026-03-31 01:28:19,873] Trial 391 finished with value: 4165.6793876404445 and parameters: {'alpha_0': 0.0016226480191111278, 'alpha_1': 6.535010717725705e-05, 'alpha_2': 7.979646490627828e-05, 'beta_0': 0.2937024494226583, 'beta_1': 1.128944793369271, 'beta_2': 0.34723309889122506, 'beta_3': 0.0002527783724718379, 'beta_4': 3.714418238462657e-07, 'beta_5': 0.5518672997232396, 'beta_6': 3.5431616285129686e-05, 'beta_7': 0.06890001470005984, 'beta_8': 0.005017162988204436, 'beta_9': 8.910590903845732e-05, 'beta_10': 6.790275148784066e-07}. Best is trial 305 with value: 4084.4379324804377.
[I 2026-03-31 01:28:50,552] Trial 392 finished with value: 4160.161965865803 and parameters: {'alpha_0': 0.001811874363423478, 'alpha_1': 7.215660347031765e-05, 'alpha_2': 7.794673322343757e-05, 'beta_0': 0.29268317544012096, 'beta_1': 1.1305206440783573, 'beta_2': 0.34678706777488394, 'beta_3': 0.0002491414698785, 'beta_4': 3.750029976528447e-07, 'beta_5': 0.51580862711157, 'beta_6': 3.506152855234696e-05, 'beta_7': 0.06827122347234905, 'beta_8': 0.00500447046865496, 'beta_9': 5.662777607206299e-05, 'beta_10': 7.153647713935623e-07}. Best is trial 305 with value: 4084.4379324804377.Best trial: 305. Best value: 4084.44:  78%|███████▊  | 392/500 [3:03:28<55:11, 30.67s/it]Best trial: 305. Best value: 4084.44:  78%|███████▊  | 392/500 [3:03:28<55:11, 30.67s/it]Best trial: 305. Best value: 4084.44:  79%|███████▊  | 393/500 [3:03:28<54:41, 30.67s/it]                                                                                         Best trial: 305. Best value: 4084.44:  79%|███████▊  | 393/500 [3:03:59<54:41, 30.67s/it]Best trial: 305. Best value: 4084.44:  79%|███████▊  | 393/500 [3:03:59<54:41, 30.67s/it]Best trial: 305. Best value: 4084.44:  79%|███████▉  | 394/500 [3:03:59<54:16, 30.72s/it]                                                                                         Best trial: 305. Best value: 4084.44:  79%|███████▉  | 394/500 [3:04:30<54:16, 30.72s/it]Best trial: 305. Best value: 4084.44:  79%|███████▉  | 394/500 [3:04:30<54:16, 30.72s/it]Best trial: 305. Best value: 4084.44:  79%|███████▉  | 395/500 [3:04:30<53:48, 30.75s/it]                                                                                         Best trial: 305. Best value: 4084.44:  79%|███████▉  | 395/500 [3:05:01<53:48, 30.75s/it]Best trial: 305. Best value: 4084.44:  79%|███████▉  | 395/500 [3:05:01<53:48, 30.75s/it]Best trial: 305. Best value: 4084.44:  79%|███████▉  | 396/500 [3:05:01<53:31, 30.88s/it]                                                                                         Best trial: 305. Best value: 4084.44:  79%|███████▉  | 396/500 [3:05:32<53:31, 30.88s/it]Best trial: 305. Best value: 4084.44:  79%|███████▉  | 396/500 [3:05:32<53:31, 30.88s/it]Best trial: 305. Best value: 4084.44:  79%|███████▉  | 397/500 [3:05:32<52:55, 30.83s/it]                                                                                         Best trial: 305. Best value: 4084.44:  79%|███████▉  | 397/500 [3:05:41<52:55, 30.83s/it]Best trial: 305. Best value: 4084.44:  79%|███████▉  | 397/500 [3:05:41<52:55, 30.83s/it]Best trial: 305. Best value: 4084.44:  80%|███████▉  | 398/500 [3:05:41<41:33, 24.45s/it]                                                                                         Best trial: 305. Best value: 4084.44:  80%|███████▉  | 398/500 [3:06:12<41:33, 24.45s/it]Best trial: 305. Best value: 4084.44:  80%|███████▉  | 398/500 [3:06:12<41:33, 24.45s/it]Best trial: 305. Best value: 4084.44:  80%|███████▉  | 399/500 [3:06:12<44:13, 26.28s/it]                                                                                         Best trial: 305. Best value: 4084.44:  80%|███████▉  | 399/500 [3:06:43<44:13, 26.28s/it]Best trial: 305. Best value: 4084.44:  80%|███████▉  | 399/500 [3:06:43<44:13, 26.28s/it]Best trial: 305. Best value: 4084.44:  80%|████████  | 400/500 [3:06:43<45:59, 27.60s/it]                                                                                         Best trial: 305. Best value: 4084.44:  80%|████████  | 400/500 [3:07:14<45:59, 27.60s/it]Best trial: 305. Best value: 4084.44:  80%|████████  | 400/500 [3:07:14<45:59, 27.60s/it]Best trial: 305. Best value: 4084.44:  80%|████████  | 401/500 [3:07:14<47:12, 28.61s/it]                                                                                         Best trial: 305. Best value: 4084.44:  80%|████████  | 401/500 [3:07:44<47:12, 28.61s/it]Best trial: 305. Best value: 4084.44:  80%|████████  | 401/500 [3:07:44<47:12, 28.61s/it]Best trial: 305. Best value: 4084.44:  80%|████████  | 402/500 [3:07:44<47:49, 29.28s/it]                                                                                         Best trial: 305. Best value: 4084.44:  80%|████████  | 402/500 [3:08:15<47:49, 29.28s/it]Best trial: 305. Best value: 4084.44:  80%|████████  | 402/500 [3:08:15<47:49, 29.28s/it]Best trial: 305. Best value: 4084.44:  81%|████████  | 403/500 [3:08:15<48:00, 29.70s/it]                                                                                         Best trial: 305. Best value: 4084.44:  81%|████████  | 403/500 [3:08:46<48:00, 29.70s/it]Best trial: 305. Best value: 4084.44:  81%|████████  | 403/500 [3:08:46<48:00, 29.70s/it]Best trial: 305. Best value: 4084.44:  81%|████████  | 404/500 [3:08:46<47:57, 29.97s/it]                                                                                         Best trial: 305. Best value: 4084.44:  81%|████████  | 404/500 [3:09:16<47:57, 29.97s/it]Best trial: 305. Best value: 4084.44:  81%|████████  | 404/500 [3:09:17<47:57, 29.97s/it]Best trial: 305. Best value: 4084.44:  81%|████████  | 405/500 [3:09:17<47:49, 30.21s/it]                                                                                         Best trial: 305. Best value: 4084.44:  81%|████████  | 405/500 [3:09:47<47:49, 30.21s/it]Best trial: 305. Best value: 4084.44:  81%|████████  | 405/500 [3:09:47<47:49, 30.21s/it]Best trial: 305. Best value: 4084.44:  81%|████████  | 406/500 [3:09:47<47:27, 30.29s/it]                                                                                         
[I 2026-03-31 01:29:21,399] Trial 393 finished with value: 5407.8741629563265 and parameters: {'alpha_0': 0.0017902732661527637, 'alpha_1': 7.272577699282889e-05, 'alpha_2': 0.00012463368869377754, 'beta_0': 0.2939713332718491, 'beta_1': 1.1497836280916582, 'beta_2': 0.3758188809912416, 'beta_3': 0.00020121429435767624, 'beta_4': 4.187569572918049e-07, 'beta_5': 0.5260746408912388, 'beta_6': 3.508519210445694e-05, 'beta_7': 0.06830535339580285, 'beta_8': 0.006415377892961374, 'beta_9': 6.400900187492922e-05, 'beta_10': 6.224969399033985e-07}. Best is trial 305 with value: 4084.4379324804377.
[I 2026-03-31 01:29:52,223] Trial 394 finished with value: 4476.867207787143 and parameters: {'alpha_0': 0.0016875268557702819, 'alpha_1': 6.0264261218746474e-05, 'alpha_2': 8.023749948019532e-05, 'beta_0': 0.28710430900530953, 'beta_1': 1.1299912656289985, 'beta_2': 0.3979576395327976, 'beta_3': 0.00025545110845636717, 'beta_4': 3.8225007728484854e-07, 'beta_5': 0.5146563587255116, 'beta_6': 3.4839829811361704e-05, 'beta_7': 0.06688393776940812, 'beta_8': 0.005395521305837577, 'beta_9': 5.796159518044992e-05, 'beta_10': 7.055762212329703e-07}. Best is trial 305 with value: 4084.4379324804377.
[I 2026-03-31 01:30:23,404] Trial 395 finished with value: 4954.573456645473 and parameters: {'alpha_0': 0.001750860010883928, 'alpha_1': 5.557314893777185e-05, 'alpha_2': 7.493848520166089e-05, 'beta_0': 0.2964704787812941, 'beta_1': 1.1432169720940766, 'beta_2': 0.3488660385536472, 'beta_3': 0.00023909251795432916, 'beta_4': 4.312747508357333e-07, 'beta_5': 0.5841342405617149, 'beta_6': 3.519044547788027e-05, 'beta_7': 0.0693648931026543, 'beta_8': 0.005880592094516385, 'beta_9': 0.00010821275436939372, 'beta_10': 7.424776606562524e-07}. Best is trial 305 with value: 4084.4379324804377.
[I 2026-03-31 01:30:54,103] Trial 396 finished with value: 4520.410371162845 and parameters: {'alpha_0': 0.0016052689759408056, 'alpha_1': 6.331803696773065e-05, 'alpha_2': 6.418002875754443e-05, 'beta_0': 0.2928980858791403, 'beta_1': 1.1297345188477517, 'beta_2': 0.42586532289493906, 'beta_3': 0.0002782643869581067, 'beta_4': 3.6499643245918077e-07, 'beta_5': 0.5545981817897843, 'beta_6': 3.316505691036011e-05, 'beta_7': 0.07995777575596265, 'beta_8': 0.005378984538285925, 'beta_9': 5.992060740884019e-05, 'beta_10': 7.539359441799285e-07}. Best is trial 305 with value: 4084.4379324804377.
