[I 2026-03-31 09:28:35,463] Trial 481 finished with value: 4749.915715553094 and parameters: {'alpha_0': 0.001980439049781829, 'alpha_1': 6.793081980968422e-05, 'alpha_2': 7.168493888053305e-05, 'beta_0': 0.291082000640749, 'beta_1': 1.1286790864068939, 'beta_2': 0.5099696264220382, 'beta_3': 0.00024866063083734216, 'beta_4': 3.098925143490551e-07, 'beta_5': 0.5473037304556442, 'beta_6': 3.394256926154912e-05, 'beta_7': 0.07316712515373229, 'beta_8': 0.005648715985358178, 'beta_9': 4.4930389148684534e-05, 'beta_10': 9.376401278635388e-07}. Best is trial 305 with value: 4084.4379324804377.
[I 2026-03-31 09:29:06,141] Trial 482 finished with value: 4160.569234861798 and parameters: {'alpha_0': 0.0018727178152212033, 'alpha_1': 6.226035564306856e-05, 'alpha_2': 7.750961449269633e-05, 'beta_0': 0.2999104815884335, 'beta_1': 1.1502617929296977, 'beta_2': 0.41001834503184387, 'beta_3': 0.00029722440459307206, 'beta_4': 2.496099211826589e-07, 'beta_5': 0.5539662925627411, 'beta_6': 3.425043546268456e-05, 'beta_7': 0.07216537673780815, 'beta_8': 0.005002885057158919, 'beta_9': 5.44176234962325e-05, 'beta_10': 9.236804939250669e-07}. Best is trial 305 with value: 4084.4379324804377.
[I 2026-03-31 09:29:36,764] Trial 483 finished with value: 4642.783149637013 and parameters: {'alpha_0': 0.002051533748223297, 'alpha_1': 6.185485303891023e-05, 'alpha_2': 8.828844383689153e-05, 'beta_0': 0.2951816819257752, 'beta_1': 1.1632731516788994, 'beta_2': 0.40461022498818217, 'beta_3': 0.0003041770449286624, 'beta_4': 2.451478901989587e-07, 'beta_5': 0.5475470637630843, 'beta_6': 3.471765669232244e-05, 'beta_7': 0.07176972909747635, 'beta_8': 0.0055194332991986925, 'beta_9': 5.5348712030854e-05, 'beta_10': 9.762292016189634e-07}. Best is trial 305 with value: 4084.4379324804377.
[I 2026-03-31 09:30:07,547] Trial 484 finished with value: 4785.903532407463 and parameters: {'alpha_0': 0.001938254880314608, 'alpha_1': 6.168101872969018e-05, 'alpha_2': 8.104673224675737e-05, 'beta_0': 0.2996740919811799, 'beta_1': 1.1495991949737472, 'beta_2': 0.3941837056028623, 'beta_3': 0.0003073701720828377, 'beta_4': 2.555628887672857e-07, 'beta_5': 0.5335369681885058, 'beta_6': 3.529293062011754e-05, 'beta_7': 0.07060145259180946, 'beta_8': 0.00567990693953397, 'beta_9': 5.512596816383417e-05, 'beta_10': 9.351751864966503e-07}. Best is trial 305 with value: 4084.4379324804377.
[I 2026-03-31 09:30:38,082] Trial 485 finished with value: 5759.21914237246 and parameters: {'alpha_0': 0.002184860270688497, 'alpha_1': 6.485583548698403e-05, 'alpha_2': 9.555521654578022e-05, 'beta_0': 0.28859430852241436, 'beta_1': 1.1762832699670323, 'beta_2': 0.40747004570325374, 'beta_3': 0.001588598539387417, 'beta_4': 2.1565967578031507e-07, 'beta_5': 0.5329742603659343, 'beta_6': 3.464448848749829e-05, 'beta_7': 0.07205628280916809, 'beta_8': 0.005416493852856859, 'beta_9': 0.00010651999360494828, 'beta_10': 8.951329166476533e-07}. Best is trial 305 with value: 4084.4379324804377.
[I 2026-03-31 09:31:08,646] Trial 486 finished with value: 4374.180433621014 and parameters: {'alpha_0': 0.0018810565828001175, 'alpha_1': 0.0001845388140400961, 'alpha_2': 0.00010345787065887561, 'beta_0': 0.29298082681731397, 'beta_1': 1.154397840649729, 'beta_2': 0.4460478617750918, 'beta_3': 0.00024769425515736054, 'beta_4': 2.837472436914122e-07, 'beta_5': 0.5584709314546051, 'beta_6': 2.7613801201731185e-05, 'beta_7': 0.0731201682215301, 'beta_8': 0.005000848103552239, 'beta_9': 5.431903863666469e-05, 'beta_10': 9.962540228041201e-07}. Best is trial 305 with value: 4084.4379324804377.
[I 2026-03-31 09:31:39,695] Trial 487 finished with value: 5471.449839071649 and parameters: {'alpha_0': 0.0019818871057589987, 'alpha_1': 5.7891512477188424e-05, 'alpha_2': 7.670705865893983e-05, 'beta_0': 0.2955152750440201, 'beta_1': 1.1423039181283263, 'beta_2': 0.4863659807300596, 'beta_3': 0.00038862049316468596, 'beta_4': 2.8585398440918153e-07, 'beta_5': 0.5398033911540502, 'beta_6': 3.3211214926954866e-05, 'beta_7': 0.07036493559217843, 'beta_8': 0.00633621820287978, 'beta_9': 5.081302321217001e-05, 'beta_10': 9.457982387698212e-07}. Best is trial 305 with value: 4084.4379324804377.
[I 2026-03-31 09:32:09,912] Trial 488 finished with value: 5062.355295782487 and parameters: {'alpha_0': 0.002338971185019063, 'alpha_1': 6.008480952669797e-05, 'alpha_2': 8.533946961045978e-05, 'beta_0': 0.2851375254884538, 'beta_1': 1.1369623978910703, 'beta_2': 0.4226252236146222, 'beta_3': 0.0003051769295150403, 'beta_4': 2.2038955428282393e-07, 'beta_5': 0.5506367705539447, 'beta_6': 3.580699849990821e-05, 'beta_7': 0.07638467749504191, 'beta_8': 0.005971914116618628, 'beta_9': 5.4155296088178714e-05, 'beta_10': 8.872362133994898e-07}. Best is trial 305 with value: 4084.4379324804377.
[I 2026-03-31 09:32:40,619] Trial 489 finished with value: 4441.039553939846 and parameters: {'alpha_0': 0.002059495292500061, 'alpha_1': 6.545217978677243e-05, 'alpha_2': 8.06573324734689e-05, 'beta_0': 0.29016086051201745, 'beta_1': 1.1528454170113638, 'beta_2': 0.3994585077240374, 'beta_3': 0.00020634946165638384, 'beta_4': 3.305039453389564e-07, 'beta_5': 0.8392852807243774, 'beta_6': 3.437485559665519e-05, 'beta_7': 0.07379342538358577, 'beta_8': 0.005383439546429539, 'beta_9': 4.80424194624687e-05, 'beta_10': 6.241598865119595e-07}. Best is trial 305 with value: 4084.4379324804377.
[I 2026-03-31 09:33:11,533] Trial 490 finished with value: 4518.290538204704 and parameters: {'alpha_0': 0.0018846453581511644, 'alpha_1': 5.8410328681523504e-05, 'alpha_2': 7.662760177566068e-05, 'beta_0': 0.28629029656679456, 'beta_1': 1.1722599865611216, 'beta_2': 0.3915858056249711, 'beta_3': 0.00035432006273118687, 'beta_4': 2.6405467220305036e-07, 'beta_5': 0.5539011920582807, 'beta_6': 3.52028908067797e-05, 'beta_7': 0.07185493430818518, 'beta_8': 0.005367333708712013, 'beta_9': 4.378888412927488e-05, 'beta_10': 9.179703013410828e-07}. Best is trial 305 with value: 4084.4379324804377.Best trial: 305. Best value: 4084.44:  98%|█████████▊| 490/500 [11:07:49<05:06, 30.60s/it]Best trial: 305. Best value: 4084.44:  98%|█████████▊| 490/500 [11:07:49<05:06, 30.60s/it]Best trial: 305. Best value: 4084.44:  98%|█████████▊| 491/500 [11:07:49<04:36, 30.69s/it]                                                                                          Best trial: 305. Best value: 4084.44:  98%|█████████▊| 491/500 [11:08:20<04:36, 30.69s/it]Best trial: 305. Best value: 4084.44:  98%|█████████▊| 491/500 [11:08:20<04:36, 30.69s/it]Best trial: 305. Best value: 4084.44:  98%|█████████▊| 492/500 [11:08:20<04:04, 30.61s/it]                                                                                          Best trial: 305. Best value: 4084.44:  98%|█████████▊| 492/500 [11:08:50<04:04, 30.61s/it]Best trial: 305. Best value: 4084.44:  98%|█████████▊| 492/500 [11:08:50<04:04, 30.61s/it]Best trial: 305. Best value: 4084.44:  99%|█████████▊| 493/500 [11:08:50<03:33, 30.53s/it]                                                                                          Best trial: 305. Best value: 4084.44:  99%|█████████▊| 493/500 [11:09:21<03:33, 30.53s/it]Best trial: 305. Best value: 4084.44:  99%|█████████▊| 493/500 [11:09:21<03:33, 30.53s/it]Best trial: 305. Best value: 4084.44:  99%|█████████▉| 494/500 [11:09:21<03:03, 30.62s/it]                                                                                          Best trial: 305. Best value: 4084.44:  99%|█████████▉| 494/500 [11:09:52<03:03, 30.62s/it]Best trial: 305. Best value: 4084.44:  99%|█████████▉| 494/500 [11:09:52<03:03, 30.62s/it]Best trial: 305. Best value: 4084.44:  99%|█████████▉| 495/500 [11:09:52<02:33, 30.74s/it]                                                                                          Best trial: 305. Best value: 4084.44:  99%|█████████▉| 495/500 [11:10:03<02:33, 30.74s/it]Best trial: 305. Best value: 4084.44:  99%|█████████▉| 495/500 [11:10:03<02:33, 30.74s/it]Best trial: 305. Best value: 4084.44:  99%|█████████▉| 496/500 [11:10:03<01:38, 24.74s/it]                                                                                          Best trial: 305. Best value: 4084.44:  99%|█████████▉| 496/500 [11:10:34<01:38, 24.74s/it]Best trial: 305. Best value: 4084.44:  99%|█████████▉| 496/500 [11:10:34<01:38, 24.74s/it]Best trial: 305. Best value: 4084.44:  99%|█████████▉| 497/500 [11:10:34<01:19, 26.65s/it]                                                                                          Best trial: 305. Best value: 4084.44:  99%|█████████▉| 497/500 [11:11:05<01:19, 26.65s/it]Best trial: 305. Best value: 4084.44:  99%|█████████▉| 497/500 [11:11:05<01:19, 26.65s/it]Best trial: 305. Best value: 4084.44: 100%|█████████▉| 498/500 [11:11:05<00:55, 27.90s/it]                                                                                          Best trial: 305. Best value: 4084.44: 100%|█████████▉| 498/500 [11:11:35<00:55, 27.90s/it]Best trial: 305. Best value: 4084.44: 100%|█████████▉| 498/500 [11:11:35<00:55, 27.90s/it]Best trial: 305. Best value: 4084.44: 100%|█████████▉| 499/500 [11:11:35<00:28, 28.63s/it]                                                                                          Best trial: 305. Best value: 4084.44: 100%|█████████▉| 499/500 [11:12:06<00:28, 28.63s/it]Best trial: 305. Best value: 4084.44: 100%|█████████▉| 499/500 [11:12:06<00:28, 28.63s/it]Best trial: 305. Best value: 4084.44: 100%|██████████| 500/500 [11:12:06<00:00, 29.44s/it]Best trial: 305. Best value: 4084.44: 100%|██████████| 500/500 [11:12:06<00:00, 80.65s/it]

[I 2026-03-31 09:33:41,942] Trial 491 finished with value: 4850.908038769238 and parameters: {'alpha_0': 0.0017930091953420866, 'alpha_1': 6.808129664681258e-05, 'alpha_2': 8.353995979823904e-05, 'beta_0': 0.2964945283711205, 'beta_1': 1.1293825326319864, 'beta_2': 0.44078252894216374, 'beta_3': 0.0002529777009261402, 'beta_4': 3.382176239391575e-07, 'beta_5': 0.5380355009865776, 'beta_6': 3.357860176408443e-05, 'beta_7': 0.07841050842713448, 'beta_8': 0.005764356984368073, 'beta_9': 4.897321102034767e-05, 'beta_10': 7.716101018766343e-07}. Best is trial 305 with value: 4084.4379324804377.
[I 2026-03-31 09:34:12,276] Trial 492 finished with value: 4532.579261545887 and parameters: {'alpha_0': 0.002225263037272392, 'alpha_1': 7.973108158975345e-05, 'alpha_2': 9.142279913001122e-05, 'beta_0': 0.2999961462469713, 'beta_1': 1.1421415338349428, 'beta_2': 0.4143564478436899, 'beta_3': 0.00030287732513469245, 'beta_4': 2.9924018454013926e-07, 'beta_5': 0.8291361192602824, 'beta_6': 3.2514436230894426e-05, 'beta_7': 0.07554472107228695, 'beta_8': 0.005375266408543168, 'beta_9': 5.544714713786606e-05, 'beta_10': 6.980521934409333e-07}. Best is trial 305 with value: 4084.4379324804377.
[I 2026-03-31 09:34:43,119] Trial 493 finished with value: 4290.11743740809 and parameters: {'alpha_0': 0.0019898952245376513, 'alpha_1': 6.323901891729203e-05, 'alpha_2': 8.76534594994408e-05, 'beta_0': 0.29237402008058155, 'beta_1': 1.123239204650876, 'beta_2': 0.3944483175851289, 'beta_3': 0.00042939151244013996, 'beta_4': 2.2890242626157347e-07, 'beta_5': 0.8405226319217199, 'beta_6': 3.5726697133206546e-05, 'beta_7': 0.06993062568166297, 'beta_8': 0.005020165225542156, 'beta_9': 6.992461924326827e-05, 'beta_10': 8.682363661039928e-07}. Best is trial 305 with value: 4084.4379324804377.
[I 2026-03-31 09:35:14,148] Trial 494 finished with value: 5089.095586110101 and parameters: {'alpha_0': 0.001868982201662449, 'alpha_1': 7.284796227115732e-05, 'alpha_2': 7.712450464700789e-05, 'beta_0': 0.2999294994282205, 'beta_1': 1.1628488781148505, 'beta_2': 0.4637975473222593, 'beta_3': 0.00035394616483047094, 'beta_4': 3.73215879703203e-07, 'beta_5': 0.4342900504967027, 'beta_6': 3.4099686387487375e-05, 'beta_7': 0.07259779056905492, 'beta_8': 0.005938871284597178, 'beta_9': 5.225870935864517e-05, 'beta_10': 5.161067303597602e-07}. Best is trial 305 with value: 4084.4379324804377.
[I 2026-03-31 09:35:24,865] Trial 495 finished with value: 8310.61600418315 and parameters: {'alpha_0': 0.002100790620394915, 'alpha_1': 5.8064199362342395e-05, 'alpha_2': 0.00010916196305214954, 'beta_0': 0.28925303172245437, 'beta_1': 1.1020710748218912, 'beta_2': 0.38444263646181365, 'beta_3': 0.0002050614298767698, 'beta_4': 3.173160221138891e-07, 'beta_5': 0.5654292818625594, 'beta_6': 3.477013471362584e-05, 'beta_7': 0.07400952358153733, 'beta_8': 0.013976754714072868, 'beta_9': 4.606583646291819e-05, 'beta_10': 9.985987762843664e-07}. Best is trial 305 with value: 4084.4379324804377.
[I 2026-03-31 09:35:55,961] Trial 496 finished with value: 5935.0773149135075 and parameters: {'alpha_0': 0.001434710201398482, 'alpha_1': 6.169395284776393e-05, 'alpha_2': 4.911180106980139e-05, 'beta_0': 0.2829096707893032, 'beta_1': 1.1408656063560134, 'beta_2': 0.42273897929724286, 'beta_3': 0.00028996624777391327, 'beta_4': 1.6677123973973653e-06, 'beta_5': 0.8258935583354798, 'beta_6': 3.309526074761721e-05, 'beta_7': 0.07744912904848819, 'beta_8': 0.005346088243910179, 'beta_9': 6.11296781215448e-05, 'beta_10': 9.601753391587741e-07}. Best is trial 305 with value: 4084.4379324804377.
[I 2026-03-31 09:36:26,793] Trial 497 finished with value: 4152.923516679526 and parameters: {'alpha_0': 0.0013686365679081269, 'alpha_1': 6.77906623333698e-05, 'alpha_2': 7.302341003531012e-05, 'beta_0': 0.2937660446772739, 'beta_1': 1.1259604447833635, 'beta_2': 0.4123765857991343, 'beta_3': 0.00024374490957780433, 'beta_4': 2.6673366869646286e-07, 'beta_5': 0.8495792579614854, 'beta_6': 3.605019253567863e-05, 'beta_7': 0.07099348322796412, 'beta_8': 0.005006267394999421, 'beta_9': 5.68857397913506e-05, 'beta_10': 8.491384683754238e-07}. Best is trial 305 with value: 4084.4379324804377.
[I 2026-03-31 09:36:57,131] Trial 498 finished with value: 4709.487694267235 and parameters: {'alpha_0': 0.004787033961851946, 'alpha_1': 6.908570887471088e-05, 'alpha_2': 7.49123871848347e-05, 'beta_0': 0.29266406001142525, 'beta_1': 1.1200541061786147, 'beta_2': 0.4394467330665107, 'beta_3': 0.0002025549005687891, 'beta_4': 2.570149009321267e-07, 'beta_5': 0.8495053195134928, 'beta_6': 3.615873680736497e-05, 'beta_7': 0.07150044348118936, 'beta_8': 0.00566815885404801, 'beta_9': 8.213623831717344e-05, 'beta_10': 8.330780436653136e-07}. Best is trial 305 with value: 4084.4379324804377.
[I 2026-03-31 09:37:28,469] Trial 499 finished with value: 5763.999067194922 and parameters: {'alpha_0': 0.0013800389166390352, 'alpha_1': 6.527906558265634e-05, 'alpha_2': 7.307144969624342e-05, 'beta_0': 0.29539820714440507, 'beta_1': 1.1333475913544653, 'beta_2': 0.4060887593511834, 'beta_3': 0.00025552533167230284, 'beta_4': 2.87222120544866e-07, 'beta_5': 0.845455418650067, 'beta_6': 3.5283534920877695e-05, 'beta_7': 0.07025322332107298, 'beta_8': 0.006763274160951682, 'beta_9': 9.254320617218669e-05, 'beta_10': 7.835999684580875e-07}. Best is trial 305 with value: 4084.4379324804377.

======================================================================
OPTIMIZATION COMPLETE
======================================================================

Best loss: 4084.437932
Best alpha: [0.0012476477554458753, 6.26620043954172e-05, 7.565239260521516e-05]
Best beta: [0.28607230278288415, 1.106639900397992, 0.38249274982569786, 0.0002066754968816178, 2.51874841765241e-07, 0.8149808674175666, 1.551020503894682e-05, 0.059268519878091286, 0.0050067306872606685, 4.445208354343463e-05, 9.496446597327716e-07]
Trials completed: 500/500
Status: Completed all requested trials
Optimization time: 40326.8s
Time per trial: 80.65s

======================================================================
POST-CONVERGENCE EVALUATION
======================================================================

Per-experiment metrics:
  /Users/dipanwitaguhathakurta/Downloads/inference-sim-package/inference-sim/training/trainval_data/62-mistral-nemo-12b-tp2-general-lite-2-1: TTFT APE=2537.604%, E2E APE=5222.820%
  /Users/dipanwitaguhathakurta/Downloads/inference-sim-package/inference-sim/training/trainval_data/20260217-155451-llama-2-7b-tp1-codegen: TTFT APE=2296.619%, E2E APE=4543.531%
  /Users/dipanwitaguhathakurta/Downloads/inference-sim-package/inference-sim/training/trainval_data/63-mistral-nemo-12b-tp1-codegen-1-1: TTFT APE=1952.638%, E2E APE=3689.703%
  /Users/dipanwitaguhathakurta/Downloads/inference-sim-package/inference-sim/training/trainval_data/64-qwen2-5-7b-instruct-tp1-roleplay-1-1: TTFT APE=1640.626%, E2E APE=3171.974%
  /Users/dipanwitaguhathakurta/Downloads/inference-sim-package/inference-sim/training/trainval_data/20260217-231439-llama-2-7b-tp1-general: TTFT APE=1590.127%, E2E APE=2880.532%
  /Users/dipanwitaguhathakurta/Downloads/inference-sim-package/inference-sim/training/trainval_data/20260217-162547-llama-2-7b-tp1-roleplay: TTFT APE=1659.907%, E2E APE=2715.777%
  /Users/dipanwitaguhathakurta/Downloads/inference-sim-package/inference-sim/training/trainval_data/65-01-ai-yi-34b-tp2-general-lite-2-1: TTFT APE=1139.805%, E2E APE=2080.111%
  /Users/dipanwitaguhathakurta/Downloads/inference-sim-package/inference-sim/training/trainval_data/61-llama-3-1-70b-tp4-codegen-4-1: TTFT APE=1160.068%, E2E APE=1932.486%
  /Users/dipanwitaguhathakurta/Downloads/inference-sim-package/inference-sim/training/trainval_data/60-llama-3-1-70b-tp4-general-lite-4-1: TTFT APE=1131.273%, E2E APE=1854.548%
  /Users/dipanwitaguhathakurta/Downloads/inference-sim-package/inference-sim/training/trainval_data/66-qwen2-5-7b-instruct-tp1-reasoning-lite-1-1: TTFT APE=1006.851%, E2E APE=1326.215%
  /Users/dipanwitaguhathakurta/Downloads/inference-sim-package/inference-sim/training/trainval_data/20-llama-4-scout-17b-16e-tp2-codegen-2: TTFT APE=814.383%, E2E APE=1444.404%
  /Users/dipanwitaguhathakurta/Downloads/inference-sim-package/inference-sim/training/trainval_data/17-llama-4-scout-17b-16e-tp2-general-lite-2-1: TTFT APE=764.632%, E2E APE=1446.966%
  /Users/dipanwitaguhathakurta/Downloads/inference-sim-package/inference-sim/training/trainval_data/21-llama-4-scout-17b-16e-tp2-roleplay-2: TTFT APE=631.214%, E2E APE=904.536%
  /Users/dipanwitaguhathakurta/Downloads/inference-sim-package/inference-sim/training/trainval_data/67-llama-2-7b-hf-tp1-reasoning-lite-1-1: TTFT APE=524.678%, E2E APE=791.946%
  /Users/dipanwitaguhathakurta/Downloads/inference-sim-package/inference-sim/training/trainval_data/48-llama-4-scout-17b-16e-tp2-reasoning-lite-2-1: TTFT APE=150.395%, E2E APE=271.597%

Results saved to: iterations/iter11/inner_loop_results.json

======================================================================
INNER LOOP COMPLETE
======================================================================
