[I 2026-03-31 00:00:05,740] Trial 210 finished with value: 5241.123313321437 and parameters: {'alpha_0': 0.0005033088998229691, 'alpha_1': 7.820315745312895e-05, 'alpha_2': 0.0001727013925493408, 'beta_0': 0.24189843178906822, 'beta_1': 1.0519102076476576, 'beta_2': 0.2469084049497435, 'beta_3': 0.000628445004754473, 'beta_4': 3.0481654855338227e-07, 'beta_5': 0.7605413000258056, 'beta_6': 1.0953057126163983e-05, 'beta_7': 0.05131761600537109, 'beta_8': 0.005841940552872124, 'beta_9': 5.480739219641346e-05, 'beta_10': 1.163033723728319e-06}. Best is trial 148 with value: 4225.3157846287695.Best trial: 148. Best value: 4225.32:  42%|████▏     | 210/500 [1:34:43<2:29:12, 30.87s/it]Best trial: 148. Best value: 4225.32:  42%|████▏     | 210/500 [1:34:43<2:29:12, 30.87s/it]Best trial: 148. Best value: 4225.32:  42%|████▏     | 211/500 [1:34:43<2:28:20, 30.80s/it]                                                                                           Best trial: 148. Best value: 4225.32:  42%|████▏     | 211/500 [1:35:15<2:28:20, 30.80s/it]Best trial: 148. Best value: 4225.32:  42%|████▏     | 211/500 [1:35:15<2:28:20, 30.80s/it]Best trial: 148. Best value: 4225.32:  42%|████▏     | 212/500 [1:35:15<2:28:37, 30.97s/it]                                                                                           Best trial: 148. Best value: 4225.32:  42%|████▏     | 212/500 [1:35:46<2:28:37, 30.97s/it]Best trial: 148. Best value: 4225.32:  42%|████▏     | 212/500 [1:35:46<2:28:37, 30.97s/it]Best trial: 148. Best value: 4225.32:  43%|████▎     | 213/500 [1:35:46<2:28:50, 31.12s/it]                                                                                           Best trial: 148. Best value: 4225.32:  43%|████▎     | 213/500 [1:36:17<2:28:50, 31.12s/it]Best trial: 148. Best value: 4225.32:  43%|████▎     | 213/500 [1:36:17<2:28:50, 31.12s/it]Best trial: 148. Best value: 4225.32:  43%|████▎     | 214/500 [1:36:17<2:28:07, 31.07s/it]                                                                                           Best trial: 148. Best value: 4225.32:  43%|████▎     | 214/500 [1:36:48<2:28:07, 31.07s/it]Best trial: 148. Best value: 4225.32:  43%|████▎     | 214/500 [1:36:48<2:28:07, 31.07s/it]Best trial: 148. Best value: 4225.32:  43%|████▎     | 215/500 [1:36:48<2:27:15, 31.00s/it]                                                                                           Best trial: 148. Best value: 4225.32:  43%|████▎     | 215/500 [1:37:18<2:27:15, 31.00s/it]Best trial: 148. Best value: 4225.32:  43%|████▎     | 215/500 [1:37:19<2:27:15, 31.00s/it]Best trial: 148. Best value: 4225.32:  43%|████▎     | 216/500 [1:37:19<2:25:51, 30.82s/it]                                                                                           Best trial: 148. Best value: 4225.32:  43%|████▎     | 216/500 [1:37:49<2:25:51, 30.82s/it]Best trial: 148. Best value: 4225.32:  43%|████▎     | 216/500 [1:37:49<2:25:51, 30.82s/it]Best trial: 148. Best value: 4225.32:  43%|████▎     | 217/500 [1:37:49<2:25:32, 30.86s/it]                                                                                           Best trial: 148. Best value: 4225.32:  43%|████▎     | 217/500 [1:38:20<2:25:32, 30.86s/it]Best trial: 148. Best value: 4225.32:  43%|████▎     | 217/500 [1:38:20<2:25:32, 30.86s/it]Best trial: 148. Best value: 4225.32:  44%|████▎     | 218/500 [1:38:20<2:25:12, 30.90s/it]                                                                                           Best trial: 148. Best value: 4225.32:  44%|████▎     | 218/500 [1:38:51<2:25:12, 30.90s/it]Best trial: 148. Best value: 4225.32:  44%|████▎     | 218/500 [1:38:51<2:25:12, 30.90s/it]Best trial: 148. Best value: 4225.32:  44%|████▍     | 219/500 [1:38:51<2:24:37, 30.88s/it]                                                                                           Best trial: 148. Best value: 4225.32:  44%|████▍     | 219/500 [1:39:22<2:24:37, 30.88s/it]Best trial: 148. Best value: 4225.32:  44%|████▍     | 219/500 [1:39:22<2:24:37, 30.88s/it]Best trial: 148. Best value: 4225.32:  44%|████▍     | 220/500 [1:39:22<2:23:56, 30.84s/it]                                                                                           Best trial: 148. Best value: 4225.32:  44%|████▍     | 220/500 [1:39:53<2:23:56, 30.84s/it]Best trial: 148. Best value: 4225.32:  44%|████▍     | 220/500 [1:39:53<2:23:56, 30.84s/it]Best trial: 148. Best value: 4225.32:  44%|████▍     | 221/500 [1:39:53<2:23:00, 30.76s/it]                                                                                           Best trial: 148. Best value: 4225.32:  44%|████▍     | 221/500 [1:40:23<2:23:00, 30.76s/it]Best trial: 148. Best value: 4225.32:  44%|████▍     | 221/500 [1:40:23<2:23:00, 30.76s/it]Best trial: 148. Best value: 4225.32:  44%|████▍     | 222/500 [1:40:23<2:21:52, 30.62s/it]                                                                                           Best trial: 148. Best value: 4225.32:  44%|████▍     | 222/500 [1:40:53<2:21:52, 30.62s/it]Best trial: 148. Best value: 4225.32:  44%|████▍     | 222/500 [1:40:53<2:21:52, 30.62s/it]Best trial: 148. Best value: 4225.32:  45%|████▍     | 223/500 [1:40:53<2:21:07, 30.57s/it]                                                                                           Best trial: 148. Best value: 4225.32:  45%|████▍     | 223/500 [1:41:24<2:21:07, 30.57s/it]Best trial: 148. Best value: 4225.32:  45%|████▍     | 223/500 [1:41:24<2:21:07, 30.57s/it]Best trial: 148. Best value: 4225.32:  45%|████▍     | 224/500 [1:41:24<2:21:00, 30.65s/it]                                                                                           
[I 2026-03-31 00:00:37,100] Trial 211 finished with value: 4486.538461532504 and parameters: {'alpha_0': 0.0005924986090884668, 'alpha_1': 8.618263917510428e-05, 'alpha_2': 0.00015663878772959177, 'beta_0': 0.23698643653469234, 'beta_1': 1.0295822944362227, 'beta_2': 0.21754780372764843, 'beta_3': 0.0006784975138797461, 'beta_4': 1.9274276746995823e-07, 'beta_5': 0.8023704534624367, 'beta_6': 1.3041511382171329e-05, 'beta_7': 0.04919234463125425, 'beta_8': 0.005045579888701572, 'beta_9': 2.0241038199440252e-05, 'beta_10': 7.475166884471627e-07}. Best is trial 148 with value: 4225.3157846287695.
[I 2026-03-31 00:01:08,573] Trial 212 finished with value: 4553.261569140781 and parameters: {'alpha_0': 0.0005958579981452357, 'alpha_1': 9.730129991456407e-05, 'alpha_2': 0.00015485641448203635, 'beta_0': 0.2396053164353072, 'beta_1': 1.0228755110492123, 'beta_2': 0.22663954425572752, 'beta_3': 0.0006768905877365569, 'beta_4': 2.558159698350873e-07, 'beta_5': 0.8058316224509446, 'beta_6': 1.3179353811065246e-05, 'beta_7': 0.051786207807633766, 'beta_8': 0.005021846898510248, 'beta_9': 1.3531848936709209e-05, 'beta_10': 1.1128596662423876e-06}. Best is trial 148 with value: 4225.3157846287695.
[I 2026-03-31 00:01:39,548] Trial 213 finished with value: 6307.769309801319 and parameters: {'alpha_0': 0.00060902153529156, 'alpha_1': 9.115586594463606e-05, 'alpha_2': 0.00015457247404990394, 'beta_0': 0.23928573088535113, 'beta_1': 1.0303241271263666, 'beta_2': 0.21279864306122326, 'beta_3': 0.0021359916593424733, 'beta_4': 2.626585186740213e-07, 'beta_5': 0.8086861470138355, 'beta_6': 1.3815573542980406e-05, 'beta_7': 0.052255696022519456, 'beta_8': 0.005470071561178066, 'beta_9': 1.5401839868782746e-05, 'beta_10': 7.58860061886408e-07}. Best is trial 148 with value: 4225.3157846287695.
[I 2026-03-31 00:02:10,377] Trial 214 finished with value: 5009.697001974831 and parameters: {'alpha_0': 0.0005002474475304148, 'alpha_1': 8.429423720512566e-05, 'alpha_2': 0.00014672433626108716, 'beta_0': 0.23055619351032092, 'beta_1': 1.0671832506606322, 'beta_2': 0.2615183418199802, 'beta_3': 0.0005797984180581605, 'beta_4': 2.0608890918948394e-07, 'beta_5': 0.7978296922241263, 'beta_6': 1.3112765367734697e-05, 'beta_7': 0.05012304700277234, 'beta_8': 0.005695497237127301, 'beta_9': 1.133132832130383e-05, 'beta_10': 8.504088318124142e-07}. Best is trial 148 with value: 4225.3157846287695.
[I 2026-03-31 00:02:40,760] Trial 215 finished with value: 4889.701441769434 and parameters: {'alpha_0': 0.0006904921530269449, 'alpha_1': 9.845088049072401e-05, 'alpha_2': 0.0001511718295887955, 'beta_0': 0.24284423728508853, 'beta_1': 1.0119054363485103, 'beta_2': 0.23053567543175424, 'beta_3': 0.0006787927823395817, 'beta_4': 2.661845881233324e-07, 'beta_5': 0.7890875764619112, 'beta_6': 1.1907060472297947e-05, 'beta_7': 0.053976222233130366, 'beta_8': 0.0053767166208991725, 'beta_9': 1.8729368697247544e-05, 'beta_10': 1.1135942934760477e-06}. Best is trial 148 with value: 4225.3157846287695.
[I 2026-03-31 00:03:11,715] Trial 216 finished with value: 5149.629295134597 and parameters: {'alpha_0': 0.0005915544612171409, 'alpha_1': 0.000105450698508127, 'alpha_2': 0.0001588083807770523, 'beta_0': 0.24922304083151878, 'beta_1': 1.0465295768160574, 'beta_2': 0.25218434517997856, 'beta_3': 0.0004991767161842978, 'beta_4': 8.987327094629028e-08, 'beta_5': 0.8117490143470951, 'beta_6': 1.4286425490186521e-05, 'beta_7': 0.056212084301954617, 'beta_8': 0.005879614557207845, 'beta_9': 2.2165765497564177e-05, 'beta_10': 1.1549463876867908e-06}. Best is trial 148 with value: 4225.3157846287695.
[I 2026-03-31 00:03:42,698] Trial 217 finished with value: 4829.694388547753 and parameters: {'alpha_0': 0.0006336390573823038, 'alpha_1': 9.063584306569315e-05, 'alpha_2': 0.00014016531710645723, 'beta_0': 0.2379598203949481, 'beta_1': 1.0277265406873715, 'beta_2': 0.3071871425700061, 'beta_3': 0.0006618304296136342, 'beta_4': 3.320363626443581e-07, 'beta_5': 0.7714166042923003, 'beta_6': 1.3221434628669054e-05, 'beta_7': 0.052523165157710994, 'beta_8': 0.005361448938572945, 'beta_9': 4.9346583005944965e-05, 'beta_10': 6.13520279198504e-07}. Best is trial 148 with value: 4225.3157846287695.
[I 2026-03-31 00:04:13,540] Trial 218 finished with value: 5387.718596803854 and parameters: {'alpha_0': 0.0007220962347586105, 'alpha_1': 8.545464179522341e-05, 'alpha_2': 0.00016550992381860784, 'beta_0': 0.21309160627183357, 'beta_1': 1.018535347821901, 'beta_2': 0.275463213515717, 'beta_3': 0.0006165986857787097, 'beta_4': 2.1760259947867036e-07, 'beta_5': 0.754024266147572, 'beta_6': 1.1659858718564653e-05, 'beta_7': 0.0516496795037477, 'beta_8': 0.006041014830764054, 'beta_9': 3.561324002677569e-05, 'beta_10': 1.0663527492187262e-06}. Best is trial 148 with value: 4225.3157846287695.
[I 2026-03-31 00:04:44,301] Trial 219 finished with value: 4722.03711019855 and parameters: {'alpha_0': 0.0005682158285924177, 'alpha_1': 0.00025332012585936554, 'alpha_2': 0.0001565164621540862, 'beta_0': 0.2233869223163515, 'beta_1': 1.0008438181978678, 'beta_2': 0.20868447185724495, 'beta_3': 0.0005536272109673021, 'beta_4': 1.63009572845591e-07, 'beta_5': 0.7452818518470251, 'beta_6': 1.3668577479476204e-05, 'beta_7': 0.054993443638780566, 'beta_8': 0.005061827456861155, 'beta_9': 6.718317902209195e-05, 'beta_10': 9.615419057591921e-07}. Best is trial 148 with value: 4225.3157846287695.
[I 2026-03-31 00:05:14,850] Trial 220 finished with value: 4445.434928870263 and parameters: {'alpha_0': 0.0011647538859057408, 'alpha_1': 8.044254878331935e-05, 'alpha_2': 0.00016483399499914042, 'beta_0': 0.22862738529815135, 'beta_1': 1.053650060233102, 'beta_2': 0.22932513515447728, 'beta_3': 0.0006863992305583773, 'beta_4': 1.1828817544057621e-07, 'beta_5': 0.7890346977970117, 'beta_6': 1.2920380615729614e-05, 'beta_7': 0.049580302914766936, 'beta_8': 0.005007931480963614, 'beta_9': 3.9298107830498574e-05, 'beta_10': 1.115462911947838e-06}. Best is trial 148 with value: 4225.3157846287695.
[I 2026-03-31 00:05:45,154] Trial 221 finished with value: 4476.598656320025 and parameters: {'alpha_0': 0.0011729143857484004, 'alpha_1': 7.989389371028173e-05, 'alpha_2': 0.00016383790498846943, 'beta_0': 0.22997036971306586, 'beta_1': 1.0567204366482632, 'beta_2': 0.2337026465559591, 'beta_3': 0.0006933136077021795, 'beta_4': 8.459889663070316e-08, 'beta_5': 0.7897565383563463, 'beta_6': 1.292862904952961e-05, 'beta_7': 0.04937167015850444, 'beta_8': 0.005022044216111632, 'beta_9': 4.141674650530245e-05, 'beta_10': 1.1193593446533855e-06}. Best is trial 148 with value: 4225.3157846287695.
[I 2026-03-31 00:06:15,607] Trial 222 finished with value: 4846.56977678819 and parameters: {'alpha_0': 0.0012086559423157455, 'alpha_1': 7.964684392572501e-05, 'alpha_2': 0.00016268389205055246, 'beta_0': 0.2297598485794877, 'beta_1': 1.0593666921754097, 'beta_2': 0.23107856329780319, 'beta_3': 0.0007236046249596144, 'beta_4': 1.1018984502052917e-07, 'beta_5': 0.8060655236747882, 'beta_6': 1.286768484990125e-05, 'beta_7': 0.049053761380704206, 'beta_8': 0.0053666558637754935, 'beta_9': 4.0370074212183275e-05, 'beta_10': 1.12342272985825e-06}. Best is trial 148 with value: 4225.3157846287695.
[I 2026-03-31 00:06:46,455] Trial 223 finished with value: 4498.155304967794 and parameters: {'alpha_0': 0.0011189936450583802, 'alpha_1': 7.776379230677057e-05, 'alpha_2': 0.00016085560844810687, 'beta_0': 0.2358735438256139, 'beta_1': 1.049254569209778, 'beta_2': 0.2590187272204278, 'beta_3': 0.0006824796143315975, 'beta_4': 1.4429172377319373e-07, 'beta_5': 0.790909743860629, 'beta_6': 1.3171775244031117e-05, 'beta_7': 0.04995779583846496, 'beta_8': 0.005045393841114367, 'beta_9': 4.587122148091503e-05, 'beta_10': 1.0930948380122162e-06}. Best is trial 148 with value: 4225.3157846287695.
[I 2026-03-31 00:07:17,245] Trial 224 finished with value: 5120.234617464574 and parameters: {'alpha_0': 0.001134716086180262, 'alpha_1': 8.184691335347799e-05, 'alpha_2': 0.00016628829171835564, 'beta_0': 0.22794267008922758, 'beta_1': 1.075572767221598, 'beta_2': 0.2563425881105373, 'beta_3': 0.00070313413684472, 'beta_4': 2.4157216492675725e-07, 'beta_5': 0.7993207248535124, 'beta_6': 1.4458406389620763e-05, 'beta_7': 0.04973714385359146, 'beta_8': 0.005647974515804029, 'beta_9': 3.7593429666826604e-05, 'beta_10': 1.1033345962080269e-06}. Best is trial 148 with value: 4225.3157846287695.Best trial: 148. Best value: 4225.32:  45%|████▍     | 224/500 [1:41:55<2:21:00, 30.65s/it]Best trial: 148. Best value: 4225.32:  45%|████▍     | 224/500 [1:41:55<2:21:00, 30.65s/it]Best trial: 148. Best value: 4225.32:  45%|████▌     | 225/500 [1:41:55<2:20:41, 30.69s/it]                                                                                           Best trial: 148. Best value: 4225.32:  45%|████▌     | 225/500 [1:42:25<2:20:41, 30.69s/it]Best trial: 148. Best value: 4225.32:  45%|████▌     | 225/500 [1:42:26<2:20:41, 30.69s/it]Best trial: 148. Best value: 4225.32:  45%|████▌     | 226/500 [1:42:26<2:19:55, 30.64s/it]                                                                                           Best trial: 148. Best value: 4225.32:  45%|████▌     | 226/500 [1:42:56<2:19:55, 30.64s/it]Best trial: 148. Best value: 4225.32:  45%|████▌     | 226/500 [1:42:56<2:19:55, 30.64s/it]Best trial: 148. Best value: 4225.32:  45%|████▌     | 227/500 [1:42:56<2:19:32, 30.67s/it]                                                                                           Best trial: 148. Best value: 4225.32:  45%|████▌     | 227/500 [1:43:27<2:19:32, 30.67s/it]Best trial: 148. Best value: 4225.32:  45%|████▌     | 227/500 [1:43:27<2:19:32, 30.67s/it]Best trial: 148. Best value: 4225.32:  46%|████▌     | 228/500 [1:43:27<2:18:33, 30.56s/it]                                                                                           Best trial: 148. Best value: 4225.32:  46%|████▌     | 228/500 [1:43:39<2:18:33, 30.56s/it]Best trial: 148. Best value: 4225.32:  46%|████▌     | 228/500 [1:43:39<2:18:33, 30.56s/it]Best trial: 148. Best value: 4225.32:  46%|████▌     | 229/500 [1:43:39<1:53:45, 25.19s/it]                                                                                           Best trial: 148. Best value: 4225.32:  46%|████▌     | 229/500 [1:44:10<1:53:45, 25.19s/it]Best trial: 148. Best value: 4225.32:  46%|████▌     | 229/500 [1:44:10<1:53:45, 25.19s/it]Best trial: 148. Best value: 4225.32:  46%|████▌     | 230/500 [1:44:10<2:00:27, 26.77s/it]                                                                                           Best trial: 148. Best value: 4225.32:  46%|████▌     | 230/500 [1:44:40<2:00:27, 26.77s/it]Best trial: 148. Best value: 4225.32:  46%|████▌     | 230/500 [1:44:40<2:00:27, 26.77s/it]Best trial: 148. Best value: 4225.32:  46%|████▌     | 231/500 [1:44:40<2:04:57, 27.87s/it]                                                                                           Best trial: 148. Best value: 4225.32:  46%|████▌     | 231/500 [1:45:11<2:04:57, 27.87s/it]Best trial: 148. Best value: 4225.32:  46%|████▌     | 231/500 [1:45:11<2:04:57, 27.87s/it]Best trial: 148. Best value: 4225.32:  46%|████▋     | 232/500 [1:45:11<2:08:41, 28.81s/it]                                                                                           Best trial: 148. Best value: 4225.32:  46%|████▋     | 232/500 [1:45:42<2:08:41, 28.81s/it]Best trial: 148. Best value: 4225.32:  46%|████▋     | 232/500 [1:45:42<2:08:41, 28.81s/it]Best trial: 148. Best value: 4225.32:  47%|████▋     | 233/500 [1:45:42<2:10:46, 29.39s/it]                                                                                           Best trial: 148. Best value: 4225.32:  47%|████▋     | 233/500 [1:46:13<2:10:46, 29.39s/it]Best trial: 148. Best value: 4225.32:  47%|████▋     | 233/500 [1:46:13<2:10:46, 29.39s/it]Best trial: 148. Best value: 4225.32:  47%|████▋     | 234/500 [1:46:13<2:12:19, 29.85s/it]                                                                                           Best trial: 148. Best value: 4225.32:  47%|████▋     | 234/500 [1:46:44<2:12:19, 29.85s/it]Best trial: 148. Best value: 4225.32:  47%|████▋     | 234/500 [1:46:44<2:12:19, 29.85s/it]Best trial: 148. Best value: 4225.32:  47%|████▋     | 235/500 [1:46:44<2:13:35, 30.25s/it]                                                                                           Best trial: 148. Best value: 4225.32:  47%|████▋     | 235/500 [1:47:14<2:13:35, 30.25s/it]Best trial: 148. Best value: 4225.32:  47%|████▋     | 235/500 [1:47:14<2:13:35, 30.25s/it]Best trial: 148. Best value: 4225.32:  47%|████▋     | 236/500 [1:47:14<2:13:27, 30.33s/it]                                                                                           Best trial: 148. Best value: 4225.32:  47%|████▋     | 236/500 [1:47:45<2:13:27, 30.33s/it]Best trial: 148. Best value: 4225.32:  47%|████▋     | 236/500 [1:47:45<2:13:27, 30.33s/it]Best trial: 148. Best value: 4225.32:  47%|████▋     | 237/500 [1:47:45<2:13:15, 30.40s/it]                                                                                           Best trial: 148. Best value: 4225.32:  47%|████▋     | 237/500 [1:48:16<2:13:15, 30.40s/it]Best trial: 148. Best value: 4225.32:  47%|████▋     | 237/500 [1:48:16<2:13:15, 30.40s/it]Best trial: 148. Best value: 4225.32:  48%|████▊     | 238/500 [1:48:16<2:13:42, 30.62s/it]                                                                                           
[I 2026-03-31 00:07:47,756] Trial 225 finished with value: 4437.504822156776 and parameters: {'alpha_0': 0.0012591636490298262, 'alpha_1': 7.798091839155689e-05, 'alpha_2': 0.00015479751472050445, 'beta_0': 0.23160344835501712, 'beta_1': 1.037794105161981, 'beta_2': 0.23048788308564544, 'beta_3': 0.0006379885877428727, 'beta_4': 1.4414782621288784e-07, 'beta_5': 0.7923292962075884, 'beta_6': 1.3745439556407944e-05, 'beta_7': 0.052873534972977386, 'beta_8': 0.005014394956473129, 'beta_9': 4.647058398038874e-05, 'beta_10': 1.0619475786134155e-06}. Best is trial 148 with value: 4225.3157846287695.
[I 2026-03-31 00:08:18,494] Trial 226 finished with value: 4819.389390139655 and parameters: {'alpha_0': 0.0012411518965127198, 'alpha_1': 7.802359244612738e-05, 'alpha_2': 0.0001622737038252254, 'beta_0': 0.2368239105468561, 'beta_1': 1.0628917966755156, 'beta_2': 0.23624958319195044, 'beta_3': 0.0006289227856529357, 'beta_4': 1.4925633038154295e-07, 'beta_5': 0.7891503756142556, 'beta_6': 1.3792211322809745e-05, 'beta_7': 0.052691904770409775, 'beta_8': 0.005409809944862245, 'beta_9': 4.67856362861316e-05, 'beta_10': 1.064304662388421e-06}. Best is trial 148 with value: 4225.3157846287695.
[I 2026-03-31 00:08:48,816] Trial 227 finished with value: 4494.410474773192 and parameters: {'alpha_0': 0.0010607289246651272, 'alpha_1': 7.306629761918904e-05, 'alpha_2': 0.0001678188336566944, 'beta_0': 0.22619408018433682, 'beta_1': 1.088491739047569, 'beta_2': 0.2734138319165883, 'beta_3': 0.0006674040644260887, 'beta_4': 1.899363889668829e-07, 'beta_5': 0.7820335826117712, 'beta_6': 1.3488828064411831e-05, 'beta_7': 0.054664409390624114, 'beta_8': 0.005035616924979857, 'beta_9': 4.4404998017267e-05, 'beta_10': 1.0963240242324907e-06}. Best is trial 148 with value: 4225.3157846287695.
[I 2026-03-31 00:09:01,452] Trial 228 finished with value: 11722.101093440851 and parameters: {'alpha_0': 0.001065272923475673, 'alpha_1': 7.421907760896896e-05, 'alpha_2': 0.00015158368445224093, 'beta_0': 0.22645840302732234, 'beta_1': 1.0899133047965233, 'beta_2': 0.2760127633712244, 'beta_3': 0.0006601750680140844, 'beta_4': 1.2661428840852948e-07, 'beta_5': 0.7779174361028092, 'beta_6': 1.4720088671083217e-05, 'beta_7': 0.05406714678949147, 'beta_8': 0.01310759090761265, 'beta_9': 3.853389109878824e-05, 'beta_10': 1.0918955134527827e-06}. Best is trial 148 with value: 4225.3157846287695.
